core   0: 0x00001000 (0x00000297) auipc   t0, 0x0
core   0: 3 0x00001000 (0x00000297) x 5 0x00001000
core   0: 0x00001004 (0x02028593) addi    a1, t0, 32
core   0: 3 0x00001004 (0x02028593) x11 0x00001020
core   0: 0x00001008 (0xf1402573) csrr    a0, mhartid
core   0: 3 0x00001008 (0xf1402573) x10 0x00000000
core   0: 0x0000100c (0x0182a283) lw      t0, 24(t0)
core   0: 3 0x0000100c (0x0182a283) x 5 0x80000000 mem 0x00001018
core   0: 0x00001010 (0x00028067) jr      t0
core   0: 3 0x00001010 (0x00028067)
core   0: 0x80000000 (0xf14022f3) csrr    t0, mhartid
core   0: 3 0x80000000 (0xf14022f3) x 5 0x00000000
core   0: 0x80000004 (0x00004301) c.li    t1, 0
core   0: 3 0x80000004 (0x4301) x 6 0x00000000
core   0: 0x80000006 (0x00628263) beq     t0, t1, pc + 4
core   0: 3 0x80000006 (0x00628263)
core   0: 0x8000000a (0x00000c17) auipc   s8, 0x0
core   0: 3 0x8000000a (0x00000c17) x24 0x8000000a
core   0: 0x8000000e (0x00cc0c13) addi    s8, s8, 12
core   0: 3 0x8000000e (0x00cc0c13) x24 0x80000016
core   0: 0x80000012 (0x000c0067) jr      s8
core   0: 3 0x80000012 (0x000c0067)
core   0: 0x80000016 (0x40001337) lui     t1, 0x40001
core   0: 3 0x80000016 (0x40001337) x 6 0x40001000
core   0: 0x8000001a (0x10430313) addi    t1, t1, 260
core   0: 3 0x8000001a (0x10430313) x 6 0x40001104
core   0: 0x8000001e (0x30131073) csrw    misa, t1
core   0: 3 0x8000001e (0x30131073) c769_misa 0x40141104
core   0: 0x80000022 (0x00026a17) auipc   s4, 0x26
core   0: 3 0x80000022 (0x00026a17) x20 0x80026022
core   0: 0x80000026 (0xcc2a0a13) addi    s4, s4, -830
core   0: 3 0x80000026 (0xcc2a0a13) x20 0x80025ce4
core   0: 0x8000002a (0x0000b317) auipc   t1, 0xb
core   0: 3 0x8000002a (0x0000b317) x 6 0x8000b02a
core   0: 0x8000002e (0x6f630313) addi    t1, t1, 1782
core   0: 3 0x8000002e (0x6f630313) x 6 0x8000b720
core   0: 0x80000032 (0x00036313) ori     t1, t1, 0
core   0: 3 0x80000032 (0x00036313) x 6 0x8000b720
core   0: 0x80000036 (0x30531073) csrw    mtvec, t1
core   0: 3 0x80000036 (0x30531073) c773_mtvec 0x8000b720
core   0: 0x8000003a (0x00000317) auipc   t1, 0x0
core   0: 3 0x8000003a (0x00000317) x 6 0x8000003a
core   0: 0x8000003e (0x02430313) addi    t1, t1, 36
core   0: 3 0x8000003e (0x02430313) x 6 0x8000005e
core   0: 0x80000042 (0x34131073) csrw    mepc, t1
core   0: 3 0x80000042 (0x34131073) c833_mepc 0x8000005e
core   0: 0x80000046 (0x00000001) c.nop
core   0: 3 0x80000046 (0x0001)
core   0: 0x80000048 (0x00002337) lui     t1, 0x2
core   0: 3 0x80000048 (0x00002337) x 6 0x00002000
core   0: 0x8000004c (0x80030313) addi    t1, t1, -2048
core   0: 3 0x8000004c (0x80030313) x 6 0x00001800
core   0: 0x80000050 (0x30031073) csrw    mstatus, t1
core   0: 3 0x80000050 (0x30031073) c768_mstatus 0x00001800
core   0: 0x80000054 (0x00004301) c.li    t1, 0
core   0: 3 0x80000054 (0x4301) x 6 0x00000000
core   0: 0x80000056 (0x30431073) csrw    mie, t1
core   0: 3 0x80000056 (0x30431073) c772_mie 0x00000000
core   0: 0x8000005a (0x30200073) mret
core   0: 3 0x8000005a (0x30200073) c768_mstatus 0x00000080
core   0: >>>>  init
core   0: 0x8000005e (0x00000013) nop
core   0: 3 0x8000005e (0x00000013)
core   0: 0x80000062 (0x000040ad) c.li    ra, 11
core   0: 3 0x80000062 (0x40ad) x 1 0x0000000b
core   0: 0x80000064 (0x00004101) c.li    sp, 0
core   0: 3 0x80000064 (0x4101) x 2 0x00000000
core   0: 0x80000066 (0x00004181) c.li    gp, 0
core   0: 3 0x80000066 (0x4181) x 3 0x00000000
core   0: 0x80000068 (0x58a35237) lui     tp, 0x58a35
core   0: 3 0x80000068 (0x58a35237) x 4 0x58a35000
core   0: 0x8000006c (0x3c120213) addi    tp, tp, 961
core   0: 3 0x8000006c (0x3c120213) x 4 0x58a353c1
core   0: 0x80000070 (0x0000428d) c.li    t0, 3
core   0: 3 0x80000070 (0x428d) x 5 0x00000003
core   0: 0x80000072 (0xf504f337) lui     t1, 0xf504f
core   0: 3 0x80000072 (0xf504f337) x 6 0xf504f000
core   0: 0x80000076 (0x70a30313) addi    t1, t1, 1802
core   0: 3 0x80000076 (0x70a30313) x 6 0xf504f70a
core   0: 0x8000007a (0x00004385) c.li    t2, 1
core   0: 3 0x8000007a (0x4385) x 7 0x00000001
core   0: 0x8000007c (0x00004439) c.li    s0, 14
core   0: 3 0x8000007c (0x4439) x 8 0x0000000e
core   0: 0x8000007e (0x800004b7) lui     s1, 0x80000
core   0: 3 0x8000007e (0x800004b7) x 9 0x80000000
core   0: 0x80000082 (0x0abb5537) lui     a0, 0xabb5
core   0: 3 0x80000082 (0x0abb5537) x10 0x0abb5000
core   0: 0x80000086 (0x12550513) addi    a0, a0, 293
core   0: 3 0x80000086 (0x12550513) x10 0x0abb5125
core   0: 0x8000008a (0x05bc65b7) lui     a1, 0x5bc6
core   0: 3 0x8000008a (0x05bc65b7) x11 0x05bc6000
core   0: 0x8000008e (0x71b58593) addi    a1, a1, 1819
core   0: 3 0x8000008e (0x71b58593) x11 0x05bc671b
core   0: 0x80000092 (0x0affb637) lui     a2, 0xaffb
core   0: 3 0x80000092 (0x0affb637) x12 0x0affb000
core   0: 0x80000096 (0x31560613) addi    a2, a2, 789
core   0: 3 0x80000096 (0x31560613) x12 0x0affb315
core   0: 0x8000009a (0xf7ff36b7) lui     a3, 0xf7ff3
core   0: 3 0x8000009a (0xf7ff36b7) x13 0xf7ff3000
core   0: 0x8000009e (0xf4f68693) addi    a3, a3, -177
core   0: 3 0x8000009e (0xf4f68693) x13 0xf7ff2f4f
core   0: 0x800000a2 (0x00004701) c.li    a4, 0
core   0: 3 0x800000a2 (0x4701) x14 0x00000000
core   0: 0x800000a4 (0xfc214837) lui     a6, 0xfc214
core   0: 3 0x800000a4 (0xfc214837) x16 0xfc214000
core   0: 0x800000a8 (0x2f880813) addi    a6, a6, 760
core   0: 3 0x800000a8 (0x2f880813) x16 0xfc2142f8
core   0: 0x800000ac (0x00004891) c.li    a7, 4
core   0: 3 0x800000ac (0x4891) x17 0x00000004
core   0: 0x800000ae (0x00004901) c.li    s2, 0
core   0: 3 0x800000ae (0x4901) x18 0x00000000
core   0: 0x800000b0 (0xbbb1c9b7) lui     s3, 0xbbb1c
core   0: 3 0x800000b0 (0xbbb1c9b7) x19 0xbbb1c000
core   0: 0x800000b4 (0x28798993) addi    s3, s3, 647
core   0: 3 0x800000b4 (0x28798993) x19 0xbbb1c287
core   0: 0x800000b8 (0x00004a99) c.li    s5, 6
core   0: 3 0x800000b8 (0x4a99) x21 0x00000006
core   0: 0x800000ba (0x80000b37) lui     s6, 0x80000
core   0: 3 0x800000ba (0x80000b37) x22 0x80000000
core   0: 0x800000be (0x00004b81) c.li    s7, 0
core   0: 3 0x800000be (0x4b81) x23 0x00000000
core   0: 0x800000c0 (0xfdf3cc37) lui     s8, 0xfdf3c
core   0: 3 0x800000c0 (0xfdf3cc37) x24 0xfdf3c000
core   0: 0x800000c4 (0x45bc0c13) addi    s8, s8, 1115
core   0: 3 0x800000c4 (0x45bc0c13) x24 0xfdf3c45b
core   0: 0x800000c8 (0xbbdabcb7) lui     s9, 0xbbdab
core   0: 3 0x800000c8 (0xbbdabcb7) x25 0xbbdab000
core   0: 0x800000cc (0xe87c8c93) addi    s9, s9, -377
core   0: 3 0x800000cc (0xe87c8c93) x25 0xbbdaae87
core   0: 0x800000d0 (0x00004d01) c.li    s10, 0
core   0: 3 0x800000d0 (0x4d01) x26 0x00000000
core   0: 0x800000d2 (0x00004d81) c.li    s11, 0
core   0: 3 0x800000d2 (0x4d81) x27 0x00000000
core   0: 0x800000d4 (0x00004e01) c.li    t3, 0
core   0: 3 0x800000d4 (0x4e01) x28 0x00000000
core   0: 0x800000d6 (0x2e6a7eb7) lui     t4, 0x2e6a7
core   0: 3 0x800000d6 (0x2e6a7eb7) x29 0x2e6a7000
core   0: 0x800000da (0x96ce8e93) addi    t4, t4, -1684
core   0: 3 0x800000da (0x96ce8e93) x29 0x2e6a696c
core   0: 0x800000de (0x00004f01) c.li    t5, 0
core   0: 3 0x800000de (0x4f01) x30 0x00000000
core   0: 0x800000e0 (0x00004f8d) c.li    t6, 3
core   0: 3 0x800000e0 (0x4f8d) x31 0x00000003
core   0: 0x800000e2 (0x00022797) auipc   a5, 0x22
core   0: 3 0x800000e2 (0x00022797) x15 0x800220e2
core   0: 0x800000e6 (0xd8278793) addi    a5, a5, -638
core   0: 3 0x800000e6 (0xd8278793) x15 0x80021e64
core   0: 0x800000ea (0x00a00d13) li      s10, 10
core   0: 3 0x800000ea (0x00a00d13) x26 0x0000000a
core   0: 0x800000ee (0x00200493) li      s1, 2
core   0: 3 0x800000ee (0x00200493) x 9 0x00000002
core   0: 0x800000f2 (0x00c01813) slli    a6, zero, 12
core   0: 3 0x800000f2 (0x00c01813) x16 0x00000000
core   0: 0x800000f6 (0x031a50b3) divu    ra, s4, a7
core   0: 3 0x800000f6 (0x031a50b3) x 1 0x20009739
core   0: 0x800000fa (0x000066f9) c.lui   a3, 0x1e
core   0: 3 0x800000fa (0x66f9) x13 0x0001e000
core   0: 0x800000fc (0x00001d7d) c.addi  s10, -1
core   0: 3 0x800000fc (0x1d7d) x26 0x00000009
core   0: 0x800000fe (0x00700e13) li      t3, 7
core   0: 3 0x800000fe (0x00700e13) x28 0x00000007
core   0: 0x80000102 (0xff300213) li      tp, -13
core   0: 3 0x80000102 (0xff300213) x 4 0xfffffff3
core   0: 0x80000106 (0x0115b633) sltu    a2, a1, a7
core   0: 3 0x80000106 (0x0115b633) x12 0x00000000
core   0: 0x8000010a (0x00001e71) c.addi  t3, -4
core   0: 3 0x8000010a (0x1e71) x28 0x00000003
core   0: 0x8000010c (0x5f94a817) auipc   a6, 0x5f94a
core   0: 3 0x8000010c (0x5f94a817) x16 0xdf94a10c
core   0: 0x80000110 (0xfe4e0be3) beq     t3, tp, pc - 10
core   0: 3 0x80000110 (0xfe4e0be3)
core   0: 0x80000114 (0x000085bd) c.srai  a1, 15
core   0: 3 0x80000114 (0x85bd) x11 0x00000b78
core   0: 0x80000116 (0x67aee997) auipc   s3, 0x67aee
core   0: 3 0x80000116 (0x67aee997) x19 0xe7aee116
core   0: 0x8000011a (0xfc9d7ee3) bgeu    s10, s1, pc - 36
core   0: 3 0x8000011a (0xfc9d7ee3)
core   0: 0x800000f6 (0x031a50b3) divu    ra, s4, a7
core   0: 3 0x800000f6 (0x031a50b3) x 1 0x20009739
core   0: 0x800000fa (0x000066f9) c.lui   a3, 0x1e
core   0: 3 0x800000fa (0x66f9) x13 0x0001e000
core   0: 0x800000fc (0x00001d7d) c.addi  s10, -1
core   0: 3 0x800000fc (0x1d7d) x26 0x00000008
core   0: 0x800000fe (0x00700e13) li      t3, 7
core   0: 3 0x800000fe (0x00700e13) x28 0x00000007
core   0: 0x80000102 (0xff300213) li      tp, -13
core   0: 3 0x80000102 (0xff300213) x 4 0xfffffff3
core   0: 0x80000106 (0x0115b633) sltu    a2, a1, a7
core   0: 3 0x80000106 (0x0115b633) x12 0x00000000
core   0: 0x8000010a (0x00001e71) c.addi  t3, -4
core   0: 3 0x8000010a (0x1e71) x28 0x00000003
core   0: 0x8000010c (0x5f94a817) auipc   a6, 0x5f94a
core   0: 3 0x8000010c (0x5f94a817) x16 0xdf94a10c
core   0: 0x80000110 (0xfe4e0be3) beq     t3, tp, pc - 10
core   0: 3 0x80000110 (0xfe4e0be3)
core   0: 0x80000114 (0x000085bd) c.srai  a1, 15
core   0: 3 0x80000114 (0x85bd) x11 0x00000000
core   0: 0x80000116 (0x67aee997) auipc   s3, 0x67aee
core   0: 3 0x80000116 (0x67aee997) x19 0xe7aee116
core   0: 0x8000011a (0xfc9d7ee3) bgeu    s10, s1, pc - 36
core   0: 3 0x8000011a (0xfc9d7ee3)
core   0: 0x800000f6 (0x031a50b3) divu    ra, s4, a7
core   0: 3 0x800000f6 (0x031a50b3) x 1 0x20009739
core   0: 0x800000fa (0x000066f9) c.lui   a3, 0x1e
core   0: 3 0x800000fa (0x66f9) x13 0x0001e000
core   0: 0x800000fc (0x00001d7d) c.addi  s10, -1
core   0: 3 0x800000fc (0x1d7d) x26 0x00000007
core   0: 0x800000fe (0x00700e13) li      t3, 7
core   0: 3 0x800000fe (0x00700e13) x28 0x00000007
core   0: 0x80000102 (0xff300213) li      tp, -13
core   0: 3 0x80000102 (0xff300213) x 4 0xfffffff3
core   0: 0x80000106 (0x0115b633) sltu    a2, a1, a7
core   0: 3 0x80000106 (0x0115b633) x12 0x00000001
core   0: 0x8000010a (0x00001e71) c.addi  t3, -4
core   0: 3 0x8000010a (0x1e71) x28 0x00000003
core   0: 0x8000010c (0x5f94a817) auipc   a6, 0x5f94a
core   0: 3 0x8000010c (0x5f94a817) x16 0xdf94a10c
core   0: 0x80000110 (0xfe4e0be3) beq     t3, tp, pc - 10
core   0: 3 0x80000110 (0xfe4e0be3)
core   0: 0x80000114 (0x000085bd) c.srai  a1, 15
core   0: 3 0x80000114 (0x85bd) x11 0x00000000
core   0: 0x80000116 (0x67aee997) auipc   s3, 0x67aee
core   0: 3 0x80000116 (0x67aee997) x19 0xe7aee116
core   0: 0x8000011a (0xfc9d7ee3) bgeu    s10, s1, pc - 36
core   0: 3 0x8000011a (0xfc9d7ee3)
core   0: 0x800000f6 (0x031a50b3) divu    ra, s4, a7
core   0: 3 0x800000f6 (0x031a50b3) x 1 0x20009739
core   0: 0x800000fa (0x000066f9) c.lui   a3, 0x1e
core   0: 3 0x800000fa (0x66f9) x13 0x0001e000
core   0: 0x800000fc (0x00001d7d) c.addi  s10, -1
core   0: 3 0x800000fc (0x1d7d) x26 0x00000006
core   0: 0x800000fe (0x00700e13) li      t3, 7
core   0: 3 0x800000fe (0x00700e13) x28 0x00000007
core   0: 0x80000102 (0xff300213) li      tp, -13
core   0: 3 0x80000102 (0xff300213) x 4 0xfffffff3
core   0: 0x80000106 (0x0115b633) sltu    a2, a1, a7
core   0: 3 0x80000106 (0x0115b633) x12 0x00000001
core   0: 0x8000010a (0x00001e71) c.addi  t3, -4
core   0: 3 0x8000010a (0x1e71) x28 0x00000003
core   0: 0x8000010c (0x5f94a817) auipc   a6, 0x5f94a
core   0: 3 0x8000010c (0x5f94a817) x16 0xdf94a10c
core   0: 0x80000110 (0xfe4e0be3) beq     t3, tp, pc - 10
core   0: 3 0x80000110 (0xfe4e0be3)
core   0: 0x80000114 (0x000085bd) c.srai  a1, 15
core   0: 3 0x80000114 (0x85bd) x11 0x00000000
core   0: 0x80000116 (0x67aee997) auipc   s3, 0x67aee
core   0: 3 0x80000116 (0x67aee997) x19 0xe7aee116
core   0: 0x8000011a (0xfc9d7ee3) bgeu    s10, s1, pc - 36
core   0: 3 0x8000011a (0xfc9d7ee3)
core   0: 0x800000f6 (0x031a50b3) divu    ra, s4, a7
core   0: 3 0x800000f6 (0x031a50b3) x 1 0x20009739
core   0: 0x800000fa (0x000066f9) c.lui   a3, 0x1e
core   0: 3 0x800000fa (0x66f9) x13 0x0001e000
core   0: 0x800000fc (0x00001d7d) c.addi  s10, -1
core   0: 3 0x800000fc (0x1d7d) x26 0x00000005
core   0: 0x800000fe (0x00700e13) li      t3, 7
core   0: 3 0x800000fe (0x00700e13) x28 0x00000007
core   0: 0x80000102 (0xff300213) li      tp, -13
core   0: 3 0x80000102 (0xff300213) x 4 0xfffffff3
core   0: 0x80000106 (0x0115b633) sltu    a2, a1, a7
core   0: 3 0x80000106 (0x0115b633) x12 0x00000001
core   0: 0x8000010a (0x00001e71) c.addi  t3, -4
core   0: 3 0x8000010a (0x1e71) x28 0x00000003
core   0: 0x8000010c (0x5f94a817) auipc   a6, 0x5f94a
core   0: 3 0x8000010c (0x5f94a817) x16 0xdf94a10c
core   0: 0x80000110 (0xfe4e0be3) beq     t3, tp, pc - 10
core   0: 3 0x80000110 (0xfe4e0be3)
core   0: 0x80000114 (0x000085bd) c.srai  a1, 15
core   0: 3 0x80000114 (0x85bd) x11 0x00000000
core   0: 0x80000116 (0x67aee997) auipc   s3, 0x67aee
core   0: 3 0x80000116 (0x67aee997) x19 0xe7aee116
core   0: 0x8000011a (0xfc9d7ee3) bgeu    s10, s1, pc - 36
core   0: 3 0x8000011a (0xfc9d7ee3)
core   0: 0x800000f6 (0x031a50b3) divu    ra, s4, a7
core   0: 3 0x800000f6 (0x031a50b3) x 1 0x20009739
core   0: 0x800000fa (0x000066f9) c.lui   a3, 0x1e
core   0: 3 0x800000fa (0x66f9) x13 0x0001e000
core   0: 0x800000fc (0x00001d7d) c.addi  s10, -1
core   0: 3 0x800000fc (0x1d7d) x26 0x00000004
core   0: 0x800000fe (0x00700e13) li      t3, 7
core   0: 3 0x800000fe (0x00700e13) x28 0x00000007
core   0: 0x80000102 (0xff300213) li      tp, -13
core   0: 3 0x80000102 (0xff300213) x 4 0xfffffff3
core   0: 0x80000106 (0x0115b633) sltu    a2, a1, a7
core   0: 3 0x80000106 (0x0115b633) x12 0x00000001
core   0: 0x8000010a (0x00001e71) c.addi  t3, -4
core   0: 3 0x8000010a (0x1e71) x28 0x00000003
core   0: 0x8000010c (0x5f94a817) auipc   a6, 0x5f94a
core   0: 3 0x8000010c (0x5f94a817) x16 0xdf94a10c
core   0: 0x80000110 (0xfe4e0be3) beq     t3, tp, pc - 10
core   0: 3 0x80000110 (0xfe4e0be3)
core   0: 0x80000114 (0x000085bd) c.srai  a1, 15
core   0: 3 0x80000114 (0x85bd) x11 0x00000000
core   0: 0x80000116 (0x67aee997) auipc   s3, 0x67aee
core   0: 3 0x80000116 (0x67aee997) x19 0xe7aee116
core   0: 0x8000011a (0xfc9d7ee3) bgeu    s10, s1, pc - 36
core   0: 3 0x8000011a (0xfc9d7ee3)
core   0: 0x800000f6 (0x031a50b3) divu    ra, s4, a7
core   0: 3 0x800000f6 (0x031a50b3) x 1 0x20009739
core   0: 0x800000fa (0x000066f9) c.lui   a3, 0x1e
core   0: 3 0x800000fa (0x66f9) x13 0x0001e000
core   0: 0x800000fc (0x00001d7d) c.addi  s10, -1
core   0: 3 0x800000fc (0x1d7d) x26 0x00000003
core   0: 0x800000fe (0x00700e13) li      t3, 7
core   0: 3 0x800000fe (0x00700e13) x28 0x00000007
core   0: 0x80000102 (0xff300213) li      tp, -13
core   0: 3 0x80000102 (0xff300213) x 4 0xfffffff3
core   0: 0x80000106 (0x0115b633) sltu    a2, a1, a7
core   0: 3 0x80000106 (0x0115b633) x12 0x00000001
core   0: 0x8000010a (0x00001e71) c.addi  t3, -4
core   0: 3 0x8000010a (0x1e71) x28 0x00000003
core   0: 0x8000010c (0x5f94a817) auipc   a6, 0x5f94a
core   0: 3 0x8000010c (0x5f94a817) x16 0xdf94a10c
core   0: 0x80000110 (0xfe4e0be3) beq     t3, tp, pc - 10
core   0: 3 0x80000110 (0xfe4e0be3)
core   0: 0x80000114 (0x000085bd) c.srai  a1, 15
core   0: 3 0x80000114 (0x85bd) x11 0x00000000
core   0: 0x80000116 (0x67aee997) auipc   s3, 0x67aee
core   0: 3 0x80000116 (0x67aee997) x19 0xe7aee116
core   0: 0x8000011a (0xfc9d7ee3) bgeu    s10, s1, pc - 36
core   0: 3 0x8000011a (0xfc9d7ee3)
core   0: 0x800000f6 (0x031a50b3) divu    ra, s4, a7
core   0: 3 0x800000f6 (0x031a50b3) x 1 0x20009739
core   0: 0x800000fa (0x000066f9) c.lui   a3, 0x1e
core   0: 3 0x800000fa (0x66f9) x13 0x0001e000
core   0: 0x800000fc (0x00001d7d) c.addi  s10, -1
core   0: 3 0x800000fc (0x1d7d) x26 0x00000002
core   0: 0x800000fe (0x00700e13) li      t3, 7
core   0: 3 0x800000fe (0x00700e13) x28 0x00000007
core   0: 0x80000102 (0xff300213) li      tp, -13
core   0: 3 0x80000102 (0xff300213) x 4 0xfffffff3
core   0: 0x80000106 (0x0115b633) sltu    a2, a1, a7
core   0: 3 0x80000106 (0x0115b633) x12 0x00000001
core   0: 0x8000010a (0x00001e71) c.addi  t3, -4
core   0: 3 0x8000010a (0x1e71) x28 0x00000003
core   0: 0x8000010c (0x5f94a817) auipc   a6, 0x5f94a
core   0: 3 0x8000010c (0x5f94a817) x16 0xdf94a10c
core   0: 0x80000110 (0xfe4e0be3) beq     t3, tp, pc - 10
core   0: 3 0x80000110 (0xfe4e0be3)
core   0: 0x80000114 (0x000085bd) c.srai  a1, 15
core   0: 3 0x80000114 (0x85bd) x11 0x00000000
core   0: 0x80000116 (0x67aee997) auipc   s3, 0x67aee
core   0: 3 0x80000116 (0x67aee997) x19 0xe7aee116
core   0: 0x8000011a (0xfc9d7ee3) bgeu    s10, s1, pc - 36
core   0: 3 0x8000011a (0xfc9d7ee3)
core   0: 0x800000f6 (0x031a50b3) divu    ra, s4, a7
core   0: 3 0x800000f6 (0x031a50b3) x 1 0x20009739
core   0: 0x800000fa (0x000066f9) c.lui   a3, 0x1e
core   0: 3 0x800000fa (0x66f9) x13 0x0001e000
core   0: 0x800000fc (0x00001d7d) c.addi  s10, -1
core   0: 3 0x800000fc (0x1d7d) x26 0x00000001
core   0: 0x800000fe (0x00700e13) li      t3, 7
core   0: 3 0x800000fe (0x00700e13) x28 0x00000007
core   0: 0x80000102 (0xff300213) li      tp, -13
core   0: 3 0x80000102 (0xff300213) x 4 0xfffffff3
core   0: 0x80000106 (0x0115b633) sltu    a2, a1, a7
core   0: 3 0x80000106 (0x0115b633) x12 0x00000001
core   0: 0x8000010a (0x00001e71) c.addi  t3, -4
core   0: 3 0x8000010a (0x1e71) x28 0x00000003
core   0: 0x8000010c (0x5f94a817) auipc   a6, 0x5f94a
core   0: 3 0x8000010c (0x5f94a817) x16 0xdf94a10c
core   0: 0x80000110 (0xfe4e0be3) beq     t3, tp, pc - 10
core   0: 3 0x80000110 (0xfe4e0be3)
core   0: 0x80000114 (0x000085bd) c.srai  a1, 15
core   0: 3 0x80000114 (0x85bd) x11 0x00000000
core   0: 0x80000116 (0x67aee997) auipc   s3, 0x67aee
core   0: 3 0x80000116 (0x67aee997) x19 0xe7aee116
core   0: 0x8000011a (0xfc9d7ee3) bgeu    s10, s1, pc - 36
core   0: 3 0x8000011a (0xfc9d7ee3)
core   0: 0x8000011e (0x59dc3593) sltiu   a1, s8, 1437
core   0: 3 0x8000011e (0x59dc3593) x11 0x00000000
core   0: 0x80000122 (0x00a00193) li      gp, 10
core   0: 3 0x80000122 (0x00a00193) x 3 0x0000000a
core   0: 0x80000126 (0x00900713) li      a4, 9
core   0: 3 0x80000126 (0x00900713) x14 0x00000009
core   0: 0x8000012a (0x53706013) ori     zero, zero, 1335
core   0: 3 0x8000012a (0x53706013)
core   0: 0x8000012e (0x000011e1) c.addi  gp, -8
core   0: 3 0x8000012e (0x11e1) x 3 0x00000002
core   0: 0x80000130 (0xff700893) li      a7, -9
core   0: 3 0x80000130 (0xff700893) x17 0xfffffff7
core   0: 0x80000134 (0x00009272) c.add   tp, t3
core   0: 3 0x80000134 (0x9272) x 4 0xfffffff6
core   0: 0x80000136 (0xffd00813) li      a6, -3
core   0: 3 0x80000136 (0xffd00813) x16 0xfffffffd
core   0: 0x8000013a (0x00000411) c.addi  s0, 4
core   0: 3 0x8000013a (0x0411) x 8 0x00000012
core   0: 0x8000013c (0x00000899) c.addi  a7, 6
core   0: 3 0x8000013c (0x0899) x17 0xfffffffd
core   0: 0x8000013e (0xff089ee3) bne     a7, a6, pc - 4
core   0: 3 0x8000013e (0xff089ee3)
core   0: 0x80000142 (0xfee1f4e3) bgeu    gp, a4, pc - 24
core   0: 3 0x80000142 (0xfee1f4e3)
core   0: 0x80000146 (0x407d5a93) srai    s5, s10, 7
core   0: 3 0x80000146 (0x407d5a93) x21 0x00000000
core   0: 0x8000014a (0x00500213) li      tp, 5
core   0: 3 0x8000014a (0x00500213) x 4 0x00000005
core   0: 0x8000014e (0x01200713) li      a4, 18
core   0: 3 0x8000014e (0x01200713) x14 0x00000012
core   0: 0x80000152 (0x000080c6) c.mv    ra, a7
core   0: 3 0x80000152 (0x80c6) x 1 0xfffffffd
core   0: 0x80000154 (0x00000219) c.addi  tp, 6
core   0: 3 0x80000154 (0x0219) x 4 0x0000000b
core   0: 0x80000156 (0xfee26ee3) bltu    tp, a4, pc - 4
core   0: 3 0x80000156 (0xfee26ee3)
core   0: 0x80000152 (0x000080c6) c.mv    ra, a7
core   0: 3 0x80000152 (0x80c6) x 1 0xfffffffd
core   0: 0x80000154 (0x00000219) c.addi  tp, 6
core   0: 3 0x80000154 (0x0219) x 4 0x00000011
core   0: 0x80000156 (0xfee26ee3) bltu    tp, a4, pc - 4
core   0: 3 0x80000156 (0xfee26ee3)
core   0: 0x80000152 (0x000080c6) c.mv    ra, a7
core   0: 3 0x80000152 (0x80c6) x 1 0xfffffffd
core   0: 0x80000154 (0x00000219) c.addi  tp, 6
core   0: 3 0x80000154 (0x0219) x 4 0x00000017
core   0: 0x80000156 (0xfee26ee3) bltu    tp, a4, pc - 4
core   0: 3 0x80000156 (0xfee26ee3)
core   0: 0x8000015a (0x00000001) c.nop
core   0: 3 0x8000015a (0x0001)
core   0: 0x8000015c (0xffe00613) li      a2, -2
core   0: 3 0x8000015c (0xffe00613) x12 0xfffffffe
core   0: 0x80000160 (0x01000a93) li      s5, 16
core   0: 3 0x80000160 (0x01000a93) x21 0x00000010
core   0: 0x80000164 (0x00000001) c.nop
core   0: 3 0x80000164 (0x0001)
core   0: 0x80000166 (0x0007f533) and     a0, a5, zero
core   0: 3 0x80000166 (0x0007f533) x10 0x00000000
core   0: 0x8000016a (0x02adb333) mulhu   t1, s11, a0
core   0: 3 0x8000016a (0x02adb333) x 6 0x00000000
core   0: 0x8000016e (0x0000060d) c.addi  a2, 3
core   0: 3 0x8000016e (0x060d) x12 0x00000001
core   0: 0x80000170 (0xff561be3) bne     a2, s5, pc - 10
core   0: 3 0x80000170 (0xff561be3)
core   0: 0x80000166 (0x0007f533) and     a0, a5, zero
core   0: 3 0x80000166 (0x0007f533) x10 0x00000000
core   0: 0x8000016a (0x02adb333) mulhu   t1, s11, a0
core   0: 3 0x8000016a (0x02adb333) x 6 0x00000000
core   0: 0x8000016e (0x0000060d) c.addi  a2, 3
core   0: 3 0x8000016e (0x060d) x12 0x00000004
core   0: 0x80000170 (0xff561be3) bne     a2, s5, pc - 10
core   0: 3 0x80000170 (0xff561be3)
core   0: 0x80000166 (0x0007f533) and     a0, a5, zero
core   0: 3 0x80000166 (0x0007f533) x10 0x00000000
core   0: 0x8000016a (0x02adb333) mulhu   t1, s11, a0
core   0: 3 0x8000016a (0x02adb333) x 6 0x00000000
core   0: 0x8000016e (0x0000060d) c.addi  a2, 3
core   0: 3 0x8000016e (0x060d) x12 0x00000007
core   0: 0x80000170 (0xff561be3) bne     a2, s5, pc - 10
core   0: 3 0x80000170 (0xff561be3)
core   0: 0x80000166 (0x0007f533) and     a0, a5, zero
core   0: 3 0x80000166 (0x0007f533) x10 0x00000000
core   0: 0x8000016a (0x02adb333) mulhu   t1, s11, a0
core   0: 3 0x8000016a (0x02adb333) x 6 0x00000000
core   0: 0x8000016e (0x0000060d) c.addi  a2, 3
core   0: 3 0x8000016e (0x060d) x12 0x0000000a
core   0: 0x80000170 (0xff561be3) bne     a2, s5, pc - 10
core   0: 3 0x80000170 (0xff561be3)
core   0: 0x80000166 (0x0007f533) and     a0, a5, zero
core   0: 3 0x80000166 (0x0007f533) x10 0x00000000
core   0: 0x8000016a (0x02adb333) mulhu   t1, s11, a0
core   0: 3 0x8000016a (0x02adb333) x 6 0x00000000
core   0: 0x8000016e (0x0000060d) c.addi  a2, 3
core   0: 3 0x8000016e (0x060d) x12 0x0000000d
core   0: 0x80000170 (0xff561be3) bne     a2, s5, pc - 10
core   0: 3 0x80000170 (0xff561be3)
core   0: 0x80000166 (0x0007f533) and     a0, a5, zero
core   0: 3 0x80000166 (0x0007f533) x10 0x00000000
core   0: 0x8000016a (0x02adb333) mulhu   t1, s11, a0
core   0: 3 0x8000016a (0x02adb333) x 6 0x00000000
core   0: 0x8000016e (0x0000060d) c.addi  a2, 3
core   0: 3 0x8000016e (0x060d) x12 0x00000010
core   0: 0x80000170 (0xff561be3) bne     a2, s5, pc - 10
core   0: 3 0x80000170 (0xff561be3)
core   0: 0x80000174 (0x00006fd5) c.lui   t6, 0x15
core   0: 3 0x80000174 (0x6fd5) x31 0x00015000
core   0: 0x80000176 (0x00900513) li      a0, 9
core   0: 3 0x80000176 (0x00900513) x10 0x00000009
core   0: 0x8000017a (0x000001a9) c.addi  gp, 10
core   0: 3 0x8000017a (0x01a9) x 3 0x0000000c
core   0: 0x8000017c (0x694c4193) xori    gp, s8, 1684
core   0: 3 0x8000017c (0x694c4193) x 3 0xfdf3c2cf
core   0: 0x80000180 (0x41150db3) sub     s11, a0, a7
core   0: 3 0x80000180 (0x41150db3) x27 0x0000000c
core   0: 0x80000184 (0x00004fc1) c.li    t6, 16
core   0: 3 0x80000184 (0x4fc1) x31 0x00000010
core   0: 0x80000186 (0x00000804) c.addi4spn s1, sp, 16
core   0: 3 0x80000186 (0x0804) x 9 0x00000010
core   0: 0x80000188 (0x0000887d) c.andi  s0, 31
core   0: 3 0x80000188 (0x887d) x 8 0x00000012
core   0: 0x8000018a (0x00600393) li      t2, 6
core   0: 3 0x8000018a (0x00600393) x 7 0x00000006
core   0: 0x8000018e (0x02f76233) rem     tp, a4, a5
core   0: 3 0x8000018e (0x02f76233) x 4 0x00000012
core   0: 0x80000192 (0x00004461) c.li    s0, 24
core   0: 3 0x80000192 (0x4461) x 8 0x00000018
core   0: 0x80000194 (0x00001575) c.addi  a0, -3
core   0: 3 0x80000194 (0x1575) x10 0x00000006
core   0: 0x80000196 (0xff8f3313) sltiu   t1, t5, -8
core   0: 3 0x80000196 (0xff8f3313) x 6 0x00000001
core   0: 0x8000019a (0x00009afd) c.andi  a3, -1
core   0: 3 0x8000019a (0x9afd) x13 0x0001e000
core   0: 0x8000019c (0x3de78f93) addi    t6, a5, 990
core   0: 3 0x8000019c (0x3de78f93) x31 0x80022242
core   0: 0x800001a0 (0x00a00593) li      a1, 10
core   0: 3 0x800001a0 (0x00a00593) x11 0x0000000a
core   0: 0x800001a4 (0xc198a113) slti    sp, a7, -999
core   0: 3 0x800001a4 (0xc198a113) x 2 0x00000000
core   0: 0x800001a8 (0x00000001) c.nop
core   0: 3 0x800001a8 (0x0001)
core   0: 0x800001aa (0x01fb5333) srl     t1, s6, t6
core   0: 3 0x800001aa (0x01fb5333) x 6 0x20000000
core   0: 0x800001ae (0x00008306) c.mv    t1, ra
core   0: 3 0x800001ae (0x8306) x 6 0xfffffffd
core   0: 0x800001b0 (0x00054eb3) xor     t4, a0, zero
core   0: 3 0x800001b0 (0x00054eb3) x29 0x00000006
core   0: 0x800001b4 (0x01f0ceb3) xor     t4, ra, t6
core   0: 3 0x800001b4 (0x01f0ceb3) x29 0x7ffdddbf
core   0: 0x800001b8 (0x000c7733) and     a4, s8, zero
core   0: 3 0x800001b8 (0x000c7733) x14 0x00000000
core   0: 0x800001bc (0x000015fd) c.addi  a1, -1
core   0: 3 0x800001bc (0x15fd) x11 0x00000009
core   0: 0x800001be (0x00000001) c.nop
core   0: 3 0x800001be (0x0001)
core   0: 0x800001c0 (0x0350bfb3) mulhu   t6, ra, s5
core   0: 3 0x800001c0 (0x0350bfb3) x31 0x0000000f
core   0: 0x800001c4 (0x00008cfe) c.mv    s9, t6
core   0: 3 0x800001c4 (0x8cfe) x25 0x0000000f
core   0: 0x800001c6 (0x00009b86) c.add   s7, ra
core   0: 3 0x800001c6 (0x9b86) x23 0xfffffffd
core   0: 0x800001c8 (0x00008e51) c.or    a2, a2
core   0: 3 0x800001c8 (0x8e51) x12 0x00000010
core   0: 0x800001ca (0x01c99113) slli    sp, s3, 28
core   0: 3 0x800001ca (0x01c99113) x 2 0x60000000
core   0: 0x800001ce (0x00008639) c.srai  a2, 14
core   0: 3 0x800001ce (0x8639) x12 0x00000000
core   0: 0x800001d0 (0x0000d1e5) c.beqz  a1, pc - 32
core   0: 3 0x800001d0 (0xd1e5)
core   0: 0x800001d2 (0x000012fd) c.addi  t0, -1
core   0: 3 0x800001d2 (0x12fd) x 5 0x00000002
core   0: 0x800001d4 (0xfa757fe3) bgeu    a0, t2, pc - 66
core   0: 3 0x800001d4 (0xfa757fe3)
core   0: 0x80000192 (0x00004461) c.li    s0, 24
core   0: 3 0x80000192 (0x4461) x 8 0x00000018
core   0: 0x80000194 (0x00001575) c.addi  a0, -3
core   0: 3 0x80000194 (0x1575) x10 0x00000003
core   0: 0x80000196 (0xff8f3313) sltiu   t1, t5, -8
core   0: 3 0x80000196 (0xff8f3313) x 6 0x00000001
core   0: 0x8000019a (0x00009afd) c.andi  a3, -1
core   0: 3 0x8000019a (0x9afd) x13 0x0001e000
core   0: 0x8000019c (0x3de78f93) addi    t6, a5, 990
core   0: 3 0x8000019c (0x3de78f93) x31 0x80022242
core   0: 0x800001a0 (0x00a00593) li      a1, 10
core   0: 3 0x800001a0 (0x00a00593) x11 0x0000000a
core   0: 0x800001a4 (0xc198a113) slti    sp, a7, -999
core   0: 3 0x800001a4 (0xc198a113) x 2 0x00000000
core   0: 0x800001a8 (0x00000001) c.nop
core   0: 3 0x800001a8 (0x0001)
core   0: 0x800001aa (0x01fb5333) srl     t1, s6, t6
core   0: 3 0x800001aa (0x01fb5333) x 6 0x20000000
core   0: 0x800001ae (0x00008306) c.mv    t1, ra
core   0: 3 0x800001ae (0x8306) x 6 0xfffffffd
core   0: 0x800001b0 (0x00054eb3) xor     t4, a0, zero
core   0: 3 0x800001b0 (0x00054eb3) x29 0x00000003
core   0: 0x800001b4 (0x01f0ceb3) xor     t4, ra, t6
core   0: 3 0x800001b4 (0x01f0ceb3) x29 0x7ffdddbf
core   0: 0x800001b8 (0x000c7733) and     a4, s8, zero
core   0: 3 0x800001b8 (0x000c7733) x14 0x00000000
core   0: 0x800001bc (0x000015fd) c.addi  a1, -1
core   0: 3 0x800001bc (0x15fd) x11 0x00000009
core   0: 0x800001be (0x00000001) c.nop
core   0: 3 0x800001be (0x0001)
core   0: 0x800001c0 (0x0350bfb3) mulhu   t6, ra, s5
core   0: 3 0x800001c0 (0x0350bfb3) x31 0x0000000f
core   0: 0x800001c4 (0x00008cfe) c.mv    s9, t6
core   0: 3 0x800001c4 (0x8cfe) x25 0x0000000f
core   0: 0x800001c6 (0x00009b86) c.add   s7, ra
core   0: 3 0x800001c6 (0x9b86) x23 0xfffffffa
core   0: 0x800001c8 (0x00008e51) c.or    a2, a2
core   0: 3 0x800001c8 (0x8e51) x12 0x00000000
core   0: 0x800001ca (0x01c99113) slli    sp, s3, 28
core   0: 3 0x800001ca (0x01c99113) x 2 0x60000000
core   0: 0x800001ce (0x00008639) c.srai  a2, 14
core   0: 3 0x800001ce (0x8639) x12 0x00000000
core   0: 0x800001d0 (0x0000d1e5) c.beqz  a1, pc - 32
core   0: 3 0x800001d0 (0xd1e5)
core   0: 0x800001d2 (0x000012fd) c.addi  t0, -1
core   0: 3 0x800001d2 (0x12fd) x 5 0x00000001
core   0: 0x800001d4 (0xfa757fe3) bgeu    a0, t2, pc - 66
core   0: 3 0x800001d4 (0xfa757fe3)
core   0: 0x800001d8 (0x0000100f) fence.i
core   0: 3 0x800001d8 (0x0000100f)
core   0: 0x800001dc (0x00900e93) li      t4, 9
core   0: 3 0x800001dc (0x00900e93) x29 0x00000009
core   0: 0x800001e0 (0x00006ff5) c.lui   t6, 0x1d
core   0: 3 0x800001e0 (0x6ff5) x31 0x0001d000
core   0: 0x800001e2 (0x00000001) c.nop
core   0: 3 0x800001e2 (0x0001)
core   0: 0x800001e4 (0x00900b13) li      s6, 9
core   0: 3 0x800001e4 (0x00900b13) x22 0x00000009
core   0: 0x800001e8 (0x000ee833) or      a6, t4, zero
core   0: 3 0x800001e8 (0x000ee833) x16 0x00000009
core   0: 0x800001ec (0x00008ca5) c.xor   s1, s1
core   0: 3 0x800001ec (0x8ca5) x 9 0x00000000
core   0: 0x800001ee (0x00001ffd) c.addi  t6, -1
core   0: 3 0x800001ee (0x1ffd) x31 0x0001cfff
core   0: 0x800001f0 (0x00001ed9) c.addi  t4, -10
core   0: 3 0x800001f0 (0x1ed9) x29 0xffffffff
core   0: 0x800001f2 (0x951a0693) addi    a3, s4, -1711
core   0: 3 0x800001f2 (0x951a0693) x13 0x80025635
core   0: 0x800001f6 (0xff800c93) li      s9, -8
core   0: 3 0x800001f6 (0xff800c93) x25 0xfffffff8
core   0: 0x800001fa (0x00529693) slli    a3, t0, 5
core   0: 3 0x800001fa (0x00529693) x13 0x00000020
core   0: 0x800001fe (0xfff00593) li      a1, -1
core   0: 3 0x800001fe (0xfff00593) x11 0xffffffff
core   0: 0x80000202 (0x0000987d) c.andi  s0, -1
core   0: 3 0x80000202 (0x987d) x 8 0x00000018
core   0: 0x80000204 (0x0052df93) srli    t6, t0, 5
core   0: 3 0x80000204 (0x0052df93) x31 0x00000000
core   0: 0x80000208 (0x00000c8d) c.addi  s9, 3
core   0: 3 0x80000208 (0x0c8d) x25 0xfffffffb
core   0: 0x8000020a (0x0134bfb3) sltu    t6, s1, s3
core   0: 3 0x8000020a (0x0134bfb3) x31 0x00000001
core   0: 0x8000020e (0xfebccae3) blt     s9, a1, pc - 12
core   0: 3 0x8000020e (0xfebccae3)
core   0: 0x80000202 (0x0000987d) c.andi  s0, -1
core   0: 3 0x80000202 (0x987d) x 8 0x00000018
core   0: 0x80000204 (0x0052df93) srli    t6, t0, 5
core   0: 3 0x80000204 (0x0052df93) x31 0x00000000
core   0: 0x80000208 (0x00000c8d) c.addi  s9, 3
core   0: 3 0x80000208 (0x0c8d) x25 0xfffffffe
core   0: 0x8000020a (0x0134bfb3) sltu    t6, s1, s3
core   0: 3 0x8000020a (0x0134bfb3) x31 0x00000001
core   0: 0x8000020e (0xfebccae3) blt     s9, a1, pc - 12
core   0: 3 0x8000020e (0xfebccae3)
core   0: 0x80000202 (0x0000987d) c.andi  s0, -1
core   0: 3 0x80000202 (0x987d) x 8 0x00000018
core   0: 0x80000204 (0x0052df93) srli    t6, t0, 5
core   0: 3 0x80000204 (0x0052df93) x31 0x00000000
core   0: 0x80000208 (0x00000c8d) c.addi  s9, 3
core   0: 3 0x80000208 (0x0c8d) x25 0x00000001
core   0: 0x8000020a (0x0134bfb3) sltu    t6, s1, s3
core   0: 3 0x8000020a (0x0134bfb3) x31 0x00000001
core   0: 0x8000020e (0xfebccae3) blt     s9, a1, pc - 12
core   0: 3 0x8000020e (0xfebccae3)
core   0: 0x80000212 (0x011256b3) srl     a3, tp, a7
core   0: 3 0x80000212 (0x011256b3) x13 0x00000000
core   0: 0x80000216 (0x02b48e33) mul     t3, s1, a1
core   0: 3 0x80000216 (0x02b48e33) x28 0x00000000
core   0: 0x8000021a (0xfd6ed7e3) bge     t4, s6, pc - 50
core   0: 3 0x8000021a (0xfd6ed7e3)
core   0: 0x8000021e (0x8584b993) sltiu   s3, s1, -1960
core   0: 3 0x8000021e (0x8584b993) x19 0x00000001
core   0: 0x80000222 (0x00600693) li      a3, 6
core   0: 3 0x80000222 (0x00600693) x13 0x00000006
core   0: 0x80000226 (0x01400b13) li      s6, 20
core   0: 3 0x80000226 (0x01400b13) x22 0x00000014
core   0: 0x8000022a (0x00008f7d) c.and   a4, a5
core   0: 3 0x8000022a (0x8f7d) x14 0x00000000
core   0: 0x8000022c (0x00008f1d) c.sub   a4, a5
core   0: 3 0x8000022c (0x8f1d) x14 0x7ffde19c
core   0: 0x8000022e (0x03751233) mulh    tp, a0, s7
core   0: 3 0x8000022e (0x03751233) x 4 0xffffffff
core   0: 0x80000232 (0x0000069d) c.addi  a3, 7
core   0: 3 0x80000232 (0x069d) x13 0x0000000d
core   0: 0x80000234 (0x40415f33) sra     t5, sp, tp
core   0: 3 0x80000234 (0x40415f33) x30 0x00000000
core   0: 0x80000238 (0x00900613) li      a2, 9
core   0: 3 0x80000238 (0x00900613) x12 0x00000009
core   0: 0x8000023c (0x00700113) li      sp, 7
core   0: 3 0x8000023c (0x00700113) x 2 0x00000007
core   0: 0x80000240 (0x00006e3d) c.lui   t3, 0xf
core   0: 3 0x80000240 (0x6e3d) x28 0x0000f000
core   0: 0x80000242 (0xb755aeb7) lui     t4, 0xb755a
core   0: 3 0x80000242 (0xb755aeb7) x29 0xb755a000
core   0: 0x80000246 (0x800d6593) ori     a1, s10, -2048
core   0: 3 0x80000246 (0x800d6593) x11 0xfffff801
core   0: 0x8000024a (0x00001679) c.addi  a2, -2
core   0: 3 0x8000024a (0x1679) x12 0x00000007
core   0: 0x8000024c (0x00008d85) c.sub   a1, s1
core   0: 3 0x8000024c (0x8d85) x11 0xfffff801
core   0: 0x8000024e (0xfe267ce3) bgeu    a2, sp, pc - 8
core   0: 3 0x8000024e (0xfe267ce3)
core   0: 0x80000246 (0x800d6593) ori     a1, s10, -2048
core   0: 3 0x80000246 (0x800d6593) x11 0xfffff801
core   0: 0x8000024a (0x00001679) c.addi  a2, -2
core   0: 3 0x8000024a (0x1679) x12 0x00000005
core   0: 0x8000024c (0x00008d85) c.sub   a1, s1
core   0: 3 0x8000024c (0x8d85) x11 0xfffff801
core   0: 0x8000024e (0xfe267ce3) bgeu    a2, sp, pc - 8
core   0: 3 0x8000024e (0xfe267ce3)
core   0: 0x80000252 (0xfd668de3) beq     a3, s6, pc - 38
core   0: 3 0x80000252 (0xfd668de3)
core   0: 0x80000256 (0x00000001) c.nop
core   0: 3 0x80000256 (0x0001)
core   0: 0x80000258 (0xff700693) li      a3, -9
core   0: 3 0x80000258 (0xff700693) x13 0xfffffff7
core   0: 0x8000025c (0x01200593) li      a1, 18
core   0: 3 0x8000025c (0x01200593) x11 0x00000012
core   0: 0x80000260 (0x03b174b3) remu    s1, sp, s11
core   0: 3 0x80000260 (0x03b174b3) x 9 0x00000007
core   0: 0x80000264 (0x0b15de17) auipc   t3, 0xb15d
core   0: 3 0x80000264 (0x0b15de17) x28 0x8b15d264
core   0: 0x80000268 (0x00001800) c.addi4spn s0, sp, 48
core   0: 3 0x80000268 (0x1800) x 8 0x00000037
core   0: 0x8000026a (0x013b8233) add     tp, s7, s3
core   0: 3 0x8000026a (0x013b8233) x 4 0xfffffffb
core   0: 0x8000026e (0x000006a9) c.addi  a3, 10
core   0: 3 0x8000026e (0x06a9) x13 0x00000001
core   0: 0x80000270 (0xfeb6ece3) bltu    a3, a1, pc - 8
core   0: 3 0x80000270 (0xfeb6ece3)
core   0: 0x80000268 (0x00001800) c.addi4spn s0, sp, 48
core   0: 3 0x80000268 (0x1800) x 8 0x00000037
core   0: 0x8000026a (0x013b8233) add     tp, s7, s3
core   0: 3 0x8000026a (0x013b8233) x 4 0xfffffffb
core   0: 0x8000026e (0x000006a9) c.addi  a3, 10
core   0: 3 0x8000026e (0x06a9) x13 0x0000000b
core   0: 0x80000270 (0xfeb6ece3) bltu    a3, a1, pc - 8
core   0: 3 0x80000270 (0xfeb6ece3)
core   0: 0x80000268 (0x00001800) c.addi4spn s0, sp, 48
core   0: 3 0x80000268 (0x1800) x 8 0x00000037
core   0: 0x8000026a (0x013b8233) add     tp, s7, s3
core   0: 3 0x8000026a (0x013b8233) x 4 0xfffffffb
core   0: 0x8000026e (0x000006a9) c.addi  a3, 10
core   0: 3 0x8000026e (0x06a9) x13 0x00000015
core   0: 0x80000270 (0xfeb6ece3) bltu    a3, a1, pc - 8
core   0: 3 0x80000270 (0xfeb6ece3)
core   0: 0x80000274 (0x00b2a8b3) slt     a7, t0, a1
core   0: 3 0x80000274 (0x00b2a8b3) x17 0x00000001
core   0: 0x80000278 (0x00a00b13) li      s6, 10
core   0: 3 0x80000278 (0x00a00b13) x22 0x0000000a
core   0: 0x8000027c (0x0308b833) mulhu   a6, a7, a6
core   0: 3 0x8000027c (0x0308b833) x16 0x00000000
core   0: 0x80000280 (0x01ea9313) slli    t1, s5, 30
core   0: 3 0x80000280 (0x01ea9313) x 6 0x00000000
core   0: 0x80000284 (0x00001c14) c.addi4spn a3, sp, 560
core   0: 3 0x80000284 (0x1c14) x13 0x00000237
core   0: 0x80000286 (0xff800093) li      ra, -8
core   0: 3 0x80000286 (0xff800093) x 1 0xfffffff8
core   0: 0x8000028a (0x6e1a4693) xori    a3, s4, 1761
core   0: 3 0x8000028a (0x6e1a4693) x13 0x80025a05
core   0: 0x8000028e (0x00d99db3) sll     s11, s3, a3
core   0: 3 0x8000028e (0x00d99db3) x27 0x00000020
core   0: 0x80000292 (0x01da5833) srl     a6, s4, t4
core   0: 3 0x80000292 (0x01da5833) x16 0x80025ce4
core   0: 0x80000296 (0x42df3193) sltiu   gp, t5, 1069
core   0: 3 0x80000296 (0x42df3193) x 3 0x00000001
core   0: 0x8000029a (0xfc2c6c93) ori     s9, s8, -62
core   0: 3 0x8000029a (0xfc2c6c93) x25 0xffffffdb
core   0: 0x8000029e (0x01db4533) xor     a0, s6, t4
core   0: 3 0x8000029e (0x01db4533) x10 0xb755a00a
core   0: 0x800002a2 (0x40530e33) sub     t3, t1, t0
core   0: 3 0x800002a2 (0x40530e33) x28 0xffffffff
core   0: 0x800002a6 (0x01651ab3) sll     s5, a0, s6
core   0: 3 0x800002a6 (0x01651ab3) x21 0x56802800
core   0: 0x800002aa (0x00001b75) c.addi  s6, -3
core   0: 3 0x800002aa (0x1b75) x22 0x00000007
core   0: 0x800002ac (0x000086d6) c.mv    a3, s5
core   0: 3 0x800002ac (0x86d6) x13 0x56802800
core   0: 0x800002ae (0x00008e21) c.xor   a2, s0
core   0: 3 0x800002ae (0x8e21) x12 0x00000032
core   0: 0x800002b0 (0xfe1b05e3) beq     s6, ra, pc - 22
core   0: 3 0x800002b0 (0xfe1b05e3)
core   0: 0x800002b4 (0x0142cd33) xor     s10, t0, s4
core   0: 3 0x800002b4 (0x0142cd33) x26 0x80025ce5
core   0: 0x800002b8 (0x00300513) li      a0, 3
core   0: 3 0x800002b8 (0x00300513) x10 0x00000003
core   0: 0x800002bc (0x0000100f) fence.i
core   0: 3 0x800002bc (0x0000100f)
core   0: 0x800002c0 (0x00c91433) sll     s0, s2, a2
core   0: 3 0x800002c0 (0x00c91433) x 8 0x00000000
core   0: 0x800002c4 (0xff000893) li      a7, -16
core   0: 3 0x800002c4 (0xff000893) x17 0xfffffff0
core   0: 0x800002c8 (0x004570b3) and     ra, a0, tp
core   0: 3 0x800002c8 (0x004570b3) x 1 0x00000003
core   0: 0x800002cc (0xcf628993) addi    s3, t0, -778
core   0: 3 0x800002cc (0xcf628993) x19 0xfffffcf7
core   0: 0x800002d0 (0x40485f13) srai    t5, a6, 4
core   0: 3 0x800002d0 (0x40485f13) x30 0xf80025ce
core   0: 0x800002d4 (0x00000c14) c.addi4spn a3, sp, 528
core   0: 3 0x800002d4 (0x0c14) x13 0x00000217
core   0: 0x800002d6 (0x00006911) c.lui   s2, 0x4
core   0: 3 0x800002d6 (0x6911) x18 0x00004000
core   0: 0x800002d8 (0x89c10913) addi    s2, sp, -1892
core   0: 3 0x800002d8 (0x89c10913) x18 0xfffff8a3
core   0: 0x800002dc (0x02f5df33) divu    t5, a1, a5
core   0: 3 0x800002dc (0x02f5df33) x30 0x00000000
core   0: 0x800002e0 (0x02cacfb3) div     t6, s5, a2
core   0: 3 0x800002e0 (0x02cacfb3) x31 0x01bae214
core   0: 0x800002e4 (0x00008cd9) c.or    s1, a4
core   0: 3 0x800002e4 (0x8cd9) x 9 0x7ffde19f
core   0: 0x800002e6 (0x6a424413) xori    s0, tp, 1700
core   0: 3 0x800002e6 (0x6a424413) x 8 0xfffff95f
core   0: 0x800002ea (0x00008cb1) c.xor   s1, a2
core   0: 3 0x800002ea (0x8cb1) x 9 0x7ffde1ad
core   0: 0x800002ec (0x00001571) c.addi  a0, -4
core   0: 3 0x800002ec (0x1571) x10 0xffffffff
core   0: 0x800002ee (0x038039b3) mulhu   s3, zero, s8
core   0: 3 0x800002ee (0x038039b3) x19 0x00000000
core   0: 0x800002f2 (0x0ff0000f) fence   iorw,iorw
core   0: 3 0x800002f2 (0x0ff0000f)
core   0: 0x800002f6 (0xff1555e3) bge     a0, a7, pc - 22
core   0: 3 0x800002f6 (0xff1555e3)
core   0: 0x800002e0 (0x02cacfb3) div     t6, s5, a2
core   0: 3 0x800002e0 (0x02cacfb3) x31 0x01bae214
core   0: 0x800002e4 (0x00008cd9) c.or    s1, a4
core   0: 3 0x800002e4 (0x8cd9) x 9 0x7ffde1bd
core   0: 0x800002e6 (0x6a424413) xori    s0, tp, 1700
core   0: 3 0x800002e6 (0x6a424413) x 8 0xfffff95f
core   0: 0x800002ea (0x00008cb1) c.xor   s1, a2
core   0: 3 0x800002ea (0x8cb1) x 9 0x7ffde18f
core   0: 0x800002ec (0x00001571) c.addi  a0, -4
core   0: 3 0x800002ec (0x1571) x10 0xfffffffb
core   0: 0x800002ee (0x038039b3) mulhu   s3, zero, s8
core   0: 3 0x800002ee (0x038039b3) x19 0x00000000
core   0: 0x800002f2 (0x0ff0000f) fence   iorw,iorw
core   0: 3 0x800002f2 (0x0ff0000f)
core   0: 0x800002f6 (0xff1555e3) bge     a0, a7, pc - 22
core   0: 3 0x800002f6 (0xff1555e3)
core   0: 0x800002e0 (0x02cacfb3) div     t6, s5, a2
core   0: 3 0x800002e0 (0x02cacfb3) x31 0x01bae214
core   0: 0x800002e4 (0x00008cd9) c.or    s1, a4
core   0: 3 0x800002e4 (0x8cd9) x 9 0x7ffde19f
core   0: 0x800002e6 (0x6a424413) xori    s0, tp, 1700
core   0: 3 0x800002e6 (0x6a424413) x 8 0xfffff95f
core   0: 0x800002ea (0x00008cb1) c.xor   s1, a2
core   0: 3 0x800002ea (0x8cb1) x 9 0x7ffde1ad
core   0: 0x800002ec (0x00001571) c.addi  a0, -4
core   0: 3 0x800002ec (0x1571) x10 0xfffffff7
core   0: 0x800002ee (0x038039b3) mulhu   s3, zero, s8
core   0: 3 0x800002ee (0x038039b3) x19 0x00000000
core   0: 0x800002f2 (0x0ff0000f) fence   iorw,iorw
core   0: 3 0x800002f2 (0x0ff0000f)
core   0: 0x800002f6 (0xff1555e3) bge     a0, a7, pc - 22
core   0: 3 0x800002f6 (0xff1555e3)
core   0: 0x800002e0 (0x02cacfb3) div     t6, s5, a2
core   0: 3 0x800002e0 (0x02cacfb3) x31 0x01bae214
core   0: 0x800002e4 (0x00008cd9) c.or    s1, a4
core   0: 3 0x800002e4 (0x8cd9) x 9 0x7ffde1bd
core   0: 0x800002e6 (0x6a424413) xori    s0, tp, 1700
core   0: 3 0x800002e6 (0x6a424413) x 8 0xfffff95f
core   0: 0x800002ea (0x00008cb1) c.xor   s1, a2
core   0: 3 0x800002ea (0x8cb1) x 9 0x7ffde18f
core   0: 0x800002ec (0x00001571) c.addi  a0, -4
core   0: 3 0x800002ec (0x1571) x10 0xfffffff3
core   0: 0x800002ee (0x038039b3) mulhu   s3, zero, s8
core   0: 3 0x800002ee (0x038039b3) x19 0x00000000
core   0: 0x800002f2 (0x0ff0000f) fence   iorw,iorw
core   0: 3 0x800002f2 (0x0ff0000f)
core   0: 0x800002f6 (0xff1555e3) bge     a0, a7, pc - 22
core   0: 3 0x800002f6 (0xff1555e3)
core   0: 0x800002e0 (0x02cacfb3) div     t6, s5, a2
core   0: 3 0x800002e0 (0x02cacfb3) x31 0x01bae214
core   0: 0x800002e4 (0x00008cd9) c.or    s1, a4
core   0: 3 0x800002e4 (0x8cd9) x 9 0x7ffde19f
core   0: 0x800002e6 (0x6a424413) xori    s0, tp, 1700
core   0: 3 0x800002e6 (0x6a424413) x 8 0xfffff95f
core   0: 0x800002ea (0x00008cb1) c.xor   s1, a2
core   0: 3 0x800002ea (0x8cb1) x 9 0x7ffde1ad
core   0: 0x800002ec (0x00001571) c.addi  a0, -4
core   0: 3 0x800002ec (0x1571) x10 0xffffffef
core   0: 0x800002ee (0x038039b3) mulhu   s3, zero, s8
core   0: 3 0x800002ee (0x038039b3) x19 0x00000000
core   0: 0x800002f2 (0x0ff0000f) fence   iorw,iorw
core   0: 3 0x800002f2 (0x0ff0000f)
core   0: 0x800002f6 (0xff1555e3) bge     a0, a7, pc - 22
core   0: 3 0x800002f6 (0xff1555e3)
core   0: 0x800002fa (0x00008e55) c.or    a2, a3
core   0: 3 0x800002fa (0x8e55) x12 0x00000237
core   0: 0x800002fc (0x00800493) li      s1, 8
core   0: 3 0x800002fc (0x00800493) x 9 0x00000008
core   0: 0x80000300 (0x000068d1) c.lui   a7, 0x14
core   0: 3 0x80000300 (0x68d1) x17 0x00014000
core   0: 0x80000302 (0x01300913) li      s2, 19
core   0: 3 0x80000302 (0x01300913) x18 0x00000013
core   0: 0x80000306 (0x00000001) c.nop
core   0: 3 0x80000306 (0x0001)
core   0: 0x80000308 (0x9fdc8c93) addi    s9, s9, -1539
core   0: 3 0x80000308 (0x9fdc8c93) x25 0xfffff9d8
core   0: 0x8000030c (0x0000812e) c.mv    sp, a1
core   0: 3 0x8000030c (0x812e) x 2 0x00000012
core   0: 0x8000030e (0xcdb1e593) ori     a1, gp, -805
core   0: 3 0x8000030e (0xcdb1e593) x11 0xfffffcdb
core   0: 0x80000312 (0x005ab733) sltu    a4, s5, t0
core   0: 3 0x80000312 (0x005ab733) x14 0x00000000
core   0: 0x80000316 (0x03236033) rem     zero, t1, s2
core   0: 3 0x80000316 (0x03236033)
core   0: 0x8000031a (0x000004a1) c.addi  s1, 8
core   0: 3 0x8000031a (0x04a1) x 9 0x00000010
core   0: 0x8000031c (0xff24c9e3) blt     s1, s2, pc - 14
core   0: 3 0x8000031c (0xff24c9e3)
core   0: 0x8000030e (0xcdb1e593) ori     a1, gp, -805
core   0: 3 0x8000030e (0xcdb1e593) x11 0xfffffcdb
core   0: 0x80000312 (0x005ab733) sltu    a4, s5, t0
core   0: 3 0x80000312 (0x005ab733) x14 0x00000000
core   0: 0x80000316 (0x03236033) rem     zero, t1, s2
core   0: 3 0x80000316 (0x03236033)
core   0: 0x8000031a (0x000004a1) c.addi  s1, 8
core   0: 3 0x8000031a (0x04a1) x 9 0x00000018
core   0: 0x8000031c (0xff24c9e3) blt     s1, s2, pc - 14
core   0: 3 0x8000031c (0xff24c9e3)
core   0: 0x80000320 (0x0294e3b3) rem     t2, s1, s1
core   0: 3 0x80000320 (0x0294e3b3) x 7 0x00000000
core   0: 0x80000324 (0xff600613) li      a2, -10
core   0: 3 0x80000324 (0xff600613) x12 0xfffffff6
core   0: 0x80000328 (0x00008d85) c.sub   a1, s1
core   0: 3 0x80000328 (0x8d85) x11 0xfffffcc3
core   0: 0x8000032a (0x12e74b13) xori    s6, a4, 302
core   0: 3 0x8000032a (0x12e74b13) x22 0x0000012e
core   0: 0x8000032e (0x01255f93) srli    t6, a0, 18
core   0: 3 0x8000032e (0x01255f93) x31 0x00003fff
core   0: 0x80000332 (0x00e00413) li      s0, 14
core   0: 3 0x80000332 (0x00e00413) x 8 0x0000000e
core   0: 0x80000336 (0x00000001) c.nop
core   0: 3 0x80000336 (0x0001)
core   0: 0x80000338 (0xd3560b13) addi    s6, a2, -715
core   0: 3 0x80000338 (0xd3560b13) x22 0xfffffd2b
core   0: 0x8000033c (0x00006819) c.lui   a6, 0x6
core   0: 3 0x8000033c (0x6819) x16 0x00006000
core   0: 0x8000033e (0x00006139) c.addi16sp sp, 448
core   0: 3 0x8000033e (0x6139) x 2 0x000001d2
core   0: 0x80000340 (0x00000621) c.addi  a2, 8
core   0: 3 0x80000340 (0x0621) x12 0xfffffffe
core   0: 0x80000342 (0x466f8c97) auipc   s9, 0x466f8
core   0: 3 0x80000342 (0x466f8c97) x25 0xc66f8342
core   0: 0x80000346 (0x00636733) or      a4, t1, t1
core   0: 3 0x80000346 (0x00636733) x14 0x00000000
core   0: 0x8000034a (0x006c0833) add     a6, s8, t1
core   0: 3 0x8000034a (0x006c0833) x16 0xfdf3c45b
core   0: 0x8000034e (0x0000197d) c.addi  s2, -1
core   0: 3 0x8000034e (0x197d) x18 0x00000012
core   0: 0x80000350 (0x00000084) c.addi4spn s1, sp, 64
core   0: 3 0x80000350 (0x0084) x 9 0x00000212
core   0: 0x80000352 (0xfe8615e3) bne     a2, s0, pc - 22
core   0: 3 0x80000352 (0xfe8615e3)
core   0: 0x8000033c (0x00006819) c.lui   a6, 0x6
core   0: 3 0x8000033c (0x6819) x16 0x00006000
core   0: 0x8000033e (0x00006139) c.addi16sp sp, 448
core   0: 3 0x8000033e (0x6139) x 2 0x00000392
core   0: 0x80000340 (0x00000621) c.addi  a2, 8
core   0: 3 0x80000340 (0x0621) x12 0x00000006
core   0: 0x80000342 (0x466f8c97) auipc   s9, 0x466f8
core   0: 3 0x80000342 (0x466f8c97) x25 0xc66f8342
core   0: 0x80000346 (0x00636733) or      a4, t1, t1
core   0: 3 0x80000346 (0x00636733) x14 0x00000000
core   0: 0x8000034a (0x006c0833) add     a6, s8, t1
core   0: 3 0x8000034a (0x006c0833) x16 0xfdf3c45b
core   0: 0x8000034e (0x0000197d) c.addi  s2, -1
core   0: 3 0x8000034e (0x197d) x18 0x00000011
core   0: 0x80000350 (0x00000084) c.addi4spn s1, sp, 64
core   0: 3 0x80000350 (0x0084) x 9 0x000003d2
core   0: 0x80000352 (0xfe8615e3) bne     a2, s0, pc - 22
core   0: 3 0x80000352 (0xfe8615e3)
core   0: 0x8000033c (0x00006819) c.lui   a6, 0x6
core   0: 3 0x8000033c (0x6819) x16 0x00006000
core   0: 0x8000033e (0x00006139) c.addi16sp sp, 448
core   0: 3 0x8000033e (0x6139) x 2 0x00000552
core   0: 0x80000340 (0x00000621) c.addi  a2, 8
core   0: 3 0x80000340 (0x0621) x12 0x0000000e
core   0: 0x80000342 (0x466f8c97) auipc   s9, 0x466f8
core   0: 3 0x80000342 (0x466f8c97) x25 0xc66f8342
core   0: 0x80000346 (0x00636733) or      a4, t1, t1
core   0: 3 0x80000346 (0x00636733) x14 0x00000000
core   0: 0x8000034a (0x006c0833) add     a6, s8, t1
core   0: 3 0x8000034a (0x006c0833) x16 0xfdf3c45b
core   0: 0x8000034e (0x0000197d) c.addi  s2, -1
core   0: 3 0x8000034e (0x197d) x18 0x00000010
core   0: 0x80000350 (0x00000084) c.addi4spn s1, sp, 64
core   0: 3 0x80000350 (0x0084) x 9 0x00000592
core   0: 0x80000352 (0xfe8615e3) bne     a2, s0, pc - 22
core   0: 3 0x80000352 (0xfe8615e3)
core   0: 0x80000356 (0x4118d293) srai    t0, a7, 17
core   0: 3 0x80000356 (0x4118d293) x 5 0x00000000
core   0: 0x8000035a (0x00200693) li      a3, 2
core   0: 3 0x8000035a (0x00200693) x13 0x00000002
core   0: 0x8000035e (0x00008469) c.srai  s0, 26
core   0: 3 0x8000035e (0x8469) x 8 0x00000000
core   0: 0x80000360 (0x00008e69) c.and   a2, a0
core   0: 3 0x80000360 (0x8e69) x12 0x0000000e
core   0: 0x80000362 (0x0000800d) c.srli  s0, 3
core   0: 3 0x80000362 (0x800d) x 8 0x00000000
core   0: 0x80000364 (0x01200d13) li      s10, 18
core   0: 3 0x80000364 (0x01200d13) x26 0x00000012
core   0: 0x80000368 (0x000068e5) c.lui   a7, 0x19
core   0: 3 0x80000368 (0x68e5) x17 0x00019000
core   0: 0x8000036a (0x4f56ef17) auipc   t5, 0x4f56e
core   0: 3 0x8000036a (0x4f56ef17) x30 0xcf56e36a
core   0: 0x8000036e (0x0ff0000f) fence   iorw,iorw
core   0: 3 0x8000036e (0x0ff0000f)
core   0: 0x80000372 (0x0078f9b3) and     s3, a7, t2
core   0: 3 0x80000372 (0x0078f9b3) x19 0x00000000
core   0: 0x80000376 (0x00000685) c.addi  a3, 1
core   0: 3 0x80000376 (0x0685) x13 0x00000003
core   0: 0x80000378 (0xffe00593) li      a1, -2
core   0: 3 0x80000378 (0xffe00593) x11 0xfffffffe
core   0: 0x8000037c (0x01761a93) slli    s5, a2, 23
core   0: 3 0x8000037c (0x01761a93) x21 0x07000000
core   0: 0x80000380 (0x0009a633) slt     a2, s3, zero
core   0: 3 0x80000380 (0x0009a633) x12 0x00000000
core   0: 0x80000384 (0x00000001) c.nop
core   0: 3 0x80000384 (0x0001)
core   0: 0x80000386 (0x357c4497) auipc   s1, 0x357c4
core   0: 3 0x80000386 (0x357c4497) x 9 0xb57c4386
core   0: 0x8000038a (0xb4f60b13) addi    s6, a2, -1201
core   0: 3 0x8000038a (0xb4f60b13) x22 0xfffffb4f
core   0: 0x8000038e (0x00004421) c.li    s0, 8
core   0: 3 0x8000038e (0x4421) x 8 0x00000008
core   0: 0x80000390 (0x00008cad) c.xor   s1, a1
core   0: 3 0x80000390 (0x8cad) x 9 0x4a83bc78
core   0: 0x80000392 (0x0000100f) fence.i
core   0: 3 0x80000392 (0x0000100f)
core   0: 0x80000396 (0x02f96333) rem     t1, s2, a5
core   0: 3 0x80000396 (0x02f96333) x 6 0x00000010
core   0: 0x8000039a (0x00000585) c.addi  a1, 1
core   0: 3 0x8000039a (0x0585) x11 0xffffffff
core   0: 0x8000039c (0x84642293) slti    t0, s0, -1978
core   0: 3 0x8000039c (0x84642293) x 5 0x00000000
core   0: 0x800003a0 (0x01f18ab3) add     s5, gp, t6
core   0: 3 0x800003a0 (0x01f18ab3) x21 0x00004000
core   0: 0x800003a4 (0x00008431) c.srai  s0, 12
core   0: 3 0x800003a4 (0x8431) x 8 0x00000000
core   0: 0x800003a6 (0x0000f1e5) c.bnez  a1, pc - 32
core   0: 3 0x800003a6 (0xf1e5)
core   0: 0x80000386 (0x357c4497) auipc   s1, 0x357c4
core   0: 3 0x80000386 (0x357c4497) x 9 0xb57c4386
core   0: 0x8000038a (0xb4f60b13) addi    s6, a2, -1201
core   0: 3 0x8000038a (0xb4f60b13) x22 0xfffffb4f
core   0: 0x8000038e (0x00004421) c.li    s0, 8
core   0: 3 0x8000038e (0x4421) x 8 0x00000008
core   0: 0x80000390 (0x00008cad) c.xor   s1, a1
core   0: 3 0x80000390 (0x8cad) x 9 0x4a83bc79
core   0: 0x80000392 (0x0000100f) fence.i
core   0: 3 0x80000392 (0x0000100f)
core   0: 0x80000396 (0x02f96333) rem     t1, s2, a5
core   0: 3 0x80000396 (0x02f96333) x 6 0x00000010
core   0: 0x8000039a (0x00000585) c.addi  a1, 1
core   0: 3 0x8000039a (0x0585) x11 0x00000000
core   0: 0x8000039c (0x84642293) slti    t0, s0, -1978
core   0: 3 0x8000039c (0x84642293) x 5 0x00000000
core   0: 0x800003a0 (0x01f18ab3) add     s5, gp, t6
core   0: 3 0x800003a0 (0x01f18ab3) x21 0x00004000
core   0: 0x800003a4 (0x00008431) c.srai  s0, 12
core   0: 3 0x800003a4 (0x8431) x 8 0x00000000
core   0: 0x800003a6 (0x0000f1e5) c.bnez  a1, pc - 32
core   0: 3 0x800003a6 (0xf1e5)
core   0: 0x800003a8 (0x002c5733) srl     a4, s8, sp
core   0: 3 0x800003a8 (0x002c5733) x14 0x00003f7c
core   0: 0x800003ac (0xfba69ee3) bne     a3, s10, pc - 68
core   0: 3 0x800003ac (0xfba69ee3)
core   0: 0x80000368 (0x000068e5) c.lui   a7, 0x19
core   0: 3 0x80000368 (0x68e5) x17 0x00019000
core   0: 0x8000036a (0x4f56ef17) auipc   t5, 0x4f56e
core   0: 3 0x8000036a (0x4f56ef17) x30 0xcf56e36a
core   0: 0x8000036e (0x0ff0000f) fence   iorw,iorw
core   0: 3 0x8000036e (0x0ff0000f)
core   0: 0x80000372 (0x0078f9b3) and     s3, a7, t2
core   0: 3 0x80000372 (0x0078f9b3) x19 0x00000000
core   0: 0x80000376 (0x00000685) c.addi  a3, 1
core   0: 3 0x80000376 (0x0685) x13 0x00000004
core   0: 0x80000378 (0xffe00593) li      a1, -2
core   0: 3 0x80000378 (0xffe00593) x11 0xfffffffe
core   0: 0x8000037c (0x01761a93) slli    s5, a2, 23
core   0: 3 0x8000037c (0x01761a93) x21 0x00000000
core   0: 0x80000380 (0x0009a633) slt     a2, s3, zero
core   0: 3 0x80000380 (0x0009a633) x12 0x00000000
core   0: 0x80000384 (0x00000001) c.nop
core   0: 3 0x80000384 (0x0001)
core   0: 0x80000386 (0x357c4497) auipc   s1, 0x357c4
core   0: 3 0x80000386 (0x357c4497) x 9 0xb57c4386
core   0: 0x8000038a (0xb4f60b13) addi    s6, a2, -1201
core   0: 3 0x8000038a (0xb4f60b13) x22 0xfffffb4f
core   0: 0x8000038e (0x00004421) c.li    s0, 8
core   0: 3 0x8000038e (0x4421) x 8 0x00000008
core   0: 0x80000390 (0x00008cad) c.xor   s1, a1
core   0: 3 0x80000390 (0x8cad) x 9 0x4a83bc78
core   0: 0x80000392 (0x0000100f) fence.i
core   0: 3 0x80000392 (0x0000100f)
core   0: 0x80000396 (0x02f96333) rem     t1, s2, a5
core   0: 3 0x80000396 (0x02f96333) x 6 0x00000010
core   0: 0x8000039a (0x00000585) c.addi  a1, 1
core   0: 3 0x8000039a (0x0585) x11 0xffffffff
core   0: 0x8000039c (0x84642293) slti    t0, s0, -1978
core   0: 3 0x8000039c (0x84642293) x 5 0x00000000
core   0: 0x800003a0 (0x01f18ab3) add     s5, gp, t6
core   0: 3 0x800003a0 (0x01f18ab3) x21 0x00004000
core   0: 0x800003a4 (0x00008431) c.srai  s0, 12
core   0: 3 0x800003a4 (0x8431) x 8 0x00000000
core   0: 0x800003a6 (0x0000f1e5) c.bnez  a1, pc - 32
core   0: 3 0x800003a6 (0xf1e5)
core   0: 0x80000386 (0x357c4497) auipc   s1, 0x357c4
core   0: 3 0x80000386 (0x357c4497) x 9 0xb57c4386
core   0: 0x8000038a (0xb4f60b13) addi    s6, a2, -1201
core   0: 3 0x8000038a (0xb4f60b13) x22 0xfffffb4f
core   0: 0x8000038e (0x00004421) c.li    s0, 8
core   0: 3 0x8000038e (0x4421) x 8 0x00000008
core   0: 0x80000390 (0x00008cad) c.xor   s1, a1
core   0: 3 0x80000390 (0x8cad) x 9 0x4a83bc79
core   0: 0x80000392 (0x0000100f) fence.i
core   0: 3 0x80000392 (0x0000100f)
core   0: 0x80000396 (0x02f96333) rem     t1, s2, a5
core   0: 3 0x80000396 (0x02f96333) x 6 0x00000010
core   0: 0x8000039a (0x00000585) c.addi  a1, 1
core   0: 3 0x8000039a (0x0585) x11 0x00000000
core   0: 0x8000039c (0x84642293) slti    t0, s0, -1978
core   0: 3 0x8000039c (0x84642293) x 5 0x00000000
core   0: 0x800003a0 (0x01f18ab3) add     s5, gp, t6
core   0: 3 0x800003a0 (0x01f18ab3) x21 0x00004000
core   0: 0x800003a4 (0x00008431) c.srai  s0, 12
core   0: 3 0x800003a4 (0x8431) x 8 0x00000000
core   0: 0x800003a6 (0x0000f1e5) c.bnez  a1, pc - 32
core   0: 3 0x800003a6 (0xf1e5)
core   0: 0x800003a8 (0x002c5733) srl     a4, s8, sp
core   0: 3 0x800003a8 (0x002c5733) x14 0x00003f7c
core   0: 0x800003ac (0xfba69ee3) bne     a3, s10, pc - 68
core   0: 3 0x800003ac (0xfba69ee3)
core   0: 0x80000368 (0x000068e5) c.lui   a7, 0x19
core   0: 3 0x80000368 (0x68e5) x17 0x00019000
core   0: 0x8000036a (0x4f56ef17) auipc   t5, 0x4f56e
core   0: 3 0x8000036a (0x4f56ef17) x30 0xcf56e36a
core   0: 0x8000036e (0x0ff0000f) fence   iorw,iorw
core   0: 3 0x8000036e (0x0ff0000f)
core   0: 0x80000372 (0x0078f9b3) and     s3, a7, t2
core   0: 3 0x80000372 (0x0078f9b3) x19 0x00000000
core   0: 0x80000376 (0x00000685) c.addi  a3, 1
core   0: 3 0x80000376 (0x0685) x13 0x00000005
core   0: 0x80000378 (0xffe00593) li      a1, -2
core   0: 3 0x80000378 (0xffe00593) x11 0xfffffffe
core   0: 0x8000037c (0x01761a93) slli    s5, a2, 23
core   0: 3 0x8000037c (0x01761a93) x21 0x00000000
core   0: 0x80000380 (0x0009a633) slt     a2, s3, zero
core   0: 3 0x80000380 (0x0009a633) x12 0x00000000
core   0: 0x80000384 (0x00000001) c.nop
core   0: 3 0x80000384 (0x0001)
core   0: 0x80000386 (0x357c4497) auipc   s1, 0x357c4
core   0: 3 0x80000386 (0x357c4497) x 9 0xb57c4386
core   0: 0x8000038a (0xb4f60b13) addi    s6, a2, -1201
core   0: 3 0x8000038a (0xb4f60b13) x22 0xfffffb4f
core   0: 0x8000038e (0x00004421) c.li    s0, 8
core   0: 3 0x8000038e (0x4421) x 8 0x00000008
core   0: 0x80000390 (0x00008cad) c.xor   s1, a1
core   0: 3 0x80000390 (0x8cad) x 9 0x4a83bc78
core   0: 0x80000392 (0x0000100f) fence.i
core   0: 3 0x80000392 (0x0000100f)
core   0: 0x80000396 (0x02f96333) rem     t1, s2, a5
core   0: 3 0x80000396 (0x02f96333) x 6 0x00000010
core   0: 0x8000039a (0x00000585) c.addi  a1, 1
core   0: 3 0x8000039a (0x0585) x11 0xffffffff
core   0: 0x8000039c (0x84642293) slti    t0, s0, -1978
core   0: 3 0x8000039c (0x84642293) x 5 0x00000000
core   0: 0x800003a0 (0x01f18ab3) add     s5, gp, t6
core   0: 3 0x800003a0 (0x01f18ab3) x21 0x00004000
core   0: 0x800003a4 (0x00008431) c.srai  s0, 12
core   0: 3 0x800003a4 (0x8431) x 8 0x00000000
core   0: 0x800003a6 (0x0000f1e5) c.bnez  a1, pc - 32
core   0: 3 0x800003a6 (0xf1e5)
core   0: 0x80000386 (0x357c4497) auipc   s1, 0x357c4
core   0: 3 0x80000386 (0x357c4497) x 9 0xb57c4386
core   0: 0x8000038a (0xb4f60b13) addi    s6, a2, -1201
core   0: 3 0x8000038a (0xb4f60b13) x22 0xfffffb4f
core   0: 0x8000038e (0x00004421) c.li    s0, 8
core   0: 3 0x8000038e (0x4421) x 8 0x00000008
core   0: 0x80000390 (0x00008cad) c.xor   s1, a1
core   0: 3 0x80000390 (0x8cad) x 9 0x4a83bc79
core   0: 0x80000392 (0x0000100f) fence.i
core   0: 3 0x80000392 (0x0000100f)
core   0: 0x80000396 (0x02f96333) rem     t1, s2, a5
core   0: 3 0x80000396 (0x02f96333) x 6 0x00000010
core   0: 0x8000039a (0x00000585) c.addi  a1, 1
core   0: 3 0x8000039a (0x0585) x11 0x00000000
core   0: 0x8000039c (0x84642293) slti    t0, s0, -1978
core   0: 3 0x8000039c (0x84642293) x 5 0x00000000
core   0: 0x800003a0 (0x01f18ab3) add     s5, gp, t6
core   0: 3 0x800003a0 (0x01f18ab3) x21 0x00004000
core   0: 0x800003a4 (0x00008431) c.srai  s0, 12
core   0: 3 0x800003a4 (0x8431) x 8 0x00000000
core   0: 0x800003a6 (0x0000f1e5) c.bnez  a1, pc - 32
core   0: 3 0x800003a6 (0xf1e5)
core   0: 0x800003a8 (0x002c5733) srl     a4, s8, sp
core   0: 3 0x800003a8 (0x002c5733) x14 0x00003f7c
core   0: 0x800003ac (0xfba69ee3) bne     a3, s10, pc - 68
core   0: 3 0x800003ac (0xfba69ee3)
core   0: 0x80000368 (0x000068e5) c.lui   a7, 0x19
core   0: 3 0x80000368 (0x68e5) x17 0x00019000
core   0: 0x8000036a (0x4f56ef17) auipc   t5, 0x4f56e
core   0: 3 0x8000036a (0x4f56ef17) x30 0xcf56e36a
core   0: 0x8000036e (0x0ff0000f) fence   iorw,iorw
core   0: 3 0x8000036e (0x0ff0000f)
core   0: 0x80000372 (0x0078f9b3) and     s3, a7, t2
core   0: 3 0x80000372 (0x0078f9b3) x19 0x00000000
core   0: 0x80000376 (0x00000685) c.addi  a3, 1
core   0: 3 0x80000376 (0x0685) x13 0x00000006
core   0: 0x80000378 (0xffe00593) li      a1, -2
core   0: 3 0x80000378 (0xffe00593) x11 0xfffffffe
core   0: 0x8000037c (0x01761a93) slli    s5, a2, 23
core   0: 3 0x8000037c (0x01761a93) x21 0x00000000
core   0: 0x80000380 (0x0009a633) slt     a2, s3, zero
core   0: 3 0x80000380 (0x0009a633) x12 0x00000000
core   0: 0x80000384 (0x00000001) c.nop
core   0: 3 0x80000384 (0x0001)
core   0: 0x80000386 (0x357c4497) auipc   s1, 0x357c4
core   0: 3 0x80000386 (0x357c4497) x 9 0xb57c4386
core   0: 0x8000038a (0xb4f60b13) addi    s6, a2, -1201
core   0: 3 0x8000038a (0xb4f60b13) x22 0xfffffb4f
core   0: 0x8000038e (0x00004421) c.li    s0, 8
core   0: 3 0x8000038e (0x4421) x 8 0x00000008
core   0: 0x80000390 (0x00008cad) c.xor   s1, a1
core   0: 3 0x80000390 (0x8cad) x 9 0x4a83bc78
core   0: 0x80000392 (0x0000100f) fence.i
core   0: 3 0x80000392 (0x0000100f)
core   0: 0x80000396 (0x02f96333) rem     t1, s2, a5
core   0: 3 0x80000396 (0x02f96333) x 6 0x00000010
core   0: 0x8000039a (0x00000585) c.addi  a1, 1
core   0: 3 0x8000039a (0x0585) x11 0xffffffff
core   0: 0x8000039c (0x84642293) slti    t0, s0, -1978
core   0: 3 0x8000039c (0x84642293) x 5 0x00000000
core   0: 0x800003a0 (0x01f18ab3) add     s5, gp, t6
core   0: 3 0x800003a0 (0x01f18ab3) x21 0x00004000
core   0: 0x800003a4 (0x00008431) c.srai  s0, 12
core   0: 3 0x800003a4 (0x8431) x 8 0x00000000
core   0: 0x800003a6 (0x0000f1e5) c.bnez  a1, pc - 32
core   0: 3 0x800003a6 (0xf1e5)
core   0: 0x80000386 (0x357c4497) auipc   s1, 0x357c4
core   0: 3 0x80000386 (0x357c4497) x 9 0xb57c4386
core   0: 0x8000038a (0xb4f60b13) addi    s6, a2, -1201
core   0: 3 0x8000038a (0xb4f60b13) x22 0xfffffb4f
core   0: 0x8000038e (0x00004421) c.li    s0, 8
core   0: 3 0x8000038e (0x4421) x 8 0x00000008
core   0: 0x80000390 (0x00008cad) c.xor   s1, a1
core   0: 3 0x80000390 (0x8cad) x 9 0x4a83bc79
core   0: 0x80000392 (0x0000100f) fence.i
core   0: 3 0x80000392 (0x0000100f)
core   0: 0x80000396 (0x02f96333) rem     t1, s2, a5
core   0: 3 0x80000396 (0x02f96333) x 6 0x00000010
core   0: 0x8000039a (0x00000585) c.addi  a1, 1
core   0: 3 0x8000039a (0x0585) x11 0x00000000
core   0: 0x8000039c (0x84642293) slti    t0, s0, -1978
core   0: 3 0x8000039c (0x84642293) x 5 0x00000000
core   0: 0x800003a0 (0x01f18ab3) add     s5, gp, t6
core   0: 3 0x800003a0 (0x01f18ab3) x21 0x00004000
core   0: 0x800003a4 (0x00008431) c.srai  s0, 12
core   0: 3 0x800003a4 (0x8431) x 8 0x00000000
core   0: 0x800003a6 (0x0000f1e5) c.bnez  a1, pc - 32
core   0: 3 0x800003a6 (0xf1e5)
core   0: 0x800003a8 (0x002c5733) srl     a4, s8, sp
core   0: 3 0x800003a8 (0x002c5733) x14 0x00003f7c
core   0: 0x800003ac (0xfba69ee3) bne     a3, s10, pc - 68
core   0: 3 0x800003ac (0xfba69ee3)
core   0: 0x80000368 (0x000068e5) c.lui   a7, 0x19
core   0: 3 0x80000368 (0x68e5) x17 0x00019000
core   0: 0x8000036a (0x4f56ef17) auipc   t5, 0x4f56e
core   0: 3 0x8000036a (0x4f56ef17) x30 0xcf56e36a
core   0: 0x8000036e (0x0ff0000f) fence   iorw,iorw
core   0: 3 0x8000036e (0x0ff0000f)
core   0: 0x80000372 (0x0078f9b3) and     s3, a7, t2
core   0: 3 0x80000372 (0x0078f9b3) x19 0x00000000
core   0: 0x80000376 (0x00000685) c.addi  a3, 1
core   0: 3 0x80000376 (0x0685) x13 0x00000007
core   0: 0x80000378 (0xffe00593) li      a1, -2
core   0: 3 0x80000378 (0xffe00593) x11 0xfffffffe
core   0: 0x8000037c (0x01761a93) slli    s5, a2, 23
core   0: 3 0x8000037c (0x01761a93) x21 0x00000000
core   0: 0x80000380 (0x0009a633) slt     a2, s3, zero
core   0: 3 0x80000380 (0x0009a633) x12 0x00000000
core   0: 0x80000384 (0x00000001) c.nop
core   0: 3 0x80000384 (0x0001)
core   0: 0x80000386 (0x357c4497) auipc   s1, 0x357c4
core   0: 3 0x80000386 (0x357c4497) x 9 0xb57c4386
core   0: 0x8000038a (0xb4f60b13) addi    s6, a2, -1201
core   0: 3 0x8000038a (0xb4f60b13) x22 0xfffffb4f
core   0: 0x8000038e (0x00004421) c.li    s0, 8
core   0: 3 0x8000038e (0x4421) x 8 0x00000008
core   0: 0x80000390 (0x00008cad) c.xor   s1, a1
core   0: 3 0x80000390 (0x8cad) x 9 0x4a83bc78
core   0: 0x80000392 (0x0000100f) fence.i
core   0: 3 0x80000392 (0x0000100f)
core   0: 0x80000396 (0x02f96333) rem     t1, s2, a5
core   0: 3 0x80000396 (0x02f96333) x 6 0x00000010
core   0: 0x8000039a (0x00000585) c.addi  a1, 1
core   0: 3 0x8000039a (0x0585) x11 0xffffffff
core   0: 0x8000039c (0x84642293) slti    t0, s0, -1978
core   0: 3 0x8000039c (0x84642293) x 5 0x00000000
core   0: 0x800003a0 (0x01f18ab3) add     s5, gp, t6
core   0: 3 0x800003a0 (0x01f18ab3) x21 0x00004000
core   0: 0x800003a4 (0x00008431) c.srai  s0, 12
core   0: 3 0x800003a4 (0x8431) x 8 0x00000000
core   0: 0x800003a6 (0x0000f1e5) c.bnez  a1, pc - 32
core   0: 3 0x800003a6 (0xf1e5)
core   0: 0x80000386 (0x357c4497) auipc   s1, 0x357c4
core   0: 3 0x80000386 (0x357c4497) x 9 0xb57c4386
core   0: 0x8000038a (0xb4f60b13) addi    s6, a2, -1201
core   0: 3 0x8000038a (0xb4f60b13) x22 0xfffffb4f
core   0: 0x8000038e (0x00004421) c.li    s0, 8
core   0: 3 0x8000038e (0x4421) x 8 0x00000008
core   0: 0x80000390 (0x00008cad) c.xor   s1, a1
core   0: 3 0x80000390 (0x8cad) x 9 0x4a83bc79
core   0: 0x80000392 (0x0000100f) fence.i
core   0: 3 0x80000392 (0x0000100f)
core   0: 0x80000396 (0x02f96333) rem     t1, s2, a5
core   0: 3 0x80000396 (0x02f96333) x 6 0x00000010
core   0: 0x8000039a (0x00000585) c.addi  a1, 1
core   0: 3 0x8000039a (0x0585) x11 0x00000000
core   0: 0x8000039c (0x84642293) slti    t0, s0, -1978
core   0: 3 0x8000039c (0x84642293) x 5 0x00000000
core   0: 0x800003a0 (0x01f18ab3) add     s5, gp, t6
core   0: 3 0x800003a0 (0x01f18ab3) x21 0x00004000
core   0: 0x800003a4 (0x00008431) c.srai  s0, 12
core   0: 3 0x800003a4 (0x8431) x 8 0x00000000
core   0: 0x800003a6 (0x0000f1e5) c.bnez  a1, pc - 32
core   0: 3 0x800003a6 (0xf1e5)
core   0: 0x800003a8 (0x002c5733) srl     a4, s8, sp
core   0: 3 0x800003a8 (0x002c5733) x14 0x00003f7c
core   0: 0x800003ac (0xfba69ee3) bne     a3, s10, pc - 68
core   0: 3 0x800003ac (0xfba69ee3)
core   0: 0x80000368 (0x000068e5) c.lui   a7, 0x19
core   0: 3 0x80000368 (0x68e5) x17 0x00019000
core   0: 0x8000036a (0x4f56ef17) auipc   t5, 0x4f56e
core   0: 3 0x8000036a (0x4f56ef17) x30 0xcf56e36a
core   0: 0x8000036e (0x0ff0000f) fence   iorw,iorw
core   0: 3 0x8000036e (0x0ff0000f)
core   0: 0x80000372 (0x0078f9b3) and     s3, a7, t2
core   0: 3 0x80000372 (0x0078f9b3) x19 0x00000000
core   0: 0x80000376 (0x00000685) c.addi  a3, 1
core   0: 3 0x80000376 (0x0685) x13 0x00000008
core   0: 0x80000378 (0xffe00593) li      a1, -2
core   0: 3 0x80000378 (0xffe00593) x11 0xfffffffe
core   0: 0x8000037c (0x01761a93) slli    s5, a2, 23
core   0: 3 0x8000037c (0x01761a93) x21 0x00000000
core   0: 0x80000380 (0x0009a633) slt     a2, s3, zero
core   0: 3 0x80000380 (0x0009a633) x12 0x00000000
core   0: 0x80000384 (0x00000001) c.nop
core   0: 3 0x80000384 (0x0001)
core   0: 0x80000386 (0x357c4497) auipc   s1, 0x357c4
core   0: 3 0x80000386 (0x357c4497) x 9 0xb57c4386
core   0: 0x8000038a (0xb4f60b13) addi    s6, a2, -1201
core   0: 3 0x8000038a (0xb4f60b13) x22 0xfffffb4f
core   0: 0x8000038e (0x00004421) c.li    s0, 8
core   0: 3 0x8000038e (0x4421) x 8 0x00000008
core   0: 0x80000390 (0x00008cad) c.xor   s1, a1
core   0: 3 0x80000390 (0x8cad) x 9 0x4a83bc78
core   0: 0x80000392 (0x0000100f) fence.i
core   0: 3 0x80000392 (0x0000100f)
core   0: 0x80000396 (0x02f96333) rem     t1, s2, a5
core   0: 3 0x80000396 (0x02f96333) x 6 0x00000010
core   0: 0x8000039a (0x00000585) c.addi  a1, 1
core   0: 3 0x8000039a (0x0585) x11 0xffffffff
core   0: 0x8000039c (0x84642293) slti    t0, s0, -1978
core   0: 3 0x8000039c (0x84642293) x 5 0x00000000
core   0: 0x800003a0 (0x01f18ab3) add     s5, gp, t6
core   0: 3 0x800003a0 (0x01f18ab3) x21 0x00004000
core   0: 0x800003a4 (0x00008431) c.srai  s0, 12
core   0: 3 0x800003a4 (0x8431) x 8 0x00000000
core   0: 0x800003a6 (0x0000f1e5) c.bnez  a1, pc - 32
core   0: 3 0x800003a6 (0xf1e5)
core   0: 0x80000386 (0x357c4497) auipc   s1, 0x357c4
core   0: 3 0x80000386 (0x357c4497) x 9 0xb57c4386
core   0: 0x8000038a (0xb4f60b13) addi    s6, a2, -1201
core   0: 3 0x8000038a (0xb4f60b13) x22 0xfffffb4f
core   0: 0x8000038e (0x00004421) c.li    s0, 8
core   0: 3 0x8000038e (0x4421) x 8 0x00000008
core   0: 0x80000390 (0x00008cad) c.xor   s1, a1
core   0: 3 0x80000390 (0x8cad) x 9 0x4a83bc79
core   0: 0x80000392 (0x0000100f) fence.i
core   0: 3 0x80000392 (0x0000100f)
core   0: 0x80000396 (0x02f96333) rem     t1, s2, a5
core   0: 3 0x80000396 (0x02f96333) x 6 0x00000010
core   0: 0x8000039a (0x00000585) c.addi  a1, 1
core   0: 3 0x8000039a (0x0585) x11 0x00000000
core   0: 0x8000039c (0x84642293) slti    t0, s0, -1978
core   0: 3 0x8000039c (0x84642293) x 5 0x00000000
core   0: 0x800003a0 (0x01f18ab3) add     s5, gp, t6
core   0: 3 0x800003a0 (0x01f18ab3) x21 0x00004000
core   0: 0x800003a4 (0x00008431) c.srai  s0, 12
core   0: 3 0x800003a4 (0x8431) x 8 0x00000000
core   0: 0x800003a6 (0x0000f1e5) c.bnez  a1, pc - 32
core   0: 3 0x800003a6 (0xf1e5)
core   0: 0x800003a8 (0x002c5733) srl     a4, s8, sp
core   0: 3 0x800003a8 (0x002c5733) x14 0x00003f7c
core   0: 0x800003ac (0xfba69ee3) bne     a3, s10, pc - 68
core   0: 3 0x800003ac (0xfba69ee3)
core   0: 0x80000368 (0x000068e5) c.lui   a7, 0x19
core   0: 3 0x80000368 (0x68e5) x17 0x00019000
core   0: 0x8000036a (0x4f56ef17) auipc   t5, 0x4f56e
core   0: 3 0x8000036a (0x4f56ef17) x30 0xcf56e36a
core   0: 0x8000036e (0x0ff0000f) fence   iorw,iorw
core   0: 3 0x8000036e (0x0ff0000f)
core   0: 0x80000372 (0x0078f9b3) and     s3, a7, t2
core   0: 3 0x80000372 (0x0078f9b3) x19 0x00000000
core   0: 0x80000376 (0x00000685) c.addi  a3, 1
core   0: 3 0x80000376 (0x0685) x13 0x00000009
core   0: 0x80000378 (0xffe00593) li      a1, -2
core   0: 3 0x80000378 (0xffe00593) x11 0xfffffffe
core   0: 0x8000037c (0x01761a93) slli    s5, a2, 23
core   0: 3 0x8000037c (0x01761a93) x21 0x00000000
core   0: 0x80000380 (0x0009a633) slt     a2, s3, zero
core   0: 3 0x80000380 (0x0009a633) x12 0x00000000
core   0: 0x80000384 (0x00000001) c.nop
core   0: 3 0x80000384 (0x0001)
core   0: 0x80000386 (0x357c4497) auipc   s1, 0x357c4
core   0: 3 0x80000386 (0x357c4497) x 9 0xb57c4386
core   0: 0x8000038a (0xb4f60b13) addi    s6, a2, -1201
core   0: 3 0x8000038a (0xb4f60b13) x22 0xfffffb4f
core   0: 0x8000038e (0x00004421) c.li    s0, 8
core   0: 3 0x8000038e (0x4421) x 8 0x00000008
core   0: 0x80000390 (0x00008cad) c.xor   s1, a1
core   0: 3 0x80000390 (0x8cad) x 9 0x4a83bc78
core   0: 0x80000392 (0x0000100f) fence.i
core   0: 3 0x80000392 (0x0000100f)
core   0: 0x80000396 (0x02f96333) rem     t1, s2, a5
core   0: 3 0x80000396 (0x02f96333) x 6 0x00000010
core   0: 0x8000039a (0x00000585) c.addi  a1, 1
core   0: 3 0x8000039a (0x0585) x11 0xffffffff
core   0: 0x8000039c (0x84642293) slti    t0, s0, -1978
core   0: 3 0x8000039c (0x84642293) x 5 0x00000000
core   0: 0x800003a0 (0x01f18ab3) add     s5, gp, t6
core   0: 3 0x800003a0 (0x01f18ab3) x21 0x00004000
core   0: 0x800003a4 (0x00008431) c.srai  s0, 12
core   0: 3 0x800003a4 (0x8431) x 8 0x00000000
core   0: 0x800003a6 (0x0000f1e5) c.bnez  a1, pc - 32
core   0: 3 0x800003a6 (0xf1e5)
core   0: 0x80000386 (0x357c4497) auipc   s1, 0x357c4
core   0: 3 0x80000386 (0x357c4497) x 9 0xb57c4386
core   0: 0x8000038a (0xb4f60b13) addi    s6, a2, -1201
core   0: 3 0x8000038a (0xb4f60b13) x22 0xfffffb4f
core   0: 0x8000038e (0x00004421) c.li    s0, 8
core   0: 3 0x8000038e (0x4421) x 8 0x00000008
core   0: 0x80000390 (0x00008cad) c.xor   s1, a1
core   0: 3 0x80000390 (0x8cad) x 9 0x4a83bc79
core   0: 0x80000392 (0x0000100f) fence.i
core   0: 3 0x80000392 (0x0000100f)
core   0: 0x80000396 (0x02f96333) rem     t1, s2, a5
core   0: 3 0x80000396 (0x02f96333) x 6 0x00000010
core   0: 0x8000039a (0x00000585) c.addi  a1, 1
core   0: 3 0x8000039a (0x0585) x11 0x00000000
core   0: 0x8000039c (0x84642293) slti    t0, s0, -1978
core   0: 3 0x8000039c (0x84642293) x 5 0x00000000
core   0: 0x800003a0 (0x01f18ab3) add     s5, gp, t6
core   0: 3 0x800003a0 (0x01f18ab3) x21 0x00004000
core   0: 0x800003a4 (0x00008431) c.srai  s0, 12
core   0: 3 0x800003a4 (0x8431) x 8 0x00000000
core   0: 0x800003a6 (0x0000f1e5) c.bnez  a1, pc - 32
core   0: 3 0x800003a6 (0xf1e5)
core   0: 0x800003a8 (0x002c5733) srl     a4, s8, sp
core   0: 3 0x800003a8 (0x002c5733) x14 0x00003f7c
core   0: 0x800003ac (0xfba69ee3) bne     a3, s10, pc - 68
core   0: 3 0x800003ac (0xfba69ee3)
core   0: 0x80000368 (0x000068e5) c.lui   a7, 0x19
core   0: 3 0x80000368 (0x68e5) x17 0x00019000
core   0: 0x8000036a (0x4f56ef17) auipc   t5, 0x4f56e
core   0: 3 0x8000036a (0x4f56ef17) x30 0xcf56e36a
core   0: 0x8000036e (0x0ff0000f) fence   iorw,iorw
core   0: 3 0x8000036e (0x0ff0000f)
core   0: 0x80000372 (0x0078f9b3) and     s3, a7, t2
core   0: 3 0x80000372 (0x0078f9b3) x19 0x00000000
core   0: 0x80000376 (0x00000685) c.addi  a3, 1
core   0: 3 0x80000376 (0x0685) x13 0x0000000a
core   0: 0x80000378 (0xffe00593) li      a1, -2
core   0: 3 0x80000378 (0xffe00593) x11 0xfffffffe
core   0: 0x8000037c (0x01761a93) slli    s5, a2, 23
core   0: 3 0x8000037c (0x01761a93) x21 0x00000000
core   0: 0x80000380 (0x0009a633) slt     a2, s3, zero
core   0: 3 0x80000380 (0x0009a633) x12 0x00000000
core   0: 0x80000384 (0x00000001) c.nop
core   0: 3 0x80000384 (0x0001)
core   0: 0x80000386 (0x357c4497) auipc   s1, 0x357c4
core   0: 3 0x80000386 (0x357c4497) x 9 0xb57c4386
core   0: 0x8000038a (0xb4f60b13) addi    s6, a2, -1201
core   0: 3 0x8000038a (0xb4f60b13) x22 0xfffffb4f
core   0: 0x8000038e (0x00004421) c.li    s0, 8
core   0: 3 0x8000038e (0x4421) x 8 0x00000008
core   0: 0x80000390 (0x00008cad) c.xor   s1, a1
core   0: 3 0x80000390 (0x8cad) x 9 0x4a83bc78
core   0: 0x80000392 (0x0000100f) fence.i
core   0: 3 0x80000392 (0x0000100f)
core   0: 0x80000396 (0x02f96333) rem     t1, s2, a5
core   0: 3 0x80000396 (0x02f96333) x 6 0x00000010
core   0: 0x8000039a (0x00000585) c.addi  a1, 1
core   0: 3 0x8000039a (0x0585) x11 0xffffffff
core   0: 0x8000039c (0x84642293) slti    t0, s0, -1978
core   0: 3 0x8000039c (0x84642293) x 5 0x00000000
core   0: 0x800003a0 (0x01f18ab3) add     s5, gp, t6
core   0: 3 0x800003a0 (0x01f18ab3) x21 0x00004000
core   0: 0x800003a4 (0x00008431) c.srai  s0, 12
core   0: 3 0x800003a4 (0x8431) x 8 0x00000000
core   0: 0x800003a6 (0x0000f1e5) c.bnez  a1, pc - 32
core   0: 3 0x800003a6 (0xf1e5)
core   0: 0x80000386 (0x357c4497) auipc   s1, 0x357c4
core   0: 3 0x80000386 (0x357c4497) x 9 0xb57c4386
core   0: 0x8000038a (0xb4f60b13) addi    s6, a2, -1201
core   0: 3 0x8000038a (0xb4f60b13) x22 0xfffffb4f
core   0: 0x8000038e (0x00004421) c.li    s0, 8
core   0: 3 0x8000038e (0x4421) x 8 0x00000008
core   0: 0x80000390 (0x00008cad) c.xor   s1, a1
core   0: 3 0x80000390 (0x8cad) x 9 0x4a83bc79
core   0: 0x80000392 (0x0000100f) fence.i
core   0: 3 0x80000392 (0x0000100f)
core   0: 0x80000396 (0x02f96333) rem     t1, s2, a5
core   0: 3 0x80000396 (0x02f96333) x 6 0x00000010
core   0: 0x8000039a (0x00000585) c.addi  a1, 1
core   0: 3 0x8000039a (0x0585) x11 0x00000000
core   0: 0x8000039c (0x84642293) slti    t0, s0, -1978
core   0: 3 0x8000039c (0x84642293) x 5 0x00000000
core   0: 0x800003a0 (0x01f18ab3) add     s5, gp, t6
core   0: 3 0x800003a0 (0x01f18ab3) x21 0x00004000
core   0: 0x800003a4 (0x00008431) c.srai  s0, 12
core   0: 3 0x800003a4 (0x8431) x 8 0x00000000
core   0: 0x800003a6 (0x0000f1e5) c.bnez  a1, pc - 32
core   0: 3 0x800003a6 (0xf1e5)
core   0: 0x800003a8 (0x002c5733) srl     a4, s8, sp
core   0: 3 0x800003a8 (0x002c5733) x14 0x00003f7c
core   0: 0x800003ac (0xfba69ee3) bne     a3, s10, pc - 68
core   0: 3 0x800003ac (0xfba69ee3)
core   0: 0x80000368 (0x000068e5) c.lui   a7, 0x19
core   0: 3 0x80000368 (0x68e5) x17 0x00019000
core   0: 0x8000036a (0x4f56ef17) auipc   t5, 0x4f56e
core   0: 3 0x8000036a (0x4f56ef17) x30 0xcf56e36a
core   0: 0x8000036e (0x0ff0000f) fence   iorw,iorw
core   0: 3 0x8000036e (0x0ff0000f)
core   0: 0x80000372 (0x0078f9b3) and     s3, a7, t2
core   0: 3 0x80000372 (0x0078f9b3) x19 0x00000000
core   0: 0x80000376 (0x00000685) c.addi  a3, 1
core   0: 3 0x80000376 (0x0685) x13 0x0000000b
core   0: 0x80000378 (0xffe00593) li      a1, -2
core   0: 3 0x80000378 (0xffe00593) x11 0xfffffffe
core   0: 0x8000037c (0x01761a93) slli    s5, a2, 23
core   0: 3 0x8000037c (0x01761a93) x21 0x00000000
core   0: 0x80000380 (0x0009a633) slt     a2, s3, zero
core   0: 3 0x80000380 (0x0009a633) x12 0x00000000
core   0: 0x80000384 (0x00000001) c.nop
core   0: 3 0x80000384 (0x0001)
core   0: 0x80000386 (0x357c4497) auipc   s1, 0x357c4
core   0: 3 0x80000386 (0x357c4497) x 9 0xb57c4386
core   0: 0x8000038a (0xb4f60b13) addi    s6, a2, -1201
core   0: 3 0x8000038a (0xb4f60b13) x22 0xfffffb4f
core   0: 0x8000038e (0x00004421) c.li    s0, 8
core   0: 3 0x8000038e (0x4421) x 8 0x00000008
core   0: 0x80000390 (0x00008cad) c.xor   s1, a1
core   0: 3 0x80000390 (0x8cad) x 9 0x4a83bc78
core   0: 0x80000392 (0x0000100f) fence.i
core   0: 3 0x80000392 (0x0000100f)
core   0: 0x80000396 (0x02f96333) rem     t1, s2, a5
core   0: 3 0x80000396 (0x02f96333) x 6 0x00000010
core   0: 0x8000039a (0x00000585) c.addi  a1, 1
core   0: 3 0x8000039a (0x0585) x11 0xffffffff
core   0: 0x8000039c (0x84642293) slti    t0, s0, -1978
core   0: 3 0x8000039c (0x84642293) x 5 0x00000000
core   0: 0x800003a0 (0x01f18ab3) add     s5, gp, t6
core   0: 3 0x800003a0 (0x01f18ab3) x21 0x00004000
core   0: 0x800003a4 (0x00008431) c.srai  s0, 12
core   0: 3 0x800003a4 (0x8431) x 8 0x00000000
core   0: 0x800003a6 (0x0000f1e5) c.bnez  a1, pc - 32
core   0: 3 0x800003a6 (0xf1e5)
core   0: 0x80000386 (0x357c4497) auipc   s1, 0x357c4
core   0: 3 0x80000386 (0x357c4497) x 9 0xb57c4386
core   0: 0x8000038a (0xb4f60b13) addi    s6, a2, -1201
core   0: 3 0x8000038a (0xb4f60b13) x22 0xfffffb4f
core   0: 0x8000038e (0x00004421) c.li    s0, 8
core   0: 3 0x8000038e (0x4421) x 8 0x00000008
core   0: 0x80000390 (0x00008cad) c.xor   s1, a1
core   0: 3 0x80000390 (0x8cad) x 9 0x4a83bc79
core   0: 0x80000392 (0x0000100f) fence.i
core   0: 3 0x80000392 (0x0000100f)
core   0: 0x80000396 (0x02f96333) rem     t1, s2, a5
core   0: 3 0x80000396 (0x02f96333) x 6 0x00000010
core   0: 0x8000039a (0x00000585) c.addi  a1, 1
core   0: 3 0x8000039a (0x0585) x11 0x00000000
core   0: 0x8000039c (0x84642293) slti    t0, s0, -1978
core   0: 3 0x8000039c (0x84642293) x 5 0x00000000
core   0: 0x800003a0 (0x01f18ab3) add     s5, gp, t6
core   0: 3 0x800003a0 (0x01f18ab3) x21 0x00004000
core   0: 0x800003a4 (0x00008431) c.srai  s0, 12
core   0: 3 0x800003a4 (0x8431) x 8 0x00000000
core   0: 0x800003a6 (0x0000f1e5) c.bnez  a1, pc - 32
core   0: 3 0x800003a6 (0xf1e5)
core   0: 0x800003a8 (0x002c5733) srl     a4, s8, sp
core   0: 3 0x800003a8 (0x002c5733) x14 0x00003f7c
core   0: 0x800003ac (0xfba69ee3) bne     a3, s10, pc - 68
core   0: 3 0x800003ac (0xfba69ee3)
core   0: 0x80000368 (0x000068e5) c.lui   a7, 0x19
core   0: 3 0x80000368 (0x68e5) x17 0x00019000
core   0: 0x8000036a (0x4f56ef17) auipc   t5, 0x4f56e
core   0: 3 0x8000036a (0x4f56ef17) x30 0xcf56e36a
core   0: 0x8000036e (0x0ff0000f) fence   iorw,iorw
core   0: 3 0x8000036e (0x0ff0000f)
core   0: 0x80000372 (0x0078f9b3) and     s3, a7, t2
core   0: 3 0x80000372 (0x0078f9b3) x19 0x00000000
core   0: 0x80000376 (0x00000685) c.addi  a3, 1
core   0: 3 0x80000376 (0x0685) x13 0x0000000c
core   0: 0x80000378 (0xffe00593) li      a1, -2
core   0: 3 0x80000378 (0xffe00593) x11 0xfffffffe
core   0: 0x8000037c (0x01761a93) slli    s5, a2, 23
core   0: 3 0x8000037c (0x01761a93) x21 0x00000000
core   0: 0x80000380 (0x0009a633) slt     a2, s3, zero
core   0: 3 0x80000380 (0x0009a633) x12 0x00000000
core   0: 0x80000384 (0x00000001) c.nop
core   0: 3 0x80000384 (0x0001)
core   0: 0x80000386 (0x357c4497) auipc   s1, 0x357c4
core   0: 3 0x80000386 (0x357c4497) x 9 0xb57c4386
core   0: 0x8000038a (0xb4f60b13) addi    s6, a2, -1201
core   0: 3 0x8000038a (0xb4f60b13) x22 0xfffffb4f
core   0: 0x8000038e (0x00004421) c.li    s0, 8
core   0: 3 0x8000038e (0x4421) x 8 0x00000008
core   0: 0x80000390 (0x00008cad) c.xor   s1, a1
core   0: 3 0x80000390 (0x8cad) x 9 0x4a83bc78
core   0: 0x80000392 (0x0000100f) fence.i
core   0: 3 0x80000392 (0x0000100f)
core   0: 0x80000396 (0x02f96333) rem     t1, s2, a5
core   0: 3 0x80000396 (0x02f96333) x 6 0x00000010
core   0: 0x8000039a (0x00000585) c.addi  a1, 1
core   0: 3 0x8000039a (0x0585) x11 0xffffffff
core   0: 0x8000039c (0x84642293) slti    t0, s0, -1978
core   0: 3 0x8000039c (0x84642293) x 5 0x00000000
core   0: 0x800003a0 (0x01f18ab3) add     s5, gp, t6
core   0: 3 0x800003a0 (0x01f18ab3) x21 0x00004000
core   0: 0x800003a4 (0x00008431) c.srai  s0, 12
core   0: 3 0x800003a4 (0x8431) x 8 0x00000000
core   0: 0x800003a6 (0x0000f1e5) c.bnez  a1, pc - 32
core   0: 3 0x800003a6 (0xf1e5)
core   0: 0x80000386 (0x357c4497) auipc   s1, 0x357c4
core   0: 3 0x80000386 (0x357c4497) x 9 0xb57c4386
core   0: 0x8000038a (0xb4f60b13) addi    s6, a2, -1201
core   0: 3 0x8000038a (0xb4f60b13) x22 0xfffffb4f
core   0: 0x8000038e (0x00004421) c.li    s0, 8
core   0: 3 0x8000038e (0x4421) x 8 0x00000008
core   0: 0x80000390 (0x00008cad) c.xor   s1, a1
core   0: 3 0x80000390 (0x8cad) x 9 0x4a83bc79
core   0: 0x80000392 (0x0000100f) fence.i
core   0: 3 0x80000392 (0x0000100f)
core   0: 0x80000396 (0x02f96333) rem     t1, s2, a5
core   0: 3 0x80000396 (0x02f96333) x 6 0x00000010
core   0: 0x8000039a (0x00000585) c.addi  a1, 1
core   0: 3 0x8000039a (0x0585) x11 0x00000000
core   0: 0x8000039c (0x84642293) slti    t0, s0, -1978
core   0: 3 0x8000039c (0x84642293) x 5 0x00000000
core   0: 0x800003a0 (0x01f18ab3) add     s5, gp, t6
core   0: 3 0x800003a0 (0x01f18ab3) x21 0x00004000
core   0: 0x800003a4 (0x00008431) c.srai  s0, 12
core   0: 3 0x800003a4 (0x8431) x 8 0x00000000
core   0: 0x800003a6 (0x0000f1e5) c.bnez  a1, pc - 32
core   0: 3 0x800003a6 (0xf1e5)
core   0: 0x800003a8 (0x002c5733) srl     a4, s8, sp
core   0: 3 0x800003a8 (0x002c5733) x14 0x00003f7c
core   0: 0x800003ac (0xfba69ee3) bne     a3, s10, pc - 68
core   0: 3 0x800003ac (0xfba69ee3)
core   0: 0x80000368 (0x000068e5) c.lui   a7, 0x19
core   0: 3 0x80000368 (0x68e5) x17 0x00019000
core   0: 0x8000036a (0x4f56ef17) auipc   t5, 0x4f56e
core   0: 3 0x8000036a (0x4f56ef17) x30 0xcf56e36a
core   0: 0x8000036e (0x0ff0000f) fence   iorw,iorw
core   0: 3 0x8000036e (0x0ff0000f)
core   0: 0x80000372 (0x0078f9b3) and     s3, a7, t2
core   0: 3 0x80000372 (0x0078f9b3) x19 0x00000000
core   0: 0x80000376 (0x00000685) c.addi  a3, 1
core   0: 3 0x80000376 (0x0685) x13 0x0000000d
core   0: 0x80000378 (0xffe00593) li      a1, -2
core   0: 3 0x80000378 (0xffe00593) x11 0xfffffffe
core   0: 0x8000037c (0x01761a93) slli    s5, a2, 23
core   0: 3 0x8000037c (0x01761a93) x21 0x00000000
core   0: 0x80000380 (0x0009a633) slt     a2, s3, zero
core   0: 3 0x80000380 (0x0009a633) x12 0x00000000
core   0: 0x80000384 (0x00000001) c.nop
core   0: 3 0x80000384 (0x0001)
core   0: 0x80000386 (0x357c4497) auipc   s1, 0x357c4
core   0: 3 0x80000386 (0x357c4497) x 9 0xb57c4386
core   0: 0x8000038a (0xb4f60b13) addi    s6, a2, -1201
core   0: 3 0x8000038a (0xb4f60b13) x22 0xfffffb4f
core   0: 0x8000038e (0x00004421) c.li    s0, 8
core   0: 3 0x8000038e (0x4421) x 8 0x00000008
core   0: 0x80000390 (0x00008cad) c.xor   s1, a1
core   0: 3 0x80000390 (0x8cad) x 9 0x4a83bc78
core   0: 0x80000392 (0x0000100f) fence.i
core   0: 3 0x80000392 (0x0000100f)
core   0: 0x80000396 (0x02f96333) rem     t1, s2, a5
core   0: 3 0x80000396 (0x02f96333) x 6 0x00000010
core   0: 0x8000039a (0x00000585) c.addi  a1, 1
core   0: 3 0x8000039a (0x0585) x11 0xffffffff
core   0: 0x8000039c (0x84642293) slti    t0, s0, -1978
core   0: 3 0x8000039c (0x84642293) x 5 0x00000000
core   0: 0x800003a0 (0x01f18ab3) add     s5, gp, t6
core   0: 3 0x800003a0 (0x01f18ab3) x21 0x00004000
core   0: 0x800003a4 (0x00008431) c.srai  s0, 12
core   0: 3 0x800003a4 (0x8431) x 8 0x00000000
core   0: 0x800003a6 (0x0000f1e5) c.bnez  a1, pc - 32
core   0: 3 0x800003a6 (0xf1e5)
core   0: 0x80000386 (0x357c4497) auipc   s1, 0x357c4
core   0: 3 0x80000386 (0x357c4497) x 9 0xb57c4386
core   0: 0x8000038a (0xb4f60b13) addi    s6, a2, -1201
core   0: 3 0x8000038a (0xb4f60b13) x22 0xfffffb4f
core   0: 0x8000038e (0x00004421) c.li    s0, 8
core   0: 3 0x8000038e (0x4421) x 8 0x00000008
core   0: 0x80000390 (0x00008cad) c.xor   s1, a1
core   0: 3 0x80000390 (0x8cad) x 9 0x4a83bc79
core   0: 0x80000392 (0x0000100f) fence.i
core   0: 3 0x80000392 (0x0000100f)
core   0: 0x80000396 (0x02f96333) rem     t1, s2, a5
core   0: 3 0x80000396 (0x02f96333) x 6 0x00000010
core   0: 0x8000039a (0x00000585) c.addi  a1, 1
core   0: 3 0x8000039a (0x0585) x11 0x00000000
core   0: 0x8000039c (0x84642293) slti    t0, s0, -1978
core   0: 3 0x8000039c (0x84642293) x 5 0x00000000
core   0: 0x800003a0 (0x01f18ab3) add     s5, gp, t6
core   0: 3 0x800003a0 (0x01f18ab3) x21 0x00004000
core   0: 0x800003a4 (0x00008431) c.srai  s0, 12
core   0: 3 0x800003a4 (0x8431) x 8 0x00000000
core   0: 0x800003a6 (0x0000f1e5) c.bnez  a1, pc - 32
core   0: 3 0x800003a6 (0xf1e5)
core   0: 0x800003a8 (0x002c5733) srl     a4, s8, sp
core   0: 3 0x800003a8 (0x002c5733) x14 0x00003f7c
core   0: 0x800003ac (0xfba69ee3) bne     a3, s10, pc - 68
core   0: 3 0x800003ac (0xfba69ee3)
core   0: 0x80000368 (0x000068e5) c.lui   a7, 0x19
core   0: 3 0x80000368 (0x68e5) x17 0x00019000
core   0: 0x8000036a (0x4f56ef17) auipc   t5, 0x4f56e
core   0: 3 0x8000036a (0x4f56ef17) x30 0xcf56e36a
core   0: 0x8000036e (0x0ff0000f) fence   iorw,iorw
core   0: 3 0x8000036e (0x0ff0000f)
core   0: 0x80000372 (0x0078f9b3) and     s3, a7, t2
core   0: 3 0x80000372 (0x0078f9b3) x19 0x00000000
core   0: 0x80000376 (0x00000685) c.addi  a3, 1
core   0: 3 0x80000376 (0x0685) x13 0x0000000e
core   0: 0x80000378 (0xffe00593) li      a1, -2
core   0: 3 0x80000378 (0xffe00593) x11 0xfffffffe
core   0: 0x8000037c (0x01761a93) slli    s5, a2, 23
core   0: 3 0x8000037c (0x01761a93) x21 0x00000000
core   0: 0x80000380 (0x0009a633) slt     a2, s3, zero
core   0: 3 0x80000380 (0x0009a633) x12 0x00000000
core   0: 0x80000384 (0x00000001) c.nop
core   0: 3 0x80000384 (0x0001)
core   0: 0x80000386 (0x357c4497) auipc   s1, 0x357c4
core   0: 3 0x80000386 (0x357c4497) x 9 0xb57c4386
core   0: 0x8000038a (0xb4f60b13) addi    s6, a2, -1201
core   0: 3 0x8000038a (0xb4f60b13) x22 0xfffffb4f
core   0: 0x8000038e (0x00004421) c.li    s0, 8
core   0: 3 0x8000038e (0x4421) x 8 0x00000008
core   0: 0x80000390 (0x00008cad) c.xor   s1, a1
core   0: 3 0x80000390 (0x8cad) x 9 0x4a83bc78
core   0: 0x80000392 (0x0000100f) fence.i
core   0: 3 0x80000392 (0x0000100f)
core   0: 0x80000396 (0x02f96333) rem     t1, s2, a5
core   0: 3 0x80000396 (0x02f96333) x 6 0x00000010
core   0: 0x8000039a (0x00000585) c.addi  a1, 1
core   0: 3 0x8000039a (0x0585) x11 0xffffffff
core   0: 0x8000039c (0x84642293) slti    t0, s0, -1978
core   0: 3 0x8000039c (0x84642293) x 5 0x00000000
core   0: 0x800003a0 (0x01f18ab3) add     s5, gp, t6
core   0: 3 0x800003a0 (0x01f18ab3) x21 0x00004000
core   0: 0x800003a4 (0x00008431) c.srai  s0, 12
core   0: 3 0x800003a4 (0x8431) x 8 0x00000000
core   0: 0x800003a6 (0x0000f1e5) c.bnez  a1, pc - 32
core   0: 3 0x800003a6 (0xf1e5)
core   0: 0x80000386 (0x357c4497) auipc   s1, 0x357c4
core   0: 3 0x80000386 (0x357c4497) x 9 0xb57c4386
core   0: 0x8000038a (0xb4f60b13) addi    s6, a2, -1201
core   0: 3 0x8000038a (0xb4f60b13) x22 0xfffffb4f
core   0: 0x8000038e (0x00004421) c.li    s0, 8
core   0: 3 0x8000038e (0x4421) x 8 0x00000008
core   0: 0x80000390 (0x00008cad) c.xor   s1, a1
core   0: 3 0x80000390 (0x8cad) x 9 0x4a83bc79
core   0: 0x80000392 (0x0000100f) fence.i
core   0: 3 0x80000392 (0x0000100f)
core   0: 0x80000396 (0x02f96333) rem     t1, s2, a5
core   0: 3 0x80000396 (0x02f96333) x 6 0x00000010
core   0: 0x8000039a (0x00000585) c.addi  a1, 1
core   0: 3 0x8000039a (0x0585) x11 0x00000000
core   0: 0x8000039c (0x84642293) slti    t0, s0, -1978
core   0: 3 0x8000039c (0x84642293) x 5 0x00000000
core   0: 0x800003a0 (0x01f18ab3) add     s5, gp, t6
core   0: 3 0x800003a0 (0x01f18ab3) x21 0x00004000
core   0: 0x800003a4 (0x00008431) c.srai  s0, 12
core   0: 3 0x800003a4 (0x8431) x 8 0x00000000
core   0: 0x800003a6 (0x0000f1e5) c.bnez  a1, pc - 32
core   0: 3 0x800003a6 (0xf1e5)
core   0: 0x800003a8 (0x002c5733) srl     a4, s8, sp
core   0: 3 0x800003a8 (0x002c5733) x14 0x00003f7c
core   0: 0x800003ac (0xfba69ee3) bne     a3, s10, pc - 68
core   0: 3 0x800003ac (0xfba69ee3)
core   0: 0x80000368 (0x000068e5) c.lui   a7, 0x19
core   0: 3 0x80000368 (0x68e5) x17 0x00019000
core   0: 0x8000036a (0x4f56ef17) auipc   t5, 0x4f56e
core   0: 3 0x8000036a (0x4f56ef17) x30 0xcf56e36a
core   0: 0x8000036e (0x0ff0000f) fence   iorw,iorw
core   0: 3 0x8000036e (0x0ff0000f)
core   0: 0x80000372 (0x0078f9b3) and     s3, a7, t2
core   0: 3 0x80000372 (0x0078f9b3) x19 0x00000000
core   0: 0x80000376 (0x00000685) c.addi  a3, 1
core   0: 3 0x80000376 (0x0685) x13 0x0000000f
core   0: 0x80000378 (0xffe00593) li      a1, -2
core   0: 3 0x80000378 (0xffe00593) x11 0xfffffffe
core   0: 0x8000037c (0x01761a93) slli    s5, a2, 23
core   0: 3 0x8000037c (0x01761a93) x21 0x00000000
core   0: 0x80000380 (0x0009a633) slt     a2, s3, zero
core   0: 3 0x80000380 (0x0009a633) x12 0x00000000
core   0: 0x80000384 (0x00000001) c.nop
core   0: 3 0x80000384 (0x0001)
core   0: 0x80000386 (0x357c4497) auipc   s1, 0x357c4
core   0: 3 0x80000386 (0x357c4497) x 9 0xb57c4386
core   0: 0x8000038a (0xb4f60b13) addi    s6, a2, -1201
core   0: 3 0x8000038a (0xb4f60b13) x22 0xfffffb4f
core   0: 0x8000038e (0x00004421) c.li    s0, 8
core   0: 3 0x8000038e (0x4421) x 8 0x00000008
core   0: 0x80000390 (0x00008cad) c.xor   s1, a1
core   0: 3 0x80000390 (0x8cad) x 9 0x4a83bc78
core   0: 0x80000392 (0x0000100f) fence.i
core   0: 3 0x80000392 (0x0000100f)
core   0: 0x80000396 (0x02f96333) rem     t1, s2, a5
core   0: 3 0x80000396 (0x02f96333) x 6 0x00000010
core   0: 0x8000039a (0x00000585) c.addi  a1, 1
core   0: 3 0x8000039a (0x0585) x11 0xffffffff
core   0: 0x8000039c (0x84642293) slti    t0, s0, -1978
core   0: 3 0x8000039c (0x84642293) x 5 0x00000000
core   0: 0x800003a0 (0x01f18ab3) add     s5, gp, t6
core   0: 3 0x800003a0 (0x01f18ab3) x21 0x00004000
core   0: 0x800003a4 (0x00008431) c.srai  s0, 12
core   0: 3 0x800003a4 (0x8431) x 8 0x00000000
core   0: 0x800003a6 (0x0000f1e5) c.bnez  a1, pc - 32
core   0: 3 0x800003a6 (0xf1e5)
core   0: 0x80000386 (0x357c4497) auipc   s1, 0x357c4
core   0: 3 0x80000386 (0x357c4497) x 9 0xb57c4386
core   0: 0x8000038a (0xb4f60b13) addi    s6, a2, -1201
core   0: 3 0x8000038a (0xb4f60b13) x22 0xfffffb4f
core   0: 0x8000038e (0x00004421) c.li    s0, 8
core   0: 3 0x8000038e (0x4421) x 8 0x00000008
core   0: 0x80000390 (0x00008cad) c.xor   s1, a1
core   0: 3 0x80000390 (0x8cad) x 9 0x4a83bc79
core   0: 0x80000392 (0x0000100f) fence.i
core   0: 3 0x80000392 (0x0000100f)
core   0: 0x80000396 (0x02f96333) rem     t1, s2, a5
core   0: 3 0x80000396 (0x02f96333) x 6 0x00000010
core   0: 0x8000039a (0x00000585) c.addi  a1, 1
core   0: 3 0x8000039a (0x0585) x11 0x00000000
core   0: 0x8000039c (0x84642293) slti    t0, s0, -1978
core   0: 3 0x8000039c (0x84642293) x 5 0x00000000
core   0: 0x800003a0 (0x01f18ab3) add     s5, gp, t6
core   0: 3 0x800003a0 (0x01f18ab3) x21 0x00004000
core   0: 0x800003a4 (0x00008431) c.srai  s0, 12
core   0: 3 0x800003a4 (0x8431) x 8 0x00000000
core   0: 0x800003a6 (0x0000f1e5) c.bnez  a1, pc - 32
core   0: 3 0x800003a6 (0xf1e5)
core   0: 0x800003a8 (0x002c5733) srl     a4, s8, sp
core   0: 3 0x800003a8 (0x002c5733) x14 0x00003f7c
core   0: 0x800003ac (0xfba69ee3) bne     a3, s10, pc - 68
core   0: 3 0x800003ac (0xfba69ee3)
core   0: 0x80000368 (0x000068e5) c.lui   a7, 0x19
core   0: 3 0x80000368 (0x68e5) x17 0x00019000
core   0: 0x8000036a (0x4f56ef17) auipc   t5, 0x4f56e
core   0: 3 0x8000036a (0x4f56ef17) x30 0xcf56e36a
core   0: 0x8000036e (0x0ff0000f) fence   iorw,iorw
core   0: 3 0x8000036e (0x0ff0000f)
core   0: 0x80000372 (0x0078f9b3) and     s3, a7, t2
core   0: 3 0x80000372 (0x0078f9b3) x19 0x00000000
core   0: 0x80000376 (0x00000685) c.addi  a3, 1
core   0: 3 0x80000376 (0x0685) x13 0x00000010
core   0: 0x80000378 (0xffe00593) li      a1, -2
core   0: 3 0x80000378 (0xffe00593) x11 0xfffffffe
core   0: 0x8000037c (0x01761a93) slli    s5, a2, 23
core   0: 3 0x8000037c (0x01761a93) x21 0x00000000
core   0: 0x80000380 (0x0009a633) slt     a2, s3, zero
core   0: 3 0x80000380 (0x0009a633) x12 0x00000000
core   0: 0x80000384 (0x00000001) c.nop
core   0: 3 0x80000384 (0x0001)
core   0: 0x80000386 (0x357c4497) auipc   s1, 0x357c4
core   0: 3 0x80000386 (0x357c4497) x 9 0xb57c4386
core   0: 0x8000038a (0xb4f60b13) addi    s6, a2, -1201
core   0: 3 0x8000038a (0xb4f60b13) x22 0xfffffb4f
core   0: 0x8000038e (0x00004421) c.li    s0, 8
core   0: 3 0x8000038e (0x4421) x 8 0x00000008
core   0: 0x80000390 (0x00008cad) c.xor   s1, a1
core   0: 3 0x80000390 (0x8cad) x 9 0x4a83bc78
core   0: 0x80000392 (0x0000100f) fence.i
core   0: 3 0x80000392 (0x0000100f)
core   0: 0x80000396 (0x02f96333) rem     t1, s2, a5
core   0: 3 0x80000396 (0x02f96333) x 6 0x00000010
core   0: 0x8000039a (0x00000585) c.addi  a1, 1
core   0: 3 0x8000039a (0x0585) x11 0xffffffff
core   0: 0x8000039c (0x84642293) slti    t0, s0, -1978
core   0: 3 0x8000039c (0x84642293) x 5 0x00000000
core   0: 0x800003a0 (0x01f18ab3) add     s5, gp, t6
core   0: 3 0x800003a0 (0x01f18ab3) x21 0x00004000
core   0: 0x800003a4 (0x00008431) c.srai  s0, 12
core   0: 3 0x800003a4 (0x8431) x 8 0x00000000
core   0: 0x800003a6 (0x0000f1e5) c.bnez  a1, pc - 32
core   0: 3 0x800003a6 (0xf1e5)
core   0: 0x80000386 (0x357c4497) auipc   s1, 0x357c4
core   0: 3 0x80000386 (0x357c4497) x 9 0xb57c4386
core   0: 0x8000038a (0xb4f60b13) addi    s6, a2, -1201
core   0: 3 0x8000038a (0xb4f60b13) x22 0xfffffb4f
core   0: 0x8000038e (0x00004421) c.li    s0, 8
core   0: 3 0x8000038e (0x4421) x 8 0x00000008
core   0: 0x80000390 (0x00008cad) c.xor   s1, a1
core   0: 3 0x80000390 (0x8cad) x 9 0x4a83bc79
core   0: 0x80000392 (0x0000100f) fence.i
core   0: 3 0x80000392 (0x0000100f)
core   0: 0x80000396 (0x02f96333) rem     t1, s2, a5
core   0: 3 0x80000396 (0x02f96333) x 6 0x00000010
core   0: 0x8000039a (0x00000585) c.addi  a1, 1
core   0: 3 0x8000039a (0x0585) x11 0x00000000
core   0: 0x8000039c (0x84642293) slti    t0, s0, -1978
core   0: 3 0x8000039c (0x84642293) x 5 0x00000000
core   0: 0x800003a0 (0x01f18ab3) add     s5, gp, t6
core   0: 3 0x800003a0 (0x01f18ab3) x21 0x00004000
core   0: 0x800003a4 (0x00008431) c.srai  s0, 12
core   0: 3 0x800003a4 (0x8431) x 8 0x00000000
core   0: 0x800003a6 (0x0000f1e5) c.bnez  a1, pc - 32
core   0: 3 0x800003a6 (0xf1e5)
core   0: 0x800003a8 (0x002c5733) srl     a4, s8, sp
core   0: 3 0x800003a8 (0x002c5733) x14 0x00003f7c
core   0: 0x800003ac (0xfba69ee3) bne     a3, s10, pc - 68
core   0: 3 0x800003ac (0xfba69ee3)
core   0: 0x80000368 (0x000068e5) c.lui   a7, 0x19
core   0: 3 0x80000368 (0x68e5) x17 0x00019000
core   0: 0x8000036a (0x4f56ef17) auipc   t5, 0x4f56e
core   0: 3 0x8000036a (0x4f56ef17) x30 0xcf56e36a
core   0: 0x8000036e (0x0ff0000f) fence   iorw,iorw
core   0: 3 0x8000036e (0x0ff0000f)
core   0: 0x80000372 (0x0078f9b3) and     s3, a7, t2
core   0: 3 0x80000372 (0x0078f9b3) x19 0x00000000
core   0: 0x80000376 (0x00000685) c.addi  a3, 1
core   0: 3 0x80000376 (0x0685) x13 0x00000011
core   0: 0x80000378 (0xffe00593) li      a1, -2
core   0: 3 0x80000378 (0xffe00593) x11 0xfffffffe
core   0: 0x8000037c (0x01761a93) slli    s5, a2, 23
core   0: 3 0x8000037c (0x01761a93) x21 0x00000000
core   0: 0x80000380 (0x0009a633) slt     a2, s3, zero
core   0: 3 0x80000380 (0x0009a633) x12 0x00000000
core   0: 0x80000384 (0x00000001) c.nop
core   0: 3 0x80000384 (0x0001)
core   0: 0x80000386 (0x357c4497) auipc   s1, 0x357c4
core   0: 3 0x80000386 (0x357c4497) x 9 0xb57c4386
core   0: 0x8000038a (0xb4f60b13) addi    s6, a2, -1201
core   0: 3 0x8000038a (0xb4f60b13) x22 0xfffffb4f
core   0: 0x8000038e (0x00004421) c.li    s0, 8
core   0: 3 0x8000038e (0x4421) x 8 0x00000008
core   0: 0x80000390 (0x00008cad) c.xor   s1, a1
core   0: 3 0x80000390 (0x8cad) x 9 0x4a83bc78
core   0: 0x80000392 (0x0000100f) fence.i
core   0: 3 0x80000392 (0x0000100f)
core   0: 0x80000396 (0x02f96333) rem     t1, s2, a5
core   0: 3 0x80000396 (0x02f96333) x 6 0x00000010
core   0: 0x8000039a (0x00000585) c.addi  a1, 1
core   0: 3 0x8000039a (0x0585) x11 0xffffffff
core   0: 0x8000039c (0x84642293) slti    t0, s0, -1978
core   0: 3 0x8000039c (0x84642293) x 5 0x00000000
core   0: 0x800003a0 (0x01f18ab3) add     s5, gp, t6
core   0: 3 0x800003a0 (0x01f18ab3) x21 0x00004000
core   0: 0x800003a4 (0x00008431) c.srai  s0, 12
core   0: 3 0x800003a4 (0x8431) x 8 0x00000000
core   0: 0x800003a6 (0x0000f1e5) c.bnez  a1, pc - 32
core   0: 3 0x800003a6 (0xf1e5)
core   0: 0x80000386 (0x357c4497) auipc   s1, 0x357c4
core   0: 3 0x80000386 (0x357c4497) x 9 0xb57c4386
core   0: 0x8000038a (0xb4f60b13) addi    s6, a2, -1201
core   0: 3 0x8000038a (0xb4f60b13) x22 0xfffffb4f
core   0: 0x8000038e (0x00004421) c.li    s0, 8
core   0: 3 0x8000038e (0x4421) x 8 0x00000008
core   0: 0x80000390 (0x00008cad) c.xor   s1, a1
core   0: 3 0x80000390 (0x8cad) x 9 0x4a83bc79
core   0: 0x80000392 (0x0000100f) fence.i
core   0: 3 0x80000392 (0x0000100f)
core   0: 0x80000396 (0x02f96333) rem     t1, s2, a5
core   0: 3 0x80000396 (0x02f96333) x 6 0x00000010
core   0: 0x8000039a (0x00000585) c.addi  a1, 1
core   0: 3 0x8000039a (0x0585) x11 0x00000000
core   0: 0x8000039c (0x84642293) slti    t0, s0, -1978
core   0: 3 0x8000039c (0x84642293) x 5 0x00000000
core   0: 0x800003a0 (0x01f18ab3) add     s5, gp, t6
core   0: 3 0x800003a0 (0x01f18ab3) x21 0x00004000
core   0: 0x800003a4 (0x00008431) c.srai  s0, 12
core   0: 3 0x800003a4 (0x8431) x 8 0x00000000
core   0: 0x800003a6 (0x0000f1e5) c.bnez  a1, pc - 32
core   0: 3 0x800003a6 (0xf1e5)
core   0: 0x800003a8 (0x002c5733) srl     a4, s8, sp
core   0: 3 0x800003a8 (0x002c5733) x14 0x00003f7c
core   0: 0x800003ac (0xfba69ee3) bne     a3, s10, pc - 68
core   0: 3 0x800003ac (0xfba69ee3)
core   0: 0x80000368 (0x000068e5) c.lui   a7, 0x19
core   0: 3 0x80000368 (0x68e5) x17 0x00019000
core   0: 0x8000036a (0x4f56ef17) auipc   t5, 0x4f56e
core   0: 3 0x8000036a (0x4f56ef17) x30 0xcf56e36a
core   0: 0x8000036e (0x0ff0000f) fence   iorw,iorw
core   0: 3 0x8000036e (0x0ff0000f)
core   0: 0x80000372 (0x0078f9b3) and     s3, a7, t2
core   0: 3 0x80000372 (0x0078f9b3) x19 0x00000000
core   0: 0x80000376 (0x00000685) c.addi  a3, 1
core   0: 3 0x80000376 (0x0685) x13 0x00000012
core   0: 0x80000378 (0xffe00593) li      a1, -2
core   0: 3 0x80000378 (0xffe00593) x11 0xfffffffe
core   0: 0x8000037c (0x01761a93) slli    s5, a2, 23
core   0: 3 0x8000037c (0x01761a93) x21 0x00000000
core   0: 0x80000380 (0x0009a633) slt     a2, s3, zero
core   0: 3 0x80000380 (0x0009a633) x12 0x00000000
core   0: 0x80000384 (0x00000001) c.nop
core   0: 3 0x80000384 (0x0001)
core   0: 0x80000386 (0x357c4497) auipc   s1, 0x357c4
core   0: 3 0x80000386 (0x357c4497) x 9 0xb57c4386
core   0: 0x8000038a (0xb4f60b13) addi    s6, a2, -1201
core   0: 3 0x8000038a (0xb4f60b13) x22 0xfffffb4f
core   0: 0x8000038e (0x00004421) c.li    s0, 8
core   0: 3 0x8000038e (0x4421) x 8 0x00000008
core   0: 0x80000390 (0x00008cad) c.xor   s1, a1
core   0: 3 0x80000390 (0x8cad) x 9 0x4a83bc78
core   0: 0x80000392 (0x0000100f) fence.i
core   0: 3 0x80000392 (0x0000100f)
core   0: 0x80000396 (0x02f96333) rem     t1, s2, a5
core   0: 3 0x80000396 (0x02f96333) x 6 0x00000010
core   0: 0x8000039a (0x00000585) c.addi  a1, 1
core   0: 3 0x8000039a (0x0585) x11 0xffffffff
core   0: 0x8000039c (0x84642293) slti    t0, s0, -1978
core   0: 3 0x8000039c (0x84642293) x 5 0x00000000
core   0: 0x800003a0 (0x01f18ab3) add     s5, gp, t6
core   0: 3 0x800003a0 (0x01f18ab3) x21 0x00004000
core   0: 0x800003a4 (0x00008431) c.srai  s0, 12
core   0: 3 0x800003a4 (0x8431) x 8 0x00000000
core   0: 0x800003a6 (0x0000f1e5) c.bnez  a1, pc - 32
core   0: 3 0x800003a6 (0xf1e5)
core   0: 0x80000386 (0x357c4497) auipc   s1, 0x357c4
core   0: 3 0x80000386 (0x357c4497) x 9 0xb57c4386
core   0: 0x8000038a (0xb4f60b13) addi    s6, a2, -1201
core   0: 3 0x8000038a (0xb4f60b13) x22 0xfffffb4f
core   0: 0x8000038e (0x00004421) c.li    s0, 8
core   0: 3 0x8000038e (0x4421) x 8 0x00000008
core   0: 0x80000390 (0x00008cad) c.xor   s1, a1
core   0: 3 0x80000390 (0x8cad) x 9 0x4a83bc79
core   0: 0x80000392 (0x0000100f) fence.i
core   0: 3 0x80000392 (0x0000100f)
core   0: 0x80000396 (0x02f96333) rem     t1, s2, a5
core   0: 3 0x80000396 (0x02f96333) x 6 0x00000010
core   0: 0x8000039a (0x00000585) c.addi  a1, 1
core   0: 3 0x8000039a (0x0585) x11 0x00000000
core   0: 0x8000039c (0x84642293) slti    t0, s0, -1978
core   0: 3 0x8000039c (0x84642293) x 5 0x00000000
core   0: 0x800003a0 (0x01f18ab3) add     s5, gp, t6
core   0: 3 0x800003a0 (0x01f18ab3) x21 0x00004000
core   0: 0x800003a4 (0x00008431) c.srai  s0, 12
core   0: 3 0x800003a4 (0x8431) x 8 0x00000000
core   0: 0x800003a6 (0x0000f1e5) c.bnez  a1, pc - 32
core   0: 3 0x800003a6 (0xf1e5)
core   0: 0x800003a8 (0x002c5733) srl     a4, s8, sp
core   0: 3 0x800003a8 (0x002c5733) x14 0x00003f7c
core   0: 0x800003ac (0xfba69ee3) bne     a3, s10, pc - 68
core   0: 3 0x800003ac (0xfba69ee3)
core   0: 0x800003b0 (0x9d24e413) ori     s0, s1, -1582
core   0: 3 0x800003b0 (0x9d24e413) x 8 0xfffffdfb
core   0: 0x800003b4 (0x00700513) li      a0, 7
core   0: 3 0x800003b4 (0x00700513) x10 0x00000007
core   0: 0x800003b8 (0x000011fd) c.addi  gp, -1
core   0: 3 0x800003b8 (0x11fd) x 3 0x00000000
core   0: 0x800003ba (0x00006d49) c.lui   s10, 0x12
core   0: 3 0x800003ba (0x6d49) x26 0x00012000
core   0: 0x800003bc (0x00e00313) li      t1, 14
core   0: 3 0x800003bc (0x00e00313) x 6 0x0000000e
core   0: 0x800003c0 (0x01185b93) srli    s7, a6, 17
core   0: 3 0x800003c0 (0x01185b93) x23 0x00007ef9
core   0: 0x800003c4 (0x2b2e8713) addi    a4, t4, 690
core   0: 3 0x800003c4 (0x2b2e8713) x14 0xb755a2b2
core   0: 0x800003c8 (0x037373b3) remu    t2, t1, s7
core   0: 3 0x800003c8 (0x037373b3) x 7 0x0000000e
core   0: 0x800003cc (0x40f455b3) sra     a1, s0, a5
core   0: 3 0x800003cc (0x40f455b3) x11 0xffffffdf
core   0: 0x800003d0 (0x00008dc1) c.or    a1, s0
core   0: 3 0x800003d0 (0x8dc1) x11 0xffffffff
core   0: 0x800003d2 (0x000001a2) c.slli  gp, 8
core   0: 3 0x800003d2 (0x01a2) x 3 0x00000000
core   0: 0x800003d4 (0x00006111) c.addi16sp sp, 256
core   0: 3 0x800003d4 (0x6111) x 2 0x00000652
core   0: 0x800003d6 (0x00000505) c.addi  a0, 1
core   0: 3 0x800003d6 (0x0505) x10 0x00000008
core   0: 0x800003d8 (0x02994833) div     a6, s2, s1
core   0: 3 0x800003d8 (0x02994833) x16 0x00000000
core   0: 0x800003dc (0x00008ea9) c.xor   a3, a0
core   0: 3 0x800003dc (0x8ea9) x13 0x0000001a
core   0: 0x800003de (0x9e223893) sltiu   a7, tp, -1566
core   0: 3 0x800003de (0x9e223893) x17 0x00000000
core   0: 0x800003e2 (0x0367c033) div     zero, a5, s6
core   0: 3 0x800003e2 (0x0367c033)
core   0: 0x800003e6 (0xe3a80093) addi    ra, a6, -454
core   0: 3 0x800003e6 (0xe3a80093) x 1 0xfffffe3a
core   0: 0x800003ea (0x00119033) sll     zero, gp, ra
core   0: 3 0x800003ea (0x00119033)
core   0: 0x800003ee (0x283ea913) slti    s2, t4, 643
core   0: 3 0x800003ee (0x283ea913) x18 0x00000001
core   0: 0x800003f2 (0x401d04b3) sub     s1, s10, ra
core   0: 3 0x800003f2 (0x401d04b3) x 9 0x000121c6
core   0: 0x800003f6 (0x9b905137) lui     sp, 0x9b905
core   0: 3 0x800003f6 (0x9b905137) x 2 0x9b905000
core   0: 0x800003fa (0x031e5b33) divu    s6, t3, a7
core   0: 3 0x800003fa (0x031e5b33) x22 0xffffffff
core   0: 0x800003fe (0x00000001) c.nop
core   0: 3 0x800003fe (0x0001)
core   0: 0x80000400 (0xfc6512e3) bne     a0, t1, pc - 60
core   0: 3 0x80000400 (0xfc6512e3)
core   0: 0x800003c4 (0x2b2e8713) addi    a4, t4, 690
core   0: 3 0x800003c4 (0x2b2e8713) x14 0xb755a2b2
core   0: 0x800003c8 (0x037373b3) remu    t2, t1, s7
core   0: 3 0x800003c8 (0x037373b3) x 7 0x0000000e
core   0: 0x800003cc (0x40f455b3) sra     a1, s0, a5
core   0: 3 0x800003cc (0x40f455b3) x11 0xffffffdf
core   0: 0x800003d0 (0x00008dc1) c.or    a1, s0
core   0: 3 0x800003d0 (0x8dc1) x11 0xffffffff
core   0: 0x800003d2 (0x000001a2) c.slli  gp, 8
core   0: 3 0x800003d2 (0x01a2) x 3 0x00000000
core   0: 0x800003d4 (0x00006111) c.addi16sp sp, 256
core   0: 3 0x800003d4 (0x6111) x 2 0x9b905100
core   0: 0x800003d6 (0x00000505) c.addi  a0, 1
core   0: 3 0x800003d6 (0x0505) x10 0x00000009
core   0: 0x800003d8 (0x02994833) div     a6, s2, s1
core   0: 3 0x800003d8 (0x02994833) x16 0x00000000
core   0: 0x800003dc (0x00008ea9) c.xor   a3, a0
core   0: 3 0x800003dc (0x8ea9) x13 0x00000013
core   0: 0x800003de (0x9e223893) sltiu   a7, tp, -1566
core   0: 3 0x800003de (0x9e223893) x17 0x00000000
core   0: 0x800003e2 (0x0367c033) div     zero, a5, s6
core   0: 3 0x800003e2 (0x0367c033)
core   0: 0x800003e6 (0xe3a80093) addi    ra, a6, -454
core   0: 3 0x800003e6 (0xe3a80093) x 1 0xfffffe3a
core   0: 0x800003ea (0x00119033) sll     zero, gp, ra
core   0: 3 0x800003ea (0x00119033)
core   0: 0x800003ee (0x283ea913) slti    s2, t4, 643
core   0: 3 0x800003ee (0x283ea913) x18 0x00000001
core   0: 0x800003f2 (0x401d04b3) sub     s1, s10, ra
core   0: 3 0x800003f2 (0x401d04b3) x 9 0x000121c6
core   0: 0x800003f6 (0x9b905137) lui     sp, 0x9b905
core   0: 3 0x800003f6 (0x9b905137) x 2 0x9b905000
core   0: 0x800003fa (0x031e5b33) divu    s6, t3, a7
core   0: 3 0x800003fa (0x031e5b33) x22 0xffffffff
core   0: 0x800003fe (0x00000001) c.nop
core   0: 3 0x800003fe (0x0001)
core   0: 0x80000400 (0xfc6512e3) bne     a0, t1, pc - 60
core   0: 3 0x80000400 (0xfc6512e3)
core   0: 0x800003c4 (0x2b2e8713) addi    a4, t4, 690
core   0: 3 0x800003c4 (0x2b2e8713) x14 0xb755a2b2
core   0: 0x800003c8 (0x037373b3) remu    t2, t1, s7
core   0: 3 0x800003c8 (0x037373b3) x 7 0x0000000e
core   0: 0x800003cc (0x40f455b3) sra     a1, s0, a5
core   0: 3 0x800003cc (0x40f455b3) x11 0xffffffdf
core   0: 0x800003d0 (0x00008dc1) c.or    a1, s0
core   0: 3 0x800003d0 (0x8dc1) x11 0xffffffff
core   0: 0x800003d2 (0x000001a2) c.slli  gp, 8
core   0: 3 0x800003d2 (0x01a2) x 3 0x00000000
core   0: 0x800003d4 (0x00006111) c.addi16sp sp, 256
core   0: 3 0x800003d4 (0x6111) x 2 0x9b905100
core   0: 0x800003d6 (0x00000505) c.addi  a0, 1
core   0: 3 0x800003d6 (0x0505) x10 0x0000000a
core   0: 0x800003d8 (0x02994833) div     a6, s2, s1
core   0: 3 0x800003d8 (0x02994833) x16 0x00000000
core   0: 0x800003dc (0x00008ea9) c.xor   a3, a0
core   0: 3 0x800003dc (0x8ea9) x13 0x00000019
core   0: 0x800003de (0x9e223893) sltiu   a7, tp, -1566
core   0: 3 0x800003de (0x9e223893) x17 0x00000000
core   0: 0x800003e2 (0x0367c033) div     zero, a5, s6
core   0: 3 0x800003e2 (0x0367c033)
core   0: 0x800003e6 (0xe3a80093) addi    ra, a6, -454
core   0: 3 0x800003e6 (0xe3a80093) x 1 0xfffffe3a
core   0: 0x800003ea (0x00119033) sll     zero, gp, ra
core   0: 3 0x800003ea (0x00119033)
core   0: 0x800003ee (0x283ea913) slti    s2, t4, 643
core   0: 3 0x800003ee (0x283ea913) x18 0x00000001
core   0: 0x800003f2 (0x401d04b3) sub     s1, s10, ra
core   0: 3 0x800003f2 (0x401d04b3) x 9 0x000121c6
core   0: 0x800003f6 (0x9b905137) lui     sp, 0x9b905
core   0: 3 0x800003f6 (0x9b905137) x 2 0x9b905000
core   0: 0x800003fa (0x031e5b33) divu    s6, t3, a7
core   0: 3 0x800003fa (0x031e5b33) x22 0xffffffff
core   0: 0x800003fe (0x00000001) c.nop
core   0: 3 0x800003fe (0x0001)
core   0: 0x80000400 (0xfc6512e3) bne     a0, t1, pc - 60
core   0: 3 0x80000400 (0xfc6512e3)
core   0: 0x800003c4 (0x2b2e8713) addi    a4, t4, 690
core   0: 3 0x800003c4 (0x2b2e8713) x14 0xb755a2b2
core   0: 0x800003c8 (0x037373b3) remu    t2, t1, s7
core   0: 3 0x800003c8 (0x037373b3) x 7 0x0000000e
core   0: 0x800003cc (0x40f455b3) sra     a1, s0, a5
core   0: 3 0x800003cc (0x40f455b3) x11 0xffffffdf
core   0: 0x800003d0 (0x00008dc1) c.or    a1, s0
core   0: 3 0x800003d0 (0x8dc1) x11 0xffffffff
core   0: 0x800003d2 (0x000001a2) c.slli  gp, 8
core   0: 3 0x800003d2 (0x01a2) x 3 0x00000000
core   0: 0x800003d4 (0x00006111) c.addi16sp sp, 256
core   0: 3 0x800003d4 (0x6111) x 2 0x9b905100
core   0: 0x800003d6 (0x00000505) c.addi  a0, 1
core   0: 3 0x800003d6 (0x0505) x10 0x0000000b
core   0: 0x800003d8 (0x02994833) div     a6, s2, s1
core   0: 3 0x800003d8 (0x02994833) x16 0x00000000
core   0: 0x800003dc (0x00008ea9) c.xor   a3, a0
core   0: 3 0x800003dc (0x8ea9) x13 0x00000012
core   0: 0x800003de (0x9e223893) sltiu   a7, tp, -1566
core   0: 3 0x800003de (0x9e223893) x17 0x00000000
core   0: 0x800003e2 (0x0367c033) div     zero, a5, s6
core   0: 3 0x800003e2 (0x0367c033)
core   0: 0x800003e6 (0xe3a80093) addi    ra, a6, -454
core   0: 3 0x800003e6 (0xe3a80093) x 1 0xfffffe3a
core   0: 0x800003ea (0x00119033) sll     zero, gp, ra
core   0: 3 0x800003ea (0x00119033)
core   0: 0x800003ee (0x283ea913) slti    s2, t4, 643
core   0: 3 0x800003ee (0x283ea913) x18 0x00000001
core   0: 0x800003f2 (0x401d04b3) sub     s1, s10, ra
core   0: 3 0x800003f2 (0x401d04b3) x 9 0x000121c6
core   0: 0x800003f6 (0x9b905137) lui     sp, 0x9b905
core   0: 3 0x800003f6 (0x9b905137) x 2 0x9b905000
core   0: 0x800003fa (0x031e5b33) divu    s6, t3, a7
core   0: 3 0x800003fa (0x031e5b33) x22 0xffffffff
core   0: 0x800003fe (0x00000001) c.nop
core   0: 3 0x800003fe (0x0001)
core   0: 0x80000400 (0xfc6512e3) bne     a0, t1, pc - 60
core   0: 3 0x80000400 (0xfc6512e3)
core   0: 0x800003c4 (0x2b2e8713) addi    a4, t4, 690
core   0: 3 0x800003c4 (0x2b2e8713) x14 0xb755a2b2
core   0: 0x800003c8 (0x037373b3) remu    t2, t1, s7
core   0: 3 0x800003c8 (0x037373b3) x 7 0x0000000e
core   0: 0x800003cc (0x40f455b3) sra     a1, s0, a5
core   0: 3 0x800003cc (0x40f455b3) x11 0xffffffdf
core   0: 0x800003d0 (0x00008dc1) c.or    a1, s0
core   0: 3 0x800003d0 (0x8dc1) x11 0xffffffff
core   0: 0x800003d2 (0x000001a2) c.slli  gp, 8
core   0: 3 0x800003d2 (0x01a2) x 3 0x00000000
core   0: 0x800003d4 (0x00006111) c.addi16sp sp, 256
core   0: 3 0x800003d4 (0x6111) x 2 0x9b905100
core   0: 0x800003d6 (0x00000505) c.addi  a0, 1
core   0: 3 0x800003d6 (0x0505) x10 0x0000000c
core   0: 0x800003d8 (0x02994833) div     a6, s2, s1
core   0: 3 0x800003d8 (0x02994833) x16 0x00000000
core   0: 0x800003dc (0x00008ea9) c.xor   a3, a0
core   0: 3 0x800003dc (0x8ea9) x13 0x0000001e
core   0: 0x800003de (0x9e223893) sltiu   a7, tp, -1566
core   0: 3 0x800003de (0x9e223893) x17 0x00000000
core   0: 0x800003e2 (0x0367c033) div     zero, a5, s6
core   0: 3 0x800003e2 (0x0367c033)
core   0: 0x800003e6 (0xe3a80093) addi    ra, a6, -454
core   0: 3 0x800003e6 (0xe3a80093) x 1 0xfffffe3a
core   0: 0x800003ea (0x00119033) sll     zero, gp, ra
core   0: 3 0x800003ea (0x00119033)
core   0: 0x800003ee (0x283ea913) slti    s2, t4, 643
core   0: 3 0x800003ee (0x283ea913) x18 0x00000001
core   0: 0x800003f2 (0x401d04b3) sub     s1, s10, ra
core   0: 3 0x800003f2 (0x401d04b3) x 9 0x000121c6
core   0: 0x800003f6 (0x9b905137) lui     sp, 0x9b905
core   0: 3 0x800003f6 (0x9b905137) x 2 0x9b905000
core   0: 0x800003fa (0x031e5b33) divu    s6, t3, a7
core   0: 3 0x800003fa (0x031e5b33) x22 0xffffffff
core   0: 0x800003fe (0x00000001) c.nop
core   0: 3 0x800003fe (0x0001)
core   0: 0x80000400 (0xfc6512e3) bne     a0, t1, pc - 60
core   0: 3 0x80000400 (0xfc6512e3)
core   0: 0x800003c4 (0x2b2e8713) addi    a4, t4, 690
core   0: 3 0x800003c4 (0x2b2e8713) x14 0xb755a2b2
core   0: 0x800003c8 (0x037373b3) remu    t2, t1, s7
core   0: 3 0x800003c8 (0x037373b3) x 7 0x0000000e
core   0: 0x800003cc (0x40f455b3) sra     a1, s0, a5
core   0: 3 0x800003cc (0x40f455b3) x11 0xffffffdf
core   0: 0x800003d0 (0x00008dc1) c.or    a1, s0
core   0: 3 0x800003d0 (0x8dc1) x11 0xffffffff
core   0: 0x800003d2 (0x000001a2) c.slli  gp, 8
core   0: 3 0x800003d2 (0x01a2) x 3 0x00000000
core   0: 0x800003d4 (0x00006111) c.addi16sp sp, 256
core   0: 3 0x800003d4 (0x6111) x 2 0x9b905100
core   0: 0x800003d6 (0x00000505) c.addi  a0, 1
core   0: 3 0x800003d6 (0x0505) x10 0x0000000d
core   0: 0x800003d8 (0x02994833) div     a6, s2, s1
core   0: 3 0x800003d8 (0x02994833) x16 0x00000000
core   0: 0x800003dc (0x00008ea9) c.xor   a3, a0
core   0: 3 0x800003dc (0x8ea9) x13 0x00000013
core   0: 0x800003de (0x9e223893) sltiu   a7, tp, -1566
core   0: 3 0x800003de (0x9e223893) x17 0x00000000
core   0: 0x800003e2 (0x0367c033) div     zero, a5, s6
core   0: 3 0x800003e2 (0x0367c033)
core   0: 0x800003e6 (0xe3a80093) addi    ra, a6, -454
core   0: 3 0x800003e6 (0xe3a80093) x 1 0xfffffe3a
core   0: 0x800003ea (0x00119033) sll     zero, gp, ra
core   0: 3 0x800003ea (0x00119033)
core   0: 0x800003ee (0x283ea913) slti    s2, t4, 643
core   0: 3 0x800003ee (0x283ea913) x18 0x00000001
core   0: 0x800003f2 (0x401d04b3) sub     s1, s10, ra
core   0: 3 0x800003f2 (0x401d04b3) x 9 0x000121c6
core   0: 0x800003f6 (0x9b905137) lui     sp, 0x9b905
core   0: 3 0x800003f6 (0x9b905137) x 2 0x9b905000
core   0: 0x800003fa (0x031e5b33) divu    s6, t3, a7
core   0: 3 0x800003fa (0x031e5b33) x22 0xffffffff
core   0: 0x800003fe (0x00000001) c.nop
core   0: 3 0x800003fe (0x0001)
core   0: 0x80000400 (0xfc6512e3) bne     a0, t1, pc - 60
core   0: 3 0x80000400 (0xfc6512e3)
core   0: 0x800003c4 (0x2b2e8713) addi    a4, t4, 690
core   0: 3 0x800003c4 (0x2b2e8713) x14 0xb755a2b2
core   0: 0x800003c8 (0x037373b3) remu    t2, t1, s7
core   0: 3 0x800003c8 (0x037373b3) x 7 0x0000000e
core   0: 0x800003cc (0x40f455b3) sra     a1, s0, a5
core   0: 3 0x800003cc (0x40f455b3) x11 0xffffffdf
core   0: 0x800003d0 (0x00008dc1) c.or    a1, s0
core   0: 3 0x800003d0 (0x8dc1) x11 0xffffffff
core   0: 0x800003d2 (0x000001a2) c.slli  gp, 8
core   0: 3 0x800003d2 (0x01a2) x 3 0x00000000
core   0: 0x800003d4 (0x00006111) c.addi16sp sp, 256
core   0: 3 0x800003d4 (0x6111) x 2 0x9b905100
core   0: 0x800003d6 (0x00000505) c.addi  a0, 1
core   0: 3 0x800003d6 (0x0505) x10 0x0000000e
core   0: 0x800003d8 (0x02994833) div     a6, s2, s1
core   0: 3 0x800003d8 (0x02994833) x16 0x00000000
core   0: 0x800003dc (0x00008ea9) c.xor   a3, a0
core   0: 3 0x800003dc (0x8ea9) x13 0x0000001d
core   0: 0x800003de (0x9e223893) sltiu   a7, tp, -1566
core   0: 3 0x800003de (0x9e223893) x17 0x00000000
core   0: 0x800003e2 (0x0367c033) div     zero, a5, s6
core   0: 3 0x800003e2 (0x0367c033)
core   0: 0x800003e6 (0xe3a80093) addi    ra, a6, -454
core   0: 3 0x800003e6 (0xe3a80093) x 1 0xfffffe3a
core   0: 0x800003ea (0x00119033) sll     zero, gp, ra
core   0: 3 0x800003ea (0x00119033)
core   0: 0x800003ee (0x283ea913) slti    s2, t4, 643
core   0: 3 0x800003ee (0x283ea913) x18 0x00000001
core   0: 0x800003f2 (0x401d04b3) sub     s1, s10, ra
core   0: 3 0x800003f2 (0x401d04b3) x 9 0x000121c6
core   0: 0x800003f6 (0x9b905137) lui     sp, 0x9b905
core   0: 3 0x800003f6 (0x9b905137) x 2 0x9b905000
core   0: 0x800003fa (0x031e5b33) divu    s6, t3, a7
core   0: 3 0x800003fa (0x031e5b33) x22 0xffffffff
core   0: 0x800003fe (0x00000001) c.nop
core   0: 3 0x800003fe (0x0001)
core   0: 0x80000400 (0xfc6512e3) bne     a0, t1, pc - 60
core   0: 3 0x80000400 (0xfc6512e3)
core   0: 0x80000404 (0x009170b3) and     ra, sp, s1
core   0: 3 0x80000404 (0x009170b3) x 1 0x00000000
core   0: 0x80000408 (0x00500b13) li      s6, 5
core   0: 3 0x80000408 (0x00500b13) x22 0x00000005
core   0: 0x8000040c (0x028d63b3) rem     t2, s10, s0
core   0: 3 0x8000040c (0x028d63b3) x 7 0x0000013a
core   0: 0x80000410 (0x025bdab3) divu    s5, s7, t0
core   0: 3 0x80000410 (0x025bdab3) x21 0xffffffff
core   0: 0x80000414 (0x00400f93) li      t6, 4
core   0: 3 0x80000414 (0x00400f93) x31 0x00000004
core   0: 0x80000418 (0x020c2633) mulhsu  a2, s8, zero
core   0: 3 0x80000418 (0x020c2633) x12 0x00000000
core   0: 0x8000041c (0x00000752) c.slli  a4, 20
core   0: 3 0x8000041c (0x0752) x14 0x2b200000
core   0: 0x8000041e (0x40f05ab3) sra     s5, zero, a5
core   0: 3 0x8000041e (0x40f05ab3) x21 0x00000000
core   0: 0x80000422 (0x00001b79) c.addi  s6, -2
core   0: 3 0x80000422 (0x1b79) x22 0x00000003
core   0: 0x80000424 (0xfffb7ae3) bgeu    s6, t6, pc - 12
core   0: 3 0x80000424 (0xfffb7ae3)
core   0: 0x80000428 (0x00008f01) c.sub   a4, s0
core   0: 3 0x80000428 (0x8f01) x14 0x2b200205
core   0: 0x8000042a (0xff700493) li      s1, -9
core   0: 3 0x8000042a (0xff700493) x 9 0xfffffff7
core   0: 0x8000042e (0xff700313) li      t1, -9
core   0: 3 0x8000042e (0xff700313) x 6 0xfffffff7
core   0: 0x80000432 (0xd0ecaa93) slti    s5, s9, -754
core   0: 3 0x80000432 (0xd0ecaa93) x21 0x00000001
core   0: 0x80000436 (0x000014d9) c.addi  s1, -10
core   0: 3 0x80000436 (0x14d9) x 9 0xffffffed
core   0: 0x80000438 (0x00008e5d) c.or    a2, a5
core   0: 3 0x80000438 (0x8e5d) x12 0x80021e64
core   0: 0x8000043a (0xffe00693) li      a3, -2
core   0: 3 0x8000043a (0xffe00693) x13 0xfffffffe
core   0: 0x8000043e (0x00000001) c.nop
core   0: 3 0x8000043e (0x0001)
core   0: 0x80000440 (0xecca2293) slti    t0, s4, -308
core   0: 3 0x80000440 (0xecca2293) x 5 0x00000001
core   0: 0x80000444 (0x00000685) c.addi  a3, 1
core   0: 3 0x80000444 (0x0685) x13 0xffffffff
core   0: 0x80000446 (0x0000feed) c.bnez  a3, pc - 6
core   0: 3 0x80000446 (0xfeed)
core   0: 0x80000440 (0xecca2293) slti    t0, s4, -308
core   0: 3 0x80000440 (0xecca2293) x 5 0x00000001
core   0: 0x80000444 (0x00000685) c.addi  a3, 1
core   0: 3 0x80000444 (0x0685) x13 0x00000000
core   0: 0x80000446 (0x0000feed) c.bnez  a3, pc - 6
core   0: 3 0x80000446 (0xfeed)
core   0: 0x80000448 (0xfe64d5e3) bge     s1, t1, pc - 22
core   0: 3 0x80000448 (0xfe64d5e3)
core   0: 0x8000044c (0x821e95b7) lui     a1, 0x821e9
core   0: 3 0x8000044c (0x821e95b7) x11 0x821e9000
core   0: 0x80000450 (0xffc00493) li      s1, -4
core   0: 3 0x80000450 (0xffc00493) x 9 0xfffffffc
core   0: 0x80000454 (0x40335913) srai    s2, t1, 3
core   0: 3 0x80000454 (0x40335913) x18 0xfffffffe
core   0: 0x80000458 (0x00000832) c.slli  a6, 12
core   0: 3 0x80000458 (0x0832) x16 0x00000000
core   0: 0x8000045a (0x00f00f13) li      t5, 15
core   0: 3 0x8000045a (0x00f00f13) x30 0x0000000f
core   0: 0x8000045e (0x0020dc93) srli    s9, ra, 2
core   0: 3 0x8000045e (0x0020dc93) x25 0x00000000
core   0: 0x80000462 (0x03c5cfb3) div     t6, a1, t3
core   0: 3 0x80000462 (0x03c5cfb3) x31 0x7de17000
core   0: 0x80000466 (0x01069833) sll     a6, a3, a6
core   0: 3 0x80000466 (0x01069833) x16 0x00000000
core   0: 0x8000046a (0x00ba8633) add     a2, s5, a1
core   0: 3 0x8000046a (0x00ba8633) x12 0x821e9001
core   0: 0x8000046e (0x000008ce) c.slli  a7, 19
core   0: 3 0x8000046e (0x08ce) x17 0x00000000
core   0: 0x80000470 (0x00000485) c.addi  s1, 1
core   0: 3 0x80000470 (0x0485) x 9 0xfffffffd
core   0: 0x80000472 (0x004c6733) or      a4, s8, tp
core   0: 3 0x80000472 (0x004c6733) x14 0xfffffffb
core   0: 0x80000476 (0xff900413) li      s0, -7
core   0: 3 0x80000476 (0xff900413) x 8 0xfffffff9
core   0: 0x8000047a (0xff100993) li      s3, -15
core   0: 3 0x8000047a (0xff100993) x19 0xfffffff1
core   0: 0x8000047e (0x034235b3) mulhu   a1, tp, s4
core   0: 3 0x8000047e (0x034235b3) x11 0x80025ce1
core   0: 0x80000482 (0x02ef6b33) rem     s6, t5, a4
core   0: 3 0x80000482 (0x02ef6b33) x22 0x00000000
core   0: 0x80000486 (0x032f1cb3) mulh    s9, t5, s2
core   0: 3 0x80000486 (0x032f1cb3) x25 0xffffffff
core   0: 0x8000048a (0x00001465) c.addi  s0, -7
core   0: 3 0x8000048a (0x1465) x 8 0xfffffff2
core   0: 0x8000048c (0x0219bb33) mulhu   s6, s3, ra
core   0: 3 0x8000048c (0x0219bb33) x22 0x00000000
core   0: 0x80000490 (0xc173fe93) andi    t4, t2, -1001
core   0: 3 0x80000490 (0xc173fe93) x29 0x00000012
core   0: 0x80000494 (0x01d2a333) slt     t1, t0, t4
core   0: 3 0x80000494 (0x01d2a333) x 6 0x00000001
core   0: 0x80000498 (0x0099bbb3) sltu    s7, s3, s1
core   0: 3 0x80000498 (0x0099bbb3) x23 0x00000001
core   0: 0x8000049c (0x0ff0000f) fence   iorw,iorw
core   0: 3 0x8000049c (0x0ff0000f)
core   0: 0x800004a0 (0xff3453e3) bge     s0, s3, pc - 26
core   0: 3 0x800004a0 (0xff3453e3)
core   0: 0x80000486 (0x032f1cb3) mulh    s9, t5, s2
core   0: 3 0x80000486 (0x032f1cb3) x25 0xffffffff
core   0: 0x8000048a (0x00001465) c.addi  s0, -7
core   0: 3 0x8000048a (0x1465) x 8 0xffffffeb
core   0: 0x8000048c (0x0219bb33) mulhu   s6, s3, ra
core   0: 3 0x8000048c (0x0219bb33) x22 0x00000000
core   0: 0x80000490 (0xc173fe93) andi    t4, t2, -1001
core   0: 3 0x80000490 (0xc173fe93) x29 0x00000012
core   0: 0x80000494 (0x01d2a333) slt     t1, t0, t4
core   0: 3 0x80000494 (0x01d2a333) x 6 0x00000001
core   0: 0x80000498 (0x0099bbb3) sltu    s7, s3, s1
core   0: 3 0x80000498 (0x0099bbb3) x23 0x00000001
core   0: 0x8000049c (0x0ff0000f) fence   iorw,iorw
core   0: 3 0x8000049c (0x0ff0000f)
core   0: 0x800004a0 (0xff3453e3) bge     s0, s3, pc - 26
core   0: 3 0x800004a0 (0xff3453e3)
core   0: 0x800004a4 (0xfde4e3e3) bltu    s1, t5, pc - 58
core   0: 3 0x800004a4 (0xfde4e3e3)
core   0: 0x800004a8 (0x00009ca2) c.add   s9, s0
core   0: 3 0x800004a8 (0x9ca2) x25 0xffffffea
core   0: 0x800004aa (0x00700613) li      a2, 7
core   0: 3 0x800004aa (0x00700613) x12 0x00000007
core   0: 0x800004ae (0x03dfb3b3) mulhu   t2, t6, t4
core   0: 3 0x800004ae (0x03dfb3b3) x 7 0x00000008
core   0: 0x800004b2 (0x01000c93) li      s9, 16
core   0: 3 0x800004b2 (0x01000c93) x25 0x00000010
core   0: 0x800004b6 (0x2ce37897) auipc   a7, 0x2ce37
core   0: 3 0x800004b6 (0x2ce37897) x17 0xace374b6
core   0: 0x800004ba (0x00008ca9) c.xor   s1, a0
core   0: 3 0x800004ba (0x8ca9) x 9 0xfffffff3
core   0: 0x800004bc (0xf860e813) ori     a6, ra, -122
core   0: 3 0x800004bc (0xf860e813) x16 0xffffff86
core   0: 0x800004c0 (0x03084d33) div     s10, a6, a6
core   0: 3 0x800004c0 (0x03084d33) x26 0x00000001
core   0: 0x800004c4 (0x00000605) c.addi  a2, 1
core   0: 3 0x800004c4 (0x0605) x12 0x00000008
core   0: 0x800004c6 (0x02792133) mulhsu  sp, s2, t2
core   0: 3 0x800004c6 (0x02792133) x 2 0xffffffff
core   0: 0x800004ca (0x00006391) c.lui   t2, 0x4
core   0: 3 0x800004ca (0x6391) x 7 0x00004000
core   0: 0x800004cc (0x03b6c2b3) div     t0, a3, s11
core   0: 3 0x800004cc (0x03b6c2b3) x 5 0x00000000
core   0: 0x800004d0 (0x0000044d) c.addi  s0, 19
core   0: 3 0x800004d0 (0x044d) x 8 0xfffffffe
core   0: 0x800004d2 (0x009ca233) slt     tp, s9, s1
core   0: 3 0x800004d2 (0x009ca233) x 4 0x00000000
core   0: 0x800004d6 (0xffb00513) li      a0, -5
core   0: 3 0x800004d6 (0xffb00513) x10 0xfffffffb
core   0: 0x800004da (0x00000001) c.nop
core   0: 3 0x800004da (0x0001)
core   0: 0x800004dc (0x82c4ee13) ori     t3, s1, -2004
core   0: 3 0x800004dc (0x82c4ee13) x28 0xffffffff
core   0: 0x800004e0 (0x3807e313) ori     t1, a5, 896
core   0: 3 0x800004e0 (0x3807e313) x 6 0x80021fe4
core   0: 0x800004e4 (0x000006b5) c.addi  a3, 13
core   0: 3 0x800004e4 (0x06b5) x13 0x0000000d
core   0: 0x800004e6 (0x00000505) c.addi  a0, 1
core   0: 3 0x800004e6 (0x0505) x10 0xfffffffc
core   0: 0x800004e8 (0x01528833) add     a6, t0, s5
core   0: 3 0x800004e8 (0x01528833) x16 0x00000001
core   0: 0x800004ec (0x02b35133) divu    sp, t1, a1
core   0: 3 0x800004ec (0x02b35133) x 2 0x00000000
core   0: 0x800004f0 (0x00008cad) c.xor   s1, a1
core   0: 3 0x800004f0 (0x8cad) x 9 0x7ffda312
core   0: 0x800004f2 (0x2ec78493) addi    s1, a5, 748
core   0: 3 0x800004f2 (0x2ec78493) x 9 0x80022150
core   0: 0x800004f6 (0x0124da93) srli    s5, s1, 18
core   0: 3 0x800004f6 (0x0124da93) x21 0x00002000
core   0: 0x800004fa (0x9da58e13) addi    t3, a1, -1574
core   0: 3 0x800004fa (0x9da58e13) x28 0x800256bb
core   0: 0x800004fe (0x0000d17d) c.beqz  a0, pc - 26
core   0: 3 0x800004fe (0xd17d)
core   0: 0x80000500 (0xfb961be3) bne     a2, s9, pc - 74
core   0: 3 0x80000500 (0xfb961be3)
core   0: 0x800004b6 (0x2ce37897) auipc   a7, 0x2ce37
core   0: 3 0x800004b6 (0x2ce37897) x17 0xace374b6
core   0: 0x800004ba (0x00008ca9) c.xor   s1, a0
core   0: 3 0x800004ba (0x8ca9) x 9 0x7ffddeac
core   0: 0x800004bc (0xf860e813) ori     a6, ra, -122
core   0: 3 0x800004bc (0xf860e813) x16 0xffffff86
core   0: 0x800004c0 (0x03084d33) div     s10, a6, a6
core   0: 3 0x800004c0 (0x03084d33) x26 0x00000001
core   0: 0x800004c4 (0x00000605) c.addi  a2, 1
core   0: 3 0x800004c4 (0x0605) x12 0x00000009
core   0: 0x800004c6 (0x02792133) mulhsu  sp, s2, t2
core   0: 3 0x800004c6 (0x02792133) x 2 0xffffffff
core   0: 0x800004ca (0x00006391) c.lui   t2, 0x4
core   0: 3 0x800004ca (0x6391) x 7 0x00004000
core   0: 0x800004cc (0x03b6c2b3) div     t0, a3, s11
core   0: 3 0x800004cc (0x03b6c2b3) x 5 0x00000000
core   0: 0x800004d0 (0x0000044d) c.addi  s0, 19
core   0: 3 0x800004d0 (0x044d) x 8 0x00000011
core   0: 0x800004d2 (0x009ca233) slt     tp, s9, s1
core   0: 3 0x800004d2 (0x009ca233) x 4 0x00000001
core   0: 0x800004d6 (0xffb00513) li      a0, -5
core   0: 3 0x800004d6 (0xffb00513) x10 0xfffffffb
core   0: 0x800004da (0x00000001) c.nop
core   0: 3 0x800004da (0x0001)
core   0: 0x800004dc (0x82c4ee13) ori     t3, s1, -2004
core   0: 3 0x800004dc (0x82c4ee13) x28 0xfffffeac
core   0: 0x800004e0 (0x3807e313) ori     t1, a5, 896
core   0: 3 0x800004e0 (0x3807e313) x 6 0x80021fe4
core   0: 0x800004e4 (0x000006b5) c.addi  a3, 13
core   0: 3 0x800004e4 (0x06b5) x13 0x0000001a
core   0: 0x800004e6 (0x00000505) c.addi  a0, 1
core   0: 3 0x800004e6 (0x0505) x10 0xfffffffc
core   0: 0x800004e8 (0x01528833) add     a6, t0, s5
core   0: 3 0x800004e8 (0x01528833) x16 0x00002000
core   0: 0x800004ec (0x02b35133) divu    sp, t1, a1
core   0: 3 0x800004ec (0x02b35133) x 2 0x00000000
core   0: 0x800004f0 (0x00008cad) c.xor   s1, a1
core   0: 3 0x800004f0 (0x8cad) x 9 0xffff824d
core   0: 0x800004f2 (0x2ec78493) addi    s1, a5, 748
core   0: 3 0x800004f2 (0x2ec78493) x 9 0x80022150
core   0: 0x800004f6 (0x0124da93) srli    s5, s1, 18
core   0: 3 0x800004f6 (0x0124da93) x21 0x00002000
core   0: 0x800004fa (0x9da58e13) addi    t3, a1, -1574
core   0: 3 0x800004fa (0x9da58e13) x28 0x800256bb
core   0: 0x800004fe (0x0000d17d) c.beqz  a0, pc - 26
core   0: 3 0x800004fe (0xd17d)
core   0: 0x80000500 (0xfb961be3) bne     a2, s9, pc - 74
core   0: 3 0x80000500 (0xfb961be3)
core   0: 0x800004b6 (0x2ce37897) auipc   a7, 0x2ce37
core   0: 3 0x800004b6 (0x2ce37897) x17 0xace374b6
core   0: 0x800004ba (0x00008ca9) c.xor   s1, a0
core   0: 3 0x800004ba (0x8ca9) x 9 0x7ffddeac
core   0: 0x800004bc (0xf860e813) ori     a6, ra, -122
core   0: 3 0x800004bc (0xf860e813) x16 0xffffff86
core   0: 0x800004c0 (0x03084d33) div     s10, a6, a6
core   0: 3 0x800004c0 (0x03084d33) x26 0x00000001
core   0: 0x800004c4 (0x00000605) c.addi  a2, 1
core   0: 3 0x800004c4 (0x0605) x12 0x0000000a
core   0: 0x800004c6 (0x02792133) mulhsu  sp, s2, t2
core   0: 3 0x800004c6 (0x02792133) x 2 0xffffffff
core   0: 0x800004ca (0x00006391) c.lui   t2, 0x4
core   0: 3 0x800004ca (0x6391) x 7 0x00004000
core   0: 0x800004cc (0x03b6c2b3) div     t0, a3, s11
core   0: 3 0x800004cc (0x03b6c2b3) x 5 0x00000000
core   0: 0x800004d0 (0x0000044d) c.addi  s0, 19
core   0: 3 0x800004d0 (0x044d) x 8 0x00000024
core   0: 0x800004d2 (0x009ca233) slt     tp, s9, s1
core   0: 3 0x800004d2 (0x009ca233) x 4 0x00000001
core   0: 0x800004d6 (0xffb00513) li      a0, -5
core   0: 3 0x800004d6 (0xffb00513) x10 0xfffffffb
core   0: 0x800004da (0x00000001) c.nop
core   0: 3 0x800004da (0x0001)
core   0: 0x800004dc (0x82c4ee13) ori     t3, s1, -2004
core   0: 3 0x800004dc (0x82c4ee13) x28 0xfffffeac
core   0: 0x800004e0 (0x3807e313) ori     t1, a5, 896
core   0: 3 0x800004e0 (0x3807e313) x 6 0x80021fe4
core   0: 0x800004e4 (0x000006b5) c.addi  a3, 13
core   0: 3 0x800004e4 (0x06b5) x13 0x00000027
core   0: 0x800004e6 (0x00000505) c.addi  a0, 1
core   0: 3 0x800004e6 (0x0505) x10 0xfffffffc
core   0: 0x800004e8 (0x01528833) add     a6, t0, s5
core   0: 3 0x800004e8 (0x01528833) x16 0x00002000
core   0: 0x800004ec (0x02b35133) divu    sp, t1, a1
core   0: 3 0x800004ec (0x02b35133) x 2 0x00000000
core   0: 0x800004f0 (0x00008cad) c.xor   s1, a1
core   0: 3 0x800004f0 (0x8cad) x 9 0xffff824d
core   0: 0x800004f2 (0x2ec78493) addi    s1, a5, 748
core   0: 3 0x800004f2 (0x2ec78493) x 9 0x80022150
core   0: 0x800004f6 (0x0124da93) srli    s5, s1, 18
core   0: 3 0x800004f6 (0x0124da93) x21 0x00002000
core   0: 0x800004fa (0x9da58e13) addi    t3, a1, -1574
core   0: 3 0x800004fa (0x9da58e13) x28 0x800256bb
core   0: 0x800004fe (0x0000d17d) c.beqz  a0, pc - 26
core   0: 3 0x800004fe (0xd17d)
core   0: 0x80000500 (0xfb961be3) bne     a2, s9, pc - 74
core   0: 3 0x80000500 (0xfb961be3)
core   0: 0x800004b6 (0x2ce37897) auipc   a7, 0x2ce37
core   0: 3 0x800004b6 (0x2ce37897) x17 0xace374b6
core   0: 0x800004ba (0x00008ca9) c.xor   s1, a0
core   0: 3 0x800004ba (0x8ca9) x 9 0x7ffddeac
core   0: 0x800004bc (0xf860e813) ori     a6, ra, -122
core   0: 3 0x800004bc (0xf860e813) x16 0xffffff86
core   0: 0x800004c0 (0x03084d33) div     s10, a6, a6
core   0: 3 0x800004c0 (0x03084d33) x26 0x00000001
core   0: 0x800004c4 (0x00000605) c.addi  a2, 1
core   0: 3 0x800004c4 (0x0605) x12 0x0000000b
core   0: 0x800004c6 (0x02792133) mulhsu  sp, s2, t2
core   0: 3 0x800004c6 (0x02792133) x 2 0xffffffff
core   0: 0x800004ca (0x00006391) c.lui   t2, 0x4
core   0: 3 0x800004ca (0x6391) x 7 0x00004000
core   0: 0x800004cc (0x03b6c2b3) div     t0, a3, s11
core   0: 3 0x800004cc (0x03b6c2b3) x 5 0x00000001
core   0: 0x800004d0 (0x0000044d) c.addi  s0, 19
core   0: 3 0x800004d0 (0x044d) x 8 0x00000037
core   0: 0x800004d2 (0x009ca233) slt     tp, s9, s1
core   0: 3 0x800004d2 (0x009ca233) x 4 0x00000001
core   0: 0x800004d6 (0xffb00513) li      a0, -5
core   0: 3 0x800004d6 (0xffb00513) x10 0xfffffffb
core   0: 0x800004da (0x00000001) c.nop
core   0: 3 0x800004da (0x0001)
core   0: 0x800004dc (0x82c4ee13) ori     t3, s1, -2004
core   0: 3 0x800004dc (0x82c4ee13) x28 0xfffffeac
core   0: 0x800004e0 (0x3807e313) ori     t1, a5, 896
core   0: 3 0x800004e0 (0x3807e313) x 6 0x80021fe4
core   0: 0x800004e4 (0x000006b5) c.addi  a3, 13
core   0: 3 0x800004e4 (0x06b5) x13 0x00000034
core   0: 0x800004e6 (0x00000505) c.addi  a0, 1
core   0: 3 0x800004e6 (0x0505) x10 0xfffffffc
core   0: 0x800004e8 (0x01528833) add     a6, t0, s5
core   0: 3 0x800004e8 (0x01528833) x16 0x00002001
core   0: 0x800004ec (0x02b35133) divu    sp, t1, a1
core   0: 3 0x800004ec (0x02b35133) x 2 0x00000000
core   0: 0x800004f0 (0x00008cad) c.xor   s1, a1
core   0: 3 0x800004f0 (0x8cad) x 9 0xffff824d
core   0: 0x800004f2 (0x2ec78493) addi    s1, a5, 748
core   0: 3 0x800004f2 (0x2ec78493) x 9 0x80022150
core   0: 0x800004f6 (0x0124da93) srli    s5, s1, 18
core   0: 3 0x800004f6 (0x0124da93) x21 0x00002000
core   0: 0x800004fa (0x9da58e13) addi    t3, a1, -1574
core   0: 3 0x800004fa (0x9da58e13) x28 0x800256bb
core   0: 0x800004fe (0x0000d17d) c.beqz  a0, pc - 26
core   0: 3 0x800004fe (0xd17d)
core   0: 0x80000500 (0xfb961be3) bne     a2, s9, pc - 74
core   0: 3 0x80000500 (0xfb961be3)
core   0: 0x800004b6 (0x2ce37897) auipc   a7, 0x2ce37
core   0: 3 0x800004b6 (0x2ce37897) x17 0xace374b6
core   0: 0x800004ba (0x00008ca9) c.xor   s1, a0
core   0: 3 0x800004ba (0x8ca9) x 9 0x7ffddeac
core   0: 0x800004bc (0xf860e813) ori     a6, ra, -122
core   0: 3 0x800004bc (0xf860e813) x16 0xffffff86
core   0: 0x800004c0 (0x03084d33) div     s10, a6, a6
core   0: 3 0x800004c0 (0x03084d33) x26 0x00000001
core   0: 0x800004c4 (0x00000605) c.addi  a2, 1
core   0: 3 0x800004c4 (0x0605) x12 0x0000000c
core   0: 0x800004c6 (0x02792133) mulhsu  sp, s2, t2
core   0: 3 0x800004c6 (0x02792133) x 2 0xffffffff
core   0: 0x800004ca (0x00006391) c.lui   t2, 0x4
core   0: 3 0x800004ca (0x6391) x 7 0x00004000
core   0: 0x800004cc (0x03b6c2b3) div     t0, a3, s11
core   0: 3 0x800004cc (0x03b6c2b3) x 5 0x00000001
core   0: 0x800004d0 (0x0000044d) c.addi  s0, 19
core   0: 3 0x800004d0 (0x044d) x 8 0x0000004a
core   0: 0x800004d2 (0x009ca233) slt     tp, s9, s1
core   0: 3 0x800004d2 (0x009ca233) x 4 0x00000001
core   0: 0x800004d6 (0xffb00513) li      a0, -5
core   0: 3 0x800004d6 (0xffb00513) x10 0xfffffffb
core   0: 0x800004da (0x00000001) c.nop
core   0: 3 0x800004da (0x0001)
core   0: 0x800004dc (0x82c4ee13) ori     t3, s1, -2004
core   0: 3 0x800004dc (0x82c4ee13) x28 0xfffffeac
core   0: 0x800004e0 (0x3807e313) ori     t1, a5, 896
core   0: 3 0x800004e0 (0x3807e313) x 6 0x80021fe4
core   0: 0x800004e4 (0x000006b5) c.addi  a3, 13
core   0: 3 0x800004e4 (0x06b5) x13 0x00000041
core   0: 0x800004e6 (0x00000505) c.addi  a0, 1
core   0: 3 0x800004e6 (0x0505) x10 0xfffffffc
core   0: 0x800004e8 (0x01528833) add     a6, t0, s5
core   0: 3 0x800004e8 (0x01528833) x16 0x00002001
core   0: 0x800004ec (0x02b35133) divu    sp, t1, a1
core   0: 3 0x800004ec (0x02b35133) x 2 0x00000000
core   0: 0x800004f0 (0x00008cad) c.xor   s1, a1
core   0: 3 0x800004f0 (0x8cad) x 9 0xffff824d
core   0: 0x800004f2 (0x2ec78493) addi    s1, a5, 748
core   0: 3 0x800004f2 (0x2ec78493) x 9 0x80022150
core   0: 0x800004f6 (0x0124da93) srli    s5, s1, 18
core   0: 3 0x800004f6 (0x0124da93) x21 0x00002000
core   0: 0x800004fa (0x9da58e13) addi    t3, a1, -1574
core   0: 3 0x800004fa (0x9da58e13) x28 0x800256bb
core   0: 0x800004fe (0x0000d17d) c.beqz  a0, pc - 26
core   0: 3 0x800004fe (0xd17d)
core   0: 0x80000500 (0xfb961be3) bne     a2, s9, pc - 74
core   0: 3 0x80000500 (0xfb961be3)
core   0: 0x800004b6 (0x2ce37897) auipc   a7, 0x2ce37
core   0: 3 0x800004b6 (0x2ce37897) x17 0xace374b6
core   0: 0x800004ba (0x00008ca9) c.xor   s1, a0
core   0: 3 0x800004ba (0x8ca9) x 9 0x7ffddeac
core   0: 0x800004bc (0xf860e813) ori     a6, ra, -122
core   0: 3 0x800004bc (0xf860e813) x16 0xffffff86
core   0: 0x800004c0 (0x03084d33) div     s10, a6, a6
core   0: 3 0x800004c0 (0x03084d33) x26 0x00000001
core   0: 0x800004c4 (0x00000605) c.addi  a2, 1
core   0: 3 0x800004c4 (0x0605) x12 0x0000000d
core   0: 0x800004c6 (0x02792133) mulhsu  sp, s2, t2
core   0: 3 0x800004c6 (0x02792133) x 2 0xffffffff
core   0: 0x800004ca (0x00006391) c.lui   t2, 0x4
core   0: 3 0x800004ca (0x6391) x 7 0x00004000
core   0: 0x800004cc (0x03b6c2b3) div     t0, a3, s11
core   0: 3 0x800004cc (0x03b6c2b3) x 5 0x00000002
core   0: 0x800004d0 (0x0000044d) c.addi  s0, 19
core   0: 3 0x800004d0 (0x044d) x 8 0x0000005d
core   0: 0x800004d2 (0x009ca233) slt     tp, s9, s1
core   0: 3 0x800004d2 (0x009ca233) x 4 0x00000001
core   0: 0x800004d6 (0xffb00513) li      a0, -5
core   0: 3 0x800004d6 (0xffb00513) x10 0xfffffffb
core   0: 0x800004da (0x00000001) c.nop
core   0: 3 0x800004da (0x0001)
core   0: 0x800004dc (0x82c4ee13) ori     t3, s1, -2004
core   0: 3 0x800004dc (0x82c4ee13) x28 0xfffffeac
core   0: 0x800004e0 (0x3807e313) ori     t1, a5, 896
core   0: 3 0x800004e0 (0x3807e313) x 6 0x80021fe4
core   0: 0x800004e4 (0x000006b5) c.addi  a3, 13
core   0: 3 0x800004e4 (0x06b5) x13 0x0000004e
core   0: 0x800004e6 (0x00000505) c.addi  a0, 1
core   0: 3 0x800004e6 (0x0505) x10 0xfffffffc
core   0: 0x800004e8 (0x01528833) add     a6, t0, s5
core   0: 3 0x800004e8 (0x01528833) x16 0x00002002
core   0: 0x800004ec (0x02b35133) divu    sp, t1, a1
core   0: 3 0x800004ec (0x02b35133) x 2 0x00000000
core   0: 0x800004f0 (0x00008cad) c.xor   s1, a1
core   0: 3 0x800004f0 (0x8cad) x 9 0xffff824d
core   0: 0x800004f2 (0x2ec78493) addi    s1, a5, 748
core   0: 3 0x800004f2 (0x2ec78493) x 9 0x80022150
core   0: 0x800004f6 (0x0124da93) srli    s5, s1, 18
core   0: 3 0x800004f6 (0x0124da93) x21 0x00002000
core   0: 0x800004fa (0x9da58e13) addi    t3, a1, -1574
core   0: 3 0x800004fa (0x9da58e13) x28 0x800256bb
core   0: 0x800004fe (0x0000d17d) c.beqz  a0, pc - 26
core   0: 3 0x800004fe (0xd17d)
core   0: 0x80000500 (0xfb961be3) bne     a2, s9, pc - 74
core   0: 3 0x80000500 (0xfb961be3)
core   0: 0x800004b6 (0x2ce37897) auipc   a7, 0x2ce37
core   0: 3 0x800004b6 (0x2ce37897) x17 0xace374b6
core   0: 0x800004ba (0x00008ca9) c.xor   s1, a0
core   0: 3 0x800004ba (0x8ca9) x 9 0x7ffddeac
core   0: 0x800004bc (0xf860e813) ori     a6, ra, -122
core   0: 3 0x800004bc (0xf860e813) x16 0xffffff86
core   0: 0x800004c0 (0x03084d33) div     s10, a6, a6
core   0: 3 0x800004c0 (0x03084d33) x26 0x00000001
core   0: 0x800004c4 (0x00000605) c.addi  a2, 1
core   0: 3 0x800004c4 (0x0605) x12 0x0000000e
core   0: 0x800004c6 (0x02792133) mulhsu  sp, s2, t2
core   0: 3 0x800004c6 (0x02792133) x 2 0xffffffff
core   0: 0x800004ca (0x00006391) c.lui   t2, 0x4
core   0: 3 0x800004ca (0x6391) x 7 0x00004000
core   0: 0x800004cc (0x03b6c2b3) div     t0, a3, s11
core   0: 3 0x800004cc (0x03b6c2b3) x 5 0x00000002
core   0: 0x800004d0 (0x0000044d) c.addi  s0, 19
core   0: 3 0x800004d0 (0x044d) x 8 0x00000070
core   0: 0x800004d2 (0x009ca233) slt     tp, s9, s1
core   0: 3 0x800004d2 (0x009ca233) x 4 0x00000001
core   0: 0x800004d6 (0xffb00513) li      a0, -5
core   0: 3 0x800004d6 (0xffb00513) x10 0xfffffffb
core   0: 0x800004da (0x00000001) c.nop
core   0: 3 0x800004da (0x0001)
core   0: 0x800004dc (0x82c4ee13) ori     t3, s1, -2004
core   0: 3 0x800004dc (0x82c4ee13) x28 0xfffffeac
core   0: 0x800004e0 (0x3807e313) ori     t1, a5, 896
core   0: 3 0x800004e0 (0x3807e313) x 6 0x80021fe4
core   0: 0x800004e4 (0x000006b5) c.addi  a3, 13
core   0: 3 0x800004e4 (0x06b5) x13 0x0000005b
core   0: 0x800004e6 (0x00000505) c.addi  a0, 1
core   0: 3 0x800004e6 (0x0505) x10 0xfffffffc
core   0: 0x800004e8 (0x01528833) add     a6, t0, s5
core   0: 3 0x800004e8 (0x01528833) x16 0x00002002
core   0: 0x800004ec (0x02b35133) divu    sp, t1, a1
core   0: 3 0x800004ec (0x02b35133) x 2 0x00000000
core   0: 0x800004f0 (0x00008cad) c.xor   s1, a1
core   0: 3 0x800004f0 (0x8cad) x 9 0xffff824d
core   0: 0x800004f2 (0x2ec78493) addi    s1, a5, 748
core   0: 3 0x800004f2 (0x2ec78493) x 9 0x80022150
core   0: 0x800004f6 (0x0124da93) srli    s5, s1, 18
core   0: 3 0x800004f6 (0x0124da93) x21 0x00002000
core   0: 0x800004fa (0x9da58e13) addi    t3, a1, -1574
core   0: 3 0x800004fa (0x9da58e13) x28 0x800256bb
core   0: 0x800004fe (0x0000d17d) c.beqz  a0, pc - 26
core   0: 3 0x800004fe (0xd17d)
core   0: 0x80000500 (0xfb961be3) bne     a2, s9, pc - 74
core   0: 3 0x80000500 (0xfb961be3)
core   0: 0x800004b6 (0x2ce37897) auipc   a7, 0x2ce37
core   0: 3 0x800004b6 (0x2ce37897) x17 0xace374b6
core   0: 0x800004ba (0x00008ca9) c.xor   s1, a0
core   0: 3 0x800004ba (0x8ca9) x 9 0x7ffddeac
core   0: 0x800004bc (0xf860e813) ori     a6, ra, -122
core   0: 3 0x800004bc (0xf860e813) x16 0xffffff86
core   0: 0x800004c0 (0x03084d33) div     s10, a6, a6
core   0: 3 0x800004c0 (0x03084d33) x26 0x00000001
core   0: 0x800004c4 (0x00000605) c.addi  a2, 1
core   0: 3 0x800004c4 (0x0605) x12 0x0000000f
core   0: 0x800004c6 (0x02792133) mulhsu  sp, s2, t2
core   0: 3 0x800004c6 (0x02792133) x 2 0xffffffff
core   0: 0x800004ca (0x00006391) c.lui   t2, 0x4
core   0: 3 0x800004ca (0x6391) x 7 0x00004000
core   0: 0x800004cc (0x03b6c2b3) div     t0, a3, s11
core   0: 3 0x800004cc (0x03b6c2b3) x 5 0x00000002
core   0: 0x800004d0 (0x0000044d) c.addi  s0, 19
core   0: 3 0x800004d0 (0x044d) x 8 0x00000083
core   0: 0x800004d2 (0x009ca233) slt     tp, s9, s1
core   0: 3 0x800004d2 (0x009ca233) x 4 0x00000001
core   0: 0x800004d6 (0xffb00513) li      a0, -5
core   0: 3 0x800004d6 (0xffb00513) x10 0xfffffffb
core   0: 0x800004da (0x00000001) c.nop
core   0: 3 0x800004da (0x0001)
core   0: 0x800004dc (0x82c4ee13) ori     t3, s1, -2004
core   0: 3 0x800004dc (0x82c4ee13) x28 0xfffffeac
core   0: 0x800004e0 (0x3807e313) ori     t1, a5, 896
core   0: 3 0x800004e0 (0x3807e313) x 6 0x80021fe4
core   0: 0x800004e4 (0x000006b5) c.addi  a3, 13
core   0: 3 0x800004e4 (0x06b5) x13 0x00000068
core   0: 0x800004e6 (0x00000505) c.addi  a0, 1
core   0: 3 0x800004e6 (0x0505) x10 0xfffffffc
core   0: 0x800004e8 (0x01528833) add     a6, t0, s5
core   0: 3 0x800004e8 (0x01528833) x16 0x00002002
core   0: 0x800004ec (0x02b35133) divu    sp, t1, a1
core   0: 3 0x800004ec (0x02b35133) x 2 0x00000000
core   0: 0x800004f0 (0x00008cad) c.xor   s1, a1
core   0: 3 0x800004f0 (0x8cad) x 9 0xffff824d
core   0: 0x800004f2 (0x2ec78493) addi    s1, a5, 748
core   0: 3 0x800004f2 (0x2ec78493) x 9 0x80022150
core   0: 0x800004f6 (0x0124da93) srli    s5, s1, 18
core   0: 3 0x800004f6 (0x0124da93) x21 0x00002000
core   0: 0x800004fa (0x9da58e13) addi    t3, a1, -1574
core   0: 3 0x800004fa (0x9da58e13) x28 0x800256bb
core   0: 0x800004fe (0x0000d17d) c.beqz  a0, pc - 26
core   0: 3 0x800004fe (0xd17d)
core   0: 0x80000500 (0xfb961be3) bne     a2, s9, pc - 74
core   0: 3 0x80000500 (0xfb961be3)
core   0: 0x800004b6 (0x2ce37897) auipc   a7, 0x2ce37
core   0: 3 0x800004b6 (0x2ce37897) x17 0xace374b6
core   0: 0x800004ba (0x00008ca9) c.xor   s1, a0
core   0: 3 0x800004ba (0x8ca9) x 9 0x7ffddeac
core   0: 0x800004bc (0xf860e813) ori     a6, ra, -122
core   0: 3 0x800004bc (0xf860e813) x16 0xffffff86
core   0: 0x800004c0 (0x03084d33) div     s10, a6, a6
core   0: 3 0x800004c0 (0x03084d33) x26 0x00000001
core   0: 0x800004c4 (0x00000605) c.addi  a2, 1
core   0: 3 0x800004c4 (0x0605) x12 0x00000010
core   0: 0x800004c6 (0x02792133) mulhsu  sp, s2, t2
core   0: 3 0x800004c6 (0x02792133) x 2 0xffffffff
core   0: 0x800004ca (0x00006391) c.lui   t2, 0x4
core   0: 3 0x800004ca (0x6391) x 7 0x00004000
core   0: 0x800004cc (0x03b6c2b3) div     t0, a3, s11
core   0: 3 0x800004cc (0x03b6c2b3) x 5 0x00000003
core   0: 0x800004d0 (0x0000044d) c.addi  s0, 19
core   0: 3 0x800004d0 (0x044d) x 8 0x00000096
core   0: 0x800004d2 (0x009ca233) slt     tp, s9, s1
core   0: 3 0x800004d2 (0x009ca233) x 4 0x00000001
core   0: 0x800004d6 (0xffb00513) li      a0, -5
core   0: 3 0x800004d6 (0xffb00513) x10 0xfffffffb
core   0: 0x800004da (0x00000001) c.nop
core   0: 3 0x800004da (0x0001)
core   0: 0x800004dc (0x82c4ee13) ori     t3, s1, -2004
core   0: 3 0x800004dc (0x82c4ee13) x28 0xfffffeac
core   0: 0x800004e0 (0x3807e313) ori     t1, a5, 896
core   0: 3 0x800004e0 (0x3807e313) x 6 0x80021fe4
core   0: 0x800004e4 (0x000006b5) c.addi  a3, 13
core   0: 3 0x800004e4 (0x06b5) x13 0x00000075
core   0: 0x800004e6 (0x00000505) c.addi  a0, 1
core   0: 3 0x800004e6 (0x0505) x10 0xfffffffc
core   0: 0x800004e8 (0x01528833) add     a6, t0, s5
core   0: 3 0x800004e8 (0x01528833) x16 0x00002003
core   0: 0x800004ec (0x02b35133) divu    sp, t1, a1
core   0: 3 0x800004ec (0x02b35133) x 2 0x00000000
core   0: 0x800004f0 (0x00008cad) c.xor   s1, a1
core   0: 3 0x800004f0 (0x8cad) x 9 0xffff824d
core   0: 0x800004f2 (0x2ec78493) addi    s1, a5, 748
core   0: 3 0x800004f2 (0x2ec78493) x 9 0x80022150
core   0: 0x800004f6 (0x0124da93) srli    s5, s1, 18
core   0: 3 0x800004f6 (0x0124da93) x21 0x00002000
core   0: 0x800004fa (0x9da58e13) addi    t3, a1, -1574
core   0: 3 0x800004fa (0x9da58e13) x28 0x800256bb
core   0: 0x800004fe (0x0000d17d) c.beqz  a0, pc - 26
core   0: 3 0x800004fe (0xd17d)
core   0: 0x80000500 (0xfb961be3) bne     a2, s9, pc - 74
core   0: 3 0x80000500 (0xfb961be3)
core   0: 0x80000504 (0x00000961) c.addi  s2, 24
core   0: 3 0x80000504 (0x0961) x18 0x00000016
core   0: 0x80000506 (0xff600693) li      a3, -10
core   0: 3 0x80000506 (0xff600693) x13 0xfffffff6
core   0: 0x8000050a (0x03fee633) rem     a2, t4, t6
core   0: 3 0x8000050a (0x03fee633) x12 0x00000012
core   0: 0x8000050e (0x00000001) c.nop
core   0: 3 0x8000050e (0x0001)
core   0: 0x80000510 (0x008c5c93) srli    s9, s8, 8
core   0: 3 0x80000510 (0x008c5c93) x25 0x00fdf3c4
core   0: 0x80000514 (0x00008cb5) c.xor   s1, a3
core   0: 3 0x80000514 (0x8cb5) x 9 0x7ffddea6
core   0: 0x80000516 (0x02551233) mulh    tp, a0, t0
core   0: 3 0x80000516 (0x02551233) x 4 0xffffffff
core   0: 0x8000051a (0x41006293) ori     t0, zero, 1040
core   0: 3 0x8000051a (0x41006293) x 5 0x00000410
core   0: 0x8000051e (0x00006131) c.addi16sp sp, 320
core   0: 3 0x8000051e (0x6131) x 2 0x00000140
core   0: 0x80000520 (0x02a26e33) rem     t3, tp, a0
core   0: 3 0x80000520 (0x02a26e33) x28 0xffffffff
core   0: 0x80000524 (0x00008345) c.srli  a4, 17
core   0: 3 0x80000524 (0x8345) x14 0x00007fff
core   0: 0x80000526 (0x00009a7d) c.andi  a2, -1
core   0: 3 0x80000526 (0x9a7d) x12 0x00000012
core   0: 0x80000528 (0x45c17113) andi    sp, sp, 1116
core   0: 3 0x80000528 (0x45c17113) x 2 0x00000040
core   0: 0x8000052c (0x02aa8d33) mul     s10, s5, a0
core   0: 3 0x8000052c (0x02aa8d33) x26 0xffff8000
core   0: 0x80000530 (0x00004ee1) c.li    t4, 24
core   0: 3 0x80000530 (0x4ee1) x29 0x00000018
core   0: 0x80000532 (0x00000685) c.addi  a3, 1
core   0: 3 0x80000532 (0x0685) x13 0xfffffff7
core   0: 0x80000534 (0x015054b3) srl     s1, zero, s5
core   0: 3 0x80000534 (0x015054b3) x 9 0x00000000
core   0: 0x80000538 (0x00008cc9) c.or    s1, a0
core   0: 3 0x80000538 (0x8cc9) x 9 0xfffffffc
core   0: 0x8000053a (0x00cfd533) srl     a0, t6, a2
core   0: 3 0x8000053a (0x00cfd533) x10 0x00001f78
core   0: 0x8000053e (0x0000daf9) c.beqz  a3, pc - 42
core   0: 3 0x8000053e (0xdaf9)
core   0: 0x80000540 (0x01a40133) add     sp, s0, s10
core   0: 3 0x80000540 (0x01a40133) x 2 0xffff8096
core   0: 0x80000544 (0x00700693) li      a3, 7
core   0: 3 0x80000544 (0x00700693) x13 0x00000007
core   0: 0x80000548 (0x02de25b3) mulhsu  a1, t3, a3
core   0: 3 0x80000548 (0x02de25b3) x11 0xffffffff
core   0: 0x8000054c (0x41addc93) srai    s9, s11, 26
core   0: 3 0x8000054c (0x41addc93) x25 0x00000000
core   0: 0x80000550 (0x00008df5) c.and   a1, a3
core   0: 3 0x80000550 (0x8df5) x11 0x00000007
core   0: 0x80000552 (0x154fa713) slti    a4, t6, 340
core   0: 3 0x80000552 (0x154fa713) x14 0x00000000
core   0: 0x80000556 (0x00000001) c.nop
core   0: 3 0x80000556 (0x0001)
core   0: 0x80000558 (0xa0c8a5b7) lui     a1, 0xa0c8a
core   0: 3 0x80000558 (0xa0c8a5b7) x11 0xa0c8a000
core   0: 0x8000055c (0x01e35d93) srli    s11, t1, 30
core   0: 3 0x8000055c (0x01e35d93) x27 0x00000002
core   0: 0x80000560 (0x00000001) c.nop
core   0: 3 0x80000560 (0x0001)
core   0: 0x80000562 (0x00008f45) c.or    a4, s1
core   0: 3 0x80000562 (0x8f45) x14 0xfffffffc
core   0: 0x80000564 (0x00ddd993) srli    s3, s11, 13
core   0: 3 0x80000564 (0x00ddd993) x19 0x00000000
core   0: 0x80000568 (0x000016e5) c.addi  a3, -7
core   0: 3 0x80000568 (0x16e5) x13 0x00000000
core   0: 0x8000056a (0x00300193) li      gp, 3
core   0: 3 0x8000056a (0x00300193) x 3 0x00000003
core   0: 0x8000056e (0x030f3cb3) mulhu   s9, t5, a6
core   0: 3 0x8000056e (0x030f3cb3) x25 0x00000000
core   0: 0x80000572 (0x00008c79) c.and   s0, a4
core   0: 3 0x80000572 (0x8c79) x 8 0x00000094
core   0: 0x80000574 (0x00f00493) li      s1, 15
core   0: 3 0x80000574 (0x00f00493) x 9 0x0000000f
core   0: 0x80000578 (0x0027cf33) xor     t5, a5, sp
core   0: 3 0x80000578 (0x0027cf33) x30 0x7ffd9ef2
core   0: 0x8000057c (0x0329dfb3) divu    t6, s3, s2
core   0: 3 0x8000057c (0x0329dfb3) x31 0x00000000
core   0: 0x80000580 (0x0361a833) mulhsu  a6, gp, s6
core   0: 3 0x80000580 (0x0361a833) x16 0x00000000
core   0: 0x80000584 (0x00000195) c.addi  gp, 5
core   0: 3 0x80000584 (0x0195) x 3 0x00000008
core   0: 0x80000586 (0x037755b3) divu    a1, a4, s7
core   0: 3 0x80000586 (0x037755b3) x11 0xfffffffc
core   0: 0x8000058a (0x00008c1d) c.sub   s0, a5
core   0: 3 0x8000058a (0x8c1d) x 8 0x7ffde230
core   0: 0x8000058c (0xfe91c6e3) blt     gp, s1, pc - 20
core   0: 3 0x8000058c (0xfe91c6e3)
core   0: 0x80000578 (0x0027cf33) xor     t5, a5, sp
core   0: 3 0x80000578 (0x0027cf33) x30 0x7ffd9ef2
core   0: 0x8000057c (0x0329dfb3) divu    t6, s3, s2
core   0: 3 0x8000057c (0x0329dfb3) x31 0x00000000
core   0: 0x80000580 (0x0361a833) mulhsu  a6, gp, s6
core   0: 3 0x80000580 (0x0361a833) x16 0x00000000
core   0: 0x80000584 (0x00000195) c.addi  gp, 5
core   0: 3 0x80000584 (0x0195) x 3 0x0000000d
core   0: 0x80000586 (0x037755b3) divu    a1, a4, s7
core   0: 3 0x80000586 (0x037755b3) x11 0xfffffffc
core   0: 0x8000058a (0x00008c1d) c.sub   s0, a5
core   0: 3 0x8000058a (0x8c1d) x 8 0xfffbc3cc
core   0: 0x8000058c (0xfe91c6e3) blt     gp, s1, pc - 20
core   0: 3 0x8000058c (0xfe91c6e3)
core   0: 0x80000578 (0x0027cf33) xor     t5, a5, sp
core   0: 3 0x80000578 (0x0027cf33) x30 0x7ffd9ef2
core   0: 0x8000057c (0x0329dfb3) divu    t6, s3, s2
core   0: 3 0x8000057c (0x0329dfb3) x31 0x00000000
core   0: 0x80000580 (0x0361a833) mulhsu  a6, gp, s6
core   0: 3 0x80000580 (0x0361a833) x16 0x00000000
core   0: 0x80000584 (0x00000195) c.addi  gp, 5
core   0: 3 0x80000584 (0x0195) x 3 0x00000012
core   0: 0x80000586 (0x037755b3) divu    a1, a4, s7
core   0: 3 0x80000586 (0x037755b3) x11 0xfffffffc
core   0: 0x8000058a (0x00008c1d) c.sub   s0, a5
core   0: 3 0x8000058a (0x8c1d) x 8 0x7ff9a568
core   0: 0x8000058c (0xfe91c6e3) blt     gp, s1, pc - 20
core   0: 3 0x8000058c (0xfe91c6e3)
core   0: 0x80000590 (0x0029f3b3) and     t2, s3, sp
core   0: 3 0x80000590 (0x0029f3b3) x 7 0x00000000
core   0: 0x80000594 (0x0000d2f1) c.beqz  a3, pc - 60
core   0: 3 0x80000594 (0xd2f1)
core   0: 0x80000558 (0xa0c8a5b7) lui     a1, 0xa0c8a
core   0: 3 0x80000558 (0xa0c8a5b7) x11 0xa0c8a000
core   0: 0x8000055c (0x01e35d93) srli    s11, t1, 30
core   0: 3 0x8000055c (0x01e35d93) x27 0x00000002
core   0: 0x80000560 (0x00000001) c.nop
core   0: 3 0x80000560 (0x0001)
core   0: 0x80000562 (0x00008f45) c.or    a4, s1
core   0: 3 0x80000562 (0x8f45) x14 0xffffffff
core   0: 0x80000564 (0x00ddd993) srli    s3, s11, 13
core   0: 3 0x80000564 (0x00ddd993) x19 0x00000000
core   0: 0x80000568 (0x000016e5) c.addi  a3, -7
core   0: 3 0x80000568 (0x16e5) x13 0xfffffff9
core   0: 0x8000056a (0x00300193) li      gp, 3
core   0: 3 0x8000056a (0x00300193) x 3 0x00000003
core   0: 0x8000056e (0x030f3cb3) mulhu   s9, t5, a6
core   0: 3 0x8000056e (0x030f3cb3) x25 0x00000000
core   0: 0x80000572 (0x00008c79) c.and   s0, a4
core   0: 3 0x80000572 (0x8c79) x 8 0x7ff9a568
core   0: 0x80000574 (0x00f00493) li      s1, 15
core   0: 3 0x80000574 (0x00f00493) x 9 0x0000000f
core   0: 0x80000578 (0x0027cf33) xor     t5, a5, sp
core   0: 3 0x80000578 (0x0027cf33) x30 0x7ffd9ef2
core   0: 0x8000057c (0x0329dfb3) divu    t6, s3, s2
core   0: 3 0x8000057c (0x0329dfb3) x31 0x00000000
core   0: 0x80000580 (0x0361a833) mulhsu  a6, gp, s6
core   0: 3 0x80000580 (0x0361a833) x16 0x00000000
core   0: 0x80000584 (0x00000195) c.addi  gp, 5
core   0: 3 0x80000584 (0x0195) x 3 0x00000008
core   0: 0x80000586 (0x037755b3) divu    a1, a4, s7
core   0: 3 0x80000586 (0x037755b3) x11 0xffffffff
core   0: 0x8000058a (0x00008c1d) c.sub   s0, a5
core   0: 3 0x8000058a (0x8c1d) x 8 0xfff78704
core   0: 0x8000058c (0xfe91c6e3) blt     gp, s1, pc - 20
core   0: 3 0x8000058c (0xfe91c6e3)
core   0: 0x80000578 (0x0027cf33) xor     t5, a5, sp
core   0: 3 0x80000578 (0x0027cf33) x30 0x7ffd9ef2
core   0: 0x8000057c (0x0329dfb3) divu    t6, s3, s2
core   0: 3 0x8000057c (0x0329dfb3) x31 0x00000000
core   0: 0x80000580 (0x0361a833) mulhsu  a6, gp, s6
core   0: 3 0x80000580 (0x0361a833) x16 0x00000000
core   0: 0x80000584 (0x00000195) c.addi  gp, 5
core   0: 3 0x80000584 (0x0195) x 3 0x0000000d
core   0: 0x80000586 (0x037755b3) divu    a1, a4, s7
core   0: 3 0x80000586 (0x037755b3) x11 0xffffffff
core   0: 0x8000058a (0x00008c1d) c.sub   s0, a5
core   0: 3 0x8000058a (0x8c1d) x 8 0x7ff568a0
core   0: 0x8000058c (0xfe91c6e3) blt     gp, s1, pc - 20
core   0: 3 0x8000058c (0xfe91c6e3)
core   0: 0x80000578 (0x0027cf33) xor     t5, a5, sp
core   0: 3 0x80000578 (0x0027cf33) x30 0x7ffd9ef2
core   0: 0x8000057c (0x0329dfb3) divu    t6, s3, s2
core   0: 3 0x8000057c (0x0329dfb3) x31 0x00000000
core   0: 0x80000580 (0x0361a833) mulhsu  a6, gp, s6
core   0: 3 0x80000580 (0x0361a833) x16 0x00000000
core   0: 0x80000584 (0x00000195) c.addi  gp, 5
core   0: 3 0x80000584 (0x0195) x 3 0x00000012
core   0: 0x80000586 (0x037755b3) divu    a1, a4, s7
core   0: 3 0x80000586 (0x037755b3) x11 0xffffffff
core   0: 0x8000058a (0x00008c1d) c.sub   s0, a5
core   0: 3 0x8000058a (0x8c1d) x 8 0xfff34a3c
core   0: 0x8000058c (0xfe91c6e3) blt     gp, s1, pc - 20
core   0: 3 0x8000058c (0xfe91c6e3)
core   0: 0x80000590 (0x0029f3b3) and     t2, s3, sp
core   0: 3 0x80000590 (0x0029f3b3) x 7 0x00000000
core   0: 0x80000594 (0x0000d2f1) c.beqz  a3, pc - 60
core   0: 3 0x80000594 (0xd2f1)
core   0: 0x80000596 (0x000068a5) c.lui   a7, 0x9
core   0: 3 0x80000596 (0x68a5) x17 0x00009000
core   0: 0x80000598 (0x00800593) li      a1, 8
core   0: 3 0x80000598 (0x00800593) x11 0x00000008
core   0: 0x8000059c (0xfed00f13) li      t5, -19
core   0: 3 0x8000059c (0xfed00f13) x30 0xffffffed
core   0: 0x800005a0 (0xd3d07313) andi    t1, zero, -707
core   0: 3 0x800005a0 (0xd3d07313) x 6 0x00000000
core   0: 0x800005a4 (0x5170a293) slti    t0, ra, 1303
core   0: 3 0x800005a4 (0x5170a293) x 5 0x00000001
core   0: 0x800005a8 (0x000015e1) c.addi  a1, -8
core   0: 3 0x800005a8 (0x15e1) x11 0x00000000
core   0: 0x800005aa (0x00100193) li      gp, 1
core   0: 3 0x800005aa (0x00100193) x 3 0x00000001
core   0: 0x800005ae (0x01200093) li      ra, 18
core   0: 3 0x800005ae (0x01200093) x 1 0x00000012
core   0: 0x800005b2 (0x000059fd) c.li    s3, -1
core   0: 3 0x800005b2 (0x59fd) x19 0xffffffff
core   0: 0x800005b4 (0x000001a9) c.addi  gp, 10
core   0: 3 0x800005b4 (0x01a9) x 3 0x0000000b
core   0: 0x800005b6 (0xfe11cee3) blt     gp, ra, pc - 4
core   0: 3 0x800005b6 (0xfe11cee3)
core   0: 0x800005b2 (0x000059fd) c.li    s3, -1
core   0: 3 0x800005b2 (0x59fd) x19 0xffffffff
core   0: 0x800005b4 (0x000001a9) c.addi  gp, 10
core   0: 3 0x800005b4 (0x01a9) x 3 0x00000015
core   0: 0x800005b6 (0xfe11cee3) blt     gp, ra, pc - 4
core   0: 3 0x800005b6 (0xfe11cee3)
core   0: 0x800005ba (0xffe5d3e3) bge     a1, t5, pc - 26
core   0: 3 0x800005ba (0xffe5d3e3)
core   0: 0x800005a0 (0xd3d07313) andi    t1, zero, -707
core   0: 3 0x800005a0 (0xd3d07313) x 6 0x00000000
core   0: 0x800005a4 (0x5170a293) slti    t0, ra, 1303
core   0: 3 0x800005a4 (0x5170a293) x 5 0x00000001
core   0: 0x800005a8 (0x000015e1) c.addi  a1, -8
core   0: 3 0x800005a8 (0x15e1) x11 0xfffffff8
core   0: 0x800005aa (0x00100193) li      gp, 1
core   0: 3 0x800005aa (0x00100193) x 3 0x00000001
core   0: 0x800005ae (0x01200093) li      ra, 18
core   0: 3 0x800005ae (0x01200093) x 1 0x00000012
core   0: 0x800005b2 (0x000059fd) c.li    s3, -1
core   0: 3 0x800005b2 (0x59fd) x19 0xffffffff
core   0: 0x800005b4 (0x000001a9) c.addi  gp, 10
core   0: 3 0x800005b4 (0x01a9) x 3 0x0000000b
core   0: 0x800005b6 (0xfe11cee3) blt     gp, ra, pc - 4
core   0: 3 0x800005b6 (0xfe11cee3)
core   0: 0x800005b2 (0x000059fd) c.li    s3, -1
core   0: 3 0x800005b2 (0x59fd) x19 0xffffffff
core   0: 0x800005b4 (0x000001a9) c.addi  gp, 10
core   0: 3 0x800005b4 (0x01a9) x 3 0x00000015
core   0: 0x800005b6 (0xfe11cee3) blt     gp, ra, pc - 4
core   0: 3 0x800005b6 (0xfe11cee3)
core   0: 0x800005ba (0xffe5d3e3) bge     a1, t5, pc - 26
core   0: 3 0x800005ba (0xffe5d3e3)
core   0: 0x800005a0 (0xd3d07313) andi    t1, zero, -707
core   0: 3 0x800005a0 (0xd3d07313) x 6 0x00000000
core   0: 0x800005a4 (0x5170a293) slti    t0, ra, 1303
core   0: 3 0x800005a4 (0x5170a293) x 5 0x00000001
core   0: 0x800005a8 (0x000015e1) c.addi  a1, -8
core   0: 3 0x800005a8 (0x15e1) x11 0xfffffff0
core   0: 0x800005aa (0x00100193) li      gp, 1
core   0: 3 0x800005aa (0x00100193) x 3 0x00000001
core   0: 0x800005ae (0x01200093) li      ra, 18
core   0: 3 0x800005ae (0x01200093) x 1 0x00000012
core   0: 0x800005b2 (0x000059fd) c.li    s3, -1
core   0: 3 0x800005b2 (0x59fd) x19 0xffffffff
core   0: 0x800005b4 (0x000001a9) c.addi  gp, 10
core   0: 3 0x800005b4 (0x01a9) x 3 0x0000000b
core   0: 0x800005b6 (0xfe11cee3) blt     gp, ra, pc - 4
core   0: 3 0x800005b6 (0xfe11cee3)
core   0: 0x800005b2 (0x000059fd) c.li    s3, -1
core   0: 3 0x800005b2 (0x59fd) x19 0xffffffff
core   0: 0x800005b4 (0x000001a9) c.addi  gp, 10
core   0: 3 0x800005b4 (0x01a9) x 3 0x00000015
core   0: 0x800005b6 (0xfe11cee3) blt     gp, ra, pc - 4
core   0: 3 0x800005b6 (0xfe11cee3)
core   0: 0x800005ba (0xffe5d3e3) bge     a1, t5, pc - 26
core   0: 3 0x800005ba (0xffe5d3e3)
core   0: 0x800005a0 (0xd3d07313) andi    t1, zero, -707
core   0: 3 0x800005a0 (0xd3d07313) x 6 0x00000000
core   0: 0x800005a4 (0x5170a293) slti    t0, ra, 1303
core   0: 3 0x800005a4 (0x5170a293) x 5 0x00000001
core   0: 0x800005a8 (0x000015e1) c.addi  a1, -8
core   0: 3 0x800005a8 (0x15e1) x11 0xffffffe8
core   0: 0x800005aa (0x00100193) li      gp, 1
core   0: 3 0x800005aa (0x00100193) x 3 0x00000001
core   0: 0x800005ae (0x01200093) li      ra, 18
core   0: 3 0x800005ae (0x01200093) x 1 0x00000012
core   0: 0x800005b2 (0x000059fd) c.li    s3, -1
core   0: 3 0x800005b2 (0x59fd) x19 0xffffffff
core   0: 0x800005b4 (0x000001a9) c.addi  gp, 10
core   0: 3 0x800005b4 (0x01a9) x 3 0x0000000b
core   0: 0x800005b6 (0xfe11cee3) blt     gp, ra, pc - 4
core   0: 3 0x800005b6 (0xfe11cee3)
core   0: 0x800005b2 (0x000059fd) c.li    s3, -1
core   0: 3 0x800005b2 (0x59fd) x19 0xffffffff
core   0: 0x800005b4 (0x000001a9) c.addi  gp, 10
core   0: 3 0x800005b4 (0x01a9) x 3 0x00000015
core   0: 0x800005b6 (0xfe11cee3) blt     gp, ra, pc - 4
core   0: 3 0x800005b6 (0xfe11cee3)
core   0: 0x800005ba (0xffe5d3e3) bge     a1, t5, pc - 26
core   0: 3 0x800005ba (0xffe5d3e3)
core   0: 0x800005be (0x0106eeb3) or      t4, a3, a6
core   0: 3 0x800005be (0x0106eeb3) x29 0xfffffff9
core   0: 0x800005c2 (0x00900693) li      a3, 9
core   0: 3 0x800005c2 (0x00900693) x13 0x00000009
core   0: 0x800005c6 (0x03f13db3) mulhu   s11, sp, t6
core   0: 3 0x800005c6 (0x03f13db3) x27 0x00000000
core   0: 0x800005ca (0x00000001) c.nop
core   0: 3 0x800005ca (0x0001)
core   0: 0x800005cc (0x013f65b3) or      a1, t5, s3
core   0: 3 0x800005cc (0x013f65b3) x11 0xffffffff
core   0: 0x800005d0 (0x00008f11) c.sub   a4, a2
core   0: 3 0x800005d0 (0x8f11) x14 0xffffffed
core   0: 0x800005d2 (0x03c99333) mulh    t1, s3, t3
core   0: 3 0x800005d2 (0x03c99333) x 6 0x00000000
core   0: 0x800005d6 (0x8c42ff93) andi    t6, t0, -1852
core   0: 3 0x800005d6 (0x8c42ff93) x31 0x00000000
core   0: 0x800005da (0x000016fd) c.addi  a3, -1
core   0: 3 0x800005da (0x16fd) x13 0x00000008
core   0: 0x800005dc (0xb96fd197) auipc   gp, 0xb96fd
core   0: 3 0x800005dc (0xb96fd197) x 3 0x396fd5dc
core   0: 0x800005e0 (0x00001600) c.addi4spn s0, sp, 800
core   0: 3 0x800005e0 (0x1600) x 8 0xffff83b6
core   0: 0x800005e2 (0x00100493) li      s1, 1
core   0: 3 0x800005e2 (0x00100493) x 9 0x00000001
core   0: 0x800005e6 (0xff100c93) li      s9, -15
core   0: 3 0x800005e6 (0xff100c93) x25 0xfffffff1
core   0: 0x800005ea (0x00008c39) c.xor   s0, a4
core   0: 3 0x800005ea (0x8c39) x 8 0x00007c5b
core   0: 0x800005ec (0x00008d45) c.or    a0, s1
core   0: 3 0x800005ec (0x8d45) x10 0x00001f79
core   0: 0x800005ee (0x00eb0bb3) add     s7, s6, a4
core   0: 3 0x800005ee (0x00eb0bb3) x23 0xffffffed
core   0: 0x800005f2 (0x03053433) mulhu   s0, a0, a6
core   0: 3 0x800005f2 (0x03053433) x 8 0x00000000
core   0: 0x800005f6 (0x000014d9) c.addi  s1, -10
core   0: 3 0x800005f6 (0x14d9) x 9 0xfffffff7
core   0: 0x800005f8 (0x0063bdb3) sltu    s11, t2, t1
core   0: 3 0x800005f8 (0x0063bdb3) x27 0x00000000
core   0: 0x800005fc (0xff94d8e3) bge     s1, s9, pc - 16
core   0: 3 0x800005fc (0xff94d8e3)
core   0: 0x800005ec (0x00008d45) c.or    a0, s1
core   0: 3 0x800005ec (0x8d45) x10 0xffffffff
core   0: 0x800005ee (0x00eb0bb3) add     s7, s6, a4
core   0: 3 0x800005ee (0x00eb0bb3) x23 0xffffffed
core   0: 0x800005f2 (0x03053433) mulhu   s0, a0, a6
core   0: 3 0x800005f2 (0x03053433) x 8 0x00000000
core   0: 0x800005f6 (0x000014d9) c.addi  s1, -10
core   0: 3 0x800005f6 (0x14d9) x 9 0xffffffed
core   0: 0x800005f8 (0x0063bdb3) sltu    s11, t2, t1
core   0: 3 0x800005f8 (0x0063bdb3) x27 0x00000000
core   0: 0x800005fc (0xff94d8e3) bge     s1, s9, pc - 16
core   0: 3 0x800005fc (0xff94d8e3)
core   0: 0x80000600 (0x0ff0000f) fence   iorw,iorw
core   0: 3 0x80000600 (0x0ff0000f)
core   0: 0x80000604 (0x0000d6f1) c.beqz  a3, pc - 52
core   0: 3 0x80000604 (0xd6f1)
core   0: 0x80000606 (0x002ba2b3) slt     t0, s7, sp
core   0: 3 0x80000606 (0x002ba2b3) x 5 0x00000000
core   0: 0x8000060a (0x00400893) li      a7, 4
core   0: 3 0x8000060a (0x00400893) x17 0x00000004
core   0: 0x8000060e (0x02eb8e33) mul     t3, s7, a4
core   0: 3 0x8000060e (0x02eb8e33) x28 0x00000169
core   0: 0x80000612 (0x00000431) c.addi  s0, 12
core   0: 3 0x80000612 (0x0431) x 8 0x0000000c
core   0: 0x80000614 (0x00008c3d) c.xor   s0, a5
core   0: 3 0x80000614 (0x8c3d) x 8 0x80021e68
core   0: 0x80000616 (0x02f966b3) rem     a3, s2, a5
core   0: 3 0x80000616 (0x02f966b3) x13 0x00000016
core   0: 0x8000061a (0x00000813) li      a6, 0
core   0: 3 0x8000061a (0x00000813) x16 0x00000000
core   0: 0x8000061e (0x01878e33) add     t3, a5, s8
core   0: 3 0x8000061e (0x01878e33) x28 0x7df5e2bf
core   0: 0x80000622 (0x00008d8d) c.sub   a1, a1
core   0: 3 0x80000622 (0x8d8d) x11 0x00000000
core   0: 0x80000624 (0x000062e1) c.lui   t0, 0x18
core   0: 3 0x80000624 (0x62e1) x 5 0x00018000
core   0: 0x80000626 (0x000018f1) c.addi  a7, -4
core   0: 3 0x80000626 (0x18f1) x17 0x00000000
core   0: 0x80000628 (0x00008e05) c.sub   a2, s1
core   0: 3 0x80000628 (0x8e05) x12 0x00000025
core   0: 0x8000062a (0x84f0bcb7) lui     s9, 0x84f0b
core   0: 3 0x8000062a (0x84f0bcb7) x25 0x84f0b000
core   0: 0x8000062e (0x00006199) c.lui   gp, 0x6
core   0: 3 0x8000062e (0x6199) x 3 0x00006000
core   0: 0x80000630 (0x02a2ef33) rem     t5, t0, a0
core   0: 3 0x80000630 (0x02a2ef33) x30 0x00000000
core   0: 0x80000634 (0x000049e1) c.li    s3, 24
core   0: 3 0x80000634 (0x49e1) x19 0x00000018
core   0: 0x80000636 (0x005ce6b3) or      a3, s9, t0
core   0: 3 0x80000636 (0x005ce6b3) x13 0x84f1b000
core   0: 0x8000063a (0xff0894e3) bne     a7, a6, pc - 24
core   0: 3 0x8000063a (0xff0894e3)
core   0: 0x8000063e (0x40c18033) sub     zero, gp, a2
core   0: 3 0x8000063e (0x40c18033)
core   0: 0x80000642 (0xfff00f13) li      t5, -1
core   0: 3 0x80000642 (0xfff00f13) x30 0xffffffff
core   0: 0x80000646 (0x01400313) li      t1, 20
core   0: 3 0x80000646 (0x01400313) x 6 0x00000014
core   0: 0x8000064a (0x02bfab33) mulhsu  s6, t6, a1
core   0: 3 0x8000064a (0x02bfab33) x22 0x00000000
core   0: 0x8000064e (0x01dd2733) slt     a4, s10, t4
core   0: 3 0x8000064e (0x01dd2733) x14 0x00000001
core   0: 0x80000652 (0x03544bb3) div     s7, s0, s5
core   0: 3 0x80000652 (0x03544bb3) x23 0xfffc0011
core   0: 0x80000656 (0x0193b3b3) sltu    t2, t2, s9
core   0: 3 0x80000656 (0x0193b3b3) x 7 0x00000001
core   0: 0x8000065a (0x035f60b3) rem     ra, t5, s5
core   0: 3 0x8000065a (0x035f60b3) x 1 0xffffffff
core   0: 0x8000065e (0x00001e00) c.addi4spn s0, sp, 816
core   0: 3 0x8000065e (0x1e00) x 8 0xffff83c6
core   0: 0x80000660 (0x020dbeb3) mulhu   t4, s11, zero
core   0: 3 0x80000660 (0x020dbeb3) x29 0x00000000
core   0: 0x80000664 (0x00000f0d) c.addi  t5, 3
core   0: 3 0x80000664 (0x0f0d) x30 0x00000002
core   0: 0x80000666 (0xff900693) li      a3, -7
core   0: 3 0x80000666 (0xff900693) x13 0xfffffff9
core   0: 0x8000066a (0x00008c91) c.sub   s1, a2
core   0: 3 0x8000066a (0x8c91) x 9 0xffffffc8
core   0: 0x8000066c (0x00000001) c.nop
core   0: 3 0x8000066c (0x0001)
core   0: 0x8000066e (0x00001d8c) c.addi4spn a1, sp, 752
core   0: 3 0x8000066e (0x1d8c) x11 0xffff8386
core   0: 0x80000670 (0x00000c8c) c.addi4spn a1, sp, 592
core   0: 3 0x80000670 (0x0c8c) x11 0xffff82e6
core   0: 0x80000672 (0x00000685) c.addi  a3, 1
core   0: 3 0x80000672 (0x0685) x13 0xfffffffa
core   0: 0x80000674 (0x40130b33) sub     s6, t1, ra
core   0: 3 0x80000674 (0x40130b33) x22 0x00000015
core   0: 0x80000678 (0x0000fafd) c.bnez  a3, pc - 10
core   0: 3 0x80000678 (0xfafd)
core   0: 0x8000066e (0x00001d8c) c.addi4spn a1, sp, 752
core   0: 3 0x8000066e (0x1d8c) x11 0xffff8386
core   0: 0x80000670 (0x00000c8c) c.addi4spn a1, sp, 592
core   0: 3 0x80000670 (0x0c8c) x11 0xffff82e6
core   0: 0x80000672 (0x00000685) c.addi  a3, 1
core   0: 3 0x80000672 (0x0685) x13 0xfffffffb
core   0: 0x80000674 (0x40130b33) sub     s6, t1, ra
core   0: 3 0x80000674 (0x40130b33) x22 0x00000015
core   0: 0x80000678 (0x0000fafd) c.bnez  a3, pc - 10
core   0: 3 0x80000678 (0xfafd)
core   0: 0x8000066e (0x00001d8c) c.addi4spn a1, sp, 752
core   0: 3 0x8000066e (0x1d8c) x11 0xffff8386
core   0: 0x80000670 (0x00000c8c) c.addi4spn a1, sp, 592
core   0: 3 0x80000670 (0x0c8c) x11 0xffff82e6
core   0: 0x80000672 (0x00000685) c.addi  a3, 1
core   0: 3 0x80000672 (0x0685) x13 0xfffffffc
core   0: 0x80000674 (0x40130b33) sub     s6, t1, ra
core   0: 3 0x80000674 (0x40130b33) x22 0x00000015
core   0: 0x80000678 (0x0000fafd) c.bnez  a3, pc - 10
core   0: 3 0x80000678 (0xfafd)
core   0: 0x8000066e (0x00001d8c) c.addi4spn a1, sp, 752
core   0: 3 0x8000066e (0x1d8c) x11 0xffff8386
core   0: 0x80000670 (0x00000c8c) c.addi4spn a1, sp, 592
core   0: 3 0x80000670 (0x0c8c) x11 0xffff82e6
core   0: 0x80000672 (0x00000685) c.addi  a3, 1
core   0: 3 0x80000672 (0x0685) x13 0xfffffffd
core   0: 0x80000674 (0x40130b33) sub     s6, t1, ra
core   0: 3 0x80000674 (0x40130b33) x22 0x00000015
core   0: 0x80000678 (0x0000fafd) c.bnez  a3, pc - 10
core   0: 3 0x80000678 (0xfafd)
core   0: 0x8000066e (0x00001d8c) c.addi4spn a1, sp, 752
core   0: 3 0x8000066e (0x1d8c) x11 0xffff8386
core   0: 0x80000670 (0x00000c8c) c.addi4spn a1, sp, 592
core   0: 3 0x80000670 (0x0c8c) x11 0xffff82e6
core   0: 0x80000672 (0x00000685) c.addi  a3, 1
core   0: 3 0x80000672 (0x0685) x13 0xfffffffe
core   0: 0x80000674 (0x40130b33) sub     s6, t1, ra
core   0: 3 0x80000674 (0x40130b33) x22 0x00000015
core   0: 0x80000678 (0x0000fafd) c.bnez  a3, pc - 10
core   0: 3 0x80000678 (0xfafd)
core   0: 0x8000066e (0x00001d8c) c.addi4spn a1, sp, 752
core   0: 3 0x8000066e (0x1d8c) x11 0xffff8386
core   0: 0x80000670 (0x00000c8c) c.addi4spn a1, sp, 592
core   0: 3 0x80000670 (0x0c8c) x11 0xffff82e6
core   0: 0x80000672 (0x00000685) c.addi  a3, 1
core   0: 3 0x80000672 (0x0685) x13 0xffffffff
core   0: 0x80000674 (0x40130b33) sub     s6, t1, ra
core   0: 3 0x80000674 (0x40130b33) x22 0x00000015
core   0: 0x80000678 (0x0000fafd) c.bnez  a3, pc - 10
core   0: 3 0x80000678 (0xfafd)
core   0: 0x8000066e (0x00001d8c) c.addi4spn a1, sp, 752
core   0: 3 0x8000066e (0x1d8c) x11 0xffff8386
core   0: 0x80000670 (0x00000c8c) c.addi4spn a1, sp, 592
core   0: 3 0x80000670 (0x0c8c) x11 0xffff82e6
core   0: 0x80000672 (0x00000685) c.addi  a3, 1
core   0: 3 0x80000672 (0x0685) x13 0x00000000
core   0: 0x80000674 (0x40130b33) sub     s6, t1, ra
core   0: 3 0x80000674 (0x40130b33) x22 0x00000015
core   0: 0x80000678 (0x0000fafd) c.bnez  a3, pc - 10
core   0: 3 0x80000678 (0xfafd)
core   0: 0x8000067a (0xfe6f42e3) blt     t5, t1, pc - 28
core   0: 3 0x8000067a (0xfe6f42e3)
core   0: 0x8000065e (0x00001e00) c.addi4spn s0, sp, 816
core   0: 3 0x8000065e (0x1e00) x 8 0xffff83c6
core   0: 0x80000660 (0x020dbeb3) mulhu   t4, s11, zero
core   0: 3 0x80000660 (0x020dbeb3) x29 0x00000000
core   0: 0x80000664 (0x00000f0d) c.addi  t5, 3
core   0: 3 0x80000664 (0x0f0d) x30 0x00000005
core   0: 0x80000666 (0xff900693) li      a3, -7
core   0: 3 0x80000666 (0xff900693) x13 0xfffffff9
core   0: 0x8000066a (0x00008c91) c.sub   s1, a2
core   0: 3 0x8000066a (0x8c91) x 9 0xffffffa3
core   0: 0x8000066c (0x00000001) c.nop
core   0: 3 0x8000066c (0x0001)
core   0: 0x8000066e (0x00001d8c) c.addi4spn a1, sp, 752
core   0: 3 0x8000066e (0x1d8c) x11 0xffff8386
core   0: 0x80000670 (0x00000c8c) c.addi4spn a1, sp, 592
core   0: 3 0x80000670 (0x0c8c) x11 0xffff82e6
core   0: 0x80000672 (0x00000685) c.addi  a3, 1
core   0: 3 0x80000672 (0x0685) x13 0xfffffffa
core   0: 0x80000674 (0x40130b33) sub     s6, t1, ra
core   0: 3 0x80000674 (0x40130b33) x22 0x00000015
core   0: 0x80000678 (0x0000fafd) c.bnez  a3, pc - 10
core   0: 3 0x80000678 (0xfafd)
core   0: 0x8000066e (0x00001d8c) c.addi4spn a1, sp, 752
core   0: 3 0x8000066e (0x1d8c) x11 0xffff8386
core   0: 0x80000670 (0x00000c8c) c.addi4spn a1, sp, 592
core   0: 3 0x80000670 (0x0c8c) x11 0xffff82e6
core   0: 0x80000672 (0x00000685) c.addi  a3, 1
core   0: 3 0x80000672 (0x0685) x13 0xfffffffb
core   0: 0x80000674 (0x40130b33) sub     s6, t1, ra
core   0: 3 0x80000674 (0x40130b33) x22 0x00000015
core   0: 0x80000678 (0x0000fafd) c.bnez  a3, pc - 10
core   0: 3 0x80000678 (0xfafd)
core   0: 0x8000066e (0x00001d8c) c.addi4spn a1, sp, 752
core   0: 3 0x8000066e (0x1d8c) x11 0xffff8386
core   0: 0x80000670 (0x00000c8c) c.addi4spn a1, sp, 592
core   0: 3 0x80000670 (0x0c8c) x11 0xffff82e6
core   0: 0x80000672 (0x00000685) c.addi  a3, 1
core   0: 3 0x80000672 (0x0685) x13 0xfffffffc
core   0: 0x80000674 (0x40130b33) sub     s6, t1, ra
core   0: 3 0x80000674 (0x40130b33) x22 0x00000015
core   0: 0x80000678 (0x0000fafd) c.bnez  a3, pc - 10
core   0: 3 0x80000678 (0xfafd)
core   0: 0x8000066e (0x00001d8c) c.addi4spn a1, sp, 752
core   0: 3 0x8000066e (0x1d8c) x11 0xffff8386
core   0: 0x80000670 (0x00000c8c) c.addi4spn a1, sp, 592
core   0: 3 0x80000670 (0x0c8c) x11 0xffff82e6
core   0: 0x80000672 (0x00000685) c.addi  a3, 1
core   0: 3 0x80000672 (0x0685) x13 0xfffffffd
core   0: 0x80000674 (0x40130b33) sub     s6, t1, ra
core   0: 3 0x80000674 (0x40130b33) x22 0x00000015
core   0: 0x80000678 (0x0000fafd) c.bnez  a3, pc - 10
core   0: 3 0x80000678 (0xfafd)
core   0: 0x8000066e (0x00001d8c) c.addi4spn a1, sp, 752
core   0: 3 0x8000066e (0x1d8c) x11 0xffff8386
core   0: 0x80000670 (0x00000c8c) c.addi4spn a1, sp, 592
core   0: 3 0x80000670 (0x0c8c) x11 0xffff82e6
core   0: 0x80000672 (0x00000685) c.addi  a3, 1
core   0: 3 0x80000672 (0x0685) x13 0xfffffffe
core   0: 0x80000674 (0x40130b33) sub     s6, t1, ra
core   0: 3 0x80000674 (0x40130b33) x22 0x00000015
core   0: 0x80000678 (0x0000fafd) c.bnez  a3, pc - 10
core   0: 3 0x80000678 (0xfafd)
core   0: 0x8000066e (0x00001d8c) c.addi4spn a1, sp, 752
core   0: 3 0x8000066e (0x1d8c) x11 0xffff8386
core   0: 0x80000670 (0x00000c8c) c.addi4spn a1, sp, 592
core   0: 3 0x80000670 (0x0c8c) x11 0xffff82e6
core   0: 0x80000672 (0x00000685) c.addi  a3, 1
core   0: 3 0x80000672 (0x0685) x13 0xffffffff
core   0: 0x80000674 (0x40130b33) sub     s6, t1, ra
core   0: 3 0x80000674 (0x40130b33) x22 0x00000015
core   0: 0x80000678 (0x0000fafd) c.bnez  a3, pc - 10
core   0: 3 0x80000678 (0xfafd)
core   0: 0x8000066e (0x00001d8c) c.addi4spn a1, sp, 752
core   0: 3 0x8000066e (0x1d8c) x11 0xffff8386
core   0: 0x80000670 (0x00000c8c) c.addi4spn a1, sp, 592
core   0: 3 0x80000670 (0x0c8c) x11 0xffff82e6
core   0: 0x80000672 (0x00000685) c.addi  a3, 1
core   0: 3 0x80000672 (0x0685) x13 0x00000000
core   0: 0x80000674 (0x40130b33) sub     s6, t1, ra
core   0: 3 0x80000674 (0x40130b33) x22 0x00000015
core   0: 0x80000678 (0x0000fafd) c.bnez  a3, pc - 10
core   0: 3 0x80000678 (0xfafd)
core   0: 0x8000067a (0xfe6f42e3) blt     t5, t1, pc - 28
core   0: 3 0x8000067a (0xfe6f42e3)
core   0: 0x8000065e (0x00001e00) c.addi4spn s0, sp, 816
core   0: 3 0x8000065e (0x1e00) x 8 0xffff83c6
core   0: 0x80000660 (0x020dbeb3) mulhu   t4, s11, zero
core   0: 3 0x80000660 (0x020dbeb3) x29 0x00000000
core   0: 0x80000664 (0x00000f0d) c.addi  t5, 3
core   0: 3 0x80000664 (0x0f0d) x30 0x00000008
core   0: 0x80000666 (0xff900693) li      a3, -7
core   0: 3 0x80000666 (0xff900693) x13 0xfffffff9
core   0: 0x8000066a (0x00008c91) c.sub   s1, a2
core   0: 3 0x8000066a (0x8c91) x 9 0xffffff7e
core   0: 0x8000066c (0x00000001) c.nop
core   0: 3 0x8000066c (0x0001)
core   0: 0x8000066e (0x00001d8c) c.addi4spn a1, sp, 752
core   0: 3 0x8000066e (0x1d8c) x11 0xffff8386
core   0: 0x80000670 (0x00000c8c) c.addi4spn a1, sp, 592
core   0: 3 0x80000670 (0x0c8c) x11 0xffff82e6
core   0: 0x80000672 (0x00000685) c.addi  a3, 1
core   0: 3 0x80000672 (0x0685) x13 0xfffffffa
core   0: 0x80000674 (0x40130b33) sub     s6, t1, ra
core   0: 3 0x80000674 (0x40130b33) x22 0x00000015
core   0: 0x80000678 (0x0000fafd) c.bnez  a3, pc - 10
core   0: 3 0x80000678 (0xfafd)
core   0: 0x8000066e (0x00001d8c) c.addi4spn a1, sp, 752
core   0: 3 0x8000066e (0x1d8c) x11 0xffff8386
core   0: 0x80000670 (0x00000c8c) c.addi4spn a1, sp, 592
core   0: 3 0x80000670 (0x0c8c) x11 0xffff82e6
core   0: 0x80000672 (0x00000685) c.addi  a3, 1
core   0: 3 0x80000672 (0x0685) x13 0xfffffffb
core   0: 0x80000674 (0x40130b33) sub     s6, t1, ra
core   0: 3 0x80000674 (0x40130b33) x22 0x00000015
core   0: 0x80000678 (0x0000fafd) c.bnez  a3, pc - 10
core   0: 3 0x80000678 (0xfafd)
core   0: 0x8000066e (0x00001d8c) c.addi4spn a1, sp, 752
core   0: 3 0x8000066e (0x1d8c) x11 0xffff8386
core   0: 0x80000670 (0x00000c8c) c.addi4spn a1, sp, 592
core   0: 3 0x80000670 (0x0c8c) x11 0xffff82e6
core   0: 0x80000672 (0x00000685) c.addi  a3, 1
core   0: 3 0x80000672 (0x0685) x13 0xfffffffc
core   0: 0x80000674 (0x40130b33) sub     s6, t1, ra
core   0: 3 0x80000674 (0x40130b33) x22 0x00000015
core   0: 0x80000678 (0x0000fafd) c.bnez  a3, pc - 10
core   0: 3 0x80000678 (0xfafd)
core   0: 0x8000066e (0x00001d8c) c.addi4spn a1, sp, 752
core   0: 3 0x8000066e (0x1d8c) x11 0xffff8386
core   0: 0x80000670 (0x00000c8c) c.addi4spn a1, sp, 592
core   0: 3 0x80000670 (0x0c8c) x11 0xffff82e6
core   0: 0x80000672 (0x00000685) c.addi  a3, 1
core   0: 3 0x80000672 (0x0685) x13 0xfffffffd
core   0: 0x80000674 (0x40130b33) sub     s6, t1, ra
core   0: 3 0x80000674 (0x40130b33) x22 0x00000015
core   0: 0x80000678 (0x0000fafd) c.bnez  a3, pc - 10
core   0: 3 0x80000678 (0xfafd)
core   0: 0x8000066e (0x00001d8c) c.addi4spn a1, sp, 752
core   0: 3 0x8000066e (0x1d8c) x11 0xffff8386
core   0: 0x80000670 (0x00000c8c) c.addi4spn a1, sp, 592
core   0: 3 0x80000670 (0x0c8c) x11 0xffff82e6
core   0: 0x80000672 (0x00000685) c.addi  a3, 1
core   0: 3 0x80000672 (0x0685) x13 0xfffffffe
core   0: 0x80000674 (0x40130b33) sub     s6, t1, ra
core   0: 3 0x80000674 (0x40130b33) x22 0x00000015
core   0: 0x80000678 (0x0000fafd) c.bnez  a3, pc - 10
core   0: 3 0x80000678 (0xfafd)
core   0: 0x8000066e (0x00001d8c) c.addi4spn a1, sp, 752
core   0: 3 0x8000066e (0x1d8c) x11 0xffff8386
core   0: 0x80000670 (0x00000c8c) c.addi4spn a1, sp, 592
core   0: 3 0x80000670 (0x0c8c) x11 0xffff82e6
core   0: 0x80000672 (0x00000685) c.addi  a3, 1
core   0: 3 0x80000672 (0x0685) x13 0xffffffff
core   0: 0x80000674 (0x40130b33) sub     s6, t1, ra
core   0: 3 0x80000674 (0x40130b33) x22 0x00000015
core   0: 0x80000678 (0x0000fafd) c.bnez  a3, pc - 10
core   0: 3 0x80000678 (0xfafd)
core   0: 0x8000066e (0x00001d8c) c.addi4spn a1, sp, 752
core   0: 3 0x8000066e (0x1d8c) x11 0xffff8386
core   0: 0x80000670 (0x00000c8c) c.addi4spn a1, sp, 592
core   0: 3 0x80000670 (0x0c8c) x11 0xffff82e6
core   0: 0x80000672 (0x00000685) c.addi  a3, 1
core   0: 3 0x80000672 (0x0685) x13 0x00000000
core   0: 0x80000674 (0x40130b33) sub     s6, t1, ra
core   0: 3 0x80000674 (0x40130b33) x22 0x00000015
core   0: 0x80000678 (0x0000fafd) c.bnez  a3, pc - 10
core   0: 3 0x80000678 (0xfafd)
core   0: 0x8000067a (0xfe6f42e3) blt     t5, t1, pc - 28
core   0: 3 0x8000067a (0xfe6f42e3)
core   0: 0x8000065e (0x00001e00) c.addi4spn s0, sp, 816
core   0: 3 0x8000065e (0x1e00) x 8 0xffff83c6
core   0: 0x80000660 (0x020dbeb3) mulhu   t4, s11, zero
core   0: 3 0x80000660 (0x020dbeb3) x29 0x00000000
core   0: 0x80000664 (0x00000f0d) c.addi  t5, 3
core   0: 3 0x80000664 (0x0f0d) x30 0x0000000b
core   0: 0x80000666 (0xff900693) li      a3, -7
core   0: 3 0x80000666 (0xff900693) x13 0xfffffff9
core   0: 0x8000066a (0x00008c91) c.sub   s1, a2
core   0: 3 0x8000066a (0x8c91) x 9 0xffffff59
core   0: 0x8000066c (0x00000001) c.nop
core   0: 3 0x8000066c (0x0001)
core   0: 0x8000066e (0x00001d8c) c.addi4spn a1, sp, 752
core   0: 3 0x8000066e (0x1d8c) x11 0xffff8386
core   0: 0x80000670 (0x00000c8c) c.addi4spn a1, sp, 592
core   0: 3 0x80000670 (0x0c8c) x11 0xffff82e6
core   0: 0x80000672 (0x00000685) c.addi  a3, 1
core   0: 3 0x80000672 (0x0685) x13 0xfffffffa
core   0: 0x80000674 (0x40130b33) sub     s6, t1, ra
core   0: 3 0x80000674 (0x40130b33) x22 0x00000015
core   0: 0x80000678 (0x0000fafd) c.bnez  a3, pc - 10
core   0: 3 0x80000678 (0xfafd)
core   0: 0x8000066e (0x00001d8c) c.addi4spn a1, sp, 752
core   0: 3 0x8000066e (0x1d8c) x11 0xffff8386
core   0: 0x80000670 (0x00000c8c) c.addi4spn a1, sp, 592
core   0: 3 0x80000670 (0x0c8c) x11 0xffff82e6
core   0: 0x80000672 (0x00000685) c.addi  a3, 1
core   0: 3 0x80000672 (0x0685) x13 0xfffffffb
core   0: 0x80000674 (0x40130b33) sub     s6, t1, ra
core   0: 3 0x80000674 (0x40130b33) x22 0x00000015
core   0: 0x80000678 (0x0000fafd) c.bnez  a3, pc - 10
core   0: 3 0x80000678 (0xfafd)
core   0: 0x8000066e (0x00001d8c) c.addi4spn a1, sp, 752
core   0: 3 0x8000066e (0x1d8c) x11 0xffff8386
core   0: 0x80000670 (0x00000c8c) c.addi4spn a1, sp, 592
core   0: 3 0x80000670 (0x0c8c) x11 0xffff82e6
core   0: 0x80000672 (0x00000685) c.addi  a3, 1
core   0: 3 0x80000672 (0x0685) x13 0xfffffffc
core   0: 0x80000674 (0x40130b33) sub     s6, t1, ra
core   0: 3 0x80000674 (0x40130b33) x22 0x00000015
core   0: 0x80000678 (0x0000fafd) c.bnez  a3, pc - 10
core   0: 3 0x80000678 (0xfafd)
core   0: 0x8000066e (0x00001d8c) c.addi4spn a1, sp, 752
core   0: 3 0x8000066e (0x1d8c) x11 0xffff8386
core   0: 0x80000670 (0x00000c8c) c.addi4spn a1, sp, 592
core   0: 3 0x80000670 (0x0c8c) x11 0xffff82e6
core   0: 0x80000672 (0x00000685) c.addi  a3, 1
core   0: 3 0x80000672 (0x0685) x13 0xfffffffd
core   0: 0x80000674 (0x40130b33) sub     s6, t1, ra
core   0: 3 0x80000674 (0x40130b33) x22 0x00000015
core   0: 0x80000678 (0x0000fafd) c.bnez  a3, pc - 10
core   0: 3 0x80000678 (0xfafd)
core   0: 0x8000066e (0x00001d8c) c.addi4spn a1, sp, 752
core   0: 3 0x8000066e (0x1d8c) x11 0xffff8386
core   0: 0x80000670 (0x00000c8c) c.addi4spn a1, sp, 592
core   0: 3 0x80000670 (0x0c8c) x11 0xffff82e6
core   0: 0x80000672 (0x00000685) c.addi  a3, 1
core   0: 3 0x80000672 (0x0685) x13 0xfffffffe
core   0: 0x80000674 (0x40130b33) sub     s6, t1, ra
core   0: 3 0x80000674 (0x40130b33) x22 0x00000015
core   0: 0x80000678 (0x0000fafd) c.bnez  a3, pc - 10
core   0: 3 0x80000678 (0xfafd)
core   0: 0x8000066e (0x00001d8c) c.addi4spn a1, sp, 752
core   0: 3 0x8000066e (0x1d8c) x11 0xffff8386
core   0: 0x80000670 (0x00000c8c) c.addi4spn a1, sp, 592
core   0: 3 0x80000670 (0x0c8c) x11 0xffff82e6
core   0: 0x80000672 (0x00000685) c.addi  a3, 1
core   0: 3 0x80000672 (0x0685) x13 0xffffffff
core   0: 0x80000674 (0x40130b33) sub     s6, t1, ra
core   0: 3 0x80000674 (0x40130b33) x22 0x00000015
core   0: 0x80000678 (0x0000fafd) c.bnez  a3, pc - 10
core   0: 3 0x80000678 (0xfafd)
core   0: 0x8000066e (0x00001d8c) c.addi4spn a1, sp, 752
core   0: 3 0x8000066e (0x1d8c) x11 0xffff8386
core   0: 0x80000670 (0x00000c8c) c.addi4spn a1, sp, 592
core   0: 3 0x80000670 (0x0c8c) x11 0xffff82e6
core   0: 0x80000672 (0x00000685) c.addi  a3, 1
core   0: 3 0x80000672 (0x0685) x13 0x00000000
core   0: 0x80000674 (0x40130b33) sub     s6, t1, ra
core   0: 3 0x80000674 (0x40130b33) x22 0x00000015
core   0: 0x80000678 (0x0000fafd) c.bnez  a3, pc - 10
core   0: 3 0x80000678 (0xfafd)
core   0: 0x8000067a (0xfe6f42e3) blt     t5, t1, pc - 28
core   0: 3 0x8000067a (0xfe6f42e3)
core   0: 0x8000065e (0x00001e00) c.addi4spn s0, sp, 816
core   0: 3 0x8000065e (0x1e00) x 8 0xffff83c6
core   0: 0x80000660 (0x020dbeb3) mulhu   t4, s11, zero
core   0: 3 0x80000660 (0x020dbeb3) x29 0x00000000
core   0: 0x80000664 (0x00000f0d) c.addi  t5, 3
core   0: 3 0x80000664 (0x0f0d) x30 0x0000000e
core   0: 0x80000666 (0xff900693) li      a3, -7
core   0: 3 0x80000666 (0xff900693) x13 0xfffffff9
core   0: 0x8000066a (0x00008c91) c.sub   s1, a2
core   0: 3 0x8000066a (0x8c91) x 9 0xffffff34
core   0: 0x8000066c (0x00000001) c.nop
core   0: 3 0x8000066c (0x0001)
core   0: 0x8000066e (0x00001d8c) c.addi4spn a1, sp, 752
core   0: 3 0x8000066e (0x1d8c) x11 0xffff8386
core   0: 0x80000670 (0x00000c8c) c.addi4spn a1, sp, 592
core   0: 3 0x80000670 (0x0c8c) x11 0xffff82e6
core   0: 0x80000672 (0x00000685) c.addi  a3, 1
core   0: 3 0x80000672 (0x0685) x13 0xfffffffa
core   0: 0x80000674 (0x40130b33) sub     s6, t1, ra
core   0: 3 0x80000674 (0x40130b33) x22 0x00000015
core   0: 0x80000678 (0x0000fafd) c.bnez  a3, pc - 10
core   0: 3 0x80000678 (0xfafd)
core   0: 0x8000066e (0x00001d8c) c.addi4spn a1, sp, 752
core   0: 3 0x8000066e (0x1d8c) x11 0xffff8386
core   0: 0x80000670 (0x00000c8c) c.addi4spn a1, sp, 592
core   0: 3 0x80000670 (0x0c8c) x11 0xffff82e6
core   0: 0x80000672 (0x00000685) c.addi  a3, 1
core   0: 3 0x80000672 (0x0685) x13 0xfffffffb
core   0: 0x80000674 (0x40130b33) sub     s6, t1, ra
core   0: 3 0x80000674 (0x40130b33) x22 0x00000015
core   0: 0x80000678 (0x0000fafd) c.bnez  a3, pc - 10
core   0: 3 0x80000678 (0xfafd)
core   0: 0x8000066e (0x00001d8c) c.addi4spn a1, sp, 752
core   0: 3 0x8000066e (0x1d8c) x11 0xffff8386
core   0: 0x80000670 (0x00000c8c) c.addi4spn a1, sp, 592
core   0: 3 0x80000670 (0x0c8c) x11 0xffff82e6
core   0: 0x80000672 (0x00000685) c.addi  a3, 1
core   0: 3 0x80000672 (0x0685) x13 0xfffffffc
core   0: 0x80000674 (0x40130b33) sub     s6, t1, ra
core   0: 3 0x80000674 (0x40130b33) x22 0x00000015
core   0: 0x80000678 (0x0000fafd) c.bnez  a3, pc - 10
core   0: 3 0x80000678 (0xfafd)
core   0: 0x8000066e (0x00001d8c) c.addi4spn a1, sp, 752
core   0: 3 0x8000066e (0x1d8c) x11 0xffff8386
core   0: 0x80000670 (0x00000c8c) c.addi4spn a1, sp, 592
core   0: 3 0x80000670 (0x0c8c) x11 0xffff82e6
core   0: 0x80000672 (0x00000685) c.addi  a3, 1
core   0: 3 0x80000672 (0x0685) x13 0xfffffffd
core   0: 0x80000674 (0x40130b33) sub     s6, t1, ra
core   0: 3 0x80000674 (0x40130b33) x22 0x00000015
core   0: 0x80000678 (0x0000fafd) c.bnez  a3, pc - 10
core   0: 3 0x80000678 (0xfafd)
core   0: 0x8000066e (0x00001d8c) c.addi4spn a1, sp, 752
core   0: 3 0x8000066e (0x1d8c) x11 0xffff8386
core   0: 0x80000670 (0x00000c8c) c.addi4spn a1, sp, 592
core   0: 3 0x80000670 (0x0c8c) x11 0xffff82e6
core   0: 0x80000672 (0x00000685) c.addi  a3, 1
core   0: 3 0x80000672 (0x0685) x13 0xfffffffe
core   0: 0x80000674 (0x40130b33) sub     s6, t1, ra
core   0: 3 0x80000674 (0x40130b33) x22 0x00000015
core   0: 0x80000678 (0x0000fafd) c.bnez  a3, pc - 10
core   0: 3 0x80000678 (0xfafd)
core   0: 0x8000066e (0x00001d8c) c.addi4spn a1, sp, 752
core   0: 3 0x8000066e (0x1d8c) x11 0xffff8386
core   0: 0x80000670 (0x00000c8c) c.addi4spn a1, sp, 592
core   0: 3 0x80000670 (0x0c8c) x11 0xffff82e6
core   0: 0x80000672 (0x00000685) c.addi  a3, 1
core   0: 3 0x80000672 (0x0685) x13 0xffffffff
core   0: 0x80000674 (0x40130b33) sub     s6, t1, ra
core   0: 3 0x80000674 (0x40130b33) x22 0x00000015
core   0: 0x80000678 (0x0000fafd) c.bnez  a3, pc - 10
core   0: 3 0x80000678 (0xfafd)
core   0: 0x8000066e (0x00001d8c) c.addi4spn a1, sp, 752
core   0: 3 0x8000066e (0x1d8c) x11 0xffff8386
core   0: 0x80000670 (0x00000c8c) c.addi4spn a1, sp, 592
core   0: 3 0x80000670 (0x0c8c) x11 0xffff82e6
core   0: 0x80000672 (0x00000685) c.addi  a3, 1
core   0: 3 0x80000672 (0x0685) x13 0x00000000
core   0: 0x80000674 (0x40130b33) sub     s6, t1, ra
core   0: 3 0x80000674 (0x40130b33) x22 0x00000015
core   0: 0x80000678 (0x0000fafd) c.bnez  a3, pc - 10
core   0: 3 0x80000678 (0xfafd)
core   0: 0x8000067a (0xfe6f42e3) blt     t5, t1, pc - 28
core   0: 3 0x8000067a (0xfe6f42e3)
core   0: 0x8000065e (0x00001e00) c.addi4spn s0, sp, 816
core   0: 3 0x8000065e (0x1e00) x 8 0xffff83c6
core   0: 0x80000660 (0x020dbeb3) mulhu   t4, s11, zero
core   0: 3 0x80000660 (0x020dbeb3) x29 0x00000000
core   0: 0x80000664 (0x00000f0d) c.addi  t5, 3
core   0: 3 0x80000664 (0x0f0d) x30 0x00000011
core   0: 0x80000666 (0xff900693) li      a3, -7
core   0: 3 0x80000666 (0xff900693) x13 0xfffffff9
core   0: 0x8000066a (0x00008c91) c.sub   s1, a2
core   0: 3 0x8000066a (0x8c91) x 9 0xffffff0f
core   0: 0x8000066c (0x00000001) c.nop
core   0: 3 0x8000066c (0x0001)
core   0: 0x8000066e (0x00001d8c) c.addi4spn a1, sp, 752
core   0: 3 0x8000066e (0x1d8c) x11 0xffff8386
core   0: 0x80000670 (0x00000c8c) c.addi4spn a1, sp, 592
core   0: 3 0x80000670 (0x0c8c) x11 0xffff82e6
core   0: 0x80000672 (0x00000685) c.addi  a3, 1
core   0: 3 0x80000672 (0x0685) x13 0xfffffffa
core   0: 0x80000674 (0x40130b33) sub     s6, t1, ra
core   0: 3 0x80000674 (0x40130b33) x22 0x00000015
core   0: 0x80000678 (0x0000fafd) c.bnez  a3, pc - 10
core   0: 3 0x80000678 (0xfafd)
core   0: 0x8000066e (0x00001d8c) c.addi4spn a1, sp, 752
core   0: 3 0x8000066e (0x1d8c) x11 0xffff8386
core   0: 0x80000670 (0x00000c8c) c.addi4spn a1, sp, 592
core   0: 3 0x80000670 (0x0c8c) x11 0xffff82e6
core   0: 0x80000672 (0x00000685) c.addi  a3, 1
core   0: 3 0x80000672 (0x0685) x13 0xfffffffb
core   0: 0x80000674 (0x40130b33) sub     s6, t1, ra
core   0: 3 0x80000674 (0x40130b33) x22 0x00000015
core   0: 0x80000678 (0x0000fafd) c.bnez  a3, pc - 10
core   0: 3 0x80000678 (0xfafd)
core   0: 0x8000066e (0x00001d8c) c.addi4spn a1, sp, 752
core   0: 3 0x8000066e (0x1d8c) x11 0xffff8386
core   0: 0x80000670 (0x00000c8c) c.addi4spn a1, sp, 592
core   0: 3 0x80000670 (0x0c8c) x11 0xffff82e6
core   0: 0x80000672 (0x00000685) c.addi  a3, 1
core   0: 3 0x80000672 (0x0685) x13 0xfffffffc
core   0: 0x80000674 (0x40130b33) sub     s6, t1, ra
core   0: 3 0x80000674 (0x40130b33) x22 0x00000015
core   0: 0x80000678 (0x0000fafd) c.bnez  a3, pc - 10
core   0: 3 0x80000678 (0xfafd)
core   0: 0x8000066e (0x00001d8c) c.addi4spn a1, sp, 752
core   0: 3 0x8000066e (0x1d8c) x11 0xffff8386
core   0: 0x80000670 (0x00000c8c) c.addi4spn a1, sp, 592
core   0: 3 0x80000670 (0x0c8c) x11 0xffff82e6
core   0: 0x80000672 (0x00000685) c.addi  a3, 1
core   0: 3 0x80000672 (0x0685) x13 0xfffffffd
core   0: 0x80000674 (0x40130b33) sub     s6, t1, ra
core   0: 3 0x80000674 (0x40130b33) x22 0x00000015
core   0: 0x80000678 (0x0000fafd) c.bnez  a3, pc - 10
core   0: 3 0x80000678 (0xfafd)
core   0: 0x8000066e (0x00001d8c) c.addi4spn a1, sp, 752
core   0: 3 0x8000066e (0x1d8c) x11 0xffff8386
core   0: 0x80000670 (0x00000c8c) c.addi4spn a1, sp, 592
core   0: 3 0x80000670 (0x0c8c) x11 0xffff82e6
core   0: 0x80000672 (0x00000685) c.addi  a3, 1
core   0: 3 0x80000672 (0x0685) x13 0xfffffffe
core   0: 0x80000674 (0x40130b33) sub     s6, t1, ra
core   0: 3 0x80000674 (0x40130b33) x22 0x00000015
core   0: 0x80000678 (0x0000fafd) c.bnez  a3, pc - 10
core   0: 3 0x80000678 (0xfafd)
core   0: 0x8000066e (0x00001d8c) c.addi4spn a1, sp, 752
core   0: 3 0x8000066e (0x1d8c) x11 0xffff8386
core   0: 0x80000670 (0x00000c8c) c.addi4spn a1, sp, 592
core   0: 3 0x80000670 (0x0c8c) x11 0xffff82e6
core   0: 0x80000672 (0x00000685) c.addi  a3, 1
core   0: 3 0x80000672 (0x0685) x13 0xffffffff
core   0: 0x80000674 (0x40130b33) sub     s6, t1, ra
core   0: 3 0x80000674 (0x40130b33) x22 0x00000015
core   0: 0x80000678 (0x0000fafd) c.bnez  a3, pc - 10
core   0: 3 0x80000678 (0xfafd)
core   0: 0x8000066e (0x00001d8c) c.addi4spn a1, sp, 752
core   0: 3 0x8000066e (0x1d8c) x11 0xffff8386
core   0: 0x80000670 (0x00000c8c) c.addi4spn a1, sp, 592
core   0: 3 0x80000670 (0x0c8c) x11 0xffff82e6
core   0: 0x80000672 (0x00000685) c.addi  a3, 1
core   0: 3 0x80000672 (0x0685) x13 0x00000000
core   0: 0x80000674 (0x40130b33) sub     s6, t1, ra
core   0: 3 0x80000674 (0x40130b33) x22 0x00000015
core   0: 0x80000678 (0x0000fafd) c.bnez  a3, pc - 10
core   0: 3 0x80000678 (0xfafd)
core   0: 0x8000067a (0xfe6f42e3) blt     t5, t1, pc - 28
core   0: 3 0x8000067a (0xfe6f42e3)
core   0: 0x8000065e (0x00001e00) c.addi4spn s0, sp, 816
core   0: 3 0x8000065e (0x1e00) x 8 0xffff83c6
core   0: 0x80000660 (0x020dbeb3) mulhu   t4, s11, zero
core   0: 3 0x80000660 (0x020dbeb3) x29 0x00000000
core   0: 0x80000664 (0x00000f0d) c.addi  t5, 3
core   0: 3 0x80000664 (0x0f0d) x30 0x00000014
core   0: 0x80000666 (0xff900693) li      a3, -7
core   0: 3 0x80000666 (0xff900693) x13 0xfffffff9
core   0: 0x8000066a (0x00008c91) c.sub   s1, a2
core   0: 3 0x8000066a (0x8c91) x 9 0xfffffeea
core   0: 0x8000066c (0x00000001) c.nop
core   0: 3 0x8000066c (0x0001)
core   0: 0x8000066e (0x00001d8c) c.addi4spn a1, sp, 752
core   0: 3 0x8000066e (0x1d8c) x11 0xffff8386
core   0: 0x80000670 (0x00000c8c) c.addi4spn a1, sp, 592
core   0: 3 0x80000670 (0x0c8c) x11 0xffff82e6
core   0: 0x80000672 (0x00000685) c.addi  a3, 1
core   0: 3 0x80000672 (0x0685) x13 0xfffffffa
core   0: 0x80000674 (0x40130b33) sub     s6, t1, ra
core   0: 3 0x80000674 (0x40130b33) x22 0x00000015
core   0: 0x80000678 (0x0000fafd) c.bnez  a3, pc - 10
core   0: 3 0x80000678 (0xfafd)
core   0: 0x8000066e (0x00001d8c) c.addi4spn a1, sp, 752
core   0: 3 0x8000066e (0x1d8c) x11 0xffff8386
core   0: 0x80000670 (0x00000c8c) c.addi4spn a1, sp, 592
core   0: 3 0x80000670 (0x0c8c) x11 0xffff82e6
core   0: 0x80000672 (0x00000685) c.addi  a3, 1
core   0: 3 0x80000672 (0x0685) x13 0xfffffffb
core   0: 0x80000674 (0x40130b33) sub     s6, t1, ra
core   0: 3 0x80000674 (0x40130b33) x22 0x00000015
core   0: 0x80000678 (0x0000fafd) c.bnez  a3, pc - 10
core   0: 3 0x80000678 (0xfafd)
core   0: 0x8000066e (0x00001d8c) c.addi4spn a1, sp, 752
core   0: 3 0x8000066e (0x1d8c) x11 0xffff8386
core   0: 0x80000670 (0x00000c8c) c.addi4spn a1, sp, 592
core   0: 3 0x80000670 (0x0c8c) x11 0xffff82e6
core   0: 0x80000672 (0x00000685) c.addi  a3, 1
core   0: 3 0x80000672 (0x0685) x13 0xfffffffc
core   0: 0x80000674 (0x40130b33) sub     s6, t1, ra
core   0: 3 0x80000674 (0x40130b33) x22 0x00000015
core   0: 0x80000678 (0x0000fafd) c.bnez  a3, pc - 10
core   0: 3 0x80000678 (0xfafd)
core   0: 0x8000066e (0x00001d8c) c.addi4spn a1, sp, 752
core   0: 3 0x8000066e (0x1d8c) x11 0xffff8386
core   0: 0x80000670 (0x00000c8c) c.addi4spn a1, sp, 592
core   0: 3 0x80000670 (0x0c8c) x11 0xffff82e6
core   0: 0x80000672 (0x00000685) c.addi  a3, 1
core   0: 3 0x80000672 (0x0685) x13 0xfffffffd
core   0: 0x80000674 (0x40130b33) sub     s6, t1, ra
core   0: 3 0x80000674 (0x40130b33) x22 0x00000015
core   0: 0x80000678 (0x0000fafd) c.bnez  a3, pc - 10
core   0: 3 0x80000678 (0xfafd)
core   0: 0x8000066e (0x00001d8c) c.addi4spn a1, sp, 752
core   0: 3 0x8000066e (0x1d8c) x11 0xffff8386
core   0: 0x80000670 (0x00000c8c) c.addi4spn a1, sp, 592
core   0: 3 0x80000670 (0x0c8c) x11 0xffff82e6
core   0: 0x80000672 (0x00000685) c.addi  a3, 1
core   0: 3 0x80000672 (0x0685) x13 0xfffffffe
core   0: 0x80000674 (0x40130b33) sub     s6, t1, ra
core   0: 3 0x80000674 (0x40130b33) x22 0x00000015
core   0: 0x80000678 (0x0000fafd) c.bnez  a3, pc - 10
core   0: 3 0x80000678 (0xfafd)
core   0: 0x8000066e (0x00001d8c) c.addi4spn a1, sp, 752
core   0: 3 0x8000066e (0x1d8c) x11 0xffff8386
core   0: 0x80000670 (0x00000c8c) c.addi4spn a1, sp, 592
core   0: 3 0x80000670 (0x0c8c) x11 0xffff82e6
core   0: 0x80000672 (0x00000685) c.addi  a3, 1
core   0: 3 0x80000672 (0x0685) x13 0xffffffff
core   0: 0x80000674 (0x40130b33) sub     s6, t1, ra
core   0: 3 0x80000674 (0x40130b33) x22 0x00000015
core   0: 0x80000678 (0x0000fafd) c.bnez  a3, pc - 10
core   0: 3 0x80000678 (0xfafd)
core   0: 0x8000066e (0x00001d8c) c.addi4spn a1, sp, 752
core   0: 3 0x8000066e (0x1d8c) x11 0xffff8386
core   0: 0x80000670 (0x00000c8c) c.addi4spn a1, sp, 592
core   0: 3 0x80000670 (0x0c8c) x11 0xffff82e6
core   0: 0x80000672 (0x00000685) c.addi  a3, 1
core   0: 3 0x80000672 (0x0685) x13 0x00000000
core   0: 0x80000674 (0x40130b33) sub     s6, t1, ra
core   0: 3 0x80000674 (0x40130b33) x22 0x00000015
core   0: 0x80000678 (0x0000fafd) c.bnez  a3, pc - 10
core   0: 3 0x80000678 (0xfafd)
core   0: 0x8000067a (0xfe6f42e3) blt     t5, t1, pc - 28
core   0: 3 0x8000067a (0xfe6f42e3)
core   0: 0x8000067e (0x037431b3) mulhu   gp, s0, s7
core   0: 3 0x8000067e (0x037431b3) x 3 0xfffb83d8
core   0: 0x80000682 (0x00700693) li      a3, 7
core   0: 3 0x80000682 (0x00700693) x13 0x00000007
core   0: 0x80000686 (0x00008741) c.srai  a4, 16
core   0: 3 0x80000686 (0x8741) x14 0x00000000
core   0: 0x80000688 (0x00008dfd) c.and   a1, a5
core   0: 3 0x80000688 (0x8dfd) x11 0x80020264
core   0: 0x8000068a (0x00700c93) li      s9, 7
core   0: 3 0x8000068a (0x00700c93) x25 0x00000007
core   0: 0x8000068e (0x0000717d) c.addi16sp sp, -16
core   0: 3 0x8000068e (0x717d) x 2 0xffff8086
core   0: 0x80000690 (0x0ae03237) lui     tp, 0xae03
core   0: 3 0x80000690 (0x0ae03237) x 4 0x0ae03000
core   0: 0x80000694 (0x000016ed) c.addi  a3, -5
core   0: 3 0x80000694 (0x16ed) x13 0x00000002
core   0: 0x80000696 (0x0000147d) c.addi  s0, -1
core   0: 3 0x80000696 (0x147d) x 8 0xffff83c5
core   0: 0x80000698 (0x000015fd) c.addi  a1, -1
core   0: 3 0x80000698 (0x15fd) x11 0x80020263
core   0: 0x8000069a (0x00500493) li      s1, 5
core   0: 3 0x8000069a (0x00500493) x 9 0x00000005
core   0: 0x8000069e (0x0000826d) c.srli  a2, 27
core   0: 3 0x8000069e (0x826d) x12 0x00000000
core   0: 0x800006a0 (0x00d00f13) li      t5, 13
core   0: 3 0x800006a0 (0x00d00f13) x30 0x0000000d
core   0: 0x800006a4 (0x03bf02b3) mul     t0, t5, s11
core   0: 3 0x800006a4 (0x03bf02b3) x 5 0x00000000
core   0: 0x800006a8 (0x27213e93) sltiu   t4, sp, 626
core   0: 3 0x800006a8 (0x27213e93) x29 0x00000000
core   0: 0x800006ac (0x40d9d893) srai    a7, s3, 13
core   0: 3 0x800006ac (0x40d9d893) x17 0x00000000
core   0: 0x800006b0 (0x000001b6) c.slli  gp, 13
core   0: 3 0x800006b0 (0x01b6) x 3 0x707b0000
core   0: 0x800006b2 (0x03169033) mulh    zero, a3, a7
core   0: 3 0x800006b2 (0x03169033)
core   0: 0x800006b6 (0x0158c8b3) xor     a7, a7, s5
core   0: 3 0x800006b6 (0x0158c8b3) x17 0x00002000
core   0: 0x800006ba (0x4009d733) sra     a4, s3, zero
core   0: 3 0x800006ba (0x4009d733) x14 0x00000018
core   0: 0x800006be (0xbfc04913) xori    s2, zero, -1028
core   0: 3 0x800006be (0xbfc04913) x18 0xfffffbfc
core   0: 0x800006c2 (0x010ea9b3) slt     s3, t4, a6
core   0: 3 0x800006c2 (0x010ea9b3) x19 0x00000000
core   0: 0x800006c6 (0x000004a1) c.addi  s1, 8
core   0: 3 0x800006c6 (0x04a1) x 9 0x0000000d
core   0: 0x800006c8 (0x00008e69) c.and   a2, a0
core   0: 3 0x800006c8 (0x8e69) x12 0x00000000
core   0: 0x800006ca (0xfde4efe3) bltu    s1, t5, pc - 34
core   0: 3 0x800006ca (0xfde4efe3)
core   0: 0x800006ce (0xd4296613) ori     a2, s2, -702
core   0: 3 0x800006ce (0xd4296613) x12 0xfffffffe
core   0: 0x800006d2 (0x41ea5293) srai    t0, s4, 30
core   0: 3 0x800006d2 (0x41ea5293) x 5 0xfffffffe
core   0: 0x800006d6 (0xd7d5ee13) ori     t3, a1, -643
core   0: 3 0x800006d6 (0xd7d5ee13) x28 0xffffff7f
core   0: 0x800006da (0x000053fd) c.li    t2, -1
core   0: 3 0x800006da (0x53fd) x 7 0xffffffff
core   0: 0x800006dc (0x41e78833) sub     a6, a5, t5
core   0: 3 0x800006dc (0x41e78833) x16 0x80021e57
core   0: 0x800006e0 (0xfb96f8e3) bgeu    a3, s9, pc - 80
core   0: 3 0x800006e0 (0xfb96f8e3)
core   0: 0x800006e4 (0x00000001) c.nop
core   0: 3 0x800006e4 (0x0001)
core   0: 0x800006e6 (0x00a00f13) li      t5, 10
core   0: 3 0x800006e6 (0x00a00f13) x30 0x0000000a
core   0: 0x800006ea (0x01253cb3) sltu    s9, a0, s2
core   0: 3 0x800006ea (0x01253cb3) x25 0x00000000
core   0: 0x800006ee (0x000088da) c.mv    a7, s6
core   0: 3 0x800006ee (0x88da) x17 0x00000015
core   0: 0x800006f0 (0x00000d90) c.addi4spn a2, sp, 720
core   0: 3 0x800006f0 (0x0d90) x12 0xffff8356
core   0: 0x800006f2 (0x41b05593) srai    a1, zero, 27
core   0: 3 0x800006f2 (0x41b05593) x11 0x00000000
core   0: 0x800006f6 (0x001973b3) and     t2, s2, ra
core   0: 3 0x800006f6 (0x001973b3) x 7 0xfffffbfc
core   0: 0x800006fa (0x00000001) c.nop
core   0: 3 0x800006fa (0x0001)
core   0: 0x800006fc (0x02bb3db3) mulhu   s11, s6, a1
core   0: 3 0x800006fc (0x02bb3db3) x27 0x00000000
core   0: 0x80000700 (0x0ff0000f) fence   iorw,iorw
core   0: 3 0x80000700 (0x0ff0000f)
core   0: 0x80000704 (0x00a00b93) li      s7, 10
core   0: 3 0x80000704 (0x00a00b93) x23 0x0000000a
core   0: 0x80000708 (0x02e9f4b3) remu    s1, s3, a4
core   0: 3 0x80000708 (0x02e9f4b3) x 9 0x00000000
core   0: 0x8000070c (0x00d55613) srli    a2, a0, 13
core   0: 3 0x8000070c (0x00d55613) x12 0x0007ffff
core   0: 0x80000710 (0x00caf333) and     t1, s5, a2
core   0: 3 0x80000710 (0x00caf333) x 6 0x00002000
core   0: 0x80000714 (0x00001f5d) c.addi  t5, -9
core   0: 3 0x80000714 (0x1f5d) x30 0x00000001
core   0: 0x80000716 (0x00001180) c.addi4spn s0, sp, 224
core   0: 3 0x80000716 (0x1180) x 8 0xffff8166
core   0: 0x80000718 (0xe078ba93) sltiu   s5, a7, -505
core   0: 3 0x80000718 (0xe078ba93) x21 0x00000001
core   0: 0x8000071c (0x00008f0d) c.sub   a4, a1
core   0: 3 0x8000071c (0x8f0d) x14 0x00000018
core   0: 0x8000071e (0x00000f88) c.addi4spn a0, sp, 976
core   0: 3 0x8000071e (0x0f88) x10 0xffff8456
core   0: 0x80000720 (0xffb00693) li      a3, -5
core   0: 3 0x80000720 (0xffb00693) x13 0xfffffffb
core   0: 0x80000724 (0x01c7d9b3) srl     s3, a5, t3
core   0: 3 0x80000724 (0x01c7d9b3) x19 0x00000001
core   0: 0x80000728 (0x40d955b3) sra     a1, s2, a3
core   0: 3 0x80000728 (0x40d955b3) x11 0xffffffff
core   0: 0x8000072c (0x00000001) c.nop
core   0: 3 0x8000072c (0x0001)
core   0: 0x8000072e (0xff200813) li      a6, -14
core   0: 3 0x8000072e (0xff200813) x16 0xfffffff2
core   0: 0x80000732 (0x219f4d13) xori    s10, t5, 537
core   0: 3 0x80000732 (0x219f4d13) x26 0x00000218
core   0: 0x80000736 (0x00006375) c.lui   t1, 0x1d
core   0: 3 0x80000736 (0x6375) x 6 0x0001d000
core   0: 0x80000738 (0x00000001) c.nop
core   0: 3 0x80000738 (0x0001)
core   0: 0x8000073a (0x808ead13) slti    s10, t4, -2040
core   0: 3 0x8000073a (0x808ead13) x26 0x00000000
core   0: 0x8000073e (0x025bcb33) div     s6, s7, t0
core   0: 3 0x8000073e (0x025bcb33) x22 0xfffffffb
core   0: 0x80000742 (0x000016f1) c.addi  a3, -4
core   0: 3 0x80000742 (0x16f1) x13 0xfffffff7
core   0: 0x80000744 (0x0ff0000f) fence   iorw,iorw
core   0: 3 0x80000744 (0x0ff0000f)
core   0: 0x80000748 (0xff06d7e3) bge     a3, a6, pc - 18
core   0: 3 0x80000748 (0xff06d7e3)
core   0: 0x80000736 (0x00006375) c.lui   t1, 0x1d
core   0: 3 0x80000736 (0x6375) x 6 0x0001d000
core   0: 0x80000738 (0x00000001) c.nop
core   0: 3 0x80000738 (0x0001)
core   0: 0x8000073a (0x808ead13) slti    s10, t4, -2040
core   0: 3 0x8000073a (0x808ead13) x26 0x00000000
core   0: 0x8000073e (0x025bcb33) div     s6, s7, t0
core   0: 3 0x8000073e (0x025bcb33) x22 0xfffffffb
core   0: 0x80000742 (0x000016f1) c.addi  a3, -4
core   0: 3 0x80000742 (0x16f1) x13 0xfffffff3
core   0: 0x80000744 (0x0ff0000f) fence   iorw,iorw
core   0: 3 0x80000744 (0x0ff0000f)
core   0: 0x80000748 (0xff06d7e3) bge     a3, a6, pc - 18
core   0: 3 0x80000748 (0xff06d7e3)
core   0: 0x80000736 (0x00006375) c.lui   t1, 0x1d
core   0: 3 0x80000736 (0x6375) x 6 0x0001d000
core   0: 0x80000738 (0x00000001) c.nop
core   0: 3 0x80000738 (0x0001)
core   0: 0x8000073a (0x808ead13) slti    s10, t4, -2040
core   0: 3 0x8000073a (0x808ead13) x26 0x00000000
core   0: 0x8000073e (0x025bcb33) div     s6, s7, t0
core   0: 3 0x8000073e (0x025bcb33) x22 0xfffffffb
core   0: 0x80000742 (0x000016f1) c.addi  a3, -4
core   0: 3 0x80000742 (0x16f1) x13 0xffffffef
core   0: 0x80000744 (0x0ff0000f) fence   iorw,iorw
core   0: 3 0x80000744 (0x0ff0000f)
core   0: 0x80000748 (0xff06d7e3) bge     a3, a6, pc - 18
core   0: 3 0x80000748 (0xff06d7e3)
core   0: 0x8000074c (0x0000717d) c.addi16sp sp, -16
core   0: 3 0x8000074c (0x717d) x 2 0xffff8076
core   0: 0x8000074e (0xfd7f71e3) bgeu    t5, s7, pc - 62
core   0: 3 0x8000074e (0xfd7f71e3)
core   0: 0x80000752 (0x00008f11) c.sub   a4, a2
core   0: 3 0x80000752 (0x8f11) x14 0xfff80019
core   0: 0x80000754 (0x00000713) li      a4, 0
core   0: 3 0x80000754 (0x00000713) x14 0x00000000
core   0: 0x80000758 (0x022fabb3) mulhsu  s7, t6, sp
core   0: 3 0x80000758 (0x022fabb3) x23 0x00000000
core   0: 0x8000075c (0x0000100f) fence.i
core   0: 3 0x8000075c (0x0000100f)
core   0: 0x80000760 (0x00d00e13) li      t3, 13
core   0: 3 0x80000760 (0x00d00e13) x28 0x0000000d
core   0: 0x80000764 (0x00008e4d) c.or    a2, a1
core   0: 3 0x80000764 (0x8e4d) x12 0xffffffff
core   0: 0x80000766 (0x03479db3) mulh    s11, a5, s4
core   0: 3 0x80000766 (0x03479db3) x27 0x3ffdc261
core   0: 0x8000076a (0x41410933) sub     s2, sp, s4
core   0: 3 0x8000076a (0x41410933) x18 0x7ffd2392
core   0: 0x8000076e (0x00000fc2) c.slli  t6, 16
core   0: 3 0x8000076e (0x0fc2) x31 0x00000000
core   0: 0x80000770 (0x031d3eb3) mulhu   t4, s10, a7
core   0: 3 0x80000770 (0x031d3eb3) x29 0x00000000
core   0: 0x80000774 (0x00000719) c.addi  a4, 6
core   0: 3 0x80000774 (0x0719) x14 0x00000006
core   0: 0x80000776 (0x03f598b3) mulh    a7, a1, t6
core   0: 3 0x80000776 (0x03f598b3) x17 0x00000000
core   0: 0x8000077a (0x00700413) li      s0, 7
core   0: 3 0x8000077a (0x00700413) x 8 0x00000007
core   0: 0x8000077e (0x00000001) c.nop
core   0: 3 0x8000077e (0x0001)
core   0: 0x80000780 (0xff800113) li      sp, -8
core   0: 3 0x80000780 (0xff800113) x 2 0xfffffff8
core   0: 0x80000784 (0x01390fb3) add     t6, s2, s3
core   0: 3 0x80000784 (0x01390fb3) x31 0x7ffd2393
core   0: 0x80000788 (0x03abe033) rem     zero, s7, s10
core   0: 3 0x80000788 (0x03abe033)
core   0: 0x8000078c (0x0000146d) c.addi  s0, -5
core   0: 3 0x8000078c (0x146d) x 8 0x00000002
core   0: 0x8000078e (0x012ac933) xor     s2, s5, s2
core   0: 3 0x8000078e (0x012ac933) x18 0x7ffd2393
core   0: 0x80000792 (0xfe2459e3) bge     s0, sp, pc - 14
core   0: 3 0x80000792 (0xfe2459e3)
core   0: 0x80000784 (0x01390fb3) add     t6, s2, s3
core   0: 3 0x80000784 (0x01390fb3) x31 0x7ffd2394
core   0: 0x80000788 (0x03abe033) rem     zero, s7, s10
core   0: 3 0x80000788 (0x03abe033)
core   0: 0x8000078c (0x0000146d) c.addi  s0, -5
core   0: 3 0x8000078c (0x146d) x 8 0xfffffffd
core   0: 0x8000078e (0x012ac933) xor     s2, s5, s2
core   0: 3 0x8000078e (0x012ac933) x18 0x7ffd2392
core   0: 0x80000792 (0xfe2459e3) bge     s0, sp, pc - 14
core   0: 3 0x80000792 (0xfe2459e3)
core   0: 0x80000784 (0x01390fb3) add     t6, s2, s3
core   0: 3 0x80000784 (0x01390fb3) x31 0x7ffd2393
core   0: 0x80000788 (0x03abe033) rem     zero, s7, s10
core   0: 3 0x80000788 (0x03abe033)
core   0: 0x8000078c (0x0000146d) c.addi  s0, -5
core   0: 3 0x8000078c (0x146d) x 8 0xfffffff8
core   0: 0x8000078e (0x012ac933) xor     s2, s5, s2
core   0: 3 0x8000078e (0x012ac933) x18 0x7ffd2393
core   0: 0x80000792 (0xfe2459e3) bge     s0, sp, pc - 14
core   0: 3 0x80000792 (0xfe2459e3)
core   0: 0x80000784 (0x01390fb3) add     t6, s2, s3
core   0: 3 0x80000784 (0x01390fb3) x31 0x7ffd2394
core   0: 0x80000788 (0x03abe033) rem     zero, s7, s10
core   0: 3 0x80000788 (0x03abe033)
core   0: 0x8000078c (0x0000146d) c.addi  s0, -5
core   0: 3 0x8000078c (0x146d) x 8 0xfffffff3
core   0: 0x8000078e (0x012ac933) xor     s2, s5, s2
core   0: 3 0x8000078e (0x012ac933) x18 0x7ffd2392
core   0: 0x80000792 (0xfe2459e3) bge     s0, sp, pc - 14
core   0: 3 0x80000792 (0xfe2459e3)
core   0: 0x80000796 (0x00008d01) c.sub   a0, s0
core   0: 3 0x80000796 (0x8d01) x10 0xffff8463
core   0: 0x80000798 (0x00008ccd) c.or    s1, a1
core   0: 3 0x80000798 (0x8ccd) x 9 0xffffffff
core   0: 0x8000079a (0xfdc746e3) blt     a4, t3, pc - 52
core   0: 3 0x8000079a (0xfdc746e3)
core   0: 0x80000766 (0x03479db3) mulh    s11, a5, s4
core   0: 3 0x80000766 (0x03479db3) x27 0x3ffdc261
core   0: 0x8000076a (0x41410933) sub     s2, sp, s4
core   0: 3 0x8000076a (0x41410933) x18 0x7ffda314
core   0: 0x8000076e (0x00000fc2) c.slli  t6, 16
core   0: 3 0x8000076e (0x0fc2) x31 0x23940000
core   0: 0x80000770 (0x031d3eb3) mulhu   t4, s10, a7
core   0: 3 0x80000770 (0x031d3eb3) x29 0x00000000
core   0: 0x80000774 (0x00000719) c.addi  a4, 6
core   0: 3 0x80000774 (0x0719) x14 0x0000000c
core   0: 0x80000776 (0x03f598b3) mulh    a7, a1, t6
core   0: 3 0x80000776 (0x03f598b3) x17 0xffffffff
core   0: 0x8000077a (0x00700413) li      s0, 7
core   0: 3 0x8000077a (0x00700413) x 8 0x00000007
core   0: 0x8000077e (0x00000001) c.nop
core   0: 3 0x8000077e (0x0001)
core   0: 0x80000780 (0xff800113) li      sp, -8
core   0: 3 0x80000780 (0xff800113) x 2 0xfffffff8
core   0: 0x80000784 (0x01390fb3) add     t6, s2, s3
core   0: 3 0x80000784 (0x01390fb3) x31 0x7ffda315
core   0: 0x80000788 (0x03abe033) rem     zero, s7, s10
core   0: 3 0x80000788 (0x03abe033)
core   0: 0x8000078c (0x0000146d) c.addi  s0, -5
core   0: 3 0x8000078c (0x146d) x 8 0x00000002
core   0: 0x8000078e (0x012ac933) xor     s2, s5, s2
core   0: 3 0x8000078e (0x012ac933) x18 0x7ffda315
core   0: 0x80000792 (0xfe2459e3) bge     s0, sp, pc - 14
core   0: 3 0x80000792 (0xfe2459e3)
core   0: 0x80000784 (0x01390fb3) add     t6, s2, s3
core   0: 3 0x80000784 (0x01390fb3) x31 0x7ffda316
core   0: 0x80000788 (0x03abe033) rem     zero, s7, s10
core   0: 3 0x80000788 (0x03abe033)
core   0: 0x8000078c (0x0000146d) c.addi  s0, -5
core   0: 3 0x8000078c (0x146d) x 8 0xfffffffd
core   0: 0x8000078e (0x012ac933) xor     s2, s5, s2
core   0: 3 0x8000078e (0x012ac933) x18 0x7ffda314
core   0: 0x80000792 (0xfe2459e3) bge     s0, sp, pc - 14
core   0: 3 0x80000792 (0xfe2459e3)
core   0: 0x80000784 (0x01390fb3) add     t6, s2, s3
core   0: 3 0x80000784 (0x01390fb3) x31 0x7ffda315
core   0: 0x80000788 (0x03abe033) rem     zero, s7, s10
core   0: 3 0x80000788 (0x03abe033)
core   0: 0x8000078c (0x0000146d) c.addi  s0, -5
core   0: 3 0x8000078c (0x146d) x 8 0xfffffff8
core   0: 0x8000078e (0x012ac933) xor     s2, s5, s2
core   0: 3 0x8000078e (0x012ac933) x18 0x7ffda315
core   0: 0x80000792 (0xfe2459e3) bge     s0, sp, pc - 14
core   0: 3 0x80000792 (0xfe2459e3)
core   0: 0x80000784 (0x01390fb3) add     t6, s2, s3
core   0: 3 0x80000784 (0x01390fb3) x31 0x7ffda316
core   0: 0x80000788 (0x03abe033) rem     zero, s7, s10
core   0: 3 0x80000788 (0x03abe033)
core   0: 0x8000078c (0x0000146d) c.addi  s0, -5
core   0: 3 0x8000078c (0x146d) x 8 0xfffffff3
core   0: 0x8000078e (0x012ac933) xor     s2, s5, s2
core   0: 3 0x8000078e (0x012ac933) x18 0x7ffda314
core   0: 0x80000792 (0xfe2459e3) bge     s0, sp, pc - 14
core   0: 3 0x80000792 (0xfe2459e3)
core   0: 0x80000796 (0x00008d01) c.sub   a0, s0
core   0: 3 0x80000796 (0x8d01) x10 0xffff8470
core   0: 0x80000798 (0x00008ccd) c.or    s1, a1
core   0: 3 0x80000798 (0x8ccd) x 9 0xffffffff
core   0: 0x8000079a (0xfdc746e3) blt     a4, t3, pc - 52
core   0: 3 0x8000079a (0xfdc746e3)
core   0: 0x80000766 (0x03479db3) mulh    s11, a5, s4
core   0: 3 0x80000766 (0x03479db3) x27 0x3ffdc261
core   0: 0x8000076a (0x41410933) sub     s2, sp, s4
core   0: 3 0x8000076a (0x41410933) x18 0x7ffda314
core   0: 0x8000076e (0x00000fc2) c.slli  t6, 16
core   0: 3 0x8000076e (0x0fc2) x31 0xa3160000
core   0: 0x80000770 (0x031d3eb3) mulhu   t4, s10, a7
core   0: 3 0x80000770 (0x031d3eb3) x29 0x00000000
core   0: 0x80000774 (0x00000719) c.addi  a4, 6
core   0: 3 0x80000774 (0x0719) x14 0x00000012
core   0: 0x80000776 (0x03f598b3) mulh    a7, a1, t6
core   0: 3 0x80000776 (0x03f598b3) x17 0x00000000
core   0: 0x8000077a (0x00700413) li      s0, 7
core   0: 3 0x8000077a (0x00700413) x 8 0x00000007
core   0: 0x8000077e (0x00000001) c.nop
core   0: 3 0x8000077e (0x0001)
core   0: 0x80000780 (0xff800113) li      sp, -8
core   0: 3 0x80000780 (0xff800113) x 2 0xfffffff8
core   0: 0x80000784 (0x01390fb3) add     t6, s2, s3
core   0: 3 0x80000784 (0x01390fb3) x31 0x7ffda315
core   0: 0x80000788 (0x03abe033) rem     zero, s7, s10
core   0: 3 0x80000788 (0x03abe033)
core   0: 0x8000078c (0x0000146d) c.addi  s0, -5
core   0: 3 0x8000078c (0x146d) x 8 0x00000002
core   0: 0x8000078e (0x012ac933) xor     s2, s5, s2
core   0: 3 0x8000078e (0x012ac933) x18 0x7ffda315
core   0: 0x80000792 (0xfe2459e3) bge     s0, sp, pc - 14
core   0: 3 0x80000792 (0xfe2459e3)
core   0: 0x80000784 (0x01390fb3) add     t6, s2, s3
core   0: 3 0x80000784 (0x01390fb3) x31 0x7ffda316
core   0: 0x80000788 (0x03abe033) rem     zero, s7, s10
core   0: 3 0x80000788 (0x03abe033)
core   0: 0x8000078c (0x0000146d) c.addi  s0, -5
core   0: 3 0x8000078c (0x146d) x 8 0xfffffffd
core   0: 0x8000078e (0x012ac933) xor     s2, s5, s2
core   0: 3 0x8000078e (0x012ac933) x18 0x7ffda314
core   0: 0x80000792 (0xfe2459e3) bge     s0, sp, pc - 14
core   0: 3 0x80000792 (0xfe2459e3)
core   0: 0x80000784 (0x01390fb3) add     t6, s2, s3
core   0: 3 0x80000784 (0x01390fb3) x31 0x7ffda315
core   0: 0x80000788 (0x03abe033) rem     zero, s7, s10
core   0: 3 0x80000788 (0x03abe033)
core   0: 0x8000078c (0x0000146d) c.addi  s0, -5
core   0: 3 0x8000078c (0x146d) x 8 0xfffffff8
core   0: 0x8000078e (0x012ac933) xor     s2, s5, s2
core   0: 3 0x8000078e (0x012ac933) x18 0x7ffda315
core   0: 0x80000792 (0xfe2459e3) bge     s0, sp, pc - 14
core   0: 3 0x80000792 (0xfe2459e3)
core   0: 0x80000784 (0x01390fb3) add     t6, s2, s3
core   0: 3 0x80000784 (0x01390fb3) x31 0x7ffda316
core   0: 0x80000788 (0x03abe033) rem     zero, s7, s10
core   0: 3 0x80000788 (0x03abe033)
core   0: 0x8000078c (0x0000146d) c.addi  s0, -5
core   0: 3 0x8000078c (0x146d) x 8 0xfffffff3
core   0: 0x8000078e (0x012ac933) xor     s2, s5, s2
core   0: 3 0x8000078e (0x012ac933) x18 0x7ffda314
core   0: 0x80000792 (0xfe2459e3) bge     s0, sp, pc - 14
core   0: 3 0x80000792 (0xfe2459e3)
core   0: 0x80000796 (0x00008d01) c.sub   a0, s0
core   0: 3 0x80000796 (0x8d01) x10 0xffff847d
core   0: 0x80000798 (0x00008ccd) c.or    s1, a1
core   0: 3 0x80000798 (0x8ccd) x 9 0xffffffff
core   0: 0x8000079a (0xfdc746e3) blt     a4, t3, pc - 52
core   0: 3 0x8000079a (0xfdc746e3)
core   0: 0x8000079e (0x0314df33) divu    t5, s1, a7
core   0: 3 0x8000079e (0x0314df33) x30 0xffffffff
core   0: 0x800007a2 (0x00200713) li      a4, 2
core   0: 3 0x800007a2 (0x00200713) x14 0x00000002
core   0: 0x800007a6 (0xf6364d93) xori    s11, a2, -157
core   0: 3 0x800007a6 (0xf6364d93) x27 0x0000009c
core   0: 0x800007aa (0xff600613) li      a2, -10
core   0: 3 0x800007aa (0xff600613) x12 0xfffffff6
core   0: 0x800007ae (0x00ea0eb3) add     t4, s4, a4
core   0: 3 0x800007ae (0x00ea0eb3) x29 0x80025ce6
core   0: 0x800007b2 (0x0000177d) c.addi  a4, -1
core   0: 3 0x800007b2 (0x177d) x14 0x00000001
core   0: 0x800007b4 (0x0000030e) c.slli  t1, 3
core   0: 3 0x800007b4 (0x030e) x 6 0x000e8000
core   0: 0x800007b6 (0xfec71ce3) bne     a4, a2, pc - 8
core   0: 3 0x800007b6 (0xfec71ce3)
core   0: 0x800007ae (0x00ea0eb3) add     t4, s4, a4
core   0: 3 0x800007ae (0x00ea0eb3) x29 0x80025ce5
core   0: 0x800007b2 (0x0000177d) c.addi  a4, -1
core   0: 3 0x800007b2 (0x177d) x14 0x00000000
core   0: 0x800007b4 (0x0000030e) c.slli  t1, 3
core   0: 3 0x800007b4 (0x030e) x 6 0x00740000
core   0: 0x800007b6 (0xfec71ce3) bne     a4, a2, pc - 8
core   0: 3 0x800007b6 (0xfec71ce3)
core   0: 0x800007ae (0x00ea0eb3) add     t4, s4, a4
core   0: 3 0x800007ae (0x00ea0eb3) x29 0x80025ce4
core   0: 0x800007b2 (0x0000177d) c.addi  a4, -1
core   0: 3 0x800007b2 (0x177d) x14 0xffffffff
core   0: 0x800007b4 (0x0000030e) c.slli  t1, 3
core   0: 3 0x800007b4 (0x030e) x 6 0x03a00000
core   0: 0x800007b6 (0xfec71ce3) bne     a4, a2, pc - 8
core   0: 3 0x800007b6 (0xfec71ce3)
core   0: 0x800007ae (0x00ea0eb3) add     t4, s4, a4
core   0: 3 0x800007ae (0x00ea0eb3) x29 0x80025ce3
core   0: 0x800007b2 (0x0000177d) c.addi  a4, -1
core   0: 3 0x800007b2 (0x177d) x14 0xfffffffe
core   0: 0x800007b4 (0x0000030e) c.slli  t1, 3
core   0: 3 0x800007b4 (0x030e) x 6 0x1d000000
core   0: 0x800007b6 (0xfec71ce3) bne     a4, a2, pc - 8
core   0: 3 0x800007b6 (0xfec71ce3)
core   0: 0x800007ae (0x00ea0eb3) add     t4, s4, a4
core   0: 3 0x800007ae (0x00ea0eb3) x29 0x80025ce2
core   0: 0x800007b2 (0x0000177d) c.addi  a4, -1
core   0: 3 0x800007b2 (0x177d) x14 0xfffffffd
core   0: 0x800007b4 (0x0000030e) c.slli  t1, 3
core   0: 3 0x800007b4 (0x030e) x 6 0xe8000000
core   0: 0x800007b6 (0xfec71ce3) bne     a4, a2, pc - 8
core   0: 3 0x800007b6 (0xfec71ce3)
core   0: 0x800007ae (0x00ea0eb3) add     t4, s4, a4
core   0: 3 0x800007ae (0x00ea0eb3) x29 0x80025ce1
core   0: 0x800007b2 (0x0000177d) c.addi  a4, -1
core   0: 3 0x800007b2 (0x177d) x14 0xfffffffc
core   0: 0x800007b4 (0x0000030e) c.slli  t1, 3
core   0: 3 0x800007b4 (0x030e) x 6 0x40000000
core   0: 0x800007b6 (0xfec71ce3) bne     a4, a2, pc - 8
core   0: 3 0x800007b6 (0xfec71ce3)
core   0: 0x800007ae (0x00ea0eb3) add     t4, s4, a4
core   0: 3 0x800007ae (0x00ea0eb3) x29 0x80025ce0
core   0: 0x800007b2 (0x0000177d) c.addi  a4, -1
core   0: 3 0x800007b2 (0x177d) x14 0xfffffffb
core   0: 0x800007b4 (0x0000030e) c.slli  t1, 3
core   0: 3 0x800007b4 (0x030e) x 6 0x00000000
core   0: 0x800007b6 (0xfec71ce3) bne     a4, a2, pc - 8
core   0: 3 0x800007b6 (0xfec71ce3)
core   0: 0x800007ae (0x00ea0eb3) add     t4, s4, a4
core   0: 3 0x800007ae (0x00ea0eb3) x29 0x80025cdf
core   0: 0x800007b2 (0x0000177d) c.addi  a4, -1
core   0: 3 0x800007b2 (0x177d) x14 0xfffffffa
core   0: 0x800007b4 (0x0000030e) c.slli  t1, 3
core   0: 3 0x800007b4 (0x030e) x 6 0x00000000
core   0: 0x800007b6 (0xfec71ce3) bne     a4, a2, pc - 8
core   0: 3 0x800007b6 (0xfec71ce3)
core   0: 0x800007ae (0x00ea0eb3) add     t4, s4, a4
core   0: 3 0x800007ae (0x00ea0eb3) x29 0x80025cde
core   0: 0x800007b2 (0x0000177d) c.addi  a4, -1
core   0: 3 0x800007b2 (0x177d) x14 0xfffffff9
core   0: 0x800007b4 (0x0000030e) c.slli  t1, 3
core   0: 3 0x800007b4 (0x030e) x 6 0x00000000
core   0: 0x800007b6 (0xfec71ce3) bne     a4, a2, pc - 8
core   0: 3 0x800007b6 (0xfec71ce3)
core   0: 0x800007ae (0x00ea0eb3) add     t4, s4, a4
core   0: 3 0x800007ae (0x00ea0eb3) x29 0x80025cdd
core   0: 0x800007b2 (0x0000177d) c.addi  a4, -1
core   0: 3 0x800007b2 (0x177d) x14 0xfffffff8
core   0: 0x800007b4 (0x0000030e) c.slli  t1, 3
core   0: 3 0x800007b4 (0x030e) x 6 0x00000000
core   0: 0x800007b6 (0xfec71ce3) bne     a4, a2, pc - 8
core   0: 3 0x800007b6 (0xfec71ce3)
core   0: 0x800007ae (0x00ea0eb3) add     t4, s4, a4
core   0: 3 0x800007ae (0x00ea0eb3) x29 0x80025cdc
core   0: 0x800007b2 (0x0000177d) c.addi  a4, -1
core   0: 3 0x800007b2 (0x177d) x14 0xfffffff7
core   0: 0x800007b4 (0x0000030e) c.slli  t1, 3
core   0: 3 0x800007b4 (0x030e) x 6 0x00000000
core   0: 0x800007b6 (0xfec71ce3) bne     a4, a2, pc - 8
core   0: 3 0x800007b6 (0xfec71ce3)
core   0: 0x800007ae (0x00ea0eb3) add     t4, s4, a4
core   0: 3 0x800007ae (0x00ea0eb3) x29 0x80025cdb
core   0: 0x800007b2 (0x0000177d) c.addi  a4, -1
core   0: 3 0x800007b2 (0x177d) x14 0xfffffff6
core   0: 0x800007b4 (0x0000030e) c.slli  t1, 3
core   0: 3 0x800007b4 (0x030e) x 6 0x00000000
core   0: 0x800007b6 (0xfec71ce3) bne     a4, a2, pc - 8
core   0: 3 0x800007b6 (0xfec71ce3)
core   0: 0x800007ba (0x0000100f) fence.i
core   0: 3 0x800007ba (0x0000100f)
core   0: 0x800007be (0xffd00693) li      a3, -3
core   0: 3 0x800007be (0xffd00693) x13 0xfffffffd
core   0: 0x800007c2 (0x00000001) c.nop
core   0: 3 0x800007c2 (0x0001)
core   0: 0x800007c4 (0x00000001) c.nop
core   0: 3 0x800007c4 (0x0001)
core   0: 0x800007c6 (0x00000118) c.addi4spn a4, sp, 128
core   0: 3 0x800007c6 (0x0118) x14 0x00000078
core   0: 0x800007c8 (0x08b0f413) andi    s0, ra, 139
core   0: 3 0x800007c8 (0x08b0f413) x 8 0x0000008b
core   0: 0x800007cc (0x00000685) c.addi  a3, 1
core   0: 3 0x800007cc (0x0685) x13 0xfffffffe
core   0: 0x800007ce (0xffe00d93) li      s11, -2
core   0: 3 0x800007ce (0xffe00d93) x27 0xfffffffe
core   0: 0x800007d2 (0x00000001) c.nop
core   0: 3 0x800007d2 (0x0001)
core   0: 0x800007d4 (0xff200593) li      a1, -14
core   0: 3 0x800007d4 (0xff200593) x11 0xfffffff2
core   0: 0x800007d8 (0x00008c71) c.and   s0, a2
core   0: 3 0x800007d8 (0x8c71) x 8 0x00000082
core   0: 0x800007da (0x00001dfd) c.addi  s11, -1
core   0: 3 0x800007da (0x1dfd) x27 0xfffffffd
core   0: 0x800007dc (0xfebd9ee3) bne     s11, a1, pc - 4
core   0: 3 0x800007dc (0xfebd9ee3)
core   0: 0x800007d8 (0x00008c71) c.and   s0, a2
core   0: 3 0x800007d8 (0x8c71) x 8 0x00000082
core   0: 0x800007da (0x00001dfd) c.addi  s11, -1
core   0: 3 0x800007da (0x1dfd) x27 0xfffffffc
core   0: 0x800007dc (0xfebd9ee3) bne     s11, a1, pc - 4
core   0: 3 0x800007dc (0xfebd9ee3)
core   0: 0x800007d8 (0x00008c71) c.and   s0, a2
core   0: 3 0x800007d8 (0x8c71) x 8 0x00000082
core   0: 0x800007da (0x00001dfd) c.addi  s11, -1
core   0: 3 0x800007da (0x1dfd) x27 0xfffffffb
core   0: 0x800007dc (0xfebd9ee3) bne     s11, a1, pc - 4
core   0: 3 0x800007dc (0xfebd9ee3)
core   0: 0x800007d8 (0x00008c71) c.and   s0, a2
core   0: 3 0x800007d8 (0x8c71) x 8 0x00000082
core   0: 0x800007da (0x00001dfd) c.addi  s11, -1
core   0: 3 0x800007da (0x1dfd) x27 0xfffffffa
core   0: 0x800007dc (0xfebd9ee3) bne     s11, a1, pc - 4
core   0: 3 0x800007dc (0xfebd9ee3)
core   0: 0x800007d8 (0x00008c71) c.and   s0, a2
core   0: 3 0x800007d8 (0x8c71) x 8 0x00000082
core   0: 0x800007da (0x00001dfd) c.addi  s11, -1
core   0: 3 0x800007da (0x1dfd) x27 0xfffffff9
core   0: 0x800007dc (0xfebd9ee3) bne     s11, a1, pc - 4
core   0: 3 0x800007dc (0xfebd9ee3)
core   0: 0x800007d8 (0x00008c71) c.and   s0, a2
core   0: 3 0x800007d8 (0x8c71) x 8 0x00000082
core   0: 0x800007da (0x00001dfd) c.addi  s11, -1
core   0: 3 0x800007da (0x1dfd) x27 0xfffffff8
core   0: 0x800007dc (0xfebd9ee3) bne     s11, a1, pc - 4
core   0: 3 0x800007dc (0xfebd9ee3)
core   0: 0x800007d8 (0x00008c71) c.and   s0, a2
core   0: 3 0x800007d8 (0x8c71) x 8 0x00000082
core   0: 0x800007da (0x00001dfd) c.addi  s11, -1
core   0: 3 0x800007da (0x1dfd) x27 0xfffffff7
core   0: 0x800007dc (0xfebd9ee3) bne     s11, a1, pc - 4
core   0: 3 0x800007dc (0xfebd9ee3)
core   0: 0x800007d8 (0x00008c71) c.and   s0, a2
core   0: 3 0x800007d8 (0x8c71) x 8 0x00000082
core   0: 0x800007da (0x00001dfd) c.addi  s11, -1
core   0: 3 0x800007da (0x1dfd) x27 0xfffffff6
core   0: 0x800007dc (0xfebd9ee3) bne     s11, a1, pc - 4
core   0: 3 0x800007dc (0xfebd9ee3)
core   0: 0x800007d8 (0x00008c71) c.and   s0, a2
core   0: 3 0x800007d8 (0x8c71) x 8 0x00000082
core   0: 0x800007da (0x00001dfd) c.addi  s11, -1
core   0: 3 0x800007da (0x1dfd) x27 0xfffffff5
core   0: 0x800007dc (0xfebd9ee3) bne     s11, a1, pc - 4
core   0: 3 0x800007dc (0xfebd9ee3)
core   0: 0x800007d8 (0x00008c71) c.and   s0, a2
core   0: 3 0x800007d8 (0x8c71) x 8 0x00000082
core   0: 0x800007da (0x00001dfd) c.addi  s11, -1
core   0: 3 0x800007da (0x1dfd) x27 0xfffffff4
core   0: 0x800007dc (0xfebd9ee3) bne     s11, a1, pc - 4
core   0: 3 0x800007dc (0xfebd9ee3)
core   0: 0x800007d8 (0x00008c71) c.and   s0, a2
core   0: 3 0x800007d8 (0x8c71) x 8 0x00000082
core   0: 0x800007da (0x00001dfd) c.addi  s11, -1
core   0: 3 0x800007da (0x1dfd) x27 0xfffffff3
core   0: 0x800007dc (0xfebd9ee3) bne     s11, a1, pc - 4
core   0: 3 0x800007dc (0xfebd9ee3)
core   0: 0x800007d8 (0x00008c71) c.and   s0, a2
core   0: 3 0x800007d8 (0x8c71) x 8 0x00000082
core   0: 0x800007da (0x00001dfd) c.addi  s11, -1
core   0: 3 0x800007da (0x1dfd) x27 0xfffffff2
core   0: 0x800007dc (0xfebd9ee3) bne     s11, a1, pc - 4
core   0: 3 0x800007dc (0xfebd9ee3)
core   0: 0x800007e0 (0x000008ba) c.slli  a7, 14
core   0: 3 0x800007e0 (0x08ba) x17 0x00000000
core   0: 0x800007e2 (0x00008ca5) c.xor   s1, s1
core   0: 3 0x800007e2 (0x8ca5) x 9 0x00000000
core   0: 0x800007e4 (0x0000f2ed) c.bnez  a3, pc - 30
core   0: 3 0x800007e4 (0xf2ed)
core   0: 0x800007c6 (0x00000118) c.addi4spn a4, sp, 128
core   0: 3 0x800007c6 (0x0118) x14 0x00000078
core   0: 0x800007c8 (0x08b0f413) andi    s0, ra, 139
core   0: 3 0x800007c8 (0x08b0f413) x 8 0x0000008b
core   0: 0x800007cc (0x00000685) c.addi  a3, 1
core   0: 3 0x800007cc (0x0685) x13 0xffffffff
core   0: 0x800007ce (0xffe00d93) li      s11, -2
core   0: 3 0x800007ce (0xffe00d93) x27 0xfffffffe
core   0: 0x800007d2 (0x00000001) c.nop
core   0: 3 0x800007d2 (0x0001)
core   0: 0x800007d4 (0xff200593) li      a1, -14
core   0: 3 0x800007d4 (0xff200593) x11 0xfffffff2
core   0: 0x800007d8 (0x00008c71) c.and   s0, a2
core   0: 3 0x800007d8 (0x8c71) x 8 0x00000082
core   0: 0x800007da (0x00001dfd) c.addi  s11, -1
core   0: 3 0x800007da (0x1dfd) x27 0xfffffffd
core   0: 0x800007dc (0xfebd9ee3) bne     s11, a1, pc - 4
core   0: 3 0x800007dc (0xfebd9ee3)
core   0: 0x800007d8 (0x00008c71) c.and   s0, a2
core   0: 3 0x800007d8 (0x8c71) x 8 0x00000082
core   0: 0x800007da (0x00001dfd) c.addi  s11, -1
core   0: 3 0x800007da (0x1dfd) x27 0xfffffffc
core   0: 0x800007dc (0xfebd9ee3) bne     s11, a1, pc - 4
core   0: 3 0x800007dc (0xfebd9ee3)
core   0: 0x800007d8 (0x00008c71) c.and   s0, a2
core   0: 3 0x800007d8 (0x8c71) x 8 0x00000082
core   0: 0x800007da (0x00001dfd) c.addi  s11, -1
core   0: 3 0x800007da (0x1dfd) x27 0xfffffffb
core   0: 0x800007dc (0xfebd9ee3) bne     s11, a1, pc - 4
core   0: 3 0x800007dc (0xfebd9ee3)
core   0: 0x800007d8 (0x00008c71) c.and   s0, a2
core   0: 3 0x800007d8 (0x8c71) x 8 0x00000082
core   0: 0x800007da (0x00001dfd) c.addi  s11, -1
core   0: 3 0x800007da (0x1dfd) x27 0xfffffffa
core   0: 0x800007dc (0xfebd9ee3) bne     s11, a1, pc - 4
core   0: 3 0x800007dc (0xfebd9ee3)
core   0: 0x800007d8 (0x00008c71) c.and   s0, a2
core   0: 3 0x800007d8 (0x8c71) x 8 0x00000082
core   0: 0x800007da (0x00001dfd) c.addi  s11, -1
core   0: 3 0x800007da (0x1dfd) x27 0xfffffff9
core   0: 0x800007dc (0xfebd9ee3) bne     s11, a1, pc - 4
core   0: 3 0x800007dc (0xfebd9ee3)
core   0: 0x800007d8 (0x00008c71) c.and   s0, a2
core   0: 3 0x800007d8 (0x8c71) x 8 0x00000082
core   0: 0x800007da (0x00001dfd) c.addi  s11, -1
core   0: 3 0x800007da (0x1dfd) x27 0xfffffff8
core   0: 0x800007dc (0xfebd9ee3) bne     s11, a1, pc - 4
core   0: 3 0x800007dc (0xfebd9ee3)
core   0: 0x800007d8 (0x00008c71) c.and   s0, a2
core   0: 3 0x800007d8 (0x8c71) x 8 0x00000082
core   0: 0x800007da (0x00001dfd) c.addi  s11, -1
core   0: 3 0x800007da (0x1dfd) x27 0xfffffff7
core   0: 0x800007dc (0xfebd9ee3) bne     s11, a1, pc - 4
core   0: 3 0x800007dc (0xfebd9ee3)
core   0: 0x800007d8 (0x00008c71) c.and   s0, a2
core   0: 3 0x800007d8 (0x8c71) x 8 0x00000082
core   0: 0x800007da (0x00001dfd) c.addi  s11, -1
core   0: 3 0x800007da (0x1dfd) x27 0xfffffff6
core   0: 0x800007dc (0xfebd9ee3) bne     s11, a1, pc - 4
core   0: 3 0x800007dc (0xfebd9ee3)
core   0: 0x800007d8 (0x00008c71) c.and   s0, a2
core   0: 3 0x800007d8 (0x8c71) x 8 0x00000082
core   0: 0x800007da (0x00001dfd) c.addi  s11, -1
core   0: 3 0x800007da (0x1dfd) x27 0xfffffff5
core   0: 0x800007dc (0xfebd9ee3) bne     s11, a1, pc - 4
core   0: 3 0x800007dc (0xfebd9ee3)
core   0: 0x800007d8 (0x00008c71) c.and   s0, a2
core   0: 3 0x800007d8 (0x8c71) x 8 0x00000082
core   0: 0x800007da (0x00001dfd) c.addi  s11, -1
core   0: 3 0x800007da (0x1dfd) x27 0xfffffff4
core   0: 0x800007dc (0xfebd9ee3) bne     s11, a1, pc - 4
core   0: 3 0x800007dc (0xfebd9ee3)
core   0: 0x800007d8 (0x00008c71) c.and   s0, a2
core   0: 3 0x800007d8 (0x8c71) x 8 0x00000082
core   0: 0x800007da (0x00001dfd) c.addi  s11, -1
core   0: 3 0x800007da (0x1dfd) x27 0xfffffff3
core   0: 0x800007dc (0xfebd9ee3) bne     s11, a1, pc - 4
core   0: 3 0x800007dc (0xfebd9ee3)
core   0: 0x800007d8 (0x00008c71) c.and   s0, a2
core   0: 3 0x800007d8 (0x8c71) x 8 0x00000082
core   0: 0x800007da (0x00001dfd) c.addi  s11, -1
core   0: 3 0x800007da (0x1dfd) x27 0xfffffff2
core   0: 0x800007dc (0xfebd9ee3) bne     s11, a1, pc - 4
core   0: 3 0x800007dc (0xfebd9ee3)
core   0: 0x800007e0 (0x000008ba) c.slli  a7, 14
core   0: 3 0x800007e0 (0x08ba) x17 0x00000000
core   0: 0x800007e2 (0x00008ca5) c.xor   s1, s1
core   0: 3 0x800007e2 (0x8ca5) x 9 0x00000000
core   0: 0x800007e4 (0x0000f2ed) c.bnez  a3, pc - 30
core   0: 3 0x800007e4 (0xf2ed)
core   0: 0x800007c6 (0x00000118) c.addi4spn a4, sp, 128
core   0: 3 0x800007c6 (0x0118) x14 0x00000078
core   0: 0x800007c8 (0x08b0f413) andi    s0, ra, 139
core   0: 3 0x800007c8 (0x08b0f413) x 8 0x0000008b
core   0: 0x800007cc (0x00000685) c.addi  a3, 1
core   0: 3 0x800007cc (0x0685) x13 0x00000000
core   0: 0x800007ce (0xffe00d93) li      s11, -2
core   0: 3 0x800007ce (0xffe00d93) x27 0xfffffffe
core   0: 0x800007d2 (0x00000001) c.nop
core   0: 3 0x800007d2 (0x0001)
core   0: 0x800007d4 (0xff200593) li      a1, -14
core   0: 3 0x800007d4 (0xff200593) x11 0xfffffff2
core   0: 0x800007d8 (0x00008c71) c.and   s0, a2
core   0: 3 0x800007d8 (0x8c71) x 8 0x00000082
core   0: 0x800007da (0x00001dfd) c.addi  s11, -1
core   0: 3 0x800007da (0x1dfd) x27 0xfffffffd
core   0: 0x800007dc (0xfebd9ee3) bne     s11, a1, pc - 4
core   0: 3 0x800007dc (0xfebd9ee3)
core   0: 0x800007d8 (0x00008c71) c.and   s0, a2
core   0: 3 0x800007d8 (0x8c71) x 8 0x00000082
core   0: 0x800007da (0x00001dfd) c.addi  s11, -1
core   0: 3 0x800007da (0x1dfd) x27 0xfffffffc
core   0: 0x800007dc (0xfebd9ee3) bne     s11, a1, pc - 4
core   0: 3 0x800007dc (0xfebd9ee3)
core   0: 0x800007d8 (0x00008c71) c.and   s0, a2
core   0: 3 0x800007d8 (0x8c71) x 8 0x00000082
core   0: 0x800007da (0x00001dfd) c.addi  s11, -1
core   0: 3 0x800007da (0x1dfd) x27 0xfffffffb
core   0: 0x800007dc (0xfebd9ee3) bne     s11, a1, pc - 4
core   0: 3 0x800007dc (0xfebd9ee3)
core   0: 0x800007d8 (0x00008c71) c.and   s0, a2
core   0: 3 0x800007d8 (0x8c71) x 8 0x00000082
core   0: 0x800007da (0x00001dfd) c.addi  s11, -1
core   0: 3 0x800007da (0x1dfd) x27 0xfffffffa
core   0: 0x800007dc (0xfebd9ee3) bne     s11, a1, pc - 4
core   0: 3 0x800007dc (0xfebd9ee3)
core   0: 0x800007d8 (0x00008c71) c.and   s0, a2
core   0: 3 0x800007d8 (0x8c71) x 8 0x00000082
core   0: 0x800007da (0x00001dfd) c.addi  s11, -1
core   0: 3 0x800007da (0x1dfd) x27 0xfffffff9
core   0: 0x800007dc (0xfebd9ee3) bne     s11, a1, pc - 4
core   0: 3 0x800007dc (0xfebd9ee3)
core   0: 0x800007d8 (0x00008c71) c.and   s0, a2
core   0: 3 0x800007d8 (0x8c71) x 8 0x00000082
core   0: 0x800007da (0x00001dfd) c.addi  s11, -1
core   0: 3 0x800007da (0x1dfd) x27 0xfffffff8
core   0: 0x800007dc (0xfebd9ee3) bne     s11, a1, pc - 4
core   0: 3 0x800007dc (0xfebd9ee3)
core   0: 0x800007d8 (0x00008c71) c.and   s0, a2
core   0: 3 0x800007d8 (0x8c71) x 8 0x00000082
core   0: 0x800007da (0x00001dfd) c.addi  s11, -1
core   0: 3 0x800007da (0x1dfd) x27 0xfffffff7
core   0: 0x800007dc (0xfebd9ee3) bne     s11, a1, pc - 4
core   0: 3 0x800007dc (0xfebd9ee3)
core   0: 0x800007d8 (0x00008c71) c.and   s0, a2
core   0: 3 0x800007d8 (0x8c71) x 8 0x00000082
core   0: 0x800007da (0x00001dfd) c.addi  s11, -1
core   0: 3 0x800007da (0x1dfd) x27 0xfffffff6
core   0: 0x800007dc (0xfebd9ee3) bne     s11, a1, pc - 4
core   0: 3 0x800007dc (0xfebd9ee3)
core   0: 0x800007d8 (0x00008c71) c.and   s0, a2
core   0: 3 0x800007d8 (0x8c71) x 8 0x00000082
core   0: 0x800007da (0x00001dfd) c.addi  s11, -1
core   0: 3 0x800007da (0x1dfd) x27 0xfffffff5
core   0: 0x800007dc (0xfebd9ee3) bne     s11, a1, pc - 4
core   0: 3 0x800007dc (0xfebd9ee3)
core   0: 0x800007d8 (0x00008c71) c.and   s0, a2
core   0: 3 0x800007d8 (0x8c71) x 8 0x00000082
core   0: 0x800007da (0x00001dfd) c.addi  s11, -1
core   0: 3 0x800007da (0x1dfd) x27 0xfffffff4
core   0: 0x800007dc (0xfebd9ee3) bne     s11, a1, pc - 4
core   0: 3 0x800007dc (0xfebd9ee3)
core   0: 0x800007d8 (0x00008c71) c.and   s0, a2
core   0: 3 0x800007d8 (0x8c71) x 8 0x00000082
core   0: 0x800007da (0x00001dfd) c.addi  s11, -1
core   0: 3 0x800007da (0x1dfd) x27 0xfffffff3
core   0: 0x800007dc (0xfebd9ee3) bne     s11, a1, pc - 4
core   0: 3 0x800007dc (0xfebd9ee3)
core   0: 0x800007d8 (0x00008c71) c.and   s0, a2
core   0: 3 0x800007d8 (0x8c71) x 8 0x00000082
core   0: 0x800007da (0x00001dfd) c.addi  s11, -1
core   0: 3 0x800007da (0x1dfd) x27 0xfffffff2
core   0: 0x800007dc (0xfebd9ee3) bne     s11, a1, pc - 4
core   0: 3 0x800007dc (0xfebd9ee3)
core   0: 0x800007e0 (0x000008ba) c.slli  a7, 14
core   0: 3 0x800007e0 (0x08ba) x17 0x00000000
core   0: 0x800007e2 (0x00008ca5) c.xor   s1, s1
core   0: 3 0x800007e2 (0x8ca5) x 9 0x00000000
core   0: 0x800007e4 (0x0000f2ed) c.bnez  a3, pc - 30
core   0: 3 0x800007e4 (0xf2ed)
core   0: 0x800007e6 (0x007124b3) slt     s1, sp, t2
core   0: 3 0x800007e6 (0x007124b3) x 9 0x00000000
core   0: 0x800007ea (0x00600d93) li      s11, 6
core   0: 3 0x800007ea (0x00600d93) x27 0x00000006
core   0: 0x800007ee (0x4441a613) slti    a2, gp, 1092
core   0: 3 0x800007ee (0x4441a613) x12 0x00000000
core   0: 0x800007f2 (0x03aff0b3) remu    ra, t6, s10
core   0: 3 0x800007f2 (0x03aff0b3) x 1 0x7ffda316
core   0: 0x800007f6 (0x00008f45) c.or    a4, s1
core   0: 3 0x800007f6 (0x8f45) x14 0x00000078
core   0: 0x800007f8 (0x00300693) li      a3, 3
core   0: 3 0x800007f8 (0x00300693) x13 0x00000003
core   0: 0x800007fc (0x00008859) c.andi  s0, 22
core   0: 3 0x800007fc (0x8859) x 8 0x00000002
core   0: 0x800007fe (0x414dd5b3) sra     a1, s11, s4
core   0: 3 0x800007fe (0x414dd5b3) x11 0x00000000
core   0: 0x80000802 (0x02ed0fb3) mul     t6, s10, a4
core   0: 3 0x80000802 (0x02ed0fb3) x31 0x00000000
core   0: 0x80000806 (0x0264c033) div     zero, s1, t1
core   0: 3 0x80000806 (0x0264c033)
core   0: 0x8000080a (0x00001df9) c.addi  s11, -2
core   0: 3 0x8000080a (0x1df9) x27 0x00000004
core   0: 0x8000080c (0x00008e1d) c.sub   a2, a5
core   0: 3 0x8000080c (0x8e1d) x12 0x7ffde19c
core   0: 0x8000080e (0xff600e93) li      t4, -10
core   0: 3 0x8000080e (0xff600e93) x29 0xfffffff6
core   0: 0x80000812 (0xff900a93) li      s5, -7
core   0: 3 0x80000812 (0xff900a93) x21 0xfffffff9
core   0: 0x80000816 (0x00008c99) c.sub   s1, a4
core   0: 3 0x80000816 (0x8c99) x 9 0xffffff88
core   0: 0x80000818 (0x03a3a033) mulhsu  zero, t2, s10
core   0: 3 0x80000818 (0x03a3a033)
core   0: 0x8000081c (0x40f3db93) srai    s7, t2, 15
core   0: 3 0x8000081c (0x40f3db93) x23 0xffffffff
core   0: 0x80000820 (0xbd9864b7) lui     s1, 0xbd986
core   0: 3 0x80000820 (0xbd9864b7) x 9 0xbd986000
core   0: 0x80000824 (0x01739b33) sll     s6, t2, s7
core   0: 3 0x80000824 (0x01739b33) x22 0x00000000
core   0: 0x80000828 (0x00008e15) c.sub   a2, a3
core   0: 3 0x80000828 (0x8e15) x12 0x7ffde199
core   0: 0x8000082a (0x01592fb3) slt     t6, s2, s5
core   0: 3 0x8000082a (0x01592fb3) x31 0x00000000
core   0: 0x8000082e (0x00000e85) c.addi  t4, 1
core   0: 3 0x8000082e (0x0e85) x29 0xfffffff7
core   0: 0x80000830 (0x00ba6fb3) or      t6, s4, a1
core   0: 3 0x80000830 (0x00ba6fb3) x31 0x80025ce4
core   0: 0x80000834 (0xff5e9ae3) bne     t4, s5, pc - 12
core   0: 3 0x80000834 (0xff5e9ae3)
core   0: 0x80000828 (0x00008e15) c.sub   a2, a3
core   0: 3 0x80000828 (0x8e15) x12 0x7ffde196
core   0: 0x8000082a (0x01592fb3) slt     t6, s2, s5
core   0: 3 0x8000082a (0x01592fb3) x31 0x00000000
core   0: 0x8000082e (0x00000e85) c.addi  t4, 1
core   0: 3 0x8000082e (0x0e85) x29 0xfffffff8
core   0: 0x80000830 (0x00ba6fb3) or      t6, s4, a1
core   0: 3 0x80000830 (0x00ba6fb3) x31 0x80025ce4
core   0: 0x80000834 (0xff5e9ae3) bne     t4, s5, pc - 12
core   0: 3 0x80000834 (0xff5e9ae3)
core   0: 0x80000828 (0x00008e15) c.sub   a2, a3
core   0: 3 0x80000828 (0x8e15) x12 0x7ffde193
core   0: 0x8000082a (0x01592fb3) slt     t6, s2, s5
core   0: 3 0x8000082a (0x01592fb3) x31 0x00000000
core   0: 0x8000082e (0x00000e85) c.addi  t4, 1
core   0: 3 0x8000082e (0x0e85) x29 0xfffffff9
core   0: 0x80000830 (0x00ba6fb3) or      t6, s4, a1
core   0: 3 0x80000830 (0x00ba6fb3) x31 0x80025ce4
core   0: 0x80000834 (0xff5e9ae3) bne     t4, s5, pc - 12
core   0: 3 0x80000834 (0xff5e9ae3)
core   0: 0x80000838 (0x00000001) c.nop
core   0: 3 0x80000838 (0x0001)
core   0: 0x8000083a (0x41750033) sub     zero, a0, s7
core   0: 3 0x8000083a (0x41750033)
core   0: 0x8000083e (0x000019fd) c.addi  s3, -1
core   0: 3 0x8000083e (0x19fd) x19 0x00000000
core   0: 0x80000840 (0xfcddf1e3) bgeu    s11, a3, pc - 62
core   0: 3 0x80000840 (0xfcddf1e3)
core   0: 0x80000802 (0x02ed0fb3) mul     t6, s10, a4
core   0: 3 0x80000802 (0x02ed0fb3) x31 0x00000000
core   0: 0x80000806 (0x0264c033) div     zero, s1, t1
core   0: 3 0x80000806 (0x0264c033)
core   0: 0x8000080a (0x00001df9) c.addi  s11, -2
core   0: 3 0x8000080a (0x1df9) x27 0x00000002
core   0: 0x8000080c (0x00008e1d) c.sub   a2, a5
core   0: 3 0x8000080c (0x8e1d) x12 0xfffbc32f
core   0: 0x8000080e (0xff600e93) li      t4, -10
core   0: 3 0x8000080e (0xff600e93) x29 0xfffffff6
core   0: 0x80000812 (0xff900a93) li      s5, -7
core   0: 3 0x80000812 (0xff900a93) x21 0xfffffff9
core   0: 0x80000816 (0x00008c99) c.sub   s1, a4
core   0: 3 0x80000816 (0x8c99) x 9 0xbd985f88
core   0: 0x80000818 (0x03a3a033) mulhsu  zero, t2, s10
core   0: 3 0x80000818 (0x03a3a033)
core   0: 0x8000081c (0x40f3db93) srai    s7, t2, 15
core   0: 3 0x8000081c (0x40f3db93) x23 0xffffffff
core   0: 0x80000820 (0xbd9864b7) lui     s1, 0xbd986
core   0: 3 0x80000820 (0xbd9864b7) x 9 0xbd986000
core   0: 0x80000824 (0x01739b33) sll     s6, t2, s7
core   0: 3 0x80000824 (0x01739b33) x22 0x00000000
core   0: 0x80000828 (0x00008e15) c.sub   a2, a3
core   0: 3 0x80000828 (0x8e15) x12 0xfffbc32c
core   0: 0x8000082a (0x01592fb3) slt     t6, s2, s5
core   0: 3 0x8000082a (0x01592fb3) x31 0x00000000
core   0: 0x8000082e (0x00000e85) c.addi  t4, 1
core   0: 3 0x8000082e (0x0e85) x29 0xfffffff7
core   0: 0x80000830 (0x00ba6fb3) or      t6, s4, a1
core   0: 3 0x80000830 (0x00ba6fb3) x31 0x80025ce4
core   0: 0x80000834 (0xff5e9ae3) bne     t4, s5, pc - 12
core   0: 3 0x80000834 (0xff5e9ae3)
core   0: 0x80000828 (0x00008e15) c.sub   a2, a3
core   0: 3 0x80000828 (0x8e15) x12 0xfffbc329
core   0: 0x8000082a (0x01592fb3) slt     t6, s2, s5
core   0: 3 0x8000082a (0x01592fb3) x31 0x00000000
core   0: 0x8000082e (0x00000e85) c.addi  t4, 1
core   0: 3 0x8000082e (0x0e85) x29 0xfffffff8
core   0: 0x80000830 (0x00ba6fb3) or      t6, s4, a1
core   0: 3 0x80000830 (0x00ba6fb3) x31 0x80025ce4
core   0: 0x80000834 (0xff5e9ae3) bne     t4, s5, pc - 12
core   0: 3 0x80000834 (0xff5e9ae3)
core   0: 0x80000828 (0x00008e15) c.sub   a2, a3
core   0: 3 0x80000828 (0x8e15) x12 0xfffbc326
core   0: 0x8000082a (0x01592fb3) slt     t6, s2, s5
core   0: 3 0x8000082a (0x01592fb3) x31 0x00000000
core   0: 0x8000082e (0x00000e85) c.addi  t4, 1
core   0: 3 0x8000082e (0x0e85) x29 0xfffffff9
core   0: 0x80000830 (0x00ba6fb3) or      t6, s4, a1
core   0: 3 0x80000830 (0x00ba6fb3) x31 0x80025ce4
core   0: 0x80000834 (0xff5e9ae3) bne     t4, s5, pc - 12
core   0: 3 0x80000834 (0xff5e9ae3)
core   0: 0x80000838 (0x00000001) c.nop
core   0: 3 0x80000838 (0x0001)
core   0: 0x8000083a (0x41750033) sub     zero, a0, s7
core   0: 3 0x8000083a (0x41750033)
core   0: 0x8000083e (0x000019fd) c.addi  s3, -1
core   0: 3 0x8000083e (0x19fd) x19 0xffffffff
core   0: 0x80000840 (0xfcddf1e3) bgeu    s11, a3, pc - 62
core   0: 3 0x80000840 (0xfcddf1e3)
core   0: 0x80000844 (0x00000001) c.nop
core   0: 3 0x80000844 (0x0001)
core   0: 0x80000846 (0xffa00493) li      s1, -6
core   0: 3 0x80000846 (0xffa00493) x 9 0xfffffffa
core   0: 0x8000084a (0x00008a8d) c.andi  a3, 3
core   0: 3 0x8000084a (0x8a8d) x13 0x00000003
core   0: 0x8000084c (0x00000001) c.nop
core   0: 3 0x8000084c (0x0001)
core   0: 0x8000084e (0x00f50cb3) add     s9, a0, a5
core   0: 3 0x8000084e (0x00f50cb3) x25 0x8001a2e1
core   0: 0x80000852 (0x016dadb3) slt     s11, s11, s6
core   0: 3 0x80000852 (0x016dadb3) x27 0x00000000
core   0: 0x80000856 (0x00008e29) c.xor   a2, a0
core   0: 3 0x80000856 (0x8e29) x12 0x0004475b
core   0: 0x80000858 (0x0000048d) c.addi  s1, 3
core   0: 3 0x80000858 (0x048d) x 9 0xfffffffd
core   0: 0x8000085a (0x0c49ed13) ori     s10, s3, 196
core   0: 3 0x8000085a (0x0c49ed13) x26 0xffffffff
core   0: 0x8000085e (0x017fb733) sltu    a4, t6, s7
core   0: 3 0x8000085e (0x017fb733) x14 0x00000001
core   0: 0x80000862 (0x00500513) li      a0, 5
core   0: 3 0x80000862 (0x00500513) x10 0x00000005
core   0: 0x80000866 (0x01100b13) li      s6, 17
core   0: 3 0x80000866 (0x01100b13) x22 0x00000011
core   0: 0x8000086a (0x8b796c97) auipc   s9, 0x8b796
core   0: 3 0x8000086a (0x8b796c97) x25 0x0b79686a
core   0: 0x8000086e (0x000086ad) c.srai  a3, 11
core   0: 3 0x8000086e (0x86ad) x13 0x00000000
core   0: 0x80000870 (0x0000100f) fence.i
core   0: 3 0x80000870 (0x0000100f)
core   0: 0x80000874 (0x00009a7d) c.andi  a2, -1
core   0: 3 0x80000874 (0x9a7d) x12 0x0004475b
core   0: 0x80000876 (0x00008cb6) c.mv    s9, a3
core   0: 3 0x80000876 (0x8cb6) x25 0x00000000
core   0: 0x80000878 (0x0000050d) c.addi  a0, 3
core   0: 3 0x80000878 (0x050d) x10 0x00000008
core   0: 0x8000087a (0x025f0833) mul     a6, t5, t0
core   0: 3 0x8000087a (0x025f0833) x16 0x00000002
core   0: 0x8000087e (0xff650ce3) beq     a0, s6, pc - 8
core   0: 3 0x8000087e (0xff650ce3)
core   0: 0x80000882 (0x6f4fbe93) sltiu   t4, t6, 1780
core   0: 3 0x80000882 (0x6f4fbe93) x29 0x00000000
core   0: 0x80000886 (0x000000a1) c.addi  ra, 8
core   0: 3 0x80000886 (0x00a1) x 1 0x7ffda31e
core   0: 0x80000888 (0x0000f0f9) c.bnez  s1, pc - 58
core   0: 3 0x80000888 (0xf0f9)
core   0: 0x8000084e (0x00f50cb3) add     s9, a0, a5
core   0: 3 0x8000084e (0x00f50cb3) x25 0x80021e6c
core   0: 0x80000852 (0x016dadb3) slt     s11, s11, s6
core   0: 3 0x80000852 (0x016dadb3) x27 0x00000001
core   0: 0x80000856 (0x00008e29) c.xor   a2, a0
core   0: 3 0x80000856 (0x8e29) x12 0x00044753
core   0: 0x80000858 (0x0000048d) c.addi  s1, 3
core   0: 3 0x80000858 (0x048d) x 9 0x00000000
core   0: 0x8000085a (0x0c49ed13) ori     s10, s3, 196
core   0: 3 0x8000085a (0x0c49ed13) x26 0xffffffff
core   0: 0x8000085e (0x017fb733) sltu    a4, t6, s7
core   0: 3 0x8000085e (0x017fb733) x14 0x00000001
core   0: 0x80000862 (0x00500513) li      a0, 5
core   0: 3 0x80000862 (0x00500513) x10 0x00000005
core   0: 0x80000866 (0x01100b13) li      s6, 17
core   0: 3 0x80000866 (0x01100b13) x22 0x00000011
core   0: 0x8000086a (0x8b796c97) auipc   s9, 0x8b796
core   0: 3 0x8000086a (0x8b796c97) x25 0x0b79686a
core   0: 0x8000086e (0x000086ad) c.srai  a3, 11
core   0: 3 0x8000086e (0x86ad) x13 0x00000000
core   0: 0x80000870 (0x0000100f) fence.i
core   0: 3 0x80000870 (0x0000100f)
core   0: 0x80000874 (0x00009a7d) c.andi  a2, -1
core   0: 3 0x80000874 (0x9a7d) x12 0x00044753
core   0: 0x80000876 (0x00008cb6) c.mv    s9, a3
core   0: 3 0x80000876 (0x8cb6) x25 0x00000000
core   0: 0x80000878 (0x0000050d) c.addi  a0, 3
core   0: 3 0x80000878 (0x050d) x10 0x00000008
core   0: 0x8000087a (0x025f0833) mul     a6, t5, t0
core   0: 3 0x8000087a (0x025f0833) x16 0x00000002
core   0: 0x8000087e (0xff650ce3) beq     a0, s6, pc - 8
core   0: 3 0x8000087e (0xff650ce3)
core   0: 0x80000882 (0x6f4fbe93) sltiu   t4, t6, 1780
core   0: 3 0x80000882 (0x6f4fbe93) x29 0x00000000
core   0: 0x80000886 (0x000000a1) c.addi  ra, 8
core   0: 3 0x80000886 (0x00a1) x 1 0x7ffda326
core   0: 0x80000888 (0x0000f0f9) c.bnez  s1, pc - 58
core   0: 3 0x80000888 (0xf0f9)
core   0: 0x8000088a (0x7ef17693) andi    a3, sp, 2031
core   0: 3 0x8000088a (0x7ef17693) x13 0x000007e8
core   0: 0x8000088e (0xffc00413) li      s0, -4
core   0: 3 0x8000088e (0xffc00413) x 8 0xfffffffc
core   0: 0x80000892 (0x02db7733) remu    a4, s6, a3
core   0: 3 0x80000892 (0x02db7733) x14 0x00000011
core   0: 0x80000896 (0x0001aab3) slt     s5, gp, zero
core   0: 3 0x80000896 (0x0001aab3) x21 0x00000000
core   0: 0x8000089a (0x00008f45) c.or    a4, s1
core   0: 3 0x8000089a (0x8f45) x14 0x00000011
core   0: 0x8000089c (0x00006169) c.addi16sp sp, 208
core   0: 3 0x8000089c (0x6169) x 2 0x000000c8
core   0: 0x8000089e (0x00000001) c.nop
core   0: 3 0x8000089e (0x0001)
core   0: 0x800008a0 (0x000b06b3) add     a3, s6, zero
core   0: 3 0x800008a0 (0x000b06b3) x13 0x00000011
core   0: 0x800008a4 (0x01524733) xor     a4, tp, s5
core   0: 3 0x800008a4 (0x01524733) x14 0x0ae03000
core   0: 0x800008a8 (0x02aa2133) mulhsu  sp, s4, a0
core   0: 3 0x800008a8 (0x02aa2133) x 2 0xfffffffc
core   0: 0x800008ac (0x31c6d837) lui     a6, 0x31c6d
core   0: 3 0x800008ac (0x31c6d837) x16 0x31c6d000
core   0: 0x800008b0 (0x00000405) c.addi  s0, 1
core   0: 3 0x800008b0 (0x0405) x 8 0xfffffffd
core   0: 0x800008b2 (0x75a72837) lui     a6, 0x75a72
core   0: 3 0x800008b2 (0x75a72837) x16 0x75a72000
core   0: 0x800008b6 (0x7ba1c693) xori    a3, gp, 1978
core   0: 3 0x800008b6 (0x7ba1c693) x13 0x707b07ba
core   0: 0x800008ba (0x00008c99) c.sub   s1, a4
core   0: 3 0x800008ba (0x8c99) x 9 0xf51fd000
core   0: 0x800008bc (0x02da39b3) mulhu   s3, s4, a3
core   0: 3 0x800008bc (0x02da39b3) x19 0x383e8da3
core   0: 0x800008c0 (0x404b5813) srai    a6, s6, 4
core   0: 3 0x800008c0 (0x404b5813) x16 0x00000001
core   0: 0x800008c4 (0xacac4d13) xori    s10, s8, -1334
core   0: 3 0x800008c4 (0xacac4d13) x26 0x020c3e91
core   0: 0x800008c8 (0x00000001) c.nop
core   0: 3 0x800008c8 (0x0001)
core   0: 0x800008ca (0x0000d06d) c.beqz  s0, pc - 30
core   0: 3 0x800008ca (0xd06d)
core   0: 0x800008cc (0x0000816d) c.srli  a0, 27
core   0: 3 0x800008cc (0x816d) x10 0x00000000
core   0: 0x800008ce (0x00800e93) li      t4, 8
core   0: 3 0x800008ce (0x00800e93) x29 0x00000008
core   0: 0x800008d2 (0x00100513) li      a0, 1
core   0: 3 0x800008d2 (0x00100513) x10 0x00000001
core   0: 0x800008d6 (0x00e350b3) srl     ra, t1, a4
core   0: 3 0x800008d6 (0x00e350b3) x 1 0x00000000
core   0: 0x800008da (0x012d4833) xor     a6, s10, s2
core   0: 3 0x800008da (0x012d4833) x16 0x7df19d85
core   0: 0x800008de (0x00001ee5) c.addi  t4, -7
core   0: 3 0x800008de (0x1ee5) x29 0x00000001
core   0: 0x800008e0 (0xff600113) li      sp, -10
core   0: 3 0x800008e0 (0xff600113) x 2 0xfffffff6
core   0: 0x800008e4 (0x00600913) li      s2, 6
core   0: 3 0x800008e4 (0x00600913) x18 0x00000006
core   0: 0x800008e8 (0x9ca5ff13) andi    t5, a1, -1590
core   0: 3 0x800008e8 (0x9ca5ff13) x30 0x00000000
core   0: 0x800008ec (0x03abf9b3) remu    s3, s7, s10
core   0: 3 0x800008ec (0x03abf9b3) x19 0x00057332
core   0: 0x800008f0 (0x00008e25) c.xor   a2, s1
core   0: 3 0x800008f0 (0x8e25) x12 0xf51b9753
core   0: 0x800008f2 (0x00000105) c.addi  sp, 1
core   0: 3 0x800008f2 (0x0105) x 2 0xfffffff7
core   0: 0x800008f4 (0xff211ce3) bne     sp, s2, pc - 8
core   0: 3 0x800008f4 (0xff211ce3)
core   0: 0x800008ec (0x03abf9b3) remu    s3, s7, s10
core   0: 3 0x800008ec (0x03abf9b3) x19 0x00057332
core   0: 0x800008f0 (0x00008e25) c.xor   a2, s1
core   0: 3 0x800008f0 (0x8e25) x12 0x00044753
core   0: 0x800008f2 (0x00000105) c.addi  sp, 1
core   0: 3 0x800008f2 (0x0105) x 2 0xfffffff8
core   0: 0x800008f4 (0xff211ce3) bne     sp, s2, pc - 8
core   0: 3 0x800008f4 (0xff211ce3)
core   0: 0x800008ec (0x03abf9b3) remu    s3, s7, s10
core   0: 3 0x800008ec (0x03abf9b3) x19 0x00057332
core   0: 0x800008f0 (0x00008e25) c.xor   a2, s1
core   0: 3 0x800008f0 (0x8e25) x12 0xf51b9753
core   0: 0x800008f2 (0x00000105) c.addi  sp, 1
core   0: 3 0x800008f2 (0x0105) x 2 0xfffffff9
core   0: 0x800008f4 (0xff211ce3) bne     sp, s2, pc - 8
core   0: 3 0x800008f4 (0xff211ce3)
core   0: 0x800008ec (0x03abf9b3) remu    s3, s7, s10
core   0: 3 0x800008ec (0x03abf9b3) x19 0x00057332
core   0: 0x800008f0 (0x00008e25) c.xor   a2, s1
core   0: 3 0x800008f0 (0x8e25) x12 0x00044753
core   0: 0x800008f2 (0x00000105) c.addi  sp, 1
core   0: 3 0x800008f2 (0x0105) x 2 0xfffffffa
core   0: 0x800008f4 (0xff211ce3) bne     sp, s2, pc - 8
core   0: 3 0x800008f4 (0xff211ce3)
core   0: 0x800008ec (0x03abf9b3) remu    s3, s7, s10
core   0: 3 0x800008ec (0x03abf9b3) x19 0x00057332
core   0: 0x800008f0 (0x00008e25) c.xor   a2, s1
core   0: 3 0x800008f0 (0x8e25) x12 0xf51b9753
core   0: 0x800008f2 (0x00000105) c.addi  sp, 1
core   0: 3 0x800008f2 (0x0105) x 2 0xfffffffb
core   0: 0x800008f4 (0xff211ce3) bne     sp, s2, pc - 8
core   0: 3 0x800008f4 (0xff211ce3)
core   0: 0x800008ec (0x03abf9b3) remu    s3, s7, s10
core   0: 3 0x800008ec (0x03abf9b3) x19 0x00057332
core   0: 0x800008f0 (0x00008e25) c.xor   a2, s1
core   0: 3 0x800008f0 (0x8e25) x12 0x00044753
core   0: 0x800008f2 (0x00000105) c.addi  sp, 1
core   0: 3 0x800008f2 (0x0105) x 2 0xfffffffc
core   0: 0x800008f4 (0xff211ce3) bne     sp, s2, pc - 8
core   0: 3 0x800008f4 (0xff211ce3)
core   0: 0x800008ec (0x03abf9b3) remu    s3, s7, s10
core   0: 3 0x800008ec (0x03abf9b3) x19 0x00057332
core   0: 0x800008f0 (0x00008e25) c.xor   a2, s1
core   0: 3 0x800008f0 (0x8e25) x12 0xf51b9753
core   0: 0x800008f2 (0x00000105) c.addi  sp, 1
core   0: 3 0x800008f2 (0x0105) x 2 0xfffffffd
core   0: 0x800008f4 (0xff211ce3) bne     sp, s2, pc - 8
core   0: 3 0x800008f4 (0xff211ce3)
core   0: 0x800008ec (0x03abf9b3) remu    s3, s7, s10
core   0: 3 0x800008ec (0x03abf9b3) x19 0x00057332
core   0: 0x800008f0 (0x00008e25) c.xor   a2, s1
core   0: 3 0x800008f0 (0x8e25) x12 0x00044753
core   0: 0x800008f2 (0x00000105) c.addi  sp, 1
core   0: 3 0x800008f2 (0x0105) x 2 0xfffffffe
core   0: 0x800008f4 (0xff211ce3) bne     sp, s2, pc - 8
core   0: 3 0x800008f4 (0xff211ce3)
core   0: 0x800008ec (0x03abf9b3) remu    s3, s7, s10
core   0: 3 0x800008ec (0x03abf9b3) x19 0x00057332
core   0: 0x800008f0 (0x00008e25) c.xor   a2, s1
core   0: 3 0x800008f0 (0x8e25) x12 0xf51b9753
core   0: 0x800008f2 (0x00000105) c.addi  sp, 1
core   0: 3 0x800008f2 (0x0105) x 2 0xffffffff
core   0: 0x800008f4 (0xff211ce3) bne     sp, s2, pc - 8
core   0: 3 0x800008f4 (0xff211ce3)
core   0: 0x800008ec (0x03abf9b3) remu    s3, s7, s10
core   0: 3 0x800008ec (0x03abf9b3) x19 0x00057332
core   0: 0x800008f0 (0x00008e25) c.xor   a2, s1
core   0: 3 0x800008f0 (0x8e25) x12 0x00044753
core   0: 0x800008f2 (0x00000105) c.addi  sp, 1
core   0: 3 0x800008f2 (0x0105) x 2 0x00000000
core   0: 0x800008f4 (0xff211ce3) bne     sp, s2, pc - 8
core   0: 3 0x800008f4 (0xff211ce3)
core   0: 0x800008ec (0x03abf9b3) remu    s3, s7, s10
core   0: 3 0x800008ec (0x03abf9b3) x19 0x00057332
core   0: 0x800008f0 (0x00008e25) c.xor   a2, s1
core   0: 3 0x800008f0 (0x8e25) x12 0xf51b9753
core   0: 0x800008f2 (0x00000105) c.addi  sp, 1
core   0: 3 0x800008f2 (0x0105) x 2 0x00000001
core   0: 0x800008f4 (0xff211ce3) bne     sp, s2, pc - 8
core   0: 3 0x800008f4 (0xff211ce3)
core   0: 0x800008ec (0x03abf9b3) remu    s3, s7, s10
core   0: 3 0x800008ec (0x03abf9b3) x19 0x00057332
core   0: 0x800008f0 (0x00008e25) c.xor   a2, s1
core   0: 3 0x800008f0 (0x8e25) x12 0x00044753
core   0: 0x800008f2 (0x00000105) c.addi  sp, 1
core   0: 3 0x800008f2 (0x0105) x 2 0x00000002
core   0: 0x800008f4 (0xff211ce3) bne     sp, s2, pc - 8
core   0: 3 0x800008f4 (0xff211ce3)
core   0: 0x800008ec (0x03abf9b3) remu    s3, s7, s10
core   0: 3 0x800008ec (0x03abf9b3) x19 0x00057332
core   0: 0x800008f0 (0x00008e25) c.xor   a2, s1
core   0: 3 0x800008f0 (0x8e25) x12 0xf51b9753
core   0: 0x800008f2 (0x00000105) c.addi  sp, 1
core   0: 3 0x800008f2 (0x0105) x 2 0x00000003
core   0: 0x800008f4 (0xff211ce3) bne     sp, s2, pc - 8
core   0: 3 0x800008f4 (0xff211ce3)
core   0: 0x800008ec (0x03abf9b3) remu    s3, s7, s10
core   0: 3 0x800008ec (0x03abf9b3) x19 0x00057332
core   0: 0x800008f0 (0x00008e25) c.xor   a2, s1
core   0: 3 0x800008f0 (0x8e25) x12 0x00044753
core   0: 0x800008f2 (0x00000105) c.addi  sp, 1
core   0: 3 0x800008f2 (0x0105) x 2 0x00000004
core   0: 0x800008f4 (0xff211ce3) bne     sp, s2, pc - 8
core   0: 3 0x800008f4 (0xff211ce3)
core   0: 0x800008ec (0x03abf9b3) remu    s3, s7, s10
core   0: 3 0x800008ec (0x03abf9b3) x19 0x00057332
core   0: 0x800008f0 (0x00008e25) c.xor   a2, s1
core   0: 3 0x800008f0 (0x8e25) x12 0xf51b9753
core   0: 0x800008f2 (0x00000105) c.addi  sp, 1
core   0: 3 0x800008f2 (0x0105) x 2 0x00000005
core   0: 0x800008f4 (0xff211ce3) bne     sp, s2, pc - 8
core   0: 3 0x800008f4 (0xff211ce3)
core   0: 0x800008ec (0x03abf9b3) remu    s3, s7, s10
core   0: 3 0x800008ec (0x03abf9b3) x19 0x00057332
core   0: 0x800008f0 (0x00008e25) c.xor   a2, s1
core   0: 3 0x800008f0 (0x8e25) x12 0x00044753
core   0: 0x800008f2 (0x00000105) c.addi  sp, 1
core   0: 3 0x800008f2 (0x0105) x 2 0x00000006
core   0: 0x800008f4 (0xff211ce3) bne     sp, s2, pc - 8
core   0: 3 0x800008f4 (0xff211ce3)
core   0: 0x800008f8 (0xfeae81e3) beq     t4, a0, pc - 30
core   0: 3 0x800008f8 (0xfeae81e3)
core   0: 0x800008da (0x012d4833) xor     a6, s10, s2
core   0: 3 0x800008da (0x012d4833) x16 0x020c3e97
core   0: 0x800008de (0x00001ee5) c.addi  t4, -7
core   0: 3 0x800008de (0x1ee5) x29 0xfffffffa
core   0: 0x800008e0 (0xff600113) li      sp, -10
core   0: 3 0x800008e0 (0xff600113) x 2 0xfffffff6
core   0: 0x800008e4 (0x00600913) li      s2, 6
core   0: 3 0x800008e4 (0x00600913) x18 0x00000006
core   0: 0x800008e8 (0x9ca5ff13) andi    t5, a1, -1590
core   0: 3 0x800008e8 (0x9ca5ff13) x30 0x00000000
core   0: 0x800008ec (0x03abf9b3) remu    s3, s7, s10
core   0: 3 0x800008ec (0x03abf9b3) x19 0x00057332
core   0: 0x800008f0 (0x00008e25) c.xor   a2, s1
core   0: 3 0x800008f0 (0x8e25) x12 0xf51b9753
core   0: 0x800008f2 (0x00000105) c.addi  sp, 1
core   0: 3 0x800008f2 (0x0105) x 2 0xfffffff7
core   0: 0x800008f4 (0xff211ce3) bne     sp, s2, pc - 8
core   0: 3 0x800008f4 (0xff211ce3)
core   0: 0x800008ec (0x03abf9b3) remu    s3, s7, s10
core   0: 3 0x800008ec (0x03abf9b3) x19 0x00057332
core   0: 0x800008f0 (0x00008e25) c.xor   a2, s1
core   0: 3 0x800008f0 (0x8e25) x12 0x00044753
core   0: 0x800008f2 (0x00000105) c.addi  sp, 1
core   0: 3 0x800008f2 (0x0105) x 2 0xfffffff8
core   0: 0x800008f4 (0xff211ce3) bne     sp, s2, pc - 8
core   0: 3 0x800008f4 (0xff211ce3)
core   0: 0x800008ec (0x03abf9b3) remu    s3, s7, s10
core   0: 3 0x800008ec (0x03abf9b3) x19 0x00057332
core   0: 0x800008f0 (0x00008e25) c.xor   a2, s1
core   0: 3 0x800008f0 (0x8e25) x12 0xf51b9753
core   0: 0x800008f2 (0x00000105) c.addi  sp, 1
core   0: 3 0x800008f2 (0x0105) x 2 0xfffffff9
core   0: 0x800008f4 (0xff211ce3) bne     sp, s2, pc - 8
core   0: 3 0x800008f4 (0xff211ce3)
core   0: 0x800008ec (0x03abf9b3) remu    s3, s7, s10
core   0: 3 0x800008ec (0x03abf9b3) x19 0x00057332
core   0: 0x800008f0 (0x00008e25) c.xor   a2, s1
core   0: 3 0x800008f0 (0x8e25) x12 0x00044753
core   0: 0x800008f2 (0x00000105) c.addi  sp, 1
core   0: 3 0x800008f2 (0x0105) x 2 0xfffffffa
core   0: 0x800008f4 (0xff211ce3) bne     sp, s2, pc - 8
core   0: 3 0x800008f4 (0xff211ce3)
core   0: 0x800008ec (0x03abf9b3) remu    s3, s7, s10
core   0: 3 0x800008ec (0x03abf9b3) x19 0x00057332
core   0: 0x800008f0 (0x00008e25) c.xor   a2, s1
core   0: 3 0x800008f0 (0x8e25) x12 0xf51b9753
core   0: 0x800008f2 (0x00000105) c.addi  sp, 1
core   0: 3 0x800008f2 (0x0105) x 2 0xfffffffb
core   0: 0x800008f4 (0xff211ce3) bne     sp, s2, pc - 8
core   0: 3 0x800008f4 (0xff211ce3)
core   0: 0x800008ec (0x03abf9b3) remu    s3, s7, s10
core   0: 3 0x800008ec (0x03abf9b3) x19 0x00057332
core   0: 0x800008f0 (0x00008e25) c.xor   a2, s1
core   0: 3 0x800008f0 (0x8e25) x12 0x00044753
core   0: 0x800008f2 (0x00000105) c.addi  sp, 1
core   0: 3 0x800008f2 (0x0105) x 2 0xfffffffc
core   0: 0x800008f4 (0xff211ce3) bne     sp, s2, pc - 8
core   0: 3 0x800008f4 (0xff211ce3)
core   0: 0x800008ec (0x03abf9b3) remu    s3, s7, s10
core   0: 3 0x800008ec (0x03abf9b3) x19 0x00057332
core   0: 0x800008f0 (0x00008e25) c.xor   a2, s1
core   0: 3 0x800008f0 (0x8e25) x12 0xf51b9753
core   0: 0x800008f2 (0x00000105) c.addi  sp, 1
core   0: 3 0x800008f2 (0x0105) x 2 0xfffffffd
core   0: 0x800008f4 (0xff211ce3) bne     sp, s2, pc - 8
core   0: 3 0x800008f4 (0xff211ce3)
core   0: 0x800008ec (0x03abf9b3) remu    s3, s7, s10
core   0: 3 0x800008ec (0x03abf9b3) x19 0x00057332
core   0: 0x800008f0 (0x00008e25) c.xor   a2, s1
core   0: 3 0x800008f0 (0x8e25) x12 0x00044753
core   0: 0x800008f2 (0x00000105) c.addi  sp, 1
core   0: 3 0x800008f2 (0x0105) x 2 0xfffffffe
core   0: 0x800008f4 (0xff211ce3) bne     sp, s2, pc - 8
core   0: 3 0x800008f4 (0xff211ce3)
core   0: 0x800008ec (0x03abf9b3) remu    s3, s7, s10
core   0: 3 0x800008ec (0x03abf9b3) x19 0x00057332
core   0: 0x800008f0 (0x00008e25) c.xor   a2, s1
core   0: 3 0x800008f0 (0x8e25) x12 0xf51b9753
core   0: 0x800008f2 (0x00000105) c.addi  sp, 1
core   0: 3 0x800008f2 (0x0105) x 2 0xffffffff
core   0: 0x800008f4 (0xff211ce3) bne     sp, s2, pc - 8
core   0: 3 0x800008f4 (0xff211ce3)
core   0: 0x800008ec (0x03abf9b3) remu    s3, s7, s10
core   0: 3 0x800008ec (0x03abf9b3) x19 0x00057332
core   0: 0x800008f0 (0x00008e25) c.xor   a2, s1
core   0: 3 0x800008f0 (0x8e25) x12 0x00044753
core   0: 0x800008f2 (0x00000105) c.addi  sp, 1
core   0: 3 0x800008f2 (0x0105) x 2 0x00000000
core   0: 0x800008f4 (0xff211ce3) bne     sp, s2, pc - 8
core   0: 3 0x800008f4 (0xff211ce3)
core   0: 0x800008ec (0x03abf9b3) remu    s3, s7, s10
core   0: 3 0x800008ec (0x03abf9b3) x19 0x00057332
core   0: 0x800008f0 (0x00008e25) c.xor   a2, s1
core   0: 3 0x800008f0 (0x8e25) x12 0xf51b9753
core   0: 0x800008f2 (0x00000105) c.addi  sp, 1
core   0: 3 0x800008f2 (0x0105) x 2 0x00000001
core   0: 0x800008f4 (0xff211ce3) bne     sp, s2, pc - 8
core   0: 3 0x800008f4 (0xff211ce3)
core   0: 0x800008ec (0x03abf9b3) remu    s3, s7, s10
core   0: 3 0x800008ec (0x03abf9b3) x19 0x00057332
core   0: 0x800008f0 (0x00008e25) c.xor   a2, s1
core   0: 3 0x800008f0 (0x8e25) x12 0x00044753
core   0: 0x800008f2 (0x00000105) c.addi  sp, 1
core   0: 3 0x800008f2 (0x0105) x 2 0x00000002
core   0: 0x800008f4 (0xff211ce3) bne     sp, s2, pc - 8
core   0: 3 0x800008f4 (0xff211ce3)
core   0: 0x800008ec (0x03abf9b3) remu    s3, s7, s10
core   0: 3 0x800008ec (0x03abf9b3) x19 0x00057332
core   0: 0x800008f0 (0x00008e25) c.xor   a2, s1
core   0: 3 0x800008f0 (0x8e25) x12 0xf51b9753
core   0: 0x800008f2 (0x00000105) c.addi  sp, 1
core   0: 3 0x800008f2 (0x0105) x 2 0x00000003
core   0: 0x800008f4 (0xff211ce3) bne     sp, s2, pc - 8
core   0: 3 0x800008f4 (0xff211ce3)
core   0: 0x800008ec (0x03abf9b3) remu    s3, s7, s10
core   0: 3 0x800008ec (0x03abf9b3) x19 0x00057332
core   0: 0x800008f0 (0x00008e25) c.xor   a2, s1
core   0: 3 0x800008f0 (0x8e25) x12 0x00044753
core   0: 0x800008f2 (0x00000105) c.addi  sp, 1
core   0: 3 0x800008f2 (0x0105) x 2 0x00000004
core   0: 0x800008f4 (0xff211ce3) bne     sp, s2, pc - 8
core   0: 3 0x800008f4 (0xff211ce3)
core   0: 0x800008ec (0x03abf9b3) remu    s3, s7, s10
core   0: 3 0x800008ec (0x03abf9b3) x19 0x00057332
core   0: 0x800008f0 (0x00008e25) c.xor   a2, s1
core   0: 3 0x800008f0 (0x8e25) x12 0xf51b9753
core   0: 0x800008f2 (0x00000105) c.addi  sp, 1
core   0: 3 0x800008f2 (0x0105) x 2 0x00000005
core   0: 0x800008f4 (0xff211ce3) bne     sp, s2, pc - 8
core   0: 3 0x800008f4 (0xff211ce3)
core   0: 0x800008ec (0x03abf9b3) remu    s3, s7, s10
core   0: 3 0x800008ec (0x03abf9b3) x19 0x00057332
core   0: 0x800008f0 (0x00008e25) c.xor   a2, s1
core   0: 3 0x800008f0 (0x8e25) x12 0x00044753
core   0: 0x800008f2 (0x00000105) c.addi  sp, 1
core   0: 3 0x800008f2 (0x0105) x 2 0x00000006
core   0: 0x800008f4 (0xff211ce3) bne     sp, s2, pc - 8
core   0: 3 0x800008f4 (0xff211ce3)
core   0: 0x800008f8 (0xfeae81e3) beq     t4, a0, pc - 30
core   0: 3 0x800008f8 (0xfeae81e3)
core   0: 0x800008fc (0x0000880e) c.mv    a6, gp
core   0: 3 0x800008fc (0x880e) x16 0x707b0000
core   0: 0x800008fe (0xffb00193) li      gp, -5
core   0: 3 0x800008fe (0xffb00193) x 3 0xfffffffb
core   0: 0x80000902 (0x00000213) li      tp, 0
core   0: 3 0x80000902 (0x00000213) x 4 0x00000000
core   0: 0x80000906 (0x00000001) c.nop
core   0: 3 0x80000906 (0x0001)
core   0: 0x80000908 (0x000001a9) c.addi  gp, 10
core   0: 3 0x80000908 (0x01a9) x 3 0x00000005
core   0: 0x8000090a (0x00900713) li      a4, 9
core   0: 3 0x8000090a (0x00900713) x14 0x00000009
core   0: 0x8000090e (0x00600613) li      a2, 6
core   0: 3 0x8000090e (0x00600613) x12 0x00000006
core   0: 0x80000912 (0x00008d31) c.xor   a0, a2
core   0: 3 0x80000912 (0x8d31) x10 0x00000007
core   0: 0x80000914 (0x00001771) c.addi  a4, -4
core   0: 3 0x80000914 (0x1771) x14 0x00000005
core   0: 0x80000916 (0xfec77ee3) bgeu    a4, a2, pc - 4
core   0: 3 0x80000916 (0xfec77ee3)
core   0: 0x8000091a (0xfe41c6e3) blt     gp, tp, pc - 20
core   0: 3 0x8000091a (0xfe41c6e3)
core   0: 0x8000091e (0x0000100f) fence.i
core   0: 3 0x8000091e (0x0000100f)
core   0: 0x80000922 (0x00800713) li      a4, 8
core   0: 3 0x80000922 (0x00800713) x14 0x00000008
core   0: 0x80000926 (0x006943b3) xor     t2, s2, t1
core   0: 3 0x80000926 (0x006943b3) x 7 0x00000006
core   0: 0x8000092a (0x4c2ff597) auipc   a1, 0x4c2ff
core   0: 3 0x8000092a (0x4c2ff597) x11 0xcc2ff92a
core   0: 0x8000092e (0xe4ad6493) ori     s1, s10, -438
core   0: 3 0x8000092e (0xe4ad6493) x 9 0xfffffedb
core   0: 0x80000932 (0x00656db3) or      s11, a0, t1
core   0: 3 0x80000932 (0x00656db3) x27 0x00000007
core   0: 0x80000936 (0x0143e2b3) or      t0, t2, s4
core   0: 3 0x80000936 (0x0143e2b3) x 5 0x80025ce6
core   0: 0x8000093a (0x9a3dec93) ori     s9, s11, -1629
core   0: 3 0x8000093a (0x9a3dec93) x25 0xfffff9a7
core   0: 0x8000093e (0x00800f93) li      t6, 8
core   0: 3 0x8000093e (0x00800f93) x31 0x00000008
core   0: 0x80000942 (0x00d533b3) sltu    t2, a0, a3
core   0: 3 0x80000942 (0x00d533b3) x 7 0x00000001
core   0: 0x80000946 (0x45a3b417) auipc   s0, 0x45a3b
core   0: 3 0x80000946 (0x45a3b417) x 8 0xc5a3b946
core   0: 0x8000094a (0x032a0e33) mul     t3, s4, s2
core   0: 3 0x8000094a (0x032a0e33) x28 0x000e2d58
core   0: 0x8000094e (0x82078493) addi    s1, a5, -2016
core   0: 3 0x8000094e (0x82078493) x 9 0x80021684
core   0: 0x80000952 (0x03230f33) mul     t5, t1, s2
core   0: 3 0x80000952 (0x03230f33) x30 0x00000000
core   0: 0x80000956 (0x00008e85) c.sub   a3, s1
core   0: 3 0x80000956 (0x8e85) x13 0xf078f136
core   0: 0x80000958 (0x00723d33) sltu    s10, tp, t2
core   0: 3 0x80000958 (0x00723d33) x26 0x00000001
core   0: 0x8000095c (0x0041c233) xor     tp, gp, tp
core   0: 3 0x8000095c (0x0041c233) x 4 0x00000005
core   0: 0x80000960 (0x00001769) c.addi  a4, -6
core   0: 3 0x80000960 (0x1769) x14 0x00000002
core   0: 0x80000962 (0x01edf0b3) and     ra, s11, t5
core   0: 3 0x80000962 (0x01edf0b3) x 1 0x00000000
core   0: 0x80000966 (0x0000100f) fence.i
core   0: 3 0x80000966 (0x0000100f)
core   0: 0x8000096a (0x01255f13) srli    t5, a0, 18
core   0: 3 0x8000096a (0x01255f13) x30 0x00000000
core   0: 0x8000096e (0x03354233) div     tp, a0, s3
core   0: 3 0x8000096e (0x03354233) x 4 0x00000000
core   0: 0x80000972 (0x0270f033) remu    zero, ra, t2
core   0: 3 0x80000972 (0x0270f033)
core   0: 0x80000976 (0x0ff0000f) fence   iorw,iorw
core   0: 3 0x80000976 (0x0ff0000f)
core   0: 0x8000097a (0x0000117d) c.addi  sp, -1
core   0: 3 0x8000097a (0x117d) x 2 0x00000005
core   0: 0x8000097c (0x02c99133) mulh    sp, s3, a2
core   0: 3 0x8000097c (0x02c99133) x 2 0x00000000
core   0: 0x80000980 (0x00008ea9) c.xor   a3, a0
core   0: 3 0x80000980 (0x8ea9) x13 0xf078f131
core   0: 0x80000982 (0x00795633) srl     a2, s2, t2
core   0: 3 0x80000982 (0x00795633) x12 0x00000003
core   0: 0x80000986 (0xfdf778e3) bgeu    a4, t6, pc - 48
core   0: 3 0x80000986 (0xfdf778e3)
core   0: 0x8000098a (0x408e8133) sub     sp, t4, s0
core   0: 3 0x8000098a (0x408e8133) x 2 0x3a5c46b4
core   0: 0x8000098e (0x00a00613) li      a2, 10
core   0: 3 0x8000098e (0x00a00613) x12 0x0000000a
core   0: 0x80000992 (0x00a00993) li      s3, 10
core   0: 3 0x80000992 (0x00a00993) x19 0x0000000a
core   0: 0x80000996 (0x03bdd6b3) divu    a3, s11, s11
core   0: 3 0x80000996 (0x03bdd6b3) x13 0x00000001
core   0: 0x8000099a (0x40fa0bb3) sub     s7, s4, a5
core   0: 3 0x8000099a (0x40fa0bb3) x23 0x00003e80
core   0: 0x8000099e (0x0000165d) c.addi  a2, -9
core   0: 3 0x8000099e (0x165d) x12 0x00000001
core   0: 0x800009a0 (0x00600913) li      s2, 6
core   0: 3 0x800009a0 (0x00600913) x18 0x00000006
core   0: 0x800009a4 (0x0000100f) fence.i
core   0: 3 0x800009a4 (0x0000100f)
core   0: 0x800009a8 (0x01000f93) li      t6, 16
core   0: 3 0x800009a8 (0x01000f93) x31 0x00000010
core   0: 0x800009ac (0x00b44d33) xor     s10, s0, a1
core   0: 3 0x800009ac (0x00b44d33) x26 0x098c406c
core   0: 0x800009b0 (0x02976e33) rem     t3, a4, s1
core   0: 3 0x800009b0 (0x02976e33) x28 0x00000002
core   0: 0x800009b4 (0x00000921) c.addi  s2, 8
core   0: 3 0x800009b4 (0x0921) x18 0x0000000e
core   0: 0x800009b6 (0xfff94de3) blt     s2, t6, pc - 6
core   0: 3 0x800009b6 (0xfff94de3)
core   0: 0x800009b0 (0x02976e33) rem     t3, a4, s1
core   0: 3 0x800009b0 (0x02976e33) x28 0x00000002
core   0: 0x800009b4 (0x00000921) c.addi  s2, 8
core   0: 3 0x800009b4 (0x0921) x18 0x00000016
core   0: 0x800009b6 (0xfff94de3) blt     s2, t6, pc - 6
core   0: 3 0x800009b6 (0xfff94de3)
core   0: 0x800009ba (0x6a3c6693) ori     a3, s8, 1699
core   0: 3 0x800009ba (0x6a3c6693) x13 0xfdf3c6fb
core   0: 0x800009be (0x00562133) slt     sp, a2, t0
core   0: 3 0x800009be (0x00562133) x 2 0x00000000
core   0: 0x800009c2 (0xfd367ce3) bgeu    a2, s3, pc - 40
core   0: 3 0x800009c2 (0xfd367ce3)
core   0: 0x800009c6 (0x00008121) c.srli  a0, 8
core   0: 3 0x800009c6 (0x8121) x10 0x00000000
core   0: 0x800009c8 (0xff600413) li      s0, -10
core   0: 3 0x800009c8 (0xff600413) x 8 0xfffffff6
core   0: 0x800009cc (0x4ff32813) slti    a6, t1, 1279
core   0: 3 0x800009cc (0x4ff32813) x16 0x00000001
core   0: 0x800009d0 (0xffb00913) li      s2, -5
core   0: 3 0x800009d0 (0xffb00913) x18 0xfffffffb
core   0: 0x800009d4 (0x000c8733) add     a4, s9, zero
core   0: 3 0x800009d4 (0x000c8733) x14 0xfffff9a7
core   0: 0x800009d8 (0x00008229) c.srli  a2, 10
core   0: 3 0x800009d8 (0x8229) x12 0x00000000
core   0: 0x800009da (0x00000405) c.addi  s0, 1
core   0: 3 0x800009da (0x0405) x 8 0xfffffff7
core   0: 0x800009dc (0x02abd2b3) divu    t0, s7, a0
core   0: 3 0x800009dc (0x02abd2b3) x 5 0xffffffff
core   0: 0x800009e0 (0x0000717d) c.addi16sp sp, -16
core   0: 3 0x800009e0 (0x717d) x 2 0xfffffff0
core   0: 0x800009e2 (0x026a52b3) divu    t0, s4, t1
core   0: 3 0x800009e2 (0x026a52b3) x 5 0xffffffff
core   0: 0x800009e6 (0xff2417e3) bne     s0, s2, pc - 18
core   0: 3 0x800009e6 (0xff2417e3)
core   0: 0x800009d4 (0x000c8733) add     a4, s9, zero
core   0: 3 0x800009d4 (0x000c8733) x14 0xfffff9a7
core   0: 0x800009d8 (0x00008229) c.srli  a2, 10
core   0: 3 0x800009d8 (0x8229) x12 0x00000000
core   0: 0x800009da (0x00000405) c.addi  s0, 1
core   0: 3 0x800009da (0x0405) x 8 0xfffffff8
core   0: 0x800009dc (0x02abd2b3) divu    t0, s7, a0
core   0: 3 0x800009dc (0x02abd2b3) x 5 0xffffffff
core   0: 0x800009e0 (0x0000717d) c.addi16sp sp, -16
core   0: 3 0x800009e0 (0x717d) x 2 0xffffffe0
core   0: 0x800009e2 (0x026a52b3) divu    t0, s4, t1
core   0: 3 0x800009e2 (0x026a52b3) x 5 0xffffffff
core   0: 0x800009e6 (0xff2417e3) bne     s0, s2, pc - 18
core   0: 3 0x800009e6 (0xff2417e3)
core   0: 0x800009d4 (0x000c8733) add     a4, s9, zero
core   0: 3 0x800009d4 (0x000c8733) x14 0xfffff9a7
core   0: 0x800009d8 (0x00008229) c.srli  a2, 10
core   0: 3 0x800009d8 (0x8229) x12 0x00000000
core   0: 0x800009da (0x00000405) c.addi  s0, 1
core   0: 3 0x800009da (0x0405) x 8 0xfffffff9
core   0: 0x800009dc (0x02abd2b3) divu    t0, s7, a0
core   0: 3 0x800009dc (0x02abd2b3) x 5 0xffffffff
core   0: 0x800009e0 (0x0000717d) c.addi16sp sp, -16
core   0: 3 0x800009e0 (0x717d) x 2 0xffffffd0
core   0: 0x800009e2 (0x026a52b3) divu    t0, s4, t1
core   0: 3 0x800009e2 (0x026a52b3) x 5 0xffffffff
core   0: 0x800009e6 (0xff2417e3) bne     s0, s2, pc - 18
core   0: 3 0x800009e6 (0xff2417e3)
core   0: 0x800009d4 (0x000c8733) add     a4, s9, zero
core   0: 3 0x800009d4 (0x000c8733) x14 0xfffff9a7
core   0: 0x800009d8 (0x00008229) c.srli  a2, 10
core   0: 3 0x800009d8 (0x8229) x12 0x00000000
core   0: 0x800009da (0x00000405) c.addi  s0, 1
core   0: 3 0x800009da (0x0405) x 8 0xfffffffa
core   0: 0x800009dc (0x02abd2b3) divu    t0, s7, a0
core   0: 3 0x800009dc (0x02abd2b3) x 5 0xffffffff
core   0: 0x800009e0 (0x0000717d) c.addi16sp sp, -16
core   0: 3 0x800009e0 (0x717d) x 2 0xffffffc0
core   0: 0x800009e2 (0x026a52b3) divu    t0, s4, t1
core   0: 3 0x800009e2 (0x026a52b3) x 5 0xffffffff
core   0: 0x800009e6 (0xff2417e3) bne     s0, s2, pc - 18
core   0: 3 0x800009e6 (0xff2417e3)
core   0: 0x800009d4 (0x000c8733) add     a4, s9, zero
core   0: 3 0x800009d4 (0x000c8733) x14 0xfffff9a7
core   0: 0x800009d8 (0x00008229) c.srli  a2, 10
core   0: 3 0x800009d8 (0x8229) x12 0x00000000
core   0: 0x800009da (0x00000405) c.addi  s0, 1
core   0: 3 0x800009da (0x0405) x 8 0xfffffffb
core   0: 0x800009dc (0x02abd2b3) divu    t0, s7, a0
core   0: 3 0x800009dc (0x02abd2b3) x 5 0xffffffff
core   0: 0x800009e0 (0x0000717d) c.addi16sp sp, -16
core   0: 3 0x800009e0 (0x717d) x 2 0xffffffb0
core   0: 0x800009e2 (0x026a52b3) divu    t0, s4, t1
core   0: 3 0x800009e2 (0x026a52b3) x 5 0xffffffff
core   0: 0x800009e6 (0xff2417e3) bne     s0, s2, pc - 18
core   0: 3 0x800009e6 (0xff2417e3)
core   0: 0x800009ea (0x019ad893) srli    a7, s5, 25
core   0: 3 0x800009ea (0x019ad893) x17 0x00000000
core   0: 0x800009ee (0x00a00f93) li      t6, 10
core   0: 3 0x800009ee (0x00a00f93) x31 0x0000000a
core   0: 0x800009f2 (0x00000d45) c.addi  s10, 17
core   0: 3 0x800009f2 (0x0d45) x26 0x098c407d
core   0: 0x800009f4 (0x00900893) li      a7, 9
core   0: 3 0x800009f4 (0x00900893) x17 0x00000009
core   0: 0x800009f8 (0x0ff0000f) fence   iorw,iorw
core   0: 3 0x800009f8 (0x0ff0000f)
core   0: 0x800009fc (0x035f8633) mul     a2, t6, s5
core   0: 3 0x800009fc (0x035f8633) x12 0x00000000
core   0: 0x80000a00 (0x000098fd) c.andi  s1, -1
core   0: 3 0x80000a00 (0x98fd) x 9 0x80021684
core   0: 0x80000a02 (0x00001fe9) c.addi  t6, -6
core   0: 3 0x80000a02 (0x1fe9) x31 0x00000004
core   0: 0x80000a04 (0x00600693) li      a3, 6
core   0: 3 0x80000a04 (0x00600693) x13 0x00000006
core   0: 0x80000a08 (0x00400d93) li      s11, 4
core   0: 3 0x80000a08 (0x00400d93) x27 0x00000004
core   0: 0x80000a0c (0x01bf32b3) sltu    t0, t5, s11
core   0: 3 0x80000a0c (0x01bf32b3) x 5 0x00000001
core   0: 0x80000a10 (0x000016fd) c.addi  a3, -1
core   0: 3 0x80000a10 (0x16fd) x13 0x00000005
core   0: 0x80000a12 (0x000084d1) c.srai  s1, 20
core   0: 3 0x80000a12 (0x84d1) x 9 0xfffff800
core   0: 0x80000a14 (0xffb6fce3) bgeu    a3, s11, pc - 8
core   0: 3 0x80000a14 (0xffb6fce3)
core   0: 0x80000a0c (0x01bf32b3) sltu    t0, t5, s11
core   0: 3 0x80000a0c (0x01bf32b3) x 5 0x00000001
core   0: 0x80000a10 (0x000016fd) c.addi  a3, -1
core   0: 3 0x80000a10 (0x16fd) x13 0x00000004
core   0: 0x80000a12 (0x000084d1) c.srai  s1, 20
core   0: 3 0x80000a12 (0x84d1) x 9 0xffffffff
core   0: 0x80000a14 (0xffb6fce3) bgeu    a3, s11, pc - 8
core   0: 3 0x80000a14 (0xffb6fce3)
core   0: 0x80000a0c (0x01bf32b3) sltu    t0, t5, s11
core   0: 3 0x80000a0c (0x01bf32b3) x 5 0x00000001
core   0: 0x80000a10 (0x000016fd) c.addi  a3, -1
core   0: 3 0x80000a10 (0x16fd) x13 0x00000003
core   0: 0x80000a12 (0x000084d1) c.srai  s1, 20
core   0: 3 0x80000a12 (0x84d1) x 9 0xffffffff
core   0: 0x80000a14 (0xffb6fce3) bgeu    a3, s11, pc - 8
core   0: 3 0x80000a14 (0xffb6fce3)
core   0: 0x80000a18 (0xff1ff2e3) bgeu    t6, a7, pc - 28
core   0: 3 0x80000a18 (0xff1ff2e3)
core   0: 0x80000a1c (0x43c9fb17) auipc   s6, 0x43c9f
core   0: 3 0x80000a1c (0x43c9fb17) x22 0xc3c9fa1c
core   0: 0x80000a20 (0x00400913) li      s2, 4
core   0: 3 0x80000a20 (0x00400913) x18 0x00000004
core   0: 0x80000a24 (0xa0298213) addi    tp, s3, -1534
core   0: 3 0x80000a24 (0xa0298213) x 4 0xfffffa0c
core   0: 0x80000a28 (0x00600f93) li      t6, 6
core   0: 3 0x80000a28 (0x00600f93) x31 0x00000006
core   0: 0x80000a2c (0x02d180b3) mul     ra, gp, a3
core   0: 3 0x80000a2c (0x02d180b3) x 1 0x0000000f
core   0: 0x80000a30 (0x08233d13) sltiu   s10, t1, 130
core   0: 3 0x80000a30 (0x08233d13) x26 0x00000001
core   0: 0x80000a34 (0x00000921) c.addi  s2, 8
core   0: 3 0x80000a34 (0x0921) x18 0x0000000c
core   0: 0x80000a36 (0x00008c35) c.xor   s0, a3
core   0: 3 0x80000a36 (0x8c35) x 8 0xfffffff8
core   0: 0x80000a38 (0x02794833) div     a6, s2, t2
core   0: 3 0x80000a38 (0x02794833) x16 0x0000000c
core   0: 0x80000a3c (0xfff96ae3) bltu    s2, t6, pc - 12
core   0: 3 0x80000a3c (0xfff96ae3)
core   0: 0x80000a40 (0x00008aa2) c.mv    s5, s0
core   0: 3 0x80000a40 (0x8aa2) x21 0xfffffff8
core   0: 0x80000a42 (0xffb00b93) li      s7, -5
core   0: 3 0x80000a42 (0xffb00b93) x23 0xfffffffb
core   0: 0x80000a46 (0x000063b5) c.lui   t2, 0xd
core   0: 3 0x80000a46 (0x63b5) x 7 0x0000d000
core   0: 0x80000a48 (0x00e00e93) li      t4, 14
core   0: 3 0x80000a48 (0x00e00e93) x29 0x0000000e
core   0: 0x80000a4c (0x000069cd) c.lui   s3, 0x13
core   0: 3 0x80000a4c (0x69cd) x19 0x00013000
core   0: 0x80000a4e (0x0000167d) c.addi  a2, -1
core   0: 3 0x80000a4e (0x167d) x12 0xffffffff
core   0: 0x80000a50 (0x00000ba1) c.addi  s7, 8
core   0: 3 0x80000a50 (0x0ba1) x23 0x00000003
core   0: 0x80000a52 (0x0000100f) fence.i
core   0: 3 0x80000a52 (0x0000100f)
core   0: 0x80000a56 (0x5aff7313) andi    t1, t5, 1455
core   0: 3 0x80000a56 (0x5aff7313) x 6 0x00000000
core   0: 0x80000a5a (0xffdbeae3) bltu    s7, t4, pc - 12
core   0: 3 0x80000a5a (0xffdbeae3)
core   0: 0x80000a4e (0x0000167d) c.addi  a2, -1
core   0: 3 0x80000a4e (0x167d) x12 0xfffffffe
core   0: 0x80000a50 (0x00000ba1) c.addi  s7, 8
core   0: 3 0x80000a50 (0x0ba1) x23 0x0000000b
core   0: 0x80000a52 (0x0000100f) fence.i
core   0: 3 0x80000a52 (0x0000100f)
core   0: 0x80000a56 (0x5aff7313) andi    t1, t5, 1455
core   0: 3 0x80000a56 (0x5aff7313) x 6 0x00000000
core   0: 0x80000a5a (0xffdbeae3) bltu    s7, t4, pc - 12
core   0: 3 0x80000a5a (0xffdbeae3)
core   0: 0x80000a4e (0x0000167d) c.addi  a2, -1
core   0: 3 0x80000a4e (0x167d) x12 0xfffffffd
core   0: 0x80000a50 (0x00000ba1) c.addi  s7, 8
core   0: 3 0x80000a50 (0x0ba1) x23 0x00000013
core   0: 0x80000a52 (0x0000100f) fence.i
core   0: 3 0x80000a52 (0x0000100f)
core   0: 0x80000a56 (0x5aff7313) andi    t1, t5, 1455
core   0: 3 0x80000a56 (0x5aff7313) x 6 0x00000000
core   0: 0x80000a5a (0xffdbeae3) bltu    s7, t4, pc - 12
core   0: 3 0x80000a5a (0xffdbeae3)
core   0: 0x80000a5e (0xd7097193) andi    gp, s2, -656
core   0: 3 0x80000a5e (0xd7097193) x 3 0x00000000
core   0: 0x80000a62 (0x00800a93) li      s5, 8
core   0: 3 0x80000a62 (0x00800a93) x21 0x00000008
core   0: 0x80000a66 (0x01200693) li      a3, 18
core   0: 3 0x80000a66 (0x01200693) x13 0x00000012
core   0: 0x80000a6a (0x00008e09) c.sub   a2, a0
core   0: 3 0x80000a6a (0x8e09) x12 0xfffffffd
core   0: 0x80000a6c (0x00bde033) or      zero, s11, a1
core   0: 3 0x80000a6c (0x00bde033)
core   0: 0x80000a70 (0x00d80bb3) add     s7, a6, a3
core   0: 3 0x80000a70 (0x00d80bb3) x23 0x0000001e
core   0: 0x80000a74 (0x0040d493) srli    s1, ra, 4
core   0: 3 0x80000a74 (0x0040d493) x 9 0x00000000
core   0: 0x80000a78 (0x4183d0b3) sra     ra, t2, s8
core   0: 3 0x80000a78 (0x4183d0b3) x 1 0x00000000
core   0: 0x80000a7c (0x00000aa5) c.addi  s5, 9
core   0: 3 0x80000a7c (0x0aa5) x21 0x00000011
core   0: 0x80000a7e (0x00700e13) li      t3, 7
core   0: 3 0x80000a7e (0x00700e13) x28 0x00000007
core   0: 0x80000a82 (0x0000717d) c.addi16sp sp, -16
core   0: 3 0x80000a82 (0x717d) x 2 0xffffffa0
core   0: 0x80000a84 (0x00f00713) li      a4, 15
core   0: 3 0x80000a84 (0x00f00713) x14 0x0000000f
core   0: 0x80000a88 (0x02a13d33) mulhu   s10, sp, a0
core   0: 3 0x80000a88 (0x02a13d33) x26 0x00000000
core   0: 0x80000a8c (0x0019c433) xor     s0, s3, ra
core   0: 3 0x80000a8c (0x0019c433) x 8 0x00013000
core   0: 0x80000a90 (0x00001490) c.addi4spn a2, sp, 608
core   0: 3 0x80000a90 (0x1490) x12 0x00000200
core   0: 0x80000a92 (0x01392033) slt     zero, s2, s3
core   0: 3 0x80000a92 (0x01392033)
core   0: 0x80000a96 (0x00000e21) c.addi  t3, 8
core   0: 3 0x80000a96 (0x0e21) x28 0x0000000f
core   0: 0x80000a98 (0xfeee6ae3) bltu    t3, a4, pc - 12
core   0: 3 0x80000a98 (0xfeee6ae3)
core   0: 0x80000a9c (0x00008df1) c.and   a1, a2
core   0: 3 0x80000a9c (0x8df1) x11 0x00000000
core   0: 0x80000a9e (0x000c12b3) sll     t0, s8, zero
core   0: 3 0x80000a9e (0x000c12b3) x 5 0xfdf3c45b
core   0: 0x80000aa2 (0x029a6433) rem     s0, s4, s1
core   0: 3 0x80000aa2 (0x029a6433) x 8 0x80025ce4
core   0: 0x80000aa6 (0x01e69533) sll     a0, a3, t5
core   0: 3 0x80000aa6 (0x01e69533) x10 0x00000012
core   0: 0x80000aaa (0x90122097) auipc   ra, 0x90122
core   0: 3 0x80000aaa (0x90122097) x 1 0x10122aaa
core   0: 0x80000aae (0xfcdae1e3) bltu    s5, a3, pc - 62
core   0: 3 0x80000aae (0xfcdae1e3)
core   0: 0x80000a70 (0x00d80bb3) add     s7, a6, a3
core   0: 3 0x80000a70 (0x00d80bb3) x23 0x0000001e
core   0: 0x80000a74 (0x0040d493) srli    s1, ra, 4
core   0: 3 0x80000a74 (0x0040d493) x 9 0x010122aa
core   0: 0x80000a78 (0x4183d0b3) sra     ra, t2, s8
core   0: 3 0x80000a78 (0x4183d0b3) x 1 0x00000000
core   0: 0x80000a7c (0x00000aa5) c.addi  s5, 9
core   0: 3 0x80000a7c (0x0aa5) x21 0x0000001a
core   0: 0x80000a7e (0x00700e13) li      t3, 7
core   0: 3 0x80000a7e (0x00700e13) x28 0x00000007
core   0: 0x80000a82 (0x0000717d) c.addi16sp sp, -16
core   0: 3 0x80000a82 (0x717d) x 2 0xffffff90
core   0: 0x80000a84 (0x00f00713) li      a4, 15
core   0: 3 0x80000a84 (0x00f00713) x14 0x0000000f
core   0: 0x80000a88 (0x02a13d33) mulhu   s10, sp, a0
core   0: 3 0x80000a88 (0x02a13d33) x26 0x00000011
core   0: 0x80000a8c (0x0019c433) xor     s0, s3, ra
core   0: 3 0x80000a8c (0x0019c433) x 8 0x00013000
core   0: 0x80000a90 (0x00001490) c.addi4spn a2, sp, 608
core   0: 3 0x80000a90 (0x1490) x12 0x000001f0
core   0: 0x80000a92 (0x01392033) slt     zero, s2, s3
core   0: 3 0x80000a92 (0x01392033)
core   0: 0x80000a96 (0x00000e21) c.addi  t3, 8
core   0: 3 0x80000a96 (0x0e21) x28 0x0000000f
core   0: 0x80000a98 (0xfeee6ae3) bltu    t3, a4, pc - 12
core   0: 3 0x80000a98 (0xfeee6ae3)
core   0: 0x80000a9c (0x00008df1) c.and   a1, a2
core   0: 3 0x80000a9c (0x8df1) x11 0x00000000
core   0: 0x80000a9e (0x000c12b3) sll     t0, s8, zero
core   0: 3 0x80000a9e (0x000c12b3) x 5 0xfdf3c45b
core   0: 0x80000aa2 (0x029a6433) rem     s0, s4, s1
core   0: 3 0x80000aa2 (0x029a6433) x 8 0xff928f3a
core   0: 0x80000aa6 (0x01e69533) sll     a0, a3, t5
core   0: 3 0x80000aa6 (0x01e69533) x10 0x00000012
core   0: 0x80000aaa (0x90122097) auipc   ra, 0x90122
core   0: 3 0x80000aaa (0x90122097) x 1 0x10122aaa
core   0: 0x80000aae (0xfcdae1e3) bltu    s5, a3, pc - 62
core   0: 3 0x80000aae (0xfcdae1e3)
core   0: 0x80000ab2 (0x000093ca) c.add   t2, s2
core   0: 3 0x80000ab2 (0x93ca) x 7 0x0000d00c
core   0: 0x80000ab4 (0x00000613) li      a2, 0
core   0: 3 0x80000ab4 (0x00000613) x12 0x00000000
core   0: 0x80000ab8 (0xffc00d13) li      s10, -4
core   0: 3 0x80000ab8 (0xffc00d13) x26 0xfffffffc
core   0: 0x80000abc (0x00008c6d) c.and   s0, a1
core   0: 3 0x80000abc (0x8c6d) x 8 0x00000000
core   0: 0x80000abe (0x000091da) c.add   gp, s6
core   0: 3 0x80000abe (0x91da) x 3 0xc3c9fa1c
core   0: 0x80000ac0 (0x00009afd) c.andi  a3, -1
core   0: 3 0x80000ac0 (0x9afd) x13 0x00000012
core   0: 0x80000ac2 (0x03b056b3) divu    a3, zero, s11
core   0: 3 0x80000ac2 (0x03b056b3) x13 0x00000000
core   0: 0x80000ac6 (0x00008d3d) c.xor   a0, a5
core   0: 3 0x80000ac6 (0x8d3d) x10 0x80021e76
core   0: 0x80000ac8 (0x00001679) c.addi  a2, -2
core   0: 3 0x80000ac8 (0x1679) x12 0xfffffffe
core   0: 0x80000aca (0x0000922e) c.add   tp, a1
core   0: 3 0x80000aca (0x922e) x 4 0xfffffa0c
core   0: 0x80000acc (0x3008f393) andi    t2, a7, 768
core   0: 3 0x80000acc (0x3008f393) x 7 0x00000000
core   0: 0x80000ad0 (0xffb00593) li      a1, -5
core   0: 3 0x80000ad0 (0xffb00593) x11 0xfffffffb
core   0: 0x80000ad4 (0x4158d6b3) sra     a3, a7, s5
core   0: 3 0x80000ad4 (0x4158d6b3) x13 0x00000000
core   0: 0x80000ad8 (0xb8818093) addi    ra, gp, -1144
core   0: 3 0x80000ad8 (0xb8818093) x 1 0xc3c9f5a4
core   0: 0x80000adc (0x00000001) c.nop
core   0: 3 0x80000adc (0x0001)
core   0: 0x80000ade (0x64fc3e13) sltiu   t3, s8, 1615
core   0: 3 0x80000ade (0x64fc3e13) x28 0x00000000
core   0: 0x80000ae2 (0x062a5b37) lui     s6, 0x62a5
core   0: 3 0x80000ae2 (0x062a5b37) x22 0x062a5000
core   0: 0x80000ae6 (0x00000595) c.addi  a1, 5
core   0: 3 0x80000ae6 (0x0595) x11 0x00000000
core   0: 0x80000ae8 (0x02f27533) remu    a0, tp, a5
core   0: 3 0x80000ae8 (0x02f27533) x10 0x7ffddba8
core   0: 0x80000aec (0x0000834e) c.mv    t1, s3
core   0: 3 0x80000aec (0x834e) x 6 0x00013000
core   0: 0x80000aee (0x00008d3d) c.xor   a0, a5
core   0: 3 0x80000aee (0x8d3d) x10 0xffffc5cc
core   0: 0x80000af0 (0x0000f9ed) c.bnez  a1, pc - 14
core   0: 3 0x80000af0 (0xf9ed)
core   0: 0x80000af2 (0x614f8e97) auipc   t4, 0x614f8
core   0: 3 0x80000af2 (0x614f8e97) x29 0xe14f8af2
core   0: 0x80000af6 (0x00006efd) c.lui   t4, 0x1f
core   0: 3 0x80000af6 (0x6efd) x29 0x0001f000
core   0: 0x80000af8 (0xfda617e3) bne     a2, s10, pc - 50
core   0: 3 0x80000af8 (0xfda617e3)
core   0: 0x80000ac6 (0x00008d3d) c.xor   a0, a5
core   0: 3 0x80000ac6 (0x8d3d) x10 0x7ffddba8
core   0: 0x80000ac8 (0x00001679) c.addi  a2, -2
core   0: 3 0x80000ac8 (0x1679) x12 0xfffffffc
core   0: 0x80000aca (0x0000922e) c.add   tp, a1
core   0: 3 0x80000aca (0x922e) x 4 0xfffffa0c
core   0: 0x80000acc (0x3008f393) andi    t2, a7, 768
core   0: 3 0x80000acc (0x3008f393) x 7 0x00000000
core   0: 0x80000ad0 (0xffb00593) li      a1, -5
core   0: 3 0x80000ad0 (0xffb00593) x11 0xfffffffb
core   0: 0x80000ad4 (0x4158d6b3) sra     a3, a7, s5
core   0: 3 0x80000ad4 (0x4158d6b3) x13 0x00000000
core   0: 0x80000ad8 (0xb8818093) addi    ra, gp, -1144
core   0: 3 0x80000ad8 (0xb8818093) x 1 0xc3c9f5a4
core   0: 0x80000adc (0x00000001) c.nop
core   0: 3 0x80000adc (0x0001)
core   0: 0x80000ade (0x64fc3e13) sltiu   t3, s8, 1615
core   0: 3 0x80000ade (0x64fc3e13) x28 0x00000000
core   0: 0x80000ae2 (0x062a5b37) lui     s6, 0x62a5
core   0: 3 0x80000ae2 (0x062a5b37) x22 0x062a5000
core   0: 0x80000ae6 (0x00000595) c.addi  a1, 5
core   0: 3 0x80000ae6 (0x0595) x11 0x00000000
core   0: 0x80000ae8 (0x02f27533) remu    a0, tp, a5
core   0: 3 0x80000ae8 (0x02f27533) x10 0x7ffddba8
core   0: 0x80000aec (0x0000834e) c.mv    t1, s3
core   0: 3 0x80000aec (0x834e) x 6 0x00013000
core   0: 0x80000aee (0x00008d3d) c.xor   a0, a5
core   0: 3 0x80000aee (0x8d3d) x10 0xffffc5cc
core   0: 0x80000af0 (0x0000f9ed) c.bnez  a1, pc - 14
core   0: 3 0x80000af0 (0xf9ed)
core   0: 0x80000af2 (0x614f8e97) auipc   t4, 0x614f8
core   0: 3 0x80000af2 (0x614f8e97) x29 0xe14f8af2
core   0: 0x80000af6 (0x00006efd) c.lui   t4, 0x1f
core   0: 3 0x80000af6 (0x6efd) x29 0x0001f000
core   0: 0x80000af8 (0xfda617e3) bne     a2, s10, pc - 50
core   0: 3 0x80000af8 (0xfda617e3)
core   0: 0x80000afc (0x0000577d) c.li    a4, -1
core   0: 3 0x80000afc (0x577d) x14 0xffffffff
core   0: 0x80000afe (0xffc00513) li      a0, -4
core   0: 3 0x80000afe (0xffc00513) x10 0xfffffffc
core   0: 0x80000b02 (0x8be60913) addi    s2, a2, -1858
core   0: 3 0x80000b02 (0x8be60913) x18 0xfffff8ba
core   0: 0x80000b06 (0xf8573e37) lui     t3, 0xf8573
core   0: 3 0x80000b06 (0xf8573e37) x28 0xf8573000
core   0: 0x80000b0a (0x00600a93) li      s5, 6
core   0: 3 0x80000b0a (0x00600a93) x21 0x00000006
core   0: 0x80000b0e (0x00036db3) or      s11, t1, zero
core   0: 3 0x80000b0e (0x00036db3) x27 0x00013000
core   0: 0x80000b12 (0x00000be1) c.addi  s7, 24
core   0: 3 0x80000b12 (0x0be1) x23 0x00000036
core   0: 0x80000b14 (0x41468e33) sub     t3, a3, s4
core   0: 3 0x80000b14 (0x41468e33) x28 0x7ffda31c
core   0: 0x80000b18 (0x00000f80) c.addi4spn s0, sp, 976
core   0: 3 0x80000b18 (0x0f80) x 8 0x00000360
core   0: 0x80000b1a (0xa569b413) sltiu   s0, s3, -1450
core   0: 3 0x80000b1a (0xa569b413) x 8 0x00000001
core   0: 0x80000b1e (0x00000529) c.addi  a0, 10
core   0: 3 0x80000b1e (0x0529) x10 0x00000006
core   0: 0x80000b20 (0x00001e14) c.addi4spn a3, sp, 816
core   0: 3 0x80000b20 (0x1e14) x13 0x000002c0
core   0: 0x80000b22 (0x00008865) c.andi  s0, 25
core   0: 3 0x80000b22 (0x8865) x 8 0x00000001
core   0: 0x80000b24 (0xff5505e3) beq     a0, s5, pc - 22
core   0: 3 0x80000b24 (0xff5505e3)
core   0: 0x80000b0e (0x00036db3) or      s11, t1, zero
core   0: 3 0x80000b0e (0x00036db3) x27 0x00013000
core   0: 0x80000b12 (0x00000be1) c.addi  s7, 24
core   0: 3 0x80000b12 (0x0be1) x23 0x0000004e
core   0: 0x80000b14 (0x41468e33) sub     t3, a3, s4
core   0: 3 0x80000b14 (0x41468e33) x28 0x7ffda5dc
core   0: 0x80000b18 (0x00000f80) c.addi4spn s0, sp, 976
core   0: 3 0x80000b18 (0x0f80) x 8 0x00000360
core   0: 0x80000b1a (0xa569b413) sltiu   s0, s3, -1450
core   0: 3 0x80000b1a (0xa569b413) x 8 0x00000001
core   0: 0x80000b1e (0x00000529) c.addi  a0, 10
core   0: 3 0x80000b1e (0x0529) x10 0x00000010
core   0: 0x80000b20 (0x00001e14) c.addi4spn a3, sp, 816
core   0: 3 0x80000b20 (0x1e14) x13 0x000002c0
core   0: 0x80000b22 (0x00008865) c.andi  s0, 25
core   0: 3 0x80000b22 (0x8865) x 8 0x00000001
core   0: 0x80000b24 (0xff5505e3) beq     a0, s5, pc - 22
core   0: 3 0x80000b24 (0xff5505e3)
core   0: 0x80000b28 (0x0288c733) div     a4, a7, s0
core   0: 3 0x80000b28 (0x0288c733) x14 0x00000009
core   0: 0x80000b2c (0xff800f93) li      t6, -8
core   0: 3 0x80000b2c (0xff800f93) x31 0xfffffff8
core   0: 0x80000b30 (0x41d7dbb3) sra     s7, a5, t4
core   0: 3 0x80000b30 (0x41d7dbb3) x23 0x80021e64
core   0: 0x80000b34 (0x0000100f) fence.i
core   0: 3 0x80000b34 (0x0000100f)
core   0: 0x80000b38 (0x01a626b3) slt     a3, a2, s10
core   0: 3 0x80000b38 (0x01a626b3) x13 0x00000000
core   0: 0x80000b3c (0xb324b693) sltiu   a3, s1, -1230
core   0: 3 0x80000b3c (0xb324b693) x13 0x00000001
core   0: 0x80000b40 (0x00008cda) c.mv    s9, s6
core   0: 3 0x80000b40 (0x8cda) x25 0x062a5000
core   0: 0x80000b42 (0x022d2433) mulhsu  s0, s10, sp
core   0: 3 0x80000b42 (0x022d2433) x 8 0xfffffffc
core   0: 0x80000b46 (0xbe302193) slti    gp, zero, -1053
core   0: 3 0x80000b46 (0xbe302193) x 3 0x00000000
core   0: 0x80000b4a (0x96738b13) addi    s6, t2, -1689
core   0: 3 0x80000b4a (0x96738b13) x22 0xfffff967
core   0: 0x80000b4e (0x41c78f33) sub     t5, a5, t3
core   0: 3 0x80000b4e (0x41c78f33) x30 0x00047888
core   0: 0x80000b52 (0x7c67ec93) ori     s9, a5, 1990
core   0: 3 0x80000b52 (0x7c67ec93) x25 0x80021fe6
core   0: 0x80000b56 (0x00008db5) c.xor   a1, a3
core   0: 3 0x80000b56 (0x8db5) x11 0x00000001
core   0: 0x80000b58 (0x0049db13) srli    s6, s3, 4
core   0: 3 0x80000b58 (0x0049db13) x22 0x00001300
core   0: 0x80000b5c (0x00008d95) c.sub   a1, a3
core   0: 3 0x80000b5c (0x8d95) x11 0x00000000
core   0: 0x80000b5e (0x00300513) li      a0, 3
core   0: 3 0x80000b5e (0x00300513) x10 0x00000003
core   0: 0x80000b62 (0x40f50bb3) sub     s7, a0, a5
core   0: 3 0x80000b62 (0x40f50bb3) x23 0x7ffde19f
core   0: 0x80000b66 (0x00000001) c.nop
core   0: 3 0x80000b66 (0x0001)
core   0: 0x80000b68 (0x00000f89) c.addi  t6, 2
core   0: 3 0x80000b68 (0x0f89) x31 0xfffffffa
core   0: 0x80000b6a (0x00000001) c.nop
core   0: 3 0x80000b6a (0x0001)
core   0: 0x80000b6c (0x0000100f) fence.i
core   0: 3 0x80000b6c (0x0000100f)
core   0: 0x80000b70 (0x00a00613) li      a2, 10
core   0: 3 0x80000b70 (0x00a00613) x12 0x0000000a
core   0: 0x80000b74 (0x0ff0000f) fence   iorw,iorw
core   0: 3 0x80000b74 (0x0ff0000f)
core   0: 0x80000b78 (0x00700d13) li      s10, 7
core   0: 3 0x80000b78 (0x00700d13) x26 0x00000007
core   0: 0x80000b7c (0xaf328193) addi    gp, t0, -1293
core   0: 3 0x80000b7c (0xaf328193) x 3 0xfdf3bf4e
core   0: 0x80000b80 (0x5b738393) addi    t2, t2, 1463
core   0: 3 0x80000b80 (0x5b738393) x 7 0x000005b7
core   0: 0x80000b84 (0x0284a933) mulhsu  s2, s1, s0
core   0: 3 0x80000b84 (0x0284a933) x18 0x010122a9
core   0: 0x80000b88 (0x00001669) c.addi  a2, -6
core   0: 3 0x80000b88 (0x1669) x12 0x00000004
core   0: 0x80000b8a (0xffa67be3) bgeu    a2, s10, pc - 10
core   0: 3 0x80000b8a (0xffa67be3)
core   0: 0x80000b8e (0xf9d20993) addi    s3, tp, -99
core   0: 3 0x80000b8e (0xf9d20993) x19 0xfffff9a9
core   0: 0x80000b92 (0x000063fd) c.lui   t2, 0x1f
core   0: 3 0x80000b92 (0x63fd) x 7 0x0001f000
core   0: 0x80000b94 (0xfcafe9e3) bltu    t6, a0, pc - 46
core   0: 3 0x80000b94 (0xfcafe9e3)
core   0: 0x80000b98 (0x000008d9) c.addi  a7, 22
core   0: 3 0x80000b98 (0x08d9) x17 0x0000001f
core   0: 0x80000b9a (0xfff00413) li      s0, -1
core   0: 3 0x80000b9a (0xfff00413) x 8 0xffffffff
core   0: 0x80000b9e (0x00000001) c.nop
core   0: 3 0x80000b9e (0x0001)
core   0: 0x80000ba0 (0x20cbb713) sltiu   a4, s7, 524
core   0: 3 0x80000ba0 (0x20cbb713) x14 0x00000000
core   0: 0x80000ba4 (0x0000100f) fence.i
core   0: 3 0x80000ba4 (0x0000100f)
core   0: 0x80000ba8 (0x4f233093) sltiu   ra, t1, 1266
core   0: 3 0x80000ba8 (0x4f233093) x 1 0x00000000
core   0: 0x80000bac (0x00000405) c.addi  s0, 1
core   0: 3 0x80000bac (0x0405) x 8 0x00000000
core   0: 0x80000bae (0x0ff0000f) fence   iorw,iorw
core   0: 3 0x80000bae (0x0ff0000f)
core   0: 0x80000bb2 (0x0000f47d) c.bnez  s0, pc - 18
core   0: 3 0x80000bb2 (0xf47d)
core   0: 0x80000bb4 (0xb0d24113) xori    sp, tp, -1267
core   0: 3 0x80000bb4 (0xb0d24113) x 2 0x00000101
core   0: 0x80000bb8 (0x00800993) li      s3, 8
core   0: 3 0x80000bb8 (0x00800993) x19 0x00000008
core   0: 0x80000bbc (0xb67f6a93) ori     s5, t5, -1177
core   0: 3 0x80000bbc (0xb67f6a93) x21 0xfffffbef
core   0: 0x80000bc0 (0x3e6fa593) slti    a1, t6, 998
core   0: 3 0x80000bc0 (0x3e6fa593) x11 0x00000001
core   0: 0x80000bc4 (0x00004f0d) c.li    t5, 3
core   0: 3 0x80000bc4 (0x4f0d) x30 0x00000003
core   0: 0x80000bc6 (0xffb00713) li      a4, -5
core   0: 3 0x80000bc6 (0xffb00713) x14 0xfffffffb
core   0: 0x80000bca (0x00000e6e) c.slli  t3, 27
core   0: 3 0x80000bca (0x0e6e) x28 0xe0000000
core   0: 0x80000bcc (0x03d9c2b3) div     t0, s3, t4
core   0: 3 0x80000bcc (0x03d9c2b3) x 5 0x00000000
core   0: 0x80000bd0 (0x00da1c93) slli    s9, s4, 13
core   0: 3 0x80000bd0 (0x00da1c93) x25 0x4b9c8000
core   0: 0x80000bd4 (0x00008c25) c.xor   s0, s1
core   0: 3 0x80000bd4 (0x8c25) x 8 0x010122aa
core   0: 0x80000bd6 (0x00006fc5) c.lui   t6, 0x11
core   0: 3 0x80000bd6 (0x6fc5) x31 0x00011000
core   0: 0x80000bd8 (0x000019d9) c.addi  s3, -10
core   0: 3 0x80000bd8 (0x19d9) x19 0xfffffffe
core   0: 0x80000bda (0xc79f5cb7) lui     s9, 0xc79f5
core   0: 3 0x80000bda (0xc79f5cb7) x25 0xc79f5000
core   0: 0x80000bde (0x000084d5) c.srai  s1, 21
core   0: 3 0x80000bde (0x84d5) x 9 0x00000008
core   0: 0x80000be0 (0x013d95b3) sll     a1, s11, s3
core   0: 3 0x80000be0 (0x013d95b3) x11 0x00000000
core   0: 0x80000be4 (0x03fbb233) mulhu   tp, s7, t6
core   0: 3 0x80000be4 (0x03fbb233) x 4 0x000087fd
core   0: 0x80000be8 (0x000050fd) c.li    ra, -1
core   0: 3 0x80000be8 (0x50fd) x 1 0xffffffff
core   0: 0x80000bea (0x40ec54b3) sra     s1, s8, a4
core   0: 3 0x80000bea (0x40ec54b3) x 9 0xffffffff
core   0: 0x80000bee (0x03fbe5b3) rem     a1, s7, t6
core   0: 3 0x80000bee (0x03fbe5b3) x11 0x0000819f
core   0: 0x80000bf2 (0x00008265) c.srli  a2, 25
core   0: 3 0x80000bf2 (0x8265) x12 0x00000000
core   0: 0x80000bf4 (0x00006cd1) c.lui   s9, 0x14
core   0: 3 0x80000bf4 (0x6cd1) x25 0x00014000
core   0: 0x80000bf6 (0x0000170c) c.addi4spn a1, sp, 928
core   0: 3 0x80000bf6 (0x170c) x11 0x000004a1
core   0: 0x80000bf8 (0x00008d21) c.xor   a0, s0
core   0: 3 0x80000bf8 (0x8d21) x10 0x010122a9
core   0: 0x80000bfa (0x2e4decb7) lui     s9, 0x2e4de
core   0: 3 0x80000bfa (0x2e4decb7) x25 0x2e4de000
core   0: 0x80000bfe (0x01169e13) slli    t3, a3, 17
core   0: 3 0x80000bfe (0x01169e13) x28 0x00020000
core   0: 0x80000c02 (0xfce9d5e3) bge     s3, a4, pc - 54
core   0: 3 0x80000c02 (0xfce9d5e3)
core   0: 0x80000bcc (0x03d9c2b3) div     t0, s3, t4
core   0: 3 0x80000bcc (0x03d9c2b3) x 5 0x00000000
core   0: 0x80000bd0 (0x00da1c93) slli    s9, s4, 13
core   0: 3 0x80000bd0 (0x00da1c93) x25 0x4b9c8000
core   0: 0x80000bd4 (0x00008c25) c.xor   s0, s1
core   0: 3 0x80000bd4 (0x8c25) x 8 0xfefedd55
core   0: 0x80000bd6 (0x00006fc5) c.lui   t6, 0x11
core   0: 3 0x80000bd6 (0x6fc5) x31 0x00011000
core   0: 0x80000bd8 (0x000019d9) c.addi  s3, -10
core   0: 3 0x80000bd8 (0x19d9) x19 0xfffffff4
core   0: 0x80000bda (0xc79f5cb7) lui     s9, 0xc79f5
core   0: 3 0x80000bda (0xc79f5cb7) x25 0xc79f5000
core   0: 0x80000bde (0x000084d5) c.srai  s1, 21
core   0: 3 0x80000bde (0x84d5) x 9 0xffffffff
core   0: 0x80000be0 (0x013d95b3) sll     a1, s11, s3
core   0: 3 0x80000be0 (0x013d95b3) x11 0x00000000
core   0: 0x80000be4 (0x03fbb233) mulhu   tp, s7, t6
core   0: 3 0x80000be4 (0x03fbb233) x 4 0x000087fd
core   0: 0x80000be8 (0x000050fd) c.li    ra, -1
core   0: 3 0x80000be8 (0x50fd) x 1 0xffffffff
core   0: 0x80000bea (0x40ec54b3) sra     s1, s8, a4
core   0: 3 0x80000bea (0x40ec54b3) x 9 0xffffffff
core   0: 0x80000bee (0x03fbe5b3) rem     a1, s7, t6
core   0: 3 0x80000bee (0x03fbe5b3) x11 0x0000819f
core   0: 0x80000bf2 (0x00008265) c.srli  a2, 25
core   0: 3 0x80000bf2 (0x8265) x12 0x00000000
core   0: 0x80000bf4 (0x00006cd1) c.lui   s9, 0x14
core   0: 3 0x80000bf4 (0x6cd1) x25 0x00014000
core   0: 0x80000bf6 (0x0000170c) c.addi4spn a1, sp, 928
core   0: 3 0x80000bf6 (0x170c) x11 0x000004a1
core   0: 0x80000bf8 (0x00008d21) c.xor   a0, s0
core   0: 3 0x80000bf8 (0x8d21) x10 0xfffffffc
core   0: 0x80000bfa (0x2e4decb7) lui     s9, 0x2e4de
core   0: 3 0x80000bfa (0x2e4decb7) x25 0x2e4de000
core   0: 0x80000bfe (0x01169e13) slli    t3, a3, 17
core   0: 3 0x80000bfe (0x01169e13) x28 0x00020000
core   0: 0x80000c02 (0xfce9d5e3) bge     s3, a4, pc - 54
core   0: 3 0x80000c02 (0xfce9d5e3)
core   0: 0x80000c06 (0x00008985) c.andi  a1, 1
core   0: 3 0x80000c06 (0x8985) x11 0x00000001
core   0: 0x80000c08 (0x00300593) li      a1, 3
core   0: 3 0x80000c08 (0x00300593) x11 0x00000003
core   0: 0x80000c0c (0x0000800d) c.srli  s0, 3
core   0: 3 0x80000c0c (0x800d) x 8 0x1fdfdbaa
core   0: 0x80000c0e (0x00000001) c.nop
core   0: 3 0x80000c0e (0x0001)
core   0: 0x80000c10 (0x00000001) c.nop
core   0: 3 0x80000c10 (0x0001)
core   0: 0x80000c12 (0x028fb9b3) mulhu   s3, t6, s0
core   0: 3 0x80000c12 (0x028fb9b3) x19 0x000021dd
core   0: 0x80000c16 (0x02bbd833) divu    a6, s7, a1
core   0: 3 0x80000c16 (0x02bbd833) x16 0x2aa9f5df
core   0: 0x80000c1a (0x000015fd) c.addi  a1, -1
core   0: 3 0x80000c1a (0x15fd) x11 0x00000002
core   0: 0x80000c1c (0x00100b13) li      s6, 1
core   0: 3 0x80000c1c (0x00100b13) x22 0x00000001
core   0: 0x80000c20 (0x00d463b3) or      t2, s0, a3
core   0: 3 0x80000c20 (0x00d463b3) x 7 0x1fdfdbab
core   0: 0x80000c24 (0x006f5413) srli    s0, t5, 6
core   0: 3 0x80000c24 (0x006f5413) x 8 0x00000000
core   0: 0x80000c28 (0x021f7fb3) remu    t6, t5, ra
core   0: 3 0x80000c28 (0x021f7fb3) x31 0x00000003
core   0: 0x80000c2c (0x00000e5e) c.slli  t3, 23
core   0: 3 0x80000c2c (0x0e5e) x28 0x00000000
core   0: 0x80000c2e (0xffa00613) li      a2, -6
core   0: 3 0x80000c2e (0xffa00613) x12 0xfffffffa
core   0: 0x80000c32 (0x4eeee093) ori     ra, t4, 1262
core   0: 3 0x80000c32 (0x4eeee093) x 1 0x0001f4ee
core   0: 0x80000c36 (0x00008eb1) c.xor   a3, a2
core   0: 3 0x80000c36 (0x8eb1) x13 0xfffffffb
core   0: 0x80000c38 (0x00000001) c.nop
core   0: 3 0x80000c38 (0x0001)
core   0: 0x80000c3a (0x00008c11) c.sub   s0, a2
core   0: 3 0x80000c3a (0x8c11) x 8 0x00000006
core   0: 0x80000c3c (0x4083dd33) sra     s10, t2, s0
core   0: 3 0x80000c3c (0x4083dd33) x26 0x007f7f6e
core   0: 0x80000c40 (0x01b39493) slli    s1, t2, 27
core   0: 3 0x80000c40 (0x01b39493) x 9 0x58000000
core   0: 0x80000c44 (0x00001b7d) c.addi  s6, -1
core   0: 3 0x80000c44 (0x1b7d) x22 0x00000000
core   0: 0x80000c46 (0x00008c49) c.or    s0, a0
core   0: 3 0x80000c46 (0x8c49) x 8 0xfffffffe
core   0: 0x80000c48 (0xfecb18e3) bne     s6, a2, pc - 16
core   0: 3 0x80000c48 (0xfecb18e3)
core   0: 0x80000c38 (0x00000001) c.nop
core   0: 3 0x80000c38 (0x0001)
core   0: 0x80000c3a (0x00008c11) c.sub   s0, a2
core   0: 3 0x80000c3a (0x8c11) x 8 0x00000004
core   0: 0x80000c3c (0x4083dd33) sra     s10, t2, s0
core   0: 3 0x80000c3c (0x4083dd33) x26 0x01fdfdba
core   0: 0x80000c40 (0x01b39493) slli    s1, t2, 27
core   0: 3 0x80000c40 (0x01b39493) x 9 0x58000000
core   0: 0x80000c44 (0x00001b7d) c.addi  s6, -1
core   0: 3 0x80000c44 (0x1b7d) x22 0xffffffff
core   0: 0x80000c46 (0x00008c49) c.or    s0, a0
core   0: 3 0x80000c46 (0x8c49) x 8 0xfffffffc
core   0: 0x80000c48 (0xfecb18e3) bne     s6, a2, pc - 16
core   0: 3 0x80000c48 (0xfecb18e3)
core   0: 0x80000c38 (0x00000001) c.nop
core   0: 3 0x80000c38 (0x0001)
core   0: 0x80000c3a (0x00008c11) c.sub   s0, a2
core   0: 3 0x80000c3a (0x8c11) x 8 0x00000002
core   0: 0x80000c3c (0x4083dd33) sra     s10, t2, s0
core   0: 3 0x80000c3c (0x4083dd33) x26 0x07f7f6ea
core   0: 0x80000c40 (0x01b39493) slli    s1, t2, 27
core   0: 3 0x80000c40 (0x01b39493) x 9 0x58000000
core   0: 0x80000c44 (0x00001b7d) c.addi  s6, -1
core   0: 3 0x80000c44 (0x1b7d) x22 0xfffffffe
core   0: 0x80000c46 (0x00008c49) c.or    s0, a0
core   0: 3 0x80000c46 (0x8c49) x 8 0xfffffffe
core   0: 0x80000c48 (0xfecb18e3) bne     s6, a2, pc - 16
core   0: 3 0x80000c48 (0xfecb18e3)
core   0: 0x80000c38 (0x00000001) c.nop
core   0: 3 0x80000c38 (0x0001)
core   0: 0x80000c3a (0x00008c11) c.sub   s0, a2
core   0: 3 0x80000c3a (0x8c11) x 8 0x00000004
core   0: 0x80000c3c (0x4083dd33) sra     s10, t2, s0
core   0: 3 0x80000c3c (0x4083dd33) x26 0x01fdfdba
core   0: 0x80000c40 (0x01b39493) slli    s1, t2, 27
core   0: 3 0x80000c40 (0x01b39493) x 9 0x58000000
core   0: 0x80000c44 (0x00001b7d) c.addi  s6, -1
core   0: 3 0x80000c44 (0x1b7d) x22 0xfffffffd
core   0: 0x80000c46 (0x00008c49) c.or    s0, a0
core   0: 3 0x80000c46 (0x8c49) x 8 0xfffffffc
core   0: 0x80000c48 (0xfecb18e3) bne     s6, a2, pc - 16
core   0: 3 0x80000c48 (0xfecb18e3)
core   0: 0x80000c38 (0x00000001) c.nop
core   0: 3 0x80000c38 (0x0001)
core   0: 0x80000c3a (0x00008c11) c.sub   s0, a2
core   0: 3 0x80000c3a (0x8c11) x 8 0x00000002
core   0: 0x80000c3c (0x4083dd33) sra     s10, t2, s0
core   0: 3 0x80000c3c (0x4083dd33) x26 0x07f7f6ea
core   0: 0x80000c40 (0x01b39493) slli    s1, t2, 27
core   0: 3 0x80000c40 (0x01b39493) x 9 0x58000000
core   0: 0x80000c44 (0x00001b7d) c.addi  s6, -1
core   0: 3 0x80000c44 (0x1b7d) x22 0xfffffffc
core   0: 0x80000c46 (0x00008c49) c.or    s0, a0
core   0: 3 0x80000c46 (0x8c49) x 8 0xfffffffe
core   0: 0x80000c48 (0xfecb18e3) bne     s6, a2, pc - 16
core   0: 3 0x80000c48 (0xfecb18e3)
core   0: 0x80000c38 (0x00000001) c.nop
core   0: 3 0x80000c38 (0x0001)
core   0: 0x80000c3a (0x00008c11) c.sub   s0, a2
core   0: 3 0x80000c3a (0x8c11) x 8 0x00000004
core   0: 0x80000c3c (0x4083dd33) sra     s10, t2, s0
core   0: 3 0x80000c3c (0x4083dd33) x26 0x01fdfdba
core   0: 0x80000c40 (0x01b39493) slli    s1, t2, 27
core   0: 3 0x80000c40 (0x01b39493) x 9 0x58000000
core   0: 0x80000c44 (0x00001b7d) c.addi  s6, -1
core   0: 3 0x80000c44 (0x1b7d) x22 0xfffffffb
core   0: 0x80000c46 (0x00008c49) c.or    s0, a0
core   0: 3 0x80000c46 (0x8c49) x 8 0xfffffffc
core   0: 0x80000c48 (0xfecb18e3) bne     s6, a2, pc - 16
core   0: 3 0x80000c48 (0xfecb18e3)
core   0: 0x80000c38 (0x00000001) c.nop
core   0: 3 0x80000c38 (0x0001)
core   0: 0x80000c3a (0x00008c11) c.sub   s0, a2
core   0: 3 0x80000c3a (0x8c11) x 8 0x00000002
core   0: 0x80000c3c (0x4083dd33) sra     s10, t2, s0
core   0: 3 0x80000c3c (0x4083dd33) x26 0x07f7f6ea
core   0: 0x80000c40 (0x01b39493) slli    s1, t2, 27
core   0: 3 0x80000c40 (0x01b39493) x 9 0x58000000
core   0: 0x80000c44 (0x00001b7d) c.addi  s6, -1
core   0: 3 0x80000c44 (0x1b7d) x22 0xfffffffa
core   0: 0x80000c46 (0x00008c49) c.or    s0, a0
core   0: 3 0x80000c46 (0x8c49) x 8 0xfffffffe
core   0: 0x80000c48 (0xfecb18e3) bne     s6, a2, pc - 16
core   0: 3 0x80000c48 (0xfecb18e3)
core   0: 0x80000c4c (0x0ff0000f) fence   iorw,iorw
core   0: 3 0x80000c4c (0x0ff0000f)
core   0: 0x80000c50 (0x007efeb3) and     t4, t4, t2
core   0: 3 0x80000c50 (0x007efeb3) x29 0x0001d000
core   0: 0x80000c54 (0x00dd5133) srl     sp, s10, a3
core   0: 3 0x80000c54 (0x00dd5133) x 2 0x00000000
core   0: 0x80000c58 (0x0000fdcd) c.bnez  a1, pc - 70
core   0: 3 0x80000c58 (0xfdcd)
core   0: 0x80000c12 (0x028fb9b3) mulhu   s3, t6, s0
core   0: 3 0x80000c12 (0x028fb9b3) x19 0x00000002
core   0: 0x80000c16 (0x02bbd833) divu    a6, s7, a1
core   0: 3 0x80000c16 (0x02bbd833) x16 0x3ffef0cf
core   0: 0x80000c1a (0x000015fd) c.addi  a1, -1
core   0: 3 0x80000c1a (0x15fd) x11 0x00000001
core   0: 0x80000c1c (0x00100b13) li      s6, 1
core   0: 3 0x80000c1c (0x00100b13) x22 0x00000001
core   0: 0x80000c20 (0x00d463b3) or      t2, s0, a3
core   0: 3 0x80000c20 (0x00d463b3) x 7 0xffffffff
core   0: 0x80000c24 (0x006f5413) srli    s0, t5, 6
core   0: 3 0x80000c24 (0x006f5413) x 8 0x00000000
core   0: 0x80000c28 (0x021f7fb3) remu    t6, t5, ra
core   0: 3 0x80000c28 (0x021f7fb3) x31 0x00000003
core   0: 0x80000c2c (0x00000e5e) c.slli  t3, 23
core   0: 3 0x80000c2c (0x0e5e) x28 0x00000000
core   0: 0x80000c2e (0xffa00613) li      a2, -6
core   0: 3 0x80000c2e (0xffa00613) x12 0xfffffffa
core   0: 0x80000c32 (0x4eeee093) ori     ra, t4, 1262
core   0: 3 0x80000c32 (0x4eeee093) x 1 0x0001d4ee
core   0: 0x80000c36 (0x00008eb1) c.xor   a3, a2
core   0: 3 0x80000c36 (0x8eb1) x13 0x00000001
core   0: 0x80000c38 (0x00000001) c.nop
core   0: 3 0x80000c38 (0x0001)
core   0: 0x80000c3a (0x00008c11) c.sub   s0, a2
core   0: 3 0x80000c3a (0x8c11) x 8 0x00000006
core   0: 0x80000c3c (0x4083dd33) sra     s10, t2, s0
core   0: 3 0x80000c3c (0x4083dd33) x26 0xffffffff
core   0: 0x80000c40 (0x01b39493) slli    s1, t2, 27
core   0: 3 0x80000c40 (0x01b39493) x 9 0xf8000000
core   0: 0x80000c44 (0x00001b7d) c.addi  s6, -1
core   0: 3 0x80000c44 (0x1b7d) x22 0x00000000
core   0: 0x80000c46 (0x00008c49) c.or    s0, a0
core   0: 3 0x80000c46 (0x8c49) x 8 0xfffffffe
core   0: 0x80000c48 (0xfecb18e3) bne     s6, a2, pc - 16
core   0: 3 0x80000c48 (0xfecb18e3)
core   0: 0x80000c38 (0x00000001) c.nop
core   0: 3 0x80000c38 (0x0001)
core   0: 0x80000c3a (0x00008c11) c.sub   s0, a2
core   0: 3 0x80000c3a (0x8c11) x 8 0x00000004
core   0: 0x80000c3c (0x4083dd33) sra     s10, t2, s0
core   0: 3 0x80000c3c (0x4083dd33) x26 0xffffffff
core   0: 0x80000c40 (0x01b39493) slli    s1, t2, 27
core   0: 3 0x80000c40 (0x01b39493) x 9 0xf8000000
core   0: 0x80000c44 (0x00001b7d) c.addi  s6, -1
core   0: 3 0x80000c44 (0x1b7d) x22 0xffffffff
core   0: 0x80000c46 (0x00008c49) c.or    s0, a0
core   0: 3 0x80000c46 (0x8c49) x 8 0xfffffffc
core   0: 0x80000c48 (0xfecb18e3) bne     s6, a2, pc - 16
core   0: 3 0x80000c48 (0xfecb18e3)
core   0: 0x80000c38 (0x00000001) c.nop
core   0: 3 0x80000c38 (0x0001)
core   0: 0x80000c3a (0x00008c11) c.sub   s0, a2
core   0: 3 0x80000c3a (0x8c11) x 8 0x00000002
core   0: 0x80000c3c (0x4083dd33) sra     s10, t2, s0
core   0: 3 0x80000c3c (0x4083dd33) x26 0xffffffff
core   0: 0x80000c40 (0x01b39493) slli    s1, t2, 27
core   0: 3 0x80000c40 (0x01b39493) x 9 0xf8000000
core   0: 0x80000c44 (0x00001b7d) c.addi  s6, -1
core   0: 3 0x80000c44 (0x1b7d) x22 0xfffffffe
core   0: 0x80000c46 (0x00008c49) c.or    s0, a0
core   0: 3 0x80000c46 (0x8c49) x 8 0xfffffffe
core   0: 0x80000c48 (0xfecb18e3) bne     s6, a2, pc - 16
core   0: 3 0x80000c48 (0xfecb18e3)
core   0: 0x80000c38 (0x00000001) c.nop
core   0: 3 0x80000c38 (0x0001)
core   0: 0x80000c3a (0x00008c11) c.sub   s0, a2
core   0: 3 0x80000c3a (0x8c11) x 8 0x00000004
core   0: 0x80000c3c (0x4083dd33) sra     s10, t2, s0
core   0: 3 0x80000c3c (0x4083dd33) x26 0xffffffff
core   0: 0x80000c40 (0x01b39493) slli    s1, t2, 27
core   0: 3 0x80000c40 (0x01b39493) x 9 0xf8000000
core   0: 0x80000c44 (0x00001b7d) c.addi  s6, -1
core   0: 3 0x80000c44 (0x1b7d) x22 0xfffffffd
core   0: 0x80000c46 (0x00008c49) c.or    s0, a0
core   0: 3 0x80000c46 (0x8c49) x 8 0xfffffffc
core   0: 0x80000c48 (0xfecb18e3) bne     s6, a2, pc - 16
core   0: 3 0x80000c48 (0xfecb18e3)
core   0: 0x80000c38 (0x00000001) c.nop
core   0: 3 0x80000c38 (0x0001)
core   0: 0x80000c3a (0x00008c11) c.sub   s0, a2
core   0: 3 0x80000c3a (0x8c11) x 8 0x00000002
core   0: 0x80000c3c (0x4083dd33) sra     s10, t2, s0
core   0: 3 0x80000c3c (0x4083dd33) x26 0xffffffff
core   0: 0x80000c40 (0x01b39493) slli    s1, t2, 27
core   0: 3 0x80000c40 (0x01b39493) x 9 0xf8000000
core   0: 0x80000c44 (0x00001b7d) c.addi  s6, -1
core   0: 3 0x80000c44 (0x1b7d) x22 0xfffffffc
core   0: 0x80000c46 (0x00008c49) c.or    s0, a0
core   0: 3 0x80000c46 (0x8c49) x 8 0xfffffffe
core   0: 0x80000c48 (0xfecb18e3) bne     s6, a2, pc - 16
core   0: 3 0x80000c48 (0xfecb18e3)
core   0: 0x80000c38 (0x00000001) c.nop
core   0: 3 0x80000c38 (0x0001)
core   0: 0x80000c3a (0x00008c11) c.sub   s0, a2
core   0: 3 0x80000c3a (0x8c11) x 8 0x00000004
core   0: 0x80000c3c (0x4083dd33) sra     s10, t2, s0
core   0: 3 0x80000c3c (0x4083dd33) x26 0xffffffff
core   0: 0x80000c40 (0x01b39493) slli    s1, t2, 27
core   0: 3 0x80000c40 (0x01b39493) x 9 0xf8000000
core   0: 0x80000c44 (0x00001b7d) c.addi  s6, -1
core   0: 3 0x80000c44 (0x1b7d) x22 0xfffffffb
core   0: 0x80000c46 (0x00008c49) c.or    s0, a0
core   0: 3 0x80000c46 (0x8c49) x 8 0xfffffffc
core   0: 0x80000c48 (0xfecb18e3) bne     s6, a2, pc - 16
core   0: 3 0x80000c48 (0xfecb18e3)
core   0: 0x80000c38 (0x00000001) c.nop
core   0: 3 0x80000c38 (0x0001)
core   0: 0x80000c3a (0x00008c11) c.sub   s0, a2
core   0: 3 0x80000c3a (0x8c11) x 8 0x00000002
core   0: 0x80000c3c (0x4083dd33) sra     s10, t2, s0
core   0: 3 0x80000c3c (0x4083dd33) x26 0xffffffff
core   0: 0x80000c40 (0x01b39493) slli    s1, t2, 27
core   0: 3 0x80000c40 (0x01b39493) x 9 0xf8000000
core   0: 0x80000c44 (0x00001b7d) c.addi  s6, -1
core   0: 3 0x80000c44 (0x1b7d) x22 0xfffffffa
core   0: 0x80000c46 (0x00008c49) c.or    s0, a0
core   0: 3 0x80000c46 (0x8c49) x 8 0xfffffffe
core   0: 0x80000c48 (0xfecb18e3) bne     s6, a2, pc - 16
core   0: 3 0x80000c48 (0xfecb18e3)
core   0: 0x80000c4c (0x0ff0000f) fence   iorw,iorw
core   0: 3 0x80000c4c (0x0ff0000f)
core   0: 0x80000c50 (0x007efeb3) and     t4, t4, t2
core   0: 3 0x80000c50 (0x007efeb3) x29 0x0001d000
core   0: 0x80000c54 (0x00dd5133) srl     sp, s10, a3
core   0: 3 0x80000c54 (0x00dd5133) x 2 0x7fffffff
core   0: 0x80000c58 (0x0000fdcd) c.bnez  a1, pc - 70
core   0: 3 0x80000c58 (0xfdcd)
core   0: 0x80000c12 (0x028fb9b3) mulhu   s3, t6, s0
core   0: 3 0x80000c12 (0x028fb9b3) x19 0x00000002
core   0: 0x80000c16 (0x02bbd833) divu    a6, s7, a1
core   0: 3 0x80000c16 (0x02bbd833) x16 0x7ffde19f
core   0: 0x80000c1a (0x000015fd) c.addi  a1, -1
core   0: 3 0x80000c1a (0x15fd) x11 0x00000000
core   0: 0x80000c1c (0x00100b13) li      s6, 1
core   0: 3 0x80000c1c (0x00100b13) x22 0x00000001
core   0: 0x80000c20 (0x00d463b3) or      t2, s0, a3
core   0: 3 0x80000c20 (0x00d463b3) x 7 0xffffffff
core   0: 0x80000c24 (0x006f5413) srli    s0, t5, 6
core   0: 3 0x80000c24 (0x006f5413) x 8 0x00000000
core   0: 0x80000c28 (0x021f7fb3) remu    t6, t5, ra
core   0: 3 0x80000c28 (0x021f7fb3) x31 0x00000003
core   0: 0x80000c2c (0x00000e5e) c.slli  t3, 23
core   0: 3 0x80000c2c (0x0e5e) x28 0x00000000
core   0: 0x80000c2e (0xffa00613) li      a2, -6
core   0: 3 0x80000c2e (0xffa00613) x12 0xfffffffa
core   0: 0x80000c32 (0x4eeee093) ori     ra, t4, 1262
core   0: 3 0x80000c32 (0x4eeee093) x 1 0x0001d4ee
core   0: 0x80000c36 (0x00008eb1) c.xor   a3, a2
core   0: 3 0x80000c36 (0x8eb1) x13 0xfffffffb
core   0: 0x80000c38 (0x00000001) c.nop
core   0: 3 0x80000c38 (0x0001)
core   0: 0x80000c3a (0x00008c11) c.sub   s0, a2
core   0: 3 0x80000c3a (0x8c11) x 8 0x00000006
core   0: 0x80000c3c (0x4083dd33) sra     s10, t2, s0
core   0: 3 0x80000c3c (0x4083dd33) x26 0xffffffff
core   0: 0x80000c40 (0x01b39493) slli    s1, t2, 27
core   0: 3 0x80000c40 (0x01b39493) x 9 0xf8000000
core   0: 0x80000c44 (0x00001b7d) c.addi  s6, -1
core   0: 3 0x80000c44 (0x1b7d) x22 0x00000000
core   0: 0x80000c46 (0x00008c49) c.or    s0, a0
core   0: 3 0x80000c46 (0x8c49) x 8 0xfffffffe
core   0: 0x80000c48 (0xfecb18e3) bne     s6, a2, pc - 16
core   0: 3 0x80000c48 (0xfecb18e3)
core   0: 0x80000c38 (0x00000001) c.nop
core   0: 3 0x80000c38 (0x0001)
core   0: 0x80000c3a (0x00008c11) c.sub   s0, a2
core   0: 3 0x80000c3a (0x8c11) x 8 0x00000004
core   0: 0x80000c3c (0x4083dd33) sra     s10, t2, s0
core   0: 3 0x80000c3c (0x4083dd33) x26 0xffffffff
core   0: 0x80000c40 (0x01b39493) slli    s1, t2, 27
core   0: 3 0x80000c40 (0x01b39493) x 9 0xf8000000
core   0: 0x80000c44 (0x00001b7d) c.addi  s6, -1
core   0: 3 0x80000c44 (0x1b7d) x22 0xffffffff
core   0: 0x80000c46 (0x00008c49) c.or    s0, a0
core   0: 3 0x80000c46 (0x8c49) x 8 0xfffffffc
core   0: 0x80000c48 (0xfecb18e3) bne     s6, a2, pc - 16
core   0: 3 0x80000c48 (0xfecb18e3)
core   0: 0x80000c38 (0x00000001) c.nop
core   0: 3 0x80000c38 (0x0001)
core   0: 0x80000c3a (0x00008c11) c.sub   s0, a2
core   0: 3 0x80000c3a (0x8c11) x 8 0x00000002
core   0: 0x80000c3c (0x4083dd33) sra     s10, t2, s0
core   0: 3 0x80000c3c (0x4083dd33) x26 0xffffffff
core   0: 0x80000c40 (0x01b39493) slli    s1, t2, 27
core   0: 3 0x80000c40 (0x01b39493) x 9 0xf8000000
core   0: 0x80000c44 (0x00001b7d) c.addi  s6, -1
core   0: 3 0x80000c44 (0x1b7d) x22 0xfffffffe
core   0: 0x80000c46 (0x00008c49) c.or    s0, a0
core   0: 3 0x80000c46 (0x8c49) x 8 0xfffffffe
core   0: 0x80000c48 (0xfecb18e3) bne     s6, a2, pc - 16
core   0: 3 0x80000c48 (0xfecb18e3)
core   0: 0x80000c38 (0x00000001) c.nop
core   0: 3 0x80000c38 (0x0001)
core   0: 0x80000c3a (0x00008c11) c.sub   s0, a2
core   0: 3 0x80000c3a (0x8c11) x 8 0x00000004
core   0: 0x80000c3c (0x4083dd33) sra     s10, t2, s0
core   0: 3 0x80000c3c (0x4083dd33) x26 0xffffffff
core   0: 0x80000c40 (0x01b39493) slli    s1, t2, 27
core   0: 3 0x80000c40 (0x01b39493) x 9 0xf8000000
core   0: 0x80000c44 (0x00001b7d) c.addi  s6, -1
core   0: 3 0x80000c44 (0x1b7d) x22 0xfffffffd
core   0: 0x80000c46 (0x00008c49) c.or    s0, a0
core   0: 3 0x80000c46 (0x8c49) x 8 0xfffffffc
core   0: 0x80000c48 (0xfecb18e3) bne     s6, a2, pc - 16
core   0: 3 0x80000c48 (0xfecb18e3)
core   0: 0x80000c38 (0x00000001) c.nop
core   0: 3 0x80000c38 (0x0001)
core   0: 0x80000c3a (0x00008c11) c.sub   s0, a2
core   0: 3 0x80000c3a (0x8c11) x 8 0x00000002
core   0: 0x80000c3c (0x4083dd33) sra     s10, t2, s0
core   0: 3 0x80000c3c (0x4083dd33) x26 0xffffffff
core   0: 0x80000c40 (0x01b39493) slli    s1, t2, 27
core   0: 3 0x80000c40 (0x01b39493) x 9 0xf8000000
core   0: 0x80000c44 (0x00001b7d) c.addi  s6, -1
core   0: 3 0x80000c44 (0x1b7d) x22 0xfffffffc
core   0: 0x80000c46 (0x00008c49) c.or    s0, a0
core   0: 3 0x80000c46 (0x8c49) x 8 0xfffffffe
core   0: 0x80000c48 (0xfecb18e3) bne     s6, a2, pc - 16
core   0: 3 0x80000c48 (0xfecb18e3)
core   0: 0x80000c38 (0x00000001) c.nop
core   0: 3 0x80000c38 (0x0001)
core   0: 0x80000c3a (0x00008c11) c.sub   s0, a2
core   0: 3 0x80000c3a (0x8c11) x 8 0x00000004
core   0: 0x80000c3c (0x4083dd33) sra     s10, t2, s0
core   0: 3 0x80000c3c (0x4083dd33) x26 0xffffffff
core   0: 0x80000c40 (0x01b39493) slli    s1, t2, 27
core   0: 3 0x80000c40 (0x01b39493) x 9 0xf8000000
core   0: 0x80000c44 (0x00001b7d) c.addi  s6, -1
core   0: 3 0x80000c44 (0x1b7d) x22 0xfffffffb
core   0: 0x80000c46 (0x00008c49) c.or    s0, a0
core   0: 3 0x80000c46 (0x8c49) x 8 0xfffffffc
core   0: 0x80000c48 (0xfecb18e3) bne     s6, a2, pc - 16
core   0: 3 0x80000c48 (0xfecb18e3)
core   0: 0x80000c38 (0x00000001) c.nop
core   0: 3 0x80000c38 (0x0001)
core   0: 0x80000c3a (0x00008c11) c.sub   s0, a2
core   0: 3 0x80000c3a (0x8c11) x 8 0x00000002
core   0: 0x80000c3c (0x4083dd33) sra     s10, t2, s0
core   0: 3 0x80000c3c (0x4083dd33) x26 0xffffffff
core   0: 0x80000c40 (0x01b39493) slli    s1, t2, 27
core   0: 3 0x80000c40 (0x01b39493) x 9 0xf8000000
core   0: 0x80000c44 (0x00001b7d) c.addi  s6, -1
core   0: 3 0x80000c44 (0x1b7d) x22 0xfffffffa
core   0: 0x80000c46 (0x00008c49) c.or    s0, a0
core   0: 3 0x80000c46 (0x8c49) x 8 0xfffffffe
core   0: 0x80000c48 (0xfecb18e3) bne     s6, a2, pc - 16
core   0: 3 0x80000c48 (0xfecb18e3)
core   0: 0x80000c4c (0x0ff0000f) fence   iorw,iorw
core   0: 3 0x80000c4c (0x0ff0000f)
core   0: 0x80000c50 (0x007efeb3) and     t4, t4, t2
core   0: 3 0x80000c50 (0x007efeb3) x29 0x0001d000
core   0: 0x80000c54 (0x00dd5133) srl     sp, s10, a3
core   0: 3 0x80000c54 (0x00dd5133) x 2 0x0000001f
core   0: 0x80000c58 (0x0000fdcd) c.bnez  a1, pc - 70
core   0: 3 0x80000c58 (0xfdcd)
core   0: 0x80000c5a (0x00008c49) c.or    s0, a0
core   0: 3 0x80000c5a (0x8c49) x 8 0xfffffffe
core   0: 0x80000c5c (0x00200f13) li      t5, 2
core   0: 3 0x80000c5c (0x00200f13) x30 0x00000002
core   0: 0x80000c60 (0xa5adb117) auipc   sp, 0xa5adb
core   0: 3 0x80000c60 (0xa5adb117) x 2 0x25adbc60
core   0: 0x80000c64 (0x40055733) sra     a4, a0, zero
core   0: 3 0x80000c64 (0x40055733) x14 0xfffffffc
core   0: 0x80000c68 (0x6f06f313) andi    t1, a3, 1776
core   0: 3 0x80000c68 (0x6f06f313) x 6 0x000006f0
core   0: 0x80000c6c (0xf196c093) xori    ra, a3, -231
core   0: 3 0x80000c6c (0xf196c093) x 1 0x000000e2
core   0: 0x80000c70 (0x012db3b3) sltu    t2, s11, s2
core   0: 3 0x80000c70 (0x012db3b3) x 7 0x00000001
core   0: 0x80000c74 (0x000046a9) c.li    a3, 10
core   0: 3 0x80000c74 (0x46a9) x13 0x0000000a
core   0: 0x80000c76 (0x40a15733) sra     a4, sp, a0
core   0: 3 0x80000c76 (0x40a15733) x14 0x00000002
core   0: 0x80000c7a (0xff300e93) li      t4, -13
core   0: 3 0x80000c7a (0xff300e93) x29 0xfffffff3
core   0: 0x80000c7e (0x0182c6b3) xor     a3, t0, s8
core   0: 3 0x80000c7e (0x0182c6b3) x13 0xfdf3c45b
core   0: 0x80000c82 (0x0110f933) and     s2, ra, a7
core   0: 3 0x80000c82 (0x0110f933) x18 0x00000002
core   0: 0x80000c86 (0x00001f75) c.addi  t5, -3
core   0: 3 0x80000c86 (0x1f75) x30 0xffffffff
core   0: 0x80000c88 (0x0170acb3) slt     s9, ra, s7
core   0: 3 0x80000c88 (0x0170acb3) x25 0x00000001
core   0: 0x80000c8c (0x00000001) c.nop
core   0: 3 0x80000c8c (0x0001)
core   0: 0x80000c8e (0x0000127d) c.addi  tp, -1
core   0: 3 0x80000c8e (0x127d) x 4 0x000087fc
core   0: 0x80000c90 (0xffdf09e3) beq     t5, t4, pc - 14
core   0: 3 0x80000c90 (0xffdf09e3)
core   0: 0x80000c94 (0x41760cb3) sub     s9, a2, s7
core   0: 3 0x80000c94 (0x41760cb3) x25 0x80021e5b
core   0: 0x80000c98 (0xffd00513) li      a0, -3
core   0: 3 0x80000c98 (0xffd00513) x10 0xfffffffd
core   0: 0x80000c9c (0x00008ef9) c.and   a3, a4
core   0: 3 0x80000c9c (0x8ef9) x13 0x00000002
core   0: 0x80000c9e (0x000063b5) c.lui   t2, 0xd
core   0: 3 0x80000c9e (0x63b5) x 7 0x0000d000
core   0: 0x80000ca0 (0xd4ddce93) xori    t4, s11, -691
core   0: 3 0x80000ca0 (0xd4ddce93) x29 0xfffecd4d
core   0: 0x80000ca4 (0x00008e31) c.xor   a2, a2
core   0: 3 0x80000ca4 (0x8e31) x12 0x00000000
core   0: 0x80000ca6 (0xcd927293) andi    t0, tp, -807
core   0: 3 0x80000ca6 (0xcd927293) x 5 0x000084d8
core   0: 0x80000caa (0x02c05833) divu    a6, zero, a2
core   0: 3 0x80000caa (0x02c05833) x16 0xffffffff
core   0: 0x80000cae (0x0341d4b3) divu    s1, gp, s4
core   0: 3 0x80000cae (0x0341d4b3) x 9 0x00000001
core   0: 0x80000cb2 (0x00000001) c.nop
core   0: 3 0x80000cb2 (0x0001)
core   0: 0x80000cb4 (0x03c328b3) mulhsu  a7, t1, t3
core   0: 3 0x80000cb4 (0x03c328b3) x17 0x00000000
core   0: 0x80000cb8 (0x02ad9833) mulh    a6, s11, a0
core   0: 3 0x80000cb8 (0x02ad9833) x16 0xffffffff
core   0: 0x80000cbc (0x00008cb5) c.xor   s1, a3
core   0: 3 0x80000cbc (0x8cb5) x 9 0x00000003
core   0: 0x80000cbe (0x000373b3) and     t2, t1, zero
core   0: 3 0x80000cbe (0x000373b3) x 7 0x00000000
core   0: 0x80000cc2 (0x00000876) c.slli  a6, 29
core   0: 3 0x80000cc2 (0x0876) x16 0xe0000000
core   0: 0x80000cc4 (0x00000505) c.addi  a0, 1
core   0: 3 0x80000cc4 (0x0505) x10 0xfffffffe
core   0: 0x80000cc6 (0x016554b3) srl     s1, a0, s6
core   0: 3 0x80000cc6 (0x016554b3) x 9 0x0000003f
core   0: 0x80000cca (0x41945a93) srai    s5, s0, 25
core   0: 3 0x80000cca (0x41945a93) x21 0xffffffff
core   0: 0x80000cce (0x41805593) srai    a1, zero, 24
core   0: 3 0x80000cce (0x41805593) x11 0x00000000
core   0: 0x80000cd2 (0x00000001) c.nop
core   0: 3 0x80000cd2 (0x0001)
core   0: 0x80000cd4 (0x57c30f93) addi    t6, t1, 1404
core   0: 3 0x80000cd4 (0x57c30f93) x31 0x00000c6c
core   0: 0x80000cd8 (0x0000f175) c.bnez  a0, pc - 28
core   0: 3 0x80000cd8 (0xf175)
core   0: 0x80000cbc (0x00008cb5) c.xor   s1, a3
core   0: 3 0x80000cbc (0x8cb5) x 9 0x0000003d
core   0: 0x80000cbe (0x000373b3) and     t2, t1, zero
core   0: 3 0x80000cbe (0x000373b3) x 7 0x00000000
core   0: 0x80000cc2 (0x00000876) c.slli  a6, 29
core   0: 3 0x80000cc2 (0x0876) x16 0x00000000
core   0: 0x80000cc4 (0x00000505) c.addi  a0, 1
core   0: 3 0x80000cc4 (0x0505) x10 0xffffffff
core   0: 0x80000cc6 (0x016554b3) srl     s1, a0, s6
core   0: 3 0x80000cc6 (0x016554b3) x 9 0x0000003f
core   0: 0x80000cca (0x41945a93) srai    s5, s0, 25
core   0: 3 0x80000cca (0x41945a93) x21 0xffffffff
core   0: 0x80000cce (0x41805593) srai    a1, zero, 24
core   0: 3 0x80000cce (0x41805593) x11 0x00000000
core   0: 0x80000cd2 (0x00000001) c.nop
core   0: 3 0x80000cd2 (0x0001)
core   0: 0x80000cd4 (0x57c30f93) addi    t6, t1, 1404
core   0: 3 0x80000cd4 (0x57c30f93) x31 0x00000c6c
core   0: 0x80000cd8 (0x0000f175) c.bnez  a0, pc - 28
core   0: 3 0x80000cd8 (0xf175)
core   0: 0x80000cbc (0x00008cb5) c.xor   s1, a3
core   0: 3 0x80000cbc (0x8cb5) x 9 0x0000003d
core   0: 0x80000cbe (0x000373b3) and     t2, t1, zero
core   0: 3 0x80000cbe (0x000373b3) x 7 0x00000000
core   0: 0x80000cc2 (0x00000876) c.slli  a6, 29
core   0: 3 0x80000cc2 (0x0876) x16 0x00000000
core   0: 0x80000cc4 (0x00000505) c.addi  a0, 1
core   0: 3 0x80000cc4 (0x0505) x10 0x00000000
core   0: 0x80000cc6 (0x016554b3) srl     s1, a0, s6
core   0: 3 0x80000cc6 (0x016554b3) x 9 0x00000000
core   0: 0x80000cca (0x41945a93) srai    s5, s0, 25
core   0: 3 0x80000cca (0x41945a93) x21 0xffffffff
core   0: 0x80000cce (0x41805593) srai    a1, zero, 24
core   0: 3 0x80000cce (0x41805593) x11 0x00000000
core   0: 0x80000cd2 (0x00000001) c.nop
core   0: 3 0x80000cd2 (0x0001)
core   0: 0x80000cd4 (0x57c30f93) addi    t6, t1, 1404
core   0: 3 0x80000cd4 (0x57c30f93) x31 0x00000c6c
core   0: 0x80000cd8 (0x0000f175) c.bnez  a0, pc - 28
core   0: 3 0x80000cd8 (0xf175)
core   0: 0x80000cda (0x034df733) remu    a4, s11, s4
core   0: 3 0x80000cda (0x034df733) x14 0x00013000
core   0: 0x80000cde (0xff900493) li      s1, -7
core   0: 3 0x80000cde (0xff900493) x 9 0xfffffff9
core   0: 0x80000ce2 (0x2324f993) andi    s3, s1, 562
core   0: 3 0x80000ce2 (0x2324f993) x19 0x00000230
core   0: 0x80000ce6 (0x00008b19) c.andi  a4, 6
core   0: 3 0x80000ce6 (0x8b19) x14 0x00000000
core   0: 0x80000ce8 (0x00000001) c.nop
core   0: 3 0x80000ce8 (0x0001)
core   0: 0x80000cea (0xff200a93) li      s5, -14
core   0: 3 0x80000cea (0xff200a93) x21 0xfffffff2
core   0: 0x80000cee (0x0000427d) c.li    tp, 31
core   0: 3 0x80000cee (0x427d) x 4 0x0000001f
core   0: 0x80000cf0 (0x0000100f) fence.i
core   0: 3 0x80000cf0 (0x0000100f)
core   0: 0x80000cf4 (0xe0dac637) lui     a2, 0xe0dac
core   0: 3 0x80000cf4 (0xe0dac637) x12 0xe0dac000
core   0: 0x80000cf8 (0x00008629) c.srai  a2, 10
core   0: 3 0x80000cf8 (0x8629) x12 0xfff836b0
core   0: 0x80000cfa (0x1f093c93) sltiu   s9, s2, 496
core   0: 3 0x80000cfa (0x1f093c93) x25 0x00000001
core   0: 0x80000cfe (0x000089c1) c.andi  a1, 16
core   0: 3 0x80000cfe (0x89c1) x11 0x00000000
core   0: 0x80000d00 (0xb03e7697) auipc   a3, 0xb03e7
core   0: 3 0x80000d00 (0xb03e7697) x13 0x303e7d00
core   0: 0x80000d04 (0x6fadb813) sltiu   a6, s11, 1786
core   0: 3 0x80000d04 (0x6fadb813) x16 0x00000000
core   0: 0x80000d08 (0x000081d1) c.srli  a1, 20
core   0: 3 0x80000d08 (0x81d1) x11 0x00000000
core   0: 0x80000d0a (0x000014e5) c.addi  s1, -7
core   0: 3 0x80000d0a (0x14e5) x 9 0xfffffff2
core   0: 0x80000d0c (0x0232e9b3) rem     s3, t0, gp
core   0: 3 0x80000d0c (0x0232e9b3) x19 0x000084d8
core   0: 0x80000d10 (0x00009862) c.add   a6, s8
core   0: 3 0x80000d10 (0x9862) x16 0xfdf3c45b
core   0: 0x80000d12 (0xfd548ee3) beq     s1, s5, pc - 36
core   0: 3 0x80000d12 (0xfd548ee3)
core   0: 0x80000cee (0x0000427d) c.li    tp, 31
core   0: 3 0x80000cee (0x427d) x 4 0x0000001f
core   0: 0x80000cf0 (0x0000100f) fence.i
core   0: 3 0x80000cf0 (0x0000100f)
core   0: 0x80000cf4 (0xe0dac637) lui     a2, 0xe0dac
core   0: 3 0x80000cf4 (0xe0dac637) x12 0xe0dac000
core   0: 0x80000cf8 (0x00008629) c.srai  a2, 10
core   0: 3 0x80000cf8 (0x8629) x12 0xfff836b0
core   0: 0x80000cfa (0x1f093c93) sltiu   s9, s2, 496
core   0: 3 0x80000cfa (0x1f093c93) x25 0x00000001
core   0: 0x80000cfe (0x000089c1) c.andi  a1, 16
core   0: 3 0x80000cfe (0x89c1) x11 0x00000000
core   0: 0x80000d00 (0xb03e7697) auipc   a3, 0xb03e7
core   0: 3 0x80000d00 (0xb03e7697) x13 0x303e7d00
core   0: 0x80000d04 (0x6fadb813) sltiu   a6, s11, 1786
core   0: 3 0x80000d04 (0x6fadb813) x16 0x00000000
core   0: 0x80000d08 (0x000081d1) c.srli  a1, 20
core   0: 3 0x80000d08 (0x81d1) x11 0x00000000
core   0: 0x80000d0a (0x000014e5) c.addi  s1, -7
core   0: 3 0x80000d0a (0x14e5) x 9 0xffffffeb
core   0: 0x80000d0c (0x0232e9b3) rem     s3, t0, gp
core   0: 3 0x80000d0c (0x0232e9b3) x19 0x000084d8
core   0: 0x80000d10 (0x00009862) c.add   a6, s8
core   0: 3 0x80000d10 (0x9862) x16 0xfdf3c45b
core   0: 0x80000d12 (0xfd548ee3) beq     s1, s5, pc - 36
core   0: 3 0x80000d12 (0xfd548ee3)
core   0: 0x80000d16 (0x00008dd1) c.or    a1, a2
core   0: 3 0x80000d16 (0x8dd1) x11 0xfff836b0
core   0: 0x80000d18 (0x00500513) li      a0, 5
core   0: 3 0x80000d18 (0x00500513) x10 0x00000005
core   0: 0x80000d1c (0xde4b7e17) auipc   t3, 0xde4b7
core   0: 3 0x80000d1c (0xde4b7e17) x28 0x5e4b7d1c
core   0: 0x80000d20 (0x027cafb3) mulhsu  t6, s9, t2
core   0: 3 0x80000d20 (0x027cafb3) x31 0x00000000
core   0: 0x80000d24 (0x00400693) li      a3, 4
core   0: 3 0x80000d24 (0x00400693) x13 0x00000004
core   0: 0x80000d28 (0x0189c033) xor     zero, s3, s8
core   0: 3 0x80000d28 (0x0189c033)
core   0: 0x80000d2c (0x02f13233) mulhu   tp, sp, a5
core   0: 3 0x80000d2c (0x02f13233) x 4 0x12d72e04
core   0: 0x80000d30 (0x00cef033) and     zero, t4, a2
core   0: 3 0x80000d30 (0x00cef033)
core   0: 0x80000d34 (0x02ec8333) mul     t1, s9, a4
core   0: 3 0x80000d34 (0x02ec8333) x 6 0x00000000
core   0: 0x80000d38 (0x02b093b3) mulh    t2, ra, a1
core   0: 3 0x80000d38 (0x02b093b3) x 7 0xffffffff
core   0: 0x80000d3c (0x00001579) c.addi  a0, -2
core   0: 3 0x80000d3c (0x1579) x10 0x00000003
core   0: 0x80000d3e (0x00900713) li      a4, 9
core   0: 3 0x80000d3e (0x00900713) x14 0x00000009
core   0: 0x80000d42 (0x03446433) rem     s0, s0, s4
core   0: 3 0x80000d42 (0x03446433) x 8 0xfffffffe
core   0: 0x80000d46 (0x01000d13) li      s10, 16
core   0: 3 0x80000d46 (0x01000d13) x26 0x00000010
core   0: 0x80000d4a (0x010ad393) srli    t2, s5, 16
core   0: 3 0x80000d4a (0x010ad393) x 7 0x0000ffff
core   0: 0x80000d4e (0x99380a97) auipc   s5, 0x99380
core   0: 3 0x80000d4e (0x99380a97) x21 0x19380d4e
core   0: 0x80000d52 (0x00000b0c) c.addi4spn a1, sp, 400
core   0: 3 0x80000d52 (0x0b0c) x11 0x25adbdf0
core   0: 0x80000d54 (0x00000e72) c.slli  t3, 28
core   0: 3 0x80000d54 (0x0e72) x28 0xc0000000
core   0: 0x80000d56 (0x00000715) c.addi  a4, 5
core   0: 3 0x80000d56 (0x0715) x14 0x0000000e
core   0: 0x80000d58 (0xa5dbe3b7) lui     t2, 0xa5dbe
core   0: 3 0x80000d58 (0xa5dbe3b7) x 7 0xa5dbe000
core   0: 0x80000d5c (0xffa749e3) blt     a4, s10, pc - 14
core   0: 3 0x80000d5c (0xffa749e3)
core   0: 0x80000d4e (0x99380a97) auipc   s5, 0x99380
core   0: 3 0x80000d4e (0x99380a97) x21 0x19380d4e
core   0: 0x80000d52 (0x00000b0c) c.addi4spn a1, sp, 400
core   0: 3 0x80000d52 (0x0b0c) x11 0x25adbdf0
core   0: 0x80000d54 (0x00000e72) c.slli  t3, 28
core   0: 3 0x80000d54 (0x0e72) x28 0x00000000
core   0: 0x80000d56 (0x00000715) c.addi  a4, 5
core   0: 3 0x80000d56 (0x0715) x14 0x00000013
core   0: 0x80000d58 (0xa5dbe3b7) lui     t2, 0xa5dbe
core   0: 3 0x80000d58 (0xa5dbe3b7) x 7 0xa5dbe000
core   0: 0x80000d5c (0xffa749e3) blt     a4, s10, pc - 14
core   0: 3 0x80000d5c (0xffa749e3)
core   0: 0x80000d60 (0x001e4bb3) xor     s7, t3, ra
core   0: 3 0x80000d60 (0x001e4bb3) x23 0x000000e2
core   0: 0x80000d64 (0x0000117d) c.addi  sp, -1
core   0: 3 0x80000d64 (0x117d) x 2 0x25adbc5f
core   0: 0x80000d66 (0xf61b9137) lui     sp, 0xf61b9
core   0: 3 0x80000d66 (0xf61b9137) x 2 0xf61b9000
core   0: 0x80000d6a (0x00008ddd) c.or    a1, a5
core   0: 3 0x80000d6a (0x8ddd) x11 0xa5afbff4
core   0: 0x80000d6c (0x01fda9b3) slt     s3, s11, t6
core   0: 3 0x80000d6c (0x01fda9b3) x19 0x00000000
core   0: 0x80000d70 (0x03c179b3) remu    s3, sp, t3
core   0: 3 0x80000d70 (0x03c179b3) x19 0xf61b9000
core   0: 0x80000d74 (0x03ae1433) mulh    s0, t3, s10
core   0: 3 0x80000d74 (0x03ae1433) x 8 0x00000000
core   0: 0x80000d78 (0xfad57ee3) bgeu    a0, a3, pc - 68
core   0: 3 0x80000d78 (0xfad57ee3)
core   0: 0x80000d7c (0x02d01bb3) mulh    s7, zero, a3
core   0: 3 0x80000d7c (0x02d01bb3) x23 0x00000000
core   0: 0x80000d80 (0xff600593) li      a1, -10
core   0: 3 0x80000d80 (0xff600593) x11 0xfffffff6
core   0: 0x80000d84 (0xff800f93) li      t6, -8
core   0: 3 0x80000d84 (0xff800f93) x31 0xfffffff8
core   0: 0x80000d88 (0xb53f6d93) ori     s11, t5, -1197
core   0: 3 0x80000d88 (0xb53f6d93) x27 0xffffffff
core   0: 0x80000d8c (0x00000591) c.addi  a1, 4
core   0: 3 0x80000d8c (0x0591) x11 0xfffffffa
core   0: 0x80000d8e (0x00800513) li      a0, 8
core   0: 3 0x80000d8e (0x00800513) x10 0x00000008
core   0: 0x80000d92 (0x00000001) c.nop
core   0: 3 0x80000d92 (0x0001)
core   0: 0x80000d94 (0x00004469) c.li    s0, 26
core   0: 3 0x80000d94 (0x4469) x 8 0x0000001a
core   0: 0x80000d96 (0x0118db93) srli    s7, a7, 17
core   0: 3 0x80000d96 (0x0118db93) x23 0x00000000
core   0: 0x80000d9a (0x00001571) c.addi  a0, -4
core   0: 3 0x80000d9a (0x1571) x10 0x00000004
core   0: 0x80000d9c (0x0000fd65) c.bnez  a0, pc - 8
core   0: 3 0x80000d9c (0xfd65)
core   0: 0x80000d94 (0x00004469) c.li    s0, 26
core   0: 3 0x80000d94 (0x4469) x 8 0x0000001a
core   0: 0x80000d96 (0x0118db93) srli    s7, a7, 17
core   0: 3 0x80000d96 (0x0118db93) x23 0x00000000
core   0: 0x80000d9a (0x00001571) c.addi  a0, -4
core   0: 3 0x80000d9a (0x1571) x10 0x00000000
core   0: 0x80000d9c (0x0000fd65) c.bnez  a0, pc - 8
core   0: 3 0x80000d9c (0xfd65)
core   0: 0x80000d9e (0xfff5c5e3) blt     a1, t6, pc - 22
core   0: 3 0x80000d9e (0xfff5c5e3)
core   0: 0x80000da2 (0x0000717d) c.addi16sp sp, -16
core   0: 3 0x80000da2 (0x717d) x 2 0xf61b8ff0
core   0: 0x80000da4 (0xfff00493) li      s1, -1
core   0: 3 0x80000da4 (0xfff00493) x 9 0xffffffff
core   0: 0x80000da8 (0x40b805b3) sub     a1, a6, a1
core   0: 3 0x80000da8 (0x40b805b3) x11 0xfdf3c461
core   0: 0x80000dac (0x01315233) srl     tp, sp, s3
core   0: 3 0x80000dac (0x01315233) x 4 0xf61b8ff0
core   0: 0x80000db0 (0x000062d9) c.lui   t0, 0x16
core   0: 3 0x80000db0 (0x62d9) x 5 0x00016000
core   0: 0x80000db2 (0x0000100f) fence.i
core   0: 3 0x80000db2 (0x0000100f)
core   0: 0x80000db6 (0xff100913) li      s2, -15
core   0: 3 0x80000db6 (0xff100913) x18 0xfffffff1
core   0: 0x80000dba (0x014d0b33) add     s6, s10, s4
core   0: 3 0x80000dba (0x014d0b33) x22 0x80025cf4
core   0: 0x80000dbe (0x0000951a) c.add   a0, t1
core   0: 3 0x80000dbe (0x951a) x10 0x00000000
core   0: 0x80000dc0 (0x0000943a) c.add   s0, a4
core   0: 3 0x80000dc0 (0x943a) x 8 0x0000002d
core   0: 0x80000dc2 (0x00006e15) c.lui   t3, 0x5
core   0: 3 0x80000dc2 (0x6e15) x28 0x00005000
core   0: 0x80000dc4 (0xc1220d13) addi    s10, tp, -1006
core   0: 3 0x80000dc4 (0xc1220d13) x26 0xf61b8c02
core   0: 0x80000dc8 (0x000014f9) c.addi  s1, -2
core   0: 3 0x80000dc8 (0x14f9) x 9 0xfffffffd
core   0: 0x80000dca (0x02269833) mulh    a6, a3, sp
core   0: 3 0x80000dca (0x02269833) x16 0xffffffff
core   0: 0x80000dce (0x21f32093) slti    ra, t1, 543
core   0: 3 0x80000dce (0x21f32093) x 1 0x00000001
core   0: 0x80000dd2 (0x02024733) div     a4, tp, zero
core   0: 3 0x80000dd2 (0x02024733) x14 0xffffffff
core   0: 0x80000dd6 (0x0331ef33) rem     t5, gp, s3
core   0: 3 0x80000dd6 (0x0331ef33) x30 0xfdf3bf4e
core   0: 0x80000dda (0x0043e033) or      zero, t2, tp
core   0: 3 0x80000dda (0x0043e033)
core   0: 0x80000dde (0x02c2f2b3) remu    t0, t0, a2
core   0: 3 0x80000dde (0x02c2f2b3) x 5 0x00016000
core   0: 0x80000de2 (0x0000537d) c.li    t1, -1
core   0: 3 0x80000de2 (0x537d) x 6 0xffffffff
core   0: 0x80000de4 (0x0377bb33) mulhu   s6, a5, s7
core   0: 3 0x80000de4 (0x0377bb33) x22 0x00000000
core   0: 0x80000de8 (0x018221b3) slt     gp, tp, s8
core   0: 3 0x80000de8 (0x018221b3) x 3 0x00000001
core   0: 0x80000dec (0x6d54fd93) andi    s11, s1, 1749
core   0: 3 0x80000dec (0x6d54fd93) x27 0x000006d5
core   0: 0x80000df0 (0x00006d4d) c.lui   s10, 0x13
core   0: 3 0x80000df0 (0x6d4d) x26 0x00013000
core   0: 0x80000df2 (0x95295d17) auipc   s10, 0x95295
core   0: 3 0x80000df2 (0x95295d17) x26 0x15295df2
core   0: 0x80000df6 (0x4101d8b3) sra     a7, gp, a6
core   0: 3 0x80000df6 (0x4101d8b3) x17 0x00000000
core   0: 0x80000dfa (0x00008c0d) c.sub   s0, a1
core   0: 3 0x80000dfa (0x8c0d) x 8 0x020c3bcc
core   0: 0x80000dfc (0xfb24dfe3) bge     s1, s2, pc - 66
core   0: 3 0x80000dfc (0xfb24dfe3)
core   0: 0x80000dba (0x014d0b33) add     s6, s10, s4
core   0: 3 0x80000dba (0x014d0b33) x22 0x952bbad6
core   0: 0x80000dbe (0x0000951a) c.add   a0, t1
core   0: 3 0x80000dbe (0x951a) x10 0xffffffff
core   0: 0x80000dc0 (0x0000943a) c.add   s0, a4
core   0: 3 0x80000dc0 (0x943a) x 8 0x020c3bcb
core   0: 0x80000dc2 (0x00006e15) c.lui   t3, 0x5
core   0: 3 0x80000dc2 (0x6e15) x28 0x00005000
core   0: 0x80000dc4 (0xc1220d13) addi    s10, tp, -1006
core   0: 3 0x80000dc4 (0xc1220d13) x26 0xf61b8c02
core   0: 0x80000dc8 (0x000014f9) c.addi  s1, -2
core   0: 3 0x80000dc8 (0x14f9) x 9 0xfffffffb
core   0: 0x80000dca (0x02269833) mulh    a6, a3, sp
core   0: 3 0x80000dca (0x02269833) x16 0xffffffff
core   0: 0x80000dce (0x21f32093) slti    ra, t1, 543
core   0: 3 0x80000dce (0x21f32093) x 1 0x00000001
core   0: 0x80000dd2 (0x02024733) div     a4, tp, zero
core   0: 3 0x80000dd2 (0x02024733) x14 0xffffffff
core   0: 0x80000dd6 (0x0331ef33) rem     t5, gp, s3
core   0: 3 0x80000dd6 (0x0331ef33) x30 0x00000001
core   0: 0x80000dda (0x0043e033) or      zero, t2, tp
core   0: 3 0x80000dda (0x0043e033)
core   0: 0x80000dde (0x02c2f2b3) remu    t0, t0, a2
core   0: 3 0x80000dde (0x02c2f2b3) x 5 0x00016000
core   0: 0x80000de2 (0x0000537d) c.li    t1, -1
core   0: 3 0x80000de2 (0x537d) x 6 0xffffffff
core   0: 0x80000de4 (0x0377bb33) mulhu   s6, a5, s7
core   0: 3 0x80000de4 (0x0377bb33) x22 0x00000000
core   0: 0x80000de8 (0x018221b3) slt     gp, tp, s8
core   0: 3 0x80000de8 (0x018221b3) x 3 0x00000001
core   0: 0x80000dec (0x6d54fd93) andi    s11, s1, 1749
core   0: 3 0x80000dec (0x6d54fd93) x27 0x000006d1
core   0: 0x80000df0 (0x00006d4d) c.lui   s10, 0x13
core   0: 3 0x80000df0 (0x6d4d) x26 0x00013000
core   0: 0x80000df2 (0x95295d17) auipc   s10, 0x95295
core   0: 3 0x80000df2 (0x95295d17) x26 0x15295df2
core   0: 0x80000df6 (0x4101d8b3) sra     a7, gp, a6
core   0: 3 0x80000df6 (0x4101d8b3) x17 0x00000000
core   0: 0x80000dfa (0x00008c0d) c.sub   s0, a1
core   0: 3 0x80000dfa (0x8c0d) x 8 0x0418776a
core   0: 0x80000dfc (0xfb24dfe3) bge     s1, s2, pc - 66
core   0: 3 0x80000dfc (0xfb24dfe3)
core   0: 0x80000dba (0x014d0b33) add     s6, s10, s4
core   0: 3 0x80000dba (0x014d0b33) x22 0x952bbad6
core   0: 0x80000dbe (0x0000951a) c.add   a0, t1
core   0: 3 0x80000dbe (0x951a) x10 0xfffffffe
core   0: 0x80000dc0 (0x0000943a) c.add   s0, a4
core   0: 3 0x80000dc0 (0x943a) x 8 0x04187769
core   0: 0x80000dc2 (0x00006e15) c.lui   t3, 0x5
core   0: 3 0x80000dc2 (0x6e15) x28 0x00005000
core   0: 0x80000dc4 (0xc1220d13) addi    s10, tp, -1006
core   0: 3 0x80000dc4 (0xc1220d13) x26 0xf61b8c02
core   0: 0x80000dc8 (0x000014f9) c.addi  s1, -2
core   0: 3 0x80000dc8 (0x14f9) x 9 0xfffffff9
core   0: 0x80000dca (0x02269833) mulh    a6, a3, sp
core   0: 3 0x80000dca (0x02269833) x16 0xffffffff
core   0: 0x80000dce (0x21f32093) slti    ra, t1, 543
core   0: 3 0x80000dce (0x21f32093) x 1 0x00000001
core   0: 0x80000dd2 (0x02024733) div     a4, tp, zero
core   0: 3 0x80000dd2 (0x02024733) x14 0xffffffff
core   0: 0x80000dd6 (0x0331ef33) rem     t5, gp, s3
core   0: 3 0x80000dd6 (0x0331ef33) x30 0x00000001
core   0: 0x80000dda (0x0043e033) or      zero, t2, tp
core   0: 3 0x80000dda (0x0043e033)
core   0: 0x80000dde (0x02c2f2b3) remu    t0, t0, a2
core   0: 3 0x80000dde (0x02c2f2b3) x 5 0x00016000
core   0: 0x80000de2 (0x0000537d) c.li    t1, -1
core   0: 3 0x80000de2 (0x537d) x 6 0xffffffff
core   0: 0x80000de4 (0x0377bb33) mulhu   s6, a5, s7
core   0: 3 0x80000de4 (0x0377bb33) x22 0x00000000
core   0: 0x80000de8 (0x018221b3) slt     gp, tp, s8
core   0: 3 0x80000de8 (0x018221b3) x 3 0x00000001
core   0: 0x80000dec (0x6d54fd93) andi    s11, s1, 1749
core   0: 3 0x80000dec (0x6d54fd93) x27 0x000006d1
core   0: 0x80000df0 (0x00006d4d) c.lui   s10, 0x13
core   0: 3 0x80000df0 (0x6d4d) x26 0x00013000
core   0: 0x80000df2 (0x95295d17) auipc   s10, 0x95295
core   0: 3 0x80000df2 (0x95295d17) x26 0x15295df2
core   0: 0x80000df6 (0x4101d8b3) sra     a7, gp, a6
core   0: 3 0x80000df6 (0x4101d8b3) x17 0x00000000
core   0: 0x80000dfa (0x00008c0d) c.sub   s0, a1
core   0: 3 0x80000dfa (0x8c0d) x 8 0x0624b308
core   0: 0x80000dfc (0xfb24dfe3) bge     s1, s2, pc - 66
core   0: 3 0x80000dfc (0xfb24dfe3)
core   0: 0x80000dba (0x014d0b33) add     s6, s10, s4
core   0: 3 0x80000dba (0x014d0b33) x22 0x952bbad6
core   0: 0x80000dbe (0x0000951a) c.add   a0, t1
core   0: 3 0x80000dbe (0x951a) x10 0xfffffffd
core   0: 0x80000dc0 (0x0000943a) c.add   s0, a4
core   0: 3 0x80000dc0 (0x943a) x 8 0x0624b307
core   0: 0x80000dc2 (0x00006e15) c.lui   t3, 0x5
core   0: 3 0x80000dc2 (0x6e15) x28 0x00005000
core   0: 0x80000dc4 (0xc1220d13) addi    s10, tp, -1006
core   0: 3 0x80000dc4 (0xc1220d13) x26 0xf61b8c02
core   0: 0x80000dc8 (0x000014f9) c.addi  s1, -2
core   0: 3 0x80000dc8 (0x14f9) x 9 0xfffffff7
core   0: 0x80000dca (0x02269833) mulh    a6, a3, sp
core   0: 3 0x80000dca (0x02269833) x16 0xffffffff
core   0: 0x80000dce (0x21f32093) slti    ra, t1, 543
core   0: 3 0x80000dce (0x21f32093) x 1 0x00000001
core   0: 0x80000dd2 (0x02024733) div     a4, tp, zero
core   0: 3 0x80000dd2 (0x02024733) x14 0xffffffff
core   0: 0x80000dd6 (0x0331ef33) rem     t5, gp, s3
core   0: 3 0x80000dd6 (0x0331ef33) x30 0x00000001
core   0: 0x80000dda (0x0043e033) or      zero, t2, tp
core   0: 3 0x80000dda (0x0043e033)
core   0: 0x80000dde (0x02c2f2b3) remu    t0, t0, a2
core   0: 3 0x80000dde (0x02c2f2b3) x 5 0x00016000
core   0: 0x80000de2 (0x0000537d) c.li    t1, -1
core   0: 3 0x80000de2 (0x537d) x 6 0xffffffff
core   0: 0x80000de4 (0x0377bb33) mulhu   s6, a5, s7
core   0: 3 0x80000de4 (0x0377bb33) x22 0x00000000
core   0: 0x80000de8 (0x018221b3) slt     gp, tp, s8
core   0: 3 0x80000de8 (0x018221b3) x 3 0x00000001
core   0: 0x80000dec (0x6d54fd93) andi    s11, s1, 1749
core   0: 3 0x80000dec (0x6d54fd93) x27 0x000006d5
core   0: 0x80000df0 (0x00006d4d) c.lui   s10, 0x13
core   0: 3 0x80000df0 (0x6d4d) x26 0x00013000
core   0: 0x80000df2 (0x95295d17) auipc   s10, 0x95295
core   0: 3 0x80000df2 (0x95295d17) x26 0x15295df2
core   0: 0x80000df6 (0x4101d8b3) sra     a7, gp, a6
core   0: 3 0x80000df6 (0x4101d8b3) x17 0x00000000
core   0: 0x80000dfa (0x00008c0d) c.sub   s0, a1
core   0: 3 0x80000dfa (0x8c0d) x 8 0x0830eea6
core   0: 0x80000dfc (0xfb24dfe3) bge     s1, s2, pc - 66
core   0: 3 0x80000dfc (0xfb24dfe3)
core   0: 0x80000dba (0x014d0b33) add     s6, s10, s4
core   0: 3 0x80000dba (0x014d0b33) x22 0x952bbad6
core   0: 0x80000dbe (0x0000951a) c.add   a0, t1
core   0: 3 0x80000dbe (0x951a) x10 0xfffffffc
core   0: 0x80000dc0 (0x0000943a) c.add   s0, a4
core   0: 3 0x80000dc0 (0x943a) x 8 0x0830eea5
core   0: 0x80000dc2 (0x00006e15) c.lui   t3, 0x5
core   0: 3 0x80000dc2 (0x6e15) x28 0x00005000
core   0: 0x80000dc4 (0xc1220d13) addi    s10, tp, -1006
core   0: 3 0x80000dc4 (0xc1220d13) x26 0xf61b8c02
core   0: 0x80000dc8 (0x000014f9) c.addi  s1, -2
core   0: 3 0x80000dc8 (0x14f9) x 9 0xfffffff5
core   0: 0x80000dca (0x02269833) mulh    a6, a3, sp
core   0: 3 0x80000dca (0x02269833) x16 0xffffffff
core   0: 0x80000dce (0x21f32093) slti    ra, t1, 543
core   0: 3 0x80000dce (0x21f32093) x 1 0x00000001
core   0: 0x80000dd2 (0x02024733) div     a4, tp, zero
core   0: 3 0x80000dd2 (0x02024733) x14 0xffffffff
core   0: 0x80000dd6 (0x0331ef33) rem     t5, gp, s3
core   0: 3 0x80000dd6 (0x0331ef33) x30 0x00000001
core   0: 0x80000dda (0x0043e033) or      zero, t2, tp
core   0: 3 0x80000dda (0x0043e033)
core   0: 0x80000dde (0x02c2f2b3) remu    t0, t0, a2
core   0: 3 0x80000dde (0x02c2f2b3) x 5 0x00016000
core   0: 0x80000de2 (0x0000537d) c.li    t1, -1
core   0: 3 0x80000de2 (0x537d) x 6 0xffffffff
core   0: 0x80000de4 (0x0377bb33) mulhu   s6, a5, s7
core   0: 3 0x80000de4 (0x0377bb33) x22 0x00000000
core   0: 0x80000de8 (0x018221b3) slt     gp, tp, s8
core   0: 3 0x80000de8 (0x018221b3) x 3 0x00000001
core   0: 0x80000dec (0x6d54fd93) andi    s11, s1, 1749
core   0: 3 0x80000dec (0x6d54fd93) x27 0x000006d5
core   0: 0x80000df0 (0x00006d4d) c.lui   s10, 0x13
core   0: 3 0x80000df0 (0x6d4d) x26 0x00013000
core   0: 0x80000df2 (0x95295d17) auipc   s10, 0x95295
core   0: 3 0x80000df2 (0x95295d17) x26 0x15295df2
core   0: 0x80000df6 (0x4101d8b3) sra     a7, gp, a6
core   0: 3 0x80000df6 (0x4101d8b3) x17 0x00000000
core   0: 0x80000dfa (0x00008c0d) c.sub   s0, a1
core   0: 3 0x80000dfa (0x8c0d) x 8 0x0a3d2a44
core   0: 0x80000dfc (0xfb24dfe3) bge     s1, s2, pc - 66
core   0: 3 0x80000dfc (0xfb24dfe3)
core   0: 0x80000dba (0x014d0b33) add     s6, s10, s4
core   0: 3 0x80000dba (0x014d0b33) x22 0x952bbad6
core   0: 0x80000dbe (0x0000951a) c.add   a0, t1
core   0: 3 0x80000dbe (0x951a) x10 0xfffffffb
core   0: 0x80000dc0 (0x0000943a) c.add   s0, a4
core   0: 3 0x80000dc0 (0x943a) x 8 0x0a3d2a43
core   0: 0x80000dc2 (0x00006e15) c.lui   t3, 0x5
core   0: 3 0x80000dc2 (0x6e15) x28 0x00005000
core   0: 0x80000dc4 (0xc1220d13) addi    s10, tp, -1006
core   0: 3 0x80000dc4 (0xc1220d13) x26 0xf61b8c02
core   0: 0x80000dc8 (0x000014f9) c.addi  s1, -2
core   0: 3 0x80000dc8 (0x14f9) x 9 0xfffffff3
core   0: 0x80000dca (0x02269833) mulh    a6, a3, sp
core   0: 3 0x80000dca (0x02269833) x16 0xffffffff
core   0: 0x80000dce (0x21f32093) slti    ra, t1, 543
core   0: 3 0x80000dce (0x21f32093) x 1 0x00000001
core   0: 0x80000dd2 (0x02024733) div     a4, tp, zero
core   0: 3 0x80000dd2 (0x02024733) x14 0xffffffff
core   0: 0x80000dd6 (0x0331ef33) rem     t5, gp, s3
core   0: 3 0x80000dd6 (0x0331ef33) x30 0x00000001
core   0: 0x80000dda (0x0043e033) or      zero, t2, tp
core   0: 3 0x80000dda (0x0043e033)
core   0: 0x80000dde (0x02c2f2b3) remu    t0, t0, a2
core   0: 3 0x80000dde (0x02c2f2b3) x 5 0x00016000
core   0: 0x80000de2 (0x0000537d) c.li    t1, -1
core   0: 3 0x80000de2 (0x537d) x 6 0xffffffff
core   0: 0x80000de4 (0x0377bb33) mulhu   s6, a5, s7
core   0: 3 0x80000de4 (0x0377bb33) x22 0x00000000
core   0: 0x80000de8 (0x018221b3) slt     gp, tp, s8
core   0: 3 0x80000de8 (0x018221b3) x 3 0x00000001
core   0: 0x80000dec (0x6d54fd93) andi    s11, s1, 1749
core   0: 3 0x80000dec (0x6d54fd93) x27 0x000006d1
core   0: 0x80000df0 (0x00006d4d) c.lui   s10, 0x13
core   0: 3 0x80000df0 (0x6d4d) x26 0x00013000
core   0: 0x80000df2 (0x95295d17) auipc   s10, 0x95295
core   0: 3 0x80000df2 (0x95295d17) x26 0x15295df2
core   0: 0x80000df6 (0x4101d8b3) sra     a7, gp, a6
core   0: 3 0x80000df6 (0x4101d8b3) x17 0x00000000
core   0: 0x80000dfa (0x00008c0d) c.sub   s0, a1
core   0: 3 0x80000dfa (0x8c0d) x 8 0x0c4965e2
core   0: 0x80000dfc (0xfb24dfe3) bge     s1, s2, pc - 66
core   0: 3 0x80000dfc (0xfb24dfe3)
core   0: 0x80000dba (0x014d0b33) add     s6, s10, s4
core   0: 3 0x80000dba (0x014d0b33) x22 0x952bbad6
core   0: 0x80000dbe (0x0000951a) c.add   a0, t1
core   0: 3 0x80000dbe (0x951a) x10 0xfffffffa
core   0: 0x80000dc0 (0x0000943a) c.add   s0, a4
core   0: 3 0x80000dc0 (0x943a) x 8 0x0c4965e1
core   0: 0x80000dc2 (0x00006e15) c.lui   t3, 0x5
core   0: 3 0x80000dc2 (0x6e15) x28 0x00005000
core   0: 0x80000dc4 (0xc1220d13) addi    s10, tp, -1006
core   0: 3 0x80000dc4 (0xc1220d13) x26 0xf61b8c02
core   0: 0x80000dc8 (0x000014f9) c.addi  s1, -2
core   0: 3 0x80000dc8 (0x14f9) x 9 0xfffffff1
core   0: 0x80000dca (0x02269833) mulh    a6, a3, sp
core   0: 3 0x80000dca (0x02269833) x16 0xffffffff
core   0: 0x80000dce (0x21f32093) slti    ra, t1, 543
core   0: 3 0x80000dce (0x21f32093) x 1 0x00000001
core   0: 0x80000dd2 (0x02024733) div     a4, tp, zero
core   0: 3 0x80000dd2 (0x02024733) x14 0xffffffff
core   0: 0x80000dd6 (0x0331ef33) rem     t5, gp, s3
core   0: 3 0x80000dd6 (0x0331ef33) x30 0x00000001
core   0: 0x80000dda (0x0043e033) or      zero, t2, tp
core   0: 3 0x80000dda (0x0043e033)
core   0: 0x80000dde (0x02c2f2b3) remu    t0, t0, a2
core   0: 3 0x80000dde (0x02c2f2b3) x 5 0x00016000
core   0: 0x80000de2 (0x0000537d) c.li    t1, -1
core   0: 3 0x80000de2 (0x537d) x 6 0xffffffff
core   0: 0x80000de4 (0x0377bb33) mulhu   s6, a5, s7
core   0: 3 0x80000de4 (0x0377bb33) x22 0x00000000
core   0: 0x80000de8 (0x018221b3) slt     gp, tp, s8
core   0: 3 0x80000de8 (0x018221b3) x 3 0x00000001
core   0: 0x80000dec (0x6d54fd93) andi    s11, s1, 1749
core   0: 3 0x80000dec (0x6d54fd93) x27 0x000006d1
core   0: 0x80000df0 (0x00006d4d) c.lui   s10, 0x13
core   0: 3 0x80000df0 (0x6d4d) x26 0x00013000
core   0: 0x80000df2 (0x95295d17) auipc   s10, 0x95295
core   0: 3 0x80000df2 (0x95295d17) x26 0x15295df2
core   0: 0x80000df6 (0x4101d8b3) sra     a7, gp, a6
core   0: 3 0x80000df6 (0x4101d8b3) x17 0x00000000
core   0: 0x80000dfa (0x00008c0d) c.sub   s0, a1
core   0: 3 0x80000dfa (0x8c0d) x 8 0x0e55a180
core   0: 0x80000dfc (0xfb24dfe3) bge     s1, s2, pc - 66
core   0: 3 0x80000dfc (0xfb24dfe3)
core   0: 0x80000dba (0x014d0b33) add     s6, s10, s4
core   0: 3 0x80000dba (0x014d0b33) x22 0x952bbad6
core   0: 0x80000dbe (0x0000951a) c.add   a0, t1
core   0: 3 0x80000dbe (0x951a) x10 0xfffffff9
core   0: 0x80000dc0 (0x0000943a) c.add   s0, a4
core   0: 3 0x80000dc0 (0x943a) x 8 0x0e55a17f
core   0: 0x80000dc2 (0x00006e15) c.lui   t3, 0x5
core   0: 3 0x80000dc2 (0x6e15) x28 0x00005000
core   0: 0x80000dc4 (0xc1220d13) addi    s10, tp, -1006
core   0: 3 0x80000dc4 (0xc1220d13) x26 0xf61b8c02
core   0: 0x80000dc8 (0x000014f9) c.addi  s1, -2
core   0: 3 0x80000dc8 (0x14f9) x 9 0xffffffef
core   0: 0x80000dca (0x02269833) mulh    a6, a3, sp
core   0: 3 0x80000dca (0x02269833) x16 0xffffffff
core   0: 0x80000dce (0x21f32093) slti    ra, t1, 543
core   0: 3 0x80000dce (0x21f32093) x 1 0x00000001
core   0: 0x80000dd2 (0x02024733) div     a4, tp, zero
core   0: 3 0x80000dd2 (0x02024733) x14 0xffffffff
core   0: 0x80000dd6 (0x0331ef33) rem     t5, gp, s3
core   0: 3 0x80000dd6 (0x0331ef33) x30 0x00000001
core   0: 0x80000dda (0x0043e033) or      zero, t2, tp
core   0: 3 0x80000dda (0x0043e033)
core   0: 0x80000dde (0x02c2f2b3) remu    t0, t0, a2
core   0: 3 0x80000dde (0x02c2f2b3) x 5 0x00016000
core   0: 0x80000de2 (0x0000537d) c.li    t1, -1
core   0: 3 0x80000de2 (0x537d) x 6 0xffffffff
core   0: 0x80000de4 (0x0377bb33) mulhu   s6, a5, s7
core   0: 3 0x80000de4 (0x0377bb33) x22 0x00000000
core   0: 0x80000de8 (0x018221b3) slt     gp, tp, s8
core   0: 3 0x80000de8 (0x018221b3) x 3 0x00000001
core   0: 0x80000dec (0x6d54fd93) andi    s11, s1, 1749
core   0: 3 0x80000dec (0x6d54fd93) x27 0x000006c5
core   0: 0x80000df0 (0x00006d4d) c.lui   s10, 0x13
core   0: 3 0x80000df0 (0x6d4d) x26 0x00013000
core   0: 0x80000df2 (0x95295d17) auipc   s10, 0x95295
core   0: 3 0x80000df2 (0x95295d17) x26 0x15295df2
core   0: 0x80000df6 (0x4101d8b3) sra     a7, gp, a6
core   0: 3 0x80000df6 (0x4101d8b3) x17 0x00000000
core   0: 0x80000dfa (0x00008c0d) c.sub   s0, a1
core   0: 3 0x80000dfa (0x8c0d) x 8 0x1061dd1e
core   0: 0x80000dfc (0xfb24dfe3) bge     s1, s2, pc - 66
core   0: 3 0x80000dfc (0xfb24dfe3)
core   0: 0x80000e00 (0x75f9ce93) xori    t4, s3, 1887
core   0: 3 0x80000e00 (0x75f9ce93) x29 0xf61b975f
core   0: 0x80000e04 (0xffd00693) li      a3, -3
core   0: 3 0x80000e04 (0xffd00693) x13 0xfffffffd
core   0: 0x80000e08 (0x00004a95) c.li    s5, 5
core   0: 3 0x80000e08 (0x4a95) x21 0x00000005
core   0: 0x80000e0a (0x0008f1b3) and     gp, a7, zero
core   0: 3 0x80000e0a (0x0008f1b3) x 3 0x00000000
core   0: 0x80000e0e (0x00008665) c.srai  a2, 25
core   0: 3 0x80000e0e (0x8665) x12 0xffffffff
core   0: 0x80000e10 (0xfabb4e93) xori    t4, s6, -85
core   0: 3 0x80000e10 (0xfabb4e93) x29 0xffffffab
core   0: 0x80000e14 (0x00e189b3) add     s3, gp, a4
core   0: 3 0x80000e14 (0x00e189b3) x19 0xffffffff
core   0: 0x80000e18 (0x00000001) c.nop
core   0: 3 0x80000e18 (0x0001)
core   0: 0x80000e1a (0x0ff0000f) fence   iorw,iorw
core   0: 3 0x80000e1a (0x0ff0000f)
core   0: 0x80000e1e (0x013a6833) or      a6, s4, s3
core   0: 3 0x80000e1e (0x013a6833) x16 0xffffffff
core   0: 0x80000e22 (0x03ed1e33) mulh    t3, s10, t5
core   0: 3 0x80000e22 (0x03ed1e33) x28 0x00000000
core   0: 0x80000e26 (0x00cbf333) and     t1, s7, a2
core   0: 3 0x80000e26 (0x00cbf333) x 6 0x00000000
core   0: 0x80000e2a (0x6c097a93) andi    s5, s2, 1728
core   0: 3 0x80000e2a (0x6c097a93) x21 0x000006c0
core   0: 0x80000e2e (0x028e23b3) mulhsu  t2, t3, s0
core   0: 3 0x80000e2e (0x028e23b3) x 7 0x00000000
core   0: 0x80000e32 (0x00001e18) c.addi4spn a4, sp, 816
core   0: 3 0x80000e32 (0x1e18) x14 0xf61b9320
core   0: 0x80000e34 (0x89ffb313) sltiu   t1, t6, -1889
core   0: 3 0x80000e34 (0x89ffb313) x 6 0x00000000
core   0: 0x80000e38 (0x0239be33) mulhu   t3, s3, gp
core   0: 3 0x80000e38 (0x0239be33) x28 0x00000000
core   0: 0x80000e3c (0x0000100f) fence.i
core   0: 3 0x80000e3c (0x0000100f)
core   0: 0x80000e40 (0x001d7ab3) and     s5, s10, ra
core   0: 3 0x80000e40 (0x001d7ab3) x21 0x00000000
core   0: 0x80000e44 (0xde53dd37) lui     s10, 0xde53d
core   0: 3 0x80000e44 (0xde53dd37) x26 0xde53d000
core   0: 0x80000e48 (0x0000068d) c.addi  a3, 3
core   0: 3 0x80000e48 (0x068d) x13 0x00000000
core   0: 0x80000e4a (0x00a5f0b3) and     ra, a1, a0
core   0: 3 0x80000e4a (0x00a5f0b3) x 1 0xfdf3c461
core   0: 0x80000e4e (0x00008e35) c.xor   a2, a3
core   0: 3 0x80000e4e (0x8e35) x12 0xffffffff
core   0: 0x80000e50 (0x0090bf33) sltu    t5, ra, s1
core   0: 3 0x80000e50 (0x0090bf33) x30 0x00000001
core   0: 0x80000e54 (0x0000d2e5) c.beqz  a3, pc - 32
core   0: 3 0x80000e54 (0xd2e5)
core   0: 0x80000e34 (0x89ffb313) sltiu   t1, t6, -1889
core   0: 3 0x80000e34 (0x89ffb313) x 6 0x00000000
core   0: 0x80000e38 (0x0239be33) mulhu   t3, s3, gp
core   0: 3 0x80000e38 (0x0239be33) x28 0x00000000
core   0: 0x80000e3c (0x0000100f) fence.i
core   0: 3 0x80000e3c (0x0000100f)
core   0: 0x80000e40 (0x001d7ab3) and     s5, s10, ra
core   0: 3 0x80000e40 (0x001d7ab3) x21 0xdc53c000
core   0: 0x80000e44 (0xde53dd37) lui     s10, 0xde53d
core   0: 3 0x80000e44 (0xde53dd37) x26 0xde53d000
core   0: 0x80000e48 (0x0000068d) c.addi  a3, 3
core   0: 3 0x80000e48 (0x068d) x13 0x00000003
core   0: 0x80000e4a (0x00a5f0b3) and     ra, a1, a0
core   0: 3 0x80000e4a (0x00a5f0b3) x 1 0xfdf3c461
core   0: 0x80000e4e (0x00008e35) c.xor   a2, a3
core   0: 3 0x80000e4e (0x8e35) x12 0xfffffffc
core   0: 0x80000e50 (0x0090bf33) sltu    t5, ra, s1
core   0: 3 0x80000e50 (0x0090bf33) x30 0x00000001
core   0: 0x80000e54 (0x0000d2e5) c.beqz  a3, pc - 32
core   0: 3 0x80000e54 (0xd2e5)
core   0: 0x80000e56 (0x0000717d) c.addi16sp sp, -16
core   0: 3 0x80000e56 (0x717d) x 2 0xf61b8fe0
core   0: 0x80000e58 (0xffd00193) li      gp, -3
core   0: 3 0x80000e58 (0xffd00193) x 3 0xfffffffd
core   0: 0x80000e5c (0x03aa8fb3) mul     t6, s5, s10
core   0: 3 0x80000e5c (0x03aa8fb3) x31 0x4c000000
core   0: 0x80000e60 (0x00008ce9) c.and   s1, a0
core   0: 3 0x80000e60 (0x8ce9) x 9 0xffffffe9
core   0: 0x80000e62 (0x00d00613) li      a2, 13
core   0: 3 0x80000e62 (0x00d00613) x12 0x0000000d
core   0: 0x80000e66 (0x0115a233) slt     tp, a1, a7
core   0: 3 0x80000e66 (0x0115a233) x 4 0x00000001
core   0: 0x80000e6a (0x2826a9b7) lui     s3, 0x2826a
core   0: 3 0x80000e6a (0x2826a9b7) x19 0x2826a000
core   0: 0x80000e6e (0x0075f333) and     t1, a1, t2
core   0: 3 0x80000e6e (0x0075f333) x 6 0x00000000
core   0: 0x80000e72 (0x03b08733) mul     a4, ra, s11
core   0: 3 0x80000e72 (0x03b08733) x14 0x233064a5
core   0: 0x80000e76 (0x00000185) c.addi  gp, 1
core   0: 3 0x80000e76 (0x0185) x 3 0xfffffffe
core   0: 0x80000e78 (0x00e99113) slli    sp, s3, 14
core   0: 3 0x80000e78 (0x00e99113) x 2 0xa8000000
core   0: 0x80000e7c (0x00700913) li      s2, 7
core   0: 3 0x80000e7c (0x00700913) x18 0x00000007
core   0: 0x80000e80 (0x026e4733) div     a4, t3, t1
core   0: 3 0x80000e80 (0x026e4733) x14 0xffffffff
core   0: 0x80000e84 (0x000099be) c.add   s3, a5
core   0: 3 0x80000e84 (0x99be) x19 0xa828be64
core   0: 0x80000e86 (0xa285ca93) xori    s5, a1, -1496
core   0: 3 0x80000e86 (0xa285ca93) x21 0x020c3e49
core   0: 0x80000e8a (0x00000001) c.nop
core   0: 3 0x80000e8a (0x0001)
core   0: 0x80000e8c (0x00c00093) li      ra, 12
core   0: 3 0x80000e8c (0x00c00093) x 1 0x0000000c
core   0: 0x80000e90 (0x00009e0e) c.add   t3, gp
core   0: 3 0x80000e90 (0x9e0e) x28 0xfffffffe
core   0: 0x80000e92 (0x00cce733) or      a4, s9, a2
core   0: 3 0x80000e92 (0x00cce733) x14 0x0000000d
core   0: 0x80000e96 (0xd22e7a93) andi    s5, t3, -734
core   0: 3 0x80000e96 (0xd22e7a93) x21 0xfffffd22
core   0: 0x80000e9a (0x00006111) c.addi16sp sp, 256
core   0: 3 0x80000e9a (0x6111) x 2 0xa8000100
core   0: 0x80000e9c (0x00000905) c.addi  s2, 1
core   0: 3 0x80000e9c (0x0905) x18 0x00000008
core   0: 0x80000e9e (0x00008c29) c.xor   s0, a0
core   0: 3 0x80000e9e (0x8c29) x 8 0xef9e22e7
core   0: 0x80000ea0 (0xafe7c013) xori    zero, a5, -1282
core   0: 3 0x80000ea0 (0xafe7c013)
core   0: 0x80000ea4 (0x0000717d) c.addi16sp sp, -16
core   0: 3 0x80000ea4 (0x717d) x 2 0xa80000f0
core   0: 0x80000ea6 (0x00000fca) c.slli  t6, 18
core   0: 3 0x80000ea6 (0x0fca) x31 0x00000000
core   0: 0x80000ea8 (0x7b12d337) lui     t1, 0x7b12d
core   0: 3 0x80000ea8 (0x7b12d337) x 6 0x7b12d000
core   0: 0x80000eac (0x0000100f) fence.i
core   0: 3 0x80000eac (0x0000100f)
core   0: 0x80000eb0 (0x01463233) sltu    tp, a2, s4
core   0: 3 0x80000eb0 (0x01463233) x 4 0x00000001
core   0: 0x80000eb4 (0xfe1911e3) bne     s2, ra, pc - 30
core   0: 3 0x80000eb4 (0xfe1911e3)
core   0: 0x80000e96 (0xd22e7a93) andi    s5, t3, -734
core   0: 3 0x80000e96 (0xd22e7a93) x21 0xfffffd22
core   0: 0x80000e9a (0x00006111) c.addi16sp sp, 256
core   0: 3 0x80000e9a (0x6111) x 2 0xa80001f0
core   0: 0x80000e9c (0x00000905) c.addi  s2, 1
core   0: 3 0x80000e9c (0x0905) x18 0x00000009
core   0: 0x80000e9e (0x00008c29) c.xor   s0, a0
core   0: 3 0x80000e9e (0x8c29) x 8 0x1061dd1e
core   0: 0x80000ea0 (0xafe7c013) xori    zero, a5, -1282
core   0: 3 0x80000ea0 (0xafe7c013)
core   0: 0x80000ea4 (0x0000717d) c.addi16sp sp, -16
core   0: 3 0x80000ea4 (0x717d) x 2 0xa80001e0
core   0: 0x80000ea6 (0x00000fca) c.slli  t6, 18
core   0: 3 0x80000ea6 (0x0fca) x31 0x00000000
core   0: 0x80000ea8 (0x7b12d337) lui     t1, 0x7b12d
core   0: 3 0x80000ea8 (0x7b12d337) x 6 0x7b12d000
core   0: 0x80000eac (0x0000100f) fence.i
core   0: 3 0x80000eac (0x0000100f)
core   0: 0x80000eb0 (0x01463233) sltu    tp, a2, s4
core   0: 3 0x80000eb0 (0x01463233) x 4 0x00000001
core   0: 0x80000eb4 (0xfe1911e3) bne     s2, ra, pc - 30
core   0: 3 0x80000eb4 (0xfe1911e3)
core   0: 0x80000e96 (0xd22e7a93) andi    s5, t3, -734
core   0: 3 0x80000e96 (0xd22e7a93) x21 0xfffffd22
core   0: 0x80000e9a (0x00006111) c.addi16sp sp, 256
core   0: 3 0x80000e9a (0x6111) x 2 0xa80002e0
core   0: 0x80000e9c (0x00000905) c.addi  s2, 1
core   0: 3 0x80000e9c (0x0905) x18 0x0000000a
core   0: 0x80000e9e (0x00008c29) c.xor   s0, a0
core   0: 3 0x80000e9e (0x8c29) x 8 0xef9e22e7
core   0: 0x80000ea0 (0xafe7c013) xori    zero, a5, -1282
core   0: 3 0x80000ea0 (0xafe7c013)
core   0: 0x80000ea4 (0x0000717d) c.addi16sp sp, -16
core   0: 3 0x80000ea4 (0x717d) x 2 0xa80002d0
core   0: 0x80000ea6 (0x00000fca) c.slli  t6, 18
core   0: 3 0x80000ea6 (0x0fca) x31 0x00000000
core   0: 0x80000ea8 (0x7b12d337) lui     t1, 0x7b12d
core   0: 3 0x80000ea8 (0x7b12d337) x 6 0x7b12d000
core   0: 0x80000eac (0x0000100f) fence.i
core   0: 3 0x80000eac (0x0000100f)
core   0: 0x80000eb0 (0x01463233) sltu    tp, a2, s4
core   0: 3 0x80000eb0 (0x01463233) x 4 0x00000001
core   0: 0x80000eb4 (0xfe1911e3) bne     s2, ra, pc - 30
core   0: 3 0x80000eb4 (0xfe1911e3)
core   0: 0x80000e96 (0xd22e7a93) andi    s5, t3, -734
core   0: 3 0x80000e96 (0xd22e7a93) x21 0xfffffd22
core   0: 0x80000e9a (0x00006111) c.addi16sp sp, 256
core   0: 3 0x80000e9a (0x6111) x 2 0xa80003d0
core   0: 0x80000e9c (0x00000905) c.addi  s2, 1
core   0: 3 0x80000e9c (0x0905) x18 0x0000000b
core   0: 0x80000e9e (0x00008c29) c.xor   s0, a0
core   0: 3 0x80000e9e (0x8c29) x 8 0x1061dd1e
core   0: 0x80000ea0 (0xafe7c013) xori    zero, a5, -1282
core   0: 3 0x80000ea0 (0xafe7c013)
core   0: 0x80000ea4 (0x0000717d) c.addi16sp sp, -16
core   0: 3 0x80000ea4 (0x717d) x 2 0xa80003c0
core   0: 0x80000ea6 (0x00000fca) c.slli  t6, 18
core   0: 3 0x80000ea6 (0x0fca) x31 0x00000000
core   0: 0x80000ea8 (0x7b12d337) lui     t1, 0x7b12d
core   0: 3 0x80000ea8 (0x7b12d337) x 6 0x7b12d000
core   0: 0x80000eac (0x0000100f) fence.i
core   0: 3 0x80000eac (0x0000100f)
core   0: 0x80000eb0 (0x01463233) sltu    tp, a2, s4
core   0: 3 0x80000eb0 (0x01463233) x 4 0x00000001
core   0: 0x80000eb4 (0xfe1911e3) bne     s2, ra, pc - 30
core   0: 3 0x80000eb4 (0xfe1911e3)
core   0: 0x80000e96 (0xd22e7a93) andi    s5, t3, -734
core   0: 3 0x80000e96 (0xd22e7a93) x21 0xfffffd22
core   0: 0x80000e9a (0x00006111) c.addi16sp sp, 256
core   0: 3 0x80000e9a (0x6111) x 2 0xa80004c0
core   0: 0x80000e9c (0x00000905) c.addi  s2, 1
core   0: 3 0x80000e9c (0x0905) x18 0x0000000c
core   0: 0x80000e9e (0x00008c29) c.xor   s0, a0
core   0: 3 0x80000e9e (0x8c29) x 8 0xef9e22e7
core   0: 0x80000ea0 (0xafe7c013) xori    zero, a5, -1282
core   0: 3 0x80000ea0 (0xafe7c013)
core   0: 0x80000ea4 (0x0000717d) c.addi16sp sp, -16
core   0: 3 0x80000ea4 (0x717d) x 2 0xa80004b0
core   0: 0x80000ea6 (0x00000fca) c.slli  t6, 18
core   0: 3 0x80000ea6 (0x0fca) x31 0x00000000
core   0: 0x80000ea8 (0x7b12d337) lui     t1, 0x7b12d
core   0: 3 0x80000ea8 (0x7b12d337) x 6 0x7b12d000
core   0: 0x80000eac (0x0000100f) fence.i
core   0: 3 0x80000eac (0x0000100f)
core   0: 0x80000eb0 (0x01463233) sltu    tp, a2, s4
core   0: 3 0x80000eb0 (0x01463233) x 4 0x00000001
core   0: 0x80000eb4 (0xfe1911e3) bne     s2, ra, pc - 30
core   0: 3 0x80000eb4 (0xfe1911e3)
core   0: 0x80000eb8 (0x000015fd) c.addi  a1, -1
core   0: 3 0x80000eb8 (0x15fd) x11 0xfdf3c460
core   0: 0x80000eba (0xfac1eae3) bltu    gp, a2, pc - 76
core   0: 3 0x80000eba (0xfac1eae3)
core   0: 0x80000ebe (0x0000957e) c.add   a0, t6
core   0: 3 0x80000ebe (0x957e) x10 0xfffffff9
core   0: 0x80000ec0 (0xfff00413) li      s0, -1
core   0: 3 0x80000ec0 (0xfff00413) x 8 0xffffffff
core   0: 0x80000ec4 (0xff600613) li      a2, -10
core   0: 3 0x80000ec4 (0xff600613) x12 0xfffffff6
core   0: 0x80000ec8 (0x03963733) mulhu   a4, a2, s9
core   0: 3 0x80000ec8 (0x03963733) x14 0x00000000
core   0: 0x80000ecc (0x0000145d) c.addi  s0, -9
core   0: 3 0x80000ecc (0x145d) x 8 0xfffffff6
core   0: 0x80000ece (0xf325e697) auipc   a3, 0xf325e
core   0: 3 0x80000ece (0xf325e697) x13 0x7325eece
core   0: 0x80000ed2 (0xfff00913) li      s2, -1
core   0: 3 0x80000ed2 (0xfff00913) x18 0xffffffff
core   0: 0x80000ed6 (0xff300393) li      t2, -13
core   0: 3 0x80000ed6 (0xff300393) x 7 0xfffffff3
core   0: 0x80000eda (0x00008abe) c.mv    s5, a5
core   0: 3 0x80000eda (0x8abe) x21 0x80021e64
core   0: 0x80000edc (0x00001969) c.addi  s2, -6
core   0: 3 0x80000edc (0x1969) x18 0xfffffff9
core   0: 0x80000ede (0xfe791ee3) bne     s2, t2, pc - 4
core   0: 3 0x80000ede (0xfe791ee3)
core   0: 0x80000eda (0x00008abe) c.mv    s5, a5
core   0: 3 0x80000eda (0x8abe) x21 0x80021e64
core   0: 0x80000edc (0x00001969) c.addi  s2, -6
core   0: 3 0x80000edc (0x1969) x18 0xfffffff3
core   0: 0x80000ede (0xfe791ee3) bne     s2, t2, pc - 4
core   0: 3 0x80000ede (0xfe791ee3)
core   0: 0x80000ee2 (0xfec453e3) bge     s0, a2, pc - 26
core   0: 3 0x80000ee2 (0xfec453e3)
core   0: 0x80000ec8 (0x03963733) mulhu   a4, a2, s9
core   0: 3 0x80000ec8 (0x03963733) x14 0x00000000
core   0: 0x80000ecc (0x0000145d) c.addi  s0, -9
core   0: 3 0x80000ecc (0x145d) x 8 0xffffffed
core   0: 0x80000ece (0xf325e697) auipc   a3, 0xf325e
core   0: 3 0x80000ece (0xf325e697) x13 0x7325eece
core   0: 0x80000ed2 (0xfff00913) li      s2, -1
core   0: 3 0x80000ed2 (0xfff00913) x18 0xffffffff
core   0: 0x80000ed6 (0xff300393) li      t2, -13
core   0: 3 0x80000ed6 (0xff300393) x 7 0xfffffff3
core   0: 0x80000eda (0x00008abe) c.mv    s5, a5
core   0: 3 0x80000eda (0x8abe) x21 0x80021e64
core   0: 0x80000edc (0x00001969) c.addi  s2, -6
core   0: 3 0x80000edc (0x1969) x18 0xfffffff9
core   0: 0x80000ede (0xfe791ee3) bne     s2, t2, pc - 4
core   0: 3 0x80000ede (0xfe791ee3)
core   0: 0x80000eda (0x00008abe) c.mv    s5, a5
core   0: 3 0x80000eda (0x8abe) x21 0x80021e64
core   0: 0x80000edc (0x00001969) c.addi  s2, -6
core   0: 3 0x80000edc (0x1969) x18 0xfffffff3
core   0: 0x80000ede (0xfe791ee3) bne     s2, t2, pc - 4
core   0: 3 0x80000ede (0xfe791ee3)
core   0: 0x80000ee2 (0xfec453e3) bge     s0, a2, pc - 26
core   0: 3 0x80000ee2 (0xfec453e3)
core   0: 0x80000ee6 (0x01afd213) srli    tp, t6, 26
core   0: 3 0x80000ee6 (0x01afd213) x 4 0x00000000
core   0: 0x80000eea (0x00900093) li      ra, 9
core   0: 3 0x80000eea (0x00900093) x 1 0x00000009
core   0: 0x80000eee (0x00b00593) li      a1, 11
core   0: 3 0x80000eee (0x00b00593) x11 0x0000000b
core   0: 0x80000ef2 (0x00008299) c.srli  a3, 6
core   0: 3 0x80000ef2 (0x8299) x13 0x01cc97bb
core   0: 0x80000ef4 (0x00009afd) c.andi  a3, -1
core   0: 3 0x80000ef4 (0x9afd) x13 0x01cc97bb
core   0: 0x80000ef6 (0x00008065) c.srli  s0, 25
core   0: 3 0x80000ef6 (0x8065) x 8 0x0000007f
core   0: 0x80000ef8 (0x73b63413) sltiu   s0, a2, 1851
core   0: 3 0x80000ef8 (0x73b63413) x 8 0x00000000
core   0: 0x80000efc (0x0000932a) c.add   t1, a0
core   0: 3 0x80000efc (0x932a) x 6 0x7b12cff9
core   0: 0x80000efe (0x000000a1) c.addi  ra, 8
core   0: 3 0x80000efe (0x00a1) x 1 0x00000011
core   0: 0x80000f00 (0x00a00c93) li      s9, 10
core   0: 3 0x80000f00 (0x00a00c93) x25 0x0000000a
core   0: 0x80000f04 (0x00004fed) c.li    t6, 27
core   0: 3 0x80000f04 (0x4fed) x31 0x0000001b
core   0: 0x80000f06 (0x00800d93) li      s11, 8
core   0: 3 0x80000f06 (0x00800d93) x27 0x00000008
core   0: 0x80000f0a (0x0000010e) c.slli  sp, 3
core   0: 3 0x80000f0a (0x010e) x 2 0x40002580
core   0: 0x80000f0c (0x00001694) c.addi4spn a3, sp, 864
core   0: 3 0x80000f0c (0x1694) x13 0x400028e0
core   0: 0x80000f0e (0x00008ede) c.mv    t4, s7
core   0: 3 0x80000f0e (0x8ede) x29 0x00000000
core   0: 0x80000f10 (0x01d946b3) xor     a3, s2, t4
core   0: 3 0x80000f10 (0x01d946b3) x13 0xfffffff3
core   0: 0x80000f14 (0x00008c2d) c.xor   s0, a1
core   0: 3 0x80000f14 (0x8c2d) x 8 0x0000000b
core   0: 0x80000f16 (0x6a342193) slti    gp, s0, 1699
core   0: 3 0x80000f16 (0x6a342193) x 3 0x00000001
core   0: 0x80000f1a (0x00009d66) c.add   s10, s9
core   0: 3 0x80000f1a (0x9d66) x26 0xde53d00a
core   0: 0x80000f1c (0x00001cf9) c.addi  s9, -2
core   0: 3 0x80000f1c (0x1cf9) x25 0x00000008
core   0: 0x80000f1e (0x00000f94) c.addi4spn a3, sp, 976
core   0: 3 0x80000f1e (0x0f94) x13 0x40002950
core   0: 0x80000f20 (0xffbcdae3) bge     s9, s11, pc - 12
core   0: 3 0x80000f20 (0xffbcdae3)
core   0: 0x80000f14 (0x00008c2d) c.xor   s0, a1
core   0: 3 0x80000f14 (0x8c2d) x 8 0x00000000
core   0: 0x80000f16 (0x6a342193) slti    gp, s0, 1699
core   0: 3 0x80000f16 (0x6a342193) x 3 0x00000001
core   0: 0x80000f1a (0x00009d66) c.add   s10, s9
core   0: 3 0x80000f1a (0x9d66) x26 0xde53d012
core   0: 0x80000f1c (0x00001cf9) c.addi  s9, -2
core   0: 3 0x80000f1c (0x1cf9) x25 0x00000006
core   0: 0x80000f1e (0x00000f94) c.addi4spn a3, sp, 976
core   0: 3 0x80000f1e (0x0f94) x13 0x40002950
core   0: 0x80000f20 (0xffbcdae3) bge     s9, s11, pc - 12
core   0: 3 0x80000f20 (0xffbcdae3)
core   0: 0x80000f24 (0x03dd3e33) mulhu   t3, s10, t4
core   0: 3 0x80000f24 (0x03dd3e33) x28 0x00000000
core   0: 0x80000f28 (0xfcb0cae3) blt     ra, a1, pc - 44
core   0: 3 0x80000f28 (0xfcb0cae3)
core   0: 0x80000f2c (0x0048a9b3) slt     s3, a7, tp
core   0: 3 0x80000f2c (0x0048a9b3) x19 0x00000000
core   0: 0x80000f30 (0x00800413) li      s0, 8
core   0: 3 0x80000f30 (0x00800413) x 8 0x00000008
core   0: 0x80000f34 (0x8330c337) lui     t1, 0x8330c
core   0: 3 0x80000f34 (0x8330c337) x 6 0x8330c000
core   0: 0x80000f38 (0x0291cbb3) div     s7, gp, s1
core   0: 3 0x80000f38 (0x0291cbb3) x23 0x00000000
core   0: 0x80000f3c (0x00000001) c.nop
core   0: 3 0x80000f3c (0x0001)
core   0: 0x80000f3e (0x000002ad) c.addi  t0, 11
core   0: 3 0x80000f3e (0x02ad) x 5 0x0001600b
core   0: 0x80000f40 (0x65ea2013) slti    zero, s4, 1630
core   0: 3 0x80000f40 (0x65ea2013)
core   0: 0x80000f44 (0x00eccfb3) xor     t6, s9, a4
core   0: 3 0x80000f44 (0x00eccfb3) x31 0x00000006
core   0: 0x80000f48 (0x77d58d13) addi    s10, a1, 1917
core   0: 3 0x80000f48 (0x77d58d13) x26 0x00000788
core   0: 0x80000f4c (0x00800d93) li      s11, 8
core   0: 3 0x80000f4c (0x00800d93) x27 0x00000008
core   0: 0x80000f50 (0x00008f21) c.xor   a4, s0
core   0: 3 0x80000f50 (0x8f21) x14 0x00000008
core   0: 0x80000f52 (0x00b41833) sll     a6, s0, a1
core   0: 3 0x80000f52 (0x00b41833) x16 0x00004000
core   0: 0x80000f56 (0x0000100f) fence.i
core   0: 3 0x80000f56 (0x0000100f)
core   0: 0x80000f5a (0x00001479) c.addi  s0, -2
core   0: 3 0x80000f5a (0x1479) x 8 0x00000006
core   0: 0x80000f5c (0x41c109b3) sub     s3, sp, t3
core   0: 3 0x80000f5c (0x41c109b3) x19 0x40002580
core   0: 0x80000f60 (0x98ee4c93) xori    s9, t3, -1650
core   0: 3 0x80000f60 (0x98ee4c93) x25 0xfffff98e
core   0: 0x80000f64 (0xffb476e3) bgeu    s0, s11, pc - 20
core   0: 3 0x80000f64 (0xffb476e3)
core   0: 0x80000f68 (0x00008ec9) c.or    a3, a0
core   0: 3 0x80000f68 (0x8ec9) x13 0xfffffff9
core   0: 0x80000f6a (0x00800693) li      a3, 8
core   0: 3 0x80000f6a (0x00800693) x13 0x00000008
core   0: 0x80000f6e (0x000049d1) c.li    s3, 20
core   0: 3 0x80000f6e (0x49d1) x19 0x00000014
core   0: 0x80000f70 (0x0069eab3) or      s5, s3, t1
core   0: 3 0x80000f70 (0x0069eab3) x21 0x8330c014
core   0: 0x80000f74 (0x01a54b33) xor     s6, a0, s10
core   0: 3 0x80000f74 (0x01a54b33) x22 0xfffff871
core   0: 0x80000f78 (0x021e3933) mulhu   s2, t3, ra
core   0: 3 0x80000f78 (0x021e3933) x18 0x00000000
core   0: 0x80000f7c (0x00000001) c.nop
core   0: 3 0x80000f7c (0x0001)
core   0: 0x80000f7e (0x0083f5b3) and     a1, t2, s0
core   0: 3 0x80000f7e (0x0083f5b3) x11 0x00000002
core   0: 0x80000f82 (0x000016e1) c.addi  a3, -8
core   0: 3 0x80000f82 (0x16e1) x13 0x00000000
core   0: 0x80000f84 (0x02a91d33) mulh    s10, s2, a0
core   0: 3 0x80000f84 (0x02a91d33) x26 0x00000000
core   0: 0x80000f88 (0x013924b3) slt     s1, s2, s3
core   0: 3 0x80000f88 (0x013924b3) x 9 0x00000001
core   0: 0x80000f8c (0x0000100f) fence.i
core   0: 3 0x80000f8c (0x0000100f)
core   0: 0x80000f90 (0x0000f6fd) c.bnez  a3, pc - 18
core   0: 3 0x80000f90 (0xf6fd)
core   0: 0x80000f92 (0x015ace33) xor     t3, s5, s5
core   0: 3 0x80000f92 (0x015ace33) x28 0x00000000
core   0: 0x80000f96 (0xffa00713) li      a4, -6
core   0: 3 0x80000f96 (0xffa00713) x14 0xfffffffa
core   0: 0x80000f9a (0x00000001) c.nop
core   0: 3 0x80000f9a (0x0001)
core   0: 0x80000f9c (0x01cdbe33) sltu    t3, s11, t3
core   0: 3 0x80000f9c (0x01cdbe33) x28 0x00000000
core   0: 0x80000fa0 (0x4188df13) srai    t5, a7, 24
core   0: 3 0x80000fa0 (0x4188df13) x30 0x00000000
core   0: 0x80000fa4 (0x03925233) divu    tp, tp, s9
core   0: 3 0x80000fa4 (0x03925233) x 4 0x00000000
core   0: 0x80000fa8 (0x00000705) c.addi  a4, 1
core   0: 3 0x80000fa8 (0x0705) x14 0xfffffffb
core   0: 0x80000faa (0x0000fb6d) c.bnez  a4, pc - 14
core   0: 3 0x80000faa (0xfb6d)
core   0: 0x80000f9c (0x01cdbe33) sltu    t3, s11, t3
core   0: 3 0x80000f9c (0x01cdbe33) x28 0x00000000
core   0: 0x80000fa0 (0x4188df13) srai    t5, a7, 24
core   0: 3 0x80000fa0 (0x4188df13) x30 0x00000000
core   0: 0x80000fa4 (0x03925233) divu    tp, tp, s9
core   0: 3 0x80000fa4 (0x03925233) x 4 0x00000000
core   0: 0x80000fa8 (0x00000705) c.addi  a4, 1
core   0: 3 0x80000fa8 (0x0705) x14 0xfffffffc
core   0: 0x80000faa (0x0000fb6d) c.bnez  a4, pc - 14
core   0: 3 0x80000faa (0xfb6d)
core   0: 0x80000f9c (0x01cdbe33) sltu    t3, s11, t3
core   0: 3 0x80000f9c (0x01cdbe33) x28 0x00000000
core   0: 0x80000fa0 (0x4188df13) srai    t5, a7, 24
core   0: 3 0x80000fa0 (0x4188df13) x30 0x00000000
core   0: 0x80000fa4 (0x03925233) divu    tp, tp, s9
core   0: 3 0x80000fa4 (0x03925233) x 4 0x00000000
core   0: 0x80000fa8 (0x00000705) c.addi  a4, 1
core   0: 3 0x80000fa8 (0x0705) x14 0xfffffffd
core   0: 0x80000faa (0x0000fb6d) c.bnez  a4, pc - 14
core   0: 3 0x80000faa (0xfb6d)
core   0: 0x80000f9c (0x01cdbe33) sltu    t3, s11, t3
core   0: 3 0x80000f9c (0x01cdbe33) x28 0x00000000
core   0: 0x80000fa0 (0x4188df13) srai    t5, a7, 24
core   0: 3 0x80000fa0 (0x4188df13) x30 0x00000000
core   0: 0x80000fa4 (0x03925233) divu    tp, tp, s9
core   0: 3 0x80000fa4 (0x03925233) x 4 0x00000000
core   0: 0x80000fa8 (0x00000705) c.addi  a4, 1
core   0: 3 0x80000fa8 (0x0705) x14 0xfffffffe
core   0: 0x80000faa (0x0000fb6d) c.bnez  a4, pc - 14
core   0: 3 0x80000faa (0xfb6d)
core   0: 0x80000f9c (0x01cdbe33) sltu    t3, s11, t3
core   0: 3 0x80000f9c (0x01cdbe33) x28 0x00000000
core   0: 0x80000fa0 (0x4188df13) srai    t5, a7, 24
core   0: 3 0x80000fa0 (0x4188df13) x30 0x00000000
core   0: 0x80000fa4 (0x03925233) divu    tp, tp, s9
core   0: 3 0x80000fa4 (0x03925233) x 4 0x00000000
core   0: 0x80000fa8 (0x00000705) c.addi  a4, 1
core   0: 3 0x80000fa8 (0x0705) x14 0xffffffff
core   0: 0x80000faa (0x0000fb6d) c.bnez  a4, pc - 14
core   0: 3 0x80000faa (0xfb6d)
core   0: 0x80000f9c (0x01cdbe33) sltu    t3, s11, t3
core   0: 3 0x80000f9c (0x01cdbe33) x28 0x00000000
core   0: 0x80000fa0 (0x4188df13) srai    t5, a7, 24
core   0: 3 0x80000fa0 (0x4188df13) x30 0x00000000
core   0: 0x80000fa4 (0x03925233) divu    tp, tp, s9
core   0: 3 0x80000fa4 (0x03925233) x 4 0x00000000
core   0: 0x80000fa8 (0x00000705) c.addi  a4, 1
core   0: 3 0x80000fa8 (0x0705) x14 0x00000000
core   0: 0x80000faa (0x0000fb6d) c.bnez  a4, pc - 14
core   0: 3 0x80000faa (0xfb6d)
core   0: 0x80000fac (0x00008ca5) c.xor   s1, s1
core   0: 3 0x80000fac (0x8ca5) x 9 0x00000000
core   0: 0x80000fae (0xffc00e13) li      t3, -4
core   0: 3 0x80000fae (0xffc00e13) x28 0xfffffffc
core   0: 0x80000fb2 (0xca0dbb97) auipc   s7, 0xca0db
core   0: 3 0x80000fb2 (0xca0dbb97) x23 0x4a0dbfb2
core   0: 0x80000fb6 (0xe9f99eb7) lui     t4, 0xe9f99
core   0: 3 0x80000fb6 (0xe9f99eb7) x29 0xe9f99000
core   0: 0x80000fba (0x02be1f33) mulh    t5, t3, a1
core   0: 3 0x80000fba (0x02be1f33) x30 0xffffffff
core   0: 0x80000fbe (0x01fd74b3) and     s1, s10, t6
core   0: 3 0x80000fbe (0x01fd74b3) x 9 0x00000000
core   0: 0x80000fc2 (0x00008656) c.mv    a2, s5
core   0: 3 0x80000fc2 (0x8656) x12 0x8330c014
core   0: 0x80000fc4 (0x00008df9) c.and   a1, a4
core   0: 3 0x80000fc4 (0x8df9) x11 0x00000000
core   0: 0x80000fc6 (0x00d00b13) li      s6, 13
core   0: 3 0x80000fc6 (0x00d00b13) x22 0x0000000d
core   0: 0x80000fca (0x00008d41) c.or    a0, s0
core   0: 3 0x80000fca (0x8d41) x10 0xffffffff
core   0: 0x80000fcc (0x00000001) c.nop
core   0: 3 0x80000fcc (0x0001)
core   0: 0x80000fce (0xaffae693) ori     a3, s5, -1281
core   0: 3 0x80000fce (0xaffae693) x13 0xfffffaff
core   0: 0x80000fd2 (0x00006ce1) c.lui   s9, 0x18
core   0: 3 0x80000fd2 (0x6ce1) x25 0x00018000
core   0: 0x80000fd4 (0x000003a2) c.slli  t2, 8
core   0: 3 0x80000fd4 (0x03a2) x 7 0xfffff300
core   0: 0x80000fd6 (0x00000e1d) c.addi  t3, 7
core   0: 3 0x80000fd6 (0x0e1d) x28 0x00000003
core   0: 0x80000fd8 (0x00ec8833) add     a6, s9, a4
core   0: 3 0x80000fd8 (0x00ec8833) x16 0x00018000
core   0: 0x80000fdc (0x00009afd) c.andi  a3, -1
core   0: 3 0x80000fdc (0x9afd) x13 0xfffffaff
core   0: 0x80000fde (0x40c75ab3) sra     s5, a4, a2
core   0: 3 0x80000fde (0x40c75ab3) x21 0x00000000
core   0: 0x80000fe2 (0x00000001) c.nop
core   0: 3 0x80000fe2 (0x0001)
core   0: 0x80000fe4 (0x0ff0000f) fence   iorw,iorw
core   0: 3 0x80000fe4 (0x0ff0000f)
core   0: 0x80000fe8 (0x01efd0b3) srl     ra, t6, t5
core   0: 3 0x80000fe8 (0x01efd0b3) x 1 0x00000000
core   0: 0x80000fec (0x0000717d) c.addi16sp sp, -16
core   0: 3 0x80000fec (0x717d) x 2 0x40002570
core   0: 0x80000fee (0x000080d1) c.srli  s1, 20
core   0: 3 0x80000fee (0x80d1) x 9 0x00000000
core   0: 0x80000ff0 (0xfd6e4ee3) blt     t3, s6, pc - 36
core   0: 3 0x80000ff0 (0xfd6e4ee3)
core   0: 0x80000fcc (0x00000001) c.nop
core   0: 3 0x80000fcc (0x0001)
core   0: 0x80000fce (0xaffae693) ori     a3, s5, -1281
core   0: 3 0x80000fce (0xaffae693) x13 0xfffffaff
core   0: 0x80000fd2 (0x00006ce1) c.lui   s9, 0x18
core   0: 3 0x80000fd2 (0x6ce1) x25 0x00018000
core   0: 0x80000fd4 (0x000003a2) c.slli  t2, 8
core   0: 3 0x80000fd4 (0x03a2) x 7 0xfff30000
core   0: 0x80000fd6 (0x00000e1d) c.addi  t3, 7
core   0: 3 0x80000fd6 (0x0e1d) x28 0x0000000a
core   0: 0x80000fd8 (0x00ec8833) add     a6, s9, a4
core   0: 3 0x80000fd8 (0x00ec8833) x16 0x00018000
core   0: 0x80000fdc (0x00009afd) c.andi  a3, -1
core   0: 3 0x80000fdc (0x9afd) x13 0xfffffaff
core   0: 0x80000fde (0x40c75ab3) sra     s5, a4, a2
core   0: 3 0x80000fde (0x40c75ab3) x21 0x00000000
core   0: 0x80000fe2 (0x00000001) c.nop
core   0: 3 0x80000fe2 (0x0001)
core   0: 0x80000fe4 (0x0ff0000f) fence   iorw,iorw
core   0: 3 0x80000fe4 (0x0ff0000f)
core   0: 0x80000fe8 (0x01efd0b3) srl     ra, t6, t5
core   0: 3 0x80000fe8 (0x01efd0b3) x 1 0x00000000
core   0: 0x80000fec (0x0000717d) c.addi16sp sp, -16
core   0: 3 0x80000fec (0x717d) x 2 0x40002560
core   0: 0x80000fee (0x000080d1) c.srli  s1, 20
core   0: 3 0x80000fee (0x80d1) x 9 0x00000000
core   0: 0x80000ff0 (0xfd6e4ee3) blt     t3, s6, pc - 36
core   0: 3 0x80000ff0 (0xfd6e4ee3)
core   0: 0x80000fcc (0x00000001) c.nop
core   0: 3 0x80000fcc (0x0001)
core   0: 0x80000fce (0xaffae693) ori     a3, s5, -1281
core   0: 3 0x80000fce (0xaffae693) x13 0xfffffaff
core   0: 0x80000fd2 (0x00006ce1) c.lui   s9, 0x18
core   0: 3 0x80000fd2 (0x6ce1) x25 0x00018000
core   0: 0x80000fd4 (0x000003a2) c.slli  t2, 8
core   0: 3 0x80000fd4 (0x03a2) x 7 0xf3000000
core   0: 0x80000fd6 (0x00000e1d) c.addi  t3, 7
core   0: 3 0x80000fd6 (0x0e1d) x28 0x00000011
core   0: 0x80000fd8 (0x00ec8833) add     a6, s9, a4
core   0: 3 0x80000fd8 (0x00ec8833) x16 0x00018000
core   0: 0x80000fdc (0x00009afd) c.andi  a3, -1
core   0: 3 0x80000fdc (0x9afd) x13 0xfffffaff
core   0: 0x80000fde (0x40c75ab3) sra     s5, a4, a2
core   0: 3 0x80000fde (0x40c75ab3) x21 0x00000000
core   0: 0x80000fe2 (0x00000001) c.nop
core   0: 3 0x80000fe2 (0x0001)
core   0: 0x80000fe4 (0x0ff0000f) fence   iorw,iorw
core   0: 3 0x80000fe4 (0x0ff0000f)
core   0: 0x80000fe8 (0x01efd0b3) srl     ra, t6, t5
core   0: 3 0x80000fe8 (0x01efd0b3) x 1 0x00000000
core   0: 0x80000fec (0x0000717d) c.addi16sp sp, -16
core   0: 3 0x80000fec (0x717d) x 2 0x40002550
core   0: 0x80000fee (0x000080d1) c.srli  s1, 20
core   0: 3 0x80000fee (0x80d1) x 9 0x00000000
core   0: 0x80000ff0 (0xfd6e4ee3) blt     t3, s6, pc - 36
core   0: 3 0x80000ff0 (0xfd6e4ee3)
core   0: 0x80000ff4 (0x0000616d) c.addi16sp sp, 240
core   0: 3 0x80000ff4 (0x616d) x 2 0x40002640
core   0: 0x80000ff6 (0xff600093) li      ra, -10
core   0: 3 0x80000ff6 (0xff600093) x 1 0xfffffff6
core   0: 0x80000ffa (0x00a00b93) li      s7, 10
core   0: 3 0x80000ffa (0x00a00b93) x23 0x0000000a
core   0: 0x80000ffe (0x01edee33) or      t3, s11, t5
core   0: 3 0x80000ffe (0x01edee33) x28 0xffffffff
core   0: 0x80001002 (0x03249b33) mulh    s6, s1, s2
core   0: 3 0x80001002 (0x03249b33) x22 0x00000000
core   0: 0x80001006 (0x006b1733) sll     a4, s6, t1
core   0: 3 0x80001006 (0x006b1733) x14 0x00000000
core   0: 0x8000100a (0x416755b3) sra     a1, a4, s6
core   0: 3 0x8000100a (0x416755b3) x11 0x00000000
core   0: 0x8000100e (0x00008f21) c.xor   a4, s0
core   0: 3 0x8000100e (0x8f21) x14 0x00000006
core   0: 0x80001010 (0x000088e2) c.mv    a7, s8
core   0: 3 0x80001010 (0x88e2) x17 0xfdf3c45b
core   0: 0x80001012 (0x41e50533) sub     a0, a0, t5
core   0: 3 0x80001012 (0x41e50533) x10 0x00000000
core   0: 0x80001016 (0x000000a1) c.addi  ra, 8
core   0: 3 0x80001016 (0x00a1) x 1 0xfffffffe
core   0: 0x80001018 (0x000084ea) c.mv    s1, s10
core   0: 3 0x80001018 (0x84ea) x 9 0x00000000
core   0: 0x8000101a (0xff70c4e3) blt     ra, s7, pc - 24
core   0: 3 0x8000101a (0xff70c4e3)
core   0: 0x80001002 (0x03249b33) mulh    s6, s1, s2
core   0: 3 0x80001002 (0x03249b33) x22 0x00000000
core   0: 0x80001006 (0x006b1733) sll     a4, s6, t1
core   0: 3 0x80001006 (0x006b1733) x14 0x00000000
core   0: 0x8000100a (0x416755b3) sra     a1, a4, s6
core   0: 3 0x8000100a (0x416755b3) x11 0x00000000
core   0: 0x8000100e (0x00008f21) c.xor   a4, s0
core   0: 3 0x8000100e (0x8f21) x14 0x00000006
core   0: 0x80001010 (0x000088e2) c.mv    a7, s8
core   0: 3 0x80001010 (0x88e2) x17 0xfdf3c45b
core   0: 0x80001012 (0x41e50533) sub     a0, a0, t5
core   0: 3 0x80001012 (0x41e50533) x10 0x00000001
core   0: 0x80001016 (0x000000a1) c.addi  ra, 8
core   0: 3 0x80001016 (0x00a1) x 1 0x00000006
core   0: 0x80001018 (0x000084ea) c.mv    s1, s10
core   0: 3 0x80001018 (0x84ea) x 9 0x00000000
core   0: 0x8000101a (0xff70c4e3) blt     ra, s7, pc - 24
core   0: 3 0x8000101a (0xff70c4e3)
core   0: 0x80001002 (0x03249b33) mulh    s6, s1, s2
core   0: 3 0x80001002 (0x03249b33) x22 0x00000000
core   0: 0x80001006 (0x006b1733) sll     a4, s6, t1
core   0: 3 0x80001006 (0x006b1733) x14 0x00000000
core   0: 0x8000100a (0x416755b3) sra     a1, a4, s6
core   0: 3 0x8000100a (0x416755b3) x11 0x00000000
core   0: 0x8000100e (0x00008f21) c.xor   a4, s0
core   0: 3 0x8000100e (0x8f21) x14 0x00000006
core   0: 0x80001010 (0x000088e2) c.mv    a7, s8
core   0: 3 0x80001010 (0x88e2) x17 0xfdf3c45b
core   0: 0x80001012 (0x41e50533) sub     a0, a0, t5
core   0: 3 0x80001012 (0x41e50533) x10 0x00000002
core   0: 0x80001016 (0x000000a1) c.addi  ra, 8
core   0: 3 0x80001016 (0x00a1) x 1 0x0000000e
core   0: 0x80001018 (0x000084ea) c.mv    s1, s10
core   0: 3 0x80001018 (0x84ea) x 9 0x00000000
core   0: 0x8000101a (0xff70c4e3) blt     ra, s7, pc - 24
core   0: 3 0x8000101a (0xff70c4e3)
core   0: 0x8000101e (0x03686633) rem     a2, a6, s6
core   0: 3 0x8000101e (0x03686633) x12 0x00018000
core   0: 0x80001022 (0x00400393) li      t2, 4
core   0: 3 0x80001022 (0x00400393) x 7 0x00000004
core   0: 0x80001026 (0x00000313) li      t1, 0
core   0: 3 0x80001026 (0x00000313) x 6 0x00000000
core   0: 0x8000102a (0x00008c79) c.and   s0, a4
core   0: 3 0x8000102a (0x8c79) x 8 0x00000006
core   0: 0x8000102c (0x00afbfb3) sltu    t6, t6, a0
core   0: 3 0x8000102c (0x00afbfb3) x31 0x00000000
core   0: 0x80001030 (0x000013f1) c.addi  t2, -4
core   0: 3 0x80001030 (0x13f1) x 7 0x00000000
core   0: 0x80001032 (0xfff00693) li      a3, -1
core   0: 3 0x80001032 (0xfff00693) x13 0xffffffff
core   0: 0x80001036 (0x00008a39) c.andi  a2, 14
core   0: 3 0x80001036 (0x8a39) x12 0x00000000
core   0: 0x80001038 (0x00000001) c.nop
core   0: 3 0x80001038 (0x0001)
core   0: 0x8000103a (0x02f84db3) div     s11, a6, a5
core   0: 3 0x8000103a (0x02f84db3) x27 0x00000000
core   0: 0x8000103e (0x00000685) c.addi  a3, 1
core   0: 3 0x8000103e (0x0685) x13 0x00000000
core   0: 0x80001040 (0x00000001) c.nop
core   0: 3 0x80001040 (0x0001)
core   0: 0x80001042 (0x0000fee5) c.bnez  a3, pc - 8
core   0: 3 0x80001042 (0xfee5)
core   0: 0x80001044 (0xfe6383e3) beq     t2, t1, pc - 26
core   0: 3 0x80001044 (0xfe6383e3)
core   0: 0x8000102a (0x00008c79) c.and   s0, a4
core   0: 3 0x8000102a (0x8c79) x 8 0x00000006
core   0: 0x8000102c (0x00afbfb3) sltu    t6, t6, a0
core   0: 3 0x8000102c (0x00afbfb3) x31 0x00000001
core   0: 0x80001030 (0x000013f1) c.addi  t2, -4
core   0: 3 0x80001030 (0x13f1) x 7 0xfffffffc
core   0: 0x80001032 (0xfff00693) li      a3, -1
core   0: 3 0x80001032 (0xfff00693) x13 0xffffffff
core   0: 0x80001036 (0x00008a39) c.andi  a2, 14
core   0: 3 0x80001036 (0x8a39) x12 0x00000000
core   0: 0x80001038 (0x00000001) c.nop
core   0: 3 0x80001038 (0x0001)
core   0: 0x8000103a (0x02f84db3) div     s11, a6, a5
core   0: 3 0x8000103a (0x02f84db3) x27 0x00000000
core   0: 0x8000103e (0x00000685) c.addi  a3, 1
core   0: 3 0x8000103e (0x0685) x13 0x00000000
core   0: 0x80001040 (0x00000001) c.nop
core   0: 3 0x80001040 (0x0001)
core   0: 0x80001042 (0x0000fee5) c.bnez  a3, pc - 8
core   0: 3 0x80001042 (0xfee5)
core   0: 0x80001044 (0xfe6383e3) beq     t2, t1, pc - 26
core   0: 3 0x80001044 (0xfe6383e3)
core   0: 0x80001048 (0x0000100f) fence.i
core   0: 3 0x80001048 (0x0000100f)
core   0: 0x8000104c (0x00700313) li      t1, 7
core   0: 3 0x8000104c (0x00700313) x 6 0x00000007
core   0: 0x80001050 (0x00006bdd) c.lui   s7, 0x17
core   0: 3 0x80001050 (0x6bdd) x23 0x00017000
core   0: 0x80001052 (0xf5182113) slti    sp, a6, -175
core   0: 3 0x80001052 (0xf5182113) x 2 0x00000000
core   0: 0x80001056 (0x03dd1bb3) mulh    s7, s10, t4
core   0: 3 0x80001056 (0x03dd1bb3) x23 0x00000000
core   0: 0x8000105a (0x0112de93) srli    t4, t0, 17
core   0: 3 0x8000105a (0x0112de93) x29 0x00000000
core   0: 0x8000105e (0x00008d91) c.sub   a1, a2
core   0: 3 0x8000105e (0x8d91) x11 0x00000000
core   0: 0x80001060 (0xffb00913) li      s2, -5
core   0: 3 0x80001060 (0xffb00913) x18 0xfffffffb
core   0: 0x80001064 (0x144b4237) lui     tp, 0x144b4
core   0: 3 0x80001064 (0x144b4237) x 4 0x144b4000
core   0: 0x80001068 (0x0000137d) c.addi  t1, -1
core   0: 3 0x80001068 (0x137d) x 6 0x00000006
core   0: 0x8000106a (0xfff00513) li      a0, -1
core   0: 3 0x8000106a (0xfff00513) x10 0xffffffff
core   0: 0x8000106e (0x0176a5b3) slt     a1, a3, s7
core   0: 3 0x8000106e (0x0176a5b3) x11 0x00000000
core   0: 0x80001072 (0x00000d93) li      s11, 0
core   0: 3 0x80001072 (0x00000d93) x27 0x00000000
core   0: 0x80001076 (0xe11bbb93) sltiu   s7, s7, -495
core   0: 3 0x80001076 (0xe11bbb93) x23 0x00000001
core   0: 0x8000107a (0x0118f733) and     a4, a7, a7
core   0: 3 0x8000107a (0x0118f733) x14 0xfdf3c45b
core   0: 0x8000107e (0x0000050d) c.addi  a0, 3
core   0: 3 0x8000107e (0x050d) x10 0x00000002
core   0: 0x80001080 (0x00001598) c.addi4spn a4, sp, 736
core   0: 3 0x80001080 (0x1598) x14 0x000002e0
core   0: 0x80001082 (0xffb54ae3) blt     a0, s11, pc - 12
core   0: 3 0x80001082 (0xffb54ae3)
core   0: 0x80001086 (0xa8296d13) ori     s10, s2, -1406
core   0: 3 0x80001086 (0xa8296d13) x26 0xfffffffb
core   0: 0x8000108a (0xfd230de3) beq     t1, s2, pc - 38
core   0: 3 0x8000108a (0xfd230de3)
core   0: 0x8000108e (0x0321a0b3) mulhsu  ra, gp, s2
core   0: 3 0x8000108e (0x0321a0b3) x 1 0x00000000
core   0: 0x80001092 (0x00800893) li      a7, 8
core   0: 3 0x80001092 (0x00800893) x17 0x00000008
core   0: 0x80001096 (0x03163e33) mulhu   t3, a2, a7
core   0: 3 0x80001096 (0x03163e33) x28 0x00000000
core   0: 0x8000109a (0x019b2d33) slt     s10, s6, s9
core   0: 3 0x8000109a (0x019b2d33) x26 0x00000001
core   0: 0x8000109e (0x00006e29) c.lui   t3, 0xa
core   0: 3 0x8000109e (0x6e29) x28 0x0000a000
core   0: 0x800010a0 (0xff300113) li      sp, -13
core   0: 3 0x800010a0 (0xff300113) x 2 0xfffffff3
core   0: 0x800010a4 (0x00008f65) c.and   a4, s1
core   0: 3 0x800010a4 (0x8f65) x14 0x00000000
core   0: 0x800010a6 (0x0223dcb3) divu    s9, t2, sp
core   0: 3 0x800010a6 (0x0223dcb3) x25 0x00000001
core   0: 0x800010aa (0x0000052a) c.slli  a0, 10
core   0: 3 0x800010aa (0x052a) x10 0x00000800
core   0: 0x800010ac (0x02ac5633) divu    a2, s8, a0
core   0: 3 0x800010ac (0x02ac5633) x12 0x001fbe78
core   0: 0x800010b0 (0x01e5a4b3) slt     s1, a1, t5
core   0: 3 0x800010b0 (0x01e5a4b3) x 9 0x00000000
core   0: 0x800010b4 (0x000090d6) c.add   ra, s5
core   0: 3 0x800010b4 (0x90d6) x 1 0x00000000
core   0: 0x800010b6 (0x0000100f) fence.i
core   0: 3 0x800010b6 (0x0000100f)
core   0: 0x800010ba (0x01fafb33) and     s6, s5, t6
core   0: 3 0x800010ba (0x01fafb33) x22 0x00000000
core   0: 0x800010be (0x00008f05) c.sub   a4, s1
core   0: 3 0x800010be (0x8f05) x14 0x00000000
core   0: 0x800010c0 (0x00009afd) c.andi  a3, -1
core   0: 3 0x800010c0 (0x9afd) x13 0x00000000
core   0: 0x800010c2 (0x019e6d33) or      s10, t3, s9
core   0: 3 0x800010c2 (0x019e6d33) x26 0x0000a001
core   0: 0x800010c6 (0x03fd9733) mulh    a4, s11, t6
core   0: 3 0x800010c6 (0x03fd9733) x14 0x00000000
core   0: 0x800010ca (0x44cb4813) xori    a6, s6, 1100
core   0: 3 0x800010ca (0x44cb4813) x16 0x0000044c
core   0: 0x800010ce (0x188f3397) auipc   t2, 0x188f3
core   0: 3 0x800010ce (0x188f3397) x 7 0x988f40ce
core   0: 0x800010d2 (0x00008ca5) c.xor   s1, s1
core   0: 3 0x800010d2 (0x8ca5) x 9 0x00000000
core   0: 0x800010d4 (0x000018e5) c.addi  a7, -7
core   0: 3 0x800010d4 (0x18e5) x17 0x00000001
core   0: 0x800010d6 (0x005e84b3) add     s1, t4, t0
core   0: 3 0x800010d6 (0x005e84b3) x 9 0x0001600b
core   0: 0x800010da (0x0ff0000f) fence   iorw,iorw
core   0: 3 0x800010da (0x0ff0000f)
core   0: 0x800010de (0x010139b3) sltu    s3, sp, a6
core   0: 3 0x800010de (0x010139b3) x19 0x00000000
core   0: 0x800010e2 (0x0ff0000f) fence   iorw,iorw
core   0: 3 0x800010e2 (0x0ff0000f)
core   0: 0x800010e6 (0x02cd3e33) mulhu   t3, s10, a2
core   0: 3 0x800010e6 (0x02cd3e33) x28 0x00000013
core   0: 0x800010ea (0x00008d2d) c.xor   a0, a1
core   0: 3 0x800010ea (0x8d2d) x10 0x00000800
core   0: 0x800010ec (0xfc2889e3) beq     a7, sp, pc - 46
core   0: 3 0x800010ec (0xfc2889e3)
core   0: 0x800010f0 (0x00008125) c.srli  a0, 9
core   0: 3 0x800010f0 (0x8125) x10 0x00000004
core   0: 0x800010f2 (0xff600613) li      a2, -10
core   0: 3 0x800010f2 (0xff600613) x12 0xfffffff6
core   0: 0x800010f6 (0x03a9c533) div     a0, s3, s10
core   0: 3 0x800010f6 (0x03a9c533) x10 0x00000000
core   0: 0x800010fa (0x002ede13) srli    t3, t4, 2
core   0: 3 0x800010fa (0x002ede13) x28 0x00000000
core   0: 0x800010fe (0x00000293) li      t0, 0
core   0: 3 0x800010fe (0x00000293) x 5 0x00000000
core   0: 0x80001102 (0x00000001) c.nop
core   0: 3 0x80001102 (0x0001)
core   0: 0x80001104 (0x000099fd) c.andi  a1, -1
core   0: 3 0x80001104 (0x99fd) x11 0x00000000
core   0: 0x80001106 (0x00000605) c.addi  a2, 1
core   0: 3 0x80001106 (0x0605) x12 0xfffffff7
core   0: 0x80001108 (0x02c79833) mulh    a6, a5, a2
core   0: 3 0x80001108 (0x02c79833) x16 0x00000004
core   0: 0x8000110c (0x018a10b3) sll     ra, s4, s8
core   0: 3 0x8000110c (0x018a10b3) x 1 0x20000000
core   0: 0x80001110 (0xffe00a93) li      s5, -2
core   0: 3 0x80001110 (0xffe00a93) x21 0xfffffffe
core   0: 0x80001114 (0x00100c93) li      s9, 1
core   0: 3 0x80001114 (0x00100c93) x25 0x00000001
core   0: 0x80001118 (0x01877fb3) and     t6, a4, s8
core   0: 3 0x80001118 (0x01877fb3) x31 0x00000000
core   0: 0x8000111c (0xa91af897) auipc   a7, 0xa91af
core   0: 3 0x8000111c (0xa91af897) x17 0x291b011c
core   0: 0x80001120 (0x00000a95) c.addi  s5, 5
core   0: 3 0x80001120 (0x0a95) x21 0x00000003
core   0: 0x80001122 (0x00096bb3) or      s7, s2, zero
core   0: 3 0x80001122 (0x00096bb3) x23 0xfffffffb
core   0: 0x80001126 (0xff9aebe3) bltu    s5, s9, pc - 10
core   0: 3 0x80001126 (0xff9aebe3)
core   0: 0x8000112a (0x017b5813) srli    a6, s6, 23
core   0: 3 0x8000112a (0x017b5813) x16 0x00000000
core   0: 0x8000112e (0xfc560ae3) beq     a2, t0, pc - 44
core   0: 3 0x8000112e (0xfc560ae3)
core   0: 0x80001132 (0x0000717d) c.addi16sp sp, -16
core   0: 3 0x80001132 (0x717d) x 2 0xffffffe3
core   0: 0x80001134 (0x00900e13) li      t3, 9
core   0: 3 0x80001134 (0x00900e13) x28 0x00000009
core   0: 0x80001138 (0xd878f813) andi    a6, a7, -633
core   0: 3 0x80001138 (0xd878f813) x16 0x291b0104
core   0: 0x8000113c (0xffb00693) li      a3, -5
core   0: 3 0x8000113c (0xffb00693) x13 0xfffffffb
core   0: 0x80001140 (0x00008a8e) c.mv    s5, gp
core   0: 3 0x80001140 (0x8a8e) x21 0x00000001
core   0: 0x80001142 (0x0000615d) c.addi16sp sp, 432
core   0: 3 0x80001142 (0x615d) x 2 0x00000193
core   0: 0x80001144 (0x00001e61) c.addi  t3, -8
core   0: 3 0x80001144 (0x1e61) x28 0x00000001
core   0: 0x80001146 (0x00008cd5) c.or    s1, a3
core   0: 3 0x80001146 (0x8cd5) x 9 0xfffffffb
core   0: 0x80001148 (0xffb00193) li      gp, -5
core   0: 3 0x80001148 (0xffb00193) x 3 0xfffffffb
core   0: 0x8000114c (0x00300593) li      a1, 3
core   0: 3 0x8000114c (0x00300593) x11 0x00000003
core   0: 0x80001150 (0x01d4c733) xor     a4, s1, t4
core   0: 3 0x80001150 (0x01d4c733) x14 0xfffffffb
core   0: 0x80001154 (0x00daef33) or      t5, s5, a3
core   0: 3 0x80001154 (0x00daef33) x30 0xfffffffb
core   0: 0x80001158 (0x000001a9) c.addi  gp, 10
core   0: 3 0x80001158 (0x01a9) x 3 0x00000005
core   0: 0x8000115a (0x0000994a) c.add   s2, s2
core   0: 3 0x8000115a (0x994a) x18 0xfffffff6
core   0: 0x8000115c (0x00891413) slli    s0, s2, 8
core   0: 3 0x8000115c (0x00891413) x 8 0xfffff600
core   0: 0x80001160 (0xfeb1cae3) blt     gp, a1, pc - 12
core   0: 3 0x80001160 (0xfeb1cae3)
core   0: 0x80001164 (0x00001d90) c.addi4spn a2, sp, 752
core   0: 3 0x80001164 (0x1d90) x12 0x00000483
core   0: 0x80001166 (0xfcde5de3) bge     t3, a3, pc - 38
core   0: 3 0x80001166 (0xfcde5de3)
core   0: 0x80001140 (0x00008a8e) c.mv    s5, gp
core   0: 3 0x80001140 (0x8a8e) x21 0x00000005
core   0: 0x80001142 (0x0000615d) c.addi16sp sp, 432
core   0: 3 0x80001142 (0x615d) x 2 0x00000343
core   0: 0x80001144 (0x00001e61) c.addi  t3, -8
core   0: 3 0x80001144 (0x1e61) x28 0xfffffff9
core   0: 0x80001146 (0x00008cd5) c.or    s1, a3
core   0: 3 0x80001146 (0x8cd5) x 9 0xfffffffb
core   0: 0x80001148 (0xffb00193) li      gp, -5
core   0: 3 0x80001148 (0xffb00193) x 3 0xfffffffb
core   0: 0x8000114c (0x00300593) li      a1, 3
core   0: 3 0x8000114c (0x00300593) x11 0x00000003
core   0: 0x80001150 (0x01d4c733) xor     a4, s1, t4
core   0: 3 0x80001150 (0x01d4c733) x14 0xfffffffb
core   0: 0x80001154 (0x00daef33) or      t5, s5, a3
core   0: 3 0x80001154 (0x00daef33) x30 0xffffffff
core   0: 0x80001158 (0x000001a9) c.addi  gp, 10
core   0: 3 0x80001158 (0x01a9) x 3 0x00000005
core   0: 0x8000115a (0x0000994a) c.add   s2, s2
core   0: 3 0x8000115a (0x994a) x18 0xffffffec
core   0: 0x8000115c (0x00891413) slli    s0, s2, 8
core   0: 3 0x8000115c (0x00891413) x 8 0xffffec00
core   0: 0x80001160 (0xfeb1cae3) blt     gp, a1, pc - 12
core   0: 3 0x80001160 (0xfeb1cae3)
core   0: 0x80001164 (0x00001d90) c.addi4spn a2, sp, 752
core   0: 3 0x80001164 (0x1d90) x12 0x00000633
core   0: 0x80001166 (0xfcde5de3) bge     t3, a3, pc - 38
core   0: 3 0x80001166 (0xfcde5de3)
core   0: 0x8000116a (0x00000001) c.nop
core   0: 3 0x8000116a (0x0001)
core   0: 0x8000116c (0xff700413) li      s0, -9
core   0: 3 0x8000116c (0xff700413) x 8 0xfffffff7
core   0: 0x80001170 (0xd3babb13) sltiu   s6, s5, -709
core   0: 3 0x80001170 (0xd3babb13) x22 0x00000001
core   0: 0x80001174 (0xffa00b93) li      s7, -6
core   0: 3 0x80001174 (0xffa00b93) x23 0xfffffffa
core   0: 0x80001178 (0x011bd3b3) srl     t2, s7, a7
core   0: 3 0x80001178 (0x011bd3b3) x 7 0x0000000f
core   0: 0x8000117c (0x03e0a833) mulhsu  a6, ra, t5
core   0: 3 0x8000117c (0x03e0a833) x16 0x1fffffff
core   0: 0x80001180 (0x51d4c313) xori    t1, s1, 1309
core   0: 3 0x80001180 (0x51d4c313) x 6 0xfffffae6
core   0: 0x80001184 (0x00000425) c.addi  s0, 9
core   0: 3 0x80001184 (0x0425) x 8 0x00000000
core   0: 0x80001186 (0x407cde33) sra     t3, s9, t2
core   0: 3 0x80001186 (0x407cde33) x28 0x00000000
core   0: 0x8000118a (0x00500593) li      a1, 5
core   0: 3 0x8000118a (0x00500593) x11 0x00000005
core   0: 0x8000118e (0x00500a93) li      s5, 5
core   0: 3 0x8000118e (0x00500a93) x21 0x00000005
core   0: 0x80001192 (0x000086c2) c.mv    a3, a6
core   0: 3 0x80001192 (0x86c2) x13 0x1fffffff
core   0: 0x80001194 (0x03ad1e33) mulh    t3, s10, s10
core   0: 3 0x80001194 (0x03ad1e33) x28 0x00000000
core   0: 0x80001198 (0x01ca5133) srl     sp, s4, t3
core   0: 3 0x80001198 (0x01ca5133) x 2 0x80025ce4
core   0: 0x8000119c (0x00125733) srl     a4, tp, ra
core   0: 3 0x8000119c (0x00125733) x14 0x144b4000
core   0: 0x800011a0 (0x38cec093) xori    ra, t4, 908
core   0: 3 0x800011a0 (0x38cec093) x 1 0x0000038c
core   0: 0x800011a4 (0xebf1a997) auipc   s3, 0xebf1a
core   0: 3 0x800011a4 (0xebf1a997) x19 0x6bf1b1a4
core   0: 0x800011a8 (0x00004991) c.li    s3, 4
core   0: 3 0x800011a8 (0x4991) x19 0x00000004
core   0: 0x800011aa (0x00000001) c.nop
core   0: 3 0x800011aa (0x0001)
core   0: 0x800011ac (0x00006fc5) c.lui   t6, 0x11
core   0: 3 0x800011ac (0x6fc5) x31 0x00011000
core   0: 0x800011ae (0x015388b3) add     a7, t2, s5
core   0: 3 0x800011ae (0x015388b3) x17 0x00000014
core   0: 0x800011b2 (0x3f6f8517) auipc   a0, 0x3f6f8
core   0: 3 0x800011b2 (0x3f6f8517) x10 0xbf6f91b2
core   0: 0x800011b6 (0x15fc0897) auipc   a7, 0x15fc0
core   0: 3 0x800011b6 (0x15fc0897) x17 0x95fc11b6
core   0: 0x800011ba (0x01e20eb3) add     t4, tp, t5
core   0: 3 0x800011ba (0x01e20eb3) x29 0x144b3fff
core   0: 0x800011be (0x02446eb3) rem     t4, s0, tp
core   0: 3 0x800011be (0x02446eb3) x29 0x00000000
core   0: 0x800011c2 (0x410759b3) sra     s3, a4, a6
core   0: 3 0x800011c2 (0x410759b3) x19 0x00000000
core   0: 0x800011c6 (0x000015f1) c.addi  a1, -4
core   0: 3 0x800011c6 (0x15f1) x11 0x00000001
core   0: 0x800011c8 (0x7a3bef37) lui     t5, 0x7a3be
core   0: 3 0x800011c8 (0x7a3bef37) x30 0x7a3be000
core   0: 0x800011cc (0x000082a9) c.srli  a3, 10
core   0: 3 0x800011cc (0x82a9) x13 0x0007ffff
core   0: 0x800011ce (0xfd55f3e3) bgeu    a1, s5, pc - 58
core   0: 3 0x800011ce (0xfd55f3e3)
core   0: 0x800011d2 (0x02e30f33) mul     t5, t1, a4
core   0: 3 0x800011d2 (0x02e30f33) x30 0x781b8000
core   0: 0x800011d6 (0xfee51e17) auipc   t3, 0xfee51
core   0: 3 0x800011d6 (0xfee51e17) x28 0x7ee521d6
core   0: 0x800011da (0xfb7443e3) blt     s0, s7, pc - 90
core   0: 3 0x800011da (0xfb7443e3)
core   0: 0x800011de (0x00008d2d) c.xor   a0, a1
core   0: 3 0x800011de (0x8d2d) x10 0xbf6f91b3
core   0: 0x800011e0 (0xff600413) li      s0, -10
core   0: 3 0x800011e0 (0xff600413) x 8 0xfffffff6
core   0: 0x800011e4 (0x00008c92) c.mv    s9, tp
core   0: 3 0x800011e4 (0x8c92) x25 0x144b4000
core   0: 0x800011e6 (0x00000001) c.nop
core   0: 3 0x800011e6 (0x0001)
core   0: 0x800011e8 (0x030d24b3) mulhsu  s1, s10, a6
core   0: 3 0x800011e8 (0x030d24b3) x 9 0x00001400
core   0: 0x800011ec (0x41c6d593) srai    a1, a3, 28
core   0: 3 0x800011ec (0x41c6d593) x11 0x00000000
core   0: 0x800011f0 (0x00000f06) c.slli  t5, 1
core   0: 3 0x800011f0 (0x0f06) x30 0xf0370000
core   0: 0x800011f2 (0x00000405) c.addi  s0, 1
core   0: 3 0x800011f2 (0x0405) x 8 0xfffffff7
core   0: 0x800011f4 (0x00900e13) li      t3, 9
core   0: 3 0x800011f4 (0x00900e13) x28 0x00000009
core   0: 0x800011f8 (0x00b00913) li      s2, 11
core   0: 3 0x800011f8 (0x00b00913) x18 0x0000000b
core   0: 0x800011fc (0x0000577d) c.li    a4, -1
core   0: 3 0x800011fc (0x577d) x14 0xffffffff
core   0: 0x800011fe (0x0000717d) c.addi16sp sp, -16
core   0: 3 0x800011fe (0x717d) x 2 0x80025cd4
core   0: 0x80001200 (0x031a9133) mulh    sp, s5, a7
core   0: 3 0x80001200 (0x031a9133) x 2 0xfffffffd
core   0: 0x80001204 (0x00006cc1) c.lui   s9, 0x10
core   0: 3 0x80001204 (0x6cc1) x25 0x00010000
core   0: 0x80001206 (0x00000e29) c.addi  t3, 10
core   0: 3 0x80001206 (0x0e29) x28 0x00000013
core   0: 0x80001208 (0xff2e6ce3) bltu    t3, s2, pc - 8
core   0: 3 0x80001208 (0xff2e6ce3)
core   0: 0x8000120c (0x0000fc71) c.bnez  s0, pc - 36
core   0: 3 0x8000120c (0xfc71)
core   0: 0x800011e8 (0x030d24b3) mulhsu  s1, s10, a6
core   0: 3 0x800011e8 (0x030d24b3) x 9 0x00001400
core   0: 0x800011ec (0x41c6d593) srai    a1, a3, 28
core   0: 3 0x800011ec (0x41c6d593) x11 0x00000000
core   0: 0x800011f0 (0x00000f06) c.slli  t5, 1
core   0: 3 0x800011f0 (0x0f06) x30 0xe06e0000
core   0: 0x800011f2 (0x00000405) c.addi  s0, 1
core   0: 3 0x800011f2 (0x0405) x 8 0xfffffff8
core   0: 0x800011f4 (0x00900e13) li      t3, 9
core   0: 3 0x800011f4 (0x00900e13) x28 0x00000009
core   0: 0x800011f8 (0x00b00913) li      s2, 11
core   0: 3 0x800011f8 (0x00b00913) x18 0x0000000b
core   0: 0x800011fc (0x0000577d) c.li    a4, -1
core   0: 3 0x800011fc (0x577d) x14 0xffffffff
core   0: 0x800011fe (0x0000717d) c.addi16sp sp, -16
core   0: 3 0x800011fe (0x717d) x 2 0xffffffed
core   0: 0x80001200 (0x031a9133) mulh    sp, s5, a7
core   0: 3 0x80001200 (0x031a9133) x 2 0xfffffffd
core   0: 0x80001204 (0x00006cc1) c.lui   s9, 0x10
core   0: 3 0x80001204 (0x6cc1) x25 0x00010000
core   0: 0x80001206 (0x00000e29) c.addi  t3, 10
core   0: 3 0x80001206 (0x0e29) x28 0x00000013
core   0: 0x80001208 (0xff2e6ce3) bltu    t3, s2, pc - 8
core   0: 3 0x80001208 (0xff2e6ce3)
core   0: 0x8000120c (0x0000fc71) c.bnez  s0, pc - 36
core   0: 3 0x8000120c (0xfc71)
core   0: 0x800011e8 (0x030d24b3) mulhsu  s1, s10, a6
core   0: 3 0x800011e8 (0x030d24b3) x 9 0x00001400
core   0: 0x800011ec (0x41c6d593) srai    a1, a3, 28
core   0: 3 0x800011ec (0x41c6d593) x11 0x00000000
core   0: 0x800011f0 (0x00000f06) c.slli  t5, 1
core   0: 3 0x800011f0 (0x0f06) x30 0xc0dc0000
core   0: 0x800011f2 (0x00000405) c.addi  s0, 1
core   0: 3 0x800011f2 (0x0405) x 8 0xfffffff9
core   0: 0x800011f4 (0x00900e13) li      t3, 9
core   0: 3 0x800011f4 (0x00900e13) x28 0x00000009
core   0: 0x800011f8 (0x00b00913) li      s2, 11
core   0: 3 0x800011f8 (0x00b00913) x18 0x0000000b
core   0: 0x800011fc (0x0000577d) c.li    a4, -1
core   0: 3 0x800011fc (0x577d) x14 0xffffffff
core   0: 0x800011fe (0x0000717d) c.addi16sp sp, -16
core   0: 3 0x800011fe (0x717d) x 2 0xffffffed
core   0: 0x80001200 (0x031a9133) mulh    sp, s5, a7
core   0: 3 0x80001200 (0x031a9133) x 2 0xfffffffd
core   0: 0x80001204 (0x00006cc1) c.lui   s9, 0x10
core   0: 3 0x80001204 (0x6cc1) x25 0x00010000
core   0: 0x80001206 (0x00000e29) c.addi  t3, 10
core   0: 3 0x80001206 (0x0e29) x28 0x00000013
core   0: 0x80001208 (0xff2e6ce3) bltu    t3, s2, pc - 8
core   0: 3 0x80001208 (0xff2e6ce3)
core   0: 0x8000120c (0x0000fc71) c.bnez  s0, pc - 36
core   0: 3 0x8000120c (0xfc71)
core   0: 0x800011e8 (0x030d24b3) mulhsu  s1, s10, a6
core   0: 3 0x800011e8 (0x030d24b3) x 9 0x00001400
core   0: 0x800011ec (0x41c6d593) srai    a1, a3, 28
core   0: 3 0x800011ec (0x41c6d593) x11 0x00000000
core   0: 0x800011f0 (0x00000f06) c.slli  t5, 1
core   0: 3 0x800011f0 (0x0f06) x30 0x81b80000
core   0: 0x800011f2 (0x00000405) c.addi  s0, 1
core   0: 3 0x800011f2 (0x0405) x 8 0xfffffffa
core   0: 0x800011f4 (0x00900e13) li      t3, 9
core   0: 3 0x800011f4 (0x00900e13) x28 0x00000009
core   0: 0x800011f8 (0x00b00913) li      s2, 11
core   0: 3 0x800011f8 (0x00b00913) x18 0x0000000b
core   0: 0x800011fc (0x0000577d) c.li    a4, -1
core   0: 3 0x800011fc (0x577d) x14 0xffffffff
core   0: 0x800011fe (0x0000717d) c.addi16sp sp, -16
core   0: 3 0x800011fe (0x717d) x 2 0xffffffed
core   0: 0x80001200 (0x031a9133) mulh    sp, s5, a7
core   0: 3 0x80001200 (0x031a9133) x 2 0xfffffffd
core   0: 0x80001204 (0x00006cc1) c.lui   s9, 0x10
core   0: 3 0x80001204 (0x6cc1) x25 0x00010000
core   0: 0x80001206 (0x00000e29) c.addi  t3, 10
core   0: 3 0x80001206 (0x0e29) x28 0x00000013
core   0: 0x80001208 (0xff2e6ce3) bltu    t3, s2, pc - 8
core   0: 3 0x80001208 (0xff2e6ce3)
core   0: 0x8000120c (0x0000fc71) c.bnez  s0, pc - 36
core   0: 3 0x8000120c (0xfc71)
core   0: 0x800011e8 (0x030d24b3) mulhsu  s1, s10, a6
core   0: 3 0x800011e8 (0x030d24b3) x 9 0x00001400
core   0: 0x800011ec (0x41c6d593) srai    a1, a3, 28
core   0: 3 0x800011ec (0x41c6d593) x11 0x00000000
core   0: 0x800011f0 (0x00000f06) c.slli  t5, 1
core   0: 3 0x800011f0 (0x0f06) x30 0x03700000
core   0: 0x800011f2 (0x00000405) c.addi  s0, 1
core   0: 3 0x800011f2 (0x0405) x 8 0xfffffffb
core   0: 0x800011f4 (0x00900e13) li      t3, 9
core   0: 3 0x800011f4 (0x00900e13) x28 0x00000009
core   0: 0x800011f8 (0x00b00913) li      s2, 11
core   0: 3 0x800011f8 (0x00b00913) x18 0x0000000b
core   0: 0x800011fc (0x0000577d) c.li    a4, -1
core   0: 3 0x800011fc (0x577d) x14 0xffffffff
core   0: 0x800011fe (0x0000717d) c.addi16sp sp, -16
core   0: 3 0x800011fe (0x717d) x 2 0xffffffed
core   0: 0x80001200 (0x031a9133) mulh    sp, s5, a7
core   0: 3 0x80001200 (0x031a9133) x 2 0xfffffffd
core   0: 0x80001204 (0x00006cc1) c.lui   s9, 0x10
core   0: 3 0x80001204 (0x6cc1) x25 0x00010000
core   0: 0x80001206 (0x00000e29) c.addi  t3, 10
core   0: 3 0x80001206 (0x0e29) x28 0x00000013
core   0: 0x80001208 (0xff2e6ce3) bltu    t3, s2, pc - 8
core   0: 3 0x80001208 (0xff2e6ce3)
core   0: 0x8000120c (0x0000fc71) c.bnez  s0, pc - 36
core   0: 3 0x8000120c (0xfc71)
core   0: 0x800011e8 (0x030d24b3) mulhsu  s1, s10, a6
core   0: 3 0x800011e8 (0x030d24b3) x 9 0x00001400
core   0: 0x800011ec (0x41c6d593) srai    a1, a3, 28
core   0: 3 0x800011ec (0x41c6d593) x11 0x00000000
core   0: 0x800011f0 (0x00000f06) c.slli  t5, 1
core   0: 3 0x800011f0 (0x0f06) x30 0x06e00000
core   0: 0x800011f2 (0x00000405) c.addi  s0, 1
core   0: 3 0x800011f2 (0x0405) x 8 0xfffffffc
core   0: 0x800011f4 (0x00900e13) li      t3, 9
core   0: 3 0x800011f4 (0x00900e13) x28 0x00000009
core   0: 0x800011f8 (0x00b00913) li      s2, 11
core   0: 3 0x800011f8 (0x00b00913) x18 0x0000000b
core   0: 0x800011fc (0x0000577d) c.li    a4, -1
core   0: 3 0x800011fc (0x577d) x14 0xffffffff
core   0: 0x800011fe (0x0000717d) c.addi16sp sp, -16
core   0: 3 0x800011fe (0x717d) x 2 0xffffffed
core   0: 0x80001200 (0x031a9133) mulh    sp, s5, a7
core   0: 3 0x80001200 (0x031a9133) x 2 0xfffffffd
core   0: 0x80001204 (0x00006cc1) c.lui   s9, 0x10
core   0: 3 0x80001204 (0x6cc1) x25 0x00010000
core   0: 0x80001206 (0x00000e29) c.addi  t3, 10
core   0: 3 0x80001206 (0x0e29) x28 0x00000013
core   0: 0x80001208 (0xff2e6ce3) bltu    t3, s2, pc - 8
core   0: 3 0x80001208 (0xff2e6ce3)
core   0: 0x8000120c (0x0000fc71) c.bnez  s0, pc - 36
core   0: 3 0x8000120c (0xfc71)
core   0: 0x800011e8 (0x030d24b3) mulhsu  s1, s10, a6
core   0: 3 0x800011e8 (0x030d24b3) x 9 0x00001400
core   0: 0x800011ec (0x41c6d593) srai    a1, a3, 28
core   0: 3 0x800011ec (0x41c6d593) x11 0x00000000
core   0: 0x800011f0 (0x00000f06) c.slli  t5, 1
core   0: 3 0x800011f0 (0x0f06) x30 0x0dc00000
core   0: 0x800011f2 (0x00000405) c.addi  s0, 1
core   0: 3 0x800011f2 (0x0405) x 8 0xfffffffd
core   0: 0x800011f4 (0x00900e13) li      t3, 9
core   0: 3 0x800011f4 (0x00900e13) x28 0x00000009
core   0: 0x800011f8 (0x00b00913) li      s2, 11
core   0: 3 0x800011f8 (0x00b00913) x18 0x0000000b
core   0: 0x800011fc (0x0000577d) c.li    a4, -1
core   0: 3 0x800011fc (0x577d) x14 0xffffffff
core   0: 0x800011fe (0x0000717d) c.addi16sp sp, -16
core   0: 3 0x800011fe (0x717d) x 2 0xffffffed
core   0: 0x80001200 (0x031a9133) mulh    sp, s5, a7
core   0: 3 0x80001200 (0x031a9133) x 2 0xfffffffd
core   0: 0x80001204 (0x00006cc1) c.lui   s9, 0x10
core   0: 3 0x80001204 (0x6cc1) x25 0x00010000
core   0: 0x80001206 (0x00000e29) c.addi  t3, 10
core   0: 3 0x80001206 (0x0e29) x28 0x00000013
core   0: 0x80001208 (0xff2e6ce3) bltu    t3, s2, pc - 8
core   0: 3 0x80001208 (0xff2e6ce3)
core   0: 0x8000120c (0x0000fc71) c.bnez  s0, pc - 36
core   0: 3 0x8000120c (0xfc71)
core   0: 0x800011e8 (0x030d24b3) mulhsu  s1, s10, a6
core   0: 3 0x800011e8 (0x030d24b3) x 9 0x00001400
core   0: 0x800011ec (0x41c6d593) srai    a1, a3, 28
core   0: 3 0x800011ec (0x41c6d593) x11 0x00000000
core   0: 0x800011f0 (0x00000f06) c.slli  t5, 1
core   0: 3 0x800011f0 (0x0f06) x30 0x1b800000
core   0: 0x800011f2 (0x00000405) c.addi  s0, 1
core   0: 3 0x800011f2 (0x0405) x 8 0xfffffffe
core   0: 0x800011f4 (0x00900e13) li      t3, 9
core   0: 3 0x800011f4 (0x00900e13) x28 0x00000009
core   0: 0x800011f8 (0x00b00913) li      s2, 11
core   0: 3 0x800011f8 (0x00b00913) x18 0x0000000b
core   0: 0x800011fc (0x0000577d) c.li    a4, -1
core   0: 3 0x800011fc (0x577d) x14 0xffffffff
core   0: 0x800011fe (0x0000717d) c.addi16sp sp, -16
core   0: 3 0x800011fe (0x717d) x 2 0xffffffed
core   0: 0x80001200 (0x031a9133) mulh    sp, s5, a7
core   0: 3 0x80001200 (0x031a9133) x 2 0xfffffffd
core   0: 0x80001204 (0x00006cc1) c.lui   s9, 0x10
core   0: 3 0x80001204 (0x6cc1) x25 0x00010000
core   0: 0x80001206 (0x00000e29) c.addi  t3, 10
core   0: 3 0x80001206 (0x0e29) x28 0x00000013
core   0: 0x80001208 (0xff2e6ce3) bltu    t3, s2, pc - 8
core   0: 3 0x80001208 (0xff2e6ce3)
core   0: 0x8000120c (0x0000fc71) c.bnez  s0, pc - 36
core   0: 3 0x8000120c (0xfc71)
core   0: 0x800011e8 (0x030d24b3) mulhsu  s1, s10, a6
core   0: 3 0x800011e8 (0x030d24b3) x 9 0x00001400
core   0: 0x800011ec (0x41c6d593) srai    a1, a3, 28
core   0: 3 0x800011ec (0x41c6d593) x11 0x00000000
core   0: 0x800011f0 (0x00000f06) c.slli  t5, 1
core   0: 3 0x800011f0 (0x0f06) x30 0x37000000
core   0: 0x800011f2 (0x00000405) c.addi  s0, 1
core   0: 3 0x800011f2 (0x0405) x 8 0xffffffff
core   0: 0x800011f4 (0x00900e13) li      t3, 9
core   0: 3 0x800011f4 (0x00900e13) x28 0x00000009
core   0: 0x800011f8 (0x00b00913) li      s2, 11
core   0: 3 0x800011f8 (0x00b00913) x18 0x0000000b
core   0: 0x800011fc (0x0000577d) c.li    a4, -1
core   0: 3 0x800011fc (0x577d) x14 0xffffffff
core   0: 0x800011fe (0x0000717d) c.addi16sp sp, -16
core   0: 3 0x800011fe (0x717d) x 2 0xffffffed
core   0: 0x80001200 (0x031a9133) mulh    sp, s5, a7
core   0: 3 0x80001200 (0x031a9133) x 2 0xfffffffd
core   0: 0x80001204 (0x00006cc1) c.lui   s9, 0x10
core   0: 3 0x80001204 (0x6cc1) x25 0x00010000
core   0: 0x80001206 (0x00000e29) c.addi  t3, 10
core   0: 3 0x80001206 (0x0e29) x28 0x00000013
core   0: 0x80001208 (0xff2e6ce3) bltu    t3, s2, pc - 8
core   0: 3 0x80001208 (0xff2e6ce3)
core   0: 0x8000120c (0x0000fc71) c.bnez  s0, pc - 36
core   0: 3 0x8000120c (0xfc71)
core   0: 0x800011e8 (0x030d24b3) mulhsu  s1, s10, a6
core   0: 3 0x800011e8 (0x030d24b3) x 9 0x00001400
core   0: 0x800011ec (0x41c6d593) srai    a1, a3, 28
core   0: 3 0x800011ec (0x41c6d593) x11 0x00000000
core   0: 0x800011f0 (0x00000f06) c.slli  t5, 1
core   0: 3 0x800011f0 (0x0f06) x30 0x6e000000
core   0: 0x800011f2 (0x00000405) c.addi  s0, 1
core   0: 3 0x800011f2 (0x0405) x 8 0x00000000
core   0: 0x800011f4 (0x00900e13) li      t3, 9
core   0: 3 0x800011f4 (0x00900e13) x28 0x00000009
core   0: 0x800011f8 (0x00b00913) li      s2, 11
core   0: 3 0x800011f8 (0x00b00913) x18 0x0000000b
core   0: 0x800011fc (0x0000577d) c.li    a4, -1
core   0: 3 0x800011fc (0x577d) x14 0xffffffff
core   0: 0x800011fe (0x0000717d) c.addi16sp sp, -16
core   0: 3 0x800011fe (0x717d) x 2 0xffffffed
core   0: 0x80001200 (0x031a9133) mulh    sp, s5, a7
core   0: 3 0x80001200 (0x031a9133) x 2 0xfffffffd
core   0: 0x80001204 (0x00006cc1) c.lui   s9, 0x10
core   0: 3 0x80001204 (0x6cc1) x25 0x00010000
core   0: 0x80001206 (0x00000e29) c.addi  t3, 10
core   0: 3 0x80001206 (0x0e29) x28 0x00000013
core   0: 0x80001208 (0xff2e6ce3) bltu    t3, s2, pc - 8
core   0: 3 0x80001208 (0xff2e6ce3)
core   0: 0x8000120c (0x0000fc71) c.bnez  s0, pc - 36
core   0: 3 0x8000120c (0xfc71)
core   0: 0x8000120e (0x00008361) c.srli  a4, 24
core   0: 3 0x8000120e (0x8361) x14 0x000000ff
core   0: 0x80001210 (0xff900a93) li      s5, -7
core   0: 3 0x80001210 (0xff900a93) x21 0xfffffff9
core   0: 0x80001214 (0x0000883a) c.mv    a6, a4
core   0: 3 0x80001214 (0x883a) x16 0x000000ff
core   0: 0x80001216 (0x0000065e) c.slli  a2, 23
core   0: 3 0x80001216 (0x065e) x12 0x19800000
core   0: 0x80001218 (0xffa00993) li      s3, -6
core   0: 3 0x80001218 (0xffa00993) x19 0xfffffffa
core   0: 0x8000121c (0x8e300b37) lui     s6, 0x8e300
core   0: 3 0x8000121c (0x8e300b37) x22 0x8e300000
core   0: 0x80001220 (0xca14b813) sltiu   a6, s1, -863
core   0: 3 0x80001220 (0xca14b813) x16 0x00000001
core   0: 0x80001224 (0x00000a91) c.addi  s5, 4
core   0: 3 0x80001224 (0x0a91) x21 0xfffffffd
core   0: 0x80001226 (0x01fc84b3) add     s1, s9, t6
core   0: 3 0x80001226 (0x01fc84b3) x 9 0x00021000
core   0: 0x8000122a (0x00001e7d) c.addi  t3, -1
core   0: 3 0x8000122a (0x1e7d) x28 0x00000012
core   0: 0x8000122c (0x037683b3) mul     t2, a3, s7
core   0: 3 0x8000122c (0x037683b3) x 7 0xffd00006
core   0: 0x80001230 (0x00700093) li      ra, 7
core   0: 3 0x80001230 (0x00700093) x 1 0x00000007
core   0: 0x80001234 (0xd4556717) auipc   a4, 0xd4556
core   0: 3 0x80001234 (0xd4556717) x14 0x54557234
core   0: 0x80001238 (0x00900193) li      gp, 9
core   0: 3 0x80001238 (0x00900193) x 3 0x00000009
core   0: 0x8000123c (0x0000527d) c.li    tp, -1
core   0: 3 0x8000123c (0x527d) x 4 0xffffffff
core   0: 0x8000123e (0x00876533) or      a0, a4, s0
core   0: 3 0x8000123e (0x00876533) x10 0x54557234
core   0: 0x80001242 (0x0000846e) c.mv    s0, s11
core   0: 3 0x80001242 (0x846e) x 8 0x00000000
core   0: 0x80001244 (0x01b08233) add     tp, ra, s11
core   0: 3 0x80001244 (0x01b08233) x 4 0x00000007
core   0: 0x80001248 (0x00000001) c.nop
core   0: 3 0x80001248 (0x0001)
core   0: 0x8000124a (0x000000a5) c.addi  ra, 9
core   0: 3 0x8000124a (0x00a5) x 1 0x00000010
core   0: 0x8000124c (0x0131f733) and     a4, gp, s3
core   0: 3 0x8000124c (0x0131f733) x14 0x00000008
core   0: 0x80001250 (0xfe30cae3) blt     ra, gp, pc - 12
core   0: 3 0x80001250 (0xfe30cae3)
core   0: 0x80001254 (0x00000001) c.nop
core   0: 3 0x80001254 (0x0001)
core   0: 0x80001256 (0x97e2c393) xori    t2, t0, -1666
core   0: 3 0x80001256 (0x97e2c393) x 7 0xfffff97e
core   0: 0x8000125a (0x00000b99) c.addi  s7, 6
core   0: 3 0x8000125a (0x0b99) x23 0x00000000
core   0: 0x8000125c (0x00f56433) or      s0, a0, a5
core   0: 3 0x8000125c (0x00f56433) x 8 0xd4577e74
core   0: 0x80001260 (0xfb3acee3) blt     s5, s3, pc - 68
core   0: 3 0x80001260 (0xfb3acee3)
core   0: 0x80001264 (0x0382fcb3) remu    s9, t0, s8
core   0: 3 0x80001264 (0x0382fcb3) x25 0x00000000
core   0: 0x80001268 (0x00a00393) li      t2, 10
core   0: 3 0x80001268 (0x00a00393) x 7 0x0000000a
core   0: 0x8000126c (0xffb00213) li      tp, -5
core   0: 3 0x8000126c (0xffb00213) x 4 0xfffffffb
core   0: 0x80001270 (0x01c786b3) add     a3, a5, t3
core   0: 3 0x80001270 (0x01c786b3) x13 0x80021e76
core   0: 0x80001274 (0x0000987d) c.andi  s0, -1
core   0: 3 0x80001274 (0x987d) x 8 0xd4577e74
core   0: 0x80001276 (0x000013e9) c.addi  t2, -6
core   0: 3 0x80001276 (0x13e9) x 7 0x00000004
core   0: 0x80001278 (0x00008d79) c.and   a0, a4
core   0: 3 0x80001278 (0x8d79) x10 0x00000000
core   0: 0x8000127a (0xff600493) li      s1, -10
core   0: 3 0x8000127a (0xff600493) x 9 0xfffffff6
core   0: 0x8000127e (0x00000001) c.nop
core   0: 3 0x8000127e (0x0001)
core   0: 0x80001280 (0x0ff0000f) fence   iorw,iorw
core   0: 3 0x80001280 (0x0ff0000f)
core   0: 0x80001284 (0x00d3f833) and     a6, t2, a3
core   0: 3 0x80001284 (0x00d3f833) x16 0x00000004
core   0: 0x80001288 (0x000004a9) c.addi  s1, 10
core   0: 3 0x80001288 (0x04a9) x 9 0x00000000
core   0: 0x8000128a (0x0000dced) c.beqz  s1, pc - 6
core   0: 3 0x8000128a (0xdced)
core   0: 0x80001284 (0x00d3f833) and     a6, t2, a3
core   0: 3 0x80001284 (0x00d3f833) x16 0x00000004
core   0: 0x80001288 (0x000004a9) c.addi  s1, 10
core   0: 3 0x80001288 (0x04a9) x 9 0x0000000a
core   0: 0x8000128a (0x0000dced) c.beqz  s1, pc - 6
core   0: 3 0x8000128a (0xdced)
core   0: 0x8000128c (0xfe43d4e3) bge     t2, tp, pc - 24
core   0: 3 0x8000128c (0xfe43d4e3)
core   0: 0x80001274 (0x0000987d) c.andi  s0, -1
core   0: 3 0x80001274 (0x987d) x 8 0xd4577e74
core   0: 0x80001276 (0x000013e9) c.addi  t2, -6
core   0: 3 0x80001276 (0x13e9) x 7 0xfffffffe
core   0: 0x80001278 (0x00008d79) c.and   a0, a4
core   0: 3 0x80001278 (0x8d79) x10 0x00000000
core   0: 0x8000127a (0xff600493) li      s1, -10
core   0: 3 0x8000127a (0xff600493) x 9 0xfffffff6
core   0: 0x8000127e (0x00000001) c.nop
core   0: 3 0x8000127e (0x0001)
core   0: 0x80001280 (0x0ff0000f) fence   iorw,iorw
core   0: 3 0x80001280 (0x0ff0000f)
core   0: 0x80001284 (0x00d3f833) and     a6, t2, a3
core   0: 3 0x80001284 (0x00d3f833) x16 0x80021e76
core   0: 0x80001288 (0x000004a9) c.addi  s1, 10
core   0: 3 0x80001288 (0x04a9) x 9 0x00000000
core   0: 0x8000128a (0x0000dced) c.beqz  s1, pc - 6
core   0: 3 0x8000128a (0xdced)
core   0: 0x80001284 (0x00d3f833) and     a6, t2, a3
core   0: 3 0x80001284 (0x00d3f833) x16 0x80021e76
core   0: 0x80001288 (0x000004a9) c.addi  s1, 10
core   0: 3 0x80001288 (0x04a9) x 9 0x0000000a
core   0: 0x8000128a (0x0000dced) c.beqz  s1, pc - 6
core   0: 3 0x8000128a (0xdced)
core   0: 0x8000128c (0xfe43d4e3) bge     t2, tp, pc - 24
core   0: 3 0x8000128c (0xfe43d4e3)
core   0: 0x80001274 (0x0000987d) c.andi  s0, -1
core   0: 3 0x80001274 (0x987d) x 8 0xd4577e74
core   0: 0x80001276 (0x000013e9) c.addi  t2, -6
core   0: 3 0x80001276 (0x13e9) x 7 0xfffffff8
core   0: 0x80001278 (0x00008d79) c.and   a0, a4
core   0: 3 0x80001278 (0x8d79) x10 0x00000000
core   0: 0x8000127a (0xff600493) li      s1, -10
core   0: 3 0x8000127a (0xff600493) x 9 0xfffffff6
core   0: 0x8000127e (0x00000001) c.nop
core   0: 3 0x8000127e (0x0001)
core   0: 0x80001280 (0x0ff0000f) fence   iorw,iorw
core   0: 3 0x80001280 (0x0ff0000f)
core   0: 0x80001284 (0x00d3f833) and     a6, t2, a3
core   0: 3 0x80001284 (0x00d3f833) x16 0x80021e70
core   0: 0x80001288 (0x000004a9) c.addi  s1, 10
core   0: 3 0x80001288 (0x04a9) x 9 0x00000000
core   0: 0x8000128a (0x0000dced) c.beqz  s1, pc - 6
core   0: 3 0x8000128a (0xdced)
core   0: 0x80001284 (0x00d3f833) and     a6, t2, a3
core   0: 3 0x80001284 (0x00d3f833) x16 0x80021e70
core   0: 0x80001288 (0x000004a9) c.addi  s1, 10
core   0: 3 0x80001288 (0x04a9) x 9 0x0000000a
core   0: 0x8000128a (0x0000dced) c.beqz  s1, pc - 6
core   0: 3 0x8000128a (0xdced)
core   0: 0x8000128c (0xfe43d4e3) bge     t2, tp, pc - 24
core   0: 3 0x8000128c (0xfe43d4e3)
core   0: 0x80001290 (0x00008549) c.srai  a0, 18
core   0: 3 0x80001290 (0x8549) x10 0x00000000
core   0: 0x80001292 (0xfff00613) li      a2, -1
core   0: 3 0x80001292 (0xfff00613) x12 0xffffffff
core   0: 0x80001296 (0x00321e33) sll     t3, tp, gp
core   0: 3 0x80001296 (0x00321e33) x28 0xfffff600
core   0: 0x8000129a (0x00400893) li      a7, 4
core   0: 3 0x8000129a (0x00400893) x17 0x00000004
core   0: 0x8000129e (0x5c19cb13) xori    s6, s3, 1473
core   0: 3 0x8000129e (0x5c19cb13) x22 0xfffffa3b
core   0: 0x800012a2 (0x00116433) or      s0, sp, ra
core   0: 3 0x800012a2 (0x00116433) x 8 0xfffffffd
core   0: 0x800012a6 (0xb4aee813) ori     a6, t4, -1206
core   0: 3 0x800012a6 (0xb4aee813) x16 0xfffffb4a
core   0: 0x800012aa (0x00000605) c.addi  a2, 1
core   0: 3 0x800012aa (0x0605) x12 0x00000000
core   0: 0x800012ac (0x69297817) auipc   a6, 0x69297
core   0: 3 0x800012ac (0x69297817) x16 0xe92982ac
core   0: 0x800012b0 (0x00000d8a) c.slli  s11, 2
core   0: 3 0x800012b0 (0x0d8a) x27 0x00000000
core   0: 0x800012b2 (0x00006479) c.lui   s0, 0x1e
core   0: 3 0x800012b2 (0x6479) x 8 0x0001e000
core   0: 0x800012b4 (0x77883413) sltiu   s0, a6, 1912
core   0: 3 0x800012b4 (0x77883413) x 8 0x00000000
core   0: 0x800012b8 (0xb420d317) auipc   t1, 0xb420d
core   0: 3 0x800012b8 (0xb420d317) x 6 0x3420e2b8
core   0: 0x800012bc (0xff1603e3) beq     a2, a7, pc - 26
core   0: 3 0x800012bc (0xff1603e3)
core   0: 0x800012c0 (0x03bb6eb3) rem     t4, s6, s11
core   0: 3 0x800012c0 (0x03bb6eb3) x29 0xfffffa3b
core   0: 0x800012c4 (0xffe00a93) li      s5, -2
core   0: 3 0x800012c4 (0xffe00a93) x21 0xfffffffe
core   0: 0x800012c8 (0x00000e88) c.addi4spn a0, sp, 848
core   0: 3 0x800012c8 (0x0e88) x10 0x0000034d
core   0: 0x800012ca (0x0190c033) xor     zero, ra, s9
core   0: 3 0x800012ca (0x0190c033)
core   0: 0x800012ce (0x00100313) li      t1, 1
core   0: 3 0x800012ce (0x00100313) x 6 0x00000001
core   0: 0x800012d2 (0x00008de5) c.and   a1, s1
core   0: 3 0x800012d2 (0x8de5) x11 0x00000000
core   0: 0x800012d4 (0x797c4213) xori    tp, s8, 1943
core   0: 3 0x800012d4 (0x797c4213) x 4 0xfdf3c3cc
core   0: 0x800012d8 (0x03507233) remu    tp, zero, s5
core   0: 3 0x800012d8 (0x03507233) x 4 0x00000000
core   0: 0x800012dc (0x000098fe) c.add   a7, t6
core   0: 3 0x800012dc (0x98fe) x17 0x00011004
core   0: 0x800012de (0x00000aa9) c.addi  s5, 10
core   0: 3 0x800012de (0x0aa9) x21 0x00000008
core   0: 0x800012e0 (0x00600c93) li      s9, 6
core   0: 3 0x800012e0 (0x00600c93) x25 0x00000006
core   0: 0x800012e4 (0x0322c733) div     a4, t0, s2
core   0: 3 0x800012e4 (0x0322c733) x14 0x00000000
core   0: 0x800012e8 (0x00008296) c.mv    t0, t0
core   0: 3 0x800012e8 (0x8296) x 5 0x00000000
core   0: 0x800012ea (0x00000929) c.addi  s2, 10
core   0: 3 0x800012ea (0x0929) x18 0x00000015
core   0: 0x800012ec (0x020fd3b3) divu    t2, t6, zero
core   0: 3 0x800012ec (0x020fd3b3) x 7 0xffffffff
core   0: 0x800012f0 (0x508bb493) sltiu   s1, s7, 1288
core   0: 3 0x800012f0 (0x508bb493) x 9 0x00000001
core   0: 0x800012f4 (0x02609f33) mulh    t5, ra, t1
core   0: 3 0x800012f4 (0x02609f33) x30 0x00000000
core   0: 0x800012f8 (0x00008f51) c.or    a4, a2
core   0: 3 0x800012f8 (0x8f51) x14 0x00000000
core   0: 0x800012fa (0x40be04b3) sub     s1, t3, a1
core   0: 3 0x800012fa (0x40be04b3) x 9 0xfffff600
core   0: 0x800012fe (0x033f43b3) div     t2, t5, s3
core   0: 3 0x800012fe (0x033f43b3) x 7 0x00000000
core   0: 0x80001302 (0x00008dcd) c.or    a1, a1
core   0: 3 0x80001302 (0x8dcd) x11 0x00000000
core   0: 0x80001304 (0x00d7a6b3) slt     a3, a5, a3
core   0: 3 0x80001304 (0x00d7a6b3) x13 0x00000001
core   0: 0x80001308 (0x01300b93) li      s7, 19
core   0: 3 0x80001308 (0x01300b93) x23 0x00000013
core   0: 0x8000130c (0x00001dfd) c.addi  s11, -1
core   0: 3 0x8000130c (0x1dfd) x27 0xffffffff
core   0: 0x8000130e (0xf545e9b7) lui     s3, 0xf545e
core   0: 3 0x8000130e (0xf545e9b7) x19 0xf545e000
core   0: 0x80001312 (0x00008ca9) c.xor   s1, a0
core   0: 3 0x80001312 (0x8ca9) x 9 0xfffff54d
core   0: 0x80001314 (0x14e43737) lui     a4, 0x14e43
core   0: 3 0x80001314 (0x14e43737) x14 0x14e43000
core   0: 0x80001318 (0x00000001) c.nop
core   0: 3 0x80001318 (0x0001)
core   0: 0x8000131a (0x00000001) c.nop
core   0: 3 0x8000131a (0x0001)
core   0: 0x8000131c (0x00000ca9) c.addi  s9, 10
core   0: 3 0x8000131c (0x0ca9) x25 0x00000010
core   0: 0x8000131e (0x00001110) c.addi4spn a2, sp, 160
core   0: 3 0x8000131e (0x1110) x12 0x0000009d
core   0: 0x80001320 (0x00000269) c.addi  tp, 26
core   0: 3 0x80001320 (0x0269) x 4 0x0000001a
core   0: 0x80001322 (0xff7cc8e3) blt     s9, s7, pc - 16
core   0: 3 0x80001322 (0xff7cc8e3)
core   0: 0x80001312 (0x00008ca9) c.xor   s1, a0
core   0: 3 0x80001312 (0x8ca9) x 9 0xfffff600
core   0: 0x80001314 (0x14e43737) lui     a4, 0x14e43
core   0: 3 0x80001314 (0x14e43737) x14 0x14e43000
core   0: 0x80001318 (0x00000001) c.nop
core   0: 3 0x80001318 (0x0001)
core   0: 0x8000131a (0x00000001) c.nop
core   0: 3 0x8000131a (0x0001)
core   0: 0x8000131c (0x00000ca9) c.addi  s9, 10
core   0: 3 0x8000131c (0x0ca9) x25 0x0000001a
core   0: 0x8000131e (0x00001110) c.addi4spn a2, sp, 160
core   0: 3 0x8000131e (0x1110) x12 0x0000009d
core   0: 0x80001320 (0x00000269) c.addi  tp, 26
core   0: 3 0x80001320 (0x0269) x 4 0x00000034
core   0: 0x80001322 (0xff7cc8e3) blt     s9, s7, pc - 16
core   0: 3 0x80001322 (0xff7cc8e3)
core   0: 0x80001326 (0x00008e1d) c.sub   a2, a5
core   0: 3 0x80001326 (0x8e1d) x12 0x7ffde239
core   0: 0x80001328 (0xfa6ae8e3) bltu    s5, t1, pc - 80
core   0: 3 0x80001328 (0xfa6ae8e3)
core   0: 0x8000132c (0x0073d1b3) srl     gp, t2, t2
core   0: 3 0x8000132c (0x0073d1b3) x 3 0x00000000
core   0: 0x80001330 (0xff700593) li      a1, -9
core   0: 3 0x80001330 (0xff700593) x11 0xfffffff7
core   0: 0x80001334 (0x0000987d) c.andi  s0, -1
core   0: 3 0x80001334 (0x987d) x 8 0x00000000
core   0: 0x80001336 (0x0122e533) or      a0, t0, s2
core   0: 3 0x80001336 (0x0122e533) x10 0x00000015
core   0: 0x8000133a (0x01de0ab3) add     s5, t3, t4
core   0: 3 0x8000133a (0x01de0ab3) x21 0xfffff03b
core   0: 0x8000133e (0x00000001) c.nop
core   0: 3 0x8000133e (0x0001)
core   0: 0x80001340 (0x03542d33) mulhsu  s10, s0, s5
core   0: 3 0x80001340 (0x03542d33) x26 0x00000000
core   0: 0x80001344 (0x025121b3) mulhsu  gp, sp, t0
core   0: 3 0x80001344 (0x025121b3) x 3 0x00000000
core   0: 0x80001348 (0x00001690) c.addi4spn a2, sp, 864
core   0: 3 0x80001348 (0x1690) x12 0x0000035d
core   0: 0x8000134a (0x00000001) c.nop
core   0: 3 0x8000134a (0x0001)
core   0: 0x8000134c (0x01e1d233) srl     tp, gp, t5
core   0: 3 0x8000134c (0x01e1d233) x 4 0x00000000
core   0: 0x80001350 (0x03ae9bb3) mulh    s7, t4, s10
core   0: 3 0x80001350 (0x03ae9bb3) x23 0x00000000
core   0: 0x80001354 (0x0198e8b3) or      a7, a7, s9
core   0: 3 0x80001354 (0x0198e8b3) x17 0x0001101e
core   0: 0x80001358 (0x00008021) c.srli  s0, 8
core   0: 3 0x80001358 (0x8021) x 8 0x00000000
core   0: 0x8000135a (0x02705b33) divu    s6, zero, t2
core   0: 3 0x8000135a (0x02705b33) x22 0xffffffff
core   0: 0x8000135e (0x0247b333) mulhu   t1, a5, tp
core   0: 3 0x8000135e (0x0247b333) x 6 0x00000000
core   0: 0x80001362 (0x00000585) c.addi  a1, 1
core   0: 3 0x80001362 (0x0585) x11 0xfffffff8
core   0: 0x80001364 (0x4ed4f313) andi    t1, s1, 1261
core   0: 3 0x80001364 (0x4ed4f313) x 6 0x00000400
core   0: 0x80001368 (0x0000f9fd) c.bnez  a1, pc - 10
core   0: 3 0x80001368 (0xf9fd)
core   0: 0x8000135e (0x0247b333) mulhu   t1, a5, tp
core   0: 3 0x8000135e (0x0247b333) x 6 0x00000000
core   0: 0x80001362 (0x00000585) c.addi  a1, 1
core   0: 3 0x80001362 (0x0585) x11 0xfffffff9
core   0: 0x80001364 (0x4ed4f313) andi    t1, s1, 1261
core   0: 3 0x80001364 (0x4ed4f313) x 6 0x00000400
core   0: 0x80001368 (0x0000f9fd) c.bnez  a1, pc - 10
core   0: 3 0x80001368 (0xf9fd)
core   0: 0x8000135e (0x0247b333) mulhu   t1, a5, tp
core   0: 3 0x8000135e (0x0247b333) x 6 0x00000000
core   0: 0x80001362 (0x00000585) c.addi  a1, 1
core   0: 3 0x80001362 (0x0585) x11 0xfffffffa
core   0: 0x80001364 (0x4ed4f313) andi    t1, s1, 1261
core   0: 3 0x80001364 (0x4ed4f313) x 6 0x00000400
core   0: 0x80001368 (0x0000f9fd) c.bnez  a1, pc - 10
core   0: 3 0x80001368 (0xf9fd)
core   0: 0x8000135e (0x0247b333) mulhu   t1, a5, tp
core   0: 3 0x8000135e (0x0247b333) x 6 0x00000000
core   0: 0x80001362 (0x00000585) c.addi  a1, 1
core   0: 3 0x80001362 (0x0585) x11 0xfffffffb
core   0: 0x80001364 (0x4ed4f313) andi    t1, s1, 1261
core   0: 3 0x80001364 (0x4ed4f313) x 6 0x00000400
core   0: 0x80001368 (0x0000f9fd) c.bnez  a1, pc - 10
core   0: 3 0x80001368 (0xf9fd)
core   0: 0x8000135e (0x0247b333) mulhu   t1, a5, tp
core   0: 3 0x8000135e (0x0247b333) x 6 0x00000000
core   0: 0x80001362 (0x00000585) c.addi  a1, 1
core   0: 3 0x80001362 (0x0585) x11 0xfffffffc
core   0: 0x80001364 (0x4ed4f313) andi    t1, s1, 1261
core   0: 3 0x80001364 (0x4ed4f313) x 6 0x00000400
core   0: 0x80001368 (0x0000f9fd) c.bnez  a1, pc - 10
core   0: 3 0x80001368 (0xf9fd)
core   0: 0x8000135e (0x0247b333) mulhu   t1, a5, tp
core   0: 3 0x8000135e (0x0247b333) x 6 0x00000000
core   0: 0x80001362 (0x00000585) c.addi  a1, 1
core   0: 3 0x80001362 (0x0585) x11 0xfffffffd
core   0: 0x80001364 (0x4ed4f313) andi    t1, s1, 1261
core   0: 3 0x80001364 (0x4ed4f313) x 6 0x00000400
core   0: 0x80001368 (0x0000f9fd) c.bnez  a1, pc - 10
core   0: 3 0x80001368 (0xf9fd)
core   0: 0x8000135e (0x0247b333) mulhu   t1, a5, tp
core   0: 3 0x8000135e (0x0247b333) x 6 0x00000000
core   0: 0x80001362 (0x00000585) c.addi  a1, 1
core   0: 3 0x80001362 (0x0585) x11 0xfffffffe
core   0: 0x80001364 (0x4ed4f313) andi    t1, s1, 1261
core   0: 3 0x80001364 (0x4ed4f313) x 6 0x00000400
core   0: 0x80001368 (0x0000f9fd) c.bnez  a1, pc - 10
core   0: 3 0x80001368 (0xf9fd)
core   0: 0x8000135e (0x0247b333) mulhu   t1, a5, tp
core   0: 3 0x8000135e (0x0247b333) x 6 0x00000000
core   0: 0x80001362 (0x00000585) c.addi  a1, 1
core   0: 3 0x80001362 (0x0585) x11 0xffffffff
core   0: 0x80001364 (0x4ed4f313) andi    t1, s1, 1261
core   0: 3 0x80001364 (0x4ed4f313) x 6 0x00000400
core   0: 0x80001368 (0x0000f9fd) c.bnez  a1, pc - 10
core   0: 3 0x80001368 (0xf9fd)
core   0: 0x8000135e (0x0247b333) mulhu   t1, a5, tp
core   0: 3 0x8000135e (0x0247b333) x 6 0x00000000
core   0: 0x80001362 (0x00000585) c.addi  a1, 1
core   0: 3 0x80001362 (0x0585) x11 0x00000000
core   0: 0x80001364 (0x4ed4f313) andi    t1, s1, 1261
core   0: 3 0x80001364 (0x4ed4f313) x 6 0x00000400
core   0: 0x80001368 (0x0000f9fd) c.bnez  a1, pc - 10
core   0: 3 0x80001368 (0xf9fd)
core   0: 0x8000136a (0x41fcdfb3) sra     t6, s9, t6
core   0: 3 0x8000136a (0x41fcdfb3) x31 0x0000001a
core   0: 0x8000136e (0x00700f13) li      t5, 7
core   0: 3 0x8000136e (0x00700f13) x30 0x00000007
core   0: 0x80001372 (0x000099fd) c.andi  a1, -1
core   0: 3 0x80001372 (0x99fd) x11 0x00000000
core   0: 0x80001374 (0x000053fd) c.li    t2, -1
core   0: 3 0x80001374 (0x53fd) x 7 0xffffffff
core   0: 0x80001376 (0x00400c93) li      s9, 4
core   0: 3 0x80001376 (0x00400c93) x25 0x00000004
core   0: 0x8000137a (0x012fc833) xor     a6, t6, s2
core   0: 3 0x8000137a (0x012fc833) x16 0x0000000f
core   0: 0x8000137e (0x008f39b3) sltu    s3, t5, s0
core   0: 3 0x8000137e (0x008f39b3) x19 0x00000000
core   0: 0x80001382 (0x000081ad) c.srli  a1, 11
core   0: 3 0x80001382 (0x81ad) x11 0x00000000
core   0: 0x80001384 (0x00001f7d) c.addi  t5, -1
core   0: 3 0x80001384 (0x1f7d) x30 0x00000006
core   0: 0x80001386 (0x010598b3) sll     a7, a1, a6
core   0: 3 0x80001386 (0x010598b3) x17 0x00000000
core   0: 0x8000138a (0x024b7eb3) remu    t4, s6, tp
core   0: 3 0x8000138a (0x024b7eb3) x29 0xffffffff
core   0: 0x8000138e (0x03113bb3) mulhu   s7, sp, a7
core   0: 3 0x8000138e (0x03113bb3) x23 0x00000000
core   0: 0x80001392 (0xff600613) li      a2, -10
core   0: 3 0x80001392 (0xff600613) x12 0xfffffff6
core   0: 0x80001396 (0x03649bb3) mulh    s7, s1, s6
core   0: 3 0x80001396 (0x03649bb3) x23 0x00000000
core   0: 0x8000139a (0x00e00d93) li      s11, 14
core   0: 3 0x8000139a (0x00e00d93) x27 0x0000000e
core   0: 0x8000139e (0x01b5a4b3) slt     s1, a1, s11
core   0: 3 0x8000139e (0x01b5a4b3) x 9 0x00000001
core   0: 0x800013a2 (0x0000100f) fence.i
core   0: 3 0x800013a2 (0x0000100f)
core   0: 0x800013a6 (0x00008eb1) c.xor   a3, a2
core   0: 3 0x800013a6 (0x8eb1) x13 0xfffffff7
core   0: 0x800013a8 (0x00001614) c.addi4spn a3, sp, 800
core   0: 3 0x800013a8 (0x1614) x13 0x0000031d
core   0: 0x800013aa (0x0000060d) c.addi  a2, 3
core   0: 3 0x800013aa (0x060d) x12 0xfffffff9
core   0: 0x800013ac (0x00008c3d) c.xor   s0, a5
core   0: 3 0x800013ac (0x8c3d) x 8 0x80021e64
core   0: 0x800013ae (0x000016fd) c.addi  a3, -1
core   0: 3 0x800013ae (0x16fd) x13 0x0000031c
core   0: 0x800013b0 (0xffb667e3) bltu    a2, s11, pc - 18
core   0: 3 0x800013b0 (0xffb667e3)
core   0: 0x800013b4 (0x0000717d) c.addi16sp sp, -16
core   0: 3 0x800013b4 (0x717d) x 2 0xffffffed
core   0: 0x800013b6 (0x9c3de593) ori     a1, s11, -1597
core   0: 3 0x800013b6 (0x9c3de593) x11 0xfffff9cf
core   0: 0x800013ba (0xfd9f72e3) bgeu    t5, s9, pc - 60
core   0: 3 0x800013ba (0xfd9f72e3)
core   0: 0x8000137e (0x008f39b3) sltu    s3, t5, s0
core   0: 3 0x8000137e (0x008f39b3) x19 0x00000001
core   0: 0x80001382 (0x000081ad) c.srli  a1, 11
core   0: 3 0x80001382 (0x81ad) x11 0x001fffff
core   0: 0x80001384 (0x00001f7d) c.addi  t5, -1
core   0: 3 0x80001384 (0x1f7d) x30 0x00000005
core   0: 0x80001386 (0x010598b3) sll     a7, a1, a6
core   0: 3 0x80001386 (0x010598b3) x17 0xffff8000
core   0: 0x8000138a (0x024b7eb3) remu    t4, s6, tp
core   0: 3 0x8000138a (0x024b7eb3) x29 0xffffffff
core   0: 0x8000138e (0x03113bb3) mulhu   s7, sp, a7
core   0: 3 0x8000138e (0x03113bb3) x23 0xffff7fed
core   0: 0x80001392 (0xff600613) li      a2, -10
core   0: 3 0x80001392 (0xff600613) x12 0xfffffff6
core   0: 0x80001396 (0x03649bb3) mulh    s7, s1, s6
core   0: 3 0x80001396 (0x03649bb3) x23 0xffffffff
core   0: 0x8000139a (0x00e00d93) li      s11, 14
core   0: 3 0x8000139a (0x00e00d93) x27 0x0000000e
core   0: 0x8000139e (0x01b5a4b3) slt     s1, a1, s11
core   0: 3 0x8000139e (0x01b5a4b3) x 9 0x00000000
core   0: 0x800013a2 (0x0000100f) fence.i
core   0: 3 0x800013a2 (0x0000100f)
core   0: 0x800013a6 (0x00008eb1) c.xor   a3, a2
core   0: 3 0x800013a6 (0x8eb1) x13 0xfffffcea
core   0: 0x800013a8 (0x00001614) c.addi4spn a3, sp, 800
core   0: 3 0x800013a8 (0x1614) x13 0x0000030d
core   0: 0x800013aa (0x0000060d) c.addi  a2, 3
core   0: 3 0x800013aa (0x060d) x12 0xfffffff9
core   0: 0x800013ac (0x00008c3d) c.xor   s0, a5
core   0: 3 0x800013ac (0x8c3d) x 8 0x00000000
core   0: 0x800013ae (0x000016fd) c.addi  a3, -1
core   0: 3 0x800013ae (0x16fd) x13 0x0000030c
core   0: 0x800013b0 (0xffb667e3) bltu    a2, s11, pc - 18
core   0: 3 0x800013b0 (0xffb667e3)
core   0: 0x800013b4 (0x0000717d) c.addi16sp sp, -16
core   0: 3 0x800013b4 (0x717d) x 2 0xffffffdd
core   0: 0x800013b6 (0x9c3de593) ori     a1, s11, -1597
core   0: 3 0x800013b6 (0x9c3de593) x11 0xfffff9cf
core   0: 0x800013ba (0xfd9f72e3) bgeu    t5, s9, pc - 60
core   0: 3 0x800013ba (0xfd9f72e3)
core   0: 0x8000137e (0x008f39b3) sltu    s3, t5, s0
core   0: 3 0x8000137e (0x008f39b3) x19 0x00000000
core   0: 0x80001382 (0x000081ad) c.srli  a1, 11
core   0: 3 0x80001382 (0x81ad) x11 0x001fffff
core   0: 0x80001384 (0x00001f7d) c.addi  t5, -1
core   0: 3 0x80001384 (0x1f7d) x30 0x00000004
core   0: 0x80001386 (0x010598b3) sll     a7, a1, a6
core   0: 3 0x80001386 (0x010598b3) x17 0xffff8000
core   0: 0x8000138a (0x024b7eb3) remu    t4, s6, tp
core   0: 3 0x8000138a (0x024b7eb3) x29 0xffffffff
core   0: 0x8000138e (0x03113bb3) mulhu   s7, sp, a7
core   0: 3 0x8000138e (0x03113bb3) x23 0xffff7fdd
core   0: 0x80001392 (0xff600613) li      a2, -10
core   0: 3 0x80001392 (0xff600613) x12 0xfffffff6
core   0: 0x80001396 (0x03649bb3) mulh    s7, s1, s6
core   0: 3 0x80001396 (0x03649bb3) x23 0x00000000
core   0: 0x8000139a (0x00e00d93) li      s11, 14
core   0: 3 0x8000139a (0x00e00d93) x27 0x0000000e
core   0: 0x8000139e (0x01b5a4b3) slt     s1, a1, s11
core   0: 3 0x8000139e (0x01b5a4b3) x 9 0x00000000
core   0: 0x800013a2 (0x0000100f) fence.i
core   0: 3 0x800013a2 (0x0000100f)
core   0: 0x800013a6 (0x00008eb1) c.xor   a3, a2
core   0: 3 0x800013a6 (0x8eb1) x13 0xfffffcfa
core   0: 0x800013a8 (0x00001614) c.addi4spn a3, sp, 800
core   0: 3 0x800013a8 (0x1614) x13 0x000002fd
core   0: 0x800013aa (0x0000060d) c.addi  a2, 3
core   0: 3 0x800013aa (0x060d) x12 0xfffffff9
core   0: 0x800013ac (0x00008c3d) c.xor   s0, a5
core   0: 3 0x800013ac (0x8c3d) x 8 0x80021e64
core   0: 0x800013ae (0x000016fd) c.addi  a3, -1
core   0: 3 0x800013ae (0x16fd) x13 0x000002fc
core   0: 0x800013b0 (0xffb667e3) bltu    a2, s11, pc - 18
core   0: 3 0x800013b0 (0xffb667e3)
core   0: 0x800013b4 (0x0000717d) c.addi16sp sp, -16
core   0: 3 0x800013b4 (0x717d) x 2 0xffffffcd
core   0: 0x800013b6 (0x9c3de593) ori     a1, s11, -1597
core   0: 3 0x800013b6 (0x9c3de593) x11 0xfffff9cf
core   0: 0x800013ba (0xfd9f72e3) bgeu    t5, s9, pc - 60
core   0: 3 0x800013ba (0xfd9f72e3)
core   0: 0x8000137e (0x008f39b3) sltu    s3, t5, s0
core   0: 3 0x8000137e (0x008f39b3) x19 0x00000001
core   0: 0x80001382 (0x000081ad) c.srli  a1, 11
core   0: 3 0x80001382 (0x81ad) x11 0x001fffff
core   0: 0x80001384 (0x00001f7d) c.addi  t5, -1
core   0: 3 0x80001384 (0x1f7d) x30 0x00000003
core   0: 0x80001386 (0x010598b3) sll     a7, a1, a6
core   0: 3 0x80001386 (0x010598b3) x17 0xffff8000
core   0: 0x8000138a (0x024b7eb3) remu    t4, s6, tp
core   0: 3 0x8000138a (0x024b7eb3) x29 0xffffffff
core   0: 0x8000138e (0x03113bb3) mulhu   s7, sp, a7
core   0: 3 0x8000138e (0x03113bb3) x23 0xffff7fcd
core   0: 0x80001392 (0xff600613) li      a2, -10
core   0: 3 0x80001392 (0xff600613) x12 0xfffffff6
core   0: 0x80001396 (0x03649bb3) mulh    s7, s1, s6
core   0: 3 0x80001396 (0x03649bb3) x23 0x00000000
core   0: 0x8000139a (0x00e00d93) li      s11, 14
core   0: 3 0x8000139a (0x00e00d93) x27 0x0000000e
core   0: 0x8000139e (0x01b5a4b3) slt     s1, a1, s11
core   0: 3 0x8000139e (0x01b5a4b3) x 9 0x00000000
core   0: 0x800013a2 (0x0000100f) fence.i
core   0: 3 0x800013a2 (0x0000100f)
core   0: 0x800013a6 (0x00008eb1) c.xor   a3, a2
core   0: 3 0x800013a6 (0x8eb1) x13 0xfffffd0a
core   0: 0x800013a8 (0x00001614) c.addi4spn a3, sp, 800
core   0: 3 0x800013a8 (0x1614) x13 0x000002ed
core   0: 0x800013aa (0x0000060d) c.addi  a2, 3
core   0: 3 0x800013aa (0x060d) x12 0xfffffff9
core   0: 0x800013ac (0x00008c3d) c.xor   s0, a5
core   0: 3 0x800013ac (0x8c3d) x 8 0x00000000
core   0: 0x800013ae (0x000016fd) c.addi  a3, -1
core   0: 3 0x800013ae (0x16fd) x13 0x000002ec
core   0: 0x800013b0 (0xffb667e3) bltu    a2, s11, pc - 18
core   0: 3 0x800013b0 (0xffb667e3)
core   0: 0x800013b4 (0x0000717d) c.addi16sp sp, -16
core   0: 3 0x800013b4 (0x717d) x 2 0xffffffbd
core   0: 0x800013b6 (0x9c3de593) ori     a1, s11, -1597
core   0: 3 0x800013b6 (0x9c3de593) x11 0xfffff9cf
core   0: 0x800013ba (0xfd9f72e3) bgeu    t5, s9, pc - 60
core   0: 3 0x800013ba (0xfd9f72e3)
core   0: 0x800013be (0x033ba333) mulhsu  t1, s7, s3
core   0: 3 0x800013be (0x033ba333) x 6 0x00000000
core   0: 0x800013c2 (0x00600713) li      a4, 6
core   0: 3 0x800013c2 (0x00600713) x14 0x00000006
core   0: 0x800013c6 (0x00000001) c.nop
core   0: 3 0x800013c6 (0x0001)
core   0: 0x800013c8 (0x039e8533) mul     a0, t4, s9
core   0: 3 0x800013c8 (0x039e8533) x10 0xfffffffc
core   0: 0x800013cc (0x00001779) c.addi  a4, -2
core   0: 3 0x800013cc (0x1779) x14 0x00000004
core   0: 0x800013ce (0x0000df6d) c.beqz  a4, pc - 6
core   0: 3 0x800013ce (0xdf6d)
core   0: 0x800013d0 (0x001a9293) slli    t0, s5, 1
core   0: 3 0x800013d0 (0x001a9293) x 5 0xffffe076
core   0: 0x800013d4 (0x00000413) li      s0, 0
core   0: 3 0x800013d4 (0x00000413) x 8 0x00000000
core   0: 0x800013d8 (0x41760e33) sub     t3, a2, s7
core   0: 3 0x800013d8 (0x41760e33) x28 0xfffffff9
core   0: 0x800013dc (0x000006fd) c.addi  a3, 31
core   0: 3 0x800013dc (0x06fd) x13 0x0000030b
core   0: 0x800013de (0x000080cd) c.srli  s1, 19
core   0: 3 0x800013de (0x80cd) x 9 0x00000000
core   0: 0x800013e0 (0x0353eb33) rem     s6, t2, s5
core   0: 3 0x800013e0 (0x0353eb33) x22 0xffffffff
core   0: 0x800013e4 (0x40ab88b3) sub     a7, s7, a0
core   0: 3 0x800013e4 (0x40ab88b3) x17 0x00000004
core   0: 0x800013e8 (0x00006825) c.lui   a6, 0x9
core   0: 3 0x800013e8 (0x6825) x16 0x00009000
core   0: 0x800013ea (0x00006d79) c.lui   s10, 0x1e
core   0: 3 0x800013ea (0x6d79) x26 0x0001e000
core   0: 0x800013ec (0x00400c93) li      s9, 4
core   0: 3 0x800013ec (0x00400c93) x25 0x00000004
core   0: 0x800013f0 (0x0000815d) c.srli  a0, 23
core   0: 3 0x800013f0 (0x815d) x10 0x000001ff
core   0: 0x800013f2 (0x004f6d33) or      s10, t5, tp
core   0: 3 0x800013f2 (0x004f6d33) x26 0x00000003
core   0: 0x800013f6 (0x0229a1b3) mulhsu  gp, s3, sp
core   0: 3 0x800013f6 (0x0229a1b3) x 3 0x00000000
core   0: 0x800013fa (0x00000411) c.addi  s0, 4
core   0: 3 0x800013fa (0x0411) x 8 0x00000004
core   0: 0x800013fc (0xff600713) li      a4, -10
core   0: 3 0x800013fc (0xff600713) x14 0xfffffff6
core   0: 0x80001400 (0x0000899d) c.andi  a1, 7
core   0: 3 0x80001400 (0x899d) x11 0x00000007
core   0: 0x80001402 (0x00bf14b3) sll     s1, t5, a1
core   0: 3 0x80001402 (0x00bf14b3) x 9 0x00000180
core   0: 0x80001406 (0xc2c37e93) andi    t4, t1, -980
core   0: 3 0x80001406 (0xc2c37e93) x29 0x00000000
core   0: 0x8000140a (0x0ff0000f) fence   iorw,iorw
core   0: 3 0x8000140a (0x0ff0000f)
core   0: 0x8000140e (0x00008d4d) c.or    a0, a1
core   0: 3 0x8000140e (0x8d4d) x10 0x000001ff
core   0: 0x80001410 (0xffe00113) li      sp, -2
core   0: 3 0x80001410 (0xffe00113) x 2 0xfffffffe
core   0: 0x80001414 (0x00a14ab3) xor     s5, sp, a0
core   0: 3 0x80001414 (0x00a14ab3) x21 0xfffffe01
core   0: 0x80001418 (0x00008edd) c.or    a3, a5
core   0: 3 0x80001418 (0x8edd) x13 0x80021f6f
core   0: 0x8000141a (0x000084b9) c.srai  s1, 14
core   0: 3 0x8000141a (0x84b9) x 9 0x00000000
core   0: 0x8000141c (0xef2c9d37) lui     s10, 0xef2c9
core   0: 3 0x8000141c (0xef2c9d37) x26 0xef2c9000
core   0: 0x80001420 (0x40318533) sub     a0, gp, gp
core   0: 3 0x80001420 (0x40318533) x10 0x00000000
core   0: 0x80001424 (0x004edb33) srl     s6, t4, tp
core   0: 3 0x80001424 (0x004edb33) x22 0x00000000
core   0: 0x80001428 (0x00000711) c.addi  a4, 4
core   0: 3 0x80001428 (0x0711) x14 0xfffffffa
core   0: 0x8000142a (0xfe2707e3) beq     a4, sp, pc - 18
core   0: 3 0x8000142a (0xfe2707e3)
core   0: 0x8000142e (0x00004275) c.li    tp, 29
core   0: 3 0x8000142e (0x4275) x 4 0x0000001d
core   0: 0x80001430 (0xbfdcf013) andi    zero, s9, -1027
core   0: 3 0x80001430 (0xbfdcf013)
core   0: 0x80001434 (0xfb946fe3) bltu    s0, s9, pc - 66
core   0: 3 0x80001434 (0xfb946fe3)
core   0: 0x80001438 (0x000088b5) c.andi  s1, 13
core   0: 3 0x80001438 (0x88b5) x 9 0x00000000
core   0: 0x8000143a (0xffd00693) li      a3, -3
core   0: 3 0x8000143a (0xffd00693) x13 0xfffffffd
core   0: 0x8000143e (0x000064a1) c.lui   s1, 0x8
core   0: 3 0x8000143e (0x64a1) x 9 0x00008000
core   0: 0x80001440 (0x58f7b093) sltiu   ra, a5, 1423
core   0: 3 0x80001440 (0x58f7b093) x 1 0x00000000
core   0: 0x80001444 (0x1d856513) ori     a0, a0, 472
core   0: 3 0x80001444 (0x1d856513) x10 0x000001d8
core   0: 0x80001448 (0x00000001) c.nop
core   0: 3 0x80001448 (0x0001)
core   0: 0x8000144a (0x0ff0000f) fence   iorw,iorw
core   0: 3 0x8000144a (0x0ff0000f)
core   0: 0x8000144e (0x00909d13) slli    s10, ra, 9
core   0: 3 0x8000144e (0x00909d13) x26 0x00000000
core   0: 0x80001452 (0x000099fd) c.andi  a1, -1
core   0: 3 0x80001452 (0x99fd) x11 0x00000007
core   0: 0x80001454 (0x00008cad) c.xor   s1, a1
core   0: 3 0x80001454 (0x8cad) x 9 0x00008007
core   0: 0x80001456 (0x00000685) c.addi  a3, 1
core   0: 3 0x80001456 (0x0685) x13 0xfffffffe
core   0: 0x80001458 (0x4192d893) srai    a7, t0, 25
core   0: 3 0x80001458 (0x4192d893) x17 0xffffffff
core   0: 0x8000145c (0x00a00f13) li      t5, 10
core   0: 3 0x8000145c (0x00a00f13) x30 0x0000000a
core   0: 0x80001460 (0xedf6f513) andi    a0, a3, -289
core   0: 3 0x80001460 (0xedf6f513) x10 0xfffffede
core   0: 0x80001464 (0x00bd7e33) and     t3, s10, a1
core   0: 3 0x80001464 (0x00bd7e33) x28 0x00000000
core   0: 0x80001468 (0x852d9117) auipc   sp, 0x852d9
core   0: 3 0x80001468 (0x852d9117) x 2 0x052da468
core   0: 0x8000146c (0x00a00313) li      t1, 10
core   0: 3 0x8000146c (0x00a00313) x 6 0x0000000a
core   0: 0x80001470 (0x00525933) srl     s2, tp, t0
core   0: 3 0x80001470 (0x00525933) x18 0x00000000
core   0: 0x80001474 (0x06e94d93) xori    s11, s2, 110
core   0: 3 0x80001474 (0x06e94d93) x27 0x0000006e
core   0: 0x80001478 (0x00000001) c.nop
core   0: 3 0x80001478 (0x0001)
core   0: 0x8000147a (0x007bdd33) srl     s10, s7, t2
core   0: 3 0x8000147a (0x007bdd33) x26 0x00000000
core   0: 0x8000147e (0x00129b13) slli    s6, t0, 1
core   0: 3 0x8000147e (0x00129b13) x22 0xffffc0ec
core   0: 0x80001482 (0x01105d13) srli    s10, zero, 17
core   0: 3 0x80001482 (0x01105d13) x26 0x00000000
core   0: 0x80001486 (0x00004101) c.li    sp, 0
core   0: 3 0x80001486 (0x4101) x 2 0x00000000
core   0: 0x80001488 (0x00000001) c.nop
core   0: 3 0x80001488 (0x0001)
core   0: 0x8000148a (0x00001f5d) c.addi  t5, -9
core   0: 3 0x8000148a (0x1f5d) x30 0x00000001
core   0: 0x8000148c (0xfe6f7ee3) bgeu    t5, t1, pc - 4
core   0: 3 0x8000148c (0xfe6f7ee3)
core   0: 0x80001490 (0x1cf94b93) xori    s7, s2, 463
core   0: 3 0x80001490 (0x1cf94b93) x23 0x000001cf
core   0: 0x80001494 (0x027693b3) mulh    t2, a3, t2
core   0: 3 0x80001494 (0x027693b3) x 7 0x00000000
core   0: 0x80001498 (0x020a5eb3) divu    t4, s4, zero
core   0: 3 0x80001498 (0x020a5eb3) x29 0xffffffff
core   0: 0x8000149c (0x005959b3) srl     s3, s2, t0
core   0: 3 0x8000149c (0x005959b3) x19 0x00000000
core   0: 0x800014a0 (0x919b6813) ori     a6, s6, -1767
core   0: 3 0x800014a0 (0x919b6813) x16 0xfffff9fd
core   0: 0x800014a4 (0x0000dac5) c.beqz  a3, pc - 80
core   0: 3 0x800014a4 (0xdac5)
core   0: 0x800014a6 (0x0052cdb3) xor     s11, t0, t0
core   0: 3 0x800014a6 (0x0052cdb3) x27 0x00000000
core   0: 0x800014aa (0x00a00493) li      s1, 10
core   0: 3 0x800014aa (0x00a00493) x 9 0x0000000a
core   0: 0x800014ae (0xfd69f593) andi    a1, s3, -42
core   0: 3 0x800014ae (0xfd69f593) x11 0x00000000
core   0: 0x800014b2 (0x00000001) c.nop
core   0: 3 0x800014b2 (0x0001)
core   0: 0x800014b4 (0x1fafa713) slti    a4, t6, 506
core   0: 3 0x800014b4 (0x1fafa713) x14 0x00000001
core   0: 0x800014b8 (0x00000001) c.nop
core   0: 3 0x800014b8 (0x0001)
core   0: 0x800014ba (0x02100533) mul     a0, zero, ra
core   0: 3 0x800014ba (0x02100533) x10 0x00000000
core   0: 0x800014be (0x0145b533) sltu    a0, a1, s4
core   0: 3 0x800014be (0x0145b533) x10 0x00000001
core   0: 0x800014c2 (0x000014ed) c.addi  s1, -5
core   0: 3 0x800014c2 (0x14ed) x 9 0x00000005
core   0: 0x800014c4 (0x0286dfb3) divu    t6, a3, s0
core   0: 3 0x800014c4 (0x0286dfb3) x31 0x3fffffff
core   0: 0x800014c8 (0x02f88833) mul     a6, a7, a5
core   0: 3 0x800014c8 (0x02f88833) x16 0x7ffde19c
core   0: 0x800014cc (0x0000f4fd) c.bnez  s1, pc - 18
core   0: 3 0x800014cc (0xf4fd)
core   0: 0x800014ba (0x02100533) mul     a0, zero, ra
core   0: 3 0x800014ba (0x02100533) x10 0x00000000
core   0: 0x800014be (0x0145b533) sltu    a0, a1, s4
core   0: 3 0x800014be (0x0145b533) x10 0x00000001
core   0: 0x800014c2 (0x000014ed) c.addi  s1, -5
core   0: 3 0x800014c2 (0x14ed) x 9 0x00000000
core   0: 0x800014c4 (0x0286dfb3) divu    t6, a3, s0
core   0: 3 0x800014c4 (0x0286dfb3) x31 0x3fffffff
core   0: 0x800014c8 (0x02f88833) mul     a6, a7, a5
core   0: 3 0x800014c8 (0x02f88833) x16 0x7ffde19c
core   0: 0x800014cc (0x0000f4fd) c.bnez  s1, pc - 18
core   0: 3 0x800014cc (0xf4fd)
core   0: 0x800014ce (0x528b0d13) addi    s10, s6, 1320
core   0: 3 0x800014ce (0x528b0d13) x26 0xffffc614
core   0: 0x800014d2 (0x00500093) li      ra, 5
core   0: 3 0x800014d2 (0x00500093) x 1 0x00000005
core   0: 0x800014d6 (0x01f55433) srl     s0, a0, t6
core   0: 3 0x800014d6 (0x01f55433) x 8 0x00000000
core   0: 0x800014da (0x4b763e13) sltiu   t3, a2, 1207
core   0: 3 0x800014da (0x4b763e13) x28 0x00000000
core   0: 0x800014de (0x000089d9) c.andi  a1, 22
core   0: 3 0x800014de (0x89d9) x11 0x00000000
core   0: 0x800014e0 (0xff400493) li      s1, -12
core   0: 3 0x800014e0 (0xff400493) x 9 0xfffffff4
core   0: 0x800014e4 (0x00242db3) slt     s11, s0, sp
core   0: 3 0x800014e4 (0x00242db3) x27 0x00000000
core   0: 0x800014e8 (0x00008f19) c.sub   a4, a4
core   0: 3 0x800014e8 (0x8f19) x14 0x00000000
core   0: 0x800014ea (0x00008c21) c.xor   s0, s0
core   0: 3 0x800014ea (0x8c21) x 8 0x00000000
core   0: 0x800014ec (0x179d7c97) auipc   s9, 0x179d7
core   0: 3 0x800014ec (0x179d7c97) x25 0x979d84ec
core   0: 0x800014f0 (0x0000098c) c.addi4spn a1, sp, 208
core   0: 3 0x800014f0 (0x098c) x11 0x000000d0
core   0: 0x800014f2 (0x03fc7bb3) remu    s7, s8, t6
core   0: 3 0x800014f2 (0x03fc7bb3) x23 0x3df3c45e
core   0: 0x800014f6 (0x013dcb33) xor     s6, s11, s3
core   0: 3 0x800014f6 (0x013dcb33) x22 0x00000000
core   0: 0x800014fa (0x000010fd) c.addi  ra, -1
core   0: 3 0x800014fa (0x10fd) x 1 0x00000004
core   0: 0x800014fc (0x00008d3d) c.xor   a0, a5
core   0: 3 0x800014fc (0x8d3d) x10 0x80021e65
core   0: 0x800014fe (0x0000100f) fence.i
core   0: 3 0x800014fe (0x0000100f)
core   0: 0x80001502 (0x00000bce) c.slli  s7, 19
core   0: 3 0x80001502 (0x0bce) x23 0x22f00000
core   0: 0x80001504 (0x01481293) slli    t0, a6, 20
core   0: 3 0x80001504 (0x01481293) x 5 0x19c00000
core   0: 0x80001508 (0x03b76ab3) rem     s5, a4, s11
core   0: 3 0x80001508 (0x03b76ab3) x21 0x00000000
core   0: 0x8000150c (0x0000100f) fence.i
core   0: 3 0x8000150c (0x0000100f)
core   0: 0x80001510 (0x035ae133) rem     sp, s5, s5
core   0: 3 0x80001510 (0x035ae133) x 2 0x00000000
core   0: 0x80001514 (0x00006fa1) c.lui   t6, 0x8
core   0: 3 0x80001514 (0x6fa1) x31 0x00008000
core   0: 0x80001516 (0x000019fd) c.addi  s3, -1
core   0: 3 0x80001516 (0x19fd) x19 0xffffffff
core   0: 0x80001518 (0x036d73b3) remu    t2, s10, s6
core   0: 3 0x80001518 (0x036d73b3) x 7 0xffffc614
core   0: 0x8000151c (0xfc909ae3) bne     ra, s1, pc - 44
core   0: 3 0x8000151c (0xfc909ae3)
core   0: 0x800014f0 (0x0000098c) c.addi4spn a1, sp, 208
core   0: 3 0x800014f0 (0x098c) x11 0x000000d0
core   0: 0x800014f2 (0x03fc7bb3) remu    s7, s8, t6
core   0: 3 0x800014f2 (0x03fc7bb3) x23 0x0000445b
core   0: 0x800014f6 (0x013dcb33) xor     s6, s11, s3
core   0: 3 0x800014f6 (0x013dcb33) x22 0xffffffff
core   0: 0x800014fa (0x000010fd) c.addi  ra, -1
core   0: 3 0x800014fa (0x10fd) x 1 0x00000003
core   0: 0x800014fc (0x00008d3d) c.xor   a0, a5
core   0: 3 0x800014fc (0x8d3d) x10 0x00000001
core   0: 0x800014fe (0x0000100f) fence.i
core   0: 3 0x800014fe (0x0000100f)
core   0: 0x80001502 (0x00000bce) c.slli  s7, 19
core   0: 3 0x80001502 (0x0bce) x23 0x22d80000
core   0: 0x80001504 (0x01481293) slli    t0, a6, 20
core   0: 3 0x80001504 (0x01481293) x 5 0x19c00000
core   0: 0x80001508 (0x03b76ab3) rem     s5, a4, s11
core   0: 3 0x80001508 (0x03b76ab3) x21 0x00000000
core   0: 0x8000150c (0x0000100f) fence.i
core   0: 3 0x8000150c (0x0000100f)
core   0: 0x80001510 (0x035ae133) rem     sp, s5, s5
core   0: 3 0x80001510 (0x035ae133) x 2 0x00000000
core   0: 0x80001514 (0x00006fa1) c.lui   t6, 0x8
core   0: 3 0x80001514 (0x6fa1) x31 0x00008000
core   0: 0x80001516 (0x000019fd) c.addi  s3, -1
core   0: 3 0x80001516 (0x19fd) x19 0xfffffffe
core   0: 0x80001518 (0x036d73b3) remu    t2, s10, s6
core   0: 3 0x80001518 (0x036d73b3) x 7 0xffffc614
core   0: 0x8000151c (0xfc909ae3) bne     ra, s1, pc - 44
core   0: 3 0x8000151c (0xfc909ae3)
core   0: 0x800014f0 (0x0000098c) c.addi4spn a1, sp, 208
core   0: 3 0x800014f0 (0x098c) x11 0x000000d0
core   0: 0x800014f2 (0x03fc7bb3) remu    s7, s8, t6
core   0: 3 0x800014f2 (0x03fc7bb3) x23 0x0000445b
core   0: 0x800014f6 (0x013dcb33) xor     s6, s11, s3
core   0: 3 0x800014f6 (0x013dcb33) x22 0xfffffffe
core   0: 0x800014fa (0x000010fd) c.addi  ra, -1
core   0: 3 0x800014fa (0x10fd) x 1 0x00000002
core   0: 0x800014fc (0x00008d3d) c.xor   a0, a5
core   0: 3 0x800014fc (0x8d3d) x10 0x80021e65
core   0: 0x800014fe (0x0000100f) fence.i
core   0: 3 0x800014fe (0x0000100f)
core   0: 0x80001502 (0x00000bce) c.slli  s7, 19
core   0: 3 0x80001502 (0x0bce) x23 0x22d80000
core   0: 0x80001504 (0x01481293) slli    t0, a6, 20
core   0: 3 0x80001504 (0x01481293) x 5 0x19c00000
core   0: 0x80001508 (0x03b76ab3) rem     s5, a4, s11
core   0: 3 0x80001508 (0x03b76ab3) x21 0x00000000
core   0: 0x8000150c (0x0000100f) fence.i
core   0: 3 0x8000150c (0x0000100f)
core   0: 0x80001510 (0x035ae133) rem     sp, s5, s5
core   0: 3 0x80001510 (0x035ae133) x 2 0x00000000
core   0: 0x80001514 (0x00006fa1) c.lui   t6, 0x8
core   0: 3 0x80001514 (0x6fa1) x31 0x00008000
core   0: 0x80001516 (0x000019fd) c.addi  s3, -1
core   0: 3 0x80001516 (0x19fd) x19 0xfffffffd
core   0: 0x80001518 (0x036d73b3) remu    t2, s10, s6
core   0: 3 0x80001518 (0x036d73b3) x 7 0xffffc614
core   0: 0x8000151c (0xfc909ae3) bne     ra, s1, pc - 44
core   0: 3 0x8000151c (0xfc909ae3)
core   0: 0x800014f0 (0x0000098c) c.addi4spn a1, sp, 208
core   0: 3 0x800014f0 (0x098c) x11 0x000000d0
core   0: 0x800014f2 (0x03fc7bb3) remu    s7, s8, t6
core   0: 3 0x800014f2 (0x03fc7bb3) x23 0x0000445b
core   0: 0x800014f6 (0x013dcb33) xor     s6, s11, s3
core   0: 3 0x800014f6 (0x013dcb33) x22 0xfffffffd
core   0: 0x800014fa (0x000010fd) c.addi  ra, -1
core   0: 3 0x800014fa (0x10fd) x 1 0x00000001
core   0: 0x800014fc (0x00008d3d) c.xor   a0, a5
core   0: 3 0x800014fc (0x8d3d) x10 0x00000001
core   0: 0x800014fe (0x0000100f) fence.i
core   0: 3 0x800014fe (0x0000100f)
core   0: 0x80001502 (0x00000bce) c.slli  s7, 19
core   0: 3 0x80001502 (0x0bce) x23 0x22d80000
core   0: 0x80001504 (0x01481293) slli    t0, a6, 20
core   0: 3 0x80001504 (0x01481293) x 5 0x19c00000
core   0: 0x80001508 (0x03b76ab3) rem     s5, a4, s11
core   0: 3 0x80001508 (0x03b76ab3) x21 0x00000000
core   0: 0x8000150c (0x0000100f) fence.i
core   0: 3 0x8000150c (0x0000100f)
core   0: 0x80001510 (0x035ae133) rem     sp, s5, s5
core   0: 3 0x80001510 (0x035ae133) x 2 0x00000000
core   0: 0x80001514 (0x00006fa1) c.lui   t6, 0x8
core   0: 3 0x80001514 (0x6fa1) x31 0x00008000
core   0: 0x80001516 (0x000019fd) c.addi  s3, -1
core   0: 3 0x80001516 (0x19fd) x19 0xfffffffc
core   0: 0x80001518 (0x036d73b3) remu    t2, s10, s6
core   0: 3 0x80001518 (0x036d73b3) x 7 0xffffc614
core   0: 0x8000151c (0xfc909ae3) bne     ra, s1, pc - 44
core   0: 3 0x8000151c (0xfc909ae3)
core   0: 0x800014f0 (0x0000098c) c.addi4spn a1, sp, 208
core   0: 3 0x800014f0 (0x098c) x11 0x000000d0
core   0: 0x800014f2 (0x03fc7bb3) remu    s7, s8, t6
core   0: 3 0x800014f2 (0x03fc7bb3) x23 0x0000445b
core   0: 0x800014f6 (0x013dcb33) xor     s6, s11, s3
core   0: 3 0x800014f6 (0x013dcb33) x22 0xfffffffc
core   0: 0x800014fa (0x000010fd) c.addi  ra, -1
core   0: 3 0x800014fa (0x10fd) x 1 0x00000000
core   0: 0x800014fc (0x00008d3d) c.xor   a0, a5
core   0: 3 0x800014fc (0x8d3d) x10 0x80021e65
core   0: 0x800014fe (0x0000100f) fence.i
core   0: 3 0x800014fe (0x0000100f)
core   0: 0x80001502 (0x00000bce) c.slli  s7, 19
core   0: 3 0x80001502 (0x0bce) x23 0x22d80000
core   0: 0x80001504 (0x01481293) slli    t0, a6, 20
core   0: 3 0x80001504 (0x01481293) x 5 0x19c00000
core   0: 0x80001508 (0x03b76ab3) rem     s5, a4, s11
core   0: 3 0x80001508 (0x03b76ab3) x21 0x00000000
core   0: 0x8000150c (0x0000100f) fence.i
core   0: 3 0x8000150c (0x0000100f)
core   0: 0x80001510 (0x035ae133) rem     sp, s5, s5
core   0: 3 0x80001510 (0x035ae133) x 2 0x00000000
core   0: 0x80001514 (0x00006fa1) c.lui   t6, 0x8
core   0: 3 0x80001514 (0x6fa1) x31 0x00008000
core   0: 0x80001516 (0x000019fd) c.addi  s3, -1
core   0: 3 0x80001516 (0x19fd) x19 0xfffffffb
core   0: 0x80001518 (0x036d73b3) remu    t2, s10, s6
core   0: 3 0x80001518 (0x036d73b3) x 7 0xffffc614
core   0: 0x8000151c (0xfc909ae3) bne     ra, s1, pc - 44
core   0: 3 0x8000151c (0xfc909ae3)
core   0: 0x800014f0 (0x0000098c) c.addi4spn a1, sp, 208
core   0: 3 0x800014f0 (0x098c) x11 0x000000d0
core   0: 0x800014f2 (0x03fc7bb3) remu    s7, s8, t6
core   0: 3 0x800014f2 (0x03fc7bb3) x23 0x0000445b
core   0: 0x800014f6 (0x013dcb33) xor     s6, s11, s3
core   0: 3 0x800014f6 (0x013dcb33) x22 0xfffffffb
core   0: 0x800014fa (0x000010fd) c.addi  ra, -1
core   0: 3 0x800014fa (0x10fd) x 1 0xffffffff
core   0: 0x800014fc (0x00008d3d) c.xor   a0, a5
core   0: 3 0x800014fc (0x8d3d) x10 0x00000001
core   0: 0x800014fe (0x0000100f) fence.i
core   0: 3 0x800014fe (0x0000100f)
core   0: 0x80001502 (0x00000bce) c.slli  s7, 19
core   0: 3 0x80001502 (0x0bce) x23 0x22d80000
core   0: 0x80001504 (0x01481293) slli    t0, a6, 20
core   0: 3 0x80001504 (0x01481293) x 5 0x19c00000
core   0: 0x80001508 (0x03b76ab3) rem     s5, a4, s11
core   0: 3 0x80001508 (0x03b76ab3) x21 0x00000000
core   0: 0x8000150c (0x0000100f) fence.i
core   0: 3 0x8000150c (0x0000100f)
core   0: 0x80001510 (0x035ae133) rem     sp, s5, s5
core   0: 3 0x80001510 (0x035ae133) x 2 0x00000000
core   0: 0x80001514 (0x00006fa1) c.lui   t6, 0x8
core   0: 3 0x80001514 (0x6fa1) x31 0x00008000
core   0: 0x80001516 (0x000019fd) c.addi  s3, -1
core   0: 3 0x80001516 (0x19fd) x19 0xfffffffa
core   0: 0x80001518 (0x036d73b3) remu    t2, s10, s6
core   0: 3 0x80001518 (0x036d73b3) x 7 0xffffc614
core   0: 0x8000151c (0xfc909ae3) bne     ra, s1, pc - 44
core   0: 3 0x8000151c (0xfc909ae3)
core   0: 0x800014f0 (0x0000098c) c.addi4spn a1, sp, 208
core   0: 3 0x800014f0 (0x098c) x11 0x000000d0
core   0: 0x800014f2 (0x03fc7bb3) remu    s7, s8, t6
core   0: 3 0x800014f2 (0x03fc7bb3) x23 0x0000445b
core   0: 0x800014f6 (0x013dcb33) xor     s6, s11, s3
core   0: 3 0x800014f6 (0x013dcb33) x22 0xfffffffa
core   0: 0x800014fa (0x000010fd) c.addi  ra, -1
core   0: 3 0x800014fa (0x10fd) x 1 0xfffffffe
core   0: 0x800014fc (0x00008d3d) c.xor   a0, a5
core   0: 3 0x800014fc (0x8d3d) x10 0x80021e65
core   0: 0x800014fe (0x0000100f) fence.i
core   0: 3 0x800014fe (0x0000100f)
core   0: 0x80001502 (0x00000bce) c.slli  s7, 19
core   0: 3 0x80001502 (0x0bce) x23 0x22d80000
core   0: 0x80001504 (0x01481293) slli    t0, a6, 20
core   0: 3 0x80001504 (0x01481293) x 5 0x19c00000
core   0: 0x80001508 (0x03b76ab3) rem     s5, a4, s11
core   0: 3 0x80001508 (0x03b76ab3) x21 0x00000000
core   0: 0x8000150c (0x0000100f) fence.i
core   0: 3 0x8000150c (0x0000100f)
core   0: 0x80001510 (0x035ae133) rem     sp, s5, s5
core   0: 3 0x80001510 (0x035ae133) x 2 0x00000000
core   0: 0x80001514 (0x00006fa1) c.lui   t6, 0x8
core   0: 3 0x80001514 (0x6fa1) x31 0x00008000
core   0: 0x80001516 (0x000019fd) c.addi  s3, -1
core   0: 3 0x80001516 (0x19fd) x19 0xfffffff9
core   0: 0x80001518 (0x036d73b3) remu    t2, s10, s6
core   0: 3 0x80001518 (0x036d73b3) x 7 0xffffc614
core   0: 0x8000151c (0xfc909ae3) bne     ra, s1, pc - 44
core   0: 3 0x8000151c (0xfc909ae3)
core   0: 0x800014f0 (0x0000098c) c.addi4spn a1, sp, 208
core   0: 3 0x800014f0 (0x098c) x11 0x000000d0
core   0: 0x800014f2 (0x03fc7bb3) remu    s7, s8, t6
core   0: 3 0x800014f2 (0x03fc7bb3) x23 0x0000445b
core   0: 0x800014f6 (0x013dcb33) xor     s6, s11, s3
core   0: 3 0x800014f6 (0x013dcb33) x22 0xfffffff9
core   0: 0x800014fa (0x000010fd) c.addi  ra, -1
core   0: 3 0x800014fa (0x10fd) x 1 0xfffffffd
core   0: 0x800014fc (0x00008d3d) c.xor   a0, a5
core   0: 3 0x800014fc (0x8d3d) x10 0x00000001
core   0: 0x800014fe (0x0000100f) fence.i
core   0: 3 0x800014fe (0x0000100f)
core   0: 0x80001502 (0x00000bce) c.slli  s7, 19
core   0: 3 0x80001502 (0x0bce) x23 0x22d80000
core   0: 0x80001504 (0x01481293) slli    t0, a6, 20
core   0: 3 0x80001504 (0x01481293) x 5 0x19c00000
core   0: 0x80001508 (0x03b76ab3) rem     s5, a4, s11
core   0: 3 0x80001508 (0x03b76ab3) x21 0x00000000
core   0: 0x8000150c (0x0000100f) fence.i
core   0: 3 0x8000150c (0x0000100f)
core   0: 0x80001510 (0x035ae133) rem     sp, s5, s5
core   0: 3 0x80001510 (0x035ae133) x 2 0x00000000
core   0: 0x80001514 (0x00006fa1) c.lui   t6, 0x8
core   0: 3 0x80001514 (0x6fa1) x31 0x00008000
core   0: 0x80001516 (0x000019fd) c.addi  s3, -1
core   0: 3 0x80001516 (0x19fd) x19 0xfffffff8
core   0: 0x80001518 (0x036d73b3) remu    t2, s10, s6
core   0: 3 0x80001518 (0x036d73b3) x 7 0xffffc614
core   0: 0x8000151c (0xfc909ae3) bne     ra, s1, pc - 44
core   0: 3 0x8000151c (0xfc909ae3)
core   0: 0x800014f0 (0x0000098c) c.addi4spn a1, sp, 208
core   0: 3 0x800014f0 (0x098c) x11 0x000000d0
core   0: 0x800014f2 (0x03fc7bb3) remu    s7, s8, t6
core   0: 3 0x800014f2 (0x03fc7bb3) x23 0x0000445b
core   0: 0x800014f6 (0x013dcb33) xor     s6, s11, s3
core   0: 3 0x800014f6 (0x013dcb33) x22 0xfffffff8
core   0: 0x800014fa (0x000010fd) c.addi  ra, -1
core   0: 3 0x800014fa (0x10fd) x 1 0xfffffffc
core   0: 0x800014fc (0x00008d3d) c.xor   a0, a5
core   0: 3 0x800014fc (0x8d3d) x10 0x80021e65
core   0: 0x800014fe (0x0000100f) fence.i
core   0: 3 0x800014fe (0x0000100f)
core   0: 0x80001502 (0x00000bce) c.slli  s7, 19
core   0: 3 0x80001502 (0x0bce) x23 0x22d80000
core   0: 0x80001504 (0x01481293) slli    t0, a6, 20
core   0: 3 0x80001504 (0x01481293) x 5 0x19c00000
core   0: 0x80001508 (0x03b76ab3) rem     s5, a4, s11
core   0: 3 0x80001508 (0x03b76ab3) x21 0x00000000
core   0: 0x8000150c (0x0000100f) fence.i
core   0: 3 0x8000150c (0x0000100f)
core   0: 0x80001510 (0x035ae133) rem     sp, s5, s5
core   0: 3 0x80001510 (0x035ae133) x 2 0x00000000
core   0: 0x80001514 (0x00006fa1) c.lui   t6, 0x8
core   0: 3 0x80001514 (0x6fa1) x31 0x00008000
core   0: 0x80001516 (0x000019fd) c.addi  s3, -1
core   0: 3 0x80001516 (0x19fd) x19 0xfffffff7
core   0: 0x80001518 (0x036d73b3) remu    t2, s10, s6
core   0: 3 0x80001518 (0x036d73b3) x 7 0xffffc614
core   0: 0x8000151c (0xfc909ae3) bne     ra, s1, pc - 44
core   0: 3 0x8000151c (0xfc909ae3)
core   0: 0x800014f0 (0x0000098c) c.addi4spn a1, sp, 208
core   0: 3 0x800014f0 (0x098c) x11 0x000000d0
core   0: 0x800014f2 (0x03fc7bb3) remu    s7, s8, t6
core   0: 3 0x800014f2 (0x03fc7bb3) x23 0x0000445b
core   0: 0x800014f6 (0x013dcb33) xor     s6, s11, s3
core   0: 3 0x800014f6 (0x013dcb33) x22 0xfffffff7
core   0: 0x800014fa (0x000010fd) c.addi  ra, -1
core   0: 3 0x800014fa (0x10fd) x 1 0xfffffffb
core   0: 0x800014fc (0x00008d3d) c.xor   a0, a5
core   0: 3 0x800014fc (0x8d3d) x10 0x00000001
core   0: 0x800014fe (0x0000100f) fence.i
core   0: 3 0x800014fe (0x0000100f)
core   0: 0x80001502 (0x00000bce) c.slli  s7, 19
core   0: 3 0x80001502 (0x0bce) x23 0x22d80000
core   0: 0x80001504 (0x01481293) slli    t0, a6, 20
core   0: 3 0x80001504 (0x01481293) x 5 0x19c00000
core   0: 0x80001508 (0x03b76ab3) rem     s5, a4, s11
core   0: 3 0x80001508 (0x03b76ab3) x21 0x00000000
core   0: 0x8000150c (0x0000100f) fence.i
core   0: 3 0x8000150c (0x0000100f)
core   0: 0x80001510 (0x035ae133) rem     sp, s5, s5
core   0: 3 0x80001510 (0x035ae133) x 2 0x00000000
core   0: 0x80001514 (0x00006fa1) c.lui   t6, 0x8
core   0: 3 0x80001514 (0x6fa1) x31 0x00008000
core   0: 0x80001516 (0x000019fd) c.addi  s3, -1
core   0: 3 0x80001516 (0x19fd) x19 0xfffffff6
core   0: 0x80001518 (0x036d73b3) remu    t2, s10, s6
core   0: 3 0x80001518 (0x036d73b3) x 7 0xffffc614
core   0: 0x8000151c (0xfc909ae3) bne     ra, s1, pc - 44
core   0: 3 0x8000151c (0xfc909ae3)
core   0: 0x800014f0 (0x0000098c) c.addi4spn a1, sp, 208
core   0: 3 0x800014f0 (0x098c) x11 0x000000d0
core   0: 0x800014f2 (0x03fc7bb3) remu    s7, s8, t6
core   0: 3 0x800014f2 (0x03fc7bb3) x23 0x0000445b
core   0: 0x800014f6 (0x013dcb33) xor     s6, s11, s3
core   0: 3 0x800014f6 (0x013dcb33) x22 0xfffffff6
core   0: 0x800014fa (0x000010fd) c.addi  ra, -1
core   0: 3 0x800014fa (0x10fd) x 1 0xfffffffa
core   0: 0x800014fc (0x00008d3d) c.xor   a0, a5
core   0: 3 0x800014fc (0x8d3d) x10 0x80021e65
core   0: 0x800014fe (0x0000100f) fence.i
core   0: 3 0x800014fe (0x0000100f)
core   0: 0x80001502 (0x00000bce) c.slli  s7, 19
core   0: 3 0x80001502 (0x0bce) x23 0x22d80000
core   0: 0x80001504 (0x01481293) slli    t0, a6, 20
core   0: 3 0x80001504 (0x01481293) x 5 0x19c00000
core   0: 0x80001508 (0x03b76ab3) rem     s5, a4, s11
core   0: 3 0x80001508 (0x03b76ab3) x21 0x00000000
core   0: 0x8000150c (0x0000100f) fence.i
core   0: 3 0x8000150c (0x0000100f)
core   0: 0x80001510 (0x035ae133) rem     sp, s5, s5
core   0: 3 0x80001510 (0x035ae133) x 2 0x00000000
core   0: 0x80001514 (0x00006fa1) c.lui   t6, 0x8
core   0: 3 0x80001514 (0x6fa1) x31 0x00008000
core   0: 0x80001516 (0x000019fd) c.addi  s3, -1
core   0: 3 0x80001516 (0x19fd) x19 0xfffffff5
core   0: 0x80001518 (0x036d73b3) remu    t2, s10, s6
core   0: 3 0x80001518 (0x036d73b3) x 7 0xffffc614
core   0: 0x8000151c (0xfc909ae3) bne     ra, s1, pc - 44
core   0: 3 0x8000151c (0xfc909ae3)
core   0: 0x800014f0 (0x0000098c) c.addi4spn a1, sp, 208
core   0: 3 0x800014f0 (0x098c) x11 0x000000d0
core   0: 0x800014f2 (0x03fc7bb3) remu    s7, s8, t6
core   0: 3 0x800014f2 (0x03fc7bb3) x23 0x0000445b
core   0: 0x800014f6 (0x013dcb33) xor     s6, s11, s3
core   0: 3 0x800014f6 (0x013dcb33) x22 0xfffffff5
core   0: 0x800014fa (0x000010fd) c.addi  ra, -1
core   0: 3 0x800014fa (0x10fd) x 1 0xfffffff9
core   0: 0x800014fc (0x00008d3d) c.xor   a0, a5
core   0: 3 0x800014fc (0x8d3d) x10 0x00000001
core   0: 0x800014fe (0x0000100f) fence.i
core   0: 3 0x800014fe (0x0000100f)
core   0: 0x80001502 (0x00000bce) c.slli  s7, 19
core   0: 3 0x80001502 (0x0bce) x23 0x22d80000
core   0: 0x80001504 (0x01481293) slli    t0, a6, 20
core   0: 3 0x80001504 (0x01481293) x 5 0x19c00000
core   0: 0x80001508 (0x03b76ab3) rem     s5, a4, s11
core   0: 3 0x80001508 (0x03b76ab3) x21 0x00000000
core   0: 0x8000150c (0x0000100f) fence.i
core   0: 3 0x8000150c (0x0000100f)
core   0: 0x80001510 (0x035ae133) rem     sp, s5, s5
core   0: 3 0x80001510 (0x035ae133) x 2 0x00000000
core   0: 0x80001514 (0x00006fa1) c.lui   t6, 0x8
core   0: 3 0x80001514 (0x6fa1) x31 0x00008000
core   0: 0x80001516 (0x000019fd) c.addi  s3, -1
core   0: 3 0x80001516 (0x19fd) x19 0xfffffff4
core   0: 0x80001518 (0x036d73b3) remu    t2, s10, s6
core   0: 3 0x80001518 (0x036d73b3) x 7 0xffffc614
core   0: 0x8000151c (0xfc909ae3) bne     ra, s1, pc - 44
core   0: 3 0x8000151c (0xfc909ae3)
core   0: 0x800014f0 (0x0000098c) c.addi4spn a1, sp, 208
core   0: 3 0x800014f0 (0x098c) x11 0x000000d0
core   0: 0x800014f2 (0x03fc7bb3) remu    s7, s8, t6
core   0: 3 0x800014f2 (0x03fc7bb3) x23 0x0000445b
core   0: 0x800014f6 (0x013dcb33) xor     s6, s11, s3
core   0: 3 0x800014f6 (0x013dcb33) x22 0xfffffff4
core   0: 0x800014fa (0x000010fd) c.addi  ra, -1
core   0: 3 0x800014fa (0x10fd) x 1 0xfffffff8
core   0: 0x800014fc (0x00008d3d) c.xor   a0, a5
core   0: 3 0x800014fc (0x8d3d) x10 0x80021e65
core   0: 0x800014fe (0x0000100f) fence.i
core   0: 3 0x800014fe (0x0000100f)
core   0: 0x80001502 (0x00000bce) c.slli  s7, 19
core   0: 3 0x80001502 (0x0bce) x23 0x22d80000
core   0: 0x80001504 (0x01481293) slli    t0, a6, 20
core   0: 3 0x80001504 (0x01481293) x 5 0x19c00000
core   0: 0x80001508 (0x03b76ab3) rem     s5, a4, s11
core   0: 3 0x80001508 (0x03b76ab3) x21 0x00000000
core   0: 0x8000150c (0x0000100f) fence.i
core   0: 3 0x8000150c (0x0000100f)
core   0: 0x80001510 (0x035ae133) rem     sp, s5, s5
core   0: 3 0x80001510 (0x035ae133) x 2 0x00000000
core   0: 0x80001514 (0x00006fa1) c.lui   t6, 0x8
core   0: 3 0x80001514 (0x6fa1) x31 0x00008000
core   0: 0x80001516 (0x000019fd) c.addi  s3, -1
core   0: 3 0x80001516 (0x19fd) x19 0xfffffff3
core   0: 0x80001518 (0x036d73b3) remu    t2, s10, s6
core   0: 3 0x80001518 (0x036d73b3) x 7 0xffffc614
core   0: 0x8000151c (0xfc909ae3) bne     ra, s1, pc - 44
core   0: 3 0x8000151c (0xfc909ae3)
core   0: 0x800014f0 (0x0000098c) c.addi4spn a1, sp, 208
core   0: 3 0x800014f0 (0x098c) x11 0x000000d0
core   0: 0x800014f2 (0x03fc7bb3) remu    s7, s8, t6
core   0: 3 0x800014f2 (0x03fc7bb3) x23 0x0000445b
core   0: 0x800014f6 (0x013dcb33) xor     s6, s11, s3
core   0: 3 0x800014f6 (0x013dcb33) x22 0xfffffff3
core   0: 0x800014fa (0x000010fd) c.addi  ra, -1
core   0: 3 0x800014fa (0x10fd) x 1 0xfffffff7
core   0: 0x800014fc (0x00008d3d) c.xor   a0, a5
core   0: 3 0x800014fc (0x8d3d) x10 0x00000001
core   0: 0x800014fe (0x0000100f) fence.i
core   0: 3 0x800014fe (0x0000100f)
core   0: 0x80001502 (0x00000bce) c.slli  s7, 19
core   0: 3 0x80001502 (0x0bce) x23 0x22d80000
core   0: 0x80001504 (0x01481293) slli    t0, a6, 20
core   0: 3 0x80001504 (0x01481293) x 5 0x19c00000
core   0: 0x80001508 (0x03b76ab3) rem     s5, a4, s11
core   0: 3 0x80001508 (0x03b76ab3) x21 0x00000000
core   0: 0x8000150c (0x0000100f) fence.i
core   0: 3 0x8000150c (0x0000100f)
core   0: 0x80001510 (0x035ae133) rem     sp, s5, s5
core   0: 3 0x80001510 (0x035ae133) x 2 0x00000000
core   0: 0x80001514 (0x00006fa1) c.lui   t6, 0x8
core   0: 3 0x80001514 (0x6fa1) x31 0x00008000
core   0: 0x80001516 (0x000019fd) c.addi  s3, -1
core   0: 3 0x80001516 (0x19fd) x19 0xfffffff2
core   0: 0x80001518 (0x036d73b3) remu    t2, s10, s6
core   0: 3 0x80001518 (0x036d73b3) x 7 0xffffc614
core   0: 0x8000151c (0xfc909ae3) bne     ra, s1, pc - 44
core   0: 3 0x8000151c (0xfc909ae3)
core   0: 0x800014f0 (0x0000098c) c.addi4spn a1, sp, 208
core   0: 3 0x800014f0 (0x098c) x11 0x000000d0
core   0: 0x800014f2 (0x03fc7bb3) remu    s7, s8, t6
core   0: 3 0x800014f2 (0x03fc7bb3) x23 0x0000445b
core   0: 0x800014f6 (0x013dcb33) xor     s6, s11, s3
core   0: 3 0x800014f6 (0x013dcb33) x22 0xfffffff2
core   0: 0x800014fa (0x000010fd) c.addi  ra, -1
core   0: 3 0x800014fa (0x10fd) x 1 0xfffffff6
core   0: 0x800014fc (0x00008d3d) c.xor   a0, a5
core   0: 3 0x800014fc (0x8d3d) x10 0x80021e65
core   0: 0x800014fe (0x0000100f) fence.i
core   0: 3 0x800014fe (0x0000100f)
core   0: 0x80001502 (0x00000bce) c.slli  s7, 19
core   0: 3 0x80001502 (0x0bce) x23 0x22d80000
core   0: 0x80001504 (0x01481293) slli    t0, a6, 20
core   0: 3 0x80001504 (0x01481293) x 5 0x19c00000
core   0: 0x80001508 (0x03b76ab3) rem     s5, a4, s11
core   0: 3 0x80001508 (0x03b76ab3) x21 0x00000000
core   0: 0x8000150c (0x0000100f) fence.i
core   0: 3 0x8000150c (0x0000100f)
core   0: 0x80001510 (0x035ae133) rem     sp, s5, s5
core   0: 3 0x80001510 (0x035ae133) x 2 0x00000000
core   0: 0x80001514 (0x00006fa1) c.lui   t6, 0x8
core   0: 3 0x80001514 (0x6fa1) x31 0x00008000
core   0: 0x80001516 (0x000019fd) c.addi  s3, -1
core   0: 3 0x80001516 (0x19fd) x19 0xfffffff1
core   0: 0x80001518 (0x036d73b3) remu    t2, s10, s6
core   0: 3 0x80001518 (0x036d73b3) x 7 0xffffc614
core   0: 0x8000151c (0xfc909ae3) bne     ra, s1, pc - 44
core   0: 3 0x8000151c (0xfc909ae3)
core   0: 0x800014f0 (0x0000098c) c.addi4spn a1, sp, 208
core   0: 3 0x800014f0 (0x098c) x11 0x000000d0
core   0: 0x800014f2 (0x03fc7bb3) remu    s7, s8, t6
core   0: 3 0x800014f2 (0x03fc7bb3) x23 0x0000445b
core   0: 0x800014f6 (0x013dcb33) xor     s6, s11, s3
core   0: 3 0x800014f6 (0x013dcb33) x22 0xfffffff1
core   0: 0x800014fa (0x000010fd) c.addi  ra, -1
core   0: 3 0x800014fa (0x10fd) x 1 0xfffffff5
core   0: 0x800014fc (0x00008d3d) c.xor   a0, a5
core   0: 3 0x800014fc (0x8d3d) x10 0x00000001
core   0: 0x800014fe (0x0000100f) fence.i
core   0: 3 0x800014fe (0x0000100f)
core   0: 0x80001502 (0x00000bce) c.slli  s7, 19
core   0: 3 0x80001502 (0x0bce) x23 0x22d80000
core   0: 0x80001504 (0x01481293) slli    t0, a6, 20
core   0: 3 0x80001504 (0x01481293) x 5 0x19c00000
core   0: 0x80001508 (0x03b76ab3) rem     s5, a4, s11
core   0: 3 0x80001508 (0x03b76ab3) x21 0x00000000
core   0: 0x8000150c (0x0000100f) fence.i
core   0: 3 0x8000150c (0x0000100f)
core   0: 0x80001510 (0x035ae133) rem     sp, s5, s5
core   0: 3 0x80001510 (0x035ae133) x 2 0x00000000
core   0: 0x80001514 (0x00006fa1) c.lui   t6, 0x8
core   0: 3 0x80001514 (0x6fa1) x31 0x00008000
core   0: 0x80001516 (0x000019fd) c.addi  s3, -1
core   0: 3 0x80001516 (0x19fd) x19 0xfffffff0
core   0: 0x80001518 (0x036d73b3) remu    t2, s10, s6
core   0: 3 0x80001518 (0x036d73b3) x 7 0xffffc614
core   0: 0x8000151c (0xfc909ae3) bne     ra, s1, pc - 44
core   0: 3 0x8000151c (0xfc909ae3)
core   0: 0x800014f0 (0x0000098c) c.addi4spn a1, sp, 208
core   0: 3 0x800014f0 (0x098c) x11 0x000000d0
core   0: 0x800014f2 (0x03fc7bb3) remu    s7, s8, t6
core   0: 3 0x800014f2 (0x03fc7bb3) x23 0x0000445b
core   0: 0x800014f6 (0x013dcb33) xor     s6, s11, s3
core   0: 3 0x800014f6 (0x013dcb33) x22 0xfffffff0
core   0: 0x800014fa (0x000010fd) c.addi  ra, -1
core   0: 3 0x800014fa (0x10fd) x 1 0xfffffff4
core   0: 0x800014fc (0x00008d3d) c.xor   a0, a5
core   0: 3 0x800014fc (0x8d3d) x10 0x80021e65
core   0: 0x800014fe (0x0000100f) fence.i
core   0: 3 0x800014fe (0x0000100f)
core   0: 0x80001502 (0x00000bce) c.slli  s7, 19
core   0: 3 0x80001502 (0x0bce) x23 0x22d80000
core   0: 0x80001504 (0x01481293) slli    t0, a6, 20
core   0: 3 0x80001504 (0x01481293) x 5 0x19c00000
core   0: 0x80001508 (0x03b76ab3) rem     s5, a4, s11
core   0: 3 0x80001508 (0x03b76ab3) x21 0x00000000
core   0: 0x8000150c (0x0000100f) fence.i
core   0: 3 0x8000150c (0x0000100f)
core   0: 0x80001510 (0x035ae133) rem     sp, s5, s5
core   0: 3 0x80001510 (0x035ae133) x 2 0x00000000
core   0: 0x80001514 (0x00006fa1) c.lui   t6, 0x8
core   0: 3 0x80001514 (0x6fa1) x31 0x00008000
core   0: 0x80001516 (0x000019fd) c.addi  s3, -1
core   0: 3 0x80001516 (0x19fd) x19 0xffffffef
core   0: 0x80001518 (0x036d73b3) remu    t2, s10, s6
core   0: 3 0x80001518 (0x036d73b3) x 7 0xffffc614
core   0: 0x8000151c (0xfc909ae3) bne     ra, s1, pc - 44
core   0: 3 0x8000151c (0xfc909ae3)
core   0: 0x80001520 (0x0000100f) fence.i
core   0: 3 0x80001520 (0x0000100f)
core   0: 0x80001524 (0xfff00513) li      a0, -1
core   0: 3 0x80001524 (0xfff00513) x10 0xffffffff
core   0: 0x80001528 (0x00001bfd) c.addi  s7, -1
core   0: 3 0x80001528 (0x1bfd) x23 0x22d7ffff
core   0: 0x8000152a (0x02cc4233) div     tp, s8, a2
core   0: 3 0x8000152a (0x02cc4233) x 4 0x004ae3f3
core   0: 0x8000152e (0x00000e1e) c.slli  t3, 7
core   0: 3 0x8000152e (0x0e1e) x28 0x00000000
core   0: 0x80001530 (0x00008ddd) c.or    a1, a5
core   0: 3 0x80001530 (0x8ddd) x11 0x80021ef4
core   0: 0x80001532 (0x02b4e5b3) rem     a1, s1, a1
core   0: 3 0x80001532 (0x02b4e5b3) x11 0xfffffff4
core   0: 0x80001536 (0x00000e86) c.slli  t4, 1
core   0: 3 0x80001536 (0x0e86) x29 0xfffffffe
core   0: 0x80001538 (0x0000049e) c.slli  s1, 7
core   0: 3 0x80001538 (0x049e) x 9 0xfffffa00
core   0: 0x8000153a (0xbdabf713) andi    a4, s7, -1062
core   0: 3 0x8000153a (0xbdabf713) x14 0x22d7fbda
core   0: 0x8000153e (0x0fa37813) andi    a6, t1, 250
core   0: 3 0x8000153e (0x0fa37813) x16 0x0000000a
core   0: 0x80001542 (0x00000001) c.nop
core   0: 3 0x80001542 (0x0001)
core   0: 0x80001544 (0x00001314) c.addi4spn a3, sp, 416
core   0: 3 0x80001544 (0x1314) x13 0x000001a0
core   0: 0x80001546 (0xdbd90693) addi    a3, s2, -579
core   0: 3 0x80001546 (0xdbd90693) x13 0xfffffdbd
core   0: 0x8000154a (0x028e12b3) mulh    t0, t3, s0
core   0: 3 0x8000154a (0x028e12b3) x 5 0x00000000
core   0: 0x8000154e (0x02ea9e33) mulh    t3, s5, a4
core   0: 3 0x8000154e (0x02ea9e33) x28 0x00000000
core   0: 0x80001552 (0x00000505) c.addi  a0, 1
core   0: 3 0x80001552 (0x0505) x10 0x00000000
core   0: 0x80001554 (0x0000100f) fence.i
core   0: 3 0x80001554 (0x0000100f)
core   0: 0x80001558 (0x00a00313) li      t1, 10
core   0: 3 0x80001558 (0x00a00313) x 6 0x0000000a
core   0: 0x8000155c (0x00a00393) li      t2, 10
core   0: 3 0x8000155c (0x00a00393) x 7 0x0000000a
core   0: 0x80001560 (0x00006169) c.addi16sp sp, 208
core   0: 3 0x80001560 (0x6169) x 2 0x000000d0
core   0: 0x80001562 (0x02d9efb3) rem     t6, s3, a3
core   0: 3 0x80001562 (0x02d9efb3) x31 0xffffffef
core   0: 0x80001566 (0x40fe85b3) sub     a1, t4, a5
core   0: 3 0x80001566 (0x40fe85b3) x11 0x7ffde19a
core   0: 0x8000156a (0x0000135d) c.addi  t1, -9
core   0: 3 0x8000156a (0x135d) x 6 0x00000001
core   0: 0x8000156c (0xfe737be3) bgeu    t1, t2, pc - 10
core   0: 3 0x8000156c (0xfe737be3)
core   0: 0x80001570 (0x02f52eb3) mulhsu  t4, a0, a5
core   0: 3 0x80001570 (0x02f52eb3) x29 0x00000000
core   0: 0x80001574 (0x03021fb3) mulh    t6, tp, a6
core   0: 3 0x80001574 (0x03021fb3) x31 0x00000000
core   0: 0x80001578 (0x0000d969) c.beqz  a0, pc - 46
core   0: 3 0x80001578 (0xd969)
core   0: 0x8000154a (0x028e12b3) mulh    t0, t3, s0
core   0: 3 0x8000154a (0x028e12b3) x 5 0x00000000
core   0: 0x8000154e (0x02ea9e33) mulh    t3, s5, a4
core   0: 3 0x8000154e (0x02ea9e33) x28 0x00000000
core   0: 0x80001552 (0x00000505) c.addi  a0, 1
core   0: 3 0x80001552 (0x0505) x10 0x00000001
core   0: 0x80001554 (0x0000100f) fence.i
core   0: 3 0x80001554 (0x0000100f)
core   0: 0x80001558 (0x00a00313) li      t1, 10
core   0: 3 0x80001558 (0x00a00313) x 6 0x0000000a
core   0: 0x8000155c (0x00a00393) li      t2, 10
core   0: 3 0x8000155c (0x00a00393) x 7 0x0000000a
core   0: 0x80001560 (0x00006169) c.addi16sp sp, 208
core   0: 3 0x80001560 (0x6169) x 2 0x000001a0
core   0: 0x80001562 (0x02d9efb3) rem     t6, s3, a3
core   0: 3 0x80001562 (0x02d9efb3) x31 0xffffffef
core   0: 0x80001566 (0x40fe85b3) sub     a1, t4, a5
core   0: 3 0x80001566 (0x40fe85b3) x11 0x7ffde19c
core   0: 0x8000156a (0x0000135d) c.addi  t1, -9
core   0: 3 0x8000156a (0x135d) x 6 0x00000001
core   0: 0x8000156c (0xfe737be3) bgeu    t1, t2, pc - 10
core   0: 3 0x8000156c (0xfe737be3)
core   0: 0x80001570 (0x02f52eb3) mulhsu  t4, a0, a5
core   0: 3 0x80001570 (0x02f52eb3) x29 0x00000000
core   0: 0x80001574 (0x03021fb3) mulh    t6, tp, a6
core   0: 3 0x80001574 (0x03021fb3) x31 0x00000000
core   0: 0x80001578 (0x0000d969) c.beqz  a0, pc - 46
core   0: 3 0x80001578 (0xd969)
core   0: 0x8000157a (0x000052fd) c.li    t0, -1
core   0: 3 0x8000157a (0x52fd) x 5 0xffffffff
core   0: 0x8000157c (0x00300b13) li      s6, 3
core   0: 3 0x8000157c (0x00300b13) x22 0x00000003
core   0: 0x80001580 (0x0000d993) srli    s3, ra, 0
core   0: 3 0x80001580 (0x0000d993) x19 0xfffffff4
core   0: 0x80001584 (0x0006fd33) and     s10, a3, zero
core   0: 3 0x80001584 (0x0006fd33) x26 0x00000000
core   0: 0x80001588 (0xfed00493) li      s1, -19
core   0: 3 0x80001588 (0xfed00493) x 9 0xffffffed
core   0: 0x8000158c (0x022539b3) mulhu   s3, a0, sp
core   0: 3 0x8000158c (0x022539b3) x19 0x00000000
core   0: 0x80001590 (0x573c4513) xori    a0, s8, 1395
core   0: 3 0x80001590 (0x573c4513) x10 0xfdf3c128
core   0: 0x80001594 (0x0029fdb3) and     s11, s3, sp
core   0: 3 0x80001594 (0x0029fdb3) x27 0x00000000
core   0: 0x80001598 (0x0ff0000f) fence   iorw,iorw
core   0: 3 0x80001598 (0x0ff0000f)
core   0: 0x8000159c (0x0177f533) and     a0, a5, s7
core   0: 3 0x8000159c (0x0177f533) x10 0x00021e64
core   0: 0x800015a0 (0x020aa133) mulhsu  sp, s5, zero
core   0: 3 0x800015a0 (0x020aa133) x 2 0x00000000
core   0: 0x800015a4 (0x00001b5d) c.addi  s6, -9
core   0: 3 0x800015a4 (0x1b5d) x22 0xfffffffa
core   0: 0x800015a6 (0x405b01b3) sub     gp, s6, t0
core   0: 3 0x800015a6 (0x405b01b3) x 3 0xfffffffb
core   0: 0x800015aa (0x0000018c) c.addi4spn a1, sp, 192
core   0: 3 0x800015aa (0x018c) x11 0x000000c0
core   0: 0x800015ac (0x039dc633) div     a2, s11, s9
core   0: 3 0x800015ac (0x039dc633) x12 0x00000000
core   0: 0x800015b0 (0xfe9b56e3) bge     s6, s1, pc - 20
core   0: 3 0x800015b0 (0xfe9b56e3)
core   0: 0x8000159c (0x0177f533) and     a0, a5, s7
core   0: 3 0x8000159c (0x0177f533) x10 0x00021e64
core   0: 0x800015a0 (0x020aa133) mulhsu  sp, s5, zero
core   0: 3 0x800015a0 (0x020aa133) x 2 0x00000000
core   0: 0x800015a4 (0x00001b5d) c.addi  s6, -9
core   0: 3 0x800015a4 (0x1b5d) x22 0xfffffff1
core   0: 0x800015a6 (0x405b01b3) sub     gp, s6, t0
core   0: 3 0x800015a6 (0x405b01b3) x 3 0xfffffff2
core   0: 0x800015aa (0x0000018c) c.addi4spn a1, sp, 192
core   0: 3 0x800015aa (0x018c) x11 0x000000c0
core   0: 0x800015ac (0x039dc633) div     a2, s11, s9
core   0: 3 0x800015ac (0x039dc633) x12 0x00000000
core   0: 0x800015b0 (0xfe9b56e3) bge     s6, s1, pc - 20
core   0: 3 0x800015b0 (0xfe9b56e3)
core   0: 0x8000159c (0x0177f533) and     a0, a5, s7
core   0: 3 0x8000159c (0x0177f533) x10 0x00021e64
core   0: 0x800015a0 (0x020aa133) mulhsu  sp, s5, zero
core   0: 3 0x800015a0 (0x020aa133) x 2 0x00000000
core   0: 0x800015a4 (0x00001b5d) c.addi  s6, -9
core   0: 3 0x800015a4 (0x1b5d) x22 0xffffffe8
core   0: 0x800015a6 (0x405b01b3) sub     gp, s6, t0
core   0: 3 0x800015a6 (0x405b01b3) x 3 0xffffffe9
core   0: 0x800015aa (0x0000018c) c.addi4spn a1, sp, 192
core   0: 3 0x800015aa (0x018c) x11 0x000000c0
core   0: 0x800015ac (0x039dc633) div     a2, s11, s9
core   0: 3 0x800015ac (0x039dc633) x12 0x00000000
core   0: 0x800015b0 (0xfe9b56e3) bge     s6, s1, pc - 20
core   0: 3 0x800015b0 (0xfe9b56e3)
core   0: 0x800015b4 (0x00006171) c.addi16sp sp, 336
core   0: 3 0x800015b4 (0x6171) x 2 0x00000150
core   0: 0x800015b6 (0x00500593) li      a1, 5
core   0: 3 0x800015b6 (0x00500593) x11 0x00000005
core   0: 0x800015ba (0x0000100f) fence.i
core   0: 3 0x800015ba (0x0000100f)
core   0: 0x800015be (0x00008cd5) c.or    s1, a3
core   0: 3 0x800015be (0x8cd5) x 9 0xfffffffd
core   0: 0x800015c0 (0x00300b93) li      s7, 3
core   0: 3 0x800015c0 (0x00300b93) x23 0x00000003
core   0: 0x800015c4 (0x01cbb833) sltu    a6, s7, t3
core   0: 3 0x800015c4 (0x01cbb833) x16 0x00000000
core   0: 0x800015c8 (0x0b28e217) auipc   tp, 0xb28e
core   0: 3 0x800015c8 (0x0b28e217) x 4 0x8b28f5c8
core   0: 0x800015cc (0x00008f29) c.xor   a4, a0
core   0: 3 0x800015cc (0x8f29) x14 0x22d5e5be
core   0: 0x800015ce (0x000088a9) c.andi  s1, 10
core   0: 3 0x800015ce (0x88a9) x 9 0x00000008
core   0: 0x800015d0 (0x000015f9) c.addi  a1, -2
core   0: 3 0x800015d0 (0x15f9) x11 0x00000003
core   0: 0x800015d2 (0xe2430613) addi    a2, t1, -476
core   0: 3 0x800015d2 (0xe2430613) x12 0xfffffe25
core   0: 0x800015d6 (0x0ff0000f) fence   iorw,iorw
core   0: 3 0x800015d6 (0x0ff0000f)
core   0: 0x800015da (0x020ac2b3) div     t0, s5, zero
core   0: 3 0x800015da (0x020ac2b3) x 5 0xffffffff
core   0: 0x800015de (0xcc1ac893) xori    a7, s5, -831
core   0: 3 0x800015de (0xcc1ac893) x17 0xfffffcc1
core   0: 0x800015e2 (0x000068e1) c.lui   a7, 0x18
core   0: 3 0x800015e2 (0x68e1) x17 0x00018000
core   0: 0x800015e4 (0xffb00693) li      a3, -5
core   0: 3 0x800015e4 (0xffb00693) x13 0xfffffffb
core   0: 0x800015e8 (0xac43fe93) andi    t4, t2, -1340
core   0: 3 0x800015e8 (0xac43fe93) x29 0x00000000
core   0: 0x800015ec (0x00008d01) c.sub   a0, s0
core   0: 3 0x800015ec (0x8d01) x10 0x00021e64
core   0: 0x800015ee (0x00b00193) li      gp, 11
core   0: 3 0x800015ee (0x00b00193) x 3 0x0000000b
core   0: 0x800015f2 (0x0379d333) divu    t1, s3, s7
core   0: 3 0x800015f2 (0x0379d333) x 6 0x00000000
core   0: 0x800015f6 (0x031c0733) mul     a4, s8, a7
core   0: 3 0x800015f6 (0x031c0733) x14 0xa6888000
core   0: 0x800015fa (0x000006a9) c.addi  a3, 10
core   0: 3 0x800015fa (0x06a9) x13 0x00000005
core   0: 0x800015fc (0x412682b3) sub     t0, a3, s2
core   0: 3 0x800015fc (0x412682b3) x 5 0x00000005
core   0: 0x80001600 (0x00001718) c.addi4spn a4, sp, 928
core   0: 3 0x80001600 (0x1718) x14 0x000004f0
core   0: 0x80001602 (0x0000100f) fence.i
core   0: 3 0x80001602 (0x0000100f)
core   0: 0x80001606 (0x41ff80b3) sub     ra, t6, t6
core   0: 3 0x80001606 (0x41ff80b3) x 1 0x00000000
core   0: 0x8000160a (0xfe36c4e3) blt     a3, gp, pc - 24
core   0: 3 0x8000160a (0xfe36c4e3)
core   0: 0x800015f2 (0x0379d333) divu    t1, s3, s7
core   0: 3 0x800015f2 (0x0379d333) x 6 0x00000000
core   0: 0x800015f6 (0x031c0733) mul     a4, s8, a7
core   0: 3 0x800015f6 (0x031c0733) x14 0xa6888000
core   0: 0x800015fa (0x000006a9) c.addi  a3, 10
core   0: 3 0x800015fa (0x06a9) x13 0x0000000f
core   0: 0x800015fc (0x412682b3) sub     t0, a3, s2
core   0: 3 0x800015fc (0x412682b3) x 5 0x0000000f
core   0: 0x80001600 (0x00001718) c.addi4spn a4, sp, 928
core   0: 3 0x80001600 (0x1718) x14 0x000004f0
core   0: 0x80001602 (0x0000100f) fence.i
core   0: 3 0x80001602 (0x0000100f)
core   0: 0x80001606 (0x41ff80b3) sub     ra, t6, t6
core   0: 3 0x80001606 (0x41ff80b3) x 1 0x00000000
core   0: 0x8000160a (0xfe36c4e3) blt     a3, gp, pc - 24
core   0: 3 0x8000160a (0xfe36c4e3)
core   0: 0x8000160e (0x00fcefb3) or      t6, s9, a5
core   0: 3 0x8000160e (0x00fcefb3) x31 0x979f9eec
core   0: 0x80001612 (0x0283fe33) remu    t3, t2, s0
core   0: 3 0x80001612 (0x0283fe33) x28 0x0000000a
core   0: 0x80001616 (0x0ff0000f) fence   iorw,iorw
core   0: 3 0x80001616 (0x0ff0000f)
core   0: 0x8000161a (0x02c62f33) mulhsu  t5, a2, a2
core   0: 3 0x8000161a (0x02c62f33) x30 0xfffffe25
core   0: 0x8000161e (0x598d2637) lui     a2, 0x598d2
core   0: 3 0x8000161e (0x598d2637) x12 0x598d2000
core   0: 0x80001622 (0x4114d733) sra     a4, s1, a7
core   0: 3 0x80001622 (0x4114d733) x14 0x00000008
core   0: 0x80001626 (0xfb75f3e3) bgeu    a1, s7, pc - 90
core   0: 3 0x80001626 (0xfb75f3e3)
core   0: 0x800015cc (0x00008f29) c.xor   a4, a0
core   0: 3 0x800015cc (0x8f29) x14 0x00021e6c
core   0: 0x800015ce (0x000088a9) c.andi  s1, 10
core   0: 3 0x800015ce (0x88a9) x 9 0x00000008
core   0: 0x800015d0 (0x000015f9) c.addi  a1, -2
core   0: 3 0x800015d0 (0x15f9) x11 0x00000001
core   0: 0x800015d2 (0xe2430613) addi    a2, t1, -476
core   0: 3 0x800015d2 (0xe2430613) x12 0xfffffe24
core   0: 0x800015d6 (0x0ff0000f) fence   iorw,iorw
core   0: 3 0x800015d6 (0x0ff0000f)
core   0: 0x800015da (0x020ac2b3) div     t0, s5, zero
core   0: 3 0x800015da (0x020ac2b3) x 5 0xffffffff
core   0: 0x800015de (0xcc1ac893) xori    a7, s5, -831
core   0: 3 0x800015de (0xcc1ac893) x17 0xfffffcc1
core   0: 0x800015e2 (0x000068e1) c.lui   a7, 0x18
core   0: 3 0x800015e2 (0x68e1) x17 0x00018000
core   0: 0x800015e4 (0xffb00693) li      a3, -5
core   0: 3 0x800015e4 (0xffb00693) x13 0xfffffffb
core   0: 0x800015e8 (0xac43fe93) andi    t4, t2, -1340
core   0: 3 0x800015e8 (0xac43fe93) x29 0x00000000
core   0: 0x800015ec (0x00008d01) c.sub   a0, s0
core   0: 3 0x800015ec (0x8d01) x10 0x00021e64
core   0: 0x800015ee (0x00b00193) li      gp, 11
core   0: 3 0x800015ee (0x00b00193) x 3 0x0000000b
core   0: 0x800015f2 (0x0379d333) divu    t1, s3, s7
core   0: 3 0x800015f2 (0x0379d333) x 6 0x00000000
core   0: 0x800015f6 (0x031c0733) mul     a4, s8, a7
core   0: 3 0x800015f6 (0x031c0733) x14 0xa6888000
core   0: 0x800015fa (0x000006a9) c.addi  a3, 10
core   0: 3 0x800015fa (0x06a9) x13 0x00000005
core   0: 0x800015fc (0x412682b3) sub     t0, a3, s2
core   0: 3 0x800015fc (0x412682b3) x 5 0x00000005
core   0: 0x80001600 (0x00001718) c.addi4spn a4, sp, 928
core   0: 3 0x80001600 (0x1718) x14 0x000004f0
core   0: 0x80001602 (0x0000100f) fence.i
core   0: 3 0x80001602 (0x0000100f)
core   0: 0x80001606 (0x41ff80b3) sub     ra, t6, t6
core   0: 3 0x80001606 (0x41ff80b3) x 1 0x00000000
core   0: 0x8000160a (0xfe36c4e3) blt     a3, gp, pc - 24
core   0: 3 0x8000160a (0xfe36c4e3)
core   0: 0x800015f2 (0x0379d333) divu    t1, s3, s7
core   0: 3 0x800015f2 (0x0379d333) x 6 0x00000000
core   0: 0x800015f6 (0x031c0733) mul     a4, s8, a7
core   0: 3 0x800015f6 (0x031c0733) x14 0xa6888000
core   0: 0x800015fa (0x000006a9) c.addi  a3, 10
core   0: 3 0x800015fa (0x06a9) x13 0x0000000f
core   0: 0x800015fc (0x412682b3) sub     t0, a3, s2
core   0: 3 0x800015fc (0x412682b3) x 5 0x0000000f
core   0: 0x80001600 (0x00001718) c.addi4spn a4, sp, 928
core   0: 3 0x80001600 (0x1718) x14 0x000004f0
core   0: 0x80001602 (0x0000100f) fence.i
core   0: 3 0x80001602 (0x0000100f)
core   0: 0x80001606 (0x41ff80b3) sub     ra, t6, t6
core   0: 3 0x80001606 (0x41ff80b3) x 1 0x00000000
core   0: 0x8000160a (0xfe36c4e3) blt     a3, gp, pc - 24
core   0: 3 0x8000160a (0xfe36c4e3)
core   0: 0x8000160e (0x00fcefb3) or      t6, s9, a5
core   0: 3 0x8000160e (0x00fcefb3) x31 0x979f9eec
core   0: 0x80001612 (0x0283fe33) remu    t3, t2, s0
core   0: 3 0x80001612 (0x0283fe33) x28 0x0000000a
core   0: 0x80001616 (0x0ff0000f) fence   iorw,iorw
core   0: 3 0x80001616 (0x0ff0000f)
core   0: 0x8000161a (0x02c62f33) mulhsu  t5, a2, a2
core   0: 3 0x8000161a (0x02c62f33) x30 0xfffffe24
core   0: 0x8000161e (0x598d2637) lui     a2, 0x598d2
core   0: 3 0x8000161e (0x598d2637) x12 0x598d2000
core   0: 0x80001622 (0x4114d733) sra     a4, s1, a7
core   0: 3 0x80001622 (0x4114d733) x14 0x00000008
core   0: 0x80001626 (0xfb75f3e3) bgeu    a1, s7, pc - 90
core   0: 3 0x80001626 (0xfb75f3e3)
core   0: 0x8000162a (0x00004621) c.li    a2, 8
core   0: 3 0x8000162a (0x4621) x12 0x00000008
core   0: 0x8000162c (0xff700313) li      t1, -9
core   0: 3 0x8000162c (0xff700313) x 6 0xfffffff7
core   0: 0x80001630 (0x0341e2b3) rem     t0, gp, s4
core   0: 3 0x80001630 (0x0341e2b3) x 5 0x0000000b
core   0: 0x80001634 (0x01400113) li      sp, 20
core   0: 3 0x80001634 (0x01400113) x 2 0x00000014
core   0: 0x80001638 (0x00006b39) c.lui   s6, 0xe
core   0: 3 0x80001638 (0x6b39) x22 0x0000e000
core   0: 0x8000163a (0x41a98933) sub     s2, s3, s10
core   0: 3 0x8000163a (0x41a98933) x18 0x00000000
core   0: 0x8000163e (0x01988f33) add     t5, a7, s9
core   0: 3 0x8000163e (0x01988f33) x30 0x979f04ec
core   0: 0x80001642 (0x00000305) c.addi  t1, 1
core   0: 3 0x80001642 (0x0305) x 6 0xfffffff8
core   0: 0x80001644 (0x66700437) lui     s0, 0x66700
core   0: 3 0x80001644 (0x66700437) x 8 0x66700000
core   0: 0x80001648 (0x035e10b3) mulh    ra, t3, s5
core   0: 3 0x80001648 (0x035e10b3) x 1 0x00000000
core   0: 0x8000164c (0x011d16b3) sll     a3, s10, a7
core   0: 3 0x8000164c (0x011d16b3) x13 0x00000000
core   0: 0x80001650 (0x00900593) li      a1, 9
core   0: 3 0x80001650 (0x00900593) x11 0x00000009
core   0: 0x80001654 (0x0ff0000f) fence   iorw,iorw
core   0: 3 0x80001654 (0x0ff0000f)
core   0: 0x80001658 (0x00000001) c.nop
core   0: 3 0x80001658 (0x0001)
core   0: 0x8000165a (0x00000001) c.nop
core   0: 3 0x8000165a (0x0001)
core   0: 0x8000165c (0x0000100f) fence.i
core   0: 3 0x8000165c (0x0000100f)
core   0: 0x80001660 (0x02afb0b3) mulhu   ra, t6, a0
core   0: 3 0x80001660 (0x02afb0b3) x 1 0x0001413f
core   0: 0x80001664 (0x000015dd) c.addi  a1, -9
core   0: 3 0x80001664 (0x15dd) x11 0x00000000
core   0: 0x80001666 (0x0147a633) slt     a2, a5, s4
core   0: 3 0x80001666 (0x0147a633) x12 0x00000001
core   0: 0x8000166a (0x0000038a) c.slli  t2, 2
core   0: 3 0x8000166a (0x038a) x 7 0x00000028
core   0: 0x8000166c (0x0000f9f5) c.bnez  a1, pc - 12
core   0: 3 0x8000166c (0xf9f5)
core   0: 0x8000166e (0xfc2368e3) bltu    t1, sp, pc - 48
core   0: 3 0x8000166e (0xfc2368e3)
core   0: 0x80001672 (0x0272a533) mulhsu  a0, t0, t2
core   0: 3 0x80001672 (0x0272a533) x10 0x00000000
core   0: 0x80001676 (0x00a00713) li      a4, 10
core   0: 3 0x80001676 (0x00a00713) x14 0x0000000a
core   0: 0x8000167a (0x01ed1193) slli    gp, s10, 30
core   0: 3 0x8000167a (0x01ed1193) x 3 0x00000000
core   0: 0x8000167e (0x6a0d2313) slti    t1, s10, 1696
core   0: 3 0x8000167e (0x6a0d2313) x 6 0x00000001
core   0: 0x80001682 (0xf3ce3913) sltiu   s2, t3, -196
core   0: 3 0x80001682 (0xf3ce3913) x18 0x00000001
core   0: 0x80001686 (0x00000001) c.nop
core   0: 3 0x80001686 (0x0001)
core   0: 0x80001688 (0x0000100f) fence.i
core   0: 3 0x80001688 (0x0000100f)
core   0: 0x8000168c (0x6cc7a313) slti    t1, a5, 1740
core   0: 3 0x8000168c (0x6cc7a313) x 6 0x00000001
core   0: 0x80001690 (0x0000177d) c.addi  a4, -1
core   0: 3 0x80001690 (0x177d) x14 0x00000009
core   0: 0x80001692 (0xee828d17) auipc   s10, 0xee828
core   0: 3 0x80001692 (0xee828d17) x26 0x6e829692
core   0: 0x80001696 (0xa0e4fb93) andi    s7, s1, -1522
core   0: 3 0x80001696 (0xa0e4fb93) x23 0x00000008
core   0: 0x8000169a (0x00600393) li      t2, 6
core   0: 3 0x8000169a (0x00600393) x 7 0x00000006
core   0: 0x8000169e (0xff000093) li      ra, -16
core   0: 3 0x8000169e (0xff000093) x 1 0xfffffff0
core   0: 0x800016a2 (0x00bffe33) and     t3, t6, a1
core   0: 3 0x800016a2 (0x00bffe33) x28 0x00000000
core   0: 0x800016a6 (0x000082d1) c.srli  a3, 20
core   0: 3 0x800016a6 (0x82d1) x13 0x00000000
core   0: 0x800016a8 (0xd18f7593) andi    a1, t5, -744
core   0: 3 0x800016a8 (0xd18f7593) x11 0x979f0408
core   0: 0x800016ac (0x000013e9) c.addi  t2, -6
core   0: 3 0x800016ac (0x13e9) x 7 0x00000000
core   0: 0x800016ae (0x00000001) c.nop
core   0: 3 0x800016ae (0x0001)
core   0: 0x800016b0 (0x0000683d) c.lui   a6, 0xf
core   0: 3 0x800016b0 (0x683d) x16 0x0000f000
core   0: 0x800016b2 (0x0022d213) srli    tp, t0, 2
core   0: 3 0x800016b2 (0x0022d213) x 4 0x00000002
core   0: 0x800016b6 (0xfe13d6e3) bge     t2, ra, pc - 20
core   0: 3 0x800016b6 (0xfe13d6e3)
core   0: 0x800016a2 (0x00bffe33) and     t3, t6, a1
core   0: 3 0x800016a2 (0x00bffe33) x28 0x979f0408
core   0: 0x800016a6 (0x000082d1) c.srli  a3, 20
core   0: 3 0x800016a6 (0x82d1) x13 0x00000000
core   0: 0x800016a8 (0xd18f7593) andi    a1, t5, -744
core   0: 3 0x800016a8 (0xd18f7593) x11 0x979f0408
core   0: 0x800016ac (0x000013e9) c.addi  t2, -6
core   0: 3 0x800016ac (0x13e9) x 7 0xfffffffa
core   0: 0x800016ae (0x00000001) c.nop
core   0: 3 0x800016ae (0x0001)
core   0: 0x800016b0 (0x0000683d) c.lui   a6, 0xf
core   0: 3 0x800016b0 (0x683d) x16 0x0000f000
core   0: 0x800016b2 (0x0022d213) srli    tp, t0, 2
core   0: 3 0x800016b2 (0x0022d213) x 4 0x00000002
core   0: 0x800016b6 (0xfe13d6e3) bge     t2, ra, pc - 20
core   0: 3 0x800016b6 (0xfe13d6e3)
core   0: 0x800016a2 (0x00bffe33) and     t3, t6, a1
core   0: 3 0x800016a2 (0x00bffe33) x28 0x979f0408
core   0: 0x800016a6 (0x000082d1) c.srli  a3, 20
core   0: 3 0x800016a6 (0x82d1) x13 0x00000000
core   0: 0x800016a8 (0xd18f7593) andi    a1, t5, -744
core   0: 3 0x800016a8 (0xd18f7593) x11 0x979f0408
core   0: 0x800016ac (0x000013e9) c.addi  t2, -6
core   0: 3 0x800016ac (0x13e9) x 7 0xfffffff4
core   0: 0x800016ae (0x00000001) c.nop
core   0: 3 0x800016ae (0x0001)
core   0: 0x800016b0 (0x0000683d) c.lui   a6, 0xf
core   0: 3 0x800016b0 (0x683d) x16 0x0000f000
core   0: 0x800016b2 (0x0022d213) srli    tp, t0, 2
core   0: 3 0x800016b2 (0x0022d213) x 4 0x00000002
core   0: 0x800016b6 (0xfe13d6e3) bge     t2, ra, pc - 20
core   0: 3 0x800016b6 (0xfe13d6e3)
core   0: 0x800016a2 (0x00bffe33) and     t3, t6, a1
core   0: 3 0x800016a2 (0x00bffe33) x28 0x979f0408
core   0: 0x800016a6 (0x000082d1) c.srli  a3, 20
core   0: 3 0x800016a6 (0x82d1) x13 0x00000000
core   0: 0x800016a8 (0xd18f7593) andi    a1, t5, -744
core   0: 3 0x800016a8 (0xd18f7593) x11 0x979f0408
core   0: 0x800016ac (0x000013e9) c.addi  t2, -6
core   0: 3 0x800016ac (0x13e9) x 7 0xffffffee
core   0: 0x800016ae (0x00000001) c.nop
core   0: 3 0x800016ae (0x0001)
core   0: 0x800016b0 (0x0000683d) c.lui   a6, 0xf
core   0: 3 0x800016b0 (0x683d) x16 0x0000f000
core   0: 0x800016b2 (0x0022d213) srli    tp, t0, 2
core   0: 3 0x800016b2 (0x0022d213) x 4 0x00000002
core   0: 0x800016b6 (0xfe13d6e3) bge     t2, ra, pc - 20
core   0: 3 0x800016b6 (0xfe13d6e3)
core   0: 0x800016ba (0x00a6a1b3) slt     gp, a3, a0
core   0: 3 0x800016ba (0x00a6a1b3) x 3 0x00000000
core   0: 0x800016be (0x8d3a8193) addi    gp, s5, -1837
core   0: 3 0x800016be (0x8d3a8193) x 3 0xfffff8d3
core   0: 0x800016c2 (0x0000d769) c.beqz  a4, pc - 54
core   0: 3 0x800016c2 (0xd769)
core   0: 0x800016c4 (0x00004969) c.li    s2, 26
core   0: 3 0x800016c4 (0x4969) x18 0x0000001a
core   0: 0x800016c6 (0x00500713) li      a4, 5
core   0: 3 0x800016c6 (0x00500713) x14 0x00000005
core   0: 0x800016ca (0x00dcb833) sltu    a6, s9, a3
core   0: 3 0x800016ca (0x00dcb833) x16 0x00000000
core   0: 0x800016ce (0x0000884a) c.mv    a6, s2
core   0: 3 0x800016ce (0x884a) x16 0x0000001a
core   0: 0x800016d0 (0x8c8dcc93) xori    s9, s11, -1848
core   0: 3 0x800016d0 (0x8c8dcc93) x25 0xfffff8c8
core   0: 0x800016d4 (0x000018fd) c.addi  a7, -1
core   0: 3 0x800016d4 (0x18fd) x17 0x00017fff
core   0: 0x800016d6 (0xff900b13) li      s6, -7
core   0: 3 0x800016d6 (0xff900b13) x22 0xfffffff9
core   0: 0x800016da (0x0382c533) div     a0, t0, s8
core   0: 3 0x800016da (0x0382c533) x10 0x00000000
core   0: 0x800016de (0x00000001) c.nop
core   0: 3 0x800016de (0x0001)
core   0: 0x800016e0 (0xd69ae397) auipc   t2, 0xd69ae
core   0: 3 0x800016e0 (0xd69ae397) x 7 0x569af6e0
core   0: 0x800016e4 (0x00004ed9) c.li    t4, 22
core   0: 3 0x800016e4 (0x4ed9) x29 0x00000016
core   0: 0x800016e6 (0x00001771) c.addi  a4, -4
core   0: 3 0x800016e6 (0x1771) x14 0x00000001
core   0: 0x800016e8 (0x00600593) li      a1, 6
core   0: 3 0x800016e8 (0x00600593) x11 0x00000006
core   0: 0x800016ec (0xd6517613) andi    a2, sp, -667
core   0: 3 0x800016ec (0xd6517613) x12 0x00000004
core   0: 0x800016f0 (0x00490433) add     s0, s2, tp
core   0: 3 0x800016f0 (0x00490433) x 8 0x0000001c
core   0: 0x800016f4 (0x70bec393) xori    t2, t4, 1803
core   0: 3 0x800016f4 (0x70bec393) x 7 0x0000071d
core   0: 0x800016f8 (0xffe00113) li      sp, -2
core   0: 3 0x800016f8 (0xffe00113) x 2 0xfffffffe
core   0: 0x800016fc (0x00006f41) c.lui   t5, 0x10
core   0: 3 0x800016fc (0x6f41) x30 0x00010000
core   0: 0x800016fe (0x49f3a693) slti    a3, t2, 1183
core   0: 3 0x800016fe (0x49f3a693) x13 0x00000000
core   0: 0x80001702 (0x0274a033) mulhsu  zero, s1, t2
core   0: 3 0x80001702 (0x0274a033)
core   0: 0x80001706 (0x00ec0db3) add     s11, s8, a4
core   0: 3 0x80001706 (0x00ec0db3) x27 0xfdf3c45c
core   0: 0x8000170a (0x03695233) divu    tp, s2, s6
core   0: 3 0x8000170a (0x03695233) x 4 0x00000000
core   0: 0x8000170e (0x00ed28b3) slt     a7, s10, a4
core   0: 3 0x8000170e (0x00ed28b3) x17 0x00000000
core   0: 0x80001712 (0x95c7f013) andi    zero, a5, -1700
core   0: 3 0x80001712 (0x95c7f013)
core   0: 0x80001716 (0x02dc7d33) remu    s10, s8, a3
core   0: 3 0x80001716 (0x02dc7d33) x26 0xfdf3c45b
core   0: 0x8000171a (0x000084b1) c.srai  s1, 12
core   0: 3 0x8000171a (0x84b1) x 9 0x00000000
core   0: 0x8000171c (0x000015e1) c.addi  a1, -8
core   0: 3 0x8000171c (0x15e1) x11 0xfffffffe
core   0: 0x8000171e (0xfe2586e3) beq     a1, sp, pc - 20
core   0: 3 0x8000171e (0xfe2586e3)
core   0: 0x8000170a (0x03695233) divu    tp, s2, s6
core   0: 3 0x8000170a (0x03695233) x 4 0x00000000
core   0: 0x8000170e (0x00ed28b3) slt     a7, s10, a4
core   0: 3 0x8000170e (0x00ed28b3) x17 0x00000001
core   0: 0x80001712 (0x95c7f013) andi    zero, a5, -1700
core   0: 3 0x80001712 (0x95c7f013)
core   0: 0x80001716 (0x02dc7d33) remu    s10, s8, a3
core   0: 3 0x80001716 (0x02dc7d33) x26 0xfdf3c45b
core   0: 0x8000171a (0x000084b1) c.srai  s1, 12
core   0: 3 0x8000171a (0x84b1) x 9 0x00000000
core   0: 0x8000171c (0x000015e1) c.addi  a1, -8
core   0: 3 0x8000171c (0x15e1) x11 0xfffffff6
core   0: 0x8000171e (0xfe2586e3) beq     a1, sp, pc - 20
core   0: 3 0x8000171e (0xfe2586e3)
core   0: 0x80001722 (0x1949ff93) andi    t6, s3, 404
core   0: 3 0x80001722 (0x1949ff93) x31 0x00000000
core   0: 0x80001726 (0x00009fc6) c.add   t6, a7
core   0: 3 0x80001726 (0x9fc6) x31 0x00000001
core   0: 0x80001728 (0xfb671be3) bne     a4, s6, pc - 74
core   0: 3 0x80001728 (0xfb671be3)
core   0: 0x800016de (0x00000001) c.nop
core   0: 3 0x800016de (0x0001)
core   0: 0x800016e0 (0xd69ae397) auipc   t2, 0xd69ae
core   0: 3 0x800016e0 (0xd69ae397) x 7 0x569af6e0
core   0: 0x800016e4 (0x00004ed9) c.li    t4, 22
core   0: 3 0x800016e4 (0x4ed9) x29 0x00000016
core   0: 0x800016e6 (0x00001771) c.addi  a4, -4
core   0: 3 0x800016e6 (0x1771) x14 0xfffffffd
core   0: 0x800016e8 (0x00600593) li      a1, 6
core   0: 3 0x800016e8 (0x00600593) x11 0x00000006
core   0: 0x800016ec (0xd6517613) andi    a2, sp, -667
core   0: 3 0x800016ec (0xd6517613) x12 0xfffffd64
core   0: 0x800016f0 (0x00490433) add     s0, s2, tp
core   0: 3 0x800016f0 (0x00490433) x 8 0x0000001a
core   0: 0x800016f4 (0x70bec393) xori    t2, t4, 1803
core   0: 3 0x800016f4 (0x70bec393) x 7 0x0000071d
core   0: 0x800016f8 (0xffe00113) li      sp, -2
core   0: 3 0x800016f8 (0xffe00113) x 2 0xfffffffe
core   0: 0x800016fc (0x00006f41) c.lui   t5, 0x10
core   0: 3 0x800016fc (0x6f41) x30 0x00010000
core   0: 0x800016fe (0x49f3a693) slti    a3, t2, 1183
core   0: 3 0x800016fe (0x49f3a693) x13 0x00000000
core   0: 0x80001702 (0x0274a033) mulhsu  zero, s1, t2
core   0: 3 0x80001702 (0x0274a033)
core   0: 0x80001706 (0x00ec0db3) add     s11, s8, a4
core   0: 3 0x80001706 (0x00ec0db3) x27 0xfdf3c458
core   0: 0x8000170a (0x03695233) divu    tp, s2, s6
core   0: 3 0x8000170a (0x03695233) x 4 0x00000000
core   0: 0x8000170e (0x00ed28b3) slt     a7, s10, a4
core   0: 3 0x8000170e (0x00ed28b3) x17 0x00000001
core   0: 0x80001712 (0x95c7f013) andi    zero, a5, -1700
core   0: 3 0x80001712 (0x95c7f013)
core   0: 0x80001716 (0x02dc7d33) remu    s10, s8, a3
core   0: 3 0x80001716 (0x02dc7d33) x26 0xfdf3c45b
core   0: 0x8000171a (0x000084b1) c.srai  s1, 12
core   0: 3 0x8000171a (0x84b1) x 9 0x00000000
core   0: 0x8000171c (0x000015e1) c.addi  a1, -8
core   0: 3 0x8000171c (0x15e1) x11 0xfffffffe
core   0: 0x8000171e (0xfe2586e3) beq     a1, sp, pc - 20
core   0: 3 0x8000171e (0xfe2586e3)
core   0: 0x8000170a (0x03695233) divu    tp, s2, s6
core   0: 3 0x8000170a (0x03695233) x 4 0x00000000
core   0: 0x8000170e (0x00ed28b3) slt     a7, s10, a4
core   0: 3 0x8000170e (0x00ed28b3) x17 0x00000001
core   0: 0x80001712 (0x95c7f013) andi    zero, a5, -1700
core   0: 3 0x80001712 (0x95c7f013)
core   0: 0x80001716 (0x02dc7d33) remu    s10, s8, a3
core   0: 3 0x80001716 (0x02dc7d33) x26 0xfdf3c45b
core   0: 0x8000171a (0x000084b1) c.srai  s1, 12
core   0: 3 0x8000171a (0x84b1) x 9 0x00000000
core   0: 0x8000171c (0x000015e1) c.addi  a1, -8
core   0: 3 0x8000171c (0x15e1) x11 0xfffffff6
core   0: 0x8000171e (0xfe2586e3) beq     a1, sp, pc - 20
core   0: 3 0x8000171e (0xfe2586e3)
core   0: 0x80001722 (0x1949ff93) andi    t6, s3, 404
core   0: 3 0x80001722 (0x1949ff93) x31 0x00000000
core   0: 0x80001726 (0x00009fc6) c.add   t6, a7
core   0: 3 0x80001726 (0x9fc6) x31 0x00000001
core   0: 0x80001728 (0xfb671be3) bne     a4, s6, pc - 74
core   0: 3 0x80001728 (0xfb671be3)
core   0: 0x800016de (0x00000001) c.nop
core   0: 3 0x800016de (0x0001)
core   0: 0x800016e0 (0xd69ae397) auipc   t2, 0xd69ae
core   0: 3 0x800016e0 (0xd69ae397) x 7 0x569af6e0
core   0: 0x800016e4 (0x00004ed9) c.li    t4, 22
core   0: 3 0x800016e4 (0x4ed9) x29 0x00000016
core   0: 0x800016e6 (0x00001771) c.addi  a4, -4
core   0: 3 0x800016e6 (0x1771) x14 0xfffffff9
core   0: 0x800016e8 (0x00600593) li      a1, 6
core   0: 3 0x800016e8 (0x00600593) x11 0x00000006
core   0: 0x800016ec (0xd6517613) andi    a2, sp, -667
core   0: 3 0x800016ec (0xd6517613) x12 0xfffffd64
core   0: 0x800016f0 (0x00490433) add     s0, s2, tp
core   0: 3 0x800016f0 (0x00490433) x 8 0x0000001a
core   0: 0x800016f4 (0x70bec393) xori    t2, t4, 1803
core   0: 3 0x800016f4 (0x70bec393) x 7 0x0000071d
core   0: 0x800016f8 (0xffe00113) li      sp, -2
core   0: 3 0x800016f8 (0xffe00113) x 2 0xfffffffe
core   0: 0x800016fc (0x00006f41) c.lui   t5, 0x10
core   0: 3 0x800016fc (0x6f41) x30 0x00010000
core   0: 0x800016fe (0x49f3a693) slti    a3, t2, 1183
core   0: 3 0x800016fe (0x49f3a693) x13 0x00000000
core   0: 0x80001702 (0x0274a033) mulhsu  zero, s1, t2
core   0: 3 0x80001702 (0x0274a033)
core   0: 0x80001706 (0x00ec0db3) add     s11, s8, a4
core   0: 3 0x80001706 (0x00ec0db3) x27 0xfdf3c454
core   0: 0x8000170a (0x03695233) divu    tp, s2, s6
core   0: 3 0x8000170a (0x03695233) x 4 0x00000000
core   0: 0x8000170e (0x00ed28b3) slt     a7, s10, a4
core   0: 3 0x8000170e (0x00ed28b3) x17 0x00000001
core   0: 0x80001712 (0x95c7f013) andi    zero, a5, -1700
core   0: 3 0x80001712 (0x95c7f013)
core   0: 0x80001716 (0x02dc7d33) remu    s10, s8, a3
core   0: 3 0x80001716 (0x02dc7d33) x26 0xfdf3c45b
core   0: 0x8000171a (0x000084b1) c.srai  s1, 12
core   0: 3 0x8000171a (0x84b1) x 9 0x00000000
core   0: 0x8000171c (0x000015e1) c.addi  a1, -8
core   0: 3 0x8000171c (0x15e1) x11 0xfffffffe
core   0: 0x8000171e (0xfe2586e3) beq     a1, sp, pc - 20
core   0: 3 0x8000171e (0xfe2586e3)
core   0: 0x8000170a (0x03695233) divu    tp, s2, s6
core   0: 3 0x8000170a (0x03695233) x 4 0x00000000
core   0: 0x8000170e (0x00ed28b3) slt     a7, s10, a4
core   0: 3 0x8000170e (0x00ed28b3) x17 0x00000001
core   0: 0x80001712 (0x95c7f013) andi    zero, a5, -1700
core   0: 3 0x80001712 (0x95c7f013)
core   0: 0x80001716 (0x02dc7d33) remu    s10, s8, a3
core   0: 3 0x80001716 (0x02dc7d33) x26 0xfdf3c45b
core   0: 0x8000171a (0x000084b1) c.srai  s1, 12
core   0: 3 0x8000171a (0x84b1) x 9 0x00000000
core   0: 0x8000171c (0x000015e1) c.addi  a1, -8
core   0: 3 0x8000171c (0x15e1) x11 0xfffffff6
core   0: 0x8000171e (0xfe2586e3) beq     a1, sp, pc - 20
core   0: 3 0x8000171e (0xfe2586e3)
core   0: 0x80001722 (0x1949ff93) andi    t6, s3, 404
core   0: 3 0x80001722 (0x1949ff93) x31 0x00000000
core   0: 0x80001726 (0x00009fc6) c.add   t6, a7
core   0: 3 0x80001726 (0x9fc6) x31 0x00000001
core   0: 0x80001728 (0xfb671be3) bne     a4, s6, pc - 74
core   0: 3 0x80001728 (0xfb671be3)
core   0: 0x8000172c (0xf324ff93) andi    t6, s1, -206
core   0: 3 0x8000172c (0xf324ff93) x31 0x00000000
core   0: 0x80001730 (0xff800513) li      a0, -8
core   0: 3 0x80001730 (0xff800513) x10 0xfffffff8
core   0: 0x80001734 (0x00a00813) li      a6, 10
core   0: 3 0x80001734 (0x00a00813) x16 0x0000000a
core   0: 0x80001738 (0x01643b33) sltu    s6, s0, s6
core   0: 3 0x80001738 (0x01643b33) x22 0x00000001
core   0: 0x8000173c (0x000086bd) c.srai  a3, 15
core   0: 3 0x8000173c (0x86bd) x13 0x00000000
core   0: 0x8000173e (0x027aebb3) rem     s7, s5, t2
core   0: 3 0x8000173e (0x027aebb3) x23 0x00000000
core   0: 0x80001742 (0x007a2633) slt     a2, s4, t2
core   0: 3 0x80001742 (0x007a2633) x12 0x00000001
core   0: 0x80001746 (0x00000525) c.addi  a0, 9
core   0: 3 0x80001746 (0x0525) x10 0x00000001
core   0: 0x80001748 (0x2299c413) xori    s0, s3, 553
core   0: 3 0x80001748 (0x2299c413) x 8 0x00000229
core   0: 0x8000174c (0x00a00c93) li      s9, 10
core   0: 3 0x8000174c (0x00a00c93) x25 0x0000000a
core   0: 0x80001750 (0x00c00593) li      a1, 12
core   0: 3 0x80001750 (0x00c00593) x11 0x0000000c
core   0: 0x80001754 (0x00008f71) c.and   a4, a2
core   0: 3 0x80001754 (0x8f71) x14 0x00000001
core   0: 0x80001756 (0x03b3b4b3) mulhu   s1, t2, s11
core   0: 3 0x80001756 (0x03b3b4b3) x 9 0x0000070e
core   0: 0x8000175a (0x0257c433) div     s0, a5, t0
core   0: 3 0x8000175a (0x0257c433) x 8 0xf45d4895
core   0: 0x8000175e (0x4104d713) srai    a4, s1, 16
core   0: 3 0x8000175e (0x4104d713) x14 0x00000000
core   0: 0x80001762 (0x00000c8d) c.addi  s9, 3
core   0: 3 0x80001762 (0x0c8d) x25 0x0000000d
core   0: 0x80001764 (0x34a1ad93) slti    s11, gp, 842
core   0: 3 0x80001764 (0x34a1ad93) x27 0x00000001
core   0: 0x80001768 (0xfebcc9e3) blt     s9, a1, pc - 14
core   0: 3 0x80001768 (0xfebcc9e3)
core   0: 0x8000176c (0x00000001) c.nop
core   0: 3 0x8000176c (0x0001)
core   0: 0x8000176e (0x40d7dab3) sra     s5, a5, a3
core   0: 3 0x8000176e (0x40d7dab3) x21 0x80021e64
core   0: 0x80001772 (0xfd0506e3) beq     a0, a6, pc - 52
core   0: 3 0x80001772 (0xfd0506e3)
core   0: 0x80001776 (0x0000100f) fence.i
core   0: 3 0x80001776 (0x0000100f)
core   0: 0x8000177a (0x00200893) li      a7, 2
core   0: 3 0x8000177a (0x00200893) x17 0x00000002
core   0: 0x8000177e (0xfef00e93) li      t4, -17
core   0: 3 0x8000177e (0xfef00e93) x29 0xffffffef
core   0: 0x80001782 (0x41a30133) sub     sp, t1, s10
core   0: 3 0x80001782 (0x41a30133) x 2 0x020c3ba6
core   0: 0x80001786 (0x4060db33) sra     s6, ra, t1
core   0: 3 0x80001786 (0x4060db33) x22 0xfffffff8
core   0: 0x8000178a (0x00008dcd) c.or    a1, a1
core   0: 3 0x8000178a (0x8dcd) x11 0x0000000c
core   0: 0x8000178c (0x0000877d) c.srai  a4, 31
core   0: 3 0x8000178c (0x877d) x14 0x00000000
core   0: 0x8000178e (0xb5d0ed13) ori     s10, ra, -1187
core   0: 3 0x8000178e (0xb5d0ed13) x26 0xfffffffd
core   0: 0x80001792 (0x00000926) c.slli  s2, 9
core   0: 3 0x80001792 (0x0926) x18 0x00003400
core   0: 0x80001794 (0x00001794) c.addi4spn a3, sp, 992
core   0: 3 0x80001794 (0x1794) x13 0x020c3f86
core   0: 0x80001796 (0x00971a93) slli    s5, a4, 9
core   0: 3 0x80001796 (0x00971a93) x21 0x00000000
core   0: 0x8000179a (0x03ad9d33) mulh    s10, s11, s10
core   0: 3 0x8000179a (0x03ad9d33) x26 0xffffffff
core   0: 0x8000179e (0x00009496) c.add   s1, t0
core   0: 3 0x8000179e (0x9496) x 9 0x00000719
core   0: 0x800017a0 (0x036af533) remu    a0, s5, s6
core   0: 3 0x800017a0 (0x036af533) x10 0x00000000
core   0: 0x800017a4 (0xd0fa4d17) auipc   s10, 0xd0fa4
core   0: 3 0x800017a4 (0xd0fa4d17) x26 0x50fa57a4
core   0: 0x800017a8 (0x0000717d) c.addi16sp sp, -16
core   0: 3 0x800017a8 (0x717d) x 2 0x020c3b96
core   0: 0x800017aa (0x000085c1) c.srai  a1, 16
core   0: 3 0x800017aa (0x85c1) x11 0x00000000
core   0: 0x800017ac (0x007d1cb3) sll     s9, s10, t2
core   0: 3 0x800017ac (0x007d1cb3) x25 0x80000000
core   0: 0x800017b0 (0xdc3d2393) slti    t2, s10, -573
core   0: 3 0x800017b0 (0xdc3d2393) x 7 0x00000000
core   0: 0x800017b4 (0x7fcf9b17) auipc   s6, 0x7fcf9
core   0: 3 0x800017b4 (0x7fcf9b17) x22 0xffcfa7b4
core   0: 0x800017b8 (0x000018f1) c.addi  a7, -4
core   0: 3 0x800017b8 (0x18f1) x17 0xfffffffe
core   0: 0x800017ba (0x00008d59) c.or    a0, a4
core   0: 3 0x800017ba (0x8d59) x10 0x00000000
core   0: 0x800017bc (0x00008ee5) c.and   a3, s1
core   0: 3 0x800017bc (0x8ee5) x13 0x00000700
core   0: 0x800017be (0x0000717d) c.addi16sp sp, -16
core   0: 3 0x800017be (0x717d) x 2 0x020c3b86
core   0: 0x800017c0 (0x00008d6d) c.and   a0, a1
core   0: 3 0x800017c0 (0x8d6d) x10 0x00000000
core   0: 0x800017c2 (0x10948693) addi    a3, s1, 265
core   0: 3 0x800017c2 (0x10948693) x13 0x00000822
core   0: 0x800017c6 (0x0172dfb3) srl     t6, t0, s7
core   0: 3 0x800017c6 (0x0172dfb3) x31 0x0000000b
core   0: 0x800017ca (0x00006d0d) c.lui   s10, 0x3
core   0: 3 0x800017ca (0x6d0d) x26 0x00003000
core   0: 0x800017cc (0x00000001) c.nop
core   0: 3 0x800017cc (0x0001)
core   0: 0x800017ce (0xfdd8d3e3) bge     a7, t4, pc - 58
core   0: 3 0x800017ce (0xfdd8d3e3)
core   0: 0x80001794 (0x00001794) c.addi4spn a3, sp, 992
core   0: 3 0x80001794 (0x1794) x13 0x020c3f66
core   0: 0x80001796 (0x00971a93) slli    s5, a4, 9
core   0: 3 0x80001796 (0x00971a93) x21 0x00000000
core   0: 0x8000179a (0x03ad9d33) mulh    s10, s11, s10
core   0: 3 0x8000179a (0x03ad9d33) x26 0x00000000
core   0: 0x8000179e (0x00009496) c.add   s1, t0
core   0: 3 0x8000179e (0x9496) x 9 0x00000724
core   0: 0x800017a0 (0x036af533) remu    a0, s5, s6
core   0: 3 0x800017a0 (0x036af533) x10 0x00000000
core   0: 0x800017a4 (0xd0fa4d17) auipc   s10, 0xd0fa4
core   0: 3 0x800017a4 (0xd0fa4d17) x26 0x50fa57a4
core   0: 0x800017a8 (0x0000717d) c.addi16sp sp, -16
core   0: 3 0x800017a8 (0x717d) x 2 0x020c3b76
core   0: 0x800017aa (0x000085c1) c.srai  a1, 16
core   0: 3 0x800017aa (0x85c1) x11 0x00000000
core   0: 0x800017ac (0x007d1cb3) sll     s9, s10, t2
core   0: 3 0x800017ac (0x007d1cb3) x25 0x50fa57a4
core   0: 0x800017b0 (0xdc3d2393) slti    t2, s10, -573
core   0: 3 0x800017b0 (0xdc3d2393) x 7 0x00000000
core   0: 0x800017b4 (0x7fcf9b17) auipc   s6, 0x7fcf9
core   0: 3 0x800017b4 (0x7fcf9b17) x22 0xffcfa7b4
core   0: 0x800017b8 (0x000018f1) c.addi  a7, -4
core   0: 3 0x800017b8 (0x18f1) x17 0xfffffffa
core   0: 0x800017ba (0x00008d59) c.or    a0, a4
core   0: 3 0x800017ba (0x8d59) x10 0x00000000
core   0: 0x800017bc (0x00008ee5) c.and   a3, s1
core   0: 3 0x800017bc (0x8ee5) x13 0x00000724
core   0: 0x800017be (0x0000717d) c.addi16sp sp, -16
core   0: 3 0x800017be (0x717d) x 2 0x020c3b66
core   0: 0x800017c0 (0x00008d6d) c.and   a0, a1
core   0: 3 0x800017c0 (0x8d6d) x10 0x00000000
core   0: 0x800017c2 (0x10948693) addi    a3, s1, 265
core   0: 3 0x800017c2 (0x10948693) x13 0x0000082d
core   0: 0x800017c6 (0x0172dfb3) srl     t6, t0, s7
core   0: 3 0x800017c6 (0x0172dfb3) x31 0x0000000b
core   0: 0x800017ca (0x00006d0d) c.lui   s10, 0x3
core   0: 3 0x800017ca (0x6d0d) x26 0x00003000
core   0: 0x800017cc (0x00000001) c.nop
core   0: 3 0x800017cc (0x0001)
core   0: 0x800017ce (0xfdd8d3e3) bge     a7, t4, pc - 58
core   0: 3 0x800017ce (0xfdd8d3e3)
core   0: 0x80001794 (0x00001794) c.addi4spn a3, sp, 992
core   0: 3 0x80001794 (0x1794) x13 0x020c3f46
core   0: 0x80001796 (0x00971a93) slli    s5, a4, 9
core   0: 3 0x80001796 (0x00971a93) x21 0x00000000
core   0: 0x8000179a (0x03ad9d33) mulh    s10, s11, s10
core   0: 3 0x8000179a (0x03ad9d33) x26 0x00000000
core   0: 0x8000179e (0x00009496) c.add   s1, t0
core   0: 3 0x8000179e (0x9496) x 9 0x0000072f
core   0: 0x800017a0 (0x036af533) remu    a0, s5, s6
core   0: 3 0x800017a0 (0x036af533) x10 0x00000000
core   0: 0x800017a4 (0xd0fa4d17) auipc   s10, 0xd0fa4
core   0: 3 0x800017a4 (0xd0fa4d17) x26 0x50fa57a4
core   0: 0x800017a8 (0x0000717d) c.addi16sp sp, -16
core   0: 3 0x800017a8 (0x717d) x 2 0x020c3b56
core   0: 0x800017aa (0x000085c1) c.srai  a1, 16
core   0: 3 0x800017aa (0x85c1) x11 0x00000000
core   0: 0x800017ac (0x007d1cb3) sll     s9, s10, t2
core   0: 3 0x800017ac (0x007d1cb3) x25 0x50fa57a4
core   0: 0x800017b0 (0xdc3d2393) slti    t2, s10, -573
core   0: 3 0x800017b0 (0xdc3d2393) x 7 0x00000000
core   0: 0x800017b4 (0x7fcf9b17) auipc   s6, 0x7fcf9
core   0: 3 0x800017b4 (0x7fcf9b17) x22 0xffcfa7b4
core   0: 0x800017b8 (0x000018f1) c.addi  a7, -4
core   0: 3 0x800017b8 (0x18f1) x17 0xfffffff6
core   0: 0x800017ba (0x00008d59) c.or    a0, a4
core   0: 3 0x800017ba (0x8d59) x10 0x00000000
core   0: 0x800017bc (0x00008ee5) c.and   a3, s1
core   0: 3 0x800017bc (0x8ee5) x13 0x00000706
core   0: 0x800017be (0x0000717d) c.addi16sp sp, -16
core   0: 3 0x800017be (0x717d) x 2 0x020c3b46
core   0: 0x800017c0 (0x00008d6d) c.and   a0, a1
core   0: 3 0x800017c0 (0x8d6d) x10 0x00000000
core   0: 0x800017c2 (0x10948693) addi    a3, s1, 265
core   0: 3 0x800017c2 (0x10948693) x13 0x00000838
core   0: 0x800017c6 (0x0172dfb3) srl     t6, t0, s7
core   0: 3 0x800017c6 (0x0172dfb3) x31 0x0000000b
core   0: 0x800017ca (0x00006d0d) c.lui   s10, 0x3
core   0: 3 0x800017ca (0x6d0d) x26 0x00003000
core   0: 0x800017cc (0x00000001) c.nop
core   0: 3 0x800017cc (0x0001)
core   0: 0x800017ce (0xfdd8d3e3) bge     a7, t4, pc - 58
core   0: 3 0x800017ce (0xfdd8d3e3)
core   0: 0x80001794 (0x00001794) c.addi4spn a3, sp, 992
core   0: 3 0x80001794 (0x1794) x13 0x020c3f26
core   0: 0x80001796 (0x00971a93) slli    s5, a4, 9
core   0: 3 0x80001796 (0x00971a93) x21 0x00000000
core   0: 0x8000179a (0x03ad9d33) mulh    s10, s11, s10
core   0: 3 0x8000179a (0x03ad9d33) x26 0x00000000
core   0: 0x8000179e (0x00009496) c.add   s1, t0
core   0: 3 0x8000179e (0x9496) x 9 0x0000073a
core   0: 0x800017a0 (0x036af533) remu    a0, s5, s6
core   0: 3 0x800017a0 (0x036af533) x10 0x00000000
core   0: 0x800017a4 (0xd0fa4d17) auipc   s10, 0xd0fa4
core   0: 3 0x800017a4 (0xd0fa4d17) x26 0x50fa57a4
core   0: 0x800017a8 (0x0000717d) c.addi16sp sp, -16
core   0: 3 0x800017a8 (0x717d) x 2 0x020c3b36
core   0: 0x800017aa (0x000085c1) c.srai  a1, 16
core   0: 3 0x800017aa (0x85c1) x11 0x00000000
core   0: 0x800017ac (0x007d1cb3) sll     s9, s10, t2
core   0: 3 0x800017ac (0x007d1cb3) x25 0x50fa57a4
core   0: 0x800017b0 (0xdc3d2393) slti    t2, s10, -573
core   0: 3 0x800017b0 (0xdc3d2393) x 7 0x00000000
core   0: 0x800017b4 (0x7fcf9b17) auipc   s6, 0x7fcf9
core   0: 3 0x800017b4 (0x7fcf9b17) x22 0xffcfa7b4
core   0: 0x800017b8 (0x000018f1) c.addi  a7, -4
core   0: 3 0x800017b8 (0x18f1) x17 0xfffffff2
core   0: 0x800017ba (0x00008d59) c.or    a0, a4
core   0: 3 0x800017ba (0x8d59) x10 0x00000000
core   0: 0x800017bc (0x00008ee5) c.and   a3, s1
core   0: 3 0x800017bc (0x8ee5) x13 0x00000722
core   0: 0x800017be (0x0000717d) c.addi16sp sp, -16
core   0: 3 0x800017be (0x717d) x 2 0x020c3b26
core   0: 0x800017c0 (0x00008d6d) c.and   a0, a1
core   0: 3 0x800017c0 (0x8d6d) x10 0x00000000
core   0: 0x800017c2 (0x10948693) addi    a3, s1, 265
core   0: 3 0x800017c2 (0x10948693) x13 0x00000843
core   0: 0x800017c6 (0x0172dfb3) srl     t6, t0, s7
core   0: 3 0x800017c6 (0x0172dfb3) x31 0x0000000b
core   0: 0x800017ca (0x00006d0d) c.lui   s10, 0x3
core   0: 3 0x800017ca (0x6d0d) x26 0x00003000
core   0: 0x800017cc (0x00000001) c.nop
core   0: 3 0x800017cc (0x0001)
core   0: 0x800017ce (0xfdd8d3e3) bge     a7, t4, pc - 58
core   0: 3 0x800017ce (0xfdd8d3e3)
core   0: 0x80001794 (0x00001794) c.addi4spn a3, sp, 992
core   0: 3 0x80001794 (0x1794) x13 0x020c3f06
core   0: 0x80001796 (0x00971a93) slli    s5, a4, 9
core   0: 3 0x80001796 (0x00971a93) x21 0x00000000
core   0: 0x8000179a (0x03ad9d33) mulh    s10, s11, s10
core   0: 3 0x8000179a (0x03ad9d33) x26 0x00000000
core   0: 0x8000179e (0x00009496) c.add   s1, t0
core   0: 3 0x8000179e (0x9496) x 9 0x00000745
core   0: 0x800017a0 (0x036af533) remu    a0, s5, s6
core   0: 3 0x800017a0 (0x036af533) x10 0x00000000
core   0: 0x800017a4 (0xd0fa4d17) auipc   s10, 0xd0fa4
core   0: 3 0x800017a4 (0xd0fa4d17) x26 0x50fa57a4
core   0: 0x800017a8 (0x0000717d) c.addi16sp sp, -16
core   0: 3 0x800017a8 (0x717d) x 2 0x020c3b16
core   0: 0x800017aa (0x000085c1) c.srai  a1, 16
core   0: 3 0x800017aa (0x85c1) x11 0x00000000
core   0: 0x800017ac (0x007d1cb3) sll     s9, s10, t2
core   0: 3 0x800017ac (0x007d1cb3) x25 0x50fa57a4
core   0: 0x800017b0 (0xdc3d2393) slti    t2, s10, -573
core   0: 3 0x800017b0 (0xdc3d2393) x 7 0x00000000
core   0: 0x800017b4 (0x7fcf9b17) auipc   s6, 0x7fcf9
core   0: 3 0x800017b4 (0x7fcf9b17) x22 0xffcfa7b4
core   0: 0x800017b8 (0x000018f1) c.addi  a7, -4
core   0: 3 0x800017b8 (0x18f1) x17 0xffffffee
core   0: 0x800017ba (0x00008d59) c.or    a0, a4
core   0: 3 0x800017ba (0x8d59) x10 0x00000000
core   0: 0x800017bc (0x00008ee5) c.and   a3, s1
core   0: 3 0x800017bc (0x8ee5) x13 0x00000704
core   0: 0x800017be (0x0000717d) c.addi16sp sp, -16
core   0: 3 0x800017be (0x717d) x 2 0x020c3b06
core   0: 0x800017c0 (0x00008d6d) c.and   a0, a1
core   0: 3 0x800017c0 (0x8d6d) x10 0x00000000
core   0: 0x800017c2 (0x10948693) addi    a3, s1, 265
core   0: 3 0x800017c2 (0x10948693) x13 0x0000084e
core   0: 0x800017c6 (0x0172dfb3) srl     t6, t0, s7
core   0: 3 0x800017c6 (0x0172dfb3) x31 0x0000000b
core   0: 0x800017ca (0x00006d0d) c.lui   s10, 0x3
core   0: 3 0x800017ca (0x6d0d) x26 0x00003000
core   0: 0x800017cc (0x00000001) c.nop
core   0: 3 0x800017cc (0x0001)
core   0: 0x800017ce (0xfdd8d3e3) bge     a7, t4, pc - 58
core   0: 3 0x800017ce (0xfdd8d3e3)
core   0: 0x800017d2 (0x0139bbb3) sltu    s7, s3, s3
core   0: 3 0x800017d2 (0x0139bbb3) x23 0x00000000
core   0: 0x800017d6 (0xffc00513) li      a0, -4
core   0: 3 0x800017d6 (0xffc00513) x10 0xfffffffc
core   0: 0x800017da (0x0000100f) fence.i
core   0: 3 0x800017da (0x0000100f)
core   0: 0x800017de (0x00c00e13) li      t3, 12
core   0: 3 0x800017de (0x00c00e13) x28 0x0000000c
core   0: 0x800017e2 (0x000088c1) c.andi  s1, 16
core   0: 3 0x800017e2 (0x88c1) x 9 0x00000000
core   0: 0x800017e4 (0x010288b3) add     a7, t0, a6
core   0: 3 0x800017e4 (0x010288b3) x17 0x00000015
core   0: 0x800017e8 (0x00000ffe) c.slli  t6, 31
core   0: 3 0x800017e8 (0x0ffe) x31 0x80000000
core   0: 0x800017ea (0x000085e9) c.srai  a1, 26
core   0: 3 0x800017ea (0x85e9) x11 0x00000000
core   0: 0x800017ec (0x00000509) c.addi  a0, 2
core   0: 3 0x800017ec (0x0509) x10 0xfffffffe
core   0: 0x800017ee (0xd3792637) lui     a2, 0xd3792
core   0: 3 0x800017ee (0xd3792637) x12 0xd3792000
core   0: 0x800017f2 (0x00a00413) li      s0, 10
core   0: 3 0x800017f2 (0x00a00413) x 8 0x0000000a
core   0: 0x800017f6 (0x00008ecd) c.or    a3, a1
core   0: 3 0x800017f6 (0x8ecd) x13 0x0000084e
core   0: 0x800017f8 (0x00008dd1) c.or    a1, a2
core   0: 3 0x800017f8 (0x8dd1) x11 0xd3792000
core   0: 0x800017fa (0x0ef38f13) addi    t5, t2, 239
core   0: 3 0x800017fa (0x0ef38f13) x30 0x000000ef
core   0: 0x800017fe (0x00a00093) li      ra, 10
core   0: 3 0x800017fe (0x00a00093) x 1 0x0000000a
core   0: 0x80001802 (0x0000128c) c.addi4spn a1, sp, 352
core   0: 3 0x80001802 (0x128c) x11 0x020c3c66
core   0: 0x80001804 (0x000011fd) c.addi  gp, -1
core   0: 3 0x80001804 (0x11fd) x 3 0xfffff8d2
core   0: 0x80001806 (0x0000016e) c.slli  sp, 27
core   0: 3 0x80001806 (0x016e) x 2 0x30000000
core   0: 0x80001808 (0xedbb4a93) xori    s5, s6, -293
core   0: 3 0x80001808 (0xedbb4a93) x21 0x0030596f
core   0: 0x8000180c (0x022d7033) remu    zero, s10, sp
core   0: 3 0x8000180c (0x022d7033)
core   0: 0x80001810 (0x40e153b3) sra     t2, sp, a4
core   0: 3 0x80001810 (0x40e153b3) x 7 0x30000000
core   0: 0x80001814 (0x0000145d) c.addi  s0, -9
core   0: 3 0x80001814 (0x145d) x 8 0x00000001
core   0: 0x80001816 (0x0000083e) c.slli  a6, 15
core   0: 3 0x80001816 (0x083e) x16 0x00050000
core   0: 0x80001818 (0x00199113) slli    sp, s3, 1
core   0: 3 0x80001818 (0x00199113) x 2 0x00000000
core   0: 0x8000181c (0xfe1474e3) bgeu    s0, ra, pc - 24
core   0: 3 0x8000181c (0xfe1474e3)
core   0: 0x80001820 (0x466f7f93) andi    t6, t5, 1126
core   0: 3 0x80001820 (0x466f7f93) x31 0x00000066
core   0: 0x80001824 (0x00006149) c.addi16sp sp, 144
core   0: 3 0x80001824 (0x6149) x 2 0x00000090
core   0: 0x80001826 (0x016c5db3) srl     s11, s8, s6
core   0: 3 0x80001826 (0x016c5db3) x27 0x00000fdf
core   0: 0x8000182a (0xfbc50ce3) beq     a0, t3, pc - 72
core   0: 3 0x8000182a (0xfbc50ce3)
core   0: 0x8000182e (0x41f5d713) srai    a4, a1, 31
core   0: 3 0x8000182e (0x41f5d713) x14 0x00000000
core   0: 0x80001832 (0x00a00593) li      a1, 10
core   0: 3 0x80001832 (0x00a00593) x11 0x0000000a
core   0: 0x80001836 (0x000082e9) c.srli  a3, 26
core   0: 3 0x80001836 (0x82e9) x13 0x00000000
core   0: 0x80001838 (0x00006f65) c.lui   t5, 0x19
core   0: 3 0x80001838 (0x6f65) x30 0x00019000
core   0: 0x8000183a (0x03a13733) mulhu   a4, sp, s10
core   0: 3 0x8000183a (0x03a13733) x14 0x00000000
core   0: 0x8000183e (0x035371b3) remu    gp, t1, s5
core   0: 3 0x8000183e (0x035371b3) x 3 0x00000001
core   0: 0x80001842 (0x00a00d13) li      s10, 10
core   0: 3 0x80001842 (0x00a00d13) x26 0x0000000a
core   0: 0x80001846 (0x98f4eb93) ori     s7, s1, -1649
core   0: 3 0x80001846 (0x98f4eb93) x23 0xfffff98f
core   0: 0x8000184a (0x03259cb3) mulh    s9, a1, s2
core   0: 3 0x8000184a (0x03259cb3) x25 0x00000000
core   0: 0x8000184e (0xeb741297) auipc   t0, 0xeb741
core   0: 3 0x8000184e (0xeb741297) x 5 0x6b74284e
core   0: 0x80001852 (0x9eb90437) lui     s0, 0x9eb90
core   0: 3 0x80001852 (0x9eb90437) x 8 0x9eb90000
core   0: 0x80001856 (0x3fda3093) sltiu   ra, s4, 1021
core   0: 3 0x80001856 (0x3fda3093) x 1 0x00000000
core   0: 0x8000185a (0x000015fd) c.addi  a1, -1
core   0: 3 0x8000185a (0x15fd) x11 0x00000009
core   0: 0x8000185c (0x01c921b3) slt     gp, s2, t3
core   0: 3 0x8000185c (0x01c921b3) x 3 0x00000000
core   0: 0x80001860 (0x02c95cb3) divu    s9, s2, a2
core   0: 3 0x80001860 (0x02c95cb3) x25 0x00000000
core   0: 0x80001864 (0x00008779) c.srai  a4, 30
core   0: 3 0x80001864 (0x8779) x14 0x00000000
core   0: 0x80001866 (0x00008d35) c.xor   a0, a3
core   0: 3 0x80001866 (0x8d35) x10 0xfffffffe
core   0: 0x80001868 (0x0ff0000f) fence   iorw,iorw
core   0: 3 0x80001868 (0x0ff0000f)
core   0: 0x8000186c (0x00462433) slt     s0, a2, tp
core   0: 3 0x8000186c (0x00462433) x 8 0x00000001
core   0: 0x80001870 (0x03c63633) mulhu   a2, a2, t3
core   0: 3 0x80001870 (0x03c63633) x12 0x00000009
core   0: 0x80001874 (0xfda5f9e3) bgeu    a1, s10, pc - 46
core   0: 3 0x80001874 (0xfda5f9e3)
core   0: 0x80001878 (0x01d49db3) sll     s11, s1, t4
core   0: 3 0x80001878 (0x01d49db3) x27 0x00000000
core   0: 0x8000187c (0xffa00613) li      a2, -6
core   0: 3 0x8000187c (0xffa00613) x12 0xfffffffa
core   0: 0x80001880 (0x00300313) li      t1, 3
core   0: 3 0x80001880 (0x00300313) x 6 0x00000003
core   0: 0x80001884 (0x000062d9) c.lui   t0, 0x16
core   0: 3 0x80001884 (0x62d9) x 5 0x00016000
core   0: 0x80001886 (0x00000629) c.addi  a2, 10
core   0: 3 0x80001886 (0x0629) x12 0x00000004
core   0: 0x80001888 (0x0000100c) c.addi4spn a1, sp, 32
core   0: 3 0x80001888 (0x100c) x11 0x000000b0
core   0: 0x8000188a (0x00700d93) li      s11, 7
core   0: 3 0x8000188a (0x00700d93) x27 0x00000007
core   0: 0x8000188e (0x00300e13) li      t3, 3
core   0: 3 0x8000188e (0x00300e13) x28 0x00000003
core   0: 0x80001892 (0x0014e5b3) or      a1, s1, ra
core   0: 3 0x80001892 (0x0014e5b3) x11 0x00000000
core   0: 0x80001896 (0x01c5b0b3) sltu    ra, a1, t3
core   0: 3 0x80001896 (0x01c5b0b3) x 1 0x00000001
core   0: 0x8000189a (0x00001de5) c.addi  s11, -7
core   0: 3 0x8000189a (0x1de5) x27 0x00000000
core   0: 0x8000189c (0xffcddbe3) bge     s11, t3, pc - 10
core   0: 3 0x8000189c (0xffcddbe3)
core   0: 0x800018a0 (0xfe6662e3) bltu    a2, t1, pc - 28
core   0: 3 0x800018a0 (0xfe6662e3)
core   0: 0x800018a4 (0x00bbf9b3) and     s3, s7, a1
core   0: 3 0x800018a4 (0x00bbf9b3) x19 0x00000000
core   0: 0x800018a8 (0xffb00413) li      s0, -5
core   0: 3 0x800018a8 (0xffb00413) x 8 0xfffffffb
core   0: 0x800018ac (0x00001cfd) c.addi  s9, -1
core   0: 3 0x800018ac (0x1cfd) x25 0xffffffff
core   0: 0x800018ae (0x01cfd313) srli    t1, t6, 28
core   0: 3 0x800018ae (0x01cfd313) x 6 0x00000000
core   0: 0x800018b2 (0xe22b1617) auipc   a2, 0xe22b1
core   0: 3 0x800018b2 (0xe22b1617) x12 0x622b28b2
core   0: 0x800018b6 (0x00000001) c.nop
core   0: 3 0x800018b6 (0x0001)
core   0: 0x800018b8 (0x000084a1) c.srai  s1, 8
core   0: 3 0x800018b8 (0x84a1) x 9 0x00000000
core   0: 0x800018ba (0x000084ee) c.mv    s1, s11
core   0: 3 0x800018ba (0x84ee) x 9 0x00000000
core   0: 0x800018bc (0x00005e7d) c.li    t3, -1
core   0: 3 0x800018bc (0x5e7d) x28 0xffffffff
core   0: 0x800018be (0x00008db9) c.xor   a1, a4
core   0: 3 0x800018be (0x8db9) x11 0x00000000
core   0: 0x800018c0 (0x00000405) c.addi  s0, 1
core   0: 3 0x800018c0 (0x0405) x 8 0xfffffffc
core   0: 0x800018c2 (0x000082bd) c.srli  a3, 15
core   0: 3 0x800018c2 (0x82bd) x13 0x00000000
core   0: 0x800018c4 (0x00001ffd) c.addi  t6, -1
core   0: 3 0x800018c4 (0x1ffd) x31 0x00000065
core   0: 0x800018c6 (0x0253d0b3) divu    ra, t2, t0
core   0: 3 0x800018c6 (0x0253d0b3) x 1 0x000022e8
core   0: 0x800018ca (0x0000d86d) c.beqz  s0, pc - 14
core   0: 3 0x800018ca (0xd86d)
core   0: 0x800018cc (0x00001598) c.addi4spn a4, sp, 736
core   0: 3 0x800018cc (0x1598) x14 0x00000370
core   0: 0x800018ce (0xff800513) li      a0, -8
core   0: 3 0x800018ce (0xff800513) x10 0xfffffff8
core   0: 0x800018d2 (0x00008d91) c.sub   a1, a2
core   0: 3 0x800018d2 (0x8d91) x11 0x9dd4d74e
core   0: 0x800018d4 (0x00008f1d) c.sub   a4, a5
core   0: 3 0x800018d4 (0x8f1d) x14 0x7ffde50c
core   0: 0x800018d6 (0x7652b193) sltiu   gp, t0, 1893
core   0: 3 0x800018d6 (0x7652b193) x 3 0x00000000
core   0: 0x800018da (0x02955733) divu    a4, a0, s1
core   0: 3 0x800018da (0x02955733) x14 0xffffffff
core   0: 0x800018de (0x01c465b3) or      a1, s0, t3
core   0: 3 0x800018de (0x01c465b3) x11 0xffffffff
core   0: 0x800018e2 (0x00000001) c.nop
core   0: 3 0x800018e2 (0x0001)
core   0: 0x800018e4 (0x0ff0000f) fence   iorw,iorw
core   0: 3 0x800018e4 (0x0ff0000f)
core   0: 0x800018e8 (0x366a4693) xori    a3, s4, 870
core   0: 3 0x800018e8 (0x366a4693) x13 0x80025f82
core   0: 0x800018ec (0x000086a9) c.srai  a3, 10
core   0: 3 0x800018ec (0x86a9) x13 0xffe00097
core   0: 0x800018ee (0x00000b0d) c.addi  s6, 3
core   0: 3 0x800018ee (0x0b0d) x22 0xffcfa7b7
core   0: 0x800018f0 (0x00000001) c.nop
core   0: 3 0x800018f0 (0x0001)
core   0: 0x800018f2 (0x03ef96b3) mulh    a3, t6, t5
core   0: 3 0x800018f2 (0x03ef96b3) x13 0x00000000
core   0: 0x800018f6 (0x00000505) c.addi  a0, 1
core   0: 3 0x800018f6 (0x0505) x10 0xfffffff9
core   0: 0x800018f8 (0x01c43433) sltu    s0, s0, t3
core   0: 3 0x800018f8 (0x01c43433) x 8 0x00000001
core   0: 0x800018fc (0x00000390) c.addi4spn a2, sp, 448
core   0: 3 0x800018fc (0x0390) x12 0x00000250
core   0: 0x800018fe (0x03299233) mulh    tp, s3, s2
core   0: 3 0x800018fe (0x03299233) x 4 0x00000000
core   0: 0x80001902 (0x02717433) remu    s0, sp, t2
core   0: 3 0x80001902 (0x02717433) x 8 0x00000090
core   0: 0x80001906 (0x05103c93) sltiu   s9, zero, 81
core   0: 3 0x80001906 (0x05103c93) x25 0x00000001
core   0: 0x8000190a (0x00000001) c.nop
core   0: 3 0x8000190a (0x0001)
core   0: 0x8000190c (0x1b8fe693) ori     a3, t6, 440
core   0: 3 0x8000190c (0x1b8fe693) x13 0x000001fd
core   0: 0x80001910 (0x0000d165) c.beqz  a0, pc - 32
core   0: 3 0x80001910 (0xd165)
core   0: 0x80001912 (0xba7ade37) lui     t3, 0xba7ad
core   0: 3 0x80001912 (0xba7ade37) x28 0xba7ad000
core   0: 0x80001916 (0xff600613) li      a2, -10
core   0: 3 0x80001916 (0xff600613) x12 0xfffffff6
core   0: 0x8000191a (0x00000001) c.nop
core   0: 3 0x8000191a (0x0001)
core   0: 0x8000191c (0x01618db3) add     s11, gp, s6
core   0: 3 0x8000191c (0x01618db3) x27 0xffcfa7b7
core   0: 0x80001920 (0x00000605) c.addi  a2, 1
core   0: 3 0x80001920 (0x0605) x12 0xfffffff7
core   0: 0x80001922 (0x0000de6d) c.beqz  a2, pc - 6
core   0: 3 0x80001922 (0xde6d)
core   0: 0x80001924 (0xd8f70413) addi    s0, a4, -625
core   0: 3 0x80001924 (0xd8f70413) x 8 0xfffffd8e
core   0: 0x80001928 (0x00300513) li      a0, 3
core   0: 3 0x80001928 (0x00300513) x10 0x00000003
core   0: 0x8000192c (0x00008a31) c.andi  a2, 12
core   0: 3 0x8000192c (0x8a31) x12 0x00000004
core   0: 0x8000192e (0x0000717d) c.addi16sp sp, -16
core   0: 3 0x8000192e (0x717d) x 2 0x00000080
core   0: 0x80001930 (0x01300a93) li      s5, 19
core   0: 3 0x80001930 (0x01300a93) x21 0x00000013
core   0: 0x80001934 (0x00c836b3) sltu    a3, a6, a2
core   0: 3 0x80001934 (0x00c836b3) x13 0x00000000
core   0: 0x80001938 (0x0000717d) c.addi16sp sp, -16
core   0: 3 0x80001938 (0x717d) x 2 0x00000070
core   0: 0x8000193a (0x00008d85) c.sub   a1, s1
core   0: 3 0x8000193a (0x8d85) x11 0xffffffff
core   0: 0x8000193c (0x02b23833) mulhu   a6, tp, a1
core   0: 3 0x8000193c (0x02b23833) x16 0x00000000
core   0: 0x80001940 (0x00000529) c.addi  a0, 10
core   0: 3 0x80001940 (0x0529) x10 0x0000000d
core   0: 0x80001942 (0x03d875b3) remu    a1, a6, t4
core   0: 3 0x80001942 (0x03d875b3) x11 0x00000000
core   0: 0x80001946 (0xff5567e3) bltu    a0, s5, pc - 18
core   0: 3 0x80001946 (0xff5567e3)
core   0: 0x80001934 (0x00c836b3) sltu    a3, a6, a2
core   0: 3 0x80001934 (0x00c836b3) x13 0x00000001
core   0: 0x80001938 (0x0000717d) c.addi16sp sp, -16
core   0: 3 0x80001938 (0x717d) x 2 0x00000060
core   0: 0x8000193a (0x00008d85) c.sub   a1, s1
core   0: 3 0x8000193a (0x8d85) x11 0x00000000
core   0: 0x8000193c (0x02b23833) mulhu   a6, tp, a1
core   0: 3 0x8000193c (0x02b23833) x16 0x00000000
core   0: 0x80001940 (0x00000529) c.addi  a0, 10
core   0: 3 0x80001940 (0x0529) x10 0x00000017
core   0: 0x80001942 (0x03d875b3) remu    a1, a6, t4
core   0: 3 0x80001942 (0x03d875b3) x11 0x00000000
core   0: 0x80001946 (0xff5567e3) bltu    a0, s5, pc - 18
core   0: 3 0x80001946 (0xff5567e3)
core   0: 0x8000194a (0x0ff0000f) fence   iorw,iorw
core   0: 3 0x8000194a (0x0ff0000f)
core   0: 0x8000194e (0xfff00513) li      a0, -1
core   0: 3 0x8000194e (0xfff00513) x10 0xffffffff
core   0: 0x80001952 (0x00000001) c.nop
core   0: 3 0x80001952 (0x0001)
core   0: 0x80001954 (0x03eab933) mulhu   s2, s5, t5
core   0: 3 0x80001954 (0x03eab933) x18 0x00000000
core   0: 0x80001958 (0x00000505) c.addi  a0, 1
core   0: 3 0x80001958 (0x0505) x10 0x00000000
core   0: 0x8000195a (0x0000dd6d) c.beqz  a0, pc - 6
core   0: 3 0x8000195a (0xdd6d)
core   0: 0x80001954 (0x03eab933) mulhu   s2, s5, t5
core   0: 3 0x80001954 (0x03eab933) x18 0x00000000
core   0: 0x80001958 (0x00000505) c.addi  a0, 1
core   0: 3 0x80001958 (0x0505) x10 0x00000001
core   0: 0x8000195a (0x0000dd6d) c.beqz  a0, pc - 6
core   0: 3 0x8000195a (0xdd6d)
core   0: 0x8000195c (0x000082e2) c.mv    t0, s8
core   0: 3 0x8000195c (0x82e2) x 5 0xfdf3c45b
core   0: 0x8000195e (0x00300a93) li      s5, 3
core   0: 3 0x8000195e (0x00300a93) x21 0x00000003
core   0: 0x80001962 (0xffd00813) li      a6, -3
core   0: 3 0x80001962 (0xffd00813) x16 0xfffffffd
core   0: 0x80001966 (0x00008e25) c.xor   a2, s1
core   0: 3 0x80001966 (0x8e25) x12 0x00000004
core   0: 0x80001968 (0x00001ae9) c.addi  s5, -6
core   0: 3 0x80001968 (0x1ae9) x21 0xfffffffd
core   0: 0x8000196a (0xff0adee3) bge     s5, a6, pc - 4
core   0: 3 0x8000196a (0xff0adee3)
core   0: 0x80001966 (0x00008e25) c.xor   a2, s1
core   0: 3 0x80001966 (0x8e25) x12 0x00000004
core   0: 0x80001968 (0x00001ae9) c.addi  s5, -6
core   0: 3 0x80001968 (0x1ae9) x21 0xfffffff7
core   0: 0x8000196a (0xff0adee3) bge     s5, a6, pc - 4
core   0: 3 0x8000196a (0xff0adee3)
core   0: 0x8000196e (0x030abbb3) mulhu   s7, s5, a6
core   0: 3 0x8000196e (0x030abbb3) x23 0xfffffff4
core   0: 0x80001972 (0xff600b13) li      s6, -10
core   0: 3 0x80001972 (0xff600b13) x22 0xfffffff6
core   0: 0x80001976 (0xff800413) li      s0, -8
core   0: 3 0x80001976 (0xff800413) x 8 0xfffffff8
core   0: 0x8000197a (0x01612333) slt     t1, sp, s6
core   0: 3 0x8000197a (0x01612333) x 6 0x00000000
core   0: 0x8000197e (0x01c3aab3) slt     s5, t2, t3
core   0: 3 0x8000197e (0x01c3aab3) x21 0x00000000
core   0: 0x80001982 (0x00000b25) c.addi  s6, 9
core   0: 3 0x80001982 (0x0b25) x22 0xffffffff
core   0: 0x80001984 (0xfe8b4be3) blt     s6, s0, pc - 10
core   0: 3 0x80001984 (0xfe8b4be3)
core   0: 0x80001988 (0x00a09813) slli    a6, ra, 10
core   0: 3 0x80001988 (0x00a09813) x16 0x008ba000
core   0: 0x8000198c (0xff600413) li      s0, -10
core   0: 3 0x8000198c (0xff600413) x 8 0xfffffff6
core   0: 0x80001990 (0x00006f4d) c.lui   t5, 0x13
core   0: 3 0x80001990 (0x6f4d) x30 0x00013000
core   0: 0x80001992 (0x027288b3) mul     a7, t0, t2
core   0: 3 0x80001992 (0x027288b3) x17 0x10000000
core   0: 0x80001996 (0xc71ff113) andi    sp, t6, -911
core   0: 3 0x80001996 (0xc71ff113) x 2 0x00000061
core   0: 0x8000199a (0xffd00d13) li      s10, -3
core   0: 3 0x8000199a (0xffd00d13) x26 0xfffffffd
core   0: 0x8000199e (0x01dc0833) add     a6, s8, t4
core   0: 3 0x8000199e (0x01dc0833) x16 0xfdf3c44a
core   0: 0x800019a2 (0x00008ead) c.xor   a3, a1
core   0: 3 0x800019a2 (0x8ead) x13 0x00000001
core   0: 0x800019a4 (0x00005cfd) c.li    s9, -1
core   0: 3 0x800019a4 (0x5cfd) x25 0xffffffff
core   0: 0x800019a6 (0x0ff0000f) fence   iorw,iorw
core   0: 3 0x800019a6 (0x0ff0000f)
core   0: 0x800019aa (0x00000405) c.addi  s0, 1
core   0: 3 0x800019aa (0x0405) x 8 0xfffffff7
core   0: 0x800019ac (0x0194e4b3) or      s1, s1, s9
core   0: 3 0x800019ac (0x0194e4b3) x 9 0xffffffff
core   0: 0x800019b0 (0x00f2d993) srli    s3, t0, 15
core   0: 3 0x800019b0 (0x00f2d993) x19 0x0001fbe7
core   0: 0x800019b4 (0x4139d733) sra     a4, s3, s3
core   0: 3 0x800019b4 (0x4139d733) x14 0x000003f7
core   0: 0x800019b8 (0xb6c90293) addi    t0, s2, -1172
core   0: 3 0x800019b8 (0xb6c90293) x 5 0xfffffb6c
core   0: 0x800019bc (0xffa443e3) blt     s0, s10, pc - 26
core   0: 3 0x800019bc (0xffa443e3)
core   0: 0x800019a2 (0x00008ead) c.xor   a3, a1
core   0: 3 0x800019a2 (0x8ead) x13 0x00000001
core   0: 0x800019a4 (0x00005cfd) c.li    s9, -1
core   0: 3 0x800019a4 (0x5cfd) x25 0xffffffff
core   0: 0x800019a6 (0x0ff0000f) fence   iorw,iorw
core   0: 3 0x800019a6 (0x0ff0000f)
core   0: 0x800019aa (0x00000405) c.addi  s0, 1
core   0: 3 0x800019aa (0x0405) x 8 0xfffffff8
core   0: 0x800019ac (0x0194e4b3) or      s1, s1, s9
core   0: 3 0x800019ac (0x0194e4b3) x 9 0xffffffff
core   0: 0x800019b0 (0x00f2d993) srli    s3, t0, 15
core   0: 3 0x800019b0 (0x00f2d993) x19 0x0001ffff
core   0: 0x800019b4 (0x4139d733) sra     a4, s3, s3
core   0: 3 0x800019b4 (0x4139d733) x14 0x00000000
core   0: 0x800019b8 (0xb6c90293) addi    t0, s2, -1172
core   0: 3 0x800019b8 (0xb6c90293) x 5 0xfffffb6c
core   0: 0x800019bc (0xffa443e3) blt     s0, s10, pc - 26
core   0: 3 0x800019bc (0xffa443e3)
core   0: 0x800019a2 (0x00008ead) c.xor   a3, a1
core   0: 3 0x800019a2 (0x8ead) x13 0x00000001
core   0: 0x800019a4 (0x00005cfd) c.li    s9, -1
core   0: 3 0x800019a4 (0x5cfd) x25 0xffffffff
core   0: 0x800019a6 (0x0ff0000f) fence   iorw,iorw
core   0: 3 0x800019a6 (0x0ff0000f)
core   0: 0x800019aa (0x00000405) c.addi  s0, 1
core   0: 3 0x800019aa (0x0405) x 8 0xfffffff9
core   0: 0x800019ac (0x0194e4b3) or      s1, s1, s9
core   0: 3 0x800019ac (0x0194e4b3) x 9 0xffffffff
core   0: 0x800019b0 (0x00f2d993) srli    s3, t0, 15
core   0: 3 0x800019b0 (0x00f2d993) x19 0x0001ffff
core   0: 0x800019b4 (0x4139d733) sra     a4, s3, s3
core   0: 3 0x800019b4 (0x4139d733) x14 0x00000000
core   0: 0x800019b8 (0xb6c90293) addi    t0, s2, -1172
core   0: 3 0x800019b8 (0xb6c90293) x 5 0xfffffb6c
core   0: 0x800019bc (0xffa443e3) blt     s0, s10, pc - 26
core   0: 3 0x800019bc (0xffa443e3)
core   0: 0x800019a2 (0x00008ead) c.xor   a3, a1
core   0: 3 0x800019a2 (0x8ead) x13 0x00000001
core   0: 0x800019a4 (0x00005cfd) c.li    s9, -1
core   0: 3 0x800019a4 (0x5cfd) x25 0xffffffff
core   0: 0x800019a6 (0x0ff0000f) fence   iorw,iorw
core   0: 3 0x800019a6 (0x0ff0000f)
core   0: 0x800019aa (0x00000405) c.addi  s0, 1
core   0: 3 0x800019aa (0x0405) x 8 0xfffffffa
core   0: 0x800019ac (0x0194e4b3) or      s1, s1, s9
core   0: 3 0x800019ac (0x0194e4b3) x 9 0xffffffff
core   0: 0x800019b0 (0x00f2d993) srli    s3, t0, 15
core   0: 3 0x800019b0 (0x00f2d993) x19 0x0001ffff
core   0: 0x800019b4 (0x4139d733) sra     a4, s3, s3
core   0: 3 0x800019b4 (0x4139d733) x14 0x00000000
core   0: 0x800019b8 (0xb6c90293) addi    t0, s2, -1172
core   0: 3 0x800019b8 (0xb6c90293) x 5 0xfffffb6c
core   0: 0x800019bc (0xffa443e3) blt     s0, s10, pc - 26
core   0: 3 0x800019bc (0xffa443e3)
core   0: 0x800019a2 (0x00008ead) c.xor   a3, a1
core   0: 3 0x800019a2 (0x8ead) x13 0x00000001
core   0: 0x800019a4 (0x00005cfd) c.li    s9, -1
core   0: 3 0x800019a4 (0x5cfd) x25 0xffffffff
core   0: 0x800019a6 (0x0ff0000f) fence   iorw,iorw
core   0: 3 0x800019a6 (0x0ff0000f)
core   0: 0x800019aa (0x00000405) c.addi  s0, 1
core   0: 3 0x800019aa (0x0405) x 8 0xfffffffb
core   0: 0x800019ac (0x0194e4b3) or      s1, s1, s9
core   0: 3 0x800019ac (0x0194e4b3) x 9 0xffffffff
core   0: 0x800019b0 (0x00f2d993) srli    s3, t0, 15
core   0: 3 0x800019b0 (0x00f2d993) x19 0x0001ffff
core   0: 0x800019b4 (0x4139d733) sra     a4, s3, s3
core   0: 3 0x800019b4 (0x4139d733) x14 0x00000000
core   0: 0x800019b8 (0xb6c90293) addi    t0, s2, -1172
core   0: 3 0x800019b8 (0xb6c90293) x 5 0xfffffb6c
core   0: 0x800019bc (0xffa443e3) blt     s0, s10, pc - 26
core   0: 3 0x800019bc (0xffa443e3)
core   0: 0x800019a2 (0x00008ead) c.xor   a3, a1
core   0: 3 0x800019a2 (0x8ead) x13 0x00000001
core   0: 0x800019a4 (0x00005cfd) c.li    s9, -1
core   0: 3 0x800019a4 (0x5cfd) x25 0xffffffff
core   0: 0x800019a6 (0x0ff0000f) fence   iorw,iorw
core   0: 3 0x800019a6 (0x0ff0000f)
core   0: 0x800019aa (0x00000405) c.addi  s0, 1
core   0: 3 0x800019aa (0x0405) x 8 0xfffffffc
core   0: 0x800019ac (0x0194e4b3) or      s1, s1, s9
core   0: 3 0x800019ac (0x0194e4b3) x 9 0xffffffff
core   0: 0x800019b0 (0x00f2d993) srli    s3, t0, 15
core   0: 3 0x800019b0 (0x00f2d993) x19 0x0001ffff
core   0: 0x800019b4 (0x4139d733) sra     a4, s3, s3
core   0: 3 0x800019b4 (0x4139d733) x14 0x00000000
core   0: 0x800019b8 (0xb6c90293) addi    t0, s2, -1172
core   0: 3 0x800019b8 (0xb6c90293) x 5 0xfffffb6c
core   0: 0x800019bc (0xffa443e3) blt     s0, s10, pc - 26
core   0: 3 0x800019bc (0xffa443e3)
core   0: 0x800019a2 (0x00008ead) c.xor   a3, a1
core   0: 3 0x800019a2 (0x8ead) x13 0x00000001
core   0: 0x800019a4 (0x00005cfd) c.li    s9, -1
core   0: 3 0x800019a4 (0x5cfd) x25 0xffffffff
core   0: 0x800019a6 (0x0ff0000f) fence   iorw,iorw
core   0: 3 0x800019a6 (0x0ff0000f)
core   0: 0x800019aa (0x00000405) c.addi  s0, 1
core   0: 3 0x800019aa (0x0405) x 8 0xfffffffd
core   0: 0x800019ac (0x0194e4b3) or      s1, s1, s9
core   0: 3 0x800019ac (0x0194e4b3) x 9 0xffffffff
core   0: 0x800019b0 (0x00f2d993) srli    s3, t0, 15
core   0: 3 0x800019b0 (0x00f2d993) x19 0x0001ffff
core   0: 0x800019b4 (0x4139d733) sra     a4, s3, s3
core   0: 3 0x800019b4 (0x4139d733) x14 0x00000000
core   0: 0x800019b8 (0xb6c90293) addi    t0, s2, -1172
core   0: 3 0x800019b8 (0xb6c90293) x 5 0xfffffb6c
core   0: 0x800019bc (0xffa443e3) blt     s0, s10, pc - 26
core   0: 3 0x800019bc (0xffa443e3)
core   0: 0x800019c0 (0x00171b33) sll     s6, a4, ra
core   0: 3 0x800019c0 (0x00171b33) x22 0x00000000
core   0: 0x800019c4 (0x00600293) li      t0, 6
core   0: 3 0x800019c4 (0x00600293) x 5 0x00000006
core   0: 0x800019c8 (0x037a1d33) mulh    s10, s4, s7
core   0: 3 0x800019c8 (0x037a1d33) x26 0x00000005
core   0: 0x800019cc (0x0357de33) divu    t3, a5, s5
core   0: 3 0x800019cc (0x0357de33) x28 0xffffffff
core   0: 0x800019d0 (0x000081a5) c.srli  a1, 9
core   0: 3 0x800019d0 (0x81a5) x11 0x00000000
core   0: 0x800019d2 (0x38b54817) auipc   a6, 0x38b54
core   0: 3 0x800019d2 (0x38b54817) x16 0xb8b559d2
core   0: 0x800019d6 (0x01100213) li      tp, 17
core   0: 3 0x800019d6 (0x01100213) x 4 0x00000011
core   0: 0x800019da (0x626fabb7) lui     s7, 0x626fa
core   0: 3 0x800019da (0x626fabb7) x23 0x626fa000
core   0: 0x800019de (0x059cacb7) lui     s9, 0x59ca
core   0: 3 0x800019de (0x059cacb7) x25 0x059ca000
core   0: 0x800019e2 (0x0160dd33) srl     s10, ra, s6
core   0: 3 0x800019e2 (0x0160dd33) x26 0x000022e8
core   0: 0x800019e6 (0xa1a9f6b7) lui     a3, 0xa1a9f
core   0: 3 0x800019e6 (0xa1a9f6b7) x13 0xa1a9f000
core   0: 0x800019ea (0xff240313) addi    t1, s0, -14
core   0: 3 0x800019ea (0xff240313) x 6 0xffffffef
core   0: 0x800019ee (0x00006dbd) c.lui   s11, 0xf
core   0: 3 0x800019ee (0x6dbd) x27 0x0000f000
core   0: 0x800019f0 (0xbca76417) auipc   s0, 0xbca76
core   0: 3 0x800019f0 (0xbca76417) x 8 0x3ca779f0
core   0: 0x800019f4 (0x00000289) c.addi  t0, 2
core   0: 3 0x800019f4 (0x0289) x 5 0x00000008
core   0: 0x800019f6 (0x387b8813) addi    a6, s7, 903
core   0: 3 0x800019f6 (0x387b8813) x16 0x626fa387
core   0: 0x800019fa (0x0000100f) fence.i
core   0: 3 0x800019fa (0x0000100f)
core   0: 0x800019fe (0x023c8fb3) mul     t6, s9, gp
core   0: 3 0x800019fe (0x023c8fb3) x31 0x00000000
core   0: 0x80001a02 (0x401e8133) sub     sp, t4, ra
core   0: 3 0x80001a02 (0x401e8133) x 2 0xffffdd07
core   0: 0x80001a06 (0x0ff0000f) fence   iorw,iorw
core   0: 3 0x80001a06 (0x0ff0000f)
core   0: 0x80001a0a (0xfc42eee3) bltu    t0, tp, pc - 36
core   0: 3 0x80001a0a (0xfc42eee3)
core   0: 0x800019e6 (0xa1a9f6b7) lui     a3, 0xa1a9f
core   0: 3 0x800019e6 (0xa1a9f6b7) x13 0xa1a9f000
core   0: 0x800019ea (0xff240313) addi    t1, s0, -14
core   0: 3 0x800019ea (0xff240313) x 6 0x3ca779e2
core   0: 0x800019ee (0x00006dbd) c.lui   s11, 0xf
core   0: 3 0x800019ee (0x6dbd) x27 0x0000f000
core   0: 0x800019f0 (0xbca76417) auipc   s0, 0xbca76
core   0: 3 0x800019f0 (0xbca76417) x 8 0x3ca779f0
core   0: 0x800019f4 (0x00000289) c.addi  t0, 2
core   0: 3 0x800019f4 (0x0289) x 5 0x0000000a
core   0: 0x800019f6 (0x387b8813) addi    a6, s7, 903
core   0: 3 0x800019f6 (0x387b8813) x16 0x626fa387
core   0: 0x800019fa (0x0000100f) fence.i
core   0: 3 0x800019fa (0x0000100f)
core   0: 0x800019fe (0x023c8fb3) mul     t6, s9, gp
core   0: 3 0x800019fe (0x023c8fb3) x31 0x00000000
core   0: 0x80001a02 (0x401e8133) sub     sp, t4, ra
core   0: 3 0x80001a02 (0x401e8133) x 2 0xffffdd07
core   0: 0x80001a06 (0x0ff0000f) fence   iorw,iorw
core   0: 3 0x80001a06 (0x0ff0000f)
core   0: 0x80001a0a (0xfc42eee3) bltu    t0, tp, pc - 36
core   0: 3 0x80001a0a (0xfc42eee3)
core   0: 0x800019e6 (0xa1a9f6b7) lui     a3, 0xa1a9f
core   0: 3 0x800019e6 (0xa1a9f6b7) x13 0xa1a9f000
core   0: 0x800019ea (0xff240313) addi    t1, s0, -14
core   0: 3 0x800019ea (0xff240313) x 6 0x3ca779e2
core   0: 0x800019ee (0x00006dbd) c.lui   s11, 0xf
core   0: 3 0x800019ee (0x6dbd) x27 0x0000f000
core   0: 0x800019f0 (0xbca76417) auipc   s0, 0xbca76
core   0: 3 0x800019f0 (0xbca76417) x 8 0x3ca779f0
core   0: 0x800019f4 (0x00000289) c.addi  t0, 2
core   0: 3 0x800019f4 (0x0289) x 5 0x0000000c
core   0: 0x800019f6 (0x387b8813) addi    a6, s7, 903
core   0: 3 0x800019f6 (0x387b8813) x16 0x626fa387
core   0: 0x800019fa (0x0000100f) fence.i
core   0: 3 0x800019fa (0x0000100f)
core   0: 0x800019fe (0x023c8fb3) mul     t6, s9, gp
core   0: 3 0x800019fe (0x023c8fb3) x31 0x00000000
core   0: 0x80001a02 (0x401e8133) sub     sp, t4, ra
core   0: 3 0x80001a02 (0x401e8133) x 2 0xffffdd07
core   0: 0x80001a06 (0x0ff0000f) fence   iorw,iorw
core   0: 3 0x80001a06 (0x0ff0000f)
core   0: 0x80001a0a (0xfc42eee3) bltu    t0, tp, pc - 36
core   0: 3 0x80001a0a (0xfc42eee3)
core   0: 0x800019e6 (0xa1a9f6b7) lui     a3, 0xa1a9f
core   0: 3 0x800019e6 (0xa1a9f6b7) x13 0xa1a9f000
core   0: 0x800019ea (0xff240313) addi    t1, s0, -14
core   0: 3 0x800019ea (0xff240313) x 6 0x3ca779e2
core   0: 0x800019ee (0x00006dbd) c.lui   s11, 0xf
core   0: 3 0x800019ee (0x6dbd) x27 0x0000f000
core   0: 0x800019f0 (0xbca76417) auipc   s0, 0xbca76
core   0: 3 0x800019f0 (0xbca76417) x 8 0x3ca779f0
core   0: 0x800019f4 (0x00000289) c.addi  t0, 2
core   0: 3 0x800019f4 (0x0289) x 5 0x0000000e
core   0: 0x800019f6 (0x387b8813) addi    a6, s7, 903
core   0: 3 0x800019f6 (0x387b8813) x16 0x626fa387
core   0: 0x800019fa (0x0000100f) fence.i
core   0: 3 0x800019fa (0x0000100f)
core   0: 0x800019fe (0x023c8fb3) mul     t6, s9, gp
core   0: 3 0x800019fe (0x023c8fb3) x31 0x00000000
core   0: 0x80001a02 (0x401e8133) sub     sp, t4, ra
core   0: 3 0x80001a02 (0x401e8133) x 2 0xffffdd07
core   0: 0x80001a06 (0x0ff0000f) fence   iorw,iorw
core   0: 3 0x80001a06 (0x0ff0000f)
core   0: 0x80001a0a (0xfc42eee3) bltu    t0, tp, pc - 36
core   0: 3 0x80001a0a (0xfc42eee3)
core   0: 0x800019e6 (0xa1a9f6b7) lui     a3, 0xa1a9f
core   0: 3 0x800019e6 (0xa1a9f6b7) x13 0xa1a9f000
core   0: 0x800019ea (0xff240313) addi    t1, s0, -14
core   0: 3 0x800019ea (0xff240313) x 6 0x3ca779e2
core   0: 0x800019ee (0x00006dbd) c.lui   s11, 0xf
core   0: 3 0x800019ee (0x6dbd) x27 0x0000f000
core   0: 0x800019f0 (0xbca76417) auipc   s0, 0xbca76
core   0: 3 0x800019f0 (0xbca76417) x 8 0x3ca779f0
core   0: 0x800019f4 (0x00000289) c.addi  t0, 2
core   0: 3 0x800019f4 (0x0289) x 5 0x00000010
core   0: 0x800019f6 (0x387b8813) addi    a6, s7, 903
core   0: 3 0x800019f6 (0x387b8813) x16 0x626fa387
core   0: 0x800019fa (0x0000100f) fence.i
core   0: 3 0x800019fa (0x0000100f)
core   0: 0x800019fe (0x023c8fb3) mul     t6, s9, gp
core   0: 3 0x800019fe (0x023c8fb3) x31 0x00000000
core   0: 0x80001a02 (0x401e8133) sub     sp, t4, ra
core   0: 3 0x80001a02 (0x401e8133) x 2 0xffffdd07
core   0: 0x80001a06 (0x0ff0000f) fence   iorw,iorw
core   0: 3 0x80001a06 (0x0ff0000f)
core   0: 0x80001a0a (0xfc42eee3) bltu    t0, tp, pc - 36
core   0: 3 0x80001a0a (0xfc42eee3)
core   0: 0x800019e6 (0xa1a9f6b7) lui     a3, 0xa1a9f
core   0: 3 0x800019e6 (0xa1a9f6b7) x13 0xa1a9f000
core   0: 0x800019ea (0xff240313) addi    t1, s0, -14
core   0: 3 0x800019ea (0xff240313) x 6 0x3ca779e2
core   0: 0x800019ee (0x00006dbd) c.lui   s11, 0xf
core   0: 3 0x800019ee (0x6dbd) x27 0x0000f000
core   0: 0x800019f0 (0xbca76417) auipc   s0, 0xbca76
core   0: 3 0x800019f0 (0xbca76417) x 8 0x3ca779f0
core   0: 0x800019f4 (0x00000289) c.addi  t0, 2
core   0: 3 0x800019f4 (0x0289) x 5 0x00000012
core   0: 0x800019f6 (0x387b8813) addi    a6, s7, 903
core   0: 3 0x800019f6 (0x387b8813) x16 0x626fa387
core   0: 0x800019fa (0x0000100f) fence.i
core   0: 3 0x800019fa (0x0000100f)
core   0: 0x800019fe (0x023c8fb3) mul     t6, s9, gp
core   0: 3 0x800019fe (0x023c8fb3) x31 0x00000000
core   0: 0x80001a02 (0x401e8133) sub     sp, t4, ra
core   0: 3 0x80001a02 (0x401e8133) x 2 0xffffdd07
core   0: 0x80001a06 (0x0ff0000f) fence   iorw,iorw
core   0: 3 0x80001a06 (0x0ff0000f)
core   0: 0x80001a0a (0xfc42eee3) bltu    t0, tp, pc - 36
core   0: 3 0x80001a0a (0xfc42eee3)
core   0: 0x80001a0e (0x00008c15) c.sub   s0, a3
core   0: 3 0x80001a0e (0x8c15) x 8 0x9afd89f0
core   0: 0x80001a10 (0x00200313) li      t1, 2
core   0: 3 0x80001a10 (0x00200313) x 6 0x00000002
core   0: 0x80001a14 (0x01000593) li      a1, 16
core   0: 3 0x80001a14 (0x01000593) x11 0x00000010
core   0: 0x80001a18 (0x00a4c033) xor     zero, s1, a0
core   0: 3 0x80001a18 (0x00a4c033)
core   0: 0x80001a1c (0x011e6fb3) or      t6, t3, a7
core   0: 3 0x80001a1c (0x011e6fb3) x31 0xffffffff
core   0: 0x80001a20 (0x0227f733) remu    a4, a5, sp
core   0: 3 0x80001a20 (0x0227f733) x14 0x80021e64
core   0: 0x80001a24 (0x00008d5e) c.mv    s10, s7
core   0: 3 0x80001a24 (0x8d5e) x26 0x626fa000
core   0: 0x80001a26 (0x00000311) c.addi  t1, 4
core   0: 3 0x80001a26 (0x0311) x 6 0x00000006
core   0: 0x80001a28 (0x0191d193) srli    gp, gp, 25
core   0: 3 0x80001a28 (0x0191d193) x 3 0x00000000
core   0: 0x80001a2c (0x0238cab3) div     s5, a7, gp
core   0: 3 0x80001a2c (0x0238cab3) x21 0xffffffff
core   0: 0x80001a30 (0x00006509) c.lui   a0, 0x2
core   0: 3 0x80001a30 (0x6509) x10 0x00002000
core   0: 0x80001a32 (0x00000001) c.nop
core   0: 3 0x80001a32 (0x0001)
core   0: 0x80001a34 (0xfeb368e3) bltu    t1, a1, pc - 16
core   0: 3 0x80001a34 (0xfeb368e3)
core   0: 0x80001a24 (0x00008d5e) c.mv    s10, s7
core   0: 3 0x80001a24 (0x8d5e) x26 0x626fa000
core   0: 0x80001a26 (0x00000311) c.addi  t1, 4
core   0: 3 0x80001a26 (0x0311) x 6 0x0000000a
core   0: 0x80001a28 (0x0191d193) srli    gp, gp, 25
core   0: 3 0x80001a28 (0x0191d193) x 3 0x00000000
core   0: 0x80001a2c (0x0238cab3) div     s5, a7, gp
core   0: 3 0x80001a2c (0x0238cab3) x21 0xffffffff
core   0: 0x80001a30 (0x00006509) c.lui   a0, 0x2
core   0: 3 0x80001a30 (0x6509) x10 0x00002000
core   0: 0x80001a32 (0x00000001) c.nop
core   0: 3 0x80001a32 (0x0001)
core   0: 0x80001a34 (0xfeb368e3) bltu    t1, a1, pc - 16
core   0: 3 0x80001a34 (0xfeb368e3)
core   0: 0x80001a24 (0x00008d5e) c.mv    s10, s7
core   0: 3 0x80001a24 (0x8d5e) x26 0x626fa000
core   0: 0x80001a26 (0x00000311) c.addi  t1, 4
core   0: 3 0x80001a26 (0x0311) x 6 0x0000000e
core   0: 0x80001a28 (0x0191d193) srli    gp, gp, 25
core   0: 3 0x80001a28 (0x0191d193) x 3 0x00000000
core   0: 0x80001a2c (0x0238cab3) div     s5, a7, gp
core   0: 3 0x80001a2c (0x0238cab3) x21 0xffffffff
core   0: 0x80001a30 (0x00006509) c.lui   a0, 0x2
core   0: 3 0x80001a30 (0x6509) x10 0x00002000
core   0: 0x80001a32 (0x00000001) c.nop
core   0: 3 0x80001a32 (0x0001)
core   0: 0x80001a34 (0xfeb368e3) bltu    t1, a1, pc - 16
core   0: 3 0x80001a34 (0xfeb368e3)
core   0: 0x80001a24 (0x00008d5e) c.mv    s10, s7
core   0: 3 0x80001a24 (0x8d5e) x26 0x626fa000
core   0: 0x80001a26 (0x00000311) c.addi  t1, 4
core   0: 3 0x80001a26 (0x0311) x 6 0x00000012
core   0: 0x80001a28 (0x0191d193) srli    gp, gp, 25
core   0: 3 0x80001a28 (0x0191d193) x 3 0x00000000
core   0: 0x80001a2c (0x0238cab3) div     s5, a7, gp
core   0: 3 0x80001a2c (0x0238cab3) x21 0xffffffff
core   0: 0x80001a30 (0x00006509) c.lui   a0, 0x2
core   0: 3 0x80001a30 (0x6509) x10 0x00002000
core   0: 0x80001a32 (0x00000001) c.nop
core   0: 3 0x80001a32 (0x0001)
core   0: 0x80001a34 (0xfeb368e3) bltu    t1, a1, pc - 16
core   0: 3 0x80001a34 (0xfeb368e3)
core   0: 0x80001a38 (0x00488133) add     sp, a7, tp
core   0: 3 0x80001a38 (0x00488133) x 2 0x10000011
core   0: 0x80001a3c (0x00500513) li      a0, 5
core   0: 3 0x80001a3c (0x00500513) x10 0x00000005
core   0: 0x80001a40 (0x00e00993) li      s3, 14
core   0: 3 0x80001a40 (0x00e00993) x19 0x0000000e
core   0: 0x80001a44 (0x00008ec1) c.or    a3, s0
core   0: 3 0x80001a44 (0x8ec1) x13 0xbbfdf9f0
core   0: 0x80001a46 (0x00000519) c.addi  a0, 6
core   0: 3 0x80001a46 (0x0519) x10 0x0000000b
core   0: 0x80001a48 (0x00400413) li      s0, 4
core   0: 3 0x80001a48 (0x00400413) x 8 0x00000004
core   0: 0x80001a4c (0x0000717d) c.addi16sp sp, -16
core   0: 3 0x80001a4c (0x717d) x 2 0x10000001
core   0: 0x80001a4e (0xffa00a93) li      s5, -6
core   0: 3 0x80001a4e (0xffa00a93) x21 0xfffffffa
core   0: 0x80001a52 (0x00000001) c.nop
core   0: 3 0x80001a52 (0x0001)
core   0: 0x80001a54 (0xadbdad37) lui     s10, 0xadbda
core   0: 3 0x80001a54 (0xadbdad37) x26 0xadbda000
core   0: 0x80001a58 (0x0066c933) xor     s2, a3, t1
core   0: 3 0x80001a58 (0x0066c933) x18 0xbbfdf9e2
core   0: 0x80001a5c (0x02ed7733) remu    a4, s10, a4
core   0: 3 0x80001a5c (0x02ed7733) x14 0x2dbb819c
core   0: 0x80001a60 (0x00004659) c.li    a2, 22
core   0: 3 0x80001a60 (0x4659) x12 0x00000016
core   0: 0x80001a62 (0x00001479) c.addi  s0, -2
core   0: 3 0x80001a62 (0x1479) x 8 0x00000002
core   0: 0x80001a64 (0xff541ae3) bne     s0, s5, pc - 12
core   0: 3 0x80001a64 (0xff541ae3)
core   0: 0x80001a58 (0x0066c933) xor     s2, a3, t1
core   0: 3 0x80001a58 (0x0066c933) x18 0xbbfdf9e2
core   0: 0x80001a5c (0x02ed7733) remu    a4, s10, a4
core   0: 3 0x80001a5c (0x02ed7733) x14 0x248b1b2c
core   0: 0x80001a60 (0x00004659) c.li    a2, 22
core   0: 3 0x80001a60 (0x4659) x12 0x00000016
core   0: 0x80001a62 (0x00001479) c.addi  s0, -2
core   0: 3 0x80001a62 (0x1479) x 8 0x00000000
core   0: 0x80001a64 (0xff541ae3) bne     s0, s5, pc - 12
core   0: 3 0x80001a64 (0xff541ae3)
core   0: 0x80001a58 (0x0066c933) xor     s2, a3, t1
core   0: 3 0x80001a58 (0x0066c933) x18 0xbbfdf9e2
core   0: 0x80001a5c (0x02ed7733) remu    a4, s10, a4
core   0: 3 0x80001a5c (0x02ed7733) x14 0x1b913350
core   0: 0x80001a60 (0x00004659) c.li    a2, 22
core   0: 3 0x80001a60 (0x4659) x12 0x00000016
core   0: 0x80001a62 (0x00001479) c.addi  s0, -2
core   0: 3 0x80001a62 (0x1479) x 8 0xfffffffe
core   0: 0x80001a64 (0xff541ae3) bne     s0, s5, pc - 12
core   0: 3 0x80001a64 (0xff541ae3)
core   0: 0x80001a58 (0x0066c933) xor     s2, a3, t1
core   0: 3 0x80001a58 (0x0066c933) x18 0xbbfdf9e2
core   0: 0x80001a5c (0x02ed7733) remu    a4, s10, a4
core   0: 3 0x80001a5c (0x02ed7733) x14 0x08566c20
core   0: 0x80001a60 (0x00004659) c.li    a2, 22
core   0: 3 0x80001a60 (0x4659) x12 0x00000016
core   0: 0x80001a62 (0x00001479) c.addi  s0, -2
core   0: 3 0x80001a62 (0x1479) x 8 0xfffffffc
core   0: 0x80001a64 (0xff541ae3) bne     s0, s5, pc - 12
core   0: 3 0x80001a64 (0xff541ae3)
core   0: 0x80001a58 (0x0066c933) xor     s2, a3, t1
core   0: 3 0x80001a58 (0x0066c933) x18 0xbbfdf9e2
core   0: 0x80001a5c (0x02ed7733) remu    a4, s10, a4
core   0: 3 0x80001a5c (0x02ed7733) x14 0x06fd2d80
core   0: 0x80001a60 (0x00004659) c.li    a2, 22
core   0: 3 0x80001a60 (0x4659) x12 0x00000016
core   0: 0x80001a62 (0x00001479) c.addi  s0, -2
core   0: 3 0x80001a62 (0x1479) x 8 0xfffffffa
core   0: 0x80001a64 (0xff541ae3) bne     s0, s5, pc - 12
core   0: 3 0x80001a64 (0xff541ae3)
core   0: 0x80001a68 (0x00000001) c.nop
core   0: 3 0x80001a68 (0x0001)
core   0: 0x80001a6a (0xfd354de3) blt     a0, s3, pc - 38
core   0: 3 0x80001a6a (0xfd354de3)
core   0: 0x80001a44 (0x00008ec1) c.or    a3, s0
core   0: 3 0x80001a44 (0x8ec1) x13 0xfffffffa
core   0: 0x80001a46 (0x00000519) c.addi  a0, 6
core   0: 3 0x80001a46 (0x0519) x10 0x00000011
core   0: 0x80001a48 (0x00400413) li      s0, 4
core   0: 3 0x80001a48 (0x00400413) x 8 0x00000004
core   0: 0x80001a4c (0x0000717d) c.addi16sp sp, -16
core   0: 3 0x80001a4c (0x717d) x 2 0x0ffffff1
core   0: 0x80001a4e (0xffa00a93) li      s5, -6
core   0: 3 0x80001a4e (0xffa00a93) x21 0xfffffffa
core   0: 0x80001a52 (0x00000001) c.nop
core   0: 3 0x80001a52 (0x0001)
core   0: 0x80001a54 (0xadbdad37) lui     s10, 0xadbda
core   0: 3 0x80001a54 (0xadbdad37) x26 0xadbda000
core   0: 0x80001a58 (0x0066c933) xor     s2, a3, t1
core   0: 3 0x80001a58 (0x0066c933) x18 0xffffffe8
core   0: 0x80001a5c (0x02ed7733) remu    a4, s10, a4
core   0: 3 0x80001a5c (0x02ed7733) x14 0x06015c00
core   0: 0x80001a60 (0x00004659) c.li    a2, 22
core   0: 3 0x80001a60 (0x4659) x12 0x00000016
core   0: 0x80001a62 (0x00001479) c.addi  s0, -2
core   0: 3 0x80001a62 (0x1479) x 8 0x00000002
core   0: 0x80001a64 (0xff541ae3) bne     s0, s5, pc - 12
core   0: 3 0x80001a64 (0xff541ae3)
core   0: 0x80001a58 (0x0066c933) xor     s2, a3, t1
core   0: 3 0x80001a58 (0x0066c933) x18 0xffffffe8
core   0: 0x80001a5c (0x02ed7733) remu    a4, s10, a4
core   0: 3 0x80001a5c (0x02ed7733) x14 0x05979000
core   0: 0x80001a60 (0x00004659) c.li    a2, 22
core   0: 3 0x80001a60 (0x4659) x12 0x00000016
core   0: 0x80001a62 (0x00001479) c.addi  s0, -2
core   0: 3 0x80001a62 (0x1479) x 8 0x00000000
core   0: 0x80001a64 (0xff541ae3) bne     s0, s5, pc - 12
core   0: 3 0x80001a64 (0xff541ae3)
core   0: 0x80001a58 (0x0066c933) xor     s2, a3, t1
core   0: 3 0x80001a58 (0x0066c933) x18 0xffffffe8
core   0: 0x80001a5c (0x02ed7733) remu    a4, s10, a4
core   0: 3 0x80001a5c (0x02ed7733) x14 0x00633000
core   0: 0x80001a60 (0x00004659) c.li    a2, 22
core   0: 3 0x80001a60 (0x4659) x12 0x00000016
core   0: 0x80001a62 (0x00001479) c.addi  s0, -2
core   0: 3 0x80001a62 (0x1479) x 8 0xfffffffe
core   0: 0x80001a64 (0xff541ae3) bne     s0, s5, pc - 12
core   0: 3 0x80001a64 (0xff541ae3)
core   0: 0x80001a58 (0x0066c933) xor     s2, a3, t1
core   0: 3 0x80001a58 (0x0066c933) x18 0xffffffe8
core   0: 0x80001a5c (0x02ed7733) remu    a4, s10, a4
core   0: 3 0x80001a5c (0x02ed7733) x14 0x0029a000
core   0: 0x80001a60 (0x00004659) c.li    a2, 22
core   0: 3 0x80001a60 (0x4659) x12 0x00000016
core   0: 0x80001a62 (0x00001479) c.addi  s0, -2
core   0: 3 0x80001a62 (0x1479) x 8 0xfffffffc
core   0: 0x80001a64 (0xff541ae3) bne     s0, s5, pc - 12
core   0: 3 0x80001a64 (0xff541ae3)
core   0: 0x80001a58 (0x0066c933) xor     s2, a3, t1
core   0: 3 0x80001a58 (0x0066c933) x18 0xffffffe8
core   0: 0x80001a5c (0x02ed7733) remu    a4, s10, a4
core   0: 3 0x80001a5c (0x02ed7733) x14 0x00162000
core   0: 0x80001a60 (0x00004659) c.li    a2, 22
core   0: 3 0x80001a60 (0x4659) x12 0x00000016
core   0: 0x80001a62 (0x00001479) c.addi  s0, -2
core   0: 3 0x80001a62 (0x1479) x 8 0xfffffffa
core   0: 0x80001a64 (0xff541ae3) bne     s0, s5, pc - 12
core   0: 3 0x80001a64 (0xff541ae3)
core   0: 0x80001a68 (0x00000001) c.nop
core   0: 3 0x80001a68 (0x0001)
core   0: 0x80001a6a (0xfd354de3) blt     a0, s3, pc - 38
core   0: 3 0x80001a6a (0xfd354de3)
core   0: 0x80001a6e (0x01ee9393) slli    t2, t4, 30
core   0: 3 0x80001a6e (0x01ee9393) x 7 0xc0000000
core   0: 0x80001a72 (0xf2cb4213) xori    tp, s6, -212
core   0: 3 0x80001a72 (0xf2cb4213) x 4 0xffffff2c
core   0: 0x80001a76 (0x00008e69) c.and   a2, a0
core   0: 3 0x80001a76 (0x8e69) x12 0x00000010
core   0: 0x80001a78 (0x03424963) blt     tp, s4, pc + 50
core   0: 3 0x80001a78 (0x03424963)
core   0: 0x80001a7c (0x5daab397) auipc   t2, 0x5daab
core   0: 3 0x80001a7c (0x5daab397) x 7 0xddaaca7c
core   0: 0x80001a80 (0x00ddce33) xor     t3, s11, a3
core   0: 3 0x80001a80 (0x00ddce33) x28 0xffff0ffa
core   0: 0x80001a84 (0x009c83b3) add     t2, s9, s1
core   0: 3 0x80001a84 (0x009c83b3) x 7 0x059c9fff
core   0: 0x80001a88 (0x01f02d33) slt     s10, zero, t6
core   0: 3 0x80001a88 (0x01f02d33) x26 0x00000000
core   0: 0x80001a8c (0x0000e0b1) c.bnez  s1, pc + 68
core   0: 3 0x80001a8c (0xe0b1)
core   0: 0x80001ad0 (0x016a05b3) add     a1, s4, s6
core   0: 3 0x80001ad0 (0x016a05b3) x11 0x80025ce4
core   0: 0x80001ad4 (0x00000001) c.nop
core   0: 3 0x80001ad4 (0x0001)
core   0: 0x80001ad6 (0x00006691) c.lui   a3, 0x4
core   0: 3 0x80001ad6 (0x6691) x13 0x00004000
core   0: 0x80001ad8 (0x03ad6833) rem     a6, s10, s10
core   0: 3 0x80001ad8 (0x03ad6833) x16 0x00000000
core   0: 0x80001adc (0x00b7b6b3) sltu    a3, a5, a1
core   0: 3 0x80001adc (0x00b7b6b3) x13 0x00000001
core   0: 0x80001ae0 (0x02412f33) mulhsu  t5, sp, tp
core   0: 3 0x80001ae0 (0x02412f33) x30 0x0fffffe3
core   0: 0x80001ae4 (0x00008e4d) c.or    a2, a1
core   0: 3 0x80001ae4 (0x8e4d) x12 0x80025cf4
core   0: 0x80001ae6 (0x00008ced) c.and   s1, a1
core   0: 3 0x80001ae6 (0x8ced) x 9 0x80025ce4
core   0: 0x80001ae8 (0x01d47ab3) and     s5, s0, t4
core   0: 3 0x80001ae8 (0x01d47ab3) x21 0xffffffea
core   0: 0x80001aec (0x01926433) or      s0, tp, s9
core   0: 3 0x80001aec (0x01926433) x 8 0xffffff2c
core   0: 0x80001af0 (0x02f49cb3) mulh    s9, s1, a5
core   0: 3 0x80001af0 (0x02f49cb3) x25 0x3ffdc261
core   0: 0x80001af4 (0x0000100f) fence.i
core   0: 3 0x80001af4 (0x0000100f)
core   0: 0x80001af8 (0x0028a933) slt     s2, a7, sp
core   0: 3 0x80001af8 (0x0028a933) x18 0x00000000
core   0: 0x80001afc (0x022552b3) divu    t0, a0, sp
core   0: 3 0x80001afc (0x022552b3) x 5 0x00000000
core   0: 0x80001b00 (0x3dcd0f13) addi    t5, s10, 988
core   0: 3 0x80001b00 (0x3dcd0f13) x30 0x000003dc
core   0: 0x80001b04 (0x34d94697) auipc   a3, 0x34d94
core   0: 3 0x80001b04 (0x34d94697) x13 0xb4d95b04
core   0: 0x80001b08 (0x00008f7d) c.and   a4, a5
core   0: 3 0x80001b08 (0x8f7d) x14 0x00020000
core   0: 0x80001b0a (0x037f40b3) div     ra, t5, s7
core   0: 3 0x80001b0a (0x037f40b3) x 1 0x00000000
core   0: 0x80001b0e (0x03756eb3) rem     t4, a0, s7
core   0: 3 0x80001b0e (0x03756eb3) x29 0x00000011
core   0: 0x80001b12 (0x0000187d) c.addi  a6, -1
core   0: 3 0x80001b12 (0x187d) x16 0xffffffff
core   0: 0x80001b14 (0x017a6e63) bltu    s4, s7, pc + 28
core   0: 3 0x80001b14 (0x017a6e63)
core   0: 0x80001b18 (0x00001f00) c.addi4spn s0, sp, 944
core   0: 3 0x80001b18 (0x1f00) x 8 0x100003a1
core   0: 0x80001b1a (0x07155f97) auipc   t6, 0x7155
core   0: 3 0x80001b1a (0x07155f97) x31 0x87156b1a
core   0: 0x80001b1e (0x01b51813) slli    a6, a0, 27
core   0: 3 0x80001b1e (0x01b51813) x16 0x88000000
core   0: 0x80001b22 (0x0000ef09) c.bnez  a4, pc + 26
core   0: 3 0x80001b22 (0xef09)
core   0: 0x80001b3c (0x00acdd63) bge     s9, a0, pc + 26
core   0: 3 0x80001b3c (0x00acdd63)
core   0: 0x80001b56 (0x0000100f) fence.i
core   0: 3 0x80001b56 (0x0000100f)
core   0: 0x80001b5a (0x00801d93) slli    s11, zero, 8
core   0: 3 0x80001b5a (0x00801d93) x27 0x00000000
core   0: 0x80001b5e (0x79392137) lui     sp, 0x79392
core   0: 3 0x80001b5e (0x79392137) x 2 0x79392000
core   0: 0x80001b62 (0x0000063e) c.slli  a2, 15
core   0: 3 0x80001b62 (0x063e) x12 0x2e7a0000
core   0: 0x80001b64 (0x00bf6663) bltu    t5, a1, pc + 12
core   0: 3 0x80001b64 (0x00bf6663)
core   0: 0x80001b70 (0x00000001) c.nop
core   0: 3 0x80001b70 (0x0001)
core   0: 0x80001b72 (0xf889b337) lui     t1, 0xf889b
core   0: 3 0x80001b72 (0xf889b337) x 6 0xf889b000
core   0: 0x80001b76 (0x00008ec1) c.or    a3, s0
core   0: 3 0x80001b76 (0x8ec1) x13 0xb4d95ba5
core   0: 0x80001b78 (0x0390e863) bltu    ra, s9, pc + 48
core   0: 3 0x80001b78 (0x0390e863)
core   0: 0x80001ba8 (0x09b85e97) auipc   t4, 0x9b85
core   0: 3 0x80001ba8 (0x09b85e97) x29 0x89b86ba8
core   0: 0x80001bac (0x001b4d33) xor     s10, s6, ra
core   0: 3 0x80001bac (0x001b4d33) x26 0x00000000
core   0: 0x80001bb0 (0x01c64cb3) xor     s9, a2, t3
core   0: 3 0x80001bb0 (0x01c64cb3) x25 0xd1850ffa
core   0: 0x80001bb4 (0x09ff8563) beq     t6, t6, pc + 138
core   0: 3 0x80001bb4 (0x09ff8563)
core   0: 0x80001c3e (0x00000001) c.nop
core   0: 3 0x80001c3e (0x0001)
core   0: 0x80001c40 (0xf1e40f93) addi    t6, s0, -226
core   0: 3 0x80001c40 (0xf1e40f93) x31 0x100002bf
core   0: 0x80001c44 (0x02467333) remu    t1, a2, tp
core   0: 3 0x80001c44 (0x02467333) x 6 0x2e7a0000
core   0: 0x80001c48 (0x0267e163) bltu    a5, t1, pc + 34
core   0: 3 0x80001c48 (0x0267e163)
core   0: 0x80001c4c (0x00860a63) beq     a2, s0, pc + 20
core   0: 3 0x80001c4c (0x00860a63)
core   0: 0x80001c50 (0x017af663) bgeu    s5, s7, pc + 12
core   0: 3 0x80001c50 (0x017af663)
core   0: 0x80001c5c (0x035a8ab3) mul     s5, s5, s5
core   0: 3 0x80001c5c (0x035a8ab3) x21 0x000001e4
core   0: 0x80001c60 (0x00c92233) slt     tp, s2, a2
core   0: 3 0x80001c60 (0x00c92233) x 4 0x00000001
core   0: 0x80001c64 (0x21c192b7) lui     t0, 0x21c19
core   0: 3 0x80001c64 (0x21c192b7) x 5 0x21c19000
core   0: 0x80001c68 (0x0000449d) c.li    s1, 7
core   0: 3 0x80001c68 (0x449d) x 9 0x00000007
core   0: 0x80001c6a (0x02832db3) mulhsu  s11, t1, s0
core   0: 3 0x80001c6a (0x02832db3) x27 0x02e7a0a8
core   0: 0x80001c6e (0x00709833) sll     a6, ra, t2
core   0: 3 0x80001c6e (0x00709833) x16 0x00000000
core   0: 0x80001c72 (0x8b54c413) xori    s0, s1, -1867
core   0: 3 0x80001c72 (0x8b54c413) x 8 0xfffff8b2
core   0: 0x80001c76 (0x00006141) c.addi16sp sp, 16
core   0: 3 0x80001c76 (0x6141) x 2 0x79392010
core   0: 0x80001c78 (0x0498e463) bltu    a7, s1, pc + 72
core   0: 3 0x80001c78 (0x0498e463)
core   0: 0x80001c7c (0x00c50ab3) add     s5, a0, a2
core   0: 3 0x80001c7c (0x00c50ab3) x21 0x2e7a0011
core   0: 0x80001c80 (0x0292e133) rem     sp, t0, s1
core   0: 3 0x80001c80 (0x0292e133) x 2 0x00000001
core   0: 0x80001c84 (0x0000100f) fence.i
core   0: 3 0x80001c84 (0x0000100f)
core   0: 0x80001c88 (0x01b1bbb3) sltu    s7, gp, s11
core   0: 3 0x80001c88 (0x01b1bbb3) x23 0x00000001
core   0: 0x80001c8c (0x0000717d) c.addi16sp sp, -16
core   0: 3 0x80001c8c (0x717d) x 2 0xfffffff1
core   0: 0x80001c8e (0x018d5493) srli    s1, s10, 24
core   0: 3 0x80001c8e (0x018d5493) x 9 0x00000000
core   0: 0x80001c92 (0x4f64a993) slti    s3, s1, 1270
core   0: 3 0x80001c92 (0x4f64a993) x19 0x00000001
core   0: 0x80001c96 (0x018c2433) slt     s0, s8, s8
core   0: 3 0x80001c96 (0x018c2433) x 8 0x00000000
core   0: 0x80001c9a (0x02961f33) mulh    t5, a2, s1
core   0: 3 0x80001c9a (0x02961f33) x30 0x00000000
core   0: 0x80001c9e (0x0137f5b3) and     a1, a5, s3
core   0: 3 0x80001c9e (0x0137f5b3) x11 0x00000000
core   0: 0x80001ca2 (0x00705fb3) srl     t6, zero, t2
core   0: 3 0x80001ca2 (0x00705fb3) x31 0x00000000
core   0: 0x80001ca6 (0xba494893) xori    a7, s2, -1116
core   0: 3 0x80001ca6 (0xba494893) x17 0xfffffba4
core   0: 0x80001caa (0x00008cb2) c.mv    s9, a2
core   0: 3 0x80001caa (0x8cb2) x25 0x2e7a0000
core   0: 0x80001cac (0x010bdab3) srl     s5, s7, a6
core   0: 3 0x80001cac (0x010bdab3) x21 0x00000001
core   0: 0x80001cb0 (0x41dc5813) srai    a6, s8, 29
core   0: 3 0x80001cb0 (0x41dc5813) x16 0xffffffff
core   0: 0x80001cb4 (0x02af0233) mul     tp, t5, a0
core   0: 3 0x80001cb4 (0x02af0233) x 4 0x00000000
core   0: 0x80001cb8 (0x0000100f) fence.i
core   0: 3 0x80001cb8 (0x0000100f)
core   0: 0x80001cbc (0xdb397f13) andi    t5, s2, -589
core   0: 3 0x80001cbc (0xdb397f13) x30 0x00000000
core   0: 0x80001cc0 (0x0000831a) c.mv    t1, t1
core   0: 3 0x80001cc0 (0x831a) x 6 0x2e7a0000
core   0: 0x80001cc2 (0xbba399b7) lui     s3, 0xbba39
core   0: 3 0x80001cc2 (0xbba399b7) x19 0xbba39000
core   0: 0x80001cc6 (0x01ece263) bltu    s9, t5, pc + 4
core   0: 3 0x80001cc6 (0x01ece263)
core   0: 0x80001cca (0x02007833) remu    a6, zero, zero
core   0: 3 0x80001cca (0x02007833) x16 0x00000000
core   0: 0x80001cce (0x02d87e33) remu    t3, a6, a3
core   0: 3 0x80001cce (0x02d87e33) x28 0x00000000
core   0: 0x80001cd2 (0x028aed63) bltu    s5, s0, pc + 58
core   0: 3 0x80001cd2 (0x028aed63)
core   0: 0x80001cd6 (0x00008766) c.mv    a4, s9
core   0: 3 0x80001cd6 (0x8766) x14 0x2e7a0000
core   0: 0x80001cd8 (0x019f8663) beq     t6, s9, pc + 12
core   0: 3 0x80001cd8 (0x019f8663)
core   0: 0x80001cdc (0xce347f13) andi    t5, s0, -797
core   0: 3 0x80001cdc (0xce347f13) x30 0x00000000
core   0: 0x80001ce0 (0x75572493) slti    s1, a4, 1877
core   0: 3 0x80001ce0 (0x75572493) x 9 0x00000000
core   0: 0x80001ce4 (0xead95fb7) lui     t6, 0xead95
core   0: 3 0x80001ce4 (0xead95fb7) x31 0xead95000
core   0: 0x80001ce8 (0x00d30e33) add     t3, t1, a3
core   0: 3 0x80001ce8 (0x00d30e33) x28 0xe3535ba5
core   0: 0x80001cec (0x40648933) sub     s2, s1, t1
core   0: 3 0x80001cec (0x40648933) x18 0xd1860000
core   0: 0x80001cf0 (0x00006b55) c.lui   s6, 0x15
core   0: 3 0x80001cf0 (0x6b55) x22 0x00015000
core   0: 0x80001cf2 (0x0301fe33) remu    t3, gp, a6
core   0: 3 0x80001cf2 (0x0301fe33) x28 0x00000000
core   0: 0x80001cf6 (0x036bccb3) div     s9, s7, s6
core   0: 3 0x80001cf6 (0x036bccb3) x25 0x00000000
core   0: 0x80001cfa (0x239a4093) xori    ra, s4, 569
core   0: 3 0x80001cfa (0x239a4093) x 1 0x80025edd
core   0: 0x80001cfe (0x00006d11) c.lui   s10, 0x4
core   0: 3 0x80001cfe (0x6d11) x26 0x00004000
core   0: 0x80001d00 (0x01c5ecb3) or      s9, a1, t3
core   0: 3 0x80001d00 (0x01c5ecb3) x25 0x00000000
core   0: 0x80001d04 (0x032a91b3) mulh    gp, s5, s2
core   0: 3 0x80001d04 (0x032a91b3) x 3 0xffffffff
core   0: 0x80001d08 (0x0000100f) fence.i
core   0: 3 0x80001d08 (0x0000100f)
core   0: 0x80001d0c (0x01e14563) blt     sp, t5, pc + 10
core   0: 3 0x80001d0c (0x01e14563)
core   0: 0x80001d16 (0x00000690) c.addi4spn a2, sp, 832
core   0: 3 0x80001d16 (0x0690) x12 0x00000331
core   0: 0x80001d18 (0x00008ead) c.xor   a3, a1
core   0: 3 0x80001d18 (0x8ead) x13 0xb4d95ba5
core   0: 0x80001d1a (0x0000894e) c.mv    s2, s3
core   0: 3 0x80001d1a (0x894e) x18 0xbba39000
core   0: 0x80001d1c (0x72330f13) addi    t5, t1, 1827
core   0: 3 0x80001d1c (0x72330f13) x30 0x2e7a0723
core   0: 0x80001d20 (0x40970eb3) sub     t4, a4, s1
core   0: 3 0x80001d20 (0x40970eb3) x29 0x2e7a0000
core   0: 0x80001d24 (0x03655833) divu    a6, a0, s6
core   0: 3 0x80001d24 (0x03655833) x16 0x00000000
core   0: 0x80001d28 (0x01d99f93) slli    t6, s3, 29
core   0: 3 0x80001d28 (0x01d99f93) x31 0x00000000
core   0: 0x80001d2c (0x00000d04) c.addi4spn s1, sp, 656
core   0: 3 0x80001d2c (0x0d04) x 9 0x00000281
core   0: 0x80001d2e (0x000081d5) c.srli  a1, 21
core   0: 3 0x80001d2e (0x81d5) x11 0x00000000
core   0: 0x80001d30 (0x408b0733) sub     a4, s6, s0
core   0: 3 0x80001d30 (0x408b0733) x14 0x00015000
core   0: 0x80001d34 (0x00000001) c.nop
core   0: 3 0x80001d34 (0x0001)
core   0: 0x80001d36 (0x01515913) srli    s2, sp, 21
core   0: 3 0x80001d36 (0x01515913) x18 0x000007ff
core   0: 0x80001d3a (0x401c5b33) sra     s6, s8, ra
core   0: 3 0x80001d3a (0x401c5b33) x22 0xffffffff
core   0: 0x80001d3e (0x00000cba) c.slli  s9, 14
core   0: 3 0x80001d3e (0x0cba) x25 0x00000000
core   0: 0x80001d40 (0x036f73b3) remu    t2, t5, s6
core   0: 3 0x80001d40 (0x036f73b3) x 7 0x2e7a0723
core   0: 0x80001d44 (0x3900cc93) xori    s9, ra, 912
core   0: 3 0x80001d44 (0x3900cc93) x25 0x80025d4d
core   0: 0x80001d48 (0x01774963) blt     a4, s7, pc + 18
core   0: 3 0x80001d48 (0x01774963)
core   0: 0x80001d4c (0x00000c99) c.addi  s9, 6
core   0: 3 0x80001d4c (0x0c99) x25 0x80025d53
core   0: 0x80001d4e (0x635bbf13) sltiu   t5, s7, 1589
core   0: 3 0x80001d4e (0x635bbf13) x30 0x00000001
core   0: 0x80001d52 (0x7375f013) andi    zero, a1, 1847
core   0: 3 0x80001d52 (0x7375f013)
core   0: 0x80001d56 (0x00355fb3) srl     t6, a0, gp
core   0: 3 0x80001d56 (0x00355fb3) x31 0x00000000
core   0: 0x80001d5a (0x3bf64113) xori    sp, a2, 959
core   0: 3 0x80001d5a (0x3bf64113) x 2 0x0000008e
core   0: 0x80001d5e (0x414a81b3) sub     gp, s5, s4
core   0: 3 0x80001d5e (0x414a81b3) x 3 0x7ffda31d
core   0: 0x80001d62 (0x009f9b33) sll     s6, t6, s1
core   0: 3 0x80001d62 (0x009f9b33) x22 0x00000000
core   0: 0x80001d66 (0x0ff0000f) fence   iorw,iorw
core   0: 3 0x80001d66 (0x0ff0000f)
core   0: 0x80001d6a (0x03a62133) mulhsu  sp, a2, s10
core   0: 3 0x80001d6a (0x03a62133) x 2 0x00000000
core   0: 0x80001d6e (0x02f8ee33) rem     t3, a7, a5
core   0: 3 0x80001d6e (0x02f8ee33) x28 0xfffffba4
core   0: 0x80001d72 (0x00008161) c.srli  a0, 24
core   0: 3 0x80001d72 (0x8161) x10 0x00000000
core   0: 0x80001d74 (0x41ee5733) sra     a4, t3, t5
core   0: 3 0x80001d74 (0x41ee5733) x14 0xfffffdd2
core   0: 0x80001d78 (0x00008e39) c.xor   a2, a4
core   0: 3 0x80001d78 (0x8e39) x12 0xfffffee3
core   0: 0x80001d7a (0x01283133) sltu    sp, a6, s2
core   0: 3 0x80001d7a (0x01283133) x 2 0x00000001
core   0: 0x80001d7e (0x005795b3) sll     a1, a5, t0
core   0: 3 0x80001d7e (0x005795b3) x11 0x80021e64
core   0: 0x80001d82 (0x000089da) c.mv    s3, s6
core   0: 3 0x80001d82 (0x89da) x19 0x00000000
core   0: 0x80001d84 (0x00008c19) c.sub   s0, a4
core   0: 3 0x80001d84 (0x8c19) x 8 0x0000022e
core   0: 0x80001d86 (0x02d7af33) mulhsu  t5, a5, a3
core   0: 3 0x80001d86 (0x02d7af33) x30 0xa594d158
core   0: 0x80001d8a (0x00000f5a) c.slli  t5, 22
core   0: 3 0x80001d8a (0x0f5a) x30 0x56000000
core   0: 0x80001d8c (0x064e8163) beq     t4, tp, pc + 98
core   0: 3 0x80001d8c (0x064e8163)
core   0: 0x80001d90 (0x001a9b33) sll     s6, s5, ra
core   0: 3 0x80001d90 (0x001a9b33) x22 0x20000000
core   0: 0x80001d94 (0x00300393) li      t2, 3
core   0: 3 0x80001d94 (0x00300393) x 7 0x00000003
core   0: 0x80001d98 (0xffe00b93) li      s7, -2
core   0: 3 0x80001d98 (0xffe00b93) x23 0xfffffffe
core   0: 0x80001d9c (0x00000001) c.nop
core   0: 3 0x80001d9c (0x0001)
core   0: 0x80001d9e (0x037a7833) remu    a6, s4, s7
core   0: 3 0x80001d9e (0x037a7833) x16 0x80025ce4
core   0: 0x80001da2 (0x00001afd) c.addi  s5, -1
core   0: 3 0x80001da2 (0x1afd) x21 0x00000000
core   0: 0x80001da4 (0x01f16033) or      zero, sp, t6
core   0: 3 0x80001da4 (0x01f16033)
core   0: 0x80001da8 (0x000013ed) c.addi  t2, -5
core   0: 3 0x80001da8 (0x13ed) x 7 0xfffffffe
core   0: 0x80001daa (0x02788733) mul     a4, a7, t2
core   0: 3 0x80001daa (0x02788733) x14 0x000008b8
core   0: 0x80001dae (0xff7387e3) beq     t2, s7, pc - 18
core   0: 3 0x80001dae (0xff7387e3)
core   0: 0x80001d9c (0x00000001) c.nop
core   0: 3 0x80001d9c (0x0001)
core   0: 0x80001d9e (0x037a7833) remu    a6, s4, s7
core   0: 3 0x80001d9e (0x037a7833) x16 0x80025ce4
core   0: 0x80001da2 (0x00001afd) c.addi  s5, -1
core   0: 3 0x80001da2 (0x1afd) x21 0xffffffff
core   0: 0x80001da4 (0x01f16033) or      zero, sp, t6
core   0: 3 0x80001da4 (0x01f16033)
core   0: 0x80001da8 (0x000013ed) c.addi  t2, -5
core   0: 3 0x80001da8 (0x13ed) x 7 0xfffffff9
core   0: 0x80001daa (0x02788733) mul     a4, a7, t2
core   0: 3 0x80001daa (0x02788733) x14 0x00001e84
core   0: 0x80001dae (0xff7387e3) beq     t2, s7, pc - 18
core   0: 3 0x80001dae (0xff7387e3)
core   0: 0x80001db2 (0x00d65813) srli    a6, a2, 13
core   0: 3 0x80001db2 (0x00d65813) x16 0x0007ffff
core   0: 0x80001db6 (0x81c37113) andi    sp, t1, -2020
core   0: 3 0x80001db6 (0x81c37113) x 2 0x2e7a0000
core   0: 0x80001dba (0x6a91a593) slti    a1, gp, 1705
core   0: 3 0x80001dba (0x6a91a593) x11 0x00000000
core   0: 0x80001dbe (0x00b313b3) sll     t2, t1, a1
core   0: 3 0x80001dbe (0x00b313b3) x 7 0x2e7a0000
core   0: 0x80001dc2 (0x00000001) c.nop
core   0: 3 0x80001dc2 (0x0001)
core   0: 0x80001dc4 (0x01d4d333) srl     t1, s1, t4
core   0: 3 0x80001dc4 (0x01d4d333) x 6 0x00000281
core   0: 0x80001dc8 (0x828e3337) lui     t1, 0x828e3
core   0: 3 0x80001dc8 (0x828e3337) x 6 0x828e3000
core   0: 0x80001dcc (0xcbabb813) sltiu   a6, s7, -838
core   0: 3 0x80001dcc (0xcbabb813) x16 0x00000000
core   0: 0x80001dd0 (0x00000c8c) c.addi4spn a1, sp, 592
core   0: 3 0x80001dd0 (0x0c8c) x11 0x2e7a0250
core   0: 0x80001dd2 (0x25d04613) xori    a2, zero, 605
core   0: 3 0x80001dd2 (0x25d04613) x12 0x0000025d
core   0: 0x80001dd6 (0x061aaf13) slti    t5, s5, 97
core   0: 3 0x80001dd6 (0x061aaf13) x30 0x00000001
core   0: 0x80001dda (0x00109713) slli    a4, ra, 1
core   0: 3 0x80001dda (0x00109713) x14 0x0004bdba
core   0: 0x80001dde (0x03780133) mul     sp, a6, s7
core   0: 3 0x80001dde (0x03780133) x 2 0x00000000
core   0: 0x80001de2 (0x024b9db3) mulh    s11, s7, tp
core   0: 3 0x80001de2 (0x024b9db3) x27 0x00000000
core   0: 0x80001de6 (0x0000611d) c.addi16sp sp, 416
core   0: 3 0x80001de6 (0x611d) x 2 0x000001a0
core   0: 0x80001de8 (0x00008e25) c.xor   a2, s1
core   0: 3 0x80001de8 (0x8e25) x12 0x000000dc
core   0: 0x80001dea (0x41980633) sub     a2, a6, s9
core   0: 3 0x80001dea (0x41980633) x12 0x7ffda2ad
core   0: 0x80001dee (0xec628813) addi    a6, t0, -314
core   0: 3 0x80001dee (0xec628813) x16 0x21c18ec6
core   0: 0x80001df2 (0x0000ec01) c.bnez  s0, pc + 24
core   0: 3 0x80001df2 (0xec01)
core   0: 0x80001e0a (0x41640bb3) sub     s7, s0, s6
core   0: 3 0x80001e0a (0x41640bb3) x23 0xe000022e
core   0: 0x80001e0e (0x0103deb3) srl     t4, t2, a6
core   0: 3 0x80001e0e (0x0103deb3) x29 0x00b9e800
core   0: 0x80001e12 (0x32dc0f93) addi    t6, s8, 813
core   0: 3 0x80001e12 (0x32dc0f93) x31 0xfdf3c788
core   0: 0x80001e16 (0x008e8cb3) add     s9, t4, s0
core   0: 3 0x80001e16 (0x008e8cb3) x25 0x00b9ea2e
core   0: 0x80001e1a (0x005c0133) add     sp, s8, t0
core   0: 3 0x80001e1a (0x005c0133) x 2 0x1fb5545b
core   0: 0x80001e1e (0x00665b13) srli    s6, a2, 6
core   0: 3 0x80001e1e (0x00665b13) x22 0x01fff68a
core   0: 0x80001e22 (0x0ff0000f) fence   iorw,iorw
core   0: 3 0x80001e22 (0x0ff0000f)
core   0: 0x80001e26 (0x02a3cb33) div     s6, t2, a0
core   0: 3 0x80001e26 (0x02a3cb33) x22 0xffffffff
core   0: 0x80001e2a (0x698d5f37) lui     t5, 0x698d5
core   0: 3 0x80001e2a (0x698d5f37) x30 0x698d5000
core   0: 0x80001e2e (0x40b85f33) sra     t5, a6, a1
core   0: 3 0x80001e2e (0x40b85f33) x30 0x000021c1
core   0: 0x80001e32 (0x01629b63) bne     t0, s6, pc + 22
core   0: 3 0x80001e32 (0x01629b63)
core   0: 0x80001e48 (0x01210833) add     a6, sp, s2
core   0: 3 0x80001e48 (0x01210833) x16 0x1fb55c5a
core   0: 0x80001e4c (0x5475a593) slti    a1, a1, 1351
core   0: 3 0x80001e4c (0x5475a593) x11 0x00000000
core   0: 0x80001e50 (0x02d938b3) mulhu   a7, s2, a3
core   0: 3 0x80001e50 (0x02d938b3) x17 0x000005a6
core   0: 0x80001e54 (0x032d20b3) mulhsu  ra, s10, s2
core   0: 3 0x80001e54 (0x032d20b3) x 1 0x00000000
core   0: 0x80001e58 (0x00004ef1) c.li    t4, 28
core   0: 3 0x80001e58 (0x4ef1) x29 0x0000001c
core   0: 0x80001e5a (0x00952733) slt     a4, a0, s1
core   0: 3 0x80001e5a (0x00952733) x14 0x00000001
core   0: 0x80001e5e (0x00008801) c.andi  s0, 0
core   0: 3 0x80001e5e (0x8801) x 8 0x00000000
core   0: 0x80001e60 (0x0ff0000f) fence   iorw,iorw
core   0: 3 0x80001e60 (0x0ff0000f)
core   0: 0x80001e64 (0x02572933) mulhsu  s2, a4, t0
core   0: 3 0x80001e64 (0x02572933) x18 0x00000000
core   0: 0x80001e68 (0x00e3d6b3) srl     a3, t2, a4
core   0: 3 0x80001e68 (0x00e3d6b3) x13 0x173d0000
core   0: 0x80001e6c (0x01761b63) bne     a2, s7, pc + 22
core   0: 3 0x80001e6c (0x01761b63)
core   0: 0x80001e82 (0x000064c1) c.lui   s1, 0x10
core   0: 3 0x80001e82 (0x64c1) x 9 0x00010000
core   0: 0x80001e84 (0x039c5463) bge     s8, s9, pc + 40
core   0: 3 0x80001e84 (0x039c5463)
core   0: 0x80001e88 (0xccdd0993) addi    s3, s10, -819
core   0: 3 0x80001e88 (0xccdd0993) x19 0x00003ccd
core   0: 0x80001e8c (0x0000100f) fence.i
core   0: 3 0x80001e8c (0x0000100f)
core   0: 0x80001e90 (0xa62abb37) lui     s6, 0xa62ab
core   0: 3 0x80001e90 (0xa62abb37) x22 0xa62ab000
core   0: 0x80001e94 (0x01a06463) bltu    zero, s10, pc + 8
core   0: 3 0x80001e94 (0x01a06463)
core   0: 0x80001e9c (0x02dfe833) rem     a6, t6, a3
core   0: 3 0x80001e9c (0x02dfe833) x16 0xfdf3c788
core   0: 0x80001ea0 (0x021da4b3) mulhsu  s1, s11, ra
core   0: 3 0x80001ea0 (0x021da4b3) x 9 0x00000000
core   0: 0x80001ea4 (0x01c2d0b3) srl     ra, t0, t3
core   0: 3 0x80001ea4 (0x01c2d0b3) x 1 0x021c1900
core   0: 0x80001ea8 (0xce8a3113) sltiu   sp, s4, -792
core   0: 3 0x80001ea8 (0xce8a3113) x 2 0x00000001
core   0: 0x80001eac (0x45784f93) xori    t6, a6, 1111
core   0: 3 0x80001eac (0x45784f93) x31 0xfdf3c3df
core   0: 0x80001eb0 (0x2e444737) lui     a4, 0x2e444
core   0: 3 0x80001eb0 (0x2e444737) x14 0x2e444000
core   0: 0x80001eb4 (0x02c19233) mulh    tp, gp, a2
core   0: 3 0x80001eb4 (0x02c19233) x 4 0x3ffda2ea
core   0: 0x80001eb8 (0x38806993) ori     s3, zero, 904
core   0: 3 0x80001eb8 (0x38806993) x19 0x00000388
core   0: 0x80001ebc (0x02267763) bgeu    a2, sp, pc + 46
core   0: 3 0x80001ebc (0x02267763)
core   0: 0x80001eea (0x3f09b417) auipc   s0, 0x3f09b
core   0: 3 0x80001eea (0x3f09b417) x 8 0xbf09ceea
core   0: 0x80001eee (0x032e8cb3) mul     s9, t4, s2
core   0: 3 0x80001eee (0x032e8cb3) x25 0x00000000
core   0: 0x80001ef2 (0x00001d00) c.addi4spn s0, sp, 688
core   0: 3 0x80001ef2 (0x1d00) x 8 0x000002b1
core   0: 0x80001ef4 (0x0ff0000f) fence   iorw,iorw
core   0: 3 0x80001ef4 (0x0ff0000f)
core   0: 0x80001ef8 (0x03688763) beq     a7, s6, pc + 46
core   0: 3 0x80001ef8 (0x03688763)
core   0: 0x80001efc (0x000081c5) c.srli  a1, 17
core   0: 3 0x80001efc (0x81c5) x11 0x00000000
core   0: 0x80001efe (0x000008aa) c.slli  a7, 10
core   0: 3 0x80001efe (0x08aa) x17 0x00169800
core   0: 0x80001f00 (0x0211e563) bltu    gp, ra, pc + 42
core   0: 3 0x80001f00 (0x0211e563)
core   0: 0x80001f04 (0x40008033) sub     zero, ra, zero
core   0: 3 0x80001f04 (0x40008033)
core   0: 0x80001f08 (0x01fd35b3) sltu    a1, s10, t6
core   0: 3 0x80001f08 (0x01fd35b3) x11 0x00000001
core   0: 0x80001f0c (0x009a5293) srli    t0, s4, 9
core   0: 3 0x80001f0c (0x009a5293) x 5 0x0040012e
core   0: 0x80001f10 (0xc5a46197) auipc   gp, 0xc5a46
core   0: 3 0x80001f10 (0xc5a46197) x 3 0x45a47f10
core   0: 0x80001f14 (0x03b2c633) div     a2, t0, s11
core   0: 3 0x80001f14 (0x03b2c633) x12 0xffffffff
core   0: 0x80001f18 (0x01877b63) bgeu    a4, s8, pc + 22
core   0: 3 0x80001f18 (0x01877b63)
core   0: 0x80001f1c (0x00008c0d) c.sub   s0, a1
core   0: 3 0x80001f1c (0x8c0d) x 8 0x000002b0
core   0: 0x80001f1e (0x00000001) c.nop
core   0: 3 0x80001f1e (0x0001)
core   0: 0x80001f20 (0xa196b997) auipc   s3, 0xa196b
core   0: 3 0x80001f20 (0xa196b997) x19 0x2196cf20
core   0: 0x80001f24 (0x0000cf01) c.beqz  a4, pc + 24
core   0: 3 0x80001f24 (0xcf01)
core   0: 0x80001f26 (0x00008ea1) c.xor   a3, s0
core   0: 3 0x80001f26 (0x8ea1) x13 0x173d02b0
core   0: 0x80001f28 (0x0000996e) c.add   s2, s11
core   0: 3 0x80001f28 (0x996e) x18 0x00000000
core   0: 0x80001f2a (0xde2afb13) andi    s6, s5, -542
core   0: 3 0x80001f2a (0xde2afb13) x22 0xfffffde2
core   0: 0x80001f2e (0x01bb1513) slli    a0, s6, 27
core   0: 3 0x80001f2e (0x01bb1513) x10 0x10000000
core   0: 0x80001f32 (0x0051a1b3) slt     gp, gp, t0
core   0: 3 0x80001f32 (0x0051a1b3) x 3 0x00000000
core   0: 0x80001f36 (0x0ff0000f) fence   iorw,iorw
core   0: 3 0x80001f36 (0x0ff0000f)
core   0: 0x80001f3a (0x00008045) c.srli  s0, 17
core   0: 3 0x80001f3a (0x8045) x 8 0x00000000
core   0: 0x80001f3c (0x4c8cbb13) sltiu   s6, s9, 1224
core   0: 3 0x80001f3c (0x4c8cbb13) x22 0x00000001
core   0: 0x80001f40 (0x007fe663) bltu    t6, t2, pc + 12
core   0: 3 0x80001f40 (0x007fe663)
core   0: 0x80001f44 (0x00bfc5b3) xor     a1, t6, a1
core   0: 3 0x80001f44 (0x00bfc5b3) x11 0xfdf3c3de
core   0: 0x80001f48 (0x0011e933) or      s2, gp, ra
core   0: 3 0x80001f48 (0x0011e933) x18 0x021c1900
core   0: 0x80001f4c (0x04047263) bgeu    s0, zero, pc + 68
core   0: 3 0x80001f4c (0x04047263)
core   0: 0x80001f90 (0x00009afd) c.andi  a3, -1
core   0: 3 0x80001f90 (0x9afd) x13 0x173d02b0
core   0: 0x80001f92 (0x029aeb33) rem     s6, s5, s1
core   0: 3 0x80001f92 (0x029aeb33) x22 0xffffffff
core   0: 0x80001f96 (0x00000001) c.nop
core   0: 3 0x80001f96 (0x0001)
core   0: 0x80001f98 (0x00008e95) c.sub   a3, a3
core   0: 3 0x80001f98 (0x8e95) x13 0x00000000
core   0: 0x80001f9a (0x03921233) mulh    tp, tp, s9
core   0: 3 0x80001f9a (0x03921233) x 4 0x00000000
core   0: 0x80001f9e (0x22e64913) xori    s2, a2, 558
core   0: 3 0x80001f9e (0x22e64913) x18 0xfffffdd1
core   0: 0x80001fa2 (0x00053133) sltu    sp, a0, zero
core   0: 3 0x80001fa2 (0x00053133) x 2 0x00000000
core   0: 0x80001fa6 (0x03e2c633) div     a2, t0, t5
core   0: 3 0x80001fa6 (0x03e2c633) x12 0x000001e5
core   0: 0x80001faa (0x008b9763) bne     s7, s0, pc + 14
core   0: 3 0x80001faa (0x008b9763)
core   0: 0x80001fb8 (0x00006111) c.addi16sp sp, 256
core   0: 3 0x80001fb8 (0x6111) x 2 0x00000100
core   0: 0x80001fba (0xf222b093) sltiu   ra, t0, -222
core   0: 3 0x80001fba (0xf222b093) x 1 0x00000001
core   0: 0x80001fbe (0x01b7b533) sltu    a0, a5, s11
core   0: 3 0x80001fbe (0x01b7b533) x10 0x00000000
core   0: 0x80001fc2 (0x0016e563) bltu    a3, ra, pc + 10
core   0: 3 0x80001fc2 (0x0016e563)
core   0: 0x80001fcc (0x406bd533) sra     a0, s7, t1
core   0: 3 0x80001fcc (0x406bd533) x10 0xe000022e
core   0: 0x80001fd0 (0x04976d13) ori     s10, a4, 73
core   0: 3 0x80001fd0 (0x04976d13) x26 0x2e444049
core   0: 0x80001fd4 (0x01a56333) or      t1, a0, s10
core   0: 3 0x80001fd4 (0x01a56333) x 6 0xee44426f
core   0: 0x80001fd8 (0x40395e13) srai    t3, s2, 3
core   0: 3 0x80001fd8 (0x40395e13) x28 0xffffffba
core   0: 0x80001fdc (0x28ba8593) addi    a1, s5, 651
core   0: 3 0x80001fdc (0x28ba8593) x11 0x0000028a
core   0: 0x80001fe0 (0x8978a813) slti    a6, a7, -1897
core   0: 3 0x80001fe0 (0x8978a813) x16 0x00000000
core   0: 0x80001fe4 (0x013220b3) slt     ra, tp, s3
core   0: 3 0x80001fe4 (0x013220b3) x 1 0x00000001
core   0: 0x80001fe8 (0x00008e01) c.sub   a2, s0
core   0: 3 0x80001fe8 (0x8e01) x12 0x000001e5
core   0: 0x80001fea (0x00008da9) c.xor   a1, a0
core   0: 3 0x80001fea (0x8da9) x11 0xe00000a4
core   0: 0x80001fec (0x002c24b3) slt     s1, s8, sp
core   0: 3 0x80001fec (0x002c24b3) x 9 0x00000001
core   0: 0x80001ff0 (0x0154f3b3) and     t2, s1, s5
core   0: 3 0x80001ff0 (0x0154f3b3) x 7 0x00000001
core   0: 0x80001ff4 (0x0287ee33) rem     t3, a5, s0
core   0: 3 0x80001ff4 (0x0287ee33) x28 0x80021e64
core   0: 0x80001ff8 (0x0000c219) c.beqz  a2, pc + 6
core   0: 3 0x80001ff8 (0xc219)
core   0: 0x80001ffa (0x000089c2) c.mv    s3, a6
core   0: 3 0x80001ffa (0x89c2) x19 0x00000000
core   0: 0x80001ffc (0x00008371) c.srli  a4, 28
core   0: 3 0x80001ffc (0x8371) x14 0x00000002
core   0: 0x80001ffe (0x021980b3) mul     ra, s3, ra
core   0: 3 0x80001ffe (0x021980b3) x 1 0x00000000
core   0: 0x80002002 (0x01321833) sll     a6, tp, s3
core   0: 3 0x80002002 (0x01321833) x16 0x00000000
core   0: 0x80002006 (0x015cb333) sltu    t1, s9, s5
core   0: 3 0x80002006 (0x015cb333) x 6 0x00000001
core   0: 0x8000200a (0x41965693) srai    a3, a2, 25
core   0: 3 0x8000200a (0x41965693) x13 0x00000000
core   0: 0x8000200e (0x01e5d693) srli    a3, a1, 30
core   0: 3 0x8000200e (0x01e5d693) x13 0x00000003
core   0: 0x80002012 (0x0ff0000f) fence   iorw,iorw
core   0: 3 0x80002012 (0x0ff0000f)
core   0: 0x80002016 (0x52aef913) andi    s2, t4, 1322
core   0: 3 0x80002016 (0x52aef913) x18 0x00000008
core   0: 0x8000201a (0x0000884d) c.andi  s0, 19
core   0: 3 0x8000201a (0x884d) x 8 0x00000000
core   0: 0x8000201c (0x02404463) blt     zero, tp, pc + 40
core   0: 3 0x8000201c (0x02404463)
core   0: 0x80002020 (0x00001bfd) c.addi  s7, -1
core   0: 3 0x80002020 (0x1bfd) x23 0xe000022d
core   0: 0x80002022 (0x016e1db3) sll     s11, t3, s6
core   0: 3 0x80002022 (0x016e1db3) x27 0x00000000
core   0: 0x80002026 (0x021d4433) div     s0, s10, ra
core   0: 3 0x80002026 (0x021d4433) x 8 0xffffffff
core   0: 0x8000202a (0x00008f7d) c.and   a4, a5
core   0: 3 0x8000202a (0x8f7d) x14 0x00000000
core   0: 0x8000202c (0x01bf1e33) sll     t3, t5, s11
core   0: 3 0x8000202c (0x01bf1e33) x28 0x000021c1
core   0: 0x80002030 (0x000048e9) c.li    a7, 26
core   0: 3 0x80002030 (0x48e9) x17 0x0000001a
core   0: 0x80002032 (0x00008631) c.srai  a2, 12
core   0: 3 0x80002032 (0x8631) x12 0x00000000
core   0: 0x80002034 (0x00000e76) c.slli  t3, 29
core   0: 3 0x80002034 (0x0e76) x28 0x20000000
core   0: 0x80002036 (0x00008325) c.srli  a4, 9
core   0: 3 0x80002036 (0x8325) x14 0x00000000
core   0: 0x80002038 (0x0000875d) c.srai  a4, 23
core   0: 3 0x80002038 (0x875d) x14 0x00000000
core   0: 0x8000203a (0x0000908a) c.add   ra, sp
core   0: 3 0x8000203a (0x908a) x 1 0x00000100
core   0: 0x8000203c (0x03bb84b3) mul     s1, s7, s11
core   0: 3 0x8000203c (0x03bb84b3) x 9 0x00000000
core   0: 0x80002040 (0x0812c313) xori    t1, t0, 129
core   0: 3 0x80002040 (0x0812c313) x 6 0x004001af
core   0: 0x80002044 (0x000099fd) c.andi  a1, -1
core   0: 3 0x80002044 (0x99fd) x11 0xe00000a4
core   0: 0x80002046 (0x7955e313) ori     t1, a1, 1941
core   0: 3 0x80002046 (0x7955e313) x 6 0xe00007b5
core   0: 0x8000204a (0x00f1c333) xor     t1, gp, a5
core   0: 3 0x8000204a (0x00f1c333) x 6 0x80021e64
core   0: 0x8000204e (0x01de6c63) bltu    t3, t4, pc + 24
core   0: 3 0x8000204e (0x01de6c63)
core   0: 0x80002052 (0x00008141) c.srli  a0, 16
core   0: 3 0x80002052 (0x8141) x10 0x0000e000
core   0: 0x80002054 (0x021c95b3) mulh    a1, s9, ra
core   0: 3 0x80002054 (0x021c95b3) x11 0x00000000
core   0: 0x80002058 (0x03abe6b3) rem     a3, s7, s10
core   0: 3 0x80002058 (0x03abe6b3) x13 0xe000022d
core   0: 0x8000205c (0x5e830613) addi    a2, t1, 1512
core   0: 3 0x8000205c (0x5e830613) x12 0x8002244c
core   0: 0x80002060 (0x0240e6b3) rem     a3, ra, tp
core   0: 3 0x80002060 (0x0240e6b3) x13 0x00000100
core   0: 0x80002064 (0x0000997d) c.andi  a0, -1
core   0: 3 0x80002064 (0x997d) x10 0x0000e000
core   0: 0x80002066 (0x00008d21) c.xor   a0, s0
core   0: 3 0x80002066 (0x8d21) x10 0xffff1fff
core   0: 0x80002068 (0x01c0adb3) slt     s11, ra, t3
core   0: 3 0x80002068 (0x01c0adb3) x27 0x00000001
core   0: 0x8000206c (0x0000810d) c.srli  a0, 3
core   0: 3 0x8000206c (0x810d) x10 0x1fffe3ff
core   0: 0x8000206e (0x00004b89) c.li    s7, 2
core   0: 3 0x8000206e (0x4b89) x23 0x00000002
core   0: 0x80002070 (0x00000001) c.nop
core   0: 3 0x80002070 (0x0001)
core   0: 0x80002072 (0x000081e9) c.srli  a1, 26
core   0: 3 0x80002072 (0x81e9) x11 0x00000000
core   0: 0x80002074 (0x0083d5b3) srl     a1, t2, s0
core   0: 3 0x80002074 (0x0083d5b3) x11 0x00000000
core   0: 0x80002078 (0x02fac163) blt     s5, a5, pc + 34
core   0: 3 0x80002078 (0x02fac163)
core   0: 0x8000207c (0x03c96a63) bltu    s2, t3, pc + 52
core   0: 3 0x8000207c (0x03c96a63)
core   0: 0x800020b0 (0x00837d33) and     s10, t1, s0
core   0: 3 0x800020b0 (0x00837d33) x26 0x80021e64
core   0: 0x800020b4 (0x0000100f) fence.i
core   0: 3 0x800020b4 (0x0000100f)
core   0: 0x800020b8 (0x05a64363) blt     a2, s10, pc + 70
core   0: 3 0x800020b8 (0x05a64363)
core   0: 0x800020bc (0x00af2d33) slt     s10, t5, a0
core   0: 3 0x800020bc (0x00af2d33) x26 0x00000001
core   0: 0x800020c0 (0x02774fb3) div     t6, a4, t2
core   0: 3 0x800020c0 (0x02774fb3) x31 0x00000000
core   0: 0x800020c4 (0x62866b13) ori     s6, a2, 1576
core   0: 3 0x800020c4 (0x62866b13) x22 0x8002266c
core   0: 0x800020c8 (0xa82cac93) slti    s9, s9, -1406
core   0: 3 0x800020c8 (0xa82cac93) x25 0x00000000
core   0: 0x800020cc (0x003e8b63) beq     t4, gp, pc + 22
core   0: 3 0x800020cc (0x003e8b63)
core   0: 0x800020d0 (0x0000c029) c.beqz  s0, pc + 66
core   0: 3 0x800020d0 (0xc029)
core   0: 0x800020d2 (0x00000d66) c.slli  s10, 25
core   0: 3 0x800020d2 (0x0d66) x26 0x02000000
core   0: 0x800020d4 (0x4029de33) sra     t3, s3, sp
core   0: 3 0x800020d4 (0x4029de33) x28 0x00000000
core   0: 0x800020d8 (0x0000e285) c.bnez  a3, pc + 32
core   0: 3 0x800020d8 (0xe285)
core   0: 0x800020f8 (0x0000e80d) c.bnez  s0, pc + 50
core   0: 3 0x800020f8 (0xe80d)
core   0: 0x8000212a (0x02428733) mul     a4, t0, tp
core   0: 3 0x8000212a (0x02428733) x14 0x00000000
core   0: 0x8000212e (0x00008cb1) c.xor   s1, a2
core   0: 3 0x8000212e (0x8cb1) x 9 0x8002244c
core   0: 0x80002130 (0x00000bce) c.slli  s7, 19
core   0: 3 0x80002130 (0x0bce) x23 0x00100000
core   0: 0x80002132 (0x03fb12b3) mulh    t0, s6, t6
core   0: 3 0x80002132 (0x03fb12b3) x 5 0x00000000
core   0: 0x80002136 (0x00b39213) slli    tp, t2, 11
core   0: 3 0x80002136 (0x00b39213) x 4 0x00000800
core   0: 0x8000213a (0x57b32f97) auipc   t6, 0x57b32
core   0: 3 0x8000213a (0x57b32f97) x31 0xd7b3413a
core   0: 0x8000213e (0x039453b3) divu    t2, s0, s9
core   0: 3 0x8000213e (0x039453b3) x 7 0xffffffff
core   0: 0x80002142 (0x00000001) c.nop
core   0: 3 0x80002142 (0x0001)
core   0: 0x80002144 (0x93decd13) xori    s10, t4, -1731
core   0: 3 0x80002144 (0x93decd13) x26 0xfffff921
core   0: 0x80002148 (0x0000717d) c.addi16sp sp, -16
core   0: 3 0x80002148 (0x717d) x 2 0x000000f0
core   0: 0x8000214a (0x01caa333) slt     t1, s5, t3
core   0: 3 0x8000214a (0x01caa333) x 6 0x00000001
core   0: 0x8000214e (0x0156d763) bge     a3, s5, pc + 14
core   0: 3 0x8000214e (0x0156d763)
core   0: 0x8000215c (0x0ff0000f) fence   iorw,iorw
core   0: 3 0x8000215c (0x0ff0000f)
core   0: 0x80002160 (0x00008cc6) c.mv    s9, a7
core   0: 3 0x80002160 (0x8cc6) x25 0x0000001a
core   0: 0x80002162 (0xd8992913) slti    s2, s2, -631
core   0: 3 0x80002162 (0xd8992913) x18 0x00000000
core   0: 0x80002166 (0x0000673d) c.lui   a4, 0xf
core   0: 3 0x80002166 (0x673d) x14 0x0000f000
core   0: 0x80002168 (0x00008a1d) c.andi  a2, 7
core   0: 3 0x80002168 (0x8a1d) x12 0x00000004
core   0: 0x8000216a (0x41d4de13) srai    t3, s1, 29
core   0: 3 0x8000216a (0x41d4de13) x28 0xfffffffc
core   0: 0x8000216e (0x00006219) c.lui   tp, 0x6
core   0: 3 0x8000216e (0x6219) x 4 0x00006000
core   0: 0x80002170 (0x0000047a) c.slli  s0, 30
core   0: 3 0x80002170 (0x047a) x 8 0xc0000000
core   0: 0x80002172 (0x00008ec5) c.or    a3, s1
core   0: 3 0x80002172 (0x8ec5) x13 0x8002254c
core   0: 0x80002174 (0x40820933) sub     s2, tp, s0
core   0: 3 0x80002174 (0x40820933) x18 0x40006000
core   0: 0x80002178 (0x41bd8933) sub     s2, s11, s11
core   0: 3 0x80002178 (0x41bd8933) x18 0x00000000
core   0: 0x8000217c (0x00d8a233) slt     tp, a7, a3
core   0: 3 0x8000217c (0x00d8a233) x 4 0x00000000
core   0: 0x80002180 (0x00008e95) c.sub   a3, a3
core   0: 3 0x80002180 (0x8e95) x13 0x00000000
core   0: 0x80002182 (0x00005d7d) c.li    s10, -1
core   0: 3 0x80002182 (0x5d7d) x26 0xffffffff
core   0: 0x80002184 (0x00008379) c.srli  a4, 30
core   0: 3 0x80002184 (0x8379) x14 0x00000000
core   0: 0x80002186 (0x02da1eb3) mulh    t4, s4, a3
core   0: 3 0x80002186 (0x02da1eb3) x29 0x00000000
core   0: 0x8000218a (0x0ff0000f) fence   iorw,iorw
core   0: 3 0x8000218a (0x0ff0000f)
core   0: 0x8000218e (0x0003d663) bgez    t2, pc + 12
core   0: 3 0x8000218e (0x0003d663)
core   0: 0x80002192 (0x036fd2b3) divu    t0, t6, s6
core   0: 3 0x80002192 (0x036fd2b3) x 5 0x00000001
core   0: 0x80002196 (0x037756b3) divu    a3, a4, s7
core   0: 3 0x80002196 (0x037756b3) x13 0x00000000
core   0: 0x8000219a (0x004a1663) bne     s4, tp, pc + 12
core   0: 3 0x8000219a (0x004a1663)
core   0: 0x800021a6 (0x00008729) c.srai  a4, 10
core   0: 3 0x800021a6 (0x8729) x14 0x00000000
core   0: 0x800021a8 (0x0000100f) fence.i
core   0: 3 0x800021a8 (0x0000100f)
core   0: 0x800021ac (0x00000f0d) c.addi  t5, 3
core   0: 3 0x800021ac (0x0f0d) x30 0x000021c4
core   0: 0x800021ae (0x0000c811) c.beqz  s0, pc + 20
core   0: 3 0x800021ae (0xc811)
core   0: 0x800021b0 (0x0000946a) c.add   s0, s10
core   0: 3 0x800021b0 (0x946a) x 8 0xbfffffff
core   0: 0x800021b2 (0x00008e11) c.sub   a2, a2
core   0: 3 0x800021b2 (0x8e11) x12 0x00000000
core   0: 0x800021b4 (0xc6d9ae93) slti    t4, s3, -915
core   0: 3 0x800021b4 (0xc6d9ae93) x29 0x00000000
core   0: 0x800021b8 (0x0ff0000f) fence   iorw,iorw
core   0: 3 0x800021b8 (0x0ff0000f)
core   0: 0x800021bc (0x011c5d93) srli    s11, s8, 17
core   0: 3 0x800021bc (0x011c5d93) x27 0x00007ef9
core   0: 0x800021c0 (0x00000f61) c.addi  t5, 24
core   0: 3 0x800021c0 (0x0f61) x30 0x000021dc
core   0: 0x800021c2 (0x0000ce95) c.beqz  a3, pc + 60
core   0: 3 0x800021c2 (0xce95)
core   0: 0x800021fe (0x03263233) mulhu   tp, a2, s2
core   0: 3 0x800021fe (0x03263233) x 4 0x00000000
core   0: 0x80002202 (0x02acb533) mulhu   a0, s9, a0
core   0: 3 0x80002202 (0x02acb533) x10 0x00000003
core   0: 0x80002206 (0x0121d463) bge     gp, s2, pc + 8
core   0: 3 0x80002206 (0x0121d463)
core   0: 0x8000220e (0x03925cb3) divu    s9, tp, s9
core   0: 3 0x8000220e (0x03925cb3) x25 0x00000000
core   0: 0x80002212 (0x00008c25) c.xor   s0, s1
core   0: 3 0x80002212 (0x8c25) x 8 0x3ffddbb3
core   0: 0x80002214 (0x000a1863) bnez    s4, pc + 16
core   0: 3 0x80002214 (0x000a1863)
core   0: 0x80002224 (0x00008315) c.srli  a4, 5
core   0: 3 0x80002224 (0x8315) x14 0x00000000
core   0: 0x80002226 (0x70217697) auipc   a3, 0x70217
core   0: 3 0x80002226 (0x70217697) x13 0xf0219226
core   0: 0x8000222a (0x0000e911) c.bnez  a0, pc + 20
core   0: 3 0x8000222a (0xe911)
core   0: 0x8000223e (0x00008d1d) c.sub   a0, a5
core   0: 3 0x8000223e (0x8d1d) x10 0x7ffde19f
core   0: 0x80002240 (0x08da4063) blt     s4, a3, pc + 128
core   0: 3 0x80002240 (0x08da4063)
core   0: 0x800022c0 (0x0000100f) fence.i
core   0: 3 0x800022c0 (0x0000100f)
core   0: 0x800022c4 (0x01f9a9b3) slt     s3, s3, t6
core   0: 3 0x800022c4 (0x01f9a9b3) x19 0x00000000
core   0: 0x800022c8 (0x00b5de63) bge     a1, a1, pc + 28
core   0: 3 0x800022c8 (0x00b5de63)
core   0: 0x800022e4 (0x8f700c93) li      s9, -1801
core   0: 3 0x800022e4 (0x8f700c93) x25 0xfffff8f7
core   0: 0x800022e8 (0x0000100f) fence.i
core   0: 3 0x800022e8 (0x0000100f)
core   0: 0x800022ec (0x40add8b3) sra     a7, s11, a0
core   0: 3 0x800022ec (0x40add8b3) x17 0x00000000
core   0: 0x800022f0 (0x00000001) c.nop
core   0: 3 0x800022f0 (0x0001)
core   0: 0x800022f2 (0x0000ce99) c.beqz  a3, pc + 30
core   0: 3 0x800022f2 (0xce99)
core   0: 0x800022f4 (0x0240d3b3) divu    t2, ra, tp
core   0: 3 0x800022f4 (0x0240d3b3) x 7 0xffffffff
core   0: 0x800022f8 (0x0000e915) c.bnez  a0, pc + 52
core   0: 3 0x800022f8 (0xe915)
core   0: 0x8000232c (0x4017d0b3) sra     ra, a5, ra
core   0: 3 0x8000232c (0x4017d0b3) x 1 0x80021e64
core   0: 0x80002330 (0x002de263) bltu    s11, sp, pc + 4
core   0: 3 0x80002330 (0x002de263)
core   0: 0x80002334 (0x025b6bb3) rem     s7, s6, t0
core   0: 3 0x80002334 (0x025b6bb3) x23 0x00000000
core   0: 0x80002338 (0x5c837f13) andi    t5, t1, 1480
core   0: 3 0x80002338 (0x5c837f13) x30 0x00000000
core   0: 0x8000233c (0x0157dc63) bge     a5, s5, pc + 24
core   0: 3 0x8000233c (0x0157dc63)
core   0: 0x80002340 (0x0000809d) c.srli  s1, 7
core   0: 3 0x80002340 (0x809d) x 9 0x01000448
core   0: 0x80002342 (0x029c6e33) rem     t3, s8, s1
core   0: 3 0x80002342 (0x029c6e33) x28 0xfff3cceb
core   0: 0x80002346 (0x00000001) c.nop
core   0: 3 0x80002346 (0x0001)
core   0: 0x80002348 (0x014b0eb3) add     t4, s6, s4
core   0: 3 0x80002348 (0x014b0eb3) x29 0x00048350
core   0: 0x8000234c (0xfe43d937) lui     s2, 0xfe43d
core   0: 3 0x8000234c (0xfe43d937) x18 0xfe43d000
core   0: 0x80002350 (0x00d423b3) slt     t2, s0, a3
core   0: 3 0x80002350 (0x00d423b3) x 7 0x00000000
core   0: 0x80002354 (0x0000826d) c.srli  a2, 27
core   0: 3 0x80002354 (0x826d) x12 0x00000000
core   0: 0x80002356 (0x007dc763) blt     s11, t2, pc + 14
core   0: 3 0x80002356 (0x007dc763)
core   0: 0x8000235a (0x00000d00) c.addi4spn s0, sp, 656
core   0: 3 0x8000235a (0x0d00) x 8 0x00000380
core   0: 0x8000235c (0x02b1d363) bge     gp, a1, pc + 38
core   0: 3 0x8000235c (0x02b1d363)
core   0: 0x80002382 (0x20e83c93) sltiu   s9, a6, 526
core   0: 3 0x80002382 (0x20e83c93) x25 0x00000001
core   0: 0x80002386 (0x004fd393) srli    t2, t6, 4
core   0: 3 0x80002386 (0x004fd393) x 7 0x0d7b3413
core   0: 0x8000238a (0x41aa55b3) sra     a1, s4, s10
core   0: 3 0x8000238a (0x41aa55b3) x11 0xffffffff
core   0: 0x8000238e (0x0225dd33) divu    s10, a1, sp
core   0: 3 0x8000238e (0x0225dd33) x26 0x01111111
core   0: 0x80002392 (0x00000001) c.nop
core   0: 3 0x80002392 (0x0001)
core   0: 0x80002394 (0x27d42b13) slti    s6, s0, 637
core   0: 3 0x80002394 (0x27d42b13) x22 0x00000000
core   0: 0x80002398 (0x027a9463) bne     s5, t2, pc + 40
core   0: 3 0x80002398 (0x027a9463)
core   0: 0x800023c0 (0xf0376197) auipc   gp, 0xf0376
core   0: 3 0x800023c0 (0xf0376197) x 3 0x703783c0
core   0: 0x800023c4 (0x00000596) c.slli  a1, 5
core   0: 3 0x800023c4 (0x0596) x11 0xffffffe0
core   0: 0x800023c6 (0x01f5e563) bltu    a1, t6, pc + 10
core   0: 3 0x800023c6 (0x01f5e563)
core   0: 0x800023ca (0x00008aee) c.mv    s5, s11
core   0: 3 0x800023ca (0x8aee) x21 0x00007ef9
core   0: 0x800023cc (0xdcc9fe13) andi    t3, s3, -564
core   0: 3 0x800023cc (0xdcc9fe13) x28 0x00000000
core   0: 0x800023d0 (0x02a6b033) mulhu   zero, a3, a0
core   0: 3 0x800023d0 (0x02a6b033)
core   0: 0x800023d4 (0x0366bd33) mulhu   s10, a3, s6
core   0: 3 0x800023d4 (0x0366bd33) x26 0x00000000
core   0: 0x800023d8 (0x00009afd) c.andi  a3, -1
core   0: 3 0x800023d8 (0x9afd) x13 0xf0219226
core   0: 0x800023da (0x018ce3b3) or      t2, s9, s8
core   0: 3 0x800023da (0x018ce3b3) x 7 0xfdf3c45b
core   0: 0x800023de (0x029131b3) mulhu   gp, sp, s1
core   0: 3 0x800023de (0x029131b3) x 3 0x00000000
core   0: 0x800023e2 (0x00008d25) c.xor   a0, s1
core   0: 3 0x800023e2 (0x8d25) x10 0x7efde5d7
core   0: 0x800023e4 (0xc044eb13) ori     s6, s1, -1020
core   0: 3 0x800023e4 (0xc044eb13) x22 0xfffffc4c
core   0: 0x800023e8 (0x034122b3) mulhsu  t0, sp, s4
core   0: 3 0x800023e8 (0x034122b3) x 5 0x00000078
core   0: 0x800023ec (0x00008bde) c.mv    s7, s7
core   0: 3 0x800023ec (0x8bde) x23 0x00000000
core   0: 0x800023ee (0x046e7163) bgeu    t3, t1, pc + 66
core   0: 3 0x800023ee (0x046e7163)
core   0: 0x800023f2 (0x03f1c663) blt     gp, t6, pc + 44
core   0: 3 0x800023f2 (0x03f1c663)
core   0: 0x800023f6 (0x0000c699) c.beqz  a3, pc + 14
core   0: 3 0x800023f6 (0xc699)
core   0: 0x800023f8 (0x034dcb33) div     s6, s11, s4
core   0: 3 0x800023f8 (0x034dcb33) x22 0x00000000
core   0: 0x800023fc (0x00acc3b3) xor     t2, s9, a0
core   0: 3 0x800023fc (0x00acc3b3) x 7 0x7efde5d6
core   0: 0x80002400 (0x021b5663) bge     s6, ra, pc + 44
core   0: 3 0x80002400 (0x021b5663)
core   0: 0x8000242c (0x40d37893) andi    a7, t1, 1037
core   0: 3 0x8000242c (0x40d37893) x17 0x00000001
core   0: 0x80002430 (0x032cf133) remu    sp, s9, s2
core   0: 3 0x80002430 (0x032cf133) x 2 0x00000001
core   0: 0x80002434 (0x3bf11137) lui     sp, 0x3bf11
core   0: 3 0x80002434 (0x3bf11137) x 2 0x3bf11000
core   0: 0x80002438 (0x0000e58d) c.bnez  a1, pc + 42
core   0: 3 0x80002438 (0xe58d)
core   0: 0x80002462 (0x03fc71b3) remu    gp, s8, t6
core   0: 3 0x80002462 (0x03fc71b3) x 3 0x26408321
core   0: 0x80002466 (0x008bf933) and     s2, s7, s0
core   0: 3 0x80002466 (0x008bf933) x18 0x00000000
core   0: 0x8000246a (0x77544393) xori    t2, s0, 1909
core   0: 3 0x8000246a (0x77544393) x 7 0x000004f5
core   0: 0x8000246e (0x01c95413) srli    s0, s2, 28
core   0: 3 0x8000246e (0x01c95413) x 8 0x00000000
core   0: 0x80002472 (0x00005e7d) c.li    t3, -1
core   0: 3 0x80002472 (0x5e7d) x28 0xffffffff
core   0: 0x80002474 (0x00b22133) slt     sp, tp, a1
core   0: 3 0x80002474 (0x00b22133) x 2 0x00000000
core   0: 0x80002478 (0x00000435) c.addi  s0, 13
core   0: 3 0x80002478 (0x0435) x 8 0x0000000d
core   0: 0x8000247a (0x00008ca9) c.xor   s1, a0
core   0: 3 0x8000247a (0x8ca9) x 9 0x7ffde19f
core   0: 0x8000247c (0x030ff433) remu    s0, t6, a6
core   0: 3 0x8000247c (0x030ff433) x 8 0xd7b3413a
core   0: 0x80002480 (0xaa31c393) xori    t2, gp, -1373
core   0: 3 0x80002480 (0xaa31c393) x 7 0xd9bf7982
core   0: 0x80002484 (0x00006aed) c.lui   s5, 0x1b
core   0: 3 0x80002484 (0x6aed) x21 0x0001b000
core   0: 0x80002486 (0x00008de5) c.and   a1, s1
core   0: 3 0x80002486 (0x8de5) x11 0x7ffde180
core   0: 0x80002488 (0x01d6b8b3) sltu    a7, a3, t4
core   0: 3 0x80002488 (0x01d6b8b3) x17 0x00000000
core   0: 0x8000248c (0x013f06b3) add     a3, t5, s3
core   0: 3 0x8000248c (0x013f06b3) x13 0x00000000
core   0: 0x80002490 (0x016068b3) or      a7, zero, s6
core   0: 3 0x80002490 (0x016068b3) x17 0x00000000
core   0: 0x80002494 (0x00009ef2) c.add   t4, t3
core   0: 3 0x80002494 (0x9ef2) x29 0x0004834f
core   0: 0x80002496 (0x0254deb3) divu    t4, s1, t0
core   0: 3 0x80002496 (0x0254deb3) x29 0x01110c8b
core   0: 0x8000249a (0x0000c115) c.beqz  a0, pc + 36
core   0: 3 0x8000249a (0xc115)
core   0: 0x8000249c (0x008b7d63) bgeu    s6, s0, pc + 26
core   0: 3 0x8000249c (0x008b7d63)
core   0: 0x800024a0 (0x01918933) add     s2, gp, s9
core   0: 3 0x800024a0 (0x01918933) x18 0x26408322
core   0: 0x800024a4 (0x00008515) c.srai  a0, 5
core   0: 3 0x800024a4 (0x8515) x10 0x03f7ef2e
core   0: 0x800024a6 (0x01ec7bb3) and     s7, s8, t5
core   0: 3 0x800024a6 (0x01ec7bb3) x23 0x00000000
core   0: 0x800024aa (0xb90b0b93) addi    s7, s6, -1136
core   0: 3 0x800024aa (0xb90b0b93) x23 0xfffffb90
core   0: 0x800024ae (0x0336ab33) mulhsu  s6, a3, s3
core   0: 3 0x800024ae (0x0336ab33) x22 0x00000000
core   0: 0x800024b2 (0x02510e33) mul     t3, sp, t0
core   0: 3 0x800024b2 (0x02510e33) x28 0x00000000
core   0: 0x800024b6 (0x0000cc01) c.beqz  s0, pc + 24
core   0: 3 0x800024b6 (0xcc01)
core   0: 0x800024b8 (0x00008019) c.srli  s0, 6
core   0: 3 0x800024b8 (0x8019) x 8 0x035ecd04
core   0: 0x800024ba (0x03496b33) rem     s6, s2, s4
core   0: 3 0x800024ba (0x03496b33) x22 0x26408322
core   0: 0x800024be (0x00c4c663) blt     s1, a2, pc + 12
core   0: 3 0x800024be (0x00c4c663)
core   0: 0x800024c2 (0x02515633) divu    a2, sp, t0
core   0: 3 0x800024c2 (0x02515633) x12 0x00000000
core   0: 0x800024c6 (0x00823733) sltu    a4, tp, s0
core   0: 3 0x800024c6 (0x00823733) x14 0x00000001
core   0: 0x800024ca (0x010a3833) sltu    a6, s4, a6
core   0: 3 0x800024ca (0x010a3833) x16 0x00000000
core   0: 0x800024ce (0x017c9a63) bne     s9, s7, pc + 20
core   0: 3 0x800024ce (0x017c9a63)
core   0: 0x800024e2 (0x0000100f) fence.i
core   0: 3 0x800024e2 (0x0000100f)
core   0: 0x800024e6 (0x010ae933) or      s2, s5, a6
core   0: 3 0x800024e6 (0x010ae933) x18 0x0001b000
core   0: 0x800024ea (0x000003d5) c.addi  t2, 21
core   0: 3 0x800024ea (0x03d5) x 7 0xd9bf7997
core   0: 0x800024ec (0x02a940b3) div     ra, s2, a0
core   0: 3 0x800024ec (0x02a940b3) x 1 0x00000000
core   0: 0x800024f0 (0x005d6fb3) or      t6, s10, t0
core   0: 3 0x800024f0 (0x005d6fb3) x31 0x00000078
core   0: 0x800024f4 (0x00c711b3) sll     gp, a4, a2
core   0: 3 0x800024f4 (0x00c711b3) x 3 0x00000001
core   0: 0x800024f8 (0x01bad513) srli    a0, s5, 27
core   0: 3 0x800024f8 (0x01bad513) x10 0x00000000
core   0: 0x800024fc (0x02600363) beq     zero, t1, pc + 38
core   0: 3 0x800024fc (0x02600363)
core   0: 0x80002500 (0x006df093) andi    ra, s11, 6
core   0: 3 0x80002500 (0x006df093) x 1 0x00000000
core   0: 0x80002504 (0x00008e21) c.xor   a2, s0
core   0: 3 0x80002504 (0x8e21) x12 0x035ecd04
core   0: 0x80002506 (0x00000419) c.addi  s0, 6
core   0: 3 0x80002506 (0x0419) x 8 0x035ecd0a
core   0: 0x80002508 (0x00008c61) c.and   s0, s0
core   0: 3 0x80002508 (0x8c61) x 8 0x035ecd0a
core   0: 0x8000250a (0xc97a4c93) xori    s9, s4, -873
core   0: 3 0x8000250a (0xc97a4c93) x25 0x7ffda073
core   0: 0x8000250e (0x00000d14) c.addi4spn a3, sp, 656
core   0: 3 0x8000250e (0x0d14) x13 0x00000290
core   0: 0x80002510 (0x01da9593) slli    a1, s5, 29
core   0: 3 0x80002510 (0x01da9593) x11 0x00000000
core   0: 0x80002514 (0x00008d25) c.xor   a0, s1
core   0: 3 0x80002514 (0x8d25) x10 0x7ffde19f
core   0: 0x80002516 (0x00001e18) c.addi4spn a4, sp, 816
core   0: 3 0x80002516 (0x1e18) x14 0x00000330
core   0: 0x80002518 (0x01d64e33) xor     t3, a2, t4
core   0: 3 0x80002518 (0x01d64e33) x28 0x024fc18f
core   0: 0x8000251c (0x00008745) c.srai  a4, 17
core   0: 3 0x8000251c (0x8745) x14 0x00000000
core   0: 0x8000251e (0x5722ce13) xori    t3, t0, 1394
core   0: 3 0x8000251e (0x5722ce13) x28 0x0000050a
core   0: 0x80002522 (0x0000100f) fence.i
core   0: 3 0x80002522 (0x0000100f)
core   0: 0x80002526 (0x01efee33) or      t3, t6, t5
core   0: 3 0x80002526 (0x01efee33) x28 0x00000078
core   0: 0x8000252a (0x00dfa9b3) slt     s3, t6, a3
core   0: 3 0x8000252a (0x00dfa9b3) x19 0x00000001
core   0: 0x8000252e (0x00008d41) c.or    a0, s0
core   0: 3 0x8000252e (0x8d41) x10 0x7fffed9f
core   0: 0x80002530 (0x03d22433) mulhsu  s0, tp, t4
core   0: 3 0x80002530 (0x03d22433) x 8 0x00000000
core   0: 0x80002534 (0x01d3d563) bge     t2, t4, pc + 10
core   0: 3 0x80002534 (0x01d3d563)
core   0: 0x80002538 (0x0000717d) c.addi16sp sp, -16
core   0: 3 0x80002538 (0x717d) x 2 0xfffffff0
core   0: 0x8000253a (0xc1e83e97) auipc   t4, 0xc1e83
core   0: 3 0x8000253a (0xc1e83e97) x29 0x41e8553a
core   0: 0x8000253e (0x40cd5393) srai    t2, s10, 12
core   0: 3 0x8000253e (0x40cd5393) x 7 0x00000000
core   0: 0x80002542 (0x00000001) c.nop
core   0: 3 0x80002542 (0x0001)
core   0: 0x80002544 (0x03844f33) div     t5, s0, s8
core   0: 3 0x80002544 (0x03844f33) x30 0x00000000
core   0: 0x80002548 (0x00005bfd) c.li    s7, -1
core   0: 3 0x80002548 (0x5bfd) x23 0xffffffff
core   0: 0x8000254a (0x02c23fb3) mulhu   t6, tp, a2
core   0: 3 0x8000254a (0x02c23fb3) x31 0x00000000
core   0: 0x8000254e (0x0021cd33) xor     s10, gp, sp
core   0: 3 0x8000254e (0x0021cd33) x26 0xfffffff1
core   0: 0x80002552 (0x000089f5) c.andi  a1, 29
core   0: 3 0x80002552 (0x89f5) x11 0x00000000
core   0: 0x80002554 (0x4074d733) sra     a4, s1, t2
core   0: 3 0x80002554 (0x4074d733) x14 0x7ffde19f
core   0: 0x80002558 (0x0000625d) c.lui   tp, 0x17
core   0: 3 0x80002558 (0x625d) x 4 0x00017000
core   0: 0x8000255a (0x0000100f) fence.i
core   0: 3 0x8000255a (0x0000100f)
core   0: 0x8000255e (0x00544ab3) xor     s5, s0, t0
core   0: 3 0x8000255e (0x00544ab3) x21 0x00000078
core   0: 0x80002562 (0x002d54b3) srl     s1, s10, sp
core   0: 3 0x80002562 (0x002d54b3) x 9 0x0000ffff
core   0: 0x80002566 (0x05306063) bltu    zero, s3, pc + 64
core   0: 3 0x80002566 (0x05306063)
core   0: 0x800025a6 (0x852ae713) ori     a4, s5, -1966
core   0: 3 0x800025a6 (0x852ae713) x14 0xfffff87a
core   0: 0x800025aa (0x01ba9ab3) sll     s5, s5, s11
core   0: 3 0x800025aa (0x01ba9ab3) x21 0xf0000000
core   0: 0x800025ae (0x000060d5) c.lui   ra, 0x15
core   0: 3 0x800025ae (0x60d5) x 1 0x00015000
core   0: 0x800025b0 (0x00008d65) c.and   a0, s1
core   0: 3 0x800025b0 (0x8d65) x10 0x0000ed9f
core   0: 0x800025b2 (0x0000ee19) c.bnez  a2, pc + 30
core   0: 3 0x800025b2 (0xee19)
core   0: 0x800025d0 (0x02be66b3) rem     a3, t3, a1
core   0: 3 0x800025d0 (0x02be66b3) x13 0x00000078
core   0: 0x800025d4 (0x000081a9) c.srli  a1, 10
core   0: 3 0x800025d4 (0x81a9) x11 0x00000000
core   0: 0x800025d6 (0x00008b7d) c.andi  a4, 31
core   0: 3 0x800025d6 (0x8b7d) x14 0x0000001a
core   0: 0x800025d8 (0x0ce643b7) lui     t2, 0xce64
core   0: 3 0x800025d8 (0x0ce643b7) x 7 0x0ce64000
core   0: 0x800025dc (0x039baab3) mulhsu  s5, s7, s9
core   0: 3 0x800025dc (0x039baab3) x21 0xffffffff
core   0: 0x800025e0 (0x031b4533) div     a0, s6, a7
core   0: 3 0x800025e0 (0x031b4533) x10 0xffffffff
core   0: 0x800025e4 (0xa73f7e93) andi    t4, t5, -1421
core   0: 3 0x800025e4 (0xa73f7e93) x29 0x00000000
core   0: 0x800025e8 (0x88f90b13) addi    s6, s2, -1905
core   0: 3 0x800025e8 (0x88f90b13) x22 0x0001a88f
core   0: 0x800025ec (0x55891d17) auipc   s10, 0x55891
core   0: 3 0x800025ec (0x55891d17) x26 0xd58935ec
core   0: 0x800025f0 (0x401b0f33) sub     t5, s6, ra
core   0: 3 0x800025f0 (0x401b0f33) x30 0x0000588f
core   0: 0x800025f4 (0x0000717d) c.addi16sp sp, -16
core   0: 3 0x800025f4 (0x717d) x 2 0xffffffe0
core   0: 0x800025f6 (0x032a0f63) beq     s4, s2, pc + 62
core   0: 3 0x800025f6 (0x032a0f63)
core   0: 0x800025fa (0x00006ee1) c.lui   t4, 0x18
core   0: 3 0x800025fa (0x6ee1) x29 0x00018000
core   0: 0x800025fc (0x0ff0000f) fence   iorw,iorw
core   0: 3 0x800025fc (0x0ff0000f)
core   0: 0x80002600 (0x01654663) blt     a0, s6, pc + 12
core   0: 3 0x80002600 (0x01654663)
core   0: 0x8000260c (0x01416e63) bltu    sp, s4, pc + 28
core   0: 3 0x8000260c (0x01416e63)
core   0: 0x80002610 (0x41df5633) sra     a2, t5, t4
core   0: 3 0x80002610 (0x41df5633) x12 0x0000588f
core   0: 0x80002614 (0x00008d7d) c.and   a0, a5
core   0: 3 0x80002614 (0x8d7d) x10 0x80021e64
core   0: 0x80002616 (0x00da7433) and     s0, s4, a3
core   0: 3 0x80002616 (0x00da7433) x 8 0x00000060
core   0: 0x8000261a (0x00008f0d) c.sub   a4, a1
core   0: 3 0x8000261a (0x8f0d) x14 0x0000001a
core   0: 0x8000261c (0x02c50c63) beq     a0, a2, pc + 56
core   0: 3 0x8000261c (0x02c50c63)
core   0: 0x80002620 (0x00237263) bgeu    t1, sp, pc + 4
core   0: 3 0x80002620 (0x00237263)
core   0: 0x80002624 (0xff7c3593) sltiu   a1, s8, -9
core   0: 3 0x80002624 (0xff7c3593) x11 0x00000001
core   0: 0x80002628 (0x025eaeb3) mulhsu  t4, t4, t0
core   0: 3 0x80002628 (0x025eaeb3) x29 0x00000000
core   0: 0x8000262c (0x03798e33) mul     t3, s3, s7
core   0: 3 0x8000262c (0x03798e33) x28 0xffffffff
core   0: 0x80002630 (0x33860c93) addi    s9, a2, 824
core   0: 3 0x80002630 (0x33860c93) x25 0x00005bc7
core   0: 0x80002634 (0xcd3efeb7) lui     t4, 0xcd3ef
core   0: 3 0x80002634 (0xcd3efeb7) x29 0xcd3ef000
core   0: 0x80002638 (0x0265f833) remu    a6, a1, t1
core   0: 3 0x80002638 (0x0265f833) x16 0x00000000
core   0: 0x8000263c (0x3dbfbf93) sltiu   t6, t6, 987
core   0: 3 0x8000263c (0x3dbfbf93) x31 0x00000001
core   0: 0x80002640 (0x02c9e233) rem     tp, s3, a2
core   0: 3 0x80002640 (0x02c9e233) x 4 0x00000001
core   0: 0x80002644 (0x0000eb0d) c.bnez  a4, pc + 50
core   0: 3 0x80002644 (0xeb0d)
core   0: 0x80002676 (0x0000100f) fence.i
core   0: 3 0x80002676 (0x0000100f)
core   0: 0x8000267a (0x00d20a63) beq     tp, a3, pc + 20
core   0: 3 0x8000267a (0x00d20a63)
core   0: 0x8000267e (0xc361fa93) andi    s5, gp, -970
core   0: 3 0x8000267e (0xc361fa93) x21 0x00000000
core   0: 0x80002682 (0x00097d33) and     s10, s2, zero
core   0: 3 0x80002682 (0x00097d33) x26 0x00000000
core   0: 0x80002686 (0x41af5e13) srai    t3, t5, 26
core   0: 3 0x80002686 (0x41af5e13) x28 0x00000000
core   0: 0x8000268a (0x00941c63) bne     s0, s1, pc + 24
core   0: 3 0x8000268a (0x00941c63)
core   0: 0x800026a2 (0xe15a9997) auipc   s3, 0xe15a9
core   0: 3 0x800026a2 (0xe15a9997) x19 0x615ab6a2
core   0: 0x800026a6 (0x0ff0000f) fence   iorw,iorw
core   0: 3 0x800026a6 (0x0ff0000f)
core   0: 0x800026aa (0x0000e69d) c.bnez  a3, pc + 46
core   0: 3 0x800026aa (0xe69d)
core   0: 0x800026d8 (0x00008eaa) c.mv    t4, a0
core   0: 3 0x800026d8 (0x8eaa) x29 0x80021e64
core   0: 0x800026da (0x00008075) c.srli  s0, 29
core   0: 3 0x800026da (0x8075) x 8 0x00000000
core   0: 0x800026dc (0x0226be33) mulhu   t3, a3, sp
core   0: 3 0x800026dc (0x0226be33) x28 0x00000077
core   0: 0x800026e0 (0x9d37c493) xori    s1, a5, -1581
core   0: 3 0x800026e0 (0x9d37c493) x 9 0x7ffde7b7
core   0: 0x800026e4 (0x017b2933) slt     s2, s6, s7
core   0: 3 0x800026e4 (0x017b2933) x18 0x00000000
core   0: 0x800026e8 (0x45b26c93) ori     s9, tp, 1115
core   0: 3 0x800026e8 (0x45b26c93) x25 0x0000045b
core   0: 0x800026ec (0x02d49ab3) mulh    s5, s1, a3
core   0: 3 0x800026ec (0x02d49ab3) x21 0x0000003b
core   0: 0x800026f0 (0x00366763) bltu    a2, gp, pc + 14
core   0: 3 0x800026f0 (0x00366763)
core   0: 0x800026f4 (0x0000717d) c.addi16sp sp, -16
core   0: 3 0x800026f4 (0x717d) x 2 0xffffffd0
core   0: 0x800026f6 (0x014615b3) sll     a1, a2, s4
core   0: 3 0x800026f6 (0x014615b3) x11 0x000588f0
core   0: 0x800026fa (0x41ef5413) srai    s0, t5, 30
core   0: 3 0x800026fa (0x41ef5413) x 8 0x00000000
core   0: 0x800026fe (0x0c4bb893) sltiu   a7, s7, 196
core   0: 3 0x800026fe (0x0c4bb893) x17 0x00000000
core   0: 0x80002702 (0x02ae31b3) mulhu   gp, t3, a0
core   0: 3 0x80002702 (0x02ae31b3) x 3 0x0000003b
core   0: 0x80002706 (0x002a8033) add     zero, s5, sp
core   0: 3 0x80002706 (0x002a8033)
core   0: 0x8000270a (0x00381713) slli    a4, a6, 3
core   0: 3 0x8000270a (0x00381713) x14 0x00000000
core   0: 0x8000270e (0x03818363) beq     gp, s8, pc + 38
core   0: 3 0x8000270e (0x03818363)
core   0: 0x80002712 (0x00008ead) c.xor   a3, a1
core   0: 3 0x80002712 (0x8ead) x13 0x00058888
core   0: 0x80002714 (0x0000ca11) c.beqz  a2, pc + 20
core   0: 3 0x80002714 (0xca11)
core   0: 0x80002716 (0x0000650d) c.lui   a0, 0x3
core   0: 3 0x80002716 (0x650d) x10 0x00003000
core   0: 0x80002718 (0x0003e2b3) or      t0, t2, zero
core   0: 3 0x80002718 (0x0003e2b3) x 5 0x0ce64000
core   0: 0x8000271c (0x8e0cf413) andi    s0, s9, -1824
core   0: 3 0x8000271c (0x8e0cf413) x 8 0x00000040
core   0: 0x80002720 (0x014e9833) sll     a6, t4, s4
core   0: 3 0x80002720 (0x014e9833) x16 0x0021e640
core   0: 0x80002724 (0xe859c313) xori    t1, s3, -379
core   0: 3 0x80002724 (0xe859c313) x 6 0x9ea54827
core   0: 0x80002728 (0x030b4ab3) div     s5, s6, a6
core   0: 3 0x80002728 (0x030b4ab3) x21 0x00000000
core   0: 0x8000272c (0x039213b3) mulh    t2, tp, s9
core   0: 3 0x8000272c (0x039213b3) x 7 0x00000000
core   0: 0x80002730 (0x01b49913) slli    s2, s1, 27
core   0: 3 0x80002730 (0x01b49913) x18 0xb8000000
core   0: 0x80002734 (0x0000c681) c.beqz  a3, pc + 8
core   0: 3 0x80002734 (0xc681)
core   0: 0x80002736 (0x0000912e) c.add   sp, a1
core   0: 3 0x80002736 (0x912e) x 2 0x000588c0
core   0: 0x80002738 (0x039e4e63) blt     t3, s9, pc + 60
core   0: 3 0x80002738 (0x039e4e63)
core   0: 0x80002774 (0x03dd39b3) mulhu   s3, s10, t4
core   0: 3 0x80002774 (0x03dd39b3) x19 0x00000000
core   0: 0x80002778 (0x41c35993) srai    s3, t1, 28
core   0: 3 0x80002778 (0x41c35993) x19 0xfffffff9
core   0: 0x8000277c (0x00008f45) c.or    a4, s1
core   0: 3 0x8000277c (0x8f45) x14 0x7ffde7b7
core   0: 0x8000277e (0x00008d95) c.sub   a1, a3
core   0: 3 0x8000277e (0x8d95) x11 0x00000068
core   0: 0x80002780 (0x0002c8b3) xor     a7, t0, zero
core   0: 3 0x80002780 (0x0002c8b3) x17 0x0ce64000
core   0: 0x80002784 (0x0000987d) c.andi  s0, -1
core   0: 3 0x80002784 (0x987d) x 8 0x00000040
core   0: 0x80002786 (0x0000ef09) c.bnez  a4, pc + 26
core   0: 3 0x80002786 (0xef09)
core   0: 0x800027a0 (0x00009542) c.add   a0, a6
core   0: 3 0x800027a0 (0x9542) x10 0x00221640
core   0: 0x800027a2 (0xecc9c293) xori    t0, s3, -308
core   0: 3 0x800027a2 (0xecc9c293) x 5 0x00000135
core   0: 0x800027a6 (0x00ab6833) or      a6, s6, a0
core   0: 3 0x800027a6 (0x00ab6833) x16 0x0023becf
core   0: 0x800027aa (0x023a6c63) bltu    s4, gp, pc + 56
core   0: 3 0x800027aa (0x023a6c63)
core   0: 0x800027ae (0x023b21b3) mulhsu  gp, s6, gp
core   0: 3 0x800027ae (0x023b21b3) x 3 0x00000000
core   0: 0x800027b2 (0x0ff0000f) fence   iorw,iorw
core   0: 3 0x800027b2 (0x0ff0000f)
core   0: 0x800027b6 (0x0288de33) divu    t3, a7, s0
core   0: 3 0x800027b6 (0x0288de33) x28 0x00339900
core   0: 0x800027ba (0x00000001) c.nop
core   0: 3 0x800027ba (0x0001)
core   0: 0x800027bc (0x000082ed) c.srli  a3, 27
core   0: 3 0x800027bc (0x82ed) x13 0x00000000
core   0: 0x800027be (0x011f4563) blt     t5, a7, pc + 10
core   0: 3 0x800027be (0x011f4563)
core   0: 0x800027c8 (0x41eed913) srai    s2, t4, 30
core   0: 3 0x800027c8 (0x41eed913) x18 0xfffffffe
core   0: 0x800027cc (0x023712b3) mulh    t0, a4, gp
core   0: 3 0x800027cc (0x023712b3) x 5 0x00000000
core   0: 0x800027d0 (0x417f8733) sub     a4, t6, s7
core   0: 3 0x800027d0 (0x417f8733) x14 0x00000002
core   0: 0x800027d4 (0x02a180b3) mul     ra, gp, a0
core   0: 3 0x800027d4 (0x02a180b3) x 1 0x00000000
core   0: 0x800027d8 (0x027e6fb3) rem     t6, t3, t2
core   0: 3 0x800027d8 (0x027e6fb3) x31 0x00339900
core   0: 0x800027dc (0x5845bd93) sltiu   s11, a1, 1412
core   0: 3 0x800027dc (0x5845bd93) x27 0x00000001
core   0: 0x800027e0 (0x00008d89) c.sub   a1, a0
core   0: 3 0x800027e0 (0x8d89) x11 0xffddea28
core   0: 0x800027e2 (0x003bbfb3) sltu    t6, s7, gp
core   0: 3 0x800027e2 (0x003bbfb3) x31 0x00000000
core   0: 0x800027e6 (0x023a5733) divu    a4, s4, gp
core   0: 3 0x800027e6 (0x023a5733) x14 0xffffffff
core   0: 0x800027ea (0x00008ca1) c.xor   s1, s0
core   0: 3 0x800027ea (0x8ca1) x 9 0x7ffde7f7
core   0: 0x800027ec (0x0000965a) c.add   a2, s6
core   0: 3 0x800027ec (0x965a) x12 0x0002011e
core   0: 0x800027ee (0x00000b4d) c.addi  s6, 19
core   0: 3 0x800027ee (0x0b4d) x22 0x0001a8a2
core   0: 0x800027f0 (0x00006d6d) c.lui   s10, 0x1b
core   0: 3 0x800027f0 (0x6d6d) x26 0x0001b000
core   0: 0x800027f2 (0x0000187d) c.addi  a6, -1
core   0: 3 0x800027f2 (0x187d) x16 0x0023bece
core   0: 0x800027f4 (0x7b92ab93) slti    s7, t0, 1977
core   0: 3 0x800027f4 (0x7b92ab93) x23 0x00000001
core   0: 0x800027f8 (0x0340f4b3) remu    s1, ra, s4
core   0: 3 0x800027f8 (0x0340f4b3) x 9 0x00000000
core   0: 0x800027fc (0x00006815) c.lui   a6, 0x5
core   0: 3 0x800027fc (0x6815) x16 0x00005000
core   0: 0x800027fe (0x013519b3) sll     s3, a0, s3
core   0: 3 0x800027fe (0x013519b3) x19 0x80000000
core   0: 0x80002802 (0x01fc7863) bgeu    s8, t6, pc + 16
core   0: 3 0x80002802 (0x01fc7863)
core   0: 0x80002812 (0x00af5cb3) srl     s9, t5, a0
core   0: 3 0x80002812 (0x00af5cb3) x25 0x0000588f
core   0: 0x80002816 (0x416e0eb3) sub     t4, t3, s6
core   0: 3 0x80002816 (0x416e0eb3) x29 0x0031f05e
core   0: 0x8000281a (0x02c5f763) bgeu    a1, a2, pc + 46
core   0: 3 0x8000281a (0x02c5f763)
core   0: 0x80002848 (0x73950713) addi    a4, a0, 1849
core   0: 3 0x80002848 (0x73950713) x14 0x00221d79
core   0: 0x8000284c (0x0000ce11) c.beqz  a2, pc + 28
core   0: 3 0x8000284c (0xce11)
core   0: 0x8000284e (0x00004095) c.li    ra, 5
core   0: 3 0x8000284e (0x4095) x 1 0x00000005
core   0: 0x80002850 (0x00000e26) c.slli  t3, 9
core   0: 3 0x80002850 (0x0e26) x28 0x67320000
core   0: 0x80002852 (0x90174513) xori    a0, a4, -1791
core   0: 3 0x80002852 (0x90174513) x10 0xffdde478
core   0: 0x80002856 (0x018e1013) slli    zero, t3, 24
core   0: 3 0x80002856 (0x018e1013)
core   0: 0x8000285a (0x00000001) c.nop
core   0: 3 0x8000285a (0x0001)
core   0: 0x8000285c (0xda1d6293) ori     t0, s10, -607
core   0: 3 0x8000285c (0xda1d6293) x 5 0xfffffda1
core   0: 0x80002860 (0xafd60813) addi    a6, a2, -1283
core   0: 3 0x80002860 (0xafd60813) x16 0x0001fc1b
core   0: 0x80002864 (0x69b67e13) andi    t3, a2, 1691
core   0: 3 0x80002864 (0x69b67e13) x28 0x0000001a
core   0: 0x80002868 (0x0000717d) c.addi16sp sp, -16
core   0: 3 0x80002868 (0x717d) x 2 0x000588b0
core   0: 0x8000286a (0x0159b4b3) sltu    s1, s3, s5
core   0: 3 0x8000286a (0x0159b4b3) x 9 0x00000000
core   0: 0x8000286e (0x0000100f) fence.i
core   0: 3 0x8000286e (0x0000100f)
core   0: 0x80002872 (0x00000001) c.nop
core   0: 3 0x80002872 (0x0001)
core   0: 0x80002874 (0x00009ed6) c.add   t4, s5
core   0: 3 0x80002874 (0x9ed6) x29 0x0031f05e
core   0: 0x80002876 (0x02cd79b3) remu    s3, s10, a2
core   0: 3 0x80002876 (0x02cd79b3) x19 0x0001b000
core   0: 0x8000287a (0x0000717d) c.addi16sp sp, -16
core   0: 3 0x8000287a (0x717d) x 2 0x000588a0
core   0: 0x8000287c (0x02ea4d33) div     s10, s4, a4
core   0: 3 0x8000287c (0x02ea4d33) x26 0xfffffc40
core   0: 0x80002880 (0x032d1233) mulh    tp, s10, s2
core   0: 3 0x80002880 (0x032d1233) x 4 0x00000000
core   0: 0x80002884 (0x00df0bb3) add     s7, t5, a3
core   0: 3 0x80002884 (0x00df0bb3) x23 0x0000588f
core   0: 0x80002888 (0x00008bb2) c.mv    s7, a2
core   0: 3 0x80002888 (0x8bb2) x23 0x0002011e
core   0: 0x8000288a (0x010add63) bge     s5, a6, pc + 26
core   0: 3 0x8000288a (0x010add63)
core   0: 0x8000288e (0x03e1a333) mulhsu  t1, gp, t5
core   0: 3 0x8000288e (0x03e1a333) x 6 0x00000000
core   0: 0x80002892 (0x01edacb3) slt     s9, s11, t5
core   0: 3 0x80002892 (0x01edacb3) x25 0x00000001
core   0: 0x80002896 (0x035e3033) mulhu   zero, t3, s5
core   0: 3 0x80002896 (0x035e3033)
core   0: 0x8000289a (0x00000508) c.addi4spn a0, sp, 640
core   0: 3 0x8000289a (0x0508) x10 0x00058b20
core   0: 0x8000289c (0xd6869e17) auipc   t3, 0xd6869
core   0: 3 0x8000289c (0xd6869e17) x28 0x5686b89c
core   0: 0x800028a0 (0x34c87c93) andi    s9, a6, 844
core   0: 3 0x800028a0 (0x34c87c93) x25 0x00000008
core   0: 0x800028a4 (0x02245533) divu    a0, s0, sp
core   0: 3 0x800028a4 (0x02245533) x10 0x00000000
core   0: 0x800028a8 (0x7c003813) sltiu   a6, zero, 1984
core   0: 3 0x800028a8 (0x7c003813) x16 0x00000001
core   0: 0x800028ac (0x0108ccb3) xor     s9, a7, a6
core   0: 3 0x800028ac (0x0108ccb3) x25 0x0ce64001
core   0: 0x800028b0 (0x02dfc0b3) div     ra, t6, a3
core   0: 3 0x800028b0 (0x02dfc0b3) x 1 0xffffffff
core   0: 0x800028b4 (0x0ff0000f) fence   iorw,iorw
core   0: 3 0x800028b4 (0x0ff0000f)
core   0: 0x800028b8 (0x00dadc93) srli    s9, s5, 13
core   0: 3 0x800028b8 (0x00dadc93) x25 0x00000000
core   0: 0x800028bc (0x404e0ab3) sub     s5, t3, tp
core   0: 3 0x800028bc (0x404e0ab3) x21 0x5686b89c
core   0: 0x800028c0 (0xa58fd937) lui     s2, 0xa58fd
core   0: 3 0x800028c0 (0xa58fd937) x18 0xa58fd000
core   0: 0x800028c4 (0xf300f893) andi    a7, ra, -208
core   0: 3 0x800028c4 (0xf300f893) x17 0xffffff30
core   0: 0x800028c8 (0x0175a133) slt     sp, a1, s7
core   0: 3 0x800028c8 (0x0175a133) x 2 0x00000001
core   0: 0x800028cc (0x00001788) c.addi4spn a0, sp, 992
core   0: 3 0x800028cc (0x1788) x10 0x000003e1
core   0: 0x800028ce (0x029dd833) divu    a6, s11, s1
core   0: 3 0x800028ce (0x029dd833) x16 0xffffffff
core   0: 0x800028d2 (0x00630663) beq     t1, t1, pc + 12
core   0: 3 0x800028d2 (0x00630663)
core   0: 0x800028de (0x00008535) c.srai  a0, 13
core   0: 3 0x800028de (0x8535) x10 0x00000000
core   0: 0x800028e0 (0x00009cda) c.add   s9, s6
core   0: 3 0x800028e0 (0x9cda) x25 0x0001a8a2
core   0: 0x800028e2 (0x03fc0f33) mul     t5, s8, t6
core   0: 3 0x800028e2 (0x03fc0f33) x30 0x00000000
core   0: 0x800028e6 (0x00000001) c.nop
core   0: 3 0x800028e6 (0x0001)
core   0: 0x800028e8 (0xcd6dcf37) lui     t5, 0xcd6dc
core   0: 3 0x800028e8 (0xcd6dcf37) x30 0xcd6dc000
core   0: 0x800028ec (0x000089e5) c.andi  a1, 25
core   0: 3 0x800028ec (0x89e5) x11 0x00000008
core   0: 0x800028ee (0x00006105) c.addi16sp sp, 32
core   0: 3 0x800028ee (0x6105) x 2 0x00000021
core   0: 0x800028f0 (0x008f5b63) bge     t5, s0, pc + 22
core   0: 3 0x800028f0 (0x008f5b63)
core   0: 0x800028f4 (0x00008cfe) c.mv    s9, t6
core   0: 3 0x800028f4 (0x8cfe) x25 0x00000000
core   0: 0x800028f6 (0x0000597d) c.li    s2, -1
core   0: 3 0x800028f6 (0x597d) x18 0xffffffff
core   0: 0x800028f8 (0x010b15b3) sll     a1, s6, a6
core   0: 3 0x800028f8 (0x010b15b3) x11 0x00000000
core   0: 0x800028fc (0x000008ce) c.slli  a7, 19
core   0: 3 0x800028fc (0x08ce) x17 0xf9800000
core   0: 0x800028fe (0x0ff0000f) fence   iorw,iorw
core   0: 3 0x800028fe (0x0ff0000f)
core   0: 0x80002902 (0x019f0963) beq     t5, s9, pc + 18
core   0: 3 0x80002902 (0x019f0963)
core   0: 0x80002906 (0x0000100f) fence.i
core   0: 3 0x80002906 (0x0000100f)
core   0: 0x8000290a (0x70924993) xori    s3, tp, 1801
core   0: 3 0x8000290a (0x70924993) x19 0x00000709
core   0: 0x8000290e (0x01aac933) xor     s2, s5, s10
core   0: 3 0x8000290e (0x01aac933) x18 0xa97944dc
core   0: 0x80002912 (0x000085ed) c.srai  a1, 27
core   0: 3 0x80002912 (0x85ed) x11 0x00000000
core   0: 0x80002914 (0x0000029e) c.slli  t0, 7
core   0: 3 0x80002914 (0x029e) x 5 0xfffed080
core   0: 0x80002916 (0x00009ace) c.add   s5, s3
core   0: 3 0x80002916 (0x9ace) x21 0x5686bfa5
core   0: 0x80002918 (0x0ff0000f) fence   iorw,iorw
core   0: 3 0x80002918 (0x0ff0000f)
core   0: 0x8000291c (0x00008f5d) c.or    a4, a5
core   0: 3 0x8000291c (0x8f5d) x14 0x80221f7d
core   0: 0x8000291e (0x715df017) auipc   zero, 0x715df
core   0: 3 0x8000291e (0x715df017)
core   0: 0x80002922 (0x1ed08f13) addi    t5, ra, 493
core   0: 3 0x80002922 (0x1ed08f13) x30 0x000001ec
core   0: 0x80002926 (0x0000048a) c.slli  s1, 2
core   0: 3 0x80002926 (0x048a) x 9 0x00000000
core   0: 0x80002928 (0x00008edd) c.or    a3, a5
core   0: 3 0x80002928 (0x8edd) x13 0x80021e64
core   0: 0x8000292a (0x000093ba) c.add   t2, a4
core   0: 3 0x8000292a (0x93ba) x 7 0x80221f7d
core   0: 0x8000292c (0x00004889) c.li    a7, 2
core   0: 3 0x8000292c (0x4889) x17 0x00000002
core   0: 0x8000292e (0x01758333) add     t1, a1, s7
core   0: 3 0x8000292e (0x01758333) x 6 0x0002011e
core   0: 0x80002932 (0x00008135) c.srli  a0, 13
core   0: 3 0x80002932 (0x8135) x10 0x00000000
core   0: 0x80002934 (0x009ccf63) blt     s9, s1, pc + 30
core   0: 3 0x80002934 (0x009ccf63)
core   0: 0x80002938 (0x0ff0000f) fence   iorw,iorw
core   0: 3 0x80002938 (0x0ff0000f)
core   0: 0x8000293c (0x02f77663) bgeu    a4, a5, pc + 44
core   0: 3 0x8000293c (0x02f77663)
core   0: 0x80002968 (0x05801263) bne     zero, s8, pc + 68
core   0: 3 0x80002968 (0x05801263)
core   0: 0x800029ac (0xc8ac6893) ori     a7, s8, -886
core   0: 3 0x800029ac (0xc8ac6893) x17 0xfffffcdb
core   0: 0x800029b0 (0x0000c591) c.beqz  a1, pc + 12
core   0: 3 0x800029b0 (0xc591)
core   0: 0x800029bc (0x008ec563) blt     t4, s0, pc + 10
core   0: 3 0x800029bc (0x008ec563)
core   0: 0x800029c0 (0x00000001) c.nop
core   0: 3 0x800029c0 (0x0001)
core   0: 0x800029c2 (0x417403b3) sub     t2, s0, s7
core   0: 3 0x800029c2 (0x417403b3) x 7 0xfffdff22
core   0: 0x800029c6 (0x02d65663) bge     a2, a3, pc + 44
core   0: 3 0x800029c6 (0x02d65663)
core   0: 0x800029f2 (0x0240b533) mulhu   a0, ra, tp
core   0: 3 0x800029f2 (0x0240b533) x10 0x00000000
core   0: 0x800029f6 (0x019bd8b3) srl     a7, s7, s9
core   0: 3 0x800029f6 (0x019bd8b3) x17 0x0002011e
core   0: 0x800029fa (0x0000e609) c.bnez  a2, pc + 10
core   0: 3 0x800029fa (0xe609)
core   0: 0x80002a04 (0x0203e3b3) rem     t2, t2, zero
core   0: 3 0x80002a04 (0x0203e3b3) x 7 0xfffdff22
core   0: 0x80002a08 (0x01017663) bgeu    sp, a6, pc + 12
core   0: 3 0x80002a08 (0x01017663)
core   0: 0x80002a0c (0x0361bdb3) mulhu   s11, gp, s6
core   0: 3 0x80002a0c (0x0361bdb3) x27 0x00000000
core   0: 0x80002a10 (0x03387833) remu    a6, a6, s3
core   0: 3 0x80002a10 (0x03387833) x16 0x0000007f
core   0: 0x80002a14 (0x0070fe63) bgeu    ra, t2, pc + 28
core   0: 3 0x80002a14 (0x0070fe63)
core   0: 0x80002a30 (0x00008615) c.srai  a2, 5
core   0: 3 0x80002a30 (0x8615) x12 0x00001008
core   0: 0x80002a32 (0x030461b3) rem     gp, s0, a6
core   0: 3 0x80002a32 (0x030461b3) x 3 0x00000040
core   0: 0x80002a36 (0x03dda1b3) mulhsu  gp, s11, t4
core   0: 3 0x80002a36 (0x03dda1b3) x 3 0x00000000
core   0: 0x80002a3a (0x001c6033) or      zero, s8, ra
core   0: 3 0x80002a3a (0x001c6033)
core   0: 0x80002a3e (0x01c39133) sll     sp, t2, t3
core   0: 3 0x80002a3e (0x01c39133) x 2 0x20000000
core   0: 0x80002a42 (0x02a69733) mulh    a4, a3, a0
core   0: 3 0x80002a42 (0x02a69733) x14 0x00000000
core   0: 0x80002a46 (0x00008625) c.srai  a2, 9
core   0: 3 0x80002a46 (0x8625) x12 0x00000008
core   0: 0x80002a48 (0x039ee933) rem     s2, t4, s9
core   0: 3 0x80002a48 (0x039ee933) x18 0x0031f05e
core   0: 0x80002a4c (0x00000e15) c.addi  t3, 5
core   0: 3 0x80002a4c (0x0e15) x28 0x5686b8a1
core   0: 0x80002a4e (0x31627637) lui     a2, 0x31627
core   0: 3 0x80002a4e (0x31627637) x12 0x31627000
core   0: 0x80002a52 (0x00008ca1) c.xor   s1, s0
core   0: 3 0x80002a52 (0x8ca1) x 9 0x00000040
core   0: 0x80002a54 (0xaf87c693) xori    a3, a5, -1288
core   0: 3 0x80002a54 (0xaf87c693) x13 0x7ffde49c
core   0: 0x80002a58 (0x01ec3933) sltu    s2, s8, t5
core   0: 3 0x80002a58 (0x01ec3933) x18 0x00000000
core   0: 0x80002a5c (0x0000eb01) c.bnez  a4, pc + 16
core   0: 3 0x80002a5c (0xeb01)
core   0: 0x80002a5e (0x01f2df63) bge     t0, t6, pc + 30
core   0: 3 0x80002a5e (0x01f2df63)
core   0: 0x80002a62 (0x00008cbe) c.mv    s9, a5
core   0: 3 0x80002a62 (0x8cbe) x25 0x80021e64
core   0: 0x80002a64 (0x404e0b33) sub     s6, t3, tp
core   0: 3 0x80002a64 (0x404e0b33) x22 0x5686b8a1
core   0: 0x80002a68 (0x02ea9563) bne     s5, a4, pc + 42
core   0: 3 0x80002a68 (0x02ea9563)
core   0: 0x80002a92 (0x436ac213) xori    tp, s5, 1078
core   0: 3 0x80002a92 (0x436ac213) x 4 0x5686bb93
core   0: 0x80002a96 (0x2f85c313) xori    t1, a1, 760
core   0: 3 0x80002a96 (0x2f85c313) x 6 0x000002f8
core   0: 0x80002a9a (0x72c68017) auipc   zero, 0x72c68
core   0: 3 0x80002a9a (0x72c68017)
core   0: 0x80002a9e (0x00000001) c.nop
core   0: 3 0x80002a9e (0x0001)
core   0: 0x80002aa0 (0x033b5f63) bge     s6, s3, pc + 62
core   0: 3 0x80002aa0 (0x033b5f63)
core   0: 0x80002ade (0x00803ab3) snez    s5, s0
core   0: 3 0x80002ade (0x00803ab3) x21 0x00000001
core   0: 0x80002ae2 (0x0000117d) c.addi  sp, -1
core   0: 3 0x80002ae2 (0x117d) x 2 0x1fffffff
core   0: 0x80002ae4 (0x00009a7d) c.andi  a2, -1
core   0: 3 0x80002ae4 (0x9a7d) x12 0x31627000
core   0: 0x80002ae6 (0x08eefd93) andi    s11, t4, 142
core   0: 3 0x80002ae6 (0x08eefd93) x27 0x0000000e
core   0: 0x80002aea (0x0a5b0613) addi    a2, s6, 165
core   0: 3 0x80002aea (0x0a5b0613) x12 0x5686b946
core   0: 0x80002aee (0x0390bab3) mulhu   s5, ra, s9
core   0: 3 0x80002aee (0x0390bab3) x21 0x80021e63
core   0: 0x80002af2 (0x00000398) c.addi4spn a4, sp, 448
core   0: 3 0x80002af2 (0x0398) x14 0x200001bf
core   0: 0x80002af4 (0x03812833) mulhsu  a6, sp, s8
core   0: 3 0x80002af4 (0x03812833) x16 0x1fbe788a
core   0: 0x80002af8 (0x0000100f) fence.i
core   0: 3 0x80002af8 (0x0000100f)
core   0: 0x80002afc (0x140be093) ori     ra, s7, 320
core   0: 3 0x80002afc (0x140be093) x 1 0x0002015e
core   0: 0x80002b00 (0x000003de) c.slli  t2, 23
core   0: 3 0x80002b00 (0x03de) x 7 0x91000000
core   0: 0x80002b02 (0x00008dd5) c.or    a1, a3
core   0: 3 0x80002b02 (0x8dd5) x11 0x7ffde49c
core   0: 0x80002b04 (0x00008996) c.mv    s3, t0
core   0: 3 0x80002b04 (0x8996) x19 0xfffed080
core   0: 0x80002b06 (0x0000717d) c.addi16sp sp, -16
core   0: 3 0x80002b06 (0x717d) x 2 0x1fffffef
core   0: 0x80002b08 (0x03ae0ab3) mul     s5, t3, s10
core   0: 3 0x80002b08 (0x03ae0ab3) x21 0x86cba440
core   0: 0x80002b0c (0x00de9533) sll     a0, t4, a3
core   0: 3 0x80002b0c (0x00de9533) x10 0xe0000000
core   0: 0x80002b10 (0x00009e96) c.add   t4, t0
core   0: 3 0x80002b10 (0x9e96) x29 0x0030c0de
core   0: 0x80002b12 (0x00fd7933) and     s2, s10, a5
core   0: 3 0x80002b12 (0x00fd7933) x18 0x80021c40
core   0: 0x80002b16 (0x00f32eb3) slt     t4, t1, a5
core   0: 3 0x80002b16 (0x00f32eb3) x29 0x00000000
core   0: 0x80002b1a (0x00004215) c.li    tp, 5
core   0: 3 0x80002b1a (0x4215) x 4 0x00000005
core   0: 0x80002b1c (0x03befb33) remu    s6, t4, s11
core   0: 3 0x80002b1c (0x03befb33) x22 0x00000000
core   0: 0x80002b20 (0x00008d46) c.mv    s10, a7
core   0: 3 0x80002b20 (0x8d46) x26 0x0002011e
core   0: 0x80002b22 (0x0383fdb3) remu    s11, t2, s8
core   0: 3 0x80002b22 (0x0383fdb3) x27 0x91000000
core   0: 0x80002b26 (0x00009be2) c.add   s7, s8
core   0: 3 0x80002b26 (0x9be2) x23 0xfdf5c579
core   0: 0x80002b28 (0x0000898d) c.andi  a1, 3
core   0: 3 0x80002b28 (0x898d) x11 0x00000000
core   0: 0x80002b2a (0x03801eb3) mulh    t4, zero, s8
core   0: 3 0x80002b2a (0x03801eb3) x29 0x00000000
core   0: 0x80002b2e (0x02208d63) beq     ra, sp, pc + 58
core   0: 3 0x80002b2e (0x02208d63)
core   0: 0x80002b32 (0x62803093) sltiu   ra, zero, 1576
core   0: 3 0x80002b32 (0x62803093) x 1 0x00000001
core   0: 0x80002b36 (0x37676917) auipc   s2, 0x37676
core   0: 3 0x80002b36 (0x37676917) x18 0xb7678b36
core   0: 0x80002b3a (0x0147cdb3) xor     s11, a5, s4
core   0: 3 0x80002b3a (0x0147cdb3) x27 0x00004280
core   0: 0x80002b3e (0x012adb13) srli    s6, s5, 18
core   0: 3 0x80002b3e (0x012adb13) x22 0x000021b2
core   0: 0x80002b42 (0x02e278b3) remu    a7, tp, a4
core   0: 3 0x80002b42 (0x02e278b3) x17 0x00000005
core   0: 0x80002b46 (0x88e92b93) slti    s7, s2, -1906
core   0: 3 0x80002b46 (0x88e92b93) x23 0x00000001
core   0: 0x80002b4a (0x02b70e33) mul     t3, a4, a1
core   0: 3 0x80002b4a (0x02b70e33) x28 0x00000000
core   0: 0x80002b4e (0x000048e5) c.li    a7, 25
core   0: 3 0x80002b4e (0x48e5) x17 0x00000019
core   0: 0x80002b50 (0x0000717d) c.addi16sp sp, -16
core   0: 3 0x80002b50 (0x717d) x 2 0x1fffffdf
core   0: 0x80002b52 (0x0334e333) rem     t1, s1, s3
core   0: 3 0x80002b52 (0x0334e333) x 6 0x00000040
core   0: 0x80002b56 (0x004346b3) xor     a3, t1, tp
core   0: 3 0x80002b56 (0x004346b3) x13 0x00000045
core   0: 0x80002b5a (0x00006ebd) c.lui   t4, 0xf
core   0: 3 0x80002b5a (0x6ebd) x29 0x0000f000
core   0: 0x80002b5c (0x04307263) bgeu    zero, gp, pc + 68
core   0: 3 0x80002b5c (0x04307263)
core   0: 0x80002ba0 (0x008f9e33) sll     t3, t6, s0
core   0: 3 0x80002ba0 (0x008f9e33) x28 0x00000000
core   0: 0x80002ba4 (0x036ae8b3) rem     a7, s5, s6
core   0: 3 0x80002ba4 (0x036ae8b3) x17 0xffffe422
core   0: 0x80002ba8 (0x00001904) c.addi4spn s1, sp, 176
core   0: 3 0x80002ba8 (0x1904) x 9 0x2000008f
core   0: 0x80002baa (0x0000c495) c.beqz  s1, pc + 44
core   0: 3 0x80002baa (0xc495)
core   0: 0x80002bac (0x023afd33) remu    s10, s5, gp
core   0: 3 0x80002bac (0x023afd33) x26 0x86cba440
core   0: 0x80002bb0 (0xe64fc013) xori    zero, t6, -412
core   0: 3 0x80002bb0 (0xe64fc013)
core   0: 0x80002bb4 (0x0ff0000f) fence   iorw,iorw
core   0: 3 0x80002bb4 (0x0ff0000f)
core   0: 0x80002bb8 (0x0000813d) c.srli  a0, 15
core   0: 3 0x80002bb8 (0x813d) x10 0x0001c000
core   0: 0x80002bba (0x0242a533) mulhsu  a0, t0, tp
core   0: 3 0x80002bba (0x0242a533) x10 0xffffffff
core   0: 0x80002bbe (0x00008e19) c.sub   a2, a4
core   0: 3 0x80002bbe (0x8e19) x12 0x3686b787
core   0: 0x80002bc0 (0x00008df1) c.and   a1, a2
core   0: 3 0x80002bc0 (0x8df1) x11 0x00000000
core   0: 0x80002bc2 (0x00001dfd) c.addi  s11, -1
core   0: 3 0x80002bc2 (0x1dfd) x27 0x0000427f
core   0: 0x80002bc4 (0x5f3d4c97) auipc   s9, 0x5f3d4
core   0: 3 0x80002bc4 (0x5f3d4c97) x25 0xdf3d6bc4
core   0: 0x80002bc8 (0x0ff0000f) fence   iorw,iorw
core   0: 3 0x80002bc8 (0x0ff0000f)
core   0: 0x80002bcc (0x00a4df33) srl     t5, s1, a0
core   0: 3 0x80002bcc (0x00a4df33) x30 0x00000000
core   0: 0x80002bd0 (0x00ab5433) srl     s0, s6, a0
core   0: 3 0x80002bd0 (0x00ab5433) x 8 0x00000000
core   0: 0x80002bd4 (0x0000717d) c.addi16sp sp, -16
core   0: 3 0x80002bd4 (0x717d) x 2 0x1fffffcf
core   0: 0x80002bd6 (0x22e35a97) auipc   s5, 0x22e35
core   0: 3 0x80002bd6 (0x22e35a97) x21 0xa2e37bd6
core   0: 0x80002bda (0x0000643d) c.lui   s0, 0xf
core   0: 3 0x80002bda (0x643d) x 8 0x0000f000
core   0: 0x80002bdc (0x00d9a733) slt     a4, s3, a3
core   0: 3 0x80002bdc (0x00d9a733) x14 0x00000001
core   0: 0x80002be0 (0x00009cee) c.add   s9, s11
core   0: 3 0x80002be0 (0x9cee) x25 0xdf3dae43
core   0: 0x80002be2 (0x0000830e) c.mv    t1, gp
core   0: 3 0x80002be2 (0x830e) x 6 0x00000000
core   0: 0x80002be4 (0x7d68bf13) sltiu   t5, a7, 2006
core   0: 3 0x80002be4 (0x7d68bf13) x30 0x00000000
core   0: 0x80002be8 (0x0f89c993) xori    s3, s3, 248
core   0: 3 0x80002be8 (0x0f89c993) x19 0xfffed078
core   0: 0x80002bec (0x00001cfd) c.addi  s9, -1
core   0: 3 0x80002bec (0x1cfd) x25 0xdf3dae42
core   0: 0x80002bee (0x034a0d63) beq     s4, s4, pc + 58
core   0: 3 0x80002bee (0x034a0d63)
core   0: 0x80002c28 (0x016ee033) or      zero, t4, s6
core   0: 3 0x80002c28 (0x016ee033)
core   0: 0x80002c2c (0x0000849e) c.mv    s1, t2
core   0: 3 0x80002c2c (0x849e) x 9 0x91000000
core   0: 0x80002c2e (0x00000001) c.nop
core   0: 3 0x80002c2e (0x0001)
core   0: 0x80002c30 (0xeb402213) slti    tp, zero, -332
core   0: 3 0x80002c30 (0xeb402213) x 4 0x00000000
core   0: 0x80002c34 (0x00bb5713) srli    a4, s6, 11
core   0: 3 0x80002c34 (0x00bb5713) x14 0x00000004
core   0: 0x80002c38 (0x00000001) c.nop
core   0: 3 0x80002c38 (0x0001)
core   0: 0x80002c3a (0x005bebb3) or      s7, s7, t0
core   0: 3 0x80002c3a (0x005bebb3) x23 0xfffed081
core   0: 0x80002c3e (0x03173433) mulhu   s0, a4, a7
core   0: 3 0x80002c3e (0x03173433) x 8 0x00000003
core   0: 0x80002c42 (0x479a0e93) addi    t4, s4, 1145
core   0: 3 0x80002c42 (0x479a0e93) x29 0x8002615d
core   0: 0x80002c46 (0x0000167d) c.addi  a2, -1
core   0: 3 0x80002c46 (0x167d) x12 0x3686b786
core   0: 0x80002c48 (0x584ebc93) sltiu   s9, t4, 1412
core   0: 3 0x80002c48 (0x584ebc93) x25 0x00000000
core   0: 0x80002c4c (0x020b66b3) rem     a3, s6, zero
core   0: 3 0x80002c4c (0x020b66b3) x13 0x000021b2
core   0: 0x80002c50 (0x023f2333) mulhsu  t1, t5, gp
core   0: 3 0x80002c50 (0x023f2333) x 6 0x00000000
core   0: 0x80002c54 (0x00000001) c.nop
core   0: 3 0x80002c54 (0x0001)
core   0: 0x80002c56 (0x000f1293) slli    t0, t5, 0
core   0: 3 0x80002c56 (0x000f1293) x 5 0x00000000
core   0: 0x80002c5a (0x412fd013) srai    zero, t6, 18
core   0: 3 0x80002c5a (0x412fd013)
core   0: 0x80002c5e (0x00c9cb63) blt     s3, a2, pc + 22
core   0: 3 0x80002c5e (0x00c9cb63)
core   0: 0x80002c74 (0x00008cb5) c.xor   s1, a3
core   0: 3 0x80002c74 (0x8cb5) x 9 0x910021b2
core   0: 0x80002c76 (0x00008e01) c.sub   a2, s0
core   0: 3 0x80002c76 (0x8e01) x12 0x3686b783
core   0: 0x80002c78 (0x00001500) c.addi4spn s0, sp, 672
core   0: 3 0x80002c78 (0x1500) x 8 0x2000026f
core   0: 0x80002c7a (0x416bdf33) sra     t5, s7, s6
core   0: 3 0x80002c7a (0x416bdf33) x30 0xffffffff
core   0: 0x80002c7e (0x00dc9e13) slli    t3, s9, 13
core   0: 3 0x80002c7e (0x00dc9e13) x28 0x00000000
core   0: 0x80002c82 (0x03bc90b3) mulh    ra, s9, s11
core   0: 3 0x80002c82 (0x03bc90b3) x 1 0x00000000
core   0: 0x80002c86 (0x006ea033) slt     zero, t4, t1
core   0: 3 0x80002c86 (0x006ea033)
core   0: 0x80002c8a (0xdb1ee893) ori     a7, t4, -591
core   0: 3 0x80002c8a (0xdb1ee893) x17 0xfffffdfd
core   0: 0x80002c8e (0x00008e6d) c.and   a2, a1
core   0: 3 0x80002c8e (0x8e6d) x12 0x00000000
core   0: 0x80002c90 (0x0280a833) mulhsu  a6, ra, s0
core   0: 3 0x80002c90 (0x0280a833) x16 0x00000000
core   0: 0x80002c94 (0x41a18533) sub     a0, gp, s10
core   0: 3 0x80002c94 (0x41a18533) x10 0x79345bc0
core   0: 0x80002c98 (0x4165d893) srai    a7, a1, 22
core   0: 3 0x80002c98 (0x4165d893) x17 0x00000000
core   0: 0x80002c9c (0x0000831d) c.srli  a4, 7
core   0: 3 0x80002c9c (0x831d) x14 0x00000000
core   0: 0x80002c9e (0x03989d63) bne     a7, s9, pc + 58
core   0: 3 0x80002c9e (0x03989d63)
core   0: 0x80002ca2 (0x028e29b3) mulhsu  s3, t3, s0
core   0: 3 0x80002ca2 (0x028e29b3) x19 0x00000000
core   0: 0x80002ca6 (0x0000852d) c.srai  a0, 11
core   0: 3 0x80002ca6 (0x852d) x10 0x000f268b
core   0: 0x80002ca8 (0x00000290) c.addi4spn a2, sp, 320
core   0: 3 0x80002ca8 (0x0290) x12 0x2000010f
core   0: 0x80002caa (0x02c4de33) divu    t3, s1, a2
core   0: 3 0x80002caa (0x02c4de33) x28 0x00000004
core   0: 0x80002cae (0x000005da) c.slli  a1, 22
core   0: 3 0x80002cae (0x05da) x11 0x00000000
core   0: 0x80002cb0 (0x410ad393) srai    t2, s5, 16
core   0: 3 0x80002cb0 (0x410ad393) x 7 0xffffa2e3
core   0: 0x80002cb4 (0x00005ffd) c.li    t6, -1
core   0: 3 0x80002cb4 (0x5ffd) x31 0xffffffff
core   0: 0x80002cb6 (0x00008ec9) c.or    a3, a0
core   0: 3 0x80002cb6 (0x8ec9) x13 0x000f27bb
core   0: 0x80002cb8 (0x014c7663) bgeu    s8, s4, pc + 12
core   0: 3 0x80002cb8 (0x014c7663)
core   0: 0x80002cc4 (0x000041f1) c.li    gp, 28
core   0: 3 0x80002cc4 (0x41f1) x 3 0x0000001c
core   0: 0x80002cc6 (0x01281293) slli    t0, a6, 18
core   0: 3 0x80002cc6 (0x01281293) x 5 0x00000000
core   0: 0x80002cca (0x015cf663) bgeu    s9, s5, pc + 12
core   0: 3 0x80002cca (0x015cf663)
core   0: 0x80002cce (0x2abb9337) lui     t1, 0x2abb9
core   0: 3 0x80002cce (0x2abb9337) x 6 0x2abb9000
core   0: 0x80002cd2 (0x0129e4b3) or      s1, s3, s2
core   0: 3 0x80002cd2 (0x0129e4b3) x 9 0xb7678b36
core   0: 0x80002cd6 (0x00006465) c.lui   s0, 0x19
core   0: 3 0x80002cd6 (0x6465) x 8 0x00019000
core   0: 0x80002cd8 (0x4199de93) srai    t4, s3, 25
core   0: 3 0x80002cd8 (0x4199de93) x29 0x00000000
core   0: 0x80002cdc (0x00000001) c.nop
core   0: 3 0x80002cdc (0x0001)
core   0: 0x80002cde (0x0ff0000f) fence   iorw,iorw
core   0: 3 0x80002cde (0x0ff0000f)
core   0: 0x80002ce2 (0x0000100f) fence.i
core   0: 3 0x80002ce2 (0x0000100f)
core   0: 0x80002ce6 (0x008d7433) and     s0, s10, s0
core   0: 3 0x80002ce6 (0x008d7433) x 8 0x00018000
core   0: 0x80002cea (0x01c4ab33) slt     s6, s1, t3
core   0: 3 0x80002cea (0x01c4ab33) x22 0x00000001
core   0: 0x80002cee (0x41cd8933) sub     s2, s11, t3
core   0: 3 0x80002cee (0x41cd8933) x18 0x0000427b
core   0: 0x80002cf2 (0x019ad393) srli    t2, s5, 25
core   0: 3 0x80002cf2 (0x019ad393) x 7 0x00000051
core   0: 0x80002cf6 (0x00fbf5b3) and     a1, s7, a5
core   0: 3 0x80002cf6 (0x00fbf5b3) x11 0x80021000
core   0: 0x80002cfa (0x00006d95) c.lui   s11, 0x5
core   0: 3 0x80002cfa (0x6d95) x27 0x00005000
core   0: 0x80002cfc (0x0000e919) c.bnez  a0, pc + 22
core   0: 3 0x80002cfc (0xe919)
core   0: 0x80002d12 (0x0106d563) bge     a3, a6, pc + 10
core   0: 3 0x80002d12 (0x0106d563)
core   0: 0x80002d1c (0x000088dd) c.andi  s1, 23
core   0: 3 0x80002d1c (0x88dd) x 9 0x00000016
core   0: 0x80002d1e (0x011e2b33) slt     s6, t3, a7
core   0: 3 0x80002d1e (0x011e2b33) x22 0x00000000
core   0: 0x80002d22 (0x00501593) slli    a1, zero, 5
core   0: 3 0x80002d22 (0x00501593) x11 0x00000000
core   0: 0x80002d26 (0x022e3933) mulhu   s2, t3, sp
core   0: 3 0x80002d26 (0x022e3933) x18 0x00000000
core   0: 0x80002d2a (0x03a1c1b3) div     gp, gp, s10
core   0: 3 0x80002d2a (0x03a1c1b3) x 3 0x00000000
core   0: 0x80002d2e (0x01e6d6b3) srl     a3, a3, t5
core   0: 3 0x80002d2e (0x01e6d6b3) x13 0x00000000
core   0: 0x80002d32 (0x028886b3) mul     a3, a7, s0
core   0: 3 0x80002d32 (0x028886b3) x13 0x00000000
core   0: 0x80002d36 (0x12d7f913) andi    s2, a5, 301
core   0: 3 0x80002d36 (0x12d7f913) x18 0x00000024
core   0: 0x80002d3a (0x008f8db3) add     s11, t6, s0
core   0: 3 0x80002d3a (0x008f8db3) x27 0x00017fff
core   0: 0x80002d3e (0x16977e13) andi    t3, a4, 361
core   0: 3 0x80002d3e (0x16977e13) x28 0x00000000
core   0: 0x80002d42 (0x056f0063) beq     t5, s6, pc + 64
core   0: 3 0x80002d42 (0x056f0063)
core   0: 0x80002d46 (0x0000ef01) c.bnez  a4, pc + 24
core   0: 3 0x80002d46 (0xef01)
core   0: 0x80002d48 (0x00ab1f63) bne     s6, a0, pc + 30
core   0: 3 0x80002d48 (0x00ab1f63)
core   0: 0x80002d66 (0x0000127d) c.addi  tp, -1
core   0: 3 0x80002d66 (0x127d) x 4 0xffffffff
core   0: 0x80002d68 (0x01bd6cb3) or      s9, s10, s11
core   0: 3 0x80002d68 (0x01bd6cb3) x25 0x86cbffff
core   0: 0x80002d6c (0x00c94263) blt     s2, a2, pc + 4
core   0: 3 0x80002d6c (0x00c94263)
core   0: 0x80002d70 (0x000099fd) c.andi  a1, -1
core   0: 3 0x80002d70 (0x99fd) x11 0x00000000
core   0: 0x80002d72 (0x00008255) c.srli  a2, 21
core   0: 3 0x80002d72 (0x8255) x12 0x00000100
core   0: 0x80002d74 (0x5942f997) auipc   s3, 0x5942f
core   0: 3 0x80002d74 (0x5942f997) x19 0xd9431d74
core   0: 0x80002d78 (0x00000872) c.slli  a6, 28
core   0: 3 0x80002d78 (0x0872) x16 0x00000000
core   0: 0x80002d7a (0x017edcb3) srl     s9, t4, s7
core   0: 3 0x80002d7a (0x017edcb3) x25 0x00000000
core   0: 0x80002d7e (0x03248763) beq     s1, s2, pc + 46
core   0: 3 0x80002d7e (0x03248763)
core   0: 0x80002d82 (0x00000696) c.slli  a3, 5
core   0: 3 0x80002d82 (0x0696) x13 0x00000000
core   0: 0x80002d84 (0x00299393) slli    t2, s3, 2
core   0: 3 0x80002d84 (0x00299393) x 7 0x650c75d0
core   0: 0x80002d88 (0x00000001) c.nop
core   0: 3 0x80002d88 (0x0001)
core   0: 0x80002d8a (0x94068693) addi    a3, a3, -1728
core   0: 3 0x80002d8a (0x94068693) x13 0xfffff940
core   0: 0x80002d8e (0x0000964e) c.add   a2, s3
core   0: 3 0x80002d8e (0x964e) x12 0xd9431e74
core   0: 0x80002d90 (0x03891333) mulh    t1, s2, s8
core   0: 3 0x80002d90 (0x03891333) x 6 0xffffffff
core   0: 0x80002d94 (0x01b86f33) or      t5, a6, s11
core   0: 3 0x80002d94 (0x01b86f33) x30 0x00017fff
core   0: 0x80002d98 (0xf4820f93) addi    t6, tp, -184
core   0: 3 0x80002d98 (0xf4820f93) x31 0xffffff47
core   0: 0x80002d9c (0x00008de9) c.and   a1, a0
core   0: 3 0x80002d9c (0x8de9) x11 0x00000000
core   0: 0x80002d9e (0x00e63b33) sltu    s6, a2, a4
core   0: 3 0x80002d9e (0x00e63b33) x22 0x00000000
core   0: 0x80002da2 (0x00008ef9) c.and   a3, a4
core   0: 3 0x80002da2 (0x8ef9) x13 0x00000000
core   0: 0x80002da4 (0xcccee193) ori     gp, t4, -820
core   0: 3 0x80002da4 (0xcccee193) x 3 0xfffffccc
core   0: 0x80002da8 (0x0312a533) mulhsu  a0, t0, a7
core   0: 3 0x80002da8 (0x0312a533) x10 0x00000000
core   0: 0x80002dac (0x02120db3) mul     s11, tp, ra
core   0: 3 0x80002dac (0x02120db3) x27 0x00000000
core   0: 0x80002db0 (0x00008695) c.srai  a3, 5
core   0: 3 0x80002db0 (0x8695) x13 0x00000000
core   0: 0x80002db2 (0x01599a63) bne     s3, s5, pc + 20
core   0: 3 0x80002db2 (0x01599a63)
core   0: 0x80002dc6 (0x00006111) c.addi16sp sp, 256
core   0: 3 0x80002dc6 (0x6111) x 2 0x200000cf
core   0: 0x80002dc8 (0x01790763) beq     s2, s7, pc + 14
core   0: 3 0x80002dc8 (0x01790763)
core   0: 0x80002dcc (0x02a45463) bge     s0, a0, pc + 40
core   0: 3 0x80002dcc (0x02a45463)
core   0: 0x80002df4 (0x00000371) c.addi  t1, 28
core   0: 3 0x80002df4 (0x0371) x 6 0x0000001b
core   0: 0x80002df6 (0x367b3993) sltiu   s3, s6, 871
core   0: 3 0x80002df6 (0x367b3993) x19 0x00000001
core   0: 0x80002dfa (0x76a11217) auipc   tp, 0x76a11
core   0: 3 0x80002dfa (0x76a11217) x 4 0xf6a13dfa
core   0: 0x80002dfe (0x00008729) c.srai  a4, 10
core   0: 3 0x80002dfe (0x8729) x14 0x00000000
core   0: 0x80002e00 (0x00008e81) c.sub   a3, s0
core   0: 3 0x80002e00 (0x8e81) x13 0xfffe8000
core   0: 0x80002e02 (0x00008e5d) c.or    a2, a5
core   0: 3 0x80002e02 (0x8e5d) x12 0xd9431e74
core   0: 0x80002e04 (0xcedf7d97) auipc   s11, 0xcedf7
core   0: 3 0x80002e04 (0xcedf7d97) x27 0x4edf9e04
core   0: 0x80002e08 (0xb03f7e13) andi    t3, t5, -1277
core   0: 3 0x80002e08 (0xb03f7e13) x28 0x00017b03
core   0: 0x80002e0c (0xdf1b8093) addi    ra, s7, -527
core   0: 3 0x80002e0c (0xdf1b8093) x 1 0xfffece72
core   0: 0x80002e10 (0x00008e75) c.and   a2, a3
core   0: 3 0x80002e10 (0x8e75) x12 0xd9420000
core   0: 0x80002e12 (0x000086f1) c.srai  a3, 28
core   0: 3 0x80002e12 (0x86f1) x13 0xffffffff
core   0: 0x80002e14 (0x01c66833) or      a6, a2, t3
core   0: 3 0x80002e14 (0x01c66833) x16 0xd9437b03
core   0: 0x80002e18 (0x012d3933) sltu    s2, s10, s2
core   0: 3 0x80002e18 (0x012d3933) x18 0x00000000
core   0: 0x80002e1c (0x00cf7463) bgeu    t5, a2, pc + 8
core   0: 3 0x80002e1c (0x00cf7463)
core   0: 0x80002e20 (0x00008caa) c.mv    s9, a0
core   0: 3 0x80002e20 (0x8caa) x25 0x00000000
core   0: 0x80002e22 (0x00000001) c.nop
core   0: 3 0x80002e22 (0x0001)
core   0: 0x80002e24 (0x00001afd) c.addi  s5, -1
core   0: 3 0x80002e24 (0x1afd) x21 0xa2e37bd5
core   0: 0x80002e26 (0x028b7ab3) remu    s5, s6, s0
core   0: 3 0x80002e26 (0x028b7ab3) x21 0x00000000
core   0: 0x80002e2a (0x00006d49) c.lui   s10, 0x12
core   0: 3 0x80002e2a (0x6d49) x26 0x00012000
core   0: 0x80002e2c (0xb3be2a93) slti    s5, t3, -1221
core   0: 3 0x80002e2c (0xb3be2a93) x21 0x00000000
core   0: 0x80002e30 (0x41575f13) srai    t5, a4, 21
core   0: 3 0x80002e30 (0x41575f13) x30 0x00000000
core   0: 0x80002e34 (0x00008b4d) c.andi  a4, 19
core   0: 3 0x80002e34 (0x8b4d) x14 0x00000000
core   0: 0x80002e36 (0x02979c63) bne     a5, s1, pc + 56
core   0: 3 0x80002e36 (0x02979c63)
core   0: 0x80002e6e (0x00005cfd) c.li    s9, -1
core   0: 3 0x80002e6e (0x5cfd) x25 0xffffffff
core   0: 0x80002e70 (0x020d23b3) mulhsu  t2, s10, zero
core   0: 3 0x80002e70 (0x020d23b3) x 7 0x00000000
core   0: 0x80002e74 (0x00000001) c.nop
core   0: 3 0x80002e74 (0x0001)
core   0: 0x80002e76 (0x12266817) auipc   a6, 0x12266
core   0: 3 0x80002e76 (0x12266817) x16 0x92268e76
core   0: 0x80002e7a (0x40890033) sub     zero, s2, s0
core   0: 3 0x80002e7a (0x40890033)
core   0: 0x80002e7e (0xebecb293) sltiu   t0, s9, -322
core   0: 3 0x80002e7e (0xebecb293) x 5 0x00000000
core   0: 0x80002e82 (0x0000100f) fence.i
core   0: 3 0x80002e82 (0x0000100f)
core   0: 0x80002e86 (0x01c80533) add     a0, a6, t3
core   0: 3 0x80002e86 (0x01c80533) x10 0x92280979
core   0: 0x80002e8a (0x00000001) c.nop
core   0: 3 0x80002e8a (0x0001)
core   0: 0x80002e8c (0x0000898d) c.andi  a1, 3
core   0: 3 0x80002e8c (0x898d) x11 0x00000000
core   0: 0x80002e8e (0x40fb5d33) sra     s10, s6, a5
core   0: 3 0x80002e8e (0x40fb5d33) x26 0x00000000
core   0: 0x80002e92 (0x41d85393) srai    t2, a6, 29
core   0: 3 0x80002e92 (0x41d85393) x 7 0xfffffffc
core   0: 0x80002e96 (0x02ac0063) beq     s8, a0, pc + 32
core   0: 3 0x80002e96 (0x02ac0063)
core   0: 0x80002e9a (0x0133f8b3) and     a7, t2, s3
core   0: 3 0x80002e9a (0x0133f8b3) x17 0x00000000
core   0: 0x80002e9e (0x77082317) auipc   t1, 0x77082
core   0: 3 0x80002e9e (0x77082317) x 6 0xf7084e9e
core   0: 0x80002ea2 (0x41a65813) srai    a6, a2, 26
core   0: 3 0x80002ea2 (0x41a65813) x16 0xfffffff6
core   0: 0x80002ea6 (0x41d10433) sub     s0, sp, t4
core   0: 3 0x80002ea6 (0x41d10433) x 8 0x200000cf
core   0: 0x80002eaa (0x02deefb3) rem     t6, t4, a3
core   0: 3 0x80002eaa (0x02deefb3) x31 0x00000000
core   0: 0x80002eae (0x03d9ed33) rem     s10, s3, t4
core   0: 3 0x80002eae (0x03d9ed33) x26 0x00000001
core   0: 0x80002eb2 (0x002110b3) sll     ra, sp, sp
core   0: 3 0x80002eb2 (0x002110b3) x 1 0x00678000
core   0: 0x80002eb6 (0xc1d1d697) auipc   a3, 0xc1d1d
core   0: 3 0x80002eb6 (0xc1d1d697) x13 0x41d1feb6
core   0: 0x80002eba (0x1d1fe337) lui     t1, 0x1d1fe
core   0: 3 0x80002eba (0x1d1fe337) x 6 0x1d1fe000
core   0: 0x80002ebe (0x00000001) c.nop
core   0: 3 0x80002ebe (0x0001)
core   0: 0x80002ec0 (0x00000ed2) c.slli  t4, 20
core   0: 3 0x80002ec0 (0x0ed2) x29 0x00000000
core   0: 0x80002ec2 (0x40e8d733) sra     a4, a7, a4
core   0: 3 0x80002ec2 (0x40e8d733) x14 0x00000000
core   0: 0x80002ec6 (0x0ff0000f) fence   iorw,iorw
core   0: 3 0x80002ec6 (0x0ff0000f)
core   0: 0x80002eca (0x41ad0b33) sub     s6, s10, s10
core   0: 3 0x80002eca (0x41ad0b33) x22 0x00000000
core   0: 0x80002ece (0x414b0b33) sub     s6, s6, s4
core   0: 3 0x80002ece (0x414b0b33) x22 0x7ffda31c
core   0: 0x80002ed2 (0x9e036d97) auipc   s11, 0x9e036
core   0: 3 0x80002ed2 (0x9e036d97) x27 0x1e038ed2
core   0: 0x80002ed6 (0x0ff0000f) fence   iorw,iorw
core   0: 3 0x80002ed6 (0x0ff0000f)
core   0: 0x80002eda (0xca1db813) sltiu   a6, s11, -863
core   0: 3 0x80002eda (0xca1db813) x16 0x00000001
core   0: 0x80002ede (0x02697c63) bgeu    s2, t1, pc + 56
core   0: 3 0x80002ede (0x02697c63)
core   0: 0x80002ee2 (0xa8737513) andi    a0, t1, -1401
core   0: 3 0x80002ee2 (0xa8737513) x10 0x1d1fe000
core   0: 0x80002ee6 (0x00000001) c.nop
core   0: 3 0x80002ee6 (0x0001)
core   0: 0x80002ee8 (0x80e23293) sltiu   t0, tp, -2034
core   0: 3 0x80002ee8 (0x80e23293) x 5 0x00000001
core   0: 0x80002eec (0x01c57763) bgeu    a0, t3, pc + 14
core   0: 3 0x80002eec (0x01c57763)
core   0: 0x80002efa (0x00000494) c.addi4spn a3, sp, 576
core   0: 3 0x80002efa (0x0494) x13 0x2000030f
core   0: 0x80002efc (0x00008f6e) c.mv    t5, s11
core   0: 3 0x80002efc (0x8f6e) x30 0x1e038ed2
core   0: 0x80002efe (0x00f51a63) bne     a0, a5, pc + 20
core   0: 3 0x80002efe (0x00f51a63)
core   0: 0x80002f12 (0x00559cb3) sll     s9, a1, t0
core   0: 3 0x80002f12 (0x00559cb3) x25 0x00000000
core   0: 0x80002f16 (0x00008fd6) c.mv    t6, s5
core   0: 3 0x80002f16 (0x8fd6) x31 0x00000000
core   0: 0x80002f18 (0x013ee033) or      zero, t4, s3
core   0: 3 0x80002f18 (0x013ee033)
core   0: 0x80002f1c (0x00000001) c.nop
core   0: 3 0x80002f1c (0x0001)
core   0: 0x80002f1e (0x027c0833) mul     a6, s8, t2
core   0: 3 0x80002f1e (0x027c0833) x16 0x0830ee94
core   0: 0x80002f22 (0x01770233) add     tp, a4, s7
core   0: 3 0x80002f22 (0x01770233) x 4 0xfffed081
core   0: 0x80002f26 (0xf43b3193) sltiu   gp, s6, -189
core   0: 3 0x80002f26 (0xf43b3193) x 3 0x00000001
core   0: 0x80002f2a (0x000086a2) c.mv    a3, s0
core   0: 3 0x80002f2a (0x86a2) x13 0x200000cf
core   0: 0x80002f2c (0x00875093) srli    ra, a4, 8
core   0: 3 0x80002f2c (0x00875093) x 1 0x00000000
core   0: 0x80002f30 (0x418200b3) sub     ra, tp, s8
core   0: 3 0x80002f30 (0x418200b3) x 1 0x020b0c26
core   0: 0x80002f34 (0x00008095) c.srli  s1, 5
core   0: 3 0x80002f34 (0x8095) x 9 0x00000000
core   0: 0x80002f36 (0x0176f433) and     s0, a3, s7
core   0: 3 0x80002f36 (0x0176f433) x 8 0x20000081
core   0: 0x80002f3a (0x00008d41) c.or    a0, s0
core   0: 3 0x80002f3a (0x8d41) x10 0x3d1fe081
core   0: 0x80002f3c (0x0288a733) mulhsu  a4, a7, s0
core   0: 3 0x80002f3c (0x0288a733) x14 0x00000000
core   0: 0x80002f40 (0x8c263697) auipc   a3, 0x8c263
core   0: 3 0x80002f40 (0x8c263697) x13 0x0c265f40
core   0: 0x80002f44 (0x00000445) c.addi  s0, 17
core   0: 3 0x80002f44 (0x0445) x 8 0x20000092
core   0: 0x80002f46 (0x00191693) slli    a3, s2, 1
core   0: 3 0x80002f46 (0x00191693) x13 0x00000000
core   0: 0x80002f4a (0x0000080e) c.slli  a6, 3
core   0: 3 0x80002f4a (0x080e) x16 0x418774a0
core   0: 0x80002f4c (0x010d5813) srli    a6, s10, 16
core   0: 3 0x80002f4c (0x010d5813) x16 0x00000000
core   0: 0x80002f50 (0x02b6e563) bltu    a3, a1, pc + 42
core   0: 3 0x80002f50 (0x02b6e563)
core   0: 0x80002f54 (0x14486e93) ori     t4, a6, 324
core   0: 3 0x80002f54 (0x14486e93) x29 0x00000144
core   0: 0x80002f58 (0x034bda63) bge     s7, s4, pc + 52
core   0: 3 0x80002f58 (0x034bda63)
core   0: 0x80002f8c (0x00a21b33) sll     s6, tp, a0
core   0: 3 0x80002f8c (0x00a21b33) x22 0xfffda102
core   0: 0x80002f90 (0x02435563) bge     t1, tp, pc + 42
core   0: 3 0x80002f90 (0x02435563)
core   0: 0x80002fba (0x0ff0000f) fence   iorw,iorw
core   0: 3 0x80002fba (0x0ff0000f)
core   0: 0x80002fbe (0x03c305b3) mul     a1, t1, t3
core   0: 3 0x80002fbe (0x03c305b3) x11 0x87ffa000
core   0: 0x80002fc2 (0x00008d71) c.and   a0, a2
core   0: 3 0x80002fc2 (0x8d71) x10 0x19020000
core   0: 0x80002fc4 (0x000008ee) c.slli  a7, 27
core   0: 3 0x80002fc4 (0x08ee) x17 0x00000000
core   0: 0x80002fc6 (0x00000001) c.nop
core   0: 3 0x80002fc6 (0x0001)
core   0: 0x80002fc8 (0x0028fc63) bgeu    a7, sp, pc + 24
core   0: 3 0x80002fc8 (0x0028fc63)
core   0: 0x80002fcc (0x0000cf11) c.beqz  a4, pc + 28
core   0: 3 0x80002fcc (0xcf11)
core   0: 0x80002fe8 (0x000010fd) c.addi  ra, -1
core   0: 3 0x80002fe8 (0x10fd) x 1 0x020b0c25
core   0: 0x80002fea (0x03ae5863) bge     t3, s10, pc + 48
core   0: 3 0x80002fea (0x03ae5863)
core   0: 0x8000301a (0x01e7d663) bge     a5, t5, pc + 12
core   0: 3 0x8000301a (0x01e7d663)
core   0: 0x8000301e (0x01c931b3) sltu    gp, s2, t3
core   0: 3 0x8000301e (0x01c931b3) x 3 0x00000001
core   0: 0x80003022 (0x8dc90413) addi    s0, s2, -1828
core   0: 3 0x80003022 (0x8dc90413) x 8 0xfffff8dc
core   0: 0x80003026 (0x400bf737) lui     a4, 0x400bf
core   0: 3 0x80003026 (0x400bf737) x14 0x400bf000
core   0: 0x8000302a (0x00000d4a) c.slli  s10, 18
core   0: 3 0x8000302a (0x0d4a) x26 0x00040000
core   0: 0x8000302c (0x00a6d193) srli    gp, a3, 10
core   0: 3 0x8000302c (0x00a6d193) x 3 0x00000000
core   0: 0x80003030 (0x03f08763) beq     ra, t6, pc + 46
core   0: 3 0x80003030 (0x03f08763)
core   0: 0x80003034 (0x01dfb1b3) sltu    gp, t6, t4
core   0: 3 0x80003034 (0x01dfb1b3) x 3 0x00000001
core   0: 0x80003038 (0x01ec7b33) and     s6, s8, t5
core   0: 3 0x80003038 (0x01ec7b33) x22 0x1c038452
core   0: 0x8000303c (0x01d35e93) srli    t4, t1, 29
core   0: 3 0x8000303c (0x01d35e93) x29 0x00000000
core   0: 0x80003040 (0x007a9c63) bne     s5, t2, pc + 24
core   0: 3 0x80003040 (0x007a9c63)
core   0: 0x80003058 (0x00bcffb3) and     t6, s9, a1
core   0: 3 0x80003058 (0x00bcffb3) x31 0x00000000
core   0: 0x8000305c (0x00000e66) c.slli  t3, 25
core   0: 3 0x8000305c (0x0e66) x28 0x06000000
core   0: 0x8000305e (0x00001214) c.addi4spn a3, sp, 288
core   0: 3 0x8000305e (0x1214) x13 0x200001ef
core   0: 0x80003060 (0x04e1c063) blt     gp, a4, pc + 64
core   0: 3 0x80003060 (0x04e1c063)
core   0: 0x800030a0 (0x00006905) c.lui   s2, 0x1
core   0: 3 0x800030a0 (0x6905) x18 0x00001000
core   0: 0x800030a2 (0x000099fd) c.andi  a1, -1
core   0: 3 0x800030a2 (0x99fd) x11 0x87ffa000
core   0: 0x800030a4 (0x01ee3833) sltu    a6, t3, t5
core   0: 3 0x800030a4 (0x01ee3833) x16 0x00000001
core   0: 0x800030a8 (0x01b94763) blt     s2, s11, pc + 14
core   0: 3 0x800030a8 (0x01b94763)
core   0: 0x800030b6 (0x000088e5) c.andi  s1, 25
core   0: 3 0x800030b6 (0x88e5) x 9 0x00000000
core   0: 0x800030b8 (0x00008ca5) c.xor   s1, s1
core   0: 3 0x800030b8 (0x8ca5) x 9 0x00000000
core   0: 0x800030ba (0x00276ab3) or      s5, a4, sp
core   0: 3 0x800030ba (0x00276ab3) x21 0x600bf0cf
core   0: 0x800030be (0x01779e93) slli    t4, a5, 23
core   0: 3 0x800030be (0x01779e93) x29 0x32000000
core   0: 0x800030c2 (0x000049d9) c.li    s3, 22
core   0: 3 0x800030c2 (0x49d9) x19 0x00000016
core   0: 0x800030c4 (0x0354f863) bgeu    s1, s5, pc + 48
core   0: 3 0x800030c4 (0x0354f863)
core   0: 0x800030c8 (0x00004439) c.li    s0, 14
core   0: 3 0x800030c8 (0x4439) x 8 0x0000000e
core   0: 0x800030ca (0x01f7d493) srli    s1, a5, 31
core   0: 3 0x800030ca (0x01f7d493) x 9 0x00000001
core   0: 0x800030ce (0x0155b3b3) sltu    t2, a1, s5
core   0: 3 0x800030ce (0x0155b3b3) x 7 0x00000000
core   0: 0x800030d2 (0x00008c01) c.sub   s0, s0
core   0: 3 0x800030d2 (0x8c01) x 8 0x00000000
core   0: 0x800030d4 (0x006ef563) bgeu    t4, t1, pc + 10
core   0: 3 0x800030d4 (0x006ef563)
core   0: 0x800030de (0x0161d513) srli    a0, gp, 22
core   0: 3 0x800030de (0x0161d513) x10 0x00000000
core   0: 0x800030e2 (0x01638663) beq     t2, s6, pc + 12
core   0: 3 0x800030e2 (0x01638663)
core   0: 0x800030e6 (0x02f959b3) divu    s3, s2, a5
core   0: 3 0x800030e6 (0x02f959b3) x19 0x00000000
core   0: 0x800030ea (0x007120b3) slt     ra, sp, t2
core   0: 3 0x800030ea (0x007120b3) x 1 0x00000000
core   0: 0x800030ee (0x00006171) c.addi16sp sp, 336
core   0: 3 0x800030ee (0x6171) x 2 0x2000021f
core   0: 0x800030f0 (0x01bbae33) slt     t3, s7, s11
core   0: 3 0x800030f0 (0x01bbae33) x28 0x00000001
core   0: 0x800030f4 (0x0025d813) srli    a6, a1, 2
core   0: 3 0x800030f4 (0x0025d813) x16 0x21ffe800
core   0: 0x800030f8 (0x4d168013) addi    zero, a3, 1233
core   0: 3 0x800030f8 (0x4d168013)
core   0: 0x800030fc (0x03ced463) bge     t4, t3, pc + 40
core   0: 3 0x800030fc (0x03ced463)
core   0: 0x80003124 (0x022e45b3) div     a1, t3, sp
core   0: 3 0x80003124 (0x022e45b3) x11 0x00000000
core   0: 0x80003128 (0x00000001) c.nop
core   0: 3 0x80003128 (0x0001)
core   0: 0x8000312a (0x00a29d13) slli    s10, t0, 10
core   0: 3 0x8000312a (0x00a29d13) x26 0x00000400
core   0: 0x8000312e (0x0361feb3) remu    t4, gp, s6
core   0: 3 0x8000312e (0x0361feb3) x29 0x00000001
core   0: 0x80003132 (0x0000048c) c.addi4spn a1, sp, 576
core   0: 3 0x80003132 (0x048c) x11 0x2000045f
core   0: 0x80003134 (0x0002ee63) bltu    t0, zero, pc + 28
core   0: 3 0x80003134 (0x0002ee63)
core   0: 0x80003138 (0x01e85493) srli    s1, a6, 30
core   0: 3 0x80003138 (0x01e85493) x 9 0x00000000
core   0: 0x8000313c (0x66ab0f93) addi    t6, s6, 1642
core   0: 3 0x8000313c (0x66ab0f93) x31 0x1c038abc
core   0: 0x80003140 (0x01079d63) bne     a5, a6, pc + 26
core   0: 3 0x80003140 (0x01079d63)
core   0: 0x8000315a (0x0000cd01) c.beqz  a0, pc + 24
core   0: 3 0x8000315a (0xcd01)
core   0: 0x80003172 (0x41158fb3) sub     t6, a1, a7
core   0: 3 0x80003172 (0x41158fb3) x31 0x2000045f
core   0: 0x80003176 (0x0000717d) c.addi16sp sp, -16
core   0: 3 0x80003176 (0x717d) x 2 0x2000020f
core   0: 0x80003178 (0xdf088d13) addi    s10, a7, -528
core   0: 3 0x80003178 (0xdf088d13) x26 0xfffffdf0
core   0: 0x8000317c (0x01e269b3) or      s3, tp, t5
core   0: 3 0x8000317c (0x01e269b3) x19 0xffffded3
core   0: 0x80003180 (0x00008f15) c.sub   a4, a3
core   0: 3 0x80003180 (0x8f15) x14 0x200bee11
core   0: 0x80003182 (0xfab80393) addi    t2, a6, -85
core   0: 3 0x80003182 (0xfab80393) x 7 0x21ffe7ab
core   0: 0x80003186 (0x00f3dd93) srli    s11, t2, 15
core   0: 3 0x80003186 (0x00f3dd93) x27 0x000043ff
core   0: 0x8000318a (0x01878563) beq     a5, s8, pc + 10
core   0: 3 0x8000318a (0x01878563)
core   0: 0x8000318e (0x02751fb3) mulh    t6, a0, t2
core   0: 3 0x8000318e (0x02751fb3) x31 0x00000000
core   0: 0x80003192 (0x00000001) c.nop
core   0: 3 0x80003192 (0x0001)
core   0: 0x80003194 (0x1f0979b7) lui     s3, 0x1f097
core   0: 3 0x80003194 (0x1f0979b7) x19 0x1f097000
core   0: 0x80003198 (0x00005e7d) c.li    t3, -1
core   0: 3 0x80003198 (0x5e7d) x28 0xffffffff
core   0: 0x8000319a (0x01611713) slli    a4, sp, 22
core   0: 3 0x8000319a (0x01611713) x14 0x83c00000
core   0: 0x8000319e (0x02681db3) mulh    s11, a6, t1
core   0: 3 0x8000319e (0x02681db3) x27 0x03de3905
core   0: 0x800031a2 (0xbf950f17) auipc   t5, 0xbf950
core   0: 3 0x800031a2 (0xbf950f17) x30 0x3f9531a2
core   0: 0x800031a6 (0xcf7c4e37) lui     t3, 0xcf7c4
core   0: 3 0x800031a6 (0xcf7c4e37) x28 0xcf7c4000
core   0: 0x800031aa (0x0000032e) c.slli  t1, 11
core   0: 3 0x800031aa (0x032e) x 6 0xff000000
core   0: 0x800031ac (0x00008659) c.srai  a2, 22
core   0: 3 0x800031ac (0x8659) x12 0xffffff65
core   0: 0x800031ae (0x00008762) c.mv    a4, s8
core   0: 3 0x800031ae (0x8762) x14 0xfdf3c45b
core   0: 0x800031b0 (0x01cbd963) bge     s7, t3, pc + 18
core   0: 3 0x800031b0 (0x01cbd963)
core   0: 0x800031c2 (0x00008c59) c.or    s0, a4
core   0: 3 0x800031c2 (0x8c59) x 8 0xfdf3c45b
core   0: 0x800031c4 (0x00009eaa) c.add   t4, a0
core   0: 3 0x800031c4 (0x9eaa) x29 0x00000001
core   0: 0x800031c6 (0x03174033) div     zero, a4, a7
core   0: 3 0x800031c6 (0x03174033)
core   0: 0x800031ca (0x00008ead) c.xor   a3, a1
core   0: 3 0x800031ca (0x8ead) x13 0x000005b0
core   0: 0x800031cc (0x0000ce89) c.beqz  a3, pc + 26
core   0: 3 0x800031cc (0xce89)
core   0: 0x800031ce (0x40cadf33) sra     t5, s5, a2
core   0: 3 0x800031ce (0x40cadf33) x30 0x03005f86
core   0: 0x800031d2 (0x02bb68b3) rem     a7, s6, a1
core   0: 3 0x800031d2 (0x02bb68b3) x17 0x1c038452
core   0: 0x800031d6 (0x0000896d) c.andi  a0, 27
core   0: 3 0x800031d6 (0x896d) x10 0x00000000
core   0: 0x800031d8 (0xd230c693) xori    a3, ra, -733
core   0: 3 0x800031d8 (0xd230c693) x13 0xfffffd23
core   0: 0x800031dc (0x41e2d893) srai    a7, t0, 30
core   0: 3 0x800031dc (0x41e2d893) x17 0x00000000
core   0: 0x800031e0 (0x0000cc8d) c.beqz  s1, pc + 58
core   0: 3 0x800031e0 (0xcc8d)
core   0: 0x8000321a (0x00000001) c.nop
core   0: 3 0x8000321a (0x0001)
core   0: 0x8000321c (0x01d2f3b3) and     t2, t0, t4
core   0: 3 0x8000321c (0x01d2f3b3) x 7 0x00000001
core   0: 0x80003220 (0x01fa9663) bne     s5, t6, pc + 12
core   0: 3 0x80003220 (0x01fa9663)
core   0: 0x8000322c (0x87b464b7) lui     s1, 0x87b46
core   0: 3 0x8000322c (0x87b464b7) x 9 0x87b46000
core   0: 0x80003230 (0x00000b32) c.slli  s6, 12
core   0: 3 0x80003230 (0x0b32) x22 0x38452000
core   0: 0x80003232 (0x0ff0000f) fence   iorw,iorw
core   0: 3 0x80003232 (0x0ff0000f)
core   0: 0x80003236 (0xd73c3893) sltiu   a7, s8, -653
core   0: 3 0x80003236 (0xd73c3893) x17 0x00000001
core   0: 0x8000323a (0x00008d15) c.sub   a0, a3
core   0: 3 0x8000323a (0x8d15) x10 0x000002dd
core   0: 0x8000323c (0x0000100f) fence.i
core   0: 3 0x8000323c (0x0000100f)
core   0: 0x80003240 (0x0357fb33) remu    s6, a5, s5
core   0: 3 0x80003240 (0x0357fb33) x22 0x1ff62d95
core   0: 0x80003244 (0x0ff0000f) fence   iorw,iorw
core   0: 3 0x80003244 (0x0ff0000f)
core   0: 0x80003248 (0x012a6a63) bltu    s4, s2, pc + 20
core   0: 3 0x80003248 (0x012a6a63)
core   0: 0x8000324c (0x01034433) xor     s0, t1, a6
core   0: 3 0x8000324c (0x01034433) x 8 0xdeffe800
core   0: 0x80003250 (0x03c29eb3) mulh    t4, t0, t3
core   0: 3 0x80003250 (0x03c29eb3) x29 0xffffffff
core   0: 0x80003254 (0x00d50733) add     a4, a0, a3
core   0: 3 0x80003254 (0x00d50733) x14 0x00000000
core   0: 0x80003258 (0x03a63cb3) mulhu   s9, a2, s10
core   0: 3 0x80003258 (0x03a63cb3) x25 0xfffffd55
core   0: 0x8000325c (0x00ef8663) beq     t6, a4, pc + 12
core   0: 3 0x8000325c (0x00ef8663)
core   0: 0x80003268 (0x407cdd13) srai    s10, s9, 7
core   0: 3 0x80003268 (0x407cdd13) x26 0xfffffffa
core   0: 0x8000326c (0x00008c99) c.sub   s1, a4
core   0: 3 0x8000326c (0x8c99) x 9 0x87b46000
core   0: 0x8000326e (0x0000c691) c.beqz  a3, pc + 12
core   0: 3 0x8000326e (0xc691)
core   0: 0x80003270 (0x009b0563) beq     s6, s1, pc + 10
core   0: 3 0x80003270 (0x009b0563)
core   0: 0x80003274 (0x00000001) c.nop
core   0: 3 0x80003274 (0x0001)
core   0: 0x80003276 (0x00aefb33) and     s6, t4, a0
core   0: 3 0x80003276 (0x00aefb33) x22 0x000002dd
core   0: 0x8000327a (0x4c0af693) andi    a3, s5, 1216
core   0: 3 0x8000327a (0x4c0af693) x13 0x000000c0
core   0: 0x8000327e (0x02238b63) beq     t2, sp, pc + 54
core   0: 3 0x8000327e (0x02238b63)
core   0: 0x80003282 (0x00000001) c.nop
core   0: 3 0x80003282 (0x0001)
core   0: 0x80003284 (0x01d1ad33) slt     s10, gp, t4
core   0: 3 0x80003284 (0x01d1ad33) x26 0x00000000
core   0: 0x80003288 (0x000042a5) c.li    t0, 9
core   0: 3 0x80003288 (0x42a5) x 5 0x00000009
core   0: 0x8000328a (0x00008e49) c.or    a2, a0
core   0: 3 0x8000328a (0x8e49) x12 0xfffffffd
core   0: 0x8000328c (0x010656b3) srl     a3, a2, a6
core   0: 3 0x8000328c (0x010656b3) x13 0xfffffffd
core   0: 0x80003290 (0x014ae333) or      t1, s5, s4
core   0: 3 0x80003290 (0x014ae333) x 6 0xe00bfcef
core   0: 0x80003294 (0x85208a93) addi    s5, ra, -1966
core   0: 3 0x80003294 (0x85208a93) x21 0xfffff852
core   0: 0x80003298 (0x0096c463) blt     a3, s1, pc + 8
core   0: 3 0x80003298 (0x0096c463)
core   0: 0x8000329c (0x00008b4e) c.mv    s6, s3
core   0: 3 0x8000329c (0x8b4e) x22 0x1f097000
core   0: 0x8000329e (0x00008cc1) c.or    s1, s0
core   0: 3 0x8000329e (0x8cc1) x 9 0xdfffe800
core   0: 0x800032a0 (0x00009c8a) c.add   s9, sp
core   0: 3 0x800032a0 (0x9c8a) x25 0x1fffff64
core   0: 0x800032a2 (0x4f8ace93) xori    t4, s5, 1272
core   0: 3 0x800032a2 (0x4f8ace93) x29 0xfffffcaa
core   0: 0x800032a6 (0x000084d9) c.srai  s1, 22
core   0: 3 0x800032a6 (0x84d9) x 9 0xffffff7f
core   0: 0x800032a8 (0x01eb6733) or      a4, s6, t5
core   0: 3 0x800032a8 (0x01eb6733) x14 0x1f097f86
core   0: 0x800032ac (0x895dba93) sltiu   s5, s11, -1899
core   0: 3 0x800032ac (0x895dba93) x21 0x00000001
core   0: 0x800032b0 (0x0000c891) c.beqz  s1, pc + 20
core   0: 3 0x800032b0 (0xc891)
core   0: 0x800032b2 (0x0000c681) c.beqz  a3, pc + 8
core   0: 3 0x800032b2 (0xc681)
core   0: 0x800032b4 (0x034b36b3) mulhu   a3, s6, s4
core   0: 3 0x800032b4 (0x034b36b3) x13 0x0f850155
core   0: 0x800032b8 (0x00008f59) c.or    a4, a4
core   0: 3 0x800032b8 (0x8f59) x14 0x1f097f86
core   0: 0x800032ba (0xd9bef337) lui     t1, 0xd9bef
core   0: 3 0x800032ba (0xd9bef337) x 6 0xd9bef000
core   0: 0x800032be (0x000086f9) c.srai  a3, 30
core   0: 3 0x800032be (0x86f9) x13 0x00000000
core   0: 0x800032c0 (0x33748c93) addi    s9, s1, 823
core   0: 3 0x800032c0 (0x33748c93) x25 0x000002b6
core   0: 0x800032c4 (0x0000e215) c.bnez  a2, pc + 36
core   0: 3 0x800032c4 (0xe215)
core   0: 0x800032e8 (0x04990713) addi    a4, s2, 73
core   0: 3 0x800032e8 (0x04990713) x14 0x00001049
core   0: 0x800032ec (0x00000001) c.nop
core   0: 3 0x800032ec (0x0001)
core   0: 0x800032ee (0x00a20f63) beq     tp, a0, pc + 30
core   0: 3 0x800032ee (0x00a20f63)
core   0: 0x800032f2 (0x01a47fb3) and     t6, s0, s10
core   0: 3 0x800032f2 (0x01a47fb3) x31 0x00000000
core   0: 0x800032f6 (0x000086b9) c.srai  a3, 14
core   0: 3 0x800032f6 (0x86b9) x13 0x00000000
core   0: 0x800032f8 (0x00788633) add     a2, a7, t2
core   0: 3 0x800032f8 (0x00788633) x12 0x00000002
core   0: 0x800032fc (0x0000ef01) c.bnez  a4, pc + 24
core   0: 3 0x800032fc (0xef01)
core   0: 0x80003314 (0x00ef9e33) sll     t3, t6, a4
core   0: 3 0x80003314 (0x00ef9e33) x28 0x00000000
core   0: 0x80003318 (0x1a656e13) ori     t3, a0, 422
core   0: 3 0x80003318 (0x1a656e13) x28 0x000003ff
core   0: 0x8000331c (0xc1484d13) xori    s10, a6, -1004
core   0: 3 0x8000331c (0xc1484d13) x26 0xde001414
core   0: 0x80003320 (0x00009afd) c.andi  a3, -1
core   0: 3 0x80003320 (0x9afd) x13 0x00000000
core   0: 0x80003322 (0xe0cf8893) addi    a7, t6, -500
core   0: 3 0x80003322 (0xe0cf8893) x17 0xfffffe0c
core   0: 0x80003326 (0x035f0db3) mul     s11, t5, s5
core   0: 3 0x80003326 (0x035f0db3) x27 0x03005f86
core   0: 0x8000332a (0x00006159) c.addi16sp sp, 400
core   0: 3 0x8000332a (0x6159) x 2 0x2000039f
core   0: 0x8000332c (0x01ecebb3) or      s7, s9, t5
core   0: 3 0x8000332c (0x01ecebb3) x23 0x03005fb6
core   0: 0x80003330 (0x779d3313) sltiu   t1, s10, 1913
core   0: 3 0x80003330 (0x779d3313) x 6 0x00000000
core   0: 0x80003334 (0x000086ca) c.mv    a3, s2
core   0: 3 0x80003334 (0x86ca) x13 0x00001000
core   0: 0x80003336 (0x000008a1) c.addi  a7, 8
core   0: 3 0x80003336 (0x08a1) x17 0xfffffe14
core   0: 0x80003338 (0x00008ce5) c.and   s1, s1
core   0: 3 0x80003338 (0x8ce5) x 9 0xffffff7f
core   0: 0x8000333a (0x5dbe0c93) addi    s9, t3, 1499
core   0: 3 0x8000333a (0x5dbe0c93) x25 0x000009da
core   0: 0x8000333e (0x0049d5b3) srl     a1, s3, tp
core   0: 3 0x8000333e (0x0049d5b3) x11 0x0f84b800
core   0: 0x80003342 (0x01679f93) slli    t6, a5, 22
core   0: 3 0x80003342 (0x01679f93) x31 0x99000000
core   0: 0x80003346 (0xce136713) ori     a4, t1, -799
core   0: 3 0x80003346 (0xce136713) x14 0xfffffce1
core   0: 0x8000334a (0x00005dfd) c.li    s11, -1
core   0: 3 0x8000334a (0x5dfd) x27 0xffffffff
core   0: 0x8000334c (0x0000614d) c.addi16sp sp, 176
core   0: 3 0x8000334c (0x614d) x 2 0x2000044f
core   0: 0x8000334e (0x01948933) add     s2, s1, s9
core   0: 3 0x8000334e (0x01948933) x18 0x00000959
core   0: 0x80003352 (0x00008c2d) c.xor   s0, a1
core   0: 3 0x80003352 (0x8c2d) x 8 0xd17b5000
core   0: 0x80003354 (0x00008926) c.mv    s2, s1
core   0: 3 0x80003354 (0x8926) x18 0xffffff7f
core   0: 0x80003356 (0x032cd663) bge     s9, s2, pc + 44
core   0: 3 0x80003356 (0x032cd663)
core   0: 0x80003382 (0x1bfa7213) andi    tp, s4, 447
core   0: 3 0x80003382 (0x1bfa7213) x 4 0x000000a4
core   0: 0x80003386 (0x02661563) bne     a2, t1, pc + 42
core   0: 3 0x80003386 (0x02661563)
core   0: 0x800033b0 (0x0114a433) slt     s0, s1, a7
core   0: 3 0x800033b0 (0x0114a433) x 8 0x00000000
core   0: 0x800033b4 (0x0000547d) c.li    s0, -1
core   0: 3 0x800033b4 (0x547d) x 8 0xffffffff
core   0: 0x800033b6 (0x05959f63) bne     a1, s9, pc + 94
core   0: 3 0x800033b6 (0x05959f63)
core   0: 0x80003414 (0x02039963) bnez    t2, pc + 50
core   0: 3 0x80003414 (0x02039963)
core   0: 0x80003446 (0x0ff0000f) fence   iorw,iorw
core   0: 3 0x80003446 (0x0ff0000f)
core   0: 0x8000344a (0xb22ee593) ori     a1, t4, -1246
core   0: 3 0x8000344a (0xb22ee593) x11 0xffffffaa
core   0: 0x8000344e (0x01e01a63) bne     zero, t5, pc + 20
core   0: 3 0x8000344e (0x01e01a63)
core   0: 0x80003462 (0x0301ccb3) div     s9, gp, a6
core   0: 3 0x80003462 (0x0301ccb3) x25 0x00000000
core   0: 0x80003466 (0x0000e2a1) c.bnez  a3, pc + 64
core   0: 3 0x80003466 (0xe2a1)
core   0: 0x800034a6 (0x000084a9) c.srai  s1, 10
core   0: 3 0x800034a6 (0x84a9) x 9 0xffffffff
core   0: 0x800034a8 (0x01315e33) srl     t3, sp, s3
core   0: 3 0x800034a8 (0x01315e33) x28 0x2000044f
core   0: 0x800034ac (0x01db0b63) beq     s6, t4, pc + 22
core   0: 3 0x800034ac (0x01db0b63)
core   0: 0x800034b0 (0xf6567d93) andi    s11, a2, -155
core   0: 3 0x800034b0 (0xf6567d93) x27 0x00000000
core   0: 0x800034b4 (0x4f59c413) xori    s0, s3, 1269
core   0: 3 0x800034b4 (0x4f59c413) x 8 0x1f0974f5
core   0: 0x800034b8 (0x0000c219) c.beqz  a2, pc + 6
core   0: 3 0x800034b8 (0xc219)
core   0: 0x800034ba (0x0000685d) c.lui   a6, 0x17
core   0: 3 0x800034ba (0x685d) x16 0x00017000
core   0: 0x800034bc (0x0000c711) c.beqz  a4, pc + 12
core   0: 3 0x800034bc (0xc711)
core   0: 0x800034be (0x032fa333) mulhsu  t1, t6, s2
core   0: 3 0x800034be (0x032fa333) x 6 0x99000033
core   0: 0x800034c2 (0x00008d3d) c.xor   a0, a5
core   0: 3 0x800034c2 (0x8d3d) x10 0x80021cb9
core   0: 0x800034c4 (0x00ff6f63) bltu    t5, a5, pc + 30
core   0: 3 0x800034c4 (0x00ff6f63)
core   0: 0x800034e2 (0x7cb6f093) andi    ra, a3, 1995
core   0: 3 0x800034e2 (0x7cb6f093) x 1 0x00000000
core   0: 0x800034e6 (0x0034a333) slt     t1, s1, gp
core   0: 3 0x800034e6 (0x0034a333) x 6 0x00000001
core   0: 0x800034ea (0x03046433) rem     s0, s0, a6
core   0: 3 0x800034ea (0x03046433) x 8 0x000064f5
core   0: 0x800034ee (0x0d47be13) sltiu   t3, a5, 212
core   0: 3 0x800034ee (0x0d47be13) x28 0x00000000
core   0: 0x800034f2 (0x02074b33) div     s6, a4, zero
core   0: 3 0x800034f2 (0x02074b33) x22 0xffffffff
core   0: 0x800034f6 (0x03651233) mulh    tp, a0, s6
core   0: 3 0x800034f6 (0x03651233) x 4 0x00000000
core   0: 0x800034fa (0x000080b9) c.srli  s1, 14
core   0: 3 0x800034fa (0x80b9) x 9 0x0003ffff
core   0: 0x800034fc (0x0000868e) c.mv    a3, gp
core   0: 3 0x800034fc (0x868e) x13 0x00000001
core   0: 0x800034fe (0x3ac1f297) auipc   t0, 0x3ac1f
core   0: 3 0x800034fe (0x3ac1f297) x 5 0xbac224fe
core   0: 0x80003502 (0x00958663) beq     a1, s1, pc + 12
core   0: 3 0x80003502 (0x00958663)
core   0: 0x80003506 (0x02b6b3b3) mulhu   t2, a3, a1
core   0: 3 0x80003506 (0x02b6b3b3) x 7 0x00000000
core   0: 0x8000350a (0x0211f533) remu    a0, gp, ra
core   0: 3 0x8000350a (0x0211f533) x10 0x00000001
core   0: 0x8000350e (0x009cfa63) bgeu    s9, s1, pc + 20
core   0: 3 0x8000350e (0x009cfa63)
core   0: 0x80003512 (0x061a3e13) sltiu   t3, s4, 97
core   0: 3 0x80003512 (0x061a3e13) x28 0x00000000
core   0: 0x80003516 (0x40e78bb3) sub     s7, a5, a4
core   0: 3 0x80003516 (0x40e78bb3) x23 0x80022183
core   0: 0x8000351a (0x02124263) blt     tp, ra, pc + 36
core   0: 3 0x8000351a (0x02124263)
core   0: 0x8000351e (0x019a5533) srl     a0, s4, s9
core   0: 3 0x8000351e (0x019a5533) x10 0x80025ce4
core   0: 0x80003522 (0x00008ea9) c.xor   a3, a0
core   0: 3 0x80003522 (0x8ea9) x13 0x80025ce5
core   0: 0x80003524 (0x01339b13) slli    s6, t2, 19
core   0: 3 0x80003524 (0x01339b13) x22 0x00000000
core   0: 0x80003528 (0x00008f39) c.xor   a4, a4
core   0: 3 0x80003528 (0x8f39) x14 0x00000000
core   0: 0x8000352a (0x0000e419) c.bnez  s0, pc + 14
core   0: 3 0x8000352a (0xe419)
core   0: 0x80003538 (0x01d5d3b3) srl     t2, a1, t4
core   0: 3 0x80003538 (0x01d5d3b3) x 7 0x003fffff
core   0: 0x8000353c (0x000081ed) c.srli  a1, 27
core   0: 3 0x8000353c (0x81ed) x11 0x0000001f
core   0: 0x8000353e (0x02a854b3) divu    s1, a6, a0
core   0: 3 0x8000353e (0x02a854b3) x 9 0x00000000
core   0: 0x80003542 (0x01d03ab3) snez    s5, t4
core   0: 3 0x80003542 (0x01d03ab3) x21 0x00000001
core   0: 0x80003546 (0x5d909bb7) lui     s7, 0x5d909
core   0: 3 0x80003546 (0x5d909bb7) x23 0x5d909000
core   0: 0x8000354a (0x00da8f33) add     t5, s5, a3
core   0: 3 0x8000354a (0x00da8f33) x30 0x80025ce6
core   0: 0x8000354e (0xcc803293) sltiu   t0, zero, -824
core   0: 3 0x8000354e (0xcc803293) x 5 0x00000001
core   0: 0x80003552 (0x01650663) beq     a0, s6, pc + 12
core   0: 3 0x80003552 (0x01650663)
core   0: 0x80003556 (0x0154eeb3) or      t4, s1, s5
core   0: 3 0x80003556 (0x0154eeb3) x29 0x00000001
core   0: 0x8000355a (0x02f09c63) bne     ra, a5, pc + 56
core   0: 3 0x8000355a (0x02f09c63)
core   0: 0x80003592 (0x00654733) xor     a4, a0, t1
core   0: 3 0x80003592 (0x00654733) x14 0x80025ce5
core   0: 0x80003596 (0x02f75133) divu    sp, a4, a5
core   0: 3 0x80003596 (0x02f75133) x 2 0x00000001
core   0: 0x8000359a (0x00000001) c.nop
core   0: 3 0x8000359a (0x0001)
core   0: 0x8000359c (0x00008405) c.srai  s0, 1
core   0: 3 0x8000359c (0x8405) x 8 0x0000327a
core   0: 0x8000359e (0x0000100f) fence.i
core   0: 3 0x8000359e (0x0000100f)
core   0: 0x800035a2 (0x027efbb3) remu    s7, t4, t2
core   0: 3 0x800035a2 (0x027efbb3) x23 0x00000001
core   0: 0x800035a6 (0xff800293) li      t0, -8
core   0: 3 0x800035a6 (0xff800293) x 5 0xfffffff8
core   0: 0x800035aa (0xc7fa8817) auipc   a6, 0xc7fa8
core   0: 3 0x800035aa (0xc7fa8817) x16 0x47fab5aa
core   0: 0x800035ae (0x00000ec1) c.addi  t4, 16
core   0: 3 0x800035ae (0x0ec1) x29 0x00000011
core   0: 0x800035b0 (0x00004171) c.li    sp, 28
core   0: 3 0x800035b0 (0x4171) x 2 0x0000001c
core   0: 0x800035b2 (0x000006d6) c.slli  a3, 21
core   0: 3 0x800035b2 (0x06d6) x13 0x9ca00000
core   0: 0x800035b4 (0x01d04033) xor     zero, zero, t4
core   0: 3 0x800035b4 (0x01d04033)
core   0: 0x800035b8 (0x00000518) c.addi4spn a4, sp, 640
core   0: 3 0x800035b8 (0x0518) x14 0x0000029c
core   0: 0x800035ba (0x00000d93) li      s11, 0
core   0: 3 0x800035ba (0x00000d93) x27 0x00000000
core   0: 0x800035be (0x03f4c8b3) div     a7, s1, t6
core   0: 3 0x800035be (0x03f4c8b3) x17 0x00000000
core   0: 0x800035c2 (0x3e1dbb13) sltiu   s6, s11, 993
core   0: 3 0x800035c2 (0x3e1dbb13) x22 0x00000001
core   0: 0x800035c6 (0x020ddb33) divu    s6, s11, zero
core   0: 3 0x800035c6 (0x020ddb33) x22 0xffffffff
core   0: 0x800035ca (0x00000289) c.addi  t0, 2
core   0: 3 0x800035ca (0x0289) x 5 0xfffffffa
core   0: 0x800035cc (0x0000100f) fence.i
core   0: 3 0x800035cc (0x0000100f)
core   0: 0x800035d0 (0x00df60b3) or      ra, t5, a3
core   0: 3 0x800035d0 (0x00df60b3) x 1 0x9ca25ce6
core   0: 0x800035d4 (0x00008ed1) c.or    a3, a2
core   0: 3 0x800035d4 (0x8ed1) x13 0x9ca00002
core   0: 0x800035d6 (0x000086a5) c.srai  a3, 9
core   0: 3 0x800035d6 (0x86a5) x13 0xffce5000
core   0: 0x800035d8 (0x0089a9b3) slt     s3, s3, s0
core   0: 3 0x800035d8 (0x0089a9b3) x19 0x00000000
core   0: 0x800035dc (0x000040b9) c.li    ra, 14
core   0: 3 0x800035dc (0x40b9) x 1 0x0000000e
core   0: 0x800035de (0x00006669) c.lui   a2, 0x1a
core   0: 3 0x800035de (0x6669) x12 0x0001a000
core   0: 0x800035e0 (0x0000682d) c.lui   a6, 0xb
core   0: 3 0x800035e0 (0x682d) x16 0x0000b000
core   0: 0x800035e2 (0x41b0d433) sra     s0, ra, s11
core   0: 3 0x800035e2 (0x41b0d433) x 8 0x0000000e
core   0: 0x800035e6 (0x002de233) or      tp, s11, sp
core   0: 3 0x800035e6 (0x002de233) x 4 0x0000001c
core   0: 0x800035ea (0x0208b333) mulhu   t1, a7, zero
core   0: 3 0x800035ea (0x0208b333) x 6 0x00000000
core   0: 0x800035ee (0x02fc9933) mulh    s2, s9, a5
core   0: 3 0x800035ee (0x02fc9933) x18 0x00000000
core   0: 0x800035f2 (0x0312b933) mulhu   s2, t0, a7
core   0: 3 0x800035f2 (0x0312b933) x18 0x00000000
core   0: 0x800035f6 (0x027d9733) mulh    a4, s11, t2
core   0: 3 0x800035f6 (0x027d9733) x14 0x00000000
core   0: 0x800035fa (0xfdb2c2e3) blt     t0, s11, pc - 60
core   0: 3 0x800035fa (0xfdb2c2e3)
core   0: 0x800035be (0x03f4c8b3) div     a7, s1, t6
core   0: 3 0x800035be (0x03f4c8b3) x17 0x00000000
core   0: 0x800035c2 (0x3e1dbb13) sltiu   s6, s11, 993
core   0: 3 0x800035c2 (0x3e1dbb13) x22 0x00000001
core   0: 0x800035c6 (0x020ddb33) divu    s6, s11, zero
core   0: 3 0x800035c6 (0x020ddb33) x22 0xffffffff
core   0: 0x800035ca (0x00000289) c.addi  t0, 2
core   0: 3 0x800035ca (0x0289) x 5 0xfffffffc
core   0: 0x800035cc (0x0000100f) fence.i
core   0: 3 0x800035cc (0x0000100f)
core   0: 0x800035d0 (0x00df60b3) or      ra, t5, a3
core   0: 3 0x800035d0 (0x00df60b3) x 1 0xffce5ce6
core   0: 0x800035d4 (0x00008ed1) c.or    a3, a2
core   0: 3 0x800035d4 (0x8ed1) x13 0xffcff000
core   0: 0x800035d6 (0x000086a5) c.srai  a3, 9
core   0: 3 0x800035d6 (0x86a5) x13 0xffffe7f8
core   0: 0x800035d8 (0x0089a9b3) slt     s3, s3, s0
core   0: 3 0x800035d8 (0x0089a9b3) x19 0x00000001
core   0: 0x800035dc (0x000040b9) c.li    ra, 14
core   0: 3 0x800035dc (0x40b9) x 1 0x0000000e
core   0: 0x800035de (0x00006669) c.lui   a2, 0x1a
core   0: 3 0x800035de (0x6669) x12 0x0001a000
core   0: 0x800035e0 (0x0000682d) c.lui   a6, 0xb
core   0: 3 0x800035e0 (0x682d) x16 0x0000b000
core   0: 0x800035e2 (0x41b0d433) sra     s0, ra, s11
core   0: 3 0x800035e2 (0x41b0d433) x 8 0x0000000e
core   0: 0x800035e6 (0x002de233) or      tp, s11, sp
core   0: 3 0x800035e6 (0x002de233) x 4 0x0000001c
core   0: 0x800035ea (0x0208b333) mulhu   t1, a7, zero
core   0: 3 0x800035ea (0x0208b333) x 6 0x00000000
core   0: 0x800035ee (0x02fc9933) mulh    s2, s9, a5
core   0: 3 0x800035ee (0x02fc9933) x18 0x00000000
core   0: 0x800035f2 (0x0312b933) mulhu   s2, t0, a7
core   0: 3 0x800035f2 (0x0312b933) x18 0x00000000
core   0: 0x800035f6 (0x027d9733) mulh    a4, s11, t2
core   0: 3 0x800035f6 (0x027d9733) x14 0x00000000
core   0: 0x800035fa (0xfdb2c2e3) blt     t0, s11, pc - 60
core   0: 3 0x800035fa (0xfdb2c2e3)
core   0: 0x800035be (0x03f4c8b3) div     a7, s1, t6
core   0: 3 0x800035be (0x03f4c8b3) x17 0x00000000
core   0: 0x800035c2 (0x3e1dbb13) sltiu   s6, s11, 993
core   0: 3 0x800035c2 (0x3e1dbb13) x22 0x00000001
core   0: 0x800035c6 (0x020ddb33) divu    s6, s11, zero
core   0: 3 0x800035c6 (0x020ddb33) x22 0xffffffff
core   0: 0x800035ca (0x00000289) c.addi  t0, 2
core   0: 3 0x800035ca (0x0289) x 5 0xfffffffe
core   0: 0x800035cc (0x0000100f) fence.i
core   0: 3 0x800035cc (0x0000100f)
core   0: 0x800035d0 (0x00df60b3) or      ra, t5, a3
core   0: 3 0x800035d0 (0x00df60b3) x 1 0xfffffffe
core   0: 0x800035d4 (0x00008ed1) c.or    a3, a2
core   0: 3 0x800035d4 (0x8ed1) x13 0xffffe7f8
core   0: 0x800035d6 (0x000086a5) c.srai  a3, 9
core   0: 3 0x800035d6 (0x86a5) x13 0xfffffff3
core   0: 0x800035d8 (0x0089a9b3) slt     s3, s3, s0
core   0: 3 0x800035d8 (0x0089a9b3) x19 0x00000001
core   0: 0x800035dc (0x000040b9) c.li    ra, 14
core   0: 3 0x800035dc (0x40b9) x 1 0x0000000e
core   0: 0x800035de (0x00006669) c.lui   a2, 0x1a
core   0: 3 0x800035de (0x6669) x12 0x0001a000
core   0: 0x800035e0 (0x0000682d) c.lui   a6, 0xb
core   0: 3 0x800035e0 (0x682d) x16 0x0000b000
core   0: 0x800035e2 (0x41b0d433) sra     s0, ra, s11
core   0: 3 0x800035e2 (0x41b0d433) x 8 0x0000000e
core   0: 0x800035e6 (0x002de233) or      tp, s11, sp
core   0: 3 0x800035e6 (0x002de233) x 4 0x0000001c
core   0: 0x800035ea (0x0208b333) mulhu   t1, a7, zero
core   0: 3 0x800035ea (0x0208b333) x 6 0x00000000
core   0: 0x800035ee (0x02fc9933) mulh    s2, s9, a5
core   0: 3 0x800035ee (0x02fc9933) x18 0x00000000
core   0: 0x800035f2 (0x0312b933) mulhu   s2, t0, a7
core   0: 3 0x800035f2 (0x0312b933) x18 0x00000000
core   0: 0x800035f6 (0x027d9733) mulh    a4, s11, t2
core   0: 3 0x800035f6 (0x027d9733) x14 0x00000000
core   0: 0x800035fa (0xfdb2c2e3) blt     t0, s11, pc - 60
core   0: 3 0x800035fa (0xfdb2c2e3)
core   0: 0x800035be (0x03f4c8b3) div     a7, s1, t6
core   0: 3 0x800035be (0x03f4c8b3) x17 0x00000000
core   0: 0x800035c2 (0x3e1dbb13) sltiu   s6, s11, 993
core   0: 3 0x800035c2 (0x3e1dbb13) x22 0x00000001
core   0: 0x800035c6 (0x020ddb33) divu    s6, s11, zero
core   0: 3 0x800035c6 (0x020ddb33) x22 0xffffffff
core   0: 0x800035ca (0x00000289) c.addi  t0, 2
core   0: 3 0x800035ca (0x0289) x 5 0x00000000
core   0: 0x800035cc (0x0000100f) fence.i
core   0: 3 0x800035cc (0x0000100f)
core   0: 0x800035d0 (0x00df60b3) or      ra, t5, a3
core   0: 3 0x800035d0 (0x00df60b3) x 1 0xfffffff7
core   0: 0x800035d4 (0x00008ed1) c.or    a3, a2
core   0: 3 0x800035d4 (0x8ed1) x13 0xfffffff3
core   0: 0x800035d6 (0x000086a5) c.srai  a3, 9
core   0: 3 0x800035d6 (0x86a5) x13 0xffffffff
core   0: 0x800035d8 (0x0089a9b3) slt     s3, s3, s0
core   0: 3 0x800035d8 (0x0089a9b3) x19 0x00000001
core   0: 0x800035dc (0x000040b9) c.li    ra, 14
core   0: 3 0x800035dc (0x40b9) x 1 0x0000000e
core   0: 0x800035de (0x00006669) c.lui   a2, 0x1a
core   0: 3 0x800035de (0x6669) x12 0x0001a000
core   0: 0x800035e0 (0x0000682d) c.lui   a6, 0xb
core   0: 3 0x800035e0 (0x682d) x16 0x0000b000
core   0: 0x800035e2 (0x41b0d433) sra     s0, ra, s11
core   0: 3 0x800035e2 (0x41b0d433) x 8 0x0000000e
core   0: 0x800035e6 (0x002de233) or      tp, s11, sp
core   0: 3 0x800035e6 (0x002de233) x 4 0x0000001c
core   0: 0x800035ea (0x0208b333) mulhu   t1, a7, zero
core   0: 3 0x800035ea (0x0208b333) x 6 0x00000000
core   0: 0x800035ee (0x02fc9933) mulh    s2, s9, a5
core   0: 3 0x800035ee (0x02fc9933) x18 0x00000000
core   0: 0x800035f2 (0x0312b933) mulhu   s2, t0, a7
core   0: 3 0x800035f2 (0x0312b933) x18 0x00000000
core   0: 0x800035f6 (0x027d9733) mulh    a4, s11, t2
core   0: 3 0x800035f6 (0x027d9733) x14 0x00000000
core   0: 0x800035fa (0xfdb2c2e3) blt     t0, s11, pc - 60
core   0: 3 0x800035fa (0xfdb2c2e3)
core   0: 0x800035fe (0x000c5993) srli    s3, s8, 0
core   0: 3 0x800035fe (0x000c5993) x19 0xfdf3c45b
core   0: 0x80003602 (0x02709733) mulh    a4, ra, t2
core   0: 3 0x80003602 (0x02709733) x14 0x00000000
core   0: 0x80003606 (0x00008779) c.srai  a4, 30
core   0: 3 0x80003606 (0x8779) x14 0x00000000
core   0: 0x80003608 (0x00008e91) c.sub   a3, a2
core   0: 3 0x80003608 (0x8e91) x13 0xfffe5fff
core   0: 0x8000360a (0x10f30c93) addi    s9, t1, 271
core   0: 3 0x8000360a (0x10f30c93) x25 0x0000010f
core   0: 0x8000360e (0x013e5733) srl     a4, t3, s3
core   0: 3 0x8000360e (0x013e5733) x14 0x00000000
core   0: 0x80003612 (0x00d4b633) sltu    a2, s1, a3
core   0: 3 0x80003612 (0x00d4b633) x12 0x00000001
core   0: 0x80003616 (0x0ff0000f) fence   iorw,iorw
core   0: 3 0x80003616 (0x0ff0000f)
core   0: 0x8000361a (0xac1d3093) sltiu   ra, s10, -1343
core   0: 3 0x8000361a (0xac1d3093) x 1 0x00000001
core   0: 0x8000361e (0x00911733) sll     a4, sp, s1
core   0: 3 0x8000361e (0x00911733) x14 0x0000001c
core   0: 0x80003622 (0x00b2bdb3) sltu    s11, t0, a1
core   0: 3 0x80003622 (0x00b2bdb3) x27 0x00000001
core   0: 0x80003626 (0x12e96b93) ori     s7, s2, 302
core   0: 3 0x80003626 (0x12e96b93) x23 0x0000012e
core   0: 0x8000362a (0x00008c81) c.sub   s1, s0
core   0: 3 0x8000362a (0x8c81) x 9 0xfffffff2
core   0: 0x8000362c (0x008b9263) bne     s7, s0, pc + 4
core   0: 3 0x8000362c (0x008b9263)
core   0: 0x80003630 (0x00008c31) c.xor   s0, a2
core   0: 3 0x80003630 (0x8c31) x 8 0x0000000f
core   0: 0x80003632 (0x008b1c93) slli    s9, s6, 8
core   0: 3 0x80003632 (0x008b1c93) x25 0xffffff00
core   0: 0x80003636 (0x0000053e) c.slli  a0, 15
core   0: 3 0x80003636 (0x053e) x10 0x2e720000
core   0: 0x80003638 (0x0063d833) srl     a6, t2, t1
core   0: 3 0x80003638 (0x0063d833) x16 0x003fffff
core   0: 0x8000363c (0x0000987d) c.andi  s0, -1
core   0: 3 0x8000363c (0x987d) x 8 0x0000000f
core   0: 0x8000363e (0x0ff0000f) fence   iorw,iorw
core   0: 3 0x8000363e (0x0ff0000f)
core   0: 0x80003642 (0x32646c93) ori     s9, s0, 806
core   0: 3 0x80003642 (0x32646c93) x25 0x0000032f
core   0: 0x80003646 (0x03de1963) bne     t3, t4, pc + 50
core   0: 3 0x80003646 (0x03de1963)
core   0: 0x80003678 (0xaba92a93) slti    s5, s2, -1350
core   0: 3 0x80003678 (0xaba92a93) x21 0x00000000
core   0: 0x8000367c (0x099c5f63) bge     s8, s9, pc + 158
core   0: 3 0x8000367c (0x099c5f63)
core   0: 0x80003680 (0x00008ded) c.and   a1, a1
core   0: 3 0x80003680 (0x8ded) x11 0x0000001f
core   0: 0x80003682 (0x00008571) c.srai  a0, 28
core   0: 3 0x80003682 (0x8571) x10 0x00000002
core   0: 0x80003684 (0x08d7f163) bgeu    a5, a3, pc + 130
core   0: 3 0x80003684 (0x08d7f163)
core   0: 0x80003688 (0x0153cfb3) xor     t6, t2, s5
core   0: 3 0x80003688 (0x0153cfb3) x31 0x003fffff
core   0: 0x8000368c (0x094dfd63) bgeu    s11, s4, pc + 154
core   0: 3 0x8000368c (0x094dfd63)
core   0: 0x80003690 (0x09085c63) bge     a6, a6, pc + 152
core   0: 3 0x80003690 (0x09085c63)
core   0: 0x80003728 (0x032f8ab3) mul     s5, t6, s2
core   0: 3 0x80003728 (0x032f8ab3) x21 0x00000000
core   0: 0x8000372c (0x007ea433) slt     s0, t4, t2
core   0: 3 0x8000372c (0x007ea433) x 8 0x00000001
core   0: 0x80003730 (0x0000e1a9) c.bnez  a1, pc + 66
core   0: 3 0x80003730 (0xe1a9)
core   0: 0x80003772 (0x005c6963) bltu    s8, t0, pc + 18
core   0: 3 0x80003772 (0x005c6963)
core   0: 0x80003776 (0x17406213) ori     tp, zero, 372
core   0: 3 0x80003776 (0x17406213) x 4 0x00000174
core   0: 0x8000377a (0x00008c55) c.or    s0, a3
core   0: 3 0x8000377a (0x8c55) x 8 0xfffe5fff
core   0: 0x8000377c (0x036ecfb3) div     t6, t4, s6
core   0: 3 0x8000377c (0x036ecfb3) x31 0xffffffef
core   0: 0x80003780 (0x011cdb93) srli    s7, s9, 17
core   0: 3 0x80003780 (0x011cdb93) x23 0x00000000
core   0: 0x80003784 (0x0138b0b3) sltu    ra, a7, s3
core   0: 3 0x80003784 (0x0138b0b3) x 1 0x00000001
core   0: 0x80003788 (0x0000100f) fence.i
core   0: 3 0x80003788 (0x0000100f)
core   0: 0x8000378c (0x03f55c63) bge     a0, t6, pc + 56
core   0: 3 0x8000378c (0x03f55c63)
core   0: 0x800037c4 (0x01499933) sll     s2, s3, s4
core   0: 3 0x800037c4 (0x01499933) x18 0xdf3c45b0
core   0: 0x800037c8 (0x000088da) c.mv    a7, s6
core   0: 3 0x800037c8 (0x88da) x17 0xffffffff
core   0: 0x800037ca (0x00ab0433) add     s0, s6, a0
core   0: 3 0x800037ca (0x00ab0433) x 8 0x00000001
core   0: 0x800037ce (0x00008329) c.srli  a4, 10
core   0: 3 0x800037ce (0x8329) x14 0x00000000
core   0: 0x800037d0 (0x010f9233) sll     tp, t6, a6
core   0: 3 0x800037d0 (0x010f9233) x 4 0x80000000
core   0: 0x800037d4 (0x00000001) c.nop
core   0: 3 0x800037d4 (0x0001)
core   0: 0x800037d6 (0x03d74633) div     a2, a4, t4
core   0: 3 0x800037d6 (0x03d74633) x12 0x00000000
core   0: 0x800037da (0x026fe633) rem     a2, t6, t1
core   0: 3 0x800037da (0x026fe633) x12 0xffffffef
core   0: 0x800037de (0x03a1f163) bgeu    gp, s10, pc + 34
core   0: 3 0x800037de (0x03a1f163)
core   0: 0x800037e2 (0x02bf7163) bgeu    t5, a1, pc + 34
core   0: 3 0x800037e2 (0x02bf7163)
core   0: 0x80003804 (0x1a02b917) auipc   s2, 0x1a02b
core   0: 3 0x80003804 (0x1a02b917) x18 0x9a02e804
core   0: 0x80003808 (0x41f1d913) srai    s2, gp, 31
core   0: 3 0x80003808 (0x41f1d913) x18 0x00000000
core   0: 0x8000380c (0x0193a693) slti    a3, t2, 25
core   0: 3 0x8000380c (0x0193a693) x13 0x00000000
core   0: 0x80003810 (0x7a429b17) auipc   s6, 0x7a429
core   0: 3 0x80003810 (0x7a429b17) x22 0xfa42c810
core   0: 0x80003814 (0x00008df1) c.and   a1, a2
core   0: 3 0x80003814 (0x8df1) x11 0x0000000f
core   0: 0x80003816 (0x008bbe33) sltu    t3, s7, s0
core   0: 3 0x80003816 (0x008bbe33) x28 0x00000001
core   0: 0x8000381a (0x0000100f) fence.i
core   0: 3 0x8000381a (0x0000100f)
core   0: 0x8000381e (0x007ffb33) and     s6, t6, t2
core   0: 3 0x8000381e (0x007ffb33) x22 0x003fffef
core   0: 0x80003822 (0x01291e33) sll     t3, s2, s2
core   0: 3 0x80003822 (0x01291e33) x28 0x00000000
core   0: 0x80003826 (0x00006409) c.lui   s0, 0x2
core   0: 3 0x80003826 (0x6409) x 8 0x00002000
core   0: 0x80003828 (0x00008922) c.mv    s2, s0
core   0: 3 0x80003828 (0x8922) x18 0x00002000
core   0: 0x8000382a (0x00000001) c.nop
core   0: 3 0x8000382a (0x0001)
core   0: 0x8000382c (0x0000856d) c.srai  a0, 27
core   0: 3 0x8000382c (0x856d) x10 0x00000000
core   0: 0x8000382e (0x00000f2a) c.slli  t5, 10
core   0: 3 0x8000382e (0x0f2a) x30 0x09739800
core   0: 0x80003830 (0x41d45713) srai    a4, s0, 29
core   0: 3 0x80003830 (0x41d45713) x14 0x00000000
core   0: 0x80003834 (0x03cebfb3) mulhu   t6, t4, t3
core   0: 3 0x80003834 (0x03cebfb3) x31 0x00000000
core   0: 0x80003838 (0x01b7fe33) and     t3, a5, s11
core   0: 3 0x80003838 (0x01b7fe33) x28 0x00000000
core   0: 0x8000383c (0x00008f11) c.sub   a4, a2
core   0: 3 0x8000383c (0x8f11) x14 0x00000011
core   0: 0x8000383e (0xd00d8113) addi    sp, s11, -768
core   0: 3 0x8000383e (0xd00d8113) x 2 0xfffffd01
core   0: 0x80003842 (0x0ff0000f) fence   iorw,iorw
core   0: 3 0x80003842 (0x0ff0000f)
core   0: 0x80003846 (0x415ed833) sra     a6, t4, s5
core   0: 3 0x80003846 (0x415ed833) x16 0x00000011
core   0: 0x8000384a (0x00008eb5) c.xor   a3, a3
core   0: 3 0x8000384a (0x8eb5) x13 0x00000000
core   0: 0x8000384c (0xeab96813) ori     a6, s2, -341
core   0: 3 0x8000384c (0xeab96813) x16 0xfffffeab
core   0: 0x80003850 (0x02585fb3) divu    t6, a6, t0
core   0: 3 0x80003850 (0x02585fb3) x31 0xffffffff
core   0: 0x80003854 (0x0000eb09) c.bnez  a4, pc + 18
core   0: 3 0x80003854 (0xeb09)
core   0: 0x80003866 (0x03ae8633) mul     a2, t4, s10
core   0: 3 0x80003866 (0x03ae8633) x12 0xbe015554
core   0: 0x8000386a (0x003b9c93) slli    s9, s7, 3
core   0: 3 0x8000386a (0x003b9c93) x25 0x00000000
core   0: 0x8000386e (0x41368133) sub     sp, a3, s3
core   0: 3 0x8000386e (0x41368133) x 2 0x020c3ba5
core   0: 0x80003872 (0x0000ccb3) xor     s9, ra, zero
core   0: 3 0x80003872 (0x0000ccb3) x25 0x00000001
core   0: 0x80003876 (0x038d32b3) mulhu   t0, s10, s8
core   0: 3 0x80003876 (0x038d32b3) x 5 0xdc397831
core   0: 0x8000387a (0x02737733) remu    a4, t1, t2
core   0: 3 0x8000387a (0x02737733) x14 0x00000000
core   0: 0x8000387e (0x01b7f633) and     a2, a5, s11
core   0: 3 0x8000387e (0x01b7f633) x12 0x00000000
core   0: 0x80003882 (0x7c0d3413) sltiu   s0, s10, 1984
core   0: 3 0x80003882 (0x7c0d3413) x 8 0x00000000
core   0: 0x80003886 (0x00008f01) c.sub   a4, s0
core   0: 3 0x80003886 (0x8f01) x14 0x00000000
core   0: 0x80003888 (0x00009da2) c.add   s11, s0
core   0: 3 0x80003888 (0x9da2) x27 0x00000001
core   0: 0x8000388a (0xa31a2813) slti    a6, s4, -1487
core   0: 3 0x8000388a (0xa31a2813) x16 0x00000001
core   0: 0x8000388e (0x011dbdb3) sltu    s11, s11, a7
core   0: 3 0x8000388e (0x011dbdb3) x27 0x00000001
core   0: 0x80003892 (0x023a4233) div     tp, s4, gp
core   0: 3 0x80003892 (0x023a4233) x 4 0x80025ce4
core   0: 0x80003896 (0x00005cfd) c.li    s9, -1
core   0: 3 0x80003896 (0x5cfd) x25 0xffffffff
core   0: 0x80003898 (0x033863b3) rem     t2, a6, s3
core   0: 3 0x80003898 (0x033863b3) x 7 0x00000001
core   0: 0x8000389c (0x00008689) c.srai  a3, 2
core   0: 3 0x8000389c (0x8689) x13 0x00000000
core   0: 0x8000389e (0x00008dd5) c.or    a1, a3
core   0: 3 0x8000389e (0x8dd5) x11 0x0000000f
core   0: 0x800038a0 (0x00008af1) c.andi  a3, 28
core   0: 3 0x800038a0 (0x8af1) x13 0x00000000
core   0: 0x800038a2 (0x00008751) c.srai  a4, 20
core   0: 3 0x800038a2 (0x8751) x14 0x00000000
core   0: 0x800038a4 (0x05205163) bge     zero, s2, pc + 66
core   0: 3 0x800038a4 (0x05205163)
core   0: 0x800038a8 (0x0362e063) bltu    t0, s6, pc + 32
core   0: 3 0x800038a8 (0x0362e063)
core   0: 0x800038ac (0x02197a63) bgeu    s2, ra, pc + 52
core   0: 3 0x800038ac (0x02197a63)
core   0: 0x800038e0 (0x01712d33) slt     s10, sp, s7
core   0: 3 0x800038e0 (0x01712d33) x26 0x00000000
core   0: 0x800038e4 (0x00006575) c.lui   a0, 0x1d
core   0: 3 0x800038e4 (0x6575) x10 0x0001d000
core   0: 0x800038e6 (0xf07bc113) xori    sp, s7, -249
core   0: 3 0x800038e6 (0xf07bc113) x 2 0xffffff07
core   0: 0x800038ea (0x005dd8b3) srl     a7, s11, t0
core   0: 3 0x800038ea (0x005dd8b3) x17 0x00000000
core   0: 0x800038ee (0x4546e013) ori     zero, a3, 1108
core   0: 3 0x800038ee (0x4546e013)
core   0: 0x800038f2 (0x00008e5d) c.or    a2, a5
core   0: 3 0x800038f2 (0x8e5d) x12 0x80021e64
core   0: 0x800038f4 (0x00000001) c.nop
core   0: 3 0x800038f4 (0x0001)
core   0: 0x800038f6 (0x00d5eb63) bltu    a1, a3, pc + 22
core   0: 3 0x800038f6 (0x00d5eb63)
core   0: 0x800038fa (0x0000946e) c.add   s0, s11
core   0: 3 0x800038fa (0x946e) x 8 0x00000001
core   0: 0x800038fc (0x0000e609) c.bnez  a2, pc + 10
core   0: 3 0x800038fc (0xe609)
core   0: 0x80003906 (0x02265e33) divu    t3, a2, sp
core   0: 3 0x80003906 (0x02265e33) x28 0x00000000
core   0: 0x8000390a (0x00008c25) c.xor   s0, s1
core   0: 3 0x8000390a (0x8c25) x 8 0xfffffff3
core   0: 0x8000390c (0x01b4d863) bge     s1, s11, pc + 16
core   0: 3 0x8000390c (0x01b4d863)
core   0: 0x80003910 (0x0036ee33) or      t3, a3, gp
core   0: 3 0x80003910 (0x0036ee33) x28 0x00000001
core   0: 0x80003914 (0x0000e515) c.bnez  a0, pc + 44
core   0: 3 0x80003914 (0xe515)
core   0: 0x80003940 (0xd8ca2537) lui     a0, 0xd8ca2
core   0: 3 0x80003940 (0xd8ca2537) x10 0xd8ca2000
core   0: 0x80003944 (0x000086c5) c.srai  a3, 17
core   0: 3 0x80003944 (0x86c5) x13 0x00000000
core   0: 0x80003946 (0x00000001) c.nop
core   0: 3 0x80003946 (0x0001)
core   0: 0x80003948 (0x00006b85) c.lui   s7, 0x1
core   0: 3 0x80003948 (0x6b85) x23 0x00001000
core   0: 0x8000394a (0x021979b3) remu    s3, s2, ra
core   0: 3 0x8000394a (0x021979b3) x19 0x00000000
core   0: 0x8000394e (0x00008d91) c.sub   a1, a2
core   0: 3 0x8000394e (0x8d91) x11 0x7ffde1ab
core   0: 0x80003950 (0x4069d113) srai    sp, s3, 6
core   0: 3 0x80003950 (0x4069d113) x 2 0x00000000
core   0: 0x80003954 (0x0000c719) c.beqz  a4, pc + 14
core   0: 3 0x80003954 (0xc719)
core   0: 0x80003962 (0x00000986) c.slli  s3, 1
core   0: 3 0x80003962 (0x0986) x19 0x00000000
core   0: 0x80003964 (0x0236e233) rem     tp, a3, gp
core   0: 3 0x80003964 (0x0236e233) x 4 0x00000000
core   0: 0x80003968 (0x01dc8a63) beq     s9, t4, pc + 20
core   0: 3 0x80003968 (0x01dc8a63)
core   0: 0x8000396c (0x00665633) srl     a2, a2, t1
core   0: 3 0x8000396c (0x00665633) x12 0x80021e64
core   0: 0x80003970 (0xa6afe313) ori     t1, t6, -1430
core   0: 3 0x80003970 (0xa6afe313) x 6 0xffffffff
core   0: 0x80003974 (0x00000001) c.nop
core   0: 3 0x80003974 (0x0001)
core   0: 0x80003976 (0x1e3f0337) lui     t1, 0x1e3f0
core   0: 3 0x80003976 (0x1e3f0337) x 6 0x1e3f0000
core   0: 0x8000397a (0x00008d99) c.sub   a1, a4
core   0: 3 0x8000397a (0x8d99) x11 0x7ffde1ab
core   0: 0x8000397c (0x03088833) mul     a6, a7, a6
core   0: 3 0x8000397c (0x03088833) x16 0x00000000
core   0: 0x80003980 (0x01094763) blt     s2, a6, pc + 14
core   0: 3 0x80003980 (0x01094763)
core   0: 0x80003984 (0x00008c91) c.sub   s1, a2
core   0: 3 0x80003984 (0x8c91) x 9 0x7ffde18e
core   0: 0x80003986 (0x01a3d293) srli    t0, t2, 26
core   0: 3 0x80003986 (0x01a3d293) x 5 0x00000000
core   0: 0x8000398a (0x3798ad13) slti    s10, a7, 889
core   0: 3 0x8000398a (0x3798ad13) x26 0x00000001
core   0: 0x8000398e (0x00008cb9) c.xor   s1, a4
core   0: 3 0x8000398e (0x8cb9) x 9 0x7ffde18e
core   0: 0x80003990 (0x000006c1) c.addi  a3, 16
core   0: 3 0x80003990 (0x06c1) x13 0x00000010
core   0: 0x80003992 (0x0000e1a9) c.bnez  a1, pc + 66
core   0: 3 0x80003992 (0xe1a9)
core   0: 0x800039d4 (0x0000ec91) c.bnez  s1, pc + 28
core   0: 3 0x800039d4 (0xec91)
core   0: 0x800039f0 (0x000cd2b3) srl     t0, s9, zero
core   0: 3 0x800039f0 (0x000cd2b3) x 5 0xffffffff
core   0: 0x800039f4 (0x00008ce6) c.mv    s9, s9
core   0: 3 0x800039f4 (0x8ce6) x25 0xffffffff
core   0: 0x800039f6 (0x00008ca9) c.xor   s1, a0
core   0: 3 0x800039f6 (0x8ca9) x 9 0xa737c18e
core   0: 0x800039f8 (0x0000836a) c.mv    t1, s10
core   0: 3 0x800039f8 (0x836a) x 6 0x00000001
core   0: 0x800039fa (0x0ff0000f) fence   iorw,iorw
core   0: 3 0x800039fa (0x0ff0000f)
core   0: 0x800039fe (0x01b50d33) add     s10, a0, s11
core   0: 3 0x800039fe (0x01b50d33) x26 0xd8ca2001
core   0: 0x80003a02 (0x9cf5fa93) andi    s5, a1, -1585
core   0: 3 0x80003a02 (0x9cf5fa93) x21 0x7ffde18b
core   0: 0x80003a06 (0x0000836d) c.srli  a4, 27
core   0: 3 0x80003a06 (0x836d) x14 0x00000000
core   0: 0x80003a08 (0x0ff0000f) fence   iorw,iorw
core   0: 3 0x80003a08 (0x0ff0000f)
core   0: 0x80003a0c (0x0000e999) c.bnez  a1, pc + 22
core   0: 3 0x80003a0c (0xe999)
core   0: 0x80003a22 (0x2c804a93) xori    s5, zero, 712
core   0: 3 0x80003a22 (0x2c804a93) x21 0x000002c8
core   0: 0x80003a26 (0x014dd963) bge     s11, s4, pc + 18
core   0: 3 0x80003a26 (0x014dd963)
core   0: 0x80003a38 (0x00008339) c.srli  a4, 14
core   0: 3 0x80003a38 (0x8339) x14 0x00000000
core   0: 0x80003a3a (0x01ef8963) beq     t6, t5, pc + 18
core   0: 3 0x80003a3a (0x01ef8963)
core   0: 0x80003a3e (0x41850633) sub     a2, a0, s8
core   0: 3 0x80003a3e (0x41850633) x12 0xdad65ba5
core   0: 0x80003a42 (0x000098fd) c.andi  s1, -1
core   0: 3 0x80003a42 (0x98fd) x 9 0xa737c18e
core   0: 0x80003a44 (0x01e65c63) bge     a2, t5, pc + 24
core   0: 3 0x80003a44 (0x01e65c63)
core   0: 0x80003a48 (0x03344763) blt     s0, s3, pc + 46
core   0: 3 0x80003a48 (0x03344763)
core   0: 0x80003a76 (0x01795293) srli    t0, s2, 23
core   0: 3 0x80003a76 (0x01795293) x 5 0x00000000
core   0: 0x80003a7a (0x01e58d63) beq     a1, t5, pc + 26
core   0: 3 0x80003a7a (0x01e58d63)
core   0: 0x80003a7e (0x01983333) sltu    t1, a6, s9
core   0: 3 0x80003a7e (0x01983333) x 6 0x00000001
core   0: 0x80003a82 (0x40d15493) srai    s1, sp, 13
core   0: 3 0x80003a82 (0x40d15493) x 9 0x00000000
core   0: 0x80003a86 (0x02ef2ab3) mulhsu  s5, t5, a4
core   0: 3 0x80003a86 (0x02ef2ab3) x21 0x00000000
core   0: 0x80003a8a (0x03ff9933) mulh    s2, t6, t6
core   0: 3 0x80003a8a (0x03ff9933) x18 0x00000000
core   0: 0x80003a8e (0x000095be) c.add   a1, a5
core   0: 3 0x80003a8e (0x95be) x11 0x0000000f
core   0: 0x80003a90 (0x01fca733) slt     a4, s9, t6
core   0: 3 0x80003a90 (0x01fca733) x14 0x00000000
core   0: 0x80003a94 (0x302ea113) slti    sp, t4, 770
core   0: 3 0x80003a94 (0x302ea113) x 2 0x00000001
core   0: 0x80003a98 (0x039f9bb3) mulh    s7, t6, s9
core   0: 3 0x80003a98 (0x039f9bb3) x23 0x00000000
core   0: 0x80003a9c (0x02ca1463) bne     s4, a2, pc + 40
core   0: 3 0x80003a9c (0x02ca1463)
core   0: 0x80003ac4 (0x1d0f7d97) auipc   s11, 0x1d0f7
core   0: 3 0x80003ac4 (0x1d0f7d97) x27 0x9d0faac4
core   0: 0x80003ac8 (0xce429317) auipc   t1, 0xce429
core   0: 3 0x80003ac8 (0xce429317) x 6 0x4e42cac8
core   0: 0x80003acc (0x70ace993) ori     s3, s9, 1802
core   0: 3 0x80003acc (0x70ace993) x19 0xffffffff
core   0: 0x80003ad0 (0x02c323b3) mulhsu  t2, t1, a2
core   0: 3 0x80003ad0 (0x02c323b3) x 7 0x42e66888
core   0: 0x80003ad4 (0x00000001) c.nop
core   0: 3 0x80003ad4 (0x0001)
core   0: 0x80003ad6 (0x0000c299) c.beqz  a3, pc + 6
core   0: 3 0x80003ad6 (0xc299)
core   0: 0x80003ad8 (0x0000527d) c.li    tp, -1
core   0: 3 0x80003ad8 (0x527d) x 4 0xffffffff
core   0: 0x80003ada (0x0000e331) c.bnez  a4, pc + 68
core   0: 3 0x80003ada (0xe331)
core   0: 0x80003adc (0x22828593) addi    a1, t0, 552
core   0: 3 0x80003adc (0x22828593) x11 0x00000228
core   0: 0x80003ae0 (0x00006239) c.lui   tp, 0xe
core   0: 3 0x80003ae0 (0x6239) x 4 0x0000e000
core   0: 0x80003ae2 (0x03ee7bb3) remu    s7, t3, t5
core   0: 3 0x80003ae2 (0x03ee7bb3) x23 0x00000001
core   0: 0x80003ae6 (0x00000421) c.addi  s0, 8
core   0: 3 0x80003ae6 (0x0421) x 8 0xfffffffb
core   0: 0x80003ae8 (0x04325363) bge     tp, gp, pc + 70
core   0: 3 0x80003ae8 (0x04325363)
core   0: 0x80003b2e (0x00009ac6) c.add   s5, a7
core   0: 3 0x80003b2e (0x9ac6) x21 0x00000000
core   0: 0x80003b30 (0x00008ed5) c.or    a3, a3
core   0: 3 0x80003b30 (0x8ed5) x13 0x00000010
core   0: 0x80003b32 (0x02570033) mul     zero, a4, t0
core   0: 3 0x80003b32 (0x02570033)
core   0: 0x80003b36 (0x0000547d) c.li    s0, -1
core   0: 3 0x80003b36 (0x547d) x 8 0xffffffff
core   0: 0x80003b38 (0x01cf9493) slli    s1, t6, 28
core   0: 3 0x80003b38 (0x01cf9493) x 9 0xf0000000
core   0: 0x80003b3c (0x00008152) c.mv    sp, s4
core   0: 3 0x80003b3c (0x8152) x 2 0x80025ce4
core   0: 0x80003b3e (0x01c44b33) xor     s6, s0, t3
core   0: 3 0x80003b3e (0x01c44b33) x22 0xfffffffe
core   0: 0x80003b42 (0x84fd2197) auipc   gp, 0x84fd2
core   0: 3 0x80003b42 (0x84fd2197) x 3 0x04fd5b42
core   0: 0x80003b46 (0xae53efb7) lui     t6, 0xae53e
core   0: 3 0x80003b46 (0xae53efb7) x31 0xae53e000
core   0: 0x80003b4a (0x00008d1d) c.sub   a0, a5
core   0: 3 0x80003b4a (0x8d1d) x10 0x58c8019c
core   0: 0x80003b4c (0x00008edd) c.or    a3, a5
core   0: 3 0x80003b4c (0x8edd) x13 0x80021e74
core   0: 0x80003b4e (0x764fe993) ori     s3, t6, 1892
core   0: 3 0x80003b4e (0x764fe993) x19 0xae53e764
core   0: 0x80003b52 (0x66265eb7) lui     t4, 0x66265
core   0: 3 0x80003b52 (0x66265eb7) x29 0x66265000
core   0: 0x80003b56 (0x00755533) srl     a0, a0, t2
core   0: 3 0x80003b56 (0x00755533) x10 0x0058c801
core   0: 0x80003b5a (0x0000100f) fence.i
core   0: 3 0x80003b5a (0x0000100f)
core   0: 0x80003b5e (0x014d36b3) sltu    a3, s10, s4
core   0: 3 0x80003b5e (0x014d36b3) x13 0x00000000
core   0: 0x80003b62 (0x95410713) addi    a4, sp, -1708
core   0: 3 0x80003b62 (0x95410713) x14 0x80025638
core   0: 0x80003b66 (0x01c16b63) bltu    sp, t3, pc + 22
core   0: 3 0x80003b66 (0x01c16b63)
core   0: 0x80003b6a (0x01acd8b3) srl     a7, s9, s10
core   0: 3 0x80003b6a (0x01acd8b3) x17 0x7fffffff
core   0: 0x80003b6e (0x02b1edb3) rem     s11, gp, a1
core   0: 3 0x80003b6e (0x02b1edb3) x27 0x0000017a
core   0: 0x80003b72 (0xfa79c513) xori    a0, s3, -89
core   0: 3 0x80003b72 (0xfa79c513) x10 0x51ac18c3
core   0: 0x80003b76 (0x00008ded) c.and   a1, a1
core   0: 3 0x80003b76 (0x8ded) x11 0x00000228
core   0: 0x80003b78 (0x0388f133) remu    sp, a7, s8
core   0: 3 0x80003b78 (0x0388f133) x 2 0x7fffffff
core   0: 0x80003b7c (0xad923593) sltiu   a1, tp, -1319
core   0: 3 0x80003b7c (0xad923593) x11 0x00000001
core   0: 0x80003b80 (0x00008421) c.srai  s0, 8
core   0: 3 0x80003b80 (0x8421) x 8 0xffffffff
core   0: 0x80003b82 (0x00685493) srli    s1, a6, 6
core   0: 3 0x80003b82 (0x00685493) x 9 0x00000000
core   0: 0x80003b86 (0xaf98ff97) auipc   t6, 0xaf98f
core   0: 3 0x80003b86 (0xaf98ff97) x31 0x2f992b86
core   0: 0x80003b8a (0x0000ce99) c.beqz  a3, pc + 30
core   0: 3 0x80003b8a (0xce99)
core   0: 0x80003ba8 (0x01044933) xor     s2, s0, a6
core   0: 3 0x80003ba8 (0x01044933) x18 0xffffffff
core   0: 0x80003bac (0x02bd0e13) addi    t3, s10, 43
core   0: 3 0x80003bac (0x02bd0e13) x28 0xd8ca202c
core   0: 0x80003bb0 (0x005cc3b3) xor     t2, s9, t0
core   0: 3 0x80003bb0 (0x005cc3b3) x 7 0xffffffff
core   0: 0x80003bb4 (0x018b5433) srl     s0, s6, s8
core   0: 3 0x80003bb4 (0x018b5433) x 8 0x0000001f
core   0: 0x80003bb8 (0x03034033) div     zero, t1, a6
core   0: 3 0x80003bb8 (0x03034033)
core   0: 0x80003bbc (0x00000d00) c.addi4spn s0, sp, 656
core   0: 3 0x80003bbc (0x0d00) x 8 0x8000028f
core   0: 0x80003bbe (0x02cf6a63) bltu    t5, a2, pc + 52
core   0: 3 0x80003bbe (0x02cf6a63)
core   0: 0x80003bf2 (0x51296e13) ori     t3, s2, 1298
core   0: 3 0x80003bf2 (0x51296e13) x28 0xffffffff
core   0: 0x80003bf6 (0x31d5fd93) andi    s11, a1, 797
core   0: 3 0x80003bf6 (0x31d5fd93) x27 0x00000001
core   0: 0x80003bfa (0x00008f79) c.and   a4, a4
core   0: 3 0x80003bfa (0x8f79) x14 0x80025638
core   0: 0x80003bfc (0x039dc463) blt     s11, s9, pc + 40
core   0: 3 0x80003bfc (0x039dc463)
core   0: 0x80003c00 (0x000082dd) c.srli  a3, 23
core   0: 3 0x80003c00 (0x82dd) x13 0x00000000
core   0: 0x80003c02 (0x00000496) c.slli  s1, 5
core   0: 3 0x80003c02 (0x0496) x 9 0x00000000
core   0: 0x80003c04 (0x0000874e) c.mv    a4, s3
core   0: 3 0x80003c04 (0x874e) x14 0xae53e764
core   0: 0x80003c06 (0x00006725) c.lui   a4, 0x9
core   0: 3 0x80003c06 (0x6725) x14 0x00009000
core   0: 0x80003c08 (0x40095933) sra     s2, s2, zero
core   0: 3 0x80003c08 (0x40095933) x18 0xffffffff
core   0: 0x80003c0c (0x02404333) div     t1, zero, tp
core   0: 3 0x80003c0c (0x02404333) x 6 0x00000000
core   0: 0x80003c10 (0x03d65a63) bge     a2, t4, pc + 52
core   0: 3 0x80003c10 (0x03d65a63)
core   0: 0x80003c14 (0x00006b7d) c.lui   s6, 0x1f
core   0: 3 0x80003c14 (0x6b7d) x22 0x0001f000
core   0: 0x80003c16 (0x0ff0000f) fence   iorw,iorw
core   0: 3 0x80003c16 (0x0ff0000f)
core   0: 0x80003c1a (0x000092ca) c.add   t0, s2
core   0: 3 0x80003c1a (0x92ca) x 5 0xffffffff
core   0: 0x80003c1c (0x02e9f333) remu    t1, s3, a4
core   0: 3 0x80003c1c (0x02e9f333) x 6 0x00004764
core   0: 0x80003c20 (0x02a10763) beq     sp, a0, pc + 46
core   0: 3 0x80003c20 (0x02a10763)
core   0: 0x80003c24 (0x00009e76) c.add   t3, t4
core   0: 3 0x80003c24 (0x9e76) x28 0x66264fff
core   0: 0x80003c26 (0x00008475) c.srai  s0, 29
core   0: 3 0x80003c26 (0x8475) x 8 0xfffffffc
core   0: 0x80003c28 (0x00000001) c.nop
core   0: 3 0x80003c28 (0x0001)
core   0: 0x80003c2a (0x01568733) add     a4, a3, s5
core   0: 3 0x80003c2a (0x01568733) x14 0x00000000
core   0: 0x80003c2e (0x000019fd) c.addi  s3, -1
core   0: 3 0x80003c2e (0x19fd) x19 0xae53e763
core   0: 0x80003c30 (0x0052e863) bltu    t0, t0, pc + 16
core   0: 3 0x80003c30 (0x0052e863)
core   0: 0x80003c34 (0x03731bb3) mulh    s7, t1, s7
core   0: 3 0x80003c34 (0x03731bb3) x23 0x00000000
core   0: 0x80003c38 (0x40c58933) sub     s2, a1, a2
core   0: 3 0x80003c38 (0x40c58933) x18 0x2529a45c
core   0: 0x80003c3c (0x35bb6d93) ori     s11, s6, 859
core   0: 3 0x80003c3c (0x35bb6d93) x27 0x0001f35b
core   0: 0x80003c40 (0x025cbeb3) mulhu   t4, s9, t0
core   0: 3 0x80003c40 (0x025cbeb3) x29 0xfffffffe
core   0: 0x80003c44 (0x01632d33) slt     s10, t1, s6
core   0: 3 0x80003c44 (0x01632d33) x26 0x00000001
core   0: 0x80003c48 (0x0000717d) c.addi16sp sp, -16
core   0: 3 0x80003c48 (0x717d) x 2 0x7fffffef
core   0: 0x80003c4a (0x404901b3) sub     gp, s2, tp
core   0: 3 0x80003c4a (0x404901b3) x 3 0x2528c45c
core   0: 0x80003c4e (0x00000001) c.nop
core   0: 3 0x80003c4e (0x0001)
core   0: 0x80003c50 (0x0000068c) c.addi4spn a1, sp, 832
core   0: 3 0x80003c50 (0x068c) x11 0x8000032f
core   0: 0x80003c52 (0x00731ab3) sll     s5, t1, t2
core   0: 3 0x80003c52 (0x00731ab3) x21 0x00000000
core   0: 0x80003c56 (0x00008ef1) c.and   a3, a2
core   0: 3 0x80003c56 (0x8ef1) x13 0x00000000
core   0: 0x80003c58 (0x00008af5) c.andi  a3, 29
core   0: 3 0x80003c58 (0x8af5) x13 0x00000000
core   0: 0x80003c5a (0x028b8863) beq     s7, s0, pc + 48
core   0: 3 0x80003c5a (0x028b8863)
core   0: 0x80003c5e (0x019c8933) add     s2, s9, s9
core   0: 3 0x80003c5e (0x019c8933) x18 0xfffffffe
core   0: 0x80003c62 (0x00f05db3) srl     s11, zero, a5
core   0: 3 0x80003c62 (0x00f05db3) x27 0x00000000
core   0: 0x80003c66 (0x012be663) bltu    s7, s2, pc + 12
core   0: 3 0x80003c66 (0x012be663)
core   0: 0x80003c72 (0xe13f7993) andi    s3, t5, -493
core   0: 3 0x80003c72 (0xe13f7993) x19 0x09739800
core   0: 0x80003c76 (0x032dafb3) mulhsu  t6, s11, s2
core   0: 3 0x80003c76 (0x032dafb3) x31 0x00000000
core   0: 0x80003c7a (0x0000eb11) c.bnez  a4, pc + 20
core   0: 3 0x80003c7a (0xeb11)
core   0: 0x80003c7c (0x000009d2) c.slli  s3, 20
core   0: 3 0x80003c7c (0x09d2) x19 0x80000000
core   0: 0x80003c7e (0xb8776993) ori     s3, a4, -1145
core   0: 3 0x80003c7e (0xb8776993) x19 0xfffffb87
core   0: 0x80003c82 (0x0000850d) c.srai  a0, 3
core   0: 3 0x80003c82 (0x850d) x10 0x0a358318
core   0: 0x80003c84 (0x5aebbb93) sltiu   s7, s7, 1454
core   0: 3 0x80003c84 (0x5aebbb93) x23 0x00000001
core   0: 0x80003c88 (0x00000001) c.nop
core   0: 3 0x80003c88 (0x0001)
core   0: 0x80003c8a (0x00d0c6b3) xor     a3, ra, a3
core   0: 3 0x80003c8a (0x00d0c6b3) x13 0x00000001
core   0: 0x80003c8e (0x00008e7a) c.mv    t3, t5
core   0: 3 0x80003c8e (0x8e7a) x28 0x09739800
core   0: 0x80003c90 (0x03cd58b3) divu    a7, s10, t3
core   0: 3 0x80003c90 (0x03cd58b3) x17 0x00000000
core   0: 0x80003c94 (0x000080c1) c.srli  s1, 16
core   0: 3 0x80003c94 (0x80c1) x 9 0x00000000
core   0: 0x80003c96 (0x0000c599) c.beqz  a1, pc + 14
core   0: 3 0x80003c96 (0xc599)
core   0: 0x80003c98 (0x015a9433) sll     s0, s5, s5
core   0: 3 0x80003c98 (0x015a9433) x 8 0x00000000
core   0: 0x80003c9c (0x00000280) c.addi4spn s0, sp, 320
core   0: 3 0x80003c9c (0x0280) x 8 0x8000012f
core   0: 0x80003c9e (0x00008719) c.srai  a4, 6
core   0: 3 0x80003c9e (0x8719) x14 0x00000000
core   0: 0x80003ca0 (0x031844b3) div     s1, a6, a7
core   0: 3 0x80003ca0 (0x031844b3) x 9 0xffffffff
core   0: 0x80003ca4 (0x34a1e537) lui     a0, 0x34a1e
core   0: 3 0x80003ca4 (0x34a1e537) x10 0x34a1e000
core   0: 0x80003ca8 (0x01256563) bltu    a0, s2, pc + 10
core   0: 3 0x80003ca8 (0x01256563)
core   0: 0x80003cb2 (0x00a21d13) slli    s10, tp, 10
core   0: 3 0x80003cb2 (0x00a21d13) x26 0x03800000
core   0: 0x80003cb6 (0x03f6b833) mulhu   a6, a3, t6
core   0: 3 0x80003cb6 (0x03f6b833) x16 0x00000000
core   0: 0x80003cba (0x01e664b3) or      s1, a2, t5
core   0: 3 0x80003cba (0x01e664b3) x 9 0xdbf7dba5
core   0: 0x80003cbe (0x059f0663) beq     t5, s9, pc + 76
core   0: 3 0x80003cbe (0x059f0663)
core   0: 0x80003cc2 (0x02b44063) blt     s0, a1, pc + 32
core   0: 3 0x80003cc2 (0x02b44063)
core   0: 0x80003ce2 (0x2c30b993) sltiu   s3, ra, 707
core   0: 3 0x80003ce2 (0x2c30b993) x19 0x00000001
core   0: 0x80003ce6 (0x03641e33) mulh    t3, s0, s6
core   0: 3 0x80003ce6 (0x03641e33) x28 0xffff0800
core   0: 0x80003cea (0x00009b42) c.add   s6, a6
core   0: 3 0x80003cea (0x9b42) x22 0x0001f000
core   0: 0x80003cec (0x014620b3) slt     ra, a2, s4
core   0: 3 0x80003cec (0x014620b3) x 1 0x00000000
core   0: 0x80003cf0 (0x4049cc93) xori    s9, s3, 1028
core   0: 3 0x80003cf0 (0x4049cc93) x25 0x00000405
core   0: 0x80003cf4 (0xedcc4193) xori    gp, s8, -292
core   0: 3 0x80003cf4 (0xedcc4193) x 3 0x020c3a87
core   0: 0x80003cf8 (0x01a3ddb3) srl     s11, t2, s10
core   0: 3 0x80003cf8 (0x01a3ddb3) x27 0xffffffff
core   0: 0x80003cfc (0x000080c9) c.srli  s1, 18
core   0: 3 0x80003cfc (0x80c9) x 9 0x000036fd
core   0: 0x80003cfe (0x4100d013) srai    zero, ra, 16
core   0: 3 0x80003cfe (0x4100d013)
core   0: 0x80003d02 (0xc631be93) sltiu   t4, gp, -925
core   0: 3 0x80003d02 (0xc631be93) x29 0x00000001
core   0: 0x80003d06 (0x01f5d563) bge     a1, t6, pc + 10
core   0: 3 0x80003d06 (0x01f5d563)
core   0: 0x80003d0a (0x01acd993) srli    s3, s9, 26
core   0: 3 0x80003d0a (0x01acd993) x19 0x00000000
core   0: 0x80003d0e (0x00008269) c.srli  a2, 26
core   0: 3 0x80003d0e (0x8269) x12 0x00000036
core   0: 0x80003d10 (0x01a54f33) xor     t5, a0, s10
core   0: 3 0x80003d10 (0x01a54f33) x30 0x3721e000
core   0: 0x80003d14 (0x03425d63) bge     tp, s4, pc + 58
core   0: 3 0x80003d14 (0x03425d63)
core   0: 0x80003d4e (0x001e72b3) and     t0, t3, ra
core   0: 3 0x80003d4e (0x001e72b3) x 5 0x00000000
core   0: 0x80003d52 (0x03fc9cb3) mulh    s9, s9, t6
core   0: 3 0x80003d52 (0x03fc9cb3) x25 0x00000000
core   0: 0x80003d56 (0x02f69b63) bne     a3, a5, pc + 54
core   0: 3 0x80003d56 (0x02f69b63)
core   0: 0x80003d8c (0x58923d13) sltiu   s10, tp, 1417
core   0: 3 0x80003d8c (0x58923d13) x26 0x00000000
core   0: 0x80003d90 (0x00008d85) c.sub   a1, s1
core   0: 3 0x80003d90 (0x8d85) x11 0x7fffcc32
core   0: 0x80003d92 (0x00008f25) c.xor   a4, s1
core   0: 3 0x80003d92 (0x8f25) x14 0x000036fd
core   0: 0x80003d94 (0x00009b32) c.add   s6, a2
core   0: 3 0x80003d94 (0x9b32) x22 0x0001f036
core   0: 0x80003d96 (0x031e84b3) mul     s1, t4, a7
core   0: 3 0x80003d96 (0x031e84b3) x 9 0x00000000
core   0: 0x80003d9a (0x00345693) srli    a3, s0, 3
core   0: 3 0x80003d9a (0x00345693) x13 0x10000025
core   0: 0x80003d9e (0x5f9a1537) lui     a0, 0x5f9a1
core   0: 3 0x80003d9e (0x5f9a1537) x10 0x5f9a1000
core   0: 0x80003da2 (0x013e8c63) beq     t4, s3, pc + 24
core   0: 3 0x80003da2 (0x013e8c63)
core   0: 0x80003da6 (0x0000100f) fence.i
core   0: 3 0x80003da6 (0x0000100f)
core   0: 0x80003daa (0x0ff0000f) fence   iorw,iorw
core   0: 3 0x80003daa (0x0ff0000f)
core   0: 0x80003dae (0x012af863) bgeu    s5, s2, pc + 16
core   0: 3 0x80003dae (0x012af863)
core   0: 0x80003db2 (0x0ff0000f) fence   iorw,iorw
core   0: 3 0x80003db2 (0x0ff0000f)
core   0: 0x80003db6 (0x04467263) bgeu    a2, tp, pc + 68
core   0: 3 0x80003db6 (0x04467263)
core   0: 0x80003dba (0x34003f13) sltiu   t5, zero, 832
core   0: 3 0x80003dba (0x34003f13) x30 0x00000001
core   0: 0x80003dbe (0x030a03b3) mul     t2, s4, a6
core   0: 3 0x80003dbe (0x030a03b3) x 7 0x00000000
core   0: 0x80003dc2 (0x01b15c63) bge     sp, s11, pc + 24
core   0: 3 0x80003dc2 (0x01b15c63)
core   0: 0x80003dda (0x02a35663) bge     t1, a0, pc + 44
core   0: 3 0x80003dda (0x02a35663)
core   0: 0x80003dde (0x0000987d) c.andi  s0, -1
core   0: 3 0x80003dde (0x987d) x 8 0x8000012f
core   0: 0x80003de0 (0x00008841) c.andi  s0, 16
core   0: 3 0x80003de0 (0x8841) x 8 0x00000000
core   0: 0x80003de2 (0x038523b3) mulhsu  t2, a0, s8
core   0: 3 0x80003de2 (0x038523b3) x 7 0x5ed64a61
core   0: 0x80003de6 (0x01aaf433) and     s0, s5, s10
core   0: 3 0x80003de6 (0x01aaf433) x 8 0x00000000
core   0: 0x80003dea (0x4068d5b3) sra     a1, a7, t1
core   0: 3 0x80003dea (0x4068d5b3) x11 0x00000000
core   0: 0x80003dee (0x02ff0b33) mul     s6, t5, a5
core   0: 3 0x80003dee (0x02ff0b33) x22 0x80021e64
core   0: 0x80003df2 (0x00009cee) c.add   s9, s11
core   0: 3 0x80003df2 (0x9cee) x25 0xffffffff
core   0: 0x80003df4 (0x0000428d) c.li    t0, 3
core   0: 3 0x80003df4 (0x428d) x 5 0x00000003
core   0: 0x80003df6 (0x002884b3) add     s1, a7, sp
core   0: 3 0x80003df6 (0x002884b3) x 9 0x7fffffef
core   0: 0x80003dfa (0x0ff0000f) fence   iorw,iorw
core   0: 3 0x80003dfa (0x0ff0000f)
core   0: 0x80003dfe (0x0ff0000f) fence   iorw,iorw
core   0: 3 0x80003dfe (0x0ff0000f)
core   0: 0x80003e02 (0x00000001) c.nop
core   0: 3 0x80003e02 (0x0001)
core   0: 0x80003e04 (0x00000001) c.nop
core   0: 3 0x80003e04 (0x0001)
core   0: 0x80003e06 (0x9a863297) auipc   t0, 0x9a863
core   0: 3 0x80003e06 (0x9a863297) x 5 0x1a866e06
core   0: 0x80003e0a (0x1b0983b7) lui     t2, 0x1b098
core   0: 3 0x80003e0a (0x1b0983b7) x 7 0x1b098000
core   0: 0x80003e0e (0x00006ddd) c.lui   s11, 0x17
core   0: 3 0x80003e0e (0x6ddd) x27 0x00017000
core   0: 0x80003e10 (0x226a3613) sltiu   a2, s4, 550
core   0: 3 0x80003e10 (0x226a3613) x12 0x00000000
core   0: 0x80003e14 (0x00008ca1) c.xor   s1, s0
core   0: 3 0x80003e14 (0x8ca1) x 9 0x7fffffef
core   0: 0x80003e16 (0x416b5493) srai    s1, s6, 22
core   0: 3 0x80003e16 (0x416b5493) x 9 0xfffffe00
core   0: 0x80003e1a (0x00009cde) c.add   s9, s7
core   0: 3 0x80003e1a (0x9cde) x25 0x00000000
core   0: 0x80003e1c (0x00008e9d) c.sub   a3, a5
core   0: 3 0x80003e1c (0x8e9d) x13 0x8ffde1c1
core   0: 0x80003e1e (0x93dc3513) sltiu   a0, s8, -1731
core   0: 3 0x80003e1e (0x93dc3513) x10 0x00000001
core   0: 0x80003e22 (0x026c3433) mulhu   s0, s8, t1
core   0: 3 0x80003e22 (0x026c3433) x 8 0x000046d1
core   0: 0x80003e26 (0x03fd9233) mulh    tp, s11, t6
core   0: 3 0x80003e26 (0x03fd9233) x 4 0x00000000
core   0: 0x80003e2a (0x96fa8093) addi    ra, s5, -1681
core   0: 3 0x80003e2a (0x96fa8093) x 1 0xfffff96f
core   0: 0x80003e2e (0x01f41f13) slli    t5, s0, 31
core   0: 3 0x80003e2e (0x01f41f13) x30 0x80000000
core   0: 0x80003e32 (0x00009942) c.add   s2, a6
core   0: 3 0x80003e32 (0x9942) x18 0xfffffffe
core   0: 0x80003e34 (0x023b9833) mulh    a6, s7, gp
core   0: 3 0x80003e34 (0x023b9833) x16 0x00000000
core   0: 0x80003e38 (0x0000717d) c.addi16sp sp, -16
core   0: 3 0x80003e38 (0x717d) x 2 0x7fffffdf
core   0: 0x80003e3a (0x00006565) c.lui   a0, 0x19
core   0: 3 0x80003e3a (0x6565) x10 0x00019000
core   0: 0x80003e3c (0x01228333) add     t1, t0, s2
core   0: 3 0x80003e3c (0x01228333) x 6 0x1a866e04
core   0: 0x80003e40 (0xb7274417) auipc   s0, 0xb7274
core   0: 3 0x80003e40 (0xb7274417) x 8 0x37277e40
core   0: 0x80003e44 (0x000429b3) slt     s3, s0, zero
core   0: 3 0x80003e44 (0x000429b3) x19 0x00000000
core   0: 0x80003e48 (0x01579263) bne     a5, s5, pc + 4
core   0: 3 0x80003e48 (0x01579263)
core   0: 0x80003e4c (0x00d0cfb3) xor     t6, ra, a3
core   0: 3 0x80003e4c (0x00d0cfb3) x31 0x700218ae
core   0: 0x80003e50 (0xd6dce137) lui     sp, 0xd6dce
core   0: 3 0x80003e50 (0xd6dce137) x 2 0xd6dce000
core   0: 0x80003e54 (0x031e86b3) mul     a3, t4, a7
core   0: 3 0x80003e54 (0x031e86b3) x13 0x00000000
core   0: 0x80003e58 (0x6b37e813) ori     a6, a5, 1715
core   0: 3 0x80003e58 (0x6b37e813) x16 0x80021ef7
core   0: 0x80003e5c (0x00000001) c.nop
core   0: 3 0x80003e5c (0x0001)
core   0: 0x80003e5e (0x038050b3) divu    ra, zero, s8
core   0: 3 0x80003e5e (0x038050b3) x 1 0x00000000
core   0: 0x80003e62 (0x00000001) c.nop
core   0: 3 0x80003e62 (0x0001)
core   0: 0x80003e64 (0x0000c0b9) c.beqz  s1, pc + 70
core   0: 3 0x80003e64 (0xc0b9)
core   0: 0x80003e66 (0x00008c9d) c.sub   s1, a5
core   0: 3 0x80003e66 (0x8c9d) x 9 0x7ffddf9c
core   0: 0x80003e68 (0xabb36393) ori     t2, t1, -1349
core   0: 3 0x80003e68 (0xabb36393) x 7 0xfffffebf
core   0: 0x80003e6c (0x03bab133) mulhu   sp, s5, s11
core   0: 3 0x80003e6c (0x03bab133) x 2 0x00000000
core   0: 0x80003e70 (0x7452fd17) auipc   s10, 0x7452f
core   0: 3 0x80003e70 (0x7452fd17) x26 0xf4532e70
core   0: 0x80003e74 (0x14aa8437) lui     s0, 0x14aa8
core   0: 3 0x80003e74 (0x14aa8437) x 8 0x14aa8000
core   0: 0x80003e78 (0x0000923a) c.add   tp, a4
core   0: 3 0x80003e78 (0x923a) x 4 0x000036fd
core   0: 0x80003e7a (0x02b26163) bltu    tp, a1, pc + 34
core   0: 3 0x80003e7a (0x02b26163)
core   0: 0x80003e7e (0xab6a3393) sltiu   t2, s4, -1354
core   0: 3 0x80003e7e (0xab6a3393) x 7 0x00000001
core   0: 0x80003e82 (0x032ff133) remu    sp, t6, s2
core   0: 3 0x80003e82 (0x032ff133) x 2 0x700218ae
core   0: 0x80003e86 (0x02eb33b3) mulhu   t2, s6, a4
core   0: 3 0x80003e86 (0x02eb33b3) x 7 0x00001b7e
core   0: 0x80003e8a (0x00004ae5) c.li    s5, 25
core   0: 3 0x80003e8a (0x4ae5) x21 0x00000019
core   0: 0x80003e8c (0x02664fb3) div     t6, a2, t1
core   0: 3 0x80003e8c (0x02664fb3) x31 0x00000000
core   0: 0x80003e90 (0x01f7ad33) slt     s10, a5, t6
core   0: 3 0x80003e90 (0x01f7ad33) x26 0x00000001
core   0: 0x80003e94 (0xf1a68d93) addi    s11, a3, -230
core   0: 3 0x80003e94 (0xf1a68d93) x27 0xffffff1a
core   0: 0x80003e98 (0x000a5563) bgez    s4, pc + 10
core   0: 3 0x80003e98 (0x000a5563)
core   0: 0x80003e9c (0x00000001) c.nop
core   0: 3 0x80003e9c (0x0001)
core   0: 0x80003e9e (0x0154ccb3) xor     s9, s1, s5
core   0: 3 0x80003e9e (0x0154ccb3) x25 0x7ffddf85
core   0: 0x80003ea2 (0x02ec5eb3) divu    t4, s8, a4
core   0: 3 0x80003ea2 (0x02ec5eb3) x29 0x00049e48
core   0: 0x80003ea6 (0xa3ca4013) xori    zero, s4, -1476
core   0: 3 0x80003ea6 (0xa3ca4013)
core   0: 0x80003eaa (0x00008f01) c.sub   a4, s0
core   0: 3 0x80003eaa (0x8f01) x14 0xeb55b6fd
core   0: 0x80003eac (0x00b6f763) bgeu    a3, a1, pc + 14
core   0: 3 0x80003eac (0x00b6f763)
core   0: 0x80003eba (0x0038f0b3) and     ra, a7, gp
core   0: 3 0x80003eba (0x0038f0b3) x 1 0x00000000
core   0: 0x80003ebe (0x0000717d) c.addi16sp sp, -16
core   0: 3 0x80003ebe (0x717d) x 2 0x7002189e
core   0: 0x80003ec0 (0x00008dd9) c.or    a1, a4
core   0: 3 0x80003ec0 (0x8dd9) x11 0xeb55b6fd
core   0: 0x80003ec2 (0x008c1433) sll     s0, s8, s0
core   0: 3 0x80003ec2 (0x008c1433) x 8 0xfdf3c45b
core   0: 0x80003ec6 (0xbd864b93) xori    s7, a2, -1064
core   0: 3 0x80003ec6 (0xbd864b93) x23 0xfffffbd8
core   0: 0x80003eca (0x00008e7d) c.and   a2, a5
core   0: 3 0x80003eca (0x8e7d) x12 0x00000000
core   0: 0x80003ecc (0x00000001) c.nop
core   0: 3 0x80003ecc (0x0001)
core   0: 0x80003ece (0x89b2f713) andi    a4, t0, -1893
core   0: 3 0x80003ece (0x89b2f713) x14 0x1a866802
core   0: 0x80003ed2 (0x009d9513) slli    a0, s11, 9
core   0: 3 0x80003ed2 (0x009d9513) x10 0xfffe3400
core   0: 0x80003ed6 (0x00008d81) c.sub   a1, s0
core   0: 3 0x80003ed6 (0x8d81) x11 0xed61f2a2
core   0: 0x80003ed8 (0x00009f0e) c.add   t5, gp
core   0: 3 0x80003ed8 (0x9f0e) x30 0x820c3a87
core   0: 0x80003eda (0x000084dd) c.srai  s1, 23
core   0: 3 0x80003eda (0x84dd) x 9 0x000000ff
core   0: 0x80003edc (0x0ff0000f) fence   iorw,iorw
core   0: 3 0x80003edc (0x0ff0000f)
core   0: 0x80003ee0 (0x00b05213) srli    tp, zero, 11
core   0: 3 0x80003ee0 (0x00b05213) x 4 0x00000000
core   0: 0x80003ee4 (0x630a6313) ori     t1, s4, 1584
core   0: 3 0x80003ee4 (0x630a6313) x 6 0x80025ef4
core   0: 0x80003ee8 (0x00bb0b63) beq     s6, a1, pc + 22
core   0: 3 0x80003ee8 (0x00bb0b63)
core   0: 0x80003eec (0x00008111) c.srli  a0, 4
core   0: 3 0x80003eec (0x8111) x10 0x0fffe340
core   0: 0x80003eee (0x03633fb3) mulhu   t6, t1, s6
core   0: 3 0x80003eee (0x03633fb3) x31 0x40023eb1
core   0: 0x80003ef2 (0x012681b3) add     gp, a3, s2
core   0: 3 0x80003ef2 (0x012681b3) x 3 0xfffffffe
core   0: 0x80003ef6 (0x00001984) c.addi4spn s1, sp, 240
core   0: 3 0x80003ef6 (0x1984) x 9 0x7002198e
core   0: 0x80003ef8 (0x00008ebe) c.mv    t4, a5
core   0: 3 0x80003ef8 (0x8ebe) x29 0x80021e64
core   0: 0x80003efa (0x00bfdf13) srli    t5, t6, 11
core   0: 3 0x80003efa (0x00bfdf13) x30 0x00080047
core   0: 0x80003efe (0x039cd433) divu    s0, s9, s9
core   0: 3 0x80003efe (0x039cd433) x 8 0x00000001
core   0: 0x80003f02 (0x00615963) bge     sp, t1, pc + 18
core   0: 3 0x80003f02 (0x00615963)
core   0: 0x80003f14 (0x0078abb3) slt     s7, a7, t2
core   0: 3 0x80003f14 (0x0078abb3) x23 0x00000001
core   0: 0x80003f18 (0x0ff0000f) fence   iorw,iorw
core   0: 3 0x80003f18 (0x0ff0000f)
core   0: 0x80003f1c (0x026e8ab3) mul     s5, t4, t1
core   0: 3 0x80003f1c (0x026e8ab3) x21 0x05f5af50
core   0: 0x80003f20 (0x0312ebb3) rem     s7, t0, a7
core   0: 3 0x80003f20 (0x0312ebb3) x23 0x1a866e06
core   0: 0x80003f24 (0x01859193) slli    gp, a1, 24
core   0: 3 0x80003f24 (0x01859193) x 3 0xa2000000
core   0: 0x80003f28 (0x00004be9) c.li    s7, 26
core   0: 3 0x80003f28 (0x4be9) x23 0x0000001a
core   0: 0x80003f2a (0x03c1c833) div     a6, gp, t3
core   0: 3 0x80003f2a (0x03c1c833) x16 0x00006108
core   0: 0x80003f2e (0x0168c0b3) xor     ra, a7, s6
core   0: 3 0x80003f2e (0x0168c0b3) x 1 0x80021e64
core   0: 0x80003f32 (0x000083a2) c.mv    t2, s0
core   0: 3 0x80003f32 (0x83a2) x 7 0x00000001
core   0: 0x80003f34 (0x0108c1b3) xor     gp, a7, a6
core   0: 3 0x80003f34 (0x0108c1b3) x 3 0x00006108
core   0: 0x80003f38 (0x0000613d) c.addi16sp sp, 480
core   0: 3 0x80003f38 (0x613d) x 2 0x70021a7e
core   0: 0x80003f3a (0x023f5e33) divu    t3, t5, gp
core   0: 3 0x80003f3a (0x023f5e33) x28 0x00000015
core   0: 0x80003f3e (0x00008c99) c.sub   s1, a4
core   0: 3 0x80003f3e (0x8c99) x 9 0x557bb18c
core   0: 0x80003f40 (0x0ff0000f) fence   iorw,iorw
core   0: 3 0x80003f40 (0x0ff0000f)
core   0: 0x80003f44 (0x000006a5) c.addi  a3, 9
core   0: 3 0x80003f44 (0x06a5) x13 0x00000009
core   0: 0x80003f46 (0x00000001) c.nop
core   0: 3 0x80003f46 (0x0001)
core   0: 0x80003f48 (0x01172133) slt     sp, a4, a7
core   0: 3 0x80003f48 (0x01172133) x 2 0x00000000
core   0: 0x80003f4c (0x00008d55) c.or    a0, a3
core   0: 3 0x80003f4c (0x8d55) x10 0x0fffe349
core   0: 0x80003f4e (0x0000c29d) c.beqz  a3, pc + 38
core   0: 3 0x80003f4e (0xc29d)
core   0: 0x80003f50 (0x03b2feb3) remu    t4, t0, s11
core   0: 3 0x80003f50 (0x03b2feb3) x29 0x1a866e06
core   0: 0x80003f54 (0x00000001) c.nop
core   0: 3 0x80003f54 (0x0001)
core   0: 0x80003f56 (0x009db9b3) sltu    s3, s11, s1
core   0: 3 0x80003f56 (0x009db9b3) x19 0x00000000
core   0: 0x80003f5a (0x2b736413) ori     s0, t1, 695
core   0: 3 0x80003f5a (0x2b736413) x 8 0x80025ef7
core   0: 0x80003f5e (0x003cf233) and     tp, s9, gp
core   0: 3 0x80003f5e (0x003cf233) x 4 0x00004100
core   0: 0x80003f62 (0x1b7c2217) auipc   tp, 0x1b7c2
core   0: 3 0x80003f62 (0x1b7c2217) x 4 0x9b7c5f62
core   0: 0x80003f66 (0x02764ab3) div     s5, a2, t2
core   0: 3 0x80003f66 (0x02764ab3) x21 0x00000000
core   0: 0x80003f6a (0x03a18eb3) mul     t4, gp, s10
core   0: 3 0x80003f6a (0x03a18eb3) x29 0x00006108
core   0: 0x80003f6e (0x00001094) c.addi4spn a3, sp, 96
core   0: 3 0x80003f6e (0x1094) x13 0x00000060
core   0: 0x80003f70 (0x03067133) remu    sp, a2, a6
core   0: 3 0x80003f70 (0x03067133) x 2 0x00000000
core   0: 0x80003f74 (0x016626b3) slt     a3, a2, s6
core   0: 3 0x80003f74 (0x016626b3) x13 0x00000000
core   0: 0x80003f78 (0x00a7d193) srli    gp, a5, 10
core   0: 3 0x80003f78 (0x00a7d193) x 3 0x00200087
core   0: 0x80003f7c (0x021d75b3) remu    a1, s10, ra
core   0: 3 0x80003f7c (0x021d75b3) x11 0x00000001
core   0: 0x80003f80 (0x417ade33) sra     t3, s5, s7
core   0: 3 0x80003f80 (0x417ade33) x28 0x00000000
core   0: 0x80003f84 (0x8c488b13) addi    s6, a7, -1852
core   0: 3 0x80003f84 (0x8c488b13) x22 0xfffff8c4
core   0: 0x80003f88 (0x0000939a) c.add   t2, t1
core   0: 3 0x80003f88 (0x939a) x 7 0x80025ef5
core   0: 0x80003f8a (0x01dd9db3) sll     s11, s11, t4
core   0: 3 0x80003f8a (0x01dd9db3) x27 0xffff1a00
core   0: 0x80003f8e (0x00000001) c.nop
core   0: 3 0x80003f8e (0x0001)
core   0: 0x80003f90 (0x03089db3) mulh    s11, a7, a6
core   0: 3 0x80003f90 (0x03089db3) x27 0x00000000
core   0: 0x80003f94 (0x03032833) mulhsu  a6, t1, a6
core   0: 3 0x80003f94 (0x03032833) x16 0xffffcf7c
core   0: 0x80003f98 (0xeb8e6117) auipc   sp, 0xeb8e6
core   0: 3 0x80003f98 (0xeb8e6117) x 2 0x6b8e9f98
core   0: 0x80003f9c (0x006b1d93) slli    s11, s6, 6
core   0: 3 0x80003f9c (0x006b1d93) x27 0xfffe3100
core   0: 0x80003fa0 (0x00b1cf33) xor     t5, gp, a1
core   0: 3 0x80003fa0 (0x00b1cf33) x30 0x00200086
core   0: 0x80003fa4 (0x01a91133) sll     sp, s2, s10
core   0: 3 0x80003fa4 (0x01a91133) x 2 0xfffffffc
core   0: 0x80003fa8 (0x0000ef1d) c.bnez  a4, pc + 62
core   0: 3 0x80003fa8 (0xef1d)
core   0: 0x80003fe6 (0x00000001) c.nop
core   0: 3 0x80003fe6 (0x0001)
core   0: 0x80003fe8 (0x00001784) c.addi4spn s1, sp, 992
core   0: 3 0x80003fe8 (0x1784) x 9 0x000003dc
core   0: 0x80003fea (0x00008749) c.srai  a4, 18
core   0: 3 0x80003fea (0x8749) x14 0x000006a1
core   0: 0x80003fec (0x015651b3) srl     gp, a2, s5
core   0: 3 0x80003fec (0x015651b3) x 3 0x00000000
core   0: 0x80003ff0 (0x037e6fb3) rem     t6, t3, s7
core   0: 3 0x80003ff0 (0x037e6fb3) x31 0x00000000
core   0: 0x80003ff4 (0x0249fdb3) remu    s11, s3, tp
core   0: 3 0x80003ff4 (0x0249fdb3) x27 0x00000000
core   0: 0x80003ff8 (0x3332af93) slti    t6, t0, 819
core   0: 3 0x80003ff8 (0x3332af93) x31 0x00000000
core   0: 0x80003ffc (0x8d908493) addi    s1, ra, -1831
core   0: 3 0x80003ffc (0x8d908493) x 9 0x8002173d
core   0: 0x80004000 (0x0000577d) c.li    a4, -1
core   0: 3 0x80004000 (0x577d) x14 0xffffffff
core   0: 0x80004002 (0x0000c401) c.beqz  s0, pc + 8
core   0: 3 0x80004002 (0xc401)
core   0: 0x80004004 (0x00008f5a) c.mv    t5, s6
core   0: 3 0x80004004 (0x8f5a) x30 0xfffff8c4
core   0: 0x80004006 (0x019d5e13) srli    t3, s10, 25
core   0: 3 0x80004006 (0x019d5e13) x28 0x00000000
core   0: 0x8000400a (0x01e3cf63) blt     t2, t5, pc + 30
core   0: 3 0x8000400a (0x01e3cf63)
core   0: 0x80004028 (0x03895463) bge     s2, s8, pc + 40
core   0: 3 0x80004028 (0x03895463)
core   0: 0x80004050 (0x00bde2b3) or      t0, s11, a1
core   0: 3 0x80004050 (0x00bde2b3) x 5 0x00000001
core   0: 0x80004054 (0x5f0a3693) sltiu   a3, s4, 1520
core   0: 3 0x80004054 (0x5f0a3693) x13 0x00000000
core   0: 0x80004058 (0x02f2fb63) bgeu    t0, a5, pc + 54
core   0: 3 0x80004058 (0x02f2fb63)
core   0: 0x8000405c (0xc0cd2f93) slti    t6, s10, -1012
core   0: 3 0x8000405c (0xc0cd2f93) x31 0x00000000
core   0: 0x80004060 (0x03483533) mulhu   a0, a6, s4
core   0: 3 0x80004060 (0x03483533) x10 0x800244a1
core   0: 0x80004064 (0x00008f59) c.or    a4, a4
core   0: 3 0x80004064 (0x8f59) x14 0xffffffff
core   0: 0x80004066 (0x000089a1) c.andi  a1, 8
core   0: 3 0x80004066 (0x89a1) x11 0x00000000
core   0: 0x80004068 (0x01d97663) bgeu    s2, t4, pc + 12
core   0: 3 0x80004068 (0x01d97663)
core   0: 0x80004074 (0x00008641) c.srai  a2, 16
core   0: 3 0x80004074 (0x8641) x12 0x00000000
core   0: 0x80004076 (0x00f34bb3) xor     s7, t1, a5
core   0: 3 0x80004076 (0x00f34bb3) x23 0x00004090
core   0: 0x8000407a (0x00008ded) c.and   a1, a1
core   0: 3 0x8000407a (0x8ded) x11 0x00000000
core   0: 0x8000407c (0x0322b5b3) mulhu   a1, t0, s2
core   0: 3 0x8000407c (0x0322b5b3) x11 0x00000000
core   0: 0x80004080 (0x01bb8733) add     a4, s7, s11
core   0: 3 0x80004080 (0x01bb8733) x14 0x00004090
core   0: 0x80004084 (0x00000001) c.nop
core   0: 3 0x80004084 (0x0001)
core   0: 0x80004086 (0x00ee6bb3) or      s7, t3, a4
core   0: 3 0x80004086 (0x00ee6bb3) x23 0x00004090
core   0: 0x8000408a (0x01bc1233) sll     tp, s8, s11
core   0: 3 0x8000408a (0x01bc1233) x 4 0xfdf3c45b
core   0: 0x8000408e (0x5e4814b7) lui     s1, 0x5e481
core   0: 3 0x8000408e (0x5e4814b7) x 9 0x5e481000
core   0: 0x80004092 (0x01ff9113) slli    sp, t6, 31
core   0: 3 0x80004092 (0x01ff9113) x 2 0x00000000
core   0: 0x80004096 (0x00000001) c.nop
core   0: 3 0x80004096 (0x0001)
core   0: 0x80004098 (0x03f085b3) mul     a1, ra, t6
core   0: 3 0x80004098 (0x03f085b3) x11 0x00000000
core   0: 0x8000409c (0x032428b3) mulhsu  a7, s0, s2
core   0: 3 0x8000409c (0x032428b3) x17 0x80025ef7
core   0: 0x800040a0 (0xef6a6993) ori     s3, s4, -266
core   0: 3 0x800040a0 (0xef6a6993) x19 0xfffffef6
core   0: 0x800040a4 (0x4047db13) srai    s6, a5, 4
core   0: 3 0x800040a4 (0x4047db13) x22 0xf80021e6
core   0: 0x800040a8 (0x004e1ab3) sll     s5, t3, tp
core   0: 3 0x800040a8 (0x004e1ab3) x21 0x00000000
core   0: 0x800040ac (0x03d103b3) mul     t2, sp, t4
core   0: 3 0x800040ac (0x03d103b3) x 7 0x00000000
core   0: 0x800040b0 (0x40922093) slti    ra, tp, 1033
core   0: 3 0x800040b0 (0x40922093) x 1 0x00000001
core   0: 0x800040b4 (0x0ff0000f) fence   iorw,iorw
core   0: 3 0x800040b4 (0x0ff0000f)
core   0: 0x800040b8 (0x01085d63) bge     a6, a6, pc + 26
core   0: 3 0x800040b8 (0x01085d63)
core   0: 0x800040d2 (0xbb99b813) sltiu   a6, s3, -1095
core   0: 3 0x800040d2 (0xbb99b813) x16 0x00000000
core   0: 0x800040d6 (0x01885e33) srl     t3, a6, s8
core   0: 3 0x800040d6 (0x01885e33) x28 0x00000000
core   0: 0x800040da (0x000081a5) c.srli  a1, 9
core   0: 3 0x800040da (0x81a5) x11 0x00000000
core   0: 0x800040dc (0x00001a00) c.addi4spn s0, sp, 304
core   0: 3 0x800040dc (0x1a00) x 8 0x00000130
core   0: 0x800040de (0x02d185b3) mul     a1, gp, a3
core   0: 3 0x800040de (0x02d185b3) x11 0x00000000
core   0: 0x800040e2 (0x7e1bc393) xori    t2, s7, 2017
core   0: 3 0x800040e2 (0x7e1bc393) x 7 0x00004771
core   0: 0x800040e6 (0x00000001) c.nop
core   0: 3 0x800040e6 (0x0001)
core   0: 0x800040e8 (0x02c403b3) mul     t2, s0, a2
core   0: 3 0x800040e8 (0x02c403b3) x 7 0x00000000
core   0: 0x800040ec (0x40e18133) sub     sp, gp, a4
core   0: 3 0x800040ec (0x40e18133) x 2 0xffffbf70
core   0: 0x800040f0 (0x91a0dc97) auipc   s9, 0x91a0d
core   0: 3 0x800040f0 (0x91a0dc97) x25 0x11a110f0
core   0: 0x800040f4 (0x896def97) auipc   t6, 0x896de
core   0: 3 0x800040f4 (0x896def97) x31 0x096e20f4
core   0: 0x800040f8 (0x0000846a) c.mv    s0, s10
core   0: 3 0x800040f8 (0x846a) x 8 0x00000001
core   0: 0x800040fa (0x41945093) srai    ra, s0, 25
core   0: 3 0x800040fa (0x41945093) x 1 0x00000000
core   0: 0x800040fe (0x00008065) c.srli  s0, 25
core   0: 3 0x800040fe (0x8065) x 8 0x00000000
core   0: 0x80004100 (0x01ce8963) beq     t4, t3, pc + 18
core   0: 3 0x80004100 (0x01ce8963)
core   0: 0x80004104 (0x00008d8d) c.sub   a1, a1
core   0: 3 0x80004104 (0x8d8d) x11 0x00000000
core   0: 0x80004106 (0x41d28433) sub     s0, t0, t4
core   0: 3 0x80004106 (0x41d28433) x 8 0xffff9ef9
core   0: 0x8000410a (0x02566cb3) rem     s9, a2, t0
core   0: 3 0x8000410a (0x02566cb3) x25 0x00000000
core   0: 0x8000410e (0x0000100f) fence.i
core   0: 3 0x8000410e (0x0000100f)
core   0: 0x80004112 (0x1c075537) lui     a0, 0x1c075
core   0: 3 0x80004112 (0x1c075537) x10 0x1c075000
core   0: 0x80004116 (0x0000921a) c.add   tp, t1
core   0: 3 0x80004116 (0x921a) x 4 0x7df6234f
core   0: 0x80004118 (0x0242adb3) mulhsu  s11, t0, tp
core   0: 3 0x80004118 (0x0242adb3) x27 0x00000000
core   0: 0x8000411c (0x00839563) bne     t2, s0, pc + 10
core   0: 3 0x8000411c (0x00839563)
core   0: 0x80004126 (0x7ebbc8b7) lui     a7, 0x7ebbc
core   0: 3 0x80004126 (0x7ebbc8b7) x17 0x7ebbc000
core   0: 0x8000412a (0x0028b4b3) sltu    s1, a7, sp
core   0: 3 0x8000412a (0x0028b4b3) x 9 0x00000001
core   0: 0x8000412e (0x0000577d) c.li    a4, -1
core   0: 3 0x8000412e (0x577d) x14 0xffffffff
core   0: 0x80004130 (0x0000100f) fence.i
core   0: 3 0x80004130 (0x0000100f)
core   0: 0x80004134 (0x411ade93) srai    t4, s5, 17
core   0: 3 0x80004134 (0x411ade93) x29 0x00000000
core   0: 0x80004138 (0xe1c5ea93) ori     s5, a1, -484
core   0: 3 0x80004138 (0xe1c5ea93) x21 0xfffffe1c
core   0: 0x8000413c (0x00d31413) slli    s0, t1, 13
core   0: 3 0x8000413c (0x00d31413) x 8 0x4bde8000
core   0: 0x80004140 (0x00005afd) c.li    s5, -1
core   0: 3 0x80004140 (0x5afd) x21 0xffffffff
core   0: 0x80004142 (0x01b19413) slli    s0, gp, 27
core   0: 3 0x80004142 (0x01b19413) x 8 0x00000000
core   0: 0x80004146 (0x00008fe2) c.mv    t6, s8
core   0: 3 0x80004146 (0x8fe2) x31 0xfdf3c45b
core   0: 0x80004148 (0x56816b17) auipc   s6, 0x56816
core   0: 3 0x80004148 (0x56816b17) x22 0xd681a148
core   0: 0x8000414c (0x038898b3) mulh    a7, a7, s8
core   0: 3 0x8000414c (0x038898b3) x17 0xfefc7a2c
core   0: 0x80004150 (0x01d49293) slli    t0, s1, 29
core   0: 3 0x80004150 (0x01d49293) x 5 0x20000000
core   0: 0x80004154 (0x009e1b13) slli    s6, t3, 9
core   0: 3 0x80004154 (0x009e1b13) x22 0x00000000
core   0: 0x80004158 (0x0000527d) c.li    tp, -1
core   0: 3 0x80004158 (0x527d) x 4 0xffffffff
core   0: 0x8000415a (0x00095663) bgez    s2, pc + 12
core   0: 3 0x8000415a (0x00095663)
core   0: 0x8000415e (0x01de93b3) sll     t2, t4, t4
core   0: 3 0x8000415e (0x01de93b3) x 7 0x00000000
core   0: 0x80004162 (0x5e5a7bb7) lui     s7, 0x5e5a7
core   0: 3 0x80004162 (0x5e5a7bb7) x23 0x5e5a7000
core   0: 0x80004166 (0x23192e17) auipc   t3, 0x23192
core   0: 3 0x80004166 (0x23192e17) x28 0xa3196166
core   0: 0x8000416a (0x00009a8e) c.add   s5, gp
core   0: 3 0x8000416a (0x9a8e) x21 0xffffffff
core   0: 0x8000416c (0x00008c55) c.or    s0, a3
core   0: 3 0x8000416c (0x8c55) x 8 0x00000000
core   0: 0x8000416e (0x03058617) auipc   a2, 0x3058
core   0: 3 0x8000416e (0x03058617) x12 0x8305c16e
core   0: 0x80004172 (0x00009e22) c.add   t3, s0
core   0: 3 0x80004172 (0x9e22) x28 0xa3196166
core   0: 0x80004174 (0x030e8db3) mul     s11, t4, a6
core   0: 3 0x80004174 (0x030e8db3) x27 0x00000000
core   0: 0x80004178 (0x2af4ad93) slti    s11, s1, 687
core   0: 3 0x80004178 (0x2af4ad93) x27 0x00000001
core   0: 0x8000417c (0x41e5de33) sra     t3, a1, t5
core   0: 3 0x8000417c (0x41e5de33) x28 0x00000000
core   0: 0x80004180 (0x01ee7cb3) and     s9, t3, t5
core   0: 3 0x80004180 (0x01ee7cb3) x25 0x00000000
core   0: 0x80004184 (0xa752ba93) sltiu   s5, t0, -1419
core   0: 3 0x80004184 (0xa752ba93) x21 0x00000001
core   0: 0x80004188 (0x009bf863) bgeu    s7, s1, pc + 16
core   0: 3 0x80004188 (0x009bf863)
core   0: 0x80004198 (0x00008db1) c.xor   a1, a2
core   0: 3 0x80004198 (0x8db1) x11 0x8305c16e
core   0: 0x8000419a (0x011c7f63) bgeu    s8, a7, pc + 30
core   0: 3 0x8000419a (0x011c7f63)
core   0: 0x8000419e (0x01ade233) or      tp, s11, s10
core   0: 3 0x8000419e (0x01ade233) x 4 0x00000001
core   0: 0x800041a2 (0x40fcdc93) srai    s9, s9, 15
core   0: 3 0x800041a2 (0x40fcdc93) x25 0x00000000
core   0: 0x800041a6 (0x01c022b3) slt     t0, zero, t3
core   0: 3 0x800041a6 (0x01c022b3) x 5 0x00000000
core   0: 0x800041aa (0x406d0833) sub     a6, s10, t1
core   0: 3 0x800041aa (0x406d0833) x16 0x7ffda10d
core   0: 0x800041ae (0x0418e063) bltu    a7, ra, pc + 64
core   0: 3 0x800041ae (0x0418e063)
core   0: 0x800041b2 (0x00a056b3) srl     a3, zero, a0
core   0: 3 0x800041b2 (0x00a056b3) x13 0x00000000
core   0: 0x800041b6 (0x00006259) c.lui   tp, 0x16
core   0: 3 0x800041b6 (0x6259) x 4 0x00016000
core   0: 0x800041b8 (0xbda3ed17) auipc   s10, 0xbda3e
core   0: 3 0x800041b8 (0xbda3ed17) x26 0x3da421b8
core   0: 0x800041bc (0x035224b3) mulhsu  s1, tp, s5
core   0: 3 0x800041bc (0x035224b3) x 9 0x00000000
core   0: 0x800041c0 (0x234c3c93) sltiu   s9, s8, 564
core   0: 3 0x800041c0 (0x234c3c93) x25 0x00000000
core   0: 0x800041c4 (0x000000e6) c.slli  ra, 25
core   0: 3 0x800041c4 (0x00e6) x 1 0x00000000
core   0: 0x800041c6 (0x01a64e63) blt     a2, s10, pc + 28
core   0: 3 0x800041c6 (0x01a64e63)
core   0: 0x800041e2 (0x01ed3db3) sltu    s11, s10, t5
core   0: 3 0x800041e2 (0x01ed3db3) x27 0x00000001
core   0: 0x800041e6 (0x034170b3) remu    ra, sp, s4
core   0: 3 0x800041e6 (0x034170b3) x 1 0x7ffd628c
core   0: 0x800041ea (0x00008e8d) c.sub   a3, a1
core   0: 3 0x800041ea (0x8e8d) x13 0x7cfa3e92
core   0: 0x800041ec (0x00008a96) c.mv    s5, t0
core   0: 3 0x800041ec (0x8a96) x21 0x00000000
core   0: 0x800041ee (0x00008f61) c.and   a4, s0
core   0: 3 0x800041ee (0x8f61) x14 0x00000000
core   0: 0x800041f0 (0x01c1c133) xor     sp, gp, t3
core   0: 3 0x800041f0 (0x01c1c133) x 2 0x00000000
core   0: 0x800041f4 (0x01d3d893) srli    a7, t2, 29
core   0: 3 0x800041f4 (0x01d3d893) x17 0x00000000
core   0: 0x800041f8 (0x0000090c) c.addi4spn a1, sp, 144
core   0: 3 0x800041f8 (0x090c) x11 0x00000090
core   0: 0x800041fa (0x00008d49) c.or    a0, a0
core   0: 3 0x800041fa (0x8d49) x10 0x1c075000
core   0: 0x800041fc (0x000042e5) c.li    t0, 25
core   0: 3 0x800041fc (0x42e5) x 5 0x00000019
core   0: 0x800041fe (0x026ddd33) divu    s10, s11, t1
core   0: 3 0x800041fe (0x026ddd33) x26 0x00000000
core   0: 0x80004202 (0x0113c933) xor     s2, t2, a7
core   0: 3 0x80004202 (0x0113c933) x18 0x00000000
core   0: 0x80004206 (0x00008ca1) c.xor   s1, s0
core   0: 3 0x80004206 (0x8ca1) x 9 0x00000000
core   0: 0x80004208 (0x0000ee81) c.bnez  a3, pc + 24
core   0: 3 0x80004208 (0xee81)
core   0: 0x80004220 (0x0ff0000f) fence   iorw,iorw
core   0: 3 0x80004220 (0x0ff0000f)
core   0: 0x80004224 (0x00008671) c.srai  a2, 28
core   0: 3 0x80004224 (0x8671) x12 0xfffffff8
core   0: 0x80004226 (0x00008f7d) c.and   a4, a5
core   0: 3 0x80004226 (0x8f7d) x14 0x00000000
core   0: 0x80004228 (0x004564b3) or      s1, a0, tp
core   0: 3 0x80004228 (0x004564b3) x 9 0x1c077000
core   0: 0x8000422c (0x00001f98) c.addi4spn a4, sp, 1008
core   0: 3 0x8000422c (0x1f98) x14 0x000003f0
core   0: 0x8000422e (0x02365fb3) divu    t6, a2, gp
core   0: 3 0x8000422e (0x02365fb3) x31 0xffffffff
core   0: 0x80004232 (0x00000001) c.nop
core   0: 3 0x80004232 (0x0001)
core   0: 0x80004234 (0x00008e29) c.xor   a2, a0
core   0: 3 0x80004234 (0x8e29) x12 0xe3f8aff8
core   0: 0x80004236 (0x00000115) c.addi  sp, 5
core   0: 3 0x80004236 (0x0115) x 2 0x00000005
core   0: 0x80004238 (0x97def137) lui     sp, 0x97def
core   0: 3 0x80004238 (0x97def137) x 2 0x97def000
core   0: 0x8000423c (0x00008359) c.srli  a4, 22
core   0: 3 0x8000423c (0x8359) x14 0x00000000
core   0: 0x8000423e (0x0169ee33) or      t3, s3, s6
core   0: 3 0x8000423e (0x0169ee33) x28 0xfffffef6
core   0: 0x80004242 (0x0000635d) c.lui   t1, 0x17
core   0: 3 0x80004242 (0x635d) x 6 0x00017000
core   0: 0x80004244 (0x00008dcd) c.or    a1, a1
core   0: 3 0x80004244 (0x8dcd) x11 0x00000090
core   0: 0x80004246 (0x0000c501) c.beqz  a0, pc + 8
core   0: 3 0x80004246 (0xc501)
core   0: 0x80004248 (0x9cc7ca93) xori    s5, a5, -1588
core   0: 3 0x80004248 (0x9cc7ca93) x21 0x7ffde7a8
core   0: 0x8000424c (0x00008f15) c.sub   a4, a3
core   0: 3 0x8000424c (0x8f15) x14 0x8305c16e
core   0: 0x8000424e (0x03988733) mul     a4, a7, s9
core   0: 3 0x8000424e (0x03988733) x14 0x00000000
core   0: 0x80004252 (0x0000c519) c.beqz  a0, pc + 14
core   0: 3 0x80004252 (0xc519)
core   0: 0x80004254 (0x01d2f0b3) and     ra, t0, t4
core   0: 3 0x80004254 (0x01d2f0b3) x 1 0x00000000
core   0: 0x80004258 (0x00009b1a) c.add   s6, t1
core   0: 3 0x80004258 (0x9b1a) x22 0x00017000
core   0: 0x8000425a (0x7bacc213) xori    tp, s9, 1978
core   0: 3 0x8000425a (0x7bacc213) x 4 0x000007ba
core   0: 0x8000425e (0x00000001) c.nop
core   0: 3 0x8000425e (0x0001)
core   0: 0x80004260 (0xd26fc393) xori    t2, t6, -730
core   0: 3 0x80004260 (0xd26fc393) x 7 0x000002d9
core   0: 0x80004264 (0x03110c63) beq     sp, a7, pc + 56
core   0: 3 0x80004264 (0x03110c63)
core   0: 0x80004268 (0x419f8ab3) sub     s5, t6, s9
core   0: 3 0x80004268 (0x419f8ab3) x21 0xffffffff
core   0: 0x8000426c (0x0000ca9d) c.beqz  a3, pc + 54
core   0: 3 0x8000426c (0xca9d)
core   0: 0x8000426e (0x40be5513) srai    a0, t3, 11
core   0: 3 0x8000426e (0x40be5513) x10 0xffffffff
core   0: 0x80004272 (0x028c00b3) mul     ra, s8, s0
core   0: 3 0x80004272 (0x028c00b3) x 1 0x00000000
core   0: 0x80004276 (0x00008df9) c.and   a1, a4
core   0: 3 0x80004276 (0x8df9) x11 0x00000000
core   0: 0x80004278 (0x0100cd63) blt     ra, a6, pc + 26
core   0: 3 0x80004278 (0x0100cd63)
core   0: 0x80004292 (0x00008b52) c.mv    s6, s4
core   0: 3 0x80004292 (0x8b52) x22 0x80025ce4
core   0: 0x80004294 (0x08c522b7) lui     t0, 0x8c52
core   0: 3 0x80004294 (0x08c522b7) x 5 0x08c52000
core   0: 0x80004298 (0x031b3f33) mulhu   t5, s6, a7
core   0: 3 0x80004298 (0x031b3f33) x30 0x00000000
core   0: 0x8000429c (0x03060163) beq     a2, a6, pc + 34
core   0: 3 0x8000429c (0x03060163)
core   0: 0x800042a0 (0x00008f05) c.sub   a4, s1
core   0: 3 0x800042a0 (0x8f05) x14 0xe3f89000
core   0: 0x800042a2 (0x000081c9) c.srli  a1, 18
core   0: 3 0x800042a2 (0x81c9) x11 0x00000000
core   0: 0x800042a4 (0x0000c591) c.beqz  a1, pc + 12
core   0: 3 0x800042a4 (0xc591)
core   0: 0x800042b0 (0x00c29663) bne     t0, a2, pc + 12
core   0: 3 0x800042b0 (0x00c29663)
core   0: 0x800042bc (0x00008f59) c.or    a4, a4
core   0: 3 0x800042bc (0x8f59) x14 0xe3f89000
core   0: 0x800042be (0x0315c763) blt     a1, a7, pc + 46
core   0: 3 0x800042be (0x0315c763)
core   0: 0x800042c2 (0x0ff0000f) fence   iorw,iorw
core   0: 3 0x800042c2 (0x0ff0000f)
core   0: 0x800042c6 (0x7aba3213) sltiu   tp, s4, 1963
core   0: 3 0x800042c6 (0x7aba3213) x 4 0x00000000
core   0: 0x800042ca (0x01fc6263) bltu    s8, t6, pc + 4
core   0: 3 0x800042ca (0x01fc6263)
core   0: 0x800042ce (0x0000ee09) c.bnez  a2, pc + 26
core   0: 3 0x800042ce (0xee09)
core   0: 0x800042e8 (0x03993e33) mulhu   t3, s2, s9
core   0: 3 0x800042e8 (0x03993e33) x28 0x00000000
core   0: 0x800042ec (0x01d8d213) srli    tp, a7, 29
core   0: 3 0x800042ec (0x01d8d213) x 4 0x00000000
core   0: 0x800042f0 (0x411e6993) ori     s3, t3, 1041
core   0: 3 0x800042f0 (0x411e6993) x19 0x00000411
core   0: 0x800042f4 (0x16262013) slti    zero, a2, 354
core   0: 3 0x800042f4 (0x16262013)
core   0: 0x800042f8 (0x00009b7d) c.andi  a4, -1
core   0: 3 0x800042f8 (0x9b7d) x14 0xe3f89000
core   0: 0x800042fa (0x024a0eb3) mul     t4, s4, tp
core   0: 3 0x800042fa (0x024a0eb3) x29 0x00000000
core   0: 0x800042fe (0x001bc833) xor     a6, s7, ra
core   0: 3 0x800042fe (0x001bc833) x16 0x5e5a7000
core   0: 0x80004302 (0x00004fd5) c.li    t6, 21
core   0: 3 0x80004302 (0x4fd5) x31 0x00000015
core   0: 0x80004304 (0x4d15bf13) sltiu   t5, a1, 1233
core   0: 3 0x80004304 (0x4d15bf13) x30 0x00000001
core   0: 0x80004308 (0xaf1bad13) slti    s10, s7, -1295
core   0: 3 0x80004308 (0xaf1bad13) x26 0x00000000
core   0: 0x8000430c (0xb4c48593) addi    a1, s1, -1204
core   0: 3 0x8000430c (0xb4c48593) x11 0x1c076b4c
core   0: 0x80004310 (0x400cd9b3) sra     s3, s9, zero
core   0: 3 0x80004310 (0x400cd9b3) x19 0x00000000
core   0: 0x80004314 (0x0194d093) srli    ra, s1, 25
core   0: 3 0x80004314 (0x0194d093) x 1 0x0000000e
core   0: 0x80004318 (0x03ba7463) bgeu    s4, s11, pc + 40
core   0: 3 0x80004318 (0x03ba7463)
core   0: 0x80004340 (0x096fcf63) blt     t6, s6, pc + 158
core   0: 3 0x80004340 (0x096fcf63)
core   0: 0x80004344 (0x01415d13) srli    s10, sp, 20
core   0: 3 0x80004344 (0x01415d13) x26 0x0000097d
core   0: 0x80004348 (0x01885b63) bge     a6, s8, pc + 22
core   0: 3 0x80004348 (0x01885b63)
core   0: 0x8000435e (0x0ad81063) bne     a6, a3, pc + 160
core   0: 3 0x8000435e (0x0ad81063)
core   0: 0x800043fe (0x03c56e63) bltu    a0, t3, pc + 60
core   0: 3 0x800043fe (0x03c56e63)
core   0: 0x80004402 (0x0ff0000f) fence   iorw,iorw
core   0: 3 0x80004402 (0x0ff0000f)
core   0: 0x80004406 (0x00000001) c.nop
core   0: 3 0x80004406 (0x0001)
core   0: 0x80004408 (0x03d222b3) mulhsu  t0, tp, t4
core   0: 3 0x80004408 (0x03d222b3) x 5 0x00000000
core   0: 0x8000440c (0x01f6d763) bge     a3, t6, pc + 14
core   0: 3 0x8000440c (0x01f6d763)
core   0: 0x8000441a (0x0000056d) c.addi  a0, 27
core   0: 3 0x8000441a (0x056d) x10 0x0000001a
core   0: 0x8000441c (0x02de3933) mulhu   s2, t3, a3
core   0: 3 0x8000441c (0x02de3933) x18 0x00000000
core   0: 0x80004420 (0x00000001) c.nop
core   0: 3 0x80004420 (0x0001)
core   0: 0x80004422 (0x039d82b3) mul     t0, s11, s9
core   0: 3 0x80004422 (0x039d82b3) x 5 0x00000000
core   0: 0x80004426 (0x015c14b3) sll     s1, s8, s5
core   0: 3 0x80004426 (0x015c14b3) x 9 0x80000000
core   0: 0x8000442a (0x0000e289) c.bnez  a3, pc + 2
core   0: 3 0x8000442a (0xe289)
core   0: 0x8000442c (0x03fa7c63) bgeu    s4, t6, pc + 56
core   0: 3 0x8000442c (0x03fa7c63)
core   0: 0x80004464 (0x00009332) c.add   t1, a2
core   0: 3 0x80004464 (0x9332) x 6 0xe3fa1ff8
core   0: 0x80004466 (0x03686633) rem     a2, a6, s6
core   0: 3 0x80004466 (0x03686633) x12 0x5e5a7000
core   0: 0x8000446a (0x02dfdb63) bge     t6, a3, pc + 54
core   0: 3 0x8000446a (0x02dfdb63)
core   0: 0x8000446e (0x00000425) c.addi  s0, 9
core   0: 3 0x8000446e (0x0425) x 8 0x00000009
core   0: 0x80004470 (0xb6de8713) addi    a4, t4, -1171
core   0: 3 0x80004470 (0xb6de8713) x14 0xfffffb6d
core   0: 0x80004474 (0x00008f6d) c.and   a4, a1
core   0: 3 0x80004474 (0x8f6d) x14 0x1c076b4c
core   0: 0x80004476 (0x0000100f) fence.i
core   0: 3 0x80004476 (0x0000100f)
core   0: 0x8000447a (0x00259393) slli    t2, a1, 2
core   0: 3 0x8000447a (0x00259393) x 7 0x701dad30
core   0: 0x8000447e (0x00008f15) c.sub   a4, a3
core   0: 3 0x8000447e (0x8f15) x14 0x9f0d2cba
core   0: 0x80004480 (0x604d4893) xori    a7, s10, 1540
core   0: 3 0x80004480 (0x604d4893) x17 0x00000f79
core   0: 0x80004484 (0x00dab9b3) sltu    s3, s5, a3
core   0: 3 0x80004484 (0x00dab9b3) x19 0x00000000
core   0: 0x80004488 (0x02688733) mul     a4, a7, t1
core   0: 3 0x80004488 (0x02688733) x14 0x6918a438
core   0: 0x8000448c (0x0000cd09) c.beqz  a0, pc + 26
core   0: 3 0x8000448c (0xcd09)
core   0: 0x8000448e (0x022addb3) divu    s11, s5, sp
core   0: 3 0x8000448e (0x022addb3) x27 0x00000001
core   0: 0x80004492 (0x02100263) beq     zero, ra, pc + 36
core   0: 3 0x80004492 (0x02100263)
core   0: 0x80004496 (0x40d30933) sub     s2, t1, a3
core   0: 3 0x80004496 (0x40d30933) x18 0x66ffe166
core   0: 0x8000449a (0x00000c96) c.slli  s9, 5
core   0: 3 0x8000449a (0x0c96) x25 0x00000000
core   0: 0x8000449c (0x02766bb3) rem     s7, a2, t2
core   0: 3 0x8000449c (0x02766bb3) x23 0x5e5a7000
core   0: 0x800044a0 (0x000085ad) c.srai  a1, 11
core   0: 3 0x800044a0 (0x85ad) x11 0x000380ed
core   0: 0x800044a2 (0x01881f63) bne     a6, s8, pc + 30
core   0: 3 0x800044a2 (0x01881f63)
core   0: 0x800044c0 (0x00ab1233) sll     tp, s6, a0
core   0: 3 0x800044c0 (0x00ab1233) x 4 0x90000000
core   0: 0x800044c4 (0x00008d85) c.sub   a1, s1
core   0: 3 0x800044c4 (0x8d85) x11 0x800380ed
core   0: 0x800044c6 (0xf36d6993) ori     s3, s10, -202
core   0: 3 0x800044c6 (0xf36d6993) x19 0xffffff7f
core   0: 0x800044ca (0x87483b13) sltiu   s6, a6, -1932
core   0: 3 0x800044ca (0x87483b13) x22 0x00000001
core   0: 0x800044ce (0x0000cd91) c.beqz  a1, pc + 28
core   0: 3 0x800044ce (0xcd91)
core   0: 0x800044d0 (0x00e56933) or      s2, a0, a4
core   0: 3 0x800044d0 (0x00e56933) x18 0x6918a43a
core   0: 0x800044d4 (0x00008e11) c.sub   a2, a2
core   0: 3 0x800044d4 (0x8e11) x12 0x00000000
core   0: 0x800044d6 (0x3aa3e193) ori     gp, t2, 938
core   0: 3 0x800044d6 (0x3aa3e193) x 3 0x701dafba
core   0: 0x800044da (0x036c36b3) mulhu   a3, s8, s6
core   0: 3 0x800044da (0x036c36b3) x13 0x00000000
core   0: 0x800044de (0x0373e963) bltu    t2, s7, pc + 50
core   0: 3 0x800044de (0x0373e963)
core   0: 0x800044e2 (0x024be233) rem     tp, s7, tp
core   0: 3 0x800044e2 (0x024be233) x 4 0x5e5a7000
core   0: 0x800044e6 (0x00197a63) bgeu    s2, ra, pc + 20
core   0: 3 0x800044e6 (0x00197a63)
core   0: 0x800044fa (0x01b96563) bltu    s2, s11, pc + 10
core   0: 3 0x800044fa (0x01b96563)
core   0: 0x800044fe (0x00008189) c.srli  a1, 2
core   0: 3 0x800044fe (0x8189) x11 0x2000e03b
core   0: 0x80004500 (0x010cc8b3) xor     a7, s9, a6
core   0: 3 0x80004500 (0x010cc8b3) x17 0x5e5a7000
core   0: 0x80004504 (0x042e6663) bltu    t3, sp, pc + 76
core   0: 3 0x80004504 (0x042e6663)
core   0: 0x80004550 (0x0183b1b3) sltu    gp, t2, s8
core   0: 3 0x80004550 (0x0183b1b3) x 3 0x00000001
core   0: 0x80004554 (0x01204b33) xor     s6, zero, s2
core   0: 3 0x80004554 (0x01204b33) x22 0x6918a43a
core   0: 0x80004558 (0x01a53133) sltu    sp, a0, s10
core   0: 3 0x80004558 (0x01a53133) x 2 0x00000001
core   0: 0x8000455c (0x40fa8fb3) sub     t6, s5, a5
core   0: 3 0x8000455c (0x40fa8fb3) x31 0x7ffde19b
core   0: 0x80004560 (0x0000e885) c.bnez  s1, pc + 48
core   0: 3 0x80004560 (0xe885)
core   0: 0x80004590 (0x032d19b3) mulh    s3, s10, s2
core   0: 3 0x80004590 (0x032d19b3) x19 0x000003e5
core   0: 0x80004594 (0x01c43e33) sltu    t3, s0, t3
core   0: 3 0x80004594 (0x01c43e33) x28 0x00000000
core   0: 0x80004598 (0x033bd833) divu    a6, s7, s3
core   0: 3 0x80004598 (0x033bd833) x16 0x00183a24
core   0: 0x8000459c (0x025f3e33) mulhu   t3, t5, t0
core   0: 3 0x8000459c (0x025f3e33) x28 0x00000000
core   0: 0x800045a0 (0x00008a21) c.andi  a2, 8
core   0: 3 0x800045a0 (0x8a21) x12 0x00000000
core   0: 0x800045a2 (0x000081e5) c.srli  a1, 25
core   0: 3 0x800045a2 (0x81e5) x11 0x00000010
core   0: 0x800045a4 (0x78eb4813) xori    a6, s6, 1934
core   0: 3 0x800045a4 (0x78eb4813) x16 0x6918a3b4
core   0: 0x800045a8 (0x00b5e763) bltu    a1, a1, pc + 14
core   0: 3 0x800045a8 (0x00b5e763)
core   0: 0x800045ac (0x2797b513) sltiu   a0, a5, 633
core   0: 3 0x800045ac (0x2797b513) x10 0x00000000
core   0: 0x800045b0 (0x0000988a) c.add   a7, sp
core   0: 3 0x800045b0 (0x988a) x17 0x5e5a7001
core   0: 0x800045b2 (0x0003e5b3) or      a1, t2, zero
core   0: 3 0x800045b2 (0x0003e5b3) x11 0x701dad30
core   0: 0x800045b6 (0x0000197d) c.addi  s2, -1
core   0: 3 0x800045b6 (0x197d) x18 0x6918a439
core   0: 0x800045b8 (0x00008a99) c.andi  a3, 6
core   0: 3 0x800045b8 (0x8a99) x13 0x00000000
core   0: 0x800045ba (0x000081fa) c.mv    gp, t5
core   0: 3 0x800045ba (0x81fa) x 3 0x00000001
core   0: 0x800045bc (0x0081a333) slt     t1, gp, s0
core   0: 3 0x800045bc (0x0081a333) x 6 0x00000001
core   0: 0x800045c0 (0xe550e213) ori     tp, ra, -427
core   0: 3 0x800045c0 (0xe550e213) x 4 0xfffffe5f
core   0: 0x800045c4 (0x00391d33) sll     s10, s2, gp
core   0: 3 0x800045c4 (0x00391d33) x26 0xd2314872
core   0: 0x800045c8 (0x416d5e93) srai    t4, s10, 22
core   0: 3 0x800045c8 (0x416d5e93) x29 0xffffff48
core   0: 0x800045cc (0x41218eb3) sub     t4, gp, s2
core   0: 3 0x800045cc (0x41218eb3) x29 0x96e75bc8
core   0: 0x800045d0 (0xe8768093) addi    ra, a3, -377
core   0: 3 0x800045d0 (0xe8768093) x 1 0xfffffe87
core   0: 0x800045d4 (0x031612b3) mulh    t0, a2, a7
core   0: 3 0x800045d4 (0x031612b3) x 5 0x00000000
core   0: 0x800045d8 (0x00004949) c.li    s2, 18
core   0: 3 0x800045d8 (0x4949) x18 0x00000012
core   0: 0x800045da (0xd6c66e93) ori     t4, a2, -660
core   0: 3 0x800045da (0xd6c66e93) x29 0xfffffd6c
core   0: 0x800045de (0x1379f197) auipc   gp, 0x1379f
core   0: 3 0x800045de (0x1379f197) x 3 0x937a35de
core   0: 0x800045e2 (0x00000fce) c.slli  t6, 19
core   0: 3 0x800045e2 (0x0fce) x31 0x0cd80000
core   0: 0x800045e4 (0x41ecd713) srai    a4, s9, 30
core   0: 3 0x800045e4 (0x41ecd713) x14 0x00000000
core   0: 0x800045e8 (0x9517a813) slti    a6, a5, -1711
core   0: 3 0x800045e8 (0x9517a813) x16 0x00000001
core   0: 0x800045ec (0x0000820e) c.mv    tp, gp
core   0: 3 0x800045ec (0x820e) x 4 0x937a35de
core   0: 0x800045ee (0x013c9eb3) sll     t4, s9, s3
core   0: 3 0x800045ee (0x013c9eb3) x29 0x00000000
core   0: 0x800045f2 (0x00c31813) slli    a6, t1, 12
core   0: 3 0x800045f2 (0x00c31813) x16 0x00001000
core   0: 0x800045f6 (0x038be433) rem     s0, s7, s8
core   0: 3 0x800045f6 (0x038be433) x 8 0x0027b85a
core   0: 0x800045fa (0x03d410b3) mulh    ra, s0, t4
core   0: 3 0x800045fa (0x03d410b3) x 1 0x00000000
core   0: 0x800045fe (0x00000001) c.nop
core   0: 3 0x800045fe (0x0001)
core   0: 0x80004600 (0x0ff0000f) fence   iorw,iorw
core   0: 3 0x80004600 (0x0ff0000f)
core   0: 0x80004604 (0x01e8ec63) bltu    a7, t5, pc + 24
core   0: 3 0x80004604 (0x01e8ec63)
core   0: 0x80004608 (0x00001ffd) c.addi  t6, -1
core   0: 3 0x80004608 (0x1ffd) x31 0x0cd7ffff
core   0: 0x8000460a (0x00f60233) add     tp, a2, a5
core   0: 3 0x8000460a (0x00f60233) x 4 0x80021e64
core   0: 0x8000460e (0x0000987d) c.andi  s0, -1
core   0: 3 0x8000460e (0x987d) x 8 0x0027b85a
core   0: 0x80004610 (0x0133e433) or      s0, t2, s3
core   0: 3 0x80004610 (0x0133e433) x 8 0x701daff5
core   0: 0x80004614 (0x01dec533) xor     a0, t4, t4
core   0: 3 0x80004614 (0x01dec533) x10 0x00000000
core   0: 0x80004618 (0x15450813) addi    a6, a0, 340
core   0: 3 0x80004618 (0x15450813) x16 0x00000154
core   0: 0x8000461c (0x40e2deb3) sra     t4, t0, a4
core   0: 3 0x8000461c (0x40e2deb3) x29 0x00000000
core   0: 0x80004620 (0x03cf3bb3) mulhu   s7, t5, t3
core   0: 3 0x80004620 (0x03cf3bb3) x23 0x00000000
core   0: 0x80004624 (0x00000001) c.nop
core   0: 3 0x80004624 (0x0001)
core   0: 0x80004626 (0x004f6563) bltu    t5, tp, pc + 10
core   0: 3 0x80004626 (0x004f6563)
core   0: 0x80004630 (0x00006911) c.lui   s2, 0x4
core   0: 3 0x80004630 (0x6911) x18 0x00004000
core   0: 0x80004632 (0x9869a893) slti    a7, s3, -1658
core   0: 3 0x80004632 (0x9869a893) x17 0x00000000
core   0: 0x80004636 (0x00fcff33) and     t5, s9, a5
core   0: 3 0x80004636 (0x00fcff33) x30 0x00000000
core   0: 0x8000463a (0x8d36c593) xori    a1, a3, -1837
core   0: 3 0x8000463a (0x8d36c593) x11 0xfffff8d3
core   0: 0x8000463e (0x00cc1563) bne     s8, a2, pc + 10
core   0: 3 0x8000463e (0x00cc1563)
core   0: 0x80004648 (0x00000b94) c.addi4spn a3, sp, 464
core   0: 3 0x80004648 (0x0b94) x13 0x000001d1
core   0: 0x8000464a (0x0000127d) c.addi  tp, -1
core   0: 3 0x8000464a (0x127d) x 4 0x80021e63
core   0: 0x8000464c (0x408808b3) sub     a7, a6, s0
core   0: 3 0x8000464c (0x408808b3) x17 0x8fe2515f
core   0: 0x80004650 (0x00008e91) c.sub   a3, a2
core   0: 3 0x80004650 (0x8e91) x13 0x000001d1
core   0: 0x80004652 (0x027dc563) blt     s11, t2, pc + 42
core   0: 3 0x80004652 (0x027dc563)
core   0: 0x8000467c (0x00008dbd) c.xor   a1, a5
core   0: 3 0x8000467c (0x8dbd) x11 0x7ffde6b7
core   0: 0x8000467e (0x00008415) c.srai  s0, 5
core   0: 3 0x8000467e (0x8415) x 8 0x0380ed7f
core   0: 0x80004680 (0x7e815137) lui     sp, 0x7e815
core   0: 3 0x80004680 (0x7e815137) x 2 0x7e815000
core   0: 0x80004684 (0x01fabdb3) sltu    s11, s5, t6
core   0: 3 0x80004684 (0x01fabdb3) x27 0x00000000
core   0: 0x80004688 (0x00008705) c.srai  a4, 1
core   0: 3 0x80004688 (0x8705) x14 0x00000000
core   0: 0x8000468a (0x4181dd93) srai    s11, gp, 24
core   0: 3 0x8000468a (0x4181dd93) x27 0xffffff93
core   0: 0x8000468e (0x03cea833) mulhsu  a6, t4, t3
core   0: 3 0x8000468e (0x03cea833) x16 0x00000000
core   0: 0x80004692 (0x407cd293) srai    t0, s9, 7
core   0: 3 0x80004692 (0x407cd293) x 5 0x00000000
core   0: 0x80004696 (0x07a36197) auipc   gp, 0x7a36
core   0: 3 0x80004696 (0x07a36197) x 3 0x87a3a696
core   0: 0x8000469a (0x00006151) c.addi16sp sp, 272
core   0: 3 0x8000469a (0x6151) x 2 0x7e815110
core   0: 0x8000469c (0x003b6663) bltu    s6, gp, pc + 12
core   0: 3 0x8000469c (0x003b6663)
core   0: 0x800046a8 (0x6233af93) slti    t6, t2, 1571
core   0: 3 0x800046a8 (0x6233af93) x31 0x00000000
core   0: 0x800046ac (0x00001504) c.addi4spn s1, sp, 672
core   0: 3 0x800046ac (0x1504) x 9 0x7e8153b0
core   0: 0x800046ae (0x41cc8bb3) sub     s7, s9, t3
core   0: 3 0x800046ae (0x41cc8bb3) x23 0x00000000
core   0: 0x800046b2 (0x833c0013) addi    zero, s8, -1997
core   0: 3 0x800046b2 (0x833c0013)
core   0: 0x800046b6 (0x0000100f) fence.i
core   0: 3 0x800046b6 (0x0000100f)
core   0: 0x800046ba (0x02d7be33) mulhu   t3, a5, a3
core   0: 3 0x800046ba (0x02d7be33) x28 0x000000e8
core   0: 0x800046be (0x025a5db3) divu    s11, s4, t0
core   0: 3 0x800046be (0x025a5db3) x27 0xffffffff
core   0: 0x800046c2 (0x00000001) c.nop
core   0: 3 0x800046c2 (0x0001)
core   0: 0x800046c4 (0x00db8d63) beq     s7, a3, pc + 26
core   0: 3 0x800046c4 (0x00db8d63)
core   0: 0x800046c8 (0x00008e75) c.and   a2, a3
core   0: 3 0x800046c8 (0x8e75) x12 0x00000000
core   0: 0x800046ca (0x0206f233) remu    tp, a3, zero
core   0: 3 0x800046ca (0x0206f233) x 4 0x000001d1
core   0: 0x800046ce (0x003015b3) sll     a1, zero, gp
core   0: 3 0x800046ce (0x003015b3) x11 0x00000000
core   0: 0x800046d2 (0x000019fd) c.addi  s3, -1
core   0: 3 0x800046d2 (0x19fd) x19 0x000003e4
core   0: 0x800046d4 (0x00000dde) c.slli  s11, 23
core   0: 3 0x800046d4 (0x0dde) x27 0xff800000
core   0: 0x800046d6 (0xd88cbf97) auipc   t6, 0xd88cb
core   0: 3 0x800046d6 (0xd88cbf97) x31 0x588cf6d6
core   0: 0x800046da (0xa2186293) ori     t0, a6, -1503
core   0: 3 0x800046da (0xa2186293) x 5 0xfffffa21
core   0: 0x800046de (0x412bd593) srai    a1, s7, 18
core   0: 3 0x800046de (0x412bd593) x11 0x00000000
core   0: 0x800046e2 (0x012e5a93) srli    s5, t3, 18
core   0: 3 0x800046e2 (0x012e5a93) x21 0x00000000
core   0: 0x800046e6 (0x66207493) andi    s1, zero, 1634
core   0: 3 0x800046e6 (0x66207493) x 9 0x00000000
core   0: 0x800046ea (0x018448b3) xor     a7, s0, s8
core   0: 3 0x800046ea (0x018448b3) x17 0xfe732924
core   0: 0x800046ee (0x89ec6b17) auipc   s6, 0x89ec6
core   0: 3 0x800046ee (0x89ec6b17) x22 0x09eca6ee
core   0: 0x800046f2 (0x01859d63) bne     a1, s8, pc + 26
core   0: 3 0x800046f2 (0x01859d63)
core   0: 0x8000470c (0x00a81893) slli    a7, a6, 10
core   0: 3 0x8000470c (0x00a81893) x17 0x00000000
core   0: 0x80004710 (0x00008e99) c.sub   a3, a4
core   0: 3 0x80004710 (0x8e99) x13 0x000001d1
core   0: 0x80004712 (0x0069c763) blt     s3, t1, pc + 14
core   0: 3 0x80004712 (0x0069c763)
core   0: 0x80004716 (0x000084a1) c.srai  s1, 8
core   0: 3 0x80004716 (0x84a1) x 9 0x00000000
core   0: 0x80004718 (0x00a795b3) sll     a1, a5, a0
core   0: 3 0x80004718 (0x00a795b3) x11 0x80021e64
core   0: 0x8000471c (0x02e0ff33) remu    t5, ra, a4
core   0: 3 0x8000471c (0x02e0ff33) x30 0x00000000
core   0: 0x80004720 (0xede0fc93) andi    s9, ra, -290
core   0: 3 0x80004720 (0xede0fc93) x25 0x00000000
core   0: 0x80004724 (0x00008611) c.srai  a2, 4
core   0: 3 0x80004724 (0x8611) x12 0x00000000
core   0: 0x80004726 (0x0000ec19) c.bnez  s0, pc + 30
core   0: 3 0x80004726 (0xec19)
core   0: 0x80004744 (0x51ae2e13) slti    t3, t3, 1306
core   0: 3 0x80004744 (0x51ae2e13) x28 0x00000001
core   0: 0x80004748 (0x59796093) ori     ra, s2, 1431
core   0: 3 0x80004748 (0x59796093) x 1 0x00004597
core   0: 0x8000474c (0x4097d093) srai    ra, a5, 9
core   0: 3 0x8000474c (0x4097d093) x 1 0xffc0010f
core   0: 0x80004750 (0x01992233) slt     tp, s2, s9
core   0: 3 0x80004750 (0x01992233) x 4 0x00000000
core   0: 0x80004754 (0x011f6bb3) or      s7, t5, a7
core   0: 3 0x80004754 (0x011f6bb3) x23 0x00000000
core   0: 0x80004758 (0x03054ab3) div     s5, a0, a6
core   0: 3 0x80004758 (0x03054ab3) x21 0xffffffff
core   0: 0x8000475c (0x00008e85) c.sub   a3, s1
core   0: 3 0x8000475c (0x8e85) x13 0x000001d1
core   0: 0x8000475e (0x0000557d) c.li    a0, -1
core   0: 3 0x8000475e (0x557d) x10 0xffffffff
core   0: 0x80004760 (0x0000e999) c.bnez  a1, pc + 22
core   0: 3 0x80004760 (0xe999)
core   0: 0x80004776 (0x00008f29) c.xor   a4, a0
core   0: 3 0x80004776 (0x8f29) x14 0xffffffff
core   0: 0x80004778 (0x05fe1263) bne     t3, t6, pc + 68
core   0: 3 0x80004778 (0x05fe1263)
core   0: 0x800047bc (0x0118bbb3) sltu    s7, a7, a7
core   0: 3 0x800047bc (0x0118bbb3) x23 0x00000000
core   0: 0x800047c0 (0x006aef33) or      t5, s5, t1
core   0: 3 0x800047c0 (0x006aef33) x30 0xffffffff
core   0: 0x800047c4 (0x41925b13) srai    s6, tp, 25
core   0: 3 0x800047c4 (0x41925b13) x22 0x00000000
core   0: 0x800047c8 (0x0199d813) srli    a6, s3, 25
core   0: 3 0x800047c8 (0x0199d813) x16 0x00000000
core   0: 0x800047cc (0x01166433) or      s0, a2, a7
core   0: 3 0x800047cc (0x01166433) x 8 0x00000000
core   0: 0x800047d0 (0x01b925b3) slt     a1, s2, s11
core   0: 3 0x800047d0 (0x01b925b3) x11 0x00000000
core   0: 0x800047d4 (0x00000df2) c.slli  s11, 28
core   0: 3 0x800047d4 (0x0df2) x27 0x00000000
core   0: 0x800047d6 (0x00000001) c.nop
core   0: 3 0x800047d6 (0x0001)
core   0: 0x800047d8 (0x02844363) blt     s0, s0, pc + 38
core   0: 3 0x800047d8 (0x02844363)
core   0: 0x800047dc (0x02888833) mul     a6, a7, s0
core   0: 3 0x800047dc (0x02888833) x16 0x00000000
core   0: 0x800047e0 (0x00000001) c.nop
core   0: 3 0x800047e0 (0x0001)
core   0: 0x800047e2 (0x00008cd5) c.or    s1, a3
core   0: 3 0x800047e2 (0x8cd5) x 9 0x000001d1
core   0: 0x800047e4 (0x0ff0000f) fence   iorw,iorw
core   0: 3 0x800047e4 (0x0ff0000f)
core   0: 0x800047e8 (0x00008e5d) c.or    a2, a5
core   0: 3 0x800047e8 (0x8e5d) x12 0x80021e64
core   0: 0x800047ea (0x00000001) c.nop
core   0: 3 0x800047ea (0x0001)
core   0: 0x800047ec (0xc697aa93) slti    s5, a5, -919
core   0: 3 0x800047ec (0xc697aa93) x21 0x00000001
core   0: 0x800047f0 (0x00001a08) c.addi4spn a0, sp, 304
core   0: 3 0x800047f0 (0x1a08) x10 0x7e815240
core   0: 0x800047f2 (0xd44ca913) slti    s2, s9, -700
core   0: 3 0x800047f2 (0xd44ca913) x18 0x00000000
core   0: 0x800047f6 (0x00004e8d) c.li    t4, 3
core   0: 3 0x800047f6 (0x4e8d) x29 0x00000003
core   0: 0x800047f8 (0x00008359) c.srli  a4, 22
core   0: 3 0x800047f8 (0x8359) x14 0x000003ff
core   0: 0x800047fa (0x02c74033) div     zero, a4, a2
core   0: 3 0x800047fa (0x02c74033)
core   0: 0x800047fe (0x016fe433) or      s0, t6, s6
core   0: 3 0x800047fe (0x016fe433) x 8 0x588cf6d6
core   0: 0x80004802 (0x00001b00) c.addi4spn s0, sp, 432
core   0: 3 0x80004802 (0x1b00) x 8 0x7e8152c0
core   0: 0x80004804 (0x01bff833) and     a6, t6, s11
core   0: 3 0x80004804 (0x01bff833) x16 0x00000000
core   0: 0x80004808 (0x023b4333) div     t1, s6, gp
core   0: 3 0x80004808 (0x023b4333) x 6 0x00000000
core   0: 0x8000480c (0x02cdb333) mulhu   t1, s11, a2
core   0: 3 0x8000480c (0x02cdb333) x 6 0x00000000
core   0: 0x80004810 (0x00008dbd) c.xor   a1, a5
core   0: 3 0x80004810 (0x8dbd) x11 0x80021e64
core   0: 0x80004812 (0x3e054393) xori    t2, a0, 992
core   0: 3 0x80004812 (0x3e054393) x 7 0x7e8151a0
core   0: 0x80004816 (0x00006161) c.addi16sp sp, 80
core   0: 3 0x80004816 (0x6161) x 2 0x7e815160
core   0: 0x80004818 (0x00008af2) c.mv    s5, t3
core   0: 3 0x80004818 (0x8af2) x21 0x00000001
core   0: 0x8000481a (0x74fc6313) ori     t1, s8, 1871
core   0: 3 0x8000481a (0x74fc6313) x 6 0xfdf3c75f
core   0: 0x8000481e (0x00000d88) c.addi4spn a0, sp, 720
core   0: 3 0x8000481e (0x0d88) x10 0x7e815430
core   0: 0x80004820 (0x0000e28d) c.bnez  a3, pc + 34
core   0: 3 0x80004820 (0xe28d)
core   0: 0x80004842 (0x03ceb133) mulhu   sp, t4, t3
core   0: 3 0x80004842 (0x03ceb133) x 2 0x00000000
core   0: 0x80004846 (0x003d6533) or      a0, s10, gp
core   0: 3 0x80004846 (0x003d6533) x10 0xd7b3eef6
core   0: 0x8000484a (0x02af1f33) mulh    t5, t5, a0
core   0: 3 0x8000484a (0x02af1f33) x30 0x00000000
core   0: 0x8000484e (0x794c3eb7) lui     t4, 0x794c3
core   0: 3 0x8000484e (0x794c3eb7) x29 0x794c3000
core   0: 0x80004852 (0x02f5a633) mulhsu  a2, a1, a5
core   0: 3 0x80004852 (0x02f5a633) x12 0xc0000004
core   0: 0x80004856 (0x00008ea5) c.xor   a3, s1
core   0: 3 0x80004856 (0x8ea5) x13 0x00000000
core   0: 0x80004858 (0x01747db3) and     s11, s0, s7
core   0: 3 0x80004858 (0x01747db3) x27 0x00000000
core   0: 0x8000485c (0x0212a1b3) mulhsu  gp, t0, ra
core   0: 3 0x8000485c (0x0212a1b3) x 3 0xfffffa22
core   0: 0x80004860 (0x02b060b3) rem     ra, zero, a1
core   0: 3 0x80004860 (0x02b060b3) x 1 0x00000000
core   0: 0x80004864 (0xb0bfbe13) sltiu   t3, t6, -1269
core   0: 3 0x80004864 (0xb0bfbe13) x28 0x00000001
core   0: 0x80004868 (0x01ed06b3) add     a3, s10, t5
core   0: 3 0x80004868 (0x01ed06b3) x13 0xd2314872
core   0: 0x8000486c (0x00e21633) sll     a2, tp, a4
core   0: 3 0x8000486c (0x00e21633) x12 0x00000000
core   0: 0x80004870 (0x017badb3) slt     s11, s7, s7
core   0: 3 0x80004870 (0x017badb3) x27 0x00000000
core   0: 0x80004874 (0x00ec0eb3) add     t4, s8, a4
core   0: 3 0x80004874 (0x00ec0eb3) x29 0xfdf3c85a
core   0: 0x80004878 (0x03798233) mul     tp, s3, s7
core   0: 3 0x80004878 (0x03798233) x 4 0x00000000
core   0: 0x8000487c (0x88daf613) andi    a2, s5, -1907
core   0: 3 0x8000487c (0x88daf613) x12 0x00000001
core   0: 0x80004880 (0x01c8df93) srli    t6, a7, 28
core   0: 3 0x80004880 (0x01c8df93) x31 0x00000000
core   0: 0x80004884 (0x0000587d) c.li    a6, -1
core   0: 3 0x80004884 (0x587d) x16 0xffffffff
core   0: 0x80004886 (0x00001808) c.addi4spn a0, sp, 48
core   0: 3 0x80004886 (0x1808) x10 0x00000030
core   0: 0x80004888 (0x029deb33) rem     s6, s11, s1
core   0: 3 0x80004888 (0x029deb33) x22 0x00000000
core   0: 0x8000488c (0x00006165) c.addi16sp sp, 112
core   0: 3 0x8000488c (0x6165) x 2 0x00000070
core   0: 0x8000488e (0x00009e9a) c.add   t4, t1
core   0: 3 0x8000488e (0x9e9a) x29 0xfbe78fb9
core   0: 0x80004890 (0x00005ffd) c.li    t6, -1
core   0: 3 0x80004890 (0x5ffd) x31 0xffffffff
core   0: 0x80004892 (0x00000001) c.nop
core   0: 3 0x80004892 (0x0001)
core   0: 0x80004894 (0x007ec4b3) xor     s1, t4, t2
core   0: 3 0x80004894 (0x007ec4b3) x 9 0x8566de19
core   0: 0x80004898 (0x00c51693) slli    a3, a0, 12
core   0: 3 0x80004898 (0x00c51693) x13 0x00030000
core   0: 0x8000489c (0x0000e233) or      tp, ra, zero
core   0: 3 0x8000489c (0x0000e233) x 4 0x00000000
core   0: 0x800048a0 (0x001ff263) bgeu    t6, ra, pc + 4
core   0: 3 0x800048a0 (0x001ff263)
core   0: 0x800048a4 (0x03cb4833) div     a6, s6, t3
core   0: 3 0x800048a4 (0x03cb4833) x16 0x00000000
core   0: 0x800048a8 (0xaf6b7193) andi    gp, s6, -1290
core   0: 3 0x800048a8 (0xaf6b7193) x 3 0x00000000
core   0: 0x800048ac (0x1d7dc893) xori    a7, s11, 471
core   0: 3 0x800048ac (0x1d7dc893) x17 0x000001d7
core   0: 0x800048b0 (0x015aebb3) or      s7, s5, s5
core   0: 3 0x800048b0 (0x015aebb3) x23 0x00000001
core   0: 0x800048b4 (0x4990ffb7) lui     t6, 0x4990f
core   0: 3 0x800048b4 (0x4990ffb7) x31 0x4990f000
core   0: 0x800048b8 (0x03543b33) mulhu   s6, s0, s5
core   0: 3 0x800048b8 (0x03543b33) x22 0x00000000
core   0: 0x800048bc (0x01a0e763) bltu    ra, s10, pc + 14
core   0: 3 0x800048bc (0x01a0e763)
core   0: 0x800048ca (0x01c7e9b3) or      s3, a5, t3
core   0: 3 0x800048ca (0x01c7e9b3) x19 0x80021e65
core   0: 0x800048ce (0x00008716) c.mv    a4, t0
core   0: 3 0x800048ce (0x8716) x14 0xfffffa21
core   0: 0x800048d0 (0x02549f33) mulh    t5, s1, t0
core   0: 3 0x800048d0 (0x02549f33) x30 0x000002cf
core   0: 0x800048d4 (0x41f10233) sub     tp, sp, t6
core   0: 3 0x800048d4 (0x41f10233) x 4 0xb66f1070
core   0: 0x800048d8 (0x41095eb3) sra     t4, s2, a6
core   0: 3 0x800048d8 (0x41095eb3) x29 0x00000000
core   0: 0x800048dc (0x00281563) bne     a6, sp, pc + 10
core   0: 3 0x800048dc (0x00281563)
core   0: 0x800048e6 (0x04210063) beq     sp, sp, pc + 64
core   0: 3 0x800048e6 (0x04210063)
core   0: 0x80004926 (0x00a9da63) bge     s3, a0, pc + 20
core   0: 3 0x80004926 (0x00a9da63)
core   0: 0x8000492a (0x021b5db3) divu    s11, s6, ra
core   0: 3 0x8000492a (0x021b5db3) x27 0xffffffff
core   0: 0x8000492e (0x009e1d63) bne     t3, s1, pc + 26
core   0: 3 0x8000492e (0x009e1d63)
core   0: 0x80004948 (0x000082d9) c.srli  a3, 22
core   0: 3 0x80004948 (0x82d9) x13 0x00000000
core   0: 0x8000494a (0x029d2733) mulhsu  a4, s10, s1
core   0: 3 0x8000494a (0x029d2733) x14 0xe8213288
core   0: 0x8000494e (0x1cd5c193) xori    gp, a1, 461
core   0: 3 0x8000494e (0x1cd5c193) x 3 0x80021fa9
core   0: 0x80004952 (0x00008449) c.srai  s0, 18
core   0: 3 0x80004952 (0x8449) x 8 0x00001fa0
core   0: 0x80004954 (0x00685a63) bge     a6, t1, pc + 20
core   0: 3 0x80004954 (0x00685a63)
core   0: 0x80004968 (0x00009d16) c.add   s10, t0
core   0: 3 0x80004968 (0x9d16) x26 0xd2314293
core   0: 0x8000496a (0x000082a9) c.srli  a3, 10
core   0: 3 0x8000496a (0x82a9) x13 0x00000000
core   0: 0x8000496c (0x84156e13) ori     t3, a0, -1983
core   0: 3 0x8000496c (0x84156e13) x28 0xfffff871
core   0: 0x80004970 (0x0000127d) c.addi  tp, -1
core   0: 3 0x80004970 (0x127d) x 4 0xb66f106f
core   0: 0x80004972 (0x00009f0e) c.add   t5, gp
core   0: 3 0x80004972 (0x9f0e) x30 0x80022278
core   0: 0x80004974 (0x0000100f) fence.i
core   0: 3 0x80004974 (0x0000100f)
core   0: 0x80004978 (0xdff99f97) auipc   t6, 0xdff99
core   0: 3 0x80004978 (0xdff99f97) x31 0x5ff9d978
core   0: 0x8000497c (0xdf3c7217) auipc   tp, 0xdf3c7
core   0: 3 0x8000497c (0xdf3c7217) x 4 0x5f3cb97c
core   0: 0x80004980 (0xac3f7b93) andi    s7, t5, -1341
core   0: 3 0x80004980 (0xac3f7b93) x23 0x80022240
core   0: 0x80004984 (0x001a4cb3) xor     s9, s4, ra
core   0: 3 0x80004984 (0x001a4cb3) x25 0x80025ce4
core   0: 0x80004988 (0x010be563) bltu    s7, a6, pc + 10
core   0: 3 0x80004988 (0x010be563)
core   0: 0x8000498c (0x0000197d) c.addi  s2, -1
core   0: 3 0x8000498c (0x197d) x18 0xffffffff
core   0: 0x8000498e (0xe1684b13) xori    s6, a6, -490
core   0: 3 0x8000498e (0xe1684b13) x22 0xfffffe16
core   0: 0x80004992 (0x9ba14f93) xori    t6, sp, -1606
core   0: 3 0x80004992 (0x9ba14f93) x31 0xfffff9ca
core   0: 0x80004996 (0x00006d89) c.lui   s11, 0x2
core   0: 3 0x80004996 (0x6d89) x27 0x00002000
core   0: 0x80004998 (0x00008d0d) c.sub   a0, a1
core   0: 3 0x80004998 (0x8d0d) x10 0x7ffde1cc
core   0: 0x8000499a (0x00008279) c.srli  a2, 30
core   0: 3 0x8000499a (0x8279) x12 0x00000000
core   0: 0x8000499c (0x01e46d63) bltu    s0, t5, pc + 26
core   0: 3 0x8000499c (0x01e46d63)
core   0: 0x800049b6 (0x03b3ccb3) div     s9, t2, s11
core   0: 3 0x800049b6 (0x03b3ccb3) x25 0x0003f40a
core   0: 0x800049ba (0x00213633) sltu    a2, sp, sp
core   0: 3 0x800049ba (0x00213633) x12 0x00000000
core   0: 0x800049be (0x00004379) c.li    t1, 30
core   0: 3 0x800049be (0x4379) x 6 0x0000001e
core   0: 0x800049c0 (0x01765463) bge     a2, s7, pc + 8
core   0: 3 0x800049c0 (0x01765463)
core   0: 0x800049c8 (0x025cef33) rem     t5, s9, t0
core   0: 3 0x800049c8 (0x025cef33) x30 0x00000236
core   0: 0x800049cc (0x40290fb3) sub     t6, s2, sp
core   0: 3 0x800049cc (0x40290fb3) x31 0xffffff8f
core   0: 0x800049d0 (0xadc8a393) slti    t2, a7, -1316
core   0: 3 0x800049d0 (0xadc8a393) x 7 0x00000000
core   0: 0x800049d4 (0x00006135) c.addi16sp sp, 352
core   0: 3 0x800049d4 (0x6135) x 2 0x000001d0
core   0: 0x800049d6 (0x349a7513) andi    a0, s4, 841
core   0: 3 0x800049d6 (0x349a7513) x10 0x00000040
core   0: 0x800049da (0x028705b3) mul     a1, a4, s0
core   0: 3 0x800049da (0x028705b3) x11 0x19de0d00
core   0: 0x800049de (0x000089c6) c.mv    s3, a7
core   0: 3 0x800049de (0x89c6) x19 0x000001d7
core   0: 0x800049e0 (0x6a3fa693) slti    a3, t6, 1699
core   0: 3 0x800049e0 (0x6a3fa693) x13 0x00000001
core   0: 0x800049e4 (0x7c9c0093) addi    ra, s8, 1993
core   0: 3 0x800049e4 (0x7c9c0093) x 1 0xfdf3cc24
core   0: 0x800049e8 (0x02860bb3) mul     s7, a2, s0
core   0: 3 0x800049e8 (0x02860bb3) x23 0x00000000
core   0: 0x800049ec (0x40570433) sub     s0, a4, t0
core   0: 3 0x800049ec (0x40570433) x 8 0xe8213867
core   0: 0x800049f0 (0x00008de9) c.and   a1, a0
core   0: 3 0x800049f0 (0x8de9) x11 0x00000000
core   0: 0x800049f2 (0x00008f19) c.sub   a4, a4
core   0: 3 0x800049f2 (0x8f19) x14 0x00000000
core   0: 0x800049f4 (0xf560c113) xori    sp, ra, -170
core   0: 3 0x800049f4 (0xf560c113) x 2 0x020c3372
core   0: 0x800049f8 (0x03c84e63) blt     a6, t3, pc + 60
core   0: 3 0x800049f8 (0x03c84e63)
core   0: 0x800049fc (0x41b40133) sub     sp, s0, s11
core   0: 3 0x800049fc (0x41b40133) x 2 0xe8211867
core   0: 0x80004a00 (0x00008c5d) c.or    s0, a5
core   0: 3 0x80004a00 (0x8c5d) x 8 0xe8233e67
core   0: 0x80004a02 (0x0118d213) srli    tp, a7, 17
core   0: 3 0x80004a02 (0x0118d213) x 4 0x00000000
core   0: 0x80004a06 (0x000005ce) c.slli  a1, 19
core   0: 3 0x80004a06 (0x05ce) x11 0x00000000
core   0: 0x80004a08 (0x0ff0000f) fence   iorw,iorw
core   0: 3 0x80004a08 (0x0ff0000f)
core   0: 0x80004a0c (0x00008189) c.srli  a1, 2
core   0: 3 0x80004a0c (0x8189) x11 0x00000000
core   0: 0x80004a0e (0x02978e33) mul     t3, a5, s1
core   0: 3 0x80004a0e (0x02978e33) x28 0x6667afc4
core   0: 0x80004a12 (0x0000c01d) c.beqz  s0, pc + 38
core   0: 3 0x80004a12 (0xc01d)
core   0: 0x80004a14 (0x02d43f33) mulhu   t5, s0, a3
core   0: 3 0x80004a14 (0x02d43f33) x30 0x00000000
core   0: 0x80004a18 (0x036301b3) mul     gp, t1, s6
core   0: 3 0x80004a18 (0x036301b3) x 3 0xffffc694
core   0: 0x80004a1c (0x00008d7d) c.and   a0, a5
core   0: 3 0x80004a1c (0x8d7d) x10 0x00000040
core   0: 0x80004a1e (0x00c95c93) srli    s9, s2, 12
core   0: 3 0x80004a1e (0x00c95c93) x25 0x000fffff
core   0: 0x80004a22 (0x000009b9) c.addi  s3, 14
core   0: 3 0x80004a22 (0x09b9) x19 0x000001e5
core   0: 0x80004a24 (0x9d508b93) addi    s7, ra, -1579
core   0: 3 0x80004a24 (0x9d508b93) x23 0xfdf3c5f9
core   0: 0x80004a28 (0x0000459d) c.li    a1, 7
core   0: 3 0x80004a28 (0x459d) x11 0x00000007
core   0: 0x80004a2a (0x0000ed85) c.bnez  a1, pc + 56
core   0: 3 0x80004a2a (0xed85)
core   0: 0x80004a62 (0x014ecab3) xor     s5, t4, s4
core   0: 3 0x80004a62 (0x014ecab3) x21 0x80025ce4
core   0: 0x80004a66 (0x00008dbd) c.xor   a1, a5
core   0: 3 0x80004a66 (0x8dbd) x11 0x80021e63
core   0: 0x80004a68 (0x02d18733) mul     a4, gp, a3
core   0: 3 0x80004a68 (0x02d18733) x14 0xffffc694
core   0: 0x80004a6c (0x026ef133) remu    sp, t4, t1
core   0: 3 0x80004a6c (0x026ef133) x 2 0x00000000
core   0: 0x80004a70 (0x00008d4d) c.or    a0, a1
core   0: 3 0x80004a70 (0x8d4d) x10 0x80021e63
core   0: 0x80004a72 (0x02656233) rem     tp, a0, t1
core   0: 3 0x80004a72 (0x02656233) x 4 0xffffffe5
core   0: 0x80004a76 (0x00006151) c.addi16sp sp, 272
core   0: 3 0x80004a76 (0x6151) x 2 0x00000110
core   0: 0x80004a78 (0x00000d59) c.addi  s10, 22
core   0: 3 0x80004a78 (0x0d59) x26 0xd23142a9
core   0: 0x80004a7a (0x0000100f) fence.i
core   0: 3 0x80004a7a (0x0000100f)
core   0: 0x80004a7e (0x00009a7d) c.andi  a2, -1
core   0: 3 0x80004a7e (0x9a7d) x12 0x00000000
core   0: 0x80004a80 (0x0000c50d) c.beqz  a0, pc + 42
core   0: 3 0x80004a80 (0xc50d)
core   0: 0x80004a82 (0x0000895e) c.mv    s2, s7
core   0: 3 0x80004a82 (0x895e) x18 0xfdf3c5f9
core   0: 0x80004a84 (0x02811d63) bne     sp, s0, pc + 58
core   0: 3 0x80004a84 (0x02811d63)
core   0: 0x80004abe (0x0379bab3) mulhu   s5, s3, s7
core   0: 3 0x80004abe (0x0379bab3) x21 0x000001e1
core   0: 0x80004ac2 (0x0007d933) srl     s2, a5, zero
core   0: 3 0x80004ac2 (0x0007d933) x18 0x80021e64
core   0: 0x80004ac6 (0x413058b3) sra     a7, zero, s3
core   0: 3 0x80004ac6 (0x413058b3) x17 0x00000000
core   0: 0x80004aca (0x416ddf33) sra     t5, s11, s6
core   0: 3 0x80004aca (0x416ddf33) x30 0x00000000
core   0: 0x80004ace (0x415d0bb3) sub     s7, s10, s5
core   0: 3 0x80004ace (0x415d0bb3) x23 0xd23140c8
core   0: 0x80004ad2 (0x00001500) c.addi4spn s0, sp, 672
core   0: 3 0x80004ad2 (0x1500) x 8 0x000003b0
core   0: 0x80004ad4 (0x02dc3b33) mulhu   s6, s8, a3
core   0: 3 0x80004ad4 (0x02dc3b33) x22 0x00000000
core   0: 0x80004ad8 (0x00004841) c.li    a6, 16
core   0: 3 0x80004ad8 (0x4841) x16 0x00000010
core   0: 0x80004ada (0x96494237) lui     tp, 0x96494
core   0: 3 0x80004ada (0x96494237) x 4 0x96494000
core   0: 0x80004ade (0x0000ca15) c.beqz  a2, pc + 52
core   0: 3 0x80004ade (0xca15)
core   0: 0x80004b12 (0x01b79133) sll     sp, a5, s11
core   0: 3 0x80004b12 (0x01b79133) x 2 0x80021e64
core   0: 0x80004b16 (0x035919b3) mulh    s3, s2, s5
core   0: 3 0x80004b16 (0x035919b3) x19 0xffffff0f
core   0: 0x80004b1a (0x00200693) li      a3, 2
core   0: 3 0x80004b1a (0x00200693) x13 0x00000002
core   0: 0x80004b1e (0x02560233) mul     tp, a2, t0
core   0: 3 0x80004b1e (0x02560233) x 4 0x00000000
core   0: 0x80004b22 (0x00000001) c.nop
core   0: 3 0x80004b22 (0x0001)
core   0: 0x80004b24 (0x011d7433) and     s0, s10, a7
core   0: 3 0x80004b24 (0x011d7433) x 8 0x00000000
core   0: 0x80004b28 (0x03358533) mul     a0, a1, s3
core   0: 3 0x80004b28 (0x03358533) x10 0x7e0164cd
core   0: 0x80004b2c (0x000014fd) c.addi  s1, -1
core   0: 3 0x80004b2c (0x14fd) x 9 0x8566de18
core   0: 0x80004b2e (0x020183b3) mul     t2, gp, zero
core   0: 3 0x80004b2e (0x020183b3) x 7 0x00000000
core   0: 0x80004b32 (0x004cd893) srli    a7, s9, 4
core   0: 3 0x80004b32 (0x004cd893) x17 0x0000ffff
core   0: 0x80004b36 (0x01835d93) srli    s11, t1, 24
core   0: 3 0x80004b36 (0x01835d93) x27 0x00000000
core   0: 0x80004b3a (0x01869593) slli    a1, a3, 24
core   0: 3 0x80004b3a (0x01869593) x11 0x02000000
core   0: 0x80004b3e (0x00958db3) add     s11, a1, s1
core   0: 3 0x80004b3e (0x00958db3) x27 0x8766de18
core   0: 0x80004b42 (0x006f7fb3) and     t6, t5, t1
core   0: 3 0x80004b42 (0x006f7fb3) x31 0x00000000
core   0: 0x80004b46 (0x52aa2513) slti    a0, s4, 1322
core   0: 3 0x80004b46 (0x52aa2513) x10 0x00000001
core   0: 0x80004b4a (0x0000852d) c.srai  a0, 11
core   0: 3 0x80004b4a (0x852d) x10 0x00000000
core   0: 0x80004b4c (0x000016fd) c.addi  a3, -1
core   0: 3 0x80004b4c (0x16fd) x13 0x00000001
core   0: 0x80004b4e (0x0000717d) c.addi16sp sp, -16
core   0: 3 0x80004b4e (0x717d) x 2 0x80021e54
core   0: 0x80004b50 (0x00d41b13) slli    s6, s0, 13
core   0: 3 0x80004b50 (0x00d41b13) x22 0x00000000
core   0: 0x80004b54 (0x0ff0000f) fence   iorw,iorw
core   0: 3 0x80004b54 (0x0ff0000f)
core   0: 0x80004b58 (0x0000dae1) c.beqz  a3, pc - 48
core   0: 3 0x80004b58 (0xdae1)
core   0: 0x80004b5a (0x0ff0000f) fence   iorw,iorw
core   0: 3 0x80004b5a (0x0ff0000f)
core   0: 0x80004b5e (0x00df1d63) bne     t5, a3, pc + 26
core   0: 3 0x80004b5e (0x00df1d63)
core   0: 0x80004b78 (0x0000030e) c.slli  t1, 3
core   0: 3 0x80004b78 (0x030e) x 6 0x000000f0
core   0: 0x80004b7a (0x2b7b4913) xori    s2, s6, 695
core   0: 3 0x80004b7a (0x2b7b4913) x18 0x000002b7
core   0: 0x80004b7e (0x03203733) mulhu   a4, zero, s2
core   0: 3 0x80004b7e (0x03203733) x14 0x00000000
core   0: 0x80004b82 (0x00008eed) c.and   a3, a1
core   0: 3 0x80004b82 (0x8eed) x13 0x00000000
core   0: 0x80004b84 (0x00584833) xor     a6, a6, t0
core   0: 3 0x80004b84 (0x00584833) x16 0xfffffa31
core   0: 0x80004b88 (0x000088ed) c.andi  s1, 27
core   0: 3 0x80004b88 (0x88ed) x 9 0x00000018
core   0: 0x80004b8a (0x40c806b3) sub     a3, a6, a2
core   0: 3 0x80004b8a (0x40c806b3) x13 0xfffffa31
core   0: 0x80004b8e (0x00008d6d) c.and   a0, a1
core   0: 3 0x80004b8e (0x8d6d) x10 0x00000000
core   0: 0x80004b90 (0xf2c19217) auipc   tp, 0xf2c19
core   0: 3 0x80004b90 (0xf2c19217) x 4 0x72c1db90
core   0: 0x80004b94 (0x004451b3) srl     gp, s0, tp
core   0: 3 0x80004b94 (0x004451b3) x 3 0x00000000
core   0: 0x80004b98 (0x03ab5763) bge     s6, s10, pc + 46
core   0: 3 0x80004b98 (0x03ab5763)
core   0: 0x80004bc6 (0x2908d437) lui     s0, 0x2908d
core   0: 3 0x80004bc6 (0x2908d437) x 8 0x2908d000
core   0: 0x80004bca (0x00000cf5) c.addi  s9, 29
core   0: 3 0x80004bca (0x0cf5) x25 0x0010001c
core   0: 0x80004bcc (0x031654b3) divu    s1, a2, a7
core   0: 3 0x80004bcc (0x031654b3) x 9 0x00000000
core   0: 0x80004bd0 (0x03f9e533) rem     a0, s3, t6
core   0: 3 0x80004bd0 (0x03f9e533) x10 0xffffff0f
core   0: 0x80004bd4 (0x00f1d693) srli    a3, gp, 15
core   0: 3 0x80004bd4 (0x00f1d693) x13 0x00000000
core   0: 0x80004bd8 (0x00bb42b3) xor     t0, s6, a1
core   0: 3 0x80004bd8 (0x00bb42b3) x 5 0x02000000
core   0: 0x80004bdc (0x000098fd) c.andi  s1, -1
core   0: 3 0x80004bdc (0x98fd) x 9 0x00000000
core   0: 0x80004bde (0x00934563) blt     t1, s1, pc + 10
core   0: 3 0x80004bde (0x00934563)
core   0: 0x80004be2 (0x00000d61) c.addi  s10, 24
core   0: 3 0x80004be2 (0x0d61) x26 0xd23142c1
core   0: 0x80004be4 (0x0ff0000f) fence   iorw,iorw
core   0: 3 0x80004be4 (0x0ff0000f)
core   0: 0x80004be8 (0xffd23e37) lui     t3, 0xffd23
core   0: 3 0x80004be8 (0xffd23e37) x28 0xffd23000
core   0: 0x80004bec (0x0000c681) c.beqz  a3, pc + 8
core   0: 3 0x80004bec (0xc681)
core   0: 0x80004bf4 (0x000084d1) c.srai  s1, 20
core   0: 3 0x80004bf4 (0x84d1) x 9 0x00000000
core   0: 0x80004bf6 (0x00008de9) c.and   a1, a0
core   0: 3 0x80004bf6 (0x8de9) x11 0x02000000
core   0: 0x80004bf8 (0x02468eb3) mul     t4, a3, tp
core   0: 3 0x80004bf8 (0x02468eb3) x29 0x00000000
core   0: 0x80004bfc (0x006c2933) slt     s2, s8, t1
core   0: 3 0x80004bfc (0x006c2933) x18 0x00000001
core   0: 0x80004c00 (0x4121d013) srai    zero, gp, 18
core   0: 3 0x80004c00 (0x4121d013)
core   0: 0x80004c04 (0x0000e809) c.bnez  s0, pc + 18
core   0: 3 0x80004c04 (0xe809)
core   0: 0x80004c16 (0x00008c05) c.sub   s0, s1
core   0: 3 0x80004c16 (0x8c05) x 8 0x2908d000
core   0: 0x80004c18 (0x00008725) c.srai  a4, 9
core   0: 3 0x80004c18 (0x8725) x14 0x00000000
core   0: 0x80004c1a (0x00008ef9) c.and   a3, a4
core   0: 3 0x80004c1a (0x8ef9) x13 0x00000000
core   0: 0x80004c1c (0x02d078b3) remu    a7, zero, a3
core   0: 3 0x80004c1c (0x02d078b3) x17 0x00000000
core   0: 0x80004c20 (0x0186a833) slt     a6, a3, s8
core   0: 3 0x80004c20 (0x0186a833) x16 0x00000000
core   0: 0x80004c24 (0x0279f933) remu    s2, s3, t2
core   0: 3 0x80004c24 (0x0279f933) x18 0xffffff0f
core   0: 0x80004c28 (0x0000848d) c.srai  s1, 3
core   0: 3 0x80004c28 (0x848d) x 9 0x00000000
core   0: 0x80004c2a (0x01d00763) beq     zero, t4, pc + 14
core   0: 3 0x80004c2a (0x01d00763)
core   0: 0x80004c38 (0x412cde13) srai    t3, s9, 18
core   0: 3 0x80004c38 (0x412cde13) x28 0x00000004
core   0: 0x80004c3c (0x4f48e713) ori     a4, a7, 1268
core   0: 3 0x80004c3c (0x4f48e713) x14 0x000004f4
core   0: 0x80004c40 (0x00000001) c.nop
core   0: 3 0x80004c40 (0x0001)
core   0: 0x80004c42 (0x01066763) bltu    a2, a6, pc + 14
core   0: 3 0x80004c42 (0x01066763)
core   0: 0x80004c46 (0x01c19563) bne     gp, t3, pc + 10
core   0: 3 0x80004c46 (0x01c19563)
core   0: 0x80004c50 (0x0ff0000f) fence   iorw,iorw
core   0: 3 0x80004c50 (0x0ff0000f)
core   0: 0x80004c54 (0x03535133) divu    sp, t1, s5
core   0: 3 0x80004c54 (0x03535133) x 2 0x00000000
core   0: 0x80004c58 (0xd0612e13) slti    t3, sp, -762
core   0: 3 0x80004c58 (0xd0612e13) x28 0x00000000
core   0: 0x80004c5c (0x02c44533) div     a0, s0, a2
core   0: 3 0x80004c5c (0x02c44533) x10 0xffffffff
core   0: 0x80004c60 (0x0ff0000f) fence   iorw,iorw
core   0: 3 0x80004c60 (0x0ff0000f)
core   0: 0x80004c64 (0x0ff0000f) fence   iorw,iorw
core   0: 3 0x80004c64 (0x0ff0000f)
core   0: 0x80004c68 (0x402fdf33) sra     t5, t6, sp
core   0: 3 0x80004c68 (0x402fdf33) x30 0x00000000
core   0: 0x80004c6c (0x02d1d633) divu    a2, gp, a3
core   0: 3 0x80004c6c (0x02d1d633) x12 0xffffffff
core   0: 0x80004c70 (0x03dbc433) div     s0, s7, t4
core   0: 3 0x80004c70 (0x03dbc433) x 8 0xffffffff
core   0: 0x80004c74 (0x00008d99) c.sub   a1, a4
core   0: 3 0x80004c74 (0x8d99) x11 0x01fffb0c
core   0: 0x80004c76 (0x03a7b433) mulhu   s0, a5, s10
core   0: 3 0x80004c76 (0x03a7b433) x 8 0x691a5eb6
core   0: 0x80004c7a (0x40ef5433) sra     s0, t5, a4
core   0: 3 0x80004c7a (0x40ef5433) x 8 0x00000000
core   0: 0x80004c7e (0xbf0b8d93) addi    s11, s7, -1040
core   0: 3 0x80004c7e (0xbf0b8d93) x27 0xd2313cb8
core   0: 0x80004c82 (0x02de0463) beq     t3, a3, pc + 40
core   0: 3 0x80004c82 (0x02de0463)
core   0: 0x80004caa (0x0573d363) bge     t2, s7, pc + 70
core   0: 3 0x80004caa (0x0573d363)
core   0: 0x80004cf0 (0x0000117d) c.addi  sp, -1
core   0: 3 0x80004cf0 (0x117d) x 2 0xffffffff
core   0: 0x80004cf2 (0x0ff0000f) fence   iorw,iorw
core   0: 3 0x80004cf2 (0x0ff0000f)
core   0: 0x80004cf6 (0x0000100f) fence.i
core   0: 3 0x80004cf6 (0x0000100f)
core   0: 0x80004cfa (0x9dd02813) slti    a6, zero, -1571
core   0: 3 0x80004cfa (0x9dd02813) x16 0x00000000
core   0: 0x80004cfe (0x00800693) li      a3, 8
core   0: 3 0x80004cfe (0x00800693) x13 0x00000008
core   0: 0x80004d02 (0x00000001) c.nop
core   0: 3 0x80004d02 (0x0001)
core   0: 0x80004d04 (0x001fc233) xor     tp, t6, ra
core   0: 3 0x80004d04 (0x001fc233) x 4 0xfdf3cc24
core   0: 0x80004d08 (0x000016f1) c.addi  a3, -4
core   0: 3 0x80004d08 (0x16f1) x13 0x00000004
core   0: 0x80004d0a (0xffa00b93) li      s7, -6
core   0: 3 0x80004d0a (0xffa00b93) x23 0xfffffffa
core   0: 0x80004d0e (0xff600593) li      a1, -10
core   0: 3 0x80004d0e (0xff600593) x11 0xfffffff6
core   0: 0x80004d12 (0x01811513) slli    a0, sp, 24
core   0: 3 0x80004d12 (0x01811513) x10 0xff000000
core   0: 0x80004d16 (0x00008ca1) c.xor   s1, s0
core   0: 3 0x80004d16 (0x8ca1) x 9 0x00000000
core   0: 0x80004d18 (0x00001be1) c.addi  s7, -8
core   0: 3 0x80004d18 (0x1be1) x23 0xfffffff2
core   0: 0x80004d1a (0xfebbdee3) bge     s7, a1, pc - 4
core   0: 3 0x80004d1a (0xfebbdee3)
core   0: 0x80004d1e (0x0000f2fd) c.bnez  a3, pc - 26
core   0: 3 0x80004d1e (0xf2fd)
core   0: 0x80004d04 (0x001fc233) xor     tp, t6, ra
core   0: 3 0x80004d04 (0x001fc233) x 4 0xfdf3cc24
core   0: 0x80004d08 (0x000016f1) c.addi  a3, -4
core   0: 3 0x80004d08 (0x16f1) x13 0x00000000
core   0: 0x80004d0a (0xffa00b93) li      s7, -6
core   0: 3 0x80004d0a (0xffa00b93) x23 0xfffffffa
core   0: 0x80004d0e (0xff600593) li      a1, -10
core   0: 3 0x80004d0e (0xff600593) x11 0xfffffff6
core   0: 0x80004d12 (0x01811513) slli    a0, sp, 24
core   0: 3 0x80004d12 (0x01811513) x10 0xff000000
core   0: 0x80004d16 (0x00008ca1) c.xor   s1, s0
core   0: 3 0x80004d16 (0x8ca1) x 9 0x00000000
core   0: 0x80004d18 (0x00001be1) c.addi  s7, -8
core   0: 3 0x80004d18 (0x1be1) x23 0xfffffff2
core   0: 0x80004d1a (0xfebbdee3) bge     s7, a1, pc - 4
core   0: 3 0x80004d1a (0xfebbdee3)
core   0: 0x80004d1e (0x0000f2fd) c.bnez  a3, pc - 26
core   0: 3 0x80004d1e (0xf2fd)
core   0: 0x80004d20 (0x03651533) mulh    a0, a0, s6
core   0: 3 0x80004d20 (0x03651533) x10 0x00000000
core   0: 0x80004d24 (0x779fb1b7) lui     gp, 0x779fb
core   0: 3 0x80004d24 (0x779fb1b7) x 3 0x779fb000
core   0: 0x80004d28 (0x00008cd5) c.or    s1, a3
core   0: 3 0x80004d28 (0x8cd5) x 9 0x00000000
core   0: 0x80004d2a (0xb2797eb7) lui     t4, 0xb2797
core   0: 3 0x80004d2a (0xb2797eb7) x29 0xb2797000
core   0: 0x80004d2e (0x1c9ad737) lui     a4, 0x1c9ad
core   0: 3 0x80004d2e (0x1c9ad737) x14 0x1c9ad000
core   0: 0x80004d32 (0x029c95b3) mulh    a1, s9, s1
core   0: 3 0x80004d32 (0x029c95b3) x11 0x00000000
core   0: 0x80004d36 (0x00009a7d) c.andi  a2, -1
core   0: 3 0x80004d36 (0x9a7d) x12 0xffffffff
core   0: 0x80004d38 (0x0ff0000f) fence   iorw,iorw
core   0: 3 0x80004d38 (0x0ff0000f)
core   0: 0x80004d3c (0x02d8a3b3) mulhsu  t2, a7, a3
core   0: 3 0x80004d3c (0x02d8a3b3) x 7 0x00000000
core   0: 0x80004d40 (0x0000ce11) c.beqz  a2, pc + 28
core   0: 3 0x80004d40 (0xce11)
core   0: 0x80004d42 (0x6ece3993) sltiu   s3, t3, 1772
core   0: 3 0x80004d42 (0x6ece3993) x19 0x00000001
core   0: 0x80004d46 (0x03b88d63) beq     a7, s11, pc + 58
core   0: 3 0x80004d46 (0x03b88d63)
core   0: 0x80004d4a (0x0101e833) or      a6, gp, a6
core   0: 3 0x80004d4a (0x0101e833) x16 0x779fb000
core   0: 0x80004d4e (0x0044d563) bge     s1, tp, pc + 10
core   0: 3 0x80004d4e (0x0044d563)
core   0: 0x80004d58 (0x03a2d163) bge     t0, s10, pc + 34
core   0: 3 0x80004d58 (0x03a2d163)
core   0: 0x80004d7a (0x00008d41) c.or    a0, s0
core   0: 3 0x80004d7a (0x8d41) x10 0x00000000
core   0: 0x80004d7c (0x010535b3) sltu    a1, a0, a6
core   0: 3 0x80004d7c (0x010535b3) x11 0x00000001
core   0: 0x80004d80 (0x00008f0d) c.sub   a4, a1
core   0: 3 0x80004d80 (0x8f0d) x14 0x1c9acfff
core   0: 0x80004d82 (0x017fe2b3) or      t0, t6, s7
core   0: 3 0x80004d82 (0x017fe2b3) x 5 0xfffffff2
core   0: 0x80004d86 (0x00008ac2) c.mv    s5, a6
core   0: 3 0x80004d86 (0x8ac2) x21 0x779fb000
core   0: 0x80004d88 (0x00d4d613) srli    a2, s1, 13
core   0: 3 0x80004d88 (0x00d4d613) x12 0x00000000
core   0: 0x80004d8c (0x00008629) c.srai  a2, 10
core   0: 3 0x80004d8c (0x8629) x12 0x00000000
core   0: 0x80004d8e (0x01ea5513) srli    a0, s4, 30
core   0: 3 0x80004d8e (0x01ea5513) x10 0x00000002
core   0: 0x80004d92 (0x004add33) srl     s10, s5, tp
core   0: 3 0x80004d92 (0x004add33) x26 0x0779fb00
core   0: 0x80004d96 (0x410d0593) addi    a1, s10, 1040
core   0: 3 0x80004d96 (0x410d0593) x11 0x0779ff10
core   0: 0x80004d9a (0xff800413) li      s0, -8
core   0: 3 0x80004d9a (0xff800413) x 8 0xfffffff8
core   0: 0x80004d9e (0x025efdb3) remu    s11, t4, t0
core   0: 3 0x80004d9e (0x025efdb3) x27 0xb2797000
core   0: 0x80004da2 (0x00700393) li      t2, 7
core   0: 3 0x80004da2 (0x00700393) x 7 0x00000007
core   0: 0x80004da6 (0x58890713) addi    a4, s2, 1416
core   0: 3 0x80004da6 (0x58890713) x14 0x00000497
core   0: 0x80004daa (0x00000415) c.addi  s0, 5
core   0: 3 0x80004daa (0x0415) x 8 0xfffffffd
core   0: 0x80004dac (0xfe740de3) beq     s0, t2, pc - 6
core   0: 3 0x80004dac (0xfe740de3)
core   0: 0x80004db0 (0x00000001) c.nop
core   0: 3 0x80004db0 (0x0001)
core   0: 0x80004db2 (0x0ff0000f) fence   iorw,iorw
core   0: 3 0x80004db2 (0x0ff0000f)
core   0: 0x80004db6 (0x00391b33) sll     s6, s2, gp
core   0: 3 0x80004db6 (0x00391b33) x22 0xffffff0f
core   0: 0x80004dba (0x00006225) c.lui   tp, 0x9
core   0: 3 0x80004dba (0x6225) x 4 0x00009000
core   0: 0x80004dbc (0x22b8cb37) lui     s6, 0x22b8c
core   0: 3 0x80004dbc (0x22b8cb37) x22 0x22b8c000
core   0: 0x80004dc0 (0xd0dc3213) sltiu   tp, s8, -755
core   0: 3 0x80004dc0 (0xd0dc3213) x 4 0x00000001
core   0: 0x80004dc4 (0x417150b3) sra     ra, sp, s7
core   0: 3 0x80004dc4 (0x417150b3) x 1 0xffffffff
core   0: 0x80004dc8 (0x0312d0b3) divu    ra, t0, a7
core   0: 3 0x80004dc8 (0x0312d0b3) x 1 0xffffffff
core   0: 0x80004dcc (0x026a5033) divu    zero, s4, t1
core   0: 3 0x80004dcc (0x026a5033)
core   0: 0x80004dd0 (0x00008119) c.srli  a0, 6
core   0: 3 0x80004dd0 (0x8119) x10 0x00000000
core   0: 0x80004dd2 (0x013ce133) or      sp, s9, s3
core   0: 3 0x80004dd2 (0x013ce133) x 2 0x0010001d
core   0: 0x80004dd6 (0x0281cd63) blt     gp, s0, pc + 58
core   0: 3 0x80004dd6 (0x0281cd63)
core   0: 0x80004dda (0x0ff0000f) fence   iorw,iorw
core   0: 3 0x80004dda (0x0ff0000f)
core   0: 0x80004dde (0x0000c599) c.beqz  a1, pc + 14
core   0: 3 0x80004dde (0xc599)
core   0: 0x80004de0 (0x032740b3) div     ra, a4, s2
core   0: 3 0x80004de0 (0x032740b3) x 1 0xfffffffc
core   0: 0x80004de4 (0x00a1c433) xor     s0, gp, a0
core   0: 3 0x80004de4 (0x00a1c433) x 8 0x779fb000
core   0: 0x80004de8 (0x013ce333) or      t1, s9, s3
core   0: 3 0x80004de8 (0x013ce333) x 6 0x0010001d
core   0: 0x80004dec (0x039adf33) divu    t5, s5, s9
core   0: 3 0x80004dec (0x039adf33) x30 0x00000779
core   0: 0x80004df0 (0x01aa8537) lui     a0, 0x1aa8
core   0: 3 0x80004df0 (0x01aa8537) x10 0x01aa8000
core   0: 0x80004df4 (0x1c797cb7) lui     s9, 0x1c797
core   0: 3 0x80004df4 (0x1c797cb7) x25 0x1c797000
core   0: 0x80004df8 (0x00008b76) c.mv    s6, t4
core   0: 3 0x80004df8 (0x8b76) x22 0xb2797000
core   0: 0x80004dfa (0x0000e98d) c.bnez  a1, pc + 50
core   0: 3 0x80004dfa (0xe98d)
core   0: 0x80004e2c (0x011adbb3) srl     s7, s5, a7
core   0: 3 0x80004e2c (0x011adbb3) x23 0x779fb000
core   0: 0x80004e30 (0x26287193) andi    gp, a6, 610
core   0: 3 0x80004e30 (0x26287193) x 3 0x00000000
core   0: 0x80004e34 (0x01964563) blt     a2, s9, pc + 10
core   0: 3 0x80004e34 (0x01964563)
core   0: 0x80004e3e (0xea4419b7) lui     s3, 0xea441
core   0: 3 0x80004e3e (0xea4419b7) x19 0xea441000
core   0: 0x80004e42 (0x01ab4033) xor     zero, s6, s10
core   0: 3 0x80004e42 (0x01ab4033)
core   0: 0x80004e46 (0x10023f93) sltiu   t6, tp, 256
core   0: 3 0x80004e46 (0x10023f93) x31 0x00000001
core   0: 0x80004e4a (0x27c78f93) addi    t6, a5, 636
core   0: 3 0x80004e4a (0x27c78f93) x31 0x800220e0
core   0: 0x80004e4e (0x8974ae13) slti    t3, s1, -1897
core   0: 3 0x80004e4e (0x8974ae13) x28 0x00000000
core   0: 0x80004e52 (0x719eb413) sltiu   s0, t4, 1817
core   0: 3 0x80004e52 (0x719eb413) x 8 0x00000000
core   0: 0x80004e56 (0x17f96313) ori     t1, s2, 383
core   0: 3 0x80004e56 (0x17f96313) x 6 0xffffff7f
core   0: 0x80004e5a (0x000a2d33) slt     s10, s4, zero
core   0: 3 0x80004e5a (0x000a2d33) x26 0x00000001
core   0: 0x80004e5e (0x01338933) add     s2, t2, s3
core   0: 3 0x80004e5e (0x01338933) x18 0xea441007
core   0: 0x80004e62 (0xb449a713) slti    a4, s3, -1212
core   0: 3 0x80004e62 (0xb449a713) x14 0x00000001
core   0: 0x80004e66 (0x40e2d513) srai    a0, t0, 14
core   0: 3 0x80004e66 (0x40e2d513) x10 0xffffffff
core   0: 0x80004e6a (0x00e9b233) sltu    tp, s3, a4
core   0: 3 0x80004e6a (0x00e9b233) x 4 0x00000000
core   0: 0x80004e6e (0x004b5833) srl     a6, s6, tp
core   0: 3 0x80004e6e (0x004b5833) x16 0xb2797000
core   0: 0x80004e72 (0x0ff0000f) fence   iorw,iorw
core   0: 3 0x80004e72 (0x0ff0000f)
core   0: 0x80004e76 (0x0000946a) c.add   s0, s10
core   0: 3 0x80004e76 (0x946a) x 8 0x00000001
core   0: 0x80004e78 (0x000099fd) c.andi  a1, -1
core   0: 3 0x80004e78 (0x99fd) x11 0x0779ff10
core   0: 0x80004e7a (0x41450e33) sub     t3, a0, s4
core   0: 3 0x80004e7a (0x41450e33) x28 0x7ffda31b
core   0: 0x80004e7e (0x018d1a93) slli    s5, s10, 24
core   0: 3 0x80004e7e (0x018d1a93) x21 0x01000000
core   0: 0x80004e82 (0x00000001) c.nop
core   0: 3 0x80004e82 (0x0001)
core   0: 0x80004e84 (0xc2ba0613) addi    a2, s4, -981
core   0: 3 0x80004e84 (0xc2ba0613) x12 0x8002590f
core   0: 0x80004e88 (0x028f2d33) mulhsu  s10, t5, s0
core   0: 3 0x80004e88 (0x028f2d33) x26 0x00000000
core   0: 0x80004e8c (0x0082fb63) bgeu    t0, s0, pc + 22
core   0: 3 0x80004e8c (0x0082fb63)
core   0: 0x80004ea2 (0x0000100f) fence.i
core   0: 3 0x80004ea2 (0x0000100f)
core   0: 0x80004ea6 (0x000010fd) c.addi  ra, -1
core   0: 3 0x80004ea6 (0x10fd) x 1 0xfffffffb
core   0: 0x80004ea8 (0x00bb22b3) slt     t0, s6, a1
core   0: 3 0x80004ea8 (0x00bb22b3) x 5 0x00000001
core   0: 0x80004eac (0x01c75493) srli    s1, a4, 28
core   0: 3 0x80004eac (0x01c75493) x 9 0x00000000
core   0: 0x80004eb0 (0x02b73fb3) mulhu   t6, a4, a1
core   0: 3 0x80004eb0 (0x02b73fb3) x31 0x00000000
core   0: 0x80004eb4 (0x57ddd937) lui     s2, 0x57ddd
core   0: 3 0x80004eb4 (0x57ddd937) x18 0x57ddd000
core   0: 0x80004eb8 (0x00000001) c.nop
core   0: 3 0x80004eb8 (0x0001)
core   0: 0x80004eba (0x0127c6b3) xor     a3, a5, s2
core   0: 3 0x80004eba (0x0127c6b3) x13 0xd7dfce64
core   0: 0x80004ebe (0x0374bd33) mulhu   s10, s1, s7
core   0: 3 0x80004ebe (0x0374bd33) x26 0x00000000
core   0: 0x80004ec2 (0x00008e95) c.sub   a3, a3
core   0: 3 0x80004ec2 (0x8e95) x13 0x00000000
core   0: 0x80004ec4 (0x00008189) c.srli  a1, 2
core   0: 3 0x80004ec4 (0x8189) x11 0x01de7fc4
core   0: 0x80004ec6 (0x40bc5e33) sra     t3, s8, a1
core   0: 3 0x80004ec6 (0x40bc5e33) x28 0xffdf3c45
core   0: 0x80004eca (0x0000717d) c.addi16sp sp, -16
core   0: 3 0x80004eca (0x717d) x 2 0x0010000d
core   0: 0x80004ecc (0x0000717d) c.addi16sp sp, -16
core   0: 3 0x80004ecc (0x717d) x 2 0x000ffffd
core   0: 0x80004ece (0x403ed613) srai    a2, t4, 3
core   0: 3 0x80004ece (0x403ed613) x12 0xf64f2e00
core   0: 0x80004ed2 (0x4116db93) srai    s7, a3, 17
core   0: 3 0x80004ed2 (0x4116db93) x23 0x00000000
core   0: 0x80004ed6 (0x03ea8b33) mul     s6, s5, t5
core   0: 3 0x80004ed6 (0x03ea8b33) x22 0x79000000
core   0: 0x80004eda (0x00000542) c.slli  a0, 16
core   0: 3 0x80004eda (0x0542) x10 0xffff0000
core   0: 0x80004edc (0x01db1ab3) sll     s5, s6, t4
core   0: 3 0x80004edc (0x01db1ab3) x21 0x79000000
core   0: 0x80004ee0 (0x0000e51d) c.bnez  a0, pc + 46
core   0: 3 0x80004ee0 (0xe51d)
core   0: 0x80004f0e (0x0385e3b3) rem     t2, a1, s8
core   0: 3 0x80004f0e (0x0385e3b3) x 7 0x01de7fc4
core   0: 0x80004f12 (0xd039fc93) andi    s9, s3, -765
core   0: 3 0x80004f12 (0xd039fc93) x25 0xea441000
core   0: 0x80004f16 (0x00000b61) c.addi  s6, 24
core   0: 3 0x80004f16 (0x0b61) x22 0x79000018
core   0: 0x80004f18 (0x00008df9) c.and   a1, a4
core   0: 3 0x80004f18 (0x8df9) x11 0x00000000
core   0: 0x80004f1a (0x00008dd9) c.or    a1, a4
core   0: 3 0x80004f1a (0x8dd9) x11 0x00000001
core   0: 0x80004f1c (0x0000100f) fence.i
core   0: 3 0x80004f1c (0x0000100f)
core   0: 0x80004f20 (0x00cb5813) srli    a6, s6, 12
core   0: 3 0x80004f20 (0x00cb5813) x16 0x00079000
core   0: 0x80004f24 (0x00008d05) c.sub   a0, s1
core   0: 3 0x80004f24 (0x8d05) x10 0xffff0000
core   0: 0x80004f26 (0x03f83733) mulhu   a4, a6, t6
core   0: 3 0x80004f26 (0x03f83733) x14 0x00000000
core   0: 0x80004f2a (0x7b6e3693) sltiu   a3, t3, 1974
core   0: 3 0x80004f2a (0x7b6e3693) x13 0x00000000
core   0: 0x80004f2e (0x032be5b3) rem     a1, s7, s2
core   0: 3 0x80004f2e (0x032be5b3) x11 0x00000000
core   0: 0x80004f32 (0x00008ee9) c.and   a3, a0
core   0: 3 0x80004f32 (0x8ee9) x13 0x00000000
core   0: 0x80004f34 (0x000041d5) c.li    gp, 21
core   0: 3 0x80004f34 (0x41d5) x 3 0x00000015
core   0: 0x80004f36 (0x03e63433) mulhu   s0, a2, t5
core   0: 3 0x80004f36 (0x03e63433) x 8 0x00000730
core   0: 0x80004f3a (0x01e65393) srli    t2, a2, 30
core   0: 3 0x80004f3a (0x01e65393) x 7 0x00000003
core   0: 0x80004f3e (0x0ff0000f) fence   iorw,iorw
core   0: 3 0x80004f3e (0x0ff0000f)
core   0: 0x80004f42 (0x0000587d) c.li    a6, -1
core   0: 3 0x80004f42 (0x587d) x16 0xffffffff
core   0: 0x80004f44 (0x0103b3b3) sltu    t2, t2, a6
core   0: 3 0x80004f44 (0x0103b3b3) x 7 0x00000001
core   0: 0x80004f48 (0xf300b013) sltiu   zero, ra, -208
core   0: 3 0x80004f48 (0xf300b013)
core   0: 0x80004f4c (0x00008689) c.srai  a3, 2
core   0: 3 0x80004f4c (0x8689) x13 0x00000000
core   0: 0x80004f4e (0xa67a4593) xori    a1, s4, -1433
core   0: 3 0x80004f4e (0xa67a4593) x11 0x7ffda683
core   0: 0x80004f52 (0x0000c715) c.beqz  a4, pc + 44
core   0: 3 0x80004f52 (0xc715)
core   0: 0x80004f7e (0x00000b46) c.slli  s6, 17
core   0: 3 0x80004f7e (0x0b46) x22 0x00300000
core   0: 0x80004f80 (0x01f26133) or      sp, tp, t6
core   0: 3 0x80004f80 (0x01f26133) x 2 0x00000000
core   0: 0x80004f84 (0x0000e41d) c.bnez  s0, pc + 46
core   0: 3 0x80004f84 (0xe41d)
core   0: 0x80004fb2 (0x00009ef2) c.add   t4, t3
core   0: 3 0x80004fb2 (0x9ef2) x29 0xb258ac45
core   0: 0x80004fb4 (0x02da98b3) mulh    a7, s5, a3
core   0: 3 0x80004fb4 (0x02da98b3) x17 0x00000000
core   0: 0x80004fb8 (0x00001dfd) c.addi  s11, -1
core   0: 3 0x80004fb8 (0x1dfd) x27 0xb2796fff
core   0: 0x80004fba (0xc7ee2413) slti    s0, t3, -898
core   0: 3 0x80004fba (0xc7ee2413) x 8 0x00000001
core   0: 0x80004fbe (0x02f60e63) beq     a2, a5, pc + 60
core   0: 3 0x80004fbe (0x02f60e63)
core   0: 0x80004fc2 (0x00008e2d) c.xor   a2, a1
core   0: 3 0x80004fc2 (0x8e2d) x12 0x89b28883
core   0: 0x80004fc4 (0x000089f1) c.andi  a1, 28
core   0: 3 0x80004fc4 (0x89f1) x11 0x00000000
core   0: 0x80004fc6 (0x00008335) c.srli  a4, 13
core   0: 3 0x80004fc6 (0x8335) x14 0x00000000
core   0: 0x80004fc8 (0x8fdb2c97) auipc   s9, 0x8fdb2
core   0: 3 0x80004fc8 (0x8fdb2c97) x25 0x0fdb6fc8
core   0: 0x80004fcc (0x0337c933) div     s2, a5, s3
core   0: 3 0x80004fcc (0x0337c933) x18 0x00000005
core   0: 0x80004fd0 (0x0361feb3) remu    t4, gp, s6
core   0: 3 0x80004fd0 (0x0361feb3) x29 0x00000015
core   0: 0x80004fd4 (0x00004d89) c.li    s11, 2
core   0: 3 0x80004fd4 (0x4d89) x27 0x00000002
core   0: 0x80004fd6 (0x00000ede) c.slli  t4, 23
core   0: 3 0x80004fd6 (0x0ede) x29 0x0a800000
core   0: 0x80004fd8 (0x406d86b3) sub     a3, s11, t1
core   0: 3 0x80004fd8 (0x406d86b3) x13 0x00000083
core   0: 0x80004fdc (0x003d9d33) sll     s10, s11, gp
core   0: 3 0x80004fdc (0x003d9d33) x26 0x00400000
core   0: 0x80004fe0 (0xab3e4f93) xori    t6, t3, -1357
core   0: 3 0x80004fe0 (0xab3e4f93) x31 0x0020c6f6
core   0: 0x80004fe4 (0x00000a14) c.addi4spn a3, sp, 272
core   0: 3 0x80004fe4 (0x0a14) x13 0x00000110
core   0: 0x80004fe6 (0x028f7d33) remu    s10, t5, s0
core   0: 3 0x80004fe6 (0x028f7d33) x26 0x00000000
core   0: 0x80004fea (0xd60ccb13) xori    s6, s9, -672
core   0: 3 0x80004fea (0xd60ccb13) x22 0xf02492a8
core   0: 0x80004fee (0x000084d9) c.srai  s1, 22
core   0: 3 0x80004fee (0x84d9) x 9 0x00000000
core   0: 0x80004ff0 (0x00008c2d) c.xor   s0, a1
core   0: 3 0x80004ff0 (0x8c2d) x 8 0x00000001
core   0: 0x80004ff2 (0x0000717d) c.addi16sp sp, -16
core   0: 3 0x80004ff2 (0x717d) x 2 0xfffffff0
core   0: 0x80004ff4 (0x027bad33) mulhsu  s10, s7, t2
core   0: 3 0x80004ff4 (0x027bad33) x26 0x00000000
core   0: 0x80004ff8 (0x0000ce89) c.beqz  a3, pc + 26
core   0: 3 0x80004ff8 (0xce89)
core   0: 0x80004ffa (0x02140563) beq     s0, ra, pc + 42
core   0: 3 0x80004ffa (0x02140563)
core   0: 0x80004ffe (0x01087663) bgeu    a6, a6, pc + 12
core   0: 3 0x80004ffe (0x01087663)
core   0: 0x8000500a (0x83cdf813) andi    a6, s11, -1988
core   0: 3 0x8000500a (0x83cdf813) x16 0x00000000
core   0: 0x8000500e (0x0002c9b3) xor     s3, t0, zero
core   0: 3 0x8000500e (0x0002c9b3) x19 0x00000001
core   0: 0x80005012 (0xbf6bfb17) auipc   s6, 0xbf6bf
core   0: 3 0x80005012 (0xbf6bfb17) x22 0x3f6c4012
core   0: 0x80005016 (0x000060c9) c.lui   ra, 0x12
core   0: 3 0x80005016 (0x60c9) x 1 0x00012000
core   0: 0x80005018 (0x001f7133) and     sp, t5, ra
core   0: 3 0x80005018 (0x001f7133) x 2 0x00000000
core   0: 0x8000501c (0x0ba56d37) lui     s10, 0xba56
core   0: 3 0x8000501c (0x0ba56d37) x26 0x0ba56000
core   0: 0x80005020 (0xc2aa4c93) xori    s9, s4, -982
core   0: 3 0x80005020 (0xc2aa4c93) x25 0x7ffda0ce
core   0: 0x80005024 (0x40d85713) srai    a4, a6, 13
core   0: 3 0x80005024 (0x40d85713) x14 0x00000000
core   0: 0x80005028 (0x6e97e813) ori     a6, a5, 1769
core   0: 3 0x80005028 (0x6e97e813) x16 0x80021eed
core   0: 0x8000502c (0x0000e701) c.bnez  a4, pc + 8
core   0: 3 0x8000502c (0xe701)
core   0: 0x8000502e (0x1e4fff93) andi    t6, t6, 484
core   0: 3 0x8000502e (0x1e4fff93) x31 0x000000e4
core   0: 0x80005032 (0x0000e49d) c.bnez  s1, pc + 46
core   0: 3 0x80005032 (0xe49d)
core   0: 0x80005034 (0x03c281b3) mul     gp, t0, t3
core   0: 3 0x80005034 (0x03c281b3) x 3 0xffdf3c45
core   0: 0x80005038 (0x01c3aeb3) slt     t4, t2, t3
core   0: 3 0x80005038 (0x01c3aeb3) x29 0x00000000
core   0: 0x8000503c (0x015c9ab3) sll     s5, s9, s5
core   0: 3 0x8000503c (0x015c9ab3) x21 0x7ffda0ce
core   0: 0x80005040 (0x00606b33) or      s6, zero, t1
core   0: 3 0x80005040 (0x00606b33) x22 0xffffff7f
core   0: 0x80005044 (0x00008065) c.srli  s0, 25
core   0: 3 0x80005044 (0x8065) x 8 0x00000000
core   0: 0x80005046 (0x00001290) c.addi4spn a2, sp, 352
core   0: 3 0x80005046 (0x1290) x12 0x00000160
core   0: 0x80005048 (0x00e26d33) or      s10, tp, a4
core   0: 3 0x80005048 (0x00e26d33) x26 0x00000000
core   0: 0x8000504c (0x015b4533) xor     a0, s6, s5
core   0: 3 0x8000504c (0x015b4533) x10 0x80025fb1
core   0: 0x80005050 (0xc0245717) auipc   a4, 0xc0245
core   0: 3 0x80005050 (0xc0245717) x14 0x4024a050
core   0: 0x80005054 (0x0000100f) fence.i
core   0: 3 0x80005054 (0x0000100f)
core   0: 0x80005058 (0x00008da5) c.xor   a1, s1
core   0: 3 0x80005058 (0x8da5) x11 0x00000000
core   0: 0x8000505a (0x00000001) c.nop
core   0: 3 0x8000505a (0x0001)
core   0: 0x8000505c (0x1f37d337) lui     t1, 0x1f37d
core   0: 3 0x8000505c (0x1f37d337) x 6 0x1f37d000
core   0: 0x80005060 (0x01eceb33) or      s6, s9, t5
core   0: 3 0x80005060 (0x01eceb33) x22 0x7ffda7ff
core   0: 0x80005064 (0x019b9cb3) sll     s9, s7, s9
core   0: 3 0x80005064 (0x019b9cb3) x25 0x00000000
core   0: 0x80005068 (0x00008d15) c.sub   a0, a3
core   0: 3 0x80005068 (0x8d15) x10 0x80025ea1
core   0: 0x8000506a (0x00009f6e) c.add   t5, s11
core   0: 3 0x8000506a (0x9f6e) x30 0x0000077b
core   0: 0x8000506c (0x018b9513) slli    a0, s7, 24
core   0: 3 0x8000506c (0x018b9513) x10 0x00000000
core   0: 0x80005070 (0xffe00d93) li      s11, -2
core   0: 3 0x80005070 (0xffe00d93) x27 0xfffffffe
core   0: 0x80005074 (0x00000841) c.addi  a6, 16
core   0: 3 0x80005074 (0x0841) x16 0x80021efd
core   0: 0x80005076 (0x00008de5) c.and   a1, s1
core   0: 3 0x80005076 (0x8de5) x11 0x00000000
core   0: 0x80005078 (0x01a0cf33) xor     t5, ra, s10
core   0: 3 0x80005078 (0x01a0cf33) x30 0x00012000
core   0: 0x8000507c (0xffa00693) li      a3, -6
core   0: 3 0x8000507c (0xffa00693) x13 0xfffffffa
core   0: 0x80005080 (0x9d893a93) sltiu   s5, s2, -1576
core   0: 3 0x80005080 (0x9d893a93) x21 0x00000001
core   0: 0x80005084 (0x02c8e833) rem     a6, a7, a2
core   0: 3 0x80005084 (0x02c8e833) x16 0x00000000
core   0: 0x80005088 (0x00008da5) c.xor   a1, s1
core   0: 3 0x80005088 (0x8da5) x11 0x00000000
core   0: 0x8000508a (0x000002d2) c.slli  t0, 20
core   0: 3 0x8000508a (0x02d2) x 5 0x00100000
core   0: 0x8000508c (0x03baa9b3) mulhsu  s3, s5, s11
core   0: 3 0x8000508c (0x03baa9b3) x19 0x00000000
core   0: 0x80005090 (0x00001df9) c.addi  s11, -2
core   0: 3 0x80005090 (0x1df9) x27 0xfffffffc
core   0: 0x80005092 (0xff700713) li      a4, -9
core   0: 3 0x80005092 (0xff700713) x14 0xfffffff7
core   0: 0x80005096 (0x000098fd) c.andi  s1, -1
core   0: 3 0x80005096 (0x98fd) x 9 0x00000000
core   0: 0x80005098 (0x404d5d13) srai    s10, s10, 4
core   0: 3 0x80005098 (0x404d5d13) x26 0x00000000
core   0: 0x8000509c (0xb4ea0cb7) lui     s9, 0xb4ea0
core   0: 3 0x8000509c (0xb4ea0cb7) x25 0xb4ea0000
core   0: 0x800050a0 (0x000080b1) c.srli  s1, 12
core   0: 3 0x800050a0 (0x80b1) x 9 0x00000000
core   0: 0x800050a2 (0x00000001) c.nop
core   0: 3 0x800050a2 (0x0001)
core   0: 0x800050a4 (0x00000001) c.nop
core   0: 3 0x800050a4 (0x0001)
core   0: 0x800050a6 (0x10573393) sltiu   t2, a4, 261
core   0: 3 0x800050a6 (0x10573393) x 7 0x00000000
core   0: 0x800050aa (0x00000705) c.addi  a4, 1
core   0: 3 0x800050aa (0x0705) x14 0xfffffff8
core   0: 0x800050ac (0xfb837093) andi    ra, t1, -72
core   0: 3 0x800050ac (0xfb837093) x 1 0x1f37d000
core   0: 0x800050b0 (0x0000fb7d) c.bnez  a4, pc - 10
core   0: 3 0x800050b0 (0xfb7d)
core   0: 0x800050a6 (0x10573393) sltiu   t2, a4, 261
core   0: 3 0x800050a6 (0x10573393) x 7 0x00000000
core   0: 0x800050aa (0x00000705) c.addi  a4, 1
core   0: 3 0x800050aa (0x0705) x14 0xfffffff9
core   0: 0x800050ac (0xfb837093) andi    ra, t1, -72
core   0: 3 0x800050ac (0xfb837093) x 1 0x1f37d000
core   0: 0x800050b0 (0x0000fb7d) c.bnez  a4, pc - 10
core   0: 3 0x800050b0 (0xfb7d)
core   0: 0x800050a6 (0x10573393) sltiu   t2, a4, 261
core   0: 3 0x800050a6 (0x10573393) x 7 0x00000000
core   0: 0x800050aa (0x00000705) c.addi  a4, 1
core   0: 3 0x800050aa (0x0705) x14 0xfffffffa
core   0: 0x800050ac (0xfb837093) andi    ra, t1, -72
core   0: 3 0x800050ac (0xfb837093) x 1 0x1f37d000
core   0: 0x800050b0 (0x0000fb7d) c.bnez  a4, pc - 10
core   0: 3 0x800050b0 (0xfb7d)
core   0: 0x800050a6 (0x10573393) sltiu   t2, a4, 261
core   0: 3 0x800050a6 (0x10573393) x 7 0x00000000
core   0: 0x800050aa (0x00000705) c.addi  a4, 1
core   0: 3 0x800050aa (0x0705) x14 0xfffffffb
core   0: 0x800050ac (0xfb837093) andi    ra, t1, -72
core   0: 3 0x800050ac (0xfb837093) x 1 0x1f37d000
core   0: 0x800050b0 (0x0000fb7d) c.bnez  a4, pc - 10
core   0: 3 0x800050b0 (0xfb7d)
core   0: 0x800050a6 (0x10573393) sltiu   t2, a4, 261
core   0: 3 0x800050a6 (0x10573393) x 7 0x00000000
core   0: 0x800050aa (0x00000705) c.addi  a4, 1
core   0: 3 0x800050aa (0x0705) x14 0xfffffffc
core   0: 0x800050ac (0xfb837093) andi    ra, t1, -72
core   0: 3 0x800050ac (0xfb837093) x 1 0x1f37d000
core   0: 0x800050b0 (0x0000fb7d) c.bnez  a4, pc - 10
core   0: 3 0x800050b0 (0xfb7d)
core   0: 0x800050a6 (0x10573393) sltiu   t2, a4, 261
core   0: 3 0x800050a6 (0x10573393) x 7 0x00000000
core   0: 0x800050aa (0x00000705) c.addi  a4, 1
core   0: 3 0x800050aa (0x0705) x14 0xfffffffd
core   0: 0x800050ac (0xfb837093) andi    ra, t1, -72
core   0: 3 0x800050ac (0xfb837093) x 1 0x1f37d000
core   0: 0x800050b0 (0x0000fb7d) c.bnez  a4, pc - 10
core   0: 3 0x800050b0 (0xfb7d)
core   0: 0x800050a6 (0x10573393) sltiu   t2, a4, 261
core   0: 3 0x800050a6 (0x10573393) x 7 0x00000000
core   0: 0x800050aa (0x00000705) c.addi  a4, 1
core   0: 3 0x800050aa (0x0705) x14 0xfffffffe
core   0: 0x800050ac (0xfb837093) andi    ra, t1, -72
core   0: 3 0x800050ac (0xfb837093) x 1 0x1f37d000
core   0: 0x800050b0 (0x0000fb7d) c.bnez  a4, pc - 10
core   0: 3 0x800050b0 (0xfb7d)
core   0: 0x800050a6 (0x10573393) sltiu   t2, a4, 261
core   0: 3 0x800050a6 (0x10573393) x 7 0x00000000
core   0: 0x800050aa (0x00000705) c.addi  a4, 1
core   0: 3 0x800050aa (0x0705) x14 0xffffffff
core   0: 0x800050ac (0xfb837093) andi    ra, t1, -72
core   0: 3 0x800050ac (0xfb837093) x 1 0x1f37d000
core   0: 0x800050b0 (0x0000fb7d) c.bnez  a4, pc - 10
core   0: 3 0x800050b0 (0xfb7d)
core   0: 0x800050a6 (0x10573393) sltiu   t2, a4, 261
core   0: 3 0x800050a6 (0x10573393) x 7 0x00000000
core   0: 0x800050aa (0x00000705) c.addi  a4, 1
core   0: 3 0x800050aa (0x0705) x14 0x00000000
core   0: 0x800050ac (0xfb837093) andi    ra, t1, -72
core   0: 3 0x800050ac (0xfb837093) x 1 0x1f37d000
core   0: 0x800050b0 (0x0000fb7d) c.bnez  a4, pc - 10
core   0: 3 0x800050b0 (0xfb7d)
core   0: 0x800050b2 (0x24691e37) lui     t3, 0x24691
core   0: 3 0x800050b2 (0x24691e37) x28 0x24691000
core   0: 0x800050b6 (0xfcdd87e3) beq     s11, a3, pc - 50
core   0: 3 0x800050b6 (0xfcdd87e3)
core   0: 0x800050ba (0x00000001) c.nop
core   0: 3 0x800050ba (0x0001)
core   0: 0x800050bc (0x01454663) blt     a0, s4, pc + 12
core   0: 3 0x800050bc (0x01454663)
core   0: 0x800050c0 (0x0092d413) srli    s0, t0, 9
core   0: 3 0x800050c0 (0x0092d413) x 8 0x00000800
core   0: 0x800050c4 (0x03d24e33) div     t3, tp, t4
core   0: 3 0x800050c4 (0x03d24e33) x28 0xffffffff
core   0: 0x800050c8 (0x038d1733) mulh    a4, s10, s8
core   0: 3 0x800050c8 (0x038d1733) x14 0x00000000
core   0: 0x800050cc (0x40a08d33) sub     s10, ra, a0
core   0: 3 0x800050cc (0x40a08d33) x26 0x1f37d000
core   0: 0x800050d0 (0x00008d61) c.and   a0, s0
core   0: 3 0x800050d0 (0x8d61) x10 0x00000000
core   0: 0x800050d2 (0x0000100f) fence.i
core   0: 3 0x800050d2 (0x0000100f)
core   0: 0x800050d6 (0x00dd7ab3) and     s5, s10, a3
core   0: 3 0x800050d6 (0x00dd7ab3) x21 0x1f37d000
core   0: 0x800050da (0x0000987d) c.andi  s0, -1
core   0: 3 0x800050da (0x987d) x 8 0x00000800
core   0: 0x800050dc (0x055a7263) bgeu    s4, s5, pc + 68
core   0: 3 0x800050dc (0x055a7263)
core   0: 0x80005120 (0x03b1e5b3) rem     a1, gp, s11
core   0: 3 0x80005120 (0x03b1e5b3) x11 0xfffffffd
core   0: 0x80005124 (0x9ef47a93) andi    s5, s0, -1553
core   0: 3 0x80005124 (0x9ef47a93) x21 0x00000800
core   0: 0x80005128 (0x03000163) beq     zero, a6, pc + 34
core   0: 3 0x80005128 (0x03000163)
core   0: 0x8000514a (0x03460863) beq     a2, s4, pc + 48
core   0: 3 0x8000514a (0x03460863)
core   0: 0x8000514e (0x01fd2833) slt     a6, s10, t6
core   0: 3 0x8000514e (0x01fd2833) x16 0x00000000
core   0: 0x80005152 (0xc7af3b17) auipc   s6, 0xc7af3
core   0: 3 0x80005152 (0xc7af3b17) x22 0x47af8152
core   0: 0x80005156 (0x00219863) bne     gp, sp, pc + 16
core   0: 3 0x80005156 (0x00219863)
core   0: 0x80005166 (0x000084f9) c.srai  s1, 30
core   0: 3 0x80005166 (0x84f9) x 9 0x00000000
core   0: 0x80005168 (0x3c797713) andi    a4, s2, 967
core   0: 3 0x80005168 (0x3c797713) x14 0x00000005
core   0: 0x8000516c (0x0000875a) c.mv    a4, s6
core   0: 3 0x8000516c (0x875a) x14 0x47af8152
core   0: 0x8000516e (0x0ff0000f) fence   iorw,iorw
core   0: 3 0x8000516e (0x0ff0000f)
core   0: 0x80005172 (0x0000198c) c.addi4spn a1, sp, 240
core   0: 3 0x80005172 (0x198c) x11 0x000000f0
core   0: 0x80005174 (0x00008d69) c.and   a0, a0
core   0: 3 0x80005174 (0x8d69) x10 0x00000000
core   0: 0x80005176 (0x01ce5c93) srli    s9, t3, 28
core   0: 3 0x80005176 (0x01ce5c93) x25 0x0000000f
core   0: 0x8000517a (0x0000486d) c.li    a6, 27
core   0: 3 0x8000517a (0x486d) x16 0x0000001b
core   0: 0x8000517c (0x000089d9) c.andi  a1, 22
core   0: 3 0x8000517c (0x89d9) x11 0x00000010
core   0: 0x8000517e (0x0000915a) c.add   sp, s6
core   0: 3 0x8000517e (0x915a) x 2 0x47af8152
core   0: 0x80005180 (0x028c4db3) div     s11, s8, s0
core   0: 3 0x80005180 (0x028c4db3) x27 0xffffbe79
core   0: 0x80005184 (0x01521b63) bne     tp, s5, pc + 22
core   0: 3 0x80005184 (0x01521b63)
core   0: 0x8000519a (0x01811893) slli    a7, sp, 24
core   0: 3 0x8000519a (0x01811893) x17 0x52000000
core   0: 0x8000519e (0x039c2633) mulhsu  a2, s8, s9
core   0: 3 0x8000519e (0x039c2633) x12 0xffffffff
core   0: 0x800051a2 (0x0000100f) fence.i
core   0: 3 0x800051a2 (0x0000100f)
core   0: 0x800051a6 (0x0000078c) c.addi4spn a1, sp, 960
core   0: 3 0x800051a6 (0x078c) x11 0x47af8512
core   0: 0x800051a8 (0x011db5b3) sltu    a1, s11, a7
core   0: 3 0x800051a8 (0x011db5b3) x11 0x00000000
core   0: 0x800051ac (0x03fd6863) bltu    s10, t6, pc + 48
core   0: 3 0x800051ac (0x03fd6863)
core   0: 0x800051b0 (0x0000100f) fence.i
core   0: 3 0x800051b0 (0x0000100f)
core   0: 0x800051b4 (0x00008df1) c.and   a1, a2
core   0: 3 0x800051b4 (0x8df1) x11 0x00000000
core   0: 0x800051b6 (0x41bf5b93) srai    s7, t5, 27
core   0: 3 0x800051b6 (0x41bf5b93) x23 0x00000000
core   0: 0x800051ba (0xda872a93) slti    s5, a4, -600
core   0: 3 0x800051ba (0xda872a93) x21 0x00000000
core   0: 0x800051be (0x0375d933) divu    s2, a1, s7
core   0: 3 0x800051be (0x0375d933) x18 0xffffffff
core   0: 0x800051c2 (0x00309fb3) sll     t6, ra, gp
core   0: 3 0x800051c2 (0x00309fb3) x31 0xe6fa0000
core   0: 0x800051c6 (0x01e94b63) blt     s2, t5, pc + 22
core   0: 3 0x800051c6 (0x01e94b63)
core   0: 0x800051dc (0x00fecb33) xor     s6, t4, a5
core   0: 3 0x800051dc (0x00fecb33) x22 0x80021e64
core   0: 0x800051e0 (0x00008e81) c.sub   a3, s0
core   0: 3 0x800051e0 (0x8e81) x13 0xfffff7fa
core   0: 0x800051e2 (0x0ff0000f) fence   iorw,iorw
core   0: 3 0x800051e2 (0x0ff0000f)
core   0: 0x800051e6 (0x03f71db3) mulh    s11, a4, t6
core   0: 3 0x800051e6 (0x03f71db3) x27 0xf8fe2e41
core   0: 0x800051ea (0x00009a8a) c.add   s5, sp
core   0: 3 0x800051ea (0x9a8a) x21 0x47af8152
core   0: 0x800051ec (0x00bcd893) srli    a7, s9, 11
core   0: 3 0x800051ec (0x00bcd893) x17 0x00000000
core   0: 0x800051f0 (0x000086f5) c.srai  a3, 29
core   0: 3 0x800051f0 (0x86f5) x13 0xffffffff
core   0: 0x800051f2 (0x0000c609) c.beqz  a2, pc + 10
core   0: 3 0x800051f2 (0xc609)
core   0: 0x800051f4 (0x41d6d713) srai    a4, a3, 29
core   0: 3 0x800051f4 (0x41d6d713) x14 0xffffffff
core   0: 0x800051f8 (0x00006255) c.lui   tp, 0x15
core   0: 3 0x800051f8 (0x6255) x 4 0x00015000
core   0: 0x800051fa (0x00008ed5) c.or    a3, a3
core   0: 3 0x800051fa (0x8ed5) x13 0xffffffff
core   0: 0x800051fc (0x026f5fb3) divu    t6, t5, t1
core   0: 3 0x800051fc (0x026f5fb3) x31 0x00000000
core   0: 0x80005200 (0x00008f2d) c.xor   a4, a1
core   0: 3 0x80005200 (0x8f2d) x14 0xffffffff
core   0: 0x80005202 (0x0ff0000f) fence   iorw,iorw
core   0: 3 0x80005202 (0x0ff0000f)
core   0: 0x80005206 (0x01134533) xor     a0, t1, a7
core   0: 3 0x80005206 (0x01134533) x10 0x1f37d000
core   0: 0x8000520a (0x03842733) mulhsu  a4, s0, s8
core   0: 3 0x8000520a (0x03842733) x14 0x000007ef
core   0: 0x8000520e (0x00e1e563) bltu    gp, a4, pc + 10
core   0: 3 0x8000520e (0x00e1e563)
core   0: 0x80005212 (0x1b00c413) xori    s0, ra, 432
core   0: 3 0x80005212 (0x1b00c413) x 8 0x1f37d1b0
core   0: 0x80005216 (0x000061e5) c.lui   gp, 0x19
core   0: 3 0x80005216 (0x61e5) x 3 0x00019000
core   0: 0x80005218 (0x007c5633) srl     a2, s8, t2
core   0: 3 0x80005218 (0x007c5633) x12 0xfdf3c45b
core   0: 0x8000521c (0x00625d33) srl     s10, tp, t1
core   0: 3 0x8000521c (0x00625d33) x26 0x00015000
core   0: 0x80005220 (0x00001d88) c.addi4spn a0, sp, 752
core   0: 3 0x80005220 (0x1d88) x10 0x47af8442
core   0: 0x80005222 (0x02bc4e33) div     t3, s8, a1
core   0: 3 0x80005222 (0x02bc4e33) x28 0xffffffff
core   0: 0x80005226 (0x01165913) srli    s2, a2, 17
core   0: 3 0x80005226 (0x01165913) x18 0x00007ef9
core   0: 0x8000522a (0x00001cfd) c.addi  s9, -1
core   0: 3 0x8000522a (0x1cfd) x25 0x0000000e
core   0: 0x8000522c (0x0000cc09) c.beqz  s0, pc + 26
core   0: 3 0x8000522c (0xcc09)
core   0: 0x8000522e (0x02ce39b3) mulhu   s3, t3, a2
core   0: 3 0x8000522e (0x02ce39b3) x19 0xfdf3c45a
core   0: 0x80005232 (0x035393b3) mulh    t2, t2, s5
core   0: 3 0x80005232 (0x035393b3) x 7 0x00000000
core   0: 0x80005236 (0x0320be33) mulhu   t3, ra, s2
core   0: 3 0x80005236 (0x0320be33) x28 0x00000f7b
core   0: 0x8000523a (0x01582433) slt     s0, a6, s5
core   0: 3 0x8000523a (0x01582433) x 8 0x00000001
core   0: 0x8000523e (0x0000100f) fence.i
core   0: 3 0x8000523e (0x0000100f)
core   0: 0x80005242 (0x00d3fd33) and     s10, t2, a3
core   0: 3 0x80005242 (0x00d3fd33) x26 0x00000000
core   0: 0x80005246 (0x01b5d9b3) srl     s3, a1, s11
core   0: 3 0x80005246 (0x01b5d9b3) x19 0x00000000
core   0: 0x8000524a (0x03dadd33) divu    s10, s5, t4
core   0: 3 0x8000524a (0x03dadd33) x26 0xffffffff
core   0: 0x8000524e (0xffa00693) li      a3, -6
core   0: 3 0x8000524e (0xffa00693) x13 0xfffffffa
core   0: 0x80005252 (0x00001698) c.addi4spn a4, sp, 864
core   0: 3 0x80005252 (0x1698) x14 0x47af84b2
core   0: 0x80005254 (0x01af5413) srli    s0, t5, 26
core   0: 3 0x80005254 (0x01af5413) x 8 0x00000000
core   0: 0x80005258 (0x017b22b3) slt     t0, s6, s7
core   0: 3 0x80005258 (0x017b22b3) x 5 0x00000001
core   0: 0x8000525c (0x02879633) mulh    a2, a5, s0
core   0: 3 0x8000525c (0x02879633) x12 0x00000000
core   0: 0x80005260 (0x00000001) c.nop
core   0: 3 0x80005260 (0x0001)
core   0: 0x80005262 (0x00b9c933) xor     s2, s3, a1
core   0: 3 0x80005262 (0x00b9c933) x18 0x00000000
core   0: 0x80005266 (0x00f37bb3) and     s7, t1, a5
core   0: 3 0x80005266 (0x00f37bb3) x23 0x00021000
core   0: 0x8000526a (0x9ab00d17) auipc   s10, 0x9ab00
core   0: 3 0x8000526a (0x9ab00d17) x26 0x1ab0526a
core   0: 0x8000526e (0x292f2713) slti    a4, t5, 658
core   0: 3 0x8000526e (0x292f2713) x14 0x00000000
core   0: 0x80005272 (0x00008bee) c.mv    s7, s11
core   0: 3 0x80005272 (0x8bee) x23 0xf8fe2e41
core   0: 0x80005274 (0x00000689) c.addi  a3, 2
core   0: 3 0x80005274 (0x0689) x13 0xfffffffc
core   0: 0x80005276 (0x0000100f) fence.i
core   0: 3 0x80005276 (0x0000100f)
core   0: 0x8000527a (0x00400513) li      a0, 4
core   0: 3 0x8000527a (0x00400513) x10 0x00000004
core   0: 0x8000527e (0xafc70413) addi    s0, a4, -1284
core   0: 3 0x8000527e (0xafc70413) x 8 0xfffffafc
core   0: 0x80005282 (0xfee00193) li      gp, -18
core   0: 3 0x80005282 (0xfee00193) x 3 0xffffffee
core   0: 0x80005286 (0x01adfcb3) and     s9, s11, s10
core   0: 3 0x80005286 (0x01adfcb3) x25 0x18b00240
core   0: 0x8000528a (0x00000d2a) c.slli  s10, 10
core   0: 3 0x8000528a (0x0d2a) x26 0xc149a800
core   0: 0x8000528c (0x0353e833) rem     a6, t2, s5
core   0: 3 0x8000528c (0x0353e833) x16 0x00000000
core   0: 0x80005290 (0x00008b19) c.andi  a4, 6
core   0: 3 0x80005290 (0x8b19) x14 0x00000000
core   0: 0x80005292 (0xe5b4c113) xori    sp, s1, -421
core   0: 3 0x80005292 (0xe5b4c113) x 2 0xfffffe5b
core   0: 0x80005296 (0x00001565) c.addi  a0, -7
core   0: 3 0x80005296 (0x1565) x10 0xfffffffd
core   0: 0x80005298 (0x03d9b233) mulhu   tp, s3, t4
core   0: 3 0x80005298 (0x03d9b233) x 4 0x00000000
core   0: 0x8000529c (0x03554db3) div     s11, a0, s5
core   0: 3 0x8000529c (0x03554db3) x27 0x00000000
core   0: 0x800052a0 (0x4008d433) sra     s0, a7, zero
core   0: 3 0x800052a0 (0x4008d433) x 8 0x00000000
core   0: 0x800052a4 (0xfe3556e3) bge     a0, gp, pc - 20
core   0: 3 0x800052a4 (0xfe3556e3)
core   0: 0x80005290 (0x00008b19) c.andi  a4, 6
core   0: 3 0x80005290 (0x8b19) x14 0x00000000
core   0: 0x80005292 (0xe5b4c113) xori    sp, s1, -421
core   0: 3 0x80005292 (0xe5b4c113) x 2 0xfffffe5b
core   0: 0x80005296 (0x00001565) c.addi  a0, -7
core   0: 3 0x80005296 (0x1565) x10 0xfffffff6
core   0: 0x80005298 (0x03d9b233) mulhu   tp, s3, t4
core   0: 3 0x80005298 (0x03d9b233) x 4 0x00000000
core   0: 0x8000529c (0x03554db3) div     s11, a0, s5
core   0: 3 0x8000529c (0x03554db3) x27 0x00000000
core   0: 0x800052a0 (0x4008d433) sra     s0, a7, zero
core   0: 3 0x800052a0 (0x4008d433) x 8 0x00000000
core   0: 0x800052a4 (0xfe3556e3) bge     a0, gp, pc - 20
core   0: 3 0x800052a4 (0xfe3556e3)
core   0: 0x80005290 (0x00008b19) c.andi  a4, 6
core   0: 3 0x80005290 (0x8b19) x14 0x00000000
core   0: 0x80005292 (0xe5b4c113) xori    sp, s1, -421
core   0: 3 0x80005292 (0xe5b4c113) x 2 0xfffffe5b
core   0: 0x80005296 (0x00001565) c.addi  a0, -7
core   0: 3 0x80005296 (0x1565) x10 0xffffffef
core   0: 0x80005298 (0x03d9b233) mulhu   tp, s3, t4
core   0: 3 0x80005298 (0x03d9b233) x 4 0x00000000
core   0: 0x8000529c (0x03554db3) div     s11, a0, s5
core   0: 3 0x8000529c (0x03554db3) x27 0x00000000
core   0: 0x800052a0 (0x4008d433) sra     s0, a7, zero
core   0: 3 0x800052a0 (0x4008d433) x 8 0x00000000
core   0: 0x800052a4 (0xfe3556e3) bge     a0, gp, pc - 20
core   0: 3 0x800052a4 (0xfe3556e3)
core   0: 0x80005290 (0x00008b19) c.andi  a4, 6
core   0: 3 0x80005290 (0x8b19) x14 0x00000000
core   0: 0x80005292 (0xe5b4c113) xori    sp, s1, -421
core   0: 3 0x80005292 (0xe5b4c113) x 2 0xfffffe5b
core   0: 0x80005296 (0x00001565) c.addi  a0, -7
core   0: 3 0x80005296 (0x1565) x10 0xffffffe8
core   0: 0x80005298 (0x03d9b233) mulhu   tp, s3, t4
core   0: 3 0x80005298 (0x03d9b233) x 4 0x00000000
core   0: 0x8000529c (0x03554db3) div     s11, a0, s5
core   0: 3 0x8000529c (0x03554db3) x27 0x00000000
core   0: 0x800052a0 (0x4008d433) sra     s0, a7, zero
core   0: 3 0x800052a0 (0x4008d433) x 8 0x00000000
core   0: 0x800052a4 (0xfe3556e3) bge     a0, gp, pc - 20
core   0: 3 0x800052a4 (0xfe3556e3)
core   0: 0x800052a8 (0x41495e33) sra     t3, s2, s4
core   0: 3 0x800052a8 (0x41495e33) x28 0x00000000
core   0: 0x800052ac (0x40cbd9b3) sra     s3, s7, a2
core   0: 3 0x800052ac (0x40cbd9b3) x19 0xf8fe2e41
core   0: 0x800052b0 (0x0000100f) fence.i
core   0: 3 0x800052b0 (0x0000100f)
core   0: 0x800052b4 (0x000083ca) c.mv    t2, s2
core   0: 3 0x800052b4 (0x83ca) x 7 0x00000000
core   0: 0x800052b6 (0x41ee8133) sub     sp, t4, t5
core   0: 3 0x800052b6 (0x41ee8133) x 2 0xfffee000
core   0: 0x800052ba (0x22438a93) addi    s5, t2, 548
core   0: 3 0x800052ba (0x22438a93) x21 0x00000224
core   0: 0x800052be (0x0000dad5) c.beqz  a3, pc - 76
core   0: 3 0x800052be (0xdad5)
core   0: 0x800052c0 (0x0ff0000f) fence   iorw,iorw
core   0: 3 0x800052c0 (0x0ff0000f)
core   0: 0x800052c4 (0x814e1d97) auipc   s11, 0x814e1
core   0: 3 0x800052c4 (0x814e1d97) x27 0x014e62c4
core   0: 0x800052c8 (0x41935233) sra     tp, t1, s9
core   0: 3 0x800052c8 (0x41935233) x 4 0x1f37d000
core   0: 0x800052cc (0x00aaedb3) or      s11, s5, a0
core   0: 3 0x800052cc (0x00aaedb3) x27 0xffffffec
core   0: 0x800052d0 (0x000008b6) c.slli  a7, 13
core   0: 3 0x800052d0 (0x08b6) x17 0x00000000
core   0: 0x800052d2 (0x00008071) c.srli  s0, 28
core   0: 3 0x800052d2 (0x8071) x 8 0x00000000
core   0: 0x800052d4 (0x00008145) c.srli  a0, 17
core   0: 3 0x800052d4 (0x8145) x10 0x00007fff
core   0: 0x800052d6 (0x01df1bb3) sll     s7, t5, t4
core   0: 3 0x800052d6 (0x01df1bb3) x23 0x00012000
core   0: 0x800052da (0xb72b6d93) ori     s11, s6, -1166
core   0: 3 0x800052da (0xb72b6d93) x27 0xffffff76
core   0: 0x800052de (0x00000001) c.nop
core   0: 3 0x800052de (0x0001)
core   0: 0x800052e0 (0x00001794) c.addi4spn a3, sp, 992
core   0: 3 0x800052e0 (0x1794) x13 0xfffee3e0
core   0: 0x800052e2 (0xe78ecab7) lui     s5, 0xe78ec
core   0: 3 0x800052e2 (0xe78ecab7) x21 0xe78ec000
core   0: 0x800052e6 (0x02448f33) mul     t5, s1, tp
core   0: 3 0x800052e6 (0x02448f33) x30 0x00000000
core   0: 0x800052ea (0xfe23eb93) ori     s7, t2, -30
core   0: 3 0x800052ea (0xfe23eb93) x23 0xffffffe2
core   0: 0x800052ee (0x03294733) div     a4, s2, s2
core   0: 3 0x800052ee (0x03294733) x14 0xffffffff
core   0: 0x800052f2 (0x9670d017) auipc   zero, 0x9670d
core   0: 3 0x800052f2 (0x9670d017)
core   0: 0x800052f6 (0x00008e01) c.sub   a2, s0
core   0: 3 0x800052f6 (0x8e01) x12 0x00000000
core   0: 0x800052f8 (0x033761b3) rem     gp, a4, s3
core   0: 3 0x800052f8 (0x033761b3) x 3 0xffffffff
core   0: 0x800052fc (0x012defb3) or      t6, s11, s2
core   0: 3 0x800052fc (0x012defb3) x31 0xffffff76
core   0: 0x80005300 (0x00b35113) srli    sp, t1, 11
core   0: 3 0x80005300 (0x00b35113) x 2 0x0003e6fa
core   0: 0x80005304 (0x00006575) c.lui   a0, 0x1d
core   0: 3 0x80005304 (0x6575) x10 0x0001d000
core   0: 0x80005306 (0x00008fe6) c.mv    t6, s9
core   0: 3 0x80005306 (0x8fe6) x31 0x18b00240
core   0: 0x80005308 (0x02cbd633) divu    a2, s7, a2
core   0: 3 0x80005308 (0x02cbd633) x12 0xffffffff
core   0: 0x8000530c (0x000082ba) c.mv    t0, a4
core   0: 3 0x8000530c (0x82ba) x 5 0xffffffff
core   0: 0x8000530e (0x02924333) div     t1, tp, s1
core   0: 3 0x8000530e (0x02924333) x 6 0xffffffff
core   0: 0x80005312 (0x00000001) c.nop
core   0: 3 0x80005312 (0x0001)
core   0: 0x80005314 (0xd04c8b13) addi    s6, s9, -764
core   0: 3 0x80005314 (0xd04c8b13) x22 0x18afff44
core   0: 0x80005318 (0x0000ec81) c.bnez  s1, pc + 24
core   0: 3 0x80005318 (0xec81)
core   0: 0x8000531a (0x0000c009) c.beqz  s0, pc + 2
core   0: 3 0x8000531a (0xc009)
core   0: 0x8000531c (0x03ecdcb3) divu    s9, s9, t5
core   0: 3 0x8000531c (0x03ecdcb3) x25 0xffffffff
core   0: 0x80005320 (0x00b47b63) bgeu    s0, a1, pc + 22
core   0: 3 0x80005320 (0x00b47b63)
core   0: 0x80005336 (0x0000547d) c.li    s0, -1
core   0: 3 0x80005336 (0x547d) x 8 0xffffffff
core   0: 0x80005338 (0x00000001) c.nop
core   0: 3 0x80005338 (0x0001)
core   0: 0x8000533a (0x0000e601) c.bnez  a2, pc + 8
core   0: 3 0x8000533a (0xe601)
core   0: 0x80005342 (0x00f04013) xori    zero, zero, 15
core   0: 3 0x80005342 (0x00f04013)
core   0: 0x80005346 (0x00000314) c.addi4spn a3, sp, 384
core   0: 3 0x80005346 (0x0314) x13 0x0003e87a
core   0: 0x80005348 (0x0ff0000f) fence   iorw,iorw
core   0: 3 0x80005348 (0x0ff0000f)
core   0: 0x8000534c (0x03ca4763) blt     s4, t3, pc + 46
core   0: 3 0x8000534c (0x03ca4763)
core   0: 0x8000537a (0x00008e01) c.sub   a2, s0
core   0: 3 0x8000537a (0x8e01) x12 0x00000000
core   0: 0x8000537c (0x01731763) bne     t1, s7, pc + 14
core   0: 3 0x8000537c (0x01731763)
core   0: 0x8000538a (0x0315d433) divu    s0, a1, a7
core   0: 3 0x8000538a (0x0315d433) x 8 0xffffffff
core   0: 0x8000538e (0x543b7d93) andi    s11, s6, 1347
core   0: 3 0x8000538e (0x543b7d93) x27 0x00000540
core   0: 0x80005392 (0x01d306b3) add     a3, t1, t4
core   0: 3 0x80005392 (0x01d306b3) x13 0xffffffff
core   0: 0x80005396 (0x00006255) c.lui   tp, 0x15
core   0: 3 0x80005396 (0x6255) x 4 0x00015000
core   0: 0x80005398 (0x01dd8533) add     a0, s11, t4
core   0: 3 0x80005398 (0x01dd8533) x10 0x00000540
core   0: 0x8000539c (0x00004151) c.li    sp, 20
core   0: 3 0x8000539c (0x4151) x 2 0x00000014
core   0: 0x8000539e (0x0221fb63) bgeu    gp, sp, pc + 54
core   0: 3 0x8000539e (0x0221fb63)
core   0: 0x800053d4 (0x03555863) bge     a0, s5, pc + 48
core   0: 3 0x800053d4 (0x03555863)
core   0: 0x80005404 (0x0291e933) rem     s2, gp, s1
core   0: 3 0x80005404 (0x0291e933) x18 0xffffffff
core   0: 0x80005408 (0x049a0163) beq     s4, s1, pc + 66
core   0: 3 0x80005408 (0x049a0163)
core   0: 0x8000540c (0x01bf7d33) and     s10, t5, s11
core   0: 3 0x8000540c (0x01bf7d33) x26 0x00000000
core   0: 0x80005410 (0x0000100f) fence.i
core   0: 3 0x80005410 (0x0000100f)
core   0: 0x80005414 (0x000069c9) c.lui   s3, 0x12
core   0: 3 0x80005414 (0x69c9) x19 0x00012000
core   0: 0x80005416 (0x00008cfd) c.and   s1, a5
core   0: 3 0x80005416 (0x8cfd) x 9 0x00000000
core   0: 0x80005418 (0x417701b3) sub     gp, a4, s7
core   0: 3 0x80005418 (0x417701b3) x 3 0x0000001d
core   0: 0x8000541c (0x01c71e63) bne     a4, t3, pc + 28
core   0: 3 0x8000541c (0x01c71e63)
core   0: 0x80005438 (0x001b0433) add     s0, s6, ra
core   0: 3 0x80005438 (0x001b0433) x 8 0x37e7cf44
core   0: 0x8000543c (0x01249b33) sll     s6, s1, s2
core   0: 3 0x8000543c (0x01249b33) x22 0x00000000
core   0: 0x80005440 (0x01bd6d63) bltu    s10, s11, pc + 26
core   0: 3 0x80005440 (0x01bd6d63)
core   0: 0x8000545a (0x00001b98) c.addi4spn a4, sp, 496
core   0: 3 0x8000545a (0x1b98) x14 0x00000204
core   0: 0x8000545c (0x41305d93) srai    s11, zero, 19
core   0: 3 0x8000545c (0x41305d93) x27 0x00000000
core   0: 0x80005460 (0x0000717d) c.addi16sp sp, -16
core   0: 3 0x80005460 (0x717d) x 2 0x00000004
core   0: 0x80005462 (0x02e25ab3) divu    s5, tp, a4
core   0: 3 0x80005462 (0x02e25ab3) x21 0x000000a6
core   0: 0x80005466 (0x7e424113) xori    sp, tp, 2020
core   0: 3 0x80005466 (0x7e424113) x 2 0x000157e4
core   0: 0x8000546a (0x00008ecd) c.or    a3, a1
core   0: 3 0x8000546a (0x8ecd) x13 0xffffffff
core   0: 0x8000546c (0x00008dcd) c.or    a1, a1
core   0: 3 0x8000546c (0x8dcd) x11 0x00000000
core   0: 0x8000546e (0x12c60f93) addi    t6, a2, 300
core   0: 3 0x8000546e (0x12c60f93) x31 0x0000012c
core   0: 0x80005472 (0x0033e6b3) or      a3, t2, gp
core   0: 3 0x80005472 (0x0033e6b3) x13 0x0000001d
core   0: 0x80005476 (0x037494b3) mulh    s1, s1, s7
core   0: 3 0x80005476 (0x037494b3) x 9 0x00000000
core   0: 0x8000547a (0x024df263) bgeu    s11, tp, pc + 36
core   0: 3 0x8000547a (0x024df263)
core   0: 0x8000547e (0x01116bb3) or      s7, sp, a7
core   0: 3 0x8000547e (0x01116bb3) x23 0x000157e4
core   0: 0x80005482 (0x016f1833) sll     a6, t5, s6
core   0: 3 0x80005482 (0x016f1833) x16 0x00000000
core   0: 0x80005486 (0x00004859) c.li    a6, 22
core   0: 3 0x80005486 (0x4859) x16 0x00000016
core   0: 0x80005488 (0x00008da1) c.xor   a1, s0
core   0: 3 0x80005488 (0x8da1) x11 0x37e7cf44
core   0: 0x8000548a (0x4128d413) srai    s0, a7, 18
core   0: 3 0x8000548a (0x4128d413) x 8 0x00000000
core   0: 0x8000548e (0x0000c129) c.beqz  a0, pc + 66
core   0: 3 0x8000548e (0xc129)
core   0: 0x80005490 (0x00ca4e33) xor     t3, s4, a2
core   0: 3 0x80005490 (0x00ca4e33) x28 0x80025ce4
core   0: 0x80005494 (0x00008125) c.srli  a0, 9
core   0: 3 0x80005494 (0x8125) x10 0x00000002
core   0: 0x80005496 (0x02b784b3) mul     s1, a5, a1
core   0: 3 0x80005496 (0x02b784b3) x 9 0x9f5eee90
core   0: 0x8000549a (0x050fc493) xori    s1, t6, 80
core   0: 3 0x8000549a (0x050fc493) x 9 0x0000017c
core   0: 0x8000549e (0x0136dc63) bge     a3, s3, pc + 24
core   0: 3 0x8000549e (0x0136dc63)
core   0: 0x800054a2 (0x01ef0763) beq     t5, t5, pc + 14
core   0: 3 0x800054a2 (0x01ef0763)
core   0: 0x800054b0 (0x00008b86) c.mv    s7, ra
core   0: 3 0x800054b0 (0x8b86) x23 0x1f37d000
core   0: 0x800054b2 (0x0000100f) fence.i
core   0: 3 0x800054b2 (0x0000100f)
core   0: 0x800054b6 (0x967ee293) ori     t0, t4, -1689
core   0: 3 0x800054b6 (0x967ee293) x 5 0xfffff967
core   0: 0x800054ba (0x40bed9b3) sra     s3, t4, a1
core   0: 3 0x800054ba (0x40bed9b3) x19 0x00000000
core   0: 0x800054be (0xa4c04013) xori    zero, zero, -1460
core   0: 3 0x800054be (0xa4c04013)
core   0: 0x800054c2 (0x03cd2d33) mulhsu  s10, s10, t3
core   0: 3 0x800054c2 (0x03cd2d33) x26 0x00000000
core   0: 0x800054c6 (0x413edeb3) sra     t4, t4, s3
core   0: 3 0x800054c6 (0x413edeb3) x29 0x00000000
core   0: 0x800054ca (0x00004615) c.li    a2, 5
core   0: 3 0x800054ca (0x4615) x12 0x00000005
core   0: 0x800054cc (0x000081e9) c.srli  a1, 26
core   0: 3 0x800054cc (0x81e9) x11 0x0000000d
core   0: 0x800054ce (0x00000001) c.nop
core   0: 3 0x800054ce (0x0001)
core   0: 0x800054d0 (0x413f5e93) srai    t4, t5, 19
core   0: 3 0x800054d0 (0x413f5e93) x29 0x00000000
core   0: 0x800054d4 (0xad674813) xori    a6, a4, -1322
core   0: 3 0x800054d4 (0xad674813) x16 0xfffff8d2
core   0: 0x800054d8 (0x96484413) xori    s0, a6, -1692
core   0: 3 0x800054d8 (0x96484413) x 8 0x000001b6
core   0: 0x800054dc (0x004910b3) sll     ra, s2, tp
core   0: 3 0x800054dc (0x004910b3) x 1 0xffffffff
core   0: 0x800054e0 (0x0302deb3) divu    t4, t0, a6
core   0: 3 0x800054e0 (0x0302deb3) x29 0x00000001
core   0: 0x800054e4 (0x014a93b3) sll     t2, s5, s4
core   0: 3 0x800054e4 (0x014a93b3) x 7 0x00000a60
core   0: 0x800054e8 (0x01918633) add     a2, gp, s9
core   0: 3 0x800054e8 (0x01918633) x12 0x0000001c
core   0: 0x800054ec (0x0000424d) c.li    tp, 19
core   0: 3 0x800054ec (0x424d) x 4 0x00000013
core   0: 0x800054ee (0x0ff0000f) fence   iorw,iorw
core   0: 3 0x800054ee (0x0ff0000f)
core   0: 0x800054f2 (0x019d5493) srli    s1, s10, 25
core   0: 3 0x800054f2 (0x019d5493) x 9 0x00000000
core   0: 0x800054f6 (0x00000126) c.slli  sp, 9
core   0: 3 0x800054f6 (0x0126) x 2 0x02afc800
core   0: 0x800054f8 (0x0000100f) fence.i
core   0: 3 0x800054f8 (0x0000100f)
core   0: 0x800054fc (0x000003e6) c.slli  t2, 25
core   0: 3 0x800054fc (0x03e6) x 7 0xc0000000
core   0: 0x800054fe (0x0329ef33) rem     t5, s3, s2
core   0: 3 0x800054fe (0x0329ef33) x30 0x00000000
core   0: 0x80005502 (0x004b0633) add     a2, s6, tp
core   0: 3 0x80005502 (0x004b0633) x12 0x00000013
core   0: 0x80005506 (0x00900513) li      a0, 9
core   0: 3 0x80005506 (0x00900513) x10 0x00000009
core   0: 0x8000550a (0x4db0be13) sltiu   t3, ra, 1243
core   0: 3 0x8000550a (0x4db0be13) x28 0x00000000
core   0: 0x8000550e (0xafea7193) andi    gp, s4, -1282
core   0: 3 0x8000550e (0xafea7193) x 3 0x800258e4
core   0: 0x80005512 (0xf386ab13) slti    s6, a3, -200
core   0: 3 0x80005512 (0xf386ab13) x22 0x00000000
core   0: 0x80005516 (0x00005b7d) c.li    s6, -1
core   0: 3 0x80005516 (0x5b7d) x22 0xffffffff
core   0: 0x80005518 (0x01ac5c93) srli    s9, s8, 26
core   0: 3 0x80005518 (0x01ac5c93) x25 0x0000003f
core   0: 0x8000551c (0x00200d93) li      s11, 2
core   0: 3 0x8000551c (0x00200d93) x27 0x00000002
core   0: 0x80005520 (0x02388eb3) mul     t4, a7, gp
core   0: 3 0x80005520 (0x02388eb3) x29 0x00000000
core   0: 0x80005524 (0x00006121) c.addi16sp sp, 64
core   0: 3 0x80005524 (0x6121) x 2 0x02afc840
core   0: 0x80005526 (0x18e02737) lui     a4, 0x18e02
core   0: 3 0x80005526 (0x18e02737) x14 0x18e02000
core   0: 0x8000552a (0x0000100f) fence.i
core   0: 3 0x8000552a (0x0000100f)
core   0: 0x8000552e (0x03661733) mulh    a4, a2, s6
core   0: 3 0x8000552e (0x03661733) x14 0xffffffff
core   0: 0x80005532 (0x039ac2b3) div     t0, s5, s9
core   0: 3 0x80005532 (0x039ac2b3) x 5 0x00000002
core   0: 0x80005536 (0x000ec733) xor     a4, t4, zero
core   0: 3 0x80005536 (0x000ec733) x14 0x00000000
core   0: 0x8000553a (0x000089a9) c.andi  a1, 10
core   0: 3 0x8000553a (0x89a9) x11 0x00000008
core   0: 0x8000553c (0x01a19293) slli    t0, gp, 26
core   0: 3 0x8000553c (0x01a19293) x 5 0x90000000
core   0: 0x80005540 (0x00000001) c.nop
core   0: 3 0x80005540 (0x0001)
core   0: 0x80005542 (0x411a5693) srai    a3, s4, 17
core   0: 3 0x80005542 (0x411a5693) x13 0xffffc001
core   0: 0x80005546 (0x539e2c93) slti    s9, t3, 1337
core   0: 3 0x80005546 (0x539e2c93) x25 0x00000001
core   0: 0x8000554a (0x00004e31) c.li    t3, 12
core   0: 3 0x8000554a (0x4e31) x28 0x0000000c
core   0: 0x8000554c (0x0038ad33) slt     s10, a7, gp
core   0: 3 0x8000554c (0x0038ad33) x26 0x00000000
core   0: 0x80005550 (0x0000157d) c.addi  a0, -1
core   0: 3 0x80005550 (0x157d) x10 0x00000008
core   0: 0x80005552 (0x00008da9) c.xor   a1, a0
core   0: 3 0x80005552 (0x8da9) x11 0x00000000
core   0: 0x80005554 (0x000099fd) c.andi  a1, -1
core   0: 3 0x80005554 (0x99fd) x11 0x00000000
core   0: 0x80005556 (0x0d6b8113) addi    sp, s7, 214
core   0: 3 0x80005556 (0x0d6b8113) x 2 0x1f37d0d6
core   0: 0x8000555a (0xffb578e3) bgeu    a0, s11, pc - 16
core   0: 3 0x8000555a (0xffb578e3)
core   0: 0x8000554a (0x00004e31) c.li    t3, 12
core   0: 3 0x8000554a (0x4e31) x28 0x0000000c
core   0: 0x8000554c (0x0038ad33) slt     s10, a7, gp
core   0: 3 0x8000554c (0x0038ad33) x26 0x00000000
core   0: 0x80005550 (0x0000157d) c.addi  a0, -1
core   0: 3 0x80005550 (0x157d) x10 0x00000007
core   0: 0x80005552 (0x00008da9) c.xor   a1, a0
core   0: 3 0x80005552 (0x8da9) x11 0x00000007
core   0: 0x80005554 (0x000099fd) c.andi  a1, -1
core   0: 3 0x80005554 (0x99fd) x11 0x00000007
core   0: 0x80005556 (0x0d6b8113) addi    sp, s7, 214
core   0: 3 0x80005556 (0x0d6b8113) x 2 0x1f37d0d6
core   0: 0x8000555a (0xffb578e3) bgeu    a0, s11, pc - 16
core   0: 3 0x8000555a (0xffb578e3)
core   0: 0x8000554a (0x00004e31) c.li    t3, 12
core   0: 3 0x8000554a (0x4e31) x28 0x0000000c
core   0: 0x8000554c (0x0038ad33) slt     s10, a7, gp
core   0: 3 0x8000554c (0x0038ad33) x26 0x00000000
core   0: 0x80005550 (0x0000157d) c.addi  a0, -1
core   0: 3 0x80005550 (0x157d) x10 0x00000006
core   0: 0x80005552 (0x00008da9) c.xor   a1, a0
core   0: 3 0x80005552 (0x8da9) x11 0x00000001
core   0: 0x80005554 (0x000099fd) c.andi  a1, -1
core   0: 3 0x80005554 (0x99fd) x11 0x00000001
core   0: 0x80005556 (0x0d6b8113) addi    sp, s7, 214
core   0: 3 0x80005556 (0x0d6b8113) x 2 0x1f37d0d6
core   0: 0x8000555a (0xffb578e3) bgeu    a0, s11, pc - 16
core   0: 3 0x8000555a (0xffb578e3)
core   0: 0x8000554a (0x00004e31) c.li    t3, 12
core   0: 3 0x8000554a (0x4e31) x28 0x0000000c
core   0: 0x8000554c (0x0038ad33) slt     s10, a7, gp
core   0: 3 0x8000554c (0x0038ad33) x26 0x00000000
core   0: 0x80005550 (0x0000157d) c.addi  a0, -1
core   0: 3 0x80005550 (0x157d) x10 0x00000005
core   0: 0x80005552 (0x00008da9) c.xor   a1, a0
core   0: 3 0x80005552 (0x8da9) x11 0x00000004
core   0: 0x80005554 (0x000099fd) c.andi  a1, -1
core   0: 3 0x80005554 (0x99fd) x11 0x00000004
core   0: 0x80005556 (0x0d6b8113) addi    sp, s7, 214
core   0: 3 0x80005556 (0x0d6b8113) x 2 0x1f37d0d6
core   0: 0x8000555a (0xffb578e3) bgeu    a0, s11, pc - 16
core   0: 3 0x8000555a (0xffb578e3)
core   0: 0x8000554a (0x00004e31) c.li    t3, 12
core   0: 3 0x8000554a (0x4e31) x28 0x0000000c
core   0: 0x8000554c (0x0038ad33) slt     s10, a7, gp
core   0: 3 0x8000554c (0x0038ad33) x26 0x00000000
core   0: 0x80005550 (0x0000157d) c.addi  a0, -1
core   0: 3 0x80005550 (0x157d) x10 0x00000004
core   0: 0x80005552 (0x00008da9) c.xor   a1, a0
core   0: 3 0x80005552 (0x8da9) x11 0x00000000
core   0: 0x80005554 (0x000099fd) c.andi  a1, -1
core   0: 3 0x80005554 (0x99fd) x11 0x00000000
core   0: 0x80005556 (0x0d6b8113) addi    sp, s7, 214
core   0: 3 0x80005556 (0x0d6b8113) x 2 0x1f37d0d6
core   0: 0x8000555a (0xffb578e3) bgeu    a0, s11, pc - 16
core   0: 3 0x8000555a (0xffb578e3)
core   0: 0x8000554a (0x00004e31) c.li    t3, 12
core   0: 3 0x8000554a (0x4e31) x28 0x0000000c
core   0: 0x8000554c (0x0038ad33) slt     s10, a7, gp
core   0: 3 0x8000554c (0x0038ad33) x26 0x00000000
core   0: 0x80005550 (0x0000157d) c.addi  a0, -1
core   0: 3 0x80005550 (0x157d) x10 0x00000003
core   0: 0x80005552 (0x00008da9) c.xor   a1, a0
core   0: 3 0x80005552 (0x8da9) x11 0x00000003
core   0: 0x80005554 (0x000099fd) c.andi  a1, -1
core   0: 3 0x80005554 (0x99fd) x11 0x00000003
core   0: 0x80005556 (0x0d6b8113) addi    sp, s7, 214
core   0: 3 0x80005556 (0x0d6b8113) x 2 0x1f37d0d6
core   0: 0x8000555a (0xffb578e3) bgeu    a0, s11, pc - 16
core   0: 3 0x8000555a (0xffb578e3)
core   0: 0x8000554a (0x00004e31) c.li    t3, 12
core   0: 3 0x8000554a (0x4e31) x28 0x0000000c
core   0: 0x8000554c (0x0038ad33) slt     s10, a7, gp
core   0: 3 0x8000554c (0x0038ad33) x26 0x00000000
core   0: 0x80005550 (0x0000157d) c.addi  a0, -1
core   0: 3 0x80005550 (0x157d) x10 0x00000002
core   0: 0x80005552 (0x00008da9) c.xor   a1, a0
core   0: 3 0x80005552 (0x8da9) x11 0x00000001
core   0: 0x80005554 (0x000099fd) c.andi  a1, -1
core   0: 3 0x80005554 (0x99fd) x11 0x00000001
core   0: 0x80005556 (0x0d6b8113) addi    sp, s7, 214
core   0: 3 0x80005556 (0x0d6b8113) x 2 0x1f37d0d6
core   0: 0x8000555a (0xffb578e3) bgeu    a0, s11, pc - 16
core   0: 3 0x8000555a (0xffb578e3)
core   0: 0x8000554a (0x00004e31) c.li    t3, 12
core   0: 3 0x8000554a (0x4e31) x28 0x0000000c
core   0: 0x8000554c (0x0038ad33) slt     s10, a7, gp
core   0: 3 0x8000554c (0x0038ad33) x26 0x00000000
core   0: 0x80005550 (0x0000157d) c.addi  a0, -1
core   0: 3 0x80005550 (0x157d) x10 0x00000001
core   0: 0x80005552 (0x00008da9) c.xor   a1, a0
core   0: 3 0x80005552 (0x8da9) x11 0x00000000
core   0: 0x80005554 (0x000099fd) c.andi  a1, -1
core   0: 3 0x80005554 (0x99fd) x11 0x00000000
core   0: 0x80005556 (0x0d6b8113) addi    sp, s7, 214
core   0: 3 0x80005556 (0x0d6b8113) x 2 0x1f37d0d6
core   0: 0x8000555a (0xffb578e3) bgeu    a0, s11, pc - 16
core   0: 3 0x8000555a (0xffb578e3)
core   0: 0x8000555e (0x00434d33) xor     s10, t1, tp
core   0: 3 0x8000555e (0x00434d33) x26 0xffffffec
core   0: 0x80005562 (0x000082b5) c.srli  a3, 13
core   0: 3 0x80005562 (0x82b5) x13 0x0007fffe
core   0: 0x80005564 (0x0000717d) c.addi16sp sp, -16
core   0: 3 0x80005564 (0x717d) x 2 0x1f37d0c6
core   0: 0x80005566 (0x000046fd) c.li    a3, 31
core   0: 3 0x80005566 (0x46fd) x13 0x0000001f
core   0: 0x80005568 (0x00694863) blt     s2, t1, pc + 16
core   0: 3 0x80005568 (0x00694863)
core   0: 0x8000556c (0x02520fb3) mul     t6, tp, t0
core   0: 3 0x8000556c (0x02520fb3) x31 0xb0000000
core   0: 0x80005570 (0xa4d78a93) addi    s5, a5, -1459
core   0: 3 0x80005570 (0xa4d78a93) x21 0x800218b1
core   0: 0x80005574 (0xb26e4d13) xori    s10, t3, -1242
core   0: 3 0x80005574 (0xb26e4d13) x26 0xfffffb2a
core   0: 0x80005578 (0x014ad693) srli    a3, s5, 20
core   0: 3 0x80005578 (0x014ad693) x13 0x00000800
core   0: 0x8000557c (0x00008dcd) c.or    a1, a1
core   0: 3 0x8000557c (0x8dcd) x11 0x00000000
core   0: 0x8000557e (0x01d09393) slli    t2, ra, 29
core   0: 3 0x8000557e (0x01d09393) x 7 0xe0000000
core   0: 0x80005582 (0x01a04933) xor     s2, zero, s10
core   0: 3 0x80005582 (0x01a04933) x18 0xfffffb2a
core   0: 0x80005586 (0x41f78e33) sub     t3, a5, t6
core   0: 3 0x80005586 (0x41f78e33) x28 0xd0021e64
core   0: 0x8000558a (0x03d57233) remu    tp, a0, t4
core   0: 3 0x8000558a (0x03d57233) x 4 0x00000001
core   0: 0x8000558e (0x03804b33) div     s6, zero, s8
core   0: 3 0x8000558e (0x03804b33) x22 0x00000000
core   0: 0x80005592 (0x16ae6593) ori     a1, t3, 362
core   0: 3 0x80005592 (0x16ae6593) x11 0xd0021f6e
core   0: 0x80005596 (0x4023d6b3) sra     a3, t2, sp
core   0: 3 0x80005596 (0x4023d6b3) x13 0xff800000
core   0: 0x8000559a (0x00009b7d) c.andi  a4, -1
core   0: 3 0x8000559a (0x9b7d) x14 0x00000000
core   0: 0x8000559c (0x00691633) sll     a2, s2, t1
core   0: 3 0x8000559c (0x00691633) x12 0x00000000
core   0: 0x800055a0 (0x01228833) add     a6, t0, s2
core   0: 3 0x800055a0 (0x01228833) x16 0x8ffffb2a
core   0: 0x800055a4 (0x4d5bcf93) xori    t6, s7, 1237
core   0: 3 0x800055a4 (0x4d5bcf93) x31 0x1f37d4d5
core   0: 0x800055a8 (0x0324a333) mulhsu  t1, s1, s2
core   0: 3 0x800055a8 (0x0324a333) x 6 0x00000000
core   0: 0x800055ac (0x53d0bc93) sltiu   s9, ra, 1341
core   0: 3 0x800055ac (0x53d0bc93) x25 0x00000000
core   0: 0x800055b0 (0x00008c25) c.xor   s0, s1
core   0: 3 0x800055b0 (0x8c25) x 8 0x000001b6
core   0: 0x800055b2 (0x01680933) add     s2, a6, s6
core   0: 3 0x800055b2 (0x01680933) x18 0x8ffffb2a
core   0: 0x800055b6 (0x006bc633) xor     a2, s7, t1
core   0: 3 0x800055b6 (0x006bc633) x12 0x1f37d000
core   0: 0x800055ba (0x41185db3) sra     s11, a6, a7
core   0: 3 0x800055ba (0x41185db3) x27 0x8ffffb2a
core   0: 0x800055be (0x0000c9c5) c.beqz  a1, pc + 176
core   0: 3 0x800055be (0xc9c5)
core   0: 0x800055c0 (0x3ebbcb37) lui     s6, 0x3ebbc
core   0: 3 0x800055c0 (0x3ebbcb37) x22 0x3ebbc000
core   0: 0x800055c4 (0x41f85fb3) sra     t6, a6, t6
core   0: 3 0x800055c4 (0x41f85fb3) x31 0xfffffc7f
core   0: 0x800055c8 (0x01712733) slt     a4, sp, s7
core   0: 3 0x800055c8 (0x01712733) x14 0x00000000
core   0: 0x800055cc (0x665db913) sltiu   s2, s11, 1637
core   0: 3 0x800055cc (0x665db913) x18 0x00000000
core   0: 0x800055d0 (0x0000c991) c.beqz  a1, pc + 20
core   0: 3 0x800055d0 (0xc991)
core   0: 0x800055d2 (0x3d893193) sltiu   gp, s2, 984
core   0: 3 0x800055d2 (0x3d893193) x 3 0x00000001
core   0: 0x800055d6 (0x0ff0000f) fence   iorw,iorw
core   0: 3 0x800055d6 (0x0ff0000f)
core   0: 0x800055da (0x0000100f) fence.i
core   0: 3 0x800055da (0x0000100f)
core   0: 0x800055de (0x00008afd) c.andi  a3, 31
core   0: 3 0x800055de (0x8afd) x13 0x00000000
core   0: 0x800055e0 (0xad87b217) auipc   tp, 0xad87b
core   0: 3 0x800055e0 (0xad87b217) x 4 0x2d8805e0
core   0: 0x800055e4 (0x00004c95) c.li    s9, 5
core   0: 3 0x800055e4 (0x4c95) x25 0x00000005
core   0: 0x800055e6 (0x0000987d) c.andi  s0, -1
core   0: 3 0x800055e6 (0x987d) x 8 0x000001b6
core   0: 0x800055e8 (0x0000100f) fence.i
core   0: 3 0x800055e8 (0x0000100f)
core   0: 0x800055ec (0x0ff0000f) fence   iorw,iorw
core   0: 3 0x800055ec (0x0ff0000f)
core   0: 0x800055f0 (0xffa00293) li      t0, -6
core   0: 3 0x800055f0 (0xffa00293) x 5 0xfffffffa
core   0: 0x800055f4 (0x00008729) c.srai  a4, 10
core   0: 3 0x800055f4 (0x8729) x14 0x00000000
core   0: 0x800055f6 (0x00cba5b3) slt     a1, s7, a2
core   0: 3 0x800055f6 (0x00cba5b3) x11 0x00000000
core   0: 0x800055fa (0x000006e6) c.slli  a3, 25
core   0: 3 0x800055fa (0x06e6) x13 0x00000000
core   0: 0x800055fc (0x0151dfb3) srl     t6, gp, s5
core   0: 3 0x800055fc (0x0151dfb3) x31 0x00000000
core   0: 0x80005600 (0x032a7bb3) remu    s7, s4, s2
core   0: 3 0x80005600 (0x032a7bb3) x23 0x80025ce4
core   0: 0x80005604 (0x000088ba) c.mv    a7, a4
core   0: 3 0x80005604 (0x88ba) x17 0x00000000
core   0: 0x80005606 (0x028b60b3) rem     ra, s6, s0
core   0: 3 0x80005606 (0x028b60b3) x 1 0x00000072
core   0: 0x8000560a (0x415b5233) sra     tp, s6, s5
core   0: 3 0x8000560a (0x415b5233) x 4 0x00001f5d
core   0: 0x8000560e (0x03705633) divu    a2, zero, s7
core   0: 3 0x8000560e (0x03705633) x12 0x00000000
core   0: 0x80005612 (0xff900413) li      s0, -7
core   0: 3 0x80005612 (0xff900413) x 8 0xfffffff9
core   0: 0x80005616 (0x41e70233) sub     tp, a4, t5
core   0: 3 0x80005616 (0x41e70233) x 4 0x00000000
core   0: 0x8000561a (0x00000001) c.nop
core   0: 3 0x8000561a (0x0001)
core   0: 0x8000561c (0x0244d8b3) divu    a7, s1, tp
core   0: 3 0x8000561c (0x0244d8b3) x17 0xffffffff
core   0: 0x80005620 (0x00000001) c.nop
core   0: 3 0x80005620 (0x0001)
core   0: 0x80005622 (0x5adb46b7) lui     a3, 0x5adb4
core   0: 3 0x80005622 (0x5adb46b7) x13 0x5adb4000
core   0: 0x80005626 (0x000012fd) c.addi  t0, -1
core   0: 3 0x80005626 (0x12fd) x 5 0xfffffff9
core   0: 0x80005628 (0x00004bf5) c.li    s7, 29
core   0: 3 0x80005628 (0x4bf5) x23 0x0000001d
core   0: 0x8000562a (0x03bfb4b3) mulhu   s1, t6, s11
core   0: 3 0x8000562a (0x03bfb4b3) x 9 0x00000000
core   0: 0x8000562e (0x00900b13) li      s6, 9
core   0: 3 0x8000562e (0x00900b13) x22 0x00000009
core   0: 0x80005632 (0x00000001) c.nop
core   0: 3 0x80005632 (0x0001)
core   0: 0x80005634 (0x00900c93) li      s9, 9
core   0: 3 0x80005634 (0x00900c93) x25 0x00000009
core   0: 0x80005638 (0x00f56333) or      t1, a0, a5
core   0: 3 0x80005638 (0x00f56333) x 6 0x80021e65
core   0: 0x8000563c (0x03d1de33) divu    t3, gp, t4
core   0: 3 0x8000563c (0x03d1de33) x28 0xffffffff
core   0: 0x80005640 (0x71f68b97) auipc   s7, 0x71f68
core   0: 3 0x80005640 (0x71f68b97) x23 0xf1f6d640
core   0: 0x80005644 (0x000086c6) c.mv    a3, a7
core   0: 3 0x80005644 (0x86c6) x13 0xffffffff
core   0: 0x80005646 (0x0044aeb3) slt     t4, s1, tp
core   0: 3 0x80005646 (0x0044aeb3) x29 0x00000000
core   0: 0x8000564a (0x00000001) c.nop
core   0: 3 0x8000564a (0x0001)
core   0: 0x8000564c (0x00001b69) c.addi  s6, -6
core   0: 3 0x8000564c (0x1b69) x22 0x00000003
core   0: 0x8000564e (0x00008e49) c.or    a2, a0
core   0: 3 0x8000564e (0x8e49) x12 0x00000001
core   0: 0x80005650 (0xff9b76e3) bgeu    s6, s9, pc - 20
core   0: 3 0x80005650 (0xff9b76e3)
core   0: 0x80005654 (0xfc8283e3) beq     t0, s0, pc - 58
core   0: 3 0x80005654 (0xfc8283e3)
core   0: 0x8000561a (0x00000001) c.nop
core   0: 3 0x8000561a (0x0001)
core   0: 0x8000561c (0x0244d8b3) divu    a7, s1, tp
core   0: 3 0x8000561c (0x0244d8b3) x17 0xffffffff
core   0: 0x80005620 (0x00000001) c.nop
core   0: 3 0x80005620 (0x0001)
core   0: 0x80005622 (0x5adb46b7) lui     a3, 0x5adb4
core   0: 3 0x80005622 (0x5adb46b7) x13 0x5adb4000
core   0: 0x80005626 (0x000012fd) c.addi  t0, -1
core   0: 3 0x80005626 (0x12fd) x 5 0xfffffff8
core   0: 0x80005628 (0x00004bf5) c.li    s7, 29
core   0: 3 0x80005628 (0x4bf5) x23 0x0000001d
core   0: 0x8000562a (0x03bfb4b3) mulhu   s1, t6, s11
core   0: 3 0x8000562a (0x03bfb4b3) x 9 0x00000000
core   0: 0x8000562e (0x00900b13) li      s6, 9
core   0: 3 0x8000562e (0x00900b13) x22 0x00000009
core   0: 0x80005632 (0x00000001) c.nop
core   0: 3 0x80005632 (0x0001)
core   0: 0x80005634 (0x00900c93) li      s9, 9
core   0: 3 0x80005634 (0x00900c93) x25 0x00000009
core   0: 0x80005638 (0x00f56333) or      t1, a0, a5
core   0: 3 0x80005638 (0x00f56333) x 6 0x80021e65
core   0: 0x8000563c (0x03d1de33) divu    t3, gp, t4
core   0: 3 0x8000563c (0x03d1de33) x28 0xffffffff
core   0: 0x80005640 (0x71f68b97) auipc   s7, 0x71f68
core   0: 3 0x80005640 (0x71f68b97) x23 0xf1f6d640
core   0: 0x80005644 (0x000086c6) c.mv    a3, a7
core   0: 3 0x80005644 (0x86c6) x13 0xffffffff
core   0: 0x80005646 (0x0044aeb3) slt     t4, s1, tp
core   0: 3 0x80005646 (0x0044aeb3) x29 0x00000000
core   0: 0x8000564a (0x00000001) c.nop
core   0: 3 0x8000564a (0x0001)
core   0: 0x8000564c (0x00001b69) c.addi  s6, -6
core   0: 3 0x8000564c (0x1b69) x22 0x00000003
core   0: 0x8000564e (0x00008e49) c.or    a2, a0
core   0: 3 0x8000564e (0x8e49) x12 0x00000001
core   0: 0x80005650 (0xff9b76e3) bgeu    s6, s9, pc - 20
core   0: 3 0x80005650 (0xff9b76e3)
core   0: 0x80005654 (0xfc8283e3) beq     t0, s0, pc - 58
core   0: 3 0x80005654 (0xfc8283e3)
core   0: 0x80005658 (0x02e0c933) div     s2, ra, a4
core   0: 3 0x80005658 (0x02e0c933) x18 0xffffffff
core   0: 0x8000565c (0x00e24663) blt     tp, a4, pc + 12
core   0: 3 0x8000565c (0x00e24663)
core   0: 0x80005660 (0x001f1b13) slli    s6, t5, 1
core   0: 3 0x80005660 (0x001f1b13) x22 0x00000000
core   0: 0x80005664 (0x022159b3) divu    s3, sp, sp
core   0: 3 0x80005664 (0x022159b3) x19 0x00000001
core   0: 0x80005668 (0x00000001) c.nop
core   0: 3 0x80005668 (0x0001)
core   0: 0x8000566a (0x11a3f813) andi    a6, t2, 282
core   0: 3 0x8000566a (0x11a3f813) x16 0x00000000
core   0: 0x8000566e (0x0000816a) c.mv    sp, s10
core   0: 3 0x8000566e (0x816a) x 2 0xfffffb2a
core   0: 0x80005670 (0x00008405) c.srai  s0, 1
core   0: 3 0x80005670 (0x8405) x 8 0xfffffffc
core   0: 0x80005672 (0x0236c5b3) div     a1, a3, gp
core   0: 3 0x80005672 (0x0236c5b3) x11 0xffffffff
core   0: 0x80005676 (0x01fcf233) and     tp, s9, t6
core   0: 3 0x80005676 (0x01fcf233) x 4 0x00000000
core   0: 0x8000567a (0x03d58a63) beq     a1, t4, pc + 52
core   0: 3 0x8000567a (0x03d58a63)
core   0: 0x8000567e (0x4139d033) sra     zero, s3, s3
core   0: 3 0x8000567e (0x4139d033)
core   0: 0x80005682 (0x00006139) c.addi16sp sp, 448
core   0: 3 0x80005682 (0x6139) x 2 0xfffffcea
core   0: 0x80005684 (0x01e251b3) srl     gp, tp, t5
core   0: 3 0x80005684 (0x01e251b3) x 3 0x00000000
core   0: 0x80005688 (0x01b8b533) sltu    a0, a7, s11
core   0: 3 0x80005688 (0x01b8b533) x10 0x00000000
core   0: 0x8000568c (0x02aab433) mulhu   s0, s5, a0
core   0: 3 0x8000568c (0x02aab433) x 8 0x00000000
core   0: 0x80005690 (0x034e7133) remu    sp, t3, s4
core   0: 3 0x80005690 (0x034e7133) x 2 0x7ffda31b
core   0: 0x80005694 (0xac10beb7) lui     t4, 0xac10b
core   0: 3 0x80005694 (0xac10beb7) x29 0xac10b000
core   0: 0x80005698 (0x004f5f63) bge     t5, tp, pc + 30
core   0: 3 0x80005698 (0x004f5f63)
core   0: 0x800056b6 (0x00008c49) c.or    s0, a0
core   0: 3 0x800056b6 (0x8c49) x 8 0x00000000
core   0: 0x800056b8 (0x00008461) c.srai  s0, 24
core   0: 3 0x800056b8 (0x8461) x 8 0x00000000
core   0: 0x800056ba (0xee585097) auipc   ra, 0xee585
core   0: 3 0x800056ba (0xee585097) x 1 0x6e58a6ba
core   0: 0x800056be (0x000081fd) c.srli  a1, 31
core   0: 3 0x800056be (0x81fd) x11 0x00000001
core   0: 0x800056c0 (0x007c79b3) and     s3, s8, t2
core   0: 3 0x800056c0 (0x007c79b3) x19 0xe0000000
core   0: 0x800056c4 (0x017b9593) slli    a1, s7, 23
core   0: 3 0x800056c4 (0x017b9593) x11 0x20000000
core   0: 0x800056c8 (0x24406e13) ori     t3, zero, 580
core   0: 3 0x800056c8 (0x24406e13) x28 0x00000244
core   0: 0x800056cc (0x348d4493) xori    s1, s10, 840
core   0: 3 0x800056cc (0x348d4493) x 9 0xfffff862
core   0: 0x800056d0 (0x00008d85) c.sub   a1, s1
core   0: 3 0x800056d0 (0x8d85) x11 0x2000079e
core   0: 0x800056d2 (0x013c8663) beq     s9, s3, pc + 12
core   0: 3 0x800056d2 (0x013c8663)
core   0: 0x800056d6 (0x00b41033) sll     zero, s0, a1
core   0: 3 0x800056d6 (0x00b41033)
core   0: 0x800056da (0x40165a93) srai    s5, a2, 1
core   0: 3 0x800056da (0x40165a93) x21 0x00000000
core   0: 0x800056de (0x02b3be33) mulhu   t3, t2, a1
core   0: 3 0x800056de (0x02b3be33) x28 0x1c0006aa
core   0: 0x800056e2 (0x012f8233) add     tp, t6, s2
core   0: 3 0x800056e2 (0x012f8233) x 4 0xffffffff
core   0: 0x800056e6 (0x00001bfd) c.addi  s7, -1
core   0: 3 0x800056e6 (0x1bfd) x23 0xf1f6d63f
core   0: 0x800056e8 (0x0000100f) fence.i
core   0: 3 0x800056e8 (0x0000100f)
core   0: 0x800056ec (0x00b65db3) srl     s11, a2, a1
core   0: 3 0x800056ec (0x00b65db3) x27 0x00000000
core   0: 0x800056f0 (0x001fd6b3) srl     a3, t6, ra
core   0: 3 0x800056f0 (0x001fd6b3) x13 0x00000000
core   0: 0x800056f4 (0x00008c19) c.sub   s0, a4
core   0: 3 0x800056f4 (0x8c19) x 8 0x00000000
core   0: 0x800056f6 (0x011dcb33) xor     s6, s11, a7
core   0: 3 0x800056f6 (0x011dcb33) x22 0xffffffff
core   0: 0x800056fa (0x00000001) c.nop
core   0: 3 0x800056fa (0x0001)
core   0: 0x800056fc (0x00008eb1) c.xor   a3, a2
core   0: 3 0x800056fc (0x8eb1) x13 0x00000001
core   0: 0x800056fe (0x0b922a93) slti    s5, tp, 185
core   0: 3 0x800056fe (0x0b922a93) x21 0x00000001
core   0: 0x80005702 (0x0000100f) fence.i
core   0: 3 0x80005702 (0x0000100f)
core   0: 0x80005706 (0x03275b33) divu    s6, a4, s2
core   0: 3 0x80005706 (0x03275b33) x22 0x00000000
core   0: 0x8000570a (0x032bc133) div     sp, s7, s2
core   0: 3 0x8000570a (0x032bc133) x 2 0x0e0929c1
core   0: 0x8000570e (0x99364c93) xori    s9, a2, -1645
core   0: 3 0x8000570e (0x99364c93) x25 0xfffff992
core   0: 0x80005712 (0x02e43233) mulhu   tp, s0, a4
core   0: 3 0x80005712 (0x02e43233) x 4 0x00000000
core   0: 0x80005716 (0x00502cb3) slt     s9, zero, t0
core   0: 3 0x80005716 (0x00502cb3) x25 0x00000000
core   0: 0x8000571a (0x32e20693) addi    a3, tp, 814
core   0: 3 0x8000571a (0x32e20693) x13 0x0000032e
core   0: 0x8000571e (0x00e5bb33) sltu    s6, a1, a4
core   0: 3 0x8000571e (0x00e5bb33) x22 0x00000000
core   0: 0x80005722 (0x015b0463) beq     s6, s5, pc + 8
core   0: 3 0x80005722 (0x015b0463)
core   0: 0x80005726 (0x00008191) c.srli  a1, 4
core   0: 3 0x80005726 (0x8191) x11 0x02000079
core   0: 0x80005728 (0x00008ef9) c.and   a3, a4
core   0: 3 0x80005728 (0x8ef9) x13 0x00000000
core   0: 0x8000572a (0x00008da1) c.xor   a1, s0
core   0: 3 0x8000572a (0x8da1) x11 0x02000079
core   0: 0x8000572c (0x020673b3) remu    t2, a2, zero
core   0: 3 0x8000572c (0x020673b3) x 7 0x00000001
core   0: 0x80005730 (0x1ecc2013) slti    zero, s8, 492
core   0: 3 0x80005730 (0x1ecc2013)
core   0: 0x80005734 (0x02e89ab3) mulh    s5, a7, a4
core   0: 3 0x80005734 (0x02e89ab3) x21 0x00000000
core   0: 0x80005738 (0x01dadb33) srl     s6, s5, t4
core   0: 3 0x80005738 (0x01dadb33) x22 0x00000000
core   0: 0x8000573c (0x071b3713) sltiu   a4, s6, 113
core   0: 3 0x8000573c (0x071b3713) x14 0x00000001
core   0: 0x80005740 (0x03c5bfb3) mulhu   t6, a1, t3
core   0: 3 0x80005740 (0x03c5bfb3) x31 0x0038001a
core   0: 0x80005744 (0x8badf593) andi    a1, s11, -1862
core   0: 3 0x80005744 (0x8badf593) x11 0x00000000
core   0: 0x80005748 (0x00ae7463) bgeu    t3, a0, pc + 8
core   0: 3 0x80005748 (0x00ae7463)
core   0: 0x80005750 (0x00008b31) c.andi  a4, 12
core   0: 3 0x80005750 (0x8b31) x14 0x00000000
core   0: 0x80005752 (0x00bedb13) srli    s6, t4, 11
core   0: 3 0x80005752 (0x00bedb13) x22 0x00158216
core   0: 0x80005756 (0x00006d59) c.lui   s10, 0x16
core   0: 3 0x80005756 (0x6d59) x26 0x00016000
core   0: 0x80005758 (0x0ff0000f) fence   iorw,iorw
core   0: 3 0x80005758 (0x0ff0000f)
core   0: 0x8000575c (0x01e45e93) srli    t4, s0, 30
core   0: 3 0x8000575c (0x01e45e93) x29 0x00000000
core   0: 0x80005760 (0x01ac0863) beq     s8, s10, pc + 16
core   0: 3 0x80005760 (0x01ac0863)
core   0: 0x80005764 (0x00447263) bgeu    s0, tp, pc + 4
core   0: 3 0x80005764 (0x00447263)
core   0: 0x80005768 (0x0188b733) sltu    a4, a7, s8
core   0: 3 0x80005768 (0x0188b733) x14 0x00000000
core   0: 0x8000576c (0x00000001) c.nop
core   0: 3 0x8000576c (0x0001)
core   0: 0x8000576e (0x00001e98) c.addi4spn a4, sp, 880
core   0: 3 0x8000576e (0x1e98) x14 0x0e092d31
core   0: 0x80005770 (0x03f9b933) mulhu   s2, s3, t6
core   0: 3 0x80005770 (0x03f9b933) x18 0x00310016
core   0: 0x80005774 (0x0162e3b3) or      t2, t0, s6
core   0: 3 0x80005774 (0x0162e3b3) x 7 0xfffffffe
core   0: 0x80005778 (0x0ff0000f) fence   iorw,iorw
core   0: 3 0x80005778 (0x0ff0000f)
core   0: 0x8000577c (0xc959f113) andi    sp, s3, -875
core   0: 3 0x8000577c (0xc959f113) x 2 0xe0000000
core   0: 0x80005780 (0x0291ad33) mulhsu  s10, gp, s1
core   0: 3 0x80005780 (0x0291ad33) x26 0x00000000
core   0: 0x80005784 (0x0235ed33) rem     s10, a1, gp
core   0: 3 0x80005784 (0x0235ed33) x26 0x00000000
core   0: 0x80005788 (0x00c5a633) slt     a2, a1, a2
core   0: 3 0x80005788 (0x00c5a633) x12 0x00000001
core   0: 0x8000578c (0x034d9d63) bne     s11, s4, pc + 58
core   0: 3 0x8000578c (0x034d9d63)
core   0: 0x800057c6 (0x0000c589) c.beqz  a1, pc + 10
core   0: 3 0x800057c6 (0xc589)
core   0: 0x800057d0 (0x003aa333) slt     t1, s5, gp
core   0: 3 0x800057d0 (0x003aa333) x 6 0x00000000
core   0: 0x800057d4 (0x0000100f) fence.i
core   0: 3 0x800057d4 (0x0000100f)
core   0: 0x800057d8 (0x000018f9) c.addi  a7, -2
core   0: 3 0x800057d8 (0x18f9) x17 0xfffffffd
core   0: 0x800057da (0x0000e71d) c.bnez  a4, pc + 46
core   0: 3 0x800057da (0xe71d)
core   0: 0x80005808 (0x0000100f) fence.i
core   0: 3 0x80005808 (0x0000100f)
core   0: 0x8000580c (0x0000100f) fence.i
core   0: 3 0x8000580c (0x0000100f)
core   0: 0x80005810 (0x00008216) c.mv    tp, t0
core   0: 3 0x80005810 (0x8216) x 4 0xfffffff8
core   0: 0x80005812 (0x014a6833) or      a6, s4, s4
core   0: 3 0x80005812 (0x014a6833) x16 0x80025ce4
core   0: 0x80005816 (0x0215c763) blt     a1, ra, pc + 46
core   0: 3 0x80005816 (0x0215c763)
core   0: 0x80005844 (0x00000b96) c.slli  s7, 5
core   0: 3 0x80005844 (0x0b96) x23 0x3edac7e0
core   0: 0x80005846 (0x00fd9e93) slli    t4, s11, 15
core   0: 3 0x80005846 (0x00fd9e93) x29 0x00000000
core   0: 0x8000584a (0x00001c14) c.addi4spn a3, sp, 560
core   0: 3 0x8000584a (0x1c14) x13 0xe0000230
core   0: 0x8000584c (0x011f5593) srli    a1, t5, 17
core   0: 3 0x8000584c (0x011f5593) x11 0x00000000
core   0: 0x80005850 (0x0000814d) c.srli  a0, 19
core   0: 3 0x80005850 (0x814d) x10 0x00000000
core   0: 0x80005852 (0x00001cfd) c.addi  s9, -1
core   0: 3 0x80005852 (0x1cfd) x25 0xffffffff
core   0: 0x80005854 (0x0362db63) bge     t0, s6, pc + 54
core   0: 3 0x80005854 (0x0362db63)
core   0: 0x80005858 (0x03b7af33) mulhsu  t5, a5, s11
core   0: 3 0x80005858 (0x03b7af33) x30 0x00000000
core   0: 0x8000585c (0x000005a1) c.addi  a1, 8
core   0: 3 0x8000585c (0x05a1) x11 0x00000008
core   0: 0x8000585e (0x0000717d) c.addi16sp sp, -16
core   0: 3 0x8000585e (0x717d) x 2 0xdffffff0
core   0: 0x80005860 (0x50ae6293) ori     t0, t3, 1290
core   0: 3 0x80005860 (0x50ae6293) x 5 0x1c0007aa
core   0: 0x80005864 (0x03f74d63) blt     a4, t6, pc + 58
core   0: 3 0x80005864 (0x03f74d63)
core   0: 0x80005868 (0x02ca6263) bltu    s4, a2, pc + 36
core   0: 3 0x80005868 (0x02ca6263)
core   0: 0x8000586c (0x000086f9) c.srai  a3, 30
core   0: 3 0x8000586c (0x86f9) x13 0xffffffff
core   0: 0x8000586e (0x4cc81c97) auipc   s9, 0x4cc81
core   0: 3 0x8000586e (0x4cc81c97) x25 0xccc8686e
core   0: 0x80005872 (0x02556933) rem     s2, a0, t0
core   0: 3 0x80005872 (0x02556933) x18 0x00000000
core   0: 0x80005876 (0x00000510) c.addi4spn a2, sp, 640
core   0: 3 0x80005876 (0x0510) x12 0xe0000270
core   0: 0x80005878 (0x0000058c) c.addi4spn a1, sp, 704
core   0: 3 0x80005878 (0x058c) x11 0xe00002b0
core   0: 0x8000587a (0x01f141b3) xor     gp, sp, t6
core   0: 3 0x8000587a (0x01f141b3) x 3 0xdfc7ffea
core   0: 0x8000587e (0x0225f663) bgeu    a1, sp, pc + 44
core   0: 3 0x8000587e (0x0225f663)
core   0: 0x800058aa (0x035a8f63) beq     s5, s5, pc + 62
core   0: 3 0x800058aa (0x035a8f63)
core   0: 0x800058e8 (0x01cf1e93) slli    t4, t5, 28
core   0: 3 0x800058e8 (0x01cf1e93) x29 0x00000000
core   0: 0x800058ec (0x00e9c1b3) xor     gp, s3, a4
core   0: 3 0x800058ec (0x00e9c1b3) x 3 0xee092d31
core   0: 0x800058f0 (0x023d6133) rem     sp, s10, gp
core   0: 3 0x800058f0 (0x023d6133) x 2 0x00000000
core   0: 0x800058f4 (0x01aee8b3) or      a7, t4, s10
core   0: 3 0x800058f4 (0x01aee8b3) x17 0x00000000
core   0: 0x800058f8 (0x016e7133) and     sp, t3, s6
core   0: 3 0x800058f8 (0x016e7133) x 2 0x00000202
core   0: 0x800058fc (0x039d4ab3) div     s5, s10, s9
core   0: 3 0x800058fc (0x039d4ab3) x21 0x00000000
core   0: 0x80005900 (0x00008e0e) c.mv    t3, gp
core   0: 3 0x80005900 (0x8e0e) x28 0xee092d31
core   0: 0x80005902 (0x00ca04b3) add     s1, s4, a2
core   0: 3 0x80005902 (0x00ca04b3) x 9 0x60025f54
core   0: 0x80005906 (0x3fdda013) slti    zero, s11, 1021
core   0: 3 0x80005906 (0x3fdda013)
core   0: 0x8000590a (0xef730513) addi    a0, t1, -265
core   0: 3 0x8000590a (0xef730513) x10 0xfffffef7
core   0: 0x8000590e (0x0ebd0613) addi    a2, s10, 235
core   0: 3 0x8000590e (0x0ebd0613) x12 0x000000eb
core   0: 0x80005912 (0x04f04413) xori    s0, zero, 79
core   0: 3 0x80005912 (0x04f04413) x 8 0x0000004f
core   0: 0x80005916 (0x1624c313) xori    t1, s1, 354
core   0: 3 0x80005916 (0x1624c313) x 6 0x60025e36
core   0: 0x8000591a (0x00000ad6) c.slli  s5, 21
core   0: 3 0x8000591a (0x0ad6) x21 0x00000000
core   0: 0x8000591c (0x0ff0000f) fence   iorw,iorw
core   0: 3 0x8000591c (0x0ff0000f)
core   0: 0x80005920 (0x017bc663) blt     s7, s7, pc + 12
core   0: 3 0x80005920 (0x017bc663)
core   0: 0x80005924 (0x00000df1) c.addi  s11, 28
core   0: 3 0x80005924 (0x0df1) x27 0x0000001c
core   0: 0x80005926 (0x0000717d) c.addi16sp sp, -16
core   0: 3 0x80005926 (0x717d) x 2 0x000001f2
core   0: 0x80005928 (0x00afc133) xor     sp, t6, a0
core   0: 3 0x80005928 (0x00afc133) x 2 0xffc7feed
core   0: 0x8000592c (0x8febc593) xori    a1, s7, -1794
core   0: 3 0x8000592c (0x8febc593) x11 0xc1253f1e
core   0: 0x80005930 (0x00f54763) blt     a0, a5, pc + 14
core   0: 3 0x80005930 (0x00f54763)
core   0: 0x80005934 (0x005f1f93) slli    t6, t5, 5
core   0: 3 0x80005934 (0x005f1f93) x31 0x00000000
core   0: 0x80005938 (0x00009bb6) c.add   s7, a3
core   0: 3 0x80005938 (0x9bb6) x23 0x3edac7df
core   0: 0x8000593a (0x0000178c) c.addi4spn a1, sp, 992
core   0: 3 0x8000593a (0x178c) x11 0xffc802cd
core   0: 0x8000593c (0x000098fd) c.andi  s1, -1
core   0: 3 0x8000593c (0x98fd) x 9 0x60025f54
core   0: 0x8000593e (0x41195093) srai    ra, s2, 17
core   0: 3 0x8000593e (0x41195093) x 1 0x00000000
core   0: 0x80005942 (0x09c98b63) beq     s3, t3, pc + 150
core   0: 3 0x80005942 (0x09c98b63)
core   0: 0x80005946 (0x0ff0000f) fence   iorw,iorw
core   0: 3 0x80005946 (0x0ff0000f)
core   0: 0x8000594a (0x214a2813) slti    a6, s4, 532
core   0: 3 0x8000594a (0x214a2813) x16 0x00000001
core   0: 0x8000594e (0x00c90f33) add     t5, s2, a2
core   0: 3 0x8000594e (0x00c90f33) x30 0x000000eb
core   0: 0x80005952 (0x00006365) c.lui   t1, 0x19
core   0: 3 0x80005952 (0x6365) x 6 0x00019000
core   0: 0x80005954 (0x000086fe) c.mv    a3, t6
core   0: 3 0x80005954 (0x86fe) x13 0x00000000
core   0: 0x80005956 (0x7e1d2193) slti    gp, s10, 2017
core   0: 3 0x80005956 (0x7e1d2193) x 3 0x00000001
core   0: 0x8000595a (0x01e9a733) slt     a4, s3, t5
core   0: 3 0x8000595a (0x01e9a733) x14 0x00000001
core   0: 0x8000595e (0x004ce6b3) or      a3, s9, tp
core   0: 3 0x8000595e (0x004ce6b3) x13 0xfffffffe
core   0: 0x80005962 (0x00000f10) c.addi4spn a2, sp, 912
core   0: 3 0x80005962 (0x0f10) x12 0xffc8027d
core   0: 0x80005964 (0xff600f13) li      t5, -10
core   0: 3 0x80005964 (0xff600f13) x30 0xfffffff6
core   0: 0x80005968 (0x001ddd93) srli    s11, s11, 1
core   0: 3 0x80005968 (0x001ddd93) x27 0x0000000e
core   0: 0x8000596c (0xffe00a93) li      s5, -2
core   0: 3 0x8000596c (0xffe00a93) x21 0xfffffffe
core   0: 0x80005970 (0xfdc2d897) auipc   a7, 0xfdc2d
core   0: 3 0x80005970 (0xfdc2d897) x17 0x7dc32970
core   0: 0x80005974 (0x01c3f3b3) and     t2, t2, t3
core   0: 3 0x80005974 (0x01c3f3b3) x 7 0xee092d30
core   0: 0x80005978 (0x8f263513) sltiu   a0, a2, -1806
core   0: 3 0x80005978 (0x8f263513) x10 0x00000001
core   0: 0x8000597c (0x00000f19) c.addi  t5, 6
core   0: 3 0x8000597c (0x0f19) x30 0xfffffffc
core   0: 0x8000597e (0xff900713) li      a4, -7
core   0: 3 0x8000597e (0xff900713) x14 0xfffffff9
core   0: 0x80005982 (0x00000001) c.nop
core   0: 3 0x80005982 (0x0001)
core   0: 0x80005984 (0x146bad97) auipc   s11, 0x146ba
core   0: 3 0x80005984 (0x146bad97) x27 0x946bf984
core   0: 0x80005988 (0x02f6d433) divu    s0, a3, a5
core   0: 3 0x80005988 (0x02f6d433) x 8 0x00000001
core   0: 0x8000598c (0xc47b6b13) ori     s6, s6, -953
core   0: 3 0x8000598c (0xc47b6b13) x22 0xfffffe57
core   0: 0x80005990 (0x01e81413) slli    s0, a6, 30
core   0: 3 0x80005990 (0x01e81413) x 8 0x40000000
core   0: 0x80005994 (0x00000705) c.addi  a4, 1
core   0: 3 0x80005994 (0x0705) x14 0xfffffffa
core   0: 0x80005996 (0x00000b84) c.addi4spn s1, sp, 464
core   0: 3 0x80005996 (0x0b84) x 9 0xffc800bd
core   0: 0x80005998 (0x00008045) c.srli  s0, 17
core   0: 3 0x80005998 (0x8045) x 8 0x00002000
core   0: 0x8000599a (0x00fbf3b3) and     t2, s7, a5
core   0: 3 0x8000599a (0x00fbf3b3) x 7 0x00020644
core   0: 0x8000599e (0x00009862) c.add   a6, s8
core   0: 3 0x8000599e (0x9862) x16 0xfdf3c45c
core   0: 0x800059a0 (0x00008ed9) c.or    a3, a4
core   0: 3 0x800059a0 (0x8ed9) x13 0xfffffffe
core   0: 0x800059a2 (0x0ff0000f) fence   iorw,iorw
core   0: 3 0x800059a2 (0x0ff0000f)
core   0: 0x800059a6 (0x0000f36d) c.bnez  a4, pc - 30
core   0: 3 0x800059a6 (0xf36d)
core   0: 0x80005988 (0x02f6d433) divu    s0, a3, a5
core   0: 3 0x80005988 (0x02f6d433) x 8 0x00000001
core   0: 0x8000598c (0xc47b6b13) ori     s6, s6, -953
core   0: 3 0x8000598c (0xc47b6b13) x22 0xfffffe57
core   0: 0x80005990 (0x01e81413) slli    s0, a6, 30
core   0: 3 0x80005990 (0x01e81413) x 8 0x00000000
core   0: 0x80005994 (0x00000705) c.addi  a4, 1
core   0: 3 0x80005994 (0x0705) x14 0xfffffffb
core   0: 0x80005996 (0x00000b84) c.addi4spn s1, sp, 464
core   0: 3 0x80005996 (0x0b84) x 9 0xffc800bd
core   0: 0x80005998 (0x00008045) c.srli  s0, 17
core   0: 3 0x80005998 (0x8045) x 8 0x00000000
core   0: 0x8000599a (0x00fbf3b3) and     t2, s7, a5
core   0: 3 0x8000599a (0x00fbf3b3) x 7 0x00020644
core   0: 0x8000599e (0x00009862) c.add   a6, s8
core   0: 3 0x8000599e (0x9862) x16 0xfbe788b7
core   0: 0x800059a0 (0x00008ed9) c.or    a3, a4
core   0: 3 0x800059a0 (0x8ed9) x13 0xffffffff
core   0: 0x800059a2 (0x0ff0000f) fence   iorw,iorw
core   0: 3 0x800059a2 (0x0ff0000f)
core   0: 0x800059a6 (0x0000f36d) c.bnez  a4, pc - 30
core   0: 3 0x800059a6 (0xf36d)
core   0: 0x80005988 (0x02f6d433) divu    s0, a3, a5
core   0: 3 0x80005988 (0x02f6d433) x 8 0x00000001
core   0: 0x8000598c (0xc47b6b13) ori     s6, s6, -953
core   0: 3 0x8000598c (0xc47b6b13) x22 0xfffffe57
core   0: 0x80005990 (0x01e81413) slli    s0, a6, 30
core   0: 3 0x80005990 (0x01e81413) x 8 0xc0000000
core   0: 0x80005994 (0x00000705) c.addi  a4, 1
core   0: 3 0x80005994 (0x0705) x14 0xfffffffc
core   0: 0x80005996 (0x00000b84) c.addi4spn s1, sp, 464
core   0: 3 0x80005996 (0x0b84) x 9 0xffc800bd
core   0: 0x80005998 (0x00008045) c.srli  s0, 17
core   0: 3 0x80005998 (0x8045) x 8 0x00006000
core   0: 0x8000599a (0x00fbf3b3) and     t2, s7, a5
core   0: 3 0x8000599a (0x00fbf3b3) x 7 0x00020644
core   0: 0x8000599e (0x00009862) c.add   a6, s8
core   0: 3 0x8000599e (0x9862) x16 0xf9db4d12
core   0: 0x800059a0 (0x00008ed9) c.or    a3, a4
core   0: 3 0x800059a0 (0x8ed9) x13 0xffffffff
core   0: 0x800059a2 (0x0ff0000f) fence   iorw,iorw
core   0: 3 0x800059a2 (0x0ff0000f)
core   0: 0x800059a6 (0x0000f36d) c.bnez  a4, pc - 30
core   0: 3 0x800059a6 (0xf36d)
core   0: 0x80005988 (0x02f6d433) divu    s0, a3, a5
core   0: 3 0x80005988 (0x02f6d433) x 8 0x00000001
core   0: 0x8000598c (0xc47b6b13) ori     s6, s6, -953
core   0: 3 0x8000598c (0xc47b6b13) x22 0xfffffe57
core   0: 0x80005990 (0x01e81413) slli    s0, a6, 30
core   0: 3 0x80005990 (0x01e81413) x 8 0x80000000
core   0: 0x80005994 (0x00000705) c.addi  a4, 1
core   0: 3 0x80005994 (0x0705) x14 0xfffffffd
core   0: 0x80005996 (0x00000b84) c.addi4spn s1, sp, 464
core   0: 3 0x80005996 (0x0b84) x 9 0xffc800bd
core   0: 0x80005998 (0x00008045) c.srli  s0, 17
core   0: 3 0x80005998 (0x8045) x 8 0x00004000
core   0: 0x8000599a (0x00fbf3b3) and     t2, s7, a5
core   0: 3 0x8000599a (0x00fbf3b3) x 7 0x00020644
core   0: 0x8000599e (0x00009862) c.add   a6, s8
core   0: 3 0x8000599e (0x9862) x16 0xf7cf116d
core   0: 0x800059a0 (0x00008ed9) c.or    a3, a4
core   0: 3 0x800059a0 (0x8ed9) x13 0xffffffff
core   0: 0x800059a2 (0x0ff0000f) fence   iorw,iorw
core   0: 3 0x800059a2 (0x0ff0000f)
core   0: 0x800059a6 (0x0000f36d) c.bnez  a4, pc - 30
core   0: 3 0x800059a6 (0xf36d)
core   0: 0x80005988 (0x02f6d433) divu    s0, a3, a5
core   0: 3 0x80005988 (0x02f6d433) x 8 0x00000001
core   0: 0x8000598c (0xc47b6b13) ori     s6, s6, -953
core   0: 3 0x8000598c (0xc47b6b13) x22 0xfffffe57
core   0: 0x80005990 (0x01e81413) slli    s0, a6, 30
core   0: 3 0x80005990 (0x01e81413) x 8 0x40000000
core   0: 0x80005994 (0x00000705) c.addi  a4, 1
core   0: 3 0x80005994 (0x0705) x14 0xfffffffe
core   0: 0x80005996 (0x00000b84) c.addi4spn s1, sp, 464
core   0: 3 0x80005996 (0x0b84) x 9 0xffc800bd
core   0: 0x80005998 (0x00008045) c.srli  s0, 17
core   0: 3 0x80005998 (0x8045) x 8 0x00002000
core   0: 0x8000599a (0x00fbf3b3) and     t2, s7, a5
core   0: 3 0x8000599a (0x00fbf3b3) x 7 0x00020644
core   0: 0x8000599e (0x00009862) c.add   a6, s8
core   0: 3 0x8000599e (0x9862) x16 0xf5c2d5c8
core   0: 0x800059a0 (0x00008ed9) c.or    a3, a4
core   0: 3 0x800059a0 (0x8ed9) x13 0xffffffff
core   0: 0x800059a2 (0x0ff0000f) fence   iorw,iorw
core   0: 3 0x800059a2 (0x0ff0000f)
core   0: 0x800059a6 (0x0000f36d) c.bnez  a4, pc - 30
core   0: 3 0x800059a6 (0xf36d)
core   0: 0x80005988 (0x02f6d433) divu    s0, a3, a5
core   0: 3 0x80005988 (0x02f6d433) x 8 0x00000001
core   0: 0x8000598c (0xc47b6b13) ori     s6, s6, -953
core   0: 3 0x8000598c (0xc47b6b13) x22 0xfffffe57
core   0: 0x80005990 (0x01e81413) slli    s0, a6, 30
core   0: 3 0x80005990 (0x01e81413) x 8 0x00000000
core   0: 0x80005994 (0x00000705) c.addi  a4, 1
core   0: 3 0x80005994 (0x0705) x14 0xffffffff
core   0: 0x80005996 (0x00000b84) c.addi4spn s1, sp, 464
core   0: 3 0x80005996 (0x0b84) x 9 0xffc800bd
core   0: 0x80005998 (0x00008045) c.srli  s0, 17
core   0: 3 0x80005998 (0x8045) x 8 0x00000000
core   0: 0x8000599a (0x00fbf3b3) and     t2, s7, a5
core   0: 3 0x8000599a (0x00fbf3b3) x 7 0x00020644
core   0: 0x8000599e (0x00009862) c.add   a6, s8
core   0: 3 0x8000599e (0x9862) x16 0xf3b69a23
core   0: 0x800059a0 (0x00008ed9) c.or    a3, a4
core   0: 3 0x800059a0 (0x8ed9) x13 0xffffffff
core   0: 0x800059a2 (0x0ff0000f) fence   iorw,iorw
core   0: 3 0x800059a2 (0x0ff0000f)
core   0: 0x800059a6 (0x0000f36d) c.bnez  a4, pc - 30
core   0: 3 0x800059a6 (0xf36d)
core   0: 0x80005988 (0x02f6d433) divu    s0, a3, a5
core   0: 3 0x80005988 (0x02f6d433) x 8 0x00000001
core   0: 0x8000598c (0xc47b6b13) ori     s6, s6, -953
core   0: 3 0x8000598c (0xc47b6b13) x22 0xfffffe57
core   0: 0x80005990 (0x01e81413) slli    s0, a6, 30
core   0: 3 0x80005990 (0x01e81413) x 8 0xc0000000
core   0: 0x80005994 (0x00000705) c.addi  a4, 1
core   0: 3 0x80005994 (0x0705) x14 0x00000000
core   0: 0x80005996 (0x00000b84) c.addi4spn s1, sp, 464
core   0: 3 0x80005996 (0x0b84) x 9 0xffc800bd
core   0: 0x80005998 (0x00008045) c.srli  s0, 17
core   0: 3 0x80005998 (0x8045) x 8 0x00006000
core   0: 0x8000599a (0x00fbf3b3) and     t2, s7, a5
core   0: 3 0x8000599a (0x00fbf3b3) x 7 0x00020644
core   0: 0x8000599e (0x00009862) c.add   a6, s8
core   0: 3 0x8000599e (0x9862) x16 0xf1aa5e7e
core   0: 0x800059a0 (0x00008ed9) c.or    a3, a4
core   0: 3 0x800059a0 (0x8ed9) x13 0xffffffff
core   0: 0x800059a2 (0x0ff0000f) fence   iorw,iorw
core   0: 3 0x800059a2 (0x0ff0000f)
core   0: 0x800059a6 (0x0000f36d) c.bnez  a4, pc - 30
core   0: 3 0x800059a6 (0xf36d)
core   0: 0x800059a8 (0x0000883d) c.andi  s0, 15
core   0: 3 0x800059a8 (0x883d) x 8 0x00000000
core   0: 0x800059aa (0xfd5f47e3) blt     t5, s5, pc - 50
core   0: 3 0x800059aa (0xfd5f47e3)
core   0: 0x80005978 (0x8f263513) sltiu   a0, a2, -1806
core   0: 3 0x80005978 (0x8f263513) x10 0x00000001
core   0: 0x8000597c (0x00000f19) c.addi  t5, 6
core   0: 3 0x8000597c (0x0f19) x30 0x00000002
core   0: 0x8000597e (0xff900713) li      a4, -7
core   0: 3 0x8000597e (0xff900713) x14 0xfffffff9
core   0: 0x80005982 (0x00000001) c.nop
core   0: 3 0x80005982 (0x0001)
core   0: 0x80005984 (0x146bad97) auipc   s11, 0x146ba
core   0: 3 0x80005984 (0x146bad97) x27 0x946bf984
core   0: 0x80005988 (0x02f6d433) divu    s0, a3, a5
core   0: 3 0x80005988 (0x02f6d433) x 8 0x00000001
core   0: 0x8000598c (0xc47b6b13) ori     s6, s6, -953
core   0: 3 0x8000598c (0xc47b6b13) x22 0xfffffe57
core   0: 0x80005990 (0x01e81413) slli    s0, a6, 30
core   0: 3 0x80005990 (0x01e81413) x 8 0x80000000
core   0: 0x80005994 (0x00000705) c.addi  a4, 1
core   0: 3 0x80005994 (0x0705) x14 0xfffffffa
core   0: 0x80005996 (0x00000b84) c.addi4spn s1, sp, 464
core   0: 3 0x80005996 (0x0b84) x 9 0xffc800bd
core   0: 0x80005998 (0x00008045) c.srli  s0, 17
core   0: 3 0x80005998 (0x8045) x 8 0x00004000
core   0: 0x8000599a (0x00fbf3b3) and     t2, s7, a5
core   0: 3 0x8000599a (0x00fbf3b3) x 7 0x00020644
core   0: 0x8000599e (0x00009862) c.add   a6, s8
core   0: 3 0x8000599e (0x9862) x16 0xef9e22d9
core   0: 0x800059a0 (0x00008ed9) c.or    a3, a4
core   0: 3 0x800059a0 (0x8ed9) x13 0xffffffff
core   0: 0x800059a2 (0x0ff0000f) fence   iorw,iorw
core   0: 3 0x800059a2 (0x0ff0000f)
core   0: 0x800059a6 (0x0000f36d) c.bnez  a4, pc - 30
core   0: 3 0x800059a6 (0xf36d)
core   0: 0x80005988 (0x02f6d433) divu    s0, a3, a5
core   0: 3 0x80005988 (0x02f6d433) x 8 0x00000001
core   0: 0x8000598c (0xc47b6b13) ori     s6, s6, -953
core   0: 3 0x8000598c (0xc47b6b13) x22 0xfffffe57
core   0: 0x80005990 (0x01e81413) slli    s0, a6, 30
core   0: 3 0x80005990 (0x01e81413) x 8 0x40000000
core   0: 0x80005994 (0x00000705) c.addi  a4, 1
core   0: 3 0x80005994 (0x0705) x14 0xfffffffb
core   0: 0x80005996 (0x00000b84) c.addi4spn s1, sp, 464
core   0: 3 0x80005996 (0x0b84) x 9 0xffc800bd
core   0: 0x80005998 (0x00008045) c.srli  s0, 17
core   0: 3 0x80005998 (0x8045) x 8 0x00002000
core   0: 0x8000599a (0x00fbf3b3) and     t2, s7, a5
core   0: 3 0x8000599a (0x00fbf3b3) x 7 0x00020644
core   0: 0x8000599e (0x00009862) c.add   a6, s8
core   0: 3 0x8000599e (0x9862) x16 0xed91e734
core   0: 0x800059a0 (0x00008ed9) c.or    a3, a4
core   0: 3 0x800059a0 (0x8ed9) x13 0xffffffff
core   0: 0x800059a2 (0x0ff0000f) fence   iorw,iorw
core   0: 3 0x800059a2 (0x0ff0000f)
core   0: 0x800059a6 (0x0000f36d) c.bnez  a4, pc - 30
core   0: 3 0x800059a6 (0xf36d)
core   0: 0x80005988 (0x02f6d433) divu    s0, a3, a5
core   0: 3 0x80005988 (0x02f6d433) x 8 0x00000001
core   0: 0x8000598c (0xc47b6b13) ori     s6, s6, -953
core   0: 3 0x8000598c (0xc47b6b13) x22 0xfffffe57
core   0: 0x80005990 (0x01e81413) slli    s0, a6, 30
core   0: 3 0x80005990 (0x01e81413) x 8 0x00000000
core   0: 0x80005994 (0x00000705) c.addi  a4, 1
core   0: 3 0x80005994 (0x0705) x14 0xfffffffc
core   0: 0x80005996 (0x00000b84) c.addi4spn s1, sp, 464
core   0: 3 0x80005996 (0x0b84) x 9 0xffc800bd
core   0: 0x80005998 (0x00008045) c.srli  s0, 17
core   0: 3 0x80005998 (0x8045) x 8 0x00000000
core   0: 0x8000599a (0x00fbf3b3) and     t2, s7, a5
core   0: 3 0x8000599a (0x00fbf3b3) x 7 0x00020644
core   0: 0x8000599e (0x00009862) c.add   a6, s8
core   0: 3 0x8000599e (0x9862) x16 0xeb85ab8f
core   0: 0x800059a0 (0x00008ed9) c.or    a3, a4
core   0: 3 0x800059a0 (0x8ed9) x13 0xffffffff
core   0: 0x800059a2 (0x0ff0000f) fence   iorw,iorw
core   0: 3 0x800059a2 (0x0ff0000f)
core   0: 0x800059a6 (0x0000f36d) c.bnez  a4, pc - 30
core   0: 3 0x800059a6 (0xf36d)
core   0: 0x80005988 (0x02f6d433) divu    s0, a3, a5
core   0: 3 0x80005988 (0x02f6d433) x 8 0x00000001
core   0: 0x8000598c (0xc47b6b13) ori     s6, s6, -953
core   0: 3 0x8000598c (0xc47b6b13) x22 0xfffffe57
core   0: 0x80005990 (0x01e81413) slli    s0, a6, 30
core   0: 3 0x80005990 (0x01e81413) x 8 0xc0000000
core   0: 0x80005994 (0x00000705) c.addi  a4, 1
core   0: 3 0x80005994 (0x0705) x14 0xfffffffd
core   0: 0x80005996 (0x00000b84) c.addi4spn s1, sp, 464
core   0: 3 0x80005996 (0x0b84) x 9 0xffc800bd
core   0: 0x80005998 (0x00008045) c.srli  s0, 17
core   0: 3 0x80005998 (0x8045) x 8 0x00006000
core   0: 0x8000599a (0x00fbf3b3) and     t2, s7, a5
core   0: 3 0x8000599a (0x00fbf3b3) x 7 0x00020644
core   0: 0x8000599e (0x00009862) c.add   a6, s8
core   0: 3 0x8000599e (0x9862) x16 0xe9796fea
core   0: 0x800059a0 (0x00008ed9) c.or    a3, a4
core   0: 3 0x800059a0 (0x8ed9) x13 0xffffffff
core   0: 0x800059a2 (0x0ff0000f) fence   iorw,iorw
core   0: 3 0x800059a2 (0x0ff0000f)
core   0: 0x800059a6 (0x0000f36d) c.bnez  a4, pc - 30
core   0: 3 0x800059a6 (0xf36d)
core   0: 0x80005988 (0x02f6d433) divu    s0, a3, a5
core   0: 3 0x80005988 (0x02f6d433) x 8 0x00000001
core   0: 0x8000598c (0xc47b6b13) ori     s6, s6, -953
core   0: 3 0x8000598c (0xc47b6b13) x22 0xfffffe57
core   0: 0x80005990 (0x01e81413) slli    s0, a6, 30
core   0: 3 0x80005990 (0x01e81413) x 8 0x80000000
core   0: 0x80005994 (0x00000705) c.addi  a4, 1
core   0: 3 0x80005994 (0x0705) x14 0xfffffffe
core   0: 0x80005996 (0x00000b84) c.addi4spn s1, sp, 464
core   0: 3 0x80005996 (0x0b84) x 9 0xffc800bd
core   0: 0x80005998 (0x00008045) c.srli  s0, 17
core   0: 3 0x80005998 (0x8045) x 8 0x00004000
core   0: 0x8000599a (0x00fbf3b3) and     t2, s7, a5
core   0: 3 0x8000599a (0x00fbf3b3) x 7 0x00020644
core   0: 0x8000599e (0x00009862) c.add   a6, s8
core   0: 3 0x8000599e (0x9862) x16 0xe76d3445
core   0: 0x800059a0 (0x00008ed9) c.or    a3, a4
core   0: 3 0x800059a0 (0x8ed9) x13 0xffffffff
core   0: 0x800059a2 (0x0ff0000f) fence   iorw,iorw
core   0: 3 0x800059a2 (0x0ff0000f)
core   0: 0x800059a6 (0x0000f36d) c.bnez  a4, pc - 30
core   0: 3 0x800059a6 (0xf36d)
core   0: 0x80005988 (0x02f6d433) divu    s0, a3, a5
core   0: 3 0x80005988 (0x02f6d433) x 8 0x00000001
core   0: 0x8000598c (0xc47b6b13) ori     s6, s6, -953
core   0: 3 0x8000598c (0xc47b6b13) x22 0xfffffe57
core   0: 0x80005990 (0x01e81413) slli    s0, a6, 30
core   0: 3 0x80005990 (0x01e81413) x 8 0x40000000
core   0: 0x80005994 (0x00000705) c.addi  a4, 1
core   0: 3 0x80005994 (0x0705) x14 0xffffffff
core   0: 0x80005996 (0x00000b84) c.addi4spn s1, sp, 464
core   0: 3 0x80005996 (0x0b84) x 9 0xffc800bd
core   0: 0x80005998 (0x00008045) c.srli  s0, 17
core   0: 3 0x80005998 (0x8045) x 8 0x00002000
core   0: 0x8000599a (0x00fbf3b3) and     t2, s7, a5
core   0: 3 0x8000599a (0x00fbf3b3) x 7 0x00020644
core   0: 0x8000599e (0x00009862) c.add   a6, s8
core   0: 3 0x8000599e (0x9862) x16 0xe560f8a0
core   0: 0x800059a0 (0x00008ed9) c.or    a3, a4
core   0: 3 0x800059a0 (0x8ed9) x13 0xffffffff
core   0: 0x800059a2 (0x0ff0000f) fence   iorw,iorw
core   0: 3 0x800059a2 (0x0ff0000f)
core   0: 0x800059a6 (0x0000f36d) c.bnez  a4, pc - 30
core   0: 3 0x800059a6 (0xf36d)
core   0: 0x80005988 (0x02f6d433) divu    s0, a3, a5
core   0: 3 0x80005988 (0x02f6d433) x 8 0x00000001
core   0: 0x8000598c (0xc47b6b13) ori     s6, s6, -953
core   0: 3 0x8000598c (0xc47b6b13) x22 0xfffffe57
core   0: 0x80005990 (0x01e81413) slli    s0, a6, 30
core   0: 3 0x80005990 (0x01e81413) x 8 0x00000000
core   0: 0x80005994 (0x00000705) c.addi  a4, 1
core   0: 3 0x80005994 (0x0705) x14 0x00000000
core   0: 0x80005996 (0x00000b84) c.addi4spn s1, sp, 464
core   0: 3 0x80005996 (0x0b84) x 9 0xffc800bd
core   0: 0x80005998 (0x00008045) c.srli  s0, 17
core   0: 3 0x80005998 (0x8045) x 8 0x00000000
core   0: 0x8000599a (0x00fbf3b3) and     t2, s7, a5
core   0: 3 0x8000599a (0x00fbf3b3) x 7 0x00020644
core   0: 0x8000599e (0x00009862) c.add   a6, s8
core   0: 3 0x8000599e (0x9862) x16 0xe354bcfb
core   0: 0x800059a0 (0x00008ed9) c.or    a3, a4
core   0: 3 0x800059a0 (0x8ed9) x13 0xffffffff
core   0: 0x800059a2 (0x0ff0000f) fence   iorw,iorw
core   0: 3 0x800059a2 (0x0ff0000f)
core   0: 0x800059a6 (0x0000f36d) c.bnez  a4, pc - 30
core   0: 3 0x800059a6 (0xf36d)
core   0: 0x800059a8 (0x0000883d) c.andi  s0, 15
core   0: 3 0x800059a8 (0x883d) x 8 0x00000000
core   0: 0x800059aa (0xfd5f47e3) blt     t5, s5, pc - 50
core   0: 3 0x800059aa (0xfd5f47e3)
core   0: 0x800059ae (0x4f7ab893) sltiu   a7, s5, 1271
core   0: 3 0x800059ae (0x4f7ab893) x17 0x00000000
core   0: 0x800059b2 (0x01578d63) beq     a5, s5, pc + 26
core   0: 3 0x800059b2 (0x01578d63)
core   0: 0x800059b6 (0x0f11f293) andi    t0, gp, 241
core   0: 3 0x800059b6 (0x0f11f293) x 5 0x00000001
core   0: 0x800059ba (0x02d318b3) mulh    a7, t1, a3
core   0: 3 0x800059ba (0x02d318b3) x17 0xffffffff
core   0: 0x800059be (0x03d1d363) bge     gp, t4, pc + 38
core   0: 3 0x800059be (0x03d1d363)
core   0: 0x800059e4 (0x1633cd13) xori    s10, t2, 355
core   0: 3 0x800059e4 (0x1633cd13) x26 0x00020727
core   0: 0x800059e8 (0x96e3e017) auipc   zero, 0x96e3e
core   0: 3 0x800059e8 (0x96e3e017)
core   0: 0x800059ec (0x4fcfcc93) xori    s9, t6, 1276
core   0: 3 0x800059ec (0x4fcfcc93) x25 0x000004fc
core   0: 0x800059f0 (0x000082f2) c.mv    t0, t3
core   0: 3 0x800059f0 (0x82f2) x 5 0xee092d31
core   0: 0x800059f2 (0x41525f33) sra     t5, tp, s5
core   0: 3 0x800059f2 (0x41525f33) x30 0xffffffff
core   0: 0x800059f6 (0x00000001) c.nop
core   0: 3 0x800059f6 (0x0001)
core   0: 0x800059f8 (0x0000cd81) c.beqz  a1, pc + 24
core   0: 3 0x800059f8 (0xcd81)
core   0: 0x800059fa (0x03a546b3) div     a3, a0, s10
core   0: 3 0x800059fa (0x03a546b3) x13 0x00000000
core   0: 0x800059fe (0x000086d1) c.srai  a3, 20
core   0: 3 0x800059fe (0x86d1) x13 0x00000000
core   0: 0x80005a00 (0x00006111) c.addi16sp sp, 256
core   0: 3 0x80005a00 (0x6111) x 2 0xffc7ffed
core   0: 0x80005a02 (0x02d1be33) mulhu   t3, gp, a3
core   0: 3 0x80005a02 (0x02d1be33) x28 0x00000000
core   0: 0x80005a06 (0x00008ded) c.and   a1, a1
core   0: 3 0x80005a06 (0x8ded) x11 0xffc802cd
core   0: 0x80005a08 (0x0000415d) c.li    sp, 23
core   0: 3 0x80005a08 (0x415d) x 2 0x00000017
core   0: 0x80005a0a (0x024e51b3) divu    gp, t3, tp
core   0: 3 0x80005a0a (0x024e51b3) x 3 0x00000000
core   0: 0x80005a0e (0x00008de1) c.and   a1, s0
core   0: 3 0x80005a0e (0x8de1) x11 0x00000000
core   0: 0x80005a10 (0x000099fd) c.andi  a1, -1
core   0: 3 0x80005a10 (0x99fd) x11 0x00000000
core   0: 0x80005a12 (0x02a83333) mulhu   t1, a6, a0
core   0: 3 0x80005a12 (0x02a83333) x 6 0x00000000
core   0: 0x80005a16 (0x0000117d) c.addi  sp, -1
core   0: 3 0x80005a16 (0x117d) x 2 0x00000016
core   0: 0x80005a18 (0x8c5ff613) andi    a2, t6, -1851
core   0: 3 0x80005a18 (0x8c5ff613) x12 0x00000000
core   0: 0x80005a1c (0x01165533) srl     a0, a2, a7
core   0: 3 0x80005a1c (0x01165533) x10 0x00000000
core   0: 0x80005a20 (0x00008c35) c.xor   s0, a3
core   0: 3 0x80005a20 (0x8c35) x 8 0x00000000
core   0: 0x80005a22 (0x013ce133) or      sp, s9, s3
core   0: 3 0x80005a22 (0x013ce133) x 2 0xe00004fc
core   0: 0x80005a26 (0x00008d45) c.or    a0, s1
core   0: 3 0x80005a26 (0x8d45) x10 0xffc800bd
core   0: 0x80005a28 (0x00008ec5) c.or    a3, s1
core   0: 3 0x80005a28 (0x8ec5) x13 0xffc800bd
core   0: 0x80005a2a (0x023d95b3) mulh    a1, s11, gp
core   0: 3 0x80005a2a (0x023d95b3) x11 0x00000000
core   0: 0x80005a2e (0x0000717d) c.addi16sp sp, -16
core   0: 3 0x80005a2e (0x717d) x 2 0xe00004ec
core   0: 0x80005a30 (0x036e1833) mulh    a6, t3, s6
core   0: 3 0x80005a30 (0x036e1833) x16 0x00000000
core   0: 0x80005a34 (0x00a623b3) slt     t2, a2, a0
core   0: 3 0x80005a34 (0x00a623b3) x 7 0x00000000
core   0: 0x80005a38 (0xd4654393) xori    t2, a0, -698
core   0: 3 0x80005a38 (0xd4654393) x 7 0x0037fdfb
core   0: 0x80005a3c (0x0261e3b3) rem     t2, gp, t1
core   0: 3 0x80005a3c (0x0261e3b3) x 7 0x00000000
core   0: 0x80005a40 (0x01bdea63) bltu    s11, s11, pc + 20
core   0: 3 0x80005a40 (0x01bdea63)
core   0: 0x80005a44 (0x0000e719) c.bnez  a4, pc + 14
core   0: 3 0x80005a44 (0xe719)
core   0: 0x80005a46 (0x00000001) c.nop
core   0: 3 0x80005a46 (0x0001)
core   0: 0x80005a48 (0x00000afe) c.slli  s5, 31
core   0: 3 0x80005a48 (0x0afe) x21 0x00000000
core   0: 0x80005a4a (0x016b1833) sll     a6, s6, s6
core   0: 3 0x80005a4a (0x016b1833) x16 0x2b800000
core   0: 0x80005a4e (0x40905893) srai    a7, zero, 9
core   0: 3 0x80005a4e (0x40905893) x17 0x00000000
core   0: 0x80005a52 (0x00008cd9) c.or    s1, a4
core   0: 3 0x80005a52 (0x8cd9) x 9 0xffc800bd
core   0: 0x80005a54 (0x00008c3d) c.xor   s0, a5
core   0: 3 0x80005a54 (0x8c3d) x 8 0x80021e64
core   0: 0x80005a56 (0x00008ec9) c.or    a3, a0
core   0: 3 0x80005a56 (0x8ec9) x13 0xffc800bd
core   0: 0x80005a58 (0xa2f90093) addi    ra, s2, -1489
core   0: 3 0x80005a58 (0xa2f90093) x 1 0xfffffa2f
core   0: 0x80005a5c (0x00001ffd) c.addi  t6, -1
core   0: 3 0x80005a5c (0x1ffd) x31 0xffffffff
core   0: 0x80005a5e (0x011eb833) sltu    a6, t4, a7
core   0: 3 0x80005a5e (0x011eb833) x16 0x00000000
core   0: 0x80005a62 (0x41948433) sub     s0, s1, s9
core   0: 3 0x80005a62 (0x41948433) x 8 0xffc7fbc1
core   0: 0x80005a66 (0x41195e93) srai    t4, s2, 17
core   0: 3 0x80005a66 (0x41195e93) x29 0x00000000
core   0: 0x80005a6a (0x02f924b3) mulhsu  s1, s2, a5
core   0: 3 0x80005a6a (0x02f924b3) x 9 0x00000000
core   0: 0x80005a6e (0x0000e489) c.bnez  s1, pc + 10
core   0: 3 0x80005a6e (0xe489)
core   0: 0x80005a70 (0x039a9bb3) mulh    s7, s5, s9
core   0: 3 0x80005a70 (0x039a9bb3) x23 0x00000000
core   0: 0x80005a74 (0x007ab433) sltu    s0, s5, t2
core   0: 3 0x80005a74 (0x007ab433) x 8 0x00000000
core   0: 0x80005a78 (0x00008c31) c.xor   s0, a2
core   0: 3 0x80005a78 (0x8c31) x 8 0x00000000
core   0: 0x80005a7a (0x0000985e) c.add   a6, s7
core   0: 3 0x80005a7a (0x985e) x16 0x00000000
core   0: 0x80005a7c (0x01d772b3) and     t0, a4, t4
core   0: 3 0x80005a7c (0x01d772b3) x 5 0x00000000
core   0: 0x80005a80 (0x0137b933) sltu    s2, a5, s3
core   0: 3 0x80005a80 (0x0137b933) x18 0x00000001
core   0: 0x80005a84 (0x03d11eb3) mulh    t4, sp, t4
core   0: 3 0x80005a84 (0x03d11eb3) x29 0x00000000
core   0: 0x80005a88 (0x03b91933) mulh    s2, s2, s11
core   0: 3 0x80005a88 (0x03b91933) x18 0xffffffff
core   0: 0x80005a8c (0x00000001) c.nop
core   0: 3 0x80005a8c (0x0001)
core   0: 0x80005a8e (0xca4d3593) sltiu   a1, s10, -860
core   0: 3 0x80005a8e (0xca4d3593) x11 0x00000001
core   0: 0x80005a92 (0x01429633) sll     a2, t0, s4
core   0: 3 0x80005a92 (0x01429633) x12 0x00000000
core   0: 0x80005a96 (0x00008cb9) c.xor   s1, a4
core   0: 3 0x80005a96 (0x8cb9) x 9 0x00000000
core   0: 0x80005a98 (0x7a34b493) sltiu   s1, s1, 1955
core   0: 3 0x80005a98 (0x7a34b493) x 9 0x00000001
core   0: 0x80005a9c (0x40ec8033) sub     zero, s9, a4
core   0: 3 0x80005a9c (0x40ec8033)
core   0: 0x80005aa0 (0x021cd5b3) divu    a1, s9, ra
core   0: 3 0x80005aa0 (0x021cd5b3) x11 0x00000000
core   0: 0x80005aa4 (0x03a83233) mulhu   tp, a6, s10
core   0: 3 0x80005aa4 (0x03a83233) x 4 0x00000000
core   0: 0x80005aa8 (0x00679fb3) sll     t6, a5, t1
core   0: 3 0x80005aa8 (0x00679fb3) x31 0x80021e64
core   0: 0x80005aac (0x19ae5937) lui     s2, 0x19ae5
core   0: 3 0x80005aac (0x19ae5937) x18 0x19ae5000
core   0: 0x80005ab0 (0x00008fc2) c.mv    t6, a6
core   0: 3 0x80005ab0 (0x8fc2) x31 0x00000000
core   0: 0x80005ab2 (0x00b9b533) sltu    a0, s3, a1
core   0: 3 0x80005ab2 (0x00b9b533) x10 0x00000000
core   0: 0x80005ab6 (0x0220cc63) blt     ra, sp, pc + 56
core   0: 3 0x80005ab6 (0x0220cc63)
core   0: 0x80005aba (0xd578a213) slti    tp, a7, -681
core   0: 3 0x80005aba (0xd578a213) x 4 0x00000000
core   0: 0x80005abe (0x01e44293) xori    t0, s0, 30
core   0: 3 0x80005abe (0x01e44293) x 5 0x0000001e
core   0: 0x80005ac2 (0x0ff0000f) fence   iorw,iorw
core   0: 3 0x80005ac2 (0x0ff0000f)
core   0: 0x80005ac6 (0x00d01193) slli    gp, zero, 13
core   0: 3 0x80005ac6 (0x00d01193) x 3 0x00000000
core   0: 0x80005aca (0x0056ccb3) xor     s9, a3, t0
core   0: 3 0x80005aca (0x0056ccb3) x25 0xffc800a3
core   0: 0x80005ace (0x0045de13) srli    t3, a1, 4
core   0: 3 0x80005ace (0x0045de13) x28 0x00000000
core   0: 0x80005ad2 (0x0000100f) fence.i
core   0: 3 0x80005ad2 (0x0000100f)
core   0: 0x80005ad6 (0x00008ec1) c.or    a3, s0
core   0: 3 0x80005ad6 (0x8ec1) x13 0xffc800bd
core   0: 0x80005ad8 (0x0000962a) c.add   a2, a0
core   0: 3 0x80005ad8 (0x962a) x12 0x00000000
core   0: 0x80005ada (0x2b78a693) slti    a3, a7, 695
core   0: 3 0x80005ada (0x2b78a693) x13 0x00000001
core   0: 0x80005ade (0x039f31b3) mulhu   gp, t5, s9
core   0: 3 0x80005ade (0x039f31b3) x 3 0xffc800a2
core   0: 0x80005ae2 (0x00008f35) c.xor   a4, a3
core   0: 3 0x80005ae2 (0x8f35) x14 0x00000001
core   0: 0x80005ae4 (0x0110fa63) bgeu    ra, a7, pc + 20
core   0: 3 0x80005ae4 (0x0110fa63)
core   0: 0x80005af8 (0x0000080c) c.addi4spn a1, sp, 16
core   0: 3 0x80005af8 (0x080c) x11 0xe00004fc
core   0: 0x80005afa (0x00556263) bltu    a0, t0, pc + 4
core   0: 3 0x80005afa (0x00556263)
core   0: 0x80005afe (0x0203f533) remu    a0, t2, zero
core   0: 3 0x80005afe (0x0203f533) x10 0x00000000
core   0: 0x80005b02 (0x4061df93) srai    t6, gp, 6
core   0: 3 0x80005b02 (0x4061df93) x31 0xffff2002
core   0: 0x80005b06 (0x00008591) c.srai  a1, 4
core   0: 3 0x80005b06 (0x8591) x11 0xfe00004f
core   0: 0x80005b08 (0x0000028a) c.slli  t0, 2
core   0: 3 0x80005b08 (0x028a) x 5 0x00000078
core   0: 0x80005b0a (0x02ac8333) mul     t1, s9, a0
core   0: 3 0x80005b0a (0x02ac8333) x 6 0x00000000
core   0: 0x80005b0e (0x0000043d) c.addi  s0, 15
core   0: 3 0x80005b0e (0x043d) x 8 0x0000000f
core   0: 0x80005b10 (0x00006175) c.addi16sp sp, 368
core   0: 3 0x80005b10 (0x6175) x 2 0xe000065c
core   0: 0x80005b12 (0x4707b893) sltiu   a7, a5, 1136
core   0: 3 0x80005b12 (0x4707b893) x17 0x00000000
core   0: 0x80005b16 (0x4d530b37) lui     s6, 0x4d530
core   0: 3 0x80005b16 (0x4d530b37) x22 0x4d530000
core   0: 0x80005b1a (0x114cb713) sltiu   a4, s9, 276
core   0: 3 0x80005b1a (0x114cb713) x14 0x00000000
core   0: 0x80005b1e (0x0000cd81) c.beqz  a1, pc + 24
core   0: 3 0x80005b1e (0xcd81)
core   0: 0x80005b20 (0x0ff0000f) fence   iorw,iorw
core   0: 3 0x80005b20 (0x0ff0000f)
core   0: 0x80005b24 (0x03396833) rem     a6, s2, s3
core   0: 3 0x80005b24 (0x03396833) x16 0x19ae5000
core   0: 0x80005b28 (0x004972b3) and     t0, s2, tp
core   0: 3 0x80005b28 (0x004972b3) x 5 0x00000000
core   0: 0x80005b2c (0x003f6b33) or      s6, t5, gp
core   0: 3 0x80005b2c (0x003f6b33) x22 0xffffffff
core   0: 0x80005b30 (0x02857e33) remu    t3, a0, s0
core   0: 3 0x80005b30 (0x02857e33) x28 0x00000000
core   0: 0x80005b34 (0x00000001) c.nop
core   0: 3 0x80005b34 (0x0001)
core   0: 0x80005b36 (0x00000001) c.nop
core   0: 3 0x80005b36 (0x0001)
core   0: 0x80005b38 (0x5f1a4413) xori    s0, s4, 1521
core   0: 3 0x80005b38 (0x5f1a4413) x 8 0x80025915
core   0: 0x80005b3c (0xa11dc713) xori    a4, s11, -1519
core   0: 3 0x80005b3c (0xa11dc713) x14 0x6b940395
core   0: 0x80005b40 (0x00006145) c.addi16sp sp, 48
core   0: 3 0x80005b40 (0x6145) x 2 0xe000068c
core   0: 0x80005b42 (0x32343a93) sltiu   s5, s0, 803
core   0: 3 0x80005b42 (0x32343a93) x21 0x00000000
core   0: 0x80005b46 (0x255bf113) andi    sp, s7, 597
core   0: 3 0x80005b46 (0x255bf113) x 2 0x00000000
core   0: 0x80005b4a (0x000000e2) c.slli  ra, 24
core   0: 3 0x80005b4a (0x00e2) x 1 0x2f000000
core   0: 0x80005b4c (0x03e4aeb3) mulhsu  t4, s1, t5
core   0: 3 0x80005b4c (0x03e4aeb3) x29 0x00000000
core   0: 0x80005b50 (0x0091e5b3) or      a1, gp, s1
core   0: 3 0x80005b50 (0x0091e5b3) x11 0xffc800a3
core   0: 0x80005b54 (0xc43d3413) sltiu   s0, s10, -957
core   0: 3 0x80005b54 (0xc43d3413) x 8 0x00000001
core   0: 0x80005b58 (0x00006ab9) c.lui   s5, 0xe
core   0: 3 0x80005b58 (0x6ab9) x21 0x0000e000
core   0: 0x80005b5a (0x00006211) c.lui   tp, 0x4
core   0: 3 0x80005b5a (0x6211) x 4 0x00004000
core   0: 0x80005b5c (0x00008285) c.srli  a3, 1
core   0: 3 0x80005b5c (0x8285) x13 0x00000000
core   0: 0x80005b5e (0x036be8b3) rem     a7, s7, s6
core   0: 3 0x80005b5e (0x036be8b3) x17 0x00000000
core   0: 0x80005b62 (0x011a2e33) slt     t3, s4, a7
core   0: 3 0x80005b62 (0x011a2e33) x28 0x00000001
core   0: 0x80005b66 (0x012c7033) and     zero, s8, s2
core   0: 3 0x80005b66 (0x012c7033)
core   0: 0x80005b6a (0x0000100f) fence.i
core   0: 3 0x80005b6a (0x0000100f)
core   0: 0x80005b6e (0x0091d493) srli    s1, gp, 9
core   0: 3 0x80005b6e (0x0091d493) x 9 0x007fe400
core   0: 0x80005b72 (0x0000100f) fence.i
core   0: 3 0x80005b72 (0x0000100f)
core   0: 0x80005b76 (0x01d56663) bltu    a0, t4, pc + 12
core   0: 3 0x80005b76 (0x01d56663)
core   0: 0x80005b7a (0x6f073ab7) lui     s5, 0x6f073
core   0: 3 0x80005b7a (0x6f073ab7) x21 0x6f073000
core   0: 0x80005b7e (0x00c98763) beq     s3, a2, pc + 14
core   0: 3 0x80005b7e (0x00c98763)
core   0: 0x80005b82 (0x0000ea89) c.bnez  a3, pc + 18
core   0: 3 0x80005b82 (0xea89)
core   0: 0x80005b84 (0x23ece913) ori     s2, s9, 574
core   0: 3 0x80005b84 (0x23ece913) x18 0xffc802bf
core   0: 0x80005b88 (0x02d36c63) bltu    t1, a3, pc + 56
core   0: 3 0x80005b88 (0x02d36c63)
core   0: 0x80005b8c (0x05386463) bltu    a6, s3, pc + 72
core   0: 3 0x80005b8c (0x05386463)
core   0: 0x80005bd4 (0x417e8bb3) sub     s7, t4, s7
core   0: 3 0x80005bd4 (0x417e8bb3) x23 0x00000000
core   0: 0x80005bd8 (0x12af6d93) ori     s11, t5, 298
core   0: 3 0x80005bd8 (0x12af6d93) x27 0xffffffff
core   0: 0x80005bdc (0x00008f01) c.sub   a4, s0
core   0: 3 0x80005bdc (0x8f01) x14 0x6b940394
core   0: 0x80005bde (0x00000e8a) c.slli  t4, 2
core   0: 3 0x80005bde (0x0e8a) x29 0x00000000
core   0: 0x80005be0 (0x4775f113) andi    sp, a1, 1143
core   0: 3 0x80005be0 (0x4775f113) x 2 0x00000023
core   0: 0x80005be4 (0x0000c609) c.beqz  a2, pc + 10
core   0: 3 0x80005be4 (0xc609)
core   0: 0x80005bee (0x0ff0000f) fence   iorw,iorw
core   0: 3 0x80005bee (0x0ff0000f)
core   0: 0x80005bf2 (0x00008e09) c.sub   a2, a0
core   0: 3 0x80005bf2 (0x8e09) x12 0x00000000
core   0: 0x80005bf4 (0x00000e79) c.addi  t3, 30
core   0: 3 0x80005bf4 (0x0e79) x28 0x0000001f
core   0: 0x80005bf6 (0x00006391) c.lui   t2, 0x4
core   0: 3 0x80005bf6 (0x6391) x 7 0x00004000
core   0: 0x80005bf8 (0x00008132) c.mv    sp, a2
core   0: 3 0x80005bf8 (0x8132) x 2 0x00000000
core   0: 0x80005bfa (0x0000100f) fence.i
core   0: 3 0x80005bfa (0x0000100f)
core   0: 0x80005bfe (0x0221fdb3) remu    s11, gp, sp
core   0: 3 0x80005bfe (0x0221fdb3) x27 0xffc800a2
core   0: 0x80005c02 (0x02584833) div     a6, a6, t0
core   0: 3 0x80005c02 (0x02584833) x16 0xffffffff
core   0: 0x80005c06 (0x06b2d463) bge     t0, a1, pc + 104
core   0: 3 0x80005c06 (0x06b2d463)
core   0: 0x80005c6e (0x00ebc4b3) xor     s1, s7, a4
core   0: 3 0x80005c6e (0x00ebc4b3) x 9 0x6b940394
core   0: 0x80005c72 (0x40bc5433) sra     s0, s8, a1
core   0: 3 0x80005c72 (0x40bc5433) x 8 0xffbe788b
core   0: 0x80005c76 (0x03680633) mul     a2, a6, s6
core   0: 3 0x80005c76 (0x03680633) x12 0x00000001
core   0: 0x80005c7a (0x00008c31) c.xor   s0, a2
core   0: 3 0x80005c7a (0x8c31) x 8 0xffbe788a
core   0: 0x80005c7c (0x00003a97) auipc   s5, 0x3
core   0: 3 0x80005c7c (0x00003a97) x21 0x80008c7c
core   0: 0x80005c80 (0x55aa8a93) addi    s5, s5, 1370
core   0: 3 0x80005c80 (0x55aa8a93) x21 0x800091d6
core   0: 0x80005c84 (0xae826393) ori     t2, tp, -1304
core   0: 3 0x80005c84 (0xae826393) x 7 0xfffffae8
core   0: 0x80005c88 (0x008aa733) slt     a4, s5, s0
core   0: 3 0x80005c88 (0x008aa733) x14 0x00000001
core   0: 0x80005c8c (0x1a360593) addi    a1, a2, 419
core   0: 3 0x80005c8c (0x1a360593) x11 0x000001a4
core   0: 0x80005c90 (0x00001a84) c.addi4spn s1, sp, 368
core   0: 3 0x80005c90 (0x1a84) x 9 0x00000170
core   0: 0x80005c92 (0x024099b3) mulh    s3, ra, tp
core   0: 3 0x80005c92 (0x024099b3) x19 0x00000bc0
core   0: 0x80005c96 (0xecda8a93) addi    s5, s5, -307
core   0: 3 0x80005c96 (0xecda8a93) x21 0x800090a3
core   0: 0x80005c9a (0x0307a733) mulhsu  a4, a5, a6
core   0: 3 0x80005c9a (0x0307a733) x14 0x80021e64
core   0: 0x80005c9e (0x00008e49) c.or    a2, a0
core   0: 3 0x80005c9e (0x8e49) x12 0x00000001
core   0: 0x80005ca0 (0x133a83e7) jalr    t2, s5, 307
core   0: 3 0x80005ca0 (0x133a83e7) x 7 0x80005ca4
core   0: 0x800091d6 (0x01485863) bge     a6, s4, pc + 16
core   0: 3 0x800091d6 (0x01485863)
core   0: 0x800091e6 (0x000017b1) c.addi  a5, -20
core   0: 3 0x800091e6 (0x17b1) x15 0x80021e50
core   0: 0x800091e8 (0x0313f5b3) remu    a1, t2, a7
core   0: 3 0x800091e8 (0x0313f5b3) x11 0x80005ca4
core   0: 0x800091ec (0x0000684d) c.lui   a6, 0x13
core   0: 3 0x800091ec (0x684d) x16 0x00013000
core   0: 0x800091ee (0x8e0e6593) ori     a1, t3, -1824
core   0: 3 0x800091ee (0x8e0e6593) x11 0xfffff8ff
core   0: 0x800091f2 (0x000084e1) c.srai  s1, 24
core   0: 3 0x800091f2 (0x84e1) x 9 0x00000000
core   0: 0x800091f4 (0x0077a223) sw      t2, 4(a5)
core   0: 3 0x800091f4 (0x0077a223) mem 0x80021e54 0x80005ca4
core   0: 0x800091f8 (0x03947e33) remu    t3, s0, s9
core   0: 3 0x800091f8 (0x03947e33) x28 0xffbe788a
core   0: 0x800091fc (0x00700093) li      ra, 7
core   0: 3 0x800091fc (0x00700093) x 1 0x00000007
core   0: 0x80009200 (0x27ed0293) addi    t0, s10, 638
core   0: 3 0x80009200 (0x27ed0293) x 5 0x000209a5
core   0: 0x80009204 (0x00008745) c.srai  a4, 17
core   0: 3 0x80009204 (0x8745) x14 0xffffc001
core   0: 0x80009206 (0x015b2ab3) slt     s5, s6, s5
core   0: 3 0x80009206 (0x015b2ab3) x21 0x00000000
core   0: 0x8000920a (0x00200493) li      s1, 2
core   0: 3 0x8000920a (0x00200493) x 9 0x00000002
core   0: 0x8000920e (0x00008331) c.srli  a4, 12
core   0: 3 0x8000920e (0x8331) x14 0x000ffffc
core   0: 0x80009210 (0xc5fd6913) ori     s2, s10, -929
core   0: 3 0x80009210 (0xc5fd6913) x18 0xffffff7f
core   0: 0x80009214 (0xfc786913) ori     s2, a6, -57
core   0: 3 0x80009214 (0xfc786913) x18 0xffffffc7
core   0: 0x80009218 (0x03294fb3) div     t6, s2, s2
core   0: 3 0x80009218 (0x03294fb3) x31 0x00000001
core   0: 0x8000921c (0x00008c01) c.sub   s0, s0
core   0: 3 0x8000921c (0x8c01) x 8 0x00000000
core   0: 0x8000921e (0x408685b3) sub     a1, a3, s0
core   0: 3 0x8000921e (0x408685b3) x11 0x00000000
core   0: 0x80009222 (0x4c9f2993) slti    s3, t5, 1225
core   0: 3 0x80009222 (0x4c9f2993) x19 0x00000001
core   0: 0x80009226 (0x000010fd) c.addi  ra, -1
core   0: 3 0x80009226 (0x10fd) x 1 0x00000006
core   0: 0x80009228 (0x00000090) c.addi4spn a2, sp, 64
core   0: 3 0x80009228 (0x0090) x12 0x00000040
core   0: 0x8000922a (0x8f900597) auipc   a1, 0x8f900
core   0: 3 0x8000922a (0x8f900597) x11 0x0f90922a
core   0: 0x8000922e (0x62f54b13) xori    s6, a0, 1583
core   0: 3 0x8000922e (0x62f54b13) x22 0x0000062f
core   0: 0x80009232 (0xfc90ffe3) bgeu    ra, s1, pc - 34
core   0: 3 0x80009232 (0xfc90ffe3)
core   0: 0x80009210 (0xc5fd6913) ori     s2, s10, -929
core   0: 3 0x80009210 (0xc5fd6913) x18 0xffffff7f
core   0: 0x80009214 (0xfc786913) ori     s2, a6, -57
core   0: 3 0x80009214 (0xfc786913) x18 0xffffffc7
core   0: 0x80009218 (0x03294fb3) div     t6, s2, s2
core   0: 3 0x80009218 (0x03294fb3) x31 0x00000001
core   0: 0x8000921c (0x00008c01) c.sub   s0, s0
core   0: 3 0x8000921c (0x8c01) x 8 0x00000000
core   0: 0x8000921e (0x408685b3) sub     a1, a3, s0
core   0: 3 0x8000921e (0x408685b3) x11 0x00000000
core   0: 0x80009222 (0x4c9f2993) slti    s3, t5, 1225
core   0: 3 0x80009222 (0x4c9f2993) x19 0x00000001
core   0: 0x80009226 (0x000010fd) c.addi  ra, -1
core   0: 3 0x80009226 (0x10fd) x 1 0x00000005
core   0: 0x80009228 (0x00000090) c.addi4spn a2, sp, 64
core   0: 3 0x80009228 (0x0090) x12 0x00000040
core   0: 0x8000922a (0x8f900597) auipc   a1, 0x8f900
core   0: 3 0x8000922a (0x8f900597) x11 0x0f90922a
core   0: 0x8000922e (0x62f54b13) xori    s6, a0, 1583
core   0: 3 0x8000922e (0x62f54b13) x22 0x0000062f
core   0: 0x80009232 (0xfc90ffe3) bgeu    ra, s1, pc - 34
core   0: 3 0x80009232 (0xfc90ffe3)
core   0: 0x80009210 (0xc5fd6913) ori     s2, s10, -929
core   0: 3 0x80009210 (0xc5fd6913) x18 0xffffff7f
core   0: 0x80009214 (0xfc786913) ori     s2, a6, -57
core   0: 3 0x80009214 (0xfc786913) x18 0xffffffc7
core   0: 0x80009218 (0x03294fb3) div     t6, s2, s2
core   0: 3 0x80009218 (0x03294fb3) x31 0x00000001
core   0: 0x8000921c (0x00008c01) c.sub   s0, s0
core   0: 3 0x8000921c (0x8c01) x 8 0x00000000
core   0: 0x8000921e (0x408685b3) sub     a1, a3, s0
core   0: 3 0x8000921e (0x408685b3) x11 0x00000000
core   0: 0x80009222 (0x4c9f2993) slti    s3, t5, 1225
core   0: 3 0x80009222 (0x4c9f2993) x19 0x00000001
core   0: 0x80009226 (0x000010fd) c.addi  ra, -1
core   0: 3 0x80009226 (0x10fd) x 1 0x00000004
core   0: 0x80009228 (0x00000090) c.addi4spn a2, sp, 64
core   0: 3 0x80009228 (0x0090) x12 0x00000040
core   0: 0x8000922a (0x8f900597) auipc   a1, 0x8f900
core   0: 3 0x8000922a (0x8f900597) x11 0x0f90922a
core   0: 0x8000922e (0x62f54b13) xori    s6, a0, 1583
core   0: 3 0x8000922e (0x62f54b13) x22 0x0000062f
core   0: 0x80009232 (0xfc90ffe3) bgeu    ra, s1, pc - 34
core   0: 3 0x80009232 (0xfc90ffe3)
core   0: 0x80009210 (0xc5fd6913) ori     s2, s10, -929
core   0: 3 0x80009210 (0xc5fd6913) x18 0xffffff7f
core   0: 0x80009214 (0xfc786913) ori     s2, a6, -57
core   0: 3 0x80009214 (0xfc786913) x18 0xffffffc7
core   0: 0x80009218 (0x03294fb3) div     t6, s2, s2
core   0: 3 0x80009218 (0x03294fb3) x31 0x00000001
core   0: 0x8000921c (0x00008c01) c.sub   s0, s0
core   0: 3 0x8000921c (0x8c01) x 8 0x00000000
core   0: 0x8000921e (0x408685b3) sub     a1, a3, s0
core   0: 3 0x8000921e (0x408685b3) x11 0x00000000
core   0: 0x80009222 (0x4c9f2993) slti    s3, t5, 1225
core   0: 3 0x80009222 (0x4c9f2993) x19 0x00000001
core   0: 0x80009226 (0x000010fd) c.addi  ra, -1
core   0: 3 0x80009226 (0x10fd) x 1 0x00000003
core   0: 0x80009228 (0x00000090) c.addi4spn a2, sp, 64
core   0: 3 0x80009228 (0x0090) x12 0x00000040
core   0: 0x8000922a (0x8f900597) auipc   a1, 0x8f900
core   0: 3 0x8000922a (0x8f900597) x11 0x0f90922a
core   0: 0x8000922e (0x62f54b13) xori    s6, a0, 1583
core   0: 3 0x8000922e (0x62f54b13) x22 0x0000062f
core   0: 0x80009232 (0xfc90ffe3) bgeu    ra, s1, pc - 34
core   0: 3 0x80009232 (0xfc90ffe3)
core   0: 0x80009210 (0xc5fd6913) ori     s2, s10, -929
core   0: 3 0x80009210 (0xc5fd6913) x18 0xffffff7f
core   0: 0x80009214 (0xfc786913) ori     s2, a6, -57
core   0: 3 0x80009214 (0xfc786913) x18 0xffffffc7
core   0: 0x80009218 (0x03294fb3) div     t6, s2, s2
core   0: 3 0x80009218 (0x03294fb3) x31 0x00000001
core   0: 0x8000921c (0x00008c01) c.sub   s0, s0
core   0: 3 0x8000921c (0x8c01) x 8 0x00000000
core   0: 0x8000921e (0x408685b3) sub     a1, a3, s0
core   0: 3 0x8000921e (0x408685b3) x11 0x00000000
core   0: 0x80009222 (0x4c9f2993) slti    s3, t5, 1225
core   0: 3 0x80009222 (0x4c9f2993) x19 0x00000001
core   0: 0x80009226 (0x000010fd) c.addi  ra, -1
core   0: 3 0x80009226 (0x10fd) x 1 0x00000002
core   0: 0x80009228 (0x00000090) c.addi4spn a2, sp, 64
core   0: 3 0x80009228 (0x0090) x12 0x00000040
core   0: 0x8000922a (0x8f900597) auipc   a1, 0x8f900
core   0: 3 0x8000922a (0x8f900597) x11 0x0f90922a
core   0: 0x8000922e (0x62f54b13) xori    s6, a0, 1583
core   0: 3 0x8000922e (0x62f54b13) x22 0x0000062f
core   0: 0x80009232 (0xfc90ffe3) bgeu    ra, s1, pc - 34
core   0: 3 0x80009232 (0xfc90ffe3)
core   0: 0x80009210 (0xc5fd6913) ori     s2, s10, -929
core   0: 3 0x80009210 (0xc5fd6913) x18 0xffffff7f
core   0: 0x80009214 (0xfc786913) ori     s2, a6, -57
core   0: 3 0x80009214 (0xfc786913) x18 0xffffffc7
core   0: 0x80009218 (0x03294fb3) div     t6, s2, s2
core   0: 3 0x80009218 (0x03294fb3) x31 0x00000001
core   0: 0x8000921c (0x00008c01) c.sub   s0, s0
core   0: 3 0x8000921c (0x8c01) x 8 0x00000000
core   0: 0x8000921e (0x408685b3) sub     a1, a3, s0
core   0: 3 0x8000921e (0x408685b3) x11 0x00000000
core   0: 0x80009222 (0x4c9f2993) slti    s3, t5, 1225
core   0: 3 0x80009222 (0x4c9f2993) x19 0x00000001
core   0: 0x80009226 (0x000010fd) c.addi  ra, -1
core   0: 3 0x80009226 (0x10fd) x 1 0x00000001
core   0: 0x80009228 (0x00000090) c.addi4spn a2, sp, 64
core   0: 3 0x80009228 (0x0090) x12 0x00000040
core   0: 0x8000922a (0x8f900597) auipc   a1, 0x8f900
core   0: 3 0x8000922a (0x8f900597) x11 0x0f90922a
core   0: 0x8000922e (0x62f54b13) xori    s6, a0, 1583
core   0: 3 0x8000922e (0x62f54b13) x22 0x0000062f
core   0: 0x80009232 (0xfc90ffe3) bgeu    ra, s1, pc - 34
core   0: 3 0x80009232 (0xfc90ffe3)
core   0: 0x80009236 (0x01b56cb3) or      s9, a0, s11
core   0: 3 0x80009236 (0x01b56cb3) x25 0xffc800a2
core   0: 0x8000923a (0x00500613) li      a2, 5
core   0: 3 0x8000923a (0x00500613) x12 0x00000005
core   0: 0x8000923e (0x02e5ddb3) divu    s11, a1, a4
core   0: 3 0x8000923e (0x02e5ddb3) x27 0x000000f9
core   0: 0x80009242 (0x00008d05) c.sub   a0, s1
core   0: 3 0x80009242 (0x8d05) x10 0xfffffffe
core   0: 0x80009244 (0x015fd893) srli    a7, t6, 21
core   0: 3 0x80009244 (0x015fd893) x17 0x00000000
core   0: 0x80009248 (0x849fc213) xori    tp, t6, -1975
core   0: 3 0x80009248 (0x849fc213) x 4 0xfffff848
core   0: 0x8000924c (0x00008f39) c.xor   a4, a4
core   0: 3 0x8000924c (0x8f39) x14 0x00000000
core   0: 0x8000924e (0x018b8233) add     tp, s7, s8
core   0: 3 0x8000924e (0x018b8233) x 4 0xfdf3c45b
core   0: 0x80009252 (0x00600093) li      ra, 6
core   0: 3 0x80009252 (0x00600093) x 1 0x00000006
core   0: 0x80009256 (0x004b18b3) sll     a7, s6, tp
core   0: 3 0x80009256 (0x004b18b3) x17 0x78000000
core   0: 0x8000925a (0x00b3a333) slt     t1, t2, a1
core   0: 3 0x8000925a (0x00b3a333) x 6 0x00000001
core   0: 0x8000925e (0x00000605) c.addi  a2, 1
core   0: 3 0x8000925e (0x0605) x12 0x00000006
core   0: 0x80009260 (0x00d35813) srli    a6, t1, 13
core   0: 3 0x80009260 (0x00d35813) x16 0x00000000
core   0: 0x80009264 (0x039acb33) div     s6, s5, s9
core   0: 3 0x80009264 (0x039acb33) x22 0x00000000
core   0: 0x80009268 (0x00500413) li      s0, 5
core   0: 3 0x80009268 (0x00500413) x 8 0x00000005
core   0: 0x8000926c (0xfff00393) li      t2, -1
core   0: 3 0x8000926c (0xfff00393) x 7 0xffffffff
core   0: 0x80009270 (0x00008d41) c.or    a0, s0
core   0: 3 0x80009270 (0x8d41) x10 0xffffffff
core   0: 0x80009272 (0x0213bab3) mulhu   s5, t2, ra
core   0: 3 0x80009272 (0x0213bab3) x21 0x00000005
core   0: 0x80009276 (0x03d146b3) div     a3, sp, t4
core   0: 3 0x80009276 (0x03d146b3) x13 0xffffffff
core   0: 0x8000927a (0x0048d733) srl     a4, a7, tp
core   0: 3 0x8000927a (0x0048d733) x14 0x0000000f
core   0: 0x8000927e (0x03497db3) remu    s11, s2, s4
core   0: 3 0x8000927e (0x03497db3) x27 0x7ffda2e3
core   0: 0x80009282 (0x00001469) c.addi  s0, -6
core   0: 3 0x80009282 (0x1469) x 8 0xffffffff
core   0: 0x80009284 (0xc11e4913) xori    s2, t3, -1007
core   0: 3 0x80009284 (0xc11e4913) x18 0x0041849b
core   0: 0x80009288 (0x032da833) mulhsu  a6, s11, s2
core   0: 3 0x80009288 (0x032da833) x16 0x0020c1b2
core   0: 0x8000928c (0xfe7453e3) bge     s0, t2, pc - 26
core   0: 3 0x8000928c (0xfe7453e3)
core   0: 0x80009272 (0x0213bab3) mulhu   s5, t2, ra
core   0: 3 0x80009272 (0x0213bab3) x21 0x00000005
core   0: 0x80009276 (0x03d146b3) div     a3, sp, t4
core   0: 3 0x80009276 (0x03d146b3) x13 0xffffffff
core   0: 0x8000927a (0x0048d733) srl     a4, a7, tp
core   0: 3 0x8000927a (0x0048d733) x14 0x0000000f
core   0: 0x8000927e (0x03497db3) remu    s11, s2, s4
core   0: 3 0x8000927e (0x03497db3) x27 0x0041849b
core   0: 0x80009282 (0x00001469) c.addi  s0, -6
core   0: 3 0x80009282 (0x1469) x 8 0xfffffff9
core   0: 0x80009284 (0xc11e4913) xori    s2, t3, -1007
core   0: 3 0x80009284 (0xc11e4913) x18 0x0041849b
core   0: 0x80009288 (0x032da833) mulhsu  a6, s11, s2
core   0: 3 0x80009288 (0x032da833) x16 0x000010c4
core   0: 0x8000928c (0xfe7453e3) bge     s0, t2, pc - 26
core   0: 3 0x8000928c (0xfe7453e3)
core   0: 0x80009290 (0xfc1615e3) bne     a2, ra, pc - 54
core   0: 3 0x80009290 (0xfc1615e3)
core   0: 0x80009294 (0x00008cd1) c.or    s1, a2
core   0: 3 0x80009294 (0x8cd1) x 9 0x00000006
core   0: 0x80009296 (0x00a00213) li      tp, 10
core   0: 3 0x80009296 (0x00a00213) x 4 0x0000000a
core   0: 0x8000929a (0x0000717d) c.addi16sp sp, -16
core   0: 3 0x8000929a (0x717d) x 2 0xfffffff0
core   0: 0x8000929c (0x015a5e93) srli    t4, s4, 21
core   0: 3 0x8000929c (0x015a5e93) x29 0x00000400
core   0: 0x800092a0 (0x00008566) c.mv    a0, s9
core   0: 3 0x800092a0 (0x8566) x10 0xffc800a2
core   0: 0x800092a2 (0x02288e33) mul     t3, a7, sp
core   0: 3 0x800092a2 (0x02288e33) x28 0x80000000
core   0: 0x800092a6 (0xffb00993) li      s3, -5
core   0: 3 0x800092a6 (0xffb00993) x19 0xfffffffb
core   0: 0x800092aa (0x0ff0000f) fence   iorw,iorw
core   0: 3 0x800092aa (0x0ff0000f)
core   0: 0x800092ae (0x00008ed5) c.or    a3, a3
core   0: 3 0x800092ae (0x8ed5) x13 0xffffffff
core   0: 0x800092b0 (0x0060d893) srli    a7, ra, 6
core   0: 3 0x800092b0 (0x0060d893) x17 0x00000000
core   0: 0x800092b4 (0x00008cc5) c.or    s1, s1
core   0: 3 0x800092b4 (0x8cc5) x 9 0x00000006
core   0: 0x800092b6 (0x0000100f) fence.i
core   0: 3 0x800092b6 (0x0000100f)
core   0: 0x800092ba (0x00004bf5) c.li    s7, 29
core   0: 3 0x800092ba (0x4bf5) x23 0x0000001d
core   0: 0x800092bc (0x03f31333) mulh    t1, t1, t6
core   0: 3 0x800092bc (0x03f31333) x 6 0x00000000
core   0: 0x800092c0 (0x00001271) c.addi  tp, -4
core   0: 3 0x800092c0 (0x1271) x 4 0x00000006
core   0: 0x800092c2 (0xff325ce3) bge     tp, s3, pc - 8
core   0: 3 0x800092c2 (0xff325ce3)
core   0: 0x800092ba (0x00004bf5) c.li    s7, 29
core   0: 3 0x800092ba (0x4bf5) x23 0x0000001d
core   0: 0x800092bc (0x03f31333) mulh    t1, t1, t6
core   0: 3 0x800092bc (0x03f31333) x 6 0x00000000
core   0: 0x800092c0 (0x00001271) c.addi  tp, -4
core   0: 3 0x800092c0 (0x1271) x 4 0x00000002
core   0: 0x800092c2 (0xff325ce3) bge     tp, s3, pc - 8
core   0: 3 0x800092c2 (0xff325ce3)
core   0: 0x800092ba (0x00004bf5) c.li    s7, 29
core   0: 3 0x800092ba (0x4bf5) x23 0x0000001d
core   0: 0x800092bc (0x03f31333) mulh    t1, t1, t6
core   0: 3 0x800092bc (0x03f31333) x 6 0x00000000
core   0: 0x800092c0 (0x00001271) c.addi  tp, -4
core   0: 3 0x800092c0 (0x1271) x 4 0xfffffffe
core   0: 0x800092c2 (0xff325ce3) bge     tp, s3, pc - 8
core   0: 3 0x800092c2 (0xff325ce3)
core   0: 0x800092ba (0x00004bf5) c.li    s7, 29
core   0: 3 0x800092ba (0x4bf5) x23 0x0000001d
core   0: 0x800092bc (0x03f31333) mulh    t1, t1, t6
core   0: 3 0x800092bc (0x03f31333) x 6 0x00000000
core   0: 0x800092c0 (0x00001271) c.addi  tp, -4
core   0: 3 0x800092c0 (0x1271) x 4 0xfffffffa
core   0: 0x800092c2 (0xff325ce3) bge     tp, s3, pc - 8
core   0: 3 0x800092c2 (0xff325ce3)
core   0: 0x800092c6 (0x01fbd613) srli    a2, s7, 31
core   0: 3 0x800092c6 (0x01fbd613) x12 0x00000000
core   0: 0x800092ca (0x00000e93) li      t4, 0
core   0: 3 0x800092ca (0x00000e93) x29 0x00000000
core   0: 0x800092ce (0x00600913) li      s2, 6
core   0: 3 0x800092ce (0x00600913) x18 0x00000006
core   0: 0x800092d2 (0x164ba593) slti    a1, s7, 356
core   0: 3 0x800092d2 (0x164ba593) x11 0x00000001
core   0: 0x800092d6 (0x00000ea5) c.addi  t4, 9
core   0: 3 0x800092d6 (0x0ea5) x29 0x00000009
core   0: 0x800092d8 (0x00008e31) c.xor   a2, a2
core   0: 3 0x800092d8 (0x8e31) x12 0x00000000
core   0: 0x800092da (0x00700493) li      s1, 7
core   0: 3 0x800092da (0x00700493) x 9 0x00000007
core   0: 0x800092de (0x01300113) li      sp, 19
core   0: 3 0x800092de (0x01300113) x 2 0x00000013
core   0: 0x800092e2 (0x03918533) mul     a0, gp, s9
core   0: 3 0x800092e2 (0x03918533) x10 0xb9206684
core   0: 0x800092e6 (0x00f0b733) sltu    a4, ra, a5
core   0: 3 0x800092e6 (0x00f0b733) x14 0x00000001
core   0: 0x800092ea (0x039fdbb3) divu    s7, t6, s9
core   0: 3 0x800092ea (0x039fdbb3) x23 0x00000000
core   0: 0x800092ee (0x00000485) c.addi  s1, 1
core   0: 3 0x800092ee (0x0485) x 9 0x00000008
core   0: 0x800092f0 (0x01f710b3) sll     ra, a4, t6
core   0: 3 0x800092f0 (0x01f710b3) x 1 0x00000002
core   0: 0x800092f4 (0xfe248be3) beq     s1, sp, pc - 10
core   0: 3 0x800092f4 (0xfe248be3)
core   0: 0x800092f8 (0xfd2eede3) bltu    t4, s2, pc - 38
core   0: 3 0x800092f8 (0xfd2eede3)
core   0: 0x800092fc (0x00442bb3) slt     s7, s0, tp
core   0: 3 0x800092fc (0x00442bb3) x23 0x00000001
core   0: 0x80009300 (0xffd00513) li      a0, -3
core   0: 3 0x80009300 (0xffd00513) x10 0xfffffffd
core   0: 0x80009304 (0x3d446113) ori     sp, s0, 980
core   0: 3 0x80009304 (0x3d446113) x 2 0xfffffffd
core   0: 0x80009308 (0x00006fc5) c.lui   t6, 0x11
core   0: 3 0x80009308 (0x6fc5) x31 0x00011000
core   0: 0x8000930a (0x40005313) srai    t1, zero, 0
core   0: 3 0x8000930a (0x40005313) x 6 0x00000000
core   0: 0x8000930e (0x5c59a893) slti    a7, s3, 1477
core   0: 3 0x8000930e (0x5c59a893) x17 0x00000001
core   0: 0x80009312 (0x00200193) li      gp, 2
core   0: 3 0x80009312 (0x00200193) x 3 0x00000002
core   0: 0x80009316 (0x00008db1) c.xor   a1, a2
core   0: 3 0x80009316 (0x8db1) x11 0x00000001
core   0: 0x80009318 (0x03bba733) mulhsu  a4, s7, s11
core   0: 3 0x80009318 (0x03bba733) x14 0x00000000
core   0: 0x8000931c (0x02370fb3) mul     t6, a4, gp
core   0: 3 0x8000931c (0x02370fb3) x31 0x00000000
core   0: 0x80009320 (0x00000529) c.addi  a0, 10
core   0: 3 0x80009320 (0x0529) x10 0x00000007
core   0: 0x80009322 (0x00100393) li      t2, 1
core   0: 3 0x80009322 (0x00100393) x 7 0x00000001
core   0: 0x80009326 (0x00d00693) li      a3, 13
core   0: 3 0x80009326 (0x00d00693) x13 0x0000000d
core   0: 0x8000932a (0x0000809d) c.srli  s1, 7
core   0: 3 0x8000932a (0x809d) x 9 0x00000000
core   0: 0x8000932c (0x0000147d) c.addi  s0, -1
core   0: 3 0x8000932c (0x147d) x 8 0xfffffff8
core   0: 0x8000932e (0x02ccd4b3) divu    s1, s9, a2
core   0: 3 0x8000932e (0x02ccd4b3) x 9 0xffffffff
core   0: 0x80009332 (0x0ff0000f) fence   iorw,iorw
core   0: 3 0x80009332 (0x0ff0000f)
core   0: 0x80009336 (0x00008dc5) c.or    a1, s1
core   0: 3 0x80009336 (0x8dc5) x11 0xffffffff
core   0: 0x80009338 (0x00008e75) c.and   a2, a3
core   0: 3 0x80009338 (0x8e75) x12 0x00000000
core   0: 0x8000933a (0x035414b3) mulh    s1, s0, s5
core   0: 3 0x8000933a (0x035414b3) x 9 0xffffffff
core   0: 0x8000933e (0x0000038d) c.addi  t2, 3
core   0: 3 0x8000933e (0x038d) x 7 0x00000004
core   0: 0x80009340 (0x416082b3) sub     t0, ra, s6
core   0: 3 0x80009340 (0x416082b3) x 5 0x00000002
core   0: 0x80009344 (0x94ebc4b7) lui     s1, 0x94ebc
core   0: 3 0x80009344 (0x94ebc4b7) x 9 0x94ebc000
core   0: 0x80009348 (0x00008e21) c.xor   a2, s0
core   0: 3 0x80009348 (0x8e21) x12 0xfffffff8
core   0: 0x8000934a (0x0000517d) c.li    sp, -1
core   0: 3 0x8000934a (0x517d) x 2 0xffffffff
core   0: 0x8000934c (0xfed387e3) beq     t2, a3, pc - 18
core   0: 3 0x8000934c (0xfed387e3)
core   0: 0x80009350 (0x0000010a) c.slli  sp, 2
core   0: 3 0x80009350 (0x010a) x 2 0xfffffffc
core   0: 0x80009352 (0xfc3565e3) bltu    a0, gp, pc - 54
core   0: 3 0x80009352 (0xfc3565e3)
core   0: 0x80009356 (0x00ad0cb3) add     s9, s10, a0
core   0: 3 0x80009356 (0x00ad0cb3) x25 0x0002072e
core   0: 0x8000935a (0xffc00413) li      s0, -4
core   0: 3 0x8000935a (0xffc00413) x 8 0xfffffffc
core   0: 0x8000935e (0x00000001) c.nop
core   0: 3 0x8000935e (0x0001)
core   0: 0x80009360 (0x028275b3) remu    a1, tp, s0
core   0: 3 0x80009360 (0x028275b3) x11 0xfffffffa
core   0: 0x80009364 (0x00000405) c.addi  s0, 1
core   0: 3 0x80009364 (0x0405) x 8 0xfffffffd
core   0: 0x80009366 (0x0ff0000f) fence   iorw,iorw
core   0: 3 0x80009366 (0x0ff0000f)
core   0: 0x8000936a (0xff800493) li      s1, -8
core   0: 3 0x8000936a (0xff800493) x 9 0xfffffff8
core   0: 0x8000936e (0xff700f93) li      t6, -9
core   0: 3 0x8000936e (0xff700f93) x31 0xfffffff7
core   0: 0x80009372 (0x0012e333) or      t1, t0, ra
core   0: 3 0x80009372 (0x0012e333) x 6 0x00000002
core   0: 0x80009376 (0x00008f3d) c.xor   a4, a5
core   0: 3 0x80009376 (0x8f3d) x14 0x80021e50
core   0: 0x80009378 (0x000014e1) c.addi  s1, -8
core   0: 3 0x80009378 (0x14e1) x 9 0xfffffff0
core   0: 0x8000937a (0x00006125) c.addi16sp sp, 96
core   0: 3 0x8000937a (0x6125) x 2 0x0000005c
core   0: 0x8000937c (0xfff4dbe3) bge     s1, t6, pc - 10
core   0: 3 0x8000937c (0xfff4dbe3)
core   0: 0x80009380 (0x0000d065) c.beqz  s0, pc - 32
core   0: 3 0x80009380 (0xd065)
core   0: 0x80009382 (0x008dd533) srl     a0, s11, s0
core   0: 3 0x80009382 (0x008dd533) x10 0x00000000
core   0: 0x80009386 (0xffa00513) li      a0, -6
core   0: 3 0x80009386 (0xffa00513) x10 0xfffffffa
core   0: 0x8000938a (0x40c9d413) srai    s0, s3, 12
core   0: 3 0x8000938a (0x40c9d413) x 8 0xffffffff
core   0: 0x8000938e (0x001611b3) sll     gp, a2, ra
core   0: 3 0x8000938e (0x001611b3) x 3 0xffffffe0
core   0: 0x80009392 (0x01574fb3) xor     t6, a4, s5
core   0: 3 0x80009392 (0x01574fb3) x31 0x80021e55
core   0: 0x80009396 (0xff200f13) li      t5, -14
core   0: 3 0x80009396 (0xff200f13) x30 0xfffffff2
core   0: 0x8000939a (0xc1754113) xori    sp, a0, -1001
core   0: 3 0x8000939a (0xc1754113) x 2 0x000003ed
core   0: 0x8000939e (0x40a25613) srai    a2, tp, 10
core   0: 3 0x8000939e (0x40a25613) x12 0xffffffff
core   0: 0x800093a2 (0x00001579) c.addi  a0, -2
core   0: 3 0x800093a2 (0x1579) x10 0xfffffff8
core   0: 0x800093a4 (0x00000001) c.nop
core   0: 3 0x800093a4 (0x0001)
core   0: 0x800093a6 (0xffe50ae3) beq     a0, t5, pc - 12
core   0: 3 0x800093a6 (0xffe50ae3)
core   0: 0x800093aa (0x000086c9) c.srai  a3, 18
core   0: 3 0x800093aa (0x86c9) x13 0x00000000
core   0: 0x800093ac (0xfff00613) li      a2, -1
core   0: 3 0x800093ac (0xfff00613) x12 0xffffffff
core   0: 0x800093b0 (0x01300413) li      s0, 19
core   0: 3 0x800093b0 (0x01300413) x 8 0x00000013
core   0: 0x800093b4 (0x409d8933) sub     s2, s11, s1
core   0: 3 0x800093b4 (0x409d8933) x18 0x004184ab
core   0: 0x800093b8 (0x00001f14) c.addi4spn a3, sp, 944
core   0: 3 0x800093b8 (0x1f14) x13 0x0000079d
core   0: 0x800093ba (0xe75e4d13) xori    s10, t3, -395
core   0: 3 0x800093ba (0xe75e4d13) x26 0x7ffffe75
core   0: 0x800093be (0x00000611) c.addi  a2, 4
core   0: 3 0x800093be (0x0611) x12 0x00000003
core   0: 0x800093c0 (0x02282e33) mulhsu  t3, a6, sp
core   0: 3 0x800093c0 (0x02282e33) x28 0x00000000
core   0: 0x800093c4 (0xfe866ae3) bltu    a2, s0, pc - 12
core   0: 3 0x800093c4 (0xfe866ae3)
core   0: 0x800093b8 (0x00001f14) c.addi4spn a3, sp, 944
core   0: 3 0x800093b8 (0x1f14) x13 0x0000079d
core   0: 0x800093ba (0xe75e4d13) xori    s10, t3, -395
core   0: 3 0x800093ba (0xe75e4d13) x26 0xfffffe75
core   0: 0x800093be (0x00000611) c.addi  a2, 4
core   0: 3 0x800093be (0x0611) x12 0x00000007
core   0: 0x800093c0 (0x02282e33) mulhsu  t3, a6, sp
core   0: 3 0x800093c0 (0x02282e33) x28 0x00000000
core   0: 0x800093c4 (0xfe866ae3) bltu    a2, s0, pc - 12
core   0: 3 0x800093c4 (0xfe866ae3)
core   0: 0x800093b8 (0x00001f14) c.addi4spn a3, sp, 944
core   0: 3 0x800093b8 (0x1f14) x13 0x0000079d
core   0: 0x800093ba (0xe75e4d13) xori    s10, t3, -395
core   0: 3 0x800093ba (0xe75e4d13) x26 0xfffffe75
core   0: 0x800093be (0x00000611) c.addi  a2, 4
core   0: 3 0x800093be (0x0611) x12 0x0000000b
core   0: 0x800093c0 (0x02282e33) mulhsu  t3, a6, sp
core   0: 3 0x800093c0 (0x02282e33) x28 0x00000000
core   0: 0x800093c4 (0xfe866ae3) bltu    a2, s0, pc - 12
core   0: 3 0x800093c4 (0xfe866ae3)
core   0: 0x800093b8 (0x00001f14) c.addi4spn a3, sp, 944
core   0: 3 0x800093b8 (0x1f14) x13 0x0000079d
core   0: 0x800093ba (0xe75e4d13) xori    s10, t3, -395
core   0: 3 0x800093ba (0xe75e4d13) x26 0xfffffe75
core   0: 0x800093be (0x00000611) c.addi  a2, 4
core   0: 3 0x800093be (0x0611) x12 0x0000000f
core   0: 0x800093c0 (0x02282e33) mulhsu  t3, a6, sp
core   0: 3 0x800093c0 (0x02282e33) x28 0x00000000
core   0: 0x800093c4 (0xfe866ae3) bltu    a2, s0, pc - 12
core   0: 3 0x800093c4 (0xfe866ae3)
core   0: 0x800093b8 (0x00001f14) c.addi4spn a3, sp, 944
core   0: 3 0x800093b8 (0x1f14) x13 0x0000079d
core   0: 0x800093ba (0xe75e4d13) xori    s10, t3, -395
core   0: 3 0x800093ba (0xe75e4d13) x26 0xfffffe75
core   0: 0x800093be (0x00000611) c.addi  a2, 4
core   0: 3 0x800093be (0x0611) x12 0x00000013
core   0: 0x800093c0 (0x02282e33) mulhsu  t3, a6, sp
core   0: 3 0x800093c0 (0x02282e33) x28 0x00000000
core   0: 0x800093c4 (0xfe866ae3) bltu    a2, s0, pc - 12
core   0: 3 0x800093c4 (0xfe866ae3)
core   0: 0x800093c8 (0x0232e3b3) rem     t2, t0, gp
core   0: 3 0x800093c8 (0x0232e3b3) x 7 0x00000002
core   0: 0x800093cc (0x00700613) li      a2, 7
core   0: 3 0x800093cc (0x00700613) x12 0x00000007
core   0: 0x800093d0 (0x01e0b133) sltu    sp, ra, t5
core   0: 3 0x800093d0 (0x01e0b133) x 2 0x00000001
core   0: 0x800093d4 (0x0055b833) sltu    a6, a1, t0
core   0: 3 0x800093d4 (0x0055b833) x16 0x00000000
core   0: 0x800093d8 (0x8d14dc97) auipc   s9, 0x8d14d
core   0: 3 0x800093d8 (0x8d14dc97) x25 0x0d1563d8
core   0: 0x800093dc (0x00008d95) c.sub   a1, a3
core   0: 3 0x800093dc (0x8d95) x11 0xfffff85d
core   0: 0x800093de (0x418ad093) srai    ra, s5, 24
core   0: 3 0x800093de (0x418ad093) x 1 0x00000000
core   0: 0x800093e2 (0x00800e93) li      t4, 8
core   0: 3 0x800093e2 (0x00800e93) x29 0x00000008
core   0: 0x800093e6 (0x00006e71) c.lui   t3, 0x1c
core   0: 3 0x800093e6 (0x6e71) x28 0x0001c000
core   0: 0x800093e8 (0x5d9f0d93) addi    s11, t5, 1497
core   0: 3 0x800093e8 (0x5d9f0d93) x27 0x000005cb
core   0: 0x800093ec (0x169b9897) auipc   a7, 0x169b9
core   0: 3 0x800093ec (0x169b9897) x17 0x969c23ec
core   0: 0x800093f0 (0x00491393) slli    t2, s2, 4
core   0: 3 0x800093f0 (0x00491393) x 7 0x04184ab0
core   0: 0x800093f4 (0x40395133) sra     sp, s2, gp
core   0: 3 0x800093f4 (0x40395133) x 2 0x004184ab
core   0: 0x800093f8 (0x01c8dbb3) srl     s7, a7, t3
core   0: 3 0x800093f8 (0x01c8dbb3) x23 0x969c23ec
core   0: 0x800093fc (0x01331913) slli    s2, t1, 19
core   0: 3 0x800093fc (0x01331913) x18 0x00100000
core   0: 0x80009400 (0x45af3f37) lui     t5, 0x45af3
core   0: 3 0x80009400 (0x45af3f37) x30 0x45af3000
core   0: 0x80009404 (0x00cb9833) sll     a6, s7, a2
core   0: 3 0x80009404 (0x00cb9833) x16 0x4e11f600
core   0: 0x80009408 (0x00000605) c.addi  a2, 1
core   0: 3 0x80009408 (0x0605) x12 0x00000008
core   0: 0x8000940a (0x000081e9) c.srli  a1, 26
core   0: 3 0x8000940a (0x81e9) x11 0x0000003f
core   0: 0x8000940c (0x000091d6) c.add   gp, s5
core   0: 3 0x8000940c (0x91d6) x 3 0xffffffe5
core   0: 0x8000940e (0x03ae4cb3) div     s9, t3, s10
core   0: 3 0x8000940e (0x03ae4cb3) x25 0xfffffede
core   0: 0x80009412 (0xfdd66be3) bltu    a2, t4, pc - 42
core   0: 3 0x80009412 (0xfdd66be3)
core   0: 0x80009416 (0x03ac9133) mulh    sp, s9, s10
core   0: 3 0x80009416 (0x03ac9133) x 2 0x00000000
core   0: 0x8000941a (0xffa00713) li      a4, -6
core   0: 3 0x8000941a (0xffa00713) x14 0xfffffffa
core   0: 0x8000941e (0x00000001) c.nop
core   0: 3 0x8000941e (0x0001)
core   0: 0x80009420 (0x00000001) c.nop
core   0: 3 0x80009420 (0x0001)
core   0: 0x80009422 (0x000003d1) c.addi  t2, 20
core   0: 3 0x80009422 (0x03d1) x 7 0x04184ac4
core   0: 0x80009424 (0x00000631) c.addi  a2, 12
core   0: 3 0x80009424 (0x0631) x12 0x00000014
core   0: 0x80009426 (0x00900f93) li      t6, 9
core   0: 3 0x80009426 (0x00900f93) x31 0x00000009
core   0: 0x8000942a (0x00008472) c.mv    s0, t3
core   0: 3 0x8000942a (0x8472) x 8 0x0001c000
core   0: 0x8000942c (0x00008d91) c.sub   a1, a2
core   0: 3 0x8000942c (0x8d91) x11 0x0000002b
core   0: 0x8000942e (0x00000001) c.nop
core   0: 3 0x8000942e (0x0001)
core   0: 0x80009430 (0x00622d33) slt     s10, tp, t1
core   0: 3 0x80009430 (0x00622d33) x26 0x00000001
core   0: 0x80009434 (0x0ff0000f) fence   iorw,iorw
core   0: 3 0x80009434 (0x0ff0000f)
core   0: 0x80009438 (0xa846a893) slti    a7, a3, -1404
core   0: 3 0x80009438 (0xa846a893) x17 0x00000000
core   0: 0x8000943c (0xb5803837) lui     a6, 0xb5803
core   0: 3 0x8000943c (0xb5803837) x16 0xb5803000
core   0: 0x80009440 (0x025dceb3) div     t4, s11, t0
core   0: 3 0x80009440 (0x025dceb3) x29 0x000002e5
core   0: 0x80009444 (0x000099d6) c.add   s3, s5
core   0: 3 0x80009444 (0x99d6) x19 0x00000000
core   0: 0x80009446 (0x00008d4d) c.or    a0, a1
core   0: 3 0x80009446 (0x8d4d) x10 0xfffffffb
core   0: 0x80009448 (0x0000100f) fence.i
core   0: 3 0x80009448 (0x0000100f)
core   0: 0x8000944c (0x028fe533) rem     a0, t6, s0
core   0: 3 0x8000944c (0x028fe533) x10 0x00000009
core   0: 0x80009450 (0x00000711) c.addi  a4, 4
core   0: 3 0x80009450 (0x0711) x14 0xfffffffe
core   0: 0x80009452 (0x7aba3213) sltiu   tp, s4, 1963
core   0: 3 0x80009452 (0x7aba3213) x 4 0x00000000
core   0: 0x80009456 (0x000084be) c.mv    s1, a5
core   0: 3 0x80009456 (0x84be) x 9 0x80021e50
core   0: 0x80009458 (0x00b3eb33) or      s6, t2, a1
core   0: 3 0x80009458 (0x00b3eb33) x22 0x04184aef
core   0: 0x8000945c (0xfff740e3) blt     a4, t6, pc - 32
core   0: 3 0x8000945c (0xfff740e3)
core   0: 0x8000943c (0xb5803837) lui     a6, 0xb5803
core   0: 3 0x8000943c (0xb5803837) x16 0xb5803000
core   0: 0x80009440 (0x025dceb3) div     t4, s11, t0
core   0: 3 0x80009440 (0x025dceb3) x29 0x000002e5
core   0: 0x80009444 (0x000099d6) c.add   s3, s5
core   0: 3 0x80009444 (0x99d6) x19 0x00000005
core   0: 0x80009446 (0x00008d4d) c.or    a0, a1
core   0: 3 0x80009446 (0x8d4d) x10 0x0000002b
core   0: 0x80009448 (0x0000100f) fence.i
core   0: 3 0x80009448 (0x0000100f)
core   0: 0x8000944c (0x028fe533) rem     a0, t6, s0
core   0: 3 0x8000944c (0x028fe533) x10 0x00000009
core   0: 0x80009450 (0x00000711) c.addi  a4, 4
core   0: 3 0x80009450 (0x0711) x14 0x00000002
core   0: 0x80009452 (0x7aba3213) sltiu   tp, s4, 1963
core   0: 3 0x80009452 (0x7aba3213) x 4 0x00000000
core   0: 0x80009456 (0x000084be) c.mv    s1, a5
core   0: 3 0x80009456 (0x84be) x 9 0x80021e50
core   0: 0x80009458 (0x00b3eb33) or      s6, t2, a1
core   0: 3 0x80009458 (0x00b3eb33) x22 0x04184aef
core   0: 0x8000945c (0xfff740e3) blt     a4, t6, pc - 32
core   0: 3 0x8000945c (0xfff740e3)
core   0: 0x8000943c (0xb5803837) lui     a6, 0xb5803
core   0: 3 0x8000943c (0xb5803837) x16 0xb5803000
core   0: 0x80009440 (0x025dceb3) div     t4, s11, t0
core   0: 3 0x80009440 (0x025dceb3) x29 0x000002e5
core   0: 0x80009444 (0x000099d6) c.add   s3, s5
core   0: 3 0x80009444 (0x99d6) x19 0x0000000a
core   0: 0x80009446 (0x00008d4d) c.or    a0, a1
core   0: 3 0x80009446 (0x8d4d) x10 0x0000002b
core   0: 0x80009448 (0x0000100f) fence.i
core   0: 3 0x80009448 (0x0000100f)
core   0: 0x8000944c (0x028fe533) rem     a0, t6, s0
core   0: 3 0x8000944c (0x028fe533) x10 0x00000009
core   0: 0x80009450 (0x00000711) c.addi  a4, 4
core   0: 3 0x80009450 (0x0711) x14 0x00000006
core   0: 0x80009452 (0x7aba3213) sltiu   tp, s4, 1963
core   0: 3 0x80009452 (0x7aba3213) x 4 0x00000000
core   0: 0x80009456 (0x000084be) c.mv    s1, a5
core   0: 3 0x80009456 (0x84be) x 9 0x80021e50
core   0: 0x80009458 (0x00b3eb33) or      s6, t2, a1
core   0: 3 0x80009458 (0x00b3eb33) x22 0x04184aef
core   0: 0x8000945c (0xfff740e3) blt     a4, t6, pc - 32
core   0: 3 0x8000945c (0xfff740e3)
core   0: 0x8000943c (0xb5803837) lui     a6, 0xb5803
core   0: 3 0x8000943c (0xb5803837) x16 0xb5803000
core   0: 0x80009440 (0x025dceb3) div     t4, s11, t0
core   0: 3 0x80009440 (0x025dceb3) x29 0x000002e5
core   0: 0x80009444 (0x000099d6) c.add   s3, s5
core   0: 3 0x80009444 (0x99d6) x19 0x0000000f
core   0: 0x80009446 (0x00008d4d) c.or    a0, a1
core   0: 3 0x80009446 (0x8d4d) x10 0x0000002b
core   0: 0x80009448 (0x0000100f) fence.i
core   0: 3 0x80009448 (0x0000100f)
core   0: 0x8000944c (0x028fe533) rem     a0, t6, s0
core   0: 3 0x8000944c (0x028fe533) x10 0x00000009
core   0: 0x80009450 (0x00000711) c.addi  a4, 4
core   0: 3 0x80009450 (0x0711) x14 0x0000000a
core   0: 0x80009452 (0x7aba3213) sltiu   tp, s4, 1963
core   0: 3 0x80009452 (0x7aba3213) x 4 0x00000000
core   0: 0x80009456 (0x000084be) c.mv    s1, a5
core   0: 3 0x80009456 (0x84be) x 9 0x80021e50
core   0: 0x80009458 (0x00b3eb33) or      s6, t2, a1
core   0: 3 0x80009458 (0x00b3eb33) x22 0x04184aef
core   0: 0x8000945c (0xfff740e3) blt     a4, t6, pc - 32
core   0: 3 0x8000945c (0xfff740e3)
core   0: 0x80009460 (0x0000410d) c.li    sp, 3
core   0: 3 0x80009460 (0x410d) x 2 0x00000003
core   0: 0x80009462 (0xffe00393) li      t2, -2
core   0: 3 0x80009462 (0xffe00393) x 7 0xfffffffe
core   0: 0x80009466 (0x0244db33) divu    s6, s1, tp
core   0: 3 0x80009466 (0x0244db33) x22 0xffffffff
core   0: 0x8000946a (0x0264e133) rem     sp, s1, t1
core   0: 3 0x8000946a (0x0264e133) x 2 0x00000000
core   0: 0x8000946e (0x00100f13) li      t5, 1
core   0: 3 0x8000946e (0x00100f13) x30 0x00000001
core   0: 0x80009472 (0x034e94b3) mulh    s1, t4, s4
core   0: 3 0x80009472 (0x034e94b3) x 9 0xfffffe8d
core   0: 0x80009476 (0x00000395) c.addi  t2, 5
core   0: 3 0x80009476 (0x0395) x 7 0x00000003
core   0: 0x80009478 (0x03f52433) mulhsu  s0, a0, t6
core   0: 3 0x80009478 (0x03f52433) x 8 0x00000000
core   0: 0x8000947c (0xf69fbe13) sltiu   t3, t6, -151
core   0: 3 0x8000947c (0xf69fbe13) x28 0x00000001
core   0: 0x80009480 (0xffd00613) li      a2, -3
core   0: 3 0x80009480 (0xffd00613) x12 0xfffffffd
core   0: 0x80009484 (0x00000001) c.nop
core   0: 3 0x80009484 (0x0001)
core   0: 0x80009486 (0xb646db97) auipc   s7, 0xb646d
core   0: 3 0x80009486 (0xb646db97) x23 0x36476486
core   0: 0x8000948a (0x00008d45) c.or    a0, s1
core   0: 3 0x8000948a (0x8d45) x10 0xfffffe8d
core   0: 0x8000948c (0x03d5d833) divu    a6, a1, t4
core   0: 3 0x8000948c (0x03d5d833) x16 0x00000000
core   0: 0x80009490 (0x0000060d) c.addi  a2, 3
core   0: 3 0x80009490 (0x060d) x12 0x00000000
core   0: 0x80009492 (0x0000de65) c.beqz  a2, pc - 8
core   0: 3 0x80009492 (0xde65)
core   0: 0x8000948a (0x00008d45) c.or    a0, s1
core   0: 3 0x8000948a (0x8d45) x10 0xfffffe8d
core   0: 0x8000948c (0x03d5d833) divu    a6, a1, t4
core   0: 3 0x8000948c (0x03d5d833) x16 0x00000000
core   0: 0x80009490 (0x0000060d) c.addi  a2, 3
core   0: 3 0x80009490 (0x060d) x12 0x00000003
core   0: 0x80009492 (0x0000de65) c.beqz  a2, pc - 8
core   0: 3 0x80009492 (0xde65)
core   0: 0x80009494 (0xfde3cfe3) blt     t2, t5, pc - 34
core   0: 3 0x80009494 (0xfde3cfe3)
core   0: 0x80009498 (0x01226bb3) or      s7, tp, s2
core   0: 3 0x80009498 (0x01226bb3) x23 0x00100000
core   0: 0x8000949c (0x00600f13) li      t5, 6
core   0: 3 0x8000949c (0x00600f13) x30 0x00000006
core   0: 0x800094a0 (0x00000001) c.nop
core   0: 3 0x800094a0 (0x0001)
core   0: 0x800094a2 (0x00c16033) or      zero, sp, a2
core   0: 3 0x800094a2 (0x00c16033)
core   0: 0x800094a6 (0x00500f93) li      t6, 5
core   0: 3 0x800094a6 (0x00500f93) x31 0x00000005
core   0: 0x800094aa (0xa53c1717) auipc   a4, 0xa53c1
core   0: 3 0x800094aa (0xa53c1717) x14 0x253ca4aa
core   0: 0x800094ae (0xbf873393) sltiu   t2, a4, -1032
core   0: 3 0x800094ae (0xbf873393) x 7 0x00000001
core   0: 0x800094b2 (0x0356bab3) mulhu   s5, a3, s5
core   0: 3 0x800094b2 (0x0356bab3) x21 0x00000000
core   0: 0x800094b6 (0x0ff0000f) fence   iorw,iorw
core   0: 3 0x800094b6 (0x0ff0000f)
core   0: 0x800094ba (0x00008c71) c.and   s0, a2
core   0: 3 0x800094ba (0x8c71) x 8 0x00000000
core   0: 0x800094bc (0x00008631) c.srai  a2, 12
core   0: 3 0x800094bc (0x8631) x12 0x00000000
core   0: 0x800094be (0x0000100f) fence.i
core   0: 3 0x800094be (0x0000100f)
core   0: 0x800094c2 (0x40aaab13) slti    s6, s5, 1034
core   0: 3 0x800094c2 (0x40aaab13) x22 0x00000001
core   0: 0x800094c6 (0x000080ed) c.srli  s1, 27
core   0: 3 0x800094c6 (0x80ed) x 9 0x0000001f
core   0: 0x800094c8 (0x02534533) div     a0, t1, t0
core   0: 3 0x800094c8 (0x02534533) x10 0x00000001
core   0: 0x800094cc (0x41add993) srai    s3, s11, 26
core   0: 3 0x800094cc (0x41add993) x19 0x00000000
core   0: 0x800094d0 (0xe2caee93) ori     t4, s5, -468
core   0: 3 0x800094d0 (0xe2caee93) x29 0xfffffe2c
core   0: 0x800094d4 (0x00001f71) c.addi  t5, -4
core   0: 3 0x800094d4 (0x1f71) x30 0x00000002
core   0: 0x800094d6 (0x00008dcd) c.or    a1, a1
core   0: 3 0x800094d6 (0x8dcd) x11 0x0000002b
core   0: 0x800094d8 (0x00008d4a) c.mv    s10, s2
core   0: 3 0x800094d8 (0x8d4a) x26 0x00100000
core   0: 0x800094da (0x0050ae33) slt     t3, ra, t0
core   0: 3 0x800094da (0x0050ae33) x28 0x00000001
core   0: 0x800094de (0x021e7333) remu    t1, t3, ra
core   0: 3 0x800094de (0x021e7333) x 6 0x00000001
core   0: 0x800094e2 (0x0137be33) sltu    t3, a5, s3
core   0: 3 0x800094e2 (0x0137be33) x28 0x00000000
core   0: 0x800094e6 (0xfdff74e3) bgeu    t5, t6, pc - 56
core   0: 3 0x800094e6 (0xfdff74e3)
core   0: 0x800094ea (0x011376b3) and     a3, t1, a7
core   0: 3 0x800094ea (0x011376b3) x13 0x00000000
core   0: 0x800094ee (0xfff00b13) li      s6, -1
core   0: 3 0x800094ee (0xfff00b13) x22 0xffffffff
core   0: 0x800094f2 (0x00000813) li      a6, 0
core   0: 3 0x800094f2 (0x00000813) x16 0x00000000
core   0: 0x800094f6 (0x00839233) sll     tp, t2, s0
core   0: 3 0x800094f6 (0x00839233) x 4 0x00000001
core   0: 0x800094fa (0xcd010613) addi    a2, sp, -816
core   0: 3 0x800094fa (0xcd010613) x12 0xfffffcd0
core   0: 0x800094fe (0x03cd2cb3) mulhsu  s9, s10, t3
core   0: 3 0x800094fe (0x03cd2cb3) x25 0x00000000
core   0: 0x80009502 (0x00000b05) c.addi  s6, 1
core   0: 3 0x80009502 (0x0b05) x22 0x00000000
core   0: 0x80009504 (0x013a86b3) add     a3, s5, s3
core   0: 3 0x80009504 (0x013a86b3) x13 0x00000000
core   0: 0x80009508 (0xffa00493) li      s1, -6
core   0: 3 0x80009508 (0xffa00493) x 9 0xfffffffa
core   0: 0x8000950c (0x00000001) c.nop
core   0: 3 0x8000950c (0x0001)
core   0: 0x8000950e (0x036c1433) mulh    s0, s8, s6
core   0: 3 0x8000950e (0x036c1433) x 8 0x00000000
core   0: 0x80009512 (0x00c6b6b3) sltu    a3, a3, a2
core   0: 3 0x80009512 (0x00c6b6b3) x13 0x00000001
core   0: 0x80009516 (0x0000048d) c.addi  s1, 3
core   0: 3 0x80009516 (0x048d) x 9 0xfffffffd
core   0: 0x80009518 (0x00008e29) c.xor   a2, a0
core   0: 3 0x80009518 (0x8e29) x12 0xfffffcd1
core   0: 0x8000951a (0x0000d8f5) c.beqz  s1, pc - 12
core   0: 3 0x8000951a (0xd8f5)
core   0: 0x8000951c (0x65ebf117) auipc   sp, 0x65ebf
core   0: 3 0x8000951c (0x65ebf117) x 2 0xe5ec851c
core   0: 0x80009520 (0x69012f93) slti    t6, sp, 1680
core   0: 3 0x80009520 (0x69012f93) x31 0x00000001
core   0: 0x80009524 (0xfd0b0be3) beq     s6, a6, pc - 42
core   0: 3 0x80009524 (0xfd0b0be3)
core   0: 0x800094fa (0xcd010613) addi    a2, sp, -816
core   0: 3 0x800094fa (0xcd010613) x12 0xe5ec81ec
core   0: 0x800094fe (0x03cd2cb3) mulhsu  s9, s10, t3
core   0: 3 0x800094fe (0x03cd2cb3) x25 0x00000000
core   0: 0x80009502 (0x00000b05) c.addi  s6, 1
core   0: 3 0x80009502 (0x0b05) x22 0x00000001
core   0: 0x80009504 (0x013a86b3) add     a3, s5, s3
core   0: 3 0x80009504 (0x013a86b3) x13 0x00000000
core   0: 0x80009508 (0xffa00493) li      s1, -6
core   0: 3 0x80009508 (0xffa00493) x 9 0xfffffffa
core   0: 0x8000950c (0x00000001) c.nop
core   0: 3 0x8000950c (0x0001)
core   0: 0x8000950e (0x036c1433) mulh    s0, s8, s6
core   0: 3 0x8000950e (0x036c1433) x 8 0xffffffff
core   0: 0x80009512 (0x00c6b6b3) sltu    a3, a3, a2
core   0: 3 0x80009512 (0x00c6b6b3) x13 0x00000001
core   0: 0x80009516 (0x0000048d) c.addi  s1, 3
core   0: 3 0x80009516 (0x048d) x 9 0xfffffffd
core   0: 0x80009518 (0x00008e29) c.xor   a2, a0
core   0: 3 0x80009518 (0x8e29) x12 0xe5ec81ed
core   0: 0x8000951a (0x0000d8f5) c.beqz  s1, pc - 12
core   0: 3 0x8000951a (0xd8f5)
core   0: 0x8000951c (0x65ebf117) auipc   sp, 0x65ebf
core   0: 3 0x8000951c (0x65ebf117) x 2 0xe5ec851c
core   0: 0x80009520 (0x69012f93) slti    t6, sp, 1680
core   0: 3 0x80009520 (0x69012f93) x31 0x00000001
core   0: 0x80009524 (0xfd0b0be3) beq     s6, a6, pc - 42
core   0: 3 0x80009524 (0xfd0b0be3)
core   0: 0x80009528 (0x014ee133) or      sp, t4, s4
core   0: 3 0x80009528 (0x014ee133) x 2 0xfffffeec
core   0: 0x8000952c (0x0193b9b3) sltu    s3, t2, s9
core   0: 3 0x8000952c (0x0193b9b3) x19 0x00000000
core   0: 0x80009530 (0x00008e45) c.or    a2, s1
core   0: 3 0x80009530 (0x8e45) x12 0xfffffffd
core   0: 0x80009532 (0x40a853b3) sra     t2, a6, a0
core   0: 3 0x80009532 (0x40a853b3) x 7 0x00000000
core   0: 0x80009536 (0x00008e51) c.or    a2, a2
core   0: 3 0x80009536 (0x8e51) x12 0xfffffffd
core   0: 0x80009538 (0x00009162) c.add   sp, s8
core   0: 3 0x80009538 (0x9162) x 2 0xfdf3c347
core   0: 0x8000953a (0x021632b3) mulhu   t0, a2, ra
core   0: 3 0x8000953a (0x021632b3) x 5 0x00000000
core   0: 0x8000953e (0x01e64d33) xor     s10, a2, t5
core   0: 3 0x8000953e (0x01e64d33) x26 0xffffffff
core   0: 0x80009542 (0x023e43b3) div     t2, t3, gp
core   0: 3 0x80009542 (0x023e43b3) x 7 0x00000000
core   0: 0x80009546 (0x031a83b3) mul     t2, s5, a7
core   0: 3 0x80009546 (0x031a83b3) x 7 0x00000000
core   0: 0x8000954a (0x02b310b3) mulh    ra, t1, a1
core   0: 3 0x8000954a (0x02b310b3) x 1 0x00000000
core   0: 0x8000954e (0x0000cf0d) c.beqz  a4, pc + 58
core   0: 3 0x8000954e (0xcf0d)
core   0: 0x80009550 (0x00000001) c.nop
core   0: 3 0x80009550 (0x0001)
core   0: 0x80009552 (0x00004351) c.li    t1, 20
core   0: 3 0x80009552 (0x4351) x 6 0x00000014
core   0: 0x80009554 (0x0000894e) c.mv    s2, s3
core   0: 3 0x80009554 (0x894e) x18 0x00000000
core   0: 0x80009556 (0x00008de1) c.and   a1, s0
core   0: 3 0x80009556 (0x8de1) x11 0x0000002b
core   0: 0x80009558 (0x4509ed97) auipc   s11, 0x4509e
core   0: 3 0x80009558 (0x4509ed97) x27 0xc50a7558
core   0: 0x8000955c (0x00008225) c.srli  a2, 9
core   0: 3 0x8000955c (0x8225) x12 0x007fffff
core   0: 0x8000955e (0x00008c99) c.sub   s1, a4
core   0: 3 0x8000955e (0x8c99) x 9 0xdac35b53
core   0: 0x80009560 (0x03b34733) div     a4, t1, s11
core   0: 3 0x80009560 (0x03b34733) x14 0x00000000
core   0: 0x80009564 (0xa6e4c293) xori    t0, s1, -1426
core   0: 3 0x80009564 (0xa6e4c293) x 5 0x253ca13d
core   0: 0x80009568 (0x0249c733) div     a4, s3, tp
core   0: 3 0x80009568 (0x0249c733) x14 0x00000000
core   0: 0x8000956c (0x000090a2) c.add   ra, s0
core   0: 3 0x8000956c (0x90a2) x 1 0xffffffff
core   0: 0x8000956e (0x02093433) mulhu   s0, s2, zero
core   0: 3 0x8000956e (0x02093433) x 8 0x00000000
core   0: 0x80009572 (0x036a7d33) remu    s10, s4, s6
core   0: 3 0x80009572 (0x036a7d33) x26 0x00000000
core   0: 0x80009576 (0x00000d4a) c.slli  s10, 18
core   0: 3 0x80009576 (0x0d4a) x26 0x00000000
core   0: 0x80009578 (0xa136c197) auipc   gp, 0xa136c
core   0: 3 0x80009578 (0xa136c197) x 3 0x21375578
core   0: 0x8000957c (0x01ac9213) slli    tp, s9, 26
core   0: 3 0x8000957c (0x01ac9213) x 4 0x00000000
core   0: 0x80009580 (0x0000997d) c.andi  a0, -1
core   0: 3 0x80009580 (0x997d) x10 0x00000001
core   0: 0x80009582 (0x000084d5) c.srai  s1, 21
core   0: 3 0x80009582 (0x84d5) x 9 0xfffffed6
core   0: 0x80009584 (0x005e4db3) xor     s11, t3, t0
core   0: 3 0x80009584 (0x005e4db3) x27 0x253ca13d
core   0: 0x80009588 (0x03771163) bne     a4, s7, pc + 34
core   0: 3 0x80009588 (0x03771163)
core   0: 0x800095aa (0x00008ded) c.and   a1, a1
core   0: 3 0x800095aa (0x8ded) x11 0x0000002b
core   0: 0x800095ac (0x026a2733) mulhsu  a4, s4, t1
core   0: 3 0x800095ac (0x026a2733) x14 0xfffffff6
core   0: 0x800095b0 (0x028c6163) bltu    s8, s0, pc + 34
core   0: 3 0x800095b0 (0x028c6163)
core   0: 0x800095b4 (0x000003f6) c.slli  t2, 29
core   0: 3 0x800095b4 (0x03f6) x 7 0x00000000
core   0: 0x800095b6 (0x02cd5f33) divu    t5, s10, a2
core   0: 3 0x800095b6 (0x02cd5f33) x30 0x00000000
core   0: 0x800095ba (0x6a1dc893) xori    a7, s11, 1697
core   0: 3 0x800095ba (0x6a1dc893) x17 0x253ca79c
core   0: 0x800095be (0x000099fd) c.andi  a1, -1
core   0: 3 0x800095be (0x99fd) x11 0x0000002b
core   0: 0x800095c0 (0x00909193) slli    gp, ra, 9
core   0: 3 0x800095c0 (0x00909193) x 3 0xfffffe00
core   0: 0x800095c4 (0x0000834d) c.srli  a4, 19
core   0: 3 0x800095c4 (0x834d) x14 0x00001fff
core   0: 0x800095c6 (0x013dce63) blt     s11, s3, pc + 28
core   0: 3 0x800095c6 (0x013dce63)
core   0: 0x800095ca (0x014f0833) add     a6, t5, s4
core   0: 3 0x800095ca (0x014f0833) x16 0x80025ce4
core   0: 0x800095ce (0x334b9737) lui     a4, 0x334b9
core   0: 3 0x800095ce (0x334b9737) x14 0x334b9000
core   0: 0x800095d2 (0x00008e32) c.mv    t3, a2
core   0: 3 0x800095d2 (0x8e32) x28 0x007fffff
core   0: 0x800095d4 (0x0000809a) c.mv    ra, t1
core   0: 3 0x800095d4 (0x809a) x 1 0x00000014
core   0: 0x800095d6 (0x40cd0833) sub     a6, s10, a2
core   0: 3 0x800095d6 (0x40cd0833) x16 0xff800001
core   0: 0x800095da (0x416e8033) sub     zero, t4, s6
core   0: 3 0x800095da (0x416e8033)
core   0: 0x800095de (0x7c0ba593) slti    a1, s7, 1984
core   0: 3 0x800095de (0x7c0ba593) x11 0x00000000
core   0: 0x800095e2 (0x1938f493) andi    s1, a7, 403
core   0: 3 0x800095e2 (0x1938f493) x 9 0x00000190
core   0: 0x800095e6 (0x00000001) c.nop
core   0: 3 0x800095e6 (0x0001)
core   0: 0x800095e8 (0x0000e009) c.bnez  s0, pc + 2
core   0: 3 0x800095e8 (0xe009)
core   0: 0x800095ea (0x01b4c533) xor     a0, s1, s11
core   0: 3 0x800095ea (0x01b4c533) x10 0x253ca0ad
core   0: 0x800095ee (0x00b51013) slli    zero, a0, 11
core   0: 3 0x800095ee (0x00b51013)
core   0: 0x800095f2 (0x0000613d) c.addi16sp sp, 480
core   0: 3 0x800095f2 (0x613d) x 2 0xfdf3c527
core   0: 0x800095f4 (0x0000884a) c.mv    a6, s2
core   0: 3 0x800095f4 (0x884a) x16 0x00000000
core   0: 0x800095f6 (0x01648f63) beq     s1, s6, pc + 30
core   0: 3 0x800095f6 (0x01648f63)
core   0: 0x800095fa (0x02fd0063) beq     s10, a5, pc + 32
core   0: 3 0x800095fa (0x02fd0063)
core   0: 0x800095fe (0x000004a1) c.addi  s1, 8
core   0: 3 0x800095fe (0x04a1) x 9 0x00000198
core   0: 0x80009600 (0x034df833) remu    a6, s11, s4
core   0: 3 0x80009600 (0x034df833) x16 0x253ca13d
core   0: 0x80009604 (0x022e2633) mulhsu  a2, t3, sp
core   0: 3 0x80009604 (0x022e2633) x12 0x007ef9e1
core   0: 0x80009608 (0x608c3693) sltiu   a3, s8, 1544
core   0: 3 0x80009608 (0x608c3693) x13 0x00000000
core   0: 0x8000960c (0x02ffe3b3) rem     t2, t6, a5
core   0: 3 0x8000960c (0x02ffe3b3) x 7 0x00000001
core   0: 0x80009610 (0x03bc8c63) beq     s9, s11, pc + 56
core   0: 3 0x80009610 (0x03bc8c63)
core   0: 0x80009614 (0x0000e119) c.bnez  a0, pc + 6
core   0: 3 0x80009614 (0xe119)
core   0: 0x8000961a (0x032b12b3) mulh    t0, s6, s2
core   0: 3 0x8000961a (0x032b12b3) x 5 0x00000000
core   0: 0x8000961e (0x0000100f) fence.i
core   0: 3 0x8000961e (0x0000100f)
core   0: 0x80009622 (0x01d4d2b3) srl     t0, s1, t4
core   0: 3 0x80009622 (0x01d4d2b3) x 5 0x00000000
core   0: 0x80009626 (0x00000001) c.nop
core   0: 3 0x80009626 (0x0001)
core   0: 0x80009628 (0x000088a9) c.andi  s1, 10
core   0: 3 0x80009628 (0x88a9) x 9 0x00000008
core   0: 0x8000962a (0x000052fd) c.li    t0, -1
core   0: 3 0x8000962a (0x52fd) x 5 0xffffffff
core   0: 0x8000962c (0x00f904b3) add     s1, s2, a5
core   0: 3 0x8000962c (0x00f904b3) x 9 0x80021e50
core   0: 0x80009630 (0x00008259) c.srli  a2, 22
core   0: 3 0x80009630 (0x8259) x12 0x00000001
core   0: 0x80009632 (0x0306dcb3) divu    s9, a3, a6
core   0: 3 0x80009632 (0x0306dcb3) x25 0x00000000
core   0: 0x80009636 (0x00008755) c.srai  a4, 21
core   0: 3 0x80009636 (0x8755) x14 0x0000019a
core   0: 0x80009638 (0x0000c611) c.beqz  a2, pc + 12
core   0: 3 0x80009638 (0xc611)
core   0: 0x8000963a (0x03ab0433) mul     s0, s6, s10
core   0: 3 0x8000963a (0x03ab0433) x 8 0x00000000
core   0: 0x8000963e (0x00006111) c.addi16sp sp, 256
core   0: 3 0x8000963e (0x6111) x 2 0xfdf3c627
core   0: 0x80009640 (0x032e5263) bge     t3, s2, pc + 36
core   0: 3 0x80009640 (0x032e5263)
core   0: 0x80009664 (0x03ca54b3) divu    s1, s4, t3
core   0: 3 0x80009664 (0x03ca54b3) x 9 0x00000100
core   0: 0x80009668 (0x0000981e) c.add   a6, t2
core   0: 3 0x80009668 (0x981e) x16 0x253ca13e
core   0: 0x8000966a (0x028a7b33) remu    s6, s4, s0
core   0: 3 0x8000966a (0x028a7b33) x22 0x80025ce4
core   0: 0x8000966e (0x01c48d33) add     s10, s1, t3
core   0: 3 0x8000966e (0x01c48d33) x26 0x008000ff
core   0: 0x80009672 (0x00008735) c.srai  a4, 13
core   0: 3 0x80009672 (0x8735) x14 0x00000000
core   0: 0x80009674 (0x0000eb11) c.bnez  a4, pc + 20
core   0: 3 0x80009674 (0xeb11)
core   0: 0x80009676 (0x03f52cb3) mulhsu  s9, a0, t6
core   0: 3 0x80009676 (0x03f52cb3) x25 0x00000000
core   0: 0x8000967a (0x673f0613) addi    a2, t5, 1651
core   0: 3 0x8000967a (0x673f0613) x12 0x00000673
core   0: 0x8000967e (0x009d75b3) and     a1, s10, s1
core   0: 3 0x8000967e (0x009d75b3) x11 0x00000000
core   0: 0x80009682 (0x01034463) blt     t1, a6, pc + 8
core   0: 3 0x80009682 (0x01034463)
core   0: 0x8000968a (0x00008845) c.andi  s0, 17
core   0: 3 0x8000968a (0x8845) x 8 0x00000000
core   0: 0x8000968c (0x00006655) c.lui   a2, 0x15
core   0: 3 0x8000968c (0x6655) x12 0x00015000
core   0: 0x8000968e (0x03cbc333) div     t1, s7, t3
core   0: 3 0x8000968e (0x03cbc333) x 6 0x00000000
core   0: 0x80009692 (0x00acbf33) sltu    t5, s9, a0
core   0: 3 0x80009692 (0x00acbf33) x30 0x00000001
core   0: 0x80009696 (0xa6746537) lui     a0, 0xa6746
core   0: 3 0x80009696 (0xa6746537) x10 0xa6746000
core   0: 0x8000969a (0x0546e263) bltu    a3, s4, pc + 68
core   0: 3 0x8000969a (0x0546e263)
core   0: 0x800096de (0x000080b5) c.srli  s1, 13
core   0: 3 0x800096de (0x80b5) x 9 0x00000000
core   0: 0x800096e0 (0x4040d5b3) sra     a1, ra, tp
core   0: 3 0x800096e0 (0x4040d5b3) x11 0x00000014
core   0: 0x800096e4 (0x014845b3) xor     a1, a6, s4
core   0: 3 0x800096e4 (0x014845b3) x11 0xa53efdda
core   0: 0x800096e8 (0x00008171) c.srli  a0, 28
core   0: 3 0x800096e8 (0x8171) x10 0x0000000a
core   0: 0x800096ea (0x01905033) srl     zero, zero, s9
core   0: 3 0x800096ea (0x01905033)
core   0: 0x800096ee (0x01c9c6b3) xor     a3, s3, t3
core   0: 3 0x800096ee (0x01c9c6b3) x13 0x007fffff
core   0: 0x800096f2 (0x00008db9) c.xor   a1, a4
core   0: 3 0x800096f2 (0x8db9) x11 0xa53efdda
core   0: 0x800096f4 (0x00009f62) c.add   t5, s8
core   0: 3 0x800096f4 (0x9f62) x30 0xfdf3c45c
core   0: 0x800096f6 (0xf7b18313) addi    t1, gp, -133
core   0: 3 0x800096f6 (0xf7b18313) x 6 0xfffffd7b
core   0: 0x800096fa (0x013fe533) or      a0, t6, s3
core   0: 3 0x800096fa (0x013fe533) x10 0x00000001
core   0: 0x800096fe (0x41178733) sub     a4, a5, a7
core   0: 3 0x800096fe (0x41178733) x14 0x5ac576b4
core   0: 0x80009702 (0x03f6f933) remu    s2, a3, t6
core   0: 3 0x80009702 (0x03f6f933) x18 0x00000000
core   0: 0x80009706 (0x02708733) mul     a4, ra, t2
core   0: 3 0x80009706 (0x02708733) x14 0x00000014
core   0: 0x8000970a (0x401b5013) srai    zero, s6, 1
core   0: 3 0x8000970a (0x401b5013)
core   0: 0x8000970e (0x0ff0000f) fence   iorw,iorw
core   0: 3 0x8000970e (0x0ff0000f)
core   0: 0x80009712 (0x00000794) c.addi4spn a3, sp, 960
core   0: 3 0x80009712 (0x0794) x13 0xfdf3c9e7
core   0: 0x80009714 (0x00008f8a) c.mv    t6, sp
core   0: 3 0x80009714 (0x8f8a) x31 0xfdf3c627
core   0: 0x80009716 (0x001e4133) xor     sp, t3, ra
core   0: 3 0x80009716 (0x001e4133) x 2 0x007fffeb
core   0: 0x8000971a (0x0317f2b3) remu    t0, a5, a7
core   0: 3 0x8000971a (0x0317f2b3) x 5 0x104c277c
core   0: 0x8000971e (0x00009756) c.add   a4, s5
core   0: 3 0x8000971e (0x9756) x14 0x00000014
core   0: 0x80009720 (0x26a18693) addi    a3, gp, 618
core   0: 3 0x80009720 (0x26a18693) x13 0x0000006a
core   0: 0x80009724 (0x013c5613) srli    a2, s8, 19
core   0: 3 0x80009724 (0x013c5613) x12 0x00001fbe
core   0: 0x80009728 (0x00243e33) sltu    t3, s0, sp
core   0: 3 0x80009728 (0x00243e33) x28 0x00000001
core   0: 0x8000972c (0x0000100f) fence.i
core   0: 3 0x8000972c (0x0000100f)
core   0: 0x80009730 (0x03f7b3b3) mulhu   t2, a5, t6
core   0: 3 0x80009730 (0x03f7b3b3) x 7 0x7efbfd0c
core   0: 0x80009734 (0x00cad293) srli    t0, s5, 12
core   0: 3 0x80009734 (0x00cad293) x 5 0x00000000
core   0: 0x80009738 (0x034bf8b3) remu    a7, s7, s4
core   0: 3 0x80009738 (0x034bf8b3) x17 0x00100000
core   0: 0x8000973c (0x028f9333) mulh    t1, t6, s0
core   0: 3 0x8000973c (0x028f9333) x 6 0x00000000
core   0: 0x80009740 (0x01c90eb3) add     t4, s2, t3
core   0: 3 0x80009740 (0x01c90eb3) x29 0x00000001
core   0: 0x80009744 (0x005cda63) bge     s9, t0, pc + 20
core   0: 3 0x80009744 (0x005cda63)
core   0: 0x80009758 (0x00f39bb3) sll     s7, t2, a5
core   0: 3 0x80009758 (0x00f39bb3) x23 0xfd0c0000
core   0: 0x8000975c (0x009e7b63) bgeu    t3, s1, pc + 22
core   0: 3 0x8000975c (0x009e7b63)
core   0: 0x80009772 (0x00008d35) c.xor   a0, a3
core   0: 3 0x80009772 (0x8d35) x10 0x0000006b
core   0: 0x80009774 (0x000081ba) c.mv    gp, a4
core   0: 3 0x80009774 (0x81ba) x 3 0x00000014
core   0: 0x80009776 (0x00000686) c.slli  a3, 1
core   0: 3 0x80009776 (0x0686) x13 0x000000d4
core   0: 0x80009778 (0x0070d833) srl     a6, ra, t2
core   0: 3 0x80009778 (0x0070d833) x16 0x00000000
core   0: 0x8000977c (0x01b77d33) and     s10, a4, s11
core   0: 3 0x8000977c (0x01b77d33) x26 0x00000014
core   0: 0x80009780 (0x0000894a) c.mv    s2, s2
core   0: 3 0x80009780 (0x894a) x18 0x00000000
core   0: 0x80009782 (0x060aea93) ori     s5, s5, 96
core   0: 3 0x80009782 (0x060aea93) x21 0x00000060
core   0: 0x80009786 (0x01cda933) slt     s2, s11, t3
core   0: 3 0x80009786 (0x01cda933) x18 0x00000000
core   0: 0x8000978a (0x3fb4ef93) ori     t6, s1, 1019
core   0: 3 0x8000978a (0x3fb4ef93) x31 0x000003fb
core   0: 0x8000978e (0xafb84017) auipc   zero, 0xafb84
core   0: 3 0x8000978e (0xafb84017)
core   0: 0x80009792 (0x036791b3) mulh    gp, a5, s6
core   0: 3 0x80009792 (0x036791b3) x 3 0x3ffdc26b
core   0: 0x80009796 (0x038a3cb3) mulhu   s9, s4, s8
core   0: 3 0x80009796 (0x038a3cb3) x25 0x7efc3a3a
core   0: 0x8000979a (0x002e1813) slli    a6, t3, 2
core   0: 3 0x8000979a (0x002e1813) x16 0x00000004
core   0: 0x8000979e (0x03507d33) remu    s10, zero, s5
core   0: 3 0x8000979e (0x03507d33) x26 0x00000000
core   0: 0x800097a2 (0x0ff0000f) fence   iorw,iorw
core   0: 3 0x800097a2 (0x0ff0000f)
core   0: 0x800097a6 (0x00008eb5) c.xor   a3, a3
core   0: 3 0x800097a6 (0x8eb5) x13 0x00000000
core   0: 0x800097a8 (0x00000898) c.addi4spn a4, sp, 80
core   0: 3 0x800097a8 (0x0898) x14 0x0080003b
core   0: 0x800097aa (0x06488a63) beq     a7, tp, pc + 116
core   0: 3 0x800097aa (0x06488a63)
core   0: 0x800097ae (0x02790eb3) mul     t4, s2, t2
core   0: 3 0x800097ae (0x02790eb3) x29 0x00000000
core   0: 0x800097b2 (0x032eacb3) mulhsu  s9, t4, s2
core   0: 3 0x800097b2 (0x032eacb3) x25 0x00000000
core   0: 0x800097b6 (0x00001808) c.addi4spn a0, sp, 48
core   0: 3 0x800097b6 (0x1808) x10 0x0080001b
core   0: 0x800097b8 (0x00400713) li      a4, 4
core   0: 3 0x800097b8 (0x00400713) x14 0x00000004
core   0: 0x800097bc (0x02fa0b33) mul     s6, s4, a5
core   0: 3 0x800097bc (0x02fa0b33) x22 0x0167bf40
core   0: 0x800097c0 (0x40c105b3) sub     a1, sp, a2
core   0: 3 0x800097c0 (0x40c105b3) x11 0x007fe02d
core   0: 0x800097c4 (0x00000001) c.nop
core   0: 3 0x800097c4 (0x0001)
core   0: 0x800097c6 (0x00006209) c.lui   tp, 0x2
core   0: 3 0x800097c6 (0x6209) x 4 0x00002000
core   0: 0x800097c8 (0x3d2abd13) sltiu   s10, s5, 978
core   0: 3 0x800097c8 (0x3d2abd13) x26 0x00000001
core   0: 0x800097cc (0x00001771) c.addi  a4, -4
core   0: 3 0x800097cc (0x1771) x14 0x00000000
core   0: 0x800097ce (0xb51a5997) auipc   s3, 0xb51a5
core   0: 3 0x800097ce (0xb51a5997) x19 0x351ae7ce
core   0: 0x800097d2 (0x03b15133) divu    sp, sp, s11
core   0: 3 0x800097d2 (0x03b15133) x 2 0x00000000
core   0: 0x800097d6 (0x00640533) add     a0, s0, t1
core   0: 3 0x800097d6 (0x00640533) x10 0x00000000
core   0: 0x800097da (0x00fb5433) srl     s0, s6, a5
core   0: 3 0x800097da (0x00fb5433) x 8 0x00000167
core   0: 0x800097de (0x000002ae) c.slli  t0, 11
core   0: 3 0x800097de (0x02ae) x 5 0x00000000
core   0: 0x800097e0 (0x2a185297) auipc   t0, 0x2a185
core   0: 3 0x800097e0 (0x2a185297) x 5 0xaa18e7e0
core   0: 0x800097e4 (0x0000d375) c.beqz  a4, pc - 28
core   0: 3 0x800097e4 (0xd375)
core   0: 0x800097c8 (0x3d2abd13) sltiu   s10, s5, 978
core   0: 3 0x800097c8 (0x3d2abd13) x26 0x00000001
core   0: 0x800097cc (0x00001771) c.addi  a4, -4
core   0: 3 0x800097cc (0x1771) x14 0xfffffffc
core   0: 0x800097ce (0xb51a5997) auipc   s3, 0xb51a5
core   0: 3 0x800097ce (0xb51a5997) x19 0x351ae7ce
core   0: 0x800097d2 (0x03b15133) divu    sp, sp, s11
core   0: 3 0x800097d2 (0x03b15133) x 2 0x00000000
core   0: 0x800097d6 (0x00640533) add     a0, s0, t1
core   0: 3 0x800097d6 (0x00640533) x10 0x00000167
core   0: 0x800097da (0x00fb5433) srl     s0, s6, a5
core   0: 3 0x800097da (0x00fb5433) x 8 0x00000167
core   0: 0x800097de (0x000002ae) c.slli  t0, 11
core   0: 3 0x800097de (0x02ae) x 5 0xc73f0000
core   0: 0x800097e0 (0x2a185297) auipc   t0, 0x2a185
core   0: 3 0x800097e0 (0x2a185297) x 5 0xaa18e7e0
core   0: 0x800097e4 (0x0000d375) c.beqz  a4, pc - 28
core   0: 3 0x800097e4 (0xd375)
core   0: 0x800097e6 (0x02748b33) mul     s6, s1, t2
core   0: 3 0x800097e6 (0x02748b33) x22 0x00000000
core   0: 0x800097ea (0x00008e4d) c.or    a2, a1
core   0: 3 0x800097ea (0x8e4d) x12 0x007fffbf
core   0: 0x800097ec (0x99f09e17) auipc   t3, 0x99f09
core   0: 3 0x800097ec (0x99f09e17) x28 0x19f127ec
core   0: 0x800097f0 (0x03a9dfb3) divu    t6, s3, s10
core   0: 3 0x800097f0 (0x03a9dfb3) x31 0x351ae7ce
core   0: 0x800097f4 (0x00008f49) c.or    a4, a0
core   0: 3 0x800097f4 (0x8f49) x14 0xffffffff
core   0: 0x800097f6 (0x00e01393) slli    t2, zero, 14
core   0: 3 0x800097f6 (0x00e01393) x 7 0x00000000
core   0: 0x800097fa (0x0ff0000f) fence   iorw,iorw
core   0: 3 0x800097fa (0x0ff0000f)
core   0: 0x800097fe (0x03eb75b3) remu    a1, s6, t5
core   0: 3 0x800097fe (0x03eb75b3) x11 0x00000000
core   0: 0x80009802 (0x009a3733) sltu    a4, s4, s1
core   0: 3 0x80009802 (0x009a3733) x14 0x00000000
core   0: 0x80009806 (0x02898363) beq     s3, s0, pc + 38
core   0: 3 0x80009806 (0x02898363)
core   0: 0x8000980a (0x018c54b3) srl     s1, s8, s8
core   0: 3 0x8000980a (0x018c54b3) x 9 0x0000001f
core   0: 0x8000980e (0x02c97533) remu    a0, s2, a2
core   0: 3 0x8000980e (0x02c97533) x10 0x00000000
core   0: 0x80009812 (0x000086a5) c.srai  a3, 9
core   0: 3 0x80009812 (0x86a5) x13 0x00000000
core   0: 0x80009814 (0x03ffc033) div     zero, t6, t6
core   0: 3 0x80009814 (0x03ffc033)
core   0: 0x80009818 (0x00cf1193) slli    gp, t5, 12
core   0: 3 0x80009818 (0x00cf1193) x 3 0x3c45c000
core   0: 0x8000981c (0x00008ef5) c.and   a3, a3
core   0: 3 0x8000981c (0x8ef5) x13 0x00000000
core   0: 0x8000981e (0x40badb93) srai    s7, s5, 11
core   0: 3 0x8000981e (0x40badb93) x23 0x00000000
core   0: 0x80009822 (0x00000001) c.nop
core   0: 3 0x80009822 (0x0001)
core   0: 0x80009824 (0x051d9f63) bne     s11, a7, pc + 94
core   0: 3 0x80009824 (0x051d9f63)
core   0: 0x80009882 (0x00008261) c.srli  a2, 24
core   0: 3 0x80009882 (0x8261) x12 0x00000000
core   0: 0x80009884 (0x01899593) slli    a1, s3, 24
core   0: 3 0x80009884 (0x01899593) x11 0xce000000
core   0: 0x80009888 (0x00008cba) c.mv    s9, a4
core   0: 3 0x80009888 (0x8cba) x25 0x00000000
core   0: 0x8000988a (0x002bdf33) srl     t5, s7, sp
core   0: 3 0x8000988a (0x002bdf33) x30 0x00000000
core   0: 0x8000988e (0x02878b63) beq     a5, s0, pc + 54
core   0: 3 0x8000988e (0x02878b63)
core   0: 0x80009892 (0x4f957337) lui     t1, 0x4f957
core   0: 3 0x80009892 (0x4f957337) x 6 0x4f957000
core   0: 0x80009896 (0x0184ef63) bltu    s1, s8, pc + 30
core   0: 3 0x80009896 (0x0184ef63)
core   0: 0x800098b4 (0x02291f63) bne     s2, sp, pc + 62
core   0: 3 0x800098b4 (0x02291f63)
core   0: 0x800098b8 (0x40290133) sub     sp, s2, sp
core   0: 3 0x800098b8 (0x40290133) x 2 0x00000000
core   0: 0x800098bc (0x4068d813) srai    a6, a7, 6
core   0: 3 0x800098bc (0x4068d813) x16 0x00004000
core   0: 0x800098c0 (0x02edea63) bltu    s11, a4, pc + 52
core   0: 3 0x800098c0 (0x02edea63)
core   0: 0x800098c4 (0x00008c85) c.sub   s1, s1
core   0: 3 0x800098c4 (0x8c85) x 9 0x00000000
core   0: 0x800098c6 (0x00001590) c.addi4spn a2, sp, 736
core   0: 3 0x800098c6 (0x1590) x12 0x000002e0
core   0: 0x800098c8 (0x003adbb3) srl     s7, s5, gp
core   0: 3 0x800098c8 (0x003adbb3) x23 0x00000060
core   0: 0x800098cc (0x00008425) c.srai  s0, 9
core   0: 3 0x800098cc (0x8425) x 8 0x00000000
core   0: 0x800098ce (0x00008551) c.srai  a0, 20
core   0: 3 0x800098ce (0x8551) x10 0x00000000
core   0: 0x800098d0 (0x011cde93) srli    t4, s9, 17
core   0: 3 0x800098d0 (0x011cde93) x29 0x00000000
core   0: 0x800098d4 (0x02b5a2b3) mulhsu  t0, a1, a1
core   0: 3 0x800098d4 (0x02b5a2b3) x 5 0xd7c40000
core   0: 0x800098d8 (0x01901e33) sll     t3, zero, s9
core   0: 3 0x800098d8 (0x01901e33) x28 0x00000000
core   0: 0x800098dc (0x002198b3) sll     a7, gp, sp
core   0: 3 0x800098dc (0x002198b3) x17 0x3c45c000
core   0: 0x800098e0 (0x0241a1b3) mulhsu  gp, gp, tp
core   0: 3 0x800098e0 (0x0241a1b3) x 3 0x00000788
core   0: 0x800098e4 (0x00d9d863) bge     s3, a3, pc + 16
core   0: 3 0x800098e4 (0x00d9d863)
core   0: 0x800098f4 (0x00788cb3) add     s9, a7, t2
core   0: 3 0x800098f4 (0x00788cb3) x25 0x3c45c000
core   0: 0x800098f8 (0x01b65463) bge     a2, s11, pc + 8
core   0: 3 0x800098f8 (0x01b65463)
core   0: 0x800098fc (0x01976263) bltu    a4, s9, pc + 4
core   0: 3 0x800098fc (0x01976263)
core   0: 0x80009900 (0x00fd1d63) bne     s10, a5, pc + 26
core   0: 3 0x80009900 (0x00fd1d63)
core   0: 0x8000991a (0x3dd6fe13) andi    t3, a3, 989
core   0: 3 0x8000991a (0x3dd6fe13) x28 0x00000000
core   0: 0x8000991e (0x0156ebb3) or      s7, a3, s5
core   0: 3 0x8000991e (0x0156ebb3) x23 0x00000060
core   0: 0x80009922 (0x01297d33) and     s10, s2, s2
core   0: 3 0x80009922 (0x01297d33) x26 0x00000000
core   0: 0x80009926 (0x03dd24b3) mulhsu  s1, s10, t4
core   0: 3 0x80009926 (0x03dd24b3) x 9 0x00000000
core   0: 0x8000992a (0xce934813) xori    a6, t1, -791
core   0: 3 0x8000992a (0xce934813) x16 0xb06a8ce9
core   0: 0x8000992e (0x89f03993) sltiu   s3, zero, -1889
core   0: 3 0x8000992e (0x89f03993) x19 0x00000001
core   0: 0x80009932 (0x023c5e63) bge     s8, gp, pc + 60
core   0: 3 0x80009932 (0x023c5e63)
core   0: 0x80009936 (0x0000e021) c.bnez  s0, pc + 64
core   0: 3 0x80009936 (0xe021)
core   0: 0x80009938 (0x021f4db3) div     s11, t5, ra
core   0: 3 0x80009938 (0x021f4db3) x27 0x00000000
core   0: 0x8000993c (0x00000b36) c.slli  s6, 13
core   0: 3 0x8000993c (0x0b36) x22 0x00000000
core   0: 0x8000993e (0x8e452893) slti    a7, a0, -1820
core   0: 3 0x8000993e (0x8e452893) x17 0x00000000
core   0: 0x80009942 (0x022d46b3) div     a3, s10, sp
core   0: 3 0x80009942 (0x022d46b3) x13 0xffffffff
core   0: 0x80009946 (0x407e5d13) srai    s10, t3, 7
core   0: 3 0x80009946 (0x407e5d13) x26 0x00000000
core   0: 0x8000994a (0xad93b0b7) lui     ra, 0xad93b
core   0: 3 0x8000994a (0xad93b0b7) x 1 0xad93b000
core   0: 0x8000994e (0x02c7d263) bge     a5, a2, pc + 36
core   0: 3 0x8000994e (0x02c7d263)
core   0: 0x80009952 (0x01ee4963) blt     t3, t5, pc + 18
core   0: 3 0x80009952 (0x01ee4963)
core   0: 0x80009956 (0x0173e263) bltu    t2, s7, pc + 4
core   0: 3 0x80009956 (0x0173e263)
core   0: 0x8000995a (0x02385163) bge     a6, gp, pc + 34
core   0: 3 0x8000995a (0x02385163)
core   0: 0x8000995e (0x00000226) c.slli  tp, 9
core   0: 3 0x8000995e (0x0226) x 4 0x00400000
core   0: 0x80009960 (0x81d2e713) ori     a4, t0, -2019
core   0: 3 0x80009960 (0x81d2e713) x14 0xfffff81d
core   0: 0x80009964 (0x97f60613) addi    a2, a2, -1665
core   0: 3 0x80009964 (0x97f60613) x12 0xfffffc5f
core   0: 0x80009968 (0x0000026a) c.slli  tp, 26
core   0: 3 0x80009968 (0x026a) x 4 0x00000000
core   0: 0x8000996a (0x03daf463) bgeu    s5, t4, pc + 40
core   0: 3 0x8000996a (0x03daf463)
core   0: 0x80009992 (0x01278533) add     a0, a5, s2
core   0: 3 0x80009992 (0x01278533) x10 0x80021e50
core   0: 0x80009996 (0x00000001) c.nop
core   0: 3 0x80009996 (0x0001)
core   0: 0x80009998 (0x000098ea) c.add   a7, s10
core   0: 3 0x80009998 (0x98ea) x17 0x00000000
core   0: 0x8000999a (0x00008c19) c.sub   s0, a4
core   0: 3 0x8000999a (0x8c19) x 8 0x000007e3
core   0: 0x8000999c (0x0ff0000f) fence   iorw,iorw
core   0: 3 0x8000999c (0x0ff0000f)
core   0: 0x800099a0 (0x00008315) c.srli  a4, 5
core   0: 3 0x800099a0 (0x8315) x14 0x07ffffc0
core   0: 0x800099a2 (0x0080de63) bge     ra, s0, pc + 28
core   0: 3 0x800099a2 (0x0080de63)
core   0: 0x800099a6 (0x00001b00) c.addi4spn s0, sp, 432
core   0: 3 0x800099a6 (0x1b00) x 8 0x000001b0
core   0: 0x800099a8 (0x00008fbe) c.mv    t6, a5
core   0: 3 0x800099a8 (0x8fbe) x31 0x80021e50
core   0: 0x800099aa (0x0000100f) fence.i
core   0: 3 0x800099aa (0x0000100f)
core   0: 0x800099ae (0x02577433) remu    s0, a4, t0
core   0: 3 0x800099ae (0x02577433) x 8 0x07ffffc0
core   0: 0x800099b2 (0x030940b3) div     ra, s2, a6
core   0: 3 0x800099b2 (0x030940b3) x 1 0x00000000
core   0: 0x800099b6 (0x04fa9363) bne     s5, a5, pc + 70
core   0: 3 0x800099b6 (0x04fa9363)
core   0: 0x800099fc (0x00008ca2) c.mv    s9, s0
core   0: 3 0x800099fc (0x8ca2) x25 0x07ffffc0
core   0: 0x800099fe (0x0000871a) c.mv    a4, t1
core   0: 3 0x800099fe (0x871a) x14 0x4f957000
core   0: 0x80009a00 (0x4001d133) sra     sp, gp, zero
core   0: 3 0x80009a00 (0x4001d133) x 2 0x00000788
core   0: 0x80009a04 (0x0168f9b3) and     s3, a7, s6
core   0: 3 0x80009a04 (0x0168f9b3) x19 0x00000000
core   0: 0x80009a08 (0x417ad493) srai    s1, s5, 23
core   0: 3 0x80009a08 (0x417ad493) x 9 0x00000000
core   0: 0x80009a0c (0x00008f79) c.and   a4, a4
core   0: 3 0x80009a0c (0x8f79) x14 0x4f957000
core   0: 0x80009a0e (0x00008299) c.srli  a3, 6
core   0: 3 0x80009a0e (0x8299) x13 0x03ffffff
core   0: 0x80009a10 (0x00009afd) c.andi  a3, -1
core   0: 3 0x80009a10 (0x9afd) x13 0x03ffffff
core   0: 0x80009a12 (0x00631413) slli    s0, t1, 6
core   0: 3 0x80009a12 (0x00631413) x 8 0xe55c0000
core   0: 0x80009a16 (0x032a4fb3) div     t6, s4, s2
core   0: 3 0x80009a16 (0x032a4fb3) x31 0xffffffff
core   0: 0x80009a1a (0xbeeba993) slti    s3, s7, -1042
core   0: 3 0x80009a1a (0xbeeba993) x19 0x00000000
core   0: 0x80009a1e (0x00000386) c.slli  t2, 1
core   0: 3 0x80009a1e (0x0386) x 7 0x00000000
core   0: 0x80009a20 (0x0240e533) rem     a0, ra, tp
core   0: 3 0x80009a20 (0x0240e533) x10 0x00000000
core   0: 0x80009a24 (0x0ff0000f) fence   iorw,iorw
core   0: 3 0x80009a24 (0x0ff0000f)
core   0: 0x80009a28 (0x0000c0a1) c.beqz  s1, pc + 64
core   0: 3 0x80009a28 (0xc0a1)
core   0: 0x80009a68 (0x03bb9d33) mulh    s10, s7, s11
core   0: 3 0x80009a68 (0x03bb9d33) x26 0x00000000
core   0: 0x80009a6c (0x0000517d) c.li    sp, -1
core   0: 3 0x80009a6c (0x517d) x 2 0xffffffff
core   0: 0x80009a6e (0x03d26cb3) rem     s9, tp, t4
core   0: 3 0x80009a6e (0x03d26cb3) x25 0x00000000
core   0: 0x80009a72 (0x0000810a) c.mv    sp, sp
core   0: 3 0x80009a72 (0x810a) x 2 0xffffffff
core   0: 0x80009a74 (0x02059833) mulh    a6, a1, zero
core   0: 3 0x80009a74 (0x02059833) x16 0x00000000
core   0: 0x80009a78 (0x5cfebd93) sltiu   s11, t4, 1487
core   0: 3 0x80009a78 (0x5cfebd93) x27 0x00000001
core   0: 0x80009a7c (0x032ce863) bltu    s9, s2, pc + 48
core   0: 3 0x80009a7c (0x032ce863)
core   0: 0x80009a80 (0x0375b2b3) mulhu   t0, a1, s7
core   0: 3 0x80009a80 (0x0375b2b3) x 5 0x0000004d
core   0: 0x80009a84 (0x00000be2) c.slli  s7, 24
core   0: 3 0x80009a84 (0x0be2) x23 0x60000000
core   0: 0x80009a86 (0x0000100f) fence.i
core   0: 3 0x80009a86 (0x0000100f)
core   0: 0x80009a8a (0x02d12fb3) mulhsu  t6, sp, a3
core   0: 3 0x80009a8a (0x02d12fb3) x31 0xffffffff
core   0: 0x80009a8e (0x01dea133) slt     sp, t4, t4
core   0: 3 0x80009a8e (0x01dea133) x 2 0x00000000
core   0: 0x80009a92 (0x37bae093) ori     ra, s5, 891
core   0: 3 0x80009a92 (0x37bae093) x 1 0x0000037b
core   0: 0x80009a96 (0x63d56713) ori     a4, a0, 1597
core   0: 3 0x80009a96 (0x63d56713) x14 0x0000063d
core   0: 0x80009a9a (0x380a4593) xori    a1, s4, 896
core   0: 3 0x80009a9a (0x380a4593) x11 0x80025f64
core   0: 0x80009a9e (0x0000100f) fence.i
core   0: 3 0x80009a9e (0x0000100f)
core   0: 0x80009aa2 (0x00000001) c.nop
core   0: 3 0x80009aa2 (0x0001)
core   0: 0x80009aa4 (0x00fc6263) bltu    s8, a5, pc + 4
core   0: 3 0x80009aa4 (0x00fc6263)
core   0: 0x80009aa8 (0xd93a8913) addi    s2, s5, -621
core   0: 3 0x80009aa8 (0xd93a8913) x18 0xfffffdf3
core   0: 0x80009aac (0x0000c289) c.beqz  a3, pc + 2
core   0: 3 0x80009aac (0xc289)
core   0: 0x80009aae (0xb9432b93) slti    s7, t1, -1132
core   0: 3 0x80009aae (0xb9432b93) x23 0x00000000
core   0: 0x80009ab2 (0x000080f9) c.srli  s1, 30
core   0: 3 0x80009ab2 (0x80f9) x 9 0x00000000
core   0: 0x80009ab4 (0x00008ead) c.xor   a3, a1
core   0: 3 0x80009ab4 (0x8ead) x13 0x83fda09b
core   0: 0x80009ab6 (0x00008e91) c.sub   a3, a2
core   0: 3 0x80009ab6 (0x8e91) x13 0x83fda43c
core   0: 0x80009ab8 (0x05e3c663) blt     t2, t5, pc + 76
core   0: 3 0x80009ab8 (0x05e3c663)
core   0: 0x80009abc (0x0000100f) fence.i
core   0: 3 0x80009abc (0x0000100f)
core   0: 0x80009ac0 (0x00ddd013) srli    zero, s11, 13
core   0: 3 0x80009ac0 (0x00ddd013)
core   0: 0x80009ac4 (0x3a020813) addi    a6, tp, 928
core   0: 3 0x80009ac4 (0x3a020813) x16 0x000003a0
core   0: 0x80009ac8 (0x80bf2c93) slti    s9, t5, -2037
core   0: 3 0x80009ac8 (0x80bf2c93) x25 0x00000000
core   0: 0x80009acc (0x70d6fd93) andi    s11, a3, 1805
core   0: 3 0x80009acc (0x70d6fd93) x27 0x0000040c
core   0: 0x80009ad0 (0x033d8133) mul     sp, s11, s3
core   0: 3 0x80009ad0 (0x033d8133) x 2 0x00000000
core   0: 0x80009ad4 (0x008a1513) slli    a0, s4, 8
core   0: 3 0x80009ad4 (0x008a1513) x10 0x025ce400
core   0: 0x80009ad8 (0x008a1b13) slli    s6, s4, 8
core   0: 3 0x80009ad8 (0x008a1b13) x22 0x025ce400
core   0: 0x80009adc (0x01ad8463) beq     s11, s10, pc + 8
core   0: 3 0x80009adc (0x01ad8463)
core   0: 0x80009ae0 (0x00ba8733) add     a4, s5, a1
core   0: 3 0x80009ae0 (0x00ba8733) x14 0x80025fc4
core   0: 0x80009ae4 (0x0000e295) c.bnez  a3, pc + 36
core   0: 3 0x80009ae4 (0xe295)
core   0: 0x80009b08 (0x00009bc2) c.add   s7, a6
core   0: 3 0x80009b08 (0x9bc2) x23 0x000003a0
core   0: 0x80009b0a (0x4185dfb3) sra     t6, a1, s8
core   0: 3 0x80009b0a (0x4185dfb3) x31 0xfffffff0
core   0: 0x80009b0e (0x01ed7e63) bgeu    s10, t5, pc + 28
core   0: 3 0x80009b0e (0x01ed7e63)
core   0: 0x80009b2a (0x00008d45) c.or    a0, s1
core   0: 3 0x80009b2a (0x8d45) x10 0x025ce400
core   0: 0x80009b2c (0x008beb63) bltu    s7, s0, pc + 22
core   0: 3 0x80009b2c (0x008beb63)
core   0: 0x80009b42 (0x0000964e) c.add   a2, s3
core   0: 3 0x80009b42 (0x964e) x12 0xfffffc5f
core   0: 0x80009b44 (0x00008f7d) c.and   a4, a5
core   0: 3 0x80009b44 (0x8f7d) x14 0x80021e40
core   0: 0x80009b46 (0x00001990) c.addi4spn a2, sp, 240
core   0: 3 0x80009b46 (0x1990) x12 0x000000f0
core   0: 0x80009b48 (0x032a4d63) blt     s4, s2, pc + 58
core   0: 3 0x80009b48 (0x032a4d63)
core   0: 0x80009b82 (0x591e4197) auipc   gp, 0x591e4
core   0: 3 0x80009b82 (0x591e4197) x 3 0xd91edb82
core   0: 0x80009b86 (0x00008d7d) c.and   a0, a5
core   0: 3 0x80009b86 (0x8d7d) x10 0x00000400
core   0: 0x80009b88 (0x01169fb3) sll     t6, a3, a7
core   0: 3 0x80009b88 (0x01169fb3) x31 0x83fda43c
core   0: 0x80009b8c (0xbe118513) addi    a0, gp, -1055
core   0: 3 0x80009b8c (0xbe118513) x10 0xd91ed763
core   0: 0x80009b90 (0x0000c581) c.beqz  a1, pc + 8
core   0: 3 0x80009b90 (0xc581)
core   0: 0x80009b92 (0x00006675) c.lui   a2, 0x1d
core   0: 3 0x80009b92 (0x6675) x12 0x0001d000
core   0: 0x80009b94 (0x03629ab3) mulh    s5, t0, s6
core   0: 3 0x80009b94 (0x03629ab3) x21 0x00000000
core   0: 0x80009b98 (0x03101263) bne     zero, a7, pc + 36
core   0: 3 0x80009b98 (0x03101263)
core   0: 0x80009b9c (0x017dfbb3) and     s7, s11, s7
core   0: 3 0x80009b9c (0x017dfbb3) x23 0x00000000
core   0: 0x80009ba0 (0x0405c563) bltz    a1, pc + 74
core   0: 3 0x80009ba0 (0x0405c563)
core   0: 0x80009bea (0x00000001) c.nop
core   0: 3 0x80009bea (0x0001)
core   0: 0x80009bec (0xf27d8f13) addi    t5, s11, -217
core   0: 3 0x80009bec (0xf27d8f13) x30 0x00000333
core   0: 0x80009bf0 (0x528d3613) sltiu   a2, s10, 1320
core   0: 3 0x80009bf0 (0x528d3613) x12 0x00000001
core   0: 0x80009bf4 (0x00000001) c.nop
core   0: 3 0x80009bf4 (0x0001)
core   0: 0x80009bf6 (0x004150b3) srl     ra, sp, tp
core   0: 3 0x80009bf6 (0x004150b3) x 1 0x00000000
core   0: 0x80009bfa (0x036d3333) mulhu   t1, s10, s6
core   0: 3 0x80009bfa (0x036d3333) x 6 0x00000000
core   0: 0x80009bfe (0x000086c5) c.srai  a3, 17
core   0: 3 0x80009bfe (0x86c5) x13 0xffffc1fe
core   0: 0x80009c00 (0x0042dd63) bge     t0, tp, pc + 26
core   0: 3 0x80009c00 (0x0042dd63)
core   0: 0x80009c1a (0x029c33b3) mulhu   t2, s8, s1
core   0: 3 0x80009c1a (0x029c33b3) x 7 0x00000000
core   0: 0x80009c1e (0x00008476) c.mv    s0, t4
core   0: 3 0x80009c1e (0x8476) x 8 0x00000000
core   0: 0x80009c20 (0x008145b3) xor     a1, sp, s0
core   0: 3 0x80009c20 (0x008145b3) x11 0x00000000
core   0: 0x80009c24 (0x0016bab3) sltu    s5, a3, ra
core   0: 3 0x80009c24 (0x0016bab3) x21 0x00000000
core   0: 0x80009c28 (0x00008ca5) c.xor   s1, s1
core   0: 3 0x80009c28 (0x8ca5) x 9 0x00000000
core   0: 0x80009c2a (0x02947f63) bgeu    s0, s1, pc + 62
core   0: 3 0x80009c2a (0x02947f63)
core   0: 0x80009c68 (0x403cdcb3) sra     s9, s9, gp
core   0: 3 0x80009c68 (0x403cdcb3) x25 0x00000000
core   0: 0x80009c6c (0xbc0ac9b7) lui     s3, 0xbc0ac
core   0: 3 0x80009c6c (0xbc0ac9b7) x19 0xbc0ac000
core   0: 0x80009c70 (0x02aa6963) bltu    s4, a0, pc + 50
core   0: 3 0x80009c70 (0x02aa6963)
core   0: 0x80009ca2 (0x02c650b3) divu    ra, a2, a2
core   0: 3 0x80009ca2 (0x02c650b3) x 1 0x00000001
core   0: 0x80009ca6 (0x00818f63) beq     gp, s0, pc + 30
core   0: 3 0x80009ca6 (0x00818f63)
core   0: 0x80009caa (0x00813833) sltu    a6, sp, s0
core   0: 3 0x80009caa (0x00813833) x16 0x00000000
core   0: 0x80009cae (0x96b6b013) sltiu   zero, a3, -1685
core   0: 3 0x80009cae (0x96b6b013)
core   0: 0x80009cb2 (0x00004355) c.li    t1, 21
core   0: 3 0x80009cb2 (0x4355) x 6 0x00000015
core   0: 0x80009cb4 (0x0000e981) c.bnez  a1, pc + 16
core   0: 3 0x80009cb4 (0xe981)
core   0: 0x80009cb6 (0x000001fa) c.slli  gp, 30
core   0: 3 0x80009cb6 (0x01fa) x 3 0x80000000
core   0: 0x80009cb8 (0x002804b3) add     s1, a6, sp
core   0: 3 0x80009cb8 (0x002804b3) x 9 0x00000000
core   0: 0x80009cbc (0x019dae33) slt     t3, s11, s9
core   0: 3 0x80009cbc (0x019dae33) x28 0x00000000
core   0: 0x80009cc0 (0x00000001) c.nop
core   0: 3 0x80009cc0 (0x0001)
core   0: 0x80009cc2 (0x00001d7d) c.addi  s10, -1
core   0: 3 0x80009cc2 (0x1d7d) x26 0xffffffff
core   0: 0x80009cc4 (0x000092ca) c.add   t0, s2
core   0: 3 0x80009cc4 (0x92ca) x 5 0xfffffe40
core   0: 0x80009cc6 (0x00000001) c.nop
core   0: 3 0x80009cc6 (0x0001)
core   0: 0x80009cc8 (0x41abd1b3) sra     gp, s7, s10
core   0: 3 0x80009cc8 (0x41abd1b3) x 3 0x00000000
core   0: 0x80009ccc (0x0000c599) c.beqz  a1, pc + 14
core   0: 3 0x80009ccc (0xc599)
core   0: 0x80009cda (0x01a54263) blt     a0, s10, pc + 4
core   0: 3 0x80009cda (0x01a54263)
core   0: 0x80009cde (0x013e9393) slli    t2, t4, 19
core   0: 3 0x80009cde (0x013e9393) x 7 0x00000000
core   0: 0x80009ce2 (0x00000bfa) c.slli  s7, 30
core   0: 3 0x80009ce2 (0x0bfa) x23 0x00000000
core   0: 0x80009ce4 (0x0ff0000f) fence   iorw,iorw
core   0: 3 0x80009ce4 (0x0ff0000f)
core   0: 0x80009ce8 (0x0000980a) c.add   a6, sp
core   0: 3 0x80009ce8 (0x980a) x16 0x00000000
core   0: 0x80009cea (0x0000c889) c.beqz  s1, pc + 18
core   0: 3 0x80009cea (0xc889)
core   0: 0x80009cfc (0x00dedf13) srli    t5, t4, 13
core   0: 3 0x80009cfc (0x00dedf13) x30 0x00000000
core   0: 0x80009d00 (0x40075213) srai    tp, a4, 0
core   0: 3 0x80009d00 (0x40075213) x 4 0x80021e40
core   0: 0x80009d04 (0x0000c991) c.beqz  a1, pc + 20
core   0: 3 0x80009d04 (0xc991)
core   0: 0x80009d18 (0x00008c35) c.xor   s0, a3
core   0: 3 0x80009d18 (0x8c35) x 8 0xffffc1fe
core   0: 0x80009d1a (0x05ef9163) bne     t6, t5, pc + 66
core   0: 3 0x80009d1a (0x05ef9163)
core   0: 0x80009d5c (0x00008331) c.srli  a4, 12
core   0: 3 0x80009d5c (0x8331) x14 0x00080021
core   0: 0x80009d5e (0x0ff0000f) fence   iorw,iorw
core   0: 3 0x80009d5e (0x0ff0000f)
core   0: 0x80009d62 (0x0000547d) c.li    s0, -1
core   0: 3 0x80009d62 (0x547d) x 8 0xffffffff
core   0: 0x80009d64 (0x01c51233) sll     tp, a0, t3
core   0: 3 0x80009d64 (0x01c51233) x 4 0xd91ed763
core   0: 0x80009d68 (0x0117c663) blt     a5, a7, pc + 12
core   0: 3 0x80009d68 (0x0117c663)
core   0: 0x80009d74 (0x00000001) c.nop
core   0: 3 0x80009d74 (0x0001)
core   0: 0x80009d76 (0x00008c99) c.sub   s1, a4
core   0: 3 0x80009d76 (0x8c99) x 9 0xfff7ffdf
core   0: 0x80009d78 (0x00004775) c.li    a4, 29
core   0: 3 0x80009d78 (0x4775) x14 0x0000001d
core   0: 0x80009d7a (0x002f0ab3) add     s5, t5, sp
core   0: 3 0x80009d7a (0x002f0ab3) x21 0x00000000
core   0: 0x80009d7e (0x03c6bb33) mulhu   s6, a3, t3
core   0: 3 0x80009d7e (0x03c6bb33) x22 0x00000000
core   0: 0x80009d82 (0x409ddb33) sra     s6, s11, s1
core   0: 3 0x80009d82 (0x409ddb33) x22 0x00000000
core   0: 0x80009d86 (0x401c8d33) sub     s10, s9, ra
core   0: 3 0x80009d86 (0x401c8d33) x26 0xffffffff
core   0: 0x80009d8a (0x8eaa7ab7) lui     s5, 0x8eaa7
core   0: 3 0x80009d8a (0x8eaa7ab7) x21 0x8eaa7000
core   0: 0x80009d8e (0x00600b13) li      s6, 6
core   0: 3 0x80009d8e (0x00600b13) x22 0x00000006
core   0: 0x80009d92 (0xfa146813) ori     a6, s0, -95
core   0: 3 0x80009d92 (0xfa146813) x16 0xffffffff
core   0: 0x80009d96 (0x00008275) c.srli  a2, 29
core   0: 3 0x80009d96 (0x8275) x12 0x00000000
core   0: 0x80009d98 (0x41ed5533) sra     a0, s10, t5
core   0: 3 0x80009d98 (0x41ed5533) x10 0xffffffff
core   0: 0x80009d9c (0x00e9c533) xor     a0, s3, a4
core   0: 3 0x80009d9c (0x00e9c533) x10 0xbc0ac01d
core   0: 0x80009da0 (0x00500593) li      a1, 5
core   0: 3 0x80009da0 (0x00500593) x11 0x00000005
core   0: 0x80009da4 (0x00000001) c.nop
core   0: 3 0x80009da4 (0x0001)
core   0: 0x80009da6 (0xac3c2837) lui     a6, 0xac3c2
core   0: 3 0x80009da6 (0xac3c2837) x16 0xac3c2000
core   0: 0x80009daa (0x363cb113) sltiu   sp, s9, 867
core   0: 3 0x80009daa (0x363cb113) x 2 0x00000001
core   0: 0x80009dae (0x34d5e1b7) lui     gp, 0x34d5e
core   0: 3 0x80009dae (0x34d5e1b7) x 3 0x34d5e000
core   0: 0x80009db2 (0x00000629) c.addi  a2, 10
core   0: 3 0x80009db2 (0x0629) x12 0x0000000a
core   0: 0x80009db4 (0x037f48b3) div     a7, t5, s7
core   0: 3 0x80009db4 (0x037f48b3) x17 0xffffffff
core   0: 0x80009db8 (0x00001b79) c.addi  s6, -2
core   0: 3 0x80009db8 (0x1b79) x22 0x00000004
core   0: 0x80009dba (0x00700713) li      a4, 7
core   0: 3 0x80009dba (0x00700713) x14 0x00000007
core   0: 0x80009dbe (0x00000001) c.nop
core   0: 3 0x80009dbe (0x0001)
core   0: 0x80009dc0 (0x41435033) sra     zero, t1, s4
core   0: 3 0x80009dc0 (0x41435033)
core   0: 0x80009dc4 (0x5f9ccd13) xori    s10, s9, 1529
core   0: 3 0x80009dc4 (0x5f9ccd13) x26 0x000005f9
core   0: 0x80009dc8 (0x0124deb3) srl     t4, s1, s2
core   0: 3 0x80009dc8 (0x0124deb3) x29 0x00001ffe
core   0: 0x80009dcc (0x00400093) li      ra, 4
core   0: 3 0x80009dcc (0x00400093) x 1 0x00000004
core   0: 0x80009dd0 (0x01f342b3) xor     t0, t1, t6
core   0: 3 0x80009dd0 (0x01f342b3) x 5 0x83fda429
core   0: 0x80009dd4 (0x00008e3d) c.xor   a2, a5
core   0: 3 0x80009dd4 (0x8e3d) x12 0x80021e5a
core   0: 0x80009dd6 (0xbcf2a813) slti    a6, t0, -1073
core   0: 3 0x80009dd6 (0xbcf2a813) x16 0x00000001
core   0: 0x80009dda (0x00001775) c.addi  a4, -3
core   0: 3 0x80009dda (0x1775) x14 0x00000004
core   0: 0x80009ddc (0x00008e2d) c.xor   a2, a1
core   0: 3 0x80009ddc (0x8e2d) x12 0x80021e5f
core   0: 0x80009dde (0x01dfc4b3) xor     s1, t6, t4
core   0: 3 0x80009dde (0x01dfc4b3) x 9 0x83fdbbc2
core   0: 0x80009de2 (0x088bba93) sltiu   s5, s7, 136
core   0: 3 0x80009de2 (0x088bba93) x21 0x00000001
core   0: 0x80009de6 (0x413c5013) srai    zero, s8, 19
core   0: 3 0x80009de6 (0x413c5013)
core   0: 0x80009dea (0x0343b3b3) mulhu   t2, t2, s4
core   0: 3 0x80009dea (0x0343b3b3) x 7 0x00000000
core   0: 0x80009dee (0xfe1773e3) bgeu    a4, ra, pc - 26
core   0: 3 0x80009dee (0xfe1773e3)
core   0: 0x80009dd4 (0x00008e3d) c.xor   a2, a5
core   0: 3 0x80009dd4 (0x8e3d) x12 0x0000000f
core   0: 0x80009dd6 (0xbcf2a813) slti    a6, t0, -1073
core   0: 3 0x80009dd6 (0xbcf2a813) x16 0x00000001
core   0: 0x80009dda (0x00001775) c.addi  a4, -3
core   0: 3 0x80009dda (0x1775) x14 0x00000001
core   0: 0x80009ddc (0x00008e2d) c.xor   a2, a1
core   0: 3 0x80009ddc (0x8e2d) x12 0x0000000a
core   0: 0x80009dde (0x01dfc4b3) xor     s1, t6, t4
core   0: 3 0x80009dde (0x01dfc4b3) x 9 0x83fdbbc2
core   0: 0x80009de2 (0x088bba93) sltiu   s5, s7, 136
core   0: 3 0x80009de2 (0x088bba93) x21 0x00000001
core   0: 0x80009de6 (0x413c5013) srai    zero, s8, 19
core   0: 3 0x80009de6 (0x413c5013)
core   0: 0x80009dea (0x0343b3b3) mulhu   t2, t2, s4
core   0: 3 0x80009dea (0x0343b3b3) x 7 0x00000000
core   0: 0x80009dee (0xfe1773e3) bgeu    a4, ra, pc - 26
core   0: 3 0x80009dee (0xfe1773e3)
core   0: 0x80009df2 (0x00006539) c.lui   a0, 0xe
core   0: 3 0x80009df2 (0x6539) x10 0x0000e000
core   0: 0x80009df4 (0x62048893) addi    a7, s1, 1568
core   0: 3 0x80009df4 (0x62048893) x17 0x83fdc1e2
core   0: 0x80009df8 (0x02248db3) mul     s11, s1, sp
core   0: 3 0x80009df8 (0x02248db3) x27 0x83fdbbc2
core   0: 0x80009dfc (0x016023b3) slt     t2, zero, s6
core   0: 3 0x80009dfc (0x016023b3) x 7 0x00000001
core   0: 0x80009e00 (0xfabb75e3) bgeu    s6, a1, pc - 86
core   0: 3 0x80009e00 (0xfabb75e3)
core   0: 0x80009e04 (0x00000001) c.nop
core   0: 3 0x80009e04 (0x0001)
core   0: 0x80009e06 (0x0267e863) bltu    a5, t1, pc + 48
core   0: 3 0x80009e06 (0x0267e863)
core   0: 0x80009e0a (0x0000100f) fence.i
core   0: 3 0x80009e0a (0x0000100f)
core   0: 0x80009e0e (0x03a57193) andi    gp, a0, 58
core   0: 3 0x80009e0e (0x03a57193) x 3 0x00000000
core   0: 0x80009e12 (0x03301263) bne     zero, s3, pc + 36
core   0: 3 0x80009e12 (0x03301263)
core   0: 0x80009e36 (0x010614b3) sll     s1, a2, a6
core   0: 3 0x80009e36 (0x010614b3) x 9 0x00000014
core   0: 0x80009e3a (0x0230f263) bgeu    ra, gp, pc + 36
core   0: 3 0x80009e3a (0x0230f263)
core   0: 0x80009e5e (0x000086ae) c.mv    a3, a1
core   0: 3 0x80009e5e (0x86ae) x13 0x00000005
core   0: 0x80009e60 (0x00008d05) c.sub   a0, s1
core   0: 3 0x80009e60 (0x8d05) x10 0x0000dfec
core   0: 0x80009e62 (0x00008d15) c.sub   a0, a3
core   0: 3 0x80009e62 (0x8d15) x10 0x0000dfe7
core   0: 0x80009e64 (0x00e23e33) sltu    t3, tp, a4
core   0: 3 0x80009e64 (0x00e23e33) x28 0x00000000
core   0: 0x80009e68 (0x025386b3) mul     a3, t2, t0
core   0: 3 0x80009e68 (0x025386b3) x13 0x83fda429
core   0: 0x80009e6c (0x004560b3) or      ra, a0, tp
core   0: 3 0x80009e6c (0x004560b3) x 1 0xd91edfe7
core   0: 0x80009e70 (0x0138b9b3) sltu    s3, a7, s3
core   0: 3 0x80009e70 (0x0138b9b3) x19 0x00000001
core   0: 0x80009e74 (0x01b728b3) slt     a7, a4, s11
core   0: 3 0x80009e74 (0x01b728b3) x17 0x00000000
core   0: 0x80009e78 (0x0ff0000f) fence   iorw,iorw
core   0: 3 0x80009e78 (0x0ff0000f)
core   0: 0x80009e7c (0x03dedc63) bge     t4, t4, pc + 56
core   0: 3 0x80009e7c (0x03dedc63)
core   0: 0x80009eb4 (0x02ae1533) mulh    a0, t3, a0
core   0: 3 0x80009eb4 (0x02ae1533) x10 0x00000000
core   0: 0x80009eb8 (0x00000001) c.nop
core   0: 3 0x80009eb8 (0x0001)
core   0: 0x80009eba (0x02c77d63) bgeu    a4, a2, pc + 58
core   0: 3 0x80009eba (0x02c77d63)
core   0: 0x80009ebe (0x0000090e) c.slli  s2, 3
core   0: 3 0x80009ebe (0x090e) x18 0xffffef98
core   0: 0x80009ec0 (0x64c06697) auipc   a3, 0x64c06
core   0: 3 0x80009ec0 (0x64c06697) x13 0xe4c0fec0
core   0: 0x80009ec4 (0x00008c61) c.and   s0, s0
core   0: 3 0x80009ec4 (0x8c61) x 8 0xffffffff
core   0: 0x80009ec6 (0x0000e701) c.bnez  a4, pc + 8
core   0: 3 0x80009ec6 (0xe701)
core   0: 0x80009ece (0x0000812d) c.srli  a0, 11
core   0: 3 0x80009ece (0x812d) x10 0x00000000
core   0: 0x80009ed0 (0x4001d133) sra     sp, gp, zero
core   0: 3 0x80009ed0 (0x4001d133) x 2 0x00000000
core   0: 0x80009ed4 (0x01181593) slli    a1, a6, 17
core   0: 3 0x80009ed4 (0x01181593) x11 0x00020000
core   0: 0x80009ed8 (0x8b134913) xori    s2, t1, -1871
core   0: 3 0x80009ed8 (0x8b134913) x18 0xfffff8a4
core   0: 0x80009edc (0x01eb9e13) slli    t3, s7, 30
core   0: 3 0x80009edc (0x01eb9e13) x28 0x00000000
core   0: 0x80009ee0 (0x0000100f) fence.i
core   0: 3 0x80009ee0 (0x0000100f)
core   0: 0x80009ee4 (0x000086a9) c.srai  a3, 10
core   0: 3 0x80009ee4 (0x86a9) x13 0xfff9303f
core   0: 0x80009ee6 (0x0000061a) c.slli  a2, 6
core   0: 3 0x80009ee6 (0x061a) x12 0x00000280
core   0: 0x80009ee8 (0xc54bfb37) lui     s6, 0xc54bf
core   0: 3 0x80009ee8 (0xc54bfb37) x22 0xc54bf000
core   0: 0x80009eec (0x0000091a) c.slli  s2, 6
core   0: 3 0x80009eec (0x091a) x18 0xfffe2900
core   0: 0x80009eee (0x0362e3b3) rem     t2, t0, s6
core   0: 3 0x80009eee (0x0362e3b3) x 7 0xf965c429
core   0: 0x80009ef2 (0x000080f9) c.srli  s1, 30
core   0: 3 0x80009ef2 (0x80f9) x 9 0x00000000
core   0: 0x80009ef4 (0x03659833) mulh    a6, a1, s6
core   0: 3 0x80009ef4 (0x03659833) x16 0xffff8a97
core   0: 0x80009ef8 (0x03584733) div     a4, a6, s5
core   0: 3 0x80009ef8 (0x03584733) x14 0xffff8a97
core   0: 0x80009efc (0x000004e6) c.slli  s1, 25
core   0: 3 0x80009efc (0x04e6) x 9 0x00000000
core   0: 0x80009efe (0x00006841) c.lui   a6, 0x10
core   0: 3 0x80009efe (0x6841) x16 0x00010000
core   0: 0x80009f00 (0x025a2833) mulhsu  a6, s4, t0
core   0: 3 0x80009f00 (0x025a2833) x16 0xbe0265cb
core   0: 0x80009f04 (0x0190bab3) sltu    s5, ra, s9
core   0: 3 0x80009f04 (0x0190bab3) x21 0x00000000
core   0: 0x80009f08 (0x02db4763) blt     s6, a3, pc + 46
core   0: 3 0x80009f08 (0x02db4763)
core   0: 0x80009f36 (0x01b96f63) bltu    s2, s11, pc + 30
core   0: 3 0x80009f36 (0x01b96f63)
core   0: 0x80009f3a (0x004e9463) bne     t4, tp, pc + 8
core   0: 3 0x80009f3a (0x004e9463)
core   0: 0x80009f42 (0x00000001) c.nop
core   0: 3 0x80009f42 (0x0001)
core   0: 0x80009f44 (0x00001380) c.addi4spn s0, sp, 480
core   0: 3 0x80009f44 (0x1380) x 8 0x000001e0
core   0: 0x80009f46 (0x00000001) c.nop
core   0: 3 0x80009f46 (0x0001)
core   0: 0x80009f48 (0x0204b133) mulhu   sp, s1, zero
core   0: 3 0x80009f48 (0x0204b133) x 2 0x00000000
core   0: 0x80009f4c (0x000009b1) c.addi  s3, 12
core   0: 3 0x80009f4c (0x09b1) x19 0x0000000d
core   0: 0x80009f4e (0x014b8933) add     s2, s7, s4
core   0: 3 0x80009f4e (0x014b8933) x18 0x80025ce4
core   0: 0x80009f52 (0x00008c0d) c.sub   s0, a1
core   0: 3 0x80009f52 (0x8c0d) x 8 0xfffe01e0
core   0: 0x80009f54 (0x02dce763) bltu    s9, a3, pc + 46
core   0: 3 0x80009f54 (0x02dce763)
core   0: 0x80009f82 (0x01c4c663) blt     s1, t3, pc + 12
core   0: 3 0x80009f82 (0x01c4c663)
core   0: 0x80009f86 (0xb02c2b17) auipc   s6, 0xb02c2
core   0: 3 0x80009f86 (0xb02c2b17) x22 0x302cbf86
core   0: 0x80009f8a (0x001c9713) slli    a4, s9, 1
core   0: 3 0x80009f8a (0x001c9713) x14 0x00000000
core   0: 0x80009f8e (0x157603b7) lui     t2, 0x15760
core   0: 3 0x80009f8e (0x157603b7) x 7 0x15760000
core   0: 0x80009f92 (0x40365513) srai    a0, a2, 3
core   0: 3 0x80009f92 (0x40365513) x10 0x00000050
core   0: 0x80009f96 (0x0cc7a397) auipc   t2, 0xcc7a
core   0: 3 0x80009f96 (0x0cc7a397) x 7 0x8cc83f96
core   0: 0x80009f9a (0x035271b3) remu    gp, tp, s5
core   0: 3 0x80009f9a (0x035271b3) x 3 0xd91ed763
core   0: 0x80009f9e (0x002d8a63) beq     s11, sp, pc + 20
core   0: 3 0x80009f9e (0x002d8a63)
core   0: 0x80009fa2 (0x00ff6f63) bltu    t5, a5, pc + 30
core   0: 3 0x80009fa2 (0x00ff6f63)
core   0: 0x80009fc0 (0x01849763) bne     s1, s8, pc + 14
core   0: 3 0x80009fc0 (0x01849763)
core   0: 0x80009fce (0x0000873e) c.mv    a4, a5
core   0: 3 0x80009fce (0x873e) x14 0x80021e50
core   0: 0x80009fd0 (0xd7307b13) andi    s6, zero, -653
core   0: 3 0x80009fd0 (0xd7307b13) x22 0x00000000
core   0: 0x80009fd4 (0x00008de5) c.and   a1, s1
core   0: 3 0x80009fd4 (0x8de5) x11 0x00000000
core   0: 0x80009fd6 (0x03c75833) divu    a6, a4, t3
core   0: 3 0x80009fd6 (0x03c75833) x16 0xffffffff
core   0: 0x80009fda (0x000081a9) c.srli  a1, 10
core   0: 3 0x80009fda (0x81a9) x11 0x00000000
core   0: 0x80009fdc (0x0000c695) c.beqz  a3, pc + 44
core   0: 3 0x80009fdc (0xc695)
core   0: 0x80009fde (0x058ae163) bltu    s5, s8, pc + 66
core   0: 3 0x80009fde (0x058ae163)
core   0: 0x8000a020 (0x6bf24913) xori    s2, tp, 1727
core   0: 3 0x8000a020 (0x6bf24913) x18 0xd91ed1dc
core   0: 0x8000a024 (0x414c55b3) sra     a1, s8, s4
core   0: 3 0x8000a024 (0x414c55b3) x11 0xffdf3c45
core   0: 0x8000a028 (0x6b342f13) slti    t5, s0, 1715
core   0: 3 0x8000a028 (0x6b342f13) x30 0x00000001
core   0: 0x8000a02c (0xc2222913) slti    s2, tp, -990
core   0: 3 0x8000a02c (0xc2222913) x18 0x00000001
core   0: 0x8000a030 (0x014ae333) or      t1, s5, s4
core   0: 3 0x8000a030 (0x014ae333) x 6 0x80025ce4
core   0: 0x8000a034 (0xf9fae6b7) lui     a3, 0xf9fae
core   0: 3 0x8000a034 (0xf9fae6b7) x13 0xf9fae000
core   0: 0x8000a038 (0x00008845) c.andi  s0, 17
core   0: 3 0x8000a038 (0x8845) x 8 0x00000000
core   0: 0x8000a03a (0x00009252) c.add   tp, s4
core   0: 3 0x8000a03a (0x9252) x 4 0x59213447
core   0: 0x8000a03c (0x41c68b33) sub     s6, a3, t3
core   0: 3 0x8000a03c (0x41c68b33) x22 0xf9fae000
core   0: 0x8000a040 (0x0013d033) srl     zero, t2, ra
core   0: 3 0x8000a040 (0x0013d033)
core   0: 0x8000a044 (0x0000831a) c.mv    t1, t1
core   0: 3 0x8000a044 (0x831a) x 6 0x80025ce4
core   0: 0x8000a046 (0x6da0bb93) sltiu   s7, ra, 1754
core   0: 3 0x8000a046 (0x6da0bb93) x23 0x00000000
core   0: 0x8000a04a (0x000084e9) c.srai  s1, 26
core   0: 3 0x8000a04a (0x84e9) x 9 0x00000000
core   0: 0x8000a04c (0x030ef963) bgeu    t4, a6, pc + 50
core   0: 3 0x8000a04c (0x030ef963)
core   0: 0x8000a050 (0x000099fd) c.andi  a1, -1
core   0: 3 0x8000a050 (0x99fd) x11 0xffdf3c45
core   0: 0x8000a052 (0x00001194) c.addi4spn a3, sp, 224
core   0: 3 0x8000a052 (0x1194) x13 0x000000e0
core   0: 0x8000a054 (0x0ff0000f) fence   iorw,iorw
core   0: 3 0x8000a054 (0x0ff0000f)
core   0: 0x8000a058 (0x00c6c863) blt     a3, a2, pc + 16
core   0: 3 0x8000a058 (0x00c6c863)
core   0: 0x8000a068 (0x00008749) c.srai  a4, 18
core   0: 3 0x8000a068 (0x8749) x14 0xffffe000
core   0: 0x8000a06a (0x00009542) c.add   a0, a6
core   0: 3 0x8000a06a (0x9542) x10 0x0000004f
core   0: 0x8000a06c (0x012ce3b3) or      t2, s9, s2
core   0: 3 0x8000a06c (0x012ce3b3) x 7 0x00000001
core   0: 0x8000a070 (0x00ebc333) xor     t1, s7, a4
core   0: 3 0x8000a070 (0x00ebc333) x 6 0xffffe000
core   0: 0x8000a074 (0x0000809d) c.srli  s1, 7
core   0: 3 0x8000a074 (0x809d) x 9 0x00000000
core   0: 0x8000a076 (0xeded7337) lui     t1, 0xeded7
core   0: 3 0x8000a076 (0xeded7337) x 6 0xeded7000
core   0: 0x8000a07a (0xf359d497) auipc   s1, 0xf359d
core   0: 3 0x8000a07a (0xf359d497) x 9 0x735a707a
core   0: 0x8000a07e (0x013deb63) bltu    s11, s3, pc + 22
core   0: 3 0x8000a07e (0x013deb63)
core   0: 0x8000a082 (0x02a90833) mul     a6, s2, a0
core   0: 3 0x8000a082 (0x02a90833) x16 0x0000004f
core   0: 0x8000a086 (0x01e4e8b3) or      a7, s1, t5
core   0: 3 0x8000a086 (0x01e4e8b3) x17 0x735a707b
core   0: 0x8000a08a (0x00d473b3) and     t2, s0, a3
core   0: 3 0x8000a08a (0x00d473b3) x 7 0x00000000
core   0: 0x8000a08e (0x415a5933) sra     s2, s4, s5
core   0: 3 0x8000a08e (0x415a5933) x18 0x80025ce4
core   0: 0x8000a092 (0x00008e0d) c.sub   a2, a1
core   0: 3 0x8000a092 (0x8e0d) x12 0x0020c63b
core   0: 0x8000a094 (0x0000100f) fence.i
core   0: 3 0x8000a094 (0x0000100f)
core   0: 0x8000a098 (0x0000835d) c.srli  a4, 23
core   0: 3 0x8000a098 (0x835d) x14 0x000001ff
core   0: 0x8000a09a (0x0047a383) lw      t2, 4(a5)
core   0: 3 0x8000a09a (0x0047a383) x 7 0x80005ca4 mem 0x80021e54
core   0: 0x8000a09e (0x000007d1) c.addi  a5, 20
core   0: 3 0x8000a09e (0x07d1) x15 0x80021e64
core   0: 0x8000a0a0 (0x00693eb3) sltu    t4, s2, t1
core   0: 3 0x8000a0a0 (0x00693eb3) x29 0x00000001
core   0: 0x8000a0a4 (0x00008259) c.srli  a2, 22
core   0: 3 0x8000a0a4 (0x8259) x12 0x00000000
core   0: 0x8000a0a6 (0x00038813) mv      a6, t2
core   0: 3 0x8000a0a6 (0x00038813) x16 0x80005ca4
core   0: 0x8000a0aa (0x00080867) jalr    a6, a6, 0
core   0: 3 0x8000a0aa (0x00080867) x16 0x8000a0ae
core   0: 0x80005ca4 (0x00008f35) c.xor   a4, a3
core   0: 3 0x80005ca4 (0x8f35) x14 0x0000011f
core   0: 0x80005ca6 (0x03974663) blt     a4, s9, pc + 44
core   0: 3 0x80005ca6 (0x03974663)
core   0: 0x80005caa (0x00008041) c.srli  s0, 16
core   0: 3 0x80005caa (0x8041) x 8 0x00000000
core   0: 0x80005cac (0x0000e709) c.bnez  a4, pc + 10
core   0: 3 0x80005cac (0xe709)
core   0: 0x80005cb6 (0x023ccdb3) div     s11, s9, gp
core   0: 3 0x80005cb6 (0x023ccdb3) x27 0x00000000
core   0: 0x80005cba (0x01341c63) bne     s0, s3, pc + 24
core   0: 3 0x80005cba (0x01341c63)
core   0: 0x80005cd2 (0x00000001) c.nop
core   0: 3 0x80005cd2 (0x0001)
core   0: 0x80005cd4 (0x00009876) c.add   a6, t4
core   0: 3 0x80005cd4 (0x9876) x16 0x8000a0af
core   0: 0x80005cd6 (0x00008e4d) c.or    a2, a1
core   0: 3 0x80005cd6 (0x8e4d) x12 0xffdf3c45
core   0: 0x80005cd8 (0xa9657593) andi    a1, a0, -1386
core   0: 3 0x80005cd8 (0xa9657593) x11 0x00000006
core   0: 0x80005cdc (0x019e22b3) slt     t0, t3, s9
core   0: 3 0x80005cdc (0x019e22b3) x 5 0x00000000
core   0: 0x80005ce0 (0x01665563) bge     a2, s6, pc + 10
core   0: 3 0x80005ce0 (0x01665563)
core   0: 0x80005cea (0x92ada597) auipc   a1, 0x92ada
core   0: 3 0x80005cea (0x92ada597) x11 0x12adfcea
core   0: 0x80005cee (0x00688233) add     tp, a7, t1
core   0: 3 0x80005cee (0x00688233) x 4 0x6147e07b
core   0: 0x80005cf2 (0x00000001) c.nop
core   0: 3 0x80005cf2 (0x0001)
core   0: 0x80005cf4 (0x00008b39) c.andi  a4, 14
core   0: 3 0x80005cf4 (0x8b39) x14 0x0000000e
core   0: 0x80005cf6 (0x0000e205) c.bnez  a2, pc + 32
core   0: 3 0x80005cf6 (0xe205)
core   0: 0x80005d16 (0x000009f9) c.addi  s3, 30
core   0: 3 0x80005d16 (0x09f9) x19 0x0000002b
core   0: 0x80005d18 (0x0257ad33) mulhsu  s10, a5, t0
core   0: 3 0x80005d18 (0x0257ad33) x26 0x00000000
core   0: 0x80005d1c (0x00008662) c.mv    a2, s8
core   0: 3 0x80005d1c (0x8662) x12 0xfdf3c45b
core   0: 0x80005d1e (0x0000100f) fence.i
core   0: 3 0x80005d1e (0x0000100f)
core   0: 0x80005d22 (0x00000e4a) c.slli  t3, 18
core   0: 3 0x80005d22 (0x0e4a) x28 0x00000000
core   0: 0x80005d24 (0x03430033) mul     zero, t1, s4
core   0: 3 0x80005d24 (0x03430033)
core   0: 0x80005d28 (0x01611fb3) sll     t6, sp, s6
core   0: 3 0x80005d28 (0x01611fb3) x31 0x00000000
core   0: 0x80005d2c (0x41a602b3) sub     t0, a2, s10
core   0: 3 0x80005d2c (0x41a602b3) x 5 0xfdf3c45b
core   0: 0x80005d30 (0x020366b3) rem     a3, t1, zero
core   0: 3 0x80005d30 (0x020366b3) x13 0xeded7000
core   0: 0x80005d34 (0x00008c91) c.sub   s1, a2
core   0: 3 0x80005d34 (0x8c91) x 9 0x7566ac1f
core   0: 0x80005d36 (0x010b48b3) xor     a7, s6, a6
core   0: 3 0x80005d36 (0x010b48b3) x17 0x79fa40af
core   0: 0x80005d3a (0x000098a6) c.add   a7, s1
core   0: 3 0x80005d3a (0x98a6) x17 0xef60ecce
core   0: 0x80005d3c (0x00008a79) c.andi  a2, 30
core   0: 3 0x80005d3c (0x8a79) x12 0x0000001a
core   0: 0x80005d3e (0x02fa7e63) bgeu    s4, a5, pc + 60
core   0: 3 0x80005d3e (0x02fa7e63)
core   0: 0x80005d7a (0x016d13b3) sll     t2, s10, s6
core   0: 3 0x80005d7a (0x016d13b3) x 7 0x00000000
core   0: 0x80005d7e (0x01451d93) slli    s11, a0, 20
core   0: 3 0x80005d7e (0x01451d93) x27 0x04f00000
core   0: 0x80005d82 (0x41305493) srai    s1, zero, 19
core   0: 3 0x80005d82 (0x41305493) x 9 0x00000000
core   0: 0x80005d86 (0xfbdfc817) auipc   a6, 0xfbdfc
core   0: 3 0x80005d86 (0xfbdfc817) x16 0x7be01d86
core   0: 0x80005d8a (0x000098b2) c.add   a7, a2
core   0: 3 0x80005d8a (0x98b2) x17 0xef60ece8
core   0: 0x80005d8c (0x0020f633) and     a2, ra, sp
core   0: 3 0x80005d8c (0x0020f633) x12 0x00000000
core   0: 0x80005d90 (0x40eb03b3) sub     t2, s6, a4
core   0: 3 0x80005d90 (0x40eb03b3) x 7 0xf9fadff2
core   0: 0x80005d94 (0x41e883b3) sub     t2, a7, t5
core   0: 3 0x80005d94 (0x41e883b3) x 7 0xef60ece7
core   0: 0x80005d98 (0x01b1d4b3) srl     s1, gp, s11
core   0: 3 0x80005d98 (0x01b1d4b3) x 9 0xd91ed763
core   0: 0x80005d9c (0x037e7ab3) remu    s5, t3, s7
core   0: 3 0x80005d9c (0x037e7ab3) x21 0x00000000
core   0: 0x80005da0 (0x00538433) add     s0, t2, t0
core   0: 3 0x80005da0 (0x00538433) x 8 0xed54b142
core   0: 0x80005da4 (0x0128f033) and     zero, a7, s2
core   0: 3 0x80005da4 (0x0128f033)
core   0: 0x80005da8 (0x01450663) beq     a0, s4, pc + 12
core   0: 3 0x80005da8 (0x01450663)
core   0: 0x80005dac (0xafbee913) ori     s2, t4, -1285
core   0: 3 0x80005dac (0xafbee913) x18 0xfffffafb
core   0: 0x80005db0 (0xb8ce7593) andi    a1, t3, -1140
core   0: 3 0x80005db0 (0xb8ce7593) x11 0x00000000
core   0: 0x80005db4 (0x03489333) mulh    t1, a7, s4
core   0: 3 0x80005db4 (0x03489333) x 6 0x084f6245
core   0: 0x80005db8 (0x419384b3) sub     s1, t2, s9
core   0: 3 0x80005db8 (0x419384b3) x 9 0xef60ece7
core   0: 0x80005dbc (0x02f51433) mulh    s0, a0, a5
core   0: 3 0x80005dbc (0x02f51433) x 8 0xffffffd8
core   0: 0x80005dc0 (0x78ad7c93) andi    s9, s10, 1930
core   0: 3 0x80005dc0 (0x78ad7c93) x25 0x00000000
core   0: 0x80005dc4 (0x00a30033) add     zero, t1, a0
core   0: 3 0x80005dc4 (0x00a30033)
core   0: 0x80005dc8 (0x00009326) c.add   t1, s1
core   0: 3 0x80005dc8 (0x9326) x 6 0xf7b04f2c
core   0: 0x80005dca (0x002ce663) bltu    s9, sp, pc + 12
core   0: 3 0x80005dca (0x002ce663)
core   0: 0x80005dce (0x00009e56) c.add   t3, s5
core   0: 3 0x80005dce (0x9e56) x28 0x00000000
core   0: 0x80005dd0 (0x0069deb3) srl     t4, s3, t1
core   0: 3 0x80005dd0 (0x0069deb3) x29 0x00000000
core   0: 0x80005dd4 (0x0000c229) c.beqz  a2, pc + 66
core   0: 3 0x80005dd4 (0xc229)
core   0: 0x80005e16 (0x02059e33) mulh    t3, a1, zero
core   0: 3 0x80005e16 (0x02059e33) x28 0x00000000
core   0: 0x80005e1a (0x000081f1) c.srli  a1, 28
core   0: 3 0x80005e1a (0x81f1) x11 0x00000000
core   0: 0x80005e1c (0x406bd433) sra     s0, s7, t1
core   0: 3 0x80005e1c (0x406bd433) x 8 0x00000000
core   0: 0x80005e20 (0x2f636893) ori     a7, t1, 758
core   0: 3 0x80005e20 (0x2f636893) x17 0xf7b04ffe
core   0: 0x80005e24 (0x00000001) c.nop
core   0: 3 0x80005e24 (0x0001)
core   0: 0x80005e26 (0x01983d33) sltu    s10, a6, s9
core   0: 3 0x80005e26 (0x01983d33) x26 0x00000000
core   0: 0x80005e2a (0x00008a29) c.andi  a2, 10
core   0: 3 0x80005e2a (0x8a29) x12 0x00000000
core   0: 0x80005e2c (0x00d6d463) bge     a3, a3, pc + 8
core   0: 3 0x80005e2c (0x00d6d463)
core   0: 0x80005e34 (0x00006165) c.addi16sp sp, 112
core   0: 3 0x80005e34 (0x6165) x 2 0x00000070
core   0: 0x80005e36 (0x03e5dd33) divu    s10, a1, t5
core   0: 3 0x80005e36 (0x03e5dd33) x26 0x00000000
core   0: 0x80005e3a (0x0432f463) bgeu    t0, gp, pc + 72
core   0: 3 0x80005e3a (0x0432f463)
core   0: 0x80005e82 (0x000056fd) c.li    a3, -1
core   0: 3 0x80005e82 (0x56fd) x13 0xffffffff
core   0: 0x80005e84 (0x0000801d) c.srli  s0, 7
core   0: 3 0x80005e84 (0x801d) x 8 0x00000000
core   0: 0x80005e86 (0x347b4113) xori    sp, s6, 839
core   0: 3 0x80005e86 (0x347b4113) x 2 0xf9fae347
core   0: 0x80005e8a (0x00000dd2) c.slli  s11, 20
core   0: 3 0x80005e8a (0x0dd2) x27 0x00000000
core   0: 0x80005e8c (0x0000717d) c.addi16sp sp, -16
core   0: 3 0x80005e8c (0x717d) x 2 0xf9fae337
core   0: 0x80005e8e (0x018ad263) bge     s5, s8, pc + 4
core   0: 3 0x80005e8e (0x018ad263)
core   0: 0x80005e92 (0x00008d0d) c.sub   a0, a1
core   0: 3 0x80005e92 (0x8d0d) x10 0x0000004f
core   0: 0x80005e94 (0x0060f663) bgeu    ra, t1, pc + 12
core   0: 3 0x80005e94 (0x0060f663)
core   0: 0x80005e98 (0x03339e33) mulh    t3, t2, s3
core   0: 3 0x80005e98 (0x03339e33) x28 0xfffffffd
core   0: 0x80005e9c (0x034bec63) bltu    s7, s4, pc + 56
core   0: 3 0x80005e9c (0x034bec63)
core   0: 0x80005ed4 (0x00008995) c.andi  a1, 5
core   0: 3 0x80005ed4 (0x8995) x11 0x00000000
core   0: 0x80005ed6 (0x0000e589) c.bnez  a1, pc + 10
core   0: 3 0x80005ed6 (0xe589)
core   0: 0x80005ed8 (0x01b11633) sll     a2, sp, s11
core   0: 3 0x80005ed8 (0x01b11633) x12 0xf9fae337
core   0: 0x80005edc (0x01d1da63) bge     gp, t4, pc + 20
core   0: 3 0x80005edc (0x01d1da63)
core   0: 0x80005ee0 (0x032c6b33) rem     s6, s8, s2
core   0: 3 0x80005ee0 (0x032c6b33) x22 0xfffffe8b
core   0: 0x80005ee4 (0x40515113) srai    sp, sp, 5
core   0: 3 0x80005ee4 (0x40515113) x 2 0xffcfd719
core   0: 0x80005ee8 (0x02344f33) div     t5, s0, gp
core   0: 3 0x80005ee8 (0x02344f33) x30 0x00000000
core   0: 0x80005eec (0x871d0713) addi    a4, s10, -1935
core   0: 3 0x80005eec (0x871d0713) x14 0xfffff871
core   0: 0x80005ef0 (0x01559bb3) sll     s7, a1, s5
core   0: 3 0x80005ef0 (0x01559bb3) x23 0x00000000
core   0: 0x80005ef4 (0x019e4e33) xor     t3, t3, s9
core   0: 3 0x80005ef4 (0x019e4e33) x28 0xfffffffd
core   0: 0x80005ef8 (0x00000ad6) c.slli  s5, 21
core   0: 3 0x80005ef8 (0x0ad6) x21 0x00000000
core   0: 0x80005efa (0x00c89693) slli    a3, a7, 12
core   0: 3 0x80005efa (0x00c89693) x13 0x04ffe000
core   0: 0x80005efe (0x01871233) sll     tp, a4, s8
core   0: 3 0x80005efe (0x01871233) x 4 0x88000000
core   0: 0x80005f02 (0x41350233) sub     tp, a0, s3
core   0: 3 0x80005f02 (0x41350233) x 4 0x00000024
core   0: 0x80005f06 (0x035feb33) rem     s6, t6, s5
core   0: 3 0x80005f06 (0x035feb33) x22 0x00000000
core   0: 0x80005f0a (0x0000887a) c.mv    a6, t5
core   0: 3 0x80005f0a (0x887a) x16 0x00000000
core   0: 0x80005f0c (0x00008eb1) c.xor   a3, a2
core   0: 3 0x80005f0c (0x8eb1) x13 0xfd050337
core   0: 0x80005f0e (0x016a8d63) beq     s5, s6, pc + 26
core   0: 3 0x80005f0e (0x016a8d63)
core   0: 0x80005f28 (0x62198513) addi    a0, s3, 1569
core   0: 3 0x80005f28 (0x62198513) x10 0x0000064c
core   0: 0x80005f2c (0x034d29b3) mulhsu  s3, s10, s4
core   0: 3 0x80005f2c (0x034d29b3) x19 0x00000000
core   0: 0x80005f30 (0x00a980b3) add     ra, s3, a0
core   0: 3 0x80005f30 (0x00a980b3) x 1 0x0000064c
core   0: 0x80005f34 (0x00008dbd) c.xor   a1, a5
core   0: 3 0x80005f34 (0x8dbd) x11 0x80021e64
core   0: 0x80005f36 (0x01b35513) srli    a0, t1, 27
core   0: 3 0x80005f36 (0x01b35513) x10 0x0000001e
core   0: 0x80005f3a (0x00ce5f33) srl     t5, t3, a2
core   0: 3 0x80005f3a (0x00ce5f33) x30 0x000001ff
core   0: 0x80005f3e (0x00000001) c.nop
core   0: 3 0x80005f3e (0x0001)
core   0: 0x80005f40 (0x0230b733) mulhu   a4, ra, gp
core   0: 3 0x80005f40 (0x0230b733) x14 0x00000557
core   0: 0x80005f44 (0x00001b94) c.addi4spn a3, sp, 496
core   0: 3 0x80005f44 (0x1b94) x13 0xffcfd909
core   0: 0x80005f46 (0x02bfdf33) divu    t5, t6, a1
core   0: 3 0x80005f46 (0x02bfdf33) x30 0x00000000
core   0: 0x80005f4a (0x000080b6) c.mv    ra, a3
core   0: 3 0x80005f4a (0x80b6) x 1 0xffcfd909
core   0: 0x80005f4c (0x013f7eb3) and     t4, t5, s3
core   0: 3 0x80005f4c (0x013f7eb3) x29 0x00000000
core   0: 0x80005f50 (0x00006811) c.lui   a6, 0x4
core   0: 3 0x80005f50 (0x6811) x16 0x00004000
core   0: 0x80005f52 (0x03690333) mul     t1, s2, s6
core   0: 3 0x80005f52 (0x03690333) x 6 0x00000000
core   0: 0x80005f56 (0x00245f93) srli    t6, s0, 2
core   0: 3 0x80005f56 (0x00245f93) x31 0x00000000
core   0: 0x80005f5a (0x00008df1) c.and   a1, a2
core   0: 3 0x80005f5a (0x8df1) x11 0x80020224
core   0: 0x80005f5c (0x2edd0093) addi    ra, s10, 749
core   0: 3 0x80005f5c (0x2edd0093) x 1 0x000002ed
core   0: 0x80005f60 (0x956b0913) addi    s2, s6, -1706
core   0: 3 0x80005f60 (0x956b0913) x18 0xfffff956
core   0: 0x80005f64 (0x02e2d933) divu    s2, t0, a4
core   0: 3 0x80005f64 (0x02e2d933) x18 0x002f8ed8
core   0: 0x80005f68 (0x03a0c433) div     s0, ra, s10
core   0: 3 0x80005f68 (0x03a0c433) x 8 0xffffffff
core   0: 0x80005f6c (0x018e24b3) slt     s1, t3, s8
core   0: 3 0x80005f6c (0x018e24b3) x 9 0x00000000
core   0: 0x80005f70 (0x406b5733) sra     a4, s6, t1
core   0: 3 0x80005f70 (0x406b5733) x14 0x00000000
core   0: 0x80005f74 (0x07ca4993) xori    s3, s4, 124
core   0: 3 0x80005f74 (0x07ca4993) x19 0x80025c98
core   0: 0x80005f78 (0x00000001) c.nop
core   0: 3 0x80005f78 (0x0001)
core   0: 0x80005f7a (0xcbc48713) addi    a4, s1, -836
core   0: 3 0x80005f7a (0xcbc48713) x14 0xfffffcbc
core   0: 0x80005f7e (0x000a52b3) srl     t0, s4, zero
core   0: 3 0x80005f7e (0x000a52b3) x 5 0x80025ce4
core   0: 0x80005f82 (0x08960913) addi    s2, a2, 137
core   0: 3 0x80005f82 (0x08960913) x18 0xf9fae3c0
core   0: 0x80005f86 (0x00264663) blt     a2, sp, pc + 12
core   0: 3 0x80005f86 (0x00264663)
core   0: 0x80005f92 (0x00008dc9) c.or    a1, a0
core   0: 3 0x80005f92 (0x8dc9) x11 0x8002023e
core   0: 0x80005f94 (0xdefdc737) lui     a4, 0xdefdc
core   0: 3 0x80005f94 (0xdefdc737) x14 0xdefdc000
core   0: 0x80005f98 (0x014d8963) beq     s11, s4, pc + 18
core   0: 3 0x80005f98 (0x014d8963)
core   0: 0x80005f9c (0x68fd7f93) andi    t6, s10, 1679
core   0: 3 0x80005f9c (0x68fd7f93) x31 0x00000000
core   0: 0x80005fa0 (0x4097d133) sra     sp, a5, s1
core   0: 3 0x80005fa0 (0x4097d133) x 2 0x80021e64
core   0: 0x80005fa4 (0x6f7e6d93) ori     s11, t3, 1783
core   0: 3 0x80005fa4 (0x6f7e6d93) x27 0xffffffff
core   0: 0x80005fa8 (0x00009a8e) c.add   s5, gp
core   0: 3 0x80005fa8 (0x9a8e) x21 0xd91ed763
core   0: 0x80005faa (0x01d00663) beq     zero, t4, pc + 12
core   0: 3 0x80005faa (0x01d00663)
core   0: 0x80005fb6 (0x02c443b3) div     t2, s0, a2
core   0: 3 0x80005fb6 (0x02c443b3) x 7 0x00000000
core   0: 0x80005fba (0x009b4433) xor     s0, s6, s1
core   0: 3 0x80005fba (0x009b4433) x 8 0x00000000
core   0: 0x80005fbe (0x00001dfd) c.addi  s11, -1
core   0: 3 0x80005fbe (0x1dfd) x27 0xfffffffe
core   0: 0x80005fc0 (0x01b15db3) srl     s11, sp, s11
core   0: 3 0x80005fc0 (0x01b15db3) x27 0x00000002
core   0: 0x80005fc4 (0x024a2cb3) mulhsu  s9, s4, tp
core   0: 3 0x80005fc4 (0x024a2cb3) x25 0xffffffee
core   0: 0x80005fc8 (0x0ff0000f) fence   iorw,iorw
core   0: 3 0x80005fc8 (0x0ff0000f)
core   0: 0x80005fcc (0x008ea6b3) slt     a3, t4, s0
core   0: 3 0x80005fcc (0x008ea6b3) x13 0x00000000
core   0: 0x80005fd0 (0x00008d79) c.and   a0, a4
core   0: 3 0x80005fd0 (0x8d79) x10 0x00000000
core   0: 0x80005fd2 (0x687e2917) auipc   s2, 0x687e2
core   0: 3 0x80005fd2 (0x687e2917) x18 0xe87e7fd2
core   0: 0x80005fd6 (0x00009bee) c.add   s7, s11
core   0: 3 0x80005fd6 (0x9bee) x23 0x00000002
core   0: 0x80005fd8 (0x0ff0000f) fence   iorw,iorw
core   0: 3 0x80005fd8 (0x0ff0000f)
core   0: 0x80005fdc (0x001c5663) bge     s8, ra, pc + 12
core   0: 3 0x80005fdc (0x001c5663)
core   0: 0x80005fe0 (0x5e634b93) xori    s7, t1, 1510
core   0: 3 0x80005fe0 (0x5e634b93) x23 0x000005e6
core   0: 0x80005fe4 (0x405805b3) sub     a1, a6, t0
core   0: 3 0x80005fe4 (0x405805b3) x11 0x7ffde31c
core   0: 0x80005fe8 (0x03073db3) mulhu   s11, a4, a6
core   0: 3 0x80005fe8 (0x03073db3) x27 0x000037bf
core   0: 0x80005fec (0x02bede33) divu    t3, t4, a1
core   0: 3 0x80005fec (0x02bede33) x28 0x00000000
core   0: 0x80005ff0 (0x0000ca99) c.beqz  a3, pc + 22
core   0: 3 0x80005ff0 (0xca99)
core   0: 0x80006006 (0x01696433) or      s0, s2, s6
core   0: 3 0x80006006 (0x01696433) x 8 0xe87e7fd2
core   0: 0x8000600a (0x00838533) add     a0, t2, s0
core   0: 3 0x8000600a (0x00838533) x10 0xe87e7fd2
core   0: 0x8000600e (0x00008ca9) c.xor   s1, a0
core   0: 3 0x8000600e (0x8ca9) x 9 0xe87e7fd2
core   0: 0x80006010 (0x0000c885) c.beqz  s1, pc + 48
core   0: 3 0x80006010 (0xc885)
core   0: 0x80006012 (0xcf64b313) sltiu   t1, s1, -778
core   0: 3 0x80006012 (0xcf64b313) x 6 0x00000001
core   0: 0x80006016 (0x00008f41) c.or    a4, s0
core   0: 3 0x80006016 (0x8f41) x14 0xfeffffd2
core   0: 0x80006018 (0x01cfde13) srli    t3, t6, 28
core   0: 3 0x80006018 (0x01cfde13) x28 0x00000000
core   0: 0x8000601c (0x0166eeb3) or      t4, a3, s6
core   0: 3 0x8000601c (0x0166eeb3) x29 0x00000000
core   0: 0x80006020 (0xde20a613) slti    a2, ra, -542
core   0: 3 0x80006020 (0xde20a613) x12 0x00000000
core   0: 0x80006024 (0x00008285) c.srli  a3, 1
core   0: 3 0x80006024 (0x8285) x13 0x00000000
core   0: 0x80006026 (0xb726e613) ori     a2, a3, -1166
core   0: 3 0x80006026 (0xb726e613) x12 0xfffffb72
core   0: 0x8000602a (0x41105433) sra     s0, zero, a7
core   0: 3 0x8000602a (0x41105433) x 8 0x00000000
core   0: 0x8000602e (0x01516c63) bltu    sp, s5, pc + 24
core   0: 3 0x8000602e (0x01516c63)
core   0: 0x80006046 (0x03fd2fb3) mulhsu  t6, s10, t6
core   0: 3 0x80006046 (0x03fd2fb3) x31 0x00000000
core   0: 0x8000604a (0x00ee2cb3) slt     s9, t3, a4
core   0: 3 0x8000604a (0x00ee2cb3) x25 0x00000000
core   0: 0x8000604e (0x48820717) auipc   a4, 0x48820
core   0: 3 0x8000604e (0x48820717) x14 0xc882604e
core   0: 0x80006052 (0x025eecb3) rem     s9, t4, t0
core   0: 3 0x80006052 (0x025eecb3) x25 0x00000000
core   0: 0x80006056 (0x0ff0000f) fence   iorw,iorw
core   0: 3 0x80006056 (0x0ff0000f)
core   0: 0x8000605a (0x00000001) c.nop
core   0: 3 0x8000605a (0x0001)
core   0: 0x8000605c (0x00008f4a) c.mv    t5, s2
core   0: 3 0x8000605c (0x8f4a) x30 0xe87e7fd2
core   0: 0x8000605e (0x0bfb2013) slti    zero, s6, 191
core   0: 3 0x8000605e (0x0bfb2013)
core   0: 0x80006062 (0x0000e701) c.bnez  a4, pc + 8
core   0: 3 0x80006062 (0xe701)
core   0: 0x8000606a (0x414d0833) sub     a6, s10, s4
core   0: 3 0x8000606a (0x414d0833) x16 0x7ffda31c
core   0: 0x8000606e (0x0038c3b3) xor     t2, a7, gp
core   0: 3 0x8000606e (0x0038c3b3) x 7 0x2eae989d
core   0: 0x80006072 (0xa76d6093) ori     ra, s10, -1418
core   0: 3 0x80006072 (0xa76d6093) x 1 0xfffffa76
core   0: 0x80006076 (0x03ddedb3) rem     s11, s11, t4
core   0: 3 0x80006076 (0x03ddedb3) x27 0x000037bf
core   0: 0x8000607a (0x02e250b3) divu    ra, tp, a4
core   0: 3 0x8000607a (0x02e250b3) x 1 0x00000000
core   0: 0x8000607e (0x6f963593) sltiu   a1, a2, 1785
core   0: 3 0x8000607e (0x6f963593) x11 0x00000000
core   0: 0x80006082 (0x45f80b13) addi    s6, a6, 1119
core   0: 3 0x80006082 (0x45f80b13) x22 0x7ffda77b
core   0: 0x80006086 (0xb87a6fb7) lui     t6, 0xb87a6
core   0: 3 0x80006086 (0xb87a6fb7) x31 0xb87a6000
core   0: 0x8000608a (0x0000100f) fence.i
core   0: 3 0x8000608a (0x0000100f)
core   0: 0x8000608e (0x00008d6e) c.mv    s10, s11
core   0: 3 0x8000608e (0x8d6e) x26 0x000037bf
core   0: 0x80006090 (0x00b0e933) or      s2, ra, a1
core   0: 3 0x80006090 (0x00b0e933) x18 0x00000000
core   0: 0x80006094 (0x0148dc63) bge     a7, s4, pc + 24
core   0: 3 0x80006094 (0x0148dc63)
core   0: 0x800060ac (0x03e5f2b3) remu    t0, a1, t5
core   0: 3 0x800060ac (0x03e5f2b3) x 5 0x00000000
core   0: 0x800060b0 (0x00000001) c.nop
core   0: 3 0x800060b0 (0x0001)
core   0: 0x800060b2 (0x0000ef09) c.bnez  a4, pc + 26
core   0: 3 0x800060b2 (0xef09)
core   0: 0x800060cc (0x40205eb3) sra     t4, zero, sp
core   0: 3 0x800060cc (0x40205eb3) x29 0x00000000
core   0: 0x800060d0 (0x035f7b33) remu    s6, t5, s5
core   0: 3 0x800060d0 (0x035f7b33) x22 0x0f5fa86f
core   0: 0x800060d4 (0x00008242) c.mv    tp, a6
core   0: 3 0x800060d4 (0x8242) x 4 0x7ffda31c
core   0: 0x800060d6 (0x556fe093) ori     ra, t6, 1366
core   0: 3 0x800060d6 (0x556fe093) x 1 0xb87a6556
core   0: 0x800060da (0x01417763) bgeu    sp, s4, pc + 14
core   0: 3 0x800060da (0x01417763)
core   0: 0x800060de (0xc7d2e0b7) lui     ra, 0xc7d2e
core   0: 3 0x800060de (0xc7d2e0b7) x 1 0xc7d2e000
core   0: 0x800060e2 (0x0000cd8d) c.beqz  a1, pc + 58
core   0: 3 0x800060e2 (0xcd8d)
core   0: 0x8000611c (0x008bd233) srl     tp, s7, s0
core   0: 3 0x8000611c (0x008bd233) x 4 0x000005e6
core   0: 0x80006120 (0x00009ae6) c.add   s5, s9
core   0: 3 0x80006120 (0x9ae6) x21 0xd91ed763
core   0: 0x80006122 (0x00008d99) c.sub   a1, a4
core   0: 3 0x80006122 (0x8d99) x11 0x377d9fb2
core   0: 0x80006124 (0x458daf93) slti    t6, s11, 1112
core   0: 3 0x80006124 (0x458daf93) x31 0x00000000
core   0: 0x80006128 (0x026cdeb3) divu    t4, s9, t1
core   0: 3 0x80006128 (0x026cdeb3) x29 0x00000000
core   0: 0x8000612c (0x000011fd) c.addi  gp, -1
core   0: 3 0x8000612c (0x11fd) x 3 0xd91ed762
core   0: 0x8000612e (0x01b02833) slt     a6, zero, s11
core   0: 3 0x8000612e (0x01b02833) x16 0x00000001
core   0: 0x80006132 (0x0000100f) fence.i
core   0: 3 0x80006132 (0x0000100f)
core   0: 0x80006136 (0xa62889b7) lui     s3, 0xa6288
core   0: 3 0x80006136 (0xa62889b7) x19 0xa6288000
core   0: 0x8000613a (0x0ff0000f) fence   iorw,iorw
core   0: 3 0x8000613a (0x0ff0000f)
core   0: 0x8000613e (0x00000c94) c.addi4spn a3, sp, 592
core   0: 3 0x8000613e (0x0c94) x13 0x800220b4
core   0: 0x80006140 (0x01cbdb33) srl     s6, s7, t3
core   0: 3 0x80006140 (0x01cbdb33) x22 0x000005e6
core   0: 0x80006144 (0x54f24437) lui     s0, 0x54f24
core   0: 3 0x80006144 (0x54f24437) x 8 0x54f24000
core   0: 0x80006148 (0x00f0f933) and     s2, ra, a5
core   0: 3 0x80006148 (0x00f0f933) x18 0x80020000
core   0: 0x8000614c (0x00760433) add     s0, a2, t2
core   0: 3 0x8000614c (0x00760433) x 8 0x2eae940f
core   0: 0x80006150 (0x01bd7563) bgeu    s10, s11, pc + 10
core   0: 3 0x80006150 (0x01bd7563)
core   0: 0x8000615a (0x413185b3) sub     a1, gp, s3
core   0: 3 0x8000615a (0x413185b3) x11 0x32f65762
core   0: 0x8000615e (0x02158833) mul     a6, a1, ra
core   0: 3 0x8000615e (0x02158833) x16 0x68d9c000
core   0: 0x80006162 (0x0000c715) c.beqz  a4, pc + 44
core   0: 3 0x80006162 (0xc715)
core   0: 0x80006164 (0x021ebfb3) mulhu   t6, t4, ra
core   0: 3 0x80006164 (0x021ebfb3) x31 0x00000000
core   0: 0x80006168 (0x01af9213) slli    tp, t6, 26
core   0: 3 0x80006168 (0x01af9213) x 4 0x00000000
core   0: 0x8000616c (0x00000001) c.nop
core   0: 3 0x8000616c (0x0001)
core   0: 0x8000616e (0x29d6c317) auipc   t1, 0x29d6c
core   0: 3 0x8000616e (0x29d6c317) x 6 0xa9d7216e
core   0: 0x80006172 (0x00fa89b3) add     s3, s5, a5
core   0: 3 0x80006172 (0x00fa89b3) x19 0x5920f5c7
core   0: 0x80006176 (0x00009b7d) c.andi  a4, -1
core   0: 3 0x80006176 (0x9b7d) x14 0xc882604e
core   0: 0x80006178 (0x025cf963) bgeu    s9, t0, pc + 50
core   0: 3 0x80006178 (0x025cf963)
core   0: 0x800061aa (0x01aa0863) beq     s4, s10, pc + 16
core   0: 3 0x800061aa (0x01aa0863)
core   0: 0x800061ae (0xc920ab13) slti    s6, ra, -878
core   0: 3 0x800061ae (0xc920ab13) x22 0x00000001
core   0: 0x800061b2 (0x01152d33) slt     s10, a0, a7
core   0: 3 0x800061b2 (0x01152d33) x26 0x00000001
core   0: 0x800061b6 (0x00349e63) bne     s1, gp, pc + 28
core   0: 3 0x800061b6 (0x00349e63)
core   0: 0x800061d2 (0x00e540b3) xor     ra, a0, a4
core   0: 3 0x800061d2 (0x00e540b3) x 1 0x20fc1f9c
core   0: 0x800061d6 (0x00000422) c.slli  s0, 8
core   0: 3 0x800061d6 (0x0422) x 8 0xae940f00
core   0: 0x800061d8 (0x02471db3) mulh    s11, a4, tp
core   0: 3 0x800061d8 (0x02471db3) x27 0x00000000
core   0: 0x800061dc (0x0238f433) remu    s0, a7, gp
core   0: 3 0x800061dc (0x0238f433) x 8 0x1e91789c
core   0: 0x800061e0 (0x030da6b3) mulhsu  a3, s11, a6
core   0: 3 0x800061e0 (0x030da6b3) x13 0x00000000
core   0: 0x800061e4 (0x03130063) beq     t1, a7, pc + 32
core   0: 3 0x800061e4 (0x03130063)
core   0: 0x800061e8 (0x0216dfb3) divu    t6, a3, ra
core   0: 3 0x800061e8 (0x0216dfb3) x31 0x00000000
core   0: 0x800061ec (0x153b4593) xori    a1, s6, 339
core   0: 3 0x800061ec (0x153b4593) x11 0x00000152
core   0: 0x800061f0 (0x0146d663) bge     a3, s4, pc + 12
core   0: 3 0x800061f0 (0x0146d663)
core   0: 0x800061fc (0x0036dd93) srli    s11, a3, 3
core   0: 3 0x800061fc (0x0036dd93) x27 0x00000000
core   0: 0x80006200 (0x004ee2b3) or      t0, t4, tp
core   0: 3 0x80006200 (0x004ee2b3) x 5 0x00000000
core   0: 0x80006204 (0x0000100f) fence.i
core   0: 3 0x80006204 (0x0000100f)
core   0: 0x80006208 (0x41605433) sra     s0, zero, s6
core   0: 3 0x80006208 (0x41605433) x 8 0x00000000
core   0: 0x8000620c (0x00006165) c.addi16sp sp, 112
core   0: 3 0x8000620c (0x6165) x 2 0x80021ed4
core   0: 0x8000620e (0x00009fbe) c.add   t6, a5
core   0: 3 0x8000620e (0x9fbe) x31 0x80021e64
core   0: 0x80006210 (0x000004fe) c.slli  s1, 31
core   0: 3 0x80006210 (0x04fe) x 9 0x00000000
core   0: 0x80006212 (0x02ca42b3) div     t0, s4, a2
core   0: 3 0x80006212 (0x02ca42b3) x 5 0x001c19d3
core   0: 0x80006216 (0x000044bd) c.li    s1, 15
core   0: 3 0x80006216 (0x44bd) x 9 0x0000000f
core   0: 0x80006218 (0x00001288) c.addi4spn a0, sp, 352
core   0: 3 0x80006218 (0x1288) x10 0x80022034
core   0: 0x8000621a (0x00008c0d) c.sub   s0, a1
core   0: 3 0x8000621a (0x8c0d) x 8 0xfffffeae
core   0: 0x8000621c (0x000082a1) c.srli  a3, 8
core   0: 3 0x8000621c (0x82a1) x13 0x00000000
core   0: 0x8000621e (0x0207c933) div     s2, a5, zero
core   0: 3 0x8000621e (0x0207c933) x18 0xffffffff
core   0: 0x80006222 (0xf54bb537) lui     a0, 0xf54bb
core   0: 3 0x80006222 (0xf54bb537) x10 0xf54bb000
core   0: 0x80006226 (0x3b71c313) xori    t1, gp, 951
core   0: 3 0x80006226 (0x3b71c313) x 6 0xd91ed4d5
core   0: 0x8000622a (0x00b2ce33) xor     t3, t0, a1
core   0: 3 0x8000622a (0x00b2ce33) x28 0x001c1881
core   0: 0x8000622e (0x00000d21) c.addi  s10, 8
core   0: 3 0x8000622e (0x0d21) x26 0x00000009
core   0: 0x80006230 (0x00727a63) bgeu    tp, t2, pc + 20
core   0: 3 0x80006230 (0x00727a63)
core   0: 0x80006234 (0x0b11e313) ori     t1, gp, 177
core   0: 3 0x80006234 (0x0b11e313) x 6 0xd91ed7f3
core   0: 0x80006238 (0x00910433) add     s0, sp, s1
core   0: 3 0x80006238 (0x00910433) x 8 0x80021ee3
core   0: 0x8000623c (0x01225d33) srl     s10, tp, s2
core   0: 3 0x8000623c (0x01225d33) x26 0x00000000
core   0: 0x80006240 (0xa2646f93) ori     t6, s0, -1498
core   0: 3 0x80006240 (0xa2646f93) x31 0xfffffee7
core   0: 0x80006244 (0x02c5e6b3) rem     a3, a1, a2
core   0: 3 0x80006244 (0x02c5e6b3) x13 0x00000152
core   0: 0x80006248 (0x00000001) c.nop
core   0: 3 0x80006248 (0x0001)
core   0: 0x8000624a (0x0209a2b3) mulhsu  t0, s3, zero
core   0: 3 0x8000624a (0x0209a2b3) x 5 0x00000000
core   0: 0x8000624e (0x00c2f563) bgeu    t0, a2, pc + 10
core   0: 3 0x8000624e (0x00c2f563)
core   0: 0x80006252 (0x41ab0d33) sub     s10, s6, s10
core   0: 3 0x80006252 (0x41ab0d33) x26 0x00000001
core   0: 0x80006256 (0x00008ee1) c.and   a3, s0
core   0: 3 0x80006256 (0x8ee1) x13 0x00000042
core   0: 0x80006258 (0x009939b3) sltu    s3, s2, s1
core   0: 3 0x80006258 (0x009939b3) x19 0x00000000
core   0: 0x8000625c (0x02704fb3) div     t6, zero, t2
core   0: 3 0x8000625c (0x02704fb3) x31 0x00000000
core   0: 0x80006260 (0x00f544b3) xor     s1, a0, a5
core   0: 3 0x80006260 (0x00f544b3) x 9 0x7549ae64
core   0: 0x80006264 (0x0000e989) c.bnez  a1, pc + 18
core   0: 3 0x80006264 (0xe989)
core   0: 0x80006276 (0xc74e3213) sltiu   tp, t3, -908
core   0: 3 0x80006276 (0xc74e3213) x 4 0x00000001
core   0: 0x8000627a (0x006770b3) and     ra, a4, t1
core   0: 3 0x8000627a (0x006770b3) x 1 0xc8024042
core   0: 0x8000627e (0xbd381717) auipc   a4, 0xbd381
core   0: 3 0x8000627e (0xbd381717) x14 0x3d38727e
core   0: 0x80006282 (0x0000c581) c.beqz  a1, pc + 8
core   0: 3 0x80006282 (0xc581)
core   0: 0x80006284 (0x022f0bb3) mul     s7, t5, sp
core   0: 3 0x80006284 (0x022f0bb3) x23 0x5b6075e8
core   0: 0x80006288 (0x00008dc5) c.or    a1, s1
core   0: 3 0x80006288 (0x8dc5) x11 0x7549af76
core   0: 0x8000628a (0x00001300) c.addi4spn s0, sp, 416
core   0: 3 0x8000628a (0x1300) x 8 0x80022074
core   0: 0x8000628c (0x0048c763) blt     a7, tp, pc + 14
core   0: 3 0x8000628c (0x0048c763)
core   0: 0x8000629a (0xfc59a997) auipc   s3, 0xfc59a
core   0: 3 0x8000629a (0xfc59a997) x19 0x7c5a029a
core   0: 0x8000629e (0x000080f9) c.srli  s1, 30
core   0: 3 0x8000629e (0x80f9) x 9 0x00000001
core   0: 0x800062a0 (0x00001308) c.addi4spn a0, sp, 416
core   0: 3 0x800062a0 (0x1308) x10 0x80022074
core   0: 0x800062a2 (0x0174d293) srli    t0, s1, 23
core   0: 3 0x800062a2 (0x0174d293) x 5 0x00000000
core   0: 0x800062a6 (0x0000100f) fence.i
core   0: 3 0x800062a6 (0x0000100f)
core   0: 0x800062aa (0x033b9a63) bne     s7, s3, pc + 52
core   0: 3 0x800062aa (0x033b9a63)
core   0: 0x800062de (0x00000665) c.addi  a2, 25
core   0: 3 0x800062de (0x0665) x12 0xfffffb8b
core   0: 0x800062e0 (0xaa31b493) sltiu   s1, gp, -1373
core   0: 3 0x800062e0 (0xaa31b493) x 9 0x00000001
core   0: 0x800062e4 (0x0000717d) c.addi16sp sp, -16
core   0: 3 0x800062e4 (0x717d) x 2 0x80021ec4
core   0: 0x800062e6 (0x00000001) c.nop
core   0: 3 0x800062e6 (0x0001)
core   0: 0x800062e8 (0x00006119) c.addi16sp sp, 384
core   0: 3 0x800062e8 (0x6119) x 2 0x80022044
core   0: 0x800062ea (0x03a762b3) rem     t0, a4, s10
core   0: 3 0x800062ea (0x03a762b3) x 5 0x00000000
core   0: 0x800062ee (0x0000cc9d) c.beqz  s1, pc + 62
core   0: 3 0x800062ee (0xcc9d)
core   0: 0x800062f0 (0x4c67fab7) lui     s5, 0x4c67f
core   0: 3 0x800062f0 (0x4c67fab7) x21 0x4c67f000
core   0: 0x800062f4 (0x007e80b3) add     ra, t4, t2
core   0: 3 0x800062f4 (0x007e80b3) x 1 0x2eae989d
core   0: 0x800062f8 (0x40220733) sub     a4, tp, sp
core   0: 3 0x800062f8 (0x40220733) x14 0x7ffddfbd
core   0: 0x800062fc (0x00000001) c.nop
core   0: 3 0x800062fc (0x0001)
core   0: 0x800062fe (0x8faf6113) ori     sp, t5, -1798
core   0: 3 0x800062fe (0x8faf6113) x 2 0xfffffffa
core   0: 0x80006302 (0x012e9b33) sll     s6, t4, s2
core   0: 3 0x80006302 (0x012e9b33) x22 0x00000000
core   0: 0x80006306 (0x00008315) c.srli  a4, 5
core   0: 3 0x80006306 (0x8315) x14 0x03ffeefd
core   0: 0x80006308 (0x020a3e33) mulhu   t3, s4, zero
core   0: 3 0x80006308 (0x020a3e33) x28 0x00000000
core   0: 0x8000630c (0x01d0db93) srli    s7, ra, 29
core   0: 3 0x8000630c (0x01d0db93) x23 0x00000001
core   0: 0x80006310 (0x00004df9) c.li    s11, 30
core   0: 3 0x80006310 (0x4df9) x27 0x0000001e
core   0: 0x80006312 (0x00000001) c.nop
core   0: 3 0x80006312 (0x0001)
core   0: 0x80006314 (0x00000001) c.nop
core   0: 3 0x80006314 (0x0001)
core   0: 0x80006316 (0x2789fe37) lui     t3, 0x2789f
core   0: 3 0x80006316 (0x2789fe37) x28 0x2789f000
core   0: 0x8000631a (0x03c702b3) mul     t0, a4, t3
core   0: 3 0x8000631a (0x03c702b3) x 5 0x60723000
core   0: 0x8000631e (0x00008eb5) c.xor   a3, a3
core   0: 3 0x8000631e (0x8eb5) x13 0x00000000
core   0: 0x80006320 (0x03aa42b3) div     t0, s4, s10
core   0: 3 0x80006320 (0x03aa42b3) x 5 0x80025ce4
core   0: 0x80006324 (0x0277e9b3) rem     s3, a5, t2
core   0: 3 0x80006324 (0x0277e9b3) x19 0xdd5f4f9e
core   0: 0x80006328 (0x00000001) c.nop
core   0: 3 0x80006328 (0x0001)
core   0: 0x8000632a (0x00008ca9) c.xor   s1, a0
core   0: 3 0x8000632a (0x8ca9) x 9 0x80022075
core   0: 0x8000632c (0x00008ee5) c.and   a3, s1
core   0: 3 0x8000632c (0x8ee5) x13 0x00000000
core   0: 0x8000632e (0x00008b92) c.mv    s7, tp
core   0: 3 0x8000632e (0x8b92) x23 0x00000001
core   0: 0x80006330 (0x00f0d893) srli    a7, ra, 15
core   0: 3 0x80006330 (0x00f0d893) x17 0x00005d5d
core   0: 0x80006334 (0x00006129) c.addi16sp sp, 192
core   0: 3 0x80006334 (0x6129) x 2 0x000000ba
core   0: 0x80006336 (0x03255d33) divu    s10, a0, s2
core   0: 3 0x80006336 (0x03255d33) x26 0x00000000
core   0: 0x8000633a (0x00001d14) c.addi4spn a3, sp, 688
core   0: 3 0x8000633a (0x1d14) x13 0x0000036a
core   0: 0x8000633c (0x00000001) c.nop
core   0: 3 0x8000633c (0x0001)
core   0: 0x8000633e (0x00000304) c.addi4spn s1, sp, 384
core   0: 3 0x8000633e (0x0304) x 9 0x0000023a
core   0: 0x80006340 (0x02cbe033) rem     zero, s7, a2
core   0: 3 0x80006340 (0x02cbe033)
core   0: 0x80006344 (0x0145cd33) xor     s10, a1, s4
core   0: 3 0x80006344 (0x0145cd33) x26 0xf54bf392
core   0: 0x80006348 (0x03947733) remu    a4, s0, s9
core   0: 3 0x80006348 (0x03947733) x14 0x80022074
core   0: 0x8000634c (0x00000001) c.nop
core   0: 3 0x8000634c (0x0001)
core   0: 0x8000634e (0x00000094) c.addi4spn a3, sp, 64
core   0: 3 0x8000634e (0x0094) x13 0x000000fa
core   0: 0x80006350 (0x00000310) c.addi4spn a2, sp, 384
core   0: 3 0x80006350 (0x0310) x12 0x0000023a
core   0: 0x80006352 (0x00000001) c.nop
core   0: 3 0x80006352 (0x0001)
core   0: 0x80006354 (0x41b0dcb3) sra     s9, ra, s11
core   0: 3 0x80006354 (0x41b0dcb3) x25 0x00000000
core   0: 0x80006358 (0x748f2113) slti    sp, t5, 1864
core   0: 3 0x80006358 (0x748f2113) x 2 0x00000001
core   0: 0x8000635c (0x000082b1) c.srli  a3, 12
core   0: 3 0x8000635c (0x82b1) x13 0x00000000
core   0: 0x8000635e (0x0373bdb3) mulhu   s11, t2, s7
core   0: 3 0x8000635e (0x0373bdb3) x27 0x00000000
core   0: 0x80006362 (0x00000001) c.nop
core   0: 3 0x80006362 (0x0001)
core   0: 0x80006364 (0x00008d39) c.xor   a0, a4
core   0: 3 0x80006364 (0x8d39) x10 0x00000000
core   0: 0x80006366 (0x41bb59b3) sra     s3, s6, s11
core   0: 3 0x80006366 (0x41bb59b3) x19 0x00000000
core   0: 0x8000636a (0x021e9f33) mulh    t5, t4, ra
core   0: 3 0x8000636a (0x021e9f33) x30 0x00000000
core   0: 0x8000636e (0x00501263) bne     zero, t0, pc + 4
core   0: 3 0x8000636e (0x00501263)
core   0: 0x80006372 (0x00000001) c.nop
core   0: 3 0x80006372 (0x0001)
core   0: 0x80006374 (0x034116b3) mulh    a3, sp, s4
core   0: 3 0x80006374 (0x034116b3) x13 0xffffffff
core   0: 0x80006378 (0x03bab833) mulhu   a6, s5, s11
core   0: 3 0x80006378 (0x03bab833) x16 0x00000000
core   0: 0x8000637c (0x00adcd63) blt     s11, a0, pc + 26
core   0: 3 0x8000637c (0x00adcd63)
core   0: 0x80006380 (0x0253ee33) rem     t3, t2, t0
core   0: 3 0x80006380 (0x0253ee33) x28 0x2eae989d
core   0: 0x80006384 (0x00008df1) c.and   a1, a2
core   0: 3 0x80006384 (0x8df1) x11 0x00000232
core   0: 0x80006386 (0x0246db63) bge     a3, tp, pc + 54
core   0: 3 0x80006386 (0x0246db63)
core   0: 0x8000638a (0x00be9493) slli    s1, t4, 11
core   0: 3 0x8000638a (0x00be9493) x 9 0x00000000
core   0: 0x8000638e (0x03a716b3) mulh    a3, a4, s10
core   0: 3 0x8000638e (0x03a716b3) x13 0x0559ef73
core   0: 0x80006392 (0x864aa513) slti    a0, s5, -1948
core   0: 3 0x80006392 (0x864aa513) x10 0x00000000
core   0: 0x80006396 (0x0000e1a9) c.bnez  a1, pc + 66
core   0: 3 0x80006396 (0xe1a9)
core   0: 0x800063d8 (0x0396c3b3) div     t2, a3, s9
core   0: 3 0x800063d8 (0x0396c3b3) x 7 0xffffffff
core   0: 0x800063dc (0x033affb3) remu    t6, s5, s3
core   0: 3 0x800063dc (0x033affb3) x31 0x4c67f000
core   0: 0x800063e0 (0x78944e13) xori    t3, s0, 1929
core   0: 3 0x800063e0 (0x78944e13) x28 0x800227fd
core   0: 0x800063e4 (0x00923ab3) sltu    s5, tp, s1
core   0: 3 0x800063e4 (0x00923ab3) x21 0x00000000
core   0: 0x800063e8 (0x867a4b13) xori    s6, s4, -1945
core   0: 3 0x800063e8 (0x867a4b13) x22 0x7ffda483
core   0: 0x800063ec (0x0000c42d) c.beqz  s0, pc + 106
core   0: 3 0x800063ec (0xc42d)
core   0: 0x800063ee (0x00009b7d) c.andi  a4, -1
core   0: 3 0x800063ee (0x9b7d) x14 0x80022074
core   0: 0x800063f0 (0x00008c41) c.or    s0, s0
core   0: 3 0x800063f0 (0x8c41) x 8 0x80022074
core   0: 0x800063f2 (0x0618fb63) bgeu    a7, ra, pc + 118
core   0: 3 0x800063f2 (0x0618fb63)
core   0: 0x800063f6 (0xffd00d13) li      s10, -3
core   0: 3 0x800063f6 (0xffd00d13) x26 0xfffffffd
core   0: 0x800063fa (0x03d72433) mulhsu  s0, a4, t4
core   0: 3 0x800063fa (0x03d72433) x 8 0x00000000
core   0: 0x800063fe (0xb8dda393) slti    t2, s11, -1139
core   0: 3 0x800063fe (0xb8dda393) x 7 0x00000000
core   0: 0x80006402 (0x00008e21) c.xor   a2, s0
core   0: 3 0x80006402 (0x8e21) x12 0x0000023a
core   0: 0x80006404 (0x00900513) li      a0, 9
core   0: 3 0x80006404 (0x00900513) x10 0x00000009
core   0: 0x80006408 (0x000064a5) c.lui   s1, 0x9
core   0: 3 0x80006408 (0x64a5) x 9 0x00009000
core   0: 0x8000640a (0x00000e8a) c.slli  t4, 2
core   0: 3 0x8000640a (0x0e8a) x29 0x00000000
core   0: 0x8000640c (0x00008c55) c.or    s0, a3
core   0: 3 0x8000640c (0x8c55) x 8 0x0559ef73
core   0: 0x8000640e (0xa01e4913) xori    s2, t3, -1535
core   0: 3 0x8000640e (0xa01e4913) x18 0x7ffdddfc
core   0: 0x80006412 (0x025930b3) mulhu   ra, s2, t0
core   0: 3 0x80006412 (0x025930b3) x 1 0x40001d6a
core   0: 0x80006416 (0x00001510) c.addi4spn a2, sp, 672
core   0: 3 0x80006416 (0x1510) x12 0x000002a1
core   0: 0x80006418 (0x00008ef1) c.and   a3, a2
core   0: 3 0x80006418 (0x8ef1) x13 0x00000221
core   0: 0x8000641a (0x00000ce5) c.addi  s9, 25
core   0: 3 0x8000641a (0x0ce5) x25 0x00000019
core   0: 0x8000641c (0x01d2c4b3) xor     s1, t0, t4
core   0: 3 0x8000641c (0x01d2c4b3) x 9 0x80025ce4
core   0: 0x80006420 (0x00000001) c.nop
core   0: 3 0x80006420 (0x0001)
core   0: 0x80006422 (0x00132633) slt     a2, t1, ra
core   0: 3 0x80006422 (0x00132633) x12 0x00000001
core   0: 0x80006426 (0x00008e61) c.and   a2, s0
core   0: 3 0x80006426 (0x8e61) x12 0x00000001
core   0: 0x80006428 (0x00000d0d) c.addi  s10, 3
core   0: 3 0x80006428 (0x0d0d) x26 0x00000000
core   0: 0x8000642a (0x00691293) slli    t0, s2, 6
core   0: 3 0x8000642a (0x00691293) x 5 0xff777f00
core   0: 0x8000642e (0x00f241b3) xor     gp, tp, a5
core   0: 3 0x8000642e (0x00f241b3) x 3 0x80021e65
core   0: 0x80006432 (0xfead13e3) bne     s10, a0, pc - 26
core   0: 3 0x80006432 (0xfead13e3)
core   0: 0x80006418 (0x00008ef1) c.and   a3, a2
core   0: 3 0x80006418 (0x8ef1) x13 0x00000001
core   0: 0x8000641a (0x00000ce5) c.addi  s9, 25
core   0: 3 0x8000641a (0x0ce5) x25 0x00000032
core   0: 0x8000641c (0x01d2c4b3) xor     s1, t0, t4
core   0: 3 0x8000641c (0x01d2c4b3) x 9 0xff777f00
core   0: 0x80006420 (0x00000001) c.nop
core   0: 3 0x80006420 (0x0001)
core   0: 0x80006422 (0x00132633) slt     a2, t1, ra
core   0: 3 0x80006422 (0x00132633) x12 0x00000001
core   0: 0x80006426 (0x00008e61) c.and   a2, s0
core   0: 3 0x80006426 (0x8e61) x12 0x00000001
core   0: 0x80006428 (0x00000d0d) c.addi  s10, 3
core   0: 3 0x80006428 (0x0d0d) x26 0x00000003
core   0: 0x8000642a (0x00691293) slli    t0, s2, 6
core   0: 3 0x8000642a (0x00691293) x 5 0xff777f00
core   0: 0x8000642e (0x00f241b3) xor     gp, tp, a5
core   0: 3 0x8000642e (0x00f241b3) x 3 0x80021e65
core   0: 0x80006432 (0xfead13e3) bne     s10, a0, pc - 26
core   0: 3 0x80006432 (0xfead13e3)
core   0: 0x80006418 (0x00008ef1) c.and   a3, a2
core   0: 3 0x80006418 (0x8ef1) x13 0x00000001
core   0: 0x8000641a (0x00000ce5) c.addi  s9, 25
core   0: 3 0x8000641a (0x0ce5) x25 0x0000004b
core   0: 0x8000641c (0x01d2c4b3) xor     s1, t0, t4
core   0: 3 0x8000641c (0x01d2c4b3) x 9 0xff777f00
core   0: 0x80006420 (0x00000001) c.nop
core   0: 3 0x80006420 (0x0001)
core   0: 0x80006422 (0x00132633) slt     a2, t1, ra
core   0: 3 0x80006422 (0x00132633) x12 0x00000001
core   0: 0x80006426 (0x00008e61) c.and   a2, s0
core   0: 3 0x80006426 (0x8e61) x12 0x00000001
core   0: 0x80006428 (0x00000d0d) c.addi  s10, 3
core   0: 3 0x80006428 (0x0d0d) x26 0x00000006
core   0: 0x8000642a (0x00691293) slli    t0, s2, 6
core   0: 3 0x8000642a (0x00691293) x 5 0xff777f00
core   0: 0x8000642e (0x00f241b3) xor     gp, tp, a5
core   0: 3 0x8000642e (0x00f241b3) x 3 0x80021e65
core   0: 0x80006432 (0xfead13e3) bne     s10, a0, pc - 26
core   0: 3 0x80006432 (0xfead13e3)
core   0: 0x80006418 (0x00008ef1) c.and   a3, a2
core   0: 3 0x80006418 (0x8ef1) x13 0x00000001
core   0: 0x8000641a (0x00000ce5) c.addi  s9, 25
core   0: 3 0x8000641a (0x0ce5) x25 0x00000064
core   0: 0x8000641c (0x01d2c4b3) xor     s1, t0, t4
core   0: 3 0x8000641c (0x01d2c4b3) x 9 0xff777f00
core   0: 0x80006420 (0x00000001) c.nop
core   0: 3 0x80006420 (0x0001)
core   0: 0x80006422 (0x00132633) slt     a2, t1, ra
core   0: 3 0x80006422 (0x00132633) x12 0x00000001
core   0: 0x80006426 (0x00008e61) c.and   a2, s0
core   0: 3 0x80006426 (0x8e61) x12 0x00000001
core   0: 0x80006428 (0x00000d0d) c.addi  s10, 3
core   0: 3 0x80006428 (0x0d0d) x26 0x00000009
core   0: 0x8000642a (0x00691293) slli    t0, s2, 6
core   0: 3 0x8000642a (0x00691293) x 5 0xff777f00
core   0: 0x8000642e (0x00f241b3) xor     gp, tp, a5
core   0: 3 0x8000642e (0x00f241b3) x 3 0x80021e65
core   0: 0x80006432 (0xfead13e3) bne     s10, a0, pc - 26
core   0: 3 0x80006432 (0xfead13e3)
core   0: 0x80006436 (0xab3ae213) ori     tp, s5, -1357
core   0: 3 0x80006436 (0xab3ae213) x 4 0xfffffab3
core   0: 0x8000643a (0x03a63033) mulhu   zero, a2, s10
core   0: 3 0x8000643a (0x03a63033)
core   0: 0x8000643e (0x00008db9) c.xor   a1, a4
core   0: 3 0x8000643e (0x8db9) x11 0x80022246
core   0: 0x80006440 (0x41a55d13) srai    s10, a0, 26
core   0: 3 0x80006440 (0x41a55d13) x26 0x00000000
core   0: 0x80006444 (0x0000819d) c.srli  a1, 7
core   0: 3 0x80006444 (0x819d) x11 0x01000444
core   0: 0x80006446 (0x2b402313) slti    t1, zero, 692
core   0: 3 0x80006446 (0x2b402313) x 6 0x00000001
core   0: 0x8000644a (0x00006145) c.addi16sp sp, 48
core   0: 3 0x8000644a (0x6145) x 2 0x00000031
core   0: 0x8000644c (0x0000567d) c.li    a2, -1
core   0: 3 0x8000644c (0x567d) x12 0xffffffff
core   0: 0x8000644e (0xf6ec2417) auipc   s0, 0xf6ec2
core   0: 3 0x8000644e (0xf6ec2417) x 8 0x76ec844e
core   0: 0x80006452 (0x02d16133) rem     sp, sp, a3
core   0: 3 0x80006452 (0x02d16133) x 2 0x00000000
core   0: 0x80006456 (0x03f11233) mulh    tp, sp, t6
core   0: 3 0x80006456 (0x03f11233) x 4 0x00000000
core   0: 0x8000645a (0x00005cfd) c.li    s9, -1
core   0: 3 0x8000645a (0x5cfd) x25 0xffffffff
core   0: 0x8000645c (0x00004e19) c.li    t3, 6
core   0: 3 0x8000645c (0x4e19) x28 0x00000006
core   0: 0x8000645e (0x00006125) c.addi16sp sp, 96
core   0: 3 0x8000645e (0x6125) x 2 0x00000060
core   0: 0x80006460 (0x0239cf33) div     t5, s3, gp
core   0: 3 0x80006460 (0x0239cf33) x30 0x00000000
core   0: 0x80006464 (0x6f24ca93) xori    s5, s1, 1778
core   0: 3 0x80006464 (0x6f24ca93) x21 0xff7779f2
core   0: 0x80006468 (0x0000e899) c.bnez  s1, pc + 22
core   0: 3 0x80006468 (0xe899)
core   0: 0x8000647e (0x00009252) c.add   tp, s4
core   0: 3 0x8000647e (0x9252) x 4 0x80025ce4
core   0: 0x80006480 (0x0000c1bd) c.beqz  a1, pc + 102
core   0: 3 0x80006480 (0xc1bd)
core   0: 0x80006482 (0x00008c19) c.sub   s0, a4
core   0: 3 0x80006482 (0x8c19) x 8 0xf6ea63da
core   0: 0x80006484 (0x41595f13) srai    t5, s2, 21
core   0: 3 0x80006484 (0x41595f13) x30 0x000003ff
core   0: 0x80006488 (0x01913433) sltu    s0, sp, s9
core   0: 3 0x80006488 (0x01913433) x 8 0x00000001
core   0: 0x8000648c (0x030f0633) mul     a2, t5, a6
core   0: 3 0x8000648c (0x030f0633) x12 0x00000000
core   0: 0x80006490 (0x41eddab3) sra     s5, s11, t5
core   0: 3 0x80006490 (0x41eddab3) x21 0x00000000
core   0: 0x80006494 (0x00900c93) li      s9, 9
core   0: 3 0x80006494 (0x00900c93) x25 0x00000009
core   0: 0x80006498 (0x00008f29) c.xor   a4, a0
core   0: 3 0x80006498 (0x8f29) x14 0x8002207d
core   0: 0x8000649a (0x0ff0000f) fence   iorw,iorw
core   0: 3 0x8000649a (0x0ff0000f)
core   0: 0x8000649e (0x00800d93) li      s11, 8
core   0: 3 0x8000649e (0x00800d93) x27 0x00000008
core   0: 0x800064a2 (0x1893a037) lui     zero, 0x1893a
core   0: 3 0x800064a2 (0x1893a037)
core   0: 0x800064a6 (0x0276c9b3) div     s3, a3, t2
core   0: 3 0x800064a6 (0x0276c9b3) x19 0xffffffff
core   0: 0x800064aa (0x00001cf5) c.addi  s9, -3
core   0: 3 0x800064aa (0x1cf5) x25 0x00000006
core   0: 0x800064ac (0x011253b3) srl     t2, tp, a7
core   0: 3 0x800064ac (0x011253b3) x 7 0x00000004
core   0: 0x800064b0 (0x0000100f) fence.i
core   0: 3 0x800064b0 (0x0000100f)
core   0: 0x800064b4 (0xffbcf7e3) bgeu    s9, s11, pc - 18
core   0: 3 0x800064b4 (0xffbcf7e3)
core   0: 0x800064b8 (0x032014b3) mulh    s1, zero, s2
core   0: 3 0x800064b8 (0x032014b3) x 9 0x00000000
core   0: 0x800064bc (0x00fd8ab3) add     s5, s11, a5
core   0: 3 0x800064bc (0x00fd8ab3) x21 0x80021e6c
core   0: 0x800064c0 (0x01bdfd33) and     s10, s11, s11
core   0: 3 0x800064c0 (0x01bdfd33) x26 0x00000008
core   0: 0x800064c4 (0x00a29613) slli    a2, t0, 10
core   0: 3 0x800064c4 (0x00a29613) x12 0xddfc0000
core   0: 0x800064c8 (0x000069e1) c.lui   s3, 0x18
core   0: 3 0x800064c8 (0x69e1) x19 0x00018000
core   0: 0x800064ca (0x41cc55b3) sra     a1, s8, t3
core   0: 3 0x800064ca (0x41cc55b3) x11 0xfff7cf11
core   0: 0x800064ce (0x00008d09) c.sub   a0, a0
core   0: 3 0x800064ce (0x8d09) x10 0x00000000
core   0: 0x800064d0 (0x75c20d37) lui     s10, 0x75c20
core   0: 3 0x800064d0 (0x75c20d37) x26 0x75c20000
core   0: 0x800064d4 (0x00b0f563) bgeu    ra, a1, pc + 10
core   0: 3 0x800064d4 (0x00b0f563)
core   0: 0x800064d8 (0x00008dd9) c.or    a1, a4
core   0: 3 0x800064d8 (0x8dd9) x11 0xfff7ef7d
core   0: 0x800064da (0x01ef7833) and     a6, t5, t5
core   0: 3 0x800064da (0x01ef7833) x16 0x000003ff
core   0: 0x800064de (0x013bf863) bgeu    s7, s3, pc + 16
core   0: 3 0x800064de (0x013bf863)
core   0: 0x800064e2 (0x413909b3) sub     s3, s2, s3
core   0: 3 0x800064e2 (0x413909b3) x19 0x7ffc5dfc
core   0: 0x800064e6 (0x40f6d013) srai    zero, a3, 15
core   0: 3 0x800064e6 (0x40f6d013)
core   0: 0x800064ea (0xa9d8cd93) xori    s11, a7, -1379
core   0: 3 0x800064ea (0xa9d8cd93) x27 0xffffa7c0
core   0: 0x800064ee (0x0000e20d) c.bnez  a2, pc + 34
core   0: 3 0x800064ee (0xe20d)
core   0: 0x80006510 (0x00cfb633) sltu    a2, t6, a2
core   0: 3 0x80006510 (0x00cfb633) x12 0x00000001
core   0: 0x80006514 (0x6d4ffab7) lui     s5, 0x6d4ff
core   0: 3 0x80006514 (0x6d4ffab7) x21 0x6d4ff000
core   0: 0x80006518 (0x00009a7d) c.andi  a2, -1
core   0: 3 0x80006518 (0x9a7d) x12 0x00000001
core   0: 0x8000651a (0x2a606693) ori     a3, zero, 678
core   0: 3 0x8000651a (0x2a606693) x13 0x000002a6
core   0: 0x8000651e (0x01591413) slli    s0, s2, 21
core   0: 3 0x8000651e (0x01591413) x 8 0xbf800000
core   0: 0x80006522 (0x40385e33) sra     t3, a6, gp
core   0: 3 0x80006522 (0x40385e33) x28 0x0000001f
core   0: 0x80006526 (0x00008c61) c.and   s0, s0
core   0: 3 0x80006526 (0x8c61) x 8 0xbf800000
core   0: 0x80006528 (0x014a4bb3) xor     s7, s4, s4
core   0: 3 0x80006528 (0x014a4bb3) x23 0x00000000
core   0: 0x8000652c (0x00009972) c.add   s2, t3
core   0: 3 0x8000652c (0x9972) x18 0x7ffdde1b
core   0: 0x8000652e (0x32abe593) ori     a1, s7, 810
core   0: 3 0x8000652e (0x32abe593) x11 0x0000032a
core   0: 0x80006532 (0x00d13cb3) sltu    s9, sp, a3
core   0: 3 0x80006532 (0x00d13cb3) x25 0x00000001
core   0: 0x80006536 (0x0000078c) c.addi4spn a1, sp, 960
core   0: 3 0x80006536 (0x078c) x11 0x00000420
core   0: 0x80006538 (0x007390b3) sll     ra, t2, t2
core   0: 3 0x80006538 (0x007390b3) x 1 0x00000040
core   0: 0x8000653c (0x009d5b93) srli    s7, s10, 9
core   0: 3 0x8000653c (0x009d5b93) x23 0x003ae100
core   0: 0x80006540 (0xf0d00813) li      a6, -243
core   0: 3 0x80006540 (0xf0d00813) x16 0xffffff0d
core   0: 0x80006544 (0x0000cd89) c.beqz  a1, pc + 26
core   0: 3 0x80006544 (0xcd89)
core   0: 0x80006546 (0x414f5613) srai    a2, t5, 20
core   0: 3 0x80006546 (0x414f5613) x12 0x00000000
core   0: 0x8000654a (0x00008e22) c.mv    t3, s0
core   0: 3 0x8000654a (0x8e22) x28 0xbf800000
core   0: 0x8000654c (0xed616d13) ori     s10, sp, -298
core   0: 3 0x8000654c (0xed616d13) x26 0xfffffef6
core   0: 0x80006550 (0x01d65293) srli    t0, a2, 29
core   0: 3 0x80006550 (0x01d65293) x 5 0x00000000
core   0: 0x80006554 (0x00008e19) c.sub   a2, a4
core   0: 3 0x80006554 (0x8e19) x12 0x7ffddf83
core   0: 0x80006556 (0x419ede33) sra     t3, t4, s9
core   0: 3 0x80006556 (0x419ede33) x28 0x00000000
core   0: 0x8000655a (0xd7c6e193) ori     gp, a3, -644
core   0: 3 0x8000655a (0xd7c6e193) x 3 0xfffffffe
core   0: 0x8000655e (0x03b06633) rem     a2, zero, s11
core   0: 3 0x8000655e (0x03b06633) x12 0x00000000
core   0: 0x80006562 (0x0ff0000f) fence   iorw,iorw
core   0: 3 0x80006562 (0x0ff0000f)
core   0: 0x80006566 (0x63fa4b93) xori    s7, s4, 1599
core   0: 3 0x80006566 (0x63fa4b93) x23 0x80025adb
core   0: 0x8000656a (0x00006169) c.addi16sp sp, 208
core   0: 3 0x8000656a (0x6169) x 2 0x00000130
core   0: 0x8000656c (0x00008e1d) c.sub   a2, a5
core   0: 3 0x8000656c (0x8e1d) x12 0x7ffde19c
core   0: 0x8000656e (0x02448533) mul     a0, s1, tp
core   0: 3 0x8000656e (0x02448533) x10 0x00000000
core   0: 0x80006572 (0x0000100f) fence.i
core   0: 3 0x80006572 (0x0000100f)
core   0: 0x80006576 (0x02a41663) bne     s0, a0, pc + 44
core   0: 3 0x80006576 (0x02a41663)
core   0: 0x800065a2 (0x7f9898b7) lui     a7, 0x7f989
core   0: 3 0x800065a2 (0x7f9898b7) x17 0x7f989000
core   0: 0x800065a6 (0x00008f5e) c.mv    t5, s7
core   0: 3 0x800065a6 (0x8f5e) x30 0x80025adb
core   0: 0x800065a8 (0x03677533) remu    a0, a4, s6
core   0: 3 0x800065a8 (0x03677533) x10 0x00047bfa
core   0: 0x800065ac (0x00000714) c.addi4spn a3, sp, 896
core   0: 3 0x800065ac (0x0714) x13 0x000004b0
core   0: 0x800065ae (0x13cc6493) ori     s1, s8, 316
core   0: 3 0x800065ae (0x13cc6493) x 9 0xfdf3c57f
core   0: 0x800065b2 (0x000081f1) c.srli  a1, 28
core   0: 3 0x800065b2 (0x81f1) x11 0x00000000
core   0: 0x800065b4 (0x0000cf11) c.beqz  a4, pc + 28
core   0: 3 0x800065b4 (0xcf11)
core   0: 0x800065b6 (0x00009312) c.add   t1, tp
core   0: 3 0x800065b6 (0x9312) x 6 0x80025ce5
core   0: 0x800065b8 (0xf2772a93) slti    s5, a4, -217
core   0: 3 0x800065b8 (0xf2772a93) x21 0x00000001
core   0: 0x800065bc (0x00000561) c.addi  a0, 24
core   0: 3 0x800065bc (0x0561) x10 0x00047c12
core   0: 0x800065be (0x02952db3) mulhsu  s11, a0, s1
core   0: 3 0x800065be (0x02952db3) x27 0x000472e3
core   0: 0x800065c2 (0x02bb5733) divu    a4, s6, a1
core   0: 3 0x800065c2 (0x02bb5733) x14 0xffffffff
core   0: 0x800065c6 (0x00000001) c.nop
core   0: 3 0x800065c6 (0x0001)
core   0: 0x800065c8 (0x001e1663) bne     t3, ra, pc + 12
core   0: 3 0x800065c8 (0x001e1663)
core   0: 0x800065d4 (0x00000256) c.slli  tp, 21
core   0: 3 0x800065d4 (0x0256) x 4 0x9c800000
core   0: 0x800065d6 (0xd5e02e17) auipc   t3, 0xd5e02
core   0: 3 0x800065d6 (0xd5e02e17) x28 0x55e085d6
core   0: 0x800065da (0x0000100f) fence.i
core   0: 3 0x800065da (0x0000100f)
core   0: 0x800065de (0x00a00b33) add     s6, zero, a0
core   0: 3 0x800065de (0x00a00b33) x22 0x00047c12
core   0: 0x800065e2 (0x8188b493) sltiu   s1, a7, -2024
core   0: 3 0x800065e2 (0x8188b493) x 9 0x00000001
core   0: 0x800065e6 (0x00006945) c.lui   s2, 0x11
core   0: 3 0x800065e6 (0x6945) x18 0x00011000
core   0: 0x800065e8 (0x40aaa613) slti    a2, s5, 1034
core   0: 3 0x800065e8 (0x40aaa613) x12 0x00000001
core   0: 0x800065ec (0x0374c333) div     t1, s1, s7
core   0: 3 0x800065ec (0x0374c333) x 6 0x00000000
core   0: 0x800065f0 (0x00d161b3) or      gp, sp, a3
core   0: 3 0x800065f0 (0x00d161b3) x 3 0x000005b0
core   0: 0x800065f4 (0x00006105) c.addi16sp sp, 32
core   0: 3 0x800065f4 (0x6105) x 2 0x00000150
core   0: 0x800065f6 (0x01bbd233) srl     tp, s7, s11
core   0: 3 0x800065f6 (0x01bbd233) x 4 0x10004b5b
core   0: 0x800065fa (0x00ebaeb3) slt     t4, s7, a4
core   0: 3 0x800065fa (0x00ebaeb3) x29 0x00000001
core   0: 0x800065fe (0x00744963) blt     s0, t2, pc + 18
core   0: 3 0x800065fe (0x00744963)
core   0: 0x80006610 (0x0000893d) c.andi  a0, 15
core   0: 3 0x80006610 (0x893d) x10 0x00000002
core   0: 0x80006612 (0x00006d5d) c.lui   s10, 0x17
core   0: 3 0x80006612 (0x6d5d) x26 0x00017000
core   0: 0x80006614 (0x01ca9763) bne     s5, t3, pc + 14
core   0: 3 0x80006614 (0x01ca9763)
core   0: 0x80006622 (0x00008cdd) c.or    s1, a5
core   0: 3 0x80006622 (0x8cdd) x 9 0x80021e65
core   0: 0x80006624 (0x01978963) beq     a5, s9, pc + 18
core   0: 3 0x80006624 (0x01978963)
core   0: 0x80006628 (0x00008f69) c.and   a4, a0
core   0: 3 0x80006628 (0x8f69) x14 0x00000002
core   0: 0x8000662a (0x00001810) c.addi4spn a2, sp, 48
core   0: 3 0x8000662a (0x1810) x12 0x00000180
core   0: 0x8000662c (0x0000657d) c.lui   a0, 0x1f
core   0: 3 0x8000662c (0x657d) x10 0x0001f000
core   0: 0x8000662e (0x0000859d) c.srai  a1, 7
core   0: 3 0x8000662e (0x859d) x11 0x00000000
core   0: 0x80006630 (0x00c15eb3) srl     t4, sp, a2
core   0: 3 0x80006630 (0x00c15eb3) x29 0x00000150
core   0: 0x80006634 (0x00000001) c.nop
core   0: 3 0x80006634 (0x0001)
core   0: 0x80006636 (0x0000997d) c.andi  a0, -1
core   0: 3 0x80006636 (0x997d) x10 0x0001f000
core   0: 0x80006638 (0x016af433) and     s0, s5, s6
core   0: 3 0x80006638 (0x016af433) x 8 0x00000000
core   0: 0x8000663c (0x00000e10) c.addi4spn a2, sp, 784
core   0: 3 0x8000663c (0x0e10) x12 0x00000460
core   0: 0x8000663e (0x00009afd) c.andi  a3, -1
core   0: 3 0x8000663e (0x9afd) x13 0x000004b0
core   0: 0x80006640 (0x03d18233) mul     tp, gp, t4
core   0: 3 0x80006640 (0x03d18233) x 4 0x00077700
core   0: 0x80006644 (0x9892ef93) ori     t6, t0, -1655
core   0: 3 0x80006644 (0x9892ef93) x31 0xfffff989
core   0: 0x80006648 (0x53b43693) sltiu   a3, s0, 1339
core   0: 3 0x80006648 (0x53b43693) x13 0x00000001
core   0: 0x8000664c (0x01afbe33) sltu    t3, t6, s10
core   0: 3 0x8000664c (0x01afbe33) x28 0x00000000
core   0: 0x80006650 (0x00000b2a) c.slli  s6, 10
core   0: 3 0x80006650 (0x0b2a) x22 0x11f04800
core   0: 0x80006652 (0x01b65733) srl     a4, a2, s11
core   0: 3 0x80006652 (0x01b65733) x14 0x0000008c
core   0: 0x80006656 (0x01e95c63) bge     s2, t5, pc + 24
core   0: 3 0x80006656 (0x01e95c63)
core   0: 0x8000666e (0x01706c63) bltu    zero, s7, pc + 24
core   0: 3 0x8000666e (0x01706c63)
core   0: 0x80006686 (0x00008d9d) c.sub   a1, a5
core   0: 3 0x80006686 (0x8d9d) x11 0x7ffde19c
core   0: 0x80006688 (0x00ad7ab3) and     s5, s10, a0
core   0: 3 0x80006688 (0x00ad7ab3) x21 0x00017000
core   0: 0x8000668c (0x00529513) slli    a0, t0, 5
core   0: 3 0x8000668c (0x00529513) x10 0x00000000
core   0: 0x80006690 (0x03010b33) mul     s6, sp, a6
core   0: 3 0x80006690 (0x03010b33) x22 0xfffec110
core   0: 0x80006694 (0x00008d21) c.xor   a0, s0
core   0: 3 0x80006694 (0x8d21) x10 0x00000000
core   0: 0x80006696 (0x00000aa1) c.addi  s5, 8
core   0: 3 0x80006696 (0x0aa1) x21 0x00017008
core   0: 0x80006698 (0x016bd313) srli    t1, s7, 22
core   0: 3 0x80006698 (0x016bd313) x 6 0x00000200
core   0: 0x8000669c (0x0000c189) c.beqz  a1, pc + 2
core   0: 3 0x8000669c (0xc189)
core   0: 0x8000669e (0x001868b3) or      a7, a6, ra
core   0: 3 0x8000669e (0x001868b3) x17 0xffffff4d
core   0: 0x800066a2 (0x3d373537) lui     a0, 0x3d373
core   0: 3 0x800066a2 (0x3d373537) x10 0x3d373000
core   0: 0x800066a6 (0x00b70563) beq     a4, a1, pc + 10
core   0: 3 0x800066a6 (0x00b70563)
core   0: 0x800066aa (0x02f790b3) mulh    ra, a5, a5
core   0: 3 0x800066aa (0x02f790b3) x 1 0x3ffde1a0
core   0: 0x800066ae (0x00008f39) c.xor   a4, a4
core   0: 3 0x800066ae (0x8f39) x14 0x00000000
core   0: 0x800066b0 (0x02090bb3) mul     s7, s2, zero
core   0: 3 0x800066b0 (0x02090bb3) x23 0x00000000
core   0: 0x800066b4 (0x00a62b33) slt     s6, a2, a0
core   0: 3 0x800066b4 (0x00a62b33) x22 0x00000001
core   0: 0x800066b8 (0x0ff0000f) fence   iorw,iorw
core   0: 3 0x800066b8 (0x0ff0000f)
core   0: 0x800066bc (0x030150b3) divu    ra, sp, a6
core   0: 3 0x800066bc (0x030150b3) x 1 0x00000000
core   0: 0x800066c0 (0x00009ce6) c.add   s9, s9
core   0: 3 0x800066c0 (0x9ce6) x25 0x00000002
core   0: 0x800066c2 (0x02ecef33) rem     t5, s9, a4
core   0: 3 0x800066c2 (0x02ecef33) x30 0x00000002
core   0: 0x800066c6 (0x00004bd1) c.li    s7, 20
core   0: 3 0x800066c6 (0x4bd1) x23 0x00000014
core   0: 0x800066c8 (0x000089a5) c.andi  a1, 9
core   0: 3 0x800066c8 (0x89a5) x11 0x00000008
core   0: 0x800066ca (0x00008db1) c.xor   a1, a2
core   0: 3 0x800066ca (0x8db1) x11 0x00000468
core   0: 0x800066cc (0x00009b7d) c.andi  a4, -1
core   0: 3 0x800066cc (0x9b7d) x14 0x00000000
core   0: 0x800066ce (0x00005ffd) c.li    t6, -1
core   0: 3 0x800066ce (0x5ffd) x31 0xffffffff
core   0: 0x800066d0 (0x03913333) mulhu   t1, sp, s9
core   0: 3 0x800066d0 (0x03913333) x 6 0x00000000
core   0: 0x800066d4 (0x0359ca63) blt     s3, s5, pc + 52
core   0: 3 0x800066d4 (0x0359ca63)
core   0: 0x800066d8 (0x01507663) bgeu    zero, s5, pc + 12
core   0: 3 0x800066d8 (0x01507663)
core   0: 0x800066dc (0x01a676b3) and     a3, a2, s10
core   0: 3 0x800066dc (0x01a676b3) x13 0x00000000
core   0: 0x800066e0 (0x01ea7263) bgeu    s4, t5, pc + 4
core   0: 3 0x800066e0 (0x01ea7263)
core   0: 0x800066e4 (0x02184cb3) div     s9, a6, ra
core   0: 3 0x800066e4 (0x02184cb3) x25 0xffffffff
core   0: 0x800066e8 (0x00ad8933) add     s2, s11, a0
core   0: 3 0x800066e8 (0x00ad8933) x18 0x3d3ba2e3
core   0: 0x800066ec (0x0000058a) c.slli  a1, 2
core   0: 3 0x800066ec (0x058a) x11 0x000011a0
core   0: 0x800066ee (0x021cb5b3) mulhu   a1, s9, ra
core   0: 3 0x800066ee (0x021cb5b3) x11 0x00000000
core   0: 0x800066f2 (0x00af1863) bne     t5, a0, pc + 16
core   0: 3 0x800066f2 (0x00af1863)
core   0: 0x80006702 (0x0000c989) c.beqz  a1, pc + 18
core   0: 3 0x80006702 (0xc989)
core   0: 0x80006714 (0x0000717d) c.addi16sp sp, -16
core   0: 3 0x80006714 (0x717d) x 2 0x00000140
core   0: 0x80006716 (0xd1a33193) sltiu   gp, t1, -742
core   0: 3 0x80006716 (0xd1a33193) x 3 0x00000001
core   0: 0x8000671a (0x000052fd) c.li    t0, -1
core   0: 3 0x8000671a (0x52fd) x 5 0xffffffff
core   0: 0x8000671c (0x02b10e33) mul     t3, sp, a1
core   0: 3 0x8000671c (0x02b10e33) x28 0x00000000
core   0: 0x80006720 (0x00008cbd) c.xor   s1, a5
core   0: 3 0x80006720 (0x8cbd) x 9 0x00000001
core   0: 0x80006722 (0x021b2633) mulhsu  a2, s6, ra
core   0: 3 0x80006722 (0x021b2633) x12 0x00000000
core   0: 0x80006726 (0x00008776) c.mv    a4, t4
core   0: 3 0x80006726 (0x8776) x14 0x00000150
core   0: 0x80006728 (0x0498f363) bgeu    a7, s1, pc + 70
core   0: 3 0x80006728 (0x0498f363)
core   0: 0x8000676e (0x0297c033) div     zero, a5, s1
core   0: 3 0x8000676e (0x0297c033)
core   0: 0x80006772 (0xe9c10013) addi    zero, sp, -356
core   0: 3 0x80006772 (0xe9c10013)
core   0: 0x80006776 (0x014f3733) sltu    a4, t5, s4
core   0: 3 0x80006776 (0x014f3733) x14 0x00000001
core   0: 0x8000677a (0x00308963) beq     ra, gp, pc + 18
core   0: 3 0x8000677a (0x00308963)
core   0: 0x8000677e (0x02a68763) beq     a3, a0, pc + 46
core   0: 3 0x8000677e (0x02a68763)
core   0: 0x80006782 (0x00008f96) c.mv    t6, t0
core   0: 3 0x80006782 (0x8f96) x31 0xffffffff
core   0: 0x80006784 (0x01715933) srl     s2, sp, s7
core   0: 3 0x80006784 (0x01715933) x18 0x00000000
core   0: 0x80006788 (0xe1e03c93) sltiu   s9, zero, -482
core   0: 3 0x80006788 (0xe1e03c93) x25 0x00000001
core   0: 0x8000678c (0x013cf563) bgeu    s9, s3, pc + 10
core   0: 3 0x8000678c (0x013cf563)
core   0: 0x80006790 (0x41eb0733) sub     a4, s6, t5
core   0: 3 0x80006790 (0x41eb0733) x14 0xffffffff
core   0: 0x80006794 (0x00008212) c.mv    tp, tp
core   0: 3 0x80006794 (0x8212) x 4 0x00077700
core   0: 0x80006796 (0x000099c6) c.add   s3, a7
core   0: 3 0x80006796 (0x99c6) x19 0x7ffc5d49
core   0: 0x80006798 (0x01912ab3) slt     s5, sp, s9
core   0: 3 0x80006798 (0x01912ab3) x21 0x00000000
core   0: 0x8000679c (0x02fb0c63) beq     s6, a5, pc + 56
core   0: 3 0x8000679c (0x02fb0c63)
core   0: 0x800067a0 (0xe6db4e97) auipc   t4, 0xe6db4
core   0: 3 0x800067a0 (0xe6db4e97) x29 0x66dba7a0
core   0: 0x800067a4 (0x008808b3) add     a7, a6, s0
core   0: 3 0x800067a4 (0x008808b3) x17 0xffffff0d
core   0: 0x800067a8 (0x00009532) c.add   a0, a2
core   0: 3 0x800067a8 (0x9532) x10 0x3d373000
core   0: 0x800067aa (0x000065c1) c.lui   a1, 0x10
core   0: 3 0x800067aa (0x65c1) x11 0x00010000
core   0: 0x800067ac (0x0363b3b3) mulhu   t2, t2, s6
core   0: 3 0x800067ac (0x0363b3b3) x 7 0x00000000
core   0: 0x800067b0 (0x00008c89) c.sub   s1, a0
core   0: 3 0x800067b0 (0x8c89) x 9 0xc2c8d001
core   0: 0x800067b2 (0x0369f733) remu    a4, s3, s6
core   0: 3 0x800067b2 (0x0369f733) x14 0x00000000
core   0: 0x800067b6 (0x4145de93) srai    t4, a1, 20
core   0: 3 0x800067b6 (0x4145de93) x29 0x00000000
core   0: 0x800067ba (0x4bc951b7) lui     gp, 0x4bc95
core   0: 3 0x800067ba (0x4bc951b7) x 3 0x4bc95000
core   0: 0x800067be (0x00008812) c.mv    a6, tp
core   0: 3 0x800067be (0x8812) x16 0x00077700
core   0: 0x800067c0 (0x00008171) c.srli  a0, 28
core   0: 3 0x800067c0 (0x8171) x10 0x00000003
core   0: 0x800067c2 (0x41ead713) srai    a4, s5, 30
core   0: 3 0x800067c2 (0x41ead713) x14 0x00000000
core   0: 0x800067c6 (0x00008595) c.srai  a1, 5
core   0: 3 0x800067c6 (0x8595) x11 0x00000800
core   0: 0x800067c8 (0x00020bb3) add     s7, tp, zero
core   0: 3 0x800067c8 (0x00020bb3) x23 0x00077700
core   0: 0x800067cc (0x0000844d) c.srai  s0, 19
core   0: 3 0x800067cc (0x844d) x 8 0x00000000
core   0: 0x800067ce (0x41110d33) sub     s10, sp, a7
core   0: 3 0x800067ce (0x41110d33) x26 0x00000233
core   0: 0x800067d2 (0x0000c581) c.beqz  a1, pc + 8
core   0: 3 0x800067d2 (0xc581)
core   0: 0x800067d4 (0x025f28b3) mulhsu  a7, t5, t0
core   0: 3 0x800067d4 (0x025f28b3) x17 0x00000001
core   0: 0x800067d8 (0x00006f85) c.lui   t6, 0x1
core   0: 3 0x800067d8 (0x6f85) x31 0x00001000
core   0: 0x800067da (0x41a35f13) srai    t5, t1, 26
core   0: 3 0x800067da (0x41a35f13) x30 0x00000000
core   0: 0x800067de (0x00000206) c.slli  tp, 1
core   0: 3 0x800067de (0x0206) x 4 0x000eee00
core   0: 0x800067e0 (0x007a9133) sll     sp, s5, t2
core   0: 3 0x800067e0 (0x007a9133) x 2 0x00000000
core   0: 0x800067e4 (0x03e17a63) bgeu    sp, t5, pc + 52
core   0: 3 0x800067e4 (0x03e17a63)
core   0: 0x80006818 (0x03937763) bgeu    t1, s9, pc + 46
core   0: 3 0x80006818 (0x03937763)
core   0: 0x8000681c (0x00004f11) c.li    t5, 4
core   0: 3 0x8000681c (0x4f11) x30 0x00000004
core   0: 0x8000681e (0x8c170d93) addi    s11, a4, -1855
core   0: 3 0x8000681e (0x8c170d93) x27 0xfffff8c1
core   0: 0x80006822 (0x0000cf11) c.beqz  a4, pc + 28
core   0: 3 0x80006822 (0xcf11)
core   0: 0x8000683e (0x00008f39) c.xor   a4, a4
core   0: 3 0x8000683e (0x8f39) x14 0x00000000
core   0: 0x80006840 (0x00008f51) c.or    a4, a2
core   0: 3 0x80006840 (0x8f51) x14 0x00000000
core   0: 0x80006842 (0x417d5833) sra     a6, s10, s7
core   0: 3 0x80006842 (0x417d5833) x16 0x00000233
core   0: 0x80006846 (0x0000cb15) c.beqz  a4, pc + 52
core   0: 3 0x80006846 (0xcb15)
core   0: 0x8000687a (0x02eb6d33) rem     s10, s6, a4
core   0: 3 0x8000687a (0x02eb6d33) x26 0x00000001
core   0: 0x8000687e (0x02d83b33) mulhu   s6, a6, a3
core   0: 3 0x8000687e (0x02d83b33) x22 0x00000000
core   0: 0x80006882 (0x027071b3) remu    gp, zero, t2
core   0: 3 0x80006882 (0x027071b3) x 3 0x00000000
core   0: 0x80006886 (0xe67ff813) andi    a6, t6, -409
core   0: 3 0x80006886 (0xe67ff813) x16 0x00001000
core   0: 0x8000688a (0x05c57363) bgeu    a0, t3, pc + 70
core   0: 3 0x8000688a (0x05c57363)
core   0: 0x800068d0 (0x035395b3) mulh    a1, t2, s5
core   0: 3 0x800068d0 (0x035395b3) x11 0x00000000
core   0: 0x800068d4 (0x02c4dab3) divu    s5, s1, a2
core   0: 3 0x800068d4 (0x02c4dab3) x21 0xffffffff
core   0: 0x800068d8 (0x00800613) li      a2, 8
core   0: 3 0x800068d8 (0x00800613) x12 0x00000008
core   0: 0x800068dc (0x00001094) c.addi4spn a3, sp, 96
core   0: 3 0x800068dc (0x1094) x13 0x00000060
core   0: 0x800068de (0x0208eab3) rem     s5, a7, zero
core   0: 3 0x800068de (0x0208eab3) x21 0x00000001
core   0: 0x800068e2 (0xff600b13) li      s6, -10
core   0: 3 0x800068e2 (0xff600b13) x22 0xfffffff6
core   0: 0x800068e6 (0x00008f0e) c.mv    t5, gp
core   0: 3 0x800068e6 (0x8f0e) x30 0x00000000
core   0: 0x800068e8 (0x00008c55) c.or    s0, a3
core   0: 3 0x800068e8 (0x8c55) x 8 0x00000060
core   0: 0x800068ea (0x0211fcb3) remu    s9, gp, ra
core   0: 3 0x800068ea (0x0211fcb3) x25 0x00000000
core   0: 0x800068ee (0x0000165d) c.addi  a2, -9
core   0: 3 0x800068ee (0x165d) x12 0xffffffff
core   0: 0x800068f0 (0x0170d1b3) srl     gp, ra, s7
core   0: 3 0x800068f0 (0x0170d1b3) x 3 0x00000000
core   0: 0x800068f4 (0xff660ae3) beq     a2, s6, pc - 12
core   0: 3 0x800068f4 (0xff660ae3)
core   0: 0x800068f8 (0x0000178c) c.addi4spn a1, sp, 992
core   0: 3 0x800068f8 (0x178c) x11 0x000003e0
core   0: 0x800068fa (0x40a603b3) sub     t2, a2, a0
core   0: 3 0x800068fa (0x40a603b3) x 7 0xfffffffc
core   0: 0x800068fe (0x039ea333) mulhsu  t1, t4, s9
core   0: 3 0x800068fe (0x039ea333) x 6 0x00000000
core   0: 0x80006902 (0x03704463) blt     zero, s7, pc + 40
core   0: 3 0x80006902 (0x03704463)
core   0: 0x8000692a (0x03eed333) divu    t1, t4, t5
core   0: 3 0x8000692a (0x03eed333) x 6 0xffffffff
core   0: 0x8000692e (0x41825693) srai    a3, tp, 24
core   0: 3 0x8000692e (0x41825693) x13 0x00000000
core   0: 0x80006932 (0x6786ef93) ori     t6, a3, 1656
core   0: 3 0x80006932 (0x6786ef93) x31 0x00000678
core   0: 0x80006936 (0x00004165) c.li    sp, 25
core   0: 3 0x80006936 (0x4165) x 2 0x00000019
core   0: 0x80006938 (0x00898b63) beq     s3, s0, pc + 22
core   0: 3 0x80006938 (0x00898b63)
core   0: 0x8000693c (0x00000001) c.nop
core   0: 3 0x8000693c (0x0001)
core   0: 0x8000693e (0x0000981a) c.add   a6, t1
core   0: 3 0x8000693e (0x981a) x16 0x00000fff
core   0: 0x80006940 (0x00000001) c.nop
core   0: 3 0x80006940 (0x0001)
core   0: 0x80006942 (0x418ff297) auipc   t0, 0x418ff
core   0: 3 0x80006942 (0x418ff297) x 5 0xc1905942
core   0: 0x80006946 (0x00a81593) slli    a1, a6, 10
core   0: 3 0x80006946 (0x00a81593) x11 0x003ffc00
core   0: 0x8000694a (0x001f3e33) sltu    t3, t5, ra
core   0: 3 0x8000694a (0x001f3e33) x28 0x00000000
core   0: 0x8000694e (0x0000e481) c.bnez  s1, pc + 8
core   0: 3 0x8000694e (0xe481)
core   0: 0x80006956 (0x00eb7b33) and     s6, s6, a4
core   0: 3 0x80006956 (0x00eb7b33) x22 0x00000000
core   0: 0x8000695a (0x028da233) mulhsu  tp, s11, s0
core   0: 3 0x8000695a (0x028da233) x 4 0xffffffff
core   0: 0x8000695e (0x021def33) rem     t5, s11, ra
core   0: 3 0x8000695e (0x021def33) x30 0xfffff8c1
core   0: 0x80006962 (0x01cb6d63) bltu    s6, t3, pc + 26
core   0: 3 0x80006962 (0x01cb6d63)
core   0: 0x80006966 (0x02e5d333) divu    t1, a1, a4
core   0: 3 0x80006966 (0x02e5d333) x 6 0xffffffff
core   0: 0x8000696a (0x02203333) mulhu   t1, zero, sp
core   0: 3 0x8000696a (0x02203333) x 6 0x00000000
core   0: 0x8000696e (0x406d8e33) sub     t3, s11, t1
core   0: 3 0x8000696e (0x406d8e33) x28 0xfffff8c1
core   0: 0x80006972 (0x40a1dcb3) sra     s9, gp, a0
core   0: 3 0x80006972 (0x40a1dcb3) x25 0x00000000
core   0: 0x80006976 (0x0ff0000f) fence   iorw,iorw
core   0: 3 0x80006976 (0x0ff0000f)
core   0: 0x8000697a (0x00000001) c.nop
core   0: 3 0x8000697a (0x0001)
core   0: 0x8000697c (0x00008765) c.srai  a4, 25
core   0: 3 0x8000697c (0x8765) x14 0x00000000
core   0: 0x8000697e (0x0000100f) fence.i
core   0: 3 0x8000697e (0x0000100f)
core   0: 0x80006982 (0x03738d33) mul     s10, t2, s7
core   0: 3 0x80006982 (0x03738d33) x26 0xffe22400
core   0: 0x80006986 (0x00000001) c.nop
core   0: 3 0x80006986 (0x0001)
core   0: 0x80006988 (0x5be64e93) xori    t4, a2, 1470
core   0: 3 0x80006988 (0x5be64e93) x29 0xfffffa41
core   0: 0x8000698c (0x0047c463) blt     a5, tp, pc + 8
core   0: 3 0x8000698c (0x0047c463)
core   0: 0x80006994 (0x0000100f) fence.i
core   0: 3 0x80006994 (0x0000100f)
core   0: 0x80006998 (0x005b1633) sll     a2, s6, t0
core   0: 3 0x80006998 (0x005b1633) x12 0x00000000
core   0: 0x8000699c (0x2aa9f993) andi    s3, s3, 682
core   0: 3 0x8000699c (0x2aa9f993) x19 0x00000008
core   0: 0x800069a0 (0x017e1463) bne     t3, s7, pc + 8
core   0: 3 0x800069a0 (0x017e1463)
core   0: 0x800069a8 (0x00c41633) sll     a2, s0, a2
core   0: 3 0x800069a8 (0x00c41633) x12 0x00000060
core   0: 0x800069ac (0x00008c55) c.or    s0, a3
core   0: 3 0x800069ac (0x8c55) x 8 0x00000060
core   0: 0x800069ae (0x002b13b3) sll     t2, s6, sp
core   0: 3 0x800069ae (0x002b13b3) x 7 0x00000000
core   0: 0x800069b2 (0x0ba7ce63) blt     a5, s10, pc + 188
core   0: 3 0x800069b2 (0x0ba7ce63)
core   0: 0x80006a6e (0x0ff0000f) fence   iorw,iorw
core   0: 3 0x80006a6e (0x0ff0000f)
core   0: 0x80006a72 (0x00e6d633) srl     a2, a3, a4
core   0: 3 0x80006a72 (0x00e6d633) x12 0x00000000
core   0: 0x80006a76 (0x00008d7d) c.and   a0, a5
core   0: 3 0x80006a76 (0x8d7d) x10 0x00000000
core   0: 0x80006a78 (0x09408493) addi    s1, ra, 148
core   0: 3 0x80006a78 (0x09408493) x 9 0x00000094
core   0: 0x80006a7c (0x0000100f) fence.i
core   0: 3 0x80006a7c (0x0000100f)
core   0: 0x80006a80 (0x008da9b3) slt     s3, s11, s0
core   0: 3 0x80006a80 (0x008da9b3) x19 0x00000001
core   0: 0x80006a84 (0x00007b63) bgeu    zero, zero, pc + 22
core   0: 3 0x80006a84 (0x00007b63)
core   0: 0x80006a9a (0x01540463) beq     s0, s5, pc + 8
core   0: 3 0x80006a9a (0x01540463)
core   0: 0x80006a9e (0x00008e41) c.or    a2, s0
core   0: 3 0x80006a9e (0x8e41) x12 0x00000060
core   0: 0x80006aa0 (0x000082c5) c.srli  a3, 17
core   0: 3 0x80006aa0 (0x82c5) x13 0x00000000
core   0: 0x80006aa2 (0x0000c701) c.beqz  a4, pc + 8
core   0: 3 0x80006aa2 (0xc701)
core   0: 0x80006aaa (0x0ff0000f) fence   iorw,iorw
core   0: 3 0x80006aaa (0x0ff0000f)
core   0: 0x80006aae (0x0000187d) c.addi  a6, -1
core   0: 3 0x80006aae (0x187d) x16 0x00000ffe
core   0: 0x80006ab0 (0x000082fe) c.mv    t0, t6
core   0: 3 0x80006ab0 (0x82fe) x 5 0x00000678
core   0: 0x80006ab2 (0x0ff0000f) fence   iorw,iorw
core   0: 3 0x80006ab2 (0x0ff0000f)
core   0: 0x80006ab6 (0x40e2d333) sra     t1, t0, a4
core   0: 3 0x80006ab6 (0x40e2d333) x 6 0x00000678
core   0: 0x80006aba (0x00008025) c.srli  s0, 9
core   0: 3 0x80006aba (0x8025) x 8 0x00000000
core   0: 0x80006abc (0x3901ae93) slti    t4, gp, 912
core   0: 3 0x80006abc (0x3901ae93) x29 0x00000001
core   0: 0x80006ac0 (0x013e1cb3) sll     s9, t3, s3
core   0: 3 0x80006ac0 (0x013e1cb3) x25 0xfffff182
core   0: 0x80006ac4 (0x00000001) c.nop
core   0: 3 0x80006ac4 (0x0001)
core   0: 0x80006ac6 (0x00006199) c.lui   gp, 0x6
core   0: 3 0x80006ac6 (0x6199) x 3 0x00006000
core   0: 0x80006ac8 (0x0246cdb3) div     s11, a3, tp
core   0: 3 0x80006ac8 (0x0246cdb3) x27 0x00000000
core   0: 0x80006acc (0x0000c819) c.beqz  s0, pc + 22
core   0: 3 0x80006acc (0xc819)
core   0: 0x80006ae2 (0x41c5db33) sra     s6, a1, t3
core   0: 3 0x80006ae2 (0x41c5db33) x22 0x001ffe00
core   0: 0x80006ae6 (0x018cc0b3) xor     ra, s9, s8
core   0: 3 0x80006ae6 (0x018cc0b3) x 1 0x020c35d9
core   0: 0x80006aea (0x001e5613) srli    a2, t3, 1
core   0: 3 0x80006aea (0x001e5613) x12 0x7ffffc60
core   0: 0x80006aee (0xb20d6593) ori     a1, s10, -1248
core   0: 3 0x80006aee (0xb20d6593) x11 0xffffff20
core   0: 0x80006af2 (0x009e9763) bne     t4, s1, pc + 14
core   0: 3 0x80006af2 (0x009e9763)
core   0: 0x80006b00 (0x382c1c97) auipc   s9, 0x382c1
core   0: 3 0x80006b00 (0x382c1c97) x25 0xb82c7b00
core   0: 0x80006b04 (0x00515333) srl     t1, sp, t0
core   0: 3 0x80006b04 (0x00515333) x 6 0x00000000
core   0: 0x80006b08 (0x409ed313) srai    t1, t4, 9
core   0: 3 0x80006b08 (0x409ed313) x 6 0x00000000
core   0: 0x80006b0c (0x01311e63) bne     sp, s3, pc + 28
core   0: 3 0x80006b0c (0x01311e63)
core   0: 0x80006b28 (0x0000147d) c.addi  s0, -1
core   0: 3 0x80006b28 (0x147d) x 8 0xffffffff
core   0: 0x80006b2a (0x0000987d) c.andi  s0, -1
core   0: 3 0x80006b2a (0x987d) x 8 0xffffffff
core   0: 0x80006b2c (0x8ee48d93) addi    s11, s1, -1810
core   0: 3 0x80006b2c (0x8ee48d93) x27 0xfffff982
core   0: 0x80006b30 (0xc163e993) ori     s3, t2, -1002
core   0: 3 0x80006b30 (0xc163e993) x19 0xfffffc16
core   0: 0x80006b34 (0x008e7833) and     a6, t3, s0
core   0: 3 0x80006b34 (0x008e7833) x16 0xfffff8c1
core   0: 0x80006b38 (0x00009e6e) c.add   t3, s11
core   0: 3 0x80006b38 (0x9e6e) x28 0xfffff243
core   0: 0x80006b3a (0x00c9efb3) or      t6, s3, a2
core   0: 3 0x80006b3a (0x00c9efb3) x31 0xfffffc76
core   0: 0x80006b3e (0x01ed9b33) sll     s6, s11, t5
core   0: 3 0x80006b3e (0x01ed9b33) x22 0xfffff304
core   0: 0x80006b42 (0x0079d413) srli    s0, s3, 7
core   0: 3 0x80006b42 (0x0079d413) x 8 0x01fffff8
core   0: 0x80006b46 (0x018f1013) slli    zero, t5, 24
core   0: 3 0x80006b46 (0x018f1013)
core   0: 0x80006b4a (0x000e5313) srli    t1, t3, 0
core   0: 3 0x80006b4a (0x000e5313) x 6 0xfffff243
core   0: 0x80006b4e (0x00006111) c.addi16sp sp, 256
core   0: 3 0x80006b4e (0x6111) x 2 0x00000119
core   0: 0x80006b50 (0x01bf44b3) xor     s1, t5, s11
core   0: 3 0x80006b50 (0x01bf44b3) x 9 0x00000143
core   0: 0x80006b54 (0x000089c6) c.mv    s3, a7
core   0: 3 0x80006b54 (0x89c6) x19 0x00000001
core   0: 0x80006b56 (0x3f03e893) ori     a7, t2, 1008
core   0: 3 0x80006b56 (0x3f03e893) x17 0x000003f0
core   0: 0x80006b5a (0x00f518b3) sll     a7, a0, a5
core   0: 3 0x80006b5a (0x00f518b3) x17 0x00000000
core   0: 0x80006b5e (0x3294a393) slti    t2, s1, 809
core   0: 3 0x80006b5e (0x3294a393) x 7 0x00000001
core   0: 0x80006b62 (0x03ae5163) bge     t3, s10, pc + 34
core   0: 3 0x80006b62 (0x03ae5163)
core   0: 0x80006b84 (0x7266be93) sltiu   t4, a3, 1830
core   0: 3 0x80006b84 (0x7266be93) x29 0x00000001
core   0: 0x80006b88 (0x00008731) c.srai  a4, 12
core   0: 3 0x80006b88 (0x8731) x14 0x00000000
core   0: 0x80006b8a (0x01071c93) slli    s9, a4, 16
core   0: 3 0x80006b8a (0x01071c93) x25 0x00000000
core   0: 0x80006b8e (0x01254733) xor     a4, a0, s2
core   0: 3 0x80006b8e (0x01254733) x14 0x00000000
core   0: 0x80006b92 (0x00159013) slli    zero, a1, 1
core   0: 3 0x80006b92 (0x00159013)
core   0: 0x80006b96 (0x0000c981) c.beqz  a1, pc + 16
core   0: 3 0x80006b96 (0xc981)
core   0: 0x80006b98 (0x002fb3b3) sltu    t2, t6, sp
core   0: 3 0x80006b98 (0x002fb3b3) x 7 0x00000000
core   0: 0x80006b9c (0x00008f3d) c.xor   a4, a5
core   0: 3 0x80006b9c (0x8f3d) x14 0x80021e64
core   0: 0x80006b9e (0x054be563) bltu    s7, s4, pc + 74
core   0: 3 0x80006b9e (0x054be563)
core   0: 0x80006be8 (0x902ca913) slti    s2, s9, -1790
core   0: 3 0x80006be8 (0x902ca913) x18 0x00000000
core   0: 0x80006bec (0x00008d0d) c.sub   a0, a1
core   0: 3 0x80006bec (0x8d0d) x10 0x000000e0
core   0: 0x80006bee (0x00008595) c.srai  a1, 5
core   0: 3 0x80006bee (0x8595) x11 0xfffffff9
core   0: 0x80006bf0 (0x6d3d33b7) lui     t2, 0x6d3d3
core   0: 3 0x80006bf0 (0x6d3d33b7) x 7 0x6d3d3000
core   0: 0x80006bf4 (0x00000884) c.addi4spn s1, sp, 80
core   0: 3 0x80006bf4 (0x0884) x 9 0x00000169
core   0: 0x80006bf6 (0x03385833) divu    a6, a6, s3
core   0: 3 0x80006bf6 (0x03385833) x16 0xfffff8c1
core   0: 0x80006bfa (0x00000001) c.nop
core   0: 3 0x80006bfa (0x0001)
core   0: 0x80006bfc (0x000080c9) c.srli  s1, 18
core   0: 3 0x80006bfc (0x80c9) x 9 0x00000000
core   0: 0x80006bfe (0x0000e129) c.bnez  a0, pc + 66
core   0: 3 0x80006bfe (0xe129)
core   0: 0x80006c40 (0x1402ac93) slti    s9, t0, 320
core   0: 3 0x80006c40 (0x1402ac93) x25 0x00000000
core   0: 0x80006c44 (0x00001cfd) c.addi  s9, -1
core   0: 3 0x80006c44 (0x1cfd) x25 0xffffffff
core   0: 0x80006c46 (0x0264d533) divu    a0, s1, t1
core   0: 3 0x80006c46 (0x0264d533) x10 0x00000000
core   0: 0x80006c4a (0x02fb8db3) mul     s11, s7, a5
core   0: 3 0x80006c4a (0x02fb8db3) x27 0xd0dc7c00
core   0: 0x80006c4e (0x01aa69b3) or      s3, s4, s10
core   0: 3 0x80006c4e (0x01aa69b3) x19 0xffe27ce4
core   0: 0x80006c52 (0x00008c89) c.sub   s1, a0
core   0: 3 0x80006c52 (0x8c89) x 9 0x00000000
core   0: 0x80006c54 (0x00008da9) c.xor   a1, a0
core   0: 3 0x80006c54 (0x8da9) x11 0xfffffff9
core   0: 0x80006c56 (0x0285f5b3) remu    a1, a1, s0
core   0: 3 0x80006c56 (0x0285f5b3) x11 0x000003f9
core   0: 0x80006c5a (0x01df98b3) sll     a7, t6, t4
core   0: 3 0x80006c5a (0x01df98b3) x17 0xfffff8ec
core   0: 0x80006c5e (0x00008f09) c.sub   a4, a0
core   0: 3 0x80006c5e (0x8f09) x14 0x80021e64
core   0: 0x80006c60 (0x01c86d63) bltu    a6, t3, pc + 26
core   0: 3 0x80006c60 (0x01c86d63)
core   0: 0x80006c64 (0x00006925) c.lui   s2, 0x9
core   0: 3 0x80006c64 (0x6925) x18 0x00009000
core   0: 0x80006c66 (0x002a5f33) srl     t5, s4, sp
core   0: 3 0x80006c66 (0x002a5f33) x30 0x00000040
core   0: 0x80006c6a (0x02868cb3) mul     s9, a3, s0
core   0: 3 0x80006c6a (0x02868cb3) x25 0x00000000
core   0: 0x80006c6e (0x019f6663) bltu    t5, s9, pc + 12
core   0: 3 0x80006c6e (0x019f6663)
core   0: 0x80006c72 (0x012be133) or      sp, s7, s2
core   0: 3 0x80006c72 (0x012be133) x 2 0x0007f700
core   0: 0x80006c76 (0x02b6a2b3) mulhsu  t0, a3, a1
core   0: 3 0x80006c76 (0x02b6a2b3) x 5 0x00000000
core   0: 0x80006c7a (0x00008f86) c.mv    t6, ra
core   0: 3 0x80006c7a (0x8f86) x31 0x020c35d9
core   0: 0x80006c7c (0x4b9ca213) slti    tp, s9, 1209
core   0: 3 0x80006c7c (0x4b9ca213) x 4 0x00000001
core   0: 0x80006c80 (0x413bde93) srai    t4, s7, 19
core   0: 3 0x80006c80 (0x413bde93) x29 0x00000000
core   0: 0x80006c84 (0x00008f79) c.and   a4, a4
core   0: 3 0x80006c84 (0x8f79) x14 0x80021e64
core   0: 0x80006c86 (0x0000c499) c.beqz  s1, pc + 14
core   0: 3 0x80006c86 (0xc499)
core   0: 0x80006c94 (0x014cd963) bge     s9, s4, pc + 18
core   0: 3 0x80006c94 (0x014cd963)
core   0: 0x80006ca6 (0x00b26733) or      a4, tp, a1
core   0: 3 0x80006ca6 (0x00b26733) x14 0x000003f9
core   0: 0x80006caa (0x000094ce) c.add   s1, s3
core   0: 3 0x80006caa (0x94ce) x 9 0xffe27ce4
core   0: 0x80006cac (0x01bd9763) bne     s11, s11, pc + 14
core   0: 3 0x80006cac (0x01bd9763)
core   0: 0x80006cb0 (0x00000001) c.nop
core   0: 3 0x80006cb0 (0x0001)
core   0: 0x80006cb2 (0x41760ab3) sub     s5, a2, s7
core   0: 3 0x80006cb2 (0x41760ab3) x21 0x7ff88560
core   0: 0x80006cb6 (0x41f48eb3) sub     t4, s1, t6
core   0: 3 0x80006cb6 (0x41f48eb3) x29 0xfdd6470b
core   0: 0x80006cba (0x40d8d593) srai    a1, a7, 13
core   0: 3 0x80006cba (0x40d8d593) x11 0xffffffff
core   0: 0x80006cbe (0x4159df13) srai    t5, s3, 21
core   0: 3 0x80006cbe (0x4159df13) x30 0xffffffff
core   0: 0x80006cc2 (0x008b19b3) sll     s3, s6, s0
core   0: 3 0x80006cc2 (0x008b19b3) x19 0x04000000
core   0: 0x80006cc6 (0x035004b3) mul     s1, zero, s5
core   0: 3 0x80006cc6 (0x035004b3) x 9 0x00000000
core   0: 0x80006cca (0x003d5693) srli    a3, s10, 3
core   0: 3 0x80006cca (0x003d5693) x13 0x1ffc4480
core   0: 0x80006cce (0x03f7abb3) mulhsu  s7, a5, t6
core   0: 3 0x80006cce (0x03f7abb3) x23 0xfef9e96a
core   0: 0x80006cd2 (0x000009ee) c.slli  s3, 27
core   0: 3 0x80006cd2 (0x09ee) x19 0x00000000
core   0: 0x80006cd4 (0x0257e293) ori     t0, a5, 37
core   0: 3 0x80006cd4 (0x0257e293) x 5 0x80021e65
core   0: 0x80006cd8 (0xbb2f3493) sltiu   s1, t5, -1102
core   0: 3 0x80006cd8 (0xbb2f3493) x 9 0x00000000
core   0: 0x80006cdc (0x00004e1d) c.li    t3, 7
core   0: 3 0x80006cdc (0x4e1d) x28 0x00000007
core   0: 0x80006cde (0x030113b3) mulh    t2, sp, a6
core   0: 3 0x80006cde (0x030113b3) x 7 0xffffffff
core   0: 0x80006ce2 (0x00008091) c.srli  s1, 4
core   0: 3 0x80006ce2 (0x8091) x 9 0x00000000
core   0: 0x80006ce4 (0x0000e00d) c.bnez  s0, pc + 34
core   0: 3 0x80006ce4 (0xe00d)
core   0: 0x80006d06 (0x000054fd) c.li    s1, -1
core   0: 3 0x80006d06 (0x54fd) x 9 0xffffffff
core   0: 0x80006d08 (0x0000c901) c.beqz  a0, pc + 16
core   0: 3 0x80006d08 (0xc901)
core   0: 0x80006d18 (0x00008c09) c.sub   s0, a0
core   0: 3 0x80006d18 (0x8c09) x 8 0x01fffff8
core   0: 0x80006d1a (0x00008c21) c.xor   s0, s0
core   0: 3 0x80006d1a (0x8c21) x 8 0x00000000
core   0: 0x80006d1c (0x02135e33) divu    t3, t1, ra
core   0: 3 0x80006d1c (0x02135e33) x28 0x0000007d
core   0: 0x80006d20 (0x00008c09) c.sub   s0, a0
core   0: 3 0x80006d20 (0x8c09) x 8 0x00000000
core   0: 0x80006d22 (0x00dfde13) srli    t3, t6, 13
core   0: 3 0x80006d22 (0x00dfde13) x28 0x00001061
core   0: 0x80006d26 (0x74a9a713) slti    a4, s3, 1866
core   0: 3 0x80006d26 (0x74a9a713) x14 0x00000001
core   0: 0x80006d2a (0x0000897a) c.mv    s2, t5
core   0: 3 0x80006d2a (0x897a) x18 0xffffffff
core   0: 0x80006d2c (0x000008b9) c.addi  a7, 14
core   0: 3 0x80006d2c (0x08b9) x17 0xfffff8fa
core   0: 0x80006d2e (0x41af55b3) sra     a1, t5, s10
core   0: 3 0x80006d2e (0x41af55b3) x11 0xffffffff
core   0: 0x80006d32 (0x00000001) c.nop
core   0: 3 0x80006d32 (0x0001)
core   0: 0x80006d34 (0x02a39763) bne     t2, a0, pc + 46
core   0: 3 0x80006d34 (0x02a39763)
core   0: 0x80006d62 (0x00008db5) c.xor   a1, a3
core   0: 3 0x80006d62 (0x8db5) x11 0xe003bb7f
core   0: 0x80006d64 (0x032dda63) bge     s11, s2, pc + 52
core   0: 3 0x80006d64 (0x032dda63)
core   0: 0x80006d68 (0x01487fb3) and     t6, a6, s4
core   0: 3 0x80006d68 (0x01487fb3) x31 0x800258c0
core   0: 0x80006d6c (0x00008edd) c.or    a3, a5
core   0: 3 0x80006d6c (0x8edd) x13 0x9ffe5ee4
core   0: 0x80006d6e (0x01830563) beq     t1, s8, pc + 10
core   0: 3 0x80006d6e (0x01830563)
core   0: 0x80006d72 (0x95580517) auipc   a0, 0x95580
core   0: 3 0x80006d72 (0x95580517) x10 0x15586d72
core   0: 0x80006d76 (0x00000001) c.nop
core   0: 3 0x80006d76 (0x0001)
core   0: 0x80006d78 (0x000069cd) c.lui   s3, 0x13
core   0: 3 0x80006d78 (0x69cd) x19 0x00013000
core   0: 0x80006d7a (0x0352efb3) rem     t6, t0, s5
core   0: 3 0x80006d7a (0x0352efb3) x31 0xfffaa3c5
core   0: 0x80006d7e (0x6fe9fb13) andi    s6, s3, 1790
core   0: 3 0x80006d7e (0x6fe9fb13) x22 0x00000000
core   0: 0x80006d82 (0x01be7233) and     tp, t3, s11
core   0: 3 0x80006d82 (0x01be7233) x 4 0x00001000
core   0: 0x80006d86 (0x02279f63) bne     a5, sp, pc + 62
core   0: 3 0x80006d86 (0x02279f63)
core   0: 0x80006dc4 (0xfb900013) li      zero, -71
core   0: 3 0x80006dc4 (0xfb900013)
core   0: 0x80006dc8 (0x41f3dd33) sra     s10, t2, t6
core   0: 3 0x80006dc8 (0x41f3dd33) x26 0xffffffff
core   0: 0x80006dcc (0x0000ee89) c.bnez  a3, pc + 26
core   0: 3 0x80006dcc (0xee89)
core   0: 0x80006de6 (0x00ef2533) slt     a0, t5, a4
core   0: 3 0x80006de6 (0x00ef2533) x10 0x00000001
core   0: 0x80006dea (0x414389b3) sub     s3, t2, s4
core   0: 3 0x80006dea (0x414389b3) x19 0x7ffda31b
core   0: 0x80006dee (0x013a5213) srli    tp, s4, 19
core   0: 3 0x80006dee (0x013a5213) x 4 0x00001000
core   0: 0x80006df2 (0x037ef333) remu    t1, t4, s7
core   0: 3 0x80006df2 (0x037ef333) x 6 0xfdd6470b
core   0: 0x80006df6 (0x0000e009) c.bnez  s0, pc + 2
core   0: 3 0x80006df6 (0xe009)
core   0: 0x80006df8 (0x0000e485) c.bnez  s1, pc + 40
core   0: 3 0x80006df8 (0xe485)
core   0: 0x80006e20 (0x01fb1193) slli    gp, s6, 31
core   0: 3 0x80006e20 (0x01fb1193) x 3 0x00000000
core   0: 0x80006e24 (0x00388133) add     sp, a7, gp
core   0: 3 0x80006e24 (0x00388133) x 2 0xfffff8fa
core   0: 0x80006e28 (0x0491e263) bltu    gp, s1, pc + 68
core   0: 3 0x80006e28 (0x0491e263)
core   0: 0x80006e6c (0x9df4f237) lui     tp, 0x9df4f
core   0: 3 0x80006e6c (0x9df4f237) x 4 0x9df4f000
core   0: 0x80006e70 (0x0000cf05) c.beqz  a4, pc + 56
core   0: 3 0x80006e70 (0xcf05)
core   0: 0x80006e72 (0x037716b3) mulh    a3, a4, s7
core   0: 3 0x80006e72 (0x037716b3) x13 0xffffffff
core   0: 0x80006e76 (0x00006109) c.addi16sp sp, 128
core   0: 3 0x80006e76 (0x6109) x 2 0xfffff97a
core   0: 0x80006e78 (0x019c0663) beq     s8, s9, pc + 12
core   0: 3 0x80006e78 (0x019c0663)
core   0: 0x80006e7c (0x00008cc1) c.or    s1, s0
core   0: 3 0x80006e7c (0x8cc1) x 9 0xffffffff
core   0: 0x80006e7e (0xa6b8bf93) sltiu   t6, a7, -1429
core   0: 3 0x80006e7e (0xa6b8bf93) x31 0x00000001
core   0: 0x80006e82 (0x00008d45) c.or    a0, s1
core   0: 3 0x80006e82 (0x8d45) x10 0xffffffff
core   0: 0x80006e84 (0x6a52cb37) lui     s6, 0x6a52c
core   0: 3 0x80006e84 (0x6a52cb37) x22 0x6a52c000
core   0: 0x80006e88 (0x00004e81) c.li    t4, 0
core   0: 3 0x80006e88 (0x4e81) x29 0x00000000
core   0: 0x80006e8a (0x00001afd) c.addi  s5, -1
core   0: 3 0x80006e8a (0x1afd) x21 0x7ff8855f
core   0: 0x80006e8c (0x0000517d) c.li    sp, -1
core   0: 3 0x80006e8c (0x517d) x 2 0xffffffff
core   0: 0x80006e8e (0x00008d1d) c.sub   a0, a5
core   0: 3 0x80006e8e (0x8d1d) x10 0x7ffde19b
core   0: 0x80006e90 (0x9ad6b913) sltiu   s2, a3, -1619
core   0: 3 0x80006e90 (0x9ad6b913) x18 0x00000000
core   0: 0x80006e94 (0x0000100f) fence.i
core   0: 3 0x80006e94 (0x0000100f)
core   0: 0x80006e98 (0x012f63b3) or      t2, t5, s2
core   0: 3 0x80006e98 (0x012f63b3) x 7 0xffffffff
core   0: 0x80006e9c (0x0000699d) c.lui   s3, 0x7
core   0: 3 0x80006e9c (0x699d) x19 0x00007000
core   0: 0x80006e9e (0x00008ca1) c.xor   s1, s0
core   0: 3 0x80006e9e (0x8ca1) x 9 0xffffffff
core   0: 0x80006ea0 (0x000050fd) c.li    ra, -1
core   0: 3 0x80006ea0 (0x50fd) x 1 0xffffffff
core   0: 0x80006ea2 (0x41998133) sub     sp, s3, s9
core   0: 3 0x80006ea2 (0x41998133) x 2 0x00007000
core   0: 0x80006ea6 (0x00008dc1) c.or    a1, s0
core   0: 3 0x80006ea6 (0x8dc1) x11 0xe003bb7f
core   0: 0x80006ea8 (0x00008719) c.srai  a4, 6
core   0: 3 0x80006ea8 (0x8719) x14 0x00000000
core   0: 0x80006eaa (0x02ef5563) bge     t5, a4, pc + 42
core   0: 3 0x80006eaa (0x02ef5563)
core   0: 0x80006eae (0x00008e39) c.xor   a2, a4
core   0: 3 0x80006eae (0x8e39) x12 0x7ffffc60
core   0: 0x80006eb0 (0x005c5f93) srli    t6, s8, 5
core   0: 3 0x80006eb0 (0x005c5f93) x31 0x07ef9e22
core   0: 0x80006eb4 (0x006ec763) blt     t4, t1, pc + 14
core   0: 3 0x80006eb4 (0x006ec763)
core   0: 0x80006eb8 (0x21447397) auipc   t2, 0x21447
core   0: 3 0x80006eb8 (0x21447397) x 7 0xa144deb8
core   0: 0x80006ebc (0x00008179) c.srli  a0, 30
core   0: 3 0x80006ebc (0x8179) x10 0x00000001
core   0: 0x80006ebe (0xe119ff93) andi    t6, s3, -495
core   0: 3 0x80006ebe (0xe119ff93) x31 0x00007000
core   0: 0x80006ec2 (0x017f7b63) bgeu    t5, s7, pc + 22
core   0: 3 0x80006ec2 (0x017f7b63)
core   0: 0x80006ed8 (0x0229c6b3) div     a3, s3, sp
core   0: 3 0x80006ed8 (0x0229c6b3) x13 0x00000001
core   0: 0x80006edc (0x0000517d) c.li    sp, -1
core   0: 3 0x80006edc (0x517d) x 2 0xffffffff
core   0: 0x80006ede (0x036a5233) divu    tp, s4, s6
core   0: 3 0x80006ede (0x036a5233) x 4 0x00000001
core   0: 0x80006ee2 (0x024253b3) divu    t2, tp, tp
core   0: 3 0x80006ee2 (0x024253b3) x 7 0x00000001
core   0: 0x80006ee6 (0x7739a893) slti    a7, s3, 1907
core   0: 3 0x80006ee6 (0x7739a893) x17 0x00000000
core   0: 0x80006eea (0x000050fd) c.li    ra, -1
core   0: 3 0x80006eea (0x50fd) x 1 0xffffffff
core   0: 0x80006eec (0x00000001) c.nop
core   0: 3 0x80006eec (0x0001)
core   0: 0x80006eee (0x01a9ff63) bgeu    s3, s10, pc + 30
core   0: 3 0x80006eee (0x01a9ff63)
core   0: 0x80006ef2 (0x00008d61) c.and   a0, s0
core   0: 3 0x80006ef2 (0x8d61) x10 0x00000000
core   0: 0x80006ef4 (0xfa06e113) ori     sp, a3, -96
core   0: 3 0x80006ef4 (0xfa06e113) x 2 0xffffffa1
core   0: 0x80006ef8 (0x00006b21) c.lui   s6, 0x8
core   0: 3 0x80006ef8 (0x6b21) x22 0x00008000
core   0: 0x80006efa (0x415f5733) sra     a4, t5, s5
core   0: 3 0x80006efa (0x415f5733) x14 0xffffffff
core   0: 0x80006efe (0xb4b2e293) ori     t0, t0, -1205
core   0: 3 0x80006efe (0xb4b2e293) x 5 0xffffff6f
core   0: 0x80006f02 (0x42653813) sltiu   a6, a0, 1062
core   0: 3 0x80006f02 (0x42653813) x16 0x00000001
core   0: 0x80006f06 (0x02f94fb3) div     t6, s2, a5
core   0: 3 0x80006f06 (0x02f94fb3) x31 0x00000000
core   0: 0x80006f0a (0x00000aee) c.slli  s5, 27
core   0: 3 0x80006f0a (0x0aee) x21 0xf8000000
core   0: 0x80006f0c (0x01281ab3) sll     s5, a6, s2
core   0: 3 0x80006f0c (0x01281ab3) x21 0x00000001
core   0: 0x80006f10 (0x0000edd9) c.bnez  a1, pc + 158
core   0: 3 0x80006f10 (0xedd9)
core   0: 0x80006fae (0x02cd1233) mulh    tp, s10, a2
core   0: 3 0x80006fae (0x02cd1233) x 4 0xffffffff
core   0: 0x80006fb2 (0x0000cd9d) c.beqz  a1, pc + 62
core   0: 3 0x80006fb2 (0xcd9d)
core   0: 0x80006fb4 (0x01f3f4b3) and     s1, t2, t6
core   0: 3 0x80006fb4 (0x01f3f4b3) x 9 0x00000000
core   0: 0x80006fb8 (0x0ff0000f) fence   iorw,iorw
core   0: 3 0x80006fb8 (0x0ff0000f)
core   0: 0x80006fbc (0x00000001) c.nop
core   0: 3 0x80006fbc (0x0001)
core   0: 0x80006fbe (0x008df763) bgeu    s11, s0, pc + 14
core   0: 3 0x80006fbe (0x008df763)
core   0: 0x80006fcc (0x0254b733) mulhu   a4, s1, t0
core   0: 3 0x80006fcc (0x0254b733) x14 0x00000000
core   0: 0x80006fd0 (0x02cdfe63) bgeu    s11, a2, pc + 60
core   0: 3 0x80006fd0 (0x02cdfe63)
core   0: 0x8000700c (0x00008d7d) c.and   a0, a5
core   0: 3 0x8000700c (0x8d7d) x10 0x00000000
core   0: 0x8000700e (0x419b0633) sub     a2, s6, s9
core   0: 3 0x8000700e (0x419b0633) x12 0x00008000
core   0: 0x80007012 (0x01c38d33) add     s10, t2, t3
core   0: 3 0x80007012 (0x01c38d33) x26 0x00001062
core   0: 0x80007016 (0x7a946617) auipc   a2, 0x7a946
core   0: 3 0x80007016 (0x7a946617) x12 0xfa94d016
core   0: 0x8000701a (0x00008e11) c.sub   a2, a2
core   0: 3 0x8000701a (0x8e11) x12 0x00000000
core   0: 0x8000701c (0x41b55893) srai    a7, a0, 27
core   0: 3 0x8000701c (0x41b55893) x17 0x00000000
core   0: 0x80007020 (0x00500513) li      a0, 5
core   0: 3 0x80007020 (0x00500513) x10 0x00000005
core   0: 0x80007024 (0xdd2ec193) xori    gp, t4, -558
core   0: 3 0x80007024 (0xdd2ec193) x 3 0xfffffdd2
core   0: 0x80007028 (0x86a9a6b7) lui     a3, 0x86a9a
core   0: 3 0x80007028 (0x86a9a6b7) x13 0x86a9a000
core   0: 0x8000702c (0x00000001) c.nop
core   0: 3 0x8000702c (0x0001)
core   0: 0x8000702e (0x01bfd133) srl     sp, t6, s11
core   0: 3 0x8000702e (0x01bfd133) x 2 0x00000000
core   0: 0x80007032 (0x01434eb3) xor     t4, t1, s4
core   0: 3 0x80007032 (0x01434eb3) x29 0x7dd41bef
core   0: 0x80007036 (0x018a22b3) slt     t0, s4, s8
core   0: 3 0x80007036 (0x018a22b3) x 5 0x00000001
core   0: 0x8000703a (0x41c28e33) sub     t3, t0, t3
core   0: 3 0x8000703a (0x41c28e33) x28 0xffffefa0
core   0: 0x8000703e (0x0000156d) c.addi  a0, -5
core   0: 3 0x8000703e (0x156d) x10 0x00000000
core   0: 0x80007040 (0x003a4eb3) xor     t4, s4, gp
core   0: 3 0x80007040 (0x003a4eb3) x29 0x7ffda136
core   0: 0x80007044 (0x00008c91) c.sub   s1, a2
core   0: 3 0x80007044 (0x8c91) x 9 0x00000000
core   0: 0x80007046 (0x3ba00593) li      a1, 954
core   0: 3 0x80007046 (0x3ba00593) x11 0x000003ba
core   0: 0x8000704a (0x41b856b3) sra     a3, a6, s11
core   0: 3 0x8000704a (0x41b856b3) x13 0x00000001
core   0: 0x8000704e (0xd29ab893) sltiu   a7, s5, -727
core   0: 3 0x8000704e (0xd29ab893) x17 0x00000001
core   0: 0x80007052 (0x00000710) c.addi4spn a2, sp, 896
core   0: 3 0x80007052 (0x0710) x12 0x00000380
core   0: 0x80007054 (0x00a00713) li      a4, 10
core   0: 3 0x80007054 (0x00a00713) x14 0x0000000a
core   0: 0x80007058 (0x02f749b3) div     s3, a4, a5
core   0: 3 0x80007058 (0x02f749b3) x19 0x00000000
core   0: 0x8000705c (0x00a00093) li      ra, 10
core   0: 3 0x8000705c (0x00a00093) x 1 0x0000000a
core   0: 0x80007060 (0x32e17613) andi    a2, sp, 814
core   0: 3 0x80007060 (0x32e17613) x12 0x00000000
core   0: 0x80007064 (0x007864b3) or      s1, a6, t2
core   0: 3 0x80007064 (0x007864b3) x 9 0x00000001
core   0: 0x80007068 (0x0042dd33) srl     s10, t0, tp
core   0: 3 0x80007068 (0x0042dd33) x26 0x00000000
core   0: 0x8000706c (0x0000175d) c.addi  a4, -9
core   0: 3 0x8000706c (0x175d) x14 0x00000001
core   0: 0x8000706e (0xfe177be3) bgeu    a4, ra, pc - 10
core   0: 3 0x8000706e (0xfe177be3)
core   0: 0x80007072 (0x0000d161) c.beqz  a0, pc - 64
core   0: 3 0x80007072 (0xd161)
core   0: 0x80007032 (0x01434eb3) xor     t4, t1, s4
core   0: 3 0x80007032 (0x01434eb3) x29 0x7dd41bef
core   0: 0x80007036 (0x018a22b3) slt     t0, s4, s8
core   0: 3 0x80007036 (0x018a22b3) x 5 0x00000001
core   0: 0x8000703a (0x41c28e33) sub     t3, t0, t3
core   0: 3 0x8000703a (0x41c28e33) x28 0x00001061
core   0: 0x8000703e (0x0000156d) c.addi  a0, -5
core   0: 3 0x8000703e (0x156d) x10 0xfffffffb
core   0: 0x80007040 (0x003a4eb3) xor     t4, s4, gp
core   0: 3 0x80007040 (0x003a4eb3) x29 0x7ffda136
core   0: 0x80007044 (0x00008c91) c.sub   s1, a2
core   0: 3 0x80007044 (0x8c91) x 9 0x00000001
core   0: 0x80007046 (0x3ba00593) li      a1, 954
core   0: 3 0x80007046 (0x3ba00593) x11 0x000003ba
core   0: 0x8000704a (0x41b856b3) sra     a3, a6, s11
core   0: 3 0x8000704a (0x41b856b3) x13 0x00000001
core   0: 0x8000704e (0xd29ab893) sltiu   a7, s5, -727
core   0: 3 0x8000704e (0xd29ab893) x17 0x00000001
core   0: 0x80007052 (0x00000710) c.addi4spn a2, sp, 896
core   0: 3 0x80007052 (0x0710) x12 0x00000380
core   0: 0x80007054 (0x00a00713) li      a4, 10
core   0: 3 0x80007054 (0x00a00713) x14 0x0000000a
core   0: 0x80007058 (0x02f749b3) div     s3, a4, a5
core   0: 3 0x80007058 (0x02f749b3) x19 0x00000000
core   0: 0x8000705c (0x00a00093) li      ra, 10
core   0: 3 0x8000705c (0x00a00093) x 1 0x0000000a
core   0: 0x80007060 (0x32e17613) andi    a2, sp, 814
core   0: 3 0x80007060 (0x32e17613) x12 0x00000000
core   0: 0x80007064 (0x007864b3) or      s1, a6, t2
core   0: 3 0x80007064 (0x007864b3) x 9 0x00000001
core   0: 0x80007068 (0x0042dd33) srl     s10, t0, tp
core   0: 3 0x80007068 (0x0042dd33) x26 0x00000000
core   0: 0x8000706c (0x0000175d) c.addi  a4, -9
core   0: 3 0x8000706c (0x175d) x14 0x00000001
core   0: 0x8000706e (0xfe177be3) bgeu    a4, ra, pc - 10
core   0: 3 0x8000706e (0xfe177be3)
core   0: 0x80007072 (0x0000d161) c.beqz  a0, pc - 64
core   0: 3 0x80007072 (0xd161)
core   0: 0x80007074 (0x00000999) c.addi  s3, 6
core   0: 3 0x80007074 (0x0999) x19 0x00000006
core   0: 0x80007076 (0x00008ca9) c.xor   s1, a0
core   0: 3 0x80007076 (0x8ca9) x 9 0xfffffffa
core   0: 0x80007078 (0x86d6c4b7) lui     s1, 0x86d6c
core   0: 3 0x80007078 (0x86d6c4b7) x 9 0x86d6c000
core   0: 0x8000707c (0x01bbd193) srli    gp, s7, 27
core   0: 3 0x8000707c (0x01bbd193) x 3 0x0000001f
core   0: 0x80007080 (0x03d950b3) divu    ra, s2, t4
core   0: 3 0x80007080 (0x03d950b3) x 1 0x00000000
core   0: 0x80007084 (0x7c25eb93) ori     s7, a1, 1986
core   0: 3 0x80007084 (0x7c25eb93) x23 0x000007fa
core   0: 0x80007088 (0xf4bb7e13) andi    t3, s6, -181
core   0: 3 0x80007088 (0xf4bb7e13) x28 0x00008000
core   0: 0x8000708c (0x0ff0000f) fence   iorw,iorw
core   0: 3 0x8000708c (0x0ff0000f)
core   0: 0x80007090 (0x00000001) c.nop
core   0: 3 0x80007090 (0x0001)
core   0: 0x80007092 (0x00009132) c.add   sp, a2
core   0: 3 0x80007092 (0x9132) x 2 0x00000000
core   0: 0x80007094 (0x00008e11) c.sub   a2, a2
core   0: 3 0x80007094 (0x8e11) x12 0x00000000
core   0: 0x80007096 (0x5289e393) ori     t2, s3, 1320
core   0: 3 0x80007096 (0x5289e393) x 7 0x0000052e
core   0: 0x8000709a (0x48b9ff17) auipc   t5, 0x48b9f
core   0: 3 0x8000709a (0x48b9ff17) x30 0xc8ba609a
core   0: 0x8000709e (0xc672be93) sltiu   t4, t0, -921
core   0: 3 0x8000709e (0xc672be93) x29 0x00000001
core   0: 0x800070a2 (0x1f637213) andi    tp, t1, 502
core   0: 3 0x800070a2 (0x1f637213) x 4 0x00000102
core   0: 0x800070a6 (0x56963b93) sltiu   s7, a2, 1385
core   0: 3 0x800070a6 (0x56963b93) x23 0x00000001
core   0: 0x800070aa (0x02e8abb3) mulhsu  s7, a7, a4
core   0: 3 0x800070aa (0x02e8abb3) x23 0x00000000
core   0: 0x800070ae (0x00006761) c.lui   a4, 0x18
core   0: 3 0x800070ae (0x6761) x14 0x00018000
core   0: 0x800070b0 (0x00a00593) li      a1, 10
core   0: 3 0x800070b0 (0x00a00593) x11 0x0000000a
core   0: 0x800070b4 (0x00008309) c.srli  a4, 2
core   0: 3 0x800070b4 (0x8309) x14 0x00006000
core   0: 0x800070b6 (0x00a00f13) li      t5, 10
core   0: 3 0x800070b6 (0x00a00f13) x30 0x0000000a
core   0: 0x800070ba (0x02d32ab3) mulhsu  s5, t1, a3
core   0: 3 0x800070ba (0x02d32ab3) x21 0xffffffff
core   0: 0x800070be (0xe95a3013) sltiu   zero, s4, -363
core   0: 3 0x800070be (0xe95a3013)
core   0: 0x800070c2 (0x000015dd) c.addi  a1, -9
core   0: 3 0x800070c2 (0x15dd) x11 0x00000001
core   0: 0x800070c4 (0xf0324313) xori    t1, tp, -253
core   0: 3 0x800070c4 (0xf0324313) x 6 0xfffffe01
core   0: 0x800070c8 (0x0000717d) c.addi16sp sp, -16
core   0: 3 0x800070c8 (0x717d) x 2 0xfffffff0
core   0: 0x800070ca (0xffe5fae3) bgeu    a1, t5, pc - 12
core   0: 3 0x800070ca (0xffe5fae3)
core   0: 0x800070ce (0x436d7d13) andi    s10, s10, 1078
core   0: 3 0x800070ce (0x436d7d13) x26 0x00000000
core   0: 0x800070d2 (0x3e94f413) andi    s0, s1, 1001
core   0: 3 0x800070d2 (0x3e94f413) x 8 0x00000000
core   0: 0x800070d6 (0x00008e49) c.or    a2, a0
core   0: 3 0x800070d6 (0x8e49) x12 0xfffffffb
core   0: 0x800070d8 (0xb4504813) xori    a6, zero, -1211
core   0: 3 0x800070d8 (0xb4504813) x16 0xfffffb45
core   0: 0x800070dc (0x00a39a63) bne     t2, a0, pc + 20
core   0: 3 0x800070dc (0x00a39a63)
core   0: 0x800070f0 (0x0000e099) c.bnez  s1, pc + 6
core   0: 3 0x800070f0 (0xe099)
core   0: 0x800070f6 (0x0023db13) srli    s6, t2, 2
core   0: 3 0x800070f6 (0x0023db13) x22 0x0000014b
core   0: 0x800070fa (0x0000966e) c.add   a2, s11
core   0: 3 0x800070fa (0x966e) x12 0xd0dc7bfb
core   0: 0x800070fc (0x00008a0d) c.andi  a2, 3
core   0: 3 0x800070fc (0x8a0d) x12 0x00000003
core   0: 0x800070fe (0x005955b3) srl     a1, s2, t0
core   0: 3 0x800070fe (0x005955b3) x11 0x00000000
core   0: 0x80007102 (0x03e40063) beq     s0, t5, pc + 32
core   0: 3 0x80007102 (0x03e40063)
core   0: 0x80007106 (0x00000852) c.slli  a6, 20
core   0: 3 0x80007106 (0x0852) x16 0xb4500000
core   0: 0x80007108 (0x010e9a63) bne     t4, a6, pc + 20
core   0: 3 0x80007108 (0x010e9a63)
core   0: 0x8000711c (0x000041d5) c.li    gp, 21
core   0: 3 0x8000711c (0x41d5) x 3 0x00000015
core   0: 0x8000711e (0x00006f29) c.lui   t5, 0xa
core   0: 3 0x8000711e (0x6f29) x30 0x0000a000
core   0: 0x80007120 (0x000093ee) c.add   t2, s11
core   0: 3 0x80007120 (0x93ee) x 7 0xd0dc812e
core   0: 0x80007122 (0x01eff433) and     s0, t6, t5
core   0: 3 0x80007122 (0x01eff433) x 8 0x00000000
core   0: 0x80007126 (0x013c6563) bltu    s8, s3, pc + 10
core   0: 3 0x80007126 (0x013c6563)
core   0: 0x8000712a (0x000006fe) c.slli  a3, 31
core   0: 3 0x8000712a (0x06fe) x13 0x80000000
core   0: 0x8000712c (0x033f5233) divu    tp, t5, s3
core   0: 3 0x8000712c (0x033f5233) x 4 0x00001aaa
core   0: 0x80007130 (0x00008575) c.srai  a0, 29
core   0: 3 0x80007130 (0x8575) x10 0xffffffff
core   0: 0x80007132 (0x0000e981) c.bnez  a1, pc + 16
core   0: 3 0x80007132 (0xe981)
core   0: 0x80007134 (0x0311f9b3) remu    s3, gp, a7
core   0: 3 0x80007134 (0x0311f9b3) x19 0x00000000
core   0: 0x80007138 (0x01ae0263) beq     t3, s10, pc + 4
core   0: 3 0x80007138 (0x01ae0263)
core   0: 0x8000713c (0x00008351) c.srli  a4, 20
core   0: 3 0x8000713c (0x8351) x14 0x00000000
core   0: 0x8000713e (0x0ff0000f) fence   iorw,iorw
core   0: 3 0x8000713e (0x0ff0000f)
core   0: 0x80007142 (0x00bc3233) sltu    tp, s8, a1
core   0: 3 0x80007142 (0x00bc3233) x 4 0x00000000
core   0: 0x80007146 (0x005b2e33) slt     t3, s6, t0
core   0: 3 0x80007146 (0x005b2e33) x28 0x00000000
core   0: 0x8000714a (0x02028133) mul     sp, t0, zero
core   0: 3 0x8000714a (0x02028133) x 2 0x00000000
core   0: 0x8000714e (0x00008e01) c.sub   a2, s0
core   0: 3 0x8000714e (0x8e01) x12 0x00000003
core   0: 0x80007150 (0x00008d1d) c.sub   a0, a5
core   0: 3 0x80007150 (0x8d1d) x10 0x7ffde19b
core   0: 0x80007152 (0x00008dd5) c.or    a1, a3
core   0: 3 0x80007152 (0x8dd5) x11 0x80000000
core   0: 0x80007154 (0x018319b3) sll     s3, t1, s8
core   0: 3 0x80007154 (0x018319b3) x19 0x08000000
core   0: 0x80007158 (0x027dc2b3) div     t0, s11, t2
core   0: 3 0x80007158 (0x027dc2b3) x 5 0x00000001
core   0: 0x8000715c (0x00009a7d) c.andi  a2, -1
core   0: 3 0x8000715c (0x9a7d) x12 0x00000003
core   0: 0x8000715e (0x00008031) c.srli  s0, 12
core   0: 3 0x8000715e (0x8031) x 8 0x00000000
core   0: 0x80007160 (0x6a91e913) ori     s2, gp, 1705
core   0: 3 0x80007160 (0x6a91e913) x18 0x000006bd
core   0: 0x80007164 (0x00000d08) c.addi4spn a0, sp, 656
core   0: 3 0x80007164 (0x0d08) x10 0x00000290
core   0: 0x80007166 (0x72568813) addi    a6, a3, 1829
core   0: 3 0x80007166 (0x72568813) x16 0x80000725
core   0: 0x8000716a (0x99648213) addi    tp, s1, -1642
core   0: 3 0x8000716a (0x99648213) x 4 0x86d6b996
core   0: 0x8000716e (0x1fc72c93) slti    s9, a4, 508
core   0: 3 0x8000716e (0x1fc72c93) x25 0x00000001
core   0: 0x80007172 (0x02f256b3) divu    a3, tp, a5
core   0: 3 0x80007172 (0x02f256b3) x13 0x00000001
core   0: 0x80007176 (0x032afeb3) remu    t4, s5, s2
core   0: 3 0x80007176 (0x032afeb3) x29 0x000000c3
core   0: 0x8000717a (0x0ff0000f) fence   iorw,iorw
core   0: 3 0x8000717a (0x0ff0000f)
core   0: 0x8000717e (0x0ff0000f) fence   iorw,iorw
core   0: 3 0x8000717e (0x0ff0000f)
core   0: 0x80007182 (0x03571e33) mulh    t3, a4, s5
core   0: 3 0x80007182 (0x03571e33) x28 0x00000000
core   0: 0x80007186 (0x00000001) c.nop
core   0: 3 0x80007186 (0x0001)
core   0: 0x80007188 (0x02f6c6b3) div     a3, a3, a5
core   0: 3 0x80007188 (0x02f6c6b3) x13 0x00000000
core   0: 0x8000718c (0x00005d7d) c.li    s10, -1
core   0: 3 0x8000718c (0x5d7d) x26 0xffffffff
core   0: 0x8000718e (0x00008ee1) c.and   a3, s0
core   0: 3 0x8000718e (0x8ee1) x13 0x00000000
core   0: 0x80007190 (0x00000001) c.nop
core   0: 3 0x80007190 (0x0001)
core   0: 0x80007192 (0x00e4afb3) slt     t6, s1, a4
core   0: 3 0x80007192 (0x00e4afb3) x31 0x00000001
core   0: 0x80007196 (0x00006ec9) c.lui   t4, 0x12
core   0: 3 0x80007196 (0x6ec9) x29 0x00012000
core   0: 0x80007198 (0x0000ec91) c.bnez  s1, pc + 28
core   0: 3 0x80007198 (0xec91)
core   0: 0x800071b4 (0x000056fd) c.li    a3, -1
core   0: 3 0x800071b4 (0x56fd) x13 0xffffffff
core   0: 0x800071b6 (0x0ff0000f) fence   iorw,iorw
core   0: 3 0x800071b6 (0x0ff0000f)
core   0: 0x800071ba (0x02a754b3) divu    s1, a4, a0
core   0: 3 0x800071ba (0x02a754b3) x 9 0x00000000
core   0: 0x800071be (0x00000001) c.nop
core   0: 3 0x800071be (0x0001)
core   0: 0x800071c0 (0x00008599) c.srai  a1, 6
core   0: 3 0x800071c0 (0x8599) x11 0xfe000000
core   0: 0x800071c2 (0x0221f1b3) remu    gp, gp, sp
core   0: 3 0x800071c2 (0x0221f1b3) x 3 0x00000015
core   0: 0x800071c6 (0x0000c689) c.beqz  a3, pc + 10
core   0: 3 0x800071c6 (0xc689)
core   0: 0x800071c8 (0x00420fb3) add     t6, tp, tp
core   0: 3 0x800071c8 (0x00420fb3) x31 0x0dad732c
core   0: 0x800071cc (0x8aa1f193) andi    gp, gp, -1878
core   0: 3 0x800071cc (0x8aa1f193) x 3 0x00000000
core   0: 0x800071d0 (0x0344fbb3) remu    s7, s1, s4
core   0: 3 0x800071d0 (0x0344fbb3) x23 0x00000000
core   0: 0x800071d4 (0x00000f84) c.addi4spn s1, sp, 976
core   0: 3 0x800071d4 (0x0f84) x 9 0x000003d0
core   0: 0x800071d6 (0x03a21663) bne     tp, s10, pc + 44
core   0: 3 0x800071d6 (0x03a21663)
core   0: 0x80007202 (0x00205593) srli    a1, zero, 2
core   0: 3 0x80007202 (0x00205593) x11 0x00000000
core   0: 0x80007206 (0x016a0fb3) add     t6, s4, s6
core   0: 3 0x80007206 (0x016a0fb3) x31 0x80025e2f
core   0: 0x8000720a (0x01053033) sltu    zero, a0, a6
core   0: 3 0x8000720a (0x01053033)
core   0: 0x8000720e (0x00008c75) c.and   s0, a3
core   0: 3 0x8000720e (0x8c75) x 8 0x00000000
core   0: 0x80007210 (0x000080b2) c.mv    ra, a2
core   0: 3 0x80007210 (0x80b2) x 1 0x00000003
core   0: 0x80007212 (0x40e7db93) srai    s7, a5, 14
core   0: 3 0x80007212 (0x40e7db93) x23 0xfffe0008
core   0: 0x80007216 (0x00008f55) c.or    a4, a3
core   0: 3 0x80007216 (0x8f55) x14 0xffffffff
core   0: 0x80007218 (0x025ee963) bltu    t4, t0, pc + 50
core   0: 3 0x80007218 (0x025ee963)
core   0: 0x8000721c (0x5aabcb93) xori    s7, s7, 1450
core   0: 3 0x8000721c (0x5aabcb93) x23 0xfffe05a2
core   0: 0x80007220 (0x000082a1) c.srli  a3, 8
core   0: 3 0x80007220 (0x82a1) x13 0x00ffffff
core   0: 0x80007222 (0x01885b13) srli    s6, a6, 24
core   0: 3 0x80007222 (0x01885b13) x22 0x00000080
core   0: 0x80007226 (0x6d878893) addi    a7, a5, 1752
core   0: 3 0x80007226 (0x6d878893) x17 0x8002253c
core   0: 0x8000722a (0x4183d3b3) sra     t2, t2, s8
core   0: 3 0x8000722a (0x4183d3b3) x 7 0xfffffffa
core   0: 0x8000722e (0x036d4963) blt     s10, s6, pc + 50
core   0: 3 0x8000722e (0x036d4963)
core   0: 0x80007260 (0x00001afd) c.addi  s5, -1
core   0: 3 0x80007260 (0x1afd) x21 0xfffffffe
core   0: 0x80007262 (0x02abe8b3) rem     a7, s7, a0
core   0: 3 0x80007262 (0x02abe8b3) x17 0xfffffe72
core   0: 0x80007266 (0x03849733) mulh    a4, s1, s8
core   0: 3 0x80007266 (0x03849733) x14 0xfffffff8
core   0: 0x8000726a (0x00000001) c.nop
core   0: 3 0x8000726a (0x0001)
core   0: 0x8000726c (0x031daf33) mulhsu  t5, s11, a7
core   0: 3 0x8000726c (0x031daf33) x30 0xd0dc7c49
core   0: 0x80007270 (0x00000001) c.nop
core   0: 3 0x80007270 (0x0001)
core   0: 0x80007272 (0x02ce6333) rem     t1, t3, a2
core   0: 3 0x80007272 (0x02ce6333) x 6 0x00000000
core   0: 0x80007276 (0x000085c1) c.srai  a1, 16
core   0: 3 0x80007276 (0x85c1) x11 0x00000000
core   0: 0x80007278 (0x0000ea81) c.bnez  a3, pc + 16
core   0: 3 0x80007278 (0xea81)
core   0: 0x80007288 (0x01e87663) bgeu    a6, t5, pc + 12
core   0: 3 0x80007288 (0x01e87663)
core   0: 0x8000728c (0x0ff0000f) fence   iorw,iorw
core   0: 3 0x8000728c (0x0ff0000f)
core   0: 0x80007290 (0x010ffab3) and     s5, t6, a6
core   0: 3 0x80007290 (0x010ffab3) x21 0x80000625
core   0: 0x80007294 (0x0187b2b3) sltu    t0, a5, s8
core   0: 3 0x80007294 (0x0187b2b3) x 5 0x00000001
core   0: 0x80007298 (0x019faab3) slt     s5, t6, s9
core   0: 3 0x80007298 (0x019faab3) x21 0x00000001
core   0: 0x8000729c (0x031d1733) mulh    a4, s10, a7
core   0: 3 0x8000729c (0x031d1733) x14 0x00000000
core   0: 0x800072a0 (0x00f49d63) bne     s1, a5, pc + 26
core   0: 3 0x800072a0 (0x00f49d63)
core   0: 0x800072ba (0x02630733) mul     a4, t1, t1
core   0: 3 0x800072ba (0x02630733) x14 0x00000000
core   0: 0x800072be (0x00004f79) c.li    t5, 30
core   0: 3 0x800072be (0x4f79) x30 0x0000001e
core   0: 0x800072c0 (0x00006145) c.addi16sp sp, 48
core   0: 3 0x800072c0 (0x6145) x 2 0x00000030
core   0: 0x800072c2 (0x40950033) sub     zero, a0, s1
core   0: 3 0x800072c2 (0x40950033)
core   0: 0x800072c6 (0x00000001) c.nop
core   0: 3 0x800072c6 (0x0001)
core   0: 0x800072c8 (0x001a4033) xor     zero, s4, ra
core   0: 3 0x800072c8 (0x001a4033)
core   0: 0x800072cc (0xde483f13) sltiu   t5, a6, -540
core   0: 3 0x800072cc (0xde483f13) x30 0x00000001
core   0: 0x800072d0 (0x46bbf493) andi    s1, s7, 1131
core   0: 3 0x800072d0 (0x46bbf493) x 9 0x00000422
core   0: 0x800072d4 (0x01c71fb3) sll     t6, a4, t3
core   0: 3 0x800072d4 (0x01c71fb3) x31 0x00000000
core   0: 0x800072d8 (0x00951e93) slli    t4, a0, 9
core   0: 3 0x800072d8 (0x00951e93) x29 0x00052000
core   0: 0x800072dc (0x00cecf33) xor     t5, t4, a2
core   0: 3 0x800072dc (0x00cecf33) x30 0x00052003
core   0: 0x800072e0 (0x0000717d) c.addi16sp sp, -16
core   0: 3 0x800072e0 (0x717d) x 2 0x00000020
core   0: 0x800072e2 (0x64bcc493) xori    s1, s9, 1611
core   0: 3 0x800072e2 (0x64bcc493) x 9 0x0000064a
core   0: 0x800072e6 (0x6a334a97) auipc   s5, 0x6a334
core   0: 3 0x800072e6 (0x6a334a97) x21 0xea33b2e6
core   0: 0x800072ea (0x41af5113) srai    sp, t5, 26
core   0: 3 0x800072ea (0x41af5113) x 2 0x00000000
core   0: 0x800072ee (0x41ad8bb3) sub     s7, s11, s10
core   0: 3 0x800072ee (0x41ad8bb3) x23 0xd0dc7c01
core   0: 0x800072f2 (0x011891b3) sll     gp, a7, a7
core   0: 3 0x800072f2 (0x011891b3) x 3 0xf9c80000
core   0: 0x800072f6 (0x000086cd) c.srai  a3, 19
core   0: 3 0x800072f6 (0x86cd) x13 0x0000001f
core   0: 0x800072f8 (0x0000caa1) c.beqz  a3, pc + 80
core   0: 3 0x800072f8 (0xcaa1)
core   0: 0x800072fa (0x004dd413) srli    s0, s11, 4
core   0: 3 0x800072fa (0x004dd413) x 8 0x0d0dc7c0
core   0: 0x800072fe (0x01e61e13) slli    t3, a2, 30
core   0: 3 0x800072fe (0x01e61e13) x28 0xc0000000
core   0: 0x80007302 (0x000009b6) c.slli  s3, 13
core   0: 3 0x80007302 (0x09b6) x19 0x00000000
core   0: 0x80007304 (0xffa00613) li      a2, -6
core   0: 3 0x80007304 (0xffa00613) x12 0xfffffffa
core   0: 0x80007308 (0x748d8497) auipc   s1, 0x748d8
core   0: 3 0x80007308 (0x748d8497) x 9 0xf48df308
core   0: 0x8000730c (0x40d25093) srai    ra, tp, 13
core   0: 3 0x8000730c (0x40d25093) x 1 0xfffc36b5
core   0: 0x80007310 (0x00000001) c.nop
core   0: 3 0x80007310 (0x0001)
core   0: 0x80007312 (0x0000100f) fence.i
core   0: 3 0x80007312 (0x0000100f)
core   0: 0x80007316 (0x00396db3) or      s11, s2, gp
core   0: 3 0x80007316 (0x00396db3) x27 0xf9c806bd
core   0: 0x8000731a (0x00008d79) c.and   a0, a4
core   0: 3 0x8000731a (0x8d79) x10 0x00000000
core   0: 0x8000731c (0x00b95513) srli    a0, s2, 11
core   0: 3 0x8000731c (0x00b95513) x10 0x00000000
core   0: 0x80007320 (0x00008321) c.srli  a4, 8
core   0: 3 0x80007320 (0x8321) x14 0x00000000
core   0: 0x80007322 (0x00008495) c.srai  s1, 5
core   0: 3 0x80007322 (0x8495) x 9 0xffa46f98
core   0: 0x80007324 (0x00000001) c.nop
core   0: 3 0x80007324 (0x0001)
core   0: 0x80007326 (0x00165e33) srl     t3, a2, ra
core   0: 3 0x80007326 (0x00165e33) x28 0x000007ff
core   0: 0x8000732a (0x00009b7d) c.andi  a4, -1
core   0: 3 0x8000732a (0x9b7d) x14 0x00000000
core   0: 0x8000732c (0x00008449) c.srai  s0, 18
core   0: 3 0x8000732c (0x8449) x 8 0x00000343
core   0: 0x8000732e (0x00000609) c.addi  a2, 2
core   0: 3 0x8000732e (0x0609) x12 0xfffffffc
core   0: 0x80007330 (0x03b86cb3) rem     s9, a6, s11
core   0: 3 0x80007330 (0x03b86cb3) x25 0xfc5f8061
core   0: 0x80007334 (0x00008ca5) c.xor   s1, s1
core   0: 3 0x80007334 (0x8ca5) x 9 0x00000000
core   0: 0x80007336 (0x0000da75) c.beqz  a2, pc - 12
core   0: 3 0x80007336 (0xda75)
core   0: 0x80007338 (0xcd22b713) sltiu   a4, t0, -814
core   0: 3 0x80007338 (0xcd22b713) x14 0x00000001
core   0: 0x8000733c (0x02a5db33) divu    s6, a1, a0
core   0: 3 0x8000733c (0x02a5db33) x22 0xffffffff
core   0: 0x80007340 (0x8d9d5037) lui     zero, 0x8d9d5
core   0: 3 0x80007340 (0x8d9d5037)
core   0: 0x80007344 (0x020ef433) remu    s0, t4, zero
core   0: 3 0x80007344 (0x020ef433) x 8 0x00052000
core   0: 0x80007348 (0x00121233) sll     tp, tp, ra
core   0: 3 0x80007348 (0x00121233) x 4 0x32c00000
core   0: 0x8000734c (0x003f8e63) beq     t6, gp, pc + 28
core   0: 3 0x8000734c (0x003f8e63)
core   0: 0x80007350 (0x025bddb3) divu    s11, s7, t0
core   0: 3 0x80007350 (0x025bddb3) x27 0xd0dc7c01
core   0: 0x80007354 (0x00008d91) c.sub   a1, a2
core   0: 3 0x80007354 (0x8d91) x11 0x00000004
core   0: 0x80007356 (0x01e7c2b3) xor     t0, a5, t5
core   0: 3 0x80007356 (0x01e7c2b3) x 5 0x80073e67
core   0: 0x8000735a (0x03e86263) bltu    a6, t5, pc + 36
core   0: 3 0x8000735a (0x03e86263)
core   0: 0x8000735e (0x0000c689) c.beqz  a3, pc + 10
core   0: 3 0x8000735e (0xc689)
core   0: 0x80007360 (0x40240433) sub     s0, s0, sp
core   0: 3 0x80007360 (0x40240433) x 8 0x00052000
core   0: 0x80007364 (0x0362e833) rem     a6, t0, s6
core   0: 3 0x80007364 (0x0362e833) x16 0x00000000
core   0: 0x80007368 (0x02a3a433) mulhsu  s0, t2, a0
core   0: 3 0x80007368 (0x02a3a433) x 8 0x00000000
core   0: 0x8000736c (0x01bc1963) bne     s8, s11, pc + 18
core   0: 3 0x8000736c (0x01bc1963)
core   0: 0x8000737e (0x0000c911) c.beqz  a0, pc + 20
core   0: 3 0x8000737e (0xc911)
core   0: 0x80007392 (0x00916263) bltu    sp, s1, pc + 4
core   0: 3 0x80007392 (0x00916263)
core   0: 0x80007396 (0x003098b3) sll     a7, ra, gp
core   0: 3 0x80007396 (0x003098b3) x17 0xfffc36b5
core   0: 0x8000739a (0x000069f1) c.lui   s3, 0x1c
core   0: 3 0x8000739a (0x69f1) x19 0x0001c000
core   0: 0x8000739c (0x00c803b3) add     t2, a6, a2
core   0: 3 0x8000739c (0x00c803b3) x 7 0xfffffffc
core   0: 0x800073a0 (0x002e9593) slli    a1, t4, 2
core   0: 3 0x800073a0 (0x002e9593) x11 0x00148000
core   0: 0x800073a4 (0x03467d33) remu    s10, a2, s4
core   0: 3 0x800073a4 (0x03467d33) x26 0x7ffda318
core   0: 0x800073a8 (0x00009b0a) c.add   s6, sp
core   0: 3 0x800073a8 (0x9b0a) x22 0xffffffff
core   0: 0x800073aa (0x02bbf563) bgeu    s7, a1, pc + 42
core   0: 3 0x800073aa (0x02bbf563)
core   0: 0x800073d4 (0x01e4de33) srl     t3, s1, t5
core   0: 3 0x800073d4 (0x01e4de33) x28 0x00000000
core   0: 0x800073d8 (0x036ddab3) divu    s5, s11, s6
core   0: 3 0x800073d8 (0x036ddab3) x21 0x00000000
core   0: 0x800073dc (0x00008739) c.srai  a4, 14
core   0: 3 0x800073dc (0x8739) x14 0x00000000
core   0: 0x800073de (0xffa00b93) li      s7, -6
core   0: 3 0x800073de (0xffa00b93) x23 0xfffffffa
core   0: 0x800073e2 (0x00008f31) c.xor   a4, a2
core   0: 3 0x800073e2 (0x8f31) x14 0xfffffffc
core   0: 0x800073e4 (0x0265d9b3) divu    s3, a1, t1
core   0: 3 0x800073e4 (0x0265d9b3) x19 0xffffffff
core   0: 0x800073e8 (0x01b40b33) add     s6, s0, s11
core   0: 3 0x800073e8 (0x01b40b33) x22 0xd0dc7c01
core   0: 0x800073ec (0x025f51b3) divu    gp, t5, t0
core   0: 3 0x800073ec (0x025f51b3) x 3 0x00000000
core   0: 0x800073f0 (0x3d716217) auipc   tp, 0x3d716
core   0: 3 0x800073f0 (0x3d716217) x 4 0xbd71d3f0
core   0: 0x800073f4 (0x000086d1) c.srai  a3, 20
core   0: 3 0x800073f4 (0x86d1) x13 0x00000000
core   0: 0x800073f6 (0x00000346) c.slli  t1, 17
core   0: 3 0x800073f6 (0x0346) x 6 0x00000000
core   0: 0x800073f8 (0xffb00113) li      sp, -5
core   0: 3 0x800073f8 (0xffb00113) x 2 0xfffffffb
core   0: 0x800073fc (0x0ff0000f) fence   iorw,iorw
core   0: 3 0x800073fc (0x0ff0000f)
core   0: 0x80007400 (0x000096f6) c.add   a3, t4
core   0: 3 0x80007400 (0x96f6) x13 0x00052000
core   0: 0x80007402 (0x0099df93) srli    t6, s3, 9
core   0: 3 0x80007402 (0x0099df93) x31 0x007fffff
core   0: 0x80007406 (0x01b49db3) sll     s11, s1, s11
core   0: 3 0x80007406 (0x01b49db3) x27 0x00000000
core   0: 0x8000740a (0x035b4433) div     s0, s6, s5
core   0: 3 0x8000740a (0x035b4433) x 8 0xffffffff
core   0: 0x8000740e (0x99250093) addi    ra, a0, -1646
core   0: 3 0x8000740e (0x99250093) x 1 0xfffff992
core   0: 0x80007412 (0x00008e8d) c.sub   a3, a1
core   0: 3 0x80007412 (0x8e8d) x13 0xfff0a000
core   0: 0x80007414 (0x00000b85) c.addi  s7, 1
core   0: 3 0x80007414 (0x0b85) x23 0xfffffffb
core   0: 0x80007416 (0x00491ab3) sll     s5, s2, tp
core   0: 3 0x80007416 (0x00491ab3) x21 0x06bd0000
core   0: 0x8000741a (0x00008f05) c.sub   a4, s1
core   0: 3 0x8000741a (0x8f05) x14 0xfffffffc
core   0: 0x8000741c (0x00000001) c.nop
core   0: 3 0x8000741c (0x0001)
core   0: 0x8000741e (0x0175d6b3) srl     a3, a1, s7
core   0: 3 0x8000741e (0x0175d6b3) x13 0x00000000
core   0: 0x80007422 (0x00000001) c.nop
core   0: 3 0x80007422 (0x0001)
core   0: 0x80007424 (0x0159d413) srli    s0, s3, 21
core   0: 3 0x80007424 (0x0159d413) x 8 0x000007ff
core   0: 0x80007428 (0x4067d093) srai    ra, a5, 6
core   0: 3 0x80007428 (0x4067d093) x 1 0xfe000879
core   0: 0x8000742c (0xfc2b8fe3) beq     s7, sp, pc - 34
core   0: 3 0x8000742c (0xfc2b8fe3)
core   0: 0x8000740a (0x035b4433) div     s0, s6, s5
core   0: 3 0x8000740a (0x035b4433) x 8 0xfffffffa
core   0: 0x8000740e (0x99250093) addi    ra, a0, -1646
core   0: 3 0x8000740e (0x99250093) x 1 0xfffff992
core   0: 0x80007412 (0x00008e8d) c.sub   a3, a1
core   0: 3 0x80007412 (0x8e8d) x13 0xffeb8000
core   0: 0x80007414 (0x00000b85) c.addi  s7, 1
core   0: 3 0x80007414 (0x0b85) x23 0xfffffffc
core   0: 0x80007416 (0x00491ab3) sll     s5, s2, tp
core   0: 3 0x80007416 (0x00491ab3) x21 0x06bd0000
core   0: 0x8000741a (0x00008f05) c.sub   a4, s1
core   0: 3 0x8000741a (0x8f05) x14 0xfffffffc
core   0: 0x8000741c (0x00000001) c.nop
core   0: 3 0x8000741c (0x0001)
core   0: 0x8000741e (0x0175d6b3) srl     a3, a1, s7
core   0: 3 0x8000741e (0x0175d6b3) x13 0x00000000
core   0: 0x80007422 (0x00000001) c.nop
core   0: 3 0x80007422 (0x0001)
core   0: 0x80007424 (0x0159d413) srli    s0, s3, 21
core   0: 3 0x80007424 (0x0159d413) x 8 0x000007ff
core   0: 0x80007428 (0x4067d093) srai    ra, a5, 6
core   0: 3 0x80007428 (0x4067d093) x 1 0xfe000879
core   0: 0x8000742c (0xfc2b8fe3) beq     s7, sp, pc - 34
core   0: 3 0x8000742c (0xfc2b8fe3)
core   0: 0x80007430 (0x0ff0000f) fence   iorw,iorw
core   0: 3 0x80007430 (0x0ff0000f)
core   0: 0x80007434 (0x7d1aa593) slti    a1, s5, 2001
core   0: 3 0x80007434 (0x7d1aa593) x11 0x00000000
core   0: 0x80007438 (0x00a07713) andi    a4, zero, 10
core   0: 3 0x80007438 (0x00a07713) x14 0x00000000
core   0: 0x8000743c (0x00fec033) xor     zero, t4, a5
core   0: 3 0x8000743c (0x00fec033)
core   0: 0x80007440 (0x02dac233) div     tp, s5, a3
core   0: 3 0x80007440 (0x02dac233) x 4 0xffffffff
core   0: 0x80007444 (0x02e9a4b3) mulhsu  s1, s3, a4
core   0: 3 0x80007444 (0x02e9a4b3) x 9 0x00000000
core   0: 0x80007448 (0x01f9f863) bgeu    s3, t6, pc + 16
core   0: 3 0x80007448 (0x01f9f863)
core   0: 0x80007458 (0x038c2cb3) mulhsu  s9, s8, s8
core   0: 3 0x80007458 (0x038c2cb3) x25 0xfdf7f5df
core   0: 0x8000745c (0xb689ce13) xori    t3, s3, -1176
core   0: 3 0x8000745c (0xb689ce13) x28 0x00000497
core   0: 0x80007460 (0xeffcf493) andi    s1, s9, -257
core   0: 3 0x80007460 (0xeffcf493) x 9 0xfdf7f4df
core   0: 0x80007464 (0x030ea5b3) mulhsu  a1, t4, a6
core   0: 3 0x80007464 (0x030ea5b3) x11 0x00000000
core   0: 0x80007468 (0x00004b21) c.li    s6, 8
core   0: 3 0x80007468 (0x4b21) x22 0x00000008
core   0: 0x8000746a (0x01a1af33) slt     t5, gp, s10
core   0: 3 0x8000746a (0x01a1af33) x30 0x00000001
core   0: 0x8000746e (0x00006af1) c.lui   s5, 0x1c
core   0: 3 0x8000746e (0x6af1) x21 0x0001c000
core   0: 0x80007470 (0x00000b1a) c.slli  s6, 6
core   0: 3 0x80007470 (0x0b1a) x22 0x00000200
core   0: 0x80007472 (0x03632233) mulhsu  tp, t1, s6
core   0: 3 0x80007472 (0x03632233) x 4 0x00000000
core   0: 0x80007476 (0x000005ca) c.slli  a1, 18
core   0: 3 0x80007476 (0x05ca) x11 0x00000000
core   0: 0x80007478 (0x026d03b3) mul     t2, s10, t1
core   0: 3 0x80007478 (0x026d03b3) x 7 0x00000000
core   0: 0x8000747c (0x00000001) c.nop
core   0: 3 0x8000747c (0x0001)
core   0: 0x8000747e (0x01c95833) srl     a6, s2, t3
core   0: 3 0x8000747e (0x01c95833) x16 0x00000000
core   0: 0x80007482 (0x02d89b33) mulh    s6, a7, a3
core   0: 3 0x80007482 (0x02d89b33) x22 0x00000000
core   0: 0x80007486 (0x02dd34b3) mulhu   s1, s10, a3
core   0: 3 0x80007486 (0x02dd34b3) x 9 0x00000000
core   0: 0x8000748a (0x03e80b63) beq     a6, t5, pc + 54
core   0: 3 0x8000748a (0x03e80b63)
core   0: 0x8000748e (0x00cc8b63) beq     s9, a2, pc + 22
core   0: 3 0x8000748e (0x00cc8b63)
core   0: 0x80007492 (0x00008c75) c.and   s0, a3
core   0: 3 0x80007492 (0x8c75) x 8 0x00000000
core   0: 0x80007494 (0x0011c763) blt     gp, ra, pc + 14
core   0: 3 0x80007494 (0x0011c763)
core   0: 0x80007498 (0x0000025a) c.slli  tp, 22
core   0: 3 0x80007498 (0x025a) x 4 0x00000000
core   0: 0x8000749a (0x88aceb93) ori     s7, s9, -1910
core   0: 3 0x8000749a (0x88aceb93) x23 0xfffffddf
core   0: 0x8000749e (0x03dde063) bltu    s11, t4, pc + 32
core   0: 3 0x8000749e (0x03dde063)
core   0: 0x800074be (0x0000082a) c.slli  a6, 10
core   0: 3 0x800074be (0x082a) x16 0x00000000
core   0: 0x800074c0 (0x0000597d) c.li    s2, -1
core   0: 3 0x800074c0 (0x597d) x18 0xffffffff
core   0: 0x800074c2 (0x00c0e663) bltu    ra, a2, pc + 12
core   0: 3 0x800074c2 (0x00c0e663)
core   0: 0x800074ce (0x02a90ab3) mul     s5, s2, a0
core   0: 3 0x800074ce (0x02a90ab3) x21 0x00000000
core   0: 0x800074d2 (0x10106d93) ori     s11, zero, 257
core   0: 3 0x800074d2 (0x10106d93) x27 0x00000101
core   0: 0x800074d6 (0x02e5f5b3) remu    a1, a1, a4
core   0: 3 0x800074d6 (0x02e5f5b3) x11 0x00000000
core   0: 0x800074da (0x01f84433) xor     s0, a6, t6
core   0: 3 0x800074da (0x01f84433) x 8 0x007fffff
core   0: 0x800074de (0x00008cd1) c.or    s1, a2
core   0: 3 0x800074de (0x8cd1) x 9 0xfffffffc
core   0: 0x800074e0 (0xfd876337) lui     t1, 0xfd876
core   0: 3 0x800074e0 (0xfd876337) x 6 0xfd876000
core   0: 0x800074e4 (0x00008eb1) c.xor   a3, a2
core   0: 3 0x800074e4 (0x8eb1) x13 0xfffffffc
core   0: 0x800074e6 (0x00000001) c.nop
core   0: 3 0x800074e6 (0x0001)
core   0: 0x800074e8 (0x0000c105) c.beqz  a0, pc + 32
core   0: 3 0x800074e8 (0xc105)
core   0: 0x80007508 (0x02df5833) divu    a6, t5, a3
core   0: 3 0x80007508 (0x02df5833) x16 0x00000000
core   0: 0x8000750c (0x00009d12) c.add   s10, tp
core   0: 3 0x8000750c (0x9d12) x26 0x7ffda318
core   0: 0x8000750e (0x00008e51) c.or    a2, a2
core   0: 3 0x8000750e (0x8e51) x12 0xfffffffc
core   0: 0x80007510 (0x02d0c563) blt     ra, a3, pc + 42
core   0: 3 0x80007510 (0x02d0c563)
core   0: 0x8000753a (0x02402833) mulhsu  a6, zero, tp
core   0: 3 0x8000753a (0x02402833) x16 0x00000000
core   0: 0x8000753e (0x0276a733) mulhsu  a4, a3, t2
core   0: 3 0x8000753e (0x0276a733) x14 0x00000000
core   0: 0x80007542 (0x0102efb3) or      t6, t0, a6
core   0: 3 0x80007542 (0x0102efb3) x31 0x80073e67
core   0: 0x80007546 (0x0000717d) c.addi16sp sp, -16
core   0: 3 0x80007546 (0x717d) x 2 0xffffffeb
core   0: 0x80007548 (0x00000001) c.nop
core   0: 3 0x80007548 (0x0001)
core   0: 0x8000754a (0x01967fb3) and     t6, a2, s9
core   0: 3 0x8000754a (0x01967fb3) x31 0xfdf7f5dc
core   0: 0x8000754e (0x00191e13) slli    t3, s2, 1
core   0: 3 0x8000754e (0x00191e13) x28 0xfffffffe
core   0: 0x80007552 (0x40fa8fb3) sub     t6, s5, a5
core   0: 3 0x80007552 (0x40fa8fb3) x31 0x7ffde19c
core   0: 0x80007556 (0x00000bee) c.slli  s7, 27
core   0: 3 0x80007556 (0x0bee) x23 0xf8000000
core   0: 0x80007558 (0x000082c1) c.srli  a3, 16
core   0: 3 0x80007558 (0x82c1) x13 0x0000ffff
core   0: 0x8000755a (0x02679e33) mulh    t3, a5, t1
core   0: 3 0x8000755a (0x02679e33) x28 0x013c4ac3
core   0: 0x8000755e (0x0000100f) fence.i
core   0: 3 0x8000755e (0x0000100f)
core   0: 0x80007562 (0x03408eb3) mul     t4, ra, s4
core   0: 3 0x80007562 (0x03408eb3) x29 0xcc0507c4
core   0: 0x80007566 (0x000005fd) c.addi  a1, 31
core   0: 3 0x80007566 (0x05fd) x11 0x0000001f
core   0: 0x80007568 (0x401f5233) sra     tp, t5, ra
core   0: 3 0x80007568 (0x401f5233) x 4 0x00000000
core   0: 0x8000756c (0x01d85833) srl     a6, a6, t4
core   0: 3 0x8000756c (0x01d85833) x16 0x00000000
core   0: 0x80007570 (0x01919e93) slli    t4, gp, 25
core   0: 3 0x80007570 (0x01919e93) x29 0x00000000
core   0: 0x80007574 (0x0243c333) div     t1, t2, tp
core   0: 3 0x80007574 (0x0243c333) x 6 0xffffffff
core   0: 0x80007578 (0x03f594b3) mulh    s1, a1, t6
core   0: 3 0x80007578 (0x03f594b3) x 9 0x0000000f
core   0: 0x8000757c (0x013c1613) slli    a2, s8, 19
core   0: 3 0x8000757c (0x013c1613) x12 0x22d80000
core   0: 0x80007580 (0x5cc66e97) auipc   t4, 0x5cc66
core   0: 3 0x80007580 (0x5cc66e97) x29 0xdcc6d580
core   0: 0x80007584 (0x00000318) c.addi4spn a4, sp, 384
core   0: 3 0x80007584 (0x0318) x14 0x0000016b
core   0: 0x80007586 (0x0000821e) c.mv    tp, t2
core   0: 3 0x80007586 (0x821e) x 4 0x00000000
core   0: 0x80007588 (0x00368933) add     s2, a3, gp
core   0: 3 0x80007588 (0x00368933) x18 0x0000ffff
core   0: 0x8000758c (0x23aaebb7) lui     s7, 0x23aae
core   0: 3 0x8000758c (0x23aaebb7) x23 0x23aae000
core   0: 0x80007590 (0x024b8b33) mul     s6, s7, tp
core   0: 3 0x80007590 (0x024b8b33) x22 0x00000000
core   0: 0x80007594 (0x40a38eb3) sub     t4, t2, a0
core   0: 3 0x80007594 (0x40a38eb3) x29 0x00000000
core   0: 0x80007598 (0x9e4f2c93) slti    s9, t5, -1564
core   0: 3 0x80007598 (0x9e4f2c93) x25 0x00000000
core   0: 0x8000759c (0x012251b3) srl     gp, tp, s2
core   0: 3 0x8000759c (0x012251b3) x 3 0x00000000
core   0: 0x800075a0 (0x03704fb3) div     t6, zero, s7
core   0: 3 0x800075a0 (0x03704fb3) x31 0x00000000
core   0: 0x800075a4 (0x512d4213) xori    tp, s10, 1298
core   0: 3 0x800075a4 (0x512d4213) x 4 0x7ffda60a
core   0: 0x800075a8 (0x00000001) c.nop
core   0: 3 0x800075a8 (0x0001)
core   0: 0x800075aa (0x0000717d) c.addi16sp sp, -16
core   0: 3 0x800075aa (0x717d) x 2 0xffffffdb
core   0: 0x800075ac (0x00cb5813) srli    a6, s6, 12
core   0: 3 0x800075ac (0x00cb5813) x16 0x00000000
core   0: 0x800075b0 (0x033588b3) mul     a7, a1, s3
core   0: 3 0x800075b0 (0x033588b3) x17 0xffffffe1
core   0: 0x800075b4 (0x0179bcb3) sltu    s9, s3, s7
core   0: 3 0x800075b4 (0x0179bcb3) x25 0x00000000
core   0: 0x800075b8 (0x03631e63) bne     t1, s6, pc + 60
core   0: 3 0x800075b8 (0x03631e63)
core   0: 0x800075f4 (0x020c1163) bnez    s8, pc + 34
core   0: 3 0x800075f4 (0x020c1163)
core   0: 0x80007616 (0x00e71f93) slli    t6, a4, 14
core   0: 3 0x80007616 (0x00e71f93) x31 0x005ac000
core   0: 0x8000761a (0x53fc39b7) lui     s3, 0x53fc3
core   0: 3 0x8000761a (0x53fc39b7) x19 0x53fc3000
core   0: 0x8000761e (0x0000866d) c.srai  a2, 27
core   0: 3 0x8000761e (0x866d) x12 0x00000004
core   0: 0x80007620 (0x0025d613) srli    a2, a1, 2
core   0: 3 0x80007620 (0x0025d613) x12 0x00000007
core   0: 0x80007624 (0x0000999a) c.add   s3, t1
core   0: 3 0x80007624 (0x999a) x19 0x53fc2fff
core   0: 0x80007626 (0x03bbadb3) mulhsu  s11, s7, s11
core   0: 3 0x80007626 (0x03bbadb3) x27 0x00000023
core   0: 0x8000762a (0x00fd3cb3) sltu    s9, s10, a5
core   0: 3 0x8000762a (0x00fd3cb3) x25 0x00000001
core   0: 0x8000762e (0x000085c2) c.mv    a1, a6
core   0: 3 0x8000762e (0x85c2) x11 0x00000000
core   0: 0x80007630 (0x00000001) c.nop
core   0: 3 0x80007630 (0x0001)
core   0: 0x80007632 (0xe617e093) ori     ra, a5, -415
core   0: 3 0x80007632 (0xe617e093) x 1 0xfffffe65
core   0: 0x80007636 (0xc4337813) andi    a6, t1, -957
core   0: 3 0x80007636 (0xc4337813) x16 0xfffffc43
core   0: 0x8000763a (0x6b763393) sltiu   t2, a2, 1719
core   0: 3 0x8000763a (0x6b763393) x 7 0x00000001
core   0: 0x8000763e (0x01eec433) xor     s0, t4, t5
core   0: 3 0x8000763e (0x01eec433) x 8 0x00000001
core   0: 0x80007642 (0x032a4863) blt     s4, s2, pc + 48
core   0: 3 0x80007642 (0x032a4863)
core   0: 0x80007672 (0x43684993) xori    s3, a6, 1078
core   0: 3 0x80007672 (0x43684993) x19 0xfffff875
core   0: 0x80007676 (0x011c2bb3) slt     s7, s8, a7
core   0: 3 0x80007676 (0x011c2bb3) x23 0x00000001
core   0: 0x8000767a (0x021b0563) beq     s6, ra, pc + 42
core   0: 3 0x8000767a (0x021b0563)
core   0: 0x8000767e (0x40050d33) sub     s10, a0, zero
core   0: 3 0x8000767e (0x40050d33) x26 0x00000000
core   0: 0x80007682 (0xc44eaa93) slti    s5, t4, -956
core   0: 3 0x80007682 (0xc44eaa93) x21 0x00000000
core   0: 0x80007686 (0x0360d933) divu    s2, ra, s6
core   0: 3 0x80007686 (0x0360d933) x18 0xffffffff
core   0: 0x8000768a (0x0285bd33) mulhu   s10, a1, s0
core   0: 3 0x8000768a (0x0285bd33) x26 0x00000000
core   0: 0x8000768e (0x000086e9) c.srai  a3, 26
core   0: 3 0x8000768e (0x86e9) x13 0x00000000
core   0: 0x80007690 (0x003cd313) srli    t1, s9, 3
core   0: 3 0x80007690 (0x003cd313) x 6 0x00000000
core   0: 0x80007694 (0x01d1d663) bge     gp, t4, pc + 12
core   0: 3 0x80007694 (0x01d1d663)
core   0: 0x800076a0 (0x0ff0000f) fence   iorw,iorw
core   0: 3 0x800076a0 (0x0ff0000f)
core   0: 0x800076a4 (0x40510cb3) sub     s9, sp, t0
core   0: 3 0x800076a4 (0x40510cb3) x25 0x7ff8c174
core   0: 0x800076a8 (0x40800b33) sub     s6, zero, s0
core   0: 3 0x800076a8 (0x40800b33) x22 0xffffffff
core   0: 0x800076ac (0x00006f4d) c.lui   t5, 0x13
core   0: 3 0x800076ac (0x6f4d) x30 0x00013000
core   0: 0x800076ae (0x02a4cf33) div     t5, s1, a0
core   0: 3 0x800076ae (0x02a4cf33) x30 0xffffffff
core   0: 0x800076b2 (0x00008eb9) c.xor   a3, a4
core   0: 3 0x800076b2 (0x8eb9) x13 0x0000016b
core   0: 0x800076b4 (0x0279f233) remu    tp, s3, t2
core   0: 3 0x800076b4 (0x0279f233) x 4 0x00000000
core   0: 0x800076b8 (0x017370b3) and     ra, t1, s7
core   0: 3 0x800076b8 (0x017370b3) x 1 0x00000000
core   0: 0x800076bc (0x034f4b63) blt     t5, s4, pc + 54
core   0: 3 0x800076bc (0x034f4b63)
core   0: 0x800076c0 (0x000081b9) c.srli  a1, 14
core   0: 3 0x800076c0 (0x81b9) x11 0x00000000
core   0: 0x800076c2 (0x019d0963) beq     s10, s9, pc + 18
core   0: 3 0x800076c2 (0x019d0963)
core   0: 0x800076c6 (0xdf1a2993) slti    s3, s4, -527
core   0: 3 0x800076c6 (0xdf1a2993) x19 0x00000001
core   0: 0x800076ca (0x039b16b3) mulh    a3, s6, s9
core   0: 3 0x800076ca (0x039b16b3) x13 0xffffffff
core   0: 0x800076ce (0xafd6d8b7) lui     a7, 0xafd6d
core   0: 3 0x800076ce (0xafd6d8b7) x17 0xafd6d000
core   0: 0x800076d2 (0x00000001) c.nop
core   0: 3 0x800076d2 (0x0001)
core   0: 0x800076d4 (0x44b45417) auipc   s0, 0x44b45
core   0: 3 0x800076d4 (0x44b45417) x 8 0xc4b4c6d4
core   0: 0x800076d8 (0x00008a25) c.andi  a2, 9
core   0: 3 0x800076d8 (0x8a25) x12 0x00000001
core   0: 0x800076da (0x016515b3) sll     a1, a0, s6
core   0: 3 0x800076da (0x016515b3) x11 0x00000000
core   0: 0x800076de (0x00008515) c.srai  a0, 5
core   0: 3 0x800076de (0x8515) x10 0x00000000
core   0: 0x800076e0 (0x03816033) rem     zero, sp, s8
core   0: 3 0x800076e0 (0x03816033)
core   0: 0x800076e4 (0x011dd133) srl     sp, s11, a7
core   0: 3 0x800076e4 (0x011dd133) x 2 0x00000023
core   0: 0x800076e8 (0x0000167d) c.addi  a2, -1
core   0: 3 0x800076e8 (0x167d) x12 0x00000000
core   0: 0x800076ea (0x03dcfd33) remu    s10, s9, t4
core   0: 3 0x800076ea (0x03dcfd33) x26 0x7ff8c174
core   0: 0x800076ee (0x02ae3e33) mulhu   t3, t3, a0
core   0: 3 0x800076ee (0x02ae3e33) x28 0x00000000
core   0: 0x800076f2 (0x02195c63) bge     s2, ra, pc + 56
core   0: 3 0x800076f2 (0x02195c63)
core   0: 0x800076f6 (0x00000001) c.nop
core   0: 3 0x800076f6 (0x0001)
core   0: 0x800076f8 (0x01995e33) srl     t3, s2, s9
core   0: 3 0x800076f8 (0x01995e33) x28 0x00000fff
core   0: 0x800076fc (0x00008925) c.andi  a0, 9
core   0: 3 0x800076fc (0x8925) x10 0x00000000
core   0: 0x800076fe (0x00008495) c.srai  s1, 5
core   0: 3 0x800076fe (0x8495) x 9 0x00000000
core   0: 0x80007700 (0x417cde13) srai    t3, s9, 23
core   0: 3 0x80007700 (0x417cde13) x28 0x000000ff
core   0: 0x80007704 (0x00d0e533) or      a0, ra, a3
core   0: 3 0x80007704 (0x00d0e533) x10 0xffffffff
core   0: 0x80007708 (0x39d87e93) andi    t4, a6, 925
core   0: 3 0x80007708 (0x39d87e93) x29 0x00000001
core   0: 0x8000770c (0x00008d65) c.and   a0, s1
core   0: 3 0x8000770c (0x8d65) x10 0x00000000
core   0: 0x8000770e (0x0387df33) divu    t5, a5, s8
core   0: 3 0x8000770e (0x0387df33) x30 0x00000000
core   0: 0x80007712 (0x00000001) c.nop
core   0: 3 0x80007712 (0x0001)
core   0: 0x80007714 (0x0000547d) c.li    s0, -1
core   0: 3 0x80007714 (0x547d) x 8 0xffffffff
core   0: 0x80007716 (0xa8c2bf93) sltiu   t6, t0, -1396
core   0: 3 0x80007716 (0xa8c2bf93) x31 0x00000001
core   0: 0x8000771a (0x0000e1a9) c.bnez  a1, pc + 66
core   0: 3 0x8000771a (0xe1a9)
core   0: 0x8000771c (0x00e80db3) add     s11, a6, a4
core   0: 3 0x8000771c (0x00e80db3) x27 0xfffffdae
core   0: 0x80007720 (0x00008351) c.srli  a4, 20
core   0: 3 0x80007720 (0x8351) x14 0x00000000
core   0: 0x80007722 (0x9d200137) lui     sp, 0x9d200
core   0: 3 0x80007722 (0x9d200137) x 2 0x9d200000
core   0: 0x80007726 (0x01f54333) xor     t1, a0, t6
core   0: 3 0x80007726 (0x01f54333) x 6 0x00000001
core   0: 0x8000772a (0x00008bc6) c.mv    s7, a7
core   0: 3 0x8000772a (0x8bc6) x23 0xafd6d000
core   0: 0x8000772c (0x0ff0000f) fence   iorw,iorw
core   0: 3 0x8000772c (0x0ff0000f)
core   0: 0x80007730 (0x01814563) blt     sp, s8, pc + 10
core   0: 3 0x80007730 (0x01814563)
core   0: 0x8000773a (0x00ac3833) sltu    a6, s8, a0
core   0: 3 0x8000773a (0x00ac3833) x16 0x00000000
core   0: 0x8000773e (0x00004921) c.li    s2, 8
core   0: 3 0x8000773e (0x4921) x18 0x00000008
core   0: 0x80007740 (0x0140f3b3) and     t2, ra, s4
core   0: 3 0x80007740 (0x0140f3b3) x 7 0x00000000
core   0: 0x80007744 (0x00c54bb3) xor     s7, a0, a2
core   0: 3 0x80007744 (0x00c54bb3) x23 0x00000000
core   0: 0x80007748 (0x03d21db3) mulh    s11, tp, t4
core   0: 3 0x80007748 (0x03d21db3) x27 0x00000000
core   0: 0x8000774c (0x00008f09) c.sub   a4, a0
core   0: 3 0x8000774c (0x8f09) x14 0x00000000
core   0: 0x8000774e (0x019796b3) sll     a3, a5, s9
core   0: 3 0x8000774e (0x019796b3) x13 0xe6400000
core   0: 0x80007752 (0x95580413) addi    s0, a6, -1707
core   0: 3 0x80007752 (0x95580413) x 8 0xfffff955
core   0: 0x80007756 (0x00000001) c.nop
core   0: 3 0x80007756 (0x0001)
core   0: 0x80007758 (0x0369b3b3) mulhu   t2, s3, s6
core   0: 3 0x80007758 (0x0369b3b3) x 7 0x00000000
core   0: 0x8000775c (0x0000c699) c.beqz  a3, pc + 14
core   0: 3 0x8000775c (0xc699)
core   0: 0x8000775e (0x030d3333) mulhu   t1, s10, a6
core   0: 3 0x8000775e (0x030d3333) x 6 0x00000000
core   0: 0x80007762 (0x003af663) bgeu    s5, gp, pc + 12
core   0: 3 0x80007762 (0x003af663)
core   0: 0x8000776e (0x000085e2) c.mv    a1, s8
core   0: 3 0x8000776e (0x85e2) x11 0xfdf3c45b
core   0: 0x80007770 (0x00613233) sltu    tp, sp, t1
core   0: 3 0x80007770 (0x00613233) x 4 0x00000000
core   0: 0x80007774 (0x00000001) c.nop
core   0: 3 0x80007774 (0x0001)
core   0: 0x80007776 (0x00008485) c.srai  s1, 1
core   0: 3 0x80007776 (0x8485) x 9 0x00000000
core   0: 0x80007778 (0x00000888) c.addi4spn a0, sp, 80
core   0: 3 0x80007778 (0x0888) x10 0x9d200050
core   0: 0x8000777a (0x03c70763) beq     a4, t3, pc + 46
core   0: 3 0x8000777a (0x03c70763)
core   0: 0x8000777e (0xee22b313) sltiu   t1, t0, -286
core   0: 3 0x8000777e (0xee22b313) x 6 0x00000001
core   0: 0x80007782 (0xc07ecb93) xori    s7, t4, -1017
core   0: 3 0x80007782 (0xc07ecb93) x23 0xfffffc06
core   0: 0x80007786 (0x00008d95) c.sub   a1, a3
core   0: 3 0x80007786 (0x8d95) x11 0x17b3c45b
core   0: 0x80007788 (0x03ae15b3) mulh    a1, t3, s10
core   0: 3 0x80007788 (0x03ae15b3) x11 0x0000007f
core   0: 0x8000778c (0x005268b3) or      a7, tp, t0
core   0: 3 0x8000778c (0x005268b3) x17 0x80073e67
core   0: 0x80007790 (0x00000001) c.nop
core   0: 3 0x80007790 (0x0001)
core   0: 0x80007792 (0x0000ea8d) c.bnez  a3, pc + 50
core   0: 3 0x80007792 (0xea8d)
core   0: 0x800077c4 (0x0000008a) c.slli  ra, 2
core   0: 3 0x800077c4 (0x008a) x 1 0x00000000
core   0: 0x800077c6 (0x004b2833) slt     a6, s6, tp
core   0: 3 0x800077c6 (0x004b2833) x16 0x00000001
core   0: 0x800077ca (0x01ce06b3) add     a3, t3, t3
core   0: 3 0x800077ca (0x01ce06b3) x13 0x000001fe
core   0: 0x800077ce (0x00008d95) c.sub   a1, a3
core   0: 3 0x800077ce (0x8d95) x11 0xfffffe81
core   0: 0x800077d0 (0x017b0f33) add     t5, s6, s7
core   0: 3 0x800077d0 (0x017b0f33) x30 0xfffffc05
core   0: 0x800077d4 (0x03d995b3) mulh    a1, s3, t4
core   0: 3 0x800077d4 (0x03d995b3) x11 0x00000000
core   0: 0x800077d8 (0x00008d1d) c.sub   a0, a5
core   0: 3 0x800077d8 (0x8d1d) x10 0x1d1de1ec
core   0: 0x800077da (0x03421533) mulh    a0, tp, s4
core   0: 3 0x800077da (0x03421533) x10 0x00000000
core   0: 0x800077de (0x53602217) auipc   tp, 0x53602
core   0: 3 0x800077de (0x53602217) x 4 0xd36097de
core   0: 0x800077e2 (0x03971233) mulh    tp, a4, s9
core   0: 3 0x800077e2 (0x03971233) x 4 0x00000000
core   0: 0x800077e6 (0x0ff0000f) fence   iorw,iorw
core   0: 3 0x800077e6 (0x0ff0000f)
core   0: 0x800077ea (0x85532297) auipc   t0, 0x85532
core   0: 3 0x800077ea (0x85532297) x 5 0x055397ea
core   0: 0x800077ee (0x03c15533) divu    a0, sp, t3
core   0: 3 0x800077ee (0x03c15533) x10 0x009dbdbd
core   0: 0x800077f2 (0xc7372717) auipc   a4, 0xc7372
core   0: 3 0x800077f2 (0xc7372717) x14 0x473797f2
core   0: 0x800077f6 (0x01d9b633) sltu    a2, s3, t4
core   0: 3 0x800077f6 (0x01d9b633) x12 0x00000000
core   0: 0x800077fa (0x0268f3b3) remu    t2, a7, t1
core   0: 3 0x800077fa (0x0268f3b3) x 7 0x00000000
core   0: 0x800077fe (0x00008af6) c.mv    s5, t4
core   0: 3 0x800077fe (0x8af6) x21 0x00000001
core   0: 0x80007800 (0x0000100f) fence.i
core   0: 3 0x80007800 (0x0000100f)
core   0: 0x80007804 (0x01ff8bb3) add     s7, t6, t6
core   0: 3 0x80007804 (0x01ff8bb3) x23 0x00000002
core   0: 0x80007808 (0x00000c17) auipc   s8, 0x0
core   0: 3 0x80007808 (0x00000c17) x24 0x80007808
core   0: 0x8000780c (0x00cc0c13) addi    s8, s8, 12
core   0: 3 0x8000780c (0x00cc0c13) x24 0x80007814
core   0: 0x80007810 (0x000c0067) jr      s8
core   0: 3 0x80007810 (0x000c0067)
core   0: 0x80007814 (0x00004185) c.li    gp, 1
core   0: 3 0x80007814 (0x4185) x 3 0x00000001
core   0: 0x80007816 (0x00000073) ecall
core   0: exception trap_machine_ecall, epc 0x80007816
core   0: >>>>  mtvec_handler
core   0: 0x8000b720 (0x00001a71) c.addi  s4, -4
core   0: 3 0x8000b720 (0x1a71) x20 0x80025ce0
core   0: 0x8000b722 (0x00fa2023) sw      a5, 0(s4)
core   0: 3 0x8000b722 (0x00fa2023) mem 0x80025ce0 0x80021e64
core   0: 0x8000b726 (0x000a07b3) add     a5, s4, zero
core   0: 3 0x8000b726 (0x000a07b3) x15 0x80025ce0
core   0: 0x8000b72a (0xf8078793) addi    a5, a5, -128
core   0: 3 0x8000b72a (0xf8078793) x15 0x80025c60
core   0: 0x8000b72e (0x0017a223) sw      ra, 4(a5)
core   0: 3 0x8000b72e (0x0017a223) mem 0x80025c64 0x00000000
core   0: 0x8000b732 (0x0027a423) sw      sp, 8(a5)
core   0: 3 0x8000b732 (0x0027a423) mem 0x80025c68 0x9d200000
core   0: 0x8000b736 (0x0037a623) sw      gp, 12(a5)
core   0: 3 0x8000b736 (0x0037a623) mem 0x80025c6c 0x00000001
core   0: 0x8000b73a (0x0047a823) sw      tp, 16(a5)
core   0: 3 0x8000b73a (0x0047a823) mem 0x80025c70 0x00000000
core   0: 0x8000b73e (0x0057aa23) sw      t0, 20(a5)
core   0: 3 0x8000b73e (0x0057aa23) mem 0x80025c74 0x055397ea
core   0: 0x8000b742 (0x0067ac23) sw      t1, 24(a5)
core   0: 3 0x8000b742 (0x0067ac23) mem 0x80025c78 0x00000001
core   0: 0x8000b746 (0x0077ae23) sw      t2, 28(a5)
core   0: 3 0x8000b746 (0x0077ae23) mem 0x80025c7c 0x00000000
core   0: 0x8000b74a (0x0000d380) c.sw    s0, 32(a5)
core   0: 3 0x8000b74a (0xd380) mem 0x80025c80 0xfffff955
core   0: 0x8000b74c (0x0000d3c4) c.sw    s1, 36(a5)
core   0: 3 0x8000b74c (0xd3c4) mem 0x80025c84 0x00000000
core   0: 0x8000b74e (0x0000d788) c.sw    a0, 40(a5)
core   0: 3 0x8000b74e (0xd788) mem 0x80025c88 0x009dbdbd
core   0: 0x8000b750 (0x0000d7cc) c.sw    a1, 44(a5)
core   0: 3 0x8000b750 (0xd7cc) mem 0x80025c8c 0x00000000
core   0: 0x8000b752 (0x0000db90) c.sw    a2, 48(a5)
core   0: 3 0x8000b752 (0xdb90) mem 0x80025c90 0x00000000
core   0: 0x8000b754 (0x0000dbd4) c.sw    a3, 52(a5)
core   0: 3 0x8000b754 (0xdbd4) mem 0x80025c94 0x000001fe
core   0: 0x8000b756 (0x0000df98) c.sw    a4, 56(a5)
core   0: 3 0x8000b756 (0xdf98) mem 0x80025c98 0x473797f2
core   0: 0x8000b758 (0x0000dfdc) c.sw    a5, 60(a5)
core   0: 3 0x8000b758 (0xdfdc) mem 0x80025c9c 0x80025c60
core   0: 0x8000b75a (0x0507a023) sw      a6, 64(a5)
core   0: 3 0x8000b75a (0x0507a023) mem 0x80025ca0 0x00000001
core   0: 0x8000b75e (0x0517a223) sw      a7, 68(a5)
core   0: 3 0x8000b75e (0x0517a223) mem 0x80025ca4 0x80073e67
core   0: 0x8000b762 (0x0527a423) sw      s2, 72(a5)
core   0: 3 0x8000b762 (0x0527a423) mem 0x80025ca8 0x00000008
core   0: 0x8000b766 (0x0537a623) sw      s3, 76(a5)
core   0: 3 0x8000b766 (0x0537a623) mem 0x80025cac 0x00000001
core   0: 0x8000b76a (0x0547a823) sw      s4, 80(a5)
core   0: 3 0x8000b76a (0x0547a823) mem 0x80025cb0 0x80025ce0
core   0: 0x8000b76e (0x0557aa23) sw      s5, 84(a5)
core   0: 3 0x8000b76e (0x0557aa23) mem 0x80025cb4 0x00000001
core   0: 0x8000b772 (0x0567ac23) sw      s6, 88(a5)
core   0: 3 0x8000b772 (0x0567ac23) mem 0x80025cb8 0xffffffff
core   0: 0x8000b776 (0x0577ae23) sw      s7, 92(a5)
core   0: 3 0x8000b776 (0x0577ae23) mem 0x80025cbc 0x00000002
core   0: 0x8000b77a (0x0787a023) sw      s8, 96(a5)
core   0: 3 0x8000b77a (0x0787a023) mem 0x80025cc0 0x80007814
core   0: 0x8000b77e (0x0797a223) sw      s9, 100(a5)
core   0: 3 0x8000b77e (0x0797a223) mem 0x80025cc4 0x7ff8c174
core   0: 0x8000b782 (0x07a7a423) sw      s10, 104(a5)
core   0: 3 0x8000b782 (0x07a7a423) mem 0x80025cc8 0x7ff8c174
core   0: 0x8000b786 (0x07b7a623) sw      s11, 108(a5)
core   0: 3 0x8000b786 (0x07b7a623) mem 0x80025ccc 0x00000000
core   0: 0x8000b78a (0x07c7a823) sw      t3, 112(a5)
core   0: 3 0x8000b78a (0x07c7a823) mem 0x80025cd0 0x000000ff
core   0: 0x8000b78e (0x07d7aa23) sw      t4, 116(a5)
core   0: 3 0x8000b78e (0x07d7aa23) mem 0x80025cd4 0x00000001
core   0: 0x8000b792 (0x07e7ac23) sw      t5, 120(a5)
core   0: 3 0x8000b792 (0x07e7ac23) mem 0x80025cd8 0xfffffc05
core   0: 0x8000b796 (0x07f7ae23) sw      t6, 124(a5)
core   0: 3 0x8000b796 (0x07f7ae23) mem 0x80025cdc 0x00000001
core   0: 0x8000b79a (0x00078a33) add     s4, a5, zero
core   0: 3 0x8000b79a (0x00078a33) x20 0x80025c60
core   0: 0x8000b79e (0x30002373) csrr    t1, mstatus
core   0: 3 0x8000b79e (0x30002373) x 6 0x00001800
core   0: 0x8000b7a2 (0x34202373) csrr    t1, mcause
core   0: 3 0x8000b7a2 (0x34202373) x 6 0x0000000b
core   0: 0x8000b7a6 (0x01f35313) srli    t1, t1, 31
core   0: 3 0x8000b7a6 (0x01f35313) x 6 0x00000000
core   0: 0x8000b7aa (0x38031963) bnez    t1, pc + 914
core   0: 3 0x8000b7aa (0x38031963)
core   0: 0x8000b7ae (0x34102373) csrr    t1, mepc
core   0: 3 0x8000b7ae (0x34102373) x 6 0x80007816
core   0: 0x8000b7b2 (0x34202373) csrr    t1, mcause
core   0: 3 0x8000b7b2 (0x34202373) x 6 0x0000000b
core   0: 0x8000b7b6 (0x0000470d) c.li    a4, 3
core   0: 3 0x8000b7b6 (0x470d) x14 0x00000003
core   0: 0x8000b7b8 (0x26e30563) beq     t1, a4, pc + 618
core   0: 3 0x8000b7b8 (0x26e30563)
core   0: 0x8000b7bc (0x00004721) c.li    a4, 8
core   0: 3 0x8000b7bc (0x4721) x14 0x00000008
core   0: 0x8000b7be (0x04e30563) beq     t1, a4, pc + 74
core   0: 3 0x8000b7be (0x04e30563)
core   0: 0x8000b7c2 (0x00004725) c.li    a4, 9
core   0: 3 0x8000b7c2 (0x4725) x14 0x00000009
core   0: 0x8000b7c4 (0x04e30263) beq     t1, a4, pc + 68
core   0: 3 0x8000b7c4 (0x04e30263)
core   0: 0x8000b7c8 (0x0000472d) c.li    a4, 11
core   0: 3 0x8000b7c8 (0x472d) x14 0x0000000b
core   0: 0x8000b7ca (0x02e30f63) beq     t1, a4, pc + 62
core   0: 3 0x8000b7ca (0x02e30f63)
core   0: 0x8000b808 (0xffff4317) auipc   t1, 0xffff4
core   0: 3 0x8000b808 (0xffff4317) x 6 0x7ffff808
core   0: 0x8000b80c (0x7f830313) addi    t1, t1, 2040
core   0: 3 0x8000b80c (0x7f830313) x 6 0x80000000
core   0: 0x8000b810 (0x00032023) sw      zero, 0(t1)
core   0: 3 0x8000b810 (0x00032023) mem 0x80000000 0x00000000
core   0: 0x8000b814 (0x00132223) sw      ra, 4(t1)
core   0: 3 0x8000b814 (0x00132223) mem 0x80000004 0x00000000
core   0: 0x8000b818 (0x00232423) sw      sp, 8(t1)
core   0: 3 0x8000b818 (0x00232423) mem 0x80000008 0x9d200000
core   0: 0x8000b81c (0x00332623) sw      gp, 12(t1)
core   0: 3 0x8000b81c (0x00332623) mem 0x8000000c 0x00000001
core   0: 0x8000b820 (0x00432823) sw      tp, 16(t1)
core   0: 3 0x8000b820 (0x00432823) mem 0x80000010 0x00000000
core   0: 0x8000b824 (0x00532a23) sw      t0, 20(t1)
core   0: 3 0x8000b824 (0x00532a23) mem 0x80000014 0x055397ea
core   0: 0x8000b828 (0x00632c23) sw      t1, 24(t1)
core   0: 3 0x8000b828 (0x00632c23) mem 0x80000018 0x80000000
core   0: 0x8000b82c (0x00732e23) sw      t2, 28(t1)
core   0: 3 0x8000b82c (0x00732e23) mem 0x8000001c 0x00000000
core   0: 0x8000b830 (0x02832023) sw      s0, 32(t1)
core   0: 3 0x8000b830 (0x02832023) mem 0x80000020 0xfffff955
core   0: 0x8000b834 (0x02932223) sw      s1, 36(t1)
core   0: 3 0x8000b834 (0x02932223) mem 0x80000024 0x00000000
core   0: 0x8000b838 (0x02a32423) sw      a0, 40(t1)
core   0: 3 0x8000b838 (0x02a32423) mem 0x80000028 0x009dbdbd
core   0: 0x8000b83c (0x02b32623) sw      a1, 44(t1)
core   0: 3 0x8000b83c (0x02b32623) mem 0x8000002c 0x00000000
core   0: 0x8000b840 (0x02c32823) sw      a2, 48(t1)
core   0: 3 0x8000b840 (0x02c32823) mem 0x80000030 0x00000000
core   0: 0x8000b844 (0x02d32a23) sw      a3, 52(t1)
core   0: 3 0x8000b844 (0x02d32a23) mem 0x80000034 0x000001fe
core   0: 0x8000b848 (0x02e32c23) sw      a4, 56(t1)
core   0: 3 0x8000b848 (0x02e32c23) mem 0x80000038 0x0000000b
core   0: 0x8000b84c (0x02f32e23) sw      a5, 60(t1)
core   0: 3 0x8000b84c (0x02f32e23) mem 0x8000003c 0x80025c60
core   0: 0x8000b850 (0x05032023) sw      a6, 64(t1)
core   0: 3 0x8000b850 (0x05032023) mem 0x80000040 0x00000001
core   0: 0x8000b854 (0x05132223) sw      a7, 68(t1)
core   0: 3 0x8000b854 (0x05132223) mem 0x80000044 0x80073e67
core   0: 0x8000b858 (0x05232423) sw      s2, 72(t1)
core   0: 3 0x8000b858 (0x05232423) mem 0x80000048 0x00000008
core   0: 0x8000b85c (0x05332623) sw      s3, 76(t1)
core   0: 3 0x8000b85c (0x05332623) mem 0x8000004c 0x00000001
core   0: 0x8000b860 (0x05432823) sw      s4, 80(t1)
core   0: 3 0x8000b860 (0x05432823) mem 0x80000050 0x80025c60
core   0: 0x8000b864 (0x05532a23) sw      s5, 84(t1)
core   0: 3 0x8000b864 (0x05532a23) mem 0x80000054 0x00000001
core   0: 0x8000b868 (0x05632c23) sw      s6, 88(t1)
core   0: 3 0x8000b868 (0x05632c23) mem 0x80000058 0xffffffff
core   0: 0x8000b86c (0x05732e23) sw      s7, 92(t1)
core   0: 3 0x8000b86c (0x05732e23) mem 0x8000005c 0x00000002
core   0: 0x8000b870 (0x07832023) sw      s8, 96(t1)
core   0: 3 0x8000b870 (0x07832023) mem 0x80000060 0x80007814
core   0: 0x8000b874 (0x07932223) sw      s9, 100(t1)
core   0: 3 0x8000b874 (0x07932223) mem 0x80000064 0x7ff8c174
core   0: 0x8000b878 (0x07a32423) sw      s10, 104(t1)
core   0: 3 0x8000b878 (0x07a32423) mem 0x80000068 0x7ff8c174
core   0: 0x8000b87c (0x07b32623) sw      s11, 108(t1)
core   0: 3 0x8000b87c (0x07b32623) mem 0x8000006c 0x00000000
core   0: 0x8000b880 (0x07c32823) sw      t3, 112(t1)
core   0: 3 0x8000b880 (0x07c32823) mem 0x80000070 0x000000ff
core   0: 0x8000b884 (0x07d32a23) sw      t4, 116(t1)
core   0: 3 0x8000b884 (0x07d32a23) mem 0x80000074 0x00000001
core   0: 0x8000b888 (0x07e32c23) sw      t5, 120(t1)
core   0: 3 0x8000b888 (0x07e32c23) mem 0x80000078 0xfffffc05
core   0: 0x8000b88c (0x07f32e23) sw      t6, 124(t1)
core   0: 3 0x8000b88c (0x07f32e23) mem 0x8000007c 0x00000001
core   0: 0x8000b890 (0x00000c17) auipc   s8, 0x0
core   0: 3 0x8000b890 (0x00000c17) x24 0x8000b890
core   0: 0x8000b894 (0xe82c0c13) addi    s8, s8, -382
core   0: 3 0x8000b894 (0xe82c0c13) x24 0x8000b712
core   0: 0x8000b898 (0x000c0067) jr      s8
core   0: 3 0x8000b898 (0x000c0067)
core   0: 0x8000b712 (0x00001f17) auipc   t5, 0x1
core   0: 3 0x8000b712 (0x00001f17) x30 0x8000c712
core   0: 0x8000b716 (0x8e3f2723) sw      gp, -1810(t5)
core   0: 3 0x8000b716 (0x8e3f2723) mem 0x8000c000 0x00000001
core   0: 0x8000b71a (0x0000bfe5) c.j     pc - 8
core   0: 3 0x8000b71a (0xbfe5)
core   0: 0x8000b712 (0x00001f17) auipc   t5, 0x1
core   0: 3 0x8000b712 (0x00001f17) x30 0x8000c712
core   0: 0x8000b716 (0x8e3f2723) sw      gp, -1810(t5)
core   0: 3 0x8000b716 (0x8e3f2723) mem 0x8000c000 0x00000001
core   0: 0x8000b71a (0x0000bfe5) c.j     pc - 8
core   0: 3 0x8000b71a (0xbfe5)
core   0: 0x8000b712 (0x00001f17) auipc   t5, 0x1
core   0: 3 0x8000b712 (0x00001f17) x30 0x8000c712
core   0: 0x8000b716 (0x8e3f2723) sw      gp, -1810(t5)
core   0: 3 0x8000b716 (0x8e3f2723) mem 0x8000c000 0x00000001
core   0: 0x8000b71a (0x0000bfe5) c.j     pc - 8
core   0: 3 0x8000b71a (0xbfe5)
core   0: 0x8000b712 (0x00001f17) auipc   t5, 0x1
core   0: 3 0x8000b712 (0x00001f17) x30 0x8000c712
core   0: 0x8000b716 (0x8e3f2723) sw      gp, -1810(t5)
core   0: 3 0x8000b716 (0x8e3f2723) mem 0x8000c000 0x00000001
core   0: 0x8000b71a (0x0000bfe5) c.j     pc - 8
core   0: 3 0x8000b71a (0xbfe5)
core   0: 0x8000b712 (0x00001f17) auipc   t5, 0x1
core   0: 3 0x8000b712 (0x00001f17) x30 0x8000c712
core   0: 0x8000b716 (0x8e3f2723) sw      gp, -1810(t5)
core   0: 3 0x8000b716 (0x8e3f2723) mem 0x8000c000 0x00000001
core   0: 0x8000b71a (0x0000bfe5) c.j     pc - 8
core   0: 3 0x8000b71a (0xbfe5)
core   0: 0x8000b712 (0x00001f17) auipc   t5, 0x1
core   0: 3 0x8000b712 (0x00001f17) x30 0x8000c712
core   0: 0x8000b716 (0x8e3f2723) sw      gp, -1810(t5)
core   0: 3 0x8000b716 (0x8e3f2723) mem 0x8000c000 0x00000001
core   0: 0x8000b71a (0x0000bfe5) c.j     pc - 8
core   0: 3 0x8000b71a (0xbfe5)
core   0: 0x8000b712 (0x00001f17) auipc   t5, 0x1
core   0: 3 0x8000b712 (0x00001f17) x30 0x8000c712
core   0: 0x8000b716 (0x8e3f2723) sw      gp, -1810(t5)
core   0: 3 0x8000b716 (0x8e3f2723) mem 0x8000c000 0x00000001
core   0: 0x8000b71a (0x0000bfe5) c.j     pc - 8
core   0: 3 0x8000b71a (0xbfe5)
core   0: 0x8000b712 (0x00001f17) auipc   t5, 0x1
core   0: 3 0x8000b712 (0x00001f17) x30 0x8000c712
core   0: 0x8000b716 (0x8e3f2723) sw      gp, -1810(t5)
core   0: 3 0x8000b716 (0x8e3f2723) mem 0x8000c000 0x00000001
core   0: 0x8000b71a (0x0000bfe5) c.j     pc - 8
core   0: 3 0x8000b71a (0xbfe5)
core   0: 0x8000b712 (0x00001f17) auipc   t5, 0x1
core   0: 3 0x8000b712 (0x00001f17) x30 0x8000c712
core   0: 0x8000b716 (0x8e3f2723) sw      gp, -1810(t5)
core   0: 3 0x8000b716 (0x8e3f2723) mem 0x8000c000 0x00000001
core   0: 0x8000b71a (0x0000bfe5) c.j     pc - 8
core   0: 3 0x8000b71a (0xbfe5)
core   0: 0x8000b712 (0x00001f17) auipc   t5, 0x1
core   0: 3 0x8000b712 (0x00001f17) x30 0x8000c712
core   0: 0x8000b716 (0x8e3f2723) sw      gp, -1810(t5)
core   0: 3 0x8000b716 (0x8e3f2723) mem 0x8000c000 0x00000001
core   0: 0x8000b71a (0x0000bfe5) c.j     pc - 8
core   0: 3 0x8000b71a (0xbfe5)
core   0: 0x8000b712 (0x00001f17) auipc   t5, 0x1
core   0: 3 0x8000b712 (0x00001f17) x30 0x8000c712
core   0: 0x8000b716 (0x8e3f2723) sw      gp, -1810(t5)
core   0: 3 0x8000b716 (0x8e3f2723) mem 0x8000c000 0x00000001
core   0: 0x8000b71a (0x0000bfe5) c.j     pc - 8
core   0: 3 0x8000b71a (0xbfe5)
core   0: 0x8000b712 (0x00001f17) auipc   t5, 0x1
core   0: 3 0x8000b712 (0x00001f17) x30 0x8000c712
core   0: 0x8000b716 (0x8e3f2723) sw      gp, -1810(t5)
core   0: 3 0x8000b716 (0x8e3f2723) mem 0x8000c000 0x00000001
core   0: 0x8000b71a (0x0000bfe5) c.j     pc - 8
core   0: 3 0x8000b71a (0xbfe5)
core   0: 0x8000b712 (0x00001f17) auipc   t5, 0x1
core   0: 3 0x8000b712 (0x00001f17) x30 0x8000c712
core   0: 0x8000b716 (0x8e3f2723) sw      gp, -1810(t5)
core   0: 3 0x8000b716 (0x8e3f2723) mem 0x8000c000 0x00000001
core   0: 0x8000b71a (0x0000bfe5) c.j     pc - 8
core   0: 3 0x8000b71a (0xbfe5)
core   0: 0x8000b712 (0x00001f17) auipc   t5, 0x1
core   0: 3 0x8000b712 (0x00001f17) x30 0x8000c712
core   0: 0x8000b716 (0x8e3f2723) sw      gp, -1810(t5)
core   0: 3 0x8000b716 (0x8e3f2723) mem 0x8000c000 0x00000001
core   0: 0x8000b71a (0x0000bfe5) c.j     pc - 8
core   0: 3 0x8000b71a (0xbfe5)
core   0: 0x8000b712 (0x00001f17) auipc   t5, 0x1
core   0: 3 0x8000b712 (0x00001f17) x30 0x8000c712
core   0: 0x8000b716 (0x8e3f2723) sw      gp, -1810(t5)
core   0: 3 0x8000b716 (0x8e3f2723) mem 0x8000c000 0x00000001
core   0: 0x8000b71a (0x0000bfe5) c.j     pc - 8
core   0: 3 0x8000b71a (0xbfe5)
core   0: 0x8000b712 (0x00001f17) auipc   t5, 0x1
core   0: 3 0x8000b712 (0x00001f17) x30 0x8000c712
core   0: 0x8000b716 (0x8e3f2723) sw      gp, -1810(t5)
core   0: 3 0x8000b716 (0x8e3f2723) mem 0x8000c000 0x00000001
core   0: 0x8000b71a (0x0000bfe5) c.j     pc - 8
core   0: 3 0x8000b71a (0xbfe5)
core   0: 0x8000b712 (0x00001f17) auipc   t5, 0x1
core   0: 3 0x8000b712 (0x00001f17) x30 0x8000c712
core   0: 0x8000b716 (0x8e3f2723) sw      gp, -1810(t5)
core   0: 3 0x8000b716 (0x8e3f2723) mem 0x8000c000 0x00000001
core   0: 0x8000b71a (0x0000bfe5) c.j     pc - 8
core   0: 3 0x8000b71a (0xbfe5)
core   0: 0x8000b712 (0x00001f17) auipc   t5, 0x1
core   0: 3 0x8000b712 (0x00001f17) x30 0x8000c712
core   0: 0x8000b716 (0x8e3f2723) sw      gp, -1810(t5)
core   0: 3 0x8000b716 (0x8e3f2723) mem 0x8000c000 0x00000001
core   0: 0x8000b71a (0x0000bfe5) c.j     pc - 8
core   0: 3 0x8000b71a (0xbfe5)
core   0: 0x8000b712 (0x00001f17) auipc   t5, 0x1
core   0: 3 0x8000b712 (0x00001f17) x30 0x8000c712
core   0: 0x8000b716 (0x8e3f2723) sw      gp, -1810(t5)
core   0: 3 0x8000b716 (0x8e3f2723) mem 0x8000c000 0x00000001
core   0: 0x8000b71a (0x0000bfe5) c.j     pc - 8
core   0: 3 0x8000b71a (0xbfe5)
core   0: 0x8000b712 (0x00001f17) auipc   t5, 0x1
core   0: 3 0x8000b712 (0x00001f17) x30 0x8000c712
core   0: 0x8000b716 (0x8e3f2723) sw      gp, -1810(t5)
core   0: 3 0x8000b716 (0x8e3f2723) mem 0x8000c000 0x00000001
core   0: 0x8000b71a (0x0000bfe5) c.j     pc - 8
core   0: 3 0x8000b71a (0xbfe5)
core   0: 0x8000b712 (0x00001f17) auipc   t5, 0x1
core   0: 3 0x8000b712 (0x00001f17) x30 0x8000c712
core   0: 0x8000b716 (0x8e3f2723) sw      gp, -1810(t5)
core   0: 3 0x8000b716 (0x8e3f2723) mem 0x8000c000 0x00000001
core   0: 0x8000b71a (0x0000bfe5) c.j     pc - 8
core   0: 3 0x8000b71a (0xbfe5)
core   0: 0x8000b712 (0x00001f17) auipc   t5, 0x1
core   0: 3 0x8000b712 (0x00001f17) x30 0x8000c712
core   0: 0x8000b716 (0x8e3f2723) sw      gp, -1810(t5)
core   0: 3 0x8000b716 (0x8e3f2723) mem 0x8000c000 0x00000001
core   0: 0x8000b71a (0x0000bfe5) c.j     pc - 8
core   0: 3 0x8000b71a (0xbfe5)
core   0: 0x8000b712 (0x00001f17) auipc   t5, 0x1
core   0: 3 0x8000b712 (0x00001f17) x30 0x8000c712
core   0: 0x8000b716 (0x8e3f2723) sw      gp, -1810(t5)
core   0: 3 0x8000b716 (0x8e3f2723) mem 0x8000c000 0x00000001
core   0: 0x8000b71a (0x0000bfe5) c.j     pc - 8
core   0: 3 0x8000b71a (0xbfe5)
core   0: 0x8000b712 (0x00001f17) auipc   t5, 0x1
core   0: 3 0x8000b712 (0x00001f17) x30 0x8000c712
core   0: 0x8000b716 (0x8e3f2723) sw      gp, -1810(t5)
core   0: 3 0x8000b716 (0x8e3f2723) mem 0x8000c000 0x00000001
core   0: 0x8000b71a (0x0000bfe5) c.j     pc - 8
core   0: 3 0x8000b71a (0xbfe5)
core   0: 0x8000b712 (0x00001f17) auipc   t5, 0x1
core   0: 3 0x8000b712 (0x00001f17) x30 0x8000c712
core   0: 0x8000b716 (0x8e3f2723) sw      gp, -1810(t5)
core   0: 3 0x8000b716 (0x8e3f2723) mem 0x8000c000 0x00000001
core   0: 0x8000b71a (0x0000bfe5) c.j     pc - 8
core   0: 3 0x8000b71a (0xbfe5)
core   0: 0x8000b712 (0x00001f17) auipc   t5, 0x1
core   0: 3 0x8000b712 (0x00001f17) x30 0x8000c712
core   0: 0x8000b716 (0x8e3f2723) sw      gp, -1810(t5)
core   0: 3 0x8000b716 (0x8e3f2723) mem 0x8000c000 0x00000001
core   0: 0x8000b71a (0x0000bfe5) c.j     pc - 8
core   0: 3 0x8000b71a (0xbfe5)
core   0: 0x8000b712 (0x00001f17) auipc   t5, 0x1
core   0: 3 0x8000b712 (0x00001f17) x30 0x8000c712
core   0: 0x8000b716 (0x8e3f2723) sw      gp, -1810(t5)
core   0: 3 0x8000b716 (0x8e3f2723) mem 0x8000c000 0x00000001
core   0: 0x8000b71a (0x0000bfe5) c.j     pc - 8
core   0: 3 0x8000b71a (0xbfe5)
core   0: 0x8000b712 (0x00001f17) auipc   t5, 0x1
core   0: 3 0x8000b712 (0x00001f17) x30 0x8000c712
core   0: 0x8000b716 (0x8e3f2723) sw      gp, -1810(t5)
core   0: 3 0x8000b716 (0x8e3f2723) mem 0x8000c000 0x00000001
core   0: 0x8000b71a (0x0000bfe5) c.j     pc - 8
core   0: 3 0x8000b71a (0xbfe5)
core   0: 0x8000b712 (0x00001f17) auipc   t5, 0x1
core   0: 3 0x8000b712 (0x00001f17) x30 0x8000c712
core   0: 0x8000b716 (0x8e3f2723) sw      gp, -1810(t5)
core   0: 3 0x8000b716 (0x8e3f2723) mem 0x8000c000 0x00000001
core   0: 0x8000b71a (0x0000bfe5) c.j     pc - 8
core   0: 3 0x8000b71a (0xbfe5)
core   0: 0x8000b712 (0x00001f17) auipc   t5, 0x1
core   0: 3 0x8000b712 (0x00001f17) x30 0x8000c712
core   0: 0x8000b716 (0x8e3f2723) sw      gp, -1810(t5)
core   0: 3 0x8000b716 (0x8e3f2723) mem 0x8000c000 0x00000001
core   0: 0x8000b71a (0x0000bfe5) c.j     pc - 8
core   0: 3 0x8000b71a (0xbfe5)
core   0: 0x8000b712 (0x00001f17) auipc   t5, 0x1
core   0: 3 0x8000b712 (0x00001f17) x30 0x8000c712
core   0: 0x8000b716 (0x8e3f2723) sw      gp, -1810(t5)
core   0: 3 0x8000b716 (0x8e3f2723) mem 0x8000c000 0x00000001
core   0: 0x8000b71a (0x0000bfe5) c.j     pc - 8
core   0: 3 0x8000b71a (0xbfe5)
core   0: 0x8000b712 (0x00001f17) auipc   t5, 0x1
core   0: 3 0x8000b712 (0x00001f17) x30 0x8000c712
core   0: 0x8000b716 (0x8e3f2723) sw      gp, -1810(t5)
core   0: 3 0x8000b716 (0x8e3f2723) mem 0x8000c000 0x00000001
core   0: 0x8000b71a (0x0000bfe5) c.j     pc - 8
core   0: 3 0x8000b71a (0xbfe5)
core   0: 0x8000b712 (0x00001f17) auipc   t5, 0x1
core   0: 3 0x8000b712 (0x00001f17) x30 0x8000c712
core   0: 0x8000b716 (0x8e3f2723) sw      gp, -1810(t5)
core   0: 3 0x8000b716 (0x8e3f2723) mem 0x8000c000 0x00000001
core   0: 0x8000b71a (0x0000bfe5) c.j     pc - 8
core   0: 3 0x8000b71a (0xbfe5)
core   0: 0x8000b712 (0x00001f17) auipc   t5, 0x1
core   0: 3 0x8000b712 (0x00001f17) x30 0x8000c712
core   0: 0x8000b716 (0x8e3f2723) sw      gp, -1810(t5)
core   0: 3 0x8000b716 (0x8e3f2723) mem 0x8000c000 0x00000001
core   0: 0x8000b71a (0x0000bfe5) c.j     pc - 8
core   0: 3 0x8000b71a (0xbfe5)
core   0: 0x8000b712 (0x00001f17) auipc   t5, 0x1
core   0: 3 0x8000b712 (0x00001f17) x30 0x8000c712
core   0: 0x8000b716 (0x8e3f2723) sw      gp, -1810(t5)
core   0: 3 0x8000b716 (0x8e3f2723) mem 0x8000c000 0x00000001
core   0: 0x8000b71a (0x0000bfe5) c.j     pc - 8
core   0: 3 0x8000b71a (0xbfe5)
core   0: 0x8000b712 (0x00001f17) auipc   t5, 0x1
core   0: 3 0x8000b712 (0x00001f17) x30 0x8000c712
core   0: 0x8000b716 (0x8e3f2723) sw      gp, -1810(t5)
core   0: 3 0x8000b716 (0x8e3f2723) mem 0x8000c000 0x00000001
core   0: 0x8000b71a (0x0000bfe5) c.j     pc - 8
core   0: 3 0x8000b71a (0xbfe5)
core   0: 0x8000b712 (0x00001f17) auipc   t5, 0x1
core   0: 3 0x8000b712 (0x00001f17) x30 0x8000c712
core   0: 0x8000b716 (0x8e3f2723) sw      gp, -1810(t5)
core   0: 3 0x8000b716 (0x8e3f2723) mem 0x8000c000 0x00000001
core   0: 0x8000b71a (0x0000bfe5) c.j     pc - 8
core   0: 3 0x8000b71a (0xbfe5)
core   0: 0x8000b712 (0x00001f17) auipc   t5, 0x1
core   0: 3 0x8000b712 (0x00001f17) x30 0x8000c712
core   0: 0x8000b716 (0x8e3f2723) sw      gp, -1810(t5)
core   0: 3 0x8000b716 (0x8e3f2723) mem 0x8000c000 0x00000001
core   0: 0x8000b71a (0x0000bfe5) c.j     pc - 8
core   0: 3 0x8000b71a (0xbfe5)
core   0: 0x8000b712 (0x00001f17) auipc   t5, 0x1
core   0: 3 0x8000b712 (0x00001f17) x30 0x8000c712
core   0: 0x8000b716 (0x8e3f2723) sw      gp, -1810(t5)
core   0: 3 0x8000b716 (0x8e3f2723) mem 0x8000c000 0x00000001
core   0: 0x8000b71a (0x0000bfe5) c.j     pc - 8
core   0: 3 0x8000b71a (0xbfe5)
core   0: 0x8000b712 (0x00001f17) auipc   t5, 0x1
core   0: 3 0x8000b712 (0x00001f17) x30 0x8000c712
core   0: 0x8000b716 (0x8e3f2723) sw      gp, -1810(t5)
core   0: 3 0x8000b716 (0x8e3f2723) mem 0x8000c000 0x00000001
core   0: 0x8000b71a (0x0000bfe5) c.j     pc - 8
core   0: 3 0x8000b71a (0xbfe5)
core   0: 0x8000b712 (0x00001f17) auipc   t5, 0x1
core   0: 3 0x8000b712 (0x00001f17) x30 0x8000c712
core   0: 0x8000b716 (0x8e3f2723) sw      gp, -1810(t5)
core   0: 3 0x8000b716 (0x8e3f2723) mem 0x8000c000 0x00000001
core   0: 0x8000b71a (0x0000bfe5) c.j     pc - 8
core   0: 3 0x8000b71a (0xbfe5)
core   0: 0x8000b712 (0x00001f17) auipc   t5, 0x1
core   0: 3 0x8000b712 (0x00001f17) x30 0x8000c712
core   0: 0x8000b716 (0x8e3f2723) sw      gp, -1810(t5)
core   0: 3 0x8000b716 (0x8e3f2723) mem 0x8000c000 0x00000001
core   0: 0x8000b71a (0x0000bfe5) c.j     pc - 8
core   0: 3 0x8000b71a (0xbfe5)
core   0: 0x8000b712 (0x00001f17) auipc   t5, 0x1
core   0: 3 0x8000b712 (0x00001f17) x30 0x8000c712
core   0: 0x8000b716 (0x8e3f2723) sw      gp, -1810(t5)
core   0: 3 0x8000b716 (0x8e3f2723) mem 0x8000c000 0x00000001
core   0: 0x8000b71a (0x0000bfe5) c.j     pc - 8
core   0: 3 0x8000b71a (0xbfe5)
core   0: 0x8000b712 (0x00001f17) auipc   t5, 0x1
core   0: 3 0x8000b712 (0x00001f17) x30 0x8000c712
core   0: 0x8000b716 (0x8e3f2723) sw      gp, -1810(t5)
core   0: 3 0x8000b716 (0x8e3f2723) mem 0x8000c000 0x00000001
core   0: 0x8000b71a (0x0000bfe5) c.j     pc - 8
core   0: 3 0x8000b71a (0xbfe5)
core   0: 0x8000b712 (0x00001f17) auipc   t5, 0x1
core   0: 3 0x8000b712 (0x00001f17) x30 0x8000c712
core   0: 0x8000b716 (0x8e3f2723) sw      gp, -1810(t5)
core   0: 3 0x8000b716 (0x8e3f2723) mem 0x8000c000 0x00000001
core   0: 0x8000b71a (0x0000bfe5) c.j     pc - 8
core   0: 3 0x8000b71a (0xbfe5)
core   0: 0x8000b712 (0x00001f17) auipc   t5, 0x1
core   0: 3 0x8000b712 (0x00001f17) x30 0x8000c712
core   0: 0x8000b716 (0x8e3f2723) sw      gp, -1810(t5)
core   0: 3 0x8000b716 (0x8e3f2723) mem 0x8000c000 0x00000001
core   0: 0x8000b71a (0x0000bfe5) c.j     pc - 8
core   0: 3 0x8000b71a (0xbfe5)
core   0: 0x8000b712 (0x00001f17) auipc   t5, 0x1
core   0: 3 0x8000b712 (0x00001f17) x30 0x8000c712
core   0: 0x8000b716 (0x8e3f2723) sw      gp, -1810(t5)
core   0: 3 0x8000b716 (0x8e3f2723) mem 0x8000c000 0x00000001
core   0: 0x8000b71a (0x0000bfe5) c.j     pc - 8
core   0: 3 0x8000b71a (0xbfe5)
core   0: 0x8000b712 (0x00001f17) auipc   t5, 0x1
core   0: 3 0x8000b712 (0x00001f17) x30 0x8000c712
core   0: 0x8000b716 (0x8e3f2723) sw      gp, -1810(t5)
core   0: 3 0x8000b716 (0x8e3f2723) mem 0x8000c000 0x00000001
core   0: 0x8000b71a (0x0000bfe5) c.j     pc - 8
core   0: 3 0x8000b71a (0xbfe5)
core   0: 0x8000b712 (0x00001f17) auipc   t5, 0x1
core   0: 3 0x8000b712 (0x00001f17) x30 0x8000c712
core   0: 0x8000b716 (0x8e3f2723) sw      gp, -1810(t5)
core   0: 3 0x8000b716 (0x8e3f2723) mem 0x8000c000 0x00000001
core   0: 0x8000b71a (0x0000bfe5) c.j     pc - 8
core   0: 3 0x8000b71a (0xbfe5)
core   0: 0x8000b712 (0x00001f17) auipc   t5, 0x1
core   0: 3 0x8000b712 (0x00001f17) x30 0x8000c712
core   0: 0x8000b716 (0x8e3f2723) sw      gp, -1810(t5)
core   0: 3 0x8000b716 (0x8e3f2723) mem 0x8000c000 0x00000001
core   0: 0x8000b71a (0x0000bfe5) c.j     pc - 8
core   0: 3 0x8000b71a (0xbfe5)
core   0: 0x8000b712 (0x00001f17) auipc   t5, 0x1
core   0: 3 0x8000b712 (0x00001f17) x30 0x8000c712
core   0: 0x8000b716 (0x8e3f2723) sw      gp, -1810(t5)
core   0: 3 0x8000b716 (0x8e3f2723) mem 0x8000c000 0x00000001
core   0: 0x8000b71a (0x0000bfe5) c.j     pc - 8
core   0: 3 0x8000b71a (0xbfe5)
core   0: 0x8000b712 (0x00001f17) auipc   t5, 0x1
core   0: 3 0x8000b712 (0x00001f17) x30 0x8000c712
core   0: 0x8000b716 (0x8e3f2723) sw      gp, -1810(t5)
core   0: 3 0x8000b716 (0x8e3f2723) mem 0x8000c000 0x00000001
core   0: 0x8000b71a (0x0000bfe5) c.j     pc - 8
core   0: 3 0x8000b71a (0xbfe5)
core   0: 0x8000b712 (0x00001f17) auipc   t5, 0x1
core   0: 3 0x8000b712 (0x00001f17) x30 0x8000c712
core   0: 0x8000b716 (0x8e3f2723) sw      gp, -1810(t5)
core   0: 3 0x8000b716 (0x8e3f2723) mem 0x8000c000 0x00000001
core   0: 0x8000b71a (0x0000bfe5) c.j     pc - 8
core   0: 3 0x8000b71a (0xbfe5)
core   0: 0x8000b712 (0x00001f17) auipc   t5, 0x1
core   0: 3 0x8000b712 (0x00001f17) x30 0x8000c712
core   0: 0x8000b716 (0x8e3f2723) sw      gp, -1810(t5)
core   0: 3 0x8000b716 (0x8e3f2723) mem 0x8000c000 0x00000001
core   0: 0x8000b71a (0x0000bfe5) c.j     pc - 8
core   0: 3 0x8000b71a (0xbfe5)
core   0: 0x8000b712 (0x00001f17) auipc   t5, 0x1
core   0: 3 0x8000b712 (0x00001f17) x30 0x8000c712
core   0: 0x8000b716 (0x8e3f2723) sw      gp, -1810(t5)
core   0: 3 0x8000b716 (0x8e3f2723) mem 0x8000c000 0x00000001
core   0: 0x8000b71a (0x0000bfe5) c.j     pc - 8
core   0: 3 0x8000b71a (0xbfe5)
core   0: 0x8000b712 (0x00001f17) auipc   t5, 0x1
core   0: 3 0x8000b712 (0x00001f17) x30 0x8000c712
core   0: 0x8000b716 (0x8e3f2723) sw      gp, -1810(t5)
core   0: 3 0x8000b716 (0x8e3f2723) mem 0x8000c000 0x00000001
core   0: 0x8000b71a (0x0000bfe5) c.j     pc - 8
core   0: 3 0x8000b71a (0xbfe5)
core   0: 0x8000b712 (0x00001f17) auipc   t5, 0x1
core   0: 3 0x8000b712 (0x00001f17) x30 0x8000c712
core   0: 0x8000b716 (0x8e3f2723) sw      gp, -1810(t5)
core   0: 3 0x8000b716 (0x8e3f2723) mem 0x8000c000 0x00000001
core   0: 0x8000b71a (0x0000bfe5) c.j     pc - 8
core   0: 3 0x8000b71a (0xbfe5)
core   0: 0x8000b712 (0x00001f17) auipc   t5, 0x1
core   0: 3 0x8000b712 (0x00001f17) x30 0x8000c712
core   0: 0x8000b716 (0x8e3f2723) sw      gp, -1810(t5)
core   0: 3 0x8000b716 (0x8e3f2723) mem 0x8000c000 0x00000001
core   0: 0x8000b71a (0x0000bfe5) c.j     pc - 8
core   0: 3 0x8000b71a (0xbfe5)
core   0: 0x8000b712 (0x00001f17) auipc   t5, 0x1
core   0: 3 0x8000b712 (0x00001f17) x30 0x8000c712
core   0: 0x8000b716 (0x8e3f2723) sw      gp, -1810(t5)
core   0: 3 0x8000b716 (0x8e3f2723) mem 0x8000c000 0x00000001
core   0: 0x8000b71a (0x0000bfe5) c.j     pc - 8
core   0: 3 0x8000b71a (0xbfe5)
core   0: 0x8000b712 (0x00001f17) auipc   t5, 0x1
core   0: 3 0x8000b712 (0x00001f17) x30 0x8000c712
core   0: 0x8000b716 (0x8e3f2723) sw      gp, -1810(t5)
core   0: 3 0x8000b716 (0x8e3f2723) mem 0x8000c000 0x00000001
core   0: 0x8000b71a (0x0000bfe5) c.j     pc - 8
core   0: 3 0x8000b71a (0xbfe5)
core   0: 0x8000b712 (0x00001f17) auipc   t5, 0x1
core   0: 3 0x8000b712 (0x00001f17) x30 0x8000c712
core   0: 0x8000b716 (0x8e3f2723) sw      gp, -1810(t5)
core   0: 3 0x8000b716 (0x8e3f2723) mem 0x8000c000 0x00000001
core   0: 0x8000b71a (0x0000bfe5) c.j     pc - 8
core   0: 3 0x8000b71a (0xbfe5)
core   0: 0x8000b712 (0x00001f17) auipc   t5, 0x1
core   0: 3 0x8000b712 (0x00001f17) x30 0x8000c712
core   0: 0x8000b716 (0x8e3f2723) sw      gp, -1810(t5)
core   0: 3 0x8000b716 (0x8e3f2723) mem 0x8000c000 0x00000001
core   0: 0x8000b71a (0x0000bfe5) c.j     pc - 8
core   0: 3 0x8000b71a (0xbfe5)
core   0: 0x8000b712 (0x00001f17) auipc   t5, 0x1
core   0: 3 0x8000b712 (0x00001f17) x30 0x8000c712
core   0: 0x8000b716 (0x8e3f2723) sw      gp, -1810(t5)
core   0: 3 0x8000b716 (0x8e3f2723) mem 0x8000c000 0x00000001
core   0: 0x8000b71a (0x0000bfe5) c.j     pc - 8
core   0: 3 0x8000b71a (0xbfe5)
core   0: 0x8000b712 (0x00001f17) auipc   t5, 0x1
core   0: 3 0x8000b712 (0x00001f17) x30 0x8000c712
core   0: 0x8000b716 (0x8e3f2723) sw      gp, -1810(t5)
core   0: 3 0x8000b716 (0x8e3f2723) mem 0x8000c000 0x00000001
core   0: 0x8000b71a (0x0000bfe5) c.j     pc - 8
core   0: 3 0x8000b71a (0xbfe5)
core   0: 0x8000b712 (0x00001f17) auipc   t5, 0x1
core   0: 3 0x8000b712 (0x00001f17) x30 0x8000c712
core   0: 0x8000b716 (0x8e3f2723) sw      gp, -1810(t5)
core   0: 3 0x8000b716 (0x8e3f2723) mem 0x8000c000 0x00000001
core   0: 0x8000b71a (0x0000bfe5) c.j     pc - 8
core   0: 3 0x8000b71a (0xbfe5)
core   0: 0x8000b712 (0x00001f17) auipc   t5, 0x1
core   0: 3 0x8000b712 (0x00001f17) x30 0x8000c712
core   0: 0x8000b716 (0x8e3f2723) sw      gp, -1810(t5)
core   0: 3 0x8000b716 (0x8e3f2723) mem 0x8000c000 0x00000001
core   0: 0x8000b71a (0x0000bfe5) c.j     pc - 8
core   0: 3 0x8000b71a (0xbfe5)
core   0: 0x8000b712 (0x00001f17) auipc   t5, 0x1
core   0: 3 0x8000b712 (0x00001f17) x30 0x8000c712
core   0: 0x8000b716 (0x8e3f2723) sw      gp, -1810(t5)
core   0: 3 0x8000b716 (0x8e3f2723) mem 0x8000c000 0x00000001
core   0: 0x8000b71a (0x0000bfe5) c.j     pc - 8
core   0: 3 0x8000b71a (0xbfe5)
core   0: 0x8000b712 (0x00001f17) auipc   t5, 0x1
core   0: 3 0x8000b712 (0x00001f17) x30 0x8000c712
core   0: 0x8000b716 (0x8e3f2723) sw      gp, -1810(t5)
core   0: 3 0x8000b716 (0x8e3f2723) mem 0x8000c000 0x00000001
core   0: 0x8000b71a (0x0000bfe5) c.j     pc - 8
core   0: 3 0x8000b71a (0xbfe5)
core   0: 0x8000b712 (0x00001f17) auipc   t5, 0x1
core   0: 3 0x8000b712 (0x00001f17) x30 0x8000c712
core   0: 0x8000b716 (0x8e3f2723) sw      gp, -1810(t5)
core   0: 3 0x8000b716 (0x8e3f2723) mem 0x8000c000 0x00000001
core   0: 0x8000b71a (0x0000bfe5) c.j     pc - 8
core   0: 3 0x8000b71a (0xbfe5)
core   0: 0x8000b712 (0x00001f17) auipc   t5, 0x1
core   0: 3 0x8000b712 (0x00001f17) x30 0x8000c712
core   0: 0x8000b716 (0x8e3f2723) sw      gp, -1810(t5)
core   0: 3 0x8000b716 (0x8e3f2723) mem 0x8000c000 0x00000001
core   0: 0x8000b71a (0x0000bfe5) c.j     pc - 8
core   0: 3 0x8000b71a (0xbfe5)
core   0: 0x8000b712 (0x00001f17) auipc   t5, 0x1
core   0: 3 0x8000b712 (0x00001f17) x30 0x8000c712
core   0: 0x8000b716 (0x8e3f2723) sw      gp, -1810(t5)
core   0: 3 0x8000b716 (0x8e3f2723) mem 0x8000c000 0x00000001
core   0: 0x8000b71a (0x0000bfe5) c.j     pc - 8
core   0: 3 0x8000b71a (0xbfe5)
core   0: 0x8000b712 (0x00001f17) auipc   t5, 0x1
core   0: 3 0x8000b712 (0x00001f17) x30 0x8000c712
core   0: 0x8000b716 (0x8e3f2723) sw      gp, -1810(t5)
core   0: 3 0x8000b716 (0x8e3f2723) mem 0x8000c000 0x00000001
core   0: 0x8000b71a (0x0000bfe5) c.j     pc - 8
core   0: 3 0x8000b71a (0xbfe5)
core   0: 0x8000b712 (0x00001f17) auipc   t5, 0x1
core   0: 3 0x8000b712 (0x00001f17) x30 0x8000c712
core   0: 0x8000b716 (0x8e3f2723) sw      gp, -1810(t5)
core   0: 3 0x8000b716 (0x8e3f2723) mem 0x8000c000 0x00000001
core   0: 0x8000b71a (0x0000bfe5) c.j     pc - 8
core   0: 3 0x8000b71a (0xbfe5)
core   0: 0x8000b712 (0x00001f17) auipc   t5, 0x1
core   0: 3 0x8000b712 (0x00001f17) x30 0x8000c712
core   0: 0x8000b716 (0x8e3f2723) sw      gp, -1810(t5)
core   0: 3 0x8000b716 (0x8e3f2723) mem 0x8000c000 0x00000001
core   0: 0x8000b71a (0x0000bfe5) c.j     pc - 8
core   0: 3 0x8000b71a (0xbfe5)
core   0: 0x8000b712 (0x00001f17) auipc   t5, 0x1
core   0: 3 0x8000b712 (0x00001f17) x30 0x8000c712
core   0: 0x8000b716 (0x8e3f2723) sw      gp, -1810(t5)
core   0: 3 0x8000b716 (0x8e3f2723) mem 0x8000c000 0x00000001
core   0: 0x8000b71a (0x0000bfe5) c.j     pc - 8
core   0: 3 0x8000b71a (0xbfe5)
core   0: 0x8000b712 (0x00001f17) auipc   t5, 0x1
core   0: 3 0x8000b712 (0x00001f17) x30 0x8000c712
core   0: 0x8000b716 (0x8e3f2723) sw      gp, -1810(t5)
core   0: 3 0x8000b716 (0x8e3f2723) mem 0x8000c000 0x00000001
core   0: 0x8000b71a (0x0000bfe5) c.j     pc - 8
core   0: 3 0x8000b71a (0xbfe5)
core   0: 0x8000b712 (0x00001f17) auipc   t5, 0x1
core   0: 3 0x8000b712 (0x00001f17) x30 0x8000c712
core   0: 0x8000b716 (0x8e3f2723) sw      gp, -1810(t5)
core   0: 3 0x8000b716 (0x8e3f2723) mem 0x8000c000 0x00000001
core   0: 0x8000b71a (0x0000bfe5) c.j     pc - 8
core   0: 3 0x8000b71a (0xbfe5)
core   0: 0x8000b712 (0x00001f17) auipc   t5, 0x1
core   0: 3 0x8000b712 (0x00001f17) x30 0x8000c712
core   0: 0x8000b716 (0x8e3f2723) sw      gp, -1810(t5)
core   0: 3 0x8000b716 (0x8e3f2723) mem 0x8000c000 0x00000001
core   0: 0x8000b71a (0x0000bfe5) c.j     pc - 8
core   0: 3 0x8000b71a (0xbfe5)
core   0: 0x8000b712 (0x00001f17) auipc   t5, 0x1
core   0: 3 0x8000b712 (0x00001f17) x30 0x8000c712
core   0: 0x8000b716 (0x8e3f2723) sw      gp, -1810(t5)
core   0: 3 0x8000b716 (0x8e3f2723) mem 0x8000c000 0x00000001
core   0: 0x8000b71a (0x0000bfe5) c.j     pc - 8
core   0: 3 0x8000b71a (0xbfe5)
core   0: 0x8000b712 (0x00001f17) auipc   t5, 0x1
core   0: 3 0x8000b712 (0x00001f17) x30 0x8000c712
core   0: 0x8000b716 (0x8e3f2723) sw      gp, -1810(t5)
core   0: 3 0x8000b716 (0x8e3f2723) mem 0x8000c000 0x00000001
core   0: 0x8000b71a (0x0000bfe5) c.j     pc - 8
core   0: 3 0x8000b71a (0xbfe5)
core   0: 0x8000b712 (0x00001f17) auipc   t5, 0x1
core   0: 3 0x8000b712 (0x00001f17) x30 0x8000c712
core   0: 0x8000b716 (0x8e3f2723) sw      gp, -1810(t5)
core   0: 3 0x8000b716 (0x8e3f2723) mem 0x8000c000 0x00000001
core   0: 0x8000b71a (0x0000bfe5) c.j     pc - 8
core   0: 3 0x8000b71a (0xbfe5)
core   0: 0x8000b712 (0x00001f17) auipc   t5, 0x1
core   0: 3 0x8000b712 (0x00001f17) x30 0x8000c712
core   0: 0x8000b716 (0x8e3f2723) sw      gp, -1810(t5)
core   0: 3 0x8000b716 (0x8e3f2723) mem 0x8000c000 0x00000001
core   0: 0x8000b71a (0x0000bfe5) c.j     pc - 8
core   0: 3 0x8000b71a (0xbfe5)
core   0: 0x8000b712 (0x00001f17) auipc   t5, 0x1
core   0: 3 0x8000b712 (0x00001f17) x30 0x8000c712
core   0: 0x8000b716 (0x8e3f2723) sw      gp, -1810(t5)
core   0: 3 0x8000b716 (0x8e3f2723) mem 0x8000c000 0x00000001
core   0: 0x8000b71a (0x0000bfe5) c.j     pc - 8
core   0: 3 0x8000b71a (0xbfe5)
core   0: 0x8000b712 (0x00001f17) auipc   t5, 0x1
core   0: 3 0x8000b712 (0x00001f17) x30 0x8000c712
core   0: 0x8000b716 (0x8e3f2723) sw      gp, -1810(t5)
core   0: 3 0x8000b716 (0x8e3f2723) mem 0x8000c000 0x00000001
core   0: 0x8000b71a (0x0000bfe5) c.j     pc - 8
core   0: 3 0x8000b71a (0xbfe5)
core   0: 0x8000b712 (0x00001f17) auipc   t5, 0x1
core   0: 3 0x8000b712 (0x00001f17) x30 0x8000c712
core   0: 0x8000b716 (0x8e3f2723) sw      gp, -1810(t5)
core   0: 3 0x8000b716 (0x8e3f2723) mem 0x8000c000 0x00000001
core   0: 0x8000b71a (0x0000bfe5) c.j     pc - 8
core   0: 3 0x8000b71a (0xbfe5)
core   0: 0x8000b712 (0x00001f17) auipc   t5, 0x1
core   0: 3 0x8000b712 (0x00001f17) x30 0x8000c712
core   0: 0x8000b716 (0x8e3f2723) sw      gp, -1810(t5)
core   0: 3 0x8000b716 (0x8e3f2723) mem 0x8000c000 0x00000001
core   0: 0x8000b71a (0x0000bfe5) c.j     pc - 8
core   0: 3 0x8000b71a (0xbfe5)
core   0: 0x8000b712 (0x00001f17) auipc   t5, 0x1
core   0: 3 0x8000b712 (0x00001f17) x30 0x8000c712
core   0: 0x8000b716 (0x8e3f2723) sw      gp, -1810(t5)
core   0: 3 0x8000b716 (0x8e3f2723) mem 0x8000c000 0x00000001
core   0: 0x8000b71a (0x0000bfe5) c.j     pc - 8
core   0: 3 0x8000b71a (0xbfe5)
core   0: 0x8000b712 (0x00001f17) auipc   t5, 0x1
core   0: 3 0x8000b712 (0x00001f17) x30 0x8000c712
core   0: 0x8000b716 (0x8e3f2723) sw      gp, -1810(t5)
core   0: 3 0x8000b716 (0x8e3f2723) mem 0x8000c000 0x00000001
core   0: 0x8000b71a (0x0000bfe5) c.j     pc - 8
core   0: 3 0x8000b71a (0xbfe5)
core   0: 0x8000b712 (0x00001f17) auipc   t5, 0x1
core   0: 3 0x8000b712 (0x00001f17) x30 0x8000c712
core   0: 0x8000b716 (0x8e3f2723) sw      gp, -1810(t5)
core   0: 3 0x8000b716 (0x8e3f2723) mem 0x8000c000 0x00000001
core   0: 0x8000b71a (0x0000bfe5) c.j     pc - 8
core   0: 3 0x8000b71a (0xbfe5)
core   0: 0x8000b712 (0x00001f17) auipc   t5, 0x1
core   0: 3 0x8000b712 (0x00001f17) x30 0x8000c712
core   0: 0x8000b716 (0x8e3f2723) sw      gp, -1810(t5)
core   0: 3 0x8000b716 (0x8e3f2723) mem 0x8000c000 0x00000001
core   0: 0x8000b71a (0x0000bfe5) c.j     pc - 8
core   0: 3 0x8000b71a (0xbfe5)
core   0: 0x8000b712 (0x00001f17) auipc   t5, 0x1
core   0: 3 0x8000b712 (0x00001f17) x30 0x8000c712
core   0: 0x8000b716 (0x8e3f2723) sw      gp, -1810(t5)
core   0: 3 0x8000b716 (0x8e3f2723) mem 0x8000c000 0x00000001
core   0: 0x8000b71a (0x0000bfe5) c.j     pc - 8
core   0: 3 0x8000b71a (0xbfe5)
core   0: 0x8000b712 (0x00001f17) auipc   t5, 0x1
core   0: 3 0x8000b712 (0x00001f17) x30 0x8000c712
core   0: 0x8000b716 (0x8e3f2723) sw      gp, -1810(t5)
core   0: 3 0x8000b716 (0x8e3f2723) mem 0x8000c000 0x00000001
core   0: 0x8000b71a (0x0000bfe5) c.j     pc - 8
core   0: 3 0x8000b71a (0xbfe5)
core   0: 0x8000b712 (0x00001f17) auipc   t5, 0x1
core   0: 3 0x8000b712 (0x00001f17) x30 0x8000c712
core   0: 0x8000b716 (0x8e3f2723) sw      gp, -1810(t5)
core   0: 3 0x8000b716 (0x8e3f2723) mem 0x8000c000 0x00000001
core   0: 0x8000b71a (0x0000bfe5) c.j     pc - 8
core   0: 3 0x8000b71a (0xbfe5)
core   0: 0x8000b712 (0x00001f17) auipc   t5, 0x1
core   0: 3 0x8000b712 (0x00001f17) x30 0x8000c712
core   0: 0x8000b716 (0x8e3f2723) sw      gp, -1810(t5)
core   0: 3 0x8000b716 (0x8e3f2723) mem 0x8000c000 0x00000001
core   0: 0x8000b71a (0x0000bfe5) c.j     pc - 8
core   0: 3 0x8000b71a (0xbfe5)
core   0: 0x8000b712 (0x00001f17) auipc   t5, 0x1
core   0: 3 0x8000b712 (0x00001f17) x30 0x8000c712
core   0: 0x8000b716 (0x8e3f2723) sw      gp, -1810(t5)
core   0: 3 0x8000b716 (0x8e3f2723) mem 0x8000c000 0x00000001
core   0: 0x8000b71a (0x0000bfe5) c.j     pc - 8
core   0: 3 0x8000b71a (0xbfe5)
core   0: 0x8000b712 (0x00001f17) auipc   t5, 0x1
core   0: 3 0x8000b712 (0x00001f17) x30 0x8000c712
core   0: 0x8000b716 (0x8e3f2723) sw      gp, -1810(t5)
core   0: 3 0x8000b716 (0x8e3f2723) mem 0x8000c000 0x00000001
core   0: 0x8000b71a (0x0000bfe5) c.j     pc - 8
core   0: 3 0x8000b71a (0xbfe5)
core   0: 0x8000b712 (0x00001f17) auipc   t5, 0x1
core   0: 3 0x8000b712 (0x00001f17) x30 0x8000c712
core   0: 0x8000b716 (0x8e3f2723) sw      gp, -1810(t5)
core   0: 3 0x8000b716 (0x8e3f2723) mem 0x8000c000 0x00000001
core   0: 0x8000b71a (0x0000bfe5) c.j     pc - 8
core   0: 3 0x8000b71a (0xbfe5)
core   0: 0x8000b712 (0x00001f17) auipc   t5, 0x1
core   0: 3 0x8000b712 (0x00001f17) x30 0x8000c712
core   0: 0x8000b716 (0x8e3f2723) sw      gp, -1810(t5)
core   0: 3 0x8000b716 (0x8e3f2723) mem 0x8000c000 0x00000001
core   0: 0x8000b71a (0x0000bfe5) c.j     pc - 8
core   0: 3 0x8000b71a (0xbfe5)
core   0: 0x8000b712 (0x00001f17) auipc   t5, 0x1
core   0: 3 0x8000b712 (0x00001f17) x30 0x8000c712
core   0: 0x8000b716 (0x8e3f2723) sw      gp, -1810(t5)
core   0: 3 0x8000b716 (0x8e3f2723) mem 0x8000c000 0x00000001
core   0: 0x8000b71a (0x0000bfe5) c.j     pc - 8
core   0: 3 0x8000b71a (0xbfe5)
core   0: 0x8000b712 (0x00001f17) auipc   t5, 0x1
core   0: 3 0x8000b712 (0x00001f17) x30 0x8000c712
core   0: 0x8000b716 (0x8e3f2723) sw      gp, -1810(t5)
core   0: 3 0x8000b716 (0x8e3f2723) mem 0x8000c000 0x00000001
core   0: 0x8000b71a (0x0000bfe5) c.j     pc - 8
core   0: 3 0x8000b71a (0xbfe5)
core   0: 0x8000b712 (0x00001f17) auipc   t5, 0x1
core   0: 3 0x8000b712 (0x00001f17) x30 0x8000c712
core   0: 0x8000b716 (0x8e3f2723) sw      gp, -1810(t5)
core   0: 3 0x8000b716 (0x8e3f2723) mem 0x8000c000 0x00000001
core   0: 0x8000b71a (0x0000bfe5) c.j     pc - 8
core   0: 3 0x8000b71a (0xbfe5)
core   0: 0x8000b712 (0x00001f17) auipc   t5, 0x1
core   0: 3 0x8000b712 (0x00001f17) x30 0x8000c712
core   0: 0x8000b716 (0x8e3f2723) sw      gp, -1810(t5)
core   0: 3 0x8000b716 (0x8e3f2723) mem 0x8000c000 0x00000001
core   0: 0x8000b71a (0x0000bfe5) c.j     pc - 8
core   0: 3 0x8000b71a (0xbfe5)
core   0: 0x8000b712 (0x00001f17) auipc   t5, 0x1
core   0: 3 0x8000b712 (0x00001f17) x30 0x8000c712
core   0: 0x8000b716 (0x8e3f2723) sw      gp, -1810(t5)
core   0: 3 0x8000b716 (0x8e3f2723) mem 0x8000c000 0x00000001
core   0: 0x8000b71a (0x0000bfe5) c.j     pc - 8
core   0: 3 0x8000b71a (0xbfe5)
core   0: 0x8000b712 (0x00001f17) auipc   t5, 0x1
core   0: 3 0x8000b712 (0x00001f17) x30 0x8000c712
core   0: 0x8000b716 (0x8e3f2723) sw      gp, -1810(t5)
core   0: 3 0x8000b716 (0x8e3f2723) mem 0x8000c000 0x00000001
core   0: 0x8000b71a (0x0000bfe5) c.j     pc - 8
core   0: 3 0x8000b71a (0xbfe5)
core   0: 0x8000b712 (0x00001f17) auipc   t5, 0x1
core   0: 3 0x8000b712 (0x00001f17) x30 0x8000c712
core   0: 0x8000b716 (0x8e3f2723) sw      gp, -1810(t5)
core   0: 3 0x8000b716 (0x8e3f2723) mem 0x8000c000 0x00000001
core   0: 0x8000b71a (0x0000bfe5) c.j     pc - 8
core   0: 3 0x8000b71a (0xbfe5)
core   0: 0x8000b712 (0x00001f17) auipc   t5, 0x1
core   0: 3 0x8000b712 (0x00001f17) x30 0x8000c712
core   0: 0x8000b716 (0x8e3f2723) sw      gp, -1810(t5)
core   0: 3 0x8000b716 (0x8e3f2723) mem 0x8000c000 0x00000001
core   0: 0x8000b71a (0x0000bfe5) c.j     pc - 8
core   0: 3 0x8000b71a (0xbfe5)
core   0: 0x8000b712 (0x00001f17) auipc   t5, 0x1
core   0: 3 0x8000b712 (0x00001f17) x30 0x8000c712
core   0: 0x8000b716 (0x8e3f2723) sw      gp, -1810(t5)
core   0: 3 0x8000b716 (0x8e3f2723) mem 0x8000c000 0x00000001
core   0: 0x8000b71a (0x0000bfe5) c.j     pc - 8
core   0: 3 0x8000b71a (0xbfe5)
core   0: 0x8000b712 (0x00001f17) auipc   t5, 0x1
core   0: 3 0x8000b712 (0x00001f17) x30 0x8000c712
core   0: 0x8000b716 (0x8e3f2723) sw      gp, -1810(t5)
core   0: 3 0x8000b716 (0x8e3f2723) mem 0x8000c000 0x00000001
core   0: 0x8000b71a (0x0000bfe5) c.j     pc - 8
core   0: 3 0x8000b71a (0xbfe5)
core   0: 0x8000b712 (0x00001f17) auipc   t5, 0x1
core   0: 3 0x8000b712 (0x00001f17) x30 0x8000c712
core   0: 0x8000b716 (0x8e3f2723) sw      gp, -1810(t5)
core   0: 3 0x8000b716 (0x8e3f2723) mem 0x8000c000 0x00000001
core   0: 0x8000b71a (0x0000bfe5) c.j     pc - 8
core   0: 3 0x8000b71a (0xbfe5)
core   0: 0x8000b712 (0x00001f17) auipc   t5, 0x1
core   0: 3 0x8000b712 (0x00001f17) x30 0x8000c712
core   0: 0x8000b716 (0x8e3f2723) sw      gp, -1810(t5)
core   0: 3 0x8000b716 (0x8e3f2723) mem 0x8000c000 0x00000001
core   0: 0x8000b71a (0x0000bfe5) c.j     pc - 8
core   0: 3 0x8000b71a (0xbfe5)
core   0: 0x8000b712 (0x00001f17) auipc   t5, 0x1
core   0: 3 0x8000b712 (0x00001f17) x30 0x8000c712
core   0: 0x8000b716 (0x8e3f2723) sw      gp, -1810(t5)
core   0: 3 0x8000b716 (0x8e3f2723) mem 0x8000c000 0x00000001
core   0: 0x8000b71a (0x0000bfe5) c.j     pc - 8
core   0: 3 0x8000b71a (0xbfe5)
core   0: 0x8000b712 (0x00001f17) auipc   t5, 0x1
core   0: 3 0x8000b712 (0x00001f17) x30 0x8000c712
core   0: 0x8000b716 (0x8e3f2723) sw      gp, -1810(t5)
core   0: 3 0x8000b716 (0x8e3f2723) mem 0x8000c000 0x00000001
core   0: 0x8000b71a (0x0000bfe5) c.j     pc - 8
core   0: 3 0x8000b71a (0xbfe5)
core   0: 0x8000b712 (0x00001f17) auipc   t5, 0x1
core   0: 3 0x8000b712 (0x00001f17) x30 0x8000c712
core   0: 0x8000b716 (0x8e3f2723) sw      gp, -1810(t5)
core   0: 3 0x8000b716 (0x8e3f2723) mem 0x8000c000 0x00000001
core   0: 0x8000b71a (0x0000bfe5) c.j     pc - 8
core   0: 3 0x8000b71a (0xbfe5)
core   0: 0x8000b712 (0x00001f17) auipc   t5, 0x1
core   0: 3 0x8000b712 (0x00001f17) x30 0x8000c712
core   0: 0x8000b716 (0x8e3f2723) sw      gp, -1810(t5)
core   0: 3 0x8000b716 (0x8e3f2723) mem 0x8000c000 0x00000001
core   0: 0x8000b71a (0x0000bfe5) c.j     pc - 8
core   0: 3 0x8000b71a (0xbfe5)
core   0: 0x8000b712 (0x00001f17) auipc   t5, 0x1
core   0: 3 0x8000b712 (0x00001f17) x30 0x8000c712
core   0: 0x8000b716 (0x8e3f2723) sw      gp, -1810(t5)
core   0: 3 0x8000b716 (0x8e3f2723) mem 0x8000c000 0x00000001
core   0: 0x8000b71a (0x0000bfe5) c.j     pc - 8
core   0: 3 0x8000b71a (0xbfe5)
core   0: 0x8000b712 (0x00001f17) auipc   t5, 0x1
core   0: 3 0x8000b712 (0x00001f17) x30 0x8000c712
core   0: 0x8000b716 (0x8e3f2723) sw      gp, -1810(t5)
core   0: 3 0x8000b716 (0x8e3f2723) mem 0x8000c000 0x00000001
core   0: 0x8000b71a (0x0000bfe5) c.j     pc - 8
core   0: 3 0x8000b71a (0xbfe5)
core   0: 0x8000b712 (0x00001f17) auipc   t5, 0x1
core   0: 3 0x8000b712 (0x00001f17) x30 0x8000c712
core   0: 0x8000b716 (0x8e3f2723) sw      gp, -1810(t5)
core   0: 3 0x8000b716 (0x8e3f2723) mem 0x8000c000 0x00000001
core   0: 0x8000b71a (0x0000bfe5) c.j     pc - 8
core   0: 3 0x8000b71a (0xbfe5)
core   0: 0x8000b712 (0x00001f17) auipc   t5, 0x1
core   0: 3 0x8000b712 (0x00001f17) x30 0x8000c712
core   0: 0x8000b716 (0x8e3f2723) sw      gp, -1810(t5)
core   0: 3 0x8000b716 (0x8e3f2723) mem 0x8000c000 0x00000001
core   0: 0x8000b71a (0x0000bfe5) c.j     pc - 8
core   0: 3 0x8000b71a (0xbfe5)
core   0: 0x8000b712 (0x00001f17) auipc   t5, 0x1
core   0: 3 0x8000b712 (0x00001f17) x30 0x8000c712
core   0: 0x8000b716 (0x8e3f2723) sw      gp, -1810(t5)
core   0: 3 0x8000b716 (0x8e3f2723) mem 0x8000c000 0x00000001
core   0: 0x8000b71a (0x0000bfe5) c.j     pc - 8
core   0: 3 0x8000b71a (0xbfe5)
core   0: 0x8000b712 (0x00001f17) auipc   t5, 0x1
core   0: 3 0x8000b712 (0x00001f17) x30 0x8000c712
core   0: 0x8000b716 (0x8e3f2723) sw      gp, -1810(t5)
core   0: 3 0x8000b716 (0x8e3f2723) mem 0x8000c000 0x00000001
core   0: 0x8000b71a (0x0000bfe5) c.j     pc - 8
core   0: 3 0x8000b71a (0xbfe5)
core   0: 0x8000b712 (0x00001f17) auipc   t5, 0x1
core   0: 3 0x8000b712 (0x00001f17) x30 0x8000c712
core   0: 0x8000b716 (0x8e3f2723) sw      gp, -1810(t5)
core   0: 3 0x8000b716 (0x8e3f2723) mem 0x8000c000 0x00000001
core   0: 0x8000b71a (0x0000bfe5) c.j     pc - 8
core   0: 3 0x8000b71a (0xbfe5)
core   0: 0x8000b712 (0x00001f17) auipc   t5, 0x1
core   0: 3 0x8000b712 (0x00001f17) x30 0x8000c712
core   0: 0x8000b716 (0x8e3f2723) sw      gp, -1810(t5)
core   0: 3 0x8000b716 (0x8e3f2723) mem 0x8000c000 0x00000001
core   0: 0x8000b71a (0x0000bfe5) c.j     pc - 8
core   0: 3 0x8000b71a (0xbfe5)
core   0: 0x8000b712 (0x00001f17) auipc   t5, 0x1
core   0: 3 0x8000b712 (0x00001f17) x30 0x8000c712
core   0: 0x8000b716 (0x8e3f2723) sw      gp, -1810(t5)
core   0: 3 0x8000b716 (0x8e3f2723) mem 0x8000c000 0x00000001
core   0: 0x8000b71a (0x0000bfe5) c.j     pc - 8
core   0: 3 0x8000b71a (0xbfe5)
core   0: 0x8000b712 (0x00001f17) auipc   t5, 0x1
core   0: 3 0x8000b712 (0x00001f17) x30 0x8000c712
core   0: 0x8000b716 (0x8e3f2723) sw      gp, -1810(t5)
core   0: 3 0x8000b716 (0x8e3f2723) mem 0x8000c000 0x00000001
core   0: 0x8000b71a (0x0000bfe5) c.j     pc - 8
core   0: 3 0x8000b71a (0xbfe5)
core   0: 0x8000b712 (0x00001f17) auipc   t5, 0x1
core   0: 3 0x8000b712 (0x00001f17) x30 0x8000c712
core   0: 0x8000b716 (0x8e3f2723) sw      gp, -1810(t5)
core   0: 3 0x8000b716 (0x8e3f2723) mem 0x8000c000 0x00000001
core   0: 0x8000b71a (0x0000bfe5) c.j     pc - 8
core   0: 3 0x8000b71a (0xbfe5)
core   0: 0x8000b712 (0x00001f17) auipc   t5, 0x1
core   0: 3 0x8000b712 (0x00001f17) x30 0x8000c712
core   0: 0x8000b716 (0x8e3f2723) sw      gp, -1810(t5)
core   0: 3 0x8000b716 (0x8e3f2723) mem 0x8000c000 0x00000001
core   0: 0x8000b71a (0x0000bfe5) c.j     pc - 8
core   0: 3 0x8000b71a (0xbfe5)
core   0: 0x8000b712 (0x00001f17) auipc   t5, 0x1
core   0: 3 0x8000b712 (0x00001f17) x30 0x8000c712
core   0: 0x8000b716 (0x8e3f2723) sw      gp, -1810(t5)
core   0: 3 0x8000b716 (0x8e3f2723) mem 0x8000c000 0x00000001
core   0: 0x8000b71a (0x0000bfe5) c.j     pc - 8
core   0: 3 0x8000b71a (0xbfe5)
core   0: 0x8000b712 (0x00001f17) auipc   t5, 0x1
core   0: 3 0x8000b712 (0x00001f17) x30 0x8000c712
core   0: 0x8000b716 (0x8e3f2723) sw      gp, -1810(t5)
core   0: 3 0x8000b716 (0x8e3f2723) mem 0x8000c000 0x00000001
core   0: 0x8000b71a (0x0000bfe5) c.j     pc - 8
core   0: 3 0x8000b71a (0xbfe5)
core   0: 0x8000b712 (0x00001f17) auipc   t5, 0x1
core   0: 3 0x8000b712 (0x00001f17) x30 0x8000c712
core   0: 0x8000b716 (0x8e3f2723) sw      gp, -1810(t5)
core   0: 3 0x8000b716 (0x8e3f2723) mem 0x8000c000 0x00000001
core   0: 0x8000b71a (0x0000bfe5) c.j     pc - 8
core   0: 3 0x8000b71a (0xbfe5)
core   0: 0x8000b712 (0x00001f17) auipc   t5, 0x1
core   0: 3 0x8000b712 (0x00001f17) x30 0x8000c712
core   0: 0x8000b716 (0x8e3f2723) sw      gp, -1810(t5)
core   0: 3 0x8000b716 (0x8e3f2723) mem 0x8000c000 0x00000001
core   0: 0x8000b71a (0x0000bfe5) c.j     pc - 8
core   0: 3 0x8000b71a (0xbfe5)
core   0: 0x8000b712 (0x00001f17) auipc   t5, 0x1
core   0: 3 0x8000b712 (0x00001f17) x30 0x8000c712
core   0: 0x8000b716 (0x8e3f2723) sw      gp, -1810(t5)
core   0: 3 0x8000b716 (0x8e3f2723) mem 0x8000c000 0x00000001
core   0: 0x8000b71a (0x0000bfe5) c.j     pc - 8
core   0: 3 0x8000b71a (0xbfe5)
core   0: 0x8000b712 (0x00001f17) auipc   t5, 0x1
core   0: 3 0x8000b712 (0x00001f17) x30 0x8000c712
core   0: 0x8000b716 (0x8e3f2723) sw      gp, -1810(t5)
core   0: 3 0x8000b716 (0x8e3f2723) mem 0x8000c000 0x00000001
core   0: 0x8000b71a (0x0000bfe5) c.j     pc - 8
core   0: 3 0x8000b71a (0xbfe5)
core   0: 0x8000b712 (0x00001f17) auipc   t5, 0x1
core   0: 3 0x8000b712 (0x00001f17) x30 0x8000c712
core   0: 0x8000b716 (0x8e3f2723) sw      gp, -1810(t5)
core   0: 3 0x8000b716 (0x8e3f2723) mem 0x8000c000 0x00000001
core   0: 0x8000b71a (0x0000bfe5) c.j     pc - 8
core   0: 3 0x8000b71a (0xbfe5)
core   0: 0x8000b712 (0x00001f17) auipc   t5, 0x1
core   0: 3 0x8000b712 (0x00001f17) x30 0x8000c712
core   0: 0x8000b716 (0x8e3f2723) sw      gp, -1810(t5)
core   0: 3 0x8000b716 (0x8e3f2723) mem 0x8000c000 0x00000001
core   0: 0x8000b71a (0x0000bfe5) c.j     pc - 8
core   0: 3 0x8000b71a (0xbfe5)
core   0: 0x8000b712 (0x00001f17) auipc   t5, 0x1
core   0: 3 0x8000b712 (0x00001f17) x30 0x8000c712
core   0: 0x8000b716 (0x8e3f2723) sw      gp, -1810(t5)
core   0: 3 0x8000b716 (0x8e3f2723) mem 0x8000c000 0x00000001
core   0: 0x8000b71a (0x0000bfe5) c.j     pc - 8
core   0: 3 0x8000b71a (0xbfe5)
core   0: 0x8000b712 (0x00001f17) auipc   t5, 0x1
core   0: 3 0x8000b712 (0x00001f17) x30 0x8000c712
core   0: 0x8000b716 (0x8e3f2723) sw      gp, -1810(t5)
core   0: 3 0x8000b716 (0x8e3f2723) mem 0x8000c000 0x00000001
core   0: 0x8000b71a (0x0000bfe5) c.j     pc - 8
core   0: 3 0x8000b71a (0xbfe5)
core   0: 0x8000b712 (0x00001f17) auipc   t5, 0x1
core   0: 3 0x8000b712 (0x00001f17) x30 0x8000c712
core   0: 0x8000b716 (0x8e3f2723) sw      gp, -1810(t5)
core   0: 3 0x8000b716 (0x8e3f2723) mem 0x8000c000 0x00000001
core   0: 0x8000b71a (0x0000bfe5) c.j     pc - 8
core   0: 3 0x8000b71a (0xbfe5)
core   0: 0x8000b712 (0x00001f17) auipc   t5, 0x1
core   0: 3 0x8000b712 (0x00001f17) x30 0x8000c712
core   0: 0x8000b716 (0x8e3f2723) sw      gp, -1810(t5)
core   0: 3 0x8000b716 (0x8e3f2723) mem 0x8000c000 0x00000001
core   0: 0x8000b71a (0x0000bfe5) c.j     pc - 8
core   0: 3 0x8000b71a (0xbfe5)
core   0: 0x8000b712 (0x00001f17) auipc   t5, 0x1
core   0: 3 0x8000b712 (0x00001f17) x30 0x8000c712
core   0: 0x8000b716 (0x8e3f2723) sw      gp, -1810(t5)
core   0: 3 0x8000b716 (0x8e3f2723) mem 0x8000c000 0x00000001
core   0: 0x8000b71a (0x0000bfe5) c.j     pc - 8
core   0: 3 0x8000b71a (0xbfe5)
core   0: 0x8000b712 (0x00001f17) auipc   t5, 0x1
core   0: 3 0x8000b712 (0x00001f17) x30 0x8000c712
core   0: 0x8000b716 (0x8e3f2723) sw      gp, -1810(t5)
core   0: 3 0x8000b716 (0x8e3f2723) mem 0x8000c000 0x00000001
core   0: 0x8000b71a (0x0000bfe5) c.j     pc - 8
core   0: 3 0x8000b71a (0xbfe5)
core   0: 0x8000b712 (0x00001f17) auipc   t5, 0x1
core   0: 3 0x8000b712 (0x00001f17) x30 0x8000c712
core   0: 0x8000b716 (0x8e3f2723) sw      gp, -1810(t5)
core   0: 3 0x8000b716 (0x8e3f2723) mem 0x8000c000 0x00000001
core   0: 0x8000b71a (0x0000bfe5) c.j     pc - 8
core   0: 3 0x8000b71a (0xbfe5)
core   0: 0x8000b712 (0x00001f17) auipc   t5, 0x1
core   0: 3 0x8000b712 (0x00001f17) x30 0x8000c712
core   0: 0x8000b716 (0x8e3f2723) sw      gp, -1810(t5)
core   0: 3 0x8000b716 (0x8e3f2723) mem 0x8000c000 0x00000001
core   0: 0x8000b71a (0x0000bfe5) c.j     pc - 8
core   0: 3 0x8000b71a (0xbfe5)
core   0: 0x8000b712 (0x00001f17) auipc   t5, 0x1
core   0: 3 0x8000b712 (0x00001f17) x30 0x8000c712
core   0: 0x8000b716 (0x8e3f2723) sw      gp, -1810(t5)
core   0: 3 0x8000b716 (0x8e3f2723) mem 0x8000c000 0x00000001
core   0: 0x8000b71a (0x0000bfe5) c.j     pc - 8
core   0: 3 0x8000b71a (0xbfe5)
core   0: 0x8000b712 (0x00001f17) auipc   t5, 0x1
core   0: 3 0x8000b712 (0x00001f17) x30 0x8000c712
core   0: 0x8000b716 (0x8e3f2723) sw      gp, -1810(t5)
core   0: 3 0x8000b716 (0x8e3f2723) mem 0x8000c000 0x00000001
core   0: 0x8000b71a (0x0000bfe5) c.j     pc - 8
core   0: 3 0x8000b71a (0xbfe5)
core   0: 0x8000b712 (0x00001f17) auipc   t5, 0x1
core   0: 3 0x8000b712 (0x00001f17) x30 0x8000c712
core   0: 0x8000b716 (0x8e3f2723) sw      gp, -1810(t5)
core   0: 3 0x8000b716 (0x8e3f2723) mem 0x8000c000 0x00000001
core   0: 0x8000b71a (0x0000bfe5) c.j     pc - 8
core   0: 3 0x8000b71a (0xbfe5)
core   0: 0x8000b712 (0x00001f17) auipc   t5, 0x1
core   0: 3 0x8000b712 (0x00001f17) x30 0x8000c712
core   0: 0x8000b716 (0x8e3f2723) sw      gp, -1810(t5)
core   0: 3 0x8000b716 (0x8e3f2723) mem 0x8000c000 0x00000001
core   0: 0x8000b71a (0x0000bfe5) c.j     pc - 8
core   0: 3 0x8000b71a (0xbfe5)
core   0: 0x8000b712 (0x00001f17) auipc   t5, 0x1
core   0: 3 0x8000b712 (0x00001f17) x30 0x8000c712
core   0: 0x8000b716 (0x8e3f2723) sw      gp, -1810(t5)
core   0: 3 0x8000b716 (0x8e3f2723) mem 0x8000c000 0x00000001
core   0: 0x8000b71a (0x0000bfe5) c.j     pc - 8
core   0: 3 0x8000b71a (0xbfe5)
core   0: 0x8000b712 (0x00001f17) auipc   t5, 0x1
core   0: 3 0x8000b712 (0x00001f17) x30 0x8000c712
core   0: 0x8000b716 (0x8e3f2723) sw      gp, -1810(t5)
core   0: 3 0x8000b716 (0x8e3f2723) mem 0x8000c000 0x00000001
core   0: 0x8000b71a (0x0000bfe5) c.j     pc - 8
core   0: 3 0x8000b71a (0xbfe5)
core   0: 0x8000b712 (0x00001f17) auipc   t5, 0x1
core   0: 3 0x8000b712 (0x00001f17) x30 0x8000c712
core   0: 0x8000b716 (0x8e3f2723) sw      gp, -1810(t5)
core   0: 3 0x8000b716 (0x8e3f2723) mem 0x8000c000 0x00000001
core   0: 0x8000b71a (0x0000bfe5) c.j     pc - 8
core   0: 3 0x8000b71a (0xbfe5)
core   0: 0x8000b712 (0x00001f17) auipc   t5, 0x1
core   0: 3 0x8000b712 (0x00001f17) x30 0x8000c712
core   0: 0x8000b716 (0x8e3f2723) sw      gp, -1810(t5)
core   0: 3 0x8000b716 (0x8e3f2723) mem 0x8000c000 0x00000001
core   0: 0x8000b71a (0x0000bfe5) c.j     pc - 8
core   0: 3 0x8000b71a (0xbfe5)
core   0: 0x8000b712 (0x00001f17) auipc   t5, 0x1
core   0: 3 0x8000b712 (0x00001f17) x30 0x8000c712
core   0: 0x8000b716 (0x8e3f2723) sw      gp, -1810(t5)
core   0: 3 0x8000b716 (0x8e3f2723) mem 0x8000c000 0x00000001
core   0: 0x8000b71a (0x0000bfe5) c.j     pc - 8
core   0: 3 0x8000b71a (0xbfe5)
core   0: 0x8000b712 (0x00001f17) auipc   t5, 0x1
core   0: 3 0x8000b712 (0x00001f17) x30 0x8000c712
core   0: 0x8000b716 (0x8e3f2723) sw      gp, -1810(t5)
core   0: 3 0x8000b716 (0x8e3f2723) mem 0x8000c000 0x00000001
core   0: 0x8000b71a (0x0000bfe5) c.j     pc - 8
core   0: 3 0x8000b71a (0xbfe5)
core   0: 0x8000b712 (0x00001f17) auipc   t5, 0x1
core   0: 3 0x8000b712 (0x00001f17) x30 0x8000c712
core   0: 0x8000b716 (0x8e3f2723) sw      gp, -1810(t5)
core   0: 3 0x8000b716 (0x8e3f2723) mem 0x8000c000 0x00000001
core   0: 0x8000b71a (0x0000bfe5) c.j     pc - 8
core   0: 3 0x8000b71a (0xbfe5)
core   0: 0x8000b712 (0x00001f17) auipc   t5, 0x1
core   0: 3 0x8000b712 (0x00001f17) x30 0x8000c712
core   0: 0x8000b716 (0x8e3f2723) sw      gp, -1810(t5)
core   0: 3 0x8000b716 (0x8e3f2723) mem 0x8000c000 0x00000001
core   0: 0x8000b71a (0x0000bfe5) c.j     pc - 8
core   0: 3 0x8000b71a (0xbfe5)
core   0: 0x8000b712 (0x00001f17) auipc   t5, 0x1
core   0: 3 0x8000b712 (0x00001f17) x30 0x8000c712
core   0: 0x8000b716 (0x8e3f2723) sw      gp, -1810(t5)
core   0: 3 0x8000b716 (0x8e3f2723) mem 0x8000c000 0x00000001
core   0: 0x8000b71a (0x0000bfe5) c.j     pc - 8
core   0: 3 0x8000b71a (0xbfe5)
core   0: 0x8000b712 (0x00001f17) auipc   t5, 0x1
core   0: 3 0x8000b712 (0x00001f17) x30 0x8000c712
core   0: 0x8000b716 (0x8e3f2723) sw      gp, -1810(t5)
core   0: 3 0x8000b716 (0x8e3f2723) mem 0x8000c000 0x00000001
core   0: 0x8000b71a (0x0000bfe5) c.j     pc - 8
core   0: 3 0x8000b71a (0xbfe5)
core   0: 0x8000b712 (0x00001f17) auipc   t5, 0x1
core   0: 3 0x8000b712 (0x00001f17) x30 0x8000c712
core   0: 0x8000b716 (0x8e3f2723) sw      gp, -1810(t5)
core   0: 3 0x8000b716 (0x8e3f2723) mem 0x8000c000 0x00000001
core   0: 0x8000b71a (0x0000bfe5) c.j     pc - 8
core   0: 3 0x8000b71a (0xbfe5)
core   0: 0x8000b712 (0x00001f17) auipc   t5, 0x1
core   0: 3 0x8000b712 (0x00001f17) x30 0x8000c712
core   0: 0x8000b716 (0x8e3f2723) sw      gp, -1810(t5)
core   0: 3 0x8000b716 (0x8e3f2723) mem 0x8000c000 0x00000001
core   0: 0x8000b71a (0x0000bfe5) c.j     pc - 8
core   0: 3 0x8000b71a (0xbfe5)
core   0: 0x8000b712 (0x00001f17) auipc   t5, 0x1
core   0: 3 0x8000b712 (0x00001f17) x30 0x8000c712
core   0: 0x8000b716 (0x8e3f2723) sw      gp, -1810(t5)
core   0: 3 0x8000b716 (0x8e3f2723) mem 0x8000c000 0x00000001
core   0: 0x8000b71a (0x0000bfe5) c.j     pc - 8
core   0: 3 0x8000b71a (0xbfe5)
core   0: 0x8000b712 (0x00001f17) auipc   t5, 0x1
core   0: 3 0x8000b712 (0x00001f17) x30 0x8000c712
core   0: 0x8000b716 (0x8e3f2723) sw      gp, -1810(t5)
core   0: 3 0x8000b716 (0x8e3f2723) mem 0x8000c000 0x00000001
core   0: 0x8000b71a (0x0000bfe5) c.j     pc - 8
core   0: 3 0x8000b71a (0xbfe5)
core   0: 0x8000b712 (0x00001f17) auipc   t5, 0x1
core   0: 3 0x8000b712 (0x00001f17) x30 0x8000c712
core   0: 0x8000b716 (0x8e3f2723) sw      gp, -1810(t5)
core   0: 3 0x8000b716 (0x8e3f2723) mem 0x8000c000 0x00000001
core   0: 0x8000b71a (0x0000bfe5) c.j     pc - 8
core   0: 3 0x8000b71a (0xbfe5)
core   0: 0x8000b712 (0x00001f17) auipc   t5, 0x1
core   0: 3 0x8000b712 (0x00001f17) x30 0x8000c712
core   0: 0x8000b716 (0x8e3f2723) sw      gp, -1810(t5)
core   0: 3 0x8000b716 (0x8e3f2723) mem 0x8000c000 0x00000001
core   0: 0x8000b71a (0x0000bfe5) c.j     pc - 8
core   0: 3 0x8000b71a (0xbfe5)
core   0: 0x8000b712 (0x00001f17) auipc   t5, 0x1
core   0: 3 0x8000b712 (0x00001f17) x30 0x8000c712
core   0: 0x8000b716 (0x8e3f2723) sw      gp, -1810(t5)
core   0: 3 0x8000b716 (0x8e3f2723) mem 0x8000c000 0x00000001
core   0: 0x8000b71a (0x0000bfe5) c.j     pc - 8
core   0: 3 0x8000b71a (0xbfe5)
core   0: 0x8000b712 (0x00001f17) auipc   t5, 0x1
core   0: 3 0x8000b712 (0x00001f17) x30 0x8000c712
core   0: 0x8000b716 (0x8e3f2723) sw      gp, -1810(t5)
core   0: 3 0x8000b716 (0x8e3f2723) mem 0x8000c000 0x00000001
core   0: 0x8000b71a (0x0000bfe5) c.j     pc - 8
core   0: 3 0x8000b71a (0xbfe5)
core   0: 0x8000b712 (0x00001f17) auipc   t5, 0x1
core   0: 3 0x8000b712 (0x00001f17) x30 0x8000c712
core   0: 0x8000b716 (0x8e3f2723) sw      gp, -1810(t5)
core   0: 3 0x8000b716 (0x8e3f2723) mem 0x8000c000 0x00000001
core   0: 0x8000b71a (0x0000bfe5) c.j     pc - 8
core   0: 3 0x8000b71a (0xbfe5)
core   0: 0x8000b712 (0x00001f17) auipc   t5, 0x1
core   0: 3 0x8000b712 (0x00001f17) x30 0x8000c712
core   0: 0x8000b716 (0x8e3f2723) sw      gp, -1810(t5)
core   0: 3 0x8000b716 (0x8e3f2723) mem 0x8000c000 0x00000001
core   0: 0x8000b71a (0x0000bfe5) c.j     pc - 8
core   0: 3 0x8000b71a (0xbfe5)
core   0: 0x8000b712 (0x00001f17) auipc   t5, 0x1
core   0: 3 0x8000b712 (0x00001f17) x30 0x8000c712
core   0: 0x8000b716 (0x8e3f2723) sw      gp, -1810(t5)
core   0: 3 0x8000b716 (0x8e3f2723) mem 0x8000c000 0x00000001
core   0: 0x8000b71a (0x0000bfe5) c.j     pc - 8
core   0: 3 0x8000b71a (0xbfe5)
core   0: 0x8000b712 (0x00001f17) auipc   t5, 0x1
core   0: 3 0x8000b712 (0x00001f17) x30 0x8000c712
core   0: 0x8000b716 (0x8e3f2723) sw      gp, -1810(t5)
core   0: 3 0x8000b716 (0x8e3f2723) mem 0x8000c000 0x00000001
core   0: 0x8000b71a (0x0000bfe5) c.j     pc - 8
core   0: 3 0x8000b71a (0xbfe5)
core   0: 0x8000b712 (0x00001f17) auipc   t5, 0x1
core   0: 3 0x8000b712 (0x00001f17) x30 0x8000c712
core   0: 0x8000b716 (0x8e3f2723) sw      gp, -1810(t5)
core   0: 3 0x8000b716 (0x8e3f2723) mem 0x8000c000 0x00000001
core   0: 0x8000b71a (0x0000bfe5) c.j     pc - 8
core   0: 3 0x8000b71a (0xbfe5)
core   0: 0x8000b712 (0x00001f17) auipc   t5, 0x1
core   0: 3 0x8000b712 (0x00001f17) x30 0x8000c712
core   0: 0x8000b716 (0x8e3f2723) sw      gp, -1810(t5)
core   0: 3 0x8000b716 (0x8e3f2723) mem 0x8000c000 0x00000001
core   0: 0x8000b71a (0x0000bfe5) c.j     pc - 8
core   0: 3 0x8000b71a (0xbfe5)
core   0: 0x8000b712 (0x00001f17) auipc   t5, 0x1
core   0: 3 0x8000b712 (0x00001f17) x30 0x8000c712
core   0: 0x8000b716 (0x8e3f2723) sw      gp, -1810(t5)
core   0: 3 0x8000b716 (0x8e3f2723) mem 0x8000c000 0x00000001
core   0: 0x8000b71a (0x0000bfe5) c.j     pc - 8
core   0: 3 0x8000b71a (0xbfe5)
core   0: 0x8000b712 (0x00001f17) auipc   t5, 0x1
core   0: 3 0x8000b712 (0x00001f17) x30 0x8000c712
core   0: 0x8000b716 (0x8e3f2723) sw      gp, -1810(t5)
core   0: 3 0x8000b716 (0x8e3f2723) mem 0x8000c000 0x00000001
core   0: 0x8000b71a (0x0000bfe5) c.j     pc - 8
core   0: 3 0x8000b71a (0xbfe5)
core   0: 0x8000b712 (0x00001f17) auipc   t5, 0x1
core   0: 3 0x8000b712 (0x00001f17) x30 0x8000c712
core   0: 0x8000b716 (0x8e3f2723) sw      gp, -1810(t5)
core   0: 3 0x8000b716 (0x8e3f2723) mem 0x8000c000 0x00000001
core   0: 0x8000b71a (0x0000bfe5) c.j     pc - 8
core   0: 3 0x8000b71a (0xbfe5)
core   0: 0x8000b712 (0x00001f17) auipc   t5, 0x1
core   0: 3 0x8000b712 (0x00001f17) x30 0x8000c712
core   0: 0x8000b716 (0x8e3f2723) sw      gp, -1810(t5)
core   0: 3 0x8000b716 (0x8e3f2723) mem 0x8000c000 0x00000001
core   0: 0x8000b71a (0x0000bfe5) c.j     pc - 8
core   0: 3 0x8000b71a (0xbfe5)
core   0: 0x8000b712 (0x00001f17) auipc   t5, 0x1
core   0: 3 0x8000b712 (0x00001f17) x30 0x8000c712
core   0: 0x8000b716 (0x8e3f2723) sw      gp, -1810(t5)
core   0: 3 0x8000b716 (0x8e3f2723) mem 0x8000c000 0x00000001
core   0: 0x8000b71a (0x0000bfe5) c.j     pc - 8
core   0: 3 0x8000b71a (0xbfe5)
core   0: 0x8000b712 (0x00001f17) auipc   t5, 0x1
core   0: 3 0x8000b712 (0x00001f17) x30 0x8000c712
core   0: 0x8000b716 (0x8e3f2723) sw      gp, -1810(t5)
core   0: 3 0x8000b716 (0x8e3f2723) mem 0x8000c000 0x00000001
core   0: 0x8000b71a (0x0000bfe5) c.j     pc - 8
core   0: 3 0x8000b71a (0xbfe5)
core   0: 0x8000b712 (0x00001f17) auipc   t5, 0x1
core   0: 3 0x8000b712 (0x00001f17) x30 0x8000c712
core   0: 0x8000b716 (0x8e3f2723) sw      gp, -1810(t5)
core   0: 3 0x8000b716 (0x8e3f2723) mem 0x8000c000 0x00000001
core   0: 0x8000b71a (0x0000bfe5) c.j     pc - 8
core   0: 3 0x8000b71a (0xbfe5)
core   0: 0x8000b712 (0x00001f17) auipc   t5, 0x1
core   0: 3 0x8000b712 (0x00001f17) x30 0x8000c712
core   0: 0x8000b716 (0x8e3f2723) sw      gp, -1810(t5)
core   0: 3 0x8000b716 (0x8e3f2723) mem 0x8000c000 0x00000001
core   0: 0x8000b71a (0x0000bfe5) c.j     pc - 8
core   0: 3 0x8000b71a (0xbfe5)
core   0: 0x8000b712 (0x00001f17) auipc   t5, 0x1
core   0: 3 0x8000b712 (0x00001f17) x30 0x8000c712
core   0: 0x8000b716 (0x8e3f2723) sw      gp, -1810(t5)
core   0: 3 0x8000b716 (0x8e3f2723) mem 0x8000c000 0x00000001
core   0: 0x8000b71a (0x0000bfe5) c.j     pc - 8
core   0: 3 0x8000b71a (0xbfe5)
core   0: 0x8000b712 (0x00001f17) auipc   t5, 0x1
core   0: 3 0x8000b712 (0x00001f17) x30 0x8000c712
core   0: 0x8000b716 (0x8e3f2723) sw      gp, -1810(t5)
core   0: 3 0x8000b716 (0x8e3f2723) mem 0x8000c000 0x00000001
core   0: 0x8000b71a (0x0000bfe5) c.j     pc - 8
core   0: 3 0x8000b71a (0xbfe5)
core   0: 0x8000b712 (0x00001f17) auipc   t5, 0x1
core   0: 3 0x8000b712 (0x00001f17) x30 0x8000c712
core   0: 0x8000b716 (0x8e3f2723) sw      gp, -1810(t5)
core   0: 3 0x8000b716 (0x8e3f2723) mem 0x8000c000 0x00000001
core   0: 0x8000b71a (0x0000bfe5) c.j     pc - 8
core   0: 3 0x8000b71a (0xbfe5)
core   0: 0x8000b712 (0x00001f17) auipc   t5, 0x1
core   0: 3 0x8000b712 (0x00001f17) x30 0x8000c712
core   0: 0x8000b716 (0x8e3f2723) sw      gp, -1810(t5)
core   0: 3 0x8000b716 (0x8e3f2723) mem 0x8000c000 0x00000001
core   0: 0x8000b71a (0x0000bfe5) c.j     pc - 8
core   0: 3 0x8000b71a (0xbfe5)
core   0: 0x8000b712 (0x00001f17) auipc   t5, 0x1
core   0: 3 0x8000b712 (0x00001f17) x30 0x8000c712
core   0: 0x8000b716 (0x8e3f2723) sw      gp, -1810(t5)
core   0: 3 0x8000b716 (0x8e3f2723) mem 0x8000c000 0x00000001
core   0: 0x8000b71a (0x0000bfe5) c.j     pc - 8
core   0: 3 0x8000b71a (0xbfe5)
core   0: 0x8000b712 (0x00001f17) auipc   t5, 0x1
core   0: 3 0x8000b712 (0x00001f17) x30 0x8000c712
core   0: 0x8000b716 (0x8e3f2723) sw      gp, -1810(t5)
core   0: 3 0x8000b716 (0x8e3f2723) mem 0x8000c000 0x00000001
core   0: 0x8000b71a (0x0000bfe5) c.j     pc - 8
core   0: 3 0x8000b71a (0xbfe5)
core   0: 0x8000b712 (0x00001f17) auipc   t5, 0x1
core   0: 3 0x8000b712 (0x00001f17) x30 0x8000c712
core   0: 0x8000b716 (0x8e3f2723) sw      gp, -1810(t5)
core   0: 3 0x8000b716 (0x8e3f2723) mem 0x8000c000 0x00000001
core   0: 0x8000b71a (0x0000bfe5) c.j     pc - 8
core   0: 3 0x8000b71a (0xbfe5)
core   0: 0x8000b712 (0x00001f17) auipc   t5, 0x1
core   0: 3 0x8000b712 (0x00001f17) x30 0x8000c712
core   0: 0x8000b716 (0x8e3f2723) sw      gp, -1810(t5)
core   0: 3 0x8000b716 (0x8e3f2723) mem 0x8000c000 0x00000001
core   0: 0x8000b71a (0x0000bfe5) c.j     pc - 8
core   0: 3 0x8000b71a (0xbfe5)
core   0: 0x8000b712 (0x00001f17) auipc   t5, 0x1
core   0: 3 0x8000b712 (0x00001f17) x30 0x8000c712
core   0: 0x8000b716 (0x8e3f2723) sw      gp, -1810(t5)
core   0: 3 0x8000b716 (0x8e3f2723) mem 0x8000c000 0x00000001
core   0: 0x8000b71a (0x0000bfe5) c.j     pc - 8
core   0: 3 0x8000b71a (0xbfe5)
core   0: 0x8000b712 (0x00001f17) auipc   t5, 0x1
core   0: 3 0x8000b712 (0x00001f17) x30 0x8000c712
core   0: 0x8000b716 (0x8e3f2723) sw      gp, -1810(t5)
core   0: 3 0x8000b716 (0x8e3f2723) mem 0x8000c000 0x00000001
core   0: 0x8000b71a (0x0000bfe5) c.j     pc - 8
core   0: 3 0x8000b71a (0xbfe5)
core   0: 0x8000b712 (0x00001f17) auipc   t5, 0x1
core   0: 3 0x8000b712 (0x00001f17) x30 0x8000c712
core   0: 0x8000b716 (0x8e3f2723) sw      gp, -1810(t5)
core   0: 3 0x8000b716 (0x8e3f2723) mem 0x8000c000 0x00000001
core   0: 0x8000b71a (0x0000bfe5) c.j     pc - 8
core   0: 3 0x8000b71a (0xbfe5)
core   0: 0x8000b712 (0x00001f17) auipc   t5, 0x1
core   0: 3 0x8000b712 (0x00001f17) x30 0x8000c712
core   0: 0x8000b716 (0x8e3f2723) sw      gp, -1810(t5)
core   0: 3 0x8000b716 (0x8e3f2723) mem 0x8000c000 0x00000001
core   0: 0x8000b71a (0x0000bfe5) c.j     pc - 8
core   0: 3 0x8000b71a (0xbfe5)
core   0: 0x8000b712 (0x00001f17) auipc   t5, 0x1
core   0: 3 0x8000b712 (0x00001f17) x30 0x8000c712
core   0: 0x8000b716 (0x8e3f2723) sw      gp, -1810(t5)
core   0: 3 0x8000b716 (0x8e3f2723) mem 0x8000c000 0x00000001
core   0: 0x8000b71a (0x0000bfe5) c.j     pc - 8
core   0: 3 0x8000b71a (0xbfe5)
core   0: 0x8000b712 (0x00001f17) auipc   t5, 0x1
core   0: 3 0x8000b712 (0x00001f17) x30 0x8000c712
core   0: 0x8000b716 (0x8e3f2723) sw      gp, -1810(t5)
core   0: 3 0x8000b716 (0x8e3f2723) mem 0x8000c000 0x00000001
core   0: 0x8000b71a (0x0000bfe5) c.j     pc - 8
core   0: 3 0x8000b71a (0xbfe5)
core   0: 0x8000b712 (0x00001f17) auipc   t5, 0x1
core   0: 3 0x8000b712 (0x00001f17) x30 0x8000c712
core   0: 0x8000b716 (0x8e3f2723) sw      gp, -1810(t5)
core   0: 3 0x8000b716 (0x8e3f2723) mem 0x8000c000 0x00000001
core   0: 0x8000b71a (0x0000bfe5) c.j     pc - 8
core   0: 3 0x8000b71a (0xbfe5)
core   0: 0x8000b712 (0x00001f17) auipc   t5, 0x1
core   0: 3 0x8000b712 (0x00001f17) x30 0x8000c712
core   0: 0x8000b716 (0x8e3f2723) sw      gp, -1810(t5)
core   0: 3 0x8000b716 (0x8e3f2723) mem 0x8000c000 0x00000001
core   0: 0x8000b71a (0x0000bfe5) c.j     pc - 8
core   0: 3 0x8000b71a (0xbfe5)
core   0: 0x8000b712 (0x00001f17) auipc   t5, 0x1
core   0: 3 0x8000b712 (0x00001f17) x30 0x8000c712
core   0: 0x8000b716 (0x8e3f2723) sw      gp, -1810(t5)
core   0: 3 0x8000b716 (0x8e3f2723) mem 0x8000c000 0x00000001
core   0: 0x8000b71a (0x0000bfe5) c.j     pc - 8
core   0: 3 0x8000b71a (0xbfe5)
core   0: 0x8000b712 (0x00001f17) auipc   t5, 0x1
core   0: 3 0x8000b712 (0x00001f17) x30 0x8000c712
core   0: 0x8000b716 (0x8e3f2723) sw      gp, -1810(t5)
core   0: 3 0x8000b716 (0x8e3f2723) mem 0x8000c000 0x00000001
core   0: 0x8000b71a (0x0000bfe5) c.j     pc - 8
core   0: 3 0x8000b71a (0xbfe5)
core   0: 0x8000b712 (0x00001f17) auipc   t5, 0x1
core   0: 3 0x8000b712 (0x00001f17) x30 0x8000c712
core   0: 0x8000b716 (0x8e3f2723) sw      gp, -1810(t5)
core   0: 3 0x8000b716 (0x8e3f2723) mem 0x8000c000 0x00000001
core   0: 0x8000b71a (0x0000bfe5) c.j     pc - 8
core   0: 3 0x8000b71a (0xbfe5)
core   0: 0x8000b712 (0x00001f17) auipc   t5, 0x1
core   0: 3 0x8000b712 (0x00001f17) x30 0x8000c712
core   0: 0x8000b716 (0x8e3f2723) sw      gp, -1810(t5)
core   0: 3 0x8000b716 (0x8e3f2723) mem 0x8000c000 0x00000001
core   0: 0x8000b71a (0x0000bfe5) c.j     pc - 8
core   0: 3 0x8000b71a (0xbfe5)
core   0: 0x8000b712 (0x00001f17) auipc   t5, 0x1
core   0: 3 0x8000b712 (0x00001f17) x30 0x8000c712
core   0: 0x8000b716 (0x8e3f2723) sw      gp, -1810(t5)
core   0: 3 0x8000b716 (0x8e3f2723) mem 0x8000c000 0x00000001
core   0: 0x8000b71a (0x0000bfe5) c.j     pc - 8
core   0: 3 0x8000b71a (0xbfe5)
core   0: 0x8000b712 (0x00001f17) auipc   t5, 0x1
core   0: 3 0x8000b712 (0x00001f17) x30 0x8000c712
core   0: 0x8000b716 (0x8e3f2723) sw      gp, -1810(t5)
core   0: 3 0x8000b716 (0x8e3f2723) mem 0x8000c000 0x00000001
core   0: 0x8000b71a (0x0000bfe5) c.j     pc - 8
core   0: 3 0x8000b71a (0xbfe5)
core   0: 0x8000b712 (0x00001f17) auipc   t5, 0x1
core   0: 3 0x8000b712 (0x00001f17) x30 0x8000c712
core   0: 0x8000b716 (0x8e3f2723) sw      gp, -1810(t5)
core   0: 3 0x8000b716 (0x8e3f2723) mem 0x8000c000 0x00000001
core   0: 0x8000b71a (0x0000bfe5) c.j     pc - 8
core   0: 3 0x8000b71a (0xbfe5)
core   0: 0x8000b712 (0x00001f17) auipc   t5, 0x1
core   0: 3 0x8000b712 (0x00001f17) x30 0x8000c712
core   0: 0x8000b716 (0x8e3f2723) sw      gp, -1810(t5)
core   0: 3 0x8000b716 (0x8e3f2723) mem 0x8000c000 0x00000001
core   0: 0x8000b71a (0x0000bfe5) c.j     pc - 8
core   0: 3 0x8000b71a (0xbfe5)
core   0: 0x8000b712 (0x00001f17) auipc   t5, 0x1
core   0: 3 0x8000b712 (0x00001f17) x30 0x8000c712
core   0: 0x8000b716 (0x8e3f2723) sw      gp, -1810(t5)
core   0: 3 0x8000b716 (0x8e3f2723) mem 0x8000c000 0x00000001
core   0: 0x8000b71a (0x0000bfe5) c.j     pc - 8
core   0: 3 0x8000b71a (0xbfe5)
core   0: 0x8000b712 (0x00001f17) auipc   t5, 0x1
core   0: 3 0x8000b712 (0x00001f17) x30 0x8000c712
core   0: 0x8000b716 (0x8e3f2723) sw      gp, -1810(t5)
core   0: 3 0x8000b716 (0x8e3f2723) mem 0x8000c000 0x00000001
core   0: 0x8000b71a (0x0000bfe5) c.j     pc - 8
core   0: 3 0x8000b71a (0xbfe5)
core   0: 0x8000b712 (0x00001f17) auipc   t5, 0x1
core   0: 3 0x8000b712 (0x00001f17) x30 0x8000c712
core   0: 0x8000b716 (0x8e3f2723) sw      gp, -1810(t5)
core   0: 3 0x8000b716 (0x8e3f2723) mem 0x8000c000 0x00000001
core   0: 0x8000b71a (0x0000bfe5) c.j     pc - 8
core   0: 3 0x8000b71a (0xbfe5)
core   0: 0x8000b712 (0x00001f17) auipc   t5, 0x1
core   0: 3 0x8000b712 (0x00001f17) x30 0x8000c712
core   0: 0x8000b716 (0x8e3f2723) sw      gp, -1810(t5)
core   0: 3 0x8000b716 (0x8e3f2723) mem 0x8000c000 0x00000001
core   0: 0x8000b71a (0x0000bfe5) c.j     pc - 8
core   0: 3 0x8000b71a (0xbfe5)
core   0: 0x8000b712 (0x00001f17) auipc   t5, 0x1
core   0: 3 0x8000b712 (0x00001f17) x30 0x8000c712
core   0: 0x8000b716 (0x8e3f2723) sw      gp, -1810(t5)
core   0: 3 0x8000b716 (0x8e3f2723) mem 0x8000c000 0x00000001
core   0: 0x8000b71a (0x0000bfe5) c.j     pc - 8
core   0: 3 0x8000b71a (0xbfe5)
core   0: 0x8000b712 (0x00001f17) auipc   t5, 0x1
core   0: 3 0x8000b712 (0x00001f17) x30 0x8000c712
core   0: 0x8000b716 (0x8e3f2723) sw      gp, -1810(t5)
core   0: 3 0x8000b716 (0x8e3f2723) mem 0x8000c000 0x00000001
core   0: 0x8000b71a (0x0000bfe5) c.j     pc - 8
core   0: 3 0x8000b71a (0xbfe5)
core   0: 0x8000b712 (0x00001f17) auipc   t5, 0x1
core   0: 3 0x8000b712 (0x00001f17) x30 0x8000c712
core   0: 0x8000b716 (0x8e3f2723) sw      gp, -1810(t5)
core   0: 3 0x8000b716 (0x8e3f2723) mem 0x8000c000 0x00000001
core   0: 0x8000b71a (0x0000bfe5) c.j     pc - 8
core   0: 3 0x8000b71a (0xbfe5)
core   0: 0x8000b712 (0x00001f17) auipc   t5, 0x1
core   0: 3 0x8000b712 (0x00001f17) x30 0x8000c712
core   0: 0x8000b716 (0x8e3f2723) sw      gp, -1810(t5)
core   0: 3 0x8000b716 (0x8e3f2723) mem 0x8000c000 0x00000001
core   0: 0x8000b71a (0x0000bfe5) c.j     pc - 8
core   0: 3 0x8000b71a (0xbfe5)
core   0: 0x8000b712 (0x00001f17) auipc   t5, 0x1
core   0: 3 0x8000b712 (0x00001f17) x30 0x8000c712
core   0: 0x8000b716 (0x8e3f2723) sw      gp, -1810(t5)
core   0: 3 0x8000b716 (0x8e3f2723) mem 0x8000c000 0x00000001
core   0: 0x8000b71a (0x0000bfe5) c.j     pc - 8
core   0: 3 0x8000b71a (0xbfe5)
core   0: 0x8000b712 (0x00001f17) auipc   t5, 0x1
core   0: 3 0x8000b712 (0x00001f17) x30 0x8000c712
core   0: 0x8000b716 (0x8e3f2723) sw      gp, -1810(t5)
core   0: 3 0x8000b716 (0x8e3f2723) mem 0x8000c000 0x00000001
core   0: 0x8000b71a (0x0000bfe5) c.j     pc - 8
core   0: 3 0x8000b71a (0xbfe5)
core   0: 0x8000b712 (0x00001f17) auipc   t5, 0x1
core   0: 3 0x8000b712 (0x00001f17) x30 0x8000c712
core   0: 0x8000b716 (0x8e3f2723) sw      gp, -1810(t5)
core   0: 3 0x8000b716 (0x8e3f2723) mem 0x8000c000 0x00000001
core   0: 0x8000b71a (0x0000bfe5) c.j     pc - 8
core   0: 3 0x8000b71a (0xbfe5)
core   0: 0x8000b712 (0x00001f17) auipc   t5, 0x1
core   0: 3 0x8000b712 (0x00001f17) x30 0x8000c712
core   0: 0x8000b716 (0x8e3f2723) sw      gp, -1810(t5)
core   0: 3 0x8000b716 (0x8e3f2723) mem 0x8000c000 0x00000001
core   0: 0x8000b71a (0x0000bfe5) c.j     pc - 8
core   0: 3 0x8000b71a (0xbfe5)
core   0: 0x8000b712 (0x00001f17) auipc   t5, 0x1
core   0: 3 0x8000b712 (0x00001f17) x30 0x8000c712
core   0: 0x8000b716 (0x8e3f2723) sw      gp, -1810(t5)
core   0: 3 0x8000b716 (0x8e3f2723) mem 0x8000c000 0x00000001
core   0: 0x8000b71a (0x0000bfe5) c.j     pc - 8
core   0: 3 0x8000b71a (0xbfe5)
core   0: 0x8000b712 (0x00001f17) auipc   t5, 0x1
core   0: 3 0x8000b712 (0x00001f17) x30 0x8000c712
core   0: 0x8000b716 (0x8e3f2723) sw      gp, -1810(t5)
core   0: 3 0x8000b716 (0x8e3f2723) mem 0x8000c000 0x00000001
core   0: 0x8000b71a (0x0000bfe5) c.j     pc - 8
core   0: 3 0x8000b71a (0xbfe5)
core   0: 0x8000b712 (0x00001f17) auipc   t5, 0x1
core   0: 3 0x8000b712 (0x00001f17) x30 0x8000c712
core   0: 0x8000b716 (0x8e3f2723) sw      gp, -1810(t5)
core   0: 3 0x8000b716 (0x8e3f2723) mem 0x8000c000 0x00000001
core   0: 0x8000b71a (0x0000bfe5) c.j     pc - 8
core   0: 3 0x8000b71a (0xbfe5)
core   0: 0x8000b712 (0x00001f17) auipc   t5, 0x1
core   0: 3 0x8000b712 (0x00001f17) x30 0x8000c712
core   0: 0x8000b716 (0x8e3f2723) sw      gp, -1810(t5)
core   0: 3 0x8000b716 (0x8e3f2723) mem 0x8000c000 0x00000001
core   0: 0x8000b71a (0x0000bfe5) c.j     pc - 8
core   0: 3 0x8000b71a (0xbfe5)
core   0: 0x8000b712 (0x00001f17) auipc   t5, 0x1
core   0: 3 0x8000b712 (0x00001f17) x30 0x8000c712
core   0: 0x8000b716 (0x8e3f2723) sw      gp, -1810(t5)
core   0: 3 0x8000b716 (0x8e3f2723) mem 0x8000c000 0x00000001
core   0: 0x8000b71a (0x0000bfe5) c.j     pc - 8
core   0: 3 0x8000b71a (0xbfe5)
core   0: 0x8000b712 (0x00001f17) auipc   t5, 0x1
core   0: 3 0x8000b712 (0x00001f17) x30 0x8000c712
core   0: 0x8000b716 (0x8e3f2723) sw      gp, -1810(t5)
core   0: 3 0x8000b716 (0x8e3f2723) mem 0x8000c000 0x00000001
core   0: 0x8000b71a (0x0000bfe5) c.j     pc - 8
core   0: 3 0x8000b71a (0xbfe5)
core   0: 0x8000b712 (0x00001f17) auipc   t5, 0x1
core   0: 3 0x8000b712 (0x00001f17) x30 0x8000c712
core   0: 0x8000b716 (0x8e3f2723) sw      gp, -1810(t5)
core   0: 3 0x8000b716 (0x8e3f2723) mem 0x8000c000 0x00000001
core   0: 0x8000b71a (0x0000bfe5) c.j     pc - 8
core   0: 3 0x8000b71a (0xbfe5)
core   0: 0x8000b712 (0x00001f17) auipc   t5, 0x1
core   0: 3 0x8000b712 (0x00001f17) x30 0x8000c712
core   0: 0x8000b716 (0x8e3f2723) sw      gp, -1810(t5)
core   0: 3 0x8000b716 (0x8e3f2723) mem 0x8000c000 0x00000001
core   0: 0x8000b71a (0x0000bfe5) c.j     pc - 8
core   0: 3 0x8000b71a (0xbfe5)
core   0: 0x8000b712 (0x00001f17) auipc   t5, 0x1
core   0: 3 0x8000b712 (0x00001f17) x30 0x8000c712
core   0: 0x8000b716 (0x8e3f2723) sw      gp, -1810(t5)
core   0: 3 0x8000b716 (0x8e3f2723) mem 0x8000c000 0x00000001
core   0: 0x8000b71a (0x0000bfe5) c.j     pc - 8
core   0: 3 0x8000b71a (0xbfe5)
core   0: 0x8000b712 (0x00001f17) auipc   t5, 0x1
core   0: 3 0x8000b712 (0x00001f17) x30 0x8000c712
core   0: 0x8000b716 (0x8e3f2723) sw      gp, -1810(t5)
core   0: 3 0x8000b716 (0x8e3f2723) mem 0x8000c000 0x00000001
core   0: 0x8000b71a (0x0000bfe5) c.j     pc - 8
core   0: 3 0x8000b71a (0xbfe5)
core   0: 0x8000b712 (0x00001f17) auipc   t5, 0x1
core   0: 3 0x8000b712 (0x00001f17) x30 0x8000c712
core   0: 0x8000b716 (0x8e3f2723) sw      gp, -1810(t5)
core   0: 3 0x8000b716 (0x8e3f2723) mem 0x8000c000 0x00000001
core   0: 0x8000b71a (0x0000bfe5) c.j     pc - 8
core   0: 3 0x8000b71a (0xbfe5)
core   0: 0x8000b712 (0x00001f17) auipc   t5, 0x1
core   0: 3 0x8000b712 (0x00001f17) x30 0x8000c712
core   0: 0x8000b716 (0x8e3f2723) sw      gp, -1810(t5)
core   0: 3 0x8000b716 (0x8e3f2723) mem 0x8000c000 0x00000001
core   0: 0x8000b71a (0x0000bfe5) c.j     pc - 8
core   0: 3 0x8000b71a (0xbfe5)
core   0: 0x8000b712 (0x00001f17) auipc   t5, 0x1
core   0: 3 0x8000b712 (0x00001f17) x30 0x8000c712
core   0: 0x8000b716 (0x8e3f2723) sw      gp, -1810(t5)
core   0: 3 0x8000b716 (0x8e3f2723) mem 0x8000c000 0x00000001
core   0: 0x8000b71a (0x0000bfe5) c.j     pc - 8
core   0: 3 0x8000b71a (0xbfe5)
core   0: 0x8000b712 (0x00001f17) auipc   t5, 0x1
core   0: 3 0x8000b712 (0x00001f17) x30 0x8000c712
core   0: 0x8000b716 (0x8e3f2723) sw      gp, -1810(t5)
core   0: 3 0x8000b716 (0x8e3f2723) mem 0x8000c000 0x00000001
core   0: 0x8000b71a (0x0000bfe5) c.j     pc - 8
core   0: 3 0x8000b71a (0xbfe5)
core   0: 0x8000b712 (0x00001f17) auipc   t5, 0x1
core   0: 3 0x8000b712 (0x00001f17) x30 0x8000c712
core   0: 0x8000b716 (0x8e3f2723) sw      gp, -1810(t5)
core   0: 3 0x8000b716 (0x8e3f2723) mem 0x8000c000 0x00000001
core   0: 0x8000b71a (0x0000bfe5) c.j     pc - 8
core   0: 3 0x8000b71a (0xbfe5)
core   0: 0x8000b712 (0x00001f17) auipc   t5, 0x1
core   0: 3 0x8000b712 (0x00001f17) x30 0x8000c712
core   0: 0x8000b716 (0x8e3f2723) sw      gp, -1810(t5)
core   0: 3 0x8000b716 (0x8e3f2723) mem 0x8000c000 0x00000001
core   0: 0x8000b71a (0x0000bfe5) c.j     pc - 8
core   0: 3 0x8000b71a (0xbfe5)
core   0: 0x8000b712 (0x00001f17) auipc   t5, 0x1
core   0: 3 0x8000b712 (0x00001f17) x30 0x8000c712
core   0: 0x8000b716 (0x8e3f2723) sw      gp, -1810(t5)
core   0: 3 0x8000b716 (0x8e3f2723) mem 0x8000c000 0x00000001
core   0: 0x8000b71a (0x0000bfe5) c.j     pc - 8
core   0: 3 0x8000b71a (0xbfe5)
core   0: 0x8000b712 (0x00001f17) auipc   t5, 0x1
core   0: 3 0x8000b712 (0x00001f17) x30 0x8000c712
core   0: 0x8000b716 (0x8e3f2723) sw      gp, -1810(t5)
core   0: 3 0x8000b716 (0x8e3f2723) mem 0x8000c000 0x00000001
core   0: 0x8000b71a (0x0000bfe5) c.j     pc - 8
core   0: 3 0x8000b71a (0xbfe5)
core   0: 0x8000b712 (0x00001f17) auipc   t5, 0x1
core   0: 3 0x8000b712 (0x00001f17) x30 0x8000c712
core   0: 0x8000b716 (0x8e3f2723) sw      gp, -1810(t5)
core   0: 3 0x8000b716 (0x8e3f2723) mem 0x8000c000 0x00000001
core   0: 0x8000b71a (0x0000bfe5) c.j     pc - 8
core   0: 3 0x8000b71a (0xbfe5)
core   0: 0x8000b712 (0x00001f17) auipc   t5, 0x1
core   0: 3 0x8000b712 (0x00001f17) x30 0x8000c712
core   0: 0x8000b716 (0x8e3f2723) sw      gp, -1810(t5)
core   0: 3 0x8000b716 (0x8e3f2723) mem 0x8000c000 0x00000001
core   0: 0x8000b71a (0x0000bfe5) c.j     pc - 8
core   0: 3 0x8000b71a (0xbfe5)
core   0: 0x8000b712 (0x00001f17) auipc   t5, 0x1
core   0: 3 0x8000b712 (0x00001f17) x30 0x8000c712
core   0: 0x8000b716 (0x8e3f2723) sw      gp, -1810(t5)
core   0: 3 0x8000b716 (0x8e3f2723) mem 0x8000c000 0x00000001
core   0: 0x8000b71a (0x0000bfe5) c.j     pc - 8
core   0: 3 0x8000b71a (0xbfe5)
core   0: 0x8000b712 (0x00001f17) auipc   t5, 0x1
core   0: 3 0x8000b712 (0x00001f17) x30 0x8000c712
core   0: 0x8000b716 (0x8e3f2723) sw      gp, -1810(t5)
core   0: 3 0x8000b716 (0x8e3f2723) mem 0x8000c000 0x00000001
core   0: 0x8000b71a (0x0000bfe5) c.j     pc - 8
core   0: 3 0x8000b71a (0xbfe5)
core   0: 0x8000b712 (0x00001f17) auipc   t5, 0x1
core   0: 3 0x8000b712 (0x00001f17) x30 0x8000c712
core   0: 0x8000b716 (0x8e3f2723) sw      gp, -1810(t5)
core   0: 3 0x8000b716 (0x8e3f2723) mem 0x8000c000 0x00000001
core   0: 0x8000b71a (0x0000bfe5) c.j     pc - 8
core   0: 3 0x8000b71a (0xbfe5)
core   0: 0x8000b712 (0x00001f17) auipc   t5, 0x1
core   0: 3 0x8000b712 (0x00001f17) x30 0x8000c712
core   0: 0x8000b716 (0x8e3f2723) sw      gp, -1810(t5)
core   0: 3 0x8000b716 (0x8e3f2723) mem 0x8000c000 0x00000001
core   0: 0x8000b71a (0x0000bfe5) c.j     pc - 8
core   0: 3 0x8000b71a (0xbfe5)
core   0: 0x8000b712 (0x00001f17) auipc   t5, 0x1
core   0: 3 0x8000b712 (0x00001f17) x30 0x8000c712
core   0: 0x8000b716 (0x8e3f2723) sw      gp, -1810(t5)
core   0: 3 0x8000b716 (0x8e3f2723) mem 0x8000c000 0x00000001
core   0: 0x8000b71a (0x0000bfe5) c.j     pc - 8
core   0: 3 0x8000b71a (0xbfe5)
core   0: 0x8000b712 (0x00001f17) auipc   t5, 0x1
core   0: 3 0x8000b712 (0x00001f17) x30 0x8000c712
core   0: 0x8000b716 (0x8e3f2723) sw      gp, -1810(t5)
core   0: 3 0x8000b716 (0x8e3f2723) mem 0x8000c000 0x00000001
core   0: 0x8000b71a (0x0000bfe5) c.j     pc - 8
core   0: 3 0x8000b71a (0xbfe5)
core   0: 0x8000b712 (0x00001f17) auipc   t5, 0x1
core   0: 3 0x8000b712 (0x00001f17) x30 0x8000c712
core   0: 0x8000b716 (0x8e3f2723) sw      gp, -1810(t5)
core   0: 3 0x8000b716 (0x8e3f2723) mem 0x8000c000 0x00000001
core   0: 0x8000b71a (0x0000bfe5) c.j     pc - 8
core   0: 3 0x8000b71a (0xbfe5)
core   0: 0x8000b712 (0x00001f17) auipc   t5, 0x1
core   0: 3 0x8000b712 (0x00001f17) x30 0x8000c712
core   0: 0x8000b716 (0x8e3f2723) sw      gp, -1810(t5)
core   0: 3 0x8000b716 (0x8e3f2723) mem 0x8000c000 0x00000001
core   0: 0x8000b71a (0x0000bfe5) c.j     pc - 8
core   0: 3 0x8000b71a (0xbfe5)
core   0: 0x8000b712 (0x00001f17) auipc   t5, 0x1
core   0: 3 0x8000b712 (0x00001f17) x30 0x8000c712
core   0: 0x8000b716 (0x8e3f2723) sw      gp, -1810(t5)
core   0: 3 0x8000b716 (0x8e3f2723) mem 0x8000c000 0x00000001
core   0: 0x8000b71a (0x0000bfe5) c.j     pc - 8
core   0: 3 0x8000b71a (0xbfe5)
core   0: 0x8000b712 (0x00001f17) auipc   t5, 0x1
core   0: 3 0x8000b712 (0x00001f17) x30 0x8000c712
core   0: 0x8000b716 (0x8e3f2723) sw      gp, -1810(t5)
core   0: 3 0x8000b716 (0x8e3f2723) mem 0x8000c000 0x00000001
core   0: 0x8000b71a (0x0000bfe5) c.j     pc - 8
core   0: 3 0x8000b71a (0xbfe5)
core   0: 0x8000b712 (0x00001f17) auipc   t5, 0x1
core   0: 3 0x8000b712 (0x00001f17) x30 0x8000c712
core   0: 0x8000b716 (0x8e3f2723) sw      gp, -1810(t5)
core   0: 3 0x8000b716 (0x8e3f2723) mem 0x8000c000 0x00000001
core   0: 0x8000b71a (0x0000bfe5) c.j     pc - 8
core   0: 3 0x8000b71a (0xbfe5)
core   0: 0x8000b712 (0x00001f17) auipc   t5, 0x1
core   0: 3 0x8000b712 (0x00001f17) x30 0x8000c712
core   0: 0x8000b716 (0x8e3f2723) sw      gp, -1810(t5)
core   0: 3 0x8000b716 (0x8e3f2723) mem 0x8000c000 0x00000001
core   0: 0x8000b71a (0x0000bfe5) c.j     pc - 8
core   0: 3 0x8000b71a (0xbfe5)
core   0: 0x8000b712 (0x00001f17) auipc   t5, 0x1
core   0: 3 0x8000b712 (0x00001f17) x30 0x8000c712
core   0: 0x8000b716 (0x8e3f2723) sw      gp, -1810(t5)
core   0: 3 0x8000b716 (0x8e3f2723) mem 0x8000c000 0x00000001
core   0: 0x8000b71a (0x0000bfe5) c.j     pc - 8
core   0: 3 0x8000b71a (0xbfe5)
core   0: 0x8000b712 (0x00001f17) auipc   t5, 0x1
core   0: 3 0x8000b712 (0x00001f17) x30 0x8000c712
core   0: 0x8000b716 (0x8e3f2723) sw      gp, -1810(t5)
core   0: 3 0x8000b716 (0x8e3f2723) mem 0x8000c000 0x00000001
core   0: 0x8000b71a (0x0000bfe5) c.j     pc - 8
core   0: 3 0x8000b71a (0xbfe5)
core   0: 0x8000b712 (0x00001f17) auipc   t5, 0x1
core   0: 3 0x8000b712 (0x00001f17) x30 0x8000c712
core   0: 0x8000b716 (0x8e3f2723) sw      gp, -1810(t5)
core   0: 3 0x8000b716 (0x8e3f2723) mem 0x8000c000 0x00000001
core   0: 0x8000b71a (0x0000bfe5) c.j     pc - 8
core   0: 3 0x8000b71a (0xbfe5)
core   0: 0x8000b712 (0x00001f17) auipc   t5, 0x1
core   0: 3 0x8000b712 (0x00001f17) x30 0x8000c712
core   0: 0x8000b716 (0x8e3f2723) sw      gp, -1810(t5)
core   0: 3 0x8000b716 (0x8e3f2723) mem 0x8000c000 0x00000001
core   0: 0x8000b71a (0x0000bfe5) c.j     pc - 8
core   0: 3 0x8000b71a (0xbfe5)
core   0: 0x8000b712 (0x00001f17) auipc   t5, 0x1
core   0: 3 0x8000b712 (0x00001f17) x30 0x8000c712
core   0: 0x8000b716 (0x8e3f2723) sw      gp, -1810(t5)
core   0: 3 0x8000b716 (0x8e3f2723) mem 0x8000c000 0x00000001
core   0: 0x8000b71a (0x0000bfe5) c.j     pc - 8
core   0: 3 0x8000b71a (0xbfe5)
core   0: 0x8000b712 (0x00001f17) auipc   t5, 0x1
core   0: 3 0x8000b712 (0x00001f17) x30 0x8000c712
core   0: 0x8000b716 (0x8e3f2723) sw      gp, -1810(t5)
core   0: 3 0x8000b716 (0x8e3f2723) mem 0x8000c000 0x00000001
core   0: 0x8000b71a (0x0000bfe5) c.j     pc - 8
core   0: 3 0x8000b71a (0xbfe5)
core   0: 0x8000b712 (0x00001f17) auipc   t5, 0x1
core   0: 3 0x8000b712 (0x00001f17) x30 0x8000c712
core   0: 0x8000b716 (0x8e3f2723) sw      gp, -1810(t5)
core   0: 3 0x8000b716 (0x8e3f2723) mem 0x8000c000 0x00000001
core   0: 0x8000b71a (0x0000bfe5) c.j     pc - 8
core   0: 3 0x8000b71a (0xbfe5)
core   0: 0x8000b712 (0x00001f17) auipc   t5, 0x1
core   0: 3 0x8000b712 (0x00001f17) x30 0x8000c712
core   0: 0x8000b716 (0x8e3f2723) sw      gp, -1810(t5)
core   0: 3 0x8000b716 (0x8e3f2723) mem 0x8000c000 0x00000001
core   0: 0x8000b71a (0x0000bfe5) c.j     pc - 8
core   0: 3 0x8000b71a (0xbfe5)
core   0: 0x8000b712 (0x00001f17) auipc   t5, 0x1
core   0: 3 0x8000b712 (0x00001f17) x30 0x8000c712
core   0: 0x8000b716 (0x8e3f2723) sw      gp, -1810(t5)
core   0: 3 0x8000b716 (0x8e3f2723) mem 0x8000c000 0x00000001
core   0: 0x8000b71a (0x0000bfe5) c.j     pc - 8
core   0: 3 0x8000b71a (0xbfe5)
core   0: 0x8000b712 (0x00001f17) auipc   t5, 0x1
core   0: 3 0x8000b712 (0x00001f17) x30 0x8000c712
core   0: 0x8000b716 (0x8e3f2723) sw      gp, -1810(t5)
core   0: 3 0x8000b716 (0x8e3f2723) mem 0x8000c000 0x00000001
core   0: 0x8000b71a (0x0000bfe5) c.j     pc - 8
core   0: 3 0x8000b71a (0xbfe5)
core   0: 0x8000b712 (0x00001f17) auipc   t5, 0x1
core   0: 3 0x8000b712 (0x00001f17) x30 0x8000c712
core   0: 0x8000b716 (0x8e3f2723) sw      gp, -1810(t5)
core   0: 3 0x8000b716 (0x8e3f2723) mem 0x8000c000 0x00000001
core   0: 0x8000b71a (0x0000bfe5) c.j     pc - 8
core   0: 3 0x8000b71a (0xbfe5)
core   0: 0x8000b712 (0x00001f17) auipc   t5, 0x1
core   0: 3 0x8000b712 (0x00001f17) x30 0x8000c712
core   0: 0x8000b716 (0x8e3f2723) sw      gp, -1810(t5)
core   0: 3 0x8000b716 (0x8e3f2723) mem 0x8000c000 0x00000001
core   0: 0x8000b71a (0x0000bfe5) c.j     pc - 8
core   0: 3 0x8000b71a (0xbfe5)
core   0: 0x8000b712 (0x00001f17) auipc   t5, 0x1
core   0: 3 0x8000b712 (0x00001f17) x30 0x8000c712
core   0: 0x8000b716 (0x8e3f2723) sw      gp, -1810(t5)
core   0: 3 0x8000b716 (0x8e3f2723) mem 0x8000c000 0x00000001
core   0: 0x8000b71a (0x0000bfe5) c.j     pc - 8
core   0: 3 0x8000b71a (0xbfe5)
core   0: 0x8000b712 (0x00001f17) auipc   t5, 0x1
core   0: 3 0x8000b712 (0x00001f17) x30 0x8000c712
core   0: 0x8000b716 (0x8e3f2723) sw      gp, -1810(t5)
core   0: 3 0x8000b716 (0x8e3f2723) mem 0x8000c000 0x00000001
core   0: 0x8000b71a (0x0000bfe5) c.j     pc - 8
core   0: 3 0x8000b71a (0xbfe5)
core   0: 0x8000b712 (0x00001f17) auipc   t5, 0x1
core   0: 3 0x8000b712 (0x00001f17) x30 0x8000c712
core   0: 0x8000b716 (0x8e3f2723) sw      gp, -1810(t5)
core   0: 3 0x8000b716 (0x8e3f2723) mem 0x8000c000 0x00000001
core   0: 0x8000b71a (0x0000bfe5) c.j     pc - 8
core   0: 3 0x8000b71a (0xbfe5)
core   0: 0x8000b712 (0x00001f17) auipc   t5, 0x1
core   0: 3 0x8000b712 (0x00001f17) x30 0x8000c712
core   0: 0x8000b716 (0x8e3f2723) sw      gp, -1810(t5)
core   0: 3 0x8000b716 (0x8e3f2723) mem 0x8000c000 0x00000001
core   0: 0x8000b71a (0x0000bfe5) c.j     pc - 8
core   0: 3 0x8000b71a (0xbfe5)
core   0: 0x8000b712 (0x00001f17) auipc   t5, 0x1
core   0: 3 0x8000b712 (0x00001f17) x30 0x8000c712
core   0: 0x8000b716 (0x8e3f2723) sw      gp, -1810(t5)
core   0: 3 0x8000b716 (0x8e3f2723) mem 0x8000c000 0x00000001
core   0: 0x8000b71a (0x0000bfe5) c.j     pc - 8
core   0: 3 0x8000b71a (0xbfe5)
core   0: 0x8000b712 (0x00001f17) auipc   t5, 0x1
core   0: 3 0x8000b712 (0x00001f17) x30 0x8000c712
core   0: 0x8000b716 (0x8e3f2723) sw      gp, -1810(t5)
core   0: 3 0x8000b716 (0x8e3f2723) mem 0x8000c000 0x00000001
core   0: 0x8000b71a (0x0000bfe5) c.j     pc - 8
core   0: 3 0x8000b71a (0xbfe5)
core   0: 0x8000b712 (0x00001f17) auipc   t5, 0x1
core   0: 3 0x8000b712 (0x00001f17) x30 0x8000c712
core   0: 0x8000b716 (0x8e3f2723) sw      gp, -1810(t5)
core   0: 3 0x8000b716 (0x8e3f2723) mem 0x8000c000 0x00000001
core   0: 0x8000b71a (0x0000bfe5) c.j     pc - 8
core   0: 3 0x8000b71a (0xbfe5)
core   0: 0x8000b712 (0x00001f17) auipc   t5, 0x1
core   0: 3 0x8000b712 (0x00001f17) x30 0x8000c712
core   0: 0x8000b716 (0x8e3f2723) sw      gp, -1810(t5)
core   0: 3 0x8000b716 (0x8e3f2723) mem 0x8000c000 0x00000001
core   0: 0x8000b71a (0x0000bfe5) c.j     pc - 8
core   0: 3 0x8000b71a (0xbfe5)
core   0: 0x8000b712 (0x00001f17) auipc   t5, 0x1
core   0: 3 0x8000b712 (0x00001f17) x30 0x8000c712
core   0: 0x8000b716 (0x8e3f2723) sw      gp, -1810(t5)
core   0: 3 0x8000b716 (0x8e3f2723) mem 0x8000c000 0x00000001
core   0: 0x8000b71a (0x0000bfe5) c.j     pc - 8
core   0: 3 0x8000b71a (0xbfe5)
core   0: 0x8000b712 (0x00001f17) auipc   t5, 0x1
core   0: 3 0x8000b712 (0x00001f17) x30 0x8000c712
core   0: 0x8000b716 (0x8e3f2723) sw      gp, -1810(t5)
core   0: 3 0x8000b716 (0x8e3f2723) mem 0x8000c000 0x00000001
core   0: 0x8000b71a (0x0000bfe5) c.j     pc - 8
core   0: 3 0x8000b71a (0xbfe5)
core   0: 0x8000b712 (0x00001f17) auipc   t5, 0x1
core   0: 3 0x8000b712 (0x00001f17) x30 0x8000c712
core   0: 0x8000b716 (0x8e3f2723) sw      gp, -1810(t5)
core   0: 3 0x8000b716 (0x8e3f2723) mem 0x8000c000 0x00000001
core   0: 0x8000b71a (0x0000bfe5) c.j     pc - 8
core   0: 3 0x8000b71a (0xbfe5)
core   0: 0x8000b712 (0x00001f17) auipc   t5, 0x1
core   0: 3 0x8000b712 (0x00001f17) x30 0x8000c712
core   0: 0x8000b716 (0x8e3f2723) sw      gp, -1810(t5)
core   0: 3 0x8000b716 (0x8e3f2723) mem 0x8000c000 0x00000001
core   0: 0x8000b71a (0x0000bfe5) c.j     pc - 8
core   0: 3 0x8000b71a (0xbfe5)
core   0: 0x8000b712 (0x00001f17) auipc   t5, 0x1
core   0: 3 0x8000b712 (0x00001f17) x30 0x8000c712
core   0: 0x8000b716 (0x8e3f2723) sw      gp, -1810(t5)
core   0: 3 0x8000b716 (0x8e3f2723) mem 0x8000c000 0x00000001
core   0: 0x8000b71a (0x0000bfe5) c.j     pc - 8
core   0: 3 0x8000b71a (0xbfe5)
core   0: 0x8000b712 (0x00001f17) auipc   t5, 0x1
core   0: 3 0x8000b712 (0x00001f17) x30 0x8000c712
core   0: 0x8000b716 (0x8e3f2723) sw      gp, -1810(t5)
core   0: 3 0x8000b716 (0x8e3f2723) mem 0x8000c000 0x00000001
core   0: 0x8000b71a (0x0000bfe5) c.j     pc - 8
core   0: 3 0x8000b71a (0xbfe5)
core   0: 0x8000b712 (0x00001f17) auipc   t5, 0x1
core   0: 3 0x8000b712 (0x00001f17) x30 0x8000c712
core   0: 0x8000b716 (0x8e3f2723) sw      gp, -1810(t5)
core   0: 3 0x8000b716 (0x8e3f2723) mem 0x8000c000 0x00000001
core   0: 0x8000b71a (0x0000bfe5) c.j     pc - 8
core   0: 3 0x8000b71a (0xbfe5)
core   0: 0x8000b712 (0x00001f17) auipc   t5, 0x1
core   0: 3 0x8000b712 (0x00001f17) x30 0x8000c712
core   0: 0x8000b716 (0x8e3f2723) sw      gp, -1810(t5)
core   0: 3 0x8000b716 (0x8e3f2723) mem 0x8000c000 0x00000001
core   0: 0x8000b71a (0x0000bfe5) c.j     pc - 8
core   0: 3 0x8000b71a (0xbfe5)
core   0: 0x8000b712 (0x00001f17) auipc   t5, 0x1
core   0: 3 0x8000b712 (0x00001f17) x30 0x8000c712
core   0: 0x8000b716 (0x8e3f2723) sw      gp, -1810(t5)
core   0: 3 0x8000b716 (0x8e3f2723) mem 0x8000c000 0x00000001
core   0: 0x8000b71a (0x0000bfe5) c.j     pc - 8
core   0: 3 0x8000b71a (0xbfe5)
core   0: 0x8000b712 (0x00001f17) auipc   t5, 0x1
core   0: 3 0x8000b712 (0x00001f17) x30 0x8000c712
core   0: 0x8000b716 (0x8e3f2723) sw      gp, -1810(t5)
core   0: 3 0x8000b716 (0x8e3f2723) mem 0x8000c000 0x00000001
core   0: 0x8000b71a (0x0000bfe5) c.j     pc - 8
core   0: 3 0x8000b71a (0xbfe5)
core   0: 0x8000b712 (0x00001f17) auipc   t5, 0x1
core   0: 3 0x8000b712 (0x00001f17) x30 0x8000c712
core   0: 0x8000b716 (0x8e3f2723) sw      gp, -1810(t5)
core   0: 3 0x8000b716 (0x8e3f2723) mem 0x8000c000 0x00000001
core   0: 0x8000b71a (0x0000bfe5) c.j     pc - 8
core   0: 3 0x8000b71a (0xbfe5)
core   0: 0x8000b712 (0x00001f17) auipc   t5, 0x1
core   0: 3 0x8000b712 (0x00001f17) x30 0x8000c712
core   0: 0x8000b716 (0x8e3f2723) sw      gp, -1810(t5)
core   0: 3 0x8000b716 (0x8e3f2723) mem 0x8000c000 0x00000001
core   0: 0x8000b71a (0x0000bfe5) c.j     pc - 8
core   0: 3 0x8000b71a (0xbfe5)
core   0: 0x8000b712 (0x00001f17) auipc   t5, 0x1
core   0: 3 0x8000b712 (0x00001f17) x30 0x8000c712
core   0: 0x8000b716 (0x8e3f2723) sw      gp, -1810(t5)
core   0: 3 0x8000b716 (0x8e3f2723) mem 0x8000c000 0x00000001
core   0: 0x8000b71a (0x0000bfe5) c.j     pc - 8
core   0: 3 0x8000b71a (0xbfe5)
core   0: 0x8000b712 (0x00001f17) auipc   t5, 0x1
core   0: 3 0x8000b712 (0x00001f17) x30 0x8000c712
core   0: 0x8000b716 (0x8e3f2723) sw      gp, -1810(t5)
core   0: 3 0x8000b716 (0x8e3f2723) mem 0x8000c000 0x00000001
core   0: 0x8000b71a (0x0000bfe5) c.j     pc - 8
core   0: 3 0x8000b71a (0xbfe5)
core   0: 0x8000b712 (0x00001f17) auipc   t5, 0x1
core   0: 3 0x8000b712 (0x00001f17) x30 0x8000c712
core   0: 0x8000b716 (0x8e3f2723) sw      gp, -1810(t5)
core   0: 3 0x8000b716 (0x8e3f2723) mem 0x8000c000 0x00000001
core   0: 0x8000b71a (0x0000bfe5) c.j     pc - 8
core   0: 3 0x8000b71a (0xbfe5)
core   0: 0x8000b712 (0x00001f17) auipc   t5, 0x1
core   0: 3 0x8000b712 (0x00001f17) x30 0x8000c712
core   0: 0x8000b716 (0x8e3f2723) sw      gp, -1810(t5)
core   0: 3 0x8000b716 (0x8e3f2723) mem 0x8000c000 0x00000001
core   0: 0x8000b71a (0x0000bfe5) c.j     pc - 8
core   0: 3 0x8000b71a (0xbfe5)
core   0: 0x8000b712 (0x00001f17) auipc   t5, 0x1
core   0: 3 0x8000b712 (0x00001f17) x30 0x8000c712
core   0: 0x8000b716 (0x8e3f2723) sw      gp, -1810(t5)
core   0: 3 0x8000b716 (0x8e3f2723) mem 0x8000c000 0x00000001
core   0: 0x8000b71a (0x0000bfe5) c.j     pc - 8
core   0: 3 0x8000b71a (0xbfe5)
core   0: 0x8000b712 (0x00001f17) auipc   t5, 0x1
core   0: 3 0x8000b712 (0x00001f17) x30 0x8000c712
core   0: 0x8000b716 (0x8e3f2723) sw      gp, -1810(t5)
core   0: 3 0x8000b716 (0x8e3f2723) mem 0x8000c000 0x00000001
core   0: 0x8000b71a (0x0000bfe5) c.j     pc - 8
core   0: 3 0x8000b71a (0xbfe5)
core   0: 0x8000b712 (0x00001f17) auipc   t5, 0x1
core   0: 3 0x8000b712 (0x00001f17) x30 0x8000c712
core   0: 0x8000b716 (0x8e3f2723) sw      gp, -1810(t5)
core   0: 3 0x8000b716 (0x8e3f2723) mem 0x8000c000 0x00000001
core   0: 0x8000b71a (0x0000bfe5) c.j     pc - 8
core   0: 3 0x8000b71a (0xbfe5)
core   0: 0x8000b712 (0x00001f17) auipc   t5, 0x1
core   0: 3 0x8000b712 (0x00001f17) x30 0x8000c712
core   0: 0x8000b716 (0x8e3f2723) sw      gp, -1810(t5)
core   0: 3 0x8000b716 (0x8e3f2723) mem 0x8000c000 0x00000001
core   0: 0x8000b71a (0x0000bfe5) c.j     pc - 8
core   0: 3 0x8000b71a (0xbfe5)
core   0: 0x8000b712 (0x00001f17) auipc   t5, 0x1
core   0: 3 0x8000b712 (0x00001f17) x30 0x8000c712
core   0: 0x8000b716 (0x8e3f2723) sw      gp, -1810(t5)
core   0: 3 0x8000b716 (0x8e3f2723) mem 0x8000c000 0x00000001
core   0: 0x8000b71a (0x0000bfe5) c.j     pc - 8
core   0: 3 0x8000b71a (0xbfe5)
core   0: 0x8000b712 (0x00001f17) auipc   t5, 0x1
core   0: 3 0x8000b712 (0x00001f17) x30 0x8000c712
core   0: 0x8000b716 (0x8e3f2723) sw      gp, -1810(t5)
core   0: 3 0x8000b716 (0x8e3f2723) mem 0x8000c000 0x00000001
core   0: 0x8000b71a (0x0000bfe5) c.j     pc - 8
core   0: 3 0x8000b71a (0xbfe5)
core   0: 0x8000b712 (0x00001f17) auipc   t5, 0x1
core   0: 3 0x8000b712 (0x00001f17) x30 0x8000c712
core   0: 0x8000b716 (0x8e3f2723) sw      gp, -1810(t5)
core   0: 3 0x8000b716 (0x8e3f2723) mem 0x8000c000 0x00000001
core   0: 0x8000b71a (0x0000bfe5) c.j     pc - 8
core   0: 3 0x8000b71a (0xbfe5)
core   0: 0x8000b712 (0x00001f17) auipc   t5, 0x1
core   0: 3 0x8000b712 (0x00001f17) x30 0x8000c712
core   0: 0x8000b716 (0x8e3f2723) sw      gp, -1810(t5)
core   0: 3 0x8000b716 (0x8e3f2723) mem 0x8000c000 0x00000001
core   0: 0x8000b71a (0x0000bfe5) c.j     pc - 8
core   0: 3 0x8000b71a (0xbfe5)
core   0: 0x8000b712 (0x00001f17) auipc   t5, 0x1
core   0: 3 0x8000b712 (0x00001f17) x30 0x8000c712
core   0: 0x8000b716 (0x8e3f2723) sw      gp, -1810(t5)
core   0: 3 0x8000b716 (0x8e3f2723) mem 0x8000c000 0x00000001
core   0: 0x8000b71a (0x0000bfe5) c.j     pc - 8
core   0: 3 0x8000b71a (0xbfe5)
core   0: 0x8000b712 (0x00001f17) auipc   t5, 0x1
core   0: 3 0x8000b712 (0x00001f17) x30 0x8000c712
core   0: 0x8000b716 (0x8e3f2723) sw      gp, -1810(t5)
core   0: 3 0x8000b716 (0x8e3f2723) mem 0x8000c000 0x00000001
core   0: 0x8000b71a (0x0000bfe5) c.j     pc - 8
core   0: 3 0x8000b71a (0xbfe5)
core   0: 0x8000b712 (0x00001f17) auipc   t5, 0x1
core   0: 3 0x8000b712 (0x00001f17) x30 0x8000c712
core   0: 0x8000b716 (0x8e3f2723) sw      gp, -1810(t5)
core   0: 3 0x8000b716 (0x8e3f2723) mem 0x8000c000 0x00000001
core   0: 0x8000b71a (0x0000bfe5) c.j     pc - 8
core   0: 3 0x8000b71a (0xbfe5)
core   0: 0x8000b712 (0x00001f17) auipc   t5, 0x1
core   0: 3 0x8000b712 (0x00001f17) x30 0x8000c712
core   0: 0x8000b716 (0x8e3f2723) sw      gp, -1810(t5)
core   0: 3 0x8000b716 (0x8e3f2723) mem 0x8000c000 0x00000001
core   0: 0x8000b71a (0x0000bfe5) c.j     pc - 8
core   0: 3 0x8000b71a (0xbfe5)
core   0: 0x8000b712 (0x00001f17) auipc   t5, 0x1
core   0: 3 0x8000b712 (0x00001f17) x30 0x8000c712
core   0: 0x8000b716 (0x8e3f2723) sw      gp, -1810(t5)
core   0: 3 0x8000b716 (0x8e3f2723) mem 0x8000c000 0x00000001
core   0: 0x8000b71a (0x0000bfe5) c.j     pc - 8
core   0: 3 0x8000b71a (0xbfe5)
core   0: 0x8000b712 (0x00001f17) auipc   t5, 0x1
core   0: 3 0x8000b712 (0x00001f17) x30 0x8000c712
core   0: 0x8000b716 (0x8e3f2723) sw      gp, -1810(t5)
core   0: 3 0x8000b716 (0x8e3f2723) mem 0x8000c000 0x00000001
core   0: 0x8000b71a (0x0000bfe5) c.j     pc - 8
core   0: 3 0x8000b71a (0xbfe5)
core   0: 0x8000b712 (0x00001f17) auipc   t5, 0x1
core   0: 3 0x8000b712 (0x00001f17) x30 0x8000c712
core   0: 0x8000b716 (0x8e3f2723) sw      gp, -1810(t5)
core   0: 3 0x8000b716 (0x8e3f2723) mem 0x8000c000 0x00000001
core   0: 0x8000b71a (0x0000bfe5) c.j     pc - 8
core   0: 3 0x8000b71a (0xbfe5)
core   0: 0x8000b712 (0x00001f17) auipc   t5, 0x1
core   0: 3 0x8000b712 (0x00001f17) x30 0x8000c712
core   0: 0x8000b716 (0x8e3f2723) sw      gp, -1810(t5)
core   0: 3 0x8000b716 (0x8e3f2723) mem 0x8000c000 0x00000001
core   0: 0x8000b71a (0x0000bfe5) c.j     pc - 8
core   0: 3 0x8000b71a (0xbfe5)
core   0: 0x8000b712 (0x00001f17) auipc   t5, 0x1
core   0: 3 0x8000b712 (0x00001f17) x30 0x8000c712
core   0: 0x8000b716 (0x8e3f2723) sw      gp, -1810(t5)
core   0: 3 0x8000b716 (0x8e3f2723) mem 0x8000c000 0x00000001
core   0: 0x8000b71a (0x0000bfe5) c.j     pc - 8
core   0: 3 0x8000b71a (0xbfe5)
core   0: 0x8000b712 (0x00001f17) auipc   t5, 0x1
core   0: 3 0x8000b712 (0x00001f17) x30 0x8000c712
core   0: 0x8000b716 (0x8e3f2723) sw      gp, -1810(t5)
core   0: 3 0x8000b716 (0x8e3f2723) mem 0x8000c000 0x00000001
core   0: 0x8000b71a (0x0000bfe5) c.j     pc - 8
core   0: 3 0x8000b71a (0xbfe5)
core   0: 0x8000b712 (0x00001f17) auipc   t5, 0x1
core   0: 3 0x8000b712 (0x00001f17) x30 0x8000c712
core   0: 0x8000b716 (0x8e3f2723) sw      gp, -1810(t5)
core   0: 3 0x8000b716 (0x8e3f2723) mem 0x8000c000 0x00000001
core   0: 0x8000b71a (0x0000bfe5) c.j     pc - 8
core   0: 3 0x8000b71a (0xbfe5)
core   0: 0x8000b712 (0x00001f17) auipc   t5, 0x1
core   0: 3 0x8000b712 (0x00001f17) x30 0x8000c712
core   0: 0x8000b716 (0x8e3f2723) sw      gp, -1810(t5)
core   0: 3 0x8000b716 (0x8e3f2723) mem 0x8000c000 0x00000001
core   0: 0x8000b71a (0x0000bfe5) c.j     pc - 8
core   0: 3 0x8000b71a (0xbfe5)
core   0: 0x8000b712 (0x00001f17) auipc   t5, 0x1
core   0: 3 0x8000b712 (0x00001f17) x30 0x8000c712
core   0: 0x8000b716 (0x8e3f2723) sw      gp, -1810(t5)
core   0: 3 0x8000b716 (0x8e3f2723) mem 0x8000c000 0x00000001
core   0: 0x8000b71a (0x0000bfe5) c.j     pc - 8
core   0: 3 0x8000b71a (0xbfe5)
core   0: 0x8000b712 (0x00001f17) auipc   t5, 0x1
core   0: 3 0x8000b712 (0x00001f17) x30 0x8000c712
core   0: 0x8000b716 (0x8e3f2723) sw      gp, -1810(t5)
core   0: 3 0x8000b716 (0x8e3f2723) mem 0x8000c000 0x00000001
core   0: 0x8000b71a (0x0000bfe5) c.j     pc - 8
core   0: 3 0x8000b71a (0xbfe5)
core   0: 0x8000b712 (0x00001f17) auipc   t5, 0x1
core   0: 3 0x8000b712 (0x00001f17) x30 0x8000c712
core   0: 0x8000b716 (0x8e3f2723) sw      gp, -1810(t5)
core   0: 3 0x8000b716 (0x8e3f2723) mem 0x8000c000 0x00000001
core   0: 0x8000b71a (0x0000bfe5) c.j     pc - 8
core   0: 3 0x8000b71a (0xbfe5)
core   0: 0x8000b712 (0x00001f17) auipc   t5, 0x1
core   0: 3 0x8000b712 (0x00001f17) x30 0x8000c712
core   0: 0x8000b716 (0x8e3f2723) sw      gp, -1810(t5)
core   0: 3 0x8000b716 (0x8e3f2723) mem 0x8000c000 0x00000001
core   0: 0x8000b71a (0x0000bfe5) c.j     pc - 8
core   0: 3 0x8000b71a (0xbfe5)
core   0: 0x8000b712 (0x00001f17) auipc   t5, 0x1
core   0: 3 0x8000b712 (0x00001f17) x30 0x8000c712
core   0: 0x8000b716 (0x8e3f2723) sw      gp, -1810(t5)
core   0: 3 0x8000b716 (0x8e3f2723) mem 0x8000c000 0x00000001
core   0: 0x8000b71a (0x0000bfe5) c.j     pc - 8
core   0: 3 0x8000b71a (0xbfe5)
core   0: 0x8000b712 (0x00001f17) auipc   t5, 0x1
core   0: 3 0x8000b712 (0x00001f17) x30 0x8000c712
core   0: 0x8000b716 (0x8e3f2723) sw      gp, -1810(t5)
core   0: 3 0x8000b716 (0x8e3f2723) mem 0x8000c000 0x00000001
core   0: 0x8000b71a (0x0000bfe5) c.j     pc - 8
core   0: 3 0x8000b71a (0xbfe5)
core   0: 0x8000b712 (0x00001f17) auipc   t5, 0x1
core   0: 3 0x8000b712 (0x00001f17) x30 0x8000c712
core   0: 0x8000b716 (0x8e3f2723) sw      gp, -1810(t5)
core   0: 3 0x8000b716 (0x8e3f2723) mem 0x8000c000 0x00000001
core   0: 0x8000b71a (0x0000bfe5) c.j     pc - 8
core   0: 3 0x8000b71a (0xbfe5)
core   0: 0x8000b712 (0x00001f17) auipc   t5, 0x1
core   0: 3 0x8000b712 (0x00001f17) x30 0x8000c712
core   0: 0x8000b716 (0x8e3f2723) sw      gp, -1810(t5)
core   0: 3 0x8000b716 (0x8e3f2723) mem 0x8000c000 0x00000001
core   0: 0x8000b71a (0x0000bfe5) c.j     pc - 8
core   0: 3 0x8000b71a (0xbfe5)
core   0: 0x8000b712 (0x00001f17) auipc   t5, 0x1
core   0: 3 0x8000b712 (0x00001f17) x30 0x8000c712
core   0: 0x8000b716 (0x8e3f2723) sw      gp, -1810(t5)
core   0: 3 0x8000b716 (0x8e3f2723) mem 0x8000c000 0x00000001
core   0: 0x8000b71a (0x0000bfe5) c.j     pc - 8
core   0: 3 0x8000b71a (0xbfe5)
core   0: 0x8000b712 (0x00001f17) auipc   t5, 0x1
core   0: 3 0x8000b712 (0x00001f17) x30 0x8000c712
core   0: 0x8000b716 (0x8e3f2723) sw      gp, -1810(t5)
core   0: 3 0x8000b716 (0x8e3f2723) mem 0x8000c000 0x00000001
core   0: 0x8000b71a (0x0000bfe5) c.j     pc - 8
core   0: 3 0x8000b71a (0xbfe5)
core   0: 0x8000b712 (0x00001f17) auipc   t5, 0x1
core   0: 3 0x8000b712 (0x00001f17) x30 0x8000c712
core   0: 0x8000b716 (0x8e3f2723) sw      gp, -1810(t5)
core   0: 3 0x8000b716 (0x8e3f2723) mem 0x8000c000 0x00000001
core   0: 0x8000b71a (0x0000bfe5) c.j     pc - 8
core   0: 3 0x8000b71a (0xbfe5)
core   0: 0x8000b712 (0x00001f17) auipc   t5, 0x1
core   0: 3 0x8000b712 (0x00001f17) x30 0x8000c712
core   0: 0x8000b716 (0x8e3f2723) sw      gp, -1810(t5)
core   0: 3 0x8000b716 (0x8e3f2723) mem 0x8000c000 0x00000001
core   0: 0x8000b71a (0x0000bfe5) c.j     pc - 8
core   0: 3 0x8000b71a (0xbfe5)
core   0: 0x8000b712 (0x00001f17) auipc   t5, 0x1
core   0: 3 0x8000b712 (0x00001f17) x30 0x8000c712
core   0: 0x8000b716 (0x8e3f2723) sw      gp, -1810(t5)
core   0: 3 0x8000b716 (0x8e3f2723) mem 0x8000c000 0x00000001
core   0: 0x8000b71a (0x0000bfe5) c.j     pc - 8
core   0: 3 0x8000b71a (0xbfe5)
core   0: 0x8000b712 (0x00001f17) auipc   t5, 0x1
core   0: 3 0x8000b712 (0x00001f17) x30 0x8000c712
core   0: 0x8000b716 (0x8e3f2723) sw      gp, -1810(t5)
core   0: 3 0x8000b716 (0x8e3f2723) mem 0x8000c000 0x00000001
core   0: 0x8000b71a (0x0000bfe5) c.j     pc - 8
core   0: 3 0x8000b71a (0xbfe5)
core   0: 0x8000b712 (0x00001f17) auipc   t5, 0x1
core   0: 3 0x8000b712 (0x00001f17) x30 0x8000c712
core   0: 0x8000b716 (0x8e3f2723) sw      gp, -1810(t5)
core   0: 3 0x8000b716 (0x8e3f2723) mem 0x8000c000 0x00000001
core   0: 0x8000b71a (0x0000bfe5) c.j     pc - 8
core   0: 3 0x8000b71a (0xbfe5)
core   0: 0x8000b712 (0x00001f17) auipc   t5, 0x1
core   0: 3 0x8000b712 (0x00001f17) x30 0x8000c712
core   0: 0x8000b716 (0x8e3f2723) sw      gp, -1810(t5)
core   0: 3 0x8000b716 (0x8e3f2723) mem 0x8000c000 0x00000001
core   0: 0x8000b71a (0x0000bfe5) c.j     pc - 8
core   0: 3 0x8000b71a (0xbfe5)
core   0: 0x8000b712 (0x00001f17) auipc   t5, 0x1
core   0: 3 0x8000b712 (0x00001f17) x30 0x8000c712
core   0: 0x8000b716 (0x8e3f2723) sw      gp, -1810(t5)
core   0: 3 0x8000b716 (0x8e3f2723) mem 0x8000c000 0x00000001
core   0: 0x8000b71a (0x0000bfe5) c.j     pc - 8
core   0: 3 0x8000b71a (0xbfe5)
core   0: 0x8000b712 (0x00001f17) auipc   t5, 0x1
core   0: 3 0x8000b712 (0x00001f17) x30 0x8000c712
core   0: 0x8000b716 (0x8e3f2723) sw      gp, -1810(t5)
core   0: 3 0x8000b716 (0x8e3f2723) mem 0x8000c000 0x00000001
core   0: 0x8000b71a (0x0000bfe5) c.j     pc - 8
core   0: 3 0x8000b71a (0xbfe5)
core   0: 0x8000b712 (0x00001f17) auipc   t5, 0x1
core   0: 3 0x8000b712 (0x00001f17) x30 0x8000c712
core   0: 0x8000b716 (0x8e3f2723) sw      gp, -1810(t5)
core   0: 3 0x8000b716 (0x8e3f2723) mem 0x8000c000 0x00000001
core   0: 0x8000b71a (0x0000bfe5) c.j     pc - 8
core   0: 3 0x8000b71a (0xbfe5)
core   0: 0x8000b712 (0x00001f17) auipc   t5, 0x1
core   0: 3 0x8000b712 (0x00001f17) x30 0x8000c712
core   0: 0x8000b716 (0x8e3f2723) sw      gp, -1810(t5)
core   0: 3 0x8000b716 (0x8e3f2723) mem 0x8000c000 0x00000001
core   0: 0x8000b71a (0x0000bfe5) c.j     pc - 8
core   0: 3 0x8000b71a (0xbfe5)
core   0: 0x8000b712 (0x00001f17) auipc   t5, 0x1
core   0: 3 0x8000b712 (0x00001f17) x30 0x8000c712
core   0: 0x8000b716 (0x8e3f2723) sw      gp, -1810(t5)
core   0: 3 0x8000b716 (0x8e3f2723) mem 0x8000c000 0x00000001
core   0: 0x8000b71a (0x0000bfe5) c.j     pc - 8
core   0: 3 0x8000b71a (0xbfe5)
core   0: 0x8000b712 (0x00001f17) auipc   t5, 0x1
core   0: 3 0x8000b712 (0x00001f17) x30 0x8000c712
core   0: 0x8000b716 (0x8e3f2723) sw      gp, -1810(t5)
core   0: 3 0x8000b716 (0x8e3f2723) mem 0x8000c000 0x00000001
core   0: 0x8000b71a (0x0000bfe5) c.j     pc - 8
core   0: 3 0x8000b71a (0xbfe5)
core   0: 0x8000b712 (0x00001f17) auipc   t5, 0x1
core   0: 3 0x8000b712 (0x00001f17) x30 0x8000c712
core   0: 0x8000b716 (0x8e3f2723) sw      gp, -1810(t5)
core   0: 3 0x8000b716 (0x8e3f2723) mem 0x8000c000 0x00000001
core   0: 0x8000b71a (0x0000bfe5) c.j     pc - 8
core   0: 3 0x8000b71a (0xbfe5)
core   0: 0x8000b712 (0x00001f17) auipc   t5, 0x1
core   0: 3 0x8000b712 (0x00001f17) x30 0x8000c712
core   0: 0x8000b716 (0x8e3f2723) sw      gp, -1810(t5)
core   0: 3 0x8000b716 (0x8e3f2723) mem 0x8000c000 0x00000001
core   0: 0x8000b71a (0x0000bfe5) c.j     pc - 8
core   0: 3 0x8000b71a (0xbfe5)
core   0: 0x8000b712 (0x00001f17) auipc   t5, 0x1
core   0: 3 0x8000b712 (0x00001f17) x30 0x8000c712
core   0: 0x8000b716 (0x8e3f2723) sw      gp, -1810(t5)
core   0: 3 0x8000b716 (0x8e3f2723) mem 0x8000c000 0x00000001
core   0: 0x8000b71a (0x0000bfe5) c.j     pc - 8
core   0: 3 0x8000b71a (0xbfe5)
core   0: 0x8000b712 (0x00001f17) auipc   t5, 0x1
core   0: 3 0x8000b712 (0x00001f17) x30 0x8000c712
core   0: 0x8000b716 (0x8e3f2723) sw      gp, -1810(t5)
core   0: 3 0x8000b716 (0x8e3f2723) mem 0x8000c000 0x00000001
core   0: 0x8000b71a (0x0000bfe5) c.j     pc - 8
core   0: 3 0x8000b71a (0xbfe5)
core   0: 0x8000b712 (0x00001f17) auipc   t5, 0x1
core   0: 3 0x8000b712 (0x00001f17) x30 0x8000c712
core   0: 0x8000b716 (0x8e3f2723) sw      gp, -1810(t5)
core   0: 3 0x8000b716 (0x8e3f2723) mem 0x8000c000 0x00000001
core   0: 0x8000b71a (0x0000bfe5) c.j     pc - 8
core   0: 3 0x8000b71a (0xbfe5)
core   0: 0x8000b712 (0x00001f17) auipc   t5, 0x1
core   0: 3 0x8000b712 (0x00001f17) x30 0x8000c712
core   0: 0x8000b716 (0x8e3f2723) sw      gp, -1810(t5)
core   0: 3 0x8000b716 (0x8e3f2723) mem 0x8000c000 0x00000001
core   0: 0x8000b71a (0x0000bfe5) c.j     pc - 8
core   0: 3 0x8000b71a (0xbfe5)
core   0: 0x8000b712 (0x00001f17) auipc   t5, 0x1
core   0: 3 0x8000b712 (0x00001f17) x30 0x8000c712
core   0: 0x8000b716 (0x8e3f2723) sw      gp, -1810(t5)
core   0: 3 0x8000b716 (0x8e3f2723) mem 0x8000c000 0x00000001
core   0: 0x8000b71a (0x0000bfe5) c.j     pc - 8
core   0: 3 0x8000b71a (0xbfe5)
core   0: 0x8000b712 (0x00001f17) auipc   t5, 0x1
core   0: 3 0x8000b712 (0x00001f17) x30 0x8000c712
core   0: 0x8000b716 (0x8e3f2723) sw      gp, -1810(t5)
core   0: 3 0x8000b716 (0x8e3f2723) mem 0x8000c000 0x00000001
core   0: 0x8000b71a (0x0000bfe5) c.j     pc - 8
core   0: 3 0x8000b71a (0xbfe5)
core   0: 0x8000b712 (0x00001f17) auipc   t5, 0x1
core   0: 3 0x8000b712 (0x00001f17) x30 0x8000c712
core   0: 0x8000b716 (0x8e3f2723) sw      gp, -1810(t5)
core   0: 3 0x8000b716 (0x8e3f2723) mem 0x8000c000 0x00000001
core   0: 0x8000b71a (0x0000bfe5) c.j     pc - 8
core   0: 3 0x8000b71a (0xbfe5)
core   0: 0x8000b712 (0x00001f17) auipc   t5, 0x1
core   0: 3 0x8000b712 (0x00001f17) x30 0x8000c712
core   0: 0x8000b716 (0x8e3f2723) sw      gp, -1810(t5)
core   0: 3 0x8000b716 (0x8e3f2723) mem 0x8000c000 0x00000001
core   0: 0x8000b71a (0x0000bfe5) c.j     pc - 8
core   0: 3 0x8000b71a (0xbfe5)
core   0: 0x8000b712 (0x00001f17) auipc   t5, 0x1
core   0: 3 0x8000b712 (0x00001f17) x30 0x8000c712
core   0: 0x8000b716 (0x8e3f2723) sw      gp, -1810(t5)
core   0: 3 0x8000b716 (0x8e3f2723) mem 0x8000c000 0x00000001
core   0: 0x8000b71a (0x0000bfe5) c.j     pc - 8
core   0: 3 0x8000b71a (0xbfe5)
core   0: 0x8000b712 (0x00001f17) auipc   t5, 0x1
core   0: 3 0x8000b712 (0x00001f17) x30 0x8000c712
core   0: 0x8000b716 (0x8e3f2723) sw      gp, -1810(t5)
core   0: 3 0x8000b716 (0x8e3f2723) mem 0x8000c000 0x00000001
core   0: 0x8000b71a (0x0000bfe5) c.j     pc - 8
core   0: 3 0x8000b71a (0xbfe5)
core   0: 0x8000b712 (0x00001f17) auipc   t5, 0x1
core   0: 3 0x8000b712 (0x00001f17) x30 0x8000c712
core   0: 0x8000b716 (0x8e3f2723) sw      gp, -1810(t5)
core   0: 3 0x8000b716 (0x8e3f2723) mem 0x8000c000 0x00000001
core   0: 0x8000b71a (0x0000bfe5) c.j     pc - 8
core   0: 3 0x8000b71a (0xbfe5)
core   0: 0x8000b712 (0x00001f17) auipc   t5, 0x1
core   0: 3 0x8000b712 (0x00001f17) x30 0x8000c712
core   0: 0x8000b716 (0x8e3f2723) sw      gp, -1810(t5)
core   0: 3 0x8000b716 (0x8e3f2723) mem 0x8000c000 0x00000001
core   0: 0x8000b71a (0x0000bfe5) c.j     pc - 8
core   0: 3 0x8000b71a (0xbfe5)
core   0: 0x8000b712 (0x00001f17) auipc   t5, 0x1
core   0: 3 0x8000b712 (0x00001f17) x30 0x8000c712
core   0: 0x8000b716 (0x8e3f2723) sw      gp, -1810(t5)
core   0: 3 0x8000b716 (0x8e3f2723) mem 0x8000c000 0x00000001
core   0: 0x8000b71a (0x0000bfe5) c.j     pc - 8
core   0: 3 0x8000b71a (0xbfe5)
core   0: 0x8000b712 (0x00001f17) auipc   t5, 0x1
core   0: 3 0x8000b712 (0x00001f17) x30 0x8000c712
core   0: 0x8000b716 (0x8e3f2723) sw      gp, -1810(t5)
core   0: 3 0x8000b716 (0x8e3f2723) mem 0x8000c000 0x00000001
core   0: 0x8000b71a (0x0000bfe5) c.j     pc - 8
core   0: 3 0x8000b71a (0xbfe5)
core   0: 0x8000b712 (0x00001f17) auipc   t5, 0x1
core   0: 3 0x8000b712 (0x00001f17) x30 0x8000c712
core   0: 0x8000b716 (0x8e3f2723) sw      gp, -1810(t5)
core   0: 3 0x8000b716 (0x8e3f2723) mem 0x8000c000 0x00000001
core   0: 0x8000b71a (0x0000bfe5) c.j     pc - 8
core   0: 3 0x8000b71a (0xbfe5)
core   0: 0x8000b712 (0x00001f17) auipc   t5, 0x1
core   0: 3 0x8000b712 (0x00001f17) x30 0x8000c712
core   0: 0x8000b716 (0x8e3f2723) sw      gp, -1810(t5)
core   0: 3 0x8000b716 (0x8e3f2723) mem 0x8000c000 0x00000001
core   0: 0x8000b71a (0x0000bfe5) c.j     pc - 8
core   0: 3 0x8000b71a (0xbfe5)
core   0: 0x8000b712 (0x00001f17) auipc   t5, 0x1
core   0: 3 0x8000b712 (0x00001f17) x30 0x8000c712
core   0: 0x8000b716 (0x8e3f2723) sw      gp, -1810(t5)
core   0: 3 0x8000b716 (0x8e3f2723) mem 0x8000c000 0x00000001
core   0: 0x8000b71a (0x0000bfe5) c.j     pc - 8
core   0: 3 0x8000b71a (0xbfe5)
core   0: 0x8000b712 (0x00001f17) auipc   t5, 0x1
core   0: 3 0x8000b712 (0x00001f17) x30 0x8000c712
core   0: 0x8000b716 (0x8e3f2723) sw      gp, -1810(t5)
core   0: 3 0x8000b716 (0x8e3f2723) mem 0x8000c000 0x00000001
core   0: 0x8000b71a (0x0000bfe5) c.j     pc - 8
core   0: 3 0x8000b71a (0xbfe5)
core   0: 0x8000b712 (0x00001f17) auipc   t5, 0x1
core   0: 3 0x8000b712 (0x00001f17) x30 0x8000c712
core   0: 0x8000b716 (0x8e3f2723) sw      gp, -1810(t5)
core   0: 3 0x8000b716 (0x8e3f2723) mem 0x8000c000 0x00000001
core   0: 0x8000b71a (0x0000bfe5) c.j     pc - 8
core   0: 3 0x8000b71a (0xbfe5)
core   0: 0x8000b712 (0x00001f17) auipc   t5, 0x1
core   0: 3 0x8000b712 (0x00001f17) x30 0x8000c712
core   0: 0x8000b716 (0x8e3f2723) sw      gp, -1810(t5)
core   0: 3 0x8000b716 (0x8e3f2723) mem 0x8000c000 0x00000001
core   0: 0x8000b71a (0x0000bfe5) c.j     pc - 8
core   0: 3 0x8000b71a (0xbfe5)
core   0: 0x8000b712 (0x00001f17) auipc   t5, 0x1
core   0: 3 0x8000b712 (0x00001f17) x30 0x8000c712
core   0: 0x8000b716 (0x8e3f2723) sw      gp, -1810(t5)
core   0: 3 0x8000b716 (0x8e3f2723) mem 0x8000c000 0x00000001
core   0: 0x8000b71a (0x0000bfe5) c.j     pc - 8
core   0: 3 0x8000b71a (0xbfe5)
core   0: 0x8000b712 (0x00001f17) auipc   t5, 0x1
core   0: 3 0x8000b712 (0x00001f17) x30 0x8000c712
core   0: 0x8000b716 (0x8e3f2723) sw      gp, -1810(t5)
core   0: 3 0x8000b716 (0x8e3f2723) mem 0x8000c000 0x00000001
core   0: 0x8000b71a (0x0000bfe5) c.j     pc - 8
core   0: 3 0x8000b71a (0xbfe5)
core   0: 0x8000b712 (0x00001f17) auipc   t5, 0x1
core   0: 3 0x8000b712 (0x00001f17) x30 0x8000c712
core   0: 0x8000b716 (0x8e3f2723) sw      gp, -1810(t5)
core   0: 3 0x8000b716 (0x8e3f2723) mem 0x8000c000 0x00000001
core   0: 0x8000b71a (0x0000bfe5) c.j     pc - 8
core   0: 3 0x8000b71a (0xbfe5)
core   0: 0x8000b712 (0x00001f17) auipc   t5, 0x1
core   0: 3 0x8000b712 (0x00001f17) x30 0x8000c712
core   0: 0x8000b716 (0x8e3f2723) sw      gp, -1810(t5)
core   0: 3 0x8000b716 (0x8e3f2723) mem 0x8000c000 0x00000001
core   0: 0x8000b71a (0x0000bfe5) c.j     pc - 8
core   0: 3 0x8000b71a (0xbfe5)
core   0: 0x8000b712 (0x00001f17) auipc   t5, 0x1
core   0: 3 0x8000b712 (0x00001f17) x30 0x8000c712
core   0: 0x8000b716 (0x8e3f2723) sw      gp, -1810(t5)
core   0: 3 0x8000b716 (0x8e3f2723) mem 0x8000c000 0x00000001
core   0: 0x8000b71a (0x0000bfe5) c.j     pc - 8
core   0: 3 0x8000b71a (0xbfe5)
core   0: 0x8000b712 (0x00001f17) auipc   t5, 0x1
core   0: 3 0x8000b712 (0x00001f17) x30 0x8000c712
core   0: 0x8000b716 (0x8e3f2723) sw      gp, -1810(t5)
core   0: 3 0x8000b716 (0x8e3f2723) mem 0x8000c000 0x00000001
core   0: 0x8000b71a (0x0000bfe5) c.j     pc - 8
core   0: 3 0x8000b71a (0xbfe5)
core   0: 0x8000b712 (0x00001f17) auipc   t5, 0x1
core   0: 3 0x8000b712 (0x00001f17) x30 0x8000c712
core   0: 0x8000b716 (0x8e3f2723) sw      gp, -1810(t5)
core   0: 3 0x8000b716 (0x8e3f2723) mem 0x8000c000 0x00000001
core   0: 0x8000b71a (0x0000bfe5) c.j     pc - 8
core   0: 3 0x8000b71a (0xbfe5)
core   0: 0x8000b712 (0x00001f17) auipc   t5, 0x1
core   0: 3 0x8000b712 (0x00001f17) x30 0x8000c712
core   0: 0x8000b716 (0x8e3f2723) sw      gp, -1810(t5)
core   0: 3 0x8000b716 (0x8e3f2723) mem 0x8000c000 0x00000001
core   0: 0x8000b71a (0x0000bfe5) c.j     pc - 8
core   0: 3 0x8000b71a (0xbfe5)
core   0: 0x8000b712 (0x00001f17) auipc   t5, 0x1
core   0: 3 0x8000b712 (0x00001f17) x30 0x8000c712
core   0: 0x8000b716 (0x8e3f2723) sw      gp, -1810(t5)
core   0: 3 0x8000b716 (0x8e3f2723) mem 0x8000c000 0x00000001
core   0: 0x8000b71a (0x0000bfe5) c.j     pc - 8
core   0: 3 0x8000b71a (0xbfe5)
core   0: 0x8000b712 (0x00001f17) auipc   t5, 0x1
core   0: 3 0x8000b712 (0x00001f17) x30 0x8000c712
core   0: 0x8000b716 (0x8e3f2723) sw      gp, -1810(t5)
core   0: 3 0x8000b716 (0x8e3f2723) mem 0x8000c000 0x00000001
core   0: 0x8000b71a (0x0000bfe5) c.j     pc - 8
core   0: 3 0x8000b71a (0xbfe5)
core   0: 0x8000b712 (0x00001f17) auipc   t5, 0x1
core   0: 3 0x8000b712 (0x00001f17) x30 0x8000c712
core   0: 0x8000b716 (0x8e3f2723) sw      gp, -1810(t5)
core   0: 3 0x8000b716 (0x8e3f2723) mem 0x8000c000 0x00000001
core   0: 0x8000b71a (0x0000bfe5) c.j     pc - 8
core   0: 3 0x8000b71a (0xbfe5)
core   0: 0x8000b712 (0x00001f17) auipc   t5, 0x1
core   0: 3 0x8000b712 (0x00001f17) x30 0x8000c712
core   0: 0x8000b716 (0x8e3f2723) sw      gp, -1810(t5)
core   0: 3 0x8000b716 (0x8e3f2723) mem 0x8000c000 0x00000001
core   0: 0x8000b71a (0x0000bfe5) c.j     pc - 8
core   0: 3 0x8000b71a (0xbfe5)
core   0: 0x8000b712 (0x00001f17) auipc   t5, 0x1
core   0: 3 0x8000b712 (0x00001f17) x30 0x8000c712
core   0: 0x8000b716 (0x8e3f2723) sw      gp, -1810(t5)
core   0: 3 0x8000b716 (0x8e3f2723) mem 0x8000c000 0x00000001
core   0: 0x8000b71a (0x0000bfe5) c.j     pc - 8
core   0: 3 0x8000b71a (0xbfe5)
core   0: 0x8000b712 (0x00001f17) auipc   t5, 0x1
core   0: 3 0x8000b712 (0x00001f17) x30 0x8000c712
core   0: 0x8000b716 (0x8e3f2723) sw      gp, -1810(t5)
core   0: 3 0x8000b716 (0x8e3f2723) mem 0x8000c000 0x00000001
core   0: 0x8000b71a (0x0000bfe5) c.j     pc - 8
core   0: 3 0x8000b71a (0xbfe5)
core   0: 0x8000b712 (0x00001f17) auipc   t5, 0x1
core   0: 3 0x8000b712 (0x00001f17) x30 0x8000c712
core   0: 0x8000b716 (0x8e3f2723) sw      gp, -1810(t5)
core   0: 3 0x8000b716 (0x8e3f2723) mem 0x8000c000 0x00000001
core   0: 0x8000b71a (0x0000bfe5) c.j     pc - 8
core   0: 3 0x8000b71a (0xbfe5)
core   0: 0x8000b712 (0x00001f17) auipc   t5, 0x1
core   0: 3 0x8000b712 (0x00001f17) x30 0x8000c712
core   0: 0x8000b716 (0x8e3f2723) sw      gp, -1810(t5)
core   0: 3 0x8000b716 (0x8e3f2723) mem 0x8000c000 0x00000001
core   0: 0x8000b71a (0x0000bfe5) c.j     pc - 8
core   0: 3 0x8000b71a (0xbfe5)
core   0: 0x8000b712 (0x00001f17) auipc   t5, 0x1
core   0: 3 0x8000b712 (0x00001f17) x30 0x8000c712
core   0: 0x8000b716 (0x8e3f2723) sw      gp, -1810(t5)
core   0: 3 0x8000b716 (0x8e3f2723) mem 0x8000c000 0x00000001
core   0: 0x8000b71a (0x0000bfe5) c.j     pc - 8
core   0: 3 0x8000b71a (0xbfe5)
core   0: 0x8000b712 (0x00001f17) auipc   t5, 0x1
core   0: 3 0x8000b712 (0x00001f17) x30 0x8000c712
core   0: 0x8000b716 (0x8e3f2723) sw      gp, -1810(t5)
core   0: 3 0x8000b716 (0x8e3f2723) mem 0x8000c000 0x00000001
core   0: 0x8000b71a (0x0000bfe5) c.j     pc - 8
core   0: 3 0x8000b71a (0xbfe5)
core   0: 0x8000b712 (0x00001f17) auipc   t5, 0x1
core   0: 3 0x8000b712 (0x00001f17) x30 0x8000c712
core   0: 0x8000b716 (0x8e3f2723) sw      gp, -1810(t5)
core   0: 3 0x8000b716 (0x8e3f2723) mem 0x8000c000 0x00000001
core   0: 0x8000b71a (0x0000bfe5) c.j     pc - 8
core   0: 3 0x8000b71a (0xbfe5)
core   0: 0x8000b712 (0x00001f17) auipc   t5, 0x1
core   0: 3 0x8000b712 (0x00001f17) x30 0x8000c712
core   0: 0x8000b716 (0x8e3f2723) sw      gp, -1810(t5)
core   0: 3 0x8000b716 (0x8e3f2723) mem 0x8000c000 0x00000001
core   0: 0x8000b71a (0x0000bfe5) c.j     pc - 8
core   0: 3 0x8000b71a (0xbfe5)
core   0: 0x8000b712 (0x00001f17) auipc   t5, 0x1
core   0: 3 0x8000b712 (0x00001f17) x30 0x8000c712
core   0: 0x8000b716 (0x8e3f2723) sw      gp, -1810(t5)
core   0: 3 0x8000b716 (0x8e3f2723) mem 0x8000c000 0x00000001
core   0: 0x8000b71a (0x0000bfe5) c.j     pc - 8
core   0: 3 0x8000b71a (0xbfe5)
core   0: 0x8000b712 (0x00001f17) auipc   t5, 0x1
core   0: 3 0x8000b712 (0x00001f17) x30 0x8000c712
core   0: 0x8000b716 (0x8e3f2723) sw      gp, -1810(t5)
core   0: 3 0x8000b716 (0x8e3f2723) mem 0x8000c000 0x00000001
core   0: 0x8000b71a (0x0000bfe5) c.j     pc - 8
core   0: 3 0x8000b71a (0xbfe5)
core   0: 0x8000b712 (0x00001f17) auipc   t5, 0x1
core   0: 3 0x8000b712 (0x00001f17) x30 0x8000c712
core   0: 0x8000b716 (0x8e3f2723) sw      gp, -1810(t5)
core   0: 3 0x8000b716 (0x8e3f2723) mem 0x8000c000 0x00000001
core   0: 0x8000b71a (0x0000bfe5) c.j     pc - 8
core   0: 3 0x8000b71a (0xbfe5)
core   0: 0x8000b712 (0x00001f17) auipc   t5, 0x1
core   0: 3 0x8000b712 (0x00001f17) x30 0x8000c712
core   0: 0x8000b716 (0x8e3f2723) sw      gp, -1810(t5)
core   0: 3 0x8000b716 (0x8e3f2723) mem 0x8000c000 0x00000001
core   0: 0x8000b71a (0x0000bfe5) c.j     pc - 8
core   0: 3 0x8000b71a (0xbfe5)
core   0: 0x8000b712 (0x00001f17) auipc   t5, 0x1
core   0: 3 0x8000b712 (0x00001f17) x30 0x8000c712
core   0: 0x8000b716 (0x8e3f2723) sw      gp, -1810(t5)
core   0: 3 0x8000b716 (0x8e3f2723) mem 0x8000c000 0x00000001
core   0: 0x8000b71a (0x0000bfe5) c.j     pc - 8
core   0: 3 0x8000b71a (0xbfe5)
core   0: 0x8000b712 (0x00001f17) auipc   t5, 0x1
core   0: 3 0x8000b712 (0x00001f17) x30 0x8000c712
core   0: 0x8000b716 (0x8e3f2723) sw      gp, -1810(t5)
core   0: 3 0x8000b716 (0x8e3f2723) mem 0x8000c000 0x00000001
core   0: 0x8000b71a (0x0000bfe5) c.j     pc - 8
core   0: 3 0x8000b71a (0xbfe5)
core   0: 0x8000b712 (0x00001f17) auipc   t5, 0x1
core   0: 3 0x8000b712 (0x00001f17) x30 0x8000c712
core   0: 0x8000b716 (0x8e3f2723) sw      gp, -1810(t5)
core   0: 3 0x8000b716 (0x8e3f2723) mem 0x8000c000 0x00000001
core   0: 0x8000b71a (0x0000bfe5) c.j     pc - 8
core   0: 3 0x8000b71a (0xbfe5)
core   0: 0x8000b712 (0x00001f17) auipc   t5, 0x1
core   0: 3 0x8000b712 (0x00001f17) x30 0x8000c712
core   0: 0x8000b716 (0x8e3f2723) sw      gp, -1810(t5)
core   0: 3 0x8000b716 (0x8e3f2723) mem 0x8000c000 0x00000001
core   0: 0x8000b71a (0x0000bfe5) c.j     pc - 8
core   0: 3 0x8000b71a (0xbfe5)
core   0: 0x8000b712 (0x00001f17) auipc   t5, 0x1
core   0: 3 0x8000b712 (0x00001f17) x30 0x8000c712
core   0: 0x8000b716 (0x8e3f2723) sw      gp, -1810(t5)
core   0: 3 0x8000b716 (0x8e3f2723) mem 0x8000c000 0x00000001
core   0: 0x8000b71a (0x0000bfe5) c.j     pc - 8
core   0: 3 0x8000b71a (0xbfe5)
core   0: 0x8000b712 (0x00001f17) auipc   t5, 0x1
core   0: 3 0x8000b712 (0x00001f17) x30 0x8000c712
core   0: 0x8000b716 (0x8e3f2723) sw      gp, -1810(t5)
core   0: 3 0x8000b716 (0x8e3f2723) mem 0x8000c000 0x00000001
core   0: 0x8000b71a (0x0000bfe5) c.j     pc - 8
core   0: 3 0x8000b71a (0xbfe5)
core   0: 0x8000b712 (0x00001f17) auipc   t5, 0x1
core   0: 3 0x8000b712 (0x00001f17) x30 0x8000c712
core   0: 0x8000b716 (0x8e3f2723) sw      gp, -1810(t5)
core   0: 3 0x8000b716 (0x8e3f2723) mem 0x8000c000 0x00000001
core   0: 0x8000b71a (0x0000bfe5) c.j     pc - 8
core   0: 3 0x8000b71a (0xbfe5)
core   0: 0x8000b712 (0x00001f17) auipc   t5, 0x1
core   0: 3 0x8000b712 (0x00001f17) x30 0x8000c712
core   0: 0x8000b716 (0x8e3f2723) sw      gp, -1810(t5)
core   0: 3 0x8000b716 (0x8e3f2723) mem 0x8000c000 0x00000001
core   0: 0x8000b71a (0x0000bfe5) c.j     pc - 8
core   0: 3 0x8000b71a (0xbfe5)
core   0: 0x8000b712 (0x00001f17) auipc   t5, 0x1
core   0: 3 0x8000b712 (0x00001f17) x30 0x8000c712
core   0: 0x8000b716 (0x8e3f2723) sw      gp, -1810(t5)
core   0: 3 0x8000b716 (0x8e3f2723) mem 0x8000c000 0x00000001
core   0: 0x8000b71a (0x0000bfe5) c.j     pc - 8
core   0: 3 0x8000b71a (0xbfe5)
core   0: 0x8000b712 (0x00001f17) auipc   t5, 0x1
core   0: 3 0x8000b712 (0x00001f17) x30 0x8000c712
core   0: 0x8000b716 (0x8e3f2723) sw      gp, -1810(t5)
core   0: 3 0x8000b716 (0x8e3f2723) mem 0x8000c000 0x00000001
core   0: 0x8000b71a (0x0000bfe5) c.j     pc - 8
core   0: 3 0x8000b71a (0xbfe5)
core   0: 0x8000b712 (0x00001f17) auipc   t5, 0x1
core   0: 3 0x8000b712 (0x00001f17) x30 0x8000c712
core   0: 0x8000b716 (0x8e3f2723) sw      gp, -1810(t5)
core   0: 3 0x8000b716 (0x8e3f2723) mem 0x8000c000 0x00000001
core   0: 0x8000b71a (0x0000bfe5) c.j     pc - 8
core   0: 3 0x8000b71a (0xbfe5)
core   0: 0x8000b712 (0x00001f17) auipc   t5, 0x1
core   0: 3 0x8000b712 (0x00001f17) x30 0x8000c712
core   0: 0x8000b716 (0x8e3f2723) sw      gp, -1810(t5)
core   0: 3 0x8000b716 (0x8e3f2723) mem 0x8000c000 0x00000001
core   0: 0x8000b71a (0x0000bfe5) c.j     pc - 8
core   0: 3 0x8000b71a (0xbfe5)
core   0: 0x8000b712 (0x00001f17) auipc   t5, 0x1
core   0: 3 0x8000b712 (0x00001f17) x30 0x8000c712
core   0: 0x8000b716 (0x8e3f2723) sw      gp, -1810(t5)
core   0: 3 0x8000b716 (0x8e3f2723) mem 0x8000c000 0x00000001
core   0: 0x8000b71a (0x0000bfe5) c.j     pc - 8
core   0: 3 0x8000b71a (0xbfe5)
core   0: 0x8000b712 (0x00001f17) auipc   t5, 0x1
core   0: 3 0x8000b712 (0x00001f17) x30 0x8000c712
core   0: 0x8000b716 (0x8e3f2723) sw      gp, -1810(t5)
core   0: 3 0x8000b716 (0x8e3f2723) mem 0x8000c000 0x00000001
core   0: 0x8000b71a (0x0000bfe5) c.j     pc - 8
core   0: 3 0x8000b71a (0xbfe5)
core   0: 0x8000b712 (0x00001f17) auipc   t5, 0x1
core   0: 3 0x8000b712 (0x00001f17) x30 0x8000c712
core   0: 0x8000b716 (0x8e3f2723) sw      gp, -1810(t5)
core   0: 3 0x8000b716 (0x8e3f2723) mem 0x8000c000 0x00000001
core   0: 0x8000b71a (0x0000bfe5) c.j     pc - 8
core   0: 3 0x8000b71a (0xbfe5)
core   0: 0x8000b712 (0x00001f17) auipc   t5, 0x1
core   0: 3 0x8000b712 (0x00001f17) x30 0x8000c712
core   0: 0x8000b716 (0x8e3f2723) sw      gp, -1810(t5)
core   0: 3 0x8000b716 (0x8e3f2723) mem 0x8000c000 0x00000001
core   0: 0x8000b71a (0x0000bfe5) c.j     pc - 8
core   0: 3 0x8000b71a (0xbfe5)
core   0: 0x8000b712 (0x00001f17) auipc   t5, 0x1
core   0: 3 0x8000b712 (0x00001f17) x30 0x8000c712
core   0: 0x8000b716 (0x8e3f2723) sw      gp, -1810(t5)
core   0: 3 0x8000b716 (0x8e3f2723) mem 0x8000c000 0x00000001
core   0: 0x8000b71a (0x0000bfe5) c.j     pc - 8
core   0: 3 0x8000b71a (0xbfe5)
core   0: 0x8000b712 (0x00001f17) auipc   t5, 0x1
core   0: 3 0x8000b712 (0x00001f17) x30 0x8000c712
core   0: 0x8000b716 (0x8e3f2723) sw      gp, -1810(t5)
core   0: 3 0x8000b716 (0x8e3f2723) mem 0x8000c000 0x00000001
core   0: 0x8000b71a (0x0000bfe5) c.j     pc - 8
core   0: 3 0x8000b71a (0xbfe5)
core   0: 0x8000b712 (0x00001f17) auipc   t5, 0x1
core   0: 3 0x8000b712 (0x00001f17) x30 0x8000c712
core   0: 0x8000b716 (0x8e3f2723) sw      gp, -1810(t5)
core   0: 3 0x8000b716 (0x8e3f2723) mem 0x8000c000 0x00000001
core   0: 0x8000b71a (0x0000bfe5) c.j     pc - 8
core   0: 3 0x8000b71a (0xbfe5)
core   0: 0x8000b712 (0x00001f17) auipc   t5, 0x1
core   0: 3 0x8000b712 (0x00001f17) x30 0x8000c712
core   0: 0x8000b716 (0x8e3f2723) sw      gp, -1810(t5)
core   0: 3 0x8000b716 (0x8e3f2723) mem 0x8000c000 0x00000001
core   0: 0x8000b71a (0x0000bfe5) c.j     pc - 8
core   0: 3 0x8000b71a (0xbfe5)
core   0: 0x8000b712 (0x00001f17) auipc   t5, 0x1
core   0: 3 0x8000b712 (0x00001f17) x30 0x8000c712
core   0: 0x8000b716 (0x8e3f2723) sw      gp, -1810(t5)
core   0: 3 0x8000b716 (0x8e3f2723) mem 0x8000c000 0x00000001
core   0: 0x8000b71a (0x0000bfe5) c.j     pc - 8
core   0: 3 0x8000b71a (0xbfe5)
core   0: 0x8000b712 (0x00001f17) auipc   t5, 0x1
core   0: 3 0x8000b712 (0x00001f17) x30 0x8000c712
core   0: 0x8000b716 (0x8e3f2723) sw      gp, -1810(t5)
core   0: 3 0x8000b716 (0x8e3f2723) mem 0x8000c000 0x00000001
core   0: 0x8000b71a (0x0000bfe5) c.j     pc - 8
core   0: 3 0x8000b71a (0xbfe5)
core   0: 0x8000b712 (0x00001f17) auipc   t5, 0x1
core   0: 3 0x8000b712 (0x00001f17) x30 0x8000c712
core   0: 0x8000b716 (0x8e3f2723) sw      gp, -1810(t5)
core   0: 3 0x8000b716 (0x8e3f2723) mem 0x8000c000 0x00000001
core   0: 0x8000b71a (0x0000bfe5) c.j     pc - 8
core   0: 3 0x8000b71a (0xbfe5)
core   0: 0x8000b712 (0x00001f17) auipc   t5, 0x1
core   0: 3 0x8000b712 (0x00001f17) x30 0x8000c712
core   0: 0x8000b716 (0x8e3f2723) sw      gp, -1810(t5)
core   0: 3 0x8000b716 (0x8e3f2723) mem 0x8000c000 0x00000001
core   0: 0x8000b71a (0x0000bfe5) c.j     pc - 8
core   0: 3 0x8000b71a (0xbfe5)
core   0: 0x8000b712 (0x00001f17) auipc   t5, 0x1
core   0: 3 0x8000b712 (0x00001f17) x30 0x8000c712
core   0: 0x8000b716 (0x8e3f2723) sw      gp, -1810(t5)
core   0: 3 0x8000b716 (0x8e3f2723) mem 0x8000c000 0x00000001
core   0: 0x8000b71a (0x0000bfe5) c.j     pc - 8
core   0: 3 0x8000b71a (0xbfe5)
core   0: 0x8000b712 (0x00001f17) auipc   t5, 0x1
core   0: 3 0x8000b712 (0x00001f17) x30 0x8000c712
core   0: 0x8000b716 (0x8e3f2723) sw      gp, -1810(t5)
core   0: 3 0x8000b716 (0x8e3f2723) mem 0x8000c000 0x00000001
core   0: 0x8000b71a (0x0000bfe5) c.j     pc - 8
core   0: 3 0x8000b71a (0xbfe5)
core   0: 0x8000b712 (0x00001f17) auipc   t5, 0x1
core   0: 3 0x8000b712 (0x00001f17) x30 0x8000c712
core   0: 0x8000b716 (0x8e3f2723) sw      gp, -1810(t5)
core   0: 3 0x8000b716 (0x8e3f2723) mem 0x8000c000 0x00000001
core   0: 0x8000b71a (0x0000bfe5) c.j     pc - 8
core   0: 3 0x8000b71a (0xbfe5)
core   0: 0x8000b712 (0x00001f17) auipc   t5, 0x1
core   0: 3 0x8000b712 (0x00001f17) x30 0x8000c712
core   0: 0x8000b716 (0x8e3f2723) sw      gp, -1810(t5)
core   0: 3 0x8000b716 (0x8e3f2723) mem 0x8000c000 0x00000001
core   0: 0x8000b71a (0x0000bfe5) c.j     pc - 8
core   0: 3 0x8000b71a (0xbfe5)
core   0: 0x8000b712 (0x00001f17) auipc   t5, 0x1
core   0: 3 0x8000b712 (0x00001f17) x30 0x8000c712
core   0: 0x8000b716 (0x8e3f2723) sw      gp, -1810(t5)
core   0: 3 0x8000b716 (0x8e3f2723) mem 0x8000c000 0x00000001
core   0: 0x8000b71a (0x0000bfe5) c.j     pc - 8
core   0: 3 0x8000b71a (0xbfe5)
core   0: 0x8000b712 (0x00001f17) auipc   t5, 0x1
core   0: 3 0x8000b712 (0x00001f17) x30 0x8000c712
core   0: 0x8000b716 (0x8e3f2723) sw      gp, -1810(t5)
core   0: 3 0x8000b716 (0x8e3f2723) mem 0x8000c000 0x00000001
core   0: 0x8000b71a (0x0000bfe5) c.j     pc - 8
core   0: 3 0x8000b71a (0xbfe5)
core   0: 0x8000b712 (0x00001f17) auipc   t5, 0x1
core   0: 3 0x8000b712 (0x00001f17) x30 0x8000c712
core   0: 0x8000b716 (0x8e3f2723) sw      gp, -1810(t5)
core   0: 3 0x8000b716 (0x8e3f2723) mem 0x8000c000 0x00000001
core   0: 0x8000b71a (0x0000bfe5) c.j     pc - 8
core   0: 3 0x8000b71a (0xbfe5)
core   0: 0x8000b712 (0x00001f17) auipc   t5, 0x1
core   0: 3 0x8000b712 (0x00001f17) x30 0x8000c712
core   0: 0x8000b716 (0x8e3f2723) sw      gp, -1810(t5)
core   0: 3 0x8000b716 (0x8e3f2723) mem 0x8000c000 0x00000001
core   0: 0x8000b71a (0x0000bfe5) c.j     pc - 8
core   0: 3 0x8000b71a (0xbfe5)
core   0: 0x8000b712 (0x00001f17) auipc   t5, 0x1
core   0: 3 0x8000b712 (0x00001f17) x30 0x8000c712
core   0: 0x8000b716 (0x8e3f2723) sw      gp, -1810(t5)
core   0: 3 0x8000b716 (0x8e3f2723) mem 0x8000c000 0x00000001
core   0: 0x8000b71a (0x0000bfe5) c.j     pc - 8
core   0: 3 0x8000b71a (0xbfe5)
core   0: 0x8000b712 (0x00001f17) auipc   t5, 0x1
core   0: 3 0x8000b712 (0x00001f17) x30 0x8000c712
core   0: 0x8000b716 (0x8e3f2723) sw      gp, -1810(t5)
core   0: 3 0x8000b716 (0x8e3f2723) mem 0x8000c000 0x00000001
core   0: 0x8000b71a (0x0000bfe5) c.j     pc - 8
core   0: 3 0x8000b71a (0xbfe5)
core   0: 0x8000b712 (0x00001f17) auipc   t5, 0x1
core   0: 3 0x8000b712 (0x00001f17) x30 0x8000c712
core   0: 0x8000b716 (0x8e3f2723) sw      gp, -1810(t5)
core   0: 3 0x8000b716 (0x8e3f2723) mem 0x8000c000 0x00000001
core   0: 0x8000b71a (0x0000bfe5) c.j     pc - 8
core   0: 3 0x8000b71a (0xbfe5)
core   0: 0x8000b712 (0x00001f17) auipc   t5, 0x1
core   0: 3 0x8000b712 (0x00001f17) x30 0x8000c712
core   0: 0x8000b716 (0x8e3f2723) sw      gp, -1810(t5)
core   0: 3 0x8000b716 (0x8e3f2723) mem 0x8000c000 0x00000001
core   0: 0x8000b71a (0x0000bfe5) c.j     pc - 8
core   0: 3 0x8000b71a (0xbfe5)
core   0: 0x8000b712 (0x00001f17) auipc   t5, 0x1
core   0: 3 0x8000b712 (0x00001f17) x30 0x8000c712
core   0: 0x8000b716 (0x8e3f2723) sw      gp, -1810(t5)
core   0: 3 0x8000b716 (0x8e3f2723) mem 0x8000c000 0x00000001
core   0: 0x8000b71a (0x0000bfe5) c.j     pc - 8
core   0: 3 0x8000b71a (0xbfe5)
core   0: 0x8000b712 (0x00001f17) auipc   t5, 0x1
core   0: 3 0x8000b712 (0x00001f17) x30 0x8000c712
core   0: 0x8000b716 (0x8e3f2723) sw      gp, -1810(t5)
core   0: 3 0x8000b716 (0x8e3f2723) mem 0x8000c000 0x00000001
core   0: 0x8000b71a (0x0000bfe5) c.j     pc - 8
core   0: 3 0x8000b71a (0xbfe5)
core   0: 0x8000b712 (0x00001f17) auipc   t5, 0x1
core   0: 3 0x8000b712 (0x00001f17) x30 0x8000c712
core   0: 0x8000b716 (0x8e3f2723) sw      gp, -1810(t5)
core   0: 3 0x8000b716 (0x8e3f2723) mem 0x8000c000 0x00000001
core   0: 0x8000b71a (0x0000bfe5) c.j     pc - 8
core   0: 3 0x8000b71a (0xbfe5)
core   0: 0x8000b712 (0x00001f17) auipc   t5, 0x1
core   0: 3 0x8000b712 (0x00001f17) x30 0x8000c712
core   0: 0x8000b716 (0x8e3f2723) sw      gp, -1810(t5)
core   0: 3 0x8000b716 (0x8e3f2723) mem 0x8000c000 0x00000001
core   0: 0x8000b71a (0x0000bfe5) c.j     pc - 8
core   0: 3 0x8000b71a (0xbfe5)
core   0: 0x8000b712 (0x00001f17) auipc   t5, 0x1
core   0: 3 0x8000b712 (0x00001f17) x30 0x8000c712
core   0: 0x8000b716 (0x8e3f2723) sw      gp, -1810(t5)
core   0: 3 0x8000b716 (0x8e3f2723) mem 0x8000c000 0x00000001
core   0: 0x8000b71a (0x0000bfe5) c.j     pc - 8
core   0: 3 0x8000b71a (0xbfe5)
core   0: 0x8000b712 (0x00001f17) auipc   t5, 0x1
core   0: 3 0x8000b712 (0x00001f17) x30 0x8000c712
core   0: 0x8000b716 (0x8e3f2723) sw      gp, -1810(t5)
core   0: 3 0x8000b716 (0x8e3f2723) mem 0x8000c000 0x00000001
core   0: 0x8000b71a (0x0000bfe5) c.j     pc - 8
core   0: 3 0x8000b71a (0xbfe5)
core   0: 0x8000b712 (0x00001f17) auipc   t5, 0x1
core   0: 3 0x8000b712 (0x00001f17) x30 0x8000c712
core   0: 0x8000b716 (0x8e3f2723) sw      gp, -1810(t5)
core   0: 3 0x8000b716 (0x8e3f2723) mem 0x8000c000 0x00000001
core   0: 0x8000b71a (0x0000bfe5) c.j     pc - 8
core   0: 3 0x8000b71a (0xbfe5)
core   0: 0x8000b712 (0x00001f17) auipc   t5, 0x1
core   0: 3 0x8000b712 (0x00001f17) x30 0x8000c712
core   0: 0x8000b716 (0x8e3f2723) sw      gp, -1810(t5)
core   0: 3 0x8000b716 (0x8e3f2723) mem 0x8000c000 0x00000001
core   0: 0x8000b71a (0x0000bfe5) c.j     pc - 8
core   0: 3 0x8000b71a (0xbfe5)
core   0: 0x8000b712 (0x00001f17) auipc   t5, 0x1
core   0: 3 0x8000b712 (0x00001f17) x30 0x8000c712
core   0: 0x8000b716 (0x8e3f2723) sw      gp, -1810(t5)
core   0: 3 0x8000b716 (0x8e3f2723) mem 0x8000c000 0x00000001
core   0: 0x8000b71a (0x0000bfe5) c.j     pc - 8
core   0: 3 0x8000b71a (0xbfe5)
core   0: 0x8000b712 (0x00001f17) auipc   t5, 0x1
core   0: 3 0x8000b712 (0x00001f17) x30 0x8000c712
core   0: 0x8000b716 (0x8e3f2723) sw      gp, -1810(t5)
core   0: 3 0x8000b716 (0x8e3f2723) mem 0x8000c000 0x00000001
core   0: 0x8000b71a (0x0000bfe5) c.j     pc - 8
core   0: 3 0x8000b71a (0xbfe5)
core   0: 0x8000b712 (0x00001f17) auipc   t5, 0x1
core   0: 3 0x8000b712 (0x00001f17) x30 0x8000c712
core   0: 0x8000b716 (0x8e3f2723) sw      gp, -1810(t5)
core   0: 3 0x8000b716 (0x8e3f2723) mem 0x8000c000 0x00000001
core   0: 0x8000b71a (0x0000bfe5) c.j     pc - 8
core   0: 3 0x8000b71a (0xbfe5)
core   0: 0x8000b712 (0x00001f17) auipc   t5, 0x1
core   0: 3 0x8000b712 (0x00001f17) x30 0x8000c712
core   0: 0x8000b716 (0x8e3f2723) sw      gp, -1810(t5)
core   0: 3 0x8000b716 (0x8e3f2723) mem 0x8000c000 0x00000001
core   0: 0x8000b71a (0x0000bfe5) c.j     pc - 8
core   0: 3 0x8000b71a (0xbfe5)
core   0: 0x8000b712 (0x00001f17) auipc   t5, 0x1
core   0: 3 0x8000b712 (0x00001f17) x30 0x8000c712
core   0: 0x8000b716 (0x8e3f2723) sw      gp, -1810(t5)
core   0: 3 0x8000b716 (0x8e3f2723) mem 0x8000c000 0x00000001
core   0: 0x8000b71a (0x0000bfe5) c.j     pc - 8
core   0: 3 0x8000b71a (0xbfe5)
core   0: 0x8000b712 (0x00001f17) auipc   t5, 0x1
core   0: 3 0x8000b712 (0x00001f17) x30 0x8000c712
core   0: 0x8000b716 (0x8e3f2723) sw      gp, -1810(t5)
core   0: 3 0x8000b716 (0x8e3f2723) mem 0x8000c000 0x00000001
core   0: 0x8000b71a (0x0000bfe5) c.j     pc - 8
core   0: 3 0x8000b71a (0xbfe5)
core   0: 0x8000b712 (0x00001f17) auipc   t5, 0x1
core   0: 3 0x8000b712 (0x00001f17) x30 0x8000c712
core   0: 0x8000b716 (0x8e3f2723) sw      gp, -1810(t5)
core   0: 3 0x8000b716 (0x8e3f2723) mem 0x8000c000 0x00000001
core   0: 0x8000b71a (0x0000bfe5) c.j     pc - 8
core   0: 3 0x8000b71a (0xbfe5)
core   0: 0x8000b712 (0x00001f17) auipc   t5, 0x1
core   0: 3 0x8000b712 (0x00001f17) x30 0x8000c712
core   0: 0x8000b716 (0x8e3f2723) sw      gp, -1810(t5)
core   0: 3 0x8000b716 (0x8e3f2723) mem 0x8000c000 0x00000001
core   0: 0x8000b71a (0x0000bfe5) c.j     pc - 8
core   0: 3 0x8000b71a (0xbfe5)
core   0: 0x8000b712 (0x00001f17) auipc   t5, 0x1
core   0: 3 0x8000b712 (0x00001f17) x30 0x8000c712
core   0: 0x8000b716 (0x8e3f2723) sw      gp, -1810(t5)
core   0: 3 0x8000b716 (0x8e3f2723) mem 0x8000c000 0x00000001
core   0: 0x8000b71a (0x0000bfe5) c.j     pc - 8
core   0: 3 0x8000b71a (0xbfe5)
core   0: 0x8000b712 (0x00001f17) auipc   t5, 0x1
core   0: 3 0x8000b712 (0x00001f17) x30 0x8000c712
core   0: 0x8000b716 (0x8e3f2723) sw      gp, -1810(t5)
core   0: 3 0x8000b716 (0x8e3f2723) mem 0x8000c000 0x00000001
core   0: 0x8000b71a (0x0000bfe5) c.j     pc - 8
core   0: 3 0x8000b71a (0xbfe5)
core   0: 0x8000b712 (0x00001f17) auipc   t5, 0x1
core   0: 3 0x8000b712 (0x00001f17) x30 0x8000c712
core   0: 0x8000b716 (0x8e3f2723) sw      gp, -1810(t5)
core   0: 3 0x8000b716 (0x8e3f2723) mem 0x8000c000 0x00000001
core   0: 0x8000b71a (0x0000bfe5) c.j     pc - 8
core   0: 3 0x8000b71a (0xbfe5)
core   0: 0x8000b712 (0x00001f17) auipc   t5, 0x1
core   0: 3 0x8000b712 (0x00001f17) x30 0x8000c712
core   0: 0x8000b716 (0x8e3f2723) sw      gp, -1810(t5)
core   0: 3 0x8000b716 (0x8e3f2723) mem 0x8000c000 0x00000001
core   0: 0x8000b71a (0x0000bfe5) c.j     pc - 8
core   0: 3 0x8000b71a (0xbfe5)
core   0: 0x8000b712 (0x00001f17) auipc   t5, 0x1
core   0: 3 0x8000b712 (0x00001f17) x30 0x8000c712
core   0: 0x8000b716 (0x8e3f2723) sw      gp, -1810(t5)
core   0: 3 0x8000b716 (0x8e3f2723) mem 0x8000c000 0x00000001
core   0: 0x8000b71a (0x0000bfe5) c.j     pc - 8
core   0: 3 0x8000b71a (0xbfe5)
core   0: 0x8000b712 (0x00001f17) auipc   t5, 0x1
core   0: 3 0x8000b712 (0x00001f17) x30 0x8000c712
core   0: 0x8000b716 (0x8e3f2723) sw      gp, -1810(t5)
core   0: 3 0x8000b716 (0x8e3f2723) mem 0x8000c000 0x00000001
core   0: 0x8000b71a (0x0000bfe5) c.j     pc - 8
core   0: 3 0x8000b71a (0xbfe5)
core   0: 0x8000b712 (0x00001f17) auipc   t5, 0x1
core   0: 3 0x8000b712 (0x00001f17) x30 0x8000c712
core   0: 0x8000b716 (0x8e3f2723) sw      gp, -1810(t5)
core   0: 3 0x8000b716 (0x8e3f2723) mem 0x8000c000 0x00000001
core   0: 0x8000b71a (0x0000bfe5) c.j     pc - 8
core   0: 3 0x8000b71a (0xbfe5)
core   0: 0x8000b712 (0x00001f17) auipc   t5, 0x1
core   0: 3 0x8000b712 (0x00001f17) x30 0x8000c712
core   0: 0x8000b716 (0x8e3f2723) sw      gp, -1810(t5)
core   0: 3 0x8000b716 (0x8e3f2723) mem 0x8000c000 0x00000001
core   0: 0x8000b71a (0x0000bfe5) c.j     pc - 8
core   0: 3 0x8000b71a (0xbfe5)
core   0: 0x8000b712 (0x00001f17) auipc   t5, 0x1
core   0: 3 0x8000b712 (0x00001f17) x30 0x8000c712
core   0: 0x8000b716 (0x8e3f2723) sw      gp, -1810(t5)
core   0: 3 0x8000b716 (0x8e3f2723) mem 0x8000c000 0x00000001
core   0: 0x8000b71a (0x0000bfe5) c.j     pc - 8
core   0: 3 0x8000b71a (0xbfe5)
core   0: 0x8000b712 (0x00001f17) auipc   t5, 0x1
core   0: 3 0x8000b712 (0x00001f17) x30 0x8000c712
core   0: 0x8000b716 (0x8e3f2723) sw      gp, -1810(t5)
core   0: 3 0x8000b716 (0x8e3f2723) mem 0x8000c000 0x00000001
core   0: 0x8000b71a (0x0000bfe5) c.j     pc - 8
core   0: 3 0x8000b71a (0xbfe5)
core   0: 0x8000b712 (0x00001f17) auipc   t5, 0x1
core   0: 3 0x8000b712 (0x00001f17) x30 0x8000c712
core   0: 0x8000b716 (0x8e3f2723) sw      gp, -1810(t5)
core   0: 3 0x8000b716 (0x8e3f2723) mem 0x8000c000 0x00000001
core   0: 0x8000b71a (0x0000bfe5) c.j     pc - 8
core   0: 3 0x8000b71a (0xbfe5)
core   0: 0x8000b712 (0x00001f17) auipc   t5, 0x1
core   0: 3 0x8000b712 (0x00001f17) x30 0x8000c712
core   0: 0x8000b716 (0x8e3f2723) sw      gp, -1810(t5)
core   0: 3 0x8000b716 (0x8e3f2723) mem 0x8000c000 0x00000001
core   0: 0x8000b71a (0x0000bfe5) c.j     pc - 8
core   0: 3 0x8000b71a (0xbfe5)
core   0: 0x8000b712 (0x00001f17) auipc   t5, 0x1
core   0: 3 0x8000b712 (0x00001f17) x30 0x8000c712
core   0: 0x8000b716 (0x8e3f2723) sw      gp, -1810(t5)
core   0: 3 0x8000b716 (0x8e3f2723) mem 0x8000c000 0x00000001
core   0: 0x8000b71a (0x0000bfe5) c.j     pc - 8
core   0: 3 0x8000b71a (0xbfe5)
core   0: 0x8000b712 (0x00001f17) auipc   t5, 0x1
core   0: 3 0x8000b712 (0x00001f17) x30 0x8000c712
core   0: 0x8000b716 (0x8e3f2723) sw      gp, -1810(t5)
core   0: 3 0x8000b716 (0x8e3f2723) mem 0x8000c000 0x00000001
core   0: 0x8000b71a (0x0000bfe5) c.j     pc - 8
core   0: 3 0x8000b71a (0xbfe5)
core   0: 0x8000b712 (0x00001f17) auipc   t5, 0x1
core   0: 3 0x8000b712 (0x00001f17) x30 0x8000c712
core   0: 0x8000b716 (0x8e3f2723) sw      gp, -1810(t5)
core   0: 3 0x8000b716 (0x8e3f2723) mem 0x8000c000 0x00000001
core   0: 0x8000b71a (0x0000bfe5) c.j     pc - 8
core   0: 3 0x8000b71a (0xbfe5)
core   0: 0x8000b712 (0x00001f17) auipc   t5, 0x1
core   0: 3 0x8000b712 (0x00001f17) x30 0x8000c712
core   0: 0x8000b716 (0x8e3f2723) sw      gp, -1810(t5)
core   0: 3 0x8000b716 (0x8e3f2723) mem 0x8000c000 0x00000001
core   0: 0x8000b71a (0x0000bfe5) c.j     pc - 8
core   0: 3 0x8000b71a (0xbfe5)
core   0: 0x8000b712 (0x00001f17) auipc   t5, 0x1
core   0: 3 0x8000b712 (0x00001f17) x30 0x8000c712
core   0: 0x8000b716 (0x8e3f2723) sw      gp, -1810(t5)
core   0: 3 0x8000b716 (0x8e3f2723) mem 0x8000c000 0x00000001
core   0: 0x8000b71a (0x0000bfe5) c.j     pc - 8
core   0: 3 0x8000b71a (0xbfe5)
core   0: 0x8000b712 (0x00001f17) auipc   t5, 0x1
core   0: 3 0x8000b712 (0x00001f17) x30 0x8000c712
core   0: 0x8000b716 (0x8e3f2723) sw      gp, -1810(t5)
core   0: 3 0x8000b716 (0x8e3f2723) mem 0x8000c000 0x00000001
core   0: 0x8000b71a (0x0000bfe5) c.j     pc - 8
core   0: 3 0x8000b71a (0xbfe5)
core   0: 0x8000b712 (0x00001f17) auipc   t5, 0x1
core   0: 3 0x8000b712 (0x00001f17) x30 0x8000c712
core   0: 0x8000b716 (0x8e3f2723) sw      gp, -1810(t5)
core   0: 3 0x8000b716 (0x8e3f2723) mem 0x8000c000 0x00000001
core   0: 0x8000b71a (0x0000bfe5) c.j     pc - 8
core   0: 3 0x8000b71a (0xbfe5)
core   0: 0x8000b712 (0x00001f17) auipc   t5, 0x1
core   0: 3 0x8000b712 (0x00001f17) x30 0x8000c712
core   0: 0x8000b716 (0x8e3f2723) sw      gp, -1810(t5)
core   0: 3 0x8000b716 (0x8e3f2723) mem 0x8000c000 0x00000001
core   0: 0x8000b71a (0x0000bfe5) c.j     pc - 8
core   0: 3 0x8000b71a (0xbfe5)
core   0: 0x8000b712 (0x00001f17) auipc   t5, 0x1
core   0: 3 0x8000b712 (0x00001f17) x30 0x8000c712
core   0: 0x8000b716 (0x8e3f2723) sw      gp, -1810(t5)
core   0: 3 0x8000b716 (0x8e3f2723) mem 0x8000c000 0x00000001
core   0: 0x8000b71a (0x0000bfe5) c.j     pc - 8
core   0: 3 0x8000b71a (0xbfe5)
core   0: 0x8000b712 (0x00001f17) auipc   t5, 0x1
core   0: 3 0x8000b712 (0x00001f17) x30 0x8000c712
core   0: 0x8000b716 (0x8e3f2723) sw      gp, -1810(t5)
core   0: 3 0x8000b716 (0x8e3f2723) mem 0x8000c000 0x00000001
core   0: 0x8000b71a (0x0000bfe5) c.j     pc - 8
core   0: 3 0x8000b71a (0xbfe5)
core   0: 0x8000b712 (0x00001f17) auipc   t5, 0x1
core   0: 3 0x8000b712 (0x00001f17) x30 0x8000c712
core   0: 0x8000b716 (0x8e3f2723) sw      gp, -1810(t5)
core   0: 3 0x8000b716 (0x8e3f2723) mem 0x8000c000 0x00000001
core   0: 0x8000b71a (0x0000bfe5) c.j     pc - 8
core   0: 3 0x8000b71a (0xbfe5)
core   0: 0x8000b712 (0x00001f17) auipc   t5, 0x1
core   0: 3 0x8000b712 (0x00001f17) x30 0x8000c712
core   0: 0x8000b716 (0x8e3f2723) sw      gp, -1810(t5)
core   0: 3 0x8000b716 (0x8e3f2723) mem 0x8000c000 0x00000001
core   0: 0x8000b71a (0x0000bfe5) c.j     pc - 8
core   0: 3 0x8000b71a (0xbfe5)
core   0: 0x8000b712 (0x00001f17) auipc   t5, 0x1
core   0: 3 0x8000b712 (0x00001f17) x30 0x8000c712
core   0: 0x8000b716 (0x8e3f2723) sw      gp, -1810(t5)
core   0: 3 0x8000b716 (0x8e3f2723) mem 0x8000c000 0x00000001
core   0: 0x8000b71a (0x0000bfe5) c.j     pc - 8
core   0: 3 0x8000b71a (0xbfe5)
core   0: 0x8000b712 (0x00001f17) auipc   t5, 0x1
core   0: 3 0x8000b712 (0x00001f17) x30 0x8000c712
core   0: 0x8000b716 (0x8e3f2723) sw      gp, -1810(t5)
core   0: 3 0x8000b716 (0x8e3f2723) mem 0x8000c000 0x00000001
core   0: 0x8000b71a (0x0000bfe5) c.j     pc - 8
core   0: 3 0x8000b71a (0xbfe5)
core   0: 0x8000b712 (0x00001f17) auipc   t5, 0x1
core   0: 3 0x8000b712 (0x00001f17) x30 0x8000c712
core   0: 0x8000b716 (0x8e3f2723) sw      gp, -1810(t5)
core   0: 3 0x8000b716 (0x8e3f2723) mem 0x8000c000 0x00000001
core   0: 0x8000b71a (0x0000bfe5) c.j     pc - 8
core   0: 3 0x8000b71a (0xbfe5)
core   0: 0x8000b712 (0x00001f17) auipc   t5, 0x1
core   0: 3 0x8000b712 (0x00001f17) x30 0x8000c712
core   0: 0x8000b716 (0x8e3f2723) sw      gp, -1810(t5)
core   0: 3 0x8000b716 (0x8e3f2723) mem 0x8000c000 0x00000001
core   0: 0x8000b71a (0x0000bfe5) c.j     pc - 8
core   0: 3 0x8000b71a (0xbfe5)
core   0: 0x8000b712 (0x00001f17) auipc   t5, 0x1
core   0: 3 0x8000b712 (0x00001f17) x30 0x8000c712
core   0: 0x8000b716 (0x8e3f2723) sw      gp, -1810(t5)
core   0: 3 0x8000b716 (0x8e3f2723) mem 0x8000c000 0x00000001
core   0: 0x8000b71a (0x0000bfe5) c.j     pc - 8
core   0: 3 0x8000b71a (0xbfe5)
core   0: 0x8000b712 (0x00001f17) auipc   t5, 0x1
core   0: 3 0x8000b712 (0x00001f17) x30 0x8000c712
core   0: 0x8000b716 (0x8e3f2723) sw      gp, -1810(t5)
core   0: 3 0x8000b716 (0x8e3f2723) mem 0x8000c000 0x00000001
core   0: 0x8000b71a (0x0000bfe5) c.j     pc - 8
core   0: 3 0x8000b71a (0xbfe5)
core   0: 0x8000b712 (0x00001f17) auipc   t5, 0x1
core   0: 3 0x8000b712 (0x00001f17) x30 0x8000c712
core   0: 0x8000b716 (0x8e3f2723) sw      gp, -1810(t5)
core   0: 3 0x8000b716 (0x8e3f2723) mem 0x8000c000 0x00000001
core   0: 0x8000b71a (0x0000bfe5) c.j     pc - 8
core   0: 3 0x8000b71a (0xbfe5)
core   0: 0x8000b712 (0x00001f17) auipc   t5, 0x1
core   0: 3 0x8000b712 (0x00001f17) x30 0x8000c712
core   0: 0x8000b716 (0x8e3f2723) sw      gp, -1810(t5)
core   0: 3 0x8000b716 (0x8e3f2723) mem 0x8000c000 0x00000001
core   0: 0x8000b71a (0x0000bfe5) c.j     pc - 8
core   0: 3 0x8000b71a (0xbfe5)
core   0: 0x8000b712 (0x00001f17) auipc   t5, 0x1
core   0: 3 0x8000b712 (0x00001f17) x30 0x8000c712
core   0: 0x8000b716 (0x8e3f2723) sw      gp, -1810(t5)
core   0: 3 0x8000b716 (0x8e3f2723) mem 0x8000c000 0x00000001
core   0: 0x8000b71a (0x0000bfe5) c.j     pc - 8
core   0: 3 0x8000b71a (0xbfe5)
core   0: 0x8000b712 (0x00001f17) auipc   t5, 0x1
core   0: 3 0x8000b712 (0x00001f17) x30 0x8000c712
core   0: 0x8000b716 (0x8e3f2723) sw      gp, -1810(t5)
core   0: 3 0x8000b716 (0x8e3f2723) mem 0x8000c000 0x00000001
core   0: 0x8000b71a (0x0000bfe5) c.j     pc - 8
core   0: 3 0x8000b71a (0xbfe5)
core   0: 0x8000b712 (0x00001f17) auipc   t5, 0x1
core   0: 3 0x8000b712 (0x00001f17) x30 0x8000c712
core   0: 0x8000b716 (0x8e3f2723) sw      gp, -1810(t5)
core   0: 3 0x8000b716 (0x8e3f2723) mem 0x8000c000 0x00000001
core   0: 0x8000b71a (0x0000bfe5) c.j     pc - 8
core   0: 3 0x8000b71a (0xbfe5)
core   0: 0x8000b712 (0x00001f17) auipc   t5, 0x1
core   0: 3 0x8000b712 (0x00001f17) x30 0x8000c712
core   0: 0x8000b716 (0x8e3f2723) sw      gp, -1810(t5)
core   0: 3 0x8000b716 (0x8e3f2723) mem 0x8000c000 0x00000001
core   0: 0x8000b71a (0x0000bfe5) c.j     pc - 8
core   0: 3 0x8000b71a (0xbfe5)
core   0: 0x8000b712 (0x00001f17) auipc   t5, 0x1
core   0: 3 0x8000b712 (0x00001f17) x30 0x8000c712
core   0: 0x8000b716 (0x8e3f2723) sw      gp, -1810(t5)
core   0: 3 0x8000b716 (0x8e3f2723) mem 0x8000c000 0x00000001
core   0: 0x8000b71a (0x0000bfe5) c.j     pc - 8
core   0: 3 0x8000b71a (0xbfe5)
core   0: 0x8000b712 (0x00001f17) auipc   t5, 0x1
core   0: 3 0x8000b712 (0x00001f17) x30 0x8000c712
core   0: 0x8000b716 (0x8e3f2723) sw      gp, -1810(t5)
core   0: 3 0x8000b716 (0x8e3f2723) mem 0x8000c000 0x00000001
core   0: 0x8000b71a (0x0000bfe5) c.j     pc - 8
core   0: 3 0x8000b71a (0xbfe5)
core   0: 0x8000b712 (0x00001f17) auipc   t5, 0x1
core   0: 3 0x8000b712 (0x00001f17) x30 0x8000c712
core   0: 0x8000b716 (0x8e3f2723) sw      gp, -1810(t5)
core   0: 3 0x8000b716 (0x8e3f2723) mem 0x8000c000 0x00000001
core   0: 0x8000b71a (0x0000bfe5) c.j     pc - 8
core   0: 3 0x8000b71a (0xbfe5)
core   0: 0x8000b712 (0x00001f17) auipc   t5, 0x1
core   0: 3 0x8000b712 (0x00001f17) x30 0x8000c712
core   0: 0x8000b716 (0x8e3f2723) sw      gp, -1810(t5)
core   0: 3 0x8000b716 (0x8e3f2723) mem 0x8000c000 0x00000001
core   0: 0x8000b71a (0x0000bfe5) c.j     pc - 8
core   0: 3 0x8000b71a (0xbfe5)
core   0: 0x8000b712 (0x00001f17) auipc   t5, 0x1
core   0: 3 0x8000b712 (0x00001f17) x30 0x8000c712
core   0: 0x8000b716 (0x8e3f2723) sw      gp, -1810(t5)
core   0: 3 0x8000b716 (0x8e3f2723) mem 0x8000c000 0x00000001
core   0: 0x8000b71a (0x0000bfe5) c.j     pc - 8
core   0: 3 0x8000b71a (0xbfe5)
core   0: 0x8000b712 (0x00001f17) auipc   t5, 0x1
core   0: 3 0x8000b712 (0x00001f17) x30 0x8000c712
core   0: 0x8000b716 (0x8e3f2723) sw      gp, -1810(t5)
core   0: 3 0x8000b716 (0x8e3f2723) mem 0x8000c000 0x00000001
core   0: 0x8000b71a (0x0000bfe5) c.j     pc - 8
core   0: 3 0x8000b71a (0xbfe5)
core   0: 0x8000b712 (0x00001f17) auipc   t5, 0x1
core   0: 3 0x8000b712 (0x00001f17) x30 0x8000c712
core   0: 0x8000b716 (0x8e3f2723) sw      gp, -1810(t5)
core   0: 3 0x8000b716 (0x8e3f2723) mem 0x8000c000 0x00000001
core   0: 0x8000b71a (0x0000bfe5) c.j     pc - 8
core   0: 3 0x8000b71a (0xbfe5)
core   0: 0x8000b712 (0x00001f17) auipc   t5, 0x1
core   0: 3 0x8000b712 (0x00001f17) x30 0x8000c712
core   0: 0x8000b716 (0x8e3f2723) sw      gp, -1810(t5)
core   0: 3 0x8000b716 (0x8e3f2723) mem 0x8000c000 0x00000001
core   0: 0x8000b71a (0x0000bfe5) c.j     pc - 8
core   0: 3 0x8000b71a (0xbfe5)
core   0: 0x8000b712 (0x00001f17) auipc   t5, 0x1
core   0: 3 0x8000b712 (0x00001f17) x30 0x8000c712
core   0: 0x8000b716 (0x8e3f2723) sw      gp, -1810(t5)
core   0: 3 0x8000b716 (0x8e3f2723) mem 0x8000c000 0x00000001
core   0: 0x8000b71a (0x0000bfe5) c.j     pc - 8
core   0: 3 0x8000b71a (0xbfe5)
core   0: 0x8000b712 (0x00001f17) auipc   t5, 0x1
core   0: 3 0x8000b712 (0x00001f17) x30 0x8000c712
core   0: 0x8000b716 (0x8e3f2723) sw      gp, -1810(t5)
core   0: 3 0x8000b716 (0x8e3f2723) mem 0x8000c000 0x00000001
core   0: 0x8000b71a (0x0000bfe5) c.j     pc - 8
core   0: 3 0x8000b71a (0xbfe5)
core   0: 0x8000b712 (0x00001f17) auipc   t5, 0x1
core   0: 3 0x8000b712 (0x00001f17) x30 0x8000c712
core   0: 0x8000b716 (0x8e3f2723) sw      gp, -1810(t5)
core   0: 3 0x8000b716 (0x8e3f2723) mem 0x8000c000 0x00000001
core   0: 0x8000b71a (0x0000bfe5) c.j     pc - 8
core   0: 3 0x8000b71a (0xbfe5)
core   0: 0x8000b712 (0x00001f17) auipc   t5, 0x1
core   0: 3 0x8000b712 (0x00001f17) x30 0x8000c712
core   0: 0x8000b716 (0x8e3f2723) sw      gp, -1810(t5)
core   0: 3 0x8000b716 (0x8e3f2723) mem 0x8000c000 0x00000001
core   0: 0x8000b71a (0x0000bfe5) c.j     pc - 8
core   0: 3 0x8000b71a (0xbfe5)
core   0: 0x8000b712 (0x00001f17) auipc   t5, 0x1
core   0: 3 0x8000b712 (0x00001f17) x30 0x8000c712
core   0: 0x8000b716 (0x8e3f2723) sw      gp, -1810(t5)
core   0: 3 0x8000b716 (0x8e3f2723) mem 0x8000c000 0x00000001
core   0: 0x8000b71a (0x0000bfe5) c.j     pc - 8
core   0: 3 0x8000b71a (0xbfe5)
core   0: 0x8000b712 (0x00001f17) auipc   t5, 0x1
core   0: 3 0x8000b712 (0x00001f17) x30 0x8000c712
core   0: 0x8000b716 (0x8e3f2723) sw      gp, -1810(t5)
core   0: 3 0x8000b716 (0x8e3f2723) mem 0x8000c000 0x00000001
core   0: 0x8000b71a (0x0000bfe5) c.j     pc - 8
core   0: 3 0x8000b71a (0xbfe5)
core   0: 0x8000b712 (0x00001f17) auipc   t5, 0x1
core   0: 3 0x8000b712 (0x00001f17) x30 0x8000c712
core   0: 0x8000b716 (0x8e3f2723) sw      gp, -1810(t5)
core   0: 3 0x8000b716 (0x8e3f2723) mem 0x8000c000 0x00000001
core   0: 0x8000b71a (0x0000bfe5) c.j     pc - 8
core   0: 3 0x8000b71a (0xbfe5)
core   0: 0x8000b712 (0x00001f17) auipc   t5, 0x1
core   0: 3 0x8000b712 (0x00001f17) x30 0x8000c712
core   0: 0x8000b716 (0x8e3f2723) sw      gp, -1810(t5)
core   0: 3 0x8000b716 (0x8e3f2723) mem 0x8000c000 0x00000001
core   0: 0x8000b71a (0x0000bfe5) c.j     pc - 8
core   0: 3 0x8000b71a (0xbfe5)
core   0: 0x8000b712 (0x00001f17) auipc   t5, 0x1
core   0: 3 0x8000b712 (0x00001f17) x30 0x8000c712
core   0: 0x8000b716 (0x8e3f2723) sw      gp, -1810(t5)
core   0: 3 0x8000b716 (0x8e3f2723) mem 0x8000c000 0x00000001
core   0: 0x8000b71a (0x0000bfe5) c.j     pc - 8
core   0: 3 0x8000b71a (0xbfe5)
core   0: 0x8000b712 (0x00001f17) auipc   t5, 0x1
core   0: 3 0x8000b712 (0x00001f17) x30 0x8000c712
core   0: 0x8000b716 (0x8e3f2723) sw      gp, -1810(t5)
core   0: 3 0x8000b716 (0x8e3f2723) mem 0x8000c000 0x00000001
core   0: 0x8000b71a (0x0000bfe5) c.j     pc - 8
core   0: 3 0x8000b71a (0xbfe5)
core   0: 0x8000b712 (0x00001f17) auipc   t5, 0x1
core   0: 3 0x8000b712 (0x00001f17) x30 0x8000c712
core   0: 0x8000b716 (0x8e3f2723) sw      gp, -1810(t5)
core   0: 3 0x8000b716 (0x8e3f2723) mem 0x8000c000 0x00000001
core   0: 0x8000b71a (0x0000bfe5) c.j     pc - 8
core   0: 3 0x8000b71a (0xbfe5)
core   0: 0x8000b712 (0x00001f17) auipc   t5, 0x1
core   0: 3 0x8000b712 (0x00001f17) x30 0x8000c712
core   0: 0x8000b716 (0x8e3f2723) sw      gp, -1810(t5)
core   0: 3 0x8000b716 (0x8e3f2723) mem 0x8000c000 0x00000001
core   0: 0x8000b71a (0x0000bfe5) c.j     pc - 8
core   0: 3 0x8000b71a (0xbfe5)
core   0: 0x8000b712 (0x00001f17) auipc   t5, 0x1
core   0: 3 0x8000b712 (0x00001f17) x30 0x8000c712
core   0: 0x8000b716 (0x8e3f2723) sw      gp, -1810(t5)
core   0: 3 0x8000b716 (0x8e3f2723) mem 0x8000c000 0x00000001
core   0: 0x8000b71a (0x0000bfe5) c.j     pc - 8
core   0: 3 0x8000b71a (0xbfe5)
core   0: 0x8000b712 (0x00001f17) auipc   t5, 0x1
core   0: 3 0x8000b712 (0x00001f17) x30 0x8000c712
core   0: 0x8000b716 (0x8e3f2723) sw      gp, -1810(t5)
core   0: 3 0x8000b716 (0x8e3f2723) mem 0x8000c000 0x00000001
core   0: 0x8000b71a (0x0000bfe5) c.j     pc - 8
core   0: 3 0x8000b71a (0xbfe5)
core   0: 0x8000b712 (0x00001f17) auipc   t5, 0x1
core   0: 3 0x8000b712 (0x00001f17) x30 0x8000c712
core   0: 0x8000b716 (0x8e3f2723) sw      gp, -1810(t5)
core   0: 3 0x8000b716 (0x8e3f2723) mem 0x8000c000 0x00000001
core   0: 0x8000b71a (0x0000bfe5) c.j     pc - 8
core   0: 3 0x8000b71a (0xbfe5)
core   0: 0x8000b712 (0x00001f17) auipc   t5, 0x1
core   0: 3 0x8000b712 (0x00001f17) x30 0x8000c712
core   0: 0x8000b716 (0x8e3f2723) sw      gp, -1810(t5)
core   0: 3 0x8000b716 (0x8e3f2723) mem 0x8000c000 0x00000001
core   0: 0x8000b71a (0x0000bfe5) c.j     pc - 8
core   0: 3 0x8000b71a (0xbfe5)
core   0: 0x8000b712 (0x00001f17) auipc   t5, 0x1
core   0: 3 0x8000b712 (0x00001f17) x30 0x8000c712
core   0: 0x8000b716 (0x8e3f2723) sw      gp, -1810(t5)
core   0: 3 0x8000b716 (0x8e3f2723) mem 0x8000c000 0x00000001
core   0: 0x8000b71a (0x0000bfe5) c.j     pc - 8
core   0: 3 0x8000b71a (0xbfe5)
core   0: 0x8000b712 (0x00001f17) auipc   t5, 0x1
core   0: 3 0x8000b712 (0x00001f17) x30 0x8000c712
core   0: 0x8000b716 (0x8e3f2723) sw      gp, -1810(t5)
core   0: 3 0x8000b716 (0x8e3f2723) mem 0x8000c000 0x00000001
core   0: 0x8000b71a (0x0000bfe5) c.j     pc - 8
core   0: 3 0x8000b71a (0xbfe5)
core   0: 0x8000b712 (0x00001f17) auipc   t5, 0x1
core   0: 3 0x8000b712 (0x00001f17) x30 0x8000c712
core   0: 0x8000b716 (0x8e3f2723) sw      gp, -1810(t5)
core   0: 3 0x8000b716 (0x8e3f2723) mem 0x8000c000 0x00000001
core   0: 0x8000b71a (0x0000bfe5) c.j     pc - 8
core   0: 3 0x8000b71a (0xbfe5)
core   0: 0x8000b712 (0x00001f17) auipc   t5, 0x1
core   0: 3 0x8000b712 (0x00001f17) x30 0x8000c712
core   0: 0x8000b716 (0x8e3f2723) sw      gp, -1810(t5)
core   0: 3 0x8000b716 (0x8e3f2723) mem 0x8000c000 0x00000001
core   0: 0x8000b71a (0x0000bfe5) c.j     pc - 8
core   0: 3 0x8000b71a (0xbfe5)
core   0: 0x8000b712 (0x00001f17) auipc   t5, 0x1
core   0: 3 0x8000b712 (0x00001f17) x30 0x8000c712
core   0: 0x8000b716 (0x8e3f2723) sw      gp, -1810(t5)
core   0: 3 0x8000b716 (0x8e3f2723) mem 0x8000c000 0x00000001
core   0: 0x8000b71a (0x0000bfe5) c.j     pc - 8
core   0: 3 0x8000b71a (0xbfe5)
core   0: 0x8000b712 (0x00001f17) auipc   t5, 0x1
core   0: 3 0x8000b712 (0x00001f17) x30 0x8000c712
core   0: 0x8000b716 (0x8e3f2723) sw      gp, -1810(t5)
core   0: 3 0x8000b716 (0x8e3f2723) mem 0x8000c000 0x00000001
core   0: 0x8000b71a (0x0000bfe5) c.j     pc - 8
core   0: 3 0x8000b71a (0xbfe5)
core   0: 0x8000b712 (0x00001f17) auipc   t5, 0x1
core   0: 3 0x8000b712 (0x00001f17) x30 0x8000c712
core   0: 0x8000b716 (0x8e3f2723) sw      gp, -1810(t5)
core   0: 3 0x8000b716 (0x8e3f2723) mem 0x8000c000 0x00000001
core   0: 0x8000b71a (0x0000bfe5) c.j     pc - 8
core   0: 3 0x8000b71a (0xbfe5)
core   0: 0x8000b712 (0x00001f17) auipc   t5, 0x1
core   0: 3 0x8000b712 (0x00001f17) x30 0x8000c712
core   0: 0x8000b716 (0x8e3f2723) sw      gp, -1810(t5)
core   0: 3 0x8000b716 (0x8e3f2723) mem 0x8000c000 0x00000001
core   0: 0x8000b71a (0x0000bfe5) c.j     pc - 8
core   0: 3 0x8000b71a (0xbfe5)
core   0: 0x8000b712 (0x00001f17) auipc   t5, 0x1
core   0: 3 0x8000b712 (0x00001f17) x30 0x8000c712
core   0: 0x8000b716 (0x8e3f2723) sw      gp, -1810(t5)
core   0: 3 0x8000b716 (0x8e3f2723) mem 0x8000c000 0x00000001
core   0: 0x8000b71a (0x0000bfe5) c.j     pc - 8
core   0: 3 0x8000b71a (0xbfe5)
core   0: 0x8000b712 (0x00001f17) auipc   t5, 0x1
core   0: 3 0x8000b712 (0x00001f17) x30 0x8000c712
core   0: 0x8000b716 (0x8e3f2723) sw      gp, -1810(t5)
core   0: 3 0x8000b716 (0x8e3f2723) mem 0x8000c000 0x00000001
core   0: 0x8000b71a (0x0000bfe5) c.j     pc - 8
core   0: 3 0x8000b71a (0xbfe5)
core   0: 0x8000b712 (0x00001f17) auipc   t5, 0x1
core   0: 3 0x8000b712 (0x00001f17) x30 0x8000c712
core   0: 0x8000b716 (0x8e3f2723) sw      gp, -1810(t5)
core   0: 3 0x8000b716 (0x8e3f2723) mem 0x8000c000 0x00000001
core   0: 0x8000b71a (0x0000bfe5) c.j     pc - 8
core   0: 3 0x8000b71a (0xbfe5)
core   0: 0x8000b712 (0x00001f17) auipc   t5, 0x1
core   0: 3 0x8000b712 (0x00001f17) x30 0x8000c712
core   0: 0x8000b716 (0x8e3f2723) sw      gp, -1810(t5)
core   0: 3 0x8000b716 (0x8e3f2723) mem 0x8000c000 0x00000001
core   0: 0x8000b71a (0x0000bfe5) c.j     pc - 8
core   0: 3 0x8000b71a (0xbfe5)
core   0: 0x8000b712 (0x00001f17) auipc   t5, 0x1
core   0: 3 0x8000b712 (0x00001f17) x30 0x8000c712
core   0: 0x8000b716 (0x8e3f2723) sw      gp, -1810(t5)
core   0: 3 0x8000b716 (0x8e3f2723) mem 0x8000c000 0x00000001
core   0: 0x8000b71a (0x0000bfe5) c.j     pc - 8
core   0: 3 0x8000b71a (0xbfe5)
core   0: 0x8000b712 (0x00001f17) auipc   t5, 0x1
core   0: 3 0x8000b712 (0x00001f17) x30 0x8000c712
core   0: 0x8000b716 (0x8e3f2723) sw      gp, -1810(t5)
core   0: 3 0x8000b716 (0x8e3f2723) mem 0x8000c000 0x00000001
core   0: 0x8000b71a (0x0000bfe5) c.j     pc - 8
core   0: 3 0x8000b71a (0xbfe5)
core   0: 0x8000b712 (0x00001f17) auipc   t5, 0x1
core   0: 3 0x8000b712 (0x00001f17) x30 0x8000c712
core   0: 0x8000b716 (0x8e3f2723) sw      gp, -1810(t5)
core   0: 3 0x8000b716 (0x8e3f2723) mem 0x8000c000 0x00000001
core   0: 0x8000b71a (0x0000bfe5) c.j     pc - 8
core   0: 3 0x8000b71a (0xbfe5)
core   0: 0x8000b712 (0x00001f17) auipc   t5, 0x1
core   0: 3 0x8000b712 (0x00001f17) x30 0x8000c712
core   0: 0x8000b716 (0x8e3f2723) sw      gp, -1810(t5)
core   0: 3 0x8000b716 (0x8e3f2723) mem 0x8000c000 0x00000001
core   0: 0x8000b71a (0x0000bfe5) c.j     pc - 8
core   0: 3 0x8000b71a (0xbfe5)
core   0: 0x8000b712 (0x00001f17) auipc   t5, 0x1
core   0: 3 0x8000b712 (0x00001f17) x30 0x8000c712
core   0: 0x8000b716 (0x8e3f2723) sw      gp, -1810(t5)
core   0: 3 0x8000b716 (0x8e3f2723) mem 0x8000c000 0x00000001
core   0: 0x8000b71a (0x0000bfe5) c.j     pc - 8
core   0: 3 0x8000b71a (0xbfe5)
core   0: 0x8000b712 (0x00001f17) auipc   t5, 0x1
core   0: 3 0x8000b712 (0x00001f17) x30 0x8000c712
core   0: 0x8000b716 (0x8e3f2723) sw      gp, -1810(t5)
core   0: 3 0x8000b716 (0x8e3f2723) mem 0x8000c000 0x00000001
core   0: 0x8000b71a (0x0000bfe5) c.j     pc - 8
core   0: 3 0x8000b71a (0xbfe5)
core   0: 0x8000b712 (0x00001f17) auipc   t5, 0x1
core   0: 3 0x8000b712 (0x00001f17) x30 0x8000c712
core   0: 0x8000b716 (0x8e3f2723) sw      gp, -1810(t5)
core   0: 3 0x8000b716 (0x8e3f2723) mem 0x8000c000 0x00000001
core   0: 0x8000b71a (0x0000bfe5) c.j     pc - 8
core   0: 3 0x8000b71a (0xbfe5)
core   0: 0x8000b712 (0x00001f17) auipc   t5, 0x1
core   0: 3 0x8000b712 (0x00001f17) x30 0x8000c712
core   0: 0x8000b716 (0x8e3f2723) sw      gp, -1810(t5)
core   0: 3 0x8000b716 (0x8e3f2723) mem 0x8000c000 0x00000001
core   0: 0x8000b71a (0x0000bfe5) c.j     pc - 8
core   0: 3 0x8000b71a (0xbfe5)
core   0: 0x8000b712 (0x00001f17) auipc   t5, 0x1
core   0: 3 0x8000b712 (0x00001f17) x30 0x8000c712
core   0: 0x8000b716 (0x8e3f2723) sw      gp, -1810(t5)
core   0: 3 0x8000b716 (0x8e3f2723) mem 0x8000c000 0x00000001
core   0: 0x8000b71a (0x0000bfe5) c.j     pc - 8
core   0: 3 0x8000b71a (0xbfe5)
core   0: 0x8000b712 (0x00001f17) auipc   t5, 0x1
core   0: 3 0x8000b712 (0x00001f17) x30 0x8000c712
core   0: 0x8000b716 (0x8e3f2723) sw      gp, -1810(t5)
core   0: 3 0x8000b716 (0x8e3f2723) mem 0x8000c000 0x00000001
core   0: 0x8000b71a (0x0000bfe5) c.j     pc - 8
core   0: 3 0x8000b71a (0xbfe5)
core   0: 0x8000b712 (0x00001f17) auipc   t5, 0x1
core   0: 3 0x8000b712 (0x00001f17) x30 0x8000c712
core   0: 0x8000b716 (0x8e3f2723) sw      gp, -1810(t5)
core   0: 3 0x8000b716 (0x8e3f2723) mem 0x8000c000 0x00000001
core   0: 0x8000b71a (0x0000bfe5) c.j     pc - 8
core   0: 3 0x8000b71a (0xbfe5)
core   0: 0x8000b712 (0x00001f17) auipc   t5, 0x1
core   0: 3 0x8000b712 (0x00001f17) x30 0x8000c712
core   0: 0x8000b716 (0x8e3f2723) sw      gp, -1810(t5)
core   0: 3 0x8000b716 (0x8e3f2723) mem 0x8000c000 0x00000001
core   0: 0x8000b71a (0x0000bfe5) c.j     pc - 8
core   0: 3 0x8000b71a (0xbfe5)
core   0: 0x8000b712 (0x00001f17) auipc   t5, 0x1
core   0: 3 0x8000b712 (0x00001f17) x30 0x8000c712
core   0: 0x8000b716 (0x8e3f2723) sw      gp, -1810(t5)
core   0: 3 0x8000b716 (0x8e3f2723) mem 0x8000c000 0x00000001
core   0: 0x8000b71a (0x0000bfe5) c.j     pc - 8
core   0: 3 0x8000b71a (0xbfe5)
core   0: 0x8000b712 (0x00001f17) auipc   t5, 0x1
core   0: 3 0x8000b712 (0x00001f17) x30 0x8000c712
core   0: 0x8000b716 (0x8e3f2723) sw      gp, -1810(t5)
core   0: 3 0x8000b716 (0x8e3f2723) mem 0x8000c000 0x00000001
core   0: 0x8000b71a (0x0000bfe5) c.j     pc - 8
core   0: 3 0x8000b71a (0xbfe5)
core   0: 0x8000b712 (0x00001f17) auipc   t5, 0x1
core   0: 3 0x8000b712 (0x00001f17) x30 0x8000c712
core   0: 0x8000b716 (0x8e3f2723) sw      gp, -1810(t5)
core   0: 3 0x8000b716 (0x8e3f2723) mem 0x8000c000 0x00000001
core   0: 0x8000b71a (0x0000bfe5) c.j     pc - 8
core   0: 3 0x8000b71a (0xbfe5)
core   0: 0x8000b712 (0x00001f17) auipc   t5, 0x1
core   0: 3 0x8000b712 (0x00001f17) x30 0x8000c712
core   0: 0x8000b716 (0x8e3f2723) sw      gp, -1810(t5)
core   0: 3 0x8000b716 (0x8e3f2723) mem 0x8000c000 0x00000001
core   0: 0x8000b71a (0x0000bfe5) c.j     pc - 8
core   0: 3 0x8000b71a (0xbfe5)
core   0: 0x8000b712 (0x00001f17) auipc   t5, 0x1
core   0: 3 0x8000b712 (0x00001f17) x30 0x8000c712
core   0: 0x8000b716 (0x8e3f2723) sw      gp, -1810(t5)
core   0: 3 0x8000b716 (0x8e3f2723) mem 0x8000c000 0x00000001
core   0: 0x8000b71a (0x0000bfe5) c.j     pc - 8
core   0: 3 0x8000b71a (0xbfe5)
core   0: 0x8000b712 (0x00001f17) auipc   t5, 0x1
core   0: 3 0x8000b712 (0x00001f17) x30 0x8000c712
core   0: 0x8000b716 (0x8e3f2723) sw      gp, -1810(t5)
core   0: 3 0x8000b716 (0x8e3f2723) mem 0x8000c000 0x00000001
core   0: 0x8000b71a (0x0000bfe5) c.j     pc - 8
core   0: 3 0x8000b71a (0xbfe5)
core   0: 0x8000b712 (0x00001f17) auipc   t5, 0x1
core   0: 3 0x8000b712 (0x00001f17) x30 0x8000c712
core   0: 0x8000b716 (0x8e3f2723) sw      gp, -1810(t5)
core   0: 3 0x8000b716 (0x8e3f2723) mem 0x8000c000 0x00000001
core   0: 0x8000b71a (0x0000bfe5) c.j     pc - 8
core   0: 3 0x8000b71a (0xbfe5)
core   0: 0x8000b712 (0x00001f17) auipc   t5, 0x1
core   0: 3 0x8000b712 (0x00001f17) x30 0x8000c712
core   0: 0x8000b716 (0x8e3f2723) sw      gp, -1810(t5)
core   0: 3 0x8000b716 (0x8e3f2723) mem 0x8000c000 0x00000001
core   0: 0x8000b71a (0x0000bfe5) c.j     pc - 8
core   0: 3 0x8000b71a (0xbfe5)
core   0: 0x8000b712 (0x00001f17) auipc   t5, 0x1
core   0: 3 0x8000b712 (0x00001f17) x30 0x8000c712
core   0: 0x8000b716 (0x8e3f2723) sw      gp, -1810(t5)
core   0: 3 0x8000b716 (0x8e3f2723) mem 0x8000c000 0x00000001
core   0: 0x8000b71a (0x0000bfe5) c.j     pc - 8
core   0: 3 0x8000b71a (0xbfe5)
core   0: 0x8000b712 (0x00001f17) auipc   t5, 0x1
core   0: 3 0x8000b712 (0x00001f17) x30 0x8000c712
core   0: 0x8000b716 (0x8e3f2723) sw      gp, -1810(t5)
core   0: 3 0x8000b716 (0x8e3f2723) mem 0x8000c000 0x00000001
core   0: 0x8000b71a (0x0000bfe5) c.j     pc - 8
core   0: 3 0x8000b71a (0xbfe5)
core   0: 0x8000b712 (0x00001f17) auipc   t5, 0x1
core   0: 3 0x8000b712 (0x00001f17) x30 0x8000c712
core   0: 0x8000b716 (0x8e3f2723) sw      gp, -1810(t5)
core   0: 3 0x8000b716 (0x8e3f2723) mem 0x8000c000 0x00000001
core   0: 0x8000b71a (0x0000bfe5) c.j     pc - 8
core   0: 3 0x8000b71a (0xbfe5)
core   0: 0x8000b712 (0x00001f17) auipc   t5, 0x1
core   0: 3 0x8000b712 (0x00001f17) x30 0x8000c712
core   0: 0x8000b716 (0x8e3f2723) sw      gp, -1810(t5)
core   0: 3 0x8000b716 (0x8e3f2723) mem 0x8000c000 0x00000001
core   0: 0x8000b71a (0x0000bfe5) c.j     pc - 8
core   0: 3 0x8000b71a (0xbfe5)
core   0: 0x8000b712 (0x00001f17) auipc   t5, 0x1
core   0: 3 0x8000b712 (0x00001f17) x30 0x8000c712
core   0: 0x8000b716 (0x8e3f2723) sw      gp, -1810(t5)
core   0: 3 0x8000b716 (0x8e3f2723) mem 0x8000c000 0x00000001
core   0: 0x8000b71a (0x0000bfe5) c.j     pc - 8
core   0: 3 0x8000b71a (0xbfe5)
core   0: 0x8000b712 (0x00001f17) auipc   t5, 0x1
core   0: 3 0x8000b712 (0x00001f17) x30 0x8000c712
core   0: 0x8000b716 (0x8e3f2723) sw      gp, -1810(t5)
core   0: 3 0x8000b716 (0x8e3f2723) mem 0x8000c000 0x00000001
core   0: 0x8000b71a (0x0000bfe5) c.j     pc - 8
core   0: 3 0x8000b71a (0xbfe5)
core   0: 0x8000b712 (0x00001f17) auipc   t5, 0x1
core   0: 3 0x8000b712 (0x00001f17) x30 0x8000c712
core   0: 0x8000b716 (0x8e3f2723) sw      gp, -1810(t5)
core   0: 3 0x8000b716 (0x8e3f2723) mem 0x8000c000 0x00000001
core   0: 0x8000b71a (0x0000bfe5) c.j     pc - 8
core   0: 3 0x8000b71a (0xbfe5)
core   0: 0x8000b712 (0x00001f17) auipc   t5, 0x1
core   0: 3 0x8000b712 (0x00001f17) x30 0x8000c712
core   0: 0x8000b716 (0x8e3f2723) sw      gp, -1810(t5)
core   0: 3 0x8000b716 (0x8e3f2723) mem 0x8000c000 0x00000001
core   0: 0x8000b71a (0x0000bfe5) c.j     pc - 8
core   0: 3 0x8000b71a (0xbfe5)
core   0: 0x8000b712 (0x00001f17) auipc   t5, 0x1
core   0: 3 0x8000b712 (0x00001f17) x30 0x8000c712
core   0: 0x8000b716 (0x8e3f2723) sw      gp, -1810(t5)
core   0: 3 0x8000b716 (0x8e3f2723) mem 0x8000c000 0x00000001
core   0: 0x8000b71a (0x0000bfe5) c.j     pc - 8
core   0: 3 0x8000b71a (0xbfe5)
core   0: 0x8000b712 (0x00001f17) auipc   t5, 0x1
core   0: 3 0x8000b712 (0x00001f17) x30 0x8000c712
core   0: 0x8000b716 (0x8e3f2723) sw      gp, -1810(t5)
core   0: 3 0x8000b716 (0x8e3f2723) mem 0x8000c000 0x00000001
core   0: 0x8000b71a (0x0000bfe5) c.j     pc - 8
core   0: 3 0x8000b71a (0xbfe5)
core   0: 0x8000b712 (0x00001f17) auipc   t5, 0x1
core   0: 3 0x8000b712 (0x00001f17) x30 0x8000c712
core   0: 0x8000b716 (0x8e3f2723) sw      gp, -1810(t5)
core   0: 3 0x8000b716 (0x8e3f2723) mem 0x8000c000 0x00000001
core   0: 0x8000b71a (0x0000bfe5) c.j     pc - 8
core   0: 3 0x8000b71a (0xbfe5)
core   0: 0x8000b712 (0x00001f17) auipc   t5, 0x1
core   0: 3 0x8000b712 (0x00001f17) x30 0x8000c712
core   0: 0x8000b716 (0x8e3f2723) sw      gp, -1810(t5)
core   0: 3 0x8000b716 (0x8e3f2723) mem 0x8000c000 0x00000001
core   0: 0x8000b71a (0x0000bfe5) c.j     pc - 8
core   0: 3 0x8000b71a (0xbfe5)
core   0: 0x8000b712 (0x00001f17) auipc   t5, 0x1
core   0: 3 0x8000b712 (0x00001f17) x30 0x8000c712
core   0: 0x8000b716 (0x8e3f2723) sw      gp, -1810(t5)
core   0: 3 0x8000b716 (0x8e3f2723) mem 0x8000c000 0x00000001
core   0: 0x8000b71a (0x0000bfe5) c.j     pc - 8
core   0: 3 0x8000b71a (0xbfe5)
core   0: 0x8000b712 (0x00001f17) auipc   t5, 0x1
core   0: 3 0x8000b712 (0x00001f17) x30 0x8000c712
core   0: 0x8000b716 (0x8e3f2723) sw      gp, -1810(t5)
core   0: 3 0x8000b716 (0x8e3f2723) mem 0x8000c000 0x00000001
core   0: 0x8000b71a (0x0000bfe5) c.j     pc - 8
core   0: 3 0x8000b71a (0xbfe5)
core   0: 0x8000b712 (0x00001f17) auipc   t5, 0x1
core   0: 3 0x8000b712 (0x00001f17) x30 0x8000c712
core   0: 0x8000b716 (0x8e3f2723) sw      gp, -1810(t5)
core   0: 3 0x8000b716 (0x8e3f2723) mem 0x8000c000 0x00000001
core   0: 0x8000b71a (0x0000bfe5) c.j     pc - 8
core   0: 3 0x8000b71a (0xbfe5)
core   0: 0x8000b712 (0x00001f17) auipc   t5, 0x1
core   0: 3 0x8000b712 (0x00001f17) x30 0x8000c712
core   0: 0x8000b716 (0x8e3f2723) sw      gp, -1810(t5)
core   0: 3 0x8000b716 (0x8e3f2723) mem 0x8000c000 0x00000001
core   0: 0x8000b71a (0x0000bfe5) c.j     pc - 8
core   0: 3 0x8000b71a (0xbfe5)
core   0: 0x8000b712 (0x00001f17) auipc   t5, 0x1
core   0: 3 0x8000b712 (0x00001f17) x30 0x8000c712
core   0: 0x8000b716 (0x8e3f2723) sw      gp, -1810(t5)
core   0: 3 0x8000b716 (0x8e3f2723) mem 0x8000c000 0x00000001
core   0: 0x8000b71a (0x0000bfe5) c.j     pc - 8
core   0: 3 0x8000b71a (0xbfe5)
core   0: 0x8000b712 (0x00001f17) auipc   t5, 0x1
core   0: 3 0x8000b712 (0x00001f17) x30 0x8000c712
core   0: 0x8000b716 (0x8e3f2723) sw      gp, -1810(t5)
core   0: 3 0x8000b716 (0x8e3f2723) mem 0x8000c000 0x00000001
core   0: 0x8000b71a (0x0000bfe5) c.j     pc - 8
core   0: 3 0x8000b71a (0xbfe5)
core   0: 0x8000b712 (0x00001f17) auipc   t5, 0x1
core   0: 3 0x8000b712 (0x00001f17) x30 0x8000c712
core   0: 0x8000b716 (0x8e3f2723) sw      gp, -1810(t5)
core   0: 3 0x8000b716 (0x8e3f2723) mem 0x8000c000 0x00000001
core   0: 0x8000b71a (0x0000bfe5) c.j     pc - 8
core   0: 3 0x8000b71a (0xbfe5)
core   0: 0x8000b712 (0x00001f17) auipc   t5, 0x1
core   0: 3 0x8000b712 (0x00001f17) x30 0x8000c712
core   0: 0x8000b716 (0x8e3f2723) sw      gp, -1810(t5)
core   0: 3 0x8000b716 (0x8e3f2723) mem 0x8000c000 0x00000001
core   0: 0x8000b71a (0x0000bfe5) c.j     pc - 8
core   0: 3 0x8000b71a (0xbfe5)
core   0: 0x8000b712 (0x00001f17) auipc   t5, 0x1
core   0: 3 0x8000b712 (0x00001f17) x30 0x8000c712
core   0: 0x8000b716 (0x8e3f2723) sw      gp, -1810(t5)
core   0: 3 0x8000b716 (0x8e3f2723) mem 0x8000c000 0x00000001
core   0: 0x8000b71a (0x0000bfe5) c.j     pc - 8
core   0: 3 0x8000b71a (0xbfe5)
core   0: 0x8000b712 (0x00001f17) auipc   t5, 0x1
core   0: 3 0x8000b712 (0x00001f17) x30 0x8000c712
core   0: 0x8000b716 (0x8e3f2723) sw      gp, -1810(t5)
core   0: 3 0x8000b716 (0x8e3f2723) mem 0x8000c000 0x00000001
core   0: 0x8000b71a (0x0000bfe5) c.j     pc - 8
core   0: 3 0x8000b71a (0xbfe5)
core   0: 0x8000b712 (0x00001f17) auipc   t5, 0x1
core   0: 3 0x8000b712 (0x00001f17) x30 0x8000c712
core   0: 0x8000b716 (0x8e3f2723) sw      gp, -1810(t5)
core   0: 3 0x8000b716 (0x8e3f2723) mem 0x8000c000 0x00000001
core   0: 0x8000b71a (0x0000bfe5) c.j     pc - 8
core   0: 3 0x8000b71a (0xbfe5)
core   0: 0x8000b712 (0x00001f17) auipc   t5, 0x1
core   0: 3 0x8000b712 (0x00001f17) x30 0x8000c712
core   0: 0x8000b716 (0x8e3f2723) sw      gp, -1810(t5)
core   0: 3 0x8000b716 (0x8e3f2723) mem 0x8000c000 0x00000001
core   0: 0x8000b71a (0x0000bfe5) c.j     pc - 8
core   0: 3 0x8000b71a (0xbfe5)
core   0: 0x8000b712 (0x00001f17) auipc   t5, 0x1
core   0: 3 0x8000b712 (0x00001f17) x30 0x8000c712
core   0: 0x8000b716 (0x8e3f2723) sw      gp, -1810(t5)
core   0: 3 0x8000b716 (0x8e3f2723) mem 0x8000c000 0x00000001
core   0: 0x8000b71a (0x0000bfe5) c.j     pc - 8
core   0: 3 0x8000b71a (0xbfe5)
core   0: 0x8000b712 (0x00001f17) auipc   t5, 0x1
core   0: 3 0x8000b712 (0x00001f17) x30 0x8000c712
core   0: 0x8000b716 (0x8e3f2723) sw      gp, -1810(t5)
core   0: 3 0x8000b716 (0x8e3f2723) mem 0x8000c000 0x00000001
core   0: 0x8000b71a (0x0000bfe5) c.j     pc - 8
core   0: 3 0x8000b71a (0xbfe5)
core   0: 0x8000b712 (0x00001f17) auipc   t5, 0x1
core   0: 3 0x8000b712 (0x00001f17) x30 0x8000c712
core   0: 0x8000b716 (0x8e3f2723) sw      gp, -1810(t5)
core   0: 3 0x8000b716 (0x8e3f2723) mem 0x8000c000 0x00000001
core   0: 0x8000b71a (0x0000bfe5) c.j     pc - 8
core   0: 3 0x8000b71a (0xbfe5)
core   0: 0x8000b712 (0x00001f17) auipc   t5, 0x1
core   0: 3 0x8000b712 (0x00001f17) x30 0x8000c712
core   0: 0x8000b716 (0x8e3f2723) sw      gp, -1810(t5)
core   0: 3 0x8000b716 (0x8e3f2723) mem 0x8000c000 0x00000001
core   0: 0x8000b71a (0x0000bfe5) c.j     pc - 8
core   0: 3 0x8000b71a (0xbfe5)
core   0: 0x8000b712 (0x00001f17) auipc   t5, 0x1
core   0: 3 0x8000b712 (0x00001f17) x30 0x8000c712
core   0: 0x8000b716 (0x8e3f2723) sw      gp, -1810(t5)
core   0: 3 0x8000b716 (0x8e3f2723) mem 0x8000c000 0x00000001
core   0: 0x8000b71a (0x0000bfe5) c.j     pc - 8
core   0: 3 0x8000b71a (0xbfe5)
core   0: 0x8000b712 (0x00001f17) auipc   t5, 0x1
core   0: 3 0x8000b712 (0x00001f17) x30 0x8000c712
core   0: 0x8000b716 (0x8e3f2723) sw      gp, -1810(t5)
core   0: 3 0x8000b716 (0x8e3f2723) mem 0x8000c000 0x00000001
core   0: 0x8000b71a (0x0000bfe5) c.j     pc - 8
core   0: 3 0x8000b71a (0xbfe5)
core   0: 0x8000b712 (0x00001f17) auipc   t5, 0x1
core   0: 3 0x8000b712 (0x00001f17) x30 0x8000c712
core   0: 0x8000b716 (0x8e3f2723) sw      gp, -1810(t5)
core   0: 3 0x8000b716 (0x8e3f2723) mem 0x8000c000 0x00000001
core   0: 0x8000b71a (0x0000bfe5) c.j     pc - 8
core   0: 3 0x8000b71a (0xbfe5)
core   0: 0x8000b712 (0x00001f17) auipc   t5, 0x1
core   0: 3 0x8000b712 (0x00001f17) x30 0x8000c712
core   0: 0x8000b716 (0x8e3f2723) sw      gp, -1810(t5)
core   0: 3 0x8000b716 (0x8e3f2723) mem 0x8000c000 0x00000001
core   0: 0x8000b71a (0x0000bfe5) c.j     pc - 8
core   0: 3 0x8000b71a (0xbfe5)
core   0: 0x8000b712 (0x00001f17) auipc   t5, 0x1
core   0: 3 0x8000b712 (0x00001f17) x30 0x8000c712
core   0: 0x8000b716 (0x8e3f2723) sw      gp, -1810(t5)
core   0: 3 0x8000b716 (0x8e3f2723) mem 0x8000c000 0x00000001
core   0: 0x8000b71a (0x0000bfe5) c.j     pc - 8
core   0: 3 0x8000b71a (0xbfe5)
core   0: 0x8000b712 (0x00001f17) auipc   t5, 0x1
core   0: 3 0x8000b712 (0x00001f17) x30 0x8000c712
core   0: 0x8000b716 (0x8e3f2723) sw      gp, -1810(t5)
core   0: 3 0x8000b716 (0x8e3f2723) mem 0x8000c000 0x00000001
core   0: 0x8000b71a (0x0000bfe5) c.j     pc - 8
core   0: 3 0x8000b71a (0xbfe5)
core   0: 0x8000b712 (0x00001f17) auipc   t5, 0x1
core   0: 3 0x8000b712 (0x00001f17) x30 0x8000c712
core   0: 0x8000b716 (0x8e3f2723) sw      gp, -1810(t5)
core   0: 3 0x8000b716 (0x8e3f2723) mem 0x8000c000 0x00000001
core   0: 0x8000b71a (0x0000bfe5) c.j     pc - 8
core   0: 3 0x8000b71a (0xbfe5)
core   0: 0x8000b712 (0x00001f17) auipc   t5, 0x1
core   0: 3 0x8000b712 (0x00001f17) x30 0x8000c712
core   0: 0x8000b716 (0x8e3f2723) sw      gp, -1810(t5)
core   0: 3 0x8000b716 (0x8e3f2723) mem 0x8000c000 0x00000001
core   0: 0x8000b71a (0x0000bfe5) c.j     pc - 8
core   0: 3 0x8000b71a (0xbfe5)
core   0: 0x8000b712 (0x00001f17) auipc   t5, 0x1
core   0: 3 0x8000b712 (0x00001f17) x30 0x8000c712
core   0: 0x8000b716 (0x8e3f2723) sw      gp, -1810(t5)
core   0: 3 0x8000b716 (0x8e3f2723) mem 0x8000c000 0x00000001
core   0: 0x8000b71a (0x0000bfe5) c.j     pc - 8
core   0: 3 0x8000b71a (0xbfe5)
core   0: 0x8000b712 (0x00001f17) auipc   t5, 0x1
core   0: 3 0x8000b712 (0x00001f17) x30 0x8000c712
core   0: 0x8000b716 (0x8e3f2723) sw      gp, -1810(t5)
core   0: 3 0x8000b716 (0x8e3f2723) mem 0x8000c000 0x00000001
core   0: 0x8000b71a (0x0000bfe5) c.j     pc - 8
core   0: 3 0x8000b71a (0xbfe5)
core   0: 0x8000b712 (0x00001f17) auipc   t5, 0x1
core   0: 3 0x8000b712 (0x00001f17) x30 0x8000c712
core   0: 0x8000b716 (0x8e3f2723) sw      gp, -1810(t5)
core   0: 3 0x8000b716 (0x8e3f2723) mem 0x8000c000 0x00000001
core   0: 0x8000b71a (0x0000bfe5) c.j     pc - 8
core   0: 3 0x8000b71a (0xbfe5)
core   0: 0x8000b712 (0x00001f17) auipc   t5, 0x1
core   0: 3 0x8000b712 (0x00001f17) x30 0x8000c712
core   0: 0x8000b716 (0x8e3f2723) sw      gp, -1810(t5)
core   0: 3 0x8000b716 (0x8e3f2723) mem 0x8000c000 0x00000001
core   0: 0x8000b71a (0x0000bfe5) c.j     pc - 8
core   0: 3 0x8000b71a (0xbfe5)
core   0: 0x8000b712 (0x00001f17) auipc   t5, 0x1
core   0: 3 0x8000b712 (0x00001f17) x30 0x8000c712
core   0: 0x8000b716 (0x8e3f2723) sw      gp, -1810(t5)
core   0: 3 0x8000b716 (0x8e3f2723) mem 0x8000c000 0x00000001
core   0: 0x8000b71a (0x0000bfe5) c.j     pc - 8
core   0: 3 0x8000b71a (0xbfe5)
core   0: 0x8000b712 (0x00001f17) auipc   t5, 0x1
core   0: 3 0x8000b712 (0x00001f17) x30 0x8000c712
core   0: 0x8000b716 (0x8e3f2723) sw      gp, -1810(t5)
core   0: 3 0x8000b716 (0x8e3f2723) mem 0x8000c000 0x00000001
core   0: 0x8000b71a (0x0000bfe5) c.j     pc - 8
core   0: 3 0x8000b71a (0xbfe5)
core   0: 0x8000b712 (0x00001f17) auipc   t5, 0x1
core   0: 3 0x8000b712 (0x00001f17) x30 0x8000c712
core   0: 0x8000b716 (0x8e3f2723) sw      gp, -1810(t5)
core   0: 3 0x8000b716 (0x8e3f2723) mem 0x8000c000 0x00000001
core   0: 0x8000b71a (0x0000bfe5) c.j     pc - 8
core   0: 3 0x8000b71a (0xbfe5)
core   0: 0x8000b712 (0x00001f17) auipc   t5, 0x1
core   0: 3 0x8000b712 (0x00001f17) x30 0x8000c712
core   0: 0x8000b716 (0x8e3f2723) sw      gp, -1810(t5)
core   0: 3 0x8000b716 (0x8e3f2723) mem 0x8000c000 0x00000001
core   0: 0x8000b71a (0x0000bfe5) c.j     pc - 8
core   0: 3 0x8000b71a (0xbfe5)
core   0: 0x8000b712 (0x00001f17) auipc   t5, 0x1
core   0: 3 0x8000b712 (0x00001f17) x30 0x8000c712
core   0: 0x8000b716 (0x8e3f2723) sw      gp, -1810(t5)
core   0: 3 0x8000b716 (0x8e3f2723) mem 0x8000c000 0x00000001
core   0: 0x8000b71a (0x0000bfe5) c.j     pc - 8
core   0: 3 0x8000b71a (0xbfe5)
core   0: 0x8000b712 (0x00001f17) auipc   t5, 0x1
core   0: 3 0x8000b712 (0x00001f17) x30 0x8000c712
core   0: 0x8000b716 (0x8e3f2723) sw      gp, -1810(t5)
core   0: 3 0x8000b716 (0x8e3f2723) mem 0x8000c000 0x00000001
core   0: 0x8000b71a (0x0000bfe5) c.j     pc - 8
core   0: 3 0x8000b71a (0xbfe5)
core   0: 0x8000b712 (0x00001f17) auipc   t5, 0x1
core   0: 3 0x8000b712 (0x00001f17) x30 0x8000c712
core   0: 0x8000b716 (0x8e3f2723) sw      gp, -1810(t5)
core   0: 3 0x8000b716 (0x8e3f2723) mem 0x8000c000 0x00000001
core   0: 0x8000b71a (0x0000bfe5) c.j     pc - 8
core   0: 3 0x8000b71a (0xbfe5)
core   0: 0x8000b712 (0x00001f17) auipc   t5, 0x1
core   0: 3 0x8000b712 (0x00001f17) x30 0x8000c712
core   0: 0x8000b716 (0x8e3f2723) sw      gp, -1810(t5)
core   0: 3 0x8000b716 (0x8e3f2723) mem 0x8000c000 0x00000001
core   0: 0x8000b71a (0x0000bfe5) c.j     pc - 8
core   0: 3 0x8000b71a (0xbfe5)
core   0: 0x8000b712 (0x00001f17) auipc   t5, 0x1
core   0: 3 0x8000b712 (0x00001f17) x30 0x8000c712
core   0: 0x8000b716 (0x8e3f2723) sw      gp, -1810(t5)
core   0: 3 0x8000b716 (0x8e3f2723) mem 0x8000c000 0x00000001
core   0: 0x8000b71a (0x0000bfe5) c.j     pc - 8
core   0: 3 0x8000b71a (0xbfe5)
core   0: 0x8000b712 (0x00001f17) auipc   t5, 0x1
core   0: 3 0x8000b712 (0x00001f17) x30 0x8000c712
core   0: 0x8000b716 (0x8e3f2723) sw      gp, -1810(t5)
core   0: 3 0x8000b716 (0x8e3f2723) mem 0x8000c000 0x00000001
core   0: 0x8000b71a (0x0000bfe5) c.j     pc - 8
core   0: 3 0x8000b71a (0xbfe5)
core   0: 0x8000b712 (0x00001f17) auipc   t5, 0x1
core   0: 3 0x8000b712 (0x00001f17) x30 0x8000c712
core   0: 0x8000b716 (0x8e3f2723) sw      gp, -1810(t5)
core   0: 3 0x8000b716 (0x8e3f2723) mem 0x8000c000 0x00000001
core   0: 0x8000b71a (0x0000bfe5) c.j     pc - 8
core   0: 3 0x8000b71a (0xbfe5)
core   0: 0x8000b712 (0x00001f17) auipc   t5, 0x1
core   0: 3 0x8000b712 (0x00001f17) x30 0x8000c712
core   0: 0x8000b716 (0x8e3f2723) sw      gp, -1810(t5)
core   0: 3 0x8000b716 (0x8e3f2723) mem 0x8000c000 0x00000001
core   0: 0x8000b71a (0x0000bfe5) c.j     pc - 8
core   0: 3 0x8000b71a (0xbfe5)
core   0: 0x8000b712 (0x00001f17) auipc   t5, 0x1
core   0: 3 0x8000b712 (0x00001f17) x30 0x8000c712
core   0: 0x8000b716 (0x8e3f2723) sw      gp, -1810(t5)
core   0: 3 0x8000b716 (0x8e3f2723) mem 0x8000c000 0x00000001
core   0: 0x8000b71a (0x0000bfe5) c.j     pc - 8
core   0: 3 0x8000b71a (0xbfe5)
core   0: 0x8000b712 (0x00001f17) auipc   t5, 0x1
core   0: 3 0x8000b712 (0x00001f17) x30 0x8000c712
core   0: 0x8000b716 (0x8e3f2723) sw      gp, -1810(t5)
core   0: 3 0x8000b716 (0x8e3f2723) mem 0x8000c000 0x00000001
core   0: 0x8000b71a (0x0000bfe5) c.j     pc - 8
core   0: 3 0x8000b71a (0xbfe5)
core   0: 0x8000b712 (0x00001f17) auipc   t5, 0x1
core   0: 3 0x8000b712 (0x00001f17) x30 0x8000c712
core   0: 0x8000b716 (0x8e3f2723) sw      gp, -1810(t5)
core   0: 3 0x8000b716 (0x8e3f2723) mem 0x8000c000 0x00000001
core   0: 0x8000b71a (0x0000bfe5) c.j     pc - 8
core   0: 3 0x8000b71a (0xbfe5)
core   0: 0x8000b712 (0x00001f17) auipc   t5, 0x1
core   0: 3 0x8000b712 (0x00001f17) x30 0x8000c712
core   0: 0x8000b716 (0x8e3f2723) sw      gp, -1810(t5)
core   0: 3 0x8000b716 (0x8e3f2723) mem 0x8000c000 0x00000001
core   0: 0x8000b71a (0x0000bfe5) c.j     pc - 8
core   0: 3 0x8000b71a (0xbfe5)
core   0: 0x8000b712 (0x00001f17) auipc   t5, 0x1
core   0: 3 0x8000b712 (0x00001f17) x30 0x8000c712
core   0: 0x8000b716 (0x8e3f2723) sw      gp, -1810(t5)
core   0: 3 0x8000b716 (0x8e3f2723) mem 0x8000c000 0x00000001
core   0: 0x8000b71a (0x0000bfe5) c.j     pc - 8
core   0: 3 0x8000b71a (0xbfe5)
core   0: 0x8000b712 (0x00001f17) auipc   t5, 0x1
core   0: 3 0x8000b712 (0x00001f17) x30 0x8000c712
core   0: 0x8000b716 (0x8e3f2723) sw      gp, -1810(t5)
core   0: 3 0x8000b716 (0x8e3f2723) mem 0x8000c000 0x00000001
core   0: 0x8000b71a (0x0000bfe5) c.j     pc - 8
core   0: 3 0x8000b71a (0xbfe5)
core   0: 0x8000b712 (0x00001f17) auipc   t5, 0x1
core   0: 3 0x8000b712 (0x00001f17) x30 0x8000c712
core   0: 0x8000b716 (0x8e3f2723) sw      gp, -1810(t5)
core   0: 3 0x8000b716 (0x8e3f2723) mem 0x8000c000 0x00000001
core   0: 0x8000b71a (0x0000bfe5) c.j     pc - 8
core   0: 3 0x8000b71a (0xbfe5)
core   0: 0x8000b712 (0x00001f17) auipc   t5, 0x1
core   0: 3 0x8000b712 (0x00001f17) x30 0x8000c712
core   0: 0x8000b716 (0x8e3f2723) sw      gp, -1810(t5)
core   0: 3 0x8000b716 (0x8e3f2723) mem 0x8000c000 0x00000001
core   0: 0x8000b71a (0x0000bfe5) c.j     pc - 8
core   0: 3 0x8000b71a (0xbfe5)
core   0: 0x8000b712 (0x00001f17) auipc   t5, 0x1
core   0: 3 0x8000b712 (0x00001f17) x30 0x8000c712
core   0: 0x8000b716 (0x8e3f2723) sw      gp, -1810(t5)
core   0: 3 0x8000b716 (0x8e3f2723) mem 0x8000c000 0x00000001
core   0: 0x8000b71a (0x0000bfe5) c.j     pc - 8
core   0: 3 0x8000b71a (0xbfe5)
core   0: 0x8000b712 (0x00001f17) auipc   t5, 0x1
core   0: 3 0x8000b712 (0x00001f17) x30 0x8000c712
core   0: 0x8000b716 (0x8e3f2723) sw      gp, -1810(t5)
core   0: 3 0x8000b716 (0x8e3f2723) mem 0x8000c000 0x00000001
core   0: 0x8000b71a (0x0000bfe5) c.j     pc - 8
core   0: 3 0x8000b71a (0xbfe5)
core   0: 0x8000b712 (0x00001f17) auipc   t5, 0x1
core   0: 3 0x8000b712 (0x00001f17) x30 0x8000c712
core   0: 0x8000b716 (0x8e3f2723) sw      gp, -1810(t5)
core   0: 3 0x8000b716 (0x8e3f2723) mem 0x8000c000 0x00000001
core   0: 0x8000b71a (0x0000bfe5) c.j     pc - 8
core   0: 3 0x8000b71a (0xbfe5)
core   0: 0x8000b712 (0x00001f17) auipc   t5, 0x1
core   0: 3 0x8000b712 (0x00001f17) x30 0x8000c712
core   0: 0x8000b716 (0x8e3f2723) sw      gp, -1810(t5)
core   0: 3 0x8000b716 (0x8e3f2723) mem 0x8000c000 0x00000001
core   0: 0x8000b71a (0x0000bfe5) c.j     pc - 8
core   0: 3 0x8000b71a (0xbfe5)
core   0: 0x8000b712 (0x00001f17) auipc   t5, 0x1
core   0: 3 0x8000b712 (0x00001f17) x30 0x8000c712
core   0: 0x8000b716 (0x8e3f2723) sw      gp, -1810(t5)
core   0: 3 0x8000b716 (0x8e3f2723) mem 0x8000c000 0x00000001
core   0: 0x8000b71a (0x0000bfe5) c.j     pc - 8
core   0: 3 0x8000b71a (0xbfe5)
core   0: 0x8000b712 (0x00001f17) auipc   t5, 0x1
core   0: 3 0x8000b712 (0x00001f17) x30 0x8000c712
core   0: 0x8000b716 (0x8e3f2723) sw      gp, -1810(t5)
core   0: 3 0x8000b716 (0x8e3f2723) mem 0x8000c000 0x00000001
core   0: 0x8000b71a (0x0000bfe5) c.j     pc - 8
core   0: 3 0x8000b71a (0xbfe5)
core   0: 0x8000b712 (0x00001f17) auipc   t5, 0x1
core   0: 3 0x8000b712 (0x00001f17) x30 0x8000c712
core   0: 0x8000b716 (0x8e3f2723) sw      gp, -1810(t5)
core   0: 3 0x8000b716 (0x8e3f2723) mem 0x8000c000 0x00000001
core   0: 0x8000b71a (0x0000bfe5) c.j     pc - 8
core   0: 3 0x8000b71a (0xbfe5)
core   0: 0x8000b712 (0x00001f17) auipc   t5, 0x1
core   0: 3 0x8000b712 (0x00001f17) x30 0x8000c712
core   0: 0x8000b716 (0x8e3f2723) sw      gp, -1810(t5)
core   0: 3 0x8000b716 (0x8e3f2723) mem 0x8000c000 0x00000001
core   0: 0x8000b71a (0x0000bfe5) c.j     pc - 8
core   0: 3 0x8000b71a (0xbfe5)
core   0: 0x8000b712 (0x00001f17) auipc   t5, 0x1
core   0: 3 0x8000b712 (0x00001f17) x30 0x8000c712
core   0: 0x8000b716 (0x8e3f2723) sw      gp, -1810(t5)
core   0: 3 0x8000b716 (0x8e3f2723) mem 0x8000c000 0x00000001
core   0: 0x8000b71a (0x0000bfe5) c.j     pc - 8
core   0: 3 0x8000b71a (0xbfe5)
core   0: 0x8000b712 (0x00001f17) auipc   t5, 0x1
core   0: 3 0x8000b712 (0x00001f17) x30 0x8000c712
core   0: 0x8000b716 (0x8e3f2723) sw      gp, -1810(t5)
core   0: 3 0x8000b716 (0x8e3f2723) mem 0x8000c000 0x00000001
core   0: 0x8000b71a (0x0000bfe5) c.j     pc - 8
core   0: 3 0x8000b71a (0xbfe5)
core   0: 0x8000b712 (0x00001f17) auipc   t5, 0x1
core   0: 3 0x8000b712 (0x00001f17) x30 0x8000c712
core   0: 0x8000b716 (0x8e3f2723) sw      gp, -1810(t5)
core   0: 3 0x8000b716 (0x8e3f2723) mem 0x8000c000 0x00000001
core   0: 0x8000b71a (0x0000bfe5) c.j     pc - 8
core   0: 3 0x8000b71a (0xbfe5)
core   0: 0x8000b712 (0x00001f17) auipc   t5, 0x1
core   0: 3 0x8000b712 (0x00001f17) x30 0x8000c712
core   0: 0x8000b716 (0x8e3f2723) sw      gp, -1810(t5)
core   0: 3 0x8000b716 (0x8e3f2723) mem 0x8000c000 0x00000001
core   0: 0x8000b71a (0x0000bfe5) c.j     pc - 8
core   0: 3 0x8000b71a (0xbfe5)
core   0: 0x8000b712 (0x00001f17) auipc   t5, 0x1
core   0: 3 0x8000b712 (0x00001f17) x30 0x8000c712
core   0: 0x8000b716 (0x8e3f2723) sw      gp, -1810(t5)
core   0: 3 0x8000b716 (0x8e3f2723) mem 0x8000c000 0x00000001
core   0: 0x8000b71a (0x0000bfe5) c.j     pc - 8
core   0: 3 0x8000b71a (0xbfe5)
core   0: 0x8000b712 (0x00001f17) auipc   t5, 0x1
core   0: 3 0x8000b712 (0x00001f17) x30 0x8000c712
core   0: 0x8000b716 (0x8e3f2723) sw      gp, -1810(t5)
core   0: 3 0x8000b716 (0x8e3f2723) mem 0x8000c000 0x00000001
core   0: 0x8000b71a (0x0000bfe5) c.j     pc - 8
core   0: 3 0x8000b71a (0xbfe5)
core   0: 0x8000b712 (0x00001f17) auipc   t5, 0x1
core   0: 3 0x8000b712 (0x00001f17) x30 0x8000c712
core   0: 0x8000b716 (0x8e3f2723) sw      gp, -1810(t5)
core   0: 3 0x8000b716 (0x8e3f2723) mem 0x8000c000 0x00000001
core   0: 0x8000b71a (0x0000bfe5) c.j     pc - 8
core   0: 3 0x8000b71a (0xbfe5)
core   0: 0x8000b712 (0x00001f17) auipc   t5, 0x1
core   0: 3 0x8000b712 (0x00001f17) x30 0x8000c712
core   0: 0x8000b716 (0x8e3f2723) sw      gp, -1810(t5)
core   0: 3 0x8000b716 (0x8e3f2723) mem 0x8000c000 0x00000001
core   0: 0x8000b71a (0x0000bfe5) c.j     pc - 8
core   0: 3 0x8000b71a (0xbfe5)
core   0: 0x8000b712 (0x00001f17) auipc   t5, 0x1
core   0: 3 0x8000b712 (0x00001f17) x30 0x8000c712
core   0: 0x8000b716 (0x8e3f2723) sw      gp, -1810(t5)
core   0: 3 0x8000b716 (0x8e3f2723) mem 0x8000c000 0x00000001
core   0: 0x8000b71a (0x0000bfe5) c.j     pc - 8
core   0: 3 0x8000b71a (0xbfe5)
core   0: 0x8000b712 (0x00001f17) auipc   t5, 0x1
core   0: 3 0x8000b712 (0x00001f17) x30 0x8000c712
core   0: 0x8000b716 (0x8e3f2723) sw      gp, -1810(t5)
core   0: 3 0x8000b716 (0x8e3f2723) mem 0x8000c000 0x00000001
core   0: 0x8000b71a (0x0000bfe5) c.j     pc - 8
core   0: 3 0x8000b71a (0xbfe5)
core   0: 0x8000b712 (0x00001f17) auipc   t5, 0x1
core   0: 3 0x8000b712 (0x00001f17) x30 0x8000c712
core   0: 0x8000b716 (0x8e3f2723) sw      gp, -1810(t5)
core   0: 3 0x8000b716 (0x8e3f2723) mem 0x8000c000 0x00000001
core   0: 0x8000b71a (0x0000bfe5) c.j     pc - 8
core   0: 3 0x8000b71a (0xbfe5)
core   0: 0x8000b712 (0x00001f17) auipc   t5, 0x1
core   0: 3 0x8000b712 (0x00001f17) x30 0x8000c712
core   0: 0x8000b716 (0x8e3f2723) sw      gp, -1810(t5)
core   0: 3 0x8000b716 (0x8e3f2723) mem 0x8000c000 0x00000001
core   0: 0x8000b71a (0x0000bfe5) c.j     pc - 8
core   0: 3 0x8000b71a (0xbfe5)
core   0: 0x8000b712 (0x00001f17) auipc   t5, 0x1
core   0: 3 0x8000b712 (0x00001f17) x30 0x8000c712
core   0: 0x8000b716 (0x8e3f2723) sw      gp, -1810(t5)
core   0: 3 0x8000b716 (0x8e3f2723) mem 0x8000c000 0x00000001
core   0: 0x8000b71a (0x0000bfe5) c.j     pc - 8
core   0: 3 0x8000b71a (0xbfe5)
core   0: 0x8000b712 (0x00001f17) auipc   t5, 0x1
core   0: 3 0x8000b712 (0x00001f17) x30 0x8000c712
core   0: 0x8000b716 (0x8e3f2723) sw      gp, -1810(t5)
core   0: 3 0x8000b716 (0x8e3f2723) mem 0x8000c000 0x00000001
core   0: 0x8000b71a (0x0000bfe5) c.j     pc - 8
core   0: 3 0x8000b71a (0xbfe5)
core   0: 0x8000b712 (0x00001f17) auipc   t5, 0x1
core   0: 3 0x8000b712 (0x00001f17) x30 0x8000c712
core   0: 0x8000b716 (0x8e3f2723) sw      gp, -1810(t5)
core   0: 3 0x8000b716 (0x8e3f2723) mem 0x8000c000 0x00000001
core   0: 0x8000b71a (0x0000bfe5) c.j     pc - 8
core   0: 3 0x8000b71a (0xbfe5)
core   0: 0x8000b712 (0x00001f17) auipc   t5, 0x1
core   0: 3 0x8000b712 (0x00001f17) x30 0x8000c712
core   0: 0x8000b716 (0x8e3f2723) sw      gp, -1810(t5)
core   0: 3 0x8000b716 (0x8e3f2723) mem 0x8000c000 0x00000001
core   0: 0x8000b71a (0x0000bfe5) c.j     pc - 8
core   0: 3 0x8000b71a (0xbfe5)
core   0: 0x8000b712 (0x00001f17) auipc   t5, 0x1
core   0: 3 0x8000b712 (0x00001f17) x30 0x8000c712
core   0: 0x8000b716 (0x8e3f2723) sw      gp, -1810(t5)
core   0: 3 0x8000b716 (0x8e3f2723) mem 0x8000c000 0x00000001
core   0: 0x8000b71a (0x0000bfe5) c.j     pc - 8
core   0: 3 0x8000b71a (0xbfe5)
core   0: 0x8000b712 (0x00001f17) auipc   t5, 0x1
core   0: 3 0x8000b712 (0x00001f17) x30 0x8000c712
core   0: 0x8000b716 (0x8e3f2723) sw      gp, -1810(t5)
core   0: 3 0x8000b716 (0x8e3f2723) mem 0x8000c000 0x00000001
core   0: 0x8000b71a (0x0000bfe5) c.j     pc - 8
core   0: 3 0x8000b71a (0xbfe5)
core   0: 0x8000b712 (0x00001f17) auipc   t5, 0x1
core   0: 3 0x8000b712 (0x00001f17) x30 0x8000c712
core   0: 0x8000b716 (0x8e3f2723) sw      gp, -1810(t5)
core   0: 3 0x8000b716 (0x8e3f2723) mem 0x8000c000 0x00000001
core   0: 0x8000b71a (0x0000bfe5) c.j     pc - 8
core   0: 3 0x8000b71a (0xbfe5)
core   0: 0x8000b712 (0x00001f17) auipc   t5, 0x1
core   0: 3 0x8000b712 (0x00001f17) x30 0x8000c712
core   0: 0x8000b716 (0x8e3f2723) sw      gp, -1810(t5)
core   0: 3 0x8000b716 (0x8e3f2723) mem 0x8000c000 0x00000001
core   0: 0x8000b71a (0x0000bfe5) c.j     pc - 8
core   0: 3 0x8000b71a (0xbfe5)
core   0: 0x8000b712 (0x00001f17) auipc   t5, 0x1
core   0: 3 0x8000b712 (0x00001f17) x30 0x8000c712
core   0: 0x8000b716 (0x8e3f2723) sw      gp, -1810(t5)
core   0: 3 0x8000b716 (0x8e3f2723) mem 0x8000c000 0x00000001
core   0: 0x8000b71a (0x0000bfe5) c.j     pc - 8
core   0: 3 0x8000b71a (0xbfe5)
core   0: 0x8000b712 (0x00001f17) auipc   t5, 0x1
core   0: 3 0x8000b712 (0x00001f17) x30 0x8000c712
core   0: 0x8000b716 (0x8e3f2723) sw      gp, -1810(t5)
core   0: 3 0x8000b716 (0x8e3f2723) mem 0x8000c000 0x00000001
core   0: 0x8000b71a (0x0000bfe5) c.j     pc - 8
core   0: 3 0x8000b71a (0xbfe5)
core   0: 0x8000b712 (0x00001f17) auipc   t5, 0x1
core   0: 3 0x8000b712 (0x00001f17) x30 0x8000c712
core   0: 0x8000b716 (0x8e3f2723) sw      gp, -1810(t5)
core   0: 3 0x8000b716 (0x8e3f2723) mem 0x8000c000 0x00000001
core   0: 0x8000b71a (0x0000bfe5) c.j     pc - 8
core   0: 3 0x8000b71a (0xbfe5)
core   0: 0x8000b712 (0x00001f17) auipc   t5, 0x1
core   0: 3 0x8000b712 (0x00001f17) x30 0x8000c712
core   0: 0x8000b716 (0x8e3f2723) sw      gp, -1810(t5)
core   0: 3 0x8000b716 (0x8e3f2723) mem 0x8000c000 0x00000001
core   0: 0x8000b71a (0x0000bfe5) c.j     pc - 8
core   0: 3 0x8000b71a (0xbfe5)
core   0: 0x8000b712 (0x00001f17) auipc   t5, 0x1
core   0: 3 0x8000b712 (0x00001f17) x30 0x8000c712
core   0: 0x8000b716 (0x8e3f2723) sw      gp, -1810(t5)
core   0: 3 0x8000b716 (0x8e3f2723) mem 0x8000c000 0x00000001
core   0: 0x8000b71a (0x0000bfe5) c.j     pc - 8
core   0: 3 0x8000b71a (0xbfe5)
core   0: 0x8000b712 (0x00001f17) auipc   t5, 0x1
core   0: 3 0x8000b712 (0x00001f17) x30 0x8000c712
core   0: 0x8000b716 (0x8e3f2723) sw      gp, -1810(t5)
core   0: 3 0x8000b716 (0x8e3f2723) mem 0x8000c000 0x00000001
core   0: 0x8000b71a (0x0000bfe5) c.j     pc - 8
core   0: 3 0x8000b71a (0xbfe5)
core   0: 0x8000b712 (0x00001f17) auipc   t5, 0x1
core   0: 3 0x8000b712 (0x00001f17) x30 0x8000c712
core   0: 0x8000b716 (0x8e3f2723) sw      gp, -1810(t5)
core   0: 3 0x8000b716 (0x8e3f2723) mem 0x8000c000 0x00000001
core   0: 0x8000b71a (0x0000bfe5) c.j     pc - 8
core   0: 3 0x8000b71a (0xbfe5)
core   0: 0x8000b712 (0x00001f17) auipc   t5, 0x1
core   0: 3 0x8000b712 (0x00001f17) x30 0x8000c712
core   0: 0x8000b716 (0x8e3f2723) sw      gp, -1810(t5)
core   0: 3 0x8000b716 (0x8e3f2723) mem 0x8000c000 0x00000001
core   0: 0x8000b71a (0x0000bfe5) c.j     pc - 8
core   0: 3 0x8000b71a (0xbfe5)
core   0: 0x8000b712 (0x00001f17) auipc   t5, 0x1
core   0: 3 0x8000b712 (0x00001f17) x30 0x8000c712
core   0: 0x8000b716 (0x8e3f2723) sw      gp, -1810(t5)
core   0: 3 0x8000b716 (0x8e3f2723) mem 0x8000c000 0x00000001
core   0: 0x8000b71a (0x0000bfe5) c.j     pc - 8
core   0: 3 0x8000b71a (0xbfe5)
core   0: 0x8000b712 (0x00001f17) auipc   t5, 0x1
core   0: 3 0x8000b712 (0x00001f17) x30 0x8000c712
core   0: 0x8000b716 (0x8e3f2723) sw      gp, -1810(t5)
core   0: 3 0x8000b716 (0x8e3f2723) mem 0x8000c000 0x00000001
core   0: 0x8000b71a (0x0000bfe5) c.j     pc - 8
core   0: 3 0x8000b71a (0xbfe5)
core   0: 0x8000b712 (0x00001f17) auipc   t5, 0x1
core   0: 3 0x8000b712 (0x00001f17) x30 0x8000c712
core   0: 0x8000b716 (0x8e3f2723) sw      gp, -1810(t5)
core   0: 3 0x8000b716 (0x8e3f2723) mem 0x8000c000 0x00000001
core   0: 0x8000b71a (0x0000bfe5) c.j     pc - 8
core   0: 3 0x8000b71a (0xbfe5)
core   0: 0x8000b712 (0x00001f17) auipc   t5, 0x1
core   0: 3 0x8000b712 (0x00001f17) x30 0x8000c712
core   0: 0x8000b716 (0x8e3f2723) sw      gp, -1810(t5)
core   0: 3 0x8000b716 (0x8e3f2723) mem 0x8000c000 0x00000001
core   0: 0x8000b71a (0x0000bfe5) c.j     pc - 8
core   0: 3 0x8000b71a (0xbfe5)
core   0: 0x8000b712 (0x00001f17) auipc   t5, 0x1
core   0: 3 0x8000b712 (0x00001f17) x30 0x8000c712
core   0: 0x8000b716 (0x8e3f2723) sw      gp, -1810(t5)
core   0: 3 0x8000b716 (0x8e3f2723) mem 0x8000c000 0x00000001
core   0: 0x8000b71a (0x0000bfe5) c.j     pc - 8
core   0: 3 0x8000b71a (0xbfe5)
core   0: 0x8000b712 (0x00001f17) auipc   t5, 0x1
core   0: 3 0x8000b712 (0x00001f17) x30 0x8000c712
core   0: 0x8000b716 (0x8e3f2723) sw      gp, -1810(t5)
core   0: 3 0x8000b716 (0x8e3f2723) mem 0x8000c000 0x00000001
core   0: 0x8000b71a (0x0000bfe5) c.j     pc - 8
core   0: 3 0x8000b71a (0xbfe5)
core   0: 0x8000b712 (0x00001f17) auipc   t5, 0x1
core   0: 3 0x8000b712 (0x00001f17) x30 0x8000c712
core   0: 0x8000b716 (0x8e3f2723) sw      gp, -1810(t5)
core   0: 3 0x8000b716 (0x8e3f2723) mem 0x8000c000 0x00000001
core   0: 0x8000b71a (0x0000bfe5) c.j     pc - 8
core   0: 3 0x8000b71a (0xbfe5)
core   0: 0x8000b712 (0x00001f17) auipc   t5, 0x1
core   0: 3 0x8000b712 (0x00001f17) x30 0x8000c712
core   0: 0x8000b716 (0x8e3f2723) sw      gp, -1810(t5)
core   0: 3 0x8000b716 (0x8e3f2723) mem 0x8000c000 0x00000001
core   0: 0x8000b71a (0x0000bfe5) c.j     pc - 8
core   0: 3 0x8000b71a (0xbfe5)
core   0: 0x8000b712 (0x00001f17) auipc   t5, 0x1
core   0: 3 0x8000b712 (0x00001f17) x30 0x8000c712
core   0: 0x8000b716 (0x8e3f2723) sw      gp, -1810(t5)
core   0: 3 0x8000b716 (0x8e3f2723) mem 0x8000c000 0x00000001
core   0: 0x8000b71a (0x0000bfe5) c.j     pc - 8
core   0: 3 0x8000b71a (0xbfe5)
core   0: 0x8000b712 (0x00001f17) auipc   t5, 0x1
core   0: 3 0x8000b712 (0x00001f17) x30 0x8000c712
core   0: 0x8000b716 (0x8e3f2723) sw      gp, -1810(t5)
core   0: 3 0x8000b716 (0x8e3f2723) mem 0x8000c000 0x00000001
core   0: 0x8000b71a (0x0000bfe5) c.j     pc - 8
core   0: 3 0x8000b71a (0xbfe5)
core   0: 0x8000b712 (0x00001f17) auipc   t5, 0x1
core   0: 3 0x8000b712 (0x00001f17) x30 0x8000c712
core   0: 0x8000b716 (0x8e3f2723) sw      gp, -1810(t5)
core   0: 3 0x8000b716 (0x8e3f2723) mem 0x8000c000 0x00000001
core   0: 0x8000b71a (0x0000bfe5) c.j     pc - 8
core   0: 3 0x8000b71a (0xbfe5)
core   0: 0x8000b712 (0x00001f17) auipc   t5, 0x1
core   0: 3 0x8000b712 (0x00001f17) x30 0x8000c712
core   0: 0x8000b716 (0x8e3f2723) sw      gp, -1810(t5)
core   0: 3 0x8000b716 (0x8e3f2723) mem 0x8000c000 0x00000001
core   0: 0x8000b71a (0x0000bfe5) c.j     pc - 8
core   0: 3 0x8000b71a (0xbfe5)
core   0: 0x8000b712 (0x00001f17) auipc   t5, 0x1
core   0: 3 0x8000b712 (0x00001f17) x30 0x8000c712
core   0: 0x8000b716 (0x8e3f2723) sw      gp, -1810(t5)
core   0: 3 0x8000b716 (0x8e3f2723) mem 0x8000c000 0x00000001
core   0: 0x8000b71a (0x0000bfe5) c.j     pc - 8
core   0: 3 0x8000b71a (0xbfe5)
core   0: 0x8000b712 (0x00001f17) auipc   t5, 0x1
core   0: 3 0x8000b712 (0x00001f17) x30 0x8000c712
core   0: 0x8000b716 (0x8e3f2723) sw      gp, -1810(t5)
core   0: 3 0x8000b716 (0x8e3f2723) mem 0x8000c000 0x00000001
core   0: 0x8000b71a (0x0000bfe5) c.j     pc - 8
core   0: 3 0x8000b71a (0xbfe5)
core   0: 0x8000b712 (0x00001f17) auipc   t5, 0x1
core   0: 3 0x8000b712 (0x00001f17) x30 0x8000c712
core   0: 0x8000b716 (0x8e3f2723) sw      gp, -1810(t5)
core   0: 3 0x8000b716 (0x8e3f2723) mem 0x8000c000 0x00000001
core   0: 0x8000b71a (0x0000bfe5) c.j     pc - 8
core   0: 3 0x8000b71a (0xbfe5)
core   0: 0x8000b712 (0x00001f17) auipc   t5, 0x1
core   0: 3 0x8000b712 (0x00001f17) x30 0x8000c712
core   0: 0x8000b716 (0x8e3f2723) sw      gp, -1810(t5)
core   0: 3 0x8000b716 (0x8e3f2723) mem 0x8000c000 0x00000001
core   0: 0x8000b71a (0x0000bfe5) c.j     pc - 8
core   0: 3 0x8000b71a (0xbfe5)
core   0: 0x8000b712 (0x00001f17) auipc   t5, 0x1
core   0: 3 0x8000b712 (0x00001f17) x30 0x8000c712
core   0: 0x8000b716 (0x8e3f2723) sw      gp, -1810(t5)
core   0: 3 0x8000b716 (0x8e3f2723) mem 0x8000c000 0x00000001
core   0: 0x8000b71a (0x0000bfe5) c.j     pc - 8
core   0: 3 0x8000b71a (0xbfe5)
core   0: 0x8000b712 (0x00001f17) auipc   t5, 0x1
core   0: 3 0x8000b712 (0x00001f17) x30 0x8000c712
core   0: 0x8000b716 (0x8e3f2723) sw      gp, -1810(t5)
core   0: 3 0x8000b716 (0x8e3f2723) mem 0x8000c000 0x00000001
core   0: 0x8000b71a (0x0000bfe5) c.j     pc - 8
core   0: 3 0x8000b71a (0xbfe5)
core   0: 0x8000b712 (0x00001f17) auipc   t5, 0x1
core   0: 3 0x8000b712 (0x00001f17) x30 0x8000c712
core   0: 0x8000b716 (0x8e3f2723) sw      gp, -1810(t5)
core   0: 3 0x8000b716 (0x8e3f2723) mem 0x8000c000 0x00000001
core   0: 0x8000b71a (0x0000bfe5) c.j     pc - 8
core   0: 3 0x8000b71a (0xbfe5)
core   0: 0x8000b712 (0x00001f17) auipc   t5, 0x1
core   0: 3 0x8000b712 (0x00001f17) x30 0x8000c712
core   0: 0x8000b716 (0x8e3f2723) sw      gp, -1810(t5)
core   0: 3 0x8000b716 (0x8e3f2723) mem 0x8000c000 0x00000001
core   0: 0x8000b71a (0x0000bfe5) c.j     pc - 8
core   0: 3 0x8000b71a (0xbfe5)
core   0: 0x8000b712 (0x00001f17) auipc   t5, 0x1
core   0: 3 0x8000b712 (0x00001f17) x30 0x8000c712
core   0: 0x8000b716 (0x8e3f2723) sw      gp, -1810(t5)
core   0: 3 0x8000b716 (0x8e3f2723) mem 0x8000c000 0x00000001
core   0: 0x8000b71a (0x0000bfe5) c.j     pc - 8
core   0: 3 0x8000b71a (0xbfe5)
core   0: 0x8000b712 (0x00001f17) auipc   t5, 0x1
core   0: 3 0x8000b712 (0x00001f17) x30 0x8000c712
core   0: 0x8000b716 (0x8e3f2723) sw      gp, -1810(t5)
core   0: 3 0x8000b716 (0x8e3f2723) mem 0x8000c000 0x00000001
core   0: 0x8000b71a (0x0000bfe5) c.j     pc - 8
core   0: 3 0x8000b71a (0xbfe5)
core   0: 0x8000b712 (0x00001f17) auipc   t5, 0x1
core   0: 3 0x8000b712 (0x00001f17) x30 0x8000c712
core   0: 0x8000b716 (0x8e3f2723) sw      gp, -1810(t5)
core   0: 3 0x8000b716 (0x8e3f2723) mem 0x8000c000 0x00000001
core   0: 0x8000b71a (0x0000bfe5) c.j     pc - 8
core   0: 3 0x8000b71a (0xbfe5)
core   0: 0x8000b712 (0x00001f17) auipc   t5, 0x1
core   0: 3 0x8000b712 (0x00001f17) x30 0x8000c712
core   0: 0x8000b716 (0x8e3f2723) sw      gp, -1810(t5)
core   0: 3 0x8000b716 (0x8e3f2723) mem 0x8000c000 0x00000001
core   0: 0x8000b71a (0x0000bfe5) c.j     pc - 8
core   0: 3 0x8000b71a (0xbfe5)
core   0: 0x8000b712 (0x00001f17) auipc   t5, 0x1
core   0: 3 0x8000b712 (0x00001f17) x30 0x8000c712
core   0: 0x8000b716 (0x8e3f2723) sw      gp, -1810(t5)
core   0: 3 0x8000b716 (0x8e3f2723) mem 0x8000c000 0x00000001
core   0: 0x8000b71a (0x0000bfe5) c.j     pc - 8
core   0: 3 0x8000b71a (0xbfe5)
core   0: 0x8000b712 (0x00001f17) auipc   t5, 0x1
core   0: 3 0x8000b712 (0x00001f17) x30 0x8000c712
core   0: 0x8000b716 (0x8e3f2723) sw      gp, -1810(t5)
core   0: 3 0x8000b716 (0x8e3f2723) mem 0x8000c000 0x00000001
core   0: 0x8000b71a (0x0000bfe5) c.j     pc - 8
core   0: 3 0x8000b71a (0xbfe5)
core   0: 0x8000b712 (0x00001f17) auipc   t5, 0x1
core   0: 3 0x8000b712 (0x00001f17) x30 0x8000c712
core   0: 0x8000b716 (0x8e3f2723) sw      gp, -1810(t5)
core   0: 3 0x8000b716 (0x8e3f2723) mem 0x8000c000 0x00000001
core   0: 0x8000b71a (0x0000bfe5) c.j     pc - 8
core   0: 3 0x8000b71a (0xbfe5)
core   0: 0x8000b712 (0x00001f17) auipc   t5, 0x1
core   0: 3 0x8000b712 (0x00001f17) x30 0x8000c712
core   0: 0x8000b716 (0x8e3f2723) sw      gp, -1810(t5)
core   0: 3 0x8000b716 (0x8e3f2723) mem 0x8000c000 0x00000001
core   0: 0x8000b71a (0x0000bfe5) c.j     pc - 8
core   0: 3 0x8000b71a (0xbfe5)
core   0: 0x8000b712 (0x00001f17) auipc   t5, 0x1
core   0: 3 0x8000b712 (0x00001f17) x30 0x8000c712
core   0: 0x8000b716 (0x8e3f2723) sw      gp, -1810(t5)
core   0: 3 0x8000b716 (0x8e3f2723) mem 0x8000c000 0x00000001
core   0: 0x8000b71a (0x0000bfe5) c.j     pc - 8
core   0: 3 0x8000b71a (0xbfe5)
core   0: 0x8000b712 (0x00001f17) auipc   t5, 0x1
core   0: 3 0x8000b712 (0x00001f17) x30 0x8000c712
core   0: 0x8000b716 (0x8e3f2723) sw      gp, -1810(t5)
core   0: 3 0x8000b716 (0x8e3f2723) mem 0x8000c000 0x00000001
core   0: 0x8000b71a (0x0000bfe5) c.j     pc - 8
core   0: 3 0x8000b71a (0xbfe5)
core   0: 0x8000b712 (0x00001f17) auipc   t5, 0x1
core   0: 3 0x8000b712 (0x00001f17) x30 0x8000c712
core   0: 0x8000b716 (0x8e3f2723) sw      gp, -1810(t5)
core   0: 3 0x8000b716 (0x8e3f2723) mem 0x8000c000 0x00000001
core   0: 0x8000b71a (0x0000bfe5) c.j     pc - 8
core   0: 3 0x8000b71a (0xbfe5)
core   0: 0x8000b712 (0x00001f17) auipc   t5, 0x1
core   0: 3 0x8000b712 (0x00001f17) x30 0x8000c712
core   0: 0x8000b716 (0x8e3f2723) sw      gp, -1810(t5)
core   0: 3 0x8000b716 (0x8e3f2723) mem 0x8000c000 0x00000001
core   0: 0x8000b71a (0x0000bfe5) c.j     pc - 8
core   0: 3 0x8000b71a (0xbfe5)
core   0: 0x8000b712 (0x00001f17) auipc   t5, 0x1
core   0: 3 0x8000b712 (0x00001f17) x30 0x8000c712
core   0: 0x8000b716 (0x8e3f2723) sw      gp, -1810(t5)
core   0: 3 0x8000b716 (0x8e3f2723) mem 0x8000c000 0x00000001
core   0: 0x8000b71a (0x0000bfe5) c.j     pc - 8
core   0: 3 0x8000b71a (0xbfe5)
core   0: 0x8000b712 (0x00001f17) auipc   t5, 0x1
core   0: 3 0x8000b712 (0x00001f17) x30 0x8000c712
core   0: 0x8000b716 (0x8e3f2723) sw      gp, -1810(t5)
core   0: 3 0x8000b716 (0x8e3f2723) mem 0x8000c000 0x00000001
core   0: 0x8000b71a (0x0000bfe5) c.j     pc - 8
core   0: 3 0x8000b71a (0xbfe5)
core   0: 0x8000b712 (0x00001f17) auipc   t5, 0x1
core   0: 3 0x8000b712 (0x00001f17) x30 0x8000c712
core   0: 0x8000b716 (0x8e3f2723) sw      gp, -1810(t5)
core   0: 3 0x8000b716 (0x8e3f2723) mem 0x8000c000 0x00000001
core   0: 0x8000b71a (0x0000bfe5) c.j     pc - 8
core   0: 3 0x8000b71a (0xbfe5)
core   0: 0x8000b712 (0x00001f17) auipc   t5, 0x1
core   0: 3 0x8000b712 (0x00001f17) x30 0x8000c712
core   0: 0x8000b716 (0x8e3f2723) sw      gp, -1810(t5)
core   0: 3 0x8000b716 (0x8e3f2723) mem 0x8000c000 0x00000001
core   0: 0x8000b71a (0x0000bfe5) c.j     pc - 8
core   0: 3 0x8000b71a (0xbfe5)
core   0: 0x8000b712 (0x00001f17) auipc   t5, 0x1
core   0: 3 0x8000b712 (0x00001f17) x30 0x8000c712
core   0: 0x8000b716 (0x8e3f2723) sw      gp, -1810(t5)
core   0: 3 0x8000b716 (0x8e3f2723) mem 0x8000c000 0x00000001
core   0: 0x8000b71a (0x0000bfe5) c.j     pc - 8
core   0: 3 0x8000b71a (0xbfe5)
core   0: 0x8000b712 (0x00001f17) auipc   t5, 0x1
core   0: 3 0x8000b712 (0x00001f17) x30 0x8000c712
core   0: 0x8000b716 (0x8e3f2723) sw      gp, -1810(t5)
core   0: 3 0x8000b716 (0x8e3f2723) mem 0x8000c000 0x00000001
core   0: 0x8000b71a (0x0000bfe5) c.j     pc - 8
core   0: 3 0x8000b71a (0xbfe5)
core   0: 0x8000b712 (0x00001f17) auipc   t5, 0x1
core   0: 3 0x8000b712 (0x00001f17) x30 0x8000c712
core   0: 0x8000b716 (0x8e3f2723) sw      gp, -1810(t5)
core   0: 3 0x8000b716 (0x8e3f2723) mem 0x8000c000 0x00000001
core   0: 0x8000b71a (0x0000bfe5) c.j     pc - 8
core   0: 3 0x8000b71a (0xbfe5)
core   0: 0x8000b712 (0x00001f17) auipc   t5, 0x1
core   0: 3 0x8000b712 (0x00001f17) x30 0x8000c712
core   0: 0x8000b716 (0x8e3f2723) sw      gp, -1810(t5)
core   0: 3 0x8000b716 (0x8e3f2723) mem 0x8000c000 0x00000001
core   0: 0x8000b71a (0x0000bfe5) c.j     pc - 8
core   0: 3 0x8000b71a (0xbfe5)
core   0: 0x8000b712 (0x00001f17) auipc   t5, 0x1
core   0: 3 0x8000b712 (0x00001f17) x30 0x8000c712
core   0: 0x8000b716 (0x8e3f2723) sw      gp, -1810(t5)
core   0: 3 0x8000b716 (0x8e3f2723) mem 0x8000c000 0x00000001
core   0: 0x8000b71a (0x0000bfe5) c.j     pc - 8
core   0: 3 0x8000b71a (0xbfe5)
core   0: 0x8000b712 (0x00001f17) auipc   t5, 0x1
core   0: 3 0x8000b712 (0x00001f17) x30 0x8000c712
core   0: 0x8000b716 (0x8e3f2723) sw      gp, -1810(t5)
core   0: 3 0x8000b716 (0x8e3f2723) mem 0x8000c000 0x00000001
core   0: 0x8000b71a (0x0000bfe5) c.j     pc - 8
core   0: 3 0x8000b71a (0xbfe5)
core   0: 0x8000b712 (0x00001f17) auipc   t5, 0x1
core   0: 3 0x8000b712 (0x00001f17) x30 0x8000c712
core   0: 0x8000b716 (0x8e3f2723) sw      gp, -1810(t5)
core   0: 3 0x8000b716 (0x8e3f2723) mem 0x8000c000 0x00000001
core   0: 0x8000b71a (0x0000bfe5) c.j     pc - 8
core   0: 3 0x8000b71a (0xbfe5)
core   0: 0x8000b712 (0x00001f17) auipc   t5, 0x1
core   0: 3 0x8000b712 (0x00001f17) x30 0x8000c712
core   0: 0x8000b716 (0x8e3f2723) sw      gp, -1810(t5)
core   0: 3 0x8000b716 (0x8e3f2723) mem 0x8000c000 0x00000001
core   0: 0x8000b71a (0x0000bfe5) c.j     pc - 8
core   0: 3 0x8000b71a (0xbfe5)
core   0: 0x8000b712 (0x00001f17) auipc   t5, 0x1
core   0: 3 0x8000b712 (0x00001f17) x30 0x8000c712
core   0: 0x8000b716 (0x8e3f2723) sw      gp, -1810(t5)
core   0: 3 0x8000b716 (0x8e3f2723) mem 0x8000c000 0x00000001
core   0: 0x8000b71a (0x0000bfe5) c.j     pc - 8
core   0: 3 0x8000b71a (0xbfe5)
core   0: 0x8000b712 (0x00001f17) auipc   t5, 0x1
core   0: 3 0x8000b712 (0x00001f17) x30 0x8000c712
core   0: 0x8000b716 (0x8e3f2723) sw      gp, -1810(t5)
core   0: 3 0x8000b716 (0x8e3f2723) mem 0x8000c000 0x00000001
core   0: 0x8000b71a (0x0000bfe5) c.j     pc - 8
core   0: 3 0x8000b71a (0xbfe5)
core   0: 0x8000b712 (0x00001f17) auipc   t5, 0x1
core   0: 3 0x8000b712 (0x00001f17) x30 0x8000c712
core   0: 0x8000b716 (0x8e3f2723) sw      gp, -1810(t5)
core   0: 3 0x8000b716 (0x8e3f2723) mem 0x8000c000 0x00000001
core   0: 0x8000b71a (0x0000bfe5) c.j     pc - 8
core   0: 3 0x8000b71a (0xbfe5)
core   0: 0x8000b712 (0x00001f17) auipc   t5, 0x1
core   0: 3 0x8000b712 (0x00001f17) x30 0x8000c712
core   0: 0x8000b716 (0x8e3f2723) sw      gp, -1810(t5)
core   0: 3 0x8000b716 (0x8e3f2723) mem 0x8000c000 0x00000001
core   0: 0x8000b71a (0x0000bfe5) c.j     pc - 8
core   0: 3 0x8000b71a (0xbfe5)
core   0: 0x8000b712 (0x00001f17) auipc   t5, 0x1
core   0: 3 0x8000b712 (0x00001f17) x30 0x8000c712
core   0: 0x8000b716 (0x8e3f2723) sw      gp, -1810(t5)
core   0: 3 0x8000b716 (0x8e3f2723) mem 0x8000c000 0x00000001
core   0: 0x8000b71a (0x0000bfe5) c.j     pc - 8
core   0: 3 0x8000b71a (0xbfe5)
core   0: 0x8000b712 (0x00001f17) auipc   t5, 0x1
core   0: 3 0x8000b712 (0x00001f17) x30 0x8000c712
core   0: 0x8000b716 (0x8e3f2723) sw      gp, -1810(t5)
core   0: 3 0x8000b716 (0x8e3f2723) mem 0x8000c000 0x00000001
core   0: 0x8000b71a (0x0000bfe5) c.j     pc - 8
core   0: 3 0x8000b71a (0xbfe5)
core   0: 0x8000b712 (0x00001f17) auipc   t5, 0x1
core   0: 3 0x8000b712 (0x00001f17) x30 0x8000c712
core   0: 0x8000b716 (0x8e3f2723) sw      gp, -1810(t5)
core   0: 3 0x8000b716 (0x8e3f2723) mem 0x8000c000 0x00000001
core   0: 0x8000b71a (0x0000bfe5) c.j     pc - 8
core   0: 3 0x8000b71a (0xbfe5)
core   0: 0x8000b712 (0x00001f17) auipc   t5, 0x1
core   0: 3 0x8000b712 (0x00001f17) x30 0x8000c712
core   0: 0x8000b716 (0x8e3f2723) sw      gp, -1810(t5)
core   0: 3 0x8000b716 (0x8e3f2723) mem 0x8000c000 0x00000001
core   0: 0x8000b71a (0x0000bfe5) c.j     pc - 8
core   0: 3 0x8000b71a (0xbfe5)
core   0: 0x8000b712 (0x00001f17) auipc   t5, 0x1
core   0: 3 0x8000b712 (0x00001f17) x30 0x8000c712
core   0: 0x8000b716 (0x8e3f2723) sw      gp, -1810(t5)
core   0: 3 0x8000b716 (0x8e3f2723) mem 0x8000c000 0x00000001
core   0: 0x8000b71a (0x0000bfe5) c.j     pc - 8
core   0: 3 0x8000b71a (0xbfe5)
core   0: 0x8000b712 (0x00001f17) auipc   t5, 0x1
core   0: 3 0x8000b712 (0x00001f17) x30 0x8000c712
core   0: 0x8000b716 (0x8e3f2723) sw      gp, -1810(t5)
core   0: 3 0x8000b716 (0x8e3f2723) mem 0x8000c000 0x00000001
core   0: 0x8000b71a (0x0000bfe5) c.j     pc - 8
core   0: 3 0x8000b71a (0xbfe5)
core   0: 0x8000b712 (0x00001f17) auipc   t5, 0x1
core   0: 3 0x8000b712 (0x00001f17) x30 0x8000c712
core   0: 0x8000b716 (0x8e3f2723) sw      gp, -1810(t5)
core   0: 3 0x8000b716 (0x8e3f2723) mem 0x8000c000 0x00000001
core   0: 0x8000b71a (0x0000bfe5) c.j     pc - 8
core   0: 3 0x8000b71a (0xbfe5)
core   0: 0x8000b712 (0x00001f17) auipc   t5, 0x1
core   0: 3 0x8000b712 (0x00001f17) x30 0x8000c712
core   0: 0x8000b716 (0x8e3f2723) sw      gp, -1810(t5)
core   0: 3 0x8000b716 (0x8e3f2723) mem 0x8000c000 0x00000001
core   0: 0x8000b71a (0x0000bfe5) c.j     pc - 8
core   0: 3 0x8000b71a (0xbfe5)
core   0: 0x8000b712 (0x00001f17) auipc   t5, 0x1
core   0: 3 0x8000b712 (0x00001f17) x30 0x8000c712
core   0: 0x8000b716 (0x8e3f2723) sw      gp, -1810(t5)
core   0: 3 0x8000b716 (0x8e3f2723) mem 0x8000c000 0x00000001
core   0: 0x8000b71a (0x0000bfe5) c.j     pc - 8
core   0: 3 0x8000b71a (0xbfe5)
core   0: 0x8000b712 (0x00001f17) auipc   t5, 0x1
core   0: 3 0x8000b712 (0x00001f17) x30 0x8000c712
core   0: 0x8000b716 (0x8e3f2723) sw      gp, -1810(t5)
core   0: 3 0x8000b716 (0x8e3f2723) mem 0x8000c000 0x00000001
core   0: 0x8000b71a (0x0000bfe5) c.j     pc - 8
core   0: 3 0x8000b71a (0xbfe5)
core   0: 0x8000b712 (0x00001f17) auipc   t5, 0x1
core   0: 3 0x8000b712 (0x00001f17) x30 0x8000c712
core   0: 0x8000b716 (0x8e3f2723) sw      gp, -1810(t5)
core   0: 3 0x8000b716 (0x8e3f2723) mem 0x8000c000 0x00000001
core   0: 0x8000b71a (0x0000bfe5) c.j     pc - 8
core   0: 3 0x8000b71a (0xbfe5)
core   0: 0x8000b712 (0x00001f17) auipc   t5, 0x1
core   0: 3 0x8000b712 (0x00001f17) x30 0x8000c712
core   0: 0x8000b716 (0x8e3f2723) sw      gp, -1810(t5)
core   0: 3 0x8000b716 (0x8e3f2723) mem 0x8000c000 0x00000001
core   0: 0x8000b71a (0x0000bfe5) c.j     pc - 8
core   0: 3 0x8000b71a (0xbfe5)
core   0: 0x8000b712 (0x00001f17) auipc   t5, 0x1
core   0: 3 0x8000b712 (0x00001f17) x30 0x8000c712
core   0: 0x8000b716 (0x8e3f2723) sw      gp, -1810(t5)
core   0: 3 0x8000b716 (0x8e3f2723) mem 0x8000c000 0x00000001
core   0: 0x8000b71a (0x0000bfe5) c.j     pc - 8
core   0: 3 0x8000b71a (0xbfe5)
core   0: 0x8000b712 (0x00001f17) auipc   t5, 0x1
core   0: 3 0x8000b712 (0x00001f17) x30 0x8000c712
core   0: 0x8000b716 (0x8e3f2723) sw      gp, -1810(t5)
core   0: 3 0x8000b716 (0x8e3f2723) mem 0x8000c000 0x00000001
core   0: 0x8000b71a (0x0000bfe5) c.j     pc - 8
core   0: 3 0x8000b71a (0xbfe5)
core   0: 0x8000b712 (0x00001f17) auipc   t5, 0x1
core   0: 3 0x8000b712 (0x00001f17) x30 0x8000c712
core   0: 0x8000b716 (0x8e3f2723) sw      gp, -1810(t5)
core   0: 3 0x8000b716 (0x8e3f2723) mem 0x8000c000 0x00000001
core   0: 0x8000b71a (0x0000bfe5) c.j     pc - 8
core   0: 3 0x8000b71a (0xbfe5)
core   0: 0x8000b712 (0x00001f17) auipc   t5, 0x1
core   0: 3 0x8000b712 (0x00001f17) x30 0x8000c712
core   0: 0x8000b716 (0x8e3f2723) sw      gp, -1810(t5)
core   0: 3 0x8000b716 (0x8e3f2723) mem 0x8000c000 0x00000001
core   0: 0x8000b71a (0x0000bfe5) c.j     pc - 8
core   0: 3 0x8000b71a (0xbfe5)
core   0: 0x8000b712 (0x00001f17) auipc   t5, 0x1
core   0: 3 0x8000b712 (0x00001f17) x30 0x8000c712
core   0: 0x8000b716 (0x8e3f2723) sw      gp, -1810(t5)
core   0: 3 0x8000b716 (0x8e3f2723) mem 0x8000c000 0x00000001
core   0: 0x8000b71a (0x0000bfe5) c.j     pc - 8
core   0: 3 0x8000b71a (0xbfe5)
core   0: 0x8000b712 (0x00001f17) auipc   t5, 0x1
core   0: 3 0x8000b712 (0x00001f17) x30 0x8000c712
core   0: 0x8000b716 (0x8e3f2723) sw      gp, -1810(t5)
core   0: 3 0x8000b716 (0x8e3f2723) mem 0x8000c000 0x00000001
core   0: 0x8000b71a (0x0000bfe5) c.j     pc - 8
core   0: 3 0x8000b71a (0xbfe5)
core   0: 0x8000b712 (0x00001f17) auipc   t5, 0x1
core   0: 3 0x8000b712 (0x00001f17) x30 0x8000c712
core   0: 0x8000b716 (0x8e3f2723) sw      gp, -1810(t5)
core   0: 3 0x8000b716 (0x8e3f2723) mem 0x8000c000 0x00000001
core   0: 0x8000b71a (0x0000bfe5) c.j     pc - 8
core   0: 3 0x8000b71a (0xbfe5)
core   0: 0x8000b712 (0x00001f17) auipc   t5, 0x1
core   0: 3 0x8000b712 (0x00001f17) x30 0x8000c712
core   0: 0x8000b716 (0x8e3f2723) sw      gp, -1810(t5)
core   0: 3 0x8000b716 (0x8e3f2723) mem 0x8000c000 0x00000001
core   0: 0x8000b71a (0x0000bfe5) c.j     pc - 8
core   0: 3 0x8000b71a (0xbfe5)
core   0: 0x8000b712 (0x00001f17) auipc   t5, 0x1
core   0: 3 0x8000b712 (0x00001f17) x30 0x8000c712
core   0: 0x8000b716 (0x8e3f2723) sw      gp, -1810(t5)
core   0: 3 0x8000b716 (0x8e3f2723) mem 0x8000c000 0x00000001
core   0: 0x8000b71a (0x0000bfe5) c.j     pc - 8
core   0: 3 0x8000b71a (0xbfe5)
core   0: 0x8000b712 (0x00001f17) auipc   t5, 0x1
core   0: 3 0x8000b712 (0x00001f17) x30 0x8000c712
core   0: 0x8000b716 (0x8e3f2723) sw      gp, -1810(t5)
core   0: 3 0x8000b716 (0x8e3f2723) mem 0x8000c000 0x00000001
core   0: 0x8000b71a (0x0000bfe5) c.j     pc - 8
core   0: 3 0x8000b71a (0xbfe5)
core   0: 0x8000b712 (0x00001f17) auipc   t5, 0x1
core   0: 3 0x8000b712 (0x00001f17) x30 0x8000c712
core   0: 0x8000b716 (0x8e3f2723) sw      gp, -1810(t5)
core   0: 3 0x8000b716 (0x8e3f2723) mem 0x8000c000 0x00000001
core   0: 0x8000b71a (0x0000bfe5) c.j     pc - 8
core   0: 3 0x8000b71a (0xbfe5)
core   0: 0x8000b712 (0x00001f17) auipc   t5, 0x1
core   0: 3 0x8000b712 (0x00001f17) x30 0x8000c712
core   0: 0x8000b716 (0x8e3f2723) sw      gp, -1810(t5)
core   0: 3 0x8000b716 (0x8e3f2723) mem 0x8000c000 0x00000001
core   0: 0x8000b71a (0x0000bfe5) c.j     pc - 8
core   0: 3 0x8000b71a (0xbfe5)
core   0: 0x8000b712 (0x00001f17) auipc   t5, 0x1
core   0: 3 0x8000b712 (0x00001f17) x30 0x8000c712
core   0: 0x8000b716 (0x8e3f2723) sw      gp, -1810(t5)
core   0: 3 0x8000b716 (0x8e3f2723) mem 0x8000c000 0x00000001
core   0: 0x8000b71a (0x0000bfe5) c.j     pc - 8
core   0: 3 0x8000b71a (0xbfe5)
core   0: 0x8000b712 (0x00001f17) auipc   t5, 0x1
core   0: 3 0x8000b712 (0x00001f17) x30 0x8000c712
core   0: 0x8000b716 (0x8e3f2723) sw      gp, -1810(t5)
core   0: 3 0x8000b716 (0x8e3f2723) mem 0x8000c000 0x00000001
core   0: 0x8000b71a (0x0000bfe5) c.j     pc - 8
core   0: 3 0x8000b71a (0xbfe5)
core   0: 0x8000b712 (0x00001f17) auipc   t5, 0x1
core   0: 3 0x8000b712 (0x00001f17) x30 0x8000c712
core   0: 0x8000b716 (0x8e3f2723) sw      gp, -1810(t5)
core   0: 3 0x8000b716 (0x8e3f2723) mem 0x8000c000 0x00000001
core   0: 0x8000b71a (0x0000bfe5) c.j     pc - 8
core   0: 3 0x8000b71a (0xbfe5)
core   0: 0x8000b712 (0x00001f17) auipc   t5, 0x1
core   0: 3 0x8000b712 (0x00001f17) x30 0x8000c712
core   0: 0x8000b716 (0x8e3f2723) sw      gp, -1810(t5)
core   0: 3 0x8000b716 (0x8e3f2723) mem 0x8000c000 0x00000001
core   0: 0x8000b71a (0x0000bfe5) c.j     pc - 8
core   0: 3 0x8000b71a (0xbfe5)
core   0: 0x8000b712 (0x00001f17) auipc   t5, 0x1
core   0: 3 0x8000b712 (0x00001f17) x30 0x8000c712
core   0: 0x8000b716 (0x8e3f2723) sw      gp, -1810(t5)
core   0: 3 0x8000b716 (0x8e3f2723) mem 0x8000c000 0x00000001
core   0: 0x8000b71a (0x0000bfe5) c.j     pc - 8
core   0: 3 0x8000b71a (0xbfe5)
core   0: 0x8000b712 (0x00001f17) auipc   t5, 0x1
core   0: 3 0x8000b712 (0x00001f17) x30 0x8000c712
core   0: 0x8000b716 (0x8e3f2723) sw      gp, -1810(t5)
core   0: 3 0x8000b716 (0x8e3f2723) mem 0x8000c000 0x00000001
core   0: 0x8000b71a (0x0000bfe5) c.j     pc - 8
core   0: 3 0x8000b71a (0xbfe5)
core   0: 0x8000b712 (0x00001f17) auipc   t5, 0x1
core   0: 3 0x8000b712 (0x00001f17) x30 0x8000c712
core   0: 0x8000b716 (0x8e3f2723) sw      gp, -1810(t5)
core   0: 3 0x8000b716 (0x8e3f2723) mem 0x8000c000 0x00000001
core   0: 0x8000b71a (0x0000bfe5) c.j     pc - 8
core   0: 3 0x8000b71a (0xbfe5)
core   0: 0x8000b712 (0x00001f17) auipc   t5, 0x1
core   0: 3 0x8000b712 (0x00001f17) x30 0x8000c712
core   0: 0x8000b716 (0x8e3f2723) sw      gp, -1810(t5)
core   0: 3 0x8000b716 (0x8e3f2723) mem 0x8000c000 0x00000001
core   0: 0x8000b71a (0x0000bfe5) c.j     pc - 8
core   0: 3 0x8000b71a (0xbfe5)
core   0: 0x8000b712 (0x00001f17) auipc   t5, 0x1
core   0: 3 0x8000b712 (0x00001f17) x30 0x8000c712
core   0: 0x8000b716 (0x8e3f2723) sw      gp, -1810(t5)
core   0: 3 0x8000b716 (0x8e3f2723) mem 0x8000c000 0x00000001
core   0: 0x8000b71a (0x0000bfe5) c.j     pc - 8
core   0: 3 0x8000b71a (0xbfe5)
core   0: 0x8000b712 (0x00001f17) auipc   t5, 0x1
core   0: 3 0x8000b712 (0x00001f17) x30 0x8000c712
core   0: 0x8000b716 (0x8e3f2723) sw      gp, -1810(t5)
core   0: 3 0x8000b716 (0x8e3f2723) mem 0x8000c000 0x00000001
core   0: 0x8000b71a (0x0000bfe5) c.j     pc - 8
core   0: 3 0x8000b71a (0xbfe5)
core   0: 0x8000b712 (0x00001f17) auipc   t5, 0x1
core   0: 3 0x8000b712 (0x00001f17) x30 0x8000c712
core   0: 0x8000b716 (0x8e3f2723) sw      gp, -1810(t5)
core   0: 3 0x8000b716 (0x8e3f2723) mem 0x8000c000 0x00000001
core   0: 0x8000b71a (0x0000bfe5) c.j     pc - 8
core   0: 3 0x8000b71a (0xbfe5)
core   0: 0x8000b712 (0x00001f17) auipc   t5, 0x1
core   0: 3 0x8000b712 (0x00001f17) x30 0x8000c712
core   0: 0x8000b716 (0x8e3f2723) sw      gp, -1810(t5)
core   0: 3 0x8000b716 (0x8e3f2723) mem 0x8000c000 0x00000001
core   0: 0x8000b71a (0x0000bfe5) c.j     pc - 8
core   0: 3 0x8000b71a (0xbfe5)
core   0: 0x8000b712 (0x00001f17) auipc   t5, 0x1
core   0: 3 0x8000b712 (0x00001f17) x30 0x8000c712
core   0: 0x8000b716 (0x8e3f2723) sw      gp, -1810(t5)
core   0: 3 0x8000b716 (0x8e3f2723) mem 0x8000c000 0x00000001
core   0: 0x8000b71a (0x0000bfe5) c.j     pc - 8
core   0: 3 0x8000b71a (0xbfe5)
core   0: 0x8000b712 (0x00001f17) auipc   t5, 0x1
core   0: 3 0x8000b712 (0x00001f17) x30 0x8000c712
core   0: 0x8000b716 (0x8e3f2723) sw      gp, -1810(t5)
core   0: 3 0x8000b716 (0x8e3f2723) mem 0x8000c000 0x00000001
core   0: 0x8000b71a (0x0000bfe5) c.j     pc - 8
core   0: 3 0x8000b71a (0xbfe5)
core   0: 0x8000b712 (0x00001f17) auipc   t5, 0x1
core   0: 3 0x8000b712 (0x00001f17) x30 0x8000c712
core   0: 0x8000b716 (0x8e3f2723) sw      gp, -1810(t5)
core   0: 3 0x8000b716 (0x8e3f2723) mem 0x8000c000 0x00000001
core   0: 0x8000b71a (0x0000bfe5) c.j     pc - 8
core   0: 3 0x8000b71a (0xbfe5)
core   0: 0x8000b712 (0x00001f17) auipc   t5, 0x1
core   0: 3 0x8000b712 (0x00001f17) x30 0x8000c712
core   0: 0x8000b716 (0x8e3f2723) sw      gp, -1810(t5)
core   0: 3 0x8000b716 (0x8e3f2723) mem 0x8000c000 0x00000001
core   0: 0x8000b71a (0x0000bfe5) c.j     pc - 8
core   0: 3 0x8000b71a (0xbfe5)
core   0: 0x8000b712 (0x00001f17) auipc   t5, 0x1
core   0: 3 0x8000b712 (0x00001f17) x30 0x8000c712
core   0: 0x8000b716 (0x8e3f2723) sw      gp, -1810(t5)
core   0: 3 0x8000b716 (0x8e3f2723) mem 0x8000c000 0x00000001
core   0: 0x8000b71a (0x0000bfe5) c.j     pc - 8
core   0: 3 0x8000b71a (0xbfe5)
core   0: 0x8000b712 (0x00001f17) auipc   t5, 0x1
core   0: 3 0x8000b712 (0x00001f17) x30 0x8000c712
core   0: 0x8000b716 (0x8e3f2723) sw      gp, -1810(t5)
core   0: 3 0x8000b716 (0x8e3f2723) mem 0x8000c000 0x00000001
core   0: 0x8000b71a (0x0000bfe5) c.j     pc - 8
core   0: 3 0x8000b71a (0xbfe5)
core   0: 0x8000b712 (0x00001f17) auipc   t5, 0x1
core   0: 3 0x8000b712 (0x00001f17) x30 0x8000c712
core   0: 0x8000b716 (0x8e3f2723) sw      gp, -1810(t5)
core   0: 3 0x8000b716 (0x8e3f2723) mem 0x8000c000 0x00000001
core   0: 0x8000b71a (0x0000bfe5) c.j     pc - 8
core   0: 3 0x8000b71a (0xbfe5)
core   0: 0x8000b712 (0x00001f17) auipc   t5, 0x1
core   0: 3 0x8000b712 (0x00001f17) x30 0x8000c712
core   0: 0x8000b716 (0x8e3f2723) sw      gp, -1810(t5)
core   0: 3 0x8000b716 (0x8e3f2723) mem 0x8000c000 0x00000001
core   0: 0x8000b71a (0x0000bfe5) c.j     pc - 8
core   0: 3 0x8000b71a (0xbfe5)
core   0: 0x8000b712 (0x00001f17) auipc   t5, 0x1
core   0: 3 0x8000b712 (0x00001f17) x30 0x8000c712
core   0: 0x8000b716 (0x8e3f2723) sw      gp, -1810(t5)
core   0: 3 0x8000b716 (0x8e3f2723) mem 0x8000c000 0x00000001
core   0: 0x8000b71a (0x0000bfe5) c.j     pc - 8
core   0: 3 0x8000b71a (0xbfe5)
core   0: 0x8000b712 (0x00001f17) auipc   t5, 0x1
core   0: 3 0x8000b712 (0x00001f17) x30 0x8000c712
core   0: 0x8000b716 (0x8e3f2723) sw      gp, -1810(t5)
core   0: 3 0x8000b716 (0x8e3f2723) mem 0x8000c000 0x00000001
core   0: 0x8000b71a (0x0000bfe5) c.j     pc - 8
core   0: 3 0x8000b71a (0xbfe5)
core   0: 0x8000b712 (0x00001f17) auipc   t5, 0x1
core   0: 3 0x8000b712 (0x00001f17) x30 0x8000c712
core   0: 0x8000b716 (0x8e3f2723) sw      gp, -1810(t5)
core   0: 3 0x8000b716 (0x8e3f2723) mem 0x8000c000 0x00000001
core   0: 0x8000b71a (0x0000bfe5) c.j     pc - 8
core   0: 3 0x8000b71a (0xbfe5)
core   0: 0x8000b712 (0x00001f17) auipc   t5, 0x1
core   0: 3 0x8000b712 (0x00001f17) x30 0x8000c712
core   0: 0x8000b716 (0x8e3f2723) sw      gp, -1810(t5)
core   0: 3 0x8000b716 (0x8e3f2723) mem 0x8000c000 0x00000001
core   0: 0x8000b71a (0x0000bfe5) c.j     pc - 8
core   0: 3 0x8000b71a (0xbfe5)
core   0: 0x8000b712 (0x00001f17) auipc   t5, 0x1
core   0: 3 0x8000b712 (0x00001f17) x30 0x8000c712
core   0: 0x8000b716 (0x8e3f2723) sw      gp, -1810(t5)
core   0: 3 0x8000b716 (0x8e3f2723) mem 0x8000c000 0x00000001
core   0: 0x8000b71a (0x0000bfe5) c.j     pc - 8
core   0: 3 0x8000b71a (0xbfe5)
core   0: 0x8000b712 (0x00001f17) auipc   t5, 0x1
core   0: 3 0x8000b712 (0x00001f17) x30 0x8000c712
core   0: 0x8000b716 (0x8e3f2723) sw      gp, -1810(t5)
core   0: 3 0x8000b716 (0x8e3f2723) mem 0x8000c000 0x00000001
core   0: 0x8000b71a (0x0000bfe5) c.j     pc - 8
core   0: 3 0x8000b71a (0xbfe5)
core   0: 0x8000b712 (0x00001f17) auipc   t5, 0x1
core   0: 3 0x8000b712 (0x00001f17) x30 0x8000c712
core   0: 0x8000b716 (0x8e3f2723) sw      gp, -1810(t5)
core   0: 3 0x8000b716 (0x8e3f2723) mem 0x8000c000 0x00000001
core   0: 0x8000b71a (0x0000bfe5) c.j     pc - 8
core   0: 3 0x8000b71a (0xbfe5)
core   0: 0x8000b712 (0x00001f17) auipc   t5, 0x1
core   0: 3 0x8000b712 (0x00001f17) x30 0x8000c712
core   0: 0x8000b716 (0x8e3f2723) sw      gp, -1810(t5)
core   0: 3 0x8000b716 (0x8e3f2723) mem 0x8000c000 0x00000001
core   0: 0x8000b71a (0x0000bfe5) c.j     pc - 8
core   0: 3 0x8000b71a (0xbfe5)
core   0: 0x8000b712 (0x00001f17) auipc   t5, 0x1
core   0: 3 0x8000b712 (0x00001f17) x30 0x8000c712
core   0: 0x8000b716 (0x8e3f2723) sw      gp, -1810(t5)
core   0: 3 0x8000b716 (0x8e3f2723) mem 0x8000c000 0x00000001
core   0: 0x8000b71a (0x0000bfe5) c.j     pc - 8
core   0: 3 0x8000b71a (0xbfe5)
core   0: 0x8000b712 (0x00001f17) auipc   t5, 0x1
core   0: 3 0x8000b712 (0x00001f17) x30 0x8000c712
core   0: 0x8000b716 (0x8e3f2723) sw      gp, -1810(t5)
core   0: 3 0x8000b716 (0x8e3f2723) mem 0x8000c000 0x00000001
core   0: 0x8000b71a (0x0000bfe5) c.j     pc - 8
core   0: 3 0x8000b71a (0xbfe5)
core   0: 0x8000b712 (0x00001f17) auipc   t5, 0x1
core   0: 3 0x8000b712 (0x00001f17) x30 0x8000c712
core   0: 0x8000b716 (0x8e3f2723) sw      gp, -1810(t5)
core   0: 3 0x8000b716 (0x8e3f2723) mem 0x8000c000 0x00000001
core   0: 0x8000b71a (0x0000bfe5) c.j     pc - 8
core   0: 3 0x8000b71a (0xbfe5)
core   0: 0x8000b712 (0x00001f17) auipc   t5, 0x1
core   0: 3 0x8000b712 (0x00001f17) x30 0x8000c712
core   0: 0x8000b716 (0x8e3f2723) sw      gp, -1810(t5)
core   0: 3 0x8000b716 (0x8e3f2723) mem 0x8000c000 0x00000001
core   0: 0x8000b71a (0x0000bfe5) c.j     pc - 8
core   0: 3 0x8000b71a (0xbfe5)
core   0: 0x8000b712 (0x00001f17) auipc   t5, 0x1
core   0: 3 0x8000b712 (0x00001f17) x30 0x8000c712
core   0: 0x8000b716 (0x8e3f2723) sw      gp, -1810(t5)
core   0: 3 0x8000b716 (0x8e3f2723) mem 0x8000c000 0x00000001
core   0: 0x8000b71a (0x0000bfe5) c.j     pc - 8
core   0: 3 0x8000b71a (0xbfe5)
core   0: 0x8000b712 (0x00001f17) auipc   t5, 0x1
core   0: 3 0x8000b712 (0x00001f17) x30 0x8000c712
core   0: 0x8000b716 (0x8e3f2723) sw      gp, -1810(t5)
core   0: 3 0x8000b716 (0x8e3f2723) mem 0x8000c000 0x00000001
core   0: 0x8000b71a (0x0000bfe5) c.j     pc - 8
core   0: 3 0x8000b71a (0xbfe5)
core   0: 0x8000b712 (0x00001f17) auipc   t5, 0x1
core   0: 3 0x8000b712 (0x00001f17) x30 0x8000c712
core   0: 0x8000b716 (0x8e3f2723) sw      gp, -1810(t5)
core   0: 3 0x8000b716 (0x8e3f2723) mem 0x8000c000 0x00000001
core   0: 0x8000b71a (0x0000bfe5) c.j     pc - 8
core   0: 3 0x8000b71a (0xbfe5)
core   0: 0x8000b712 (0x00001f17) auipc   t5, 0x1
core   0: 3 0x8000b712 (0x00001f17) x30 0x8000c712
core   0: 0x8000b716 (0x8e3f2723) sw      gp, -1810(t5)
core   0: 3 0x8000b716 (0x8e3f2723) mem 0x8000c000 0x00000001
core   0: 0x8000b71a (0x0000bfe5) c.j     pc - 8
core   0: 3 0x8000b71a (0xbfe5)
core   0: 0x8000b712 (0x00001f17) auipc   t5, 0x1
core   0: 3 0x8000b712 (0x00001f17) x30 0x8000c712
core   0: 0x8000b716 (0x8e3f2723) sw      gp, -1810(t5)
core   0: 3 0x8000b716 (0x8e3f2723) mem 0x8000c000 0x00000001
core   0: 0x8000b71a (0x0000bfe5) c.j     pc - 8
core   0: 3 0x8000b71a (0xbfe5)
core   0: 0x8000b712 (0x00001f17) auipc   t5, 0x1
core   0: 3 0x8000b712 (0x00001f17) x30 0x8000c712
core   0: 0x8000b716 (0x8e3f2723) sw      gp, -1810(t5)
core   0: 3 0x8000b716 (0x8e3f2723) mem 0x8000c000 0x00000001
core   0: 0x8000b71a (0x0000bfe5) c.j     pc - 8
core   0: 3 0x8000b71a (0xbfe5)
core   0: 0x8000b712 (0x00001f17) auipc   t5, 0x1
core   0: 3 0x8000b712 (0x00001f17) x30 0x8000c712
core   0: 0x8000b716 (0x8e3f2723) sw      gp, -1810(t5)
core   0: 3 0x8000b716 (0x8e3f2723) mem 0x8000c000 0x00000001
core   0: 0x8000b71a (0x0000bfe5) c.j     pc - 8
core   0: 3 0x8000b71a (0xbfe5)
core   0: 0x8000b712 (0x00001f17) auipc   t5, 0x1
core   0: 3 0x8000b712 (0x00001f17) x30 0x8000c712
core   0: 0x8000b716 (0x8e3f2723) sw      gp, -1810(t5)
core   0: 3 0x8000b716 (0x8e3f2723) mem 0x8000c000 0x00000001
core   0: 0x8000b71a (0x0000bfe5) c.j     pc - 8
core   0: 3 0x8000b71a (0xbfe5)
core   0: 0x8000b712 (0x00001f17) auipc   t5, 0x1
core   0: 3 0x8000b712 (0x00001f17) x30 0x8000c712
core   0: 0x8000b716 (0x8e3f2723) sw      gp, -1810(t5)
core   0: 3 0x8000b716 (0x8e3f2723) mem 0x8000c000 0x00000001
core   0: 0x8000b71a (0x0000bfe5) c.j     pc - 8
core   0: 3 0x8000b71a (0xbfe5)
core   0: 0x8000b712 (0x00001f17) auipc   t5, 0x1
core   0: 3 0x8000b712 (0x00001f17) x30 0x8000c712
core   0: 0x8000b716 (0x8e3f2723) sw      gp, -1810(t5)
core   0: 3 0x8000b716 (0x8e3f2723) mem 0x8000c000 0x00000001
core   0: 0x8000b71a (0x0000bfe5) c.j     pc - 8
core   0: 3 0x8000b71a (0xbfe5)
core   0: 0x8000b712 (0x00001f17) auipc   t5, 0x1
core   0: 3 0x8000b712 (0x00001f17) x30 0x8000c712
core   0: 0x8000b716 (0x8e3f2723) sw      gp, -1810(t5)
core   0: 3 0x8000b716 (0x8e3f2723) mem 0x8000c000 0x00000001
core   0: 0x8000b71a (0x0000bfe5) c.j     pc - 8
core   0: 3 0x8000b71a (0xbfe5)
core   0: 0x8000b712 (0x00001f17) auipc   t5, 0x1
core   0: 3 0x8000b712 (0x00001f17) x30 0x8000c712
core   0: 0x8000b716 (0x8e3f2723) sw      gp, -1810(t5)
core   0: 3 0x8000b716 (0x8e3f2723) mem 0x8000c000 0x00000001
core   0: 0x8000b71a (0x0000bfe5) c.j     pc - 8
core   0: 3 0x8000b71a (0xbfe5)
core   0: 0x8000b712 (0x00001f17) auipc   t5, 0x1
core   0: 3 0x8000b712 (0x00001f17) x30 0x8000c712
core   0: 0x8000b716 (0x8e3f2723) sw      gp, -1810(t5)
core   0: 3 0x8000b716 (0x8e3f2723) mem 0x8000c000 0x00000001
core   0: 0x8000b71a (0x0000bfe5) c.j     pc - 8
core   0: 3 0x8000b71a (0xbfe5)
core   0: 0x8000b712 (0x00001f17) auipc   t5, 0x1
core   0: 3 0x8000b712 (0x00001f17) x30 0x8000c712
core   0: 0x8000b716 (0x8e3f2723) sw      gp, -1810(t5)
core   0: 3 0x8000b716 (0x8e3f2723) mem 0x8000c000 0x00000001
core   0: 0x8000b71a (0x0000bfe5) c.j     pc - 8
core   0: 3 0x8000b71a (0xbfe5)
core   0: 0x8000b712 (0x00001f17) auipc   t5, 0x1
core   0: 3 0x8000b712 (0x00001f17) x30 0x8000c712
core   0: 0x8000b716 (0x8e3f2723) sw      gp, -1810(t5)
core   0: 3 0x8000b716 (0x8e3f2723) mem 0x8000c000 0x00000001
core   0: 0x8000b71a (0x0000bfe5) c.j     pc - 8
core   0: 3 0x8000b71a (0xbfe5)
core   0: 0x8000b712 (0x00001f17) auipc   t5, 0x1
core   0: 3 0x8000b712 (0x00001f17) x30 0x8000c712
core   0: 0x8000b716 (0x8e3f2723) sw      gp, -1810(t5)
core   0: 3 0x8000b716 (0x8e3f2723) mem 0x8000c000 0x00000001
core   0: 0x8000b71a (0x0000bfe5) c.j     pc - 8
core   0: 3 0x8000b71a (0xbfe5)
core   0: 0x8000b712 (0x00001f17) auipc   t5, 0x1
core   0: 3 0x8000b712 (0x00001f17) x30 0x8000c712
core   0: 0x8000b716 (0x8e3f2723) sw      gp, -1810(t5)
core   0: 3 0x8000b716 (0x8e3f2723) mem 0x8000c000 0x00000001
core   0: 0x8000b71a (0x0000bfe5) c.j     pc - 8
core   0: 3 0x8000b71a (0xbfe5)
core   0: 0x8000b712 (0x00001f17) auipc   t5, 0x1
core   0: 3 0x8000b712 (0x00001f17) x30 0x8000c712
core   0: 0x8000b716 (0x8e3f2723) sw      gp, -1810(t5)
core   0: 3 0x8000b716 (0x8e3f2723) mem 0x8000c000 0x00000001
core   0: 0x8000b71a (0x0000bfe5) c.j     pc - 8
core   0: 3 0x8000b71a (0xbfe5)
core   0: 0x8000b712 (0x00001f17) auipc   t5, 0x1
core   0: 3 0x8000b712 (0x00001f17) x30 0x8000c712
core   0: 0x8000b716 (0x8e3f2723) sw      gp, -1810(t5)
core   0: 3 0x8000b716 (0x8e3f2723) mem 0x8000c000 0x00000001
core   0: 0x8000b71a (0x0000bfe5) c.j     pc - 8
core   0: 3 0x8000b71a (0xbfe5)
core   0: 0x8000b712 (0x00001f17) auipc   t5, 0x1
core   0: 3 0x8000b712 (0x00001f17) x30 0x8000c712
core   0: 0x8000b716 (0x8e3f2723) sw      gp, -1810(t5)
core   0: 3 0x8000b716 (0x8e3f2723) mem 0x8000c000 0x00000001
core   0: 0x8000b71a (0x0000bfe5) c.j     pc - 8
core   0: 3 0x8000b71a (0xbfe5)
core   0: 0x8000b712 (0x00001f17) auipc   t5, 0x1
core   0: 3 0x8000b712 (0x00001f17) x30 0x8000c712
core   0: 0x8000b716 (0x8e3f2723) sw      gp, -1810(t5)
core   0: 3 0x8000b716 (0x8e3f2723) mem 0x8000c000 0x00000001
core   0: 0x8000b71a (0x0000bfe5) c.j     pc - 8
core   0: 3 0x8000b71a (0xbfe5)
core   0: 0x8000b712 (0x00001f17) auipc   t5, 0x1
core   0: 3 0x8000b712 (0x00001f17) x30 0x8000c712
core   0: 0x8000b716 (0x8e3f2723) sw      gp, -1810(t5)
core   0: 3 0x8000b716 (0x8e3f2723) mem 0x8000c000 0x00000001
core   0: 0x8000b71a (0x0000bfe5) c.j     pc - 8
core   0: 3 0x8000b71a (0xbfe5)
core   0: 0x8000b712 (0x00001f17) auipc   t5, 0x1
core   0: 3 0x8000b712 (0x00001f17) x30 0x8000c712
core   0: 0x8000b716 (0x8e3f2723) sw      gp, -1810(t5)
core   0: 3 0x8000b716 (0x8e3f2723) mem 0x8000c000 0x00000001
core   0: 0x8000b71a (0x0000bfe5) c.j     pc - 8
core   0: 3 0x8000b71a (0xbfe5)
core   0: 0x8000b712 (0x00001f17) auipc   t5, 0x1
core   0: 3 0x8000b712 (0x00001f17) x30 0x8000c712
core   0: 0x8000b716 (0x8e3f2723) sw      gp, -1810(t5)
core   0: 3 0x8000b716 (0x8e3f2723) mem 0x8000c000 0x00000001
core   0: 0x8000b71a (0x0000bfe5) c.j     pc - 8
core   0: 3 0x8000b71a (0xbfe5)
core   0: 0x8000b712 (0x00001f17) auipc   t5, 0x1
core   0: 3 0x8000b712 (0x00001f17) x30 0x8000c712
core   0: 0x8000b716 (0x8e3f2723) sw      gp, -1810(t5)
core   0: 3 0x8000b716 (0x8e3f2723) mem 0x8000c000 0x00000001
core   0: 0x8000b71a (0x0000bfe5) c.j     pc - 8
core   0: 3 0x8000b71a (0xbfe5)
core   0: 0x8000b712 (0x00001f17) auipc   t5, 0x1
core   0: 3 0x8000b712 (0x00001f17) x30 0x8000c712
core   0: 0x8000b716 (0x8e3f2723) sw      gp, -1810(t5)
core   0: 3 0x8000b716 (0x8e3f2723) mem 0x8000c000 0x00000001
core   0: 0x8000b71a (0x0000bfe5) c.j     pc - 8
core   0: 3 0x8000b71a (0xbfe5)
core   0: 0x8000b712 (0x00001f17) auipc   t5, 0x1
core   0: 3 0x8000b712 (0x00001f17) x30 0x8000c712
core   0: 0x8000b716 (0x8e3f2723) sw      gp, -1810(t5)
core   0: 3 0x8000b716 (0x8e3f2723) mem 0x8000c000 0x00000001
core   0: 0x8000b71a (0x0000bfe5) c.j     pc - 8
core   0: 3 0x8000b71a (0xbfe5)
core   0: 0x8000b712 (0x00001f17) auipc   t5, 0x1
core   0: 3 0x8000b712 (0x00001f17) x30 0x8000c712
core   0: 0x8000b716 (0x8e3f2723) sw      gp, -1810(t5)
core   0: 3 0x8000b716 (0x8e3f2723) mem 0x8000c000 0x00000001
core   0: 0x8000b71a (0x0000bfe5) c.j     pc - 8
core   0: 3 0x8000b71a (0xbfe5)
core   0: 0x8000b712 (0x00001f17) auipc   t5, 0x1
core   0: 3 0x8000b712 (0x00001f17) x30 0x8000c712
core   0: 0x8000b716 (0x8e3f2723) sw      gp, -1810(t5)
core   0: 3 0x8000b716 (0x8e3f2723) mem 0x8000c000 0x00000001
core   0: 0x8000b71a (0x0000bfe5) c.j     pc - 8
core   0: 3 0x8000b71a (0xbfe5)
core   0: 0x8000b712 (0x00001f17) auipc   t5, 0x1
core   0: 3 0x8000b712 (0x00001f17) x30 0x8000c712
core   0: 0x8000b716 (0x8e3f2723) sw      gp, -1810(t5)
core   0: 3 0x8000b716 (0x8e3f2723) mem 0x8000c000 0x00000001
core   0: 0x8000b71a (0x0000bfe5) c.j     pc - 8
core   0: 3 0x8000b71a (0xbfe5)
core   0: 0x8000b712 (0x00001f17) auipc   t5, 0x1
core   0: 3 0x8000b712 (0x00001f17) x30 0x8000c712
core   0: 0x8000b716 (0x8e3f2723) sw      gp, -1810(t5)
core   0: 3 0x8000b716 (0x8e3f2723) mem 0x8000c000 0x00000001
core   0: 0x8000b71a (0x0000bfe5) c.j     pc - 8
core   0: 3 0x8000b71a (0xbfe5)
core   0: 0x8000b712 (0x00001f17) auipc   t5, 0x1
core   0: 3 0x8000b712 (0x00001f17) x30 0x8000c712
core   0: 0x8000b716 (0x8e3f2723) sw      gp, -1810(t5)
core   0: 3 0x8000b716 (0x8e3f2723) mem 0x8000c000 0x00000001
core   0: 0x8000b71a (0x0000bfe5) c.j     pc - 8
core   0: 3 0x8000b71a (0xbfe5)
core   0: 0x8000b712 (0x00001f17) auipc   t5, 0x1
core   0: 3 0x8000b712 (0x00001f17) x30 0x8000c712
core   0: 0x8000b716 (0x8e3f2723) sw      gp, -1810(t5)
core   0: 3 0x8000b716 (0x8e3f2723) mem 0x8000c000 0x00000001
core   0: 0x8000b71a (0x0000bfe5) c.j     pc - 8
core   0: 3 0x8000b71a (0xbfe5)
core   0: 0x8000b712 (0x00001f17) auipc   t5, 0x1
core   0: 3 0x8000b712 (0x00001f17) x30 0x8000c712
core   0: 0x8000b716 (0x8e3f2723) sw      gp, -1810(t5)
core   0: 3 0x8000b716 (0x8e3f2723) mem 0x8000c000 0x00000001
core   0: 0x8000b71a (0x0000bfe5) c.j     pc - 8
core   0: 3 0x8000b71a (0xbfe5)
core   0: 0x8000b712 (0x00001f17) auipc   t5, 0x1
core   0: 3 0x8000b712 (0x00001f17) x30 0x8000c712
core   0: 0x8000b716 (0x8e3f2723) sw      gp, -1810(t5)
core   0: 3 0x8000b716 (0x8e3f2723) mem 0x8000c000 0x00000001
core   0: 0x8000b71a (0x0000bfe5) c.j     pc - 8
core   0: 3 0x8000b71a (0xbfe5)
core   0: 0x8000b712 (0x00001f17) auipc   t5, 0x1
core   0: 3 0x8000b712 (0x00001f17) x30 0x8000c712
core   0: 0x8000b716 (0x8e3f2723) sw      gp, -1810(t5)
core   0: 3 0x8000b716 (0x8e3f2723) mem 0x8000c000 0x00000001
core   0: 0x8000b71a (0x0000bfe5) c.j     pc - 8
core   0: 3 0x8000b71a (0xbfe5)
core   0: 0x8000b712 (0x00001f17) auipc   t5, 0x1
core   0: 3 0x8000b712 (0x00001f17) x30 0x8000c712
core   0: 0x8000b716 (0x8e3f2723) sw      gp, -1810(t5)
core   0: 3 0x8000b716 (0x8e3f2723) mem 0x8000c000 0x00000001
core   0: 0x8000b71a (0x0000bfe5) c.j     pc - 8
core   0: 3 0x8000b71a (0xbfe5)
core   0: 0x8000b712 (0x00001f17) auipc   t5, 0x1
core   0: 3 0x8000b712 (0x00001f17) x30 0x8000c712
core   0: 0x8000b716 (0x8e3f2723) sw      gp, -1810(t5)
core   0: 3 0x8000b716 (0x8e3f2723) mem 0x8000c000 0x00000001
core   0: 0x8000b71a (0x0000bfe5) c.j     pc - 8
core   0: 3 0x8000b71a (0xbfe5)
core   0: 0x8000b712 (0x00001f17) auipc   t5, 0x1
core   0: 3 0x8000b712 (0x00001f17) x30 0x8000c712
core   0: 0x8000b716 (0x8e3f2723) sw      gp, -1810(t5)
core   0: 3 0x8000b716 (0x8e3f2723) mem 0x8000c000 0x00000001
core   0: 0x8000b71a (0x0000bfe5) c.j     pc - 8
core   0: 3 0x8000b71a (0xbfe5)
core   0: 0x8000b712 (0x00001f17) auipc   t5, 0x1
core   0: 3 0x8000b712 (0x00001f17) x30 0x8000c712
core   0: 0x8000b716 (0x8e3f2723) sw      gp, -1810(t5)
core   0: 3 0x8000b716 (0x8e3f2723) mem 0x8000c000 0x00000001
core   0: 0x8000b71a (0x0000bfe5) c.j     pc - 8
core   0: 3 0x8000b71a (0xbfe5)
core   0: 0x8000b712 (0x00001f17) auipc   t5, 0x1
core   0: 3 0x8000b712 (0x00001f17) x30 0x8000c712
core   0: 0x8000b716 (0x8e3f2723) sw      gp, -1810(t5)
core   0: 3 0x8000b716 (0x8e3f2723) mem 0x8000c000 0x00000001
core   0: 0x8000b71a (0x0000bfe5) c.j     pc - 8
core   0: 3 0x8000b71a (0xbfe5)
core   0: 0x8000b712 (0x00001f17) auipc   t5, 0x1
core   0: 3 0x8000b712 (0x00001f17) x30 0x8000c712
core   0: 0x8000b716 (0x8e3f2723) sw      gp, -1810(t5)
core   0: 3 0x8000b716 (0x8e3f2723) mem 0x8000c000 0x00000001
core   0: 0x8000b71a (0x0000bfe5) c.j     pc - 8
core   0: 3 0x8000b71a (0xbfe5)
core   0: 0x8000b712 (0x00001f17) auipc   t5, 0x1
core   0: 3 0x8000b712 (0x00001f17) x30 0x8000c712
core   0: 0x8000b716 (0x8e3f2723) sw      gp, -1810(t5)
core   0: 3 0x8000b716 (0x8e3f2723) mem 0x8000c000 0x00000001
core   0: 0x8000b71a (0x0000bfe5) c.j     pc - 8
core   0: 3 0x8000b71a (0xbfe5)
core   0: 0x8000b712 (0x00001f17) auipc   t5, 0x1
core   0: 3 0x8000b712 (0x00001f17) x30 0x8000c712
core   0: 0x8000b716 (0x8e3f2723) sw      gp, -1810(t5)
core   0: 3 0x8000b716 (0x8e3f2723) mem 0x8000c000 0x00000001
core   0: 0x8000b71a (0x0000bfe5) c.j     pc - 8
core   0: 3 0x8000b71a (0xbfe5)
core   0: 0x8000b712 (0x00001f17) auipc   t5, 0x1
core   0: 3 0x8000b712 (0x00001f17) x30 0x8000c712
core   0: 0x8000b716 (0x8e3f2723) sw      gp, -1810(t5)
core   0: 3 0x8000b716 (0x8e3f2723) mem 0x8000c000 0x00000001
core   0: 0x8000b71a (0x0000bfe5) c.j     pc - 8
core   0: 3 0x8000b71a (0xbfe5)
core   0: 0x8000b712 (0x00001f17) auipc   t5, 0x1
core   0: 3 0x8000b712 (0x00001f17) x30 0x8000c712
core   0: 0x8000b716 (0x8e3f2723) sw      gp, -1810(t5)
core   0: 3 0x8000b716 (0x8e3f2723) mem 0x8000c000 0x00000001
core   0: 0x8000b71a (0x0000bfe5) c.j     pc - 8
core   0: 3 0x8000b71a (0xbfe5)
core   0: 0x8000b712 (0x00001f17) auipc   t5, 0x1
core   0: 3 0x8000b712 (0x00001f17) x30 0x8000c712
core   0: 0x8000b716 (0x8e3f2723) sw      gp, -1810(t5)
core   0: 3 0x8000b716 (0x8e3f2723) mem 0x8000c000 0x00000001
core   0: 0x8000b71a (0x0000bfe5) c.j     pc - 8
core   0: 3 0x8000b71a (0xbfe5)
core   0: 0x8000b712 (0x00001f17) auipc   t5, 0x1
core   0: 3 0x8000b712 (0x00001f17) x30 0x8000c712
core   0: 0x8000b716 (0x8e3f2723) sw      gp, -1810(t5)
core   0: 3 0x8000b716 (0x8e3f2723) mem 0x8000c000 0x00000001
core   0: 0x8000b71a (0x0000bfe5) c.j     pc - 8
core   0: 3 0x8000b71a (0xbfe5)
core   0: 0x8000b712 (0x00001f17) auipc   t5, 0x1
core   0: 3 0x8000b712 (0x00001f17) x30 0x8000c712
core   0: 0x8000b716 (0x8e3f2723) sw      gp, -1810(t5)
core   0: 3 0x8000b716 (0x8e3f2723) mem 0x8000c000 0x00000001
core   0: 0x8000b71a (0x0000bfe5) c.j     pc - 8
core   0: 3 0x8000b71a (0xbfe5)
core   0: 0x8000b712 (0x00001f17) auipc   t5, 0x1
core   0: 3 0x8000b712 (0x00001f17) x30 0x8000c712
core   0: 0x8000b716 (0x8e3f2723) sw      gp, -1810(t5)
core   0: 3 0x8000b716 (0x8e3f2723) mem 0x8000c000 0x00000001
core   0: 0x8000b71a (0x0000bfe5) c.j     pc - 8
core   0: 3 0x8000b71a (0xbfe5)
core   0: 0x8000b712 (0x00001f17) auipc   t5, 0x1
core   0: 3 0x8000b712 (0x00001f17) x30 0x8000c712
core   0: 0x8000b716 (0x8e3f2723) sw      gp, -1810(t5)
core   0: 3 0x8000b716 (0x8e3f2723) mem 0x8000c000 0x00000001
core   0: 0x8000b71a (0x0000bfe5) c.j     pc - 8
core   0: 3 0x8000b71a (0xbfe5)
core   0: 0x8000b712 (0x00001f17) auipc   t5, 0x1
core   0: 3 0x8000b712 (0x00001f17) x30 0x8000c712
core   0: 0x8000b716 (0x8e3f2723) sw      gp, -1810(t5)
core   0: 3 0x8000b716 (0x8e3f2723) mem 0x8000c000 0x00000001
core   0: 0x8000b71a (0x0000bfe5) c.j     pc - 8
core   0: 3 0x8000b71a (0xbfe5)
core   0: 0x8000b712 (0x00001f17) auipc   t5, 0x1
core   0: 3 0x8000b712 (0x00001f17) x30 0x8000c712
core   0: 0x8000b716 (0x8e3f2723) sw      gp, -1810(t5)
core   0: 3 0x8000b716 (0x8e3f2723) mem 0x8000c000 0x00000001
core   0: 0x8000b71a (0x0000bfe5) c.j     pc - 8
core   0: 3 0x8000b71a (0xbfe5)
core   0: 0x8000b712 (0x00001f17) auipc   t5, 0x1
core   0: 3 0x8000b712 (0x00001f17) x30 0x8000c712
core   0: 0x8000b716 (0x8e3f2723) sw      gp, -1810(t5)
core   0: 3 0x8000b716 (0x8e3f2723) mem 0x8000c000 0x00000001
core   0: 0x8000b71a (0x0000bfe5) c.j     pc - 8
core   0: 3 0x8000b71a (0xbfe5)
core   0: 0x8000b712 (0x00001f17) auipc   t5, 0x1
core   0: 3 0x8000b712 (0x00001f17) x30 0x8000c712
core   0: 0x8000b716 (0x8e3f2723) sw      gp, -1810(t5)
core   0: 3 0x8000b716 (0x8e3f2723) mem 0x8000c000 0x00000001
core   0: 0x8000b71a (0x0000bfe5) c.j     pc - 8
core   0: 3 0x8000b71a (0xbfe5)
core   0: 0x8000b712 (0x00001f17) auipc   t5, 0x1
core   0: 3 0x8000b712 (0x00001f17) x30 0x8000c712
core   0: 0x8000b716 (0x8e3f2723) sw      gp, -1810(t5)
core   0: 3 0x8000b716 (0x8e3f2723) mem 0x8000c000 0x00000001
core   0: 0x8000b71a (0x0000bfe5) c.j     pc - 8
core   0: 3 0x8000b71a (0xbfe5)
core   0: 0x8000b712 (0x00001f17) auipc   t5, 0x1
core   0: 3 0x8000b712 (0x00001f17) x30 0x8000c712
core   0: 0x8000b716 (0x8e3f2723) sw      gp, -1810(t5)
core   0: 3 0x8000b716 (0x8e3f2723) mem 0x8000c000 0x00000001
core   0: 0x8000b71a (0x0000bfe5) c.j     pc - 8
core   0: 3 0x8000b71a (0xbfe5)
core   0: 0x8000b712 (0x00001f17) auipc   t5, 0x1
core   0: 3 0x8000b712 (0x00001f17) x30 0x8000c712
core   0: 0x8000b716 (0x8e3f2723) sw      gp, -1810(t5)
core   0: 3 0x8000b716 (0x8e3f2723) mem 0x8000c000 0x00000001
core   0: 0x8000b71a (0x0000bfe5) c.j     pc - 8
core   0: 3 0x8000b71a (0xbfe5)
core   0: 0x8000b712 (0x00001f17) auipc   t5, 0x1
core   0: 3 0x8000b712 (0x00001f17) x30 0x8000c712
core   0: 0x8000b716 (0x8e3f2723) sw      gp, -1810(t5)
core   0: 3 0x8000b716 (0x8e3f2723) mem 0x8000c000 0x00000001
core   0: 0x8000b71a (0x0000bfe5) c.j     pc - 8
core   0: 3 0x8000b71a (0xbfe5)
core   0: 0x8000b712 (0x00001f17) auipc   t5, 0x1
core   0: 3 0x8000b712 (0x00001f17) x30 0x8000c712
core   0: 0x8000b716 (0x8e3f2723) sw      gp, -1810(t5)
core   0: 3 0x8000b716 (0x8e3f2723) mem 0x8000c000 0x00000001
core   0: 0x8000b71a (0x0000bfe5) c.j     pc - 8
core   0: 3 0x8000b71a (0xbfe5)
core   0: 0x8000b712 (0x00001f17) auipc   t5, 0x1
core   0: 3 0x8000b712 (0x00001f17) x30 0x8000c712
core   0: 0x8000b716 (0x8e3f2723) sw      gp, -1810(t5)
core   0: 3 0x8000b716 (0x8e3f2723) mem 0x8000c000 0x00000001
core   0: 0x8000b71a (0x0000bfe5) c.j     pc - 8
core   0: 3 0x8000b71a (0xbfe5)
core   0: 0x8000b712 (0x00001f17) auipc   t5, 0x1
core   0: 3 0x8000b712 (0x00001f17) x30 0x8000c712
core   0: 0x8000b716 (0x8e3f2723) sw      gp, -1810(t5)
core   0: 3 0x8000b716 (0x8e3f2723) mem 0x8000c000 0x00000001
core   0: 0x8000b71a (0x0000bfe5) c.j     pc - 8
core   0: 3 0x8000b71a (0xbfe5)
core   0: 0x8000b712 (0x00001f17) auipc   t5, 0x1
core   0: 3 0x8000b712 (0x00001f17) x30 0x8000c712
core   0: 0x8000b716 (0x8e3f2723) sw      gp, -1810(t5)
core   0: 3 0x8000b716 (0x8e3f2723) mem 0x8000c000 0x00000001
core   0: 0x8000b71a (0x0000bfe5) c.j     pc - 8
core   0: 3 0x8000b71a (0xbfe5)
core   0: 0x8000b712 (0x00001f17) auipc   t5, 0x1
core   0: 3 0x8000b712 (0x00001f17) x30 0x8000c712
core   0: 0x8000b716 (0x8e3f2723) sw      gp, -1810(t5)
core   0: 3 0x8000b716 (0x8e3f2723) mem 0x8000c000 0x00000001
core   0: 0x8000b71a (0x0000bfe5) c.j     pc - 8
core   0: 3 0x8000b71a (0xbfe5)
core   0: 0x8000b712 (0x00001f17) auipc   t5, 0x1
core   0: 3 0x8000b712 (0x00001f17) x30 0x8000c712
core   0: 0x8000b716 (0x8e3f2723) sw      gp, -1810(t5)
core   0: 3 0x8000b716 (0x8e3f2723) mem 0x8000c000 0x00000001
core   0: 0x8000b71a (0x0000bfe5) c.j     pc - 8
core   0: 3 0x8000b71a (0xbfe5)
core   0: 0x8000b712 (0x00001f17) auipc   t5, 0x1
core   0: 3 0x8000b712 (0x00001f17) x30 0x8000c712
core   0: 0x8000b716 (0x8e3f2723) sw      gp, -1810(t5)
core   0: 3 0x8000b716 (0x8e3f2723) mem 0x8000c000 0x00000001
core   0: 0x8000b71a (0x0000bfe5) c.j     pc - 8
core   0: 3 0x8000b71a (0xbfe5)
core   0: 0x8000b712 (0x00001f17) auipc   t5, 0x1
core   0: 3 0x8000b712 (0x00001f17) x30 0x8000c712
core   0: 0x8000b716 (0x8e3f2723) sw      gp, -1810(t5)
core   0: 3 0x8000b716 (0x8e3f2723) mem 0x8000c000 0x00000001
core   0: 0x8000b71a (0x0000bfe5) c.j     pc - 8
core   0: 3 0x8000b71a (0xbfe5)
core   0: 0x8000b712 (0x00001f17) auipc   t5, 0x1
core   0: 3 0x8000b712 (0x00001f17) x30 0x8000c712
core   0: 0x8000b716 (0x8e3f2723) sw      gp, -1810(t5)
core   0: 3 0x8000b716 (0x8e3f2723) mem 0x8000c000 0x00000001
core   0: 0x8000b71a (0x0000bfe5) c.j     pc - 8
core   0: 3 0x8000b71a (0xbfe5)
core   0: 0x8000b712 (0x00001f17) auipc   t5, 0x1
core   0: 3 0x8000b712 (0x00001f17) x30 0x8000c712
core   0: 0x8000b716 (0x8e3f2723) sw      gp, -1810(t5)
core   0: 3 0x8000b716 (0x8e3f2723) mem 0x8000c000 0x00000001
core   0: 0x8000b71a (0x0000bfe5) c.j     pc - 8
core   0: 3 0x8000b71a (0xbfe5)
core   0: 0x8000b712 (0x00001f17) auipc   t5, 0x1
core   0: 3 0x8000b712 (0x00001f17) x30 0x8000c712
core   0: 0x8000b716 (0x8e3f2723) sw      gp, -1810(t5)
core   0: 3 0x8000b716 (0x8e3f2723) mem 0x8000c000 0x00000001
core   0: 0x8000b71a (0x0000bfe5) c.j     pc - 8
core   0: 3 0x8000b71a (0xbfe5)
core   0: 0x8000b712 (0x00001f17) auipc   t5, 0x1
core   0: 3 0x8000b712 (0x00001f17) x30 0x8000c712
core   0: 0x8000b716 (0x8e3f2723) sw      gp, -1810(t5)
core   0: 3 0x8000b716 (0x8e3f2723) mem 0x8000c000 0x00000001
core   0: 0x8000b71a (0x0000bfe5) c.j     pc - 8
core   0: 3 0x8000b71a (0xbfe5)
core   0: 0x8000b712 (0x00001f17) auipc   t5, 0x1
core   0: 3 0x8000b712 (0x00001f17) x30 0x8000c712
core   0: 0x8000b716 (0x8e3f2723) sw      gp, -1810(t5)
core   0: 3 0x8000b716 (0x8e3f2723) mem 0x8000c000 0x00000001
core   0: 0x8000b71a (0x0000bfe5) c.j     pc - 8
core   0: 3 0x8000b71a (0xbfe5)
core   0: 0x8000b712 (0x00001f17) auipc   t5, 0x1
core   0: 3 0x8000b712 (0x00001f17) x30 0x8000c712
core   0: 0x8000b716 (0x8e3f2723) sw      gp, -1810(t5)
core   0: 3 0x8000b716 (0x8e3f2723) mem 0x8000c000 0x00000001
core   0: 0x8000b71a (0x0000bfe5) c.j     pc - 8
core   0: 3 0x8000b71a (0xbfe5)
core   0: 0x8000b712 (0x00001f17) auipc   t5, 0x1
core   0: 3 0x8000b712 (0x00001f17) x30 0x8000c712
core   0: 0x8000b716 (0x8e3f2723) sw      gp, -1810(t5)
core   0: 3 0x8000b716 (0x8e3f2723) mem 0x8000c000 0x00000001
core   0: 0x8000b71a (0x0000bfe5) c.j     pc - 8
core   0: 3 0x8000b71a (0xbfe5)
core   0: 0x8000b712 (0x00001f17) auipc   t5, 0x1
core   0: 3 0x8000b712 (0x00001f17) x30 0x8000c712
core   0: 0x8000b716 (0x8e3f2723) sw      gp, -1810(t5)
core   0: 3 0x8000b716 (0x8e3f2723) mem 0x8000c000 0x00000001
core   0: 0x8000b71a (0x0000bfe5) c.j     pc - 8
core   0: 3 0x8000b71a (0xbfe5)
core   0: 0x8000b712 (0x00001f17) auipc   t5, 0x1
core   0: 3 0x8000b712 (0x00001f17) x30 0x8000c712
core   0: 0x8000b716 (0x8e3f2723) sw      gp, -1810(t5)
core   0: 3 0x8000b716 (0x8e3f2723) mem 0x8000c000 0x00000001
core   0: 0x8000b71a (0x0000bfe5) c.j     pc - 8
core   0: 3 0x8000b71a (0xbfe5)
core   0: 0x8000b712 (0x00001f17) auipc   t5, 0x1
core   0: 3 0x8000b712 (0x00001f17) x30 0x8000c712
core   0: 0x8000b716 (0x8e3f2723) sw      gp, -1810(t5)
core   0: 3 0x8000b716 (0x8e3f2723) mem 0x8000c000 0x00000001
core   0: 0x8000b71a (0x0000bfe5) c.j     pc - 8
core   0: 3 0x8000b71a (0xbfe5)
core   0: 0x8000b712 (0x00001f17) auipc   t5, 0x1
core   0: 3 0x8000b712 (0x00001f17) x30 0x8000c712
core   0: 0x8000b716 (0x8e3f2723) sw      gp, -1810(t5)
core   0: 3 0x8000b716 (0x8e3f2723) mem 0x8000c000 0x00000001
core   0: 0x8000b71a (0x0000bfe5) c.j     pc - 8
core   0: 3 0x8000b71a (0xbfe5)
core   0: 0x8000b712 (0x00001f17) auipc   t5, 0x1
core   0: 3 0x8000b712 (0x00001f17) x30 0x8000c712
core   0: 0x8000b716 (0x8e3f2723) sw      gp, -1810(t5)
core   0: 3 0x8000b716 (0x8e3f2723) mem 0x8000c000 0x00000001
core   0: 0x8000b71a (0x0000bfe5) c.j     pc - 8
core   0: 3 0x8000b71a (0xbfe5)
core   0: 0x8000b712 (0x00001f17) auipc   t5, 0x1
core   0: 3 0x8000b712 (0x00001f17) x30 0x8000c712
core   0: 0x8000b716 (0x8e3f2723) sw      gp, -1810(t5)
core   0: 3 0x8000b716 (0x8e3f2723) mem 0x8000c000 0x00000001
core   0: 0x8000b71a (0x0000bfe5) c.j     pc - 8
core   0: 3 0x8000b71a (0xbfe5)
core   0: 0x8000b712 (0x00001f17) auipc   t5, 0x1
core   0: 3 0x8000b712 (0x00001f17) x30 0x8000c712
core   0: 0x8000b716 (0x8e3f2723) sw      gp, -1810(t5)
core   0: 3 0x8000b716 (0x8e3f2723) mem 0x8000c000 0x00000001
core   0: 0x8000b71a (0x0000bfe5) c.j     pc - 8
core   0: 3 0x8000b71a (0xbfe5)
core   0: 0x8000b712 (0x00001f17) auipc   t5, 0x1
core   0: 3 0x8000b712 (0x00001f17) x30 0x8000c712
core   0: 0x8000b716 (0x8e3f2723) sw      gp, -1810(t5)
core   0: 3 0x8000b716 (0x8e3f2723) mem 0x8000c000 0x00000001
core   0: 0x8000b71a (0x0000bfe5) c.j     pc - 8
core   0: 3 0x8000b71a (0xbfe5)
core   0: 0x8000b712 (0x00001f17) auipc   t5, 0x1
core   0: 3 0x8000b712 (0x00001f17) x30 0x8000c712
core   0: 0x8000b716 (0x8e3f2723) sw      gp, -1810(t5)
core   0: 3 0x8000b716 (0x8e3f2723) mem 0x8000c000 0x00000001
core   0: 0x8000b71a (0x0000bfe5) c.j     pc - 8
core   0: 3 0x8000b71a (0xbfe5)
core   0: 0x8000b712 (0x00001f17) auipc   t5, 0x1
core   0: 3 0x8000b712 (0x00001f17) x30 0x8000c712
core   0: 0x8000b716 (0x8e3f2723) sw      gp, -1810(t5)
core   0: 3 0x8000b716 (0x8e3f2723) mem 0x8000c000 0x00000001
core   0: 0x8000b71a (0x0000bfe5) c.j     pc - 8
core   0: 3 0x8000b71a (0xbfe5)
core   0: 0x8000b712 (0x00001f17) auipc   t5, 0x1
core   0: 3 0x8000b712 (0x00001f17) x30 0x8000c712
core   0: 0x8000b716 (0x8e3f2723) sw      gp, -1810(t5)
core   0: 3 0x8000b716 (0x8e3f2723) mem 0x8000c000 0x00000001
core   0: 0x8000b71a (0x0000bfe5) c.j     pc - 8
core   0: 3 0x8000b71a (0xbfe5)
core   0: 0x8000b712 (0x00001f17) auipc   t5, 0x1
core   0: 3 0x8000b712 (0x00001f17) x30 0x8000c712
core   0: 0x8000b716 (0x8e3f2723) sw      gp, -1810(t5)
core   0: 3 0x8000b716 (0x8e3f2723) mem 0x8000c000 0x00000001
core   0: 0x8000b71a (0x0000bfe5) c.j     pc - 8
core   0: 3 0x8000b71a (0xbfe5)
core   0: 0x8000b712 (0x00001f17) auipc   t5, 0x1
core   0: 3 0x8000b712 (0x00001f17) x30 0x8000c712
core   0: 0x8000b716 (0x8e3f2723) sw      gp, -1810(t5)
core   0: 3 0x8000b716 (0x8e3f2723) mem 0x8000c000 0x00000001
core   0: 0x8000b71a (0x0000bfe5) c.j     pc - 8
core   0: 3 0x8000b71a (0xbfe5)
core   0: 0x8000b712 (0x00001f17) auipc   t5, 0x1
core   0: 3 0x8000b712 (0x00001f17) x30 0x8000c712
core   0: 0x8000b716 (0x8e3f2723) sw      gp, -1810(t5)
core   0: 3 0x8000b716 (0x8e3f2723) mem 0x8000c000 0x00000001
core   0: 0x8000b71a (0x0000bfe5) c.j     pc - 8
core   0: 3 0x8000b71a (0xbfe5)
core   0: 0x8000b712 (0x00001f17) auipc   t5, 0x1
core   0: 3 0x8000b712 (0x00001f17) x30 0x8000c712
core   0: 0x8000b716 (0x8e3f2723) sw      gp, -1810(t5)
core   0: 3 0x8000b716 (0x8e3f2723) mem 0x8000c000 0x00000001
core   0: 0x8000b71a (0x0000bfe5) c.j     pc - 8
core   0: 3 0x8000b71a (0xbfe5)
core   0: 0x8000b712 (0x00001f17) auipc   t5, 0x1
core   0: 3 0x8000b712 (0x00001f17) x30 0x8000c712
core   0: 0x8000b716 (0x8e3f2723) sw      gp, -1810(t5)
core   0: 3 0x8000b716 (0x8e3f2723) mem 0x8000c000 0x00000001
core   0: 0x8000b71a (0x0000bfe5) c.j     pc - 8
core   0: 3 0x8000b71a (0xbfe5)
core   0: 0x8000b712 (0x00001f17) auipc   t5, 0x1
core   0: 3 0x8000b712 (0x00001f17) x30 0x8000c712
core   0: 0x8000b716 (0x8e3f2723) sw      gp, -1810(t5)
core   0: 3 0x8000b716 (0x8e3f2723) mem 0x8000c000 0x00000001
core   0: 0x8000b71a (0x0000bfe5) c.j     pc - 8
core   0: 3 0x8000b71a (0xbfe5)
core   0: 0x8000b712 (0x00001f17) auipc   t5, 0x1
core   0: 3 0x8000b712 (0x00001f17) x30 0x8000c712
core   0: 0x8000b716 (0x8e3f2723) sw      gp, -1810(t5)
core   0: 3 0x8000b716 (0x8e3f2723) mem 0x8000c000 0x00000001
core   0: 0x8000b71a (0x0000bfe5) c.j     pc - 8
core   0: 3 0x8000b71a (0xbfe5)
core   0: 0x8000b712 (0x00001f17) auipc   t5, 0x1
core   0: 3 0x8000b712 (0x00001f17) x30 0x8000c712
core   0: 0x8000b716 (0x8e3f2723) sw      gp, -1810(t5)
core   0: 3 0x8000b716 (0x8e3f2723) mem 0x8000c000 0x00000001
core   0: 0x8000b71a (0x0000bfe5) c.j     pc - 8
core   0: 3 0x8000b71a (0xbfe5)
core   0: 0x8000b712 (0x00001f17) auipc   t5, 0x1
core   0: 3 0x8000b712 (0x00001f17) x30 0x8000c712
core   0: 0x8000b716 (0x8e3f2723) sw      gp, -1810(t5)
core   0: 3 0x8000b716 (0x8e3f2723) mem 0x8000c000 0x00000001
core   0: 0x8000b71a (0x0000bfe5) c.j     pc - 8
core   0: 3 0x8000b71a (0xbfe5)
core   0: 0x8000b712 (0x00001f17) auipc   t5, 0x1
core   0: 3 0x8000b712 (0x00001f17) x30 0x8000c712
core   0: 0x8000b716 (0x8e3f2723) sw      gp, -1810(t5)
core   0: 3 0x8000b716 (0x8e3f2723) mem 0x8000c000 0x00000001
core   0: 0x8000b71a (0x0000bfe5) c.j     pc - 8
core   0: 3 0x8000b71a (0xbfe5)
core   0: 0x8000b712 (0x00001f17) auipc   t5, 0x1
core   0: 3 0x8000b712 (0x00001f17) x30 0x8000c712
core   0: 0x8000b716 (0x8e3f2723) sw      gp, -1810(t5)
core   0: 3 0x8000b716 (0x8e3f2723) mem 0x8000c000 0x00000001
core   0: 0x8000b71a (0x0000bfe5) c.j     pc - 8
core   0: 3 0x8000b71a (0xbfe5)
core   0: 0x8000b712 (0x00001f17) auipc   t5, 0x1
core   0: 3 0x8000b712 (0x00001f17) x30 0x8000c712
core   0: 0x8000b716 (0x8e3f2723) sw      gp, -1810(t5)
core   0: 3 0x8000b716 (0x8e3f2723) mem 0x8000c000 0x00000001
core   0: 0x8000b71a (0x0000bfe5) c.j     pc - 8
core   0: 3 0x8000b71a (0xbfe5)
core   0: 0x8000b712 (0x00001f17) auipc   t5, 0x1
core   0: 3 0x8000b712 (0x00001f17) x30 0x8000c712
core   0: 0x8000b716 (0x8e3f2723) sw      gp, -1810(t5)
core   0: 3 0x8000b716 (0x8e3f2723) mem 0x8000c000 0x00000001
core   0: 0x8000b71a (0x0000bfe5) c.j     pc - 8
core   0: 3 0x8000b71a (0xbfe5)
core   0: 0x8000b712 (0x00001f17) auipc   t5, 0x1
core   0: 3 0x8000b712 (0x00001f17) x30 0x8000c712
core   0: 0x8000b716 (0x8e3f2723) sw      gp, -1810(t5)
core   0: 3 0x8000b716 (0x8e3f2723) mem 0x8000c000 0x00000001
core   0: 0x8000b71a (0x0000bfe5) c.j     pc - 8
core   0: 3 0x8000b71a (0xbfe5)
core   0: 0x8000b712 (0x00001f17) auipc   t5, 0x1
core   0: 3 0x8000b712 (0x00001f17) x30 0x8000c712
core   0: 0x8000b716 (0x8e3f2723) sw      gp, -1810(t5)
core   0: 3 0x8000b716 (0x8e3f2723) mem 0x8000c000 0x00000001
core   0: 0x8000b71a (0x0000bfe5) c.j     pc - 8
core   0: 3 0x8000b71a (0xbfe5)
core   0: 0x8000b712 (0x00001f17) auipc   t5, 0x1
core   0: 3 0x8000b712 (0x00001f17) x30 0x8000c712
core   0: 0x8000b716 (0x8e3f2723) sw      gp, -1810(t5)
core   0: 3 0x8000b716 (0x8e3f2723) mem 0x8000c000 0x00000001
core   0: 0x8000b71a (0x0000bfe5) c.j     pc - 8
core   0: 3 0x8000b71a (0xbfe5)
core   0: 0x8000b712 (0x00001f17) auipc   t5, 0x1
core   0: 3 0x8000b712 (0x00001f17) x30 0x8000c712
core   0: 0x8000b716 (0x8e3f2723) sw      gp, -1810(t5)
core   0: 3 0x8000b716 (0x8e3f2723) mem 0x8000c000 0x00000001
core   0: 0x8000b71a (0x0000bfe5) c.j     pc - 8
core   0: 3 0x8000b71a (0xbfe5)
core   0: 0x8000b712 (0x00001f17) auipc   t5, 0x1
core   0: 3 0x8000b712 (0x00001f17) x30 0x8000c712
core   0: 0x8000b716 (0x8e3f2723) sw      gp, -1810(t5)
core   0: 3 0x8000b716 (0x8e3f2723) mem 0x8000c000 0x00000001
core   0: 0x8000b71a (0x0000bfe5) c.j     pc - 8
core   0: 3 0x8000b71a (0xbfe5)
core   0: 0x8000b712 (0x00001f17) auipc   t5, 0x1
core   0: 3 0x8000b712 (0x00001f17) x30 0x8000c712
core   0: 0x8000b716 (0x8e3f2723) sw      gp, -1810(t5)
core   0: 3 0x8000b716 (0x8e3f2723) mem 0x8000c000 0x00000001
core   0: 0x8000b71a (0x0000bfe5) c.j     pc - 8
core   0: 3 0x8000b71a (0xbfe5)
core   0: 0x8000b712 (0x00001f17) auipc   t5, 0x1
core   0: 3 0x8000b712 (0x00001f17) x30 0x8000c712
core   0: 0x8000b716 (0x8e3f2723) sw      gp, -1810(t5)
core   0: 3 0x8000b716 (0x8e3f2723) mem 0x8000c000 0x00000001
core   0: 0x8000b71a (0x0000bfe5) c.j     pc - 8
core   0: 3 0x8000b71a (0xbfe5)
core   0: 0x8000b712 (0x00001f17) auipc   t5, 0x1
core   0: 3 0x8000b712 (0x00001f17) x30 0x8000c712
core   0: 0x8000b716 (0x8e3f2723) sw      gp, -1810(t5)
core   0: 3 0x8000b716 (0x8e3f2723) mem 0x8000c000 0x00000001
core   0: 0x8000b71a (0x0000bfe5) c.j     pc - 8
core   0: 3 0x8000b71a (0xbfe5)
core   0: 0x8000b712 (0x00001f17) auipc   t5, 0x1
core   0: 3 0x8000b712 (0x00001f17) x30 0x8000c712
core   0: 0x8000b716 (0x8e3f2723) sw      gp, -1810(t5)
core   0: 3 0x8000b716 (0x8e3f2723) mem 0x8000c000 0x00000001
core   0: 0x8000b71a (0x0000bfe5) c.j     pc - 8
core   0: 3 0x8000b71a (0xbfe5)
core   0: 0x8000b712 (0x00001f17) auipc   t5, 0x1
core   0: 3 0x8000b712 (0x00001f17) x30 0x8000c712
core   0: 0x8000b716 (0x8e3f2723) sw      gp, -1810(t5)
core   0: 3 0x8000b716 (0x8e3f2723) mem 0x8000c000 0x00000001
core   0: 0x8000b71a (0x0000bfe5) c.j     pc - 8
core   0: 3 0x8000b71a (0xbfe5)
core   0: 0x8000b712 (0x00001f17) auipc   t5, 0x1
core   0: 3 0x8000b712 (0x00001f17) x30 0x8000c712
core   0: 0x8000b716 (0x8e3f2723) sw      gp, -1810(t5)
core   0: 3 0x8000b716 (0x8e3f2723) mem 0x8000c000 0x00000001
core   0: 0x8000b71a (0x0000bfe5) c.j     pc - 8
core   0: 3 0x8000b71a (0xbfe5)
core   0: 0x8000b712 (0x00001f17) auipc   t5, 0x1
core   0: 3 0x8000b712 (0x00001f17) x30 0x8000c712
core   0: 0x8000b716 (0x8e3f2723) sw      gp, -1810(t5)
core   0: 3 0x8000b716 (0x8e3f2723) mem 0x8000c000 0x00000001
core   0: 0x8000b71a (0x0000bfe5) c.j     pc - 8
core   0: 3 0x8000b71a (0xbfe5)
core   0: 0x8000b712 (0x00001f17) auipc   t5, 0x1
core   0: 3 0x8000b712 (0x00001f17) x30 0x8000c712
core   0: 0x8000b716 (0x8e3f2723) sw      gp, -1810(t5)
core   0: 3 0x8000b716 (0x8e3f2723) mem 0x8000c000 0x00000001
core   0: 0x8000b71a (0x0000bfe5) c.j     pc - 8
core   0: 3 0x8000b71a (0xbfe5)
core   0: 0x8000b712 (0x00001f17) auipc   t5, 0x1
core   0: 3 0x8000b712 (0x00001f17) x30 0x8000c712
core   0: 0x8000b716 (0x8e3f2723) sw      gp, -1810(t5)
core   0: 3 0x8000b716 (0x8e3f2723) mem 0x8000c000 0x00000001
core   0: 0x8000b71a (0x0000bfe5) c.j     pc - 8
core   0: 3 0x8000b71a (0xbfe5)
core   0: 0x8000b712 (0x00001f17) auipc   t5, 0x1
core   0: 3 0x8000b712 (0x00001f17) x30 0x8000c712
core   0: 0x8000b716 (0x8e3f2723) sw      gp, -1810(t5)
core   0: 3 0x8000b716 (0x8e3f2723) mem 0x8000c000 0x00000001
core   0: 0x8000b71a (0x0000bfe5) c.j     pc - 8
core   0: 3 0x8000b71a (0xbfe5)
core   0: 0x8000b712 (0x00001f17) auipc   t5, 0x1
core   0: 3 0x8000b712 (0x00001f17) x30 0x8000c712
core   0: 0x8000b716 (0x8e3f2723) sw      gp, -1810(t5)
core   0: 3 0x8000b716 (0x8e3f2723) mem 0x8000c000 0x00000001
core   0: 0x8000b71a (0x0000bfe5) c.j     pc - 8
core   0: 3 0x8000b71a (0xbfe5)
core   0: 0x8000b712 (0x00001f17) auipc   t5, 0x1
core   0: 3 0x8000b712 (0x00001f17) x30 0x8000c712
core   0: 0x8000b716 (0x8e3f2723) sw      gp, -1810(t5)
core   0: 3 0x8000b716 (0x8e3f2723) mem 0x8000c000 0x00000001
core   0: 0x8000b71a (0x0000bfe5) c.j     pc - 8
core   0: 3 0x8000b71a (0xbfe5)
core   0: 0x8000b712 (0x00001f17) auipc   t5, 0x1
core   0: 3 0x8000b712 (0x00001f17) x30 0x8000c712
core   0: 0x8000b716 (0x8e3f2723) sw      gp, -1810(t5)
core   0: 3 0x8000b716 (0x8e3f2723) mem 0x8000c000 0x00000001
core   0: 0x8000b71a (0x0000bfe5) c.j     pc - 8
core   0: 3 0x8000b71a (0xbfe5)
core   0: 0x8000b712 (0x00001f17) auipc   t5, 0x1
core   0: 3 0x8000b712 (0x00001f17) x30 0x8000c712
core   0: 0x8000b716 (0x8e3f2723) sw      gp, -1810(t5)
core   0: 3 0x8000b716 (0x8e3f2723) mem 0x8000c000 0x00000001
core   0: 0x8000b71a (0x0000bfe5) c.j     pc - 8
core   0: 3 0x8000b71a (0xbfe5)
core   0: 0x8000b712 (0x00001f17) auipc   t5, 0x1
core   0: 3 0x8000b712 (0x00001f17) x30 0x8000c712
core   0: 0x8000b716 (0x8e3f2723) sw      gp, -1810(t5)
core   0: 3 0x8000b716 (0x8e3f2723) mem 0x8000c000 0x00000001
core   0: 0x8000b71a (0x0000bfe5) c.j     pc - 8
core   0: 3 0x8000b71a (0xbfe5)
core   0: 0x8000b712 (0x00001f17) auipc   t5, 0x1
core   0: 3 0x8000b712 (0x00001f17) x30 0x8000c712
core   0: 0x8000b716 (0x8e3f2723) sw      gp, -1810(t5)
core   0: 3 0x8000b716 (0x8e3f2723) mem 0x8000c000 0x00000001
core   0: 0x8000b71a (0x0000bfe5) c.j     pc - 8
core   0: 3 0x8000b71a (0xbfe5)
core   0: 0x8000b712 (0x00001f17) auipc   t5, 0x1
core   0: 3 0x8000b712 (0x00001f17) x30 0x8000c712
core   0: 0x8000b716 (0x8e3f2723) sw      gp, -1810(t5)
core   0: 3 0x8000b716 (0x8e3f2723) mem 0x8000c000 0x00000001
core   0: 0x8000b71a (0x0000bfe5) c.j     pc - 8
core   0: 3 0x8000b71a (0xbfe5)
core   0: 0x8000b712 (0x00001f17) auipc   t5, 0x1
core   0: 3 0x8000b712 (0x00001f17) x30 0x8000c712
core   0: 0x8000b716 (0x8e3f2723) sw      gp, -1810(t5)
core   0: 3 0x8000b716 (0x8e3f2723) mem 0x8000c000 0x00000001
core   0: 0x8000b71a (0x0000bfe5) c.j     pc - 8
core   0: 3 0x8000b71a (0xbfe5)
core   0: 0x8000b712 (0x00001f17) auipc   t5, 0x1
core   0: 3 0x8000b712 (0x00001f17) x30 0x8000c712
core   0: 0x8000b716 (0x8e3f2723) sw      gp, -1810(t5)
core   0: 3 0x8000b716 (0x8e3f2723) mem 0x8000c000 0x00000001
core   0: 0x8000b71a (0x0000bfe5) c.j     pc - 8
core   0: 3 0x8000b71a (0xbfe5)
core   0: 0x8000b712 (0x00001f17) auipc   t5, 0x1
core   0: 3 0x8000b712 (0x00001f17) x30 0x8000c712
core   0: 0x8000b716 (0x8e3f2723) sw      gp, -1810(t5)
core   0: 3 0x8000b716 (0x8e3f2723) mem 0x8000c000 0x00000001
core   0: 0x8000b71a (0x0000bfe5) c.j     pc - 8
core   0: 3 0x8000b71a (0xbfe5)
core   0: 0x8000b712 (0x00001f17) auipc   t5, 0x1
core   0: 3 0x8000b712 (0x00001f17) x30 0x8000c712
core   0: 0x8000b716 (0x8e3f2723) sw      gp, -1810(t5)
core   0: 3 0x8000b716 (0x8e3f2723) mem 0x8000c000 0x00000001
core   0: 0x8000b71a (0x0000bfe5) c.j     pc - 8
core   0: 3 0x8000b71a (0xbfe5)
core   0: 0x8000b712 (0x00001f17) auipc   t5, 0x1
core   0: 3 0x8000b712 (0x00001f17) x30 0x8000c712
core   0: 0x8000b716 (0x8e3f2723) sw      gp, -1810(t5)
core   0: 3 0x8000b716 (0x8e3f2723) mem 0x8000c000 0x00000001
core   0: 0x8000b71a (0x0000bfe5) c.j     pc - 8
core   0: 3 0x8000b71a (0xbfe5)
core   0: 0x8000b712 (0x00001f17) auipc   t5, 0x1
core   0: 3 0x8000b712 (0x00001f17) x30 0x8000c712
core   0: 0x8000b716 (0x8e3f2723) sw      gp, -1810(t5)
core   0: 3 0x8000b716 (0x8e3f2723) mem 0x8000c000 0x00000001
core   0: 0x8000b71a (0x0000bfe5) c.j     pc - 8
core   0: 3 0x8000b71a (0xbfe5)
core   0: 0x8000b712 (0x00001f17) auipc   t5, 0x1
core   0: 3 0x8000b712 (0x00001f17) x30 0x8000c712
core   0: 0x8000b716 (0x8e3f2723) sw      gp, -1810(t5)
core   0: 3 0x8000b716 (0x8e3f2723) mem 0x8000c000 0x00000001
core   0: 0x8000b71a (0x0000bfe5) c.j     pc - 8
core   0: 3 0x8000b71a (0xbfe5)
core   0: 0x8000b712 (0x00001f17) auipc   t5, 0x1
core   0: 3 0x8000b712 (0x00001f17) x30 0x8000c712
core   0: 0x8000b716 (0x8e3f2723) sw      gp, -1810(t5)
core   0: 3 0x8000b716 (0x8e3f2723) mem 0x8000c000 0x00000001
core   0: 0x8000b71a (0x0000bfe5) c.j     pc - 8
core   0: 3 0x8000b71a (0xbfe5)
core   0: 0x8000b712 (0x00001f17) auipc   t5, 0x1
core   0: 3 0x8000b712 (0x00001f17) x30 0x8000c712
core   0: 0x8000b716 (0x8e3f2723) sw      gp, -1810(t5)
core   0: 3 0x8000b716 (0x8e3f2723) mem 0x8000c000 0x00000001
core   0: 0x8000b71a (0x0000bfe5) c.j     pc - 8
core   0: 3 0x8000b71a (0xbfe5)
core   0: 0x8000b712 (0x00001f17) auipc   t5, 0x1
core   0: 3 0x8000b712 (0x00001f17) x30 0x8000c712
core   0: 0x8000b716 (0x8e3f2723) sw      gp, -1810(t5)
core   0: 3 0x8000b716 (0x8e3f2723) mem 0x8000c000 0x00000001
core   0: 0x8000b71a (0x0000bfe5) c.j     pc - 8
core   0: 3 0x8000b71a (0xbfe5)
core   0: 0x8000b712 (0x00001f17) auipc   t5, 0x1
core   0: 3 0x8000b712 (0x00001f17) x30 0x8000c712
core   0: 0x8000b716 (0x8e3f2723) sw      gp, -1810(t5)
core   0: 3 0x8000b716 (0x8e3f2723) mem 0x8000c000 0x00000001
core   0: 0x8000b71a (0x0000bfe5) c.j     pc - 8
core   0: 3 0x8000b71a (0xbfe5)
core   0: 0x8000b712 (0x00001f17) auipc   t5, 0x1
core   0: 3 0x8000b712 (0x00001f17) x30 0x8000c712
core   0: 0x8000b716 (0x8e3f2723) sw      gp, -1810(t5)
core   0: 3 0x8000b716 (0x8e3f2723) mem 0x8000c000 0x00000001
core   0: 0x8000b71a (0x0000bfe5) c.j     pc - 8
core   0: 3 0x8000b71a (0xbfe5)
core   0: 0x8000b712 (0x00001f17) auipc   t5, 0x1
core   0: 3 0x8000b712 (0x00001f17) x30 0x8000c712
core   0: 0x8000b716 (0x8e3f2723) sw      gp, -1810(t5)
core   0: 3 0x8000b716 (0x8e3f2723) mem 0x8000c000 0x00000001
core   0: 0x8000b71a (0x0000bfe5) c.j     pc - 8
core   0: 3 0x8000b71a (0xbfe5)
core   0: 0x8000b712 (0x00001f17) auipc   t5, 0x1
core   0: 3 0x8000b712 (0x00001f17) x30 0x8000c712
core   0: 0x8000b716 (0x8e3f2723) sw      gp, -1810(t5)
core   0: 3 0x8000b716 (0x8e3f2723) mem 0x8000c000 0x00000001
core   0: 0x8000b71a (0x0000bfe5) c.j     pc - 8
core   0: 3 0x8000b71a (0xbfe5)
core   0: 0x8000b712 (0x00001f17) auipc   t5, 0x1
core   0: 3 0x8000b712 (0x00001f17) x30 0x8000c712
core   0: 0x8000b716 (0x8e3f2723) sw      gp, -1810(t5)
core   0: 3 0x8000b716 (0x8e3f2723) mem 0x8000c000 0x00000001
core   0: 0x8000b71a (0x0000bfe5) c.j     pc - 8
core   0: 3 0x8000b71a (0xbfe5)
core   0: 0x8000b712 (0x00001f17) auipc   t5, 0x1
core   0: 3 0x8000b712 (0x00001f17) x30 0x8000c712
core   0: 0x8000b716 (0x8e3f2723) sw      gp, -1810(t5)
core   0: 3 0x8000b716 (0x8e3f2723) mem 0x8000c000 0x00000001
core   0: 0x8000b71a (0x0000bfe5) c.j     pc - 8
core   0: 3 0x8000b71a (0xbfe5)
core   0: 0x8000b712 (0x00001f17) auipc   t5, 0x1
core   0: 3 0x8000b712 (0x00001f17) x30 0x8000c712
core   0: 0x8000b716 (0x8e3f2723) sw      gp, -1810(t5)
core   0: 3 0x8000b716 (0x8e3f2723) mem 0x8000c000 0x00000001
core   0: 0x8000b71a (0x0000bfe5) c.j     pc - 8
core   0: 3 0x8000b71a (0xbfe5)
core   0: 0x8000b712 (0x00001f17) auipc   t5, 0x1
core   0: 3 0x8000b712 (0x00001f17) x30 0x8000c712
core   0: 0x8000b716 (0x8e3f2723) sw      gp, -1810(t5)
core   0: 3 0x8000b716 (0x8e3f2723) mem 0x8000c000 0x00000001
core   0: 0x8000b71a (0x0000bfe5) c.j     pc - 8
core   0: 3 0x8000b71a (0xbfe5)
core   0: 0x8000b712 (0x00001f17) auipc   t5, 0x1
core   0: 3 0x8000b712 (0x00001f17) x30 0x8000c712
core   0: 0x8000b716 (0x8e3f2723) sw      gp, -1810(t5)
core   0: 3 0x8000b716 (0x8e3f2723) mem 0x8000c000 0x00000001
core   0: 0x8000b71a (0x0000bfe5) c.j     pc - 8
core   0: 3 0x8000b71a (0xbfe5)
core   0: 0x8000b712 (0x00001f17) auipc   t5, 0x1
core   0: 3 0x8000b712 (0x00001f17) x30 0x8000c712
core   0: 0x8000b716 (0x8e3f2723) sw      gp, -1810(t5)
core   0: 3 0x8000b716 (0x8e3f2723) mem 0x8000c000 0x00000001
core   0: 0x8000b71a (0x0000bfe5) c.j     pc - 8
core   0: 3 0x8000b71a (0xbfe5)
core   0: 0x8000b712 (0x00001f17) auipc   t5, 0x1
core   0: 3 0x8000b712 (0x00001f17) x30 0x8000c712
core   0: 0x8000b716 (0x8e3f2723) sw      gp, -1810(t5)
core   0: 3 0x8000b716 (0x8e3f2723) mem 0x8000c000 0x00000001
core   0: 0x8000b71a (0x0000bfe5) c.j     pc - 8
core   0: 3 0x8000b71a (0xbfe5)
core   0: 0x8000b712 (0x00001f17) auipc   t5, 0x1
core   0: 3 0x8000b712 (0x00001f17) x30 0x8000c712
core   0: 0x8000b716 (0x8e3f2723) sw      gp, -1810(t5)
core   0: 3 0x8000b716 (0x8e3f2723) mem 0x8000c000 0x00000001
core   0: 0x8000b71a (0x0000bfe5) c.j     pc - 8
core   0: 3 0x8000b71a (0xbfe5)
core   0: 0x8000b712 (0x00001f17) auipc   t5, 0x1
core   0: 3 0x8000b712 (0x00001f17) x30 0x8000c712
core   0: 0x8000b716 (0x8e3f2723) sw      gp, -1810(t5)
core   0: 3 0x8000b716 (0x8e3f2723) mem 0x8000c000 0x00000001
core   0: 0x8000b71a (0x0000bfe5) c.j     pc - 8
core   0: 3 0x8000b71a (0xbfe5)
core   0: 0x8000b712 (0x00001f17) auipc   t5, 0x1
core   0: 3 0x8000b712 (0x00001f17) x30 0x8000c712
core   0: 0x8000b716 (0x8e3f2723) sw      gp, -1810(t5)
core   0: 3 0x8000b716 (0x8e3f2723) mem 0x8000c000 0x00000001
core   0: 0x8000b71a (0x0000bfe5) c.j     pc - 8
core   0: 3 0x8000b71a (0xbfe5)
core   0: 0x8000b712 (0x00001f17) auipc   t5, 0x1
core   0: 3 0x8000b712 (0x00001f17) x30 0x8000c712
core   0: 0x8000b716 (0x8e3f2723) sw      gp, -1810(t5)
core   0: 3 0x8000b716 (0x8e3f2723) mem 0x8000c000 0x00000001
core   0: 0x8000b71a (0x0000bfe5) c.j     pc - 8
core   0: 3 0x8000b71a (0xbfe5)
core   0: 0x8000b712 (0x00001f17) auipc   t5, 0x1
core   0: 3 0x8000b712 (0x00001f17) x30 0x8000c712
core   0: 0x8000b716 (0x8e3f2723) sw      gp, -1810(t5)
core   0: 3 0x8000b716 (0x8e3f2723) mem 0x8000c000 0x00000001
core   0: 0x8000b71a (0x0000bfe5) c.j     pc - 8
core   0: 3 0x8000b71a (0xbfe5)
core   0: 0x8000b712 (0x00001f17) auipc   t5, 0x1
core   0: 3 0x8000b712 (0x00001f17) x30 0x8000c712
core   0: 0x8000b716 (0x8e3f2723) sw      gp, -1810(t5)
core   0: 3 0x8000b716 (0x8e3f2723) mem 0x8000c000 0x00000001
core   0: 0x8000b71a (0x0000bfe5) c.j     pc - 8
core   0: 3 0x8000b71a (0xbfe5)
core   0: 0x8000b712 (0x00001f17) auipc   t5, 0x1
core   0: 3 0x8000b712 (0x00001f17) x30 0x8000c712
core   0: 0x8000b716 (0x8e3f2723) sw      gp, -1810(t5)
core   0: 3 0x8000b716 (0x8e3f2723) mem 0x8000c000 0x00000001
core   0: 0x8000b71a (0x0000bfe5) c.j     pc - 8
core   0: 3 0x8000b71a (0xbfe5)
core   0: 0x8000b712 (0x00001f17) auipc   t5, 0x1
core   0: 3 0x8000b712 (0x00001f17) x30 0x8000c712
core   0: 0x8000b716 (0x8e3f2723) sw      gp, -1810(t5)
core   0: 3 0x8000b716 (0x8e3f2723) mem 0x8000c000 0x00000001
core   0: 0x8000b71a (0x0000bfe5) c.j     pc - 8
core   0: 3 0x8000b71a (0xbfe5)
core   0: 0x8000b712 (0x00001f17) auipc   t5, 0x1
core   0: 3 0x8000b712 (0x00001f17) x30 0x8000c712
core   0: 0x8000b716 (0x8e3f2723) sw      gp, -1810(t5)
core   0: 3 0x8000b716 (0x8e3f2723) mem 0x8000c000 0x00000001
core   0: 0x8000b71a (0x0000bfe5) c.j     pc - 8
core   0: 3 0x8000b71a (0xbfe5)
core   0: 0x8000b712 (0x00001f17) auipc   t5, 0x1
core   0: 3 0x8000b712 (0x00001f17) x30 0x8000c712
core   0: 0x8000b716 (0x8e3f2723) sw      gp, -1810(t5)
core   0: 3 0x8000b716 (0x8e3f2723) mem 0x8000c000 0x00000001
core   0: 0x8000b71a (0x0000bfe5) c.j     pc - 8
core   0: 3 0x8000b71a (0xbfe5)
core   0: 0x8000b712 (0x00001f17) auipc   t5, 0x1
core   0: 3 0x8000b712 (0x00001f17) x30 0x8000c712
core   0: 0x8000b716 (0x8e3f2723) sw      gp, -1810(t5)
core   0: 3 0x8000b716 (0x8e3f2723) mem 0x8000c000 0x00000001
core   0: 0x8000b71a (0x0000bfe5) c.j     pc - 8
core   0: 3 0x8000b71a (0xbfe5)
core   0: 0x8000b712 (0x00001f17) auipc   t5, 0x1
core   0: 3 0x8000b712 (0x00001f17) x30 0x8000c712
core   0: 0x8000b716 (0x8e3f2723) sw      gp, -1810(t5)
core   0: 3 0x8000b716 (0x8e3f2723) mem 0x8000c000 0x00000001
core   0: 0x8000b71a (0x0000bfe5) c.j     pc - 8
core   0: 3 0x8000b71a (0xbfe5)
core   0: 0x8000b712 (0x00001f17) auipc   t5, 0x1
core   0: 3 0x8000b712 (0x00001f17) x30 0x8000c712
core   0: 0x8000b716 (0x8e3f2723) sw      gp, -1810(t5)
core   0: 3 0x8000b716 (0x8e3f2723) mem 0x8000c000 0x00000001
core   0: 0x8000b71a (0x0000bfe5) c.j     pc - 8
core   0: 3 0x8000b71a (0xbfe5)
core   0: 0x8000b712 (0x00001f17) auipc   t5, 0x1
core   0: 3 0x8000b712 (0x00001f17) x30 0x8000c712
core   0: 0x8000b716 (0x8e3f2723) sw      gp, -1810(t5)
core   0: 3 0x8000b716 (0x8e3f2723) mem 0x8000c000 0x00000001
core   0: 0x8000b71a (0x0000bfe5) c.j     pc - 8
core   0: 3 0x8000b71a (0xbfe5)
core   0: 0x8000b712 (0x00001f17) auipc   t5, 0x1
core   0: 3 0x8000b712 (0x00001f17) x30 0x8000c712
core   0: 0x8000b716 (0x8e3f2723) sw      gp, -1810(t5)
core   0: 3 0x8000b716 (0x8e3f2723) mem 0x8000c000 0x00000001
core   0: 0x8000b71a (0x0000bfe5) c.j     pc - 8
core   0: 3 0x8000b71a (0xbfe5)
core   0: 0x8000b712 (0x00001f17) auipc   t5, 0x1
core   0: 3 0x8000b712 (0x00001f17) x30 0x8000c712
core   0: 0x8000b716 (0x8e3f2723) sw      gp, -1810(t5)
core   0: 3 0x8000b716 (0x8e3f2723) mem 0x8000c000 0x00000001
core   0: 0x8000b71a (0x0000bfe5) c.j     pc - 8
core   0: 3 0x8000b71a (0xbfe5)
core   0: 0x8000b712 (0x00001f17) auipc   t5, 0x1
core   0: 3 0x8000b712 (0x00001f17) x30 0x8000c712
core   0: 0x8000b716 (0x8e3f2723) sw      gp, -1810(t5)
core   0: 3 0x8000b716 (0x8e3f2723) mem 0x8000c000 0x00000001
core   0: 0x8000b71a (0x0000bfe5) c.j     pc - 8
core   0: 3 0x8000b71a (0xbfe5)
core   0: 0x8000b712 (0x00001f17) auipc   t5, 0x1
core   0: 3 0x8000b712 (0x00001f17) x30 0x8000c712
core   0: 0x8000b716 (0x8e3f2723) sw      gp, -1810(t5)
core   0: 3 0x8000b716 (0x8e3f2723) mem 0x8000c000 0x00000001
core   0: 0x8000b71a (0x0000bfe5) c.j     pc - 8
core   0: 3 0x8000b71a (0xbfe5)
core   0: 0x8000b712 (0x00001f17) auipc   t5, 0x1
core   0: 3 0x8000b712 (0x00001f17) x30 0x8000c712
core   0: 0x8000b716 (0x8e3f2723) sw      gp, -1810(t5)
core   0: 3 0x8000b716 (0x8e3f2723) mem 0x8000c000 0x00000001
core   0: 0x8000b71a (0x0000bfe5) c.j     pc - 8
core   0: 3 0x8000b71a (0xbfe5)
core   0: 0x8000b712 (0x00001f17) auipc   t5, 0x1
core   0: 3 0x8000b712 (0x00001f17) x30 0x8000c712
core   0: 0x8000b716 (0x8e3f2723) sw      gp, -1810(t5)
core   0: 3 0x8000b716 (0x8e3f2723) mem 0x8000c000 0x00000001
core   0: 0x8000b71a (0x0000bfe5) c.j     pc - 8
core   0: 3 0x8000b71a (0xbfe5)
core   0: 0x8000b712 (0x00001f17) auipc   t5, 0x1
core   0: 3 0x8000b712 (0x00001f17) x30 0x8000c712
core   0: 0x8000b716 (0x8e3f2723) sw      gp, -1810(t5)
core   0: 3 0x8000b716 (0x8e3f2723) mem 0x8000c000 0x00000001
core   0: 0x8000b71a (0x0000bfe5) c.j     pc - 8
core   0: 3 0x8000b71a (0xbfe5)
core   0: 0x8000b712 (0x00001f17) auipc   t5, 0x1
core   0: 3 0x8000b712 (0x00001f17) x30 0x8000c712
core   0: 0x8000b716 (0x8e3f2723) sw      gp, -1810(t5)
core   0: 3 0x8000b716 (0x8e3f2723) mem 0x8000c000 0x00000001
core   0: 0x8000b71a (0x0000bfe5) c.j     pc - 8
core   0: 3 0x8000b71a (0xbfe5)
core   0: 0x8000b712 (0x00001f17) auipc   t5, 0x1
core   0: 3 0x8000b712 (0x00001f17) x30 0x8000c712
core   0: 0x8000b716 (0x8e3f2723) sw      gp, -1810(t5)
core   0: 3 0x8000b716 (0x8e3f2723) mem 0x8000c000 0x00000001
core   0: 0x8000b71a (0x0000bfe5) c.j     pc - 8
core   0: 3 0x8000b71a (0xbfe5)
core   0: 0x8000b712 (0x00001f17) auipc   t5, 0x1
core   0: 3 0x8000b712 (0x00001f17) x30 0x8000c712
core   0: 0x8000b716 (0x8e3f2723) sw      gp, -1810(t5)
core   0: 3 0x8000b716 (0x8e3f2723) mem 0x8000c000 0x00000001
core   0: 0x8000b71a (0x0000bfe5) c.j     pc - 8
core   0: 3 0x8000b71a (0xbfe5)
core   0: 0x8000b712 (0x00001f17) auipc   t5, 0x1
core   0: 3 0x8000b712 (0x00001f17) x30 0x8000c712
core   0: 0x8000b716 (0x8e3f2723) sw      gp, -1810(t5)
core   0: 3 0x8000b716 (0x8e3f2723) mem 0x8000c000 0x00000001
core   0: 0x8000b71a (0x0000bfe5) c.j     pc - 8
core   0: 3 0x8000b71a (0xbfe5)
core   0: 0x8000b712 (0x00001f17) auipc   t5, 0x1
core   0: 3 0x8000b712 (0x00001f17) x30 0x8000c712
core   0: 0x8000b716 (0x8e3f2723) sw      gp, -1810(t5)
core   0: 3 0x8000b716 (0x8e3f2723) mem 0x8000c000 0x00000001
core   0: 0x8000b71a (0x0000bfe5) c.j     pc - 8
core   0: 3 0x8000b71a (0xbfe5)
core   0: 0x8000b712 (0x00001f17) auipc   t5, 0x1
core   0: 3 0x8000b712 (0x00001f17) x30 0x8000c712
core   0: 0x8000b716 (0x8e3f2723) sw      gp, -1810(t5)
core   0: 3 0x8000b716 (0x8e3f2723) mem 0x8000c000 0x00000001
core   0: 0x8000b71a (0x0000bfe5) c.j     pc - 8
core   0: 3 0x8000b71a (0xbfe5)
core   0: 0x8000b712 (0x00001f17) auipc   t5, 0x1
core   0: 3 0x8000b712 (0x00001f17) x30 0x8000c712
core   0: 0x8000b716 (0x8e3f2723) sw      gp, -1810(t5)
core   0: 3 0x8000b716 (0x8e3f2723) mem 0x8000c000 0x00000001
core   0: 0x8000b71a (0x0000bfe5) c.j     pc - 8
core   0: 3 0x8000b71a (0xbfe5)
core   0: 0x8000b712 (0x00001f17) auipc   t5, 0x1
core   0: 3 0x8000b712 (0x00001f17) x30 0x8000c712
core   0: 0x8000b716 (0x8e3f2723) sw      gp, -1810(t5)
core   0: 3 0x8000b716 (0x8e3f2723) mem 0x8000c000 0x00000001
core   0: 0x8000b71a (0x0000bfe5) c.j     pc - 8
core   0: 3 0x8000b71a (0xbfe5)
core   0: 0x8000b712 (0x00001f17) auipc   t5, 0x1
core   0: 3 0x8000b712 (0x00001f17) x30 0x8000c712
core   0: 0x8000b716 (0x8e3f2723) sw      gp, -1810(t5)
core   0: 3 0x8000b716 (0x8e3f2723) mem 0x8000c000 0x00000001
core   0: 0x8000b71a (0x0000bfe5) c.j     pc - 8
core   0: 3 0x8000b71a (0xbfe5)
core   0: 0x8000b712 (0x00001f17) auipc   t5, 0x1
core   0: 3 0x8000b712 (0x00001f17) x30 0x8000c712
core   0: 0x8000b716 (0x8e3f2723) sw      gp, -1810(t5)
core   0: 3 0x8000b716 (0x8e3f2723) mem 0x8000c000 0x00000001
core   0: 0x8000b71a (0x0000bfe5) c.j     pc - 8
core   0: 3 0x8000b71a (0xbfe5)
core   0: 0x8000b712 (0x00001f17) auipc   t5, 0x1
core   0: 3 0x8000b712 (0x00001f17) x30 0x8000c712
core   0: 0x8000b716 (0x8e3f2723) sw      gp, -1810(t5)
core   0: 3 0x8000b716 (0x8e3f2723) mem 0x8000c000 0x00000001
core   0: 0x8000b71a (0x0000bfe5) c.j     pc - 8
core   0: 3 0x8000b71a (0xbfe5)
core   0: 0x8000b712 (0x00001f17) auipc   t5, 0x1
core   0: 3 0x8000b712 (0x00001f17) x30 0x8000c712
core   0: 0x8000b716 (0x8e3f2723) sw      gp, -1810(t5)
core   0: 3 0x8000b716 (0x8e3f2723) mem 0x8000c000 0x00000001
core   0: 0x8000b71a (0x0000bfe5) c.j     pc - 8
core   0: 3 0x8000b71a (0xbfe5)
core   0: 0x8000b712 (0x00001f17) auipc   t5, 0x1
core   0: 3 0x8000b712 (0x00001f17) x30 0x8000c712
core   0: 0x8000b716 (0x8e3f2723) sw      gp, -1810(t5)
core   0: 3 0x8000b716 (0x8e3f2723) mem 0x8000c000 0x00000001
core   0: 0x8000b71a (0x0000bfe5) c.j     pc - 8
core   0: 3 0x8000b71a (0xbfe5)
core   0: 0x8000b712 (0x00001f17) auipc   t5, 0x1
core   0: 3 0x8000b712 (0x00001f17) x30 0x8000c712
core   0: 0x8000b716 (0x8e3f2723) sw      gp, -1810(t5)
core   0: 3 0x8000b716 (0x8e3f2723) mem 0x8000c000 0x00000001
core   0: 0x8000b71a (0x0000bfe5) c.j     pc - 8
core   0: 3 0x8000b71a (0xbfe5)
core   0: 0x8000b712 (0x00001f17) auipc   t5, 0x1
core   0: 3 0x8000b712 (0x00001f17) x30 0x8000c712
core   0: 0x8000b716 (0x8e3f2723) sw      gp, -1810(t5)
core   0: 3 0x8000b716 (0x8e3f2723) mem 0x8000c000 0x00000001
core   0: 0x8000b71a (0x0000bfe5) c.j     pc - 8
core   0: 3 0x8000b71a (0xbfe5)
core   0: 0x8000b712 (0x00001f17) auipc   t5, 0x1
core   0: 3 0x8000b712 (0x00001f17) x30 0x8000c712
core   0: 0x8000b716 (0x8e3f2723) sw      gp, -1810(t5)
core   0: 3 0x8000b716 (0x8e3f2723) mem 0x8000c000 0x00000001
core   0: 0x8000b71a (0x0000bfe5) c.j     pc - 8
core   0: 3 0x8000b71a (0xbfe5)
core   0: 0x8000b712 (0x00001f17) auipc   t5, 0x1
core   0: 3 0x8000b712 (0x00001f17) x30 0x8000c712
core   0: 0x8000b716 (0x8e3f2723) sw      gp, -1810(t5)
core   0: 3 0x8000b716 (0x8e3f2723) mem 0x8000c000 0x00000001
core   0: 0x8000b71a (0x0000bfe5) c.j     pc - 8
core   0: 3 0x8000b71a (0xbfe5)
core   0: 0x8000b712 (0x00001f17) auipc   t5, 0x1
core   0: 3 0x8000b712 (0x00001f17) x30 0x8000c712
core   0: 0x8000b716 (0x8e3f2723) sw      gp, -1810(t5)
core   0: 3 0x8000b716 (0x8e3f2723) mem 0x8000c000 0x00000001
core   0: 0x8000b71a (0x0000bfe5) c.j     pc - 8
core   0: 3 0x8000b71a (0xbfe5)
core   0: 0x8000b712 (0x00001f17) auipc   t5, 0x1
core   0: 3 0x8000b712 (0x00001f17) x30 0x8000c712
core   0: 0x8000b716 (0x8e3f2723) sw      gp, -1810(t5)
core   0: 3 0x8000b716 (0x8e3f2723) mem 0x8000c000 0x00000001
core   0: 0x8000b71a (0x0000bfe5) c.j     pc - 8
core   0: 3 0x8000b71a (0xbfe5)
core   0: 0x8000b712 (0x00001f17) auipc   t5, 0x1
core   0: 3 0x8000b712 (0x00001f17) x30 0x8000c712
core   0: 0x8000b716 (0x8e3f2723) sw      gp, -1810(t5)
core   0: 3 0x8000b716 (0x8e3f2723) mem 0x8000c000 0x00000001
core   0: 0x8000b71a (0x0000bfe5) c.j     pc - 8
core   0: 3 0x8000b71a (0xbfe5)
core   0: 0x8000b712 (0x00001f17) auipc   t5, 0x1
core   0: 3 0x8000b712 (0x00001f17) x30 0x8000c712
core   0: 0x8000b716 (0x8e3f2723) sw      gp, -1810(t5)
core   0: 3 0x8000b716 (0x8e3f2723) mem 0x8000c000 0x00000001
core   0: 0x8000b71a (0x0000bfe5) c.j     pc - 8
core   0: 3 0x8000b71a (0xbfe5)
core   0: 0x8000b712 (0x00001f17) auipc   t5, 0x1
core   0: 3 0x8000b712 (0x00001f17) x30 0x8000c712
core   0: 0x8000b716 (0x8e3f2723) sw      gp, -1810(t5)
core   0: 3 0x8000b716 (0x8e3f2723) mem 0x8000c000 0x00000001
core   0: 0x8000b71a (0x0000bfe5) c.j     pc - 8
core   0: 3 0x8000b71a (0xbfe5)
core   0: 0x8000b712 (0x00001f17) auipc   t5, 0x1
core   0: 3 0x8000b712 (0x00001f17) x30 0x8000c712
core   0: 0x8000b716 (0x8e3f2723) sw      gp, -1810(t5)
core   0: 3 0x8000b716 (0x8e3f2723) mem 0x8000c000 0x00000001
core   0: 0x8000b71a (0x0000bfe5) c.j     pc - 8
core   0: 3 0x8000b71a (0xbfe5)
core   0: 0x8000b712 (0x00001f17) auipc   t5, 0x1
core   0: 3 0x8000b712 (0x00001f17) x30 0x8000c712
core   0: 0x8000b716 (0x8e3f2723) sw      gp, -1810(t5)
core   0: 3 0x8000b716 (0x8e3f2723) mem 0x8000c000 0x00000001
core   0: 0x8000b71a (0x0000bfe5) c.j     pc - 8
core   0: 3 0x8000b71a (0xbfe5)
core   0: 0x8000b712 (0x00001f17) auipc   t5, 0x1
core   0: 3 0x8000b712 (0x00001f17) x30 0x8000c712
core   0: 0x8000b716 (0x8e3f2723) sw      gp, -1810(t5)
core   0: 3 0x8000b716 (0x8e3f2723) mem 0x8000c000 0x00000001
core   0: 0x8000b71a (0x0000bfe5) c.j     pc - 8
core   0: 3 0x8000b71a (0xbfe5)
core   0: 0x8000b712 (0x00001f17) auipc   t5, 0x1
core   0: 3 0x8000b712 (0x00001f17) x30 0x8000c712
core   0: 0x8000b716 (0x8e3f2723) sw      gp, -1810(t5)
core   0: 3 0x8000b716 (0x8e3f2723) mem 0x8000c000 0x00000001
core   0: 0x8000b71a (0x0000bfe5) c.j     pc - 8
core   0: 3 0x8000b71a (0xbfe5)
core   0: 0x8000b712 (0x00001f17) auipc   t5, 0x1
core   0: 3 0x8000b712 (0x00001f17) x30 0x8000c712
core   0: 0x8000b716 (0x8e3f2723) sw      gp, -1810(t5)
core   0: 3 0x8000b716 (0x8e3f2723) mem 0x8000c000 0x00000001
core   0: 0x8000b71a (0x0000bfe5) c.j     pc - 8
core   0: 3 0x8000b71a (0xbfe5)
core   0: 0x8000b712 (0x00001f17) auipc   t5, 0x1
core   0: 3 0x8000b712 (0x00001f17) x30 0x8000c712
core   0: 0x8000b716 (0x8e3f2723) sw      gp, -1810(t5)
core   0: 3 0x8000b716 (0x8e3f2723) mem 0x8000c000 0x00000001
core   0: 0x8000b71a (0x0000bfe5) c.j     pc - 8
core   0: 3 0x8000b71a (0xbfe5)
core   0: 0x8000b712 (0x00001f17) auipc   t5, 0x1
core   0: 3 0x8000b712 (0x00001f17) x30 0x8000c712
core   0: 0x8000b716 (0x8e3f2723) sw      gp, -1810(t5)
core   0: 3 0x8000b716 (0x8e3f2723) mem 0x8000c000 0x00000001
core   0: 0x8000b71a (0x0000bfe5) c.j     pc - 8
core   0: 3 0x8000b71a (0xbfe5)
core   0: 0x8000b712 (0x00001f17) auipc   t5, 0x1
core   0: 3 0x8000b712 (0x00001f17) x30 0x8000c712
core   0: 0x8000b716 (0x8e3f2723) sw      gp, -1810(t5)
core   0: 3 0x8000b716 (0x8e3f2723) mem 0x8000c000 0x00000001
core   0: 0x8000b71a (0x0000bfe5) c.j     pc - 8
core   0: 3 0x8000b71a (0xbfe5)
core   0: 0x8000b712 (0x00001f17) auipc   t5, 0x1
core   0: 3 0x8000b712 (0x00001f17) x30 0x8000c712
core   0: 0x8000b716 (0x8e3f2723) sw      gp, -1810(t5)
core   0: 3 0x8000b716 (0x8e3f2723) mem 0x8000c000 0x00000001
core   0: 0x8000b71a (0x0000bfe5) c.j     pc - 8
core   0: 3 0x8000b71a (0xbfe5)
core   0: 0x8000b712 (0x00001f17) auipc   t5, 0x1
core   0: 3 0x8000b712 (0x00001f17) x30 0x8000c712
core   0: 0x8000b716 (0x8e3f2723) sw      gp, -1810(t5)
core   0: 3 0x8000b716 (0x8e3f2723) mem 0x8000c000 0x00000001
core   0: 0x8000b71a (0x0000bfe5) c.j     pc - 8
core   0: 3 0x8000b71a (0xbfe5)
core   0: 0x8000b712 (0x00001f17) auipc   t5, 0x1
core   0: 3 0x8000b712 (0x00001f17) x30 0x8000c712
core   0: 0x8000b716 (0x8e3f2723) sw      gp, -1810(t5)
core   0: 3 0x8000b716 (0x8e3f2723) mem 0x8000c000 0x00000001
core   0: 0x8000b71a (0x0000bfe5) c.j     pc - 8
core   0: 3 0x8000b71a (0xbfe5)
core   0: 0x8000b712 (0x00001f17) auipc   t5, 0x1
core   0: 3 0x8000b712 (0x00001f17) x30 0x8000c712
core   0: 0x8000b716 (0x8e3f2723) sw      gp, -1810(t5)
core   0: 3 0x8000b716 (0x8e3f2723) mem 0x8000c000 0x00000001
core   0: 0x8000b71a (0x0000bfe5) c.j     pc - 8
core   0: 3 0x8000b71a (0xbfe5)
core   0: 0x8000b712 (0x00001f17) auipc   t5, 0x1
core   0: 3 0x8000b712 (0x00001f17) x30 0x8000c712
core   0: 0x8000b716 (0x8e3f2723) sw      gp, -1810(t5)
core   0: 3 0x8000b716 (0x8e3f2723) mem 0x8000c000 0x00000001
core   0: 0x8000b71a (0x0000bfe5) c.j     pc - 8
core   0: 3 0x8000b71a (0xbfe5)
core   0: 0x8000b712 (0x00001f17) auipc   t5, 0x1
core   0: 3 0x8000b712 (0x00001f17) x30 0x8000c712
core   0: 0x8000b716 (0x8e3f2723) sw      gp, -1810(t5)
core   0: 3 0x8000b716 (0x8e3f2723) mem 0x8000c000 0x00000001
core   0: 0x8000b71a (0x0000bfe5) c.j     pc - 8
core   0: 3 0x8000b71a (0xbfe5)
core   0: 0x8000b712 (0x00001f17) auipc   t5, 0x1
core   0: 3 0x8000b712 (0x00001f17) x30 0x8000c712
core   0: 0x8000b716 (0x8e3f2723) sw      gp, -1810(t5)
core   0: 3 0x8000b716 (0x8e3f2723) mem 0x8000c000 0x00000001
core   0: 0x8000b71a (0x0000bfe5) c.j     pc - 8
core   0: 3 0x8000b71a (0xbfe5)
core   0: 0x8000b712 (0x00001f17) auipc   t5, 0x1
core   0: 3 0x8000b712 (0x00001f17) x30 0x8000c712
core   0: 0x8000b716 (0x8e3f2723) sw      gp, -1810(t5)
core   0: 3 0x8000b716 (0x8e3f2723) mem 0x8000c000 0x00000001
core   0: 0x8000b71a (0x0000bfe5) c.j     pc - 8
core   0: 3 0x8000b71a (0xbfe5)
core   0: 0x8000b712 (0x00001f17) auipc   t5, 0x1
core   0: 3 0x8000b712 (0x00001f17) x30 0x8000c712
core   0: 0x8000b716 (0x8e3f2723) sw      gp, -1810(t5)
core   0: 3 0x8000b716 (0x8e3f2723) mem 0x8000c000 0x00000001
core   0: 0x8000b71a (0x0000bfe5) c.j     pc - 8
core   0: 3 0x8000b71a (0xbfe5)
core   0: 0x8000b712 (0x00001f17) auipc   t5, 0x1
core   0: 3 0x8000b712 (0x00001f17) x30 0x8000c712
core   0: 0x8000b716 (0x8e3f2723) sw      gp, -1810(t5)
core   0: 3 0x8000b716 (0x8e3f2723) mem 0x8000c000 0x00000001
core   0: 0x8000b71a (0x0000bfe5) c.j     pc - 8
core   0: 3 0x8000b71a (0xbfe5)
core   0: 0x8000b712 (0x00001f17) auipc   t5, 0x1
core   0: 3 0x8000b712 (0x00001f17) x30 0x8000c712
core   0: 0x8000b716 (0x8e3f2723) sw      gp, -1810(t5)
core   0: 3 0x8000b716 (0x8e3f2723) mem 0x8000c000 0x00000001
core   0: 0x8000b71a (0x0000bfe5) c.j     pc - 8
core   0: 3 0x8000b71a (0xbfe5)
core   0: 0x8000b712 (0x00001f17) auipc   t5, 0x1
core   0: 3 0x8000b712 (0x00001f17) x30 0x8000c712
core   0: 0x8000b716 (0x8e3f2723) sw      gp, -1810(t5)
core   0: 3 0x8000b716 (0x8e3f2723) mem 0x8000c000 0x00000001
core   0: 0x8000b71a (0x0000bfe5) c.j     pc - 8
core   0: 3 0x8000b71a (0xbfe5)
core   0: 0x8000b712 (0x00001f17) auipc   t5, 0x1
core   0: 3 0x8000b712 (0x00001f17) x30 0x8000c712
core   0: 0x8000b716 (0x8e3f2723) sw      gp, -1810(t5)
core   0: 3 0x8000b716 (0x8e3f2723) mem 0x8000c000 0x00000001
core   0: 0x8000b71a (0x0000bfe5) c.j     pc - 8
core   0: 3 0x8000b71a (0xbfe5)
core   0: 0x8000b712 (0x00001f17) auipc   t5, 0x1
core   0: 3 0x8000b712 (0x00001f17) x30 0x8000c712
core   0: 0x8000b716 (0x8e3f2723) sw      gp, -1810(t5)
core   0: 3 0x8000b716 (0x8e3f2723) mem 0x8000c000 0x00000001
core   0: 0x8000b71a (0x0000bfe5) c.j     pc - 8
core   0: 3 0x8000b71a (0xbfe5)
core   0: 0x8000b712 (0x00001f17) auipc   t5, 0x1
core   0: 3 0x8000b712 (0x00001f17) x30 0x8000c712
core   0: 0x8000b716 (0x8e3f2723) sw      gp, -1810(t5)
core   0: 3 0x8000b716 (0x8e3f2723) mem 0x8000c000 0x00000001
core   0: 0x8000b71a (0x0000bfe5) c.j     pc - 8
core   0: 3 0x8000b71a (0xbfe5)
core   0: 0x8000b712 (0x00001f17) auipc   t5, 0x1
core   0: 3 0x8000b712 (0x00001f17) x30 0x8000c712
core   0: 0x8000b716 (0x8e3f2723) sw      gp, -1810(t5)
core   0: 3 0x8000b716 (0x8e3f2723) mem 0x8000c000 0x00000001
core   0: 0x8000b71a (0x0000bfe5) c.j     pc - 8
core   0: 3 0x8000b71a (0xbfe5)
core   0: 0x8000b712 (0x00001f17) auipc   t5, 0x1
core   0: 3 0x8000b712 (0x00001f17) x30 0x8000c712
core   0: 0x8000b716 (0x8e3f2723) sw      gp, -1810(t5)
core   0: 3 0x8000b716 (0x8e3f2723) mem 0x8000c000 0x00000001
core   0: 0x8000b71a (0x0000bfe5) c.j     pc - 8
core   0: 3 0x8000b71a (0xbfe5)
core   0: 0x8000b712 (0x00001f17) auipc   t5, 0x1
core   0: 3 0x8000b712 (0x00001f17) x30 0x8000c712
core   0: 0x8000b716 (0x8e3f2723) sw      gp, -1810(t5)
core   0: 3 0x8000b716 (0x8e3f2723) mem 0x8000c000 0x00000001
core   0: 0x8000b71a (0x0000bfe5) c.j     pc - 8
core   0: 3 0x8000b71a (0xbfe5)
core   0: 0x8000b712 (0x00001f17) auipc   t5, 0x1
core   0: 3 0x8000b712 (0x00001f17) x30 0x8000c712
core   0: 0x8000b716 (0x8e3f2723) sw      gp, -1810(t5)
core   0: 3 0x8000b716 (0x8e3f2723) mem 0x8000c000 0x00000001
core   0: 0x8000b71a (0x0000bfe5) c.j     pc - 8
core   0: 3 0x8000b71a (0xbfe5)
core   0: 0x8000b712 (0x00001f17) auipc   t5, 0x1
core   0: 3 0x8000b712 (0x00001f17) x30 0x8000c712
core   0: 0x8000b716 (0x8e3f2723) sw      gp, -1810(t5)
core   0: 3 0x8000b716 (0x8e3f2723) mem 0x8000c000 0x00000001
core   0: 0x8000b71a (0x0000bfe5) c.j     pc - 8
core   0: 3 0x8000b71a (0xbfe5)
core   0: 0x8000b712 (0x00001f17) auipc   t5, 0x1
core   0: 3 0x8000b712 (0x00001f17) x30 0x8000c712
core   0: 0x8000b716 (0x8e3f2723) sw      gp, -1810(t5)
core   0: 3 0x8000b716 (0x8e3f2723) mem 0x8000c000 0x00000001
core   0: 0x8000b71a (0x0000bfe5) c.j     pc - 8
core   0: 3 0x8000b71a (0xbfe5)
core   0: 0x8000b712 (0x00001f17) auipc   t5, 0x1
core   0: 3 0x8000b712 (0x00001f17) x30 0x8000c712
core   0: 0x8000b716 (0x8e3f2723) sw      gp, -1810(t5)
core   0: 3 0x8000b716 (0x8e3f2723) mem 0x8000c000 0x00000001
core   0: 0x8000b71a (0x0000bfe5) c.j     pc - 8
core   0: 3 0x8000b71a (0xbfe5)
core   0: 0x8000b712 (0x00001f17) auipc   t5, 0x1
core   0: 3 0x8000b712 (0x00001f17) x30 0x8000c712
core   0: 0x8000b716 (0x8e3f2723) sw      gp, -1810(t5)
core   0: 3 0x8000b716 (0x8e3f2723) mem 0x8000c000 0x00000001
core   0: 0x8000b71a (0x0000bfe5) c.j     pc - 8
core   0: 3 0x8000b71a (0xbfe5)
core   0: 0x8000b712 (0x00001f17) auipc   t5, 0x1
core   0: 3 0x8000b712 (0x00001f17) x30 0x8000c712
core   0: 0x8000b716 (0x8e3f2723) sw      gp, -1810(t5)
core   0: 3 0x8000b716 (0x8e3f2723) mem 0x8000c000 0x00000001
core   0: 0x8000b71a (0x0000bfe5) c.j     pc - 8
core   0: 3 0x8000b71a (0xbfe5)
core   0: 0x8000b712 (0x00001f17) auipc   t5, 0x1
core   0: 3 0x8000b712 (0x00001f17) x30 0x8000c712
core   0: 0x8000b716 (0x8e3f2723) sw      gp, -1810(t5)
core   0: 3 0x8000b716 (0x8e3f2723) mem 0x8000c000 0x00000001
core   0: 0x8000b71a (0x0000bfe5) c.j     pc - 8
core   0: 3 0x8000b71a (0xbfe5)
core   0: 0x8000b712 (0x00001f17) auipc   t5, 0x1
core   0: 3 0x8000b712 (0x00001f17) x30 0x8000c712
core   0: 0x8000b716 (0x8e3f2723) sw      gp, -1810(t5)
core   0: 3 0x8000b716 (0x8e3f2723) mem 0x8000c000 0x00000001
core   0: 0x8000b71a (0x0000bfe5) c.j     pc - 8
core   0: 3 0x8000b71a (0xbfe5)
core   0: 0x8000b712 (0x00001f17) auipc   t5, 0x1
core   0: 3 0x8000b712 (0x00001f17) x30 0x8000c712
core   0: 0x8000b716 (0x8e3f2723) sw      gp, -1810(t5)
core   0: 3 0x8000b716 (0x8e3f2723) mem 0x8000c000 0x00000001
core   0: 0x8000b71a (0x0000bfe5) c.j     pc - 8
core   0: 3 0x8000b71a (0xbfe5)
core   0: 0x8000b712 (0x00001f17) auipc   t5, 0x1
core   0: 3 0x8000b712 (0x00001f17) x30 0x8000c712
core   0: 0x8000b716 (0x8e3f2723) sw      gp, -1810(t5)
core   0: 3 0x8000b716 (0x8e3f2723) mem 0x8000c000 0x00000001
core   0: 0x8000b71a (0x0000bfe5) c.j     pc - 8
core   0: 3 0x8000b71a (0xbfe5)
core   0: 0x8000b712 (0x00001f17) auipc   t5, 0x1
core   0: 3 0x8000b712 (0x00001f17) x30 0x8000c712
core   0: 0x8000b716 (0x8e3f2723) sw      gp, -1810(t5)
core   0: 3 0x8000b716 (0x8e3f2723) mem 0x8000c000 0x00000001
core   0: 0x8000b71a (0x0000bfe5) c.j     pc - 8
core   0: 3 0x8000b71a (0xbfe5)
core   0: 0x8000b712 (0x00001f17) auipc   t5, 0x1
core   0: 3 0x8000b712 (0x00001f17) x30 0x8000c712
core   0: 0x8000b716 (0x8e3f2723) sw      gp, -1810(t5)
core   0: 3 0x8000b716 (0x8e3f2723) mem 0x8000c000 0x00000001
core   0: 0x8000b71a (0x0000bfe5) c.j     pc - 8
core   0: 3 0x8000b71a (0xbfe5)
core   0: 0x8000b712 (0x00001f17) auipc   t5, 0x1
core   0: 3 0x8000b712 (0x00001f17) x30 0x8000c712
core   0: 0x8000b716 (0x8e3f2723) sw      gp, -1810(t5)
core   0: 3 0x8000b716 (0x8e3f2723) mem 0x8000c000 0x00000001
core   0: 0x8000b71a (0x0000bfe5) c.j     pc - 8
core   0: 3 0x8000b71a (0xbfe5)
core   0: 0x8000b712 (0x00001f17) auipc   t5, 0x1
core   0: 3 0x8000b712 (0x00001f17) x30 0x8000c712
core   0: 0x8000b716 (0x8e3f2723) sw      gp, -1810(t5)
core   0: 3 0x8000b716 (0x8e3f2723) mem 0x8000c000 0x00000001
core   0: 0x8000b71a (0x0000bfe5) c.j     pc - 8
core   0: 3 0x8000b71a (0xbfe5)
core   0: 0x8000b712 (0x00001f17) auipc   t5, 0x1
core   0: 3 0x8000b712 (0x00001f17) x30 0x8000c712
core   0: 0x8000b716 (0x8e3f2723) sw      gp, -1810(t5)
core   0: 3 0x8000b716 (0x8e3f2723) mem 0x8000c000 0x00000001
core   0: 0x8000b71a (0x0000bfe5) c.j     pc - 8
core   0: 3 0x8000b71a (0xbfe5)
core   0: 0x8000b712 (0x00001f17) auipc   t5, 0x1
core   0: 3 0x8000b712 (0x00001f17) x30 0x8000c712
core   0: 0x8000b716 (0x8e3f2723) sw      gp, -1810(t5)
core   0: 3 0x8000b716 (0x8e3f2723) mem 0x8000c000 0x00000001
core   0: 0x8000b71a (0x0000bfe5) c.j     pc - 8
core   0: 3 0x8000b71a (0xbfe5)
core   0: 0x8000b712 (0x00001f17) auipc   t5, 0x1
core   0: 3 0x8000b712 (0x00001f17) x30 0x8000c712
core   0: 0x8000b716 (0x8e3f2723) sw      gp, -1810(t5)
core   0: 3 0x8000b716 (0x8e3f2723) mem 0x8000c000 0x00000001
core   0: 0x8000b71a (0x0000bfe5) c.j     pc - 8
core   0: 3 0x8000b71a (0xbfe5)
core   0: 0x8000b712 (0x00001f17) auipc   t5, 0x1
core   0: 3 0x8000b712 (0x00001f17) x30 0x8000c712
core   0: 0x8000b716 (0x8e3f2723) sw      gp, -1810(t5)
core   0: 3 0x8000b716 (0x8e3f2723) mem 0x8000c000 0x00000001
core   0: 0x8000b71a (0x0000bfe5) c.j     pc - 8
core   0: 3 0x8000b71a (0xbfe5)
core   0: 0x8000b712 (0x00001f17) auipc   t5, 0x1
core   0: 3 0x8000b712 (0x00001f17) x30 0x8000c712
core   0: 0x8000b716 (0x8e3f2723) sw      gp, -1810(t5)
core   0: 3 0x8000b716 (0x8e3f2723) mem 0x8000c000 0x00000001
core   0: 0x8000b71a (0x0000bfe5) c.j     pc - 8
core   0: 3 0x8000b71a (0xbfe5)
core   0: 0x8000b712 (0x00001f17) auipc   t5, 0x1
core   0: 3 0x8000b712 (0x00001f17) x30 0x8000c712
core   0: 0x8000b716 (0x8e3f2723) sw      gp, -1810(t5)
core   0: 3 0x8000b716 (0x8e3f2723) mem 0x8000c000 0x00000001
core   0: 0x8000b71a (0x0000bfe5) c.j     pc - 8
core   0: 3 0x8000b71a (0xbfe5)
core   0: 0x8000b712 (0x00001f17) auipc   t5, 0x1
core   0: 3 0x8000b712 (0x00001f17) x30 0x8000c712
core   0: 0x8000b716 (0x8e3f2723) sw      gp, -1810(t5)
core   0: 3 0x8000b716 (0x8e3f2723) mem 0x8000c000 0x00000001
core   0: 0x8000b71a (0x0000bfe5) c.j     pc - 8
core   0: 3 0x8000b71a (0xbfe5)
core   0: 0x8000b712 (0x00001f17) auipc   t5, 0x1
core   0: 3 0x8000b712 (0x00001f17) x30 0x8000c712
core   0: 0x8000b716 (0x8e3f2723) sw      gp, -1810(t5)
core   0: 3 0x8000b716 (0x8e3f2723) mem 0x8000c000 0x00000001
core   0: 0x8000b71a (0x0000bfe5) c.j     pc - 8
core   0: 3 0x8000b71a (0xbfe5)
core   0: 0x8000b712 (0x00001f17) auipc   t5, 0x1
core   0: 3 0x8000b712 (0x00001f17) x30 0x8000c712
core   0: 0x8000b716 (0x8e3f2723) sw      gp, -1810(t5)
core   0: 3 0x8000b716 (0x8e3f2723) mem 0x8000c000 0x00000001
core   0: 0x8000b71a (0x0000bfe5) c.j     pc - 8
core   0: 3 0x8000b71a (0xbfe5)
core   0: 0x8000b712 (0x00001f17) auipc   t5, 0x1
core   0: 3 0x8000b712 (0x00001f17) x30 0x8000c712
core   0: 0x8000b716 (0x8e3f2723) sw      gp, -1810(t5)
core   0: 3 0x8000b716 (0x8e3f2723) mem 0x8000c000 0x00000001
core   0: 0x8000b71a (0x0000bfe5) c.j     pc - 8
core   0: 3 0x8000b71a (0xbfe5)
core   0: 0x8000b712 (0x00001f17) auipc   t5, 0x1
core   0: 3 0x8000b712 (0x00001f17) x30 0x8000c712
core   0: 0x8000b716 (0x8e3f2723) sw      gp, -1810(t5)
core   0: 3 0x8000b716 (0x8e3f2723) mem 0x8000c000 0x00000001
core   0: 0x8000b71a (0x0000bfe5) c.j     pc - 8
core   0: 3 0x8000b71a (0xbfe5)
core   0: 0x8000b712 (0x00001f17) auipc   t5, 0x1
core   0: 3 0x8000b712 (0x00001f17) x30 0x8000c712
core   0: 0x8000b716 (0x8e3f2723) sw      gp, -1810(t5)
core   0: 3 0x8000b716 (0x8e3f2723) mem 0x8000c000 0x00000001
core   0: 0x8000b71a (0x0000bfe5) c.j     pc - 8
core   0: 3 0x8000b71a (0xbfe5)
core   0: 0x8000b712 (0x00001f17) auipc   t5, 0x1
core   0: 3 0x8000b712 (0x00001f17) x30 0x8000c712
core   0: 0x8000b716 (0x8e3f2723) sw      gp, -1810(t5)
core   0: 3 0x8000b716 (0x8e3f2723) mem 0x8000c000 0x00000001
core   0: 0x8000b71a (0x0000bfe5) c.j     pc - 8
core   0: 3 0x8000b71a (0xbfe5)
core   0: 0x8000b712 (0x00001f17) auipc   t5, 0x1
core   0: 3 0x8000b712 (0x00001f17) x30 0x8000c712
core   0: 0x8000b716 (0x8e3f2723) sw      gp, -1810(t5)
core   0: 3 0x8000b716 (0x8e3f2723) mem 0x8000c000 0x00000001
core   0: 0x8000b71a (0x0000bfe5) c.j     pc - 8
core   0: 3 0x8000b71a (0xbfe5)
core   0: 0x8000b712 (0x00001f17) auipc   t5, 0x1
core   0: 3 0x8000b712 (0x00001f17) x30 0x8000c712
core   0: 0x8000b716 (0x8e3f2723) sw      gp, -1810(t5)
core   0: 3 0x8000b716 (0x8e3f2723) mem 0x8000c000 0x00000001
core   0: 0x8000b71a (0x0000bfe5) c.j     pc - 8
core   0: 3 0x8000b71a (0xbfe5)
core   0: 0x8000b712 (0x00001f17) auipc   t5, 0x1
core   0: 3 0x8000b712 (0x00001f17) x30 0x8000c712
core   0: 0x8000b716 (0x8e3f2723) sw      gp, -1810(t5)
core   0: 3 0x8000b716 (0x8e3f2723) mem 0x8000c000 0x00000001
core   0: 0x8000b71a (0x0000bfe5) c.j     pc - 8
core   0: 3 0x8000b71a (0xbfe5)
core   0: 0x8000b712 (0x00001f17) auipc   t5, 0x1
core   0: 3 0x8000b712 (0x00001f17) x30 0x8000c712
core   0: 0x8000b716 (0x8e3f2723) sw      gp, -1810(t5)
core   0: 3 0x8000b716 (0x8e3f2723) mem 0x8000c000 0x00000001
core   0: 0x8000b71a (0x0000bfe5) c.j     pc - 8
core   0: 3 0x8000b71a (0xbfe5)
core   0: 0x8000b712 (0x00001f17) auipc   t5, 0x1
core   0: 3 0x8000b712 (0x00001f17) x30 0x8000c712
core   0: 0x8000b716 (0x8e3f2723) sw      gp, -1810(t5)
core   0: 3 0x8000b716 (0x8e3f2723) mem 0x8000c000 0x00000001
core   0: 0x8000b71a (0x0000bfe5) c.j     pc - 8
core   0: 3 0x8000b71a (0xbfe5)
core   0: 0x8000b712 (0x00001f17) auipc   t5, 0x1
core   0: 3 0x8000b712 (0x00001f17) x30 0x8000c712
core   0: 0x8000b716 (0x8e3f2723) sw      gp, -1810(t5)
core   0: 3 0x8000b716 (0x8e3f2723) mem 0x8000c000 0x00000001
core   0: 0x8000b71a (0x0000bfe5) c.j     pc - 8
core   0: 3 0x8000b71a (0xbfe5)
core   0: 0x8000b712 (0x00001f17) auipc   t5, 0x1
core   0: 3 0x8000b712 (0x00001f17) x30 0x8000c712
core   0: 0x8000b716 (0x8e3f2723) sw      gp, -1810(t5)
core   0: 3 0x8000b716 (0x8e3f2723) mem 0x8000c000 0x00000001
core   0: 0x8000b71a (0x0000bfe5) c.j     pc - 8
core   0: 3 0x8000b71a (0xbfe5)
core   0: 0x8000b712 (0x00001f17) auipc   t5, 0x1
core   0: 3 0x8000b712 (0x00001f17) x30 0x8000c712
core   0: 0x8000b716 (0x8e3f2723) sw      gp, -1810(t5)
core   0: 3 0x8000b716 (0x8e3f2723) mem 0x8000c000 0x00000001
core   0: 0x8000b71a (0x0000bfe5) c.j     pc - 8
core   0: 3 0x8000b71a (0xbfe5)
core   0: 0x8000b712 (0x00001f17) auipc   t5, 0x1
core   0: 3 0x8000b712 (0x00001f17) x30 0x8000c712
core   0: 0x8000b716 (0x8e3f2723) sw      gp, -1810(t5)
core   0: 3 0x8000b716 (0x8e3f2723) mem 0x8000c000 0x00000001
core   0: 0x8000b71a (0x0000bfe5) c.j     pc - 8
core   0: 3 0x8000b71a (0xbfe5)
core   0: 0x8000b712 (0x00001f17) auipc   t5, 0x1
core   0: 3 0x8000b712 (0x00001f17) x30 0x8000c712
core   0: 0x8000b716 (0x8e3f2723) sw      gp, -1810(t5)
core   0: 3 0x8000b716 (0x8e3f2723) mem 0x8000c000 0x00000001
core   0: 0x8000b71a (0x0000bfe5) c.j     pc - 8
core   0: 3 0x8000b71a (0xbfe5)
core   0: 0x8000b712 (0x00001f17) auipc   t5, 0x1
core   0: 3 0x8000b712 (0x00001f17) x30 0x8000c712
core   0: 0x8000b716 (0x8e3f2723) sw      gp, -1810(t5)
core   0: 3 0x8000b716 (0x8e3f2723) mem 0x8000c000 0x00000001
core   0: 0x8000b71a (0x0000bfe5) c.j     pc - 8
core   0: 3 0x8000b71a (0xbfe5)
core   0: 0x8000b712 (0x00001f17) auipc   t5, 0x1
core   0: 3 0x8000b712 (0x00001f17) x30 0x8000c712
core   0: 0x8000b716 (0x8e3f2723) sw      gp, -1810(t5)
core   0: 3 0x8000b716 (0x8e3f2723) mem 0x8000c000 0x00000001
core   0: 0x8000b71a (0x0000bfe5) c.j     pc - 8
core   0: 3 0x8000b71a (0xbfe5)
core   0: 0x8000b712 (0x00001f17) auipc   t5, 0x1
core   0: 3 0x8000b712 (0x00001f17) x30 0x8000c712
core   0: 0x8000b716 (0x8e3f2723) sw      gp, -1810(t5)
core   0: 3 0x8000b716 (0x8e3f2723) mem 0x8000c000 0x00000001
core   0: 0x8000b71a (0x0000bfe5) c.j     pc - 8
core   0: 3 0x8000b71a (0xbfe5)
core   0: 0x8000b712 (0x00001f17) auipc   t5, 0x1
core   0: 3 0x8000b712 (0x00001f17) x30 0x8000c712
core   0: 0x8000b716 (0x8e3f2723) sw      gp, -1810(t5)
core   0: 3 0x8000b716 (0x8e3f2723) mem 0x8000c000 0x00000001
core   0: 0x8000b71a (0x0000bfe5) c.j     pc - 8
core   0: 3 0x8000b71a (0xbfe5)
core   0: 0x8000b712 (0x00001f17) auipc   t5, 0x1
core   0: 3 0x8000b712 (0x00001f17) x30 0x8000c712
core   0: 0x8000b716 (0x8e3f2723) sw      gp, -1810(t5)
core   0: 3 0x8000b716 (0x8e3f2723) mem 0x8000c000 0x00000001
core   0: 0x8000b71a (0x0000bfe5) c.j     pc - 8
core   0: 3 0x8000b71a (0xbfe5)
core   0: 0x8000b712 (0x00001f17) auipc   t5, 0x1
core   0: 3 0x8000b712 (0x00001f17) x30 0x8000c712
core   0: 0x8000b716 (0x8e3f2723) sw      gp, -1810(t5)
core   0: 3 0x8000b716 (0x8e3f2723) mem 0x8000c000 0x00000001
core   0: 0x8000b71a (0x0000bfe5) c.j     pc - 8
core   0: 3 0x8000b71a (0xbfe5)
core   0: 0x8000b712 (0x00001f17) auipc   t5, 0x1
core   0: 3 0x8000b712 (0x00001f17) x30 0x8000c712
core   0: 0x8000b716 (0x8e3f2723) sw      gp, -1810(t5)
core   0: 3 0x8000b716 (0x8e3f2723) mem 0x8000c000 0x00000001
core   0: 0x8000b71a (0x0000bfe5) c.j     pc - 8
core   0: 3 0x8000b71a (0xbfe5)
core   0: 0x8000b712 (0x00001f17) auipc   t5, 0x1
core   0: 3 0x8000b712 (0x00001f17) x30 0x8000c712
core   0: 0x8000b716 (0x8e3f2723) sw      gp, -1810(t5)
core   0: 3 0x8000b716 (0x8e3f2723) mem 0x8000c000 0x00000001
core   0: 0x8000b71a (0x0000bfe5) c.j     pc - 8
core   0: 3 0x8000b71a (0xbfe5)
core   0: 0x8000b712 (0x00001f17) auipc   t5, 0x1
core   0: 3 0x8000b712 (0x00001f17) x30 0x8000c712
core   0: 0x8000b716 (0x8e3f2723) sw      gp, -1810(t5)
core   0: 3 0x8000b716 (0x8e3f2723) mem 0x8000c000 0x00000001
core   0: 0x8000b71a (0x0000bfe5) c.j     pc - 8
core   0: 3 0x8000b71a (0xbfe5)
core   0: 0x8000b712 (0x00001f17) auipc   t5, 0x1
core   0: 3 0x8000b712 (0x00001f17) x30 0x8000c712
core   0: 0x8000b716 (0x8e3f2723) sw      gp, -1810(t5)
core   0: 3 0x8000b716 (0x8e3f2723) mem 0x8000c000 0x00000001
core   0: 0x8000b71a (0x0000bfe5) c.j     pc - 8
core   0: 3 0x8000b71a (0xbfe5)
core   0: 0x8000b712 (0x00001f17) auipc   t5, 0x1
core   0: 3 0x8000b712 (0x00001f17) x30 0x8000c712
core   0: 0x8000b716 (0x8e3f2723) sw      gp, -1810(t5)
core   0: 3 0x8000b716 (0x8e3f2723) mem 0x8000c000 0x00000001
core   0: 0x8000b71a (0x0000bfe5) c.j     pc - 8
core   0: 3 0x8000b71a (0xbfe5)
core   0: 0x8000b712 (0x00001f17) auipc   t5, 0x1
core   0: 3 0x8000b712 (0x00001f17) x30 0x8000c712
core   0: 0x8000b716 (0x8e3f2723) sw      gp, -1810(t5)
core   0: 3 0x8000b716 (0x8e3f2723) mem 0x8000c000 0x00000001
core   0: 0x8000b71a (0x0000bfe5) c.j     pc - 8
core   0: 3 0x8000b71a (0xbfe5)
core   0: 0x8000b712 (0x00001f17) auipc   t5, 0x1
core   0: 3 0x8000b712 (0x00001f17) x30 0x8000c712
core   0: 0x8000b716 (0x8e3f2723) sw      gp, -1810(t5)
core   0: 3 0x8000b716 (0x8e3f2723) mem 0x8000c000 0x00000001
core   0: 0x8000b71a (0x0000bfe5) c.j     pc - 8
core   0: 3 0x8000b71a (0xbfe5)
core   0: 0x8000b712 (0x00001f17) auipc   t5, 0x1
core   0: 3 0x8000b712 (0x00001f17) x30 0x8000c712
core   0: 0x8000b716 (0x8e3f2723) sw      gp, -1810(t5)
core   0: 3 0x8000b716 (0x8e3f2723) mem 0x8000c000 0x00000001
core   0: 0x8000b71a (0x0000bfe5) c.j     pc - 8
core   0: 3 0x8000b71a (0xbfe5)
core   0: 0x8000b712 (0x00001f17) auipc   t5, 0x1
core   0: 3 0x8000b712 (0x00001f17) x30 0x8000c712
core   0: 0x8000b716 (0x8e3f2723) sw      gp, -1810(t5)
core   0: 3 0x8000b716 (0x8e3f2723) mem 0x8000c000 0x00000001
core   0: 0x8000b71a (0x0000bfe5) c.j     pc - 8
core   0: 3 0x8000b71a (0xbfe5)
core   0: 0x8000b712 (0x00001f17) auipc   t5, 0x1
core   0: 3 0x8000b712 (0x00001f17) x30 0x8000c712
core   0: 0x8000b716 (0x8e3f2723) sw      gp, -1810(t5)
core   0: 3 0x8000b716 (0x8e3f2723) mem 0x8000c000 0x00000001
core   0: 0x8000b71a (0x0000bfe5) c.j     pc - 8
core   0: 3 0x8000b71a (0xbfe5)
core   0: 0x8000b712 (0x00001f17) auipc   t5, 0x1
core   0: 3 0x8000b712 (0x00001f17) x30 0x8000c712
core   0: 0x8000b716 (0x8e3f2723) sw      gp, -1810(t5)
core   0: 3 0x8000b716 (0x8e3f2723) mem 0x8000c000 0x00000001
core   0: 0x8000b71a (0x0000bfe5) c.j     pc - 8
core   0: 3 0x8000b71a (0xbfe5)
core   0: 0x8000b712 (0x00001f17) auipc   t5, 0x1
core   0: 3 0x8000b712 (0x00001f17) x30 0x8000c712
core   0: 0x8000b716 (0x8e3f2723) sw      gp, -1810(t5)
core   0: 3 0x8000b716 (0x8e3f2723) mem 0x8000c000 0x00000001
core   0: 0x8000b71a (0x0000bfe5) c.j     pc - 8
core   0: 3 0x8000b71a (0xbfe5)
core   0: 0x8000b712 (0x00001f17) auipc   t5, 0x1
core   0: 3 0x8000b712 (0x00001f17) x30 0x8000c712
core   0: 0x8000b716 (0x8e3f2723) sw      gp, -1810(t5)
core   0: 3 0x8000b716 (0x8e3f2723) mem 0x8000c000 0x00000001
core   0: 0x8000b71a (0x0000bfe5) c.j     pc - 8
core   0: 3 0x8000b71a (0xbfe5)
core   0: 0x8000b712 (0x00001f17) auipc   t5, 0x1
core   0: 3 0x8000b712 (0x00001f17) x30 0x8000c712
core   0: 0x8000b716 (0x8e3f2723) sw      gp, -1810(t5)
core   0: 3 0x8000b716 (0x8e3f2723) mem 0x8000c000 0x00000001
core   0: 0x8000b71a (0x0000bfe5) c.j     pc - 8
core   0: 3 0x8000b71a (0xbfe5)
core   0: 0x8000b712 (0x00001f17) auipc   t5, 0x1
core   0: 3 0x8000b712 (0x00001f17) x30 0x8000c712
core   0: 0x8000b716 (0x8e3f2723) sw      gp, -1810(t5)
core   0: 3 0x8000b716 (0x8e3f2723) mem 0x8000c000 0x00000001
core   0: 0x8000b71a (0x0000bfe5) c.j     pc - 8
core   0: 3 0x8000b71a (0xbfe5)
core   0: 0x8000b712 (0x00001f17) auipc   t5, 0x1
core   0: 3 0x8000b712 (0x00001f17) x30 0x8000c712
core   0: 0x8000b716 (0x8e3f2723) sw      gp, -1810(t5)
core   0: 3 0x8000b716 (0x8e3f2723) mem 0x8000c000 0x00000001
core   0: 0x8000b71a (0x0000bfe5) c.j     pc - 8
core   0: 3 0x8000b71a (0xbfe5)
core   0: 0x8000b712 (0x00001f17) auipc   t5, 0x1
core   0: 3 0x8000b712 (0x00001f17) x30 0x8000c712
core   0: 0x8000b716 (0x8e3f2723) sw      gp, -1810(t5)
core   0: 3 0x8000b716 (0x8e3f2723) mem 0x8000c000 0x00000001
core   0: 0x8000b71a (0x0000bfe5) c.j     pc - 8
core   0: 3 0x8000b71a (0xbfe5)
core   0: 0x8000b712 (0x00001f17) auipc   t5, 0x1
core   0: 3 0x8000b712 (0x00001f17) x30 0x8000c712
core   0: 0x8000b716 (0x8e3f2723) sw      gp, -1810(t5)
core   0: 3 0x8000b716 (0x8e3f2723) mem 0x8000c000 0x00000001
core   0: 0x8000b71a (0x0000bfe5) c.j     pc - 8
core   0: 3 0x8000b71a (0xbfe5)
core   0: 0x8000b712 (0x00001f17) auipc   t5, 0x1
core   0: 3 0x8000b712 (0x00001f17) x30 0x8000c712
core   0: 0x8000b716 (0x8e3f2723) sw      gp, -1810(t5)
core   0: 3 0x8000b716 (0x8e3f2723) mem 0x8000c000 0x00000001
core   0: 0x8000b71a (0x0000bfe5) c.j     pc - 8
core   0: 3 0x8000b71a (0xbfe5)
core   0: 0x8000b712 (0x00001f17) auipc   t5, 0x1
core   0: 3 0x8000b712 (0x00001f17) x30 0x8000c712
core   0: 0x8000b716 (0x8e3f2723) sw      gp, -1810(t5)
core   0: 3 0x8000b716 (0x8e3f2723) mem 0x8000c000 0x00000001
core   0: 0x8000b71a (0x0000bfe5) c.j     pc - 8
core   0: 3 0x8000b71a (0xbfe5)
core   0: 0x8000b712 (0x00001f17) auipc   t5, 0x1
core   0: 3 0x8000b712 (0x00001f17) x30 0x8000c712
core   0: 0x8000b716 (0x8e3f2723) sw      gp, -1810(t5)
core   0: 3 0x8000b716 (0x8e3f2723) mem 0x8000c000 0x00000001
core   0: 0x8000b71a (0x0000bfe5) c.j     pc - 8
core   0: 3 0x8000b71a (0xbfe5)
core   0: 0x8000b712 (0x00001f17) auipc   t5, 0x1
core   0: 3 0x8000b712 (0x00001f17) x30 0x8000c712
core   0: 0x8000b716 (0x8e3f2723) sw      gp, -1810(t5)
core   0: 3 0x8000b716 (0x8e3f2723) mem 0x8000c000 0x00000001
core   0: 0x8000b71a (0x0000bfe5) c.j     pc - 8
core   0: 3 0x8000b71a (0xbfe5)
core   0: 0x8000b712 (0x00001f17) auipc   t5, 0x1
core   0: 3 0x8000b712 (0x00001f17) x30 0x8000c712
core   0: 0x8000b716 (0x8e3f2723) sw      gp, -1810(t5)
core   0: 3 0x8000b716 (0x8e3f2723) mem 0x8000c000 0x00000001
core   0: 0x8000b71a (0x0000bfe5) c.j     pc - 8
core   0: 3 0x8000b71a (0xbfe5)
core   0: 0x8000b712 (0x00001f17) auipc   t5, 0x1
core   0: 3 0x8000b712 (0x00001f17) x30 0x8000c712
core   0: 0x8000b716 (0x8e3f2723) sw      gp, -1810(t5)
core   0: 3 0x8000b716 (0x8e3f2723) mem 0x8000c000 0x00000001
core   0: 0x8000b71a (0x0000bfe5) c.j     pc - 8
core   0: 3 0x8000b71a (0xbfe5)
core   0: 0x8000b712 (0x00001f17) auipc   t5, 0x1
core   0: 3 0x8000b712 (0x00001f17) x30 0x8000c712
core   0: 0x8000b716 (0x8e3f2723) sw      gp, -1810(t5)
core   0: 3 0x8000b716 (0x8e3f2723) mem 0x8000c000 0x00000001
core   0: 0x8000b71a (0x0000bfe5) c.j     pc - 8
core   0: 3 0x8000b71a (0xbfe5)
core   0: 0x8000b712 (0x00001f17) auipc   t5, 0x1
core   0: 3 0x8000b712 (0x00001f17) x30 0x8000c712
core   0: 0x8000b716 (0x8e3f2723) sw      gp, -1810(t5)
core   0: 3 0x8000b716 (0x8e3f2723) mem 0x8000c000 0x00000001
core   0: 0x8000b71a (0x0000bfe5) c.j     pc - 8
core   0: 3 0x8000b71a (0xbfe5)
core   0: 0x8000b712 (0x00001f17) auipc   t5, 0x1
core   0: 3 0x8000b712 (0x00001f17) x30 0x8000c712
core   0: 0x8000b716 (0x8e3f2723) sw      gp, -1810(t5)
core   0: 3 0x8000b716 (0x8e3f2723) mem 0x8000c000 0x00000001
core   0: 0x8000b71a (0x0000bfe5) c.j     pc - 8
core   0: 3 0x8000b71a (0xbfe5)
core   0: 0x8000b712 (0x00001f17) auipc   t5, 0x1
core   0: 3 0x8000b712 (0x00001f17) x30 0x8000c712
core   0: 0x8000b716 (0x8e3f2723) sw      gp, -1810(t5)
core   0: 3 0x8000b716 (0x8e3f2723) mem 0x8000c000 0x00000001
core   0: 0x8000b71a (0x0000bfe5) c.j     pc - 8
core   0: 3 0x8000b71a (0xbfe5)
core   0: 0x8000b712 (0x00001f17) auipc   t5, 0x1
core   0: 3 0x8000b712 (0x00001f17) x30 0x8000c712
core   0: 0x8000b716 (0x8e3f2723) sw      gp, -1810(t5)
core   0: 3 0x8000b716 (0x8e3f2723) mem 0x8000c000 0x00000001
core   0: 0x8000b71a (0x0000bfe5) c.j     pc - 8
core   0: 3 0x8000b71a (0xbfe5)
core   0: 0x8000b712 (0x00001f17) auipc   t5, 0x1
core   0: 3 0x8000b712 (0x00001f17) x30 0x8000c712
core   0: 0x8000b716 (0x8e3f2723) sw      gp, -1810(t5)
core   0: 3 0x8000b716 (0x8e3f2723) mem 0x8000c000 0x00000001
core   0: 0x8000b71a (0x0000bfe5) c.j     pc - 8
core   0: 3 0x8000b71a (0xbfe5)
core   0: 0x8000b712 (0x00001f17) auipc   t5, 0x1
core   0: 3 0x8000b712 (0x00001f17) x30 0x8000c712
core   0: 0x8000b716 (0x8e3f2723) sw      gp, -1810(t5)
core   0: 3 0x8000b716 (0x8e3f2723) mem 0x8000c000 0x00000001
core   0: 0x8000b71a (0x0000bfe5) c.j     pc - 8
core   0: 3 0x8000b71a (0xbfe5)
core   0: 0x8000b712 (0x00001f17) auipc   t5, 0x1
core   0: 3 0x8000b712 (0x00001f17) x30 0x8000c712
core   0: 0x8000b716 (0x8e3f2723) sw      gp, -1810(t5)
core   0: 3 0x8000b716 (0x8e3f2723) mem 0x8000c000 0x00000001
core   0: 0x8000b71a (0x0000bfe5) c.j     pc - 8
core   0: 3 0x8000b71a (0xbfe5)
core   0: 0x8000b712 (0x00001f17) auipc   t5, 0x1
core   0: 3 0x8000b712 (0x00001f17) x30 0x8000c712
core   0: 0x8000b716 (0x8e3f2723) sw      gp, -1810(t5)
core   0: 3 0x8000b716 (0x8e3f2723) mem 0x8000c000 0x00000001
core   0: 0x8000b71a (0x0000bfe5) c.j     pc - 8
core   0: 3 0x8000b71a (0xbfe5)
core   0: 0x8000b712 (0x00001f17) auipc   t5, 0x1
core   0: 3 0x8000b712 (0x00001f17) x30 0x8000c712
core   0: 0x8000b716 (0x8e3f2723) sw      gp, -1810(t5)
core   0: 3 0x8000b716 (0x8e3f2723) mem 0x8000c000 0x00000001
core   0: 0x8000b71a (0x0000bfe5) c.j     pc - 8
core   0: 3 0x8000b71a (0xbfe5)
core   0: 0x8000b712 (0x00001f17) auipc   t5, 0x1
core   0: 3 0x8000b712 (0x00001f17) x30 0x8000c712
core   0: 0x8000b716 (0x8e3f2723) sw      gp, -1810(t5)
core   0: 3 0x8000b716 (0x8e3f2723) mem 0x8000c000 0x00000001
core   0: 0x8000b71a (0x0000bfe5) c.j     pc - 8
core   0: 3 0x8000b71a (0xbfe5)
core   0: 0x8000b712 (0x00001f17) auipc   t5, 0x1
core   0: 3 0x8000b712 (0x00001f17) x30 0x8000c712
core   0: 0x8000b716 (0x8e3f2723) sw      gp, -1810(t5)
core   0: 3 0x8000b716 (0x8e3f2723) mem 0x8000c000 0x00000001
core   0: 0x8000b71a (0x0000bfe5) c.j     pc - 8
core   0: 3 0x8000b71a (0xbfe5)
core   0: 0x8000b712 (0x00001f17) auipc   t5, 0x1
core   0: 3 0x8000b712 (0x00001f17) x30 0x8000c712
core   0: 0x8000b716 (0x8e3f2723) sw      gp, -1810(t5)
core   0: 3 0x8000b716 (0x8e3f2723) mem 0x8000c000 0x00000001
core   0: 0x8000b71a (0x0000bfe5) c.j     pc - 8
core   0: 3 0x8000b71a (0xbfe5)
core   0: 0x8000b712 (0x00001f17) auipc   t5, 0x1
core   0: 3 0x8000b712 (0x00001f17) x30 0x8000c712
core   0: 0x8000b716 (0x8e3f2723) sw      gp, -1810(t5)
core   0: 3 0x8000b716 (0x8e3f2723) mem 0x8000c000 0x00000001
core   0: 0x8000b71a (0x0000bfe5) c.j     pc - 8
core   0: 3 0x8000b71a (0xbfe5)
core   0: 0x8000b712 (0x00001f17) auipc   t5, 0x1
core   0: 3 0x8000b712 (0x00001f17) x30 0x8000c712
core   0: 0x8000b716 (0x8e3f2723) sw      gp, -1810(t5)
core   0: 3 0x8000b716 (0x8e3f2723) mem 0x8000c000 0x00000001
core   0: 0x8000b71a (0x0000bfe5) c.j     pc - 8
core   0: 3 0x8000b71a (0xbfe5)
core   0: 0x8000b712 (0x00001f17) auipc   t5, 0x1
core   0: 3 0x8000b712 (0x00001f17) x30 0x8000c712
core   0: 0x8000b716 (0x8e3f2723) sw      gp, -1810(t5)
core   0: 3 0x8000b716 (0x8e3f2723) mem 0x8000c000 0x00000001
core   0: 0x8000b71a (0x0000bfe5) c.j     pc - 8
core   0: 3 0x8000b71a (0xbfe5)
core   0: 0x8000b712 (0x00001f17) auipc   t5, 0x1
core   0: 3 0x8000b712 (0x00001f17) x30 0x8000c712
core   0: 0x8000b716 (0x8e3f2723) sw      gp, -1810(t5)
core   0: 3 0x8000b716 (0x8e3f2723) mem 0x8000c000 0x00000001
core   0: 0x8000b71a (0x0000bfe5) c.j     pc - 8
core   0: 3 0x8000b71a (0xbfe5)
core   0: 0x8000b712 (0x00001f17) auipc   t5, 0x1
core   0: 3 0x8000b712 (0x00001f17) x30 0x8000c712
core   0: 0x8000b716 (0x8e3f2723) sw      gp, -1810(t5)
core   0: 3 0x8000b716 (0x8e3f2723) mem 0x8000c000 0x00000001
core   0: 0x8000b71a (0x0000bfe5) c.j     pc - 8
core   0: 3 0x8000b71a (0xbfe5)
core   0: 0x8000b712 (0x00001f17) auipc   t5, 0x1
core   0: 3 0x8000b712 (0x00001f17) x30 0x8000c712
core   0: 0x8000b716 (0x8e3f2723) sw      gp, -1810(t5)
core   0: 3 0x8000b716 (0x8e3f2723) mem 0x8000c000 0x00000001
core   0: 0x8000b71a (0x0000bfe5) c.j     pc - 8
core   0: 3 0x8000b71a (0xbfe5)
core   0: 0x8000b712 (0x00001f17) auipc   t5, 0x1
core   0: 3 0x8000b712 (0x00001f17) x30 0x8000c712
core   0: 0x8000b716 (0x8e3f2723) sw      gp, -1810(t5)
core   0: 3 0x8000b716 (0x8e3f2723) mem 0x8000c000 0x00000001
core   0: 0x8000b71a (0x0000bfe5) c.j     pc - 8
core   0: 3 0x8000b71a (0xbfe5)
core   0: 0x8000b712 (0x00001f17) auipc   t5, 0x1
core   0: 3 0x8000b712 (0x00001f17) x30 0x8000c712
core   0: 0x8000b716 (0x8e3f2723) sw      gp, -1810(t5)
core   0: 3 0x8000b716 (0x8e3f2723) mem 0x8000c000 0x00000001
core   0: 0x8000b71a (0x0000bfe5) c.j     pc - 8
core   0: 3 0x8000b71a (0xbfe5)
core   0: 0x8000b712 (0x00001f17) auipc   t5, 0x1
core   0: 3 0x8000b712 (0x00001f17) x30 0x8000c712
core   0: 0x8000b716 (0x8e3f2723) sw      gp, -1810(t5)
core   0: 3 0x8000b716 (0x8e3f2723) mem 0x8000c000 0x00000001
core   0: 0x8000b71a (0x0000bfe5) c.j     pc - 8
core   0: 3 0x8000b71a (0xbfe5)
core   0: 0x8000b712 (0x00001f17) auipc   t5, 0x1
core   0: 3 0x8000b712 (0x00001f17) x30 0x8000c712
core   0: 0x8000b716 (0x8e3f2723) sw      gp, -1810(t5)
core   0: 3 0x8000b716 (0x8e3f2723) mem 0x8000c000 0x00000001
core   0: 0x8000b71a (0x0000bfe5) c.j     pc - 8
core   0: 3 0x8000b71a (0xbfe5)
core   0: 0x8000b712 (0x00001f17) auipc   t5, 0x1
core   0: 3 0x8000b712 (0x00001f17) x30 0x8000c712
core   0: 0x8000b716 (0x8e3f2723) sw      gp, -1810(t5)
core   0: 3 0x8000b716 (0x8e3f2723) mem 0x8000c000 0x00000001
core   0: 0x8000b71a (0x0000bfe5) c.j     pc - 8
core   0: 3 0x8000b71a (0xbfe5)
core   0: 0x8000b712 (0x00001f17) auipc   t5, 0x1
core   0: 3 0x8000b712 (0x00001f17) x30 0x8000c712
core   0: 0x8000b716 (0x8e3f2723) sw      gp, -1810(t5)
core   0: 3 0x8000b716 (0x8e3f2723) mem 0x8000c000 0x00000001
core   0: 0x8000b71a (0x0000bfe5) c.j     pc - 8
core   0: 3 0x8000b71a (0xbfe5)
core   0: 0x8000b712 (0x00001f17) auipc   t5, 0x1
core   0: 3 0x8000b712 (0x00001f17) x30 0x8000c712
core   0: 0x8000b716 (0x8e3f2723) sw      gp, -1810(t5)
core   0: 3 0x8000b716 (0x8e3f2723) mem 0x8000c000 0x00000001
core   0: 0x8000b71a (0x0000bfe5) c.j     pc - 8
core   0: 3 0x8000b71a (0xbfe5)
core   0: 0x8000b712 (0x00001f17) auipc   t5, 0x1
core   0: 3 0x8000b712 (0x00001f17) x30 0x8000c712
core   0: 0x8000b716 (0x8e3f2723) sw      gp, -1810(t5)
core   0: 3 0x8000b716 (0x8e3f2723) mem 0x8000c000 0x00000001
core   0: 0x8000b71a (0x0000bfe5) c.j     pc - 8
core   0: 3 0x8000b71a (0xbfe5)
core   0: 0x8000b712 (0x00001f17) auipc   t5, 0x1
core   0: 3 0x8000b712 (0x00001f17) x30 0x8000c712
core   0: 0x8000b716 (0x8e3f2723) sw      gp, -1810(t5)
core   0: 3 0x8000b716 (0x8e3f2723) mem 0x8000c000 0x00000001
core   0: 0x8000b71a (0x0000bfe5) c.j     pc - 8
core   0: 3 0x8000b71a (0xbfe5)
core   0: 0x8000b712 (0x00001f17) auipc   t5, 0x1
core   0: 3 0x8000b712 (0x00001f17) x30 0x8000c712
core   0: 0x8000b716 (0x8e3f2723) sw      gp, -1810(t5)
core   0: 3 0x8000b716 (0x8e3f2723) mem 0x8000c000 0x00000001
core   0: 0x8000b71a (0x0000bfe5) c.j     pc - 8
core   0: 3 0x8000b71a (0xbfe5)
core   0: 0x8000b712 (0x00001f17) auipc   t5, 0x1
core   0: 3 0x8000b712 (0x00001f17) x30 0x8000c712
core   0: 0x8000b716 (0x8e3f2723) sw      gp, -1810(t5)
core   0: 3 0x8000b716 (0x8e3f2723) mem 0x8000c000 0x00000001
core   0: 0x8000b71a (0x0000bfe5) c.j     pc - 8
core   0: 3 0x8000b71a (0xbfe5)
core   0: 0x8000b712 (0x00001f17) auipc   t5, 0x1
core   0: 3 0x8000b712 (0x00001f17) x30 0x8000c712
core   0: 0x8000b716 (0x8e3f2723) sw      gp, -1810(t5)
core   0: 3 0x8000b716 (0x8e3f2723) mem 0x8000c000 0x00000001
core   0: 0x8000b71a (0x0000bfe5) c.j     pc - 8
core   0: 3 0x8000b71a (0xbfe5)
core   0: 0x8000b712 (0x00001f17) auipc   t5, 0x1
core   0: 3 0x8000b712 (0x00001f17) x30 0x8000c712
core   0: 0x8000b716 (0x8e3f2723) sw      gp, -1810(t5)
core   0: 3 0x8000b716 (0x8e3f2723) mem 0x8000c000 0x00000001
core   0: 0x8000b71a (0x0000bfe5) c.j     pc - 8
core   0: 3 0x8000b71a (0xbfe5)
core   0: 0x8000b712 (0x00001f17) auipc   t5, 0x1
core   0: 3 0x8000b712 (0x00001f17) x30 0x8000c712
core   0: 0x8000b716 (0x8e3f2723) sw      gp, -1810(t5)
core   0: 3 0x8000b716 (0x8e3f2723) mem 0x8000c000 0x00000001
core   0: 0x8000b71a (0x0000bfe5) c.j     pc - 8
core   0: 3 0x8000b71a (0xbfe5)
core   0: 0x8000b712 (0x00001f17) auipc   t5, 0x1
core   0: 3 0x8000b712 (0x00001f17) x30 0x8000c712
core   0: 0x8000b716 (0x8e3f2723) sw      gp, -1810(t5)
core   0: 3 0x8000b716 (0x8e3f2723) mem 0x8000c000 0x00000001
core   0: 0x8000b71a (0x0000bfe5) c.j     pc - 8
core   0: 3 0x8000b71a (0xbfe5)
core   0: 0x8000b712 (0x00001f17) auipc   t5, 0x1
core   0: 3 0x8000b712 (0x00001f17) x30 0x8000c712
core   0: 0x8000b716 (0x8e3f2723) sw      gp, -1810(t5)
core   0: 3 0x8000b716 (0x8e3f2723) mem 0x8000c000 0x00000001
core   0: 0x8000b71a (0x0000bfe5) c.j     pc - 8
core   0: 3 0x8000b71a (0xbfe5)
core   0: 0x8000b712 (0x00001f17) auipc   t5, 0x1
core   0: 3 0x8000b712 (0x00001f17) x30 0x8000c712
core   0: 0x8000b716 (0x8e3f2723) sw      gp, -1810(t5)
core   0: 3 0x8000b716 (0x8e3f2723) mem 0x8000c000 0x00000001
core   0: 0x8000b71a (0x0000bfe5) c.j     pc - 8
core   0: 3 0x8000b71a (0xbfe5)
core   0: 0x8000b712 (0x00001f17) auipc   t5, 0x1
core   0: 3 0x8000b712 (0x00001f17) x30 0x8000c712
core   0: 0x8000b716 (0x8e3f2723) sw      gp, -1810(t5)
core   0: 3 0x8000b716 (0x8e3f2723) mem 0x8000c000 0x00000001
core   0: 0x8000b71a (0x0000bfe5) c.j     pc - 8
core   0: 3 0x8000b71a (0xbfe5)
core   0: 0x8000b712 (0x00001f17) auipc   t5, 0x1
core   0: 3 0x8000b712 (0x00001f17) x30 0x8000c712
core   0: 0x8000b716 (0x8e3f2723) sw      gp, -1810(t5)
core   0: 3 0x8000b716 (0x8e3f2723) mem 0x8000c000 0x00000001
core   0: 0x8000b71a (0x0000bfe5) c.j     pc - 8
core   0: 3 0x8000b71a (0xbfe5)
core   0: 0x8000b712 (0x00001f17) auipc   t5, 0x1
core   0: 3 0x8000b712 (0x00001f17) x30 0x8000c712
core   0: 0x8000b716 (0x8e3f2723) sw      gp, -1810(t5)
core   0: 3 0x8000b716 (0x8e3f2723) mem 0x8000c000 0x00000001
core   0: 0x8000b71a (0x0000bfe5) c.j     pc - 8
core   0: 3 0x8000b71a (0xbfe5)
core   0: 0x8000b712 (0x00001f17) auipc   t5, 0x1
core   0: 3 0x8000b712 (0x00001f17) x30 0x8000c712
core   0: 0x8000b716 (0x8e3f2723) sw      gp, -1810(t5)
core   0: 3 0x8000b716 (0x8e3f2723) mem 0x8000c000 0x00000001
core   0: 0x8000b71a (0x0000bfe5) c.j     pc - 8
core   0: 3 0x8000b71a (0xbfe5)
core   0: 0x8000b712 (0x00001f17) auipc   t5, 0x1
core   0: 3 0x8000b712 (0x00001f17) x30 0x8000c712
core   0: 0x8000b716 (0x8e3f2723) sw      gp, -1810(t5)
core   0: 3 0x8000b716 (0x8e3f2723) mem 0x8000c000 0x00000001
core   0: 0x8000b71a (0x0000bfe5) c.j     pc - 8
core   0: 3 0x8000b71a (0xbfe5)
core   0: 0x8000b712 (0x00001f17) auipc   t5, 0x1
core   0: 3 0x8000b712 (0x00001f17) x30 0x8000c712
core   0: 0x8000b716 (0x8e3f2723) sw      gp, -1810(t5)
core   0: 3 0x8000b716 (0x8e3f2723) mem 0x8000c000 0x00000001
core   0: 0x8000b71a (0x0000bfe5) c.j     pc - 8
core   0: 3 0x8000b71a (0xbfe5)
core   0: 0x8000b712 (0x00001f17) auipc   t5, 0x1
core   0: 3 0x8000b712 (0x00001f17) x30 0x8000c712
core   0: 0x8000b716 (0x8e3f2723) sw      gp, -1810(t5)
core   0: 3 0x8000b716 (0x8e3f2723) mem 0x8000c000 0x00000001
core   0: 0x8000b71a (0x0000bfe5) c.j     pc - 8
core   0: 3 0x8000b71a (0xbfe5)
core   0: 0x8000b712 (0x00001f17) auipc   t5, 0x1
core   0: 3 0x8000b712 (0x00001f17) x30 0x8000c712
core   0: 0x8000b716 (0x8e3f2723) sw      gp, -1810(t5)
core   0: 3 0x8000b716 (0x8e3f2723) mem 0x8000c000 0x00000001
core   0: 0x8000b71a (0x0000bfe5) c.j     pc - 8
core   0: 3 0x8000b71a (0xbfe5)
core   0: 0x8000b712 (0x00001f17) auipc   t5, 0x1
core   0: 3 0x8000b712 (0x00001f17) x30 0x8000c712
core   0: 0x8000b716 (0x8e3f2723) sw      gp, -1810(t5)
core   0: 3 0x8000b716 (0x8e3f2723) mem 0x8000c000 0x00000001
core   0: 0x8000b71a (0x0000bfe5) c.j     pc - 8
core   0: 3 0x8000b71a (0xbfe5)
core   0: 0x8000b712 (0x00001f17) auipc   t5, 0x1
core   0: 3 0x8000b712 (0x00001f17) x30 0x8000c712
core   0: 0x8000b716 (0x8e3f2723) sw      gp, -1810(t5)
core   0: 3 0x8000b716 (0x8e3f2723) mem 0x8000c000 0x00000001
core   0: 0x8000b71a (0x0000bfe5) c.j     pc - 8
core   0: 3 0x8000b71a (0xbfe5)
core   0: 0x8000b712 (0x00001f17) auipc   t5, 0x1
core   0: 3 0x8000b712 (0x00001f17) x30 0x8000c712
core   0: 0x8000b716 (0x8e3f2723) sw      gp, -1810(t5)
core   0: 3 0x8000b716 (0x8e3f2723) mem 0x8000c000 0x00000001
core   0: 0x8000b71a (0x0000bfe5) c.j     pc - 8
core   0: 3 0x8000b71a (0xbfe5)
core   0: 0x8000b712 (0x00001f17) auipc   t5, 0x1
core   0: 3 0x8000b712 (0x00001f17) x30 0x8000c712
core   0: 0x8000b716 (0x8e3f2723) sw      gp, -1810(t5)
core   0: 3 0x8000b716 (0x8e3f2723) mem 0x8000c000 0x00000001
core   0: 0x8000b71a (0x0000bfe5) c.j     pc - 8
core   0: 3 0x8000b71a (0xbfe5)
core   0: 0x8000b712 (0x00001f17) auipc   t5, 0x1
core   0: 3 0x8000b712 (0x00001f17) x30 0x8000c712
core   0: 0x8000b716 (0x8e3f2723) sw      gp, -1810(t5)
core   0: 3 0x8000b716 (0x8e3f2723) mem 0x8000c000 0x00000001
core   0: 0x8000b71a (0x0000bfe5) c.j     pc - 8
core   0: 3 0x8000b71a (0xbfe5)
core   0: 0x8000b712 (0x00001f17) auipc   t5, 0x1
core   0: 3 0x8000b712 (0x00001f17) x30 0x8000c712
core   0: 0x8000b716 (0x8e3f2723) sw      gp, -1810(t5)
core   0: 3 0x8000b716 (0x8e3f2723) mem 0x8000c000 0x00000001
core   0: 0x8000b71a (0x0000bfe5) c.j     pc - 8
core   0: 3 0x8000b71a (0xbfe5)
core   0: 0x8000b712 (0x00001f17) auipc   t5, 0x1
core   0: 3 0x8000b712 (0x00001f17) x30 0x8000c712
core   0: 0x8000b716 (0x8e3f2723) sw      gp, -1810(t5)
core   0: 3 0x8000b716 (0x8e3f2723) mem 0x8000c000 0x00000001
core   0: 0x8000b71a (0x0000bfe5) c.j     pc - 8
core   0: 3 0x8000b71a (0xbfe5)
core   0: 0x8000b712 (0x00001f17) auipc   t5, 0x1
core   0: 3 0x8000b712 (0x00001f17) x30 0x8000c712
core   0: 0x8000b716 (0x8e3f2723) sw      gp, -1810(t5)
core   0: 3 0x8000b716 (0x8e3f2723) mem 0x8000c000 0x00000001
core   0: 0x8000b71a (0x0000bfe5) c.j     pc - 8
core   0: 3 0x8000b71a (0xbfe5)
core   0: 0x8000b712 (0x00001f17) auipc   t5, 0x1
core   0: 3 0x8000b712 (0x00001f17) x30 0x8000c712
core   0: 0x8000b716 (0x8e3f2723) sw      gp, -1810(t5)
core   0: 3 0x8000b716 (0x8e3f2723) mem 0x8000c000 0x00000001
core   0: 0x8000b71a (0x0000bfe5) c.j     pc - 8
core   0: 3 0x8000b71a (0xbfe5)
core   0: 0x8000b712 (0x00001f17) auipc   t5, 0x1
core   0: 3 0x8000b712 (0x00001f17) x30 0x8000c712
core   0: 0x8000b716 (0x8e3f2723) sw      gp, -1810(t5)
core   0: 3 0x8000b716 (0x8e3f2723) mem 0x8000c000 0x00000001
core   0: 0x8000b71a (0x0000bfe5) c.j     pc - 8
core   0: 3 0x8000b71a (0xbfe5)
core   0: 0x8000b712 (0x00001f17) auipc   t5, 0x1
core   0: 3 0x8000b712 (0x00001f17) x30 0x8000c712
core   0: 0x8000b716 (0x8e3f2723) sw      gp, -1810(t5)
core   0: 3 0x8000b716 (0x8e3f2723) mem 0x8000c000 0x00000001
core   0: 0x8000b71a (0x0000bfe5) c.j     pc - 8
core   0: 3 0x8000b71a (0xbfe5)
core   0: 0x8000b712 (0x00001f17) auipc   t5, 0x1
core   0: 3 0x8000b712 (0x00001f17) x30 0x8000c712
core   0: 0x8000b716 (0x8e3f2723) sw      gp, -1810(t5)
core   0: 3 0x8000b716 (0x8e3f2723) mem 0x8000c000 0x00000001
core   0: 0x8000b71a (0x0000bfe5) c.j     pc - 8
core   0: 3 0x8000b71a (0xbfe5)
core   0: 0x8000b712 (0x00001f17) auipc   t5, 0x1
core   0: 3 0x8000b712 (0x00001f17) x30 0x8000c712
core   0: 0x8000b716 (0x8e3f2723) sw      gp, -1810(t5)
core   0: 3 0x8000b716 (0x8e3f2723) mem 0x8000c000 0x00000001
core   0: 0x8000b71a (0x0000bfe5) c.j     pc - 8
core   0: 3 0x8000b71a (0xbfe5)
core   0: 0x8000b712 (0x00001f17) auipc   t5, 0x1
core   0: 3 0x8000b712 (0x00001f17) x30 0x8000c712
core   0: 0x8000b716 (0x8e3f2723) sw      gp, -1810(t5)
core   0: 3 0x8000b716 (0x8e3f2723) mem 0x8000c000 0x00000001
core   0: 0x8000b71a (0x0000bfe5) c.j     pc - 8
core   0: 3 0x8000b71a (0xbfe5)
core   0: 0x8000b712 (0x00001f17) auipc   t5, 0x1
core   0: 3 0x8000b712 (0x00001f17) x30 0x8000c712
core   0: 0x8000b716 (0x8e3f2723) sw      gp, -1810(t5)
core   0: 3 0x8000b716 (0x8e3f2723) mem 0x8000c000 0x00000001
core   0: 0x8000b71a (0x0000bfe5) c.j     pc - 8
core   0: 3 0x8000b71a (0xbfe5)
core   0: 0x8000b712 (0x00001f17) auipc   t5, 0x1
core   0: 3 0x8000b712 (0x00001f17) x30 0x8000c712
core   0: 0x8000b716 (0x8e3f2723) sw      gp, -1810(t5)
core   0: 3 0x8000b716 (0x8e3f2723) mem 0x8000c000 0x00000001
core   0: 0x8000b71a (0x0000bfe5) c.j     pc - 8
core   0: 3 0x8000b71a (0xbfe5)
core   0: 0x8000b712 (0x00001f17) auipc   t5, 0x1
core   0: 3 0x8000b712 (0x00001f17) x30 0x8000c712
core   0: 0x8000b716 (0x8e3f2723) sw      gp, -1810(t5)
core   0: 3 0x8000b716 (0x8e3f2723) mem 0x8000c000 0x00000001
core   0: 0x8000b71a (0x0000bfe5) c.j     pc - 8
core   0: 3 0x8000b71a (0xbfe5)
core   0: 0x8000b712 (0x00001f17) auipc   t5, 0x1
core   0: 3 0x8000b712 (0x00001f17) x30 0x8000c712
core   0: 0x8000b716 (0x8e3f2723) sw      gp, -1810(t5)
core   0: 3 0x8000b716 (0x8e3f2723) mem 0x8000c000 0x00000001
core   0: 0x8000b71a (0x0000bfe5) c.j     pc - 8
core   0: 3 0x8000b71a (0xbfe5)
core   0: 0x8000b712 (0x00001f17) auipc   t5, 0x1
core   0: 3 0x8000b712 (0x00001f17) x30 0x8000c712
core   0: 0x8000b716 (0x8e3f2723) sw      gp, -1810(t5)
core   0: 3 0x8000b716 (0x8e3f2723) mem 0x8000c000 0x00000001
core   0: 0x8000b71a (0x0000bfe5) c.j     pc - 8
core   0: 3 0x8000b71a (0xbfe5)
core   0: 0x8000b712 (0x00001f17) auipc   t5, 0x1
core   0: 3 0x8000b712 (0x00001f17) x30 0x8000c712
core   0: 0x8000b716 (0x8e3f2723) sw      gp, -1810(t5)
core   0: 3 0x8000b716 (0x8e3f2723) mem 0x8000c000 0x00000001
core   0: 0x8000b71a (0x0000bfe5) c.j     pc - 8
core   0: 3 0x8000b71a (0xbfe5)
core   0: 0x8000b712 (0x00001f17) auipc   t5, 0x1
core   0: 3 0x8000b712 (0x00001f17) x30 0x8000c712
core   0: 0x8000b716 (0x8e3f2723) sw      gp, -1810(t5)
core   0: 3 0x8000b716 (0x8e3f2723) mem 0x8000c000 0x00000001
core   0: 0x8000b71a (0x0000bfe5) c.j     pc - 8
core   0: 3 0x8000b71a (0xbfe5)
core   0: 0x8000b712 (0x00001f17) auipc   t5, 0x1
core   0: 3 0x8000b712 (0x00001f17) x30 0x8000c712
core   0: 0x8000b716 (0x8e3f2723) sw      gp, -1810(t5)
core   0: 3 0x8000b716 (0x8e3f2723) mem 0x8000c000 0x00000001
core   0: 0x8000b71a (0x0000bfe5) c.j     pc - 8
core   0: 3 0x8000b71a (0xbfe5)
core   0: 0x8000b712 (0x00001f17) auipc   t5, 0x1
core   0: 3 0x8000b712 (0x00001f17) x30 0x8000c712
core   0: 0x8000b716 (0x8e3f2723) sw      gp, -1810(t5)
core   0: 3 0x8000b716 (0x8e3f2723) mem 0x8000c000 0x00000001
core   0: 0x8000b71a (0x0000bfe5) c.j     pc - 8
core   0: 3 0x8000b71a (0xbfe5)
core   0: 0x8000b712 (0x00001f17) auipc   t5, 0x1
core   0: 3 0x8000b712 (0x00001f17) x30 0x8000c712
core   0: 0x8000b716 (0x8e3f2723) sw      gp, -1810(t5)
core   0: 3 0x8000b716 (0x8e3f2723) mem 0x8000c000 0x00000001
core   0: 0x8000b71a (0x0000bfe5) c.j     pc - 8
core   0: 3 0x8000b71a (0xbfe5)
core   0: 0x8000b712 (0x00001f17) auipc   t5, 0x1
core   0: 3 0x8000b712 (0x00001f17) x30 0x8000c712
core   0: 0x8000b716 (0x8e3f2723) sw      gp, -1810(t5)
core   0: 3 0x8000b716 (0x8e3f2723) mem 0x8000c000 0x00000001
core   0: 0x8000b71a (0x0000bfe5) c.j     pc - 8
core   0: 3 0x8000b71a (0xbfe5)
core   0: 0x8000b712 (0x00001f17) auipc   t5, 0x1
core   0: 3 0x8000b712 (0x00001f17) x30 0x8000c712
core   0: 0x8000b716 (0x8e3f2723) sw      gp, -1810(t5)
core   0: 3 0x8000b716 (0x8e3f2723) mem 0x8000c000 0x00000001
core   0: 0x8000b71a (0x0000bfe5) c.j     pc - 8
core   0: 3 0x8000b71a (0xbfe5)
core   0: 0x8000b712 (0x00001f17) auipc   t5, 0x1
core   0: 3 0x8000b712 (0x00001f17) x30 0x8000c712
core   0: 0x8000b716 (0x8e3f2723) sw      gp, -1810(t5)
core   0: 3 0x8000b716 (0x8e3f2723) mem 0x8000c000 0x00000001
core   0: 0x8000b71a (0x0000bfe5) c.j     pc - 8
core   0: 3 0x8000b71a (0xbfe5)
core   0: 0x8000b712 (0x00001f17) auipc   t5, 0x1
core   0: 3 0x8000b712 (0x00001f17) x30 0x8000c712
core   0: 0x8000b716 (0x8e3f2723) sw      gp, -1810(t5)
core   0: 3 0x8000b716 (0x8e3f2723) mem 0x8000c000 0x00000001
core   0: 0x8000b71a (0x0000bfe5) c.j     pc - 8
core   0: 3 0x8000b71a (0xbfe5)
core   0: 0x8000b712 (0x00001f17) auipc   t5, 0x1
core   0: 3 0x8000b712 (0x00001f17) x30 0x8000c712
core   0: 0x8000b716 (0x8e3f2723) sw      gp, -1810(t5)
core   0: 3 0x8000b716 (0x8e3f2723) mem 0x8000c000 0x00000001
core   0: 0x8000b71a (0x0000bfe5) c.j     pc - 8
core   0: 3 0x8000b71a (0xbfe5)
core   0: 0x8000b712 (0x00001f17) auipc   t5, 0x1
core   0: 3 0x8000b712 (0x00001f17) x30 0x8000c712
core   0: 0x8000b716 (0x8e3f2723) sw      gp, -1810(t5)
core   0: 3 0x8000b716 (0x8e3f2723) mem 0x8000c000 0x00000001
core   0: 0x8000b71a (0x0000bfe5) c.j     pc - 8
core   0: 3 0x8000b71a (0xbfe5)
core   0: 0x8000b712 (0x00001f17) auipc   t5, 0x1
core   0: 3 0x8000b712 (0x00001f17) x30 0x8000c712
core   0: 0x8000b716 (0x8e3f2723) sw      gp, -1810(t5)
core   0: 3 0x8000b716 (0x8e3f2723) mem 0x8000c000 0x00000001
core   0: 0x8000b71a (0x0000bfe5) c.j     pc - 8
core   0: 3 0x8000b71a (0xbfe5)
core   0: 0x8000b712 (0x00001f17) auipc   t5, 0x1
core   0: 3 0x8000b712 (0x00001f17) x30 0x8000c712
core   0: 0x8000b716 (0x8e3f2723) sw      gp, -1810(t5)
core   0: 3 0x8000b716 (0x8e3f2723) mem 0x8000c000 0x00000001
core   0: 0x8000b71a (0x0000bfe5) c.j     pc - 8
core   0: 3 0x8000b71a (0xbfe5)
core   0: 0x8000b712 (0x00001f17) auipc   t5, 0x1
core   0: 3 0x8000b712 (0x00001f17) x30 0x8000c712
core   0: 0x8000b716 (0x8e3f2723) sw      gp, -1810(t5)
core   0: 3 0x8000b716 (0x8e3f2723) mem 0x8000c000 0x00000001
core   0: 0x8000b71a (0x0000bfe5) c.j     pc - 8
core   0: 3 0x8000b71a (0xbfe5)
core   0: 0x8000b712 (0x00001f17) auipc   t5, 0x1
core   0: 3 0x8000b712 (0x00001f17) x30 0x8000c712
core   0: 0x8000b716 (0x8e3f2723) sw      gp, -1810(t5)
core   0: 3 0x8000b716 (0x8e3f2723) mem 0x8000c000 0x00000001
core   0: 0x8000b71a (0x0000bfe5) c.j     pc - 8
core   0: 3 0x8000b71a (0xbfe5)
core   0: 0x8000b712 (0x00001f17) auipc   t5, 0x1
core   0: 3 0x8000b712 (0x00001f17) x30 0x8000c712
core   0: 0x8000b716 (0x8e3f2723) sw      gp, -1810(t5)
core   0: 3 0x8000b716 (0x8e3f2723) mem 0x8000c000 0x00000001
core   0: 0x8000b71a (0x0000bfe5) c.j     pc - 8
core   0: 3 0x8000b71a (0xbfe5)
core   0: 0x8000b712 (0x00001f17) auipc   t5, 0x1
core   0: 3 0x8000b712 (0x00001f17) x30 0x8000c712
core   0: 0x8000b716 (0x8e3f2723) sw      gp, -1810(t5)
core   0: 3 0x8000b716 (0x8e3f2723) mem 0x8000c000 0x00000001
core   0: 0x8000b71a (0x0000bfe5) c.j     pc - 8
core   0: 3 0x8000b71a (0xbfe5)
core   0: 0x8000b712 (0x00001f17) auipc   t5, 0x1
core   0: 3 0x8000b712 (0x00001f17) x30 0x8000c712
core   0: 0x8000b716 (0x8e3f2723) sw      gp, -1810(t5)
core   0: 3 0x8000b716 (0x8e3f2723) mem 0x8000c000 0x00000001
core   0: 0x8000b71a (0x0000bfe5) c.j     pc - 8
core   0: 3 0x8000b71a (0xbfe5)
core   0: 0x8000b712 (0x00001f17) auipc   t5, 0x1
core   0: 3 0x8000b712 (0x00001f17) x30 0x8000c712
core   0: 0x8000b716 (0x8e3f2723) sw      gp, -1810(t5)
core   0: 3 0x8000b716 (0x8e3f2723) mem 0x8000c000 0x00000001
core   0: 0x8000b71a (0x0000bfe5) c.j     pc - 8
core   0: 3 0x8000b71a (0xbfe5)
core   0: 0x8000b712 (0x00001f17) auipc   t5, 0x1
core   0: 3 0x8000b712 (0x00001f17) x30 0x8000c712
core   0: 0x8000b716 (0x8e3f2723) sw      gp, -1810(t5)
core   0: 3 0x8000b716 (0x8e3f2723) mem 0x8000c000 0x00000001
core   0: 0x8000b71a (0x0000bfe5) c.j     pc - 8
core   0: 3 0x8000b71a (0xbfe5)
core   0: 0x8000b712 (0x00001f17) auipc   t5, 0x1
core   0: 3 0x8000b712 (0x00001f17) x30 0x8000c712
core   0: 0x8000b716 (0x8e3f2723) sw      gp, -1810(t5)
core   0: 3 0x8000b716 (0x8e3f2723) mem 0x8000c000 0x00000001
core   0: 0x8000b71a (0x0000bfe5) c.j     pc - 8
core   0: 3 0x8000b71a (0xbfe5)
core   0: 0x8000b712 (0x00001f17) auipc   t5, 0x1
core   0: 3 0x8000b712 (0x00001f17) x30 0x8000c712
core   0: 0x8000b716 (0x8e3f2723) sw      gp, -1810(t5)
core   0: 3 0x8000b716 (0x8e3f2723) mem 0x8000c000 0x00000001
core   0: 0x8000b71a (0x0000bfe5) c.j     pc - 8
core   0: 3 0x8000b71a (0xbfe5)
core   0: 0x8000b712 (0x00001f17) auipc   t5, 0x1
core   0: 3 0x8000b712 (0x00001f17) x30 0x8000c712
core   0: 0x8000b716 (0x8e3f2723) sw      gp, -1810(t5)
core   0: 3 0x8000b716 (0x8e3f2723) mem 0x8000c000 0x00000001
core   0: 0x8000b71a (0x0000bfe5) c.j     pc - 8
core   0: 3 0x8000b71a (0xbfe5)
core   0: 0x8000b712 (0x00001f17) auipc   t5, 0x1
core   0: 3 0x8000b712 (0x00001f17) x30 0x8000c712
core   0: 0x8000b716 (0x8e3f2723) sw      gp, -1810(t5)
core   0: 3 0x8000b716 (0x8e3f2723) mem 0x8000c000 0x00000001
core   0: 0x8000b71a (0x0000bfe5) c.j     pc - 8
core   0: 3 0x8000b71a (0xbfe5)
core   0: 0x8000b712 (0x00001f17) auipc   t5, 0x1
core   0: 3 0x8000b712 (0x00001f17) x30 0x8000c712
core   0: 0x8000b716 (0x8e3f2723) sw      gp, -1810(t5)
core   0: 3 0x8000b716 (0x8e3f2723) mem 0x8000c000 0x00000001
core   0: 0x8000b71a (0x0000bfe5) c.j     pc - 8
core   0: 3 0x8000b71a (0xbfe5)
core   0: 0x8000b712 (0x00001f17) auipc   t5, 0x1
core   0: 3 0x8000b712 (0x00001f17) x30 0x8000c712
core   0: 0x8000b716 (0x8e3f2723) sw      gp, -1810(t5)
core   0: 3 0x8000b716 (0x8e3f2723) mem 0x8000c000 0x00000001
core   0: 0x8000b71a (0x0000bfe5) c.j     pc - 8
core   0: 3 0x8000b71a (0xbfe5)
core   0: 0x8000b712 (0x00001f17) auipc   t5, 0x1
core   0: 3 0x8000b712 (0x00001f17) x30 0x8000c712
core   0: 0x8000b716 (0x8e3f2723) sw      gp, -1810(t5)
core   0: 3 0x8000b716 (0x8e3f2723) mem 0x8000c000 0x00000001
core   0: 0x8000b71a (0x0000bfe5) c.j     pc - 8
core   0: 3 0x8000b71a (0xbfe5)
core   0: 0x8000b712 (0x00001f17) auipc   t5, 0x1
core   0: 3 0x8000b712 (0x00001f17) x30 0x8000c712
core   0: 0x8000b716 (0x8e3f2723) sw      gp, -1810(t5)
core   0: 3 0x8000b716 (0x8e3f2723) mem 0x8000c000 0x00000001
core   0: 0x8000b71a (0x0000bfe5) c.j     pc - 8
core   0: 3 0x8000b71a (0xbfe5)
core   0: 0x8000b712 (0x00001f17) auipc   t5, 0x1
core   0: 3 0x8000b712 (0x00001f17) x30 0x8000c712
core   0: 0x8000b716 (0x8e3f2723) sw      gp, -1810(t5)
core   0: 3 0x8000b716 (0x8e3f2723) mem 0x8000c000 0x00000001
core   0: 0x8000b71a (0x0000bfe5) c.j     pc - 8
core   0: 3 0x8000b71a (0xbfe5)
core   0: 0x8000b712 (0x00001f17) auipc   t5, 0x1
core   0: 3 0x8000b712 (0x00001f17) x30 0x8000c712
core   0: 0x8000b716 (0x8e3f2723) sw      gp, -1810(t5)
core   0: 3 0x8000b716 (0x8e3f2723) mem 0x8000c000 0x00000001
core   0: 0x8000b71a (0x0000bfe5) c.j     pc - 8
core   0: 3 0x8000b71a (0xbfe5)
core   0: 0x8000b712 (0x00001f17) auipc   t5, 0x1
core   0: 3 0x8000b712 (0x00001f17) x30 0x8000c712
core   0: 0x8000b716 (0x8e3f2723) sw      gp, -1810(t5)
core   0: 3 0x8000b716 (0x8e3f2723) mem 0x8000c000 0x00000001
core   0: 0x8000b71a (0x0000bfe5) c.j     pc - 8
core   0: 3 0x8000b71a (0xbfe5)
core   0: 0x8000b712 (0x00001f17) auipc   t5, 0x1
core   0: 3 0x8000b712 (0x00001f17) x30 0x8000c712
core   0: 0x8000b716 (0x8e3f2723) sw      gp, -1810(t5)
core   0: 3 0x8000b716 (0x8e3f2723) mem 0x8000c000 0x00000001
core   0: 0x8000b71a (0x0000bfe5) c.j     pc - 8
core   0: 3 0x8000b71a (0xbfe5)
core   0: 0x8000b712 (0x00001f17) auipc   t5, 0x1
core   0: 3 0x8000b712 (0x00001f17) x30 0x8000c712
core   0: 0x8000b716 (0x8e3f2723) sw      gp, -1810(t5)
core   0: 3 0x8000b716 (0x8e3f2723) mem 0x8000c000 0x00000001
core   0: 0x8000b71a (0x0000bfe5) c.j     pc - 8
core   0: 3 0x8000b71a (0xbfe5)
core   0: 0x8000b712 (0x00001f17) auipc   t5, 0x1
core   0: 3 0x8000b712 (0x00001f17) x30 0x8000c712
core   0: 0x8000b716 (0x8e3f2723) sw      gp, -1810(t5)
core   0: 3 0x8000b716 (0x8e3f2723) mem 0x8000c000 0x00000001
core   0: 0x8000b71a (0x0000bfe5) c.j     pc - 8
core   0: 3 0x8000b71a (0xbfe5)
core   0: 0x8000b712 (0x00001f17) auipc   t5, 0x1
core   0: 3 0x8000b712 (0x00001f17) x30 0x8000c712
core   0: 0x8000b716 (0x8e3f2723) sw      gp, -1810(t5)
core   0: 3 0x8000b716 (0x8e3f2723) mem 0x8000c000 0x00000001
core   0: 0x8000b71a (0x0000bfe5) c.j     pc - 8
core   0: 3 0x8000b71a (0xbfe5)
core   0: 0x8000b712 (0x00001f17) auipc   t5, 0x1
core   0: 3 0x8000b712 (0x00001f17) x30 0x8000c712
core   0: 0x8000b716 (0x8e3f2723) sw      gp, -1810(t5)
core   0: 3 0x8000b716 (0x8e3f2723) mem 0x8000c000 0x00000001
core   0: 0x8000b71a (0x0000bfe5) c.j     pc - 8
core   0: 3 0x8000b71a (0xbfe5)
core   0: 0x8000b712 (0x00001f17) auipc   t5, 0x1
core   0: 3 0x8000b712 (0x00001f17) x30 0x8000c712
core   0: 0x8000b716 (0x8e3f2723) sw      gp, -1810(t5)
core   0: 3 0x8000b716 (0x8e3f2723) mem 0x8000c000 0x00000001
core   0: 0x8000b71a (0x0000bfe5) c.j     pc - 8
core   0: 3 0x8000b71a (0xbfe5)
core   0: 0x8000b712 (0x00001f17) auipc   t5, 0x1
core   0: 3 0x8000b712 (0x00001f17) x30 0x8000c712
core   0: 0x8000b716 (0x8e3f2723) sw      gp, -1810(t5)
core   0: 3 0x8000b716 (0x8e3f2723) mem 0x8000c000 0x00000001
core   0: 0x8000b71a (0x0000bfe5) c.j     pc - 8
core   0: 3 0x8000b71a (0xbfe5)
core   0: 0x8000b712 (0x00001f17) auipc   t5, 0x1
core   0: 3 0x8000b712 (0x00001f17) x30 0x8000c712
core   0: 0x8000b716 (0x8e3f2723) sw      gp, -1810(t5)
core   0: 3 0x8000b716 (0x8e3f2723) mem 0x8000c000 0x00000001
core   0: 0x8000b71a (0x0000bfe5) c.j     pc - 8
core   0: 3 0x8000b71a (0xbfe5)
core   0: 0x8000b712 (0x00001f17) auipc   t5, 0x1
core   0: 3 0x8000b712 (0x00001f17) x30 0x8000c712
core   0: 0x8000b716 (0x8e3f2723) sw      gp, -1810(t5)
core   0: 3 0x8000b716 (0x8e3f2723) mem 0x8000c000 0x00000001
core   0: 0x8000b71a (0x0000bfe5) c.j     pc - 8
core   0: 3 0x8000b71a (0xbfe5)
core   0: 0x8000b712 (0x00001f17) auipc   t5, 0x1
core   0: 3 0x8000b712 (0x00001f17) x30 0x8000c712
core   0: 0x8000b716 (0x8e3f2723) sw      gp, -1810(t5)
core   0: 3 0x8000b716 (0x8e3f2723) mem 0x8000c000 0x00000001
core   0: 0x8000b71a (0x0000bfe5) c.j     pc - 8
core   0: 3 0x8000b71a (0xbfe5)
core   0: 0x8000b712 (0x00001f17) auipc   t5, 0x1
core   0: 3 0x8000b712 (0x00001f17) x30 0x8000c712
core   0: 0x8000b716 (0x8e3f2723) sw      gp, -1810(t5)
core   0: 3 0x8000b716 (0x8e3f2723) mem 0x8000c000 0x00000001
core   0: 0x8000b71a (0x0000bfe5) c.j     pc - 8
core   0: 3 0x8000b71a (0xbfe5)
core   0: 0x8000b712 (0x00001f17) auipc   t5, 0x1
core   0: 3 0x8000b712 (0x00001f17) x30 0x8000c712
core   0: 0x8000b716 (0x8e3f2723) sw      gp, -1810(t5)
core   0: 3 0x8000b716 (0x8e3f2723) mem 0x8000c000 0x00000001
core   0: 0x8000b71a (0x0000bfe5) c.j     pc - 8
core   0: 3 0x8000b71a (0xbfe5)
core   0: 0x8000b712 (0x00001f17) auipc   t5, 0x1
core   0: 3 0x8000b712 (0x00001f17) x30 0x8000c712
core   0: 0x8000b716 (0x8e3f2723) sw      gp, -1810(t5)
core   0: 3 0x8000b716 (0x8e3f2723) mem 0x8000c000 0x00000001
core   0: 0x8000b71a (0x0000bfe5) c.j     pc - 8
core   0: 3 0x8000b71a (0xbfe5)
core   0: 0x8000b712 (0x00001f17) auipc   t5, 0x1
core   0: 3 0x8000b712 (0x00001f17) x30 0x8000c712
core   0: 0x8000b716 (0x8e3f2723) sw      gp, -1810(t5)
core   0: 3 0x8000b716 (0x8e3f2723) mem 0x8000c000 0x00000001
core   0: 0x8000b71a (0x0000bfe5) c.j     pc - 8
core   0: 3 0x8000b71a (0xbfe5)
core   0: 0x8000b712 (0x00001f17) auipc   t5, 0x1
core   0: 3 0x8000b712 (0x00001f17) x30 0x8000c712
core   0: 0x8000b716 (0x8e3f2723) sw      gp, -1810(t5)
core   0: 3 0x8000b716 (0x8e3f2723) mem 0x8000c000 0x00000001
core   0: 0x8000b71a (0x0000bfe5) c.j     pc - 8
core   0: 3 0x8000b71a (0xbfe5)
core   0: 0x8000b712 (0x00001f17) auipc   t5, 0x1
core   0: 3 0x8000b712 (0x00001f17) x30 0x8000c712
core   0: 0x8000b716 (0x8e3f2723) sw      gp, -1810(t5)
core   0: 3 0x8000b716 (0x8e3f2723) mem 0x8000c000 0x00000001
core   0: 0x8000b71a (0x0000bfe5) c.j     pc - 8
core   0: 3 0x8000b71a (0xbfe5)
core   0: 0x8000b712 (0x00001f17) auipc   t5, 0x1
core   0: 3 0x8000b712 (0x00001f17) x30 0x8000c712
core   0: 0x8000b716 (0x8e3f2723) sw      gp, -1810(t5)
core   0: 3 0x8000b716 (0x8e3f2723) mem 0x8000c000 0x00000001
core   0: 0x8000b71a (0x0000bfe5) c.j     pc - 8
core   0: 3 0x8000b71a (0xbfe5)
core   0: 0x8000b712 (0x00001f17) auipc   t5, 0x1
core   0: 3 0x8000b712 (0x00001f17) x30 0x8000c712
core   0: 0x8000b716 (0x8e3f2723) sw      gp, -1810(t5)
core   0: 3 0x8000b716 (0x8e3f2723) mem 0x8000c000 0x00000001
core   0: 0x8000b71a (0x0000bfe5) c.j     pc - 8
core   0: 3 0x8000b71a (0xbfe5)
core   0: 0x8000b712 (0x00001f17) auipc   t5, 0x1
core   0: 3 0x8000b712 (0x00001f17) x30 0x8000c712
core   0: 0x8000b716 (0x8e3f2723) sw      gp, -1810(t5)
core   0: 3 0x8000b716 (0x8e3f2723) mem 0x8000c000 0x00000001
core   0: 0x8000b71a (0x0000bfe5) c.j     pc - 8
core   0: 3 0x8000b71a (0xbfe5)
core   0: 0x8000b712 (0x00001f17) auipc   t5, 0x1
core   0: 3 0x8000b712 (0x00001f17) x30 0x8000c712
core   0: 0x8000b716 (0x8e3f2723) sw      gp, -1810(t5)
core   0: 3 0x8000b716 (0x8e3f2723) mem 0x8000c000 0x00000001
core   0: 0x8000b71a (0x0000bfe5) c.j     pc - 8
core   0: 3 0x8000b71a (0xbfe5)
core   0: 0x8000b712 (0x00001f17) auipc   t5, 0x1
core   0: 3 0x8000b712 (0x00001f17) x30 0x8000c712
core   0: 0x8000b716 (0x8e3f2723) sw      gp, -1810(t5)
core   0: 3 0x8000b716 (0x8e3f2723) mem 0x8000c000 0x00000001
core   0: 0x8000b71a (0x0000bfe5) c.j     pc - 8
core   0: 3 0x8000b71a (0xbfe5)
core   0: 0x8000b712 (0x00001f17) auipc   t5, 0x1
core   0: 3 0x8000b712 (0x00001f17) x30 0x8000c712
core   0: 0x8000b716 (0x8e3f2723) sw      gp, -1810(t5)
core   0: 3 0x8000b716 (0x8e3f2723) mem 0x8000c000 0x00000001
core   0: 0x8000b71a (0x0000bfe5) c.j     pc - 8
core   0: 3 0x8000b71a (0xbfe5)
core   0: 0x8000b712 (0x00001f17) auipc   t5, 0x1
core   0: 3 0x8000b712 (0x00001f17) x30 0x8000c712
core   0: 0x8000b716 (0x8e3f2723) sw      gp, -1810(t5)
core   0: 3 0x8000b716 (0x8e3f2723) mem 0x8000c000 0x00000001
core   0: 0x8000b71a (0x0000bfe5) c.j     pc - 8
core   0: 3 0x8000b71a (0xbfe5)
core   0: 0x8000b712 (0x00001f17) auipc   t5, 0x1
core   0: 3 0x8000b712 (0x00001f17) x30 0x8000c712
core   0: 0x8000b716 (0x8e3f2723) sw      gp, -1810(t5)
core   0: 3 0x8000b716 (0x8e3f2723) mem 0x8000c000 0x00000001
core   0: 0x8000b71a (0x0000bfe5) c.j     pc - 8
core   0: 3 0x8000b71a (0xbfe5)
core   0: 0x8000b712 (0x00001f17) auipc   t5, 0x1
core   0: 3 0x8000b712 (0x00001f17) x30 0x8000c712
core   0: 0x8000b716 (0x8e3f2723) sw      gp, -1810(t5)
core   0: 3 0x8000b716 (0x8e3f2723) mem 0x8000c000 0x00000001
core   0: 0x8000b71a (0x0000bfe5) c.j     pc - 8
core   0: 3 0x8000b71a (0xbfe5)
core   0: 0x8000b712 (0x00001f17) auipc   t5, 0x1
core   0: 3 0x8000b712 (0x00001f17) x30 0x8000c712
core   0: 0x8000b716 (0x8e3f2723) sw      gp, -1810(t5)
core   0: 3 0x8000b716 (0x8e3f2723) mem 0x8000c000 0x00000001
core   0: 0x8000b71a (0x0000bfe5) c.j     pc - 8
core   0: 3 0x8000b71a (0xbfe5)
core   0: 0x8000b712 (0x00001f17) auipc   t5, 0x1
core   0: 3 0x8000b712 (0x00001f17) x30 0x8000c712
core   0: 0x8000b716 (0x8e3f2723) sw      gp, -1810(t5)
core   0: 3 0x8000b716 (0x8e3f2723) mem 0x8000c000 0x00000001
core   0: 0x8000b71a (0x0000bfe5) c.j     pc - 8
core   0: 3 0x8000b71a (0xbfe5)
core   0: 0x8000b712 (0x00001f17) auipc   t5, 0x1
core   0: 3 0x8000b712 (0x00001f17) x30 0x8000c712
core   0: 0x8000b716 (0x8e3f2723) sw      gp, -1810(t5)
core   0: 3 0x8000b716 (0x8e3f2723) mem 0x8000c000 0x00000001
core   0: 0x8000b71a (0x0000bfe5) c.j     pc - 8
core   0: 3 0x8000b71a (0xbfe5)
core   0: 0x8000b712 (0x00001f17) auipc   t5, 0x1
core   0: 3 0x8000b712 (0x00001f17) x30 0x8000c712
core   0: 0x8000b716 (0x8e3f2723) sw      gp, -1810(t5)
core   0: 3 0x8000b716 (0x8e3f2723) mem 0x8000c000 0x00000001
core   0: 0x8000b71a (0x0000bfe5) c.j     pc - 8
core   0: 3 0x8000b71a (0xbfe5)
core   0: 0x8000b712 (0x00001f17) auipc   t5, 0x1
core   0: 3 0x8000b712 (0x00001f17) x30 0x8000c712
core   0: 0x8000b716 (0x8e3f2723) sw      gp, -1810(t5)
core   0: 3 0x8000b716 (0x8e3f2723) mem 0x8000c000 0x00000001
core   0: 0x8000b71a (0x0000bfe5) c.j     pc - 8
core   0: 3 0x8000b71a (0xbfe5)
core   0: 0x8000b712 (0x00001f17) auipc   t5, 0x1
core   0: 3 0x8000b712 (0x00001f17) x30 0x8000c712
core   0: 0x8000b716 (0x8e3f2723) sw      gp, -1810(t5)
core   0: 3 0x8000b716 (0x8e3f2723) mem 0x8000c000 0x00000001
core   0: 0x8000b71a (0x0000bfe5) c.j     pc - 8
core   0: 3 0x8000b71a (0xbfe5)
core   0: 0x8000b712 (0x00001f17) auipc   t5, 0x1
core   0: 3 0x8000b712 (0x00001f17) x30 0x8000c712
core   0: 0x8000b716 (0x8e3f2723) sw      gp, -1810(t5)
core   0: 3 0x8000b716 (0x8e3f2723) mem 0x8000c000 0x00000001
core   0: 0x8000b71a (0x0000bfe5) c.j     pc - 8
core   0: 3 0x8000b71a (0xbfe5)
core   0: 0x8000b712 (0x00001f17) auipc   t5, 0x1
core   0: 3 0x8000b712 (0x00001f17) x30 0x8000c712
core   0: 0x8000b716 (0x8e3f2723) sw      gp, -1810(t5)
core   0: 3 0x8000b716 (0x8e3f2723) mem 0x8000c000 0x00000001
core   0: 0x8000b71a (0x0000bfe5) c.j     pc - 8
core   0: 3 0x8000b71a (0xbfe5)
core   0: 0x8000b712 (0x00001f17) auipc   t5, 0x1
core   0: 3 0x8000b712 (0x00001f17) x30 0x8000c712
core   0: 0x8000b716 (0x8e3f2723) sw      gp, -1810(t5)
core   0: 3 0x8000b716 (0x8e3f2723) mem 0x8000c000 0x00000001
core   0: 0x8000b71a (0x0000bfe5) c.j     pc - 8
core   0: 3 0x8000b71a (0xbfe5)
core   0: 0x8000b712 (0x00001f17) auipc   t5, 0x1
core   0: 3 0x8000b712 (0x00001f17) x30 0x8000c712
core   0: 0x8000b716 (0x8e3f2723) sw      gp, -1810(t5)
core   0: 3 0x8000b716 (0x8e3f2723) mem 0x8000c000 0x00000001
core   0: 0x8000b71a (0x0000bfe5) c.j     pc - 8
core   0: 3 0x8000b71a (0xbfe5)
core   0: 0x8000b712 (0x00001f17) auipc   t5, 0x1
core   0: 3 0x8000b712 (0x00001f17) x30 0x8000c712
core   0: 0x8000b716 (0x8e3f2723) sw      gp, -1810(t5)
core   0: 3 0x8000b716 (0x8e3f2723) mem 0x8000c000 0x00000001
core   0: 0x8000b71a (0x0000bfe5) c.j     pc - 8
core   0: 3 0x8000b71a (0xbfe5)
core   0: 0x8000b712 (0x00001f17) auipc   t5, 0x1
core   0: 3 0x8000b712 (0x00001f17) x30 0x8000c712
core   0: 0x8000b716 (0x8e3f2723) sw      gp, -1810(t5)
core   0: 3 0x8000b716 (0x8e3f2723) mem 0x8000c000 0x00000001
core   0: 0x8000b71a (0x0000bfe5) c.j     pc - 8
core   0: 3 0x8000b71a (0xbfe5)
core   0: 0x8000b712 (0x00001f17) auipc   t5, 0x1
core   0: 3 0x8000b712 (0x00001f17) x30 0x8000c712
core   0: 0x8000b716 (0x8e3f2723) sw      gp, -1810(t5)
core   0: 3 0x8000b716 (0x8e3f2723) mem 0x8000c000 0x00000001
core   0: 0x8000b71a (0x0000bfe5) c.j     pc - 8
core   0: 3 0x8000b71a (0xbfe5)
core   0: 0x8000b712 (0x00001f17) auipc   t5, 0x1
core   0: 3 0x8000b712 (0x00001f17) x30 0x8000c712
core   0: 0x8000b716 (0x8e3f2723) sw      gp, -1810(t5)
core   0: 3 0x8000b716 (0x8e3f2723) mem 0x8000c000 0x00000001
core   0: 0x8000b71a (0x0000bfe5) c.j     pc - 8
core   0: 3 0x8000b71a (0xbfe5)
core   0: 0x8000b712 (0x00001f17) auipc   t5, 0x1
core   0: 3 0x8000b712 (0x00001f17) x30 0x8000c712
core   0: 0x8000b716 (0x8e3f2723) sw      gp, -1810(t5)
core   0: 3 0x8000b716 (0x8e3f2723) mem 0x8000c000 0x00000001
core   0: 0x8000b71a (0x0000bfe5) c.j     pc - 8
core   0: 3 0x8000b71a (0xbfe5)
core   0: 0x8000b712 (0x00001f17) auipc   t5, 0x1
core   0: 3 0x8000b712 (0x00001f17) x30 0x8000c712
core   0: 0x8000b716 (0x8e3f2723) sw      gp, -1810(t5)
core   0: 3 0x8000b716 (0x8e3f2723) mem 0x8000c000 0x00000001
core   0: 0x8000b71a (0x0000bfe5) c.j     pc - 8
core   0: 3 0x8000b71a (0xbfe5)
core   0: 0x8000b712 (0x00001f17) auipc   t5, 0x1
core   0: 3 0x8000b712 (0x00001f17) x30 0x8000c712
core   0: 0x8000b716 (0x8e3f2723) sw      gp, -1810(t5)
core   0: 3 0x8000b716 (0x8e3f2723) mem 0x8000c000 0x00000001
core   0: 0x8000b71a (0x0000bfe5) c.j     pc - 8
core   0: 3 0x8000b71a (0xbfe5)
core   0: 0x8000b712 (0x00001f17) auipc   t5, 0x1
core   0: 3 0x8000b712 (0x00001f17) x30 0x8000c712
core   0: 0x8000b716 (0x8e3f2723) sw      gp, -1810(t5)
core   0: 3 0x8000b716 (0x8e3f2723) mem 0x8000c000 0x00000001
core   0: 0x8000b71a (0x0000bfe5) c.j     pc - 8
core   0: 3 0x8000b71a (0xbfe5)
core   0: 0x8000b712 (0x00001f17) auipc   t5, 0x1
core   0: 3 0x8000b712 (0x00001f17) x30 0x8000c712
core   0: 0x8000b716 (0x8e3f2723) sw      gp, -1810(t5)
core   0: 3 0x8000b716 (0x8e3f2723) mem 0x8000c000 0x00000001
core   0: 0x8000b71a (0x0000bfe5) c.j     pc - 8
core   0: 3 0x8000b71a (0xbfe5)
core   0: 0x8000b712 (0x00001f17) auipc   t5, 0x1
core   0: 3 0x8000b712 (0x00001f17) x30 0x8000c712
core   0: 0x8000b716 (0x8e3f2723) sw      gp, -1810(t5)
core   0: 3 0x8000b716 (0x8e3f2723) mem 0x8000c000 0x00000001
core   0: 0x8000b71a (0x0000bfe5) c.j     pc - 8
core   0: 3 0x8000b71a (0xbfe5)
core   0: 0x8000b712 (0x00001f17) auipc   t5, 0x1
core   0: 3 0x8000b712 (0x00001f17) x30 0x8000c712
core   0: 0x8000b716 (0x8e3f2723) sw      gp, -1810(t5)
core   0: 3 0x8000b716 (0x8e3f2723) mem 0x8000c000 0x00000001
core   0: 0x8000b71a (0x0000bfe5) c.j     pc - 8
core   0: 3 0x8000b71a (0xbfe5)
core   0: 0x8000b712 (0x00001f17) auipc   t5, 0x1
core   0: 3 0x8000b712 (0x00001f17) x30 0x8000c712
core   0: 0x8000b716 (0x8e3f2723) sw      gp, -1810(t5)
core   0: 3 0x8000b716 (0x8e3f2723) mem 0x8000c000 0x00000001
core   0: 0x8000b71a (0x0000bfe5) c.j     pc - 8
core   0: 3 0x8000b71a (0xbfe5)
core   0: 0x8000b712 (0x00001f17) auipc   t5, 0x1
core   0: 3 0x8000b712 (0x00001f17) x30 0x8000c712
core   0: 0x8000b716 (0x8e3f2723) sw      gp, -1810(t5)
core   0: 3 0x8000b716 (0x8e3f2723) mem 0x8000c000 0x00000001
core   0: 0x8000b71a (0x0000bfe5) c.j     pc - 8
core   0: 3 0x8000b71a (0xbfe5)
core   0: 0x8000b712 (0x00001f17) auipc   t5, 0x1
core   0: 3 0x8000b712 (0x00001f17) x30 0x8000c712
core   0: 0x8000b716 (0x8e3f2723) sw      gp, -1810(t5)
core   0: 3 0x8000b716 (0x8e3f2723) mem 0x8000c000 0x00000001
core   0: 0x8000b71a (0x0000bfe5) c.j     pc - 8
core   0: 3 0x8000b71a (0xbfe5)
core   0: 0x8000b712 (0x00001f17) auipc   t5, 0x1
core   0: 3 0x8000b712 (0x00001f17) x30 0x8000c712
core   0: 0x8000b716 (0x8e3f2723) sw      gp, -1810(t5)
core   0: 3 0x8000b716 (0x8e3f2723) mem 0x8000c000 0x00000001
core   0: 0x8000b71a (0x0000bfe5) c.j     pc - 8
core   0: 3 0x8000b71a (0xbfe5)
core   0: 0x8000b712 (0x00001f17) auipc   t5, 0x1
core   0: 3 0x8000b712 (0x00001f17) x30 0x8000c712
core   0: 0x8000b716 (0x8e3f2723) sw      gp, -1810(t5)
core   0: 3 0x8000b716 (0x8e3f2723) mem 0x8000c000 0x00000001
core   0: 0x8000b71a (0x0000bfe5) c.j     pc - 8
core   0: 3 0x8000b71a (0xbfe5)
core   0: 0x8000b712 (0x00001f17) auipc   t5, 0x1
core   0: 3 0x8000b712 (0x00001f17) x30 0x8000c712
core   0: 0x8000b716 (0x8e3f2723) sw      gp, -1810(t5)
core   0: 3 0x8000b716 (0x8e3f2723) mem 0x8000c000 0x00000001
core   0: 0x8000b71a (0x0000bfe5) c.j     pc - 8
core   0: 3 0x8000b71a (0xbfe5)
core   0: 0x8000b712 (0x00001f17) auipc   t5, 0x1
core   0: 3 0x8000b712 (0x00001f17) x30 0x8000c712
core   0: 0x8000b716 (0x8e3f2723) sw      gp, -1810(t5)
core   0: 3 0x8000b716 (0x8e3f2723) mem 0x8000c000 0x00000001
core   0: 0x8000b71a (0x0000bfe5) c.j     pc - 8
core   0: 3 0x8000b71a (0xbfe5)
core   0: 0x8000b712 (0x00001f17) auipc   t5, 0x1
core   0: 3 0x8000b712 (0x00001f17) x30 0x8000c712
core   0: 0x8000b716 (0x8e3f2723) sw      gp, -1810(t5)
core   0: 3 0x8000b716 (0x8e3f2723) mem 0x8000c000 0x00000001
core   0: 0x8000b71a (0x0000bfe5) c.j     pc - 8
core   0: 3 0x8000b71a (0xbfe5)
core   0: 0x8000b712 (0x00001f17) auipc   t5, 0x1
core   0: 3 0x8000b712 (0x00001f17) x30 0x8000c712
core   0: 0x8000b716 (0x8e3f2723) sw      gp, -1810(t5)
core   0: 3 0x8000b716 (0x8e3f2723) mem 0x8000c000 0x00000001
core   0: 0x8000b71a (0x0000bfe5) c.j     pc - 8
core   0: 3 0x8000b71a (0xbfe5)
core   0: 0x8000b712 (0x00001f17) auipc   t5, 0x1
core   0: 3 0x8000b712 (0x00001f17) x30 0x8000c712
core   0: 0x8000b716 (0x8e3f2723) sw      gp, -1810(t5)
core   0: 3 0x8000b716 (0x8e3f2723) mem 0x8000c000 0x00000001
core   0: 0x8000b71a (0x0000bfe5) c.j     pc - 8
core   0: 3 0x8000b71a (0xbfe5)
core   0: 0x8000b712 (0x00001f17) auipc   t5, 0x1
core   0: 3 0x8000b712 (0x00001f17) x30 0x8000c712
core   0: 0x8000b716 (0x8e3f2723) sw      gp, -1810(t5)
core   0: 3 0x8000b716 (0x8e3f2723) mem 0x8000c000 0x00000001
core   0: 0x8000b71a (0x0000bfe5) c.j     pc - 8
core   0: 3 0x8000b71a (0xbfe5)
core   0: 0x8000b712 (0x00001f17) auipc   t5, 0x1
core   0: 3 0x8000b712 (0x00001f17) x30 0x8000c712
core   0: 0x8000b716 (0x8e3f2723) sw      gp, -1810(t5)
core   0: 3 0x8000b716 (0x8e3f2723) mem 0x8000c000 0x00000001
core   0: 0x8000b71a (0x0000bfe5) c.j     pc - 8
core   0: 3 0x8000b71a (0xbfe5)
core   0: 0x8000b712 (0x00001f17) auipc   t5, 0x1
core   0: 3 0x8000b712 (0x00001f17) x30 0x8000c712
core   0: 0x8000b716 (0x8e3f2723) sw      gp, -1810(t5)
core   0: 3 0x8000b716 (0x8e3f2723) mem 0x8000c000 0x00000001
core   0: 0x8000b71a (0x0000bfe5) c.j     pc - 8
core   0: 3 0x8000b71a (0xbfe5)
core   0: 0x8000b712 (0x00001f17) auipc   t5, 0x1
core   0: 3 0x8000b712 (0x00001f17) x30 0x8000c712
core   0: 0x8000b716 (0x8e3f2723) sw      gp, -1810(t5)
core   0: 3 0x8000b716 (0x8e3f2723) mem 0x8000c000 0x00000001
core   0: 0x8000b71a (0x0000bfe5) c.j     pc - 8
core   0: 3 0x8000b71a (0xbfe5)
core   0: 0x8000b712 (0x00001f17) auipc   t5, 0x1
core   0: 3 0x8000b712 (0x00001f17) x30 0x8000c712
core   0: 0x8000b716 (0x8e3f2723) sw      gp, -1810(t5)
core   0: 3 0x8000b716 (0x8e3f2723) mem 0x8000c000 0x00000001
core   0: 0x8000b71a (0x0000bfe5) c.j     pc - 8
core   0: 3 0x8000b71a (0xbfe5)
core   0: 0x8000b712 (0x00001f17) auipc   t5, 0x1
core   0: 3 0x8000b712 (0x00001f17) x30 0x8000c712
core   0: 0x8000b716 (0x8e3f2723) sw      gp, -1810(t5)
core   0: 3 0x8000b716 (0x8e3f2723) mem 0x8000c000 0x00000001
core   0: 0x8000b71a (0x0000bfe5) c.j     pc - 8
core   0: 3 0x8000b71a (0xbfe5)
core   0: 0x8000b712 (0x00001f17) auipc   t5, 0x1
core   0: 3 0x8000b712 (0x00001f17) x30 0x8000c712
core   0: 0x8000b716 (0x8e3f2723) sw      gp, -1810(t5)
core   0: 3 0x8000b716 (0x8e3f2723) mem 0x8000c000 0x00000001
core   0: 0x8000b71a (0x0000bfe5) c.j     pc - 8
core   0: 3 0x8000b71a (0xbfe5)
core   0: 0x8000b712 (0x00001f17) auipc   t5, 0x1
core   0: 3 0x8000b712 (0x00001f17) x30 0x8000c712
core   0: 0x8000b716 (0x8e3f2723) sw      gp, -1810(t5)
core   0: 3 0x8000b716 (0x8e3f2723) mem 0x8000c000 0x00000001
core   0: 0x8000b71a (0x0000bfe5) c.j     pc - 8
core   0: 3 0x8000b71a (0xbfe5)
core   0: 0x8000b712 (0x00001f17) auipc   t5, 0x1
core   0: 3 0x8000b712 (0x00001f17) x30 0x8000c712
core   0: 0x8000b716 (0x8e3f2723) sw      gp, -1810(t5)
core   0: 3 0x8000b716 (0x8e3f2723) mem 0x8000c000 0x00000001
core   0: 0x8000b71a (0x0000bfe5) c.j     pc - 8
core   0: 3 0x8000b71a (0xbfe5)
core   0: 0x8000b712 (0x00001f17) auipc   t5, 0x1
core   0: 3 0x8000b712 (0x00001f17) x30 0x8000c712
core   0: 0x8000b716 (0x8e3f2723) sw      gp, -1810(t5)
core   0: 3 0x8000b716 (0x8e3f2723) mem 0x8000c000 0x00000001
core   0: 0x8000b71a (0x0000bfe5) c.j     pc - 8
core   0: 3 0x8000b71a (0xbfe5)
core   0: 0x8000b712 (0x00001f17) auipc   t5, 0x1
core   0: 3 0x8000b712 (0x00001f17) x30 0x8000c712
core   0: 0x8000b716 (0x8e3f2723) sw      gp, -1810(t5)
core   0: 3 0x8000b716 (0x8e3f2723) mem 0x8000c000 0x00000001
core   0: 0x8000b71a (0x0000bfe5) c.j     pc - 8
core   0: 3 0x8000b71a (0xbfe5)
core   0: 0x8000b712 (0x00001f17) auipc   t5, 0x1
core   0: 3 0x8000b712 (0x00001f17) x30 0x8000c712
core   0: 0x8000b716 (0x8e3f2723) sw      gp, -1810(t5)
core   0: 3 0x8000b716 (0x8e3f2723) mem 0x8000c000 0x00000001
core   0: 0x8000b71a (0x0000bfe5) c.j     pc - 8
core   0: 3 0x8000b71a (0xbfe5)
core   0: 0x8000b712 (0x00001f17) auipc   t5, 0x1
core   0: 3 0x8000b712 (0x00001f17) x30 0x8000c712
core   0: 0x8000b716 (0x8e3f2723) sw      gp, -1810(t5)
core   0: 3 0x8000b716 (0x8e3f2723) mem 0x8000c000 0x00000001
core   0: 0x8000b71a (0x0000bfe5) c.j     pc - 8
core   0: 3 0x8000b71a (0xbfe5)
core   0: 0x8000b712 (0x00001f17) auipc   t5, 0x1
core   0: 3 0x8000b712 (0x00001f17) x30 0x8000c712
core   0: 0x8000b716 (0x8e3f2723) sw      gp, -1810(t5)
core   0: 3 0x8000b716 (0x8e3f2723) mem 0x8000c000 0x00000001
core   0: 0x8000b71a (0x0000bfe5) c.j     pc - 8
core   0: 3 0x8000b71a (0xbfe5)
core   0: 0x8000b712 (0x00001f17) auipc   t5, 0x1
core   0: 3 0x8000b712 (0x00001f17) x30 0x8000c712
core   0: 0x8000b716 (0x8e3f2723) sw      gp, -1810(t5)
core   0: 3 0x8000b716 (0x8e3f2723) mem 0x8000c000 0x00000001
core   0: 0x8000b71a (0x0000bfe5) c.j     pc - 8
core   0: 3 0x8000b71a (0xbfe5)
core   0: 0x8000b712 (0x00001f17) auipc   t5, 0x1
core   0: 3 0x8000b712 (0x00001f17) x30 0x8000c712
core   0: 0x8000b716 (0x8e3f2723) sw      gp, -1810(t5)
core   0: 3 0x8000b716 (0x8e3f2723) mem 0x8000c000 0x00000001
core   0: 0x8000b71a (0x0000bfe5) c.j     pc - 8
core   0: 3 0x8000b71a (0xbfe5)
core   0: 0x8000b712 (0x00001f17) auipc   t5, 0x1
core   0: 3 0x8000b712 (0x00001f17) x30 0x8000c712
core   0: 0x8000b716 (0x8e3f2723) sw      gp, -1810(t5)
core   0: 3 0x8000b716 (0x8e3f2723) mem 0x8000c000 0x00000001
core   0: 0x8000b71a (0x0000bfe5) c.j     pc - 8
core   0: 3 0x8000b71a (0xbfe5)
core   0: 0x8000b712 (0x00001f17) auipc   t5, 0x1
core   0: 3 0x8000b712 (0x00001f17) x30 0x8000c712
core   0: 0x8000b716 (0x8e3f2723) sw      gp, -1810(t5)
core   0: 3 0x8000b716 (0x8e3f2723) mem 0x8000c000 0x00000001
core   0: 0x8000b71a (0x0000bfe5) c.j     pc - 8
core   0: 3 0x8000b71a (0xbfe5)
core   0: 0x8000b712 (0x00001f17) auipc   t5, 0x1
core   0: 3 0x8000b712 (0x00001f17) x30 0x8000c712
core   0: 0x8000b716 (0x8e3f2723) sw      gp, -1810(t5)
core   0: 3 0x8000b716 (0x8e3f2723) mem 0x8000c000 0x00000001
core   0: 0x8000b71a (0x0000bfe5) c.j     pc - 8
core   0: 3 0x8000b71a (0xbfe5)
core   0: 0x8000b712 (0x00001f17) auipc   t5, 0x1
core   0: 3 0x8000b712 (0x00001f17) x30 0x8000c712
core   0: 0x8000b716 (0x8e3f2723) sw      gp, -1810(t5)
core   0: 3 0x8000b716 (0x8e3f2723) mem 0x8000c000 0x00000001
core   0: 0x8000b71a (0x0000bfe5) c.j     pc - 8
core   0: 3 0x8000b71a (0xbfe5)
core   0: 0x8000b712 (0x00001f17) auipc   t5, 0x1
core   0: 3 0x8000b712 (0x00001f17) x30 0x8000c712
core   0: 0x8000b716 (0x8e3f2723) sw      gp, -1810(t5)
core   0: 3 0x8000b716 (0x8e3f2723) mem 0x8000c000 0x00000001
core   0: 0x8000b71a (0x0000bfe5) c.j     pc - 8
core   0: 3 0x8000b71a (0xbfe5)
core   0: 0x8000b712 (0x00001f17) auipc   t5, 0x1
core   0: 3 0x8000b712 (0x00001f17) x30 0x8000c712
core   0: 0x8000b716 (0x8e3f2723) sw      gp, -1810(t5)
core   0: 3 0x8000b716 (0x8e3f2723) mem 0x8000c000 0x00000001
core   0: 0x8000b71a (0x0000bfe5) c.j     pc - 8
core   0: 3 0x8000b71a (0xbfe5)
core   0: 0x8000b712 (0x00001f17) auipc   t5, 0x1
core   0: 3 0x8000b712 (0x00001f17) x30 0x8000c712
core   0: 0x8000b716 (0x8e3f2723) sw      gp, -1810(t5)
core   0: 3 0x8000b716 (0x8e3f2723) mem 0x8000c000 0x00000001
core   0: 0x8000b71a (0x0000bfe5) c.j     pc - 8
core   0: 3 0x8000b71a (0xbfe5)
core   0: 0x8000b712 (0x00001f17) auipc   t5, 0x1
core   0: 3 0x8000b712 (0x00001f17) x30 0x8000c712
core   0: 0x8000b716 (0x8e3f2723) sw      gp, -1810(t5)
core   0: 3 0x8000b716 (0x8e3f2723) mem 0x8000c000 0x00000001
core   0: 0x8000b71a (0x0000bfe5) c.j     pc - 8
core   0: 3 0x8000b71a (0xbfe5)
core   0: 0x8000b712 (0x00001f17) auipc   t5, 0x1
core   0: 3 0x8000b712 (0x00001f17) x30 0x8000c712
core   0: 0x8000b716 (0x8e3f2723) sw      gp, -1810(t5)
core   0: 3 0x8000b716 (0x8e3f2723) mem 0x8000c000 0x00000001
core   0: 0x8000b71a (0x0000bfe5) c.j     pc - 8
core   0: 3 0x8000b71a (0xbfe5)
core   0: 0x8000b712 (0x00001f17) auipc   t5, 0x1
core   0: 3 0x8000b712 (0x00001f17) x30 0x8000c712
core   0: 0x8000b716 (0x8e3f2723) sw      gp, -1810(t5)
core   0: 3 0x8000b716 (0x8e3f2723) mem 0x8000c000 0x00000001
core   0: 0x8000b71a (0x0000bfe5) c.j     pc - 8
core   0: 3 0x8000b71a (0xbfe5)
core   0: 0x8000b712 (0x00001f17) auipc   t5, 0x1
core   0: 3 0x8000b712 (0x00001f17) x30 0x8000c712
core   0: 0x8000b716 (0x8e3f2723) sw      gp, -1810(t5)
core   0: 3 0x8000b716 (0x8e3f2723) mem 0x8000c000 0x00000001
core   0: 0x8000b71a (0x0000bfe5) c.j     pc - 8
core   0: 3 0x8000b71a (0xbfe5)
core   0: 0x8000b712 (0x00001f17) auipc   t5, 0x1
core   0: 3 0x8000b712 (0x00001f17) x30 0x8000c712
core   0: 0x8000b716 (0x8e3f2723) sw      gp, -1810(t5)
core   0: 3 0x8000b716 (0x8e3f2723) mem 0x8000c000 0x00000001
core   0: 0x8000b71a (0x0000bfe5) c.j     pc - 8
core   0: 3 0x8000b71a (0xbfe5)
core   0: 0x8000b712 (0x00001f17) auipc   t5, 0x1
core   0: 3 0x8000b712 (0x00001f17) x30 0x8000c712
core   0: 0x8000b716 (0x8e3f2723) sw      gp, -1810(t5)
core   0: 3 0x8000b716 (0x8e3f2723) mem 0x8000c000 0x00000001
core   0: 0x8000b71a (0x0000bfe5) c.j     pc - 8
core   0: 3 0x8000b71a (0xbfe5)
core   0: 0x8000b712 (0x00001f17) auipc   t5, 0x1
core   0: 3 0x8000b712 (0x00001f17) x30 0x8000c712
core   0: 0x8000b716 (0x8e3f2723) sw      gp, -1810(t5)
core   0: 3 0x8000b716 (0x8e3f2723) mem 0x8000c000 0x00000001
core   0: 0x8000b71a (0x0000bfe5) c.j     pc - 8
core   0: 3 0x8000b71a (0xbfe5)
core   0: 0x8000b712 (0x00001f17) auipc   t5, 0x1
core   0: 3 0x8000b712 (0x00001f17) x30 0x8000c712
core   0: 0x8000b716 (0x8e3f2723) sw      gp, -1810(t5)
core   0: 3 0x8000b716 (0x8e3f2723) mem 0x8000c000 0x00000001
core   0: 0x8000b71a (0x0000bfe5) c.j     pc - 8
core   0: 3 0x8000b71a (0xbfe5)
core   0: 0x8000b712 (0x00001f17) auipc   t5, 0x1
core   0: 3 0x8000b712 (0x00001f17) x30 0x8000c712
core   0: 0x8000b716 (0x8e3f2723) sw      gp, -1810(t5)
core   0: 3 0x8000b716 (0x8e3f2723) mem 0x8000c000 0x00000001
core   0: 0x8000b71a (0x0000bfe5) c.j     pc - 8
core   0: 3 0x8000b71a (0xbfe5)
core   0: 0x8000b712 (0x00001f17) auipc   t5, 0x1
core   0: 3 0x8000b712 (0x00001f17) x30 0x8000c712
core   0: 0x8000b716 (0x8e3f2723) sw      gp, -1810(t5)
core   0: 3 0x8000b716 (0x8e3f2723) mem 0x8000c000 0x00000001
core   0: 0x8000b71a (0x0000bfe5) c.j     pc - 8
core   0: 3 0x8000b71a (0xbfe5)
core   0: 0x8000b712 (0x00001f17) auipc   t5, 0x1
core   0: 3 0x8000b712 (0x00001f17) x30 0x8000c712
core   0: 0x8000b716 (0x8e3f2723) sw      gp, -1810(t5)
core   0: 3 0x8000b716 (0x8e3f2723) mem 0x8000c000 0x00000001
core   0: 0x8000b71a (0x0000bfe5) c.j     pc - 8
core   0: 3 0x8000b71a (0xbfe5)
core   0: 0x8000b712 (0x00001f17) auipc   t5, 0x1
core   0: 3 0x8000b712 (0x00001f17) x30 0x8000c712
core   0: 0x8000b716 (0x8e3f2723) sw      gp, -1810(t5)
core   0: 3 0x8000b716 (0x8e3f2723) mem 0x8000c000 0x00000001
core   0: 0x8000b71a (0x0000bfe5) c.j     pc - 8
core   0: 3 0x8000b71a (0xbfe5)
core   0: 0x8000b712 (0x00001f17) auipc   t5, 0x1
core   0: 3 0x8000b712 (0x00001f17) x30 0x8000c712
core   0: 0x8000b716 (0x8e3f2723) sw      gp, -1810(t5)
core   0: 3 0x8000b716 (0x8e3f2723) mem 0x8000c000 0x00000001
core   0: 0x8000b71a (0x0000bfe5) c.j     pc - 8
core   0: 3 0x8000b71a (0xbfe5)
core   0: 0x8000b712 (0x00001f17) auipc   t5, 0x1
core   0: 3 0x8000b712 (0x00001f17) x30 0x8000c712
core   0: 0x8000b716 (0x8e3f2723) sw      gp, -1810(t5)
core   0: 3 0x8000b716 (0x8e3f2723) mem 0x8000c000 0x00000001
core   0: 0x8000b71a (0x0000bfe5) c.j     pc - 8
core   0: 3 0x8000b71a (0xbfe5)
core   0: 0x8000b712 (0x00001f17) auipc   t5, 0x1
core   0: 3 0x8000b712 (0x00001f17) x30 0x8000c712
core   0: 0x8000b716 (0x8e3f2723) sw      gp, -1810(t5)
core   0: 3 0x8000b716 (0x8e3f2723) mem 0x8000c000 0x00000001
core   0: 0x8000b71a (0x0000bfe5) c.j     pc - 8
core   0: 3 0x8000b71a (0xbfe5)
core   0: 0x8000b712 (0x00001f17) auipc   t5, 0x1
core   0: 3 0x8000b712 (0x00001f17) x30 0x8000c712
core   0: 0x8000b716 (0x8e3f2723) sw      gp, -1810(t5)
core   0: 3 0x8000b716 (0x8e3f2723) mem 0x8000c000 0x00000001
core   0: 0x8000b71a (0x0000bfe5) c.j     pc - 8
core   0: 3 0x8000b71a (0xbfe5)
core   0: 0x8000b712 (0x00001f17) auipc   t5, 0x1
core   0: 3 0x8000b712 (0x00001f17) x30 0x8000c712
core   0: 0x8000b716 (0x8e3f2723) sw      gp, -1810(t5)
core   0: 3 0x8000b716 (0x8e3f2723) mem 0x8000c000 0x00000001
core   0: 0x8000b71a (0x0000bfe5) c.j     pc - 8
core   0: 3 0x8000b71a (0xbfe5)
core   0: 0x8000b712 (0x00001f17) auipc   t5, 0x1
core   0: 3 0x8000b712 (0x00001f17) x30 0x8000c712
core   0: 0x8000b716 (0x8e3f2723) sw      gp, -1810(t5)
core   0: 3 0x8000b716 (0x8e3f2723) mem 0x8000c000 0x00000001
core   0: 0x8000b71a (0x0000bfe5) c.j     pc - 8
core   0: 3 0x8000b71a (0xbfe5)
core   0: 0x8000b712 (0x00001f17) auipc   t5, 0x1
core   0: 3 0x8000b712 (0x00001f17) x30 0x8000c712
core   0: 0x8000b716 (0x8e3f2723) sw      gp, -1810(t5)
core   0: 3 0x8000b716 (0x8e3f2723) mem 0x8000c000 0x00000001
core   0: 0x8000b71a (0x0000bfe5) c.j     pc - 8
core   0: 3 0x8000b71a (0xbfe5)
core   0: 0x8000b712 (0x00001f17) auipc   t5, 0x1
core   0: 3 0x8000b712 (0x00001f17) x30 0x8000c712
core   0: 0x8000b716 (0x8e3f2723) sw      gp, -1810(t5)
core   0: 3 0x8000b716 (0x8e3f2723) mem 0x8000c000 0x00000001
core   0: 0x8000b71a (0x0000bfe5) c.j     pc - 8
core   0: 3 0x8000b71a (0xbfe5)
core   0: 0x8000b712 (0x00001f17) auipc   t5, 0x1
core   0: 3 0x8000b712 (0x00001f17) x30 0x8000c712
core   0: 0x8000b716 (0x8e3f2723) sw      gp, -1810(t5)
core   0: 3 0x8000b716 (0x8e3f2723) mem 0x8000c000 0x00000001
core   0: 0x8000b71a (0x0000bfe5) c.j     pc - 8
core   0: 3 0x8000b71a (0xbfe5)
core   0: 0x8000b712 (0x00001f17) auipc   t5, 0x1
core   0: 3 0x8000b712 (0x00001f17) x30 0x8000c712
core   0: 0x8000b716 (0x8e3f2723) sw      gp, -1810(t5)
core   0: 3 0x8000b716 (0x8e3f2723) mem 0x8000c000 0x00000001
core   0: 0x8000b71a (0x0000bfe5) c.j     pc - 8
core   0: 3 0x8000b71a (0xbfe5)
core   0: 0x8000b712 (0x00001f17) auipc   t5, 0x1
core   0: 3 0x8000b712 (0x00001f17) x30 0x8000c712
core   0: 0x8000b716 (0x8e3f2723) sw      gp, -1810(t5)
core   0: 3 0x8000b716 (0x8e3f2723) mem 0x8000c000 0x00000001
core   0: 0x8000b71a (0x0000bfe5) c.j     pc - 8
core   0: 3 0x8000b71a (0xbfe5)
core   0: 0x8000b712 (0x00001f17) auipc   t5, 0x1
core   0: 3 0x8000b712 (0x00001f17) x30 0x8000c712
core   0: 0x8000b716 (0x8e3f2723) sw      gp, -1810(t5)
core   0: 3 0x8000b716 (0x8e3f2723) mem 0x8000c000 0x00000001
core   0: 0x8000b71a (0x0000bfe5) c.j     pc - 8
core   0: 3 0x8000b71a (0xbfe5)
core   0: 0x8000b712 (0x00001f17) auipc   t5, 0x1
core   0: 3 0x8000b712 (0x00001f17) x30 0x8000c712
core   0: 0x8000b716 (0x8e3f2723) sw      gp, -1810(t5)
core   0: 3 0x8000b716 (0x8e3f2723) mem 0x8000c000 0x00000001
core   0: 0x8000b71a (0x0000bfe5) c.j     pc - 8
core   0: 3 0x8000b71a (0xbfe5)
core   0: 0x8000b712 (0x00001f17) auipc   t5, 0x1
core   0: 3 0x8000b712 (0x00001f17) x30 0x8000c712
core   0: 0x8000b716 (0x8e3f2723) sw      gp, -1810(t5)
core   0: 3 0x8000b716 (0x8e3f2723) mem 0x8000c000 0x00000001
core   0: 0x8000b71a (0x0000bfe5) c.j     pc - 8
core   0: 3 0x8000b71a (0xbfe5)
core   0: 0x8000b712 (0x00001f17) auipc   t5, 0x1
core   0: 3 0x8000b712 (0x00001f17) x30 0x8000c712
core   0: 0x8000b716 (0x8e3f2723) sw      gp, -1810(t5)
core   0: 3 0x8000b716 (0x8e3f2723) mem 0x8000c000 0x00000001
core   0: 0x8000b71a (0x0000bfe5) c.j     pc - 8
core   0: 3 0x8000b71a (0xbfe5)
core   0: 0x8000b712 (0x00001f17) auipc   t5, 0x1
core   0: 3 0x8000b712 (0x00001f17) x30 0x8000c712
core   0: 0x8000b716 (0x8e3f2723) sw      gp, -1810(t5)
core   0: 3 0x8000b716 (0x8e3f2723) mem 0x8000c000 0x00000001
core   0: 0x8000b71a (0x0000bfe5) c.j     pc - 8
core   0: 3 0x8000b71a (0xbfe5)
core   0: 0x8000b712 (0x00001f17) auipc   t5, 0x1
core   0: 3 0x8000b712 (0x00001f17) x30 0x8000c712
core   0: 0x8000b716 (0x8e3f2723) sw      gp, -1810(t5)
core   0: 3 0x8000b716 (0x8e3f2723) mem 0x8000c000 0x00000001
core   0: 0x8000b71a (0x0000bfe5) c.j     pc - 8
core   0: 3 0x8000b71a (0xbfe5)
core   0: 0x8000b712 (0x00001f17) auipc   t5, 0x1
core   0: 3 0x8000b712 (0x00001f17) x30 0x8000c712
core   0: 0x8000b716 (0x8e3f2723) sw      gp, -1810(t5)
core   0: 3 0x8000b716 (0x8e3f2723) mem 0x8000c000 0x00000001
core   0: 0x8000b71a (0x0000bfe5) c.j     pc - 8
core   0: 3 0x8000b71a (0xbfe5)
core   0: 0x8000b712 (0x00001f17) auipc   t5, 0x1
core   0: 3 0x8000b712 (0x00001f17) x30 0x8000c712
core   0: 0x8000b716 (0x8e3f2723) sw      gp, -1810(t5)
core   0: 3 0x8000b716 (0x8e3f2723) mem 0x8000c000 0x00000001
core   0: 0x8000b71a (0x0000bfe5) c.j     pc - 8
core   0: 3 0x8000b71a (0xbfe5)
core   0: 0x8000b712 (0x00001f17) auipc   t5, 0x1
core   0: 3 0x8000b712 (0x00001f17) x30 0x8000c712
core   0: 0x8000b716 (0x8e3f2723) sw      gp, -1810(t5)
core   0: 3 0x8000b716 (0x8e3f2723) mem 0x8000c000 0x00000001
core   0: 0x8000b71a (0x0000bfe5) c.j     pc - 8
core   0: 3 0x8000b71a (0xbfe5)
core   0: 0x8000b712 (0x00001f17) auipc   t5, 0x1
core   0: 3 0x8000b712 (0x00001f17) x30 0x8000c712
core   0: 0x8000b716 (0x8e3f2723) sw      gp, -1810(t5)
core   0: 3 0x8000b716 (0x8e3f2723) mem 0x8000c000 0x00000001
core   0: 0x8000b71a (0x0000bfe5) c.j     pc - 8
core   0: 3 0x8000b71a (0xbfe5)
core   0: 0x8000b712 (0x00001f17) auipc   t5, 0x1
core   0: 3 0x8000b712 (0x00001f17) x30 0x8000c712
core   0: 0x8000b716 (0x8e3f2723) sw      gp, -1810(t5)
core   0: 3 0x8000b716 (0x8e3f2723) mem 0x8000c000 0x00000001
core   0: 0x8000b71a (0x0000bfe5) c.j     pc - 8
core   0: 3 0x8000b71a (0xbfe5)
core   0: 0x8000b712 (0x00001f17) auipc   t5, 0x1
core   0: 3 0x8000b712 (0x00001f17) x30 0x8000c712
core   0: 0x8000b716 (0x8e3f2723) sw      gp, -1810(t5)
core   0: 3 0x8000b716 (0x8e3f2723) mem 0x8000c000 0x00000001
core   0: 0x8000b71a (0x0000bfe5) c.j     pc - 8
core   0: 3 0x8000b71a (0xbfe5)
core   0: 0x8000b712 (0x00001f17) auipc   t5, 0x1
core   0: 3 0x8000b712 (0x00001f17) x30 0x8000c712
core   0: 0x8000b716 (0x8e3f2723) sw      gp, -1810(t5)
core   0: 3 0x8000b716 (0x8e3f2723) mem 0x8000c000 0x00000001
core   0: 0x8000b71a (0x0000bfe5) c.j     pc - 8
core   0: 3 0x8000b71a (0xbfe5)
core   0: 0x8000b712 (0x00001f17) auipc   t5, 0x1
core   0: 3 0x8000b712 (0x00001f17) x30 0x8000c712
core   0: 0x8000b716 (0x8e3f2723) sw      gp, -1810(t5)
core   0: 3 0x8000b716 (0x8e3f2723) mem 0x8000c000 0x00000001
core   0: 0x8000b71a (0x0000bfe5) c.j     pc - 8
core   0: 3 0x8000b71a (0xbfe5)
core   0: 0x8000b712 (0x00001f17) auipc   t5, 0x1
core   0: 3 0x8000b712 (0x00001f17) x30 0x8000c712
core   0: 0x8000b716 (0x8e3f2723) sw      gp, -1810(t5)
core   0: 3 0x8000b716 (0x8e3f2723) mem 0x8000c000 0x00000001
core   0: 0x8000b71a (0x0000bfe5) c.j     pc - 8
core   0: 3 0x8000b71a (0xbfe5)
core   0: 0x8000b712 (0x00001f17) auipc   t5, 0x1
core   0: 3 0x8000b712 (0x00001f17) x30 0x8000c712
core   0: 0x8000b716 (0x8e3f2723) sw      gp, -1810(t5)
core   0: 3 0x8000b716 (0x8e3f2723) mem 0x8000c000 0x00000001
core   0: 0x8000b71a (0x0000bfe5) c.j     pc - 8
core   0: 3 0x8000b71a (0xbfe5)
core   0: 0x8000b712 (0x00001f17) auipc   t5, 0x1
core   0: 3 0x8000b712 (0x00001f17) x30 0x8000c712
core   0: 0x8000b716 (0x8e3f2723) sw      gp, -1810(t5)
core   0: 3 0x8000b716 (0x8e3f2723) mem 0x8000c000 0x00000001
core   0: 0x8000b71a (0x0000bfe5) c.j     pc - 8
core   0: 3 0x8000b71a (0xbfe5)
core   0: 0x8000b712 (0x00001f17) auipc   t5, 0x1
core   0: 3 0x8000b712 (0x00001f17) x30 0x8000c712
core   0: 0x8000b716 (0x8e3f2723) sw      gp, -1810(t5)
core   0: 3 0x8000b716 (0x8e3f2723) mem 0x8000c000 0x00000001
core   0: 0x8000b71a (0x0000bfe5) c.j     pc - 8
core   0: 3 0x8000b71a (0xbfe5)
core   0: 0x8000b712 (0x00001f17) auipc   t5, 0x1
core   0: 3 0x8000b712 (0x00001f17) x30 0x8000c712
core   0: 0x8000b716 (0x8e3f2723) sw      gp, -1810(t5)
core   0: 3 0x8000b716 (0x8e3f2723) mem 0x8000c000 0x00000001
core   0: 0x8000b71a (0x0000bfe5) c.j     pc - 8
core   0: 3 0x8000b71a (0xbfe5)
core   0: 0x8000b712 (0x00001f17) auipc   t5, 0x1
core   0: 3 0x8000b712 (0x00001f17) x30 0x8000c712
core   0: 0x8000b716 (0x8e3f2723) sw      gp, -1810(t5)
core   0: 3 0x8000b716 (0x8e3f2723) mem 0x8000c000 0x00000001
core   0: 0x8000b71a (0x0000bfe5) c.j     pc - 8
core   0: 3 0x8000b71a (0xbfe5)
core   0: 0x8000b712 (0x00001f17) auipc   t5, 0x1
core   0: 3 0x8000b712 (0x00001f17) x30 0x8000c712
core   0: 0x8000b716 (0x8e3f2723) sw      gp, -1810(t5)
core   0: 3 0x8000b716 (0x8e3f2723) mem 0x8000c000 0x00000001
core   0: 0x8000b71a (0x0000bfe5) c.j     pc - 8
core   0: 3 0x8000b71a (0xbfe5)
core   0: 0x8000b712 (0x00001f17) auipc   t5, 0x1
core   0: 3 0x8000b712 (0x00001f17) x30 0x8000c712
core   0: 0x8000b716 (0x8e3f2723) sw      gp, -1810(t5)
core   0: 3 0x8000b716 (0x8e3f2723) mem 0x8000c000 0x00000001
core   0: 0x8000b71a (0x0000bfe5) c.j     pc - 8
core   0: 3 0x8000b71a (0xbfe5)
core   0: 0x8000b712 (0x00001f17) auipc   t5, 0x1
core   0: 3 0x8000b712 (0x00001f17) x30 0x8000c712
core   0: 0x8000b716 (0x8e3f2723) sw      gp, -1810(t5)
core   0: 3 0x8000b716 (0x8e3f2723) mem 0x8000c000 0x00000001
core   0: 0x8000b71a (0x0000bfe5) c.j     pc - 8
core   0: 3 0x8000b71a (0xbfe5)
core   0: 0x8000b712 (0x00001f17) auipc   t5, 0x1
core   0: 3 0x8000b712 (0x00001f17) x30 0x8000c712
core   0: 0x8000b716 (0x8e3f2723) sw      gp, -1810(t5)
core   0: 3 0x8000b716 (0x8e3f2723) mem 0x8000c000 0x00000001
core   0: 0x8000b71a (0x0000bfe5) c.j     pc - 8
core   0: 3 0x8000b71a (0xbfe5)
core   0: 0x8000b712 (0x00001f17) auipc   t5, 0x1
core   0: 3 0x8000b712 (0x00001f17) x30 0x8000c712
core   0: 0x8000b716 (0x8e3f2723) sw      gp, -1810(t5)
core   0: 3 0x8000b716 (0x8e3f2723) mem 0x8000c000 0x00000001
core   0: 0x8000b71a (0x0000bfe5) c.j     pc - 8
core   0: 3 0x8000b71a (0xbfe5)
core   0: 0x8000b712 (0x00001f17) auipc   t5, 0x1
core   0: 3 0x8000b712 (0x00001f17) x30 0x8000c712
core   0: 0x8000b716 (0x8e3f2723) sw      gp, -1810(t5)
core   0: 3 0x8000b716 (0x8e3f2723) mem 0x8000c000 0x00000001
core   0: 0x8000b71a (0x0000bfe5) c.j     pc - 8
core   0: 3 0x8000b71a (0xbfe5)
core   0: 0x8000b712 (0x00001f17) auipc   t5, 0x1
core   0: 3 0x8000b712 (0x00001f17) x30 0x8000c712
core   0: 0x8000b716 (0x8e3f2723) sw      gp, -1810(t5)
core   0: 3 0x8000b716 (0x8e3f2723) mem 0x8000c000 0x00000001
core   0: 0x8000b71a (0x0000bfe5) c.j     pc - 8
core   0: 3 0x8000b71a (0xbfe5)
core   0: 0x8000b712 (0x00001f17) auipc   t5, 0x1
core   0: 3 0x8000b712 (0x00001f17) x30 0x8000c712
core   0: 0x8000b716 (0x8e3f2723) sw      gp, -1810(t5)
core   0: 3 0x8000b716 (0x8e3f2723) mem 0x8000c000 0x00000001
core   0: 0x8000b71a (0x0000bfe5) c.j     pc - 8
core   0: 3 0x8000b71a (0xbfe5)
core   0: 0x8000b712 (0x00001f17) auipc   t5, 0x1
core   0: 3 0x8000b712 (0x00001f17) x30 0x8000c712
core   0: 0x8000b716 (0x8e3f2723) sw      gp, -1810(t5)
core   0: 3 0x8000b716 (0x8e3f2723) mem 0x8000c000 0x00000001
core   0: 0x8000b71a (0x0000bfe5) c.j     pc - 8
core   0: 3 0x8000b71a (0xbfe5)
core   0: 0x8000b712 (0x00001f17) auipc   t5, 0x1
core   0: 3 0x8000b712 (0x00001f17) x30 0x8000c712
core   0: 0x8000b716 (0x8e3f2723) sw      gp, -1810(t5)
core   0: 3 0x8000b716 (0x8e3f2723) mem 0x8000c000 0x00000001
core   0: 0x8000b71a (0x0000bfe5) c.j     pc - 8
core   0: 3 0x8000b71a (0xbfe5)
core   0: 0x8000b712 (0x00001f17) auipc   t5, 0x1
core   0: 3 0x8000b712 (0x00001f17) x30 0x8000c712
core   0: 0x8000b716 (0x8e3f2723) sw      gp, -1810(t5)
core   0: 3 0x8000b716 (0x8e3f2723) mem 0x8000c000 0x00000001
core   0: 0x8000b71a (0x0000bfe5) c.j     pc - 8
core   0: 3 0x8000b71a (0xbfe5)
core   0: 0x8000b712 (0x00001f17) auipc   t5, 0x1
core   0: 3 0x8000b712 (0x00001f17) x30 0x8000c712
core   0: 0x8000b716 (0x8e3f2723) sw      gp, -1810(t5)
core   0: 3 0x8000b716 (0x8e3f2723) mem 0x8000c000 0x00000001
core   0: 0x8000b71a (0x0000bfe5) c.j     pc - 8
core   0: 3 0x8000b71a (0xbfe5)
core   0: 0x8000b712 (0x00001f17) auipc   t5, 0x1
core   0: 3 0x8000b712 (0x00001f17) x30 0x8000c712
core   0: 0x8000b716 (0x8e3f2723) sw      gp, -1810(t5)
core   0: 3 0x8000b716 (0x8e3f2723) mem 0x8000c000 0x00000001
core   0: 0x8000b71a (0x0000bfe5) c.j     pc - 8
core   0: 3 0x8000b71a (0xbfe5)
core   0: 0x8000b712 (0x00001f17) auipc   t5, 0x1
core   0: 3 0x8000b712 (0x00001f17) x30 0x8000c712
core   0: 0x8000b716 (0x8e3f2723) sw      gp, -1810(t5)
core   0: 3 0x8000b716 (0x8e3f2723) mem 0x8000c000 0x00000001
core   0: 0x8000b71a (0x0000bfe5) c.j     pc - 8
core   0: 3 0x8000b71a (0xbfe5)
core   0: 0x8000b712 (0x00001f17) auipc   t5, 0x1
core   0: 3 0x8000b712 (0x00001f17) x30 0x8000c712
core   0: 0x8000b716 (0x8e3f2723) sw      gp, -1810(t5)
core   0: 3 0x8000b716 (0x8e3f2723) mem 0x8000c000 0x00000001
core   0: 0x8000b71a (0x0000bfe5) c.j     pc - 8
core   0: 3 0x8000b71a (0xbfe5)
core   0: 0x8000b712 (0x00001f17) auipc   t5, 0x1
core   0: 3 0x8000b712 (0x00001f17) x30 0x8000c712
core   0: 0x8000b716 (0x8e3f2723) sw      gp, -1810(t5)
core   0: 3 0x8000b716 (0x8e3f2723) mem 0x8000c000 0x00000001
core   0: 0x8000b71a (0x0000bfe5) c.j     pc - 8
core   0: 3 0x8000b71a (0xbfe5)
core   0: 0x8000b712 (0x00001f17) auipc   t5, 0x1
core   0: 3 0x8000b712 (0x00001f17) x30 0x8000c712
core   0: 0x8000b716 (0x8e3f2723) sw      gp, -1810(t5)
core   0: 3 0x8000b716 (0x8e3f2723) mem 0x8000c000 0x00000001
core   0: 0x8000b71a (0x0000bfe5) c.j     pc - 8
core   0: 3 0x8000b71a (0xbfe5)
core   0: 0x8000b712 (0x00001f17) auipc   t5, 0x1
core   0: 3 0x8000b712 (0x00001f17) x30 0x8000c712
core   0: 0x8000b716 (0x8e3f2723) sw      gp, -1810(t5)
core   0: 3 0x8000b716 (0x8e3f2723) mem 0x8000c000 0x00000001
core   0: 0x8000b71a (0x0000bfe5) c.j     pc - 8
core   0: 3 0x8000b71a (0xbfe5)
core   0: 0x8000b712 (0x00001f17) auipc   t5, 0x1
core   0: 3 0x8000b712 (0x00001f17) x30 0x8000c712
core   0: 0x8000b716 (0x8e3f2723) sw      gp, -1810(t5)
core   0: 3 0x8000b716 (0x8e3f2723) mem 0x8000c000 0x00000001
core   0: 0x8000b71a (0x0000bfe5) c.j     pc - 8
core   0: 3 0x8000b71a (0xbfe5)
core   0: 0x8000b712 (0x00001f17) auipc   t5, 0x1
core   0: 3 0x8000b712 (0x00001f17) x30 0x8000c712
core   0: 0x8000b716 (0x8e3f2723) sw      gp, -1810(t5)
core   0: 3 0x8000b716 (0x8e3f2723) mem 0x8000c000 0x00000001
core   0: 0x8000b71a (0x0000bfe5) c.j     pc - 8
core   0: 3 0x8000b71a (0xbfe5)
core   0: 0x8000b712 (0x00001f17) auipc   t5, 0x1
core   0: 3 0x8000b712 (0x00001f17) x30 0x8000c712
core   0: 0x8000b716 (0x8e3f2723) sw      gp, -1810(t5)
core   0: 3 0x8000b716 (0x8e3f2723) mem 0x8000c000 0x00000001
core   0: 0x8000b71a (0x0000bfe5) c.j     pc - 8
core   0: 3 0x8000b71a (0xbfe5)
core   0: 0x8000b712 (0x00001f17) auipc   t5, 0x1
core   0: 3 0x8000b712 (0x00001f17) x30 0x8000c712
core   0: 0x8000b716 (0x8e3f2723) sw      gp, -1810(t5)
core   0: 3 0x8000b716 (0x8e3f2723) mem 0x8000c000 0x00000001
core   0: 0x8000b71a (0x0000bfe5) c.j     pc - 8
core   0: 3 0x8000b71a (0xbfe5)
core   0: 0x8000b712 (0x00001f17) auipc   t5, 0x1
core   0: 3 0x8000b712 (0x00001f17) x30 0x8000c712
core   0: 0x8000b716 (0x8e3f2723) sw      gp, -1810(t5)
core   0: 3 0x8000b716 (0x8e3f2723) mem 0x8000c000 0x00000001
core   0: 0x8000b71a (0x0000bfe5) c.j     pc - 8
core   0: 3 0x8000b71a (0xbfe5)
core   0: 0x8000b712 (0x00001f17) auipc   t5, 0x1
core   0: 3 0x8000b712 (0x00001f17) x30 0x8000c712
core   0: 0x8000b716 (0x8e3f2723) sw      gp, -1810(t5)
core   0: 3 0x8000b716 (0x8e3f2723) mem 0x8000c000 0x00000001
core   0: 0x8000b71a (0x0000bfe5) c.j     pc - 8
core   0: 3 0x8000b71a (0xbfe5)
core   0: 0x8000b712 (0x00001f17) auipc   t5, 0x1
core   0: 3 0x8000b712 (0x00001f17) x30 0x8000c712
core   0: 0x8000b716 (0x8e3f2723) sw      gp, -1810(t5)
core   0: 3 0x8000b716 (0x8e3f2723) mem 0x8000c000 0x00000001
core   0: 0x8000b71a (0x0000bfe5) c.j     pc - 8
core   0: 3 0x8000b71a (0xbfe5)
core   0: 0x8000b712 (0x00001f17) auipc   t5, 0x1
core   0: 3 0x8000b712 (0x00001f17) x30 0x8000c712
core   0: 0x8000b716 (0x8e3f2723) sw      gp, -1810(t5)
core   0: 3 0x8000b716 (0x8e3f2723) mem 0x8000c000 0x00000001
core   0: 0x8000b71a (0x0000bfe5) c.j     pc - 8
core   0: 3 0x8000b71a (0xbfe5)
core   0: 0x8000b712 (0x00001f17) auipc   t5, 0x1
core   0: 3 0x8000b712 (0x00001f17) x30 0x8000c712
core   0: 0x8000b716 (0x8e3f2723) sw      gp, -1810(t5)
core   0: 3 0x8000b716 (0x8e3f2723) mem 0x8000c000 0x00000001
core   0: 0x8000b71a (0x0000bfe5) c.j     pc - 8
core   0: 3 0x8000b71a (0xbfe5)
core   0: 0x8000b712 (0x00001f17) auipc   t5, 0x1
core   0: 3 0x8000b712 (0x00001f17) x30 0x8000c712
core   0: 0x8000b716 (0x8e3f2723) sw      gp, -1810(t5)
core   0: 3 0x8000b716 (0x8e3f2723) mem 0x8000c000 0x00000001
core   0: 0x8000b71a (0x0000bfe5) c.j     pc - 8
core   0: 3 0x8000b71a (0xbfe5)
core   0: 0x8000b712 (0x00001f17) auipc   t5, 0x1
core   0: 3 0x8000b712 (0x00001f17) x30 0x8000c712
core   0: 0x8000b716 (0x8e3f2723) sw      gp, -1810(t5)
core   0: 3 0x8000b716 (0x8e3f2723) mem 0x8000c000 0x00000001
core   0: 0x8000b71a (0x0000bfe5) c.j     pc - 8
core   0: 3 0x8000b71a (0xbfe5)
core   0: 0x8000b712 (0x00001f17) auipc   t5, 0x1
core   0: 3 0x8000b712 (0x00001f17) x30 0x8000c712
core   0: 0x8000b716 (0x8e3f2723) sw      gp, -1810(t5)
core   0: 3 0x8000b716 (0x8e3f2723) mem 0x8000c000 0x00000001
core   0: 0x8000b71a (0x0000bfe5) c.j     pc - 8
core   0: 3 0x8000b71a (0xbfe5)
core   0: 0x8000b712 (0x00001f17) auipc   t5, 0x1
core   0: 3 0x8000b712 (0x00001f17) x30 0x8000c712
core   0: 0x8000b716 (0x8e3f2723) sw      gp, -1810(t5)
core   0: 3 0x8000b716 (0x8e3f2723) mem 0x8000c000 0x00000001
core   0: 0x8000b71a (0x0000bfe5) c.j     pc - 8
core   0: 3 0x8000b71a (0xbfe5)
core   0: 0x8000b712 (0x00001f17) auipc   t5, 0x1
core   0: 3 0x8000b712 (0x00001f17) x30 0x8000c712
core   0: 0x8000b716 (0x8e3f2723) sw      gp, -1810(t5)
core   0: 3 0x8000b716 (0x8e3f2723) mem 0x8000c000 0x00000001
core   0: 0x8000b71a (0x0000bfe5) c.j     pc - 8
core   0: 3 0x8000b71a (0xbfe5)
core   0: 0x8000b712 (0x00001f17) auipc   t5, 0x1
core   0: 3 0x8000b712 (0x00001f17) x30 0x8000c712
core   0: 0x8000b716 (0x8e3f2723) sw      gp, -1810(t5)
core   0: 3 0x8000b716 (0x8e3f2723) mem 0x8000c000 0x00000001
core   0: 0x8000b71a (0x0000bfe5) c.j     pc - 8
core   0: 3 0x8000b71a (0xbfe5)
core   0: 0x8000b712 (0x00001f17) auipc   t5, 0x1
core   0: 3 0x8000b712 (0x00001f17) x30 0x8000c712
core   0: 0x8000b716 (0x8e3f2723) sw      gp, -1810(t5)
core   0: 3 0x8000b716 (0x8e3f2723) mem 0x8000c000 0x00000001
core   0: 0x8000b71a (0x0000bfe5) c.j     pc - 8
core   0: 3 0x8000b71a (0xbfe5)
core   0: 0x8000b712 (0x00001f17) auipc   t5, 0x1
core   0: 3 0x8000b712 (0x00001f17) x30 0x8000c712
core   0: 0x8000b716 (0x8e3f2723) sw      gp, -1810(t5)
core   0: 3 0x8000b716 (0x8e3f2723) mem 0x8000c000 0x00000001
core   0: 0x8000b71a (0x0000bfe5) c.j     pc - 8
core   0: 3 0x8000b71a (0xbfe5)
core   0: 0x8000b712 (0x00001f17) auipc   t5, 0x1
core   0: 3 0x8000b712 (0x00001f17) x30 0x8000c712
core   0: 0x8000b716 (0x8e3f2723) sw      gp, -1810(t5)
core   0: 3 0x8000b716 (0x8e3f2723) mem 0x8000c000 0x00000001
core   0: 0x8000b71a (0x0000bfe5) c.j     pc - 8
core   0: 3 0x8000b71a (0xbfe5)
core   0: 0x8000b712 (0x00001f17) auipc   t5, 0x1
core   0: 3 0x8000b712 (0x00001f17) x30 0x8000c712
core   0: 0x8000b716 (0x8e3f2723) sw      gp, -1810(t5)
core   0: 3 0x8000b716 (0x8e3f2723) mem 0x8000c000 0x00000001
core   0: 0x8000b71a (0x0000bfe5) c.j     pc - 8
core   0: 3 0x8000b71a (0xbfe5)
core   0: 0x8000b712 (0x00001f17) auipc   t5, 0x1
core   0: 3 0x8000b712 (0x00001f17) x30 0x8000c712
core   0: 0x8000b716 (0x8e3f2723) sw      gp, -1810(t5)
core   0: 3 0x8000b716 (0x8e3f2723) mem 0x8000c000 0x00000001
core   0: 0x8000b71a (0x0000bfe5) c.j     pc - 8
core   0: 3 0x8000b71a (0xbfe5)
core   0: 0x8000b712 (0x00001f17) auipc   t5, 0x1
core   0: 3 0x8000b712 (0x00001f17) x30 0x8000c712
core   0: 0x8000b716 (0x8e3f2723) sw      gp, -1810(t5)
core   0: 3 0x8000b716 (0x8e3f2723) mem 0x8000c000 0x00000001
core   0: 0x8000b71a (0x0000bfe5) c.j     pc - 8
core   0: 3 0x8000b71a (0xbfe5)
core   0: 0x8000b712 (0x00001f17) auipc   t5, 0x1
core   0: 3 0x8000b712 (0x00001f17) x30 0x8000c712
core   0: 0x8000b716 (0x8e3f2723) sw      gp, -1810(t5)
core   0: 3 0x8000b716 (0x8e3f2723) mem 0x8000c000 0x00000001
core   0: 0x8000b71a (0x0000bfe5) c.j     pc - 8
core   0: 3 0x8000b71a (0xbfe5)
core   0: 0x8000b712 (0x00001f17) auipc   t5, 0x1
core   0: 3 0x8000b712 (0x00001f17) x30 0x8000c712
core   0: 0x8000b716 (0x8e3f2723) sw      gp, -1810(t5)
core   0: 3 0x8000b716 (0x8e3f2723) mem 0x8000c000 0x00000001
core   0: 0x8000b71a (0x0000bfe5) c.j     pc - 8
core   0: 3 0x8000b71a (0xbfe5)
core   0: 0x8000b712 (0x00001f17) auipc   t5, 0x1
core   0: 3 0x8000b712 (0x00001f17) x30 0x8000c712
core   0: 0x8000b716 (0x8e3f2723) sw      gp, -1810(t5)
core   0: 3 0x8000b716 (0x8e3f2723) mem 0x8000c000 0x00000001
core   0: 0x8000b71a (0x0000bfe5) c.j     pc - 8
core   0: 3 0x8000b71a (0xbfe5)
core   0: 0x8000b712 (0x00001f17) auipc   t5, 0x1
core   0: 3 0x8000b712 (0x00001f17) x30 0x8000c712
core   0: 0x8000b716 (0x8e3f2723) sw      gp, -1810(t5)
core   0: 3 0x8000b716 (0x8e3f2723) mem 0x8000c000 0x00000001
core   0: 0x8000b71a (0x0000bfe5) c.j     pc - 8
core   0: 3 0x8000b71a (0xbfe5)
core   0: 0x8000b712 (0x00001f17) auipc   t5, 0x1
core   0: 3 0x8000b712 (0x00001f17) x30 0x8000c712
core   0: 0x8000b716 (0x8e3f2723) sw      gp, -1810(t5)
core   0: 3 0x8000b716 (0x8e3f2723) mem 0x8000c000 0x00000001
core   0: 0x8000b71a (0x0000bfe5) c.j     pc - 8
core   0: 3 0x8000b71a (0xbfe5)
core   0: 0x8000b712 (0x00001f17) auipc   t5, 0x1
core   0: 3 0x8000b712 (0x00001f17) x30 0x8000c712
core   0: 0x8000b716 (0x8e3f2723) sw      gp, -1810(t5)
core   0: 3 0x8000b716 (0x8e3f2723) mem 0x8000c000 0x00000001
core   0: 0x8000b71a (0x0000bfe5) c.j     pc - 8
core   0: 3 0x8000b71a (0xbfe5)
core   0: 0x8000b712 (0x00001f17) auipc   t5, 0x1
core   0: 3 0x8000b712 (0x00001f17) x30 0x8000c712
core   0: 0x8000b716 (0x8e3f2723) sw      gp, -1810(t5)
core   0: 3 0x8000b716 (0x8e3f2723) mem 0x8000c000 0x00000001
core   0: 0x8000b71a (0x0000bfe5) c.j     pc - 8
core   0: 3 0x8000b71a (0xbfe5)
core   0: 0x8000b712 (0x00001f17) auipc   t5, 0x1
core   0: 3 0x8000b712 (0x00001f17) x30 0x8000c712
core   0: 0x8000b716 (0x8e3f2723) sw      gp, -1810(t5)
core   0: 3 0x8000b716 (0x8e3f2723) mem 0x8000c000 0x00000001
core   0: 0x8000b71a (0x0000bfe5) c.j     pc - 8
core   0: 3 0x8000b71a (0xbfe5)
core   0: 0x8000b712 (0x00001f17) auipc   t5, 0x1
core   0: 3 0x8000b712 (0x00001f17) x30 0x8000c712
core   0: 0x8000b716 (0x8e3f2723) sw      gp, -1810(t5)
core   0: 3 0x8000b716 (0x8e3f2723) mem 0x8000c000 0x00000001
core   0: 0x8000b71a (0x0000bfe5) c.j     pc - 8
core   0: 3 0x8000b71a (0xbfe5)
core   0: 0x8000b712 (0x00001f17) auipc   t5, 0x1
core   0: 3 0x8000b712 (0x00001f17) x30 0x8000c712
core   0: 0x8000b716 (0x8e3f2723) sw      gp, -1810(t5)
core   0: 3 0x8000b716 (0x8e3f2723) mem 0x8000c000 0x00000001
core   0: 0x8000b71a (0x0000bfe5) c.j     pc - 8
core   0: 3 0x8000b71a (0xbfe5)
core   0: 0x8000b712 (0x00001f17) auipc   t5, 0x1
core   0: 3 0x8000b712 (0x00001f17) x30 0x8000c712
core   0: 0x8000b716 (0x8e3f2723) sw      gp, -1810(t5)
core   0: 3 0x8000b716 (0x8e3f2723) mem 0x8000c000 0x00000001
core   0: 0x8000b71a (0x0000bfe5) c.j     pc - 8
core   0: 3 0x8000b71a (0xbfe5)
core   0: 0x8000b712 (0x00001f17) auipc   t5, 0x1
core   0: 3 0x8000b712 (0x00001f17) x30 0x8000c712
core   0: 0x8000b716 (0x8e3f2723) sw      gp, -1810(t5)
core   0: 3 0x8000b716 (0x8e3f2723) mem 0x8000c000 0x00000001
core   0: 0x8000b71a (0x0000bfe5) c.j     pc - 8
core   0: 3 0x8000b71a (0xbfe5)
core   0: 0x8000b712 (0x00001f17) auipc   t5, 0x1
core   0: 3 0x8000b712 (0x00001f17) x30 0x8000c712
core   0: 0x8000b716 (0x8e3f2723) sw      gp, -1810(t5)
core   0: 3 0x8000b716 (0x8e3f2723) mem 0x8000c000 0x00000001
core   0: 0x8000b71a (0x0000bfe5) c.j     pc - 8
core   0: 3 0x8000b71a (0xbfe5)
core   0: 0x8000b712 (0x00001f17) auipc   t5, 0x1
core   0: 3 0x8000b712 (0x00001f17) x30 0x8000c712
core   0: 0x8000b716 (0x8e3f2723) sw      gp, -1810(t5)
core   0: 3 0x8000b716 (0x8e3f2723) mem 0x8000c000 0x00000001
core   0: 0x8000b71a (0x0000bfe5) c.j     pc - 8
core   0: 3 0x8000b71a (0xbfe5)
core   0: 0x8000b712 (0x00001f17) auipc   t5, 0x1
core   0: 3 0x8000b712 (0x00001f17) x30 0x8000c712
core   0: 0x8000b716 (0x8e3f2723) sw      gp, -1810(t5)
core   0: 3 0x8000b716 (0x8e3f2723) mem 0x8000c000 0x00000001
core   0: 0x8000b71a (0x0000bfe5) c.j     pc - 8
core   0: 3 0x8000b71a (0xbfe5)
core   0: 0x8000b712 (0x00001f17) auipc   t5, 0x1
core   0: 3 0x8000b712 (0x00001f17) x30 0x8000c712
core   0: 0x8000b716 (0x8e3f2723) sw      gp, -1810(t5)
core   0: 3 0x8000b716 (0x8e3f2723) mem 0x8000c000 0x00000001
core   0: 0x8000b71a (0x0000bfe5) c.j     pc - 8
core   0: 3 0x8000b71a (0xbfe5)
core   0: 0x8000b712 (0x00001f17) auipc   t5, 0x1
core   0: 3 0x8000b712 (0x00001f17) x30 0x8000c712
core   0: 0x8000b716 (0x8e3f2723) sw      gp, -1810(t5)
core   0: 3 0x8000b716 (0x8e3f2723) mem 0x8000c000 0x00000001
core   0: 0x8000b71a (0x0000bfe5) c.j     pc - 8
core   0: 3 0x8000b71a (0xbfe5)
core   0: 0x8000b712 (0x00001f17) auipc   t5, 0x1
core   0: 3 0x8000b712 (0x00001f17) x30 0x8000c712
core   0: 0x8000b716 (0x8e3f2723) sw      gp, -1810(t5)
core   0: 3 0x8000b716 (0x8e3f2723) mem 0x8000c000 0x00000001
core   0: 0x8000b71a (0x0000bfe5) c.j     pc - 8
core   0: 3 0x8000b71a (0xbfe5)
core   0: 0x8000b712 (0x00001f17) auipc   t5, 0x1
core   0: 3 0x8000b712 (0x00001f17) x30 0x8000c712
core   0: 0x8000b716 (0x8e3f2723) sw      gp, -1810(t5)
core   0: 3 0x8000b716 (0x8e3f2723) mem 0x8000c000 0x00000001
core   0: 0x8000b71a (0x0000bfe5) c.j     pc - 8
core   0: 3 0x8000b71a (0xbfe5)
core   0: 0x8000b712 (0x00001f17) auipc   t5, 0x1
core   0: 3 0x8000b712 (0x00001f17) x30 0x8000c712
core   0: 0x8000b716 (0x8e3f2723) sw      gp, -1810(t5)
core   0: 3 0x8000b716 (0x8e3f2723) mem 0x8000c000 0x00000001
core   0: 0x8000b71a (0x0000bfe5) c.j     pc - 8
core   0: 3 0x8000b71a (0xbfe5)
core   0: 0x8000b712 (0x00001f17) auipc   t5, 0x1
core   0: 3 0x8000b712 (0x00001f17) x30 0x8000c712
core   0: 0x8000b716 (0x8e3f2723) sw      gp, -1810(t5)
core   0: 3 0x8000b716 (0x8e3f2723) mem 0x8000c000 0x00000001
core   0: 0x8000b71a (0x0000bfe5) c.j     pc - 8
core   0: 3 0x8000b71a (0xbfe5)
core   0: 0x8000b712 (0x00001f17) auipc   t5, 0x1
core   0: 3 0x8000b712 (0x00001f17) x30 0x8000c712
core   0: 0x8000b716 (0x8e3f2723) sw      gp, -1810(t5)
core   0: 3 0x8000b716 (0x8e3f2723) mem 0x8000c000 0x00000001
core   0: 0x8000b71a (0x0000bfe5) c.j     pc - 8
core   0: 3 0x8000b71a (0xbfe5)
core   0: 0x8000b712 (0x00001f17) auipc   t5, 0x1
core   0: 3 0x8000b712 (0x00001f17) x30 0x8000c712
core   0: 0x8000b716 (0x8e3f2723) sw      gp, -1810(t5)
core   0: 3 0x8000b716 (0x8e3f2723) mem 0x8000c000 0x00000001
core   0: 0x8000b71a (0x0000bfe5) c.j     pc - 8
core   0: 3 0x8000b71a (0xbfe5)
core   0: 0x8000b712 (0x00001f17) auipc   t5, 0x1
core   0: 3 0x8000b712 (0x00001f17) x30 0x8000c712
core   0: 0x8000b716 (0x8e3f2723) sw      gp, -1810(t5)
core   0: 3 0x8000b716 (0x8e3f2723) mem 0x8000c000 0x00000001
core   0: 0x8000b71a (0x0000bfe5) c.j     pc - 8
core   0: 3 0x8000b71a (0xbfe5)
core   0: 0x8000b712 (0x00001f17) auipc   t5, 0x1
core   0: 3 0x8000b712 (0x00001f17) x30 0x8000c712
core   0: 0x8000b716 (0x8e3f2723) sw      gp, -1810(t5)
core   0: 3 0x8000b716 (0x8e3f2723) mem 0x8000c000 0x00000001
core   0: 0x8000b71a (0x0000bfe5) c.j     pc - 8
core   0: 3 0x8000b71a (0xbfe5)
core   0: 0x8000b712 (0x00001f17) auipc   t5, 0x1
core   0: 3 0x8000b712 (0x00001f17) x30 0x8000c712
core   0: 0x8000b716 (0x8e3f2723) sw      gp, -1810(t5)
core   0: 3 0x8000b716 (0x8e3f2723) mem 0x8000c000 0x00000001
core   0: 0x8000b71a (0x0000bfe5) c.j     pc - 8
core   0: 3 0x8000b71a (0xbfe5)
core   0: 0x8000b712 (0x00001f17) auipc   t5, 0x1
core   0: 3 0x8000b712 (0x00001f17) x30 0x8000c712
core   0: 0x8000b716 (0x8e3f2723) sw      gp, -1810(t5)
core   0: 3 0x8000b716 (0x8e3f2723) mem 0x8000c000 0x00000001
core   0: 0x8000b71a (0x0000bfe5) c.j     pc - 8
core   0: 3 0x8000b71a (0xbfe5)
core   0: 0x8000b712 (0x00001f17) auipc   t5, 0x1
core   0: 3 0x8000b712 (0x00001f17) x30 0x8000c712
core   0: 0x8000b716 (0x8e3f2723) sw      gp, -1810(t5)
core   0: 3 0x8000b716 (0x8e3f2723) mem 0x8000c000 0x00000001
core   0: 0x8000b71a (0x0000bfe5) c.j     pc - 8
core   0: 3 0x8000b71a (0xbfe5)
core   0: 0x8000b712 (0x00001f17) auipc   t5, 0x1
core   0: 3 0x8000b712 (0x00001f17) x30 0x8000c712
core   0: 0x8000b716 (0x8e3f2723) sw      gp, -1810(t5)
core   0: 3 0x8000b716 (0x8e3f2723) mem 0x8000c000 0x00000001
core   0: 0x8000b71a (0x0000bfe5) c.j     pc - 8
core   0: 3 0x8000b71a (0xbfe5)
core   0: 0x8000b712 (0x00001f17) auipc   t5, 0x1
core   0: 3 0x8000b712 (0x00001f17) x30 0x8000c712
core   0: 0x8000b716 (0x8e3f2723) sw      gp, -1810(t5)
core   0: 3 0x8000b716 (0x8e3f2723) mem 0x8000c000 0x00000001
core   0: 0x8000b71a (0x0000bfe5) c.j     pc - 8
core   0: 3 0x8000b71a (0xbfe5)
core   0: 0x8000b712 (0x00001f17) auipc   t5, 0x1
core   0: 3 0x8000b712 (0x00001f17) x30 0x8000c712
core   0: 0x8000b716 (0x8e3f2723) sw      gp, -1810(t5)
core   0: 3 0x8000b716 (0x8e3f2723) mem 0x8000c000 0x00000001
core   0: 0x8000b71a (0x0000bfe5) c.j     pc - 8
core   0: 3 0x8000b71a (0xbfe5)
core   0: 0x8000b712 (0x00001f17) auipc   t5, 0x1
core   0: 3 0x8000b712 (0x00001f17) x30 0x8000c712
core   0: 0x8000b716 (0x8e3f2723) sw      gp, -1810(t5)
core   0: 3 0x8000b716 (0x8e3f2723) mem 0x8000c000 0x00000001
core   0: 0x8000b71a (0x0000bfe5) c.j     pc - 8
core   0: 3 0x8000b71a (0xbfe5)
core   0: 0x8000b712 (0x00001f17) auipc   t5, 0x1
core   0: 3 0x8000b712 (0x00001f17) x30 0x8000c712
core   0: 0x8000b716 (0x8e3f2723) sw      gp, -1810(t5)
core   0: 3 0x8000b716 (0x8e3f2723) mem 0x8000c000 0x00000001
core   0: 0x8000b71a (0x0000bfe5) c.j     pc - 8
core   0: 3 0x8000b71a (0xbfe5)
core   0: 0x8000b712 (0x00001f17) auipc   t5, 0x1
core   0: 3 0x8000b712 (0x00001f17) x30 0x8000c712
core   0: 0x8000b716 (0x8e3f2723) sw      gp, -1810(t5)
core   0: 3 0x8000b716 (0x8e3f2723) mem 0x8000c000 0x00000001
core   0: 0x8000b71a (0x0000bfe5) c.j     pc - 8
core   0: 3 0x8000b71a (0xbfe5)
core   0: 0x8000b712 (0x00001f17) auipc   t5, 0x1
core   0: 3 0x8000b712 (0x00001f17) x30 0x8000c712
core   0: 0x8000b716 (0x8e3f2723) sw      gp, -1810(t5)
core   0: 3 0x8000b716 (0x8e3f2723) mem 0x8000c000 0x00000001
core   0: 0x8000b71a (0x0000bfe5) c.j     pc - 8
core   0: 3 0x8000b71a (0xbfe5)
core   0: 0x8000b712 (0x00001f17) auipc   t5, 0x1
core   0: 3 0x8000b712 (0x00001f17) x30 0x8000c712
core   0: 0x8000b716 (0x8e3f2723) sw      gp, -1810(t5)
core   0: 3 0x8000b716 (0x8e3f2723) mem 0x8000c000 0x00000001
core   0: 0x8000b71a (0x0000bfe5) c.j     pc - 8
core   0: 3 0x8000b71a (0xbfe5)
core   0: 0x8000b712 (0x00001f17) auipc   t5, 0x1
core   0: 3 0x8000b712 (0x00001f17) x30 0x8000c712
core   0: 0x8000b716 (0x8e3f2723) sw      gp, -1810(t5)
core   0: 3 0x8000b716 (0x8e3f2723) mem 0x8000c000 0x00000001
core   0: 0x8000b71a (0x0000bfe5) c.j     pc - 8
core   0: 3 0x8000b71a (0xbfe5)
core   0: 0x8000b712 (0x00001f17) auipc   t5, 0x1
core   0: 3 0x8000b712 (0x00001f17) x30 0x8000c712
core   0: 0x8000b716 (0x8e3f2723) sw      gp, -1810(t5)
core   0: 3 0x8000b716 (0x8e3f2723) mem 0x8000c000 0x00000001
core   0: 0x8000b71a (0x0000bfe5) c.j     pc - 8
core   0: 3 0x8000b71a (0xbfe5)
core   0: 0x8000b712 (0x00001f17) auipc   t5, 0x1
core   0: 3 0x8000b712 (0x00001f17) x30 0x8000c712
core   0: 0x8000b716 (0x8e3f2723) sw      gp, -1810(t5)
core   0: 3 0x8000b716 (0x8e3f2723) mem 0x8000c000 0x00000001
core   0: 0x8000b71a (0x0000bfe5) c.j     pc - 8
core   0: 3 0x8000b71a (0xbfe5)
core   0: 0x8000b712 (0x00001f17) auipc   t5, 0x1
core   0: 3 0x8000b712 (0x00001f17) x30 0x8000c712
core   0: 0x8000b716 (0x8e3f2723) sw      gp, -1810(t5)
core   0: 3 0x8000b716 (0x8e3f2723) mem 0x8000c000 0x00000001
core   0: 0x8000b71a (0x0000bfe5) c.j     pc - 8
core   0: 3 0x8000b71a (0xbfe5)
core   0: 0x8000b712 (0x00001f17) auipc   t5, 0x1
core   0: 3 0x8000b712 (0x00001f17) x30 0x8000c712
core   0: 0x8000b716 (0x8e3f2723) sw      gp, -1810(t5)
core   0: 3 0x8000b716 (0x8e3f2723) mem 0x8000c000 0x00000001
core   0: 0x8000b71a (0x0000bfe5) c.j     pc - 8
core   0: 3 0x8000b71a (0xbfe5)
core   0: 0x8000b712 (0x00001f17) auipc   t5, 0x1
core   0: 3 0x8000b712 (0x00001f17) x30 0x8000c712
core   0: 0x8000b716 (0x8e3f2723) sw      gp, -1810(t5)
core   0: 3 0x8000b716 (0x8e3f2723) mem 0x8000c000 0x00000001
core   0: 0x8000b71a (0x0000bfe5) c.j     pc - 8
core   0: 3 0x8000b71a (0xbfe5)
core   0: 0x8000b712 (0x00001f17) auipc   t5, 0x1
core   0: 3 0x8000b712 (0x00001f17) x30 0x8000c712
core   0: 0x8000b716 (0x8e3f2723) sw      gp, -1810(t5)
core   0: 3 0x8000b716 (0x8e3f2723) mem 0x8000c000 0x00000001
core   0: 0x8000b71a (0x0000bfe5) c.j     pc - 8
core   0: 3 0x8000b71a (0xbfe5)
core   0: 0x8000b712 (0x00001f17) auipc   t5, 0x1
core   0: 3 0x8000b712 (0x00001f17) x30 0x8000c712
core   0: 0x8000b716 (0x8e3f2723) sw      gp, -1810(t5)
core   0: 3 0x8000b716 (0x8e3f2723) mem 0x8000c000 0x00000001
core   0: 0x8000b71a (0x0000bfe5) c.j     pc - 8
core   0: 3 0x8000b71a (0xbfe5)
core   0: 0x8000b712 (0x00001f17) auipc   t5, 0x1
core   0: 3 0x8000b712 (0x00001f17) x30 0x8000c712
core   0: 0x8000b716 (0x8e3f2723) sw      gp, -1810(t5)
core   0: 3 0x8000b716 (0x8e3f2723) mem 0x8000c000 0x00000001
core   0: 0x8000b71a (0x0000bfe5) c.j     pc - 8
core   0: 3 0x8000b71a (0xbfe5)
core   0: 0x8000b712 (0x00001f17) auipc   t5, 0x1
core   0: 3 0x8000b712 (0x00001f17) x30 0x8000c712
core   0: 0x8000b716 (0x8e3f2723) sw      gp, -1810(t5)
core   0: 3 0x8000b716 (0x8e3f2723) mem 0x8000c000 0x00000001
core   0: 0x8000b71a (0x0000bfe5) c.j     pc - 8
core   0: 3 0x8000b71a (0xbfe5)
core   0: 0x8000b712 (0x00001f17) auipc   t5, 0x1
core   0: 3 0x8000b712 (0x00001f17) x30 0x8000c712
core   0: 0x8000b716 (0x8e3f2723) sw      gp, -1810(t5)
core   0: 3 0x8000b716 (0x8e3f2723) mem 0x8000c000 0x00000001
core   0: 0x8000b71a (0x0000bfe5) c.j     pc - 8
core   0: 3 0x8000b71a (0xbfe5)
core   0: 0x8000b712 (0x00001f17) auipc   t5, 0x1
core   0: 3 0x8000b712 (0x00001f17) x30 0x8000c712
core   0: 0x8000b716 (0x8e3f2723) sw      gp, -1810(t5)
core   0: 3 0x8000b716 (0x8e3f2723) mem 0x8000c000 0x00000001
core   0: 0x8000b71a (0x0000bfe5) c.j     pc - 8
core   0: 3 0x8000b71a (0xbfe5)
core   0: 0x8000b712 (0x00001f17) auipc   t5, 0x1
core   0: 3 0x8000b712 (0x00001f17) x30 0x8000c712
core   0: 0x8000b716 (0x8e3f2723) sw      gp, -1810(t5)
core   0: 3 0x8000b716 (0x8e3f2723) mem 0x8000c000 0x00000001
core   0: 0x8000b71a (0x0000bfe5) c.j     pc - 8
core   0: 3 0x8000b71a (0xbfe5)
core   0: 0x8000b712 (0x00001f17) auipc   t5, 0x1
core   0: 3 0x8000b712 (0x00001f17) x30 0x8000c712
core   0: 0x8000b716 (0x8e3f2723) sw      gp, -1810(t5)
core   0: 3 0x8000b716 (0x8e3f2723) mem 0x8000c000 0x00000001
core   0: 0x8000b71a (0x0000bfe5) c.j     pc - 8
core   0: 3 0x8000b71a (0xbfe5)
core   0: 0x8000b712 (0x00001f17) auipc   t5, 0x1
core   0: 3 0x8000b712 (0x00001f17) x30 0x8000c712
core   0: 0x8000b716 (0x8e3f2723) sw      gp, -1810(t5)
core   0: 3 0x8000b716 (0x8e3f2723) mem 0x8000c000 0x00000001
core   0: 0x8000b71a (0x0000bfe5) c.j     pc - 8
core   0: 3 0x8000b71a (0xbfe5)
core   0: 0x8000b712 (0x00001f17) auipc   t5, 0x1
core   0: 3 0x8000b712 (0x00001f17) x30 0x8000c712
core   0: 0x8000b716 (0x8e3f2723) sw      gp, -1810(t5)
core   0: 3 0x8000b716 (0x8e3f2723) mem 0x8000c000 0x00000001
core   0: 0x8000b71a (0x0000bfe5) c.j     pc - 8
core   0: 3 0x8000b71a (0xbfe5)
core   0: 0x8000b712 (0x00001f17) auipc   t5, 0x1
core   0: 3 0x8000b712 (0x00001f17) x30 0x8000c712
core   0: 0x8000b716 (0x8e3f2723) sw      gp, -1810(t5)
core   0: 3 0x8000b716 (0x8e3f2723) mem 0x8000c000 0x00000001
core   0: 0x8000b71a (0x0000bfe5) c.j     pc - 8
core   0: 3 0x8000b71a (0xbfe5)
core   0: 0x8000b712 (0x00001f17) auipc   t5, 0x1
core   0: 3 0x8000b712 (0x00001f17) x30 0x8000c712
core   0: 0x8000b716 (0x8e3f2723) sw      gp, -1810(t5)
core   0: 3 0x8000b716 (0x8e3f2723) mem 0x8000c000 0x00000001
core   0: 0x8000b71a (0x0000bfe5) c.j     pc - 8
core   0: 3 0x8000b71a (0xbfe5)
core   0: 0x8000b712 (0x00001f17) auipc   t5, 0x1
core   0: 3 0x8000b712 (0x00001f17) x30 0x8000c712
core   0: 0x8000b716 (0x8e3f2723) sw      gp, -1810(t5)
core   0: 3 0x8000b716 (0x8e3f2723) mem 0x8000c000 0x00000001
core   0: 0x8000b71a (0x0000bfe5) c.j     pc - 8
core   0: 3 0x8000b71a (0xbfe5)
core   0: 0x8000b712 (0x00001f17) auipc   t5, 0x1
core   0: 3 0x8000b712 (0x00001f17) x30 0x8000c712
core   0: 0x8000b716 (0x8e3f2723) sw      gp, -1810(t5)
core   0: 3 0x8000b716 (0x8e3f2723) mem 0x8000c000 0x00000001
core   0: 0x8000b71a (0x0000bfe5) c.j     pc - 8
core   0: 3 0x8000b71a (0xbfe5)
core   0: 0x8000b712 (0x00001f17) auipc   t5, 0x1
core   0: 3 0x8000b712 (0x00001f17) x30 0x8000c712
core   0: 0x8000b716 (0x8e3f2723) sw      gp, -1810(t5)
core   0: 3 0x8000b716 (0x8e3f2723) mem 0x8000c000 0x00000001
core   0: 0x8000b71a (0x0000bfe5) c.j     pc - 8
core   0: 3 0x8000b71a (0xbfe5)
core   0: 0x8000b712 (0x00001f17) auipc   t5, 0x1
core   0: 3 0x8000b712 (0x00001f17) x30 0x8000c712
core   0: 0x8000b716 (0x8e3f2723) sw      gp, -1810(t5)
core   0: 3 0x8000b716 (0x8e3f2723) mem 0x8000c000 0x00000001
core   0: 0x8000b71a (0x0000bfe5) c.j     pc - 8
core   0: 3 0x8000b71a (0xbfe5)
core   0: 0x8000b712 (0x00001f17) auipc   t5, 0x1
core   0: 3 0x8000b712 (0x00001f17) x30 0x8000c712
core   0: 0x8000b716 (0x8e3f2723) sw      gp, -1810(t5)
core   0: 3 0x8000b716 (0x8e3f2723) mem 0x8000c000 0x00000001
core   0: 0x8000b71a (0x0000bfe5) c.j     pc - 8
core   0: 3 0x8000b71a (0xbfe5)
core   0: 0x8000b712 (0x00001f17) auipc   t5, 0x1
core   0: 3 0x8000b712 (0x00001f17) x30 0x8000c712
core   0: 0x8000b716 (0x8e3f2723) sw      gp, -1810(t5)
core   0: 3 0x8000b716 (0x8e3f2723) mem 0x8000c000 0x00000001
core   0: 0x8000b71a (0x0000bfe5) c.j     pc - 8
core   0: 3 0x8000b71a (0xbfe5)
core   0: 0x8000b712 (0x00001f17) auipc   t5, 0x1
core   0: 3 0x8000b712 (0x00001f17) x30 0x8000c712
core   0: 0x8000b716 (0x8e3f2723) sw      gp, -1810(t5)
core   0: 3 0x8000b716 (0x8e3f2723) mem 0x8000c000 0x00000001
core   0: 0x8000b71a (0x0000bfe5) c.j     pc - 8
core   0: 3 0x8000b71a (0xbfe5)
core   0: 0x8000b712 (0x00001f17) auipc   t5, 0x1
core   0: 3 0x8000b712 (0x00001f17) x30 0x8000c712
core   0: 0x8000b716 (0x8e3f2723) sw      gp, -1810(t5)
core   0: 3 0x8000b716 (0x8e3f2723) mem 0x8000c000 0x00000001
core   0: 0x8000b71a (0x0000bfe5) c.j     pc - 8
core   0: 3 0x8000b71a (0xbfe5)
core   0: 0x8000b712 (0x00001f17) auipc   t5, 0x1
core   0: 3 0x8000b712 (0x00001f17) x30 0x8000c712
core   0: 0x8000b716 (0x8e3f2723) sw      gp, -1810(t5)
core   0: 3 0x8000b716 (0x8e3f2723) mem 0x8000c000 0x00000001
core   0: 0x8000b71a (0x0000bfe5) c.j     pc - 8
core   0: 3 0x8000b71a (0xbfe5)
core   0: 0x8000b712 (0x00001f17) auipc   t5, 0x1
core   0: 3 0x8000b712 (0x00001f17) x30 0x8000c712
core   0: 0x8000b716 (0x8e3f2723) sw      gp, -1810(t5)
core   0: 3 0x8000b716 (0x8e3f2723) mem 0x8000c000 0x00000001
core   0: 0x8000b71a (0x0000bfe5) c.j     pc - 8
core   0: 3 0x8000b71a (0xbfe5)
core   0: 0x8000b712 (0x00001f17) auipc   t5, 0x1
core   0: 3 0x8000b712 (0x00001f17) x30 0x8000c712
core   0: 0x8000b716 (0x8e3f2723) sw      gp, -1810(t5)
core   0: 3 0x8000b716 (0x8e3f2723) mem 0x8000c000 0x00000001
core   0: 0x8000b71a (0x0000bfe5) c.j     pc - 8
core   0: 3 0x8000b71a (0xbfe5)
core   0: 0x8000b712 (0x00001f17) auipc   t5, 0x1
core   0: 3 0x8000b712 (0x00001f17) x30 0x8000c712
core   0: 0x8000b716 (0x8e3f2723) sw      gp, -1810(t5)
core   0: 3 0x8000b716 (0x8e3f2723) mem 0x8000c000 0x00000001
core   0: 0x8000b71a (0x0000bfe5) c.j     pc - 8
core   0: 3 0x8000b71a (0xbfe5)
core   0: 0x8000b712 (0x00001f17) auipc   t5, 0x1
core   0: 3 0x8000b712 (0x00001f17) x30 0x8000c712
core   0: 0x8000b716 (0x8e3f2723) sw      gp, -1810(t5)
core   0: 3 0x8000b716 (0x8e3f2723) mem 0x8000c000 0x00000001
core   0: 0x8000b71a (0x0000bfe5) c.j     pc - 8
core   0: 3 0x8000b71a (0xbfe5)
core   0: 0x8000b712 (0x00001f17) auipc   t5, 0x1
core   0: 3 0x8000b712 (0x00001f17) x30 0x8000c712
core   0: 0x8000b716 (0x8e3f2723) sw      gp, -1810(t5)
core   0: 3 0x8000b716 (0x8e3f2723) mem 0x8000c000 0x00000001
core   0: 0x8000b71a (0x0000bfe5) c.j     pc - 8
core   0: 3 0x8000b71a (0xbfe5)
core   0: 0x8000b712 (0x00001f17) auipc   t5, 0x1
core   0: 3 0x8000b712 (0x00001f17) x30 0x8000c712
core   0: 0x8000b716 (0x8e3f2723) sw      gp, -1810(t5)
core   0: 3 0x8000b716 (0x8e3f2723) mem 0x8000c000 0x00000001
core   0: 0x8000b71a (0x0000bfe5) c.j     pc - 8
core   0: 3 0x8000b71a (0xbfe5)
core   0: 0x8000b712 (0x00001f17) auipc   t5, 0x1
core   0: 3 0x8000b712 (0x00001f17) x30 0x8000c712
core   0: 0x8000b716 (0x8e3f2723) sw      gp, -1810(t5)
core   0: 3 0x8000b716 (0x8e3f2723) mem 0x8000c000 0x00000001
core   0: 0x8000b71a (0x0000bfe5) c.j     pc - 8
core   0: 3 0x8000b71a (0xbfe5)
core   0: 0x8000b712 (0x00001f17) auipc   t5, 0x1
core   0: 3 0x8000b712 (0x00001f17) x30 0x8000c712
core   0: 0x8000b716 (0x8e3f2723) sw      gp, -1810(t5)
core   0: 3 0x8000b716 (0x8e3f2723) mem 0x8000c000 0x00000001
core   0: 0x8000b71a (0x0000bfe5) c.j     pc - 8
core   0: 3 0x8000b71a (0xbfe5)
core   0: 0x8000b712 (0x00001f17) auipc   t5, 0x1
core   0: 3 0x8000b712 (0x00001f17) x30 0x8000c712
core   0: 0x8000b716 (0x8e3f2723) sw      gp, -1810(t5)
core   0: 3 0x8000b716 (0x8e3f2723) mem 0x8000c000 0x00000001
core   0: 0x8000b71a (0x0000bfe5) c.j     pc - 8
core   0: 3 0x8000b71a (0xbfe5)
core   0: 0x8000b712 (0x00001f17) auipc   t5, 0x1
core   0: 3 0x8000b712 (0x00001f17) x30 0x8000c712
core   0: 0x8000b716 (0x8e3f2723) sw      gp, -1810(t5)
core   0: 3 0x8000b716 (0x8e3f2723) mem 0x8000c000 0x00000001
core   0: 0x8000b71a (0x0000bfe5) c.j     pc - 8
core   0: 3 0x8000b71a (0xbfe5)
core   0: 0x8000b712 (0x00001f17) auipc   t5, 0x1
core   0: 3 0x8000b712 (0x00001f17) x30 0x8000c712
core   0: 0x8000b716 (0x8e3f2723) sw      gp, -1810(t5)
core   0: 3 0x8000b716 (0x8e3f2723) mem 0x8000c000 0x00000001
core   0: 0x8000b71a (0x0000bfe5) c.j     pc - 8
core   0: 3 0x8000b71a (0xbfe5)
core   0: 0x8000b712 (0x00001f17) auipc   t5, 0x1
core   0: 3 0x8000b712 (0x00001f17) x30 0x8000c712
core   0: 0x8000b716 (0x8e3f2723) sw      gp, -1810(t5)
core   0: 3 0x8000b716 (0x8e3f2723) mem 0x8000c000 0x00000001
core   0: 0x8000b71a (0x0000bfe5) c.j     pc - 8
core   0: 3 0x8000b71a (0xbfe5)
core   0: 0x8000b712 (0x00001f17) auipc   t5, 0x1
core   0: 3 0x8000b712 (0x00001f17) x30 0x8000c712
core   0: 0x8000b716 (0x8e3f2723) sw      gp, -1810(t5)
core   0: 3 0x8000b716 (0x8e3f2723) mem 0x8000c000 0x00000001
core   0: 0x8000b71a (0x0000bfe5) c.j     pc - 8
core   0: 3 0x8000b71a (0xbfe5)
core   0: 0x8000b712 (0x00001f17) auipc   t5, 0x1
core   0: 3 0x8000b712 (0x00001f17) x30 0x8000c712
core   0: 0x8000b716 (0x8e3f2723) sw      gp, -1810(t5)
core   0: 3 0x8000b716 (0x8e3f2723) mem 0x8000c000 0x00000001
core   0: 0x8000b71a (0x0000bfe5) c.j     pc - 8
core   0: 3 0x8000b71a (0xbfe5)
core   0: 0x8000b712 (0x00001f17) auipc   t5, 0x1
core   0: 3 0x8000b712 (0x00001f17) x30 0x8000c712
core   0: 0x8000b716 (0x8e3f2723) sw      gp, -1810(t5)
core   0: 3 0x8000b716 (0x8e3f2723) mem 0x8000c000 0x00000001
core   0: 0x8000b71a (0x0000bfe5) c.j     pc - 8
core   0: 3 0x8000b71a (0xbfe5)
core   0: 0x8000b712 (0x00001f17) auipc   t5, 0x1
core   0: 3 0x8000b712 (0x00001f17) x30 0x8000c712
core   0: 0x8000b716 (0x8e3f2723) sw      gp, -1810(t5)
core   0: 3 0x8000b716 (0x8e3f2723) mem 0x8000c000 0x00000001
core   0: 0x8000b71a (0x0000bfe5) c.j     pc - 8
core   0: 3 0x8000b71a (0xbfe5)
core   0: 0x8000b712 (0x00001f17) auipc   t5, 0x1
core   0: 3 0x8000b712 (0x00001f17) x30 0x8000c712
core   0: 0x8000b716 (0x8e3f2723) sw      gp, -1810(t5)
core   0: 3 0x8000b716 (0x8e3f2723) mem 0x8000c000 0x00000001
core   0: 0x8000b71a (0x0000bfe5) c.j     pc - 8
core   0: 3 0x8000b71a (0xbfe5)
core   0: 0x8000b712 (0x00001f17) auipc   t5, 0x1
core   0: 3 0x8000b712 (0x00001f17) x30 0x8000c712
core   0: 0x8000b716 (0x8e3f2723) sw      gp, -1810(t5)
core   0: 3 0x8000b716 (0x8e3f2723) mem 0x8000c000 0x00000001
core   0: 0x8000b71a (0x0000bfe5) c.j     pc - 8
core   0: 3 0x8000b71a (0xbfe5)
core   0: 0x8000b712 (0x00001f17) auipc   t5, 0x1
core   0: 3 0x8000b712 (0x00001f17) x30 0x8000c712
core   0: 0x8000b716 (0x8e3f2723) sw      gp, -1810(t5)
core   0: 3 0x8000b716 (0x8e3f2723) mem 0x8000c000 0x00000001
core   0: 0x8000b71a (0x0000bfe5) c.j     pc - 8
core   0: 3 0x8000b71a (0xbfe5)
core   0: 0x8000b712 (0x00001f17) auipc   t5, 0x1
core   0: 3 0x8000b712 (0x00001f17) x30 0x8000c712
core   0: 0x8000b716 (0x8e3f2723) sw      gp, -1810(t5)
core   0: 3 0x8000b716 (0x8e3f2723) mem 0x8000c000 0x00000001
core   0: 0x8000b71a (0x0000bfe5) c.j     pc - 8
core   0: 3 0x8000b71a (0xbfe5)
core   0: 0x8000b712 (0x00001f17) auipc   t5, 0x1
core   0: 3 0x8000b712 (0x00001f17) x30 0x8000c712
core   0: 0x8000b716 (0x8e3f2723) sw      gp, -1810(t5)
core   0: 3 0x8000b716 (0x8e3f2723) mem 0x8000c000 0x00000001
core   0: 0x8000b71a (0x0000bfe5) c.j     pc - 8
core   0: 3 0x8000b71a (0xbfe5)
core   0: 0x8000b712 (0x00001f17) auipc   t5, 0x1
core   0: 3 0x8000b712 (0x00001f17) x30 0x8000c712
core   0: 0x8000b716 (0x8e3f2723) sw      gp, -1810(t5)
core   0: 3 0x8000b716 (0x8e3f2723) mem 0x8000c000 0x00000001
core   0: 0x8000b71a (0x0000bfe5) c.j     pc - 8
core   0: 3 0x8000b71a (0xbfe5)
core   0: 0x8000b712 (0x00001f17) auipc   t5, 0x1
core   0: 3 0x8000b712 (0x00001f17) x30 0x8000c712
core   0: 0x8000b716 (0x8e3f2723) sw      gp, -1810(t5)
core   0: 3 0x8000b716 (0x8e3f2723) mem 0x8000c000 0x00000001
core   0: 0x8000b71a (0x0000bfe5) c.j     pc - 8
core   0: 3 0x8000b71a (0xbfe5)
core   0: 0x8000b712 (0x00001f17) auipc   t5, 0x1
core   0: 3 0x8000b712 (0x00001f17) x30 0x8000c712
core   0: 0x8000b716 (0x8e3f2723) sw      gp, -1810(t5)
core   0: 3 0x8000b716 (0x8e3f2723) mem 0x8000c000 0x00000001
core   0: 0x8000b71a (0x0000bfe5) c.j     pc - 8
core   0: 3 0x8000b71a (0xbfe5)
core   0: 0x8000b712 (0x00001f17) auipc   t5, 0x1
core   0: 3 0x8000b712 (0x00001f17) x30 0x8000c712
core   0: 0x8000b716 (0x8e3f2723) sw      gp, -1810(t5)
core   0: 3 0x8000b716 (0x8e3f2723) mem 0x8000c000 0x00000001
core   0: 0x8000b71a (0x0000bfe5) c.j     pc - 8
core   0: 3 0x8000b71a (0xbfe5)
core   0: 0x8000b712 (0x00001f17) auipc   t5, 0x1
core   0: 3 0x8000b712 (0x00001f17) x30 0x8000c712
core   0: 0x8000b716 (0x8e3f2723) sw      gp, -1810(t5)
core   0: 3 0x8000b716 (0x8e3f2723) mem 0x8000c000 0x00000001
core   0: 0x8000b71a (0x0000bfe5) c.j     pc - 8
core   0: 3 0x8000b71a (0xbfe5)
core   0: 0x8000b712 (0x00001f17) auipc   t5, 0x1
core   0: 3 0x8000b712 (0x00001f17) x30 0x8000c712
core   0: 0x8000b716 (0x8e3f2723) sw      gp, -1810(t5)
core   0: 3 0x8000b716 (0x8e3f2723) mem 0x8000c000 0x00000001
core   0: 0x8000b71a (0x0000bfe5) c.j     pc - 8
core   0: 3 0x8000b71a (0xbfe5)
core   0: 0x8000b712 (0x00001f17) auipc   t5, 0x1
core   0: 3 0x8000b712 (0x00001f17) x30 0x8000c712
core   0: 0x8000b716 (0x8e3f2723) sw      gp, -1810(t5)
core   0: 3 0x8000b716 (0x8e3f2723) mem 0x8000c000 0x00000001
core   0: 0x8000b71a (0x0000bfe5) c.j     pc - 8
core   0: 3 0x8000b71a (0xbfe5)
core   0: 0x8000b712 (0x00001f17) auipc   t5, 0x1
core   0: 3 0x8000b712 (0x00001f17) x30 0x8000c712
core   0: 0x8000b716 (0x8e3f2723) sw      gp, -1810(t5)
core   0: 3 0x8000b716 (0x8e3f2723) mem 0x8000c000 0x00000001
core   0: 0x8000b71a (0x0000bfe5) c.j     pc - 8
core   0: 3 0x8000b71a (0xbfe5)
core   0: 0x8000b712 (0x00001f17) auipc   t5, 0x1
core   0: 3 0x8000b712 (0x00001f17) x30 0x8000c712
core   0: 0x8000b716 (0x8e3f2723) sw      gp, -1810(t5)
core   0: 3 0x8000b716 (0x8e3f2723) mem 0x8000c000 0x00000001
core   0: 0x8000b71a (0x0000bfe5) c.j     pc - 8
core   0: 3 0x8000b71a (0xbfe5)
core   0: 0x8000b712 (0x00001f17) auipc   t5, 0x1
core   0: 3 0x8000b712 (0x00001f17) x30 0x8000c712
core   0: 0x8000b716 (0x8e3f2723) sw      gp, -1810(t5)
core   0: 3 0x8000b716 (0x8e3f2723) mem 0x8000c000 0x00000001
core   0: 0x8000b71a (0x0000bfe5) c.j     pc - 8
core   0: 3 0x8000b71a (0xbfe5)
core   0: 0x8000b712 (0x00001f17) auipc   t5, 0x1
core   0: 3 0x8000b712 (0x00001f17) x30 0x8000c712
core   0: 0x8000b716 (0x8e3f2723) sw      gp, -1810(t5)
core   0: 3 0x8000b716 (0x8e3f2723) mem 0x8000c000 0x00000001
core   0: 0x8000b71a (0x0000bfe5) c.j     pc - 8
core   0: 3 0x8000b71a (0xbfe5)
core   0: 0x8000b712 (0x00001f17) auipc   t5, 0x1
core   0: 3 0x8000b712 (0x00001f17) x30 0x8000c712
core   0: 0x8000b716 (0x8e3f2723) sw      gp, -1810(t5)
core   0: 3 0x8000b716 (0x8e3f2723) mem 0x8000c000 0x00000001
core   0: 0x8000b71a (0x0000bfe5) c.j     pc - 8
core   0: 3 0x8000b71a (0xbfe5)
core   0: 0x8000b712 (0x00001f17) auipc   t5, 0x1
core   0: 3 0x8000b712 (0x00001f17) x30 0x8000c712
core   0: 0x8000b716 (0x8e3f2723) sw      gp, -1810(t5)
core   0: 3 0x8000b716 (0x8e3f2723) mem 0x8000c000 0x00000001
core   0: 0x8000b71a (0x0000bfe5) c.j     pc - 8
core   0: 3 0x8000b71a (0xbfe5)
core   0: 0x8000b712 (0x00001f17) auipc   t5, 0x1
core   0: 3 0x8000b712 (0x00001f17) x30 0x8000c712
core   0: 0x8000b716 (0x8e3f2723) sw      gp, -1810(t5)
core   0: 3 0x8000b716 (0x8e3f2723) mem 0x8000c000 0x00000001
core   0: 0x8000b71a (0x0000bfe5) c.j     pc - 8
core   0: 3 0x8000b71a (0xbfe5)
core   0: 0x8000b712 (0x00001f17) auipc   t5, 0x1
core   0: 3 0x8000b712 (0x00001f17) x30 0x8000c712
core   0: 0x8000b716 (0x8e3f2723) sw      gp, -1810(t5)
core   0: 3 0x8000b716 (0x8e3f2723) mem 0x8000c000 0x00000001
core   0: 0x8000b71a (0x0000bfe5) c.j     pc - 8
core   0: 3 0x8000b71a (0xbfe5)
core   0: 0x8000b712 (0x00001f17) auipc   t5, 0x1
core   0: 3 0x8000b712 (0x00001f17) x30 0x8000c712
core   0: 0x8000b716 (0x8e3f2723) sw      gp, -1810(t5)
core   0: 3 0x8000b716 (0x8e3f2723) mem 0x8000c000 0x00000001
core   0: 0x8000b71a (0x0000bfe5) c.j     pc - 8
core   0: 3 0x8000b71a (0xbfe5)
core   0: 0x8000b712 (0x00001f17) auipc   t5, 0x1
core   0: 3 0x8000b712 (0x00001f17) x30 0x8000c712
core   0: 0x8000b716 (0x8e3f2723) sw      gp, -1810(t5)
core   0: 3 0x8000b716 (0x8e3f2723) mem 0x8000c000 0x00000001
core   0: 0x8000b71a (0x0000bfe5) c.j     pc - 8
core   0: 3 0x8000b71a (0xbfe5)
core   0: 0x8000b712 (0x00001f17) auipc   t5, 0x1
core   0: 3 0x8000b712 (0x00001f17) x30 0x8000c712
core   0: 0x8000b716 (0x8e3f2723) sw      gp, -1810(t5)
core   0: 3 0x8000b716 (0x8e3f2723) mem 0x8000c000 0x00000001
core   0: 0x8000b71a (0x0000bfe5) c.j     pc - 8
core   0: 3 0x8000b71a (0xbfe5)
core   0: 0x8000b712 (0x00001f17) auipc   t5, 0x1
core   0: 3 0x8000b712 (0x00001f17) x30 0x8000c712
core   0: 0x8000b716 (0x8e3f2723) sw      gp, -1810(t5)
core   0: 3 0x8000b716 (0x8e3f2723) mem 0x8000c000 0x00000001
core   0: 0x8000b71a (0x0000bfe5) c.j     pc - 8
core   0: 3 0x8000b71a (0xbfe5)
core   0: 0x8000b712 (0x00001f17) auipc   t5, 0x1
core   0: 3 0x8000b712 (0x00001f17) x30 0x8000c712
core   0: 0x8000b716 (0x8e3f2723) sw      gp, -1810(t5)
core   0: 3 0x8000b716 (0x8e3f2723) mem 0x8000c000 0x00000001
core   0: 0x8000b71a (0x0000bfe5) c.j     pc - 8
core   0: 3 0x8000b71a (0xbfe5)
core   0: 0x8000b712 (0x00001f17) auipc   t5, 0x1
core   0: 3 0x8000b712 (0x00001f17) x30 0x8000c712
core   0: 0x8000b716 (0x8e3f2723) sw      gp, -1810(t5)
core   0: 3 0x8000b716 (0x8e3f2723) mem 0x8000c000 0x00000001
core   0: 0x8000b71a (0x0000bfe5) c.j     pc - 8
core   0: 3 0x8000b71a (0xbfe5)
core   0: 0x8000b712 (0x00001f17) auipc   t5, 0x1
core   0: 3 0x8000b712 (0x00001f17) x30 0x8000c712
core   0: 0x8000b716 (0x8e3f2723) sw      gp, -1810(t5)
core   0: 3 0x8000b716 (0x8e3f2723) mem 0x8000c000 0x00000001
core   0: 0x8000b71a (0x0000bfe5) c.j     pc - 8
core   0: 3 0x8000b71a (0xbfe5)
core   0: 0x8000b712 (0x00001f17) auipc   t5, 0x1
core   0: 3 0x8000b712 (0x00001f17) x30 0x8000c712
core   0: 0x8000b716 (0x8e3f2723) sw      gp, -1810(t5)
core   0: 3 0x8000b716 (0x8e3f2723) mem 0x8000c000 0x00000001
core   0: 0x8000b71a (0x0000bfe5) c.j     pc - 8
core   0: 3 0x8000b71a (0xbfe5)
core   0: 0x8000b712 (0x00001f17) auipc   t5, 0x1
core   0: 3 0x8000b712 (0x00001f17) x30 0x8000c712
core   0: 0x8000b716 (0x8e3f2723) sw      gp, -1810(t5)
core   0: 3 0x8000b716 (0x8e3f2723) mem 0x8000c000 0x00000001
core   0: 0x8000b71a (0x0000bfe5) c.j     pc - 8
core   0: 3 0x8000b71a (0xbfe5)
core   0: 0x8000b712 (0x00001f17) auipc   t5, 0x1
core   0: 3 0x8000b712 (0x00001f17) x30 0x8000c712
core   0: 0x8000b716 (0x8e3f2723) sw      gp, -1810(t5)
core   0: 3 0x8000b716 (0x8e3f2723) mem 0x8000c000 0x00000001
core   0: 0x8000b71a (0x0000bfe5) c.j     pc - 8
core   0: 3 0x8000b71a (0xbfe5)
core   0: 0x8000b712 (0x00001f17) auipc   t5, 0x1
core   0: 3 0x8000b712 (0x00001f17) x30 0x8000c712
core   0: 0x8000b716 (0x8e3f2723) sw      gp, -1810(t5)
core   0: 3 0x8000b716 (0x8e3f2723) mem 0x8000c000 0x00000001
core   0: 0x8000b71a (0x0000bfe5) c.j     pc - 8
core   0: 3 0x8000b71a (0xbfe5)
core   0: 0x8000b712 (0x00001f17) auipc   t5, 0x1
core   0: 3 0x8000b712 (0x00001f17) x30 0x8000c712
core   0: 0x8000b716 (0x8e3f2723) sw      gp, -1810(t5)
core   0: 3 0x8000b716 (0x8e3f2723) mem 0x8000c000 0x00000001
core   0: 0x8000b71a (0x0000bfe5) c.j     pc - 8
core   0: 3 0x8000b71a (0xbfe5)
core   0: 0x8000b712 (0x00001f17) auipc   t5, 0x1
core   0: 3 0x8000b712 (0x00001f17) x30 0x8000c712
core   0: 0x8000b716 (0x8e3f2723) sw      gp, -1810(t5)
core   0: 3 0x8000b716 (0x8e3f2723) mem 0x8000c000 0x00000001
core   0: 0x8000b71a (0x0000bfe5) c.j     pc - 8
core   0: 3 0x8000b71a (0xbfe5)
core   0: 0x8000b712 (0x00001f17) auipc   t5, 0x1
core   0: 3 0x8000b712 (0x00001f17) x30 0x8000c712
core   0: 0x8000b716 (0x8e3f2723) sw      gp, -1810(t5)
core   0: 3 0x8000b716 (0x8e3f2723) mem 0x8000c000 0x00000001
core   0: 0x8000b71a (0x0000bfe5) c.j     pc - 8
core   0: 3 0x8000b71a (0xbfe5)
core   0: 0x8000b712 (0x00001f17) auipc   t5, 0x1
core   0: 3 0x8000b712 (0x00001f17) x30 0x8000c712
core   0: 0x8000b716 (0x8e3f2723) sw      gp, -1810(t5)
core   0: 3 0x8000b716 (0x8e3f2723) mem 0x8000c000 0x00000001
core   0: 0x8000b71a (0x0000bfe5) c.j     pc - 8
core   0: 3 0x8000b71a (0xbfe5)
core   0: 0x8000b712 (0x00001f17) auipc   t5, 0x1
core   0: 3 0x8000b712 (0x00001f17) x30 0x8000c712
core   0: 0x8000b716 (0x8e3f2723) sw      gp, -1810(t5)
core   0: 3 0x8000b716 (0x8e3f2723) mem 0x8000c000 0x00000001
core   0: 0x8000b71a (0x0000bfe5) c.j     pc - 8
core   0: 3 0x8000b71a (0xbfe5)
core   0: 0x8000b712 (0x00001f17) auipc   t5, 0x1
core   0: 3 0x8000b712 (0x00001f17) x30 0x8000c712
core   0: 0x8000b716 (0x8e3f2723) sw      gp, -1810(t5)
core   0: 3 0x8000b716 (0x8e3f2723) mem 0x8000c000 0x00000001
core   0: 0x8000b71a (0x0000bfe5) c.j     pc - 8
core   0: 3 0x8000b71a (0xbfe5)
core   0: 0x8000b712 (0x00001f17) auipc   t5, 0x1
core   0: 3 0x8000b712 (0x00001f17) x30 0x8000c712
core   0: 0x8000b716 (0x8e3f2723) sw      gp, -1810(t5)
core   0: 3 0x8000b716 (0x8e3f2723) mem 0x8000c000 0x00000001
core   0: 0x8000b71a (0x0000bfe5) c.j     pc - 8
core   0: 3 0x8000b71a (0xbfe5)
core   0: 0x8000b712 (0x00001f17) auipc   t5, 0x1
core   0: 3 0x8000b712 (0x00001f17) x30 0x8000c712
core   0: 0x8000b716 (0x8e3f2723) sw      gp, -1810(t5)
core   0: 3 0x8000b716 (0x8e3f2723) mem 0x8000c000 0x00000001
core   0: 0x8000b71a (0x0000bfe5) c.j     pc - 8
core   0: 3 0x8000b71a (0xbfe5)
core   0: 0x8000b712 (0x00001f17) auipc   t5, 0x1
core   0: 3 0x8000b712 (0x00001f17) x30 0x8000c712
core   0: 0x8000b716 (0x8e3f2723) sw      gp, -1810(t5)
core   0: 3 0x8000b716 (0x8e3f2723) mem 0x8000c000 0x00000001
core   0: 0x8000b71a (0x0000bfe5) c.j     pc - 8
core   0: 3 0x8000b71a (0xbfe5)
core   0: 0x8000b712 (0x00001f17) auipc   t5, 0x1
core   0: 3 0x8000b712 (0x00001f17) x30 0x8000c712
core   0: 0x8000b716 (0x8e3f2723) sw      gp, -1810(t5)
core   0: 3 0x8000b716 (0x8e3f2723) mem 0x8000c000 0x00000001
core   0: 0x8000b71a (0x0000bfe5) c.j     pc - 8
core   0: 3 0x8000b71a (0xbfe5)
core   0: 0x8000b712 (0x00001f17) auipc   t5, 0x1
core   0: 3 0x8000b712 (0x00001f17) x30 0x8000c712
core   0: 0x8000b716 (0x8e3f2723) sw      gp, -1810(t5)
core   0: 3 0x8000b716 (0x8e3f2723) mem 0x8000c000 0x00000001
core   0: 0x8000b71a (0x0000bfe5) c.j     pc - 8
core   0: 3 0x8000b71a (0xbfe5)
core   0: 0x8000b712 (0x00001f17) auipc   t5, 0x1
core   0: 3 0x8000b712 (0x00001f17) x30 0x8000c712
core   0: 0x8000b716 (0x8e3f2723) sw      gp, -1810(t5)
core   0: 3 0x8000b716 (0x8e3f2723) mem 0x8000c000 0x00000001
core   0: 0x8000b71a (0x0000bfe5) c.j     pc - 8
core   0: 3 0x8000b71a (0xbfe5)
core   0: 0x8000b712 (0x00001f17) auipc   t5, 0x1
core   0: 3 0x8000b712 (0x00001f17) x30 0x8000c712
core   0: 0x8000b716 (0x8e3f2723) sw      gp, -1810(t5)
core   0: 3 0x8000b716 (0x8e3f2723) mem 0x8000c000 0x00000001
core   0: 0x8000b71a (0x0000bfe5) c.j     pc - 8
core   0: 3 0x8000b71a (0xbfe5)
core   0: 0x8000b712 (0x00001f17) auipc   t5, 0x1
core   0: 3 0x8000b712 (0x00001f17) x30 0x8000c712
core   0: 0x8000b716 (0x8e3f2723) sw      gp, -1810(t5)
core   0: 3 0x8000b716 (0x8e3f2723) mem 0x8000c000 0x00000001
core   0: 0x8000b71a (0x0000bfe5) c.j     pc - 8
core   0: 3 0x8000b71a (0xbfe5)
core   0: 0x8000b712 (0x00001f17) auipc   t5, 0x1
core   0: 3 0x8000b712 (0x00001f17) x30 0x8000c712
core   0: 0x8000b716 (0x8e3f2723) sw      gp, -1810(t5)
core   0: 3 0x8000b716 (0x8e3f2723) mem 0x8000c000 0x00000001
core   0: 0x8000b71a (0x0000bfe5) c.j     pc - 8
core   0: 3 0x8000b71a (0xbfe5)
core   0: 0x8000b712 (0x00001f17) auipc   t5, 0x1
core   0: 3 0x8000b712 (0x00001f17) x30 0x8000c712
core   0: 0x8000b716 (0x8e3f2723) sw      gp, -1810(t5)
core   0: 3 0x8000b716 (0x8e3f2723) mem 0x8000c000 0x00000001
core   0: 0x8000b71a (0x0000bfe5) c.j     pc - 8
core   0: 3 0x8000b71a (0xbfe5)
core   0: 0x8000b712 (0x00001f17) auipc   t5, 0x1
core   0: 3 0x8000b712 (0x00001f17) x30 0x8000c712
core   0: 0x8000b716 (0x8e3f2723) sw      gp, -1810(t5)
core   0: 3 0x8000b716 (0x8e3f2723) mem 0x8000c000 0x00000001
core   0: 0x8000b71a (0x0000bfe5) c.j     pc - 8
core   0: 3 0x8000b71a (0xbfe5)
core   0: 0x8000b712 (0x00001f17) auipc   t5, 0x1
core   0: 3 0x8000b712 (0x00001f17) x30 0x8000c712
core   0: 0x8000b716 (0x8e3f2723) sw      gp, -1810(t5)
core   0: 3 0x8000b716 (0x8e3f2723) mem 0x8000c000 0x00000001
core   0: 0x8000b71a (0x0000bfe5) c.j     pc - 8
core   0: 3 0x8000b71a (0xbfe5)
core   0: 0x8000b712 (0x00001f17) auipc   t5, 0x1
core   0: 3 0x8000b712 (0x00001f17) x30 0x8000c712
core   0: 0x8000b716 (0x8e3f2723) sw      gp, -1810(t5)
core   0: 3 0x8000b716 (0x8e3f2723) mem 0x8000c000 0x00000001
core   0: 0x8000b71a (0x0000bfe5) c.j     pc - 8
core   0: 3 0x8000b71a (0xbfe5)
core   0: 0x8000b712 (0x00001f17) auipc   t5, 0x1
core   0: 3 0x8000b712 (0x00001f17) x30 0x8000c712
core   0: 0x8000b716 (0x8e3f2723) sw      gp, -1810(t5)
core   0: 3 0x8000b716 (0x8e3f2723) mem 0x8000c000 0x00000001
core   0: 0x8000b71a (0x0000bfe5) c.j     pc - 8
core   0: 3 0x8000b71a (0xbfe5)
core   0: 0x8000b712 (0x00001f17) auipc   t5, 0x1
core   0: 3 0x8000b712 (0x00001f17) x30 0x8000c712
core   0: 0x8000b716 (0x8e3f2723) sw      gp, -1810(t5)
core   0: 3 0x8000b716 (0x8e3f2723) mem 0x8000c000 0x00000001
core   0: 0x8000b71a (0x0000bfe5) c.j     pc - 8
core   0: 3 0x8000b71a (0xbfe5)
core   0: 0x8000b712 (0x00001f17) auipc   t5, 0x1
core   0: 3 0x8000b712 (0x00001f17) x30 0x8000c712
core   0: 0x8000b716 (0x8e3f2723) sw      gp, -1810(t5)
core   0: 3 0x8000b716 (0x8e3f2723) mem 0x8000c000 0x00000001
core   0: 0x8000b71a (0x0000bfe5) c.j     pc - 8
core   0: 3 0x8000b71a (0xbfe5)
core   0: 0x8000b712 (0x00001f17) auipc   t5, 0x1
core   0: 3 0x8000b712 (0x00001f17) x30 0x8000c712
core   0: 0x8000b716 (0x8e3f2723) sw      gp, -1810(t5)
core   0: 3 0x8000b716 (0x8e3f2723) mem 0x8000c000 0x00000001
core   0: 0x8000b71a (0x0000bfe5) c.j     pc - 8
core   0: 3 0x8000b71a (0xbfe5)
core   0: 0x8000b712 (0x00001f17) auipc   t5, 0x1
core   0: 3 0x8000b712 (0x00001f17) x30 0x8000c712
core   0: 0x8000b716 (0x8e3f2723) sw      gp, -1810(t5)
core   0: 3 0x8000b716 (0x8e3f2723) mem 0x8000c000 0x00000001
core   0: 0x8000b71a (0x0000bfe5) c.j     pc - 8
core   0: 3 0x8000b71a (0xbfe5)
core   0: 0x8000b712 (0x00001f17) auipc   t5, 0x1
core   0: 3 0x8000b712 (0x00001f17) x30 0x8000c712
core   0: 0x8000b716 (0x8e3f2723) sw      gp, -1810(t5)
core   0: 3 0x8000b716 (0x8e3f2723) mem 0x8000c000 0x00000001
core   0: 0x8000b71a (0x0000bfe5) c.j     pc - 8
core   0: 3 0x8000b71a (0xbfe5)
core   0: 0x8000b712 (0x00001f17) auipc   t5, 0x1
core   0: 3 0x8000b712 (0x00001f17) x30 0x8000c712
core   0: 0x8000b716 (0x8e3f2723) sw      gp, -1810(t5)
core   0: 3 0x8000b716 (0x8e3f2723) mem 0x8000c000 0x00000001
core   0: 0x8000b71a (0x0000bfe5) c.j     pc - 8
core   0: 3 0x8000b71a (0xbfe5)
core   0: 0x8000b712 (0x00001f17) auipc   t5, 0x1
core   0: 3 0x8000b712 (0x00001f17) x30 0x8000c712
core   0: 0x8000b716 (0x8e3f2723) sw      gp, -1810(t5)
core   0: 3 0x8000b716 (0x8e3f2723) mem 0x8000c000 0x00000001
core   0: 0x8000b71a (0x0000bfe5) c.j     pc - 8
core   0: 3 0x8000b71a (0xbfe5)
core   0: 0x8000b712 (0x00001f17) auipc   t5, 0x1
core   0: 3 0x8000b712 (0x00001f17) x30 0x8000c712
core   0: 0x8000b716 (0x8e3f2723) sw      gp, -1810(t5)
core   0: 3 0x8000b716 (0x8e3f2723) mem 0x8000c000 0x00000001
core   0: 0x8000b71a (0x0000bfe5) c.j     pc - 8
core   0: 3 0x8000b71a (0xbfe5)
core   0: 0x8000b712 (0x00001f17) auipc   t5, 0x1
core   0: 3 0x8000b712 (0x00001f17) x30 0x8000c712
core   0: 0x8000b716 (0x8e3f2723) sw      gp, -1810(t5)
core   0: 3 0x8000b716 (0x8e3f2723) mem 0x8000c000 0x00000001
core   0: 0x8000b71a (0x0000bfe5) c.j     pc - 8
core   0: 3 0x8000b71a (0xbfe5)
core   0: 0x8000b712 (0x00001f17) auipc   t5, 0x1
core   0: 3 0x8000b712 (0x00001f17) x30 0x8000c712
core   0: 0x8000b716 (0x8e3f2723) sw      gp, -1810(t5)
core   0: 3 0x8000b716 (0x8e3f2723) mem 0x8000c000 0x00000001
core   0: 0x8000b71a (0x0000bfe5) c.j     pc - 8
core   0: 3 0x8000b71a (0xbfe5)
core   0: 0x8000b712 (0x00001f17) auipc   t5, 0x1
core   0: 3 0x8000b712 (0x00001f17) x30 0x8000c712
core   0: 0x8000b716 (0x8e3f2723) sw      gp, -1810(t5)
core   0: 3 0x8000b716 (0x8e3f2723) mem 0x8000c000 0x00000001
core   0: 0x8000b71a (0x0000bfe5) c.j     pc - 8
core   0: 3 0x8000b71a (0xbfe5)
core   0: 0x8000b712 (0x00001f17) auipc   t5, 0x1
core   0: 3 0x8000b712 (0x00001f17) x30 0x8000c712
core   0: 0x8000b716 (0x8e3f2723) sw      gp, -1810(t5)
core   0: 3 0x8000b716 (0x8e3f2723) mem 0x8000c000 0x00000001
core   0: 0x8000b71a (0x0000bfe5) c.j     pc - 8
core   0: 3 0x8000b71a (0xbfe5)
core   0: 0x8000b712 (0x00001f17) auipc   t5, 0x1
core   0: 3 0x8000b712 (0x00001f17) x30 0x8000c712
core   0: 0x8000b716 (0x8e3f2723) sw      gp, -1810(t5)
core   0: 3 0x8000b716 (0x8e3f2723) mem 0x8000c000 0x00000001
core   0: 0x8000b71a (0x0000bfe5) c.j     pc - 8
core   0: 3 0x8000b71a (0xbfe5)
core   0: 0x8000b712 (0x00001f17) auipc   t5, 0x1
core   0: 3 0x8000b712 (0x00001f17) x30 0x8000c712
core   0: 0x8000b716 (0x8e3f2723) sw      gp, -1810(t5)
core   0: 3 0x8000b716 (0x8e3f2723) mem 0x8000c000 0x00000001
core   0: 0x8000b71a (0x0000bfe5) c.j     pc - 8
core   0: 3 0x8000b71a (0xbfe5)
core   0: 0x8000b712 (0x00001f17) auipc   t5, 0x1
core   0: 3 0x8000b712 (0x00001f17) x30 0x8000c712
core   0: 0x8000b716 (0x8e3f2723) sw      gp, -1810(t5)
core   0: 3 0x8000b716 (0x8e3f2723) mem 0x8000c000 0x00000001
core   0: 0x8000b71a (0x0000bfe5) c.j     pc - 8
core   0: 3 0x8000b71a (0xbfe5)
core   0: 0x8000b712 (0x00001f17) auipc   t5, 0x1
core   0: 3 0x8000b712 (0x00001f17) x30 0x8000c712
core   0: 0x8000b716 (0x8e3f2723) sw      gp, -1810(t5)
core   0: 3 0x8000b716 (0x8e3f2723) mem 0x8000c000 0x00000001
core   0: 0x8000b71a (0x0000bfe5) c.j     pc - 8
core   0: 3 0x8000b71a (0xbfe5)
core   0: 0x8000b712 (0x00001f17) auipc   t5, 0x1
core   0: 3 0x8000b712 (0x00001f17) x30 0x8000c712
core   0: 0x8000b716 (0x8e3f2723) sw      gp, -1810(t5)
core   0: 3 0x8000b716 (0x8e3f2723) mem 0x8000c000 0x00000001
core   0: 0x8000b71a (0x0000bfe5) c.j     pc - 8
core   0: 3 0x8000b71a (0xbfe5)
core   0: 0x8000b712 (0x00001f17) auipc   t5, 0x1
core   0: 3 0x8000b712 (0x00001f17) x30 0x8000c712
core   0: 0x8000b716 (0x8e3f2723) sw      gp, -1810(t5)
core   0: 3 0x8000b716 (0x8e3f2723) mem 0x8000c000 0x00000001
core   0: 0x8000b71a (0x0000bfe5) c.j     pc - 8
core   0: 3 0x8000b71a (0xbfe5)
core   0: 0x8000b712 (0x00001f17) auipc   t5, 0x1
core   0: 3 0x8000b712 (0x00001f17) x30 0x8000c712
core   0: 0x8000b716 (0x8e3f2723) sw      gp, -1810(t5)
core   0: 3 0x8000b716 (0x8e3f2723) mem 0x8000c000 0x00000001
core   0: 0x8000b71a (0x0000bfe5) c.j     pc - 8
core   0: 3 0x8000b71a (0xbfe5)
core   0: 0x8000b712 (0x00001f17) auipc   t5, 0x1
core   0: 3 0x8000b712 (0x00001f17) x30 0x8000c712
core   0: 0x8000b716 (0x8e3f2723) sw      gp, -1810(t5)
core   0: 3 0x8000b716 (0x8e3f2723) mem 0x8000c000 0x00000001
core   0: 0x8000b71a (0x0000bfe5) c.j     pc - 8
core   0: 3 0x8000b71a (0xbfe5)
core   0: 0x8000b712 (0x00001f17) auipc   t5, 0x1
core   0: 3 0x8000b712 (0x00001f17) x30 0x8000c712
core   0: 0x8000b716 (0x8e3f2723) sw      gp, -1810(t5)
core   0: 3 0x8000b716 (0x8e3f2723) mem 0x8000c000 0x00000001
core   0: 0x8000b71a (0x0000bfe5) c.j     pc - 8
core   0: 3 0x8000b71a (0xbfe5)
core   0: 0x8000b712 (0x00001f17) auipc   t5, 0x1
core   0: 3 0x8000b712 (0x00001f17) x30 0x8000c712
core   0: 0x8000b716 (0x8e3f2723) sw      gp, -1810(t5)
core   0: 3 0x8000b716 (0x8e3f2723) mem 0x8000c000 0x00000001
core   0: 0x8000b71a (0x0000bfe5) c.j     pc - 8
core   0: 3 0x8000b71a (0xbfe5)
core   0: 0x8000b712 (0x00001f17) auipc   t5, 0x1
core   0: 3 0x8000b712 (0x00001f17) x30 0x8000c712
core   0: 0x8000b716 (0x8e3f2723) sw      gp, -1810(t5)
core   0: 3 0x8000b716 (0x8e3f2723) mem 0x8000c000 0x00000001
core   0: 0x8000b71a (0x0000bfe5) c.j     pc - 8
core   0: 3 0x8000b71a (0xbfe5)
core   0: 0x8000b712 (0x00001f17) auipc   t5, 0x1
core   0: 3 0x8000b712 (0x00001f17) x30 0x8000c712
core   0: 0x8000b716 (0x8e3f2723) sw      gp, -1810(t5)
core   0: 3 0x8000b716 (0x8e3f2723) mem 0x8000c000 0x00000001
core   0: 0x8000b71a (0x0000bfe5) c.j     pc - 8
core   0: 3 0x8000b71a (0xbfe5)
core   0: 0x8000b712 (0x00001f17) auipc   t5, 0x1
core   0: 3 0x8000b712 (0x00001f17) x30 0x8000c712
core   0: 0x8000b716 (0x8e3f2723) sw      gp, -1810(t5)
core   0: 3 0x8000b716 (0x8e3f2723) mem 0x8000c000 0x00000001
core   0: 0x8000b71a (0x0000bfe5) c.j     pc - 8
core   0: 3 0x8000b71a (0xbfe5)
core   0: 0x8000b712 (0x00001f17) auipc   t5, 0x1
core   0: 3 0x8000b712 (0x00001f17) x30 0x8000c712
core   0: 0x8000b716 (0x8e3f2723) sw      gp, -1810(t5)
core   0: 3 0x8000b716 (0x8e3f2723) mem 0x8000c000 0x00000001
core   0: 0x8000b71a (0x0000bfe5) c.j     pc - 8
core   0: 3 0x8000b71a (0xbfe5)
core   0: 0x8000b712 (0x00001f17) auipc   t5, 0x1
core   0: 3 0x8000b712 (0x00001f17) x30 0x8000c712
core   0: 0x8000b716 (0x8e3f2723) sw      gp, -1810(t5)
core   0: 3 0x8000b716 (0x8e3f2723) mem 0x8000c000 0x00000001
core   0: 0x8000b71a (0x0000bfe5) c.j     pc - 8
core   0: 3 0x8000b71a (0xbfe5)
core   0: 0x8000b712 (0x00001f17) auipc   t5, 0x1
core   0: 3 0x8000b712 (0x00001f17) x30 0x8000c712
core   0: 0x8000b716 (0x8e3f2723) sw      gp, -1810(t5)
core   0: 3 0x8000b716 (0x8e3f2723) mem 0x8000c000 0x00000001
core   0: 0x8000b71a (0x0000bfe5) c.j     pc - 8
core   0: 3 0x8000b71a (0xbfe5)
core   0: 0x8000b712 (0x00001f17) auipc   t5, 0x1
core   0: 3 0x8000b712 (0x00001f17) x30 0x8000c712
core   0: 0x8000b716 (0x8e3f2723) sw      gp, -1810(t5)
core   0: 3 0x8000b716 (0x8e3f2723) mem 0x8000c000 0x00000001
core   0: 0x8000b71a (0x0000bfe5) c.j     pc - 8
core   0: 3 0x8000b71a (0xbfe5)
core   0: 0x8000b712 (0x00001f17) auipc   t5, 0x1
core   0: 3 0x8000b712 (0x00001f17) x30 0x8000c712
core   0: 0x8000b716 (0x8e3f2723) sw      gp, -1810(t5)
core   0: 3 0x8000b716 (0x8e3f2723) mem 0x8000c000 0x00000001
core   0: 0x8000b71a (0x0000bfe5) c.j     pc - 8
core   0: 3 0x8000b71a (0xbfe5)
core   0: 0x8000b712 (0x00001f17) auipc   t5, 0x1
core   0: 3 0x8000b712 (0x00001f17) x30 0x8000c712
core   0: 0x8000b716 (0x8e3f2723) sw      gp, -1810(t5)
core   0: 3 0x8000b716 (0x8e3f2723) mem 0x8000c000 0x00000001
core   0: 0x8000b71a (0x0000bfe5) c.j     pc - 8
core   0: 3 0x8000b71a (0xbfe5)
core   0: 0x8000b712 (0x00001f17) auipc   t5, 0x1
core   0: 3 0x8000b712 (0x00001f17) x30 0x8000c712
core   0: 0x8000b716 (0x8e3f2723) sw      gp, -1810(t5)
core   0: 3 0x8000b716 (0x8e3f2723) mem 0x8000c000 0x00000001
core   0: 0x8000b71a (0x0000bfe5) c.j     pc - 8
core   0: 3 0x8000b71a (0xbfe5)
core   0: 0x8000b712 (0x00001f17) auipc   t5, 0x1
core   0: 3 0x8000b712 (0x00001f17) x30 0x8000c712
core   0: 0x8000b716 (0x8e3f2723) sw      gp, -1810(t5)
core   0: 3 0x8000b716 (0x8e3f2723) mem 0x8000c000 0x00000001
core   0: 0x8000b71a (0x0000bfe5) c.j     pc - 8
core   0: 3 0x8000b71a (0xbfe5)
core   0: 0x8000b712 (0x00001f17) auipc   t5, 0x1
core   0: 3 0x8000b712 (0x00001f17) x30 0x8000c712
core   0: 0x8000b716 (0x8e3f2723) sw      gp, -1810(t5)
core   0: 3 0x8000b716 (0x8e3f2723) mem 0x8000c000 0x00000001
core   0: 0x8000b71a (0x0000bfe5) c.j     pc - 8
core   0: 3 0x8000b71a (0xbfe5)
core   0: 0x8000b712 (0x00001f17) auipc   t5, 0x1
core   0: 3 0x8000b712 (0x00001f17) x30 0x8000c712
core   0: 0x8000b716 (0x8e3f2723) sw      gp, -1810(t5)
core   0: 3 0x8000b716 (0x8e3f2723) mem 0x8000c000 0x00000001
core   0: 0x8000b71a (0x0000bfe5) c.j     pc - 8
core   0: 3 0x8000b71a (0xbfe5)
core   0: 0x8000b712 (0x00001f17) auipc   t5, 0x1
core   0: 3 0x8000b712 (0x00001f17) x30 0x8000c712
core   0: 0x8000b716 (0x8e3f2723) sw      gp, -1810(t5)
core   0: 3 0x8000b716 (0x8e3f2723) mem 0x8000c000 0x00000001
core   0: 0x8000b71a (0x0000bfe5) c.j     pc - 8
core   0: 3 0x8000b71a (0xbfe5)
core   0: 0x8000b712 (0x00001f17) auipc   t5, 0x1
core   0: 3 0x8000b712 (0x00001f17) x30 0x8000c712
core   0: 0x8000b716 (0x8e3f2723) sw      gp, -1810(t5)
core   0: 3 0x8000b716 (0x8e3f2723) mem 0x8000c000 0x00000001
core   0: 0x8000b71a (0x0000bfe5) c.j     pc - 8
core   0: 3 0x8000b71a (0xbfe5)
core   0: 0x8000b712 (0x00001f17) auipc   t5, 0x1
core   0: 3 0x8000b712 (0x00001f17) x30 0x8000c712
core   0: 0x8000b716 (0x8e3f2723) sw      gp, -1810(t5)
core   0: 3 0x8000b716 (0x8e3f2723) mem 0x8000c000 0x00000001
core   0: 0x8000b71a (0x0000bfe5) c.j     pc - 8
core   0: 3 0x8000b71a (0xbfe5)
core   0: 0x8000b712 (0x00001f17) auipc   t5, 0x1
core   0: 3 0x8000b712 (0x00001f17) x30 0x8000c712
core   0: 0x8000b716 (0x8e3f2723) sw      gp, -1810(t5)
core   0: 3 0x8000b716 (0x8e3f2723) mem 0x8000c000 0x00000001
core   0: 0x8000b71a (0x0000bfe5) c.j     pc - 8
core   0: 3 0x8000b71a (0xbfe5)
core   0: 0x8000b712 (0x00001f17) auipc   t5, 0x1
core   0: 3 0x8000b712 (0x00001f17) x30 0x8000c712
core   0: 0x8000b716 (0x8e3f2723) sw      gp, -1810(t5)
core   0: 3 0x8000b716 (0x8e3f2723) mem 0x8000c000 0x00000001
core   0: 0x8000b71a (0x0000bfe5) c.j     pc - 8
core   0: 3 0x8000b71a (0xbfe5)
core   0: 0x8000b712 (0x00001f17) auipc   t5, 0x1
core   0: 3 0x8000b712 (0x00001f17) x30 0x8000c712
core   0: 0x8000b716 (0x8e3f2723) sw      gp, -1810(t5)
core   0: 3 0x8000b716 (0x8e3f2723) mem 0x8000c000 0x00000001
core   0: 0x8000b71a (0x0000bfe5) c.j     pc - 8
core   0: 3 0x8000b71a (0xbfe5)
core   0: 0x8000b712 (0x00001f17) auipc   t5, 0x1
core   0: 3 0x8000b712 (0x00001f17) x30 0x8000c712
core   0: 0x8000b716 (0x8e3f2723) sw      gp, -1810(t5)
core   0: 3 0x8000b716 (0x8e3f2723) mem 0x8000c000 0x00000001
core   0: 0x8000b71a (0x0000bfe5) c.j     pc - 8
core   0: 3 0x8000b71a (0xbfe5)
core   0: 0x8000b712 (0x00001f17) auipc   t5, 0x1
core   0: 3 0x8000b712 (0x00001f17) x30 0x8000c712
core   0: 0x8000b716 (0x8e3f2723) sw      gp, -1810(t5)
core   0: 3 0x8000b716 (0x8e3f2723) mem 0x8000c000 0x00000001
core   0: 0x8000b71a (0x0000bfe5) c.j     pc - 8
core   0: 3 0x8000b71a (0xbfe5)
core   0: 0x8000b712 (0x00001f17) auipc   t5, 0x1
core   0: 3 0x8000b712 (0x00001f17) x30 0x8000c712
core   0: 0x8000b716 (0x8e3f2723) sw      gp, -1810(t5)
core   0: 3 0x8000b716 (0x8e3f2723) mem 0x8000c000 0x00000001
core   0: 0x8000b71a (0x0000bfe5) c.j     pc - 8
core   0: 3 0x8000b71a (0xbfe5)
core   0: 0x8000b712 (0x00001f17) auipc   t5, 0x1
core   0: 3 0x8000b712 (0x00001f17) x30 0x8000c712
core   0: 0x8000b716 (0x8e3f2723) sw      gp, -1810(t5)
core   0: 3 0x8000b716 (0x8e3f2723) mem 0x8000c000 0x00000001
core   0: 0x8000b71a (0x0000bfe5) c.j     pc - 8
core   0: 3 0x8000b71a (0xbfe5)
core   0: 0x8000b712 (0x00001f17) auipc   t5, 0x1
core   0: 3 0x8000b712 (0x00001f17) x30 0x8000c712
core   0: 0x8000b716 (0x8e3f2723) sw      gp, -1810(t5)
core   0: 3 0x8000b716 (0x8e3f2723) mem 0x8000c000 0x00000001
core   0: 0x8000b71a (0x0000bfe5) c.j     pc - 8
core   0: 3 0x8000b71a (0xbfe5)
core   0: 0x8000b712 (0x00001f17) auipc   t5, 0x1
core   0: 3 0x8000b712 (0x00001f17) x30 0x8000c712
core   0: 0x8000b716 (0x8e3f2723) sw      gp, -1810(t5)
core   0: 3 0x8000b716 (0x8e3f2723) mem 0x8000c000 0x00000001
core   0: 0x8000b71a (0x0000bfe5) c.j     pc - 8
core   0: 3 0x8000b71a (0xbfe5)
core   0: 0x8000b712 (0x00001f17) auipc   t5, 0x1
core   0: 3 0x8000b712 (0x00001f17) x30 0x8000c712
core   0: 0x8000b716 (0x8e3f2723) sw      gp, -1810(t5)
core   0: 3 0x8000b716 (0x8e3f2723) mem 0x8000c000 0x00000001
core   0: 0x8000b71a (0x0000bfe5) c.j     pc - 8
core   0: 3 0x8000b71a (0xbfe5)
core   0: 0x8000b712 (0x00001f17) auipc   t5, 0x1
core   0: 3 0x8000b712 (0x00001f17) x30 0x8000c712
core   0: 0x8000b716 (0x8e3f2723) sw      gp, -1810(t5)
core   0: 3 0x8000b716 (0x8e3f2723) mem 0x8000c000 0x00000001
core   0: 0x8000b71a (0x0000bfe5) c.j     pc - 8
core   0: 3 0x8000b71a (0xbfe5)
core   0: 0x8000b712 (0x00001f17) auipc   t5, 0x1
core   0: 3 0x8000b712 (0x00001f17) x30 0x8000c712
core   0: 0x8000b716 (0x8e3f2723) sw      gp, -1810(t5)
core   0: 3 0x8000b716 (0x8e3f2723) mem 0x8000c000 0x00000001
core   0: 0x8000b71a (0x0000bfe5) c.j     pc - 8
core   0: 3 0x8000b71a (0xbfe5)
core   0: 0x8000b712 (0x00001f17) auipc   t5, 0x1
core   0: 3 0x8000b712 (0x00001f17) x30 0x8000c712
core   0: 0x8000b716 (0x8e3f2723) sw      gp, -1810(t5)
core   0: 3 0x8000b716 (0x8e3f2723) mem 0x8000c000 0x00000001
core   0: 0x8000b71a (0x0000bfe5) c.j     pc - 8
core   0: 3 0x8000b71a (0xbfe5)
core   0: 0x8000b712 (0x00001f17) auipc   t5, 0x1
core   0: 3 0x8000b712 (0x00001f17) x30 0x8000c712
core   0: 0x8000b716 (0x8e3f2723) sw      gp, -1810(t5)
core   0: 3 0x8000b716 (0x8e3f2723) mem 0x8000c000 0x00000001
core   0: 0x8000b71a (0x0000bfe5) c.j     pc - 8
core   0: 3 0x8000b71a (0xbfe5)
core   0: 0x8000b712 (0x00001f17) auipc   t5, 0x1
core   0: 3 0x8000b712 (0x00001f17) x30 0x8000c712
core   0: 0x8000b716 (0x8e3f2723) sw      gp, -1810(t5)
core   0: 3 0x8000b716 (0x8e3f2723) mem 0x8000c000 0x00000001
core   0: 0x8000b71a (0x0000bfe5) c.j     pc - 8
core   0: 3 0x8000b71a (0xbfe5)
core   0: 0x8000b712 (0x00001f17) auipc   t5, 0x1
core   0: 3 0x8000b712 (0x00001f17) x30 0x8000c712
core   0: 0x8000b716 (0x8e3f2723) sw      gp, -1810(t5)
core   0: 3 0x8000b716 (0x8e3f2723) mem 0x8000c000 0x00000001
core   0: 0x8000b71a (0x0000bfe5) c.j     pc - 8
core   0: 3 0x8000b71a (0xbfe5)
core   0: 0x8000b712 (0x00001f17) auipc   t5, 0x1
core   0: 3 0x8000b712 (0x00001f17) x30 0x8000c712
core   0: 0x8000b716 (0x8e3f2723) sw      gp, -1810(t5)
core   0: 3 0x8000b716 (0x8e3f2723) mem 0x8000c000 0x00000001
core   0: 0x8000b71a (0x0000bfe5) c.j     pc - 8
core   0: 3 0x8000b71a (0xbfe5)
core   0: 0x8000b712 (0x00001f17) auipc   t5, 0x1
core   0: 3 0x8000b712 (0x00001f17) x30 0x8000c712
core   0: 0x8000b716 (0x8e3f2723) sw      gp, -1810(t5)
core   0: 3 0x8000b716 (0x8e3f2723) mem 0x8000c000 0x00000001
core   0: 0x8000b71a (0x0000bfe5) c.j     pc - 8
core   0: 3 0x8000b71a (0xbfe5)
core   0: 0x8000b712 (0x00001f17) auipc   t5, 0x1
core   0: 3 0x8000b712 (0x00001f17) x30 0x8000c712
core   0: 0x8000b716 (0x8e3f2723) sw      gp, -1810(t5)
core   0: 3 0x8000b716 (0x8e3f2723) mem 0x8000c000 0x00000001
core   0: 0x8000b71a (0x0000bfe5) c.j     pc - 8
core   0: 3 0x8000b71a (0xbfe5)
core   0: 0x8000b712 (0x00001f17) auipc   t5, 0x1
core   0: 3 0x8000b712 (0x00001f17) x30 0x8000c712
core   0: 0x8000b716 (0x8e3f2723) sw      gp, -1810(t5)
core   0: 3 0x8000b716 (0x8e3f2723) mem 0x8000c000 0x00000001
core   0: 0x8000b71a (0x0000bfe5) c.j     pc - 8
core   0: 3 0x8000b71a (0xbfe5)
core   0: 0x8000b712 (0x00001f17) auipc   t5, 0x1
core   0: 3 0x8000b712 (0x00001f17) x30 0x8000c712
core   0: 0x8000b716 (0x8e3f2723) sw      gp, -1810(t5)
core   0: 3 0x8000b716 (0x8e3f2723) mem 0x8000c000 0x00000001
core   0: 0x8000b71a (0x0000bfe5) c.j     pc - 8
core   0: 3 0x8000b71a (0xbfe5)
core   0: 0x8000b712 (0x00001f17) auipc   t5, 0x1
core   0: 3 0x8000b712 (0x00001f17) x30 0x8000c712
core   0: 0x8000b716 (0x8e3f2723) sw      gp, -1810(t5)
core   0: 3 0x8000b716 (0x8e3f2723) mem 0x8000c000 0x00000001
core   0: 0x8000b71a (0x0000bfe5) c.j     pc - 8
core   0: 3 0x8000b71a (0xbfe5)
core   0: 0x8000b712 (0x00001f17) auipc   t5, 0x1
core   0: 3 0x8000b712 (0x00001f17) x30 0x8000c712
core   0: 0x8000b716 (0x8e3f2723) sw      gp, -1810(t5)
core   0: 3 0x8000b716 (0x8e3f2723) mem 0x8000c000 0x00000001
core   0: 0x8000b71a (0x0000bfe5) c.j     pc - 8
core   0: 3 0x8000b71a (0xbfe5)
core   0: 0x8000b712 (0x00001f17) auipc   t5, 0x1
core   0: 3 0x8000b712 (0x00001f17) x30 0x8000c712
core   0: 0x8000b716 (0x8e3f2723) sw      gp, -1810(t5)
core   0: 3 0x8000b716 (0x8e3f2723) mem 0x8000c000 0x00000001
core   0: 0x8000b71a (0x0000bfe5) c.j     pc - 8
core   0: 3 0x8000b71a (0xbfe5)
core   0: 0x8000b712 (0x00001f17) auipc   t5, 0x1
core   0: 3 0x8000b712 (0x00001f17) x30 0x8000c712
core   0: 0x8000b716 (0x8e3f2723) sw      gp, -1810(t5)
core   0: 3 0x8000b716 (0x8e3f2723) mem 0x8000c000 0x00000001
core   0: 0x8000b71a (0x0000bfe5) c.j     pc - 8
core   0: 3 0x8000b71a (0xbfe5)
core   0: 0x8000b712 (0x00001f17) auipc   t5, 0x1
core   0: 3 0x8000b712 (0x00001f17) x30 0x8000c712
core   0: 0x8000b716 (0x8e3f2723) sw      gp, -1810(t5)
core   0: 3 0x8000b716 (0x8e3f2723) mem 0x8000c000 0x00000001
core   0: 0x8000b71a (0x0000bfe5) c.j     pc - 8
core   0: 3 0x8000b71a (0xbfe5)
core   0: 0x8000b712 (0x00001f17) auipc   t5, 0x1
core   0: 3 0x8000b712 (0x00001f17) x30 0x8000c712
core   0: 0x8000b716 (0x8e3f2723) sw      gp, -1810(t5)
core   0: 3 0x8000b716 (0x8e3f2723) mem 0x8000c000 0x00000001
core   0: 0x8000b71a (0x0000bfe5) c.j     pc - 8
core   0: 3 0x8000b71a (0xbfe5)
core   0: 0x8000b712 (0x00001f17) auipc   t5, 0x1
core   0: 3 0x8000b712 (0x00001f17) x30 0x8000c712
core   0: 0x8000b716 (0x8e3f2723) sw      gp, -1810(t5)
core   0: 3 0x8000b716 (0x8e3f2723) mem 0x8000c000 0x00000001
core   0: 0x8000b71a (0x0000bfe5) c.j     pc - 8
core   0: 3 0x8000b71a (0xbfe5)
core   0: 0x8000b712 (0x00001f17) auipc   t5, 0x1
core   0: 3 0x8000b712 (0x00001f17) x30 0x8000c712
core   0: 0x8000b716 (0x8e3f2723) sw      gp, -1810(t5)
core   0: 3 0x8000b716 (0x8e3f2723) mem 0x8000c000 0x00000001
core   0: 0x8000b71a (0x0000bfe5) c.j     pc - 8
core   0: 3 0x8000b71a (0xbfe5)
core   0: 0x8000b712 (0x00001f17) auipc   t5, 0x1
core   0: 3 0x8000b712 (0x00001f17) x30 0x8000c712
core   0: 0x8000b716 (0x8e3f2723) sw      gp, -1810(t5)
core   0: 3 0x8000b716 (0x8e3f2723) mem 0x8000c000 0x00000001
core   0: 0x8000b71a (0x0000bfe5) c.j     pc - 8
core   0: 3 0x8000b71a (0xbfe5)
core   0: 0x8000b712 (0x00001f17) auipc   t5, 0x1
core   0: 3 0x8000b712 (0x00001f17) x30 0x8000c712
core   0: 0x8000b716 (0x8e3f2723) sw      gp, -1810(t5)
core   0: 3 0x8000b716 (0x8e3f2723) mem 0x8000c000 0x00000001
core   0: 0x8000b71a (0x0000bfe5) c.j     pc - 8
core   0: 3 0x8000b71a (0xbfe5)
core   0: 0x8000b712 (0x00001f17) auipc   t5, 0x1
core   0: 3 0x8000b712 (0x00001f17) x30 0x8000c712
core   0: 0x8000b716 (0x8e3f2723) sw      gp, -1810(t5)
core   0: 3 0x8000b716 (0x8e3f2723) mem 0x8000c000 0x00000001
core   0: 0x8000b71a (0x0000bfe5) c.j     pc - 8
core   0: 3 0x8000b71a (0xbfe5)
core   0: 0x8000b712 (0x00001f17) auipc   t5, 0x1
core   0: 3 0x8000b712 (0x00001f17) x30 0x8000c712
core   0: 0x8000b716 (0x8e3f2723) sw      gp, -1810(t5)
core   0: 3 0x8000b716 (0x8e3f2723) mem 0x8000c000 0x00000001
core   0: 0x8000b71a (0x0000bfe5) c.j     pc - 8
core   0: 3 0x8000b71a (0xbfe5)
core   0: 0x8000b712 (0x00001f17) auipc   t5, 0x1
core   0: 3 0x8000b712 (0x00001f17) x30 0x8000c712
core   0: 0x8000b716 (0x8e3f2723) sw      gp, -1810(t5)
core   0: 3 0x8000b716 (0x8e3f2723) mem 0x8000c000 0x00000001
core   0: 0x8000b71a (0x0000bfe5) c.j     pc - 8
core   0: 3 0x8000b71a (0xbfe5)
core   0: 0x8000b712 (0x00001f17) auipc   t5, 0x1
core   0: 3 0x8000b712 (0x00001f17) x30 0x8000c712
core   0: 0x8000b716 (0x8e3f2723) sw      gp, -1810(t5)
core   0: 3 0x8000b716 (0x8e3f2723) mem 0x8000c000 0x00000001
core   0: 0x8000b71a (0x0000bfe5) c.j     pc - 8
core   0: 3 0x8000b71a (0xbfe5)
core   0: 0x8000b712 (0x00001f17) auipc   t5, 0x1
core   0: 3 0x8000b712 (0x00001f17) x30 0x8000c712
core   0: 0x8000b716 (0x8e3f2723) sw      gp, -1810(t5)
core   0: 3 0x8000b716 (0x8e3f2723) mem 0x8000c000 0x00000001
core   0: 0x8000b71a (0x0000bfe5) c.j     pc - 8
core   0: 3 0x8000b71a (0xbfe5)
core   0: 0x8000b712 (0x00001f17) auipc   t5, 0x1
core   0: 3 0x8000b712 (0x00001f17) x30 0x8000c712
core   0: 0x8000b716 (0x8e3f2723) sw      gp, -1810(t5)
core   0: 3 0x8000b716 (0x8e3f2723) mem 0x8000c000 0x00000001
core   0: 0x8000b71a (0x0000bfe5) c.j     pc - 8
core   0: 3 0x8000b71a (0xbfe5)
core   0: 0x8000b712 (0x00001f17) auipc   t5, 0x1
core   0: 3 0x8000b712 (0x00001f17) x30 0x8000c712
core   0: 0x8000b716 (0x8e3f2723) sw      gp, -1810(t5)
core   0: 3 0x8000b716 (0x8e3f2723) mem 0x8000c000 0x00000001
core   0: 0x8000b71a (0x0000bfe5) c.j     pc - 8
core   0: 3 0x8000b71a (0xbfe5)
core   0: 0x8000b712 (0x00001f17) auipc   t5, 0x1
core   0: 3 0x8000b712 (0x00001f17) x30 0x8000c712
core   0: 0x8000b716 (0x8e3f2723) sw      gp, -1810(t5)
core   0: 3 0x8000b716 (0x8e3f2723) mem 0x8000c000 0x00000001
core   0: 0x8000b71a (0x0000bfe5) c.j     pc - 8
core   0: 3 0x8000b71a (0xbfe5)
core   0: 0x8000b712 (0x00001f17) auipc   t5, 0x1
core   0: 3 0x8000b712 (0x00001f17) x30 0x8000c712
core   0: 0x8000b716 (0x8e3f2723) sw      gp, -1810(t5)
core   0: 3 0x8000b716 (0x8e3f2723) mem 0x8000c000 0x00000001
core   0: 0x8000b71a (0x0000bfe5) c.j     pc - 8
core   0: 3 0x8000b71a (0xbfe5)
core   0: 0x8000b712 (0x00001f17) auipc   t5, 0x1
core   0: 3 0x8000b712 (0x00001f17) x30 0x8000c712
core   0: 0x8000b716 (0x8e3f2723) sw      gp, -1810(t5)
core   0: 3 0x8000b716 (0x8e3f2723) mem 0x8000c000 0x00000001
core   0: 0x8000b71a (0x0000bfe5) c.j     pc - 8
core   0: 3 0x8000b71a (0xbfe5)
core   0: 0x8000b712 (0x00001f17) auipc   t5, 0x1
core   0: 3 0x8000b712 (0x00001f17) x30 0x8000c712
core   0: 0x8000b716 (0x8e3f2723) sw      gp, -1810(t5)
core   0: 3 0x8000b716 (0x8e3f2723) mem 0x8000c000 0x00000001
core   0: 0x8000b71a (0x0000bfe5) c.j     pc - 8
core   0: 3 0x8000b71a (0xbfe5)
core   0: 0x8000b712 (0x00001f17) auipc   t5, 0x1
core   0: 3 0x8000b712 (0x00001f17) x30 0x8000c712
core   0: 0x8000b716 (0x8e3f2723) sw      gp, -1810(t5)
core   0: 3 0x8000b716 (0x8e3f2723) mem 0x8000c000 0x00000001
core   0: 0x8000b71a (0x0000bfe5) c.j     pc - 8
core   0: 3 0x8000b71a (0xbfe5)
core   0: 0x8000b712 (0x00001f17) auipc   t5, 0x1
core   0: 3 0x8000b712 (0x00001f17) x30 0x8000c712
core   0: 0x8000b716 (0x8e3f2723) sw      gp, -1810(t5)
core   0: 3 0x8000b716 (0x8e3f2723) mem 0x8000c000 0x00000001
core   0: 0x8000b71a (0x0000bfe5) c.j     pc - 8
core   0: 3 0x8000b71a (0xbfe5)
core   0: 0x8000b712 (0x00001f17) auipc   t5, 0x1
core   0: 3 0x8000b712 (0x00001f17) x30 0x8000c712
core   0: 0x8000b716 (0x8e3f2723) sw      gp, -1810(t5)
core   0: 3 0x8000b716 (0x8e3f2723) mem 0x8000c000 0x00000001
core   0: 0x8000b71a (0x0000bfe5) c.j     pc - 8
core   0: 3 0x8000b71a (0xbfe5)
core   0: 0x8000b712 (0x00001f17) auipc   t5, 0x1
core   0: 3 0x8000b712 (0x00001f17) x30 0x8000c712
core   0: 0x8000b716 (0x8e3f2723) sw      gp, -1810(t5)
core   0: 3 0x8000b716 (0x8e3f2723) mem 0x8000c000 0x00000001
core   0: 0x8000b71a (0x0000bfe5) c.j     pc - 8
core   0: 3 0x8000b71a (0xbfe5)
core   0: 0x8000b712 (0x00001f17) auipc   t5, 0x1
core   0: 3 0x8000b712 (0x00001f17) x30 0x8000c712
core   0: 0x8000b716 (0x8e3f2723) sw      gp, -1810(t5)
core   0: 3 0x8000b716 (0x8e3f2723) mem 0x8000c000 0x00000001
core   0: 0x8000b71a (0x0000bfe5) c.j     pc - 8
core   0: 3 0x8000b71a (0xbfe5)
core   0: 0x8000b712 (0x00001f17) auipc   t5, 0x1
core   0: 3 0x8000b712 (0x00001f17) x30 0x8000c712
core   0: 0x8000b716 (0x8e3f2723) sw      gp, -1810(t5)
core   0: 3 0x8000b716 (0x8e3f2723) mem 0x8000c000 0x00000001
core   0: 0x8000b71a (0x0000bfe5) c.j     pc - 8
core   0: 3 0x8000b71a (0xbfe5)
core   0: 0x8000b712 (0x00001f17) auipc   t5, 0x1
core   0: 3 0x8000b712 (0x00001f17) x30 0x8000c712
core   0: 0x8000b716 (0x8e3f2723) sw      gp, -1810(t5)
core   0: 3 0x8000b716 (0x8e3f2723) mem 0x8000c000 0x00000001
core   0: 0x8000b71a (0x0000bfe5) c.j     pc - 8
core   0: 3 0x8000b71a (0xbfe5)
core   0: 0x8000b712 (0x00001f17) auipc   t5, 0x1
core   0: 3 0x8000b712 (0x00001f17) x30 0x8000c712
core   0: 0x8000b716 (0x8e3f2723) sw      gp, -1810(t5)
core   0: 3 0x8000b716 (0x8e3f2723) mem 0x8000c000 0x00000001
core   0: 0x8000b71a (0x0000bfe5) c.j     pc - 8
core   0: 3 0x8000b71a (0xbfe5)
core   0: 0x8000b712 (0x00001f17) auipc   t5, 0x1
core   0: 3 0x8000b712 (0x00001f17) x30 0x8000c712
core   0: 0x8000b716 (0x8e3f2723) sw      gp, -1810(t5)
core   0: 3 0x8000b716 (0x8e3f2723) mem 0x8000c000 0x00000001
core   0: 0x8000b71a (0x0000bfe5) c.j     pc - 8
core   0: 3 0x8000b71a (0xbfe5)
core   0: 0x8000b712 (0x00001f17) auipc   t5, 0x1
core   0: 3 0x8000b712 (0x00001f17) x30 0x8000c712
core   0: 0x8000b716 (0x8e3f2723) sw      gp, -1810(t5)
core   0: 3 0x8000b716 (0x8e3f2723) mem 0x8000c000 0x00000001
core   0: 0x8000b71a (0x0000bfe5) c.j     pc - 8
core   0: 3 0x8000b71a (0xbfe5)
core   0: 0x8000b712 (0x00001f17) auipc   t5, 0x1
core   0: 3 0x8000b712 (0x00001f17) x30 0x8000c712
core   0: 0x8000b716 (0x8e3f2723) sw      gp, -1810(t5)
core   0: 3 0x8000b716 (0x8e3f2723) mem 0x8000c000 0x00000001
core   0: 0x8000b71a (0x0000bfe5) c.j     pc - 8
core   0: 3 0x8000b71a (0xbfe5)
core   0: 0x8000b712 (0x00001f17) auipc   t5, 0x1
core   0: 3 0x8000b712 (0x00001f17) x30 0x8000c712
core   0: 0x8000b716 (0x8e3f2723) sw      gp, -1810(t5)
core   0: 3 0x8000b716 (0x8e3f2723) mem 0x8000c000 0x00000001
core   0: 0x8000b71a (0x0000bfe5) c.j     pc - 8
core   0: 3 0x8000b71a (0xbfe5)
core   0: 0x8000b712 (0x00001f17) auipc   t5, 0x1
core   0: 3 0x8000b712 (0x00001f17) x30 0x8000c712
core   0: 0x8000b716 (0x8e3f2723) sw      gp, -1810(t5)
core   0: 3 0x8000b716 (0x8e3f2723) mem 0x8000c000 0x00000001
core   0: 0x8000b71a (0x0000bfe5) c.j     pc - 8
core   0: 3 0x8000b71a (0xbfe5)
core   0: 0x8000b712 (0x00001f17) auipc   t5, 0x1
core   0: 3 0x8000b712 (0x00001f17) x30 0x8000c712
core   0: 0x8000b716 (0x8e3f2723) sw      gp, -1810(t5)
core   0: 3 0x8000b716 (0x8e3f2723) mem 0x8000c000 0x00000001
core   0: 0x8000b71a (0x0000bfe5) c.j     pc - 8
core   0: 3 0x8000b71a (0xbfe5)
core   0: 0x8000b712 (0x00001f17) auipc   t5, 0x1
core   0: 3 0x8000b712 (0x00001f17) x30 0x8000c712
core   0: 0x8000b716 (0x8e3f2723) sw      gp, -1810(t5)
core   0: 3 0x8000b716 (0x8e3f2723) mem 0x8000c000 0x00000001
core   0: 0x8000b71a (0x0000bfe5) c.j     pc - 8
core   0: 3 0x8000b71a (0xbfe5)
core   0: 0x8000b712 (0x00001f17) auipc   t5, 0x1
core   0: 3 0x8000b712 (0x00001f17) x30 0x8000c712
core   0: 0x8000b716 (0x8e3f2723) sw      gp, -1810(t5)
core   0: 3 0x8000b716 (0x8e3f2723) mem 0x8000c000 0x00000001
core   0: 0x8000b71a (0x0000bfe5) c.j     pc - 8
core   0: 3 0x8000b71a (0xbfe5)
core   0: 0x8000b712 (0x00001f17) auipc   t5, 0x1
core   0: 3 0x8000b712 (0x00001f17) x30 0x8000c712
core   0: 0x8000b716 (0x8e3f2723) sw      gp, -1810(t5)
core   0: 3 0x8000b716 (0x8e3f2723) mem 0x8000c000 0x00000001
core   0: 0x8000b71a (0x0000bfe5) c.j     pc - 8
core   0: 3 0x8000b71a (0xbfe5)
core   0: 0x8000b712 (0x00001f17) auipc   t5, 0x1
core   0: 3 0x8000b712 (0x00001f17) x30 0x8000c712
core   0: 0x8000b716 (0x8e3f2723) sw      gp, -1810(t5)
core   0: 3 0x8000b716 (0x8e3f2723) mem 0x8000c000 0x00000001
core   0: 0x8000b71a (0x0000bfe5) c.j     pc - 8
core   0: 3 0x8000b71a (0xbfe5)
core   0: 0x8000b712 (0x00001f17) auipc   t5, 0x1
core   0: 3 0x8000b712 (0x00001f17) x30 0x8000c712
core   0: 0x8000b716 (0x8e3f2723) sw      gp, -1810(t5)
core   0: 3 0x8000b716 (0x8e3f2723) mem 0x8000c000 0x00000001
core   0: 0x8000b71a (0x0000bfe5) c.j     pc - 8
core   0: 3 0x8000b71a (0xbfe5)
core   0: 0x8000b712 (0x00001f17) auipc   t5, 0x1
core   0: 3 0x8000b712 (0x00001f17) x30 0x8000c712
core   0: 0x8000b716 (0x8e3f2723) sw      gp, -1810(t5)
core   0: 3 0x8000b716 (0x8e3f2723) mem 0x8000c000 0x00000001
core   0: 0x8000b71a (0x0000bfe5) c.j     pc - 8
core   0: 3 0x8000b71a (0xbfe5)
core   0: 0x8000b712 (0x00001f17) auipc   t5, 0x1
core   0: 3 0x8000b712 (0x00001f17) x30 0x8000c712
core   0: 0x8000b716 (0x8e3f2723) sw      gp, -1810(t5)
core   0: 3 0x8000b716 (0x8e3f2723) mem 0x8000c000 0x00000001
core   0: 0x8000b71a (0x0000bfe5) c.j     pc - 8
core   0: 3 0x8000b71a (0xbfe5)
core   0: 0x8000b712 (0x00001f17) auipc   t5, 0x1
core   0: 3 0x8000b712 (0x00001f17) x30 0x8000c712
core   0: 0x8000b716 (0x8e3f2723) sw      gp, -1810(t5)
core   0: 3 0x8000b716 (0x8e3f2723) mem 0x8000c000 0x00000001
core   0: 0x8000b71a (0x0000bfe5) c.j     pc - 8
core   0: 3 0x8000b71a (0xbfe5)
core   0: 0x8000b712 (0x00001f17) auipc   t5, 0x1
core   0: 3 0x8000b712 (0x00001f17) x30 0x8000c712
core   0: 0x8000b716 (0x8e3f2723) sw      gp, -1810(t5)
core   0: 3 0x8000b716 (0x8e3f2723) mem 0x8000c000 0x00000001
core   0: 0x8000b71a (0x0000bfe5) c.j     pc - 8
core   0: 3 0x8000b71a (0xbfe5)
core   0: 0x8000b712 (0x00001f17) auipc   t5, 0x1
core   0: 3 0x8000b712 (0x00001f17) x30 0x8000c712
core   0: 0x8000b716 (0x8e3f2723) sw      gp, -1810(t5)
core   0: 3 0x8000b716 (0x8e3f2723) mem 0x8000c000 0x00000001
core   0: 0x8000b71a (0x0000bfe5) c.j     pc - 8
core   0: 3 0x8000b71a (0xbfe5)
core   0: 0x8000b712 (0x00001f17) auipc   t5, 0x1
core   0: 3 0x8000b712 (0x00001f17) x30 0x8000c712
core   0: 0x8000b716 (0x8e3f2723) sw      gp, -1810(t5)
core   0: 3 0x8000b716 (0x8e3f2723) mem 0x8000c000 0x00000001
core   0: 0x8000b71a (0x0000bfe5) c.j     pc - 8
core   0: 3 0x8000b71a (0xbfe5)
core   0: 0x8000b712 (0x00001f17) auipc   t5, 0x1
core   0: 3 0x8000b712 (0x00001f17) x30 0x8000c712
core   0: 0x8000b716 (0x8e3f2723) sw      gp, -1810(t5)
core   0: 3 0x8000b716 (0x8e3f2723) mem 0x8000c000 0x00000001
core   0: 0x8000b71a (0x0000bfe5) c.j     pc - 8
core   0: 3 0x8000b71a (0xbfe5)
core   0: 0x8000b712 (0x00001f17) auipc   t5, 0x1
core   0: 3 0x8000b712 (0x00001f17) x30 0x8000c712
core   0: 0x8000b716 (0x8e3f2723) sw      gp, -1810(t5)
core   0: 3 0x8000b716 (0x8e3f2723) mem 0x8000c000 0x00000001
core   0: 0x8000b71a (0x0000bfe5) c.j     pc - 8
core   0: 3 0x8000b71a (0xbfe5)
core   0: 0x8000b712 (0x00001f17) auipc   t5, 0x1
core   0: 3 0x8000b712 (0x00001f17) x30 0x8000c712
core   0: 0x8000b716 (0x8e3f2723) sw      gp, -1810(t5)
core   0: 3 0x8000b716 (0x8e3f2723) mem 0x8000c000 0x00000001
core   0: 0x8000b71a (0x0000bfe5) c.j     pc - 8
core   0: 3 0x8000b71a (0xbfe5)
core   0: 0x8000b712 (0x00001f17) auipc   t5, 0x1
core   0: 3 0x8000b712 (0x00001f17) x30 0x8000c712
core   0: 0x8000b716 (0x8e3f2723) sw      gp, -1810(t5)
core   0: 3 0x8000b716 (0x8e3f2723) mem 0x8000c000 0x00000001
core   0: 0x8000b71a (0x0000bfe5) c.j     pc - 8
core   0: 3 0x8000b71a (0xbfe5)
core   0: 0x8000b712 (0x00001f17) auipc   t5, 0x1
core   0: 3 0x8000b712 (0x00001f17) x30 0x8000c712
core   0: 0x8000b716 (0x8e3f2723) sw      gp, -1810(t5)
core   0: 3 0x8000b716 (0x8e3f2723) mem 0x8000c000 0x00000001
core   0: 0x8000b71a (0x0000bfe5) c.j     pc - 8
core   0: 3 0x8000b71a (0xbfe5)
core   0: 0x8000b712 (0x00001f17) auipc   t5, 0x1
core   0: 3 0x8000b712 (0x00001f17) x30 0x8000c712
core   0: 0x8000b716 (0x8e3f2723) sw      gp, -1810(t5)
core   0: 3 0x8000b716 (0x8e3f2723) mem 0x8000c000 0x00000001
core   0: 0x8000b71a (0x0000bfe5) c.j     pc - 8
core   0: 3 0x8000b71a (0xbfe5)
core   0: 0x8000b712 (0x00001f17) auipc   t5, 0x1
core   0: 3 0x8000b712 (0x00001f17) x30 0x8000c712
core   0: 0x8000b716 (0x8e3f2723) sw      gp, -1810(t5)
core   0: 3 0x8000b716 (0x8e3f2723) mem 0x8000c000 0x00000001
core   0: 0x8000b71a (0x0000bfe5) c.j     pc - 8
core   0: 3 0x8000b71a (0xbfe5)
core   0: 0x8000b712 (0x00001f17) auipc   t5, 0x1
core   0: 3 0x8000b712 (0x00001f17) x30 0x8000c712
core   0: 0x8000b716 (0x8e3f2723) sw      gp, -1810(t5)
core   0: 3 0x8000b716 (0x8e3f2723) mem 0x8000c000 0x00000001
core   0: 0x8000b71a (0x0000bfe5) c.j     pc - 8
core   0: 3 0x8000b71a (0xbfe5)
core   0: 0x8000b712 (0x00001f17) auipc   t5, 0x1
core   0: 3 0x8000b712 (0x00001f17) x30 0x8000c712
core   0: 0x8000b716 (0x8e3f2723) sw      gp, -1810(t5)
core   0: 3 0x8000b716 (0x8e3f2723) mem 0x8000c000 0x00000001
core   0: 0x8000b71a (0x0000bfe5) c.j     pc - 8
core   0: 3 0x8000b71a (0xbfe5)
core   0: 0x8000b712 (0x00001f17) auipc   t5, 0x1
core   0: 3 0x8000b712 (0x00001f17) x30 0x8000c712
core   0: 0x8000b716 (0x8e3f2723) sw      gp, -1810(t5)
core   0: 3 0x8000b716 (0x8e3f2723) mem 0x8000c000 0x00000001
core   0: 0x8000b71a (0x0000bfe5) c.j     pc - 8
core   0: 3 0x8000b71a (0xbfe5)
core   0: 0x8000b712 (0x00001f17) auipc   t5, 0x1
core   0: 3 0x8000b712 (0x00001f17) x30 0x8000c712
core   0: 0x8000b716 (0x8e3f2723) sw      gp, -1810(t5)
core   0: 3 0x8000b716 (0x8e3f2723) mem 0x8000c000 0x00000001
core   0: 0x8000b71a (0x0000bfe5) c.j     pc - 8
core   0: 3 0x8000b71a (0xbfe5)
core   0: 0x8000b712 (0x00001f17) auipc   t5, 0x1
core   0: 3 0x8000b712 (0x00001f17) x30 0x8000c712
core   0: 0x8000b716 (0x8e3f2723) sw      gp, -1810(t5)
core   0: 3 0x8000b716 (0x8e3f2723) mem 0x8000c000 0x00000001
core   0: 0x8000b71a (0x0000bfe5) c.j     pc - 8
core   0: 3 0x8000b71a (0xbfe5)
core   0: 0x8000b712 (0x00001f17) auipc   t5, 0x1
core   0: 3 0x8000b712 (0x00001f17) x30 0x8000c712
core   0: 0x8000b716 (0x8e3f2723) sw      gp, -1810(t5)
core   0: 3 0x8000b716 (0x8e3f2723) mem 0x8000c000 0x00000001
core   0: 0x8000b71a (0x0000bfe5) c.j     pc - 8
core   0: 3 0x8000b71a (0xbfe5)
core   0: 0x8000b712 (0x00001f17) auipc   t5, 0x1
core   0: 3 0x8000b712 (0x00001f17) x30 0x8000c712
core   0: 0x8000b716 (0x8e3f2723) sw      gp, -1810(t5)
core   0: 3 0x8000b716 (0x8e3f2723) mem 0x8000c000 0x00000001
core   0: 0x8000b71a (0x0000bfe5) c.j     pc - 8
core   0: 3 0x8000b71a (0xbfe5)
core   0: 0x8000b712 (0x00001f17) auipc   t5, 0x1
core   0: 3 0x8000b712 (0x00001f17) x30 0x8000c712
core   0: 0x8000b716 (0x8e3f2723) sw      gp, -1810(t5)
core   0: 3 0x8000b716 (0x8e3f2723) mem 0x8000c000 0x00000001
core   0: 0x8000b71a (0x0000bfe5) c.j     pc - 8
core   0: 3 0x8000b71a (0xbfe5)
core   0: 0x8000b712 (0x00001f17) auipc   t5, 0x1
core   0: 3 0x8000b712 (0x00001f17) x30 0x8000c712
core   0: 0x8000b716 (0x8e3f2723) sw      gp, -1810(t5)
core   0: 3 0x8000b716 (0x8e3f2723) mem 0x8000c000 0x00000001
core   0: 0x8000b71a (0x0000bfe5) c.j     pc - 8
core   0: 3 0x8000b71a (0xbfe5)
core   0: 0x8000b712 (0x00001f17) auipc   t5, 0x1
core   0: 3 0x8000b712 (0x00001f17) x30 0x8000c712
core   0: 0x8000b716 (0x8e3f2723) sw      gp, -1810(t5)
core   0: 3 0x8000b716 (0x8e3f2723) mem 0x8000c000 0x00000001
core   0: 0x8000b71a (0x0000bfe5) c.j     pc - 8
core   0: 3 0x8000b71a (0xbfe5)
core   0: 0x8000b712 (0x00001f17) auipc   t5, 0x1
core   0: 3 0x8000b712 (0x00001f17) x30 0x8000c712
core   0: 0x8000b716 (0x8e3f2723) sw      gp, -1810(t5)
core   0: 3 0x8000b716 (0x8e3f2723) mem 0x8000c000 0x00000001
core   0: 0x8000b71a (0x0000bfe5) c.j     pc - 8
core   0: 3 0x8000b71a (0xbfe5)
core   0: 0x8000b712 (0x00001f17) auipc   t5, 0x1
core   0: 3 0x8000b712 (0x00001f17) x30 0x8000c712
core   0: 0x8000b716 (0x8e3f2723) sw      gp, -1810(t5)
core   0: 3 0x8000b716 (0x8e3f2723) mem 0x8000c000 0x00000001
core   0: 0x8000b71a (0x0000bfe5) c.j     pc - 8
core   0: 3 0x8000b71a (0xbfe5)
core   0: 0x8000b712 (0x00001f17) auipc   t5, 0x1
core   0: 3 0x8000b712 (0x00001f17) x30 0x8000c712
core   0: 0x8000b716 (0x8e3f2723) sw      gp, -1810(t5)
core   0: 3 0x8000b716 (0x8e3f2723) mem 0x8000c000 0x00000001
core   0: 0x8000b71a (0x0000bfe5) c.j     pc - 8
core   0: 3 0x8000b71a (0xbfe5)
core   0: 0x8000b712 (0x00001f17) auipc   t5, 0x1
core   0: 3 0x8000b712 (0x00001f17) x30 0x8000c712
core   0: 0x8000b716 (0x8e3f2723) sw      gp, -1810(t5)
core   0: 3 0x8000b716 (0x8e3f2723) mem 0x8000c000 0x00000001
core   0: 0x8000b71a (0x0000bfe5) c.j     pc - 8
core   0: 3 0x8000b71a (0xbfe5)
core   0: 0x8000b712 (0x00001f17) auipc   t5, 0x1
core   0: 3 0x8000b712 (0x00001f17) x30 0x8000c712
core   0: 0x8000b716 (0x8e3f2723) sw      gp, -1810(t5)
core   0: 3 0x8000b716 (0x8e3f2723) mem 0x8000c000 0x00000001
core   0: 0x8000b71a (0x0000bfe5) c.j     pc - 8
core   0: 3 0x8000b71a (0xbfe5)
core   0: 0x8000b712 (0x00001f17) auipc   t5, 0x1
core   0: 3 0x8000b712 (0x00001f17) x30 0x8000c712
core   0: 0x8000b716 (0x8e3f2723) sw      gp, -1810(t5)
core   0: 3 0x8000b716 (0x8e3f2723) mem 0x8000c000 0x00000001
core   0: 0x8000b71a (0x0000bfe5) c.j     pc - 8
core   0: 3 0x8000b71a (0xbfe5)
core   0: 0x8000b712 (0x00001f17) auipc   t5, 0x1
core   0: 3 0x8000b712 (0x00001f17) x30 0x8000c712
core   0: 0x8000b716 (0x8e3f2723) sw      gp, -1810(t5)
core   0: 3 0x8000b716 (0x8e3f2723) mem 0x8000c000 0x00000001
core   0: 0x8000b71a (0x0000bfe5) c.j     pc - 8
core   0: 3 0x8000b71a (0xbfe5)
core   0: 0x8000b712 (0x00001f17) auipc   t5, 0x1
core   0: 3 0x8000b712 (0x00001f17) x30 0x8000c712
core   0: 0x8000b716 (0x8e3f2723) sw      gp, -1810(t5)
core   0: 3 0x8000b716 (0x8e3f2723) mem 0x8000c000 0x00000001
core   0: 0x8000b71a (0x0000bfe5) c.j     pc - 8
core   0: 3 0x8000b71a (0xbfe5)
core   0: 0x8000b712 (0x00001f17) auipc   t5, 0x1
core   0: 3 0x8000b712 (0x00001f17) x30 0x8000c712
core   0: 0x8000b716 (0x8e3f2723) sw      gp, -1810(t5)
core   0: 3 0x8000b716 (0x8e3f2723) mem 0x8000c000 0x00000001
core   0: 0x8000b71a (0x0000bfe5) c.j     pc - 8
core   0: 3 0x8000b71a (0xbfe5)
core   0: 0x8000b712 (0x00001f17) auipc   t5, 0x1
core   0: 3 0x8000b712 (0x00001f17) x30 0x8000c712
core   0: 0x8000b716 (0x8e3f2723) sw      gp, -1810(t5)
core   0: 3 0x8000b716 (0x8e3f2723) mem 0x8000c000 0x00000001
core   0: 0x8000b71a (0x0000bfe5) c.j     pc - 8
core   0: 3 0x8000b71a (0xbfe5)
core   0: 0x8000b712 (0x00001f17) auipc   t5, 0x1
core   0: 3 0x8000b712 (0x00001f17) x30 0x8000c712
core   0: 0x8000b716 (0x8e3f2723) sw      gp, -1810(t5)
core   0: 3 0x8000b716 (0x8e3f2723) mem 0x8000c000 0x00000001
core   0: 0x8000b71a (0x0000bfe5) c.j     pc - 8
core   0: 3 0x8000b71a (0xbfe5)
core   0: 0x8000b712 (0x00001f17) auipc   t5, 0x1
core   0: 3 0x8000b712 (0x00001f17) x30 0x8000c712
core   0: 0x8000b716 (0x8e3f2723) sw      gp, -1810(t5)
core   0: 3 0x8000b716 (0x8e3f2723) mem 0x8000c000 0x00000001
core   0: 0x8000b71a (0x0000bfe5) c.j     pc - 8
core   0: 3 0x8000b71a (0xbfe5)
core   0: 0x8000b712 (0x00001f17) auipc   t5, 0x1
core   0: 3 0x8000b712 (0x00001f17) x30 0x8000c712
core   0: 0x8000b716 (0x8e3f2723) sw      gp, -1810(t5)
core   0: 3 0x8000b716 (0x8e3f2723) mem 0x8000c000 0x00000001
core   0: 0x8000b71a (0x0000bfe5) c.j     pc - 8
core   0: 3 0x8000b71a (0xbfe5)
core   0: 0x8000b712 (0x00001f17) auipc   t5, 0x1
core   0: 3 0x8000b712 (0x00001f17) x30 0x8000c712
core   0: 0x8000b716 (0x8e3f2723) sw      gp, -1810(t5)
core   0: 3 0x8000b716 (0x8e3f2723) mem 0x8000c000 0x00000001
core   0: 0x8000b71a (0x0000bfe5) c.j     pc - 8
core   0: 3 0x8000b71a (0xbfe5)
core   0: 0x8000b712 (0x00001f17) auipc   t5, 0x1
core   0: 3 0x8000b712 (0x00001f17) x30 0x8000c712
core   0: 0x8000b716 (0x8e3f2723) sw      gp, -1810(t5)
core   0: 3 0x8000b716 (0x8e3f2723) mem 0x8000c000 0x00000001
core   0: 0x8000b71a (0x0000bfe5) c.j     pc - 8
core   0: 3 0x8000b71a (0xbfe5)
core   0: 0x8000b712 (0x00001f17) auipc   t5, 0x1
core   0: 3 0x8000b712 (0x00001f17) x30 0x8000c712
core   0: 0x8000b716 (0x8e3f2723) sw      gp, -1810(t5)
core   0: 3 0x8000b716 (0x8e3f2723) mem 0x8000c000 0x00000001
core   0: 0x8000b71a (0x0000bfe5) c.j     pc - 8
core   0: 3 0x8000b71a (0xbfe5)
core   0: 0x8000b712 (0x00001f17) auipc   t5, 0x1
core   0: 3 0x8000b712 (0x00001f17) x30 0x8000c712
core   0: 0x8000b716 (0x8e3f2723) sw      gp, -1810(t5)
core   0: 3 0x8000b716 (0x8e3f2723) mem 0x8000c000 0x00000001
core   0: 0x8000b71a (0x0000bfe5) c.j     pc - 8
core   0: 3 0x8000b71a (0xbfe5)
core   0: 0x8000b712 (0x00001f17) auipc   t5, 0x1
core   0: 3 0x8000b712 (0x00001f17) x30 0x8000c712
core   0: 0x8000b716 (0x8e3f2723) sw      gp, -1810(t5)
core   0: 3 0x8000b716 (0x8e3f2723) mem 0x8000c000 0x00000001
core   0: 0x8000b71a (0x0000bfe5) c.j     pc - 8
core   0: 3 0x8000b71a (0xbfe5)
core   0: 0x8000b712 (0x00001f17) auipc   t5, 0x1
core   0: 3 0x8000b712 (0x00001f17) x30 0x8000c712
core   0: 0x8000b716 (0x8e3f2723) sw      gp, -1810(t5)
core   0: 3 0x8000b716 (0x8e3f2723) mem 0x8000c000 0x00000001
core   0: 0x8000b71a (0x0000bfe5) c.j     pc - 8
core   0: 3 0x8000b71a (0xbfe5)
core   0: 0x8000b712 (0x00001f17) auipc   t5, 0x1
core   0: 3 0x8000b712 (0x00001f17) x30 0x8000c712
core   0: 0x8000b716 (0x8e3f2723) sw      gp, -1810(t5)
core   0: 3 0x8000b716 (0x8e3f2723) mem 0x8000c000 0x00000001
core   0: 0x8000b71a (0x0000bfe5) c.j     pc - 8
core   0: 3 0x8000b71a (0xbfe5)
core   0: 0x8000b712 (0x00001f17) auipc   t5, 0x1
core   0: 3 0x8000b712 (0x00001f17) x30 0x8000c712
core   0: 0x8000b716 (0x8e3f2723) sw      gp, -1810(t5)
core   0: 3 0x8000b716 (0x8e3f2723) mem 0x8000c000 0x00000001
core   0: 0x8000b71a (0x0000bfe5) c.j     pc - 8
core   0: 3 0x8000b71a (0xbfe5)
core   0: 0x8000b712 (0x00001f17) auipc   t5, 0x1
core   0: 3 0x8000b712 (0x00001f17) x30 0x8000c712
core   0: 0x8000b716 (0x8e3f2723) sw      gp, -1810(t5)
core   0: 3 0x8000b716 (0x8e3f2723) mem 0x8000c000 0x00000001
core   0: 0x8000b71a (0x0000bfe5) c.j     pc - 8
core   0: 3 0x8000b71a (0xbfe5)
core   0: 0x8000b712 (0x00001f17) auipc   t5, 0x1
core   0: 3 0x8000b712 (0x00001f17) x30 0x8000c712
core   0: 0x8000b716 (0x8e3f2723) sw      gp, -1810(t5)
core   0: 3 0x8000b716 (0x8e3f2723) mem 0x8000c000 0x00000001
core   0: 0x8000b71a (0x0000bfe5) c.j     pc - 8
core   0: 3 0x8000b71a (0xbfe5)
core   0: 0x8000b712 (0x00001f17) auipc   t5, 0x1
core   0: 3 0x8000b712 (0x00001f17) x30 0x8000c712
core   0: 0x8000b716 (0x8e3f2723) sw      gp, -1810(t5)
core   0: 3 0x8000b716 (0x8e3f2723) mem 0x8000c000 0x00000001
core   0: 0x8000b71a (0x0000bfe5) c.j     pc - 8
core   0: 3 0x8000b71a (0xbfe5)
core   0: 0x8000b712 (0x00001f17) auipc   t5, 0x1
core   0: 3 0x8000b712 (0x00001f17) x30 0x8000c712
core   0: 0x8000b716 (0x8e3f2723) sw      gp, -1810(t5)
core   0: 3 0x8000b716 (0x8e3f2723) mem 0x8000c000 0x00000001
core   0: 0x8000b71a (0x0000bfe5) c.j     pc - 8
core   0: 3 0x8000b71a (0xbfe5)
core   0: 0x8000b712 (0x00001f17) auipc   t5, 0x1
core   0: 3 0x8000b712 (0x00001f17) x30 0x8000c712
core   0: 0x8000b716 (0x8e3f2723) sw      gp, -1810(t5)
core   0: 3 0x8000b716 (0x8e3f2723) mem 0x8000c000 0x00000001
core   0: 0x8000b71a (0x0000bfe5) c.j     pc - 8
core   0: 3 0x8000b71a (0xbfe5)
core   0: 0x8000b712 (0x00001f17) auipc   t5, 0x1
core   0: 3 0x8000b712 (0x00001f17) x30 0x8000c712
core   0: 0x8000b716 (0x8e3f2723) sw      gp, -1810(t5)
core   0: 3 0x8000b716 (0x8e3f2723) mem 0x8000c000 0x00000001
core   0: 0x8000b71a (0x0000bfe5) c.j     pc - 8
core   0: 3 0x8000b71a (0xbfe5)
core   0: 0x8000b712 (0x00001f17) auipc   t5, 0x1
core   0: 3 0x8000b712 (0x00001f17) x30 0x8000c712
core   0: 0x8000b716 (0x8e3f2723) sw      gp, -1810(t5)
core   0: 3 0x8000b716 (0x8e3f2723) mem 0x8000c000 0x00000001
core   0: 0x8000b71a (0x0000bfe5) c.j     pc - 8
core   0: 3 0x8000b71a (0xbfe5)
core   0: 0x8000b712 (0x00001f17) auipc   t5, 0x1
core   0: 3 0x8000b712 (0x00001f17) x30 0x8000c712
core   0: 0x8000b716 (0x8e3f2723) sw      gp, -1810(t5)
core   0: 3 0x8000b716 (0x8e3f2723) mem 0x8000c000 0x00000001
core   0: 0x8000b71a (0x0000bfe5) c.j     pc - 8
core   0: 3 0x8000b71a (0xbfe5)
core   0: 0x8000b712 (0x00001f17) auipc   t5, 0x1
core   0: 3 0x8000b712 (0x00001f17) x30 0x8000c712
core   0: 0x8000b716 (0x8e3f2723) sw      gp, -1810(t5)
core   0: 3 0x8000b716 (0x8e3f2723) mem 0x8000c000 0x00000001
core   0: 0x8000b71a (0x0000bfe5) c.j     pc - 8
core   0: 3 0x8000b71a (0xbfe5)
core   0: 0x8000b712 (0x00001f17) auipc   t5, 0x1
core   0: 3 0x8000b712 (0x00001f17) x30 0x8000c712
core   0: 0x8000b716 (0x8e3f2723) sw      gp, -1810(t5)
core   0: 3 0x8000b716 (0x8e3f2723) mem 0x8000c000 0x00000001
core   0: 0x8000b71a (0x0000bfe5) c.j     pc - 8
core   0: 3 0x8000b71a (0xbfe5)
core   0: 0x8000b712 (0x00001f17) auipc   t5, 0x1
core   0: 3 0x8000b712 (0x00001f17) x30 0x8000c712
core   0: 0x8000b716 (0x8e3f2723) sw      gp, -1810(t5)
core   0: 3 0x8000b716 (0x8e3f2723) mem 0x8000c000 0x00000001
core   0: 0x8000b71a (0x0000bfe5) c.j     pc - 8
core   0: 3 0x8000b71a (0xbfe5)
core   0: 0x8000b712 (0x00001f17) auipc   t5, 0x1
core   0: 3 0x8000b712 (0x00001f17) x30 0x8000c712
core   0: 0x8000b716 (0x8e3f2723) sw      gp, -1810(t5)
core   0: 3 0x8000b716 (0x8e3f2723) mem 0x8000c000 0x00000001
core   0: 0x8000b71a (0x0000bfe5) c.j     pc - 8
core   0: 3 0x8000b71a (0xbfe5)
core   0: 0x8000b712 (0x00001f17) auipc   t5, 0x1
core   0: 3 0x8000b712 (0x00001f17) x30 0x8000c712
core   0: 0x8000b716 (0x8e3f2723) sw      gp, -1810(t5)
core   0: 3 0x8000b716 (0x8e3f2723) mem 0x8000c000 0x00000001
core   0: 0x8000b71a (0x0000bfe5) c.j     pc - 8
core   0: 3 0x8000b71a (0xbfe5)
core   0: 0x8000b712 (0x00001f17) auipc   t5, 0x1
core   0: 3 0x8000b712 (0x00001f17) x30 0x8000c712
core   0: 0x8000b716 (0x8e3f2723) sw      gp, -1810(t5)
core   0: 3 0x8000b716 (0x8e3f2723) mem 0x8000c000 0x00000001
core   0: 0x8000b71a (0x0000bfe5) c.j     pc - 8
core   0: 3 0x8000b71a (0xbfe5)
core   0: 0x8000b712 (0x00001f17) auipc   t5, 0x1
core   0: 3 0x8000b712 (0x00001f17) x30 0x8000c712
core   0: 0x8000b716 (0x8e3f2723) sw      gp, -1810(t5)
core   0: 3 0x8000b716 (0x8e3f2723) mem 0x8000c000 0x00000001
core   0: 0x8000b71a (0x0000bfe5) c.j     pc - 8
core   0: 3 0x8000b71a (0xbfe5)
core   0: 0x8000b712 (0x00001f17) auipc   t5, 0x1
core   0: 3 0x8000b712 (0x00001f17) x30 0x8000c712
core   0: 0x8000b716 (0x8e3f2723) sw      gp, -1810(t5)
core   0: 3 0x8000b716 (0x8e3f2723) mem 0x8000c000 0x00000001
core   0: 0x8000b71a (0x0000bfe5) c.j     pc - 8
core   0: 3 0x8000b71a (0xbfe5)
core   0: 0x8000b712 (0x00001f17) auipc   t5, 0x1
core   0: 3 0x8000b712 (0x00001f17) x30 0x8000c712
core   0: 0x8000b716 (0x8e3f2723) sw      gp, -1810(t5)
core   0: 3 0x8000b716 (0x8e3f2723) mem 0x8000c000 0x00000001
core   0: 0x8000b71a (0x0000bfe5) c.j     pc - 8
core   0: 3 0x8000b71a (0xbfe5)
core   0: 0x8000b712 (0x00001f17) auipc   t5, 0x1
core   0: 3 0x8000b712 (0x00001f17) x30 0x8000c712
core   0: 0x8000b716 (0x8e3f2723) sw      gp, -1810(t5)
core   0: 3 0x8000b716 (0x8e3f2723) mem 0x8000c000 0x00000001
core   0: 0x8000b71a (0x0000bfe5) c.j     pc - 8
core   0: 3 0x8000b71a (0xbfe5)
core   0: 0x8000b712 (0x00001f17) auipc   t5, 0x1
core   0: 3 0x8000b712 (0x00001f17) x30 0x8000c712
core   0: 0x8000b716 (0x8e3f2723) sw      gp, -1810(t5)
core   0: 3 0x8000b716 (0x8e3f2723) mem 0x8000c000 0x00000001
core   0: 0x8000b71a (0x0000bfe5) c.j     pc - 8
core   0: 3 0x8000b71a (0xbfe5)
core   0: 0x8000b712 (0x00001f17) auipc   t5, 0x1
core   0: 3 0x8000b712 (0x00001f17) x30 0x8000c712
core   0: 0x8000b716 (0x8e3f2723) sw      gp, -1810(t5)
core   0: 3 0x8000b716 (0x8e3f2723) mem 0x8000c000 0x00000001
core   0: 0x8000b71a (0x0000bfe5) c.j     pc - 8
core   0: 3 0x8000b71a (0xbfe5)
core   0: 0x8000b712 (0x00001f17) auipc   t5, 0x1
core   0: 3 0x8000b712 (0x00001f17) x30 0x8000c712
core   0: 0x8000b716 (0x8e3f2723) sw      gp, -1810(t5)
core   0: 3 0x8000b716 (0x8e3f2723) mem 0x8000c000 0x00000001
core   0: 0x8000b71a (0x0000bfe5) c.j     pc - 8
core   0: 3 0x8000b71a (0xbfe5)
core   0: 0x8000b712 (0x00001f17) auipc   t5, 0x1
core   0: 3 0x8000b712 (0x00001f17) x30 0x8000c712
core   0: 0x8000b716 (0x8e3f2723) sw      gp, -1810(t5)
core   0: 3 0x8000b716 (0x8e3f2723) mem 0x8000c000 0x00000001
core   0: 0x8000b71a (0x0000bfe5) c.j     pc - 8
core   0: 3 0x8000b71a (0xbfe5)
core   0: 0x8000b712 (0x00001f17) auipc   t5, 0x1
core   0: 3 0x8000b712 (0x00001f17) x30 0x8000c712
core   0: 0x8000b716 (0x8e3f2723) sw      gp, -1810(t5)
core   0: 3 0x8000b716 (0x8e3f2723) mem 0x8000c000 0x00000001
core   0: 0x8000b71a (0x0000bfe5) c.j     pc - 8
core   0: 3 0x8000b71a (0xbfe5)
core   0: 0x8000b712 (0x00001f17) auipc   t5, 0x1
core   0: 3 0x8000b712 (0x00001f17) x30 0x8000c712
core   0: 0x8000b716 (0x8e3f2723) sw      gp, -1810(t5)
core   0: 3 0x8000b716 (0x8e3f2723) mem 0x8000c000 0x00000001
core   0: 0x8000b71a (0x0000bfe5) c.j     pc - 8
core   0: 3 0x8000b71a (0xbfe5)
core   0: 0x8000b712 (0x00001f17) auipc   t5, 0x1
core   0: 3 0x8000b712 (0x00001f17) x30 0x8000c712
core   0: 0x8000b716 (0x8e3f2723) sw      gp, -1810(t5)
core   0: 3 0x8000b716 (0x8e3f2723) mem 0x8000c000 0x00000001
core   0: 0x8000b71a (0x0000bfe5) c.j     pc - 8
core   0: 3 0x8000b71a (0xbfe5)
core   0: 0x8000b712 (0x00001f17) auipc   t5, 0x1
core   0: 3 0x8000b712 (0x00001f17) x30 0x8000c712
core   0: 0x8000b716 (0x8e3f2723) sw      gp, -1810(t5)
core   0: 3 0x8000b716 (0x8e3f2723) mem 0x8000c000 0x00000001
core   0: 0x8000b71a (0x0000bfe5) c.j     pc - 8
core   0: 3 0x8000b71a (0xbfe5)
core   0: 0x8000b712 (0x00001f17) auipc   t5, 0x1
core   0: 3 0x8000b712 (0x00001f17) x30 0x8000c712
core   0: 0x8000b716 (0x8e3f2723) sw      gp, -1810(t5)
core   0: 3 0x8000b716 (0x8e3f2723) mem 0x8000c000 0x00000001
core   0: 0x8000b71a (0x0000bfe5) c.j     pc - 8
core   0: 3 0x8000b71a (0xbfe5)
core   0: 0x8000b712 (0x00001f17) auipc   t5, 0x1
core   0: 3 0x8000b712 (0x00001f17) x30 0x8000c712
core   0: 0x8000b716 (0x8e3f2723) sw      gp, -1810(t5)
core   0: 3 0x8000b716 (0x8e3f2723) mem 0x8000c000 0x00000001
core   0: 0x8000b71a (0x0000bfe5) c.j     pc - 8
core   0: 3 0x8000b71a (0xbfe5)
core   0: 0x8000b712 (0x00001f17) auipc   t5, 0x1
core   0: 3 0x8000b712 (0x00001f17) x30 0x8000c712
core   0: 0x8000b716 (0x8e3f2723) sw      gp, -1810(t5)
core   0: 3 0x8000b716 (0x8e3f2723) mem 0x8000c000 0x00000001
core   0: 0x8000b71a (0x0000bfe5) c.j     pc - 8
core   0: 3 0x8000b71a (0xbfe5)
core   0: 0x8000b712 (0x00001f17) auipc   t5, 0x1
core   0: 3 0x8000b712 (0x00001f17) x30 0x8000c712
core   0: 0x8000b716 (0x8e3f2723) sw      gp, -1810(t5)
core   0: 3 0x8000b716 (0x8e3f2723) mem 0x8000c000 0x00000001
core   0: 0x8000b71a (0x0000bfe5) c.j     pc - 8
core   0: 3 0x8000b71a (0xbfe5)
core   0: 0x8000b712 (0x00001f17) auipc   t5, 0x1
core   0: 3 0x8000b712 (0x00001f17) x30 0x8000c712
core   0: 0x8000b716 (0x8e3f2723) sw      gp, -1810(t5)
core   0: 3 0x8000b716 (0x8e3f2723) mem 0x8000c000 0x00000001
core   0: 0x8000b71a (0x0000bfe5) c.j     pc - 8
core   0: 3 0x8000b71a (0xbfe5)
core   0: 0x8000b712 (0x00001f17) auipc   t5, 0x1
core   0: 3 0x8000b712 (0x00001f17) x30 0x8000c712
core   0: 0x8000b716 (0x8e3f2723) sw      gp, -1810(t5)
core   0: 3 0x8000b716 (0x8e3f2723) mem 0x8000c000 0x00000001
core   0: 0x8000b71a (0x0000bfe5) c.j     pc - 8
core   0: 3 0x8000b71a (0xbfe5)
core   0: 0x8000b712 (0x00001f17) auipc   t5, 0x1
core   0: 3 0x8000b712 (0x00001f17) x30 0x8000c712
core   0: 0x8000b716 (0x8e3f2723) sw      gp, -1810(t5)
core   0: 3 0x8000b716 (0x8e3f2723) mem 0x8000c000 0x00000001
core   0: 0x8000b71a (0x0000bfe5) c.j     pc - 8
core   0: 3 0x8000b71a (0xbfe5)
core   0: 0x8000b712 (0x00001f17) auipc   t5, 0x1
core   0: 3 0x8000b712 (0x00001f17) x30 0x8000c712
core   0: 0x8000b716 (0x8e3f2723) sw      gp, -1810(t5)
core   0: 3 0x8000b716 (0x8e3f2723) mem 0x8000c000 0x00000001
core   0: 0x8000b71a (0x0000bfe5) c.j     pc - 8
core   0: 3 0x8000b71a (0xbfe5)
core   0: 0x8000b712 (0x00001f17) auipc   t5, 0x1
core   0: 3 0x8000b712 (0x00001f17) x30 0x8000c712
core   0: 0x8000b716 (0x8e3f2723) sw      gp, -1810(t5)
core   0: 3 0x8000b716 (0x8e3f2723) mem 0x8000c000 0x00000001
core   0: 0x8000b71a (0x0000bfe5) c.j     pc - 8
core   0: 3 0x8000b71a (0xbfe5)
core   0: 0x8000b712 (0x00001f17) auipc   t5, 0x1
core   0: 3 0x8000b712 (0x00001f17) x30 0x8000c712
core   0: 0x8000b716 (0x8e3f2723) sw      gp, -1810(t5)
core   0: 3 0x8000b716 (0x8e3f2723) mem 0x8000c000 0x00000001
core   0: 0x8000b71a (0x0000bfe5) c.j     pc - 8
core   0: 3 0x8000b71a (0xbfe5)
core   0: 0x8000b712 (0x00001f17) auipc   t5, 0x1
core   0: 3 0x8000b712 (0x00001f17) x30 0x8000c712
core   0: 0x8000b716 (0x8e3f2723) sw      gp, -1810(t5)
core   0: 3 0x8000b716 (0x8e3f2723) mem 0x8000c000 0x00000001
core   0: 0x8000b71a (0x0000bfe5) c.j     pc - 8
core   0: 3 0x8000b71a (0xbfe5)
core   0: 0x8000b712 (0x00001f17) auipc   t5, 0x1
core   0: 3 0x8000b712 (0x00001f17) x30 0x8000c712
core   0: 0x8000b716 (0x8e3f2723) sw      gp, -1810(t5)
core   0: 3 0x8000b716 (0x8e3f2723) mem 0x8000c000 0x00000001
core   0: 0x8000b71a (0x0000bfe5) c.j     pc - 8
core   0: 3 0x8000b71a (0xbfe5)
core   0: 0x8000b712 (0x00001f17) auipc   t5, 0x1
core   0: 3 0x8000b712 (0x00001f17) x30 0x8000c712
core   0: 0x8000b716 (0x8e3f2723) sw      gp, -1810(t5)
core   0: 3 0x8000b716 (0x8e3f2723) mem 0x8000c000 0x00000001
core   0: 0x8000b71a (0x0000bfe5) c.j     pc - 8
core   0: 3 0x8000b71a (0xbfe5)
core   0: 0x8000b712 (0x00001f17) auipc   t5, 0x1
core   0: 3 0x8000b712 (0x00001f17) x30 0x8000c712
core   0: 0x8000b716 (0x8e3f2723) sw      gp, -1810(t5)
core   0: 3 0x8000b716 (0x8e3f2723) mem 0x8000c000 0x00000001
core   0: 0x8000b71a (0x0000bfe5) c.j     pc - 8
core   0: 3 0x8000b71a (0xbfe5)
core   0: 0x8000b712 (0x00001f17) auipc   t5, 0x1
core   0: 3 0x8000b712 (0x00001f17) x30 0x8000c712
core   0: 0x8000b716 (0x8e3f2723) sw      gp, -1810(t5)
core   0: 3 0x8000b716 (0x8e3f2723) mem 0x8000c000 0x00000001
core   0: 0x8000b71a (0x0000bfe5) c.j     pc - 8
core   0: 3 0x8000b71a (0xbfe5)
core   0: 0x8000b712 (0x00001f17) auipc   t5, 0x1
core   0: 3 0x8000b712 (0x00001f17) x30 0x8000c712
core   0: 0x8000b716 (0x8e3f2723) sw      gp, -1810(t5)
core   0: 3 0x8000b716 (0x8e3f2723) mem 0x8000c000 0x00000001
core   0: 0x8000b71a (0x0000bfe5) c.j     pc - 8
core   0: 3 0x8000b71a (0xbfe5)
core   0: 0x8000b712 (0x00001f17) auipc   t5, 0x1
core   0: 3 0x8000b712 (0x00001f17) x30 0x8000c712
core   0: 0x8000b716 (0x8e3f2723) sw      gp, -1810(t5)
core   0: 3 0x8000b716 (0x8e3f2723) mem 0x8000c000 0x00000001
core   0: 0x8000b71a (0x0000bfe5) c.j     pc - 8
core   0: 3 0x8000b71a (0xbfe5)
core   0: 0x8000b712 (0x00001f17) auipc   t5, 0x1
core   0: 3 0x8000b712 (0x00001f17) x30 0x8000c712
core   0: 0x8000b716 (0x8e3f2723) sw      gp, -1810(t5)
core   0: 3 0x8000b716 (0x8e3f2723) mem 0x8000c000 0x00000001
core   0: 0x8000b71a (0x0000bfe5) c.j     pc - 8
core   0: 3 0x8000b71a (0xbfe5)
core   0: 0x8000b712 (0x00001f17) auipc   t5, 0x1
core   0: 3 0x8000b712 (0x00001f17) x30 0x8000c712
core   0: 0x8000b716 (0x8e3f2723) sw      gp, -1810(t5)
core   0: 3 0x8000b716 (0x8e3f2723) mem 0x8000c000 0x00000001
core   0: 0x8000b71a (0x0000bfe5) c.j     pc - 8
core   0: 3 0x8000b71a (0xbfe5)
core   0: 0x8000b712 (0x00001f17) auipc   t5, 0x1
core   0: 3 0x8000b712 (0x00001f17) x30 0x8000c712
core   0: 0x8000b716 (0x8e3f2723) sw      gp, -1810(t5)
core   0: 3 0x8000b716 (0x8e3f2723) mem 0x8000c000 0x00000001
core   0: 0x8000b71a (0x0000bfe5) c.j     pc - 8
core   0: 3 0x8000b71a (0xbfe5)
core   0: 0x8000b712 (0x00001f17) auipc   t5, 0x1
core   0: 3 0x8000b712 (0x00001f17) x30 0x8000c712
core   0: 0x8000b716 (0x8e3f2723) sw      gp, -1810(t5)
core   0: 3 0x8000b716 (0x8e3f2723) mem 0x8000c000 0x00000001
core   0: 0x8000b71a (0x0000bfe5) c.j     pc - 8
core   0: 3 0x8000b71a (0xbfe5)
core   0: 0x8000b712 (0x00001f17) auipc   t5, 0x1
core   0: 3 0x8000b712 (0x00001f17) x30 0x8000c712
core   0: 0x8000b716 (0x8e3f2723) sw      gp, -1810(t5)
core   0: 3 0x8000b716 (0x8e3f2723) mem 0x8000c000 0x00000001
core   0: 0x8000b71a (0x0000bfe5) c.j     pc - 8
core   0: 3 0x8000b71a (0xbfe5)
core   0: 0x8000b712 (0x00001f17) auipc   t5, 0x1
core   0: 3 0x8000b712 (0x00001f17) x30 0x8000c712
core   0: 0x8000b716 (0x8e3f2723) sw      gp, -1810(t5)
core   0: 3 0x8000b716 (0x8e3f2723) mem 0x8000c000 0x00000001
core   0: 0x8000b71a (0x0000bfe5) c.j     pc - 8
core   0: 3 0x8000b71a (0xbfe5)
core   0: 0x8000b712 (0x00001f17) auipc   t5, 0x1
core   0: 3 0x8000b712 (0x00001f17) x30 0x8000c712
core   0: 0x8000b716 (0x8e3f2723) sw      gp, -1810(t5)
core   0: 3 0x8000b716 (0x8e3f2723) mem 0x8000c000 0x00000001
core   0: 0x8000b71a (0x0000bfe5) c.j     pc - 8
core   0: 3 0x8000b71a (0xbfe5)
core   0: 0x8000b712 (0x00001f17) auipc   t5, 0x1
core   0: 3 0x8000b712 (0x00001f17) x30 0x8000c712
core   0: 0x8000b716 (0x8e3f2723) sw      gp, -1810(t5)
core   0: 3 0x8000b716 (0x8e3f2723) mem 0x8000c000 0x00000001
core   0: 0x8000b71a (0x0000bfe5) c.j     pc - 8
core   0: 3 0x8000b71a (0xbfe5)
core   0: 0x8000b712 (0x00001f17) auipc   t5, 0x1
core   0: 3 0x8000b712 (0x00001f17) x30 0x8000c712
core   0: 0x8000b716 (0x8e3f2723) sw      gp, -1810(t5)
core   0: 3 0x8000b716 (0x8e3f2723) mem 0x8000c000 0x00000001
core   0: 0x8000b71a (0x0000bfe5) c.j     pc - 8
core   0: 3 0x8000b71a (0xbfe5)
core   0: 0x8000b712 (0x00001f17) auipc   t5, 0x1
core   0: 3 0x8000b712 (0x00001f17) x30 0x8000c712
core   0: 0x8000b716 (0x8e3f2723) sw      gp, -1810(t5)
core   0: 3 0x8000b716 (0x8e3f2723) mem 0x8000c000 0x00000001
core   0: 0x8000b71a (0x0000bfe5) c.j     pc - 8
core   0: 3 0x8000b71a (0xbfe5)
core   0: 0x8000b712 (0x00001f17) auipc   t5, 0x1
core   0: 3 0x8000b712 (0x00001f17) x30 0x8000c712
core   0: 0x8000b716 (0x8e3f2723) sw      gp, -1810(t5)
core   0: 3 0x8000b716 (0x8e3f2723) mem 0x8000c000 0x00000001
core   0: 0x8000b71a (0x0000bfe5) c.j     pc - 8
core   0: 3 0x8000b71a (0xbfe5)
core   0: 0x8000b712 (0x00001f17) auipc   t5, 0x1
core   0: 3 0x8000b712 (0x00001f17) x30 0x8000c712
core   0: 0x8000b716 (0x8e3f2723) sw      gp, -1810(t5)
core   0: 3 0x8000b716 (0x8e3f2723) mem 0x8000c000 0x00000001
core   0: 0x8000b71a (0x0000bfe5) c.j     pc - 8
core   0: 3 0x8000b71a (0xbfe5)
core   0: 0x8000b712 (0x00001f17) auipc   t5, 0x1
core   0: 3 0x8000b712 (0x00001f17) x30 0x8000c712
core   0: 0x8000b716 (0x8e3f2723) sw      gp, -1810(t5)
core   0: 3 0x8000b716 (0x8e3f2723) mem 0x8000c000 0x00000001
core   0: 0x8000b71a (0x0000bfe5) c.j     pc - 8
core   0: 3 0x8000b71a (0xbfe5)
core   0: 0x8000b712 (0x00001f17) auipc   t5, 0x1
core   0: 3 0x8000b712 (0x00001f17) x30 0x8000c712
core   0: 0x8000b716 (0x8e3f2723) sw      gp, -1810(t5)
core   0: 3 0x8000b716 (0x8e3f2723) mem 0x8000c000 0x00000001
core   0: 0x8000b71a (0x0000bfe5) c.j     pc - 8
core   0: 3 0x8000b71a (0xbfe5)
core   0: 0x8000b712 (0x00001f17) auipc   t5, 0x1
core   0: 3 0x8000b712 (0x00001f17) x30 0x8000c712
core   0: 0x8000b716 (0x8e3f2723) sw      gp, -1810(t5)
core   0: 3 0x8000b716 (0x8e3f2723) mem 0x8000c000 0x00000001
core   0: 0x8000b71a (0x0000bfe5) c.j     pc - 8
core   0: 3 0x8000b71a (0xbfe5)
core   0: 0x8000b712 (0x00001f17) auipc   t5, 0x1
core   0: 3 0x8000b712 (0x00001f17) x30 0x8000c712
core   0: 0x8000b716 (0x8e3f2723) sw      gp, -1810(t5)
core   0: 3 0x8000b716 (0x8e3f2723) mem 0x8000c000 0x00000001
core   0: 0x8000b71a (0x0000bfe5) c.j     pc - 8
core   0: 3 0x8000b71a (0xbfe5)
core   0: 0x8000b712 (0x00001f17) auipc   t5, 0x1
core   0: 3 0x8000b712 (0x00001f17) x30 0x8000c712
core   0: 0x8000b716 (0x8e3f2723) sw      gp, -1810(t5)
core   0: 3 0x8000b716 (0x8e3f2723) mem 0x8000c000 0x00000001
core   0: 0x8000b71a (0x0000bfe5) c.j     pc - 8
core   0: 3 0x8000b71a (0xbfe5)
core   0: 0x8000b712 (0x00001f17) auipc   t5, 0x1
core   0: 3 0x8000b712 (0x00001f17) x30 0x8000c712
core   0: 0x8000b716 (0x8e3f2723) sw      gp, -1810(t5)
core   0: 3 0x8000b716 (0x8e3f2723) mem 0x8000c000 0x00000001
core   0: 0x8000b71a (0x0000bfe5) c.j     pc - 8
core   0: 3 0x8000b71a (0xbfe5)
core   0: 0x8000b712 (0x00001f17) auipc   t5, 0x1
core   0: 3 0x8000b712 (0x00001f17) x30 0x8000c712
core   0: 0x8000b716 (0x8e3f2723) sw      gp, -1810(t5)
core   0: 3 0x8000b716 (0x8e3f2723) mem 0x8000c000 0x00000001
core   0: 0x8000b71a (0x0000bfe5) c.j     pc - 8
core   0: 3 0x8000b71a (0xbfe5)
core   0: 0x8000b712 (0x00001f17) auipc   t5, 0x1
core   0: 3 0x8000b712 (0x00001f17) x30 0x8000c712
core   0: 0x8000b716 (0x8e3f2723) sw      gp, -1810(t5)
core   0: 3 0x8000b716 (0x8e3f2723) mem 0x8000c000 0x00000001
core   0: 0x8000b71a (0x0000bfe5) c.j     pc - 8
core   0: 3 0x8000b71a (0xbfe5)
core   0: 0x8000b712 (0x00001f17) auipc   t5, 0x1
core   0: 3 0x8000b712 (0x00001f17) x30 0x8000c712
core   0: 0x8000b716 (0x8e3f2723) sw      gp, -1810(t5)
core   0: 3 0x8000b716 (0x8e3f2723) mem 0x8000c000 0x00000001
core   0: 0x8000b71a (0x0000bfe5) c.j     pc - 8
core   0: 3 0x8000b71a (0xbfe5)
core   0: 0x8000b712 (0x00001f17) auipc   t5, 0x1
core   0: 3 0x8000b712 (0x00001f17) x30 0x8000c712
core   0: 0x8000b716 (0x8e3f2723) sw      gp, -1810(t5)
core   0: 3 0x8000b716 (0x8e3f2723) mem 0x8000c000 0x00000001
core   0: 0x8000b71a (0x0000bfe5) c.j     pc - 8
core   0: 3 0x8000b71a (0xbfe5)
core   0: 0x8000b712 (0x00001f17) auipc   t5, 0x1
core   0: 3 0x8000b712 (0x00001f17) x30 0x8000c712
core   0: 0x8000b716 (0x8e3f2723) sw      gp, -1810(t5)
core   0: 3 0x8000b716 (0x8e3f2723) mem 0x8000c000 0x00000001
core   0: 0x8000b71a (0x0000bfe5) c.j     pc - 8
core   0: 3 0x8000b71a (0xbfe5)
core   0: 0x8000b712 (0x00001f17) auipc   t5, 0x1
core   0: 3 0x8000b712 (0x00001f17) x30 0x8000c712
core   0: 0x8000b716 (0x8e3f2723) sw      gp, -1810(t5)
core   0: 3 0x8000b716 (0x8e3f2723) mem 0x8000c000 0x00000001
core   0: 0x8000b71a (0x0000bfe5) c.j     pc - 8
core   0: 3 0x8000b71a (0xbfe5)
core   0: 0x8000b712 (0x00001f17) auipc   t5, 0x1
core   0: 3 0x8000b712 (0x00001f17) x30 0x8000c712
core   0: 0x8000b716 (0x8e3f2723) sw      gp, -1810(t5)
core   0: 3 0x8000b716 (0x8e3f2723) mem 0x8000c000 0x00000001
core   0: 0x8000b71a (0x0000bfe5) c.j     pc - 8
core   0: 3 0x8000b71a (0xbfe5)
core   0: 0x8000b712 (0x00001f17) auipc   t5, 0x1
core   0: 3 0x8000b712 (0x00001f17) x30 0x8000c712
core   0: 0x8000b716 (0x8e3f2723) sw      gp, -1810(t5)
core   0: 3 0x8000b716 (0x8e3f2723) mem 0x8000c000 0x00000001
core   0: 0x8000b71a (0x0000bfe5) c.j     pc - 8
core   0: 3 0x8000b71a (0xbfe5)
core   0: 0x8000b712 (0x00001f17) auipc   t5, 0x1
core   0: 3 0x8000b712 (0x00001f17) x30 0x8000c712
core   0: 0x8000b716 (0x8e3f2723) sw      gp, -1810(t5)
core   0: 3 0x8000b716 (0x8e3f2723) mem 0x8000c000 0x00000001
core   0: 0x8000b71a (0x0000bfe5) c.j     pc - 8
core   0: 3 0x8000b71a (0xbfe5)
core   0: 0x8000b712 (0x00001f17) auipc   t5, 0x1
core   0: 3 0x8000b712 (0x00001f17) x30 0x8000c712
core   0: 0x8000b716 (0x8e3f2723) sw      gp, -1810(t5)
core   0: 3 0x8000b716 (0x8e3f2723) mem 0x8000c000 0x00000001
core   0: 0x8000b71a (0x0000bfe5) c.j     pc - 8
core   0: 3 0x8000b71a (0xbfe5)
core   0: 0x8000b712 (0x00001f17) auipc   t5, 0x1
core   0: 3 0x8000b712 (0x00001f17) x30 0x8000c712
core   0: 0x8000b716 (0x8e3f2723) sw      gp, -1810(t5)
core   0: 3 0x8000b716 (0x8e3f2723) mem 0x8000c000 0x00000001
core   0: 0x8000b71a (0x0000bfe5) c.j     pc - 8
core   0: 3 0x8000b71a (0xbfe5)
core   0: 0x8000b712 (0x00001f17) auipc   t5, 0x1
core   0: 3 0x8000b712 (0x00001f17) x30 0x8000c712
core   0: 0x8000b716 (0x8e3f2723) sw      gp, -1810(t5)
core   0: 3 0x8000b716 (0x8e3f2723) mem 0x8000c000 0x00000001
core   0: 0x8000b71a (0x0000bfe5) c.j     pc - 8
core   0: 3 0x8000b71a (0xbfe5)
core   0: 0x8000b712 (0x00001f17) auipc   t5, 0x1
core   0: 3 0x8000b712 (0x00001f17) x30 0x8000c712
core   0: 0x8000b716 (0x8e3f2723) sw      gp, -1810(t5)
core   0: 3 0x8000b716 (0x8e3f2723) mem 0x8000c000 0x00000001
core   0: 0x8000b71a (0x0000bfe5) c.j     pc - 8
core   0: 3 0x8000b71a (0xbfe5)
core   0: 0x8000b712 (0x00001f17) auipc   t5, 0x1
core   0: 3 0x8000b712 (0x00001f17) x30 0x8000c712
core   0: 0x8000b716 (0x8e3f2723) sw      gp, -1810(t5)
core   0: 3 0x8000b716 (0x8e3f2723) mem 0x8000c000 0x00000001
core   0: 0x8000b71a (0x0000bfe5) c.j     pc - 8
core   0: 3 0x8000b71a (0xbfe5)
core   0: 0x8000b712 (0x00001f17) auipc   t5, 0x1
core   0: 3 0x8000b712 (0x00001f17) x30 0x8000c712
core   0: 0x8000b716 (0x8e3f2723) sw      gp, -1810(t5)
core   0: 3 0x8000b716 (0x8e3f2723) mem 0x8000c000 0x00000001
core   0: 0x8000b71a (0x0000bfe5) c.j     pc - 8
core   0: 3 0x8000b71a (0xbfe5)
core   0: 0x8000b712 (0x00001f17) auipc   t5, 0x1
core   0: 3 0x8000b712 (0x00001f17) x30 0x8000c712
core   0: 0x8000b716 (0x8e3f2723) sw      gp, -1810(t5)
core   0: 3 0x8000b716 (0x8e3f2723) mem 0x8000c000 0x00000001
core   0: 0x8000b71a (0x0000bfe5) c.j     pc - 8
core   0: 3 0x8000b71a (0xbfe5)
core   0: 0x8000b712 (0x00001f17) auipc   t5, 0x1
core   0: 3 0x8000b712 (0x00001f17) x30 0x8000c712
core   0: 0x8000b716 (0x8e3f2723) sw      gp, -1810(t5)
core   0: 3 0x8000b716 (0x8e3f2723) mem 0x8000c000 0x00000001
core   0: 0x8000b71a (0x0000bfe5) c.j     pc - 8
core   0: 3 0x8000b71a (0xbfe5)
core   0: 0x8000b712 (0x00001f17) auipc   t5, 0x1
core   0: 3 0x8000b712 (0x00001f17) x30 0x8000c712
core   0: 0x8000b716 (0x8e3f2723) sw      gp, -1810(t5)
core   0: 3 0x8000b716 (0x8e3f2723) mem 0x8000c000 0x00000001
core   0: 0x8000b71a (0x0000bfe5) c.j     pc - 8
core   0: 3 0x8000b71a (0xbfe5)
core   0: 0x8000b712 (0x00001f17) auipc   t5, 0x1
core   0: 3 0x8000b712 (0x00001f17) x30 0x8000c712
core   0: 0x8000b716 (0x8e3f2723) sw      gp, -1810(t5)
core   0: 3 0x8000b716 (0x8e3f2723) mem 0x8000c000 0x00000001
core   0: 0x8000b71a (0x0000bfe5) c.j     pc - 8
core   0: 3 0x8000b71a (0xbfe5)
core   0: 0x8000b712 (0x00001f17) auipc   t5, 0x1
core   0: 3 0x8000b712 (0x00001f17) x30 0x8000c712
core   0: 0x8000b716 (0x8e3f2723) sw      gp, -1810(t5)
core   0: 3 0x8000b716 (0x8e3f2723) mem 0x8000c000 0x00000001
core   0: 0x8000b71a (0x0000bfe5) c.j     pc - 8
core   0: 3 0x8000b71a (0xbfe5)
core   0: 0x8000b712 (0x00001f17) auipc   t5, 0x1
core   0: 3 0x8000b712 (0x00001f17) x30 0x8000c712
core   0: 0x8000b716 (0x8e3f2723) sw      gp, -1810(t5)
core   0: 3 0x8000b716 (0x8e3f2723) mem 0x8000c000 0x00000001
core   0: 0x8000b71a (0x0000bfe5) c.j     pc - 8
core   0: 3 0x8000b71a (0xbfe5)
core   0: 0x8000b712 (0x00001f17) auipc   t5, 0x1
core   0: 3 0x8000b712 (0x00001f17) x30 0x8000c712
core   0: 0x8000b716 (0x8e3f2723) sw      gp, -1810(t5)
core   0: 3 0x8000b716 (0x8e3f2723) mem 0x8000c000 0x00000001
core   0: 0x8000b71a (0x0000bfe5) c.j     pc - 8
core   0: 3 0x8000b71a (0xbfe5)
core   0: 0x8000b712 (0x00001f17) auipc   t5, 0x1
core   0: 3 0x8000b712 (0x00001f17) x30 0x8000c712
core   0: 0x8000b716 (0x8e3f2723) sw      gp, -1810(t5)
core   0: 3 0x8000b716 (0x8e3f2723) mem 0x8000c000 0x00000001
core   0: 0x8000b71a (0x0000bfe5) c.j     pc - 8
core   0: 3 0x8000b71a (0xbfe5)
core   0: 0x8000b712 (0x00001f17) auipc   t5, 0x1
core   0: 3 0x8000b712 (0x00001f17) x30 0x8000c712
core   0: 0x8000b716 (0x8e3f2723) sw      gp, -1810(t5)
core   0: 3 0x8000b716 (0x8e3f2723) mem 0x8000c000 0x00000001
core   0: 0x8000b71a (0x0000bfe5) c.j     pc - 8
core   0: 3 0x8000b71a (0xbfe5)
core   0: 0x8000b712 (0x00001f17) auipc   t5, 0x1
core   0: 3 0x8000b712 (0x00001f17) x30 0x8000c712
core   0: 0x8000b716 (0x8e3f2723) sw      gp, -1810(t5)
core   0: 3 0x8000b716 (0x8e3f2723) mem 0x8000c000 0x00000001
core   0: 0x8000b71a (0x0000bfe5) c.j     pc - 8
core   0: 3 0x8000b71a (0xbfe5)
core   0: 0x8000b712 (0x00001f17) auipc   t5, 0x1
core   0: 3 0x8000b712 (0x00001f17) x30 0x8000c712
core   0: 0x8000b716 (0x8e3f2723) sw      gp, -1810(t5)
core   0: 3 0x8000b716 (0x8e3f2723) mem 0x8000c000 0x00000001
core   0: 0x8000b71a (0x0000bfe5) c.j     pc - 8
core   0: 3 0x8000b71a (0xbfe5)
core   0: 0x8000b712 (0x00001f17) auipc   t5, 0x1
core   0: 3 0x8000b712 (0x00001f17) x30 0x8000c712
core   0: 0x8000b716 (0x8e3f2723) sw      gp, -1810(t5)
core   0: 3 0x8000b716 (0x8e3f2723) mem 0x8000c000 0x00000001
core   0: 0x8000b71a (0x0000bfe5) c.j     pc - 8
core   0: 3 0x8000b71a (0xbfe5)
core   0: 0x8000b712 (0x00001f17) auipc   t5, 0x1
core   0: 3 0x8000b712 (0x00001f17) x30 0x8000c712
core   0: 0x8000b716 (0x8e3f2723) sw      gp, -1810(t5)
core   0: 3 0x8000b716 (0x8e3f2723) mem 0x8000c000 0x00000001
core   0: 0x8000b71a (0x0000bfe5) c.j     pc - 8
core   0: 3 0x8000b71a (0xbfe5)
core   0: 0x8000b712 (0x00001f17) auipc   t5, 0x1
core   0: 3 0x8000b712 (0x00001f17) x30 0x8000c712
core   0: 0x8000b716 (0x8e3f2723) sw      gp, -1810(t5)
core   0: 3 0x8000b716 (0x8e3f2723) mem 0x8000c000 0x00000001
core   0: 0x8000b71a (0x0000bfe5) c.j     pc - 8
core   0: 3 0x8000b71a (0xbfe5)
core   0: 0x8000b712 (0x00001f17) auipc   t5, 0x1
core   0: 3 0x8000b712 (0x00001f17) x30 0x8000c712
core   0: 0x8000b716 (0x8e3f2723) sw      gp, -1810(t5)
core   0: 3 0x8000b716 (0x8e3f2723) mem 0x8000c000 0x00000001
core   0: 0x8000b71a (0x0000bfe5) c.j     pc - 8
core   0: 3 0x8000b71a (0xbfe5)
core   0: 0x8000b712 (0x00001f17) auipc   t5, 0x1
core   0: 3 0x8000b712 (0x00001f17) x30 0x8000c712
core   0: 0x8000b716 (0x8e3f2723) sw      gp, -1810(t5)
core   0: 3 0x8000b716 (0x8e3f2723) mem 0x8000c000 0x00000001
core   0: 0x8000b71a (0x0000bfe5) c.j     pc - 8
core   0: 3 0x8000b71a (0xbfe5)
core   0: 0x8000b712 (0x00001f17) auipc   t5, 0x1
core   0: 3 0x8000b712 (0x00001f17) x30 0x8000c712
core   0: 0x8000b716 (0x8e3f2723) sw      gp, -1810(t5)
core   0: 3 0x8000b716 (0x8e3f2723) mem 0x8000c000 0x00000001
core   0: 0x8000b71a (0x0000bfe5) c.j     pc - 8
core   0: 3 0x8000b71a (0xbfe5)
core   0: 0x8000b712 (0x00001f17) auipc   t5, 0x1
core   0: 3 0x8000b712 (0x00001f17) x30 0x8000c712
core   0: 0x8000b716 (0x8e3f2723) sw      gp, -1810(t5)
core   0: 3 0x8000b716 (0x8e3f2723) mem 0x8000c000 0x00000001
core   0: 0x8000b71a (0x0000bfe5) c.j     pc - 8
core   0: 3 0x8000b71a (0xbfe5)
core   0: 0x8000b712 (0x00001f17) auipc   t5, 0x1
core   0: 3 0x8000b712 (0x00001f17) x30 0x8000c712
core   0: 0x8000b716 (0x8e3f2723) sw      gp, -1810(t5)
core   0: 3 0x8000b716 (0x8e3f2723) mem 0x8000c000 0x00000001
core   0: 0x8000b71a (0x0000bfe5) c.j     pc - 8
core   0: 3 0x8000b71a (0xbfe5)
core   0: 0x8000b712 (0x00001f17) auipc   t5, 0x1
core   0: 3 0x8000b712 (0x00001f17) x30 0x8000c712
core   0: 0x8000b716 (0x8e3f2723) sw      gp, -1810(t5)
core   0: 3 0x8000b716 (0x8e3f2723) mem 0x8000c000 0x00000001
core   0: 0x8000b71a (0x0000bfe5) c.j     pc - 8
core   0: 3 0x8000b71a (0xbfe5)
core   0: 0x8000b712 (0x00001f17) auipc   t5, 0x1
core   0: 3 0x8000b712 (0x00001f17) x30 0x8000c712
core   0: 0x8000b716 (0x8e3f2723) sw      gp, -1810(t5)
core   0: 3 0x8000b716 (0x8e3f2723) mem 0x8000c000 0x00000001
core   0: 0x8000b71a (0x0000bfe5) c.j     pc - 8
core   0: 3 0x8000b71a (0xbfe5)
core   0: 0x8000b712 (0x00001f17) auipc   t5, 0x1
core   0: 3 0x8000b712 (0x00001f17) x30 0x8000c712
core   0: 0x8000b716 (0x8e3f2723) sw      gp, -1810(t5)
core   0: 3 0x8000b716 (0x8e3f2723) mem 0x8000c000 0x00000001
core   0: 0x8000b71a (0x0000bfe5) c.j     pc - 8
core   0: 3 0x8000b71a (0xbfe5)
core   0: 0x8000b712 (0x00001f17) auipc   t5, 0x1
core   0: 3 0x8000b712 (0x00001f17) x30 0x8000c712
core   0: 0x8000b716 (0x8e3f2723) sw      gp, -1810(t5)
core   0: 3 0x8000b716 (0x8e3f2723) mem 0x8000c000 0x00000001
core   0: 0x8000b71a (0x0000bfe5) c.j     pc - 8
core   0: 3 0x8000b71a (0xbfe5)
core   0: 0x8000b712 (0x00001f17) auipc   t5, 0x1
core   0: 3 0x8000b712 (0x00001f17) x30 0x8000c712
core   0: 0x8000b716 (0x8e3f2723) sw      gp, -1810(t5)
core   0: 3 0x8000b716 (0x8e3f2723) mem 0x8000c000 0x00000001
core   0: 0x8000b71a (0x0000bfe5) c.j     pc - 8
core   0: 3 0x8000b71a (0xbfe5)
core   0: 0x8000b712 (0x00001f17) auipc   t5, 0x1
core   0: 3 0x8000b712 (0x00001f17) x30 0x8000c712
core   0: 0x8000b716 (0x8e3f2723) sw      gp, -1810(t5)
core   0: 3 0x8000b716 (0x8e3f2723) mem 0x8000c000 0x00000001
core   0: 0x8000b71a (0x0000bfe5) c.j     pc - 8
core   0: 3 0x8000b71a (0xbfe5)
core   0: 0x8000b712 (0x00001f17) auipc   t5, 0x1
core   0: 3 0x8000b712 (0x00001f17) x30 0x8000c712
core   0: 0x8000b716 (0x8e3f2723) sw      gp, -1810(t5)
core   0: 3 0x8000b716 (0x8e3f2723) mem 0x8000c000 0x00000001
core   0: 0x8000b71a (0x0000bfe5) c.j     pc - 8
core   0: 3 0x8000b71a (0xbfe5)
core   0: 0x8000b712 (0x00001f17) auipc   t5, 0x1
core   0: 3 0x8000b712 (0x00001f17) x30 0x8000c712
core   0: 0x8000b716 (0x8e3f2723) sw      gp, -1810(t5)
core   0: 3 0x8000b716 (0x8e3f2723) mem 0x8000c000 0x00000001
core   0: 0x8000b71a (0x0000bfe5) c.j     pc - 8
core   0: 3 0x8000b71a (0xbfe5)
core   0: 0x8000b712 (0x00001f17) auipc   t5, 0x1
core   0: 3 0x8000b712 (0x00001f17) x30 0x8000c712
core   0: 0x8000b716 (0x8e3f2723) sw      gp, -1810(t5)
core   0: 3 0x8000b716 (0x8e3f2723) mem 0x8000c000 0x00000001
core   0: 0x8000b71a (0x0000bfe5) c.j     pc - 8
core   0: 3 0x8000b71a (0xbfe5)
core   0: 0x8000b712 (0x00001f17) auipc   t5, 0x1
core   0: 3 0x8000b712 (0x00001f17) x30 0x8000c712
core   0: 0x8000b716 (0x8e3f2723) sw      gp, -1810(t5)
core   0: 3 0x8000b716 (0x8e3f2723) mem 0x8000c000 0x00000001
core   0: 0x8000b71a (0x0000bfe5) c.j     pc - 8
core   0: 3 0x8000b71a (0xbfe5)
core   0: 0x8000b712 (0x00001f17) auipc   t5, 0x1
core   0: 3 0x8000b712 (0x00001f17) x30 0x8000c712
core   0: 0x8000b716 (0x8e3f2723) sw      gp, -1810(t5)
core   0: 3 0x8000b716 (0x8e3f2723) mem 0x8000c000 0x00000001
core   0: 0x8000b71a (0x0000bfe5) c.j     pc - 8
core   0: 3 0x8000b71a (0xbfe5)
core   0: 0x8000b712 (0x00001f17) auipc   t5, 0x1
core   0: 3 0x8000b712 (0x00001f17) x30 0x8000c712
core   0: 0x8000b716 (0x8e3f2723) sw      gp, -1810(t5)
core   0: 3 0x8000b716 (0x8e3f2723) mem 0x8000c000 0x00000001
core   0: 0x8000b71a (0x0000bfe5) c.j     pc - 8
core   0: 3 0x8000b71a (0xbfe5)
core   0: 0x8000b712 (0x00001f17) auipc   t5, 0x1
core   0: 3 0x8000b712 (0x00001f17) x30 0x8000c712
core   0: 0x8000b716 (0x8e3f2723) sw      gp, -1810(t5)
core   0: 3 0x8000b716 (0x8e3f2723) mem 0x8000c000 0x00000001
core   0: 0x8000b71a (0x0000bfe5) c.j     pc - 8
core   0: 3 0x8000b71a (0xbfe5)
core   0: 0x8000b712 (0x00001f17) auipc   t5, 0x1
core   0: 3 0x8000b712 (0x00001f17) x30 0x8000c712
core   0: 0x8000b716 (0x8e3f2723) sw      gp, -1810(t5)
core   0: 3 0x8000b716 (0x8e3f2723) mem 0x8000c000 0x00000001
core   0: 0x8000b71a (0x0000bfe5) c.j     pc - 8
core   0: 3 0x8000b71a (0xbfe5)
core   0: 0x8000b712 (0x00001f17) auipc   t5, 0x1
core   0: 3 0x8000b712 (0x00001f17) x30 0x8000c712
core   0: 0x8000b716 (0x8e3f2723) sw      gp, -1810(t5)
core   0: 3 0x8000b716 (0x8e3f2723) mem 0x8000c000 0x00000001
core   0: 0x8000b71a (0x0000bfe5) c.j     pc - 8
core   0: 3 0x8000b71a (0xbfe5)
core   0: 0x8000b712 (0x00001f17) auipc   t5, 0x1
core   0: 3 0x8000b712 (0x00001f17) x30 0x8000c712
core   0: 0x8000b716 (0x8e3f2723) sw      gp, -1810(t5)
core   0: 3 0x8000b716 (0x8e3f2723) mem 0x8000c000 0x00000001
core   0: 0x8000b71a (0x0000bfe5) c.j     pc - 8
core   0: 3 0x8000b71a (0xbfe5)
core   0: 0x8000b712 (0x00001f17) auipc   t5, 0x1
core   0: 3 0x8000b712 (0x00001f17) x30 0x8000c712
core   0: 0x8000b716 (0x8e3f2723) sw      gp, -1810(t5)
core   0: 3 0x8000b716 (0x8e3f2723) mem 0x8000c000 0x00000001
core   0: 0x8000b71a (0x0000bfe5) c.j     pc - 8
core   0: 3 0x8000b71a (0xbfe5)
core   0: 0x8000b712 (0x00001f17) auipc   t5, 0x1
core   0: 3 0x8000b712 (0x00001f17) x30 0x8000c712
core   0: 0x8000b716 (0x8e3f2723) sw      gp, -1810(t5)
core   0: 3 0x8000b716 (0x8e3f2723) mem 0x8000c000 0x00000001
core   0: 0x8000b71a (0x0000bfe5) c.j     pc - 8
core   0: 3 0x8000b71a (0xbfe5)
core   0: 0x8000b712 (0x00001f17) auipc   t5, 0x1
core   0: 3 0x8000b712 (0x00001f17) x30 0x8000c712
core   0: 0x8000b716 (0x8e3f2723) sw      gp, -1810(t5)
core   0: 3 0x8000b716 (0x8e3f2723) mem 0x8000c000 0x00000001
core   0: 0x8000b71a (0x0000bfe5) c.j     pc - 8
core   0: 3 0x8000b71a (0xbfe5)
core   0: 0x8000b712 (0x00001f17) auipc   t5, 0x1
core   0: 3 0x8000b712 (0x00001f17) x30 0x8000c712
core   0: 0x8000b716 (0x8e3f2723) sw      gp, -1810(t5)
core   0: 3 0x8000b716 (0x8e3f2723) mem 0x8000c000 0x00000001
core   0: 0x8000b71a (0x0000bfe5) c.j     pc - 8
core   0: 3 0x8000b71a (0xbfe5)
core   0: 0x8000b712 (0x00001f17) auipc   t5, 0x1
core   0: 3 0x8000b712 (0x00001f17) x30 0x8000c712
core   0: 0x8000b716 (0x8e3f2723) sw      gp, -1810(t5)
core   0: 3 0x8000b716 (0x8e3f2723) mem 0x8000c000 0x00000001
core   0: 0x8000b71a (0x0000bfe5) c.j     pc - 8
core   0: 3 0x8000b71a (0xbfe5)
core   0: 0x8000b712 (0x00001f17) auipc   t5, 0x1
core   0: 3 0x8000b712 (0x00001f17) x30 0x8000c712
core   0: 0x8000b716 (0x8e3f2723) sw      gp, -1810(t5)
core   0: 3 0x8000b716 (0x8e3f2723) mem 0x8000c000 0x00000001
core   0: 0x8000b71a (0x0000bfe5) c.j     pc - 8
core   0: 3 0x8000b71a (0xbfe5)
core   0: 0x8000b712 (0x00001f17) auipc   t5, 0x1
core   0: 3 0x8000b712 (0x00001f17) x30 0x8000c712
core   0: 0x8000b716 (0x8e3f2723) sw      gp, -1810(t5)
core   0: 3 0x8000b716 (0x8e3f2723) mem 0x8000c000 0x00000001
core   0: 0x8000b71a (0x0000bfe5) c.j     pc - 8
core   0: 3 0x8000b71a (0xbfe5)
core   0: 0x8000b712 (0x00001f17) auipc   t5, 0x1
core   0: 3 0x8000b712 (0x00001f17) x30 0x8000c712
core   0: 0x8000b716 (0x8e3f2723) sw      gp, -1810(t5)
core   0: 3 0x8000b716 (0x8e3f2723) mem 0x8000c000 0x00000001
