core   0: 0x00001000 (0x00000297) auipc   t0, 0x0
core   0: 3 0x00001000 (0x00000297) x 5 0x00001000
core   0: 0x00001004 (0x02028593) addi    a1, t0, 32
core   0: 3 0x00001004 (0x02028593) x11 0x00001020
core   0: 0x00001008 (0xf1402573) csrr    a0, mhartid
core   0: 3 0x00001008 (0xf1402573) x10 0x00000000
core   0: 0x0000100c (0x0182a283) lw      t0, 24(t0)
core   0: 3 0x0000100c (0x0182a283) x 5 0x80000000 mem 0x00001018
core   0: 0x00001010 (0x00028067) jr      t0
core   0: 3 0x00001010 (0x00028067)
core   0: 0x80000000 (0xf14022f3) csrr    t0, mhartid
core   0: 3 0x80000000 (0xf14022f3) x 5 0x00000000
core   0: 0x80000004 (0x00004301) c.li    t1, 0
core   0: 3 0x80000004 (0x4301) x 6 0x00000000
core   0: 0x80000006 (0x00628263) beq     t0, t1, pc + 4
core   0: 3 0x80000006 (0x00628263)
core   0: 0x8000000a (0x00000a17) auipc   s4, 0x0
core   0: 3 0x8000000a (0x00000a17) x20 0x8000000a
core   0: 0x8000000e (0x00ca0a13) addi    s4, s4, 12
core   0: 3 0x8000000e (0x00ca0a13) x20 0x80000016
core   0: 0x80000012 (0x000a0067) jr      s4
core   0: 3 0x80000012 (0x000a0067)
core   0: 0x80000016 (0x40001d37) lui     s10, 0x40001
core   0: 3 0x80000016 (0x40001d37) x26 0x40001000
core   0: 0x8000001a (0x104d0d13) addi    s10, s10, 260
core   0: 3 0x8000001a (0x104d0d13) x26 0x40001104
core   0: 0x8000001e (0x301d1073) csrw    misa, s10
core   0: 3 0x8000001e (0x301d1073) c769_misa 0x40141104
core   0: 0x80000022 (0x00027b97) auipc   s7, 0x27
core   0: 3 0x80000022 (0x00027b97) x23 0x80027022
core   0: 0x80000026 (0xcc2b8b93) addi    s7, s7, -830
core   0: 3 0x80000026 (0xcc2b8b93) x23 0x80026ce4
core   0: 0x8000002a (0x0000cd17) auipc   s10, 0xc
core   0: 3 0x8000002a (0x0000cd17) x26 0x8000c02a
core   0: 0x8000002e (0x626d0d13) addi    s10, s10, 1574
core   0: 3 0x8000002e (0x626d0d13) x26 0x8000c650
core   0: 0x80000032 (0x001d6d13) ori     s10, s10, 1
core   0: 3 0x80000032 (0x001d6d13) x26 0x8000c651
core   0: 0x80000036 (0x305d1073) csrw    mtvec, s10
core   0: 3 0x80000036 (0x305d1073) c773_mtvec 0x8000c651
core   0: 0x8000003a (0x00000d17) auipc   s10, 0x0
core   0: 3 0x8000003a (0x00000d17) x26 0x8000003a
core   0: 0x8000003e (0x024d0d13) addi    s10, s10, 36
core   0: 3 0x8000003e (0x024d0d13) x26 0x8000005e
core   0: 0x80000042 (0x341d1073) csrw    mepc, s10
core   0: 3 0x80000042 (0x341d1073) c833_mepc 0x8000005e
core   0: 0x80000046 (0x00000001) c.nop
core   0: 3 0x80000046 (0x0001)
core   0: 0x80000048 (0x00002d37) lui     s10, 0x2
core   0: 3 0x80000048 (0x00002d37) x26 0x00002000
core   0: 0x8000004c (0x800d0d13) addi    s10, s10, -2048
core   0: 3 0x8000004c (0x800d0d13) x26 0x00001800
core   0: 0x80000050 (0x300d1073) csrw    mstatus, s10
core   0: 3 0x80000050 (0x300d1073) c768_mstatus 0x00001800
core   0: 0x80000054 (0x00004d01) c.li    s10, 0
core   0: 3 0x80000054 (0x4d01) x26 0x00000000
core   0: 0x80000056 (0x304d1073) csrw    mie, s10
core   0: 3 0x80000056 (0x304d1073) c772_mie 0x00000000
core   0: 0x8000005a (0x30200073) mret
core   0: 3 0x8000005a (0x30200073) c768_mstatus 0x00000080
core   0: >>>>  init
core   0: 0x8000005e (0x80000037) lui     zero, 0x80000
core   0: 3 0x8000005e (0x80000037)
core   0: 0x80000062 (0x00000013) nop
core   0: 3 0x80000062 (0x00000013)
core   0: 0x80000066 (0xf438c0b7) lui     ra, 0xf438c
core   0: 3 0x80000066 (0xf438c0b7) x 1 0xf438c000
core   0: 0x8000006a (0xd8808093) addi    ra, ra, -632
core   0: 3 0x8000006a (0xd8808093) x 1 0xf438bd88
core   0: 0x8000006e (0x1009f137) lui     sp, 0x1009f
core   0: 3 0x8000006e (0x1009f137) x 2 0x1009f000
core   0: 0x80000072 (0xf3010113) addi    sp, sp, -208
core   0: 3 0x80000072 (0xf3010113) x 2 0x1009ef30
core   0: 0x80000076 (0xfdd741b7) lui     gp, 0xfdd74
core   0: 3 0x80000076 (0xfdd741b7) x 3 0xfdd74000
core   0: 0x8000007a (0xe1b18193) addi    gp, gp, -485
core   0: 3 0x8000007a (0xe1b18193) x 3 0xfdd73e1b
core   0: 0x8000007e (0x00004209) c.li    tp, 2
core   0: 3 0x8000007e (0x4209) x 4 0x00000002
core   0: 0x80000080 (0x800002b7) lui     t0, 0x80000
core   0: 3 0x80000080 (0x800002b7) x 5 0x80000000
core   0: 0x80000084 (0x00004301) c.li    t1, 0
core   0: 3 0x80000084 (0x4301) x 6 0x00000000
core   0: 0x80000086 (0xe81bf3b7) lui     t2, 0xe81bf
core   0: 3 0x80000086 (0xe81bf3b7) x 7 0xe81bf000
core   0: 0x8000008a (0x6e038393) addi    t2, t2, 1760
core   0: 3 0x8000008a (0x6e038393) x 7 0xe81bf6e0
core   0: 0x8000008e (0x00004401) c.li    s0, 0
core   0: 3 0x8000008e (0x4401) x 8 0x00000000
core   0: 0x80000090 (0xf2ad84b7) lui     s1, 0xf2ad8
core   0: 3 0x80000090 (0xf2ad84b7) x 9 0xf2ad8000
core   0: 0x80000094 (0xc0548493) addi    s1, s1, -1019
core   0: 3 0x80000094 (0xc0548493) x 9 0xf2ad7c05
core   0: 0x80000098 (0xfa70d537) lui     a0, 0xfa70d
core   0: 3 0x80000098 (0xfa70d537) x10 0xfa70d000
core   0: 0x8000009c (0x43450513) addi    a0, a0, 1076
core   0: 3 0x8000009c (0x43450513) x10 0xfa70d434
core   0: 0x800000a0 (0x800005b7) lui     a1, 0x80000
core   0: 3 0x800000a0 (0x800005b7) x11 0x80000000
core   0: 0x800000a4 (0xf7c7c637) lui     a2, 0xf7c7c
core   0: 3 0x800000a4 (0xf7c7c637) x12 0xf7c7c000
core   0: 0x800000a8 (0xd8f60613) addi    a2, a2, -625
core   0: 3 0x800000a8 (0xd8f60613) x12 0xf7c7bd8f
core   0: 0x800000ac (0x000046b9) c.li    a3, 14
core   0: 3 0x800000ac (0x46b9) x13 0x0000000e
core   0: 0x800000ae (0x00004721) c.li    a4, 8
core   0: 3 0x800000ae (0x4721) x14 0x00000008
core   0: 0x800000b0 (0xb7ffd7b7) lui     a5, 0xb7ffd
core   0: 3 0x800000b0 (0xb7ffd7b7) x15 0xb7ffd000
core   0: 0x800000b4 (0x27f78793) addi    a5, a5, 639
core   0: 3 0x800000b4 (0x27f78793) x15 0xb7ffd27f
core   0: 0x800000b8 (0xfbb6a837) lui     a6, 0xfbb6a
core   0: 3 0x800000b8 (0xfbb6a837) x16 0xfbb6a000
core   0: 0x800000bc (0xa7780813) addi    a6, a6, -1417
core   0: 3 0x800000bc (0xa7780813) x16 0xfbb69a77
core   0: 0x800000c0 (0x800008b7) lui     a7, 0x80000
core   0: 3 0x800000c0 (0x800008b7) x17 0x80000000
core   0: 0x800000c4 (0xdf1bc937) lui     s2, 0xdf1bc
core   0: 3 0x800000c4 (0xdf1bc937) x18 0xdf1bc000
core   0: 0x800000c8 (0xcce90913) addi    s2, s2, -818
core   0: 3 0x800000c8 (0xcce90913) x18 0xdf1bbcce
core   0: 0x800000cc (0x00004981) c.li    s3, 0
core   0: 3 0x800000cc (0x4981) x19 0x00000000
core   0: 0x800000ce (0x80000a37) lui     s4, 0x80000
core   0: 3 0x800000ce (0x80000a37) x20 0x80000000
core   0: 0x800000d2 (0xf0d50ab7) lui     s5, 0xf0d50
core   0: 3 0x800000d2 (0xf0d50ab7) x21 0xf0d50000
core   0: 0x800000d6 (0x641a8a93) addi    s5, s5, 1601
core   0: 3 0x800000d6 (0x641a8a93) x21 0xf0d50641
core   0: 0x800000da (0xf7964b37) lui     s6, 0xf7964
core   0: 3 0x800000da (0xf7964b37) x22 0xf7964000
core   0: 0x800000de (0xcefb0b13) addi    s6, s6, -785
core   0: 3 0x800000de (0xcefb0b13) x22 0xf7963cef
core   0: 0x800000e2 (0x80000c37) lui     s8, 0x80000
core   0: 3 0x800000e2 (0x80000c37) x24 0x80000000
core   0: 0x800000e6 (0xfb4f8cb7) lui     s9, 0xfb4f8
core   0: 3 0x800000e6 (0xfb4f8cb7) x25 0xfb4f8000
core   0: 0x800000ea (0x7b6c8c93) addi    s9, s9, 1974
core   0: 3 0x800000ea (0x7b6c8c93) x25 0xfb4f87b6
core   0: 0x800000ee (0x80000d37) lui     s10, 0x80000
core   0: 3 0x800000ee (0x80000d37) x26 0x80000000
core   0: 0x800000f2 (0x00004d81) c.li    s11, 0
core   0: 3 0x800000f2 (0x4d81) x27 0x00000000
core   0: 0x800000f4 (0x80000eb7) lui     t4, 0x80000
core   0: 3 0x800000f4 (0x80000eb7) x29 0x80000000
core   0: 0x800000f8 (0x00004f01) c.li    t5, 0
core   0: 3 0x800000f8 (0x4f01) x30 0x00000000
core   0: 0x800000fa (0x80000fb7) lui     t6, 0x80000
core   0: 3 0x800000fa (0x80000fb7) x31 0x80000000
core   0: 0x800000fe (0x00023e17) auipc   t3, 0x23
core   0: 3 0x800000fe (0x00023e17) x28 0x800230fe
core   0: 0x80000102 (0xd66e0e13) addi    t3, t3, -666
core   0: 3 0x80000102 (0xd66e0e13) x28 0x80022e64
core   0: 0x80000106 (0xfff00793) li      a5, -1
core   0: 3 0x80000106 (0xfff00793) x15 0xffffffff
core   0: 0x8000010a (0x00008b25) c.andi  a4, 9
core   0: 3 0x8000010a (0x8b25) x14 0x00000008
core   0: 0x8000010c (0x41d082b3) sub     t0, ra, t4
core   0: 3 0x8000010c (0x41d082b3) x 5 0x7438bd88
core   0: 0x80000110 (0x00000001) c.nop
core   0: 3 0x80000110 (0x0001)
core   0: 0x80000112 (0x0000821d) c.srli  a2, 7
core   0: 3 0x80000112 (0x821d) x12 0x01ef8f7b
core   0: 0x80000114 (0x00000996) c.slli  s3, 5
core   0: 3 0x80000114 (0x0996) x19 0x00000000
core   0: 0x80000116 (0x0000897a) c.mv    s2, t5
core   0: 3 0x80000116 (0x897a) x18 0x00000000
core   0: 0x80000118 (0x00000785) c.addi  a5, 1
core   0: 3 0x80000118 (0x0785) x15 0x00000000
core   0: 0x8000011a (0x2ebb2393) slti    t2, s6, 747
core   0: 3 0x8000011a (0x2ebb2393) x 7 0x00000001
core   0: 0x8000011e (0xff800a93) li      s5, -8
core   0: 3 0x8000011e (0xff800a93) x21 0xfffffff8
core   0: 0x80000122 (0x000086f5) c.srai  a3, 29
core   0: 3 0x80000122 (0x86f5) x13 0x00000000
core   0: 0x80000124 (0xffa00413) li      s0, -6
core   0: 3 0x80000124 (0xffa00413) x 8 0xfffffffa
core   0: 0x80000128 (0x0ff0000f) fence   iorw,iorw
core   0: 3 0x80000128 (0x0ff0000f)
core   0: 0x8000012c (0x01c942b3) xor     t0, s2, t3
core   0: 3 0x8000012c (0x01c942b3) x 5 0x80022e64
core   0: 0x80000130 (0x015da333) slt     t1, s11, s5
core   0: 3 0x80000130 (0x015da333) x 6 0x00000000
core   0: 0x80000134 (0x00000a85) c.addi  s5, 1
core   0: 3 0x80000134 (0x0a85) x21 0xfffffff9
core   0: 0x80000136 (0x00008a61) c.andi  a2, 24
core   0: 3 0x80000136 (0x8a61) x12 0x00000018
core   0: 0x80000138 (0x000085e1) c.srai  a1, 24
core   0: 3 0x80000138 (0x85e1) x11 0xffffff80
core   0: 0x8000013a (0x001b8fb3) add     t6, s7, ra
core   0: 3 0x8000013a (0x001b8fb3) x31 0x743b2a6c
core   0: 0x8000013e (0x03628b33) mul     s6, t0, s6
core   0: 3 0x8000013e (0x03628b33) x22 0xaf80bf5c
core   0: 0x80000142 (0x02a21533) mulh    a0, tp, a0
core   0: 3 0x80000142 (0x02a21533) x10 0xffffffff
core   0: 0x80000146 (0x41f684b3) sub     s1, a3, t6
core   0: 3 0x80000146 (0x41f684b3) x 9 0x8bc4d594
core   0: 0x8000014a (0x24e89097) auipc   ra, 0x24e89
core   0: 3 0x8000014a (0x24e89097) x 1 0xa4e8914a
core   0: 0x8000014e (0x016a7c33) and     s8, s4, s6
core   0: 3 0x8000014e (0x016a7c33) x24 0x80000000
core   0: 0x80000152 (0x03efefb3) rem     t6, t6, t5
core   0: 3 0x80000152 (0x03efefb3) x31 0x743b2a6c
core   0: 0x80000156 (0xfc8a8de3) beq     s5, s0, pc - 38
core   0: 3 0x80000156 (0xfc8a8de3)
core   0: 0x8000015a (0x4082deb3) sra     t4, t0, s0
core   0: 3 0x8000015a (0x4082deb3) x29 0xffffffe0
core   0: 0x8000015e (0x03e51f33) mulh    t5, a0, t5
core   0: 3 0x8000015e (0x03e51f33) x30 0x00000000
core   0: 0x80000162 (0x02b9d333) divu    t1, s3, a1
core   0: 3 0x80000162 (0x02b9d333) x 6 0x00000000
core   0: 0x80000166 (0x001d9f13) slli    t5, s11, 1
core   0: 3 0x80000166 (0x001d9f13) x30 0x00000000
core   0: 0x8000016a (0x0000f7d5) c.bnez  a5, pc - 84
core   0: 3 0x8000016a (0xf7d5)
core   0: 0x8000016c (0x035a9d33) mulh    s10, s5, s5
core   0: 3 0x8000016c (0x035a9d33) x26 0x00000000
core   0: 0x80000170 (0x00700593) li      a1, 7
core   0: 3 0x80000170 (0x00700593) x11 0x00000007
core   0: 0x80000174 (0x0000801d) c.srli  s0, 7
core   0: 3 0x80000174 (0x801d) x 8 0x01ffffff
core   0: 0x80000176 (0xffc00813) li      a6, -4
core   0: 3 0x80000176 (0xffc00813) x16 0xfffffffc
core   0: 0x8000017a (0x40f38533) sub     a0, t2, a5
core   0: 3 0x8000017a (0x40f38533) x10 0x00000001
core   0: 0x8000017e (0xd3c43c93) sltiu   s9, s0, -708
core   0: 3 0x8000017e (0xd3c43c93) x25 0x00000001
core   0: 0x80000182 (0x00006541) c.lui   a0, 0x10
core   0: 3 0x80000182 (0x6541) x10 0x00010000
core   0: 0x80000184 (0x000015f1) c.addi  a1, -4
core   0: 3 0x80000184 (0x15f1) x11 0x00000003
core   0: 0x80000186 (0x0000035e) c.slli  t1, 23
core   0: 3 0x80000186 (0x035e) x 6 0x00000000
core   0: 0x80000188 (0x0209a3b3) mulhsu  t2, s3, zero
core   0: 3 0x80000188 (0x0209a3b3) x 7 0x00000000
core   0: 0x8000018c (0x00a00613) li      a2, 10
core   0: 3 0x8000018c (0x00a00613) x12 0x0000000a
core   0: 0x80000190 (0x00000771) c.addi  a4, 28
core   0: 3 0x80000190 (0x0771) x14 0x00000024
core   0: 0x80000192 (0x00500913) li      s2, 5
core   0: 3 0x80000192 (0x00500913) x18 0x00000005
core   0: 0x80000196 (0x00000001) c.nop
core   0: 3 0x80000196 (0x0001)
core   0: 0x80000198 (0x00000001) c.nop
core   0: 3 0x80000198 (0x0001)
core   0: 0x8000019a (0x00001675) c.addi  a2, -3
core   0: 3 0x8000019a (0x1675) x12 0x00000007
core   0: 0x8000019c (0x41c1dc93) srai    s9, gp, 28
core   0: 3 0x8000019c (0x41c1dc93) x25 0xffffffff
core   0: 0x800001a0 (0xff267ce3) bgeu    a2, s2, pc - 8
core   0: 3 0x800001a0 (0xff267ce3)
core   0: 0x80000198 (0x00000001) c.nop
core   0: 3 0x80000198 (0x0001)
core   0: 0x8000019a (0x00001675) c.addi  a2, -3
core   0: 3 0x8000019a (0x1675) x12 0x00000004
core   0: 0x8000019c (0x41c1dc93) srai    s9, gp, 28
core   0: 3 0x8000019c (0x41c1dc93) x25 0xffffffff
core   0: 0x800001a0 (0xff267ce3) bgeu    a2, s2, pc - 8
core   0: 3 0x800001a0 (0xff267ce3)
core   0: 0x800001a4 (0x02bf3cb3) mulhu   s9, t5, a1
core   0: 3 0x800001a4 (0x02bf3cb3) x25 0x00000000
core   0: 0x800001a8 (0x419e57b3) sra     a5, t3, s9
core   0: 3 0x800001a8 (0x419e57b3) x15 0x80022e64
core   0: 0x800001ac (0x020ceb33) rem     s6, s9, zero
core   0: 3 0x800001ac (0x020ceb33) x22 0x00000000
core   0: 0x800001b0 (0x65158293) addi    t0, a1, 1617
core   0: 3 0x800001b0 (0x65158293) x 5 0x00000654
core   0: 0x800001b4 (0x02b839b3) mulhu   s3, a6, a1
core   0: 3 0x800001b4 (0x02b839b3) x19 0x00000002
core   0: 0x800001b8 (0x0026fcb3) and     s9, a3, sp
core   0: 3 0x800001b8 (0x0026fcb3) x25 0x00000000
core   0: 0x800001bc (0x41085233) sra     tp, a6, a6
core   0: 3 0x800001bc (0x41085233) x 4 0xffffffff
core   0: 0x800001c0 (0x0133d993) srli    s3, t2, 19
core   0: 3 0x800001c0 (0x0133d993) x19 0x00000000
core   0: 0x800001c4 (0x00000001) c.nop
core   0: 3 0x800001c4 (0x0001)
core   0: 0x800001c6 (0x000e9b33) sll     s6, t4, zero
core   0: 3 0x800001c6 (0x000e9b33) x22 0xffffffe0
core   0: 0x800001ca (0x6009b293) sltiu   t0, s3, 1536
core   0: 3 0x800001ca (0x6009b293) x 5 0x00000001
core   0: 0x800001ce (0x00006ec9) c.lui   t4, 0x12
core   0: 3 0x800001ce (0x6ec9) x29 0x00012000
core   0: 0x800001d0 (0xfb05d7e3) bge     a1, a6, pc - 82
core   0: 3 0x800001d0 (0xfb05d7e3)
core   0: 0x8000017e (0xd3c43c93) sltiu   s9, s0, -708
core   0: 3 0x8000017e (0xd3c43c93) x25 0x00000001
core   0: 0x80000182 (0x00006541) c.lui   a0, 0x10
core   0: 3 0x80000182 (0x6541) x10 0x00010000
core   0: 0x80000184 (0x000015f1) c.addi  a1, -4
core   0: 3 0x80000184 (0x15f1) x11 0xffffffff
core   0: 0x80000186 (0x0000035e) c.slli  t1, 23
core   0: 3 0x80000186 (0x035e) x 6 0x00000000
core   0: 0x80000188 (0x0209a3b3) mulhsu  t2, s3, zero
core   0: 3 0x80000188 (0x0209a3b3) x 7 0x00000000
core   0: 0x8000018c (0x00a00613) li      a2, 10
core   0: 3 0x8000018c (0x00a00613) x12 0x0000000a
core   0: 0x80000190 (0x00000771) c.addi  a4, 28
core   0: 3 0x80000190 (0x0771) x14 0x00000040
core   0: 0x80000192 (0x00500913) li      s2, 5
core   0: 3 0x80000192 (0x00500913) x18 0x00000005
core   0: 0x80000196 (0x00000001) c.nop
core   0: 3 0x80000196 (0x0001)
core   0: 0x80000198 (0x00000001) c.nop
core   0: 3 0x80000198 (0x0001)
core   0: 0x8000019a (0x00001675) c.addi  a2, -3
core   0: 3 0x8000019a (0x1675) x12 0x00000007
core   0: 0x8000019c (0x41c1dc93) srai    s9, gp, 28
core   0: 3 0x8000019c (0x41c1dc93) x25 0xffffffff
core   0: 0x800001a0 (0xff267ce3) bgeu    a2, s2, pc - 8
core   0: 3 0x800001a0 (0xff267ce3)
core   0: 0x80000198 (0x00000001) c.nop
core   0: 3 0x80000198 (0x0001)
core   0: 0x8000019a (0x00001675) c.addi  a2, -3
core   0: 3 0x8000019a (0x1675) x12 0x00000004
core   0: 0x8000019c (0x41c1dc93) srai    s9, gp, 28
core   0: 3 0x8000019c (0x41c1dc93) x25 0xffffffff
core   0: 0x800001a0 (0xff267ce3) bgeu    a2, s2, pc - 8
core   0: 3 0x800001a0 (0xff267ce3)
core   0: 0x800001a4 (0x02bf3cb3) mulhu   s9, t5, a1
core   0: 3 0x800001a4 (0x02bf3cb3) x25 0x00000000
core   0: 0x800001a8 (0x419e57b3) sra     a5, t3, s9
core   0: 3 0x800001a8 (0x419e57b3) x15 0x80022e64
core   0: 0x800001ac (0x020ceb33) rem     s6, s9, zero
core   0: 3 0x800001ac (0x020ceb33) x22 0x00000000
core   0: 0x800001b0 (0x65158293) addi    t0, a1, 1617
core   0: 3 0x800001b0 (0x65158293) x 5 0x00000650
core   0: 0x800001b4 (0x02b839b3) mulhu   s3, a6, a1
core   0: 3 0x800001b4 (0x02b839b3) x19 0xfffffffb
core   0: 0x800001b8 (0x0026fcb3) and     s9, a3, sp
core   0: 3 0x800001b8 (0x0026fcb3) x25 0x00000000
core   0: 0x800001bc (0x41085233) sra     tp, a6, a6
core   0: 3 0x800001bc (0x41085233) x 4 0xffffffff
core   0: 0x800001c0 (0x0133d993) srli    s3, t2, 19
core   0: 3 0x800001c0 (0x0133d993) x19 0x00000000
core   0: 0x800001c4 (0x00000001) c.nop
core   0: 3 0x800001c4 (0x0001)
core   0: 0x800001c6 (0x000e9b33) sll     s6, t4, zero
core   0: 3 0x800001c6 (0x000e9b33) x22 0x00012000
core   0: 0x800001ca (0x6009b293) sltiu   t0, s3, 1536
core   0: 3 0x800001ca (0x6009b293) x 5 0x00000001
core   0: 0x800001ce (0x00006ec9) c.lui   t4, 0x12
core   0: 3 0x800001ce (0x6ec9) x29 0x00012000
core   0: 0x800001d0 (0xfb05d7e3) bge     a1, a6, pc - 82
core   0: 3 0x800001d0 (0xfb05d7e3)
core   0: 0x8000017e (0xd3c43c93) sltiu   s9, s0, -708
core   0: 3 0x8000017e (0xd3c43c93) x25 0x00000001
core   0: 0x80000182 (0x00006541) c.lui   a0, 0x10
core   0: 3 0x80000182 (0x6541) x10 0x00010000
core   0: 0x80000184 (0x000015f1) c.addi  a1, -4
core   0: 3 0x80000184 (0x15f1) x11 0xfffffffb
core   0: 0x80000186 (0x0000035e) c.slli  t1, 23
core   0: 3 0x80000186 (0x035e) x 6 0x00000000
core   0: 0x80000188 (0x0209a3b3) mulhsu  t2, s3, zero
core   0: 3 0x80000188 (0x0209a3b3) x 7 0x00000000
core   0: 0x8000018c (0x00a00613) li      a2, 10
core   0: 3 0x8000018c (0x00a00613) x12 0x0000000a
core   0: 0x80000190 (0x00000771) c.addi  a4, 28
core   0: 3 0x80000190 (0x0771) x14 0x0000005c
core   0: 0x80000192 (0x00500913) li      s2, 5
core   0: 3 0x80000192 (0x00500913) x18 0x00000005
core   0: 0x80000196 (0x00000001) c.nop
core   0: 3 0x80000196 (0x0001)
core   0: 0x80000198 (0x00000001) c.nop
core   0: 3 0x80000198 (0x0001)
core   0: 0x8000019a (0x00001675) c.addi  a2, -3
core   0: 3 0x8000019a (0x1675) x12 0x00000007
core   0: 0x8000019c (0x41c1dc93) srai    s9, gp, 28
core   0: 3 0x8000019c (0x41c1dc93) x25 0xffffffff
core   0: 0x800001a0 (0xff267ce3) bgeu    a2, s2, pc - 8
core   0: 3 0x800001a0 (0xff267ce3)
core   0: 0x80000198 (0x00000001) c.nop
core   0: 3 0x80000198 (0x0001)
core   0: 0x8000019a (0x00001675) c.addi  a2, -3
core   0: 3 0x8000019a (0x1675) x12 0x00000004
core   0: 0x8000019c (0x41c1dc93) srai    s9, gp, 28
core   0: 3 0x8000019c (0x41c1dc93) x25 0xffffffff
core   0: 0x800001a0 (0xff267ce3) bgeu    a2, s2, pc - 8
core   0: 3 0x800001a0 (0xff267ce3)
core   0: 0x800001a4 (0x02bf3cb3) mulhu   s9, t5, a1
core   0: 3 0x800001a4 (0x02bf3cb3) x25 0x00000000
core   0: 0x800001a8 (0x419e57b3) sra     a5, t3, s9
core   0: 3 0x800001a8 (0x419e57b3) x15 0x80022e64
core   0: 0x800001ac (0x020ceb33) rem     s6, s9, zero
core   0: 3 0x800001ac (0x020ceb33) x22 0x00000000
core   0: 0x800001b0 (0x65158293) addi    t0, a1, 1617
core   0: 3 0x800001b0 (0x65158293) x 5 0x0000064c
core   0: 0x800001b4 (0x02b839b3) mulhu   s3, a6, a1
core   0: 3 0x800001b4 (0x02b839b3) x19 0xfffffff7
core   0: 0x800001b8 (0x0026fcb3) and     s9, a3, sp
core   0: 3 0x800001b8 (0x0026fcb3) x25 0x00000000
core   0: 0x800001bc (0x41085233) sra     tp, a6, a6
core   0: 3 0x800001bc (0x41085233) x 4 0xffffffff
core   0: 0x800001c0 (0x0133d993) srli    s3, t2, 19
core   0: 3 0x800001c0 (0x0133d993) x19 0x00000000
core   0: 0x800001c4 (0x00000001) c.nop
core   0: 3 0x800001c4 (0x0001)
core   0: 0x800001c6 (0x000e9b33) sll     s6, t4, zero
core   0: 3 0x800001c6 (0x000e9b33) x22 0x00012000
core   0: 0x800001ca (0x6009b293) sltiu   t0, s3, 1536
core   0: 3 0x800001ca (0x6009b293) x 5 0x00000001
core   0: 0x800001ce (0x00006ec9) c.lui   t4, 0x12
core   0: 3 0x800001ce (0x6ec9) x29 0x00012000
core   0: 0x800001d0 (0xfb05d7e3) bge     a1, a6, pc - 82
core   0: 3 0x800001d0 (0xfb05d7e3)
core   0: 0x800001d4 (0x018697b3) sll     a5, a3, s8
core   0: 3 0x800001d4 (0x018697b3) x15 0x00000000
core   0: 0x800001d8 (0x00400793) li      a5, 4
core   0: 3 0x800001d8 (0x00400793) x15 0x00000004
core   0: 0x800001dc (0x000099fd) c.andi  a1, -1
core   0: 3 0x800001dc (0x99fd) x11 0xfffffffb
core   0: 0x800001de (0x1ed00293) li      t0, 493
core   0: 3 0x800001de (0x1ed00293) x 5 0x000001ed
core   0: 0x800001e2 (0x026ef1b3) remu    gp, t4, t1
core   0: 3 0x800001e2 (0x026ef1b3) x 3 0x00012000
core   0: 0x800001e6 (0x00008d71) c.and   a0, a2
core   0: 3 0x800001e6 (0x8d71) x10 0x00000000
core   0: 0x800001e8 (0x03d84d33) div     s10, a6, t4
core   0: 3 0x800001e8 (0x03d84d33) x26 0x00000000
core   0: 0x800001ec (0x00400893) li      a7, 4
core   0: 3 0x800001ec (0x00400893) x17 0x00000004
core   0: 0x800001f0 (0x0353b4b3) mulhu   s1, t2, s5
core   0: 3 0x800001f0 (0x0353b4b3) x 9 0x00000000
core   0: 0x800001f4 (0xb1a02913) slti    s2, zero, -1254
core   0: 3 0x800001f4 (0xb1a02913) x18 0x00000000
core   0: 0x800001f8 (0x000017f5) c.addi  a5, -3
core   0: 3 0x800001f8 (0x17f5) x15 0x00000001
core   0: 0x800001fa (0x0000925a) c.add   tp, s6
core   0: 3 0x800001fa (0x925a) x 4 0x00011fff
core   0: 0x800001fc (0xffb00413) li      s0, -5
core   0: 3 0x800001fc (0xffb00413) x 8 0xfffffffb
core   0: 0x80000200 (0x00000f3a) c.slli  t5, 14
core   0: 3 0x80000200 (0x0f3a) x30 0x00000000
core   0: 0x80000202 (0xfff00e93) li      t4, -1
core   0: 3 0x80000202 (0xfff00e93) x29 0xffffffff
core   0: 0x80000206 (0x02523b33) mulhu   s6, tp, t0
core   0: 3 0x80000206 (0x02523b33) x22 0x00000000
core   0: 0x8000020a (0x40160733) sub     a4, a2, ra
core   0: 3 0x8000020a (0x40160733) x14 0x5b176eba
core   0: 0x8000020e (0x03113333) mulhu   t1, sp, a7
core   0: 3 0x8000020e (0x03113333) x 6 0x00000000
core   0: 0x80000212 (0x0000040d) c.addi  s0, 3
core   0: 3 0x80000212 (0x040d) x 8 0xfffffffe
core   0: 0x80000214 (0xffd44de3) blt     s0, t4, pc - 6
core   0: 3 0x80000214 (0xffd44de3)
core   0: 0x8000020e (0x03113333) mulhu   t1, sp, a7
core   0: 3 0x8000020e (0x03113333) x 6 0x00000000
core   0: 0x80000212 (0x0000040d) c.addi  s0, 3
core   0: 3 0x80000212 (0x040d) x 8 0x00000001
core   0: 0x80000214 (0xffd44de3) blt     s0, t4, pc - 6
core   0: 3 0x80000214 (0xffd44de3)
core   0: 0x80000218 (0x00008d95) c.sub   a1, a3
core   0: 3 0x80000218 (0x8d95) x11 0xfffffffb
core   0: 0x8000021a (0xfe79c313) xori    t1, s3, -25
core   0: 3 0x8000021a (0xfe79c313) x 6 0xffffffe7
core   0: 0x8000021e (0xfd17fbe3) bgeu    a5, a7, pc - 42
core   0: 3 0x8000021e (0xfd17fbe3)
core   0: 0x80000222 (0x032db5b3) mulhu   a1, s11, s2
core   0: 3 0x80000222 (0x032db5b3) x11 0x00000000
core   0: 0x80000226 (0x00900493) li      s1, 9
core   0: 3 0x80000226 (0x00900493) x 9 0x00000009
core   0: 0x8000022a (0x00000001) c.nop
core   0: 3 0x8000022a (0x0001)
core   0: 0x8000022c (0x029f6133) rem     sp, t5, s1
core   0: 3 0x8000022c (0x029f6133) x 2 0x00000000
core   0: 0x80000230 (0x0ff0000f) fence   iorw,iorw
core   0: 3 0x80000230 (0x0ff0000f)
core   0: 0x80000234 (0x00000001) c.nop
core   0: 3 0x80000234 (0x0001)
core   0: 0x80000236 (0x40a05593) srai    a1, zero, 10
core   0: 3 0x80000236 (0x40a05593) x11 0x00000000
core   0: 0x8000023a (0x007ec8b3) xor     a7, t4, t2
core   0: 3 0x8000023a (0x007ec8b3) x17 0xffffffff
core   0: 0x8000023e (0x00d058b3) srl     a7, zero, a3
core   0: 3 0x8000023e (0x00d058b3) x17 0x00000000
core   0: 0x80000242 (0x015f1133) sll     sp, t5, s5
core   0: 3 0x80000242 (0x015f1133) x 2 0x00000000
core   0: 0x80000246 (0x03478d33) mul     s10, a5, s4
core   0: 3 0x80000246 (0x03478d33) x26 0x80000000
core   0: 0x8000024a (0x000009ae) c.slli  s3, 11
core   0: 3 0x8000024a (0x09ae) x19 0x00000000
core   0: 0x8000024c (0x000014fd) c.addi  s1, -1
core   0: 3 0x8000024c (0x14fd) x 9 0x00000008
core   0: 0x8000024e (0xd8b3a893) slti    a7, t2, -629
core   0: 3 0x8000024e (0xd8b3a893) x17 0x00000000
core   0: 0x80000252 (0xff800513) li      a0, -8
core   0: 3 0x80000252 (0xff800513) x10 0xfffffff8
core   0: 0x80000256 (0x00b00813) li      a6, 11
core   0: 3 0x80000256 (0x00b00813) x16 0x0000000b
core   0: 0x8000025a (0xf33c8693) addi    a3, s9, -205
core   0: 3 0x8000025a (0xf33c8693) x13 0xffffff33
core   0: 0x8000025e (0x03c3d733) divu    a4, t2, t3
core   0: 3 0x8000025e (0x03c3d733) x14 0x00000000
core   0: 0x80000262 (0x639f2893) slti    a7, t5, 1593
core   0: 3 0x80000262 (0x639f2893) x17 0x00000001
core   0: 0x80000266 (0x0000910e) c.add   sp, gp
core   0: 3 0x80000266 (0x910e) x 2 0x00012000
core   0: 0x80000268 (0x00000515) c.addi  a0, 5
core   0: 3 0x80000268 (0x0515) x10 0xfffffffd
core   0: 0x8000026a (0xf97f3f93) sltiu   t6, t5, -105
core   0: 3 0x8000026a (0xf97f3f93) x31 0x00000001
core   0: 0x8000026e (0xff0548e3) blt     a0, a6, pc - 16
core   0: 3 0x8000026e (0xff0548e3)
core   0: 0x8000025e (0x03c3d733) divu    a4, t2, t3
core   0: 3 0x8000025e (0x03c3d733) x14 0x00000000
core   0: 0x80000262 (0x639f2893) slti    a7, t5, 1593
core   0: 3 0x80000262 (0x639f2893) x17 0x00000001
core   0: 0x80000266 (0x0000910e) c.add   sp, gp
core   0: 3 0x80000266 (0x910e) x 2 0x00024000
core   0: 0x80000268 (0x00000515) c.addi  a0, 5
core   0: 3 0x80000268 (0x0515) x10 0x00000002
core   0: 0x8000026a (0xf97f3f93) sltiu   t6, t5, -105
core   0: 3 0x8000026a (0xf97f3f93) x31 0x00000001
core   0: 0x8000026e (0xff0548e3) blt     a0, a6, pc - 16
core   0: 3 0x8000026e (0xff0548e3)
core   0: 0x8000025e (0x03c3d733) divu    a4, t2, t3
core   0: 3 0x8000025e (0x03c3d733) x14 0x00000000
core   0: 0x80000262 (0x639f2893) slti    a7, t5, 1593
core   0: 3 0x80000262 (0x639f2893) x17 0x00000001
core   0: 0x80000266 (0x0000910e) c.add   sp, gp
core   0: 3 0x80000266 (0x910e) x 2 0x00036000
core   0: 0x80000268 (0x00000515) c.addi  a0, 5
core   0: 3 0x80000268 (0x0515) x10 0x00000007
core   0: 0x8000026a (0xf97f3f93) sltiu   t6, t5, -105
core   0: 3 0x8000026a (0xf97f3f93) x31 0x00000001
core   0: 0x8000026e (0xff0548e3) blt     a0, a6, pc - 16
core   0: 3 0x8000026e (0xff0548e3)
core   0: 0x8000025e (0x03c3d733) divu    a4, t2, t3
core   0: 3 0x8000025e (0x03c3d733) x14 0x00000000
core   0: 0x80000262 (0x639f2893) slti    a7, t5, 1593
core   0: 3 0x80000262 (0x639f2893) x17 0x00000001
core   0: 0x80000266 (0x0000910e) c.add   sp, gp
core   0: 3 0x80000266 (0x910e) x 2 0x00048000
core   0: 0x80000268 (0x00000515) c.addi  a0, 5
core   0: 3 0x80000268 (0x0515) x10 0x0000000c
core   0: 0x8000026a (0xf97f3f93) sltiu   t6, t5, -105
core   0: 3 0x8000026a (0xf97f3f93) x31 0x00000001
core   0: 0x8000026e (0xff0548e3) blt     a0, a6, pc - 16
core   0: 3 0x8000026e (0xff0548e3)
core   0: 0x80000272 (0x0000dccd) c.beqz  s1, pc - 70
core   0: 3 0x80000272 (0xdccd)
core   0: 0x80000274 (0x0000100f) fence.i
core   0: 3 0x80000274 (0x0000100f)
core   0: 0x80000278 (0xffd00613) li      a2, -3
core   0: 3 0x80000278 (0xffd00613) x12 0xfffffffd
core   0: 0x8000027c (0x0000024a) c.slli  tp, 18
core   0: 3 0x8000027c (0x024a) x 4 0x7ffc0000
core   0: 0x8000027e (0x00500513) li      a0, 5
core   0: 3 0x8000027e (0x00500513) x10 0x00000005
core   0: 0x80000282 (0x40045813) srai    a6, s0, 0
core   0: 3 0x80000282 (0x40045813) x16 0x00000001
core   0: 0x80000286 (0x03da12b3) mulh    t0, s4, t4
core   0: 3 0x80000286 (0x03da12b3) x 5 0x00000000
core   0: 0x8000028a (0x5adb3093) sltiu   ra, s6, 1453
core   0: 3 0x8000028a (0x5adb3093) x 1 0x00000001
core   0: 0x8000028e (0x000099fd) c.andi  a1, -1
core   0: 3 0x8000028e (0x99fd) x11 0x00000000
core   0: 0x80000290 (0x00000b22) c.slli  s6, 8
core   0: 3 0x80000290 (0x0b22) x22 0x00000000
core   0: 0x80000292 (0x0000577d) c.li    a4, -1
core   0: 3 0x80000292 (0x577d) x14 0xffffffff
core   0: 0x80000294 (0x00000605) c.addi  a2, 1
core   0: 3 0x80000294 (0x0605) x12 0xfffffffe
core   0: 0x80000296 (0x00000001) c.nop
core   0: 3 0x80000296 (0x0001)
core   0: 0x80000298 (0x00900693) li      a3, 9
core   0: 3 0x80000298 (0x00900693) x13 0x00000009
core   0: 0x8000029c (0x01b62eb3) slt     t4, a2, s11
core   0: 3 0x8000029c (0x01b62eb3) x29 0x00000001
core   0: 0x800002a0 (0x00600993) li      s3, 6
core   0: 3 0x800002a0 (0x00600993) x19 0x00000006
core   0: 0x800002a4 (0x00000ae2) c.slli  s5, 24
core   0: 3 0x800002a4 (0x0ae2) x21 0xf9000000
core   0: 0x800002a6 (0x1384ff13) andi    t5, s1, 312
core   0: 3 0x800002a6 (0x1384ff13) x30 0x00000008
core   0: 0x800002aa (0x00008c19) c.sub   s0, a4
core   0: 3 0x800002aa (0x8c19) x 8 0x00000002
core   0: 0x800002ac (0x66a37e93) andi    t4, t1, 1642
core   0: 3 0x800002ac (0x66a37e93) x29 0x00000662
core   0: 0x800002b0 (0x8f294013) xori    zero, s2, -1806
core   0: 3 0x800002b0 (0x8f294013)
core   0: 0x800002b4 (0x000016f9) c.addi  a3, -2
core   0: 3 0x800002b4 (0x16f9) x13 0x00000007
core   0: 0x800002b6 (0x0ff0000f) fence   iorw,iorw
core   0: 3 0x800002b6 (0x0ff0000f)
core   0: 0x800002ba (0xff36fbe3) bgeu    a3, s3, pc - 10
core   0: 3 0x800002ba (0xff36fbe3)
core   0: 0x800002b0 (0x8f294013) xori    zero, s2, -1806
core   0: 3 0x800002b0 (0x8f294013)
core   0: 0x800002b4 (0x000016f9) c.addi  a3, -2
core   0: 3 0x800002b4 (0x16f9) x13 0x00000005
core   0: 0x800002b6 (0x0ff0000f) fence   iorw,iorw
core   0: 3 0x800002b6 (0x0ff0000f)
core   0: 0x800002ba (0xff36fbe3) bgeu    a3, s3, pc - 10
core   0: 3 0x800002ba (0xff36fbe3)
core   0: 0x800002be (0x00008f41) c.or    a4, s0
core   0: 3 0x800002be (0x8f41) x14 0xffffffff
core   0: 0x800002c0 (0xfca613e3) bne     a2, a0, pc - 58
core   0: 3 0x800002c0 (0xfca613e3)
core   0: 0x80000286 (0x03da12b3) mulh    t0, s4, t4
core   0: 3 0x80000286 (0x03da12b3) x 5 0xfffffccf
core   0: 0x8000028a (0x5adb3093) sltiu   ra, s6, 1453
core   0: 3 0x8000028a (0x5adb3093) x 1 0x00000001
core   0: 0x8000028e (0x000099fd) c.andi  a1, -1
core   0: 3 0x8000028e (0x99fd) x11 0x00000000
core   0: 0x80000290 (0x00000b22) c.slli  s6, 8
core   0: 3 0x80000290 (0x0b22) x22 0x00000000
core   0: 0x80000292 (0x0000577d) c.li    a4, -1
core   0: 3 0x80000292 (0x577d) x14 0xffffffff
core   0: 0x80000294 (0x00000605) c.addi  a2, 1
core   0: 3 0x80000294 (0x0605) x12 0xffffffff
core   0: 0x80000296 (0x00000001) c.nop
core   0: 3 0x80000296 (0x0001)
core   0: 0x80000298 (0x00900693) li      a3, 9
core   0: 3 0x80000298 (0x00900693) x13 0x00000009
core   0: 0x8000029c (0x01b62eb3) slt     t4, a2, s11
core   0: 3 0x8000029c (0x01b62eb3) x29 0x00000001
core   0: 0x800002a0 (0x00600993) li      s3, 6
core   0: 3 0x800002a0 (0x00600993) x19 0x00000006
core   0: 0x800002a4 (0x00000ae2) c.slli  s5, 24
core   0: 3 0x800002a4 (0x0ae2) x21 0x00000000
core   0: 0x800002a6 (0x1384ff13) andi    t5, s1, 312
core   0: 3 0x800002a6 (0x1384ff13) x30 0x00000008
core   0: 0x800002aa (0x00008c19) c.sub   s0, a4
core   0: 3 0x800002aa (0x8c19) x 8 0x00000003
core   0: 0x800002ac (0x66a37e93) andi    t4, t1, 1642
core   0: 3 0x800002ac (0x66a37e93) x29 0x00000662
core   0: 0x800002b0 (0x8f294013) xori    zero, s2, -1806
core   0: 3 0x800002b0 (0x8f294013)
core   0: 0x800002b4 (0x000016f9) c.addi  a3, -2
core   0: 3 0x800002b4 (0x16f9) x13 0x00000007
core   0: 0x800002b6 (0x0ff0000f) fence   iorw,iorw
core   0: 3 0x800002b6 (0x0ff0000f)
core   0: 0x800002ba (0xff36fbe3) bgeu    a3, s3, pc - 10
core   0: 3 0x800002ba (0xff36fbe3)
core   0: 0x800002b0 (0x8f294013) xori    zero, s2, -1806
core   0: 3 0x800002b0 (0x8f294013)
core   0: 0x800002b4 (0x000016f9) c.addi  a3, -2
core   0: 3 0x800002b4 (0x16f9) x13 0x00000005
core   0: 0x800002b6 (0x0ff0000f) fence   iorw,iorw
core   0: 3 0x800002b6 (0x0ff0000f)
core   0: 0x800002ba (0xff36fbe3) bgeu    a3, s3, pc - 10
core   0: 3 0x800002ba (0xff36fbe3)
core   0: 0x800002be (0x00008f41) c.or    a4, s0
core   0: 3 0x800002be (0x8f41) x14 0xffffffff
core   0: 0x800002c0 (0xfca613e3) bne     a2, a0, pc - 58
core   0: 3 0x800002c0 (0xfca613e3)
core   0: 0x80000286 (0x03da12b3) mulh    t0, s4, t4
core   0: 3 0x80000286 (0x03da12b3) x 5 0xfffffccf
core   0: 0x8000028a (0x5adb3093) sltiu   ra, s6, 1453
core   0: 3 0x8000028a (0x5adb3093) x 1 0x00000001
core   0: 0x8000028e (0x000099fd) c.andi  a1, -1
core   0: 3 0x8000028e (0x99fd) x11 0x00000000
core   0: 0x80000290 (0x00000b22) c.slli  s6, 8
core   0: 3 0x80000290 (0x0b22) x22 0x00000000
core   0: 0x80000292 (0x0000577d) c.li    a4, -1
core   0: 3 0x80000292 (0x577d) x14 0xffffffff
core   0: 0x80000294 (0x00000605) c.addi  a2, 1
core   0: 3 0x80000294 (0x0605) x12 0x00000000
core   0: 0x80000296 (0x00000001) c.nop
core   0: 3 0x80000296 (0x0001)
core   0: 0x80000298 (0x00900693) li      a3, 9
core   0: 3 0x80000298 (0x00900693) x13 0x00000009
core   0: 0x8000029c (0x01b62eb3) slt     t4, a2, s11
core   0: 3 0x8000029c (0x01b62eb3) x29 0x00000000
core   0: 0x800002a0 (0x00600993) li      s3, 6
core   0: 3 0x800002a0 (0x00600993) x19 0x00000006
core   0: 0x800002a4 (0x00000ae2) c.slli  s5, 24
core   0: 3 0x800002a4 (0x0ae2) x21 0x00000000
core   0: 0x800002a6 (0x1384ff13) andi    t5, s1, 312
core   0: 3 0x800002a6 (0x1384ff13) x30 0x00000008
core   0: 0x800002aa (0x00008c19) c.sub   s0, a4
core   0: 3 0x800002aa (0x8c19) x 8 0x00000004
core   0: 0x800002ac (0x66a37e93) andi    t4, t1, 1642
core   0: 3 0x800002ac (0x66a37e93) x29 0x00000662
core   0: 0x800002b0 (0x8f294013) xori    zero, s2, -1806
core   0: 3 0x800002b0 (0x8f294013)
core   0: 0x800002b4 (0x000016f9) c.addi  a3, -2
core   0: 3 0x800002b4 (0x16f9) x13 0x00000007
core   0: 0x800002b6 (0x0ff0000f) fence   iorw,iorw
core   0: 3 0x800002b6 (0x0ff0000f)
core   0: 0x800002ba (0xff36fbe3) bgeu    a3, s3, pc - 10
core   0: 3 0x800002ba (0xff36fbe3)
core   0: 0x800002b0 (0x8f294013) xori    zero, s2, -1806
core   0: 3 0x800002b0 (0x8f294013)
core   0: 0x800002b4 (0x000016f9) c.addi  a3, -2
core   0: 3 0x800002b4 (0x16f9) x13 0x00000005
core   0: 0x800002b6 (0x0ff0000f) fence   iorw,iorw
core   0: 3 0x800002b6 (0x0ff0000f)
core   0: 0x800002ba (0xff36fbe3) bgeu    a3, s3, pc - 10
core   0: 3 0x800002ba (0xff36fbe3)
core   0: 0x800002be (0x00008f41) c.or    a4, s0
core   0: 3 0x800002be (0x8f41) x14 0xffffffff
core   0: 0x800002c0 (0xfca613e3) bne     a2, a0, pc - 58
core   0: 3 0x800002c0 (0xfca613e3)
core   0: 0x80000286 (0x03da12b3) mulh    t0, s4, t4
core   0: 3 0x80000286 (0x03da12b3) x 5 0xfffffccf
core   0: 0x8000028a (0x5adb3093) sltiu   ra, s6, 1453
core   0: 3 0x8000028a (0x5adb3093) x 1 0x00000001
core   0: 0x8000028e (0x000099fd) c.andi  a1, -1
core   0: 3 0x8000028e (0x99fd) x11 0x00000000
core   0: 0x80000290 (0x00000b22) c.slli  s6, 8
core   0: 3 0x80000290 (0x0b22) x22 0x00000000
core   0: 0x80000292 (0x0000577d) c.li    a4, -1
core   0: 3 0x80000292 (0x577d) x14 0xffffffff
core   0: 0x80000294 (0x00000605) c.addi  a2, 1
core   0: 3 0x80000294 (0x0605) x12 0x00000001
core   0: 0x80000296 (0x00000001) c.nop
core   0: 3 0x80000296 (0x0001)
core   0: 0x80000298 (0x00900693) li      a3, 9
core   0: 3 0x80000298 (0x00900693) x13 0x00000009
core   0: 0x8000029c (0x01b62eb3) slt     t4, a2, s11
core   0: 3 0x8000029c (0x01b62eb3) x29 0x00000000
core   0: 0x800002a0 (0x00600993) li      s3, 6
core   0: 3 0x800002a0 (0x00600993) x19 0x00000006
core   0: 0x800002a4 (0x00000ae2) c.slli  s5, 24
core   0: 3 0x800002a4 (0x0ae2) x21 0x00000000
core   0: 0x800002a6 (0x1384ff13) andi    t5, s1, 312
core   0: 3 0x800002a6 (0x1384ff13) x30 0x00000008
core   0: 0x800002aa (0x00008c19) c.sub   s0, a4
core   0: 3 0x800002aa (0x8c19) x 8 0x00000005
core   0: 0x800002ac (0x66a37e93) andi    t4, t1, 1642
core   0: 3 0x800002ac (0x66a37e93) x29 0x00000662
core   0: 0x800002b0 (0x8f294013) xori    zero, s2, -1806
core   0: 3 0x800002b0 (0x8f294013)
core   0: 0x800002b4 (0x000016f9) c.addi  a3, -2
core   0: 3 0x800002b4 (0x16f9) x13 0x00000007
core   0: 0x800002b6 (0x0ff0000f) fence   iorw,iorw
core   0: 3 0x800002b6 (0x0ff0000f)
core   0: 0x800002ba (0xff36fbe3) bgeu    a3, s3, pc - 10
core   0: 3 0x800002ba (0xff36fbe3)
core   0: 0x800002b0 (0x8f294013) xori    zero, s2, -1806
core   0: 3 0x800002b0 (0x8f294013)
core   0: 0x800002b4 (0x000016f9) c.addi  a3, -2
core   0: 3 0x800002b4 (0x16f9) x13 0x00000005
core   0: 0x800002b6 (0x0ff0000f) fence   iorw,iorw
core   0: 3 0x800002b6 (0x0ff0000f)
core   0: 0x800002ba (0xff36fbe3) bgeu    a3, s3, pc - 10
core   0: 3 0x800002ba (0xff36fbe3)
core   0: 0x800002be (0x00008f41) c.or    a4, s0
core   0: 3 0x800002be (0x8f41) x14 0xffffffff
core   0: 0x800002c0 (0xfca613e3) bne     a2, a0, pc - 58
core   0: 3 0x800002c0 (0xfca613e3)
core   0: 0x80000286 (0x03da12b3) mulh    t0, s4, t4
core   0: 3 0x80000286 (0x03da12b3) x 5 0xfffffccf
core   0: 0x8000028a (0x5adb3093) sltiu   ra, s6, 1453
core   0: 3 0x8000028a (0x5adb3093) x 1 0x00000001
core   0: 0x8000028e (0x000099fd) c.andi  a1, -1
core   0: 3 0x8000028e (0x99fd) x11 0x00000000
core   0: 0x80000290 (0x00000b22) c.slli  s6, 8
core   0: 3 0x80000290 (0x0b22) x22 0x00000000
core   0: 0x80000292 (0x0000577d) c.li    a4, -1
core   0: 3 0x80000292 (0x577d) x14 0xffffffff
core   0: 0x80000294 (0x00000605) c.addi  a2, 1
core   0: 3 0x80000294 (0x0605) x12 0x00000002
core   0: 0x80000296 (0x00000001) c.nop
core   0: 3 0x80000296 (0x0001)
core   0: 0x80000298 (0x00900693) li      a3, 9
core   0: 3 0x80000298 (0x00900693) x13 0x00000009
core   0: 0x8000029c (0x01b62eb3) slt     t4, a2, s11
core   0: 3 0x8000029c (0x01b62eb3) x29 0x00000000
core   0: 0x800002a0 (0x00600993) li      s3, 6
core   0: 3 0x800002a0 (0x00600993) x19 0x00000006
core   0: 0x800002a4 (0x00000ae2) c.slli  s5, 24
core   0: 3 0x800002a4 (0x0ae2) x21 0x00000000
core   0: 0x800002a6 (0x1384ff13) andi    t5, s1, 312
core   0: 3 0x800002a6 (0x1384ff13) x30 0x00000008
core   0: 0x800002aa (0x00008c19) c.sub   s0, a4
core   0: 3 0x800002aa (0x8c19) x 8 0x00000006
core   0: 0x800002ac (0x66a37e93) andi    t4, t1, 1642
core   0: 3 0x800002ac (0x66a37e93) x29 0x00000662
core   0: 0x800002b0 (0x8f294013) xori    zero, s2, -1806
core   0: 3 0x800002b0 (0x8f294013)
core   0: 0x800002b4 (0x000016f9) c.addi  a3, -2
core   0: 3 0x800002b4 (0x16f9) x13 0x00000007
core   0: 0x800002b6 (0x0ff0000f) fence   iorw,iorw
core   0: 3 0x800002b6 (0x0ff0000f)
core   0: 0x800002ba (0xff36fbe3) bgeu    a3, s3, pc - 10
core   0: 3 0x800002ba (0xff36fbe3)
core   0: 0x800002b0 (0x8f294013) xori    zero, s2, -1806
core   0: 3 0x800002b0 (0x8f294013)
core   0: 0x800002b4 (0x000016f9) c.addi  a3, -2
core   0: 3 0x800002b4 (0x16f9) x13 0x00000005
core   0: 0x800002b6 (0x0ff0000f) fence   iorw,iorw
core   0: 3 0x800002b6 (0x0ff0000f)
core   0: 0x800002ba (0xff36fbe3) bgeu    a3, s3, pc - 10
core   0: 3 0x800002ba (0xff36fbe3)
core   0: 0x800002be (0x00008f41) c.or    a4, s0
core   0: 3 0x800002be (0x8f41) x14 0xffffffff
core   0: 0x800002c0 (0xfca613e3) bne     a2, a0, pc - 58
core   0: 3 0x800002c0 (0xfca613e3)
core   0: 0x80000286 (0x03da12b3) mulh    t0, s4, t4
core   0: 3 0x80000286 (0x03da12b3) x 5 0xfffffccf
core   0: 0x8000028a (0x5adb3093) sltiu   ra, s6, 1453
core   0: 3 0x8000028a (0x5adb3093) x 1 0x00000001
core   0: 0x8000028e (0x000099fd) c.andi  a1, -1
core   0: 3 0x8000028e (0x99fd) x11 0x00000000
core   0: 0x80000290 (0x00000b22) c.slli  s6, 8
core   0: 3 0x80000290 (0x0b22) x22 0x00000000
core   0: 0x80000292 (0x0000577d) c.li    a4, -1
core   0: 3 0x80000292 (0x577d) x14 0xffffffff
core   0: 0x80000294 (0x00000605) c.addi  a2, 1
core   0: 3 0x80000294 (0x0605) x12 0x00000003
core   0: 0x80000296 (0x00000001) c.nop
core   0: 3 0x80000296 (0x0001)
core   0: 0x80000298 (0x00900693) li      a3, 9
core   0: 3 0x80000298 (0x00900693) x13 0x00000009
core   0: 0x8000029c (0x01b62eb3) slt     t4, a2, s11
core   0: 3 0x8000029c (0x01b62eb3) x29 0x00000000
core   0: 0x800002a0 (0x00600993) li      s3, 6
core   0: 3 0x800002a0 (0x00600993) x19 0x00000006
core   0: 0x800002a4 (0x00000ae2) c.slli  s5, 24
core   0: 3 0x800002a4 (0x0ae2) x21 0x00000000
core   0: 0x800002a6 (0x1384ff13) andi    t5, s1, 312
core   0: 3 0x800002a6 (0x1384ff13) x30 0x00000008
core   0: 0x800002aa (0x00008c19) c.sub   s0, a4
core   0: 3 0x800002aa (0x8c19) x 8 0x00000007
core   0: 0x800002ac (0x66a37e93) andi    t4, t1, 1642
core   0: 3 0x800002ac (0x66a37e93) x29 0x00000662
core   0: 0x800002b0 (0x8f294013) xori    zero, s2, -1806
core   0: 3 0x800002b0 (0x8f294013)
core   0: 0x800002b4 (0x000016f9) c.addi  a3, -2
core   0: 3 0x800002b4 (0x16f9) x13 0x00000007
core   0: 0x800002b6 (0x0ff0000f) fence   iorw,iorw
core   0: 3 0x800002b6 (0x0ff0000f)
core   0: 0x800002ba (0xff36fbe3) bgeu    a3, s3, pc - 10
core   0: 3 0x800002ba (0xff36fbe3)
core   0: 0x800002b0 (0x8f294013) xori    zero, s2, -1806
core   0: 3 0x800002b0 (0x8f294013)
core   0: 0x800002b4 (0x000016f9) c.addi  a3, -2
core   0: 3 0x800002b4 (0x16f9) x13 0x00000005
core   0: 0x800002b6 (0x0ff0000f) fence   iorw,iorw
core   0: 3 0x800002b6 (0x0ff0000f)
core   0: 0x800002ba (0xff36fbe3) bgeu    a3, s3, pc - 10
core   0: 3 0x800002ba (0xff36fbe3)
core   0: 0x800002be (0x00008f41) c.or    a4, s0
core   0: 3 0x800002be (0x8f41) x14 0xffffffff
core   0: 0x800002c0 (0xfca613e3) bne     a2, a0, pc - 58
core   0: 3 0x800002c0 (0xfca613e3)
core   0: 0x80000286 (0x03da12b3) mulh    t0, s4, t4
core   0: 3 0x80000286 (0x03da12b3) x 5 0xfffffccf
core   0: 0x8000028a (0x5adb3093) sltiu   ra, s6, 1453
core   0: 3 0x8000028a (0x5adb3093) x 1 0x00000001
core   0: 0x8000028e (0x000099fd) c.andi  a1, -1
core   0: 3 0x8000028e (0x99fd) x11 0x00000000
core   0: 0x80000290 (0x00000b22) c.slli  s6, 8
core   0: 3 0x80000290 (0x0b22) x22 0x00000000
core   0: 0x80000292 (0x0000577d) c.li    a4, -1
core   0: 3 0x80000292 (0x577d) x14 0xffffffff
core   0: 0x80000294 (0x00000605) c.addi  a2, 1
core   0: 3 0x80000294 (0x0605) x12 0x00000004
core   0: 0x80000296 (0x00000001) c.nop
core   0: 3 0x80000296 (0x0001)
core   0: 0x80000298 (0x00900693) li      a3, 9
core   0: 3 0x80000298 (0x00900693) x13 0x00000009
core   0: 0x8000029c (0x01b62eb3) slt     t4, a2, s11
core   0: 3 0x8000029c (0x01b62eb3) x29 0x00000000
core   0: 0x800002a0 (0x00600993) li      s3, 6
core   0: 3 0x800002a0 (0x00600993) x19 0x00000006
core   0: 0x800002a4 (0x00000ae2) c.slli  s5, 24
core   0: 3 0x800002a4 (0x0ae2) x21 0x00000000
core   0: 0x800002a6 (0x1384ff13) andi    t5, s1, 312
core   0: 3 0x800002a6 (0x1384ff13) x30 0x00000008
core   0: 0x800002aa (0x00008c19) c.sub   s0, a4
core   0: 3 0x800002aa (0x8c19) x 8 0x00000008
core   0: 0x800002ac (0x66a37e93) andi    t4, t1, 1642
core   0: 3 0x800002ac (0x66a37e93) x29 0x00000662
core   0: 0x800002b0 (0x8f294013) xori    zero, s2, -1806
core   0: 3 0x800002b0 (0x8f294013)
core   0: 0x800002b4 (0x000016f9) c.addi  a3, -2
core   0: 3 0x800002b4 (0x16f9) x13 0x00000007
core   0: 0x800002b6 (0x0ff0000f) fence   iorw,iorw
core   0: 3 0x800002b6 (0x0ff0000f)
core   0: 0x800002ba (0xff36fbe3) bgeu    a3, s3, pc - 10
core   0: 3 0x800002ba (0xff36fbe3)
core   0: 0x800002b0 (0x8f294013) xori    zero, s2, -1806
core   0: 3 0x800002b0 (0x8f294013)
core   0: 0x800002b4 (0x000016f9) c.addi  a3, -2
core   0: 3 0x800002b4 (0x16f9) x13 0x00000005
core   0: 0x800002b6 (0x0ff0000f) fence   iorw,iorw
core   0: 3 0x800002b6 (0x0ff0000f)
core   0: 0x800002ba (0xff36fbe3) bgeu    a3, s3, pc - 10
core   0: 3 0x800002ba (0xff36fbe3)
core   0: 0x800002be (0x00008f41) c.or    a4, s0
core   0: 3 0x800002be (0x8f41) x14 0xffffffff
core   0: 0x800002c0 (0xfca613e3) bne     a2, a0, pc - 58
core   0: 3 0x800002c0 (0xfca613e3)
core   0: 0x80000286 (0x03da12b3) mulh    t0, s4, t4
core   0: 3 0x80000286 (0x03da12b3) x 5 0xfffffccf
core   0: 0x8000028a (0x5adb3093) sltiu   ra, s6, 1453
core   0: 3 0x8000028a (0x5adb3093) x 1 0x00000001
core   0: 0x8000028e (0x000099fd) c.andi  a1, -1
core   0: 3 0x8000028e (0x99fd) x11 0x00000000
core   0: 0x80000290 (0x00000b22) c.slli  s6, 8
core   0: 3 0x80000290 (0x0b22) x22 0x00000000
core   0: 0x80000292 (0x0000577d) c.li    a4, -1
core   0: 3 0x80000292 (0x577d) x14 0xffffffff
core   0: 0x80000294 (0x00000605) c.addi  a2, 1
core   0: 3 0x80000294 (0x0605) x12 0x00000005
core   0: 0x80000296 (0x00000001) c.nop
core   0: 3 0x80000296 (0x0001)
core   0: 0x80000298 (0x00900693) li      a3, 9
core   0: 3 0x80000298 (0x00900693) x13 0x00000009
core   0: 0x8000029c (0x01b62eb3) slt     t4, a2, s11
core   0: 3 0x8000029c (0x01b62eb3) x29 0x00000000
core   0: 0x800002a0 (0x00600993) li      s3, 6
core   0: 3 0x800002a0 (0x00600993) x19 0x00000006
core   0: 0x800002a4 (0x00000ae2) c.slli  s5, 24
core   0: 3 0x800002a4 (0x0ae2) x21 0x00000000
core   0: 0x800002a6 (0x1384ff13) andi    t5, s1, 312
core   0: 3 0x800002a6 (0x1384ff13) x30 0x00000008
core   0: 0x800002aa (0x00008c19) c.sub   s0, a4
core   0: 3 0x800002aa (0x8c19) x 8 0x00000009
core   0: 0x800002ac (0x66a37e93) andi    t4, t1, 1642
core   0: 3 0x800002ac (0x66a37e93) x29 0x00000662
core   0: 0x800002b0 (0x8f294013) xori    zero, s2, -1806
core   0: 3 0x800002b0 (0x8f294013)
core   0: 0x800002b4 (0x000016f9) c.addi  a3, -2
core   0: 3 0x800002b4 (0x16f9) x13 0x00000007
core   0: 0x800002b6 (0x0ff0000f) fence   iorw,iorw
core   0: 3 0x800002b6 (0x0ff0000f)
core   0: 0x800002ba (0xff36fbe3) bgeu    a3, s3, pc - 10
core   0: 3 0x800002ba (0xff36fbe3)
core   0: 0x800002b0 (0x8f294013) xori    zero, s2, -1806
core   0: 3 0x800002b0 (0x8f294013)
core   0: 0x800002b4 (0x000016f9) c.addi  a3, -2
core   0: 3 0x800002b4 (0x16f9) x13 0x00000005
core   0: 0x800002b6 (0x0ff0000f) fence   iorw,iorw
core   0: 3 0x800002b6 (0x0ff0000f)
core   0: 0x800002ba (0xff36fbe3) bgeu    a3, s3, pc - 10
core   0: 3 0x800002ba (0xff36fbe3)
core   0: 0x800002be (0x00008f41) c.or    a4, s0
core   0: 3 0x800002be (0x8f41) x14 0xffffffff
core   0: 0x800002c0 (0xfca613e3) bne     a2, a0, pc - 58
core   0: 3 0x800002c0 (0xfca613e3)
core   0: 0x800002c4 (0x00008c3d) c.xor   s0, a5
core   0: 3 0x800002c4 (0x8c3d) x 8 0x00000008
core   0: 0x800002c6 (0xffe00793) li      a5, -2
core   0: 3 0x800002c6 (0xffe00793) x15 0xfffffffe
core   0: 0x800002ca (0xff600c13) li      s8, -10
core   0: 3 0x800002ca (0xff600c13) x24 0xfffffff6
core   0: 0x800002ce (0x00008de5) c.and   a1, s1
core   0: 3 0x800002ce (0x8de5) x11 0x00000000
core   0: 0x800002d0 (0x000017f5) c.addi  a5, -3
core   0: 3 0x800002d0 (0x17f5) x15 0xfffffffb
core   0: 0x800002d2 (0xff600213) li      tp, -10
core   0: 3 0x800002d2 (0xff600213) x 4 0xfffffff6
core   0: 0x800002d6 (0x00400113) li      sp, 4
core   0: 3 0x800002d6 (0x00400113) x 2 0x00000004
core   0: 0x800002da (0x005ce933) or      s2, s9, t0
core   0: 3 0x800002da (0x005ce933) x18 0xfffffccf
core   0: 0x800002de (0x00000205) c.addi  tp, 1
core   0: 3 0x800002de (0x0205) x 4 0xfffffff7
core   0: 0x800002e0 (0xfe221de3) bne     tp, sp, pc - 6
core   0: 3 0x800002e0 (0xfe221de3)
core   0: 0x800002da (0x005ce933) or      s2, s9, t0
core   0: 3 0x800002da (0x005ce933) x18 0xfffffccf
core   0: 0x800002de (0x00000205) c.addi  tp, 1
core   0: 3 0x800002de (0x0205) x 4 0xfffffff8
core   0: 0x800002e0 (0xfe221de3) bne     tp, sp, pc - 6
core   0: 3 0x800002e0 (0xfe221de3)
core   0: 0x800002da (0x005ce933) or      s2, s9, t0
core   0: 3 0x800002da (0x005ce933) x18 0xfffffccf
core   0: 0x800002de (0x00000205) c.addi  tp, 1
core   0: 3 0x800002de (0x0205) x 4 0xfffffff9
core   0: 0x800002e0 (0xfe221de3) bne     tp, sp, pc - 6
core   0: 3 0x800002e0 (0xfe221de3)
core   0: 0x800002da (0x005ce933) or      s2, s9, t0
core   0: 3 0x800002da (0x005ce933) x18 0xfffffccf
core   0: 0x800002de (0x00000205) c.addi  tp, 1
core   0: 3 0x800002de (0x0205) x 4 0xfffffffa
core   0: 0x800002e0 (0xfe221de3) bne     tp, sp, pc - 6
core   0: 3 0x800002e0 (0xfe221de3)
core   0: 0x800002da (0x005ce933) or      s2, s9, t0
core   0: 3 0x800002da (0x005ce933) x18 0xfffffccf
core   0: 0x800002de (0x00000205) c.addi  tp, 1
core   0: 3 0x800002de (0x0205) x 4 0xfffffffb
core   0: 0x800002e0 (0xfe221de3) bne     tp, sp, pc - 6
core   0: 3 0x800002e0 (0xfe221de3)
core   0: 0x800002da (0x005ce933) or      s2, s9, t0
core   0: 3 0x800002da (0x005ce933) x18 0xfffffccf
core   0: 0x800002de (0x00000205) c.addi  tp, 1
core   0: 3 0x800002de (0x0205) x 4 0xfffffffc
core   0: 0x800002e0 (0xfe221de3) bne     tp, sp, pc - 6
core   0: 3 0x800002e0 (0xfe221de3)
core   0: 0x800002da (0x005ce933) or      s2, s9, t0
core   0: 3 0x800002da (0x005ce933) x18 0xfffffccf
core   0: 0x800002de (0x00000205) c.addi  tp, 1
core   0: 3 0x800002de (0x0205) x 4 0xfffffffd
core   0: 0x800002e0 (0xfe221de3) bne     tp, sp, pc - 6
core   0: 3 0x800002e0 (0xfe221de3)
core   0: 0x800002da (0x005ce933) or      s2, s9, t0
core   0: 3 0x800002da (0x005ce933) x18 0xfffffccf
core   0: 0x800002de (0x00000205) c.addi  tp, 1
core   0: 3 0x800002de (0x0205) x 4 0xfffffffe
core   0: 0x800002e0 (0xfe221de3) bne     tp, sp, pc - 6
core   0: 3 0x800002e0 (0xfe221de3)
core   0: 0x800002da (0x005ce933) or      s2, s9, t0
core   0: 3 0x800002da (0x005ce933) x18 0xfffffccf
core   0: 0x800002de (0x00000205) c.addi  tp, 1
core   0: 3 0x800002de (0x0205) x 4 0xffffffff
core   0: 0x800002e0 (0xfe221de3) bne     tp, sp, pc - 6
core   0: 3 0x800002e0 (0xfe221de3)
core   0: 0x800002da (0x005ce933) or      s2, s9, t0
core   0: 3 0x800002da (0x005ce933) x18 0xfffffccf
core   0: 0x800002de (0x00000205) c.addi  tp, 1
core   0: 3 0x800002de (0x0205) x 4 0x00000000
core   0: 0x800002e0 (0xfe221de3) bne     tp, sp, pc - 6
core   0: 3 0x800002e0 (0xfe221de3)
core   0: 0x800002da (0x005ce933) or      s2, s9, t0
core   0: 3 0x800002da (0x005ce933) x18 0xfffffccf
core   0: 0x800002de (0x00000205) c.addi  tp, 1
core   0: 3 0x800002de (0x0205) x 4 0x00000001
core   0: 0x800002e0 (0xfe221de3) bne     tp, sp, pc - 6
core   0: 3 0x800002e0 (0xfe221de3)
core   0: 0x800002da (0x005ce933) or      s2, s9, t0
core   0: 3 0x800002da (0x005ce933) x18 0xfffffccf
core   0: 0x800002de (0x00000205) c.addi  tp, 1
core   0: 3 0x800002de (0x0205) x 4 0x00000002
core   0: 0x800002e0 (0xfe221de3) bne     tp, sp, pc - 6
core   0: 3 0x800002e0 (0xfe221de3)
core   0: 0x800002da (0x005ce933) or      s2, s9, t0
core   0: 3 0x800002da (0x005ce933) x18 0xfffffccf
core   0: 0x800002de (0x00000205) c.addi  tp, 1
core   0: 3 0x800002de (0x0205) x 4 0x00000003
core   0: 0x800002e0 (0xfe221de3) bne     tp, sp, pc - 6
core   0: 3 0x800002e0 (0xfe221de3)
core   0: 0x800002da (0x005ce933) or      s2, s9, t0
core   0: 3 0x800002da (0x005ce933) x18 0xfffffccf
core   0: 0x800002de (0x00000205) c.addi  tp, 1
core   0: 3 0x800002de (0x0205) x 4 0x00000004
core   0: 0x800002e0 (0xfe221de3) bne     tp, sp, pc - 6
core   0: 3 0x800002e0 (0xfe221de3)
core   0: 0x800002e4 (0xff87d5e3) bge     a5, s8, pc - 22
core   0: 3 0x800002e4 (0xff87d5e3)
core   0: 0x800002ce (0x00008de5) c.and   a1, s1
core   0: 3 0x800002ce (0x8de5) x11 0x00000000
core   0: 0x800002d0 (0x000017f5) c.addi  a5, -3
core   0: 3 0x800002d0 (0x17f5) x15 0xfffffff8
core   0: 0x800002d2 (0xff600213) li      tp, -10
core   0: 3 0x800002d2 (0xff600213) x 4 0xfffffff6
core   0: 0x800002d6 (0x00400113) li      sp, 4
core   0: 3 0x800002d6 (0x00400113) x 2 0x00000004
core   0: 0x800002da (0x005ce933) or      s2, s9, t0
core   0: 3 0x800002da (0x005ce933) x18 0xfffffccf
core   0: 0x800002de (0x00000205) c.addi  tp, 1
core   0: 3 0x800002de (0x0205) x 4 0xfffffff7
core   0: 0x800002e0 (0xfe221de3) bne     tp, sp, pc - 6
core   0: 3 0x800002e0 (0xfe221de3)
core   0: 0x800002da (0x005ce933) or      s2, s9, t0
core   0: 3 0x800002da (0x005ce933) x18 0xfffffccf
core   0: 0x800002de (0x00000205) c.addi  tp, 1
core   0: 3 0x800002de (0x0205) x 4 0xfffffff8
core   0: 0x800002e0 (0xfe221de3) bne     tp, sp, pc - 6
core   0: 3 0x800002e0 (0xfe221de3)
core   0: 0x800002da (0x005ce933) or      s2, s9, t0
core   0: 3 0x800002da (0x005ce933) x18 0xfffffccf
core   0: 0x800002de (0x00000205) c.addi  tp, 1
core   0: 3 0x800002de (0x0205) x 4 0xfffffff9
core   0: 0x800002e0 (0xfe221de3) bne     tp, sp, pc - 6
core   0: 3 0x800002e0 (0xfe221de3)
core   0: 0x800002da (0x005ce933) or      s2, s9, t0
core   0: 3 0x800002da (0x005ce933) x18 0xfffffccf
core   0: 0x800002de (0x00000205) c.addi  tp, 1
core   0: 3 0x800002de (0x0205) x 4 0xfffffffa
core   0: 0x800002e0 (0xfe221de3) bne     tp, sp, pc - 6
core   0: 3 0x800002e0 (0xfe221de3)
core   0: 0x800002da (0x005ce933) or      s2, s9, t0
core   0: 3 0x800002da (0x005ce933) x18 0xfffffccf
core   0: 0x800002de (0x00000205) c.addi  tp, 1
core   0: 3 0x800002de (0x0205) x 4 0xfffffffb
core   0: 0x800002e0 (0xfe221de3) bne     tp, sp, pc - 6
core   0: 3 0x800002e0 (0xfe221de3)
core   0: 0x800002da (0x005ce933) or      s2, s9, t0
core   0: 3 0x800002da (0x005ce933) x18 0xfffffccf
core   0: 0x800002de (0x00000205) c.addi  tp, 1
core   0: 3 0x800002de (0x0205) x 4 0xfffffffc
core   0: 0x800002e0 (0xfe221de3) bne     tp, sp, pc - 6
core   0: 3 0x800002e0 (0xfe221de3)
core   0: 0x800002da (0x005ce933) or      s2, s9, t0
core   0: 3 0x800002da (0x005ce933) x18 0xfffffccf
core   0: 0x800002de (0x00000205) c.addi  tp, 1
core   0: 3 0x800002de (0x0205) x 4 0xfffffffd
core   0: 0x800002e0 (0xfe221de3) bne     tp, sp, pc - 6
core   0: 3 0x800002e0 (0xfe221de3)
core   0: 0x800002da (0x005ce933) or      s2, s9, t0
core   0: 3 0x800002da (0x005ce933) x18 0xfffffccf
core   0: 0x800002de (0x00000205) c.addi  tp, 1
core   0: 3 0x800002de (0x0205) x 4 0xfffffffe
core   0: 0x800002e0 (0xfe221de3) bne     tp, sp, pc - 6
core   0: 3 0x800002e0 (0xfe221de3)
core   0: 0x800002da (0x005ce933) or      s2, s9, t0
core   0: 3 0x800002da (0x005ce933) x18 0xfffffccf
core   0: 0x800002de (0x00000205) c.addi  tp, 1
core   0: 3 0x800002de (0x0205) x 4 0xffffffff
core   0: 0x800002e0 (0xfe221de3) bne     tp, sp, pc - 6
core   0: 3 0x800002e0 (0xfe221de3)
core   0: 0x800002da (0x005ce933) or      s2, s9, t0
core   0: 3 0x800002da (0x005ce933) x18 0xfffffccf
core   0: 0x800002de (0x00000205) c.addi  tp, 1
core   0: 3 0x800002de (0x0205) x 4 0x00000000
core   0: 0x800002e0 (0xfe221de3) bne     tp, sp, pc - 6
core   0: 3 0x800002e0 (0xfe221de3)
core   0: 0x800002da (0x005ce933) or      s2, s9, t0
core   0: 3 0x800002da (0x005ce933) x18 0xfffffccf
core   0: 0x800002de (0x00000205) c.addi  tp, 1
core   0: 3 0x800002de (0x0205) x 4 0x00000001
core   0: 0x800002e0 (0xfe221de3) bne     tp, sp, pc - 6
core   0: 3 0x800002e0 (0xfe221de3)
core   0: 0x800002da (0x005ce933) or      s2, s9, t0
core   0: 3 0x800002da (0x005ce933) x18 0xfffffccf
core   0: 0x800002de (0x00000205) c.addi  tp, 1
core   0: 3 0x800002de (0x0205) x 4 0x00000002
core   0: 0x800002e0 (0xfe221de3) bne     tp, sp, pc - 6
core   0: 3 0x800002e0 (0xfe221de3)
core   0: 0x800002da (0x005ce933) or      s2, s9, t0
core   0: 3 0x800002da (0x005ce933) x18 0xfffffccf
core   0: 0x800002de (0x00000205) c.addi  tp, 1
core   0: 3 0x800002de (0x0205) x 4 0x00000003
core   0: 0x800002e0 (0xfe221de3) bne     tp, sp, pc - 6
core   0: 3 0x800002e0 (0xfe221de3)
core   0: 0x800002da (0x005ce933) or      s2, s9, t0
core   0: 3 0x800002da (0x005ce933) x18 0xfffffccf
core   0: 0x800002de (0x00000205) c.addi  tp, 1
core   0: 3 0x800002de (0x0205) x 4 0x00000004
core   0: 0x800002e0 (0xfe221de3) bne     tp, sp, pc - 6
core   0: 3 0x800002e0 (0xfe221de3)
core   0: 0x800002e4 (0xff87d5e3) bge     a5, s8, pc - 22
core   0: 3 0x800002e4 (0xff87d5e3)
core   0: 0x800002ce (0x00008de5) c.and   a1, s1
core   0: 3 0x800002ce (0x8de5) x11 0x00000000
core   0: 0x800002d0 (0x000017f5) c.addi  a5, -3
core   0: 3 0x800002d0 (0x17f5) x15 0xfffffff5
core   0: 0x800002d2 (0xff600213) li      tp, -10
core   0: 3 0x800002d2 (0xff600213) x 4 0xfffffff6
core   0: 0x800002d6 (0x00400113) li      sp, 4
core   0: 3 0x800002d6 (0x00400113) x 2 0x00000004
core   0: 0x800002da (0x005ce933) or      s2, s9, t0
core   0: 3 0x800002da (0x005ce933) x18 0xfffffccf
core   0: 0x800002de (0x00000205) c.addi  tp, 1
core   0: 3 0x800002de (0x0205) x 4 0xfffffff7
core   0: 0x800002e0 (0xfe221de3) bne     tp, sp, pc - 6
core   0: 3 0x800002e0 (0xfe221de3)
core   0: 0x800002da (0x005ce933) or      s2, s9, t0
core   0: 3 0x800002da (0x005ce933) x18 0xfffffccf
core   0: 0x800002de (0x00000205) c.addi  tp, 1
core   0: 3 0x800002de (0x0205) x 4 0xfffffff8
core   0: 0x800002e0 (0xfe221de3) bne     tp, sp, pc - 6
core   0: 3 0x800002e0 (0xfe221de3)
core   0: 0x800002da (0x005ce933) or      s2, s9, t0
core   0: 3 0x800002da (0x005ce933) x18 0xfffffccf
core   0: 0x800002de (0x00000205) c.addi  tp, 1
core   0: 3 0x800002de (0x0205) x 4 0xfffffff9
core   0: 0x800002e0 (0xfe221de3) bne     tp, sp, pc - 6
core   0: 3 0x800002e0 (0xfe221de3)
core   0: 0x800002da (0x005ce933) or      s2, s9, t0
core   0: 3 0x800002da (0x005ce933) x18 0xfffffccf
core   0: 0x800002de (0x00000205) c.addi  tp, 1
core   0: 3 0x800002de (0x0205) x 4 0xfffffffa
core   0: 0x800002e0 (0xfe221de3) bne     tp, sp, pc - 6
core   0: 3 0x800002e0 (0xfe221de3)
core   0: 0x800002da (0x005ce933) or      s2, s9, t0
core   0: 3 0x800002da (0x005ce933) x18 0xfffffccf
core   0: 0x800002de (0x00000205) c.addi  tp, 1
core   0: 3 0x800002de (0x0205) x 4 0xfffffffb
core   0: 0x800002e0 (0xfe221de3) bne     tp, sp, pc - 6
core   0: 3 0x800002e0 (0xfe221de3)
core   0: 0x800002da (0x005ce933) or      s2, s9, t0
core   0: 3 0x800002da (0x005ce933) x18 0xfffffccf
core   0: 0x800002de (0x00000205) c.addi  tp, 1
core   0: 3 0x800002de (0x0205) x 4 0xfffffffc
core   0: 0x800002e0 (0xfe221de3) bne     tp, sp, pc - 6
core   0: 3 0x800002e0 (0xfe221de3)
core   0: 0x800002da (0x005ce933) or      s2, s9, t0
core   0: 3 0x800002da (0x005ce933) x18 0xfffffccf
core   0: 0x800002de (0x00000205) c.addi  tp, 1
core   0: 3 0x800002de (0x0205) x 4 0xfffffffd
core   0: 0x800002e0 (0xfe221de3) bne     tp, sp, pc - 6
core   0: 3 0x800002e0 (0xfe221de3)
core   0: 0x800002da (0x005ce933) or      s2, s9, t0
core   0: 3 0x800002da (0x005ce933) x18 0xfffffccf
core   0: 0x800002de (0x00000205) c.addi  tp, 1
core   0: 3 0x800002de (0x0205) x 4 0xfffffffe
core   0: 0x800002e0 (0xfe221de3) bne     tp, sp, pc - 6
core   0: 3 0x800002e0 (0xfe221de3)
core   0: 0x800002da (0x005ce933) or      s2, s9, t0
core   0: 3 0x800002da (0x005ce933) x18 0xfffffccf
core   0: 0x800002de (0x00000205) c.addi  tp, 1
core   0: 3 0x800002de (0x0205) x 4 0xffffffff
core   0: 0x800002e0 (0xfe221de3) bne     tp, sp, pc - 6
core   0: 3 0x800002e0 (0xfe221de3)
core   0: 0x800002da (0x005ce933) or      s2, s9, t0
core   0: 3 0x800002da (0x005ce933) x18 0xfffffccf
core   0: 0x800002de (0x00000205) c.addi  tp, 1
core   0: 3 0x800002de (0x0205) x 4 0x00000000
core   0: 0x800002e0 (0xfe221de3) bne     tp, sp, pc - 6
core   0: 3 0x800002e0 (0xfe221de3)
core   0: 0x800002da (0x005ce933) or      s2, s9, t0
core   0: 3 0x800002da (0x005ce933) x18 0xfffffccf
core   0: 0x800002de (0x00000205) c.addi  tp, 1
core   0: 3 0x800002de (0x0205) x 4 0x00000001
core   0: 0x800002e0 (0xfe221de3) bne     tp, sp, pc - 6
core   0: 3 0x800002e0 (0xfe221de3)
core   0: 0x800002da (0x005ce933) or      s2, s9, t0
core   0: 3 0x800002da (0x005ce933) x18 0xfffffccf
core   0: 0x800002de (0x00000205) c.addi  tp, 1
core   0: 3 0x800002de (0x0205) x 4 0x00000002
core   0: 0x800002e0 (0xfe221de3) bne     tp, sp, pc - 6
core   0: 3 0x800002e0 (0xfe221de3)
core   0: 0x800002da (0x005ce933) or      s2, s9, t0
core   0: 3 0x800002da (0x005ce933) x18 0xfffffccf
core   0: 0x800002de (0x00000205) c.addi  tp, 1
core   0: 3 0x800002de (0x0205) x 4 0x00000003
core   0: 0x800002e0 (0xfe221de3) bne     tp, sp, pc - 6
core   0: 3 0x800002e0 (0xfe221de3)
core   0: 0x800002da (0x005ce933) or      s2, s9, t0
core   0: 3 0x800002da (0x005ce933) x18 0xfffffccf
core   0: 0x800002de (0x00000205) c.addi  tp, 1
core   0: 3 0x800002de (0x0205) x 4 0x00000004
core   0: 0x800002e0 (0xfe221de3) bne     tp, sp, pc - 6
core   0: 3 0x800002e0 (0xfe221de3)
core   0: 0x800002e4 (0xff87d5e3) bge     a5, s8, pc - 22
core   0: 3 0x800002e4 (0xff87d5e3)
core   0: 0x800002e8 (0x00008ed2) c.mv    t4, s4
core   0: 3 0x800002e8 (0x8ed2) x29 0x80000000
core   0: 0x800002ea (0xffe00693) li      a3, -2
core   0: 3 0x800002ea (0xffe00693) x13 0xfffffffe
core   0: 0x800002ee (0x00009fbe) c.add   t6, a5
core   0: 3 0x800002ee (0x9fbe) x31 0xfffffff6
core   0: 0x800002f0 (0x0a25bd13) sltiu   s10, a1, 162
core   0: 3 0x800002f0 (0x0a25bd13) x26 0x00000001
core   0: 0x800002f4 (0x00000001) c.nop
core   0: 3 0x800002f4 (0x0001)
core   0: 0x800002f6 (0x000069c9) c.lui   s3, 0x12
core   0: 3 0x800002f6 (0x69c9) x19 0x00012000
core   0: 0x800002f8 (0x000042e1) c.li    t0, 24
core   0: 3 0x800002f8 (0x42e1) x 5 0x00000018
core   0: 0x800002fa (0x00000001) c.nop
core   0: 3 0x800002fa (0x0001)
core   0: 0x800002fc (0x033683b3) mul     t2, a3, s3
core   0: 3 0x800002fc (0x033683b3) x 7 0xfffdc000
core   0: 0x80000300 (0x0183deb3) srl     t4, t2, s8
core   0: 3 0x80000300 (0x0183deb3) x29 0x000003ff
core   0: 0x80000304 (0x03f58433) mul     s0, a1, t6
core   0: 3 0x80000304 (0x03f58433) x 8 0x00000000
core   0: 0x80000308 (0xc45bec13) ori     s8, s7, -955
core   0: 3 0x80000308 (0xc45bec13) x24 0xfffffce5
core   0: 0x8000030c (0x0158bf33) sltu    t5, a7, s5
core   0: 3 0x8000030c (0x0158bf33) x30 0x00000000
core   0: 0x80000310 (0x033479b3) remu    s3, s0, s3
core   0: 3 0x80000310 (0x033479b3) x19 0x00000000
core   0: 0x80000314 (0x6029b913) sltiu   s2, s3, 1538
core   0: 3 0x80000314 (0x6029b913) x18 0x00000001
core   0: 0x80000318 (0x00000689) c.addi  a3, 2
core   0: 3 0x80000318 (0x0689) x13 0x00000000
core   0: 0x8000031a (0x69252413) slti    s0, a0, 1682
core   0: 3 0x8000031a (0x69252413) x 8 0x00000001
core   0: 0x8000031e (0x00008f09) c.sub   a4, a0
core   0: 3 0x8000031e (0x8f09) x14 0xfffffffa
core   0: 0x80000320 (0xffa00593) li      a1, -6
core   0: 3 0x80000320 (0xffa00593) x11 0xfffffffa
core   0: 0x80000324 (0x00600b13) li      s6, 6
core   0: 3 0x80000324 (0x00600b13) x22 0x00000006
core   0: 0x80000328 (0x02b513b3) mulh    t2, a0, a1
core   0: 3 0x80000328 (0x02b513b3) x 7 0xffffffff
core   0: 0x8000032c (0x00008e09) c.sub   a2, a0
core   0: 3 0x8000032c (0x8e09) x12 0x00000000
core   0: 0x8000032e (0x00000595) c.addi  a1, 5
core   0: 3 0x8000032e (0x0595) x11 0xffffffff
core   0: 0x80000330 (0x00ad0db3) add     s11, s10, a0
core   0: 3 0x80000330 (0x00ad0db3) x27 0x00000006
core   0: 0x80000334 (0x40e487b3) sub     a5, s1, a4
core   0: 3 0x80000334 (0x40e487b3) x15 0x0000000e
core   0: 0x80000338 (0x00008d15) c.sub   a0, a3
core   0: 3 0x80000338 (0x8d15) x10 0x00000005
core   0: 0x8000033a (0xff65c9e3) blt     a1, s6, pc - 14
core   0: 3 0x8000033a (0xff65c9e3)
core   0: 0x8000032c (0x00008e09) c.sub   a2, a0
core   0: 3 0x8000032c (0x8e09) x12 0xfffffffb
core   0: 0x8000032e (0x00000595) c.addi  a1, 5
core   0: 3 0x8000032e (0x0595) x11 0x00000004
core   0: 0x80000330 (0x00ad0db3) add     s11, s10, a0
core   0: 3 0x80000330 (0x00ad0db3) x27 0x00000006
core   0: 0x80000334 (0x40e487b3) sub     a5, s1, a4
core   0: 3 0x80000334 (0x40e487b3) x15 0x0000000e
core   0: 0x80000338 (0x00008d15) c.sub   a0, a3
core   0: 3 0x80000338 (0x8d15) x10 0x00000005
core   0: 0x8000033a (0xff65c9e3) blt     a1, s6, pc - 14
core   0: 3 0x8000033a (0xff65c9e3)
core   0: 0x8000032c (0x00008e09) c.sub   a2, a0
core   0: 3 0x8000032c (0x8e09) x12 0xfffffff6
core   0: 0x8000032e (0x00000595) c.addi  a1, 5
core   0: 3 0x8000032e (0x0595) x11 0x00000009
core   0: 0x80000330 (0x00ad0db3) add     s11, s10, a0
core   0: 3 0x80000330 (0x00ad0db3) x27 0x00000006
core   0: 0x80000334 (0x40e487b3) sub     a5, s1, a4
core   0: 3 0x80000334 (0x40e487b3) x15 0x0000000e
core   0: 0x80000338 (0x00008d15) c.sub   a0, a3
core   0: 3 0x80000338 (0x8d15) x10 0x00000005
core   0: 0x8000033a (0xff65c9e3) blt     a1, s6, pc - 14
core   0: 3 0x8000033a (0xff65c9e3)
core   0: 0x8000033e (0x01d8b9b3) sltu    s3, a7, t4
core   0: 3 0x8000033e (0x01d8b9b3) x19 0x00000001
core   0: 0x80000342 (0x0000100f) fence.i
core   0: 3 0x80000342 (0x0000100f)
core   0: 0x80000346 (0x0000dedd) c.beqz  a3, pc - 66
core   0: 3 0x80000346 (0xdedd)
core   0: 0x80000304 (0x03f58433) mul     s0, a1, t6
core   0: 3 0x80000304 (0x03f58433) x 8 0xffffffa6
core   0: 0x80000308 (0xc45bec13) ori     s8, s7, -955
core   0: 3 0x80000308 (0xc45bec13) x24 0xfffffce5
core   0: 0x8000030c (0x0158bf33) sltu    t5, a7, s5
core   0: 3 0x8000030c (0x0158bf33) x30 0x00000000
core   0: 0x80000310 (0x033479b3) remu    s3, s0, s3
core   0: 3 0x80000310 (0x033479b3) x19 0x00000000
core   0: 0x80000314 (0x6029b913) sltiu   s2, s3, 1538
core   0: 3 0x80000314 (0x6029b913) x18 0x00000001
core   0: 0x80000318 (0x00000689) c.addi  a3, 2
core   0: 3 0x80000318 (0x0689) x13 0x00000002
core   0: 0x8000031a (0x69252413) slti    s0, a0, 1682
core   0: 3 0x8000031a (0x69252413) x 8 0x00000001
core   0: 0x8000031e (0x00008f09) c.sub   a4, a0
core   0: 3 0x8000031e (0x8f09) x14 0xfffffff5
core   0: 0x80000320 (0xffa00593) li      a1, -6
core   0: 3 0x80000320 (0xffa00593) x11 0xfffffffa
core   0: 0x80000324 (0x00600b13) li      s6, 6
core   0: 3 0x80000324 (0x00600b13) x22 0x00000006
core   0: 0x80000328 (0x02b513b3) mulh    t2, a0, a1
core   0: 3 0x80000328 (0x02b513b3) x 7 0xffffffff
core   0: 0x8000032c (0x00008e09) c.sub   a2, a0
core   0: 3 0x8000032c (0x8e09) x12 0xfffffff1
core   0: 0x8000032e (0x00000595) c.addi  a1, 5
core   0: 3 0x8000032e (0x0595) x11 0xffffffff
core   0: 0x80000330 (0x00ad0db3) add     s11, s10, a0
core   0: 3 0x80000330 (0x00ad0db3) x27 0x00000006
core   0: 0x80000334 (0x40e487b3) sub     a5, s1, a4
core   0: 3 0x80000334 (0x40e487b3) x15 0x00000013
core   0: 0x80000338 (0x00008d15) c.sub   a0, a3
core   0: 3 0x80000338 (0x8d15) x10 0x00000003
core   0: 0x8000033a (0xff65c9e3) blt     a1, s6, pc - 14
core   0: 3 0x8000033a (0xff65c9e3)
core   0: 0x8000032c (0x00008e09) c.sub   a2, a0
core   0: 3 0x8000032c (0x8e09) x12 0xffffffee
core   0: 0x8000032e (0x00000595) c.addi  a1, 5
core   0: 3 0x8000032e (0x0595) x11 0x00000004
core   0: 0x80000330 (0x00ad0db3) add     s11, s10, a0
core   0: 3 0x80000330 (0x00ad0db3) x27 0x00000004
core   0: 0x80000334 (0x40e487b3) sub     a5, s1, a4
core   0: 3 0x80000334 (0x40e487b3) x15 0x00000013
core   0: 0x80000338 (0x00008d15) c.sub   a0, a3
core   0: 3 0x80000338 (0x8d15) x10 0x00000001
core   0: 0x8000033a (0xff65c9e3) blt     a1, s6, pc - 14
core   0: 3 0x8000033a (0xff65c9e3)
core   0: 0x8000032c (0x00008e09) c.sub   a2, a0
core   0: 3 0x8000032c (0x8e09) x12 0xffffffed
core   0: 0x8000032e (0x00000595) c.addi  a1, 5
core   0: 3 0x8000032e (0x0595) x11 0x00000009
core   0: 0x80000330 (0x00ad0db3) add     s11, s10, a0
core   0: 3 0x80000330 (0x00ad0db3) x27 0x00000002
core   0: 0x80000334 (0x40e487b3) sub     a5, s1, a4
core   0: 3 0x80000334 (0x40e487b3) x15 0x00000013
core   0: 0x80000338 (0x00008d15) c.sub   a0, a3
core   0: 3 0x80000338 (0x8d15) x10 0xffffffff
core   0: 0x8000033a (0xff65c9e3) blt     a1, s6, pc - 14
core   0: 3 0x8000033a (0xff65c9e3)
core   0: 0x8000033e (0x01d8b9b3) sltu    s3, a7, t4
core   0: 3 0x8000033e (0x01d8b9b3) x19 0x00000001
core   0: 0x80000342 (0x0000100f) fence.i
core   0: 3 0x80000342 (0x0000100f)
core   0: 0x80000346 (0x0000dedd) c.beqz  a3, pc - 66
core   0: 3 0x80000346 (0xdedd)
core   0: 0x80000348 (0xee0df9b7) lui     s3, 0xee0df
core   0: 3 0x80000348 (0xee0df9b7) x19 0xee0df000
core   0: 0x8000034c (0xfff00513) li      a0, -1
core   0: 3 0x8000034c (0xfff00513) x10 0xffffffff
core   0: 0x80000350 (0x00000001) c.nop
core   0: 3 0x80000350 (0x0001)
core   0: 0x80000352 (0x00008321) c.srli  a4, 8
core   0: 3 0x80000352 (0x8321) x14 0x00ffffff
core   0: 0x80000354 (0x1b5c0313) addi    t1, s8, 437
core   0: 3 0x80000354 (0x1b5c0313) x 6 0xfffffe9a
core   0: 0x80000358 (0x0ff0000f) fence   iorw,iorw
core   0: 3 0x80000358 (0x0ff0000f)
core   0: 0x8000035c (0x00000505) c.addi  a0, 1
core   0: 3 0x8000035c (0x0505) x10 0x00000000
core   0: 0x8000035e (0xffd00693) li      a3, -3
core   0: 3 0x8000035e (0xffd00693) x13 0xfffffffd
core   0: 0x80000362 (0x00006ad5) c.lui   s5, 0x15
core   0: 3 0x80000362 (0x6ad5) x21 0x00015000
core   0: 0x80000364 (0x00000493) li      s1, 0
core   0: 3 0x80000364 (0x00000493) x 9 0x00000000
core   0: 0x80000368 (0x000082de) c.mv    t0, s7
core   0: 3 0x80000368 (0x82de) x 5 0x80026ce4
core   0: 0x8000036a (0x005b2fb3) slt     t6, s6, t0
core   0: 3 0x8000036a (0x005b2fb3) x31 0x00000000
core   0: 0x8000036e (0x00000685) c.addi  a3, 1
core   0: 3 0x8000036e (0x0685) x13 0xfffffffe
core   0: 0x80000370 (0xfe968ce3) beq     a3, s1, pc - 8
core   0: 3 0x80000370 (0xfe968ce3)
core   0: 0x80000374 (0x44676313) ori     t1, a4, 1094
core   0: 3 0x80000374 (0x44676313) x 6 0x00ffffff
core   0: 0x80000378 (0x01aa0733) add     a4, s4, s10
core   0: 3 0x80000378 (0x01aa0733) x14 0x80000001
core   0: 0x8000037c (0x0000dd61) c.beqz  a0, pc - 40
core   0: 3 0x8000037c (0xdd61)
core   0: 0x80000354 (0x1b5c0313) addi    t1, s8, 437
core   0: 3 0x80000354 (0x1b5c0313) x 6 0xfffffe9a
core   0: 0x80000358 (0x0ff0000f) fence   iorw,iorw
core   0: 3 0x80000358 (0x0ff0000f)
core   0: 0x8000035c (0x00000505) c.addi  a0, 1
core   0: 3 0x8000035c (0x0505) x10 0x00000001
core   0: 0x8000035e (0xffd00693) li      a3, -3
core   0: 3 0x8000035e (0xffd00693) x13 0xfffffffd
core   0: 0x80000362 (0x00006ad5) c.lui   s5, 0x15
core   0: 3 0x80000362 (0x6ad5) x21 0x00015000
core   0: 0x80000364 (0x00000493) li      s1, 0
core   0: 3 0x80000364 (0x00000493) x 9 0x00000000
core   0: 0x80000368 (0x000082de) c.mv    t0, s7
core   0: 3 0x80000368 (0x82de) x 5 0x80026ce4
core   0: 0x8000036a (0x005b2fb3) slt     t6, s6, t0
core   0: 3 0x8000036a (0x005b2fb3) x31 0x00000000
core   0: 0x8000036e (0x00000685) c.addi  a3, 1
core   0: 3 0x8000036e (0x0685) x13 0xfffffffe
core   0: 0x80000370 (0xfe968ce3) beq     a3, s1, pc - 8
core   0: 3 0x80000370 (0xfe968ce3)
core   0: 0x80000374 (0x44676313) ori     t1, a4, 1094
core   0: 3 0x80000374 (0x44676313) x 6 0x80000447
core   0: 0x80000378 (0x01aa0733) add     a4, s4, s10
core   0: 3 0x80000378 (0x01aa0733) x14 0x80000001
core   0: 0x8000037c (0x0000dd61) c.beqz  a0, pc - 40
core   0: 3 0x8000037c (0xdd61)
core   0: 0x8000037e (0x00000131) c.addi  sp, 12
core   0: 3 0x8000037e (0x0131) x 2 0x00000010
core   0: 0x80000380 (0x00200c13) li      s8, 2
core   0: 3 0x80000380 (0x00200c13) x24 0x00000002
core   0: 0x80000384 (0x73da3d13) sltiu   s10, s4, 1853
core   0: 3 0x80000384 (0x73da3d13) x26 0x00000000
core   0: 0x80000388 (0x00008ff5) c.and   a5, a3
core   0: 3 0x80000388 (0x8ff5) x15 0x00000012
core   0: 0x8000038a (0x030fa033) mulhsu  zero, t6, a6
core   0: 3 0x8000038a (0x030fa033)
core   0: 0x8000038e (0xff400813) li      a6, -12
core   0: 3 0x8000038e (0xff400813) x16 0xfffffff4
core   0: 0x80000392 (0x004adf13) srli    t5, s5, 4
core   0: 3 0x80000392 (0x004adf13) x30 0x00001500
core   0: 0x80000396 (0x00000001) c.nop
core   0: 3 0x80000396 (0x0001)
core   0: 0x80000398 (0x49317093) andi    ra, sp, 1171
core   0: 3 0x80000398 (0x49317093) x 1 0x00000010
core   0: 0x8000039c (0x00008c69) c.and   s0, a0
core   0: 3 0x8000039c (0x8c69) x 8 0x00000001
core   0: 0x8000039e (0xa9ef7a93) andi    s5, t5, -1378
core   0: 3 0x8000039e (0xa9ef7a93) x21 0x00001000
core   0: 0x800003a2 (0x00001c65) c.addi  s8, -7
core   0: 3 0x800003a2 (0x1c65) x24 0xfffffffb
core   0: 0x800003a4 (0x00ec5593) srli    a1, s8, 14
core   0: 3 0x800003a4 (0x00ec5593) x11 0x0003ffff
core   0: 0x800003a8 (0x01fd4ab3) xor     s5, s10, t6
core   0: 3 0x800003a8 (0x01fd4ab3) x21 0x00000000
core   0: 0x800003ac (0x0000427d) c.li    tp, 31
core   0: 3 0x800003ac (0x427d) x 4 0x0000001f
core   0: 0x800003ae (0x00008331) c.srli  a4, 12
core   0: 3 0x800003ae (0x8331) x14 0x00080000
core   0: 0x800003b0 (0x0041c4b3) xor     s1, gp, tp
core   0: 3 0x800003b0 (0x0041c4b3) x 9 0x0001201f
core   0: 0x800003b4 (0x00009466) c.add   s0, s9
core   0: 3 0x800003b4 (0x9466) x 8 0x00000001
core   0: 0x800003b6 (0x027f6633) rem     a2, t5, t2
core   0: 3 0x800003b6 (0x027f6633) x12 0x00000000
core   0: 0x800003ba (0x00008799) c.srai  a5, 6
core   0: 3 0x800003ba (0x8799) x15 0x00000000
core   0: 0x800003bc (0xb598bab7) lui     s5, 0xb598b
core   0: 3 0x800003bc (0xb598bab7) x21 0xb598b000
core   0: 0x800003c0 (0x00a20f33) add     t5, tp, a0
core   0: 3 0x800003c0 (0x00a20f33) x30 0x00000020
core   0: 0x800003c4 (0xfd0c19e3) bne     s8, a6, pc - 46
core   0: 3 0x800003c4 (0xfd0c19e3)
core   0: 0x80000396 (0x00000001) c.nop
core   0: 3 0x80000396 (0x0001)
core   0: 0x80000398 (0x49317093) andi    ra, sp, 1171
core   0: 3 0x80000398 (0x49317093) x 1 0x00000010
core   0: 0x8000039c (0x00008c69) c.and   s0, a0
core   0: 3 0x8000039c (0x8c69) x 8 0x00000001
core   0: 0x8000039e (0xa9ef7a93) andi    s5, t5, -1378
core   0: 3 0x8000039e (0xa9ef7a93) x21 0x00000000
core   0: 0x800003a2 (0x00001c65) c.addi  s8, -7
core   0: 3 0x800003a2 (0x1c65) x24 0xfffffff4
core   0: 0x800003a4 (0x00ec5593) srli    a1, s8, 14
core   0: 3 0x800003a4 (0x00ec5593) x11 0x0003ffff
core   0: 0x800003a8 (0x01fd4ab3) xor     s5, s10, t6
core   0: 3 0x800003a8 (0x01fd4ab3) x21 0x00000000
core   0: 0x800003ac (0x0000427d) c.li    tp, 31
core   0: 3 0x800003ac (0x427d) x 4 0x0000001f
core   0: 0x800003ae (0x00008331) c.srli  a4, 12
core   0: 3 0x800003ae (0x8331) x14 0x00000080
core   0: 0x800003b0 (0x0041c4b3) xor     s1, gp, tp
core   0: 3 0x800003b0 (0x0041c4b3) x 9 0x0001201f
core   0: 0x800003b4 (0x00009466) c.add   s0, s9
core   0: 3 0x800003b4 (0x9466) x 8 0x00000001
core   0: 0x800003b6 (0x027f6633) rem     a2, t5, t2
core   0: 3 0x800003b6 (0x027f6633) x12 0x00000000
core   0: 0x800003ba (0x00008799) c.srai  a5, 6
core   0: 3 0x800003ba (0x8799) x15 0x00000000
core   0: 0x800003bc (0xb598bab7) lui     s5, 0xb598b
core   0: 3 0x800003bc (0xb598bab7) x21 0xb598b000
core   0: 0x800003c0 (0x00a20f33) add     t5, tp, a0
core   0: 3 0x800003c0 (0x00a20f33) x30 0x00000020
core   0: 0x800003c4 (0xfd0c19e3) bne     s8, a6, pc - 46
core   0: 3 0x800003c4 (0xfd0c19e3)
core   0: 0x800003c8 (0x00008159) c.srli  a0, 22
core   0: 3 0x800003c8 (0x8159) x10 0x00000000
core   0: 0x800003ca (0xff800313) li      t1, -8
core   0: 3 0x800003ca (0xff800313) x 6 0xfffffff8
core   0: 0x800003ce (0xfee00113) li      sp, -18
core   0: 3 0x800003ce (0xfee00113) x 2 0xffffffee
core   0: 0x800003d2 (0x00008f51) c.or    a4, a2
core   0: 3 0x800003d2 (0x8f51) x14 0x00000080
core   0: 0x800003d4 (0x018b5593) srli    a1, s6, 24
core   0: 3 0x800003d4 (0x018b5593) x11 0x00000000
core   0: 0x800003d8 (0x0000136d) c.addi  t1, -5
core   0: 3 0x800003d8 (0x136d) x 6 0xfffffff3
core   0: 0x800003da (0x00100513) li      a0, 1
core   0: 3 0x800003da (0x00100513) x10 0x00000001
core   0: 0x800003de (0x016310b3) sll     ra, t1, s6
core   0: 3 0x800003de (0x016310b3) x 1 0xfffffcc0
core   0: 0x800003e2 (0x00700193) li      gp, 7
core   0: 3 0x800003e2 (0x00700193) x 3 0x00000007
core   0: 0x800003e6 (0x89e53c13) sltiu   s8, a0, -1890
core   0: 3 0x800003e6 (0x89e53c13) x24 0x00000001
core   0: 0x800003ea (0x2a052d93) slti    s11, a0, 672
core   0: 3 0x800003ea (0x2a052d93) x27 0x00000001
core   0: 0x800003ee (0x00000519) c.addi  a0, 6
core   0: 3 0x800003ee (0x0519) x10 0x00000007
core   0: 0x800003f0 (0x00000001) c.nop
core   0: 3 0x800003f0 (0x0001)
core   0: 0x800003f2 (0xfe351ce3) bne     a0, gp, pc - 8
core   0: 3 0x800003f2 (0xfe351ce3)
core   0: 0x800003f6 (0xfc231ee3) bne     t1, sp, pc - 36
core   0: 3 0x800003f6 (0xfc231ee3)
core   0: 0x800003d2 (0x00008f51) c.or    a4, a2
core   0: 3 0x800003d2 (0x8f51) x14 0x00000080
core   0: 0x800003d4 (0x018b5593) srli    a1, s6, 24
core   0: 3 0x800003d4 (0x018b5593) x11 0x00000000
core   0: 0x800003d8 (0x0000136d) c.addi  t1, -5
core   0: 3 0x800003d8 (0x136d) x 6 0xffffffee
core   0: 0x800003da (0x00100513) li      a0, 1
core   0: 3 0x800003da (0x00100513) x10 0x00000001
core   0: 0x800003de (0x016310b3) sll     ra, t1, s6
core   0: 3 0x800003de (0x016310b3) x 1 0xfffffb80
core   0: 0x800003e2 (0x00700193) li      gp, 7
core   0: 3 0x800003e2 (0x00700193) x 3 0x00000007
core   0: 0x800003e6 (0x89e53c13) sltiu   s8, a0, -1890
core   0: 3 0x800003e6 (0x89e53c13) x24 0x00000001
core   0: 0x800003ea (0x2a052d93) slti    s11, a0, 672
core   0: 3 0x800003ea (0x2a052d93) x27 0x00000001
core   0: 0x800003ee (0x00000519) c.addi  a0, 6
core   0: 3 0x800003ee (0x0519) x10 0x00000007
core   0: 0x800003f0 (0x00000001) c.nop
core   0: 3 0x800003f0 (0x0001)
core   0: 0x800003f2 (0xfe351ce3) bne     a0, gp, pc - 8
core   0: 3 0x800003f2 (0xfe351ce3)
core   0: 0x800003f6 (0xfc231ee3) bne     t1, sp, pc - 36
core   0: 3 0x800003f6 (0xfc231ee3)
core   0: 0x800003fa (0x02ec43b3) div     t2, s8, a4
core   0: 3 0x800003fa (0x02ec43b3) x 7 0x00000000
core   0: 0x800003fe (0x00400513) li      a0, 4
core   0: 3 0x800003fe (0x00400513) x10 0x00000004
core   0: 0x80000402 (0x000087d5) c.srai  a5, 21
core   0: 3 0x80000402 (0x87d5) x15 0x00000000
core   0: 0x80000404 (0x000067dd) c.lui   a5, 0x17
core   0: 3 0x80000404 (0x67dd) x15 0x00017000
core   0: 0x80000406 (0x00000001) c.nop
core   0: 3 0x80000406 (0x0001)
core   0: 0x80000408 (0x024054b3) divu    s1, zero, tp
core   0: 3 0x80000408 (0x024054b3) x 9 0x00000000
core   0: 0x8000040c (0x0193a833) slt     a6, t2, s9
core   0: 3 0x8000040c (0x0193a833) x16 0x00000000
core   0: 0x80000410 (0x000707b3) add     a5, a4, zero
core   0: 3 0x80000410 (0x000707b3) x15 0x00000080
core   0: 0x80000414 (0x0324beb3) mulhu   t4, s1, s2
core   0: 3 0x80000414 (0x0324beb3) x29 0x00000000
core   0: 0x80000418 (0x5bf84713) xori    a4, a6, 1471
core   0: 3 0x80000418 (0x5bf84713) x14 0x000005bf
core   0: 0x8000041c (0x00bb1393) slli    t2, s6, 11
core   0: 3 0x8000041c (0x00bb1393) x 7 0x00003000
core   0: 0x80000420 (0x01201633) sll     a2, zero, s2
core   0: 3 0x80000420 (0x01201633) x12 0x00000000
core   0: 0x80000424 (0x000084b1) c.srai  s1, 12
core   0: 3 0x80000424 (0x84b1) x 9 0x00000000
core   0: 0x80000426 (0x0000717d) c.addi16sp sp, -16
core   0: 3 0x80000426 (0x717d) x 2 0xffffffde
core   0: 0x80000428 (0x032372b3) remu    t0, t1, s2
core   0: 3 0x80000428 (0x032372b3) x 5 0x00000000
core   0: 0x8000042c (0x03122ab3) mulhsu  s5, tp, a7
core   0: 3 0x8000042c (0x03122ab3) x21 0x00000000
core   0: 0x80000430 (0x00001571) c.addi  a0, -4
core   0: 3 0x80000430 (0x1571) x10 0x00000000
core   0: 0x80000432 (0x0248d2b3) divu    t0, a7, tp
core   0: 3 0x80000432 (0x0248d2b3) x 5 0x00000000
core   0: 0x80000436 (0x164fae93) slti    t4, t6, 356
core   0: 3 0x80000436 (0x164fae93) x29 0x00000001
core   0: 0x8000043a (0x00008661) c.srai  a2, 24
core   0: 3 0x8000043a (0x8661) x12 0x00000000
core   0: 0x8000043c (0x0000f571) c.bnez  a0, pc - 52
core   0: 3 0x8000043c (0xf571)
core   0: 0x8000043e (0x0ff0000f) fence   iorw,iorw
core   0: 3 0x8000043e (0x0ff0000f)
core   0: 0x80000442 (0x00700893) li      a7, 7
core   0: 3 0x80000442 (0x00700893) x17 0x00000007
core   0: 0x80000446 (0xd4d6af93) slti    t6, a3, -691
core   0: 3 0x80000446 (0xd4d6af93) x31 0x00000000
core   0: 0x8000044a (0x00400213) li      tp, 4
core   0: 3 0x8000044a (0x00400213) x 4 0x00000004
core   0: 0x8000044e (0x0000987d) c.andi  s0, -1
core   0: 3 0x8000044e (0x987d) x 8 0x00000001
core   0: 0x80000450 (0x003e9933) sll     s2, t4, gp
core   0: 3 0x80000450 (0x003e9933) x18 0x00000080
core   0: 0x80000454 (0x000018f5) c.addi  a7, -3
core   0: 3 0x80000454 (0x18f5) x17 0x00000004
core   0: 0x80000456 (0x00008699) c.srai  a3, 6
core   0: 3 0x80000456 (0x8699) x13 0xffffffff
core   0: 0x80000458 (0xfe48fbe3) bgeu    a7, tp, pc - 10
core   0: 3 0x80000458 (0xfe48fbe3)
core   0: 0x8000044e (0x0000987d) c.andi  s0, -1
core   0: 3 0x8000044e (0x987d) x 8 0x00000001
core   0: 0x80000450 (0x003e9933) sll     s2, t4, gp
core   0: 3 0x80000450 (0x003e9933) x18 0x00000080
core   0: 0x80000454 (0x000018f5) c.addi  a7, -3
core   0: 3 0x80000454 (0x18f5) x17 0x00000001
core   0: 0x80000456 (0x00008699) c.srai  a3, 6
core   0: 3 0x80000456 (0x8699) x13 0xffffffff
core   0: 0x80000458 (0xfe48fbe3) bgeu    a7, tp, pc - 10
core   0: 3 0x80000458 (0xfe48fbe3)
core   0: 0x8000045c (0xacbcf193) andi    gp, s9, -1333
core   0: 3 0x8000045c (0xacbcf193) x 3 0x00000000
core   0: 0x80000460 (0xffc00513) li      a0, -4
core   0: 3 0x80000460 (0xffc00513) x10 0xfffffffc
core   0: 0x80000464 (0x00008999) c.andi  a1, 6
core   0: 3 0x80000464 (0x8999) x11 0x00000000
core   0: 0x80000466 (0x00008fd5) c.or    a5, a3
core   0: 3 0x80000466 (0x8fd5) x15 0xffffffff
core   0: 0x80000468 (0x01000c13) li      s8, 16
core   0: 3 0x80000468 (0x01000c13) x24 0x00000010
core   0: 0x8000046c (0x01003933) snez    s2, a6
core   0: 3 0x8000046c (0x01003933) x18 0x00000000
core   0: 0x80000470 (0xc54530b7) lui     ra, 0xc5453
core   0: 3 0x80000470 (0xc54530b7) x 1 0xc5453000
core   0: 0x80000474 (0x00000521) c.addi  a0, 8
core   0: 3 0x80000474 (0x0521) x10 0x00000004
core   0: 0x80000476 (0x00300f13) li      t5, 3
core   0: 3 0x80000476 (0x00300f13) x30 0x00000003
core   0: 0x8000047a (0x02f75333) divu    t1, a4, a5
core   0: 3 0x8000047a (0x02f75333) x 6 0x00000000
core   0: 0x8000047e (0x013149b3) xor     s3, sp, s3
core   0: 3 0x8000047e (0x013149b3) x19 0x11f20fde
core   0: 0x80000482 (0x00300b13) li      s6, 3
core   0: 3 0x80000482 (0x00300b13) x22 0x00000003
core   0: 0x80000486 (0x03c2dab3) divu    s5, t0, t3
core   0: 3 0x80000486 (0x03c2dab3) x21 0x00000000
core   0: 0x8000048a (0x00008af9) c.andi  a3, 30
core   0: 3 0x8000048a (0x8af9) x13 0x0000001e
core   0: 0x8000048c (0x00009a96) c.add   s5, t0
core   0: 3 0x8000048c (0x9a96) x21 0x00000000
core   0: 0x8000048e (0x0000127d) c.addi  tp, -1
core   0: 3 0x8000048e (0x127d) x 4 0x00000003
core   0: 0x80000490 (0x03ec7633) remu    a2, s8, t5
core   0: 3 0x80000490 (0x03ec7633) x12 0x00000001
core   0: 0x80000494 (0x9ea00313) li      t1, -1558
core   0: 3 0x80000494 (0x9ea00313) x 6 0xfffff9ea
core   0: 0x80000498 (0x00001f79) c.addi  t5, -2
core   0: 3 0x80000498 (0x1f79) x30 0x00000001
core   0: 0x8000049a (0x00006311) c.lui   t1, 0x4
core   0: 3 0x8000049a (0x6311) x 6 0x00004000
core   0: 0x8000049c (0x00b211b3) sll     gp, tp, a1
core   0: 3 0x8000049c (0x00b211b3) x 3 0x00000003
core   0: 0x800004a0 (0x0000077a) c.slli  a4, 30
core   0: 3 0x800004a0 (0x077a) x14 0xc0000000
core   0: 0x800004a2 (0x2d117297) auipc   t0, 0x2d117
core   0: 3 0x800004a2 (0x2d117297) x 5 0xad1174a2
core   0: 0x800004a6 (0xff6f77e3) bgeu    t5, s6, pc - 18
core   0: 3 0x800004a6 (0xff6f77e3)
core   0: 0x800004aa (0x880cb617) auipc   a2, 0x880cb
core   0: 3 0x800004aa (0x880cb617) x12 0x080cb4aa
core   0: 0x800004ae (0x409ad593) srai    a1, s5, 9
core   0: 3 0x800004ae (0x409ad593) x11 0x00000000
core   0: 0x800004b2 (0x0008f1b3) and     gp, a7, zero
core   0: 3 0x800004b2 (0x0008f1b3) x 3 0x00000000
core   0: 0x800004b6 (0xfb856be3) bltu    a0, s8, pc - 74
core   0: 3 0x800004b6 (0xfb856be3)
core   0: 0x8000046c (0x01003933) snez    s2, a6
core   0: 3 0x8000046c (0x01003933) x18 0x00000000
core   0: 0x80000470 (0xc54530b7) lui     ra, 0xc5453
core   0: 3 0x80000470 (0xc54530b7) x 1 0xc5453000
core   0: 0x80000474 (0x00000521) c.addi  a0, 8
core   0: 3 0x80000474 (0x0521) x10 0x0000000c
core   0: 0x80000476 (0x00300f13) li      t5, 3
core   0: 3 0x80000476 (0x00300f13) x30 0x00000003
core   0: 0x8000047a (0x02f75333) divu    t1, a4, a5
core   0: 3 0x8000047a (0x02f75333) x 6 0x00000000
core   0: 0x8000047e (0x013149b3) xor     s3, sp, s3
core   0: 3 0x8000047e (0x013149b3) x19 0xee0df000
core   0: 0x80000482 (0x00300b13) li      s6, 3
core   0: 3 0x80000482 (0x00300b13) x22 0x00000003
core   0: 0x80000486 (0x03c2dab3) divu    s5, t0, t3
core   0: 3 0x80000486 (0x03c2dab3) x21 0x00000001
core   0: 0x8000048a (0x00008af9) c.andi  a3, 30
core   0: 3 0x8000048a (0x8af9) x13 0x0000001e
core   0: 0x8000048c (0x00009a96) c.add   s5, t0
core   0: 3 0x8000048c (0x9a96) x21 0xad1174a3
core   0: 0x8000048e (0x0000127d) c.addi  tp, -1
core   0: 3 0x8000048e (0x127d) x 4 0x00000002
core   0: 0x80000490 (0x03ec7633) remu    a2, s8, t5
core   0: 3 0x80000490 (0x03ec7633) x12 0x00000001
core   0: 0x80000494 (0x9ea00313) li      t1, -1558
core   0: 3 0x80000494 (0x9ea00313) x 6 0xfffff9ea
core   0: 0x80000498 (0x00001f79) c.addi  t5, -2
core   0: 3 0x80000498 (0x1f79) x30 0x00000001
core   0: 0x8000049a (0x00006311) c.lui   t1, 0x4
core   0: 3 0x8000049a (0x6311) x 6 0x00004000
core   0: 0x8000049c (0x00b211b3) sll     gp, tp, a1
core   0: 3 0x8000049c (0x00b211b3) x 3 0x00000002
core   0: 0x800004a0 (0x0000077a) c.slli  a4, 30
core   0: 3 0x800004a0 (0x077a) x14 0x00000000
core   0: 0x800004a2 (0x2d117297) auipc   t0, 0x2d117
core   0: 3 0x800004a2 (0x2d117297) x 5 0xad1174a2
core   0: 0x800004a6 (0xff6f77e3) bgeu    t5, s6, pc - 18
core   0: 3 0x800004a6 (0xff6f77e3)
core   0: 0x800004aa (0x880cb617) auipc   a2, 0x880cb
core   0: 3 0x800004aa (0x880cb617) x12 0x080cb4aa
core   0: 0x800004ae (0x409ad593) srai    a1, s5, 9
core   0: 3 0x800004ae (0x409ad593) x11 0xffd688ba
core   0: 0x800004b2 (0x0008f1b3) and     gp, a7, zero
core   0: 3 0x800004b2 (0x0008f1b3) x 3 0x00000000
core   0: 0x800004b6 (0xfb856be3) bltu    a0, s8, pc - 74
core   0: 3 0x800004b6 (0xfb856be3)
core   0: 0x8000046c (0x01003933) snez    s2, a6
core   0: 3 0x8000046c (0x01003933) x18 0x00000000
core   0: 0x80000470 (0xc54530b7) lui     ra, 0xc5453
core   0: 3 0x80000470 (0xc54530b7) x 1 0xc5453000
core   0: 0x80000474 (0x00000521) c.addi  a0, 8
core   0: 3 0x80000474 (0x0521) x10 0x00000014
core   0: 0x80000476 (0x00300f13) li      t5, 3
core   0: 3 0x80000476 (0x00300f13) x30 0x00000003
core   0: 0x8000047a (0x02f75333) divu    t1, a4, a5
core   0: 3 0x8000047a (0x02f75333) x 6 0x00000000
core   0: 0x8000047e (0x013149b3) xor     s3, sp, s3
core   0: 3 0x8000047e (0x013149b3) x19 0x11f20fde
core   0: 0x80000482 (0x00300b13) li      s6, 3
core   0: 3 0x80000482 (0x00300b13) x22 0x00000003
core   0: 0x80000486 (0x03c2dab3) divu    s5, t0, t3
core   0: 3 0x80000486 (0x03c2dab3) x21 0x00000001
core   0: 0x8000048a (0x00008af9) c.andi  a3, 30
core   0: 3 0x8000048a (0x8af9) x13 0x0000001e
core   0: 0x8000048c (0x00009a96) c.add   s5, t0
core   0: 3 0x8000048c (0x9a96) x21 0xad1174a3
core   0: 0x8000048e (0x0000127d) c.addi  tp, -1
core   0: 3 0x8000048e (0x127d) x 4 0x00000001
core   0: 0x80000490 (0x03ec7633) remu    a2, s8, t5
core   0: 3 0x80000490 (0x03ec7633) x12 0x00000001
core   0: 0x80000494 (0x9ea00313) li      t1, -1558
core   0: 3 0x80000494 (0x9ea00313) x 6 0xfffff9ea
core   0: 0x80000498 (0x00001f79) c.addi  t5, -2
core   0: 3 0x80000498 (0x1f79) x30 0x00000001
core   0: 0x8000049a (0x00006311) c.lui   t1, 0x4
core   0: 3 0x8000049a (0x6311) x 6 0x00004000
core   0: 0x8000049c (0x00b211b3) sll     gp, tp, a1
core   0: 3 0x8000049c (0x00b211b3) x 3 0x04000000
core   0: 0x800004a0 (0x0000077a) c.slli  a4, 30
core   0: 3 0x800004a0 (0x077a) x14 0x00000000
core   0: 0x800004a2 (0x2d117297) auipc   t0, 0x2d117
core   0: 3 0x800004a2 (0x2d117297) x 5 0xad1174a2
core   0: 0x800004a6 (0xff6f77e3) bgeu    t5, s6, pc - 18
core   0: 3 0x800004a6 (0xff6f77e3)
core   0: 0x800004aa (0x880cb617) auipc   a2, 0x880cb
core   0: 3 0x800004aa (0x880cb617) x12 0x080cb4aa
core   0: 0x800004ae (0x409ad593) srai    a1, s5, 9
core   0: 3 0x800004ae (0x409ad593) x11 0xffd688ba
core   0: 0x800004b2 (0x0008f1b3) and     gp, a7, zero
core   0: 3 0x800004b2 (0x0008f1b3) x 3 0x00000000
core   0: 0x800004b6 (0xfb856be3) bltu    a0, s8, pc - 74
core   0: 3 0x800004b6 (0xfb856be3)
core   0: 0x800004ba (0xa371b893) sltiu   a7, gp, -1481
core   0: 3 0x800004ba (0xa371b893) x17 0x00000001
core   0: 0x800004be (0xffe00993) li      s3, -2
core   0: 3 0x800004be (0xffe00993) x19 0xfffffffe
core   0: 0x800004c2 (0x00009afd) c.andi  a3, -1
core   0: 3 0x800004c2 (0x9afd) x13 0x0000001e
core   0: 0x800004c4 (0x41085433) sra     s0, a6, a6
core   0: 3 0x800004c4 (0x41085433) x 8 0x00000000
core   0: 0x800004c8 (0x004ce133) or      sp, s9, tp
core   0: 3 0x800004c8 (0x004ce133) x 2 0x00000001
core   0: 0x800004cc (0x00e21513) slli    a0, tp, 14
core   0: 3 0x800004cc (0x00e21513) x10 0x00004000
core   0: 0x800004d0 (0x011d05b3) add     a1, s10, a7
core   0: 3 0x800004d0 (0x011d05b3) x11 0x00000001
core   0: 0x800004d4 (0x00000275) c.addi  tp, 29
core   0: 3 0x800004d4 (0x0275) x 4 0x0000001e
core   0: 0x800004d6 (0x00004265) c.li    tp, 25
core   0: 3 0x800004d6 (0x4265) x 4 0x00000019
core   0: 0x800004d8 (0x01838fb3) add     t6, t2, s8
core   0: 3 0x800004d8 (0x01838fb3) x31 0x00003010
core   0: 0x800004dc (0x00800913) li      s2, 8
core   0: 3 0x800004dc (0x00800913) x18 0x00000008
core   0: 0x800004e0 (0x00919433) sll     s0, gp, s1
core   0: 3 0x800004e0 (0x00919433) x 8 0x00000000
core   0: 0x800004e4 (0x41bedb33) sra     s6, t4, s11
core   0: 3 0x800004e4 (0x41bedb33) x22 0x00000000
core   0: 0x800004e8 (0x0000100f) fence.i
core   0: 3 0x800004e8 (0x0000100f)
core   0: 0x800004ec (0x00000001) c.nop
core   0: 3 0x800004ec (0x0001)
core   0: 0x800004ee (0x00008d75) c.and   a0, a3
core   0: 3 0x800004ee (0x8d75) x10 0x00000000
core   0: 0x800004f0 (0xfd3e6393) ori     t2, t3, -45
core   0: 3 0x800004f0 (0xfd3e6393) x 7 0xfffffff7
core   0: 0x800004f4 (0x03502733) mulhsu  a4, zero, s5
core   0: 3 0x800004f4 (0x03502733) x14 0x00000000
core   0: 0x800004f8 (0x00000001) c.nop
core   0: 3 0x800004f8 (0x0001)
core   0: 0x800004fa (0x00000999) c.addi  s3, 6
core   0: 3 0x800004fa (0x0999) x19 0x00000004
core   0: 0x800004fc (0x40c3d493) srai    s1, t2, 12
core   0: 3 0x800004fc (0x40c3d493) x 9 0xffffffff
core   0: 0x80000500 (0x00271793) slli    a5, a4, 2
core   0: 3 0x80000500 (0x00271793) x15 0x00000000
core   0: 0x80000504 (0xff29c6e3) blt     s3, s2, pc - 20
core   0: 3 0x80000504 (0xff29c6e3)
core   0: 0x800004f0 (0xfd3e6393) ori     t2, t3, -45
core   0: 3 0x800004f0 (0xfd3e6393) x 7 0xfffffff7
core   0: 0x800004f4 (0x03502733) mulhsu  a4, zero, s5
core   0: 3 0x800004f4 (0x03502733) x14 0x00000000
core   0: 0x800004f8 (0x00000001) c.nop
core   0: 3 0x800004f8 (0x0001)
core   0: 0x800004fa (0x00000999) c.addi  s3, 6
core   0: 3 0x800004fa (0x0999) x19 0x0000000a
core   0: 0x800004fc (0x40c3d493) srai    s1, t2, 12
core   0: 3 0x800004fc (0x40c3d493) x 9 0xffffffff
core   0: 0x80000500 (0x00271793) slli    a5, a4, 2
core   0: 3 0x80000500 (0x00271793) x15 0x00000000
core   0: 0x80000504 (0xff29c6e3) blt     s3, s2, pc - 20
core   0: 3 0x80000504 (0xff29c6e3)
core   0: 0x80000508 (0x0000987d) c.andi  s0, -1
core   0: 3 0x80000508 (0x987d) x 8 0x00000000
core   0: 0x8000050a (0xfff00493) li      s1, -1
core   0: 3 0x8000050a (0xfff00493) x 9 0xffffffff
core   0: 0x8000050e (0x00008eb9) c.xor   a3, a4
core   0: 3 0x8000050e (0x8eb9) x13 0x0000001e
core   0: 0x80000510 (0x02c997b3) mulh    a5, s3, a2
core   0: 3 0x80000510 (0x02c997b3) x15 0x00000000
core   0: 0x80000514 (0x00000001) c.nop
core   0: 3 0x80000514 (0x0001)
core   0: 0x80000516 (0x01f213b3) sll     t2, tp, t6
core   0: 3 0x80000516 (0x01f213b3) x 7 0x00190000
core   0: 0x8000051a (0x0166afb3) slt     t6, a3, s6
core   0: 3 0x8000051a (0x0166afb3) x31 0x00000000
core   0: 0x8000051e (0x03e2eeb3) rem     t4, t0, t5
core   0: 3 0x8000051e (0x03e2eeb3) x29 0x00000000
core   0: 0x80000522 (0x00000485) c.addi  s1, 1
core   0: 3 0x80000522 (0x0485) x 9 0x00000000
core   0: 0x80000524 (0xfff00613) li      a2, -1
core   0: 3 0x80000524 (0xfff00613) x12 0xffffffff
core   0: 0x80000528 (0x0000717d) c.addi16sp sp, -16
core   0: 3 0x80000528 (0x717d) x 2 0xfffffff1
core   0: 0x8000052a (0xffb00913) li      s2, -5
core   0: 3 0x8000052a (0xffb00913) x18 0xfffffffb
core   0: 0x8000052e (0x01164333) xor     t1, a2, a7
core   0: 3 0x8000052e (0x01164333) x 6 0xfffffffe
core   0: 0x80000532 (0x02858333) mul     t1, a1, s0
core   0: 3 0x80000532 (0x02858333) x 6 0x00000000
core   0: 0x80000536 (0x0000100f) fence.i
core   0: 3 0x80000536 (0x0000100f)
core   0: 0x8000053a (0x0000527d) c.li    tp, -1
core   0: 3 0x8000053a (0x527d) x 4 0xffffffff
core   0: 0x8000053c (0x03c103b3) mul     t2, sp, t3
core   0: 3 0x8000053c (0x03c103b3) x 7 0x7fdf4824
core   0: 0x80000540 (0x00001659) c.addi  a2, -10
core   0: 3 0x80000540 (0x1659) x12 0xfffffff5
core   0: 0x80000542 (0xfe1bf797) auipc   a5, 0xfe1bf
core   0: 3 0x80000542 (0xfe1bf797) x15 0x7e1bf542
core   0: 0x80000546 (0x00419eb3) sll     t4, gp, tp
core   0: 3 0x80000546 (0x00419eb3) x29 0x00000000
core   0: 0x8000054a (0x02504fb3) div     t6, zero, t0
core   0: 3 0x8000054a (0x02504fb3) x31 0x00000000
core   0: 0x8000054e (0x00008f81) c.sub   a5, s0
core   0: 3 0x8000054e (0x8f81) x15 0x7e1bf542
core   0: 0x80000550 (0xdcb98c97) auipc   s9, 0xdcb98
core   0: 3 0x80000550 (0xdcb98c97) x25 0x5cb98550
core   0: 0x80000554 (0xbdece693) ori     a3, s9, -1058
core   0: 3 0x80000554 (0xbdece693) x13 0xffffffde
core   0: 0x80000558 (0xff2652e3) bge     a2, s2, pc - 28
core   0: 3 0x80000558 (0xff2652e3)
core   0: 0x8000055c (0x0000929e) c.add   t0, t2
core   0: 3 0x8000055c (0x929e) x 5 0x2cf0bcc6
core   0: 0x8000055e (0x0000d0e1) c.beqz  s1, pc - 64
core   0: 3 0x8000055e (0xd0e1)
core   0: 0x8000051e (0x03e2eeb3) rem     t4, t0, t5
core   0: 3 0x8000051e (0x03e2eeb3) x29 0x00000000
core   0: 0x80000522 (0x00000485) c.addi  s1, 1
core   0: 3 0x80000522 (0x0485) x 9 0x00000001
core   0: 0x80000524 (0xfff00613) li      a2, -1
core   0: 3 0x80000524 (0xfff00613) x12 0xffffffff
core   0: 0x80000528 (0x0000717d) c.addi16sp sp, -16
core   0: 3 0x80000528 (0x717d) x 2 0xffffffe1
core   0: 0x8000052a (0xffb00913) li      s2, -5
core   0: 3 0x8000052a (0xffb00913) x18 0xfffffffb
core   0: 0x8000052e (0x01164333) xor     t1, a2, a7
core   0: 3 0x8000052e (0x01164333) x 6 0xfffffffe
core   0: 0x80000532 (0x02858333) mul     t1, a1, s0
core   0: 3 0x80000532 (0x02858333) x 6 0x00000000
core   0: 0x80000536 (0x0000100f) fence.i
core   0: 3 0x80000536 (0x0000100f)
core   0: 0x8000053a (0x0000527d) c.li    tp, -1
core   0: 3 0x8000053a (0x527d) x 4 0xffffffff
core   0: 0x8000053c (0x03c103b3) mul     t2, sp, t3
core   0: 3 0x8000053c (0x03c103b3) x 7 0x7fbc61e4
core   0: 0x80000540 (0x00001659) c.addi  a2, -10
core   0: 3 0x80000540 (0x1659) x12 0xfffffff5
core   0: 0x80000542 (0xfe1bf797) auipc   a5, 0xfe1bf
core   0: 3 0x80000542 (0xfe1bf797) x15 0x7e1bf542
core   0: 0x80000546 (0x00419eb3) sll     t4, gp, tp
core   0: 3 0x80000546 (0x00419eb3) x29 0x00000000
core   0: 0x8000054a (0x02504fb3) div     t6, zero, t0
core   0: 3 0x8000054a (0x02504fb3) x31 0x00000000
core   0: 0x8000054e (0x00008f81) c.sub   a5, s0
core   0: 3 0x8000054e (0x8f81) x15 0x7e1bf542
core   0: 0x80000550 (0xdcb98c97) auipc   s9, 0xdcb98
core   0: 3 0x80000550 (0xdcb98c97) x25 0x5cb98550
core   0: 0x80000554 (0xbdece693) ori     a3, s9, -1058
core   0: 3 0x80000554 (0xbdece693) x13 0xffffffde
core   0: 0x80000558 (0xff2652e3) bge     a2, s2, pc - 28
core   0: 3 0x80000558 (0xff2652e3)
core   0: 0x8000055c (0x0000929e) c.add   t0, t2
core   0: 3 0x8000055c (0x929e) x 5 0xacad1eaa
core   0: 0x8000055e (0x0000d0e1) c.beqz  s1, pc - 64
core   0: 3 0x8000055e (0xd0e1)
core   0: 0x80000560 (0x017d20b3) slt     ra, s10, s7
core   0: 3 0x80000560 (0x017d20b3) x 1 0x00000000
core   0: 0x80000564 (0x00200d13) li      s10, 2
core   0: 3 0x80000564 (0x00200d13) x26 0x00000002
core   0: 0x80000568 (0x015e5eb3) srl     t4, t3, s5
core   0: 3 0x80000568 (0x015e5eb3) x29 0x100045cc
core   0: 0x8000056c (0x00004331) c.li    t1, 12
core   0: 3 0x8000056c (0x4331) x 6 0x0000000c
core   0: 0x8000056e (0x006f5533) srl     a0, t5, t1
core   0: 3 0x8000056e (0x006f5533) x10 0x00000000
core   0: 0x80000572 (0x02bf0db3) mul     s11, t5, a1
core   0: 3 0x80000572 (0x02bf0db3) x27 0x00000001
core   0: 0x80000576 (0x00700813) li      a6, 7
core   0: 3 0x80000576 (0x00700813) x16 0x00000007
core   0: 0x8000057a (0x00e577b3) and     a5, a0, a4
core   0: 3 0x8000057a (0x00e577b3) x15 0x00000000
core   0: 0x8000057e (0x00000001) c.nop
core   0: 3 0x8000057e (0x0001)
core   0: 0x80000580 (0x00000d29) c.addi  s10, 10
core   0: 3 0x80000580 (0x0d29) x26 0x0000000c
core   0: 0x80000582 (0x0000100f) fence.i
core   0: 3 0x80000582 (0x0000100f)
core   0: 0x80000586 (0x8b71e013) ori     zero, gp, -1865
core   0: 3 0x80000586 (0x8b71e013)
core   0: 0x8000058a (0x02ba73b3) remu    t2, s4, a1
core   0: 3 0x8000058a (0x02ba73b3) x 7 0x00000000
core   0: 0x8000058e (0x0000100f) fence.i
core   0: 3 0x8000058e (0x0000100f)
core   0: 0x80000592 (0xb2cc23b7) lui     t2, 0xb2cc2
core   0: 3 0x80000592 (0xb2cc23b7) x 7 0xb2cc2000
core   0: 0x80000596 (0x0071dcb3) srl     s9, gp, t2
core   0: 3 0x80000596 (0x0071dcb3) x25 0x00000000
core   0: 0x8000059a (0xff0d60e3) bltu    s10, a6, pc - 32
core   0: 3 0x8000059a (0xff0d60e3)
core   0: 0x8000059e (0x036eb7b3) mulhu   a5, t4, s6
core   0: 3 0x8000059e (0x036eb7b3) x15 0x00000000
core   0: 0x800005a2 (0xff900793) li      a5, -7
core   0: 3 0x800005a2 (0xff900793) x15 0xfffffff9
core   0: 0x800005a6 (0x00000001) c.nop
core   0: 3 0x800005a6 (0x0001)
core   0: 0x800005a8 (0x030e3b33) mulhu   s6, t3, a6
core   0: 3 0x800005a8 (0x030e3b33) x22 0x00000003
core   0: 0x800005ac (0x00000001) c.nop
core   0: 3 0x800005ac (0x0001)
core   0: 0x800005ae (0x0000079d) c.addi  a5, 7
core   0: 3 0x800005ae (0x079d) x15 0x00000000
core   0: 0x800005b0 (0x016cb3b3) sltu    t2, s9, s6
core   0: 3 0x800005b0 (0x016cb3b3) x 7 0x00000001
core   0: 0x800005b4 (0x40b55413) srai    s0, a0, 11
core   0: 3 0x800005b4 (0x40b55413) x 8 0x00000000
core   0: 0x800005b8 (0x0000dbe5) c.beqz  a5, pc - 16
core   0: 3 0x800005b8 (0xdbe5)
core   0: 0x800005a8 (0x030e3b33) mulhu   s6, t3, a6
core   0: 3 0x800005a8 (0x030e3b33) x22 0x00000003
core   0: 0x800005ac (0x00000001) c.nop
core   0: 3 0x800005ac (0x0001)
core   0: 0x800005ae (0x0000079d) c.addi  a5, 7
core   0: 3 0x800005ae (0x079d) x15 0x00000007
core   0: 0x800005b0 (0x016cb3b3) sltu    t2, s9, s6
core   0: 3 0x800005b0 (0x016cb3b3) x 7 0x00000001
core   0: 0x800005b4 (0x40b55413) srai    s0, a0, 11
core   0: 3 0x800005b4 (0x40b55413) x 8 0x00000000
core   0: 0x800005b8 (0x0000dbe5) c.beqz  a5, pc - 16
core   0: 3 0x800005b8 (0xdbe5)
core   0: 0x800005ba (0x00000001) c.nop
core   0: 3 0x800005ba (0x0001)
core   0: 0x800005bc (0x00a00413) li      s0, 10
core   0: 3 0x800005bc (0x00a00413) x 8 0x0000000a
core   0: 0x800005c0 (0x00000add) c.addi  s5, 23
core   0: 3 0x800005c0 (0x0add) x21 0xad1174ba
core   0: 0x800005c2 (0x0ff0000f) fence   iorw,iorw
core   0: 3 0x800005c2 (0x0ff0000f)
core   0: 0x800005c6 (0x000003d1) c.addi  t2, 20
core   0: 3 0x800005c6 (0x03d1) x 7 0x00000015
core   0: 0x800005c8 (0x00a00813) li      a6, 10
core   0: 3 0x800005c8 (0x00a00813) x16 0x0000000a
core   0: 0x800005cc (0x5a74b017) auipc   zero, 0x5a74b
core   0: 3 0x800005cc (0x5a74b017)
core   0: 0x800005d0 (0x02ad18b3) mulh    a7, s10, a0
core   0: 3 0x800005d0 (0x02ad18b3) x17 0x00000000
core   0: 0x800005d4 (0x01f27b33) and     s6, tp, t6
core   0: 3 0x800005d4 (0x01f27b33) x22 0x00000000
core   0: 0x800005d8 (0x40be5db3) sra     s11, t3, a1
core   0: 3 0x800005d8 (0x40be5db3) x27 0xc0011732
core   0: 0x800005dc (0x022a4d33) div     s10, s4, sp
core   0: 3 0x800005dc (0x022a4d33) x26 0x04210842
core   0: 0x800005e0 (0x030c8133) mul     sp, s9, a6
core   0: 3 0x800005e0 (0x030c8133) x 2 0x00000000
core   0: 0x800005e4 (0x01a40ab3) add     s5, s0, s10
core   0: 3 0x800005e4 (0x01a40ab3) x21 0x0421084c
core   0: 0x800005e8 (0x038466b3) rem     a3, s0, s8
core   0: 3 0x800005e8 (0x038466b3) x13 0x0000000a
core   0: 0x800005ec (0x03f24633) div     a2, tp, t6
core   0: 3 0x800005ec (0x03f24633) x12 0xffffffff
core   0: 0x800005f0 (0x00008f49) c.or    a4, a0
core   0: 3 0x800005f0 (0x8f49) x14 0x00000000
core   0: 0x800005f2 (0x00000001) c.nop
core   0: 3 0x800005f2 (0x0001)
core   0: 0x800005f4 (0x00341693) slli    a3, s0, 3
core   0: 3 0x800005f4 (0x00341693) x13 0x00000050
core   0: 0x800005f8 (0x0000145d) c.addi  s0, -9
core   0: 3 0x800005f8 (0x145d) x 8 0x00000001
core   0: 0x800005fa (0x002b0ab3) add     s5, s6, sp
core   0: 3 0x800005fa (0x002b0ab3) x21 0x00000000
core   0: 0x800005fe (0x23568613) addi    a2, a3, 565
core   0: 3 0x800005fe (0x23568613) x12 0x00000285
core   0: 0x80000602 (0x400c0233) sub     tp, s8, zero
core   0: 3 0x80000602 (0x400c0233) x 4 0x00000010
core   0: 0x80000606 (0xfd047be3) bgeu    s0, a6, pc - 42
core   0: 3 0x80000606 (0xfd047be3)
core   0: 0x8000060a (0x00c29f33) sll     t5, t0, a2
core   0: 3 0x8000060a (0x00c29f33) x30 0x95a3d540
core   0: 0x8000060e (0x00000c93) li      s9, 0
core   0: 3 0x8000060e (0x00000c93) x25 0x00000000
core   0: 0x80000612 (0x023a7d33) remu    s10, s4, gp
core   0: 3 0x80000612 (0x023a7d33) x26 0x80000000
core   0: 0x80000616 (0x44b5f093) andi    ra, a1, 1099
core   0: 3 0x80000616 (0x44b5f093) x 1 0x00000001
core   0: 0x8000061a (0x00009bfd) c.andi  a5, -1
core   0: 3 0x8000061a (0x9bfd) x15 0x00000007
core   0: 0x8000061c (0x00008fdd) c.or    a5, a5
core   0: 3 0x8000061c (0x8fdd) x15 0x00000007
core   0: 0x8000061e (0x00008da9) c.xor   a1, a0
core   0: 3 0x8000061e (0x8da9) x11 0x00000001
core   0: 0x80000620 (0x000fde93) srli    t4, t6, 0
core   0: 3 0x80000620 (0x000fde93) x29 0x00000000
core   0: 0x80000624 (0xffa00513) li      a0, -6
core   0: 3 0x80000624 (0xffa00513) x10 0xfffffffa
core   0: 0x80000628 (0x00009f3a) c.add   t5, a4
core   0: 3 0x80000628 (0x9f3a) x30 0x95a3d540
core   0: 0x8000062a (0x00008c71) c.and   s0, a2
core   0: 3 0x8000062a (0x8c71) x 8 0x00000001
core   0: 0x8000062c (0x00000001) c.nop
core   0: 3 0x8000062c (0x0001)
core   0: 0x8000062e (0x024d39b3) mulhu   s3, s10, tp
core   0: 3 0x8000062e (0x024d39b3) x19 0x00000008
core   0: 0x80000632 (0x00001ce9) c.addi  s9, -6
core   0: 3 0x80000632 (0x1ce9) x25 0xfffffffa
core   0: 0x80000634 (0xfeac9be3) bne     s9, a0, pc - 10
core   0: 3 0x80000634 (0xfeac9be3)
core   0: 0x80000638 (0x00008c89) c.sub   s1, a0
core   0: 3 0x80000638 (0x8c89) x 9 0x00000007
core   0: 0x8000063a (0x00a00793) li      a5, 10
core   0: 3 0x8000063a (0x00a00793) x15 0x0000000a
core   0: 0x8000063e (0x00006c75) c.lui   s8, 0x1d
core   0: 3 0x8000063e (0x6c75) x24 0x0001d000
core   0: 0x80000640 (0x00000d13) li      s10, 0
core   0: 3 0x80000640 (0x00000d13) x26 0x00000000
core   0: 0x80000644 (0x00000001) c.nop
core   0: 3 0x80000644 (0x0001)
core   0: 0x80000646 (0xd614cb13) xori    s6, s1, -671
core   0: 3 0x80000646 (0xd614cb13) x22 0xfffffd66
core   0: 0x8000064a (0x00009846) c.add   a6, a7
core   0: 3 0x8000064a (0x9846) x16 0x0000000a
core   0: 0x8000064c (0x000017d9) c.addi  a5, -10
core   0: 3 0x8000064c (0x17d9) x15 0x00000000
core   0: 0x8000064e (0x03c93cb3) mulhu   s9, s2, t3
core   0: 3 0x8000064e (0x03c93cb3) x25 0x80022e61
core   0: 0x80000652 (0xffc00713) li      a4, -4
core   0: 3 0x80000652 (0xffc00713) x14 0xfffffffc
core   0: 0x80000656 (0x00000001) c.nop
core   0: 3 0x80000656 (0x0001)
core   0: 0x80000658 (0x00008ed9) c.or    a3, a4
core   0: 3 0x80000658 (0x8ed9) x13 0xfffffffc
core   0: 0x8000065a (0x00008e05) c.sub   a2, s1
core   0: 3 0x8000065a (0x8e05) x12 0x0000027e
core   0: 0x8000065c (0x00e711b3) sll     gp, a4, a4
core   0: 3 0x8000065c (0x00e711b3) x 3 0xc0000000
core   0: 0x80000660 (0x00000711) c.addi  a4, 4
core   0: 3 0x80000660 (0x0711) x14 0x00000000
core   0: 0x80000662 (0x02583cb3) mulhu   s9, a6, t0
core   0: 3 0x80000662 (0x02583cb3) x25 0x00000006
core   0: 0x80000666 (0x0000fb75) c.bnez  a4, pc - 12
core   0: 3 0x80000666 (0xfb75)
core   0: 0x80000668 (0x392b3197) auipc   gp, 0x392b3
core   0: 3 0x80000668 (0x392b3197) x 3 0xb92b3668
core   0: 0x8000066c (0x021898b3) mulh    a7, a7, ra
core   0: 3 0x8000066c (0x021898b3) x17 0x00000000
core   0: 0x80000670 (0x3da8df97) auipc   t6, 0x3da8d
core   0: 3 0x80000670 (0x3da8df97) x31 0xbda8d670
core   0: 0x80000674 (0x00009972) c.add   s2, t3
core   0: 3 0x80000674 (0x9972) x18 0x80022e5f
core   0: 0x80000676 (0x0051f433) and     s0, gp, t0
core   0: 3 0x80000676 (0x0051f433) x 8 0xa8291628
core   0: 0x8000067a (0x0125c833) xor     a6, a1, s2
core   0: 3 0x8000067a (0x0125c833) x16 0x80022e5e
core   0: 0x8000067e (0xfda783e3) beq     a5, s10, pc - 58
core   0: 3 0x8000067e (0xfda783e3)
core   0: 0x80000644 (0x00000001) c.nop
core   0: 3 0x80000644 (0x0001)
core   0: 0x80000646 (0xd614cb13) xori    s6, s1, -671
core   0: 3 0x80000646 (0xd614cb13) x22 0xfffffd66
core   0: 0x8000064a (0x00009846) c.add   a6, a7
core   0: 3 0x8000064a (0x9846) x16 0x80022e5e
core   0: 0x8000064c (0x000017d9) c.addi  a5, -10
core   0: 3 0x8000064c (0x17d9) x15 0xfffffff6
core   0: 0x8000064e (0x03c93cb3) mulhu   s9, s2, t3
core   0: 3 0x8000064e (0x03c93cb3) x25 0x40022e66
core   0: 0x80000652 (0xffc00713) li      a4, -4
core   0: 3 0x80000652 (0xffc00713) x14 0xfffffffc
core   0: 0x80000656 (0x00000001) c.nop
core   0: 3 0x80000656 (0x0001)
core   0: 0x80000658 (0x00008ed9) c.or    a3, a4
core   0: 3 0x80000658 (0x8ed9) x13 0xfffffffc
core   0: 0x8000065a (0x00008e05) c.sub   a2, s1
core   0: 3 0x8000065a (0x8e05) x12 0x00000277
core   0: 0x8000065c (0x00e711b3) sll     gp, a4, a4
core   0: 3 0x8000065c (0x00e711b3) x 3 0xc0000000
core   0: 0x80000660 (0x00000711) c.addi  a4, 4
core   0: 3 0x80000660 (0x0711) x14 0x00000000
core   0: 0x80000662 (0x02583cb3) mulhu   s9, a6, t0
core   0: 3 0x80000662 (0x02583cb3) x25 0x565807f5
core   0: 0x80000666 (0x0000fb75) c.bnez  a4, pc - 12
core   0: 3 0x80000666 (0xfb75)
core   0: 0x80000668 (0x392b3197) auipc   gp, 0x392b3
core   0: 3 0x80000668 (0x392b3197) x 3 0xb92b3668
core   0: 0x8000066c (0x021898b3) mulh    a7, a7, ra
core   0: 3 0x8000066c (0x021898b3) x17 0x00000000
core   0: 0x80000670 (0x3da8df97) auipc   t6, 0x3da8d
core   0: 3 0x80000670 (0x3da8df97) x31 0xbda8d670
core   0: 0x80000674 (0x00009972) c.add   s2, t3
core   0: 3 0x80000674 (0x9972) x18 0x00045cc3
core   0: 0x80000676 (0x0051f433) and     s0, gp, t0
core   0: 3 0x80000676 (0x0051f433) x 8 0xa8291628
core   0: 0x8000067a (0x0125c833) xor     a6, a1, s2
core   0: 3 0x8000067a (0x0125c833) x16 0x00045cc2
core   0: 0x8000067e (0xfda783e3) beq     a5, s10, pc - 58
core   0: 3 0x8000067e (0xfda783e3)
core   0: 0x80000682 (0x00c1ffb3) and     t6, gp, a2
core   0: 3 0x80000682 (0x00c1ffb3) x31 0x00000260
core   0: 0x80000686 (0xffe00613) li      a2, -2
core   0: 3 0x80000686 (0xffe00613) x12 0xfffffffe
core   0: 0x8000068a (0x00700193) li      gp, 7
core   0: 3 0x8000068a (0x00700193) x 3 0x00000007
core   0: 0x8000068e (0x03134fb3) div     t6, t1, a7
core   0: 3 0x8000068e (0x03134fb3) x31 0xffffffff
core   0: 0x80000692 (0x00000629) c.addi  a2, 10
core   0: 3 0x80000692 (0x0629) x12 0x00000008
core   0: 0x80000694 (0x00a9eb33) or      s6, s3, a0
core   0: 3 0x80000694 (0x00a9eb33) x22 0xfffffffa
core   0: 0x80000698 (0xfe364be3) blt     a2, gp, pc - 10
core   0: 3 0x80000698 (0xfe364be3)
core   0: 0x8000069c (0x00c81fb3) sll     t6, a6, a2
core   0: 3 0x8000069c (0x00c81fb3) x31 0x045cc200
core   0: 0x800006a0 (0x00800713) li      a4, 8
core   0: 3 0x800006a0 (0x00800713) x14 0x00000008
core   0: 0x800006a4 (0x00000f00) c.addi4spn s0, sp, 912
core   0: 3 0x800006a4 (0x0f00) x 8 0x00000390
core   0: 0x800006a6 (0x002f7533) and     a0, t5, sp
core   0: 3 0x800006a6 (0x002f7533) x10 0x00000000
core   0: 0x800006aa (0x00004555) c.li    a0, 21
core   0: 3 0x800006aa (0x4555) x10 0x00000015
core   0: 0x800006ac (0x027f76b3) remu    a3, t5, t2
core   0: 3 0x800006ac (0x027f76b3) x13 0x00000013
core   0: 0x800006b0 (0x00000d1a) c.slli  s10, 6
core   0: 3 0x800006b0 (0x0d1a) x26 0x00000000
core   0: 0x800006b2 (0x01cfe933) or      s2, t6, t3
core   0: 3 0x800006b2 (0x01cfe933) x18 0x845eee64
core   0: 0x800006b6 (0xff100813) li      a6, -15
core   0: 3 0x800006b6 (0xff100813) x16 0xfffffff1
core   0: 0x800006ba (0x01d432b3) sltu    t0, s0, t4
core   0: 3 0x800006ba (0x01d432b3) x 5 0x00000000
core   0: 0x800006be (0x00008d4d) c.or    a0, a1
core   0: 3 0x800006be (0x8d4d) x10 0x00000015
core   0: 0x800006c0 (0x033b77b3) remu    a5, s6, s3
core   0: 3 0x800006c0 (0x033b77b3) x15 0x00000002
core   0: 0x800006c4 (0x00001759) c.addi  a4, -10
core   0: 3 0x800006c4 (0x1759) x14 0xfffffffe
core   0: 0x800006c6 (0x00000001) c.nop
core   0: 3 0x800006c6 (0x0001)
core   0: 0x800006c8 (0xa8fb6993) ori     s3, s6, -1393
core   0: 3 0x800006c8 (0xa8fb6993) x19 0xffffffff
core   0: 0x800006cc (0xff800593) li      a1, -8
core   0: 3 0x800006cc (0xff800593) x11 0xfffffff8
core   0: 0x800006d0 (0x00000001) c.nop
core   0: 3 0x800006d0 (0x0001)
core   0: 0x800006d2 (0xe5228393) addi    t2, t0, -430
core   0: 3 0x800006d2 (0xe5228393) x 7 0xfffffe52
core   0: 0x800006d6 (0x00800213) li      tp, 8
core   0: 3 0x800006d6 (0x00800213) x 4 0x00000008
core   0: 0x800006da (0x00008cb1) c.xor   s1, a2
core   0: 3 0x800006da (0x8cb1) x 9 0x0000000f
core   0: 0x800006dc (0x00000585) c.addi  a1, 1
core   0: 3 0x800006dc (0x0585) x11 0xfffffff9
core   0: 0x800006de (0x38a5f113) andi    sp, a1, 906
core   0: 3 0x800006de (0x38a5f113) x 2 0x00000388
core   0: 0x800006e2 (0x045d4113) xori    sp, s10, 69
core   0: 3 0x800006e2 (0x045d4113) x 2 0x00000045
core   0: 0x800006e6 (0x032be6b3) rem     a3, s7, s2
core   0: 3 0x800006e6 (0x032be6b3) x13 0xfba37e80
core   0: 0x800006ea (0x4fbf8d93) addi    s11, t6, 1275
core   0: 3 0x800006ea (0x4fbf8d93) x27 0x045cc6fb
core   0: 0x800006ee (0x291e57b7) lui     a5, 0x291e5
core   0: 3 0x800006ee (0x291e57b7) x15 0x291e5000
core   0: 0x800006f2 (0x02d87f33) remu    t5, a6, a3
core   0: 3 0x800006f2 (0x02d87f33) x30 0x045c8171
core   0: 0x800006f6 (0xfe45c2e3) blt     a1, tp, pc - 28
core   0: 3 0x800006f6 (0xfe45c2e3)
core   0: 0x800006da (0x00008cb1) c.xor   s1, a2
core   0: 3 0x800006da (0x8cb1) x 9 0x00000007
core   0: 0x800006dc (0x00000585) c.addi  a1, 1
core   0: 3 0x800006dc (0x0585) x11 0xfffffffa
core   0: 0x800006de (0x38a5f113) andi    sp, a1, 906
core   0: 3 0x800006de (0x38a5f113) x 2 0x0000038a
core   0: 0x800006e2 (0x045d4113) xori    sp, s10, 69
core   0: 3 0x800006e2 (0x045d4113) x 2 0x00000045
core   0: 0x800006e6 (0x032be6b3) rem     a3, s7, s2
core   0: 3 0x800006e6 (0x032be6b3) x13 0xfba37e80
core   0: 0x800006ea (0x4fbf8d93) addi    s11, t6, 1275
core   0: 3 0x800006ea (0x4fbf8d93) x27 0x045cc6fb
core   0: 0x800006ee (0x291e57b7) lui     a5, 0x291e5
core   0: 3 0x800006ee (0x291e57b7) x15 0x291e5000
core   0: 0x800006f2 (0x02d87f33) remu    t5, a6, a3
core   0: 3 0x800006f2 (0x02d87f33) x30 0x045c8171
core   0: 0x800006f6 (0xfe45c2e3) blt     a1, tp, pc - 28
core   0: 3 0x800006f6 (0xfe45c2e3)
core   0: 0x800006da (0x00008cb1) c.xor   s1, a2
core   0: 3 0x800006da (0x8cb1) x 9 0x0000000f
core   0: 0x800006dc (0x00000585) c.addi  a1, 1
core   0: 3 0x800006dc (0x0585) x11 0xfffffffb
core   0: 0x800006de (0x38a5f113) andi    sp, a1, 906
core   0: 3 0x800006de (0x38a5f113) x 2 0x0000038a
core   0: 0x800006e2 (0x045d4113) xori    sp, s10, 69
core   0: 3 0x800006e2 (0x045d4113) x 2 0x00000045
core   0: 0x800006e6 (0x032be6b3) rem     a3, s7, s2
core   0: 3 0x800006e6 (0x032be6b3) x13 0xfba37e80
core   0: 0x800006ea (0x4fbf8d93) addi    s11, t6, 1275
core   0: 3 0x800006ea (0x4fbf8d93) x27 0x045cc6fb
core   0: 0x800006ee (0x291e57b7) lui     a5, 0x291e5
core   0: 3 0x800006ee (0x291e57b7) x15 0x291e5000
core   0: 0x800006f2 (0x02d87f33) remu    t5, a6, a3
core   0: 3 0x800006f2 (0x02d87f33) x30 0x045c8171
core   0: 0x800006f6 (0xfe45c2e3) blt     a1, tp, pc - 28
core   0: 3 0x800006f6 (0xfe45c2e3)
core   0: 0x800006da (0x00008cb1) c.xor   s1, a2
core   0: 3 0x800006da (0x8cb1) x 9 0x00000007
core   0: 0x800006dc (0x00000585) c.addi  a1, 1
core   0: 3 0x800006dc (0x0585) x11 0xfffffffc
core   0: 0x800006de (0x38a5f113) andi    sp, a1, 906
core   0: 3 0x800006de (0x38a5f113) x 2 0x00000388
core   0: 0x800006e2 (0x045d4113) xori    sp, s10, 69
core   0: 3 0x800006e2 (0x045d4113) x 2 0x00000045
core   0: 0x800006e6 (0x032be6b3) rem     a3, s7, s2
core   0: 3 0x800006e6 (0x032be6b3) x13 0xfba37e80
core   0: 0x800006ea (0x4fbf8d93) addi    s11, t6, 1275
core   0: 3 0x800006ea (0x4fbf8d93) x27 0x045cc6fb
core   0: 0x800006ee (0x291e57b7) lui     a5, 0x291e5
core   0: 3 0x800006ee (0x291e57b7) x15 0x291e5000
core   0: 0x800006f2 (0x02d87f33) remu    t5, a6, a3
core   0: 3 0x800006f2 (0x02d87f33) x30 0x045c8171
core   0: 0x800006f6 (0xfe45c2e3) blt     a1, tp, pc - 28
core   0: 3 0x800006f6 (0xfe45c2e3)
core   0: 0x800006da (0x00008cb1) c.xor   s1, a2
core   0: 3 0x800006da (0x8cb1) x 9 0x0000000f
core   0: 0x800006dc (0x00000585) c.addi  a1, 1
core   0: 3 0x800006dc (0x0585) x11 0xfffffffd
core   0: 0x800006de (0x38a5f113) andi    sp, a1, 906
core   0: 3 0x800006de (0x38a5f113) x 2 0x00000388
core   0: 0x800006e2 (0x045d4113) xori    sp, s10, 69
core   0: 3 0x800006e2 (0x045d4113) x 2 0x00000045
core   0: 0x800006e6 (0x032be6b3) rem     a3, s7, s2
core   0: 3 0x800006e6 (0x032be6b3) x13 0xfba37e80
core   0: 0x800006ea (0x4fbf8d93) addi    s11, t6, 1275
core   0: 3 0x800006ea (0x4fbf8d93) x27 0x045cc6fb
core   0: 0x800006ee (0x291e57b7) lui     a5, 0x291e5
core   0: 3 0x800006ee (0x291e57b7) x15 0x291e5000
core   0: 0x800006f2 (0x02d87f33) remu    t5, a6, a3
core   0: 3 0x800006f2 (0x02d87f33) x30 0x045c8171
core   0: 0x800006f6 (0xfe45c2e3) blt     a1, tp, pc - 28
core   0: 3 0x800006f6 (0xfe45c2e3)
core   0: 0x800006da (0x00008cb1) c.xor   s1, a2
core   0: 3 0x800006da (0x8cb1) x 9 0x00000007
core   0: 0x800006dc (0x00000585) c.addi  a1, 1
core   0: 3 0x800006dc (0x0585) x11 0xfffffffe
core   0: 0x800006de (0x38a5f113) andi    sp, a1, 906
core   0: 3 0x800006de (0x38a5f113) x 2 0x0000038a
core   0: 0x800006e2 (0x045d4113) xori    sp, s10, 69
core   0: 3 0x800006e2 (0x045d4113) x 2 0x00000045
core   0: 0x800006e6 (0x032be6b3) rem     a3, s7, s2
core   0: 3 0x800006e6 (0x032be6b3) x13 0xfba37e80
core   0: 0x800006ea (0x4fbf8d93) addi    s11, t6, 1275
core   0: 3 0x800006ea (0x4fbf8d93) x27 0x045cc6fb
core   0: 0x800006ee (0x291e57b7) lui     a5, 0x291e5
core   0: 3 0x800006ee (0x291e57b7) x15 0x291e5000
core   0: 0x800006f2 (0x02d87f33) remu    t5, a6, a3
core   0: 3 0x800006f2 (0x02d87f33) x30 0x045c8171
core   0: 0x800006f6 (0xfe45c2e3) blt     a1, tp, pc - 28
core   0: 3 0x800006f6 (0xfe45c2e3)
core   0: 0x800006da (0x00008cb1) c.xor   s1, a2
core   0: 3 0x800006da (0x8cb1) x 9 0x0000000f
core   0: 0x800006dc (0x00000585) c.addi  a1, 1
core   0: 3 0x800006dc (0x0585) x11 0xffffffff
core   0: 0x800006de (0x38a5f113) andi    sp, a1, 906
core   0: 3 0x800006de (0x38a5f113) x 2 0x0000038a
core   0: 0x800006e2 (0x045d4113) xori    sp, s10, 69
core   0: 3 0x800006e2 (0x045d4113) x 2 0x00000045
core   0: 0x800006e6 (0x032be6b3) rem     a3, s7, s2
core   0: 3 0x800006e6 (0x032be6b3) x13 0xfba37e80
core   0: 0x800006ea (0x4fbf8d93) addi    s11, t6, 1275
core   0: 3 0x800006ea (0x4fbf8d93) x27 0x045cc6fb
core   0: 0x800006ee (0x291e57b7) lui     a5, 0x291e5
core   0: 3 0x800006ee (0x291e57b7) x15 0x291e5000
core   0: 0x800006f2 (0x02d87f33) remu    t5, a6, a3
core   0: 3 0x800006f2 (0x02d87f33) x30 0x045c8171
core   0: 0x800006f6 (0xfe45c2e3) blt     a1, tp, pc - 28
core   0: 3 0x800006f6 (0xfe45c2e3)
core   0: 0x800006da (0x00008cb1) c.xor   s1, a2
core   0: 3 0x800006da (0x8cb1) x 9 0x00000007
core   0: 0x800006dc (0x00000585) c.addi  a1, 1
core   0: 3 0x800006dc (0x0585) x11 0x00000000
core   0: 0x800006de (0x38a5f113) andi    sp, a1, 906
core   0: 3 0x800006de (0x38a5f113) x 2 0x00000000
core   0: 0x800006e2 (0x045d4113) xori    sp, s10, 69
core   0: 3 0x800006e2 (0x045d4113) x 2 0x00000045
core   0: 0x800006e6 (0x032be6b3) rem     a3, s7, s2
core   0: 3 0x800006e6 (0x032be6b3) x13 0xfba37e80
core   0: 0x800006ea (0x4fbf8d93) addi    s11, t6, 1275
core   0: 3 0x800006ea (0x4fbf8d93) x27 0x045cc6fb
core   0: 0x800006ee (0x291e57b7) lui     a5, 0x291e5
core   0: 3 0x800006ee (0x291e57b7) x15 0x291e5000
core   0: 0x800006f2 (0x02d87f33) remu    t5, a6, a3
core   0: 3 0x800006f2 (0x02d87f33) x30 0x045c8171
core   0: 0x800006f6 (0xfe45c2e3) blt     a1, tp, pc - 28
core   0: 3 0x800006f6 (0xfe45c2e3)
core   0: 0x800006da (0x00008cb1) c.xor   s1, a2
core   0: 3 0x800006da (0x8cb1) x 9 0x0000000f
core   0: 0x800006dc (0x00000585) c.addi  a1, 1
core   0: 3 0x800006dc (0x0585) x11 0x00000001
core   0: 0x800006de (0x38a5f113) andi    sp, a1, 906
core   0: 3 0x800006de (0x38a5f113) x 2 0x00000000
core   0: 0x800006e2 (0x045d4113) xori    sp, s10, 69
core   0: 3 0x800006e2 (0x045d4113) x 2 0x00000045
core   0: 0x800006e6 (0x032be6b3) rem     a3, s7, s2
core   0: 3 0x800006e6 (0x032be6b3) x13 0xfba37e80
core   0: 0x800006ea (0x4fbf8d93) addi    s11, t6, 1275
core   0: 3 0x800006ea (0x4fbf8d93) x27 0x045cc6fb
core   0: 0x800006ee (0x291e57b7) lui     a5, 0x291e5
core   0: 3 0x800006ee (0x291e57b7) x15 0x291e5000
core   0: 0x800006f2 (0x02d87f33) remu    t5, a6, a3
core   0: 3 0x800006f2 (0x02d87f33) x30 0x045c8171
core   0: 0x800006f6 (0xfe45c2e3) blt     a1, tp, pc - 28
core   0: 3 0x800006f6 (0xfe45c2e3)
core   0: 0x800006da (0x00008cb1) c.xor   s1, a2
core   0: 3 0x800006da (0x8cb1) x 9 0x00000007
core   0: 0x800006dc (0x00000585) c.addi  a1, 1
core   0: 3 0x800006dc (0x0585) x11 0x00000002
core   0: 0x800006de (0x38a5f113) andi    sp, a1, 906
core   0: 3 0x800006de (0x38a5f113) x 2 0x00000002
core   0: 0x800006e2 (0x045d4113) xori    sp, s10, 69
core   0: 3 0x800006e2 (0x045d4113) x 2 0x00000045
core   0: 0x800006e6 (0x032be6b3) rem     a3, s7, s2
core   0: 3 0x800006e6 (0x032be6b3) x13 0xfba37e80
core   0: 0x800006ea (0x4fbf8d93) addi    s11, t6, 1275
core   0: 3 0x800006ea (0x4fbf8d93) x27 0x045cc6fb
core   0: 0x800006ee (0x291e57b7) lui     a5, 0x291e5
core   0: 3 0x800006ee (0x291e57b7) x15 0x291e5000
core   0: 0x800006f2 (0x02d87f33) remu    t5, a6, a3
core   0: 3 0x800006f2 (0x02d87f33) x30 0x045c8171
core   0: 0x800006f6 (0xfe45c2e3) blt     a1, tp, pc - 28
core   0: 3 0x800006f6 (0xfe45c2e3)
core   0: 0x800006da (0x00008cb1) c.xor   s1, a2
core   0: 3 0x800006da (0x8cb1) x 9 0x0000000f
core   0: 0x800006dc (0x00000585) c.addi  a1, 1
core   0: 3 0x800006dc (0x0585) x11 0x00000003
core   0: 0x800006de (0x38a5f113) andi    sp, a1, 906
core   0: 3 0x800006de (0x38a5f113) x 2 0x00000002
core   0: 0x800006e2 (0x045d4113) xori    sp, s10, 69
core   0: 3 0x800006e2 (0x045d4113) x 2 0x00000045
core   0: 0x800006e6 (0x032be6b3) rem     a3, s7, s2
core   0: 3 0x800006e6 (0x032be6b3) x13 0xfba37e80
core   0: 0x800006ea (0x4fbf8d93) addi    s11, t6, 1275
core   0: 3 0x800006ea (0x4fbf8d93) x27 0x045cc6fb
core   0: 0x800006ee (0x291e57b7) lui     a5, 0x291e5
core   0: 3 0x800006ee (0x291e57b7) x15 0x291e5000
core   0: 0x800006f2 (0x02d87f33) remu    t5, a6, a3
core   0: 3 0x800006f2 (0x02d87f33) x30 0x045c8171
core   0: 0x800006f6 (0xfe45c2e3) blt     a1, tp, pc - 28
core   0: 3 0x800006f6 (0xfe45c2e3)
core   0: 0x800006da (0x00008cb1) c.xor   s1, a2
core   0: 3 0x800006da (0x8cb1) x 9 0x00000007
core   0: 0x800006dc (0x00000585) c.addi  a1, 1
core   0: 3 0x800006dc (0x0585) x11 0x00000004
core   0: 0x800006de (0x38a5f113) andi    sp, a1, 906
core   0: 3 0x800006de (0x38a5f113) x 2 0x00000000
core   0: 0x800006e2 (0x045d4113) xori    sp, s10, 69
core   0: 3 0x800006e2 (0x045d4113) x 2 0x00000045
core   0: 0x800006e6 (0x032be6b3) rem     a3, s7, s2
core   0: 3 0x800006e6 (0x032be6b3) x13 0xfba37e80
core   0: 0x800006ea (0x4fbf8d93) addi    s11, t6, 1275
core   0: 3 0x800006ea (0x4fbf8d93) x27 0x045cc6fb
core   0: 0x800006ee (0x291e57b7) lui     a5, 0x291e5
core   0: 3 0x800006ee (0x291e57b7) x15 0x291e5000
core   0: 0x800006f2 (0x02d87f33) remu    t5, a6, a3
core   0: 3 0x800006f2 (0x02d87f33) x30 0x045c8171
core   0: 0x800006f6 (0xfe45c2e3) blt     a1, tp, pc - 28
core   0: 3 0x800006f6 (0xfe45c2e3)
core   0: 0x800006da (0x00008cb1) c.xor   s1, a2
core   0: 3 0x800006da (0x8cb1) x 9 0x0000000f
core   0: 0x800006dc (0x00000585) c.addi  a1, 1
core   0: 3 0x800006dc (0x0585) x11 0x00000005
core   0: 0x800006de (0x38a5f113) andi    sp, a1, 906
core   0: 3 0x800006de (0x38a5f113) x 2 0x00000000
core   0: 0x800006e2 (0x045d4113) xori    sp, s10, 69
core   0: 3 0x800006e2 (0x045d4113) x 2 0x00000045
core   0: 0x800006e6 (0x032be6b3) rem     a3, s7, s2
core   0: 3 0x800006e6 (0x032be6b3) x13 0xfba37e80
core   0: 0x800006ea (0x4fbf8d93) addi    s11, t6, 1275
core   0: 3 0x800006ea (0x4fbf8d93) x27 0x045cc6fb
core   0: 0x800006ee (0x291e57b7) lui     a5, 0x291e5
core   0: 3 0x800006ee (0x291e57b7) x15 0x291e5000
core   0: 0x800006f2 (0x02d87f33) remu    t5, a6, a3
core   0: 3 0x800006f2 (0x02d87f33) x30 0x045c8171
core   0: 0x800006f6 (0xfe45c2e3) blt     a1, tp, pc - 28
core   0: 3 0x800006f6 (0xfe45c2e3)
core   0: 0x800006da (0x00008cb1) c.xor   s1, a2
core   0: 3 0x800006da (0x8cb1) x 9 0x00000007
core   0: 0x800006dc (0x00000585) c.addi  a1, 1
core   0: 3 0x800006dc (0x0585) x11 0x00000006
core   0: 0x800006de (0x38a5f113) andi    sp, a1, 906
core   0: 3 0x800006de (0x38a5f113) x 2 0x00000002
core   0: 0x800006e2 (0x045d4113) xori    sp, s10, 69
core   0: 3 0x800006e2 (0x045d4113) x 2 0x00000045
core   0: 0x800006e6 (0x032be6b3) rem     a3, s7, s2
core   0: 3 0x800006e6 (0x032be6b3) x13 0xfba37e80
core   0: 0x800006ea (0x4fbf8d93) addi    s11, t6, 1275
core   0: 3 0x800006ea (0x4fbf8d93) x27 0x045cc6fb
core   0: 0x800006ee (0x291e57b7) lui     a5, 0x291e5
core   0: 3 0x800006ee (0x291e57b7) x15 0x291e5000
core   0: 0x800006f2 (0x02d87f33) remu    t5, a6, a3
core   0: 3 0x800006f2 (0x02d87f33) x30 0x045c8171
core   0: 0x800006f6 (0xfe45c2e3) blt     a1, tp, pc - 28
core   0: 3 0x800006f6 (0xfe45c2e3)
core   0: 0x800006da (0x00008cb1) c.xor   s1, a2
core   0: 3 0x800006da (0x8cb1) x 9 0x0000000f
core   0: 0x800006dc (0x00000585) c.addi  a1, 1
core   0: 3 0x800006dc (0x0585) x11 0x00000007
core   0: 0x800006de (0x38a5f113) andi    sp, a1, 906
core   0: 3 0x800006de (0x38a5f113) x 2 0x00000002
core   0: 0x800006e2 (0x045d4113) xori    sp, s10, 69
core   0: 3 0x800006e2 (0x045d4113) x 2 0x00000045
core   0: 0x800006e6 (0x032be6b3) rem     a3, s7, s2
core   0: 3 0x800006e6 (0x032be6b3) x13 0xfba37e80
core   0: 0x800006ea (0x4fbf8d93) addi    s11, t6, 1275
core   0: 3 0x800006ea (0x4fbf8d93) x27 0x045cc6fb
core   0: 0x800006ee (0x291e57b7) lui     a5, 0x291e5
core   0: 3 0x800006ee (0x291e57b7) x15 0x291e5000
core   0: 0x800006f2 (0x02d87f33) remu    t5, a6, a3
core   0: 3 0x800006f2 (0x02d87f33) x30 0x045c8171
core   0: 0x800006f6 (0xfe45c2e3) blt     a1, tp, pc - 28
core   0: 3 0x800006f6 (0xfe45c2e3)
core   0: 0x800006da (0x00008cb1) c.xor   s1, a2
core   0: 3 0x800006da (0x8cb1) x 9 0x00000007
core   0: 0x800006dc (0x00000585) c.addi  a1, 1
core   0: 3 0x800006dc (0x0585) x11 0x00000008
core   0: 0x800006de (0x38a5f113) andi    sp, a1, 906
core   0: 3 0x800006de (0x38a5f113) x 2 0x00000008
core   0: 0x800006e2 (0x045d4113) xori    sp, s10, 69
core   0: 3 0x800006e2 (0x045d4113) x 2 0x00000045
core   0: 0x800006e6 (0x032be6b3) rem     a3, s7, s2
core   0: 3 0x800006e6 (0x032be6b3) x13 0xfba37e80
core   0: 0x800006ea (0x4fbf8d93) addi    s11, t6, 1275
core   0: 3 0x800006ea (0x4fbf8d93) x27 0x045cc6fb
core   0: 0x800006ee (0x291e57b7) lui     a5, 0x291e5
core   0: 3 0x800006ee (0x291e57b7) x15 0x291e5000
core   0: 0x800006f2 (0x02d87f33) remu    t5, a6, a3
core   0: 3 0x800006f2 (0x02d87f33) x30 0x045c8171
core   0: 0x800006f6 (0xfe45c2e3) blt     a1, tp, pc - 28
core   0: 3 0x800006f6 (0xfe45c2e3)
core   0: 0x800006fa (0x3e3ec617) auipc   a2, 0x3e3ec
core   0: 3 0x800006fa (0x3e3ec617) x12 0xbe3ec6fa
core   0: 0x800006fe (0x00009936) c.add   s2, a3
core   0: 3 0x800006fe (0x9936) x18 0x80026ce4
core   0: 0x80000700 (0x020110b3) mulh    ra, sp, zero
core   0: 3 0x80000700 (0x020110b3) x 1 0x00000000
core   0: 0x80000704 (0x00008d79) c.and   a0, a4
core   0: 3 0x80000704 (0x8d79) x10 0x00000014
core   0: 0x80000706 (0xdbe3a337) lui     t1, 0xdbe3a
core   0: 3 0x80000706 (0xdbe3a337) x 6 0xdbe3a000
core   0: 0x8000070a (0xfb075ae3) bge     a4, a6, pc - 76
core   0: 3 0x8000070a (0xfb075ae3)
core   0: 0x800006be (0x00008d4d) c.or    a0, a1
core   0: 3 0x800006be (0x8d4d) x10 0x0000001c
core   0: 0x800006c0 (0x033b77b3) remu    a5, s6, s3
core   0: 3 0x800006c0 (0x033b77b3) x15 0xfffffffa
core   0: 0x800006c4 (0x00001759) c.addi  a4, -10
core   0: 3 0x800006c4 (0x1759) x14 0xfffffff4
core   0: 0x800006c6 (0x00000001) c.nop
core   0: 3 0x800006c6 (0x0001)
core   0: 0x800006c8 (0xa8fb6993) ori     s3, s6, -1393
core   0: 3 0x800006c8 (0xa8fb6993) x19 0xffffffff
core   0: 0x800006cc (0xff800593) li      a1, -8
core   0: 3 0x800006cc (0xff800593) x11 0xfffffff8
core   0: 0x800006d0 (0x00000001) c.nop
core   0: 3 0x800006d0 (0x0001)
core   0: 0x800006d2 (0xe5228393) addi    t2, t0, -430
core   0: 3 0x800006d2 (0xe5228393) x 7 0xfffffe52
core   0: 0x800006d6 (0x00800213) li      tp, 8
core   0: 3 0x800006d6 (0x00800213) x 4 0x00000008
core   0: 0x800006da (0x00008cb1) c.xor   s1, a2
core   0: 3 0x800006da (0x8cb1) x 9 0xbe3ec6fd
core   0: 0x800006dc (0x00000585) c.addi  a1, 1
core   0: 3 0x800006dc (0x0585) x11 0xfffffff9
core   0: 0x800006de (0x38a5f113) andi    sp, a1, 906
core   0: 3 0x800006de (0x38a5f113) x 2 0x00000388
core   0: 0x800006e2 (0x045d4113) xori    sp, s10, 69
core   0: 3 0x800006e2 (0x045d4113) x 2 0x00000045
core   0: 0x800006e6 (0x032be6b3) rem     a3, s7, s2
core   0: 3 0x800006e6 (0x032be6b3) x13 0x00000000
core   0: 0x800006ea (0x4fbf8d93) addi    s11, t6, 1275
core   0: 3 0x800006ea (0x4fbf8d93) x27 0x045cc6fb
core   0: 0x800006ee (0x291e57b7) lui     a5, 0x291e5
core   0: 3 0x800006ee (0x291e57b7) x15 0x291e5000
core   0: 0x800006f2 (0x02d87f33) remu    t5, a6, a3
core   0: 3 0x800006f2 (0x02d87f33) x30 0xfffffff1
core   0: 0x800006f6 (0xfe45c2e3) blt     a1, tp, pc - 28
core   0: 3 0x800006f6 (0xfe45c2e3)
core   0: 0x800006da (0x00008cb1) c.xor   s1, a2
core   0: 3 0x800006da (0x8cb1) x 9 0x00000007
core   0: 0x800006dc (0x00000585) c.addi  a1, 1
core   0: 3 0x800006dc (0x0585) x11 0xfffffffa
core   0: 0x800006de (0x38a5f113) andi    sp, a1, 906
core   0: 3 0x800006de (0x38a5f113) x 2 0x0000038a
core   0: 0x800006e2 (0x045d4113) xori    sp, s10, 69
core   0: 3 0x800006e2 (0x045d4113) x 2 0x00000045
core   0: 0x800006e6 (0x032be6b3) rem     a3, s7, s2
core   0: 3 0x800006e6 (0x032be6b3) x13 0x00000000
core   0: 0x800006ea (0x4fbf8d93) addi    s11, t6, 1275
core   0: 3 0x800006ea (0x4fbf8d93) x27 0x045cc6fb
core   0: 0x800006ee (0x291e57b7) lui     a5, 0x291e5
core   0: 3 0x800006ee (0x291e57b7) x15 0x291e5000
core   0: 0x800006f2 (0x02d87f33) remu    t5, a6, a3
core   0: 3 0x800006f2 (0x02d87f33) x30 0xfffffff1
core   0: 0x800006f6 (0xfe45c2e3) blt     a1, tp, pc - 28
core   0: 3 0x800006f6 (0xfe45c2e3)
core   0: 0x800006da (0x00008cb1) c.xor   s1, a2
core   0: 3 0x800006da (0x8cb1) x 9 0xbe3ec6fd
core   0: 0x800006dc (0x00000585) c.addi  a1, 1
core   0: 3 0x800006dc (0x0585) x11 0xfffffffb
core   0: 0x800006de (0x38a5f113) andi    sp, a1, 906
core   0: 3 0x800006de (0x38a5f113) x 2 0x0000038a
core   0: 0x800006e2 (0x045d4113) xori    sp, s10, 69
core   0: 3 0x800006e2 (0x045d4113) x 2 0x00000045
core   0: 0x800006e6 (0x032be6b3) rem     a3, s7, s2
core   0: 3 0x800006e6 (0x032be6b3) x13 0x00000000
core   0: 0x800006ea (0x4fbf8d93) addi    s11, t6, 1275
core   0: 3 0x800006ea (0x4fbf8d93) x27 0x045cc6fb
core   0: 0x800006ee (0x291e57b7) lui     a5, 0x291e5
core   0: 3 0x800006ee (0x291e57b7) x15 0x291e5000
core   0: 0x800006f2 (0x02d87f33) remu    t5, a6, a3
core   0: 3 0x800006f2 (0x02d87f33) x30 0xfffffff1
core   0: 0x800006f6 (0xfe45c2e3) blt     a1, tp, pc - 28
core   0: 3 0x800006f6 (0xfe45c2e3)
core   0: 0x800006da (0x00008cb1) c.xor   s1, a2
core   0: 3 0x800006da (0x8cb1) x 9 0x00000007
core   0: 0x800006dc (0x00000585) c.addi  a1, 1
core   0: 3 0x800006dc (0x0585) x11 0xfffffffc
core   0: 0x800006de (0x38a5f113) andi    sp, a1, 906
core   0: 3 0x800006de (0x38a5f113) x 2 0x00000388
core   0: 0x800006e2 (0x045d4113) xori    sp, s10, 69
core   0: 3 0x800006e2 (0x045d4113) x 2 0x00000045
core   0: 0x800006e6 (0x032be6b3) rem     a3, s7, s2
core   0: 3 0x800006e6 (0x032be6b3) x13 0x00000000
core   0: 0x800006ea (0x4fbf8d93) addi    s11, t6, 1275
core   0: 3 0x800006ea (0x4fbf8d93) x27 0x045cc6fb
core   0: 0x800006ee (0x291e57b7) lui     a5, 0x291e5
core   0: 3 0x800006ee (0x291e57b7) x15 0x291e5000
core   0: 0x800006f2 (0x02d87f33) remu    t5, a6, a3
core   0: 3 0x800006f2 (0x02d87f33) x30 0xfffffff1
core   0: 0x800006f6 (0xfe45c2e3) blt     a1, tp, pc - 28
core   0: 3 0x800006f6 (0xfe45c2e3)
core   0: 0x800006da (0x00008cb1) c.xor   s1, a2
core   0: 3 0x800006da (0x8cb1) x 9 0xbe3ec6fd
core   0: 0x800006dc (0x00000585) c.addi  a1, 1
core   0: 3 0x800006dc (0x0585) x11 0xfffffffd
core   0: 0x800006de (0x38a5f113) andi    sp, a1, 906
core   0: 3 0x800006de (0x38a5f113) x 2 0x00000388
core   0: 0x800006e2 (0x045d4113) xori    sp, s10, 69
core   0: 3 0x800006e2 (0x045d4113) x 2 0x00000045
core   0: 0x800006e6 (0x032be6b3) rem     a3, s7, s2
core   0: 3 0x800006e6 (0x032be6b3) x13 0x00000000
core   0: 0x800006ea (0x4fbf8d93) addi    s11, t6, 1275
core   0: 3 0x800006ea (0x4fbf8d93) x27 0x045cc6fb
core   0: 0x800006ee (0x291e57b7) lui     a5, 0x291e5
core   0: 3 0x800006ee (0x291e57b7) x15 0x291e5000
core   0: 0x800006f2 (0x02d87f33) remu    t5, a6, a3
core   0: 3 0x800006f2 (0x02d87f33) x30 0xfffffff1
core   0: 0x800006f6 (0xfe45c2e3) blt     a1, tp, pc - 28
core   0: 3 0x800006f6 (0xfe45c2e3)
core   0: 0x800006da (0x00008cb1) c.xor   s1, a2
core   0: 3 0x800006da (0x8cb1) x 9 0x00000007
core   0: 0x800006dc (0x00000585) c.addi  a1, 1
core   0: 3 0x800006dc (0x0585) x11 0xfffffffe
core   0: 0x800006de (0x38a5f113) andi    sp, a1, 906
core   0: 3 0x800006de (0x38a5f113) x 2 0x0000038a
core   0: 0x800006e2 (0x045d4113) xori    sp, s10, 69
core   0: 3 0x800006e2 (0x045d4113) x 2 0x00000045
core   0: 0x800006e6 (0x032be6b3) rem     a3, s7, s2
core   0: 3 0x800006e6 (0x032be6b3) x13 0x00000000
core   0: 0x800006ea (0x4fbf8d93) addi    s11, t6, 1275
core   0: 3 0x800006ea (0x4fbf8d93) x27 0x045cc6fb
core   0: 0x800006ee (0x291e57b7) lui     a5, 0x291e5
core   0: 3 0x800006ee (0x291e57b7) x15 0x291e5000
core   0: 0x800006f2 (0x02d87f33) remu    t5, a6, a3
core   0: 3 0x800006f2 (0x02d87f33) x30 0xfffffff1
core   0: 0x800006f6 (0xfe45c2e3) blt     a1, tp, pc - 28
core   0: 3 0x800006f6 (0xfe45c2e3)
core   0: 0x800006da (0x00008cb1) c.xor   s1, a2
core   0: 3 0x800006da (0x8cb1) x 9 0xbe3ec6fd
core   0: 0x800006dc (0x00000585) c.addi  a1, 1
core   0: 3 0x800006dc (0x0585) x11 0xffffffff
core   0: 0x800006de (0x38a5f113) andi    sp, a1, 906
core   0: 3 0x800006de (0x38a5f113) x 2 0x0000038a
core   0: 0x800006e2 (0x045d4113) xori    sp, s10, 69
core   0: 3 0x800006e2 (0x045d4113) x 2 0x00000045
core   0: 0x800006e6 (0x032be6b3) rem     a3, s7, s2
core   0: 3 0x800006e6 (0x032be6b3) x13 0x00000000
core   0: 0x800006ea (0x4fbf8d93) addi    s11, t6, 1275
core   0: 3 0x800006ea (0x4fbf8d93) x27 0x045cc6fb
core   0: 0x800006ee (0x291e57b7) lui     a5, 0x291e5
core   0: 3 0x800006ee (0x291e57b7) x15 0x291e5000
core   0: 0x800006f2 (0x02d87f33) remu    t5, a6, a3
core   0: 3 0x800006f2 (0x02d87f33) x30 0xfffffff1
core   0: 0x800006f6 (0xfe45c2e3) blt     a1, tp, pc - 28
core   0: 3 0x800006f6 (0xfe45c2e3)
core   0: 0x800006da (0x00008cb1) c.xor   s1, a2
core   0: 3 0x800006da (0x8cb1) x 9 0x00000007
core   0: 0x800006dc (0x00000585) c.addi  a1, 1
core   0: 3 0x800006dc (0x0585) x11 0x00000000
core   0: 0x800006de (0x38a5f113) andi    sp, a1, 906
core   0: 3 0x800006de (0x38a5f113) x 2 0x00000000
core   0: 0x800006e2 (0x045d4113) xori    sp, s10, 69
core   0: 3 0x800006e2 (0x045d4113) x 2 0x00000045
core   0: 0x800006e6 (0x032be6b3) rem     a3, s7, s2
core   0: 3 0x800006e6 (0x032be6b3) x13 0x00000000
core   0: 0x800006ea (0x4fbf8d93) addi    s11, t6, 1275
core   0: 3 0x800006ea (0x4fbf8d93) x27 0x045cc6fb
core   0: 0x800006ee (0x291e57b7) lui     a5, 0x291e5
core   0: 3 0x800006ee (0x291e57b7) x15 0x291e5000
core   0: 0x800006f2 (0x02d87f33) remu    t5, a6, a3
core   0: 3 0x800006f2 (0x02d87f33) x30 0xfffffff1
core   0: 0x800006f6 (0xfe45c2e3) blt     a1, tp, pc - 28
core   0: 3 0x800006f6 (0xfe45c2e3)
core   0: 0x800006da (0x00008cb1) c.xor   s1, a2
core   0: 3 0x800006da (0x8cb1) x 9 0xbe3ec6fd
core   0: 0x800006dc (0x00000585) c.addi  a1, 1
core   0: 3 0x800006dc (0x0585) x11 0x00000001
core   0: 0x800006de (0x38a5f113) andi    sp, a1, 906
core   0: 3 0x800006de (0x38a5f113) x 2 0x00000000
core   0: 0x800006e2 (0x045d4113) xori    sp, s10, 69
core   0: 3 0x800006e2 (0x045d4113) x 2 0x00000045
core   0: 0x800006e6 (0x032be6b3) rem     a3, s7, s2
core   0: 3 0x800006e6 (0x032be6b3) x13 0x00000000
core   0: 0x800006ea (0x4fbf8d93) addi    s11, t6, 1275
core   0: 3 0x800006ea (0x4fbf8d93) x27 0x045cc6fb
core   0: 0x800006ee (0x291e57b7) lui     a5, 0x291e5
core   0: 3 0x800006ee (0x291e57b7) x15 0x291e5000
core   0: 0x800006f2 (0x02d87f33) remu    t5, a6, a3
core   0: 3 0x800006f2 (0x02d87f33) x30 0xfffffff1
core   0: 0x800006f6 (0xfe45c2e3) blt     a1, tp, pc - 28
core   0: 3 0x800006f6 (0xfe45c2e3)
core   0: 0x800006da (0x00008cb1) c.xor   s1, a2
core   0: 3 0x800006da (0x8cb1) x 9 0x00000007
core   0: 0x800006dc (0x00000585) c.addi  a1, 1
core   0: 3 0x800006dc (0x0585) x11 0x00000002
core   0: 0x800006de (0x38a5f113) andi    sp, a1, 906
core   0: 3 0x800006de (0x38a5f113) x 2 0x00000002
core   0: 0x800006e2 (0x045d4113) xori    sp, s10, 69
core   0: 3 0x800006e2 (0x045d4113) x 2 0x00000045
core   0: 0x800006e6 (0x032be6b3) rem     a3, s7, s2
core   0: 3 0x800006e6 (0x032be6b3) x13 0x00000000
core   0: 0x800006ea (0x4fbf8d93) addi    s11, t6, 1275
core   0: 3 0x800006ea (0x4fbf8d93) x27 0x045cc6fb
core   0: 0x800006ee (0x291e57b7) lui     a5, 0x291e5
core   0: 3 0x800006ee (0x291e57b7) x15 0x291e5000
core   0: 0x800006f2 (0x02d87f33) remu    t5, a6, a3
core   0: 3 0x800006f2 (0x02d87f33) x30 0xfffffff1
core   0: 0x800006f6 (0xfe45c2e3) blt     a1, tp, pc - 28
core   0: 3 0x800006f6 (0xfe45c2e3)
core   0: 0x800006da (0x00008cb1) c.xor   s1, a2
core   0: 3 0x800006da (0x8cb1) x 9 0xbe3ec6fd
core   0: 0x800006dc (0x00000585) c.addi  a1, 1
core   0: 3 0x800006dc (0x0585) x11 0x00000003
core   0: 0x800006de (0x38a5f113) andi    sp, a1, 906
core   0: 3 0x800006de (0x38a5f113) x 2 0x00000002
core   0: 0x800006e2 (0x045d4113) xori    sp, s10, 69
core   0: 3 0x800006e2 (0x045d4113) x 2 0x00000045
core   0: 0x800006e6 (0x032be6b3) rem     a3, s7, s2
core   0: 3 0x800006e6 (0x032be6b3) x13 0x00000000
core   0: 0x800006ea (0x4fbf8d93) addi    s11, t6, 1275
core   0: 3 0x800006ea (0x4fbf8d93) x27 0x045cc6fb
core   0: 0x800006ee (0x291e57b7) lui     a5, 0x291e5
core   0: 3 0x800006ee (0x291e57b7) x15 0x291e5000
core   0: 0x800006f2 (0x02d87f33) remu    t5, a6, a3
core   0: 3 0x800006f2 (0x02d87f33) x30 0xfffffff1
core   0: 0x800006f6 (0xfe45c2e3) blt     a1, tp, pc - 28
core   0: 3 0x800006f6 (0xfe45c2e3)
core   0: 0x800006da (0x00008cb1) c.xor   s1, a2
core   0: 3 0x800006da (0x8cb1) x 9 0x00000007
core   0: 0x800006dc (0x00000585) c.addi  a1, 1
core   0: 3 0x800006dc (0x0585) x11 0x00000004
core   0: 0x800006de (0x38a5f113) andi    sp, a1, 906
core   0: 3 0x800006de (0x38a5f113) x 2 0x00000000
core   0: 0x800006e2 (0x045d4113) xori    sp, s10, 69
core   0: 3 0x800006e2 (0x045d4113) x 2 0x00000045
core   0: 0x800006e6 (0x032be6b3) rem     a3, s7, s2
core   0: 3 0x800006e6 (0x032be6b3) x13 0x00000000
core   0: 0x800006ea (0x4fbf8d93) addi    s11, t6, 1275
core   0: 3 0x800006ea (0x4fbf8d93) x27 0x045cc6fb
core   0: 0x800006ee (0x291e57b7) lui     a5, 0x291e5
core   0: 3 0x800006ee (0x291e57b7) x15 0x291e5000
core   0: 0x800006f2 (0x02d87f33) remu    t5, a6, a3
core   0: 3 0x800006f2 (0x02d87f33) x30 0xfffffff1
core   0: 0x800006f6 (0xfe45c2e3) blt     a1, tp, pc - 28
core   0: 3 0x800006f6 (0xfe45c2e3)
core   0: 0x800006da (0x00008cb1) c.xor   s1, a2
core   0: 3 0x800006da (0x8cb1) x 9 0xbe3ec6fd
core   0: 0x800006dc (0x00000585) c.addi  a1, 1
core   0: 3 0x800006dc (0x0585) x11 0x00000005
core   0: 0x800006de (0x38a5f113) andi    sp, a1, 906
core   0: 3 0x800006de (0x38a5f113) x 2 0x00000000
core   0: 0x800006e2 (0x045d4113) xori    sp, s10, 69
core   0: 3 0x800006e2 (0x045d4113) x 2 0x00000045
core   0: 0x800006e6 (0x032be6b3) rem     a3, s7, s2
core   0: 3 0x800006e6 (0x032be6b3) x13 0x00000000
core   0: 0x800006ea (0x4fbf8d93) addi    s11, t6, 1275
core   0: 3 0x800006ea (0x4fbf8d93) x27 0x045cc6fb
core   0: 0x800006ee (0x291e57b7) lui     a5, 0x291e5
core   0: 3 0x800006ee (0x291e57b7) x15 0x291e5000
core   0: 0x800006f2 (0x02d87f33) remu    t5, a6, a3
core   0: 3 0x800006f2 (0x02d87f33) x30 0xfffffff1
core   0: 0x800006f6 (0xfe45c2e3) blt     a1, tp, pc - 28
core   0: 3 0x800006f6 (0xfe45c2e3)
core   0: 0x800006da (0x00008cb1) c.xor   s1, a2
core   0: 3 0x800006da (0x8cb1) x 9 0x00000007
core   0: 0x800006dc (0x00000585) c.addi  a1, 1
core   0: 3 0x800006dc (0x0585) x11 0x00000006
core   0: 0x800006de (0x38a5f113) andi    sp, a1, 906
core   0: 3 0x800006de (0x38a5f113) x 2 0x00000002
core   0: 0x800006e2 (0x045d4113) xori    sp, s10, 69
core   0: 3 0x800006e2 (0x045d4113) x 2 0x00000045
core   0: 0x800006e6 (0x032be6b3) rem     a3, s7, s2
core   0: 3 0x800006e6 (0x032be6b3) x13 0x00000000
core   0: 0x800006ea (0x4fbf8d93) addi    s11, t6, 1275
core   0: 3 0x800006ea (0x4fbf8d93) x27 0x045cc6fb
core   0: 0x800006ee (0x291e57b7) lui     a5, 0x291e5
core   0: 3 0x800006ee (0x291e57b7) x15 0x291e5000
core   0: 0x800006f2 (0x02d87f33) remu    t5, a6, a3
core   0: 3 0x800006f2 (0x02d87f33) x30 0xfffffff1
core   0: 0x800006f6 (0xfe45c2e3) blt     a1, tp, pc - 28
core   0: 3 0x800006f6 (0xfe45c2e3)
core   0: 0x800006da (0x00008cb1) c.xor   s1, a2
core   0: 3 0x800006da (0x8cb1) x 9 0xbe3ec6fd
core   0: 0x800006dc (0x00000585) c.addi  a1, 1
core   0: 3 0x800006dc (0x0585) x11 0x00000007
core   0: 0x800006de (0x38a5f113) andi    sp, a1, 906
core   0: 3 0x800006de (0x38a5f113) x 2 0x00000002
core   0: 0x800006e2 (0x045d4113) xori    sp, s10, 69
core   0: 3 0x800006e2 (0x045d4113) x 2 0x00000045
core   0: 0x800006e6 (0x032be6b3) rem     a3, s7, s2
core   0: 3 0x800006e6 (0x032be6b3) x13 0x00000000
core   0: 0x800006ea (0x4fbf8d93) addi    s11, t6, 1275
core   0: 3 0x800006ea (0x4fbf8d93) x27 0x045cc6fb
core   0: 0x800006ee (0x291e57b7) lui     a5, 0x291e5
core   0: 3 0x800006ee (0x291e57b7) x15 0x291e5000
core   0: 0x800006f2 (0x02d87f33) remu    t5, a6, a3
core   0: 3 0x800006f2 (0x02d87f33) x30 0xfffffff1
core   0: 0x800006f6 (0xfe45c2e3) blt     a1, tp, pc - 28
core   0: 3 0x800006f6 (0xfe45c2e3)
core   0: 0x800006da (0x00008cb1) c.xor   s1, a2
core   0: 3 0x800006da (0x8cb1) x 9 0x00000007
core   0: 0x800006dc (0x00000585) c.addi  a1, 1
core   0: 3 0x800006dc (0x0585) x11 0x00000008
core   0: 0x800006de (0x38a5f113) andi    sp, a1, 906
core   0: 3 0x800006de (0x38a5f113) x 2 0x00000008
core   0: 0x800006e2 (0x045d4113) xori    sp, s10, 69
core   0: 3 0x800006e2 (0x045d4113) x 2 0x00000045
core   0: 0x800006e6 (0x032be6b3) rem     a3, s7, s2
core   0: 3 0x800006e6 (0x032be6b3) x13 0x00000000
core   0: 0x800006ea (0x4fbf8d93) addi    s11, t6, 1275
core   0: 3 0x800006ea (0x4fbf8d93) x27 0x045cc6fb
core   0: 0x800006ee (0x291e57b7) lui     a5, 0x291e5
core   0: 3 0x800006ee (0x291e57b7) x15 0x291e5000
core   0: 0x800006f2 (0x02d87f33) remu    t5, a6, a3
core   0: 3 0x800006f2 (0x02d87f33) x30 0xfffffff1
core   0: 0x800006f6 (0xfe45c2e3) blt     a1, tp, pc - 28
core   0: 3 0x800006f6 (0xfe45c2e3)
core   0: 0x800006fa (0x3e3ec617) auipc   a2, 0x3e3ec
core   0: 3 0x800006fa (0x3e3ec617) x12 0xbe3ec6fa
core   0: 0x800006fe (0x00009936) c.add   s2, a3
core   0: 3 0x800006fe (0x9936) x18 0x80026ce4
core   0: 0x80000700 (0x020110b3) mulh    ra, sp, zero
core   0: 3 0x80000700 (0x020110b3) x 1 0x00000000
core   0: 0x80000704 (0x00008d79) c.and   a0, a4
core   0: 3 0x80000704 (0x8d79) x10 0x00000014
core   0: 0x80000706 (0xdbe3a337) lui     t1, 0xdbe3a
core   0: 3 0x80000706 (0xdbe3a337) x 6 0xdbe3a000
core   0: 0x8000070a (0xfb075ae3) bge     a4, a6, pc - 76
core   0: 3 0x8000070a (0xfb075ae3)
core   0: 0x800006be (0x00008d4d) c.or    a0, a1
core   0: 3 0x800006be (0x8d4d) x10 0x0000001c
core   0: 0x800006c0 (0x033b77b3) remu    a5, s6, s3
core   0: 3 0x800006c0 (0x033b77b3) x15 0xfffffffa
core   0: 0x800006c4 (0x00001759) c.addi  a4, -10
core   0: 3 0x800006c4 (0x1759) x14 0xffffffea
core   0: 0x800006c6 (0x00000001) c.nop
core   0: 3 0x800006c6 (0x0001)
core   0: 0x800006c8 (0xa8fb6993) ori     s3, s6, -1393
core   0: 3 0x800006c8 (0xa8fb6993) x19 0xffffffff
core   0: 0x800006cc (0xff800593) li      a1, -8
core   0: 3 0x800006cc (0xff800593) x11 0xfffffff8
core   0: 0x800006d0 (0x00000001) c.nop
core   0: 3 0x800006d0 (0x0001)
core   0: 0x800006d2 (0xe5228393) addi    t2, t0, -430
core   0: 3 0x800006d2 (0xe5228393) x 7 0xfffffe52
core   0: 0x800006d6 (0x00800213) li      tp, 8
core   0: 3 0x800006d6 (0x00800213) x 4 0x00000008
core   0: 0x800006da (0x00008cb1) c.xor   s1, a2
core   0: 3 0x800006da (0x8cb1) x 9 0xbe3ec6fd
core   0: 0x800006dc (0x00000585) c.addi  a1, 1
core   0: 3 0x800006dc (0x0585) x11 0xfffffff9
core   0: 0x800006de (0x38a5f113) andi    sp, a1, 906
core   0: 3 0x800006de (0x38a5f113) x 2 0x00000388
core   0: 0x800006e2 (0x045d4113) xori    sp, s10, 69
core   0: 3 0x800006e2 (0x045d4113) x 2 0x00000045
core   0: 0x800006e6 (0x032be6b3) rem     a3, s7, s2
core   0: 3 0x800006e6 (0x032be6b3) x13 0x00000000
core   0: 0x800006ea (0x4fbf8d93) addi    s11, t6, 1275
core   0: 3 0x800006ea (0x4fbf8d93) x27 0x045cc6fb
core   0: 0x800006ee (0x291e57b7) lui     a5, 0x291e5
core   0: 3 0x800006ee (0x291e57b7) x15 0x291e5000
core   0: 0x800006f2 (0x02d87f33) remu    t5, a6, a3
core   0: 3 0x800006f2 (0x02d87f33) x30 0xfffffff1
core   0: 0x800006f6 (0xfe45c2e3) blt     a1, tp, pc - 28
core   0: 3 0x800006f6 (0xfe45c2e3)
core   0: 0x800006da (0x00008cb1) c.xor   s1, a2
core   0: 3 0x800006da (0x8cb1) x 9 0x00000007
core   0: 0x800006dc (0x00000585) c.addi  a1, 1
core   0: 3 0x800006dc (0x0585) x11 0xfffffffa
core   0: 0x800006de (0x38a5f113) andi    sp, a1, 906
core   0: 3 0x800006de (0x38a5f113) x 2 0x0000038a
core   0: 0x800006e2 (0x045d4113) xori    sp, s10, 69
core   0: 3 0x800006e2 (0x045d4113) x 2 0x00000045
core   0: 0x800006e6 (0x032be6b3) rem     a3, s7, s2
core   0: 3 0x800006e6 (0x032be6b3) x13 0x00000000
core   0: 0x800006ea (0x4fbf8d93) addi    s11, t6, 1275
core   0: 3 0x800006ea (0x4fbf8d93) x27 0x045cc6fb
core   0: 0x800006ee (0x291e57b7) lui     a5, 0x291e5
core   0: 3 0x800006ee (0x291e57b7) x15 0x291e5000
core   0: 0x800006f2 (0x02d87f33) remu    t5, a6, a3
core   0: 3 0x800006f2 (0x02d87f33) x30 0xfffffff1
core   0: 0x800006f6 (0xfe45c2e3) blt     a1, tp, pc - 28
core   0: 3 0x800006f6 (0xfe45c2e3)
core   0: 0x800006da (0x00008cb1) c.xor   s1, a2
core   0: 3 0x800006da (0x8cb1) x 9 0xbe3ec6fd
core   0: 0x800006dc (0x00000585) c.addi  a1, 1
core   0: 3 0x800006dc (0x0585) x11 0xfffffffb
core   0: 0x800006de (0x38a5f113) andi    sp, a1, 906
core   0: 3 0x800006de (0x38a5f113) x 2 0x0000038a
core   0: 0x800006e2 (0x045d4113) xori    sp, s10, 69
core   0: 3 0x800006e2 (0x045d4113) x 2 0x00000045
core   0: 0x800006e6 (0x032be6b3) rem     a3, s7, s2
core   0: 3 0x800006e6 (0x032be6b3) x13 0x00000000
core   0: 0x800006ea (0x4fbf8d93) addi    s11, t6, 1275
core   0: 3 0x800006ea (0x4fbf8d93) x27 0x045cc6fb
core   0: 0x800006ee (0x291e57b7) lui     a5, 0x291e5
core   0: 3 0x800006ee (0x291e57b7) x15 0x291e5000
core   0: 0x800006f2 (0x02d87f33) remu    t5, a6, a3
core   0: 3 0x800006f2 (0x02d87f33) x30 0xfffffff1
core   0: 0x800006f6 (0xfe45c2e3) blt     a1, tp, pc - 28
core   0: 3 0x800006f6 (0xfe45c2e3)
core   0: 0x800006da (0x00008cb1) c.xor   s1, a2
core   0: 3 0x800006da (0x8cb1) x 9 0x00000007
core   0: 0x800006dc (0x00000585) c.addi  a1, 1
core   0: 3 0x800006dc (0x0585) x11 0xfffffffc
core   0: 0x800006de (0x38a5f113) andi    sp, a1, 906
core   0: 3 0x800006de (0x38a5f113) x 2 0x00000388
core   0: 0x800006e2 (0x045d4113) xori    sp, s10, 69
core   0: 3 0x800006e2 (0x045d4113) x 2 0x00000045
core   0: 0x800006e6 (0x032be6b3) rem     a3, s7, s2
core   0: 3 0x800006e6 (0x032be6b3) x13 0x00000000
core   0: 0x800006ea (0x4fbf8d93) addi    s11, t6, 1275
core   0: 3 0x800006ea (0x4fbf8d93) x27 0x045cc6fb
core   0: 0x800006ee (0x291e57b7) lui     a5, 0x291e5
core   0: 3 0x800006ee (0x291e57b7) x15 0x291e5000
core   0: 0x800006f2 (0x02d87f33) remu    t5, a6, a3
core   0: 3 0x800006f2 (0x02d87f33) x30 0xfffffff1
core   0: 0x800006f6 (0xfe45c2e3) blt     a1, tp, pc - 28
core   0: 3 0x800006f6 (0xfe45c2e3)
core   0: 0x800006da (0x00008cb1) c.xor   s1, a2
core   0: 3 0x800006da (0x8cb1) x 9 0xbe3ec6fd
core   0: 0x800006dc (0x00000585) c.addi  a1, 1
core   0: 3 0x800006dc (0x0585) x11 0xfffffffd
core   0: 0x800006de (0x38a5f113) andi    sp, a1, 906
core   0: 3 0x800006de (0x38a5f113) x 2 0x00000388
core   0: 0x800006e2 (0x045d4113) xori    sp, s10, 69
core   0: 3 0x800006e2 (0x045d4113) x 2 0x00000045
core   0: 0x800006e6 (0x032be6b3) rem     a3, s7, s2
core   0: 3 0x800006e6 (0x032be6b3) x13 0x00000000
core   0: 0x800006ea (0x4fbf8d93) addi    s11, t6, 1275
core   0: 3 0x800006ea (0x4fbf8d93) x27 0x045cc6fb
core   0: 0x800006ee (0x291e57b7) lui     a5, 0x291e5
core   0: 3 0x800006ee (0x291e57b7) x15 0x291e5000
core   0: 0x800006f2 (0x02d87f33) remu    t5, a6, a3
core   0: 3 0x800006f2 (0x02d87f33) x30 0xfffffff1
core   0: 0x800006f6 (0xfe45c2e3) blt     a1, tp, pc - 28
core   0: 3 0x800006f6 (0xfe45c2e3)
core   0: 0x800006da (0x00008cb1) c.xor   s1, a2
core   0: 3 0x800006da (0x8cb1) x 9 0x00000007
core   0: 0x800006dc (0x00000585) c.addi  a1, 1
core   0: 3 0x800006dc (0x0585) x11 0xfffffffe
core   0: 0x800006de (0x38a5f113) andi    sp, a1, 906
core   0: 3 0x800006de (0x38a5f113) x 2 0x0000038a
core   0: 0x800006e2 (0x045d4113) xori    sp, s10, 69
core   0: 3 0x800006e2 (0x045d4113) x 2 0x00000045
core   0: 0x800006e6 (0x032be6b3) rem     a3, s7, s2
core   0: 3 0x800006e6 (0x032be6b3) x13 0x00000000
core   0: 0x800006ea (0x4fbf8d93) addi    s11, t6, 1275
core   0: 3 0x800006ea (0x4fbf8d93) x27 0x045cc6fb
core   0: 0x800006ee (0x291e57b7) lui     a5, 0x291e5
core   0: 3 0x800006ee (0x291e57b7) x15 0x291e5000
core   0: 0x800006f2 (0x02d87f33) remu    t5, a6, a3
core   0: 3 0x800006f2 (0x02d87f33) x30 0xfffffff1
core   0: 0x800006f6 (0xfe45c2e3) blt     a1, tp, pc - 28
core   0: 3 0x800006f6 (0xfe45c2e3)
core   0: 0x800006da (0x00008cb1) c.xor   s1, a2
core   0: 3 0x800006da (0x8cb1) x 9 0xbe3ec6fd
core   0: 0x800006dc (0x00000585) c.addi  a1, 1
core   0: 3 0x800006dc (0x0585) x11 0xffffffff
core   0: 0x800006de (0x38a5f113) andi    sp, a1, 906
core   0: 3 0x800006de (0x38a5f113) x 2 0x0000038a
core   0: 0x800006e2 (0x045d4113) xori    sp, s10, 69
core   0: 3 0x800006e2 (0x045d4113) x 2 0x00000045
core   0: 0x800006e6 (0x032be6b3) rem     a3, s7, s2
core   0: 3 0x800006e6 (0x032be6b3) x13 0x00000000
core   0: 0x800006ea (0x4fbf8d93) addi    s11, t6, 1275
core   0: 3 0x800006ea (0x4fbf8d93) x27 0x045cc6fb
core   0: 0x800006ee (0x291e57b7) lui     a5, 0x291e5
core   0: 3 0x800006ee (0x291e57b7) x15 0x291e5000
core   0: 0x800006f2 (0x02d87f33) remu    t5, a6, a3
core   0: 3 0x800006f2 (0x02d87f33) x30 0xfffffff1
core   0: 0x800006f6 (0xfe45c2e3) blt     a1, tp, pc - 28
core   0: 3 0x800006f6 (0xfe45c2e3)
core   0: 0x800006da (0x00008cb1) c.xor   s1, a2
core   0: 3 0x800006da (0x8cb1) x 9 0x00000007
core   0: 0x800006dc (0x00000585) c.addi  a1, 1
core   0: 3 0x800006dc (0x0585) x11 0x00000000
core   0: 0x800006de (0x38a5f113) andi    sp, a1, 906
core   0: 3 0x800006de (0x38a5f113) x 2 0x00000000
core   0: 0x800006e2 (0x045d4113) xori    sp, s10, 69
core   0: 3 0x800006e2 (0x045d4113) x 2 0x00000045
core   0: 0x800006e6 (0x032be6b3) rem     a3, s7, s2
core   0: 3 0x800006e6 (0x032be6b3) x13 0x00000000
core   0: 0x800006ea (0x4fbf8d93) addi    s11, t6, 1275
core   0: 3 0x800006ea (0x4fbf8d93) x27 0x045cc6fb
core   0: 0x800006ee (0x291e57b7) lui     a5, 0x291e5
core   0: 3 0x800006ee (0x291e57b7) x15 0x291e5000
core   0: 0x800006f2 (0x02d87f33) remu    t5, a6, a3
core   0: 3 0x800006f2 (0x02d87f33) x30 0xfffffff1
core   0: 0x800006f6 (0xfe45c2e3) blt     a1, tp, pc - 28
core   0: 3 0x800006f6 (0xfe45c2e3)
core   0: 0x800006da (0x00008cb1) c.xor   s1, a2
core   0: 3 0x800006da (0x8cb1) x 9 0xbe3ec6fd
core   0: 0x800006dc (0x00000585) c.addi  a1, 1
core   0: 3 0x800006dc (0x0585) x11 0x00000001
core   0: 0x800006de (0x38a5f113) andi    sp, a1, 906
core   0: 3 0x800006de (0x38a5f113) x 2 0x00000000
core   0: 0x800006e2 (0x045d4113) xori    sp, s10, 69
core   0: 3 0x800006e2 (0x045d4113) x 2 0x00000045
core   0: 0x800006e6 (0x032be6b3) rem     a3, s7, s2
core   0: 3 0x800006e6 (0x032be6b3) x13 0x00000000
core   0: 0x800006ea (0x4fbf8d93) addi    s11, t6, 1275
core   0: 3 0x800006ea (0x4fbf8d93) x27 0x045cc6fb
core   0: 0x800006ee (0x291e57b7) lui     a5, 0x291e5
core   0: 3 0x800006ee (0x291e57b7) x15 0x291e5000
core   0: 0x800006f2 (0x02d87f33) remu    t5, a6, a3
core   0: 3 0x800006f2 (0x02d87f33) x30 0xfffffff1
core   0: 0x800006f6 (0xfe45c2e3) blt     a1, tp, pc - 28
core   0: 3 0x800006f6 (0xfe45c2e3)
core   0: 0x800006da (0x00008cb1) c.xor   s1, a2
core   0: 3 0x800006da (0x8cb1) x 9 0x00000007
core   0: 0x800006dc (0x00000585) c.addi  a1, 1
core   0: 3 0x800006dc (0x0585) x11 0x00000002
core   0: 0x800006de (0x38a5f113) andi    sp, a1, 906
core   0: 3 0x800006de (0x38a5f113) x 2 0x00000002
core   0: 0x800006e2 (0x045d4113) xori    sp, s10, 69
core   0: 3 0x800006e2 (0x045d4113) x 2 0x00000045
core   0: 0x800006e6 (0x032be6b3) rem     a3, s7, s2
core   0: 3 0x800006e6 (0x032be6b3) x13 0x00000000
core   0: 0x800006ea (0x4fbf8d93) addi    s11, t6, 1275
core   0: 3 0x800006ea (0x4fbf8d93) x27 0x045cc6fb
core   0: 0x800006ee (0x291e57b7) lui     a5, 0x291e5
core   0: 3 0x800006ee (0x291e57b7) x15 0x291e5000
core   0: 0x800006f2 (0x02d87f33) remu    t5, a6, a3
core   0: 3 0x800006f2 (0x02d87f33) x30 0xfffffff1
core   0: 0x800006f6 (0xfe45c2e3) blt     a1, tp, pc - 28
core   0: 3 0x800006f6 (0xfe45c2e3)
core   0: 0x800006da (0x00008cb1) c.xor   s1, a2
core   0: 3 0x800006da (0x8cb1) x 9 0xbe3ec6fd
core   0: 0x800006dc (0x00000585) c.addi  a1, 1
core   0: 3 0x800006dc (0x0585) x11 0x00000003
core   0: 0x800006de (0x38a5f113) andi    sp, a1, 906
core   0: 3 0x800006de (0x38a5f113) x 2 0x00000002
core   0: 0x800006e2 (0x045d4113) xori    sp, s10, 69
core   0: 3 0x800006e2 (0x045d4113) x 2 0x00000045
core   0: 0x800006e6 (0x032be6b3) rem     a3, s7, s2
core   0: 3 0x800006e6 (0x032be6b3) x13 0x00000000
core   0: 0x800006ea (0x4fbf8d93) addi    s11, t6, 1275
core   0: 3 0x800006ea (0x4fbf8d93) x27 0x045cc6fb
core   0: 0x800006ee (0x291e57b7) lui     a5, 0x291e5
core   0: 3 0x800006ee (0x291e57b7) x15 0x291e5000
core   0: 0x800006f2 (0x02d87f33) remu    t5, a6, a3
core   0: 3 0x800006f2 (0x02d87f33) x30 0xfffffff1
core   0: 0x800006f6 (0xfe45c2e3) blt     a1, tp, pc - 28
core   0: 3 0x800006f6 (0xfe45c2e3)
core   0: 0x800006da (0x00008cb1) c.xor   s1, a2
core   0: 3 0x800006da (0x8cb1) x 9 0x00000007
core   0: 0x800006dc (0x00000585) c.addi  a1, 1
core   0: 3 0x800006dc (0x0585) x11 0x00000004
core   0: 0x800006de (0x38a5f113) andi    sp, a1, 906
core   0: 3 0x800006de (0x38a5f113) x 2 0x00000000
core   0: 0x800006e2 (0x045d4113) xori    sp, s10, 69
core   0: 3 0x800006e2 (0x045d4113) x 2 0x00000045
core   0: 0x800006e6 (0x032be6b3) rem     a3, s7, s2
core   0: 3 0x800006e6 (0x032be6b3) x13 0x00000000
core   0: 0x800006ea (0x4fbf8d93) addi    s11, t6, 1275
core   0: 3 0x800006ea (0x4fbf8d93) x27 0x045cc6fb
core   0: 0x800006ee (0x291e57b7) lui     a5, 0x291e5
core   0: 3 0x800006ee (0x291e57b7) x15 0x291e5000
core   0: 0x800006f2 (0x02d87f33) remu    t5, a6, a3
core   0: 3 0x800006f2 (0x02d87f33) x30 0xfffffff1
core   0: 0x800006f6 (0xfe45c2e3) blt     a1, tp, pc - 28
core   0: 3 0x800006f6 (0xfe45c2e3)
core   0: 0x800006da (0x00008cb1) c.xor   s1, a2
core   0: 3 0x800006da (0x8cb1) x 9 0xbe3ec6fd
core   0: 0x800006dc (0x00000585) c.addi  a1, 1
core   0: 3 0x800006dc (0x0585) x11 0x00000005
core   0: 0x800006de (0x38a5f113) andi    sp, a1, 906
core   0: 3 0x800006de (0x38a5f113) x 2 0x00000000
core   0: 0x800006e2 (0x045d4113) xori    sp, s10, 69
core   0: 3 0x800006e2 (0x045d4113) x 2 0x00000045
core   0: 0x800006e6 (0x032be6b3) rem     a3, s7, s2
core   0: 3 0x800006e6 (0x032be6b3) x13 0x00000000
core   0: 0x800006ea (0x4fbf8d93) addi    s11, t6, 1275
core   0: 3 0x800006ea (0x4fbf8d93) x27 0x045cc6fb
core   0: 0x800006ee (0x291e57b7) lui     a5, 0x291e5
core   0: 3 0x800006ee (0x291e57b7) x15 0x291e5000
core   0: 0x800006f2 (0x02d87f33) remu    t5, a6, a3
core   0: 3 0x800006f2 (0x02d87f33) x30 0xfffffff1
core   0: 0x800006f6 (0xfe45c2e3) blt     a1, tp, pc - 28
core   0: 3 0x800006f6 (0xfe45c2e3)
core   0: 0x800006da (0x00008cb1) c.xor   s1, a2
core   0: 3 0x800006da (0x8cb1) x 9 0x00000007
core   0: 0x800006dc (0x00000585) c.addi  a1, 1
core   0: 3 0x800006dc (0x0585) x11 0x00000006
core   0: 0x800006de (0x38a5f113) andi    sp, a1, 906
core   0: 3 0x800006de (0x38a5f113) x 2 0x00000002
core   0: 0x800006e2 (0x045d4113) xori    sp, s10, 69
core   0: 3 0x800006e2 (0x045d4113) x 2 0x00000045
core   0: 0x800006e6 (0x032be6b3) rem     a3, s7, s2
core   0: 3 0x800006e6 (0x032be6b3) x13 0x00000000
core   0: 0x800006ea (0x4fbf8d93) addi    s11, t6, 1275
core   0: 3 0x800006ea (0x4fbf8d93) x27 0x045cc6fb
core   0: 0x800006ee (0x291e57b7) lui     a5, 0x291e5
core   0: 3 0x800006ee (0x291e57b7) x15 0x291e5000
core   0: 0x800006f2 (0x02d87f33) remu    t5, a6, a3
core   0: 3 0x800006f2 (0x02d87f33) x30 0xfffffff1
core   0: 0x800006f6 (0xfe45c2e3) blt     a1, tp, pc - 28
core   0: 3 0x800006f6 (0xfe45c2e3)
core   0: 0x800006da (0x00008cb1) c.xor   s1, a2
core   0: 3 0x800006da (0x8cb1) x 9 0xbe3ec6fd
core   0: 0x800006dc (0x00000585) c.addi  a1, 1
core   0: 3 0x800006dc (0x0585) x11 0x00000007
core   0: 0x800006de (0x38a5f113) andi    sp, a1, 906
core   0: 3 0x800006de (0x38a5f113) x 2 0x00000002
core   0: 0x800006e2 (0x045d4113) xori    sp, s10, 69
core   0: 3 0x800006e2 (0x045d4113) x 2 0x00000045
core   0: 0x800006e6 (0x032be6b3) rem     a3, s7, s2
core   0: 3 0x800006e6 (0x032be6b3) x13 0x00000000
core   0: 0x800006ea (0x4fbf8d93) addi    s11, t6, 1275
core   0: 3 0x800006ea (0x4fbf8d93) x27 0x045cc6fb
core   0: 0x800006ee (0x291e57b7) lui     a5, 0x291e5
core   0: 3 0x800006ee (0x291e57b7) x15 0x291e5000
core   0: 0x800006f2 (0x02d87f33) remu    t5, a6, a3
core   0: 3 0x800006f2 (0x02d87f33) x30 0xfffffff1
core   0: 0x800006f6 (0xfe45c2e3) blt     a1, tp, pc - 28
core   0: 3 0x800006f6 (0xfe45c2e3)
core   0: 0x800006da (0x00008cb1) c.xor   s1, a2
core   0: 3 0x800006da (0x8cb1) x 9 0x00000007
core   0: 0x800006dc (0x00000585) c.addi  a1, 1
core   0: 3 0x800006dc (0x0585) x11 0x00000008
core   0: 0x800006de (0x38a5f113) andi    sp, a1, 906
core   0: 3 0x800006de (0x38a5f113) x 2 0x00000008
core   0: 0x800006e2 (0x045d4113) xori    sp, s10, 69
core   0: 3 0x800006e2 (0x045d4113) x 2 0x00000045
core   0: 0x800006e6 (0x032be6b3) rem     a3, s7, s2
core   0: 3 0x800006e6 (0x032be6b3) x13 0x00000000
core   0: 0x800006ea (0x4fbf8d93) addi    s11, t6, 1275
core   0: 3 0x800006ea (0x4fbf8d93) x27 0x045cc6fb
core   0: 0x800006ee (0x291e57b7) lui     a5, 0x291e5
core   0: 3 0x800006ee (0x291e57b7) x15 0x291e5000
core   0: 0x800006f2 (0x02d87f33) remu    t5, a6, a3
core   0: 3 0x800006f2 (0x02d87f33) x30 0xfffffff1
core   0: 0x800006f6 (0xfe45c2e3) blt     a1, tp, pc - 28
core   0: 3 0x800006f6 (0xfe45c2e3)
core   0: 0x800006fa (0x3e3ec617) auipc   a2, 0x3e3ec
core   0: 3 0x800006fa (0x3e3ec617) x12 0xbe3ec6fa
core   0: 0x800006fe (0x00009936) c.add   s2, a3
core   0: 3 0x800006fe (0x9936) x18 0x80026ce4
core   0: 0x80000700 (0x020110b3) mulh    ra, sp, zero
core   0: 3 0x80000700 (0x020110b3) x 1 0x00000000
core   0: 0x80000704 (0x00008d79) c.and   a0, a4
core   0: 3 0x80000704 (0x8d79) x10 0x00000008
core   0: 0x80000706 (0xdbe3a337) lui     t1, 0xdbe3a
core   0: 3 0x80000706 (0xdbe3a337) x 6 0xdbe3a000
core   0: 0x8000070a (0xfb075ae3) bge     a4, a6, pc - 76
core   0: 3 0x8000070a (0xfb075ae3)
core   0: 0x8000070e (0x40c3da93) srai    s5, t2, 12
core   0: 3 0x8000070e (0x40c3da93) x21 0xffffffff
core   0: 0x80000712 (0x00700693) li      a3, 7
core   0: 3 0x80000712 (0x00700693) x13 0x00000007
core   0: 0x80000716 (0x0ff0000f) fence   iorw,iorw
core   0: 3 0x80000716 (0x0ff0000f)
core   0: 0x8000071a (0x0118e433) or      s0, a7, a7
core   0: 3 0x8000071a (0x0118e433) x 8 0x00000000
core   0: 0x8000071e (0x0f376193) ori     gp, a4, 243
core   0: 3 0x8000071e (0x0f376193) x 3 0xfffffffb
core   0: 0x80000722 (0x00008c09) c.sub   s0, a0
core   0: 3 0x80000722 (0x8c09) x 8 0xfffffff8
core   0: 0x80000724 (0x2eeac993) xori    s3, s5, 750
core   0: 3 0x80000724 (0x2eeac993) x19 0xfffffd11
core   0: 0x80000728 (0x01200113) li      sp, 18
core   0: 3 0x80000728 (0x01200113) x 2 0x00000012
core   0: 0x8000072c (0x00008722) c.mv    a4, s0
core   0: 3 0x8000072c (0x8722) x14 0xfffffff8
core   0: 0x8000072e (0x00b06333) or      t1, zero, a1
core   0: 3 0x8000072e (0x00b06333) x 6 0x00000008
core   0: 0x80000732 (0x00000685) c.addi  a3, 1
core   0: 3 0x80000732 (0x0685) x13 0x00000008
core   0: 0x80000734 (0x00009a7d) c.andi  a2, -1
core   0: 3 0x80000734 (0x9a7d) x12 0xbe3ec6fa
core   0: 0x80000736 (0xc4370513) addi    a0, a4, -957
core   0: 3 0x80000736 (0xc4370513) x10 0xfffffc3b
core   0: 0x8000073a (0xfe26e9e3) bltu    a3, sp, pc - 14
core   0: 3 0x8000073a (0xfe26e9e3)
core   0: 0x8000072c (0x00008722) c.mv    a4, s0
core   0: 3 0x8000072c (0x8722) x14 0xfffffff8
core   0: 0x8000072e (0x00b06333) or      t1, zero, a1
core   0: 3 0x8000072e (0x00b06333) x 6 0x00000008
core   0: 0x80000732 (0x00000685) c.addi  a3, 1
core   0: 3 0x80000732 (0x0685) x13 0x00000009
core   0: 0x80000734 (0x00009a7d) c.andi  a2, -1
core   0: 3 0x80000734 (0x9a7d) x12 0xbe3ec6fa
core   0: 0x80000736 (0xc4370513) addi    a0, a4, -957
core   0: 3 0x80000736 (0xc4370513) x10 0xfffffc3b
core   0: 0x8000073a (0xfe26e9e3) bltu    a3, sp, pc - 14
core   0: 3 0x8000073a (0xfe26e9e3)
core   0: 0x8000072c (0x00008722) c.mv    a4, s0
core   0: 3 0x8000072c (0x8722) x14 0xfffffff8
core   0: 0x8000072e (0x00b06333) or      t1, zero, a1
core   0: 3 0x8000072e (0x00b06333) x 6 0x00000008
core   0: 0x80000732 (0x00000685) c.addi  a3, 1
core   0: 3 0x80000732 (0x0685) x13 0x0000000a
core   0: 0x80000734 (0x00009a7d) c.andi  a2, -1
core   0: 3 0x80000734 (0x9a7d) x12 0xbe3ec6fa
core   0: 0x80000736 (0xc4370513) addi    a0, a4, -957
core   0: 3 0x80000736 (0xc4370513) x10 0xfffffc3b
core   0: 0x8000073a (0xfe26e9e3) bltu    a3, sp, pc - 14
core   0: 3 0x8000073a (0xfe26e9e3)
core   0: 0x8000072c (0x00008722) c.mv    a4, s0
core   0: 3 0x8000072c (0x8722) x14 0xfffffff8
core   0: 0x8000072e (0x00b06333) or      t1, zero, a1
core   0: 3 0x8000072e (0x00b06333) x 6 0x00000008
core   0: 0x80000732 (0x00000685) c.addi  a3, 1
core   0: 3 0x80000732 (0x0685) x13 0x0000000b
core   0: 0x80000734 (0x00009a7d) c.andi  a2, -1
core   0: 3 0x80000734 (0x9a7d) x12 0xbe3ec6fa
core   0: 0x80000736 (0xc4370513) addi    a0, a4, -957
core   0: 3 0x80000736 (0xc4370513) x10 0xfffffc3b
core   0: 0x8000073a (0xfe26e9e3) bltu    a3, sp, pc - 14
core   0: 3 0x8000073a (0xfe26e9e3)
core   0: 0x8000072c (0x00008722) c.mv    a4, s0
core   0: 3 0x8000072c (0x8722) x14 0xfffffff8
core   0: 0x8000072e (0x00b06333) or      t1, zero, a1
core   0: 3 0x8000072e (0x00b06333) x 6 0x00000008
core   0: 0x80000732 (0x00000685) c.addi  a3, 1
core   0: 3 0x80000732 (0x0685) x13 0x0000000c
core   0: 0x80000734 (0x00009a7d) c.andi  a2, -1
core   0: 3 0x80000734 (0x9a7d) x12 0xbe3ec6fa
core   0: 0x80000736 (0xc4370513) addi    a0, a4, -957
core   0: 3 0x80000736 (0xc4370513) x10 0xfffffc3b
core   0: 0x8000073a (0xfe26e9e3) bltu    a3, sp, pc - 14
core   0: 3 0x8000073a (0xfe26e9e3)
core   0: 0x8000072c (0x00008722) c.mv    a4, s0
core   0: 3 0x8000072c (0x8722) x14 0xfffffff8
core   0: 0x8000072e (0x00b06333) or      t1, zero, a1
core   0: 3 0x8000072e (0x00b06333) x 6 0x00000008
core   0: 0x80000732 (0x00000685) c.addi  a3, 1
core   0: 3 0x80000732 (0x0685) x13 0x0000000d
core   0: 0x80000734 (0x00009a7d) c.andi  a2, -1
core   0: 3 0x80000734 (0x9a7d) x12 0xbe3ec6fa
core   0: 0x80000736 (0xc4370513) addi    a0, a4, -957
core   0: 3 0x80000736 (0xc4370513) x10 0xfffffc3b
core   0: 0x8000073a (0xfe26e9e3) bltu    a3, sp, pc - 14
core   0: 3 0x8000073a (0xfe26e9e3)
core   0: 0x8000072c (0x00008722) c.mv    a4, s0
core   0: 3 0x8000072c (0x8722) x14 0xfffffff8
core   0: 0x8000072e (0x00b06333) or      t1, zero, a1
core   0: 3 0x8000072e (0x00b06333) x 6 0x00000008
core   0: 0x80000732 (0x00000685) c.addi  a3, 1
core   0: 3 0x80000732 (0x0685) x13 0x0000000e
core   0: 0x80000734 (0x00009a7d) c.andi  a2, -1
core   0: 3 0x80000734 (0x9a7d) x12 0xbe3ec6fa
core   0: 0x80000736 (0xc4370513) addi    a0, a4, -957
core   0: 3 0x80000736 (0xc4370513) x10 0xfffffc3b
core   0: 0x8000073a (0xfe26e9e3) bltu    a3, sp, pc - 14
core   0: 3 0x8000073a (0xfe26e9e3)
core   0: 0x8000072c (0x00008722) c.mv    a4, s0
core   0: 3 0x8000072c (0x8722) x14 0xfffffff8
core   0: 0x8000072e (0x00b06333) or      t1, zero, a1
core   0: 3 0x8000072e (0x00b06333) x 6 0x00000008
core   0: 0x80000732 (0x00000685) c.addi  a3, 1
core   0: 3 0x80000732 (0x0685) x13 0x0000000f
core   0: 0x80000734 (0x00009a7d) c.andi  a2, -1
core   0: 3 0x80000734 (0x9a7d) x12 0xbe3ec6fa
core   0: 0x80000736 (0xc4370513) addi    a0, a4, -957
core   0: 3 0x80000736 (0xc4370513) x10 0xfffffc3b
core   0: 0x8000073a (0xfe26e9e3) bltu    a3, sp, pc - 14
core   0: 3 0x8000073a (0xfe26e9e3)
core   0: 0x8000072c (0x00008722) c.mv    a4, s0
core   0: 3 0x8000072c (0x8722) x14 0xfffffff8
core   0: 0x8000072e (0x00b06333) or      t1, zero, a1
core   0: 3 0x8000072e (0x00b06333) x 6 0x00000008
core   0: 0x80000732 (0x00000685) c.addi  a3, 1
core   0: 3 0x80000732 (0x0685) x13 0x00000010
core   0: 0x80000734 (0x00009a7d) c.andi  a2, -1
core   0: 3 0x80000734 (0x9a7d) x12 0xbe3ec6fa
core   0: 0x80000736 (0xc4370513) addi    a0, a4, -957
core   0: 3 0x80000736 (0xc4370513) x10 0xfffffc3b
core   0: 0x8000073a (0xfe26e9e3) bltu    a3, sp, pc - 14
core   0: 3 0x8000073a (0xfe26e9e3)
core   0: 0x8000072c (0x00008722) c.mv    a4, s0
core   0: 3 0x8000072c (0x8722) x14 0xfffffff8
core   0: 0x8000072e (0x00b06333) or      t1, zero, a1
core   0: 3 0x8000072e (0x00b06333) x 6 0x00000008
core   0: 0x80000732 (0x00000685) c.addi  a3, 1
core   0: 3 0x80000732 (0x0685) x13 0x00000011
core   0: 0x80000734 (0x00009a7d) c.andi  a2, -1
core   0: 3 0x80000734 (0x9a7d) x12 0xbe3ec6fa
core   0: 0x80000736 (0xc4370513) addi    a0, a4, -957
core   0: 3 0x80000736 (0xc4370513) x10 0xfffffc3b
core   0: 0x8000073a (0xfe26e9e3) bltu    a3, sp, pc - 14
core   0: 3 0x8000073a (0xfe26e9e3)
core   0: 0x8000072c (0x00008722) c.mv    a4, s0
core   0: 3 0x8000072c (0x8722) x14 0xfffffff8
core   0: 0x8000072e (0x00b06333) or      t1, zero, a1
core   0: 3 0x8000072e (0x00b06333) x 6 0x00000008
core   0: 0x80000732 (0x00000685) c.addi  a3, 1
core   0: 3 0x80000732 (0x0685) x13 0x00000012
core   0: 0x80000734 (0x00009a7d) c.andi  a2, -1
core   0: 3 0x80000734 (0x9a7d) x12 0xbe3ec6fa
core   0: 0x80000736 (0xc4370513) addi    a0, a4, -957
core   0: 3 0x80000736 (0xc4370513) x10 0xfffffc3b
core   0: 0x8000073a (0xfe26e9e3) bltu    a3, sp, pc - 14
core   0: 3 0x8000073a (0xfe26e9e3)
core   0: 0x8000073e (0x40ed8533) sub     a0, s11, a4
core   0: 3 0x8000073e (0x40ed8533) x10 0x045cc703
core   0: 0x80000742 (0xff600f93) li      t6, -10
core   0: 3 0x80000742 (0xff600f93) x31 0xfffffff6
core   0: 0x80000746 (0x02c56133) rem     sp, a0, a2
core   0: 3 0x80000746 (0x02c56133) x 2 0x045cc703
core   0: 0x8000074a (0x01abd733) srl     a4, s7, s10
core   0: 3 0x8000074a (0x01abd733) x14 0x80026ce4
core   0: 0x8000074e (0x01200993) li      s3, 18
core   0: 3 0x8000074e (0x01200993) x19 0x00000012
core   0: 0x80000752 (0x00d22cb3) slt     s9, tp, a3
core   0: 3 0x80000752 (0x00d22cb3) x25 0x00000001
core   0: 0x80000756 (0x00000279) c.addi  tp, 30
core   0: 3 0x80000756 (0x0279) x 4 0x00000026
core   0: 0x80000758 (0x00000f85) c.addi  t6, 1
core   0: 3 0x80000758 (0x0f85) x31 0xfffffff7
core   0: 0x8000075a (0x00000f4a) c.slli  t5, 18
core   0: 3 0x8000075a (0x0f4a) x30 0xffc40000
core   0: 0x8000075c (0xff700593) li      a1, -9
core   0: 3 0x8000075c (0xff700593) x11 0xfffffff7
core   0: 0x80000760 (0x00000001) c.nop
core   0: 3 0x80000760 (0x0001)
core   0: 0x80000762 (0x0ff0000f) fence   iorw,iorw
core   0: 3 0x80000762 (0x0ff0000f)
core   0: 0x80000766 (0xff000913) li      s2, -16
core   0: 3 0x80000766 (0xff000913) x18 0xfffffff0
core   0: 0x8000076a (0x00000b04) c.addi4spn s1, sp, 400
core   0: 3 0x8000076a (0x0b04) x 9 0x045cc893
core   0: 0x8000076c (0x036201b3) mul     gp, tp, s6
core   0: 3 0x8000076c (0x036201b3) x 3 0xffffff1c
core   0: 0x80000770 (0x01b3c133) xor     sp, t2, s11
core   0: 3 0x80000770 (0x01b3c133) x 2 0xfba338a9
core   0: 0x80000774 (0x030ceab3) rem     s5, s9, a6
core   0: 3 0x80000774 (0x030ceab3) x21 0x00000001
core   0: 0x80000778 (0x000087bd) c.srai  a5, 15
core   0: 3 0x80000778 (0x87bd) x15 0x0000523c
core   0: 0x8000077a (0x00ef2eb3) slt     t4, t5, a4
core   0: 3 0x8000077a (0x00ef2eb3) x29 0x00000000
core   0: 0x8000077e (0x408ad7b3) sra     a5, s5, s0
core   0: 3 0x8000077e (0x408ad7b3) x15 0x00000000
core   0: 0x80000782 (0x01d173b3) and     t2, sp, t4
core   0: 3 0x80000782 (0x01d173b3) x 7 0x00000000
core   0: 0x80000786 (0x00008d05) c.sub   a0, s1
core   0: 3 0x80000786 (0x8d05) x10 0xfffffe70
core   0: 0x80000788 (0x0183cb33) xor     s6, t2, s8
core   0: 3 0x80000788 (0x0183cb33) x22 0x0001d000
core   0: 0x8000078c (0x7862db37) lui     s6, 0x7862d
core   0: 3 0x8000078c (0x7862db37) x22 0x7862d000
core   0: 0x80000790 (0x4151d6b3) sra     a3, gp, s5
core   0: 3 0x80000790 (0x4151d6b3) x13 0xffffff8e
core   0: 0x80000794 (0x000015e1) c.addi  a1, -8
core   0: 3 0x80000794 (0x15e1) x11 0xffffffef
core   0: 0x80000796 (0x4ef86c13) ori     s8, a6, 1263
core   0: 3 0x80000796 (0x4ef86c13) x24 0xffffffff
core   0: 0x8000079a (0xfd25dbe3) bge     a1, s2, pc - 42
core   0: 3 0x8000079a (0xfd25dbe3)
core   0: 0x8000079e (0x030df833) remu    a6, s11, a6
core   0: 3 0x8000079e (0x030df833) x16 0x045cc6fb
core   0: 0x800007a2 (0x00008a92) c.mv    s5, tp
core   0: 3 0x800007a2 (0x8a92) x21 0x00000026
core   0: 0x800007a4 (0x403a82b3) sub     t0, s5, gp
core   0: 3 0x800007a4 (0x403a82b3) x 5 0x0000010a
core   0: 0x800007a8 (0x0000100f) fence.i
core   0: 3 0x800007a8 (0x0000100f)
core   0: 0x800007ac (0xfb3f85e3) beq     t6, s3, pc - 86
core   0: 3 0x800007ac (0xfb3f85e3)
core   0: 0x800007b0 (0x01788b33) add     s6, a7, s7
core   0: 3 0x800007b0 (0x01788b33) x22 0x80026ce4
core   0: 0x800007b4 (0x00800593) li      a1, 8
core   0: 3 0x800007b4 (0x00800593) x11 0x00000008
core   0: 0x800007b8 (0x0000100f) fence.i
core   0: 3 0x800007b8 (0x0000100f)
core   0: 0x800007bc (0x01451533) sll     a0, a0, s4
core   0: 3 0x800007bc (0x01451533) x10 0xfffffe70
core   0: 0x800007c0 (0x02e9b2b3) mulhu   t0, s3, a4
core   0: 3 0x800007c0 (0x02e9b2b3) x 5 0x00000009
core   0: 0x800007c4 (0x03bf7033) remu    zero, t5, s11
core   0: 3 0x800007c4 (0x03bf7033)
core   0: 0x800007c8 (0x02103f33) mulhu   t5, zero, ra
core   0: 3 0x800007c8 (0x02103f33) x30 0x00000000
core   0: 0x800007cc (0x00000001) c.nop
core   0: 3 0x800007cc (0x0001)
core   0: 0x800007ce (0x00500413) li      s0, 5
core   0: 3 0x800007ce (0x00500413) x 8 0x00000005
core   0: 0x800007d2 (0x000009fe) c.slli  s3, 31
core   0: 3 0x800007d2 (0x09fe) x19 0x00000000
core   0: 0x800007d4 (0xff1afd13) andi    s10, s5, -15
core   0: 3 0x800007d4 (0xff1afd13) x26 0x00000020
core   0: 0x800007d8 (0x000015f5) c.addi  a1, -3
core   0: 3 0x800007d8 (0x15f5) x11 0x00000005
core   0: 0x800007da (0x00008e15) c.sub   a2, a3
core   0: 3 0x800007da (0x8e15) x12 0xbe3ec76c
core   0: 0x800007dc (0x000082e1) c.srli  a3, 24
core   0: 3 0x800007dc (0x82e1) x13 0x000000ff
core   0: 0x800007de (0x00000001) c.nop
core   0: 3 0x800007de (0x0001)
core   0: 0x800007e0 (0x022af6b3) remu    a3, s5, sp
core   0: 3 0x800007e0 (0x022af6b3) x13 0x00000026
core   0: 0x800007e4 (0x32078617) auipc   a2, 0x32078
core   0: 3 0x800007e4 (0x32078617) x12 0xb20787e4
core   0: 0x800007e8 (0xfe85f6e3) bgeu    a1, s0, pc - 20
core   0: 3 0x800007e8 (0xfe85f6e3)
core   0: 0x800007d4 (0xff1afd13) andi    s10, s5, -15
core   0: 3 0x800007d4 (0xff1afd13) x26 0x00000020
core   0: 0x800007d8 (0x000015f5) c.addi  a1, -3
core   0: 3 0x800007d8 (0x15f5) x11 0x00000002
core   0: 0x800007da (0x00008e15) c.sub   a2, a3
core   0: 3 0x800007da (0x8e15) x12 0xb20787be
core   0: 0x800007dc (0x000082e1) c.srli  a3, 24
core   0: 3 0x800007dc (0x82e1) x13 0x00000000
core   0: 0x800007de (0x00000001) c.nop
core   0: 3 0x800007de (0x0001)
core   0: 0x800007e0 (0x022af6b3) remu    a3, s5, sp
core   0: 3 0x800007e0 (0x022af6b3) x13 0x00000026
core   0: 0x800007e4 (0x32078617) auipc   a2, 0x32078
core   0: 3 0x800007e4 (0x32078617) x12 0xb20787e4
core   0: 0x800007e8 (0xfe85f6e3) bgeu    a1, s0, pc - 20
core   0: 3 0x800007e8 (0xfe85f6e3)
core   0: 0x800007ec (0x000082d1) c.srli  a3, 20
core   0: 3 0x800007ec (0x82d1) x13 0x00000000
core   0: 0x800007ee (0xffc00513) li      a0, -4
core   0: 3 0x800007ee (0xffc00513) x10 0xfffffffc
core   0: 0x800007f2 (0x000080a1) c.srli  s1, 8
core   0: 3 0x800007f2 (0x80a1) x 9 0x00045cc8
core   0: 0x800007f4 (0x00008a9e) c.mv    s5, t2
core   0: 3 0x800007f4 (0x8a9e) x21 0x00000000
core   0: 0x800007f6 (0x005633b3) sltu    t2, a2, t0
core   0: 3 0x800007f6 (0x005633b3) x 7 0x00000000
core   0: 0x800007fa (0x00006f1d) c.lui   t5, 0x7
core   0: 3 0x800007fa (0x6f1d) x30 0x00007000
core   0: 0x800007fc (0x0012b833) sltu    a6, t0, ra
core   0: 3 0x800007fc (0x0012b833) x16 0x00000000
core   0: 0x80000800 (0x02ca6fb3) rem     t6, s4, a2
core   0: 3 0x80000800 (0x02ca6fb3) x31 0xcdf8781c
core   0: 0x80000804 (0x02f39eb3) mulh    t4, t2, a5
core   0: 3 0x80000804 (0x02f39eb3) x29 0x00000000
core   0: 0x80000808 (0x00000001) c.nop
core   0: 3 0x80000808 (0x0001)
core   0: 0x8000080a (0x9f436293) ori     t0, t1, -1548
core   0: 3 0x8000080a (0x9f436293) x 5 0xfffff9fc
core   0: 0x8000080e (0x0ff0000f) fence   iorw,iorw
core   0: 3 0x8000080e (0x0ff0000f)
core   0: 0x80000812 (0x00000509) c.addi  a0, 2
core   0: 3 0x80000812 (0x0509) x10 0xfffffffe
core   0: 0x80000814 (0x50a9a713) slti    a4, s3, 1290
core   0: 3 0x80000814 (0x50a9a713) x14 0x00000001
core   0: 0x80000818 (0x0000610d) c.addi16sp sp, 160
core   0: 3 0x80000818 (0x610d) x 2 0xfba33949
core   0: 0x8000081a (0x00008f6d) c.and   a4, a1
core   0: 3 0x8000081a (0x8f6d) x14 0x00000000
core   0: 0x8000081c (0x00000001) c.nop
core   0: 3 0x8000081c (0x0001)
core   0: 0x8000081e (0x555b0493) addi    s1, s6, 1365
core   0: 3 0x8000081e (0x555b0493) x 9 0x80027239
core   0: 0x80000822 (0x0000d565) c.beqz  a0, pc - 24
core   0: 3 0x80000822 (0xd565)
core   0: 0x80000824 (0x01ae5213) srli    tp, t3, 26
core   0: 3 0x80000824 (0x01ae5213) x 4 0x00000020
core   0: 0x80000828 (0xffa00513) li      a0, -6
core   0: 3 0x80000828 (0xffa00513) x10 0xfffffffa
core   0: 0x8000082c (0x00c48f33) add     t5, s1, a2
core   0: 3 0x8000082c (0x00c48f33) x30 0x3209fa1d
core   0: 0x80000830 (0x02f20133) mul     sp, tp, a5
core   0: 3 0x80000830 (0x02f20133) x 2 0x00000000
core   0: 0x80000834 (0x00000001) c.nop
core   0: 3 0x80000834 (0x0001)
core   0: 0x80000836 (0x00008abd) c.andi  a3, 15
core   0: 3 0x80000836 (0x8abd) x13 0x00000000
core   0: 0x80000838 (0x00082633) slt     a2, a6, zero
core   0: 3 0x80000838 (0x00082633) x12 0x00000000
core   0: 0x8000083c (0x0012a7b3) slt     a5, t0, ra
core   0: 3 0x8000083c (0x0012a7b3) x15 0x00000001
core   0: 0x80000840 (0x00000f8c) c.addi4spn a1, sp, 976
core   0: 3 0x80000840 (0x0f8c) x11 0x000003d0
core   0: 0x80000842 (0x00000519) c.addi  a0, 6
core   0: 3 0x80000842 (0x0519) x10 0x00000000
core   0: 0x80000844 (0x00006171) c.addi16sp sp, 336
core   0: 3 0x80000844 (0x6171) x 2 0x00000150
core   0: 0x80000846 (0x00700993) li      s3, 7
core   0: 3 0x80000846 (0x00700993) x19 0x00000007
core   0: 0x8000084a (0x00500913) li      s2, 5
core   0: 3 0x8000084a (0x00500913) x18 0x00000005
core   0: 0x8000084e (0x01513133) sltu    sp, sp, s5
core   0: 3 0x8000084e (0x01513133) x 2 0x00000000
core   0: 0x80000852 (0x00006fe9) c.lui   t6, 0x1a
core   0: 3 0x80000852 (0x6fe9) x31 0x0001a000
core   0: 0x80000854 (0x000019fd) c.addi  s3, -1
core   0: 3 0x80000854 (0x19fd) x19 0x00000006
core   0: 0x80000856 (0xff29fce3) bgeu    s3, s2, pc - 8
core   0: 3 0x80000856 (0xff29fce3)
core   0: 0x8000084e (0x01513133) sltu    sp, sp, s5
core   0: 3 0x8000084e (0x01513133) x 2 0x00000000
core   0: 0x80000852 (0x00006fe9) c.lui   t6, 0x1a
core   0: 3 0x80000852 (0x6fe9) x31 0x0001a000
core   0: 0x80000854 (0x000019fd) c.addi  s3, -1
core   0: 3 0x80000854 (0x19fd) x19 0x00000005
core   0: 0x80000856 (0xff29fce3) bgeu    s3, s2, pc - 8
core   0: 3 0x80000856 (0xff29fce3)
core   0: 0x8000084e (0x01513133) sltu    sp, sp, s5
core   0: 3 0x8000084e (0x01513133) x 2 0x00000000
core   0: 0x80000852 (0x00006fe9) c.lui   t6, 0x1a
core   0: 3 0x80000852 (0x6fe9) x31 0x0001a000
core   0: 0x80000854 (0x000019fd) c.addi  s3, -1
core   0: 3 0x80000854 (0x19fd) x19 0x00000004
core   0: 0x80000856 (0xff29fce3) bgeu    s3, s2, pc - 8
core   0: 3 0x80000856 (0xff29fce3)
core   0: 0x8000085a (0x0000f16d) c.bnez  a0, pc - 30
core   0: 3 0x8000085a (0xf16d)
core   0: 0x8000085c (0x00fbeab3) or      s5, s7, a5
core   0: 3 0x8000085c (0x00fbeab3) x21 0x80026ce5
core   0: 0x80000860 (0xfff00513) li      a0, -1
core   0: 3 0x80000860 (0xfff00513) x10 0xffffffff
core   0: 0x80000864 (0x5906b217) auipc   tp, 0x5906b
core   0: 3 0x80000864 (0x5906b217) x 4 0xd906b864
core   0: 0x80000868 (0xa8e31097) auipc   ra, 0xa8e31
core   0: 3 0x80000868 (0xa8e31097) x 1 0x28e31868
core   0: 0x8000086c (0x00ab7333) and     t1, s6, a0
core   0: 3 0x8000086c (0x00ab7333) x 6 0x80026ce4
core   0: 0x80000870 (0x02b94233) div     tp, s2, a1
core   0: 3 0x80000870 (0x02b94233) x 4 0x00000000
core   0: 0x80000874 (0x00000952) c.slli  s2, 20
core   0: 3 0x80000874 (0x0952) x18 0x00500000
core   0: 0x80000876 (0x00e7df93) srli    t6, a5, 14
core   0: 3 0x80000876 (0x00e7df93) x31 0x00000000
core   0: 0x8000087a (0x013619b3) sll     s3, a2, s3
core   0: 3 0x8000087a (0x013619b3) x19 0x00000000
core   0: 0x8000087e (0x0086c9b3) xor     s3, a3, s0
core   0: 3 0x8000087e (0x0086c9b3) x19 0x00000005
core   0: 0x80000882 (0x00000001) c.nop
core   0: 3 0x80000882 (0x0001)
core   0: 0x80000884 (0x025a4d33) div     s10, s4, t0
core   0: 3 0x80000884 (0x025a4d33) x26 0x00154725
core   0: 0x80000888 (0x00009b7d) c.andi  a4, -1
core   0: 3 0x80000888 (0x9b7d) x14 0x00000000
core   0: 0x8000088a (0x41b75d33) sra     s10, a4, s11
core   0: 3 0x8000088a (0x41b75d33) x26 0x00000000
core   0: 0x8000088e (0x3d3cb713) sltiu   a4, s9, 979
core   0: 3 0x8000088e (0x3d3cb713) x14 0x00000001
core   0: 0x80000892 (0x41745433) sra     s0, s0, s7
core   0: 3 0x80000892 (0x41745433) x 8 0x00000000
core   0: 0x80000896 (0x00000eb6) c.slli  t4, 13
core   0: 3 0x80000896 (0x0eb6) x29 0x00000000
core   0: 0x80000898 (0x00000505) c.addi  a0, 1
core   0: 3 0x80000898 (0x0505) x10 0x00000000
core   0: 0x8000089a (0xc1ac8793) addi    a5, s9, -998
core   0: 3 0x8000089a (0xc1ac8793) x15 0xfffffc1b
core   0: 0x8000089e (0x40d0d193) srai    gp, ra, 13
core   0: 3 0x8000089e (0x40d0d193) x 3 0x00014718
core   0: 0x800008a2 (0x00008c15) c.sub   s0, a3
core   0: 3 0x800008a2 (0x8c15) x 8 0x00000000
core   0: 0x800008a4 (0x0000d56d) c.beqz  a0, pc - 22
core   0: 3 0x800008a4 (0xd56d)
core   0: 0x8000088e (0x3d3cb713) sltiu   a4, s9, 979
core   0: 3 0x8000088e (0x3d3cb713) x14 0x00000001
core   0: 0x80000892 (0x41745433) sra     s0, s0, s7
core   0: 3 0x80000892 (0x41745433) x 8 0x00000000
core   0: 0x80000896 (0x00000eb6) c.slli  t4, 13
core   0: 3 0x80000896 (0x0eb6) x29 0x00000000
core   0: 0x80000898 (0x00000505) c.addi  a0, 1
core   0: 3 0x80000898 (0x0505) x10 0x00000001
core   0: 0x8000089a (0xc1ac8793) addi    a5, s9, -998
core   0: 3 0x8000089a (0xc1ac8793) x15 0xfffffc1b
core   0: 0x8000089e (0x40d0d193) srai    gp, ra, 13
core   0: 3 0x8000089e (0x40d0d193) x 3 0x00014718
core   0: 0x800008a2 (0x00008c15) c.sub   s0, a3
core   0: 3 0x800008a2 (0x8c15) x 8 0x00000000
core   0: 0x800008a4 (0x0000d56d) c.beqz  a0, pc - 22
core   0: 3 0x800008a4 (0xd56d)
core   0: 0x800008a6 (0x00001e98) c.addi4spn a4, sp, 880
core   0: 3 0x800008a6 (0x1e98) x14 0x00000370
core   0: 0x800008a8 (0xff900d93) li      s11, -7
core   0: 3 0x800008a8 (0xff900d93) x27 0xfffffff9
core   0: 0x800008ac (0x00008739) c.srai  a4, 14
core   0: 3 0x800008ac (0x8739) x14 0x00000000
core   0: 0x800008ae (0x0000717d) c.addi16sp sp, -16
core   0: 3 0x800008ae (0x717d) x 2 0xfffffff0
core   0: 0x800008b0 (0x00600093) li      ra, 6
core   0: 3 0x800008b0 (0x00600093) x 1 0x00000006
core   0: 0x800008b4 (0x0000932e) c.add   t1, a1
core   0: 3 0x800008b4 (0x932e) x 6 0x800270b4
core   0: 0x800008b6 (0x00008709) c.srai  a4, 2
core   0: 3 0x800008b6 (0x8709) x14 0x00000000
core   0: 0x800008b8 (0x00008ecd) c.or    a3, a1
core   0: 3 0x800008b8 (0x8ecd) x13 0x000003d0
core   0: 0x800008ba (0x0125bf33) sltu    t5, a1, s2
core   0: 3 0x800008ba (0x0125bf33) x30 0x00000001
core   0: 0x800008be (0x00000d9d) c.addi  s11, 7
core   0: 3 0x800008be (0x0d9d) x27 0x00000000
core   0: 0x800008c0 (0x00008c7a) c.mv    s8, t5
core   0: 3 0x800008c0 (0x8c7a) x24 0x00000001
core   0: 0x800008c2 (0xffa00793) li      a5, -6
core   0: 3 0x800008c2 (0xffa00793) x15 0xfffffffa
core   0: 0x800008c6 (0x01324cb3) xor     s9, tp, s3
core   0: 3 0x800008c6 (0x01324cb3) x25 0x00000005
core   0: 0x800008ca (0xffd00493) li      s1, -3
core   0: 3 0x800008ca (0xffd00493) x 9 0xfffffffd
core   0: 0x800008ce (0x01eadc33) srl     s8, s5, t5
core   0: 3 0x800008ce (0x01eadc33) x24 0x40013672
core   0: 0x800008d2 (0x00507233) and     tp, zero, t0
core   0: 3 0x800008d2 (0x00507233) x 4 0x00000000
core   0: 0x800008d6 (0x000065ad) c.lui   a1, 0xb
core   0: 3 0x800008d6 (0x65ad) x11 0x0000b000
core   0: 0x800008d8 (0x00008f15) c.sub   a4, a3
core   0: 3 0x800008d8 (0x8f15) x14 0xfffffc30
core   0: 0x800008da (0x0000857d) c.srai  a0, 31
core   0: 3 0x800008da (0x857d) x10 0x00000000
core   0: 0x800008dc (0x85313613) sltiu   a2, sp, -1965
core   0: 3 0x800008dc (0x85313613) x12 0x00000000
core   0: 0x800008e0 (0x0000870d) c.srai  a4, 3
core   0: 3 0x800008e0 (0x870d) x14 0xffffff86
core   0: 0x800008e2 (0x0000127d) c.addi  tp, -1
core   0: 3 0x800008e2 (0x127d) x 4 0xffffffff
core   0: 0x800008e4 (0x000099fd) c.andi  a1, -1
core   0: 3 0x800008e4 (0x99fd) x11 0x0000b000
core   0: 0x800008e6 (0x028becb3) rem     s9, s7, s0
core   0: 3 0x800008e6 (0x028becb3) x25 0x80026ce4
core   0: 0x800008ea (0x00006641) c.lui   a2, 0x10
core   0: 3 0x800008ea (0x6641) x12 0x00010000
core   0: 0x800008ec (0x00000785) c.addi  a5, 1
core   0: 3 0x800008ec (0x0785) x15 0xfffffffb
core   0: 0x800008ee (0xcb6de813) ori     a6, s11, -842
core   0: 3 0x800008ee (0xcb6de813) x16 0xfffffcb6
core   0: 0x800008f2 (0x00000001) c.nop
core   0: 3 0x800008f2 (0x0001)
core   0: 0x800008f4 (0xfe97c4e3) blt     a5, s1, pc - 24
core   0: 3 0x800008f4 (0xfe97c4e3)
core   0: 0x800008dc (0x85313613) sltiu   a2, sp, -1965
core   0: 3 0x800008dc (0x85313613) x12 0x00000000
core   0: 0x800008e0 (0x0000870d) c.srai  a4, 3
core   0: 3 0x800008e0 (0x870d) x14 0xfffffff0
core   0: 0x800008e2 (0x0000127d) c.addi  tp, -1
core   0: 3 0x800008e2 (0x127d) x 4 0xfffffffe
core   0: 0x800008e4 (0x000099fd) c.andi  a1, -1
core   0: 3 0x800008e4 (0x99fd) x11 0x0000b000
core   0: 0x800008e6 (0x028becb3) rem     s9, s7, s0
core   0: 3 0x800008e6 (0x028becb3) x25 0x80026ce4
core   0: 0x800008ea (0x00006641) c.lui   a2, 0x10
core   0: 3 0x800008ea (0x6641) x12 0x00010000
core   0: 0x800008ec (0x00000785) c.addi  a5, 1
core   0: 3 0x800008ec (0x0785) x15 0xfffffffc
core   0: 0x800008ee (0xcb6de813) ori     a6, s11, -842
core   0: 3 0x800008ee (0xcb6de813) x16 0xfffffcb6
core   0: 0x800008f2 (0x00000001) c.nop
core   0: 3 0x800008f2 (0x0001)
core   0: 0x800008f4 (0xfe97c4e3) blt     a5, s1, pc - 24
core   0: 3 0x800008f4 (0xfe97c4e3)
core   0: 0x800008dc (0x85313613) sltiu   a2, sp, -1965
core   0: 3 0x800008dc (0x85313613) x12 0x00000000
core   0: 0x800008e0 (0x0000870d) c.srai  a4, 3
core   0: 3 0x800008e0 (0x870d) x14 0xfffffffe
core   0: 0x800008e2 (0x0000127d) c.addi  tp, -1
core   0: 3 0x800008e2 (0x127d) x 4 0xfffffffd
core   0: 0x800008e4 (0x000099fd) c.andi  a1, -1
core   0: 3 0x800008e4 (0x99fd) x11 0x0000b000
core   0: 0x800008e6 (0x028becb3) rem     s9, s7, s0
core   0: 3 0x800008e6 (0x028becb3) x25 0x80026ce4
core   0: 0x800008ea (0x00006641) c.lui   a2, 0x10
core   0: 3 0x800008ea (0x6641) x12 0x00010000
core   0: 0x800008ec (0x00000785) c.addi  a5, 1
core   0: 3 0x800008ec (0x0785) x15 0xfffffffd
core   0: 0x800008ee (0xcb6de813) ori     a6, s11, -842
core   0: 3 0x800008ee (0xcb6de813) x16 0xfffffcb6
core   0: 0x800008f2 (0x00000001) c.nop
core   0: 3 0x800008f2 (0x0001)
core   0: 0x800008f4 (0xfe97c4e3) blt     a5, s1, pc - 24
core   0: 3 0x800008f4 (0xfe97c4e3)
core   0: 0x800008f8 (0x01af3fb3) sltu    t6, t5, s10
core   0: 3 0x800008f8 (0x01af3fb3) x31 0x00000000
core   0: 0x800008fc (0x40768533) sub     a0, a3, t2
core   0: 3 0x800008fc (0x40768533) x10 0x000003d0
core   0: 0x80000900 (0x00008f2d) c.xor   a4, a1
core   0: 3 0x80000900 (0x8f2d) x14 0xffff4ffe
core   0: 0x80000902 (0x41135413) srai    s0, t1, 17
core   0: 3 0x80000902 (0x41135413) x 8 0xffffc001
core   0: 0x80000906 (0x0000100f) fence.i
core   0: 3 0x80000906 (0x0000100f)
core   0: 0x8000090a (0xfa1dc7e3) blt     s11, ra, pc - 82
core   0: 3 0x8000090a (0xfa1dc7e3)
core   0: 0x800008b8 (0x00008ecd) c.or    a3, a1
core   0: 3 0x800008b8 (0x8ecd) x13 0x0000b3d0
core   0: 0x800008ba (0x0125bf33) sltu    t5, a1, s2
core   0: 3 0x800008ba (0x0125bf33) x30 0x00000001
core   0: 0x800008be (0x00000d9d) c.addi  s11, 7
core   0: 3 0x800008be (0x0d9d) x27 0x00000007
core   0: 0x800008c0 (0x00008c7a) c.mv    s8, t5
core   0: 3 0x800008c0 (0x8c7a) x24 0x00000001
core   0: 0x800008c2 (0xffa00793) li      a5, -6
core   0: 3 0x800008c2 (0xffa00793) x15 0xfffffffa
core   0: 0x800008c6 (0x01324cb3) xor     s9, tp, s3
core   0: 3 0x800008c6 (0x01324cb3) x25 0xfffffff8
core   0: 0x800008ca (0xffd00493) li      s1, -3
core   0: 3 0x800008ca (0xffd00493) x 9 0xfffffffd
core   0: 0x800008ce (0x01eadc33) srl     s8, s5, t5
core   0: 3 0x800008ce (0x01eadc33) x24 0x40013672
core   0: 0x800008d2 (0x00507233) and     tp, zero, t0
core   0: 3 0x800008d2 (0x00507233) x 4 0x00000000
core   0: 0x800008d6 (0x000065ad) c.lui   a1, 0xb
core   0: 3 0x800008d6 (0x65ad) x11 0x0000b000
core   0: 0x800008d8 (0x00008f15) c.sub   a4, a3
core   0: 3 0x800008d8 (0x8f15) x14 0xfffe9c2e
core   0: 0x800008da (0x0000857d) c.srai  a0, 31
core   0: 3 0x800008da (0x857d) x10 0x00000000
core   0: 0x800008dc (0x85313613) sltiu   a2, sp, -1965
core   0: 3 0x800008dc (0x85313613) x12 0x00000000
core   0: 0x800008e0 (0x0000870d) c.srai  a4, 3
core   0: 3 0x800008e0 (0x870d) x14 0xffffd385
core   0: 0x800008e2 (0x0000127d) c.addi  tp, -1
core   0: 3 0x800008e2 (0x127d) x 4 0xffffffff
core   0: 0x800008e4 (0x000099fd) c.andi  a1, -1
core   0: 3 0x800008e4 (0x99fd) x11 0x0000b000
core   0: 0x800008e6 (0x028becb3) rem     s9, s7, s0
core   0: 3 0x800008e6 (0x028becb3) x25 0xffffece6
core   0: 0x800008ea (0x00006641) c.lui   a2, 0x10
core   0: 3 0x800008ea (0x6641) x12 0x00010000
core   0: 0x800008ec (0x00000785) c.addi  a5, 1
core   0: 3 0x800008ec (0x0785) x15 0xfffffffb
core   0: 0x800008ee (0xcb6de813) ori     a6, s11, -842
core   0: 3 0x800008ee (0xcb6de813) x16 0xfffffcb7
core   0: 0x800008f2 (0x00000001) c.nop
core   0: 3 0x800008f2 (0x0001)
core   0: 0x800008f4 (0xfe97c4e3) blt     a5, s1, pc - 24
core   0: 3 0x800008f4 (0xfe97c4e3)
core   0: 0x800008dc (0x85313613) sltiu   a2, sp, -1965
core   0: 3 0x800008dc (0x85313613) x12 0x00000000
core   0: 0x800008e0 (0x0000870d) c.srai  a4, 3
core   0: 3 0x800008e0 (0x870d) x14 0xfffffa70
core   0: 0x800008e2 (0x0000127d) c.addi  tp, -1
core   0: 3 0x800008e2 (0x127d) x 4 0xfffffffe
core   0: 0x800008e4 (0x000099fd) c.andi  a1, -1
core   0: 3 0x800008e4 (0x99fd) x11 0x0000b000
core   0: 0x800008e6 (0x028becb3) rem     s9, s7, s0
core   0: 3 0x800008e6 (0x028becb3) x25 0xffffece6
core   0: 0x800008ea (0x00006641) c.lui   a2, 0x10
core   0: 3 0x800008ea (0x6641) x12 0x00010000
core   0: 0x800008ec (0x00000785) c.addi  a5, 1
core   0: 3 0x800008ec (0x0785) x15 0xfffffffc
core   0: 0x800008ee (0xcb6de813) ori     a6, s11, -842
core   0: 3 0x800008ee (0xcb6de813) x16 0xfffffcb7
core   0: 0x800008f2 (0x00000001) c.nop
core   0: 3 0x800008f2 (0x0001)
core   0: 0x800008f4 (0xfe97c4e3) blt     a5, s1, pc - 24
core   0: 3 0x800008f4 (0xfe97c4e3)
core   0: 0x800008dc (0x85313613) sltiu   a2, sp, -1965
core   0: 3 0x800008dc (0x85313613) x12 0x00000000
core   0: 0x800008e0 (0x0000870d) c.srai  a4, 3
core   0: 3 0x800008e0 (0x870d) x14 0xffffff4e
core   0: 0x800008e2 (0x0000127d) c.addi  tp, -1
core   0: 3 0x800008e2 (0x127d) x 4 0xfffffffd
core   0: 0x800008e4 (0x000099fd) c.andi  a1, -1
core   0: 3 0x800008e4 (0x99fd) x11 0x0000b000
core   0: 0x800008e6 (0x028becb3) rem     s9, s7, s0
core   0: 3 0x800008e6 (0x028becb3) x25 0xffffece6
core   0: 0x800008ea (0x00006641) c.lui   a2, 0x10
core   0: 3 0x800008ea (0x6641) x12 0x00010000
core   0: 0x800008ec (0x00000785) c.addi  a5, 1
core   0: 3 0x800008ec (0x0785) x15 0xfffffffd
core   0: 0x800008ee (0xcb6de813) ori     a6, s11, -842
core   0: 3 0x800008ee (0xcb6de813) x16 0xfffffcb7
core   0: 0x800008f2 (0x00000001) c.nop
core   0: 3 0x800008f2 (0x0001)
core   0: 0x800008f4 (0xfe97c4e3) blt     a5, s1, pc - 24
core   0: 3 0x800008f4 (0xfe97c4e3)
core   0: 0x800008f8 (0x01af3fb3) sltu    t6, t5, s10
core   0: 3 0x800008f8 (0x01af3fb3) x31 0x00000000
core   0: 0x800008fc (0x40768533) sub     a0, a3, t2
core   0: 3 0x800008fc (0x40768533) x10 0x0000b3d0
core   0: 0x80000900 (0x00008f2d) c.xor   a4, a1
core   0: 3 0x80000900 (0x8f2d) x14 0xffff4f4e
core   0: 0x80000902 (0x41135413) srai    s0, t1, 17
core   0: 3 0x80000902 (0x41135413) x 8 0xffffc001
core   0: 0x80000906 (0x0000100f) fence.i
core   0: 3 0x80000906 (0x0000100f)
core   0: 0x8000090a (0xfa1dc7e3) blt     s11, ra, pc - 82
core   0: 3 0x8000090a (0xfa1dc7e3)
core   0: 0x8000090e (0x0000100f) fence.i
core   0: 3 0x8000090e (0x0000100f)
core   0: 0x80000912 (0xff800293) li      t0, -8
core   0: 3 0x80000912 (0xff800293) x 5 0xfffffff8
core   0: 0x80000916 (0x8384ad93) slti    s11, s1, -1992
core   0: 3 0x80000916 (0x8384ad93) x27 0x00000000
core   0: 0x8000091a (0xffe00393) li      t2, -2
core   0: 3 0x8000091a (0xffe00393) x 7 0xfffffffe
core   0: 0x8000091e (0x00008ccd) c.or    s1, a1
core   0: 3 0x8000091e (0x8ccd) x 9 0xfffffffd
core   0: 0x80000920 (0x006494b3) sll     s1, s1, t1
core   0: 3 0x80000920 (0x006494b3) x 9 0xffd00000
core   0: 0x80000924 (0x79b9a593) slti    a1, s3, 1947
core   0: 3 0x80000924 (0x79b9a593) x11 0x00000001
core   0: 0x80000928 (0x00008c79) c.and   s0, a4
core   0: 3 0x80000928 (0x8c79) x 8 0xffff4000
core   0: 0x8000092a (0x01d54eb3) xor     t4, a0, t4
core   0: 3 0x8000092a (0x01d54eb3) x29 0x0000b3d0
core   0: 0x8000092e (0x0ff0000f) fence   iorw,iorw
core   0: 3 0x8000092e (0x0ff0000f)
core   0: 0x80000932 (0x00008edd) c.or    a3, a5
core   0: 3 0x80000932 (0x8edd) x13 0xfffffffd
core   0: 0x80000934 (0x00000285) c.addi  t0, 1
core   0: 3 0x80000934 (0x0285) x 5 0xfffffff9
core   0: 0x80000936 (0xf04f2f13) slti    t5, t5, -252
core   0: 3 0x80000936 (0xf04f2f13) x30 0x00000000
core   0: 0x8000093a (0x01e36833) or      a6, t1, t5
core   0: 3 0x8000093a (0x01e36833) x16 0x800270b4
core   0: 0x8000093e (0x00008c2a) c.mv    s8, a0
core   0: 3 0x8000093e (0x8c2a) x24 0x0000b3d0
core   0: 0x80000940 (0x01bda1b3) slt     gp, s11, s11
core   0: 3 0x80000940 (0x01bda1b3) x 3 0x00000000
core   0: 0x80000944 (0x00006129) c.addi16sp sp, 192
core   0: 3 0x80000944 (0x6129) x 2 0x000000b0
core   0: 0x80000946 (0xfe72c1e3) blt     t0, t2, pc - 30
core   0: 3 0x80000946 (0xfe72c1e3)
core   0: 0x80000928 (0x00008c79) c.and   s0, a4
core   0: 3 0x80000928 (0x8c79) x 8 0xffff4000
core   0: 0x8000092a (0x01d54eb3) xor     t4, a0, t4
core   0: 3 0x8000092a (0x01d54eb3) x29 0x00000000
core   0: 0x8000092e (0x0ff0000f) fence   iorw,iorw
core   0: 3 0x8000092e (0x0ff0000f)
core   0: 0x80000932 (0x00008edd) c.or    a3, a5
core   0: 3 0x80000932 (0x8edd) x13 0xfffffffd
core   0: 0x80000934 (0x00000285) c.addi  t0, 1
core   0: 3 0x80000934 (0x0285) x 5 0xfffffffa
core   0: 0x80000936 (0xf04f2f13) slti    t5, t5, -252
core   0: 3 0x80000936 (0xf04f2f13) x30 0x00000000
core   0: 0x8000093a (0x01e36833) or      a6, t1, t5
core   0: 3 0x8000093a (0x01e36833) x16 0x800270b4
core   0: 0x8000093e (0x00008c2a) c.mv    s8, a0
core   0: 3 0x8000093e (0x8c2a) x24 0x0000b3d0
core   0: 0x80000940 (0x01bda1b3) slt     gp, s11, s11
core   0: 3 0x80000940 (0x01bda1b3) x 3 0x00000000
core   0: 0x80000944 (0x00006129) c.addi16sp sp, 192
core   0: 3 0x80000944 (0x6129) x 2 0x00000170
core   0: 0x80000946 (0xfe72c1e3) blt     t0, t2, pc - 30
core   0: 3 0x80000946 (0xfe72c1e3)
core   0: 0x80000928 (0x00008c79) c.and   s0, a4
core   0: 3 0x80000928 (0x8c79) x 8 0xffff4000
core   0: 0x8000092a (0x01d54eb3) xor     t4, a0, t4
core   0: 3 0x8000092a (0x01d54eb3) x29 0x0000b3d0
core   0: 0x8000092e (0x0ff0000f) fence   iorw,iorw
core   0: 3 0x8000092e (0x0ff0000f)
core   0: 0x80000932 (0x00008edd) c.or    a3, a5
core   0: 3 0x80000932 (0x8edd) x13 0xfffffffd
core   0: 0x80000934 (0x00000285) c.addi  t0, 1
core   0: 3 0x80000934 (0x0285) x 5 0xfffffffb
core   0: 0x80000936 (0xf04f2f13) slti    t5, t5, -252
core   0: 3 0x80000936 (0xf04f2f13) x30 0x00000000
core   0: 0x8000093a (0x01e36833) or      a6, t1, t5
core   0: 3 0x8000093a (0x01e36833) x16 0x800270b4
core   0: 0x8000093e (0x00008c2a) c.mv    s8, a0
core   0: 3 0x8000093e (0x8c2a) x24 0x0000b3d0
core   0: 0x80000940 (0x01bda1b3) slt     gp, s11, s11
core   0: 3 0x80000940 (0x01bda1b3) x 3 0x00000000
core   0: 0x80000944 (0x00006129) c.addi16sp sp, 192
core   0: 3 0x80000944 (0x6129) x 2 0x00000230
core   0: 0x80000946 (0xfe72c1e3) blt     t0, t2, pc - 30
core   0: 3 0x80000946 (0xfe72c1e3)
core   0: 0x80000928 (0x00008c79) c.and   s0, a4
core   0: 3 0x80000928 (0x8c79) x 8 0xffff4000
core   0: 0x8000092a (0x01d54eb3) xor     t4, a0, t4
core   0: 3 0x8000092a (0x01d54eb3) x29 0x00000000
core   0: 0x8000092e (0x0ff0000f) fence   iorw,iorw
core   0: 3 0x8000092e (0x0ff0000f)
core   0: 0x80000932 (0x00008edd) c.or    a3, a5
core   0: 3 0x80000932 (0x8edd) x13 0xfffffffd
core   0: 0x80000934 (0x00000285) c.addi  t0, 1
core   0: 3 0x80000934 (0x0285) x 5 0xfffffffc
core   0: 0x80000936 (0xf04f2f13) slti    t5, t5, -252
core   0: 3 0x80000936 (0xf04f2f13) x30 0x00000000
core   0: 0x8000093a (0x01e36833) or      a6, t1, t5
core   0: 3 0x8000093a (0x01e36833) x16 0x800270b4
core   0: 0x8000093e (0x00008c2a) c.mv    s8, a0
core   0: 3 0x8000093e (0x8c2a) x24 0x0000b3d0
core   0: 0x80000940 (0x01bda1b3) slt     gp, s11, s11
core   0: 3 0x80000940 (0x01bda1b3) x 3 0x00000000
core   0: 0x80000944 (0x00006129) c.addi16sp sp, 192
core   0: 3 0x80000944 (0x6129) x 2 0x000002f0
core   0: 0x80000946 (0xfe72c1e3) blt     t0, t2, pc - 30
core   0: 3 0x80000946 (0xfe72c1e3)
core   0: 0x80000928 (0x00008c79) c.and   s0, a4
core   0: 3 0x80000928 (0x8c79) x 8 0xffff4000
core   0: 0x8000092a (0x01d54eb3) xor     t4, a0, t4
core   0: 3 0x8000092a (0x01d54eb3) x29 0x0000b3d0
core   0: 0x8000092e (0x0ff0000f) fence   iorw,iorw
core   0: 3 0x8000092e (0x0ff0000f)
core   0: 0x80000932 (0x00008edd) c.or    a3, a5
core   0: 3 0x80000932 (0x8edd) x13 0xfffffffd
core   0: 0x80000934 (0x00000285) c.addi  t0, 1
core   0: 3 0x80000934 (0x0285) x 5 0xfffffffd
core   0: 0x80000936 (0xf04f2f13) slti    t5, t5, -252
core   0: 3 0x80000936 (0xf04f2f13) x30 0x00000000
core   0: 0x8000093a (0x01e36833) or      a6, t1, t5
core   0: 3 0x8000093a (0x01e36833) x16 0x800270b4
core   0: 0x8000093e (0x00008c2a) c.mv    s8, a0
core   0: 3 0x8000093e (0x8c2a) x24 0x0000b3d0
core   0: 0x80000940 (0x01bda1b3) slt     gp, s11, s11
core   0: 3 0x80000940 (0x01bda1b3) x 3 0x00000000
core   0: 0x80000944 (0x00006129) c.addi16sp sp, 192
core   0: 3 0x80000944 (0x6129) x 2 0x000003b0
core   0: 0x80000946 (0xfe72c1e3) blt     t0, t2, pc - 30
core   0: 3 0x80000946 (0xfe72c1e3)
core   0: 0x80000928 (0x00008c79) c.and   s0, a4
core   0: 3 0x80000928 (0x8c79) x 8 0xffff4000
core   0: 0x8000092a (0x01d54eb3) xor     t4, a0, t4
core   0: 3 0x8000092a (0x01d54eb3) x29 0x00000000
core   0: 0x8000092e (0x0ff0000f) fence   iorw,iorw
core   0: 3 0x8000092e (0x0ff0000f)
core   0: 0x80000932 (0x00008edd) c.or    a3, a5
core   0: 3 0x80000932 (0x8edd) x13 0xfffffffd
core   0: 0x80000934 (0x00000285) c.addi  t0, 1
core   0: 3 0x80000934 (0x0285) x 5 0xfffffffe
core   0: 0x80000936 (0xf04f2f13) slti    t5, t5, -252
core   0: 3 0x80000936 (0xf04f2f13) x30 0x00000000
core   0: 0x8000093a (0x01e36833) or      a6, t1, t5
core   0: 3 0x8000093a (0x01e36833) x16 0x800270b4
core   0: 0x8000093e (0x00008c2a) c.mv    s8, a0
core   0: 3 0x8000093e (0x8c2a) x24 0x0000b3d0
core   0: 0x80000940 (0x01bda1b3) slt     gp, s11, s11
core   0: 3 0x80000940 (0x01bda1b3) x 3 0x00000000
core   0: 0x80000944 (0x00006129) c.addi16sp sp, 192
core   0: 3 0x80000944 (0x6129) x 2 0x00000470
core   0: 0x80000946 (0xfe72c1e3) blt     t0, t2, pc - 30
core   0: 3 0x80000946 (0xfe72c1e3)
core   0: 0x8000094a (0x0000863d) c.srai  a2, 15
core   0: 3 0x8000094a (0x863d) x12 0x00000002
core   0: 0x8000094c (0x00700793) li      a5, 7
core   0: 3 0x8000094c (0x00700793) x15 0x00000007
core   0: 0x80000950 (0x03e574b3) remu    s1, a0, t5
core   0: 3 0x80000950 (0x03e574b3) x 9 0x0000b3d0
core   0: 0x80000954 (0xc06c4f93) xori    t6, s8, -1018
core   0: 3 0x80000954 (0xc06c4f93) x31 0xffff4fd6
core   0: 0x80000958 (0x00800713) li      a4, 8
core   0: 3 0x80000958 (0x00800713) x14 0x00000008
core   0: 0x8000095c (0x0000997d) c.andi  a0, -1
core   0: 3 0x8000095c (0x997d) x10 0x0000b3d0
core   0: 0x8000095e (0xe85ca413) slti    s0, s9, -379
core   0: 3 0x8000095e (0xe85ca413) x 8 0x00000001
core   0: 0x80000962 (0x03234fb3) div     t6, t1, s2
core   0: 3 0x80000962 (0x03234fb3) x31 0xfffffe67
core   0: 0x80000966 (0x00008679) c.srai  a2, 30
core   0: 3 0x80000966 (0x8679) x12 0x00000000
core   0: 0x80000968 (0x01ae3b33) sltu    s6, t3, s10
core   0: 3 0x80000968 (0x01ae3b33) x22 0x00000000
core   0: 0x8000096c (0x00008c95) c.sub   s1, a3
core   0: 3 0x8000096c (0x8c95) x 9 0x0000b3d3
core   0: 0x8000096e (0x00b19913) slli    s2, gp, 11
core   0: 3 0x8000096e (0x00b19913) x18 0x00000000
core   0: 0x80000972 (0x00008da1) c.xor   a1, s0
core   0: 3 0x80000972 (0x8da1) x11 0x00000000
core   0: 0x80000974 (0x00000799) c.addi  a5, 6
core   0: 3 0x80000974 (0x0799) x15 0x0000000d
core   0: 0x80000976 (0x00008d51) c.or    a0, a2
core   0: 3 0x80000976 (0x8d51) x10 0x0000b3d0
core   0: 0x80000978 (0x00000342) c.slli  t1, 16
core   0: 3 0x80000978 (0x0342) x 6 0x70b40000
core   0: 0x8000097a (0x00b303b3) add     t2, t1, a1
core   0: 3 0x8000097a (0x00b303b3) x 7 0x70b40000
core   0: 0x8000097e (0x0278e833) rem     a6, a7, t2
core   0: 3 0x8000097e (0x0278e833) x16 0x00000000
core   0: 0x80000982 (0xfee7c0e3) blt     a5, a4, pc - 32
core   0: 3 0x80000982 (0xfee7c0e3)
core   0: 0x80000986 (0xf072cc13) xori    s8, t0, -249
core   0: 3 0x80000986 (0xf072cc13) x24 0x000000f9
core   0: 0x8000098a (0xffc00513) li      a0, -4
core   0: 3 0x8000098a (0xffc00513) x10 0xfffffffc
core   0: 0x8000098e (0x00000001) c.nop
core   0: 3 0x8000098e (0x0001)
core   0: 0x80000990 (0x00008f9d) c.sub   a5, a5
core   0: 3 0x80000990 (0x8f9d) x15 0x00000000
core   0: 0x80000992 (0x44a24313) xori    t1, tp, 1098
core   0: 3 0x80000992 (0x44a24313) x 6 0xfffffbb7
core   0: 0x80000996 (0x0ff0000f) fence   iorw,iorw
core   0: 3 0x80000996 (0x0ff0000f)
core   0: 0x8000099a (0x00008f01) c.sub   a4, s0
core   0: 3 0x8000099a (0x8f01) x14 0x00000007
core   0: 0x8000099c (0x0062d993) srli    s3, t0, 6
core   0: 3 0x8000099c (0x0062d993) x19 0x03ffffff
core   0: 0x800009a0 (0xbdbbcf37) lui     t5, 0xbdbbc
core   0: 3 0x800009a0 (0xbdbbcf37) x30 0xbdbbc000
core   0: 0x800009a4 (0x00000480) c.addi4spn s0, sp, 576
core   0: 3 0x800009a4 (0x0480) x 8 0x000006b0
core   0: 0x800009a6 (0x00000093) li      ra, 0
core   0: 3 0x800009a6 (0x00000093) x 1 0x00000000
core   0: 0x800009aa (0x0ff0000f) fence   iorw,iorw
core   0: 3 0x800009aa (0x0ff0000f)
core   0: 0x800009ae (0x00008f79) c.and   a4, a4
core   0: 3 0x800009ae (0x8f79) x14 0x00000007
core   0: 0x800009b0 (0x03644ab3) div     s5, s0, s6
core   0: 3 0x800009b0 (0x03644ab3) x21 0xffffffff
core   0: 0x800009b4 (0x0041c6b3) xor     a3, gp, tp
core   0: 3 0x800009b4 (0x0041c6b3) x13 0xfffffffd
core   0: 0x800009b8 (0x00000511) c.addi  a0, 4
core   0: 3 0x800009b8 (0x0511) x10 0x00000000
core   0: 0x800009ba (0x000088ca) c.mv    a7, s2
core   0: 3 0x800009ba (0x88ca) x17 0x00000000
core   0: 0x800009bc (0x00000001) c.nop
core   0: 3 0x800009bc (0x0001)
core   0: 0x800009be (0x025ff933) remu    s2, t6, t0
core   0: 3 0x800009be (0x025ff933) x18 0xfffffe67
core   0: 0x800009c2 (0x00009e86) c.add   t4, ra
core   0: 3 0x800009c2 (0x9e86) x29 0x00000000
core   0: 0x800009c4 (0xfe1508e3) beq     a0, ra, pc - 16
core   0: 3 0x800009c4 (0xfe1508e3)
core   0: 0x800009b4 (0x0041c6b3) xor     a3, gp, tp
core   0: 3 0x800009b4 (0x0041c6b3) x13 0xfffffffd
core   0: 0x800009b8 (0x00000511) c.addi  a0, 4
core   0: 3 0x800009b8 (0x0511) x10 0x00000004
core   0: 0x800009ba (0x000088ca) c.mv    a7, s2
core   0: 3 0x800009ba (0x88ca) x17 0xfffffe67
core   0: 0x800009bc (0x00000001) c.nop
core   0: 3 0x800009bc (0x0001)
core   0: 0x800009be (0x025ff933) remu    s2, t6, t0
core   0: 3 0x800009be (0x025ff933) x18 0xfffffe67
core   0: 0x800009c2 (0x00009e86) c.add   t4, ra
core   0: 3 0x800009c2 (0x9e86) x29 0x00000000
core   0: 0x800009c4 (0xfe1508e3) beq     a0, ra, pc - 16
core   0: 3 0x800009c4 (0xfe1508e3)
core   0: 0x800009c8 (0x41dd0ab3) sub     s5, s10, t4
core   0: 3 0x800009c8 (0x41dd0ab3) x21 0x00000000
core   0: 0x800009cc (0x00600c13) li      s8, 6
core   0: 3 0x800009cc (0x00600c13) x24 0x00000006
core   0: 0x800009d0 (0x0000610d) c.addi16sp sp, 160
core   0: 3 0x800009d0 (0x610d) x 2 0x00000510
core   0: 0x800009d2 (0x0000100f) fence.i
core   0: 3 0x800009d2 (0x0000100f)
core   0: 0x800009d6 (0x000082ad) c.srli  a3, 11
core   0: 3 0x800009d6 (0x82ad) x13 0x001fffff
core   0: 0x800009d8 (0x00d00913) li      s2, 13
core   0: 3 0x800009d8 (0x00d00913) x18 0x0000000d
core   0: 0x800009dc (0x00008c61) c.and   s0, s0
core   0: 3 0x800009dc (0x8c61) x 8 0x000006b0
core   0: 0x800009de (0x00008ff5) c.and   a5, a3
core   0: 3 0x800009de (0x8ff5) x15 0x00000000
core   0: 0x800009e0 (0x00000c15) c.addi  s8, 5
core   0: 3 0x800009e0 (0x0c15) x24 0x0000000b
core   0: 0x800009e2 (0x41235fb3) sra     t6, t1, s2
core   0: 3 0x800009e2 (0x41235fb3) x31 0xffffffff
core   0: 0x800009e6 (0x000080ba) c.mv    ra, a4
core   0: 3 0x800009e6 (0x80ba) x 1 0x00000007
core   0: 0x800009e8 (0x00000804) c.addi4spn s1, sp, 16
core   0: 3 0x800009e8 (0x0804) x 9 0x00000520
core   0: 0x800009ea (0x4116d833) sra     a6, a3, a7
core   0: 3 0x800009ea (0x4116d833) x16 0x00003fff
core   0: 0x800009ee (0x1597e017) auipc   zero, 0x1597e
core   0: 3 0x800009ee (0x1597e017)
core   0: 0x800009f2 (0x02aee833) rem     a6, t4, a0
core   0: 3 0x800009f2 (0x02aee833) x16 0x00000000
core   0: 0x800009f6 (0x00000001) c.nop
core   0: 3 0x800009f6 (0x0001)
core   0: 0x800009f8 (0x447f9f17) auipc   t5, 0x447f9
core   0: 3 0x800009f8 (0x447f9f17) x30 0xc47f99f8
core   0: 0x800009fc (0x00300593) li      a1, 3
core   0: 3 0x800009fc (0x00300593) x11 0x00000003
core   0: 0x80000a00 (0x014ad6b3) srl     a3, s5, s4
core   0: 3 0x80000a00 (0x014ad6b3) x13 0x00000000
core   0: 0x80000a04 (0x000083ad) c.srli  a5, 11
core   0: 3 0x80000a04 (0x83ad) x15 0x00000000
core   0: 0x80000a06 (0x410f5d13) srai    s10, t5, 16
core   0: 3 0x80000a06 (0x410f5d13) x26 0xffffc47f
core   0: 0x80000a0a (0x00006e8d) c.lui   t4, 0x3
core   0: 3 0x80000a0a (0x6e8d) x29 0x00003000
core   0: 0x80000a0c (0xff500293) li      t0, -11
core   0: 3 0x80000a0c (0xff500293) x 5 0xfffffff5
core   0: 0x80000a10 (0x00c13cb3) sltu    s9, sp, a2
core   0: 3 0x80000a10 (0x00c13cb3) x25 0x00000000
core   0: 0x80000a14 (0xc97f3b13) sltiu   s6, t5, -873
core   0: 3 0x80000a14 (0xc97f3b13) x22 0x00000001
core   0: 0x80000a18 (0x000015e5) c.addi  a1, -7
core   0: 3 0x80000a18 (0x15e5) x11 0xfffffffc
core   0: 0x80000a1a (0x00e62733) slt     a4, a2, a4
core   0: 3 0x80000a1a (0x00e62733) x14 0x00000001
core   0: 0x80000a1e (0xfe5599e3) bne     a1, t0, pc - 14
core   0: 3 0x80000a1e (0xfe5599e3)
core   0: 0x80000a10 (0x00c13cb3) sltu    s9, sp, a2
core   0: 3 0x80000a10 (0x00c13cb3) x25 0x00000000
core   0: 0x80000a14 (0xc97f3b13) sltiu   s6, t5, -873
core   0: 3 0x80000a14 (0xc97f3b13) x22 0x00000001
core   0: 0x80000a18 (0x000015e5) c.addi  a1, -7
core   0: 3 0x80000a18 (0x15e5) x11 0xfffffff5
core   0: 0x80000a1a (0x00e62733) slt     a4, a2, a4
core   0: 3 0x80000a1a (0x00e62733) x14 0x00000001
core   0: 0x80000a1e (0xfe5599e3) bne     a1, t0, pc - 14
core   0: 3 0x80000a1e (0xfe5599e3)
core   0: 0x80000a22 (0x0000100f) fence.i
core   0: 3 0x80000a22 (0x0000100f)
core   0: 0x80000a26 (0x00be4133) xor     sp, t3, a1
core   0: 3 0x80000a26 (0x00be4133) x 2 0x7ffdd191
core   0: 0x80000a2a (0x021aa0b3) mulhsu  ra, s5, ra
core   0: 3 0x80000a2a (0x021aa0b3) x 1 0x00000000
core   0: 0x80000a2e (0x00bf9813) slli    a6, t6, 11
core   0: 3 0x80000a2e (0x00bf9813) x16 0xfffff800
core   0: 0x80000a32 (0x00008e75) c.and   a2, a3
core   0: 3 0x80000a32 (0x8e75) x12 0x00000000
core   0: 0x80000a34 (0x000088c1) c.andi  s1, 16
core   0: 3 0x80000a34 (0x88c1) x 9 0x00000000
core   0: 0x80000a36 (0xfb2c63e3) bltu    s8, s2, pc - 90
core   0: 3 0x80000a36 (0xfb2c63e3)
core   0: 0x800009dc (0x00008c61) c.and   s0, s0
core   0: 3 0x800009dc (0x8c61) x 8 0x000006b0
core   0: 0x800009de (0x00008ff5) c.and   a5, a3
core   0: 3 0x800009de (0x8ff5) x15 0x00000000
core   0: 0x800009e0 (0x00000c15) c.addi  s8, 5
core   0: 3 0x800009e0 (0x0c15) x24 0x00000010
core   0: 0x800009e2 (0x41235fb3) sra     t6, t1, s2
core   0: 3 0x800009e2 (0x41235fb3) x31 0xffffffff
core   0: 0x800009e6 (0x000080ba) c.mv    ra, a4
core   0: 3 0x800009e6 (0x80ba) x 1 0x00000001
core   0: 0x800009e8 (0x00000804) c.addi4spn s1, sp, 16
core   0: 3 0x800009e8 (0x0804) x 9 0x7ffdd1a1
core   0: 0x800009ea (0x4116d833) sra     a6, a3, a7
core   0: 3 0x800009ea (0x4116d833) x16 0x00000000
core   0: 0x800009ee (0x1597e017) auipc   zero, 0x1597e
core   0: 3 0x800009ee (0x1597e017)
core   0: 0x800009f2 (0x02aee833) rem     a6, t4, a0
core   0: 3 0x800009f2 (0x02aee833) x16 0x00000000
core   0: 0x800009f6 (0x00000001) c.nop
core   0: 3 0x800009f6 (0x0001)
core   0: 0x800009f8 (0x447f9f17) auipc   t5, 0x447f9
core   0: 3 0x800009f8 (0x447f9f17) x30 0xc47f99f8
core   0: 0x800009fc (0x00300593) li      a1, 3
core   0: 3 0x800009fc (0x00300593) x11 0x00000003
core   0: 0x80000a00 (0x014ad6b3) srl     a3, s5, s4
core   0: 3 0x80000a00 (0x014ad6b3) x13 0x00000000
core   0: 0x80000a04 (0x000083ad) c.srli  a5, 11
core   0: 3 0x80000a04 (0x83ad) x15 0x00000000
core   0: 0x80000a06 (0x410f5d13) srai    s10, t5, 16
core   0: 3 0x80000a06 (0x410f5d13) x26 0xffffc47f
core   0: 0x80000a0a (0x00006e8d) c.lui   t4, 0x3
core   0: 3 0x80000a0a (0x6e8d) x29 0x00003000
core   0: 0x80000a0c (0xff500293) li      t0, -11
core   0: 3 0x80000a0c (0xff500293) x 5 0xfffffff5
core   0: 0x80000a10 (0x00c13cb3) sltu    s9, sp, a2
core   0: 3 0x80000a10 (0x00c13cb3) x25 0x00000000
core   0: 0x80000a14 (0xc97f3b13) sltiu   s6, t5, -873
core   0: 3 0x80000a14 (0xc97f3b13) x22 0x00000001
core   0: 0x80000a18 (0x000015e5) c.addi  a1, -7
core   0: 3 0x80000a18 (0x15e5) x11 0xfffffffc
core   0: 0x80000a1a (0x00e62733) slt     a4, a2, a4
core   0: 3 0x80000a1a (0x00e62733) x14 0x00000001
core   0: 0x80000a1e (0xfe5599e3) bne     a1, t0, pc - 14
core   0: 3 0x80000a1e (0xfe5599e3)
core   0: 0x80000a10 (0x00c13cb3) sltu    s9, sp, a2
core   0: 3 0x80000a10 (0x00c13cb3) x25 0x00000000
core   0: 0x80000a14 (0xc97f3b13) sltiu   s6, t5, -873
core   0: 3 0x80000a14 (0xc97f3b13) x22 0x00000001
core   0: 0x80000a18 (0x000015e5) c.addi  a1, -7
core   0: 3 0x80000a18 (0x15e5) x11 0xfffffff5
core   0: 0x80000a1a (0x00e62733) slt     a4, a2, a4
core   0: 3 0x80000a1a (0x00e62733) x14 0x00000001
core   0: 0x80000a1e (0xfe5599e3) bne     a1, t0, pc - 14
core   0: 3 0x80000a1e (0xfe5599e3)
core   0: 0x80000a22 (0x0000100f) fence.i
core   0: 3 0x80000a22 (0x0000100f)
core   0: 0x80000a26 (0x00be4133) xor     sp, t3, a1
core   0: 3 0x80000a26 (0x00be4133) x 2 0x7ffdd191
core   0: 0x80000a2a (0x021aa0b3) mulhsu  ra, s5, ra
core   0: 3 0x80000a2a (0x021aa0b3) x 1 0x00000000
core   0: 0x80000a2e (0x00bf9813) slli    a6, t6, 11
core   0: 3 0x80000a2e (0x00bf9813) x16 0xfffff800
core   0: 0x80000a32 (0x00008e75) c.and   a2, a3
core   0: 3 0x80000a32 (0x8e75) x12 0x00000000
core   0: 0x80000a34 (0x000088c1) c.andi  s1, 16
core   0: 3 0x80000a34 (0x88c1) x 9 0x00000000
core   0: 0x80000a36 (0xfb2c63e3) bltu    s8, s2, pc - 90
core   0: 3 0x80000a36 (0xfb2c63e3)
core   0: 0x80000a3a (0x000081c6) c.mv    gp, a7
core   0: 3 0x80000a3a (0x81c6) x 3 0xfffffe67
core   0: 0x80000a3c (0x00a00593) li      a1, 10
core   0: 3 0x80000a3c (0x00a00593) x11 0x0000000a
core   0: 0x80000a40 (0x00005ffd) c.li    t6, -1
core   0: 3 0x80000a40 (0x5ffd) x31 0xffffffff
core   0: 0x80000a42 (0x00300713) li      a4, 3
core   0: 3 0x80000a42 (0x00300713) x14 0x00000003
core   0: 0x80000a46 (0x0395ef33) rem     t5, a1, s9
core   0: 3 0x80000a46 (0x0395ef33) x30 0x0000000a
core   0: 0x80000a4a (0x41aadc33) sra     s8, s5, s10
core   0: 3 0x80000a4a (0x41aadc33) x24 0x00000000
core   0: 0x80000a4e (0x023a6033) rem     zero, s4, gp
core   0: 3 0x80000a4e (0x023a6033)
core   0: 0x80000a52 (0x00b38833) add     a6, t2, a1
core   0: 3 0x80000a52 (0x00b38833) x16 0x70b4000a
core   0: 0x80000a56 (0x029d8b33) mul     s6, s11, s1
core   0: 3 0x80000a56 (0x029d8b33) x22 0x00000000
core   0: 0x80000a5a (0x03822133) mulhsu  sp, tp, s8
core   0: 3 0x80000a5a (0x03822133) x 2 0x00000000
core   0: 0x80000a5e (0x00008d5d) c.or    a0, a5
core   0: 3 0x80000a5e (0x8d5d) x10 0x00000004
core   0: 0x80000a60 (0x00000492) c.slli  s1, 4
core   0: 3 0x80000a60 (0x0492) x 9 0x00000000
core   0: 0x80000a62 (0x0340cc33) div     s8, ra, s4
core   0: 3 0x80000a62 (0x0340cc33) x24 0x00000000
core   0: 0x80000a66 (0x000015fd) c.addi  a1, -1
core   0: 3 0x80000a66 (0x15fd) x11 0x00000009
core   0: 0x80000a68 (0x00008e5d) c.or    a2, a5
core   0: 3 0x80000a68 (0x8e5d) x12 0x00000000
core   0: 0x80000a6a (0x02698b33) mul     s6, s3, t1
core   0: 3 0x80000a6a (0x02698b33) x22 0xdc000449
core   0: 0x80000a6e (0x01bb2333) slt     t1, s6, s11
core   0: 3 0x80000a6e (0x01bb2333) x 6 0x00000001
core   0: 0x80000a72 (0x404281b3) sub     gp, t0, tp
core   0: 3 0x80000a72 (0x404281b3) x 3 0xfffffff8
core   0: 0x80000a76 (0x001d8d33) add     s10, s11, ra
core   0: 3 0x80000a76 (0x001d8d33) x26 0x00000000
core   0: 0x80000a7a (0xfce5fae3) bgeu    a1, a4, pc - 44
core   0: 3 0x80000a7a (0xfce5fae3)
core   0: 0x80000a4e (0x023a6033) rem     zero, s4, gp
core   0: 3 0x80000a4e (0x023a6033)
core   0: 0x80000a52 (0x00b38833) add     a6, t2, a1
core   0: 3 0x80000a52 (0x00b38833) x16 0x70b40009
core   0: 0x80000a56 (0x029d8b33) mul     s6, s11, s1
core   0: 3 0x80000a56 (0x029d8b33) x22 0x00000000
core   0: 0x80000a5a (0x03822133) mulhsu  sp, tp, s8
core   0: 3 0x80000a5a (0x03822133) x 2 0x00000000
core   0: 0x80000a5e (0x00008d5d) c.or    a0, a5
core   0: 3 0x80000a5e (0x8d5d) x10 0x00000004
core   0: 0x80000a60 (0x00000492) c.slli  s1, 4
core   0: 3 0x80000a60 (0x0492) x 9 0x00000000
core   0: 0x80000a62 (0x0340cc33) div     s8, ra, s4
core   0: 3 0x80000a62 (0x0340cc33) x24 0x00000000
core   0: 0x80000a66 (0x000015fd) c.addi  a1, -1
core   0: 3 0x80000a66 (0x15fd) x11 0x00000008
core   0: 0x80000a68 (0x00008e5d) c.or    a2, a5
core   0: 3 0x80000a68 (0x8e5d) x12 0x00000000
core   0: 0x80000a6a (0x02698b33) mul     s6, s3, t1
core   0: 3 0x80000a6a (0x02698b33) x22 0x03ffffff
core   0: 0x80000a6e (0x01bb2333) slt     t1, s6, s11
core   0: 3 0x80000a6e (0x01bb2333) x 6 0x00000000
core   0: 0x80000a72 (0x404281b3) sub     gp, t0, tp
core   0: 3 0x80000a72 (0x404281b3) x 3 0xfffffff8
core   0: 0x80000a76 (0x001d8d33) add     s10, s11, ra
core   0: 3 0x80000a76 (0x001d8d33) x26 0x00000000
core   0: 0x80000a7a (0xfce5fae3) bgeu    a1, a4, pc - 44
core   0: 3 0x80000a7a (0xfce5fae3)
core   0: 0x80000a4e (0x023a6033) rem     zero, s4, gp
core   0: 3 0x80000a4e (0x023a6033)
core   0: 0x80000a52 (0x00b38833) add     a6, t2, a1
core   0: 3 0x80000a52 (0x00b38833) x16 0x70b40008
core   0: 0x80000a56 (0x029d8b33) mul     s6, s11, s1
core   0: 3 0x80000a56 (0x029d8b33) x22 0x00000000
core   0: 0x80000a5a (0x03822133) mulhsu  sp, tp, s8
core   0: 3 0x80000a5a (0x03822133) x 2 0x00000000
core   0: 0x80000a5e (0x00008d5d) c.or    a0, a5
core   0: 3 0x80000a5e (0x8d5d) x10 0x00000004
core   0: 0x80000a60 (0x00000492) c.slli  s1, 4
core   0: 3 0x80000a60 (0x0492) x 9 0x00000000
core   0: 0x80000a62 (0x0340cc33) div     s8, ra, s4
core   0: 3 0x80000a62 (0x0340cc33) x24 0x00000000
core   0: 0x80000a66 (0x000015fd) c.addi  a1, -1
core   0: 3 0x80000a66 (0x15fd) x11 0x00000007
core   0: 0x80000a68 (0x00008e5d) c.or    a2, a5
core   0: 3 0x80000a68 (0x8e5d) x12 0x00000000
core   0: 0x80000a6a (0x02698b33) mul     s6, s3, t1
core   0: 3 0x80000a6a (0x02698b33) x22 0x00000000
core   0: 0x80000a6e (0x01bb2333) slt     t1, s6, s11
core   0: 3 0x80000a6e (0x01bb2333) x 6 0x00000000
core   0: 0x80000a72 (0x404281b3) sub     gp, t0, tp
core   0: 3 0x80000a72 (0x404281b3) x 3 0xfffffff8
core   0: 0x80000a76 (0x001d8d33) add     s10, s11, ra
core   0: 3 0x80000a76 (0x001d8d33) x26 0x00000000
core   0: 0x80000a7a (0xfce5fae3) bgeu    a1, a4, pc - 44
core   0: 3 0x80000a7a (0xfce5fae3)
core   0: 0x80000a4e (0x023a6033) rem     zero, s4, gp
core   0: 3 0x80000a4e (0x023a6033)
core   0: 0x80000a52 (0x00b38833) add     a6, t2, a1
core   0: 3 0x80000a52 (0x00b38833) x16 0x70b40007
core   0: 0x80000a56 (0x029d8b33) mul     s6, s11, s1
core   0: 3 0x80000a56 (0x029d8b33) x22 0x00000000
core   0: 0x80000a5a (0x03822133) mulhsu  sp, tp, s8
core   0: 3 0x80000a5a (0x03822133) x 2 0x00000000
core   0: 0x80000a5e (0x00008d5d) c.or    a0, a5
core   0: 3 0x80000a5e (0x8d5d) x10 0x00000004
core   0: 0x80000a60 (0x00000492) c.slli  s1, 4
core   0: 3 0x80000a60 (0x0492) x 9 0x00000000
core   0: 0x80000a62 (0x0340cc33) div     s8, ra, s4
core   0: 3 0x80000a62 (0x0340cc33) x24 0x00000000
core   0: 0x80000a66 (0x000015fd) c.addi  a1, -1
core   0: 3 0x80000a66 (0x15fd) x11 0x00000006
core   0: 0x80000a68 (0x00008e5d) c.or    a2, a5
core   0: 3 0x80000a68 (0x8e5d) x12 0x00000000
core   0: 0x80000a6a (0x02698b33) mul     s6, s3, t1
core   0: 3 0x80000a6a (0x02698b33) x22 0x00000000
core   0: 0x80000a6e (0x01bb2333) slt     t1, s6, s11
core   0: 3 0x80000a6e (0x01bb2333) x 6 0x00000000
core   0: 0x80000a72 (0x404281b3) sub     gp, t0, tp
core   0: 3 0x80000a72 (0x404281b3) x 3 0xfffffff8
core   0: 0x80000a76 (0x001d8d33) add     s10, s11, ra
core   0: 3 0x80000a76 (0x001d8d33) x26 0x00000000
core   0: 0x80000a7a (0xfce5fae3) bgeu    a1, a4, pc - 44
core   0: 3 0x80000a7a (0xfce5fae3)
core   0: 0x80000a4e (0x023a6033) rem     zero, s4, gp
core   0: 3 0x80000a4e (0x023a6033)
core   0: 0x80000a52 (0x00b38833) add     a6, t2, a1
core   0: 3 0x80000a52 (0x00b38833) x16 0x70b40006
core   0: 0x80000a56 (0x029d8b33) mul     s6, s11, s1
core   0: 3 0x80000a56 (0x029d8b33) x22 0x00000000
core   0: 0x80000a5a (0x03822133) mulhsu  sp, tp, s8
core   0: 3 0x80000a5a (0x03822133) x 2 0x00000000
core   0: 0x80000a5e (0x00008d5d) c.or    a0, a5
core   0: 3 0x80000a5e (0x8d5d) x10 0x00000004
core   0: 0x80000a60 (0x00000492) c.slli  s1, 4
core   0: 3 0x80000a60 (0x0492) x 9 0x00000000
core   0: 0x80000a62 (0x0340cc33) div     s8, ra, s4
core   0: 3 0x80000a62 (0x0340cc33) x24 0x00000000
core   0: 0x80000a66 (0x000015fd) c.addi  a1, -1
core   0: 3 0x80000a66 (0x15fd) x11 0x00000005
core   0: 0x80000a68 (0x00008e5d) c.or    a2, a5
core   0: 3 0x80000a68 (0x8e5d) x12 0x00000000
core   0: 0x80000a6a (0x02698b33) mul     s6, s3, t1
core   0: 3 0x80000a6a (0x02698b33) x22 0x00000000
core   0: 0x80000a6e (0x01bb2333) slt     t1, s6, s11
core   0: 3 0x80000a6e (0x01bb2333) x 6 0x00000000
core   0: 0x80000a72 (0x404281b3) sub     gp, t0, tp
core   0: 3 0x80000a72 (0x404281b3) x 3 0xfffffff8
core   0: 0x80000a76 (0x001d8d33) add     s10, s11, ra
core   0: 3 0x80000a76 (0x001d8d33) x26 0x00000000
core   0: 0x80000a7a (0xfce5fae3) bgeu    a1, a4, pc - 44
core   0: 3 0x80000a7a (0xfce5fae3)
core   0: 0x80000a4e (0x023a6033) rem     zero, s4, gp
core   0: 3 0x80000a4e (0x023a6033)
core   0: 0x80000a52 (0x00b38833) add     a6, t2, a1
core   0: 3 0x80000a52 (0x00b38833) x16 0x70b40005
core   0: 0x80000a56 (0x029d8b33) mul     s6, s11, s1
core   0: 3 0x80000a56 (0x029d8b33) x22 0x00000000
core   0: 0x80000a5a (0x03822133) mulhsu  sp, tp, s8
core   0: 3 0x80000a5a (0x03822133) x 2 0x00000000
core   0: 0x80000a5e (0x00008d5d) c.or    a0, a5
core   0: 3 0x80000a5e (0x8d5d) x10 0x00000004
core   0: 0x80000a60 (0x00000492) c.slli  s1, 4
core   0: 3 0x80000a60 (0x0492) x 9 0x00000000
core   0: 0x80000a62 (0x0340cc33) div     s8, ra, s4
core   0: 3 0x80000a62 (0x0340cc33) x24 0x00000000
core   0: 0x80000a66 (0x000015fd) c.addi  a1, -1
core   0: 3 0x80000a66 (0x15fd) x11 0x00000004
core   0: 0x80000a68 (0x00008e5d) c.or    a2, a5
core   0: 3 0x80000a68 (0x8e5d) x12 0x00000000
core   0: 0x80000a6a (0x02698b33) mul     s6, s3, t1
core   0: 3 0x80000a6a (0x02698b33) x22 0x00000000
core   0: 0x80000a6e (0x01bb2333) slt     t1, s6, s11
core   0: 3 0x80000a6e (0x01bb2333) x 6 0x00000000
core   0: 0x80000a72 (0x404281b3) sub     gp, t0, tp
core   0: 3 0x80000a72 (0x404281b3) x 3 0xfffffff8
core   0: 0x80000a76 (0x001d8d33) add     s10, s11, ra
core   0: 3 0x80000a76 (0x001d8d33) x26 0x00000000
core   0: 0x80000a7a (0xfce5fae3) bgeu    a1, a4, pc - 44
core   0: 3 0x80000a7a (0xfce5fae3)
core   0: 0x80000a4e (0x023a6033) rem     zero, s4, gp
core   0: 3 0x80000a4e (0x023a6033)
core   0: 0x80000a52 (0x00b38833) add     a6, t2, a1
core   0: 3 0x80000a52 (0x00b38833) x16 0x70b40004
core   0: 0x80000a56 (0x029d8b33) mul     s6, s11, s1
core   0: 3 0x80000a56 (0x029d8b33) x22 0x00000000
core   0: 0x80000a5a (0x03822133) mulhsu  sp, tp, s8
core   0: 3 0x80000a5a (0x03822133) x 2 0x00000000
core   0: 0x80000a5e (0x00008d5d) c.or    a0, a5
core   0: 3 0x80000a5e (0x8d5d) x10 0x00000004
core   0: 0x80000a60 (0x00000492) c.slli  s1, 4
core   0: 3 0x80000a60 (0x0492) x 9 0x00000000
core   0: 0x80000a62 (0x0340cc33) div     s8, ra, s4
core   0: 3 0x80000a62 (0x0340cc33) x24 0x00000000
core   0: 0x80000a66 (0x000015fd) c.addi  a1, -1
core   0: 3 0x80000a66 (0x15fd) x11 0x00000003
core   0: 0x80000a68 (0x00008e5d) c.or    a2, a5
core   0: 3 0x80000a68 (0x8e5d) x12 0x00000000
core   0: 0x80000a6a (0x02698b33) mul     s6, s3, t1
core   0: 3 0x80000a6a (0x02698b33) x22 0x00000000
core   0: 0x80000a6e (0x01bb2333) slt     t1, s6, s11
core   0: 3 0x80000a6e (0x01bb2333) x 6 0x00000000
core   0: 0x80000a72 (0x404281b3) sub     gp, t0, tp
core   0: 3 0x80000a72 (0x404281b3) x 3 0xfffffff8
core   0: 0x80000a76 (0x001d8d33) add     s10, s11, ra
core   0: 3 0x80000a76 (0x001d8d33) x26 0x00000000
core   0: 0x80000a7a (0xfce5fae3) bgeu    a1, a4, pc - 44
core   0: 3 0x80000a7a (0xfce5fae3)
core   0: 0x80000a4e (0x023a6033) rem     zero, s4, gp
core   0: 3 0x80000a4e (0x023a6033)
core   0: 0x80000a52 (0x00b38833) add     a6, t2, a1
core   0: 3 0x80000a52 (0x00b38833) x16 0x70b40003
core   0: 0x80000a56 (0x029d8b33) mul     s6, s11, s1
core   0: 3 0x80000a56 (0x029d8b33) x22 0x00000000
core   0: 0x80000a5a (0x03822133) mulhsu  sp, tp, s8
core   0: 3 0x80000a5a (0x03822133) x 2 0x00000000
core   0: 0x80000a5e (0x00008d5d) c.or    a0, a5
core   0: 3 0x80000a5e (0x8d5d) x10 0x00000004
core   0: 0x80000a60 (0x00000492) c.slli  s1, 4
core   0: 3 0x80000a60 (0x0492) x 9 0x00000000
core   0: 0x80000a62 (0x0340cc33) div     s8, ra, s4
core   0: 3 0x80000a62 (0x0340cc33) x24 0x00000000
core   0: 0x80000a66 (0x000015fd) c.addi  a1, -1
core   0: 3 0x80000a66 (0x15fd) x11 0x00000002
core   0: 0x80000a68 (0x00008e5d) c.or    a2, a5
core   0: 3 0x80000a68 (0x8e5d) x12 0x00000000
core   0: 0x80000a6a (0x02698b33) mul     s6, s3, t1
core   0: 3 0x80000a6a (0x02698b33) x22 0x00000000
core   0: 0x80000a6e (0x01bb2333) slt     t1, s6, s11
core   0: 3 0x80000a6e (0x01bb2333) x 6 0x00000000
core   0: 0x80000a72 (0x404281b3) sub     gp, t0, tp
core   0: 3 0x80000a72 (0x404281b3) x 3 0xfffffff8
core   0: 0x80000a76 (0x001d8d33) add     s10, s11, ra
core   0: 3 0x80000a76 (0x001d8d33) x26 0x00000000
core   0: 0x80000a7a (0xfce5fae3) bgeu    a1, a4, pc - 44
core   0: 3 0x80000a7a (0xfce5fae3)
core   0: 0x80000a7e (0x02d830b3) mulhu   ra, a6, a3
core   0: 3 0x80000a7e (0x02d830b3) x 1 0x00000000
core   0: 0x80000a82 (0x00500613) li      a2, 5
core   0: 3 0x80000a82 (0x00500613) x12 0x00000005
core   0: 0x80000a86 (0xffc00193) li      gp, -4
core   0: 3 0x80000a86 (0xffc00193) x 3 0xfffffffc
core   0: 0x80000a8a (0x40cd0533) sub     a0, s10, a2
core   0: 3 0x80000a8a (0x40cd0533) x10 0xfffffffb
core   0: 0x80000a8e (0x00000001) c.nop
core   0: 3 0x80000a8e (0x0001)
core   0: 0x80000a90 (0x0000165d) c.addi  a2, -9
core   0: 3 0x80000a90 (0x165d) x12 0xfffffffc
core   0: 0x80000a92 (0xff600b13) li      s6, -10
core   0: 3 0x80000a92 (0xff600b13) x22 0xfffffff6
core   0: 0x80000a96 (0xff900213) li      tp, -7
core   0: 3 0x80000a96 (0xff900213) x 4 0xfffffff9
core   0: 0x80000a9a (0x0080ecb3) or      s9, ra, s0
core   0: 3 0x80000a9a (0x0080ecb3) x25 0x000006b0
core   0: 0x80000a9e (0x02c444b3) div     s1, s0, a2
core   0: 3 0x80000a9e (0x02c444b3) x 9 0xfffffe54
core   0: 0x80000aa2 (0x00000b19) c.addi  s6, 6
core   0: 3 0x80000aa2 (0x0b19) x22 0xfffffffc
core   0: 0x80000aa4 (0xfe4b4de3) blt     s6, tp, pc - 6
core   0: 3 0x80000aa4 (0xfe4b4de3)
core   0: 0x80000aa8 (0xfe3603e3) beq     a2, gp, pc - 26
core   0: 3 0x80000aa8 (0xfe3603e3)
core   0: 0x80000a8e (0x00000001) c.nop
core   0: 3 0x80000a8e (0x0001)
core   0: 0x80000a90 (0x0000165d) c.addi  a2, -9
core   0: 3 0x80000a90 (0x165d) x12 0xfffffff3
core   0: 0x80000a92 (0xff600b13) li      s6, -10
core   0: 3 0x80000a92 (0xff600b13) x22 0xfffffff6
core   0: 0x80000a96 (0xff900213) li      tp, -7
core   0: 3 0x80000a96 (0xff900213) x 4 0xfffffff9
core   0: 0x80000a9a (0x0080ecb3) or      s9, ra, s0
core   0: 3 0x80000a9a (0x0080ecb3) x25 0x000006b0
core   0: 0x80000a9e (0x02c444b3) div     s1, s0, a2
core   0: 3 0x80000a9e (0x02c444b3) x 9 0xffffff7d
core   0: 0x80000aa2 (0x00000b19) c.addi  s6, 6
core   0: 3 0x80000aa2 (0x0b19) x22 0xfffffffc
core   0: 0x80000aa4 (0xfe4b4de3) blt     s6, tp, pc - 6
core   0: 3 0x80000aa4 (0xfe4b4de3)
core   0: 0x80000aa8 (0xfe3603e3) beq     a2, gp, pc - 26
core   0: 3 0x80000aa8 (0xfe3603e3)
core   0: 0x80000aac (0x001217b3) sll     a5, tp, ra
core   0: 3 0x80000aac (0x001217b3) x15 0xfffffff9
core   0: 0x80000ab0 (0x00a00713) li      a4, 10
core   0: 3 0x80000ab0 (0x00a00713) x14 0x0000000a
core   0: 0x80000ab4 (0x006cb1b3) sltu    gp, s9, t1
core   0: 3 0x80000ab4 (0x006cb1b3) x 3 0x00000000
core   0: 0x80000ab8 (0x00000f1c) c.addi4spn a5, sp, 912
core   0: 3 0x80000ab8 (0x0f1c) x15 0x00000390
core   0: 0x80000aba (0x0000100f) fence.i
core   0: 3 0x80000aba (0x0000100f)
core   0: 0x80000abe (0xee327093) andi    ra, tp, -285
core   0: 3 0x80000abe (0xee327093) x 1 0xfffffee1
core   0: 0x80000ac2 (0x00054f33) xor     t5, a0, zero
core   0: 3 0x80000ac2 (0x00054f33) x30 0xfffffffb
core   0: 0x80000ac6 (0x00400293) li      t0, 4
core   0: 3 0x80000ac6 (0x00400293) x 5 0x00000004
core   0: 0x80000aca (0x54c4fa93) andi    s5, s1, 1356
core   0: 3 0x80000aca (0x54c4fa93) x21 0x0000054c
core   0: 0x80000ace (0x03da7633) remu    a2, s4, t4
core   0: 3 0x80000ace (0x03da7633) x12 0x00002000
core   0: 0x80000ad2 (0x00009a7d) c.andi  a2, -1
core   0: 3 0x80000ad2 (0x9a7d) x12 0x00002000
core   0: 0x80000ad4 (0x00001779) c.addi  a4, -2
core   0: 3 0x80000ad4 (0x1779) x14 0x00000008
core   0: 0x80000ad6 (0x00008e39) c.xor   a2, a4
core   0: 3 0x80000ad6 (0x8e39) x12 0x00002008
core   0: 0x80000ad8 (0x0000100f) fence.i
core   0: 3 0x80000ad8 (0x0000100f)
core   0: 0x80000adc (0x008aceb3) xor     t4, s5, s0
core   0: 3 0x80000adc (0x008aceb3) x29 0x000003fc
core   0: 0x80000ae0 (0x9157b493) sltiu   s1, a5, -1771
core   0: 3 0x80000ae0 (0x9157b493) x 9 0x00000001
core   0: 0x80000ae4 (0x03157333) remu    t1, a0, a7
core   0: 3 0x80000ae4 (0x03157333) x 6 0x00000194
core   0: 0x80000ae8 (0xfe5775e3) bgeu    a4, t0, pc - 22
core   0: 3 0x80000ae8 (0xfe5775e3)
core   0: 0x80000ad2 (0x00009a7d) c.andi  a2, -1
core   0: 3 0x80000ad2 (0x9a7d) x12 0x00002008
core   0: 0x80000ad4 (0x00001779) c.addi  a4, -2
core   0: 3 0x80000ad4 (0x1779) x14 0x00000006
core   0: 0x80000ad6 (0x00008e39) c.xor   a2, a4
core   0: 3 0x80000ad6 (0x8e39) x12 0x0000200e
core   0: 0x80000ad8 (0x0000100f) fence.i
core   0: 3 0x80000ad8 (0x0000100f)
core   0: 0x80000adc (0x008aceb3) xor     t4, s5, s0
core   0: 3 0x80000adc (0x008aceb3) x29 0x000003fc
core   0: 0x80000ae0 (0x9157b493) sltiu   s1, a5, -1771
core   0: 3 0x80000ae0 (0x9157b493) x 9 0x00000001
core   0: 0x80000ae4 (0x03157333) remu    t1, a0, a7
core   0: 3 0x80000ae4 (0x03157333) x 6 0x00000194
core   0: 0x80000ae8 (0xfe5775e3) bgeu    a4, t0, pc - 22
core   0: 3 0x80000ae8 (0xfe5775e3)
core   0: 0x80000ad2 (0x00009a7d) c.andi  a2, -1
core   0: 3 0x80000ad2 (0x9a7d) x12 0x0000200e
core   0: 0x80000ad4 (0x00001779) c.addi  a4, -2
core   0: 3 0x80000ad4 (0x1779) x14 0x00000004
core   0: 0x80000ad6 (0x00008e39) c.xor   a2, a4
core   0: 3 0x80000ad6 (0x8e39) x12 0x0000200a
core   0: 0x80000ad8 (0x0000100f) fence.i
core   0: 3 0x80000ad8 (0x0000100f)
core   0: 0x80000adc (0x008aceb3) xor     t4, s5, s0
core   0: 3 0x80000adc (0x008aceb3) x29 0x000003fc
core   0: 0x80000ae0 (0x9157b493) sltiu   s1, a5, -1771
core   0: 3 0x80000ae0 (0x9157b493) x 9 0x00000001
core   0: 0x80000ae4 (0x03157333) remu    t1, a0, a7
core   0: 3 0x80000ae4 (0x03157333) x 6 0x00000194
core   0: 0x80000ae8 (0xfe5775e3) bgeu    a4, t0, pc - 22
core   0: 3 0x80000ae8 (0xfe5775e3)
core   0: 0x80000ad2 (0x00009a7d) c.andi  a2, -1
core   0: 3 0x80000ad2 (0x9a7d) x12 0x0000200a
core   0: 0x80000ad4 (0x00001779) c.addi  a4, -2
core   0: 3 0x80000ad4 (0x1779) x14 0x00000002
core   0: 0x80000ad6 (0x00008e39) c.xor   a2, a4
core   0: 3 0x80000ad6 (0x8e39) x12 0x00002008
core   0: 0x80000ad8 (0x0000100f) fence.i
core   0: 3 0x80000ad8 (0x0000100f)
core   0: 0x80000adc (0x008aceb3) xor     t4, s5, s0
core   0: 3 0x80000adc (0x008aceb3) x29 0x000003fc
core   0: 0x80000ae0 (0x9157b493) sltiu   s1, a5, -1771
core   0: 3 0x80000ae0 (0x9157b493) x 9 0x00000001
core   0: 0x80000ae4 (0x03157333) remu    t1, a0, a7
core   0: 3 0x80000ae4 (0x03157333) x 6 0x00000194
core   0: 0x80000ae8 (0xfe5775e3) bgeu    a4, t0, pc - 22
core   0: 3 0x80000ae8 (0xfe5775e3)
core   0: 0x80000aec (0x01115093) srli    ra, sp, 17
core   0: 3 0x80000aec (0x01115093) x 1 0x00000000
core   0: 0x80000af0 (0x00a00593) li      a1, 10
core   0: 3 0x80000af0 (0x00a00593) x11 0x0000000a
core   0: 0x80000af4 (0x0000909a) c.add   ra, t1
core   0: 3 0x80000af4 (0x909a) x 1 0x00000194
core   0: 0x80000af6 (0x02fb39b3) mulhu   s3, s6, a5
core   0: 3 0x80000af6 (0x02fb39b3) x19 0x0000038f
core   0: 0x80000afa (0x659e9d17) auipc   s10, 0x659e9
core   0: 3 0x80000afa (0x659e9d17) x26 0xe59e9afa
core   0: 0x80000afe (0x0000942a) c.add   s0, a0
core   0: 3 0x80000afe (0x942a) x 8 0x000006ab
core   0: 0x80000b00 (0x99cccf93) xori    t6, s9, -1636
core   0: 3 0x80000b00 (0x99cccf93) x31 0xffffff2c
core   0: 0x80000b04 (0x00800e93) li      t4, 8
core   0: 3 0x80000b04 (0x00800e93) x29 0x00000008
core   0: 0x80000b08 (0x00008362) c.mv    t1, s8
core   0: 3 0x80000b08 (0x8362) x 6 0x00000000
core   0: 0x80000b0a (0x40885fb3) sra     t6, a6, s0
core   0: 3 0x80000b0a (0x40885fb3) x31 0x000e1680
core   0: 0x80000b0e (0x000015f1) c.addi  a1, -4
core   0: 3 0x80000b0e (0x15f1) x11 0x00000006
core   0: 0x80000b10 (0x000087ae) c.mv    a5, a1
core   0: 3 0x80000b10 (0x87ae) x15 0x00000006
core   0: 0x80000b12 (0x000086a9) c.srai  a3, 10
core   0: 3 0x80000b12 (0x86a9) x13 0x00000000
core   0: 0x80000b14 (0x00008e0d) c.sub   a2, a1
core   0: 3 0x80000b14 (0x8e0d) x12 0x00002002
core   0: 0x80000b16 (0x02203533) mulhu   a0, zero, sp
core   0: 3 0x80000b16 (0x02203533) x10 0x00000000
core   0: 0x80000b1a (0x03b55933) divu    s2, a0, s11
core   0: 3 0x80000b1a (0x03b55933) x18 0xffffffff
core   0: 0x80000b1e (0x000801b3) add     gp, a6, zero
core   0: 3 0x80000b1e (0x000801b3) x 3 0x70b40003
core   0: 0x80000b22 (0xff800c13) li      s8, -8
core   0: 3 0x80000b22 (0xff800c13) x24 0xfffffff8
core   0: 0x80000b26 (0x0097b433) sltu    s0, a5, s1
core   0: 3 0x80000b26 (0x0097b433) x 8 0x00000000
core   0: 0x80000b2a (0x00000813) li      a6, 0
core   0: 3 0x80000b2a (0x00000813) x16 0x00000000
core   0: 0x80000b2e (0x01d95f13) srli    t5, s2, 29
core   0: 3 0x80000b2e (0x01d95f13) x30 0x00000007
core   0: 0x80000b32 (0x03f56db3) rem     s11, a0, t6
core   0: 3 0x80000b32 (0x03f56db3) x27 0x00000000
core   0: 0x80000b36 (0x00000c05) c.addi  s8, 1
core   0: 3 0x80000b36 (0x0c05) x24 0xfffffff9
core   0: 0x80000b38 (0xff0c0de3) beq     s8, a6, pc - 6
core   0: 3 0x80000b38 (0xff0c0de3)
core   0: 0x80000b3c (0x000049b9) c.li    s3, 14
core   0: 3 0x80000b3c (0x49b9) x19 0x0000000e
core   0: 0x80000b3e (0x00006905) c.lui   s2, 0x1
core   0: 3 0x80000b3e (0x6905) x18 0x00001000
core   0: 0x80000b40 (0x03d328b3) mulhsu  a7, t1, t4
core   0: 3 0x80000b40 (0x03d328b3) x17 0x00000000
core   0: 0x80000b44 (0x00000899) c.addi  a7, 6
core   0: 3 0x80000b44 (0x0899) x17 0x00000006
core   0: 0x80000b46 (0xf6c0dd37) lui     s10, 0xf6c0d
core   0: 3 0x80000b46 (0xf6c0dd37) x26 0xf6c0d000
core   0: 0x80000b4a (0xb4af4793) xori    a5, t5, -1206
core   0: 3 0x80000b4a (0xb4af4793) x15 0xfffffb4d
core   0: 0x80000b4e (0xfbd5fde3) bgeu    a1, t4, pc - 70
core   0: 3 0x80000b4e (0xfbd5fde3)
core   0: 0x80000b52 (0x02db8f33) mul     t5, s7, a3
core   0: 3 0x80000b52 (0x02db8f33) x30 0x00000000
core   0: 0x80000b56 (0x00800693) li      a3, 8
core   0: 3 0x80000b56 (0x00800693) x13 0x00000008
core   0: 0x80000b5a (0x01265fb3) srl     t6, a2, s2
core   0: 3 0x80000b5a (0x01265fb3) x31 0x00002002
core   0: 0x80000b5e (0x00004d69) c.li    s10, 26
core   0: 3 0x80000b5e (0x4d69) x26 0x0000001a
core   0: 0x80000b60 (0x0000960e) c.add   a2, gp
core   0: 3 0x80000b60 (0x960e) x12 0x70b42005
core   0: 0x80000b62 (0x00008fed) c.and   a5, a1
core   0: 3 0x80000b62 (0x8fed) x15 0x00000004
core   0: 0x80000b64 (0xffc00b13) li      s6, -4
core   0: 3 0x80000b64 (0xffc00b13) x22 0xfffffffc
core   0: 0x80000b68 (0x00ff4133) xor     sp, t5, a5
core   0: 3 0x80000b68 (0x00ff4133) x 2 0x00000004
core   0: 0x80000b6c (0x000087e9) c.srai  a5, 26
core   0: 3 0x80000b6c (0x87e9) x15 0x00000000
core   0: 0x80000b6e (0x000016e9) c.addi  a3, -6
core   0: 3 0x80000b6e (0x16e9) x13 0x00000002
core   0: 0x80000b70 (0x01d2b533) sltu    a0, t0, t4
core   0: 3 0x80000b70 (0x01d2b533) x10 0x00000001
core   0: 0x80000b74 (0x00a00713) li      a4, 10
core   0: 3 0x80000b74 (0x00a00713) x14 0x0000000a
core   0: 0x80000b78 (0x00000fe6) c.slli  t6, 25
core   0: 3 0x80000b78 (0x0fe6) x31 0x04000000
core   0: 0x80000b7a (0x00600313) li      t1, 6
core   0: 3 0x80000b7a (0x00600313) x 6 0x00000006
core   0: 0x80000b7e (0x02a683b3) mul     t2, a3, a0
core   0: 3 0x80000b7e (0x02a683b3) x 7 0x00000002
core   0: 0x80000b82 (0x0000197d) c.addi  s2, -1
core   0: 3 0x80000b82 (0x197d) x18 0x00000fff
core   0: 0x80000b84 (0x26d9a913) slti    s2, s3, 621
core   0: 3 0x80000b84 (0x26d9a913) x18 0x00000001
core   0: 0x80000b88 (0x0000176d) c.addi  a4, -5
core   0: 3 0x80000b88 (0x176d) x14 0x00000005
core   0: 0x80000b8a (0x00008fb1) c.xor   a5, a2
core   0: 3 0x80000b8a (0x8fb1) x15 0x70b42005
core   0: 0x80000b8c (0xfc6dfc13) andi    s8, s11, -58
core   0: 3 0x80000b8c (0xfc6dfc13) x24 0x00000000
core   0: 0x80000b90 (0x512c7f13) andi    t5, s8, 1298
core   0: 3 0x80000b90 (0x512c7f13) x30 0x00000000
core   0: 0x80000b94 (0x01b35f13) srli    t5, t1, 27
core   0: 3 0x80000b94 (0x01b35f13) x30 0x00000000
core   0: 0x80000b98 (0x41a101b3) sub     gp, sp, s10
core   0: 3 0x80000b98 (0x41a101b3) x 3 0xffffffea
core   0: 0x80000b9c (0x0000100f) fence.i
core   0: 3 0x80000b9c (0x0000100f)
core   0: 0x80000ba0 (0xfe6771e3) bgeu    a4, t1, pc - 30
core   0: 3 0x80000ba0 (0xfe6771e3)
core   0: 0x80000ba4 (0x00009fd2) c.add   t6, s4
core   0: 3 0x80000ba4 (0x9fd2) x31 0x84000000
core   0: 0x80000ba6 (0xfd6681e3) beq     a3, s6, pc - 62
core   0: 3 0x80000ba6 (0xfd6681e3)
core   0: 0x80000baa (0x0092bd33) sltu    s10, t0, s1
core   0: 3 0x80000baa (0x0092bd33) x26 0x00000000
core   0: 0x80000bae (0x00100e93) li      t4, 1
core   0: 3 0x80000bae (0x00100e93) x29 0x00000001
core   0: 0x80000bb2 (0x02d17ab3) remu    s5, sp, a3
core   0: 3 0x80000bb2 (0x02d17ab3) x21 0x00000000
core   0: 0x80000bb6 (0x404354b3) sra     s1, t1, tp
core   0: 3 0x80000bb6 (0x404354b3) x 9 0x00000000
core   0: 0x80000bba (0x00008051) c.srli  s0, 20
core   0: 3 0x80000bba (0x8051) x 8 0x00000000
core   0: 0x80000bbc (0x00c9d513) srli    a0, s3, 12
core   0: 3 0x80000bbc (0x00c9d513) x10 0x00000000
core   0: 0x80000bc0 (0x40485b33) sra     s6, a6, tp
core   0: 3 0x80000bc0 (0x40485b33) x22 0x00000000
core   0: 0x80000bc4 (0x4075df33) sra     t5, a1, t2
core   0: 3 0x80000bc4 (0x4075df33) x30 0x00000001
core   0: 0x80000bc8 (0x03760033) mul     zero, a2, s7
core   0: 3 0x80000bc8 (0x03760033)
core   0: 0x80000bcc (0x00008721) c.srai  a4, 8
core   0: 3 0x80000bcc (0x8721) x14 0x00000000
core   0: 0x80000bce (0x000092c6) c.add   t0, a7
core   0: 3 0x80000bce (0x92c6) x 5 0x0000000a
core   0: 0x80000bd0 (0x033e09b3) mul     s3, t3, s3
core   0: 3 0x80000bd0 (0x033e09b3) x19 0x001e8978
core   0: 0x80000bd4 (0x00300c13) li      s8, 3
core   0: 3 0x80000bd4 (0x00300c13) x24 0x00000003
core   0: 0x80000bd8 (0x024334b3) mulhu   s1, t1, tp
core   0: 3 0x80000bd8 (0x024334b3) x 9 0x00000005
core   0: 0x80000bdc (0x01586f33) or      t5, a6, s5
core   0: 3 0x80000bdc (0x01586f33) x30 0x00000000
core   0: 0x80000be0 (0x007a9d33) sll     s10, s5, t2
core   0: 3 0x80000be0 (0x007a9d33) x26 0x00000000
core   0: 0x80000be4 (0x0000987d) c.andi  s0, -1
core   0: 3 0x80000be4 (0x987d) x 8 0x00000000
core   0: 0x80000be6 (0x000081cd) c.srli  a1, 19
core   0: 3 0x80000be6 (0x81cd) x11 0x00000000
core   0: 0x80000be8 (0x00000ea9) c.addi  t4, 10
core   0: 3 0x80000be8 (0x0ea9) x29 0x0000000b
core   0: 0x80000bea (0x00008c29) c.xor   s0, a0
core   0: 3 0x80000bea (0x8c29) x 8 0x00000000
core   0: 0x80000bec (0x01fdc733) xor     a4, s11, t6
core   0: 3 0x80000bec (0x01fdc733) x14 0x84000000
core   0: 0x80000bf0 (0x000080dd) c.srli  s1, 23
core   0: 3 0x80000bf0 (0x80dd) x 9 0x00000000
core   0: 0x80000bf2 (0x000087a5) c.srai  a5, 9
core   0: 3 0x80000bf2 (0x87a5) x15 0x00385a10
core   0: 0x80000bf4 (0xff8ee2e3) bltu    t4, s8, pc - 28
core   0: 3 0x80000bf4 (0xff8ee2e3)
core   0: 0x80000bf8 (0x400cd1b3) sra     gp, s9, zero
core   0: 3 0x80000bf8 (0x400cd1b3) x 3 0x000006b0
core   0: 0x80000bfc (0x00800193) li      gp, 8
core   0: 3 0x80000bfc (0x00800193) x 3 0x00000008
core   0: 0x80000c00 (0x03f59c33) mulh    s8, a1, t6
core   0: 3 0x80000c00 (0x03f59c33) x24 0x00000000
core   0: 0x80000c04 (0x00200393) li      t2, 2
core   0: 3 0x80000c04 (0x00200393) x 7 0x00000002
core   0: 0x80000c08 (0x020bf833) remu    a6, s7, zero
core   0: 3 0x80000c08 (0x020bf833) x16 0x80026ce4
core   0: 0x80000c0c (0x0246d8b3) divu    a7, a3, tp
core   0: 3 0x80000c0c (0x0246d8b3) x17 0x00000000
core   0: 0x80000c10 (0x0ff0000f) fence   iorw,iorw
core   0: 3 0x80000c10 (0x0ff0000f)
core   0: 0x80000c14 (0x00000001) c.nop
core   0: 3 0x80000c14 (0x0001)
core   0: 0x80000c16 (0x00000001) c.nop
core   0: 3 0x80000c16 (0x0001)
core   0: 0x80000c18 (0x000017fd) c.addi  a5, -1
core   0: 3 0x80000c18 (0x17fd) x15 0x00385a0f
core   0: 0x80000c1a (0x02b67ab3) remu    s5, a2, a1
core   0: 3 0x80000c1a (0x02b67ab3) x21 0x70b42005
core   0: 0x80000c1e (0xb169ec13) ori     s8, s3, -1258
core   0: 3 0x80000c1e (0xb169ec13) x24 0xfffffb7e
core   0: 0x80000c22 (0x00005cfd) c.li    s9, -1
core   0: 3 0x80000c22 (0x5cfd) x25 0xffffffff
core   0: 0x80000c24 (0x0000100f) fence.i
core   0: 3 0x80000c24 (0x0000100f)
core   0: 0x80000c28 (0x00aa2b33) slt     s6, s4, a0
core   0: 3 0x80000c28 (0x00aa2b33) x22 0x00000001
core   0: 0x80000c2c (0x00f9dc93) srli    s9, s3, 15
core   0: 3 0x80000c2c (0x00f9dc93) x25 0x0000003d
core   0: 0x80000c30 (0x000011fd) c.addi  gp, -1
core   0: 3 0x80000c30 (0x11fd) x 3 0x00000007
core   0: 0x80000c32 (0x025f99b3) mulh    s3, t6, t0
core   0: 3 0x80000c32 (0x025f99b3) x19 0xfffffffb
core   0: 0x80000c36 (0x000082ed) c.srli  a3, 27
core   0: 3 0x80000c36 (0x82ed) x13 0x00000000
core   0: 0x80000c38 (0xcee35637) lui     a2, 0xcee35
core   0: 3 0x80000c38 (0xcee35637) x12 0xcee35000
core   0: 0x80000c3c (0x00a00833) add     a6, zero, a0
core   0: 3 0x80000c3c (0x00a00833) x16 0x00000000
core   0: 0x80000c40 (0x006d3c33) sltu    s8, s10, t1
core   0: 3 0x80000c40 (0x006d3c33) x24 0x00000001
core   0: 0x80000c44 (0x03ce8833) mul     a6, t4, t3
core   0: 3 0x80000c44 (0x03ce8833) x16 0x8017fe4c
core   0: 0x80000c48 (0x00006129) c.addi16sp sp, 192
core   0: 3 0x80000c48 (0x6129) x 2 0x000000c4
core   0: 0x80000c4a (0x472c1897) auipc   a7, 0x472c1
core   0: 3 0x80000c4a (0x472c1897) x17 0xc72c1c4a
core   0: 0x80000c4e (0x000056fd) c.li    a3, -1
core   0: 3 0x80000c4e (0x56fd) x13 0xffffffff
core   0: 0x80000c50 (0xfc71f2e3) bgeu    gp, t2, pc - 60
core   0: 3 0x80000c50 (0xfc71f2e3)
core   0: 0x80000c14 (0x00000001) c.nop
core   0: 3 0x80000c14 (0x0001)
core   0: 0x80000c16 (0x00000001) c.nop
core   0: 3 0x80000c16 (0x0001)
core   0: 0x80000c18 (0x000017fd) c.addi  a5, -1
core   0: 3 0x80000c18 (0x17fd) x15 0x00385a0e
core   0: 0x80000c1a (0x02b67ab3) remu    s5, a2, a1
core   0: 3 0x80000c1a (0x02b67ab3) x21 0xcee35000
core   0: 0x80000c1e (0xb169ec13) ori     s8, s3, -1258
core   0: 3 0x80000c1e (0xb169ec13) x24 0xffffffff
core   0: 0x80000c22 (0x00005cfd) c.li    s9, -1
core   0: 3 0x80000c22 (0x5cfd) x25 0xffffffff
core   0: 0x80000c24 (0x0000100f) fence.i
core   0: 3 0x80000c24 (0x0000100f)
core   0: 0x80000c28 (0x00aa2b33) slt     s6, s4, a0
core   0: 3 0x80000c28 (0x00aa2b33) x22 0x00000001
core   0: 0x80000c2c (0x00f9dc93) srli    s9, s3, 15
core   0: 3 0x80000c2c (0x00f9dc93) x25 0x0001ffff
core   0: 0x80000c30 (0x000011fd) c.addi  gp, -1
core   0: 3 0x80000c30 (0x11fd) x 3 0x00000006
core   0: 0x80000c32 (0x025f99b3) mulh    s3, t6, t0
core   0: 3 0x80000c32 (0x025f99b3) x19 0xfffffffb
core   0: 0x80000c36 (0x000082ed) c.srli  a3, 27
core   0: 3 0x80000c36 (0x82ed) x13 0x0000001f
core   0: 0x80000c38 (0xcee35637) lui     a2, 0xcee35
core   0: 3 0x80000c38 (0xcee35637) x12 0xcee35000
core   0: 0x80000c3c (0x00a00833) add     a6, zero, a0
core   0: 3 0x80000c3c (0x00a00833) x16 0x00000000
core   0: 0x80000c40 (0x006d3c33) sltu    s8, s10, t1
core   0: 3 0x80000c40 (0x006d3c33) x24 0x00000001
core   0: 0x80000c44 (0x03ce8833) mul     a6, t4, t3
core   0: 3 0x80000c44 (0x03ce8833) x16 0x8017fe4c
core   0: 0x80000c48 (0x00006129) c.addi16sp sp, 192
core   0: 3 0x80000c48 (0x6129) x 2 0x00000184
core   0: 0x80000c4a (0x472c1897) auipc   a7, 0x472c1
core   0: 3 0x80000c4a (0x472c1897) x17 0xc72c1c4a
core   0: 0x80000c4e (0x000056fd) c.li    a3, -1
core   0: 3 0x80000c4e (0x56fd) x13 0xffffffff
core   0: 0x80000c50 (0xfc71f2e3) bgeu    gp, t2, pc - 60
core   0: 3 0x80000c50 (0xfc71f2e3)
core   0: 0x80000c14 (0x00000001) c.nop
core   0: 3 0x80000c14 (0x0001)
core   0: 0x80000c16 (0x00000001) c.nop
core   0: 3 0x80000c16 (0x0001)
core   0: 0x80000c18 (0x000017fd) c.addi  a5, -1
core   0: 3 0x80000c18 (0x17fd) x15 0x00385a0d
core   0: 0x80000c1a (0x02b67ab3) remu    s5, a2, a1
core   0: 3 0x80000c1a (0x02b67ab3) x21 0xcee35000
core   0: 0x80000c1e (0xb169ec13) ori     s8, s3, -1258
core   0: 3 0x80000c1e (0xb169ec13) x24 0xffffffff
core   0: 0x80000c22 (0x00005cfd) c.li    s9, -1
core   0: 3 0x80000c22 (0x5cfd) x25 0xffffffff
core   0: 0x80000c24 (0x0000100f) fence.i
core   0: 3 0x80000c24 (0x0000100f)
core   0: 0x80000c28 (0x00aa2b33) slt     s6, s4, a0
core   0: 3 0x80000c28 (0x00aa2b33) x22 0x00000001
core   0: 0x80000c2c (0x00f9dc93) srli    s9, s3, 15
core   0: 3 0x80000c2c (0x00f9dc93) x25 0x0001ffff
core   0: 0x80000c30 (0x000011fd) c.addi  gp, -1
core   0: 3 0x80000c30 (0x11fd) x 3 0x00000005
core   0: 0x80000c32 (0x025f99b3) mulh    s3, t6, t0
core   0: 3 0x80000c32 (0x025f99b3) x19 0xfffffffb
core   0: 0x80000c36 (0x000082ed) c.srli  a3, 27
core   0: 3 0x80000c36 (0x82ed) x13 0x0000001f
core   0: 0x80000c38 (0xcee35637) lui     a2, 0xcee35
core   0: 3 0x80000c38 (0xcee35637) x12 0xcee35000
core   0: 0x80000c3c (0x00a00833) add     a6, zero, a0
core   0: 3 0x80000c3c (0x00a00833) x16 0x00000000
core   0: 0x80000c40 (0x006d3c33) sltu    s8, s10, t1
core   0: 3 0x80000c40 (0x006d3c33) x24 0x00000001
core   0: 0x80000c44 (0x03ce8833) mul     a6, t4, t3
core   0: 3 0x80000c44 (0x03ce8833) x16 0x8017fe4c
core   0: 0x80000c48 (0x00006129) c.addi16sp sp, 192
core   0: 3 0x80000c48 (0x6129) x 2 0x00000244
core   0: 0x80000c4a (0x472c1897) auipc   a7, 0x472c1
core   0: 3 0x80000c4a (0x472c1897) x17 0xc72c1c4a
core   0: 0x80000c4e (0x000056fd) c.li    a3, -1
core   0: 3 0x80000c4e (0x56fd) x13 0xffffffff
core   0: 0x80000c50 (0xfc71f2e3) bgeu    gp, t2, pc - 60
core   0: 3 0x80000c50 (0xfc71f2e3)
core   0: 0x80000c14 (0x00000001) c.nop
core   0: 3 0x80000c14 (0x0001)
core   0: 0x80000c16 (0x00000001) c.nop
core   0: 3 0x80000c16 (0x0001)
core   0: 0x80000c18 (0x000017fd) c.addi  a5, -1
core   0: 3 0x80000c18 (0x17fd) x15 0x00385a0c
core   0: 0x80000c1a (0x02b67ab3) remu    s5, a2, a1
core   0: 3 0x80000c1a (0x02b67ab3) x21 0xcee35000
core   0: 0x80000c1e (0xb169ec13) ori     s8, s3, -1258
core   0: 3 0x80000c1e (0xb169ec13) x24 0xffffffff
core   0: 0x80000c22 (0x00005cfd) c.li    s9, -1
core   0: 3 0x80000c22 (0x5cfd) x25 0xffffffff
core   0: 0x80000c24 (0x0000100f) fence.i
core   0: 3 0x80000c24 (0x0000100f)
core   0: 0x80000c28 (0x00aa2b33) slt     s6, s4, a0
core   0: 3 0x80000c28 (0x00aa2b33) x22 0x00000001
core   0: 0x80000c2c (0x00f9dc93) srli    s9, s3, 15
core   0: 3 0x80000c2c (0x00f9dc93) x25 0x0001ffff
core   0: 0x80000c30 (0x000011fd) c.addi  gp, -1
core   0: 3 0x80000c30 (0x11fd) x 3 0x00000004
core   0: 0x80000c32 (0x025f99b3) mulh    s3, t6, t0
core   0: 3 0x80000c32 (0x025f99b3) x19 0xfffffffb
core   0: 0x80000c36 (0x000082ed) c.srli  a3, 27
core   0: 3 0x80000c36 (0x82ed) x13 0x0000001f
core   0: 0x80000c38 (0xcee35637) lui     a2, 0xcee35
core   0: 3 0x80000c38 (0xcee35637) x12 0xcee35000
core   0: 0x80000c3c (0x00a00833) add     a6, zero, a0
core   0: 3 0x80000c3c (0x00a00833) x16 0x00000000
core   0: 0x80000c40 (0x006d3c33) sltu    s8, s10, t1
core   0: 3 0x80000c40 (0x006d3c33) x24 0x00000001
core   0: 0x80000c44 (0x03ce8833) mul     a6, t4, t3
core   0: 3 0x80000c44 (0x03ce8833) x16 0x8017fe4c
core   0: 0x80000c48 (0x00006129) c.addi16sp sp, 192
core   0: 3 0x80000c48 (0x6129) x 2 0x00000304
core   0: 0x80000c4a (0x472c1897) auipc   a7, 0x472c1
core   0: 3 0x80000c4a (0x472c1897) x17 0xc72c1c4a
core   0: 0x80000c4e (0x000056fd) c.li    a3, -1
core   0: 3 0x80000c4e (0x56fd) x13 0xffffffff
core   0: 0x80000c50 (0xfc71f2e3) bgeu    gp, t2, pc - 60
core   0: 3 0x80000c50 (0xfc71f2e3)
core   0: 0x80000c14 (0x00000001) c.nop
core   0: 3 0x80000c14 (0x0001)
core   0: 0x80000c16 (0x00000001) c.nop
core   0: 3 0x80000c16 (0x0001)
core   0: 0x80000c18 (0x000017fd) c.addi  a5, -1
core   0: 3 0x80000c18 (0x17fd) x15 0x00385a0b
core   0: 0x80000c1a (0x02b67ab3) remu    s5, a2, a1
core   0: 3 0x80000c1a (0x02b67ab3) x21 0xcee35000
core   0: 0x80000c1e (0xb169ec13) ori     s8, s3, -1258
core   0: 3 0x80000c1e (0xb169ec13) x24 0xffffffff
core   0: 0x80000c22 (0x00005cfd) c.li    s9, -1
core   0: 3 0x80000c22 (0x5cfd) x25 0xffffffff
core   0: 0x80000c24 (0x0000100f) fence.i
core   0: 3 0x80000c24 (0x0000100f)
core   0: 0x80000c28 (0x00aa2b33) slt     s6, s4, a0
core   0: 3 0x80000c28 (0x00aa2b33) x22 0x00000001
core   0: 0x80000c2c (0x00f9dc93) srli    s9, s3, 15
core   0: 3 0x80000c2c (0x00f9dc93) x25 0x0001ffff
core   0: 0x80000c30 (0x000011fd) c.addi  gp, -1
core   0: 3 0x80000c30 (0x11fd) x 3 0x00000003
core   0: 0x80000c32 (0x025f99b3) mulh    s3, t6, t0
core   0: 3 0x80000c32 (0x025f99b3) x19 0xfffffffb
core   0: 0x80000c36 (0x000082ed) c.srli  a3, 27
core   0: 3 0x80000c36 (0x82ed) x13 0x0000001f
core   0: 0x80000c38 (0xcee35637) lui     a2, 0xcee35
core   0: 3 0x80000c38 (0xcee35637) x12 0xcee35000
core   0: 0x80000c3c (0x00a00833) add     a6, zero, a0
core   0: 3 0x80000c3c (0x00a00833) x16 0x00000000
core   0: 0x80000c40 (0x006d3c33) sltu    s8, s10, t1
core   0: 3 0x80000c40 (0x006d3c33) x24 0x00000001
core   0: 0x80000c44 (0x03ce8833) mul     a6, t4, t3
core   0: 3 0x80000c44 (0x03ce8833) x16 0x8017fe4c
core   0: 0x80000c48 (0x00006129) c.addi16sp sp, 192
core   0: 3 0x80000c48 (0x6129) x 2 0x000003c4
core   0: 0x80000c4a (0x472c1897) auipc   a7, 0x472c1
core   0: 3 0x80000c4a (0x472c1897) x17 0xc72c1c4a
core   0: 0x80000c4e (0x000056fd) c.li    a3, -1
core   0: 3 0x80000c4e (0x56fd) x13 0xffffffff
core   0: 0x80000c50 (0xfc71f2e3) bgeu    gp, t2, pc - 60
core   0: 3 0x80000c50 (0xfc71f2e3)
core   0: 0x80000c14 (0x00000001) c.nop
core   0: 3 0x80000c14 (0x0001)
core   0: 0x80000c16 (0x00000001) c.nop
core   0: 3 0x80000c16 (0x0001)
core   0: 0x80000c18 (0x000017fd) c.addi  a5, -1
core   0: 3 0x80000c18 (0x17fd) x15 0x00385a0a
core   0: 0x80000c1a (0x02b67ab3) remu    s5, a2, a1
core   0: 3 0x80000c1a (0x02b67ab3) x21 0xcee35000
core   0: 0x80000c1e (0xb169ec13) ori     s8, s3, -1258
core   0: 3 0x80000c1e (0xb169ec13) x24 0xffffffff
core   0: 0x80000c22 (0x00005cfd) c.li    s9, -1
core   0: 3 0x80000c22 (0x5cfd) x25 0xffffffff
core   0: 0x80000c24 (0x0000100f) fence.i
core   0: 3 0x80000c24 (0x0000100f)
core   0: 0x80000c28 (0x00aa2b33) slt     s6, s4, a0
core   0: 3 0x80000c28 (0x00aa2b33) x22 0x00000001
core   0: 0x80000c2c (0x00f9dc93) srli    s9, s3, 15
core   0: 3 0x80000c2c (0x00f9dc93) x25 0x0001ffff
core   0: 0x80000c30 (0x000011fd) c.addi  gp, -1
core   0: 3 0x80000c30 (0x11fd) x 3 0x00000002
core   0: 0x80000c32 (0x025f99b3) mulh    s3, t6, t0
core   0: 3 0x80000c32 (0x025f99b3) x19 0xfffffffb
core   0: 0x80000c36 (0x000082ed) c.srli  a3, 27
core   0: 3 0x80000c36 (0x82ed) x13 0x0000001f
core   0: 0x80000c38 (0xcee35637) lui     a2, 0xcee35
core   0: 3 0x80000c38 (0xcee35637) x12 0xcee35000
core   0: 0x80000c3c (0x00a00833) add     a6, zero, a0
core   0: 3 0x80000c3c (0x00a00833) x16 0x00000000
core   0: 0x80000c40 (0x006d3c33) sltu    s8, s10, t1
core   0: 3 0x80000c40 (0x006d3c33) x24 0x00000001
core   0: 0x80000c44 (0x03ce8833) mul     a6, t4, t3
core   0: 3 0x80000c44 (0x03ce8833) x16 0x8017fe4c
core   0: 0x80000c48 (0x00006129) c.addi16sp sp, 192
core   0: 3 0x80000c48 (0x6129) x 2 0x00000484
core   0: 0x80000c4a (0x472c1897) auipc   a7, 0x472c1
core   0: 3 0x80000c4a (0x472c1897) x17 0xc72c1c4a
core   0: 0x80000c4e (0x000056fd) c.li    a3, -1
core   0: 3 0x80000c4e (0x56fd) x13 0xffffffff
core   0: 0x80000c50 (0xfc71f2e3) bgeu    gp, t2, pc - 60
core   0: 3 0x80000c50 (0xfc71f2e3)
core   0: 0x80000c14 (0x00000001) c.nop
core   0: 3 0x80000c14 (0x0001)
core   0: 0x80000c16 (0x00000001) c.nop
core   0: 3 0x80000c16 (0x0001)
core   0: 0x80000c18 (0x000017fd) c.addi  a5, -1
core   0: 3 0x80000c18 (0x17fd) x15 0x00385a09
core   0: 0x80000c1a (0x02b67ab3) remu    s5, a2, a1
core   0: 3 0x80000c1a (0x02b67ab3) x21 0xcee35000
core   0: 0x80000c1e (0xb169ec13) ori     s8, s3, -1258
core   0: 3 0x80000c1e (0xb169ec13) x24 0xffffffff
core   0: 0x80000c22 (0x00005cfd) c.li    s9, -1
core   0: 3 0x80000c22 (0x5cfd) x25 0xffffffff
core   0: 0x80000c24 (0x0000100f) fence.i
core   0: 3 0x80000c24 (0x0000100f)
core   0: 0x80000c28 (0x00aa2b33) slt     s6, s4, a0
core   0: 3 0x80000c28 (0x00aa2b33) x22 0x00000001
core   0: 0x80000c2c (0x00f9dc93) srli    s9, s3, 15
core   0: 3 0x80000c2c (0x00f9dc93) x25 0x0001ffff
core   0: 0x80000c30 (0x000011fd) c.addi  gp, -1
core   0: 3 0x80000c30 (0x11fd) x 3 0x00000001
core   0: 0x80000c32 (0x025f99b3) mulh    s3, t6, t0
core   0: 3 0x80000c32 (0x025f99b3) x19 0xfffffffb
core   0: 0x80000c36 (0x000082ed) c.srli  a3, 27
core   0: 3 0x80000c36 (0x82ed) x13 0x0000001f
core   0: 0x80000c38 (0xcee35637) lui     a2, 0xcee35
core   0: 3 0x80000c38 (0xcee35637) x12 0xcee35000
core   0: 0x80000c3c (0x00a00833) add     a6, zero, a0
core   0: 3 0x80000c3c (0x00a00833) x16 0x00000000
core   0: 0x80000c40 (0x006d3c33) sltu    s8, s10, t1
core   0: 3 0x80000c40 (0x006d3c33) x24 0x00000001
core   0: 0x80000c44 (0x03ce8833) mul     a6, t4, t3
core   0: 3 0x80000c44 (0x03ce8833) x16 0x8017fe4c
core   0: 0x80000c48 (0x00006129) c.addi16sp sp, 192
core   0: 3 0x80000c48 (0x6129) x 2 0x00000544
core   0: 0x80000c4a (0x472c1897) auipc   a7, 0x472c1
core   0: 3 0x80000c4a (0x472c1897) x17 0xc72c1c4a
core   0: 0x80000c4e (0x000056fd) c.li    a3, -1
core   0: 3 0x80000c4e (0x56fd) x13 0xffffffff
core   0: 0x80000c50 (0xfc71f2e3) bgeu    gp, t2, pc - 60
core   0: 3 0x80000c50 (0xfc71f2e3)
core   0: 0x80000c54 (0x03fb65b3) rem     a1, s6, t6
core   0: 3 0x80000c54 (0x03fb65b3) x11 0x00000001
core   0: 0x80000c58 (0x00200793) li      a5, 2
core   0: 3 0x80000c58 (0x00200793) x15 0x00000002
core   0: 0x80000c5c (0x00900713) li      a4, 9
core   0: 3 0x80000c5c (0x00900713) x14 0x00000009
core   0: 0x80000c60 (0x09b9d537) lui     a0, 0x9b9d
core   0: 3 0x80000c60 (0x09b9d537) x10 0x09b9d000
core   0: 0x80000c64 (0x0027e3b3) or      t2, a5, sp
core   0: 3 0x80000c64 (0x0027e3b3) x 7 0x00000546
core   0: 0x80000c68 (0x0327e4b3) rem     s1, a5, s2
core   0: 3 0x80000c68 (0x0327e4b3) x 9 0x00000000
core   0: 0x80000c6c (0x00000791) c.addi  a5, 4
core   0: 3 0x80000c6c (0x0791) x15 0x00000006
core   0: 0x80000c6e (0x000006de) c.slli  a3, 23
core   0: 3 0x80000c6e (0x06de) x13 0xff800000
core   0: 0x80000c70 (0xff600613) li      a2, -10
core   0: 3 0x80000c70 (0xff600613) x12 0xfffffff6
core   0: 0x80000c74 (0xff900193) li      gp, -7
core   0: 3 0x80000c74 (0xff900193) x 3 0xfffffff9
core   0: 0x80000c78 (0x01bbe033) or      zero, s7, s11
core   0: 3 0x80000c78 (0x01bbe033)
core   0: 0x80000c7c (0x000062c9) c.lui   t0, 0x12
core   0: 3 0x80000c7c (0x62c9) x 5 0x00012000
core   0: 0x80000c7e (0x03a22d33) mulhsu  s10, tp, s10
core   0: 3 0x80000c7e (0x03a22d33) x26 0x00000000
core   0: 0x80000c82 (0x01329c33) sll     s8, t0, s3
core   0: 3 0x80000c82 (0x01329c33) x24 0x00000000
core   0: 0x80000c86 (0x000003ee) c.slli  t2, 27
core   0: 3 0x80000c86 (0x03ee) x 7 0x30000000
core   0: 0x80000c88 (0x71cc0213) addi    tp, s8, 1820
core   0: 3 0x80000c88 (0x71cc0213) x 4 0x0000071c
core   0: 0x80000c8c (0x02432133) mulhsu  sp, t1, tp
core   0: 3 0x80000c8c (0x02432133) x 2 0x00000000
core   0: 0x80000c90 (0x033b8933) mul     s2, s7, s3
core   0: 3 0x80000c90 (0x033b8933) x18 0x7ff3df8c
core   0: 0x80000c94 (0x00000605) c.addi  a2, 1
core   0: 3 0x80000c94 (0x0605) x12 0xfffffff7
core   0: 0x80000c96 (0xfe360be3) beq     a2, gp, pc - 10
core   0: 3 0x80000c96 (0xfe360be3)
core   0: 0x80000c9a (0x00000242) c.slli  tp, 16
core   0: 3 0x80000c9a (0x0242) x 4 0x071c0000
core   0: 0x80000c9c (0x00fbf233) and     tp, s7, a5
core   0: 3 0x80000c9c (0x00fbf233) x 4 0x00000004
core   0: 0x80000ca0 (0xfce7c2e3) blt     a5, a4, pc - 60
core   0: 3 0x80000ca0 (0xfce7c2e3)
core   0: 0x80000c64 (0x0027e3b3) or      t2, a5, sp
core   0: 3 0x80000c64 (0x0027e3b3) x 7 0x00000006
core   0: 0x80000c68 (0x0327e4b3) rem     s1, a5, s2
core   0: 3 0x80000c68 (0x0327e4b3) x 9 0x00000006
core   0: 0x80000c6c (0x00000791) c.addi  a5, 4
core   0: 3 0x80000c6c (0x0791) x15 0x0000000a
core   0: 0x80000c6e (0x000006de) c.slli  a3, 23
core   0: 3 0x80000c6e (0x06de) x13 0x00000000
core   0: 0x80000c70 (0xff600613) li      a2, -10
core   0: 3 0x80000c70 (0xff600613) x12 0xfffffff6
core   0: 0x80000c74 (0xff900193) li      gp, -7
core   0: 3 0x80000c74 (0xff900193) x 3 0xfffffff9
core   0: 0x80000c78 (0x01bbe033) or      zero, s7, s11
core   0: 3 0x80000c78 (0x01bbe033)
core   0: 0x80000c7c (0x000062c9) c.lui   t0, 0x12
core   0: 3 0x80000c7c (0x62c9) x 5 0x00012000
core   0: 0x80000c7e (0x03a22d33) mulhsu  s10, tp, s10
core   0: 3 0x80000c7e (0x03a22d33) x26 0x00000000
core   0: 0x80000c82 (0x01329c33) sll     s8, t0, s3
core   0: 3 0x80000c82 (0x01329c33) x24 0x00000000
core   0: 0x80000c86 (0x000003ee) c.slli  t2, 27
core   0: 3 0x80000c86 (0x03ee) x 7 0x30000000
core   0: 0x80000c88 (0x71cc0213) addi    tp, s8, 1820
core   0: 3 0x80000c88 (0x71cc0213) x 4 0x0000071c
core   0: 0x80000c8c (0x02432133) mulhsu  sp, t1, tp
core   0: 3 0x80000c8c (0x02432133) x 2 0x00000000
core   0: 0x80000c90 (0x033b8933) mul     s2, s7, s3
core   0: 3 0x80000c90 (0x033b8933) x18 0x7ff3df8c
core   0: 0x80000c94 (0x00000605) c.addi  a2, 1
core   0: 3 0x80000c94 (0x0605) x12 0xfffffff7
core   0: 0x80000c96 (0xfe360be3) beq     a2, gp, pc - 10
core   0: 3 0x80000c96 (0xfe360be3)
core   0: 0x80000c9a (0x00000242) c.slli  tp, 16
core   0: 3 0x80000c9a (0x0242) x 4 0x071c0000
core   0: 0x80000c9c (0x00fbf233) and     tp, s7, a5
core   0: 3 0x80000c9c (0x00fbf233) x 4 0x00000000
core   0: 0x80000ca0 (0xfce7c2e3) blt     a5, a4, pc - 60
core   0: 3 0x80000ca0 (0xfce7c2e3)
core   0: 0x80000ca4 (0x10d1a693) slti    a3, gp, 269
core   0: 3 0x80000ca4 (0x10d1a693) x13 0x00000001
core   0: 0x80000ca8 (0x00800d93) li      s11, 8
core   0: 3 0x80000ca8 (0x00800d93) x27 0x00000008
core   0: 0x80000cac (0x413d8d33) sub     s10, s11, s3
core   0: 3 0x80000cac (0x413d8d33) x26 0x0000000d
core   0: 0x80000cb0 (0x01cc6333) or      t1, s8, t3
core   0: 3 0x80000cb0 (0x01cc6333) x 6 0x80022e64
core   0: 0x80000cb4 (0x00900113) li      sp, 9
core   0: 3 0x80000cb4 (0x00900113) x 2 0x00000009
core   0: 0x80000cb8 (0x3122c213) xori    tp, t0, 786
core   0: 3 0x80000cb8 (0x3122c213) x 4 0x00012312
core   0: 0x80000cbc (0x03c2c833) div     a6, t0, t3
core   0: 3 0x80000cbc (0x03c2c833) x16 0x00000000
core   0: 0x80000cc0 (0x00000001) c.nop
core   0: 3 0x80000cc0 (0x0001)
core   0: 0x80000cc2 (0x00000d85) c.addi  s11, 1
core   0: 3 0x80000cc2 (0x0d85) x27 0x00000009
core   0: 0x80000cc4 (0x01033c33) sltu    s8, t1, a6
core   0: 3 0x80000cc4 (0x01033c33) x24 0x00000000
core   0: 0x80000cc8 (0x01bf49b3) xor     s3, t5, s11
core   0: 3 0x80000cc8 (0x01bf49b3) x19 0x00000009
core   0: 0x80000ccc (0x00217b33) and     s6, sp, sp
core   0: 3 0x80000ccc (0x00217b33) x22 0x00000009
core   0: 0x80000cd0 (0x02dca5b3) mulhsu  a1, s9, a3
core   0: 3 0x80000cd0 (0x02dca5b3) x11 0x00000000
core   0: 0x80000cd4 (0xfe2d82e3) beq     s11, sp, pc - 28
core   0: 3 0x80000cd4 (0xfe2d82e3)
core   0: 0x80000cb8 (0x3122c213) xori    tp, t0, 786
core   0: 3 0x80000cb8 (0x3122c213) x 4 0x00012312
core   0: 0x80000cbc (0x03c2c833) div     a6, t0, t3
core   0: 3 0x80000cbc (0x03c2c833) x16 0x00000000
core   0: 0x80000cc0 (0x00000001) c.nop
core   0: 3 0x80000cc0 (0x0001)
core   0: 0x80000cc2 (0x00000d85) c.addi  s11, 1
core   0: 3 0x80000cc2 (0x0d85) x27 0x0000000a
core   0: 0x80000cc4 (0x01033c33) sltu    s8, t1, a6
core   0: 3 0x80000cc4 (0x01033c33) x24 0x00000000
core   0: 0x80000cc8 (0x01bf49b3) xor     s3, t5, s11
core   0: 3 0x80000cc8 (0x01bf49b3) x19 0x0000000a
core   0: 0x80000ccc (0x00217b33) and     s6, sp, sp
core   0: 3 0x80000ccc (0x00217b33) x22 0x00000009
core   0: 0x80000cd0 (0x02dca5b3) mulhsu  a1, s9, a3
core   0: 3 0x80000cd0 (0x02dca5b3) x11 0x00000000
core   0: 0x80000cd4 (0xfe2d82e3) beq     s11, sp, pc - 28
core   0: 3 0x80000cd4 (0xfe2d82e3)
core   0: 0x80000cd8 (0x8b8d0417) auipc   s0, 0x8b8d0
core   0: 3 0x80000cd8 (0x8b8d0417) x 8 0x0b8d0cd8
core   0: 0x80000cdc (0x00600213) li      tp, 6
core   0: 3 0x80000cdc (0x00600213) x 4 0x00000006
core   0: 0x80000ce0 (0x00008d81) c.sub   a1, s0
core   0: 3 0x80000ce0 (0x8d81) x11 0xf472f328
core   0: 0x80000ce2 (0x00008b91) c.andi  a5, 4
core   0: 3 0x80000ce2 (0x8b91) x15 0x00000000
core   0: 0x80000ce4 (0x1cb5c037) lui     zero, 0x1cb5c
core   0: 3 0x80000ce4 (0x1cb5c037)
core   0: 0x80000ce8 (0xcf696417) auipc   s0, 0xcf696
core   0: 3 0x80000ce8 (0xcf696417) x 8 0x4f696ce8
core   0: 0x80000cec (0x00a00b13) li      s6, 10
core   0: 3 0x80000cec (0x00a00b13) x22 0x0000000a
core   0: 0x80000cf0 (0x00008c65) c.and   s0, s1
core   0: 3 0x80000cf0 (0x8c65) x 8 0x00000000
core   0: 0x80000cf2 (0x0000009e) c.slli  ra, 7
core   0: 3 0x80000cf2 (0x009e) x 1 0x0000ca00
core   0: 0x80000cf4 (0x00305eb3) srl     t4, zero, gp
core   0: 3 0x80000cf4 (0x00305eb3) x29 0x00000000
core   0: 0x80000cf8 (0x01f6d933) srl     s2, a3, t6
core   0: 3 0x80000cf8 (0x01f6d933) x18 0x00000001
core   0: 0x80000cfc (0x00000215) c.addi  tp, 5
core   0: 3 0x80000cfc (0x0215) x 4 0x0000000b
core   0: 0x80000cfe (0x00900c13) li      s8, 9
core   0: 3 0x80000cfe (0x00900c13) x24 0x00000009
core   0: 0x80000d02 (0x6fb70413) addi    s0, a4, 1787
core   0: 3 0x80000d02 (0x6fb70413) x 8 0x00000704
core   0: 0x80000d06 (0x00100713) li      a4, 1
core   0: 3 0x80000d06 (0x00100713) x14 0x00000001
core   0: 0x80000d0a (0x011b29b3) slt     s3, s6, a7
core   0: 3 0x80000d0a (0x011b29b3) x19 0x00000000
core   0: 0x80000d0e (0x00008d29) c.xor   a0, a0
core   0: 3 0x80000d0e (0x8d29) x10 0x00000000
core   0: 0x80000d10 (0x000097ea) c.add   a5, s10
core   0: 3 0x80000d10 (0x97ea) x15 0x0000000d
core   0: 0x80000d12 (0x26ed4d13) xori    s10, s10, 622
core   0: 3 0x80000d12 (0x26ed4d13) x26 0x00000263
core   0: 0x80000d16 (0x00001c79) c.addi  s8, -2
core   0: 3 0x80000d16 (0x1c79) x24 0x00000007
core   0: 0x80000d18 (0x00008c81) c.sub   s1, s0
core   0: 3 0x80000d18 (0x8c81) x 9 0xfffff902
core   0: 0x80000d1a (0xfeec1be3) bne     s8, a4, pc - 10
core   0: 3 0x80000d1a (0xfeec1be3)
core   0: 0x80000d10 (0x000097ea) c.add   a5, s10
core   0: 3 0x80000d10 (0x97ea) x15 0x00000270
core   0: 0x80000d12 (0x26ed4d13) xori    s10, s10, 622
core   0: 3 0x80000d12 (0x26ed4d13) x26 0x0000000d
core   0: 0x80000d16 (0x00001c79) c.addi  s8, -2
core   0: 3 0x80000d16 (0x1c79) x24 0x00000005
core   0: 0x80000d18 (0x00008c81) c.sub   s1, s0
core   0: 3 0x80000d18 (0x8c81) x 9 0xfffff1fe
core   0: 0x80000d1a (0xfeec1be3) bne     s8, a4, pc - 10
core   0: 3 0x80000d1a (0xfeec1be3)
core   0: 0x80000d10 (0x000097ea) c.add   a5, s10
core   0: 3 0x80000d10 (0x97ea) x15 0x0000027d
core   0: 0x80000d12 (0x26ed4d13) xori    s10, s10, 622
core   0: 3 0x80000d12 (0x26ed4d13) x26 0x00000263
core   0: 0x80000d16 (0x00001c79) c.addi  s8, -2
core   0: 3 0x80000d16 (0x1c79) x24 0x00000003
core   0: 0x80000d18 (0x00008c81) c.sub   s1, s0
core   0: 3 0x80000d18 (0x8c81) x 9 0xffffeafa
core   0: 0x80000d1a (0xfeec1be3) bne     s8, a4, pc - 10
core   0: 3 0x80000d1a (0xfeec1be3)
core   0: 0x80000d10 (0x000097ea) c.add   a5, s10
core   0: 3 0x80000d10 (0x97ea) x15 0x000004e0
core   0: 0x80000d12 (0x26ed4d13) xori    s10, s10, 622
core   0: 3 0x80000d12 (0x26ed4d13) x26 0x0000000d
core   0: 0x80000d16 (0x00001c79) c.addi  s8, -2
core   0: 3 0x80000d16 (0x1c79) x24 0x00000001
core   0: 0x80000d18 (0x00008c81) c.sub   s1, s0
core   0: 3 0x80000d18 (0x8c81) x 9 0xffffe3f6
core   0: 0x80000d1a (0xfeec1be3) bne     s8, a4, pc - 10
core   0: 3 0x80000d1a (0xfeec1be3)
core   0: 0x80000d1e (0x00000001) c.nop
core   0: 3 0x80000d1e (0x0001)
core   0: 0x80000d20 (0x02e349b3) div     s3, t1, a4
core   0: 3 0x80000d20 (0x02e349b3) x19 0x80022e64
core   0: 0x80000d24 (0x02c45933) divu    s2, s0, a2
core   0: 3 0x80000d24 (0x02c45933) x18 0x00000000
core   0: 0x80000d28 (0xfd6264e3) bltu    tp, s6, pc - 56
core   0: 3 0x80000d28 (0xfd6264e3)
core   0: 0x80000d2c (0x00000ada) c.slli  s5, 22
core   0: 3 0x80000d2c (0x0ada) x21 0x00000000
core   0: 0x80000d2e (0x00900593) li      a1, 9
core   0: 3 0x80000d2e (0x00900593) x11 0x00000009
core   0: 0x80000d32 (0x00008c11) c.sub   s0, a2
core   0: 3 0x80000d32 (0x8c11) x 8 0x0000070d
core   0: 0x80000d34 (0x00d00c13) li      s8, 13
core   0: 3 0x80000d34 (0x00d00c13) x24 0x0000000d
core   0: 0x80000d38 (0x0ff0000f) fence   iorw,iorw
core   0: 3 0x80000d38 (0x0ff0000f)
core   0: 0x80000d3c (0x031cb533) mulhu   a0, s9, a7
core   0: 3 0x80000d3c (0x031cb533) x10 0x00018e57
core   0: 0x80000d40 (0x00000591) c.addi  a1, 4
core   0: 3 0x80000d40 (0x0591) x11 0x0000000d
core   0: 0x80000d42 (0x00500713) li      a4, 5
core   0: 3 0x80000d42 (0x00500713) x14 0x00000005
core   0: 0x80000d46 (0x01bbf333) and     t1, s7, s11
core   0: 3 0x80000d46 (0x01bbf333) x 6 0x00000000
core   0: 0x80000d4a (0x01400793) li      a5, 20
core   0: 3 0x80000d4a (0x01400793) x15 0x00000014
core   0: 0x80000d4e (0x00008e4d) c.or    a2, a1
core   0: 3 0x80000d4e (0x8e4d) x12 0xffffffff
core   0: 0x80000d50 (0x0049c8b3) xor     a7, s3, tp
core   0: 3 0x80000d50 (0x0049c8b3) x17 0x80022e6f
core   0: 0x80000d54 (0x0000717d) c.addi16sp sp, -16
core   0: 3 0x80000d54 (0x717d) x 2 0xfffffff9
core   0: 0x80000d56 (0x009dcb33) xor     s6, s11, s1
core   0: 3 0x80000d56 (0x009dcb33) x22 0xffffe3fc
core   0: 0x80000d5a (0x00008d61) c.and   a0, s0
core   0: 3 0x80000d5a (0x8d61) x10 0x00000605
core   0: 0x80000d5c (0x0000567d) c.li    a2, -1
core   0: 3 0x80000d5c (0x567d) x12 0xffffffff
core   0: 0x80000d5e (0x02e3d4b3) divu    s1, t2, a4
core   0: 3 0x80000d5e (0x02e3d4b3) x 9 0x09999999
core   0: 0x80000d62 (0x00000721) c.addi  a4, 8
core   0: 3 0x80000d62 (0x0721) x14 0x0000000d
core   0: 0x80000d64 (0x011c2233) slt     tp, s8, a7
core   0: 3 0x80000d64 (0x011c2233) x 4 0x00000000
core   0: 0x80000d68 (0xfef763e3) bltu    a4, a5, pc - 26
core   0: 3 0x80000d68 (0xfef763e3)
core   0: 0x80000d4e (0x00008e4d) c.or    a2, a1
core   0: 3 0x80000d4e (0x8e4d) x12 0xffffffff
core   0: 0x80000d50 (0x0049c8b3) xor     a7, s3, tp
core   0: 3 0x80000d50 (0x0049c8b3) x17 0x80022e64
core   0: 0x80000d54 (0x0000717d) c.addi16sp sp, -16
core   0: 3 0x80000d54 (0x717d) x 2 0xffffffe9
core   0: 0x80000d56 (0x009dcb33) xor     s6, s11, s1
core   0: 3 0x80000d56 (0x009dcb33) x22 0x09999993
core   0: 0x80000d5a (0x00008d61) c.and   a0, s0
core   0: 3 0x80000d5a (0x8d61) x10 0x00000605
core   0: 0x80000d5c (0x0000567d) c.li    a2, -1
core   0: 3 0x80000d5c (0x567d) x12 0xffffffff
core   0: 0x80000d5e (0x02e3d4b3) divu    s1, t2, a4
core   0: 3 0x80000d5e (0x02e3d4b3) x 9 0x03b13b13
core   0: 0x80000d62 (0x00000721) c.addi  a4, 8
core   0: 3 0x80000d62 (0x0721) x14 0x00000015
core   0: 0x80000d64 (0x011c2233) slt     tp, s8, a7
core   0: 3 0x80000d64 (0x011c2233) x 4 0x00000000
core   0: 0x80000d68 (0xfef763e3) bltu    a4, a5, pc - 26
core   0: 3 0x80000d68 (0xfef763e3)
core   0: 0x80000d6c (0x00008e01) c.sub   a2, s0
core   0: 3 0x80000d6c (0x8e01) x12 0xfffff8f2
core   0: 0x80000d6e (0x0145f433) and     s0, a1, s4
core   0: 3 0x80000d6e (0x0145f433) x 8 0x00000000
core   0: 0x80000d72 (0xfd85e5e3) bltu    a1, s8, pc - 54
core   0: 3 0x80000d72 (0xfd85e5e3)
core   0: 0x80000d76 (0x000006e2) c.slli  a3, 24
core   0: 3 0x80000d76 (0x06e2) x13 0x01000000
core   0: 0x80000d78 (0x00100313) li      t1, 1
core   0: 3 0x80000d78 (0x00100313) x 6 0x00000001
core   0: 0x80000d7c (0x0ff0000f) fence   iorw,iorw
core   0: 3 0x80000d7c (0x0ff0000f)
core   0: 0x80000d80 (0x00500613) li      a2, 5
core   0: 3 0x80000d80 (0x00500613) x12 0x00000005
core   0: 0x80000d84 (0x659cb593) sltiu   a1, s9, 1625
core   0: 3 0x80000d84 (0x659cb593) x11 0x00000000
core   0: 0x80000d88 (0x93b13297) auipc   t0, 0x93b13
core   0: 3 0x80000d88 (0x93b13297) x 5 0x13b13d88
core   0: 0x80000d8c (0x2c3a3a93) sltiu   s5, s4, 707
core   0: 3 0x80000d8c (0x2c3a3a93) x21 0x00000000
core   0: 0x80000d90 (0x0335b933) mulhu   s2, a1, s3
core   0: 3 0x80000d90 (0x0335b933) x18 0x00000000
core   0: 0x80000d94 (0x001cd1b3) srl     gp, s9, ra
core   0: 3 0x80000d94 (0x001cd1b3) x 3 0x0001ffff
core   0: 0x80000d98 (0x015365b3) or      a1, t1, s5
core   0: 3 0x80000d98 (0x015365b3) x11 0x00000001
core   0: 0x80000d9c (0x00000001) c.nop
core   0: 3 0x80000d9c (0x0001)
core   0: 0x80000d9e (0x00000305) c.addi  t1, 1
core   0: 3 0x80000d9e (0x0305) x 6 0x00000002
core   0: 0x80000da0 (0x003657b3) srl     a5, a2, gp
core   0: 3 0x80000da0 (0x003657b3) x15 0x00000000
core   0: 0x80000da4 (0x00008719) c.srai  a4, 6
core   0: 3 0x80000da4 (0x8719) x14 0x00000000
core   0: 0x80000da6 (0x00006eed) c.lui   t4, 0x1b
core   0: 3 0x80000da6 (0x6eed) x29 0x0001b000
core   0: 0x80000da8 (0xfec308e3) beq     t1, a2, pc - 16
core   0: 3 0x80000da8 (0xfec308e3)
core   0: 0x80000dac (0x0000615d) c.addi16sp sp, 432
core   0: 3 0x80000dac (0x615d) x 2 0x00000199
core   0: 0x80000dae (0x00600793) li      a5, 6
core   0: 3 0x80000dae (0x00600793) x15 0x00000006
core   0: 0x80000db2 (0x000005ca) c.slli  a1, 18
core   0: 3 0x80000db2 (0x05ca) x11 0x00040000
core   0: 0x80000db4 (0x00008a5d) c.andi  a2, 23
core   0: 3 0x80000db4 (0x8a5d) x12 0x00000005
core   0: 0x80000db6 (0x00008c2d) c.xor   s0, a1
core   0: 3 0x80000db6 (0x8c2d) x 8 0x00040000
core   0: 0x80000db8 (0xb684f993) andi    s3, s1, -1176
core   0: 3 0x80000db8 (0xb684f993) x19 0x03b13b00
core   0: 0x80000dbc (0x00000001) c.nop
core   0: 3 0x80000dbc (0x0001)
core   0: 0x80000dbe (0x00000001) c.nop
core   0: 3 0x80000dbe (0x0001)
core   0: 0x80000dc0 (0x000084b5) c.srai  s1, 13
core   0: 3 0x80000dc0 (0x84b5) x 9 0x00001d89
core   0: 0x80000dc2 (0x017ac8b3) xor     a7, s5, s7
core   0: 3 0x80000dc2 (0x017ac8b3) x17 0x80026ce4
core   0: 0x80000dc6 (0x000017f5) c.addi  a5, -3
core   0: 3 0x80000dc6 (0x17f5) x15 0x00000003
core   0: 0x80000dc8 (0x00a264b3) or      s1, tp, a0
core   0: 3 0x80000dc8 (0x00a264b3) x 9 0x00000605
core   0: 0x80000dcc (0x00025233) srl     tp, tp, zero
core   0: 3 0x80000dcc (0x00025233) x 4 0x00000000
core   0: 0x80000dd0 (0x02749d33) mulh    s10, s1, t2
core   0: 3 0x80000dd0 (0x02749d33) x26 0x00000120
core   0: 0x80000dd4 (0x00900693) li      a3, 9
core   0: 3 0x80000dd4 (0x00900693) x13 0x00000009
core   0: 0x80000dd8 (0x00006cbd) c.lui   s9, 0xf
core   0: 3 0x80000dd8 (0x6cbd) x25 0x0000f000
core   0: 0x80000dda (0x00008c86) c.mv    s9, ra
core   0: 3 0x80000dda (0x8c86) x25 0x0000ca00
core   0: 0x80000ddc (0x00c2df13) srli    t5, t0, 12
core   0: 3 0x80000ddc (0x00c2df13) x30 0x00013b13
core   0: 0x80000de0 (0x0000100f) fence.i
core   0: 3 0x80000de0 (0x0000100f)
core   0: 0x80000de4 (0x00006259) c.lui   tp, 0x16
core   0: 3 0x80000de4 (0x6259) x 4 0x00016000
core   0: 0x80000de6 (0x00600313) li      t1, 6
core   0: 3 0x80000de6 (0x00600313) x 6 0x00000006
core   0: 0x80000dea (0x01512ab3) slt     s5, sp, s5
core   0: 3 0x80000dea (0x01512ab3) x21 0x00000000
core   0: 0x80000dee (0x00000001) c.nop
core   0: 3 0x80000dee (0x0001)
core   0: 0x80000df0 (0x000016fd) c.addi  a3, -1
core   0: 3 0x80000df0 (0x16fd) x13 0x00000008
core   0: 0x80000df2 (0xfe66fee3) bgeu    a3, t1, pc - 4
core   0: 3 0x80000df2 (0xfe66fee3)
core   0: 0x80000dee (0x00000001) c.nop
core   0: 3 0x80000dee (0x0001)
core   0: 0x80000df0 (0x000016fd) c.addi  a3, -1
core   0: 3 0x80000df0 (0x16fd) x13 0x00000007
core   0: 0x80000df2 (0xfe66fee3) bgeu    a3, t1, pc - 4
core   0: 3 0x80000df2 (0xfe66fee3)
core   0: 0x80000dee (0x00000001) c.nop
core   0: 3 0x80000dee (0x0001)
core   0: 0x80000df0 (0x000016fd) c.addi  a3, -1
core   0: 3 0x80000df0 (0x16fd) x13 0x00000006
core   0: 0x80000df2 (0xfe66fee3) bgeu    a3, t1, pc - 4
core   0: 3 0x80000df2 (0xfe66fee3)
core   0: 0x80000dee (0x00000001) c.nop
core   0: 3 0x80000dee (0x0001)
core   0: 0x80000df0 (0x000016fd) c.addi  a3, -1
core   0: 3 0x80000df0 (0x16fd) x13 0x00000005
core   0: 0x80000df2 (0xfe66fee3) bgeu    a3, t1, pc - 4
core   0: 3 0x80000df2 (0xfe66fee3)
core   0: 0x80000df6 (0x02937833) remu    a6, t1, s1
core   0: 3 0x80000df6 (0x02937833) x16 0x00000006
core   0: 0x80000dfa (0x01a9e833) or      a6, s3, s10
core   0: 3 0x80000dfa (0x01a9e833) x16 0x03b13b20
core   0: 0x80000dfe (0x0321e233) rem     tp, gp, s2
core   0: 3 0x80000dfe (0x0321e233) x 4 0x0001ffff
core   0: 0x80000e02 (0x0000100f) fence.i
core   0: 3 0x80000e02 (0x0000100f)
core   0: 0x80000e06 (0x02c4c3b3) div     t2, s1, a2
core   0: 3 0x80000e06 (0x02c4c3b3) x 7 0x00000134
core   0: 0x80000e0a (0x00008da5) c.xor   a1, s1
core   0: 3 0x80000e0a (0x8da5) x11 0x00040605
core   0: 0x80000e0c (0x0000611d) c.addi16sp sp, 416
core   0: 3 0x80000e0c (0x611d) x 2 0x00000339
core   0: 0x80000e0e (0x00008c25) c.xor   s0, s1
core   0: 3 0x80000e0e (0x8c25) x 8 0x00040605
core   0: 0x80000e10 (0x014af433) and     s0, s5, s4
core   0: 3 0x80000e10 (0x014af433) x 8 0x00000000
core   0: 0x80000e14 (0x0000f7cd) c.bnez  a5, pc - 86
core   0: 3 0x80000e14 (0xf7cd)
core   0: 0x80000dbe (0x00000001) c.nop
core   0: 3 0x80000dbe (0x0001)
core   0: 0x80000dc0 (0x000084b5) c.srai  s1, 13
core   0: 3 0x80000dc0 (0x84b5) x 9 0x00000000
core   0: 0x80000dc2 (0x017ac8b3) xor     a7, s5, s7
core   0: 3 0x80000dc2 (0x017ac8b3) x17 0x80026ce4
core   0: 0x80000dc6 (0x000017f5) c.addi  a5, -3
core   0: 3 0x80000dc6 (0x17f5) x15 0x00000000
core   0: 0x80000dc8 (0x00a264b3) or      s1, tp, a0
core   0: 3 0x80000dc8 (0x00a264b3) x 9 0x0001ffff
core   0: 0x80000dcc (0x00025233) srl     tp, tp, zero
core   0: 3 0x80000dcc (0x00025233) x 4 0x0001ffff
core   0: 0x80000dd0 (0x02749d33) mulh    s10, s1, t2
core   0: 3 0x80000dd0 (0x02749d33) x26 0x00000000
core   0: 0x80000dd4 (0x00900693) li      a3, 9
core   0: 3 0x80000dd4 (0x00900693) x13 0x00000009
core   0: 0x80000dd8 (0x00006cbd) c.lui   s9, 0xf
core   0: 3 0x80000dd8 (0x6cbd) x25 0x0000f000
core   0: 0x80000dda (0x00008c86) c.mv    s9, ra
core   0: 3 0x80000dda (0x8c86) x25 0x0000ca00
core   0: 0x80000ddc (0x00c2df13) srli    t5, t0, 12
core   0: 3 0x80000ddc (0x00c2df13) x30 0x00013b13
core   0: 0x80000de0 (0x0000100f) fence.i
core   0: 3 0x80000de0 (0x0000100f)
core   0: 0x80000de4 (0x00006259) c.lui   tp, 0x16
core   0: 3 0x80000de4 (0x6259) x 4 0x00016000
core   0: 0x80000de6 (0x00600313) li      t1, 6
core   0: 3 0x80000de6 (0x00600313) x 6 0x00000006
core   0: 0x80000dea (0x01512ab3) slt     s5, sp, s5
core   0: 3 0x80000dea (0x01512ab3) x21 0x00000000
core   0: 0x80000dee (0x00000001) c.nop
core   0: 3 0x80000dee (0x0001)
core   0: 0x80000df0 (0x000016fd) c.addi  a3, -1
core   0: 3 0x80000df0 (0x16fd) x13 0x00000008
core   0: 0x80000df2 (0xfe66fee3) bgeu    a3, t1, pc - 4
core   0: 3 0x80000df2 (0xfe66fee3)
core   0: 0x80000dee (0x00000001) c.nop
core   0: 3 0x80000dee (0x0001)
core   0: 0x80000df0 (0x000016fd) c.addi  a3, -1
core   0: 3 0x80000df0 (0x16fd) x13 0x00000007
core   0: 0x80000df2 (0xfe66fee3) bgeu    a3, t1, pc - 4
core   0: 3 0x80000df2 (0xfe66fee3)
core   0: 0x80000dee (0x00000001) c.nop
core   0: 3 0x80000dee (0x0001)
core   0: 0x80000df0 (0x000016fd) c.addi  a3, -1
core   0: 3 0x80000df0 (0x16fd) x13 0x00000006
core   0: 0x80000df2 (0xfe66fee3) bgeu    a3, t1, pc - 4
core   0: 3 0x80000df2 (0xfe66fee3)
core   0: 0x80000dee (0x00000001) c.nop
core   0: 3 0x80000dee (0x0001)
core   0: 0x80000df0 (0x000016fd) c.addi  a3, -1
core   0: 3 0x80000df0 (0x16fd) x13 0x00000005
core   0: 0x80000df2 (0xfe66fee3) bgeu    a3, t1, pc - 4
core   0: 3 0x80000df2 (0xfe66fee3)
core   0: 0x80000df6 (0x02937833) remu    a6, t1, s1
core   0: 3 0x80000df6 (0x02937833) x16 0x00000006
core   0: 0x80000dfa (0x01a9e833) or      a6, s3, s10
core   0: 3 0x80000dfa (0x01a9e833) x16 0x03b13b00
core   0: 0x80000dfe (0x0321e233) rem     tp, gp, s2
core   0: 3 0x80000dfe (0x0321e233) x 4 0x0001ffff
core   0: 0x80000e02 (0x0000100f) fence.i
core   0: 3 0x80000e02 (0x0000100f)
core   0: 0x80000e06 (0x02c4c3b3) div     t2, s1, a2
core   0: 3 0x80000e06 (0x02c4c3b3) x 7 0x00006666
core   0: 0x80000e0a (0x00008da5) c.xor   a1, s1
core   0: 3 0x80000e0a (0x8da5) x11 0x0005f9fa
core   0: 0x80000e0c (0x0000611d) c.addi16sp sp, 416
core   0: 3 0x80000e0c (0x611d) x 2 0x000004d9
core   0: 0x80000e0e (0x00008c25) c.xor   s0, s1
core   0: 3 0x80000e0e (0x8c25) x 8 0x0001ffff
core   0: 0x80000e10 (0x014af433) and     s0, s5, s4
core   0: 3 0x80000e10 (0x014af433) x 8 0x00000000
core   0: 0x80000e14 (0x0000f7cd) c.bnez  a5, pc - 86
core   0: 3 0x80000e14 (0xf7cd)
core   0: 0x80000e16 (0xe09ced13) ori     s10, s9, -503
core   0: 3 0x80000e16 (0xe09ced13) x26 0xfffffe09
core   0: 0x80000e1a (0x00a00693) li      a3, 10
core   0: 3 0x80000e1a (0x00a00693) x13 0x0000000a
core   0: 0x80000e1e (0x00f737b3) sltu    a5, a4, a5
core   0: 3 0x80000e1e (0x00f737b3) x15 0x00000000
core   0: 0x80000e22 (0x00000001) c.nop
core   0: 3 0x80000e22 (0x0001)
core   0: 0x80000e24 (0x02338633) mul     a2, t2, gp
core   0: 3 0x80000e24 (0x02338633) x12 0xcccb999a
core   0: 0x80000e28 (0x00000001) c.nop
core   0: 3 0x80000e28 (0x0001)
core   0: 0x80000e2a (0xb4fb3e93) sltiu   t4, s6, -1201
core   0: 3 0x80000e2a (0xb4fb3e93) x29 0x00000001
core   0: 0x80000e2e (0x00dde133) or      sp, s11, a3
core   0: 3 0x80000e2e (0x00dde133) x 2 0x0000000a
core   0: 0x80000e32 (0x000016d9) c.addi  a3, -10
core   0: 3 0x80000e32 (0x16d9) x13 0x00000000
core   0: 0x80000e34 (0x00001390) c.addi4spn a2, sp, 480
core   0: 3 0x80000e34 (0x1390) x12 0x000001ea
core   0: 0x80000e36 (0x033aab33) mulhsu  s6, s5, s3
core   0: 3 0x80000e36 (0x033aab33) x22 0x00000000
core   0: 0x80000e3a (0xffb00393) li      t2, -5
core   0: 3 0x80000e3a (0xffb00393) x 7 0xfffffffb
core   0: 0x80000e3e (0x7be72e93) slti    t4, a4, 1982
core   0: 3 0x80000e3e (0x7be72e93) x29 0x00000001
core   0: 0x80000e42 (0x0000717d) c.addi16sp sp, -16
core   0: 3 0x80000e42 (0x717d) x 2 0xfffffffa
core   0: 0x80000e44 (0x03787233) remu    tp, a6, s7
core   0: 3 0x80000e44 (0x03787233) x 4 0x03b13b00
core   0: 0x80000e48 (0x03e034b3) mulhu   s1, zero, t5
core   0: 3 0x80000e48 (0x03e034b3) x 9 0x00000000
core   0: 0x80000e4c (0x00200413) li      s0, 2
core   0: 3 0x80000e4c (0x00200413) x 8 0x00000002
core   0: 0x80000e50 (0x00008c95) c.sub   s1, a3
core   0: 3 0x80000e50 (0x8c95) x 9 0x00000000
core   0: 0x80000e52 (0x00000001) c.nop
core   0: 3 0x80000e52 (0x0001)
core   0: 0x80000e54 (0x02c8eeb3) rem     t4, a7, a2
core   0: 3 0x80000e54 (0x02c8eeb3) x29 0xffffff6a
core   0: 0x80000e58 (0x0000039d) c.addi  t2, 7
core   0: 3 0x80000e58 (0x039d) x 7 0x00000002
core   0: 0x80000e5a (0x018427b3) slt     a5, s0, s8
core   0: 3 0x80000e5a (0x018427b3) x15 0x00000001
core   0: 0x80000e5e (0x0151b4b3) sltu    s1, gp, s5
core   0: 3 0x80000e5e (0x0151b4b3) x 9 0x00000000
core   0: 0x80000e62 (0x4157d113) srai    sp, a5, 21
core   0: 3 0x80000e62 (0x4157d113) x 2 0x00000000
core   0: 0x80000e66 (0xfe83e6e3) bltu    t2, s0, pc - 20
core   0: 3 0x80000e66 (0xfe83e6e3)
core   0: 0x80000e6a (0x021c6233) rem     tp, s8, ra
core   0: 3 0x80000e6a (0x021c6233) x 4 0x0000000d
core   0: 0x80000e6e (0x1dcbbe93) sltiu   t4, s7, 476
core   0: 3 0x80000e6e (0x1dcbbe93) x29 0x00000000
core   0: 0x80000e72 (0x00006cf9) c.lui   s9, 0x1e
core   0: 3 0x80000e72 (0x6cf9) x25 0x0001e000
core   0: 0x80000e74 (0x00008e11) c.sub   a2, a2
core   0: 3 0x80000e74 (0x8e11) x12 0x00000000
core   0: 0x80000e76 (0x189b2e93) slti    t4, s6, 393
core   0: 3 0x80000e76 (0x189b2e93) x29 0x00000001
core   0: 0x80000e7a (0x03b448b3) div     a7, s0, s11
core   0: 3 0x80000e7a (0x03b448b3) x17 0x00000000
core   0: 0x80000e7e (0x0000d6d5) c.beqz  a3, pc - 84
core   0: 3 0x80000e7e (0xd6d5)
core   0: 0x80000e2a (0xb4fb3e93) sltiu   t4, s6, -1201
core   0: 3 0x80000e2a (0xb4fb3e93) x29 0x00000001
core   0: 0x80000e2e (0x00dde133) or      sp, s11, a3
core   0: 3 0x80000e2e (0x00dde133) x 2 0x0000000a
core   0: 0x80000e32 (0x000016d9) c.addi  a3, -10
core   0: 3 0x80000e32 (0x16d9) x13 0xfffffff6
core   0: 0x80000e34 (0x00001390) c.addi4spn a2, sp, 480
core   0: 3 0x80000e34 (0x1390) x12 0x000001ea
core   0: 0x80000e36 (0x033aab33) mulhsu  s6, s5, s3
core   0: 3 0x80000e36 (0x033aab33) x22 0x00000000
core   0: 0x80000e3a (0xffb00393) li      t2, -5
core   0: 3 0x80000e3a (0xffb00393) x 7 0xfffffffb
core   0: 0x80000e3e (0x7be72e93) slti    t4, a4, 1982
core   0: 3 0x80000e3e (0x7be72e93) x29 0x00000001
core   0: 0x80000e42 (0x0000717d) c.addi16sp sp, -16
core   0: 3 0x80000e42 (0x717d) x 2 0xfffffffa
core   0: 0x80000e44 (0x03787233) remu    tp, a6, s7
core   0: 3 0x80000e44 (0x03787233) x 4 0x03b13b00
core   0: 0x80000e48 (0x03e034b3) mulhu   s1, zero, t5
core   0: 3 0x80000e48 (0x03e034b3) x 9 0x00000000
core   0: 0x80000e4c (0x00200413) li      s0, 2
core   0: 3 0x80000e4c (0x00200413) x 8 0x00000002
core   0: 0x80000e50 (0x00008c95) c.sub   s1, a3
core   0: 3 0x80000e50 (0x8c95) x 9 0x0000000a
core   0: 0x80000e52 (0x00000001) c.nop
core   0: 3 0x80000e52 (0x0001)
core   0: 0x80000e54 (0x02c8eeb3) rem     t4, a7, a2
core   0: 3 0x80000e54 (0x02c8eeb3) x29 0x00000000
core   0: 0x80000e58 (0x0000039d) c.addi  t2, 7
core   0: 3 0x80000e58 (0x039d) x 7 0x00000002
core   0: 0x80000e5a (0x018427b3) slt     a5, s0, s8
core   0: 3 0x80000e5a (0x018427b3) x15 0x00000001
core   0: 0x80000e5e (0x0151b4b3) sltu    s1, gp, s5
core   0: 3 0x80000e5e (0x0151b4b3) x 9 0x00000000
core   0: 0x80000e62 (0x4157d113) srai    sp, a5, 21
core   0: 3 0x80000e62 (0x4157d113) x 2 0x00000000
core   0: 0x80000e66 (0xfe83e6e3) bltu    t2, s0, pc - 20
core   0: 3 0x80000e66 (0xfe83e6e3)
core   0: 0x80000e6a (0x021c6233) rem     tp, s8, ra
core   0: 3 0x80000e6a (0x021c6233) x 4 0x0000000d
core   0: 0x80000e6e (0x1dcbbe93) sltiu   t4, s7, 476
core   0: 3 0x80000e6e (0x1dcbbe93) x29 0x00000000
core   0: 0x80000e72 (0x00006cf9) c.lui   s9, 0x1e
core   0: 3 0x80000e72 (0x6cf9) x25 0x0001e000
core   0: 0x80000e74 (0x00008e11) c.sub   a2, a2
core   0: 3 0x80000e74 (0x8e11) x12 0x00000000
core   0: 0x80000e76 (0x189b2e93) slti    t4, s6, 393
core   0: 3 0x80000e76 (0x189b2e93) x29 0x00000001
core   0: 0x80000e7a (0x03b448b3) div     a7, s0, s11
core   0: 3 0x80000e7a (0x03b448b3) x17 0x00000000
core   0: 0x80000e7e (0x0000d6d5) c.beqz  a3, pc - 84
core   0: 3 0x80000e7e (0xd6d5)
core   0: 0x80000e80 (0x00008d69) c.and   a0, a0
core   0: 3 0x80000e80 (0x8d69) x10 0x00000605
core   0: 0x80000e82 (0xffc00413) li      s0, -4
core   0: 3 0x80000e82 (0xffc00413) x 8 0xfffffffc
core   0: 0x80000e86 (0x033e50b3) divu    ra, t3, s3
core   0: 3 0x80000e86 (0x033e50b3) x 1 0x00000022
core   0: 0x80000e8a (0x00100d13) li      s10, 1
core   0: 3 0x80000e8a (0x00100d13) x26 0x00000001
core   0: 0x80000e8e (0x00001590) c.addi4spn a2, sp, 736
core   0: 3 0x80000e8e (0x1590) x12 0x000002e0
core   0: 0x80000e90 (0x00d44033) xor     zero, s0, a3
core   0: 3 0x80000e90 (0x00d44033)
core   0: 0x80000e94 (0x00000415) c.addi  s0, 5
core   0: 3 0x80000e94 (0x0415) x 8 0x00000001
core   0: 0x80000e96 (0x036e8eb3) mul     t4, t4, s6
core   0: 3 0x80000e96 (0x036e8eb3) x29 0x00000000
core   0: 0x80000e9a (0x00100693) li      a3, 1
core   0: 3 0x80000e9a (0x00100693) x13 0x00000001
core   0: 0x80000e9e (0x0000657d) c.lui   a0, 0x1f
core   0: 3 0x80000e9e (0x657d) x10 0x0001f000
core   0: 0x80000ea0 (0xff900f13) li      t5, -7
core   0: 3 0x80000ea0 (0xff900f13) x30 0xfffffff9
core   0: 0x80000ea4 (0x00001b7d) c.addi  s6, -1
core   0: 3 0x80000ea4 (0x1b7d) x22 0xffffffff
core   0: 0x80000ea6 (0x000016e1) c.addi  a3, -8
core   0: 3 0x80000ea6 (0x16e1) x13 0xfffffff9
core   0: 0x80000ea8 (0xffe6dee3) bge     a3, t5, pc - 4
core   0: 3 0x80000ea8 (0xffe6dee3)
core   0: 0x80000ea4 (0x00001b7d) c.addi  s6, -1
core   0: 3 0x80000ea4 (0x1b7d) x22 0xfffffffe
core   0: 0x80000ea6 (0x000016e1) c.addi  a3, -8
core   0: 3 0x80000ea6 (0x16e1) x13 0xfffffff1
core   0: 0x80000ea8 (0xffe6dee3) bge     a3, t5, pc - 4
core   0: 3 0x80000ea8 (0xffe6dee3)
core   0: 0x80000eac (0xffa411e3) bne     s0, s10, pc - 30
core   0: 3 0x80000eac (0xffa411e3)
core   0: 0x80000eb0 (0x00008d7d) c.and   a0, a5
core   0: 3 0x80000eb0 (0x8d7d) x10 0x00000000
core   0: 0x80000eb2 (0x00900813) li      a6, 9
core   0: 3 0x80000eb2 (0x00900813) x16 0x00000009
core   0: 0x80000eb6 (0x001c91b3) sll     gp, s9, ra
core   0: 3 0x80000eb6 (0x001c91b3) x 3 0x00078000
core   0: 0x80000eba (0x0ff0000f) fence   iorw,iorw
core   0: 3 0x80000eba (0x0ff0000f)
core   0: 0x80000ebe (0xff900993) li      s3, -7
core   0: 3 0x80000ebe (0xff900993) x19 0xfffffff9
core   0: 0x80000ec2 (0x00008f41) c.or    a4, s0
core   0: 3 0x80000ec2 (0x8f41) x14 0x00000001
core   0: 0x80000ec4 (0x00001861) c.addi  a6, -8
core   0: 3 0x80000ec4 (0x1861) x16 0x00000001
core   0: 0x80000ec6 (0x41a288b3) sub     a7, t0, s10
core   0: 3 0x80000ec6 (0x41a288b3) x17 0x13b13d87
core   0: 0x80000eca (0x00000413) li      s0, 0
core   0: 3 0x80000eca (0x00000413) x 8 0x00000000
core   0: 0x80000ece (0x40475c33) sra     s8, a4, tp
core   0: 3 0x80000ece (0x40475c33) x24 0x00000000
core   0: 0x80000ed2 (0x00169493) slli    s1, a3, 1
core   0: 3 0x80000ed2 (0x00169493) x 9 0xffffffe2
core   0: 0x80000ed6 (0xffa00693) li      a3, -6
core   0: 3 0x80000ed6 (0xffa00693) x13 0xfffffffa
core   0: 0x80000eda (0x40ba8db3) sub     s11, s5, a1
core   0: 3 0x80000eda (0x40ba8db3) x27 0xfffa0606
core   0: 0x80000ede (0x00001469) c.addi  s0, -6
core   0: 3 0x80000ede (0x1469) x 8 0xfffffffa
core   0: 0x80000ee0 (0x00000001) c.nop
core   0: 3 0x80000ee0 (0x0001)
core   0: 0x80000ee2 (0x011ea233) slt     tp, t4, a7
core   0: 3 0x80000ee2 (0x011ea233) x 4 0x00000001
core   0: 0x80000ee6 (0x01b988b3) add     a7, s3, s11
core   0: 3 0x80000ee6 (0x01b988b3) x17 0xfffa05ff
core   0: 0x80000eea (0xfed418e3) bne     s0, a3, pc - 16
core   0: 3 0x80000eea (0xfed418e3)
core   0: 0x80000eee (0x40b35d33) sra     s10, t1, a1
core   0: 3 0x80000eee (0x40b35d33) x26 0x00000000
core   0: 0x80000ef2 (0x40ad5313) srai    t1, s10, 10
core   0: 3 0x80000ef2 (0x40ad5313) x 6 0x00000000
core   0: 0x80000ef6 (0x01aea7b3) slt     a5, t4, s10
core   0: 3 0x80000ef6 (0x01aea7b3) x15 0x00000000
core   0: 0x80000efa (0xa61f4513) xori    a0, t5, -1439
core   0: 3 0x80000efa (0xa61f4513) x10 0x00000598
core   0: 0x80000efe (0xfd3812e3) bne     a6, s3, pc - 60
core   0: 3 0x80000efe (0xfd3812e3)
core   0: 0x80000ec2 (0x00008f41) c.or    a4, s0
core   0: 3 0x80000ec2 (0x8f41) x14 0xfffffffb
core   0: 0x80000ec4 (0x00001861) c.addi  a6, -8
core   0: 3 0x80000ec4 (0x1861) x16 0xfffffff9
core   0: 0x80000ec6 (0x41a288b3) sub     a7, t0, s10
core   0: 3 0x80000ec6 (0x41a288b3) x17 0x13b13d88
core   0: 0x80000eca (0x00000413) li      s0, 0
core   0: 3 0x80000eca (0x00000413) x 8 0x00000000
core   0: 0x80000ece (0x40475c33) sra     s8, a4, tp
core   0: 3 0x80000ece (0x40475c33) x24 0xfffffffd
core   0: 0x80000ed2 (0x00169493) slli    s1, a3, 1
core   0: 3 0x80000ed2 (0x00169493) x 9 0xfffffff4
core   0: 0x80000ed6 (0xffa00693) li      a3, -6
core   0: 3 0x80000ed6 (0xffa00693) x13 0xfffffffa
core   0: 0x80000eda (0x40ba8db3) sub     s11, s5, a1
core   0: 3 0x80000eda (0x40ba8db3) x27 0xfffa0606
core   0: 0x80000ede (0x00001469) c.addi  s0, -6
core   0: 3 0x80000ede (0x1469) x 8 0xfffffffa
core   0: 0x80000ee0 (0x00000001) c.nop
core   0: 3 0x80000ee0 (0x0001)
core   0: 0x80000ee2 (0x011ea233) slt     tp, t4, a7
core   0: 3 0x80000ee2 (0x011ea233) x 4 0x00000001
core   0: 0x80000ee6 (0x01b988b3) add     a7, s3, s11
core   0: 3 0x80000ee6 (0x01b988b3) x17 0xfffa05ff
core   0: 0x80000eea (0xfed418e3) bne     s0, a3, pc - 16
core   0: 3 0x80000eea (0xfed418e3)
core   0: 0x80000eee (0x40b35d33) sra     s10, t1, a1
core   0: 3 0x80000eee (0x40b35d33) x26 0x00000000
core   0: 0x80000ef2 (0x40ad5313) srai    t1, s10, 10
core   0: 3 0x80000ef2 (0x40ad5313) x 6 0x00000000
core   0: 0x80000ef6 (0x01aea7b3) slt     a5, t4, s10
core   0: 3 0x80000ef6 (0x01aea7b3) x15 0x00000000
core   0: 0x80000efa (0xa61f4513) xori    a0, t5, -1439
core   0: 3 0x80000efa (0xa61f4513) x10 0x00000598
core   0: 0x80000efe (0xfd3812e3) bne     a6, s3, pc - 60
core   0: 3 0x80000efe (0xfd3812e3)
core   0: 0x80000f02 (0x000092ea) c.add   t0, s10
core   0: 3 0x80000f02 (0x92ea) x 5 0x13b13d88
core   0: 0x80000f04 (0xff900493) li      s1, -7
core   0: 3 0x80000f04 (0xff900493) x 9 0xfffffff9
core   0: 0x80000f08 (0x00000001) c.nop
core   0: 3 0x80000f08 (0x0001)
core   0: 0x80000f0a (0x00008d91) c.sub   a1, a2
core   0: 3 0x80000f0a (0x8d91) x11 0x0005f71a
core   0: 0x80000f0c (0x0000047e) c.slli  s0, 31
core   0: 3 0x80000f0c (0x047e) x 8 0x00000000
core   0: 0x80000f0e (0x005e0133) add     sp, t3, t0
core   0: 3 0x80000f0e (0x005e0133) x 2 0x93b36bec
core   0: 0x80000f12 (0x40138533) sub     a0, t2, ra
core   0: 3 0x80000f12 (0x40138533) x10 0xffffffe0
core   0: 0x80000f16 (0x00008d31) c.xor   a0, a2
core   0: 3 0x80000f16 (0x8d31) x10 0xfffffd00
core   0: 0x80000f18 (0x00008d4d) c.or    a0, a1
core   0: 3 0x80000f18 (0x8d4d) x10 0xffffff1a
core   0: 0x80000f1a (0x013442b3) xor     t0, s0, s3
core   0: 3 0x80000f1a (0x013442b3) x 5 0xfffffff9
core   0: 0x80000f1e (0x000081f5) c.srli  a1, 29
core   0: 3 0x80000f1e (0x81f5) x11 0x00000000
core   0: 0x80000f20 (0x00000001) c.nop
core   0: 3 0x80000f20 (0x0001)
core   0: 0x80000f22 (0x000472b3) and     t0, s0, zero
core   0: 3 0x80000f22 (0x000472b3) x 5 0x00000000
core   0: 0x80000f26 (0x00008d25) c.xor   a0, s1
core   0: 3 0x80000f26 (0x8d25) x10 0x000000e3
core   0: 0x80000f28 (0x40df89b3) sub     s3, t6, a3
core   0: 3 0x80000f28 (0x40df89b3) x19 0x84000006
core   0: 0x80000f2c (0x0000043e) c.slli  s0, 15
core   0: 3 0x80000f2c (0x043e) x 8 0x00000000
core   0: 0x80000f2e (0x8b2a6713) ori     a4, s4, -1870
core   0: 3 0x80000f2e (0x8b2a6713) x14 0xfffff8b2
core   0: 0x80000f32 (0x00000485) c.addi  s1, 1
core   0: 3 0x80000f32 (0x0485) x 9 0xfffffffa
core   0: 0x80000f34 (0x00000e94) c.addi4spn a3, sp, 848
core   0: 3 0x80000f34 (0x0e94) x13 0x93b36f3c
core   0: 0x80000f36 (0x00006f31) c.lui   t5, 0xc
core   0: 3 0x80000f36 (0x6f31) x30 0x0000c000
core   0: 0x80000f38 (0x0000100f) fence.i
core   0: 3 0x80000f38 (0x0000100f)
core   0: 0x80000f3c (0x00e2d693) srli    a3, t0, 14
core   0: 3 0x80000f3c (0x00e2d693) x13 0x00000000
core   0: 0x80000f40 (0x0000f4fd) c.bnez  s1, pc - 18
core   0: 3 0x80000f40 (0xf4fd)
core   0: 0x80000f2e (0x8b2a6713) ori     a4, s4, -1870
core   0: 3 0x80000f2e (0x8b2a6713) x14 0xfffff8b2
core   0: 0x80000f32 (0x00000485) c.addi  s1, 1
core   0: 3 0x80000f32 (0x0485) x 9 0xfffffffb
core   0: 0x80000f34 (0x00000e94) c.addi4spn a3, sp, 848
core   0: 3 0x80000f34 (0x0e94) x13 0x93b36f3c
core   0: 0x80000f36 (0x00006f31) c.lui   t5, 0xc
core   0: 3 0x80000f36 (0x6f31) x30 0x0000c000
core   0: 0x80000f38 (0x0000100f) fence.i
core   0: 3 0x80000f38 (0x0000100f)
core   0: 0x80000f3c (0x00e2d693) srli    a3, t0, 14
core   0: 3 0x80000f3c (0x00e2d693) x13 0x00000000
core   0: 0x80000f40 (0x0000f4fd) c.bnez  s1, pc - 18
core   0: 3 0x80000f40 (0xf4fd)
core   0: 0x80000f2e (0x8b2a6713) ori     a4, s4, -1870
core   0: 3 0x80000f2e (0x8b2a6713) x14 0xfffff8b2
core   0: 0x80000f32 (0x00000485) c.addi  s1, 1
core   0: 3 0x80000f32 (0x0485) x 9 0xfffffffc
core   0: 0x80000f34 (0x00000e94) c.addi4spn a3, sp, 848
core   0: 3 0x80000f34 (0x0e94) x13 0x93b36f3c
core   0: 0x80000f36 (0x00006f31) c.lui   t5, 0xc
core   0: 3 0x80000f36 (0x6f31) x30 0x0000c000
core   0: 0x80000f38 (0x0000100f) fence.i
core   0: 3 0x80000f38 (0x0000100f)
core   0: 0x80000f3c (0x00e2d693) srli    a3, t0, 14
core   0: 3 0x80000f3c (0x00e2d693) x13 0x00000000
core   0: 0x80000f40 (0x0000f4fd) c.bnez  s1, pc - 18
core   0: 3 0x80000f40 (0xf4fd)
core   0: 0x80000f2e (0x8b2a6713) ori     a4, s4, -1870
core   0: 3 0x80000f2e (0x8b2a6713) x14 0xfffff8b2
core   0: 0x80000f32 (0x00000485) c.addi  s1, 1
core   0: 3 0x80000f32 (0x0485) x 9 0xfffffffd
core   0: 0x80000f34 (0x00000e94) c.addi4spn a3, sp, 848
core   0: 3 0x80000f34 (0x0e94) x13 0x93b36f3c
core   0: 0x80000f36 (0x00006f31) c.lui   t5, 0xc
core   0: 3 0x80000f36 (0x6f31) x30 0x0000c000
core   0: 0x80000f38 (0x0000100f) fence.i
core   0: 3 0x80000f38 (0x0000100f)
core   0: 0x80000f3c (0x00e2d693) srli    a3, t0, 14
core   0: 3 0x80000f3c (0x00e2d693) x13 0x00000000
core   0: 0x80000f40 (0x0000f4fd) c.bnez  s1, pc - 18
core   0: 3 0x80000f40 (0xf4fd)
core   0: 0x80000f2e (0x8b2a6713) ori     a4, s4, -1870
core   0: 3 0x80000f2e (0x8b2a6713) x14 0xfffff8b2
core   0: 0x80000f32 (0x00000485) c.addi  s1, 1
core   0: 3 0x80000f32 (0x0485) x 9 0xfffffffe
core   0: 0x80000f34 (0x00000e94) c.addi4spn a3, sp, 848
core   0: 3 0x80000f34 (0x0e94) x13 0x93b36f3c
core   0: 0x80000f36 (0x00006f31) c.lui   t5, 0xc
core   0: 3 0x80000f36 (0x6f31) x30 0x0000c000
core   0: 0x80000f38 (0x0000100f) fence.i
core   0: 3 0x80000f38 (0x0000100f)
core   0: 0x80000f3c (0x00e2d693) srli    a3, t0, 14
core   0: 3 0x80000f3c (0x00e2d693) x13 0x00000000
core   0: 0x80000f40 (0x0000f4fd) c.bnez  s1, pc - 18
core   0: 3 0x80000f40 (0xf4fd)
core   0: 0x80000f2e (0x8b2a6713) ori     a4, s4, -1870
core   0: 3 0x80000f2e (0x8b2a6713) x14 0xfffff8b2
core   0: 0x80000f32 (0x00000485) c.addi  s1, 1
core   0: 3 0x80000f32 (0x0485) x 9 0xffffffff
core   0: 0x80000f34 (0x00000e94) c.addi4spn a3, sp, 848
core   0: 3 0x80000f34 (0x0e94) x13 0x93b36f3c
core   0: 0x80000f36 (0x00006f31) c.lui   t5, 0xc
core   0: 3 0x80000f36 (0x6f31) x30 0x0000c000
core   0: 0x80000f38 (0x0000100f) fence.i
core   0: 3 0x80000f38 (0x0000100f)
core   0: 0x80000f3c (0x00e2d693) srli    a3, t0, 14
core   0: 3 0x80000f3c (0x00e2d693) x13 0x00000000
core   0: 0x80000f40 (0x0000f4fd) c.bnez  s1, pc - 18
core   0: 3 0x80000f40 (0xf4fd)
core   0: 0x80000f2e (0x8b2a6713) ori     a4, s4, -1870
core   0: 3 0x80000f2e (0x8b2a6713) x14 0xfffff8b2
core   0: 0x80000f32 (0x00000485) c.addi  s1, 1
core   0: 3 0x80000f32 (0x0485) x 9 0x00000000
core   0: 0x80000f34 (0x00000e94) c.addi4spn a3, sp, 848
core   0: 3 0x80000f34 (0x0e94) x13 0x93b36f3c
core   0: 0x80000f36 (0x00006f31) c.lui   t5, 0xc
core   0: 3 0x80000f36 (0x6f31) x30 0x0000c000
core   0: 0x80000f38 (0x0000100f) fence.i
core   0: 3 0x80000f38 (0x0000100f)
core   0: 0x80000f3c (0x00e2d693) srli    a3, t0, 14
core   0: 3 0x80000f3c (0x00e2d693) x13 0x00000000
core   0: 0x80000f40 (0x0000f4fd) c.bnez  s1, pc - 18
core   0: 3 0x80000f40 (0xf4fd)
core   0: 0x80000f42 (0xfb0e0593) addi    a1, t3, -80
core   0: 3 0x80000f42 (0xfb0e0593) x11 0x80022e14
core   0: 0x80000f46 (0x00500593) li      a1, 5
core   0: 3 0x80000f46 (0x00500593) x11 0x00000005
core   0: 0x80000f4a (0x251fff93) andi    t6, t6, 593
core   0: 3 0x80000f4a (0x251fff93) x31 0x00000000
core   0: 0x80000f4e (0x00000001) c.nop
core   0: 3 0x80000f4e (0x0001)
core   0: 0x80000f50 (0x9010fc13) andi    s8, ra, -1791
core   0: 3 0x80000f50 (0x9010fc13) x24 0x00000000
core   0: 0x80000f54 (0x00000001) c.nop
core   0: 3 0x80000f54 (0x0001)
core   0: 0x80000f56 (0x000015fd) c.addi  a1, -1
core   0: 3 0x80000f56 (0x15fd) x11 0x00000004
core   0: 0x80000f58 (0x990bc713) xori    a4, s7, -1648
core   0: 3 0x80000f58 (0x990bc713) x14 0x7ffd9574
core   0: 0x80000f5c (0x00300093) li      ra, 3
core   0: 3 0x80000f5c (0x00300093) x 1 0x00000003
core   0: 0x80000f60 (0x00700d13) li      s10, 7
core   0: 3 0x80000f60 (0x00700d13) x26 0x00000007
core   0: 0x80000f64 (0x01c1e4b3) or      s1, gp, t3
core   0: 3 0x80000f64 (0x01c1e4b3) x 9 0x8007ae64
core   0: 0x80000f68 (0x000000a9) c.addi  ra, 10
core   0: 3 0x80000f68 (0x00a9) x 1 0x0000000d
core   0: 0x80000f6a (0x00b5d7b3) srl     a5, a1, a1
core   0: 3 0x80000f6a (0x00b5d7b3) x15 0x00000000
core   0: 0x80000f6e (0xffa0ebe3) bltu    ra, s10, pc - 10
core   0: 3 0x80000f6e (0xffa0ebe3)
core   0: 0x80000f72 (0x000062c1) c.lui   t0, 0x10
core   0: 3 0x80000f72 (0x62c1) x 5 0x00010000
core   0: 0x80000f74 (0x0000d1e5) c.beqz  a1, pc - 32
core   0: 3 0x80000f74 (0xd1e5)
core   0: 0x80000f76 (0x00000001) c.nop
core   0: 3 0x80000f76 (0x0001)
core   0: 0x80000f78 (0xffe00413) li      s0, -2
core   0: 3 0x80000f78 (0xffe00413) x 8 0xfffffffe
core   0: 0x80000f7c (0x00ba4db3) xor     s11, s4, a1
core   0: 3 0x80000f7c (0x00ba4db3) x27 0x80000004
core   0: 0x80000f80 (0x00009562) c.add   a0, s8
core   0: 3 0x80000f80 (0x9562) x10 0x000000e3
core   0: 0x80000f82 (0x0000614d) c.addi16sp sp, 176
core   0: 3 0x80000f82 (0x614d) x 2 0x93b36c9c
core   0: 0x80000f84 (0x000095da) c.add   a1, s6
core   0: 3 0x80000f84 (0x95da) x11 0x00000002
core   0: 0x80000f86 (0x00008659) c.srai  a2, 22
core   0: 3 0x80000f86 (0x8659) x12 0x00000000
core   0: 0x80000f88 (0x00000001) c.nop
core   0: 3 0x80000f88 (0x0001)
core   0: 0x80000f8a (0x09bcfd93) andi    s11, s9, 155
core   0: 3 0x80000f8a (0x09bcfd93) x27 0x00000000
core   0: 0x80000f8e (0x0000100f) fence.i
core   0: 3 0x80000f8e (0x0000100f)
core   0: 0x80000f92 (0x40a85b33) sra     s6, a6, a0
core   0: 3 0x80000f92 (0x40a85b33) x22 0xffffffff
core   0: 0x80000f96 (0x00000001) c.nop
core   0: 3 0x80000f96 (0x0001)
core   0: 0x80000f98 (0x0356c333) div     t1, a3, s5
core   0: 3 0x80000f98 (0x0356c333) x 6 0xffffffff
core   0: 0x80000f9c (0x037c7b33) remu    s6, s8, s7
core   0: 3 0x80000f9c (0x037c7b33) x22 0x00000000
core   0: 0x80000fa0 (0x00008ecd) c.or    a3, a1
core   0: 3 0x80000fa0 (0x8ecd) x13 0x00000002
core   0: 0x80000fa2 (0x00000409) c.addi  s0, 2
core   0: 3 0x80000fa2 (0x0409) x 8 0x00000000
core   0: 0x80000fa4 (0xff800893) li      a7, -8
core   0: 3 0x80000fa4 (0xff800893) x17 0xfffffff8
core   0: 0x80000fa8 (0xc25779b7) lui     s3, 0xc2577
core   0: 3 0x80000fa8 (0xc25779b7) x19 0xc2577000
core   0: 0x80000fac (0x000085b5) c.srai  a1, 13
core   0: 3 0x80000fac (0x85b5) x11 0x00000000
core   0: 0x80000fae (0xff300213) li      tp, -13
core   0: 3 0x80000fae (0xff300213) x 4 0xfffffff3
core   0: 0x80000fb2 (0x00008a71) c.andi  a2, 28
core   0: 3 0x80000fb2 (0x8a71) x12 0x00000000
core   0: 0x80000fb4 (0x00006149) c.addi16sp sp, 144
core   0: 3 0x80000fb4 (0x6149) x 2 0x93b36d2c
core   0: 0x80000fb6 (0x000018f1) c.addi  a7, -4
core   0: 3 0x80000fb6 (0x18f1) x17 0xfffffff4
core   0: 0x80000fb8 (0x40558d33) sub     s10, a1, t0
core   0: 3 0x80000fb8 (0x40558d33) x26 0xffff0000
core   0: 0x80000fbc (0x01bc82b3) add     t0, s9, s11
core   0: 3 0x80000fbc (0x01bc82b3) x 5 0x0001e000
core   0: 0x80000fc0 (0x41c98d33) sub     s10, s3, t3
core   0: 3 0x80000fc0 (0x41c98d33) x26 0x4255419c
core   0: 0x80000fc4 (0x000084cd) c.srai  s1, 19
core   0: 3 0x80000fc4 (0x84cd) x 9 0xfffff000
core   0: 0x80000fc6 (0x000e1c93) slli    s9, t3, 0
core   0: 3 0x80000fc6 (0x000e1c93) x25 0x80022e64
core   0: 0x80000fca (0x035739b3) mulhu   s3, a4, s5
core   0: 3 0x80000fca (0x035739b3) x19 0x00000000
core   0: 0x80000fce (0x000062fd) c.lui   t0, 0x1f
core   0: 3 0x80000fce (0x62fd) x 5 0x0001f000
core   0: 0x80000fd0 (0xfe48d1e3) bge     a7, tp, pc - 30
core   0: 3 0x80000fd0 (0xfe48d1e3)
core   0: 0x80000fb2 (0x00008a71) c.andi  a2, 28
core   0: 3 0x80000fb2 (0x8a71) x12 0x00000000
core   0: 0x80000fb4 (0x00006149) c.addi16sp sp, 144
core   0: 3 0x80000fb4 (0x6149) x 2 0x93b36dbc
core   0: 0x80000fb6 (0x000018f1) c.addi  a7, -4
core   0: 3 0x80000fb6 (0x18f1) x17 0xfffffff0
core   0: 0x80000fb8 (0x40558d33) sub     s10, a1, t0
core   0: 3 0x80000fb8 (0x40558d33) x26 0xfffe1000
core   0: 0x80000fbc (0x01bc82b3) add     t0, s9, s11
core   0: 3 0x80000fbc (0x01bc82b3) x 5 0x80022e64
core   0: 0x80000fc0 (0x41c98d33) sub     s10, s3, t3
core   0: 3 0x80000fc0 (0x41c98d33) x26 0x7ffdd19c
core   0: 0x80000fc4 (0x000084cd) c.srai  s1, 19
core   0: 3 0x80000fc4 (0x84cd) x 9 0xffffffff
core   0: 0x80000fc6 (0x000e1c93) slli    s9, t3, 0
core   0: 3 0x80000fc6 (0x000e1c93) x25 0x80022e64
core   0: 0x80000fca (0x035739b3) mulhu   s3, a4, s5
core   0: 3 0x80000fca (0x035739b3) x19 0x00000000
core   0: 0x80000fce (0x000062fd) c.lui   t0, 0x1f
core   0: 3 0x80000fce (0x62fd) x 5 0x0001f000
core   0: 0x80000fd0 (0xfe48d1e3) bge     a7, tp, pc - 30
core   0: 3 0x80000fd0 (0xfe48d1e3)
core   0: 0x80000fd4 (0x03126733) rem     a4, tp, a7
core   0: 3 0x80000fd4 (0x03126733) x14 0xfffffff3
core   0: 0x80000fd8 (0x034015b3) mulh    a1, zero, s4
core   0: 3 0x80000fd8 (0x034015b3) x11 0x00000000
core   0: 0x80000fdc (0x0000d061) c.beqz  s0, pc - 64
core   0: 3 0x80000fdc (0xd061)
core   0: 0x80000f9c (0x037c7b33) remu    s6, s8, s7
core   0: 3 0x80000f9c (0x037c7b33) x22 0x00000000
core   0: 0x80000fa0 (0x00008ecd) c.or    a3, a1
core   0: 3 0x80000fa0 (0x8ecd) x13 0x00000002
core   0: 0x80000fa2 (0x00000409) c.addi  s0, 2
core   0: 3 0x80000fa2 (0x0409) x 8 0x00000002
core   0: 0x80000fa4 (0xff800893) li      a7, -8
core   0: 3 0x80000fa4 (0xff800893) x17 0xfffffff8
core   0: 0x80000fa8 (0xc25779b7) lui     s3, 0xc2577
core   0: 3 0x80000fa8 (0xc25779b7) x19 0xc2577000
core   0: 0x80000fac (0x000085b5) c.srai  a1, 13
core   0: 3 0x80000fac (0x85b5) x11 0x00000000
core   0: 0x80000fae (0xff300213) li      tp, -13
core   0: 3 0x80000fae (0xff300213) x 4 0xfffffff3
core   0: 0x80000fb2 (0x00008a71) c.andi  a2, 28
core   0: 3 0x80000fb2 (0x8a71) x12 0x00000000
core   0: 0x80000fb4 (0x00006149) c.addi16sp sp, 144
core   0: 3 0x80000fb4 (0x6149) x 2 0x93b36e4c
core   0: 0x80000fb6 (0x000018f1) c.addi  a7, -4
core   0: 3 0x80000fb6 (0x18f1) x17 0xfffffff4
core   0: 0x80000fb8 (0x40558d33) sub     s10, a1, t0
core   0: 3 0x80000fb8 (0x40558d33) x26 0xfffe1000
core   0: 0x80000fbc (0x01bc82b3) add     t0, s9, s11
core   0: 3 0x80000fbc (0x01bc82b3) x 5 0x80022e64
core   0: 0x80000fc0 (0x41c98d33) sub     s10, s3, t3
core   0: 3 0x80000fc0 (0x41c98d33) x26 0x4255419c
core   0: 0x80000fc4 (0x000084cd) c.srai  s1, 19
core   0: 3 0x80000fc4 (0x84cd) x 9 0xffffffff
core   0: 0x80000fc6 (0x000e1c93) slli    s9, t3, 0
core   0: 3 0x80000fc6 (0x000e1c93) x25 0x80022e64
core   0: 0x80000fca (0x035739b3) mulhu   s3, a4, s5
core   0: 3 0x80000fca (0x035739b3) x19 0x00000000
core   0: 0x80000fce (0x000062fd) c.lui   t0, 0x1f
core   0: 3 0x80000fce (0x62fd) x 5 0x0001f000
core   0: 0x80000fd0 (0xfe48d1e3) bge     a7, tp, pc - 30
core   0: 3 0x80000fd0 (0xfe48d1e3)
core   0: 0x80000fb2 (0x00008a71) c.andi  a2, 28
core   0: 3 0x80000fb2 (0x8a71) x12 0x00000000
core   0: 0x80000fb4 (0x00006149) c.addi16sp sp, 144
core   0: 3 0x80000fb4 (0x6149) x 2 0x93b36edc
core   0: 0x80000fb6 (0x000018f1) c.addi  a7, -4
core   0: 3 0x80000fb6 (0x18f1) x17 0xfffffff0
core   0: 0x80000fb8 (0x40558d33) sub     s10, a1, t0
core   0: 3 0x80000fb8 (0x40558d33) x26 0xfffe1000
core   0: 0x80000fbc (0x01bc82b3) add     t0, s9, s11
core   0: 3 0x80000fbc (0x01bc82b3) x 5 0x80022e64
core   0: 0x80000fc0 (0x41c98d33) sub     s10, s3, t3
core   0: 3 0x80000fc0 (0x41c98d33) x26 0x7ffdd19c
core   0: 0x80000fc4 (0x000084cd) c.srai  s1, 19
core   0: 3 0x80000fc4 (0x84cd) x 9 0xffffffff
core   0: 0x80000fc6 (0x000e1c93) slli    s9, t3, 0
core   0: 3 0x80000fc6 (0x000e1c93) x25 0x80022e64
core   0: 0x80000fca (0x035739b3) mulhu   s3, a4, s5
core   0: 3 0x80000fca (0x035739b3) x19 0x00000000
core   0: 0x80000fce (0x000062fd) c.lui   t0, 0x1f
core   0: 3 0x80000fce (0x62fd) x 5 0x0001f000
core   0: 0x80000fd0 (0xfe48d1e3) bge     a7, tp, pc - 30
core   0: 3 0x80000fd0 (0xfe48d1e3)
core   0: 0x80000fd4 (0x03126733) rem     a4, tp, a7
core   0: 3 0x80000fd4 (0x03126733) x14 0xfffffff3
core   0: 0x80000fd8 (0x034015b3) mulh    a1, zero, s4
core   0: 3 0x80000fd8 (0x034015b3) x11 0x00000000
core   0: 0x80000fdc (0x0000d061) c.beqz  s0, pc - 64
core   0: 3 0x80000fdc (0xd061)
core   0: 0x80000fde (0x00008f35) c.xor   a4, a3
core   0: 3 0x80000fde (0x8f35) x14 0xfffffff1
core   0: 0x80000fe0 (0xffd00613) li      a2, -3
core   0: 3 0x80000fe0 (0xffd00613) x12 0xfffffffd
core   0: 0x80000fe4 (0x0380f133) remu    sp, ra, s8
core   0: 3 0x80000fe4 (0x0380f133) x 2 0x0000000d
core   0: 0x80000fe8 (0xa3a26837) lui     a6, 0xa3a26
core   0: 3 0x80000fe8 (0xa3a26837) x16 0xa3a26000
core   0: 0x80000fec (0x00045293) srli    t0, s0, 0
core   0: 3 0x80000fec (0x00045293) x 5 0x00000002
core   0: 0x80000ff0 (0x00004211) c.li    tp, 4
core   0: 3 0x80000ff0 (0x4211) x 4 0x00000004
core   0: 0x80000ff2 (0x00000001) c.nop
core   0: 3 0x80000ff2 (0x0001)
core   0: 0x80000ff4 (0x073e8b13) addi    s6, t4, 115
core   0: 3 0x80000ff4 (0x073e8b13) x22 0x00000073
core   0: 0x80000ff8 (0x417d87b3) sub     a5, s11, s7
core   0: 3 0x80000ff8 (0x417d87b3) x15 0x7ffd931c
core   0: 0x80000ffc (0x034fb933) mulhu   s2, t6, s4
core   0: 3 0x80000ffc (0x034fb933) x18 0x00000000
core   0: 0x80001000 (0x22a4f293) andi    t0, s1, 554
core   0: 3 0x80001000 (0x22a4f293) x 5 0x0000022a
core   0: 0x80001004 (0x00000605) c.addi  a2, 1
core   0: 3 0x80001004 (0x0605) x12 0xfffffffe
core   0: 0x80001006 (0x00929493) slli    s1, t0, 9
core   0: 3 0x80001006 (0x00929493) x 9 0x00045400
core   0: 0x8000100a (0x00001a00) c.addi4spn s0, sp, 304
core   0: 3 0x8000100a (0x1a00) x 8 0x0000013d
core   0: 0x8000100c (0x01da64b3) or      s1, s4, t4
core   0: 3 0x8000100c (0x01da64b3) x 9 0x80000000
core   0: 0x80001010 (0x0000597d) c.li    s2, -1
core   0: 3 0x80001010 (0x597d) x18 0xffffffff
core   0: 0x80001012 (0x0362f433) remu    s0, t0, s6
core   0: 3 0x80001012 (0x0362f433) x 8 0x0000005e
core   0: 0x80001016 (0x0000f66d) c.bnez  a2, pc - 22
core   0: 3 0x80001016 (0xf66d)
core   0: 0x80001000 (0x22a4f293) andi    t0, s1, 554
core   0: 3 0x80001000 (0x22a4f293) x 5 0x00000000
core   0: 0x80001004 (0x00000605) c.addi  a2, 1
core   0: 3 0x80001004 (0x0605) x12 0xffffffff
core   0: 0x80001006 (0x00929493) slli    s1, t0, 9
core   0: 3 0x80001006 (0x00929493) x 9 0x00000000
core   0: 0x8000100a (0x00001a00) c.addi4spn s0, sp, 304
core   0: 3 0x8000100a (0x1a00) x 8 0x0000013d
core   0: 0x8000100c (0x01da64b3) or      s1, s4, t4
core   0: 3 0x8000100c (0x01da64b3) x 9 0x80000000
core   0: 0x80001010 (0x0000597d) c.li    s2, -1
core   0: 3 0x80001010 (0x597d) x18 0xffffffff
core   0: 0x80001012 (0x0362f433) remu    s0, t0, s6
core   0: 3 0x80001012 (0x0362f433) x 8 0x00000000
core   0: 0x80001016 (0x0000f66d) c.bnez  a2, pc - 22
core   0: 3 0x80001016 (0xf66d)
core   0: 0x80001000 (0x22a4f293) andi    t0, s1, 554
core   0: 3 0x80001000 (0x22a4f293) x 5 0x00000000
core   0: 0x80001004 (0x00000605) c.addi  a2, 1
core   0: 3 0x80001004 (0x0605) x12 0x00000000
core   0: 0x80001006 (0x00929493) slli    s1, t0, 9
core   0: 3 0x80001006 (0x00929493) x 9 0x00000000
core   0: 0x8000100a (0x00001a00) c.addi4spn s0, sp, 304
core   0: 3 0x8000100a (0x1a00) x 8 0x0000013d
core   0: 0x8000100c (0x01da64b3) or      s1, s4, t4
core   0: 3 0x8000100c (0x01da64b3) x 9 0x80000000
core   0: 0x80001010 (0x0000597d) c.li    s2, -1
core   0: 3 0x80001010 (0x597d) x18 0xffffffff
core   0: 0x80001012 (0x0362f433) remu    s0, t0, s6
core   0: 3 0x80001012 (0x0362f433) x 8 0x00000000
core   0: 0x80001016 (0x0000f66d) c.bnez  a2, pc - 22
core   0: 3 0x80001016 (0xf66d)
core   0: 0x80001018 (0x02340cb3) mul     s9, s0, gp
core   0: 3 0x80001018 (0x02340cb3) x25 0x00000000
core   0: 0x8000101c (0x00200913) li      s2, 2
core   0: 3 0x8000101c (0x00200913) x18 0x00000002
core   0: 0x80001020 (0xfc988e93) addi    t4, a7, -55
core   0: 3 0x80001020 (0xfc988e93) x29 0xffffffb9
core   0: 0x80001024 (0x0000100f) fence.i
core   0: 3 0x80001024 (0x0000100f)
core   0: 0x80001028 (0x0000460d) c.li    a2, 3
core   0: 3 0x80001028 (0x460d) x12 0x00000003
core   0: 0x8000102a (0x00200c93) li      s9, 2
core   0: 3 0x8000102a (0x00200c93) x25 0x00000002
core   0: 0x8000102e (0x001385b3) add     a1, t2, ra
core   0: 3 0x8000102e (0x001385b3) x11 0x0000000f
core   0: 0x80001032 (0x0000918e) c.add   gp, gp
core   0: 3 0x80001032 (0x918e) x 3 0x000f0000
core   0: 0x80001034 (0x0000197d) c.addi  s2, -1
core   0: 3 0x80001034 (0x197d) x18 0x00000001
core   0: 0x80001036 (0x02dc00b3) mul     ra, s8, a3
core   0: 3 0x80001036 (0x02dc00b3) x 1 0x00000000
core   0: 0x8000103a (0x40fe5113) srai    sp, t3, 15
core   0: 3 0x8000103a (0x40fe5113) x 2 0xffff0004
core   0: 0x8000103e (0x002d1313) slli    t1, s10, 2
core   0: 3 0x8000103e (0x002d1313) x 6 0xfff74670
core   0: 0x80001042 (0x0061a833) slt     a6, gp, t1
core   0: 3 0x80001042 (0x0061a833) x16 0x00000000
core   0: 0x80001046 (0x00200713) li      a4, 2
core   0: 3 0x80001046 (0x00200713) x14 0x00000002
core   0: 0x8000104a (0x000009d5) c.addi  s3, 21
core   0: 3 0x8000104a (0x09d5) x19 0x00000015
core   0: 0x8000104c (0x00c00f93) li      t6, 12
core   0: 3 0x8000104c (0x00c00f93) x31 0x0000000c
core   0: 0x80001050 (0x00001090) c.addi4spn a2, sp, 96
core   0: 3 0x80001050 (0x1090) x12 0xffff0064
core   0: 0x80001052 (0x00001f7d) c.addi  t5, -1
core   0: 3 0x80001052 (0x1f7d) x30 0x0000bfff
core   0: 0x80001054 (0x0000813a) c.mv    sp, a4
core   0: 3 0x80001054 (0x813a) x 2 0x00000002
core   0: 0x80001056 (0x4f07a813) slti    a6, a5, 1264
core   0: 3 0x80001056 (0x4f07a813) x16 0x00000000
core   0: 0x8000105a (0x02005133) divu    sp, zero, zero
core   0: 3 0x8000105a (0x02005133) x 2 0xffffffff
core   0: 0x8000105e (0xf26c8f13) addi    t5, s9, -218
core   0: 3 0x8000105e (0xf26c8f13) x30 0xffffff28
core   0: 0x80001062 (0x01d1fab3) and     s5, gp, t4
core   0: 3 0x80001062 (0x01d1fab3) x21 0x000f0000
core   0: 0x80001066 (0x00000715) c.addi  a4, 5
core   0: 3 0x80001066 (0x0715) x14 0x00000007
core   0: 0x80001068 (0xfff76de3) bltu    a4, t6, pc - 6
core   0: 3 0x80001068 (0xfff76de3)
core   0: 0x80001062 (0x01d1fab3) and     s5, gp, t4
core   0: 3 0x80001062 (0x01d1fab3) x21 0x000f0000
core   0: 0x80001066 (0x00000715) c.addi  a4, 5
core   0: 3 0x80001066 (0x0715) x14 0x0000000c
core   0: 0x80001068 (0xfff76de3) bltu    a4, t6, pc - 6
core   0: 3 0x80001068 (0xfff76de3)
core   0: 0x8000106c (0x0000717d) c.addi16sp sp, -16
core   0: 3 0x8000106c (0x717d) x 2 0xffffffef
core   0: 0x8000106e (0x000089ea) c.mv    s3, s10
core   0: 3 0x8000106e (0x89ea) x19 0x7ffdd19c
core   0: 0x80001070 (0xfd9971e3) bgeu    s2, s9, pc - 62
core   0: 3 0x80001070 (0xfd9971e3)
core   0: 0x80001074 (0x41475433) sra     s0, a4, s4
core   0: 3 0x80001074 (0x41475433) x 8 0x0000000c
core   0: 0x80001078 (0x00a00493) li      s1, 10
core   0: 3 0x80001078 (0x00a00493) x 9 0x0000000a
core   0: 0x8000107c (0x00008d21) c.xor   a0, s0
core   0: 3 0x8000107c (0x8d21) x10 0x000000ef
core   0: 0x8000107e (0x00400293) li      t0, 4
core   0: 3 0x8000107e (0x00400293) x 5 0x00000004
core   0: 0x80001082 (0xebdefb13) andi    s6, t4, -323
core   0: 3 0x80001082 (0xebdefb13) x22 0xfffffeb9
core   0: 0x80001086 (0x00004205) c.li    tp, 1
core   0: 3 0x80001086 (0x4205) x 4 0x00000001
core   0: 0x80001088 (0x000014f9) c.addi  s1, -2
core   0: 3 0x80001088 (0x14f9) x 9 0x00000008
core   0: 0x8000108a (0x038236b3) mulhu   a3, tp, s8
core   0: 3 0x8000108a (0x038236b3) x13 0x00000000
core   0: 0x8000108e (0x030ed333) divu    t1, t4, a6
core   0: 3 0x8000108e (0x030ed333) x 6 0xffffffff
core   0: 0x80001092 (0xffc00613) li      a2, -4
core   0: 3 0x80001092 (0xffc00613) x12 0xfffffffc
core   0: 0x80001096 (0x00000001) c.nop
core   0: 3 0x80001096 (0x0001)
core   0: 0x80001098 (0x00000001) c.nop
core   0: 3 0x80001098 (0x0001)
core   0: 0x8000109a (0x21316713) ori     a4, sp, 531
core   0: 3 0x8000109a (0x21316713) x14 0xffffffff
core   0: 0x8000109e (0x40d88db3) sub     s11, a7, a3
core   0: 3 0x8000109e (0x40d88db3) x27 0xfffffff0
core   0: 0x800010a2 (0x00008321) c.srli  a4, 8
core   0: 3 0x800010a2 (0x8321) x14 0x00ffffff
core   0: 0x800010a4 (0x00000609) c.addi  a2, 2
core   0: 3 0x800010a4 (0x0609) x12 0xfffffffe
core   0: 0x800010a6 (0x27262f93) slti    t6, a2, 626
core   0: 3 0x800010a6 (0x27262f93) x31 0x00000001
core   0: 0x800010aa (0x0000fa75) c.bnez  a2, pc - 12
core   0: 3 0x800010aa (0xfa75)
core   0: 0x8000109e (0x40d88db3) sub     s11, a7, a3
core   0: 3 0x8000109e (0x40d88db3) x27 0xfffffff0
core   0: 0x800010a2 (0x00008321) c.srli  a4, 8
core   0: 3 0x800010a2 (0x8321) x14 0x0000ffff
core   0: 0x800010a4 (0x00000609) c.addi  a2, 2
core   0: 3 0x800010a4 (0x0609) x12 0x00000000
core   0: 0x800010a6 (0x27262f93) slti    t6, a2, 626
core   0: 3 0x800010a6 (0x27262f93) x31 0x00000001
core   0: 0x800010aa (0x0000fa75) c.bnez  a2, pc - 12
core   0: 3 0x800010aa (0xfa75)
core   0: 0x800010ac (0xfc54dbe3) bge     s1, t0, pc - 42
core   0: 3 0x800010ac (0xfc54dbe3)
core   0: 0x80001082 (0xebdefb13) andi    s6, t4, -323
core   0: 3 0x80001082 (0xebdefb13) x22 0xfffffeb9
core   0: 0x80001086 (0x00004205) c.li    tp, 1
core   0: 3 0x80001086 (0x4205) x 4 0x00000001
core   0: 0x80001088 (0x000014f9) c.addi  s1, -2
core   0: 3 0x80001088 (0x14f9) x 9 0x00000006
core   0: 0x8000108a (0x038236b3) mulhu   a3, tp, s8
core   0: 3 0x8000108a (0x038236b3) x13 0x00000000
core   0: 0x8000108e (0x030ed333) divu    t1, t4, a6
core   0: 3 0x8000108e (0x030ed333) x 6 0xffffffff
core   0: 0x80001092 (0xffc00613) li      a2, -4
core   0: 3 0x80001092 (0xffc00613) x12 0xfffffffc
core   0: 0x80001096 (0x00000001) c.nop
core   0: 3 0x80001096 (0x0001)
core   0: 0x80001098 (0x00000001) c.nop
core   0: 3 0x80001098 (0x0001)
core   0: 0x8000109a (0x21316713) ori     a4, sp, 531
core   0: 3 0x8000109a (0x21316713) x14 0xffffffff
core   0: 0x8000109e (0x40d88db3) sub     s11, a7, a3
core   0: 3 0x8000109e (0x40d88db3) x27 0xfffffff0
core   0: 0x800010a2 (0x00008321) c.srli  a4, 8
core   0: 3 0x800010a2 (0x8321) x14 0x00ffffff
core   0: 0x800010a4 (0x00000609) c.addi  a2, 2
core   0: 3 0x800010a4 (0x0609) x12 0xfffffffe
core   0: 0x800010a6 (0x27262f93) slti    t6, a2, 626
core   0: 3 0x800010a6 (0x27262f93) x31 0x00000001
core   0: 0x800010aa (0x0000fa75) c.bnez  a2, pc - 12
core   0: 3 0x800010aa (0xfa75)
core   0: 0x8000109e (0x40d88db3) sub     s11, a7, a3
core   0: 3 0x8000109e (0x40d88db3) x27 0xfffffff0
core   0: 0x800010a2 (0x00008321) c.srli  a4, 8
core   0: 3 0x800010a2 (0x8321) x14 0x0000ffff
core   0: 0x800010a4 (0x00000609) c.addi  a2, 2
core   0: 3 0x800010a4 (0x0609) x12 0x00000000
core   0: 0x800010a6 (0x27262f93) slti    t6, a2, 626
core   0: 3 0x800010a6 (0x27262f93) x31 0x00000001
core   0: 0x800010aa (0x0000fa75) c.bnez  a2, pc - 12
core   0: 3 0x800010aa (0xfa75)
core   0: 0x800010ac (0xfc54dbe3) bge     s1, t0, pc - 42
core   0: 3 0x800010ac (0xfc54dbe3)
core   0: 0x80001082 (0xebdefb13) andi    s6, t4, -323
core   0: 3 0x80001082 (0xebdefb13) x22 0xfffffeb9
core   0: 0x80001086 (0x00004205) c.li    tp, 1
core   0: 3 0x80001086 (0x4205) x 4 0x00000001
core   0: 0x80001088 (0x000014f9) c.addi  s1, -2
core   0: 3 0x80001088 (0x14f9) x 9 0x00000004
core   0: 0x8000108a (0x038236b3) mulhu   a3, tp, s8
core   0: 3 0x8000108a (0x038236b3) x13 0x00000000
core   0: 0x8000108e (0x030ed333) divu    t1, t4, a6
core   0: 3 0x8000108e (0x030ed333) x 6 0xffffffff
core   0: 0x80001092 (0xffc00613) li      a2, -4
core   0: 3 0x80001092 (0xffc00613) x12 0xfffffffc
core   0: 0x80001096 (0x00000001) c.nop
core   0: 3 0x80001096 (0x0001)
core   0: 0x80001098 (0x00000001) c.nop
core   0: 3 0x80001098 (0x0001)
core   0: 0x8000109a (0x21316713) ori     a4, sp, 531
core   0: 3 0x8000109a (0x21316713) x14 0xffffffff
core   0: 0x8000109e (0x40d88db3) sub     s11, a7, a3
core   0: 3 0x8000109e (0x40d88db3) x27 0xfffffff0
core   0: 0x800010a2 (0x00008321) c.srli  a4, 8
core   0: 3 0x800010a2 (0x8321) x14 0x00ffffff
core   0: 0x800010a4 (0x00000609) c.addi  a2, 2
core   0: 3 0x800010a4 (0x0609) x12 0xfffffffe
core   0: 0x800010a6 (0x27262f93) slti    t6, a2, 626
core   0: 3 0x800010a6 (0x27262f93) x31 0x00000001
core   0: 0x800010aa (0x0000fa75) c.bnez  a2, pc - 12
core   0: 3 0x800010aa (0xfa75)
core   0: 0x8000109e (0x40d88db3) sub     s11, a7, a3
core   0: 3 0x8000109e (0x40d88db3) x27 0xfffffff0
core   0: 0x800010a2 (0x00008321) c.srli  a4, 8
core   0: 3 0x800010a2 (0x8321) x14 0x0000ffff
core   0: 0x800010a4 (0x00000609) c.addi  a2, 2
core   0: 3 0x800010a4 (0x0609) x12 0x00000000
core   0: 0x800010a6 (0x27262f93) slti    t6, a2, 626
core   0: 3 0x800010a6 (0x27262f93) x31 0x00000001
core   0: 0x800010aa (0x0000fa75) c.bnez  a2, pc - 12
core   0: 3 0x800010aa (0xfa75)
core   0: 0x800010ac (0xfc54dbe3) bge     s1, t0, pc - 42
core   0: 3 0x800010ac (0xfc54dbe3)
core   0: 0x80001082 (0xebdefb13) andi    s6, t4, -323
core   0: 3 0x80001082 (0xebdefb13) x22 0xfffffeb9
core   0: 0x80001086 (0x00004205) c.li    tp, 1
core   0: 3 0x80001086 (0x4205) x 4 0x00000001
core   0: 0x80001088 (0x000014f9) c.addi  s1, -2
core   0: 3 0x80001088 (0x14f9) x 9 0x00000002
core   0: 0x8000108a (0x038236b3) mulhu   a3, tp, s8
core   0: 3 0x8000108a (0x038236b3) x13 0x00000000
core   0: 0x8000108e (0x030ed333) divu    t1, t4, a6
core   0: 3 0x8000108e (0x030ed333) x 6 0xffffffff
core   0: 0x80001092 (0xffc00613) li      a2, -4
core   0: 3 0x80001092 (0xffc00613) x12 0xfffffffc
core   0: 0x80001096 (0x00000001) c.nop
core   0: 3 0x80001096 (0x0001)
core   0: 0x80001098 (0x00000001) c.nop
core   0: 3 0x80001098 (0x0001)
core   0: 0x8000109a (0x21316713) ori     a4, sp, 531
core   0: 3 0x8000109a (0x21316713) x14 0xffffffff
core   0: 0x8000109e (0x40d88db3) sub     s11, a7, a3
core   0: 3 0x8000109e (0x40d88db3) x27 0xfffffff0
core   0: 0x800010a2 (0x00008321) c.srli  a4, 8
core   0: 3 0x800010a2 (0x8321) x14 0x00ffffff
core   0: 0x800010a4 (0x00000609) c.addi  a2, 2
core   0: 3 0x800010a4 (0x0609) x12 0xfffffffe
core   0: 0x800010a6 (0x27262f93) slti    t6, a2, 626
core   0: 3 0x800010a6 (0x27262f93) x31 0x00000001
core   0: 0x800010aa (0x0000fa75) c.bnez  a2, pc - 12
core   0: 3 0x800010aa (0xfa75)
core   0: 0x8000109e (0x40d88db3) sub     s11, a7, a3
core   0: 3 0x8000109e (0x40d88db3) x27 0xfffffff0
core   0: 0x800010a2 (0x00008321) c.srli  a4, 8
core   0: 3 0x800010a2 (0x8321) x14 0x0000ffff
core   0: 0x800010a4 (0x00000609) c.addi  a2, 2
core   0: 3 0x800010a4 (0x0609) x12 0x00000000
core   0: 0x800010a6 (0x27262f93) slti    t6, a2, 626
core   0: 3 0x800010a6 (0x27262f93) x31 0x00000001
core   0: 0x800010aa (0x0000fa75) c.bnez  a2, pc - 12
core   0: 3 0x800010aa (0xfa75)
core   0: 0x800010ac (0xfc54dbe3) bge     s1, t0, pc - 42
core   0: 3 0x800010ac (0xfc54dbe3)
core   0: 0x800010b0 (0x8a948117) auipc   sp, 0x8a948
core   0: 3 0x800010b0 (0x8a948117) x 2 0x0a9490b0
core   0: 0x800010b4 (0xff800493) li      s1, -8
core   0: 3 0x800010b4 (0xff800493) x 9 0xfffffff8
core   0: 0x800010b8 (0x00000001) c.nop
core   0: 3 0x800010b8 (0x0001)
core   0: 0x800010ba (0x00008db1) c.xor   a1, a2
core   0: 3 0x800010ba (0x8db1) x11 0x0000000f
core   0: 0x800010bc (0x0060d5b3) srl     a1, ra, t1
core   0: 3 0x800010bc (0x0060d5b3) x11 0x00000000
core   0: 0x800010c0 (0x00000485) c.addi  s1, 1
core   0: 3 0x800010c0 (0x0485) x 9 0xfffffff9
core   0: 0x800010c2 (0x00008d5d) c.or    a0, a5
core   0: 3 0x800010c2 (0x8d5d) x10 0x7ffd93ff
core   0: 0x800010c4 (0x00900713) li      a4, 9
core   0: 3 0x800010c4 (0x00900713) x14 0x00000009
core   0: 0x800010c8 (0x001a1913) slli    s2, s4, 1
core   0: 3 0x800010c8 (0x001a1913) x18 0x00000000
core   0: 0x800010cc (0x00008061) c.srli  s0, 24
core   0: 3 0x800010cc (0x8061) x 8 0x00000000
core   0: 0x800010ce (0x024188b3) mul     a7, gp, tp
core   0: 3 0x800010ce (0x024188b3) x17 0x000f0000
core   0: 0x800010d2 (0x00400793) li      a5, 4
core   0: 3 0x800010d2 (0x00400793) x15 0x00000004
core   0: 0x800010d6 (0x000051fd) c.li    gp, -1
core   0: 3 0x800010d6 (0x51fd) x 3 0xffffffff
core   0: 0x800010d8 (0x00001775) c.addi  a4, -3
core   0: 3 0x800010d8 (0x1775) x14 0x00000006
core   0: 0x800010da (0x031a50b3) divu    ra, s4, a7
core   0: 3 0x800010da (0x031a50b3) x 1 0x00000888
core   0: 0x800010de (0xfef77ce3) bgeu    a4, a5, pc - 8
core   0: 3 0x800010de (0xfef77ce3)
core   0: 0x800010d6 (0x000051fd) c.li    gp, -1
core   0: 3 0x800010d6 (0x51fd) x 3 0xffffffff
core   0: 0x800010d8 (0x00001775) c.addi  a4, -3
core   0: 3 0x800010d8 (0x1775) x14 0x00000003
core   0: 0x800010da (0x031a50b3) divu    ra, s4, a7
core   0: 3 0x800010da (0x031a50b3) x 1 0x00000888
core   0: 0x800010de (0xfef77ce3) bgeu    a4, a5, pc - 8
core   0: 3 0x800010de (0xfef77ce3)
core   0: 0x800010e2 (0x0000fce1) c.bnez  s1, pc - 40
core   0: 3 0x800010e2 (0xfce1)
core   0: 0x800010ba (0x00008db1) c.xor   a1, a2
core   0: 3 0x800010ba (0x8db1) x11 0x00000000
core   0: 0x800010bc (0x0060d5b3) srl     a1, ra, t1
core   0: 3 0x800010bc (0x0060d5b3) x11 0x00000000
core   0: 0x800010c0 (0x00000485) c.addi  s1, 1
core   0: 3 0x800010c0 (0x0485) x 9 0xfffffffa
core   0: 0x800010c2 (0x00008d5d) c.or    a0, a5
core   0: 3 0x800010c2 (0x8d5d) x10 0x7ffd93ff
core   0: 0x800010c4 (0x00900713) li      a4, 9
core   0: 3 0x800010c4 (0x00900713) x14 0x00000009
core   0: 0x800010c8 (0x001a1913) slli    s2, s4, 1
core   0: 3 0x800010c8 (0x001a1913) x18 0x00000000
core   0: 0x800010cc (0x00008061) c.srli  s0, 24
core   0: 3 0x800010cc (0x8061) x 8 0x00000000
core   0: 0x800010ce (0x024188b3) mul     a7, gp, tp
core   0: 3 0x800010ce (0x024188b3) x17 0xffffffff
core   0: 0x800010d2 (0x00400793) li      a5, 4
core   0: 3 0x800010d2 (0x00400793) x15 0x00000004
core   0: 0x800010d6 (0x000051fd) c.li    gp, -1
core   0: 3 0x800010d6 (0x51fd) x 3 0xffffffff
core   0: 0x800010d8 (0x00001775) c.addi  a4, -3
core   0: 3 0x800010d8 (0x1775) x14 0x00000006
core   0: 0x800010da (0x031a50b3) divu    ra, s4, a7
core   0: 3 0x800010da (0x031a50b3) x 1 0x00000000
core   0: 0x800010de (0xfef77ce3) bgeu    a4, a5, pc - 8
core   0: 3 0x800010de (0xfef77ce3)
core   0: 0x800010d6 (0x000051fd) c.li    gp, -1
core   0: 3 0x800010d6 (0x51fd) x 3 0xffffffff
core   0: 0x800010d8 (0x00001775) c.addi  a4, -3
core   0: 3 0x800010d8 (0x1775) x14 0x00000003
core   0: 0x800010da (0x031a50b3) divu    ra, s4, a7
core   0: 3 0x800010da (0x031a50b3) x 1 0x00000000
core   0: 0x800010de (0xfef77ce3) bgeu    a4, a5, pc - 8
core   0: 3 0x800010de (0xfef77ce3)
core   0: 0x800010e2 (0x0000fce1) c.bnez  s1, pc - 40
core   0: 3 0x800010e2 (0xfce1)
core   0: 0x800010ba (0x00008db1) c.xor   a1, a2
core   0: 3 0x800010ba (0x8db1) x11 0x00000000
core   0: 0x800010bc (0x0060d5b3) srl     a1, ra, t1
core   0: 3 0x800010bc (0x0060d5b3) x11 0x00000000
core   0: 0x800010c0 (0x00000485) c.addi  s1, 1
core   0: 3 0x800010c0 (0x0485) x 9 0xfffffffb
core   0: 0x800010c2 (0x00008d5d) c.or    a0, a5
core   0: 3 0x800010c2 (0x8d5d) x10 0x7ffd93ff
core   0: 0x800010c4 (0x00900713) li      a4, 9
core   0: 3 0x800010c4 (0x00900713) x14 0x00000009
core   0: 0x800010c8 (0x001a1913) slli    s2, s4, 1
core   0: 3 0x800010c8 (0x001a1913) x18 0x00000000
core   0: 0x800010cc (0x00008061) c.srli  s0, 24
core   0: 3 0x800010cc (0x8061) x 8 0x00000000
core   0: 0x800010ce (0x024188b3) mul     a7, gp, tp
core   0: 3 0x800010ce (0x024188b3) x17 0xffffffff
core   0: 0x800010d2 (0x00400793) li      a5, 4
core   0: 3 0x800010d2 (0x00400793) x15 0x00000004
core   0: 0x800010d6 (0x000051fd) c.li    gp, -1
core   0: 3 0x800010d6 (0x51fd) x 3 0xffffffff
core   0: 0x800010d8 (0x00001775) c.addi  a4, -3
core   0: 3 0x800010d8 (0x1775) x14 0x00000006
core   0: 0x800010da (0x031a50b3) divu    ra, s4, a7
core   0: 3 0x800010da (0x031a50b3) x 1 0x00000000
core   0: 0x800010de (0xfef77ce3) bgeu    a4, a5, pc - 8
core   0: 3 0x800010de (0xfef77ce3)
core   0: 0x800010d6 (0x000051fd) c.li    gp, -1
core   0: 3 0x800010d6 (0x51fd) x 3 0xffffffff
core   0: 0x800010d8 (0x00001775) c.addi  a4, -3
core   0: 3 0x800010d8 (0x1775) x14 0x00000003
core   0: 0x800010da (0x031a50b3) divu    ra, s4, a7
core   0: 3 0x800010da (0x031a50b3) x 1 0x00000000
core   0: 0x800010de (0xfef77ce3) bgeu    a4, a5, pc - 8
core   0: 3 0x800010de (0xfef77ce3)
core   0: 0x800010e2 (0x0000fce1) c.bnez  s1, pc - 40
core   0: 3 0x800010e2 (0xfce1)
core   0: 0x800010ba (0x00008db1) c.xor   a1, a2
core   0: 3 0x800010ba (0x8db1) x11 0x00000000
core   0: 0x800010bc (0x0060d5b3) srl     a1, ra, t1
core   0: 3 0x800010bc (0x0060d5b3) x11 0x00000000
core   0: 0x800010c0 (0x00000485) c.addi  s1, 1
core   0: 3 0x800010c0 (0x0485) x 9 0xfffffffc
core   0: 0x800010c2 (0x00008d5d) c.or    a0, a5
core   0: 3 0x800010c2 (0x8d5d) x10 0x7ffd93ff
core   0: 0x800010c4 (0x00900713) li      a4, 9
core   0: 3 0x800010c4 (0x00900713) x14 0x00000009
core   0: 0x800010c8 (0x001a1913) slli    s2, s4, 1
core   0: 3 0x800010c8 (0x001a1913) x18 0x00000000
core   0: 0x800010cc (0x00008061) c.srli  s0, 24
core   0: 3 0x800010cc (0x8061) x 8 0x00000000
core   0: 0x800010ce (0x024188b3) mul     a7, gp, tp
core   0: 3 0x800010ce (0x024188b3) x17 0xffffffff
core   0: 0x800010d2 (0x00400793) li      a5, 4
core   0: 3 0x800010d2 (0x00400793) x15 0x00000004
core   0: 0x800010d6 (0x000051fd) c.li    gp, -1
core   0: 3 0x800010d6 (0x51fd) x 3 0xffffffff
core   0: 0x800010d8 (0x00001775) c.addi  a4, -3
core   0: 3 0x800010d8 (0x1775) x14 0x00000006
core   0: 0x800010da (0x031a50b3) divu    ra, s4, a7
core   0: 3 0x800010da (0x031a50b3) x 1 0x00000000
core   0: 0x800010de (0xfef77ce3) bgeu    a4, a5, pc - 8
core   0: 3 0x800010de (0xfef77ce3)
core   0: 0x800010d6 (0x000051fd) c.li    gp, -1
core   0: 3 0x800010d6 (0x51fd) x 3 0xffffffff
core   0: 0x800010d8 (0x00001775) c.addi  a4, -3
core   0: 3 0x800010d8 (0x1775) x14 0x00000003
core   0: 0x800010da (0x031a50b3) divu    ra, s4, a7
core   0: 3 0x800010da (0x031a50b3) x 1 0x00000000
core   0: 0x800010de (0xfef77ce3) bgeu    a4, a5, pc - 8
core   0: 3 0x800010de (0xfef77ce3)
core   0: 0x800010e2 (0x0000fce1) c.bnez  s1, pc - 40
core   0: 3 0x800010e2 (0xfce1)
core   0: 0x800010ba (0x00008db1) c.xor   a1, a2
core   0: 3 0x800010ba (0x8db1) x11 0x00000000
core   0: 0x800010bc (0x0060d5b3) srl     a1, ra, t1
core   0: 3 0x800010bc (0x0060d5b3) x11 0x00000000
core   0: 0x800010c0 (0x00000485) c.addi  s1, 1
core   0: 3 0x800010c0 (0x0485) x 9 0xfffffffd
core   0: 0x800010c2 (0x00008d5d) c.or    a0, a5
core   0: 3 0x800010c2 (0x8d5d) x10 0x7ffd93ff
core   0: 0x800010c4 (0x00900713) li      a4, 9
core   0: 3 0x800010c4 (0x00900713) x14 0x00000009
core   0: 0x800010c8 (0x001a1913) slli    s2, s4, 1
core   0: 3 0x800010c8 (0x001a1913) x18 0x00000000
core   0: 0x800010cc (0x00008061) c.srli  s0, 24
core   0: 3 0x800010cc (0x8061) x 8 0x00000000
core   0: 0x800010ce (0x024188b3) mul     a7, gp, tp
core   0: 3 0x800010ce (0x024188b3) x17 0xffffffff
core   0: 0x800010d2 (0x00400793) li      a5, 4
core   0: 3 0x800010d2 (0x00400793) x15 0x00000004
core   0: 0x800010d6 (0x000051fd) c.li    gp, -1
core   0: 3 0x800010d6 (0x51fd) x 3 0xffffffff
core   0: 0x800010d8 (0x00001775) c.addi  a4, -3
core   0: 3 0x800010d8 (0x1775) x14 0x00000006
core   0: 0x800010da (0x031a50b3) divu    ra, s4, a7
core   0: 3 0x800010da (0x031a50b3) x 1 0x00000000
core   0: 0x800010de (0xfef77ce3) bgeu    a4, a5, pc - 8
core   0: 3 0x800010de (0xfef77ce3)
core   0: 0x800010d6 (0x000051fd) c.li    gp, -1
core   0: 3 0x800010d6 (0x51fd) x 3 0xffffffff
core   0: 0x800010d8 (0x00001775) c.addi  a4, -3
core   0: 3 0x800010d8 (0x1775) x14 0x00000003
core   0: 0x800010da (0x031a50b3) divu    ra, s4, a7
core   0: 3 0x800010da (0x031a50b3) x 1 0x00000000
core   0: 0x800010de (0xfef77ce3) bgeu    a4, a5, pc - 8
core   0: 3 0x800010de (0xfef77ce3)
core   0: 0x800010e2 (0x0000fce1) c.bnez  s1, pc - 40
core   0: 3 0x800010e2 (0xfce1)
core   0: 0x800010ba (0x00008db1) c.xor   a1, a2
core   0: 3 0x800010ba (0x8db1) x11 0x00000000
core   0: 0x800010bc (0x0060d5b3) srl     a1, ra, t1
core   0: 3 0x800010bc (0x0060d5b3) x11 0x00000000
core   0: 0x800010c0 (0x00000485) c.addi  s1, 1
core   0: 3 0x800010c0 (0x0485) x 9 0xfffffffe
core   0: 0x800010c2 (0x00008d5d) c.or    a0, a5
core   0: 3 0x800010c2 (0x8d5d) x10 0x7ffd93ff
core   0: 0x800010c4 (0x00900713) li      a4, 9
core   0: 3 0x800010c4 (0x00900713) x14 0x00000009
core   0: 0x800010c8 (0x001a1913) slli    s2, s4, 1
core   0: 3 0x800010c8 (0x001a1913) x18 0x00000000
core   0: 0x800010cc (0x00008061) c.srli  s0, 24
core   0: 3 0x800010cc (0x8061) x 8 0x00000000
core   0: 0x800010ce (0x024188b3) mul     a7, gp, tp
core   0: 3 0x800010ce (0x024188b3) x17 0xffffffff
core   0: 0x800010d2 (0x00400793) li      a5, 4
core   0: 3 0x800010d2 (0x00400793) x15 0x00000004
core   0: 0x800010d6 (0x000051fd) c.li    gp, -1
core   0: 3 0x800010d6 (0x51fd) x 3 0xffffffff
core   0: 0x800010d8 (0x00001775) c.addi  a4, -3
core   0: 3 0x800010d8 (0x1775) x14 0x00000006
core   0: 0x800010da (0x031a50b3) divu    ra, s4, a7
core   0: 3 0x800010da (0x031a50b3) x 1 0x00000000
core   0: 0x800010de (0xfef77ce3) bgeu    a4, a5, pc - 8
core   0: 3 0x800010de (0xfef77ce3)
core   0: 0x800010d6 (0x000051fd) c.li    gp, -1
core   0: 3 0x800010d6 (0x51fd) x 3 0xffffffff
core   0: 0x800010d8 (0x00001775) c.addi  a4, -3
core   0: 3 0x800010d8 (0x1775) x14 0x00000003
core   0: 0x800010da (0x031a50b3) divu    ra, s4, a7
core   0: 3 0x800010da (0x031a50b3) x 1 0x00000000
core   0: 0x800010de (0xfef77ce3) bgeu    a4, a5, pc - 8
core   0: 3 0x800010de (0xfef77ce3)
core   0: 0x800010e2 (0x0000fce1) c.bnez  s1, pc - 40
core   0: 3 0x800010e2 (0xfce1)
core   0: 0x800010ba (0x00008db1) c.xor   a1, a2
core   0: 3 0x800010ba (0x8db1) x11 0x00000000
core   0: 0x800010bc (0x0060d5b3) srl     a1, ra, t1
core   0: 3 0x800010bc (0x0060d5b3) x11 0x00000000
core   0: 0x800010c0 (0x00000485) c.addi  s1, 1
core   0: 3 0x800010c0 (0x0485) x 9 0xffffffff
core   0: 0x800010c2 (0x00008d5d) c.or    a0, a5
core   0: 3 0x800010c2 (0x8d5d) x10 0x7ffd93ff
core   0: 0x800010c4 (0x00900713) li      a4, 9
core   0: 3 0x800010c4 (0x00900713) x14 0x00000009
core   0: 0x800010c8 (0x001a1913) slli    s2, s4, 1
core   0: 3 0x800010c8 (0x001a1913) x18 0x00000000
core   0: 0x800010cc (0x00008061) c.srli  s0, 24
core   0: 3 0x800010cc (0x8061) x 8 0x00000000
core   0: 0x800010ce (0x024188b3) mul     a7, gp, tp
core   0: 3 0x800010ce (0x024188b3) x17 0xffffffff
core   0: 0x800010d2 (0x00400793) li      a5, 4
core   0: 3 0x800010d2 (0x00400793) x15 0x00000004
core   0: 0x800010d6 (0x000051fd) c.li    gp, -1
core   0: 3 0x800010d6 (0x51fd) x 3 0xffffffff
core   0: 0x800010d8 (0x00001775) c.addi  a4, -3
core   0: 3 0x800010d8 (0x1775) x14 0x00000006
core   0: 0x800010da (0x031a50b3) divu    ra, s4, a7
core   0: 3 0x800010da (0x031a50b3) x 1 0x00000000
core   0: 0x800010de (0xfef77ce3) bgeu    a4, a5, pc - 8
core   0: 3 0x800010de (0xfef77ce3)
core   0: 0x800010d6 (0x000051fd) c.li    gp, -1
core   0: 3 0x800010d6 (0x51fd) x 3 0xffffffff
core   0: 0x800010d8 (0x00001775) c.addi  a4, -3
core   0: 3 0x800010d8 (0x1775) x14 0x00000003
core   0: 0x800010da (0x031a50b3) divu    ra, s4, a7
core   0: 3 0x800010da (0x031a50b3) x 1 0x00000000
core   0: 0x800010de (0xfef77ce3) bgeu    a4, a5, pc - 8
core   0: 3 0x800010de (0xfef77ce3)
core   0: 0x800010e2 (0x0000fce1) c.bnez  s1, pc - 40
core   0: 3 0x800010e2 (0xfce1)
core   0: 0x800010ba (0x00008db1) c.xor   a1, a2
core   0: 3 0x800010ba (0x8db1) x11 0x00000000
core   0: 0x800010bc (0x0060d5b3) srl     a1, ra, t1
core   0: 3 0x800010bc (0x0060d5b3) x11 0x00000000
core   0: 0x800010c0 (0x00000485) c.addi  s1, 1
core   0: 3 0x800010c0 (0x0485) x 9 0x00000000
core   0: 0x800010c2 (0x00008d5d) c.or    a0, a5
core   0: 3 0x800010c2 (0x8d5d) x10 0x7ffd93ff
core   0: 0x800010c4 (0x00900713) li      a4, 9
core   0: 3 0x800010c4 (0x00900713) x14 0x00000009
core   0: 0x800010c8 (0x001a1913) slli    s2, s4, 1
core   0: 3 0x800010c8 (0x001a1913) x18 0x00000000
core   0: 0x800010cc (0x00008061) c.srli  s0, 24
core   0: 3 0x800010cc (0x8061) x 8 0x00000000
core   0: 0x800010ce (0x024188b3) mul     a7, gp, tp
core   0: 3 0x800010ce (0x024188b3) x17 0xffffffff
core   0: 0x800010d2 (0x00400793) li      a5, 4
core   0: 3 0x800010d2 (0x00400793) x15 0x00000004
core   0: 0x800010d6 (0x000051fd) c.li    gp, -1
core   0: 3 0x800010d6 (0x51fd) x 3 0xffffffff
core   0: 0x800010d8 (0x00001775) c.addi  a4, -3
core   0: 3 0x800010d8 (0x1775) x14 0x00000006
core   0: 0x800010da (0x031a50b3) divu    ra, s4, a7
core   0: 3 0x800010da (0x031a50b3) x 1 0x00000000
core   0: 0x800010de (0xfef77ce3) bgeu    a4, a5, pc - 8
core   0: 3 0x800010de (0xfef77ce3)
core   0: 0x800010d6 (0x000051fd) c.li    gp, -1
core   0: 3 0x800010d6 (0x51fd) x 3 0xffffffff
core   0: 0x800010d8 (0x00001775) c.addi  a4, -3
core   0: 3 0x800010d8 (0x1775) x14 0x00000003
core   0: 0x800010da (0x031a50b3) divu    ra, s4, a7
core   0: 3 0x800010da (0x031a50b3) x 1 0x00000000
core   0: 0x800010de (0xfef77ce3) bgeu    a4, a5, pc - 8
core   0: 3 0x800010de (0xfef77ce3)
core   0: 0x800010e2 (0x0000fce1) c.bnez  s1, pc - 40
core   0: 3 0x800010e2 (0xfce1)
core   0: 0x800010e4 (0x00b77f33) and     t5, a4, a1
core   0: 3 0x800010e4 (0x00b77f33) x30 0x00000000
core   0: 0x800010e8 (0x00400193) li      gp, 4
core   0: 3 0x800010e8 (0x00400193) x 3 0x00000004
core   0: 0x800010ec (0x0000100f) fence.i
core   0: 3 0x800010ec (0x0000100f)
core   0: 0x800010f0 (0xd7e64897) auipc   a7, 0xd7e64
core   0: 3 0x800010f0 (0xd7e64897) x17 0x57e650f0
core   0: 0x800010f4 (0x00006141) c.addi16sp sp, 16
core   0: 3 0x800010f4 (0x6141) x 2 0x0a9490c0
core   0: 0x800010f6 (0x00008b76) c.mv    s6, t4
core   0: 3 0x800010f6 (0x8b76) x22 0xffffffb9
core   0: 0x800010f8 (0x5e317d13) andi    s10, sp, 1507
core   0: 3 0x800010f8 (0x5e317d13) x26 0x000000c0
core   0: 0x800010fc (0x028f5d33) divu    s10, t5, s0
core   0: 3 0x800010fc (0x028f5d33) x26 0xffffffff
core   0: 0x80001100 (0x02531333) mulh    t1, t1, t0
core   0: 3 0x80001100 (0x02531333) x 6 0xffffffff
core   0: 0x80001104 (0x0041a7b3) slt     a5, gp, tp
core   0: 3 0x80001104 (0x0041a7b3) x15 0x00000000
core   0: 0x80001108 (0x009a5cb3) srl     s9, s4, s1
core   0: 3 0x80001108 (0x009a5cb3) x25 0x80000000
core   0: 0x8000110c (0xfff00f13) li      t5, -1
core   0: 3 0x8000110c (0xfff00f13) x30 0xffffffff
core   0: 0x80001110 (0x000018fd) c.addi  a7, -1
core   0: 3 0x80001110 (0x18fd) x17 0x57e650ef
core   0: 0x80001112 (0x0093d693) srli    a3, t2, 9
core   0: 3 0x80001112 (0x0093d693) x13 0x00000000
core   0: 0x80001116 (0x002162b3) or      t0, sp, sp
core   0: 3 0x80001116 (0x002162b3) x 5 0x0a9490c0
core   0: 0x8000111a (0x015f9293) slli    t0, t6, 21
core   0: 3 0x8000111a (0x015f9293) x 5 0x00200000
core   0: 0x8000111e (0x000011ed) c.addi  gp, -5
core   0: 3 0x8000111e (0x11ed) x 3 0xffffffff
core   0: 0x80001120 (0x00008bf9) c.andi  a5, 30
core   0: 3 0x80001120 (0x8bf9) x15 0x00000000
core   0: 0x80001122 (0x40be0233) sub     tp, t3, a1
core   0: 3 0x80001122 (0x40be0233) x 4 0x80022e64
core   0: 0x80001126 (0x01065a93) srli    s5, a2, 16
core   0: 3 0x80001126 (0x01065a93) x21 0x00000000
core   0: 0x8000112a (0x00000ee6) c.slli  t4, 25
core   0: 3 0x8000112a (0x0ee6) x29 0x72000000
core   0: 0x8000112c (0x000066d5) c.lui   a3, 0x15
core   0: 3 0x8000112c (0x66d5) x13 0x00015000
core   0: 0x8000112e (0x00000386) c.slli  t2, 1
core   0: 3 0x8000112e (0x0386) x 7 0x00000004
core   0: 0x80001130 (0x00009b7d) c.andi  a4, -1
core   0: 3 0x80001130 (0x9b7d) x14 0x00000003
core   0: 0x80001132 (0x0000936a) c.add   t1, s10
core   0: 3 0x80001132 (0x936a) x 6 0xfffffffe
core   0: 0x80001134 (0x000068e9) c.lui   a7, 0x1a
core   0: 3 0x80001134 (0x68e9) x17 0x0001a000
core   0: 0x80001136 (0x000085b1) c.srai  a1, 12
core   0: 3 0x80001136 (0x85b1) x11 0x00000000
core   0: 0x80001138 (0x000004f2) c.slli  s1, 28
core   0: 3 0x80001138 (0x04f2) x 9 0x00000000
core   0: 0x8000113a (0x02af5db3) divu    s11, t5, a0
core   0: 3 0x8000113a (0x02af5db3) x27 0x00000002
core   0: 0x8000113e (0xfde19ce3) bne     gp, t5, pc - 40
core   0: 3 0x8000113e (0xfde19ce3)
core   0: 0x80001142 (0x00008c39) c.xor   s0, a4
core   0: 3 0x80001142 (0x8c39) x 8 0x00000003
core   0: 0x80001144 (0xff800513) li      a0, -8
core   0: 3 0x80001144 (0xff800513) x10 0xfffffff8
core   0: 0x80001148 (0x004aa633) slt     a2, s5, tp
core   0: 3 0x80001148 (0x004aa633) x12 0x00000000
core   0: 0x8000114c (0x00000001) c.nop
core   0: 3 0x8000114c (0x0001)
core   0: 0x8000114e (0x415c03b3) sub     t2, s8, s5
core   0: 3 0x8000114e (0x415c03b3) x 7 0x00000000
core   0: 0x80001152 (0x00001b04) c.addi4spn s1, sp, 432
core   0: 3 0x80001152 (0x1b04) x 9 0x0a949270
core   0: 0x80001154 (0x00008dc9) c.or    a1, a0
core   0: 3 0x80001154 (0x8dc9) x11 0xfffffff8
core   0: 0x80001156 (0x03b1eb33) rem     s6, gp, s11
core   0: 3 0x80001156 (0x03b1eb33) x22 0xffffffff
core   0: 0x8000115a (0x000096e6) c.add   a3, s9
core   0: 3 0x8000115a (0x96e6) x13 0x80015000
core   0: 0x8000115c (0x01465c13) srli    s8, a2, 20
core   0: 3 0x8000115c (0x01465c13) x24 0x00000000
core   0: 0x80001160 (0x00000505) c.addi  a0, 1
core   0: 3 0x80001160 (0x0505) x10 0xfffffff9
core   0: 0x80001162 (0x01af5133) srl     sp, t5, s10
core   0: 3 0x80001162 (0x01af5133) x 2 0x00000001
core   0: 0x80001166 (0x0000610d) c.addi16sp sp, 160
core   0: 3 0x80001166 (0x610d) x 2 0x000000a1
core   0: 0x80001168 (0x00009f92) c.add   t6, tp
core   0: 3 0x80001168 (0x9f92) x31 0x80022e65
core   0: 0x8000116a (0x959a7617) auipc   a2, 0x959a7
core   0: 3 0x8000116a (0x959a7617) x12 0x159a816a
core   0: 0x8000116e (0x0000f175) c.bnez  a0, pc - 28
core   0: 3 0x8000116e (0xf175)
core   0: 0x80001152 (0x00001b04) c.addi4spn s1, sp, 432
core   0: 3 0x80001152 (0x1b04) x 9 0x00000251
core   0: 0x80001154 (0x00008dc9) c.or    a1, a0
core   0: 3 0x80001154 (0x8dc9) x11 0xfffffff9
core   0: 0x80001156 (0x03b1eb33) rem     s6, gp, s11
core   0: 3 0x80001156 (0x03b1eb33) x22 0xffffffff
core   0: 0x8000115a (0x000096e6) c.add   a3, s9
core   0: 3 0x8000115a (0x96e6) x13 0x00015000
core   0: 0x8000115c (0x01465c13) srli    s8, a2, 20
core   0: 3 0x8000115c (0x01465c13) x24 0x00000159
core   0: 0x80001160 (0x00000505) c.addi  a0, 1
core   0: 3 0x80001160 (0x0505) x10 0xfffffffa
core   0: 0x80001162 (0x01af5133) srl     sp, t5, s10
core   0: 3 0x80001162 (0x01af5133) x 2 0x00000001
core   0: 0x80001166 (0x0000610d) c.addi16sp sp, 160
core   0: 3 0x80001166 (0x610d) x 2 0x000000a1
core   0: 0x80001168 (0x00009f92) c.add   t6, tp
core   0: 3 0x80001168 (0x9f92) x31 0x00045cc9
core   0: 0x8000116a (0x959a7617) auipc   a2, 0x959a7
core   0: 3 0x8000116a (0x959a7617) x12 0x159a816a
core   0: 0x8000116e (0x0000f175) c.bnez  a0, pc - 28
core   0: 3 0x8000116e (0xf175)
core   0: 0x80001152 (0x00001b04) c.addi4spn s1, sp, 432
core   0: 3 0x80001152 (0x1b04) x 9 0x00000251
core   0: 0x80001154 (0x00008dc9) c.or    a1, a0
core   0: 3 0x80001154 (0x8dc9) x11 0xfffffffb
core   0: 0x80001156 (0x03b1eb33) rem     s6, gp, s11
core   0: 3 0x80001156 (0x03b1eb33) x22 0xffffffff
core   0: 0x8000115a (0x000096e6) c.add   a3, s9
core   0: 3 0x8000115a (0x96e6) x13 0x80015000
core   0: 0x8000115c (0x01465c13) srli    s8, a2, 20
core   0: 3 0x8000115c (0x01465c13) x24 0x00000159
core   0: 0x80001160 (0x00000505) c.addi  a0, 1
core   0: 3 0x80001160 (0x0505) x10 0xfffffffb
core   0: 0x80001162 (0x01af5133) srl     sp, t5, s10
core   0: 3 0x80001162 (0x01af5133) x 2 0x00000001
core   0: 0x80001166 (0x0000610d) c.addi16sp sp, 160
core   0: 3 0x80001166 (0x610d) x 2 0x000000a1
core   0: 0x80001168 (0x00009f92) c.add   t6, tp
core   0: 3 0x80001168 (0x9f92) x31 0x80068b2d
core   0: 0x8000116a (0x959a7617) auipc   a2, 0x959a7
core   0: 3 0x8000116a (0x959a7617) x12 0x159a816a
core   0: 0x8000116e (0x0000f175) c.bnez  a0, pc - 28
core   0: 3 0x8000116e (0xf175)
core   0: 0x80001152 (0x00001b04) c.addi4spn s1, sp, 432
core   0: 3 0x80001152 (0x1b04) x 9 0x00000251
core   0: 0x80001154 (0x00008dc9) c.or    a1, a0
core   0: 3 0x80001154 (0x8dc9) x11 0xfffffffb
core   0: 0x80001156 (0x03b1eb33) rem     s6, gp, s11
core   0: 3 0x80001156 (0x03b1eb33) x22 0xffffffff
core   0: 0x8000115a (0x000096e6) c.add   a3, s9
core   0: 3 0x8000115a (0x96e6) x13 0x00015000
core   0: 0x8000115c (0x01465c13) srli    s8, a2, 20
core   0: 3 0x8000115c (0x01465c13) x24 0x00000159
core   0: 0x80001160 (0x00000505) c.addi  a0, 1
core   0: 3 0x80001160 (0x0505) x10 0xfffffffc
core   0: 0x80001162 (0x01af5133) srl     sp, t5, s10
core   0: 3 0x80001162 (0x01af5133) x 2 0x00000001
core   0: 0x80001166 (0x0000610d) c.addi16sp sp, 160
core   0: 3 0x80001166 (0x610d) x 2 0x000000a1
core   0: 0x80001168 (0x00009f92) c.add   t6, tp
core   0: 3 0x80001168 (0x9f92) x31 0x0008b991
core   0: 0x8000116a (0x959a7617) auipc   a2, 0x959a7
core   0: 3 0x8000116a (0x959a7617) x12 0x159a816a
core   0: 0x8000116e (0x0000f175) c.bnez  a0, pc - 28
core   0: 3 0x8000116e (0xf175)
core   0: 0x80001152 (0x00001b04) c.addi4spn s1, sp, 432
core   0: 3 0x80001152 (0x1b04) x 9 0x00000251
core   0: 0x80001154 (0x00008dc9) c.or    a1, a0
core   0: 3 0x80001154 (0x8dc9) x11 0xffffffff
core   0: 0x80001156 (0x03b1eb33) rem     s6, gp, s11
core   0: 3 0x80001156 (0x03b1eb33) x22 0xffffffff
core   0: 0x8000115a (0x000096e6) c.add   a3, s9
core   0: 3 0x8000115a (0x96e6) x13 0x80015000
core   0: 0x8000115c (0x01465c13) srli    s8, a2, 20
core   0: 3 0x8000115c (0x01465c13) x24 0x00000159
core   0: 0x80001160 (0x00000505) c.addi  a0, 1
core   0: 3 0x80001160 (0x0505) x10 0xfffffffd
core   0: 0x80001162 (0x01af5133) srl     sp, t5, s10
core   0: 3 0x80001162 (0x01af5133) x 2 0x00000001
core   0: 0x80001166 (0x0000610d) c.addi16sp sp, 160
core   0: 3 0x80001166 (0x610d) x 2 0x000000a1
core   0: 0x80001168 (0x00009f92) c.add   t6, tp
core   0: 3 0x80001168 (0x9f92) x31 0x800ae7f5
core   0: 0x8000116a (0x959a7617) auipc   a2, 0x959a7
core   0: 3 0x8000116a (0x959a7617) x12 0x159a816a
core   0: 0x8000116e (0x0000f175) c.bnez  a0, pc - 28
core   0: 3 0x8000116e (0xf175)
core   0: 0x80001152 (0x00001b04) c.addi4spn s1, sp, 432
core   0: 3 0x80001152 (0x1b04) x 9 0x00000251
core   0: 0x80001154 (0x00008dc9) c.or    a1, a0
core   0: 3 0x80001154 (0x8dc9) x11 0xffffffff
core   0: 0x80001156 (0x03b1eb33) rem     s6, gp, s11
core   0: 3 0x80001156 (0x03b1eb33) x22 0xffffffff
core   0: 0x8000115a (0x000096e6) c.add   a3, s9
core   0: 3 0x8000115a (0x96e6) x13 0x00015000
core   0: 0x8000115c (0x01465c13) srli    s8, a2, 20
core   0: 3 0x8000115c (0x01465c13) x24 0x00000159
core   0: 0x80001160 (0x00000505) c.addi  a0, 1
core   0: 3 0x80001160 (0x0505) x10 0xfffffffe
core   0: 0x80001162 (0x01af5133) srl     sp, t5, s10
core   0: 3 0x80001162 (0x01af5133) x 2 0x00000001
core   0: 0x80001166 (0x0000610d) c.addi16sp sp, 160
core   0: 3 0x80001166 (0x610d) x 2 0x000000a1
core   0: 0x80001168 (0x00009f92) c.add   t6, tp
core   0: 3 0x80001168 (0x9f92) x31 0x000d1659
core   0: 0x8000116a (0x959a7617) auipc   a2, 0x959a7
core   0: 3 0x8000116a (0x959a7617) x12 0x159a816a
core   0: 0x8000116e (0x0000f175) c.bnez  a0, pc - 28
core   0: 3 0x8000116e (0xf175)
core   0: 0x80001152 (0x00001b04) c.addi4spn s1, sp, 432
core   0: 3 0x80001152 (0x1b04) x 9 0x00000251
core   0: 0x80001154 (0x00008dc9) c.or    a1, a0
core   0: 3 0x80001154 (0x8dc9) x11 0xffffffff
core   0: 0x80001156 (0x03b1eb33) rem     s6, gp, s11
core   0: 3 0x80001156 (0x03b1eb33) x22 0xffffffff
core   0: 0x8000115a (0x000096e6) c.add   a3, s9
core   0: 3 0x8000115a (0x96e6) x13 0x80015000
core   0: 0x8000115c (0x01465c13) srli    s8, a2, 20
core   0: 3 0x8000115c (0x01465c13) x24 0x00000159
core   0: 0x80001160 (0x00000505) c.addi  a0, 1
core   0: 3 0x80001160 (0x0505) x10 0xffffffff
core   0: 0x80001162 (0x01af5133) srl     sp, t5, s10
core   0: 3 0x80001162 (0x01af5133) x 2 0x00000001
core   0: 0x80001166 (0x0000610d) c.addi16sp sp, 160
core   0: 3 0x80001166 (0x610d) x 2 0x000000a1
core   0: 0x80001168 (0x00009f92) c.add   t6, tp
core   0: 3 0x80001168 (0x9f92) x31 0x800f44bd
core   0: 0x8000116a (0x959a7617) auipc   a2, 0x959a7
core   0: 3 0x8000116a (0x959a7617) x12 0x159a816a
core   0: 0x8000116e (0x0000f175) c.bnez  a0, pc - 28
core   0: 3 0x8000116e (0xf175)
core   0: 0x80001152 (0x00001b04) c.addi4spn s1, sp, 432
core   0: 3 0x80001152 (0x1b04) x 9 0x00000251
core   0: 0x80001154 (0x00008dc9) c.or    a1, a0
core   0: 3 0x80001154 (0x8dc9) x11 0xffffffff
core   0: 0x80001156 (0x03b1eb33) rem     s6, gp, s11
core   0: 3 0x80001156 (0x03b1eb33) x22 0xffffffff
core   0: 0x8000115a (0x000096e6) c.add   a3, s9
core   0: 3 0x8000115a (0x96e6) x13 0x00015000
core   0: 0x8000115c (0x01465c13) srli    s8, a2, 20
core   0: 3 0x8000115c (0x01465c13) x24 0x00000159
core   0: 0x80001160 (0x00000505) c.addi  a0, 1
core   0: 3 0x80001160 (0x0505) x10 0x00000000
core   0: 0x80001162 (0x01af5133) srl     sp, t5, s10
core   0: 3 0x80001162 (0x01af5133) x 2 0x00000001
core   0: 0x80001166 (0x0000610d) c.addi16sp sp, 160
core   0: 3 0x80001166 (0x610d) x 2 0x000000a1
core   0: 0x80001168 (0x00009f92) c.add   t6, tp
core   0: 3 0x80001168 (0x9f92) x31 0x00117321
core   0: 0x8000116a (0x959a7617) auipc   a2, 0x959a7
core   0: 3 0x8000116a (0x959a7617) x12 0x159a816a
core   0: 0x8000116e (0x0000f175) c.bnez  a0, pc - 28
core   0: 3 0x8000116e (0xf175)
core   0: 0x80001170 (0x40eddfb3) sra     t6, s11, a4
core   0: 3 0x80001170 (0x40eddfb3) x31 0x00000000
core   0: 0x80001174 (0x00000713) li      a4, 0
core   0: 3 0x80001174 (0x00000713) x14 0x00000000
core   0: 0x80001178 (0x00100513) li      a0, 1
core   0: 3 0x80001178 (0x00100513) x10 0x00000001
core   0: 0x8000117c (0x00008dc9) c.or    a1, a0
core   0: 3 0x8000117c (0x8dc9) x11 0xffffffff
core   0: 0x8000117e (0x01d786b3) add     a3, a5, t4
core   0: 3 0x8000117e (0x01d786b3) x13 0x72000000
core   0: 0x80001182 (0x00000705) c.addi  a4, 1
core   0: 3 0x80001182 (0x0705) x14 0x00000001
core   0: 0x80001184 (0x00800613) li      a2, 8
core   0: 3 0x80001184 (0x00800613) x12 0x00000008
core   0: 0x80001188 (0x00243033) sltu    zero, s0, sp
core   0: 3 0x80001188 (0x00243033)
core   0: 0x8000118c (0x00a00413) li      s0, 10
core   0: 3 0x8000118c (0x00a00413) x 8 0x0000000a
core   0: 0x80001190 (0x2d156f93) ori     t6, a0, 721
core   0: 3 0x80001190 (0x2d156f93) x31 0x000002d1
core   0: 0x80001194 (0x00000619) c.addi  a2, 6
core   0: 3 0x80001194 (0x0619) x12 0x0000000e
core   0: 0x80001196 (0xfe866de3) bltu    a2, s0, pc - 6
core   0: 3 0x80001196 (0xfe866de3)
core   0: 0x8000119a (0xfea702e3) beq     a4, a0, pc - 28
core   0: 3 0x8000119a (0xfea702e3)
core   0: 0x8000117e (0x01d786b3) add     a3, a5, t4
core   0: 3 0x8000117e (0x01d786b3) x13 0x72000000
core   0: 0x80001182 (0x00000705) c.addi  a4, 1
core   0: 3 0x80001182 (0x0705) x14 0x00000002
core   0: 0x80001184 (0x00800613) li      a2, 8
core   0: 3 0x80001184 (0x00800613) x12 0x00000008
core   0: 0x80001188 (0x00243033) sltu    zero, s0, sp
core   0: 3 0x80001188 (0x00243033)
core   0: 0x8000118c (0x00a00413) li      s0, 10
core   0: 3 0x8000118c (0x00a00413) x 8 0x0000000a
core   0: 0x80001190 (0x2d156f93) ori     t6, a0, 721
core   0: 3 0x80001190 (0x2d156f93) x31 0x000002d1
core   0: 0x80001194 (0x00000619) c.addi  a2, 6
core   0: 3 0x80001194 (0x0619) x12 0x0000000e
core   0: 0x80001196 (0xfe866de3) bltu    a2, s0, pc - 6
core   0: 3 0x80001196 (0xfe866de3)
core   0: 0x8000119a (0xfea702e3) beq     a4, a0, pc - 28
core   0: 3 0x8000119a (0xfea702e3)
core   0: 0x8000119e (0x03a77933) remu    s2, a4, s10
core   0: 3 0x8000119e (0x03a77933) x18 0x00000002
core   0: 0x800011a2 (0xff600613) li      a2, -10
core   0: 3 0x800011a2 (0xff600613) x12 0xfffffff6
core   0: 0x800011a6 (0x00008f4d) c.or    a4, a1
core   0: 3 0x800011a6 (0x8f4d) x14 0xffffffff
core   0: 0x800011a8 (0x00200113) li      sp, 2
core   0: 3 0x800011a8 (0x00200113) x 2 0x00000002
core   0: 0x800011ac (0x00008ccd) c.or    s1, a1
core   0: 3 0x800011ac (0x8ccd) x 9 0xffffffff
core   0: 0x800011ae (0x000086c6) c.mv    a3, a7
core   0: 3 0x800011ae (0x86c6) x13 0x0001a000
core   0: 0x800011b0 (0x00000611) c.addi  a2, 4
core   0: 3 0x800011b0 (0x0611) x12 0xfffffffa
core   0: 0x800011b2 (0x1e374697) auipc   a3, 0x1e374
core   0: 3 0x800011b2 (0x1e374697) x13 0x9e3751b2
core   0: 0x800011b6 (0x0ff0000f) fence   iorw,iorw
core   0: 3 0x800011b6 (0x0ff0000f)
core   0: 0x800011ba (0x77398a93) addi    s5, s3, 1907
core   0: 3 0x800011ba (0x77398a93) x21 0x7ffdd90f
core   0: 0x800011be (0x00400593) li      a1, 4
core   0: 3 0x800011be (0x00400593) x11 0x00000004
core   0: 0x800011c2 (0x000d5513) srli    a0, s10, 0
core   0: 3 0x800011c2 (0x000d5513) x10 0xffffffff
core   0: 0x800011c6 (0x00c593b3) sll     t2, a1, a2
core   0: 3 0x800011c6 (0x00c593b3) x 7 0x10000000
core   0: 0x800011ca (0x80877313) andi    t1, a4, -2040
core   0: 3 0x800011ca (0x80877313) x 6 0xfffff808
core   0: 0x800011ce (0x02e686b3) mul     a3, a3, a4
core   0: 3 0x800011ce (0x02e686b3) x13 0x61c8ae4e
core   0: 0x800011d2 (0x000083b5) c.srli  a5, 13
core   0: 3 0x800011d2 (0x83b5) x15 0x00000000
core   0: 0x800011d4 (0x037b7f33) remu    t5, s6, s7
core   0: 3 0x800011d4 (0x037b7f33) x30 0x7ffd931b
core   0: 0x800011d8 (0x00400093) li      ra, 4
core   0: 3 0x800011d8 (0x00400093) x 1 0x00000004
core   0: 0x800011dc (0xb10fb993) sltiu   s3, t6, -1264
core   0: 3 0x800011dc (0xb10fb993) x19 0x00000001
core   0: 0x800011e0 (0x03c5c713) xori    a4, a1, 60
core   0: 3 0x800011e0 (0x03c5c713) x14 0x00000038
core   0: 0x800011e4 (0x346ba713) slti    a4, s7, 838
core   0: 3 0x800011e4 (0x346ba713) x14 0x00000001
core   0: 0x800011e8 (0x00fbb833) sltu    a6, s7, a5
core   0: 3 0x800011e8 (0x00fbb833) x16 0x00000000
core   0: 0x800011ec (0x00a09393) slli    t2, ra, 10
core   0: 3 0x800011ec (0x00a09393) x 7 0x00001000
core   0: 0x800011f0 (0x000015fd) c.addi  a1, -1
core   0: 3 0x800011f0 (0x15fd) x11 0x00000003
core   0: 0x800011f2 (0x02c5b3b3) mulhu   t2, a1, a2
core   0: 3 0x800011f2 (0x02c5b3b3) x 7 0x00000002
core   0: 0x800011f6 (0x00000c3e) c.slli  s8, 15
core   0: 3 0x800011f6 (0x0c3e) x24 0x00ac8000
core   0: 0x800011f8 (0x960f1d97) auipc   s11, 0x960f1
core   0: 3 0x800011f8 (0x960f1d97) x27 0x160f21f8
core   0: 0x800011fc (0xfe15f6e3) bgeu    a1, ra, pc - 20
core   0: 3 0x800011fc (0xfe15f6e3)
core   0: 0x80001200 (0x40ba5213) srai    tp, s4, 11
core   0: 3 0x80001200 (0x40ba5213) x 4 0xfff00000
core   0: 0x80001204 (0xfa2645e3) blt     a2, sp, pc - 86
core   0: 3 0x80001204 (0xfa2645e3)
core   0: 0x800011ae (0x000086c6) c.mv    a3, a7
core   0: 3 0x800011ae (0x86c6) x13 0x0001a000
core   0: 0x800011b0 (0x00000611) c.addi  a2, 4
core   0: 3 0x800011b0 (0x0611) x12 0xfffffffe
core   0: 0x800011b2 (0x1e374697) auipc   a3, 0x1e374
core   0: 3 0x800011b2 (0x1e374697) x13 0x9e3751b2
core   0: 0x800011b6 (0x0ff0000f) fence   iorw,iorw
core   0: 3 0x800011b6 (0x0ff0000f)
core   0: 0x800011ba (0x77398a93) addi    s5, s3, 1907
core   0: 3 0x800011ba (0x77398a93) x21 0x00000774
core   0: 0x800011be (0x00400593) li      a1, 4
core   0: 3 0x800011be (0x00400593) x11 0x00000004
core   0: 0x800011c2 (0x000d5513) srli    a0, s10, 0
core   0: 3 0x800011c2 (0x000d5513) x10 0xffffffff
core   0: 0x800011c6 (0x00c593b3) sll     t2, a1, a2
core   0: 3 0x800011c6 (0x00c593b3) x 7 0x00000000
core   0: 0x800011ca (0x80877313) andi    t1, a4, -2040
core   0: 3 0x800011ca (0x80877313) x 6 0x00000000
core   0: 0x800011ce (0x02e686b3) mul     a3, a3, a4
core   0: 3 0x800011ce (0x02e686b3) x13 0x9e3751b2
core   0: 0x800011d2 (0x000083b5) c.srli  a5, 13
core   0: 3 0x800011d2 (0x83b5) x15 0x00000000
core   0: 0x800011d4 (0x037b7f33) remu    t5, s6, s7
core   0: 3 0x800011d4 (0x037b7f33) x30 0x7ffd931b
core   0: 0x800011d8 (0x00400093) li      ra, 4
core   0: 3 0x800011d8 (0x00400093) x 1 0x00000004
core   0: 0x800011dc (0xb10fb993) sltiu   s3, t6, -1264
core   0: 3 0x800011dc (0xb10fb993) x19 0x00000001
core   0: 0x800011e0 (0x03c5c713) xori    a4, a1, 60
core   0: 3 0x800011e0 (0x03c5c713) x14 0x00000038
core   0: 0x800011e4 (0x346ba713) slti    a4, s7, 838
core   0: 3 0x800011e4 (0x346ba713) x14 0x00000001
core   0: 0x800011e8 (0x00fbb833) sltu    a6, s7, a5
core   0: 3 0x800011e8 (0x00fbb833) x16 0x00000000
core   0: 0x800011ec (0x00a09393) slli    t2, ra, 10
core   0: 3 0x800011ec (0x00a09393) x 7 0x00001000
core   0: 0x800011f0 (0x000015fd) c.addi  a1, -1
core   0: 3 0x800011f0 (0x15fd) x11 0x00000003
core   0: 0x800011f2 (0x02c5b3b3) mulhu   t2, a1, a2
core   0: 3 0x800011f2 (0x02c5b3b3) x 7 0x00000002
core   0: 0x800011f6 (0x00000c3e) c.slli  s8, 15
core   0: 3 0x800011f6 (0x0c3e) x24 0x40000000
core   0: 0x800011f8 (0x960f1d97) auipc   s11, 0x960f1
core   0: 3 0x800011f8 (0x960f1d97) x27 0x160f21f8
core   0: 0x800011fc (0xfe15f6e3) bgeu    a1, ra, pc - 20
core   0: 3 0x800011fc (0xfe15f6e3)
core   0: 0x80001200 (0x40ba5213) srai    tp, s4, 11
core   0: 3 0x80001200 (0x40ba5213) x 4 0xfff00000
core   0: 0x80001204 (0xfa2645e3) blt     a2, sp, pc - 86
core   0: 3 0x80001204 (0xfa2645e3)
core   0: 0x800011ae (0x000086c6) c.mv    a3, a7
core   0: 3 0x800011ae (0x86c6) x13 0x0001a000
core   0: 0x800011b0 (0x00000611) c.addi  a2, 4
core   0: 3 0x800011b0 (0x0611) x12 0x00000002
core   0: 0x800011b2 (0x1e374697) auipc   a3, 0x1e374
core   0: 3 0x800011b2 (0x1e374697) x13 0x9e3751b2
core   0: 0x800011b6 (0x0ff0000f) fence   iorw,iorw
core   0: 3 0x800011b6 (0x0ff0000f)
core   0: 0x800011ba (0x77398a93) addi    s5, s3, 1907
core   0: 3 0x800011ba (0x77398a93) x21 0x00000774
core   0: 0x800011be (0x00400593) li      a1, 4
core   0: 3 0x800011be (0x00400593) x11 0x00000004
core   0: 0x800011c2 (0x000d5513) srli    a0, s10, 0
core   0: 3 0x800011c2 (0x000d5513) x10 0xffffffff
core   0: 0x800011c6 (0x00c593b3) sll     t2, a1, a2
core   0: 3 0x800011c6 (0x00c593b3) x 7 0x00000010
core   0: 0x800011ca (0x80877313) andi    t1, a4, -2040
core   0: 3 0x800011ca (0x80877313) x 6 0x00000000
core   0: 0x800011ce (0x02e686b3) mul     a3, a3, a4
core   0: 3 0x800011ce (0x02e686b3) x13 0x9e3751b2
core   0: 0x800011d2 (0x000083b5) c.srli  a5, 13
core   0: 3 0x800011d2 (0x83b5) x15 0x00000000
core   0: 0x800011d4 (0x037b7f33) remu    t5, s6, s7
core   0: 3 0x800011d4 (0x037b7f33) x30 0x7ffd931b
core   0: 0x800011d8 (0x00400093) li      ra, 4
core   0: 3 0x800011d8 (0x00400093) x 1 0x00000004
core   0: 0x800011dc (0xb10fb993) sltiu   s3, t6, -1264
core   0: 3 0x800011dc (0xb10fb993) x19 0x00000001
core   0: 0x800011e0 (0x03c5c713) xori    a4, a1, 60
core   0: 3 0x800011e0 (0x03c5c713) x14 0x00000038
core   0: 0x800011e4 (0x346ba713) slti    a4, s7, 838
core   0: 3 0x800011e4 (0x346ba713) x14 0x00000001
core   0: 0x800011e8 (0x00fbb833) sltu    a6, s7, a5
core   0: 3 0x800011e8 (0x00fbb833) x16 0x00000000
core   0: 0x800011ec (0x00a09393) slli    t2, ra, 10
core   0: 3 0x800011ec (0x00a09393) x 7 0x00001000
core   0: 0x800011f0 (0x000015fd) c.addi  a1, -1
core   0: 3 0x800011f0 (0x15fd) x11 0x00000003
core   0: 0x800011f2 (0x02c5b3b3) mulhu   t2, a1, a2
core   0: 3 0x800011f2 (0x02c5b3b3) x 7 0x00000000
core   0: 0x800011f6 (0x00000c3e) c.slli  s8, 15
core   0: 3 0x800011f6 (0x0c3e) x24 0x00000000
core   0: 0x800011f8 (0x960f1d97) auipc   s11, 0x960f1
core   0: 3 0x800011f8 (0x960f1d97) x27 0x160f21f8
core   0: 0x800011fc (0xfe15f6e3) bgeu    a1, ra, pc - 20
core   0: 3 0x800011fc (0xfe15f6e3)
core   0: 0x80001200 (0x40ba5213) srai    tp, s4, 11
core   0: 3 0x80001200 (0x40ba5213) x 4 0xfff00000
core   0: 0x80001204 (0xfa2645e3) blt     a2, sp, pc - 86
core   0: 3 0x80001204 (0xfa2645e3)
core   0: 0x80001208 (0x01e5a4b3) slt     s1, a1, t5
core   0: 3 0x80001208 (0x01e5a4b3) x 9 0x00000001
core   0: 0x8000120c (0x02c5d363) bge     a1, a2, pc + 38
core   0: 3 0x8000120c (0x02c5d363)
core   0: 0x80001232 (0x01d1c2b3) xor     t0, gp, t4
core   0: 3 0x80001232 (0x01d1c2b3) x 5 0x8dffffff
core   0: 0x80001236 (0x0000100f) fence.i
core   0: 3 0x80001236 (0x0000100f)
core   0: 0x8000123a (0x019cd333) srl     t1, s9, s9
core   0: 3 0x8000123a (0x019cd333) x 6 0x80000000
core   0: 0x8000123e (0xee14c413) xori    s0, s1, -287
core   0: 3 0x8000123e (0xee14c413) x 8 0xfffffee0
core   0: 0x80001242 (0x00884cb3) xor     s9, a6, s0
core   0: 3 0x80001242 (0x00884cb3) x25 0xfffffee0
core   0: 0x80001246 (0x03967563) bgeu    a2, s9, pc + 42
core   0: 3 0x80001246 (0x03967563)
core   0: 0x8000124a (0x00008571) c.srai  a0, 28
core   0: 3 0x8000124a (0x8571) x10 0xffffffff
core   0: 0x8000124c (0x30d0b213) sltiu   tp, ra, 781
core   0: 3 0x8000124c (0x30d0b213) x 4 0x00000001
core   0: 0x80001250 (0x09cf0fb7) lui     t6, 0x9cf0
core   0: 3 0x80001250 (0x09cf0fb7) x31 0x09cf0000
core   0: 0x80001254 (0x029edf33) divu    t5, t4, s1
core   0: 3 0x80001254 (0x029edf33) x30 0x72000000
core   0: 0x80001258 (0x00006755) c.lui   a4, 0x15
core   0: 3 0x80001258 (0x6755) x14 0x00015000
core   0: 0x8000125a (0x00008c69) c.and   s0, a0
core   0: 3 0x8000125a (0x8c69) x 8 0xfffffee0
core   0: 0x8000125c (0x0348d363) bge     a7, s4, pc + 38
core   0: 3 0x8000125c (0x0348d363)
core   0: 0x80001282 (0x00000001) c.nop
core   0: 3 0x80001282 (0x0001)
core   0: 0x80001284 (0x0209d633) divu    a2, s3, zero
core   0: 3 0x80001284 (0x0209d633) x12 0xffffffff
core   0: 0x80001288 (0x030927b3) mulhsu  a5, s2, a6
core   0: 3 0x80001288 (0x030927b3) x15 0x00000000
core   0: 0x8000128c (0x018c66b3) or      a3, s8, s8
core   0: 3 0x8000128c (0x018c66b3) x13 0x00000000
core   0: 0x80001290 (0x41cad9b3) sra     s3, s5, t3
core   0: 3 0x80001290 (0x41cad9b3) x19 0x00000077
core   0: 0x80001294 (0x00008ed1) c.or    a3, a2
core   0: 3 0x80001294 (0x8ed1) x13 0xffffffff
core   0: 0x80001296 (0x948e65b7) lui     a1, 0x948e6
core   0: 3 0x80001296 (0x948e65b7) x11 0x948e6000
core   0: 0x8000129a (0x000067bd) c.lui   a5, 0xf
core   0: 3 0x8000129a (0x67bd) x15 0x0000f000
core   0: 0x8000129c (0x01b2d613) srli    a2, t0, 27
core   0: 3 0x8000129c (0x01b2d613) x12 0x00000011
core   0: 0x800012a0 (0x00000001) c.nop
core   0: 3 0x800012a0 (0x0001)
core   0: 0x800012a2 (0x0000e705) c.bnez  a4, pc + 40
core   0: 3 0x800012a2 (0xe705)
core   0: 0x800012ca (0x0000c099) c.beqz  s1, pc + 6
core   0: 3 0x800012ca (0xc099)
core   0: 0x800012cc (0x02fe8933) mul     s2, t4, a5
core   0: 3 0x800012cc (0x02fe8933) x18 0x00000000
core   0: 0x800012d0 (0x4086d7b3) sra     a5, a3, s0
core   0: 3 0x800012d0 (0x4086d7b3) x15 0xffffffff
core   0: 0x800012d4 (0x0000717d) c.addi16sp sp, -16
core   0: 3 0x800012d4 (0x717d) x 2 0xfffffff2
core   0: 0x800012d6 (0x0000997d) c.andi  a0, -1
core   0: 3 0x800012d6 (0x997d) x10 0xffffffff
core   0: 0x800012d8 (0x0514f563) bgeu    s1, a7, pc + 74
core   0: 3 0x800012d8 (0x0514f563)
core   0: 0x800012dc (0x00008312) c.mv    t1, tp
core   0: 3 0x800012dc (0x8312) x 6 0x00000001
core   0: 0x800012de (0x00180433) add     s0, a6, ra
core   0: 3 0x800012de (0x00180433) x 8 0x00000004
core   0: 0x800012e2 (0x00ef9213) slli    tp, t6, 14
core   0: 3 0x800012e2 (0x00ef9213) x 4 0xc0000000
core   0: 0x800012e6 (0x0092b0b3) sltu    ra, t0, s1
core   0: 3 0x800012e6 (0x0092b0b3) x 1 0x00000000
core   0: 0x800012ea (0x03dbe333) rem     t1, s7, t4
core   0: 3 0x800012ea (0x03dbe333) x 6 0xf2026ce4
core   0: 0x800012ee (0x0000035e) c.slli  t1, 23
core   0: 3 0x800012ee (0x035e) x 6 0x72000000
core   0: 0x800012f0 (0x61350793) addi    a5, a0, 1555
core   0: 3 0x800012f0 (0x61350793) x15 0x00000612
core   0: 0x800012f4 (0x024fef33) rem     t5, t6, tp
core   0: 3 0x800012f4 (0x024fef33) x30 0x09cf0000
core   0: 0x800012f8 (0x008841b3) xor     gp, a6, s0
core   0: 3 0x800012f8 (0x008841b3) x 3 0x00000004
core   0: 0x800012fc (0xe6a9e493) ori     s1, s3, -406
core   0: 3 0x800012fc (0xe6a9e493) x 9 0xfffffe7f
core   0: 0x80001300 (0x00505663) bge     zero, t0, pc + 12
core   0: 3 0x80001300 (0x00505663)
core   0: 0x8000130c (0x0387dfb3) divu    t6, a5, s8
core   0: 3 0x8000130c (0x0387dfb3) x31 0xffffffff
core   0: 0x80001310 (0x019f8333) add     t1, t6, s9
core   0: 3 0x80001310 (0x019f8333) x 6 0xfffffedf
core   0: 0x80001314 (0x411ad113) srai    sp, s5, 17
core   0: 3 0x80001314 (0x411ad113) x 2 0x00000000
core   0: 0x80001318 (0x00008241) c.srli  a2, 16
core   0: 3 0x80001318 (0x8241) x12 0x00000000
core   0: 0x8000131a (0x0042b033) sltu    zero, t0, tp
core   0: 3 0x8000131a (0x0042b033)
core   0: 0x8000131e (0x02a0d263) bge     ra, a0, pc + 36
core   0: 3 0x8000131e (0x02a0d263)
core   0: 0x80001342 (0x00741c63) bne     s0, t2, pc + 24
core   0: 3 0x80001342 (0x00741c63)
core   0: 0x8000135a (0x409b8cb3) sub     s9, s7, s1
core   0: 3 0x8000135a (0x409b8cb3) x25 0x80026e65
core   0: 0x8000135e (0x018f29b3) slt     s3, t5, s8
core   0: 3 0x8000135e (0x018f29b3) x19 0x00000000
core   0: 0x80001362 (0x40ccda93) srai    s5, s9, 12
core   0: 3 0x80001362 (0x40ccda93) x21 0xfff80026
core   0: 0x80001366 (0x0000064d) c.addi  a2, 19
core   0: 3 0x80001366 (0x064d) x12 0x00000013
core   0: 0x80001368 (0x00000c10) c.addi4spn a2, sp, 528
core   0: 3 0x80001368 (0x0c10) x12 0x00000210
core   0: 0x8000136a (0xfff00693) li      a3, -1
core   0: 3 0x8000136a (0xfff00693) x13 0xffffffff
core   0: 0x8000136e (0x0000127d) c.addi  tp, -1
core   0: 3 0x8000136e (0x127d) x 4 0xbfffffff
core   0: 0x80001370 (0x00300113) li      sp, 3
core   0: 3 0x80001370 (0x00300113) x 2 0x00000003
core   0: 0x80001374 (0x01508033) add     zero, ra, s5
core   0: 3 0x80001374 (0x01508033)
core   0: 0x80001378 (0x00000691) c.addi  a3, 4
core   0: 3 0x80001378 (0x0691) x13 0x00000003
core   0: 0x8000137a (0x41cb8233) sub     tp, s7, t3
core   0: 3 0x8000137a (0x41cb8233) x 4 0x00003e80
core   0: 0x8000137e (0x40a4deb3) sra     t4, s1, a0
core   0: 3 0x8000137e (0x40a4deb3) x29 0xffffffff
core   0: 0x80001382 (0x01709413) slli    s0, ra, 23
core   0: 3 0x80001382 (0x01709413) x 8 0x00000000
core   0: 0x80001386 (0x014b1f93) slli    t6, s6, 20
core   0: 3 0x80001386 (0x014b1f93) x31 0xfff00000
core   0: 0x8000138a (0xffa00513) li      a0, -6
core   0: 3 0x8000138a (0xffa00513) x10 0xfffffffa
core   0: 0x8000138e (0x00e00393) li      t2, 14
core   0: 3 0x8000138e (0x00e00393) x 7 0x0000000e
core   0: 0x80001392 (0x015ba5b3) slt     a1, s7, s5
core   0: 3 0x80001392 (0x015ba5b3) x11 0x00000001
core   0: 0x80001396 (0x00000511) c.addi  a0, 4
core   0: 3 0x80001396 (0x0511) x10 0xfffffffe
core   0: 0x80001398 (0x63977617) auipc   a2, 0x63977
core   0: 3 0x80001398 (0x63977617) x12 0xe3978398
core   0: 0x8000139c (0xfe750be3) beq     a0, t2, pc - 10
core   0: 3 0x8000139c (0xfe750be3)
core   0: 0x800013a0 (0xfc26eae3) bltu    a3, sp, pc - 44
core   0: 3 0x800013a0 (0xfc26eae3)
core   0: 0x800013a4 (0x037ca8b3) mulhsu  a7, s9, s7
core   0: 3 0x800013a4 (0x037ca8b3) x17 0xc00000c6
core   0: 0x800013a8 (0x015d1793) slli    a5, s10, 21
core   0: 3 0x800013a8 (0x015d1793) x15 0xffe00000
core   0: 0x800013ac (0x412bd393) srai    t2, s7, 18
core   0: 3 0x800013ac (0x412bd393) x 7 0xffffe000
core   0: 0x800013b0 (0x00551193) slli    gp, a0, 5
core   0: 3 0x800013b0 (0x00551193) x 3 0xffffffc0
core   0: 0x800013b4 (0x000083b5) c.srli  a5, 13
core   0: 3 0x800013b4 (0x83b5) x15 0x0007ff00
core   0: 0x800013b6 (0x00000001) c.nop
core   0: 3 0x800013b6 (0x0001)
core   0: 0x800013b8 (0x408b02b3) sub     t0, s6, s0
core   0: 3 0x800013b8 (0x408b02b3) x 5 0xffffffff
core   0: 0x800013bc (0x4b0c3993) sltiu   s3, s8, 1200
core   0: 3 0x800013bc (0x4b0c3993) x19 0x00000001
core   0: 0x800013c0 (0x0000909a) c.add   ra, t1
core   0: 3 0x800013c0 (0x909a) x 1 0xfffffedf
core   0: 0x800013c2 (0x01bc8663) beq     s9, s11, pc + 12
core   0: 3 0x800013c2 (0x01bc8663)
core   0: 0x800013c6 (0x4e1bfa93) andi    s5, s7, 1249
core   0: 3 0x800013c6 (0x4e1bfa93) x21 0x000004e0
core   0: 0x800013ca (0x000e8733) add     a4, t4, zero
core   0: 3 0x800013ca (0x000e8733) x14 0xffffffff
core   0: 0x800013ce (0x033141b3) div     gp, sp, s3
core   0: 3 0x800013ce (0x033141b3) x 3 0x00000003
core   0: 0x800013d2 (0xdcbca493) slti    s1, s9, -565
core   0: 3 0x800013d2 (0xdcbca493) x 9 0x00000001
core   0: 0x800013d6 (0x0125f733) and     a4, a1, s2
core   0: 3 0x800013d6 (0x0125f733) x14 0x00000000
core   0: 0x800013da (0x0245cf33) div     t5, a1, tp
core   0: 3 0x800013da (0x0245cf33) x30 0x00000000
core   0: 0x800013de (0x02872633) mulhsu  a2, a4, s0
core   0: 3 0x800013de (0x02872633) x12 0x00000000
core   0: 0x800013e2 (0x00020533) add     a0, tp, zero
core   0: 3 0x800013e2 (0x00020533) x10 0x00003e80
core   0: 0x800013e6 (0x1b8b9237) lui     tp, 0x1b8b9
core   0: 3 0x800013e6 (0x1b8b9237) x 4 0x1b8b9000
core   0: 0x800013ea (0x0270aeb3) mulhsu  t4, ra, t2
core   0: 3 0x800013ea (0x0270aeb3) x29 0xfffffedf
core   0: 0x800013ee (0x0184e4b3) or      s1, s1, s8
core   0: 3 0x800013ee (0x0184e4b3) x 9 0x00000001
core   0: 0x800013f2 (0x00099833) sll     a6, s3, zero
core   0: 3 0x800013f2 (0x00099833) x16 0x00000001
core   0: 0x800013f6 (0x0092c6b3) xor     a3, t0, s1
core   0: 3 0x800013f6 (0x0092c6b3) x13 0xfffffffe
core   0: 0x800013fa (0x00ee9263) bne     t4, a4, pc + 4
core   0: 3 0x800013fa (0x00ee9263)
core   0: 0x800013fe (0x402a8cb3) sub     s9, s5, sp
core   0: 3 0x800013fe (0x402a8cb3) x25 0x000004dd
core   0: 0x80001402 (0x00009966) c.add   s2, s9
core   0: 3 0x80001402 (0x9966) x18 0x000004dd
core   0: 0x80001404 (0x2217b393) sltiu   t2, a5, 545
core   0: 3 0x80001404 (0x2217b393) x 7 0x00000000
core   0: 0x80001408 (0x016d1d63) bne     s10, s6, pc + 26
core   0: 3 0x80001408 (0x016d1d63)
core   0: 0x8000140c (0x0309c033) div     zero, s3, a6
core   0: 3 0x8000140c (0x0309c033)
core   0: 0x80001410 (0x000099fd) c.andi  a1, -1
core   0: 3 0x80001410 (0x99fd) x11 0x00000001
core   0: 0x80001412 (0x00000001) c.nop
core   0: 3 0x80001412 (0x0001)
core   0: 0x80001414 (0x0000100f) fence.i
core   0: 3 0x80001414 (0x0000100f)
core   0: 0x80001418 (0x03ca0763) beq     s4, t3, pc + 46
core   0: 3 0x80001418 (0x03ca0763)
core   0: 0x8000141c (0x01ed48b3) xor     a7, s10, t5
core   0: 3 0x8000141c (0x01ed48b3) x17 0xffffffff
core   0: 0x80001420 (0x00008ce2) c.mv    s9, s8
core   0: 3 0x80001420 (0x8ce2) x25 0x00000000
core   0: 0x80001422 (0x00bbe4b3) or      s1, s7, a1
core   0: 3 0x80001422 (0x00bbe4b3) x 9 0x80026ce5
core   0: 0x80001426 (0x000009e2) c.slli  s3, 24
core   0: 3 0x80001426 (0x09e2) x19 0x01000000
core   0: 0x80001428 (0x03ebd9b3) divu    s3, s7, t5
core   0: 3 0x80001428 (0x03ebd9b3) x19 0xffffffff
core   0: 0x8000142c (0x02cb3333) mulhu   t1, s6, a2
core   0: 3 0x8000142c (0x02cb3333) x 6 0x00000000
core   0: 0x80001430 (0x01ae4fb3) xor     t6, t3, s10
core   0: 3 0x80001430 (0x01ae4fb3) x31 0x7ffdd19b
core   0: 0x80001434 (0x000099fd) c.andi  a1, -1
core   0: 3 0x80001434 (0x99fd) x11 0x00000001
core   0: 0x80001436 (0x67724413) xori    s0, tp, 1655
core   0: 3 0x80001436 (0x67724413) x 8 0x1b8b9677
core   0: 0x8000143a (0x41c9d8b3) sra     a7, s3, t3
core   0: 3 0x8000143a (0x41c9d8b3) x17 0xffffffff
core   0: 0x8000143e (0xf29c3493) sltiu   s1, s8, -215
core   0: 3 0x8000143e (0xf29c3493) x 9 0x00000001
core   0: 0x80001442 (0x3c75fb13) andi    s6, a1, 967
core   0: 3 0x80001442 (0x3c75fb13) x22 0x00000001
core   0: 0x80001446 (0x00008f29) c.xor   a4, a0
core   0: 3 0x80001446 (0x8f29) x14 0x00003e80
core   0: 0x80001448 (0x3a3c4713) xori    a4, s8, 931
core   0: 3 0x80001448 (0x3a3c4713) x14 0x000003a3
core   0: 0x8000144c (0x0154cd33) xor     s10, s1, s5
core   0: 3 0x8000144c (0x0154cd33) x26 0x000004e1
core   0: 0x80001450 (0xc26fc413) xori    s0, t6, -986
core   0: 3 0x80001450 (0xc26fc413) x 8 0x80022dbd
core   0: 0x80001454 (0x00008569) c.srai  a0, 26
core   0: 3 0x80001454 (0x8569) x10 0x00000000
core   0: 0x80001456 (0x00008d1d) c.sub   a0, a5
core   0: 3 0x80001456 (0x8d1d) x10 0xfff80100
core   0: 0x80001458 (0x400d88b3) sub     a7, s11, zero
core   0: 3 0x80001458 (0x400d88b3) x17 0x160f21f8
core   0: 0x8000145c (0x03c9a9b3) mulhsu  s3, s3, t3
core   0: 3 0x8000145c (0x03c9a9b3) x19 0xffffffff
core   0: 0x80001460 (0x37278f93) addi    t6, a5, 882
core   0: 3 0x80001460 (0x37278f93) x31 0x00080272
core   0: 0x80001464 (0x00005efd) c.li    t4, -1
core   0: 3 0x80001464 (0x5efd) x29 0xffffffff
core   0: 0x80001466 (0x00000001) c.nop
core   0: 3 0x80001466 (0x0001)
core   0: 0x80001468 (0xc4d0e317) auipc   t1, 0xc4d0e
core   0: 3 0x80001468 (0xc4d0e317) x 6 0x44d0f468
core   0: 0x8000146c (0x0030c633) xor     a2, ra, gp
core   0: 3 0x8000146c (0x0030c633) x12 0xfffffedc
core   0: 0x80001470 (0xaae58e93) addi    t4, a1, -1362
core   0: 3 0x80001470 (0xaae58e93) x29 0xfffffaaf
core   0: 0x80001474 (0x00d89793) slli    a5, a7, 13
core   0: 3 0x80001474 (0x00d89793) x15 0xe43f0000
core   0: 0x80001478 (0xdf82e893) ori     a7, t0, -520
core   0: 3 0x80001478 (0xdf82e893) x17 0xffffffff
core   0: 0x8000147c (0x0283f6b3) remu    a3, t2, s0
core   0: 3 0x8000147c (0x0283f6b3) x13 0x00000000
core   0: 0x80001480 (0x022ce233) rem     tp, s9, sp
core   0: 3 0x80001480 (0x022ce233) x 4 0x00000000
core   0: 0x80001484 (0x0000ea0d) c.bnez  a2, pc + 50
core   0: 3 0x80001484 (0xea0d)
core   0: 0x800014b6 (0x0151dcb3) srl     s9, gp, s5
core   0: 3 0x800014b6 (0x0151dcb3) x25 0x00000003
core   0: 0x800014ba (0x01c75b33) srl     s6, a4, t3
core   0: 3 0x800014ba (0x01c75b33) x22 0x0000003a
core   0: 0x800014be (0x0691c093) xori    ra, gp, 105
core   0: 3 0x800014be (0x0691c093) x 1 0x0000006a
core   0: 0x800014c2 (0xd870e093) ori     ra, ra, -633
core   0: 3 0x800014c2 (0xd870e093) x 1 0xfffffdef
core   0: 0x800014c6 (0x000095f6) c.add   a1, t4
core   0: 3 0x800014c6 (0x95f6) x11 0xfffffab0
core   0: 0x800014c8 (0x0334c563) blt     s1, s3, pc + 42
core   0: 3 0x800014c8 (0x0334c563)
core   0: 0x800014cc (0x0386efb3) rem     t6, a3, s8
core   0: 3 0x800014cc (0x0386efb3) x31 0x00000000
core   0: 0x800014d0 (0x008d1fb3) sll     t6, s10, s0
core   0: 3 0x800014d0 (0x008d1fb3) x31 0x20000000
core   0: 0x800014d4 (0x00001508) c.addi4spn a0, sp, 672
core   0: 3 0x800014d4 (0x1508) x10 0x000002a3
core   0: 0x800014d6 (0x033d77b3) remu    a5, s10, s3
core   0: 3 0x800014d6 (0x033d77b3) x15 0x000004e1
core   0: 0x800014da (0x02d92f33) mulhsu  t5, s2, a3
core   0: 3 0x800014da (0x02d92f33) x30 0x00000000
core   0: 0x800014de (0x015efc33) and     s8, t4, s5
core   0: 3 0x800014de (0x015efc33) x24 0x000000a0
core   0: 0x800014e2 (0x01a99393) slli    t2, s3, 26
core   0: 3 0x800014e2 (0x01a99393) x 7 0xfc000000
core   0: 0x800014e6 (0x03405033) divu    zero, zero, s4
core   0: 3 0x800014e6 (0x03405033)
core   0: 0x800014ea (0x01c665b3) or      a1, a2, t3
core   0: 3 0x800014ea (0x01c665b3) x11 0xfffffefc
core   0: 0x800014ee (0x0000100f) fence.i
core   0: 3 0x800014ee (0x0000100f)
core   0: 0x800014f2 (0x03972f33) mulhsu  t5, a4, s9
core   0: 3 0x800014f2 (0x03972f33) x30 0x00000000
core   0: 0x800014f6 (0x03e3b2b3) mulhu   t0, t2, t5
core   0: 3 0x800014f6 (0x03e3b2b3) x 5 0x00000000
core   0: 0x800014fa (0x00000265) c.addi  tp, 25
core   0: 3 0x800014fa (0x0265) x 4 0x00000019
core   0: 0x800014fc (0x03bd10b3) mulh    ra, s10, s11
core   0: 3 0x800014fc (0x03bd10b3) x 1 0x0000006b
core   0: 0x80001500 (0x00008729) c.srai  a4, 10
core   0: 3 0x80001500 (0x8729) x14 0x00000000
core   0: 0x80001502 (0x0000100f) fence.i
core   0: 3 0x80001502 (0x0000100f)
core   0: 0x80001506 (0x00000001) c.nop
core   0: 3 0x80001506 (0x0001)
core   0: 0x80001508 (0x000090c2) c.add   ra, a6
core   0: 3 0x80001508 (0x90c2) x 1 0x0000006c
core   0: 0x8000150a (0x01c7bcb3) sltu    s9, a5, t3
core   0: 3 0x8000150a (0x01c7bcb3) x25 0x00000001
core   0: 0x8000150e (0x000002d2) c.slli  t0, 20
core   0: 3 0x8000150e (0x02d2) x 5 0x00000000
core   0: 0x80001510 (0x00009542) c.add   a0, a6
core   0: 3 0x80001510 (0x9542) x10 0x000002a4
core   0: 0x80001512 (0x017e3f33) sltu    t5, t3, s7
core   0: 3 0x80001512 (0x017e3f33) x30 0x00000001
core   0: 0x80001516 (0x00000446) c.slli  s0, 17
core   0: 3 0x80001516 (0x0446) x 8 0x5b7a0000
core   0: 0x80001518 (0x00000001) c.nop
core   0: 3 0x80001518 (0x0001)
core   0: 0x8000151a (0x03fda133) mulhsu  sp, s11, t6
core   0: 3 0x8000151a (0x03fda133) x 2 0x02c1e43f
core   0: 0x8000151e (0x00042133) slt     sp, s0, zero
core   0: 3 0x8000151e (0x00042133) x 2 0x00000000
core   0: 0x80001522 (0xa3f8c993) xori    s3, a7, -1473
core   0: 3 0x80001522 (0xa3f8c993) x19 0x000005c0
core   0: 0x80001526 (0x00008949) c.andi  a0, 18
core   0: 3 0x80001526 (0x8949) x10 0x00000000
core   0: 0x80001528 (0x02b00663) beq     zero, a1, pc + 44
core   0: 3 0x80001528 (0x02b00663)
core   0: 0x8000152c (0x0000cf9d) c.beqz  a5, pc + 62
core   0: 3 0x8000152c (0xcf9d)
core   0: 0x8000152e (0x02fc5033) divu    zero, s8, a5
core   0: 3 0x8000152e (0x02fc5033)
core   0: 0x80001532 (0x6b427393) andi    t2, tp, 1716
core   0: 3 0x80001532 (0x6b427393) x 7 0x00000010
core   0: 0x80001536 (0x0b97ee93) ori     t4, a5, 185
core   0: 3 0x80001536 (0x0b97ee93) x29 0x000004f9
core   0: 0x8000153a (0x00000001) c.nop
core   0: 3 0x8000153a (0x0001)
core   0: 0x8000153c (0x026e77b3) remu    a5, t3, t1
core   0: 3 0x8000153c (0x026e77b3) x15 0x3b3139fc
core   0: 0x80001540 (0x2e37c3b7) lui     t2, 0x2e37c
core   0: 3 0x80001540 (0x2e37c3b7) x 7 0x2e37c000
core   0: 0x80001544 (0xe1247a93) andi    s5, s0, -494
core   0: 3 0x80001544 (0xe1247a93) x21 0x5b7a0000
core   0: 0x80001548 (0x028368b3) rem     a7, t1, s0
core   0: 3 0x80001548 (0x028368b3) x17 0x44d0f468
core   0: 0x8000154c (0x0000e989) c.bnez  a1, pc + 18
core   0: 3 0x8000154c (0xe989)
core   0: 0x8000155e (0x39c0b193) sltiu   gp, ra, 924
core   0: 3 0x8000155e (0x39c0b193) x 3 0x00000001
core   0: 0x80001562 (0xee888593) addi    a1, a7, -280
core   0: 3 0x80001562 (0xee888593) x11 0x44d0f350
core   0: 0x80001566 (0x22062493) slti    s1, a2, 544
core   0: 3 0x80001566 (0x22062493) x 9 0x00000001
core   0: 0x8000156a (0x02b45c33) divu    s8, s0, a1
core   0: 3 0x8000156a (0x02b45c33) x24 0x00000001
core   0: 0x8000156e (0x000019fd) c.addi  s3, -1
core   0: 3 0x8000156e (0x19fd) x19 0x000005bf
core   0: 0x80001570 (0x03b357b3) divu    a5, t1, s11
core   0: 3 0x80001570 (0x03b357b3) x15 0x00000003
core   0: 0x80001574 (0x00008ead) c.xor   a3, a1
core   0: 3 0x80001574 (0x8ead) x13 0x44d0f350
core   0: 0x80001576 (0x00009b6e) c.add   s6, s11
core   0: 3 0x80001576 (0x9b6e) x22 0x160f2232
core   0: 0x80001578 (0x02033d33) mulhu   s10, t1, zero
core   0: 3 0x80001578 (0x02033d33) x26 0x00000000
core   0: 0x8000157c (0x01514863) blt     sp, s5, pc + 16
core   0: 3 0x8000157c (0x01514863)
core   0: 0x8000158c (0x0389e9b3) rem     s3, s3, s8
core   0: 3 0x8000158c (0x0389e9b3) x19 0x00000000
core   0: 0x80001590 (0xc1dfb513) sltiu   a0, t6, -995
core   0: 3 0x80001590 (0xc1dfb513) x10 0x00000001
core   0: 0x80001594 (0x00853233) sltu    tp, a0, s0
core   0: 3 0x80001594 (0x00853233) x 4 0x00000001
core   0: 0x80001598 (0x0221f133) remu    sp, gp, sp
core   0: 3 0x80001598 (0x0221f133) x 2 0x00000001
core   0: 0x8000159c (0x00006145) c.addi16sp sp, 48
core   0: 3 0x8000159c (0x6145) x 2 0x00000031
core   0: 0x8000159e (0x0000127d) c.addi  tp, -1
core   0: 3 0x8000159e (0x127d) x 4 0x00000000
core   0: 0x800015a0 (0x000090ee) c.add   ra, s11
core   0: 3 0x800015a0 (0x90ee) x 1 0x160f2264
core   0: 0x800015a2 (0x00005d7d) c.li    s10, -1
core   0: 3 0x800015a2 (0x5d7d) x26 0xffffffff
core   0: 0x800015a4 (0x004ad6b3) srl     a3, s5, tp
core   0: 3 0x800015a4 (0x004ad6b3) x13 0x5b7a0000
core   0: 0x800015a8 (0x0ff0000f) fence   iorw,iorw
core   0: 3 0x800015a8 (0x0ff0000f)
core   0: 0x800015ac (0x00008726) c.mv    a4, s1
core   0: 3 0x800015ac (0x8726) x14 0x00000001
core   0: 0x800015ae (0xe644e717) auipc   a4, 0xe644e
core   0: 3 0x800015ae (0xe644e717) x14 0x6644f5ae
core   0: 0x800015b2 (0x000004b2) c.slli  s1, 12
core   0: 3 0x800015b2 (0x04b2) x 9 0x00001000
core   0: 0x800015b4 (0x00000001) c.nop
core   0: 3 0x800015b4 (0x0001)
core   0: 0x800015b6 (0x01697763) bgeu    s2, s6, pc + 14
core   0: 3 0x800015b6 (0x01697763)
core   0: 0x800015ba (0x8fedac13) slti    s8, s11, -1794
core   0: 3 0x800015ba (0x8fedac13) x24 0x00000000
core   0: 0x800015be (0x0000049e) c.slli  s1, 7
core   0: 3 0x800015be (0x049e) x 9 0x00080000
core   0: 0x800015c0 (0x00008d21) c.xor   a0, s0
core   0: 3 0x800015c0 (0x8d21) x10 0x5b7a0001
core   0: 0x800015c2 (0x00000b1e) c.slli  s6, 7
core   0: 3 0x800015c2 (0x0b1e) x22 0x07911900
core   0: 0x800015c4 (0x0000100f) fence.i
core   0: 3 0x800015c4 (0x0000100f)
core   0: 0x800015c8 (0x00008e85) c.sub   a3, s1
core   0: 3 0x800015c8 (0x8e85) x13 0x5b720000
core   0: 0x800015ca (0x07b44663) blt     s0, s11, pc + 108
core   0: 3 0x800015ca (0x07b44663)
core   0: 0x800015ce (0x01dc74b3) and     s1, s8, t4
core   0: 3 0x800015ce (0x01dc74b3) x 9 0x00000000
core   0: 0x800015d2 (0x0000808a) c.mv    ra, sp
core   0: 3 0x800015d2 (0x808a) x 1 0x00000031
core   0: 0x800015d4 (0x0000c531) c.beqz  a0, pc + 76
core   0: 3 0x800015d4 (0xc531)
core   0: 0x800015d6 (0x00700393) li      t2, 7
core   0: 3 0x800015d6 (0x00700393) x 7 0x00000007
core   0: 0x800015da (0x0000547d) c.li    s0, -1
core   0: 3 0x800015da (0x547d) x 8 0xffffffff
core   0: 0x800015dc (0x00008b39) c.andi  a4, 14
core   0: 3 0x800015dc (0x8b39) x14 0x0000000e
core   0: 0x800015de (0x01300c93) li      s9, 19
core   0: 3 0x800015de (0x01300c93) x25 0x00000013
core   0: 0x800015e2 (0x022f0633) mul     a2, t5, sp
core   0: 3 0x800015e2 (0x022f0633) x12 0x00000031
core   0: 0x800015e6 (0x036224b3) mulhsu  s1, tp, s6
core   0: 3 0x800015e6 (0x036224b3) x 9 0x00000000
core   0: 0x800015ea (0xf272f513) andi    a0, t0, -217
core   0: 3 0x800015ea (0xf272f513) x10 0x00000000
core   0: 0x800015ee (0x033d9933) mulh    s2, s11, s3
core   0: 3 0x800015ee (0x033d9933) x18 0x00000000
core   0: 0x800015f2 (0x00001d00) c.addi4spn s0, sp, 688
core   0: 3 0x800015f2 (0x1d00) x 8 0x000002e1
core   0: 0x800015f4 (0xf3ebf213) andi    tp, s7, -194
core   0: 3 0x800015f4 (0xf3ebf213) x 4 0x80026c24
core   0: 0x800015f8 (0x0000038d) c.addi  t2, 3
core   0: 3 0x800015f8 (0x038d) x 7 0x0000000a
core   0: 0x800015fa (0x000001ca) c.slli  gp, 18
core   0: 3 0x800015fa (0x01ca) x 3 0x00040000
core   0: 0x800015fc (0xbf26fd13) andi    s10, a3, -1038
core   0: 3 0x800015fc (0xbf26fd13) x26 0x5b720000
core   0: 0x80001600 (0x0ff0000f) fence   iorw,iorw
core   0: 3 0x80001600 (0x0ff0000f)
core   0: 0x80001604 (0x45a93e93) sltiu   t4, s2, 1114
core   0: 3 0x80001604 (0x45a93e93) x29 0x00000001
core   0: 0x80001608 (0x007a9c33) sll     s8, s5, t2
core   0: 3 0x80001608 (0x007a9c33) x24 0xe8000000
core   0: 0x8000160c (0x40165733) sra     a4, a2, ra
core   0: 3 0x8000160c (0x40165733) x14 0x00000000
core   0: 0x80001610 (0x000009e2) c.slli  s3, 24
core   0: 3 0x80001610 (0x09e2) x19 0x00000000
core   0: 0x80001612 (0x00000001) c.nop
core   0: 3 0x80001612 (0x0001)
core   0: 0x80001614 (0xfd93cbe3) blt     t2, s9, pc - 42
core   0: 3 0x80001614 (0xfd93cbe3)
core   0: 0x800015ea (0xf272f513) andi    a0, t0, -217
core   0: 3 0x800015ea (0xf272f513) x10 0x00000000
core   0: 0x800015ee (0x033d9933) mulh    s2, s11, s3
core   0: 3 0x800015ee (0x033d9933) x18 0x00000000
core   0: 0x800015f2 (0x00001d00) c.addi4spn s0, sp, 688
core   0: 3 0x800015f2 (0x1d00) x 8 0x000002e1
core   0: 0x800015f4 (0xf3ebf213) andi    tp, s7, -194
core   0: 3 0x800015f4 (0xf3ebf213) x 4 0x80026c24
core   0: 0x800015f8 (0x0000038d) c.addi  t2, 3
core   0: 3 0x800015f8 (0x038d) x 7 0x0000000d
core   0: 0x800015fa (0x000001ca) c.slli  gp, 18
core   0: 3 0x800015fa (0x01ca) x 3 0x00000000
core   0: 0x800015fc (0xbf26fd13) andi    s10, a3, -1038
core   0: 3 0x800015fc (0xbf26fd13) x26 0x5b720000
core   0: 0x80001600 (0x0ff0000f) fence   iorw,iorw
core   0: 3 0x80001600 (0x0ff0000f)
core   0: 0x80001604 (0x45a93e93) sltiu   t4, s2, 1114
core   0: 3 0x80001604 (0x45a93e93) x29 0x00000001
core   0: 0x80001608 (0x007a9c33) sll     s8, s5, t2
core   0: 3 0x80001608 (0x007a9c33) x24 0x40000000
core   0: 0x8000160c (0x40165733) sra     a4, a2, ra
core   0: 3 0x8000160c (0x40165733) x14 0x00000000
core   0: 0x80001610 (0x000009e2) c.slli  s3, 24
core   0: 3 0x80001610 (0x09e2) x19 0x00000000
core   0: 0x80001612 (0x00000001) c.nop
core   0: 3 0x80001612 (0x0001)
core   0: 0x80001614 (0xfd93cbe3) blt     t2, s9, pc - 42
core   0: 3 0x80001614 (0xfd93cbe3)
core   0: 0x800015ea (0xf272f513) andi    a0, t0, -217
core   0: 3 0x800015ea (0xf272f513) x10 0x00000000
core   0: 0x800015ee (0x033d9933) mulh    s2, s11, s3
core   0: 3 0x800015ee (0x033d9933) x18 0x00000000
core   0: 0x800015f2 (0x00001d00) c.addi4spn s0, sp, 688
core   0: 3 0x800015f2 (0x1d00) x 8 0x000002e1
core   0: 0x800015f4 (0xf3ebf213) andi    tp, s7, -194
core   0: 3 0x800015f4 (0xf3ebf213) x 4 0x80026c24
core   0: 0x800015f8 (0x0000038d) c.addi  t2, 3
core   0: 3 0x800015f8 (0x038d) x 7 0x00000010
core   0: 0x800015fa (0x000001ca) c.slli  gp, 18
core   0: 3 0x800015fa (0x01ca) x 3 0x00000000
core   0: 0x800015fc (0xbf26fd13) andi    s10, a3, -1038
core   0: 3 0x800015fc (0xbf26fd13) x26 0x5b720000
core   0: 0x80001600 (0x0ff0000f) fence   iorw,iorw
core   0: 3 0x80001600 (0x0ff0000f)
core   0: 0x80001604 (0x45a93e93) sltiu   t4, s2, 1114
core   0: 3 0x80001604 (0x45a93e93) x29 0x00000001
core   0: 0x80001608 (0x007a9c33) sll     s8, s5, t2
core   0: 3 0x80001608 (0x007a9c33) x24 0x00000000
core   0: 0x8000160c (0x40165733) sra     a4, a2, ra
core   0: 3 0x8000160c (0x40165733) x14 0x00000000
core   0: 0x80001610 (0x000009e2) c.slli  s3, 24
core   0: 3 0x80001610 (0x09e2) x19 0x00000000
core   0: 0x80001612 (0x00000001) c.nop
core   0: 3 0x80001612 (0x0001)
core   0: 0x80001614 (0xfd93cbe3) blt     t2, s9, pc - 42
core   0: 3 0x80001614 (0xfd93cbe3)
core   0: 0x800015ea (0xf272f513) andi    a0, t0, -217
core   0: 3 0x800015ea (0xf272f513) x10 0x00000000
core   0: 0x800015ee (0x033d9933) mulh    s2, s11, s3
core   0: 3 0x800015ee (0x033d9933) x18 0x00000000
core   0: 0x800015f2 (0x00001d00) c.addi4spn s0, sp, 688
core   0: 3 0x800015f2 (0x1d00) x 8 0x000002e1
core   0: 0x800015f4 (0xf3ebf213) andi    tp, s7, -194
core   0: 3 0x800015f4 (0xf3ebf213) x 4 0x80026c24
core   0: 0x800015f8 (0x0000038d) c.addi  t2, 3
core   0: 3 0x800015f8 (0x038d) x 7 0x00000013
core   0: 0x800015fa (0x000001ca) c.slli  gp, 18
core   0: 3 0x800015fa (0x01ca) x 3 0x00000000
core   0: 0x800015fc (0xbf26fd13) andi    s10, a3, -1038
core   0: 3 0x800015fc (0xbf26fd13) x26 0x5b720000
core   0: 0x80001600 (0x0ff0000f) fence   iorw,iorw
core   0: 3 0x80001600 (0x0ff0000f)
core   0: 0x80001604 (0x45a93e93) sltiu   t4, s2, 1114
core   0: 3 0x80001604 (0x45a93e93) x29 0x00000001
core   0: 0x80001608 (0x007a9c33) sll     s8, s5, t2
core   0: 3 0x80001608 (0x007a9c33) x24 0x00000000
core   0: 0x8000160c (0x40165733) sra     a4, a2, ra
core   0: 3 0x8000160c (0x40165733) x14 0x00000000
core   0: 0x80001610 (0x000009e2) c.slli  s3, 24
core   0: 3 0x80001610 (0x09e2) x19 0x00000000
core   0: 0x80001612 (0x00000001) c.nop
core   0: 3 0x80001612 (0x0001)
core   0: 0x80001614 (0xfd93cbe3) blt     t2, s9, pc - 42
core   0: 3 0x80001614 (0xfd93cbe3)
core   0: 0x80001618 (0x41075033) sra     zero, a4, a6
core   0: 3 0x80001618 (0x41075033)
core   0: 0x8000161c (0x00009626) c.add   a2, s1
core   0: 3 0x8000161c (0x9626) x12 0x00000031
core   0: 0x8000161e (0x0000c505) c.beqz  a0, pc + 40
core   0: 3 0x8000161e (0xc505)
core   0: 0x80001646 (0x00008afd) c.andi  a3, 31
core   0: 3 0x80001646 (0x8afd) x13 0x00000000
core   0: 0x80001648 (0x00000001) c.nop
core   0: 3 0x80001648 (0x0001)
core   0: 0x8000164a (0x0107a733) slt     a4, a5, a6
core   0: 3 0x8000164a (0x0107a733) x14 0x00000000
core   0: 0x8000164e (0x0179d8b3) srl     a7, s3, s7
core   0: 3 0x8000164e (0x0179d8b3) x17 0x00000000
core   0: 0x80001652 (0xf516ed93) ori     s11, a3, -175
core   0: 3 0x80001652 (0xf516ed93) x27 0xffffff51
core   0: 0x80001656 (0x0ff0000f) fence   iorw,iorw
core   0: 3 0x80001656 (0x0ff0000f)
core   0: 0x8000165a (0x40f308b3) sub     a7, t1, a5
core   0: 3 0x8000165a (0x40f308b3) x17 0x44d0f465
core   0: 0x8000165e (0x01ce45b3) xor     a1, t3, t3
core   0: 3 0x8000165e (0x01ce45b3) x11 0x00000000
core   0: 0x80001662 (0x00008e19) c.sub   a2, a4
core   0: 3 0x80001662 (0x8e19) x12 0x00000031
core   0: 0x80001664 (0x02c6f433) remu    s0, a3, a2
core   0: 3 0x80001664 (0x02c6f433) x 8 0x00000000
core   0: 0x80001668 (0x00158b63) beq     a1, ra, pc + 22
core   0: 3 0x80001668 (0x00158b63)
core   0: 0x8000166c (0x00000c85) c.addi  s9, 1
core   0: 3 0x8000166c (0x0c85) x25 0x00000014
core   0: 0x8000166e (0x0000432d) c.li    t1, 11
core   0: 3 0x8000166e (0x432d) x 6 0x0000000b
core   0: 0x80001670 (0x03859c33) mulh    s8, a1, s8
core   0: 3 0x80001670 (0x03859c33) x24 0x00000000
core   0: 0x80001674 (0x021ecb33) div     s6, t4, ra
core   0: 3 0x80001674 (0x021ecb33) x22 0x00000000
core   0: 0x80001678 (0x02163633) mulhu   a2, a2, ra
core   0: 3 0x80001678 (0x02163633) x12 0x00000000
core   0: 0x8000167c (0x0000151c) c.addi4spn a5, sp, 672
core   0: 3 0x8000167c (0x151c) x15 0x000002d1
core   0: 0x8000167e (0x00009d26) c.add   s10, s1
core   0: 3 0x8000167e (0x9d26) x26 0x5b720000
core   0: 0x80001680 (0x010f2c33) slt     s8, t5, a6
core   0: 3 0x80001680 (0x010f2c33) x24 0x00000000
core   0: 0x80001684 (0x00008e6d) c.and   a2, a1
core   0: 3 0x80001684 (0x8e6d) x12 0x00000000
core   0: 0x80001686 (0x00008eed) c.and   a3, a1
core   0: 3 0x80001686 (0x8eed) x13 0x00000000
core   0: 0x80001688 (0x000067e1) c.lui   a5, 0x18
core   0: 3 0x80001688 (0x67e1) x15 0x00018000
core   0: 0x8000168a (0x027c3fb3) mulhu   t6, s8, t2
core   0: 3 0x8000168a (0x027c3fb3) x31 0x00000000
core   0: 0x8000168e (0x00009866) c.add   a6, s9
core   0: 3 0x8000168e (0x9866) x16 0x00000015
core   0: 0x80001690 (0x012c9c63) bne     s9, s2, pc + 24
core   0: 3 0x80001690 (0x012c9c63)
core   0: 0x800016a8 (0x01887733) and     a4, a6, s8
core   0: 3 0x800016a8 (0x01887733) x14 0x00000000
core   0: 0x800016ac (0x00008f05) c.sub   a4, s1
core   0: 3 0x800016ac (0x8f05) x14 0x00000000
core   0: 0x800016ae (0x0000615d) c.addi16sp sp, 432
core   0: 3 0x800016ae (0x615d) x 2 0x000001e1
core   0: 0x800016b0 (0xd4548113) addi    sp, s1, -699
core   0: 3 0x800016b0 (0xd4548113) x 2 0xfffffd45
core   0: 0x800016b4 (0x0111acb3) slt     s9, gp, a7
core   0: 3 0x800016b4 (0x0111acb3) x25 0x00000001
core   0: 0x800016b8 (0x0000717d) c.addi16sp sp, -16
core   0: 3 0x800016b8 (0x717d) x 2 0xfffffd35
core   0: 0x800016ba (0x0000c839) c.beqz  s0, pc + 86
core   0: 3 0x800016ba (0xc839)
core   0: 0x80001710 (0x41745393) srai    t2, s0, 23
core   0: 3 0x80001710 (0x41745393) x 7 0x00000000
core   0: 0x80001714 (0xe6ea3e97) auipc   t4, 0xe6ea3
core   0: 3 0x80001714 (0xe6ea3e97) x29 0x66ea4714
core   0: 0x80001718 (0x00a96f63) bltu    s2, a0, pc + 30
core   0: 3 0x80001718 (0x00a96f63)
core   0: 0x8000171c (0x0000c69d) c.beqz  a3, pc + 46
core   0: 3 0x8000171c (0xc69d)
core   0: 0x8000174a (0x001577b3) and     a5, a0, ra
core   0: 3 0x8000174a (0x001577b3) x15 0x00000000
core   0: 0x8000174e (0x0000717d) c.addi16sp sp, -16
core   0: 3 0x8000174e (0x717d) x 2 0xfffffd25
core   0: 0x80001750 (0x000061bd) c.lui   gp, 0xf
core   0: 3 0x80001750 (0x61bd) x 3 0x0000f000
core   0: 0x80001752 (0x0098cfb3) xor     t6, a7, s1
core   0: 3 0x80001752 (0x0098cfb3) x31 0x44d0f465
core   0: 0x80001756 (0x00008c49) c.or    s0, a0
core   0: 3 0x80001756 (0x8c49) x 8 0x00000000
core   0: 0x80001758 (0x039d8063) beq     s11, s9, pc + 32
core   0: 3 0x80001758 (0x039d8063)
core   0: 0x8000175c (0x21428513) addi    a0, t0, 532
core   0: 3 0x8000175c (0x21428513) x10 0x00000214
core   0: 0x80001760 (0x00406c33) or      s8, zero, tp
core   0: 3 0x80001760 (0x00406c33) x24 0x80026c24
core   0: 0x80001764 (0x003ccf63) blt     s9, gp, pc + 30
core   0: 3 0x80001764 (0x003ccf63)
core   0: 0x80001782 (0x00bf3f33) sltu    t5, t5, a1
core   0: 3 0x80001782 (0x00bf3f33) x30 0x00000000
core   0: 0x80001786 (0x013fd033) srl     zero, t6, s3
core   0: 3 0x80001786 (0x013fd033)
core   0: 0x8000178a (0x8926fc13) andi    s8, a3, -1902
core   0: 3 0x8000178a (0x8926fc13) x24 0x00000000
core   0: 0x8000178e (0x00000814) c.addi4spn a3, sp, 16
core   0: 3 0x8000178e (0x0814) x13 0xfffffd35
core   0: 0x80001790 (0x00008045) c.srli  s0, 17
core   0: 3 0x80001790 (0x8045) x 8 0x00000000
core   0: 0x80001792 (0x01fe7963) bgeu    t3, t6, pc + 18
core   0: 3 0x80001792 (0x01fe7963)
core   0: 0x800017a4 (0x6dfc8393) addi    t2, s9, 1759
core   0: 3 0x800017a4 (0x6dfc8393) x 7 0x000006e0
core   0: 0x800017a8 (0x008f8ab3) add     s5, t6, s0
core   0: 3 0x800017a8 (0x008f8ab3) x21 0x44d0f465
core   0: 0x800017ac (0x0000c509) c.beqz  a0, pc + 10
core   0: 3 0x800017ac (0xc509)
core   0: 0x800017ae (0x4143db33) sra     s6, t2, s4
core   0: 3 0x800017ae (0x4143db33) x22 0x000006e0
core   0: 0x800017b2 (0x029d0233) mul     tp, s10, s1
core   0: 3 0x800017b2 (0x029d0233) x 4 0x00000000
core   0: 0x800017b6 (0x00c75633) srl     a2, a4, a2
core   0: 3 0x800017b6 (0x00c75633) x12 0x00000000
core   0: 0x800017ba (0x0000440d) c.li    s0, 3
core   0: 3 0x800017ba (0x440d) x 8 0x00000003
core   0: 0x800017bc (0x0000858a) c.mv    a1, sp
core   0: 3 0x800017bc (0x858a) x11 0xfffffd25
core   0: 0x800017be (0x01ed1213) slli    tp, s10, 30
core   0: 3 0x800017be (0x01ed1213) x 4 0x00000000
core   0: 0x800017c2 (0x02075933) divu    s2, a4, zero
core   0: 3 0x800017c2 (0x02075933) x18 0xffffffff
core   0: 0x800017c6 (0x02e13d33) mulhu   s10, sp, a4
core   0: 3 0x800017c6 (0x02e13d33) x26 0x00000000
core   0: 0x800017ca (0x00008cf5) c.and   s1, a3
core   0: 3 0x800017ca (0x8cf5) x 9 0x00000000
core   0: 0x800017cc (0x01c78d33) add     s10, a5, t3
core   0: 3 0x800017cc (0x01c78d33) x26 0x80022e64
core   0: 0x800017d0 (0x01d87733) and     a4, a6, t4
core   0: 3 0x800017d0 (0x01d87733) x14 0x00000014
core   0: 0x800017d4 (0x012358b3) srl     a7, t1, s2
core   0: 3 0x800017d4 (0x012358b3) x17 0x00000000
core   0: 0x800017d8 (0xf2313c93) sltiu   s9, sp, -221
core   0: 3 0x800017d8 (0xf2313c93) x25 0x00000001
core   0: 0x800017dc (0x02bf1633) mulh    a2, t5, a1
core   0: 3 0x800017dc (0x02bf1633) x12 0x00000000
core   0: 0x800017e0 (0xcc162b13) slti    s6, a2, -831
core   0: 3 0x800017e0 (0xcc162b13) x22 0x00000000
core   0: 0x800017e4 (0x030df5b3) remu    a1, s11, a6
core   0: 3 0x800017e4 (0x030df5b3) x11 0x00000012
core   0: 0x800017e8 (0x022d4c33) div     s8, s10, sp
core   0: 3 0x800017e8 (0x022d4c33) x24 0x002cd2c2
core   0: 0x800017ec (0xfe3f2517) auipc   a0, 0xfe3f2
core   0: 3 0x800017ec (0xfe3f2517) x10 0x7e3f37ec
core   0: 0x800017f0 (0x0111a933) slt     s2, gp, a7
core   0: 3 0x800017f0 (0x0111a933) x18 0x00000000
core   0: 0x800017f4 (0x032c4b63) blt     s8, s2, pc + 54
core   0: 3 0x800017f4 (0x032c4b63)
core   0: 0x800017f8 (0xa4617a93) andi    s5, sp, -1466
core   0: 3 0x800017f8 (0xa4617a93) x21 0xfffff804
core   0: 0x800017fc (0x019b5613) srli    a2, s6, 25
core   0: 3 0x800017fc (0x019b5613) x12 0x00000000
core   0: 0x80001800 (0x0000c891) c.beqz  s1, pc + 20
core   0: 3 0x80001800 (0xc891)
core   0: 0x80001814 (0x8b5313b7) lui     t2, 0x8b531
core   0: 3 0x80001814 (0x8b5313b7) x 7 0x8b531000
core   0: 0x80001818 (0x000085ee) c.mv    a1, s11
core   0: 3 0x80001818 (0x85ee) x11 0xffffff51
core   0: 0x8000181a (0x01be5a63) bge     t3, s11, pc + 20
core   0: 3 0x8000181a (0x01be5a63)
core   0: 0x8000181e (0x00000001) c.nop
core   0: 3 0x8000181e (0x0001)
core   0: 0x80001820 (0x0186ff63) bgeu    a3, s8, pc + 30
core   0: 3 0x80001820 (0x0186ff63)
core   0: 0x8000183e (0x03567ab3) remu    s5, a2, s5
core   0: 3 0x8000183e (0x03567ab3) x21 0x00000000
core   0: 0x80001842 (0x00000001) c.nop
core   0: 3 0x80001842 (0x0001)
core   0: 0x80001844 (0x0123ecb3) or      s9, t2, s2
core   0: 3 0x80001844 (0x0123ecb3) x25 0x8b531000
core   0: 0x80001848 (0x000061b9) c.lui   gp, 0xe
core   0: 3 0x80001848 (0x61b9) x 3 0x0000e000
core   0: 0x8000184a (0x035dce63) blt     s11, s5, pc + 60
core   0: 3 0x8000184a (0x035dce63)
core   0: 0x80001886 (0x0000879d) c.srai  a5, 7
core   0: 3 0x80001886 (0x879d) x15 0x00000000
core   0: 0x80001888 (0x0c0aa913) slti    s2, s5, 192
core   0: 3 0x80001888 (0x0c0aa913) x18 0x00000001
core   0: 0x8000188c (0x01671113) slli    sp, a4, 22
core   0: 3 0x8000188c (0x01671113) x 2 0x05000000
core   0: 0x80001890 (0x40228ab3) sub     s5, t0, sp
core   0: 3 0x80001890 (0x40228ab3) x21 0xfb000000
core   0: 0x80001894 (0xe159cc13) xori    s8, s3, -491
core   0: 3 0x80001894 (0xe159cc13) x24 0xfffffe15
core   0: 0x80001898 (0x00009b7d) c.andi  a4, -1
core   0: 3 0x80001898 (0x9b7d) x14 0x00000014
core   0: 0x8000189a (0x0172f263) bgeu    t0, s7, pc + 4
core   0: 3 0x8000189a (0x0172f263)
core   0: 0x8000189e (0x00ec5293) srli    t0, s8, 14
core   0: 3 0x8000189e (0x00ec5293) x 5 0x0003ffff
core   0: 0x800018a2 (0x000084d9) c.srai  s1, 22
core   0: 3 0x800018a2 (0x84d9) x 9 0x00000000
core   0: 0x800018a4 (0xda20b337) lui     t1, 0xda20b
core   0: 3 0x800018a4 (0xda20b337) x 6 0xda20b000
core   0: 0x800018a8 (0x01202333) slt     t1, zero, s2
core   0: 3 0x800018a8 (0x01202333) x 6 0x00000001
core   0: 0x800018ac (0x0078d833) srl     a6, a7, t2
core   0: 3 0x800018ac (0x0078d833) x16 0x00000000
core   0: 0x800018b0 (0x00000001) c.nop
core   0: 3 0x800018b0 (0x0001)
core   0: 0x800018b2 (0x000081ad) c.srli  a1, 11
core   0: 3 0x800018b2 (0x81ad) x11 0x001fffff
core   0: 0x800018b4 (0x022b6f33) rem     t5, s6, sp
core   0: 3 0x800018b4 (0x022b6f33) x30 0x00000000
core   0: 0x800018b8 (0x00fa2433) slt     s0, s4, a5
core   0: 3 0x800018b8 (0x00fa2433) x 8 0x00000001
core   0: 0x800018bc (0x00000001) c.nop
core   0: 3 0x800018bc (0x0001)
core   0: 0x800018be (0x00008045) c.srli  s0, 17
core   0: 3 0x800018be (0x8045) x 8 0x00000000
core   0: 0x800018c0 (0x00a2dc13) srli    s8, t0, 10
core   0: 3 0x800018c0 (0x00a2dc13) x24 0x000000ff
core   0: 0x800018c4 (0x00001c08) c.addi4spn a0, sp, 560
core   0: 3 0x800018c4 (0x1c08) x10 0x05000230
core   0: 0x800018c6 (0x00000836) c.slli  a6, 13
core   0: 3 0x800018c6 (0x0836) x16 0x00000000
core   0: 0x800018c8 (0x00008c75) c.and   s0, a3
core   0: 3 0x800018c8 (0x8c75) x 8 0x00000000
core   0: 0x800018ca (0x01349533) sll     a0, s1, s3
core   0: 3 0x800018ca (0x01349533) x10 0x00000000
core   0: 0x800018ce (0x000006d6) c.slli  a3, 21
core   0: 3 0x800018ce (0x06d6) x13 0xa6a00000
core   0: 0x800018d0 (0x000085c1) c.srai  a1, 16
core   0: 3 0x800018d0 (0x85c1) x11 0x0000001f
core   0: 0x800018d2 (0x00008c65) c.and   s0, s1
core   0: 3 0x800018d2 (0x8c65) x 8 0x00000000
core   0: 0x800018d4 (0x0000597d) c.li    s2, -1
core   0: 3 0x800018d4 (0x597d) x18 0xffffffff
core   0: 0x800018d6 (0x00008c15) c.sub   s0, a3
core   0: 3 0x800018d6 (0x8c15) x 8 0x59600000
core   0: 0x800018d8 (0xa6a7ad13) slti    s10, a5, -1430
core   0: 3 0x800018d8 (0xa6a7ad13) x26 0x00000000
core   0: 0x800018dc (0x000099fd) c.andi  a1, -1
core   0: 3 0x800018dc (0x99fd) x11 0x0000001f
core   0: 0x800018de (0x01cda1b3) slt     gp, s11, t3
core   0: 3 0x800018de (0x01cda1b3) x 3 0x00000000
core   0: 0x800018e2 (0x00000b09) c.addi  s6, 2
core   0: 3 0x800018e2 (0x0b09) x22 0x00000002
core   0: 0x800018e4 (0x0224cb63) blt     s1, sp, pc + 54
core   0: 3 0x800018e4 (0x0224cb63)
core   0: 0x8000191a (0xb8ee2017) auipc   zero, 0xb8ee2
core   0: 3 0x8000191a (0xb8ee2017)
core   0: 0x8000191e (0x00008725) c.srai  a4, 9
core   0: 3 0x8000191e (0x8725) x14 0x00000000
core   0: 0x80001920 (0x00008db1) c.xor   a1, a2
core   0: 3 0x80001920 (0x8db1) x11 0x0000001f
core   0: 0x80001922 (0x0000614d) c.addi16sp sp, 176
core   0: 3 0x80001922 (0x614d) x 2 0x050000b0
core   0: 0x80001924 (0x029428b3) mulhsu  a7, s0, s1
core   0: 3 0x80001924 (0x029428b3) x17 0x00000000
core   0: 0x80001928 (0x0000100f) fence.i
core   0: 3 0x80001928 (0x0000100f)
core   0: 0x8000192c (0xd1339637) lui     a2, 0xd1339
core   0: 3 0x8000192c (0xd1339637) x12 0xd1339000
core   0: 0x80001930 (0x020c8163) beqz    s9, pc + 34
core   0: 3 0x80001930 (0x020c8163)
core   0: 0x80001934 (0x01f89413) slli    s0, a7, 31
core   0: 3 0x80001934 (0x01f89413) x 8 0x00000000
core   0: 0x80001938 (0x40215193) srai    gp, sp, 2
core   0: 3 0x80001938 (0x40215193) x 3 0x0140002c
core   0: 0x8000193c (0x0000ee89) c.bnez  a3, pc + 26
core   0: 3 0x8000193c (0xee89)
core   0: 0x80001956 (0x41518f33) sub     t5, gp, s5
core   0: 3 0x80001956 (0x41518f33) x30 0x0640002c
core   0: 0x8000195a (0x00008d95) c.sub   a1, a3
core   0: 3 0x8000195a (0x8d95) x11 0x5960001f
core   0: 0x8000195c (0xe08e6b13) ori     s6, t3, -504
core   0: 3 0x8000195c (0xe08e6b13) x22 0xfffffe6c
core   0: 0x80001960 (0x000091ba) c.add   gp, a4
core   0: 3 0x80001960 (0x91ba) x 3 0x0140002c
core   0: 0x80001962 (0xf9b22a93) slti    s5, tp, -101
core   0: 3 0x80001962 (0xf9b22a93) x21 0x00000000
core   0: 0x80001966 (0x024e8233) mul     tp, t4, tp
core   0: 3 0x80001966 (0x024e8233) x 4 0x00000000
core   0: 0x8000196a (0x0000127d) c.addi  tp, -1
core   0: 3 0x8000196a (0x127d) x 4 0xffffffff
core   0: 0x8000196c (0x98e82b37) lui     s6, 0x98e82
core   0: 3 0x8000196c (0x98e82b37) x22 0x98e82000
core   0: 0x80001970 (0xeb08ce93) xori    t4, a7, -336
core   0: 3 0x80001970 (0xeb08ce93) x29 0xfffffeb0
core   0: 0x80001974 (0x844d0493) addi    s1, s10, -1980
core   0: 3 0x80001974 (0x844d0493) x 9 0xfffff844
core   0: 0x80001978 (0x0303a433) mulhsu  s0, t2, a6
core   0: 3 0x80001978 (0x0303a433) x 8 0x00000000
core   0: 0x8000197c (0x0000841d) c.srai  s0, 7
core   0: 3 0x8000197c (0x841d) x 8 0x00000000
core   0: 0x8000197e (0x000043fd) c.li    t2, 31
core   0: 3 0x8000197e (0x43fd) x 7 0x0000001f
core   0: 0x80001980 (0x0000870d) c.srai  a4, 3
core   0: 3 0x80001980 (0x870d) x14 0x00000000
core   0: 0x80001982 (0x00009b7d) c.andi  a4, -1
core   0: 3 0x80001982 (0x9b7d) x14 0x00000000
core   0: 0x80001984 (0x0238f133) remu    sp, a7, gp
core   0: 3 0x80001984 (0x0238f133) x 2 0x00000000
core   0: 0x80001988 (0x00008f5e) c.mv    t5, s7
core   0: 3 0x80001988 (0x8f5e) x30 0x80026ce4
core   0: 0x8000198a (0x01e050b3) srl     ra, zero, t5
core   0: 3 0x8000198a (0x01e050b3) x 1 0x00000000
core   0: 0x8000198e (0x014fa833) slt     a6, t6, s4
core   0: 3 0x8000198e (0x014fa833) x16 0x00000000
core   0: 0x80001992 (0x01a07cb3) and     s9, zero, s10
core   0: 3 0x80001992 (0x01a07cb3) x25 0x00000000
core   0: 0x80001996 (0x015a71b3) and     gp, s4, s5
core   0: 3 0x80001996 (0x015a71b3) x 3 0x00000000
core   0: 0x8000199a (0x00000001) c.nop
core   0: 3 0x8000199a (0x0001)
core   0: 0x8000199c (0x47d5ee93) ori     t4, a1, 1149
core   0: 3 0x8000199c (0x47d5ee93) x29 0x5960047f
core   0: 0x800019a0 (0x00006355) c.lui   t1, 0x15
core   0: 3 0x800019a0 (0x6355) x 6 0x00015000
core   0: 0x800019a2 (0x0020d9b3) srl     s3, ra, sp
core   0: 3 0x800019a2 (0x0020d9b3) x19 0x00000000
core   0: 0x800019a6 (0x65fc2b13) slti    s6, s8, 1631
core   0: 3 0x800019a6 (0x65fc2b13) x22 0x00000001
core   0: 0x800019aa (0x00008e19) c.sub   a2, a4
core   0: 3 0x800019aa (0x8e19) x12 0xd1339000
core   0: 0x800019ac (0x000093ae) c.add   t2, a1
core   0: 3 0x800019ac (0x93ae) x 7 0x5960003e
core   0: 0x800019ae (0x0ff0000f) fence   iorw,iorw
core   0: 3 0x800019ae (0x0ff0000f)
core   0: 0x800019b2 (0x03015733) divu    a4, sp, a6
core   0: 3 0x800019b2 (0x03015733) x14 0xffffffff
core   0: 0x800019b6 (0x021721b3) mulhsu  gp, a4, ra
core   0: 3 0x800019b6 (0x021721b3) x 3 0x00000000
core   0: 0x800019ba (0x6d637517) auipc   a0, 0x6d637
core   0: 3 0x800019ba (0x6d637517) x10 0xed6389ba
core   0: 0x800019be (0x01231e63) bne     t1, s2, pc + 28
core   0: 3 0x800019be (0x01231e63)
core   0: 0x800019da (0x00008e11) c.sub   a2, a2
core   0: 3 0x800019da (0x8e11) x12 0x00000000
core   0: 0x800019dc (0x0ff0000f) fence   iorw,iorw
core   0: 3 0x800019dc (0x0ff0000f)
core   0: 0x800019e0 (0x00000001) c.nop
core   0: 3 0x800019e0 (0x0001)
core   0: 0x800019e2 (0x00008fc9) c.or    a5, a0
core   0: 3 0x800019e2 (0x8fc9) x15 0xed6389ba
core   0: 0x800019e4 (0x62e54937) lui     s2, 0x62e54
core   0: 3 0x800019e4 (0x62e54937) x18 0x62e54000
core   0: 0x800019e8 (0xa15a7793) andi    a5, s4, -1515
core   0: 3 0x800019e8 (0xa15a7793) x15 0x80000000
core   0: 0x800019ec (0x000003aa) c.slli  t2, 10
core   0: 3 0x800019ec (0x03aa) x 7 0x8000f800
core   0: 0x800019ee (0x0253dc33) divu    s8, t2, t0
core   0: 3 0x800019ee (0x0253dc33) x24 0x00002000
core   0: 0x800019f2 (0x00000001) c.nop
core   0: 3 0x800019f2 (0x0001)
core   0: 0x800019f4 (0x009e5eb3) srl     t4, t3, s1
core   0: 3 0x800019f4 (0x009e5eb3) x29 0x080022e6
core   0: 0x800019f8 (0x2c36fd13) andi    s10, a3, 707
core   0: 3 0x800019f8 (0x2c36fd13) x26 0x00000000
core   0: 0x800019fc (0xd7819d17) auipc   s10, 0xd7819
core   0: 3 0x800019fc (0xd7819d17) x26 0x5781a9fc
core   0: 0x80001a00 (0x02ca5033) divu    zero, s4, a2
core   0: 3 0x80001a00 (0x02ca5033)
core   0: 0x80001a04 (0x0224c9b3) div     s3, s1, sp
core   0: 3 0x80001a04 (0x0224c9b3) x19 0xffffffff
core   0: 0x80001a08 (0x009b67b3) or      a5, s6, s1
core   0: 3 0x80001a08 (0x009b67b3) x15 0xfffff845
core   0: 0x80001a0c (0x0362adb3) mulhsu  s11, t0, s6
core   0: 3 0x80001a0c (0x0362adb3) x27 0x00000000
core   0: 0x80001a10 (0x0000100f) fence.i
core   0: 3 0x80001a10 (0x0000100f)
core   0: 0x80001a14 (0x00000001) c.nop
core   0: 3 0x80001a14 (0x0001)
core   0: 0x80001a16 (0x0ff0000f) fence   iorw,iorw
core   0: 3 0x80001a16 (0x0ff0000f)
core   0: 0x80001a1a (0x0ff0000f) fence   iorw,iorw
core   0: 3 0x80001a1a (0x0ff0000f)
core   0: 0x80001a1e (0xea110793) addi    a5, sp, -351
core   0: 3 0x80001a1e (0xea110793) x15 0xfffffea1
core   0: 0x80001a22 (0x016c1663) bne     s8, s6, pc + 12
core   0: 3 0x80001a22 (0x016c1663)
core   0: 0x80001a2e (0xce97ec93) ori     s9, a5, -791
core   0: 3 0x80001a2e (0xce97ec93) x25 0xfffffee9
core   0: 0x80001a32 (0x0000946e) c.add   s0, s11
core   0: 3 0x80001a32 (0x946e) x 8 0x00000000
core   0: 0x80001a34 (0x0000864e) c.mv    a2, s3
core   0: 3 0x80001a34 (0x864e) x12 0xffffffff
core   0: 0x80001a36 (0x0000eb91) c.bnez  a5, pc + 20
core   0: 3 0x80001a36 (0xeb91)
core   0: 0x80001a4a (0x01cc5c93) srli    s9, s8, 28
core   0: 3 0x80001a4a (0x01cc5c93) x25 0x00000000
core   0: 0x80001a4e (0x00861833) sll     a6, a2, s0
core   0: 3 0x80001a4e (0x00861833) x16 0xffffffff
core   0: 0x80001a52 (0xcadba213) slti    tp, s7, -851
core   0: 3 0x80001a52 (0xcadba213) x 4 0x00000001
core   0: 0x80001a56 (0x0097a033) slt     zero, a5, s1
core   0: 3 0x80001a56 (0x0097a033)
core   0: 0x80001a5a (0x70a803b7) lui     t2, 0x70a80
core   0: 3 0x80001a5a (0x70a803b7) x 7 0x70a80000
core   0: 0x80001a5e (0x0115d513) srli    a0, a1, 17
core   0: 3 0x80001a5e (0x0115d513) x10 0x00002cb0
core   0: 0x80001a62 (0x034e7f33) remu    t5, t3, s4
core   0: 3 0x80001a62 (0x034e7f33) x30 0x00022e64
core   0: 0x80001a66 (0x41815333) sra     t1, sp, s8
core   0: 3 0x80001a66 (0x41815333) x 6 0x00000000
core   0: 0x80001a6a (0x00008406) c.mv    s0, ra
core   0: 3 0x80001a6a (0x8406) x 8 0x00000000
core   0: 0x80001a6c (0x41bd5013) srai    zero, s10, 27
core   0: 3 0x80001a6c (0x41bd5013)
core   0: 0x80001a70 (0xc8a03993) sltiu   s3, zero, -886
core   0: 3 0x80001a70 (0xc8a03993) x19 0x00000001
core   0: 0x80001a74 (0x4034d9b3) sra     s3, s1, gp
core   0: 3 0x80001a74 (0x4034d9b3) x19 0xfffff844
core   0: 0x80001a78 (0x000017fd) c.addi  a5, -1
core   0: 3 0x80001a78 (0x17fd) x15 0xfffffea0
core   0: 0x80001a7a (0x03771a63) bne     a4, s7, pc + 52
core   0: 3 0x80001a7a (0x03771a63)
core   0: 0x80001aae (0x01dcd213) srli    tp, s9, 29
core   0: 3 0x80001aae (0x01dcd213) x 4 0x00000000
core   0: 0x80001ab2 (0x03fff263) bgeu    t6, t6, pc + 36
core   0: 3 0x80001ab2 (0x03fff263)
core   0: 0x80001ad6 (0x0390b1b3) mulhu   gp, ra, s9
core   0: 3 0x80001ad6 (0x0390b1b3) x 3 0x00000000
core   0: 0x80001ada (0x03309463) bne     ra, s3, pc + 40
core   0: 3 0x80001ada (0x03309463)
core   0: 0x80001b02 (0x005e03b3) add     t2, t3, t0
core   0: 3 0x80001b02 (0x005e03b3) x 7 0x80062e63
core   0: 0x80001b06 (0xc4a4f113) andi    sp, s1, -950
core   0: 3 0x80001b06 (0xc4a4f113) x 2 0xfffff840
core   0: 0x80001b0a (0x012a1b13) slli    s6, s4, 18
core   0: 3 0x80001b0a (0x012a1b13) x22 0x00000000
core   0: 0x80001b0e (0x034eb1b3) mulhu   gp, t4, s4
core   0: 3 0x80001b0e (0x034eb1b3) x 3 0x04001173
core   0: 0x80001b12 (0x0000717d) c.addi16sp sp, -16
core   0: 3 0x80001b12 (0x717d) x 2 0xfffff830
core   0: 0x80001b14 (0x00a7dcb3) srl     s9, a5, a0
core   0: 3 0x80001b14 (0x00a7dcb3) x25 0x0000ffff
core   0: 0x80001b18 (0x00c4c433) xor     s0, s1, a2
core   0: 3 0x80001b18 (0x00c4c433) x 8 0x000007bb
core   0: 0x80001b1c (0x00d004b3) add     s1, zero, a3
core   0: 3 0x80001b1c (0x00d004b3) x 9 0xa6a00000
core   0: 0x80001b20 (0x0155fc33) and     s8, a1, s5
core   0: 3 0x80001b20 (0x0155fc33) x24 0x00000000
core   0: 0x80001b24 (0x00bcde63) bge     s9, a1, pc + 28
core   0: 3 0x80001b24 (0x00bcde63)
core   0: 0x80001b28 (0x41910c33) sub     s8, sp, s9
core   0: 3 0x80001b28 (0x41910c33) x24 0xfffef831
core   0: 0x80001b2c (0x001e89b3) add     s3, t4, ra
core   0: 3 0x80001b2c (0x001e89b3) x19 0x080022e6
core   0: 0x80001b30 (0x022b5333) divu    t1, s6, sp
core   0: 3 0x80001b30 (0x022b5333) x 6 0x00000000
core   0: 0x80001b34 (0x005d9a63) bne     s11, t0, pc + 20
core   0: 3 0x80001b34 (0x005d9a63)
core   0: 0x80001b48 (0x4731c493) xori    s1, gp, 1139
core   0: 3 0x80001b48 (0x4731c493) x 9 0x04001500
core   0: 0x80001b4c (0x0000676d) c.lui   a4, 0x1b
core   0: 3 0x80001b4c (0x676d) x14 0x0001b000
core   0: 0x80001b4e (0x00000001) c.nop
core   0: 3 0x80001b4e (0x0001)
core   0: 0x80001b50 (0x001589b3) add     s3, a1, ra
core   0: 3 0x80001b50 (0x001589b3) x19 0x5960001f
core   0: 0x80001b54 (0x00008d95) c.sub   a1, a3
core   0: 3 0x80001b54 (0x8d95) x11 0xb2c0001f
core   0: 0x80001b56 (0x41a40933) sub     s2, s0, s10
core   0: 3 0x80001b56 (0x41a40933) x18 0xa87e5dbf
core   0: 0x80001b5a (0x000098fd) c.andi  s1, -1
core   0: 3 0x80001b5a (0x98fd) x 9 0x04001500
core   0: 0x80001b5c (0x03385133) divu    sp, a6, s3
core   0: 3 0x80001b5c (0x03385133) x 2 0x00000002
core   0: 0x80001b60 (0x0067e5b3) or      a1, a5, t1
core   0: 3 0x80001b60 (0x0067e5b3) x11 0xfffffea0
core   0: 0x80001b64 (0x0ff0000f) fence   iorw,iorw
core   0: 3 0x80001b64 (0x0ff0000f)
core   0: 0x80001b68 (0x4124d993) srai    s3, s1, 18
core   0: 3 0x80001b68 (0x4124d993) x19 0x00000100
core   0: 0x80001b6c (0x8b133817) auipc   a6, 0x8b133
core   0: 3 0x80001b6c (0x8b133817) x16 0x0b134b6c
core   0: 0x80001b70 (0x00008c09) c.sub   s0, a0
core   0: 3 0x80001b70 (0x8c09) x 8 0xffffdb0b
core   0: 0x80001b72 (0x008c61b3) or      gp, s8, s0
core   0: 3 0x80001b72 (0x008c61b3) x 3 0xfffffb3b
core   0: 0x80001b76 (0x0292f833) remu    a6, t0, s1
core   0: 3 0x80001b76 (0x0292f833) x16 0x0003ffff
core   0: 0x80001b7a (0x00008f95) c.sub   a5, a3
core   0: 3 0x80001b7a (0x8f95) x15 0x595ffea0
core   0: 0x80001b7c (0x0103fb33) and     s6, t2, a6
core   0: 3 0x80001b7c (0x0103fb33) x22 0x00022e63
core   0: 0x80001b80 (0x0316af33) mulhsu  t5, a3, a7
core   0: 3 0x80001b80 (0x0316af33) x30 0x00000000
core   0: 0x80001b84 (0x01685d13) srli    s10, a6, 22
core   0: 3 0x80001b84 (0x01685d13) x26 0x00000000
core   0: 0x80001b88 (0x0000100f) fence.i
core   0: 3 0x80001b88 (0x0000100f)
core   0: 0x80001b8c (0x00006435) c.lui   s0, 0xd
core   0: 3 0x80001b8c (0x6435) x 8 0x0000d000
core   0: 0x80001b8e (0x00008041) c.srli  s0, 16
core   0: 3 0x80001b8e (0x8041) x 8 0x00000000
core   0: 0x80001b90 (0x40265f13) srai    t5, a2, 2
core   0: 3 0x80001b90 (0x40265f13) x30 0xffffffff
core   0: 0x80001b94 (0x40e10db3) sub     s11, sp, a4
core   0: 3 0x80001b94 (0x40e10db3) x27 0xfffe5002
core   0: 0x80001b98 (0x024864b3) rem     s1, a6, tp
core   0: 3 0x80001b98 (0x024864b3) x 9 0x0003ffff
core   0: 0x80001b9c (0x0000cd05) c.beqz  a0, pc + 56
core   0: 3 0x80001b9c (0xcd05)
core   0: 0x80001b9e (0x00008b91) c.andi  a5, 4
core   0: 3 0x80001b9e (0x8b91) x15 0x00000000
core   0: 0x80001ba0 (0x029d9f33) mulh    t5, s11, s1
core   0: 3 0x80001ba0 (0x029d9f33) x30 0xfffffff9
core   0: 0x80001ba4 (0xe79be293) ori     t0, s7, -391
core   0: 3 0x80001ba4 (0xe79be293) x 5 0xfffffefd
core   0: 0x80001ba8 (0x684e8393) addi    t2, t4, 1668
core   0: 3 0x80001ba8 (0x684e8393) x 7 0x0800296a
core   0: 0x80001bac (0x000088cd) c.andi  s1, 19
core   0: 3 0x80001bac (0x88cd) x 9 0x00000013
core   0: 0x80001bae (0x00000d6d) c.addi  s10, 27
core   0: 3 0x80001bae (0x0d6d) x26 0x0000001b
core   0: 0x80001bb0 (0x00008ff1) c.and   a5, a2
core   0: 3 0x80001bb0 (0x8ff1) x15 0x00000000
core   0: 0x80001bb2 (0x01afca63) blt     t6, s10, pc + 20
core   0: 3 0x80001bb2 (0x01afca63)
core   0: 0x80001bb6 (0x027b7533) remu    a0, s6, t2
core   0: 3 0x80001bb6 (0x027b7533) x10 0x00022e63
core   0: 0x80001bba (0x0081db13) srli    s6, gp, 8
core   0: 3 0x80001bba (0x0081db13) x22 0x00fffffb
core   0: 0x80001bbe (0x95b7c413) xori    s0, a5, -1701
core   0: 3 0x80001bbe (0x95b7c413) x 8 0xfffff95b
core   0: 0x80001bc2 (0x00001904) c.addi4spn s1, sp, 176
core   0: 3 0x80001bc2 (0x1904) x 9 0x000000b2
core   0: 0x80001bc4 (0x00008f65) c.and   a4, s1
core   0: 3 0x80001bc4 (0x8f65) x14 0x00000000
core   0: 0x80001bc6 (0x00d29e63) bne     t0, a3, pc + 28
core   0: 3 0x80001bc6 (0x00d29e63)
core   0: 0x80001be2 (0x00008cc9) c.or    s1, a0
core   0: 3 0x80001be2 (0x8cc9) x 9 0x00022ef3
core   0: 0x80001be4 (0x000085a5) c.srai  a1, 9
core   0: 3 0x80001be4 (0x85a5) x11 0xffffffff
core   0: 0x80001be6 (0x40105833) sra     a6, zero, ra
core   0: 3 0x80001be6 (0x40105833) x16 0x00000000
core   0: 0x80001bea (0x024a47b3) div     a5, s4, tp
core   0: 3 0x80001bea (0x024a47b3) x15 0xffffffff
core   0: 0x80001bee (0x00000001) c.nop
core   0: 3 0x80001bee (0x0001)
core   0: 0x80001bf0 (0x03c332b3) mulhu   t0, t1, t3
core   0: 3 0x80001bf0 (0x03c332b3) x 5 0x00000000
core   0: 0x80001bf4 (0x00008d65) c.and   a0, s1
core   0: 3 0x80001bf4 (0x8d65) x10 0x00022e63
core   0: 0x80001bf6 (0x00008689) c.srai  a3, 2
core   0: 3 0x80001bf6 (0x8689) x13 0xe9a80000
core   0: 0x80001bf8 (0x03aae633) rem     a2, s5, s10
core   0: 3 0x80001bf8 (0x03aae633) x12 0x00000000
core   0: 0x80001bfc (0x037933b3) mulhu   t2, s2, s7
core   0: 3 0x80001bfc (0x037933b3) x 7 0x5440c787
core   0: 0x80001c00 (0xbd5a6217) auipc   tp, 0xbd5a6
core   0: 3 0x80001c00 (0xbd5a6217) x 4 0x3d5a7c00
core   0: 0x80001c04 (0x0ff0000f) fence   iorw,iorw
core   0: 3 0x80001c04 (0x0ff0000f)
core   0: 0x80001c08 (0x409b5b13) srai    s6, s6, 9
core   0: 3 0x80001c08 (0x409b5b13) x22 0x00007fff
core   0: 0x80001c0c (0x040d9463) bnez    s11, pc + 72
core   0: 3 0x80001c0c (0x040d9463)
core   0: 0x80001c54 (0xf3ef0693) addi    a3, t5, -194
core   0: 3 0x80001c54 (0xf3ef0693) x13 0xffffff37
core   0: 0x80001c58 (0x0000717d) c.addi16sp sp, -16
core   0: 3 0x80001c58 (0x717d) x 2 0xfffffff2
core   0: 0x80001c5a (0x00bf8463) beq     t6, a1, pc + 8
core   0: 3 0x80001c5a (0x00bf8463)
core   0: 0x80001c5e (0x0000717d) c.addi16sp sp, -16
core   0: 3 0x80001c5e (0x717d) x 2 0xffffffe2
core   0: 0x80001c60 (0x00004f05) c.li    t5, 1
core   0: 3 0x80001c60 (0x4f05) x30 0x00000001
core   0: 0x80001c62 (0x00009afe) c.add   s5, t6
core   0: 3 0x80001c62 (0x9afe) x21 0x44d0f465
core   0: 0x80001c64 (0x023b39b3) mulhu   s3, s6, gp
core   0: 3 0x80001c64 (0x023b39b3) x19 0x00007ffe
core   0: 0x80001c68 (0x016e8fb3) add     t6, t4, s6
core   0: 3 0x80001c68 (0x016e8fb3) x31 0x0800a2e5
core   0: 0x80001c6c (0x00000001) c.nop
core   0: 3 0x80001c6c (0x0001)
core   0: 0x80001c6e (0x00008d89) c.sub   a1, a0
core   0: 3 0x80001c6e (0x8d89) x11 0xfffdd19c
core   0: 0x80001c70 (0x00bf17b3) sll     a5, t5, a1
core   0: 3 0x80001c70 (0x00bf17b3) x15 0x10000000
core   0: 0x80001c74 (0xb5ee3b13) sltiu   s6, t3, -1186
core   0: 3 0x80001c74 (0xb5ee3b13) x22 0x00000001
core   0: 0x80001c78 (0x02157433) remu    s0, a0, ra
core   0: 3 0x80001c78 (0x02157433) x 8 0x00022e63
core   0: 0x80001c7c (0x025a8233) mul     tp, s5, t0
core   0: 3 0x80001c7c (0x025a8233) x 4 0x00000000
core   0: 0x80001c80 (0x01555c33) srl     s8, a0, s5
core   0: 3 0x80001c80 (0x01555c33) x24 0x00001173
core   0: 0x80001c84 (0x00c4d963) bge     s1, a2, pc + 18
core   0: 3 0x80001c84 (0x00c4d963)
core   0: 0x80001c96 (0x00008835) c.andi  s0, 13
core   0: 3 0x80001c96 (0x8835) x 8 0x00000001
core   0: 0x80001c98 (0x00008776) c.mv    a4, t4
core   0: 3 0x80001c98 (0x8776) x14 0x080022e6
core   0: 0x80001c9a (0x9fca4297) auipc   t0, 0x9fca4
core   0: 3 0x80001c9a (0x9fca4297) x 5 0x1fca5c9a
core   0: 0x80001c9e (0x00008dd9) c.or    a1, a4
core   0: 3 0x80001c9e (0x8dd9) x11 0xfffdf3fe
core   0: 0x80001ca0 (0x000084e6) c.mv    s1, s9
core   0: 3 0x80001ca0 (0x84e6) x 9 0x0000ffff
core   0: 0x80001ca2 (0x02916363) bltu    sp, s1, pc + 38
core   0: 3 0x80001ca2 (0x02916363)
core   0: 0x80001ca6 (0x03906363) bltu    zero, s9, pc + 38
core   0: 3 0x80001ca6 (0x03906363)
core   0: 0x80001ccc (0x03cab633) mulhu   a2, s5, t3
core   0: 3 0x80001ccc (0x03cab633) x12 0x2269104c
core   0: 0x80001cd0 (0x0000100f) fence.i
core   0: 3 0x80001cd0 (0x0000100f)
core   0: 0x80001cd4 (0x00008e79) c.and   a2, a4
core   0: 3 0x80001cd4 (0x8e79) x12 0x00000044
core   0: 0x80001cd6 (0x407c5c13) srai    s8, s8, 7
core   0: 3 0x80001cd6 (0x407c5c13) x24 0x00000022
core   0: 0x80001cda (0x00e28a63) beq     t0, a4, pc + 20
core   0: 3 0x80001cda (0x00e28a63)
core   0: 0x80001cde (0x00008db5) c.xor   a1, a3
core   0: 3 0x80001cde (0x8db5) x11 0x00020cc9
core   0: 0x80001ce0 (0x0000100f) fence.i
core   0: 3 0x80001ce0 (0x0000100f)
core   0: 0x80001ce4 (0x005f0563) beq     t5, t0, pc + 10
core   0: 3 0x80001ce4 (0x005f0563)
core   0: 0x80001ce8 (0x000064b5) c.lui   s1, 0xd
core   0: 3 0x80001ce8 (0x64b5) x 9 0x0000d000
core   0: 0x80001cea (0x033025b3) mulhsu  a1, zero, s3
core   0: 3 0x80001cea (0x033025b3) x11 0x00000000
core   0: 0x80001cee (0x00f133b3) sltu    t2, sp, a5
core   0: 3 0x80001cee (0x00f133b3) x 7 0x00000000
core   0: 0x80001cf2 (0x000082a5) c.srli  a3, 9
core   0: 3 0x80001cf2 (0x82a5) x13 0x007fffff
core   0: 0x80001cf4 (0x04a25063) bge     tp, a0, pc + 64
core   0: 3 0x80001cf4 (0x04a25063)
core   0: 0x80001cf8 (0x03d13633) mulhu   a2, sp, t4
core   0: 3 0x80001cf8 (0x03d13633) x12 0x080022e5
core   0: 0x80001cfc (0x015cc5b3) xor     a1, s9, s5
core   0: 3 0x80001cfc (0x015cc5b3) x11 0x44d00b9a
core   0: 0x80001d00 (0x0000ed85) c.bnez  a1, pc + 56
core   0: 3 0x80001d00 (0xed85)
core   0: 0x80001d38 (0x00001280) c.addi4spn s0, sp, 352
core   0: 3 0x80001d38 (0x1280) x 8 0x00000142
core   0: 0x80001d3a (0x0375cdb3) div     s11, a1, s7
core   0: 3 0x80001d3a (0x0375cdb3) x27 0x00000000
core   0: 0x80001d3e (0x17d03b13) sltiu   s6, zero, 381
core   0: 3 0x80001d3e (0x17d03b13) x22 0x00000001
core   0: 0x80001d42 (0x00008ad9) c.andi  a3, 22
core   0: 3 0x80001d42 (0x8ad9) x13 0x00000016
core   0: 0x80001d44 (0x00006c5d) c.lui   s8, 0x17
core   0: 3 0x80001d44 (0x6c5d) x24 0x00017000
core   0: 0x80001d46 (0xea5ec193) xori    gp, t4, -347
core   0: 3 0x80001d46 (0xea5ec193) x 3 0xf7ffdc43
core   0: 0x80001d4a (0xe43bad93) slti    s11, s7, -445
core   0: 3 0x80001d4a (0xe43bad93) x27 0x00000001
core   0: 0x80001d4e (0x022bd433) divu    s0, s7, sp
core   0: 3 0x80001d4e (0x022bd433) x 8 0x00000000
core   0: 0x80001d52 (0x02ddcab3) div     s5, s11, a3
core   0: 3 0x80001d52 (0x02ddcab3) x21 0x00000000
core   0: 0x80001d56 (0x03b06663) bltu    zero, s11, pc + 44
core   0: 3 0x80001d56 (0x03b06663)
core   0: 0x80001d82 (0x00009e92) c.add   t4, tp
core   0: 3 0x80001d82 (0x9e92) x29 0x080022e6
core   0: 0x80001d84 (0x00005c7d) c.li    s8, -1
core   0: 3 0x80001d84 (0x5c7d) x24 0xffffffff
core   0: 0x80001d86 (0x00000001) c.nop
core   0: 3 0x80001d86 (0x0001)
core   0: 0x80001d88 (0x01ca3933) sltu    s2, s4, t3
core   0: 3 0x80001d88 (0x01ca3933) x18 0x00000001
core   0: 0x80001d8c (0x847a2a93) slti    s5, s4, -1977
core   0: 3 0x80001d8c (0x847a2a93) x21 0x00000001
core   0: 0x80001d90 (0x00001d1c) c.addi4spn a5, sp, 688
core   0: 3 0x80001d90 (0x1d1c) x15 0x00000292
core   0: 0x80001d92 (0x0357f033) remu    zero, a5, s5
core   0: 3 0x80001d92 (0x0357f033)
core   0: 0x80001d96 (0x00006399) c.lui   t2, 0x6
core   0: 3 0x80001d96 (0x6399) x 7 0x00006000
core   0: 0x80001d98 (0x03ec2533) mulhsu  a0, s8, t5
core   0: 3 0x80001d98 (0x03ec2533) x10 0xffffffff
core   0: 0x80001d9c (0x0000100f) fence.i
core   0: 3 0x80001d9c (0x0000100f)
core   0: 0x80001da0 (0x03782ab3) mulhsu  s5, a6, s7
core   0: 3 0x80001da0 (0x03782ab3) x21 0x00000000
core   0: 0x80001da4 (0xe9007217) auipc   tp, 0xe9007
core   0: 3 0x80001da4 (0xe9007217) x 4 0x69008da4
core   0: 0x80001da8 (0x416f5a93) srai    s5, t5, 22
core   0: 3 0x80001da8 (0x416f5a93) x21 0x00000000
core   0: 0x80001dac (0x00000f25) c.addi  t5, 9
core   0: 3 0x80001dac (0x0f25) x30 0x0000000a
core   0: 0x80001dae (0x01970433) add     s0, a4, s9
core   0: 3 0x80001dae (0x01970433) x 8 0x080122e5
core   0: 0x80001db2 (0x0202b4b3) mulhu   s1, t0, zero
core   0: 3 0x80001db2 (0x0202b4b3) x 9 0x00000000
core   0: 0x80001db6 (0x2ba6e893) ori     a7, a3, 698
core   0: 3 0x80001db6 (0x2ba6e893) x17 0x000002be
core   0: 0x80001dba (0x0000717d) c.addi16sp sp, -16
core   0: 3 0x80001dba (0x717d) x 2 0xffffffd2
core   0: 0x80001dbc (0x0000c395) c.beqz  a5, pc + 36
core   0: 3 0x80001dbc (0xc395)
core   0: 0x80001dbe (0x01e163b3) or      t2, sp, t5
core   0: 3 0x80001dbe (0x01e163b3) x 7 0xffffffda
core   0: 0x80001dc2 (0x0000ea91) c.bnez  a3, pc + 20
core   0: 3 0x80001dc2 (0xea91)
core   0: 0x80001dd6 (0x003c8733) add     a4, s9, gp
core   0: 3 0x80001dd6 (0x003c8733) x14 0xf800dc42
core   0: 0x80001dda (0x0000845d) c.srai  s0, 23
core   0: 3 0x80001dda (0x845d) x 8 0x00000010
core   0: 0x80001ddc (0x8945f893) andi    a7, a1, -1900
core   0: 3 0x80001ddc (0x8945f893) x17 0x44d00890
core   0: 0x80001de0 (0x015d5e63) bge     s10, s5, pc + 28
core   0: 3 0x80001de0 (0x015d5e63)
core   0: 0x80001dfc (0x0000137d) c.addi  t1, -1
core   0: 3 0x80001dfc (0x137d) x 6 0xffffffff
core   0: 0x80001dfe (0x00000001) c.nop
core   0: 3 0x80001dfe (0x0001)
core   0: 0x80001e00 (0x01c25563) bge     tp, t3, pc + 10
core   0: 3 0x80001e00 (0x01c25563)
core   0: 0x80001e0a (0x0000c68d) c.beqz  a3, pc + 42
core   0: 3 0x80001e0a (0xc68d)
core   0: 0x80001e0c (0x024aff63) bgeu    s5, tp, pc + 62
core   0: 3 0x80001e0c (0x024aff63)
core   0: 0x80001e10 (0x58d0cc37) lui     s8, 0x58d0c
core   0: 3 0x80001e10 (0x58d0cc37) x24 0x58d0c000
core   0: 0x80001e14 (0xcfc4e2b7) lui     t0, 0xcfc4e
core   0: 3 0x80001e14 (0xcfc4e2b7) x 5 0xcfc4e000
core   0: 0x80001e18 (0x000003da) c.slli  t2, 22
core   0: 3 0x80001e18 (0x03da) x 7 0xf6800000
core   0: 0x80001e1a (0x00008445) c.srai  s0, 17
core   0: 3 0x80001e1a (0x8445) x 8 0x00000000
core   0: 0x80001e1c (0x01bc9313) slli    t1, s9, 27
core   0: 3 0x80001e1c (0x01bc9313) x 6 0xf8000000
core   0: 0x80001e20 (0x03e57313) andi    t1, a0, 62
core   0: 3 0x80001e20 (0x03e57313) x 6 0x0000003e
core   0: 0x80001e24 (0x000005d6) c.slli  a1, 21
core   0: 3 0x80001e24 (0x05d6) x11 0x73400000
core   0: 0x80001e26 (0x013035b3) snez    a1, s3
core   0: 3 0x80001e26 (0x013035b3) x11 0x00000001
core   0: 0x80001e2a (0x009cc863) blt     s9, s1, pc + 16
core   0: 3 0x80001e2a (0x009cc863)
core   0: 0x80001e2e (0x000088e9) c.andi  s1, 26
core   0: 3 0x80001e2e (0x88e9) x 9 0x00000000
core   0: 0x80001e30 (0x06240d63) beq     s0, sp, pc + 122
core   0: 3 0x80001e30 (0x06240d63)
core   0: 0x80001e34 (0x0000426d) c.li    tp, 27
core   0: 3 0x80001e34 (0x426d) x 4 0x0000001b
core   0: 0x80001e36 (0x00008e49) c.or    a2, a0
core   0: 3 0x80001e36 (0x8e49) x12 0xffffffff
core   0: 0x80001e38 (0x0000c3bd) c.beqz  a5, pc + 102
core   0: 3 0x80001e38 (0xc3bd)
core   0: 0x80001e3a (0x004e1c63) bne     t3, tp, pc + 24
core   0: 3 0x80001e3a (0x004e1c63)
core   0: 0x80001e52 (0x000085ed) c.srai  a1, 27
core   0: 3 0x80001e52 (0x85ed) x11 0x00000000
core   0: 0x80001e54 (0x01691b13) slli    s6, s2, 22
core   0: 3 0x80001e54 (0x01691b13) x22 0x00400000
core   0: 0x80001e58 (0xff600393) li      t2, -10
core   0: 3 0x80001e58 (0xff600393) x 7 0xfffffff6
core   0: 0x80001e5c (0x193d4497) auipc   s1, 0x193d4
core   0: 3 0x80001e5c (0x193d4497) x 9 0x993d5e5c
core   0: 0x80001e60 (0x02f624b3) mulhsu  s1, a2, a5
core   0: 3 0x80001e60 (0x02f624b3) x 9 0xffffffff
core   0: 0x80001e64 (0x0ff0000f) fence   iorw,iorw
core   0: 3 0x80001e64 (0x0ff0000f)
core   0: 0x80001e68 (0x00008c8d) c.sub   s1, a1
core   0: 3 0x80001e68 (0x8c8d) x 9 0xffffffff
core   0: 0x80001e6a (0x415a59b3) sra     s3, s4, s5
core   0: 3 0x80001e6a (0x415a59b3) x19 0x80000000
core   0: 0x80001e6e (0x01100193) li      gp, 17
core   0: 3 0x80001e6e (0x01100193) x 3 0x00000011
core   0: 0x80001e72 (0x02f30433) mul     s0, t1, a5
core   0: 3 0x80001e72 (0x02f30433) x 8 0x00009f5c
core   0: 0x80001e76 (0x000012fd) c.addi  t0, -1
core   0: 3 0x80001e76 (0x12fd) x 5 0xcfc4dfff
core   0: 0x80001e78 (0x02b0f733) remu    a4, ra, a1
core   0: 3 0x80001e78 (0x02b0f733) x14 0x00000000
core   0: 0x80001e7c (0x03acad33) mulhsu  s10, s9, s10
core   0: 3 0x80001e7c (0x03acad33) x26 0x00000000
core   0: 0x80001e80 (0x00000001) c.nop
core   0: 3 0x80001e80 (0x0001)
core   0: 0x80001e82 (0x0000974a) c.add   a4, s2
core   0: 3 0x80001e82 (0x974a) x14 0x00000001
core   0: 0x80001e84 (0xeee02713) slti    a4, zero, -274
core   0: 3 0x80001e84 (0xeee02713) x14 0x00000000
core   0: 0x80001e88 (0x00385813) srli    a6, a6, 3
core   0: 3 0x80001e88 (0x00385813) x16 0x00000000
core   0: 0x80001e8c (0x000003a5) c.addi  t2, 9
core   0: 3 0x80001e8c (0x03a5) x 7 0xffffffff
core   0: 0x80001e8e (0x00006119) c.addi16sp sp, 384
core   0: 3 0x80001e8e (0x6119) x 2 0x00000152
core   0: 0x80001e90 (0xfe33e1e3) bltu    t2, gp, pc - 30
core   0: 3 0x80001e90 (0xfe33e1e3)
core   0: 0x80001e94 (0x005a9c93) slli    s9, s5, 5
core   0: 3 0x80001e94 (0x005a9c93) x25 0x00000000
core   0: 0x80001e98 (0x74af7593) andi    a1, t5, 1866
core   0: 3 0x80001e98 (0x74af7593) x11 0x0000000a
core   0: 0x80001e9c (0x00008b49) c.andi  a4, 18
core   0: 3 0x80001e9c (0x8b49) x14 0x00000000
core   0: 0x80001e9e (0x01c27f63) bgeu    tp, t3, pc + 30
core   0: 3 0x80001e9e (0x01c27f63)
core   0: 0x80001ea2 (0x0000cc09) c.beqz  s0, pc + 26
core   0: 3 0x80001ea2 (0xcc09)
core   0: 0x80001ea4 (0x00f861b3) or      gp, a6, a5
core   0: 3 0x80001ea4 (0x00f861b3) x 3 0x00000292
core   0: 0x80001ea8 (0x00000001) c.nop
core   0: 3 0x80001ea8 (0x0001)
core   0: 0x80001eaa (0x00e74263) blt     a4, a4, pc + 4
core   0: 3 0x80001eaa (0x00e74263)
core   0: 0x80001eae (0x1a5ed7b7) lui     a5, 0x1a5ed
core   0: 3 0x80001eae (0x1a5ed7b7) x15 0x1a5ed000
core   0: 0x80001eb2 (0x3c37b937) lui     s2, 0x3c37b
core   0: 3 0x80001eb2 (0x3c37b937) x18 0x3c37b000
core   0: 0x80001eb6 (0x00008111) c.srli  a0, 4
core   0: 3 0x80001eb6 (0x8111) x10 0x0fffffff
core   0: 0x80001eb8 (0x1df96437) lui     s0, 0x1df96
core   0: 3 0x80001eb8 (0x1df96437) x 8 0x1df96000
core   0: 0x80001ebc (0xa2b63a93) sltiu   s5, a2, -1493
core   0: 3 0x80001ebc (0xa2b63a93) x21 0x00000000
core   0: 0x80001ec0 (0x037fbcb3) mulhu   s9, t6, s7
core   0: 3 0x80001ec0 (0x037fbcb3) x25 0x040064db
core   0: 0x80001ec4 (0x018c7963) bgeu    s8, s8, pc + 18
core   0: 3 0x80001ec4 (0x018c7963)
core   0: 0x80001ed6 (0x0000e191) c.bnez  a1, pc + 4
core   0: 3 0x80001ed6 (0xe191)
core   0: 0x80001eda (0xa17fb893) sltiu   a7, t6, -1513
core   0: 3 0x80001eda (0xa17fb893) x17 0x00000001
core   0: 0x80001ede (0x02511e63) bne     sp, t0, pc + 60
core   0: 3 0x80001ede (0x02511e63)
core   0: 0x80001f1a (0x035f4963) blt     t5, s5, pc + 50
core   0: 3 0x80001f1a (0x035f4963)
core   0: 0x80001f1e (0x01075333) srl     t1, a4, a6
core   0: 3 0x80001f1e (0x01075333) x 6 0x00000000
core   0: 0x80001f22 (0xe6997513) andi    a0, s2, -407
core   0: 3 0x80001f22 (0xe6997513) x10 0x3c37b000
core   0: 0x80001f26 (0x037ef333) remu    t1, t4, s7
core   0: 3 0x80001f26 (0x037ef333) x 6 0x080022e6
core   0: 0x80001f2a (0x4177d413) srai    s0, a5, 23
core   0: 3 0x80001f2a (0x4177d413) x 8 0x00000034
core   0: 0x80001f2e (0x02129133) mulh    sp, t0, ra
core   0: 3 0x80001f2e (0x02129133) x 2 0x00000000
core   0: 0x80001f32 (0x019239b3) sltu    s3, tp, s9
core   0: 3 0x80001f32 (0x019239b3) x19 0x00000001
core   0: 0x80001f36 (0x0000717d) c.addi16sp sp, -16
core   0: 3 0x80001f36 (0x717d) x 2 0xfffffff0
core   0: 0x80001f38 (0x34ca8d13) addi    s10, s5, 844
core   0: 3 0x80001f38 (0x34ca8d13) x26 0x0000034c
core   0: 0x80001f3c (0x01cab233) sltu    tp, s5, t3
core   0: 3 0x80001f3c (0x01cab233) x 4 0x00000001
core   0: 0x80001f40 (0x0349eeb3) rem     t4, s3, s4
core   0: 3 0x80001f40 (0x0349eeb3) x29 0x00000001
core   0: 0x80001f44 (0x000c0fb3) add     t6, s8, zero
core   0: 3 0x80001f44 (0x000c0fb3) x31 0x58d0c000
core   0: 0x80001f48 (0x005b2b33) slt     s6, s6, t0
core   0: 3 0x80001f48 (0x005b2b33) x22 0x00000000
core   0: 0x80001f4c (0x034fef63) bltu    t6, s4, pc + 62
core   0: 3 0x80001f4c (0x034fef63)
core   0: 0x80001f8a (0x01f956b3) srl     a3, s2, t6
core   0: 3 0x80001f8a (0x01f956b3) x13 0x3c37b000
core   0: 0x80001f8e (0x00000fae) c.slli  t6, 11
core   0: 3 0x80001f8e (0x0fae) x31 0x86000000
core   0: 0x80001f90 (0x418187b3) sub     a5, gp, s8
core   0: 3 0x80001f90 (0x418187b3) x15 0xa72f4292
core   0: 0x80001f94 (0x000058fd) c.li    a7, -1
core   0: 3 0x80001f94 (0x58fd) x17 0xffffffff
core   0: 0x80001f96 (0x0000c801) c.beqz  s0, pc + 16
core   0: 3 0x80001f96 (0xc801)
core   0: 0x80001f98 (0x0000157d) c.addi  a0, -1
core   0: 3 0x80001f98 (0x157d) x10 0x3c37afff
core   0: 0x80001f9a (0x00006edd) c.lui   t4, 0x17
core   0: 3 0x80001f9a (0x6edd) x29 0x00017000
core   0: 0x80001f9c (0x00008ee1) c.and   a3, s0
core   0: 3 0x80001f9c (0x8ee1) x13 0x00000000
core   0: 0x80001f9e (0x0196a533) slt     a0, a3, s9
core   0: 3 0x80001f9e (0x0196a533) x10 0x00000001
core   0: 0x80001fa2 (0x05efec93) ori     s9, t6, 94
core   0: 3 0x80001fa2 (0x05efec93) x25 0x8600005e
core   0: 0x80001fa6 (0x0000567d) c.li    a2, -1
core   0: 3 0x80001fa6 (0x567d) x12 0xffffffff
core   0: 0x80001fa8 (0x02a17833) remu    a6, sp, a0
core   0: 3 0x80001fa8 (0x02a17833) x16 0x00000000
core   0: 0x80001fac (0x021d48b3) div     a7, s10, ra
core   0: 3 0x80001fac (0x021d48b3) x17 0xffffffff
core   0: 0x80001fb0 (0xee3a7413) andi    s0, s4, -285
core   0: 3 0x80001fb0 (0xee3a7413) x 8 0x80000000
core   0: 0x80001fb4 (0x00008ec1) c.or    a3, s0
core   0: 3 0x80001fb4 (0x8ec1) x13 0x80000000
core   0: 0x80001fb6 (0xfa8da413) slti    s0, s11, -88
core   0: 3 0x80001fb6 (0xfa8da413) x 8 0x00000000
core   0: 0x80001fba (0x00008165) c.srli  a0, 25
core   0: 3 0x80001fba (0x8165) x10 0x00000000
core   0: 0x80001fbc (0x000046f9) c.li    a3, 30
core   0: 3 0x80001fbc (0x46f9) x13 0x0000001e
core   0: 0x80001fbe (0x020b1363) bnez    s6, pc + 38
core   0: 3 0x80001fbe (0x020b1363)
core   0: 0x80001fc2 (0x00008dfd) c.and   a1, a5
core   0: 3 0x80001fc2 (0x8dfd) x11 0x00000002
core   0: 0x80001fc4 (0x0ff0000f) fence   iorw,iorw
core   0: 3 0x80001fc4 (0x0ff0000f)
core   0: 0x80001fc8 (0x00000001) c.nop
core   0: 3 0x80001fc8 (0x0001)
core   0: 0x80001fca (0x00000001) c.nop
core   0: 3 0x80001fca (0x0001)
core   0: 0x80001fcc (0x00004685) c.li    a3, 1
core   0: 3 0x80001fcc (0x4685) x13 0x00000001
core   0: 0x80001fce (0x412e8333) sub     t1, t4, s2
core   0: 3 0x80001fce (0x412e8333) x 6 0xc3c9c000
core   0: 0x80001fd2 (0x4f16c793) xori    a5, a3, 1265
core   0: 3 0x80001fd2 (0x4f16c793) x15 0x000004f0
core   0: 0x80001fd6 (0x00008fd9) c.or    a5, a4
core   0: 3 0x80001fd6 (0x8fd9) x15 0x000004f0
core   0: 0x80001fd8 (0x03a693b3) mulh    t2, a3, s10
core   0: 3 0x80001fd8 (0x03a693b3) x 7 0x00000000
core   0: 0x80001fdc (0x03765963) bge     a2, s7, pc + 50
core   0: 3 0x80001fdc (0x03765963)
core   0: 0x8000200e (0xd5a64313) xori    t1, a2, -678
core   0: 3 0x8000200e (0xd5a64313) x 6 0x000002a5
core   0: 0x80002012 (0x02c1fcb3) remu    s9, gp, a2
core   0: 3 0x80002012 (0x02c1fcb3) x25 0x00000292
core   0: 0x80002016 (0x2fba6413) ori     s0, s4, 763
core   0: 3 0x80002016 (0x2fba6413) x 8 0x800002fb
core   0: 0x8000201a (0xf42cef93) ori     t6, s9, -190
core   0: 3 0x8000201a (0xf42cef93) x31 0xffffffd2
core   0: 0x8000201e (0x0000100f) fence.i
core   0: 3 0x8000201e (0x0000100f)
core   0: 0x80002022 (0x011ee633) or      a2, t4, a7
core   0: 3 0x80002022 (0x011ee633) x12 0xffffffff
core   0: 0x80002026 (0x0000e2a9) c.bnez  a3, pc + 66
core   0: 3 0x80002026 (0xe2a9)
core   0: 0x80002068 (0x01ac5663) bge     s8, s10, pc + 12
core   0: 3 0x80002068 (0x01ac5663)
core   0: 0x80002074 (0x00001efd) c.addi  t4, -1
core   0: 3 0x80002074 (0x1efd) x29 0x00016fff
core   0: 0x80002076 (0x01bf4fb3) xor     t6, t5, s11
core   0: 3 0x80002076 (0x01bf4fb3) x31 0x0000000b
core   0: 0x8000207a (0x02fa9b33) mulh    s6, s5, a5
core   0: 3 0x8000207a (0x02fa9b33) x22 0x00000000
core   0: 0x8000207e (0x00008f95) c.sub   a5, a3
core   0: 3 0x8000207e (0x8f95) x15 0x000004ef
core   0: 0x80002080 (0x015d22b3) slt     t0, s10, s5
core   0: 3 0x80002080 (0x015d22b3) x 5 0x00000000
core   0: 0x80002084 (0x00008aaa) c.mv    s5, a0
core   0: 3 0x80002084 (0x8aaa) x21 0x00000000
core   0: 0x80002086 (0x01eea5b3) slt     a1, t4, t5
core   0: 3 0x80002086 (0x01eea5b3) x11 0x00000000
core   0: 0x8000208a (0x0089feb3) and     t4, s3, s0
core   0: 3 0x8000208a (0x0089feb3) x29 0x00000001
core   0: 0x8000208e (0x00006165) c.addi16sp sp, 112
core   0: 3 0x8000208e (0x6165) x 2 0x00000060
core   0: 0x80002090 (0x00000001) c.nop
core   0: 3 0x80002090 (0x0001)
core   0: 0x80002092 (0x01508463) beq     ra, s5, pc + 8
core   0: 3 0x80002092 (0x01508463)
core   0: 0x8000209a (0x00008ed1) c.or    a3, a2
core   0: 3 0x8000209a (0x8ed1) x13 0xffffffff
core   0: 0x8000209c (0x00008ff5) c.and   a5, a3
core   0: 3 0x8000209c (0x8ff5) x15 0x000004ef
core   0: 0x8000209e (0x00000001) c.nop
core   0: 3 0x8000209e (0x0001)
core   0: 0x800020a0 (0x41eb0133) sub     sp, s6, t5
core   0: 3 0x800020a0 (0x41eb0133) x 2 0xfffffff6
core   0: 0x800020a4 (0x000087f5) c.srai  a5, 29
core   0: 3 0x800020a4 (0x87f5) x15 0x00000000
core   0: 0x800020a6 (0x000019fd) c.addi  s3, -1
core   0: 3 0x800020a6 (0x19fd) x19 0x00000000
core   0: 0x800020a8 (0x004c5313) srli    t1, s8, 4
core   0: 3 0x800020a8 (0x004c5313) x 6 0x058d0c00
core   0: 0x800020ac (0x02c64833) div     a6, a2, a2
core   0: 3 0x800020ac (0x02c64833) x16 0x00000001
core   0: 0x800020b0 (0x0398fd63) bgeu    a7, s9, pc + 58
core   0: 3 0x800020b0 (0x0398fd63)
core   0: 0x800020ea (0x03a4c563) blt     s1, s10, pc + 42
core   0: 3 0x800020ea (0x03a4c563)
core   0: 0x80002114 (0x005e8733) add     a4, t4, t0
core   0: 3 0x80002114 (0x005e8733) x14 0x00000001
core   0: 0x80002118 (0x556feb13) ori     s6, t6, 1366
core   0: 3 0x80002118 (0x556feb13) x22 0x0000055f
core   0: 0x8000211c (0x04e96463) bltu    s2, a4, pc + 72
core   0: 3 0x8000211c (0x04e96463)
core   0: 0x80002120 (0x0000100f) fence.i
core   0: 3 0x80002120 (0x0000100f)
core   0: 0x80002124 (0x0000100f) fence.i
core   0: 3 0x80002124 (0x0000100f)
core   0: 0x80002128 (0x01831e93) slli    t4, t1, 24
core   0: 3 0x80002128 (0x01831e93) x29 0x00000000
core   0: 0x8000212c (0x00000b88) c.addi4spn a0, sp, 464
core   0: 3 0x8000212c (0x0b88) x10 0x000001c6
core   0: 0x8000212e (0x03e310b3) mulh    ra, t1, t5
core   0: 3 0x8000212e (0x03e310b3) x 1 0x00000000
core   0: 0x80002132 (0x03da19b3) mulh    s3, s4, t4
core   0: 3 0x80002132 (0x03da19b3) x19 0x00000000
core   0: 0x80002136 (0x03eb4233) div     tp, s6, t5
core   0: 3 0x80002136 (0x03eb4233) x 4 0x00000089
core   0: 0x8000213a (0x0000ee01) c.bnez  a2, pc + 24
core   0: 3 0x8000213a (0xee01)
core   0: 0x80002152 (0x03d59763) bne     a1, t4, pc + 46
core   0: 3 0x80002152 (0x03d59763)
core   0: 0x80002156 (0x03523f33) mulhu   t5, tp, s5
core   0: 3 0x80002156 (0x03523f33) x30 0x00000000
core   0: 0x8000215a (0x008a9ab3) sll     s5, s5, s0
core   0: 3 0x8000215a (0x008a9ab3) x21 0x00000000
core   0: 0x8000215e (0x0062edb3) or      s11, t0, t1
core   0: 3 0x8000215e (0x0062edb3) x27 0x058d0c00
core   0: 0x80002162 (0x00008b62) c.mv    s6, s8
core   0: 3 0x80002162 (0x8b62) x22 0x58d0c000
core   0: 0x80002164 (0x000046d5) c.li    a3, 21
core   0: 3 0x80002164 (0x46d5) x13 0x00000015
core   0: 0x80002166 (0x00106b63) bltu    zero, ra, pc + 22
core   0: 3 0x80002166 (0x00106b63)
core   0: 0x8000216a (0x005a1613) slli    a2, s4, 5
core   0: 3 0x8000216a (0x005a1613) x12 0x00000000
core   0: 0x8000216e (0x005e9593) slli    a1, t4, 5
core   0: 3 0x8000216e (0x005e9593) x11 0x00000000
core   0: 0x80002172 (0x00006105) c.addi16sp sp, 32
core   0: 3 0x80002172 (0x6105) x 2 0x00000016
core   0: 0x80002174 (0x022bb133) mulhu   sp, s7, sp
core   0: 3 0x80002174 (0x022bb133) x 2 0x0000000b
core   0: 0x80002178 (0x0000100f) fence.i
core   0: 3 0x80002178 (0x0000100f)
core   0: 0x8000217c (0x00c5da63) bge     a1, a2, pc + 20
core   0: 3 0x8000217c (0x00c5da63)
core   0: 0x80002190 (0x0000c321) c.beqz  a4, pc + 64
core   0: 3 0x80002190 (0xc321)
core   0: 0x80002192 (0x000068b1) c.lui   a7, 0xc
core   0: 3 0x80002192 (0x68b1) x17 0x0000c000
core   0: 0x80002194 (0x00d8ed93) ori     s11, a7, 13
core   0: 3 0x80002194 (0x00d8ed93) x27 0x0000c00d
core   0: 0x80002198 (0x0000c581) c.beqz  a1, pc + 8
core   0: 3 0x80002198 (0xc581)
core   0: 0x800021a0 (0x00000001) c.nop
core   0: 3 0x800021a0 (0x0001)
core   0: 0x800021a2 (0x0180ceb3) xor     t4, ra, s8
core   0: 3 0x800021a2 (0x0180ceb3) x29 0x58d0c000
core   0: 0x800021a6 (0x00009afd) c.andi  a3, -1
core   0: 3 0x800021a6 (0x9afd) x13 0x00000015
core   0: 0x800021a8 (0x00bf0233) add     tp, t5, a1
core   0: 3 0x800021a8 (0x00bf0233) x 4 0x00000000
core   0: 0x800021ac (0x034dc363) blt     s11, s4, pc + 38
core   0: 3 0x800021ac (0x034dc363)
core   0: 0x800021b0 (0x419406b3) sub     a3, s0, s9
core   0: 3 0x800021b0 (0x419406b3) x13 0x80000069
core   0: 0x800021b4 (0x00006105) c.addi16sp sp, 32
core   0: 3 0x800021b4 (0x6105) x 2 0x0000002b
core   0: 0x800021b6 (0x001d0f33) add     t5, s10, ra
core   0: 3 0x800021b6 (0x001d0f33) x30 0x0000034c
core   0: 0x800021ba (0x4c9ca093) slti    ra, s9, 1225
core   0: 3 0x800021ba (0x4c9ca093) x 1 0x00000001
core   0: 0x800021be (0x0000ee91) c.bnez  a3, pc + 28
core   0: 3 0x800021be (0xee91)
core   0: 0x800021da (0xb19efe93) andi    t4, t4, -1255
core   0: 3 0x800021da (0xb19efe93) x29 0x58d0c000
core   0: 0x800021de (0x00b20263) beq     tp, a1, pc + 4
core   0: 3 0x800021de (0x00b20263)
core   0: 0x800021e2 (0x00008ec5) c.or    a3, s1
core   0: 3 0x800021e2 (0x8ec5) x13 0xffffffff
core   0: 0x800021e4 (0x00000001) c.nop
core   0: 3 0x800021e4 (0x0001)
core   0: 0x800021e6 (0x02717933) remu    s2, sp, t2
core   0: 3 0x800021e6 (0x02717933) x18 0x0000002b
core   0: 0x800021ea (0x0000825d) c.srli  a2, 23
core   0: 3 0x800021ea (0x825d) x12 0x00000000
core   0: 0x800021ec (0x013ef433) and     s0, t4, s3
core   0: 3 0x800021ec (0x013ef433) x 8 0x00000000
core   0: 0x800021f0 (0x01589793) slli    a5, a7, 21
core   0: 3 0x800021f0 (0x01589793) x15 0x00000000
core   0: 0x800021f4 (0x0000100f) fence.i
core   0: 3 0x800021f4 (0x0000100f)
core   0: 0x800021f8 (0x019fc663) blt     t6, s9, pc + 12
core   0: 3 0x800021f8 (0x019fc663)
core   0: 0x80002204 (0x014f09b3) add     s3, t5, s4
core   0: 3 0x80002204 (0x014f09b3) x19 0x8000034c
core   0: 0x80002208 (0x03fea0b3) mulhsu  ra, t4, t6
core   0: 3 0x80002208 (0x03fea0b3) x 1 0x00000003
core   0: 0x8000220c (0x320ff793) andi    a5, t6, 800
core   0: 3 0x8000220c (0x320ff793) x15 0x00000000
core   0: 0x80002210 (0x00e9bf33) sltu    t5, s3, a4
core   0: 3 0x80002210 (0x00e9bf33) x30 0x00000000
core   0: 0x80002214 (0x02359ab3) mulh    s5, a1, gp
core   0: 3 0x80002214 (0x02359ab3) x21 0x00000000
core   0: 0x80002218 (0x00008d0d) c.sub   a0, a1
core   0: 3 0x80002218 (0x8d0d) x10 0x000001c6
core   0: 0x8000221a (0x00008361) c.srli  a4, 24
core   0: 3 0x8000221a (0x8361) x14 0x00000000
core   0: 0x8000221c (0x00000001) c.nop
core   0: 3 0x8000221c (0x0001)
core   0: 0x8000221e (0x9c406c93) ori     s9, zero, -1596
core   0: 3 0x8000221e (0x9c406c93) x25 0xfffff9c4
core   0: 0x80002222 (0x0144dfb3) srl     t6, s1, s4
core   0: 3 0x80002222 (0x0144dfb3) x31 0xffffffff
core   0: 0x80002226 (0x066f7e63) bgeu    t5, t1, pc + 124
core   0: 3 0x80002226 (0x066f7e63)
core   0: 0x8000222a (0x00009f1e) c.add   t5, t2
core   0: 3 0x8000222a (0x9f1e) x30 0x00000000
core   0: 0x8000222c (0x726cc793) xori    a5, s9, 1830
core   0: 3 0x8000222c (0x726cc793) x15 0xfffffee2
core   0: 0x80002230 (0x00a00613) li      a2, 10
core   0: 3 0x80002230 (0x00a00613) x12 0x0000000a
core   0: 0x80002234 (0x00861f93) slli    t6, a2, 8
core   0: 3 0x80002234 (0x00861f93) x31 0x00000a00
core   0: 0x80002238 (0x5d701ab7) lui     s5, 0x5d701
core   0: 3 0x80002238 (0x5d701ab7) x21 0x5d701000
core   0: 0x8000223c (0x00800d93) li      s11, 8
core   0: 3 0x8000223c (0x00800d93) x27 0x00000008
core   0: 0x80002240 (0x00001c98) c.addi4spn a4, sp, 624
core   0: 3 0x80002240 (0x1c98) x14 0x0000029b
core   0: 0x80002242 (0x00008b3d) c.andi  a4, 15
core   0: 3 0x80002242 (0x8b3d) x14 0x0000000b
core   0: 0x80002244 (0x03c3f133) remu    sp, t2, t3
core   0: 3 0x80002244 (0x03c3f133) x 2 0x00000000
core   0: 0x80002248 (0x40a909b3) sub     s3, s2, a0
core   0: 3 0x80002248 (0x40a909b3) x19 0xfffffe65
core   0: 0x8000224c (0x00001669) c.addi  a2, -6
core   0: 3 0x8000224c (0x1669) x12 0x00000004
core   0: 0x8000224e (0x016024b3) slt     s1, zero, s6
core   0: 3 0x8000224e (0x016024b3) x 9 0x00000001
core   0: 0x80002252 (0x00008d4d) c.or    a0, a1
core   0: 3 0x80002252 (0x8d4d) x10 0x000001c6
core   0: 0x80002254 (0x00009322) c.add   t1, s0
core   0: 3 0x80002254 (0x9322) x 6 0x058d0c00
core   0: 0x80002256 (0x025cb6b3) mulhu   a3, s9, t0
core   0: 3 0x80002256 (0x025cb6b3) x13 0x00000000
core   0: 0x8000225a (0xffa00793) li      a5, -6
core   0: 3 0x8000225a (0xffa00793) x15 0xfffffffa
core   0: 0x8000225e (0xd9370d17) auipc   s10, 0xd9370
core   0: 3 0x8000225e (0xd9370d17) x26 0x5937225e
core   0: 0x80002262 (0x000953b3) srl     t2, s2, zero
core   0: 3 0x80002262 (0x000953b3) x 7 0x0000002b
core   0: 0x80002266 (0x00000001) c.nop
core   0: 3 0x80002266 (0x0001)
core   0: 0x80002268 (0x181bc193) xori    gp, s7, 385
core   0: 3 0x80002268 (0x181bc193) x 3 0x80026d65
core   0: 0x8000226c (0x03aaaab3) mulhsu  s5, s5, s10
core   0: 3 0x8000226c (0x03aaaab3) x21 0x2090152e
core   0: 0x80002270 (0x00008eed) c.and   a3, a1
core   0: 3 0x80002270 (0x8eed) x13 0x00000000
core   0: 0x80002272 (0x00000799) c.addi  a5, 6
core   0: 3 0x80002272 (0x0799) x15 0x00000000
core   0: 0x80002274 (0x0000084d) c.addi  a6, 19
core   0: 3 0x80002274 (0x084d) x16 0x00000014
core   0: 0x80002276 (0x000086b1) c.srai  a3, 12
core   0: 3 0x80002276 (0x86b1) x13 0x00000000
core   0: 0x80002278 (0x0000dbe5) c.beqz  a5, pc - 16
core   0: 3 0x80002278 (0xdbe5)
core   0: 0x80002268 (0x181bc193) xori    gp, s7, 385
core   0: 3 0x80002268 (0x181bc193) x 3 0x80026d65
core   0: 0x8000226c (0x03aaaab3) mulhsu  s5, s5, s10
core   0: 3 0x8000226c (0x03aaaab3) x21 0x0b591ab0
core   0: 0x80002270 (0x00008eed) c.and   a3, a1
core   0: 3 0x80002270 (0x8eed) x13 0x00000000
core   0: 0x80002272 (0x00000799) c.addi  a5, 6
core   0: 3 0x80002272 (0x0799) x15 0x00000006
core   0: 0x80002274 (0x0000084d) c.addi  a6, 19
core   0: 3 0x80002274 (0x084d) x16 0x00000027
core   0: 0x80002276 (0x000086b1) c.srai  a3, 12
core   0: 3 0x80002276 (0x86b1) x13 0x00000000
core   0: 0x80002278 (0x0000dbe5) c.beqz  a5, pc - 16
core   0: 3 0x80002278 (0xdbe5)
core   0: 0x8000227a (0x0ff0000f) fence   iorw,iorw
core   0: 3 0x8000227a (0x0ff0000f)
core   0: 0x8000227e (0x0000039e) c.slli  t2, 7
core   0: 3 0x8000227e (0x039e) x 7 0x00001580
core   0: 0x80002280 (0xfdb672e3) bgeu    a2, s11, pc - 60
core   0: 3 0x80002280 (0xfdb672e3)
core   0: 0x80002284 (0x03837b33) remu    s6, t1, s8
core   0: 3 0x80002284 (0x03837b33) x22 0x058d0c00
core   0: 0x80002288 (0x000062d9) c.lui   t0, 0x16
core   0: 3 0x80002288 (0x62d9) x 5 0x00016000
core   0: 0x8000228a (0x03facb33) div     s6, s5, t6
core   0: 3 0x8000228a (0x03facb33) x22 0x00012282
core   0: 0x8000228e (0x023aab33) mulhsu  s6, s5, gp
core   0: 3 0x8000228e (0x023aab33) x22 0x05aca8e3
core   0: 0x80002292 (0x000087c1) c.srai  a5, 16
core   0: 3 0x80002292 (0x87c1) x15 0x00000000
core   0: 0x80002294 (0x02f76833) rem     a6, a4, a5
core   0: 3 0x80002294 (0x02f76833) x16 0x0000000b
core   0: 0x80002298 (0x0239b433) mulhu   s0, s3, gp
core   0: 3 0x80002298 (0x0239b433) x 8 0x80026c97
core   0: 0x8000229c (0x03690763) beq     s2, s6, pc + 46
core   0: 3 0x8000229c (0x03690763)
core   0: 0x800022a0 (0x0000cf99) c.beqz  a5, pc + 30
core   0: 3 0x800022a0 (0xcf99)
core   0: 0x800022be (0x00008116) c.mv    sp, t0
core   0: 3 0x800022be (0x8116) x 2 0x00016000
core   0: 0x800022c0 (0x019f4933) xor     s2, t5, s9
core   0: 3 0x800022c0 (0x019f4933) x18 0xfffff9c4
core   0: 0x800022c4 (0x000084a5) c.srai  s1, 9
core   0: 3 0x800022c4 (0x84a5) x 9 0x00000000
core   0: 0x800022c6 (0x0ff0000f) fence   iorw,iorw
core   0: 3 0x800022c6 (0x0ff0000f)
core   0: 0x800022ca (0x00a34963) blt     t1, a0, pc + 18
core   0: 3 0x800022ca (0x00a34963)
core   0: 0x800022ce (0x00001104) c.addi4spn s1, sp, 160
core   0: 3 0x800022ce (0x1104) x 9 0x000160a0
core   0: 0x800022d0 (0x976f7613) andi    a2, t5, -1674
core   0: 3 0x800022d0 (0x976f7613) x12 0x00000000
core   0: 0x800022d4 (0x0000100f) fence.i
core   0: 3 0x800022d4 (0x0000100f)
core   0: 0x800022d8 (0x408900b3) sub     ra, s2, s0
core   0: 3 0x800022d8 (0x408900b3) x 1 0x7ffd8d2d
core   0: 0x800022dc (0x14c27f93) andi    t6, tp, 332
core   0: 3 0x800022dc (0x14c27f93) x31 0x00000000
core   0: 0x800022e0 (0x36002793) slti    a5, zero, 864
core   0: 3 0x800022e0 (0x36002793) x15 0x00000001
core   0: 0x800022e4 (0x013cd613) srli    a2, s9, 19
core   0: 3 0x800022e4 (0x013cd613) x12 0x00001fff
core   0: 0x800022e8 (0x0000e885) c.bnez  s1, pc + 48
core   0: 3 0x800022e8 (0xe885)
core   0: 0x80002318 (0x00008039) c.srli  s0, 14
core   0: 3 0x80002318 (0x8039) x 8 0x00020009
core   0: 0x8000231a (0x0000987d) c.andi  s0, -1
core   0: 3 0x8000231a (0x987d) x 8 0x00020009
core   0: 0x8000231c (0x00008f09) c.sub   a4, a0
core   0: 3 0x8000231c (0x8f09) x14 0xfffffe45
core   0: 0x8000231e (0x00b61c63) bne     a2, a1, pc + 24
core   0: 3 0x8000231e (0x00b61c63)
core   0: 0x80002336 (0x02746563) bltu    s0, t2, pc + 42
core   0: 3 0x80002336 (0x02746563)
core   0: 0x8000233a (0x03cc3cb3) mulhu   s9, s8, t3
core   0: 3 0x8000233a (0x03cc3cb3) x25 0x2c6921b9
core   0: 0x8000233e (0x56143313) sltiu   t1, s0, 1377
core   0: 3 0x8000233e (0x56143313) x 6 0x00000000
core   0: 0x80002342 (0x573af713) andi    a4, s5, 1395
core   0: 3 0x80002342 (0x573af713) x14 0x00000030
core   0: 0x80002346 (0x00fba733) slt     a4, s7, a5
core   0: 3 0x80002346 (0x00fba733) x14 0x00000001
core   0: 0x8000234a (0x0000717d) c.addi16sp sp, -16
core   0: 3 0x8000234a (0x717d) x 2 0x00015ff0
core   0: 0x8000234c (0x0000100f) fence.i
core   0: 3 0x8000234c (0x0000100f)
core   0: 0x80002350 (0x00000fd2) c.slli  t6, 20
core   0: 3 0x80002350 (0x0fd2) x31 0x00000000
core   0: 0x80002352 (0x00008d9d) c.sub   a1, a5
core   0: 3 0x80002352 (0x8d9d) x11 0xffffffff
core   0: 0x80002354 (0x05a3de63) bge     t2, s10, pc + 92
core   0: 3 0x80002354 (0x05a3de63)
core   0: 0x80002358 (0x00008a19) c.andi  a2, 6
core   0: 3 0x80002358 (0x8a19) x12 0x00000006
core   0: 0x8000235a (0x0000048a) c.slli  s1, 2
core   0: 3 0x8000235a (0x048a) x 9 0x00058280
core   0: 0x8000235c (0x030497b3) mulh    a5, s1, a6
core   0: 3 0x8000235c (0x030497b3) x15 0x00000000
core   0: 0x80002360 (0x26d4f893) andi    a7, s1, 621
core   0: 3 0x80002360 (0x26d4f893) x17 0x00000200
core   0: 0x80002364 (0x00700d93) li      s11, 7
core   0: 3 0x80002364 (0x00700d93) x27 0x00000007
core   0: 0x80002368 (0x00300f93) li      t6, 3
core   0: 3 0x80002368 (0x00300f93) x31 0x00000003
core   0: 0x8000236c (0xa516cc93) xori    s9, a3, -1455
core   0: 3 0x8000236c (0xa516cc93) x25 0xfffffa51
core   0: 0x80002370 (0x40a408b3) sub     a7, s0, a0
core   0: 3 0x80002370 (0x40a408b3) x17 0x0001fe43
core   0: 0x80002374 (0x000065d9) c.lui   a1, 0x16
core   0: 3 0x80002374 (0x65d9) x11 0x00016000
core   0: 0x80002376 (0x00001df9) c.addi  s11, -2
core   0: 3 0x80002376 (0x1df9) x27 0x00000005
core   0: 0x80002378 (0x00008e55) c.or    a2, a3
core   0: 3 0x80002378 (0x8e55) x12 0x00000006
core   0: 0x8000237a (0x41555913) srai    s2, a0, 21
core   0: 3 0x8000237a (0x41555913) x18 0x00000000
core   0: 0x8000237e (0xff600713) li      a4, -10
core   0: 3 0x8000237e (0xff600713) x14 0xfffffff6
core   0: 0x80002382 (0x0000492d) c.li    s2, 11
core   0: 3 0x80002382 (0x492d) x18 0x0000000b
core   0: 0x80002384 (0x01000793) li      a5, 16
core   0: 3 0x80002384 (0x01000793) x15 0x00000010
core   0: 0x80002388 (0xf9656013) ori     zero, a0, -106
core   0: 3 0x80002388 (0xf9656013)
core   0: 0x8000238c (0x0000070d) c.addi  a4, 3
core   0: 3 0x8000238c (0x070d) x14 0xfffffff9
core   0: 0x8000238e (0x0000717d) c.addi16sp sp, -16
core   0: 3 0x8000238e (0x717d) x 2 0x00015fe0
core   0: 0x80002390 (0xfef74ce3) blt     a4, a5, pc - 8
core   0: 3 0x80002390 (0xfef74ce3)
core   0: 0x80002388 (0xf9656013) ori     zero, a0, -106
core   0: 3 0x80002388 (0xf9656013)
core   0: 0x8000238c (0x0000070d) c.addi  a4, 3
core   0: 3 0x8000238c (0x070d) x14 0xfffffffc
core   0: 0x8000238e (0x0000717d) c.addi16sp sp, -16
core   0: 3 0x8000238e (0x717d) x 2 0x00015fd0
core   0: 0x80002390 (0xfef74ce3) blt     a4, a5, pc - 8
core   0: 3 0x80002390 (0xfef74ce3)
core   0: 0x80002388 (0xf9656013) ori     zero, a0, -106
core   0: 3 0x80002388 (0xf9656013)
core   0: 0x8000238c (0x0000070d) c.addi  a4, 3
core   0: 3 0x8000238c (0x070d) x14 0xffffffff
core   0: 0x8000238e (0x0000717d) c.addi16sp sp, -16
core   0: 3 0x8000238e (0x717d) x 2 0x00015fc0
core   0: 0x80002390 (0xfef74ce3) blt     a4, a5, pc - 8
core   0: 3 0x80002390 (0xfef74ce3)
core   0: 0x80002388 (0xf9656013) ori     zero, a0, -106
core   0: 3 0x80002388 (0xf9656013)
core   0: 0x8000238c (0x0000070d) c.addi  a4, 3
core   0: 3 0x8000238c (0x070d) x14 0x00000002
core   0: 0x8000238e (0x0000717d) c.addi16sp sp, -16
core   0: 3 0x8000238e (0x717d) x 2 0x00015fb0
core   0: 0x80002390 (0xfef74ce3) blt     a4, a5, pc - 8
core   0: 3 0x80002390 (0xfef74ce3)
core   0: 0x80002388 (0xf9656013) ori     zero, a0, -106
core   0: 3 0x80002388 (0xf9656013)
core   0: 0x8000238c (0x0000070d) c.addi  a4, 3
core   0: 3 0x8000238c (0x070d) x14 0x00000005
core   0: 0x8000238e (0x0000717d) c.addi16sp sp, -16
core   0: 3 0x8000238e (0x717d) x 2 0x00015fa0
core   0: 0x80002390 (0xfef74ce3) blt     a4, a5, pc - 8
core   0: 3 0x80002390 (0xfef74ce3)
core   0: 0x80002388 (0xf9656013) ori     zero, a0, -106
core   0: 3 0x80002388 (0xf9656013)
core   0: 0x8000238c (0x0000070d) c.addi  a4, 3
core   0: 3 0x8000238c (0x070d) x14 0x00000008
core   0: 0x8000238e (0x0000717d) c.addi16sp sp, -16
core   0: 3 0x8000238e (0x717d) x 2 0x00015f90
core   0: 0x80002390 (0xfef74ce3) blt     a4, a5, pc - 8
core   0: 3 0x80002390 (0xfef74ce3)
core   0: 0x80002388 (0xf9656013) ori     zero, a0, -106
core   0: 3 0x80002388 (0xf9656013)
core   0: 0x8000238c (0x0000070d) c.addi  a4, 3
core   0: 3 0x8000238c (0x070d) x14 0x0000000b
core   0: 0x8000238e (0x0000717d) c.addi16sp sp, -16
core   0: 3 0x8000238e (0x717d) x 2 0x00015f80
core   0: 0x80002390 (0xfef74ce3) blt     a4, a5, pc - 8
core   0: 3 0x80002390 (0xfef74ce3)
core   0: 0x80002388 (0xf9656013) ori     zero, a0, -106
core   0: 3 0x80002388 (0xf9656013)
core   0: 0x8000238c (0x0000070d) c.addi  a4, 3
core   0: 3 0x8000238c (0x070d) x14 0x0000000e
core   0: 0x8000238e (0x0000717d) c.addi16sp sp, -16
core   0: 3 0x8000238e (0x717d) x 2 0x00015f70
core   0: 0x80002390 (0xfef74ce3) blt     a4, a5, pc - 8
core   0: 3 0x80002390 (0xfef74ce3)
core   0: 0x80002388 (0xf9656013) ori     zero, a0, -106
core   0: 3 0x80002388 (0xf9656013)
core   0: 0x8000238c (0x0000070d) c.addi  a4, 3
core   0: 3 0x8000238c (0x070d) x14 0x00000011
core   0: 0x8000238e (0x0000717d) c.addi16sp sp, -16
core   0: 3 0x8000238e (0x717d) x 2 0x00015f60
core   0: 0x80002390 (0xfef74ce3) blt     a4, a5, pc - 8
core   0: 3 0x80002390 (0xfef74ce3)
core   0: 0x80002394 (0x00000452) c.slli  s0, 20
core   0: 3 0x80002394 (0x0452) x 8 0x00900000
core   0: 0x80002396 (0xfdfdfde3) bgeu    s11, t6, pc - 38
core   0: 3 0x80002396 (0xfdfdfde3)
core   0: 0x80002370 (0x40a408b3) sub     a7, s0, a0
core   0: 3 0x80002370 (0x40a408b3) x17 0x008ffe3a
core   0: 0x80002374 (0x000065d9) c.lui   a1, 0x16
core   0: 3 0x80002374 (0x65d9) x11 0x00016000
core   0: 0x80002376 (0x00001df9) c.addi  s11, -2
core   0: 3 0x80002376 (0x1df9) x27 0x00000003
core   0: 0x80002378 (0x00008e55) c.or    a2, a3
core   0: 3 0x80002378 (0x8e55) x12 0x00000006
core   0: 0x8000237a (0x41555913) srai    s2, a0, 21
core   0: 3 0x8000237a (0x41555913) x18 0x00000000
core   0: 0x8000237e (0xff600713) li      a4, -10
core   0: 3 0x8000237e (0xff600713) x14 0xfffffff6
core   0: 0x80002382 (0x0000492d) c.li    s2, 11
core   0: 3 0x80002382 (0x492d) x18 0x0000000b
core   0: 0x80002384 (0x01000793) li      a5, 16
core   0: 3 0x80002384 (0x01000793) x15 0x00000010
core   0: 0x80002388 (0xf9656013) ori     zero, a0, -106
core   0: 3 0x80002388 (0xf9656013)
core   0: 0x8000238c (0x0000070d) c.addi  a4, 3
core   0: 3 0x8000238c (0x070d) x14 0xfffffff9
core   0: 0x8000238e (0x0000717d) c.addi16sp sp, -16
core   0: 3 0x8000238e (0x717d) x 2 0x00015f50
core   0: 0x80002390 (0xfef74ce3) blt     a4, a5, pc - 8
core   0: 3 0x80002390 (0xfef74ce3)
core   0: 0x80002388 (0xf9656013) ori     zero, a0, -106
core   0: 3 0x80002388 (0xf9656013)
core   0: 0x8000238c (0x0000070d) c.addi  a4, 3
core   0: 3 0x8000238c (0x070d) x14 0xfffffffc
core   0: 0x8000238e (0x0000717d) c.addi16sp sp, -16
core   0: 3 0x8000238e (0x717d) x 2 0x00015f40
core   0: 0x80002390 (0xfef74ce3) blt     a4, a5, pc - 8
core   0: 3 0x80002390 (0xfef74ce3)
core   0: 0x80002388 (0xf9656013) ori     zero, a0, -106
core   0: 3 0x80002388 (0xf9656013)
core   0: 0x8000238c (0x0000070d) c.addi  a4, 3
core   0: 3 0x8000238c (0x070d) x14 0xffffffff
core   0: 0x8000238e (0x0000717d) c.addi16sp sp, -16
core   0: 3 0x8000238e (0x717d) x 2 0x00015f30
core   0: 0x80002390 (0xfef74ce3) blt     a4, a5, pc - 8
core   0: 3 0x80002390 (0xfef74ce3)
core   0: 0x80002388 (0xf9656013) ori     zero, a0, -106
core   0: 3 0x80002388 (0xf9656013)
core   0: 0x8000238c (0x0000070d) c.addi  a4, 3
core   0: 3 0x8000238c (0x070d) x14 0x00000002
core   0: 0x8000238e (0x0000717d) c.addi16sp sp, -16
core   0: 3 0x8000238e (0x717d) x 2 0x00015f20
core   0: 0x80002390 (0xfef74ce3) blt     a4, a5, pc - 8
core   0: 3 0x80002390 (0xfef74ce3)
core   0: 0x80002388 (0xf9656013) ori     zero, a0, -106
core   0: 3 0x80002388 (0xf9656013)
core   0: 0x8000238c (0x0000070d) c.addi  a4, 3
core   0: 3 0x8000238c (0x070d) x14 0x00000005
core   0: 0x8000238e (0x0000717d) c.addi16sp sp, -16
core   0: 3 0x8000238e (0x717d) x 2 0x00015f10
core   0: 0x80002390 (0xfef74ce3) blt     a4, a5, pc - 8
core   0: 3 0x80002390 (0xfef74ce3)
core   0: 0x80002388 (0xf9656013) ori     zero, a0, -106
core   0: 3 0x80002388 (0xf9656013)
core   0: 0x8000238c (0x0000070d) c.addi  a4, 3
core   0: 3 0x8000238c (0x070d) x14 0x00000008
core   0: 0x8000238e (0x0000717d) c.addi16sp sp, -16
core   0: 3 0x8000238e (0x717d) x 2 0x00015f00
core   0: 0x80002390 (0xfef74ce3) blt     a4, a5, pc - 8
core   0: 3 0x80002390 (0xfef74ce3)
core   0: 0x80002388 (0xf9656013) ori     zero, a0, -106
core   0: 3 0x80002388 (0xf9656013)
core   0: 0x8000238c (0x0000070d) c.addi  a4, 3
core   0: 3 0x8000238c (0x070d) x14 0x0000000b
core   0: 0x8000238e (0x0000717d) c.addi16sp sp, -16
core   0: 3 0x8000238e (0x717d) x 2 0x00015ef0
core   0: 0x80002390 (0xfef74ce3) blt     a4, a5, pc - 8
core   0: 3 0x80002390 (0xfef74ce3)
core   0: 0x80002388 (0xf9656013) ori     zero, a0, -106
core   0: 3 0x80002388 (0xf9656013)
core   0: 0x8000238c (0x0000070d) c.addi  a4, 3
core   0: 3 0x8000238c (0x070d) x14 0x0000000e
core   0: 0x8000238e (0x0000717d) c.addi16sp sp, -16
core   0: 3 0x8000238e (0x717d) x 2 0x00015ee0
core   0: 0x80002390 (0xfef74ce3) blt     a4, a5, pc - 8
core   0: 3 0x80002390 (0xfef74ce3)
core   0: 0x80002388 (0xf9656013) ori     zero, a0, -106
core   0: 3 0x80002388 (0xf9656013)
core   0: 0x8000238c (0x0000070d) c.addi  a4, 3
core   0: 3 0x8000238c (0x070d) x14 0x00000011
core   0: 0x8000238e (0x0000717d) c.addi16sp sp, -16
core   0: 3 0x8000238e (0x717d) x 2 0x00015ed0
core   0: 0x80002390 (0xfef74ce3) blt     a4, a5, pc - 8
core   0: 3 0x80002390 (0xfef74ce3)
core   0: 0x80002394 (0x00000452) c.slli  s0, 20
core   0: 3 0x80002394 (0x0452) x 8 0x00000000
core   0: 0x80002396 (0xfdfdfde3) bgeu    s11, t6, pc - 38
core   0: 3 0x80002396 (0xfdfdfde3)
core   0: 0x80002370 (0x40a408b3) sub     a7, s0, a0
core   0: 3 0x80002370 (0x40a408b3) x17 0xfffffe3a
core   0: 0x80002374 (0x000065d9) c.lui   a1, 0x16
core   0: 3 0x80002374 (0x65d9) x11 0x00016000
core   0: 0x80002376 (0x00001df9) c.addi  s11, -2
core   0: 3 0x80002376 (0x1df9) x27 0x00000001
core   0: 0x80002378 (0x00008e55) c.or    a2, a3
core   0: 3 0x80002378 (0x8e55) x12 0x00000006
core   0: 0x8000237a (0x41555913) srai    s2, a0, 21
core   0: 3 0x8000237a (0x41555913) x18 0x00000000
core   0: 0x8000237e (0xff600713) li      a4, -10
core   0: 3 0x8000237e (0xff600713) x14 0xfffffff6
core   0: 0x80002382 (0x0000492d) c.li    s2, 11
core   0: 3 0x80002382 (0x492d) x18 0x0000000b
core   0: 0x80002384 (0x01000793) li      a5, 16
core   0: 3 0x80002384 (0x01000793) x15 0x00000010
core   0: 0x80002388 (0xf9656013) ori     zero, a0, -106
core   0: 3 0x80002388 (0xf9656013)
core   0: 0x8000238c (0x0000070d) c.addi  a4, 3
core   0: 3 0x8000238c (0x070d) x14 0xfffffff9
core   0: 0x8000238e (0x0000717d) c.addi16sp sp, -16
core   0: 3 0x8000238e (0x717d) x 2 0x00015ec0
core   0: 0x80002390 (0xfef74ce3) blt     a4, a5, pc - 8
core   0: 3 0x80002390 (0xfef74ce3)
core   0: 0x80002388 (0xf9656013) ori     zero, a0, -106
core   0: 3 0x80002388 (0xf9656013)
core   0: 0x8000238c (0x0000070d) c.addi  a4, 3
core   0: 3 0x8000238c (0x070d) x14 0xfffffffc
core   0: 0x8000238e (0x0000717d) c.addi16sp sp, -16
core   0: 3 0x8000238e (0x717d) x 2 0x00015eb0
core   0: 0x80002390 (0xfef74ce3) blt     a4, a5, pc - 8
core   0: 3 0x80002390 (0xfef74ce3)
core   0: 0x80002388 (0xf9656013) ori     zero, a0, -106
core   0: 3 0x80002388 (0xf9656013)
core   0: 0x8000238c (0x0000070d) c.addi  a4, 3
core   0: 3 0x8000238c (0x070d) x14 0xffffffff
core   0: 0x8000238e (0x0000717d) c.addi16sp sp, -16
core   0: 3 0x8000238e (0x717d) x 2 0x00015ea0
core   0: 0x80002390 (0xfef74ce3) blt     a4, a5, pc - 8
core   0: 3 0x80002390 (0xfef74ce3)
core   0: 0x80002388 (0xf9656013) ori     zero, a0, -106
core   0: 3 0x80002388 (0xf9656013)
core   0: 0x8000238c (0x0000070d) c.addi  a4, 3
core   0: 3 0x8000238c (0x070d) x14 0x00000002
core   0: 0x8000238e (0x0000717d) c.addi16sp sp, -16
core   0: 3 0x8000238e (0x717d) x 2 0x00015e90
core   0: 0x80002390 (0xfef74ce3) blt     a4, a5, pc - 8
core   0: 3 0x80002390 (0xfef74ce3)
core   0: 0x80002388 (0xf9656013) ori     zero, a0, -106
core   0: 3 0x80002388 (0xf9656013)
core   0: 0x8000238c (0x0000070d) c.addi  a4, 3
core   0: 3 0x8000238c (0x070d) x14 0x00000005
core   0: 0x8000238e (0x0000717d) c.addi16sp sp, -16
core   0: 3 0x8000238e (0x717d) x 2 0x00015e80
core   0: 0x80002390 (0xfef74ce3) blt     a4, a5, pc - 8
core   0: 3 0x80002390 (0xfef74ce3)
core   0: 0x80002388 (0xf9656013) ori     zero, a0, -106
core   0: 3 0x80002388 (0xf9656013)
core   0: 0x8000238c (0x0000070d) c.addi  a4, 3
core   0: 3 0x8000238c (0x070d) x14 0x00000008
core   0: 0x8000238e (0x0000717d) c.addi16sp sp, -16
core   0: 3 0x8000238e (0x717d) x 2 0x00015e70
core   0: 0x80002390 (0xfef74ce3) blt     a4, a5, pc - 8
core   0: 3 0x80002390 (0xfef74ce3)
core   0: 0x80002388 (0xf9656013) ori     zero, a0, -106
core   0: 3 0x80002388 (0xf9656013)
core   0: 0x8000238c (0x0000070d) c.addi  a4, 3
core   0: 3 0x8000238c (0x070d) x14 0x0000000b
core   0: 0x8000238e (0x0000717d) c.addi16sp sp, -16
core   0: 3 0x8000238e (0x717d) x 2 0x00015e60
core   0: 0x80002390 (0xfef74ce3) blt     a4, a5, pc - 8
core   0: 3 0x80002390 (0xfef74ce3)
core   0: 0x80002388 (0xf9656013) ori     zero, a0, -106
core   0: 3 0x80002388 (0xf9656013)
core   0: 0x8000238c (0x0000070d) c.addi  a4, 3
core   0: 3 0x8000238c (0x070d) x14 0x0000000e
core   0: 0x8000238e (0x0000717d) c.addi16sp sp, -16
core   0: 3 0x8000238e (0x717d) x 2 0x00015e50
core   0: 0x80002390 (0xfef74ce3) blt     a4, a5, pc - 8
core   0: 3 0x80002390 (0xfef74ce3)
core   0: 0x80002388 (0xf9656013) ori     zero, a0, -106
core   0: 3 0x80002388 (0xf9656013)
core   0: 0x8000238c (0x0000070d) c.addi  a4, 3
core   0: 3 0x8000238c (0x070d) x14 0x00000011
core   0: 0x8000238e (0x0000717d) c.addi16sp sp, -16
core   0: 3 0x8000238e (0x717d) x 2 0x00015e40
core   0: 0x80002390 (0xfef74ce3) blt     a4, a5, pc - 8
core   0: 3 0x80002390 (0xfef74ce3)
core   0: 0x80002394 (0x00000452) c.slli  s0, 20
core   0: 3 0x80002394 (0x0452) x 8 0x00000000
core   0: 0x80002396 (0xfdfdfde3) bgeu    s11, t6, pc - 38
core   0: 3 0x80002396 (0xfdfdfde3)
core   0: 0x8000239a (0x3cccfeb7) lui     t4, 0x3cccf
core   0: 3 0x8000239a (0x3cccfeb7) x29 0x3cccf000
core   0: 0x8000239e (0x00008ead) c.xor   a3, a1
core   0: 3 0x8000239e (0x8ead) x13 0x00016000
core   0: 0x800023a0 (0x00008412) c.mv    s0, tp
core   0: 3 0x800023a0 (0x8412) x 8 0x00000000
core   0: 0x800023a2 (0x02eb0733) mul     a4, s6, a4
core   0: 3 0x800023a2 (0x02eb0733) x14 0x60773713
core   0: 0x800023a6 (0x9ff4a493) slti    s1, s1, -1537
core   0: 3 0x800023a6 (0x9ff4a493) x 9 0x00000000
core   0: 0x800023aa (0x00009972) c.add   s2, t3
core   0: 3 0x800023aa (0x9972) x18 0x80022e6f
core   0: 0x800023ac (0x9cee8097) auipc   ra, 0x9cee8
core   0: 3 0x800023ac (0x9cee8097) x 1 0x1ceea3ac
core   0: 0x800023b0 (0x00009c5e) c.add   s8, s7
core   0: 3 0x800023b0 (0x9c5e) x24 0xd8d32ce4
core   0: 0x800023b2 (0x01def833) and     a6, t4, t4
core   0: 3 0x800023b2 (0x01def833) x16 0x3cccf000
core   0: 0x800023b6 (0x0000c1b9) c.beqz  a1, pc + 70
core   0: 3 0x800023b6 (0xc1b9)
core   0: 0x800023b8 (0x020e3eb3) mulhu   t4, t3, zero
core   0: 3 0x800023b8 (0x020e3eb3) x29 0x00000000
core   0: 0x800023bc (0x00008f32) c.mv    t5, a2
core   0: 3 0x800023bc (0x8f32) x30 0x00000006
core   0: 0x800023be (0x026fe533) rem     a0, t6, t1
core   0: 3 0x800023be (0x026fe533) x10 0x00000003
core   0: 0x800023c2 (0x0052e233) or      tp, t0, t0
core   0: 3 0x800023c2 (0x0052e233) x 4 0x00016000
core   0: 0x800023c6 (0xa4c23193) sltiu   gp, tp, -1460
core   0: 3 0x800023c6 (0xa4c23193) x 3 0x00000001
core   0: 0x800023ca (0x00506d63) bltu    zero, t0, pc + 26
core   0: 3 0x800023ca (0x00506d63)
core   0: 0x800023e4 (0x039b5563) bge     s6, s9, pc + 42
core   0: 3 0x800023e4 (0x039b5563)
core   0: 0x8000240e (0x0166f0b3) and     ra, a3, s6
core   0: 3 0x8000240e (0x0166f0b3) x 1 0x00002000
core   0: 0x80002412 (0x01a9afb3) slt     t6, s3, s10
core   0: 3 0x80002412 (0x01a9afb3) x31 0x00000001
core   0: 0x80002416 (0x0000879d) c.srai  a5, 7
core   0: 3 0x80002416 (0x879d) x15 0x00000000
core   0: 0x80002418 (0x000098fd) c.andi  s1, -1
core   0: 3 0x80002418 (0x98fd) x 9 0x00000000
core   0: 0x8000241a (0x00008ed1) c.or    a3, a2
core   0: 3 0x8000241a (0x8ed1) x13 0x00016006
core   0: 0x8000241c (0x01df9213) slli    tp, t6, 29
core   0: 3 0x8000241c (0x01df9213) x 4 0x20000000
core   0: 0x80002420 (0x00de6d63) bltu    t3, a3, pc + 26
core   0: 3 0x80002420 (0x00de6d63)
core   0: 0x80002424 (0x0000717d) c.addi16sp sp, -16
core   0: 3 0x80002424 (0x717d) x 2 0x00015e30
core   0: 0x80002426 (0x02dc7c33) remu    s8, s8, a3
core   0: 3 0x80002426 (0x02dc7c33) x24 0x00003ad0
core   0: 0x8000242a (0x49a24193) xori    gp, tp, 1178
core   0: 3 0x8000242a (0x49a24193) x 3 0x2000049a
core   0: 0x8000242e (0x00008f25) c.xor   a4, s1
core   0: 3 0x8000242e (0x8f25) x14 0x60773713
core   0: 0x80002430 (0x08be7313) andi    t1, t3, 139
core   0: 3 0x80002430 (0x08be7313) x 6 0x00000000
core   0: 0x80002434 (0x00004221) c.li    tp, 8
core   0: 3 0x80002434 (0x4221) x 4 0x00000008
core   0: 0x80002436 (0x00000001) c.nop
core   0: 3 0x80002436 (0x0001)
core   0: 0x80002438 (0x00006b61) c.lui   s6, 0x18
core   0: 3 0x80002438 (0x6b61) x22 0x00018000
core   0: 0x8000243a (0x0ff0000f) fence   iorw,iorw
core   0: 3 0x8000243a (0x0ff0000f)
core   0: 0x8000243e (0x000094ce) c.add   s1, s3
core   0: 3 0x8000243e (0x94ce) x 9 0xfffffe65
core   0: 0x80002440 (0x018bc563) blt     s7, s8, pc + 10
core   0: 3 0x80002440 (0x018bc563)
core   0: 0x8000244a (0x0e02a9b7) lui     s3, 0xe02a
core   0: 3 0x8000244a (0x0e02a9b7) x19 0x0e02a000
core   0: 0x8000244e (0x5280e5b7) lui     a1, 0x5280e
core   0: 3 0x8000244e (0x5280e5b7) x11 0x5280e000
core   0: 0x80002452 (0x00000fea) c.slli  t6, 26
core   0: 3 0x80002452 (0x0fea) x31 0x04000000
core   0: 0x80002454 (0x00000001) c.nop
core   0: 3 0x80002454 (0x0001)
core   0: 0x80002456 (0x0091aeb3) slt     t4, gp, s1
core   0: 3 0x80002456 (0x0091aeb3) x29 0x00000000
core   0: 0x8000245a (0x41ecd333) sra     t1, s9, t5
core   0: 3 0x8000245a (0x41ecd333) x 6 0xffffffe9
core   0: 0x8000245e (0xd9676213) ori     tp, a4, -618
core   0: 3 0x8000245e (0xd9676213) x 4 0xffffff97
core   0: 0x80002462 (0x41e9dd93) srai    s11, s3, 30
core   0: 3 0x80002462 (0x41e9dd93) x27 0x00000000
core   0: 0x80002466 (0x41ec5793) srai    a5, s8, 30
core   0: 3 0x80002466 (0x41ec5793) x15 0x00000000
core   0: 0x8000246a (0xb2cc0f93) addi    t6, s8, -1236
core   0: 3 0x8000246a (0xb2cc0f93) x31 0x000035fc
core   0: 0x8000246e (0x00349033) sll     zero, s1, gp
core   0: 3 0x8000246e (0x00349033)
core   0: 0x80002472 (0x0000e1b1) c.bnez  a1, pc + 68
core   0: 3 0x80002472 (0xe1b1)
core   0: 0x800024b6 (0x00edfc33) and     s8, s11, a4
core   0: 3 0x800024b6 (0x00edfc33) x24 0x00000000
core   0: 0x800024ba (0x00005efd) c.li    t4, -1
core   0: 3 0x800024ba (0x5efd) x29 0xffffffff
core   0: 0x800024bc (0x00000131) c.addi  sp, 12
core   0: 3 0x800024bc (0x0131) x 2 0x00015e3c
core   0: 0x800024be (0x0383f333) remu    t1, t2, s8
core   0: 3 0x800024be (0x0383f333) x 6 0x00001580
core   0: 0x800024c2 (0xdd05f793) andi    a5, a1, -560
core   0: 3 0x800024c2 (0xdd05f793) x15 0x5280e000
core   0: 0x800024c6 (0x0292d963) bge     t0, s1, pc + 50
core   0: 3 0x800024c6 (0x0292d963)
core   0: 0x800024f8 (0x02990c33) mul     s8, s2, s1
core   0: 3 0x800024f8 (0x02990c33) x24 0x7c7f73cb
core   0: 0x800024fc (0x03026c63) bltu    tp, a6, pc + 56
core   0: 3 0x800024fc (0x03026c63)
core   0: 0x80002500 (0x010c3d33) sltu    s10, s8, a6
core   0: 3 0x80002500 (0x010c3d33) x26 0x00000000
core   0: 0x80002504 (0x00008f95) c.sub   a5, a3
core   0: 3 0x80002504 (0x8f95) x15 0x527f7ffa
core   0: 0x80002506 (0x45564693) xori    a3, a2, 1109
core   0: 3 0x80002506 (0x45564693) x13 0x00000453
core   0: 0x8000250a (0x02f87c63) bgeu    a6, a5, pc + 56
core   0: 3 0x8000250a (0x02f87c63)
core   0: 0x8000250e (0x036a11b3) mulh    gp, s4, s6
core   0: 3 0x8000250e (0x036a11b3) x 3 0xffff4000
core   0: 0x80002512 (0x0000013a) c.slli  sp, 14
core   0: 3 0x80002512 (0x013a) x 2 0x578f0000
core   0: 0x80002514 (0x00000e8c) c.addi4spn a1, sp, 848
core   0: 3 0x80002514 (0x0e8c) x11 0x578f0350
core   0: 0x80002516 (0xc343ad17) auipc   s10, 0xc343a
core   0: 3 0x80002516 (0xc343ad17) x26 0x4343c516
core   0: 0x8000251a (0x00002717) auipc   a4, 0x2
core   0: 3 0x8000251a (0x00002717) x14 0x8000451a
core   0: 0x8000251e (0x54a70713) addi    a4, a4, 1354
core   0: 3 0x8000251e (0x54a70713) x14 0x80004a64
core   0: 0x80002522 (0xd4fd4213) xori    tp, s10, -689
core   0: 3 0x80002522 (0xd4fd4213) x 4 0xbcbc3859
core   0: 0x80002526 (0x4fe3f693) andi    a3, t2, 1278
core   0: 3 0x80002526 (0x4fe3f693) x13 0x00000480
core   0: 0x8000252a (0x17170713) addi    a4, a4, 369
core   0: 3 0x8000252a (0x17170713) x14 0x80004bd5
core   0: 0x8000252e (0x00008ed9) c.or    a3, a4
core   0: 3 0x8000252e (0x8ed9) x13 0x80004fd5
core   0: 0x80002530 (0xe8f70867) jalr    a6, a4, -369
core   0: 3 0x80002530 (0xe8f70867) x16 0x80002534
core   0: 0x80004a64 (0x01601863) bne     zero, s6, pc + 16
core   0: 3 0x80004a64 (0x01601863)
core   0: 0x80004a74 (0xfd0e0e13) addi    t3, t3, -48
core   0: 3 0x80004a74 (0xfd0e0e13) x28 0x80022e34
core   0: 0x80004a78 (0x010e2223) sw      a6, 4(t3)
core   0: 3 0x80004a78 (0x010e2223) mem 0x80022e38 0x80002534
core   0: 0x80004a7c (0x00000d72) c.slli  s10, 28
core   0: 3 0x80004a7c (0x0d72) x26 0x60000000
core   0: 0x80004a7e (0x00008dc5) c.or    a1, s1
core   0: 3 0x80004a7e (0x8dc5) x11 0xffffff75
core   0: 0x80004a80 (0x01c086b3) add     a3, ra, t3
core   0: 3 0x80004a80 (0x01c086b3) x13 0x80024e34
core   0: 0x80004a84 (0x32cd4197) auipc   gp, 0x32cd4
core   0: 3 0x80004a84 (0x32cd4197) x 3 0xb2cd8a84
core   0: 0x80004a88 (0x000085b1) c.srai  a1, 12
core   0: 3 0x80004a88 (0x85b1) x11 0xffffffff
core   0: 0x80004a8a (0x00006617) auipc   a2, 0x6
core   0: 3 0x80004a8a (0x00006617) x12 0x8000aa8a
core   0: 0x80004a8e (0x65460613) addi    a2, a2, 1620
core   0: 3 0x80004a8e (0x65460613) x12 0x8000b0de
core   0: 0x80004a92 (0x8c4aaeb7) lui     t4, 0x8c4aa
core   0: 3 0x80004a92 (0x8c4aaeb7) x29 0x8c4aa000
core   0: 0x80004a96 (0xce260613) addi    a2, a2, -798
core   0: 3 0x80004a96 (0xce260613) x12 0x8000adc0
core   0: 0x80004a9a (0x0130f5b3) and     a1, ra, s3
core   0: 3 0x80004a9a (0x0130f5b3) x11 0x00002000
core   0: 0x80004a9e (0x00000001) c.nop
core   0: 3 0x80004a9e (0x0001)
core   0: 0x80004aa0 (0x0317c733) div     a4, a5, a7
core   0: 3 0x80004aa0 (0x0317c733) x14 0xffd17b36
core   0: 0x80004aa4 (0x016c1913) slli    s2, s8, 22
core   0: 3 0x80004aa4 (0x016c1913) x18 0xf2c00000
core   0: 0x80004aa8 (0x00006261) c.lui   tp, 0x18
core   0: 3 0x80004aa8 (0x6261) x 4 0x00018000
core   0: 0x80004aaa (0x00008189) c.srli  a1, 2
core   0: 3 0x80004aaa (0x8189) x11 0x00000800
core   0: 0x80004aac (0x31e60867) jalr    a6, a2, 798
core   0: 3 0x80004aac (0x31e60867) x16 0x80004ab0
core   0: 0x8000b0de (0x81815997) auipc   s3, 0x81815
core   0: 3 0x8000b0de (0x81815997) x19 0x018200de
core   0: 0x8000b0e2 (0x0082e463) bltu    t0, s0, pc + 8
core   0: 3 0x8000b0e2 (0x0082e463)
core   0: 0x8000b0e6 (0x078b8693) addi    a3, s7, 120
core   0: 3 0x8000b0e6 (0x078b8693) x13 0x80026d5c
core   0: 0x8000b0ea (0xfc8e0e13) addi    t3, t3, -56
core   0: 3 0x8000b0ea (0xfc8e0e13) x28 0x80022dfc
core   0: 0x8000b0ee (0x010e2223) sw      a6, 4(t3)
core   0: 3 0x8000b0ee (0x010e2223) mem 0x80022e00 0x80004ab0
core   0: 0x8000b0f2 (0xc46cae93) slti    t4, s9, -954
core   0: 3 0x8000b0f2 (0xc46cae93) x29 0x00000001
core   0: 0x8000b0f6 (0x8de676b7) lui     a3, 0x8de67
core   0: 3 0x8000b0f6 (0x8de676b7) x13 0x8de67000
core   0: 0x8000b0fa (0x00866533) or      a0, a2, s0
core   0: 3 0x8000b0fa (0x00866533) x10 0x8000adc0
core   0: 0x8000b0fe (0xffc00713) li      a4, -4
core   0: 3 0x8000b0fe (0xffc00713) x14 0xfffffffc
core   0: 0x8000b102 (0x0187fc33) and     s8, a5, s8
core   0: 3 0x8000b102 (0x0187fc33) x24 0x507f73ca
core   0: 0x8000b106 (0x01db9d13) slli    s10, s7, 29
core   0: 3 0x8000b106 (0x01db9d13) x26 0x80000000
core   0: 0x8000b10a (0xa940c593) xori    a1, ra, -1388
core   0: 3 0x8000b10a (0xa940c593) x11 0xffffda94
core   0: 0x8000b10e (0x032550b3) divu    ra, a0, s2
core   0: 3 0x8000b10e (0x032550b3) x 1 0x00000000
core   0: 0x8000b112 (0xff500513) li      a0, -11
core   0: 3 0x8000b112 (0xff500513) x10 0xfffffff5
core   0: 0x8000b116 (0x030032b3) mulhu   t0, zero, a6
core   0: 3 0x8000b116 (0x030032b3) x 5 0x00000000
core   0: 0x8000b11a (0x00000001) c.nop
core   0: 3 0x8000b11a (0x0001)
core   0: 0x8000b11c (0x243a3313) sltiu   t1, s4, 579
core   0: 3 0x8000b11c (0x243a3313) x 6 0x00000000
core   0: 0x8000b120 (0x413e59b3) sra     s3, t3, s3
core   0: 3 0x8000b120 (0x413e59b3) x19 0xfffffffe
core   0: 0x8000b124 (0x067aafb7) lui     t6, 0x67aa
core   0: 3 0x8000b124 (0x067aafb7) x31 0x067aa000
core   0: 0x8000b128 (0x01a45633) srl     a2, s0, s10
core   0: 3 0x8000b128 (0x01a45633) x12 0x00000000
core   0: 0x8000b12c (0x00008c55) c.or    s0, a3
core   0: 3 0x8000b12c (0x8c55) x 8 0x8de67000
core   0: 0x8000b12e (0x0000923e) c.add   tp, a5
core   0: 3 0x8000b12e (0x923e) x 4 0x5280fffa
core   0: 0x8000b130 (0x00006fa5) c.lui   t6, 0x9
core   0: 3 0x8000b130 (0x6fa5) x31 0x00009000
core   0: 0x8000b132 (0x00001771) c.addi  a4, -4
core   0: 3 0x8000b132 (0x1771) x14 0xfffffff8
core   0: 0x8000b134 (0xffa00693) li      a3, -6
core   0: 3 0x8000b134 (0xffa00693) x13 0xfffffffa
core   0: 0x8000b138 (0x0000820a) c.mv    tp, sp
core   0: 3 0x8000b138 (0x820a) x 4 0x578f0000
core   0: 0x8000b13a (0x00d00913) li      s2, 13
core   0: 3 0x8000b13a (0x00d00913) x18 0x0000000d
core   0: 0x8000b13e (0x0000612d) c.addi16sp sp, 224
core   0: 3 0x8000b13e (0x612d) x 2 0x578f00e0
core   0: 0x8000b140 (0x0302ab33) mulhsu  s6, t0, a6
core   0: 3 0x8000b140 (0x0302ab33) x22 0x00000000
core   0: 0x8000b144 (0x006f49b3) xor     s3, t5, t1
core   0: 3 0x8000b144 (0x006f49b3) x19 0x00000006
core   0: 0x8000b148 (0x00000689) c.addi  a3, 2
core   0: 3 0x8000b148 (0x0689) x13 0xfffffffc
core   0: 0x8000b14a (0x00006ccd) c.lui   s9, 0x13
core   0: 3 0x8000b14a (0x6ccd) x25 0x00013000
core   0: 0x8000b14c (0x00008e25) c.xor   a2, s1
core   0: 3 0x8000b14c (0x8e25) x12 0xfffffe65
core   0: 0x8000b14e (0xff26ebe3) bltu    a3, s2, pc - 10
core   0: 3 0x8000b14e (0xff26ebe3)
core   0: 0x8000b152 (0x00008da5) c.xor   a1, s1
core   0: 3 0x8000b152 (0x8da5) x11 0x000024f1
core   0: 0x8000b154 (0x00a0db33) srl     s6, ra, a0
core   0: 3 0x8000b154 (0x00a0db33) x22 0x00000000
core   0: 0x8000b158 (0xbf55fb37) lui     s6, 0xbf55f
core   0: 3 0x8000b158 (0xbf55fb37) x22 0xbf55f000
core   0: 0x8000b15c (0x01353633) sltu    a2, a0, s3
core   0: 3 0x8000b15c (0x01353633) x12 0x00000000
core   0: 0x8000b160 (0x01ce1a93) slli    s5, t3, 28
core   0: 3 0x8000b160 (0x01ce1a93) x21 0xc0000000
core   0: 0x8000b164 (0xfca754e3) bge     a4, a0, pc - 56
core   0: 3 0x8000b164 (0xfca754e3)
core   0: 0x8000b12c (0x00008c55) c.or    s0, a3
core   0: 3 0x8000b12c (0x8c55) x 8 0xfffffffc
core   0: 0x8000b12e (0x0000923e) c.add   tp, a5
core   0: 3 0x8000b12e (0x923e) x 4 0xaa0e7ffa
core   0: 0x8000b130 (0x00006fa5) c.lui   t6, 0x9
core   0: 3 0x8000b130 (0x6fa5) x31 0x00009000
core   0: 0x8000b132 (0x00001771) c.addi  a4, -4
core   0: 3 0x8000b132 (0x1771) x14 0xfffffff4
core   0: 0x8000b134 (0xffa00693) li      a3, -6
core   0: 3 0x8000b134 (0xffa00693) x13 0xfffffffa
core   0: 0x8000b138 (0x0000820a) c.mv    tp, sp
core   0: 3 0x8000b138 (0x820a) x 4 0x578f00e0
core   0: 0x8000b13a (0x00d00913) li      s2, 13
core   0: 3 0x8000b13a (0x00d00913) x18 0x0000000d
core   0: 0x8000b13e (0x0000612d) c.addi16sp sp, 224
core   0: 3 0x8000b13e (0x612d) x 2 0x578f01c0
core   0: 0x8000b140 (0x0302ab33) mulhsu  s6, t0, a6
core   0: 3 0x8000b140 (0x0302ab33) x22 0x00000000
core   0: 0x8000b144 (0x006f49b3) xor     s3, t5, t1
core   0: 3 0x8000b144 (0x006f49b3) x19 0x00000006
core   0: 0x8000b148 (0x00000689) c.addi  a3, 2
core   0: 3 0x8000b148 (0x0689) x13 0xfffffffc
core   0: 0x8000b14a (0x00006ccd) c.lui   s9, 0x13
core   0: 3 0x8000b14a (0x6ccd) x25 0x00013000
core   0: 0x8000b14c (0x00008e25) c.xor   a2, s1
core   0: 3 0x8000b14c (0x8e25) x12 0xfffffe65
core   0: 0x8000b14e (0xff26ebe3) bltu    a3, s2, pc - 10
core   0: 3 0x8000b14e (0xff26ebe3)
core   0: 0x8000b152 (0x00008da5) c.xor   a1, s1
core   0: 3 0x8000b152 (0x8da5) x11 0xffffda94
core   0: 0x8000b154 (0x00a0db33) srl     s6, ra, a0
core   0: 3 0x8000b154 (0x00a0db33) x22 0x00000000
core   0: 0x8000b158 (0xbf55fb37) lui     s6, 0xbf55f
core   0: 3 0x8000b158 (0xbf55fb37) x22 0xbf55f000
core   0: 0x8000b15c (0x01353633) sltu    a2, a0, s3
core   0: 3 0x8000b15c (0x01353633) x12 0x00000000
core   0: 0x8000b160 (0x01ce1a93) slli    s5, t3, 28
core   0: 3 0x8000b160 (0x01ce1a93) x21 0xc0000000
core   0: 0x8000b164 (0xfca754e3) bge     a4, a0, pc - 56
core   0: 3 0x8000b164 (0xfca754e3)
core   0: 0x8000b168 (0x0067e333) or      t1, a5, t1
core   0: 3 0x8000b168 (0x0067e333) x 6 0x527f7ffa
core   0: 0x8000b16c (0x00800c13) li      s8, 8
core   0: 3 0x8000b16c (0x00800c13) x24 0x00000008
core   0: 0x8000b170 (0x00700293) li      t0, 7
core   0: 3 0x8000b170 (0x00700293) x 5 0x00000007
core   0: 0x8000b174 (0x00008592) c.mv    a1, tp
core   0: 3 0x8000b174 (0x8592) x11 0x578f00e0
core   0: 0x8000b176 (0x00001c6d) c.addi  s8, -5
core   0: 3 0x8000b176 (0x1c6d) x24 0x00000003
core   0: 0x8000b178 (0xff900913) li      s2, -7
core   0: 3 0x8000b178 (0xff900913) x18 0xfffffff9
core   0: 0x8000b17c (0xfed00813) li      a6, -19
core   0: 3 0x8000b17c (0xfed00813) x16 0xffffffed
core   0: 0x8000b180 (0x02379b33) mulh    s6, a5, gp
core   0: 3 0x8000b180 (0x02379b33) x22 0xe71f63be
core   0: 0x8000b184 (0x02916d33) rem     s10, sp, s1
core   0: 3 0x8000b184 (0x02916d33) x26 0x00000108
core   0: 0x8000b188 (0x0000197d) c.addi  s2, -1
core   0: 3 0x8000b188 (0x197d) x18 0xfffffff8
core   0: 0x8000b18a (0xff090de3) beq     s2, a6, pc - 6
core   0: 3 0x8000b18a (0xff090de3)
core   0: 0x8000b18e (0xfe5c73e3) bgeu    s8, t0, pc - 26
core   0: 3 0x8000b18e (0xfe5c73e3)
core   0: 0x8000b192 (0x006b5993) srli    s3, s6, 6
core   0: 3 0x8000b192 (0x006b5993) x19 0x039c7d8e
core   0: 0x8000b196 (0x00900a93) li      s5, 9
core   0: 3 0x8000b196 (0x00900a93) x21 0x00000009
core   0: 0x8000b19a (0x00100293) li      t0, 1
core   0: 3 0x8000b19a (0x00100293) x 5 0x00000001
core   0: 0x8000b19e (0x00008f45) c.or    a4, s1
core   0: 3 0x8000b19e (0x8f45) x14 0xfffffff5
core   0: 0x8000b1a0 (0x0029f633) and     a2, s3, sp
core   0: 3 0x8000b1a0 (0x0029f633) x12 0x038c0180
core   0: 0x8000b1a4 (0x7a8b7d93) andi    s11, s6, 1960
core   0: 3 0x8000b1a4 (0x7a8b7d93) x27 0x000003a8
core   0: 0x8000b1a8 (0x00001ae1) c.addi  s5, -8
core   0: 3 0x8000b1a8 (0x1ae1) x21 0x00000001
core   0: 0x8000b1aa (0x00200193) li      gp, 2
core   0: 3 0x8000b1aa (0x00200193) x 3 0x00000002
core   0: 0x8000b1ae (0xffc00813) li      a6, -4
core   0: 3 0x8000b1ae (0xffc00813) x16 0xfffffffc
core   0: 0x8000b1b2 (0x00008d4d) c.or    a0, a1
core   0: 3 0x8000b1b2 (0x8d4d) x10 0xfffffff5
core   0: 0x8000b1b4 (0x40cf8233) sub     tp, t6, a2
core   0: 3 0x8000b1b4 (0x40cf8233) x 4 0xfc748e80
core   0: 0x8000b1b8 (0x417b8933) sub     s2, s7, s7
core   0: 3 0x8000b1b8 (0x417b8933) x18 0x00000000
core   0: 0x8000b1bc (0x000011f9) c.addi  gp, -2
core   0: 3 0x8000b1bc (0x11f9) x 3 0x00000000
core   0: 0x8000b1be (0xff01dbe3) bge     gp, a6, pc - 10
core   0: 3 0x8000b1be (0xff01dbe3)
core   0: 0x8000b1b4 (0x40cf8233) sub     tp, t6, a2
core   0: 3 0x8000b1b4 (0x40cf8233) x 4 0xfc748e80
core   0: 0x8000b1b8 (0x417b8933) sub     s2, s7, s7
core   0: 3 0x8000b1b8 (0x417b8933) x18 0x00000000
core   0: 0x8000b1bc (0x000011f9) c.addi  gp, -2
core   0: 3 0x8000b1bc (0x11f9) x 3 0xfffffffe
core   0: 0x8000b1be (0xff01dbe3) bge     gp, a6, pc - 10
core   0: 3 0x8000b1be (0xff01dbe3)
core   0: 0x8000b1b4 (0x40cf8233) sub     tp, t6, a2
core   0: 3 0x8000b1b4 (0x40cf8233) x 4 0xfc748e80
core   0: 0x8000b1b8 (0x417b8933) sub     s2, s7, s7
core   0: 3 0x8000b1b8 (0x417b8933) x18 0x00000000
core   0: 0x8000b1bc (0x000011f9) c.addi  gp, -2
core   0: 3 0x8000b1bc (0x11f9) x 3 0xfffffffc
core   0: 0x8000b1be (0xff01dbe3) bge     gp, a6, pc - 10
core   0: 3 0x8000b1be (0xff01dbe3)
core   0: 0x8000b1b4 (0x40cf8233) sub     tp, t6, a2
core   0: 3 0x8000b1b4 (0x40cf8233) x 4 0xfc748e80
core   0: 0x8000b1b8 (0x417b8933) sub     s2, s7, s7
core   0: 3 0x8000b1b8 (0x417b8933) x18 0x00000000
core   0: 0x8000b1bc (0x000011f9) c.addi  gp, -2
core   0: 3 0x8000b1bc (0x11f9) x 3 0xfffffffa
core   0: 0x8000b1be (0xff01dbe3) bge     gp, a6, pc - 10
core   0: 3 0x8000b1be (0xff01dbe3)
core   0: 0x8000b1c2 (0x02efa333) mulhsu  t1, t6, a4
core   0: 3 0x8000b1c2 (0x02efa333) x 6 0x00008fff
core   0: 0x8000b1c6 (0xfc5a8de3) beq     s5, t0, pc - 38
core   0: 3 0x8000b1c6 (0xfc5a8de3)
core   0: 0x8000b1a0 (0x0029f633) and     a2, s3, sp
core   0: 3 0x8000b1a0 (0x0029f633) x12 0x038c0180
core   0: 0x8000b1a4 (0x7a8b7d93) andi    s11, s6, 1960
core   0: 3 0x8000b1a4 (0x7a8b7d93) x27 0x000003a8
core   0: 0x8000b1a8 (0x00001ae1) c.addi  s5, -8
core   0: 3 0x8000b1a8 (0x1ae1) x21 0xfffffff9
core   0: 0x8000b1aa (0x00200193) li      gp, 2
core   0: 3 0x8000b1aa (0x00200193) x 3 0x00000002
core   0: 0x8000b1ae (0xffc00813) li      a6, -4
core   0: 3 0x8000b1ae (0xffc00813) x16 0xfffffffc
core   0: 0x8000b1b2 (0x00008d4d) c.or    a0, a1
core   0: 3 0x8000b1b2 (0x8d4d) x10 0xfffffff5
core   0: 0x8000b1b4 (0x40cf8233) sub     tp, t6, a2
core   0: 3 0x8000b1b4 (0x40cf8233) x 4 0xfc748e80
core   0: 0x8000b1b8 (0x417b8933) sub     s2, s7, s7
core   0: 3 0x8000b1b8 (0x417b8933) x18 0x00000000
core   0: 0x8000b1bc (0x000011f9) c.addi  gp, -2
core   0: 3 0x8000b1bc (0x11f9) x 3 0x00000000
core   0: 0x8000b1be (0xff01dbe3) bge     gp, a6, pc - 10
core   0: 3 0x8000b1be (0xff01dbe3)
core   0: 0x8000b1b4 (0x40cf8233) sub     tp, t6, a2
core   0: 3 0x8000b1b4 (0x40cf8233) x 4 0xfc748e80
core   0: 0x8000b1b8 (0x417b8933) sub     s2, s7, s7
core   0: 3 0x8000b1b8 (0x417b8933) x18 0x00000000
core   0: 0x8000b1bc (0x000011f9) c.addi  gp, -2
core   0: 3 0x8000b1bc (0x11f9) x 3 0xfffffffe
core   0: 0x8000b1be (0xff01dbe3) bge     gp, a6, pc - 10
core   0: 3 0x8000b1be (0xff01dbe3)
core   0: 0x8000b1b4 (0x40cf8233) sub     tp, t6, a2
core   0: 3 0x8000b1b4 (0x40cf8233) x 4 0xfc748e80
core   0: 0x8000b1b8 (0x417b8933) sub     s2, s7, s7
core   0: 3 0x8000b1b8 (0x417b8933) x18 0x00000000
core   0: 0x8000b1bc (0x000011f9) c.addi  gp, -2
core   0: 3 0x8000b1bc (0x11f9) x 3 0xfffffffc
core   0: 0x8000b1be (0xff01dbe3) bge     gp, a6, pc - 10
core   0: 3 0x8000b1be (0xff01dbe3)
core   0: 0x8000b1b4 (0x40cf8233) sub     tp, t6, a2
core   0: 3 0x8000b1b4 (0x40cf8233) x 4 0xfc748e80
core   0: 0x8000b1b8 (0x417b8933) sub     s2, s7, s7
core   0: 3 0x8000b1b8 (0x417b8933) x18 0x00000000
core   0: 0x8000b1bc (0x000011f9) c.addi  gp, -2
core   0: 3 0x8000b1bc (0x11f9) x 3 0xfffffffa
core   0: 0x8000b1be (0xff01dbe3) bge     gp, a6, pc - 10
core   0: 3 0x8000b1be (0xff01dbe3)
core   0: 0x8000b1c2 (0x02efa333) mulhsu  t1, t6, a4
core   0: 3 0x8000b1c2 (0x02efa333) x 6 0x00008fff
core   0: 0x8000b1c6 (0xfc5a8de3) beq     s5, t0, pc - 38
core   0: 3 0x8000b1c6 (0xfc5a8de3)
core   0: 0x8000b1ca (0x00008b15) c.andi  a4, 5
core   0: 3 0x8000b1ca (0x8b15) x14 0x00000005
core   0: 0x8000b1cc (0x00800793) li      a5, 8
core   0: 3 0x8000b1cc (0x00800793) x15 0x00000008
core   0: 0x8000b1d0 (0xffc00093) li      ra, -4
core   0: 3 0x8000b1d0 (0xffc00093) x 1 0xfffffffc
core   0: 0x8000b1d4 (0x0109ec33) or      s8, s3, a6
core   0: 3 0x8000b1d4 (0x0109ec33) x24 0xfffffffe
core   0: 0x8000b1d8 (0x000017e9) c.addi  a5, -6
core   0: 3 0x8000b1d8 (0x17e9) x15 0x00000002
core   0: 0x8000b1da (0x00100313) li      t1, 1
core   0: 3 0x8000b1da (0x00100313) x 6 0x00000001
core   0: 0x8000b1de (0xfec00c93) li      s9, -20
core   0: 3 0x8000b1de (0xfec00c93) x25 0xffffffec
core   0: 0x8000b1e2 (0x0282f1b3) remu    gp, t0, s0
core   0: 3 0x8000b1e2 (0x0282f1b3) x 3 0x00000001
core   0: 0x8000b1e6 (0x00001379) c.addi  t1, -2
core   0: 3 0x8000b1e6 (0x1379) x 6 0xffffffff
core   0: 0x8000b1e8 (0xff935de3) bge     t1, s9, pc - 6
core   0: 3 0x8000b1e8 (0xff935de3)
core   0: 0x8000b1e2 (0x0282f1b3) remu    gp, t0, s0
core   0: 3 0x8000b1e2 (0x0282f1b3) x 3 0x00000001
core   0: 0x8000b1e6 (0x00001379) c.addi  t1, -2
core   0: 3 0x8000b1e6 (0x1379) x 6 0xfffffffd
core   0: 0x8000b1e8 (0xff935de3) bge     t1, s9, pc - 6
core   0: 3 0x8000b1e8 (0xff935de3)
core   0: 0x8000b1e2 (0x0282f1b3) remu    gp, t0, s0
core   0: 3 0x8000b1e2 (0x0282f1b3) x 3 0x00000001
core   0: 0x8000b1e6 (0x00001379) c.addi  t1, -2
core   0: 3 0x8000b1e6 (0x1379) x 6 0xfffffffb
core   0: 0x8000b1e8 (0xff935de3) bge     t1, s9, pc - 6
core   0: 3 0x8000b1e8 (0xff935de3)
core   0: 0x8000b1e2 (0x0282f1b3) remu    gp, t0, s0
core   0: 3 0x8000b1e2 (0x0282f1b3) x 3 0x00000001
core   0: 0x8000b1e6 (0x00001379) c.addi  t1, -2
core   0: 3 0x8000b1e6 (0x1379) x 6 0xfffffff9
core   0: 0x8000b1e8 (0xff935de3) bge     t1, s9, pc - 6
core   0: 3 0x8000b1e8 (0xff935de3)
core   0: 0x8000b1e2 (0x0282f1b3) remu    gp, t0, s0
core   0: 3 0x8000b1e2 (0x0282f1b3) x 3 0x00000001
core   0: 0x8000b1e6 (0x00001379) c.addi  t1, -2
core   0: 3 0x8000b1e6 (0x1379) x 6 0xfffffff7
core   0: 0x8000b1e8 (0xff935de3) bge     t1, s9, pc - 6
core   0: 3 0x8000b1e8 (0xff935de3)
core   0: 0x8000b1e2 (0x0282f1b3) remu    gp, t0, s0
core   0: 3 0x8000b1e2 (0x0282f1b3) x 3 0x00000001
core   0: 0x8000b1e6 (0x00001379) c.addi  t1, -2
core   0: 3 0x8000b1e6 (0x1379) x 6 0xfffffff5
core   0: 0x8000b1e8 (0xff935de3) bge     t1, s9, pc - 6
core   0: 3 0x8000b1e8 (0xff935de3)
core   0: 0x8000b1e2 (0x0282f1b3) remu    gp, t0, s0
core   0: 3 0x8000b1e2 (0x0282f1b3) x 3 0x00000001
core   0: 0x8000b1e6 (0x00001379) c.addi  t1, -2
core   0: 3 0x8000b1e6 (0x1379) x 6 0xfffffff3
core   0: 0x8000b1e8 (0xff935de3) bge     t1, s9, pc - 6
core   0: 3 0x8000b1e8 (0xff935de3)
core   0: 0x8000b1e2 (0x0282f1b3) remu    gp, t0, s0
core   0: 3 0x8000b1e2 (0x0282f1b3) x 3 0x00000001
core   0: 0x8000b1e6 (0x00001379) c.addi  t1, -2
core   0: 3 0x8000b1e6 (0x1379) x 6 0xfffffff1
core   0: 0x8000b1e8 (0xff935de3) bge     t1, s9, pc - 6
core   0: 3 0x8000b1e8 (0xff935de3)
core   0: 0x8000b1e2 (0x0282f1b3) remu    gp, t0, s0
core   0: 3 0x8000b1e2 (0x0282f1b3) x 3 0x00000001
core   0: 0x8000b1e6 (0x00001379) c.addi  t1, -2
core   0: 3 0x8000b1e6 (0x1379) x 6 0xffffffef
core   0: 0x8000b1e8 (0xff935de3) bge     t1, s9, pc - 6
core   0: 3 0x8000b1e8 (0xff935de3)
core   0: 0x8000b1e2 (0x0282f1b3) remu    gp, t0, s0
core   0: 3 0x8000b1e2 (0x0282f1b3) x 3 0x00000001
core   0: 0x8000b1e6 (0x00001379) c.addi  t1, -2
core   0: 3 0x8000b1e6 (0x1379) x 6 0xffffffed
core   0: 0x8000b1e8 (0xff935de3) bge     t1, s9, pc - 6
core   0: 3 0x8000b1e8 (0xff935de3)
core   0: 0x8000b1e2 (0x0282f1b3) remu    gp, t0, s0
core   0: 3 0x8000b1e2 (0x0282f1b3) x 3 0x00000001
core   0: 0x8000b1e6 (0x00001379) c.addi  t1, -2
core   0: 3 0x8000b1e6 (0x1379) x 6 0xffffffeb
core   0: 0x8000b1e8 (0xff935de3) bge     t1, s9, pc - 6
core   0: 3 0x8000b1e8 (0xff935de3)
core   0: 0x8000b1ec (0xfe1794e3) bne     a5, ra, pc - 24
core   0: 3 0x8000b1ec (0xfe1794e3)
core   0: 0x8000b1d4 (0x0109ec33) or      s8, s3, a6
core   0: 3 0x8000b1d4 (0x0109ec33) x24 0xfffffffe
core   0: 0x8000b1d8 (0x000017e9) c.addi  a5, -6
core   0: 3 0x8000b1d8 (0x17e9) x15 0xfffffffc
core   0: 0x8000b1da (0x00100313) li      t1, 1
core   0: 3 0x8000b1da (0x00100313) x 6 0x00000001
core   0: 0x8000b1de (0xfec00c93) li      s9, -20
core   0: 3 0x8000b1de (0xfec00c93) x25 0xffffffec
core   0: 0x8000b1e2 (0x0282f1b3) remu    gp, t0, s0
core   0: 3 0x8000b1e2 (0x0282f1b3) x 3 0x00000001
core   0: 0x8000b1e6 (0x00001379) c.addi  t1, -2
core   0: 3 0x8000b1e6 (0x1379) x 6 0xffffffff
core   0: 0x8000b1e8 (0xff935de3) bge     t1, s9, pc - 6
core   0: 3 0x8000b1e8 (0xff935de3)
core   0: 0x8000b1e2 (0x0282f1b3) remu    gp, t0, s0
core   0: 3 0x8000b1e2 (0x0282f1b3) x 3 0x00000001
core   0: 0x8000b1e6 (0x00001379) c.addi  t1, -2
core   0: 3 0x8000b1e6 (0x1379) x 6 0xfffffffd
core   0: 0x8000b1e8 (0xff935de3) bge     t1, s9, pc - 6
core   0: 3 0x8000b1e8 (0xff935de3)
core   0: 0x8000b1e2 (0x0282f1b3) remu    gp, t0, s0
core   0: 3 0x8000b1e2 (0x0282f1b3) x 3 0x00000001
core   0: 0x8000b1e6 (0x00001379) c.addi  t1, -2
core   0: 3 0x8000b1e6 (0x1379) x 6 0xfffffffb
core   0: 0x8000b1e8 (0xff935de3) bge     t1, s9, pc - 6
core   0: 3 0x8000b1e8 (0xff935de3)
core   0: 0x8000b1e2 (0x0282f1b3) remu    gp, t0, s0
core   0: 3 0x8000b1e2 (0x0282f1b3) x 3 0x00000001
core   0: 0x8000b1e6 (0x00001379) c.addi  t1, -2
core   0: 3 0x8000b1e6 (0x1379) x 6 0xfffffff9
core   0: 0x8000b1e8 (0xff935de3) bge     t1, s9, pc - 6
core   0: 3 0x8000b1e8 (0xff935de3)
core   0: 0x8000b1e2 (0x0282f1b3) remu    gp, t0, s0
core   0: 3 0x8000b1e2 (0x0282f1b3) x 3 0x00000001
core   0: 0x8000b1e6 (0x00001379) c.addi  t1, -2
core   0: 3 0x8000b1e6 (0x1379) x 6 0xfffffff7
core   0: 0x8000b1e8 (0xff935de3) bge     t1, s9, pc - 6
core   0: 3 0x8000b1e8 (0xff935de3)
core   0: 0x8000b1e2 (0x0282f1b3) remu    gp, t0, s0
core   0: 3 0x8000b1e2 (0x0282f1b3) x 3 0x00000001
core   0: 0x8000b1e6 (0x00001379) c.addi  t1, -2
core   0: 3 0x8000b1e6 (0x1379) x 6 0xfffffff5
core   0: 0x8000b1e8 (0xff935de3) bge     t1, s9, pc - 6
core   0: 3 0x8000b1e8 (0xff935de3)
core   0: 0x8000b1e2 (0x0282f1b3) remu    gp, t0, s0
core   0: 3 0x8000b1e2 (0x0282f1b3) x 3 0x00000001
core   0: 0x8000b1e6 (0x00001379) c.addi  t1, -2
core   0: 3 0x8000b1e6 (0x1379) x 6 0xfffffff3
core   0: 0x8000b1e8 (0xff935de3) bge     t1, s9, pc - 6
core   0: 3 0x8000b1e8 (0xff935de3)
core   0: 0x8000b1e2 (0x0282f1b3) remu    gp, t0, s0
core   0: 3 0x8000b1e2 (0x0282f1b3) x 3 0x00000001
core   0: 0x8000b1e6 (0x00001379) c.addi  t1, -2
core   0: 3 0x8000b1e6 (0x1379) x 6 0xfffffff1
core   0: 0x8000b1e8 (0xff935de3) bge     t1, s9, pc - 6
core   0: 3 0x8000b1e8 (0xff935de3)
core   0: 0x8000b1e2 (0x0282f1b3) remu    gp, t0, s0
core   0: 3 0x8000b1e2 (0x0282f1b3) x 3 0x00000001
core   0: 0x8000b1e6 (0x00001379) c.addi  t1, -2
core   0: 3 0x8000b1e6 (0x1379) x 6 0xffffffef
core   0: 0x8000b1e8 (0xff935de3) bge     t1, s9, pc - 6
core   0: 3 0x8000b1e8 (0xff935de3)
core   0: 0x8000b1e2 (0x0282f1b3) remu    gp, t0, s0
core   0: 3 0x8000b1e2 (0x0282f1b3) x 3 0x00000001
core   0: 0x8000b1e6 (0x00001379) c.addi  t1, -2
core   0: 3 0x8000b1e6 (0x1379) x 6 0xffffffed
core   0: 0x8000b1e8 (0xff935de3) bge     t1, s9, pc - 6
core   0: 3 0x8000b1e8 (0xff935de3)
core   0: 0x8000b1e2 (0x0282f1b3) remu    gp, t0, s0
core   0: 3 0x8000b1e2 (0x0282f1b3) x 3 0x00000001
core   0: 0x8000b1e6 (0x00001379) c.addi  t1, -2
core   0: 3 0x8000b1e6 (0x1379) x 6 0xffffffeb
core   0: 0x8000b1e8 (0xff935de3) bge     t1, s9, pc - 6
core   0: 3 0x8000b1e8 (0xff935de3)
core   0: 0x8000b1ec (0xfe1794e3) bne     a5, ra, pc - 24
core   0: 3 0x8000b1ec (0xfe1794e3)
core   0: 0x8000b1f0 (0x41d25fb3) sra     t6, tp, t4
core   0: 3 0x8000b1f0 (0x41d25fb3) x31 0xfe3a4740
core   0: 0x8000b1f4 (0xff700793) li      a5, -9
core   0: 3 0x8000b1f4 (0xff700793) x15 0xfffffff7
core   0: 0x8000b1f8 (0x57ed8d13) addi    s10, s11, 1406
core   0: 3 0x8000b1f8 (0x57ed8d13) x26 0x00000926
core   0: 0x8000b1fc (0x00200613) li      a2, 2
core   0: 3 0x8000b1fc (0x00200613) x12 0x00000002
core   0: 0x8000b200 (0x02603233) mulhu   tp, zero, t1
core   0: 3 0x8000b200 (0x02603233) x 4 0x00000000
core   0: 0x8000b204 (0x00000808) c.addi4spn a0, sp, 16
core   0: 3 0x8000b204 (0x0808) x10 0x578f01d0
core   0: 0x8000b206 (0xf2282713) slti    a4, a6, -222
core   0: 3 0x8000b206 (0xf2282713) x14 0x00000000
core   0: 0x8000b20a (0x00008d51) c.or    a0, a2
core   0: 3 0x8000b20a (0x8d51) x10 0x578f01d2
core   0: 0x8000b20c (0x00000001) c.nop
core   0: 3 0x8000b20c (0x0001)
core   0: 0x8000b20e (0x00d419b3) sll     s3, s0, a3
core   0: 3 0x8000b20e (0x00d419b3) x19 0xc0000000
core   0: 0x8000b212 (0xa01b1217) auipc   tp, 0xa01b1
core   0: 3 0x8000b212 (0xa01b1217) x 4 0x201bc212
core   0: 0x8000b216 (0x00009376) c.add   t1, t4
core   0: 3 0x8000b216 (0x9376) x 6 0xffffffec
core   0: 0x8000b218 (0x514c0937) lui     s2, 0x514c0
core   0: 3 0x8000b218 (0x514c0937) x18 0x514c0000
core   0: 0x8000b21c (0x00c08f33) add     t5, ra, a2
core   0: 3 0x8000b21c (0x00c08f33) x30 0xfffffffe
core   0: 0x8000b220 (0x0ff0000f) fence   iorw,iorw
core   0: 3 0x8000b220 (0x0ff0000f)
core   0: 0x8000b224 (0x009d4d33) xor     s10, s10, s1
core   0: 3 0x8000b224 (0x009d4d33) x26 0xfffff743
core   0: 0x8000b228 (0x000081e1) c.srli  a1, 24
core   0: 3 0x8000b228 (0x81e1) x11 0x00000057
core   0: 0x8000b22a (0x00e82337) lui     t1, 0xe82
core   0: 3 0x8000b22a (0x00e82337) x 6 0x00e82000
core   0: 0x8000b22e (0x000007a9) c.addi  a5, 10
core   0: 3 0x8000b22e (0x07a9) x15 0x00000001
core   0: 0x8000b230 (0x00000876) c.slli  a6, 29
core   0: 3 0x8000b230 (0x0876) x16 0x80000000
core   0: 0x8000b232 (0x0095d733) srl     a4, a1, s1
core   0: 3 0x8000b232 (0x0095d733) x14 0x00000002
core   0: 0x8000b236 (0x4099d593) srai    a1, s3, 9
core   0: 3 0x8000b236 (0x4099d593) x11 0xffe00000
core   0: 0x8000b23a (0x408c5593) srai    a1, s8, 8
core   0: 3 0x8000b23a (0x408c5593) x11 0xffffffff
core   0: 0x8000b23e (0x00008efd) c.and   a3, a5
core   0: 3 0x8000b23e (0x8efd) x13 0x00000000
core   0: 0x8000b240 (0xfcc7c9e3) blt     a5, a2, pc - 46
core   0: 3 0x8000b240 (0xfcc7c9e3)
core   0: 0x8000b212 (0xa01b1217) auipc   tp, 0xa01b1
core   0: 3 0x8000b212 (0xa01b1217) x 4 0x201bc212
core   0: 0x8000b216 (0x00009376) c.add   t1, t4
core   0: 3 0x8000b216 (0x9376) x 6 0x00e82001
core   0: 0x8000b218 (0x514c0937) lui     s2, 0x514c0
core   0: 3 0x8000b218 (0x514c0937) x18 0x514c0000
core   0: 0x8000b21c (0x00c08f33) add     t5, ra, a2
core   0: 3 0x8000b21c (0x00c08f33) x30 0xfffffffe
core   0: 0x8000b220 (0x0ff0000f) fence   iorw,iorw
core   0: 3 0x8000b220 (0x0ff0000f)
core   0: 0x8000b224 (0x009d4d33) xor     s10, s10, s1
core   0: 3 0x8000b224 (0x009d4d33) x26 0x00000926
core   0: 0x8000b228 (0x000081e1) c.srli  a1, 24
core   0: 3 0x8000b228 (0x81e1) x11 0x000000ff
core   0: 0x8000b22a (0x00e82337) lui     t1, 0xe82
core   0: 3 0x8000b22a (0x00e82337) x 6 0x00e82000
core   0: 0x8000b22e (0x000007a9) c.addi  a5, 10
core   0: 3 0x8000b22e (0x07a9) x15 0x0000000b
core   0: 0x8000b230 (0x00000876) c.slli  a6, 29
core   0: 3 0x8000b230 (0x0876) x16 0x00000000
core   0: 0x8000b232 (0x0095d733) srl     a4, a1, s1
core   0: 3 0x8000b232 (0x0095d733) x14 0x00000007
core   0: 0x8000b236 (0x4099d593) srai    a1, s3, 9
core   0: 3 0x8000b236 (0x4099d593) x11 0xffe00000
core   0: 0x8000b23a (0x408c5593) srai    a1, s8, 8
core   0: 3 0x8000b23a (0x408c5593) x11 0xffffffff
core   0: 0x8000b23e (0x00008efd) c.and   a3, a5
core   0: 3 0x8000b23e (0x8efd) x13 0x00000000
core   0: 0x8000b240 (0xfcc7c9e3) blt     a5, a2, pc - 46
core   0: 3 0x8000b240 (0xfcc7c9e3)
core   0: 0x8000b244 (0x0000071a) c.slli  a4, 6
core   0: 3 0x8000b244 (0x071a) x14 0x000001c0
core   0: 0x8000b246 (0x00800413) li      s0, 8
core   0: 3 0x8000b246 (0x00800413) x 8 0x00000008
core   0: 0x8000b24a (0x00a11eb3) sll     t4, sp, a0
core   0: 3 0x8000b24a (0x00a11eb3) x29 0x07000000
core   0: 0x8000b24e (0x00b5a933) slt     s2, a1, a1
core   0: 3 0x8000b24e (0x00b5a933) x18 0x00000000
core   0: 0x8000b252 (0x00008d95) c.sub   a1, a3
core   0: 3 0x8000b252 (0x8d95) x11 0xffffffff
core   0: 0x8000b254 (0x0ff0000f) fence   iorw,iorw
core   0: 3 0x8000b254 (0x0ff0000f)
core   0: 0x8000b258 (0x013a10b7) lui     ra, 0x13a1
core   0: 3 0x8000b258 (0x013a10b7) x 1 0x013a1000
core   0: 0x8000b25c (0x01200313) li      t1, 18
core   0: 3 0x8000b25c (0x01200313) x 6 0x00000012
core   0: 0x8000b260 (0x000067d5) c.lui   a5, 0x15
core   0: 3 0x8000b260 (0x67d5) x15 0x00015000
core   0: 0x8000b262 (0x00008fc9) c.or    a5, a0
core   0: 3 0x8000b262 (0x8fc9) x15 0x578f51d2
core   0: 0x8000b264 (0x00000429) c.addi  s0, 10
core   0: 3 0x8000b264 (0x0429) x 8 0x00000012
core   0: 0x8000b266 (0x00a00b13) li      s6, 10
core   0: 3 0x8000b266 (0x00a00b13) x22 0x0000000a
core   0: 0x8000b26a (0x00000001) c.nop
core   0: 3 0x8000b26a (0x0001)
core   0: 0x8000b26c (0x00008d91) c.sub   a1, a2
core   0: 3 0x8000b26c (0x8d91) x11 0xfffffffd
core   0: 0x8000b26e (0xfef00c93) li      s9, -17
core   0: 3 0x8000b26e (0xfef00c93) x25 0xffffffef
core   0: 0x8000b272 (0x419f0033) sub     zero, t5, s9
core   0: 3 0x8000b272 (0x419f0033)
core   0: 0x8000b276 (0x00000001) c.nop
core   0: 3 0x8000b276 (0x0001)
core   0: 0x8000b278 (0x00001b75) c.addi  s6, -3
core   0: 3 0x8000b278 (0x1b75) x22 0x00000007
core   0: 0x8000b27a (0x00008ac9) c.andi  a3, 18
core   0: 3 0x8000b27a (0x8ac9) x13 0x00000000
core   0: 0x8000b27c (0xff9b5de3) bge     s6, s9, pc - 6
core   0: 3 0x8000b27c (0xff9b5de3)
core   0: 0x8000b276 (0x00000001) c.nop
core   0: 3 0x8000b276 (0x0001)
core   0: 0x8000b278 (0x00001b75) c.addi  s6, -3
core   0: 3 0x8000b278 (0x1b75) x22 0x00000004
core   0: 0x8000b27a (0x00008ac9) c.andi  a3, 18
core   0: 3 0x8000b27a (0x8ac9) x13 0x00000000
core   0: 0x8000b27c (0xff9b5de3) bge     s6, s9, pc - 6
core   0: 3 0x8000b27c (0xff9b5de3)
core   0: 0x8000b276 (0x00000001) c.nop
core   0: 3 0x8000b276 (0x0001)
core   0: 0x8000b278 (0x00001b75) c.addi  s6, -3
core   0: 3 0x8000b278 (0x1b75) x22 0x00000001
core   0: 0x8000b27a (0x00008ac9) c.andi  a3, 18
core   0: 3 0x8000b27a (0x8ac9) x13 0x00000000
core   0: 0x8000b27c (0xff9b5de3) bge     s6, s9, pc - 6
core   0: 3 0x8000b27c (0xff9b5de3)
core   0: 0x8000b276 (0x00000001) c.nop
core   0: 3 0x8000b276 (0x0001)
core   0: 0x8000b278 (0x00001b75) c.addi  s6, -3
core   0: 3 0x8000b278 (0x1b75) x22 0xfffffffe
core   0: 0x8000b27a (0x00008ac9) c.andi  a3, 18
core   0: 3 0x8000b27a (0x8ac9) x13 0x00000000
core   0: 0x8000b27c (0xff9b5de3) bge     s6, s9, pc - 6
core   0: 3 0x8000b27c (0xff9b5de3)
core   0: 0x8000b276 (0x00000001) c.nop
core   0: 3 0x8000b276 (0x0001)
core   0: 0x8000b278 (0x00001b75) c.addi  s6, -3
core   0: 3 0x8000b278 (0x1b75) x22 0xfffffffb
core   0: 0x8000b27a (0x00008ac9) c.andi  a3, 18
core   0: 3 0x8000b27a (0x8ac9) x13 0x00000000
core   0: 0x8000b27c (0xff9b5de3) bge     s6, s9, pc - 6
core   0: 3 0x8000b27c (0xff9b5de3)
core   0: 0x8000b276 (0x00000001) c.nop
core   0: 3 0x8000b276 (0x0001)
core   0: 0x8000b278 (0x00001b75) c.addi  s6, -3
core   0: 3 0x8000b278 (0x1b75) x22 0xfffffff8
core   0: 0x8000b27a (0x00008ac9) c.andi  a3, 18
core   0: 3 0x8000b27a (0x8ac9) x13 0x00000000
core   0: 0x8000b27c (0xff9b5de3) bge     s6, s9, pc - 6
core   0: 3 0x8000b27c (0xff9b5de3)
core   0: 0x8000b276 (0x00000001) c.nop
core   0: 3 0x8000b276 (0x0001)
core   0: 0x8000b278 (0x00001b75) c.addi  s6, -3
core   0: 3 0x8000b278 (0x1b75) x22 0xfffffff5
core   0: 0x8000b27a (0x00008ac9) c.andi  a3, 18
core   0: 3 0x8000b27a (0x8ac9) x13 0x00000000
core   0: 0x8000b27c (0xff9b5de3) bge     s6, s9, pc - 6
core   0: 3 0x8000b27c (0xff9b5de3)
core   0: 0x8000b276 (0x00000001) c.nop
core   0: 3 0x8000b276 (0x0001)
core   0: 0x8000b278 (0x00001b75) c.addi  s6, -3
core   0: 3 0x8000b278 (0x1b75) x22 0xfffffff2
core   0: 0x8000b27a (0x00008ac9) c.andi  a3, 18
core   0: 3 0x8000b27a (0x8ac9) x13 0x00000000
core   0: 0x8000b27c (0xff9b5de3) bge     s6, s9, pc - 6
core   0: 3 0x8000b27c (0xff9b5de3)
core   0: 0x8000b276 (0x00000001) c.nop
core   0: 3 0x8000b276 (0x0001)
core   0: 0x8000b278 (0x00001b75) c.addi  s6, -3
core   0: 3 0x8000b278 (0x1b75) x22 0xffffffef
core   0: 0x8000b27a (0x00008ac9) c.andi  a3, 18
core   0: 3 0x8000b27a (0x8ac9) x13 0x00000000
core   0: 0x8000b27c (0xff9b5de3) bge     s6, s9, pc - 6
core   0: 3 0x8000b27c (0xff9b5de3)
core   0: 0x8000b276 (0x00000001) c.nop
core   0: 3 0x8000b276 (0x0001)
core   0: 0x8000b278 (0x00001b75) c.addi  s6, -3
core   0: 3 0x8000b278 (0x1b75) x22 0xffffffec
core   0: 0x8000b27a (0x00008ac9) c.andi  a3, 18
core   0: 3 0x8000b27a (0x8ac9) x13 0x00000000
core   0: 0x8000b27c (0xff9b5de3) bge     s6, s9, pc - 6
core   0: 3 0x8000b27c (0xff9b5de3)
core   0: 0x8000b280 (0x01a16c33) or      s8, sp, s10
core   0: 3 0x8000b280 (0x01a16c33) x24 0x578f09e6
core   0: 0x8000b284 (0xfc640fe3) beq     s0, t1, pc - 34
core   0: 3 0x8000b284 (0xfc640fe3)
core   0: 0x8000b262 (0x00008fc9) c.or    a5, a0
core   0: 3 0x8000b262 (0x8fc9) x15 0x578f51d2
core   0: 0x8000b264 (0x00000429) c.addi  s0, 10
core   0: 3 0x8000b264 (0x0429) x 8 0x0000001c
core   0: 0x8000b266 (0x00a00b13) li      s6, 10
core   0: 3 0x8000b266 (0x00a00b13) x22 0x0000000a
core   0: 0x8000b26a (0x00000001) c.nop
core   0: 3 0x8000b26a (0x0001)
core   0: 0x8000b26c (0x00008d91) c.sub   a1, a2
core   0: 3 0x8000b26c (0x8d91) x11 0xfffffffb
core   0: 0x8000b26e (0xfef00c93) li      s9, -17
core   0: 3 0x8000b26e (0xfef00c93) x25 0xffffffef
core   0: 0x8000b272 (0x419f0033) sub     zero, t5, s9
core   0: 3 0x8000b272 (0x419f0033)
core   0: 0x8000b276 (0x00000001) c.nop
core   0: 3 0x8000b276 (0x0001)
core   0: 0x8000b278 (0x00001b75) c.addi  s6, -3
core   0: 3 0x8000b278 (0x1b75) x22 0x00000007
core   0: 0x8000b27a (0x00008ac9) c.andi  a3, 18
core   0: 3 0x8000b27a (0x8ac9) x13 0x00000000
core   0: 0x8000b27c (0xff9b5de3) bge     s6, s9, pc - 6
core   0: 3 0x8000b27c (0xff9b5de3)
core   0: 0x8000b276 (0x00000001) c.nop
core   0: 3 0x8000b276 (0x0001)
core   0: 0x8000b278 (0x00001b75) c.addi  s6, -3
core   0: 3 0x8000b278 (0x1b75) x22 0x00000004
core   0: 0x8000b27a (0x00008ac9) c.andi  a3, 18
core   0: 3 0x8000b27a (0x8ac9) x13 0x00000000
core   0: 0x8000b27c (0xff9b5de3) bge     s6, s9, pc - 6
core   0: 3 0x8000b27c (0xff9b5de3)
core   0: 0x8000b276 (0x00000001) c.nop
core   0: 3 0x8000b276 (0x0001)
core   0: 0x8000b278 (0x00001b75) c.addi  s6, -3
core   0: 3 0x8000b278 (0x1b75) x22 0x00000001
core   0: 0x8000b27a (0x00008ac9) c.andi  a3, 18
core   0: 3 0x8000b27a (0x8ac9) x13 0x00000000
core   0: 0x8000b27c (0xff9b5de3) bge     s6, s9, pc - 6
core   0: 3 0x8000b27c (0xff9b5de3)
core   0: 0x8000b276 (0x00000001) c.nop
core   0: 3 0x8000b276 (0x0001)
core   0: 0x8000b278 (0x00001b75) c.addi  s6, -3
core   0: 3 0x8000b278 (0x1b75) x22 0xfffffffe
core   0: 0x8000b27a (0x00008ac9) c.andi  a3, 18
core   0: 3 0x8000b27a (0x8ac9) x13 0x00000000
core   0: 0x8000b27c (0xff9b5de3) bge     s6, s9, pc - 6
core   0: 3 0x8000b27c (0xff9b5de3)
core   0: 0x8000b276 (0x00000001) c.nop
core   0: 3 0x8000b276 (0x0001)
core   0: 0x8000b278 (0x00001b75) c.addi  s6, -3
core   0: 3 0x8000b278 (0x1b75) x22 0xfffffffb
core   0: 0x8000b27a (0x00008ac9) c.andi  a3, 18
core   0: 3 0x8000b27a (0x8ac9) x13 0x00000000
core   0: 0x8000b27c (0xff9b5de3) bge     s6, s9, pc - 6
core   0: 3 0x8000b27c (0xff9b5de3)
core   0: 0x8000b276 (0x00000001) c.nop
core   0: 3 0x8000b276 (0x0001)
core   0: 0x8000b278 (0x00001b75) c.addi  s6, -3
core   0: 3 0x8000b278 (0x1b75) x22 0xfffffff8
core   0: 0x8000b27a (0x00008ac9) c.andi  a3, 18
core   0: 3 0x8000b27a (0x8ac9) x13 0x00000000
core   0: 0x8000b27c (0xff9b5de3) bge     s6, s9, pc - 6
core   0: 3 0x8000b27c (0xff9b5de3)
core   0: 0x8000b276 (0x00000001) c.nop
core   0: 3 0x8000b276 (0x0001)
core   0: 0x8000b278 (0x00001b75) c.addi  s6, -3
core   0: 3 0x8000b278 (0x1b75) x22 0xfffffff5
core   0: 0x8000b27a (0x00008ac9) c.andi  a3, 18
core   0: 3 0x8000b27a (0x8ac9) x13 0x00000000
core   0: 0x8000b27c (0xff9b5de3) bge     s6, s9, pc - 6
core   0: 3 0x8000b27c (0xff9b5de3)
core   0: 0x8000b276 (0x00000001) c.nop
core   0: 3 0x8000b276 (0x0001)
core   0: 0x8000b278 (0x00001b75) c.addi  s6, -3
core   0: 3 0x8000b278 (0x1b75) x22 0xfffffff2
core   0: 0x8000b27a (0x00008ac9) c.andi  a3, 18
core   0: 3 0x8000b27a (0x8ac9) x13 0x00000000
core   0: 0x8000b27c (0xff9b5de3) bge     s6, s9, pc - 6
core   0: 3 0x8000b27c (0xff9b5de3)
core   0: 0x8000b276 (0x00000001) c.nop
core   0: 3 0x8000b276 (0x0001)
core   0: 0x8000b278 (0x00001b75) c.addi  s6, -3
core   0: 3 0x8000b278 (0x1b75) x22 0xffffffef
core   0: 0x8000b27a (0x00008ac9) c.andi  a3, 18
core   0: 3 0x8000b27a (0x8ac9) x13 0x00000000
core   0: 0x8000b27c (0xff9b5de3) bge     s6, s9, pc - 6
core   0: 3 0x8000b27c (0xff9b5de3)
core   0: 0x8000b276 (0x00000001) c.nop
core   0: 3 0x8000b276 (0x0001)
core   0: 0x8000b278 (0x00001b75) c.addi  s6, -3
core   0: 3 0x8000b278 (0x1b75) x22 0xffffffec
core   0: 0x8000b27a (0x00008ac9) c.andi  a3, 18
core   0: 3 0x8000b27a (0x8ac9) x13 0x00000000
core   0: 0x8000b27c (0xff9b5de3) bge     s6, s9, pc - 6
core   0: 3 0x8000b27c (0xff9b5de3)
core   0: 0x8000b280 (0x01a16c33) or      s8, sp, s10
core   0: 3 0x8000b280 (0x01a16c33) x24 0x578f09e6
core   0: 0x8000b284 (0xfc640fe3) beq     s0, t1, pc - 34
core   0: 3 0x8000b284 (0xfc640fe3)
core   0: 0x8000b288 (0x00001888) c.addi4spn a0, sp, 112
core   0: 3 0x8000b288 (0x1888) x10 0x578f0230
core   0: 0x8000b28a (0x00300113) li      sp, 3
core   0: 3 0x8000b28a (0x00300113) x 2 0x00000003
core   0: 0x8000b28e (0x40575f13) srai    t5, a4, 5
core   0: 3 0x8000b28e (0x40575f13) x30 0x0000000e
core   0: 0x8000b292 (0x01000813) li      a6, 16
core   0: 3 0x8000b292 (0x01000813) x16 0x00000010
core   0: 0x8000b296 (0x00008f89) c.sub   a5, a0
core   0: 3 0x8000b296 (0x8f89) x15 0x00004fa2
core   0: 0x8000b298 (0x00008fe9) c.and   a5, a0
core   0: 3 0x8000b298 (0x8fe9) x15 0x00000220
core   0: 0x8000b29a (0x9ebca713) slti    a4, s9, -1557
core   0: 3 0x8000b29a (0x9ebca713) x14 0x00000000
core   0: 0x8000b29e (0x5b4b4393) xori    t2, s6, 1460
core   0: 3 0x8000b29e (0x5b4b4393) x 7 0xfffffa58
core   0: 0x8000b2a2 (0xb4e3b293) sltiu   t0, t2, -1202
core   0: 3 0x8000b2a2 (0xb4e3b293) x 5 0x00000001
core   0: 0x8000b2a6 (0x00000105) c.addi  sp, 1
core   0: 3 0x8000b2a6 (0x0105) x 2 0x00000004
core   0: 0x8000b2a8 (0x0053d013) srli    zero, t2, 5
core   0: 3 0x8000b2a8 (0x0053d013)
core   0: 0x8000b2ac (0xff0116e3) bne     sp, a6, pc - 20
core   0: 3 0x8000b2ac (0xff0116e3)
core   0: 0x8000b298 (0x00008fe9) c.and   a5, a0
core   0: 3 0x8000b298 (0x8fe9) x15 0x00000220
core   0: 0x8000b29a (0x9ebca713) slti    a4, s9, -1557
core   0: 3 0x8000b29a (0x9ebca713) x14 0x00000000
core   0: 0x8000b29e (0x5b4b4393) xori    t2, s6, 1460
core   0: 3 0x8000b29e (0x5b4b4393) x 7 0xfffffa58
core   0: 0x8000b2a2 (0xb4e3b293) sltiu   t0, t2, -1202
core   0: 3 0x8000b2a2 (0xb4e3b293) x 5 0x00000001
core   0: 0x8000b2a6 (0x00000105) c.addi  sp, 1
core   0: 3 0x8000b2a6 (0x0105) x 2 0x00000005
core   0: 0x8000b2a8 (0x0053d013) srli    zero, t2, 5
core   0: 3 0x8000b2a8 (0x0053d013)
core   0: 0x8000b2ac (0xff0116e3) bne     sp, a6, pc - 20
core   0: 3 0x8000b2ac (0xff0116e3)
core   0: 0x8000b298 (0x00008fe9) c.and   a5, a0
core   0: 3 0x8000b298 (0x8fe9) x15 0x00000220
core   0: 0x8000b29a (0x9ebca713) slti    a4, s9, -1557
core   0: 3 0x8000b29a (0x9ebca713) x14 0x00000000
core   0: 0x8000b29e (0x5b4b4393) xori    t2, s6, 1460
core   0: 3 0x8000b29e (0x5b4b4393) x 7 0xfffffa58
core   0: 0x8000b2a2 (0xb4e3b293) sltiu   t0, t2, -1202
core   0: 3 0x8000b2a2 (0xb4e3b293) x 5 0x00000001
core   0: 0x8000b2a6 (0x00000105) c.addi  sp, 1
core   0: 3 0x8000b2a6 (0x0105) x 2 0x00000006
core   0: 0x8000b2a8 (0x0053d013) srli    zero, t2, 5
core   0: 3 0x8000b2a8 (0x0053d013)
core   0: 0x8000b2ac (0xff0116e3) bne     sp, a6, pc - 20
core   0: 3 0x8000b2ac (0xff0116e3)
core   0: 0x8000b298 (0x00008fe9) c.and   a5, a0
core   0: 3 0x8000b298 (0x8fe9) x15 0x00000220
core   0: 0x8000b29a (0x9ebca713) slti    a4, s9, -1557
core   0: 3 0x8000b29a (0x9ebca713) x14 0x00000000
core   0: 0x8000b29e (0x5b4b4393) xori    t2, s6, 1460
core   0: 3 0x8000b29e (0x5b4b4393) x 7 0xfffffa58
core   0: 0x8000b2a2 (0xb4e3b293) sltiu   t0, t2, -1202
core   0: 3 0x8000b2a2 (0xb4e3b293) x 5 0x00000001
core   0: 0x8000b2a6 (0x00000105) c.addi  sp, 1
core   0: 3 0x8000b2a6 (0x0105) x 2 0x00000007
core   0: 0x8000b2a8 (0x0053d013) srli    zero, t2, 5
core   0: 3 0x8000b2a8 (0x0053d013)
core   0: 0x8000b2ac (0xff0116e3) bne     sp, a6, pc - 20
core   0: 3 0x8000b2ac (0xff0116e3)
core   0: 0x8000b298 (0x00008fe9) c.and   a5, a0
core   0: 3 0x8000b298 (0x8fe9) x15 0x00000220
core   0: 0x8000b29a (0x9ebca713) slti    a4, s9, -1557
core   0: 3 0x8000b29a (0x9ebca713) x14 0x00000000
core   0: 0x8000b29e (0x5b4b4393) xori    t2, s6, 1460
core   0: 3 0x8000b29e (0x5b4b4393) x 7 0xfffffa58
core   0: 0x8000b2a2 (0xb4e3b293) sltiu   t0, t2, -1202
core   0: 3 0x8000b2a2 (0xb4e3b293) x 5 0x00000001
core   0: 0x8000b2a6 (0x00000105) c.addi  sp, 1
core   0: 3 0x8000b2a6 (0x0105) x 2 0x00000008
core   0: 0x8000b2a8 (0x0053d013) srli    zero, t2, 5
core   0: 3 0x8000b2a8 (0x0053d013)
core   0: 0x8000b2ac (0xff0116e3) bne     sp, a6, pc - 20
core   0: 3 0x8000b2ac (0xff0116e3)
core   0: 0x8000b298 (0x00008fe9) c.and   a5, a0
core   0: 3 0x8000b298 (0x8fe9) x15 0x00000220
core   0: 0x8000b29a (0x9ebca713) slti    a4, s9, -1557
core   0: 3 0x8000b29a (0x9ebca713) x14 0x00000000
core   0: 0x8000b29e (0x5b4b4393) xori    t2, s6, 1460
core   0: 3 0x8000b29e (0x5b4b4393) x 7 0xfffffa58
core   0: 0x8000b2a2 (0xb4e3b293) sltiu   t0, t2, -1202
core   0: 3 0x8000b2a2 (0xb4e3b293) x 5 0x00000001
core   0: 0x8000b2a6 (0x00000105) c.addi  sp, 1
core   0: 3 0x8000b2a6 (0x0105) x 2 0x00000009
core   0: 0x8000b2a8 (0x0053d013) srli    zero, t2, 5
core   0: 3 0x8000b2a8 (0x0053d013)
core   0: 0x8000b2ac (0xff0116e3) bne     sp, a6, pc - 20
core   0: 3 0x8000b2ac (0xff0116e3)
core   0: 0x8000b298 (0x00008fe9) c.and   a5, a0
core   0: 3 0x8000b298 (0x8fe9) x15 0x00000220
core   0: 0x8000b29a (0x9ebca713) slti    a4, s9, -1557
core   0: 3 0x8000b29a (0x9ebca713) x14 0x00000000
core   0: 0x8000b29e (0x5b4b4393) xori    t2, s6, 1460
core   0: 3 0x8000b29e (0x5b4b4393) x 7 0xfffffa58
core   0: 0x8000b2a2 (0xb4e3b293) sltiu   t0, t2, -1202
core   0: 3 0x8000b2a2 (0xb4e3b293) x 5 0x00000001
core   0: 0x8000b2a6 (0x00000105) c.addi  sp, 1
core   0: 3 0x8000b2a6 (0x0105) x 2 0x0000000a
core   0: 0x8000b2a8 (0x0053d013) srli    zero, t2, 5
core   0: 3 0x8000b2a8 (0x0053d013)
core   0: 0x8000b2ac (0xff0116e3) bne     sp, a6, pc - 20
core   0: 3 0x8000b2ac (0xff0116e3)
core   0: 0x8000b298 (0x00008fe9) c.and   a5, a0
core   0: 3 0x8000b298 (0x8fe9) x15 0x00000220
core   0: 0x8000b29a (0x9ebca713) slti    a4, s9, -1557
core   0: 3 0x8000b29a (0x9ebca713) x14 0x00000000
core   0: 0x8000b29e (0x5b4b4393) xori    t2, s6, 1460
core   0: 3 0x8000b29e (0x5b4b4393) x 7 0xfffffa58
core   0: 0x8000b2a2 (0xb4e3b293) sltiu   t0, t2, -1202
core   0: 3 0x8000b2a2 (0xb4e3b293) x 5 0x00000001
core   0: 0x8000b2a6 (0x00000105) c.addi  sp, 1
core   0: 3 0x8000b2a6 (0x0105) x 2 0x0000000b
core   0: 0x8000b2a8 (0x0053d013) srli    zero, t2, 5
core   0: 3 0x8000b2a8 (0x0053d013)
core   0: 0x8000b2ac (0xff0116e3) bne     sp, a6, pc - 20
core   0: 3 0x8000b2ac (0xff0116e3)
core   0: 0x8000b298 (0x00008fe9) c.and   a5, a0
core   0: 3 0x8000b298 (0x8fe9) x15 0x00000220
core   0: 0x8000b29a (0x9ebca713) slti    a4, s9, -1557
core   0: 3 0x8000b29a (0x9ebca713) x14 0x00000000
core   0: 0x8000b29e (0x5b4b4393) xori    t2, s6, 1460
core   0: 3 0x8000b29e (0x5b4b4393) x 7 0xfffffa58
core   0: 0x8000b2a2 (0xb4e3b293) sltiu   t0, t2, -1202
core   0: 3 0x8000b2a2 (0xb4e3b293) x 5 0x00000001
core   0: 0x8000b2a6 (0x00000105) c.addi  sp, 1
core   0: 3 0x8000b2a6 (0x0105) x 2 0x0000000c
core   0: 0x8000b2a8 (0x0053d013) srli    zero, t2, 5
core   0: 3 0x8000b2a8 (0x0053d013)
core   0: 0x8000b2ac (0xff0116e3) bne     sp, a6, pc - 20
core   0: 3 0x8000b2ac (0xff0116e3)
core   0: 0x8000b298 (0x00008fe9) c.and   a5, a0
core   0: 3 0x8000b298 (0x8fe9) x15 0x00000220
core   0: 0x8000b29a (0x9ebca713) slti    a4, s9, -1557
core   0: 3 0x8000b29a (0x9ebca713) x14 0x00000000
core   0: 0x8000b29e (0x5b4b4393) xori    t2, s6, 1460
core   0: 3 0x8000b29e (0x5b4b4393) x 7 0xfffffa58
core   0: 0x8000b2a2 (0xb4e3b293) sltiu   t0, t2, -1202
core   0: 3 0x8000b2a2 (0xb4e3b293) x 5 0x00000001
core   0: 0x8000b2a6 (0x00000105) c.addi  sp, 1
core   0: 3 0x8000b2a6 (0x0105) x 2 0x0000000d
core   0: 0x8000b2a8 (0x0053d013) srli    zero, t2, 5
core   0: 3 0x8000b2a8 (0x0053d013)
core   0: 0x8000b2ac (0xff0116e3) bne     sp, a6, pc - 20
core   0: 3 0x8000b2ac (0xff0116e3)
core   0: 0x8000b298 (0x00008fe9) c.and   a5, a0
core   0: 3 0x8000b298 (0x8fe9) x15 0x00000220
core   0: 0x8000b29a (0x9ebca713) slti    a4, s9, -1557
core   0: 3 0x8000b29a (0x9ebca713) x14 0x00000000
core   0: 0x8000b29e (0x5b4b4393) xori    t2, s6, 1460
core   0: 3 0x8000b29e (0x5b4b4393) x 7 0xfffffa58
core   0: 0x8000b2a2 (0xb4e3b293) sltiu   t0, t2, -1202
core   0: 3 0x8000b2a2 (0xb4e3b293) x 5 0x00000001
core   0: 0x8000b2a6 (0x00000105) c.addi  sp, 1
core   0: 3 0x8000b2a6 (0x0105) x 2 0x0000000e
core   0: 0x8000b2a8 (0x0053d013) srli    zero, t2, 5
core   0: 3 0x8000b2a8 (0x0053d013)
core   0: 0x8000b2ac (0xff0116e3) bne     sp, a6, pc - 20
core   0: 3 0x8000b2ac (0xff0116e3)
core   0: 0x8000b298 (0x00008fe9) c.and   a5, a0
core   0: 3 0x8000b298 (0x8fe9) x15 0x00000220
core   0: 0x8000b29a (0x9ebca713) slti    a4, s9, -1557
core   0: 3 0x8000b29a (0x9ebca713) x14 0x00000000
core   0: 0x8000b29e (0x5b4b4393) xori    t2, s6, 1460
core   0: 3 0x8000b29e (0x5b4b4393) x 7 0xfffffa58
core   0: 0x8000b2a2 (0xb4e3b293) sltiu   t0, t2, -1202
core   0: 3 0x8000b2a2 (0xb4e3b293) x 5 0x00000001
core   0: 0x8000b2a6 (0x00000105) c.addi  sp, 1
core   0: 3 0x8000b2a6 (0x0105) x 2 0x0000000f
core   0: 0x8000b2a8 (0x0053d013) srli    zero, t2, 5
core   0: 3 0x8000b2a8 (0x0053d013)
core   0: 0x8000b2ac (0xff0116e3) bne     sp, a6, pc - 20
core   0: 3 0x8000b2ac (0xff0116e3)
core   0: 0x8000b298 (0x00008fe9) c.and   a5, a0
core   0: 3 0x8000b298 (0x8fe9) x15 0x00000220
core   0: 0x8000b29a (0x9ebca713) slti    a4, s9, -1557
core   0: 3 0x8000b29a (0x9ebca713) x14 0x00000000
core   0: 0x8000b29e (0x5b4b4393) xori    t2, s6, 1460
core   0: 3 0x8000b29e (0x5b4b4393) x 7 0xfffffa58
core   0: 0x8000b2a2 (0xb4e3b293) sltiu   t0, t2, -1202
core   0: 3 0x8000b2a2 (0xb4e3b293) x 5 0x00000001
core   0: 0x8000b2a6 (0x00000105) c.addi  sp, 1
core   0: 3 0x8000b2a6 (0x0105) x 2 0x00000010
core   0: 0x8000b2a8 (0x0053d013) srli    zero, t2, 5
core   0: 3 0x8000b2a8 (0x0053d013)
core   0: 0x8000b2ac (0xff0116e3) bne     sp, a6, pc - 20
core   0: 3 0x8000b2ac (0xff0116e3)
core   0: 0x8000b2b0 (0x00009bfd) c.andi  a5, -1
core   0: 3 0x8000b2b0 (0x9bfd) x15 0x00000220
core   0: 0x8000b2b2 (0x00900313) li      t1, 9
core   0: 3 0x8000b2b2 (0x00900313) x 6 0x00000009
core   0: 0x8000b2b6 (0x01cc4633) xor     a2, s8, t3
core   0: 3 0x8000b2b6 (0x01cc4633) x12 0xd78d241a
core   0: 0x8000b2ba (0x00000001) c.nop
core   0: 3 0x8000b2ba (0x0001)
core   0: 0x8000b2bc (0x00000001) c.nop
core   0: 3 0x8000b2bc (0x0001)
core   0: 0x8000b2be (0x4846a813) slti    a6, a3, 1156
core   0: 3 0x8000b2be (0x4846a813) x16 0x00000001
core   0: 0x8000b2c2 (0x00600713) li      a4, 6
core   0: 3 0x8000b2c2 (0x00600713) x14 0x00000006
core   0: 0x8000b2c6 (0x000092a6) c.add   t0, s1
core   0: 3 0x8000b2c6 (0x92a6) x 5 0xfffffe66
core   0: 0x8000b2c8 (0x000617b3) sll     a5, a2, zero
core   0: 3 0x8000b2c8 (0x000617b3) x15 0xd78d241a
core   0: 0x8000b2cc (0x00001371) c.addi  t1, -4
core   0: 3 0x8000b2cc (0x1371) x 6 0x00000005
core   0: 0x8000b2ce (0xfee37ce3) bgeu    t1, a4, pc - 8
core   0: 3 0x8000b2ce (0xfee37ce3)
core   0: 0x8000b2d2 (0xaa57ea93) ori     s5, a5, -1371
core   0: 3 0x8000b2d2 (0xaa57ea93) x21 0xfffffebf
core   0: 0x8000b2d6 (0x00000593) li      a1, 0
core   0: 3 0x8000b2d6 (0x00000593) x11 0x00000000
core   0: 0x8000b2da (0x00500f13) li      t5, 5
core   0: 3 0x8000b2da (0x00500f13) x30 0x00000005
core   0: 0x8000b2de (0x025ec933) div     s2, t4, t0
core   0: 3 0x8000b2de (0x025ec933) x18 0xfffba118
core   0: 0x8000b2e2 (0x0000059d) c.addi  a1, 7
core   0: 3 0x8000b2e2 (0x059d) x11 0x00000007
core   0: 0x8000b2e4 (0x00300293) li      t0, 3
core   0: 3 0x8000b2e4 (0x00300293) x 5 0x00000003
core   0: 0x8000b2e8 (0x00008c31) c.xor   s0, a2
core   0: 3 0x8000b2e8 (0x8c31) x 8 0xd78d2406
core   0: 0x8000b2ea (0x00300c93) li      s9, 3
core   0: 3 0x8000b2ea (0x00300c93) x25 0x00000003
core   0: 0x8000b2ee (0x0051ed33) or      s10, gp, t0
core   0: 3 0x8000b2ee (0x0051ed33) x26 0x00000003
core   0: 0x8000b2f2 (0x000012f9) c.addi  t0, -2
core   0: 3 0x8000b2f2 (0x12f9) x 5 0x00000001
core   0: 0x8000b2f4 (0xff92fde3) bgeu    t0, s9, pc - 6
core   0: 3 0x8000b2f4 (0xff92fde3)
core   0: 0x8000b2f8 (0xffe5c3e3) blt     a1, t5, pc - 26
core   0: 3 0x8000b2f8 (0xffe5c3e3)
core   0: 0x8000b2fc (0x00001d7d) c.addi  s10, -1
core   0: 3 0x8000b2fc (0x1d7d) x26 0x00000002
core   0: 0x8000b2fe (0xff700513) li      a0, -9
core   0: 3 0x8000b2fe (0xff700513) x10 0xfffffff7
core   0: 0x8000b302 (0x037d08b3) mul     a7, s10, s7
core   0: 3 0x8000b302 (0x037d08b3) x17 0x0004d9c8
core   0: 0x8000b306 (0x00000001) c.nop
core   0: 3 0x8000b306 (0x0001)
core   0: 0x8000b308 (0x0000137d) c.addi  t1, -1
core   0: 3 0x8000b308 (0x137d) x 6 0x00000004
core   0: 0x8000b30a (0xc246c713) xori    a4, a3, -988
core   0: 3 0x8000b30a (0xc246c713) x14 0xfffffc24
core   0: 0x8000b30e (0x00008f61) c.and   a4, s0
core   0: 3 0x8000b30e (0x8f61) x14 0xd78d2404
core   0: 0x8000b310 (0x51a57c93) andi    s9, a0, 1306
core   0: 3 0x8000b310 (0x51a57c93) x25 0x00000512
core   0: 0x8000b314 (0x0000611d) c.addi16sp sp, 416
core   0: 3 0x8000b314 (0x611d) x 2 0x000001b0
core   0: 0x8000b316 (0x00000505) c.addi  a0, 1
core   0: 3 0x8000b316 (0x0505) x10 0xfffffff8
core   0: 0x8000b318 (0x00008ca9) c.xor   s1, a0
core   0: 3 0x8000b318 (0x8ca9) x 9 0x0000019d
core   0: 0x8000b31a (0x00000001) c.nop
core   0: 3 0x8000b31a (0x0001)
core   0: 0x8000b31c (0x0000f575) c.bnez  a0, pc - 20
core   0: 3 0x8000b31c (0xf575)
core   0: 0x8000b308 (0x0000137d) c.addi  t1, -1
core   0: 3 0x8000b308 (0x137d) x 6 0x00000003
core   0: 0x8000b30a (0xc246c713) xori    a4, a3, -988
core   0: 3 0x8000b30a (0xc246c713) x14 0xfffffc24
core   0: 0x8000b30e (0x00008f61) c.and   a4, s0
core   0: 3 0x8000b30e (0x8f61) x14 0xd78d2404
core   0: 0x8000b310 (0x51a57c93) andi    s9, a0, 1306
core   0: 3 0x8000b310 (0x51a57c93) x25 0x00000518
core   0: 0x8000b314 (0x0000611d) c.addi16sp sp, 416
core   0: 3 0x8000b314 (0x611d) x 2 0x00000350
core   0: 0x8000b316 (0x00000505) c.addi  a0, 1
core   0: 3 0x8000b316 (0x0505) x10 0xfffffff9
core   0: 0x8000b318 (0x00008ca9) c.xor   s1, a0
core   0: 3 0x8000b318 (0x8ca9) x 9 0xfffffe64
core   0: 0x8000b31a (0x00000001) c.nop
core   0: 3 0x8000b31a (0x0001)
core   0: 0x8000b31c (0x0000f575) c.bnez  a0, pc - 20
core   0: 3 0x8000b31c (0xf575)
core   0: 0x8000b308 (0x0000137d) c.addi  t1, -1
core   0: 3 0x8000b308 (0x137d) x 6 0x00000002
core   0: 0x8000b30a (0xc246c713) xori    a4, a3, -988
core   0: 3 0x8000b30a (0xc246c713) x14 0xfffffc24
core   0: 0x8000b30e (0x00008f61) c.and   a4, s0
core   0: 3 0x8000b30e (0x8f61) x14 0xd78d2404
core   0: 0x8000b310 (0x51a57c93) andi    s9, a0, 1306
core   0: 3 0x8000b310 (0x51a57c93) x25 0x00000518
core   0: 0x8000b314 (0x0000611d) c.addi16sp sp, 416
core   0: 3 0x8000b314 (0x611d) x 2 0x000004f0
core   0: 0x8000b316 (0x00000505) c.addi  a0, 1
core   0: 3 0x8000b316 (0x0505) x10 0xfffffffa
core   0: 0x8000b318 (0x00008ca9) c.xor   s1, a0
core   0: 3 0x8000b318 (0x8ca9) x 9 0x0000019e
core   0: 0x8000b31a (0x00000001) c.nop
core   0: 3 0x8000b31a (0x0001)
core   0: 0x8000b31c (0x0000f575) c.bnez  a0, pc - 20
core   0: 3 0x8000b31c (0xf575)
core   0: 0x8000b308 (0x0000137d) c.addi  t1, -1
core   0: 3 0x8000b308 (0x137d) x 6 0x00000001
core   0: 0x8000b30a (0xc246c713) xori    a4, a3, -988
core   0: 3 0x8000b30a (0xc246c713) x14 0xfffffc24
core   0: 0x8000b30e (0x00008f61) c.and   a4, s0
core   0: 3 0x8000b30e (0x8f61) x14 0xd78d2404
core   0: 0x8000b310 (0x51a57c93) andi    s9, a0, 1306
core   0: 3 0x8000b310 (0x51a57c93) x25 0x0000051a
core   0: 0x8000b314 (0x0000611d) c.addi16sp sp, 416
core   0: 3 0x8000b314 (0x611d) x 2 0x00000690
core   0: 0x8000b316 (0x00000505) c.addi  a0, 1
core   0: 3 0x8000b316 (0x0505) x10 0xfffffffb
core   0: 0x8000b318 (0x00008ca9) c.xor   s1, a0
core   0: 3 0x8000b318 (0x8ca9) x 9 0xfffffe65
core   0: 0x8000b31a (0x00000001) c.nop
core   0: 3 0x8000b31a (0x0001)
core   0: 0x8000b31c (0x0000f575) c.bnez  a0, pc - 20
core   0: 3 0x8000b31c (0xf575)
core   0: 0x8000b308 (0x0000137d) c.addi  t1, -1
core   0: 3 0x8000b308 (0x137d) x 6 0x00000000
core   0: 0x8000b30a (0xc246c713) xori    a4, a3, -988
core   0: 3 0x8000b30a (0xc246c713) x14 0xfffffc24
core   0: 0x8000b30e (0x00008f61) c.and   a4, s0
core   0: 3 0x8000b30e (0x8f61) x14 0xd78d2404
core   0: 0x8000b310 (0x51a57c93) andi    s9, a0, 1306
core   0: 3 0x8000b310 (0x51a57c93) x25 0x0000051a
core   0: 0x8000b314 (0x0000611d) c.addi16sp sp, 416
core   0: 3 0x8000b314 (0x611d) x 2 0x00000830
core   0: 0x8000b316 (0x00000505) c.addi  a0, 1
core   0: 3 0x8000b316 (0x0505) x10 0xfffffffc
core   0: 0x8000b318 (0x00008ca9) c.xor   s1, a0
core   0: 3 0x8000b318 (0x8ca9) x 9 0x00000199
core   0: 0x8000b31a (0x00000001) c.nop
core   0: 3 0x8000b31a (0x0001)
core   0: 0x8000b31c (0x0000f575) c.bnez  a0, pc - 20
core   0: 3 0x8000b31c (0xf575)
core   0: 0x8000b308 (0x0000137d) c.addi  t1, -1
core   0: 3 0x8000b308 (0x137d) x 6 0xffffffff
core   0: 0x8000b30a (0xc246c713) xori    a4, a3, -988
core   0: 3 0x8000b30a (0xc246c713) x14 0xfffffc24
core   0: 0x8000b30e (0x00008f61) c.and   a4, s0
core   0: 3 0x8000b30e (0x8f61) x14 0xd78d2404
core   0: 0x8000b310 (0x51a57c93) andi    s9, a0, 1306
core   0: 3 0x8000b310 (0x51a57c93) x25 0x00000518
core   0: 0x8000b314 (0x0000611d) c.addi16sp sp, 416
core   0: 3 0x8000b314 (0x611d) x 2 0x000009d0
core   0: 0x8000b316 (0x00000505) c.addi  a0, 1
core   0: 3 0x8000b316 (0x0505) x10 0xfffffffd
core   0: 0x8000b318 (0x00008ca9) c.xor   s1, a0
core   0: 3 0x8000b318 (0x8ca9) x 9 0xfffffe64
core   0: 0x8000b31a (0x00000001) c.nop
core   0: 3 0x8000b31a (0x0001)
core   0: 0x8000b31c (0x0000f575) c.bnez  a0, pc - 20
core   0: 3 0x8000b31c (0xf575)
core   0: 0x8000b308 (0x0000137d) c.addi  t1, -1
core   0: 3 0x8000b308 (0x137d) x 6 0xfffffffe
core   0: 0x8000b30a (0xc246c713) xori    a4, a3, -988
core   0: 3 0x8000b30a (0xc246c713) x14 0xfffffc24
core   0: 0x8000b30e (0x00008f61) c.and   a4, s0
core   0: 3 0x8000b30e (0x8f61) x14 0xd78d2404
core   0: 0x8000b310 (0x51a57c93) andi    s9, a0, 1306
core   0: 3 0x8000b310 (0x51a57c93) x25 0x00000518
core   0: 0x8000b314 (0x0000611d) c.addi16sp sp, 416
core   0: 3 0x8000b314 (0x611d) x 2 0x00000b70
core   0: 0x8000b316 (0x00000505) c.addi  a0, 1
core   0: 3 0x8000b316 (0x0505) x10 0xfffffffe
core   0: 0x8000b318 (0x00008ca9) c.xor   s1, a0
core   0: 3 0x8000b318 (0x8ca9) x 9 0x0000019a
core   0: 0x8000b31a (0x00000001) c.nop
core   0: 3 0x8000b31a (0x0001)
core   0: 0x8000b31c (0x0000f575) c.bnez  a0, pc - 20
core   0: 3 0x8000b31c (0xf575)
core   0: 0x8000b308 (0x0000137d) c.addi  t1, -1
core   0: 3 0x8000b308 (0x137d) x 6 0xfffffffd
core   0: 0x8000b30a (0xc246c713) xori    a4, a3, -988
core   0: 3 0x8000b30a (0xc246c713) x14 0xfffffc24
core   0: 0x8000b30e (0x00008f61) c.and   a4, s0
core   0: 3 0x8000b30e (0x8f61) x14 0xd78d2404
core   0: 0x8000b310 (0x51a57c93) andi    s9, a0, 1306
core   0: 3 0x8000b310 (0x51a57c93) x25 0x0000051a
core   0: 0x8000b314 (0x0000611d) c.addi16sp sp, 416
core   0: 3 0x8000b314 (0x611d) x 2 0x00000d10
core   0: 0x8000b316 (0x00000505) c.addi  a0, 1
core   0: 3 0x8000b316 (0x0505) x10 0xffffffff
core   0: 0x8000b318 (0x00008ca9) c.xor   s1, a0
core   0: 3 0x8000b318 (0x8ca9) x 9 0xfffffe65
core   0: 0x8000b31a (0x00000001) c.nop
core   0: 3 0x8000b31a (0x0001)
core   0: 0x8000b31c (0x0000f575) c.bnez  a0, pc - 20
core   0: 3 0x8000b31c (0xf575)
core   0: 0x8000b308 (0x0000137d) c.addi  t1, -1
core   0: 3 0x8000b308 (0x137d) x 6 0xfffffffc
core   0: 0x8000b30a (0xc246c713) xori    a4, a3, -988
core   0: 3 0x8000b30a (0xc246c713) x14 0xfffffc24
core   0: 0x8000b30e (0x00008f61) c.and   a4, s0
core   0: 3 0x8000b30e (0x8f61) x14 0xd78d2404
core   0: 0x8000b310 (0x51a57c93) andi    s9, a0, 1306
core   0: 3 0x8000b310 (0x51a57c93) x25 0x0000051a
core   0: 0x8000b314 (0x0000611d) c.addi16sp sp, 416
core   0: 3 0x8000b314 (0x611d) x 2 0x00000eb0
core   0: 0x8000b316 (0x00000505) c.addi  a0, 1
core   0: 3 0x8000b316 (0x0505) x10 0x00000000
core   0: 0x8000b318 (0x00008ca9) c.xor   s1, a0
core   0: 3 0x8000b318 (0x8ca9) x 9 0xfffffe65
core   0: 0x8000b31a (0x00000001) c.nop
core   0: 3 0x8000b31a (0x0001)
core   0: 0x8000b31c (0x0000f575) c.bnez  a0, pc - 20
core   0: 3 0x8000b31c (0xf575)
core   0: 0x8000b31e (0x8a09f113) andi    sp, s3, -1888
core   0: 3 0x8000b31e (0x8a09f113) x 2 0xc0000000
core   0: 0x8000b322 (0x00000001) c.nop
core   0: 3 0x8000b322 (0x0001)
core   0: 0x8000b324 (0x00009712) c.add   a4, tp
core   0: 3 0x8000b324 (0x9712) x14 0xf7a8e616
core   0: 0x8000b326 (0x01909b13) slli    s6, ra, 25
core   0: 3 0x8000b326 (0x01909b13) x22 0x00000000
core   0: 0x8000b32a (0x03ec0f33) mul     t5, s8, t5
core   0: 3 0x8000b32a (0x03ec0f33) x30 0xb5cb317e
core   0: 0x8000b32e (0x01188933) add     s2, a7, a7
core   0: 3 0x8000b32e (0x01188933) x18 0x0009b390
core   0: 0x8000b332 (0x00008455) c.srai  s0, 21
core   0: 3 0x8000b332 (0x8455) x 8 0xfffffebc
core   0: 0x8000b334 (0x00009b7d) c.andi  a4, -1
core   0: 3 0x8000b334 (0x9b7d) x14 0xf7a8e616
core   0: 0x8000b336 (0x0000100f) fence.i
core   0: 3 0x8000b336 (0x0000100f)
core   0: 0x8000b33a (0x00128433) add     s0, t0, ra
core   0: 3 0x8000b33a (0x00128433) x 8 0x013a1001
core   0: 0x8000b33e (0x00008c09) c.sub   s0, a0
core   0: 3 0x8000b33e (0x8c09) x 8 0x013a1001
core   0: 0x8000b340 (0x408a89b3) sub     s3, s5, s0
core   0: 3 0x8000b340 (0x408a89b3) x19 0xfec5eebe
core   0: 0x8000b344 (0x00008d15) c.sub   a0, a3
core   0: 3 0x8000b344 (0x8d15) x10 0x00000000
core   0: 0x8000b346 (0x72c2a913) slti    s2, t0, 1836
core   0: 3 0x8000b346 (0x72c2a913) x18 0x00000001
core   0: 0x8000b34a (0x0000717d) c.addi16sp sp, -16
core   0: 3 0x8000b34a (0x717d) x 2 0xbffffff0
core   0: 0x8000b34c (0x0000944e) c.add   s0, s3
core   0: 3 0x8000b34c (0x944e) x 8 0xfffffebf
core   0: 0x8000b34e (0x0159c863) blt     s3, s5, pc + 16
core   0: 3 0x8000b34e (0x0159c863)
core   0: 0x8000b35e (0x01e2a533) slt     a0, t0, t5
core   0: 3 0x8000b35e (0x01e2a533) x10 0x00000000
core   0: 0x8000b362 (0x0379a833) mulhsu  a6, s3, s7
core   0: 3 0x8000b362 (0x0379a833) x16 0xff62f465
core   0: 0x8000b366 (0x979d8713) addi    a4, s11, -1671
core   0: 3 0x8000b366 (0x979d8713) x14 0xfffffd21
core   0: 0x8000b36a (0x00008ea1) c.xor   a3, s0
core   0: 3 0x8000b36a (0x8ea1) x13 0xfffffebf
core   0: 0x8000b36c (0x020bc633) div     a2, s7, zero
core   0: 3 0x8000b36c (0x020bc633) x12 0xffffffff
core   0: 0x8000b370 (0x00ddf233) and     tp, s11, a3
core   0: 3 0x8000b370 (0x00ddf233) x 4 0x000002a8
core   0: 0x8000b374 (0x40e65d13) srai    s10, a2, 14
core   0: 3 0x8000b374 (0x40e65d13) x26 0xffffffff
core   0: 0x8000b378 (0x01b9d993) srli    s3, s3, 27
core   0: 3 0x8000b378 (0x01b9d993) x19 0x0000001f
core   0: 0x8000b37c (0x0000e419) c.bnez  s0, pc + 14
core   0: 3 0x8000b37c (0xe419)
core   0: 0x8000b38a (0x01595293) srli    t0, s2, 21
core   0: 3 0x8000b38a (0x01595293) x 5 0x00000000
core   0: 0x8000b38e (0x00008ca5) c.xor   s1, s1
core   0: 3 0x8000b38e (0x8ca5) x 9 0x00000000
core   0: 0x8000b390 (0x00008942) c.mv    s2, a6
core   0: 3 0x8000b390 (0x8942) x18 0xff62f465
core   0: 0x8000b392 (0x01ea8863) beq     s5, t5, pc + 16
core   0: 3 0x8000b392 (0x01ea8863)
core   0: 0x8000b396 (0x357ec437) lui     s0, 0x357ec
core   0: 3 0x8000b396 (0x357ec437) x 8 0x357ec000
core   0: 0x8000b39a (0x035330b3) mulhu   ra, t1, s5
core   0: 3 0x8000b39a (0x035330b3) x 1 0xfffffebb
core   0: 0x8000b39e (0x0383f233) remu    tp, t2, s8
core   0: 3 0x8000b39e (0x0383f233) x 4 0x50e1e68c
core   0: 0x8000b3a2 (0x3371e497) auipc   s1, 0x3371e
core   0: 3 0x8000b3a2 (0x3371e497) x 9 0xb37293a2
core   0: 0x8000b3a6 (0x0ff0000f) fence   iorw,iorw
core   0: 3 0x8000b3a6 (0x0ff0000f)
core   0: 0x8000b3aa (0x00008f51) c.or    a4, a2
core   0: 3 0x8000b3aa (0x8f51) x14 0xffffffff
core   0: 0x8000b3ac (0x00718833) add     a6, gp, t2
core   0: 3 0x8000b3ac (0x00718833) x16 0xfffffa59
core   0: 0x8000b3b0 (0x014c0d33) add     s10, s8, s4
core   0: 3 0x8000b3b0 (0x014c0d33) x26 0xd78f09e6
core   0: 0x8000b3b4 (0x00008be5) c.andi  a5, 25
core   0: 3 0x8000b3b4 (0x8be5) x15 0x00000018
core   0: 0x8000b3b6 (0x00000001) c.nop
core   0: 3 0x8000b3b6 (0x0001)
core   0: 0x8000b3b8 (0x00008e49) c.or    a2, a0
core   0: 3 0x8000b3b8 (0x8e49) x12 0xffffffff
core   0: 0x8000b3ba (0x000009c2) c.slli  s3, 16
core   0: 3 0x8000b3ba (0x09c2) x19 0x001f0000
core   0: 0x8000b3bc (0x700aa493) slti    s1, s5, 1792
core   0: 3 0x8000b3bc (0x700aa493) x 9 0x00000001
core   0: 0x8000b3c0 (0x00009a7d) c.andi  a2, -1
core   0: 3 0x8000b3c0 (0x9a7d) x12 0xffffffff
core   0: 0x8000b3c2 (0x03405833) divu    a6, zero, s4
core   0: 3 0x8000b3c2 (0x03405833) x16 0x00000000
core   0: 0x8000b3c6 (0x003b46b3) xor     a3, s6, gp
core   0: 3 0x8000b3c6 (0x003b46b3) x13 0x00000001
core   0: 0x8000b3ca (0x00303cb3) snez    s9, gp
core   0: 3 0x8000b3ca (0x00303cb3) x25 0x00000001
core   0: 0x8000b3ce (0x0ff0000f) fence   iorw,iorw
core   0: 3 0x8000b3ce (0x0ff0000f)
core   0: 0x8000b3d2 (0x00008f2d) c.xor   a4, a1
core   0: 3 0x8000b3d2 (0x8f2d) x14 0xfffffff8
core   0: 0x8000b3d4 (0x00008c05) c.sub   s0, s1
core   0: 3 0x8000b3d4 (0x8c05) x 8 0x357ebfff
core   0: 0x8000b3d6 (0x0000685d) c.lui   a6, 0x17
core   0: 3 0x8000b3d6 (0x685d) x16 0x00017000
core   0: 0x8000b3d8 (0x00c92533) slt     a0, s2, a2
core   0: 3 0x8000b3d8 (0x00c92533) x10 0x00000001
core   0: 0x8000b3dc (0x0000874e) c.mv    a4, s3
core   0: 3 0x8000b3dc (0x874e) x14 0x001f0000
core   0: 0x8000b3de (0x00008a41) c.andi  a2, 16
core   0: 3 0x8000b3de (0x8a41) x12 0x00000010
core   0: 0x8000b3e0 (0x000f5b63) bgez    t5, pc + 22
core   0: 3 0x8000b3e0 (0x000f5b63)
core   0: 0x8000b3e4 (0x00000001) c.nop
core   0: 3 0x8000b3e4 (0x0001)
core   0: 0x8000b3e6 (0x00ce9613) slli    a2, t4, 12
core   0: 3 0x8000b3e6 (0x00ce9613) x12 0x00000000
core   0: 0x8000b3ea (0x3fd1f813) andi    a6, gp, 1021
core   0: 3 0x8000b3ea (0x3fd1f813) x16 0x00000001
core   0: 0x8000b3ee (0x02ad8033) mul     zero, s11, a0
core   0: 3 0x8000b3ee (0x02ad8033)
core   0: 0x8000b3f2 (0x03612233) mulhsu  tp, sp, s6
core   0: 3 0x8000b3f2 (0x03612233) x 4 0x00000000
core   0: 0x8000b3f6 (0x0173e563) bltu    t2, s7, pc + 10
core   0: 3 0x8000b3f6 (0x0173e563)
core   0: 0x8000b3fa (0x00040f33) add     t5, s0, zero
core   0: 3 0x8000b3fa (0x00040f33) x30 0x357ebfff
core   0: 0x8000b3fe (0x00008ced) c.and   s1, a1
core   0: 3 0x8000b3fe (0x8ced) x 9 0x00000001
core   0: 0x8000b400 (0x03a7a133) mulhsu  sp, a5, s10
core   0: 3 0x8000b400 (0x03a7a133) x 2 0x00000014
core   0: 0x8000b404 (0x00006135) c.addi16sp sp, 352
core   0: 3 0x8000b404 (0x6135) x 2 0x00000174
core   0: 0x8000b406 (0x028fa9b3) mulhsu  s3, t6, s0
core   0: 3 0x8000b406 (0x028fa9b3) x19 0xffa1301b
core   0: 0x8000b40a (0x01585363) bge     a6, s5, pc + 6
core   0: 3 0x8000b40a (0x01585363)
core   0: 0x8000b410 (0x852e0813) addi    a6, t3, -1966
core   0: 3 0x8000b410 (0x852e0813) x16 0x8002264e
core   0: 0x8000b414 (0xdb807d93) andi    s11, zero, -584
core   0: 3 0x8000b414 (0xdb807d93) x27 0x00000000
core   0: 0x8000b418 (0x0000717d) c.addi16sp sp, -16
core   0: 3 0x8000b418 (0x717d) x 2 0x00000164
core   0: 0x8000b41a (0x0000039c) c.addi4spn a5, sp, 448
core   0: 3 0x8000b41a (0x039c) x15 0x00000324
core   0: 0x8000b41c (0x02c33f33) mulhu   t5, t1, a2
core   0: 3 0x8000b41c (0x02c33f33) x30 0x00000000
core   0: 0x8000b420 (0x00008535) c.srai  a0, 13
core   0: 3 0x8000b420 (0x8535) x10 0x00000000
core   0: 0x8000b422 (0xdb937593) andi    a1, t1, -583
core   0: 3 0x8000b422 (0xdb937593) x11 0xfffffdb8
core   0: 0x8000b426 (0x03f22fb3) mulhsu  t6, tp, t6
core   0: 3 0x8000b426 (0x03f22fb3) x31 0x00000000
core   0: 0x8000b42a (0x00001a90) c.addi4spn a2, sp, 368
core   0: 3 0x8000b42a (0x1a90) x12 0x000002d4
core   0: 0x8000b42c (0x03035f33) divu    t5, t1, a6
core   0: 3 0x8000b42c (0x03035f33) x30 0x00000001
core   0: 0x8000b430 (0x0ff0000f) fence   iorw,iorw
core   0: 3 0x8000b430 (0x0ff0000f)
core   0: 0x8000b434 (0x00009bfd) c.andi  a5, -1
core   0: 3 0x8000b434 (0x9bfd) x15 0x00000324
core   0: 0x8000b436 (0x0112b5b3) sltu    a1, t0, a7
core   0: 3 0x8000b436 (0x0112b5b3) x11 0x00000001
core   0: 0x8000b43a (0x000098fd) c.andi  s1, -1
core   0: 3 0x8000b43a (0x98fd) x 9 0x00000001
core   0: 0x8000b43c (0x00008d6d) c.and   a0, a1
core   0: 3 0x8000b43c (0x8d6d) x10 0x00000000
core   0: 0x8000b43e (0x00008d31) c.xor   a0, a2
core   0: 3 0x8000b43e (0x8d31) x10 0x000002d4
core   0: 0x8000b440 (0x0190a233) slt     tp, ra, s9
core   0: 3 0x8000b440 (0x0190a233) x 4 0x00000001
core   0: 0x8000b444 (0xbd8eb693) sltiu   a3, t4, -1064
core   0: 3 0x8000b444 (0xbd8eb693) x13 0x00000001
core   0: 0x8000b448 (0x000082f9) c.srli  a3, 30
core   0: 3 0x8000b448 (0x82f9) x13 0x00000000
core   0: 0x8000b44a (0x0ff0000f) fence   iorw,iorw
core   0: 3 0x8000b44a (0x0ff0000f)
core   0: 0x8000b44e (0xb4026797) auipc   a5, 0xb4026
core   0: 3 0x8000b44e (0xb4026797) x15 0x3403144e
core   0: 0x8000b452 (0x4d410237) lui     tp, 0x4d410
core   0: 3 0x8000b452 (0x4d410237) x 4 0x4d410000
core   0: 0x8000b456 (0x00000001) c.nop
core   0: 3 0x8000b456 (0x0001)
core   0: 0x8000b458 (0x00607763) bgeu    zero, t1, pc + 14
core   0: 3 0x8000b458 (0x00607763)
core   0: 0x8000b45c (0x00009afd) c.andi  a3, -1
core   0: 3 0x8000b45c (0x9afd) x13 0x00000000
core   0: 0x8000b45e (0x0059da63) bge     s3, t0, pc + 20
core   0: 3 0x8000b45e (0x0059da63)
core   0: 0x8000b462 (0x40b9ddb3) sra     s11, s3, a1
core   0: 3 0x8000b462 (0x40b9ddb3) x27 0xffd0980d
core   0: 0x8000b466 (0x01321463) bne     tp, s3, pc + 8
core   0: 3 0x8000b466 (0x01321463)
core   0: 0x8000b46e (0x73900813) li      a6, 1849
core   0: 3 0x8000b46e (0x73900813) x16 0x00000739
core   0: 0x8000b472 (0x00dbee63) bltu    s7, a3, pc + 28
core   0: 3 0x8000b472 (0x00dbee63)
core   0: 0x8000b476 (0x010fe9b3) or      s3, t6, a6
core   0: 3 0x8000b476 (0x010fe9b3) x19 0x00000739
core   0: 0x8000b47a (0x01301f13) slli    t5, zero, 19
core   0: 3 0x8000b47a (0x01301f13) x30 0x00000000
core   0: 0x8000b47e (0xd8547193) andi    gp, s0, -635
core   0: 3 0x8000b47e (0xd8547193) x 3 0x357ebd85
core   0: 0x8000b482 (0x03097163) bgeu    s2, a6, pc + 34
core   0: 3 0x8000b482 (0x03097163)
core   0: 0x8000b4a4 (0x01009eb3) sll     t4, ra, a6
core   0: 3 0x8000b4a4 (0x01009eb3) x29 0x76000000
core   0: 0x8000b4a8 (0x000081d9) c.srli  a1, 22
core   0: 3 0x8000b4a8 (0x81d9) x11 0x00000000
core   0: 0x8000b4aa (0x8f075a97) auipc   s5, 0x8f075
core   0: 3 0x8000b4aa (0x8f075a97) x21 0x0f0804aa
core   0: 0x8000b4ae (0x0000c495) c.beqz  s1, pc + 44
core   0: 3 0x8000b4ae (0xc495)
core   0: 0x8000b4b0 (0x00000691) c.addi  a3, 4
core   0: 3 0x8000b4b0 (0x0691) x13 0x00000004
core   0: 0x8000b4b2 (0x03e0a433) mulhsu  s0, ra, t5
core   0: 3 0x8000b4b2 (0x03e0a433) x 8 0x00000000
core   0: 0x8000b4b6 (0x00008c71) c.and   s0, a2
core   0: 3 0x8000b4b6 (0x8c71) x 8 0x00000000
core   0: 0x8000b4b8 (0x000082c1) c.srli  a3, 16
core   0: 3 0x8000b4b8 (0x82c1) x13 0x00000000
core   0: 0x8000b4ba (0x0130f9b3) and     s3, ra, s3
core   0: 3 0x8000b4ba (0x0130f9b3) x19 0x00000639
core   0: 0x8000b4be (0x0000650d) c.lui   a0, 0x3
core   0: 3 0x8000b4be (0x650d) x10 0x00003000
core   0: 0x8000b4c0 (0xec44a513) slti    a0, s1, -316
core   0: 3 0x8000b4c0 (0xec44a513) x10 0x00000000
core   0: 0x8000b4c4 (0x01e9bf33) sltu    t5, s3, t5
core   0: 3 0x8000b4c4 (0x01e9bf33) x30 0x00000000
core   0: 0x8000b4c8 (0x0038ec33) or      s8, a7, gp
core   0: 3 0x8000b4c8 (0x0038ec33) x24 0x357efdcd
core   0: 0x8000b4cc (0x001feeb3) or      t4, t6, ra
core   0: 3 0x8000b4cc (0x001feeb3) x29 0xfffffebb
core   0: 0x8000b4d0 (0x00229313) slli    t1, t0, 2
core   0: 3 0x8000b4d0 (0x00229313) x 6 0x00000000
core   0: 0x8000b4d4 (0x00008ddd) c.or    a1, a5
core   0: 3 0x8000b4d4 (0x8ddd) x11 0x3403144e
core   0: 0x8000b4d6 (0x000086ed) c.srai  a3, 27
core   0: 3 0x8000b4d6 (0x86ed) x13 0x00000000
core   0: 0x8000b4d8 (0x00000001) c.nop
core   0: 3 0x8000b4d8 (0x0001)
core   0: 0x8000b4da (0x000004ae) c.slli  s1, 11
core   0: 3 0x8000b4da (0x04ae) x 9 0x00000800
core   0: 0x8000b4dc (0x00100713) li      a4, 1
core   0: 3 0x8000b4dc (0x00100713) x14 0x00000001
core   0: 0x8000b4e0 (0x00001cfd) c.addi  s9, -1
core   0: 3 0x8000b4e0 (0x1cfd) x25 0x00000000
core   0: 0x8000b4e2 (0x01400993) li      s3, 20
core   0: 3 0x8000b4e2 (0x01400993) x19 0x00000014
core   0: 0x8000b4e6 (0x0000717d) c.addi16sp sp, -16
core   0: 3 0x8000b4e6 (0x717d) x 2 0x00000154
core   0: 0x8000b4e8 (0x03f141b3) div     gp, sp, t6
core   0: 3 0x8000b4e8 (0x03f141b3) x 3 0xffffffff
core   0: 0x8000b4ec (0x11086ab7) lui     s5, 0x11086
core   0: 3 0x8000b4ec (0x11086ab7) x21 0x11086000
core   0: 0x8000b4f0 (0x00000725) c.addi  a4, 9
core   0: 3 0x8000b4f0 (0x0725) x14 0x0000000a
core   0: 0x8000b4f2 (0x00000001) c.nop
core   0: 3 0x8000b4f2 (0x0001)
core   0: 0x8000b4f4 (0x016f1b33) sll     s6, t5, s6
core   0: 3 0x8000b4f4 (0x016f1b33) x22 0x00000000
core   0: 0x8000b4f8 (0x00700593) li      a1, 7
core   0: 3 0x8000b4f8 (0x00700593) x11 0x00000007
core   0: 0x8000b4fc (0xd1fa9517) auipc   a0, 0xd1fa9
core   0: 3 0x8000b4fc (0xd1fa9517) x10 0x51fb44fc
core   0: 0x8000b500 (0x00c00293) li      t0, 12
core   0: 3 0x8000b500 (0x00c00293) x 5 0x0000000c
core   0: 0x8000b504 (0x0201fdb3) remu    s11, gp, zero
core   0: 3 0x8000b504 (0x0201fdb3) x27 0xffffffff
core   0: 0x8000b508 (0x000086e1) c.srai  a3, 24
core   0: 3 0x8000b508 (0x86e1) x13 0x00000000
core   0: 0x8000b50a (0x030717b3) mulh    a5, a4, a6
core   0: 3 0x8000b50a (0x030717b3) x15 0x00000000
core   0: 0x8000b50e (0x00000001) c.nop
core   0: 3 0x8000b50e (0x0001)
core   0: 0x8000b510 (0x0000100f) fence.i
core   0: 3 0x8000b510 (0x0000100f)
core   0: 0x8000b514 (0x02f7cd33) div     s10, a5, a5
core   0: 3 0x8000b514 (0x02f7cd33) x26 0xffffffff
core   0: 0x8000b518 (0xaba5fa93) andi    s5, a1, -1350
core   0: 3 0x8000b518 (0xaba5fa93) x21 0x00000002
core   0: 0x8000b51c (0x00000589) c.addi  a1, 2
core   0: 3 0x8000b51c (0x0589) x11 0x00000009
core   0: 0x8000b51e (0x02d757b3) divu    a5, a4, a3
core   0: 3 0x8000b51e (0x02d757b3) x15 0xffffffff
core   0: 0x8000b522 (0x03e821b3) mulhsu  gp, a6, t5
core   0: 3 0x8000b522 (0x03e821b3) x 3 0x00000000
core   0: 0x8000b526 (0xfe55c2e3) blt     a1, t0, pc - 28
core   0: 3 0x8000b526 (0xfe55c2e3)
core   0: 0x8000b50a (0x030717b3) mulh    a5, a4, a6
core   0: 3 0x8000b50a (0x030717b3) x15 0x00000000
core   0: 0x8000b50e (0x00000001) c.nop
core   0: 3 0x8000b50e (0x0001)
core   0: 0x8000b510 (0x0000100f) fence.i
core   0: 3 0x8000b510 (0x0000100f)
core   0: 0x8000b514 (0x02f7cd33) div     s10, a5, a5
core   0: 3 0x8000b514 (0x02f7cd33) x26 0xffffffff
core   0: 0x8000b518 (0xaba5fa93) andi    s5, a1, -1350
core   0: 3 0x8000b518 (0xaba5fa93) x21 0x00000008
core   0: 0x8000b51c (0x00000589) c.addi  a1, 2
core   0: 3 0x8000b51c (0x0589) x11 0x0000000b
core   0: 0x8000b51e (0x02d757b3) divu    a5, a4, a3
core   0: 3 0x8000b51e (0x02d757b3) x15 0xffffffff
core   0: 0x8000b522 (0x03e821b3) mulhsu  gp, a6, t5
core   0: 3 0x8000b522 (0x03e821b3) x 3 0x00000000
core   0: 0x8000b526 (0xfe55c2e3) blt     a1, t0, pc - 28
core   0: 3 0x8000b526 (0xfe55c2e3)
core   0: 0x8000b50a (0x030717b3) mulh    a5, a4, a6
core   0: 3 0x8000b50a (0x030717b3) x15 0x00000000
core   0: 0x8000b50e (0x00000001) c.nop
core   0: 3 0x8000b50e (0x0001)
core   0: 0x8000b510 (0x0000100f) fence.i
core   0: 3 0x8000b510 (0x0000100f)
core   0: 0x8000b514 (0x02f7cd33) div     s10, a5, a5
core   0: 3 0x8000b514 (0x02f7cd33) x26 0xffffffff
core   0: 0x8000b518 (0xaba5fa93) andi    s5, a1, -1350
core   0: 3 0x8000b518 (0xaba5fa93) x21 0x0000000a
core   0: 0x8000b51c (0x00000589) c.addi  a1, 2
core   0: 3 0x8000b51c (0x0589) x11 0x0000000d
core   0: 0x8000b51e (0x02d757b3) divu    a5, a4, a3
core   0: 3 0x8000b51e (0x02d757b3) x15 0xffffffff
core   0: 0x8000b522 (0x03e821b3) mulhsu  gp, a6, t5
core   0: 3 0x8000b522 (0x03e821b3) x 3 0x00000000
core   0: 0x8000b526 (0xfe55c2e3) blt     a1, t0, pc - 28
core   0: 3 0x8000b526 (0xfe55c2e3)
core   0: 0x8000b52a (0xfb374fe3) blt     a4, s3, pc - 66
core   0: 3 0x8000b52a (0xfb374fe3)
core   0: 0x8000b4e8 (0x03f141b3) div     gp, sp, t6
core   0: 3 0x8000b4e8 (0x03f141b3) x 3 0xffffffff
core   0: 0x8000b4ec (0x11086ab7) lui     s5, 0x11086
core   0: 3 0x8000b4ec (0x11086ab7) x21 0x11086000
core   0: 0x8000b4f0 (0x00000725) c.addi  a4, 9
core   0: 3 0x8000b4f0 (0x0725) x14 0x00000013
core   0: 0x8000b4f2 (0x00000001) c.nop
core   0: 3 0x8000b4f2 (0x0001)
core   0: 0x8000b4f4 (0x016f1b33) sll     s6, t5, s6
core   0: 3 0x8000b4f4 (0x016f1b33) x22 0x00000000
core   0: 0x8000b4f8 (0x00700593) li      a1, 7
core   0: 3 0x8000b4f8 (0x00700593) x11 0x00000007
core   0: 0x8000b4fc (0xd1fa9517) auipc   a0, 0xd1fa9
core   0: 3 0x8000b4fc (0xd1fa9517) x10 0x51fb44fc
core   0: 0x8000b500 (0x00c00293) li      t0, 12
core   0: 3 0x8000b500 (0x00c00293) x 5 0x0000000c
core   0: 0x8000b504 (0x0201fdb3) remu    s11, gp, zero
core   0: 3 0x8000b504 (0x0201fdb3) x27 0xffffffff
core   0: 0x8000b508 (0x000086e1) c.srai  a3, 24
core   0: 3 0x8000b508 (0x86e1) x13 0x00000000
core   0: 0x8000b50a (0x030717b3) mulh    a5, a4, a6
core   0: 3 0x8000b50a (0x030717b3) x15 0x00000000
core   0: 0x8000b50e (0x00000001) c.nop
core   0: 3 0x8000b50e (0x0001)
core   0: 0x8000b510 (0x0000100f) fence.i
core   0: 3 0x8000b510 (0x0000100f)
core   0: 0x8000b514 (0x02f7cd33) div     s10, a5, a5
core   0: 3 0x8000b514 (0x02f7cd33) x26 0xffffffff
core   0: 0x8000b518 (0xaba5fa93) andi    s5, a1, -1350
core   0: 3 0x8000b518 (0xaba5fa93) x21 0x00000002
core   0: 0x8000b51c (0x00000589) c.addi  a1, 2
core   0: 3 0x8000b51c (0x0589) x11 0x00000009
core   0: 0x8000b51e (0x02d757b3) divu    a5, a4, a3
core   0: 3 0x8000b51e (0x02d757b3) x15 0xffffffff
core   0: 0x8000b522 (0x03e821b3) mulhsu  gp, a6, t5
core   0: 3 0x8000b522 (0x03e821b3) x 3 0x00000000
core   0: 0x8000b526 (0xfe55c2e3) blt     a1, t0, pc - 28
core   0: 3 0x8000b526 (0xfe55c2e3)
core   0: 0x8000b50a (0x030717b3) mulh    a5, a4, a6
core   0: 3 0x8000b50a (0x030717b3) x15 0x00000000
core   0: 0x8000b50e (0x00000001) c.nop
core   0: 3 0x8000b50e (0x0001)
core   0: 0x8000b510 (0x0000100f) fence.i
core   0: 3 0x8000b510 (0x0000100f)
core   0: 0x8000b514 (0x02f7cd33) div     s10, a5, a5
core   0: 3 0x8000b514 (0x02f7cd33) x26 0xffffffff
core   0: 0x8000b518 (0xaba5fa93) andi    s5, a1, -1350
core   0: 3 0x8000b518 (0xaba5fa93) x21 0x00000008
core   0: 0x8000b51c (0x00000589) c.addi  a1, 2
core   0: 3 0x8000b51c (0x0589) x11 0x0000000b
core   0: 0x8000b51e (0x02d757b3) divu    a5, a4, a3
core   0: 3 0x8000b51e (0x02d757b3) x15 0xffffffff
core   0: 0x8000b522 (0x03e821b3) mulhsu  gp, a6, t5
core   0: 3 0x8000b522 (0x03e821b3) x 3 0x00000000
core   0: 0x8000b526 (0xfe55c2e3) blt     a1, t0, pc - 28
core   0: 3 0x8000b526 (0xfe55c2e3)
core   0: 0x8000b50a (0x030717b3) mulh    a5, a4, a6
core   0: 3 0x8000b50a (0x030717b3) x15 0x00000000
core   0: 0x8000b50e (0x00000001) c.nop
core   0: 3 0x8000b50e (0x0001)
core   0: 0x8000b510 (0x0000100f) fence.i
core   0: 3 0x8000b510 (0x0000100f)
core   0: 0x8000b514 (0x02f7cd33) div     s10, a5, a5
core   0: 3 0x8000b514 (0x02f7cd33) x26 0xffffffff
core   0: 0x8000b518 (0xaba5fa93) andi    s5, a1, -1350
core   0: 3 0x8000b518 (0xaba5fa93) x21 0x0000000a
core   0: 0x8000b51c (0x00000589) c.addi  a1, 2
core   0: 3 0x8000b51c (0x0589) x11 0x0000000d
core   0: 0x8000b51e (0x02d757b3) divu    a5, a4, a3
core   0: 3 0x8000b51e (0x02d757b3) x15 0xffffffff
core   0: 0x8000b522 (0x03e821b3) mulhsu  gp, a6, t5
core   0: 3 0x8000b522 (0x03e821b3) x 3 0x00000000
core   0: 0x8000b526 (0xfe55c2e3) blt     a1, t0, pc - 28
core   0: 3 0x8000b526 (0xfe55c2e3)
core   0: 0x8000b52a (0xfb374fe3) blt     a4, s3, pc - 66
core   0: 3 0x8000b52a (0xfb374fe3)
core   0: 0x8000b4e8 (0x03f141b3) div     gp, sp, t6
core   0: 3 0x8000b4e8 (0x03f141b3) x 3 0xffffffff
core   0: 0x8000b4ec (0x11086ab7) lui     s5, 0x11086
core   0: 3 0x8000b4ec (0x11086ab7) x21 0x11086000
core   0: 0x8000b4f0 (0x00000725) c.addi  a4, 9
core   0: 3 0x8000b4f0 (0x0725) x14 0x0000001c
core   0: 0x8000b4f2 (0x00000001) c.nop
core   0: 3 0x8000b4f2 (0x0001)
core   0: 0x8000b4f4 (0x016f1b33) sll     s6, t5, s6
core   0: 3 0x8000b4f4 (0x016f1b33) x22 0x00000000
core   0: 0x8000b4f8 (0x00700593) li      a1, 7
core   0: 3 0x8000b4f8 (0x00700593) x11 0x00000007
core   0: 0x8000b4fc (0xd1fa9517) auipc   a0, 0xd1fa9
core   0: 3 0x8000b4fc (0xd1fa9517) x10 0x51fb44fc
core   0: 0x8000b500 (0x00c00293) li      t0, 12
core   0: 3 0x8000b500 (0x00c00293) x 5 0x0000000c
core   0: 0x8000b504 (0x0201fdb3) remu    s11, gp, zero
core   0: 3 0x8000b504 (0x0201fdb3) x27 0xffffffff
core   0: 0x8000b508 (0x000086e1) c.srai  a3, 24
core   0: 3 0x8000b508 (0x86e1) x13 0x00000000
core   0: 0x8000b50a (0x030717b3) mulh    a5, a4, a6
core   0: 3 0x8000b50a (0x030717b3) x15 0x00000000
core   0: 0x8000b50e (0x00000001) c.nop
core   0: 3 0x8000b50e (0x0001)
core   0: 0x8000b510 (0x0000100f) fence.i
core   0: 3 0x8000b510 (0x0000100f)
core   0: 0x8000b514 (0x02f7cd33) div     s10, a5, a5
core   0: 3 0x8000b514 (0x02f7cd33) x26 0xffffffff
core   0: 0x8000b518 (0xaba5fa93) andi    s5, a1, -1350
core   0: 3 0x8000b518 (0xaba5fa93) x21 0x00000002
core   0: 0x8000b51c (0x00000589) c.addi  a1, 2
core   0: 3 0x8000b51c (0x0589) x11 0x00000009
core   0: 0x8000b51e (0x02d757b3) divu    a5, a4, a3
core   0: 3 0x8000b51e (0x02d757b3) x15 0xffffffff
core   0: 0x8000b522 (0x03e821b3) mulhsu  gp, a6, t5
core   0: 3 0x8000b522 (0x03e821b3) x 3 0x00000000
core   0: 0x8000b526 (0xfe55c2e3) blt     a1, t0, pc - 28
core   0: 3 0x8000b526 (0xfe55c2e3)
core   0: 0x8000b50a (0x030717b3) mulh    a5, a4, a6
core   0: 3 0x8000b50a (0x030717b3) x15 0x00000000
core   0: 0x8000b50e (0x00000001) c.nop
core   0: 3 0x8000b50e (0x0001)
core   0: 0x8000b510 (0x0000100f) fence.i
core   0: 3 0x8000b510 (0x0000100f)
core   0: 0x8000b514 (0x02f7cd33) div     s10, a5, a5
core   0: 3 0x8000b514 (0x02f7cd33) x26 0xffffffff
core   0: 0x8000b518 (0xaba5fa93) andi    s5, a1, -1350
core   0: 3 0x8000b518 (0xaba5fa93) x21 0x00000008
core   0: 0x8000b51c (0x00000589) c.addi  a1, 2
core   0: 3 0x8000b51c (0x0589) x11 0x0000000b
core   0: 0x8000b51e (0x02d757b3) divu    a5, a4, a3
core   0: 3 0x8000b51e (0x02d757b3) x15 0xffffffff
core   0: 0x8000b522 (0x03e821b3) mulhsu  gp, a6, t5
core   0: 3 0x8000b522 (0x03e821b3) x 3 0x00000000
core   0: 0x8000b526 (0xfe55c2e3) blt     a1, t0, pc - 28
core   0: 3 0x8000b526 (0xfe55c2e3)
core   0: 0x8000b50a (0x030717b3) mulh    a5, a4, a6
core   0: 3 0x8000b50a (0x030717b3) x15 0x00000000
core   0: 0x8000b50e (0x00000001) c.nop
core   0: 3 0x8000b50e (0x0001)
core   0: 0x8000b510 (0x0000100f) fence.i
core   0: 3 0x8000b510 (0x0000100f)
core   0: 0x8000b514 (0x02f7cd33) div     s10, a5, a5
core   0: 3 0x8000b514 (0x02f7cd33) x26 0xffffffff
core   0: 0x8000b518 (0xaba5fa93) andi    s5, a1, -1350
core   0: 3 0x8000b518 (0xaba5fa93) x21 0x0000000a
core   0: 0x8000b51c (0x00000589) c.addi  a1, 2
core   0: 3 0x8000b51c (0x0589) x11 0x0000000d
core   0: 0x8000b51e (0x02d757b3) divu    a5, a4, a3
core   0: 3 0x8000b51e (0x02d757b3) x15 0xffffffff
core   0: 0x8000b522 (0x03e821b3) mulhsu  gp, a6, t5
core   0: 3 0x8000b522 (0x03e821b3) x 3 0x00000000
core   0: 0x8000b526 (0xfe55c2e3) blt     a1, t0, pc - 28
core   0: 3 0x8000b526 (0xfe55c2e3)
core   0: 0x8000b52a (0xfb374fe3) blt     a4, s3, pc - 66
core   0: 3 0x8000b52a (0xfb374fe3)
core   0: 0x8000b52e (0x00000001) c.nop
core   0: 3 0x8000b52e (0x0001)
core   0: 0x8000b530 (0x006954b3) srl     s1, s2, t1
core   0: 3 0x8000b530 (0x006954b3) x 9 0xff62f465
core   0: 0x8000b534 (0x00006155) c.addi16sp sp, 304
core   0: 3 0x8000b534 (0x6155) x 2 0x00000284
core   0: 0x8000b536 (0x0145a233) slt     tp, a1, s4
core   0: 3 0x8000b536 (0x0145a233) x 4 0x00000000
core   0: 0x8000b53a (0x00000d1e) c.slli  s10, 7
core   0: 3 0x8000b53a (0x0d1e) x26 0xffffff80
core   0: 0x8000b53c (0x00008b1e) c.mv    s6, t2
core   0: 3 0x8000b53c (0x8b1e) x22 0xfffffa58
core   0: 0x8000b53e (0x007e31b3) sltu    gp, t3, t2
core   0: 3 0x8000b53e (0x007e31b3) x 3 0x00000001
core   0: 0x8000b542 (0x258fa593) slti    a1, t6, 600
core   0: 3 0x8000b542 (0x258fa593) x11 0x00000001
core   0: 0x8000b546 (0x01365663) bge     a2, s3, pc + 12
core   0: 3 0x8000b546 (0x01365663)
core   0: 0x8000b552 (0x9d3b3213) sltiu   tp, s6, -1581
core   0: 3 0x8000b552 (0x9d3b3213) x 4 0x00000000
core   0: 0x8000b556 (0x02ff3233) mulhu   tp, t5, a5
core   0: 3 0x8000b556 (0x02ff3233) x 4 0x00000000
core   0: 0x8000b55a (0xdd622ab7) lui     s5, 0xdd622
core   0: 3 0x8000b55a (0xdd622ab7) x21 0xdd622000
core   0: 0x8000b55e (0x00008dc9) c.or    a1, a0
core   0: 3 0x8000b55e (0x8dc9) x11 0x51fb44fd
core   0: 0x8000b560 (0x6c931a97) auipc   s5, 0x6c931
core   0: 3 0x8000b560 (0x6c931a97) x21 0xec93c560
core   0: 0x8000b564 (0x01273633) sltu    a2, a4, s2
core   0: 3 0x8000b564 (0x01273633) x12 0x00000001
core   0: 0x8000b568 (0x02e30833) mul     a6, t1, a4
core   0: 3 0x8000b568 (0x02e30833) x16 0x00000000
core   0: 0x8000b56c (0x0039d913) srli    s2, s3, 3
core   0: 3 0x8000b56c (0x0039d913) x18 0x00000002
core   0: 0x8000b570 (0x051ed063) bge     t4, a7, pc + 64
core   0: 3 0x8000b570 (0x051ed063)
core   0: 0x8000b574 (0x4048dcb3) sra     s9, a7, tp
core   0: 3 0x8000b574 (0x4048dcb3) x25 0x0004d9c8
core   0: 0x8000b578 (0x00008b71) c.andi  a4, 28
core   0: 3 0x8000b578 (0x8b71) x14 0x0000001c
core   0: 0x8000b57a (0xb869a217) auipc   tp, 0xb869a
core   0: 3 0x8000b57a (0xb869a217) x 4 0x386a557a
core   0: 0x8000b57e (0x2151e493) ori     s1, gp, 533
core   0: 3 0x8000b57e (0x2151e493) x 9 0x00000215
core   0: 0x8000b582 (0x41f6d933) sra     s2, a3, t6
core   0: 3 0x8000b582 (0x41f6d933) x18 0x00000000
core   0: 0x8000b586 (0x0190e3b3) or      t2, ra, s9
core   0: 3 0x8000b586 (0x0190e3b3) x 7 0xfffffffb
core   0: 0x8000b58a (0x12a20693) addi    a3, tp, 298
core   0: 3 0x8000b58a (0x12a20693) x13 0x386a56a4
core   0: 0x8000b58e (0x027daab3) mulhsu  s5, s11, t2
core   0: 3 0x8000b58e (0x027daab3) x21 0xffffffff
core   0: 0x8000b592 (0x00293733) sltu    a4, s2, sp
core   0: 3 0x8000b592 (0x00293733) x14 0x00000001
core   0: 0x8000b596 (0x40b58333) sub     t1, a1, a1
core   0: 3 0x8000b596 (0x40b58333) x 6 0x00000000
core   0: 0x8000b59a (0x3aa92393) slti    t2, s2, 938
core   0: 3 0x8000b59a (0x3aa92393) x 7 0x00000001
core   0: 0x8000b59e (0x41fd0f33) sub     t5, s10, t6
core   0: 3 0x8000b59e (0x41fd0f33) x30 0xffffff80
core   0: 0x8000b5a2 (0x00008dc5) c.or    a1, s1
core   0: 3 0x8000b5a2 (0x8dc5) x11 0x51fb46fd
core   0: 0x8000b5a4 (0x031fd033) divu    zero, t6, a7
core   0: 3 0x8000b5a4 (0x031fd033)
core   0: 0x8000b5a8 (0x02d27833) remu    a6, tp, a3
core   0: 3 0x8000b5a8 (0x02d27833) x16 0x386a557a
core   0: 0x8000b5ac (0x032d6533) rem     a0, s10, s2
core   0: 3 0x8000b5ac (0x032d6533) x10 0xffffff80
core   0: 0x8000b5b0 (0x414fd833) sra     a6, t6, s4
core   0: 3 0x8000b5b0 (0x414fd833) x16 0x00000000
core   0: 0x8000b5b4 (0x00000001) c.nop
core   0: 3 0x8000b5b4 (0x0001)
core   0: 0x8000b5b6 (0x00008f2d) c.xor   a4, a1
core   0: 3 0x8000b5b6 (0x8f2d) x14 0x51fb46fc
core   0: 0x8000b5b8 (0x043e4263) blt     t3, gp, pc + 68
core   0: 3 0x8000b5b8 (0x043e4263)
core   0: 0x8000b5fc (0x019985b3) add     a1, s3, s9
core   0: 3 0x8000b5fc (0x019985b3) x11 0x0004d9dc
core   0: 0x8000b600 (0x0000c695) c.beqz  a3, pc + 44
core   0: 3 0x8000b600 (0xc695)
core   0: 0x8000b602 (0x00008c9d) c.sub   s1, a5
core   0: 3 0x8000b602 (0x8c9d) x 9 0x00000216
core   0: 0x8000b604 (0x01a3f533) and     a0, t2, s10
core   0: 3 0x8000b604 (0x01a3f533) x10 0x00000000
core   0: 0x8000b608 (0x0000100f) fence.i
core   0: 3 0x8000b608 (0x0000100f)
core   0: 0x8000b60c (0x0334f733) remu    a4, s1, s3
core   0: 3 0x8000b60c (0x0334f733) x14 0x0000000e
core   0: 0x8000b610 (0x01afc833) xor     a6, t6, s10
core   0: 3 0x8000b610 (0x01afc833) x16 0xffffff80
core   0: 0x8000b614 (0x00008c85) c.sub   s1, s1
core   0: 3 0x8000b614 (0x8c85) x 9 0x00000000
core   0: 0x8000b616 (0xd919e293) ori     t0, s3, -623
core   0: 3 0x8000b616 (0xd919e293) x 5 0xfffffd95
core   0: 0x8000b61a (0x02a128b3) mulhsu  a7, sp, a0
core   0: 3 0x8000b61a (0x02a128b3) x17 0x00000000
core   0: 0x8000b61e (0x0000e519) c.bnez  a0, pc + 14
core   0: 3 0x8000b61e (0xe519)
core   0: 0x8000b620 (0x000001c2) c.slli  gp, 16
core   0: 3 0x8000b620 (0x01c2) x 3 0x00010000
core   0: 0x8000b622 (0x0000801d) c.srli  s0, 7
core   0: 3 0x8000b622 (0x801d) x 8 0x00000000
core   0: 0x8000b624 (0x0ff0000f) fence   iorw,iorw
core   0: 3 0x8000b624 (0x0ff0000f)
core   0: 0x8000b628 (0x439a8317) auipc   t1, 0x439a8
core   0: 3 0x8000b628 (0x439a8317) x 6 0xc39b3628
core   0: 0x8000b62c (0x40610d33) sub     s10, sp, t1
core   0: 3 0x8000b62c (0x40610d33) x26 0x3c64cc5c
core   0: 0x8000b630 (0x0000e31d) c.bnez  a4, pc + 38
core   0: 3 0x8000b630 (0xe31d)
core   0: 0x8000b656 (0x00001014) c.addi4spn a3, sp, 32
core   0: 3 0x8000b656 (0x1014) x13 0x000002a4
core   0: 0x8000b658 (0x00b7c633) xor     a2, a5, a1
core   0: 3 0x8000b658 (0x00b7c633) x12 0xfffb2623
core   0: 0x8000b65c (0x00313433) sltu    s0, sp, gp
core   0: 3 0x8000b65c (0x00313433) x 8 0x00000001
core   0: 0x8000b660 (0x015e1393) slli    t2, t3, 21
core   0: 3 0x8000b660 (0x015e1393) x 7 0xbf800000
core   0: 0x8000b664 (0x011cb833) sltu    a6, s9, a7
core   0: 3 0x8000b664 (0x011cb833) x16 0x00000000
core   0: 0x8000b668 (0x013c5793) srli    a5, s8, 19
core   0: 3 0x8000b668 (0x013c5793) x15 0x000006af
core   0: 0x8000b66c (0x01078b63) beq     a5, a6, pc + 22
core   0: 3 0x8000b66c (0x01078b63)
core   0: 0x8000b670 (0x00cc70b3) and     ra, s8, a2
core   0: 3 0x8000b670 (0x00cc70b3) x 1 0x357a2401
core   0: 0x8000b674 (0x4123d013) srai    zero, t2, 18
core   0: 3 0x8000b674 (0x4123d013)
core   0: 0x8000b678 (0x00008f65) c.and   a4, s1
core   0: 3 0x8000b678 (0x8f65) x14 0x00000000
core   0: 0x8000b67a (0x02f557b3) divu    a5, a0, a5
core   0: 3 0x8000b67a (0x02f557b3) x15 0x00000000
core   0: 0x8000b67e (0xfada2a93) slti    s5, s4, -83
core   0: 3 0x8000b67e (0xfada2a93) x21 0x00000001
core   0: 0x8000b682 (0x00006d35) c.lui   s10, 0xd
core   0: 3 0x8000b682 (0x6d35) x26 0x0000d000
core   0: 0x8000b684 (0x0ff0000f) fence   iorw,iorw
core   0: 3 0x8000b684 (0x0ff0000f)
core   0: 0x8000b688 (0x9c08e337) lui     t1, 0x9c08e
core   0: 3 0x8000b688 (0x9c08e337) x 6 0x9c08e000
core   0: 0x8000b68c (0x0000097e) c.slli  s2, 31
core   0: 3 0x8000b68c (0x097e) x18 0x00000000
core   0: 0x8000b68e (0x19236c93) ori     s9, t1, 402
core   0: 3 0x8000b68e (0x19236c93) x25 0x9c08e192
core   0: 0x8000b692 (0xf3d51437) lui     s0, 0xf3d51
core   0: 3 0x8000b692 (0xf3d51437) x 8 0xf3d51000
core   0: 0x8000b696 (0x41f45ab3) sra     s5, s0, t6
core   0: 3 0x8000b696 (0x41f45ab3) x21 0xf3d51000
core   0: 0x8000b69a (0x03fb8763) beq     s7, t6, pc + 46
core   0: 3 0x8000b69a (0x03fb8763)
core   0: 0x8000b69e (0x01ba8d33) add     s10, s5, s11
core   0: 3 0x8000b69e (0x01ba8d33) x26 0xf3d50fff
core   0: 0x8000b6a2 (0x029c0b33) mul     s6, s8, s1
core   0: 3 0x8000b6a2 (0x029c0b33) x22 0x00000000
core   0: 0x8000b6a6 (0x00000001) c.nop
core   0: 3 0x8000b6a6 (0x0001)
core   0: 0x8000b6a8 (0x00006ff1) c.lui   t6, 0x1c
core   0: 3 0x8000b6a8 (0x6ff1) x31 0x0001c000
core   0: 0x8000b6aa (0x00008325) c.srli  a4, 9
core   0: 3 0x8000b6aa (0x8325) x14 0x00000000
core   0: 0x8000b6ac (0x0000c40d) c.beqz  s0, pc + 42
core   0: 3 0x8000b6ac (0xc40d)
core   0: 0x8000b6ae (0x01cd2033) slt     zero, s10, t3
core   0: 3 0x8000b6ae (0x01cd2033)
core   0: 0x8000b6b2 (0x14348b37) lui     s6, 0x14348
core   0: 3 0x8000b6b2 (0x14348b37) x22 0x14348000
core   0: 0x8000b6b6 (0x00006fc5) c.lui   t6, 0x11
core   0: 3 0x8000b6b6 (0x6fc5) x31 0x00011000
core   0: 0x8000b6b8 (0x0000100f) fence.i
core   0: 3 0x8000b6b8 (0x0000100f)
core   0: 0x8000b6bc (0x0328d863) bge     a7, s2, pc + 48
core   0: 3 0x8000b6bc (0x0328d863)
core   0: 0x8000b6ec (0x00000594) c.addi4spn a3, sp, 704
core   0: 3 0x8000b6ec (0x0594) x13 0x00000544
core   0: 0x8000b6ee (0x02cd8563) beq     s11, a2, pc + 42
core   0: 3 0x8000b6ee (0x02cd8563)
core   0: 0x8000b6f2 (0x5a858d13) addi    s10, a1, 1448
core   0: 3 0x8000b6f2 (0x5a858d13) x26 0x0004df84
core   0: 0x8000b6f6 (0x029a7863) bgeu    s4, s1, pc + 48
core   0: 3 0x8000b6f6 (0x029a7863)
core   0: 0x8000b726 (0x00000001) c.nop
core   0: 3 0x8000b726 (0x0001)
core   0: 0x8000b728 (0x0299c763) blt     s3, s1, pc + 46
core   0: 3 0x8000b728 (0x0299c763)
core   0: 0x8000b72c (0x05e05163) bge     zero, t5, pc + 66
core   0: 3 0x8000b72c (0x05e05163)
core   0: 0x8000b76e (0x00008d11) c.sub   a0, a2
core   0: 3 0x8000b76e (0x8d11) x10 0x0004d9dd
core   0: 0x8000b770 (0x00265f33) srl     t5, a2, sp
core   0: 3 0x8000b770 (0x00265f33) x30 0x0fffb262
core   0: 0x8000b774 (0x037f8633) mul     a2, t6, s7
core   0: 3 0x8000b774 (0x037f8633) x12 0x93b24000
core   0: 0x8000b778 (0x00008385) c.srli  a5, 1
core   0: 3 0x8000b778 (0x8385) x15 0x00000000
core   0: 0x8000b77a (0x00008811) c.andi  s0, 4
core   0: 3 0x8000b77a (0x8811) x 8 0x00000000
core   0: 0x8000b77c (0x0000eb91) c.bnez  a5, pc + 20
core   0: 3 0x8000b77c (0xeb91)
core   0: 0x8000b77e (0x001228b3) slt     a7, tp, ra
core   0: 3 0x8000b77e (0x001228b3) x17 0x00000000
core   0: 0x8000b782 (0x03611533) mulh    a0, sp, s6
core   0: 3 0x8000b782 (0x03611533) x10 0x00000032
core   0: 0x8000b786 (0x4e0a8113) addi    sp, s5, 1248
core   0: 3 0x8000b786 (0x4e0a8113) x 2 0xf3d514e0
core   0: 0x8000b78a (0x02df8833) mul     a6, t6, a3
core   0: 3 0x8000b78a (0x02df8833) x16 0x05984000
core   0: 0x8000b78e (0x0000009e) c.slli  ra, 7
core   0: 3 0x8000b78e (0x009e) x 1 0xbd120080
core   0: 0x8000b790 (0x00eab633) sltu    a2, s5, a4
core   0: 3 0x8000b790 (0x00eab633) x12 0x00000000
core   0: 0x8000b794 (0x023243b3) div     t2, tp, gp
core   0: 3 0x8000b794 (0x023243b3) x 7 0x0000386a
core   0: 0x8000b798 (0x083cb713) sltiu   a4, s9, 131
core   0: 3 0x8000b798 (0x083cb713) x14 0x00000000
core   0: 0x8000b79c (0x028f1b33) mulh    s6, t5, s0
core   0: 3 0x8000b79c (0x028f1b33) x22 0x00000000
core   0: 0x8000b7a0 (0x03067663) bgeu    a2, a6, pc + 44
core   0: 3 0x8000b7a0 (0x03067663)
core   0: 0x8000b7a4 (0x00008cfd) c.and   s1, a5
core   0: 3 0x8000b7a4 (0x8cfd) x 9 0x00000000
core   0: 0x8000b7a6 (0x00008fa9) c.xor   a5, a0
core   0: 3 0x8000b7a6 (0x8fa9) x15 0x00000032
core   0: 0x8000b7a8 (0x03150a63) beq     a0, a7, pc + 52
core   0: 3 0x8000b7a8 (0x03150a63)
core   0: 0x8000b7ac (0x018d9d13) slli    s10, s11, 24
core   0: 3 0x8000b7ac (0x018d9d13) x26 0xff000000
core   0: 0x8000b7b0 (0x0099b3b3) sltu    t2, s3, s1
core   0: 3 0x8000b7b0 (0x0099b3b3) x 7 0x00000000
core   0: 0x8000b7b4 (0x01565763) bge     a2, s5, pc + 14
core   0: 3 0x8000b7b4 (0x01565763)
core   0: 0x8000b7c2 (0x02354863) blt     a0, gp, pc + 48
core   0: 3 0x8000b7c2 (0x02354863)
core   0: 0x8000b7f2 (0x039b45b3) div     a1, s6, s9
core   0: 3 0x8000b7f2 (0x039b45b3) x11 0x00000000
core   0: 0x8000b7f6 (0x00008de5) c.and   a1, s1
core   0: 3 0x8000b7f6 (0x8de5) x11 0x00000000
core   0: 0x8000b7f8 (0x00000001) c.nop
core   0: 3 0x8000b7f8 (0x0001)
core   0: 0x8000b7fa (0x012fc963) blt     t6, s2, pc + 18
core   0: 3 0x8000b7fa (0x012fc963)
core   0: 0x8000b7fe (0x41a55f33) sra     t5, a0, s10
core   0: 3 0x8000b7fe (0x41a55f33) x30 0x00000032
core   0: 0x8000b802 (0x01736c63) bltu    t1, s7, pc + 24
core   0: 3 0x8000b802 (0x01736c63)
core   0: 0x8000b806 (0x02579cb3) mulh    s9, a5, t0
core   0: 3 0x8000b806 (0x02579cb3) x25 0xffffffff
core   0: 0x8000b80a (0x00000001) c.nop
core   0: 3 0x8000b80a (0x0001)
core   0: 0x8000b80c (0x40d758b3) sra     a7, a4, a3
core   0: 3 0x8000b80c (0x40d758b3) x17 0x00000000
core   0: 0x8000b810 (0x03d8d4b3) divu    s1, a7, t4
core   0: 3 0x8000b810 (0x03d8d4b3) x 9 0x00000000
core   0: 0x8000b814 (0x000005ae) c.slli  a1, 11
core   0: 3 0x8000b814 (0x05ae) x11 0x00000000
core   0: 0x8000b816 (0x03c624b3) mulhsu  s1, a2, t3
core   0: 3 0x8000b816 (0x03c624b3) x 9 0x00000000
core   0: 0x8000b81a (0x185fd717) auipc   a4, 0x185fd
core   0: 3 0x8000b81a (0x185fd717) x14 0x9860881a
core   0: 0x8000b81e (0x02dcf933) remu    s2, s9, a3
core   0: 3 0x8000b81e (0x02dcf933) x18 0x000002bb
core   0: 0x8000b822 (0x0479f163) bgeu    s3, t2, pc + 66
core   0: 3 0x8000b822 (0x0479f163)
core   0: 0x8000b864 (0x40a95ab3) sra     s5, s2, a0
core   0: 3 0x8000b864 (0x40a95ab3) x21 0x00000000
core   0: 0x8000b868 (0x004f89b3) add     s3, t6, tp
core   0: 3 0x8000b868 (0x004f89b3) x19 0x386b657a
core   0: 0x8000b86c (0x00009316) c.add   t1, t0
core   0: 3 0x8000b86c (0x9316) x 6 0x9c08dd95
core   0: 0x8000b86e (0x007d0a63) beq     s10, t2, pc + 20
core   0: 3 0x8000b86e (0x007d0a63)
core   0: 0x8000b872 (0x41c6dd13) srai    s10, a3, 28
core   0: 3 0x8000b872 (0x41c6dd13) x26 0x00000000
core   0: 0x8000b876 (0x00008c99) c.sub   s1, a4
core   0: 3 0x8000b876 (0x8c99) x 9 0x679f77e6
core   0: 0x8000b878 (0x0000965e) c.add   a2, s7
core   0: 3 0x8000b878 (0x965e) x12 0x80026ce4
core   0: 0x8000b87a (0x408c0133) sub     sp, s8, s0
core   0: 3 0x8000b87a (0x408c0133) x 2 0x357efdcd
core   0: 0x8000b87e (0x011fedb3) or      s11, t6, a7
core   0: 3 0x8000b87e (0x011fedb3) x27 0x00011000
core   0: 0x8000b882 (0x00008d09) c.sub   a0, a0
core   0: 3 0x8000b882 (0x8d09) x10 0x00000000
core   0: 0x8000b884 (0x00008489) c.srai  s1, 2
core   0: 3 0x8000b884 (0x8489) x 9 0x19e7ddf9
core   0: 0x8000b886 (0x00000572) c.slli  a0, 28
core   0: 3 0x8000b886 (0x0572) x10 0x00000000
core   0: 0x8000b888 (0x018e6763) bltu    t3, s8, pc + 14
core   0: 3 0x8000b888 (0x018e6763)
core   0: 0x8000b88c (0x00008d66) c.mv    s10, s9
core   0: 3 0x8000b88c (0x8d66) x26 0xffffffff
core   0: 0x8000b88e (0x0000ea85) c.bnez  a3, pc + 48
core   0: 3 0x8000b88e (0xea85)
core   0: 0x8000b8be (0x00000001) c.nop
core   0: 3 0x8000b8be (0x0001)
core   0: 0x8000b8c0 (0x00000001) c.nop
core   0: 3 0x8000b8c0 (0x0001)
core   0: 0x8000b8c2 (0x02e61eb3) mulh    t4, a2, a4
core   0: 3 0x8000b8c2 (0x02e61eb3) x29 0x33cec0a0
core   0: 0x8000b8c6 (0x03c10c33) mul     s8, sp, t3
core   0: 3 0x8000b8c6 (0x03c10c33) x24 0x7738decc
core   0: 0x8000b8ca (0x0000e099) c.bnez  s1, pc + 6
core   0: 3 0x8000b8ca (0xe099)
core   0: 0x8000b8d0 (0x00008271) c.srli  a2, 28
core   0: 3 0x8000b8d0 (0x8271) x12 0x00000008
core   0: 0x8000b8d2 (0x00000001) c.nop
core   0: 3 0x8000b8d2 (0x0001)
core   0: 0x8000b8d4 (0x00008e21) c.xor   a2, s0
core   0: 3 0x8000b8d4 (0x8e21) x12 0x00000008
core   0: 0x8000b8d6 (0x47814893) xori    a7, sp, 1144
core   0: 3 0x8000b8d6 (0x47814893) x17 0x357ef9b5
core   0: 0x8000b8da (0x0338ca63) blt     a7, s3, pc + 52
core   0: 3 0x8000b8da (0x0338ca63)
core   0: 0x8000b90e (0x02939263) bne     t2, s1, pc + 36
core   0: 3 0x8000b90e (0x02939263)
core   0: 0x8000b932 (0x02de2ab3) mulhsu  s5, t3, a3
core   0: 3 0x8000b932 (0x02de2ab3) x21 0xfffffd5e
core   0: 0x8000b936 (0x00008a6d) c.andi  a2, 27
core   0: 3 0x8000b936 (0x8a6d) x12 0x00000008
core   0: 0x8000b938 (0xc765ea93) ori     s5, a1, -906
core   0: 3 0x8000b938 (0xc765ea93) x21 0xfffffc76
core   0: 0x8000b93c (0x8af17793) andi    a5, sp, -1873
core   0: 3 0x8000b93c (0x8af17793) x15 0x357ef88d
core   0: 0x8000b940 (0x00008cf9) c.and   s1, a4
core   0: 3 0x8000b940 (0x8cf9) x 9 0x18608818
core   0: 0x8000b942 (0xaec6e013) ori     zero, a3, -1300
core   0: 3 0x8000b942 (0xaec6e013)
core   0: 0x8000b946 (0x027d5b33) divu    s6, s10, t2
core   0: 3 0x8000b946 (0x027d5b33) x22 0xffffffff
core   0: 0x8000b94a (0x00ee65b3) or      a1, t3, a4
core   0: 3 0x8000b94a (0x00ee65b3) x11 0x9862adfe
core   0: 0x8000b94e (0x4b882593) slti    a1, a6, 1208
core   0: 3 0x8000b94e (0x4b882593) x11 0x00000000
core   0: 0x8000b952 (0xb623b213) sltiu   tp, t2, -1182
core   0: 3 0x8000b952 (0xb623b213) x 4 0x00000001
core   0: 0x8000b956 (0x0000e905) c.bnez  a0, pc + 48
core   0: 3 0x8000b956 (0xe905)
core   0: 0x8000b958 (0x4d290b13) addi    s6, s2, 1234
core   0: 3 0x8000b958 (0x4d290b13) x22 0x0000078d
core   0: 0x8000b95c (0x002e2333) slt     t1, t3, sp
core   0: 3 0x8000b95c (0x002e2333) x 6 0x00000001
core   0: 0x8000b960 (0x010b5833) srl     a6, s6, a6
core   0: 3 0x8000b960 (0x010b5833) x16 0x0000078d
core   0: 0x8000b964 (0x026a9533) mulh    a0, s5, t1
core   0: 3 0x8000b964 (0x026a9533) x10 0xffffffff
core   0: 0x8000b968 (0x00203fb3) snez    t6, sp
core   0: 3 0x8000b968 (0x00203fb3) x31 0x00000001
core   0: 0x8000b96c (0x0000692d) c.lui   s2, 0xb
core   0: 3 0x8000b96c (0x692d) x18 0x0000b000
core   0: 0x8000b96e (0x0243d363) bge     t2, tp, pc + 38
core   0: 3 0x8000b96e (0x0243d363)
core   0: 0x8000b972 (0x02cc9463) bne     s9, a2, pc + 40
core   0: 3 0x8000b972 (0x02cc9463)
core   0: 0x8000b99a (0x0145fab3) and     s5, a1, s4
core   0: 3 0x8000b99a (0x0145fab3) x21 0x00000000
core   0: 0x8000b99e (0x0316c3b3) div     t2, a3, a7
core   0: 3 0x8000b99e (0x0316c3b3) x 7 0x00000000
core   0: 0x8000b9a2 (0x00008d29) c.xor   a0, a0
core   0: 3 0x8000b9a2 (0x8d29) x10 0x00000000
core   0: 0x8000b9a4 (0x03486733) rem     a4, a6, s4
core   0: 3 0x8000b9a4 (0x03486733) x14 0x0000078d
core   0: 0x8000b9a8 (0x00001004) c.addi4spn s1, sp, 32
core   0: 3 0x8000b9a8 (0x1004) x 9 0x357efded
core   0: 0x8000b9aa (0x00000672) c.slli  a2, 28
core   0: 3 0x8000b9aa (0x0672) x12 0x80000000
core   0: 0x8000b9ac (0x024dfc33) remu    s8, s11, tp
core   0: 3 0x8000b9ac (0x024dfc33) x24 0x00000000
core   0: 0x8000b9b0 (0x00afd663) bge     t6, a0, pc + 12
core   0: 3 0x8000b9b0 (0x00afd663)
core   0: 0x8000b9bc (0x0000c0d9) c.beqz  s1, pc + 134
core   0: 3 0x8000b9bc (0xc0d9)
core   0: 0x8000b9be (0x000049fd) c.li    s3, 31
core   0: 3 0x8000b9be (0x49fd) x19 0x0000001f
core   0: 0x8000b9c0 (0x01ee30b3) sltu    ra, t3, t5
core   0: 3 0x8000b9c0 (0x01ee30b3) x 1 0x00000000
core   0: 0x8000b9c4 (0x09cf7263) bgeu    t5, t3, pc + 132
core   0: 3 0x8000b9c4 (0x09cf7263)
core   0: 0x8000b9c8 (0x01562133) slt     sp, a2, s5
core   0: 3 0x8000b9c8 (0x01562133) x 2 0x00000001
core   0: 0x8000b9cc (0x00008d59) c.or    a0, a4
core   0: 3 0x8000b9cc (0x8d59) x10 0x0000078d
core   0: 0x8000b9ce (0x00200893) li      a7, 2
core   0: 3 0x8000b9ce (0x00200893) x17 0x00000002
core   0: 0x8000b9d2 (0x000002c2) c.slli  t0, 16
core   0: 3 0x8000b9d2 (0x02c2) x 5 0xfd950000
core   0: 0x8000b9d4 (0xffa00613) li      a2, -6
core   0: 3 0x8000b9d4 (0xffa00613) x12 0xfffffffa
core   0: 0x8000b9d8 (0xa9e74e97) auipc   t4, 0xa9e74
core   0: 3 0x8000b9d8 (0xa9e74e97) x29 0x29e7f9d8
core   0: 0x8000b9dc (0x0000829d) c.srli  a3, 7
core   0: 3 0x8000b9dc (0x829d) x13 0x0000000a
core   0: 0x8000b9de (0x41938ab3) sub     s5, t2, s9
core   0: 3 0x8000b9de (0x41938ab3) x21 0x00000001
core   0: 0x8000b9e2 (0x01869813) slli    a6, a3, 24
core   0: 3 0x8000b9e2 (0x01869813) x16 0x0a000000
core   0: 0x8000b9e6 (0x91494c13) xori    s8, s2, -1772
core   0: 3 0x8000b9e6 (0x91494c13) x24 0xffff4914
core   0: 0x8000b9ea (0x00006531) c.lui   a0, 0xc
core   0: 3 0x8000b9ea (0x6531) x10 0x0000c000
core   0: 0x8000b9ec (0x00008d49) c.or    a0, a0
core   0: 3 0x8000b9ec (0x8d49) x10 0x0000c000
core   0: 0x8000b9ee (0x00008f8d) c.sub   a5, a1
core   0: 3 0x8000b9ee (0x8f8d) x15 0x357ef88d
core   0: 0x8000b9f0 (0x000018e1) c.addi  a7, -8
core   0: 3 0x8000b9f0 (0x18e1) x17 0xfffffffa
core   0: 0x8000b9f2 (0x00200713) li      a4, 2
core   0: 3 0x8000b9f2 (0x00200713) x14 0x00000002
core   0: 0x8000b9f6 (0x03b7c933) div     s2, a5, s11
core   0: 3 0x8000b9f6 (0x03b7c933) x18 0x00003259
core   0: 0x8000b9fa (0x0000100f) fence.i
core   0: 3 0x8000b9fa (0x0000100f)
core   0: 0x8000b9fe (0x0019a9b3) slt     s3, s3, ra
core   0: 3 0x8000b9fe (0x0019a9b3) x19 0x00000000
core   0: 0x8000ba02 (0xeada3c13) sltiu   s8, s4, -339
core   0: 3 0x8000ba02 (0xeada3c13) x24 0x00000001
core   0: 0x8000ba06 (0x00008fb1) c.xor   a5, a2
core   0: 3 0x8000ba06 (0x8fb1) x15 0xca810777
core   0: 0x8000ba08 (0x00800f13) li      t5, 8
core   0: 3 0x8000ba08 (0x00800f13) x30 0x00000008
core   0: 0x8000ba0c (0x013613b3) sll     t2, a2, s3
core   0: 3 0x8000ba0c (0x013613b3) x 7 0xfffffffa
core   0: 0x8000ba10 (0x7368ec13) ori     s8, a7, 1846
core   0: 3 0x8000ba10 (0x7368ec13) x24 0xfffffffe
core   0: 0x8000ba14 (0x41b789b3) sub     s3, a5, s11
core   0: 3 0x8000ba14 (0x41b789b3) x19 0xca7ff777
core   0: 0x8000ba18 (0x00000729) c.addi  a4, 10
core   0: 3 0x8000ba18 (0x0729) x14 0x0000000c
core   0: 0x8000ba1a (0x03a820b3) mulhsu  ra, a6, s10
core   0: 3 0x8000ba1a (0x03a820b3) x 1 0x09ffffff
core   0: 0x8000ba1e (0x0000942a) c.add   s0, a0
core   0: 3 0x8000ba1e (0x942a) x 8 0x0000c000
core   0: 0x8000ba20 (0xffe768e3) bltu    a4, t5, pc - 16
core   0: 3 0x8000ba20 (0xffe768e3)
core   0: 0x8000ba24 (0xfcc884e3) beq     a7, a2, pc - 56
core   0: 3 0x8000ba24 (0xfcc884e3)
core   0: 0x8000b9ec (0x00008d49) c.or    a0, a0
core   0: 3 0x8000b9ec (0x8d49) x10 0x0000c000
core   0: 0x8000b9ee (0x00008f8d) c.sub   a5, a1
core   0: 3 0x8000b9ee (0x8f8d) x15 0xca810777
core   0: 0x8000b9f0 (0x000018e1) c.addi  a7, -8
core   0: 3 0x8000b9f0 (0x18e1) x17 0xfffffff2
core   0: 0x8000b9f2 (0x00200713) li      a4, 2
core   0: 3 0x8000b9f2 (0x00200713) x14 0x00000002
core   0: 0x8000b9f6 (0x03b7c933) div     s2, a5, s11
core   0: 3 0x8000b9f6 (0x03b7c933) x18 0xffffcda7
core   0: 0x8000b9fa (0x0000100f) fence.i
core   0: 3 0x8000b9fa (0x0000100f)
core   0: 0x8000b9fe (0x0019a9b3) slt     s3, s3, ra
core   0: 3 0x8000b9fe (0x0019a9b3) x19 0x00000001
core   0: 0x8000ba02 (0xeada3c13) sltiu   s8, s4, -339
core   0: 3 0x8000ba02 (0xeada3c13) x24 0x00000001
core   0: 0x8000ba06 (0x00008fb1) c.xor   a5, a2
core   0: 3 0x8000ba06 (0x8fb1) x15 0x357ef88d
core   0: 0x8000ba08 (0x00800f13) li      t5, 8
core   0: 3 0x8000ba08 (0x00800f13) x30 0x00000008
core   0: 0x8000ba0c (0x013613b3) sll     t2, a2, s3
core   0: 3 0x8000ba0c (0x013613b3) x 7 0xfffffff4
core   0: 0x8000ba10 (0x7368ec13) ori     s8, a7, 1846
core   0: 3 0x8000ba10 (0x7368ec13) x24 0xfffffff6
core   0: 0x8000ba14 (0x41b789b3) sub     s3, a5, s11
core   0: 3 0x8000ba14 (0x41b789b3) x19 0x357de88d
core   0: 0x8000ba18 (0x00000729) c.addi  a4, 10
core   0: 3 0x8000ba18 (0x0729) x14 0x0000000c
core   0: 0x8000ba1a (0x03a820b3) mulhsu  ra, a6, s10
core   0: 3 0x8000ba1a (0x03a820b3) x 1 0x09ffffff
core   0: 0x8000ba1e (0x0000942a) c.add   s0, a0
core   0: 3 0x8000ba1e (0x942a) x 8 0x00018000
core   0: 0x8000ba20 (0xffe768e3) bltu    a4, t5, pc - 16
core   0: 3 0x8000ba20 (0xffe768e3)
core   0: 0x8000ba24 (0xfcc884e3) beq     a7, a2, pc - 56
core   0: 3 0x8000ba24 (0xfcc884e3)
core   0: 0x8000ba28 (0x032fb3b3) mulhu   t2, t6, s2
core   0: 3 0x8000ba28 (0x032fb3b3) x 7 0x00000000
core   0: 0x8000ba2c (0x01cf2933) slt     s2, t5, t3
core   0: 3 0x8000ba2c (0x01cf2933) x18 0x00000000
core   0: 0x8000ba30 (0x3c1165b7) lui     a1, 0x3c116
core   0: 3 0x8000ba30 (0x3c1165b7) x11 0x3c116000
core   0: 0x8000ba34 (0x00006515) c.lui   a0, 0x5
core   0: 3 0x8000ba34 (0x6515) x10 0x00005000
core   0: 0x8000ba36 (0x4095db33) sra     s6, a1, s1
core   0: 3 0x8000ba36 (0x4095db33) x22 0x0001e08b
core   0: 0x8000ba3a (0x01766c33) or      s8, a2, s7
core   0: 3 0x8000ba3a (0x01766c33) x24 0xfffffffe
core   0: 0x8000ba3e (0xb8987893) andi    a7, a6, -1143
core   0: 3 0x8000ba3e (0xb8987893) x17 0x0a000000
core   0: 0x8000ba42 (0x02b77733) remu    a4, a4, a1
core   0: 3 0x8000ba42 (0x02b77733) x14 0x0000000c
core   0: 0x8000ba46 (0x00001efd) c.addi  t4, -1
core   0: 3 0x8000ba46 (0x1efd) x29 0x29e7f9d7
core   0: 0x8000ba48 (0x00000001) c.nop
core   0: 3 0x8000ba48 (0x0001)
core   0: 0x8000ba4a (0x03719133) mulh    sp, gp, s7
core   0: 3 0x8000ba4a (0x03719133) x 2 0xffff8002
core   0: 0x8000ba4e (0x00009a8e) c.add   s5, gp
core   0: 3 0x8000ba4e (0x9a8e) x21 0x00010001
core   0: 0x8000ba50 (0x00008ed5) c.or    a3, a3
core   0: 3 0x8000ba50 (0x8ed5) x13 0x0000000a
core   0: 0x8000ba52 (0x00008cd5) c.or    s1, a3
core   0: 3 0x8000ba52 (0x8cd5) x 9 0x357efdef
core   0: 0x8000ba54 (0x0000090c) c.addi4spn a1, sp, 144
core   0: 3 0x8000ba54 (0x090c) x11 0xffff8092
core   0: 0x8000ba56 (0x00000f10) c.addi4spn a2, sp, 912
core   0: 3 0x8000ba56 (0x0f10) x12 0xffff8392
core   0: 0x8000ba58 (0x01324333) xor     t1, tp, s3
core   0: 3 0x8000ba58 (0x01324333) x 6 0x357de88c
core   0: 0x8000ba5c (0x00fbd913) srli    s2, s7, 15
core   0: 3 0x8000ba5c (0x00fbd913) x18 0x00010004
core   0: 0x8000ba60 (0x0209d133) divu    sp, s3, zero
core   0: 3 0x8000ba60 (0x0209d133) x 2 0xffffffff
core   0: 0x8000ba64 (0x3445cd93) xori    s11, a1, 836
core   0: 3 0x8000ba64 (0x3445cd93) x27 0xffff83d6
core   0: 0x8000ba68 (0x03bfd9b3) divu    s3, t6, s11
core   0: 3 0x8000ba68 (0x03bfd9b3) x19 0x00000000
core   0: 0x8000ba6c (0x02aef933) remu    s2, t4, a0
core   0: 3 0x8000ba6c (0x02aef933) x18 0x000029d7
core   0: 0x8000ba70 (0x021e5733) divu    a4, t3, ra
core   0: 3 0x8000ba70 (0x021e5733) x14 0x0000000c
core   0: 0x8000ba74 (0x007d9493) slli    s1, s11, 7
core   0: 3 0x8000ba74 (0x007d9493) x 9 0xffc1eb00
core   0: 0x8000ba78 (0x00000590) c.addi4spn a2, sp, 704
core   0: 3 0x8000ba78 (0x0590) x12 0x000002bf
core   0: 0x8000ba7a (0x0279adb3) mulhsu  s11, s3, t2
core   0: 3 0x8000ba7a (0x0279adb3) x27 0x00000000
core   0: 0x8000ba7e (0x01e48563) beq     s1, t5, pc + 10
core   0: 3 0x8000ba7e (0x01e48563)
core   0: 0x8000ba82 (0x00008c21) c.xor   s0, s0
core   0: 3 0x8000ba82 (0x8c21) x 8 0x00000000
core   0: 0x8000ba84 (0xa84f31b7) lui     gp, 0xa84f3
core   0: 3 0x8000ba84 (0xa84f31b7) x 3 0xa84f3000
core   0: 0x8000ba88 (0x02514533) div     a0, sp, t0
core   0: 3 0x8000ba88 (0x02514533) x10 0x00000000
core   0: 0x8000ba8c (0x8b673213) sltiu   tp, a4, -1866
core   0: 3 0x8000ba8c (0x8b673213) x 4 0x00000001
core   0: 0x8000ba90 (0x00137e63) bgeu    t1, ra, pc + 28
core   0: 3 0x8000ba90 (0x00137e63)
core   0: 0x8000baac (0x00000f0c) c.addi4spn a1, sp, 912
core   0: 3 0x8000baac (0x0f0c) x11 0x0000038f
core   0: 0x8000baae (0x00add733) srl     a4, s11, a0
core   0: 3 0x8000baae (0x00add733) x14 0x00000000
core   0: 0x8000bab2 (0x0000891e) c.mv    s2, t2
core   0: 3 0x8000bab2 (0x891e) x18 0x00000000
core   0: 0x8000bab4 (0x031f7333) remu    t1, t5, a7
core   0: 3 0x8000bab4 (0x031f7333) x 6 0x00000008
core   0: 0x8000bab8 (0x00a1d9b3) srl     s3, gp, a0
core   0: 3 0x8000bab8 (0x00a1d9b3) x19 0xa84f3000
core   0: 0x8000babc (0x2a0f1437) lui     s0, 0x2a0f1
core   0: 3 0x8000babc (0x2a0f1437) x 8 0x2a0f1000
core   0: 0x8000bac0 (0x0000c69d) c.beqz  a3, pc + 46
core   0: 3 0x8000bac0 (0xc69d)
core   0: 0x8000bac2 (0x02f4b1b3) mulhu   gp, s1, a5
core   0: 3 0x8000bac2 (0x02f4b1b3) x 3 0x3571ff69
core   0: 0x8000bac6 (0x02df6133) rem     sp, t5, a3
core   0: 3 0x8000bac6 (0x02df6133) x 2 0x00000008
core   0: 0x8000baca (0x0000c805) c.beqz  s0, pc + 48
core   0: 3 0x8000baca (0xc805)
core   0: 0x8000bacc (0x01fe0f33) add     t5, t3, t6
core   0: 3 0x8000bacc (0x01fe0f33) x30 0x80022dfd
core   0: 0x8000bad0 (0x03748963) beq     s1, s7, pc + 50
core   0: 3 0x8000bad0 (0x03748963)
core   0: 0x8000bad4 (0x009fe863) bltu    t6, s1, pc + 16
core   0: 3 0x8000bad4 (0x009fe863)
core   0: 0x8000bae4 (0x01cb4ab3) xor     s5, s6, t3
core   0: 3 0x8000bae4 (0x01cb4ab3) x21 0x8003cd77
core   0: 0x8000bae8 (0x000087f2) c.mv    a5, t3
core   0: 3 0x8000bae8 (0x87f2) x15 0x80022dfc
core   0: 0x8000baea (0x01fd8133) add     sp, s11, t6
core   0: 3 0x8000baea (0x01fd8133) x 2 0x00000001
core   0: 0x8000baee (0x0143ab33) slt     s6, t2, s4
core   0: 3 0x8000baee (0x0143ab33) x22 0x00000000
core   0: 0x8000baf2 (0x0e26fa93) andi    s5, a3, 226
core   0: 3 0x8000baf2 (0x0e26fa93) x21 0x00000002
core   0: 0x8000baf6 (0x002fdc63) bge     t6, sp, pc + 24
core   0: 3 0x8000baf6 (0x002fdc63)
core   0: 0x8000bb0e (0x00e94b63) blt     s2, a4, pc + 22
core   0: 3 0x8000bb0e (0x00e94b63)
core   0: 0x8000bb12 (0x0000090c) c.addi4spn a1, sp, 144
core   0: 3 0x8000bb12 (0x090c) x11 0x00000091
core   0: 0x8000bb14 (0x00006145) c.addi16sp sp, 48
core   0: 3 0x8000bb14 (0x6145) x 2 0x00000031
core   0: 0x8000bb16 (0xde483f13) sltiu   t5, a6, -540
core   0: 3 0x8000bb16 (0xde483f13) x30 0x00000001
core   0: 0x8000bb1a (0x00000dea) c.slli  s11, 26
core   0: 3 0x8000bb1a (0x0dea) x27 0x00000000
core   0: 0x8000bb1c (0x00009952) c.add   s2, s4
core   0: 3 0x8000bb1c (0x9952) x18 0x80000000
core   0: 0x8000bb1e (0x000d9713) slli    a4, s11, 0
core   0: 3 0x8000bb1e (0x000d9713) x14 0x00000000
core   0: 0x8000bb22 (0x00000001) c.nop
core   0: 3 0x8000bb22 (0x0001)
core   0: 0x8000bb24 (0x01484f33) xor     t5, a6, s4
core   0: 3 0x8000bb24 (0x01484f33) x30 0x8a000000
core   0: 0x8000bb28 (0x00bed833) srl     a6, t4, a1
core   0: 3 0x8000bb28 (0x00bed833) x16 0x000014f3
core   0: 0x8000bb2c (0x000082a6) c.mv    t0, s1
core   0: 3 0x8000bb2c (0x82a6) x 5 0xffc1eb00
core   0: 0x8000bb2e (0x0383e133) rem     sp, t2, s8
core   0: 3 0x8000bb2e (0x0383e133) x 2 0x00000000
core   0: 0x8000bb32 (0x00009f5e) c.add   t5, s7
core   0: 3 0x8000bb32 (0x9f5e) x30 0x0a026ce4
core   0: 0x8000bb34 (0x41d25c13) srai    s8, tp, 29
core   0: 3 0x8000bb34 (0x41d25c13) x24 0x00000000
core   0: 0x8000bb38 (0xf0afa313) slti    t1, t6, -246
core   0: 3 0x8000bb38 (0xf0afa313) x 6 0x00000000
core   0: 0x8000bb3c (0x00008445) c.srai  s0, 17
core   0: 3 0x8000bb3c (0x8445) x 8 0x00001507
core   0: 0x8000bb3e (0x0332e4b3) rem     s1, t0, s3
core   0: 3 0x8000bb3e (0x0332e4b3) x 9 0xffc1eb00
core   0: 0x8000bb42 (0x00000088) c.addi4spn a0, sp, 64
core   0: 3 0x8000bb42 (0x0088) x10 0x00000040
core   0: 0x8000bb44 (0x000096c2) c.add   a3, a6
core   0: 3 0x8000bb44 (0x96c2) x13 0x000014fd
core   0: 0x8000bb46 (0x00008fb5) c.xor   a5, a3
core   0: 3 0x8000bb46 (0x8fb5) x15 0x80023901
core   0: 0x8000bb48 (0x01c8afb3) slt     t6, a7, t3
core   0: 3 0x8000bb48 (0x01c8afb3) x31 0x00000000
core   0: 0x8000bb4c (0x42f28f93) addi    t6, t0, 1071
core   0: 3 0x8000bb4c (0x42f28f93) x31 0xffc1ef2f
core   0: 0x8000bb50 (0x0399c0b3) div     ra, s3, s9
core   0: 3 0x8000bb50 (0x0399c0b3) x 1 0x57b0d000
core   0: 0x8000bb54 (0x00001f7d) c.addi  t5, -1
core   0: 3 0x8000bb54 (0x1f7d) x30 0x0a026ce3
core   0: 0x8000bb56 (0x0ff0000f) fence   iorw,iorw
core   0: 3 0x8000bb56 (0x0ff0000f)
core   0: 0x8000bb5a (0x6405c813) xori    a6, a1, 1600
core   0: 3 0x8000bb5a (0x6405c813) x16 0x000006d1
core   0: 0x8000bb5e (0x0000eb89) c.bnez  a5, pc + 18
core   0: 3 0x8000bb5e (0xeb89)
core   0: 0x8000bb70 (0xe130ef93) ori     t6, ra, -493
core   0: 3 0x8000bb70 (0xe130ef93) x31 0xfffffe13
core   0: 0x8000bb74 (0x0000717d) c.addi16sp sp, -16
core   0: 3 0x8000bb74 (0x717d) x 2 0xfffffff0
core   0: 0x8000bb76 (0x03af6333) rem     t1, t5, s10
core   0: 3 0x8000bb76 (0x03af6333) x 6 0x00000000
core   0: 0x8000bb7a (0x01f5c133) xor     sp, a1, t6
core   0: 3 0x8000bb7a (0x01f5c133) x 2 0xfffffe82
core   0: 0x8000bb7e (0x00008751) c.srai  a4, 20
core   0: 3 0x8000bb7e (0x8751) x14 0x00000000
core   0: 0x8000bb80 (0x03dbfc33) remu    s8, s7, t4
core   0: 3 0x8000bb80 (0x03dbfc33) x24 0x024a7f5f
core   0: 0x8000bb84 (0x03273433) mulhu   s0, a4, s2
core   0: 3 0x8000bb84 (0x03273433) x 8 0x00000000
core   0: 0x8000bb88 (0x01086633) or      a2, a6, a6
core   0: 3 0x8000bb88 (0x01086633) x12 0x000006d1
core   0: 0x8000bb8c (0x0000839a) c.mv    t2, t1
core   0: 3 0x8000bb8c (0x839a) x 7 0x00000000
core   0: 0x8000bb8e (0x00000766) c.slli  a4, 25
core   0: 3 0x8000bb8e (0x0766) x14 0x00000000
core   0: 0x8000bb90 (0x000002a5) c.addi  t0, 9
core   0: 3 0x8000bb90 (0x02a5) x 5 0xffc1eb09
core   0: 0x8000bb92 (0x00000001) c.nop
core   0: 3 0x8000bb92 (0x0001)
core   0: 0x8000bb94 (0x001c5fb3) srl     t6, s8, ra
core   0: 3 0x8000bb94 (0x001c5fb3) x31 0x024a7f5f
core   0: 0x8000bb98 (0x9a7d3e93) sltiu   t4, s10, -1625
core   0: 3 0x8000bb98 (0x9a7d3e93) x29 0x00000000
core   0: 0x8000bb9c (0x01d10ab3) add     s5, sp, t4
core   0: 3 0x8000bb9c (0x01d10ab3) x21 0xfffffe82
core   0: 0x8000bba0 (0x00006109) c.addi16sp sp, 128
core   0: 3 0x8000bba0 (0x6109) x 2 0xffffff02
core   0: 0x8000bba2 (0x41a55c33) sra     s8, a0, s10
core   0: 3 0x8000bba2 (0x41a55c33) x24 0x00000000
core   0: 0x8000bba6 (0x00008cbd) c.xor   s1, a5
core   0: 3 0x8000bba6 (0x8cbd) x 9 0x7fc3d201
core   0: 0x8000bba8 (0x0000e40d) c.bnez  s0, pc + 42
core   0: 3 0x8000bba8 (0xe40d)
core   0: 0x8000bbaa (0x00008005) c.srli  s0, 1
core   0: 3 0x8000bbaa (0x8005) x 8 0x00000000
core   0: 0x8000bbac (0x9d3d2fb7) lui     t6, 0x9d3d2
core   0: 3 0x8000bbac (0x9d3d2fb7) x31 0x9d3d2000
core   0: 0x8000bbb0 (0x00004ff1) c.li    t6, 28
core   0: 3 0x8000bbb0 (0x4ff1) x31 0x0000001c
core   0: 0x8000bbb2 (0x00001b7d) c.addi  s6, -1
core   0: 3 0x8000bbb2 (0x1b7d) x22 0xffffffff
core   0: 0x8000bbb4 (0x004e0c33) add     s8, t3, tp
core   0: 3 0x8000bbb4 (0x004e0c33) x24 0x80022dfd
core   0: 0x8000bbb8 (0xf31f4193) xori    gp, t5, -207
core   0: 3 0x8000bbb8 (0xf31f4193) x 3 0xf5fd93d2
core   0: 0x8000bbbc (0x0000e709) c.bnez  a4, pc + 10
core   0: 3 0x8000bbbc (0xe709)
core   0: 0x8000bbbe (0x001894b3) sll     s1, a7, ra
core   0: 3 0x8000bbbe (0x001894b3) x 9 0x0a000000
core   0: 0x8000bbc2 (0x0000e211) c.bnez  a2, pc + 4
core   0: 3 0x8000bbc2 (0xe211)
core   0: 0x8000bbc6 (0x0000616d) c.addi16sp sp, 240
core   0: 3 0x8000bbc6 (0x616d) x 2 0xfffffff2
core   0: 0x8000bbc8 (0x03d30763) beq     t1, t4, pc + 46
core   0: 3 0x8000bbc8 (0x03d30763)
core   0: 0x8000bbf6 (0x00000001) c.nop
core   0: 3 0x8000bbf6 (0x0001)
core   0: 0x8000bbf8 (0x02389663) bne     a7, gp, pc + 44
core   0: 3 0x8000bbf8 (0x02389663)
core   0: 0x8000bc24 (0x01516b33) or      s6, sp, s5
core   0: 3 0x8000bc24 (0x01516b33) x22 0xfffffff2
core   0: 0x8000bc28 (0x035fd2b3) divu    t0, t6, s5
core   0: 3 0x8000bc28 (0x035fd2b3) x 5 0x00000000
core   0: 0x8000bc2c (0x035e5ab3) divu    s5, t3, s5
core   0: 3 0x8000bc2c (0x035e5ab3) x21 0x00000000
core   0: 0x8000bc30 (0x004e2803) lw      a6, 4(t3)
core   0: 3 0x8000bc30 (0x004e2803) x16 0x80004ab0 mem 0x80022e00
core   0: 0x8000bc34 (0x0f897c13) andi    s8, s2, 248
core   0: 3 0x8000bc34 (0x0f897c13) x24 0x00000000
core   0: 0x8000bc38 (0x00000352) c.slli  t1, 20
core   0: 3 0x8000bc38 (0x0352) x 6 0x00000000
core   0: 0x8000bc3a (0x4103dcb3) sra     s9, t2, a6
core   0: 3 0x8000bc3a (0x4103dcb3) x25 0x00000000
core   0: 0x8000bc3e (0x038e0e13) addi    t3, t3, 56
core   0: 3 0x8000bc3e (0x038e0e13) x28 0x80022e34
core   0: 0x8000bc42 (0x02815533) divu    a0, sp, s0
core   0: 3 0x8000bc42 (0x02815533) x10 0xffffffff
core   0: 0x8000bc46 (0x414fdeb3) sra     t4, t6, s4
core   0: 3 0x8000bc46 (0x414fdeb3) x29 0x0000001c
core   0: 0x8000bc4a (0x00080413) mv      s0, a6
core   0: 3 0x8000bc4a (0x00080413) x 8 0x80004ab0
core   0: 0x8000bc4e (0x00008402) c.jr    s0
core   0: 3 0x8000bc4e (0x8402)
core   0: 0x80004ab0 (0x03bfb133) mulhu   sp, t6, s11
core   0: 3 0x80004ab0 (0x03bfb133) x 2 0x00000000
core   0: 0x80004ab4 (0x00000001) c.nop
core   0: 3 0x80004ab4 (0x0001)
core   0: 0x80004ab6 (0x03cd3fb3) mulhu   t6, s10, t3
core   0: 3 0x80004ab6 (0x03cd3fb3) x31 0x80022e33
core   0: 0x80004aba (0x0152df63) bge     t0, s5, pc + 30
core   0: 3 0x80004aba (0x0152df63)
core   0: 0x80004ad8 (0x39d0586f) jal     a6, pc + 0x5b9c
core   0: 3 0x80004ad8 (0x39d0586f) x16 0x80004adc
core   0: 0x8000a674 (0x023c7eb3) remu    t4, s8, gp
core   0: 3 0x8000a674 (0x023c7eb3) x29 0x00000000
core   0: 0x8000a678 (0x00006165) c.addi16sp sp, 112
core   0: 3 0x8000a678 (0x6165) x 2 0x00000070
core   0: 0x8000a67a (0x00000001) c.nop
core   0: 3 0x8000a67a (0x0001)
core   0: 0x8000a67c (0xfcce0e13) addi    t3, t3, -52
core   0: 3 0x8000a67c (0xfcce0e13) x28 0x80022e00
core   0: 0x8000a680 (0x00008d01) c.sub   a0, s0
core   0: 3 0x8000a680 (0x8d01) x10 0x7fffb54f
core   0: 0x8000a682 (0x010e2223) sw      a6, 4(t3)
core   0: 3 0x8000a682 (0x010e2223) mem 0x80022e04 0x80004adc
core   0: 0x8000a686 (0x00000c10) c.addi4spn a2, sp, 528
core   0: 3 0x8000a686 (0x0c10) x12 0x00000280
core   0: 0x8000a688 (0x4a66a913) slti    s2, a3, 1190
core   0: 3 0x8000a688 (0x4a66a913) x18 0x00000000
core   0: 0x8000a68c (0xff600693) li      a3, -10
core   0: 3 0x8000a68c (0xff600693) x13 0xfffffff6
core   0: 0x8000a690 (0x8a54d117) auipc   sp, 0x8a54d
core   0: 3 0x8000a690 (0x8a54d117) x 2 0x0a557690
core   0: 0x8000a694 (0xff000093) li      ra, -16
core   0: 3 0x8000a694 (0xff000093) x 1 0xfffffff0
core   0: 0x8000a698 (0x0115cab3) xor     s5, a1, a7
core   0: 3 0x8000a698 (0x0115cab3) x21 0x0a000091
core   0: 0x8000a69c (0x005f04b3) add     s1, t5, t0
core   0: 3 0x8000a69c (0x005f04b3) x 9 0x0a026ce3
core   0: 0x8000a6a0 (0x000016ed) c.addi  a3, -5
core   0: 3 0x8000a6a0 (0x16ed) x13 0xfffffff1
core   0: 0x8000a6a2 (0x00009fae) c.add   t6, a1
core   0: 3 0x8000a6a2 (0x9fae) x31 0x80022ec4
core   0: 0x8000a6a4 (0x41dfd793) srai    a5, t6, 29
core   0: 3 0x8000a6a4 (0x41dfd793) x15 0xfffffffc
core   0: 0x8000a6a8 (0x01326f33) or      t5, tp, s3
core   0: 3 0x8000a6a8 (0x01326f33) x30 0xa84f3001
core   0: 0x8000a6ac (0x00600613) li      a2, 6
core   0: 3 0x8000a6ac (0x00600613) x12 0x00000006
core   0: 0x8000a6b0 (0x020627b3) mulhsu  a5, a2, zero
core   0: 3 0x8000a6b0 (0x020627b3) x15 0x00000000
core   0: 0x8000a6b4 (0x11892793) slti    a5, s2, 280
core   0: 3 0x8000a6b4 (0x11892793) x15 0x00000001
core   0: 0x8000a6b8 (0x0155d433) srl     s0, a1, s5
core   0: 3 0x8000a6b8 (0x0155d433) x 8 0x00000000
core   0: 0x8000a6bc (0x00000001) c.nop
core   0: 3 0x8000a6bc (0x0001)
core   0: 0x8000a6be (0x1ea47293) andi    t0, s0, 490
core   0: 3 0x8000a6be (0x1ea47293) x 5 0x00000000
core   0: 0x8000a6c2 (0x00001675) c.addi  a2, -3
core   0: 3 0x8000a6c2 (0x1675) x12 0x00000003
core   0: 0x8000a6c4 (0xd8048993) addi    s3, s1, -640
core   0: 3 0x8000a6c4 (0xd8048993) x19 0x0a026a63
core   0: 0x8000a6c8 (0x0000610d) c.addi16sp sp, 160
core   0: 3 0x8000a6c8 (0x610d) x 2 0x0a557730
core   0: 0x8000a6ca (0x00000704) c.addi4spn s1, sp, 896
core   0: 3 0x8000a6ca (0x0704) x 9 0x0a557ab0
core   0: 0x8000a6cc (0x00008f1d) c.sub   a4, a5
core   0: 3 0x8000a6cc (0x8f1d) x14 0xffffffff
core   0: 0x8000a6ce (0x00008055) c.srli  s0, 21
core   0: 3 0x8000a6ce (0x8055) x 8 0x00000000
core   0: 0x8000a6d0 (0x00000001) c.nop
core   0: 3 0x8000a6d0 (0x0001)
core   0: 0x8000a6d2 (0xea142113) slti    sp, s0, -351
core   0: 3 0x8000a6d2 (0xea142113) x 2 0x00000000
core   0: 0x8000a6d6 (0x03910233) mul     tp, sp, s9
core   0: 3 0x8000a6d6 (0x03910233) x 4 0x00000000
core   0: 0x8000a6da (0x0000d275) c.beqz  a2, pc - 28
core   0: 3 0x8000a6da (0xd275)
core   0: 0x8000a6dc (0x00d2f733) and     a4, t0, a3
core   0: 3 0x8000a6dc (0x00d2f733) x14 0x00000000
core   0: 0x8000a6e0 (0x018c11b3) sll     gp, s8, s8
core   0: 3 0x8000a6e0 (0x018c11b3) x 3 0x00000000
core   0: 0x8000a6e4 (0x0055a8b3) slt     a7, a1, t0
core   0: 3 0x8000a6e4 (0x0055a8b3) x17 0x00000000
core   0: 0x8000a6e8 (0x000085d5) c.srai  a1, 21
core   0: 3 0x8000a6e8 (0x85d5) x11 0x00000000
core   0: 0x8000a6ea (0xfa16d9e3) bge     a3, ra, pc - 78
core   0: 3 0x8000a6ea (0xfa16d9e3)
core   0: 0x8000a69c (0x005f04b3) add     s1, t5, t0
core   0: 3 0x8000a69c (0x005f04b3) x 9 0xa84f3001
core   0: 0x8000a6a0 (0x000016ed) c.addi  a3, -5
core   0: 3 0x8000a6a0 (0x16ed) x13 0xffffffec
core   0: 0x8000a6a2 (0x00009fae) c.add   t6, a1
core   0: 3 0x8000a6a2 (0x9fae) x31 0x80022ec4
core   0: 0x8000a6a4 (0x41dfd793) srai    a5, t6, 29
core   0: 3 0x8000a6a4 (0x41dfd793) x15 0xfffffffc
core   0: 0x8000a6a8 (0x01326f33) or      t5, tp, s3
core   0: 3 0x8000a6a8 (0x01326f33) x30 0x0a026a63
core   0: 0x8000a6ac (0x00600613) li      a2, 6
core   0: 3 0x8000a6ac (0x00600613) x12 0x00000006
core   0: 0x8000a6b0 (0x020627b3) mulhsu  a5, a2, zero
core   0: 3 0x8000a6b0 (0x020627b3) x15 0x00000000
core   0: 0x8000a6b4 (0x11892793) slti    a5, s2, 280
core   0: 3 0x8000a6b4 (0x11892793) x15 0x00000001
core   0: 0x8000a6b8 (0x0155d433) srl     s0, a1, s5
core   0: 3 0x8000a6b8 (0x0155d433) x 8 0x00000000
core   0: 0x8000a6bc (0x00000001) c.nop
core   0: 3 0x8000a6bc (0x0001)
core   0: 0x8000a6be (0x1ea47293) andi    t0, s0, 490
core   0: 3 0x8000a6be (0x1ea47293) x 5 0x00000000
core   0: 0x8000a6c2 (0x00001675) c.addi  a2, -3
core   0: 3 0x8000a6c2 (0x1675) x12 0x00000003
core   0: 0x8000a6c4 (0xd8048993) addi    s3, s1, -640
core   0: 3 0x8000a6c4 (0xd8048993) x19 0xa84f2d81
core   0: 0x8000a6c8 (0x0000610d) c.addi16sp sp, 160
core   0: 3 0x8000a6c8 (0x610d) x 2 0x000000a0
core   0: 0x8000a6ca (0x00000704) c.addi4spn s1, sp, 896
core   0: 3 0x8000a6ca (0x0704) x 9 0x00000420
core   0: 0x8000a6cc (0x00008f1d) c.sub   a4, a5
core   0: 3 0x8000a6cc (0x8f1d) x14 0xffffffff
core   0: 0x8000a6ce (0x00008055) c.srli  s0, 21
core   0: 3 0x8000a6ce (0x8055) x 8 0x00000000
core   0: 0x8000a6d0 (0x00000001) c.nop
core   0: 3 0x8000a6d0 (0x0001)
core   0: 0x8000a6d2 (0xea142113) slti    sp, s0, -351
core   0: 3 0x8000a6d2 (0xea142113) x 2 0x00000000
core   0: 0x8000a6d6 (0x03910233) mul     tp, sp, s9
core   0: 3 0x8000a6d6 (0x03910233) x 4 0x00000000
core   0: 0x8000a6da (0x0000d275) c.beqz  a2, pc - 28
core   0: 3 0x8000a6da (0xd275)
core   0: 0x8000a6dc (0x00d2f733) and     a4, t0, a3
core   0: 3 0x8000a6dc (0x00d2f733) x14 0x00000000
core   0: 0x8000a6e0 (0x018c11b3) sll     gp, s8, s8
core   0: 3 0x8000a6e0 (0x018c11b3) x 3 0x00000000
core   0: 0x8000a6e4 (0x0055a8b3) slt     a7, a1, t0
core   0: 3 0x8000a6e4 (0x0055a8b3) x17 0x00000000
core   0: 0x8000a6e8 (0x000085d5) c.srai  a1, 21
core   0: 3 0x8000a6e8 (0x85d5) x11 0x00000000
core   0: 0x8000a6ea (0xfa16d9e3) bge     a3, ra, pc - 78
core   0: 3 0x8000a6ea (0xfa16d9e3)
core   0: 0x8000a6ee (0x031e1db3) mulh    s11, t3, a7
core   0: 3 0x8000a6ee (0x031e1db3) x27 0x00000000
core   0: 0x8000a6f2 (0xffd00493) li      s1, -3
core   0: 3 0x8000a6f2 (0xffd00493) x 9 0xfffffffd
core   0: 0x8000a6f6 (0x5044b3b7) lui     t2, 0x5044b
core   0: 3 0x8000a6f6 (0x5044b3b7) x 7 0x5044b000
core   0: 0x8000a6fa (0x5eff7693) andi    a3, t5, 1519
core   0: 3 0x8000a6fa (0x5eff7693) x13 0x00000063
core   0: 0x8000a6fe (0x018e9d33) sll     s10, t4, s8
core   0: 3 0x8000a6fe (0x018e9d33) x26 0x00000000
core   0: 0x8000a702 (0x038761b3) rem     gp, a4, s8
core   0: 3 0x8000a702 (0x038761b3) x 3 0x00000000
core   0: 0x8000a706 (0x010d5c13) srli    s8, s10, 16
core   0: 3 0x8000a706 (0x010d5c13) x24 0x00000000
core   0: 0x8000a70a (0x00000001) c.nop
core   0: 3 0x8000a70a (0x0001)
core   0: 0x8000a70c (0x188db293) sltiu   t0, s11, 392
core   0: 3 0x8000a70c (0x188db293) x 5 0x00000001
core   0: 0x8000a710 (0x00000001) c.nop
core   0: 3 0x8000a710 (0x0001)
core   0: 0x8000a712 (0x0019fab3) and     s5, s3, ra
core   0: 3 0x8000a712 (0x0019fab3) x21 0xa84f2d80
core   0: 0x8000a716 (0x031b5233) divu    tp, s6, a7
core   0: 3 0x8000a716 (0x031b5233) x 4 0xffffffff
core   0: 0x8000a71a (0x00000485) c.addi  s1, 1
core   0: 3 0x8000a71a (0x0485) x 9 0xfffffffe
core   0: 0x8000a71c (0x00008fa1) c.xor   a5, s0
core   0: 3 0x8000a71c (0x8fa1) x15 0x00000001
core   0: 0x8000a71e (0x00000001) c.nop
core   0: 3 0x8000a71e (0x0001)
core   0: 0x8000a720 (0x00200613) li      a2, 2
core   0: 3 0x8000a720 (0x00200613) x12 0x00000002
core   0: 0x8000a724 (0x00c00e93) li      t4, 12
core   0: 3 0x8000a724 (0x00c00e93) x29 0x0000000c
core   0: 0x8000a728 (0x00cd9ab3) sll     s5, s11, a2
core   0: 3 0x8000a728 (0x00cd9ab3) x21 0x00000000
core   0: 0x8000a72c (0x00000001) c.nop
core   0: 3 0x8000a72c (0x0001)
core   0: 0x8000a72e (0x030f8533) mul     a0, t6, a6
core   0: 3 0x8000a72e (0x030f8533) x10 0xa364d870
core   0: 0x8000a732 (0x0000597d) c.li    s2, -1
core   0: 3 0x8000a732 (0x597d) x18 0xffffffff
core   0: 0x8000a734 (0x00009b7d) c.andi  a4, -1
core   0: 3 0x8000a734 (0x9b7d) x14 0x00000000
core   0: 0x8000a736 (0x02fe16b3) mulh    a3, t3, a5
core   0: 3 0x8000a736 (0x02fe16b3) x13 0xffffffff
core   0: 0x8000a73a (0x02b25833) divu    a6, tp, a1
core   0: 3 0x8000a73a (0x02b25833) x16 0xffffffff
core   0: 0x8000a73e (0x00000621) c.addi  a2, 8
core   0: 3 0x8000a73e (0x0621) x12 0x0000000a
core   0: 0x8000a740 (0x00ac7233) and     tp, s8, a0
core   0: 3 0x8000a740 (0x00ac7233) x 4 0x00000000
core   0: 0x8000a744 (0xffd665e3) bltu    a2, t4, pc - 22
core   0: 3 0x8000a744 (0xffd665e3)
core   0: 0x8000a72e (0x030f8533) mul     a0, t6, a6
core   0: 3 0x8000a72e (0x030f8533) x10 0x7ffdd13c
core   0: 0x8000a732 (0x0000597d) c.li    s2, -1
core   0: 3 0x8000a732 (0x597d) x18 0xffffffff
core   0: 0x8000a734 (0x00009b7d) c.andi  a4, -1
core   0: 3 0x8000a734 (0x9b7d) x14 0x00000000
core   0: 0x8000a736 (0x02fe16b3) mulh    a3, t3, a5
core   0: 3 0x8000a736 (0x02fe16b3) x13 0xffffffff
core   0: 0x8000a73a (0x02b25833) divu    a6, tp, a1
core   0: 3 0x8000a73a (0x02b25833) x16 0xffffffff
core   0: 0x8000a73e (0x00000621) c.addi  a2, 8
core   0: 3 0x8000a73e (0x0621) x12 0x00000012
core   0: 0x8000a740 (0x00ac7233) and     tp, s8, a0
core   0: 3 0x8000a740 (0x00ac7233) x 4 0x00000000
core   0: 0x8000a744 (0xffd665e3) bltu    a2, t4, pc - 22
core   0: 3 0x8000a744 (0xffd665e3)
core   0: 0x8000a748 (0x0000100f) fence.i
core   0: 3 0x8000a748 (0x0000100f)
core   0: 0x8000a74c (0x00008f55) c.or    a4, a3
core   0: 3 0x8000a74c (0x8f55) x14 0xffffffff
core   0: 0x8000a74e (0x00008ee1) c.and   a3, s0
core   0: 3 0x8000a74e (0x8ee1) x13 0x00000000
core   0: 0x8000a750 (0x0000d0e9) c.beqz  s1, pc - 62
core   0: 3 0x8000a750 (0xd0e9)
core   0: 0x8000a752 (0x03a10433) mul     s0, sp, s10
core   0: 3 0x8000a752 (0x03a10433) x 8 0x00000000
core   0: 0x8000a756 (0xffa00413) li      s0, -6
core   0: 3 0x8000a756 (0xffa00413) x 8 0xfffffffa
core   0: 0x8000a75a (0x00000001) c.nop
core   0: 3 0x8000a75a (0x0001)
core   0: 0x8000a75c (0x019fe5b3) or      a1, t6, s9
core   0: 3 0x8000a75c (0x019fe5b3) x11 0x80022ec4
core   0: 0x8000a760 (0x00000419) c.addi  s0, 6
core   0: 3 0x8000a760 (0x0419) x 8 0x00000000
core   0: 0x8000a762 (0x0000fc6d) c.bnez  s0, pc - 6
core   0: 3 0x8000a762 (0xfc6d)
core   0: 0x8000a764 (0x00a6a7b3) slt     a5, a3, a0
core   0: 3 0x8000a764 (0x00a6a7b3) x15 0x00000001
core   0: 0x8000a768 (0xffd00713) li      a4, -3
core   0: 3 0x8000a768 (0xffd00713) x14 0xfffffffd
core   0: 0x8000a76c (0xfef00d13) li      s10, -17
core   0: 3 0x8000a76c (0xfef00d13) x26 0xffffffef
core   0: 0x8000a770 (0x03fc72b3) remu    t0, s8, t6
core   0: 3 0x8000a770 (0x03fc72b3) x 5 0x00000000
core   0: 0x8000a774 (0x0000547d) c.li    s0, -1
core   0: 3 0x8000a774 (0x547d) x 8 0xffffffff
core   0: 0x8000a776 (0x0000175d) c.addi  a4, -9
core   0: 3 0x8000a776 (0x175d) x14 0xfffffff4
core   0: 0x8000a778 (0x00a00693) li      a3, 10
core   0: 3 0x8000a778 (0x00a00693) x13 0x0000000a
core   0: 0x8000a77c (0x00500e93) li      t4, 5
core   0: 3 0x8000a77c (0x00500e93) x29 0x00000005
core   0: 0x8000a780 (0x0090f3b3) and     t2, ra, s1
core   0: 3 0x8000a780 (0x0090f3b3) x 7 0xfffffff0
core   0: 0x8000a784 (0x0309e933) rem     s2, s3, a6
core   0: 3 0x8000a784 (0x0309e933) x18 0x00000000
core   0: 0x8000a788 (0x00008d29) c.xor   a0, a0
core   0: 3 0x8000a788 (0x8d29) x10 0x00000000
core   0: 0x8000a78a (0x000016f9) c.addi  a3, -2
core   0: 3 0x8000a78a (0x16f9) x13 0x00000008
core   0: 0x8000a78c (0x00008d51) c.or    a0, a2
core   0: 3 0x8000a78c (0x8d51) x10 0x00000012
core   0: 0x8000a78e (0xffd6fbe3) bgeu    a3, t4, pc - 10
core   0: 3 0x8000a78e (0xffd6fbe3)
core   0: 0x8000a784 (0x0309e933) rem     s2, s3, a6
core   0: 3 0x8000a784 (0x0309e933) x18 0x00000000
core   0: 0x8000a788 (0x00008d29) c.xor   a0, a0
core   0: 3 0x8000a788 (0x8d29) x10 0x00000000
core   0: 0x8000a78a (0x000016f9) c.addi  a3, -2
core   0: 3 0x8000a78a (0x16f9) x13 0x00000006
core   0: 0x8000a78c (0x00008d51) c.or    a0, a2
core   0: 3 0x8000a78c (0x8d51) x10 0x00000012
core   0: 0x8000a78e (0xffd6fbe3) bgeu    a3, t4, pc - 10
core   0: 3 0x8000a78e (0xffd6fbe3)
core   0: 0x8000a784 (0x0309e933) rem     s2, s3, a6
core   0: 3 0x8000a784 (0x0309e933) x18 0x00000000
core   0: 0x8000a788 (0x00008d29) c.xor   a0, a0
core   0: 3 0x8000a788 (0x8d29) x10 0x00000000
core   0: 0x8000a78a (0x000016f9) c.addi  a3, -2
core   0: 3 0x8000a78a (0x16f9) x13 0x00000004
core   0: 0x8000a78c (0x00008d51) c.or    a0, a2
core   0: 3 0x8000a78c (0x8d51) x10 0x00000012
core   0: 0x8000a78e (0xffd6fbe3) bgeu    a3, t4, pc - 10
core   0: 3 0x8000a78e (0xffd6fbe3)
core   0: 0x8000a792 (0xfda75fe3) bge     a4, s10, pc - 34
core   0: 3 0x8000a792 (0xfda75fe3)
core   0: 0x8000a770 (0x03fc72b3) remu    t0, s8, t6
core   0: 3 0x8000a770 (0x03fc72b3) x 5 0x00000000
core   0: 0x8000a774 (0x0000547d) c.li    s0, -1
core   0: 3 0x8000a774 (0x547d) x 8 0xffffffff
core   0: 0x8000a776 (0x0000175d) c.addi  a4, -9
core   0: 3 0x8000a776 (0x175d) x14 0xffffffeb
core   0: 0x8000a778 (0x00a00693) li      a3, 10
core   0: 3 0x8000a778 (0x00a00693) x13 0x0000000a
core   0: 0x8000a77c (0x00500e93) li      t4, 5
core   0: 3 0x8000a77c (0x00500e93) x29 0x00000005
core   0: 0x8000a780 (0x0090f3b3) and     t2, ra, s1
core   0: 3 0x8000a780 (0x0090f3b3) x 7 0xfffffff0
core   0: 0x8000a784 (0x0309e933) rem     s2, s3, a6
core   0: 3 0x8000a784 (0x0309e933) x18 0x00000000
core   0: 0x8000a788 (0x00008d29) c.xor   a0, a0
core   0: 3 0x8000a788 (0x8d29) x10 0x00000000
core   0: 0x8000a78a (0x000016f9) c.addi  a3, -2
core   0: 3 0x8000a78a (0x16f9) x13 0x00000008
core   0: 0x8000a78c (0x00008d51) c.or    a0, a2
core   0: 3 0x8000a78c (0x8d51) x10 0x00000012
core   0: 0x8000a78e (0xffd6fbe3) bgeu    a3, t4, pc - 10
core   0: 3 0x8000a78e (0xffd6fbe3)
core   0: 0x8000a784 (0x0309e933) rem     s2, s3, a6
core   0: 3 0x8000a784 (0x0309e933) x18 0x00000000
core   0: 0x8000a788 (0x00008d29) c.xor   a0, a0
core   0: 3 0x8000a788 (0x8d29) x10 0x00000000
core   0: 0x8000a78a (0x000016f9) c.addi  a3, -2
core   0: 3 0x8000a78a (0x16f9) x13 0x00000006
core   0: 0x8000a78c (0x00008d51) c.or    a0, a2
core   0: 3 0x8000a78c (0x8d51) x10 0x00000012
core   0: 0x8000a78e (0xffd6fbe3) bgeu    a3, t4, pc - 10
core   0: 3 0x8000a78e (0xffd6fbe3)
core   0: 0x8000a784 (0x0309e933) rem     s2, s3, a6
core   0: 3 0x8000a784 (0x0309e933) x18 0x00000000
core   0: 0x8000a788 (0x00008d29) c.xor   a0, a0
core   0: 3 0x8000a788 (0x8d29) x10 0x00000000
core   0: 0x8000a78a (0x000016f9) c.addi  a3, -2
core   0: 3 0x8000a78a (0x16f9) x13 0x00000004
core   0: 0x8000a78c (0x00008d51) c.or    a0, a2
core   0: 3 0x8000a78c (0x8d51) x10 0x00000012
core   0: 0x8000a78e (0xffd6fbe3) bgeu    a3, t4, pc - 10
core   0: 3 0x8000a78e (0xffd6fbe3)
core   0: 0x8000a792 (0xfda75fe3) bge     a4, s10, pc - 34
core   0: 3 0x8000a792 (0xfda75fe3)
core   0: 0x8000a796 (0x032d4c33) div     s8, s10, s2
core   0: 3 0x8000a796 (0x032d4c33) x24 0xffffffff
core   0: 0x8000a79a (0x00500793) li      a5, 5
core   0: 3 0x8000a79a (0x00500793) x15 0x00000005
core   0: 0x8000a79e (0x00a00713) li      a4, 10
core   0: 3 0x8000a79e (0x00a00713) x14 0x0000000a
core   0: 0x8000a7a2 (0x02171c33) mulh    s8, a4, ra
core   0: 3 0x8000a7a2 (0x02171c33) x24 0xffffffff
core   0: 0x8000a7a6 (0x0000100f) fence.i
core   0: 3 0x8000a7a6 (0x0000100f)
core   0: 0x8000a7aa (0x03ca50b3) divu    ra, s4, t3
core   0: 3 0x8000a7aa (0x03ca50b3) x 1 0x00000000
core   0: 0x8000a7ae (0x00000789) c.addi  a5, 2
core   0: 3 0x8000a7ae (0x0789) x15 0x00000007
core   0: 0x8000a7b0 (0x012acfb3) xor     t6, s5, s2
core   0: 3 0x8000a7b0 (0x012acfb3) x31 0x00000000
core   0: 0x8000a7b4 (0xff700113) li      sp, -9
core   0: 3 0x8000a7b4 (0xff700113) x 2 0xfffffff7
core   0: 0x8000a7b8 (0x00006e95) c.lui   t4, 0x5
core   0: 3 0x8000a7b8 (0x6e95) x29 0x00005000
core   0: 0x8000a7ba (0x01400913) li      s2, 20
core   0: 3 0x8000a7ba (0x01400913) x18 0x00000014
core   0: 0x8000a7be (0xc8cdf337) lui     t1, 0xc8cdf
core   0: 3 0x8000a7be (0xc8cdf337) x 6 0xc8cdf000
core   0: 0x8000a7c2 (0x01874fb3) xor     t6, a4, s8
core   0: 3 0x8000a7c2 (0x01874fb3) x31 0xfffffff5
core   0: 0x8000a7c6 (0x00000119) c.addi  sp, 6
core   0: 3 0x8000a7c6 (0x0119) x 2 0xfffffffd
core   0: 0x8000a7c8 (0x00008edd) c.or    a3, a5
core   0: 3 0x8000a7c8 (0x8edd) x13 0x00000007
core   0: 0x8000a7ca (0xff214ce3) blt     sp, s2, pc - 8
core   0: 3 0x8000a7ca (0xff214ce3)
core   0: 0x8000a7c2 (0x01874fb3) xor     t6, a4, s8
core   0: 3 0x8000a7c2 (0x01874fb3) x31 0xfffffff5
core   0: 0x8000a7c6 (0x00000119) c.addi  sp, 6
core   0: 3 0x8000a7c6 (0x0119) x 2 0x00000003
core   0: 0x8000a7c8 (0x00008edd) c.or    a3, a5
core   0: 3 0x8000a7c8 (0x8edd) x13 0x00000007
core   0: 0x8000a7ca (0xff214ce3) blt     sp, s2, pc - 8
core   0: 3 0x8000a7ca (0xff214ce3)
core   0: 0x8000a7c2 (0x01874fb3) xor     t6, a4, s8
core   0: 3 0x8000a7c2 (0x01874fb3) x31 0xfffffff5
core   0: 0x8000a7c6 (0x00000119) c.addi  sp, 6
core   0: 3 0x8000a7c6 (0x0119) x 2 0x00000009
core   0: 0x8000a7c8 (0x00008edd) c.or    a3, a5
core   0: 3 0x8000a7c8 (0x8edd) x13 0x00000007
core   0: 0x8000a7ca (0xff214ce3) blt     sp, s2, pc - 8
core   0: 3 0x8000a7ca (0xff214ce3)
core   0: 0x8000a7c2 (0x01874fb3) xor     t6, a4, s8
core   0: 3 0x8000a7c2 (0x01874fb3) x31 0xfffffff5
core   0: 0x8000a7c6 (0x00000119) c.addi  sp, 6
core   0: 3 0x8000a7c6 (0x0119) x 2 0x0000000f
core   0: 0x8000a7c8 (0x00008edd) c.or    a3, a5
core   0: 3 0x8000a7c8 (0x8edd) x13 0x00000007
core   0: 0x8000a7ca (0xff214ce3) blt     sp, s2, pc - 8
core   0: 3 0x8000a7ca (0xff214ce3)
core   0: 0x8000a7c2 (0x01874fb3) xor     t6, a4, s8
core   0: 3 0x8000a7c2 (0x01874fb3) x31 0xfffffff5
core   0: 0x8000a7c6 (0x00000119) c.addi  sp, 6
core   0: 3 0x8000a7c6 (0x0119) x 2 0x00000015
core   0: 0x8000a7c8 (0x00008edd) c.or    a3, a5
core   0: 3 0x8000a7c8 (0x8edd) x13 0x00000007
core   0: 0x8000a7ca (0xff214ce3) blt     sp, s2, pc - 8
core   0: 3 0x8000a7ca (0xff214ce3)
core   0: 0x8000a7ce (0x00008f0e) c.mv    t5, gp
core   0: 3 0x8000a7ce (0x8f0e) x30 0x00000000
core   0: 0x8000a7d0 (0xfce7ede3) bltu    a5, a4, pc - 38
core   0: 3 0x8000a7d0 (0xfce7ede3)
core   0: 0x8000a7aa (0x03ca50b3) divu    ra, s4, t3
core   0: 3 0x8000a7aa (0x03ca50b3) x 1 0x00000000
core   0: 0x8000a7ae (0x00000789) c.addi  a5, 2
core   0: 3 0x8000a7ae (0x0789) x15 0x00000009
core   0: 0x8000a7b0 (0x012acfb3) xor     t6, s5, s2
core   0: 3 0x8000a7b0 (0x012acfb3) x31 0x00000014
core   0: 0x8000a7b4 (0xff700113) li      sp, -9
core   0: 3 0x8000a7b4 (0xff700113) x 2 0xfffffff7
core   0: 0x8000a7b8 (0x00006e95) c.lui   t4, 0x5
core   0: 3 0x8000a7b8 (0x6e95) x29 0x00005000
core   0: 0x8000a7ba (0x01400913) li      s2, 20
core   0: 3 0x8000a7ba (0x01400913) x18 0x00000014
core   0: 0x8000a7be (0xc8cdf337) lui     t1, 0xc8cdf
core   0: 3 0x8000a7be (0xc8cdf337) x 6 0xc8cdf000
core   0: 0x8000a7c2 (0x01874fb3) xor     t6, a4, s8
core   0: 3 0x8000a7c2 (0x01874fb3) x31 0xfffffff5
core   0: 0x8000a7c6 (0x00000119) c.addi  sp, 6
core   0: 3 0x8000a7c6 (0x0119) x 2 0xfffffffd
core   0: 0x8000a7c8 (0x00008edd) c.or    a3, a5
core   0: 3 0x8000a7c8 (0x8edd) x13 0x0000000f
core   0: 0x8000a7ca (0xff214ce3) blt     sp, s2, pc - 8
core   0: 3 0x8000a7ca (0xff214ce3)
core   0: 0x8000a7c2 (0x01874fb3) xor     t6, a4, s8
core   0: 3 0x8000a7c2 (0x01874fb3) x31 0xfffffff5
core   0: 0x8000a7c6 (0x00000119) c.addi  sp, 6
core   0: 3 0x8000a7c6 (0x0119) x 2 0x00000003
core   0: 0x8000a7c8 (0x00008edd) c.or    a3, a5
core   0: 3 0x8000a7c8 (0x8edd) x13 0x0000000f
core   0: 0x8000a7ca (0xff214ce3) blt     sp, s2, pc - 8
core   0: 3 0x8000a7ca (0xff214ce3)
core   0: 0x8000a7c2 (0x01874fb3) xor     t6, a4, s8
core   0: 3 0x8000a7c2 (0x01874fb3) x31 0xfffffff5
core   0: 0x8000a7c6 (0x00000119) c.addi  sp, 6
core   0: 3 0x8000a7c6 (0x0119) x 2 0x00000009
core   0: 0x8000a7c8 (0x00008edd) c.or    a3, a5
core   0: 3 0x8000a7c8 (0x8edd) x13 0x0000000f
core   0: 0x8000a7ca (0xff214ce3) blt     sp, s2, pc - 8
core   0: 3 0x8000a7ca (0xff214ce3)
core   0: 0x8000a7c2 (0x01874fb3) xor     t6, a4, s8
core   0: 3 0x8000a7c2 (0x01874fb3) x31 0xfffffff5
core   0: 0x8000a7c6 (0x00000119) c.addi  sp, 6
core   0: 3 0x8000a7c6 (0x0119) x 2 0x0000000f
core   0: 0x8000a7c8 (0x00008edd) c.or    a3, a5
core   0: 3 0x8000a7c8 (0x8edd) x13 0x0000000f
core   0: 0x8000a7ca (0xff214ce3) blt     sp, s2, pc - 8
core   0: 3 0x8000a7ca (0xff214ce3)
core   0: 0x8000a7c2 (0x01874fb3) xor     t6, a4, s8
core   0: 3 0x8000a7c2 (0x01874fb3) x31 0xfffffff5
core   0: 0x8000a7c6 (0x00000119) c.addi  sp, 6
core   0: 3 0x8000a7c6 (0x0119) x 2 0x00000015
core   0: 0x8000a7c8 (0x00008edd) c.or    a3, a5
core   0: 3 0x8000a7c8 (0x8edd) x13 0x0000000f
core   0: 0x8000a7ca (0xff214ce3) blt     sp, s2, pc - 8
core   0: 3 0x8000a7ca (0xff214ce3)
core   0: 0x8000a7ce (0x00008f0e) c.mv    t5, gp
core   0: 3 0x8000a7ce (0x8f0e) x30 0x00000000
core   0: 0x8000a7d0 (0xfce7ede3) bltu    a5, a4, pc - 38
core   0: 3 0x8000a7d0 (0xfce7ede3)
core   0: 0x8000a7aa (0x03ca50b3) divu    ra, s4, t3
core   0: 3 0x8000a7aa (0x03ca50b3) x 1 0x00000000
core   0: 0x8000a7ae (0x00000789) c.addi  a5, 2
core   0: 3 0x8000a7ae (0x0789) x15 0x0000000b
core   0: 0x8000a7b0 (0x012acfb3) xor     t6, s5, s2
core   0: 3 0x8000a7b0 (0x012acfb3) x31 0x00000014
core   0: 0x8000a7b4 (0xff700113) li      sp, -9
core   0: 3 0x8000a7b4 (0xff700113) x 2 0xfffffff7
core   0: 0x8000a7b8 (0x00006e95) c.lui   t4, 0x5
core   0: 3 0x8000a7b8 (0x6e95) x29 0x00005000
core   0: 0x8000a7ba (0x01400913) li      s2, 20
core   0: 3 0x8000a7ba (0x01400913) x18 0x00000014
core   0: 0x8000a7be (0xc8cdf337) lui     t1, 0xc8cdf
core   0: 3 0x8000a7be (0xc8cdf337) x 6 0xc8cdf000
core   0: 0x8000a7c2 (0x01874fb3) xor     t6, a4, s8
core   0: 3 0x8000a7c2 (0x01874fb3) x31 0xfffffff5
core   0: 0x8000a7c6 (0x00000119) c.addi  sp, 6
core   0: 3 0x8000a7c6 (0x0119) x 2 0xfffffffd
core   0: 0x8000a7c8 (0x00008edd) c.or    a3, a5
core   0: 3 0x8000a7c8 (0x8edd) x13 0x0000000f
core   0: 0x8000a7ca (0xff214ce3) blt     sp, s2, pc - 8
core   0: 3 0x8000a7ca (0xff214ce3)
core   0: 0x8000a7c2 (0x01874fb3) xor     t6, a4, s8
core   0: 3 0x8000a7c2 (0x01874fb3) x31 0xfffffff5
core   0: 0x8000a7c6 (0x00000119) c.addi  sp, 6
core   0: 3 0x8000a7c6 (0x0119) x 2 0x00000003
core   0: 0x8000a7c8 (0x00008edd) c.or    a3, a5
core   0: 3 0x8000a7c8 (0x8edd) x13 0x0000000f
core   0: 0x8000a7ca (0xff214ce3) blt     sp, s2, pc - 8
core   0: 3 0x8000a7ca (0xff214ce3)
core   0: 0x8000a7c2 (0x01874fb3) xor     t6, a4, s8
core   0: 3 0x8000a7c2 (0x01874fb3) x31 0xfffffff5
core   0: 0x8000a7c6 (0x00000119) c.addi  sp, 6
core   0: 3 0x8000a7c6 (0x0119) x 2 0x00000009
core   0: 0x8000a7c8 (0x00008edd) c.or    a3, a5
core   0: 3 0x8000a7c8 (0x8edd) x13 0x0000000f
core   0: 0x8000a7ca (0xff214ce3) blt     sp, s2, pc - 8
core   0: 3 0x8000a7ca (0xff214ce3)
core   0: 0x8000a7c2 (0x01874fb3) xor     t6, a4, s8
core   0: 3 0x8000a7c2 (0x01874fb3) x31 0xfffffff5
core   0: 0x8000a7c6 (0x00000119) c.addi  sp, 6
core   0: 3 0x8000a7c6 (0x0119) x 2 0x0000000f
core   0: 0x8000a7c8 (0x00008edd) c.or    a3, a5
core   0: 3 0x8000a7c8 (0x8edd) x13 0x0000000f
core   0: 0x8000a7ca (0xff214ce3) blt     sp, s2, pc - 8
core   0: 3 0x8000a7ca (0xff214ce3)
core   0: 0x8000a7c2 (0x01874fb3) xor     t6, a4, s8
core   0: 3 0x8000a7c2 (0x01874fb3) x31 0xfffffff5
core   0: 0x8000a7c6 (0x00000119) c.addi  sp, 6
core   0: 3 0x8000a7c6 (0x0119) x 2 0x00000015
core   0: 0x8000a7c8 (0x00008edd) c.or    a3, a5
core   0: 3 0x8000a7c8 (0x8edd) x13 0x0000000f
core   0: 0x8000a7ca (0xff214ce3) blt     sp, s2, pc - 8
core   0: 3 0x8000a7ca (0xff214ce3)
core   0: 0x8000a7ce (0x00008f0e) c.mv    t5, gp
core   0: 3 0x8000a7ce (0x8f0e) x30 0x00000000
core   0: 0x8000a7d0 (0xfce7ede3) bltu    a5, a4, pc - 38
core   0: 3 0x8000a7d0 (0xfce7ede3)
core   0: 0x8000a7d4 (0x3ea8c993) xori    s3, a7, 1002
core   0: 3 0x8000a7d4 (0x3ea8c993) x19 0x000003ea
core   0: 0x8000a7d8 (0x00a00613) li      a2, 10
core   0: 3 0x8000a7d8 (0x00a00613) x12 0x0000000a
core   0: 0x8000a7dc (0x0177e7b3) or      a5, a5, s7
core   0: 3 0x8000a7dc (0x0177e7b3) x15 0x80026cef
core   0: 0x8000a7e0 (0x405e03b3) sub     t2, t3, t0
core   0: 3 0x8000a7e0 (0x405e03b3) x 7 0x80022e00
core   0: 0x8000a7e4 (0x000099fd) c.andi  a1, -1
core   0: 3 0x8000a7e4 (0x99fd) x11 0x80022ec4
core   0: 0x8000a7e6 (0x00000693) li      a3, 0
core   0: 3 0x8000a7e6 (0x00000693) x13 0x00000000
core   0: 0x8000a7ea (0x01ae9533) sll     a0, t4, s10
core   0: 3 0x8000a7ea (0x01ae9533) x10 0x28000000
core   0: 0x8000a7ee (0x40d88d33) sub     s10, a7, a3
core   0: 3 0x8000a7ee (0x40d88d33) x26 0x00000000
core   0: 0x8000a7f2 (0x00001e0c) c.addi4spn a1, sp, 816
core   0: 3 0x8000a7f2 (0x1e0c) x11 0x00000345
core   0: 0x8000a7f4 (0x024e45b3) div     a1, t3, tp
core   0: 3 0x8000a7f4 (0x024e45b3) x11 0xffffffff
core   0: 0x8000a7f8 (0x00008f19) c.sub   a4, a4
core   0: 3 0x8000a7f8 (0x8f19) x14 0x00000000
core   0: 0x8000a7fa (0x00008411) c.srai  s0, 4
core   0: 3 0x8000a7fa (0x8411) x 8 0xffffffff
core   0: 0x8000a7fc (0x00001659) c.addi  a2, -10
core   0: 3 0x8000a7fc (0x1659) x12 0x00000000
core   0: 0x8000a7fe (0x000069c5) c.lui   s3, 0x11
core   0: 3 0x8000a7fe (0x69c5) x19 0x00011000
core   0: 0x8000a800 (0x013400b3) add     ra, s0, s3
core   0: 3 0x8000a800 (0x013400b3) x 1 0x00010fff
core   0: 0x8000a804 (0x00900293) li      t0, 9
core   0: 3 0x8000a804 (0x00900293) x 5 0x00000009
core   0: 0x8000a808 (0x00900a93) li      s5, 9
core   0: 3 0x8000a808 (0x00900a93) x21 0x00000009
core   0: 0x8000a80c (0x0000100f) fence.i
core   0: 3 0x8000a80c (0x0000100f)
core   0: 0x8000a810 (0x000083d1) c.srli  a5, 20
core   0: 3 0x8000a810 (0x83d1) x15 0x00000800
core   0: 0x8000a812 (0x0124cf33) xor     t5, s1, s2
core   0: 3 0x8000a812 (0x0124cf33) x30 0xffffffea
core   0: 0x8000a816 (0x0000100f) fence.i
core   0: 3 0x8000a816 (0x0000100f)
core   0: 0x8000a81a (0x03c493b3) mulh    t2, s1, t3
core   0: 3 0x8000a81a (0x03c493b3) x 7 0x00000000
core   0: 0x8000a81e (0x000012f5) c.addi  t0, -3
core   0: 3 0x8000a81e (0x12f5) x 5 0x00000006
core   0: 0x8000a820 (0xff52f9e3) bgeu    t0, s5, pc - 14
core   0: 3 0x8000a820 (0xff52f9e3)
core   0: 0x8000a824 (0x713f3913) sltiu   s2, t5, 1811
core   0: 3 0x8000a824 (0x713f3913) x18 0x00000000
core   0: 0x8000a828 (0x000088c5) c.andi  s1, 17
core   0: 3 0x8000a828 (0x88c5) x 9 0x00000010
core   0: 0x8000a82a (0x0134dc33) srl     s8, s1, s3
core   0: 3 0x8000a82a (0x0134dc33) x24 0x00000010
core   0: 0x8000a82e (0xfcd603e3) beq     a2, a3, pc - 58
core   0: 3 0x8000a82e (0xfcd603e3)
core   0: 0x8000a7f4 (0x024e45b3) div     a1, t3, tp
core   0: 3 0x8000a7f4 (0x024e45b3) x11 0xffffffff
core   0: 0x8000a7f8 (0x00008f19) c.sub   a4, a4
core   0: 3 0x8000a7f8 (0x8f19) x14 0x00000000
core   0: 0x8000a7fa (0x00008411) c.srai  s0, 4
core   0: 3 0x8000a7fa (0x8411) x 8 0xffffffff
core   0: 0x8000a7fc (0x00001659) c.addi  a2, -10
core   0: 3 0x8000a7fc (0x1659) x12 0xfffffff6
core   0: 0x8000a7fe (0x000069c5) c.lui   s3, 0x11
core   0: 3 0x8000a7fe (0x69c5) x19 0x00011000
core   0: 0x8000a800 (0x013400b3) add     ra, s0, s3
core   0: 3 0x8000a800 (0x013400b3) x 1 0x00010fff
core   0: 0x8000a804 (0x00900293) li      t0, 9
core   0: 3 0x8000a804 (0x00900293) x 5 0x00000009
core   0: 0x8000a808 (0x00900a93) li      s5, 9
core   0: 3 0x8000a808 (0x00900a93) x21 0x00000009
core   0: 0x8000a80c (0x0000100f) fence.i
core   0: 3 0x8000a80c (0x0000100f)
core   0: 0x8000a810 (0x000083d1) c.srli  a5, 20
core   0: 3 0x8000a810 (0x83d1) x15 0x00000000
core   0: 0x8000a812 (0x0124cf33) xor     t5, s1, s2
core   0: 3 0x8000a812 (0x0124cf33) x30 0x00000010
core   0: 0x8000a816 (0x0000100f) fence.i
core   0: 3 0x8000a816 (0x0000100f)
core   0: 0x8000a81a (0x03c493b3) mulh    t2, s1, t3
core   0: 3 0x8000a81a (0x03c493b3) x 7 0xfffffff8
core   0: 0x8000a81e (0x000012f5) c.addi  t0, -3
core   0: 3 0x8000a81e (0x12f5) x 5 0x00000006
core   0: 0x8000a820 (0xff52f9e3) bgeu    t0, s5, pc - 14
core   0: 3 0x8000a820 (0xff52f9e3)
core   0: 0x8000a824 (0x713f3913) sltiu   s2, t5, 1811
core   0: 3 0x8000a824 (0x713f3913) x18 0x00000001
core   0: 0x8000a828 (0x000088c5) c.andi  s1, 17
core   0: 3 0x8000a828 (0x88c5) x 9 0x00000010
core   0: 0x8000a82a (0x0134dc33) srl     s8, s1, s3
core   0: 3 0x8000a82a (0x0134dc33) x24 0x00000010
core   0: 0x8000a82e (0xfcd603e3) beq     a2, a3, pc - 58
core   0: 3 0x8000a82e (0xfcd603e3)
core   0: 0x8000a832 (0x02485d33) divu    s10, a6, tp
core   0: 3 0x8000a832 (0x02485d33) x26 0xffffffff
core   0: 0x8000a836 (0xff900b13) li      s6, -7
core   0: 3 0x8000a836 (0xff900b13) x22 0xfffffff9
core   0: 0x8000a83a (0x000d88b3) add     a7, s11, zero
core   0: 3 0x8000a83a (0x000d88b3) x17 0x00000000
core   0: 0x8000a83e (0x00008df9) c.and   a1, a4
core   0: 3 0x8000a83e (0x8df9) x11 0x00000000
core   0: 0x8000a840 (0x00900e93) li      t4, 9
core   0: 3 0x8000a840 (0x00900e93) x29 0x00000009
core   0: 0x8000a844 (0x00008906) c.mv    s2, ra
core   0: 3 0x8000a844 (0x8906) x18 0x00010fff
core   0: 0x8000a846 (0x037f7cb3) remu    s9, t5, s7
core   0: 3 0x8000a846 (0x037f7cb3) x25 0x00000010
core   0: 0x8000a84a (0x000015fd) c.addi  a1, -1
core   0: 3 0x8000a84a (0x15fd) x11 0xffffffff
core   0: 0x8000a84c (0x00000b15) c.addi  s6, 5
core   0: 3 0x8000a84c (0x0b15) x22 0xfffffffe
core   0: 0x8000a84e (0x41b7e313) ori     t1, a5, 1051
core   0: 3 0x8000a84e (0x41b7e313) x 6 0x0000041b
core   0: 0x8000a852 (0x411d51b3) sra     gp, s10, a7
core   0: 3 0x8000a852 (0x411d51b3) x 3 0xffffffff
core   0: 0x8000a856 (0xff700793) li      a5, -9
core   0: 3 0x8000a856 (0xff700793) x15 0xfffffff7
core   0: 0x8000a85a (0x0000100f) fence.i
core   0: 3 0x8000a85a (0x0000100f)
core   0: 0x8000a85e (0x000085a1) c.srai  a1, 8
core   0: 3 0x8000a85e (0x85a1) x11 0xffffffff
core   0: 0x8000a860 (0x00f00513) li      a0, 15
core   0: 3 0x8000a860 (0x00f00513) x10 0x0000000f
core   0: 0x8000a864 (0x0059f933) and     s2, s3, t0
core   0: 3 0x8000a864 (0x0059f933) x18 0x00000000
core   0: 0x8000a868 (0x00000791) c.addi  a5, 4
core   0: 3 0x8000a868 (0x0791) x15 0xfffffffb
core   0: 0x8000a86a (0x00000cba) c.slli  s9, 14
core   0: 3 0x8000a86a (0x0cba) x25 0x00040000
core   0: 0x8000a86c (0xfea79ce3) bne     a5, a0, pc - 8
core   0: 3 0x8000a86c (0xfea79ce3)
core   0: 0x8000a864 (0x0059f933) and     s2, s3, t0
core   0: 3 0x8000a864 (0x0059f933) x18 0x00000000
core   0: 0x8000a868 (0x00000791) c.addi  a5, 4
core   0: 3 0x8000a868 (0x0791) x15 0xffffffff
core   0: 0x8000a86a (0x00000cba) c.slli  s9, 14
core   0: 3 0x8000a86a (0x0cba) x25 0x00000000
core   0: 0x8000a86c (0xfea79ce3) bne     a5, a0, pc - 8
core   0: 3 0x8000a86c (0xfea79ce3)
core   0: 0x8000a864 (0x0059f933) and     s2, s3, t0
core   0: 3 0x8000a864 (0x0059f933) x18 0x00000000
core   0: 0x8000a868 (0x00000791) c.addi  a5, 4
core   0: 3 0x8000a868 (0x0791) x15 0x00000003
core   0: 0x8000a86a (0x00000cba) c.slli  s9, 14
core   0: 3 0x8000a86a (0x0cba) x25 0x00000000
core   0: 0x8000a86c (0xfea79ce3) bne     a5, a0, pc - 8
core   0: 3 0x8000a86c (0xfea79ce3)
core   0: 0x8000a864 (0x0059f933) and     s2, s3, t0
core   0: 3 0x8000a864 (0x0059f933) x18 0x00000000
core   0: 0x8000a868 (0x00000791) c.addi  a5, 4
core   0: 3 0x8000a868 (0x0791) x15 0x00000007
core   0: 0x8000a86a (0x00000cba) c.slli  s9, 14
core   0: 3 0x8000a86a (0x0cba) x25 0x00000000
core   0: 0x8000a86c (0xfea79ce3) bne     a5, a0, pc - 8
core   0: 3 0x8000a86c (0xfea79ce3)
core   0: 0x8000a864 (0x0059f933) and     s2, s3, t0
core   0: 3 0x8000a864 (0x0059f933) x18 0x00000000
core   0: 0x8000a868 (0x00000791) c.addi  a5, 4
core   0: 3 0x8000a868 (0x0791) x15 0x0000000b
core   0: 0x8000a86a (0x00000cba) c.slli  s9, 14
core   0: 3 0x8000a86a (0x0cba) x25 0x00000000
core   0: 0x8000a86c (0xfea79ce3) bne     a5, a0, pc - 8
core   0: 3 0x8000a86c (0xfea79ce3)
core   0: 0x8000a864 (0x0059f933) and     s2, s3, t0
core   0: 3 0x8000a864 (0x0059f933) x18 0x00000000
core   0: 0x8000a868 (0x00000791) c.addi  a5, 4
core   0: 3 0x8000a868 (0x0791) x15 0x0000000f
core   0: 0x8000a86a (0x00000cba) c.slli  s9, 14
core   0: 3 0x8000a86a (0x0cba) x25 0x00000000
core   0: 0x8000a86c (0xfea79ce3) bne     a5, a0, pc - 8
core   0: 3 0x8000a86c (0xfea79ce3)
core   0: 0x8000a870 (0x7d4ed737) lui     a4, 0x7d4ed
core   0: 3 0x8000a870 (0x7d4ed737) x14 0x7d4ed000
core   0: 0x8000a874 (0x0212d833) divu    a6, t0, ra
core   0: 3 0x8000a874 (0x0212d833) x16 0x00000000
core   0: 0x8000a878 (0xfddb66e3) bltu    s6, t4, pc - 52
core   0: 3 0x8000a878 (0xfddb66e3)
core   0: 0x8000a87c (0x000003e2) c.slli  t2, 24
core   0: 3 0x8000a87c (0x03e2) x 7 0xf8000000
core   0: 0x8000a87e (0xffd00393) li      t2, -3
core   0: 3 0x8000a87e (0xffd00393) x 7 0xfffffffd
core   0: 0x8000a882 (0xf93b0f13) addi    t5, s6, -109
core   0: 3 0x8000a882 (0xf93b0f13) x30 0xffffff91
core   0: 0x8000a886 (0x3c988f13) addi    t5, a7, 969
core   0: 3 0x8000a886 (0x3c988f13) x30 0x000003c9
core   0: 0x8000a88a (0x00008e39) c.xor   a2, a4
core   0: 3 0x8000a88a (0x8e39) x12 0x82b12ff6
core   0: 0x8000a88c (0x01202ab3) slt     s5, zero, s2
core   0: 3 0x8000a88c (0x01202ab3) x21 0x00000000
core   0: 0x8000a890 (0xff300193) li      gp, -13
core   0: 3 0x8000a890 (0xff300193) x 3 0xfffffff3
core   0: 0x8000a894 (0x000018fd) c.addi  a7, -1
core   0: 3 0x8000a894 (0x18fd) x17 0xffffffff
core   0: 0x8000a896 (0x000013f1) c.addi  t2, -4
core   0: 3 0x8000a896 (0x13f1) x 7 0xfffffff9
core   0: 0x8000a898 (0xe665fa97) auipc   s5, 0xe665f
core   0: 3 0x8000a898 (0xe665fa97) x21 0x66669898
core   0: 0x8000a89c (0xffc00693) li      a3, -4
core   0: 3 0x8000a89c (0xffc00693) x13 0xfffffffc
core   0: 0x8000a8a0 (0x02c06cb3) rem     s9, zero, a2
core   0: 3 0x8000a8a0 (0x02c06cb3) x25 0x00000000
core   0: 0x8000a8a4 (0xfff00c13) li      s8, -1
core   0: 3 0x8000a8a4 (0xfff00c13) x24 0xffffffff
core   0: 0x8000a8a8 (0x03241ab3) mulh    s5, s0, s2
core   0: 3 0x8000a8a8 (0x03241ab3) x21 0x00000000
core   0: 0x8000a8ac (0x01f632b3) sltu    t0, a2, t6
core   0: 3 0x8000a8ac (0x01f632b3) x 5 0x00000001
core   0: 0x8000a8b0 (0x00000685) c.addi  a3, 1
core   0: 3 0x8000a8b0 (0x0685) x13 0xfffffffd
core   0: 0x8000a8b2 (0xff869be3) bne     a3, s8, pc - 10
core   0: 3 0x8000a8b2 (0xff869be3)
core   0: 0x8000a8a8 (0x03241ab3) mulh    s5, s0, s2
core   0: 3 0x8000a8a8 (0x03241ab3) x21 0x00000000
core   0: 0x8000a8ac (0x01f632b3) sltu    t0, a2, t6
core   0: 3 0x8000a8ac (0x01f632b3) x 5 0x00000001
core   0: 0x8000a8b0 (0x00000685) c.addi  a3, 1
core   0: 3 0x8000a8b0 (0x0685) x13 0xfffffffe
core   0: 0x8000a8b2 (0xff869be3) bne     a3, s8, pc - 10
core   0: 3 0x8000a8b2 (0xff869be3)
core   0: 0x8000a8a8 (0x03241ab3) mulh    s5, s0, s2
core   0: 3 0x8000a8a8 (0x03241ab3) x21 0x00000000
core   0: 0x8000a8ac (0x01f632b3) sltu    t0, a2, t6
core   0: 3 0x8000a8ac (0x01f632b3) x 5 0x00000001
core   0: 0x8000a8b0 (0x00000685) c.addi  a3, 1
core   0: 3 0x8000a8b0 (0x0685) x13 0xffffffff
core   0: 0x8000a8b2 (0xff869be3) bne     a3, s8, pc - 10
core   0: 3 0x8000a8b2 (0xff869be3)
core   0: 0x8000a8b6 (0xfc33dfe3) bge     t2, gp, pc - 34
core   0: 3 0x8000a8b6 (0xfc33dfe3)
core   0: 0x8000a894 (0x000018fd) c.addi  a7, -1
core   0: 3 0x8000a894 (0x18fd) x17 0xfffffffe
core   0: 0x8000a896 (0x000013f1) c.addi  t2, -4
core   0: 3 0x8000a896 (0x13f1) x 7 0xfffffff5
core   0: 0x8000a898 (0xe665fa97) auipc   s5, 0xe665f
core   0: 3 0x8000a898 (0xe665fa97) x21 0x66669898
core   0: 0x8000a89c (0xffc00693) li      a3, -4
core   0: 3 0x8000a89c (0xffc00693) x13 0xfffffffc
core   0: 0x8000a8a0 (0x02c06cb3) rem     s9, zero, a2
core   0: 3 0x8000a8a0 (0x02c06cb3) x25 0x00000000
core   0: 0x8000a8a4 (0xfff00c13) li      s8, -1
core   0: 3 0x8000a8a4 (0xfff00c13) x24 0xffffffff
core   0: 0x8000a8a8 (0x03241ab3) mulh    s5, s0, s2
core   0: 3 0x8000a8a8 (0x03241ab3) x21 0x00000000
core   0: 0x8000a8ac (0x01f632b3) sltu    t0, a2, t6
core   0: 3 0x8000a8ac (0x01f632b3) x 5 0x00000001
core   0: 0x8000a8b0 (0x00000685) c.addi  a3, 1
core   0: 3 0x8000a8b0 (0x0685) x13 0xfffffffd
core   0: 0x8000a8b2 (0xff869be3) bne     a3, s8, pc - 10
core   0: 3 0x8000a8b2 (0xff869be3)
core   0: 0x8000a8a8 (0x03241ab3) mulh    s5, s0, s2
core   0: 3 0x8000a8a8 (0x03241ab3) x21 0x00000000
core   0: 0x8000a8ac (0x01f632b3) sltu    t0, a2, t6
core   0: 3 0x8000a8ac (0x01f632b3) x 5 0x00000001
core   0: 0x8000a8b0 (0x00000685) c.addi  a3, 1
core   0: 3 0x8000a8b0 (0x0685) x13 0xfffffffe
core   0: 0x8000a8b2 (0xff869be3) bne     a3, s8, pc - 10
core   0: 3 0x8000a8b2 (0xff869be3)
core   0: 0x8000a8a8 (0x03241ab3) mulh    s5, s0, s2
core   0: 3 0x8000a8a8 (0x03241ab3) x21 0x00000000
core   0: 0x8000a8ac (0x01f632b3) sltu    t0, a2, t6
core   0: 3 0x8000a8ac (0x01f632b3) x 5 0x00000001
core   0: 0x8000a8b0 (0x00000685) c.addi  a3, 1
core   0: 3 0x8000a8b0 (0x0685) x13 0xffffffff
core   0: 0x8000a8b2 (0xff869be3) bne     a3, s8, pc - 10
core   0: 3 0x8000a8b2 (0xff869be3)
core   0: 0x8000a8b6 (0xfc33dfe3) bge     t2, gp, pc - 34
core   0: 3 0x8000a8b6 (0xfc33dfe3)
core   0: 0x8000a894 (0x000018fd) c.addi  a7, -1
core   0: 3 0x8000a894 (0x18fd) x17 0xfffffffd
core   0: 0x8000a896 (0x000013f1) c.addi  t2, -4
core   0: 3 0x8000a896 (0x13f1) x 7 0xfffffff1
core   0: 0x8000a898 (0xe665fa97) auipc   s5, 0xe665f
core   0: 3 0x8000a898 (0xe665fa97) x21 0x66669898
core   0: 0x8000a89c (0xffc00693) li      a3, -4
core   0: 3 0x8000a89c (0xffc00693) x13 0xfffffffc
core   0: 0x8000a8a0 (0x02c06cb3) rem     s9, zero, a2
core   0: 3 0x8000a8a0 (0x02c06cb3) x25 0x00000000
core   0: 0x8000a8a4 (0xfff00c13) li      s8, -1
core   0: 3 0x8000a8a4 (0xfff00c13) x24 0xffffffff
core   0: 0x8000a8a8 (0x03241ab3) mulh    s5, s0, s2
core   0: 3 0x8000a8a8 (0x03241ab3) x21 0x00000000
core   0: 0x8000a8ac (0x01f632b3) sltu    t0, a2, t6
core   0: 3 0x8000a8ac (0x01f632b3) x 5 0x00000001
core   0: 0x8000a8b0 (0x00000685) c.addi  a3, 1
core   0: 3 0x8000a8b0 (0x0685) x13 0xfffffffd
core   0: 0x8000a8b2 (0xff869be3) bne     a3, s8, pc - 10
core   0: 3 0x8000a8b2 (0xff869be3)
core   0: 0x8000a8a8 (0x03241ab3) mulh    s5, s0, s2
core   0: 3 0x8000a8a8 (0x03241ab3) x21 0x00000000
core   0: 0x8000a8ac (0x01f632b3) sltu    t0, a2, t6
core   0: 3 0x8000a8ac (0x01f632b3) x 5 0x00000001
core   0: 0x8000a8b0 (0x00000685) c.addi  a3, 1
core   0: 3 0x8000a8b0 (0x0685) x13 0xfffffffe
core   0: 0x8000a8b2 (0xff869be3) bne     a3, s8, pc - 10
core   0: 3 0x8000a8b2 (0xff869be3)
core   0: 0x8000a8a8 (0x03241ab3) mulh    s5, s0, s2
core   0: 3 0x8000a8a8 (0x03241ab3) x21 0x00000000
core   0: 0x8000a8ac (0x01f632b3) sltu    t0, a2, t6
core   0: 3 0x8000a8ac (0x01f632b3) x 5 0x00000001
core   0: 0x8000a8b0 (0x00000685) c.addi  a3, 1
core   0: 3 0x8000a8b0 (0x0685) x13 0xffffffff
core   0: 0x8000a8b2 (0xff869be3) bne     a3, s8, pc - 10
core   0: 3 0x8000a8b2 (0xff869be3)
core   0: 0x8000a8b6 (0xfc33dfe3) bge     t2, gp, pc - 34
core   0: 3 0x8000a8b6 (0xfc33dfe3)
core   0: 0x8000a8ba (0x00f77433) and     s0, a4, a5
core   0: 3 0x8000a8ba (0x00f77433) x 8 0x00000000
core   0: 0x8000a8be (0x00400593) li      a1, 4
core   0: 3 0x8000a8be (0x00400593) x11 0x00000004
core   0: 0x8000a8c2 (0x41565033) sra     zero, a2, s5
core   0: 3 0x8000a8c2 (0x41565033)
core   0: 0x8000a8c6 (0x006f0293) addi    t0, t5, 6
core   0: 3 0x8000a8c6 (0x006f0293) x 5 0x000003cf
core   0: 0x8000a8ca (0x0000100f) fence.i
core   0: 3 0x8000a8ca (0x0000100f)
core   0: 0x8000a8ce (0x000090fa) c.add   ra, t5
core   0: 3 0x8000a8ce (0x90fa) x 1 0x000113c8
core   0: 0x8000a8d0 (0x00009a7d) c.andi  a2, -1
core   0: 3 0x8000a8d0 (0x9a7d) x12 0x82b12ff6
core   0: 0x8000a8d2 (0x00008f19) c.sub   a4, a4
core   0: 3 0x8000a8d2 (0x8f19) x14 0x00000000
core   0: 0x8000a8d4 (0x419987b3) sub     a5, s3, s9
core   0: 3 0x8000a8d4 (0x419987b3) x15 0x00011000
core   0: 0x8000a8d8 (0x00400b13) li      s6, 4
core   0: 3 0x8000a8d8 (0x00400b13) x22 0x00000004
core   0: 0x8000a8dc (0x00008ac9) c.andi  a3, 18
core   0: 3 0x8000a8dc (0x8ac9) x13 0x00000012
core   0: 0x8000a8de (0xe4799537) lui     a0, 0xe4799
core   0: 3 0x8000a8de (0xe4799537) x10 0xe4799000
core   0: 0x8000a8e2 (0x00d192b3) sll     t0, gp, a3
core   0: 3 0x8000a8e2 (0x00d192b3) x 5 0xffcc0000
core   0: 0x8000a8e6 (0x000015f9) c.addi  a1, -2
core   0: 3 0x8000a8e6 (0x15f9) x11 0x00000002
core   0: 0x8000a8e8 (0x00008f31) c.xor   a4, a2
core   0: 3 0x8000a8e8 (0x8f31) x14 0x82b12ff6
core   0: 0x8000a8ea (0x9df98913) addi    s2, s3, -1569
core   0: 3 0x8000a8ea (0x9df98913) x18 0x000109df
core   0: 0x8000a8ee (0xe180ee97) auipc   t4, 0xe180e
core   0: 3 0x8000a8ee (0xe180ee97) x29 0x618188ee
core   0: 0x8000a8f2 (0x003fe4b3) or      s1, t6, gp
core   0: 3 0x8000a8f2 (0x003fe4b3) x 9 0xfffffff7
core   0: 0x8000a8f6 (0x0000189c) c.addi4spn a5, sp, 112
core   0: 3 0x8000a8f6 (0x189c) x15 0x00000085
core   0: 0x8000a8f8 (0x0139c2b3) xor     t0, s3, s3
core   0: 3 0x8000a8f8 (0x0139c2b3) x 5 0x00000000
core   0: 0x8000a8fc (0x00ac1a93) slli    s5, s8, 10
core   0: 3 0x8000a8fc (0x00ac1a93) x21 0xfffffc00
core   0: 0x8000a900 (0x3607aa93) slti    s5, a5, 864
core   0: 3 0x8000a900 (0x3607aa93) x21 0x00000001
core   0: 0x8000a904 (0x00000001) c.nop
core   0: 3 0x8000a904 (0x0001)
core   0: 0x8000a906 (0xfd65fce3) bgeu    a1, s6, pc - 40
core   0: 3 0x8000a906 (0xfd65fce3)
core   0: 0x8000a90a (0x00df81b3) add     gp, t6, a3
core   0: 3 0x8000a90a (0x00df81b3) x 3 0x00000007
core   0: 0x8000a90e (0x03648963) beq     s1, s6, pc + 50
core   0: 3 0x8000a90e (0x03648963)
core   0: 0x8000a912 (0x00008192) c.mv    gp, tp
core   0: 3 0x8000a912 (0x8192) x 3 0x00000000
core   0: 0x8000a914 (0x02cb5833) divu    a6, s6, a2
core   0: 3 0x8000a914 (0x02cb5833) x16 0x00000000
core   0: 0x8000a918 (0x00000001) c.nop
core   0: 3 0x8000a918 (0x0001)
core   0: 0x8000a91a (0x021cc463) blt     s9, ra, pc + 40
core   0: 3 0x8000a91a (0x021cc463)
core   0: 0x8000a942 (0x8ee5ae93) slti    t4, a1, -1810
core   0: 3 0x8000a942 (0x8ee5ae93) x29 0x00000000
core   0: 0x8000a946 (0x0036b333) sltu    t1, a3, gp
core   0: 3 0x8000a946 (0x0036b333) x 6 0x00000000
core   0: 0x8000a94a (0x020a3633) mulhu   a2, s4, zero
core   0: 3 0x8000a94a (0x020a3633) x12 0x00000000
core   0: 0x8000a94e (0x03c25233) divu    tp, tp, t3
core   0: 3 0x8000a94e (0x03c25233) x 4 0x00000000
core   0: 0x8000a952 (0x0ff0000f) fence   iorw,iorw
core   0: 3 0x8000a952 (0x0ff0000f)
core   0: 0x8000a956 (0x00005ffd) c.li    t6, -1
core   0: 3 0x8000a956 (0x5ffd) x31 0xffffffff
core   0: 0x8000a958 (0x03c91633) mulh    a2, s2, t3
core   0: 3 0x8000a958 (0x03c91633) x12 0xffff7b12
core   0: 0x8000a95c (0x0023cb33) xor     s6, t2, sp
core   0: 3 0x8000a95c (0x0023cb33) x22 0xffffffe4
core   0: 0x8000a960 (0x0055da93) srli    s5, a1, 5
core   0: 3 0x8000a960 (0x0055da93) x21 0x00000000
core   0: 0x8000a964 (0x02ea6eb3) rem     t4, s4, a4
core   0: 3 0x8000a964 (0x02ea6eb3) x29 0xfd4ed00a
core   0: 0x8000a968 (0x0000c499) c.beqz  s1, pc + 14
core   0: 3 0x8000a968 (0xc499)
core   0: 0x8000a96a (0x0000537d) c.li    t1, -1
core   0: 3 0x8000a96a (0x537d) x 6 0xffffffff
core   0: 0x8000a96c (0x01dbc5b3) xor     a1, s7, t4
core   0: 3 0x8000a96c (0x01dbc5b3) x11 0x7d4cbcee
core   0: 0x8000a970 (0x03741e63) bne     s0, s7, pc + 60
core   0: 3 0x8000a970 (0x03741e63)
core   0: 0x8000a9ac (0x028d8733) mul     a4, s11, s0
core   0: 3 0x8000a9ac (0x028d8733) x14 0x00000000
core   0: 0x8000a9b0 (0x041c4263) blt     s8, ra, pc + 68
core   0: 3 0x8000a9b0 (0x041c4263)
core   0: 0x8000a9f4 (0x00008d49) c.or    a0, a0
core   0: 3 0x8000a9f4 (0x8d49) x10 0xe4799000
core   0: 0x8000a9f6 (0x0000ce81) c.beqz  a3, pc + 24
core   0: 3 0x8000a9f6 (0xce81)
core   0: 0x8000a9f8 (0x319a2013) slti    zero, s4, 793
core   0: 3 0x8000a9f8 (0x319a2013)
core   0: 0x8000a9fc (0x016d1e63) bne     s10, s6, pc + 28
core   0: 3 0x8000a9fc (0x016d1e63)
core   0: 0x8000aa18 (0x00004701) c.li    a4, 0
core   0: 3 0x8000aa18 (0x4701) x14 0x00000000
core   0: 0x8000aa1a (0x0567c563) blt     a5, s6, pc + 74
core   0: 3 0x8000aa1a (0x0567c563)
core   0: 0x8000aa1e (0x00000705) c.addi  a4, 1
core   0: 3 0x8000aa1e (0x0705) x14 0x00000001
core   0: 0x8000aa20 (0x0000100f) fence.i
core   0: 3 0x8000aa20 (0x0000100f)
core   0: 0x8000aa24 (0xce334993) xori    s3, t1, -797
core   0: 3 0x8000aa24 (0xce334993) x19 0x0000031c
core   0: 0x8000aa28 (0x0ff0000f) fence   iorw,iorw
core   0: 3 0x8000aa28 (0x0ff0000f)
core   0: 0x8000aa2c (0x036efab3) remu    s5, t4, s6
core   0: 3 0x8000aa2c (0x036efab3) x21 0xfd4ed00a
core   0: 0x8000aa30 (0x03cdc263) blt     s11, t3, pc + 36
core   0: 3 0x8000aa30 (0x03cdc263)
core   0: 0x8000aa34 (0x02b6d333) divu    t1, a3, a1
core   0: 3 0x8000aa34 (0x02b6d333) x 6 0x00000000
core   0: 0x8000aa38 (0x00008025) c.srli  s0, 9
core   0: 3 0x8000aa38 (0x8025) x 8 0x00000000
core   0: 0x8000aa3a (0x1f5eed37) lui     s10, 0x1f5ee
core   0: 3 0x8000aa3a (0x1f5eed37) x26 0x1f5ee000
core   0: 0x8000aa3e (0x000a9f93) slli    t6, s5, 0
core   0: 3 0x8000aa3e (0x000a9f93) x31 0xfd4ed00a
core   0: 0x8000aa42 (0x0ff0000f) fence   iorw,iorw
core   0: 3 0x8000aa42 (0x0ff0000f)
core   0: 0x8000aa46 (0x02289763) bne     a7, sp, pc + 46
core   0: 3 0x8000aa46 (0x02289763)
core   0: 0x8000aa74 (0x0000832d) c.srli  a4, 11
core   0: 3 0x8000aa74 (0x832d) x14 0x00000000
core   0: 0x8000aa76 (0x02fe2ab3) mulhsu  s5, t3, a5
core   0: 3 0x8000aa76 (0x02fe2ab3) x21 0xffffffbd
core   0: 0x8000aa7a (0x0041ccb3) xor     s9, gp, tp
core   0: 3 0x8000aa7a (0x0041ccb3) x25 0x00000000
core   0: 0x8000aa7e (0x1b58f413) andi    s0, a7, 437
core   0: 3 0x8000aa7e (0x1b58f413) x 8 0x000001b5
core   0: 0x8000aa82 (0x527d4013) xori    zero, s10, 1319
core   0: 3 0x8000aa82 (0x527d4013)
core   0: 0x8000aa86 (0x0ff0000f) fence   iorw,iorw
core   0: 3 0x8000aa86 (0x0ff0000f)
core   0: 0x8000aa8a (0x00008645) c.srai  a2, 17
core   0: 3 0x8000aa8a (0x8645) x12 0xffffffff
core   0: 0x8000aa8c (0x405b8533) sub     a0, s7, t0
core   0: 3 0x8000aa8c (0x405b8533) x10 0x80026ce4
core   0: 0x8000aa90 (0x03e5bc33) mulhu   s8, a1, t5
core   0: 3 0x8000aa90 (0x03e5bc33) x24 0x000001da
core   0: 0x8000aa94 (0xff3e2313) slti    t1, t3, -13
core   0: 3 0x8000aa94 (0xff3e2313) x 6 0x00000001
core   0: 0x8000aa98 (0x029e8b33) mul     s6, t4, s1
core   0: 3 0x8000aa98 (0x029e8b33) x22 0x183aafa6
core   0: 0x8000aa9c (0x037d9033) mulh    zero, s11, s7
core   0: 3 0x8000aa9c (0x037d9033)
core   0: 0x8000aaa0 (0x01c99893) slli    a7, s3, 28
core   0: 3 0x8000aaa0 (0x01c99893) x17 0xc0000000
core   0: 0x8000aaa4 (0x00008d75) c.and   a0, a3
core   0: 3 0x8000aaa4 (0x8d75) x10 0x00000000
core   0: 0x8000aaa6 (0xe290f993) andi    s3, ra, -471
core   0: 3 0x8000aaa6 (0xe290f993) x19 0x00011208
core   0: 0x8000aaaa (0x0398de63) bge     a7, s9, pc + 60
core   0: 3 0x8000aaaa (0x0398de63)
core   0: 0x8000aaae (0x0000e415) c.bnez  s0, pc + 44
core   0: 3 0x8000aaae (0xe415)
core   0: 0x8000aada (0x00008c09) c.sub   s0, a0
core   0: 3 0x8000aada (0x8c09) x 8 0x000001b5
core   0: 0x8000aadc (0x000059fd) c.li    s3, -1
core   0: 3 0x8000aadc (0x59fd) x19 0xffffffff
core   0: 0x8000aade (0xaef28513) addi    a0, t0, -1297
core   0: 3 0x8000aade (0xaef28513) x10 0xfffffaef
core   0: 0x8000aae2 (0x00ad97b3) sll     a5, s11, a0
core   0: 3 0x8000aae2 (0x00ad97b3) x15 0x00000000
core   0: 0x8000aae6 (0x008ccf63) blt     s9, s0, pc + 30
core   0: 3 0x8000aae6 (0x008ccf63)
core   0: 0x8000ab04 (0x00000cb6) c.slli  s9, 13
core   0: 3 0x8000ab04 (0x0cb6) x25 0x00000000
core   0: 0x8000ab06 (0x000082c1) c.srli  a3, 16
core   0: 3 0x8000ab06 (0x82c1) x13 0x00000000
core   0: 0x8000ab08 (0x02ac4963) blt     s8, a0, pc + 50
core   0: 3 0x8000ab08 (0x02ac4963)
core   0: 0x8000ab0c (0x00017ab3) and     s5, sp, zero
core   0: 3 0x8000ab0c (0x00017ab3) x21 0x00000000
core   0: 0x8000ab10 (0x75a8bc93) sltiu   s9, a7, 1882
core   0: 3 0x8000ab10 (0x75a8bc93) x25 0x00000000
core   0: 0x8000ab14 (0x00a4bfb3) sltu    t6, s1, a0
core   0: 3 0x8000ab14 (0x00a4bfb3) x31 0x00000000
core   0: 0x8000ab18 (0x00008839) c.andi  s0, 14
core   0: 3 0x8000ab18 (0x8839) x 8 0x00000004
core   0: 0x8000ab1a (0x0051bc33) sltu    s8, gp, t0
core   0: 3 0x8000ab1a (0x0051bc33) x24 0x00000000
core   0: 0x8000ab1e (0x00e7fb33) and     s6, a5, a4
core   0: 3 0x8000ab1e (0x00e7fb33) x22 0x00000000
core   0: 0x8000ab22 (0x0334ceb3) div     t4, s1, s3
core   0: 3 0x8000ab22 (0x0334ceb3) x29 0x00000009
core   0: 0x8000ab26 (0x40a501b3) sub     gp, a0, a0
core   0: 3 0x8000ab26 (0x40a501b3) x 3 0x00000000
core   0: 0x8000ab2a (0x000085e5) c.srai  a1, 25
core   0: 3 0x8000ab2a (0x85e5) x11 0x0000003e
core   0: 0x8000ab2c (0xc2a2b313) sltiu   t1, t0, -982
core   0: 3 0x8000ab2c (0xc2a2b313) x 6 0x00000001
core   0: 0x8000ab30 (0x00000001) c.nop
core   0: 3 0x8000ab30 (0x0001)
core   0: 0x8000ab32 (0x41498333) sub     t1, s3, s4
core   0: 3 0x8000ab32 (0x41498333) x 6 0x7fffffff
core   0: 0x8000ab36 (0x416b5633) sra     a2, s6, s6
core   0: 3 0x8000ab36 (0x416b5633) x12 0x00000000
core   0: 0x8000ab3a (0x0000c309) c.beqz  a4, pc + 2
core   0: 3 0x8000ab3a (0xc309)
core   0: 0x8000ab3c (0x40c40d33) sub     s10, s0, a2
core   0: 3 0x8000ab3c (0x40c40d33) x26 0x00000004
core   0: 0x8000ab40 (0x60254593) xori    a1, a0, 1538
core   0: 3 0x8000ab40 (0x60254593) x11 0xfffffced
core   0: 0x8000ab44 (0x0000617d) c.addi16sp sp, 496
core   0: 3 0x8000ab44 (0x617d) x 2 0x00000205
core   0: 0x8000ab46 (0x0213d833) divu    a6, t2, ra
core   0: 3 0x8000ab46 (0x0213d833) x16 0x0000eda3
core   0: 0x8000ab4a (0x007f9613) slli    a2, t6, 7
core   0: 3 0x8000ab4a (0x007f9613) x12 0x00000000
core   0: 0x8000ab4e (0x00000f96) c.slli  t6, 5
core   0: 3 0x8000ab4e (0x0f96) x31 0x00000000
core   0: 0x8000ab50 (0x014e5d33) srl     s10, t3, s4
core   0: 3 0x8000ab50 (0x014e5d33) x26 0x80022e00
core   0: 0x8000ab54 (0x004b67b3) or      a5, s6, tp
core   0: 3 0x8000ab54 (0x004b67b3) x15 0x00000000
core   0: 0x8000ab58 (0x40afc593) xori    a1, t6, 1034
core   0: 3 0x8000ab58 (0x40afc593) x11 0x0000040a
core   0: 0x8000ab5c (0x003d0663) beq     s10, gp, pc + 12
core   0: 3 0x8000ab5c (0x003d0663)
core   0: 0x8000ab60 (0x0000e595) c.bnez  a1, pc + 44
core   0: 3 0x8000ab60 (0xe595)
core   0: 0x8000ab8c (0x001b93b3) sll     t2, s7, ra
core   0: 3 0x8000ab8c (0x001b93b3) x 7 0x026ce400
core   0: 0x8000ab90 (0x00008d49) c.or    a0, a0
core   0: 3 0x8000ab90 (0x8d49) x10 0xfffffaef
core   0: 0x8000ab92 (0x412003b3) sub     t2, zero, s2
core   0: 3 0x8000ab92 (0x412003b3) x 7 0xfffef621
core   0: 0x8000ab96 (0x0031c1b3) xor     gp, gp, gp
core   0: 3 0x8000ab96 (0x0031c1b3) x 3 0x00000000
core   0: 0x8000ab9a (0x002a6b63) bltu    s4, sp, pc + 22
core   0: 3 0x8000ab9a (0x002a6b63)
core   0: 0x8000ab9e (0x006ca3b3) slt     t2, s9, t1
core   0: 3 0x8000ab9e (0x006ca3b3) x 7 0x00000001
core   0: 0x8000aba2 (0x00f76f63) bltu    a4, a5, pc + 30
core   0: 3 0x8000aba2 (0x00f76f63)
core   0: 0x8000aba6 (0x00af0d33) add     s10, t5, a0
core   0: 3 0x8000aba6 (0x00af0d33) x26 0xfffffeb8
core   0: 0x8000abaa (0x00008a9d) c.andi  a3, 7
core   0: 3 0x8000abaa (0x8a9d) x13 0x00000000
core   0: 0x8000abac (0x01322b33) slt     s6, tp, s3
core   0: 3 0x8000abac (0x01322b33) x22 0x00000000
core   0: 0x8000abb0 (0x00008ca9) c.xor   s1, a0
core   0: 3 0x8000abb0 (0x8ca9) x 9 0x00000518
core   0: 0x8000abb2 (0x00006ac5) c.lui   s5, 0x11
core   0: 3 0x8000abb2 (0x6ac5) x21 0x00011000
core   0: 0x8000abb4 (0x009b7233) and     tp, s6, s1
core   0: 3 0x8000abb4 (0x009b7233) x 4 0x00000000
core   0: 0x8000abb8 (0x03570363) beq     a4, s5, pc + 38
core   0: 3 0x8000abb8 (0x03570363)
core   0: 0x8000abbc (0x007a9993) slli    s3, s5, 7
core   0: 3 0x8000abbc (0x007a9993) x19 0x00880000
core   0: 0x8000abc0 (0x03e05363) bge     zero, t5, pc + 38
core   0: 3 0x8000abc0 (0x03e05363)
core   0: 0x8000abc4 (0x0000e709) c.bnez  a4, pc + 10
core   0: 3 0x8000abc4 (0xe709)
core   0: 0x8000abc6 (0x0000717d) c.addi16sp sp, -16
core   0: 3 0x8000abc6 (0x717d) x 2 0x000001f5
core   0: 0x8000abc8 (0x00009ede) c.add   t4, s7
core   0: 3 0x8000abc8 (0x9ede) x29 0x80026ced
core   0: 0x8000abca (0x00004ad1) c.li    s5, 20
core   0: 3 0x8000abca (0x4ad1) x21 0x00000014
core   0: 0x8000abcc (0x00008a4d) c.andi  a2, 19
core   0: 3 0x8000abcc (0x8a4d) x12 0x00000000
core   0: 0x8000abce (0x009be733) or      a4, s7, s1
core   0: 3 0x8000abce (0x009be733) x14 0x80026dfc
core   0: 0x8000abd2 (0x020d19b3) mulh    s3, s10, zero
core   0: 3 0x8000abd2 (0x020d19b3) x19 0x00000000
core   0: 0x8000abd6 (0x3d608117) auipc   sp, 0x3d608
core   0: 3 0x8000abd6 (0x3d608117) x 2 0xbd612bd6
core   0: 0x8000abda (0x00008de5) c.and   a1, s1
core   0: 3 0x8000abda (0x8de5) x11 0x00000408
core   0: 0x8000abdc (0x00008d0d) c.sub   a0, a1
core   0: 3 0x8000abdc (0x8d0d) x10 0xfffff6e7
core   0: 0x8000abde (0x01cf6233) or      tp, t5, t3
core   0: 3 0x8000abde (0x01cf6233) x 4 0x80022fc9
core   0: 0x8000abe2 (0x01c58ab3) add     s5, a1, t3
core   0: 3 0x8000abe2 (0x01c58ab3) x21 0x80023208
core   0: 0x8000abe6 (0x01ec6433) or      s0, s8, t5
core   0: 3 0x8000abe6 (0x01ec6433) x 8 0x000003c9
core   0: 0x8000abea (0x0317aeb3) mulhsu  t4, a5, a7
core   0: 3 0x8000abea (0x0317aeb3) x29 0x00000000
core   0: 0x8000abee (0x0073e763) bltu    t2, t2, pc + 14
core   0: 3 0x8000abee (0x0073e763)
core   0: 0x8000abf2 (0x00008c25) c.xor   s0, s1
core   0: 3 0x8000abf2 (0x8c25) x 8 0x000006d1
core   0: 0x8000abf4 (0x00ae2233) slt     tp, t3, a0
core   0: 3 0x8000abf4 (0x00ae2233) x 4 0x00000001
core   0: 0x8000abf8 (0x40abd5b3) sra     a1, s7, a0
core   0: 3 0x8000abf8 (0x40abd5b3) x11 0xff0004d9
core   0: 0x8000abfc (0x0000853e) c.mv    a0, a5
core   0: 3 0x8000abfc (0x853e) x10 0x00000000
core   0: 0x8000abfe (0x00916c33) or      s8, sp, s1
core   0: 3 0x8000abfe (0x00916c33) x24 0xbd612fde
core   0: 0x8000ac02 (0x00e37933) and     s2, t1, a4
core   0: 3 0x8000ac02 (0x00e37933) x18 0x00026dfc
core   0: 0x8000ac06 (0xffe44417) auipc   s0, 0xffe44
core   0: 3 0x8000ac06 (0xffe44417) x 8 0x7fe4ec06
core   0: 0x8000ac0a (0x00008a79) c.andi  a2, 30
core   0: 3 0x8000ac0a (0x8a79) x12 0x00000000
core   0: 0x8000ac0c (0x023d6d33) rem     s10, s10, gp
core   0: 3 0x8000ac0c (0x023d6d33) x26 0xfffffeb8
core   0: 0x8000ac10 (0x03957163) bgeu    a0, s9, pc + 34
core   0: 3 0x8000ac10 (0x03957163)
core   0: 0x8000ac32 (0x000004f2) c.slli  s1, 28
core   0: 3 0x8000ac32 (0x04f2) x 9 0x80000000
core   0: 0x8000ac34 (0x01395d93) srli    s11, s2, 19
core   0: 3 0x8000ac34 (0x01395d93) x27 0x00000000
core   0: 0x8000ac38 (0x00000001) c.nop
core   0: 3 0x8000ac38 (0x0001)
core   0: 0x8000ac3a (0x028ecd63) blt     t4, s0, pc + 58
core   0: 3 0x8000ac3a (0x028ecd63)
core   0: 0x8000ac74 (0x00000eb1) c.addi  t4, 12
core   0: 3 0x8000ac74 (0x0eb1) x29 0x0000000c
core   0: 0x8000ac76 (0x00000eae) c.slli  t4, 11
core   0: 3 0x8000ac76 (0x0eae) x29 0x00006000
core   0: 0x8000ac78 (0x000094e6) c.add   s1, s9
core   0: 3 0x8000ac78 (0x94e6) x 9 0x80000000
core   0: 0x8000ac7a (0x03babd33) mulhu   s10, s5, s11
core   0: 3 0x8000ac7a (0x03babd33) x26 0x00000000
core   0: 0x8000ac7e (0x02b81db3) mulh    s11, a6, a1
core   0: 3 0x8000ac7e (0x02b81db3) x27 0xffffff12
core   0: 0x8000ac82 (0x0000eb15) c.bnez  a4, pc + 52
core   0: 3 0x8000ac82 (0xeb15)
core   0: 0x8000acb6 (0x00004dd9) c.li    s11, 22
core   0: 3 0x8000acb6 (0x4dd9) x27 0x00000016
core   0: 0x8000acb8 (0x0000100f) fence.i
core   0: 3 0x8000acb8 (0x0000100f)
core   0: 0x8000acbc (0x00008c4d) c.or    s0, a1
core   0: 3 0x8000acbc (0x8c4d) x 8 0xffe4ecdf
core   0: 0x8000acbe (0x00009b42) c.add   s6, a6
core   0: 3 0x8000acbe (0x9b42) x22 0x0000eda3
core   0: 0x8000acc0 (0x04964163) blt     a2, s1, pc + 66
core   0: 3 0x8000acc0 (0x04964163)
core   0: 0x8000acc4 (0x0000e495) c.bnez  s1, pc + 44
core   0: 3 0x8000acc4 (0xe495)
core   0: 0x8000acf0 (0x03d4dd33) divu    s10, s1, t4
core   0: 3 0x8000acf0 (0x03d4dd33) x26 0x00015555
core   0: 0x8000acf4 (0x01528263) beq     t0, s5, pc + 4
core   0: 3 0x8000acf4 (0x01528263)
core   0: 0x8000acf8 (0x06126f63) bltu    tp, ra, pc + 126
core   0: 3 0x8000acf8 (0x06126f63)
core   0: 0x8000ad76 (0x0000cb91) c.beqz  a5, pc + 20
core   0: 3 0x8000ad76 (0xcb91)
core   0: 0x8000ad8a (0x018224b3) slt     s1, tp, s8
core   0: 3 0x8000ad8a (0x018224b3) x 9 0x00000000
core   0: 0x8000ad8e (0x04971163) bne     a4, s1, pc + 66
core   0: 3 0x8000ad8e (0x04971163)
core   0: 0x8000add0 (0x4030dd93) srai    s11, ra, 3
core   0: 3 0x8000add0 (0x4030dd93) x27 0x00002279
core   0: 0x8000add4 (0x0000ef01) c.bnez  a4, pc + 24
core   0: 3 0x8000add4 (0xef01)
core   0: 0x8000adec (0x5a510313) addi    t1, sp, 1445
core   0: 3 0x8000adec (0x5a510313) x 6 0xbd61317b
core   0: 0x8000adf0 (0x00006fa9) c.lui   t6, 0xa
core   0: 3 0x8000adf0 (0x6fa9) x31 0x0000a000
core   0: 0x8000adf2 (0x000082e1) c.srli  a3, 24
core   0: 3 0x8000adf2 (0x82e1) x13 0x00000000
core   0: 0x8000adf4 (0x02aed933) divu    s2, t4, a0
core   0: 3 0x8000adf4 (0x02aed933) x18 0xffffffff
core   0: 0x8000adf8 (0x005bf8b3) and     a7, s7, t0
core   0: 3 0x8000adf8 (0x005bf8b3) x17 0x00000000
core   0: 0x8000adfc (0x0ff0000f) fence   iorw,iorw
core   0: 3 0x8000adfc (0x0ff0000f)
core   0: 0x8000ae00 (0x01a26c33) or      s8, tp, s10
core   0: 3 0x8000ae00 (0x01a26c33) x24 0x00015555
core   0: 0x8000ae04 (0x02cbe533) rem     a0, s7, a2
core   0: 3 0x8000ae04 (0x02cbe533) x10 0x80026ce4
core   0: 0x8000ae08 (0x019c2f33) slt     t5, s8, s9
core   0: 3 0x8000ae08 (0x019c2f33) x30 0x00000000
core   0: 0x8000ae0c (0x0000100f) fence.i
core   0: 3 0x8000ae0c (0x0000100f)
core   0: 0x8000ae10 (0x00631013) slli    zero, t1, 6
core   0: 3 0x8000ae10 (0x00631013)
core   0: 0x8000ae14 (0x038141b3) div     gp, sp, s8
core   0: 3 0x8000ae14 (0x038141b3) x 3 0xffffce09
core   0: 0x8000ae18 (0x01eea1b3) slt     gp, t4, t5
core   0: 3 0x8000ae18 (0x01eea1b3) x 3 0x00000000
core   0: 0x8000ae1c (0xde986c93) ori     s9, a6, -535
core   0: 3 0x8000ae1c (0xde986c93) x25 0xfffffdeb
core   0: 0x8000ae20 (0x02f572b3) remu    t0, a0, a5
core   0: 3 0x8000ae20 (0x02f572b3) x 5 0x80026ce4
core   0: 0x8000ae24 (0x00008b16) c.mv    s6, t0
core   0: 3 0x8000ae24 (0x8b16) x22 0x80026ce4
core   0: 0x8000ae26 (0x00000001) c.nop
core   0: 3 0x8000ae26 (0x0001)
core   0: 0x8000ae28 (0x03a4e963) bltu    s1, s10, pc + 50
core   0: 3 0x8000ae28 (0x03a4e963)
core   0: 0x8000ae5a (0x0311f363) bgeu    gp, a7, pc + 38
core   0: 3 0x8000ae5a (0x0311f363)
core   0: 0x8000ae80 (0x01904233) xor     tp, zero, s9
core   0: 3 0x8000ae80 (0x01904233) x 4 0xfffffdeb
core   0: 0x8000ae84 (0x021bdb33) divu    s6, s7, ra
core   0: 3 0x8000ae84 (0x021bdb33) x22 0x000076d3
core   0: 0x8000ae88 (0x01899d33) sll     s10, s3, s8
core   0: 3 0x8000ae88 (0x01899d33) x26 0x00000000
core   0: 0x8000ae8c (0x00006125) c.addi16sp sp, 96
core   0: 3 0x8000ae8c (0x6125) x 2 0xbd612c36
core   0: 0x8000ae8e (0x412f54b3) sra     s1, t5, s2
core   0: 3 0x8000ae8e (0x412f54b3) x 9 0x00000000
core   0: 0x8000ae92 (0x00000001) c.nop
core   0: 3 0x8000ae92 (0x0001)
core   0: 0x8000ae94 (0x0363e263) bltu    t2, s6, pc + 36
core   0: 3 0x8000ae94 (0x0363e263)
core   0: 0x8000aeb8 (0x021b95b3) mulh    a1, s7, ra
core   0: 3 0x8000aeb8 (0x021b95b3) x11 0xffff761e
core   0: 0x8000aebc (0x41a4dd33) sra     s10, s1, s10
core   0: 3 0x8000aebc (0x41a4dd33) x26 0x00000000
core   0: 0x8000aec0 (0x00a88b63) beq     a7, a0, pc + 22
core   0: 3 0x8000aec0 (0x00a88b63)
core   0: 0x8000aec4 (0x4176d133) sra     sp, a3, s7
core   0: 3 0x8000aec4 (0x4176d133) x 2 0x00000000
core   0: 0x8000aec8 (0x0344d7b3) divu    a5, s1, s4
core   0: 3 0x8000aec8 (0x0344d7b3) x15 0x00000000
core   0: 0x8000aecc (0x957c0693) addi    a3, s8, -1705
core   0: 3 0x8000aecc (0x957c0693) x13 0x00014eac
core   0: 0x8000aed0 (0x543a3337) lui     t1, 0x543a3
core   0: 3 0x8000aed0 (0x543a3337) x 6 0x543a3000
core   0: 0x8000aed4 (0x00000490) c.addi4spn a2, sp, 576
core   0: 3 0x8000aed4 (0x0490) x12 0x00000240
core   0: 0x8000aed6 (0x0000c31d) c.beqz  a4, pc + 38
core   0: 3 0x8000aed6 (0xc31d)
core   0: 0x8000aed8 (0xd3ab4093) xori    ra, s6, -710
core   0: 3 0x8000aed8 (0xd3ab4093) x 1 0xffff8be9
core   0: 0x8000aedc (0x8ec4b937) lui     s2, 0x8ec4b
core   0: 3 0x8000aedc (0x8ec4b937) x18 0x8ec4b000
core   0: 0x8000aee0 (0x24a3f497) auipc   s1, 0x24a3f
core   0: 3 0x8000aee0 (0x24a3f497) x 9 0xa4a49ee0
core   0: 0x8000aee4 (0x00008f9d) c.sub   a5, a5
core   0: 3 0x8000aee4 (0x8f9d) x15 0x00000000
core   0: 0x8000aee6 (0x027a33b3) mulhu   t2, s4, t2
core   0: 3 0x8000aee6 (0x027a33b3) x 7 0x00000000
core   0: 0x8000aeea (0x0045d3b3) srl     t2, a1, tp
core   0: 3 0x8000aeea (0x0045d3b3) x 7 0x001fffee
core   0: 0x8000aeee (0x75093f93) sltiu   t6, s2, 1872
core   0: 3 0x8000aeee (0x75093f93) x31 0x00000000
core   0: 0x8000aef2 (0x40e15893) srai    a7, sp, 14
core   0: 3 0x8000aef2 (0x40e15893) x17 0x00000000
core   0: 0x8000aef6 (0x003f9693) slli    a3, t6, 3
core   0: 3 0x8000aef6 (0x003f9693) x13 0x00000000
core   0: 0x8000aefa (0x00006675) c.lui   a2, 0x1d
core   0: 3 0x8000aefa (0x6675) x12 0x0001d000
core   0: 0x8000aefc (0x018170b3) and     ra, sp, s8
core   0: 3 0x8000aefc (0x018170b3) x 1 0x00000000
core   0: 0x8000af00 (0x00000c1c) c.addi4spn a5, sp, 528
core   0: 3 0x8000af00 (0x0c1c) x15 0x00000210
core   0: 0x8000af02 (0x009f2633) slt     a2, t5, s1
core   0: 3 0x8000af02 (0x009f2633) x12 0x00000000
core   0: 0x8000af06 (0x087307b7) lui     a5, 0x8730
core   0: 3 0x8000af06 (0x087307b7) x15 0x08730000
core   0: 0x8000af0a (0x8744d0b7) lui     ra, 0x8744d
core   0: 3 0x8000af0a (0x8744d0b7) x 1 0x8744d000
core   0: 0x8000af0e (0x015dd5b3) srl     a1, s11, s5
core   0: 3 0x8000af0e (0x015dd5b3) x11 0x00000022
core   0: 0x8000af12 (0x00689863) bne     a7, t1, pc + 16
core   0: 3 0x8000af12 (0x00689863)
core   0: 0x8000af22 (0x006bd213) srli    tp, s7, 6
core   0: 3 0x8000af22 (0x006bd213) x 4 0x020009b3
core   0: 0x8000af26 (0x0000717d) c.addi16sp sp, -16
core   0: 3 0x8000af26 (0x717d) x 2 0xfffffff0
core   0: 0x8000af28 (0x00001d7d) c.addi  s10, -1
core   0: 3 0x8000af28 (0x1d7d) x26 0xffffffff
core   0: 0x8000af2a (0x0000100f) fence.i
core   0: 3 0x8000af2a (0x0000100f)
core   0: 0x8000af2e (0x015bc863) blt     s7, s5, pc + 16
core   0: 3 0x8000af2e (0x015bc863)
core   0: 0x8000af32 (0xf62a2613) slti    a2, s4, -158
core   0: 3 0x8000af32 (0xf62a2613) x12 0x00000001
core   0: 0x8000af36 (0x01545b13) srli    s6, s0, 21
core   0: 3 0x8000af36 (0x01545b13) x22 0x000007ff
core   0: 0x8000af3a (0xb9fc0393) addi    t2, s8, -1121
core   0: 3 0x8000af3a (0xb9fc0393) x 7 0x000150f4
core   0: 0x8000af3e (0x0000c085) c.beqz  s1, pc + 32
core   0: 3 0x8000af3e (0xc085)
core   0: 0x8000af40 (0x00000001) c.nop
core   0: 3 0x8000af40 (0x0001)
core   0: 0x8000af42 (0xfe756a93) ori     s5, a0, -25
core   0: 3 0x8000af42 (0xfe756a93) x21 0xffffffe7
core   0: 0x8000af46 (0xcf183713) sltiu   a4, a6, -783
core   0: 3 0x8000af46 (0xcf183713) x14 0x00000001
core   0: 0x8000af4a (0x00008c01) c.sub   s0, s0
core   0: 3 0x8000af4a (0x8c01) x 8 0x00000000
core   0: 0x8000af4c (0x0000100f) fence.i
core   0: 3 0x8000af4c (0x0000100f)
core   0: 0x8000af50 (0x018834b3) sltu    s1, a6, s8
core   0: 3 0x8000af50 (0x018834b3) x 9 0x00000001
core   0: 0x8000af54 (0x001a9cb3) sll     s9, s5, ra
core   0: 3 0x8000af54 (0x001a9cb3) x25 0xffffffe7
core   0: 0x8000af58 (0x00004221) c.li    tp, 8
core   0: 3 0x8000af58 (0x4221) x 4 0x00000008
core   0: 0x8000af5a (0x02701263) bne     zero, t2, pc + 36
core   0: 3 0x8000af5a (0x02701263)
core   0: 0x8000af7e (0x0000ef1d) c.bnez  a4, pc + 62
core   0: 3 0x8000af7e (0xef1d)
core   0: 0x8000afbc (0x0000612d) c.addi16sp sp, 224
core   0: 3 0x8000afbc (0x612d) x 2 0x000000d0
core   0: 0x8000afbe (0x00000284) c.addi4spn s1, sp, 320
core   0: 3 0x8000afbe (0x0284) x 9 0x00000210
core   0: 0x8000afc0 (0x03258533) mul     a0, a1, s2
core   0: 3 0x8000afc0 (0x03258533) x10 0xf61f6000
core   0: 0x8000afc4 (0x00006cdd) c.lui   s9, 0x17
core   0: 3 0x8000afc4 (0x6cdd) x25 0x00017000
core   0: 0x8000afc6 (0x03af0933) mul     s2, t5, s10
core   0: 3 0x8000afc6 (0x03af0933) x18 0x00000000
core   0: 0x8000afca (0x8b142593) slti    a1, s0, -1871
core   0: 3 0x8000afca (0x8b142593) x11 0x00000000
core   0: 0x8000afce (0x000083b2) c.mv    t2, a2
core   0: 3 0x8000afce (0x83b2) x 7 0x00000001
core   0: 0x8000afd0 (0x000002f5) c.addi  t0, 29
core   0: 3 0x8000afd0 (0x02f5) x 5 0x80026d01
core   0: 0x8000afd2 (0x00008b2d) c.andi  a4, 11
core   0: 3 0x8000afd2 (0x8b2d) x14 0x00000001
core   0: 0x8000afd4 (0x0ff0000f) fence   iorw,iorw
core   0: 3 0x8000afd4 (0x0ff0000f)
core   0: 0x8000afd8 (0x05a2fe63) bgeu    t0, s10, pc + 92
core   0: 3 0x8000afd8 (0x05a2fe63)
core   0: 0x8000afdc (0x0000717d) c.addi16sp sp, -16
core   0: 3 0x8000afdc (0x717d) x 2 0x000000c0
core   0: 0x8000afde (0x40f38733) sub     a4, t2, a5
core   0: 3 0x8000afde (0x40f38733) x14 0xf78d0001
core   0: 0x8000afe2 (0xee3a8113) addi    sp, s5, -285
core   0: 3 0x8000afe2 (0xee3a8113) x 2 0xfffffeca
core   0: 0x8000afe6 (0x00200113) li      sp, 2
core   0: 3 0x8000afe6 (0x00200113) x 2 0x00000002
core   0: 0x8000afea (0x01100a93) li      s5, 17
core   0: 3 0x8000afea (0x01100a93) x21 0x00000011
core   0: 0x8000afee (0x02ba91b3) mulh    gp, s5, a1
core   0: 3 0x8000afee (0x02ba91b3) x 3 0x00000000
core   0: 0x8000aff2 (0x00000115) c.addi  sp, 5
core   0: 3 0x8000aff2 (0x0115) x 2 0x00000007
core   0: 0x8000aff4 (0xfff00513) li      a0, -1
core   0: 3 0x8000aff4 (0xfff00513) x10 0xffffffff
core   0: 0x8000aff8 (0x01300c93) li      s9, 19
core   0: 3 0x8000aff8 (0x01300c93) x25 0x00000013
core   0: 0x8000affc (0x000830b3) sltu    ra, a6, zero
core   0: 3 0x8000affc (0x000830b3) x 1 0x00000000
core   0: 0x8000b000 (0x00008d81) c.sub   a1, s0
core   0: 3 0x8000b000 (0x8d81) x11 0x00000000
core   0: 0x8000b002 (0x00000515) c.addi  a0, 5
core   0: 3 0x8000b002 (0x0515) x10 0x00000004
core   0: 0x8000b004 (0xff951ee3) bne     a0, s9, pc - 4
core   0: 3 0x8000b004 (0xff951ee3)
core   0: 0x8000b000 (0x00008d81) c.sub   a1, s0
core   0: 3 0x8000b000 (0x8d81) x11 0x00000000
core   0: 0x8000b002 (0x00000515) c.addi  a0, 5
core   0: 3 0x8000b002 (0x0515) x10 0x00000009
core   0: 0x8000b004 (0xff951ee3) bne     a0, s9, pc - 4
core   0: 3 0x8000b004 (0xff951ee3)
core   0: 0x8000b000 (0x00008d81) c.sub   a1, s0
core   0: 3 0x8000b000 (0x8d81) x11 0x00000000
core   0: 0x8000b002 (0x00000515) c.addi  a0, 5
core   0: 3 0x8000b002 (0x0515) x10 0x0000000e
core   0: 0x8000b004 (0xff951ee3) bne     a0, s9, pc - 4
core   0: 3 0x8000b004 (0xff951ee3)
core   0: 0x8000b000 (0x00008d81) c.sub   a1, s0
core   0: 3 0x8000b000 (0x8d81) x11 0x00000000
core   0: 0x8000b002 (0x00000515) c.addi  a0, 5
core   0: 3 0x8000b002 (0x0515) x10 0x00000013
core   0: 0x8000b004 (0xff951ee3) bne     a0, s9, pc - 4
core   0: 3 0x8000b004 (0xff951ee3)
core   0: 0x8000b008 (0xff5113e3) bne     sp, s5, pc - 26
core   0: 3 0x8000b008 (0xff5113e3)
core   0: 0x8000afee (0x02ba91b3) mulh    gp, s5, a1
core   0: 3 0x8000afee (0x02ba91b3) x 3 0x00000000
core   0: 0x8000aff2 (0x00000115) c.addi  sp, 5
core   0: 3 0x8000aff2 (0x0115) x 2 0x0000000c
core   0: 0x8000aff4 (0xfff00513) li      a0, -1
core   0: 3 0x8000aff4 (0xfff00513) x10 0xffffffff
core   0: 0x8000aff8 (0x01300c93) li      s9, 19
core   0: 3 0x8000aff8 (0x01300c93) x25 0x00000013
core   0: 0x8000affc (0x000830b3) sltu    ra, a6, zero
core   0: 3 0x8000affc (0x000830b3) x 1 0x00000000
core   0: 0x8000b000 (0x00008d81) c.sub   a1, s0
core   0: 3 0x8000b000 (0x8d81) x11 0x00000000
core   0: 0x8000b002 (0x00000515) c.addi  a0, 5
core   0: 3 0x8000b002 (0x0515) x10 0x00000004
core   0: 0x8000b004 (0xff951ee3) bne     a0, s9, pc - 4
core   0: 3 0x8000b004 (0xff951ee3)
core   0: 0x8000b000 (0x00008d81) c.sub   a1, s0
core   0: 3 0x8000b000 (0x8d81) x11 0x00000000
core   0: 0x8000b002 (0x00000515) c.addi  a0, 5
core   0: 3 0x8000b002 (0x0515) x10 0x00000009
core   0: 0x8000b004 (0xff951ee3) bne     a0, s9, pc - 4
core   0: 3 0x8000b004 (0xff951ee3)
core   0: 0x8000b000 (0x00008d81) c.sub   a1, s0
core   0: 3 0x8000b000 (0x8d81) x11 0x00000000
core   0: 0x8000b002 (0x00000515) c.addi  a0, 5
core   0: 3 0x8000b002 (0x0515) x10 0x0000000e
core   0: 0x8000b004 (0xff951ee3) bne     a0, s9, pc - 4
core   0: 3 0x8000b004 (0xff951ee3)
core   0: 0x8000b000 (0x00008d81) c.sub   a1, s0
core   0: 3 0x8000b000 (0x8d81) x11 0x00000000
core   0: 0x8000b002 (0x00000515) c.addi  a0, 5
core   0: 3 0x8000b002 (0x0515) x10 0x00000013
core   0: 0x8000b004 (0xff951ee3) bne     a0, s9, pc - 4
core   0: 3 0x8000b004 (0xff951ee3)
core   0: 0x8000b008 (0xff5113e3) bne     sp, s5, pc - 26
core   0: 3 0x8000b008 (0xff5113e3)
core   0: 0x8000afee (0x02ba91b3) mulh    gp, s5, a1
core   0: 3 0x8000afee (0x02ba91b3) x 3 0x00000000
core   0: 0x8000aff2 (0x00000115) c.addi  sp, 5
core   0: 3 0x8000aff2 (0x0115) x 2 0x00000011
core   0: 0x8000aff4 (0xfff00513) li      a0, -1
core   0: 3 0x8000aff4 (0xfff00513) x10 0xffffffff
core   0: 0x8000aff8 (0x01300c93) li      s9, 19
core   0: 3 0x8000aff8 (0x01300c93) x25 0x00000013
core   0: 0x8000affc (0x000830b3) sltu    ra, a6, zero
core   0: 3 0x8000affc (0x000830b3) x 1 0x00000000
core   0: 0x8000b000 (0x00008d81) c.sub   a1, s0
core   0: 3 0x8000b000 (0x8d81) x11 0x00000000
core   0: 0x8000b002 (0x00000515) c.addi  a0, 5
core   0: 3 0x8000b002 (0x0515) x10 0x00000004
core   0: 0x8000b004 (0xff951ee3) bne     a0, s9, pc - 4
core   0: 3 0x8000b004 (0xff951ee3)
core   0: 0x8000b000 (0x00008d81) c.sub   a1, s0
core   0: 3 0x8000b000 (0x8d81) x11 0x00000000
core   0: 0x8000b002 (0x00000515) c.addi  a0, 5
core   0: 3 0x8000b002 (0x0515) x10 0x00000009
core   0: 0x8000b004 (0xff951ee3) bne     a0, s9, pc - 4
core   0: 3 0x8000b004 (0xff951ee3)
core   0: 0x8000b000 (0x00008d81) c.sub   a1, s0
core   0: 3 0x8000b000 (0x8d81) x11 0x00000000
core   0: 0x8000b002 (0x00000515) c.addi  a0, 5
core   0: 3 0x8000b002 (0x0515) x10 0x0000000e
core   0: 0x8000b004 (0xff951ee3) bne     a0, s9, pc - 4
core   0: 3 0x8000b004 (0xff951ee3)
core   0: 0x8000b000 (0x00008d81) c.sub   a1, s0
core   0: 3 0x8000b000 (0x8d81) x11 0x00000000
core   0: 0x8000b002 (0x00000515) c.addi  a0, 5
core   0: 3 0x8000b002 (0x0515) x10 0x00000013
core   0: 0x8000b004 (0xff951ee3) bne     a0, s9, pc - 4
core   0: 3 0x8000b004 (0xff951ee3)
core   0: 0x8000b008 (0xff5113e3) bne     sp, s5, pc - 26
core   0: 3 0x8000b008 (0xff5113e3)
core   0: 0x8000b00c (0x00008c6d) c.and   s0, a1
core   0: 3 0x8000b00c (0x8c6d) x 8 0x00000000
core   0: 0x8000b00e (0x00000111) c.addi  sp, 4
core   0: 3 0x8000b00e (0x0111) x 2 0x00000015
core   0: 0x8000b010 (0x022398b3) mulh    a7, t2, sp
core   0: 3 0x8000b010 (0x022398b3) x17 0x00000000
core   0: 0x8000b014 (0x00000001) c.nop
core   0: 3 0x8000b014 (0x0001)
core   0: 0x8000b016 (0x00000b18) c.addi4spn a4, sp, 400
core   0: 3 0x8000b016 (0x0b18) x14 0x000001a5
core   0: 0x8000b018 (0x0000c909) c.beqz  a0, pc + 18
core   0: 3 0x8000b018 (0xc909)
core   0: 0x8000b01a (0x41555f33) sra     t5, a0, s5
core   0: 3 0x8000b01a (0x41555f33) x30 0x00000000
core   0: 0x8000b01e (0xd7364b17) auipc   s6, 0xd7364
core   0: 3 0x8000b01e (0xd7364b17) x22 0x5736f01e
core   0: 0x8000b022 (0x0000c51d) c.beqz  a0, pc + 46
core   0: 3 0x8000b022 (0xc51d)
core   0: 0x8000b024 (0xc6eb3d93) sltiu   s11, s6, -914
core   0: 3 0x8000b024 (0xc6eb3d93) x27 0x00000001
core   0: 0x8000b028 (0x00008d41) c.or    a0, s0
core   0: 3 0x8000b028 (0x8d41) x10 0x00000013
core   0: 0x8000b02a (0x028a63b3) rem     t2, s4, s0
core   0: 3 0x8000b02a (0x028a63b3) x 7 0x80000000
core   0: 0x8000b02e (0x00000ebe) c.slli  t4, 15
core   0: 3 0x8000b02e (0x0ebe) x29 0x30000000
core   0: 0x8000b030 (0x0214f433) remu    s0, s1, ra
core   0: 3 0x8000b030 (0x0214f433) x 8 0x00000210
core   0: 0x8000b034 (0x02a3aeb3) mulhsu  t4, t2, a0
core   0: 3 0x8000b034 (0x02a3aeb3) x29 0xfffffff6
core   0: 0x8000b038 (0x008902b3) add     t0, s2, s0
core   0: 3 0x8000b038 (0x008902b3) x 5 0x00000210
core   0: 0x8000b03c (0x00000001) c.nop
core   0: 3 0x8000b03c (0x0001)
core   0: 0x8000b03e (0x40b6d113) srai    sp, a3, 11
core   0: 3 0x8000b03e (0x40b6d113) x 2 0x00000000
core   0: 0x8000b042 (0x5dfaa513) slti    a0, s5, 1503
core   0: 3 0x8000b042 (0x5dfaa513) x10 0x00000001
core   0: 0x8000b046 (0x02334833) div     a6, t1, gp
core   0: 3 0x8000b046 (0x02334833) x16 0xffffffff
core   0: 0x8000b04a (0x000060d1) c.lui   ra, 0x14
core   0: 3 0x8000b04a (0x60d1) x 1 0x00014000
core   0: 0x8000b04c (0x7d1075b7) lui     a1, 0x7d107
core   0: 3 0x8000b04c (0x7d1075b7) x11 0x7d107000
core   0: 0x8000b050 (0x03ad9433) mulh    s0, s11, s10
core   0: 3 0x8000b050 (0x03ad9433) x 8 0xffffffff
core   0: 0x8000b054 (0x405983b3) sub     t2, s3, t0
core   0: 3 0x8000b054 (0x405983b3) x 7 0xfffffdf0
core   0: 0x8000b058 (0x00008619) c.srai  a2, 6
core   0: 3 0x8000b058 (0x8619) x12 0x00000000
core   0: 0x8000b05a (0x000000ad) c.addi  ra, 11
core   0: 3 0x8000b05a (0x00ad) x 1 0x0001400b
core   0: 0x8000b05c (0x01faa233) slt     tp, s5, t6
core   0: 3 0x8000b05c (0x01faa233) x 4 0x00000000
core   0: 0x8000b060 (0x008cf133) and     sp, s9, s0
core   0: 3 0x8000b060 (0x008cf133) x 2 0x00000013
core   0: 0x8000b064 (0x028837b3) mulhu   a5, a6, s0
core   0: 3 0x8000b064 (0x028837b3) x15 0xfffffffe
core   0: 0x8000b068 (0x404b0333) sub     t1, s6, tp
core   0: 3 0x8000b068 (0x404b0333) x 6 0x5736f01e
core   0: 0x8000b06c (0x018a9963) bne     s5, s8, pc + 18
core   0: 3 0x8000b06c (0x018a9963)
core   0: 0x8000b07e (0x00000dfa) c.slli  s11, 30
core   0: 3 0x8000b07e (0x0dfa) x27 0x40000000
core   0: 0x8000b080 (0x0000e40d) c.bnez  s0, pc + 42
core   0: 3 0x8000b080 (0xe40d)
core   0: 0x8000b0aa (0x0148c463) blt     a7, s4, pc + 8
core   0: 3 0x8000b0aa (0x0148c463)
core   0: 0x8000b0ae (0x00008fe2) c.mv    t6, s8
core   0: 3 0x8000b0ae (0x8fe2) x31 0x00015555
core   0: 0x8000b0b0 (0x0000c089) c.beqz  s1, pc + 2
core   0: 3 0x8000b0b0 (0xc089)
core   0: 0x8000b0b2 (0x00008245) c.srli  a2, 17
core   0: 3 0x8000b0b2 (0x8245) x12 0x00000000
core   0: 0x8000b0b4 (0x0344ffb3) remu    t6, s1, s4
core   0: 3 0x8000b0b4 (0x0344ffb3) x31 0x00000210
core   0: 0x8000b0b8 (0x00006685) c.lui   a3, 0x1
core   0: 3 0x8000b0b8 (0x6685) x13 0x00001000
core   0: 0x8000b0ba (0x01e11413) slli    s0, sp, 30
core   0: 3 0x8000b0ba (0x01e11413) x 8 0xc0000000
core   0: 0x8000b0be (0x419cdf33) sra     t5, s9, s9
core   0: 3 0x8000b0be (0x419cdf33) x30 0x00000000
core   0: 0x8000b0c2 (0x000084dd) c.srai  s1, 23
core   0: 3 0x8000b0c2 (0x84dd) x 9 0x00000000
core   0: 0x8000b0c4 (0x00008e11) c.sub   a2, a2
core   0: 3 0x8000b0c4 (0x8e11) x12 0x00000000
core   0: 0x8000b0c6 (0x00000d1c) c.addi4spn a5, sp, 656
core   0: 3 0x8000b0c6 (0x0d1c) x15 0x000002a3
core   0: 0x8000b0c8 (0x004e2803) lw      a6, 4(t3)
core   0: 3 0x8000b0c8 (0x004e2803) x16 0x80004adc mem 0x80022e04
core   0: 0x8000b0cc (0x00de9293) slli    t0, t4, 13
core   0: 3 0x8000b0cc (0x00de9293) x 5 0xfffec000
core   0: 0x8000b0d0 (0x034e0e13) addi    t3, t3, 52
core   0: 3 0x8000b0d0 (0x034e0e13) x28 0x80022e34
core   0: 0x8000b0d4 (0x000066c9) c.lui   a3, 0x12
core   0: 3 0x8000b0d4 (0x66c9) x13 0x00012000
core   0: 0x8000b0d6 (0x00180213) addi    tp, a6, 1
core   0: 3 0x8000b0d6 (0x00180213) x 4 0x80004add
core   0: 0x8000b0da (0x00020267) jalr    tp, tp, 0
core   0: 3 0x8000b0da (0x00020267) x 4 0x8000b0de
core   0: 0x80004adc (0x00900693) li      a3, 9
core   0: 3 0x80004adc (0x00900693) x13 0x00000009
core   0: 0x80004ae0 (0x026162b3) rem     t0, sp, t1
core   0: 3 0x80004ae0 (0x026162b3) x 5 0x00000013
core   0: 0x80004ae4 (0x03623433) mulhu   s0, tp, s6
core   0: 3 0x80004ae4 (0x03623433) x 8 0x2b9bb450
core   0: 0x80004ae8 (0x01d24333) xor     t1, tp, t4
core   0: 3 0x80004ae8 (0x01d24333) x 6 0x7fff4f28
core   0: 0x80004aec (0x0000100f) fence.i
core   0: 3 0x80004aec (0x0000100f)
core   0: 0x80004af0 (0x010f03b3) add     t2, t5, a6
core   0: 3 0x80004af0 (0x010f03b3) x 7 0x80004adc
core   0: 0x80004af4 (0x00008f65) c.and   a4, s1
core   0: 3 0x80004af4 (0x8f65) x14 0x00000000
core   0: 0x80004af6 (0x032ef233) remu    tp, t4, s2
core   0: 3 0x80004af6 (0x032ef233) x 4 0xfffffff6
core   0: 0x80004afa (0x0068dfb3) srl     t6, a7, t1
core   0: 3 0x80004afa (0x0068dfb3) x31 0x00000000
core   0: 0x80004afe (0x0000069c) c.addi4spn a5, sp, 832
core   0: 3 0x80004afe (0x069c) x15 0x00000353
core   0: 0x80004b00 (0x03387233) remu    tp, a6, s3
core   0: 3 0x80004b00 (0x03387233) x 4 0x80004adc
core   0: 0x80004b04 (0x000084c5) c.srai  s1, 17
core   0: 3 0x80004b04 (0x84c5) x 9 0x00000000
core   0: 0x80004b06 (0x000083c6) c.mv    t2, a7
core   0: 3 0x80004b06 (0x83c6) x 7 0x00000000
core   0: 0x80004b08 (0x00000001) c.nop
core   0: 3 0x80004b08 (0x0001)
core   0: 0x80004b0a (0x405d5413) srai    s0, s10, 5
core   0: 3 0x80004b0a (0x405d5413) x 8 0xffffffff
core   0: 0x80004b0e (0x039134b3) mulhu   s1, sp, s9
core   0: 3 0x80004b0e (0x039134b3) x 9 0x00000000
core   0: 0x80004b12 (0x000016fd) c.addi  a3, -1
core   0: 3 0x80004b12 (0x16fd) x13 0x00000008
core   0: 0x80004b14 (0x00000001) c.nop
core   0: 3 0x80004b14 (0x0001)
core   0: 0x80004b16 (0x00009a7d) c.andi  a2, -1
core   0: 3 0x80004b16 (0x9a7d) x12 0x00000000
core   0: 0x80004b18 (0x0000dafd) c.beqz  a3, pc - 10
core   0: 3 0x80004b18 (0xdafd)
core   0: 0x80004b1a (0x00f611b3) sll     gp, a2, a5
core   0: 3 0x80004b1a (0x00f611b3) x 3 0x00000000
core   0: 0x80004b1e (0x00a00f93) li      t6, 10
core   0: 3 0x80004b1e (0x00a00f93) x31 0x0000000a
core   0: 0x80004b22 (0x41175893) srai    a7, a4, 17
core   0: 3 0x80004b22 (0x41175893) x17 0x00000000
core   0: 0x80004b26 (0x01d101b3) add     gp, sp, t4
core   0: 3 0x80004b26 (0x01d101b3) x 3 0x00000009
core   0: 0x80004b2a (0xaa2d6e93) ori     t4, s10, -1374
core   0: 3 0x80004b2a (0xaa2d6e93) x29 0xffffffff
core   0: 0x80004b2e (0x00000f4a) c.slli  t5, 18
core   0: 3 0x80004b2e (0x0f4a) x30 0x00000000
core   0: 0x80004b30 (0x01f63933) sltu    s2, a2, t6
core   0: 3 0x80004b30 (0x01f63933) x18 0x00000001
core   0: 0x80004b34 (0x034ed3b3) divu    t2, t4, s4
core   0: 3 0x80004b34 (0x034ed3b3) x 7 0x00000001
core   0: 0x80004b38 (0x000087f1) c.srai  a5, 28
core   0: 3 0x80004b38 (0x87f1) x15 0x00000000
core   0: 0x80004b3a (0xbccc8213) addi    tp, s9, -1076
core   0: 3 0x80004b3a (0xbccc8213) x 4 0xfffffbdf
core   0: 0x80004b3e (0x00a00d93) li      s11, 10
core   0: 3 0x80004b3e (0x00a00d93) x27 0x0000000a
core   0: 0x80004b42 (0x0000100f) fence.i
core   0: 3 0x80004b42 (0x0000100f)
core   0: 0x80004b46 (0x00008f0d) c.sub   a4, a1
core   0: 3 0x80004b46 (0x8f0d) x14 0x82ef9000
core   0: 0x80004b48 (0x02fa2f33) mulhsu  t5, s4, a5
core   0: 3 0x80004b48 (0x02fa2f33) x30 0x00000000
core   0: 0x80004b4c (0x3ae46213) ori     tp, s0, 942
core   0: 3 0x80004b4c (0x3ae46213) x 4 0xffffffff
core   0: 0x80004b50 (0x00008fb9) c.xor   a5, a4
core   0: 3 0x80004b50 (0x8fb9) x15 0x82ef9000
core   0: 0x80004b52 (0x00001fdd) c.addi  t6, -9
core   0: 3 0x80004b52 (0x1fdd) x31 0x00000001
core   0: 0x80004b54 (0x00300993) li      s3, 3
core   0: 3 0x80004b54 (0x00300993) x19 0x00000003
core   0: 0x80004b58 (0x41780833) sub     a6, a6, s7
core   0: 3 0x80004b58 (0x41780833) x16 0xfffdddf8
core   0: 0x80004b5c (0x00500413) li      s0, 5
core   0: 3 0x80004b5c (0x00500413) x 8 0x00000005
core   0: 0x80004b60 (0x00711393) slli    t2, sp, 7
core   0: 3 0x80004b60 (0x00711393) x 7 0x00000980
core   0: 0x80004b64 (0x1348a093) slti    ra, a7, 308
core   0: 3 0x80004b64 (0x1348a093) x 1 0x00000001
core   0: 0x80004b68 (0x00000001) c.nop
core   0: 3 0x80004b68 (0x0001)
core   0: 0x80004b6a (0x00001790) c.addi4spn a2, sp, 992
core   0: 3 0x80004b6a (0x1790) x12 0x000003f3
core   0: 0x80004b6c (0x00008df5) c.and   a1, a3
core   0: 3 0x80004b6c (0x8df5) x11 0x00000000
core   0: 0x80004b6e (0x030b56b3) divu    a3, s6, a6
core   0: 3 0x80004b6e (0x030b56b3) x13 0x00000000
core   0: 0x80004b72 (0x024b13b3) mulh    t2, s6, tp
core   0: 3 0x80004b72 (0x024b13b3) x 7 0xffffffff
core   0: 0x80004b76 (0x5f47c393) xori    t2, a5, 1524
core   0: 3 0x80004b76 (0x5f47c393) x 7 0x82ef95f4
core   0: 0x80004b7a (0x00000985) c.addi  s3, 1
core   0: 3 0x80004b7a (0x0985) x19 0x00000004
core   0: 0x80004b7c (0x00006131) c.addi16sp sp, 320
core   0: 3 0x80004b7c (0x6131) x 2 0x00000153
core   0: 0x80004b7e (0xfe8997e3) bne     s3, s0, pc - 18
core   0: 3 0x80004b7e (0xfe8997e3)
core   0: 0x80004b6c (0x00008df5) c.and   a1, a3
core   0: 3 0x80004b6c (0x8df5) x11 0x00000000
core   0: 0x80004b6e (0x030b56b3) divu    a3, s6, a6
core   0: 3 0x80004b6e (0x030b56b3) x13 0x00000000
core   0: 0x80004b72 (0x024b13b3) mulh    t2, s6, tp
core   0: 3 0x80004b72 (0x024b13b3) x 7 0xffffffff
core   0: 0x80004b76 (0x5f47c393) xori    t2, a5, 1524
core   0: 3 0x80004b76 (0x5f47c393) x 7 0x82ef95f4
core   0: 0x80004b7a (0x00000985) c.addi  s3, 1
core   0: 3 0x80004b7a (0x0985) x19 0x00000005
core   0: 0x80004b7c (0x00006131) c.addi16sp sp, 320
core   0: 3 0x80004b7c (0x6131) x 2 0x00000293
core   0: 0x80004b7e (0xfe8997e3) bne     s3, s0, pc - 18
core   0: 3 0x80004b7e (0xfe8997e3)
core   0: 0x80004b82 (0xfdbff5e3) bgeu    t6, s11, pc - 54
core   0: 3 0x80004b82 (0xfdbff5e3)
core   0: 0x80004b86 (0x00000f6e) c.slli  t5, 27
core   0: 3 0x80004b86 (0x0f6e) x30 0x00000000
core   0: 0x80004b88 (0xff800993) li      s3, -8
core   0: 3 0x80004b88 (0xff800993) x19 0xfffffff8
core   0: 0x80004b8c (0x0000100f) fence.i
core   0: 3 0x80004b8c (0x0000100f)
core   0: 0x80004b90 (0x00000001) c.nop
core   0: 3 0x80004b90 (0x0001)
core   0: 0x80004b92 (0xfef00b13) li      s6, -17
core   0: 3 0x80004b92 (0xfef00b13) x22 0xffffffef
core   0: 0x80004b96 (0x000048ad) c.li    a7, 11
core   0: 3 0x80004b96 (0x48ad) x17 0x0000000b
core   0: 0x80004b98 (0x0000100f) fence.i
core   0: 3 0x80004b98 (0x0000100f)
core   0: 0x80004b9c (0x00008f6d) c.and   a4, a1
core   0: 3 0x80004b9c (0x8f6d) x14 0x00000000
core   0: 0x80004b9e (0x0115b7b3) sltu    a5, a1, a7
core   0: 3 0x80004b9e (0x0115b7b3) x15 0x00000001
core   0: 0x80004ba2 (0x035822b3) mulhsu  t0, a6, s5
core   0: 3 0x80004ba2 (0x035822b3) x 5 0xffffffff
core   0: 0x80004ba6 (0x00000252) c.slli  tp, 20
core   0: 3 0x80004ba6 (0x0252) x 4 0xfff00000
core   0: 0x80004ba8 (0x00008cd1) c.or    s1, a2
core   0: 3 0x80004ba8 (0x8cd1) x 9 0x000003f3
core   0: 0x80004baa (0x00008e8d) c.sub   a3, a1
core   0: 3 0x80004baa (0x8e8d) x13 0x00000000
core   0: 0x80004bac (0x000019f5) c.addi  s3, -3
core   0: 3 0x80004bac (0x19f5) x19 0xfffffff5
core   0: 0x80004bae (0x2c336313) ori     t1, t1, 707
core   0: 3 0x80004bae (0x2c336313) x 6 0x7fff4feb
core   0: 0x80004bb2 (0x00008f65) c.and   a4, s1
core   0: 3 0x80004bb2 (0x8f65) x14 0x00000000
core   0: 0x80004bb4 (0x01b08ab3) add     s5, ra, s11
core   0: 3 0x80004bb4 (0x01b08ab3) x21 0x0000000b
core   0: 0x80004bb8 (0xff900d13) li      s10, -7
core   0: 3 0x80004bb8 (0xff900d13) x26 0xfffffff9
core   0: 0x80004bbc (0x40195a93) srai    s5, s2, 1
core   0: 3 0x80004bbc (0x40195a93) x21 0x00000000
core   0: 0x80004bc0 (0xce2c0513) addi    a0, s8, -798
core   0: 3 0x80004bc0 (0xce2c0513) x10 0x00015237
core   0: 0x80004bc4 (0xc0e53c13) sltiu   s8, a0, -1010
core   0: 3 0x80004bc4 (0xc0e53c13) x24 0x00000001
core   0: 0x80004bc8 (0x01200613) li      a2, 18
core   0: 3 0x80004bc8 (0x01200613) x12 0x00000012
core   0: 0x80004bcc (0x2660c597) auipc   a1, 0x2660c
core   0: 3 0x80004bcc (0x2660c597) x11 0xa6610bcc
core   0: 0x80004bd0 (0x11fe8313) addi    t1, t4, 287
core   0: 3 0x80004bd0 (0x11fe8313) x 6 0x0000011e
core   0: 0x80004bd4 (0x00000001) c.nop
core   0: 3 0x80004bd4 (0x0001)
core   0: 0x80004bd6 (0x03a986b3) mul     a3, s3, s10
core   0: 3 0x80004bd6 (0x03a986b3) x13 0x0000004d
core   0: 0x80004bda (0x00008179) c.srli  a0, 30
core   0: 3 0x80004bda (0x8179) x10 0x00000000
core   0: 0x80004bdc (0x40848033) sub     zero, s1, s0
core   0: 3 0x80004bdc (0x40848033)
core   0: 0x80004be0 (0x00000d21) c.addi  s10, 8
core   0: 3 0x80004be0 (0x0d21) x26 0x00000001
core   0: 0x80004be2 (0x03c3c933) div     s2, t2, t3
core   0: 3 0x80004be2 (0x03c3c933) x18 0x00000000
core   0: 0x80004be6 (0x001fedb3) or      s11, t6, ra
core   0: 3 0x80004be6 (0x001fedb3) x27 0x00000001
core   0: 0x80004bea (0x000001c6) c.slli  gp, 17
core   0: 3 0x80004bea (0x01c6) x 3 0x00120000
core   0: 0x80004bec (0xfecd44e3) blt     s10, a2, pc - 24
core   0: 3 0x80004bec (0xfecd44e3)
core   0: 0x80004bd4 (0x00000001) c.nop
core   0: 3 0x80004bd4 (0x0001)
core   0: 0x80004bd6 (0x03a986b3) mul     a3, s3, s10
core   0: 3 0x80004bd6 (0x03a986b3) x13 0xfffffff5
core   0: 0x80004bda (0x00008179) c.srli  a0, 30
core   0: 3 0x80004bda (0x8179) x10 0x00000000
core   0: 0x80004bdc (0x40848033) sub     zero, s1, s0
core   0: 3 0x80004bdc (0x40848033)
core   0: 0x80004be0 (0x00000d21) c.addi  s10, 8
core   0: 3 0x80004be0 (0x0d21) x26 0x00000009
core   0: 0x80004be2 (0x03c3c933) div     s2, t2, t3
core   0: 3 0x80004be2 (0x03c3c933) x18 0x00000000
core   0: 0x80004be6 (0x001fedb3) or      s11, t6, ra
core   0: 3 0x80004be6 (0x001fedb3) x27 0x00000001
core   0: 0x80004bea (0x000001c6) c.slli  gp, 17
core   0: 3 0x80004bea (0x01c6) x 3 0x00000000
core   0: 0x80004bec (0xfecd44e3) blt     s10, a2, pc - 24
core   0: 3 0x80004bec (0xfecd44e3)
core   0: 0x80004bd4 (0x00000001) c.nop
core   0: 3 0x80004bd4 (0x0001)
core   0: 0x80004bd6 (0x03a986b3) mul     a3, s3, s10
core   0: 3 0x80004bd6 (0x03a986b3) x13 0xffffff9d
core   0: 0x80004bda (0x00008179) c.srli  a0, 30
core   0: 3 0x80004bda (0x8179) x10 0x00000000
core   0: 0x80004bdc (0x40848033) sub     zero, s1, s0
core   0: 3 0x80004bdc (0x40848033)
core   0: 0x80004be0 (0x00000d21) c.addi  s10, 8
core   0: 3 0x80004be0 (0x0d21) x26 0x00000011
core   0: 0x80004be2 (0x03c3c933) div     s2, t2, t3
core   0: 3 0x80004be2 (0x03c3c933) x18 0x00000000
core   0: 0x80004be6 (0x001fedb3) or      s11, t6, ra
core   0: 3 0x80004be6 (0x001fedb3) x27 0x00000001
core   0: 0x80004bea (0x000001c6) c.slli  gp, 17
core   0: 3 0x80004bea (0x01c6) x 3 0x00000000
core   0: 0x80004bec (0xfecd44e3) blt     s10, a2, pc - 24
core   0: 3 0x80004bec (0xfecd44e3)
core   0: 0x80004bd4 (0x00000001) c.nop
core   0: 3 0x80004bd4 (0x0001)
core   0: 0x80004bd6 (0x03a986b3) mul     a3, s3, s10
core   0: 3 0x80004bd6 (0x03a986b3) x13 0xffffff45
core   0: 0x80004bda (0x00008179) c.srli  a0, 30
core   0: 3 0x80004bda (0x8179) x10 0x00000000
core   0: 0x80004bdc (0x40848033) sub     zero, s1, s0
core   0: 3 0x80004bdc (0x40848033)
core   0: 0x80004be0 (0x00000d21) c.addi  s10, 8
core   0: 3 0x80004be0 (0x0d21) x26 0x00000019
core   0: 0x80004be2 (0x03c3c933) div     s2, t2, t3
core   0: 3 0x80004be2 (0x03c3c933) x18 0x00000000
core   0: 0x80004be6 (0x001fedb3) or      s11, t6, ra
core   0: 3 0x80004be6 (0x001fedb3) x27 0x00000001
core   0: 0x80004bea (0x000001c6) c.slli  gp, 17
core   0: 3 0x80004bea (0x01c6) x 3 0x00000000
core   0: 0x80004bec (0xfecd44e3) blt     s10, a2, pc - 24
core   0: 3 0x80004bec (0xfecd44e3)
core   0: 0x80004bf0 (0xa2caed93) ori     s11, s5, -1492
core   0: 3 0x80004bf0 (0xa2caed93) x27 0xfffffa2c
core   0: 0x80004bf4 (0xfb69d5e3) bge     s3, s6, pc - 86
core   0: 3 0x80004bf4 (0xfb69d5e3)
core   0: 0x80004b9e (0x0115b7b3) sltu    a5, a1, a7
core   0: 3 0x80004b9e (0x0115b7b3) x15 0x00000000
core   0: 0x80004ba2 (0x035822b3) mulhsu  t0, a6, s5
core   0: 3 0x80004ba2 (0x035822b3) x 5 0x00000000
core   0: 0x80004ba6 (0x00000252) c.slli  tp, 20
core   0: 3 0x80004ba6 (0x0252) x 4 0x00000000
core   0: 0x80004ba8 (0x00008cd1) c.or    s1, a2
core   0: 3 0x80004ba8 (0x8cd1) x 9 0x000003f3
core   0: 0x80004baa (0x00008e8d) c.sub   a3, a1
core   0: 3 0x80004baa (0x8e8d) x13 0x599ef379
core   0: 0x80004bac (0x000019f5) c.addi  s3, -3
core   0: 3 0x80004bac (0x19f5) x19 0xfffffff2
core   0: 0x80004bae (0x2c336313) ori     t1, t1, 707
core   0: 3 0x80004bae (0x2c336313) x 6 0x000003df
core   0: 0x80004bb2 (0x00008f65) c.and   a4, s1
core   0: 3 0x80004bb2 (0x8f65) x14 0x00000000
core   0: 0x80004bb4 (0x01b08ab3) add     s5, ra, s11
core   0: 3 0x80004bb4 (0x01b08ab3) x21 0xfffffa2d
core   0: 0x80004bb8 (0xff900d13) li      s10, -7
core   0: 3 0x80004bb8 (0xff900d13) x26 0xfffffff9
core   0: 0x80004bbc (0x40195a93) srai    s5, s2, 1
core   0: 3 0x80004bbc (0x40195a93) x21 0x00000000
core   0: 0x80004bc0 (0xce2c0513) addi    a0, s8, -798
core   0: 3 0x80004bc0 (0xce2c0513) x10 0xfffffce3
core   0: 0x80004bc4 (0xc0e53c13) sltiu   s8, a0, -1010
core   0: 3 0x80004bc4 (0xc0e53c13) x24 0x00000000
core   0: 0x80004bc8 (0x01200613) li      a2, 18
core   0: 3 0x80004bc8 (0x01200613) x12 0x00000012
core   0: 0x80004bcc (0x2660c597) auipc   a1, 0x2660c
core   0: 3 0x80004bcc (0x2660c597) x11 0xa6610bcc
core   0: 0x80004bd0 (0x11fe8313) addi    t1, t4, 287
core   0: 3 0x80004bd0 (0x11fe8313) x 6 0x0000011e
core   0: 0x80004bd4 (0x00000001) c.nop
core   0: 3 0x80004bd4 (0x0001)
core   0: 0x80004bd6 (0x03a986b3) mul     a3, s3, s10
core   0: 3 0x80004bd6 (0x03a986b3) x13 0x00000062
core   0: 0x80004bda (0x00008179) c.srli  a0, 30
core   0: 3 0x80004bda (0x8179) x10 0x00000003
core   0: 0x80004bdc (0x40848033) sub     zero, s1, s0
core   0: 3 0x80004bdc (0x40848033)
core   0: 0x80004be0 (0x00000d21) c.addi  s10, 8
core   0: 3 0x80004be0 (0x0d21) x26 0x00000001
core   0: 0x80004be2 (0x03c3c933) div     s2, t2, t3
core   0: 3 0x80004be2 (0x03c3c933) x18 0x00000000
core   0: 0x80004be6 (0x001fedb3) or      s11, t6, ra
core   0: 3 0x80004be6 (0x001fedb3) x27 0x00000001
core   0: 0x80004bea (0x000001c6) c.slli  gp, 17
core   0: 3 0x80004bea (0x01c6) x 3 0x00000000
core   0: 0x80004bec (0xfecd44e3) blt     s10, a2, pc - 24
core   0: 3 0x80004bec (0xfecd44e3)
core   0: 0x80004bd4 (0x00000001) c.nop
core   0: 3 0x80004bd4 (0x0001)
core   0: 0x80004bd6 (0x03a986b3) mul     a3, s3, s10
core   0: 3 0x80004bd6 (0x03a986b3) x13 0xfffffff2
core   0: 0x80004bda (0x00008179) c.srli  a0, 30
core   0: 3 0x80004bda (0x8179) x10 0x00000000
core   0: 0x80004bdc (0x40848033) sub     zero, s1, s0
core   0: 3 0x80004bdc (0x40848033)
core   0: 0x80004be0 (0x00000d21) c.addi  s10, 8
core   0: 3 0x80004be0 (0x0d21) x26 0x00000009
core   0: 0x80004be2 (0x03c3c933) div     s2, t2, t3
core   0: 3 0x80004be2 (0x03c3c933) x18 0x00000000
core   0: 0x80004be6 (0x001fedb3) or      s11, t6, ra
core   0: 3 0x80004be6 (0x001fedb3) x27 0x00000001
core   0: 0x80004bea (0x000001c6) c.slli  gp, 17
core   0: 3 0x80004bea (0x01c6) x 3 0x00000000
core   0: 0x80004bec (0xfecd44e3) blt     s10, a2, pc - 24
core   0: 3 0x80004bec (0xfecd44e3)
core   0: 0x80004bd4 (0x00000001) c.nop
core   0: 3 0x80004bd4 (0x0001)
core   0: 0x80004bd6 (0x03a986b3) mul     a3, s3, s10
core   0: 3 0x80004bd6 (0x03a986b3) x13 0xffffff82
core   0: 0x80004bda (0x00008179) c.srli  a0, 30
core   0: 3 0x80004bda (0x8179) x10 0x00000000
core   0: 0x80004bdc (0x40848033) sub     zero, s1, s0
core   0: 3 0x80004bdc (0x40848033)
core   0: 0x80004be0 (0x00000d21) c.addi  s10, 8
core   0: 3 0x80004be0 (0x0d21) x26 0x00000011
core   0: 0x80004be2 (0x03c3c933) div     s2, t2, t3
core   0: 3 0x80004be2 (0x03c3c933) x18 0x00000000
core   0: 0x80004be6 (0x001fedb3) or      s11, t6, ra
core   0: 3 0x80004be6 (0x001fedb3) x27 0x00000001
core   0: 0x80004bea (0x000001c6) c.slli  gp, 17
core   0: 3 0x80004bea (0x01c6) x 3 0x00000000
core   0: 0x80004bec (0xfecd44e3) blt     s10, a2, pc - 24
core   0: 3 0x80004bec (0xfecd44e3)
core   0: 0x80004bd4 (0x00000001) c.nop
core   0: 3 0x80004bd4 (0x0001)
core   0: 0x80004bd6 (0x03a986b3) mul     a3, s3, s10
core   0: 3 0x80004bd6 (0x03a986b3) x13 0xffffff12
core   0: 0x80004bda (0x00008179) c.srli  a0, 30
core   0: 3 0x80004bda (0x8179) x10 0x00000000
core   0: 0x80004bdc (0x40848033) sub     zero, s1, s0
core   0: 3 0x80004bdc (0x40848033)
core   0: 0x80004be0 (0x00000d21) c.addi  s10, 8
core   0: 3 0x80004be0 (0x0d21) x26 0x00000019
core   0: 0x80004be2 (0x03c3c933) div     s2, t2, t3
core   0: 3 0x80004be2 (0x03c3c933) x18 0x00000000
core   0: 0x80004be6 (0x001fedb3) or      s11, t6, ra
core   0: 3 0x80004be6 (0x001fedb3) x27 0x00000001
core   0: 0x80004bea (0x000001c6) c.slli  gp, 17
core   0: 3 0x80004bea (0x01c6) x 3 0x00000000
core   0: 0x80004bec (0xfecd44e3) blt     s10, a2, pc - 24
core   0: 3 0x80004bec (0xfecd44e3)
core   0: 0x80004bf0 (0xa2caed93) ori     s11, s5, -1492
core   0: 3 0x80004bf0 (0xa2caed93) x27 0xfffffa2c
core   0: 0x80004bf4 (0xfb69d5e3) bge     s3, s6, pc - 86
core   0: 3 0x80004bf4 (0xfb69d5e3)
core   0: 0x80004b9e (0x0115b7b3) sltu    a5, a1, a7
core   0: 3 0x80004b9e (0x0115b7b3) x15 0x00000000
core   0: 0x80004ba2 (0x035822b3) mulhsu  t0, a6, s5
core   0: 3 0x80004ba2 (0x035822b3) x 5 0x00000000
core   0: 0x80004ba6 (0x00000252) c.slli  tp, 20
core   0: 3 0x80004ba6 (0x0252) x 4 0x00000000
core   0: 0x80004ba8 (0x00008cd1) c.or    s1, a2
core   0: 3 0x80004ba8 (0x8cd1) x 9 0x000003f3
core   0: 0x80004baa (0x00008e8d) c.sub   a3, a1
core   0: 3 0x80004baa (0x8e8d) x13 0x599ef346
core   0: 0x80004bac (0x000019f5) c.addi  s3, -3
core   0: 3 0x80004bac (0x19f5) x19 0xffffffef
core   0: 0x80004bae (0x2c336313) ori     t1, t1, 707
core   0: 3 0x80004bae (0x2c336313) x 6 0x000003df
core   0: 0x80004bb2 (0x00008f65) c.and   a4, s1
core   0: 3 0x80004bb2 (0x8f65) x14 0x00000000
core   0: 0x80004bb4 (0x01b08ab3) add     s5, ra, s11
core   0: 3 0x80004bb4 (0x01b08ab3) x21 0xfffffa2d
core   0: 0x80004bb8 (0xff900d13) li      s10, -7
core   0: 3 0x80004bb8 (0xff900d13) x26 0xfffffff9
core   0: 0x80004bbc (0x40195a93) srai    s5, s2, 1
core   0: 3 0x80004bbc (0x40195a93) x21 0x00000000
core   0: 0x80004bc0 (0xce2c0513) addi    a0, s8, -798
core   0: 3 0x80004bc0 (0xce2c0513) x10 0xfffffce2
core   0: 0x80004bc4 (0xc0e53c13) sltiu   s8, a0, -1010
core   0: 3 0x80004bc4 (0xc0e53c13) x24 0x00000000
core   0: 0x80004bc8 (0x01200613) li      a2, 18
core   0: 3 0x80004bc8 (0x01200613) x12 0x00000012
core   0: 0x80004bcc (0x2660c597) auipc   a1, 0x2660c
core   0: 3 0x80004bcc (0x2660c597) x11 0xa6610bcc
core   0: 0x80004bd0 (0x11fe8313) addi    t1, t4, 287
core   0: 3 0x80004bd0 (0x11fe8313) x 6 0x0000011e
core   0: 0x80004bd4 (0x00000001) c.nop
core   0: 3 0x80004bd4 (0x0001)
core   0: 0x80004bd6 (0x03a986b3) mul     a3, s3, s10
core   0: 3 0x80004bd6 (0x03a986b3) x13 0x00000077
core   0: 0x80004bda (0x00008179) c.srli  a0, 30
core   0: 3 0x80004bda (0x8179) x10 0x00000003
core   0: 0x80004bdc (0x40848033) sub     zero, s1, s0
core   0: 3 0x80004bdc (0x40848033)
core   0: 0x80004be0 (0x00000d21) c.addi  s10, 8
core   0: 3 0x80004be0 (0x0d21) x26 0x00000001
core   0: 0x80004be2 (0x03c3c933) div     s2, t2, t3
core   0: 3 0x80004be2 (0x03c3c933) x18 0x00000000
core   0: 0x80004be6 (0x001fedb3) or      s11, t6, ra
core   0: 3 0x80004be6 (0x001fedb3) x27 0x00000001
core   0: 0x80004bea (0x000001c6) c.slli  gp, 17
core   0: 3 0x80004bea (0x01c6) x 3 0x00000000
core   0: 0x80004bec (0xfecd44e3) blt     s10, a2, pc - 24
core   0: 3 0x80004bec (0xfecd44e3)
core   0: 0x80004bd4 (0x00000001) c.nop
core   0: 3 0x80004bd4 (0x0001)
core   0: 0x80004bd6 (0x03a986b3) mul     a3, s3, s10
core   0: 3 0x80004bd6 (0x03a986b3) x13 0xffffffef
core   0: 0x80004bda (0x00008179) c.srli  a0, 30
core   0: 3 0x80004bda (0x8179) x10 0x00000000
core   0: 0x80004bdc (0x40848033) sub     zero, s1, s0
core   0: 3 0x80004bdc (0x40848033)
core   0: 0x80004be0 (0x00000d21) c.addi  s10, 8
core   0: 3 0x80004be0 (0x0d21) x26 0x00000009
core   0: 0x80004be2 (0x03c3c933) div     s2, t2, t3
core   0: 3 0x80004be2 (0x03c3c933) x18 0x00000000
core   0: 0x80004be6 (0x001fedb3) or      s11, t6, ra
core   0: 3 0x80004be6 (0x001fedb3) x27 0x00000001
core   0: 0x80004bea (0x000001c6) c.slli  gp, 17
core   0: 3 0x80004bea (0x01c6) x 3 0x00000000
core   0: 0x80004bec (0xfecd44e3) blt     s10, a2, pc - 24
core   0: 3 0x80004bec (0xfecd44e3)
core   0: 0x80004bd4 (0x00000001) c.nop
core   0: 3 0x80004bd4 (0x0001)
core   0: 0x80004bd6 (0x03a986b3) mul     a3, s3, s10
core   0: 3 0x80004bd6 (0x03a986b3) x13 0xffffff67
core   0: 0x80004bda (0x00008179) c.srli  a0, 30
core   0: 3 0x80004bda (0x8179) x10 0x00000000
core   0: 0x80004bdc (0x40848033) sub     zero, s1, s0
core   0: 3 0x80004bdc (0x40848033)
core   0: 0x80004be0 (0x00000d21) c.addi  s10, 8
core   0: 3 0x80004be0 (0x0d21) x26 0x00000011
core   0: 0x80004be2 (0x03c3c933) div     s2, t2, t3
core   0: 3 0x80004be2 (0x03c3c933) x18 0x00000000
core   0: 0x80004be6 (0x001fedb3) or      s11, t6, ra
core   0: 3 0x80004be6 (0x001fedb3) x27 0x00000001
core   0: 0x80004bea (0x000001c6) c.slli  gp, 17
core   0: 3 0x80004bea (0x01c6) x 3 0x00000000
core   0: 0x80004bec (0xfecd44e3) blt     s10, a2, pc - 24
core   0: 3 0x80004bec (0xfecd44e3)
core   0: 0x80004bd4 (0x00000001) c.nop
core   0: 3 0x80004bd4 (0x0001)
core   0: 0x80004bd6 (0x03a986b3) mul     a3, s3, s10
core   0: 3 0x80004bd6 (0x03a986b3) x13 0xfffffedf
core   0: 0x80004bda (0x00008179) c.srli  a0, 30
core   0: 3 0x80004bda (0x8179) x10 0x00000000
core   0: 0x80004bdc (0x40848033) sub     zero, s1, s0
core   0: 3 0x80004bdc (0x40848033)
core   0: 0x80004be0 (0x00000d21) c.addi  s10, 8
core   0: 3 0x80004be0 (0x0d21) x26 0x00000019
core   0: 0x80004be2 (0x03c3c933) div     s2, t2, t3
core   0: 3 0x80004be2 (0x03c3c933) x18 0x00000000
core   0: 0x80004be6 (0x001fedb3) or      s11, t6, ra
core   0: 3 0x80004be6 (0x001fedb3) x27 0x00000001
core   0: 0x80004bea (0x000001c6) c.slli  gp, 17
core   0: 3 0x80004bea (0x01c6) x 3 0x00000000
core   0: 0x80004bec (0xfecd44e3) blt     s10, a2, pc - 24
core   0: 3 0x80004bec (0xfecd44e3)
core   0: 0x80004bf0 (0xa2caed93) ori     s11, s5, -1492
core   0: 3 0x80004bf0 (0xa2caed93) x27 0xfffffa2c
core   0: 0x80004bf4 (0xfb69d5e3) bge     s3, s6, pc - 86
core   0: 3 0x80004bf4 (0xfb69d5e3)
core   0: 0x80004b9e (0x0115b7b3) sltu    a5, a1, a7
core   0: 3 0x80004b9e (0x0115b7b3) x15 0x00000000
core   0: 0x80004ba2 (0x035822b3) mulhsu  t0, a6, s5
core   0: 3 0x80004ba2 (0x035822b3) x 5 0x00000000
core   0: 0x80004ba6 (0x00000252) c.slli  tp, 20
core   0: 3 0x80004ba6 (0x0252) x 4 0x00000000
core   0: 0x80004ba8 (0x00008cd1) c.or    s1, a2
core   0: 3 0x80004ba8 (0x8cd1) x 9 0x000003f3
core   0: 0x80004baa (0x00008e8d) c.sub   a3, a1
core   0: 3 0x80004baa (0x8e8d) x13 0x599ef313
core   0: 0x80004bac (0x000019f5) c.addi  s3, -3
core   0: 3 0x80004bac (0x19f5) x19 0xffffffec
core   0: 0x80004bae (0x2c336313) ori     t1, t1, 707
core   0: 3 0x80004bae (0x2c336313) x 6 0x000003df
core   0: 0x80004bb2 (0x00008f65) c.and   a4, s1
core   0: 3 0x80004bb2 (0x8f65) x14 0x00000000
core   0: 0x80004bb4 (0x01b08ab3) add     s5, ra, s11
core   0: 3 0x80004bb4 (0x01b08ab3) x21 0xfffffa2d
core   0: 0x80004bb8 (0xff900d13) li      s10, -7
core   0: 3 0x80004bb8 (0xff900d13) x26 0xfffffff9
core   0: 0x80004bbc (0x40195a93) srai    s5, s2, 1
core   0: 3 0x80004bbc (0x40195a93) x21 0x00000000
core   0: 0x80004bc0 (0xce2c0513) addi    a0, s8, -798
core   0: 3 0x80004bc0 (0xce2c0513) x10 0xfffffce2
core   0: 0x80004bc4 (0xc0e53c13) sltiu   s8, a0, -1010
core   0: 3 0x80004bc4 (0xc0e53c13) x24 0x00000000
core   0: 0x80004bc8 (0x01200613) li      a2, 18
core   0: 3 0x80004bc8 (0x01200613) x12 0x00000012
core   0: 0x80004bcc (0x2660c597) auipc   a1, 0x2660c
core   0: 3 0x80004bcc (0x2660c597) x11 0xa6610bcc
core   0: 0x80004bd0 (0x11fe8313) addi    t1, t4, 287
core   0: 3 0x80004bd0 (0x11fe8313) x 6 0x0000011e
core   0: 0x80004bd4 (0x00000001) c.nop
core   0: 3 0x80004bd4 (0x0001)
core   0: 0x80004bd6 (0x03a986b3) mul     a3, s3, s10
core   0: 3 0x80004bd6 (0x03a986b3) x13 0x0000008c
core   0: 0x80004bda (0x00008179) c.srli  a0, 30
core   0: 3 0x80004bda (0x8179) x10 0x00000003
core   0: 0x80004bdc (0x40848033) sub     zero, s1, s0
core   0: 3 0x80004bdc (0x40848033)
core   0: 0x80004be0 (0x00000d21) c.addi  s10, 8
core   0: 3 0x80004be0 (0x0d21) x26 0x00000001
core   0: 0x80004be2 (0x03c3c933) div     s2, t2, t3
core   0: 3 0x80004be2 (0x03c3c933) x18 0x00000000
core   0: 0x80004be6 (0x001fedb3) or      s11, t6, ra
core   0: 3 0x80004be6 (0x001fedb3) x27 0x00000001
core   0: 0x80004bea (0x000001c6) c.slli  gp, 17
core   0: 3 0x80004bea (0x01c6) x 3 0x00000000
core   0: 0x80004bec (0xfecd44e3) blt     s10, a2, pc - 24
core   0: 3 0x80004bec (0xfecd44e3)
core   0: 0x80004bd4 (0x00000001) c.nop
core   0: 3 0x80004bd4 (0x0001)
core   0: 0x80004bd6 (0x03a986b3) mul     a3, s3, s10
core   0: 3 0x80004bd6 (0x03a986b3) x13 0xffffffec
core   0: 0x80004bda (0x00008179) c.srli  a0, 30
core   0: 3 0x80004bda (0x8179) x10 0x00000000
core   0: 0x80004bdc (0x40848033) sub     zero, s1, s0
core   0: 3 0x80004bdc (0x40848033)
core   0: 0x80004be0 (0x00000d21) c.addi  s10, 8
core   0: 3 0x80004be0 (0x0d21) x26 0x00000009
core   0: 0x80004be2 (0x03c3c933) div     s2, t2, t3
core   0: 3 0x80004be2 (0x03c3c933) x18 0x00000000
core   0: 0x80004be6 (0x001fedb3) or      s11, t6, ra
core   0: 3 0x80004be6 (0x001fedb3) x27 0x00000001
core   0: 0x80004bea (0x000001c6) c.slli  gp, 17
core   0: 3 0x80004bea (0x01c6) x 3 0x00000000
core   0: 0x80004bec (0xfecd44e3) blt     s10, a2, pc - 24
core   0: 3 0x80004bec (0xfecd44e3)
core   0: 0x80004bd4 (0x00000001) c.nop
core   0: 3 0x80004bd4 (0x0001)
core   0: 0x80004bd6 (0x03a986b3) mul     a3, s3, s10
core   0: 3 0x80004bd6 (0x03a986b3) x13 0xffffff4c
core   0: 0x80004bda (0x00008179) c.srli  a0, 30
core   0: 3 0x80004bda (0x8179) x10 0x00000000
core   0: 0x80004bdc (0x40848033) sub     zero, s1, s0
core   0: 3 0x80004bdc (0x40848033)
core   0: 0x80004be0 (0x00000d21) c.addi  s10, 8
core   0: 3 0x80004be0 (0x0d21) x26 0x00000011
core   0: 0x80004be2 (0x03c3c933) div     s2, t2, t3
core   0: 3 0x80004be2 (0x03c3c933) x18 0x00000000
core   0: 0x80004be6 (0x001fedb3) or      s11, t6, ra
core   0: 3 0x80004be6 (0x001fedb3) x27 0x00000001
core   0: 0x80004bea (0x000001c6) c.slli  gp, 17
core   0: 3 0x80004bea (0x01c6) x 3 0x00000000
core   0: 0x80004bec (0xfecd44e3) blt     s10, a2, pc - 24
core   0: 3 0x80004bec (0xfecd44e3)
core   0: 0x80004bd4 (0x00000001) c.nop
core   0: 3 0x80004bd4 (0x0001)
core   0: 0x80004bd6 (0x03a986b3) mul     a3, s3, s10
core   0: 3 0x80004bd6 (0x03a986b3) x13 0xfffffeac
core   0: 0x80004bda (0x00008179) c.srli  a0, 30
core   0: 3 0x80004bda (0x8179) x10 0x00000000
core   0: 0x80004bdc (0x40848033) sub     zero, s1, s0
core   0: 3 0x80004bdc (0x40848033)
core   0: 0x80004be0 (0x00000d21) c.addi  s10, 8
core   0: 3 0x80004be0 (0x0d21) x26 0x00000019
core   0: 0x80004be2 (0x03c3c933) div     s2, t2, t3
core   0: 3 0x80004be2 (0x03c3c933) x18 0x00000000
core   0: 0x80004be6 (0x001fedb3) or      s11, t6, ra
core   0: 3 0x80004be6 (0x001fedb3) x27 0x00000001
core   0: 0x80004bea (0x000001c6) c.slli  gp, 17
core   0: 3 0x80004bea (0x01c6) x 3 0x00000000
core   0: 0x80004bec (0xfecd44e3) blt     s10, a2, pc - 24
core   0: 3 0x80004bec (0xfecd44e3)
core   0: 0x80004bf0 (0xa2caed93) ori     s11, s5, -1492
core   0: 3 0x80004bf0 (0xa2caed93) x27 0xfffffa2c
core   0: 0x80004bf4 (0xfb69d5e3) bge     s3, s6, pc - 86
core   0: 3 0x80004bf4 (0xfb69d5e3)
core   0: 0x80004bf8 (0x00000f08) c.addi4spn a0, sp, 912
core   0: 3 0x80004bf8 (0x0f08) x10 0x00000623
core   0: 0x80004bfa (0x00700513) li      a0, 7
core   0: 3 0x80004bfa (0x00700513) x10 0x00000007
core   0: 0x80004bfe (0xd3913913) sltiu   s2, sp, -711
core   0: 3 0x80004bfe (0xd3913913) x18 0x00000001
core   0: 0x80004c02 (0x006da833) slt     a6, s11, t1
core   0: 3 0x80004c02 (0x006da833) x16 0x00000001
core   0: 0x80004c06 (0x00600c13) li      s8, 6
core   0: 3 0x80004c06 (0x00600c13) x24 0x00000006
core   0: 0x80004c0a (0xb5c0ff93) andi    t6, ra, -1188
core   0: 3 0x80004c0a (0xb5c0ff93) x31 0x00000000
core   0: 0x80004c0e (0x00001575) c.addi  a0, -3
core   0: 3 0x80004c0e (0x1575) x10 0x00000004
core   0: 0x80004c10 (0x0384e9b3) rem     s3, s1, s8
core   0: 3 0x80004c10 (0x0384e9b3) x19 0x00000003
core   0: 0x80004c14 (0x02ee25b3) mulhsu  a1, t3, a4
core   0: 3 0x80004c14 (0x02ee25b3) x11 0x00000000
core   0: 0x80004c18 (0x39056913) ori     s2, a0, 912
core   0: 3 0x80004c18 (0x39056913) x18 0x00000394
core   0: 0x80004c1c (0x014d56b3) srl     a3, s10, s4
core   0: 3 0x80004c1c (0x014d56b3) x13 0x00000019
core   0: 0x80004c20 (0x9cc3ef13) ori     t5, t2, -1588
core   0: 3 0x80004c20 (0x9cc3ef13) x30 0xfffffdfc
core   0: 0x80004c24 (0x03073cb3) mulhu   s9, a4, a6
core   0: 3 0x80004c24 (0x03073cb3) x25 0x00000000
core   0: 0x80004c28 (0x00700613) li      a2, 7
core   0: 3 0x80004c28 (0x00700613) x12 0x00000007
core   0: 0x80004c2c (0x000066c5) c.lui   a3, 0x11
core   0: 3 0x80004c2c (0x66c5) x13 0x00011000
core   0: 0x80004c2e (0x01ef32b3) sltu    t0, t5, t5
core   0: 3 0x80004c2e (0x01ef32b3) x 5 0x00000000
core   0: 0x80004c32 (0x00a00113) li      sp, 10
core   0: 3 0x80004c32 (0x00a00113) x 2 0x0000000a
core   0: 0x80004c36 (0x00008c4d) c.or    s0, a1
core   0: 3 0x80004c36 (0x8c4d) x 8 0x00000005
core   0: 0x80004c38 (0x0140eeb3) or      t4, ra, s4
core   0: 3 0x80004c38 (0x0140eeb3) x29 0x80000001
core   0: 0x80004c3c (0x004813b3) sll     t2, a6, tp
core   0: 3 0x80004c3c (0x004813b3) x 7 0x00000001
core   0: 0x80004c40 (0x01a43fb3) sltu    t6, s0, s10
core   0: 3 0x80004c40 (0x01a43fb3) x31 0x00000001
core   0: 0x80004c44 (0x02082233) mulhsu  tp, a6, zero
core   0: 3 0x80004c44 (0x02082233) x 4 0x00000000
core   0: 0x80004c48 (0x00000629) c.addi  a2, 10
core   0: 3 0x80004c48 (0x0629) x12 0x00000011
core   0: 0x80004c4a (0x348d6c93) ori     s9, s10, 840
core   0: 3 0x80004c4a (0x348d6c93) x25 0x00000359
core   0: 0x80004c4e (0x0ff0000f) fence   iorw,iorw
core   0: 3 0x80004c4e (0x0ff0000f)
core   0: 0x80004c52 (0xe92043b7) lui     t2, 0xe9204
core   0: 3 0x80004c52 (0xe92043b7) x 7 0xe9204000
core   0: 0x80004c56 (0x0102ab33) slt     s6, t0, a6
core   0: 3 0x80004c56 (0x0102ab33) x22 0x00000001
core   0: 0x80004c5a (0xfe2643e3) blt     a2, sp, pc - 26
core   0: 3 0x80004c5a (0xfe2643e3)
core   0: 0x80004c5e (0x01f396b3) sll     a3, t2, t6
core   0: 3 0x80004c5e (0x01f396b3) x13 0xd2408000
core   0: 0x80004c62 (0x07450e93) addi    t4, a0, 116
core   0: 3 0x80004c62 (0x07450e93) x29 0x00000078
core   0: 0x80004c66 (0x03a4e5b3) rem     a1, s1, s10
core   0: 3 0x80004c66 (0x03a4e5b3) x11 0x0000000b
core   0: 0x80004c6a (0x00b8b7b3) sltu    a5, a7, a1
core   0: 3 0x80004c6a (0x00b8b7b3) x15 0x00000000
core   0: 0x80004c6e (0xf9857ee3) bgeu    a0, s8, pc - 100
core   0: 3 0x80004c6e (0xf9857ee3)
core   0: 0x80004c72 (0x009aa6b3) slt     a3, s5, s1
core   0: 3 0x80004c72 (0x009aa6b3) x13 0x00000001
core   0: 0x80004c76 (0x00400693) li      a3, 4
core   0: 3 0x80004c76 (0x00400693) x13 0x00000004
core   0: 0x80004c7a (0x00204ab3) xor     s5, zero, sp
core   0: 3 0x80004c7a (0x00204ab3) x21 0x0000000a
core   0: 0x80004c7e (0x00401213) slli    tp, zero, 4
core   0: 3 0x80004c7e (0x00401213) x 4 0x00000000
core   0: 0x80004c82 (0x0000831d) c.srli  a4, 7
core   0: 3 0x80004c82 (0x831d) x14 0x00000000
core   0: 0x80004c84 (0x00b00613) li      a2, 11
core   0: 3 0x80004c84 (0x00b00613) x12 0x0000000b
core   0: 0x80004c88 (0x00000001) c.nop
core   0: 3 0x80004c88 (0x0001)
core   0: 0x80004c8a (0x000088b5) c.andi  s1, 13
core   0: 3 0x80004c8a (0x88b5) x 9 0x00000001
core   0: 0x80004c8c (0x9194cf13) xori    t5, s1, -1767
core   0: 3 0x80004c8c (0x9194cf13) x30 0xfffff918
core   0: 0x80004c90 (0x23907913) andi    s2, zero, 569
core   0: 3 0x80004c90 (0x23907913) x18 0x00000000
core   0: 0x80004c94 (0x0000011c) c.addi4spn a5, sp, 128
core   0: 3 0x80004c94 (0x011c) x15 0x0000008a
core   0: 0x80004c96 (0x0000882d) c.andi  s0, 11
core   0: 3 0x80004c96 (0x882d) x 8 0x00000001
core   0: 0x80004c98 (0x01974833) xor     a6, a4, s9
core   0: 3 0x80004c98 (0x01974833) x16 0x00000359
core   0: 0x80004c9c (0x000006a5) c.addi  a3, 9
core   0: 3 0x80004c9c (0x06a5) x13 0x0000000d
core   0: 0x80004c9e (0x00008f59) c.or    a4, a4
core   0: 3 0x80004c9e (0x8f59) x14 0x00000000
core   0: 0x80004ca0 (0x040da513) slti    a0, s11, 64
core   0: 3 0x80004ca0 (0x040da513) x10 0x00000001
core   0: 0x80004ca4 (0x0ff0000f) fence   iorw,iorw
core   0: 3 0x80004ca4 (0x0ff0000f)
core   0: 0x80004ca8 (0x013622b3) slt     t0, a2, s3
core   0: 3 0x80004ca8 (0x013622b3) x 5 0x00000000
core   0: 0x80004cac (0x01d17733) and     a4, sp, t4
core   0: 3 0x80004cac (0x01d17733) x14 0x00000008
core   0: 0x80004cb0 (0x000001b9) c.addi  gp, 14
core   0: 3 0x80004cb0 (0x01b9) x 3 0x0000000e
core   0: 0x80004cb2 (0x031ff7b3) remu    a5, t6, a7
core   0: 3 0x80004cb2 (0x031ff7b3) x15 0x00000001
core   0: 0x80004cb6 (0x034ca133) mulhsu  sp, s9, s4
core   0: 3 0x80004cb6 (0x034ca133) x 2 0x000001ac
core   0: 0x80004cba (0x010e04b3) add     s1, t3, a6
core   0: 3 0x80004cba (0x010e04b3) x 9 0x8002318d
core   0: 0x80004cbe (0x00008f79) c.and   a4, a4
core   0: 3 0x80004cbe (0x8f79) x14 0x00000008
core   0: 0x80004cc0 (0x7f09e313) ori     t1, s3, 2032
core   0: 3 0x80004cc0 (0x7f09e313) x 6 0x000007f3
core   0: 0x80004cc4 (0x026db233) mulhu   tp, s11, t1
core   0: 3 0x80004cc4 (0x026db233) x 4 0x000007f2
core   0: 0x80004cc8 (0xfcc6c4e3) blt     a3, a2, pc - 56
core   0: 3 0x80004cc8 (0xfcc6c4e3)
core   0: 0x80004ccc (0xd5abc093) xori    ra, s7, -678
core   0: 3 0x80004ccc (0xd5abc093) x 1 0x7ffd91be
core   0: 0x80004cd0 (0x00a00c13) li      s8, 10
core   0: 3 0x80004cd0 (0x00a00c13) x24 0x0000000a
core   0: 0x80004cd4 (0x000569b3) or      s3, a0, zero
core   0: 3 0x80004cd4 (0x000569b3) x19 0x00000001
core   0: 0x80004cd8 (0x03ed8d33) mul     s10, s11, t5
core   0: 3 0x80004cd8 (0x03ed8d33) x26 0x00284020
core   0: 0x80004cdc (0x00a00793) li      a5, 10
core   0: 3 0x80004cdc (0x00a00793) x15 0x0000000a
core   0: 0x80004ce0 (0x000096d6) c.add   a3, s5
core   0: 3 0x80004ce0 (0x96d6) x13 0x00000017
core   0: 0x80004ce2 (0x030a89b3) mul     s3, s5, a6
core   0: 3 0x80004ce2 (0x030a89b3) x19 0x0000217a
core   0: 0x80004ce6 (0x00008939) c.andi  a0, 14
core   0: 3 0x80004ce6 (0x8939) x10 0x00000000
core   0: 0x80004ce8 (0x035bf833) remu    a6, s7, s5
core   0: 3 0x80004ce8 (0x035bf833) x16 0x00000006
core   0: 0x80004cec (0x0000100f) fence.i
core   0: 3 0x80004cec (0x0000100f)
core   0: 0x80004cf0 (0x00008c95) c.sub   s1, a3
core   0: 3 0x80004cf0 (0x8c95) x 9 0x80023176
core   0: 0x80004cf2 (0x00000c9a) c.slli  s9, 6
core   0: 3 0x80004cf2 (0x0c9a) x25 0x0000d640
core   0: 0x80004cf4 (0x00009f72) c.add   t5, t3
core   0: 3 0x80004cf4 (0x9f72) x30 0x8002274c
core   0: 0x80004cf6 (0x00001c7d) c.addi  s8, -1
core   0: 3 0x80004cf6 (0x1c7d) x24 0x00000009
core   0: 0x80004cf8 (0x00600e93) li      t4, 6
core   0: 3 0x80004cf8 (0x00600e93) x29 0x00000006
core   0: 0x80004cfc (0xd07dbd17) auipc   s10, 0xd07db
core   0: 3 0x80004cfc (0xd07dbd17) x26 0x507dfcfc
core   0: 0x80004d00 (0x00001388) c.addi4spn a0, sp, 480
core   0: 3 0x80004d00 (0x1388) x10 0x0000038c
core   0: 0x80004d02 (0x01e52833) slt     a6, a0, t5
core   0: 3 0x80004d02 (0x01e52833) x16 0x00000000
core   0: 0x80004d06 (0x00006135) c.addi16sp sp, 352
core   0: 3 0x80004d06 (0x6135) x 2 0x0000030c
core   0: 0x80004d08 (0x0169e633) or      a2, s3, s6
core   0: 3 0x80004d08 (0x0169e633) x12 0x0000217b
core   0: 0x80004d0c (0x00400893) li      a7, 4
core   0: 3 0x80004d0c (0x00400893) x17 0x00000004
core   0: 0x80004d10 (0x00000001) c.nop
core   0: 3 0x80004d10 (0x0001)
core   0: 0x80004d12 (0x40fb5913) srai    s2, s6, 15
core   0: 3 0x80004d12 (0x40fb5913) x18 0x00000000
core   0: 0x80004d16 (0x00f603b3) add     t2, a2, a5
core   0: 3 0x80004d16 (0x00f603b3) x 7 0x00002185
core   0: 0x80004d1a (0x40f7d013) srai    zero, a5, 15
core   0: 3 0x80004d1a (0x40f7d013)
core   0: 0x80004d1e (0x00da5933) srl     s2, s4, a3
core   0: 3 0x80004d1e (0x00da5933) x18 0x00000100
core   0: 0x80004d22 (0x02df7ab3) remu    s5, t5, a3
core   0: 3 0x80004d22 (0x02df7ab3) x21 0x0000000a
core   0: 0x80004d26 (0x00feb133) sltu    sp, t4, a5
core   0: 3 0x80004d26 (0x00feb133) x 2 0x00000001
core   0: 0x80004d2a (0x00009afd) c.andi  a3, -1
core   0: 3 0x80004d2a (0x9afd) x13 0x00000017
core   0: 0x80004d2c (0x00001ef9) c.addi  t4, -2
core   0: 3 0x80004d2c (0x1ef9) x29 0x00000004
core   0: 0x80004d2e (0xff1efce3) bgeu    t4, a7, pc - 8
core   0: 3 0x80004d2e (0xff1efce3)
core   0: 0x80004d26 (0x00feb133) sltu    sp, t4, a5
core   0: 3 0x80004d26 (0x00feb133) x 2 0x00000001
core   0: 0x80004d2a (0x00009afd) c.andi  a3, -1
core   0: 3 0x80004d2a (0x9afd) x13 0x00000017
core   0: 0x80004d2c (0x00001ef9) c.addi  t4, -2
core   0: 3 0x80004d2c (0x1ef9) x29 0x00000002
core   0: 0x80004d2e (0xff1efce3) bgeu    t4, a7, pc - 8
core   0: 3 0x80004d2e (0xff1efce3)
core   0: 0x80004d32 (0x2586c293) xori    t0, a3, 600
core   0: 3 0x80004d32 (0x2586c293) x 5 0x0000024f
core   0: 0x80004d36 (0xf207f013) andi    zero, a5, -224
core   0: 3 0x80004d36 (0xf207f013)
core   0: 0x80004d3a (0x0148e9b3) or      s3, a7, s4
core   0: 3 0x80004d3a (0x0148e9b3) x19 0x80000004
core   0: 0x80004d3e (0xfafc79e3) bgeu    s8, a5, pc - 78
core   0: 3 0x80004d3e (0xfafc79e3)
core   0: 0x80004d42 (0x40928933) sub     s2, t0, s1
core   0: 3 0x80004d42 (0x40928933) x18 0x7ffdd0d9
core   0: 0x80004d46 (0x00000493) li      s1, 0
core   0: 3 0x80004d46 (0x00000493) x 9 0x00000000
core   0: 0x80004d4a (0x01d68933) add     s2, a3, t4
core   0: 3 0x80004d4a (0x01d68933) x18 0x00000019
core   0: 0x80004d4e (0x000092fe) c.add   t0, t6
core   0: 3 0x80004d4e (0x92fe) x 5 0x00000250
core   0: 0x80004d50 (0x0153ffb3) and     t6, t2, s5
core   0: 3 0x80004d50 (0x0153ffb3) x31 0x00000000
core   0: 0x80004d54 (0x00008abe) c.mv    s5, a5
core   0: 3 0x80004d54 (0x8abe) x21 0x0000000a
core   0: 0x80004d56 (0x00943533) sltu    a0, s0, s1
core   0: 3 0x80004d56 (0x00943533) x10 0x00000000
core   0: 0x80004d5a (0x00000001) c.nop
core   0: 3 0x80004d5a (0x0001)
core   0: 0x80004d5c (0x00008c49) c.or    s0, a0
core   0: 3 0x80004d5c (0x8c49) x 8 0x00000001
core   0: 0x80004d5e (0x036491b3) mulh    gp, s1, s6
core   0: 3 0x80004d5e (0x036491b3) x 3 0x00000000
core   0: 0x80004d62 (0x41c6dd33) sra     s10, a3, t3
core   0: 3 0x80004d62 (0x41c6dd33) x26 0x00000000
core   0: 0x80004d66 (0x0000807d) c.srli  s0, 31
core   0: 3 0x80004d66 (0x807d) x 8 0x00000000
core   0: 0x80004d68 (0x45b0a893) slti    a7, ra, 1115
core   0: 3 0x80004d68 (0x45b0a893) x17 0x00000000
core   0: 0x80004d6c (0x00e00813) li      a6, 14
core   0: 3 0x80004d6c (0x00e00813) x16 0x0000000e
core   0: 0x80004d70 (0x7e0c0193) addi    gp, s8, 2016
core   0: 3 0x80004d70 (0x7e0c0193) x 3 0x000007e9
core   0: 0x80004d74 (0x00008db6) c.mv    s11, a3
core   0: 3 0x80004d74 (0x8db6) x27 0x00000017
core   0: 0x80004d76 (0x0000100f) fence.i
core   0: 3 0x80004d76 (0x0000100f)
core   0: 0x80004d7a (0x40100b33) sub     s6, zero, ra
core   0: 3 0x80004d7a (0x40100b33) x22 0x80026e42
core   0: 0x80004d7e (0x00be11b3) sll     gp, t3, a1
core   0: 3 0x80004d7e (0x00be11b3) x 3 0x1171a000
core   0: 0x80004d82 (0x0000815d) c.srli  a0, 23
core   0: 3 0x80004d82 (0x815d) x10 0x00000000
core   0: 0x80004d84 (0x02e78693) addi    a3, a5, 46
core   0: 3 0x80004d84 (0x02e78693) x13 0x00000038
core   0: 0x80004d88 (0x0ff0000f) fence   iorw,iorw
core   0: 3 0x80004d88 (0x0ff0000f)
core   0: 0x80004d8c (0x29a12713) slti    a4, sp, 666
core   0: 3 0x80004d8c (0x29a12713) x14 0x00000001
core   0: 0x80004d90 (0x01ddcdb3) xor     s11, s11, t4
core   0: 3 0x80004d90 (0x01ddcdb3) x27 0x00000015
core   0: 0x80004d94 (0x00000491) c.addi  s1, 4
core   0: 3 0x80004d94 (0x0491) x 9 0x00000004
core   0: 0x80004d96 (0x40655893) srai    a7, a0, 6
core   0: 3 0x80004d96 (0x40655893) x17 0x00000000
core   0: 0x80004d9a (0x00008d5d) c.or    a0, a5
core   0: 3 0x80004d9a (0x8d5d) x10 0x0000000a
core   0: 0x80004d9c (0x00006285) c.lui   t0, 0x1
core   0: 3 0x80004d9c (0x6285) x 5 0x00001000
core   0: 0x80004d9e (0x00008f5d) c.or    a4, a5
core   0: 3 0x80004d9e (0x8f5d) x14 0x0000000b
core   0: 0x80004da0 (0xfd04e8e3) bltu    s1, a6, pc - 48
core   0: 3 0x80004da0 (0xfd04e8e3)
core   0: 0x80004d70 (0x7e0c0193) addi    gp, s8, 2016
core   0: 3 0x80004d70 (0x7e0c0193) x 3 0x000007e9
core   0: 0x80004d74 (0x00008db6) c.mv    s11, a3
core   0: 3 0x80004d74 (0x8db6) x27 0x00000038
core   0: 0x80004d76 (0x0000100f) fence.i
core   0: 3 0x80004d76 (0x0000100f)
core   0: 0x80004d7a (0x40100b33) sub     s6, zero, ra
core   0: 3 0x80004d7a (0x40100b33) x22 0x80026e42
core   0: 0x80004d7e (0x00be11b3) sll     gp, t3, a1
core   0: 3 0x80004d7e (0x00be11b3) x 3 0x1171a000
core   0: 0x80004d82 (0x0000815d) c.srli  a0, 23
core   0: 3 0x80004d82 (0x815d) x10 0x00000000
core   0: 0x80004d84 (0x02e78693) addi    a3, a5, 46
core   0: 3 0x80004d84 (0x02e78693) x13 0x00000038
core   0: 0x80004d88 (0x0ff0000f) fence   iorw,iorw
core   0: 3 0x80004d88 (0x0ff0000f)
core   0: 0x80004d8c (0x29a12713) slti    a4, sp, 666
core   0: 3 0x80004d8c (0x29a12713) x14 0x00000001
core   0: 0x80004d90 (0x01ddcdb3) xor     s11, s11, t4
core   0: 3 0x80004d90 (0x01ddcdb3) x27 0x0000003a
core   0: 0x80004d94 (0x00000491) c.addi  s1, 4
core   0: 3 0x80004d94 (0x0491) x 9 0x00000008
core   0: 0x80004d96 (0x40655893) srai    a7, a0, 6
core   0: 3 0x80004d96 (0x40655893) x17 0x00000000
core   0: 0x80004d9a (0x00008d5d) c.or    a0, a5
core   0: 3 0x80004d9a (0x8d5d) x10 0x0000000a
core   0: 0x80004d9c (0x00006285) c.lui   t0, 0x1
core   0: 3 0x80004d9c (0x6285) x 5 0x00001000
core   0: 0x80004d9e (0x00008f5d) c.or    a4, a5
core   0: 3 0x80004d9e (0x8f5d) x14 0x0000000b
core   0: 0x80004da0 (0xfd04e8e3) bltu    s1, a6, pc - 48
core   0: 3 0x80004da0 (0xfd04e8e3)
core   0: 0x80004d70 (0x7e0c0193) addi    gp, s8, 2016
core   0: 3 0x80004d70 (0x7e0c0193) x 3 0x000007e9
core   0: 0x80004d74 (0x00008db6) c.mv    s11, a3
core   0: 3 0x80004d74 (0x8db6) x27 0x00000038
core   0: 0x80004d76 (0x0000100f) fence.i
core   0: 3 0x80004d76 (0x0000100f)
core   0: 0x80004d7a (0x40100b33) sub     s6, zero, ra
core   0: 3 0x80004d7a (0x40100b33) x22 0x80026e42
core   0: 0x80004d7e (0x00be11b3) sll     gp, t3, a1
core   0: 3 0x80004d7e (0x00be11b3) x 3 0x1171a000
core   0: 0x80004d82 (0x0000815d) c.srli  a0, 23
core   0: 3 0x80004d82 (0x815d) x10 0x00000000
core   0: 0x80004d84 (0x02e78693) addi    a3, a5, 46
core   0: 3 0x80004d84 (0x02e78693) x13 0x00000038
core   0: 0x80004d88 (0x0ff0000f) fence   iorw,iorw
core   0: 3 0x80004d88 (0x0ff0000f)
core   0: 0x80004d8c (0x29a12713) slti    a4, sp, 666
core   0: 3 0x80004d8c (0x29a12713) x14 0x00000001
core   0: 0x80004d90 (0x01ddcdb3) xor     s11, s11, t4
core   0: 3 0x80004d90 (0x01ddcdb3) x27 0x0000003a
core   0: 0x80004d94 (0x00000491) c.addi  s1, 4
core   0: 3 0x80004d94 (0x0491) x 9 0x0000000c
core   0: 0x80004d96 (0x40655893) srai    a7, a0, 6
core   0: 3 0x80004d96 (0x40655893) x17 0x00000000
core   0: 0x80004d9a (0x00008d5d) c.or    a0, a5
core   0: 3 0x80004d9a (0x8d5d) x10 0x0000000a
core   0: 0x80004d9c (0x00006285) c.lui   t0, 0x1
core   0: 3 0x80004d9c (0x6285) x 5 0x00001000
core   0: 0x80004d9e (0x00008f5d) c.or    a4, a5
core   0: 3 0x80004d9e (0x8f5d) x14 0x0000000b
core   0: 0x80004da0 (0xfd04e8e3) bltu    s1, a6, pc - 48
core   0: 3 0x80004da0 (0xfd04e8e3)
core   0: 0x80004d70 (0x7e0c0193) addi    gp, s8, 2016
core   0: 3 0x80004d70 (0x7e0c0193) x 3 0x000007e9
core   0: 0x80004d74 (0x00008db6) c.mv    s11, a3
core   0: 3 0x80004d74 (0x8db6) x27 0x00000038
core   0: 0x80004d76 (0x0000100f) fence.i
core   0: 3 0x80004d76 (0x0000100f)
core   0: 0x80004d7a (0x40100b33) sub     s6, zero, ra
core   0: 3 0x80004d7a (0x40100b33) x22 0x80026e42
core   0: 0x80004d7e (0x00be11b3) sll     gp, t3, a1
core   0: 3 0x80004d7e (0x00be11b3) x 3 0x1171a000
core   0: 0x80004d82 (0x0000815d) c.srli  a0, 23
core   0: 3 0x80004d82 (0x815d) x10 0x00000000
core   0: 0x80004d84 (0x02e78693) addi    a3, a5, 46
core   0: 3 0x80004d84 (0x02e78693) x13 0x00000038
core   0: 0x80004d88 (0x0ff0000f) fence   iorw,iorw
core   0: 3 0x80004d88 (0x0ff0000f)
core   0: 0x80004d8c (0x29a12713) slti    a4, sp, 666
core   0: 3 0x80004d8c (0x29a12713) x14 0x00000001
core   0: 0x80004d90 (0x01ddcdb3) xor     s11, s11, t4
core   0: 3 0x80004d90 (0x01ddcdb3) x27 0x0000003a
core   0: 0x80004d94 (0x00000491) c.addi  s1, 4
core   0: 3 0x80004d94 (0x0491) x 9 0x00000010
core   0: 0x80004d96 (0x40655893) srai    a7, a0, 6
core   0: 3 0x80004d96 (0x40655893) x17 0x00000000
core   0: 0x80004d9a (0x00008d5d) c.or    a0, a5
core   0: 3 0x80004d9a (0x8d5d) x10 0x0000000a
core   0: 0x80004d9c (0x00006285) c.lui   t0, 0x1
core   0: 3 0x80004d9c (0x6285) x 5 0x00001000
core   0: 0x80004d9e (0x00008f5d) c.or    a4, a5
core   0: 3 0x80004d9e (0x8f5d) x14 0x0000000b
core   0: 0x80004da0 (0xfd04e8e3) bltu    s1, a6, pc - 48
core   0: 3 0x80004da0 (0xfd04e8e3)
core   0: 0x80004da4 (0x02436533) rem     a0, t1, tp
core   0: 3 0x80004da4 (0x02436533) x10 0x00000001
core   0: 0x80004da8 (0x00a00613) li      a2, 10
core   0: 3 0x80004da8 (0x00a00613) x12 0x0000000a
core   0: 0x80004dac (0x034ec133) div     sp, t4, s4
core   0: 3 0x80004dac (0x034ec133) x 2 0x00000000
core   0: 0x80004db0 (0x03ca5b33) divu    s6, s4, t3
core   0: 3 0x80004db0 (0x03ca5b33) x22 0x00000000
core   0: 0x80004db4 (0x000bacb3) slt     s9, s7, zero
core   0: 3 0x80004db4 (0x000bacb3) x25 0x00000001
core   0: 0x80004db8 (0x000085e9) c.srai  a1, 26
core   0: 3 0x80004db8 (0x85e9) x11 0x00000000
core   0: 0x80004dba (0x00008c29) c.xor   s0, a0
core   0: 3 0x80004dba (0x8c29) x 8 0x00000001
core   0: 0x80004dbc (0x00008d8d) c.sub   a1, a1
core   0: 3 0x80004dbc (0x8d8d) x11 0x00000000
core   0: 0x80004dbe (0x01400693) li      a3, 20
core   0: 3 0x80004dbe (0x01400693) x13 0x00000014
core   0: 0x80004dc2 (0x0031e5b3) or      a1, gp, gp
core   0: 3 0x80004dc2 (0x0031e5b3) x11 0x1171a000
core   0: 0x80004dc6 (0x000099fd) c.andi  a1, -1
core   0: 3 0x80004dc6 (0x99fd) x11 0x1171a000
core   0: 0x80004dc8 (0x00f427b3) slt     a5, s0, a5
core   0: 3 0x80004dc8 (0x00f427b3) x15 0x00000001
core   0: 0x80004dcc (0xfb4b3713) sltiu   a4, s6, -76
core   0: 3 0x80004dcc (0xfb4b3713) x14 0x00000001
core   0: 0x80004dd0 (0x01d6d593) srli    a1, a3, 29
core   0: 3 0x80004dd0 (0x01d6d593) x11 0x00000000
core   0: 0x80004dd4 (0x03636033) rem     zero, t1, s6
core   0: 3 0x80004dd4 (0x03636033)
core   0: 0x80004dd8 (0x00008c25) c.xor   s0, s1
core   0: 3 0x80004dd8 (0x8c25) x 8 0x00000011
core   0: 0x80004dda (0x00000001) c.nop
core   0: 3 0x80004dda (0x0001)
core   0: 0x80004ddc (0x0ff0000f) fence   iorw,iorw
core   0: 3 0x80004ddc (0x0ff0000f)
core   0: 0x80004de0 (0x00009726) c.add   a4, s1
core   0: 3 0x80004de0 (0x9726) x14 0x00000011
core   0: 0x80004de2 (0x000019fd) c.addi  s3, -1
core   0: 3 0x80004de2 (0x19fd) x19 0x80000003
core   0: 0x80004de4 (0x00000629) c.addi  a2, 10
core   0: 3 0x80004de4 (0x0629) x12 0x00000014
core   0: 0x80004de6 (0x1dbab997) auipc   s3, 0x1dbab
core   0: 3 0x80004de6 (0x1dbab997) x19 0x9dbafde6
core   0: 0x80004dea (0x0000454d) c.li    a0, 19
core   0: 3 0x80004dea (0x454d) x10 0x00000013
core   0: 0x80004dec (0x41a85393) srai    t2, a6, 26
core   0: 3 0x80004dec (0x41a85393) x 7 0x00000000
core   0: 0x80004df0 (0x0337f233) remu    tp, a5, s3
core   0: 3 0x80004df0 (0x0337f233) x 4 0x00000001
core   0: 0x80004df4 (0x000084a9) c.srai  s1, 10
core   0: 3 0x80004df4 (0x84a9) x 9 0x00000000
core   0: 0x80004df6 (0xfed615e3) bne     a2, a3, pc - 22
core   0: 3 0x80004df6 (0xfed615e3)
core   0: 0x80004dfa (0x01074eb3) xor     t4, a4, a6
core   0: 3 0x80004dfa (0x01074eb3) x29 0x0000001f
core   0: 0x80004dfe (0xff600e93) li      t4, -10
core   0: 3 0x80004dfe (0xff600e93) x29 0xfffffff6
core   0: 0x80004e02 (0x000045b9) c.li    a1, 14
core   0: 3 0x80004e02 (0x45b9) x11 0x0000000e
core   0: 0x80004e04 (0x00700f93) li      t6, 7
core   0: 3 0x80004e04 (0x00700f93) x31 0x00000007
core   0: 0x80004e08 (0xd392c913) xori    s2, t0, -711
core   0: 3 0x80004e08 (0xd392c913) x18 0xffffed39
core   0: 0x80004e0c (0x0000100f) fence.i
core   0: 3 0x80004e0c (0x0000100f)
core   0: 0x80004e10 (0xa2ee4893) xori    a7, t3, -1490
core   0: 3 0x80004e10 (0xa2ee4893) x17 0x7ffdd41a
core   0: 0x80004e14 (0x00008d65) c.and   a0, s1
core   0: 3 0x80004e14 (0x8d65) x10 0x00000000
core   0: 0x80004e16 (0x00000e91) c.addi  t4, 4
core   0: 3 0x80004e16 (0x0e91) x29 0xfffffffa
core   0: 0x80004e18 (0x00000001) c.nop
core   0: 3 0x80004e18 (0x0001)
core   0: 0x80004e1a (0x0000717d) c.addi16sp sp, -16
core   0: 3 0x80004e1a (0x717d) x 2 0xfffffff0
core   0: 0x80004e1c (0xba3c6593) ori     a1, s8, -1117
core   0: 3 0x80004e1c (0xba3c6593) x11 0xfffffbab
core   0: 0x80004e20 (0x01eb0633) add     a2, s6, t5
core   0: 3 0x80004e20 (0x01eb0633) x12 0x8002274c
core   0: 0x80004e24 (0x014958b3) srl     a7, s2, s4
core   0: 3 0x80004e24 (0x014958b3) x17 0xffffed39
core   0: 0x80004e28 (0x01c5d133) srl     sp, a1, t3
core   0: 3 0x80004e28 (0x01c5d133) x 2 0x00000fff
core   0: 0x80004e2c (0x00300713) li      a4, 3
core   0: 3 0x80004e2c (0x00300713) x14 0x00000003
core   0: 0x80004e30 (0x01100c93) li      s9, 17
core   0: 3 0x80004e30 (0x01100c93) x25 0x00000011
core   0: 0x80004e34 (0x02f17c33) remu    s8, sp, a5
core   0: 3 0x80004e34 (0x02f17c33) x24 0x00000000
core   0: 0x80004e38 (0x00008cf9) c.and   s1, a4
core   0: 3 0x80004e38 (0x8cf9) x 9 0x00000000
core   0: 0x80004e3a (0x00000709) c.addi  a4, 2
core   0: 3 0x80004e3a (0x0709) x14 0x00000005
core   0: 0x80004e3c (0x019f1233) sll     tp, t5, s9
core   0: 3 0x80004e3c (0x019f1233) x 4 0x4e980000
core   0: 0x80004e40 (0xff976ce3) bltu    a4, s9, pc - 8
core   0: 3 0x80004e40 (0xff976ce3)
core   0: 0x80004e38 (0x00008cf9) c.and   s1, a4
core   0: 3 0x80004e38 (0x8cf9) x 9 0x00000000
core   0: 0x80004e3a (0x00000709) c.addi  a4, 2
core   0: 3 0x80004e3a (0x0709) x14 0x00000007
core   0: 0x80004e3c (0x019f1233) sll     tp, t5, s9
core   0: 3 0x80004e3c (0x019f1233) x 4 0x4e980000
core   0: 0x80004e40 (0xff976ce3) bltu    a4, s9, pc - 8
core   0: 3 0x80004e40 (0xff976ce3)
core   0: 0x80004e38 (0x00008cf9) c.and   s1, a4
core   0: 3 0x80004e38 (0x8cf9) x 9 0x00000000
core   0: 0x80004e3a (0x00000709) c.addi  a4, 2
core   0: 3 0x80004e3a (0x0709) x14 0x00000009
core   0: 0x80004e3c (0x019f1233) sll     tp, t5, s9
core   0: 3 0x80004e3c (0x019f1233) x 4 0x4e980000
core   0: 0x80004e40 (0xff976ce3) bltu    a4, s9, pc - 8
core   0: 3 0x80004e40 (0xff976ce3)
core   0: 0x80004e38 (0x00008cf9) c.and   s1, a4
core   0: 3 0x80004e38 (0x8cf9) x 9 0x00000000
core   0: 0x80004e3a (0x00000709) c.addi  a4, 2
core   0: 3 0x80004e3a (0x0709) x14 0x0000000b
core   0: 0x80004e3c (0x019f1233) sll     tp, t5, s9
core   0: 3 0x80004e3c (0x019f1233) x 4 0x4e980000
core   0: 0x80004e40 (0xff976ce3) bltu    a4, s9, pc - 8
core   0: 3 0x80004e40 (0xff976ce3)
core   0: 0x80004e38 (0x00008cf9) c.and   s1, a4
core   0: 3 0x80004e38 (0x8cf9) x 9 0x00000000
core   0: 0x80004e3a (0x00000709) c.addi  a4, 2
core   0: 3 0x80004e3a (0x0709) x14 0x0000000d
core   0: 0x80004e3c (0x019f1233) sll     tp, t5, s9
core   0: 3 0x80004e3c (0x019f1233) x 4 0x4e980000
core   0: 0x80004e40 (0xff976ce3) bltu    a4, s9, pc - 8
core   0: 3 0x80004e40 (0xff976ce3)
core   0: 0x80004e38 (0x00008cf9) c.and   s1, a4
core   0: 3 0x80004e38 (0x8cf9) x 9 0x00000000
core   0: 0x80004e3a (0x00000709) c.addi  a4, 2
core   0: 3 0x80004e3a (0x0709) x14 0x0000000f
core   0: 0x80004e3c (0x019f1233) sll     tp, t5, s9
core   0: 3 0x80004e3c (0x019f1233) x 4 0x4e980000
core   0: 0x80004e40 (0xff976ce3) bltu    a4, s9, pc - 8
core   0: 3 0x80004e40 (0xff976ce3)
core   0: 0x80004e38 (0x00008cf9) c.and   s1, a4
core   0: 3 0x80004e38 (0x8cf9) x 9 0x00000000
core   0: 0x80004e3a (0x00000709) c.addi  a4, 2
core   0: 3 0x80004e3a (0x0709) x14 0x00000011
core   0: 0x80004e3c (0x019f1233) sll     tp, t5, s9
core   0: 3 0x80004e3c (0x019f1233) x 4 0x4e980000
core   0: 0x80004e40 (0xff976ce3) bltu    a4, s9, pc - 8
core   0: 3 0x80004e40 (0xff976ce3)
core   0: 0x80004e44 (0xfdfee6e3) bltu    t4, t6, pc - 52
core   0: 3 0x80004e44 (0xfdfee6e3)
core   0: 0x80004e48 (0x01d92233) slt     tp, s2, t4
core   0: 3 0x80004e48 (0x01d92233) x 4 0x00000001
core   0: 0x80004e4c (0x00400793) li      a5, 4
core   0: 3 0x80004e4c (0x00400793) x15 0x00000004
core   0: 0x80004e50 (0x0ff0000f) fence   iorw,iorw
core   0: 3 0x80004e50 (0x0ff0000f)
core   0: 0x80004e54 (0x00000001) c.nop
core   0: 3 0x80004e54 (0x0001)
core   0: 0x80004e56 (0x000081a1) c.srli  a1, 8
core   0: 3 0x80004e56 (0x81a1) x11 0x00fffffb
core   0: 0x80004e58 (0x00001800) c.addi4spn s0, sp, 48
core   0: 3 0x80004e58 (0x1800) x 8 0x0000102f
core   0: 0x80004e5a (0x006436b3) sltu    a3, s0, t1
core   0: 3 0x80004e5a (0x006436b3) x13 0x00000000
core   0: 0x80004e5e (0x000017f1) c.addi  a5, -4
core   0: 3 0x80004e5e (0x17f1) x15 0x00000000
core   0: 0x80004e60 (0x00700493) li      s1, 7
core   0: 3 0x80004e60 (0x00700493) x 9 0x00000007
core   0: 0x80004e64 (0x84647c93) andi    s9, s0, -1978
core   0: 3 0x80004e64 (0x84647c93) x25 0x00001006
core   0: 0x80004e68 (0x00008ad1) c.andi  a3, 20
core   0: 3 0x80004e68 (0x8ad1) x13 0x00000000
core   0: 0x80004e6a (0x01300093) li      ra, 19
core   0: 3 0x80004e6a (0x01300093) x 1 0x00000013
core   0: 0x80004e6e (0x00008ea5) c.xor   a3, s1
core   0: 3 0x80004e6e (0x8ea5) x13 0x00000007
core   0: 0x80004e70 (0x00000485) c.addi  s1, 1
core   0: 3 0x80004e70 (0x0485) x 9 0x00000008
core   0: 0x80004e72 (0x021456b3) divu    a3, s0, ra
core   0: 3 0x80004e72 (0x021456b3) x13 0x000000da
core   0: 0x80004e76 (0xd3a68413) addi    s0, a3, -710
core   0: 3 0x80004e76 (0xd3a68413) x 8 0xfffffe14
core   0: 0x80004e7a (0x03d19633) mulh    a2, gp, t4
core   0: 3 0x80004e7a (0x03d19633) x12 0xffffffff
core   0: 0x80004e7e (0xfe1498e3) bne     s1, ra, pc - 16
core   0: 3 0x80004e7e (0xfe1498e3)
core   0: 0x80004e6e (0x00008ea5) c.xor   a3, s1
core   0: 3 0x80004e6e (0x8ea5) x13 0x000000d2
core   0: 0x80004e70 (0x00000485) c.addi  s1, 1
core   0: 3 0x80004e70 (0x0485) x 9 0x00000009
core   0: 0x80004e72 (0x021456b3) divu    a3, s0, ra
core   0: 3 0x80004e72 (0x021456b3) x13 0x0d794344
core   0: 0x80004e76 (0xd3a68413) addi    s0, a3, -710
core   0: 3 0x80004e76 (0xd3a68413) x 8 0x0d79407e
core   0: 0x80004e7a (0x03d19633) mulh    a2, gp, t4
core   0: 3 0x80004e7a (0x03d19633) x12 0xffffffff
core   0: 0x80004e7e (0xfe1498e3) bne     s1, ra, pc - 16
core   0: 3 0x80004e7e (0xfe1498e3)
core   0: 0x80004e6e (0x00008ea5) c.xor   a3, s1
core   0: 3 0x80004e6e (0x8ea5) x13 0x0d79434d
core   0: 0x80004e70 (0x00000485) c.addi  s1, 1
core   0: 3 0x80004e70 (0x0485) x 9 0x0000000a
core   0: 0x80004e72 (0x021456b3) divu    a3, s0, ra
core   0: 3 0x80004e72 (0x021456b3) x13 0x00b58a21
core   0: 0x80004e76 (0xd3a68413) addi    s0, a3, -710
core   0: 3 0x80004e76 (0xd3a68413) x 8 0x00b5875b
core   0: 0x80004e7a (0x03d19633) mulh    a2, gp, t4
core   0: 3 0x80004e7a (0x03d19633) x12 0xffffffff
core   0: 0x80004e7e (0xfe1498e3) bne     s1, ra, pc - 16
core   0: 3 0x80004e7e (0xfe1498e3)
core   0: 0x80004e6e (0x00008ea5) c.xor   a3, s1
core   0: 3 0x80004e6e (0x8ea5) x13 0x00b58a2b
core   0: 0x80004e70 (0x00000485) c.addi  s1, 1
core   0: 3 0x80004e70 (0x0485) x 9 0x0000000b
core   0: 0x80004e72 (0x021456b3) divu    a3, s0, ra
core   0: 3 0x80004e72 (0x021456b3) x13 0x00098ddc
core   0: 0x80004e76 (0xd3a68413) addi    s0, a3, -710
core   0: 3 0x80004e76 (0xd3a68413) x 8 0x00098b16
core   0: 0x80004e7a (0x03d19633) mulh    a2, gp, t4
core   0: 3 0x80004e7a (0x03d19633) x12 0xffffffff
core   0: 0x80004e7e (0xfe1498e3) bne     s1, ra, pc - 16
core   0: 3 0x80004e7e (0xfe1498e3)
core   0: 0x80004e6e (0x00008ea5) c.xor   a3, s1
core   0: 3 0x80004e6e (0x8ea5) x13 0x00098dd7
core   0: 0x80004e70 (0x00000485) c.addi  s1, 1
core   0: 3 0x80004e70 (0x0485) x 9 0x0000000c
core   0: 0x80004e72 (0x021456b3) divu    a3, s0, ra
core   0: 3 0x80004e72 (0x021456b3) x13 0x00008095
core   0: 0x80004e76 (0xd3a68413) addi    s0, a3, -710
core   0: 3 0x80004e76 (0xd3a68413) x 8 0x00007dcf
core   0: 0x80004e7a (0x03d19633) mulh    a2, gp, t4
core   0: 3 0x80004e7a (0x03d19633) x12 0xffffffff
core   0: 0x80004e7e (0xfe1498e3) bne     s1, ra, pc - 16
core   0: 3 0x80004e7e (0xfe1498e3)
core   0: 0x80004e6e (0x00008ea5) c.xor   a3, s1
core   0: 3 0x80004e6e (0x8ea5) x13 0x00008099
core   0: 0x80004e70 (0x00000485) c.addi  s1, 1
core   0: 3 0x80004e70 (0x0485) x 9 0x0000000d
core   0: 0x80004e72 (0x021456b3) divu    a3, s0, ra
core   0: 3 0x80004e72 (0x021456b3) x13 0x0000069f
core   0: 0x80004e76 (0xd3a68413) addi    s0, a3, -710
core   0: 3 0x80004e76 (0xd3a68413) x 8 0x000003d9
core   0: 0x80004e7a (0x03d19633) mulh    a2, gp, t4
core   0: 3 0x80004e7a (0x03d19633) x12 0xffffffff
core   0: 0x80004e7e (0xfe1498e3) bne     s1, ra, pc - 16
core   0: 3 0x80004e7e (0xfe1498e3)
core   0: 0x80004e6e (0x00008ea5) c.xor   a3, s1
core   0: 3 0x80004e6e (0x8ea5) x13 0x00000692
core   0: 0x80004e70 (0x00000485) c.addi  s1, 1
core   0: 3 0x80004e70 (0x0485) x 9 0x0000000e
core   0: 0x80004e72 (0x021456b3) divu    a3, s0, ra
core   0: 3 0x80004e72 (0x021456b3) x13 0x00000033
core   0: 0x80004e76 (0xd3a68413) addi    s0, a3, -710
core   0: 3 0x80004e76 (0xd3a68413) x 8 0xfffffd6d
core   0: 0x80004e7a (0x03d19633) mulh    a2, gp, t4
core   0: 3 0x80004e7a (0x03d19633) x12 0xffffffff
core   0: 0x80004e7e (0xfe1498e3) bne     s1, ra, pc - 16
core   0: 3 0x80004e7e (0xfe1498e3)
core   0: 0x80004e6e (0x00008ea5) c.xor   a3, s1
core   0: 3 0x80004e6e (0x8ea5) x13 0x0000003d
core   0: 0x80004e70 (0x00000485) c.addi  s1, 1
core   0: 3 0x80004e70 (0x0485) x 9 0x0000000f
core   0: 0x80004e72 (0x021456b3) divu    a3, s0, ra
core   0: 3 0x80004e72 (0x021456b3) x13 0x0d79433b
core   0: 0x80004e76 (0xd3a68413) addi    s0, a3, -710
core   0: 3 0x80004e76 (0xd3a68413) x 8 0x0d794075
core   0: 0x80004e7a (0x03d19633) mulh    a2, gp, t4
core   0: 3 0x80004e7a (0x03d19633) x12 0xffffffff
core   0: 0x80004e7e (0xfe1498e3) bne     s1, ra, pc - 16
core   0: 3 0x80004e7e (0xfe1498e3)
core   0: 0x80004e6e (0x00008ea5) c.xor   a3, s1
core   0: 3 0x80004e6e (0x8ea5) x13 0x0d794334
core   0: 0x80004e70 (0x00000485) c.addi  s1, 1
core   0: 3 0x80004e70 (0x0485) x 9 0x00000010
core   0: 0x80004e72 (0x021456b3) divu    a3, s0, ra
core   0: 3 0x80004e72 (0x021456b3) x13 0x00b58a21
core   0: 0x80004e76 (0xd3a68413) addi    s0, a3, -710
core   0: 3 0x80004e76 (0xd3a68413) x 8 0x00b5875b
core   0: 0x80004e7a (0x03d19633) mulh    a2, gp, t4
core   0: 3 0x80004e7a (0x03d19633) x12 0xffffffff
core   0: 0x80004e7e (0xfe1498e3) bne     s1, ra, pc - 16
core   0: 3 0x80004e7e (0xfe1498e3)
core   0: 0x80004e6e (0x00008ea5) c.xor   a3, s1
core   0: 3 0x80004e6e (0x8ea5) x13 0x00b58a31
core   0: 0x80004e70 (0x00000485) c.addi  s1, 1
core   0: 3 0x80004e70 (0x0485) x 9 0x00000011
core   0: 0x80004e72 (0x021456b3) divu    a3, s0, ra
core   0: 3 0x80004e72 (0x021456b3) x13 0x00098ddc
core   0: 0x80004e76 (0xd3a68413) addi    s0, a3, -710
core   0: 3 0x80004e76 (0xd3a68413) x 8 0x00098b16
core   0: 0x80004e7a (0x03d19633) mulh    a2, gp, t4
core   0: 3 0x80004e7a (0x03d19633) x12 0xffffffff
core   0: 0x80004e7e (0xfe1498e3) bne     s1, ra, pc - 16
core   0: 3 0x80004e7e (0xfe1498e3)
core   0: 0x80004e6e (0x00008ea5) c.xor   a3, s1
core   0: 3 0x80004e6e (0x8ea5) x13 0x00098dcd
core   0: 0x80004e70 (0x00000485) c.addi  s1, 1
core   0: 3 0x80004e70 (0x0485) x 9 0x00000012
core   0: 0x80004e72 (0x021456b3) divu    a3, s0, ra
core   0: 3 0x80004e72 (0x021456b3) x13 0x00008095
core   0: 0x80004e76 (0xd3a68413) addi    s0, a3, -710
core   0: 3 0x80004e76 (0xd3a68413) x 8 0x00007dcf
core   0: 0x80004e7a (0x03d19633) mulh    a2, gp, t4
core   0: 3 0x80004e7a (0x03d19633) x12 0xffffffff
core   0: 0x80004e7e (0xfe1498e3) bne     s1, ra, pc - 16
core   0: 3 0x80004e7e (0xfe1498e3)
core   0: 0x80004e6e (0x00008ea5) c.xor   a3, s1
core   0: 3 0x80004e6e (0x8ea5) x13 0x00008087
core   0: 0x80004e70 (0x00000485) c.addi  s1, 1
core   0: 3 0x80004e70 (0x0485) x 9 0x00000013
core   0: 0x80004e72 (0x021456b3) divu    a3, s0, ra
core   0: 3 0x80004e72 (0x021456b3) x13 0x0000069f
core   0: 0x80004e76 (0xd3a68413) addi    s0, a3, -710
core   0: 3 0x80004e76 (0xd3a68413) x 8 0x000003d9
core   0: 0x80004e7a (0x03d19633) mulh    a2, gp, t4
core   0: 3 0x80004e7a (0x03d19633) x12 0xffffffff
core   0: 0x80004e7e (0xfe1498e3) bne     s1, ra, pc - 16
core   0: 3 0x80004e7e (0xfe1498e3)
core   0: 0x80004e82 (0x0000dbf9) c.beqz  a5, pc - 42
core   0: 3 0x80004e82 (0xdbf9)
core   0: 0x80004e58 (0x00001800) c.addi4spn s0, sp, 48
core   0: 3 0x80004e58 (0x1800) x 8 0x0000102f
core   0: 0x80004e5a (0x006436b3) sltu    a3, s0, t1
core   0: 3 0x80004e5a (0x006436b3) x13 0x00000000
core   0: 0x80004e5e (0x000017f1) c.addi  a5, -4
core   0: 3 0x80004e5e (0x17f1) x15 0xfffffffc
core   0: 0x80004e60 (0x00700493) li      s1, 7
core   0: 3 0x80004e60 (0x00700493) x 9 0x00000007
core   0: 0x80004e64 (0x84647c93) andi    s9, s0, -1978
core   0: 3 0x80004e64 (0x84647c93) x25 0x00001006
core   0: 0x80004e68 (0x00008ad1) c.andi  a3, 20
core   0: 3 0x80004e68 (0x8ad1) x13 0x00000000
core   0: 0x80004e6a (0x01300093) li      ra, 19
core   0: 3 0x80004e6a (0x01300093) x 1 0x00000013
core   0: 0x80004e6e (0x00008ea5) c.xor   a3, s1
core   0: 3 0x80004e6e (0x8ea5) x13 0x00000007
core   0: 0x80004e70 (0x00000485) c.addi  s1, 1
core   0: 3 0x80004e70 (0x0485) x 9 0x00000008
core   0: 0x80004e72 (0x021456b3) divu    a3, s0, ra
core   0: 3 0x80004e72 (0x021456b3) x13 0x000000da
core   0: 0x80004e76 (0xd3a68413) addi    s0, a3, -710
core   0: 3 0x80004e76 (0xd3a68413) x 8 0xfffffe14
core   0: 0x80004e7a (0x03d19633) mulh    a2, gp, t4
core   0: 3 0x80004e7a (0x03d19633) x12 0xffffffff
core   0: 0x80004e7e (0xfe1498e3) bne     s1, ra, pc - 16
core   0: 3 0x80004e7e (0xfe1498e3)
core   0: 0x80004e6e (0x00008ea5) c.xor   a3, s1
core   0: 3 0x80004e6e (0x8ea5) x13 0x000000d2
core   0: 0x80004e70 (0x00000485) c.addi  s1, 1
core   0: 3 0x80004e70 (0x0485) x 9 0x00000009
core   0: 0x80004e72 (0x021456b3) divu    a3, s0, ra
core   0: 3 0x80004e72 (0x021456b3) x13 0x0d794344
core   0: 0x80004e76 (0xd3a68413) addi    s0, a3, -710
core   0: 3 0x80004e76 (0xd3a68413) x 8 0x0d79407e
core   0: 0x80004e7a (0x03d19633) mulh    a2, gp, t4
core   0: 3 0x80004e7a (0x03d19633) x12 0xffffffff
core   0: 0x80004e7e (0xfe1498e3) bne     s1, ra, pc - 16
core   0: 3 0x80004e7e (0xfe1498e3)
core   0: 0x80004e6e (0x00008ea5) c.xor   a3, s1
core   0: 3 0x80004e6e (0x8ea5) x13 0x0d79434d
core   0: 0x80004e70 (0x00000485) c.addi  s1, 1
core   0: 3 0x80004e70 (0x0485) x 9 0x0000000a
core   0: 0x80004e72 (0x021456b3) divu    a3, s0, ra
core   0: 3 0x80004e72 (0x021456b3) x13 0x00b58a21
core   0: 0x80004e76 (0xd3a68413) addi    s0, a3, -710
core   0: 3 0x80004e76 (0xd3a68413) x 8 0x00b5875b
core   0: 0x80004e7a (0x03d19633) mulh    a2, gp, t4
core   0: 3 0x80004e7a (0x03d19633) x12 0xffffffff
core   0: 0x80004e7e (0xfe1498e3) bne     s1, ra, pc - 16
core   0: 3 0x80004e7e (0xfe1498e3)
core   0: 0x80004e6e (0x00008ea5) c.xor   a3, s1
core   0: 3 0x80004e6e (0x8ea5) x13 0x00b58a2b
core   0: 0x80004e70 (0x00000485) c.addi  s1, 1
core   0: 3 0x80004e70 (0x0485) x 9 0x0000000b
core   0: 0x80004e72 (0x021456b3) divu    a3, s0, ra
core   0: 3 0x80004e72 (0x021456b3) x13 0x00098ddc
core   0: 0x80004e76 (0xd3a68413) addi    s0, a3, -710
core   0: 3 0x80004e76 (0xd3a68413) x 8 0x00098b16
core   0: 0x80004e7a (0x03d19633) mulh    a2, gp, t4
core   0: 3 0x80004e7a (0x03d19633) x12 0xffffffff
core   0: 0x80004e7e (0xfe1498e3) bne     s1, ra, pc - 16
core   0: 3 0x80004e7e (0xfe1498e3)
core   0: 0x80004e6e (0x00008ea5) c.xor   a3, s1
core   0: 3 0x80004e6e (0x8ea5) x13 0x00098dd7
core   0: 0x80004e70 (0x00000485) c.addi  s1, 1
core   0: 3 0x80004e70 (0x0485) x 9 0x0000000c
core   0: 0x80004e72 (0x021456b3) divu    a3, s0, ra
core   0: 3 0x80004e72 (0x021456b3) x13 0x00008095
core   0: 0x80004e76 (0xd3a68413) addi    s0, a3, -710
core   0: 3 0x80004e76 (0xd3a68413) x 8 0x00007dcf
core   0: 0x80004e7a (0x03d19633) mulh    a2, gp, t4
core   0: 3 0x80004e7a (0x03d19633) x12 0xffffffff
core   0: 0x80004e7e (0xfe1498e3) bne     s1, ra, pc - 16
core   0: 3 0x80004e7e (0xfe1498e3)
core   0: 0x80004e6e (0x00008ea5) c.xor   a3, s1
core   0: 3 0x80004e6e (0x8ea5) x13 0x00008099
core   0: 0x80004e70 (0x00000485) c.addi  s1, 1
core   0: 3 0x80004e70 (0x0485) x 9 0x0000000d
core   0: 0x80004e72 (0x021456b3) divu    a3, s0, ra
core   0: 3 0x80004e72 (0x021456b3) x13 0x0000069f
core   0: 0x80004e76 (0xd3a68413) addi    s0, a3, -710
core   0: 3 0x80004e76 (0xd3a68413) x 8 0x000003d9
core   0: 0x80004e7a (0x03d19633) mulh    a2, gp, t4
core   0: 3 0x80004e7a (0x03d19633) x12 0xffffffff
core   0: 0x80004e7e (0xfe1498e3) bne     s1, ra, pc - 16
core   0: 3 0x80004e7e (0xfe1498e3)
core   0: 0x80004e6e (0x00008ea5) c.xor   a3, s1
core   0: 3 0x80004e6e (0x8ea5) x13 0x00000692
core   0: 0x80004e70 (0x00000485) c.addi  s1, 1
core   0: 3 0x80004e70 (0x0485) x 9 0x0000000e
core   0: 0x80004e72 (0x021456b3) divu    a3, s0, ra
core   0: 3 0x80004e72 (0x021456b3) x13 0x00000033
core   0: 0x80004e76 (0xd3a68413) addi    s0, a3, -710
core   0: 3 0x80004e76 (0xd3a68413) x 8 0xfffffd6d
core   0: 0x80004e7a (0x03d19633) mulh    a2, gp, t4
core   0: 3 0x80004e7a (0x03d19633) x12 0xffffffff
core   0: 0x80004e7e (0xfe1498e3) bne     s1, ra, pc - 16
core   0: 3 0x80004e7e (0xfe1498e3)
core   0: 0x80004e6e (0x00008ea5) c.xor   a3, s1
core   0: 3 0x80004e6e (0x8ea5) x13 0x0000003d
core   0: 0x80004e70 (0x00000485) c.addi  s1, 1
core   0: 3 0x80004e70 (0x0485) x 9 0x0000000f
core   0: 0x80004e72 (0x021456b3) divu    a3, s0, ra
core   0: 3 0x80004e72 (0x021456b3) x13 0x0d79433b
core   0: 0x80004e76 (0xd3a68413) addi    s0, a3, -710
core   0: 3 0x80004e76 (0xd3a68413) x 8 0x0d794075
core   0: 0x80004e7a (0x03d19633) mulh    a2, gp, t4
core   0: 3 0x80004e7a (0x03d19633) x12 0xffffffff
core   0: 0x80004e7e (0xfe1498e3) bne     s1, ra, pc - 16
core   0: 3 0x80004e7e (0xfe1498e3)
core   0: 0x80004e6e (0x00008ea5) c.xor   a3, s1
core   0: 3 0x80004e6e (0x8ea5) x13 0x0d794334
core   0: 0x80004e70 (0x00000485) c.addi  s1, 1
core   0: 3 0x80004e70 (0x0485) x 9 0x00000010
core   0: 0x80004e72 (0x021456b3) divu    a3, s0, ra
core   0: 3 0x80004e72 (0x021456b3) x13 0x00b58a21
core   0: 0x80004e76 (0xd3a68413) addi    s0, a3, -710
core   0: 3 0x80004e76 (0xd3a68413) x 8 0x00b5875b
core   0: 0x80004e7a (0x03d19633) mulh    a2, gp, t4
core   0: 3 0x80004e7a (0x03d19633) x12 0xffffffff
core   0: 0x80004e7e (0xfe1498e3) bne     s1, ra, pc - 16
core   0: 3 0x80004e7e (0xfe1498e3)
core   0: 0x80004e6e (0x00008ea5) c.xor   a3, s1
core   0: 3 0x80004e6e (0x8ea5) x13 0x00b58a31
core   0: 0x80004e70 (0x00000485) c.addi  s1, 1
core   0: 3 0x80004e70 (0x0485) x 9 0x00000011
core   0: 0x80004e72 (0x021456b3) divu    a3, s0, ra
core   0: 3 0x80004e72 (0x021456b3) x13 0x00098ddc
core   0: 0x80004e76 (0xd3a68413) addi    s0, a3, -710
core   0: 3 0x80004e76 (0xd3a68413) x 8 0x00098b16
core   0: 0x80004e7a (0x03d19633) mulh    a2, gp, t4
core   0: 3 0x80004e7a (0x03d19633) x12 0xffffffff
core   0: 0x80004e7e (0xfe1498e3) bne     s1, ra, pc - 16
core   0: 3 0x80004e7e (0xfe1498e3)
core   0: 0x80004e6e (0x00008ea5) c.xor   a3, s1
core   0: 3 0x80004e6e (0x8ea5) x13 0x00098dcd
core   0: 0x80004e70 (0x00000485) c.addi  s1, 1
core   0: 3 0x80004e70 (0x0485) x 9 0x00000012
core   0: 0x80004e72 (0x021456b3) divu    a3, s0, ra
core   0: 3 0x80004e72 (0x021456b3) x13 0x00008095
core   0: 0x80004e76 (0xd3a68413) addi    s0, a3, -710
core   0: 3 0x80004e76 (0xd3a68413) x 8 0x00007dcf
core   0: 0x80004e7a (0x03d19633) mulh    a2, gp, t4
core   0: 3 0x80004e7a (0x03d19633) x12 0xffffffff
core   0: 0x80004e7e (0xfe1498e3) bne     s1, ra, pc - 16
core   0: 3 0x80004e7e (0xfe1498e3)
core   0: 0x80004e6e (0x00008ea5) c.xor   a3, s1
core   0: 3 0x80004e6e (0x8ea5) x13 0x00008087
core   0: 0x80004e70 (0x00000485) c.addi  s1, 1
core   0: 3 0x80004e70 (0x0485) x 9 0x00000013
core   0: 0x80004e72 (0x021456b3) divu    a3, s0, ra
core   0: 3 0x80004e72 (0x021456b3) x13 0x0000069f
core   0: 0x80004e76 (0xd3a68413) addi    s0, a3, -710
core   0: 3 0x80004e76 (0xd3a68413) x 8 0x000003d9
core   0: 0x80004e7a (0x03d19633) mulh    a2, gp, t4
core   0: 3 0x80004e7a (0x03d19633) x12 0xffffffff
core   0: 0x80004e7e (0xfe1498e3) bne     s1, ra, pc - 16
core   0: 3 0x80004e7e (0xfe1498e3)
core   0: 0x80004e82 (0x0000dbf9) c.beqz  a5, pc - 42
core   0: 3 0x80004e82 (0xdbf9)
core   0: 0x80004e84 (0x00b21f93) slli    t6, tp, 11
core   0: 3 0x80004e84 (0x00b21f93) x31 0x00000800
core   0: 0x80004e88 (0x03b56463) bltu    a0, s11, pc + 40
core   0: 3 0x80004e88 (0x03b56463)
core   0: 0x80004eb0 (0x00eba5b3) slt     a1, s7, a4
core   0: 3 0x80004eb0 (0x00eba5b3) x11 0x00000001
core   0: 0x80004eb4 (0x00000b29) c.addi  s6, 10
core   0: 3 0x80004eb4 (0x0b29) x22 0x0000000a
core   0: 0x80004eb6 (0x026d9233) mulh    tp, s11, t1
core   0: 3 0x80004eb6 (0x026d9233) x 4 0x00000000
core   0: 0x80004eba (0x02bd3f13) sltiu   t5, s10, 43
core   0: 3 0x80004eba (0x02bd3f13) x30 0x00000001
core   0: 0x80004ebe (0x00009c3a) c.add   s8, a4
core   0: 3 0x80004ebe (0x9c3a) x24 0x00000011
core   0: 0x80004ec0 (0x02635ab3) divu    s5, t1, t1
core   0: 3 0x80004ec0 (0x02635ab3) x21 0x00000001
core   0: 0x80004ec4 (0x03454363) blt     a0, s4, pc + 38
core   0: 3 0x80004ec4 (0x03454363)
core   0: 0x80004ec8 (0x02ce3433) mulhu   s0, t3, a2
core   0: 3 0x80004ec8 (0x02ce3433) x 8 0x80022e33
core   0: 0x80004ecc (0x79e8a713) slti    a4, a7, 1950
core   0: 3 0x80004ecc (0x79e8a713) x14 0x00000001
core   0: 0x80004ed0 (0x024ca513) slti    a0, s9, 36
core   0: 3 0x80004ed0 (0x024ca513) x10 0x00000000
core   0: 0x80004ed4 (0xf01fa4b7) lui     s1, 0xf01fa
core   0: 3 0x80004ed4 (0xf01fa4b7) x 9 0xf01fa000
core   0: 0x80004ed8 (0x0000935a) c.add   t1, s6
core   0: 3 0x80004ed8 (0x935a) x 6 0x000007fd
core   0: 0x80004eda (0x40a4d193) srai    gp, s1, 10
core   0: 3 0x80004eda (0x40a4d193) x 3 0xfffc07e8
core   0: 0x80004ede (0x00008f4d) c.or    a4, a1
core   0: 3 0x80004ede (0x8f4d) x14 0x00000001
core   0: 0x80004ee0 (0x03735e63) bge     t1, s7, pc + 60
core   0: 3 0x80004ee0 (0x03735e63)
core   0: 0x80004f1c (0x004e1a63) bne     t3, tp, pc + 20
core   0: 3 0x80004f1c (0x004e1a63)
core   0: 0x80004f30 (0x51dcf813) andi    a6, s9, 1309
core   0: 3 0x80004f30 (0x51dcf813) x16 0x00000004
core   0: 0x80004f34 (0x0ff0000f) fence   iorw,iorw
core   0: 3 0x80004f34 (0x0ff0000f)
core   0: 0x80004f38 (0x0000e721) c.bnez  a4, pc + 72
core   0: 3 0x80004f38 (0xe721)
core   0: 0x80004f80 (0x02415a63) bge     sp, tp, pc + 52
core   0: 3 0x80004f80 (0x02415a63)
core   0: 0x80004fb4 (0x00008f0d) c.sub   a4, a1
core   0: 3 0x80004fb4 (0x8f0d) x14 0x00000000
core   0: 0x80004fb6 (0x0000100f) fence.i
core   0: 3 0x80004fb6 (0x0000100f)
core   0: 0x80004fba (0x00008791) c.srai  a5, 4
core   0: 3 0x80004fba (0x8791) x15 0xffffffff
core   0: 0x80004fbc (0x000091a2) c.add   gp, s0
core   0: 3 0x80004fbc (0x91a2) x 3 0x7ffe361b
core   0: 0x80004fbe (0x0000100f) fence.i
core   0: 3 0x80004fbe (0x0000100f)
core   0: 0x80004fc2 (0x01141cb3) sll     s9, s0, a7
core   0: 3 0x80004fc2 (0x01141cb3) x25 0x66000000
core   0: 0x80004fc6 (0x795c3f93) sltiu   t6, s8, 1941
core   0: 3 0x80004fc6 (0x795c3f93) x31 0x00000001
core   0: 0x80004fca (0x01881cb3) sll     s9, a6, s8
core   0: 3 0x80004fca (0x01881cb3) x25 0x00080000
core   0: 0x80004fce (0x0000e0b9) c.bnez  s1, pc + 70
core   0: 3 0x80004fce (0xe0b9)
core   0: 0x80005014 (0x021ba133) mulhsu  sp, s7, ra
core   0: 3 0x80005014 (0x021ba133) x 2 0xfffffff6
core   0: 0x80005018 (0x00000001) c.nop
core   0: 3 0x80005018 (0x0001)
core   0: 0x8000501a (0x02a7c133) div     sp, a5, a0
core   0: 3 0x8000501a (0x02a7c133) x 2 0xffffffff
core   0: 0x8000501e (0x76d22893) slti    a7, tp, 1901
core   0: 3 0x8000501e (0x76d22893) x17 0x00000001
core   0: 0x80005022 (0x03c11933) mulh    s2, sp, t3
core   0: 3 0x80005022 (0x03c11933) x18 0x00000000
core   0: 0x80005026 (0x0339a9b3) mulhsu  s3, s3, s3
core   0: 3 0x80005026 (0x0339a9b3) x19 0xc373e61c
core   0: 0x8000502a (0x037a7c63) bgeu    s4, s7, pc + 56
core   0: 3 0x8000502a (0x037a7c63)
core   0: 0x8000502e (0x00008d25) c.xor   a0, s1
core   0: 3 0x8000502e (0x8d25) x10 0xf01fa000
core   0: 0x80005030 (0x407f8733) sub     a4, t6, t2
core   0: 3 0x80005030 (0x407f8733) x14 0x00000001
core   0: 0x80005034 (0x03aefb63) bgeu    t4, s10, pc + 54
core   0: 3 0x80005034 (0x03aefb63)
core   0: 0x8000506a (0x40390133) sub     sp, s2, gp
core   0: 3 0x8000506a (0x40390133) x 2 0x8001c9e5
core   0: 0x8000506e (0x00000001) c.nop
core   0: 3 0x8000506e (0x0001)
core   0: 0x80005070 (0xce4803b7) lui     t2, 0xce480
core   0: 3 0x80005070 (0xce4803b7) x 7 0xce480000
core   0: 0x80005074 (0x0000c329) c.beqz  a4, pc + 66
core   0: 3 0x80005074 (0xc329)
core   0: 0x80005076 (0x0254cb33) div     s6, s1, t0
core   0: 3 0x80005076 (0x0254cb33) x22 0xffff01fa
core   0: 0x8000507a (0x00008ea9) c.xor   a3, a0
core   0: 3 0x8000507a (0x8ea9) x13 0xf01fa69f
core   0: 0x8000507c (0x00000001) c.nop
core   0: 3 0x8000507c (0x0001)
core   0: 0x8000507e (0x031593b3) mulh    t2, a1, a7
core   0: 3 0x8000507e (0x031593b3) x 7 0x00000000
core   0: 0x80005082 (0x01e481b3) add     gp, s1, t5
core   0: 3 0x80005082 (0x01e481b3) x 3 0xf01fa001
core   0: 0x80005086 (0x000043c5) c.li    t2, 17
core   0: 3 0x80005086 (0x43c5) x 7 0x00000011
core   0: 0x80005088 (0xe433e997) auipc   s3, 0xe433e
core   0: 3 0x80005088 (0xe433e997) x19 0x64343088
core   0: 0x8000508c (0xdfdf0d93) addi    s11, t5, -515
core   0: 3 0x8000508c (0xdfdf0d93) x27 0xfffffdfe
core   0: 0x80005090 (0x0ff0000f) fence   iorw,iorw
core   0: 3 0x80005090 (0x0ff0000f)
core   0: 0x80005094 (0x00001910) c.addi4spn a2, sp, 176
core   0: 3 0x80005094 (0x1910) x12 0x8001ca95
core   0: 0x80005096 (0x1c248093) addi    ra, s1, 450
core   0: 3 0x80005096 (0x1c248093) x 1 0xf01fa1c2
core   0: 0x8000509a (0x000063d1) c.lui   t2, 0x14
core   0: 3 0x8000509a (0x63d1) x 7 0x00014000
core   0: 0x8000509c (0x02ed9533) mulh    a0, s11, a4
core   0: 3 0x8000509c (0x02ed9533) x10 0xffffffff
core   0: 0x800050a0 (0x03f81ab3) mulh    s5, a6, t6
core   0: 3 0x800050a0 (0x03f81ab3) x21 0x00000000
core   0: 0x800050a4 (0xda1de213) ori     tp, s11, -607
core   0: 3 0x800050a4 (0xda1de213) x 4 0xfffffdff
core   0: 0x800050a8 (0x02a8c363) blt     a7, a0, pc + 38
core   0: 3 0x800050a8 (0x02a8c363)
core   0: 0x800050ac (0x00008c65) c.and   s0, s1
core   0: 3 0x800050ac (0x8c65) x 8 0x80022000
core   0: 0x800050ae (0x41790b33) sub     s6, s2, s7
core   0: 3 0x800050ae (0x41790b33) x22 0x7ffd931c
core   0: 0x800050b2 (0xab157013) andi    zero, a0, -1359
core   0: 3 0x800050b2 (0xab157013)
core   0: 0x800050b6 (0x01a007b3) add     a5, zero, s10
core   0: 3 0x800050b6 (0x01a007b3) x15 0x00000000
core   0: 0x800050ba (0x00cd0333) add     t1, s10, a2
core   0: 3 0x800050ba (0x00cd0333) x 6 0x8001ca95
core   0: 0x800050be (0x00008651) c.srai  a2, 20
core   0: 3 0x800050be (0x8651) x12 0xfffff800
core   0: 0x800050c0 (0x00000001) c.nop
core   0: 3 0x800050c0 (0x0001)
core   0: 0x800050c2 (0xb2a6fa93) andi    s5, a3, -1238
core   0: 3 0x800050c2 (0xb2a6fa93) x21 0xf01fa20a
core   0: 0x800050c6 (0x006683b3) add     t2, a3, t1
core   0: 3 0x800050c6 (0x006683b3) x 7 0x70217134
core   0: 0x800050ca (0x8f62cc13) xori    s8, t0, -1802
core   0: 3 0x800050ca (0x8f62cc13) x24 0xffffe8f6
core   0: 0x800050ce (0x000085c9) c.srai  a1, 18
core   0: 3 0x800050ce (0x85c9) x11 0x00000000
core   0: 0x800050d0 (0x4155dc93) srai    s9, a1, 21
core   0: 3 0x800050d0 (0x4155dc93) x25 0x00000000
core   0: 0x800050d4 (0x03590333) mul     t1, s2, s5
core   0: 3 0x800050d4 (0x03590333) x 6 0x00000000
core   0: 0x800050d8 (0xad7a7b13) andi    s6, s4, -1321
core   0: 3 0x800050d8 (0xad7a7b13) x22 0x80000000
core   0: 0x800050dc (0x00008ce1) c.and   s1, s0
core   0: 3 0x800050dc (0x8ce1) x 9 0x80022000
core   0: 0x800050de (0x000aa9b3) slt     s3, s5, zero
core   0: 3 0x800050de (0x000aa9b3) x19 0x00000001
core   0: 0x800050e2 (0x00006115) c.addi16sp sp, 288
core   0: 3 0x800050e2 (0x6115) x 2 0x8001cb05
core   0: 0x800050e4 (0x18bd2593) slti    a1, s10, 395
core   0: 3 0x800050e4 (0x18bd2593) x11 0x00000001
core   0: 0x800050e8 (0x00001284) c.addi4spn s1, sp, 352
core   0: 3 0x800050e8 (0x1284) x 9 0x8001cc65
core   0: 0x800050ea (0x03d5beb3) mulhu   t4, a1, t4
core   0: 3 0x800050ea (0x03d5beb3) x29 0x00000000
core   0: 0x800050ee (0x0129d633) srl     a2, s3, s2
core   0: 3 0x800050ee (0x0129d633) x12 0x00000001
core   0: 0x800050f2 (0x00f94a63) blt     s2, a5, pc + 20
core   0: 3 0x800050f2 (0x00f94a63)
core   0: 0x800050f6 (0x0212cb33) div     s6, t0, ra
core   0: 3 0x800050f6 (0x0212cb33) x22 0x00000000
core   0: 0x800050fa (0x030f0763) beq     t5, a6, pc + 46
core   0: 3 0x800050fa (0x030f0763)
core   0: 0x800050fe (0x021db9b3) mulhu   s3, s11, ra
core   0: 3 0x800050fe (0x021db9b3) x19 0xf01f9fdf
core   0: 0x80005102 (0x02087963) bgeu    a6, zero, pc + 50
core   0: 3 0x80005102 (0x02087963)
core   0: 0x80005134 (0x00008d49) c.or    a0, a0
core   0: 3 0x80005134 (0x8d49) x10 0xffffffff
core   0: 0x80005136 (0x000096f6) c.add   a3, t4
core   0: 3 0x80005136 (0x96f6) x13 0xf01fa69f
core   0: 0x80005138 (0x000d9c93) slli    s9, s11, 0
core   0: 3 0x80005138 (0x000d9c93) x25 0xfffffdfe
core   0: 0x8000513c (0x00008289) c.srli  a3, 2
core   0: 3 0x8000513c (0x8289) x13 0x3c07e9a7
core   0: 0x8000513e (0x03dfd133) divu    sp, t6, t4
core   0: 3 0x8000513e (0x03dfd133) x 2 0xffffffff
core   0: 0x80005142 (0x417ad393) srai    t2, s5, 23
core   0: 3 0x80005142 (0x417ad393) x 7 0xffffffe0
core   0: 0x80005146 (0xe0278f13) addi    t5, a5, -510
core   0: 3 0x80005146 (0xe0278f13) x30 0xfffffe02
core   0: 0x8000514a (0x00000001) c.nop
core   0: 3 0x8000514a (0x0001)
core   0: 0x8000514c (0x0224f263) bgeu    s1, sp, pc + 36
core   0: 3 0x8000514c (0x0224f263)
core   0: 0x80005150 (0x033acb33) div     s6, s5, s3
core   0: 3 0x80005150 (0x033acb33) x22 0x00000000
core   0: 0x80005154 (0x03bc4963) blt     s8, s11, pc + 50
core   0: 3 0x80005154 (0x03bc4963)
core   0: 0x80005186 (0x03e06233) rem     tp, zero, t5
core   0: 3 0x80005186 (0x03e06233) x 4 0x00000000
core   0: 0x8000518a (0x0000c391) c.beqz  a5, pc + 4
core   0: 3 0x8000518a (0xc391)
core   0: 0x8000518e (0x1770a913) slti    s2, ra, 375
core   0: 3 0x8000518e (0x1770a913) x18 0x00000001
core   0: 0x80005192 (0x03c975b3) remu    a1, s2, t3
core   0: 3 0x80005192 (0x03c975b3) x11 0x00000001
core   0: 0x80005196 (0x90652f93) slti    t6, a0, -1786
core   0: 3 0x80005196 (0x90652f93) x31 0x00000000
core   0: 0x8000519a (0x038c4033) div     zero, s8, s8
core   0: 3 0x8000519a (0x038c4033)
core   0: 0x8000519e (0x017f5c13) srli    s8, t5, 23
core   0: 3 0x8000519e (0x017f5c13) x24 0x000001ff
core   0: 0x800051a2 (0xdfa62713) slti    a4, a2, -518
core   0: 3 0x800051a2 (0xdfa62713) x14 0x00000000
core   0: 0x800051a6 (0x02a25333) divu    t1, tp, a0
core   0: 3 0x800051a6 (0x02a25333) x 6 0x00000000
core   0: 0x800051aa (0x04de5263) bge     t3, a3, pc + 68
core   0: 3 0x800051aa (0x04de5263)
core   0: 0x800051ae (0x00588633) add     a2, a7, t0
core   0: 3 0x800051ae (0x00588633) x12 0x00001001
core   0: 0x800051b2 (0x03a6b833) mulhu   a6, a3, s10
core   0: 3 0x800051b2 (0x03a6b833) x16 0x00000000
core   0: 0x800051b6 (0x00001514) c.addi4spn a3, sp, 672
core   0: 3 0x800051b6 (0x1514) x13 0x0000029f
core   0: 0x800051b8 (0x02b4a433) mulhsu  s0, s1, a1
core   0: 3 0x800051b8 (0x02b4a433) x 8 0xffffffff
core   0: 0x800051bc (0x0000089c) c.addi4spn a5, sp, 80
core   0: 3 0x800051bc (0x089c) x15 0x0000004f
core   0: 0x800051be (0x00ccefb3) or      t6, s9, a2
core   0: 3 0x800051be (0x00ccefb3) x31 0xfffffdff
core   0: 0x800051c2 (0x0000100f) fence.i
core   0: 3 0x800051c2 (0x0000100f)
core   0: 0x800051c6 (0x00008d51) c.or    a0, a2
core   0: 3 0x800051c6 (0x8d51) x10 0xffffffff
core   0: 0x800051c8 (0x00008f11) c.sub   a4, a2
core   0: 3 0x800051c8 (0x8f11) x14 0xffffefff
core   0: 0x800051ca (0x03eae263) bltu    s5, t5, pc + 36
core   0: 3 0x800051ca (0x03eae263)
core   0: 0x800051ee (0x00008cc5) c.or    s1, s1
core   0: 3 0x800051ee (0x8cc5) x 9 0x8001cc65
core   0: 0x800051f0 (0x40c86893) ori     a7, a6, 1036
core   0: 3 0x800051f0 (0x40c86893) x17 0x0000040c
core   0: 0x800051f4 (0x00000ab9) c.addi  s5, 14
core   0: 3 0x800051f4 (0x0ab9) x21 0xf01fa218
core   0: 0x800051f6 (0x0000100f) fence.i
core   0: 3 0x800051f6 (0x0000100f)
core   0: 0x800051fa (0x02f15533) divu    a0, sp, a5
core   0: 3 0x800051fa (0x02f15533) x10 0x033d91d2
core   0: 0x800051fe (0x00000f10) c.addi4spn a2, sp, 912
core   0: 3 0x800051fe (0x0f10) x12 0x0000038f
core   0: 0x80005200 (0x0000717d) c.addi16sp sp, -16
core   0: 3 0x80005200 (0x717d) x 2 0xffffffef
core   0: 0x80005202 (0x00005f7d) c.li    t5, -1
core   0: 3 0x80005202 (0x5f7d) x30 0xffffffff
core   0: 0x80005204 (0x0000717d) c.addi16sp sp, -16
core   0: 3 0x80005204 (0x717d) x 2 0xffffffdf
core   0: 0x80005206 (0x3cd36193) ori     gp, t1, 973
core   0: 3 0x80005206 (0x3cd36193) x 3 0x000003cd
core   0: 0x8000520a (0x010dc5b3) xor     a1, s11, a6
core   0: 3 0x8000520a (0x010dc5b3) x11 0xfffffdfe
core   0: 0x8000520e (0x0000918e) c.add   gp, gp
core   0: 3 0x8000520e (0x918e) x 3 0x0000079a
core   0: 0x80005210 (0x0ff0000f) fence   iorw,iorw
core   0: 3 0x80005210 (0x0ff0000f)
core   0: 0x80005214 (0x416adcb3) sra     s9, s5, s6
core   0: 3 0x80005214 (0x416adcb3) x25 0xf01fa218
core   0: 0x80005218 (0xc17ab393) sltiu   t2, s5, -1001
core   0: 3 0x80005218 (0xc17ab393) x 7 0x00000001
core   0: 0x8000521c (0x007ce6b3) or      a3, s9, t2
core   0: 3 0x8000521c (0x007ce6b3) x13 0xf01fa219
core   0: 0x80005220 (0x000085b5) c.srai  a1, 13
core   0: 3 0x80005220 (0x85b5) x11 0xffffffff
core   0: 0x80005222 (0x00241613) slli    a2, s0, 2
core   0: 3 0x80005222 (0x00241613) x12 0xfffffffc
core   0: 0x80005226 (0x00009556) c.add   a0, s5
core   0: 3 0x80005226 (0x9556) x10 0xf35d33ea
core   0: 0x80005228 (0x006072b3) and     t0, zero, t1
core   0: 3 0x80005228 (0x006072b3) x 5 0x00000000
core   0: 0x8000522c (0x0370eeb3) rem     t4, ra, s7
core   0: 3 0x8000522c (0x0370eeb3) x29 0xf01fa1c2
core   0: 0x80005230 (0x00bb9813) slli    a6, s7, 11
core   0: 3 0x80005230 (0x00bb9813) x16 0x13672000
core   0: 0x80005234 (0x03d744b3) div     s1, a4, t4
core   0: 3 0x80005234 (0x03d744b3) x 9 0x00000000
core   0: 0x80005238 (0x06b12713) slti    a4, sp, 107
core   0: 3 0x80005238 (0x06b12713) x14 0x00000001
core   0: 0x8000523c (0x2fe16513) ori     a0, sp, 766
core   0: 3 0x8000523c (0x2fe16513) x10 0xffffffff
core   0: 0x80005240 (0x00008d65) c.and   a0, s1
core   0: 3 0x80005240 (0x8d65) x10 0x00000000
core   0: 0x80005242 (0x029677b3) remu    a5, a2, s1
core   0: 3 0x80005242 (0x029677b3) x15 0xfffffffc
core   0: 0x80005246 (0x01279d33) sll     s10, a5, s2
core   0: 3 0x80005246 (0x01279d33) x26 0xfffffff8
core   0: 0x8000524a (0x0000547d) c.li    s0, -1
core   0: 3 0x8000524a (0x547d) x 8 0xffffffff
core   0: 0x8000524c (0x032673b3) remu    t2, a2, s2
core   0: 3 0x8000524c (0x032673b3) x 7 0x00000000
core   0: 0x80005250 (0x007d87b3) add     a5, s11, t2
core   0: 3 0x80005250 (0x007d87b3) x15 0xfffffdfe
core   0: 0x80005254 (0x012c5113) srli    sp, s8, 18
core   0: 3 0x80005254 (0x012c5113) x 2 0x00000000
core   0: 0x80005258 (0x0059f863) bgeu    s3, t0, pc + 16
core   0: 3 0x80005258 (0x0059f863)
core   0: 0x80005268 (0x00008f75) c.and   a4, a3
core   0: 3 0x80005268 (0x8f75) x14 0x00000001
core   0: 0x8000526a (0x00e868b3) or      a7, a6, a4
core   0: 3 0x8000526a (0x00e868b3) x17 0x13672001
core   0: 0x8000526e (0x000002c1) c.addi  t0, 16
core   0: 3 0x8000526e (0x02c1) x 5 0x00000010
core   0: 0x80005270 (0x00505013) srli    zero, zero, 5
core   0: 3 0x80005270 (0x00505013)
core   0: 0x80005274 (0x000092f6) c.add   t0, t4
core   0: 3 0x80005274 (0x92f6) x 5 0xf01fa1d2
core   0: 0x80005276 (0x01a05693) srli    a3, zero, 26
core   0: 3 0x80005276 (0x01a05693) x13 0x00000000
core   0: 0x8000527a (0x014ba033) slt     zero, s7, s4
core   0: 3 0x8000527a (0x014ba033)
core   0: 0x8000527e (0x03df76b3) remu    a3, t5, t4
core   0: 3 0x8000527e (0x03df76b3) x13 0x0fe05e3d
core   0: 0x80005282 (0x00000001) c.nop
core   0: 3 0x80005282 (0x0001)
core   0: 0x80005284 (0xd64d8337) lui     t1, 0xd64d8
core   0: 3 0x80005284 (0xd64d8337) x 6 0xd64d8000
core   0: 0x80005288 (0x64574fb7) lui     t6, 0x64574
core   0: 3 0x80005288 (0x64574fb7) x31 0x64574000
core   0: 0x8000528c (0x00000752) c.slli  a4, 20
core   0: 3 0x8000528c (0x0752) x14 0x00100000
core   0: 0x8000528e (0x03311933) mulh    s2, sp, s3
core   0: 3 0x8000528e (0x03311933) x18 0x00000000
core   0: 0x80005292 (0x0000090a) c.slli  s2, 2
core   0: 3 0x80005292 (0x090a) x18 0x00000000
core   0: 0x80005294 (0x009c9713) slli    a4, s9, 9
core   0: 3 0x80005294 (0x009c9713) x14 0x3f443000
core   0: 0x80005298 (0x00d8f433) and     s0, a7, a3
core   0: 3 0x80005298 (0x00d8f433) x 8 0x03600001
core   0: 0x8000529c (0x0000577d) c.li    a4, -1
core   0: 3 0x8000529c (0x577d) x14 0xffffffff
core   0: 0x8000529e (0x00008da9) c.xor   a1, a0
core   0: 3 0x8000529e (0x8da9) x11 0xffffffff
core   0: 0x800052a0 (0x000053fd) c.li    t2, -1
core   0: 3 0x800052a0 (0x53fd) x 7 0xffffffff
core   0: 0x800052a2 (0x00008111) c.srli  a0, 4
core   0: 3 0x800052a2 (0x8111) x10 0x00000000
core   0: 0x800052a4 (0x008d1613) slli    a2, s10, 8
core   0: 3 0x800052a4 (0x008d1613) x12 0xfffff800
core   0: 0x800052a8 (0x03dd5d33) divu    s10, s10, t4
core   0: 3 0x800052a8 (0x03dd5d33) x26 0x00000001
core   0: 0x800052ac (0x60427993) andi    s3, tp, 1540
core   0: 3 0x800052ac (0x60427993) x19 0x00000000
core   0: 0x800052b0 (0x00000001) c.nop
core   0: 3 0x800052b0 (0x0001)
core   0: 0x800052b2 (0x01b932b3) sltu    t0, s2, s11
core   0: 3 0x800052b2 (0x01b932b3) x 5 0x00000001
core   0: 0x800052b6 (0x000004d2) c.slli  s1, 20
core   0: 3 0x800052b6 (0x04d2) x 9 0x00000000
core   0: 0x800052b8 (0x018f10b3) sll     ra, t5, s8
core   0: 3 0x800052b8 (0x018f10b3) x 1 0x80000000
core   0: 0x800052bc (0x00000001) c.nop
core   0: 3 0x800052bc (0x0001)
core   0: 0x800052be (0x03820233) mul     tp, tp, s8
core   0: 3 0x800052be (0x03820233) x 4 0x00000000
core   0: 0x800052c2 (0x00a65f93) srli    t6, a2, 10
core   0: 3 0x800052c2 (0x00a65f93) x31 0x003ffffe
core   0: 0x800052c6 (0x5d97a193) slti    gp, a5, 1497
core   0: 3 0x800052c6 (0x5d97a193) x 3 0x00000001
core   0: 0x800052ca (0x019489b3) add     s3, s1, s9
core   0: 3 0x800052ca (0x019489b3) x19 0xf01fa218
core   0: 0x800052ce (0xdd44e413) ori     s0, s1, -556
core   0: 3 0x800052ce (0xdd44e413) x 8 0xfffffdd4
core   0: 0x800052d2 (0x00008f2d) c.xor   a4, a1
core   0: 3 0x800052d2 (0x8f2d) x14 0x00000000
core   0: 0x800052d4 (0x01f31b13) slli    s6, t1, 31
core   0: 3 0x800052d4 (0x01f31b13) x22 0x00000000
core   0: 0x800052d8 (0x0000100f) fence.i
core   0: 3 0x800052d8 (0x0000100f)
core   0: 0x800052dc (0x00006825) c.lui   a6, 0x9
core   0: 3 0x800052dc (0x6825) x16 0x00009000
core   0: 0x800052de (0x059c9063) bne     s9, s9, pc + 64
core   0: 3 0x800052de (0x059c9063)
core   0: 0x800052e2 (0x224a3813) sltiu   a6, s4, 548
core   0: 3 0x800052e2 (0x224a3813) x16 0x00000000
core   0: 0x800052e6 (0x40615733) sra     a4, sp, t1
core   0: 3 0x800052e6 (0x40615733) x14 0x00000000
core   0: 0x800052ea (0x0000877d) c.srai  a4, 31
core   0: 3 0x800052ea (0x877d) x14 0x00000000
core   0: 0x800052ec (0x02f60863) beq     a2, a5, pc + 48
core   0: 3 0x800052ec (0x02f60863)
core   0: 0x800052f0 (0x0ff0000f) fence   iorw,iorw
core   0: 3 0x800052f0 (0x0ff0000f)
core   0: 0x800052f4 (0x00006811) c.lui   a6, 0x4
core   0: 3 0x800052f4 (0x6811) x16 0x00004000
core   0: 0x800052f6 (0x021c2cb3) mulhsu  s9, s8, ra
core   0: 3 0x800052f6 (0x021c2cb3) x25 0x000000ff
core   0: 0x800052fa (0x000083b9) c.srli  a5, 14
core   0: 3 0x800052fa (0x83b9) x15 0x0003ffff
core   0: 0x800052fc (0x0000047d) c.addi  s0, 31
core   0: 3 0x800052fc (0x047d) x 8 0xfffffdf3
core   0: 0x800052fe (0x050c8363) beq     s9, a6, pc + 70
core   0: 3 0x800052fe (0x050c8363)
core   0: 0x80005302 (0xb1a4c213) xori    tp, s1, -1254
core   0: 3 0x80005302 (0xb1a4c213) x 4 0xfffffb1a
core   0: 0x80005306 (0x1de63217) auipc   tp, 0x1de63
core   0: 3 0x80005306 (0x1de63217) x 4 0x9de68306
core   0: 0x8000530a (0x03cf4c33) div     s8, t5, t3
core   0: 3 0x8000530a (0x03cf4c33) x24 0x00000000
core   0: 0x8000530e (0x03e24863) blt     tp, t5, pc + 48
core   0: 3 0x8000530e (0x03e24863)
core   0: 0x8000533e (0x00009a7d) c.andi  a2, -1
core   0: 3 0x8000533e (0x9a7d) x12 0xfffff800
core   0: 0x80005340 (0x01a3ec33) or      s8, t2, s10
core   0: 3 0x80005340 (0x01a3ec33) x24 0xffffffff
core   0: 0x80005344 (0x00008b91) c.andi  a5, 4
core   0: 3 0x80005344 (0x8b91) x15 0x00000004
core   0: 0x80005346 (0x00001894) c.addi4spn a3, sp, 112
core   0: 3 0x80005346 (0x1894) x13 0x00000070
core   0: 0x80005348 (0x001468b3) or      a7, s0, ra
core   0: 3 0x80005348 (0x001468b3) x17 0xfffffdf3
core   0: 0x8000534c (0xe1bdec13) ori     s8, s11, -485
core   0: 3 0x8000534c (0xe1bdec13) x24 0xffffffff
core   0: 0x80005350 (0x00000001) c.nop
core   0: 3 0x80005350 (0x0001)
core   0: 0x80005352 (0x0208dd63) bgez    a7, pc + 58
core   0: 3 0x80005352 (0x0208dd63)
core   0: 0x80005356 (0x00cd13b3) sll     t2, s10, a2
core   0: 3 0x80005356 (0x00cd13b3) x 7 0x00000001
core   0: 0x8000535a (0x025ba233) mulhsu  tp, s7, t0
core   0: 3 0x8000535a (0x025ba233) x 4 0xffffffff
core   0: 0x8000535e (0x00008a59) c.andi  a2, 22
core   0: 3 0x8000535e (0x8a59) x12 0x00000000
core   0: 0x80005360 (0x01486b63) bltu    a6, s4, pc + 22
core   0: 3 0x80005360 (0x01486b63)
core   0: 0x80005376 (0x0064a4b3) slt     s1, s1, t1
core   0: 3 0x80005376 (0x0064a4b3) x 9 0x00000000
core   0: 0x8000537a (0x00001184) c.addi4spn s1, sp, 224
core   0: 3 0x8000537a (0x1184) x 9 0x000000e0
core   0: 0x8000537c (0x40a55d13) srai    s10, a0, 10
core   0: 3 0x8000537c (0x40a55d13) x26 0x00000000
core   0: 0x80005380 (0x00a61663) bne     a2, a0, pc + 12
core   0: 3 0x80005380 (0x00a61663)
core   0: 0x80005384 (0xd22ab013) sltiu   zero, s5, -734
core   0: 3 0x80005384 (0xd22ab013)
core   0: 0x80005388 (0x0033e1b3) or      gp, t2, gp
core   0: 3 0x80005388 (0x0033e1b3) x 3 0x00000001
core   0: 0x8000538c (0x0000843d) c.srai  s0, 15
core   0: 3 0x8000538c (0x843d) x 8 0xffffffff
core   0: 0x8000538e (0x00008f36) c.mv    t5, a3
core   0: 3 0x8000538e (0x8f36) x30 0x00000070
core   0: 0x80005390 (0x0000577d) c.li    a4, -1
core   0: 3 0x80005390 (0x577d) x14 0xffffffff
core   0: 0x80005392 (0x01a91963) bne     s2, s10, pc + 18
core   0: 3 0x80005392 (0x01a91963)
core   0: 0x80005396 (0x006d9db3) sll     s11, s11, t1
core   0: 3 0x80005396 (0x006d9db3) x27 0xfffffdfe
core   0: 0x8000539a (0x05671363) bne     a4, s6, pc + 70
core   0: 3 0x8000539a (0x05671363)
core   0: 0x800053e0 (0x6e654413) xori    s0, a0, 1766
core   0: 3 0x800053e0 (0x6e654413) x 8 0x000006e6
core   0: 0x800053e4 (0x00000c89) c.addi  s9, 2
core   0: 3 0x800053e4 (0x0c89) x25 0x00000101
core   0: 0x800053e6 (0x003b50b3) srl     ra, s6, gp
core   0: 3 0x800053e6 (0x003b50b3) x 1 0x00000000
core   0: 0x800053ea (0x01fd5113) srli    sp, s10, 31
core   0: 3 0x800053ea (0x01fd5113) x 2 0x00000000
core   0: 0x800053ee (0x014e1f93) slli    t6, t3, 20
core   0: 3 0x800053ee (0x014e1f93) x31 0xe3400000
core   0: 0x800053f2 (0x000081a9) c.srli  a1, 10
core   0: 3 0x800053f2 (0x81a9) x11 0x003fffff
core   0: 0x800053f4 (0x9ba6a313) slti    t1, a3, -1606
core   0: 3 0x800053f4 (0x9ba6a313) x 6 0x00000000
core   0: 0x800053f8 (0x015bd413) srli    s0, s7, 21
core   0: 3 0x800053f8 (0x015bd413) x 8 0x00000400
core   0: 0x800053fc (0x00000710) c.addi4spn a2, sp, 896
core   0: 3 0x800053fc (0x0710) x12 0x00000380
core   0: 0x800053fe (0x01d71633) sll     a2, a4, t4
core   0: 3 0x800053fe (0x01d71633) x12 0xfffffffc
core   0: 0x80005402 (0x00b9efb3) or      t6, s3, a1
core   0: 3 0x80005402 (0x00b9efb3) x31 0xf03fffff
core   0: 0x80005406 (0x40b754b3) sra     s1, a4, a1
core   0: 3 0x80005406 (0x40b754b3) x 9 0xffffffff
core   0: 0x8000540a (0x52fee097) auipc   ra, 0x52fee
core   0: 3 0x8000540a (0x52fee097) x 1 0xd2ff340a
core   0: 0x8000540e (0x01c63133) sltu    sp, a2, t3
core   0: 3 0x8000540e (0x01c63133) x 2 0x00000000
core   0: 0x80005412 (0x008fdab3) srl     s5, t6, s0
core   0: 3 0x80005412 (0x008fdab3) x21 0xf03fffff
core   0: 0x80005416 (0x02ad3eb3) mulhu   t4, s10, a0
core   0: 3 0x80005416 (0x02ad3eb3) x29 0x00000000
core   0: 0x8000541a (0x00008059) c.srli  s0, 22
core   0: 3 0x8000541a (0x8059) x 8 0x00000000
core   0: 0x8000541c (0x00006611) c.lui   a2, 0x4
core   0: 3 0x8000541c (0x6611) x12 0x00004000
core   0: 0x8000541e (0x00c515b3) sll     a1, a0, a2
core   0: 3 0x8000541e (0x00c515b3) x11 0x00000000
core   0: 0x80005422 (0x0000e409) c.bnez  s0, pc + 10
core   0: 3 0x80005422 (0xe409)
core   0: 0x80005424 (0x001ac633) xor     a2, s5, ra
core   0: 3 0x80005424 (0x001ac633) x12 0x22c0cbf5
core   0: 0x80005428 (0x866c2893) slti    a7, s8, -1946
core   0: 3 0x80005428 (0x866c2893) x17 0x00000000
core   0: 0x8000542c (0x6364e997) auipc   s3, 0x6364e
core   0: 3 0x8000542c (0x6364e997) x19 0xe365342c
core   0: 0x80005430 (0x328ffb13) andi    s6, t6, 808
core   0: 3 0x80005430 (0x328ffb13) x22 0x00000328
core   0: 0x80005434 (0x00008da9) c.xor   a1, a0
core   0: 3 0x80005434 (0x8da9) x11 0x00000000
core   0: 0x80005436 (0x016aea63) bltu    s5, s6, pc + 20
core   0: 3 0x80005436 (0x016aea63)
core   0: 0x8000543a (0x00a7d093) srli    ra, a5, 10
core   0: 3 0x8000543a (0x00a7d093) x 1 0x00000000
core   0: 0x8000543e (0x02b45763) bge     s0, a1, pc + 46
core   0: 3 0x8000543e (0x02b45763)
core   0: 0x8000546c (0x5cf8b013) sltiu   zero, a7, 1487
core   0: 3 0x8000546c (0x5cf8b013)
core   0: 0x80005470 (0x00009a7d) c.andi  a2, -1
core   0: 3 0x80005470 (0x9a7d) x12 0x22c0cbf5
core   0: 0x80005472 (0x02c65633) divu    a2, a2, a2
core   0: 3 0x80005472 (0x02c65633) x12 0x00000001
core   0: 0x80005476 (0x0000e319) c.bnez  a4, pc + 6
core   0: 3 0x80005476 (0xe319)
core   0: 0x8000547c (0x0098db13) srli    s6, a7, 9
core   0: 3 0x8000547c (0x0098db13) x22 0x00000000
core   0: 0x80005480 (0x012a9d13) slli    s10, s5, 18
core   0: 3 0x80005480 (0x012a9d13) x26 0xfffc0000
core   0: 0x80005484 (0x06683113) sltiu   sp, a6, 102
core   0: 3 0x80005484 (0x06683113) x 2 0x00000000
core   0: 0x80005488 (0x0000052e) c.slli  a0, 11
core   0: 3 0x80005488 (0x052e) x10 0x00000000
core   0: 0x8000548a (0x01204363) blt     zero, s2, pc + 6
core   0: 3 0x8000548a (0x01204363)
core   0: 0x8000548e (0x00008f55) c.or    a4, a3
core   0: 3 0x8000548e (0x8f55) x14 0xffffffff
core   0: 0x80005490 (0x000019fd) c.addi  s3, -1
core   0: 3 0x80005490 (0x19fd) x19 0xe365342b
core   0: 0x80005492 (0x00008c99) c.sub   s1, a4
core   0: 3 0x80005492 (0x8c99) x 9 0x00000000
core   0: 0x80005494 (0x3062a713) slti    a4, t0, 774
core   0: 3 0x80005494 (0x3062a713) x14 0x00000001
core   0: 0x80005498 (0x00006911) c.lui   s2, 0x4
core   0: 3 0x80005498 (0x6911) x18 0x00004000
core   0: 0x8000549a (0x0ff0000f) fence   iorw,iorw
core   0: 3 0x8000549a (0x0ff0000f)
core   0: 0x8000549e (0x0000717d) c.addi16sp sp, -16
core   0: 3 0x8000549e (0x717d) x 2 0xfffffff0
core   0: 0x800054a0 (0x40ecd513) srai    a0, s9, 14
core   0: 3 0x800054a0 (0x40ecd513) x10 0x00000000
core   0: 0x800054a4 (0x03375133) divu    sp, a4, s3
core   0: 3 0x800054a4 (0x03375133) x 2 0x00000000
core   0: 0x800054a8 (0x029168b3) rem     a7, sp, s1
core   0: 3 0x800054a8 (0x029168b3) x17 0x00000000
core   0: 0x800054ac (0x74357f93) andi    t6, a0, 1859
core   0: 3 0x800054ac (0x74357f93) x31 0x00000000
core   0: 0x800054b0 (0x000092de) c.add   t0, s7
core   0: 3 0x800054b0 (0x92de) x 5 0x80026ce5
core   0: 0x800054b2 (0x00008355) c.srli  a4, 21
core   0: 3 0x800054b2 (0x8355) x14 0x00000000
core   0: 0x800054b4 (0x000086fd) c.srai  a3, 31
core   0: 3 0x800054b4 (0x86fd) x13 0x00000000
core   0: 0x800054b6 (0x01d572b3) and     t0, a0, t4
core   0: 3 0x800054b6 (0x01d572b3) x 5 0x00000000
core   0: 0x800054ba (0x03367963) bgeu    a2, s3, pc + 50
core   0: 3 0x800054ba (0x03367963)
core   0: 0x800054be (0x01d09d93) slli    s11, ra, 29
core   0: 3 0x800054be (0x01d09d93) x27 0x00000000
core   0: 0x800054c2 (0xc5436313) ori     t1, t1, -940
core   0: 3 0x800054c2 (0xc5436313) x 6 0xfffffc54
core   0: 0x800054c6 (0x00001504) c.addi4spn s1, sp, 672
core   0: 3 0x800054c6 (0x1504) x 9 0x000002a0
core   0: 0x800054c8 (0x003b06b3) add     a3, s6, gp
core   0: 3 0x800054c8 (0x003b06b3) x13 0x00000001
core   0: 0x800054cc (0x57c28d37) lui     s10, 0x57c28
core   0: 3 0x800054cc (0x57c28d37) x26 0x57c28000
core   0: 0x800054d0 (0x5224cc37) lui     s8, 0x5224c
core   0: 3 0x800054d0 (0x5224cc37) x24 0x5224c000
core   0: 0x800054d4 (0x013da433) slt     s0, s11, s3
core   0: 3 0x800054d4 (0x013da433) x 8 0x00000000
core   0: 0x800054d8 (0x00000001) c.nop
core   0: 3 0x800054d8 (0x0001)
core   0: 0x800054da (0x0000100f) fence.i
core   0: 3 0x800054da (0x0000100f)
core   0: 0x800054de (0x025fdf63) bge     t6, t0, pc + 62
core   0: 3 0x800054de (0x025fdf63)
core   0: 0x8000551c (0x03dda533) mulhsu  a0, s11, t4
core   0: 3 0x8000551c (0x03dda533) x10 0x00000000
core   0: 0x80005520 (0x0229dc33) divu    s8, s3, sp
core   0: 3 0x80005520 (0x0229dc33) x24 0xffffffff
core   0: 0x80005524 (0x41ee8233) sub     tp, t4, t5
core   0: 3 0x80005524 (0x41ee8233) x 4 0xffffff90
core   0: 0x80005528 (0x015a6333) or      t1, s4, s5
core   0: 3 0x80005528 (0x015a6333) x 6 0xf03fffff
core   0: 0x8000552c (0x00000001) c.nop
core   0: 3 0x8000552c (0x0001)
core   0: 0x8000552e (0x00009f9e) c.add   t6, t2
core   0: 3 0x8000552e (0x9f9e) x31 0x00000001
core   0: 0x80005530 (0x007cc2b3) xor     t0, s9, t2
core   0: 3 0x80005530 (0x007cc2b3) x 5 0x00000100
core   0: 0x80005534 (0x01a7eab3) or      s5, a5, s10
core   0: 3 0x80005534 (0x01a7eab3) x21 0x57c28004
core   0: 0x80005538 (0x0063d913) srli    s2, t2, 6
core   0: 3 0x80005538 (0x0063d913) x18 0x00000000
core   0: 0x8000553c (0x00008d8a) c.mv    s11, sp
core   0: 3 0x8000553c (0x8d8a) x27 0x00000000
core   0: 0x8000553e (0x00006179) c.addi16sp sp, 464
core   0: 3 0x8000553e (0x6179) x 2 0x000001d0
core   0: 0x80005540 (0x022d82b3) mul     t0, s11, sp
core   0: 3 0x80005540 (0x022d82b3) x 5 0x00000000
core   0: 0x80005544 (0x00c48263) beq     s1, a2, pc + 4
core   0: 3 0x80005544 (0x00c48263)
core   0: 0x80005548 (0x00000001) c.nop
core   0: 3 0x80005548 (0x0001)
core   0: 0x8000554a (0x00008f5d) c.or    a4, a5
core   0: 3 0x8000554a (0x8f5d) x14 0x00000004
core   0: 0x8000554c (0x004e2803) lw      a6, 4(t3)
core   0: 3 0x8000554c (0x004e2803) x16 0x80002534 mem 0x80022e38
core   0: 0x80005550 (0x01bb0933) add     s2, s6, s11
core   0: 3 0x80005550 (0x01bb0933) x18 0x00000000
core   0: 0x80005554 (0x00008f05) c.sub   a4, s1
core   0: 3 0x80005554 (0x8f05) x14 0xfffffd64
core   0: 0x80005556 (0x030e0e13) addi    t3, t3, 48
core   0: 3 0x80005556 (0x030e0e13) x28 0x80022e64
core   0: 0x8000555a (0x00000001) c.nop
core   0: 3 0x8000555a (0x0001)
core   0: 0x8000555c (0x011a69b3) or      s3, s4, a7
core   0: 3 0x8000555c (0x011a69b3) x19 0x80000000
core   0: 0x80005560 (0x03498b33) mul     s6, s3, s4
core   0: 3 0x80005560 (0x03498b33) x22 0x00000000
core   0: 0x80005564 (0x000043cd) c.li    t2, 19
core   0: 3 0x80005564 (0x43cd) x 7 0x00000013
core   0: 0x80005566 (0xe9ccf997) auipc   s3, 0xe9ccf
core   0: 3 0x80005566 (0xe9ccf997) x19 0x69cd4566
core   0: 0x8000556a (0x00180f93) addi    t6, a6, 1
core   0: 3 0x8000556a (0x00180f93) x31 0x80002535
core   0: 0x8000556e (0x00008f82) c.jr    t6
core   0: 3 0x8000556e (0x8f82)
core   0: 0x80002534 (0x000068bd) c.lui   a7, 0xf
core   0: 3 0x80002534 (0x68bd) x17 0x0000f000
core   0: 0x80002536 (0x0ff0000f) fence   iorw,iorw
core   0: 3 0x80002536 (0x0ff0000f)
core   0: 0x8000253a (0x03d02eb3) mulhsu  t4, zero, t4
core   0: 3 0x8000253a (0x03d02eb3) x29 0x00000000
core   0: 0x8000253e (0x00560933) add     s2, a2, t0
core   0: 3 0x8000253e (0x00560933) x18 0x00000001
core   0: 0x80002542 (0x0000717d) c.addi16sp sp, -16
core   0: 3 0x80002542 (0x717d) x 2 0x000001c0
core   0: 0x80002544 (0x00008dc5) c.or    a1, s1
core   0: 3 0x80002544 (0x8dc5) x11 0x000002a0
core   0: 0x80002546 (0x00004305) c.li    t1, 1
core   0: 3 0x80002546 (0x4305) x 6 0x00000001
core   0: 0x80002548 (0x00008d4d) c.or    a0, a1
core   0: 3 0x80002548 (0x8d4d) x10 0x000002a0
core   0: 0x8000254a (0x0000cdc1) c.beqz  a1, pc + 152
core   0: 3 0x8000254a (0xcdc1)
core   0: 0x8000254c (0x00ed1ab3) sll     s5, s10, a4
core   0: 3 0x8000254c (0x00ed1ab3) x21 0x7c280000
core   0: 0x80002550 (0x0000987d) c.andi  s0, -1
core   0: 3 0x80002550 (0x987d) x 8 0x00000000
core   0: 0x80002552 (0xc5138497) auipc   s1, 0xc5138
core   0: 3 0x80002552 (0xc5138497) x 9 0x4513a552
core   0: 0x80002556 (0x00284a63) blt     a6, sp, pc + 20
core   0: 3 0x80002556 (0x00284a63)
core   0: 0x8000256a (0x0000ea41) c.bnez  a2, pc + 144
core   0: 3 0x8000256a (0xea41)
core   0: 0x800025fa (0x0070c3b3) xor     t2, ra, t2
core   0: 3 0x800025fa (0x0070c3b3) x 7 0x00000013
core   0: 0x800025fe (0x00000752) c.slli  a4, 20
core   0: 3 0x800025fe (0x0752) x14 0xd6400000
core   0: 0x80002600 (0x419c5913) srai    s2, s8, 25
core   0: 3 0x80002600 (0x419c5913) x18 0xffffffff
core   0: 0x80002604 (0x83a77813) andi    a6, a4, -1990
core   0: 3 0x80002604 (0x83a77813) x16 0xd6400000
core   0: 0x80002608 (0x0000717d) c.addi16sp sp, -16
core   0: 3 0x80002608 (0x717d) x 2 0x000001b0
core   0: 0x8000260a (0x41750233) sub     tp, a0, s7
core   0: 3 0x8000260a (0x41750233) x 4 0x7ffd95bc
core   0: 0x8000260e (0x0000cc81) c.beqz  s1, pc + 24
core   0: 3 0x8000260e (0xcc81)
core   0: 0x80002610 (0x00000001) c.nop
core   0: 3 0x80002610 (0x0001)
core   0: 0x80002612 (0x00624263) blt     tp, t1, pc + 4
core   0: 3 0x80002612 (0x00624263)
core   0: 0x80002616 (0x027ef563) bgeu    t4, t2, pc + 42
core   0: 3 0x80002616 (0x027ef563)
core   0: 0x8000261a (0x0000642d) c.lui   s0, 0xb
core   0: 3 0x8000261a (0x642d) x 8 0x0000b000
core   0: 0x8000261c (0x00006149) c.addi16sp sp, 144
core   0: 3 0x8000261c (0x6149) x 2 0x00000240
core   0: 0x8000261e (0xb023ae93) slti    t4, t2, -1278
core   0: 3 0x8000261e (0xb023ae93) x29 0x00000000
core   0: 0x80002622 (0x01d13833) sltu    a6, sp, t4
core   0: 3 0x80002622 (0x01d13833) x16 0x00000000
core   0: 0x80002626 (0x41cc8133) sub     sp, s9, t3
core   0: 3 0x80002626 (0x41cc8133) x 2 0x7ffdd29d
core   0: 0x8000262a (0x0000c919) c.beqz  a0, pc + 22
core   0: 3 0x8000262a (0xc919)
core   0: 0x8000262c (0x0106d713) srli    a4, a3, 16
core   0: 3 0x8000262c (0x0106d713) x14 0x00000000
core   0: 0x80002630 (0x83f03813) sltiu   a6, zero, -1985
core   0: 3 0x80002630 (0x83f03813) x16 0x00000001
core   0: 0x80002634 (0x000046c5) c.li    a3, 17
core   0: 3 0x80002634 (0x46c5) x13 0x00000011
core   0: 0x80002636 (0x000086a5) c.srai  a3, 9
core   0: 3 0x80002636 (0x86a5) x13 0x00000000
core   0: 0x80002638 (0xfcd4ee93) ori     t4, s1, -51
core   0: 3 0x80002638 (0xfcd4ee93) x29 0xffffffdf
core   0: 0x8000263c (0xd16bf613) andi    a2, s7, -746
core   0: 3 0x8000263c (0xd16bf613) x12 0x80026c04
core   0: 0x80002640 (0x026d6633) rem     a2, s10, t1
core   0: 3 0x80002640 (0x026d6633) x12 0x00000000
core   0: 0x80002644 (0x0000997d) c.andi  a0, -1
core   0: 3 0x80002644 (0x997d) x10 0x000002a0
core   0: 0x80002646 (0x01f39d13) slli    s10, t2, 31
core   0: 3 0x80002646 (0x01f39d13) x26 0x80000000
core   0: 0x8000264a (0x1aadc513) xori    a0, s11, 426
core   0: 3 0x8000264a (0x1aadc513) x10 0x000001aa
core   0: 0x8000264e (0x404ddf13) srai    t5, s11, 4
core   0: 3 0x8000264e (0x404ddf13) x30 0x00000000
core   0: 0x80002652 (0x038feeb3) rem     t4, t6, s8
core   0: 3 0x80002652 (0x038feeb3) x29 0x00000000
core   0: 0x80002656 (0xe4e8af93) slti    t6, a7, -434
core   0: 3 0x80002656 (0xe4e8af93) x31 0x00000000
core   0: 0x8000265a (0x0000ca09) c.beqz  a2, pc + 18
core   0: 3 0x8000265a (0xca09)
core   0: 0x8000266c (0x03abb233) mulhu   tp, s7, s10
core   0: 3 0x8000266c (0x03abb233) x 4 0x40013672
core   0: 0x80002670 (0x0ff0000f) fence   iorw,iorw
core   0: 3 0x80002670 (0x0ff0000f)
core   0: 0x80002674 (0x017fd433) srl     s0, t6, s7
core   0: 3 0x80002674 (0x017fd433) x 8 0x00000000
core   0: 0x80002678 (0x01283ab3) sltu    s5, a6, s2
core   0: 3 0x80002678 (0x01283ab3) x21 0x00000001
core   0: 0x8000267c (0x6ecaf813) andi    a6, s5, 1772
core   0: 3 0x8000267c (0x6ecaf813) x16 0x00000000
core   0: 0x80002680 (0x00000001) c.nop
core   0: 3 0x80002680 (0x0001)
core   0: 0x80002682 (0x00008e59) c.or    a2, a4
core   0: 3 0x80002682 (0x8e59) x12 0x00000000
core   0: 0x80002684 (0x01649ab3) sll     s5, s1, s6
core   0: 3 0x80002684 (0x01649ab3) x21 0x4513a552
core   0: 0x80002688 (0x00008b61) c.andi  a4, 24
core   0: 3 0x80002688 (0x8b61) x14 0x00000000
core   0: 0x8000268a (0x41ffd613) srai    a2, t6, 31
core   0: 3 0x8000268a (0x41ffd613) x12 0x00000000
core   0: 0x8000268e (0x0384a533) mulhsu  a0, s1, s8
core   0: 3 0x8000268e (0x0384a533) x10 0x4513a551
core   0: 0x80002692 (0x035290b3) mulh    ra, t0, s5
core   0: 3 0x80002692 (0x035290b3) x 1 0x00000000
core   0: 0x80002696 (0x000099fd) c.andi  a1, -1
core   0: 3 0x80002696 (0x99fd) x11 0x000002a0
core   0: 0x80002698 (0xdd44ce93) xori    t4, s1, -556
core   0: 3 0x80002698 (0xdd44ce93) x29 0xbaec5886
core   0: 0x8000269c (0xddee6113) ori     sp, t3, -546
core   0: 3 0x8000269c (0xddee6113) x 2 0xfffffffe
core   0: 0x800026a0 (0x01cb0733) add     a4, s6, t3
core   0: 3 0x800026a0 (0x01cb0733) x14 0x80022e64
core   0: 0x800026a4 (0x0000c205) c.beqz  a2, pc + 32
core   0: 3 0x800026a4 (0xc205)
core   0: 0x800026c4 (0x00006169) c.addi16sp sp, 208
core   0: 3 0x800026c4 (0x6169) x 2 0x000000ce
core   0: 0x800026c6 (0x0000ce1d) c.beqz  a2, pc + 62
core   0: 3 0x800026c6 (0xce1d)
core   0: 0x80002704 (0x0000e71d) c.bnez  a4, pc + 46
core   0: 3 0x80002704 (0xe71d)
core   0: 0x80002732 (0x004b4233) xor     tp, s6, tp
core   0: 3 0x80002732 (0x004b4233) x 4 0x40013672
core   0: 0x80002736 (0x029c5c33) divu    s8, s8, s1
core   0: 3 0x80002736 (0x029c5c33) x24 0x00000003
core   0: 0x8000273a (0x03a0d133) divu    sp, ra, s10
core   0: 3 0x8000273a (0x03a0d133) x 2 0x00000000
core   0: 0x8000273e (0x01426f63) bltu    tp, s4, pc + 30
core   0: 3 0x8000273e (0x01426f63)
core   0: 0x8000275c (0x00c14833) xor     a6, sp, a2
core   0: 3 0x8000275c (0x00c14833) x16 0x00000000
core   0: 0x80002760 (0x23608593) addi    a1, ra, 566
core   0: 3 0x80002760 (0x23608593) x11 0x00000236
core   0: 0x80002764 (0x02ff56b3) divu    a3, t5, a5
core   0: 3 0x80002764 (0x02ff56b3) x13 0x00000000
core   0: 0x80002768 (0x03ca9ab3) mulh    s5, s5, t3
core   0: 3 0x80002768 (0x03ca9ab3) x21 0xdd76c402
core   0: 0x8000276c (0x0101c633) xor     a2, gp, a6
core   0: 3 0x8000276c (0x0101c633) x12 0x00000001
core   0: 0x80002770 (0x01de8433) add     s0, t4, t4
core   0: 3 0x80002770 (0x01de8433) x 8 0x75d8b10c
core   0: 0x80002774 (0x00008d65) c.and   a0, s1
core   0: 3 0x80002774 (0x8d65) x10 0x4513a550
core   0: 0x80002776 (0x1b13a913) slti    s2, t2, 433
core   0: 3 0x80002776 (0x1b13a913) x18 0x00000001
core   0: 0x8000277a (0x00000001) c.nop
core   0: 3 0x8000277a (0x0001)
core   0: 0x8000277c (0x003f9663) bne     t6, gp, pc + 12
core   0: 3 0x8000277c (0x003f9663)
core   0: 0x80002788 (0xa96cf817) auipc   a6, 0xa96cf
core   0: 3 0x80002788 (0xa96cf817) x16 0x296d1788
core   0: 0x8000278c (0x02eb2233) mulhsu  tp, s6, a4
core   0: 3 0x8000278c (0x02eb2233) x 4 0x00000000
core   0: 0x80002790 (0x00008edd) c.or    a3, a5
core   0: 3 0x80002790 (0x8edd) x13 0x00000004
core   0: 0x80002792 (0x00bfbc33) sltu    s8, t6, a1
core   0: 3 0x80002792 (0x00bfbc33) x24 0x00000001
core   0: 0x80002796 (0x0083c533) xor     a0, t2, s0
core   0: 3 0x80002796 (0x0083c533) x10 0x75d8b11f
core   0: 0x8000279a (0x95020993) addi    s3, tp, -1712
core   0: 3 0x8000279a (0x95020993) x19 0xfffff950
core   0: 0x8000279e (0x00009b22) c.add   s6, s0
core   0: 3 0x8000279e (0x9b22) x22 0x75d8b10c
core   0: 0x800027a0 (0x000090d6) c.add   ra, s5
core   0: 3 0x800027a0 (0x90d6) x 1 0xdd76c402
core   0: 0x800027a2 (0x001dccb3) xor     s9, s11, ra
core   0: 3 0x800027a2 (0x001dccb3) x25 0xdd76c402
core   0: 0x800027a6 (0x000069cd) c.lui   s3, 0x13
core   0: 3 0x800027a6 (0x69cd) x19 0x00013000
core   0: 0x800027a8 (0x0044feb3) and     t4, s1, tp
core   0: 3 0x800027a8 (0x0044feb3) x29 0x00000000
core   0: 0x800027ac (0x00001408) c.addi4spn a0, sp, 544
core   0: 3 0x800027ac (0x1408) x10 0x00000220
core   0: 0x800027ae (0x00000001) c.nop
core   0: 3 0x800027ae (0x0001)
core   0: 0x800027b0 (0x00e01433) sll     s0, zero, a4
core   0: 3 0x800027b0 (0x00e01433) x 8 0x00000000
core   0: 0x800027b4 (0x02056b33) rem     s6, a0, zero
core   0: 3 0x800027b4 (0x02056b33) x22 0x00000220
core   0: 0x800027b8 (0x03fae3b3) rem     t2, s5, t6
core   0: 3 0x800027b8 (0x03fae3b3) x 7 0xdd76c402
core   0: 0x800027bc (0x03854133) div     sp, a0, s8
core   0: 3 0x800027bc (0x03854133) x 2 0x00000220
core   0: 0x800027c0 (0x01cb83b3) add     t2, s7, t3
core   0: 3 0x800027c0 (0x01cb83b3) x 7 0x00049b48
core   0: 0x800027c4 (0x000015fd) c.addi  a1, -1
core   0: 3 0x800027c4 (0x15fd) x11 0x00000235
core   0: 0x800027c6 (0x83578c93) addi    s9, a5, -1995
core   0: 3 0x800027c6 (0x83578c93) x25 0xfffff839
core   0: 0x800027ca (0x00008485) c.srai  s1, 1
core   0: 3 0x800027ca (0x8485) x 9 0x2289d2a9
core   0: 0x800027cc (0x7e382393) slti    t2, a6, 2019
core   0: 3 0x800027cc (0x7e382393) x 7 0x00000000
core   0: 0x800027d0 (0x00f44533) xor     a0, s0, a5
core   0: 3 0x800027d0 (0x00f44533) x10 0x00000004
core   0: 0x800027d4 (0x00479633) sll     a2, a5, tp
core   0: 3 0x800027d4 (0x00479633) x12 0x00000004
core   0: 0x800027d8 (0x01089c13) slli    s8, a7, 16
core   0: 3 0x800027d8 (0x01089c13) x24 0xf0000000
core   0: 0x800027dc (0x0275c433) div     s0, a1, t2
core   0: 3 0x800027dc (0x0275c433) x 8 0xffffffff
core   0: 0x800027e0 (0x012b36b3) sltu    a3, s6, s2
core   0: 3 0x800027e0 (0x012b36b3) x13 0x00000000
core   0: 0x800027e4 (0x0000100f) fence.i
core   0: 3 0x800027e4 (0x0000100f)
core   0: 0x800027e8 (0x03eb9b33) mulh    s6, s7, t5
core   0: 3 0x800027e8 (0x03eb9b33) x22 0x00000000
core   0: 0x800027ec (0x02aa8533) mul     a0, s5, a0
core   0: 3 0x800027ec (0x02aa8533) x10 0x75db1008
core   0: 0x800027f0 (0x0037dd13) srli    s10, a5, 3
core   0: 3 0x800027f0 (0x0037dd13) x26 0x00000000
core   0: 0x800027f4 (0x40f586b3) sub     a3, a1, a5
core   0: 3 0x800027f4 (0x40f586b3) x13 0x00000231
core   0: 0x800027f8 (0x017d01b3) add     gp, s10, s7
core   0: 3 0x800027f8 (0x017d01b3) x 3 0x80026ce4
core   0: 0x800027fc (0x02d8ad33) mulhsu  s10, a7, a3
core   0: 3 0x800027fc (0x02d8ad33) x26 0x00000000
core   0: 0x80002800 (0x00231733) sll     a4, t1, sp
core   0: 3 0x80002800 (0x00231733) x14 0x00000001
core   0: 0x80002804 (0x0221d433) divu    s0, gp, sp
core   0: 3 0x80002804 (0x0221d433) x 8 0x003c3d60
core   0: 0x80002808 (0x61272193) slti    gp, a4, 1554
core   0: 3 0x80002808 (0x61272193) x 3 0x00000001
core   0: 0x8000280c (0x02228233) mul     tp, t0, sp
core   0: 3 0x8000280c (0x02228233) x 4 0x00000000
core   0: 0x80002810 (0x0000100f) fence.i
core   0: 3 0x80002810 (0x0000100f)
core   0: 0x80002814 (0xcfcb0eb7) lui     t4, 0xcfcb0
core   0: 3 0x80002814 (0xcfcb0eb7) x29 0xcfcb0000
core   0: 0x80002818 (0x02ce44b3) div     s1, t3, a2
core   0: 3 0x80002818 (0x02ce44b3) x 9 0xe0008b99
core   0: 0x8000281c (0xa69c7c13) andi    s8, s8, -1431
core   0: 3 0x8000281c (0xa69c7c13) x24 0xf0000000
core   0: 0x80002820 (0x0045df13) srli    t5, a1, 4
core   0: 3 0x80002820 (0x0045df13) x30 0x00000023
core   0: 0x80002824 (0x0101dcb3) srl     s9, gp, a6
core   0: 3 0x80002824 (0x0101dcb3) x25 0x00000000
core   0: 0x80002828 (0x0000717d) c.addi16sp sp, -16
core   0: 3 0x80002828 (0x717d) x 2 0x00000210
core   0: 0x8000282a (0xa7800813) li      a6, -1416
core   0: 3 0x8000282a (0xa7800813) x16 0xfffffa78
core   0: 0x8000282e (0x000003ee) c.slli  t2, 27
core   0: 3 0x8000282e (0x03ee) x 7 0x00000000
core   0: 0x80002830 (0x0165c233) xor     tp, a1, s6
core   0: 3 0x80002830 (0x0165c233) x 4 0x00000235
core   0: 0x80002834 (0x03dbe933) rem     s2, s7, t4
core   0: 3 0x80002834 (0x03dbe933) x18 0xe06c6ce4
core   0: 0x80002838 (0x00f81b13) slli    s6, a6, 15
core   0: 3 0x80002838 (0x00f81b13) x22 0xfd3c0000
core   0: 0x8000283c (0x035d7663) bgeu    s10, s5, pc + 44
core   0: 3 0x8000283c (0x035d7663)
core   0: 0x80002840 (0x039fd363) bge     t6, s9, pc + 38
core   0: 3 0x80002840 (0x039fd363)
core   0: 0x80002866 (0x00008ff5) c.and   a5, a3
core   0: 3 0x80002866 (0x8ff5) x15 0x00000000
core   0: 0x80002868 (0x00eb4563) blt     s6, a4, pc + 10
core   0: 3 0x80002868 (0x00eb4563)
core   0: 0x80002872 (0x2c06f593) andi    a1, a3, 704
core   0: 3 0x80002872 (0x2c06f593) x11 0x00000200
core   0: 0x80002876 (0x036d3d33) mulhu   s10, s10, s6
core   0: 3 0x80002876 (0x036d3d33) x26 0x00000000
core   0: 0x8000287a (0x029a9363) bne     s5, s1, pc + 38
core   0: 3 0x8000287a (0x029a9363)
core   0: 0x800028a0 (0x001fffb3) and     t6, t6, ra
core   0: 3 0x800028a0 (0x001fffb3) x31 0x00000000
core   0: 0x800028a4 (0x24948593) addi    a1, s1, 585
core   0: 3 0x800028a4 (0x24948593) x11 0xe0008de2
core   0: 0x800028a8 (0x00008d21) c.xor   a0, s0
core   0: 3 0x800028a8 (0x8d21) x10 0x75e72d68
core   0: 0x800028aa (0xfc0e2293) slti    t0, t3, -64
core   0: 3 0x800028aa (0xfc0e2293) x 5 0x00000001
core   0: 0x800028ae (0x0000e69d) c.bnez  a3, pc + 46
core   0: 3 0x800028ae (0xe69d)
core   0: 0x800028dc (0x8ab48d13) addi    s10, s1, -1877
core   0: 3 0x800028dc (0x8ab48d13) x26 0xe0008444
core   0: 0x800028e0 (0xeea8fe93) andi    t4, a7, -278
core   0: 3 0x800028e0 (0xeea8fe93) x29 0x0000f000
core   0: 0x800028e4 (0x01026733) or      a4, tp, a6
core   0: 3 0x800028e4 (0x01026733) x14 0xfffffa7d
core   0: 0x800028e8 (0x0000e901) c.bnez  a0, pc + 16
core   0: 3 0x800028e8 (0xe901)
core   0: 0x800028f8 (0x0ff0000f) fence   iorw,iorw
core   0: 3 0x800028f8 (0x0ff0000f)
core   0: 0x800028fc (0x01a99e93) slli    t4, s3, 26
core   0: 3 0x800028fc (0x01a99e93) x29 0x00000000
core   0: 0x80002900 (0xb076f813) andi    a6, a3, -1273
core   0: 3 0x80002900 (0xb076f813) x16 0x00000201
core   0: 0x80002904 (0x852a8613) addi    a2, s5, -1966
core   0: 3 0x80002904 (0x852a8613) x12 0xdd76bc54
core   0: 0x80002908 (0x00000001) c.nop
core   0: 3 0x80002908 (0x0001)
core   0: 0x8000290a (0x005c0b63) beq     s8, t0, pc + 22
core   0: 3 0x8000290a (0x005c0b63)
core   0: 0x8000290e (0x02f58133) mul     sp, a1, a5
core   0: 3 0x8000290e (0x02f58133) x 2 0x00000000
core   0: 0x80002912 (0x000082ed) c.srli  a3, 27
core   0: 3 0x80002912 (0x82ed) x13 0x00000000
core   0: 0x80002914 (0x02234063) blt     t1, sp, pc + 32
core   0: 3 0x80002914 (0x02234063)
core   0: 0x80002918 (0x003e1c63) bne     t3, gp, pc + 24
core   0: 3 0x80002918 (0x003e1c63)
core   0: 0x80002930 (0x012add33) srl     s10, s5, s2
core   0: 3 0x80002930 (0x012add33) x26 0x0dd76c40
core   0: 0x80002934 (0x14c48b17) auipc   s6, 0x14c48
core   0: 3 0x80002934 (0x14c48b17) x22 0x94c4a934
core   0: 0x80002938 (0x0293fc33) remu    s8, t2, s1
core   0: 3 0x80002938 (0x0293fc33) x24 0x00000000
core   0: 0x8000293c (0x00008736) c.mv    a4, a3
core   0: 3 0x8000293c (0x8736) x14 0x00000000
core   0: 0x8000293e (0x04de3c13) sltiu   s8, t3, 77
core   0: 3 0x8000293e (0x04de3c13) x24 0x00000000
core   0: 0x80002942 (0x0ff0000f) fence   iorw,iorw
core   0: 3 0x80002942 (0x0ff0000f)
core   0: 0x80002946 (0x00001690) c.addi4spn a2, sp, 864
core   0: 3 0x80002946 (0x1690) x12 0x00000360
core   0: 0x80002948 (0x413bdc93) srai    s9, s7, 19
core   0: 3 0x80002948 (0x413bdc93) x25 0xfffff000
core   0: 0x8000294c (0x00000294) c.addi4spn a3, sp, 320
core   0: 3 0x8000294c (0x0294) x13 0x00000140
core   0: 0x8000294e (0x0000ed2d) c.bnez  a0, pc + 122
core   0: 3 0x8000294e (0xed2d)
core   0: 0x800029c8 (0x00d4f263) bgeu    s1, a3, pc + 4
core   0: 3 0x800029c8 (0x00d4f263)
core   0: 0x800029cc (0x41185d13) srai    s10, a6, 17
core   0: 3 0x800029cc (0x41185d13) x26 0x00000000
core   0: 0x800029d0 (0xf9f92013) slti    zero, s2, -97
core   0: 3 0x800029d0 (0xf9f92013)
core   0: 0x800029d4 (0x00008c5d) c.or    s0, a5
core   0: 3 0x800029d4 (0x8c5d) x 8 0x003c3d60
core   0: 0x800029d6 (0x000087a1) c.srai  a5, 8
core   0: 3 0x800029d6 (0x87a1) x15 0x00000000
core   0: 0x800029d8 (0x4f04b713) sltiu   a4, s1, 1264
core   0: 3 0x800029d8 (0x4f04b713) x14 0x00000000
core   0: 0x800029dc (0x0181f533) and     a0, gp, s8
core   0: 3 0x800029dc (0x0181f533) x10 0x00000000
core   0: 0x800029e0 (0x4145dc93) srai    s9, a1, 20
core   0: 3 0x800029e0 (0x4145dc93) x25 0xfffffe00
core   0: 0x800029e4 (0x00008da1) c.xor   a1, s0
core   0: 3 0x800029e4 (0x8da1) x11 0xe03cb082
core   0: 0x800029e6 (0xa09d8eb7) lui     t4, 0xa09d8
core   0: 3 0x800029e6 (0xa09d8eb7) x29 0xa09d8000
core   0: 0x800029ea (0x00008172) c.mv    sp, t3
core   0: 3 0x800029ea (0x8172) x 2 0x80022e64
core   0: 0x800029ec (0x03ad73b3) remu    t2, s10, s10
core   0: 3 0x800029ec (0x03ad73b3) x 7 0x00000000
core   0: 0x800029f0 (0x00c5c333) xor     t1, a1, a2
core   0: 3 0x800029f0 (0x00c5c333) x 6 0xe03cb3e2
core   0: 0x800029f4 (0x006fcc63) blt     t6, t1, pc + 24
core   0: 3 0x800029f4 (0x006fcc63)
core   0: 0x800029f8 (0x00000599) c.addi  a1, 6
core   0: 3 0x800029f8 (0x0599) x11 0xe03cb088
core   0: 0x800029fa (0x006a9533) sll     a0, s5, t1
core   0: 3 0x800029fa (0x006a9533) x10 0x75db1008
core   0: 0x800029fe (0x00000eb2) c.slli  t4, 12
core   0: 3 0x800029fe (0x0eb2) x29 0xd8000000
core   0: 0x80002a00 (0x0355b9b3) mulhu   s3, a1, s5
core   0: 3 0x80002a00 (0x0355b9b3) x19 0xc1fc6c0e
core   0: 0x80002a04 (0x01de1493) slli    s1, t3, 29
core   0: 3 0x80002a04 (0x01de1493) x 9 0x80000000
core   0: 0x80002a08 (0x00018463) beqz    gp, pc + 8
core   0: 3 0x80002a08 (0x00018463)
core   0: 0x80002a0c (0xac255b17) auipc   s6, 0xac255
core   0: 3 0x80002a0c (0xac255b17) x22 0x2c257a0c
core   0: 0x80002a10 (0x41b959b3) sra     s3, s2, s11
core   0: 3 0x80002a10 (0x41b959b3) x19 0xe06c6ce4
core   0: 0x80002a14 (0x01cf5d93) srli    s11, t5, 28
core   0: 3 0x80002a14 (0x01cf5d93) x27 0x00000000
core   0: 0x80002a18 (0x026aff63) bgeu    s5, t1, pc + 62
core   0: 3 0x80002a18 (0x026aff63)
core   0: 0x80002a1c (0x0000147d) c.addi  s0, -1
core   0: 3 0x80002a1c (0x147d) x 8 0x003c3d5f
core   0: 0x80002a1e (0x0062ad33) slt     s10, t0, t1
core   0: 3 0x80002a1e (0x0062ad33) x26 0x00000000
core   0: 0x80002a22 (0x001ed133) srl     sp, t4, ra
core   0: 3 0x80002a22 (0x001ed133) x 2 0x36000000
core   0: 0x80002a26 (0x0ff0000f) fence   iorw,iorw
core   0: 3 0x80002a26 (0x0ff0000f)
core   0: 0x80002a2a (0x0000100f) fence.i
core   0: 3 0x80002a2a (0x0000100f)
core   0: 0x80002a2e (0x008241b3) xor     gp, tp, s0
core   0: 3 0x80002a2e (0x008241b3) x 3 0x003c3f6a
core   0: 0x80002a32 (0x467f0f97) auipc   t6, 0x467f0
core   0: 3 0x80002a32 (0x467f0f97) x31 0xc67f2a32
core   0: 0x80002a36 (0x00009b7d) c.andi  a4, -1
core   0: 3 0x80002a36 (0x9b7d) x14 0x00000000
core   0: 0x80002a38 (0x02805d33) divu    s10, zero, s0
core   0: 3 0x80002a38 (0x02805d33) x26 0x00000000
core   0: 0x80002a3c (0x00008c4d) c.or    s0, a1
core   0: 3 0x80002a3c (0x8c4d) x 8 0xe03cbddf
core   0: 0x80002a3e (0xf368cb13) xori    s6, a7, -202
core   0: 3 0x80002a3e (0xf368cb13) x22 0xffff0f36
core   0: 0x80002a42 (0x00009a7d) c.andi  a2, -1
core   0: 3 0x80002a42 (0x9a7d) x12 0x00000360
core   0: 0x80002a44 (0xc11b4513) xori    a0, s6, -1007
core   0: 3 0x80002a44 (0xc11b4513) x10 0x0000f327
core   0: 0x80002a48 (0x04885163) bge     a6, s0, pc + 66
core   0: 3 0x80002a48 (0x04885163)
core   0: 0x80002a8a (0x00000b6a) c.slli  s6, 26
core   0: 3 0x80002a8a (0x0b6a) x22 0xd8000000
core   0: 0x80002a8c (0x00000b14) c.addi4spn a3, sp, 400
core   0: 3 0x80002a8c (0x0b14) x13 0x36000190
core   0: 0x80002a8e (0xbd5a8593) addi    a1, s5, -1067
core   0: 3 0x80002a8e (0xbd5a8593) x11 0xdd76bfd7
core   0: 0x80002a92 (0x36cf2213) slti    tp, t5, 876
core   0: 3 0x80002a92 (0x36cf2213) x 4 0x00000001
core   0: 0x80002a96 (0x00ffdf33) srl     t5, t6, a5
core   0: 3 0x80002a96 (0x00ffdf33) x30 0xc67f2a32
core   0: 0x80002a9a (0x457f3413) sltiu   s0, t5, 1111
core   0: 3 0x80002a9a (0x457f3413) x 8 0x00000000
core   0: 0x80002a9e (0x014a9eb3) sll     t4, s5, s4
core   0: 3 0x80002a9e (0x014a9eb3) x29 0xdd76c402
core   0: 0x80002aa2 (0x0000717d) c.addi16sp sp, -16
core   0: 3 0x80002aa2 (0x717d) x 2 0x35fffff0
core   0: 0x80002aa4 (0x024a9f33) mulh    t5, s5, tp
core   0: 3 0x80002aa4 (0x024a9f33) x30 0xffffffff
core   0: 0x80002aa8 (0x9b987793) andi    a5, a6, -1607
core   0: 3 0x80002aa8 (0x9b987793) x15 0x00000001
core   0: 0x80002aac (0x00d37133) and     sp, t1, a3
core   0: 3 0x80002aac (0x00d37133) x 2 0x20000180
core   0: 0x80002ab0 (0x00008749) c.srai  a4, 18
core   0: 3 0x80002ab0 (0x8749) x14 0x00000000
core   0: 0x80002ab2 (0x01abb0b3) sltu    ra, s7, s10
core   0: 3 0x80002ab2 (0x01abb0b3) x 1 0x00000000
core   0: 0x80002ab6 (0x032f53b3) divu    t2, t5, s2
core   0: 3 0x80002ab6 (0x032f53b3) x 7 0x00000001
core   0: 0x80002aba (0x000084a5) c.srai  s1, 9
core   0: 3 0x80002aba (0x84a5) x 9 0xffc00000
core   0: 0x80002abc (0x0223e163) bltu    t2, sp, pc + 34
core   0: 3 0x80002abc (0x0223e163)
core   0: 0x80002ade (0x005526b3) slt     a3, a0, t0
core   0: 3 0x80002ade (0x005526b3) x13 0x00000000
core   0: 0x80002ae2 (0x02ac82b3) mul     t0, s9, a0
core   0: 3 0x80002ae2 (0x02ac82b3) x 5 0xfe19b200
core   0: 0x80002ae6 (0x00008c51) c.or    s0, a2
core   0: 3 0x80002ae6 (0x8c51) x 8 0x00000360
core   0: 0x80002ae8 (0x000007ad) c.addi  a5, 11
core   0: 3 0x80002ae8 (0x07ad) x15 0x0000000c
core   0: 0x80002aea (0x04667c63) bgeu    a2, t1, pc + 88
core   0: 3 0x80002aea (0x04667c63)
core   0: 0x80002aee (0x00002297) auipc   t0, 0x2
core   0: 3 0x80002aee (0x00002297) x 5 0x80004aee
core   0: 0x80002af2 (0xf7628293) addi    t0, t0, -138
core   0: 3 0x80002af2 (0xf7628293) x 5 0x80004a64
core   0: 0x80002af6 (0xddf14493) xori    s1, sp, -545
core   0: 3 0x80002af6 (0xddf14493) x 9 0xdffffc5f
core   0: 0x80002afa (0x19928293) addi    t0, t0, 409
core   0: 3 0x80002afa (0x19928293) x 5 0x80004bfd
core   0: 0x80002afe (0xfcbd6493) ori     s1, s10, -53
core   0: 3 0x80002afe (0xfcbd6493) x 9 0xffffffcb
core   0: 0x80002b02 (0x300d6993) ori     s3, s10, 768
core   0: 3 0x80002b02 (0x300d6993) x19 0x00000300
core   0: 0x80002b06 (0x0253ddb3) divu    s11, t2, t0
core   0: 3 0x80002b06 (0x0253ddb3) x27 0x00000000
core   0: 0x80002b0a (0x00000001) c.nop
core   0: 3 0x80002b0a (0x0001)
core   0: 0x80002b0c (0xd769fc93) andi    s9, s3, -650
core   0: 3 0x80002b0c (0xd769fc93) x25 0x00000100
core   0: 0x80002b10 (0x01bbe663) bltu    s7, s11, pc + 12
core   0: 3 0x80002b10 (0x01bbe663)
core   0: 0x80002b14 (0x0139bcb3) sltu    s9, s3, s3
core   0: 3 0x80002b14 (0x0139bcb3) x25 0x00000000
core   0: 0x80002b18 (0x00000001) c.nop
core   0: 3 0x80002b18 (0x0001)
core   0: 0x80002b1a (0x00000001) c.nop
core   0: 3 0x80002b1a (0x0001)
core   0: 0x80002b1c (0xe6728867) jalr    a6, t0, -409
core   0: 3 0x80002b1c (0xe6728867) x16 0x80002b20
core   0: 0x80004a64 (0x01601863) bne     zero, s6, pc + 16
core   0: 3 0x80004a64 (0x01601863)
core   0: 0x80004a74 (0xfd0e0e13) addi    t3, t3, -48
core   0: 3 0x80004a74 (0xfd0e0e13) x28 0x80022e34
core   0: 0x80004a78 (0x010e2223) sw      a6, 4(t3)
core   0: 3 0x80004a78 (0x010e2223) mem 0x80022e38 0x80002b20
core   0: 0x80004a7c (0x00000d72) c.slli  s10, 28
core   0: 3 0x80004a7c (0x0d72) x26 0x00000000
core   0: 0x80004a7e (0x00008dc5) c.or    a1, s1
core   0: 3 0x80004a7e (0x8dc5) x11 0xffffffdf
core   0: 0x80004a80 (0x01c086b3) add     a3, ra, t3
core   0: 3 0x80004a80 (0x01c086b3) x13 0x80022e34
core   0: 0x80004a84 (0x32cd4197) auipc   gp, 0x32cd4
core   0: 3 0x80004a84 (0x32cd4197) x 3 0xb2cd8a84
core   0: 0x80004a88 (0x000085b1) c.srai  a1, 12
core   0: 3 0x80004a88 (0x85b1) x11 0xffffffff
core   0: 0x80004a8a (0x00006617) auipc   a2, 0x6
core   0: 3 0x80004a8a (0x00006617) x12 0x8000aa8a
core   0: 0x80004a8e (0x65460613) addi    a2, a2, 1620
core   0: 3 0x80004a8e (0x65460613) x12 0x8000b0de
core   0: 0x80004a92 (0x8c4aaeb7) lui     t4, 0x8c4aa
core   0: 3 0x80004a92 (0x8c4aaeb7) x29 0x8c4aa000
core   0: 0x80004a96 (0xce260613) addi    a2, a2, -798
core   0: 3 0x80004a96 (0xce260613) x12 0x8000adc0
core   0: 0x80004a9a (0x0130f5b3) and     a1, ra, s3
core   0: 3 0x80004a9a (0x0130f5b3) x11 0x00000000
core   0: 0x80004a9e (0x00000001) c.nop
core   0: 3 0x80004a9e (0x0001)
core   0: 0x80004aa0 (0x0317c733) div     a4, a5, a7
core   0: 3 0x80004aa0 (0x0317c733) x14 0x00000000
core   0: 0x80004aa4 (0x016c1913) slli    s2, s8, 22
core   0: 3 0x80004aa4 (0x016c1913) x18 0x00000000
core   0: 0x80004aa8 (0x00006261) c.lui   tp, 0x18
core   0: 3 0x80004aa8 (0x6261) x 4 0x00018000
core   0: 0x80004aaa (0x00008189) c.srli  a1, 2
core   0: 3 0x80004aaa (0x8189) x11 0x00000000
core   0: 0x80004aac (0x31e60867) jalr    a6, a2, 798
core   0: 3 0x80004aac (0x31e60867) x16 0x80004ab0
core   0: 0x8000b0de (0x81815997) auipc   s3, 0x81815
core   0: 3 0x8000b0de (0x81815997) x19 0x018200de
core   0: 0x8000b0e2 (0x0082e463) bltu    t0, s0, pc + 8
core   0: 3 0x8000b0e2 (0x0082e463)
core   0: 0x8000b0e6 (0x078b8693) addi    a3, s7, 120
core   0: 3 0x8000b0e6 (0x078b8693) x13 0x80026d5c
core   0: 0x8000b0ea (0xfc8e0e13) addi    t3, t3, -56
core   0: 3 0x8000b0ea (0xfc8e0e13) x28 0x80022dfc
core   0: 0x8000b0ee (0x010e2223) sw      a6, 4(t3)
core   0: 3 0x8000b0ee (0x010e2223) mem 0x80022e00 0x80004ab0
core   0: 0x8000b0f2 (0xc46cae93) slti    t4, s9, -954
core   0: 3 0x8000b0f2 (0xc46cae93) x29 0x00000000
core   0: 0x8000b0f6 (0x8de676b7) lui     a3, 0x8de67
core   0: 3 0x8000b0f6 (0x8de676b7) x13 0x8de67000
core   0: 0x8000b0fa (0x00866533) or      a0, a2, s0
core   0: 3 0x8000b0fa (0x00866533) x10 0x8000afe0
core   0: 0x8000b0fe (0xffc00713) li      a4, -4
core   0: 3 0x8000b0fe (0xffc00713) x14 0xfffffffc
core   0: 0x8000b102 (0x0187fc33) and     s8, a5, s8
core   0: 3 0x8000b102 (0x0187fc33) x24 0x00000000
core   0: 0x8000b106 (0x01db9d13) slli    s10, s7, 29
core   0: 3 0x8000b106 (0x01db9d13) x26 0x80000000
core   0: 0x8000b10a (0xa940c593) xori    a1, ra, -1388
core   0: 3 0x8000b10a (0xa940c593) x11 0xfffffa94
core   0: 0x8000b10e (0x032550b3) divu    ra, a0, s2
core   0: 3 0x8000b10e (0x032550b3) x 1 0xffffffff
core   0: 0x8000b112 (0xff500513) li      a0, -11
core   0: 3 0x8000b112 (0xff500513) x10 0xfffffff5
core   0: 0x8000b116 (0x030032b3) mulhu   t0, zero, a6
core   0: 3 0x8000b116 (0x030032b3) x 5 0x00000000
core   0: 0x8000b11a (0x00000001) c.nop
core   0: 3 0x8000b11a (0x0001)
core   0: 0x8000b11c (0x243a3313) sltiu   t1, s4, 579
core   0: 3 0x8000b11c (0x243a3313) x 6 0x00000000
core   0: 0x8000b120 (0x413e59b3) sra     s3, t3, s3
core   0: 3 0x8000b120 (0x413e59b3) x19 0xfffffffe
core   0: 0x8000b124 (0x067aafb7) lui     t6, 0x67aa
core   0: 3 0x8000b124 (0x067aafb7) x31 0x067aa000
core   0: 0x8000b128 (0x01a45633) srl     a2, s0, s10
core   0: 3 0x8000b128 (0x01a45633) x12 0x00000360
core   0: 0x8000b12c (0x00008c55) c.or    s0, a3
core   0: 3 0x8000b12c (0x8c55) x 8 0x8de67360
core   0: 0x8000b12e (0x0000923e) c.add   tp, a5
core   0: 3 0x8000b12e (0x923e) x 4 0x0001800c
core   0: 0x8000b130 (0x00006fa5) c.lui   t6, 0x9
core   0: 3 0x8000b130 (0x6fa5) x31 0x00009000
core   0: 0x8000b132 (0x00001771) c.addi  a4, -4
core   0: 3 0x8000b132 (0x1771) x14 0xfffffff8
core   0: 0x8000b134 (0xffa00693) li      a3, -6
core   0: 3 0x8000b134 (0xffa00693) x13 0xfffffffa
core   0: 0x8000b138 (0x0000820a) c.mv    tp, sp
core   0: 3 0x8000b138 (0x820a) x 4 0x20000180
core   0: 0x8000b13a (0x00d00913) li      s2, 13
core   0: 3 0x8000b13a (0x00d00913) x18 0x0000000d
core   0: 0x8000b13e (0x0000612d) c.addi16sp sp, 224
core   0: 3 0x8000b13e (0x612d) x 2 0x20000260
core   0: 0x8000b140 (0x0302ab33) mulhsu  s6, t0, a6
core   0: 3 0x8000b140 (0x0302ab33) x22 0x00000000
core   0: 0x8000b144 (0x006f49b3) xor     s3, t5, t1
core   0: 3 0x8000b144 (0x006f49b3) x19 0xffffffff
core   0: 0x8000b148 (0x00000689) c.addi  a3, 2
core   0: 3 0x8000b148 (0x0689) x13 0xfffffffc
core   0: 0x8000b14a (0x00006ccd) c.lui   s9, 0x13
core   0: 3 0x8000b14a (0x6ccd) x25 0x00013000
core   0: 0x8000b14c (0x00008e25) c.xor   a2, s1
core   0: 3 0x8000b14c (0x8e25) x12 0xfffffcab
core   0: 0x8000b14e (0xff26ebe3) bltu    a3, s2, pc - 10
core   0: 3 0x8000b14e (0xff26ebe3)
core   0: 0x8000b152 (0x00008da5) c.xor   a1, s1
core   0: 3 0x8000b152 (0x8da5) x11 0x0000055f
core   0: 0x8000b154 (0x00a0db33) srl     s6, ra, a0
core   0: 3 0x8000b154 (0x00a0db33) x22 0x000007ff
core   0: 0x8000b158 (0xbf55fb37) lui     s6, 0xbf55f
core   0: 3 0x8000b158 (0xbf55fb37) x22 0xbf55f000
core   0: 0x8000b15c (0x01353633) sltu    a2, a0, s3
core   0: 3 0x8000b15c (0x01353633) x12 0x00000001
core   0: 0x8000b160 (0x01ce1a93) slli    s5, t3, 28
core   0: 3 0x8000b160 (0x01ce1a93) x21 0xc0000000
core   0: 0x8000b164 (0xfca754e3) bge     a4, a0, pc - 56
core   0: 3 0x8000b164 (0xfca754e3)
core   0: 0x8000b12c (0x00008c55) c.or    s0, a3
core   0: 3 0x8000b12c (0x8c55) x 8 0xfffffffc
core   0: 0x8000b12e (0x0000923e) c.add   tp, a5
core   0: 3 0x8000b12e (0x923e) x 4 0x2000018c
core   0: 0x8000b130 (0x00006fa5) c.lui   t6, 0x9
core   0: 3 0x8000b130 (0x6fa5) x31 0x00009000
core   0: 0x8000b132 (0x00001771) c.addi  a4, -4
core   0: 3 0x8000b132 (0x1771) x14 0xfffffff4
core   0: 0x8000b134 (0xffa00693) li      a3, -6
core   0: 3 0x8000b134 (0xffa00693) x13 0xfffffffa
core   0: 0x8000b138 (0x0000820a) c.mv    tp, sp
core   0: 3 0x8000b138 (0x820a) x 4 0x20000260
core   0: 0x8000b13a (0x00d00913) li      s2, 13
core   0: 3 0x8000b13a (0x00d00913) x18 0x0000000d
core   0: 0x8000b13e (0x0000612d) c.addi16sp sp, 224
core   0: 3 0x8000b13e (0x612d) x 2 0x20000340
core   0: 0x8000b140 (0x0302ab33) mulhsu  s6, t0, a6
core   0: 3 0x8000b140 (0x0302ab33) x22 0x00000000
core   0: 0x8000b144 (0x006f49b3) xor     s3, t5, t1
core   0: 3 0x8000b144 (0x006f49b3) x19 0xffffffff
core   0: 0x8000b148 (0x00000689) c.addi  a3, 2
core   0: 3 0x8000b148 (0x0689) x13 0xfffffffc
core   0: 0x8000b14a (0x00006ccd) c.lui   s9, 0x13
core   0: 3 0x8000b14a (0x6ccd) x25 0x00013000
core   0: 0x8000b14c (0x00008e25) c.xor   a2, s1
core   0: 3 0x8000b14c (0x8e25) x12 0xffffffca
core   0: 0x8000b14e (0xff26ebe3) bltu    a3, s2, pc - 10
core   0: 3 0x8000b14e (0xff26ebe3)
core   0: 0x8000b152 (0x00008da5) c.xor   a1, s1
core   0: 3 0x8000b152 (0x8da5) x11 0xfffffa94
core   0: 0x8000b154 (0x00a0db33) srl     s6, ra, a0
core   0: 3 0x8000b154 (0x00a0db33) x22 0x000007ff
core   0: 0x8000b158 (0xbf55fb37) lui     s6, 0xbf55f
core   0: 3 0x8000b158 (0xbf55fb37) x22 0xbf55f000
core   0: 0x8000b15c (0x01353633) sltu    a2, a0, s3
core   0: 3 0x8000b15c (0x01353633) x12 0x00000001
core   0: 0x8000b160 (0x01ce1a93) slli    s5, t3, 28
core   0: 3 0x8000b160 (0x01ce1a93) x21 0xc0000000
core   0: 0x8000b164 (0xfca754e3) bge     a4, a0, pc - 56
core   0: 3 0x8000b164 (0xfca754e3)
core   0: 0x8000b168 (0x0067e333) or      t1, a5, t1
core   0: 3 0x8000b168 (0x0067e333) x 6 0x0000000c
core   0: 0x8000b16c (0x00800c13) li      s8, 8
core   0: 3 0x8000b16c (0x00800c13) x24 0x00000008
core   0: 0x8000b170 (0x00700293) li      t0, 7
core   0: 3 0x8000b170 (0x00700293) x 5 0x00000007
core   0: 0x8000b174 (0x00008592) c.mv    a1, tp
core   0: 3 0x8000b174 (0x8592) x11 0x20000260
core   0: 0x8000b176 (0x00001c6d) c.addi  s8, -5
core   0: 3 0x8000b176 (0x1c6d) x24 0x00000003
core   0: 0x8000b178 (0xff900913) li      s2, -7
core   0: 3 0x8000b178 (0xff900913) x18 0xfffffff9
core   0: 0x8000b17c (0xfed00813) li      a6, -19
core   0: 3 0x8000b17c (0xfed00813) x16 0xffffffed
core   0: 0x8000b180 (0x02379b33) mulh    s6, a5, gp
core   0: 3 0x8000b180 (0x02379b33) x22 0xfffffffc
core   0: 0x8000b184 (0x02916d33) rem     s10, sp, s1
core   0: 3 0x8000b184 (0x02916d33) x26 0x0000001d
core   0: 0x8000b188 (0x0000197d) c.addi  s2, -1
core   0: 3 0x8000b188 (0x197d) x18 0xfffffff8
core   0: 0x8000b18a (0xff090de3) beq     s2, a6, pc - 6
core   0: 3 0x8000b18a (0xff090de3)
core   0: 0x8000b18e (0xfe5c73e3) bgeu    s8, t0, pc - 26
core   0: 3 0x8000b18e (0xfe5c73e3)
core   0: 0x8000b192 (0x006b5993) srli    s3, s6, 6
core   0: 3 0x8000b192 (0x006b5993) x19 0x03ffffff
core   0: 0x8000b196 (0x00900a93) li      s5, 9
core   0: 3 0x8000b196 (0x00900a93) x21 0x00000009
core   0: 0x8000b19a (0x00100293) li      t0, 1
core   0: 3 0x8000b19a (0x00100293) x 5 0x00000001
core   0: 0x8000b19e (0x00008f45) c.or    a4, s1
core   0: 3 0x8000b19e (0x8f45) x14 0xffffffff
core   0: 0x8000b1a0 (0x0029f633) and     a2, s3, sp
core   0: 3 0x8000b1a0 (0x0029f633) x12 0x00000340
core   0: 0x8000b1a4 (0x7a8b7d93) andi    s11, s6, 1960
core   0: 3 0x8000b1a4 (0x7a8b7d93) x27 0x000007a8
core   0: 0x8000b1a8 (0x00001ae1) c.addi  s5, -8
core   0: 3 0x8000b1a8 (0x1ae1) x21 0x00000001
core   0: 0x8000b1aa (0x00200193) li      gp, 2
core   0: 3 0x8000b1aa (0x00200193) x 3 0x00000002
core   0: 0x8000b1ae (0xffc00813) li      a6, -4
core   0: 3 0x8000b1ae (0xffc00813) x16 0xfffffffc
core   0: 0x8000b1b2 (0x00008d4d) c.or    a0, a1
core   0: 3 0x8000b1b2 (0x8d4d) x10 0xfffffff5
core   0: 0x8000b1b4 (0x40cf8233) sub     tp, t6, a2
core   0: 3 0x8000b1b4 (0x40cf8233) x 4 0x00008cc0
core   0: 0x8000b1b8 (0x417b8933) sub     s2, s7, s7
core   0: 3 0x8000b1b8 (0x417b8933) x18 0x00000000
core   0: 0x8000b1bc (0x000011f9) c.addi  gp, -2
core   0: 3 0x8000b1bc (0x11f9) x 3 0x00000000
core   0: 0x8000b1be (0xff01dbe3) bge     gp, a6, pc - 10
core   0: 3 0x8000b1be (0xff01dbe3)
core   0: 0x8000b1b4 (0x40cf8233) sub     tp, t6, a2
core   0: 3 0x8000b1b4 (0x40cf8233) x 4 0x00008cc0
core   0: 0x8000b1b8 (0x417b8933) sub     s2, s7, s7
core   0: 3 0x8000b1b8 (0x417b8933) x18 0x00000000
core   0: 0x8000b1bc (0x000011f9) c.addi  gp, -2
core   0: 3 0x8000b1bc (0x11f9) x 3 0xfffffffe
core   0: 0x8000b1be (0xff01dbe3) bge     gp, a6, pc - 10
core   0: 3 0x8000b1be (0xff01dbe3)
core   0: 0x8000b1b4 (0x40cf8233) sub     tp, t6, a2
core   0: 3 0x8000b1b4 (0x40cf8233) x 4 0x00008cc0
core   0: 0x8000b1b8 (0x417b8933) sub     s2, s7, s7
core   0: 3 0x8000b1b8 (0x417b8933) x18 0x00000000
core   0: 0x8000b1bc (0x000011f9) c.addi  gp, -2
core   0: 3 0x8000b1bc (0x11f9) x 3 0xfffffffc
core   0: 0x8000b1be (0xff01dbe3) bge     gp, a6, pc - 10
core   0: 3 0x8000b1be (0xff01dbe3)
core   0: 0x8000b1b4 (0x40cf8233) sub     tp, t6, a2
core   0: 3 0x8000b1b4 (0x40cf8233) x 4 0x00008cc0
core   0: 0x8000b1b8 (0x417b8933) sub     s2, s7, s7
core   0: 3 0x8000b1b8 (0x417b8933) x18 0x00000000
core   0: 0x8000b1bc (0x000011f9) c.addi  gp, -2
core   0: 3 0x8000b1bc (0x11f9) x 3 0xfffffffa
core   0: 0x8000b1be (0xff01dbe3) bge     gp, a6, pc - 10
core   0: 3 0x8000b1be (0xff01dbe3)
core   0: 0x8000b1c2 (0x02efa333) mulhsu  t1, t6, a4
core   0: 3 0x8000b1c2 (0x02efa333) x 6 0x00008fff
core   0: 0x8000b1c6 (0xfc5a8de3) beq     s5, t0, pc - 38
core   0: 3 0x8000b1c6 (0xfc5a8de3)
core   0: 0x8000b1a0 (0x0029f633) and     a2, s3, sp
core   0: 3 0x8000b1a0 (0x0029f633) x12 0x00000340
core   0: 0x8000b1a4 (0x7a8b7d93) andi    s11, s6, 1960
core   0: 3 0x8000b1a4 (0x7a8b7d93) x27 0x000007a8
core   0: 0x8000b1a8 (0x00001ae1) c.addi  s5, -8
core   0: 3 0x8000b1a8 (0x1ae1) x21 0xfffffff9
core   0: 0x8000b1aa (0x00200193) li      gp, 2
core   0: 3 0x8000b1aa (0x00200193) x 3 0x00000002
core   0: 0x8000b1ae (0xffc00813) li      a6, -4
core   0: 3 0x8000b1ae (0xffc00813) x16 0xfffffffc
core   0: 0x8000b1b2 (0x00008d4d) c.or    a0, a1
core   0: 3 0x8000b1b2 (0x8d4d) x10 0xfffffff5
core   0: 0x8000b1b4 (0x40cf8233) sub     tp, t6, a2
core   0: 3 0x8000b1b4 (0x40cf8233) x 4 0x00008cc0
core   0: 0x8000b1b8 (0x417b8933) sub     s2, s7, s7
core   0: 3 0x8000b1b8 (0x417b8933) x18 0x00000000
core   0: 0x8000b1bc (0x000011f9) c.addi  gp, -2
core   0: 3 0x8000b1bc (0x11f9) x 3 0x00000000
core   0: 0x8000b1be (0xff01dbe3) bge     gp, a6, pc - 10
core   0: 3 0x8000b1be (0xff01dbe3)
core   0: 0x8000b1b4 (0x40cf8233) sub     tp, t6, a2
core   0: 3 0x8000b1b4 (0x40cf8233) x 4 0x00008cc0
core   0: 0x8000b1b8 (0x417b8933) sub     s2, s7, s7
core   0: 3 0x8000b1b8 (0x417b8933) x18 0x00000000
core   0: 0x8000b1bc (0x000011f9) c.addi  gp, -2
core   0: 3 0x8000b1bc (0x11f9) x 3 0xfffffffe
core   0: 0x8000b1be (0xff01dbe3) bge     gp, a6, pc - 10
core   0: 3 0x8000b1be (0xff01dbe3)
core   0: 0x8000b1b4 (0x40cf8233) sub     tp, t6, a2
core   0: 3 0x8000b1b4 (0x40cf8233) x 4 0x00008cc0
core   0: 0x8000b1b8 (0x417b8933) sub     s2, s7, s7
core   0: 3 0x8000b1b8 (0x417b8933) x18 0x00000000
core   0: 0x8000b1bc (0x000011f9) c.addi  gp, -2
core   0: 3 0x8000b1bc (0x11f9) x 3 0xfffffffc
core   0: 0x8000b1be (0xff01dbe3) bge     gp, a6, pc - 10
core   0: 3 0x8000b1be (0xff01dbe3)
core   0: 0x8000b1b4 (0x40cf8233) sub     tp, t6, a2
core   0: 3 0x8000b1b4 (0x40cf8233) x 4 0x00008cc0
core   0: 0x8000b1b8 (0x417b8933) sub     s2, s7, s7
core   0: 3 0x8000b1b8 (0x417b8933) x18 0x00000000
core   0: 0x8000b1bc (0x000011f9) c.addi  gp, -2
core   0: 3 0x8000b1bc (0x11f9) x 3 0xfffffffa
core   0: 0x8000b1be (0xff01dbe3) bge     gp, a6, pc - 10
core   0: 3 0x8000b1be (0xff01dbe3)
core   0: 0x8000b1c2 (0x02efa333) mulhsu  t1, t6, a4
core   0: 3 0x8000b1c2 (0x02efa333) x 6 0x00008fff
core   0: 0x8000b1c6 (0xfc5a8de3) beq     s5, t0, pc - 38
core   0: 3 0x8000b1c6 (0xfc5a8de3)
core   0: 0x8000b1ca (0x00008b15) c.andi  a4, 5
core   0: 3 0x8000b1ca (0x8b15) x14 0x00000005
core   0: 0x8000b1cc (0x00800793) li      a5, 8
core   0: 3 0x8000b1cc (0x00800793) x15 0x00000008
core   0: 0x8000b1d0 (0xffc00093) li      ra, -4
core   0: 3 0x8000b1d0 (0xffc00093) x 1 0xfffffffc
core   0: 0x8000b1d4 (0x0109ec33) or      s8, s3, a6
core   0: 3 0x8000b1d4 (0x0109ec33) x24 0xffffffff
core   0: 0x8000b1d8 (0x000017e9) c.addi  a5, -6
core   0: 3 0x8000b1d8 (0x17e9) x15 0x00000002
core   0: 0x8000b1da (0x00100313) li      t1, 1
core   0: 3 0x8000b1da (0x00100313) x 6 0x00000001
core   0: 0x8000b1de (0xfec00c93) li      s9, -20
core   0: 3 0x8000b1de (0xfec00c93) x25 0xffffffec
core   0: 0x8000b1e2 (0x0282f1b3) remu    gp, t0, s0
core   0: 3 0x8000b1e2 (0x0282f1b3) x 3 0x00000001
core   0: 0x8000b1e6 (0x00001379) c.addi  t1, -2
core   0: 3 0x8000b1e6 (0x1379) x 6 0xffffffff
core   0: 0x8000b1e8 (0xff935de3) bge     t1, s9, pc - 6
core   0: 3 0x8000b1e8 (0xff935de3)
core   0: 0x8000b1e2 (0x0282f1b3) remu    gp, t0, s0
core   0: 3 0x8000b1e2 (0x0282f1b3) x 3 0x00000001
core   0: 0x8000b1e6 (0x00001379) c.addi  t1, -2
core   0: 3 0x8000b1e6 (0x1379) x 6 0xfffffffd
core   0: 0x8000b1e8 (0xff935de3) bge     t1, s9, pc - 6
core   0: 3 0x8000b1e8 (0xff935de3)
core   0: 0x8000b1e2 (0x0282f1b3) remu    gp, t0, s0
core   0: 3 0x8000b1e2 (0x0282f1b3) x 3 0x00000001
core   0: 0x8000b1e6 (0x00001379) c.addi  t1, -2
core   0: 3 0x8000b1e6 (0x1379) x 6 0xfffffffb
core   0: 0x8000b1e8 (0xff935de3) bge     t1, s9, pc - 6
core   0: 3 0x8000b1e8 (0xff935de3)
core   0: 0x8000b1e2 (0x0282f1b3) remu    gp, t0, s0
core   0: 3 0x8000b1e2 (0x0282f1b3) x 3 0x00000001
core   0: 0x8000b1e6 (0x00001379) c.addi  t1, -2
core   0: 3 0x8000b1e6 (0x1379) x 6 0xfffffff9
core   0: 0x8000b1e8 (0xff935de3) bge     t1, s9, pc - 6
core   0: 3 0x8000b1e8 (0xff935de3)
core   0: 0x8000b1e2 (0x0282f1b3) remu    gp, t0, s0
core   0: 3 0x8000b1e2 (0x0282f1b3) x 3 0x00000001
core   0: 0x8000b1e6 (0x00001379) c.addi  t1, -2
core   0: 3 0x8000b1e6 (0x1379) x 6 0xfffffff7
core   0: 0x8000b1e8 (0xff935de3) bge     t1, s9, pc - 6
core   0: 3 0x8000b1e8 (0xff935de3)
core   0: 0x8000b1e2 (0x0282f1b3) remu    gp, t0, s0
core   0: 3 0x8000b1e2 (0x0282f1b3) x 3 0x00000001
core   0: 0x8000b1e6 (0x00001379) c.addi  t1, -2
core   0: 3 0x8000b1e6 (0x1379) x 6 0xfffffff5
core   0: 0x8000b1e8 (0xff935de3) bge     t1, s9, pc - 6
core   0: 3 0x8000b1e8 (0xff935de3)
core   0: 0x8000b1e2 (0x0282f1b3) remu    gp, t0, s0
core   0: 3 0x8000b1e2 (0x0282f1b3) x 3 0x00000001
core   0: 0x8000b1e6 (0x00001379) c.addi  t1, -2
core   0: 3 0x8000b1e6 (0x1379) x 6 0xfffffff3
core   0: 0x8000b1e8 (0xff935de3) bge     t1, s9, pc - 6
core   0: 3 0x8000b1e8 (0xff935de3)
core   0: 0x8000b1e2 (0x0282f1b3) remu    gp, t0, s0
core   0: 3 0x8000b1e2 (0x0282f1b3) x 3 0x00000001
core   0: 0x8000b1e6 (0x00001379) c.addi  t1, -2
core   0: 3 0x8000b1e6 (0x1379) x 6 0xfffffff1
core   0: 0x8000b1e8 (0xff935de3) bge     t1, s9, pc - 6
core   0: 3 0x8000b1e8 (0xff935de3)
core   0: 0x8000b1e2 (0x0282f1b3) remu    gp, t0, s0
core   0: 3 0x8000b1e2 (0x0282f1b3) x 3 0x00000001
core   0: 0x8000b1e6 (0x00001379) c.addi  t1, -2
core   0: 3 0x8000b1e6 (0x1379) x 6 0xffffffef
core   0: 0x8000b1e8 (0xff935de3) bge     t1, s9, pc - 6
core   0: 3 0x8000b1e8 (0xff935de3)
core   0: 0x8000b1e2 (0x0282f1b3) remu    gp, t0, s0
core   0: 3 0x8000b1e2 (0x0282f1b3) x 3 0x00000001
core   0: 0x8000b1e6 (0x00001379) c.addi  t1, -2
core   0: 3 0x8000b1e6 (0x1379) x 6 0xffffffed
core   0: 0x8000b1e8 (0xff935de3) bge     t1, s9, pc - 6
core   0: 3 0x8000b1e8 (0xff935de3)
core   0: 0x8000b1e2 (0x0282f1b3) remu    gp, t0, s0
core   0: 3 0x8000b1e2 (0x0282f1b3) x 3 0x00000001
core   0: 0x8000b1e6 (0x00001379) c.addi  t1, -2
core   0: 3 0x8000b1e6 (0x1379) x 6 0xffffffeb
core   0: 0x8000b1e8 (0xff935de3) bge     t1, s9, pc - 6
core   0: 3 0x8000b1e8 (0xff935de3)
core   0: 0x8000b1ec (0xfe1794e3) bne     a5, ra, pc - 24
core   0: 3 0x8000b1ec (0xfe1794e3)
core   0: 0x8000b1d4 (0x0109ec33) or      s8, s3, a6
core   0: 3 0x8000b1d4 (0x0109ec33) x24 0xffffffff
core   0: 0x8000b1d8 (0x000017e9) c.addi  a5, -6
core   0: 3 0x8000b1d8 (0x17e9) x15 0xfffffffc
core   0: 0x8000b1da (0x00100313) li      t1, 1
core   0: 3 0x8000b1da (0x00100313) x 6 0x00000001
core   0: 0x8000b1de (0xfec00c93) li      s9, -20
core   0: 3 0x8000b1de (0xfec00c93) x25 0xffffffec
core   0: 0x8000b1e2 (0x0282f1b3) remu    gp, t0, s0
core   0: 3 0x8000b1e2 (0x0282f1b3) x 3 0x00000001
core   0: 0x8000b1e6 (0x00001379) c.addi  t1, -2
core   0: 3 0x8000b1e6 (0x1379) x 6 0xffffffff
core   0: 0x8000b1e8 (0xff935de3) bge     t1, s9, pc - 6
core   0: 3 0x8000b1e8 (0xff935de3)
core   0: 0x8000b1e2 (0x0282f1b3) remu    gp, t0, s0
core   0: 3 0x8000b1e2 (0x0282f1b3) x 3 0x00000001
core   0: 0x8000b1e6 (0x00001379) c.addi  t1, -2
core   0: 3 0x8000b1e6 (0x1379) x 6 0xfffffffd
core   0: 0x8000b1e8 (0xff935de3) bge     t1, s9, pc - 6
core   0: 3 0x8000b1e8 (0xff935de3)
core   0: 0x8000b1e2 (0x0282f1b3) remu    gp, t0, s0
core   0: 3 0x8000b1e2 (0x0282f1b3) x 3 0x00000001
core   0: 0x8000b1e6 (0x00001379) c.addi  t1, -2
core   0: 3 0x8000b1e6 (0x1379) x 6 0xfffffffb
core   0: 0x8000b1e8 (0xff935de3) bge     t1, s9, pc - 6
core   0: 3 0x8000b1e8 (0xff935de3)
core   0: 0x8000b1e2 (0x0282f1b3) remu    gp, t0, s0
core   0: 3 0x8000b1e2 (0x0282f1b3) x 3 0x00000001
core   0: 0x8000b1e6 (0x00001379) c.addi  t1, -2
core   0: 3 0x8000b1e6 (0x1379) x 6 0xfffffff9
core   0: 0x8000b1e8 (0xff935de3) bge     t1, s9, pc - 6
core   0: 3 0x8000b1e8 (0xff935de3)
core   0: 0x8000b1e2 (0x0282f1b3) remu    gp, t0, s0
core   0: 3 0x8000b1e2 (0x0282f1b3) x 3 0x00000001
core   0: 0x8000b1e6 (0x00001379) c.addi  t1, -2
core   0: 3 0x8000b1e6 (0x1379) x 6 0xfffffff7
core   0: 0x8000b1e8 (0xff935de3) bge     t1, s9, pc - 6
core   0: 3 0x8000b1e8 (0xff935de3)
core   0: 0x8000b1e2 (0x0282f1b3) remu    gp, t0, s0
core   0: 3 0x8000b1e2 (0x0282f1b3) x 3 0x00000001
core   0: 0x8000b1e6 (0x00001379) c.addi  t1, -2
core   0: 3 0x8000b1e6 (0x1379) x 6 0xfffffff5
core   0: 0x8000b1e8 (0xff935de3) bge     t1, s9, pc - 6
core   0: 3 0x8000b1e8 (0xff935de3)
core   0: 0x8000b1e2 (0x0282f1b3) remu    gp, t0, s0
core   0: 3 0x8000b1e2 (0x0282f1b3) x 3 0x00000001
core   0: 0x8000b1e6 (0x00001379) c.addi  t1, -2
core   0: 3 0x8000b1e6 (0x1379) x 6 0xfffffff3
core   0: 0x8000b1e8 (0xff935de3) bge     t1, s9, pc - 6
core   0: 3 0x8000b1e8 (0xff935de3)
core   0: 0x8000b1e2 (0x0282f1b3) remu    gp, t0, s0
core   0: 3 0x8000b1e2 (0x0282f1b3) x 3 0x00000001
core   0: 0x8000b1e6 (0x00001379) c.addi  t1, -2
core   0: 3 0x8000b1e6 (0x1379) x 6 0xfffffff1
core   0: 0x8000b1e8 (0xff935de3) bge     t1, s9, pc - 6
core   0: 3 0x8000b1e8 (0xff935de3)
core   0: 0x8000b1e2 (0x0282f1b3) remu    gp, t0, s0
core   0: 3 0x8000b1e2 (0x0282f1b3) x 3 0x00000001
core   0: 0x8000b1e6 (0x00001379) c.addi  t1, -2
core   0: 3 0x8000b1e6 (0x1379) x 6 0xffffffef
core   0: 0x8000b1e8 (0xff935de3) bge     t1, s9, pc - 6
core   0: 3 0x8000b1e8 (0xff935de3)
core   0: 0x8000b1e2 (0x0282f1b3) remu    gp, t0, s0
core   0: 3 0x8000b1e2 (0x0282f1b3) x 3 0x00000001
core   0: 0x8000b1e6 (0x00001379) c.addi  t1, -2
core   0: 3 0x8000b1e6 (0x1379) x 6 0xffffffed
core   0: 0x8000b1e8 (0xff935de3) bge     t1, s9, pc - 6
core   0: 3 0x8000b1e8 (0xff935de3)
core   0: 0x8000b1e2 (0x0282f1b3) remu    gp, t0, s0
core   0: 3 0x8000b1e2 (0x0282f1b3) x 3 0x00000001
core   0: 0x8000b1e6 (0x00001379) c.addi  t1, -2
core   0: 3 0x8000b1e6 (0x1379) x 6 0xffffffeb
core   0: 0x8000b1e8 (0xff935de3) bge     t1, s9, pc - 6
core   0: 3 0x8000b1e8 (0xff935de3)
core   0: 0x8000b1ec (0xfe1794e3) bne     a5, ra, pc - 24
core   0: 3 0x8000b1ec (0xfe1794e3)
core   0: 0x8000b1f0 (0x41d25fb3) sra     t6, tp, t4
core   0: 3 0x8000b1f0 (0x41d25fb3) x31 0x00008cc0
core   0: 0x8000b1f4 (0xff700793) li      a5, -9
core   0: 3 0x8000b1f4 (0xff700793) x15 0xfffffff7
core   0: 0x8000b1f8 (0x57ed8d13) addi    s10, s11, 1406
core   0: 3 0x8000b1f8 (0x57ed8d13) x26 0x00000d26
core   0: 0x8000b1fc (0x00200613) li      a2, 2
core   0: 3 0x8000b1fc (0x00200613) x12 0x00000002
core   0: 0x8000b200 (0x02603233) mulhu   tp, zero, t1
core   0: 3 0x8000b200 (0x02603233) x 4 0x00000000
core   0: 0x8000b204 (0x00000808) c.addi4spn a0, sp, 16
core   0: 3 0x8000b204 (0x0808) x10 0x20000350
core   0: 0x8000b206 (0xf2282713) slti    a4, a6, -222
core   0: 3 0x8000b206 (0xf2282713) x14 0x00000000
core   0: 0x8000b20a (0x00008d51) c.or    a0, a2
core   0: 3 0x8000b20a (0x8d51) x10 0x20000352
core   0: 0x8000b20c (0x00000001) c.nop
core   0: 3 0x8000b20c (0x0001)
core   0: 0x8000b20e (0x00d419b3) sll     s3, s0, a3
core   0: 3 0x8000b20e (0x00d419b3) x19 0xc0000000
core   0: 0x8000b212 (0xa01b1217) auipc   tp, 0xa01b1
core   0: 3 0x8000b212 (0xa01b1217) x 4 0x201bc212
core   0: 0x8000b216 (0x00009376) c.add   t1, t4
core   0: 3 0x8000b216 (0x9376) x 6 0xffffffeb
core   0: 0x8000b218 (0x514c0937) lui     s2, 0x514c0
core   0: 3 0x8000b218 (0x514c0937) x18 0x514c0000
core   0: 0x8000b21c (0x00c08f33) add     t5, ra, a2
core   0: 3 0x8000b21c (0x00c08f33) x30 0xfffffffe
core   0: 0x8000b220 (0x0ff0000f) fence   iorw,iorw
core   0: 3 0x8000b220 (0x0ff0000f)
core   0: 0x8000b224 (0x009d4d33) xor     s10, s10, s1
core   0: 3 0x8000b224 (0x009d4d33) x26 0xfffff2ed
core   0: 0x8000b228 (0x000081e1) c.srli  a1, 24
core   0: 3 0x8000b228 (0x81e1) x11 0x00000020
core   0: 0x8000b22a (0x00e82337) lui     t1, 0xe82
core   0: 3 0x8000b22a (0x00e82337) x 6 0x00e82000
core   0: 0x8000b22e (0x000007a9) c.addi  a5, 10
core   0: 3 0x8000b22e (0x07a9) x15 0x00000001
core   0: 0x8000b230 (0x00000876) c.slli  a6, 29
core   0: 3 0x8000b230 (0x0876) x16 0x80000000
core   0: 0x8000b232 (0x0095d733) srl     a4, a1, s1
core   0: 3 0x8000b232 (0x0095d733) x14 0x00000000
core   0: 0x8000b236 (0x4099d593) srai    a1, s3, 9
core   0: 3 0x8000b236 (0x4099d593) x11 0xffe00000
core   0: 0x8000b23a (0x408c5593) srai    a1, s8, 8
core   0: 3 0x8000b23a (0x408c5593) x11 0xffffffff
core   0: 0x8000b23e (0x00008efd) c.and   a3, a5
core   0: 3 0x8000b23e (0x8efd) x13 0x00000000
core   0: 0x8000b240 (0xfcc7c9e3) blt     a5, a2, pc - 46
core   0: 3 0x8000b240 (0xfcc7c9e3)
core   0: 0x8000b212 (0xa01b1217) auipc   tp, 0xa01b1
core   0: 3 0x8000b212 (0xa01b1217) x 4 0x201bc212
core   0: 0x8000b216 (0x00009376) c.add   t1, t4
core   0: 3 0x8000b216 (0x9376) x 6 0x00e82000
core   0: 0x8000b218 (0x514c0937) lui     s2, 0x514c0
core   0: 3 0x8000b218 (0x514c0937) x18 0x514c0000
core   0: 0x8000b21c (0x00c08f33) add     t5, ra, a2
core   0: 3 0x8000b21c (0x00c08f33) x30 0xfffffffe
core   0: 0x8000b220 (0x0ff0000f) fence   iorw,iorw
core   0: 3 0x8000b220 (0x0ff0000f)
core   0: 0x8000b224 (0x009d4d33) xor     s10, s10, s1
core   0: 3 0x8000b224 (0x009d4d33) x26 0x00000d26
core   0: 0x8000b228 (0x000081e1) c.srli  a1, 24
core   0: 3 0x8000b228 (0x81e1) x11 0x000000ff
core   0: 0x8000b22a (0x00e82337) lui     t1, 0xe82
core   0: 3 0x8000b22a (0x00e82337) x 6 0x00e82000
core   0: 0x8000b22e (0x000007a9) c.addi  a5, 10
core   0: 3 0x8000b22e (0x07a9) x15 0x0000000b
core   0: 0x8000b230 (0x00000876) c.slli  a6, 29
core   0: 3 0x8000b230 (0x0876) x16 0x00000000
core   0: 0x8000b232 (0x0095d733) srl     a4, a1, s1
core   0: 3 0x8000b232 (0x0095d733) x14 0x00000000
core   0: 0x8000b236 (0x4099d593) srai    a1, s3, 9
core   0: 3 0x8000b236 (0x4099d593) x11 0xffe00000
core   0: 0x8000b23a (0x408c5593) srai    a1, s8, 8
core   0: 3 0x8000b23a (0x408c5593) x11 0xffffffff
core   0: 0x8000b23e (0x00008efd) c.and   a3, a5
core   0: 3 0x8000b23e (0x8efd) x13 0x00000000
core   0: 0x8000b240 (0xfcc7c9e3) blt     a5, a2, pc - 46
core   0: 3 0x8000b240 (0xfcc7c9e3)
core   0: 0x8000b244 (0x0000071a) c.slli  a4, 6
core   0: 3 0x8000b244 (0x071a) x14 0x00000000
core   0: 0x8000b246 (0x00800413) li      s0, 8
core   0: 3 0x8000b246 (0x00800413) x 8 0x00000008
core   0: 0x8000b24a (0x00a11eb3) sll     t4, sp, a0
core   0: 3 0x8000b24a (0x00a11eb3) x29 0x0d000000
core   0: 0x8000b24e (0x00b5a933) slt     s2, a1, a1
core   0: 3 0x8000b24e (0x00b5a933) x18 0x00000000
core   0: 0x8000b252 (0x00008d95) c.sub   a1, a3
core   0: 3 0x8000b252 (0x8d95) x11 0xffffffff
core   0: 0x8000b254 (0x0ff0000f) fence   iorw,iorw
core   0: 3 0x8000b254 (0x0ff0000f)
core   0: 0x8000b258 (0x013a10b7) lui     ra, 0x13a1
core   0: 3 0x8000b258 (0x013a10b7) x 1 0x013a1000
core   0: 0x8000b25c (0x01200313) li      t1, 18
core   0: 3 0x8000b25c (0x01200313) x 6 0x00000012
core   0: 0x8000b260 (0x000067d5) c.lui   a5, 0x15
core   0: 3 0x8000b260 (0x67d5) x15 0x00015000
core   0: 0x8000b262 (0x00008fc9) c.or    a5, a0
core   0: 3 0x8000b262 (0x8fc9) x15 0x20015352
core   0: 0x8000b264 (0x00000429) c.addi  s0, 10
core   0: 3 0x8000b264 (0x0429) x 8 0x00000012
core   0: 0x8000b266 (0x00a00b13) li      s6, 10
core   0: 3 0x8000b266 (0x00a00b13) x22 0x0000000a
core   0: 0x8000b26a (0x00000001) c.nop
core   0: 3 0x8000b26a (0x0001)
core   0: 0x8000b26c (0x00008d91) c.sub   a1, a2
core   0: 3 0x8000b26c (0x8d91) x11 0xfffffffd
core   0: 0x8000b26e (0xfef00c93) li      s9, -17
core   0: 3 0x8000b26e (0xfef00c93) x25 0xffffffef
core   0: 0x8000b272 (0x419f0033) sub     zero, t5, s9
core   0: 3 0x8000b272 (0x419f0033)
core   0: 0x8000b276 (0x00000001) c.nop
core   0: 3 0x8000b276 (0x0001)
core   0: 0x8000b278 (0x00001b75) c.addi  s6, -3
core   0: 3 0x8000b278 (0x1b75) x22 0x00000007
core   0: 0x8000b27a (0x00008ac9) c.andi  a3, 18
core   0: 3 0x8000b27a (0x8ac9) x13 0x00000000
core   0: 0x8000b27c (0xff9b5de3) bge     s6, s9, pc - 6
core   0: 3 0x8000b27c (0xff9b5de3)
core   0: 0x8000b276 (0x00000001) c.nop
core   0: 3 0x8000b276 (0x0001)
core   0: 0x8000b278 (0x00001b75) c.addi  s6, -3
core   0: 3 0x8000b278 (0x1b75) x22 0x00000004
core   0: 0x8000b27a (0x00008ac9) c.andi  a3, 18
core   0: 3 0x8000b27a (0x8ac9) x13 0x00000000
core   0: 0x8000b27c (0xff9b5de3) bge     s6, s9, pc - 6
core   0: 3 0x8000b27c (0xff9b5de3)
core   0: 0x8000b276 (0x00000001) c.nop
core   0: 3 0x8000b276 (0x0001)
core   0: 0x8000b278 (0x00001b75) c.addi  s6, -3
core   0: 3 0x8000b278 (0x1b75) x22 0x00000001
core   0: 0x8000b27a (0x00008ac9) c.andi  a3, 18
core   0: 3 0x8000b27a (0x8ac9) x13 0x00000000
core   0: 0x8000b27c (0xff9b5de3) bge     s6, s9, pc - 6
core   0: 3 0x8000b27c (0xff9b5de3)
core   0: 0x8000b276 (0x00000001) c.nop
core   0: 3 0x8000b276 (0x0001)
core   0: 0x8000b278 (0x00001b75) c.addi  s6, -3
core   0: 3 0x8000b278 (0x1b75) x22 0xfffffffe
core   0: 0x8000b27a (0x00008ac9) c.andi  a3, 18
core   0: 3 0x8000b27a (0x8ac9) x13 0x00000000
core   0: 0x8000b27c (0xff9b5de3) bge     s6, s9, pc - 6
core   0: 3 0x8000b27c (0xff9b5de3)
core   0: 0x8000b276 (0x00000001) c.nop
core   0: 3 0x8000b276 (0x0001)
core   0: 0x8000b278 (0x00001b75) c.addi  s6, -3
core   0: 3 0x8000b278 (0x1b75) x22 0xfffffffb
core   0: 0x8000b27a (0x00008ac9) c.andi  a3, 18
core   0: 3 0x8000b27a (0x8ac9) x13 0x00000000
core   0: 0x8000b27c (0xff9b5de3) bge     s6, s9, pc - 6
core   0: 3 0x8000b27c (0xff9b5de3)
core   0: 0x8000b276 (0x00000001) c.nop
core   0: 3 0x8000b276 (0x0001)
core   0: 0x8000b278 (0x00001b75) c.addi  s6, -3
core   0: 3 0x8000b278 (0x1b75) x22 0xfffffff8
core   0: 0x8000b27a (0x00008ac9) c.andi  a3, 18
core   0: 3 0x8000b27a (0x8ac9) x13 0x00000000
core   0: 0x8000b27c (0xff9b5de3) bge     s6, s9, pc - 6
core   0: 3 0x8000b27c (0xff9b5de3)
core   0: 0x8000b276 (0x00000001) c.nop
core   0: 3 0x8000b276 (0x0001)
core   0: 0x8000b278 (0x00001b75) c.addi  s6, -3
core   0: 3 0x8000b278 (0x1b75) x22 0xfffffff5
core   0: 0x8000b27a (0x00008ac9) c.andi  a3, 18
core   0: 3 0x8000b27a (0x8ac9) x13 0x00000000
core   0: 0x8000b27c (0xff9b5de3) bge     s6, s9, pc - 6
core   0: 3 0x8000b27c (0xff9b5de3)
core   0: 0x8000b276 (0x00000001) c.nop
core   0: 3 0x8000b276 (0x0001)
core   0: 0x8000b278 (0x00001b75) c.addi  s6, -3
core   0: 3 0x8000b278 (0x1b75) x22 0xfffffff2
core   0: 0x8000b27a (0x00008ac9) c.andi  a3, 18
core   0: 3 0x8000b27a (0x8ac9) x13 0x00000000
core   0: 0x8000b27c (0xff9b5de3) bge     s6, s9, pc - 6
core   0: 3 0x8000b27c (0xff9b5de3)
core   0: 0x8000b276 (0x00000001) c.nop
core   0: 3 0x8000b276 (0x0001)
core   0: 0x8000b278 (0x00001b75) c.addi  s6, -3
core   0: 3 0x8000b278 (0x1b75) x22 0xffffffef
core   0: 0x8000b27a (0x00008ac9) c.andi  a3, 18
core   0: 3 0x8000b27a (0x8ac9) x13 0x00000000
core   0: 0x8000b27c (0xff9b5de3) bge     s6, s9, pc - 6
core   0: 3 0x8000b27c (0xff9b5de3)
core   0: 0x8000b276 (0x00000001) c.nop
core   0: 3 0x8000b276 (0x0001)
core   0: 0x8000b278 (0x00001b75) c.addi  s6, -3
core   0: 3 0x8000b278 (0x1b75) x22 0xffffffec
core   0: 0x8000b27a (0x00008ac9) c.andi  a3, 18
core   0: 3 0x8000b27a (0x8ac9) x13 0x00000000
core   0: 0x8000b27c (0xff9b5de3) bge     s6, s9, pc - 6
core   0: 3 0x8000b27c (0xff9b5de3)
core   0: 0x8000b280 (0x01a16c33) or      s8, sp, s10
core   0: 3 0x8000b280 (0x01a16c33) x24 0x20000f66
core   0: 0x8000b284 (0xfc640fe3) beq     s0, t1, pc - 34
core   0: 3 0x8000b284 (0xfc640fe3)
core   0: 0x8000b262 (0x00008fc9) c.or    a5, a0
core   0: 3 0x8000b262 (0x8fc9) x15 0x20015352
core   0: 0x8000b264 (0x00000429) c.addi  s0, 10
core   0: 3 0x8000b264 (0x0429) x 8 0x0000001c
core   0: 0x8000b266 (0x00a00b13) li      s6, 10
core   0: 3 0x8000b266 (0x00a00b13) x22 0x0000000a
core   0: 0x8000b26a (0x00000001) c.nop
core   0: 3 0x8000b26a (0x0001)
core   0: 0x8000b26c (0x00008d91) c.sub   a1, a2
core   0: 3 0x8000b26c (0x8d91) x11 0xfffffffb
core   0: 0x8000b26e (0xfef00c93) li      s9, -17
core   0: 3 0x8000b26e (0xfef00c93) x25 0xffffffef
core   0: 0x8000b272 (0x419f0033) sub     zero, t5, s9
core   0: 3 0x8000b272 (0x419f0033)
core   0: 0x8000b276 (0x00000001) c.nop
core   0: 3 0x8000b276 (0x0001)
core   0: 0x8000b278 (0x00001b75) c.addi  s6, -3
core   0: 3 0x8000b278 (0x1b75) x22 0x00000007
core   0: 0x8000b27a (0x00008ac9) c.andi  a3, 18
core   0: 3 0x8000b27a (0x8ac9) x13 0x00000000
core   0: 0x8000b27c (0xff9b5de3) bge     s6, s9, pc - 6
core   0: 3 0x8000b27c (0xff9b5de3)
core   0: 0x8000b276 (0x00000001) c.nop
core   0: 3 0x8000b276 (0x0001)
core   0: 0x8000b278 (0x00001b75) c.addi  s6, -3
core   0: 3 0x8000b278 (0x1b75) x22 0x00000004
core   0: 0x8000b27a (0x00008ac9) c.andi  a3, 18
core   0: 3 0x8000b27a (0x8ac9) x13 0x00000000
core   0: 0x8000b27c (0xff9b5de3) bge     s6, s9, pc - 6
core   0: 3 0x8000b27c (0xff9b5de3)
core   0: 0x8000b276 (0x00000001) c.nop
core   0: 3 0x8000b276 (0x0001)
core   0: 0x8000b278 (0x00001b75) c.addi  s6, -3
core   0: 3 0x8000b278 (0x1b75) x22 0x00000001
core   0: 0x8000b27a (0x00008ac9) c.andi  a3, 18
core   0: 3 0x8000b27a (0x8ac9) x13 0x00000000
core   0: 0x8000b27c (0xff9b5de3) bge     s6, s9, pc - 6
core   0: 3 0x8000b27c (0xff9b5de3)
core   0: 0x8000b276 (0x00000001) c.nop
core   0: 3 0x8000b276 (0x0001)
core   0: 0x8000b278 (0x00001b75) c.addi  s6, -3
core   0: 3 0x8000b278 (0x1b75) x22 0xfffffffe
core   0: 0x8000b27a (0x00008ac9) c.andi  a3, 18
core   0: 3 0x8000b27a (0x8ac9) x13 0x00000000
core   0: 0x8000b27c (0xff9b5de3) bge     s6, s9, pc - 6
core   0: 3 0x8000b27c (0xff9b5de3)
core   0: 0x8000b276 (0x00000001) c.nop
core   0: 3 0x8000b276 (0x0001)
core   0: 0x8000b278 (0x00001b75) c.addi  s6, -3
core   0: 3 0x8000b278 (0x1b75) x22 0xfffffffb
core   0: 0x8000b27a (0x00008ac9) c.andi  a3, 18
core   0: 3 0x8000b27a (0x8ac9) x13 0x00000000
core   0: 0x8000b27c (0xff9b5de3) bge     s6, s9, pc - 6
core   0: 3 0x8000b27c (0xff9b5de3)
core   0: 0x8000b276 (0x00000001) c.nop
core   0: 3 0x8000b276 (0x0001)
core   0: 0x8000b278 (0x00001b75) c.addi  s6, -3
core   0: 3 0x8000b278 (0x1b75) x22 0xfffffff8
core   0: 0x8000b27a (0x00008ac9) c.andi  a3, 18
core   0: 3 0x8000b27a (0x8ac9) x13 0x00000000
core   0: 0x8000b27c (0xff9b5de3) bge     s6, s9, pc - 6
core   0: 3 0x8000b27c (0xff9b5de3)
core   0: 0x8000b276 (0x00000001) c.nop
core   0: 3 0x8000b276 (0x0001)
core   0: 0x8000b278 (0x00001b75) c.addi  s6, -3
core   0: 3 0x8000b278 (0x1b75) x22 0xfffffff5
core   0: 0x8000b27a (0x00008ac9) c.andi  a3, 18
core   0: 3 0x8000b27a (0x8ac9) x13 0x00000000
core   0: 0x8000b27c (0xff9b5de3) bge     s6, s9, pc - 6
core   0: 3 0x8000b27c (0xff9b5de3)
core   0: 0x8000b276 (0x00000001) c.nop
core   0: 3 0x8000b276 (0x0001)
core   0: 0x8000b278 (0x00001b75) c.addi  s6, -3
core   0: 3 0x8000b278 (0x1b75) x22 0xfffffff2
core   0: 0x8000b27a (0x00008ac9) c.andi  a3, 18
core   0: 3 0x8000b27a (0x8ac9) x13 0x00000000
core   0: 0x8000b27c (0xff9b5de3) bge     s6, s9, pc - 6
core   0: 3 0x8000b27c (0xff9b5de3)
core   0: 0x8000b276 (0x00000001) c.nop
core   0: 3 0x8000b276 (0x0001)
core   0: 0x8000b278 (0x00001b75) c.addi  s6, -3
core   0: 3 0x8000b278 (0x1b75) x22 0xffffffef
core   0: 0x8000b27a (0x00008ac9) c.andi  a3, 18
core   0: 3 0x8000b27a (0x8ac9) x13 0x00000000
core   0: 0x8000b27c (0xff9b5de3) bge     s6, s9, pc - 6
core   0: 3 0x8000b27c (0xff9b5de3)
core   0: 0x8000b276 (0x00000001) c.nop
core   0: 3 0x8000b276 (0x0001)
core   0: 0x8000b278 (0x00001b75) c.addi  s6, -3
core   0: 3 0x8000b278 (0x1b75) x22 0xffffffec
core   0: 0x8000b27a (0x00008ac9) c.andi  a3, 18
core   0: 3 0x8000b27a (0x8ac9) x13 0x00000000
core   0: 0x8000b27c (0xff9b5de3) bge     s6, s9, pc - 6
core   0: 3 0x8000b27c (0xff9b5de3)
core   0: 0x8000b280 (0x01a16c33) or      s8, sp, s10
core   0: 3 0x8000b280 (0x01a16c33) x24 0x20000f66
core   0: 0x8000b284 (0xfc640fe3) beq     s0, t1, pc - 34
core   0: 3 0x8000b284 (0xfc640fe3)
core   0: 0x8000b288 (0x00001888) c.addi4spn a0, sp, 112
core   0: 3 0x8000b288 (0x1888) x10 0x200003b0
core   0: 0x8000b28a (0x00300113) li      sp, 3
core   0: 3 0x8000b28a (0x00300113) x 2 0x00000003
core   0: 0x8000b28e (0x40575f13) srai    t5, a4, 5
core   0: 3 0x8000b28e (0x40575f13) x30 0x00000000
core   0: 0x8000b292 (0x01000813) li      a6, 16
core   0: 3 0x8000b292 (0x01000813) x16 0x00000010
core   0: 0x8000b296 (0x00008f89) c.sub   a5, a0
core   0: 3 0x8000b296 (0x8f89) x15 0x00014fa2
core   0: 0x8000b298 (0x00008fe9) c.and   a5, a0
core   0: 3 0x8000b298 (0x8fe9) x15 0x000003a0
core   0: 0x8000b29a (0x9ebca713) slti    a4, s9, -1557
core   0: 3 0x8000b29a (0x9ebca713) x14 0x00000000
core   0: 0x8000b29e (0x5b4b4393) xori    t2, s6, 1460
core   0: 3 0x8000b29e (0x5b4b4393) x 7 0xfffffa58
core   0: 0x8000b2a2 (0xb4e3b293) sltiu   t0, t2, -1202
core   0: 3 0x8000b2a2 (0xb4e3b293) x 5 0x00000001
core   0: 0x8000b2a6 (0x00000105) c.addi  sp, 1
core   0: 3 0x8000b2a6 (0x0105) x 2 0x00000004
core   0: 0x8000b2a8 (0x0053d013) srli    zero, t2, 5
core   0: 3 0x8000b2a8 (0x0053d013)
core   0: 0x8000b2ac (0xff0116e3) bne     sp, a6, pc - 20
core   0: 3 0x8000b2ac (0xff0116e3)
core   0: 0x8000b298 (0x00008fe9) c.and   a5, a0
core   0: 3 0x8000b298 (0x8fe9) x15 0x000003a0
core   0: 0x8000b29a (0x9ebca713) slti    a4, s9, -1557
core   0: 3 0x8000b29a (0x9ebca713) x14 0x00000000
core   0: 0x8000b29e (0x5b4b4393) xori    t2, s6, 1460
core   0: 3 0x8000b29e (0x5b4b4393) x 7 0xfffffa58
core   0: 0x8000b2a2 (0xb4e3b293) sltiu   t0, t2, -1202
core   0: 3 0x8000b2a2 (0xb4e3b293) x 5 0x00000001
core   0: 0x8000b2a6 (0x00000105) c.addi  sp, 1
core   0: 3 0x8000b2a6 (0x0105) x 2 0x00000005
core   0: 0x8000b2a8 (0x0053d013) srli    zero, t2, 5
core   0: 3 0x8000b2a8 (0x0053d013)
core   0: 0x8000b2ac (0xff0116e3) bne     sp, a6, pc - 20
core   0: 3 0x8000b2ac (0xff0116e3)
core   0: 0x8000b298 (0x00008fe9) c.and   a5, a0
core   0: 3 0x8000b298 (0x8fe9) x15 0x000003a0
core   0: 0x8000b29a (0x9ebca713) slti    a4, s9, -1557
core   0: 3 0x8000b29a (0x9ebca713) x14 0x00000000
core   0: 0x8000b29e (0x5b4b4393) xori    t2, s6, 1460
core   0: 3 0x8000b29e (0x5b4b4393) x 7 0xfffffa58
core   0: 0x8000b2a2 (0xb4e3b293) sltiu   t0, t2, -1202
core   0: 3 0x8000b2a2 (0xb4e3b293) x 5 0x00000001
core   0: 0x8000b2a6 (0x00000105) c.addi  sp, 1
core   0: 3 0x8000b2a6 (0x0105) x 2 0x00000006
core   0: 0x8000b2a8 (0x0053d013) srli    zero, t2, 5
core   0: 3 0x8000b2a8 (0x0053d013)
core   0: 0x8000b2ac (0xff0116e3) bne     sp, a6, pc - 20
core   0: 3 0x8000b2ac (0xff0116e3)
core   0: 0x8000b298 (0x00008fe9) c.and   a5, a0
core   0: 3 0x8000b298 (0x8fe9) x15 0x000003a0
core   0: 0x8000b29a (0x9ebca713) slti    a4, s9, -1557
core   0: 3 0x8000b29a (0x9ebca713) x14 0x00000000
core   0: 0x8000b29e (0x5b4b4393) xori    t2, s6, 1460
core   0: 3 0x8000b29e (0x5b4b4393) x 7 0xfffffa58
core   0: 0x8000b2a2 (0xb4e3b293) sltiu   t0, t2, -1202
core   0: 3 0x8000b2a2 (0xb4e3b293) x 5 0x00000001
core   0: 0x8000b2a6 (0x00000105) c.addi  sp, 1
core   0: 3 0x8000b2a6 (0x0105) x 2 0x00000007
core   0: 0x8000b2a8 (0x0053d013) srli    zero, t2, 5
core   0: 3 0x8000b2a8 (0x0053d013)
core   0: 0x8000b2ac (0xff0116e3) bne     sp, a6, pc - 20
core   0: 3 0x8000b2ac (0xff0116e3)
core   0: 0x8000b298 (0x00008fe9) c.and   a5, a0
core   0: 3 0x8000b298 (0x8fe9) x15 0x000003a0
core   0: 0x8000b29a (0x9ebca713) slti    a4, s9, -1557
core   0: 3 0x8000b29a (0x9ebca713) x14 0x00000000
core   0: 0x8000b29e (0x5b4b4393) xori    t2, s6, 1460
core   0: 3 0x8000b29e (0x5b4b4393) x 7 0xfffffa58
core   0: 0x8000b2a2 (0xb4e3b293) sltiu   t0, t2, -1202
core   0: 3 0x8000b2a2 (0xb4e3b293) x 5 0x00000001
core   0: 0x8000b2a6 (0x00000105) c.addi  sp, 1
core   0: 3 0x8000b2a6 (0x0105) x 2 0x00000008
core   0: 0x8000b2a8 (0x0053d013) srli    zero, t2, 5
core   0: 3 0x8000b2a8 (0x0053d013)
core   0: 0x8000b2ac (0xff0116e3) bne     sp, a6, pc - 20
core   0: 3 0x8000b2ac (0xff0116e3)
core   0: 0x8000b298 (0x00008fe9) c.and   a5, a0
core   0: 3 0x8000b298 (0x8fe9) x15 0x000003a0
core   0: 0x8000b29a (0x9ebca713) slti    a4, s9, -1557
core   0: 3 0x8000b29a (0x9ebca713) x14 0x00000000
core   0: 0x8000b29e (0x5b4b4393) xori    t2, s6, 1460
core   0: 3 0x8000b29e (0x5b4b4393) x 7 0xfffffa58
core   0: 0x8000b2a2 (0xb4e3b293) sltiu   t0, t2, -1202
core   0: 3 0x8000b2a2 (0xb4e3b293) x 5 0x00000001
core   0: 0x8000b2a6 (0x00000105) c.addi  sp, 1
core   0: 3 0x8000b2a6 (0x0105) x 2 0x00000009
core   0: 0x8000b2a8 (0x0053d013) srli    zero, t2, 5
core   0: 3 0x8000b2a8 (0x0053d013)
core   0: 0x8000b2ac (0xff0116e3) bne     sp, a6, pc - 20
core   0: 3 0x8000b2ac (0xff0116e3)
core   0: 0x8000b298 (0x00008fe9) c.and   a5, a0
core   0: 3 0x8000b298 (0x8fe9) x15 0x000003a0
core   0: 0x8000b29a (0x9ebca713) slti    a4, s9, -1557
core   0: 3 0x8000b29a (0x9ebca713) x14 0x00000000
core   0: 0x8000b29e (0x5b4b4393) xori    t2, s6, 1460
core   0: 3 0x8000b29e (0x5b4b4393) x 7 0xfffffa58
core   0: 0x8000b2a2 (0xb4e3b293) sltiu   t0, t2, -1202
core   0: 3 0x8000b2a2 (0xb4e3b293) x 5 0x00000001
core   0: 0x8000b2a6 (0x00000105) c.addi  sp, 1
core   0: 3 0x8000b2a6 (0x0105) x 2 0x0000000a
core   0: 0x8000b2a8 (0x0053d013) srli    zero, t2, 5
core   0: 3 0x8000b2a8 (0x0053d013)
core   0: 0x8000b2ac (0xff0116e3) bne     sp, a6, pc - 20
core   0: 3 0x8000b2ac (0xff0116e3)
core   0: 0x8000b298 (0x00008fe9) c.and   a5, a0
core   0: 3 0x8000b298 (0x8fe9) x15 0x000003a0
core   0: 0x8000b29a (0x9ebca713) slti    a4, s9, -1557
core   0: 3 0x8000b29a (0x9ebca713) x14 0x00000000
core   0: 0x8000b29e (0x5b4b4393) xori    t2, s6, 1460
core   0: 3 0x8000b29e (0x5b4b4393) x 7 0xfffffa58
core   0: 0x8000b2a2 (0xb4e3b293) sltiu   t0, t2, -1202
core   0: 3 0x8000b2a2 (0xb4e3b293) x 5 0x00000001
core   0: 0x8000b2a6 (0x00000105) c.addi  sp, 1
core   0: 3 0x8000b2a6 (0x0105) x 2 0x0000000b
core   0: 0x8000b2a8 (0x0053d013) srli    zero, t2, 5
core   0: 3 0x8000b2a8 (0x0053d013)
core   0: 0x8000b2ac (0xff0116e3) bne     sp, a6, pc - 20
core   0: 3 0x8000b2ac (0xff0116e3)
core   0: 0x8000b298 (0x00008fe9) c.and   a5, a0
core   0: 3 0x8000b298 (0x8fe9) x15 0x000003a0
core   0: 0x8000b29a (0x9ebca713) slti    a4, s9, -1557
core   0: 3 0x8000b29a (0x9ebca713) x14 0x00000000
core   0: 0x8000b29e (0x5b4b4393) xori    t2, s6, 1460
core   0: 3 0x8000b29e (0x5b4b4393) x 7 0xfffffa58
core   0: 0x8000b2a2 (0xb4e3b293) sltiu   t0, t2, -1202
core   0: 3 0x8000b2a2 (0xb4e3b293) x 5 0x00000001
core   0: 0x8000b2a6 (0x00000105) c.addi  sp, 1
core   0: 3 0x8000b2a6 (0x0105) x 2 0x0000000c
core   0: 0x8000b2a8 (0x0053d013) srli    zero, t2, 5
core   0: 3 0x8000b2a8 (0x0053d013)
core   0: 0x8000b2ac (0xff0116e3) bne     sp, a6, pc - 20
core   0: 3 0x8000b2ac (0xff0116e3)
core   0: 0x8000b298 (0x00008fe9) c.and   a5, a0
core   0: 3 0x8000b298 (0x8fe9) x15 0x000003a0
core   0: 0x8000b29a (0x9ebca713) slti    a4, s9, -1557
core   0: 3 0x8000b29a (0x9ebca713) x14 0x00000000
core   0: 0x8000b29e (0x5b4b4393) xori    t2, s6, 1460
core   0: 3 0x8000b29e (0x5b4b4393) x 7 0xfffffa58
core   0: 0x8000b2a2 (0xb4e3b293) sltiu   t0, t2, -1202
core   0: 3 0x8000b2a2 (0xb4e3b293) x 5 0x00000001
core   0: 0x8000b2a6 (0x00000105) c.addi  sp, 1
core   0: 3 0x8000b2a6 (0x0105) x 2 0x0000000d
core   0: 0x8000b2a8 (0x0053d013) srli    zero, t2, 5
core   0: 3 0x8000b2a8 (0x0053d013)
core   0: 0x8000b2ac (0xff0116e3) bne     sp, a6, pc - 20
core   0: 3 0x8000b2ac (0xff0116e3)
core   0: 0x8000b298 (0x00008fe9) c.and   a5, a0
core   0: 3 0x8000b298 (0x8fe9) x15 0x000003a0
core   0: 0x8000b29a (0x9ebca713) slti    a4, s9, -1557
core   0: 3 0x8000b29a (0x9ebca713) x14 0x00000000
core   0: 0x8000b29e (0x5b4b4393) xori    t2, s6, 1460
core   0: 3 0x8000b29e (0x5b4b4393) x 7 0xfffffa58
core   0: 0x8000b2a2 (0xb4e3b293) sltiu   t0, t2, -1202
core   0: 3 0x8000b2a2 (0xb4e3b293) x 5 0x00000001
core   0: 0x8000b2a6 (0x00000105) c.addi  sp, 1
core   0: 3 0x8000b2a6 (0x0105) x 2 0x0000000e
core   0: 0x8000b2a8 (0x0053d013) srli    zero, t2, 5
core   0: 3 0x8000b2a8 (0x0053d013)
core   0: 0x8000b2ac (0xff0116e3) bne     sp, a6, pc - 20
core   0: 3 0x8000b2ac (0xff0116e3)
core   0: 0x8000b298 (0x00008fe9) c.and   a5, a0
core   0: 3 0x8000b298 (0x8fe9) x15 0x000003a0
core   0: 0x8000b29a (0x9ebca713) slti    a4, s9, -1557
core   0: 3 0x8000b29a (0x9ebca713) x14 0x00000000
core   0: 0x8000b29e (0x5b4b4393) xori    t2, s6, 1460
core   0: 3 0x8000b29e (0x5b4b4393) x 7 0xfffffa58
core   0: 0x8000b2a2 (0xb4e3b293) sltiu   t0, t2, -1202
core   0: 3 0x8000b2a2 (0xb4e3b293) x 5 0x00000001
core   0: 0x8000b2a6 (0x00000105) c.addi  sp, 1
core   0: 3 0x8000b2a6 (0x0105) x 2 0x0000000f
core   0: 0x8000b2a8 (0x0053d013) srli    zero, t2, 5
core   0: 3 0x8000b2a8 (0x0053d013)
core   0: 0x8000b2ac (0xff0116e3) bne     sp, a6, pc - 20
core   0: 3 0x8000b2ac (0xff0116e3)
core   0: 0x8000b298 (0x00008fe9) c.and   a5, a0
core   0: 3 0x8000b298 (0x8fe9) x15 0x000003a0
core   0: 0x8000b29a (0x9ebca713) slti    a4, s9, -1557
core   0: 3 0x8000b29a (0x9ebca713) x14 0x00000000
core   0: 0x8000b29e (0x5b4b4393) xori    t2, s6, 1460
core   0: 3 0x8000b29e (0x5b4b4393) x 7 0xfffffa58
core   0: 0x8000b2a2 (0xb4e3b293) sltiu   t0, t2, -1202
core   0: 3 0x8000b2a2 (0xb4e3b293) x 5 0x00000001
core   0: 0x8000b2a6 (0x00000105) c.addi  sp, 1
core   0: 3 0x8000b2a6 (0x0105) x 2 0x00000010
core   0: 0x8000b2a8 (0x0053d013) srli    zero, t2, 5
core   0: 3 0x8000b2a8 (0x0053d013)
core   0: 0x8000b2ac (0xff0116e3) bne     sp, a6, pc - 20
core   0: 3 0x8000b2ac (0xff0116e3)
core   0: 0x8000b2b0 (0x00009bfd) c.andi  a5, -1
core   0: 3 0x8000b2b0 (0x9bfd) x15 0x000003a0
core   0: 0x8000b2b2 (0x00900313) li      t1, 9
core   0: 3 0x8000b2b2 (0x00900313) x 6 0x00000009
core   0: 0x8000b2b6 (0x01cc4633) xor     a2, s8, t3
core   0: 3 0x8000b2b6 (0x01cc4633) x12 0xa002229a
core   0: 0x8000b2ba (0x00000001) c.nop
core   0: 3 0x8000b2ba (0x0001)
core   0: 0x8000b2bc (0x00000001) c.nop
core   0: 3 0x8000b2bc (0x0001)
core   0: 0x8000b2be (0x4846a813) slti    a6, a3, 1156
core   0: 3 0x8000b2be (0x4846a813) x16 0x00000001
core   0: 0x8000b2c2 (0x00600713) li      a4, 6
core   0: 3 0x8000b2c2 (0x00600713) x14 0x00000006
core   0: 0x8000b2c6 (0x000092a6) c.add   t0, s1
core   0: 3 0x8000b2c6 (0x92a6) x 5 0xffffffcc
core   0: 0x8000b2c8 (0x000617b3) sll     a5, a2, zero
core   0: 3 0x8000b2c8 (0x000617b3) x15 0xa002229a
core   0: 0x8000b2cc (0x00001371) c.addi  t1, -4
core   0: 3 0x8000b2cc (0x1371) x 6 0x00000005
core   0: 0x8000b2ce (0xfee37ce3) bgeu    t1, a4, pc - 8
core   0: 3 0x8000b2ce (0xfee37ce3)
core   0: 0x8000b2d2 (0xaa57ea93) ori     s5, a5, -1371
core   0: 3 0x8000b2d2 (0xaa57ea93) x21 0xfffffabf
core   0: 0x8000b2d6 (0x00000593) li      a1, 0
core   0: 3 0x8000b2d6 (0x00000593) x11 0x00000000
core   0: 0x8000b2da (0x00500f13) li      t5, 5
core   0: 3 0x8000b2da (0x00500f13) x30 0x00000005
core   0: 0x8000b2de (0x025ec933) div     s2, t4, t0
core   0: 3 0x8000b2de (0x025ec933) x18 0xffc00000
core   0: 0x8000b2e2 (0x0000059d) c.addi  a1, 7
core   0: 3 0x8000b2e2 (0x059d) x11 0x00000007
core   0: 0x8000b2e4 (0x00300293) li      t0, 3
core   0: 3 0x8000b2e4 (0x00300293) x 5 0x00000003
core   0: 0x8000b2e8 (0x00008c31) c.xor   s0, a2
core   0: 3 0x8000b2e8 (0x8c31) x 8 0xa0022286
core   0: 0x8000b2ea (0x00300c93) li      s9, 3
core   0: 3 0x8000b2ea (0x00300c93) x25 0x00000003
core   0: 0x8000b2ee (0x0051ed33) or      s10, gp, t0
core   0: 3 0x8000b2ee (0x0051ed33) x26 0x00000003
core   0: 0x8000b2f2 (0x000012f9) c.addi  t0, -2
core   0: 3 0x8000b2f2 (0x12f9) x 5 0x00000001
core   0: 0x8000b2f4 (0xff92fde3) bgeu    t0, s9, pc - 6
core   0: 3 0x8000b2f4 (0xff92fde3)
core   0: 0x8000b2f8 (0xffe5c3e3) blt     a1, t5, pc - 26
core   0: 3 0x8000b2f8 (0xffe5c3e3)
core   0: 0x8000b2fc (0x00001d7d) c.addi  s10, -1
core   0: 3 0x8000b2fc (0x1d7d) x26 0x00000002
core   0: 0x8000b2fe (0xff700513) li      a0, -9
core   0: 3 0x8000b2fe (0xff700513) x10 0xfffffff7
core   0: 0x8000b302 (0x037d08b3) mul     a7, s10, s7
core   0: 3 0x8000b302 (0x037d08b3) x17 0x0004d9c8
core   0: 0x8000b306 (0x00000001) c.nop
core   0: 3 0x8000b306 (0x0001)
core   0: 0x8000b308 (0x0000137d) c.addi  t1, -1
core   0: 3 0x8000b308 (0x137d) x 6 0x00000004
core   0: 0x8000b30a (0xc246c713) xori    a4, a3, -988
core   0: 3 0x8000b30a (0xc246c713) x14 0xfffffc24
core   0: 0x8000b30e (0x00008f61) c.and   a4, s0
core   0: 3 0x8000b30e (0x8f61) x14 0xa0022004
core   0: 0x8000b310 (0x51a57c93) andi    s9, a0, 1306
core   0: 3 0x8000b310 (0x51a57c93) x25 0x00000512
core   0: 0x8000b314 (0x0000611d) c.addi16sp sp, 416
core   0: 3 0x8000b314 (0x611d) x 2 0x000001b0
core   0: 0x8000b316 (0x00000505) c.addi  a0, 1
core   0: 3 0x8000b316 (0x0505) x10 0xfffffff8
core   0: 0x8000b318 (0x00008ca9) c.xor   s1, a0
core   0: 3 0x8000b318 (0x8ca9) x 9 0x00000033
core   0: 0x8000b31a (0x00000001) c.nop
core   0: 3 0x8000b31a (0x0001)
core   0: 0x8000b31c (0x0000f575) c.bnez  a0, pc - 20
core   0: 3 0x8000b31c (0xf575)
core   0: 0x8000b308 (0x0000137d) c.addi  t1, -1
core   0: 3 0x8000b308 (0x137d) x 6 0x00000003
core   0: 0x8000b30a (0xc246c713) xori    a4, a3, -988
core   0: 3 0x8000b30a (0xc246c713) x14 0xfffffc24
core   0: 0x8000b30e (0x00008f61) c.and   a4, s0
core   0: 3 0x8000b30e (0x8f61) x14 0xa0022004
core   0: 0x8000b310 (0x51a57c93) andi    s9, a0, 1306
core   0: 3 0x8000b310 (0x51a57c93) x25 0x00000518
core   0: 0x8000b314 (0x0000611d) c.addi16sp sp, 416
core   0: 3 0x8000b314 (0x611d) x 2 0x00000350
core   0: 0x8000b316 (0x00000505) c.addi  a0, 1
core   0: 3 0x8000b316 (0x0505) x10 0xfffffff9
core   0: 0x8000b318 (0x00008ca9) c.xor   s1, a0
core   0: 3 0x8000b318 (0x8ca9) x 9 0xffffffca
core   0: 0x8000b31a (0x00000001) c.nop
core   0: 3 0x8000b31a (0x0001)
core   0: 0x8000b31c (0x0000f575) c.bnez  a0, pc - 20
core   0: 3 0x8000b31c (0xf575)
core   0: 0x8000b308 (0x0000137d) c.addi  t1, -1
core   0: 3 0x8000b308 (0x137d) x 6 0x00000002
core   0: 0x8000b30a (0xc246c713) xori    a4, a3, -988
core   0: 3 0x8000b30a (0xc246c713) x14 0xfffffc24
core   0: 0x8000b30e (0x00008f61) c.and   a4, s0
core   0: 3 0x8000b30e (0x8f61) x14 0xa0022004
core   0: 0x8000b310 (0x51a57c93) andi    s9, a0, 1306
core   0: 3 0x8000b310 (0x51a57c93) x25 0x00000518
core   0: 0x8000b314 (0x0000611d) c.addi16sp sp, 416
core   0: 3 0x8000b314 (0x611d) x 2 0x000004f0
core   0: 0x8000b316 (0x00000505) c.addi  a0, 1
core   0: 3 0x8000b316 (0x0505) x10 0xfffffffa
core   0: 0x8000b318 (0x00008ca9) c.xor   s1, a0
core   0: 3 0x8000b318 (0x8ca9) x 9 0x00000030
core   0: 0x8000b31a (0x00000001) c.nop
core   0: 3 0x8000b31a (0x0001)
core   0: 0x8000b31c (0x0000f575) c.bnez  a0, pc - 20
core   0: 3 0x8000b31c (0xf575)
core   0: 0x8000b308 (0x0000137d) c.addi  t1, -1
core   0: 3 0x8000b308 (0x137d) x 6 0x00000001
core   0: 0x8000b30a (0xc246c713) xori    a4, a3, -988
core   0: 3 0x8000b30a (0xc246c713) x14 0xfffffc24
core   0: 0x8000b30e (0x00008f61) c.and   a4, s0
core   0: 3 0x8000b30e (0x8f61) x14 0xa0022004
core   0: 0x8000b310 (0x51a57c93) andi    s9, a0, 1306
core   0: 3 0x8000b310 (0x51a57c93) x25 0x0000051a
core   0: 0x8000b314 (0x0000611d) c.addi16sp sp, 416
core   0: 3 0x8000b314 (0x611d) x 2 0x00000690
core   0: 0x8000b316 (0x00000505) c.addi  a0, 1
core   0: 3 0x8000b316 (0x0505) x10 0xfffffffb
core   0: 0x8000b318 (0x00008ca9) c.xor   s1, a0
core   0: 3 0x8000b318 (0x8ca9) x 9 0xffffffcb
core   0: 0x8000b31a (0x00000001) c.nop
core   0: 3 0x8000b31a (0x0001)
core   0: 0x8000b31c (0x0000f575) c.bnez  a0, pc - 20
core   0: 3 0x8000b31c (0xf575)
core   0: 0x8000b308 (0x0000137d) c.addi  t1, -1
core   0: 3 0x8000b308 (0x137d) x 6 0x00000000
core   0: 0x8000b30a (0xc246c713) xori    a4, a3, -988
core   0: 3 0x8000b30a (0xc246c713) x14 0xfffffc24
core   0: 0x8000b30e (0x00008f61) c.and   a4, s0
core   0: 3 0x8000b30e (0x8f61) x14 0xa0022004
core   0: 0x8000b310 (0x51a57c93) andi    s9, a0, 1306
core   0: 3 0x8000b310 (0x51a57c93) x25 0x0000051a
core   0: 0x8000b314 (0x0000611d) c.addi16sp sp, 416
core   0: 3 0x8000b314 (0x611d) x 2 0x00000830
core   0: 0x8000b316 (0x00000505) c.addi  a0, 1
core   0: 3 0x8000b316 (0x0505) x10 0xfffffffc
core   0: 0x8000b318 (0x00008ca9) c.xor   s1, a0
core   0: 3 0x8000b318 (0x8ca9) x 9 0x00000037
core   0: 0x8000b31a (0x00000001) c.nop
core   0: 3 0x8000b31a (0x0001)
core   0: 0x8000b31c (0x0000f575) c.bnez  a0, pc - 20
core   0: 3 0x8000b31c (0xf575)
core   0: 0x8000b308 (0x0000137d) c.addi  t1, -1
core   0: 3 0x8000b308 (0x137d) x 6 0xffffffff
core   0: 0x8000b30a (0xc246c713) xori    a4, a3, -988
core   0: 3 0x8000b30a (0xc246c713) x14 0xfffffc24
core   0: 0x8000b30e (0x00008f61) c.and   a4, s0
core   0: 3 0x8000b30e (0x8f61) x14 0xa0022004
core   0: 0x8000b310 (0x51a57c93) andi    s9, a0, 1306
core   0: 3 0x8000b310 (0x51a57c93) x25 0x00000518
core   0: 0x8000b314 (0x0000611d) c.addi16sp sp, 416
core   0: 3 0x8000b314 (0x611d) x 2 0x000009d0
core   0: 0x8000b316 (0x00000505) c.addi  a0, 1
core   0: 3 0x8000b316 (0x0505) x10 0xfffffffd
core   0: 0x8000b318 (0x00008ca9) c.xor   s1, a0
core   0: 3 0x8000b318 (0x8ca9) x 9 0xffffffca
core   0: 0x8000b31a (0x00000001) c.nop
core   0: 3 0x8000b31a (0x0001)
core   0: 0x8000b31c (0x0000f575) c.bnez  a0, pc - 20
core   0: 3 0x8000b31c (0xf575)
core   0: 0x8000b308 (0x0000137d) c.addi  t1, -1
core   0: 3 0x8000b308 (0x137d) x 6 0xfffffffe
core   0: 0x8000b30a (0xc246c713) xori    a4, a3, -988
core   0: 3 0x8000b30a (0xc246c713) x14 0xfffffc24
core   0: 0x8000b30e (0x00008f61) c.and   a4, s0
core   0: 3 0x8000b30e (0x8f61) x14 0xa0022004
core   0: 0x8000b310 (0x51a57c93) andi    s9, a0, 1306
core   0: 3 0x8000b310 (0x51a57c93) x25 0x00000518
core   0: 0x8000b314 (0x0000611d) c.addi16sp sp, 416
core   0: 3 0x8000b314 (0x611d) x 2 0x00000b70
core   0: 0x8000b316 (0x00000505) c.addi  a0, 1
core   0: 3 0x8000b316 (0x0505) x10 0xfffffffe
core   0: 0x8000b318 (0x00008ca9) c.xor   s1, a0
core   0: 3 0x8000b318 (0x8ca9) x 9 0x00000034
core   0: 0x8000b31a (0x00000001) c.nop
core   0: 3 0x8000b31a (0x0001)
core   0: 0x8000b31c (0x0000f575) c.bnez  a0, pc - 20
core   0: 3 0x8000b31c (0xf575)
core   0: 0x8000b308 (0x0000137d) c.addi  t1, -1
core   0: 3 0x8000b308 (0x137d) x 6 0xfffffffd
core   0: 0x8000b30a (0xc246c713) xori    a4, a3, -988
core   0: 3 0x8000b30a (0xc246c713) x14 0xfffffc24
core   0: 0x8000b30e (0x00008f61) c.and   a4, s0
core   0: 3 0x8000b30e (0x8f61) x14 0xa0022004
core   0: 0x8000b310 (0x51a57c93) andi    s9, a0, 1306
core   0: 3 0x8000b310 (0x51a57c93) x25 0x0000051a
core   0: 0x8000b314 (0x0000611d) c.addi16sp sp, 416
core   0: 3 0x8000b314 (0x611d) x 2 0x00000d10
core   0: 0x8000b316 (0x00000505) c.addi  a0, 1
core   0: 3 0x8000b316 (0x0505) x10 0xffffffff
core   0: 0x8000b318 (0x00008ca9) c.xor   s1, a0
core   0: 3 0x8000b318 (0x8ca9) x 9 0xffffffcb
core   0: 0x8000b31a (0x00000001) c.nop
core   0: 3 0x8000b31a (0x0001)
core   0: 0x8000b31c (0x0000f575) c.bnez  a0, pc - 20
core   0: 3 0x8000b31c (0xf575)
core   0: 0x8000b308 (0x0000137d) c.addi  t1, -1
core   0: 3 0x8000b308 (0x137d) x 6 0xfffffffc
core   0: 0x8000b30a (0xc246c713) xori    a4, a3, -988
core   0: 3 0x8000b30a (0xc246c713) x14 0xfffffc24
core   0: 0x8000b30e (0x00008f61) c.and   a4, s0
core   0: 3 0x8000b30e (0x8f61) x14 0xa0022004
core   0: 0x8000b310 (0x51a57c93) andi    s9, a0, 1306
core   0: 3 0x8000b310 (0x51a57c93) x25 0x0000051a
core   0: 0x8000b314 (0x0000611d) c.addi16sp sp, 416
core   0: 3 0x8000b314 (0x611d) x 2 0x00000eb0
core   0: 0x8000b316 (0x00000505) c.addi  a0, 1
core   0: 3 0x8000b316 (0x0505) x10 0x00000000
core   0: 0x8000b318 (0x00008ca9) c.xor   s1, a0
core   0: 3 0x8000b318 (0x8ca9) x 9 0xffffffcb
core   0: 0x8000b31a (0x00000001) c.nop
core   0: 3 0x8000b31a (0x0001)
core   0: 0x8000b31c (0x0000f575) c.bnez  a0, pc - 20
core   0: 3 0x8000b31c (0xf575)
core   0: 0x8000b31e (0x8a09f113) andi    sp, s3, -1888
core   0: 3 0x8000b31e (0x8a09f113) x 2 0xc0000000
core   0: 0x8000b322 (0x00000001) c.nop
core   0: 3 0x8000b322 (0x0001)
core   0: 0x8000b324 (0x00009712) c.add   a4, tp
core   0: 3 0x8000b324 (0x9712) x14 0xc01de216
core   0: 0x8000b326 (0x01909b13) slli    s6, ra, 25
core   0: 3 0x8000b326 (0x01909b13) x22 0x00000000
core   0: 0x8000b32a (0x03ec0f33) mul     t5, s8, t5
core   0: 3 0x8000b32a (0x03ec0f33) x30 0xa0004cfe
core   0: 0x8000b32e (0x01188933) add     s2, a7, a7
core   0: 3 0x8000b32e (0x01188933) x18 0x0009b390
core   0: 0x8000b332 (0x00008455) c.srai  s0, 21
core   0: 3 0x8000b332 (0x8455) x 8 0xfffffd00
core   0: 0x8000b334 (0x00009b7d) c.andi  a4, -1
core   0: 3 0x8000b334 (0x9b7d) x14 0xc01de216
core   0: 0x8000b336 (0x0000100f) fence.i
core   0: 3 0x8000b336 (0x0000100f)
core   0: 0x8000b33a (0x00128433) add     s0, t0, ra
core   0: 3 0x8000b33a (0x00128433) x 8 0x013a1001
core   0: 0x8000b33e (0x00008c09) c.sub   s0, a0
core   0: 3 0x8000b33e (0x8c09) x 8 0x013a1001
core   0: 0x8000b340 (0x408a89b3) sub     s3, s5, s0
core   0: 3 0x8000b340 (0x408a89b3) x19 0xfec5eabe
core   0: 0x8000b344 (0x00008d15) c.sub   a0, a3
core   0: 3 0x8000b344 (0x8d15) x10 0x00000000
core   0: 0x8000b346 (0x72c2a913) slti    s2, t0, 1836
core   0: 3 0x8000b346 (0x72c2a913) x18 0x00000001
core   0: 0x8000b34a (0x0000717d) c.addi16sp sp, -16
core   0: 3 0x8000b34a (0x717d) x 2 0xbffffff0
core   0: 0x8000b34c (0x0000944e) c.add   s0, s3
core   0: 3 0x8000b34c (0x944e) x 8 0xfffffabf
core   0: 0x8000b34e (0x0159c863) blt     s3, s5, pc + 16
core   0: 3 0x8000b34e (0x0159c863)
core   0: 0x8000b35e (0x01e2a533) slt     a0, t0, t5
core   0: 3 0x8000b35e (0x01e2a533) x10 0x00000000
core   0: 0x8000b362 (0x0379a833) mulhsu  a6, s3, s7
core   0: 3 0x8000b362 (0x0379a833) x16 0xff62f265
core   0: 0x8000b366 (0x979d8713) addi    a4, s11, -1671
core   0: 3 0x8000b366 (0x979d8713) x14 0x00000121
core   0: 0x8000b36a (0x00008ea1) c.xor   a3, s0
core   0: 3 0x8000b36a (0x8ea1) x13 0xfffffabf
core   0: 0x8000b36c (0x020bc633) div     a2, s7, zero
core   0: 3 0x8000b36c (0x020bc633) x12 0xffffffff
core   0: 0x8000b370 (0x00ddf233) and     tp, s11, a3
core   0: 3 0x8000b370 (0x00ddf233) x 4 0x000002a8
core   0: 0x8000b374 (0x40e65d13) srai    s10, a2, 14
core   0: 3 0x8000b374 (0x40e65d13) x26 0xffffffff
core   0: 0x8000b378 (0x01b9d993) srli    s3, s3, 27
core   0: 3 0x8000b378 (0x01b9d993) x19 0x0000001f
core   0: 0x8000b37c (0x0000e419) c.bnez  s0, pc + 14
core   0: 3 0x8000b37c (0xe419)
core   0: 0x8000b38a (0x01595293) srli    t0, s2, 21
core   0: 3 0x8000b38a (0x01595293) x 5 0x00000000
core   0: 0x8000b38e (0x00008ca5) c.xor   s1, s1
core   0: 3 0x8000b38e (0x8ca5) x 9 0x00000000
core   0: 0x8000b390 (0x00008942) c.mv    s2, a6
core   0: 3 0x8000b390 (0x8942) x18 0xff62f265
core   0: 0x8000b392 (0x01ea8863) beq     s5, t5, pc + 16
core   0: 3 0x8000b392 (0x01ea8863)
core   0: 0x8000b396 (0x357ec437) lui     s0, 0x357ec
core   0: 3 0x8000b396 (0x357ec437) x 8 0x357ec000
core   0: 0x8000b39a (0x035330b3) mulhu   ra, t1, s5
core   0: 3 0x8000b39a (0x035330b3) x 1 0xfffffabb
core   0: 0x8000b39e (0x0383f233) remu    tp, t2, s8
core   0: 3 0x8000b39e (0x0383f233) x 4 0x1fff8e8e
core   0: 0x8000b3a2 (0x3371e497) auipc   s1, 0x3371e
core   0: 3 0x8000b3a2 (0x3371e497) x 9 0xb37293a2
core   0: 0x8000b3a6 (0x0ff0000f) fence   iorw,iorw
core   0: 3 0x8000b3a6 (0x0ff0000f)
core   0: 0x8000b3aa (0x00008f51) c.or    a4, a2
core   0: 3 0x8000b3aa (0x8f51) x14 0xffffffff
core   0: 0x8000b3ac (0x00718833) add     a6, gp, t2
core   0: 3 0x8000b3ac (0x00718833) x16 0xfffffa59
core   0: 0x8000b3b0 (0x014c0d33) add     s10, s8, s4
core   0: 3 0x8000b3b0 (0x014c0d33) x26 0xa0000f66
core   0: 0x8000b3b4 (0x00008be5) c.andi  a5, 25
core   0: 3 0x8000b3b4 (0x8be5) x15 0x00000018
core   0: 0x8000b3b6 (0x00000001) c.nop
core   0: 3 0x8000b3b6 (0x0001)
core   0: 0x8000b3b8 (0x00008e49) c.or    a2, a0
core   0: 3 0x8000b3b8 (0x8e49) x12 0xffffffff
core   0: 0x8000b3ba (0x000009c2) c.slli  s3, 16
core   0: 3 0x8000b3ba (0x09c2) x19 0x001f0000
core   0: 0x8000b3bc (0x700aa493) slti    s1, s5, 1792
core   0: 3 0x8000b3bc (0x700aa493) x 9 0x00000001
core   0: 0x8000b3c0 (0x00009a7d) c.andi  a2, -1
core   0: 3 0x8000b3c0 (0x9a7d) x12 0xffffffff
core   0: 0x8000b3c2 (0x03405833) divu    a6, zero, s4
core   0: 3 0x8000b3c2 (0x03405833) x16 0x00000000
core   0: 0x8000b3c6 (0x003b46b3) xor     a3, s6, gp
core   0: 3 0x8000b3c6 (0x003b46b3) x13 0x00000001
core   0: 0x8000b3ca (0x00303cb3) snez    s9, gp
core   0: 3 0x8000b3ca (0x00303cb3) x25 0x00000001
core   0: 0x8000b3ce (0x0ff0000f) fence   iorw,iorw
core   0: 3 0x8000b3ce (0x0ff0000f)
core   0: 0x8000b3d2 (0x00008f2d) c.xor   a4, a1
core   0: 3 0x8000b3d2 (0x8f2d) x14 0xfffffff8
core   0: 0x8000b3d4 (0x00008c05) c.sub   s0, s1
core   0: 3 0x8000b3d4 (0x8c05) x 8 0x357ebfff
core   0: 0x8000b3d6 (0x0000685d) c.lui   a6, 0x17
core   0: 3 0x8000b3d6 (0x685d) x16 0x00017000
core   0: 0x8000b3d8 (0x00c92533) slt     a0, s2, a2
core   0: 3 0x8000b3d8 (0x00c92533) x10 0x00000001
core   0: 0x8000b3dc (0x0000874e) c.mv    a4, s3
core   0: 3 0x8000b3dc (0x874e) x14 0x001f0000
core   0: 0x8000b3de (0x00008a41) c.andi  a2, 16
core   0: 3 0x8000b3de (0x8a41) x12 0x00000010
core   0: 0x8000b3e0 (0x000f5b63) bgez    t5, pc + 22
core   0: 3 0x8000b3e0 (0x000f5b63)
core   0: 0x8000b3e4 (0x00000001) c.nop
core   0: 3 0x8000b3e4 (0x0001)
core   0: 0x8000b3e6 (0x00ce9613) slli    a2, t4, 12
core   0: 3 0x8000b3e6 (0x00ce9613) x12 0x00000000
core   0: 0x8000b3ea (0x3fd1f813) andi    a6, gp, 1021
core   0: 3 0x8000b3ea (0x3fd1f813) x16 0x00000001
core   0: 0x8000b3ee (0x02ad8033) mul     zero, s11, a0
core   0: 3 0x8000b3ee (0x02ad8033)
core   0: 0x8000b3f2 (0x03612233) mulhsu  tp, sp, s6
core   0: 3 0x8000b3f2 (0x03612233) x 4 0x00000000
core   0: 0x8000b3f6 (0x0173e563) bltu    t2, s7, pc + 10
core   0: 3 0x8000b3f6 (0x0173e563)
core   0: 0x8000b3fa (0x00040f33) add     t5, s0, zero
core   0: 3 0x8000b3fa (0x00040f33) x30 0x357ebfff
core   0: 0x8000b3fe (0x00008ced) c.and   s1, a1
core   0: 3 0x8000b3fe (0x8ced) x 9 0x00000001
core   0: 0x8000b400 (0x03a7a133) mulhsu  sp, a5, s10
core   0: 3 0x8000b400 (0x03a7a133) x 2 0x0000000f
core   0: 0x8000b404 (0x00006135) c.addi16sp sp, 352
core   0: 3 0x8000b404 (0x6135) x 2 0x0000016f
core   0: 0x8000b406 (0x028fa9b3) mulhsu  s3, t6, s0
core   0: 3 0x8000b406 (0x028fa9b3) x19 0x00001d69
core   0: 0x8000b40a (0x01585363) bge     a6, s5, pc + 6
core   0: 3 0x8000b40a (0x01585363)
core   0: 0x8000b410 (0x852e0813) addi    a6, t3, -1966
core   0: 3 0x8000b410 (0x852e0813) x16 0x8002264e
core   0: 0x8000b414 (0xdb807d93) andi    s11, zero, -584
core   0: 3 0x8000b414 (0xdb807d93) x27 0x00000000
core   0: 0x8000b418 (0x0000717d) c.addi16sp sp, -16
core   0: 3 0x8000b418 (0x717d) x 2 0x0000015f
core   0: 0x8000b41a (0x0000039c) c.addi4spn a5, sp, 448
core   0: 3 0x8000b41a (0x039c) x15 0x0000031f
core   0: 0x8000b41c (0x02c33f33) mulhu   t5, t1, a2
core   0: 3 0x8000b41c (0x02c33f33) x30 0x00000000
core   0: 0x8000b420 (0x00008535) c.srai  a0, 13
core   0: 3 0x8000b420 (0x8535) x10 0x00000000
core   0: 0x8000b422 (0xdb937593) andi    a1, t1, -583
core   0: 3 0x8000b422 (0xdb937593) x11 0xfffffdb8
core   0: 0x8000b426 (0x03f22fb3) mulhsu  t6, tp, t6
core   0: 3 0x8000b426 (0x03f22fb3) x31 0x00000000
core   0: 0x8000b42a (0x00001a90) c.addi4spn a2, sp, 368
core   0: 3 0x8000b42a (0x1a90) x12 0x000002cf
core   0: 0x8000b42c (0x03035f33) divu    t5, t1, a6
core   0: 3 0x8000b42c (0x03035f33) x30 0x00000001
core   0: 0x8000b430 (0x0ff0000f) fence   iorw,iorw
core   0: 3 0x8000b430 (0x0ff0000f)
core   0: 0x8000b434 (0x00009bfd) c.andi  a5, -1
core   0: 3 0x8000b434 (0x9bfd) x15 0x0000031f
core   0: 0x8000b436 (0x0112b5b3) sltu    a1, t0, a7
core   0: 3 0x8000b436 (0x0112b5b3) x11 0x00000001
core   0: 0x8000b43a (0x000098fd) c.andi  s1, -1
core   0: 3 0x8000b43a (0x98fd) x 9 0x00000001
core   0: 0x8000b43c (0x00008d6d) c.and   a0, a1
core   0: 3 0x8000b43c (0x8d6d) x10 0x00000000
core   0: 0x8000b43e (0x00008d31) c.xor   a0, a2
core   0: 3 0x8000b43e (0x8d31) x10 0x000002cf
core   0: 0x8000b440 (0x0190a233) slt     tp, ra, s9
core   0: 3 0x8000b440 (0x0190a233) x 4 0x00000001
core   0: 0x8000b444 (0xbd8eb693) sltiu   a3, t4, -1064
core   0: 3 0x8000b444 (0xbd8eb693) x13 0x00000001
core   0: 0x8000b448 (0x000082f9) c.srli  a3, 30
core   0: 3 0x8000b448 (0x82f9) x13 0x00000000
core   0: 0x8000b44a (0x0ff0000f) fence   iorw,iorw
core   0: 3 0x8000b44a (0x0ff0000f)
core   0: 0x8000b44e (0xb4026797) auipc   a5, 0xb4026
core   0: 3 0x8000b44e (0xb4026797) x15 0x3403144e
core   0: 0x8000b452 (0x4d410237) lui     tp, 0x4d410
core   0: 3 0x8000b452 (0x4d410237) x 4 0x4d410000
core   0: 0x8000b456 (0x00000001) c.nop
core   0: 3 0x8000b456 (0x0001)
core   0: 0x8000b458 (0x00607763) bgeu    zero, t1, pc + 14
core   0: 3 0x8000b458 (0x00607763)
core   0: 0x8000b45c (0x00009afd) c.andi  a3, -1
core   0: 3 0x8000b45c (0x9afd) x13 0x00000000
core   0: 0x8000b45e (0x0059da63) bge     s3, t0, pc + 20
core   0: 3 0x8000b45e (0x0059da63)
core   0: 0x8000b472 (0x00dbee63) bltu    s7, a3, pc + 28
core   0: 3 0x8000b472 (0x00dbee63)
core   0: 0x8000b476 (0x010fe9b3) or      s3, t6, a6
core   0: 3 0x8000b476 (0x010fe9b3) x19 0x8002264e
core   0: 0x8000b47a (0x01301f13) slli    t5, zero, 19
core   0: 3 0x8000b47a (0x01301f13) x30 0x00000000
core   0: 0x8000b47e (0xd8547193) andi    gp, s0, -635
core   0: 3 0x8000b47e (0xd8547193) x 3 0x357ebd85
core   0: 0x8000b482 (0x03097163) bgeu    s2, a6, pc + 34
core   0: 3 0x8000b482 (0x03097163)
core   0: 0x8000b4a4 (0x01009eb3) sll     t4, ra, a6
core   0: 3 0x8000b4a4 (0x01009eb3) x29 0xfeaec000
core   0: 0x8000b4a8 (0x000081d9) c.srli  a1, 22
core   0: 3 0x8000b4a8 (0x81d9) x11 0x00000000
core   0: 0x8000b4aa (0x8f075a97) auipc   s5, 0x8f075
core   0: 3 0x8000b4aa (0x8f075a97) x21 0x0f0804aa
core   0: 0x8000b4ae (0x0000c495) c.beqz  s1, pc + 44
core   0: 3 0x8000b4ae (0xc495)
core   0: 0x8000b4b0 (0x00000691) c.addi  a3, 4
core   0: 3 0x8000b4b0 (0x0691) x13 0x00000004
core   0: 0x8000b4b2 (0x03e0a433) mulhsu  s0, ra, t5
core   0: 3 0x8000b4b2 (0x03e0a433) x 8 0x00000000
core   0: 0x8000b4b6 (0x00008c71) c.and   s0, a2
core   0: 3 0x8000b4b6 (0x8c71) x 8 0x00000000
core   0: 0x8000b4b8 (0x000082c1) c.srli  a3, 16
core   0: 3 0x8000b4b8 (0x82c1) x13 0x00000000
core   0: 0x8000b4ba (0x0130f9b3) and     s3, ra, s3
core   0: 3 0x8000b4ba (0x0130f9b3) x19 0x8002220a
core   0: 0x8000b4be (0x0000650d) c.lui   a0, 0x3
core   0: 3 0x8000b4be (0x650d) x10 0x00003000
core   0: 0x8000b4c0 (0xec44a513) slti    a0, s1, -316
core   0: 3 0x8000b4c0 (0xec44a513) x10 0x00000000
core   0: 0x8000b4c4 (0x01e9bf33) sltu    t5, s3, t5
core   0: 3 0x8000b4c4 (0x01e9bf33) x30 0x00000000
core   0: 0x8000b4c8 (0x0038ec33) or      s8, a7, gp
core   0: 3 0x8000b4c8 (0x0038ec33) x24 0x357efdcd
core   0: 0x8000b4cc (0x001feeb3) or      t4, t6, ra
core   0: 3 0x8000b4cc (0x001feeb3) x29 0xfffffabb
core   0: 0x8000b4d0 (0x00229313) slli    t1, t0, 2
core   0: 3 0x8000b4d0 (0x00229313) x 6 0x00000000
core   0: 0x8000b4d4 (0x00008ddd) c.or    a1, a5
core   0: 3 0x8000b4d4 (0x8ddd) x11 0x3403144e
core   0: 0x8000b4d6 (0x000086ed) c.srai  a3, 27
core   0: 3 0x8000b4d6 (0x86ed) x13 0x00000000
core   0: 0x8000b4d8 (0x00000001) c.nop
core   0: 3 0x8000b4d8 (0x0001)
core   0: 0x8000b4da (0x000004ae) c.slli  s1, 11
core   0: 3 0x8000b4da (0x04ae) x 9 0x00000800
core   0: 0x8000b4dc (0x00100713) li      a4, 1
core   0: 3 0x8000b4dc (0x00100713) x14 0x00000001
core   0: 0x8000b4e0 (0x00001cfd) c.addi  s9, -1
core   0: 3 0x8000b4e0 (0x1cfd) x25 0x00000000
core   0: 0x8000b4e2 (0x01400993) li      s3, 20
core   0: 3 0x8000b4e2 (0x01400993) x19 0x00000014
core   0: 0x8000b4e6 (0x0000717d) c.addi16sp sp, -16
core   0: 3 0x8000b4e6 (0x717d) x 2 0x0000014f
core   0: 0x8000b4e8 (0x03f141b3) div     gp, sp, t6
core   0: 3 0x8000b4e8 (0x03f141b3) x 3 0xffffffff
core   0: 0x8000b4ec (0x11086ab7) lui     s5, 0x11086
core   0: 3 0x8000b4ec (0x11086ab7) x21 0x11086000
core   0: 0x8000b4f0 (0x00000725) c.addi  a4, 9
core   0: 3 0x8000b4f0 (0x0725) x14 0x0000000a
core   0: 0x8000b4f2 (0x00000001) c.nop
core   0: 3 0x8000b4f2 (0x0001)
core   0: 0x8000b4f4 (0x016f1b33) sll     s6, t5, s6
core   0: 3 0x8000b4f4 (0x016f1b33) x22 0x00000000
core   0: 0x8000b4f8 (0x00700593) li      a1, 7
core   0: 3 0x8000b4f8 (0x00700593) x11 0x00000007
core   0: 0x8000b4fc (0xd1fa9517) auipc   a0, 0xd1fa9
core   0: 3 0x8000b4fc (0xd1fa9517) x10 0x51fb44fc
core   0: 0x8000b500 (0x00c00293) li      t0, 12
core   0: 3 0x8000b500 (0x00c00293) x 5 0x0000000c
core   0: 0x8000b504 (0x0201fdb3) remu    s11, gp, zero
core   0: 3 0x8000b504 (0x0201fdb3) x27 0xffffffff
core   0: 0x8000b508 (0x000086e1) c.srai  a3, 24
core   0: 3 0x8000b508 (0x86e1) x13 0x00000000
core   0: 0x8000b50a (0x030717b3) mulh    a5, a4, a6
core   0: 3 0x8000b50a (0x030717b3) x15 0xfffffffb
core   0: 0x8000b50e (0x00000001) c.nop
core   0: 3 0x8000b50e (0x0001)
core   0: 0x8000b510 (0x0000100f) fence.i
core   0: 3 0x8000b510 (0x0000100f)
core   0: 0x8000b514 (0x02f7cd33) div     s10, a5, a5
core   0: 3 0x8000b514 (0x02f7cd33) x26 0x00000001
core   0: 0x8000b518 (0xaba5fa93) andi    s5, a1, -1350
core   0: 3 0x8000b518 (0xaba5fa93) x21 0x00000002
core   0: 0x8000b51c (0x00000589) c.addi  a1, 2
core   0: 3 0x8000b51c (0x0589) x11 0x00000009
core   0: 0x8000b51e (0x02d757b3) divu    a5, a4, a3
core   0: 3 0x8000b51e (0x02d757b3) x15 0xffffffff
core   0: 0x8000b522 (0x03e821b3) mulhsu  gp, a6, t5
core   0: 3 0x8000b522 (0x03e821b3) x 3 0x00000000
core   0: 0x8000b526 (0xfe55c2e3) blt     a1, t0, pc - 28
core   0: 3 0x8000b526 (0xfe55c2e3)
core   0: 0x8000b50a (0x030717b3) mulh    a5, a4, a6
core   0: 3 0x8000b50a (0x030717b3) x15 0xfffffffb
core   0: 0x8000b50e (0x00000001) c.nop
core   0: 3 0x8000b50e (0x0001)
core   0: 0x8000b510 (0x0000100f) fence.i
core   0: 3 0x8000b510 (0x0000100f)
core   0: 0x8000b514 (0x02f7cd33) div     s10, a5, a5
core   0: 3 0x8000b514 (0x02f7cd33) x26 0x00000001
core   0: 0x8000b518 (0xaba5fa93) andi    s5, a1, -1350
core   0: 3 0x8000b518 (0xaba5fa93) x21 0x00000008
core   0: 0x8000b51c (0x00000589) c.addi  a1, 2
core   0: 3 0x8000b51c (0x0589) x11 0x0000000b
core   0: 0x8000b51e (0x02d757b3) divu    a5, a4, a3
core   0: 3 0x8000b51e (0x02d757b3) x15 0xffffffff
core   0: 0x8000b522 (0x03e821b3) mulhsu  gp, a6, t5
core   0: 3 0x8000b522 (0x03e821b3) x 3 0x00000000
core   0: 0x8000b526 (0xfe55c2e3) blt     a1, t0, pc - 28
core   0: 3 0x8000b526 (0xfe55c2e3)
core   0: 0x8000b50a (0x030717b3) mulh    a5, a4, a6
core   0: 3 0x8000b50a (0x030717b3) x15 0xfffffffb
core   0: 0x8000b50e (0x00000001) c.nop
core   0: 3 0x8000b50e (0x0001)
core   0: 0x8000b510 (0x0000100f) fence.i
core   0: 3 0x8000b510 (0x0000100f)
core   0: 0x8000b514 (0x02f7cd33) div     s10, a5, a5
core   0: 3 0x8000b514 (0x02f7cd33) x26 0x00000001
core   0: 0x8000b518 (0xaba5fa93) andi    s5, a1, -1350
core   0: 3 0x8000b518 (0xaba5fa93) x21 0x0000000a
core   0: 0x8000b51c (0x00000589) c.addi  a1, 2
core   0: 3 0x8000b51c (0x0589) x11 0x0000000d
core   0: 0x8000b51e (0x02d757b3) divu    a5, a4, a3
core   0: 3 0x8000b51e (0x02d757b3) x15 0xffffffff
core   0: 0x8000b522 (0x03e821b3) mulhsu  gp, a6, t5
core   0: 3 0x8000b522 (0x03e821b3) x 3 0x00000000
core   0: 0x8000b526 (0xfe55c2e3) blt     a1, t0, pc - 28
core   0: 3 0x8000b526 (0xfe55c2e3)
core   0: 0x8000b52a (0xfb374fe3) blt     a4, s3, pc - 66
core   0: 3 0x8000b52a (0xfb374fe3)
core   0: 0x8000b4e8 (0x03f141b3) div     gp, sp, t6
core   0: 3 0x8000b4e8 (0x03f141b3) x 3 0xffffffff
core   0: 0x8000b4ec (0x11086ab7) lui     s5, 0x11086
core   0: 3 0x8000b4ec (0x11086ab7) x21 0x11086000
core   0: 0x8000b4f0 (0x00000725) c.addi  a4, 9
core   0: 3 0x8000b4f0 (0x0725) x14 0x00000013
core   0: 0x8000b4f2 (0x00000001) c.nop
core   0: 3 0x8000b4f2 (0x0001)
core   0: 0x8000b4f4 (0x016f1b33) sll     s6, t5, s6
core   0: 3 0x8000b4f4 (0x016f1b33) x22 0x00000000
core   0: 0x8000b4f8 (0x00700593) li      a1, 7
core   0: 3 0x8000b4f8 (0x00700593) x11 0x00000007
core   0: 0x8000b4fc (0xd1fa9517) auipc   a0, 0xd1fa9
core   0: 3 0x8000b4fc (0xd1fa9517) x10 0x51fb44fc
core   0: 0x8000b500 (0x00c00293) li      t0, 12
core   0: 3 0x8000b500 (0x00c00293) x 5 0x0000000c
core   0: 0x8000b504 (0x0201fdb3) remu    s11, gp, zero
core   0: 3 0x8000b504 (0x0201fdb3) x27 0xffffffff
core   0: 0x8000b508 (0x000086e1) c.srai  a3, 24
core   0: 3 0x8000b508 (0x86e1) x13 0x00000000
core   0: 0x8000b50a (0x030717b3) mulh    a5, a4, a6
core   0: 3 0x8000b50a (0x030717b3) x15 0xfffffff6
core   0: 0x8000b50e (0x00000001) c.nop
core   0: 3 0x8000b50e (0x0001)
core   0: 0x8000b510 (0x0000100f) fence.i
core   0: 3 0x8000b510 (0x0000100f)
core   0: 0x8000b514 (0x02f7cd33) div     s10, a5, a5
core   0: 3 0x8000b514 (0x02f7cd33) x26 0x00000001
core   0: 0x8000b518 (0xaba5fa93) andi    s5, a1, -1350
core   0: 3 0x8000b518 (0xaba5fa93) x21 0x00000002
core   0: 0x8000b51c (0x00000589) c.addi  a1, 2
core   0: 3 0x8000b51c (0x0589) x11 0x00000009
core   0: 0x8000b51e (0x02d757b3) divu    a5, a4, a3
core   0: 3 0x8000b51e (0x02d757b3) x15 0xffffffff
core   0: 0x8000b522 (0x03e821b3) mulhsu  gp, a6, t5
core   0: 3 0x8000b522 (0x03e821b3) x 3 0x00000000
core   0: 0x8000b526 (0xfe55c2e3) blt     a1, t0, pc - 28
core   0: 3 0x8000b526 (0xfe55c2e3)
core   0: 0x8000b50a (0x030717b3) mulh    a5, a4, a6
core   0: 3 0x8000b50a (0x030717b3) x15 0xfffffff6
core   0: 0x8000b50e (0x00000001) c.nop
core   0: 3 0x8000b50e (0x0001)
core   0: 0x8000b510 (0x0000100f) fence.i
core   0: 3 0x8000b510 (0x0000100f)
core   0: 0x8000b514 (0x02f7cd33) div     s10, a5, a5
core   0: 3 0x8000b514 (0x02f7cd33) x26 0x00000001
core   0: 0x8000b518 (0xaba5fa93) andi    s5, a1, -1350
core   0: 3 0x8000b518 (0xaba5fa93) x21 0x00000008
core   0: 0x8000b51c (0x00000589) c.addi  a1, 2
core   0: 3 0x8000b51c (0x0589) x11 0x0000000b
core   0: 0x8000b51e (0x02d757b3) divu    a5, a4, a3
core   0: 3 0x8000b51e (0x02d757b3) x15 0xffffffff
core   0: 0x8000b522 (0x03e821b3) mulhsu  gp, a6, t5
core   0: 3 0x8000b522 (0x03e821b3) x 3 0x00000000
core   0: 0x8000b526 (0xfe55c2e3) blt     a1, t0, pc - 28
core   0: 3 0x8000b526 (0xfe55c2e3)
core   0: 0x8000b50a (0x030717b3) mulh    a5, a4, a6
core   0: 3 0x8000b50a (0x030717b3) x15 0xfffffff6
core   0: 0x8000b50e (0x00000001) c.nop
core   0: 3 0x8000b50e (0x0001)
core   0: 0x8000b510 (0x0000100f) fence.i
core   0: 3 0x8000b510 (0x0000100f)
core   0: 0x8000b514 (0x02f7cd33) div     s10, a5, a5
core   0: 3 0x8000b514 (0x02f7cd33) x26 0x00000001
core   0: 0x8000b518 (0xaba5fa93) andi    s5, a1, -1350
core   0: 3 0x8000b518 (0xaba5fa93) x21 0x0000000a
core   0: 0x8000b51c (0x00000589) c.addi  a1, 2
core   0: 3 0x8000b51c (0x0589) x11 0x0000000d
core   0: 0x8000b51e (0x02d757b3) divu    a5, a4, a3
core   0: 3 0x8000b51e (0x02d757b3) x15 0xffffffff
core   0: 0x8000b522 (0x03e821b3) mulhsu  gp, a6, t5
core   0: 3 0x8000b522 (0x03e821b3) x 3 0x00000000
core   0: 0x8000b526 (0xfe55c2e3) blt     a1, t0, pc - 28
core   0: 3 0x8000b526 (0xfe55c2e3)
core   0: 0x8000b52a (0xfb374fe3) blt     a4, s3, pc - 66
core   0: 3 0x8000b52a (0xfb374fe3)
core   0: 0x8000b4e8 (0x03f141b3) div     gp, sp, t6
core   0: 3 0x8000b4e8 (0x03f141b3) x 3 0xffffffff
core   0: 0x8000b4ec (0x11086ab7) lui     s5, 0x11086
core   0: 3 0x8000b4ec (0x11086ab7) x21 0x11086000
core   0: 0x8000b4f0 (0x00000725) c.addi  a4, 9
core   0: 3 0x8000b4f0 (0x0725) x14 0x0000001c
core   0: 0x8000b4f2 (0x00000001) c.nop
core   0: 3 0x8000b4f2 (0x0001)
core   0: 0x8000b4f4 (0x016f1b33) sll     s6, t5, s6
core   0: 3 0x8000b4f4 (0x016f1b33) x22 0x00000000
core   0: 0x8000b4f8 (0x00700593) li      a1, 7
core   0: 3 0x8000b4f8 (0x00700593) x11 0x00000007
core   0: 0x8000b4fc (0xd1fa9517) auipc   a0, 0xd1fa9
core   0: 3 0x8000b4fc (0xd1fa9517) x10 0x51fb44fc
core   0: 0x8000b500 (0x00c00293) li      t0, 12
core   0: 3 0x8000b500 (0x00c00293) x 5 0x0000000c
core   0: 0x8000b504 (0x0201fdb3) remu    s11, gp, zero
core   0: 3 0x8000b504 (0x0201fdb3) x27 0xffffffff
core   0: 0x8000b508 (0x000086e1) c.srai  a3, 24
core   0: 3 0x8000b508 (0x86e1) x13 0x00000000
core   0: 0x8000b50a (0x030717b3) mulh    a5, a4, a6
core   0: 3 0x8000b50a (0x030717b3) x15 0xfffffff2
core   0: 0x8000b50e (0x00000001) c.nop
core   0: 3 0x8000b50e (0x0001)
core   0: 0x8000b510 (0x0000100f) fence.i
core   0: 3 0x8000b510 (0x0000100f)
core   0: 0x8000b514 (0x02f7cd33) div     s10, a5, a5
core   0: 3 0x8000b514 (0x02f7cd33) x26 0x00000001
core   0: 0x8000b518 (0xaba5fa93) andi    s5, a1, -1350
core   0: 3 0x8000b518 (0xaba5fa93) x21 0x00000002
core   0: 0x8000b51c (0x00000589) c.addi  a1, 2
core   0: 3 0x8000b51c (0x0589) x11 0x00000009
core   0: 0x8000b51e (0x02d757b3) divu    a5, a4, a3
core   0: 3 0x8000b51e (0x02d757b3) x15 0xffffffff
core   0: 0x8000b522 (0x03e821b3) mulhsu  gp, a6, t5
core   0: 3 0x8000b522 (0x03e821b3) x 3 0x00000000
core   0: 0x8000b526 (0xfe55c2e3) blt     a1, t0, pc - 28
core   0: 3 0x8000b526 (0xfe55c2e3)
core   0: 0x8000b50a (0x030717b3) mulh    a5, a4, a6
core   0: 3 0x8000b50a (0x030717b3) x15 0xfffffff2
core   0: 0x8000b50e (0x00000001) c.nop
core   0: 3 0x8000b50e (0x0001)
core   0: 0x8000b510 (0x0000100f) fence.i
core   0: 3 0x8000b510 (0x0000100f)
core   0: 0x8000b514 (0x02f7cd33) div     s10, a5, a5
core   0: 3 0x8000b514 (0x02f7cd33) x26 0x00000001
core   0: 0x8000b518 (0xaba5fa93) andi    s5, a1, -1350
core   0: 3 0x8000b518 (0xaba5fa93) x21 0x00000008
core   0: 0x8000b51c (0x00000589) c.addi  a1, 2
core   0: 3 0x8000b51c (0x0589) x11 0x0000000b
core   0: 0x8000b51e (0x02d757b3) divu    a5, a4, a3
core   0: 3 0x8000b51e (0x02d757b3) x15 0xffffffff
core   0: 0x8000b522 (0x03e821b3) mulhsu  gp, a6, t5
core   0: 3 0x8000b522 (0x03e821b3) x 3 0x00000000
core   0: 0x8000b526 (0xfe55c2e3) blt     a1, t0, pc - 28
core   0: 3 0x8000b526 (0xfe55c2e3)
core   0: 0x8000b50a (0x030717b3) mulh    a5, a4, a6
core   0: 3 0x8000b50a (0x030717b3) x15 0xfffffff2
core   0: 0x8000b50e (0x00000001) c.nop
core   0: 3 0x8000b50e (0x0001)
core   0: 0x8000b510 (0x0000100f) fence.i
core   0: 3 0x8000b510 (0x0000100f)
core   0: 0x8000b514 (0x02f7cd33) div     s10, a5, a5
core   0: 3 0x8000b514 (0x02f7cd33) x26 0x00000001
core   0: 0x8000b518 (0xaba5fa93) andi    s5, a1, -1350
core   0: 3 0x8000b518 (0xaba5fa93) x21 0x0000000a
core   0: 0x8000b51c (0x00000589) c.addi  a1, 2
core   0: 3 0x8000b51c (0x0589) x11 0x0000000d
core   0: 0x8000b51e (0x02d757b3) divu    a5, a4, a3
core   0: 3 0x8000b51e (0x02d757b3) x15 0xffffffff
core   0: 0x8000b522 (0x03e821b3) mulhsu  gp, a6, t5
core   0: 3 0x8000b522 (0x03e821b3) x 3 0x00000000
core   0: 0x8000b526 (0xfe55c2e3) blt     a1, t0, pc - 28
core   0: 3 0x8000b526 (0xfe55c2e3)
core   0: 0x8000b52a (0xfb374fe3) blt     a4, s3, pc - 66
core   0: 3 0x8000b52a (0xfb374fe3)
core   0: 0x8000b52e (0x00000001) c.nop
core   0: 3 0x8000b52e (0x0001)
core   0: 0x8000b530 (0x006954b3) srl     s1, s2, t1
core   0: 3 0x8000b530 (0x006954b3) x 9 0xff62f265
core   0: 0x8000b534 (0x00006155) c.addi16sp sp, 304
core   0: 3 0x8000b534 (0x6155) x 2 0x0000027f
core   0: 0x8000b536 (0x0145a233) slt     tp, a1, s4
core   0: 3 0x8000b536 (0x0145a233) x 4 0x00000000
core   0: 0x8000b53a (0x00000d1e) c.slli  s10, 7
core   0: 3 0x8000b53a (0x0d1e) x26 0x00000080
core   0: 0x8000b53c (0x00008b1e) c.mv    s6, t2
core   0: 3 0x8000b53c (0x8b1e) x22 0xfffffa58
core   0: 0x8000b53e (0x007e31b3) sltu    gp, t3, t2
core   0: 3 0x8000b53e (0x007e31b3) x 3 0x00000001
core   0: 0x8000b542 (0x258fa593) slti    a1, t6, 600
core   0: 3 0x8000b542 (0x258fa593) x11 0x00000001
core   0: 0x8000b546 (0x01365663) bge     a2, s3, pc + 12
core   0: 3 0x8000b546 (0x01365663)
core   0: 0x8000b552 (0x9d3b3213) sltiu   tp, s6, -1581
core   0: 3 0x8000b552 (0x9d3b3213) x 4 0x00000000
core   0: 0x8000b556 (0x02ff3233) mulhu   tp, t5, a5
core   0: 3 0x8000b556 (0x02ff3233) x 4 0x00000000
core   0: 0x8000b55a (0xdd622ab7) lui     s5, 0xdd622
core   0: 3 0x8000b55a (0xdd622ab7) x21 0xdd622000
core   0: 0x8000b55e (0x00008dc9) c.or    a1, a0
core   0: 3 0x8000b55e (0x8dc9) x11 0x51fb44fd
core   0: 0x8000b560 (0x6c931a97) auipc   s5, 0x6c931
core   0: 3 0x8000b560 (0x6c931a97) x21 0xec93c560
core   0: 0x8000b564 (0x01273633) sltu    a2, a4, s2
core   0: 3 0x8000b564 (0x01273633) x12 0x00000001
core   0: 0x8000b568 (0x02e30833) mul     a6, t1, a4
core   0: 3 0x8000b568 (0x02e30833) x16 0x00000000
core   0: 0x8000b56c (0x0039d913) srli    s2, s3, 3
core   0: 3 0x8000b56c (0x0039d913) x18 0x00000002
core   0: 0x8000b570 (0x051ed063) bge     t4, a7, pc + 64
core   0: 3 0x8000b570 (0x051ed063)
core   0: 0x8000b574 (0x4048dcb3) sra     s9, a7, tp
core   0: 3 0x8000b574 (0x4048dcb3) x25 0x0004d9c8
core   0: 0x8000b578 (0x00008b71) c.andi  a4, 28
core   0: 3 0x8000b578 (0x8b71) x14 0x0000001c
core   0: 0x8000b57a (0xb869a217) auipc   tp, 0xb869a
core   0: 3 0x8000b57a (0xb869a217) x 4 0x386a557a
core   0: 0x8000b57e (0x2151e493) ori     s1, gp, 533
core   0: 3 0x8000b57e (0x2151e493) x 9 0x00000215
core   0: 0x8000b582 (0x41f6d933) sra     s2, a3, t6
core   0: 3 0x8000b582 (0x41f6d933) x18 0x00000000
core   0: 0x8000b586 (0x0190e3b3) or      t2, ra, s9
core   0: 3 0x8000b586 (0x0190e3b3) x 7 0xfffffbfb
core   0: 0x8000b58a (0x12a20693) addi    a3, tp, 298
core   0: 3 0x8000b58a (0x12a20693) x13 0x386a56a4
core   0: 0x8000b58e (0x027daab3) mulhsu  s5, s11, t2
core   0: 3 0x8000b58e (0x027daab3) x21 0xffffffff
core   0: 0x8000b592 (0x00293733) sltu    a4, s2, sp
core   0: 3 0x8000b592 (0x00293733) x14 0x00000001
core   0: 0x8000b596 (0x40b58333) sub     t1, a1, a1
core   0: 3 0x8000b596 (0x40b58333) x 6 0x00000000
core   0: 0x8000b59a (0x3aa92393) slti    t2, s2, 938
core   0: 3 0x8000b59a (0x3aa92393) x 7 0x00000001
core   0: 0x8000b59e (0x41fd0f33) sub     t5, s10, t6
core   0: 3 0x8000b59e (0x41fd0f33) x30 0x00000080
core   0: 0x8000b5a2 (0x00008dc5) c.or    a1, s1
core   0: 3 0x8000b5a2 (0x8dc5) x11 0x51fb46fd
core   0: 0x8000b5a4 (0x031fd033) divu    zero, t6, a7
core   0: 3 0x8000b5a4 (0x031fd033)
core   0: 0x8000b5a8 (0x02d27833) remu    a6, tp, a3
core   0: 3 0x8000b5a8 (0x02d27833) x16 0x386a557a
core   0: 0x8000b5ac (0x032d6533) rem     a0, s10, s2
core   0: 3 0x8000b5ac (0x032d6533) x10 0x00000080
core   0: 0x8000b5b0 (0x414fd833) sra     a6, t6, s4
core   0: 3 0x8000b5b0 (0x414fd833) x16 0x00000000
core   0: 0x8000b5b4 (0x00000001) c.nop
core   0: 3 0x8000b5b4 (0x0001)
core   0: 0x8000b5b6 (0x00008f2d) c.xor   a4, a1
core   0: 3 0x8000b5b6 (0x8f2d) x14 0x51fb46fc
core   0: 0x8000b5b8 (0x043e4263) blt     t3, gp, pc + 68
core   0: 3 0x8000b5b8 (0x043e4263)
core   0: 0x8000b5fc (0x019985b3) add     a1, s3, s9
core   0: 3 0x8000b5fc (0x019985b3) x11 0x0004d9dc
core   0: 0x8000b600 (0x0000c695) c.beqz  a3, pc + 44
core   0: 3 0x8000b600 (0xc695)
core   0: 0x8000b602 (0x00008c9d) c.sub   s1, a5
core   0: 3 0x8000b602 (0x8c9d) x 9 0x00000216
core   0: 0x8000b604 (0x01a3f533) and     a0, t2, s10
core   0: 3 0x8000b604 (0x01a3f533) x10 0x00000000
core   0: 0x8000b608 (0x0000100f) fence.i
core   0: 3 0x8000b608 (0x0000100f)
core   0: 0x8000b60c (0x0334f733) remu    a4, s1, s3
core   0: 3 0x8000b60c (0x0334f733) x14 0x0000000e
core   0: 0x8000b610 (0x01afc833) xor     a6, t6, s10
core   0: 3 0x8000b610 (0x01afc833) x16 0x00000080
core   0: 0x8000b614 (0x00008c85) c.sub   s1, s1
core   0: 3 0x8000b614 (0x8c85) x 9 0x00000000
core   0: 0x8000b616 (0xd919e293) ori     t0, s3, -623
core   0: 3 0x8000b616 (0xd919e293) x 5 0xfffffd95
core   0: 0x8000b61a (0x02a128b3) mulhsu  a7, sp, a0
core   0: 3 0x8000b61a (0x02a128b3) x17 0x00000000
core   0: 0x8000b61e (0x0000e519) c.bnez  a0, pc + 14
core   0: 3 0x8000b61e (0xe519)
core   0: 0x8000b620 (0x000001c2) c.slli  gp, 16
core   0: 3 0x8000b620 (0x01c2) x 3 0x00010000
core   0: 0x8000b622 (0x0000801d) c.srli  s0, 7
core   0: 3 0x8000b622 (0x801d) x 8 0x00000000
core   0: 0x8000b624 (0x0ff0000f) fence   iorw,iorw
core   0: 3 0x8000b624 (0x0ff0000f)
core   0: 0x8000b628 (0x439a8317) auipc   t1, 0x439a8
core   0: 3 0x8000b628 (0x439a8317) x 6 0xc39b3628
core   0: 0x8000b62c (0x40610d33) sub     s10, sp, t1
core   0: 3 0x8000b62c (0x40610d33) x26 0x3c64cc57
core   0: 0x8000b630 (0x0000e31d) c.bnez  a4, pc + 38
core   0: 3 0x8000b630 (0xe31d)
core   0: 0x8000b656 (0x00001014) c.addi4spn a3, sp, 32
core   0: 3 0x8000b656 (0x1014) x13 0x0000029f
core   0: 0x8000b658 (0x00b7c633) xor     a2, a5, a1
core   0: 3 0x8000b658 (0x00b7c633) x12 0xfffb2623
core   0: 0x8000b65c (0x00313433) sltu    s0, sp, gp
core   0: 3 0x8000b65c (0x00313433) x 8 0x00000001
core   0: 0x8000b660 (0x015e1393) slli    t2, t3, 21
core   0: 3 0x8000b660 (0x015e1393) x 7 0xbf800000
core   0: 0x8000b664 (0x011cb833) sltu    a6, s9, a7
core   0: 3 0x8000b664 (0x011cb833) x16 0x00000000
core   0: 0x8000b668 (0x013c5793) srli    a5, s8, 19
core   0: 3 0x8000b668 (0x013c5793) x15 0x000006af
core   0: 0x8000b66c (0x01078b63) beq     a5, a6, pc + 22
core   0: 3 0x8000b66c (0x01078b63)
core   0: 0x8000b670 (0x00cc70b3) and     ra, s8, a2
core   0: 3 0x8000b670 (0x00cc70b3) x 1 0x357a2401
core   0: 0x8000b674 (0x4123d013) srai    zero, t2, 18
core   0: 3 0x8000b674 (0x4123d013)
core   0: 0x8000b678 (0x00008f65) c.and   a4, s1
core   0: 3 0x8000b678 (0x8f65) x14 0x00000000
core   0: 0x8000b67a (0x02f557b3) divu    a5, a0, a5
core   0: 3 0x8000b67a (0x02f557b3) x15 0x00000000
core   0: 0x8000b67e (0xfada2a93) slti    s5, s4, -83
core   0: 3 0x8000b67e (0xfada2a93) x21 0x00000001
core   0: 0x8000b682 (0x00006d35) c.lui   s10, 0xd
core   0: 3 0x8000b682 (0x6d35) x26 0x0000d000
core   0: 0x8000b684 (0x0ff0000f) fence   iorw,iorw
core   0: 3 0x8000b684 (0x0ff0000f)
core   0: 0x8000b688 (0x9c08e337) lui     t1, 0x9c08e
core   0: 3 0x8000b688 (0x9c08e337) x 6 0x9c08e000
core   0: 0x8000b68c (0x0000097e) c.slli  s2, 31
core   0: 3 0x8000b68c (0x097e) x18 0x00000000
core   0: 0x8000b68e (0x19236c93) ori     s9, t1, 402
core   0: 3 0x8000b68e (0x19236c93) x25 0x9c08e192
core   0: 0x8000b692 (0xf3d51437) lui     s0, 0xf3d51
core   0: 3 0x8000b692 (0xf3d51437) x 8 0xf3d51000
core   0: 0x8000b696 (0x41f45ab3) sra     s5, s0, t6
core   0: 3 0x8000b696 (0x41f45ab3) x21 0xf3d51000
core   0: 0x8000b69a (0x03fb8763) beq     s7, t6, pc + 46
core   0: 3 0x8000b69a (0x03fb8763)
core   0: 0x8000b69e (0x01ba8d33) add     s10, s5, s11
core   0: 3 0x8000b69e (0x01ba8d33) x26 0xf3d50fff
core   0: 0x8000b6a2 (0x029c0b33) mul     s6, s8, s1
core   0: 3 0x8000b6a2 (0x029c0b33) x22 0x00000000
core   0: 0x8000b6a6 (0x00000001) c.nop
core   0: 3 0x8000b6a6 (0x0001)
core   0: 0x8000b6a8 (0x00006ff1) c.lui   t6, 0x1c
core   0: 3 0x8000b6a8 (0x6ff1) x31 0x0001c000
core   0: 0x8000b6aa (0x00008325) c.srli  a4, 9
core   0: 3 0x8000b6aa (0x8325) x14 0x00000000
core   0: 0x8000b6ac (0x0000c40d) c.beqz  s0, pc + 42
core   0: 3 0x8000b6ac (0xc40d)
core   0: 0x8000b6ae (0x01cd2033) slt     zero, s10, t3
core   0: 3 0x8000b6ae (0x01cd2033)
core   0: 0x8000b6b2 (0x14348b37) lui     s6, 0x14348
core   0: 3 0x8000b6b2 (0x14348b37) x22 0x14348000
core   0: 0x8000b6b6 (0x00006fc5) c.lui   t6, 0x11
core   0: 3 0x8000b6b6 (0x6fc5) x31 0x00011000
core   0: 0x8000b6b8 (0x0000100f) fence.i
core   0: 3 0x8000b6b8 (0x0000100f)
core   0: 0x8000b6bc (0x0328d863) bge     a7, s2, pc + 48
core   0: 3 0x8000b6bc (0x0328d863)
core   0: 0x8000b6ec (0x00000594) c.addi4spn a3, sp, 704
core   0: 3 0x8000b6ec (0x0594) x13 0x0000053f
core   0: 0x8000b6ee (0x02cd8563) beq     s11, a2, pc + 42
core   0: 3 0x8000b6ee (0x02cd8563)
core   0: 0x8000b6f2 (0x5a858d13) addi    s10, a1, 1448
core   0: 3 0x8000b6f2 (0x5a858d13) x26 0x0004df84
core   0: 0x8000b6f6 (0x029a7863) bgeu    s4, s1, pc + 48
core   0: 3 0x8000b6f6 (0x029a7863)
core   0: 0x8000b726 (0x00000001) c.nop
core   0: 3 0x8000b726 (0x0001)
core   0: 0x8000b728 (0x0299c763) blt     s3, s1, pc + 46
core   0: 3 0x8000b728 (0x0299c763)
core   0: 0x8000b72c (0x05e05163) bge     zero, t5, pc + 66
core   0: 3 0x8000b72c (0x05e05163)
core   0: 0x8000b730 (0x02aa4eb3) div     t4, s4, a0
core   0: 3 0x8000b730 (0x02aa4eb3) x29 0xffffffff
core   0: 0x8000b734 (0x00001e10) c.addi4spn a2, sp, 816
core   0: 3 0x8000b734 (0x1e10) x12 0x000005af
core   0: 0x8000b736 (0x02112333) mulhsu  t1, sp, ra
core   0: 3 0x8000b736 (0x02112333) x 6 0x00000085
core   0: 0x8000b73a (0x038df433) remu    s0, s11, s8
core   0: 3 0x8000b73a (0x038df433) x 8 0x2a0408cb
core   0: 0x8000b73e (0x57dd0893) addi    a7, s10, 1405
core   0: 3 0x8000b73e (0x57dd0893) x17 0x0004e501
core   0: 0x8000b742 (0x001c9563) bne     s9, ra, pc + 10
core   0: 3 0x8000b742 (0x001c9563)
core   0: 0x8000b74c (0x060f2613) slti    a2, t5, 96
core   0: 3 0x8000b74c (0x060f2613) x12 0x00000000
core   0: 0x8000b750 (0x41e851b3) sra     gp, a6, t5
core   0: 3 0x8000b750 (0x41e851b3) x 3 0x00000000
core   0: 0x8000b754 (0x00005ffd) c.li    t6, -1
core   0: 3 0x8000b754 (0x5ffd) x31 0xffffffff
core   0: 0x8000b756 (0x02edecb3) rem     s9, s11, a4
core   0: 3 0x8000b756 (0x02edecb3) x25 0xffffffff
core   0: 0x8000b75a (0x031bddb3) divu    s11, s7, a7
core   0: 3 0x8000b75a (0x031bddb3) x27 0x00001a27
core   0: 0x8000b75e (0x000044c9) c.li    s1, 18
core   0: 3 0x8000b75e (0x44c9) x 9 0x00000012
core   0: 0x8000b760 (0x03ef4533) div     a0, t5, t5
core   0: 3 0x8000b760 (0x03ef4533) x10 0x00000001
core   0: 0x8000b764 (0x001a7c63) bgeu    s4, ra, pc + 24
core   0: 3 0x8000b764 (0x001a7c63)
core   0: 0x8000b77c (0x0000eb91) c.bnez  a5, pc + 20
core   0: 3 0x8000b77c (0xeb91)
core   0: 0x8000b77e (0x001228b3) slt     a7, tp, ra
core   0: 3 0x8000b77e (0x001228b3) x17 0x00000000
core   0: 0x8000b782 (0x03611533) mulh    a0, sp, s6
core   0: 3 0x8000b782 (0x03611533) x10 0x00000032
core   0: 0x8000b786 (0x4e0a8113) addi    sp, s5, 1248
core   0: 3 0x8000b786 (0x4e0a8113) x 2 0xf3d514e0
core   0: 0x8000b78a (0x02df8833) mul     a6, t6, a3
core   0: 3 0x8000b78a (0x02df8833) x16 0xfffffac1
core   0: 0x8000b78e (0x0000009e) c.slli  ra, 7
core   0: 3 0x8000b78e (0x009e) x 1 0xbd120080
core   0: 0x8000b790 (0x00eab633) sltu    a2, s5, a4
core   0: 3 0x8000b790 (0x00eab633) x12 0x00000000
core   0: 0x8000b794 (0x023243b3) div     t2, tp, gp
core   0: 3 0x8000b794 (0x023243b3) x 7 0xffffffff
core   0: 0x8000b798 (0x083cb713) sltiu   a4, s9, 131
core   0: 3 0x8000b798 (0x083cb713) x14 0x00000000
core   0: 0x8000b79c (0x028f1b33) mulh    s6, t5, s0
core   0: 3 0x8000b79c (0x028f1b33) x22 0x00000015
core   0: 0x8000b7a0 (0x03067663) bgeu    a2, a6, pc + 44
core   0: 3 0x8000b7a0 (0x03067663)
core   0: 0x8000b7a4 (0x00008cfd) c.and   s1, a5
core   0: 3 0x8000b7a4 (0x8cfd) x 9 0x00000000
core   0: 0x8000b7a6 (0x00008fa9) c.xor   a5, a0
core   0: 3 0x8000b7a6 (0x8fa9) x15 0x00000032
core   0: 0x8000b7a8 (0x03150a63) beq     a0, a7, pc + 52
core   0: 3 0x8000b7a8 (0x03150a63)
core   0: 0x8000b7ac (0x018d9d13) slli    s10, s11, 24
core   0: 3 0x8000b7ac (0x018d9d13) x26 0x27000000
core   0: 0x8000b7b0 (0x0099b3b3) sltu    t2, s3, s1
core   0: 3 0x8000b7b0 (0x0099b3b3) x 7 0x00000000
core   0: 0x8000b7b4 (0x01565763) bge     a2, s5, pc + 14
core   0: 3 0x8000b7b4 (0x01565763)
core   0: 0x8000b7c2 (0x02354863) blt     a0, gp, pc + 48
core   0: 3 0x8000b7c2 (0x02354863)
core   0: 0x8000b7c6 (0x00008c01) c.sub   s0, s0
core   0: 3 0x8000b7c6 (0x8c01) x 8 0x00000000
core   0: 0x8000b7c8 (0x020a4833) div     a6, s4, zero
core   0: 3 0x8000b7c8 (0x020a4833) x16 0xffffffff
core   0: 0x8000b7cc (0x010b0d33) add     s10, s6, a6
core   0: 3 0x8000b7cc (0x010b0d33) x26 0x00000014
core   0: 0x8000b7d0 (0x4761a193) slti    gp, gp, 1142
core   0: 3 0x8000b7d0 (0x4761a193) x 3 0x00000001
core   0: 0x8000b7d4 (0x025a4eb3) div     t4, s4, t0
core   0: 3 0x8000b7d4 (0x025a4eb3) x29 0x0034efde
core   0: 0x8000b7d8 (0x00a46d33) or      s10, s0, a0
core   0: 3 0x8000b7d8 (0x00a46d33) x26 0x00000032
core   0: 0x8000b7dc (0x03e9f233) remu    tp, s3, t5
core   0: 3 0x8000b7dc (0x03e9f233) x 4 0x00000014
core   0: 0x8000b7e0 (0x3add2fb7) lui     t6, 0x3add2
core   0: 3 0x8000b7e0 (0x3add2fb7) x31 0x3add2000
core   0: 0x8000b7e4 (0x212abd93) sltiu   s11, s5, 530
core   0: 3 0x8000b7e4 (0x212abd93) x27 0x00000000
core   0: 0x8000b7e8 (0x00008cfd) c.and   s1, a5
core   0: 3 0x8000b7e8 (0x8cfd) x 9 0x00000000
core   0: 0x8000b7ea (0x02bd1063) bne     s10, a1, pc + 32
core   0: 3 0x8000b7ea (0x02bd1063)
core   0: 0x8000b80a (0x00000001) c.nop
core   0: 3 0x8000b80a (0x0001)
core   0: 0x8000b80c (0x40d758b3) sra     a7, a4, a3
core   0: 3 0x8000b80c (0x40d758b3) x17 0x00000000
core   0: 0x8000b810 (0x03d8d4b3) divu    s1, a7, t4
core   0: 3 0x8000b810 (0x03d8d4b3) x 9 0x00000000
core   0: 0x8000b814 (0x000005ae) c.slli  a1, 11
core   0: 3 0x8000b814 (0x05ae) x11 0x26cee000
core   0: 0x8000b816 (0x03c624b3) mulhsu  s1, a2, t3
core   0: 3 0x8000b816 (0x03c624b3) x 9 0x00000000
core   0: 0x8000b81a (0x185fd717) auipc   a4, 0x185fd
core   0: 3 0x8000b81a (0x185fd717) x14 0x9860881a
core   0: 0x8000b81e (0x02dcf933) remu    s2, s9, a3
core   0: 3 0x8000b81e (0x02dcf933) x18 0x00000396
core   0: 0x8000b822 (0x0479f163) bgeu    s3, t2, pc + 66
core   0: 3 0x8000b822 (0x0479f163)
core   0: 0x8000b864 (0x40a95ab3) sra     s5, s2, a0
core   0: 3 0x8000b864 (0x40a95ab3) x21 0x00000000
core   0: 0x8000b868 (0x004f89b3) add     s3, t6, tp
core   0: 3 0x8000b868 (0x004f89b3) x19 0x3add2014
core   0: 0x8000b86c (0x00009316) c.add   t1, t0
core   0: 3 0x8000b86c (0x9316) x 6 0xfffffe1a
core   0: 0x8000b86e (0x007d0a63) beq     s10, t2, pc + 20
core   0: 3 0x8000b86e (0x007d0a63)
core   0: 0x8000b872 (0x41c6dd13) srai    s10, a3, 28
core   0: 3 0x8000b872 (0x41c6dd13) x26 0x00000000
core   0: 0x8000b876 (0x00008c99) c.sub   s1, a4
core   0: 3 0x8000b876 (0x8c99) x 9 0x679f77e6
core   0: 0x8000b878 (0x0000965e) c.add   a2, s7
core   0: 3 0x8000b878 (0x965e) x12 0x80026ce4
core   0: 0x8000b87a (0x408c0133) sub     sp, s8, s0
core   0: 3 0x8000b87a (0x408c0133) x 2 0x357efdcd
core   0: 0x8000b87e (0x011fedb3) or      s11, t6, a7
core   0: 3 0x8000b87e (0x011fedb3) x27 0x3add2000
core   0: 0x8000b882 (0x00008d09) c.sub   a0, a0
core   0: 3 0x8000b882 (0x8d09) x10 0x00000000
core   0: 0x8000b884 (0x00008489) c.srai  s1, 2
core   0: 3 0x8000b884 (0x8489) x 9 0x19e7ddf9
core   0: 0x8000b886 (0x00000572) c.slli  a0, 28
core   0: 3 0x8000b886 (0x0572) x10 0x00000000
core   0: 0x8000b888 (0x018e6763) bltu    t3, s8, pc + 14
core   0: 3 0x8000b888 (0x018e6763)
core   0: 0x8000b88c (0x00008d66) c.mv    s10, s9
core   0: 3 0x8000b88c (0x8d66) x26 0xffffffff
core   0: 0x8000b88e (0x0000ea85) c.bnez  a3, pc + 48
core   0: 3 0x8000b88e (0xea85)
core   0: 0x8000b8be (0x00000001) c.nop
core   0: 3 0x8000b8be (0x0001)
core   0: 0x8000b8c0 (0x00000001) c.nop
core   0: 3 0x8000b8c0 (0x0001)
core   0: 0x8000b8c2 (0x02e61eb3) mulh    t4, a2, a4
core   0: 3 0x8000b8c2 (0x02e61eb3) x29 0x33cec0a0
core   0: 0x8000b8c6 (0x03c10c33) mul     s8, sp, t3
core   0: 3 0x8000b8c6 (0x03c10c33) x24 0x7738decc
core   0: 0x8000b8ca (0x0000e099) c.bnez  s1, pc + 6
core   0: 3 0x8000b8ca (0xe099)
core   0: 0x8000b8d0 (0x00008271) c.srli  a2, 28
core   0: 3 0x8000b8d0 (0x8271) x12 0x00000008
core   0: 0x8000b8d2 (0x00000001) c.nop
core   0: 3 0x8000b8d2 (0x0001)
core   0: 0x8000b8d4 (0x00008e21) c.xor   a2, s0
core   0: 3 0x8000b8d4 (0x8e21) x12 0x00000008
core   0: 0x8000b8d6 (0x47814893) xori    a7, sp, 1144
core   0: 3 0x8000b8d6 (0x47814893) x17 0x357ef9b5
core   0: 0x8000b8da (0x0338ca63) blt     a7, s3, pc + 52
core   0: 3 0x8000b8da (0x0338ca63)
core   0: 0x8000b90e (0x02939263) bne     t2, s1, pc + 36
core   0: 3 0x8000b90e (0x02939263)
core   0: 0x8000b932 (0x02de2ab3) mulhsu  s5, t3, a3
core   0: 3 0x8000b932 (0x02de2ab3) x21 0xfffffd60
core   0: 0x8000b936 (0x00008a6d) c.andi  a2, 27
core   0: 3 0x8000b936 (0x8a6d) x12 0x00000008
core   0: 0x8000b938 (0xc765ea93) ori     s5, a1, -906
core   0: 3 0x8000b938 (0xc765ea93) x21 0xfffffc76
core   0: 0x8000b93c (0x8af17793) andi    a5, sp, -1873
core   0: 3 0x8000b93c (0x8af17793) x15 0x357ef88d
core   0: 0x8000b940 (0x00008cf9) c.and   s1, a4
core   0: 3 0x8000b940 (0x8cf9) x 9 0x18608818
core   0: 0x8000b942 (0xaec6e013) ori     zero, a3, -1300
core   0: 3 0x8000b942 (0xaec6e013)
core   0: 0x8000b946 (0x027d5b33) divu    s6, s10, t2
core   0: 3 0x8000b946 (0x027d5b33) x22 0xffffffff
core   0: 0x8000b94a (0x00ee65b3) or      a1, t3, a4
core   0: 3 0x8000b94a (0x00ee65b3) x11 0x9862adfe
core   0: 0x8000b94e (0x4b882593) slti    a1, a6, 1208
core   0: 3 0x8000b94e (0x4b882593) x11 0x00000001
core   0: 0x8000b952 (0xb623b213) sltiu   tp, t2, -1182
core   0: 3 0x8000b952 (0xb623b213) x 4 0x00000001
core   0: 0x8000b956 (0x0000e905) c.bnez  a0, pc + 48
core   0: 3 0x8000b956 (0xe905)
core   0: 0x8000b958 (0x4d290b13) addi    s6, s2, 1234
core   0: 3 0x8000b958 (0x4d290b13) x22 0x00000868
core   0: 0x8000b95c (0x002e2333) slt     t1, t3, sp
core   0: 3 0x8000b95c (0x002e2333) x 6 0x00000001
core   0: 0x8000b960 (0x010b5833) srl     a6, s6, a6
core   0: 3 0x8000b960 (0x010b5833) x16 0x00000000
core   0: 0x8000b964 (0x026a9533) mulh    a0, s5, t1
core   0: 3 0x8000b964 (0x026a9533) x10 0xffffffff
core   0: 0x8000b968 (0x00203fb3) snez    t6, sp
core   0: 3 0x8000b968 (0x00203fb3) x31 0x00000001
core   0: 0x8000b96c (0x0000692d) c.lui   s2, 0xb
core   0: 3 0x8000b96c (0x692d) x18 0x0000b000
core   0: 0x8000b96e (0x0243d363) bge     t2, tp, pc + 38
core   0: 3 0x8000b96e (0x0243d363)
core   0: 0x8000b972 (0x02cc9463) bne     s9, a2, pc + 40
core   0: 3 0x8000b972 (0x02cc9463)
core   0: 0x8000b99a (0x0145fab3) and     s5, a1, s4
core   0: 3 0x8000b99a (0x0145fab3) x21 0x00000000
core   0: 0x8000b99e (0x0316c3b3) div     t2, a3, a7
core   0: 3 0x8000b99e (0x0316c3b3) x 7 0x00000000
core   0: 0x8000b9a2 (0x00008d29) c.xor   a0, a0
core   0: 3 0x8000b9a2 (0x8d29) x10 0x00000000
core   0: 0x8000b9a4 (0x03486733) rem     a4, a6, s4
core   0: 3 0x8000b9a4 (0x03486733) x14 0x00000000
core   0: 0x8000b9a8 (0x00001004) c.addi4spn s1, sp, 32
core   0: 3 0x8000b9a8 (0x1004) x 9 0x357efded
core   0: 0x8000b9aa (0x00000672) c.slli  a2, 28
core   0: 3 0x8000b9aa (0x0672) x12 0x80000000
core   0: 0x8000b9ac (0x024dfc33) remu    s8, s11, tp
core   0: 3 0x8000b9ac (0x024dfc33) x24 0x00000000
core   0: 0x8000b9b0 (0x00afd663) bge     t6, a0, pc + 12
core   0: 3 0x8000b9b0 (0x00afd663)
core   0: 0x8000b9bc (0x0000c0d9) c.beqz  s1, pc + 134
core   0: 3 0x8000b9bc (0xc0d9)
core   0: 0x8000b9be (0x000049fd) c.li    s3, 31
core   0: 3 0x8000b9be (0x49fd) x19 0x0000001f
core   0: 0x8000b9c0 (0x01ee30b3) sltu    ra, t3, t5
core   0: 3 0x8000b9c0 (0x01ee30b3) x 1 0x00000000
core   0: 0x8000b9c4 (0x09cf7263) bgeu    t5, t3, pc + 132
core   0: 3 0x8000b9c4 (0x09cf7263)
core   0: 0x8000b9c8 (0x01562133) slt     sp, a2, s5
core   0: 3 0x8000b9c8 (0x01562133) x 2 0x00000001
core   0: 0x8000b9cc (0x00008d59) c.or    a0, a4
core   0: 3 0x8000b9cc (0x8d59) x10 0x00000000
core   0: 0x8000b9ce (0x00200893) li      a7, 2
core   0: 3 0x8000b9ce (0x00200893) x17 0x00000002
core   0: 0x8000b9d2 (0x000002c2) c.slli  t0, 16
core   0: 3 0x8000b9d2 (0x02c2) x 5 0xfd950000
core   0: 0x8000b9d4 (0xffa00613) li      a2, -6
core   0: 3 0x8000b9d4 (0xffa00613) x12 0xfffffffa
core   0: 0x8000b9d8 (0xa9e74e97) auipc   t4, 0xa9e74
core   0: 3 0x8000b9d8 (0xa9e74e97) x29 0x29e7f9d8
core   0: 0x8000b9dc (0x0000829d) c.srli  a3, 7
core   0: 3 0x8000b9dc (0x829d) x13 0x0000000a
core   0: 0x8000b9de (0x41938ab3) sub     s5, t2, s9
core   0: 3 0x8000b9de (0x41938ab3) x21 0x00000001
core   0: 0x8000b9e2 (0x01869813) slli    a6, a3, 24
core   0: 3 0x8000b9e2 (0x01869813) x16 0x0a000000
core   0: 0x8000b9e6 (0x91494c13) xori    s8, s2, -1772
core   0: 3 0x8000b9e6 (0x91494c13) x24 0xffff4914
core   0: 0x8000b9ea (0x00006531) c.lui   a0, 0xc
core   0: 3 0x8000b9ea (0x6531) x10 0x0000c000
core   0: 0x8000b9ec (0x00008d49) c.or    a0, a0
core   0: 3 0x8000b9ec (0x8d49) x10 0x0000c000
core   0: 0x8000b9ee (0x00008f8d) c.sub   a5, a1
core   0: 3 0x8000b9ee (0x8f8d) x15 0x357ef88c
core   0: 0x8000b9f0 (0x000018e1) c.addi  a7, -8
core   0: 3 0x8000b9f0 (0x18e1) x17 0xfffffffa
core   0: 0x8000b9f2 (0x00200713) li      a4, 2
core   0: 3 0x8000b9f2 (0x00200713) x14 0x00000002
core   0: 0x8000b9f6 (0x03b7c933) div     s2, a5, s11
core   0: 3 0x8000b9f6 (0x03b7c933) x18 0x00000000
core   0: 0x8000b9fa (0x0000100f) fence.i
core   0: 3 0x8000b9fa (0x0000100f)
core   0: 0x8000b9fe (0x0019a9b3) slt     s3, s3, ra
core   0: 3 0x8000b9fe (0x0019a9b3) x19 0x00000000
core   0: 0x8000ba02 (0xeada3c13) sltiu   s8, s4, -339
core   0: 3 0x8000ba02 (0xeada3c13) x24 0x00000001
core   0: 0x8000ba06 (0x00008fb1) c.xor   a5, a2
core   0: 3 0x8000ba06 (0x8fb1) x15 0xca810776
core   0: 0x8000ba08 (0x00800f13) li      t5, 8
core   0: 3 0x8000ba08 (0x00800f13) x30 0x00000008
core   0: 0x8000ba0c (0x013613b3) sll     t2, a2, s3
core   0: 3 0x8000ba0c (0x013613b3) x 7 0xfffffffa
core   0: 0x8000ba10 (0x7368ec13) ori     s8, a7, 1846
core   0: 3 0x8000ba10 (0x7368ec13) x24 0xfffffffe
core   0: 0x8000ba14 (0x41b789b3) sub     s3, a5, s11
core   0: 3 0x8000ba14 (0x41b789b3) x19 0x8fa3e776
core   0: 0x8000ba18 (0x00000729) c.addi  a4, 10
core   0: 3 0x8000ba18 (0x0729) x14 0x0000000c
core   0: 0x8000ba1a (0x03a820b3) mulhsu  ra, a6, s10
core   0: 3 0x8000ba1a (0x03a820b3) x 1 0x09ffffff
core   0: 0x8000ba1e (0x0000942a) c.add   s0, a0
core   0: 3 0x8000ba1e (0x942a) x 8 0x0000c000
core   0: 0x8000ba20 (0xffe768e3) bltu    a4, t5, pc - 16
core   0: 3 0x8000ba20 (0xffe768e3)
core   0: 0x8000ba24 (0xfcc884e3) beq     a7, a2, pc - 56
core   0: 3 0x8000ba24 (0xfcc884e3)
core   0: 0x8000b9ec (0x00008d49) c.or    a0, a0
core   0: 3 0x8000b9ec (0x8d49) x10 0x0000c000
core   0: 0x8000b9ee (0x00008f8d) c.sub   a5, a1
core   0: 3 0x8000b9ee (0x8f8d) x15 0xca810775
core   0: 0x8000b9f0 (0x000018e1) c.addi  a7, -8
core   0: 3 0x8000b9f0 (0x18e1) x17 0xfffffff2
core   0: 0x8000b9f2 (0x00200713) li      a4, 2
core   0: 3 0x8000b9f2 (0x00200713) x14 0x00000002
core   0: 0x8000b9f6 (0x03b7c933) div     s2, a5, s11
core   0: 3 0x8000b9f6 (0x03b7c933) x18 0x00000000
core   0: 0x8000b9fa (0x0000100f) fence.i
core   0: 3 0x8000b9fa (0x0000100f)
core   0: 0x8000b9fe (0x0019a9b3) slt     s3, s3, ra
core   0: 3 0x8000b9fe (0x0019a9b3) x19 0x00000001
core   0: 0x8000ba02 (0xeada3c13) sltiu   s8, s4, -339
core   0: 3 0x8000ba02 (0xeada3c13) x24 0x00000001
core   0: 0x8000ba06 (0x00008fb1) c.xor   a5, a2
core   0: 3 0x8000ba06 (0x8fb1) x15 0x357ef88f
core   0: 0x8000ba08 (0x00800f13) li      t5, 8
core   0: 3 0x8000ba08 (0x00800f13) x30 0x00000008
core   0: 0x8000ba0c (0x013613b3) sll     t2, a2, s3
core   0: 3 0x8000ba0c (0x013613b3) x 7 0xfffffff4
core   0: 0x8000ba10 (0x7368ec13) ori     s8, a7, 1846
core   0: 3 0x8000ba10 (0x7368ec13) x24 0xfffffff6
core   0: 0x8000ba14 (0x41b789b3) sub     s3, a5, s11
core   0: 3 0x8000ba14 (0x41b789b3) x19 0xfaa1d88f
core   0: 0x8000ba18 (0x00000729) c.addi  a4, 10
core   0: 3 0x8000ba18 (0x0729) x14 0x0000000c
core   0: 0x8000ba1a (0x03a820b3) mulhsu  ra, a6, s10
core   0: 3 0x8000ba1a (0x03a820b3) x 1 0x09ffffff
core   0: 0x8000ba1e (0x0000942a) c.add   s0, a0
core   0: 3 0x8000ba1e (0x942a) x 8 0x00018000
core   0: 0x8000ba20 (0xffe768e3) bltu    a4, t5, pc - 16
core   0: 3 0x8000ba20 (0xffe768e3)
core   0: 0x8000ba24 (0xfcc884e3) beq     a7, a2, pc - 56
core   0: 3 0x8000ba24 (0xfcc884e3)
core   0: 0x8000ba28 (0x032fb3b3) mulhu   t2, t6, s2
core   0: 3 0x8000ba28 (0x032fb3b3) x 7 0x00000000
core   0: 0x8000ba2c (0x01cf2933) slt     s2, t5, t3
core   0: 3 0x8000ba2c (0x01cf2933) x18 0x00000000
core   0: 0x8000ba30 (0x3c1165b7) lui     a1, 0x3c116
core   0: 3 0x8000ba30 (0x3c1165b7) x11 0x3c116000
core   0: 0x8000ba34 (0x00006515) c.lui   a0, 0x5
core   0: 3 0x8000ba34 (0x6515) x10 0x00005000
core   0: 0x8000ba36 (0x4095db33) sra     s6, a1, s1
core   0: 3 0x8000ba36 (0x4095db33) x22 0x0001e08b
core   0: 0x8000ba3a (0x01766c33) or      s8, a2, s7
core   0: 3 0x8000ba3a (0x01766c33) x24 0xfffffffe
core   0: 0x8000ba3e (0xb8987893) andi    a7, a6, -1143
core   0: 3 0x8000ba3e (0xb8987893) x17 0x0a000000
core   0: 0x8000ba42 (0x02b77733) remu    a4, a4, a1
core   0: 3 0x8000ba42 (0x02b77733) x14 0x0000000c
core   0: 0x8000ba46 (0x00001efd) c.addi  t4, -1
core   0: 3 0x8000ba46 (0x1efd) x29 0x29e7f9d7
core   0: 0x8000ba48 (0x00000001) c.nop
core   0: 3 0x8000ba48 (0x0001)
core   0: 0x8000ba4a (0x03719133) mulh    sp, gp, s7
core   0: 3 0x8000ba4a (0x03719133) x 2 0xffffffff
core   0: 0x8000ba4e (0x00009a8e) c.add   s5, gp
core   0: 3 0x8000ba4e (0x9a8e) x21 0x00000002
core   0: 0x8000ba50 (0x00008ed5) c.or    a3, a3
core   0: 3 0x8000ba50 (0x8ed5) x13 0x0000000a
core   0: 0x8000ba52 (0x00008cd5) c.or    s1, a3
core   0: 3 0x8000ba52 (0x8cd5) x 9 0x357efdef
core   0: 0x8000ba54 (0x0000090c) c.addi4spn a1, sp, 144
core   0: 3 0x8000ba54 (0x090c) x11 0x0000008f
core   0: 0x8000ba56 (0x00000f10) c.addi4spn a2, sp, 912
core   0: 3 0x8000ba56 (0x0f10) x12 0x0000038f
core   0: 0x8000ba58 (0x01324333) xor     t1, tp, s3
core   0: 3 0x8000ba58 (0x01324333) x 6 0xfaa1d88e
core   0: 0x8000ba5c (0x00fbd913) srli    s2, s7, 15
core   0: 3 0x8000ba5c (0x00fbd913) x18 0x00010004
core   0: 0x8000ba60 (0x0209d133) divu    sp, s3, zero
core   0: 3 0x8000ba60 (0x0209d133) x 2 0xffffffff
core   0: 0x8000ba64 (0x3445cd93) xori    s11, a1, 836
core   0: 3 0x8000ba64 (0x3445cd93) x27 0x000003cb
core   0: 0x8000ba68 (0x03bfd9b3) divu    s3, t6, s11
core   0: 3 0x8000ba68 (0x03bfd9b3) x19 0x00000000
core   0: 0x8000ba6c (0x02aef933) remu    s2, t4, a0
core   0: 3 0x8000ba6c (0x02aef933) x18 0x000029d7
core   0: 0x8000ba70 (0x021e5733) divu    a4, t3, ra
core   0: 3 0x8000ba70 (0x021e5733) x14 0x0000000c
core   0: 0x8000ba74 (0x007d9493) slli    s1, s11, 7
core   0: 3 0x8000ba74 (0x007d9493) x 9 0x0001e580
core   0: 0x8000ba78 (0x00000590) c.addi4spn a2, sp, 704
core   0: 3 0x8000ba78 (0x0590) x12 0x000002bf
core   0: 0x8000ba7a (0x0279adb3) mulhsu  s11, s3, t2
core   0: 3 0x8000ba7a (0x0279adb3) x27 0x00000000
core   0: 0x8000ba7e (0x01e48563) beq     s1, t5, pc + 10
core   0: 3 0x8000ba7e (0x01e48563)
core   0: 0x8000ba82 (0x00008c21) c.xor   s0, s0
core   0: 3 0x8000ba82 (0x8c21) x 8 0x00000000
core   0: 0x8000ba84 (0xa84f31b7) lui     gp, 0xa84f3
core   0: 3 0x8000ba84 (0xa84f31b7) x 3 0xa84f3000
core   0: 0x8000ba88 (0x02514533) div     a0, sp, t0
core   0: 3 0x8000ba88 (0x02514533) x10 0x00000000
core   0: 0x8000ba8c (0x8b673213) sltiu   tp, a4, -1866
core   0: 3 0x8000ba8c (0x8b673213) x 4 0x00000001
core   0: 0x8000ba90 (0x00137e63) bgeu    t1, ra, pc + 28
core   0: 3 0x8000ba90 (0x00137e63)
core   0: 0x8000baac (0x00000f0c) c.addi4spn a1, sp, 912
core   0: 3 0x8000baac (0x0f0c) x11 0x0000038f
core   0: 0x8000baae (0x00add733) srl     a4, s11, a0
core   0: 3 0x8000baae (0x00add733) x14 0x00000000
core   0: 0x8000bab2 (0x0000891e) c.mv    s2, t2
core   0: 3 0x8000bab2 (0x891e) x18 0x00000000
core   0: 0x8000bab4 (0x031f7333) remu    t1, t5, a7
core   0: 3 0x8000bab4 (0x031f7333) x 6 0x00000008
core   0: 0x8000bab8 (0x00a1d9b3) srl     s3, gp, a0
core   0: 3 0x8000bab8 (0x00a1d9b3) x19 0xa84f3000
core   0: 0x8000babc (0x2a0f1437) lui     s0, 0x2a0f1
core   0: 3 0x8000babc (0x2a0f1437) x 8 0x2a0f1000
core   0: 0x8000bac0 (0x0000c69d) c.beqz  a3, pc + 46
core   0: 3 0x8000bac0 (0xc69d)
core   0: 0x8000bac2 (0x02f4b1b3) mulhu   gp, s1, a5
core   0: 3 0x8000bac2 (0x02f4b1b3) x 3 0x00006574
core   0: 0x8000bac6 (0x02df6133) rem     sp, t5, a3
core   0: 3 0x8000bac6 (0x02df6133) x 2 0x00000008
core   0: 0x8000baca (0x0000c805) c.beqz  s0, pc + 48
core   0: 3 0x8000baca (0xc805)
core   0: 0x8000bacc (0x01fe0f33) add     t5, t3, t6
core   0: 3 0x8000bacc (0x01fe0f33) x30 0x80022dfd
core   0: 0x8000bad0 (0x03748963) beq     s1, s7, pc + 50
core   0: 3 0x8000bad0 (0x03748963)
core   0: 0x8000bad4 (0x009fe863) bltu    t6, s1, pc + 16
core   0: 3 0x8000bad4 (0x009fe863)
core   0: 0x8000bae4 (0x01cb4ab3) xor     s5, s6, t3
core   0: 3 0x8000bae4 (0x01cb4ab3) x21 0x8003cd77
core   0: 0x8000bae8 (0x000087f2) c.mv    a5, t3
core   0: 3 0x8000bae8 (0x87f2) x15 0x80022dfc
core   0: 0x8000baea (0x01fd8133) add     sp, s11, t6
core   0: 3 0x8000baea (0x01fd8133) x 2 0x00000001
core   0: 0x8000baee (0x0143ab33) slt     s6, t2, s4
core   0: 3 0x8000baee (0x0143ab33) x22 0x00000000
core   0: 0x8000baf2 (0x0e26fa93) andi    s5, a3, 226
core   0: 3 0x8000baf2 (0x0e26fa93) x21 0x00000002
core   0: 0x8000baf6 (0x002fdc63) bge     t6, sp, pc + 24
core   0: 3 0x8000baf6 (0x002fdc63)
core   0: 0x8000bb0e (0x00e94b63) blt     s2, a4, pc + 22
core   0: 3 0x8000bb0e (0x00e94b63)
core   0: 0x8000bb12 (0x0000090c) c.addi4spn a1, sp, 144
core   0: 3 0x8000bb12 (0x090c) x11 0x00000091
core   0: 0x8000bb14 (0x00006145) c.addi16sp sp, 48
core   0: 3 0x8000bb14 (0x6145) x 2 0x00000031
core   0: 0x8000bb16 (0xde483f13) sltiu   t5, a6, -540
core   0: 3 0x8000bb16 (0xde483f13) x30 0x00000001
core   0: 0x8000bb1a (0x00000dea) c.slli  s11, 26
core   0: 3 0x8000bb1a (0x0dea) x27 0x00000000
core   0: 0x8000bb1c (0x00009952) c.add   s2, s4
core   0: 3 0x8000bb1c (0x9952) x18 0x80000000
core   0: 0x8000bb1e (0x000d9713) slli    a4, s11, 0
core   0: 3 0x8000bb1e (0x000d9713) x14 0x00000000
core   0: 0x8000bb22 (0x00000001) c.nop
core   0: 3 0x8000bb22 (0x0001)
core   0: 0x8000bb24 (0x01484f33) xor     t5, a6, s4
core   0: 3 0x8000bb24 (0x01484f33) x30 0x8a000000
core   0: 0x8000bb28 (0x00bed833) srl     a6, t4, a1
core   0: 3 0x8000bb28 (0x00bed833) x16 0x000014f3
core   0: 0x8000bb2c (0x000082a6) c.mv    t0, s1
core   0: 3 0x8000bb2c (0x82a6) x 5 0x0001e580
core   0: 0x8000bb2e (0x0383e133) rem     sp, t2, s8
core   0: 3 0x8000bb2e (0x0383e133) x 2 0x00000000
core   0: 0x8000bb32 (0x00009f5e) c.add   t5, s7
core   0: 3 0x8000bb32 (0x9f5e) x30 0x0a026ce4
core   0: 0x8000bb34 (0x41d25c13) srai    s8, tp, 29
core   0: 3 0x8000bb34 (0x41d25c13) x24 0x00000000
core   0: 0x8000bb38 (0xf0afa313) slti    t1, t6, -246
core   0: 3 0x8000bb38 (0xf0afa313) x 6 0x00000000
core   0: 0x8000bb3c (0x00008445) c.srai  s0, 17
core   0: 3 0x8000bb3c (0x8445) x 8 0x00001507
core   0: 0x8000bb3e (0x0332e4b3) rem     s1, t0, s3
core   0: 3 0x8000bb3e (0x0332e4b3) x 9 0x0001e580
core   0: 0x8000bb42 (0x00000088) c.addi4spn a0, sp, 64
core   0: 3 0x8000bb42 (0x0088) x10 0x00000040
core   0: 0x8000bb44 (0x000096c2) c.add   a3, a6
core   0: 3 0x8000bb44 (0x96c2) x13 0x000014fd
core   0: 0x8000bb46 (0x00008fb5) c.xor   a5, a3
core   0: 3 0x8000bb46 (0x8fb5) x15 0x80023901
core   0: 0x8000bb48 (0x01c8afb3) slt     t6, a7, t3
core   0: 3 0x8000bb48 (0x01c8afb3) x31 0x00000000
core   0: 0x8000bb4c (0x42f28f93) addi    t6, t0, 1071
core   0: 3 0x8000bb4c (0x42f28f93) x31 0x0001e9af
core   0: 0x8000bb50 (0x0399c0b3) div     ra, s3, s9
core   0: 3 0x8000bb50 (0x0399c0b3) x 1 0x57b0d000
core   0: 0x8000bb54 (0x00001f7d) c.addi  t5, -1
core   0: 3 0x8000bb54 (0x1f7d) x30 0x0a026ce3
core   0: 0x8000bb56 (0x0ff0000f) fence   iorw,iorw
core   0: 3 0x8000bb56 (0x0ff0000f)
core   0: 0x8000bb5a (0x6405c813) xori    a6, a1, 1600
core   0: 3 0x8000bb5a (0x6405c813) x16 0x000006d1
core   0: 0x8000bb5e (0x0000eb89) c.bnez  a5, pc + 18
core   0: 3 0x8000bb5e (0xeb89)
core   0: 0x8000bb70 (0xe130ef93) ori     t6, ra, -493
core   0: 3 0x8000bb70 (0xe130ef93) x31 0xfffffe13
core   0: 0x8000bb74 (0x0000717d) c.addi16sp sp, -16
core   0: 3 0x8000bb74 (0x717d) x 2 0xfffffff0
core   0: 0x8000bb76 (0x03af6333) rem     t1, t5, s10
core   0: 3 0x8000bb76 (0x03af6333) x 6 0x00000000
core   0: 0x8000bb7a (0x01f5c133) xor     sp, a1, t6
core   0: 3 0x8000bb7a (0x01f5c133) x 2 0xfffffe82
core   0: 0x8000bb7e (0x00008751) c.srai  a4, 20
core   0: 3 0x8000bb7e (0x8751) x14 0x00000000
core   0: 0x8000bb80 (0x03dbfc33) remu    s8, s7, t4
core   0: 3 0x8000bb80 (0x03dbfc33) x24 0x024a7f5f
core   0: 0x8000bb84 (0x03273433) mulhu   s0, a4, s2
core   0: 3 0x8000bb84 (0x03273433) x 8 0x00000000
core   0: 0x8000bb88 (0x01086633) or      a2, a6, a6
core   0: 3 0x8000bb88 (0x01086633) x12 0x000006d1
core   0: 0x8000bb8c (0x0000839a) c.mv    t2, t1
core   0: 3 0x8000bb8c (0x839a) x 7 0x00000000
core   0: 0x8000bb8e (0x00000766) c.slli  a4, 25
core   0: 3 0x8000bb8e (0x0766) x14 0x00000000
core   0: 0x8000bb90 (0x000002a5) c.addi  t0, 9
core   0: 3 0x8000bb90 (0x02a5) x 5 0x0001e589
core   0: 0x8000bb92 (0x00000001) c.nop
core   0: 3 0x8000bb92 (0x0001)
core   0: 0x8000bb94 (0x001c5fb3) srl     t6, s8, ra
core   0: 3 0x8000bb94 (0x001c5fb3) x31 0x024a7f5f
core   0: 0x8000bb98 (0x9a7d3e93) sltiu   t4, s10, -1625
core   0: 3 0x8000bb98 (0x9a7d3e93) x29 0x00000000
core   0: 0x8000bb9c (0x01d10ab3) add     s5, sp, t4
core   0: 3 0x8000bb9c (0x01d10ab3) x21 0xfffffe82
core   0: 0x8000bba0 (0x00006109) c.addi16sp sp, 128
core   0: 3 0x8000bba0 (0x6109) x 2 0xffffff02
core   0: 0x8000bba2 (0x41a55c33) sra     s8, a0, s10
core   0: 3 0x8000bba2 (0x41a55c33) x24 0x00000000
core   0: 0x8000bba6 (0x00008cbd) c.xor   s1, a5
core   0: 3 0x8000bba6 (0x8cbd) x 9 0x8003dc81
core   0: 0x8000bba8 (0x0000e40d) c.bnez  s0, pc + 42
core   0: 3 0x8000bba8 (0xe40d)
core   0: 0x8000bbaa (0x00008005) c.srli  s0, 1
core   0: 3 0x8000bbaa (0x8005) x 8 0x00000000
core   0: 0x8000bbac (0x9d3d2fb7) lui     t6, 0x9d3d2
core   0: 3 0x8000bbac (0x9d3d2fb7) x31 0x9d3d2000
core   0: 0x8000bbb0 (0x00004ff1) c.li    t6, 28
core   0: 3 0x8000bbb0 (0x4ff1) x31 0x0000001c
core   0: 0x8000bbb2 (0x00001b7d) c.addi  s6, -1
core   0: 3 0x8000bbb2 (0x1b7d) x22 0xffffffff
core   0: 0x8000bbb4 (0x004e0c33) add     s8, t3, tp
core   0: 3 0x8000bbb4 (0x004e0c33) x24 0x80022dfd
core   0: 0x8000bbb8 (0xf31f4193) xori    gp, t5, -207
core   0: 3 0x8000bbb8 (0xf31f4193) x 3 0xf5fd93d2
core   0: 0x8000bbbc (0x0000e709) c.bnez  a4, pc + 10
core   0: 3 0x8000bbbc (0xe709)
core   0: 0x8000bbbe (0x001894b3) sll     s1, a7, ra
core   0: 3 0x8000bbbe (0x001894b3) x 9 0x0a000000
core   0: 0x8000bbc2 (0x0000e211) c.bnez  a2, pc + 4
core   0: 3 0x8000bbc2 (0xe211)
core   0: 0x8000bbc6 (0x0000616d) c.addi16sp sp, 240
core   0: 3 0x8000bbc6 (0x616d) x 2 0xfffffff2
core   0: 0x8000bbc8 (0x03d30763) beq     t1, t4, pc + 46
core   0: 3 0x8000bbc8 (0x03d30763)
core   0: 0x8000bbf6 (0x00000001) c.nop
core   0: 3 0x8000bbf6 (0x0001)
core   0: 0x8000bbf8 (0x02389663) bne     a7, gp, pc + 44
core   0: 3 0x8000bbf8 (0x02389663)
core   0: 0x8000bc24 (0x01516b33) or      s6, sp, s5
core   0: 3 0x8000bc24 (0x01516b33) x22 0xfffffff2
core   0: 0x8000bc28 (0x035fd2b3) divu    t0, t6, s5
core   0: 3 0x8000bc28 (0x035fd2b3) x 5 0x00000000
core   0: 0x8000bc2c (0x035e5ab3) divu    s5, t3, s5
core   0: 3 0x8000bc2c (0x035e5ab3) x21 0x00000000
core   0: 0x8000bc30 (0x004e2803) lw      a6, 4(t3)
core   0: 3 0x8000bc30 (0x004e2803) x16 0x80004ab0 mem 0x80022e00
core   0: 0x8000bc34 (0x0f897c13) andi    s8, s2, 248
core   0: 3 0x8000bc34 (0x0f897c13) x24 0x00000000
core   0: 0x8000bc38 (0x00000352) c.slli  t1, 20
core   0: 3 0x8000bc38 (0x0352) x 6 0x00000000
core   0: 0x8000bc3a (0x4103dcb3) sra     s9, t2, a6
core   0: 3 0x8000bc3a (0x4103dcb3) x25 0x00000000
core   0: 0x8000bc3e (0x038e0e13) addi    t3, t3, 56
core   0: 3 0x8000bc3e (0x038e0e13) x28 0x80022e34
core   0: 0x8000bc42 (0x02815533) divu    a0, sp, s0
core   0: 3 0x8000bc42 (0x02815533) x10 0xffffffff
core   0: 0x8000bc46 (0x414fdeb3) sra     t4, t6, s4
core   0: 3 0x8000bc46 (0x414fdeb3) x29 0x0000001c
core   0: 0x8000bc4a (0x00080413) mv      s0, a6
core   0: 3 0x8000bc4a (0x00080413) x 8 0x80004ab0
core   0: 0x8000bc4e (0x00008402) c.jr    s0
core   0: 3 0x8000bc4e (0x8402)
core   0: 0x80004ab0 (0x03bfb133) mulhu   sp, t6, s11
core   0: 3 0x80004ab0 (0x03bfb133) x 2 0x00000000
core   0: 0x80004ab4 (0x00000001) c.nop
core   0: 3 0x80004ab4 (0x0001)
core   0: 0x80004ab6 (0x03cd3fb3) mulhu   t6, s10, t3
core   0: 3 0x80004ab6 (0x03cd3fb3) x31 0x80022e33
core   0: 0x80004aba (0x0152df63) bge     t0, s5, pc + 30
core   0: 3 0x80004aba (0x0152df63)
core   0: 0x80004ad8 (0x39d0586f) jal     a6, pc + 0x5b9c
core   0: 3 0x80004ad8 (0x39d0586f) x16 0x80004adc
core   0: 0x8000a674 (0x023c7eb3) remu    t4, s8, gp
core   0: 3 0x8000a674 (0x023c7eb3) x29 0x00000000
core   0: 0x8000a678 (0x00006165) c.addi16sp sp, 112
core   0: 3 0x8000a678 (0x6165) x 2 0x00000070
core   0: 0x8000a67a (0x00000001) c.nop
core   0: 3 0x8000a67a (0x0001)
core   0: 0x8000a67c (0xfcce0e13) addi    t3, t3, -52
core   0: 3 0x8000a67c (0xfcce0e13) x28 0x80022e00
core   0: 0x8000a680 (0x00008d01) c.sub   a0, s0
core   0: 3 0x8000a680 (0x8d01) x10 0x7fffb54f
core   0: 0x8000a682 (0x010e2223) sw      a6, 4(t3)
core   0: 3 0x8000a682 (0x010e2223) mem 0x80022e04 0x80004adc
core   0: 0x8000a686 (0x00000c10) c.addi4spn a2, sp, 528
core   0: 3 0x8000a686 (0x0c10) x12 0x00000280
core   0: 0x8000a688 (0x4a66a913) slti    s2, a3, 1190
core   0: 3 0x8000a688 (0x4a66a913) x18 0x00000000
core   0: 0x8000a68c (0xff600693) li      a3, -10
core   0: 3 0x8000a68c (0xff600693) x13 0xfffffff6
core   0: 0x8000a690 (0x8a54d117) auipc   sp, 0x8a54d
core   0: 3 0x8000a690 (0x8a54d117) x 2 0x0a557690
core   0: 0x8000a694 (0xff000093) li      ra, -16
core   0: 3 0x8000a694 (0xff000093) x 1 0xfffffff0
core   0: 0x8000a698 (0x0115cab3) xor     s5, a1, a7
core   0: 3 0x8000a698 (0x0115cab3) x21 0x0a000091
core   0: 0x8000a69c (0x005f04b3) add     s1, t5, t0
core   0: 3 0x8000a69c (0x005f04b3) x 9 0x0a026ce3
core   0: 0x8000a6a0 (0x000016ed) c.addi  a3, -5
core   0: 3 0x8000a6a0 (0x16ed) x13 0xfffffff1
core   0: 0x8000a6a2 (0x00009fae) c.add   t6, a1
core   0: 3 0x8000a6a2 (0x9fae) x31 0x80022ec4
core   0: 0x8000a6a4 (0x41dfd793) srai    a5, t6, 29
core   0: 3 0x8000a6a4 (0x41dfd793) x15 0xfffffffc
core   0: 0x8000a6a8 (0x01326f33) or      t5, tp, s3
core   0: 3 0x8000a6a8 (0x01326f33) x30 0xa84f3001
core   0: 0x8000a6ac (0x00600613) li      a2, 6
core   0: 3 0x8000a6ac (0x00600613) x12 0x00000006
core   0: 0x8000a6b0 (0x020627b3) mulhsu  a5, a2, zero
core   0: 3 0x8000a6b0 (0x020627b3) x15 0x00000000
core   0: 0x8000a6b4 (0x11892793) slti    a5, s2, 280
core   0: 3 0x8000a6b4 (0x11892793) x15 0x00000001
core   0: 0x8000a6b8 (0x0155d433) srl     s0, a1, s5
core   0: 3 0x8000a6b8 (0x0155d433) x 8 0x00000000
core   0: 0x8000a6bc (0x00000001) c.nop
core   0: 3 0x8000a6bc (0x0001)
core   0: 0x8000a6be (0x1ea47293) andi    t0, s0, 490
core   0: 3 0x8000a6be (0x1ea47293) x 5 0x00000000
core   0: 0x8000a6c2 (0x00001675) c.addi  a2, -3
core   0: 3 0x8000a6c2 (0x1675) x12 0x00000003
core   0: 0x8000a6c4 (0xd8048993) addi    s3, s1, -640
core   0: 3 0x8000a6c4 (0xd8048993) x19 0x0a026a63
core   0: 0x8000a6c8 (0x0000610d) c.addi16sp sp, 160
core   0: 3 0x8000a6c8 (0x610d) x 2 0x0a557730
core   0: 0x8000a6ca (0x00000704) c.addi4spn s1, sp, 896
core   0: 3 0x8000a6ca (0x0704) x 9 0x0a557ab0
core   0: 0x8000a6cc (0x00008f1d) c.sub   a4, a5
core   0: 3 0x8000a6cc (0x8f1d) x14 0xffffffff
core   0: 0x8000a6ce (0x00008055) c.srli  s0, 21
core   0: 3 0x8000a6ce (0x8055) x 8 0x00000000
core   0: 0x8000a6d0 (0x00000001) c.nop
core   0: 3 0x8000a6d0 (0x0001)
core   0: 0x8000a6d2 (0xea142113) slti    sp, s0, -351
core   0: 3 0x8000a6d2 (0xea142113) x 2 0x00000000
core   0: 0x8000a6d6 (0x03910233) mul     tp, sp, s9
core   0: 3 0x8000a6d6 (0x03910233) x 4 0x00000000
core   0: 0x8000a6da (0x0000d275) c.beqz  a2, pc - 28
core   0: 3 0x8000a6da (0xd275)
core   0: 0x8000a6dc (0x00d2f733) and     a4, t0, a3
core   0: 3 0x8000a6dc (0x00d2f733) x14 0x00000000
core   0: 0x8000a6e0 (0x018c11b3) sll     gp, s8, s8
core   0: 3 0x8000a6e0 (0x018c11b3) x 3 0x00000000
core   0: 0x8000a6e4 (0x0055a8b3) slt     a7, a1, t0
core   0: 3 0x8000a6e4 (0x0055a8b3) x17 0x00000000
core   0: 0x8000a6e8 (0x000085d5) c.srai  a1, 21
core   0: 3 0x8000a6e8 (0x85d5) x11 0x00000000
core   0: 0x8000a6ea (0xfa16d9e3) bge     a3, ra, pc - 78
core   0: 3 0x8000a6ea (0xfa16d9e3)
core   0: 0x8000a69c (0x005f04b3) add     s1, t5, t0
core   0: 3 0x8000a69c (0x005f04b3) x 9 0xa84f3001
core   0: 0x8000a6a0 (0x000016ed) c.addi  a3, -5
core   0: 3 0x8000a6a0 (0x16ed) x13 0xffffffec
core   0: 0x8000a6a2 (0x00009fae) c.add   t6, a1
core   0: 3 0x8000a6a2 (0x9fae) x31 0x80022ec4
core   0: 0x8000a6a4 (0x41dfd793) srai    a5, t6, 29
core   0: 3 0x8000a6a4 (0x41dfd793) x15 0xfffffffc
core   0: 0x8000a6a8 (0x01326f33) or      t5, tp, s3
core   0: 3 0x8000a6a8 (0x01326f33) x30 0x0a026a63
core   0: 0x8000a6ac (0x00600613) li      a2, 6
core   0: 3 0x8000a6ac (0x00600613) x12 0x00000006
core   0: 0x8000a6b0 (0x020627b3) mulhsu  a5, a2, zero
core   0: 3 0x8000a6b0 (0x020627b3) x15 0x00000000
core   0: 0x8000a6b4 (0x11892793) slti    a5, s2, 280
core   0: 3 0x8000a6b4 (0x11892793) x15 0x00000001
core   0: 0x8000a6b8 (0x0155d433) srl     s0, a1, s5
core   0: 3 0x8000a6b8 (0x0155d433) x 8 0x00000000
core   0: 0x8000a6bc (0x00000001) c.nop
core   0: 3 0x8000a6bc (0x0001)
core   0: 0x8000a6be (0x1ea47293) andi    t0, s0, 490
core   0: 3 0x8000a6be (0x1ea47293) x 5 0x00000000
core   0: 0x8000a6c2 (0x00001675) c.addi  a2, -3
core   0: 3 0x8000a6c2 (0x1675) x12 0x00000003
core   0: 0x8000a6c4 (0xd8048993) addi    s3, s1, -640
core   0: 3 0x8000a6c4 (0xd8048993) x19 0xa84f2d81
core   0: 0x8000a6c8 (0x0000610d) c.addi16sp sp, 160
core   0: 3 0x8000a6c8 (0x610d) x 2 0x000000a0
core   0: 0x8000a6ca (0x00000704) c.addi4spn s1, sp, 896
core   0: 3 0x8000a6ca (0x0704) x 9 0x00000420
core   0: 0x8000a6cc (0x00008f1d) c.sub   a4, a5
core   0: 3 0x8000a6cc (0x8f1d) x14 0xffffffff
core   0: 0x8000a6ce (0x00008055) c.srli  s0, 21
core   0: 3 0x8000a6ce (0x8055) x 8 0x00000000
core   0: 0x8000a6d0 (0x00000001) c.nop
core   0: 3 0x8000a6d0 (0x0001)
core   0: 0x8000a6d2 (0xea142113) slti    sp, s0, -351
core   0: 3 0x8000a6d2 (0xea142113) x 2 0x00000000
core   0: 0x8000a6d6 (0x03910233) mul     tp, sp, s9
core   0: 3 0x8000a6d6 (0x03910233) x 4 0x00000000
core   0: 0x8000a6da (0x0000d275) c.beqz  a2, pc - 28
core   0: 3 0x8000a6da (0xd275)
core   0: 0x8000a6dc (0x00d2f733) and     a4, t0, a3
core   0: 3 0x8000a6dc (0x00d2f733) x14 0x00000000
core   0: 0x8000a6e0 (0x018c11b3) sll     gp, s8, s8
core   0: 3 0x8000a6e0 (0x018c11b3) x 3 0x00000000
core   0: 0x8000a6e4 (0x0055a8b3) slt     a7, a1, t0
core   0: 3 0x8000a6e4 (0x0055a8b3) x17 0x00000000
core   0: 0x8000a6e8 (0x000085d5) c.srai  a1, 21
core   0: 3 0x8000a6e8 (0x85d5) x11 0x00000000
core   0: 0x8000a6ea (0xfa16d9e3) bge     a3, ra, pc - 78
core   0: 3 0x8000a6ea (0xfa16d9e3)
core   0: 0x8000a6ee (0x031e1db3) mulh    s11, t3, a7
core   0: 3 0x8000a6ee (0x031e1db3) x27 0x00000000
core   0: 0x8000a6f2 (0xffd00493) li      s1, -3
core   0: 3 0x8000a6f2 (0xffd00493) x 9 0xfffffffd
core   0: 0x8000a6f6 (0x5044b3b7) lui     t2, 0x5044b
core   0: 3 0x8000a6f6 (0x5044b3b7) x 7 0x5044b000
core   0: 0x8000a6fa (0x5eff7693) andi    a3, t5, 1519
core   0: 3 0x8000a6fa (0x5eff7693) x13 0x00000063
core   0: 0x8000a6fe (0x018e9d33) sll     s10, t4, s8
core   0: 3 0x8000a6fe (0x018e9d33) x26 0x00000000
core   0: 0x8000a702 (0x038761b3) rem     gp, a4, s8
core   0: 3 0x8000a702 (0x038761b3) x 3 0x00000000
core   0: 0x8000a706 (0x010d5c13) srli    s8, s10, 16
core   0: 3 0x8000a706 (0x010d5c13) x24 0x00000000
core   0: 0x8000a70a (0x00000001) c.nop
core   0: 3 0x8000a70a (0x0001)
core   0: 0x8000a70c (0x188db293) sltiu   t0, s11, 392
core   0: 3 0x8000a70c (0x188db293) x 5 0x00000001
core   0: 0x8000a710 (0x00000001) c.nop
core   0: 3 0x8000a710 (0x0001)
core   0: 0x8000a712 (0x0019fab3) and     s5, s3, ra
core   0: 3 0x8000a712 (0x0019fab3) x21 0xa84f2d80
core   0: 0x8000a716 (0x031b5233) divu    tp, s6, a7
core   0: 3 0x8000a716 (0x031b5233) x 4 0xffffffff
core   0: 0x8000a71a (0x00000485) c.addi  s1, 1
core   0: 3 0x8000a71a (0x0485) x 9 0xfffffffe
core   0: 0x8000a71c (0x00008fa1) c.xor   a5, s0
core   0: 3 0x8000a71c (0x8fa1) x15 0x00000001
core   0: 0x8000a71e (0x00000001) c.nop
core   0: 3 0x8000a71e (0x0001)
core   0: 0x8000a720 (0x00200613) li      a2, 2
core   0: 3 0x8000a720 (0x00200613) x12 0x00000002
core   0: 0x8000a724 (0x00c00e93) li      t4, 12
core   0: 3 0x8000a724 (0x00c00e93) x29 0x0000000c
core   0: 0x8000a728 (0x00cd9ab3) sll     s5, s11, a2
core   0: 3 0x8000a728 (0x00cd9ab3) x21 0x00000000
core   0: 0x8000a72c (0x00000001) c.nop
core   0: 3 0x8000a72c (0x0001)
core   0: 0x8000a72e (0x030f8533) mul     a0, t6, a6
core   0: 3 0x8000a72e (0x030f8533) x10 0xa364d870
core   0: 0x8000a732 (0x0000597d) c.li    s2, -1
core   0: 3 0x8000a732 (0x597d) x18 0xffffffff
core   0: 0x8000a734 (0x00009b7d) c.andi  a4, -1
core   0: 3 0x8000a734 (0x9b7d) x14 0x00000000
core   0: 0x8000a736 (0x02fe16b3) mulh    a3, t3, a5
core   0: 3 0x8000a736 (0x02fe16b3) x13 0xffffffff
core   0: 0x8000a73a (0x02b25833) divu    a6, tp, a1
core   0: 3 0x8000a73a (0x02b25833) x16 0xffffffff
core   0: 0x8000a73e (0x00000621) c.addi  a2, 8
core   0: 3 0x8000a73e (0x0621) x12 0x0000000a
core   0: 0x8000a740 (0x00ac7233) and     tp, s8, a0
core   0: 3 0x8000a740 (0x00ac7233) x 4 0x00000000
core   0: 0x8000a744 (0xffd665e3) bltu    a2, t4, pc - 22
core   0: 3 0x8000a744 (0xffd665e3)
core   0: 0x8000a72e (0x030f8533) mul     a0, t6, a6
core   0: 3 0x8000a72e (0x030f8533) x10 0x7ffdd13c
core   0: 0x8000a732 (0x0000597d) c.li    s2, -1
core   0: 3 0x8000a732 (0x597d) x18 0xffffffff
core   0: 0x8000a734 (0x00009b7d) c.andi  a4, -1
core   0: 3 0x8000a734 (0x9b7d) x14 0x00000000
core   0: 0x8000a736 (0x02fe16b3) mulh    a3, t3, a5
core   0: 3 0x8000a736 (0x02fe16b3) x13 0xffffffff
core   0: 0x8000a73a (0x02b25833) divu    a6, tp, a1
core   0: 3 0x8000a73a (0x02b25833) x16 0xffffffff
core   0: 0x8000a73e (0x00000621) c.addi  a2, 8
core   0: 3 0x8000a73e (0x0621) x12 0x00000012
core   0: 0x8000a740 (0x00ac7233) and     tp, s8, a0
core   0: 3 0x8000a740 (0x00ac7233) x 4 0x00000000
core   0: 0x8000a744 (0xffd665e3) bltu    a2, t4, pc - 22
core   0: 3 0x8000a744 (0xffd665e3)
core   0: 0x8000a748 (0x0000100f) fence.i
core   0: 3 0x8000a748 (0x0000100f)
core   0: 0x8000a74c (0x00008f55) c.or    a4, a3
core   0: 3 0x8000a74c (0x8f55) x14 0xffffffff
core   0: 0x8000a74e (0x00008ee1) c.and   a3, s0
core   0: 3 0x8000a74e (0x8ee1) x13 0x00000000
core   0: 0x8000a750 (0x0000d0e9) c.beqz  s1, pc - 62
core   0: 3 0x8000a750 (0xd0e9)
core   0: 0x8000a752 (0x03a10433) mul     s0, sp, s10
core   0: 3 0x8000a752 (0x03a10433) x 8 0x00000000
core   0: 0x8000a756 (0xffa00413) li      s0, -6
core   0: 3 0x8000a756 (0xffa00413) x 8 0xfffffffa
core   0: 0x8000a75a (0x00000001) c.nop
core   0: 3 0x8000a75a (0x0001)
core   0: 0x8000a75c (0x019fe5b3) or      a1, t6, s9
core   0: 3 0x8000a75c (0x019fe5b3) x11 0x80022ec4
core   0: 0x8000a760 (0x00000419) c.addi  s0, 6
core   0: 3 0x8000a760 (0x0419) x 8 0x00000000
core   0: 0x8000a762 (0x0000fc6d) c.bnez  s0, pc - 6
core   0: 3 0x8000a762 (0xfc6d)
core   0: 0x8000a764 (0x00a6a7b3) slt     a5, a3, a0
core   0: 3 0x8000a764 (0x00a6a7b3) x15 0x00000001
core   0: 0x8000a768 (0xffd00713) li      a4, -3
core   0: 3 0x8000a768 (0xffd00713) x14 0xfffffffd
core   0: 0x8000a76c (0xfef00d13) li      s10, -17
core   0: 3 0x8000a76c (0xfef00d13) x26 0xffffffef
core   0: 0x8000a770 (0x03fc72b3) remu    t0, s8, t6
core   0: 3 0x8000a770 (0x03fc72b3) x 5 0x00000000
core   0: 0x8000a774 (0x0000547d) c.li    s0, -1
core   0: 3 0x8000a774 (0x547d) x 8 0xffffffff
core   0: 0x8000a776 (0x0000175d) c.addi  a4, -9
core   0: 3 0x8000a776 (0x175d) x14 0xfffffff4
core   0: 0x8000a778 (0x00a00693) li      a3, 10
core   0: 3 0x8000a778 (0x00a00693) x13 0x0000000a
core   0: 0x8000a77c (0x00500e93) li      t4, 5
core   0: 3 0x8000a77c (0x00500e93) x29 0x00000005
core   0: 0x8000a780 (0x0090f3b3) and     t2, ra, s1
core   0: 3 0x8000a780 (0x0090f3b3) x 7 0xfffffff0
core   0: 0x8000a784 (0x0309e933) rem     s2, s3, a6
core   0: 3 0x8000a784 (0x0309e933) x18 0x00000000
core   0: 0x8000a788 (0x00008d29) c.xor   a0, a0
core   0: 3 0x8000a788 (0x8d29) x10 0x00000000
core   0: 0x8000a78a (0x000016f9) c.addi  a3, -2
core   0: 3 0x8000a78a (0x16f9) x13 0x00000008
core   0: 0x8000a78c (0x00008d51) c.or    a0, a2
core   0: 3 0x8000a78c (0x8d51) x10 0x00000012
core   0: 0x8000a78e (0xffd6fbe3) bgeu    a3, t4, pc - 10
core   0: 3 0x8000a78e (0xffd6fbe3)
core   0: 0x8000a784 (0x0309e933) rem     s2, s3, a6
core   0: 3 0x8000a784 (0x0309e933) x18 0x00000000
core   0: 0x8000a788 (0x00008d29) c.xor   a0, a0
core   0: 3 0x8000a788 (0x8d29) x10 0x00000000
core   0: 0x8000a78a (0x000016f9) c.addi  a3, -2
core   0: 3 0x8000a78a (0x16f9) x13 0x00000006
core   0: 0x8000a78c (0x00008d51) c.or    a0, a2
core   0: 3 0x8000a78c (0x8d51) x10 0x00000012
core   0: 0x8000a78e (0xffd6fbe3) bgeu    a3, t4, pc - 10
core   0: 3 0x8000a78e (0xffd6fbe3)
core   0: 0x8000a784 (0x0309e933) rem     s2, s3, a6
core   0: 3 0x8000a784 (0x0309e933) x18 0x00000000
core   0: 0x8000a788 (0x00008d29) c.xor   a0, a0
core   0: 3 0x8000a788 (0x8d29) x10 0x00000000
core   0: 0x8000a78a (0x000016f9) c.addi  a3, -2
core   0: 3 0x8000a78a (0x16f9) x13 0x00000004
core   0: 0x8000a78c (0x00008d51) c.or    a0, a2
core   0: 3 0x8000a78c (0x8d51) x10 0x00000012
core   0: 0x8000a78e (0xffd6fbe3) bgeu    a3, t4, pc - 10
core   0: 3 0x8000a78e (0xffd6fbe3)
core   0: 0x8000a792 (0xfda75fe3) bge     a4, s10, pc - 34
core   0: 3 0x8000a792 (0xfda75fe3)
core   0: 0x8000a770 (0x03fc72b3) remu    t0, s8, t6
core   0: 3 0x8000a770 (0x03fc72b3) x 5 0x00000000
core   0: 0x8000a774 (0x0000547d) c.li    s0, -1
core   0: 3 0x8000a774 (0x547d) x 8 0xffffffff
core   0: 0x8000a776 (0x0000175d) c.addi  a4, -9
core   0: 3 0x8000a776 (0x175d) x14 0xffffffeb
core   0: 0x8000a778 (0x00a00693) li      a3, 10
core   0: 3 0x8000a778 (0x00a00693) x13 0x0000000a
core   0: 0x8000a77c (0x00500e93) li      t4, 5
core   0: 3 0x8000a77c (0x00500e93) x29 0x00000005
core   0: 0x8000a780 (0x0090f3b3) and     t2, ra, s1
core   0: 3 0x8000a780 (0x0090f3b3) x 7 0xfffffff0
core   0: 0x8000a784 (0x0309e933) rem     s2, s3, a6
core   0: 3 0x8000a784 (0x0309e933) x18 0x00000000
core   0: 0x8000a788 (0x00008d29) c.xor   a0, a0
core   0: 3 0x8000a788 (0x8d29) x10 0x00000000
core   0: 0x8000a78a (0x000016f9) c.addi  a3, -2
core   0: 3 0x8000a78a (0x16f9) x13 0x00000008
core   0: 0x8000a78c (0x00008d51) c.or    a0, a2
core   0: 3 0x8000a78c (0x8d51) x10 0x00000012
core   0: 0x8000a78e (0xffd6fbe3) bgeu    a3, t4, pc - 10
core   0: 3 0x8000a78e (0xffd6fbe3)
core   0: 0x8000a784 (0x0309e933) rem     s2, s3, a6
core   0: 3 0x8000a784 (0x0309e933) x18 0x00000000
core   0: 0x8000a788 (0x00008d29) c.xor   a0, a0
core   0: 3 0x8000a788 (0x8d29) x10 0x00000000
core   0: 0x8000a78a (0x000016f9) c.addi  a3, -2
core   0: 3 0x8000a78a (0x16f9) x13 0x00000006
core   0: 0x8000a78c (0x00008d51) c.or    a0, a2
core   0: 3 0x8000a78c (0x8d51) x10 0x00000012
core   0: 0x8000a78e (0xffd6fbe3) bgeu    a3, t4, pc - 10
core   0: 3 0x8000a78e (0xffd6fbe3)
core   0: 0x8000a784 (0x0309e933) rem     s2, s3, a6
core   0: 3 0x8000a784 (0x0309e933) x18 0x00000000
core   0: 0x8000a788 (0x00008d29) c.xor   a0, a0
core   0: 3 0x8000a788 (0x8d29) x10 0x00000000
core   0: 0x8000a78a (0x000016f9) c.addi  a3, -2
core   0: 3 0x8000a78a (0x16f9) x13 0x00000004
core   0: 0x8000a78c (0x00008d51) c.or    a0, a2
core   0: 3 0x8000a78c (0x8d51) x10 0x00000012
core   0: 0x8000a78e (0xffd6fbe3) bgeu    a3, t4, pc - 10
core   0: 3 0x8000a78e (0xffd6fbe3)
core   0: 0x8000a792 (0xfda75fe3) bge     a4, s10, pc - 34
core   0: 3 0x8000a792 (0xfda75fe3)
core   0: 0x8000a796 (0x032d4c33) div     s8, s10, s2
core   0: 3 0x8000a796 (0x032d4c33) x24 0xffffffff
core   0: 0x8000a79a (0x00500793) li      a5, 5
core   0: 3 0x8000a79a (0x00500793) x15 0x00000005
core   0: 0x8000a79e (0x00a00713) li      a4, 10
core   0: 3 0x8000a79e (0x00a00713) x14 0x0000000a
core   0: 0x8000a7a2 (0x02171c33) mulh    s8, a4, ra
core   0: 3 0x8000a7a2 (0x02171c33) x24 0xffffffff
core   0: 0x8000a7a6 (0x0000100f) fence.i
core   0: 3 0x8000a7a6 (0x0000100f)
core   0: 0x8000a7aa (0x03ca50b3) divu    ra, s4, t3
core   0: 3 0x8000a7aa (0x03ca50b3) x 1 0x00000000
core   0: 0x8000a7ae (0x00000789) c.addi  a5, 2
core   0: 3 0x8000a7ae (0x0789) x15 0x00000007
core   0: 0x8000a7b0 (0x012acfb3) xor     t6, s5, s2
core   0: 3 0x8000a7b0 (0x012acfb3) x31 0x00000000
core   0: 0x8000a7b4 (0xff700113) li      sp, -9
core   0: 3 0x8000a7b4 (0xff700113) x 2 0xfffffff7
core   0: 0x8000a7b8 (0x00006e95) c.lui   t4, 0x5
core   0: 3 0x8000a7b8 (0x6e95) x29 0x00005000
core   0: 0x8000a7ba (0x01400913) li      s2, 20
core   0: 3 0x8000a7ba (0x01400913) x18 0x00000014
core   0: 0x8000a7be (0xc8cdf337) lui     t1, 0xc8cdf
core   0: 3 0x8000a7be (0xc8cdf337) x 6 0xc8cdf000
core   0: 0x8000a7c2 (0x01874fb3) xor     t6, a4, s8
core   0: 3 0x8000a7c2 (0x01874fb3) x31 0xfffffff5
core   0: 0x8000a7c6 (0x00000119) c.addi  sp, 6
core   0: 3 0x8000a7c6 (0x0119) x 2 0xfffffffd
core   0: 0x8000a7c8 (0x00008edd) c.or    a3, a5
core   0: 3 0x8000a7c8 (0x8edd) x13 0x00000007
core   0: 0x8000a7ca (0xff214ce3) blt     sp, s2, pc - 8
core   0: 3 0x8000a7ca (0xff214ce3)
core   0: 0x8000a7c2 (0x01874fb3) xor     t6, a4, s8
core   0: 3 0x8000a7c2 (0x01874fb3) x31 0xfffffff5
core   0: 0x8000a7c6 (0x00000119) c.addi  sp, 6
core   0: 3 0x8000a7c6 (0x0119) x 2 0x00000003
core   0: 0x8000a7c8 (0x00008edd) c.or    a3, a5
core   0: 3 0x8000a7c8 (0x8edd) x13 0x00000007
core   0: 0x8000a7ca (0xff214ce3) blt     sp, s2, pc - 8
core   0: 3 0x8000a7ca (0xff214ce3)
core   0: 0x8000a7c2 (0x01874fb3) xor     t6, a4, s8
core   0: 3 0x8000a7c2 (0x01874fb3) x31 0xfffffff5
core   0: 0x8000a7c6 (0x00000119) c.addi  sp, 6
core   0: 3 0x8000a7c6 (0x0119) x 2 0x00000009
core   0: 0x8000a7c8 (0x00008edd) c.or    a3, a5
core   0: 3 0x8000a7c8 (0x8edd) x13 0x00000007
core   0: 0x8000a7ca (0xff214ce3) blt     sp, s2, pc - 8
core   0: 3 0x8000a7ca (0xff214ce3)
core   0: 0x8000a7c2 (0x01874fb3) xor     t6, a4, s8
core   0: 3 0x8000a7c2 (0x01874fb3) x31 0xfffffff5
core   0: 0x8000a7c6 (0x00000119) c.addi  sp, 6
core   0: 3 0x8000a7c6 (0x0119) x 2 0x0000000f
core   0: 0x8000a7c8 (0x00008edd) c.or    a3, a5
core   0: 3 0x8000a7c8 (0x8edd) x13 0x00000007
core   0: 0x8000a7ca (0xff214ce3) blt     sp, s2, pc - 8
core   0: 3 0x8000a7ca (0xff214ce3)
core   0: 0x8000a7c2 (0x01874fb3) xor     t6, a4, s8
core   0: 3 0x8000a7c2 (0x01874fb3) x31 0xfffffff5
core   0: 0x8000a7c6 (0x00000119) c.addi  sp, 6
core   0: 3 0x8000a7c6 (0x0119) x 2 0x00000015
core   0: 0x8000a7c8 (0x00008edd) c.or    a3, a5
core   0: 3 0x8000a7c8 (0x8edd) x13 0x00000007
core   0: 0x8000a7ca (0xff214ce3) blt     sp, s2, pc - 8
core   0: 3 0x8000a7ca (0xff214ce3)
core   0: 0x8000a7ce (0x00008f0e) c.mv    t5, gp
core   0: 3 0x8000a7ce (0x8f0e) x30 0x00000000
core   0: 0x8000a7d0 (0xfce7ede3) bltu    a5, a4, pc - 38
core   0: 3 0x8000a7d0 (0xfce7ede3)
core   0: 0x8000a7aa (0x03ca50b3) divu    ra, s4, t3
core   0: 3 0x8000a7aa (0x03ca50b3) x 1 0x00000000
core   0: 0x8000a7ae (0x00000789) c.addi  a5, 2
core   0: 3 0x8000a7ae (0x0789) x15 0x00000009
core   0: 0x8000a7b0 (0x012acfb3) xor     t6, s5, s2
core   0: 3 0x8000a7b0 (0x012acfb3) x31 0x00000014
core   0: 0x8000a7b4 (0xff700113) li      sp, -9
core   0: 3 0x8000a7b4 (0xff700113) x 2 0xfffffff7
core   0: 0x8000a7b8 (0x00006e95) c.lui   t4, 0x5
core   0: 3 0x8000a7b8 (0x6e95) x29 0x00005000
core   0: 0x8000a7ba (0x01400913) li      s2, 20
core   0: 3 0x8000a7ba (0x01400913) x18 0x00000014
core   0: 0x8000a7be (0xc8cdf337) lui     t1, 0xc8cdf
core   0: 3 0x8000a7be (0xc8cdf337) x 6 0xc8cdf000
core   0: 0x8000a7c2 (0x01874fb3) xor     t6, a4, s8
core   0: 3 0x8000a7c2 (0x01874fb3) x31 0xfffffff5
core   0: 0x8000a7c6 (0x00000119) c.addi  sp, 6
core   0: 3 0x8000a7c6 (0x0119) x 2 0xfffffffd
core   0: 0x8000a7c8 (0x00008edd) c.or    a3, a5
core   0: 3 0x8000a7c8 (0x8edd) x13 0x0000000f
core   0: 0x8000a7ca (0xff214ce3) blt     sp, s2, pc - 8
core   0: 3 0x8000a7ca (0xff214ce3)
core   0: 0x8000a7c2 (0x01874fb3) xor     t6, a4, s8
core   0: 3 0x8000a7c2 (0x01874fb3) x31 0xfffffff5
core   0: 0x8000a7c6 (0x00000119) c.addi  sp, 6
core   0: 3 0x8000a7c6 (0x0119) x 2 0x00000003
core   0: 0x8000a7c8 (0x00008edd) c.or    a3, a5
core   0: 3 0x8000a7c8 (0x8edd) x13 0x0000000f
core   0: 0x8000a7ca (0xff214ce3) blt     sp, s2, pc - 8
core   0: 3 0x8000a7ca (0xff214ce3)
core   0: 0x8000a7c2 (0x01874fb3) xor     t6, a4, s8
core   0: 3 0x8000a7c2 (0x01874fb3) x31 0xfffffff5
core   0: 0x8000a7c6 (0x00000119) c.addi  sp, 6
core   0: 3 0x8000a7c6 (0x0119) x 2 0x00000009
core   0: 0x8000a7c8 (0x00008edd) c.or    a3, a5
core   0: 3 0x8000a7c8 (0x8edd) x13 0x0000000f
core   0: 0x8000a7ca (0xff214ce3) blt     sp, s2, pc - 8
core   0: 3 0x8000a7ca (0xff214ce3)
core   0: 0x8000a7c2 (0x01874fb3) xor     t6, a4, s8
core   0: 3 0x8000a7c2 (0x01874fb3) x31 0xfffffff5
core   0: 0x8000a7c6 (0x00000119) c.addi  sp, 6
core   0: 3 0x8000a7c6 (0x0119) x 2 0x0000000f
core   0: 0x8000a7c8 (0x00008edd) c.or    a3, a5
core   0: 3 0x8000a7c8 (0x8edd) x13 0x0000000f
core   0: 0x8000a7ca (0xff214ce3) blt     sp, s2, pc - 8
core   0: 3 0x8000a7ca (0xff214ce3)
core   0: 0x8000a7c2 (0x01874fb3) xor     t6, a4, s8
core   0: 3 0x8000a7c2 (0x01874fb3) x31 0xfffffff5
core   0: 0x8000a7c6 (0x00000119) c.addi  sp, 6
core   0: 3 0x8000a7c6 (0x0119) x 2 0x00000015
core   0: 0x8000a7c8 (0x00008edd) c.or    a3, a5
core   0: 3 0x8000a7c8 (0x8edd) x13 0x0000000f
core   0: 0x8000a7ca (0xff214ce3) blt     sp, s2, pc - 8
core   0: 3 0x8000a7ca (0xff214ce3)
core   0: 0x8000a7ce (0x00008f0e) c.mv    t5, gp
core   0: 3 0x8000a7ce (0x8f0e) x30 0x00000000
core   0: 0x8000a7d0 (0xfce7ede3) bltu    a5, a4, pc - 38
core   0: 3 0x8000a7d0 (0xfce7ede3)
core   0: 0x8000a7aa (0x03ca50b3) divu    ra, s4, t3
core   0: 3 0x8000a7aa (0x03ca50b3) x 1 0x00000000
core   0: 0x8000a7ae (0x00000789) c.addi  a5, 2
core   0: 3 0x8000a7ae (0x0789) x15 0x0000000b
core   0: 0x8000a7b0 (0x012acfb3) xor     t6, s5, s2
core   0: 3 0x8000a7b0 (0x012acfb3) x31 0x00000014
core   0: 0x8000a7b4 (0xff700113) li      sp, -9
core   0: 3 0x8000a7b4 (0xff700113) x 2 0xfffffff7
core   0: 0x8000a7b8 (0x00006e95) c.lui   t4, 0x5
core   0: 3 0x8000a7b8 (0x6e95) x29 0x00005000
core   0: 0x8000a7ba (0x01400913) li      s2, 20
core   0: 3 0x8000a7ba (0x01400913) x18 0x00000014
core   0: 0x8000a7be (0xc8cdf337) lui     t1, 0xc8cdf
core   0: 3 0x8000a7be (0xc8cdf337) x 6 0xc8cdf000
core   0: 0x8000a7c2 (0x01874fb3) xor     t6, a4, s8
core   0: 3 0x8000a7c2 (0x01874fb3) x31 0xfffffff5
core   0: 0x8000a7c6 (0x00000119) c.addi  sp, 6
core   0: 3 0x8000a7c6 (0x0119) x 2 0xfffffffd
core   0: 0x8000a7c8 (0x00008edd) c.or    a3, a5
core   0: 3 0x8000a7c8 (0x8edd) x13 0x0000000f
core   0: 0x8000a7ca (0xff214ce3) blt     sp, s2, pc - 8
core   0: 3 0x8000a7ca (0xff214ce3)
core   0: 0x8000a7c2 (0x01874fb3) xor     t6, a4, s8
core   0: 3 0x8000a7c2 (0x01874fb3) x31 0xfffffff5
core   0: 0x8000a7c6 (0x00000119) c.addi  sp, 6
core   0: 3 0x8000a7c6 (0x0119) x 2 0x00000003
core   0: 0x8000a7c8 (0x00008edd) c.or    a3, a5
core   0: 3 0x8000a7c8 (0x8edd) x13 0x0000000f
core   0: 0x8000a7ca (0xff214ce3) blt     sp, s2, pc - 8
core   0: 3 0x8000a7ca (0xff214ce3)
core   0: 0x8000a7c2 (0x01874fb3) xor     t6, a4, s8
core   0: 3 0x8000a7c2 (0x01874fb3) x31 0xfffffff5
core   0: 0x8000a7c6 (0x00000119) c.addi  sp, 6
core   0: 3 0x8000a7c6 (0x0119) x 2 0x00000009
core   0: 0x8000a7c8 (0x00008edd) c.or    a3, a5
core   0: 3 0x8000a7c8 (0x8edd) x13 0x0000000f
core   0: 0x8000a7ca (0xff214ce3) blt     sp, s2, pc - 8
core   0: 3 0x8000a7ca (0xff214ce3)
core   0: 0x8000a7c2 (0x01874fb3) xor     t6, a4, s8
core   0: 3 0x8000a7c2 (0x01874fb3) x31 0xfffffff5
core   0: 0x8000a7c6 (0x00000119) c.addi  sp, 6
core   0: 3 0x8000a7c6 (0x0119) x 2 0x0000000f
core   0: 0x8000a7c8 (0x00008edd) c.or    a3, a5
core   0: 3 0x8000a7c8 (0x8edd) x13 0x0000000f
core   0: 0x8000a7ca (0xff214ce3) blt     sp, s2, pc - 8
core   0: 3 0x8000a7ca (0xff214ce3)
core   0: 0x8000a7c2 (0x01874fb3) xor     t6, a4, s8
core   0: 3 0x8000a7c2 (0x01874fb3) x31 0xfffffff5
core   0: 0x8000a7c6 (0x00000119) c.addi  sp, 6
core   0: 3 0x8000a7c6 (0x0119) x 2 0x00000015
core   0: 0x8000a7c8 (0x00008edd) c.or    a3, a5
core   0: 3 0x8000a7c8 (0x8edd) x13 0x0000000f
core   0: 0x8000a7ca (0xff214ce3) blt     sp, s2, pc - 8
core   0: 3 0x8000a7ca (0xff214ce3)
core   0: 0x8000a7ce (0x00008f0e) c.mv    t5, gp
core   0: 3 0x8000a7ce (0x8f0e) x30 0x00000000
core   0: 0x8000a7d0 (0xfce7ede3) bltu    a5, a4, pc - 38
core   0: 3 0x8000a7d0 (0xfce7ede3)
core   0: 0x8000a7d4 (0x3ea8c993) xori    s3, a7, 1002
core   0: 3 0x8000a7d4 (0x3ea8c993) x19 0x000003ea
core   0: 0x8000a7d8 (0x00a00613) li      a2, 10
core   0: 3 0x8000a7d8 (0x00a00613) x12 0x0000000a
core   0: 0x8000a7dc (0x0177e7b3) or      a5, a5, s7
core   0: 3 0x8000a7dc (0x0177e7b3) x15 0x80026cef
core   0: 0x8000a7e0 (0x405e03b3) sub     t2, t3, t0
core   0: 3 0x8000a7e0 (0x405e03b3) x 7 0x80022e00
core   0: 0x8000a7e4 (0x000099fd) c.andi  a1, -1
core   0: 3 0x8000a7e4 (0x99fd) x11 0x80022ec4
core   0: 0x8000a7e6 (0x00000693) li      a3, 0
core   0: 3 0x8000a7e6 (0x00000693) x13 0x00000000
core   0: 0x8000a7ea (0x01ae9533) sll     a0, t4, s10
core   0: 3 0x8000a7ea (0x01ae9533) x10 0x28000000
core   0: 0x8000a7ee (0x40d88d33) sub     s10, a7, a3
core   0: 3 0x8000a7ee (0x40d88d33) x26 0x00000000
core   0: 0x8000a7f2 (0x00001e0c) c.addi4spn a1, sp, 816
core   0: 3 0x8000a7f2 (0x1e0c) x11 0x00000345
core   0: 0x8000a7f4 (0x024e45b3) div     a1, t3, tp
core   0: 3 0x8000a7f4 (0x024e45b3) x11 0xffffffff
core   0: 0x8000a7f8 (0x00008f19) c.sub   a4, a4
core   0: 3 0x8000a7f8 (0x8f19) x14 0x00000000
core   0: 0x8000a7fa (0x00008411) c.srai  s0, 4
core   0: 3 0x8000a7fa (0x8411) x 8 0xffffffff
core   0: 0x8000a7fc (0x00001659) c.addi  a2, -10
core   0: 3 0x8000a7fc (0x1659) x12 0x00000000
core   0: 0x8000a7fe (0x000069c5) c.lui   s3, 0x11
core   0: 3 0x8000a7fe (0x69c5) x19 0x00011000
core   0: 0x8000a800 (0x013400b3) add     ra, s0, s3
core   0: 3 0x8000a800 (0x013400b3) x 1 0x00010fff
core   0: 0x8000a804 (0x00900293) li      t0, 9
core   0: 3 0x8000a804 (0x00900293) x 5 0x00000009
core   0: 0x8000a808 (0x00900a93) li      s5, 9
core   0: 3 0x8000a808 (0x00900a93) x21 0x00000009
core   0: 0x8000a80c (0x0000100f) fence.i
core   0: 3 0x8000a80c (0x0000100f)
core   0: 0x8000a810 (0x000083d1) c.srli  a5, 20
core   0: 3 0x8000a810 (0x83d1) x15 0x00000800
core   0: 0x8000a812 (0x0124cf33) xor     t5, s1, s2
core   0: 3 0x8000a812 (0x0124cf33) x30 0xffffffea
core   0: 0x8000a816 (0x0000100f) fence.i
core   0: 3 0x8000a816 (0x0000100f)
core   0: 0x8000a81a (0x03c493b3) mulh    t2, s1, t3
core   0: 3 0x8000a81a (0x03c493b3) x 7 0x00000000
core   0: 0x8000a81e (0x000012f5) c.addi  t0, -3
core   0: 3 0x8000a81e (0x12f5) x 5 0x00000006
core   0: 0x8000a820 (0xff52f9e3) bgeu    t0, s5, pc - 14
core   0: 3 0x8000a820 (0xff52f9e3)
core   0: 0x8000a824 (0x713f3913) sltiu   s2, t5, 1811
core   0: 3 0x8000a824 (0x713f3913) x18 0x00000000
core   0: 0x8000a828 (0x000088c5) c.andi  s1, 17
core   0: 3 0x8000a828 (0x88c5) x 9 0x00000010
core   0: 0x8000a82a (0x0134dc33) srl     s8, s1, s3
core   0: 3 0x8000a82a (0x0134dc33) x24 0x00000010
core   0: 0x8000a82e (0xfcd603e3) beq     a2, a3, pc - 58
core   0: 3 0x8000a82e (0xfcd603e3)
core   0: 0x8000a7f4 (0x024e45b3) div     a1, t3, tp
core   0: 3 0x8000a7f4 (0x024e45b3) x11 0xffffffff
core   0: 0x8000a7f8 (0x00008f19) c.sub   a4, a4
core   0: 3 0x8000a7f8 (0x8f19) x14 0x00000000
core   0: 0x8000a7fa (0x00008411) c.srai  s0, 4
core   0: 3 0x8000a7fa (0x8411) x 8 0xffffffff
core   0: 0x8000a7fc (0x00001659) c.addi  a2, -10
core   0: 3 0x8000a7fc (0x1659) x12 0xfffffff6
core   0: 0x8000a7fe (0x000069c5) c.lui   s3, 0x11
core   0: 3 0x8000a7fe (0x69c5) x19 0x00011000
core   0: 0x8000a800 (0x013400b3) add     ra, s0, s3
core   0: 3 0x8000a800 (0x013400b3) x 1 0x00010fff
core   0: 0x8000a804 (0x00900293) li      t0, 9
core   0: 3 0x8000a804 (0x00900293) x 5 0x00000009
core   0: 0x8000a808 (0x00900a93) li      s5, 9
core   0: 3 0x8000a808 (0x00900a93) x21 0x00000009
core   0: 0x8000a80c (0x0000100f) fence.i
core   0: 3 0x8000a80c (0x0000100f)
core   0: 0x8000a810 (0x000083d1) c.srli  a5, 20
core   0: 3 0x8000a810 (0x83d1) x15 0x00000000
core   0: 0x8000a812 (0x0124cf33) xor     t5, s1, s2
core   0: 3 0x8000a812 (0x0124cf33) x30 0x00000010
core   0: 0x8000a816 (0x0000100f) fence.i
core   0: 3 0x8000a816 (0x0000100f)
core   0: 0x8000a81a (0x03c493b3) mulh    t2, s1, t3
core   0: 3 0x8000a81a (0x03c493b3) x 7 0xfffffff8
core   0: 0x8000a81e (0x000012f5) c.addi  t0, -3
core   0: 3 0x8000a81e (0x12f5) x 5 0x00000006
core   0: 0x8000a820 (0xff52f9e3) bgeu    t0, s5, pc - 14
core   0: 3 0x8000a820 (0xff52f9e3)
core   0: 0x8000a824 (0x713f3913) sltiu   s2, t5, 1811
core   0: 3 0x8000a824 (0x713f3913) x18 0x00000001
core   0: 0x8000a828 (0x000088c5) c.andi  s1, 17
core   0: 3 0x8000a828 (0x88c5) x 9 0x00000010
core   0: 0x8000a82a (0x0134dc33) srl     s8, s1, s3
core   0: 3 0x8000a82a (0x0134dc33) x24 0x00000010
core   0: 0x8000a82e (0xfcd603e3) beq     a2, a3, pc - 58
core   0: 3 0x8000a82e (0xfcd603e3)
core   0: 0x8000a832 (0x02485d33) divu    s10, a6, tp
core   0: 3 0x8000a832 (0x02485d33) x26 0xffffffff
core   0: 0x8000a836 (0xff900b13) li      s6, -7
core   0: 3 0x8000a836 (0xff900b13) x22 0xfffffff9
core   0: 0x8000a83a (0x000d88b3) add     a7, s11, zero
core   0: 3 0x8000a83a (0x000d88b3) x17 0x00000000
core   0: 0x8000a83e (0x00008df9) c.and   a1, a4
core   0: 3 0x8000a83e (0x8df9) x11 0x00000000
core   0: 0x8000a840 (0x00900e93) li      t4, 9
core   0: 3 0x8000a840 (0x00900e93) x29 0x00000009
core   0: 0x8000a844 (0x00008906) c.mv    s2, ra
core   0: 3 0x8000a844 (0x8906) x18 0x00010fff
core   0: 0x8000a846 (0x037f7cb3) remu    s9, t5, s7
core   0: 3 0x8000a846 (0x037f7cb3) x25 0x00000010
core   0: 0x8000a84a (0x000015fd) c.addi  a1, -1
core   0: 3 0x8000a84a (0x15fd) x11 0xffffffff
core   0: 0x8000a84c (0x00000b15) c.addi  s6, 5
core   0: 3 0x8000a84c (0x0b15) x22 0xfffffffe
core   0: 0x8000a84e (0x41b7e313) ori     t1, a5, 1051
core   0: 3 0x8000a84e (0x41b7e313) x 6 0x0000041b
core   0: 0x8000a852 (0x411d51b3) sra     gp, s10, a7
core   0: 3 0x8000a852 (0x411d51b3) x 3 0xffffffff
core   0: 0x8000a856 (0xff700793) li      a5, -9
core   0: 3 0x8000a856 (0xff700793) x15 0xfffffff7
core   0: 0x8000a85a (0x0000100f) fence.i
core   0: 3 0x8000a85a (0x0000100f)
core   0: 0x8000a85e (0x000085a1) c.srai  a1, 8
core   0: 3 0x8000a85e (0x85a1) x11 0xffffffff
core   0: 0x8000a860 (0x00f00513) li      a0, 15
core   0: 3 0x8000a860 (0x00f00513) x10 0x0000000f
core   0: 0x8000a864 (0x0059f933) and     s2, s3, t0
core   0: 3 0x8000a864 (0x0059f933) x18 0x00000000
core   0: 0x8000a868 (0x00000791) c.addi  a5, 4
core   0: 3 0x8000a868 (0x0791) x15 0xfffffffb
core   0: 0x8000a86a (0x00000cba) c.slli  s9, 14
core   0: 3 0x8000a86a (0x0cba) x25 0x00040000
core   0: 0x8000a86c (0xfea79ce3) bne     a5, a0, pc - 8
core   0: 3 0x8000a86c (0xfea79ce3)
core   0: 0x8000a864 (0x0059f933) and     s2, s3, t0
core   0: 3 0x8000a864 (0x0059f933) x18 0x00000000
core   0: 0x8000a868 (0x00000791) c.addi  a5, 4
core   0: 3 0x8000a868 (0x0791) x15 0xffffffff
core   0: 0x8000a86a (0x00000cba) c.slli  s9, 14
core   0: 3 0x8000a86a (0x0cba) x25 0x00000000
core   0: 0x8000a86c (0xfea79ce3) bne     a5, a0, pc - 8
core   0: 3 0x8000a86c (0xfea79ce3)
core   0: 0x8000a864 (0x0059f933) and     s2, s3, t0
core   0: 3 0x8000a864 (0x0059f933) x18 0x00000000
core   0: 0x8000a868 (0x00000791) c.addi  a5, 4
core   0: 3 0x8000a868 (0x0791) x15 0x00000003
core   0: 0x8000a86a (0x00000cba) c.slli  s9, 14
core   0: 3 0x8000a86a (0x0cba) x25 0x00000000
core   0: 0x8000a86c (0xfea79ce3) bne     a5, a0, pc - 8
core   0: 3 0x8000a86c (0xfea79ce3)
core   0: 0x8000a864 (0x0059f933) and     s2, s3, t0
core   0: 3 0x8000a864 (0x0059f933) x18 0x00000000
core   0: 0x8000a868 (0x00000791) c.addi  a5, 4
core   0: 3 0x8000a868 (0x0791) x15 0x00000007
core   0: 0x8000a86a (0x00000cba) c.slli  s9, 14
core   0: 3 0x8000a86a (0x0cba) x25 0x00000000
core   0: 0x8000a86c (0xfea79ce3) bne     a5, a0, pc - 8
core   0: 3 0x8000a86c (0xfea79ce3)
core   0: 0x8000a864 (0x0059f933) and     s2, s3, t0
core   0: 3 0x8000a864 (0x0059f933) x18 0x00000000
core   0: 0x8000a868 (0x00000791) c.addi  a5, 4
core   0: 3 0x8000a868 (0x0791) x15 0x0000000b
core   0: 0x8000a86a (0x00000cba) c.slli  s9, 14
core   0: 3 0x8000a86a (0x0cba) x25 0x00000000
core   0: 0x8000a86c (0xfea79ce3) bne     a5, a0, pc - 8
core   0: 3 0x8000a86c (0xfea79ce3)
core   0: 0x8000a864 (0x0059f933) and     s2, s3, t0
core   0: 3 0x8000a864 (0x0059f933) x18 0x00000000
core   0: 0x8000a868 (0x00000791) c.addi  a5, 4
core   0: 3 0x8000a868 (0x0791) x15 0x0000000f
core   0: 0x8000a86a (0x00000cba) c.slli  s9, 14
core   0: 3 0x8000a86a (0x0cba) x25 0x00000000
core   0: 0x8000a86c (0xfea79ce3) bne     a5, a0, pc - 8
core   0: 3 0x8000a86c (0xfea79ce3)
core   0: 0x8000a870 (0x7d4ed737) lui     a4, 0x7d4ed
core   0: 3 0x8000a870 (0x7d4ed737) x14 0x7d4ed000
core   0: 0x8000a874 (0x0212d833) divu    a6, t0, ra
core   0: 3 0x8000a874 (0x0212d833) x16 0x00000000
core   0: 0x8000a878 (0xfddb66e3) bltu    s6, t4, pc - 52
core   0: 3 0x8000a878 (0xfddb66e3)
core   0: 0x8000a87c (0x000003e2) c.slli  t2, 24
core   0: 3 0x8000a87c (0x03e2) x 7 0xf8000000
core   0: 0x8000a87e (0xffd00393) li      t2, -3
core   0: 3 0x8000a87e (0xffd00393) x 7 0xfffffffd
core   0: 0x8000a882 (0xf93b0f13) addi    t5, s6, -109
core   0: 3 0x8000a882 (0xf93b0f13) x30 0xffffff91
core   0: 0x8000a886 (0x3c988f13) addi    t5, a7, 969
core   0: 3 0x8000a886 (0x3c988f13) x30 0x000003c9
core   0: 0x8000a88a (0x00008e39) c.xor   a2, a4
core   0: 3 0x8000a88a (0x8e39) x12 0x82b12ff6
core   0: 0x8000a88c (0x01202ab3) slt     s5, zero, s2
core   0: 3 0x8000a88c (0x01202ab3) x21 0x00000000
core   0: 0x8000a890 (0xff300193) li      gp, -13
core   0: 3 0x8000a890 (0xff300193) x 3 0xfffffff3
core   0: 0x8000a894 (0x000018fd) c.addi  a7, -1
core   0: 3 0x8000a894 (0x18fd) x17 0xffffffff
core   0: 0x8000a896 (0x000013f1) c.addi  t2, -4
core   0: 3 0x8000a896 (0x13f1) x 7 0xfffffff9
core   0: 0x8000a898 (0xe665fa97) auipc   s5, 0xe665f
core   0: 3 0x8000a898 (0xe665fa97) x21 0x66669898
core   0: 0x8000a89c (0xffc00693) li      a3, -4
core   0: 3 0x8000a89c (0xffc00693) x13 0xfffffffc
core   0: 0x8000a8a0 (0x02c06cb3) rem     s9, zero, a2
core   0: 3 0x8000a8a0 (0x02c06cb3) x25 0x00000000
core   0: 0x8000a8a4 (0xfff00c13) li      s8, -1
core   0: 3 0x8000a8a4 (0xfff00c13) x24 0xffffffff
core   0: 0x8000a8a8 (0x03241ab3) mulh    s5, s0, s2
core   0: 3 0x8000a8a8 (0x03241ab3) x21 0x00000000
core   0: 0x8000a8ac (0x01f632b3) sltu    t0, a2, t6
core   0: 3 0x8000a8ac (0x01f632b3) x 5 0x00000001
core   0: 0x8000a8b0 (0x00000685) c.addi  a3, 1
core   0: 3 0x8000a8b0 (0x0685) x13 0xfffffffd
core   0: 0x8000a8b2 (0xff869be3) bne     a3, s8, pc - 10
core   0: 3 0x8000a8b2 (0xff869be3)
core   0: 0x8000a8a8 (0x03241ab3) mulh    s5, s0, s2
core   0: 3 0x8000a8a8 (0x03241ab3) x21 0x00000000
core   0: 0x8000a8ac (0x01f632b3) sltu    t0, a2, t6
core   0: 3 0x8000a8ac (0x01f632b3) x 5 0x00000001
core   0: 0x8000a8b0 (0x00000685) c.addi  a3, 1
core   0: 3 0x8000a8b0 (0x0685) x13 0xfffffffe
core   0: 0x8000a8b2 (0xff869be3) bne     a3, s8, pc - 10
core   0: 3 0x8000a8b2 (0xff869be3)
core   0: 0x8000a8a8 (0x03241ab3) mulh    s5, s0, s2
core   0: 3 0x8000a8a8 (0x03241ab3) x21 0x00000000
core   0: 0x8000a8ac (0x01f632b3) sltu    t0, a2, t6
core   0: 3 0x8000a8ac (0x01f632b3) x 5 0x00000001
core   0: 0x8000a8b0 (0x00000685) c.addi  a3, 1
core   0: 3 0x8000a8b0 (0x0685) x13 0xffffffff
core   0: 0x8000a8b2 (0xff869be3) bne     a3, s8, pc - 10
core   0: 3 0x8000a8b2 (0xff869be3)
core   0: 0x8000a8b6 (0xfc33dfe3) bge     t2, gp, pc - 34
core   0: 3 0x8000a8b6 (0xfc33dfe3)
core   0: 0x8000a894 (0x000018fd) c.addi  a7, -1
core   0: 3 0x8000a894 (0x18fd) x17 0xfffffffe
core   0: 0x8000a896 (0x000013f1) c.addi  t2, -4
core   0: 3 0x8000a896 (0x13f1) x 7 0xfffffff5
core   0: 0x8000a898 (0xe665fa97) auipc   s5, 0xe665f
core   0: 3 0x8000a898 (0xe665fa97) x21 0x66669898
core   0: 0x8000a89c (0xffc00693) li      a3, -4
core   0: 3 0x8000a89c (0xffc00693) x13 0xfffffffc
core   0: 0x8000a8a0 (0x02c06cb3) rem     s9, zero, a2
core   0: 3 0x8000a8a0 (0x02c06cb3) x25 0x00000000
core   0: 0x8000a8a4 (0xfff00c13) li      s8, -1
core   0: 3 0x8000a8a4 (0xfff00c13) x24 0xffffffff
core   0: 0x8000a8a8 (0x03241ab3) mulh    s5, s0, s2
core   0: 3 0x8000a8a8 (0x03241ab3) x21 0x00000000
core   0: 0x8000a8ac (0x01f632b3) sltu    t0, a2, t6
core   0: 3 0x8000a8ac (0x01f632b3) x 5 0x00000001
core   0: 0x8000a8b0 (0x00000685) c.addi  a3, 1
core   0: 3 0x8000a8b0 (0x0685) x13 0xfffffffd
core   0: 0x8000a8b2 (0xff869be3) bne     a3, s8, pc - 10
core   0: 3 0x8000a8b2 (0xff869be3)
core   0: 0x8000a8a8 (0x03241ab3) mulh    s5, s0, s2
core   0: 3 0x8000a8a8 (0x03241ab3) x21 0x00000000
core   0: 0x8000a8ac (0x01f632b3) sltu    t0, a2, t6
core   0: 3 0x8000a8ac (0x01f632b3) x 5 0x00000001
core   0: 0x8000a8b0 (0x00000685) c.addi  a3, 1
core   0: 3 0x8000a8b0 (0x0685) x13 0xfffffffe
core   0: 0x8000a8b2 (0xff869be3) bne     a3, s8, pc - 10
core   0: 3 0x8000a8b2 (0xff869be3)
core   0: 0x8000a8a8 (0x03241ab3) mulh    s5, s0, s2
core   0: 3 0x8000a8a8 (0x03241ab3) x21 0x00000000
core   0: 0x8000a8ac (0x01f632b3) sltu    t0, a2, t6
core   0: 3 0x8000a8ac (0x01f632b3) x 5 0x00000001
core   0: 0x8000a8b0 (0x00000685) c.addi  a3, 1
core   0: 3 0x8000a8b0 (0x0685) x13 0xffffffff
core   0: 0x8000a8b2 (0xff869be3) bne     a3, s8, pc - 10
core   0: 3 0x8000a8b2 (0xff869be3)
core   0: 0x8000a8b6 (0xfc33dfe3) bge     t2, gp, pc - 34
core   0: 3 0x8000a8b6 (0xfc33dfe3)
core   0: 0x8000a894 (0x000018fd) c.addi  a7, -1
core   0: 3 0x8000a894 (0x18fd) x17 0xfffffffd
core   0: 0x8000a896 (0x000013f1) c.addi  t2, -4
core   0: 3 0x8000a896 (0x13f1) x 7 0xfffffff1
core   0: 0x8000a898 (0xe665fa97) auipc   s5, 0xe665f
core   0: 3 0x8000a898 (0xe665fa97) x21 0x66669898
core   0: 0x8000a89c (0xffc00693) li      a3, -4
core   0: 3 0x8000a89c (0xffc00693) x13 0xfffffffc
core   0: 0x8000a8a0 (0x02c06cb3) rem     s9, zero, a2
core   0: 3 0x8000a8a0 (0x02c06cb3) x25 0x00000000
core   0: 0x8000a8a4 (0xfff00c13) li      s8, -1
core   0: 3 0x8000a8a4 (0xfff00c13) x24 0xffffffff
core   0: 0x8000a8a8 (0x03241ab3) mulh    s5, s0, s2
core   0: 3 0x8000a8a8 (0x03241ab3) x21 0x00000000
core   0: 0x8000a8ac (0x01f632b3) sltu    t0, a2, t6
core   0: 3 0x8000a8ac (0x01f632b3) x 5 0x00000001
core   0: 0x8000a8b0 (0x00000685) c.addi  a3, 1
core   0: 3 0x8000a8b0 (0x0685) x13 0xfffffffd
core   0: 0x8000a8b2 (0xff869be3) bne     a3, s8, pc - 10
core   0: 3 0x8000a8b2 (0xff869be3)
core   0: 0x8000a8a8 (0x03241ab3) mulh    s5, s0, s2
core   0: 3 0x8000a8a8 (0x03241ab3) x21 0x00000000
core   0: 0x8000a8ac (0x01f632b3) sltu    t0, a2, t6
core   0: 3 0x8000a8ac (0x01f632b3) x 5 0x00000001
core   0: 0x8000a8b0 (0x00000685) c.addi  a3, 1
core   0: 3 0x8000a8b0 (0x0685) x13 0xfffffffe
core   0: 0x8000a8b2 (0xff869be3) bne     a3, s8, pc - 10
core   0: 3 0x8000a8b2 (0xff869be3)
core   0: 0x8000a8a8 (0x03241ab3) mulh    s5, s0, s2
core   0: 3 0x8000a8a8 (0x03241ab3) x21 0x00000000
core   0: 0x8000a8ac (0x01f632b3) sltu    t0, a2, t6
core   0: 3 0x8000a8ac (0x01f632b3) x 5 0x00000001
core   0: 0x8000a8b0 (0x00000685) c.addi  a3, 1
core   0: 3 0x8000a8b0 (0x0685) x13 0xffffffff
core   0: 0x8000a8b2 (0xff869be3) bne     a3, s8, pc - 10
core   0: 3 0x8000a8b2 (0xff869be3)
core   0: 0x8000a8b6 (0xfc33dfe3) bge     t2, gp, pc - 34
core   0: 3 0x8000a8b6 (0xfc33dfe3)
core   0: 0x8000a8ba (0x00f77433) and     s0, a4, a5
core   0: 3 0x8000a8ba (0x00f77433) x 8 0x00000000
core   0: 0x8000a8be (0x00400593) li      a1, 4
core   0: 3 0x8000a8be (0x00400593) x11 0x00000004
core   0: 0x8000a8c2 (0x41565033) sra     zero, a2, s5
core   0: 3 0x8000a8c2 (0x41565033)
core   0: 0x8000a8c6 (0x006f0293) addi    t0, t5, 6
core   0: 3 0x8000a8c6 (0x006f0293) x 5 0x000003cf
core   0: 0x8000a8ca (0x0000100f) fence.i
core   0: 3 0x8000a8ca (0x0000100f)
core   0: 0x8000a8ce (0x000090fa) c.add   ra, t5
core   0: 3 0x8000a8ce (0x90fa) x 1 0x000113c8
core   0: 0x8000a8d0 (0x00009a7d) c.andi  a2, -1
core   0: 3 0x8000a8d0 (0x9a7d) x12 0x82b12ff6
core   0: 0x8000a8d2 (0x00008f19) c.sub   a4, a4
core   0: 3 0x8000a8d2 (0x8f19) x14 0x00000000
core   0: 0x8000a8d4 (0x419987b3) sub     a5, s3, s9
core   0: 3 0x8000a8d4 (0x419987b3) x15 0x00011000
core   0: 0x8000a8d8 (0x00400b13) li      s6, 4
core   0: 3 0x8000a8d8 (0x00400b13) x22 0x00000004
core   0: 0x8000a8dc (0x00008ac9) c.andi  a3, 18
core   0: 3 0x8000a8dc (0x8ac9) x13 0x00000012
core   0: 0x8000a8de (0xe4799537) lui     a0, 0xe4799
core   0: 3 0x8000a8de (0xe4799537) x10 0xe4799000
core   0: 0x8000a8e2 (0x00d192b3) sll     t0, gp, a3
core   0: 3 0x8000a8e2 (0x00d192b3) x 5 0xffcc0000
core   0: 0x8000a8e6 (0x000015f9) c.addi  a1, -2
core   0: 3 0x8000a8e6 (0x15f9) x11 0x00000002
core   0: 0x8000a8e8 (0x00008f31) c.xor   a4, a2
core   0: 3 0x8000a8e8 (0x8f31) x14 0x82b12ff6
core   0: 0x8000a8ea (0x9df98913) addi    s2, s3, -1569
core   0: 3 0x8000a8ea (0x9df98913) x18 0x000109df
core   0: 0x8000a8ee (0xe180ee97) auipc   t4, 0xe180e
core   0: 3 0x8000a8ee (0xe180ee97) x29 0x618188ee
core   0: 0x8000a8f2 (0x003fe4b3) or      s1, t6, gp
core   0: 3 0x8000a8f2 (0x003fe4b3) x 9 0xfffffff7
core   0: 0x8000a8f6 (0x0000189c) c.addi4spn a5, sp, 112
core   0: 3 0x8000a8f6 (0x189c) x15 0x00000085
core   0: 0x8000a8f8 (0x0139c2b3) xor     t0, s3, s3
core   0: 3 0x8000a8f8 (0x0139c2b3) x 5 0x00000000
core   0: 0x8000a8fc (0x00ac1a93) slli    s5, s8, 10
core   0: 3 0x8000a8fc (0x00ac1a93) x21 0xfffffc00
core   0: 0x8000a900 (0x3607aa93) slti    s5, a5, 864
core   0: 3 0x8000a900 (0x3607aa93) x21 0x00000001
core   0: 0x8000a904 (0x00000001) c.nop
core   0: 3 0x8000a904 (0x0001)
core   0: 0x8000a906 (0xfd65fce3) bgeu    a1, s6, pc - 40
core   0: 3 0x8000a906 (0xfd65fce3)
core   0: 0x8000a90a (0x00df81b3) add     gp, t6, a3
core   0: 3 0x8000a90a (0x00df81b3) x 3 0x00000007
core   0: 0x8000a90e (0x03648963) beq     s1, s6, pc + 50
core   0: 3 0x8000a90e (0x03648963)
core   0: 0x8000a912 (0x00008192) c.mv    gp, tp
core   0: 3 0x8000a912 (0x8192) x 3 0x00000000
core   0: 0x8000a914 (0x02cb5833) divu    a6, s6, a2
core   0: 3 0x8000a914 (0x02cb5833) x16 0x00000000
core   0: 0x8000a918 (0x00000001) c.nop
core   0: 3 0x8000a918 (0x0001)
core   0: 0x8000a91a (0x021cc463) blt     s9, ra, pc + 40
core   0: 3 0x8000a91a (0x021cc463)
core   0: 0x8000a942 (0x8ee5ae93) slti    t4, a1, -1810
core   0: 3 0x8000a942 (0x8ee5ae93) x29 0x00000000
core   0: 0x8000a946 (0x0036b333) sltu    t1, a3, gp
core   0: 3 0x8000a946 (0x0036b333) x 6 0x00000000
core   0: 0x8000a94a (0x020a3633) mulhu   a2, s4, zero
core   0: 3 0x8000a94a (0x020a3633) x12 0x00000000
core   0: 0x8000a94e (0x03c25233) divu    tp, tp, t3
core   0: 3 0x8000a94e (0x03c25233) x 4 0x00000000
core   0: 0x8000a952 (0x0ff0000f) fence   iorw,iorw
core   0: 3 0x8000a952 (0x0ff0000f)
core   0: 0x8000a956 (0x00005ffd) c.li    t6, -1
core   0: 3 0x8000a956 (0x5ffd) x31 0xffffffff
core   0: 0x8000a958 (0x03c91633) mulh    a2, s2, t3
core   0: 3 0x8000a958 (0x03c91633) x12 0xffff7b12
core   0: 0x8000a95c (0x0023cb33) xor     s6, t2, sp
core   0: 3 0x8000a95c (0x0023cb33) x22 0xffffffe4
core   0: 0x8000a960 (0x0055da93) srli    s5, a1, 5
core   0: 3 0x8000a960 (0x0055da93) x21 0x00000000
core   0: 0x8000a964 (0x02ea6eb3) rem     t4, s4, a4
core   0: 3 0x8000a964 (0x02ea6eb3) x29 0xfd4ed00a
core   0: 0x8000a968 (0x0000c499) c.beqz  s1, pc + 14
core   0: 3 0x8000a968 (0xc499)
core   0: 0x8000a96a (0x0000537d) c.li    t1, -1
core   0: 3 0x8000a96a (0x537d) x 6 0xffffffff
core   0: 0x8000a96c (0x01dbc5b3) xor     a1, s7, t4
core   0: 3 0x8000a96c (0x01dbc5b3) x11 0x7d4cbcee
core   0: 0x8000a970 (0x03741e63) bne     s0, s7, pc + 60
core   0: 3 0x8000a970 (0x03741e63)
core   0: 0x8000a9ac (0x028d8733) mul     a4, s11, s0
core   0: 3 0x8000a9ac (0x028d8733) x14 0x00000000
core   0: 0x8000a9b0 (0x041c4263) blt     s8, ra, pc + 68
core   0: 3 0x8000a9b0 (0x041c4263)
core   0: 0x8000a9f4 (0x00008d49) c.or    a0, a0
core   0: 3 0x8000a9f4 (0x8d49) x10 0xe4799000
core   0: 0x8000a9f6 (0x0000ce81) c.beqz  a3, pc + 24
core   0: 3 0x8000a9f6 (0xce81)
core   0: 0x8000a9f8 (0x319a2013) slti    zero, s4, 793
core   0: 3 0x8000a9f8 (0x319a2013)
core   0: 0x8000a9fc (0x016d1e63) bne     s10, s6, pc + 28
core   0: 3 0x8000a9fc (0x016d1e63)
core   0: 0x8000aa18 (0x00004701) c.li    a4, 0
core   0: 3 0x8000aa18 (0x4701) x14 0x00000000
core   0: 0x8000aa1a (0x0567c563) blt     a5, s6, pc + 74
core   0: 3 0x8000aa1a (0x0567c563)
core   0: 0x8000aa1e (0x00000705) c.addi  a4, 1
core   0: 3 0x8000aa1e (0x0705) x14 0x00000001
core   0: 0x8000aa20 (0x0000100f) fence.i
core   0: 3 0x8000aa20 (0x0000100f)
core   0: 0x8000aa24 (0xce334993) xori    s3, t1, -797
core   0: 3 0x8000aa24 (0xce334993) x19 0x0000031c
core   0: 0x8000aa28 (0x0ff0000f) fence   iorw,iorw
core   0: 3 0x8000aa28 (0x0ff0000f)
core   0: 0x8000aa2c (0x036efab3) remu    s5, t4, s6
core   0: 3 0x8000aa2c (0x036efab3) x21 0xfd4ed00a
core   0: 0x8000aa30 (0x03cdc263) blt     s11, t3, pc + 36
core   0: 3 0x8000aa30 (0x03cdc263)
core   0: 0x8000aa34 (0x02b6d333) divu    t1, a3, a1
core   0: 3 0x8000aa34 (0x02b6d333) x 6 0x00000000
core   0: 0x8000aa38 (0x00008025) c.srli  s0, 9
core   0: 3 0x8000aa38 (0x8025) x 8 0x00000000
core   0: 0x8000aa3a (0x1f5eed37) lui     s10, 0x1f5ee
core   0: 3 0x8000aa3a (0x1f5eed37) x26 0x1f5ee000
core   0: 0x8000aa3e (0x000a9f93) slli    t6, s5, 0
core   0: 3 0x8000aa3e (0x000a9f93) x31 0xfd4ed00a
core   0: 0x8000aa42 (0x0ff0000f) fence   iorw,iorw
core   0: 3 0x8000aa42 (0x0ff0000f)
core   0: 0x8000aa46 (0x02289763) bne     a7, sp, pc + 46
core   0: 3 0x8000aa46 (0x02289763)
core   0: 0x8000aa74 (0x0000832d) c.srli  a4, 11
core   0: 3 0x8000aa74 (0x832d) x14 0x00000000
core   0: 0x8000aa76 (0x02fe2ab3) mulhsu  s5, t3, a5
core   0: 3 0x8000aa76 (0x02fe2ab3) x21 0xffffffbd
core   0: 0x8000aa7a (0x0041ccb3) xor     s9, gp, tp
core   0: 3 0x8000aa7a (0x0041ccb3) x25 0x00000000
core   0: 0x8000aa7e (0x1b58f413) andi    s0, a7, 437
core   0: 3 0x8000aa7e (0x1b58f413) x 8 0x000001b5
core   0: 0x8000aa82 (0x527d4013) xori    zero, s10, 1319
core   0: 3 0x8000aa82 (0x527d4013)
core   0: 0x8000aa86 (0x0ff0000f) fence   iorw,iorw
core   0: 3 0x8000aa86 (0x0ff0000f)
core   0: 0x8000aa8a (0x00008645) c.srai  a2, 17
core   0: 3 0x8000aa8a (0x8645) x12 0xffffffff
core   0: 0x8000aa8c (0x405b8533) sub     a0, s7, t0
core   0: 3 0x8000aa8c (0x405b8533) x10 0x80026ce4
core   0: 0x8000aa90 (0x03e5bc33) mulhu   s8, a1, t5
core   0: 3 0x8000aa90 (0x03e5bc33) x24 0x000001da
core   0: 0x8000aa94 (0xff3e2313) slti    t1, t3, -13
core   0: 3 0x8000aa94 (0xff3e2313) x 6 0x00000001
core   0: 0x8000aa98 (0x029e8b33) mul     s6, t4, s1
core   0: 3 0x8000aa98 (0x029e8b33) x22 0x183aafa6
core   0: 0x8000aa9c (0x037d9033) mulh    zero, s11, s7
core   0: 3 0x8000aa9c (0x037d9033)
core   0: 0x8000aaa0 (0x01c99893) slli    a7, s3, 28
core   0: 3 0x8000aaa0 (0x01c99893) x17 0xc0000000
core   0: 0x8000aaa4 (0x00008d75) c.and   a0, a3
core   0: 3 0x8000aaa4 (0x8d75) x10 0x00000000
core   0: 0x8000aaa6 (0xe290f993) andi    s3, ra, -471
core   0: 3 0x8000aaa6 (0xe290f993) x19 0x00011208
core   0: 0x8000aaaa (0x0398de63) bge     a7, s9, pc + 60
core   0: 3 0x8000aaaa (0x0398de63)
core   0: 0x8000aaae (0x0000e415) c.bnez  s0, pc + 44
core   0: 3 0x8000aaae (0xe415)
core   0: 0x8000aada (0x00008c09) c.sub   s0, a0
core   0: 3 0x8000aada (0x8c09) x 8 0x000001b5
core   0: 0x8000aadc (0x000059fd) c.li    s3, -1
core   0: 3 0x8000aadc (0x59fd) x19 0xffffffff
core   0: 0x8000aade (0xaef28513) addi    a0, t0, -1297
core   0: 3 0x8000aade (0xaef28513) x10 0xfffffaef
core   0: 0x8000aae2 (0x00ad97b3) sll     a5, s11, a0
core   0: 3 0x8000aae2 (0x00ad97b3) x15 0x00000000
core   0: 0x8000aae6 (0x008ccf63) blt     s9, s0, pc + 30
core   0: 3 0x8000aae6 (0x008ccf63)
core   0: 0x8000ab04 (0x00000cb6) c.slli  s9, 13
core   0: 3 0x8000ab04 (0x0cb6) x25 0x00000000
core   0: 0x8000ab06 (0x000082c1) c.srli  a3, 16
core   0: 3 0x8000ab06 (0x82c1) x13 0x00000000
core   0: 0x8000ab08 (0x02ac4963) blt     s8, a0, pc + 50
core   0: 3 0x8000ab08 (0x02ac4963)
core   0: 0x8000ab0c (0x00017ab3) and     s5, sp, zero
core   0: 3 0x8000ab0c (0x00017ab3) x21 0x00000000
core   0: 0x8000ab10 (0x75a8bc93) sltiu   s9, a7, 1882
core   0: 3 0x8000ab10 (0x75a8bc93) x25 0x00000000
core   0: 0x8000ab14 (0x00a4bfb3) sltu    t6, s1, a0
core   0: 3 0x8000ab14 (0x00a4bfb3) x31 0x00000000
core   0: 0x8000ab18 (0x00008839) c.andi  s0, 14
core   0: 3 0x8000ab18 (0x8839) x 8 0x00000004
core   0: 0x8000ab1a (0x0051bc33) sltu    s8, gp, t0
core   0: 3 0x8000ab1a (0x0051bc33) x24 0x00000000
core   0: 0x8000ab1e (0x00e7fb33) and     s6, a5, a4
core   0: 3 0x8000ab1e (0x00e7fb33) x22 0x00000000
core   0: 0x8000ab22 (0x0334ceb3) div     t4, s1, s3
core   0: 3 0x8000ab22 (0x0334ceb3) x29 0x00000009
core   0: 0x8000ab26 (0x40a501b3) sub     gp, a0, a0
core   0: 3 0x8000ab26 (0x40a501b3) x 3 0x00000000
core   0: 0x8000ab2a (0x000085e5) c.srai  a1, 25
core   0: 3 0x8000ab2a (0x85e5) x11 0x0000003e
core   0: 0x8000ab2c (0xc2a2b313) sltiu   t1, t0, -982
core   0: 3 0x8000ab2c (0xc2a2b313) x 6 0x00000001
core   0: 0x8000ab30 (0x00000001) c.nop
core   0: 3 0x8000ab30 (0x0001)
core   0: 0x8000ab32 (0x41498333) sub     t1, s3, s4
core   0: 3 0x8000ab32 (0x41498333) x 6 0x7fffffff
core   0: 0x8000ab36 (0x416b5633) sra     a2, s6, s6
core   0: 3 0x8000ab36 (0x416b5633) x12 0x00000000
core   0: 0x8000ab3a (0x0000c309) c.beqz  a4, pc + 2
core   0: 3 0x8000ab3a (0xc309)
core   0: 0x8000ab3c (0x40c40d33) sub     s10, s0, a2
core   0: 3 0x8000ab3c (0x40c40d33) x26 0x00000004
core   0: 0x8000ab40 (0x60254593) xori    a1, a0, 1538
core   0: 3 0x8000ab40 (0x60254593) x11 0xfffffced
core   0: 0x8000ab44 (0x0000617d) c.addi16sp sp, 496
core   0: 3 0x8000ab44 (0x617d) x 2 0x00000205
core   0: 0x8000ab46 (0x0213d833) divu    a6, t2, ra
core   0: 3 0x8000ab46 (0x0213d833) x16 0x0000eda3
core   0: 0x8000ab4a (0x007f9613) slli    a2, t6, 7
core   0: 3 0x8000ab4a (0x007f9613) x12 0x00000000
core   0: 0x8000ab4e (0x00000f96) c.slli  t6, 5
core   0: 3 0x8000ab4e (0x0f96) x31 0x00000000
core   0: 0x8000ab50 (0x014e5d33) srl     s10, t3, s4
core   0: 3 0x8000ab50 (0x014e5d33) x26 0x80022e00
core   0: 0x8000ab54 (0x004b67b3) or      a5, s6, tp
core   0: 3 0x8000ab54 (0x004b67b3) x15 0x00000000
core   0: 0x8000ab58 (0x40afc593) xori    a1, t6, 1034
core   0: 3 0x8000ab58 (0x40afc593) x11 0x0000040a
core   0: 0x8000ab5c (0x003d0663) beq     s10, gp, pc + 12
core   0: 3 0x8000ab5c (0x003d0663)
core   0: 0x8000ab60 (0x0000e595) c.bnez  a1, pc + 44
core   0: 3 0x8000ab60 (0xe595)
core   0: 0x8000ab8c (0x001b93b3) sll     t2, s7, ra
core   0: 3 0x8000ab8c (0x001b93b3) x 7 0x026ce400
core   0: 0x8000ab90 (0x00008d49) c.or    a0, a0
core   0: 3 0x8000ab90 (0x8d49) x10 0xfffffaef
core   0: 0x8000ab92 (0x412003b3) sub     t2, zero, s2
core   0: 3 0x8000ab92 (0x412003b3) x 7 0xfffef621
core   0: 0x8000ab96 (0x0031c1b3) xor     gp, gp, gp
core   0: 3 0x8000ab96 (0x0031c1b3) x 3 0x00000000
core   0: 0x8000ab9a (0x002a6b63) bltu    s4, sp, pc + 22
core   0: 3 0x8000ab9a (0x002a6b63)
core   0: 0x8000ab9e (0x006ca3b3) slt     t2, s9, t1
core   0: 3 0x8000ab9e (0x006ca3b3) x 7 0x00000001
core   0: 0x8000aba2 (0x00f76f63) bltu    a4, a5, pc + 30
core   0: 3 0x8000aba2 (0x00f76f63)
core   0: 0x8000aba6 (0x00af0d33) add     s10, t5, a0
core   0: 3 0x8000aba6 (0x00af0d33) x26 0xfffffeb8
core   0: 0x8000abaa (0x00008a9d) c.andi  a3, 7
core   0: 3 0x8000abaa (0x8a9d) x13 0x00000000
core   0: 0x8000abac (0x01322b33) slt     s6, tp, s3
core   0: 3 0x8000abac (0x01322b33) x22 0x00000000
core   0: 0x8000abb0 (0x00008ca9) c.xor   s1, a0
core   0: 3 0x8000abb0 (0x8ca9) x 9 0x00000518
core   0: 0x8000abb2 (0x00006ac5) c.lui   s5, 0x11
core   0: 3 0x8000abb2 (0x6ac5) x21 0x00011000
core   0: 0x8000abb4 (0x009b7233) and     tp, s6, s1
core   0: 3 0x8000abb4 (0x009b7233) x 4 0x00000000
core   0: 0x8000abb8 (0x03570363) beq     a4, s5, pc + 38
core   0: 3 0x8000abb8 (0x03570363)
core   0: 0x8000abbc (0x007a9993) slli    s3, s5, 7
core   0: 3 0x8000abbc (0x007a9993) x19 0x00880000
core   0: 0x8000abc0 (0x03e05363) bge     zero, t5, pc + 38
core   0: 3 0x8000abc0 (0x03e05363)
core   0: 0x8000abc4 (0x0000e709) c.bnez  a4, pc + 10
core   0: 3 0x8000abc4 (0xe709)
core   0: 0x8000abc6 (0x0000717d) c.addi16sp sp, -16
core   0: 3 0x8000abc6 (0x717d) x 2 0x000001f5
core   0: 0x8000abc8 (0x00009ede) c.add   t4, s7
core   0: 3 0x8000abc8 (0x9ede) x29 0x80026ced
core   0: 0x8000abca (0x00004ad1) c.li    s5, 20
core   0: 3 0x8000abca (0x4ad1) x21 0x00000014
core   0: 0x8000abcc (0x00008a4d) c.andi  a2, 19
core   0: 3 0x8000abcc (0x8a4d) x12 0x00000000
core   0: 0x8000abce (0x009be733) or      a4, s7, s1
core   0: 3 0x8000abce (0x009be733) x14 0x80026dfc
core   0: 0x8000abd2 (0x020d19b3) mulh    s3, s10, zero
core   0: 3 0x8000abd2 (0x020d19b3) x19 0x00000000
core   0: 0x8000abd6 (0x3d608117) auipc   sp, 0x3d608
core   0: 3 0x8000abd6 (0x3d608117) x 2 0xbd612bd6
core   0: 0x8000abda (0x00008de5) c.and   a1, s1
core   0: 3 0x8000abda (0x8de5) x11 0x00000408
core   0: 0x8000abdc (0x00008d0d) c.sub   a0, a1
core   0: 3 0x8000abdc (0x8d0d) x10 0xfffff6e7
core   0: 0x8000abde (0x01cf6233) or      tp, t5, t3
core   0: 3 0x8000abde (0x01cf6233) x 4 0x80022fc9
core   0: 0x8000abe2 (0x01c58ab3) add     s5, a1, t3
core   0: 3 0x8000abe2 (0x01c58ab3) x21 0x80023208
core   0: 0x8000abe6 (0x01ec6433) or      s0, s8, t5
core   0: 3 0x8000abe6 (0x01ec6433) x 8 0x000003c9
core   0: 0x8000abea (0x0317aeb3) mulhsu  t4, a5, a7
core   0: 3 0x8000abea (0x0317aeb3) x29 0x00000000
core   0: 0x8000abee (0x0073e763) bltu    t2, t2, pc + 14
core   0: 3 0x8000abee (0x0073e763)
core   0: 0x8000abf2 (0x00008c25) c.xor   s0, s1
core   0: 3 0x8000abf2 (0x8c25) x 8 0x000006d1
core   0: 0x8000abf4 (0x00ae2233) slt     tp, t3, a0
core   0: 3 0x8000abf4 (0x00ae2233) x 4 0x00000001
core   0: 0x8000abf8 (0x40abd5b3) sra     a1, s7, a0
core   0: 3 0x8000abf8 (0x40abd5b3) x11 0xff0004d9
core   0: 0x8000abfc (0x0000853e) c.mv    a0, a5
core   0: 3 0x8000abfc (0x853e) x10 0x00000000
core   0: 0x8000abfe (0x00916c33) or      s8, sp, s1
core   0: 3 0x8000abfe (0x00916c33) x24 0xbd612fde
core   0: 0x8000ac02 (0x00e37933) and     s2, t1, a4
core   0: 3 0x8000ac02 (0x00e37933) x18 0x00026dfc
core   0: 0x8000ac06 (0xffe44417) auipc   s0, 0xffe44
core   0: 3 0x8000ac06 (0xffe44417) x 8 0x7fe4ec06
core   0: 0x8000ac0a (0x00008a79) c.andi  a2, 30
core   0: 3 0x8000ac0a (0x8a79) x12 0x00000000
core   0: 0x8000ac0c (0x023d6d33) rem     s10, s10, gp
core   0: 3 0x8000ac0c (0x023d6d33) x26 0xfffffeb8
core   0: 0x8000ac10 (0x03957163) bgeu    a0, s9, pc + 34
core   0: 3 0x8000ac10 (0x03957163)
core   0: 0x8000ac32 (0x000004f2) c.slli  s1, 28
core   0: 3 0x8000ac32 (0x04f2) x 9 0x80000000
core   0: 0x8000ac34 (0x01395d93) srli    s11, s2, 19
core   0: 3 0x8000ac34 (0x01395d93) x27 0x00000000
core   0: 0x8000ac38 (0x00000001) c.nop
core   0: 3 0x8000ac38 (0x0001)
core   0: 0x8000ac3a (0x028ecd63) blt     t4, s0, pc + 58
core   0: 3 0x8000ac3a (0x028ecd63)
core   0: 0x8000ac74 (0x00000eb1) c.addi  t4, 12
core   0: 3 0x8000ac74 (0x0eb1) x29 0x0000000c
core   0: 0x8000ac76 (0x00000eae) c.slli  t4, 11
core   0: 3 0x8000ac76 (0x0eae) x29 0x00006000
core   0: 0x8000ac78 (0x000094e6) c.add   s1, s9
core   0: 3 0x8000ac78 (0x94e6) x 9 0x80000000
core   0: 0x8000ac7a (0x03babd33) mulhu   s10, s5, s11
core   0: 3 0x8000ac7a (0x03babd33) x26 0x00000000
core   0: 0x8000ac7e (0x02b81db3) mulh    s11, a6, a1
core   0: 3 0x8000ac7e (0x02b81db3) x27 0xffffff12
core   0: 0x8000ac82 (0x0000eb15) c.bnez  a4, pc + 52
core   0: 3 0x8000ac82 (0xeb15)
core   0: 0x8000acb6 (0x00004dd9) c.li    s11, 22
core   0: 3 0x8000acb6 (0x4dd9) x27 0x00000016
core   0: 0x8000acb8 (0x0000100f) fence.i
core   0: 3 0x8000acb8 (0x0000100f)
core   0: 0x8000acbc (0x00008c4d) c.or    s0, a1
core   0: 3 0x8000acbc (0x8c4d) x 8 0xffe4ecdf
core   0: 0x8000acbe (0x00009b42) c.add   s6, a6
core   0: 3 0x8000acbe (0x9b42) x22 0x0000eda3
core   0: 0x8000acc0 (0x04964163) blt     a2, s1, pc + 66
core   0: 3 0x8000acc0 (0x04964163)
core   0: 0x8000acc4 (0x0000e495) c.bnez  s1, pc + 44
core   0: 3 0x8000acc4 (0xe495)
core   0: 0x8000acf0 (0x03d4dd33) divu    s10, s1, t4
core   0: 3 0x8000acf0 (0x03d4dd33) x26 0x00015555
core   0: 0x8000acf4 (0x01528263) beq     t0, s5, pc + 4
core   0: 3 0x8000acf4 (0x01528263)
core   0: 0x8000acf8 (0x06126f63) bltu    tp, ra, pc + 126
core   0: 3 0x8000acf8 (0x06126f63)
core   0: 0x8000ad76 (0x0000cb91) c.beqz  a5, pc + 20
core   0: 3 0x8000ad76 (0xcb91)
core   0: 0x8000ad8a (0x018224b3) slt     s1, tp, s8
core   0: 3 0x8000ad8a (0x018224b3) x 9 0x00000000
core   0: 0x8000ad8e (0x04971163) bne     a4, s1, pc + 66
core   0: 3 0x8000ad8e (0x04971163)
core   0: 0x8000add0 (0x4030dd93) srai    s11, ra, 3
core   0: 3 0x8000add0 (0x4030dd93) x27 0x00002279
core   0: 0x8000add4 (0x0000ef01) c.bnez  a4, pc + 24
core   0: 3 0x8000add4 (0xef01)
core   0: 0x8000adec (0x5a510313) addi    t1, sp, 1445
core   0: 3 0x8000adec (0x5a510313) x 6 0xbd61317b
core   0: 0x8000adf0 (0x00006fa9) c.lui   t6, 0xa
core   0: 3 0x8000adf0 (0x6fa9) x31 0x0000a000
core   0: 0x8000adf2 (0x000082e1) c.srli  a3, 24
core   0: 3 0x8000adf2 (0x82e1) x13 0x00000000
core   0: 0x8000adf4 (0x02aed933) divu    s2, t4, a0
core   0: 3 0x8000adf4 (0x02aed933) x18 0xffffffff
core   0: 0x8000adf8 (0x005bf8b3) and     a7, s7, t0
core   0: 3 0x8000adf8 (0x005bf8b3) x17 0x00000000
core   0: 0x8000adfc (0x0ff0000f) fence   iorw,iorw
core   0: 3 0x8000adfc (0x0ff0000f)
core   0: 0x8000ae00 (0x01a26c33) or      s8, tp, s10
core   0: 3 0x8000ae00 (0x01a26c33) x24 0x00015555
core   0: 0x8000ae04 (0x02cbe533) rem     a0, s7, a2
core   0: 3 0x8000ae04 (0x02cbe533) x10 0x80026ce4
core   0: 0x8000ae08 (0x019c2f33) slt     t5, s8, s9
core   0: 3 0x8000ae08 (0x019c2f33) x30 0x00000000
core   0: 0x8000ae0c (0x0000100f) fence.i
core   0: 3 0x8000ae0c (0x0000100f)
core   0: 0x8000ae10 (0x00631013) slli    zero, t1, 6
core   0: 3 0x8000ae10 (0x00631013)
core   0: 0x8000ae14 (0x038141b3) div     gp, sp, s8
core   0: 3 0x8000ae14 (0x038141b3) x 3 0xffffce09
core   0: 0x8000ae18 (0x01eea1b3) slt     gp, t4, t5
core   0: 3 0x8000ae18 (0x01eea1b3) x 3 0x00000000
core   0: 0x8000ae1c (0xde986c93) ori     s9, a6, -535
core   0: 3 0x8000ae1c (0xde986c93) x25 0xfffffdeb
core   0: 0x8000ae20 (0x02f572b3) remu    t0, a0, a5
core   0: 3 0x8000ae20 (0x02f572b3) x 5 0x80026ce4
core   0: 0x8000ae24 (0x00008b16) c.mv    s6, t0
core   0: 3 0x8000ae24 (0x8b16) x22 0x80026ce4
core   0: 0x8000ae26 (0x00000001) c.nop
core   0: 3 0x8000ae26 (0x0001)
core   0: 0x8000ae28 (0x03a4e963) bltu    s1, s10, pc + 50
core   0: 3 0x8000ae28 (0x03a4e963)
core   0: 0x8000ae5a (0x0311f363) bgeu    gp, a7, pc + 38
core   0: 3 0x8000ae5a (0x0311f363)
core   0: 0x8000ae80 (0x01904233) xor     tp, zero, s9
core   0: 3 0x8000ae80 (0x01904233) x 4 0xfffffdeb
core   0: 0x8000ae84 (0x021bdb33) divu    s6, s7, ra
core   0: 3 0x8000ae84 (0x021bdb33) x22 0x000076d3
core   0: 0x8000ae88 (0x01899d33) sll     s10, s3, s8
core   0: 3 0x8000ae88 (0x01899d33) x26 0x00000000
core   0: 0x8000ae8c (0x00006125) c.addi16sp sp, 96
core   0: 3 0x8000ae8c (0x6125) x 2 0xbd612c36
core   0: 0x8000ae8e (0x412f54b3) sra     s1, t5, s2
core   0: 3 0x8000ae8e (0x412f54b3) x 9 0x00000000
core   0: 0x8000ae92 (0x00000001) c.nop
core   0: 3 0x8000ae92 (0x0001)
core   0: 0x8000ae94 (0x0363e263) bltu    t2, s6, pc + 36
core   0: 3 0x8000ae94 (0x0363e263)
core   0: 0x8000aeb8 (0x021b95b3) mulh    a1, s7, ra
core   0: 3 0x8000aeb8 (0x021b95b3) x11 0xffff761e
core   0: 0x8000aebc (0x41a4dd33) sra     s10, s1, s10
core   0: 3 0x8000aebc (0x41a4dd33) x26 0x00000000
core   0: 0x8000aec0 (0x00a88b63) beq     a7, a0, pc + 22
core   0: 3 0x8000aec0 (0x00a88b63)
core   0: 0x8000aec4 (0x4176d133) sra     sp, a3, s7
core   0: 3 0x8000aec4 (0x4176d133) x 2 0x00000000
core   0: 0x8000aec8 (0x0344d7b3) divu    a5, s1, s4
core   0: 3 0x8000aec8 (0x0344d7b3) x15 0x00000000
core   0: 0x8000aecc (0x957c0693) addi    a3, s8, -1705
core   0: 3 0x8000aecc (0x957c0693) x13 0x00014eac
core   0: 0x8000aed0 (0x543a3337) lui     t1, 0x543a3
core   0: 3 0x8000aed0 (0x543a3337) x 6 0x543a3000
core   0: 0x8000aed4 (0x00000490) c.addi4spn a2, sp, 576
core   0: 3 0x8000aed4 (0x0490) x12 0x00000240
core   0: 0x8000aed6 (0x0000c31d) c.beqz  a4, pc + 38
core   0: 3 0x8000aed6 (0xc31d)
core   0: 0x8000aed8 (0xd3ab4093) xori    ra, s6, -710
core   0: 3 0x8000aed8 (0xd3ab4093) x 1 0xffff8be9
core   0: 0x8000aedc (0x8ec4b937) lui     s2, 0x8ec4b
core   0: 3 0x8000aedc (0x8ec4b937) x18 0x8ec4b000
core   0: 0x8000aee0 (0x24a3f497) auipc   s1, 0x24a3f
core   0: 3 0x8000aee0 (0x24a3f497) x 9 0xa4a49ee0
core   0: 0x8000aee4 (0x00008f9d) c.sub   a5, a5
core   0: 3 0x8000aee4 (0x8f9d) x15 0x00000000
core   0: 0x8000aee6 (0x027a33b3) mulhu   t2, s4, t2
core   0: 3 0x8000aee6 (0x027a33b3) x 7 0x00000000
core   0: 0x8000aeea (0x0045d3b3) srl     t2, a1, tp
core   0: 3 0x8000aeea (0x0045d3b3) x 7 0x001fffee
core   0: 0x8000aeee (0x75093f93) sltiu   t6, s2, 1872
core   0: 3 0x8000aeee (0x75093f93) x31 0x00000000
core   0: 0x8000aef2 (0x40e15893) srai    a7, sp, 14
core   0: 3 0x8000aef2 (0x40e15893) x17 0x00000000
core   0: 0x8000aef6 (0x003f9693) slli    a3, t6, 3
core   0: 3 0x8000aef6 (0x003f9693) x13 0x00000000
core   0: 0x8000aefa (0x00006675) c.lui   a2, 0x1d
core   0: 3 0x8000aefa (0x6675) x12 0x0001d000
core   0: 0x8000aefc (0x018170b3) and     ra, sp, s8
core   0: 3 0x8000aefc (0x018170b3) x 1 0x00000000
core   0: 0x8000af00 (0x00000c1c) c.addi4spn a5, sp, 528
core   0: 3 0x8000af00 (0x0c1c) x15 0x00000210
core   0: 0x8000af02 (0x009f2633) slt     a2, t5, s1
core   0: 3 0x8000af02 (0x009f2633) x12 0x00000000
core   0: 0x8000af06 (0x087307b7) lui     a5, 0x8730
core   0: 3 0x8000af06 (0x087307b7) x15 0x08730000
core   0: 0x8000af0a (0x8744d0b7) lui     ra, 0x8744d
core   0: 3 0x8000af0a (0x8744d0b7) x 1 0x8744d000
core   0: 0x8000af0e (0x015dd5b3) srl     a1, s11, s5
core   0: 3 0x8000af0e (0x015dd5b3) x11 0x00000022
core   0: 0x8000af12 (0x00689863) bne     a7, t1, pc + 16
core   0: 3 0x8000af12 (0x00689863)
core   0: 0x8000af22 (0x006bd213) srli    tp, s7, 6
core   0: 3 0x8000af22 (0x006bd213) x 4 0x020009b3
core   0: 0x8000af26 (0x0000717d) c.addi16sp sp, -16
core   0: 3 0x8000af26 (0x717d) x 2 0xfffffff0
core   0: 0x8000af28 (0x00001d7d) c.addi  s10, -1
core   0: 3 0x8000af28 (0x1d7d) x26 0xffffffff
core   0: 0x8000af2a (0x0000100f) fence.i
core   0: 3 0x8000af2a (0x0000100f)
core   0: 0x8000af2e (0x015bc863) blt     s7, s5, pc + 16
core   0: 3 0x8000af2e (0x015bc863)
core   0: 0x8000af32 (0xf62a2613) slti    a2, s4, -158
core   0: 3 0x8000af32 (0xf62a2613) x12 0x00000001
core   0: 0x8000af36 (0x01545b13) srli    s6, s0, 21
core   0: 3 0x8000af36 (0x01545b13) x22 0x000007ff
core   0: 0x8000af3a (0xb9fc0393) addi    t2, s8, -1121
core   0: 3 0x8000af3a (0xb9fc0393) x 7 0x000150f4
core   0: 0x8000af3e (0x0000c085) c.beqz  s1, pc + 32
core   0: 3 0x8000af3e (0xc085)
core   0: 0x8000af40 (0x00000001) c.nop
core   0: 3 0x8000af40 (0x0001)
core   0: 0x8000af42 (0xfe756a93) ori     s5, a0, -25
core   0: 3 0x8000af42 (0xfe756a93) x21 0xffffffe7
core   0: 0x8000af46 (0xcf183713) sltiu   a4, a6, -783
core   0: 3 0x8000af46 (0xcf183713) x14 0x00000001
core   0: 0x8000af4a (0x00008c01) c.sub   s0, s0
core   0: 3 0x8000af4a (0x8c01) x 8 0x00000000
core   0: 0x8000af4c (0x0000100f) fence.i
core   0: 3 0x8000af4c (0x0000100f)
core   0: 0x8000af50 (0x018834b3) sltu    s1, a6, s8
core   0: 3 0x8000af50 (0x018834b3) x 9 0x00000001
core   0: 0x8000af54 (0x001a9cb3) sll     s9, s5, ra
core   0: 3 0x8000af54 (0x001a9cb3) x25 0xffffffe7
core   0: 0x8000af58 (0x00004221) c.li    tp, 8
core   0: 3 0x8000af58 (0x4221) x 4 0x00000008
core   0: 0x8000af5a (0x02701263) bne     zero, t2, pc + 36
core   0: 3 0x8000af5a (0x02701263)
core   0: 0x8000af7e (0x0000ef1d) c.bnez  a4, pc + 62
core   0: 3 0x8000af7e (0xef1d)
core   0: 0x8000afbc (0x0000612d) c.addi16sp sp, 224
core   0: 3 0x8000afbc (0x612d) x 2 0x000000d0
core   0: 0x8000afbe (0x00000284) c.addi4spn s1, sp, 320
core   0: 3 0x8000afbe (0x0284) x 9 0x00000210
core   0: 0x8000afc0 (0x03258533) mul     a0, a1, s2
core   0: 3 0x8000afc0 (0x03258533) x10 0xf61f6000
core   0: 0x8000afc4 (0x00006cdd) c.lui   s9, 0x17
core   0: 3 0x8000afc4 (0x6cdd) x25 0x00017000
core   0: 0x8000afc6 (0x03af0933) mul     s2, t5, s10
core   0: 3 0x8000afc6 (0x03af0933) x18 0x00000000
core   0: 0x8000afca (0x8b142593) slti    a1, s0, -1871
core   0: 3 0x8000afca (0x8b142593) x11 0x00000000
core   0: 0x8000afce (0x000083b2) c.mv    t2, a2
core   0: 3 0x8000afce (0x83b2) x 7 0x00000001
core   0: 0x8000afd0 (0x000002f5) c.addi  t0, 29
core   0: 3 0x8000afd0 (0x02f5) x 5 0x80026d01
core   0: 0x8000afd2 (0x00008b2d) c.andi  a4, 11
core   0: 3 0x8000afd2 (0x8b2d) x14 0x00000001
core   0: 0x8000afd4 (0x0ff0000f) fence   iorw,iorw
core   0: 3 0x8000afd4 (0x0ff0000f)
core   0: 0x8000afd8 (0x05a2fe63) bgeu    t0, s10, pc + 92
core   0: 3 0x8000afd8 (0x05a2fe63)
core   0: 0x8000afdc (0x0000717d) c.addi16sp sp, -16
core   0: 3 0x8000afdc (0x717d) x 2 0x000000c0
core   0: 0x8000afde (0x40f38733) sub     a4, t2, a5
core   0: 3 0x8000afde (0x40f38733) x14 0xf78d0001
core   0: 0x8000afe2 (0xee3a8113) addi    sp, s5, -285
core   0: 3 0x8000afe2 (0xee3a8113) x 2 0xfffffeca
core   0: 0x8000afe6 (0x00200113) li      sp, 2
core   0: 3 0x8000afe6 (0x00200113) x 2 0x00000002
core   0: 0x8000afea (0x01100a93) li      s5, 17
core   0: 3 0x8000afea (0x01100a93) x21 0x00000011
core   0: 0x8000afee (0x02ba91b3) mulh    gp, s5, a1
core   0: 3 0x8000afee (0x02ba91b3) x 3 0x00000000
core   0: 0x8000aff2 (0x00000115) c.addi  sp, 5
core   0: 3 0x8000aff2 (0x0115) x 2 0x00000007
core   0: 0x8000aff4 (0xfff00513) li      a0, -1
core   0: 3 0x8000aff4 (0xfff00513) x10 0xffffffff
core   0: 0x8000aff8 (0x01300c93) li      s9, 19
core   0: 3 0x8000aff8 (0x01300c93) x25 0x00000013
core   0: 0x8000affc (0x000830b3) sltu    ra, a6, zero
core   0: 3 0x8000affc (0x000830b3) x 1 0x00000000
core   0: 0x8000b000 (0x00008d81) c.sub   a1, s0
core   0: 3 0x8000b000 (0x8d81) x11 0x00000000
core   0: 0x8000b002 (0x00000515) c.addi  a0, 5
core   0: 3 0x8000b002 (0x0515) x10 0x00000004
core   0: 0x8000b004 (0xff951ee3) bne     a0, s9, pc - 4
core   0: 3 0x8000b004 (0xff951ee3)
core   0: 0x8000b000 (0x00008d81) c.sub   a1, s0
core   0: 3 0x8000b000 (0x8d81) x11 0x00000000
core   0: 0x8000b002 (0x00000515) c.addi  a0, 5
core   0: 3 0x8000b002 (0x0515) x10 0x00000009
core   0: 0x8000b004 (0xff951ee3) bne     a0, s9, pc - 4
core   0: 3 0x8000b004 (0xff951ee3)
core   0: 0x8000b000 (0x00008d81) c.sub   a1, s0
core   0: 3 0x8000b000 (0x8d81) x11 0x00000000
core   0: 0x8000b002 (0x00000515) c.addi  a0, 5
core   0: 3 0x8000b002 (0x0515) x10 0x0000000e
core   0: 0x8000b004 (0xff951ee3) bne     a0, s9, pc - 4
core   0: 3 0x8000b004 (0xff951ee3)
core   0: 0x8000b000 (0x00008d81) c.sub   a1, s0
core   0: 3 0x8000b000 (0x8d81) x11 0x00000000
core   0: 0x8000b002 (0x00000515) c.addi  a0, 5
core   0: 3 0x8000b002 (0x0515) x10 0x00000013
core   0: 0x8000b004 (0xff951ee3) bne     a0, s9, pc - 4
core   0: 3 0x8000b004 (0xff951ee3)
core   0: 0x8000b008 (0xff5113e3) bne     sp, s5, pc - 26
core   0: 3 0x8000b008 (0xff5113e3)
core   0: 0x8000afee (0x02ba91b3) mulh    gp, s5, a1
core   0: 3 0x8000afee (0x02ba91b3) x 3 0x00000000
core   0: 0x8000aff2 (0x00000115) c.addi  sp, 5
core   0: 3 0x8000aff2 (0x0115) x 2 0x0000000c
core   0: 0x8000aff4 (0xfff00513) li      a0, -1
core   0: 3 0x8000aff4 (0xfff00513) x10 0xffffffff
core   0: 0x8000aff8 (0x01300c93) li      s9, 19
core   0: 3 0x8000aff8 (0x01300c93) x25 0x00000013
core   0: 0x8000affc (0x000830b3) sltu    ra, a6, zero
core   0: 3 0x8000affc (0x000830b3) x 1 0x00000000
core   0: 0x8000b000 (0x00008d81) c.sub   a1, s0
core   0: 3 0x8000b000 (0x8d81) x11 0x00000000
core   0: 0x8000b002 (0x00000515) c.addi  a0, 5
core   0: 3 0x8000b002 (0x0515) x10 0x00000004
core   0: 0x8000b004 (0xff951ee3) bne     a0, s9, pc - 4
core   0: 3 0x8000b004 (0xff951ee3)
core   0: 0x8000b000 (0x00008d81) c.sub   a1, s0
core   0: 3 0x8000b000 (0x8d81) x11 0x00000000
core   0: 0x8000b002 (0x00000515) c.addi  a0, 5
core   0: 3 0x8000b002 (0x0515) x10 0x00000009
core   0: 0x8000b004 (0xff951ee3) bne     a0, s9, pc - 4
core   0: 3 0x8000b004 (0xff951ee3)
core   0: 0x8000b000 (0x00008d81) c.sub   a1, s0
core   0: 3 0x8000b000 (0x8d81) x11 0x00000000
core   0: 0x8000b002 (0x00000515) c.addi  a0, 5
core   0: 3 0x8000b002 (0x0515) x10 0x0000000e
core   0: 0x8000b004 (0xff951ee3) bne     a0, s9, pc - 4
core   0: 3 0x8000b004 (0xff951ee3)
core   0: 0x8000b000 (0x00008d81) c.sub   a1, s0
core   0: 3 0x8000b000 (0x8d81) x11 0x00000000
core   0: 0x8000b002 (0x00000515) c.addi  a0, 5
core   0: 3 0x8000b002 (0x0515) x10 0x00000013
core   0: 0x8000b004 (0xff951ee3) bne     a0, s9, pc - 4
core   0: 3 0x8000b004 (0xff951ee3)
core   0: 0x8000b008 (0xff5113e3) bne     sp, s5, pc - 26
core   0: 3 0x8000b008 (0xff5113e3)
core   0: 0x8000afee (0x02ba91b3) mulh    gp, s5, a1
core   0: 3 0x8000afee (0x02ba91b3) x 3 0x00000000
core   0: 0x8000aff2 (0x00000115) c.addi  sp, 5
core   0: 3 0x8000aff2 (0x0115) x 2 0x00000011
core   0: 0x8000aff4 (0xfff00513) li      a0, -1
core   0: 3 0x8000aff4 (0xfff00513) x10 0xffffffff
core   0: 0x8000aff8 (0x01300c93) li      s9, 19
core   0: 3 0x8000aff8 (0x01300c93) x25 0x00000013
core   0: 0x8000affc (0x000830b3) sltu    ra, a6, zero
core   0: 3 0x8000affc (0x000830b3) x 1 0x00000000
core   0: 0x8000b000 (0x00008d81) c.sub   a1, s0
core   0: 3 0x8000b000 (0x8d81) x11 0x00000000
core   0: 0x8000b002 (0x00000515) c.addi  a0, 5
core   0: 3 0x8000b002 (0x0515) x10 0x00000004
core   0: 0x8000b004 (0xff951ee3) bne     a0, s9, pc - 4
core   0: 3 0x8000b004 (0xff951ee3)
core   0: 0x8000b000 (0x00008d81) c.sub   a1, s0
core   0: 3 0x8000b000 (0x8d81) x11 0x00000000
core   0: 0x8000b002 (0x00000515) c.addi  a0, 5
core   0: 3 0x8000b002 (0x0515) x10 0x00000009
core   0: 0x8000b004 (0xff951ee3) bne     a0, s9, pc - 4
core   0: 3 0x8000b004 (0xff951ee3)
core   0: 0x8000b000 (0x00008d81) c.sub   a1, s0
core   0: 3 0x8000b000 (0x8d81) x11 0x00000000
core   0: 0x8000b002 (0x00000515) c.addi  a0, 5
core   0: 3 0x8000b002 (0x0515) x10 0x0000000e
core   0: 0x8000b004 (0xff951ee3) bne     a0, s9, pc - 4
core   0: 3 0x8000b004 (0xff951ee3)
core   0: 0x8000b000 (0x00008d81) c.sub   a1, s0
core   0: 3 0x8000b000 (0x8d81) x11 0x00000000
core   0: 0x8000b002 (0x00000515) c.addi  a0, 5
core   0: 3 0x8000b002 (0x0515) x10 0x00000013
core   0: 0x8000b004 (0xff951ee3) bne     a0, s9, pc - 4
core   0: 3 0x8000b004 (0xff951ee3)
core   0: 0x8000b008 (0xff5113e3) bne     sp, s5, pc - 26
core   0: 3 0x8000b008 (0xff5113e3)
core   0: 0x8000b00c (0x00008c6d) c.and   s0, a1
core   0: 3 0x8000b00c (0x8c6d) x 8 0x00000000
core   0: 0x8000b00e (0x00000111) c.addi  sp, 4
core   0: 3 0x8000b00e (0x0111) x 2 0x00000015
core   0: 0x8000b010 (0x022398b3) mulh    a7, t2, sp
core   0: 3 0x8000b010 (0x022398b3) x17 0x00000000
core   0: 0x8000b014 (0x00000001) c.nop
core   0: 3 0x8000b014 (0x0001)
core   0: 0x8000b016 (0x00000b18) c.addi4spn a4, sp, 400
core   0: 3 0x8000b016 (0x0b18) x14 0x000001a5
core   0: 0x8000b018 (0x0000c909) c.beqz  a0, pc + 18
core   0: 3 0x8000b018 (0xc909)
core   0: 0x8000b01a (0x41555f33) sra     t5, a0, s5
core   0: 3 0x8000b01a (0x41555f33) x30 0x00000000
core   0: 0x8000b01e (0xd7364b17) auipc   s6, 0xd7364
core   0: 3 0x8000b01e (0xd7364b17) x22 0x5736f01e
core   0: 0x8000b022 (0x0000c51d) c.beqz  a0, pc + 46
core   0: 3 0x8000b022 (0xc51d)
core   0: 0x8000b024 (0xc6eb3d93) sltiu   s11, s6, -914
core   0: 3 0x8000b024 (0xc6eb3d93) x27 0x00000001
core   0: 0x8000b028 (0x00008d41) c.or    a0, s0
core   0: 3 0x8000b028 (0x8d41) x10 0x00000013
core   0: 0x8000b02a (0x028a63b3) rem     t2, s4, s0
core   0: 3 0x8000b02a (0x028a63b3) x 7 0x80000000
core   0: 0x8000b02e (0x00000ebe) c.slli  t4, 15
core   0: 3 0x8000b02e (0x0ebe) x29 0x30000000
core   0: 0x8000b030 (0x0214f433) remu    s0, s1, ra
core   0: 3 0x8000b030 (0x0214f433) x 8 0x00000210
core   0: 0x8000b034 (0x02a3aeb3) mulhsu  t4, t2, a0
core   0: 3 0x8000b034 (0x02a3aeb3) x29 0xfffffff6
core   0: 0x8000b038 (0x008902b3) add     t0, s2, s0
core   0: 3 0x8000b038 (0x008902b3) x 5 0x00000210
core   0: 0x8000b03c (0x00000001) c.nop
core   0: 3 0x8000b03c (0x0001)
core   0: 0x8000b03e (0x40b6d113) srai    sp, a3, 11
core   0: 3 0x8000b03e (0x40b6d113) x 2 0x00000000
core   0: 0x8000b042 (0x5dfaa513) slti    a0, s5, 1503
core   0: 3 0x8000b042 (0x5dfaa513) x10 0x00000001
core   0: 0x8000b046 (0x02334833) div     a6, t1, gp
core   0: 3 0x8000b046 (0x02334833) x16 0xffffffff
core   0: 0x8000b04a (0x000060d1) c.lui   ra, 0x14
core   0: 3 0x8000b04a (0x60d1) x 1 0x00014000
core   0: 0x8000b04c (0x7d1075b7) lui     a1, 0x7d107
core   0: 3 0x8000b04c (0x7d1075b7) x11 0x7d107000
core   0: 0x8000b050 (0x03ad9433) mulh    s0, s11, s10
core   0: 3 0x8000b050 (0x03ad9433) x 8 0xffffffff
core   0: 0x8000b054 (0x405983b3) sub     t2, s3, t0
core   0: 3 0x8000b054 (0x405983b3) x 7 0xfffffdf0
core   0: 0x8000b058 (0x00008619) c.srai  a2, 6
core   0: 3 0x8000b058 (0x8619) x12 0x00000000
core   0: 0x8000b05a (0x000000ad) c.addi  ra, 11
core   0: 3 0x8000b05a (0x00ad) x 1 0x0001400b
core   0: 0x8000b05c (0x01faa233) slt     tp, s5, t6
core   0: 3 0x8000b05c (0x01faa233) x 4 0x00000000
core   0: 0x8000b060 (0x008cf133) and     sp, s9, s0
core   0: 3 0x8000b060 (0x008cf133) x 2 0x00000013
core   0: 0x8000b064 (0x028837b3) mulhu   a5, a6, s0
core   0: 3 0x8000b064 (0x028837b3) x15 0xfffffffe
core   0: 0x8000b068 (0x404b0333) sub     t1, s6, tp
core   0: 3 0x8000b068 (0x404b0333) x 6 0x5736f01e
core   0: 0x8000b06c (0x018a9963) bne     s5, s8, pc + 18
core   0: 3 0x8000b06c (0x018a9963)
core   0: 0x8000b07e (0x00000dfa) c.slli  s11, 30
core   0: 3 0x8000b07e (0x0dfa) x27 0x40000000
core   0: 0x8000b080 (0x0000e40d) c.bnez  s0, pc + 42
core   0: 3 0x8000b080 (0xe40d)
core   0: 0x8000b0aa (0x0148c463) blt     a7, s4, pc + 8
core   0: 3 0x8000b0aa (0x0148c463)
core   0: 0x8000b0ae (0x00008fe2) c.mv    t6, s8
core   0: 3 0x8000b0ae (0x8fe2) x31 0x00015555
core   0: 0x8000b0b0 (0x0000c089) c.beqz  s1, pc + 2
core   0: 3 0x8000b0b0 (0xc089)
core   0: 0x8000b0b2 (0x00008245) c.srli  a2, 17
core   0: 3 0x8000b0b2 (0x8245) x12 0x00000000
core   0: 0x8000b0b4 (0x0344ffb3) remu    t6, s1, s4
core   0: 3 0x8000b0b4 (0x0344ffb3) x31 0x00000210
core   0: 0x8000b0b8 (0x00006685) c.lui   a3, 0x1
core   0: 3 0x8000b0b8 (0x6685) x13 0x00001000
core   0: 0x8000b0ba (0x01e11413) slli    s0, sp, 30
core   0: 3 0x8000b0ba (0x01e11413) x 8 0xc0000000
core   0: 0x8000b0be (0x419cdf33) sra     t5, s9, s9
core   0: 3 0x8000b0be (0x419cdf33) x30 0x00000000
core   0: 0x8000b0c2 (0x000084dd) c.srai  s1, 23
core   0: 3 0x8000b0c2 (0x84dd) x 9 0x00000000
core   0: 0x8000b0c4 (0x00008e11) c.sub   a2, a2
core   0: 3 0x8000b0c4 (0x8e11) x12 0x00000000
core   0: 0x8000b0c6 (0x00000d1c) c.addi4spn a5, sp, 656
core   0: 3 0x8000b0c6 (0x0d1c) x15 0x000002a3
core   0: 0x8000b0c8 (0x004e2803) lw      a6, 4(t3)
core   0: 3 0x8000b0c8 (0x004e2803) x16 0x80004adc mem 0x80022e04
core   0: 0x8000b0cc (0x00de9293) slli    t0, t4, 13
core   0: 3 0x8000b0cc (0x00de9293) x 5 0xfffec000
core   0: 0x8000b0d0 (0x034e0e13) addi    t3, t3, 52
core   0: 3 0x8000b0d0 (0x034e0e13) x28 0x80022e34
core   0: 0x8000b0d4 (0x000066c9) c.lui   a3, 0x12
core   0: 3 0x8000b0d4 (0x66c9) x13 0x00012000
core   0: 0x8000b0d6 (0x00180213) addi    tp, a6, 1
core   0: 3 0x8000b0d6 (0x00180213) x 4 0x80004add
core   0: 0x8000b0da (0x00020267) jalr    tp, tp, 0
core   0: 3 0x8000b0da (0x00020267) x 4 0x8000b0de
core   0: 0x80004adc (0x00900693) li      a3, 9
core   0: 3 0x80004adc (0x00900693) x13 0x00000009
core   0: 0x80004ae0 (0x026162b3) rem     t0, sp, t1
core   0: 3 0x80004ae0 (0x026162b3) x 5 0x00000013
core   0: 0x80004ae4 (0x03623433) mulhu   s0, tp, s6
core   0: 3 0x80004ae4 (0x03623433) x 8 0x2b9bb450
core   0: 0x80004ae8 (0x01d24333) xor     t1, tp, t4
core   0: 3 0x80004ae8 (0x01d24333) x 6 0x7fff4f28
core   0: 0x80004aec (0x0000100f) fence.i
core   0: 3 0x80004aec (0x0000100f)
core   0: 0x80004af0 (0x010f03b3) add     t2, t5, a6
core   0: 3 0x80004af0 (0x010f03b3) x 7 0x80004adc
core   0: 0x80004af4 (0x00008f65) c.and   a4, s1
core   0: 3 0x80004af4 (0x8f65) x14 0x00000000
core   0: 0x80004af6 (0x032ef233) remu    tp, t4, s2
core   0: 3 0x80004af6 (0x032ef233) x 4 0xfffffff6
core   0: 0x80004afa (0x0068dfb3) srl     t6, a7, t1
core   0: 3 0x80004afa (0x0068dfb3) x31 0x00000000
core   0: 0x80004afe (0x0000069c) c.addi4spn a5, sp, 832
core   0: 3 0x80004afe (0x069c) x15 0x00000353
core   0: 0x80004b00 (0x03387233) remu    tp, a6, s3
core   0: 3 0x80004b00 (0x03387233) x 4 0x80004adc
core   0: 0x80004b04 (0x000084c5) c.srai  s1, 17
core   0: 3 0x80004b04 (0x84c5) x 9 0x00000000
core   0: 0x80004b06 (0x000083c6) c.mv    t2, a7
core   0: 3 0x80004b06 (0x83c6) x 7 0x00000000
core   0: 0x80004b08 (0x00000001) c.nop
core   0: 3 0x80004b08 (0x0001)
core   0: 0x80004b0a (0x405d5413) srai    s0, s10, 5
core   0: 3 0x80004b0a (0x405d5413) x 8 0xffffffff
core   0: 0x80004b0e (0x039134b3) mulhu   s1, sp, s9
core   0: 3 0x80004b0e (0x039134b3) x 9 0x00000000
core   0: 0x80004b12 (0x000016fd) c.addi  a3, -1
core   0: 3 0x80004b12 (0x16fd) x13 0x00000008
core   0: 0x80004b14 (0x00000001) c.nop
core   0: 3 0x80004b14 (0x0001)
core   0: 0x80004b16 (0x00009a7d) c.andi  a2, -1
core   0: 3 0x80004b16 (0x9a7d) x12 0x00000000
core   0: 0x80004b18 (0x0000dafd) c.beqz  a3, pc - 10
core   0: 3 0x80004b18 (0xdafd)
core   0: 0x80004b1a (0x00f611b3) sll     gp, a2, a5
core   0: 3 0x80004b1a (0x00f611b3) x 3 0x00000000
core   0: 0x80004b1e (0x00a00f93) li      t6, 10
core   0: 3 0x80004b1e (0x00a00f93) x31 0x0000000a
core   0: 0x80004b22 (0x41175893) srai    a7, a4, 17
core   0: 3 0x80004b22 (0x41175893) x17 0x00000000
core   0: 0x80004b26 (0x01d101b3) add     gp, sp, t4
core   0: 3 0x80004b26 (0x01d101b3) x 3 0x00000009
core   0: 0x80004b2a (0xaa2d6e93) ori     t4, s10, -1374
core   0: 3 0x80004b2a (0xaa2d6e93) x29 0xffffffff
core   0: 0x80004b2e (0x00000f4a) c.slli  t5, 18
core   0: 3 0x80004b2e (0x0f4a) x30 0x00000000
core   0: 0x80004b30 (0x01f63933) sltu    s2, a2, t6
core   0: 3 0x80004b30 (0x01f63933) x18 0x00000001
core   0: 0x80004b34 (0x034ed3b3) divu    t2, t4, s4
core   0: 3 0x80004b34 (0x034ed3b3) x 7 0x00000001
core   0: 0x80004b38 (0x000087f1) c.srai  a5, 28
core   0: 3 0x80004b38 (0x87f1) x15 0x00000000
core   0: 0x80004b3a (0xbccc8213) addi    tp, s9, -1076
core   0: 3 0x80004b3a (0xbccc8213) x 4 0xfffffbdf
core   0: 0x80004b3e (0x00a00d93) li      s11, 10
core   0: 3 0x80004b3e (0x00a00d93) x27 0x0000000a
core   0: 0x80004b42 (0x0000100f) fence.i
core   0: 3 0x80004b42 (0x0000100f)
core   0: 0x80004b46 (0x00008f0d) c.sub   a4, a1
core   0: 3 0x80004b46 (0x8f0d) x14 0x82ef9000
core   0: 0x80004b48 (0x02fa2f33) mulhsu  t5, s4, a5
core   0: 3 0x80004b48 (0x02fa2f33) x30 0x00000000
core   0: 0x80004b4c (0x3ae46213) ori     tp, s0, 942
core   0: 3 0x80004b4c (0x3ae46213) x 4 0xffffffff
core   0: 0x80004b50 (0x00008fb9) c.xor   a5, a4
core   0: 3 0x80004b50 (0x8fb9) x15 0x82ef9000
core   0: 0x80004b52 (0x00001fdd) c.addi  t6, -9
core   0: 3 0x80004b52 (0x1fdd) x31 0x00000001
core   0: 0x80004b54 (0x00300993) li      s3, 3
core   0: 3 0x80004b54 (0x00300993) x19 0x00000003
core   0: 0x80004b58 (0x41780833) sub     a6, a6, s7
core   0: 3 0x80004b58 (0x41780833) x16 0xfffdddf8
core   0: 0x80004b5c (0x00500413) li      s0, 5
core   0: 3 0x80004b5c (0x00500413) x 8 0x00000005
core   0: 0x80004b60 (0x00711393) slli    t2, sp, 7
core   0: 3 0x80004b60 (0x00711393) x 7 0x00000980
core   0: 0x80004b64 (0x1348a093) slti    ra, a7, 308
core   0: 3 0x80004b64 (0x1348a093) x 1 0x00000001
core   0: 0x80004b68 (0x00000001) c.nop
core   0: 3 0x80004b68 (0x0001)
core   0: 0x80004b6a (0x00001790) c.addi4spn a2, sp, 992
core   0: 3 0x80004b6a (0x1790) x12 0x000003f3
core   0: 0x80004b6c (0x00008df5) c.and   a1, a3
core   0: 3 0x80004b6c (0x8df5) x11 0x00000000
core   0: 0x80004b6e (0x030b56b3) divu    a3, s6, a6
core   0: 3 0x80004b6e (0x030b56b3) x13 0x00000000
core   0: 0x80004b72 (0x024b13b3) mulh    t2, s6, tp
core   0: 3 0x80004b72 (0x024b13b3) x 7 0xffffffff
core   0: 0x80004b76 (0x5f47c393) xori    t2, a5, 1524
core   0: 3 0x80004b76 (0x5f47c393) x 7 0x82ef95f4
core   0: 0x80004b7a (0x00000985) c.addi  s3, 1
core   0: 3 0x80004b7a (0x0985) x19 0x00000004
core   0: 0x80004b7c (0x00006131) c.addi16sp sp, 320
core   0: 3 0x80004b7c (0x6131) x 2 0x00000153
core   0: 0x80004b7e (0xfe8997e3) bne     s3, s0, pc - 18
core   0: 3 0x80004b7e (0xfe8997e3)
core   0: 0x80004b6c (0x00008df5) c.and   a1, a3
core   0: 3 0x80004b6c (0x8df5) x11 0x00000000
core   0: 0x80004b6e (0x030b56b3) divu    a3, s6, a6
core   0: 3 0x80004b6e (0x030b56b3) x13 0x00000000
core   0: 0x80004b72 (0x024b13b3) mulh    t2, s6, tp
core   0: 3 0x80004b72 (0x024b13b3) x 7 0xffffffff
core   0: 0x80004b76 (0x5f47c393) xori    t2, a5, 1524
core   0: 3 0x80004b76 (0x5f47c393) x 7 0x82ef95f4
core   0: 0x80004b7a (0x00000985) c.addi  s3, 1
core   0: 3 0x80004b7a (0x0985) x19 0x00000005
core   0: 0x80004b7c (0x00006131) c.addi16sp sp, 320
core   0: 3 0x80004b7c (0x6131) x 2 0x00000293
core   0: 0x80004b7e (0xfe8997e3) bne     s3, s0, pc - 18
core   0: 3 0x80004b7e (0xfe8997e3)
core   0: 0x80004b82 (0xfdbff5e3) bgeu    t6, s11, pc - 54
core   0: 3 0x80004b82 (0xfdbff5e3)
core   0: 0x80004b86 (0x00000f6e) c.slli  t5, 27
core   0: 3 0x80004b86 (0x0f6e) x30 0x00000000
core   0: 0x80004b88 (0xff800993) li      s3, -8
core   0: 3 0x80004b88 (0xff800993) x19 0xfffffff8
core   0: 0x80004b8c (0x0000100f) fence.i
core   0: 3 0x80004b8c (0x0000100f)
core   0: 0x80004b90 (0x00000001) c.nop
core   0: 3 0x80004b90 (0x0001)
core   0: 0x80004b92 (0xfef00b13) li      s6, -17
core   0: 3 0x80004b92 (0xfef00b13) x22 0xffffffef
core   0: 0x80004b96 (0x000048ad) c.li    a7, 11
core   0: 3 0x80004b96 (0x48ad) x17 0x0000000b
core   0: 0x80004b98 (0x0000100f) fence.i
core   0: 3 0x80004b98 (0x0000100f)
core   0: 0x80004b9c (0x00008f6d) c.and   a4, a1
core   0: 3 0x80004b9c (0x8f6d) x14 0x00000000
core   0: 0x80004b9e (0x0115b7b3) sltu    a5, a1, a7
core   0: 3 0x80004b9e (0x0115b7b3) x15 0x00000001
core   0: 0x80004ba2 (0x035822b3) mulhsu  t0, a6, s5
core   0: 3 0x80004ba2 (0x035822b3) x 5 0xffffffff
core   0: 0x80004ba6 (0x00000252) c.slli  tp, 20
core   0: 3 0x80004ba6 (0x0252) x 4 0xfff00000
core   0: 0x80004ba8 (0x00008cd1) c.or    s1, a2
core   0: 3 0x80004ba8 (0x8cd1) x 9 0x000003f3
core   0: 0x80004baa (0x00008e8d) c.sub   a3, a1
core   0: 3 0x80004baa (0x8e8d) x13 0x00000000
core   0: 0x80004bac (0x000019f5) c.addi  s3, -3
core   0: 3 0x80004bac (0x19f5) x19 0xfffffff5
core   0: 0x80004bae (0x2c336313) ori     t1, t1, 707
core   0: 3 0x80004bae (0x2c336313) x 6 0x7fff4feb
core   0: 0x80004bb2 (0x00008f65) c.and   a4, s1
core   0: 3 0x80004bb2 (0x8f65) x14 0x00000000
core   0: 0x80004bb4 (0x01b08ab3) add     s5, ra, s11
core   0: 3 0x80004bb4 (0x01b08ab3) x21 0x0000000b
core   0: 0x80004bb8 (0xff900d13) li      s10, -7
core   0: 3 0x80004bb8 (0xff900d13) x26 0xfffffff9
core   0: 0x80004bbc (0x40195a93) srai    s5, s2, 1
core   0: 3 0x80004bbc (0x40195a93) x21 0x00000000
core   0: 0x80004bc0 (0xce2c0513) addi    a0, s8, -798
core   0: 3 0x80004bc0 (0xce2c0513) x10 0x00015237
core   0: 0x80004bc4 (0xc0e53c13) sltiu   s8, a0, -1010
core   0: 3 0x80004bc4 (0xc0e53c13) x24 0x00000001
core   0: 0x80004bc8 (0x01200613) li      a2, 18
core   0: 3 0x80004bc8 (0x01200613) x12 0x00000012
core   0: 0x80004bcc (0x2660c597) auipc   a1, 0x2660c
core   0: 3 0x80004bcc (0x2660c597) x11 0xa6610bcc
core   0: 0x80004bd0 (0x11fe8313) addi    t1, t4, 287
core   0: 3 0x80004bd0 (0x11fe8313) x 6 0x0000011e
core   0: 0x80004bd4 (0x00000001) c.nop
core   0: 3 0x80004bd4 (0x0001)
core   0: 0x80004bd6 (0x03a986b3) mul     a3, s3, s10
core   0: 3 0x80004bd6 (0x03a986b3) x13 0x0000004d
core   0: 0x80004bda (0x00008179) c.srli  a0, 30
core   0: 3 0x80004bda (0x8179) x10 0x00000000
core   0: 0x80004bdc (0x40848033) sub     zero, s1, s0
core   0: 3 0x80004bdc (0x40848033)
core   0: 0x80004be0 (0x00000d21) c.addi  s10, 8
core   0: 3 0x80004be0 (0x0d21) x26 0x00000001
core   0: 0x80004be2 (0x03c3c933) div     s2, t2, t3
core   0: 3 0x80004be2 (0x03c3c933) x18 0x00000000
core   0: 0x80004be6 (0x001fedb3) or      s11, t6, ra
core   0: 3 0x80004be6 (0x001fedb3) x27 0x00000001
core   0: 0x80004bea (0x000001c6) c.slli  gp, 17
core   0: 3 0x80004bea (0x01c6) x 3 0x00120000
core   0: 0x80004bec (0xfecd44e3) blt     s10, a2, pc - 24
core   0: 3 0x80004bec (0xfecd44e3)
core   0: 0x80004bd4 (0x00000001) c.nop
core   0: 3 0x80004bd4 (0x0001)
core   0: 0x80004bd6 (0x03a986b3) mul     a3, s3, s10
core   0: 3 0x80004bd6 (0x03a986b3) x13 0xfffffff5
core   0: 0x80004bda (0x00008179) c.srli  a0, 30
core   0: 3 0x80004bda (0x8179) x10 0x00000000
core   0: 0x80004bdc (0x40848033) sub     zero, s1, s0
core   0: 3 0x80004bdc (0x40848033)
core   0: 0x80004be0 (0x00000d21) c.addi  s10, 8
core   0: 3 0x80004be0 (0x0d21) x26 0x00000009
core   0: 0x80004be2 (0x03c3c933) div     s2, t2, t3
core   0: 3 0x80004be2 (0x03c3c933) x18 0x00000000
core   0: 0x80004be6 (0x001fedb3) or      s11, t6, ra
core   0: 3 0x80004be6 (0x001fedb3) x27 0x00000001
core   0: 0x80004bea (0x000001c6) c.slli  gp, 17
core   0: 3 0x80004bea (0x01c6) x 3 0x00000000
core   0: 0x80004bec (0xfecd44e3) blt     s10, a2, pc - 24
core   0: 3 0x80004bec (0xfecd44e3)
core   0: 0x80004bd4 (0x00000001) c.nop
core   0: 3 0x80004bd4 (0x0001)
core   0: 0x80004bd6 (0x03a986b3) mul     a3, s3, s10
core   0: 3 0x80004bd6 (0x03a986b3) x13 0xffffff9d
core   0: 0x80004bda (0x00008179) c.srli  a0, 30
core   0: 3 0x80004bda (0x8179) x10 0x00000000
core   0: 0x80004bdc (0x40848033) sub     zero, s1, s0
core   0: 3 0x80004bdc (0x40848033)
core   0: 0x80004be0 (0x00000d21) c.addi  s10, 8
core   0: 3 0x80004be0 (0x0d21) x26 0x00000011
core   0: 0x80004be2 (0x03c3c933) div     s2, t2, t3
core   0: 3 0x80004be2 (0x03c3c933) x18 0x00000000
core   0: 0x80004be6 (0x001fedb3) or      s11, t6, ra
core   0: 3 0x80004be6 (0x001fedb3) x27 0x00000001
core   0: 0x80004bea (0x000001c6) c.slli  gp, 17
core   0: 3 0x80004bea (0x01c6) x 3 0x00000000
core   0: 0x80004bec (0xfecd44e3) blt     s10, a2, pc - 24
core   0: 3 0x80004bec (0xfecd44e3)
core   0: 0x80004bd4 (0x00000001) c.nop
core   0: 3 0x80004bd4 (0x0001)
core   0: 0x80004bd6 (0x03a986b3) mul     a3, s3, s10
core   0: 3 0x80004bd6 (0x03a986b3) x13 0xffffff45
core   0: 0x80004bda (0x00008179) c.srli  a0, 30
core   0: 3 0x80004bda (0x8179) x10 0x00000000
core   0: 0x80004bdc (0x40848033) sub     zero, s1, s0
core   0: 3 0x80004bdc (0x40848033)
core   0: 0x80004be0 (0x00000d21) c.addi  s10, 8
core   0: 3 0x80004be0 (0x0d21) x26 0x00000019
core   0: 0x80004be2 (0x03c3c933) div     s2, t2, t3
core   0: 3 0x80004be2 (0x03c3c933) x18 0x00000000
core   0: 0x80004be6 (0x001fedb3) or      s11, t6, ra
core   0: 3 0x80004be6 (0x001fedb3) x27 0x00000001
core   0: 0x80004bea (0x000001c6) c.slli  gp, 17
core   0: 3 0x80004bea (0x01c6) x 3 0x00000000
core   0: 0x80004bec (0xfecd44e3) blt     s10, a2, pc - 24
core   0: 3 0x80004bec (0xfecd44e3)
core   0: 0x80004bf0 (0xa2caed93) ori     s11, s5, -1492
core   0: 3 0x80004bf0 (0xa2caed93) x27 0xfffffa2c
core   0: 0x80004bf4 (0xfb69d5e3) bge     s3, s6, pc - 86
core   0: 3 0x80004bf4 (0xfb69d5e3)
core   0: 0x80004b9e (0x0115b7b3) sltu    a5, a1, a7
core   0: 3 0x80004b9e (0x0115b7b3) x15 0x00000000
core   0: 0x80004ba2 (0x035822b3) mulhsu  t0, a6, s5
core   0: 3 0x80004ba2 (0x035822b3) x 5 0x00000000
core   0: 0x80004ba6 (0x00000252) c.slli  tp, 20
core   0: 3 0x80004ba6 (0x0252) x 4 0x00000000
core   0: 0x80004ba8 (0x00008cd1) c.or    s1, a2
core   0: 3 0x80004ba8 (0x8cd1) x 9 0x000003f3
core   0: 0x80004baa (0x00008e8d) c.sub   a3, a1
core   0: 3 0x80004baa (0x8e8d) x13 0x599ef379
core   0: 0x80004bac (0x000019f5) c.addi  s3, -3
core   0: 3 0x80004bac (0x19f5) x19 0xfffffff2
core   0: 0x80004bae (0x2c336313) ori     t1, t1, 707
core   0: 3 0x80004bae (0x2c336313) x 6 0x000003df
core   0: 0x80004bb2 (0x00008f65) c.and   a4, s1
core   0: 3 0x80004bb2 (0x8f65) x14 0x00000000
core   0: 0x80004bb4 (0x01b08ab3) add     s5, ra, s11
core   0: 3 0x80004bb4 (0x01b08ab3) x21 0xfffffa2d
core   0: 0x80004bb8 (0xff900d13) li      s10, -7
core   0: 3 0x80004bb8 (0xff900d13) x26 0xfffffff9
core   0: 0x80004bbc (0x40195a93) srai    s5, s2, 1
core   0: 3 0x80004bbc (0x40195a93) x21 0x00000000
core   0: 0x80004bc0 (0xce2c0513) addi    a0, s8, -798
core   0: 3 0x80004bc0 (0xce2c0513) x10 0xfffffce3
core   0: 0x80004bc4 (0xc0e53c13) sltiu   s8, a0, -1010
core   0: 3 0x80004bc4 (0xc0e53c13) x24 0x00000000
core   0: 0x80004bc8 (0x01200613) li      a2, 18
core   0: 3 0x80004bc8 (0x01200613) x12 0x00000012
core   0: 0x80004bcc (0x2660c597) auipc   a1, 0x2660c
core   0: 3 0x80004bcc (0x2660c597) x11 0xa6610bcc
core   0: 0x80004bd0 (0x11fe8313) addi    t1, t4, 287
core   0: 3 0x80004bd0 (0x11fe8313) x 6 0x0000011e
core   0: 0x80004bd4 (0x00000001) c.nop
core   0: 3 0x80004bd4 (0x0001)
core   0: 0x80004bd6 (0x03a986b3) mul     a3, s3, s10
core   0: 3 0x80004bd6 (0x03a986b3) x13 0x00000062
core   0: 0x80004bda (0x00008179) c.srli  a0, 30
core   0: 3 0x80004bda (0x8179) x10 0x00000003
core   0: 0x80004bdc (0x40848033) sub     zero, s1, s0
core   0: 3 0x80004bdc (0x40848033)
core   0: 0x80004be0 (0x00000d21) c.addi  s10, 8
core   0: 3 0x80004be0 (0x0d21) x26 0x00000001
core   0: 0x80004be2 (0x03c3c933) div     s2, t2, t3
core   0: 3 0x80004be2 (0x03c3c933) x18 0x00000000
core   0: 0x80004be6 (0x001fedb3) or      s11, t6, ra
core   0: 3 0x80004be6 (0x001fedb3) x27 0x00000001
core   0: 0x80004bea (0x000001c6) c.slli  gp, 17
core   0: 3 0x80004bea (0x01c6) x 3 0x00000000
core   0: 0x80004bec (0xfecd44e3) blt     s10, a2, pc - 24
core   0: 3 0x80004bec (0xfecd44e3)
core   0: 0x80004bd4 (0x00000001) c.nop
core   0: 3 0x80004bd4 (0x0001)
core   0: 0x80004bd6 (0x03a986b3) mul     a3, s3, s10
core   0: 3 0x80004bd6 (0x03a986b3) x13 0xfffffff2
core   0: 0x80004bda (0x00008179) c.srli  a0, 30
core   0: 3 0x80004bda (0x8179) x10 0x00000000
core   0: 0x80004bdc (0x40848033) sub     zero, s1, s0
core   0: 3 0x80004bdc (0x40848033)
core   0: 0x80004be0 (0x00000d21) c.addi  s10, 8
core   0: 3 0x80004be0 (0x0d21) x26 0x00000009
core   0: 0x80004be2 (0x03c3c933) div     s2, t2, t3
core   0: 3 0x80004be2 (0x03c3c933) x18 0x00000000
core   0: 0x80004be6 (0x001fedb3) or      s11, t6, ra
core   0: 3 0x80004be6 (0x001fedb3) x27 0x00000001
core   0: 0x80004bea (0x000001c6) c.slli  gp, 17
core   0: 3 0x80004bea (0x01c6) x 3 0x00000000
core   0: 0x80004bec (0xfecd44e3) blt     s10, a2, pc - 24
core   0: 3 0x80004bec (0xfecd44e3)
core   0: 0x80004bd4 (0x00000001) c.nop
core   0: 3 0x80004bd4 (0x0001)
core   0: 0x80004bd6 (0x03a986b3) mul     a3, s3, s10
core   0: 3 0x80004bd6 (0x03a986b3) x13 0xffffff82
core   0: 0x80004bda (0x00008179) c.srli  a0, 30
core   0: 3 0x80004bda (0x8179) x10 0x00000000
core   0: 0x80004bdc (0x40848033) sub     zero, s1, s0
core   0: 3 0x80004bdc (0x40848033)
core   0: 0x80004be0 (0x00000d21) c.addi  s10, 8
core   0: 3 0x80004be0 (0x0d21) x26 0x00000011
core   0: 0x80004be2 (0x03c3c933) div     s2, t2, t3
core   0: 3 0x80004be2 (0x03c3c933) x18 0x00000000
core   0: 0x80004be6 (0x001fedb3) or      s11, t6, ra
core   0: 3 0x80004be6 (0x001fedb3) x27 0x00000001
core   0: 0x80004bea (0x000001c6) c.slli  gp, 17
core   0: 3 0x80004bea (0x01c6) x 3 0x00000000
core   0: 0x80004bec (0xfecd44e3) blt     s10, a2, pc - 24
core   0: 3 0x80004bec (0xfecd44e3)
core   0: 0x80004bd4 (0x00000001) c.nop
core   0: 3 0x80004bd4 (0x0001)
core   0: 0x80004bd6 (0x03a986b3) mul     a3, s3, s10
core   0: 3 0x80004bd6 (0x03a986b3) x13 0xffffff12
core   0: 0x80004bda (0x00008179) c.srli  a0, 30
core   0: 3 0x80004bda (0x8179) x10 0x00000000
core   0: 0x80004bdc (0x40848033) sub     zero, s1, s0
core   0: 3 0x80004bdc (0x40848033)
core   0: 0x80004be0 (0x00000d21) c.addi  s10, 8
core   0: 3 0x80004be0 (0x0d21) x26 0x00000019
core   0: 0x80004be2 (0x03c3c933) div     s2, t2, t3
core   0: 3 0x80004be2 (0x03c3c933) x18 0x00000000
core   0: 0x80004be6 (0x001fedb3) or      s11, t6, ra
core   0: 3 0x80004be6 (0x001fedb3) x27 0x00000001
core   0: 0x80004bea (0x000001c6) c.slli  gp, 17
core   0: 3 0x80004bea (0x01c6) x 3 0x00000000
core   0: 0x80004bec (0xfecd44e3) blt     s10, a2, pc - 24
core   0: 3 0x80004bec (0xfecd44e3)
core   0: 0x80004bf0 (0xa2caed93) ori     s11, s5, -1492
core   0: 3 0x80004bf0 (0xa2caed93) x27 0xfffffa2c
core   0: 0x80004bf4 (0xfb69d5e3) bge     s3, s6, pc - 86
core   0: 3 0x80004bf4 (0xfb69d5e3)
core   0: 0x80004b9e (0x0115b7b3) sltu    a5, a1, a7
core   0: 3 0x80004b9e (0x0115b7b3) x15 0x00000000
core   0: 0x80004ba2 (0x035822b3) mulhsu  t0, a6, s5
core   0: 3 0x80004ba2 (0x035822b3) x 5 0x00000000
core   0: 0x80004ba6 (0x00000252) c.slli  tp, 20
core   0: 3 0x80004ba6 (0x0252) x 4 0x00000000
core   0: 0x80004ba8 (0x00008cd1) c.or    s1, a2
core   0: 3 0x80004ba8 (0x8cd1) x 9 0x000003f3
core   0: 0x80004baa (0x00008e8d) c.sub   a3, a1
core   0: 3 0x80004baa (0x8e8d) x13 0x599ef346
core   0: 0x80004bac (0x000019f5) c.addi  s3, -3
core   0: 3 0x80004bac (0x19f5) x19 0xffffffef
core   0: 0x80004bae (0x2c336313) ori     t1, t1, 707
core   0: 3 0x80004bae (0x2c336313) x 6 0x000003df
core   0: 0x80004bb2 (0x00008f65) c.and   a4, s1
core   0: 3 0x80004bb2 (0x8f65) x14 0x00000000
core   0: 0x80004bb4 (0x01b08ab3) add     s5, ra, s11
core   0: 3 0x80004bb4 (0x01b08ab3) x21 0xfffffa2d
core   0: 0x80004bb8 (0xff900d13) li      s10, -7
core   0: 3 0x80004bb8 (0xff900d13) x26 0xfffffff9
core   0: 0x80004bbc (0x40195a93) srai    s5, s2, 1
core   0: 3 0x80004bbc (0x40195a93) x21 0x00000000
core   0: 0x80004bc0 (0xce2c0513) addi    a0, s8, -798
core   0: 3 0x80004bc0 (0xce2c0513) x10 0xfffffce2
core   0: 0x80004bc4 (0xc0e53c13) sltiu   s8, a0, -1010
core   0: 3 0x80004bc4 (0xc0e53c13) x24 0x00000000
core   0: 0x80004bc8 (0x01200613) li      a2, 18
core   0: 3 0x80004bc8 (0x01200613) x12 0x00000012
core   0: 0x80004bcc (0x2660c597) auipc   a1, 0x2660c
core   0: 3 0x80004bcc (0x2660c597) x11 0xa6610bcc
core   0: 0x80004bd0 (0x11fe8313) addi    t1, t4, 287
core   0: 3 0x80004bd0 (0x11fe8313) x 6 0x0000011e
core   0: 0x80004bd4 (0x00000001) c.nop
core   0: 3 0x80004bd4 (0x0001)
core   0: 0x80004bd6 (0x03a986b3) mul     a3, s3, s10
core   0: 3 0x80004bd6 (0x03a986b3) x13 0x00000077
core   0: 0x80004bda (0x00008179) c.srli  a0, 30
core   0: 3 0x80004bda (0x8179) x10 0x00000003
core   0: 0x80004bdc (0x40848033) sub     zero, s1, s0
core   0: 3 0x80004bdc (0x40848033)
core   0: 0x80004be0 (0x00000d21) c.addi  s10, 8
core   0: 3 0x80004be0 (0x0d21) x26 0x00000001
core   0: 0x80004be2 (0x03c3c933) div     s2, t2, t3
core   0: 3 0x80004be2 (0x03c3c933) x18 0x00000000
core   0: 0x80004be6 (0x001fedb3) or      s11, t6, ra
core   0: 3 0x80004be6 (0x001fedb3) x27 0x00000001
core   0: 0x80004bea (0x000001c6) c.slli  gp, 17
core   0: 3 0x80004bea (0x01c6) x 3 0x00000000
core   0: 0x80004bec (0xfecd44e3) blt     s10, a2, pc - 24
core   0: 3 0x80004bec (0xfecd44e3)
core   0: 0x80004bd4 (0x00000001) c.nop
core   0: 3 0x80004bd4 (0x0001)
core   0: 0x80004bd6 (0x03a986b3) mul     a3, s3, s10
core   0: 3 0x80004bd6 (0x03a986b3) x13 0xffffffef
core   0: 0x80004bda (0x00008179) c.srli  a0, 30
core   0: 3 0x80004bda (0x8179) x10 0x00000000
core   0: 0x80004bdc (0x40848033) sub     zero, s1, s0
core   0: 3 0x80004bdc (0x40848033)
core   0: 0x80004be0 (0x00000d21) c.addi  s10, 8
core   0: 3 0x80004be0 (0x0d21) x26 0x00000009
core   0: 0x80004be2 (0x03c3c933) div     s2, t2, t3
core   0: 3 0x80004be2 (0x03c3c933) x18 0x00000000
core   0: 0x80004be6 (0x001fedb3) or      s11, t6, ra
core   0: 3 0x80004be6 (0x001fedb3) x27 0x00000001
core   0: 0x80004bea (0x000001c6) c.slli  gp, 17
core   0: 3 0x80004bea (0x01c6) x 3 0x00000000
core   0: 0x80004bec (0xfecd44e3) blt     s10, a2, pc - 24
core   0: 3 0x80004bec (0xfecd44e3)
core   0: 0x80004bd4 (0x00000001) c.nop
core   0: 3 0x80004bd4 (0x0001)
core   0: 0x80004bd6 (0x03a986b3) mul     a3, s3, s10
core   0: 3 0x80004bd6 (0x03a986b3) x13 0xffffff67
core   0: 0x80004bda (0x00008179) c.srli  a0, 30
core   0: 3 0x80004bda (0x8179) x10 0x00000000
core   0: 0x80004bdc (0x40848033) sub     zero, s1, s0
core   0: 3 0x80004bdc (0x40848033)
core   0: 0x80004be0 (0x00000d21) c.addi  s10, 8
core   0: 3 0x80004be0 (0x0d21) x26 0x00000011
core   0: 0x80004be2 (0x03c3c933) div     s2, t2, t3
core   0: 3 0x80004be2 (0x03c3c933) x18 0x00000000
core   0: 0x80004be6 (0x001fedb3) or      s11, t6, ra
core   0: 3 0x80004be6 (0x001fedb3) x27 0x00000001
core   0: 0x80004bea (0x000001c6) c.slli  gp, 17
core   0: 3 0x80004bea (0x01c6) x 3 0x00000000
core   0: 0x80004bec (0xfecd44e3) blt     s10, a2, pc - 24
core   0: 3 0x80004bec (0xfecd44e3)
core   0: 0x80004bd4 (0x00000001) c.nop
core   0: 3 0x80004bd4 (0x0001)
core   0: 0x80004bd6 (0x03a986b3) mul     a3, s3, s10
core   0: 3 0x80004bd6 (0x03a986b3) x13 0xfffffedf
core   0: 0x80004bda (0x00008179) c.srli  a0, 30
core   0: 3 0x80004bda (0x8179) x10 0x00000000
core   0: 0x80004bdc (0x40848033) sub     zero, s1, s0
core   0: 3 0x80004bdc (0x40848033)
core   0: 0x80004be0 (0x00000d21) c.addi  s10, 8
core   0: 3 0x80004be0 (0x0d21) x26 0x00000019
core   0: 0x80004be2 (0x03c3c933) div     s2, t2, t3
core   0: 3 0x80004be2 (0x03c3c933) x18 0x00000000
core   0: 0x80004be6 (0x001fedb3) or      s11, t6, ra
core   0: 3 0x80004be6 (0x001fedb3) x27 0x00000001
core   0: 0x80004bea (0x000001c6) c.slli  gp, 17
core   0: 3 0x80004bea (0x01c6) x 3 0x00000000
core   0: 0x80004bec (0xfecd44e3) blt     s10, a2, pc - 24
core   0: 3 0x80004bec (0xfecd44e3)
core   0: 0x80004bf0 (0xa2caed93) ori     s11, s5, -1492
core   0: 3 0x80004bf0 (0xa2caed93) x27 0xfffffa2c
core   0: 0x80004bf4 (0xfb69d5e3) bge     s3, s6, pc - 86
core   0: 3 0x80004bf4 (0xfb69d5e3)
core   0: 0x80004b9e (0x0115b7b3) sltu    a5, a1, a7
core   0: 3 0x80004b9e (0x0115b7b3) x15 0x00000000
core   0: 0x80004ba2 (0x035822b3) mulhsu  t0, a6, s5
core   0: 3 0x80004ba2 (0x035822b3) x 5 0x00000000
core   0: 0x80004ba6 (0x00000252) c.slli  tp, 20
core   0: 3 0x80004ba6 (0x0252) x 4 0x00000000
core   0: 0x80004ba8 (0x00008cd1) c.or    s1, a2
core   0: 3 0x80004ba8 (0x8cd1) x 9 0x000003f3
core   0: 0x80004baa (0x00008e8d) c.sub   a3, a1
core   0: 3 0x80004baa (0x8e8d) x13 0x599ef313
core   0: 0x80004bac (0x000019f5) c.addi  s3, -3
core   0: 3 0x80004bac (0x19f5) x19 0xffffffec
core   0: 0x80004bae (0x2c336313) ori     t1, t1, 707
core   0: 3 0x80004bae (0x2c336313) x 6 0x000003df
core   0: 0x80004bb2 (0x00008f65) c.and   a4, s1
core   0: 3 0x80004bb2 (0x8f65) x14 0x00000000
core   0: 0x80004bb4 (0x01b08ab3) add     s5, ra, s11
core   0: 3 0x80004bb4 (0x01b08ab3) x21 0xfffffa2d
core   0: 0x80004bb8 (0xff900d13) li      s10, -7
core   0: 3 0x80004bb8 (0xff900d13) x26 0xfffffff9
core   0: 0x80004bbc (0x40195a93) srai    s5, s2, 1
core   0: 3 0x80004bbc (0x40195a93) x21 0x00000000
core   0: 0x80004bc0 (0xce2c0513) addi    a0, s8, -798
core   0: 3 0x80004bc0 (0xce2c0513) x10 0xfffffce2
core   0: 0x80004bc4 (0xc0e53c13) sltiu   s8, a0, -1010
core   0: 3 0x80004bc4 (0xc0e53c13) x24 0x00000000
core   0: 0x80004bc8 (0x01200613) li      a2, 18
core   0: 3 0x80004bc8 (0x01200613) x12 0x00000012
core   0: 0x80004bcc (0x2660c597) auipc   a1, 0x2660c
core   0: 3 0x80004bcc (0x2660c597) x11 0xa6610bcc
core   0: 0x80004bd0 (0x11fe8313) addi    t1, t4, 287
core   0: 3 0x80004bd0 (0x11fe8313) x 6 0x0000011e
core   0: 0x80004bd4 (0x00000001) c.nop
core   0: 3 0x80004bd4 (0x0001)
core   0: 0x80004bd6 (0x03a986b3) mul     a3, s3, s10
core   0: 3 0x80004bd6 (0x03a986b3) x13 0x0000008c
core   0: 0x80004bda (0x00008179) c.srli  a0, 30
core   0: 3 0x80004bda (0x8179) x10 0x00000003
core   0: 0x80004bdc (0x40848033) sub     zero, s1, s0
core   0: 3 0x80004bdc (0x40848033)
core   0: 0x80004be0 (0x00000d21) c.addi  s10, 8
core   0: 3 0x80004be0 (0x0d21) x26 0x00000001
core   0: 0x80004be2 (0x03c3c933) div     s2, t2, t3
core   0: 3 0x80004be2 (0x03c3c933) x18 0x00000000
core   0: 0x80004be6 (0x001fedb3) or      s11, t6, ra
core   0: 3 0x80004be6 (0x001fedb3) x27 0x00000001
core   0: 0x80004bea (0x000001c6) c.slli  gp, 17
core   0: 3 0x80004bea (0x01c6) x 3 0x00000000
core   0: 0x80004bec (0xfecd44e3) blt     s10, a2, pc - 24
core   0: 3 0x80004bec (0xfecd44e3)
core   0: 0x80004bd4 (0x00000001) c.nop
core   0: 3 0x80004bd4 (0x0001)
core   0: 0x80004bd6 (0x03a986b3) mul     a3, s3, s10
core   0: 3 0x80004bd6 (0x03a986b3) x13 0xffffffec
core   0: 0x80004bda (0x00008179) c.srli  a0, 30
core   0: 3 0x80004bda (0x8179) x10 0x00000000
core   0: 0x80004bdc (0x40848033) sub     zero, s1, s0
core   0: 3 0x80004bdc (0x40848033)
core   0: 0x80004be0 (0x00000d21) c.addi  s10, 8
core   0: 3 0x80004be0 (0x0d21) x26 0x00000009
core   0: 0x80004be2 (0x03c3c933) div     s2, t2, t3
core   0: 3 0x80004be2 (0x03c3c933) x18 0x00000000
core   0: 0x80004be6 (0x001fedb3) or      s11, t6, ra
core   0: 3 0x80004be6 (0x001fedb3) x27 0x00000001
core   0: 0x80004bea (0x000001c6) c.slli  gp, 17
core   0: 3 0x80004bea (0x01c6) x 3 0x00000000
core   0: 0x80004bec (0xfecd44e3) blt     s10, a2, pc - 24
core   0: 3 0x80004bec (0xfecd44e3)
core   0: 0x80004bd4 (0x00000001) c.nop
core   0: 3 0x80004bd4 (0x0001)
core   0: 0x80004bd6 (0x03a986b3) mul     a3, s3, s10
core   0: 3 0x80004bd6 (0x03a986b3) x13 0xffffff4c
core   0: 0x80004bda (0x00008179) c.srli  a0, 30
core   0: 3 0x80004bda (0x8179) x10 0x00000000
core   0: 0x80004bdc (0x40848033) sub     zero, s1, s0
core   0: 3 0x80004bdc (0x40848033)
core   0: 0x80004be0 (0x00000d21) c.addi  s10, 8
core   0: 3 0x80004be0 (0x0d21) x26 0x00000011
core   0: 0x80004be2 (0x03c3c933) div     s2, t2, t3
core   0: 3 0x80004be2 (0x03c3c933) x18 0x00000000
core   0: 0x80004be6 (0x001fedb3) or      s11, t6, ra
core   0: 3 0x80004be6 (0x001fedb3) x27 0x00000001
core   0: 0x80004bea (0x000001c6) c.slli  gp, 17
core   0: 3 0x80004bea (0x01c6) x 3 0x00000000
core   0: 0x80004bec (0xfecd44e3) blt     s10, a2, pc - 24
core   0: 3 0x80004bec (0xfecd44e3)
core   0: 0x80004bd4 (0x00000001) c.nop
core   0: 3 0x80004bd4 (0x0001)
core   0: 0x80004bd6 (0x03a986b3) mul     a3, s3, s10
core   0: 3 0x80004bd6 (0x03a986b3) x13 0xfffffeac
core   0: 0x80004bda (0x00008179) c.srli  a0, 30
core   0: 3 0x80004bda (0x8179) x10 0x00000000
core   0: 0x80004bdc (0x40848033) sub     zero, s1, s0
core   0: 3 0x80004bdc (0x40848033)
core   0: 0x80004be0 (0x00000d21) c.addi  s10, 8
core   0: 3 0x80004be0 (0x0d21) x26 0x00000019
core   0: 0x80004be2 (0x03c3c933) div     s2, t2, t3
core   0: 3 0x80004be2 (0x03c3c933) x18 0x00000000
core   0: 0x80004be6 (0x001fedb3) or      s11, t6, ra
core   0: 3 0x80004be6 (0x001fedb3) x27 0x00000001
core   0: 0x80004bea (0x000001c6) c.slli  gp, 17
core   0: 3 0x80004bea (0x01c6) x 3 0x00000000
core   0: 0x80004bec (0xfecd44e3) blt     s10, a2, pc - 24
core   0: 3 0x80004bec (0xfecd44e3)
core   0: 0x80004bf0 (0xa2caed93) ori     s11, s5, -1492
core   0: 3 0x80004bf0 (0xa2caed93) x27 0xfffffa2c
core   0: 0x80004bf4 (0xfb69d5e3) bge     s3, s6, pc - 86
core   0: 3 0x80004bf4 (0xfb69d5e3)
core   0: 0x80004bf8 (0x00000f08) c.addi4spn a0, sp, 912
core   0: 3 0x80004bf8 (0x0f08) x10 0x00000623
core   0: 0x80004bfa (0x00700513) li      a0, 7
core   0: 3 0x80004bfa (0x00700513) x10 0x00000007
core   0: 0x80004bfe (0xd3913913) sltiu   s2, sp, -711
core   0: 3 0x80004bfe (0xd3913913) x18 0x00000001
core   0: 0x80004c02 (0x006da833) slt     a6, s11, t1
core   0: 3 0x80004c02 (0x006da833) x16 0x00000001
core   0: 0x80004c06 (0x00600c13) li      s8, 6
core   0: 3 0x80004c06 (0x00600c13) x24 0x00000006
core   0: 0x80004c0a (0xb5c0ff93) andi    t6, ra, -1188
core   0: 3 0x80004c0a (0xb5c0ff93) x31 0x00000000
core   0: 0x80004c0e (0x00001575) c.addi  a0, -3
core   0: 3 0x80004c0e (0x1575) x10 0x00000004
core   0: 0x80004c10 (0x0384e9b3) rem     s3, s1, s8
core   0: 3 0x80004c10 (0x0384e9b3) x19 0x00000003
core   0: 0x80004c14 (0x02ee25b3) mulhsu  a1, t3, a4
core   0: 3 0x80004c14 (0x02ee25b3) x11 0x00000000
core   0: 0x80004c18 (0x39056913) ori     s2, a0, 912
core   0: 3 0x80004c18 (0x39056913) x18 0x00000394
core   0: 0x80004c1c (0x014d56b3) srl     a3, s10, s4
core   0: 3 0x80004c1c (0x014d56b3) x13 0x00000019
core   0: 0x80004c20 (0x9cc3ef13) ori     t5, t2, -1588
core   0: 3 0x80004c20 (0x9cc3ef13) x30 0xfffffdfc
core   0: 0x80004c24 (0x03073cb3) mulhu   s9, a4, a6
core   0: 3 0x80004c24 (0x03073cb3) x25 0x00000000
core   0: 0x80004c28 (0x00700613) li      a2, 7
core   0: 3 0x80004c28 (0x00700613) x12 0x00000007
core   0: 0x80004c2c (0x000066c5) c.lui   a3, 0x11
core   0: 3 0x80004c2c (0x66c5) x13 0x00011000
core   0: 0x80004c2e (0x01ef32b3) sltu    t0, t5, t5
core   0: 3 0x80004c2e (0x01ef32b3) x 5 0x00000000
core   0: 0x80004c32 (0x00a00113) li      sp, 10
core   0: 3 0x80004c32 (0x00a00113) x 2 0x0000000a
core   0: 0x80004c36 (0x00008c4d) c.or    s0, a1
core   0: 3 0x80004c36 (0x8c4d) x 8 0x00000005
core   0: 0x80004c38 (0x0140eeb3) or      t4, ra, s4
core   0: 3 0x80004c38 (0x0140eeb3) x29 0x80000001
core   0: 0x80004c3c (0x004813b3) sll     t2, a6, tp
core   0: 3 0x80004c3c (0x004813b3) x 7 0x00000001
core   0: 0x80004c40 (0x01a43fb3) sltu    t6, s0, s10
core   0: 3 0x80004c40 (0x01a43fb3) x31 0x00000001
core   0: 0x80004c44 (0x02082233) mulhsu  tp, a6, zero
core   0: 3 0x80004c44 (0x02082233) x 4 0x00000000
core   0: 0x80004c48 (0x00000629) c.addi  a2, 10
core   0: 3 0x80004c48 (0x0629) x12 0x00000011
core   0: 0x80004c4a (0x348d6c93) ori     s9, s10, 840
core   0: 3 0x80004c4a (0x348d6c93) x25 0x00000359
core   0: 0x80004c4e (0x0ff0000f) fence   iorw,iorw
core   0: 3 0x80004c4e (0x0ff0000f)
core   0: 0x80004c52 (0xe92043b7) lui     t2, 0xe9204
core   0: 3 0x80004c52 (0xe92043b7) x 7 0xe9204000
core   0: 0x80004c56 (0x0102ab33) slt     s6, t0, a6
core   0: 3 0x80004c56 (0x0102ab33) x22 0x00000001
core   0: 0x80004c5a (0xfe2643e3) blt     a2, sp, pc - 26
core   0: 3 0x80004c5a (0xfe2643e3)
core   0: 0x80004c5e (0x01f396b3) sll     a3, t2, t6
core   0: 3 0x80004c5e (0x01f396b3) x13 0xd2408000
core   0: 0x80004c62 (0x07450e93) addi    t4, a0, 116
core   0: 3 0x80004c62 (0x07450e93) x29 0x00000078
core   0: 0x80004c66 (0x03a4e5b3) rem     a1, s1, s10
core   0: 3 0x80004c66 (0x03a4e5b3) x11 0x0000000b
core   0: 0x80004c6a (0x00b8b7b3) sltu    a5, a7, a1
core   0: 3 0x80004c6a (0x00b8b7b3) x15 0x00000000
core   0: 0x80004c6e (0xf9857ee3) bgeu    a0, s8, pc - 100
core   0: 3 0x80004c6e (0xf9857ee3)
core   0: 0x80004c72 (0x009aa6b3) slt     a3, s5, s1
core   0: 3 0x80004c72 (0x009aa6b3) x13 0x00000001
core   0: 0x80004c76 (0x00400693) li      a3, 4
core   0: 3 0x80004c76 (0x00400693) x13 0x00000004
core   0: 0x80004c7a (0x00204ab3) xor     s5, zero, sp
core   0: 3 0x80004c7a (0x00204ab3) x21 0x0000000a
core   0: 0x80004c7e (0x00401213) slli    tp, zero, 4
core   0: 3 0x80004c7e (0x00401213) x 4 0x00000000
core   0: 0x80004c82 (0x0000831d) c.srli  a4, 7
core   0: 3 0x80004c82 (0x831d) x14 0x00000000
core   0: 0x80004c84 (0x00b00613) li      a2, 11
core   0: 3 0x80004c84 (0x00b00613) x12 0x0000000b
core   0: 0x80004c88 (0x00000001) c.nop
core   0: 3 0x80004c88 (0x0001)
core   0: 0x80004c8a (0x000088b5) c.andi  s1, 13
core   0: 3 0x80004c8a (0x88b5) x 9 0x00000001
core   0: 0x80004c8c (0x9194cf13) xori    t5, s1, -1767
core   0: 3 0x80004c8c (0x9194cf13) x30 0xfffff918
core   0: 0x80004c90 (0x23907913) andi    s2, zero, 569
core   0: 3 0x80004c90 (0x23907913) x18 0x00000000
core   0: 0x80004c94 (0x0000011c) c.addi4spn a5, sp, 128
core   0: 3 0x80004c94 (0x011c) x15 0x0000008a
core   0: 0x80004c96 (0x0000882d) c.andi  s0, 11
core   0: 3 0x80004c96 (0x882d) x 8 0x00000001
core   0: 0x80004c98 (0x01974833) xor     a6, a4, s9
core   0: 3 0x80004c98 (0x01974833) x16 0x00000359
core   0: 0x80004c9c (0x000006a5) c.addi  a3, 9
core   0: 3 0x80004c9c (0x06a5) x13 0x0000000d
core   0: 0x80004c9e (0x00008f59) c.or    a4, a4
core   0: 3 0x80004c9e (0x8f59) x14 0x00000000
core   0: 0x80004ca0 (0x040da513) slti    a0, s11, 64
core   0: 3 0x80004ca0 (0x040da513) x10 0x00000001
core   0: 0x80004ca4 (0x0ff0000f) fence   iorw,iorw
core   0: 3 0x80004ca4 (0x0ff0000f)
core   0: 0x80004ca8 (0x013622b3) slt     t0, a2, s3
core   0: 3 0x80004ca8 (0x013622b3) x 5 0x00000000
core   0: 0x80004cac (0x01d17733) and     a4, sp, t4
core   0: 3 0x80004cac (0x01d17733) x14 0x00000008
core   0: 0x80004cb0 (0x000001b9) c.addi  gp, 14
core   0: 3 0x80004cb0 (0x01b9) x 3 0x0000000e
core   0: 0x80004cb2 (0x031ff7b3) remu    a5, t6, a7
core   0: 3 0x80004cb2 (0x031ff7b3) x15 0x00000001
core   0: 0x80004cb6 (0x034ca133) mulhsu  sp, s9, s4
core   0: 3 0x80004cb6 (0x034ca133) x 2 0x000001ac
core   0: 0x80004cba (0x010e04b3) add     s1, t3, a6
core   0: 3 0x80004cba (0x010e04b3) x 9 0x8002318d
core   0: 0x80004cbe (0x00008f79) c.and   a4, a4
core   0: 3 0x80004cbe (0x8f79) x14 0x00000008
core   0: 0x80004cc0 (0x7f09e313) ori     t1, s3, 2032
core   0: 3 0x80004cc0 (0x7f09e313) x 6 0x000007f3
core   0: 0x80004cc4 (0x026db233) mulhu   tp, s11, t1
core   0: 3 0x80004cc4 (0x026db233) x 4 0x000007f2
core   0: 0x80004cc8 (0xfcc6c4e3) blt     a3, a2, pc - 56
core   0: 3 0x80004cc8 (0xfcc6c4e3)
core   0: 0x80004ccc (0xd5abc093) xori    ra, s7, -678
core   0: 3 0x80004ccc (0xd5abc093) x 1 0x7ffd91be
core   0: 0x80004cd0 (0x00a00c13) li      s8, 10
core   0: 3 0x80004cd0 (0x00a00c13) x24 0x0000000a
core   0: 0x80004cd4 (0x000569b3) or      s3, a0, zero
core   0: 3 0x80004cd4 (0x000569b3) x19 0x00000001
core   0: 0x80004cd8 (0x03ed8d33) mul     s10, s11, t5
core   0: 3 0x80004cd8 (0x03ed8d33) x26 0x00284020
core   0: 0x80004cdc (0x00a00793) li      a5, 10
core   0: 3 0x80004cdc (0x00a00793) x15 0x0000000a
core   0: 0x80004ce0 (0x000096d6) c.add   a3, s5
core   0: 3 0x80004ce0 (0x96d6) x13 0x00000017
core   0: 0x80004ce2 (0x030a89b3) mul     s3, s5, a6
core   0: 3 0x80004ce2 (0x030a89b3) x19 0x0000217a
core   0: 0x80004ce6 (0x00008939) c.andi  a0, 14
core   0: 3 0x80004ce6 (0x8939) x10 0x00000000
core   0: 0x80004ce8 (0x035bf833) remu    a6, s7, s5
core   0: 3 0x80004ce8 (0x035bf833) x16 0x00000006
core   0: 0x80004cec (0x0000100f) fence.i
core   0: 3 0x80004cec (0x0000100f)
core   0: 0x80004cf0 (0x00008c95) c.sub   s1, a3
core   0: 3 0x80004cf0 (0x8c95) x 9 0x80023176
core   0: 0x80004cf2 (0x00000c9a) c.slli  s9, 6
core   0: 3 0x80004cf2 (0x0c9a) x25 0x0000d640
core   0: 0x80004cf4 (0x00009f72) c.add   t5, t3
core   0: 3 0x80004cf4 (0x9f72) x30 0x8002274c
core   0: 0x80004cf6 (0x00001c7d) c.addi  s8, -1
core   0: 3 0x80004cf6 (0x1c7d) x24 0x00000009
core   0: 0x80004cf8 (0x00600e93) li      t4, 6
core   0: 3 0x80004cf8 (0x00600e93) x29 0x00000006
core   0: 0x80004cfc (0xd07dbd17) auipc   s10, 0xd07db
core   0: 3 0x80004cfc (0xd07dbd17) x26 0x507dfcfc
core   0: 0x80004d00 (0x00001388) c.addi4spn a0, sp, 480
core   0: 3 0x80004d00 (0x1388) x10 0x0000038c
core   0: 0x80004d02 (0x01e52833) slt     a6, a0, t5
core   0: 3 0x80004d02 (0x01e52833) x16 0x00000000
core   0: 0x80004d06 (0x00006135) c.addi16sp sp, 352
core   0: 3 0x80004d06 (0x6135) x 2 0x0000030c
core   0: 0x80004d08 (0x0169e633) or      a2, s3, s6
core   0: 3 0x80004d08 (0x0169e633) x12 0x0000217b
core   0: 0x80004d0c (0x00400893) li      a7, 4
core   0: 3 0x80004d0c (0x00400893) x17 0x00000004
core   0: 0x80004d10 (0x00000001) c.nop
core   0: 3 0x80004d10 (0x0001)
core   0: 0x80004d12 (0x40fb5913) srai    s2, s6, 15
core   0: 3 0x80004d12 (0x40fb5913) x18 0x00000000
core   0: 0x80004d16 (0x00f603b3) add     t2, a2, a5
core   0: 3 0x80004d16 (0x00f603b3) x 7 0x00002185
core   0: 0x80004d1a (0x40f7d013) srai    zero, a5, 15
core   0: 3 0x80004d1a (0x40f7d013)
core   0: 0x80004d1e (0x00da5933) srl     s2, s4, a3
core   0: 3 0x80004d1e (0x00da5933) x18 0x00000100
core   0: 0x80004d22 (0x02df7ab3) remu    s5, t5, a3
core   0: 3 0x80004d22 (0x02df7ab3) x21 0x0000000a
core   0: 0x80004d26 (0x00feb133) sltu    sp, t4, a5
core   0: 3 0x80004d26 (0x00feb133) x 2 0x00000001
core   0: 0x80004d2a (0x00009afd) c.andi  a3, -1
core   0: 3 0x80004d2a (0x9afd) x13 0x00000017
core   0: 0x80004d2c (0x00001ef9) c.addi  t4, -2
core   0: 3 0x80004d2c (0x1ef9) x29 0x00000004
core   0: 0x80004d2e (0xff1efce3) bgeu    t4, a7, pc - 8
core   0: 3 0x80004d2e (0xff1efce3)
core   0: 0x80004d26 (0x00feb133) sltu    sp, t4, a5
core   0: 3 0x80004d26 (0x00feb133) x 2 0x00000001
core   0: 0x80004d2a (0x00009afd) c.andi  a3, -1
core   0: 3 0x80004d2a (0x9afd) x13 0x00000017
core   0: 0x80004d2c (0x00001ef9) c.addi  t4, -2
core   0: 3 0x80004d2c (0x1ef9) x29 0x00000002
core   0: 0x80004d2e (0xff1efce3) bgeu    t4, a7, pc - 8
core   0: 3 0x80004d2e (0xff1efce3)
core   0: 0x80004d32 (0x2586c293) xori    t0, a3, 600
core   0: 3 0x80004d32 (0x2586c293) x 5 0x0000024f
core   0: 0x80004d36 (0xf207f013) andi    zero, a5, -224
core   0: 3 0x80004d36 (0xf207f013)
core   0: 0x80004d3a (0x0148e9b3) or      s3, a7, s4
core   0: 3 0x80004d3a (0x0148e9b3) x19 0x80000004
core   0: 0x80004d3e (0xfafc79e3) bgeu    s8, a5, pc - 78
core   0: 3 0x80004d3e (0xfafc79e3)
core   0: 0x80004d42 (0x40928933) sub     s2, t0, s1
core   0: 3 0x80004d42 (0x40928933) x18 0x7ffdd0d9
core   0: 0x80004d46 (0x00000493) li      s1, 0
core   0: 3 0x80004d46 (0x00000493) x 9 0x00000000
core   0: 0x80004d4a (0x01d68933) add     s2, a3, t4
core   0: 3 0x80004d4a (0x01d68933) x18 0x00000019
core   0: 0x80004d4e (0x000092fe) c.add   t0, t6
core   0: 3 0x80004d4e (0x92fe) x 5 0x00000250
core   0: 0x80004d50 (0x0153ffb3) and     t6, t2, s5
core   0: 3 0x80004d50 (0x0153ffb3) x31 0x00000000
core   0: 0x80004d54 (0x00008abe) c.mv    s5, a5
core   0: 3 0x80004d54 (0x8abe) x21 0x0000000a
core   0: 0x80004d56 (0x00943533) sltu    a0, s0, s1
core   0: 3 0x80004d56 (0x00943533) x10 0x00000000
core   0: 0x80004d5a (0x00000001) c.nop
core   0: 3 0x80004d5a (0x0001)
core   0: 0x80004d5c (0x00008c49) c.or    s0, a0
core   0: 3 0x80004d5c (0x8c49) x 8 0x00000001
core   0: 0x80004d5e (0x036491b3) mulh    gp, s1, s6
core   0: 3 0x80004d5e (0x036491b3) x 3 0x00000000
core   0: 0x80004d62 (0x41c6dd33) sra     s10, a3, t3
core   0: 3 0x80004d62 (0x41c6dd33) x26 0x00000000
core   0: 0x80004d66 (0x0000807d) c.srli  s0, 31
core   0: 3 0x80004d66 (0x807d) x 8 0x00000000
core   0: 0x80004d68 (0x45b0a893) slti    a7, ra, 1115
core   0: 3 0x80004d68 (0x45b0a893) x17 0x00000000
core   0: 0x80004d6c (0x00e00813) li      a6, 14
core   0: 3 0x80004d6c (0x00e00813) x16 0x0000000e
core   0: 0x80004d70 (0x7e0c0193) addi    gp, s8, 2016
core   0: 3 0x80004d70 (0x7e0c0193) x 3 0x000007e9
core   0: 0x80004d74 (0x00008db6) c.mv    s11, a3
core   0: 3 0x80004d74 (0x8db6) x27 0x00000017
core   0: 0x80004d76 (0x0000100f) fence.i
core   0: 3 0x80004d76 (0x0000100f)
core   0: 0x80004d7a (0x40100b33) sub     s6, zero, ra
core   0: 3 0x80004d7a (0x40100b33) x22 0x80026e42
core   0: 0x80004d7e (0x00be11b3) sll     gp, t3, a1
core   0: 3 0x80004d7e (0x00be11b3) x 3 0x1171a000
core   0: 0x80004d82 (0x0000815d) c.srli  a0, 23
core   0: 3 0x80004d82 (0x815d) x10 0x00000000
core   0: 0x80004d84 (0x02e78693) addi    a3, a5, 46
core   0: 3 0x80004d84 (0x02e78693) x13 0x00000038
core   0: 0x80004d88 (0x0ff0000f) fence   iorw,iorw
core   0: 3 0x80004d88 (0x0ff0000f)
core   0: 0x80004d8c (0x29a12713) slti    a4, sp, 666
core   0: 3 0x80004d8c (0x29a12713) x14 0x00000001
core   0: 0x80004d90 (0x01ddcdb3) xor     s11, s11, t4
core   0: 3 0x80004d90 (0x01ddcdb3) x27 0x00000015
core   0: 0x80004d94 (0x00000491) c.addi  s1, 4
core   0: 3 0x80004d94 (0x0491) x 9 0x00000004
core   0: 0x80004d96 (0x40655893) srai    a7, a0, 6
core   0: 3 0x80004d96 (0x40655893) x17 0x00000000
core   0: 0x80004d9a (0x00008d5d) c.or    a0, a5
core   0: 3 0x80004d9a (0x8d5d) x10 0x0000000a
core   0: 0x80004d9c (0x00006285) c.lui   t0, 0x1
core   0: 3 0x80004d9c (0x6285) x 5 0x00001000
core   0: 0x80004d9e (0x00008f5d) c.or    a4, a5
core   0: 3 0x80004d9e (0x8f5d) x14 0x0000000b
core   0: 0x80004da0 (0xfd04e8e3) bltu    s1, a6, pc - 48
core   0: 3 0x80004da0 (0xfd04e8e3)
core   0: 0x80004d70 (0x7e0c0193) addi    gp, s8, 2016
core   0: 3 0x80004d70 (0x7e0c0193) x 3 0x000007e9
core   0: 0x80004d74 (0x00008db6) c.mv    s11, a3
core   0: 3 0x80004d74 (0x8db6) x27 0x00000038
core   0: 0x80004d76 (0x0000100f) fence.i
core   0: 3 0x80004d76 (0x0000100f)
core   0: 0x80004d7a (0x40100b33) sub     s6, zero, ra
core   0: 3 0x80004d7a (0x40100b33) x22 0x80026e42
core   0: 0x80004d7e (0x00be11b3) sll     gp, t3, a1
core   0: 3 0x80004d7e (0x00be11b3) x 3 0x1171a000
core   0: 0x80004d82 (0x0000815d) c.srli  a0, 23
core   0: 3 0x80004d82 (0x815d) x10 0x00000000
core   0: 0x80004d84 (0x02e78693) addi    a3, a5, 46
core   0: 3 0x80004d84 (0x02e78693) x13 0x00000038
core   0: 0x80004d88 (0x0ff0000f) fence   iorw,iorw
core   0: 3 0x80004d88 (0x0ff0000f)
core   0: 0x80004d8c (0x29a12713) slti    a4, sp, 666
core   0: 3 0x80004d8c (0x29a12713) x14 0x00000001
core   0: 0x80004d90 (0x01ddcdb3) xor     s11, s11, t4
core   0: 3 0x80004d90 (0x01ddcdb3) x27 0x0000003a
core   0: 0x80004d94 (0x00000491) c.addi  s1, 4
core   0: 3 0x80004d94 (0x0491) x 9 0x00000008
core   0: 0x80004d96 (0x40655893) srai    a7, a0, 6
core   0: 3 0x80004d96 (0x40655893) x17 0x00000000
core   0: 0x80004d9a (0x00008d5d) c.or    a0, a5
core   0: 3 0x80004d9a (0x8d5d) x10 0x0000000a
core   0: 0x80004d9c (0x00006285) c.lui   t0, 0x1
core   0: 3 0x80004d9c (0x6285) x 5 0x00001000
core   0: 0x80004d9e (0x00008f5d) c.or    a4, a5
core   0: 3 0x80004d9e (0x8f5d) x14 0x0000000b
core   0: 0x80004da0 (0xfd04e8e3) bltu    s1, a6, pc - 48
core   0: 3 0x80004da0 (0xfd04e8e3)
core   0: 0x80004d70 (0x7e0c0193) addi    gp, s8, 2016
core   0: 3 0x80004d70 (0x7e0c0193) x 3 0x000007e9
core   0: 0x80004d74 (0x00008db6) c.mv    s11, a3
core   0: 3 0x80004d74 (0x8db6) x27 0x00000038
core   0: 0x80004d76 (0x0000100f) fence.i
core   0: 3 0x80004d76 (0x0000100f)
core   0: 0x80004d7a (0x40100b33) sub     s6, zero, ra
core   0: 3 0x80004d7a (0x40100b33) x22 0x80026e42
core   0: 0x80004d7e (0x00be11b3) sll     gp, t3, a1
core   0: 3 0x80004d7e (0x00be11b3) x 3 0x1171a000
core   0: 0x80004d82 (0x0000815d) c.srli  a0, 23
core   0: 3 0x80004d82 (0x815d) x10 0x00000000
core   0: 0x80004d84 (0x02e78693) addi    a3, a5, 46
core   0: 3 0x80004d84 (0x02e78693) x13 0x00000038
core   0: 0x80004d88 (0x0ff0000f) fence   iorw,iorw
core   0: 3 0x80004d88 (0x0ff0000f)
core   0: 0x80004d8c (0x29a12713) slti    a4, sp, 666
core   0: 3 0x80004d8c (0x29a12713) x14 0x00000001
core   0: 0x80004d90 (0x01ddcdb3) xor     s11, s11, t4
core   0: 3 0x80004d90 (0x01ddcdb3) x27 0x0000003a
core   0: 0x80004d94 (0x00000491) c.addi  s1, 4
core   0: 3 0x80004d94 (0x0491) x 9 0x0000000c
core   0: 0x80004d96 (0x40655893) srai    a7, a0, 6
core   0: 3 0x80004d96 (0x40655893) x17 0x00000000
core   0: 0x80004d9a (0x00008d5d) c.or    a0, a5
core   0: 3 0x80004d9a (0x8d5d) x10 0x0000000a
core   0: 0x80004d9c (0x00006285) c.lui   t0, 0x1
core   0: 3 0x80004d9c (0x6285) x 5 0x00001000
core   0: 0x80004d9e (0x00008f5d) c.or    a4, a5
core   0: 3 0x80004d9e (0x8f5d) x14 0x0000000b
core   0: 0x80004da0 (0xfd04e8e3) bltu    s1, a6, pc - 48
core   0: 3 0x80004da0 (0xfd04e8e3)
core   0: 0x80004d70 (0x7e0c0193) addi    gp, s8, 2016
core   0: 3 0x80004d70 (0x7e0c0193) x 3 0x000007e9
core   0: 0x80004d74 (0x00008db6) c.mv    s11, a3
core   0: 3 0x80004d74 (0x8db6) x27 0x00000038
core   0: 0x80004d76 (0x0000100f) fence.i
core   0: 3 0x80004d76 (0x0000100f)
core   0: 0x80004d7a (0x40100b33) sub     s6, zero, ra
core   0: 3 0x80004d7a (0x40100b33) x22 0x80026e42
core   0: 0x80004d7e (0x00be11b3) sll     gp, t3, a1
core   0: 3 0x80004d7e (0x00be11b3) x 3 0x1171a000
core   0: 0x80004d82 (0x0000815d) c.srli  a0, 23
core   0: 3 0x80004d82 (0x815d) x10 0x00000000
core   0: 0x80004d84 (0x02e78693) addi    a3, a5, 46
core   0: 3 0x80004d84 (0x02e78693) x13 0x00000038
core   0: 0x80004d88 (0x0ff0000f) fence   iorw,iorw
core   0: 3 0x80004d88 (0x0ff0000f)
core   0: 0x80004d8c (0x29a12713) slti    a4, sp, 666
core   0: 3 0x80004d8c (0x29a12713) x14 0x00000001
core   0: 0x80004d90 (0x01ddcdb3) xor     s11, s11, t4
core   0: 3 0x80004d90 (0x01ddcdb3) x27 0x0000003a
core   0: 0x80004d94 (0x00000491) c.addi  s1, 4
core   0: 3 0x80004d94 (0x0491) x 9 0x00000010
core   0: 0x80004d96 (0x40655893) srai    a7, a0, 6
core   0: 3 0x80004d96 (0x40655893) x17 0x00000000
core   0: 0x80004d9a (0x00008d5d) c.or    a0, a5
core   0: 3 0x80004d9a (0x8d5d) x10 0x0000000a
core   0: 0x80004d9c (0x00006285) c.lui   t0, 0x1
core   0: 3 0x80004d9c (0x6285) x 5 0x00001000
core   0: 0x80004d9e (0x00008f5d) c.or    a4, a5
core   0: 3 0x80004d9e (0x8f5d) x14 0x0000000b
core   0: 0x80004da0 (0xfd04e8e3) bltu    s1, a6, pc - 48
core   0: 3 0x80004da0 (0xfd04e8e3)
core   0: 0x80004da4 (0x02436533) rem     a0, t1, tp
core   0: 3 0x80004da4 (0x02436533) x10 0x00000001
core   0: 0x80004da8 (0x00a00613) li      a2, 10
core   0: 3 0x80004da8 (0x00a00613) x12 0x0000000a
core   0: 0x80004dac (0x034ec133) div     sp, t4, s4
core   0: 3 0x80004dac (0x034ec133) x 2 0x00000000
core   0: 0x80004db0 (0x03ca5b33) divu    s6, s4, t3
core   0: 3 0x80004db0 (0x03ca5b33) x22 0x00000000
core   0: 0x80004db4 (0x000bacb3) slt     s9, s7, zero
core   0: 3 0x80004db4 (0x000bacb3) x25 0x00000001
core   0: 0x80004db8 (0x000085e9) c.srai  a1, 26
core   0: 3 0x80004db8 (0x85e9) x11 0x00000000
core   0: 0x80004dba (0x00008c29) c.xor   s0, a0
core   0: 3 0x80004dba (0x8c29) x 8 0x00000001
core   0: 0x80004dbc (0x00008d8d) c.sub   a1, a1
core   0: 3 0x80004dbc (0x8d8d) x11 0x00000000
core   0: 0x80004dbe (0x01400693) li      a3, 20
core   0: 3 0x80004dbe (0x01400693) x13 0x00000014
core   0: 0x80004dc2 (0x0031e5b3) or      a1, gp, gp
core   0: 3 0x80004dc2 (0x0031e5b3) x11 0x1171a000
core   0: 0x80004dc6 (0x000099fd) c.andi  a1, -1
core   0: 3 0x80004dc6 (0x99fd) x11 0x1171a000
core   0: 0x80004dc8 (0x00f427b3) slt     a5, s0, a5
core   0: 3 0x80004dc8 (0x00f427b3) x15 0x00000001
core   0: 0x80004dcc (0xfb4b3713) sltiu   a4, s6, -76
core   0: 3 0x80004dcc (0xfb4b3713) x14 0x00000001
core   0: 0x80004dd0 (0x01d6d593) srli    a1, a3, 29
core   0: 3 0x80004dd0 (0x01d6d593) x11 0x00000000
core   0: 0x80004dd4 (0x03636033) rem     zero, t1, s6
core   0: 3 0x80004dd4 (0x03636033)
core   0: 0x80004dd8 (0x00008c25) c.xor   s0, s1
core   0: 3 0x80004dd8 (0x8c25) x 8 0x00000011
core   0: 0x80004dda (0x00000001) c.nop
core   0: 3 0x80004dda (0x0001)
core   0: 0x80004ddc (0x0ff0000f) fence   iorw,iorw
core   0: 3 0x80004ddc (0x0ff0000f)
core   0: 0x80004de0 (0x00009726) c.add   a4, s1
core   0: 3 0x80004de0 (0x9726) x14 0x00000011
core   0: 0x80004de2 (0x000019fd) c.addi  s3, -1
core   0: 3 0x80004de2 (0x19fd) x19 0x80000003
core   0: 0x80004de4 (0x00000629) c.addi  a2, 10
core   0: 3 0x80004de4 (0x0629) x12 0x00000014
core   0: 0x80004de6 (0x1dbab997) auipc   s3, 0x1dbab
core   0: 3 0x80004de6 (0x1dbab997) x19 0x9dbafde6
core   0: 0x80004dea (0x0000454d) c.li    a0, 19
core   0: 3 0x80004dea (0x454d) x10 0x00000013
core   0: 0x80004dec (0x41a85393) srai    t2, a6, 26
core   0: 3 0x80004dec (0x41a85393) x 7 0x00000000
core   0: 0x80004df0 (0x0337f233) remu    tp, a5, s3
core   0: 3 0x80004df0 (0x0337f233) x 4 0x00000001
core   0: 0x80004df4 (0x000084a9) c.srai  s1, 10
core   0: 3 0x80004df4 (0x84a9) x 9 0x00000000
core   0: 0x80004df6 (0xfed615e3) bne     a2, a3, pc - 22
core   0: 3 0x80004df6 (0xfed615e3)
core   0: 0x80004dfa (0x01074eb3) xor     t4, a4, a6
core   0: 3 0x80004dfa (0x01074eb3) x29 0x0000001f
core   0: 0x80004dfe (0xff600e93) li      t4, -10
core   0: 3 0x80004dfe (0xff600e93) x29 0xfffffff6
core   0: 0x80004e02 (0x000045b9) c.li    a1, 14
core   0: 3 0x80004e02 (0x45b9) x11 0x0000000e
core   0: 0x80004e04 (0x00700f93) li      t6, 7
core   0: 3 0x80004e04 (0x00700f93) x31 0x00000007
core   0: 0x80004e08 (0xd392c913) xori    s2, t0, -711
core   0: 3 0x80004e08 (0xd392c913) x18 0xffffed39
core   0: 0x80004e0c (0x0000100f) fence.i
core   0: 3 0x80004e0c (0x0000100f)
core   0: 0x80004e10 (0xa2ee4893) xori    a7, t3, -1490
core   0: 3 0x80004e10 (0xa2ee4893) x17 0x7ffdd41a
core   0: 0x80004e14 (0x00008d65) c.and   a0, s1
core   0: 3 0x80004e14 (0x8d65) x10 0x00000000
core   0: 0x80004e16 (0x00000e91) c.addi  t4, 4
core   0: 3 0x80004e16 (0x0e91) x29 0xfffffffa
core   0: 0x80004e18 (0x00000001) c.nop
core   0: 3 0x80004e18 (0x0001)
core   0: 0x80004e1a (0x0000717d) c.addi16sp sp, -16
core   0: 3 0x80004e1a (0x717d) x 2 0xfffffff0
core   0: 0x80004e1c (0xba3c6593) ori     a1, s8, -1117
core   0: 3 0x80004e1c (0xba3c6593) x11 0xfffffbab
core   0: 0x80004e20 (0x01eb0633) add     a2, s6, t5
core   0: 3 0x80004e20 (0x01eb0633) x12 0x8002274c
core   0: 0x80004e24 (0x014958b3) srl     a7, s2, s4
core   0: 3 0x80004e24 (0x014958b3) x17 0xffffed39
core   0: 0x80004e28 (0x01c5d133) srl     sp, a1, t3
core   0: 3 0x80004e28 (0x01c5d133) x 2 0x00000fff
core   0: 0x80004e2c (0x00300713) li      a4, 3
core   0: 3 0x80004e2c (0x00300713) x14 0x00000003
core   0: 0x80004e30 (0x01100c93) li      s9, 17
core   0: 3 0x80004e30 (0x01100c93) x25 0x00000011
core   0: 0x80004e34 (0x02f17c33) remu    s8, sp, a5
core   0: 3 0x80004e34 (0x02f17c33) x24 0x00000000
core   0: 0x80004e38 (0x00008cf9) c.and   s1, a4
core   0: 3 0x80004e38 (0x8cf9) x 9 0x00000000
core   0: 0x80004e3a (0x00000709) c.addi  a4, 2
core   0: 3 0x80004e3a (0x0709) x14 0x00000005
core   0: 0x80004e3c (0x019f1233) sll     tp, t5, s9
core   0: 3 0x80004e3c (0x019f1233) x 4 0x4e980000
core   0: 0x80004e40 (0xff976ce3) bltu    a4, s9, pc - 8
core   0: 3 0x80004e40 (0xff976ce3)
core   0: 0x80004e38 (0x00008cf9) c.and   s1, a4
core   0: 3 0x80004e38 (0x8cf9) x 9 0x00000000
core   0: 0x80004e3a (0x00000709) c.addi  a4, 2
core   0: 3 0x80004e3a (0x0709) x14 0x00000007
core   0: 0x80004e3c (0x019f1233) sll     tp, t5, s9
core   0: 3 0x80004e3c (0x019f1233) x 4 0x4e980000
core   0: 0x80004e40 (0xff976ce3) bltu    a4, s9, pc - 8
core   0: 3 0x80004e40 (0xff976ce3)
core   0: 0x80004e38 (0x00008cf9) c.and   s1, a4
core   0: 3 0x80004e38 (0x8cf9) x 9 0x00000000
core   0: 0x80004e3a (0x00000709) c.addi  a4, 2
core   0: 3 0x80004e3a (0x0709) x14 0x00000009
core   0: 0x80004e3c (0x019f1233) sll     tp, t5, s9
core   0: 3 0x80004e3c (0x019f1233) x 4 0x4e980000
core   0: 0x80004e40 (0xff976ce3) bltu    a4, s9, pc - 8
core   0: 3 0x80004e40 (0xff976ce3)
core   0: 0x80004e38 (0x00008cf9) c.and   s1, a4
core   0: 3 0x80004e38 (0x8cf9) x 9 0x00000000
core   0: 0x80004e3a (0x00000709) c.addi  a4, 2
core   0: 3 0x80004e3a (0x0709) x14 0x0000000b
core   0: 0x80004e3c (0x019f1233) sll     tp, t5, s9
core   0: 3 0x80004e3c (0x019f1233) x 4 0x4e980000
core   0: 0x80004e40 (0xff976ce3) bltu    a4, s9, pc - 8
core   0: 3 0x80004e40 (0xff976ce3)
core   0: 0x80004e38 (0x00008cf9) c.and   s1, a4
core   0: 3 0x80004e38 (0x8cf9) x 9 0x00000000
core   0: 0x80004e3a (0x00000709) c.addi  a4, 2
core   0: 3 0x80004e3a (0x0709) x14 0x0000000d
core   0: 0x80004e3c (0x019f1233) sll     tp, t5, s9
core   0: 3 0x80004e3c (0x019f1233) x 4 0x4e980000
core   0: 0x80004e40 (0xff976ce3) bltu    a4, s9, pc - 8
core   0: 3 0x80004e40 (0xff976ce3)
core   0: 0x80004e38 (0x00008cf9) c.and   s1, a4
core   0: 3 0x80004e38 (0x8cf9) x 9 0x00000000
core   0: 0x80004e3a (0x00000709) c.addi  a4, 2
core   0: 3 0x80004e3a (0x0709) x14 0x0000000f
core   0: 0x80004e3c (0x019f1233) sll     tp, t5, s9
core   0: 3 0x80004e3c (0x019f1233) x 4 0x4e980000
core   0: 0x80004e40 (0xff976ce3) bltu    a4, s9, pc - 8
core   0: 3 0x80004e40 (0xff976ce3)
core   0: 0x80004e38 (0x00008cf9) c.and   s1, a4
core   0: 3 0x80004e38 (0x8cf9) x 9 0x00000000
core   0: 0x80004e3a (0x00000709) c.addi  a4, 2
core   0: 3 0x80004e3a (0x0709) x14 0x00000011
core   0: 0x80004e3c (0x019f1233) sll     tp, t5, s9
core   0: 3 0x80004e3c (0x019f1233) x 4 0x4e980000
core   0: 0x80004e40 (0xff976ce3) bltu    a4, s9, pc - 8
core   0: 3 0x80004e40 (0xff976ce3)
core   0: 0x80004e44 (0xfdfee6e3) bltu    t4, t6, pc - 52
core   0: 3 0x80004e44 (0xfdfee6e3)
core   0: 0x80004e48 (0x01d92233) slt     tp, s2, t4
core   0: 3 0x80004e48 (0x01d92233) x 4 0x00000001
core   0: 0x80004e4c (0x00400793) li      a5, 4
core   0: 3 0x80004e4c (0x00400793) x15 0x00000004
core   0: 0x80004e50 (0x0ff0000f) fence   iorw,iorw
core   0: 3 0x80004e50 (0x0ff0000f)
core   0: 0x80004e54 (0x00000001) c.nop
core   0: 3 0x80004e54 (0x0001)
core   0: 0x80004e56 (0x000081a1) c.srli  a1, 8
core   0: 3 0x80004e56 (0x81a1) x11 0x00fffffb
core   0: 0x80004e58 (0x00001800) c.addi4spn s0, sp, 48
core   0: 3 0x80004e58 (0x1800) x 8 0x0000102f
core   0: 0x80004e5a (0x006436b3) sltu    a3, s0, t1
core   0: 3 0x80004e5a (0x006436b3) x13 0x00000000
core   0: 0x80004e5e (0x000017f1) c.addi  a5, -4
core   0: 3 0x80004e5e (0x17f1) x15 0x00000000
core   0: 0x80004e60 (0x00700493) li      s1, 7
core   0: 3 0x80004e60 (0x00700493) x 9 0x00000007
core   0: 0x80004e64 (0x84647c93) andi    s9, s0, -1978
core   0: 3 0x80004e64 (0x84647c93) x25 0x00001006
core   0: 0x80004e68 (0x00008ad1) c.andi  a3, 20
core   0: 3 0x80004e68 (0x8ad1) x13 0x00000000
core   0: 0x80004e6a (0x01300093) li      ra, 19
core   0: 3 0x80004e6a (0x01300093) x 1 0x00000013
core   0: 0x80004e6e (0x00008ea5) c.xor   a3, s1
core   0: 3 0x80004e6e (0x8ea5) x13 0x00000007
core   0: 0x80004e70 (0x00000485) c.addi  s1, 1
core   0: 3 0x80004e70 (0x0485) x 9 0x00000008
core   0: 0x80004e72 (0x021456b3) divu    a3, s0, ra
core   0: 3 0x80004e72 (0x021456b3) x13 0x000000da
core   0: 0x80004e76 (0xd3a68413) addi    s0, a3, -710
core   0: 3 0x80004e76 (0xd3a68413) x 8 0xfffffe14
core   0: 0x80004e7a (0x03d19633) mulh    a2, gp, t4
core   0: 3 0x80004e7a (0x03d19633) x12 0xffffffff
core   0: 0x80004e7e (0xfe1498e3) bne     s1, ra, pc - 16
core   0: 3 0x80004e7e (0xfe1498e3)
core   0: 0x80004e6e (0x00008ea5) c.xor   a3, s1
core   0: 3 0x80004e6e (0x8ea5) x13 0x000000d2
core   0: 0x80004e70 (0x00000485) c.addi  s1, 1
core   0: 3 0x80004e70 (0x0485) x 9 0x00000009
core   0: 0x80004e72 (0x021456b3) divu    a3, s0, ra
core   0: 3 0x80004e72 (0x021456b3) x13 0x0d794344
core   0: 0x80004e76 (0xd3a68413) addi    s0, a3, -710
core   0: 3 0x80004e76 (0xd3a68413) x 8 0x0d79407e
core   0: 0x80004e7a (0x03d19633) mulh    a2, gp, t4
core   0: 3 0x80004e7a (0x03d19633) x12 0xffffffff
core   0: 0x80004e7e (0xfe1498e3) bne     s1, ra, pc - 16
core   0: 3 0x80004e7e (0xfe1498e3)
core   0: 0x80004e6e (0x00008ea5) c.xor   a3, s1
core   0: 3 0x80004e6e (0x8ea5) x13 0x0d79434d
core   0: 0x80004e70 (0x00000485) c.addi  s1, 1
core   0: 3 0x80004e70 (0x0485) x 9 0x0000000a
core   0: 0x80004e72 (0x021456b3) divu    a3, s0, ra
core   0: 3 0x80004e72 (0x021456b3) x13 0x00b58a21
core   0: 0x80004e76 (0xd3a68413) addi    s0, a3, -710
core   0: 3 0x80004e76 (0xd3a68413) x 8 0x00b5875b
core   0: 0x80004e7a (0x03d19633) mulh    a2, gp, t4
core   0: 3 0x80004e7a (0x03d19633) x12 0xffffffff
core   0: 0x80004e7e (0xfe1498e3) bne     s1, ra, pc - 16
core   0: 3 0x80004e7e (0xfe1498e3)
core   0: 0x80004e6e (0x00008ea5) c.xor   a3, s1
core   0: 3 0x80004e6e (0x8ea5) x13 0x00b58a2b
core   0: 0x80004e70 (0x00000485) c.addi  s1, 1
core   0: 3 0x80004e70 (0x0485) x 9 0x0000000b
core   0: 0x80004e72 (0x021456b3) divu    a3, s0, ra
core   0: 3 0x80004e72 (0x021456b3) x13 0x00098ddc
core   0: 0x80004e76 (0xd3a68413) addi    s0, a3, -710
core   0: 3 0x80004e76 (0xd3a68413) x 8 0x00098b16
core   0: 0x80004e7a (0x03d19633) mulh    a2, gp, t4
core   0: 3 0x80004e7a (0x03d19633) x12 0xffffffff
core   0: 0x80004e7e (0xfe1498e3) bne     s1, ra, pc - 16
core   0: 3 0x80004e7e (0xfe1498e3)
core   0: 0x80004e6e (0x00008ea5) c.xor   a3, s1
core   0: 3 0x80004e6e (0x8ea5) x13 0x00098dd7
core   0: 0x80004e70 (0x00000485) c.addi  s1, 1
core   0: 3 0x80004e70 (0x0485) x 9 0x0000000c
core   0: 0x80004e72 (0x021456b3) divu    a3, s0, ra
core   0: 3 0x80004e72 (0x021456b3) x13 0x00008095
core   0: 0x80004e76 (0xd3a68413) addi    s0, a3, -710
core   0: 3 0x80004e76 (0xd3a68413) x 8 0x00007dcf
core   0: 0x80004e7a (0x03d19633) mulh    a2, gp, t4
core   0: 3 0x80004e7a (0x03d19633) x12 0xffffffff
core   0: 0x80004e7e (0xfe1498e3) bne     s1, ra, pc - 16
core   0: 3 0x80004e7e (0xfe1498e3)
core   0: 0x80004e6e (0x00008ea5) c.xor   a3, s1
core   0: 3 0x80004e6e (0x8ea5) x13 0x00008099
core   0: 0x80004e70 (0x00000485) c.addi  s1, 1
core   0: 3 0x80004e70 (0x0485) x 9 0x0000000d
core   0: 0x80004e72 (0x021456b3) divu    a3, s0, ra
core   0: 3 0x80004e72 (0x021456b3) x13 0x0000069f
core   0: 0x80004e76 (0xd3a68413) addi    s0, a3, -710
core   0: 3 0x80004e76 (0xd3a68413) x 8 0x000003d9
core   0: 0x80004e7a (0x03d19633) mulh    a2, gp, t4
core   0: 3 0x80004e7a (0x03d19633) x12 0xffffffff
core   0: 0x80004e7e (0xfe1498e3) bne     s1, ra, pc - 16
core   0: 3 0x80004e7e (0xfe1498e3)
core   0: 0x80004e6e (0x00008ea5) c.xor   a3, s1
core   0: 3 0x80004e6e (0x8ea5) x13 0x00000692
core   0: 0x80004e70 (0x00000485) c.addi  s1, 1
core   0: 3 0x80004e70 (0x0485) x 9 0x0000000e
core   0: 0x80004e72 (0x021456b3) divu    a3, s0, ra
core   0: 3 0x80004e72 (0x021456b3) x13 0x00000033
core   0: 0x80004e76 (0xd3a68413) addi    s0, a3, -710
core   0: 3 0x80004e76 (0xd3a68413) x 8 0xfffffd6d
core   0: 0x80004e7a (0x03d19633) mulh    a2, gp, t4
core   0: 3 0x80004e7a (0x03d19633) x12 0xffffffff
core   0: 0x80004e7e (0xfe1498e3) bne     s1, ra, pc - 16
core   0: 3 0x80004e7e (0xfe1498e3)
core   0: 0x80004e6e (0x00008ea5) c.xor   a3, s1
core   0: 3 0x80004e6e (0x8ea5) x13 0x0000003d
core   0: 0x80004e70 (0x00000485) c.addi  s1, 1
core   0: 3 0x80004e70 (0x0485) x 9 0x0000000f
core   0: 0x80004e72 (0x021456b3) divu    a3, s0, ra
core   0: 3 0x80004e72 (0x021456b3) x13 0x0d79433b
core   0: 0x80004e76 (0xd3a68413) addi    s0, a3, -710
core   0: 3 0x80004e76 (0xd3a68413) x 8 0x0d794075
core   0: 0x80004e7a (0x03d19633) mulh    a2, gp, t4
core   0: 3 0x80004e7a (0x03d19633) x12 0xffffffff
core   0: 0x80004e7e (0xfe1498e3) bne     s1, ra, pc - 16
core   0: 3 0x80004e7e (0xfe1498e3)
core   0: 0x80004e6e (0x00008ea5) c.xor   a3, s1
core   0: 3 0x80004e6e (0x8ea5) x13 0x0d794334
core   0: 0x80004e70 (0x00000485) c.addi  s1, 1
core   0: 3 0x80004e70 (0x0485) x 9 0x00000010
core   0: 0x80004e72 (0x021456b3) divu    a3, s0, ra
core   0: 3 0x80004e72 (0x021456b3) x13 0x00b58a21
core   0: 0x80004e76 (0xd3a68413) addi    s0, a3, -710
core   0: 3 0x80004e76 (0xd3a68413) x 8 0x00b5875b
core   0: 0x80004e7a (0x03d19633) mulh    a2, gp, t4
core   0: 3 0x80004e7a (0x03d19633) x12 0xffffffff
core   0: 0x80004e7e (0xfe1498e3) bne     s1, ra, pc - 16
core   0: 3 0x80004e7e (0xfe1498e3)
core   0: 0x80004e6e (0x00008ea5) c.xor   a3, s1
core   0: 3 0x80004e6e (0x8ea5) x13 0x00b58a31
core   0: 0x80004e70 (0x00000485) c.addi  s1, 1
core   0: 3 0x80004e70 (0x0485) x 9 0x00000011
core   0: 0x80004e72 (0x021456b3) divu    a3, s0, ra
core   0: 3 0x80004e72 (0x021456b3) x13 0x00098ddc
core   0: 0x80004e76 (0xd3a68413) addi    s0, a3, -710
core   0: 3 0x80004e76 (0xd3a68413) x 8 0x00098b16
core   0: 0x80004e7a (0x03d19633) mulh    a2, gp, t4
core   0: 3 0x80004e7a (0x03d19633) x12 0xffffffff
core   0: 0x80004e7e (0xfe1498e3) bne     s1, ra, pc - 16
core   0: 3 0x80004e7e (0xfe1498e3)
core   0: 0x80004e6e (0x00008ea5) c.xor   a3, s1
core   0: 3 0x80004e6e (0x8ea5) x13 0x00098dcd
core   0: 0x80004e70 (0x00000485) c.addi  s1, 1
core   0: 3 0x80004e70 (0x0485) x 9 0x00000012
core   0: 0x80004e72 (0x021456b3) divu    a3, s0, ra
core   0: 3 0x80004e72 (0x021456b3) x13 0x00008095
core   0: 0x80004e76 (0xd3a68413) addi    s0, a3, -710
core   0: 3 0x80004e76 (0xd3a68413) x 8 0x00007dcf
core   0: 0x80004e7a (0x03d19633) mulh    a2, gp, t4
core   0: 3 0x80004e7a (0x03d19633) x12 0xffffffff
core   0: 0x80004e7e (0xfe1498e3) bne     s1, ra, pc - 16
core   0: 3 0x80004e7e (0xfe1498e3)
core   0: 0x80004e6e (0x00008ea5) c.xor   a3, s1
core   0: 3 0x80004e6e (0x8ea5) x13 0x00008087
core   0: 0x80004e70 (0x00000485) c.addi  s1, 1
core   0: 3 0x80004e70 (0x0485) x 9 0x00000013
core   0: 0x80004e72 (0x021456b3) divu    a3, s0, ra
core   0: 3 0x80004e72 (0x021456b3) x13 0x0000069f
core   0: 0x80004e76 (0xd3a68413) addi    s0, a3, -710
core   0: 3 0x80004e76 (0xd3a68413) x 8 0x000003d9
core   0: 0x80004e7a (0x03d19633) mulh    a2, gp, t4
core   0: 3 0x80004e7a (0x03d19633) x12 0xffffffff
core   0: 0x80004e7e (0xfe1498e3) bne     s1, ra, pc - 16
core   0: 3 0x80004e7e (0xfe1498e3)
core   0: 0x80004e82 (0x0000dbf9) c.beqz  a5, pc - 42
core   0: 3 0x80004e82 (0xdbf9)
core   0: 0x80004e58 (0x00001800) c.addi4spn s0, sp, 48
core   0: 3 0x80004e58 (0x1800) x 8 0x0000102f
core   0: 0x80004e5a (0x006436b3) sltu    a3, s0, t1
core   0: 3 0x80004e5a (0x006436b3) x13 0x00000000
core   0: 0x80004e5e (0x000017f1) c.addi  a5, -4
core   0: 3 0x80004e5e (0x17f1) x15 0xfffffffc
core   0: 0x80004e60 (0x00700493) li      s1, 7
core   0: 3 0x80004e60 (0x00700493) x 9 0x00000007
core   0: 0x80004e64 (0x84647c93) andi    s9, s0, -1978
core   0: 3 0x80004e64 (0x84647c93) x25 0x00001006
core   0: 0x80004e68 (0x00008ad1) c.andi  a3, 20
core   0: 3 0x80004e68 (0x8ad1) x13 0x00000000
core   0: 0x80004e6a (0x01300093) li      ra, 19
core   0: 3 0x80004e6a (0x01300093) x 1 0x00000013
core   0: 0x80004e6e (0x00008ea5) c.xor   a3, s1
core   0: 3 0x80004e6e (0x8ea5) x13 0x00000007
core   0: 0x80004e70 (0x00000485) c.addi  s1, 1
core   0: 3 0x80004e70 (0x0485) x 9 0x00000008
core   0: 0x80004e72 (0x021456b3) divu    a3, s0, ra
core   0: 3 0x80004e72 (0x021456b3) x13 0x000000da
core   0: 0x80004e76 (0xd3a68413) addi    s0, a3, -710
core   0: 3 0x80004e76 (0xd3a68413) x 8 0xfffffe14
core   0: 0x80004e7a (0x03d19633) mulh    a2, gp, t4
core   0: 3 0x80004e7a (0x03d19633) x12 0xffffffff
core   0: 0x80004e7e (0xfe1498e3) bne     s1, ra, pc - 16
core   0: 3 0x80004e7e (0xfe1498e3)
core   0: 0x80004e6e (0x00008ea5) c.xor   a3, s1
core   0: 3 0x80004e6e (0x8ea5) x13 0x000000d2
core   0: 0x80004e70 (0x00000485) c.addi  s1, 1
core   0: 3 0x80004e70 (0x0485) x 9 0x00000009
core   0: 0x80004e72 (0x021456b3) divu    a3, s0, ra
core   0: 3 0x80004e72 (0x021456b3) x13 0x0d794344
core   0: 0x80004e76 (0xd3a68413) addi    s0, a3, -710
core   0: 3 0x80004e76 (0xd3a68413) x 8 0x0d79407e
core   0: 0x80004e7a (0x03d19633) mulh    a2, gp, t4
core   0: 3 0x80004e7a (0x03d19633) x12 0xffffffff
core   0: 0x80004e7e (0xfe1498e3) bne     s1, ra, pc - 16
core   0: 3 0x80004e7e (0xfe1498e3)
core   0: 0x80004e6e (0x00008ea5) c.xor   a3, s1
core   0: 3 0x80004e6e (0x8ea5) x13 0x0d79434d
core   0: 0x80004e70 (0x00000485) c.addi  s1, 1
core   0: 3 0x80004e70 (0x0485) x 9 0x0000000a
core   0: 0x80004e72 (0x021456b3) divu    a3, s0, ra
core   0: 3 0x80004e72 (0x021456b3) x13 0x00b58a21
core   0: 0x80004e76 (0xd3a68413) addi    s0, a3, -710
core   0: 3 0x80004e76 (0xd3a68413) x 8 0x00b5875b
core   0: 0x80004e7a (0x03d19633) mulh    a2, gp, t4
core   0: 3 0x80004e7a (0x03d19633) x12 0xffffffff
core   0: 0x80004e7e (0xfe1498e3) bne     s1, ra, pc - 16
core   0: 3 0x80004e7e (0xfe1498e3)
core   0: 0x80004e6e (0x00008ea5) c.xor   a3, s1
core   0: 3 0x80004e6e (0x8ea5) x13 0x00b58a2b
core   0: 0x80004e70 (0x00000485) c.addi  s1, 1
core   0: 3 0x80004e70 (0x0485) x 9 0x0000000b
core   0: 0x80004e72 (0x021456b3) divu    a3, s0, ra
core   0: 3 0x80004e72 (0x021456b3) x13 0x00098ddc
core   0: 0x80004e76 (0xd3a68413) addi    s0, a3, -710
core   0: 3 0x80004e76 (0xd3a68413) x 8 0x00098b16
core   0: 0x80004e7a (0x03d19633) mulh    a2, gp, t4
core   0: 3 0x80004e7a (0x03d19633) x12 0xffffffff
core   0: 0x80004e7e (0xfe1498e3) bne     s1, ra, pc - 16
core   0: 3 0x80004e7e (0xfe1498e3)
core   0: 0x80004e6e (0x00008ea5) c.xor   a3, s1
core   0: 3 0x80004e6e (0x8ea5) x13 0x00098dd7
core   0: 0x80004e70 (0x00000485) c.addi  s1, 1
core   0: 3 0x80004e70 (0x0485) x 9 0x0000000c
core   0: 0x80004e72 (0x021456b3) divu    a3, s0, ra
core   0: 3 0x80004e72 (0x021456b3) x13 0x00008095
core   0: 0x80004e76 (0xd3a68413) addi    s0, a3, -710
core   0: 3 0x80004e76 (0xd3a68413) x 8 0x00007dcf
core   0: 0x80004e7a (0x03d19633) mulh    a2, gp, t4
core   0: 3 0x80004e7a (0x03d19633) x12 0xffffffff
core   0: 0x80004e7e (0xfe1498e3) bne     s1, ra, pc - 16
core   0: 3 0x80004e7e (0xfe1498e3)
core   0: 0x80004e6e (0x00008ea5) c.xor   a3, s1
core   0: 3 0x80004e6e (0x8ea5) x13 0x00008099
core   0: 0x80004e70 (0x00000485) c.addi  s1, 1
core   0: 3 0x80004e70 (0x0485) x 9 0x0000000d
core   0: 0x80004e72 (0x021456b3) divu    a3, s0, ra
core   0: 3 0x80004e72 (0x021456b3) x13 0x0000069f
core   0: 0x80004e76 (0xd3a68413) addi    s0, a3, -710
core   0: 3 0x80004e76 (0xd3a68413) x 8 0x000003d9
core   0: 0x80004e7a (0x03d19633) mulh    a2, gp, t4
core   0: 3 0x80004e7a (0x03d19633) x12 0xffffffff
core   0: 0x80004e7e (0xfe1498e3) bne     s1, ra, pc - 16
core   0: 3 0x80004e7e (0xfe1498e3)
core   0: 0x80004e6e (0x00008ea5) c.xor   a3, s1
core   0: 3 0x80004e6e (0x8ea5) x13 0x00000692
core   0: 0x80004e70 (0x00000485) c.addi  s1, 1
core   0: 3 0x80004e70 (0x0485) x 9 0x0000000e
core   0: 0x80004e72 (0x021456b3) divu    a3, s0, ra
core   0: 3 0x80004e72 (0x021456b3) x13 0x00000033
core   0: 0x80004e76 (0xd3a68413) addi    s0, a3, -710
core   0: 3 0x80004e76 (0xd3a68413) x 8 0xfffffd6d
core   0: 0x80004e7a (0x03d19633) mulh    a2, gp, t4
core   0: 3 0x80004e7a (0x03d19633) x12 0xffffffff
core   0: 0x80004e7e (0xfe1498e3) bne     s1, ra, pc - 16
core   0: 3 0x80004e7e (0xfe1498e3)
core   0: 0x80004e6e (0x00008ea5) c.xor   a3, s1
core   0: 3 0x80004e6e (0x8ea5) x13 0x0000003d
core   0: 0x80004e70 (0x00000485) c.addi  s1, 1
core   0: 3 0x80004e70 (0x0485) x 9 0x0000000f
core   0: 0x80004e72 (0x021456b3) divu    a3, s0, ra
core   0: 3 0x80004e72 (0x021456b3) x13 0x0d79433b
core   0: 0x80004e76 (0xd3a68413) addi    s0, a3, -710
core   0: 3 0x80004e76 (0xd3a68413) x 8 0x0d794075
core   0: 0x80004e7a (0x03d19633) mulh    a2, gp, t4
core   0: 3 0x80004e7a (0x03d19633) x12 0xffffffff
core   0: 0x80004e7e (0xfe1498e3) bne     s1, ra, pc - 16
core   0: 3 0x80004e7e (0xfe1498e3)
core   0: 0x80004e6e (0x00008ea5) c.xor   a3, s1
core   0: 3 0x80004e6e (0x8ea5) x13 0x0d794334
core   0: 0x80004e70 (0x00000485) c.addi  s1, 1
core   0: 3 0x80004e70 (0x0485) x 9 0x00000010
core   0: 0x80004e72 (0x021456b3) divu    a3, s0, ra
core   0: 3 0x80004e72 (0x021456b3) x13 0x00b58a21
core   0: 0x80004e76 (0xd3a68413) addi    s0, a3, -710
core   0: 3 0x80004e76 (0xd3a68413) x 8 0x00b5875b
core   0: 0x80004e7a (0x03d19633) mulh    a2, gp, t4
core   0: 3 0x80004e7a (0x03d19633) x12 0xffffffff
core   0: 0x80004e7e (0xfe1498e3) bne     s1, ra, pc - 16
core   0: 3 0x80004e7e (0xfe1498e3)
core   0: 0x80004e6e (0x00008ea5) c.xor   a3, s1
core   0: 3 0x80004e6e (0x8ea5) x13 0x00b58a31
core   0: 0x80004e70 (0x00000485) c.addi  s1, 1
core   0: 3 0x80004e70 (0x0485) x 9 0x00000011
core   0: 0x80004e72 (0x021456b3) divu    a3, s0, ra
core   0: 3 0x80004e72 (0x021456b3) x13 0x00098ddc
core   0: 0x80004e76 (0xd3a68413) addi    s0, a3, -710
core   0: 3 0x80004e76 (0xd3a68413) x 8 0x00098b16
core   0: 0x80004e7a (0x03d19633) mulh    a2, gp, t4
core   0: 3 0x80004e7a (0x03d19633) x12 0xffffffff
core   0: 0x80004e7e (0xfe1498e3) bne     s1, ra, pc - 16
core   0: 3 0x80004e7e (0xfe1498e3)
core   0: 0x80004e6e (0x00008ea5) c.xor   a3, s1
core   0: 3 0x80004e6e (0x8ea5) x13 0x00098dcd
core   0: 0x80004e70 (0x00000485) c.addi  s1, 1
core   0: 3 0x80004e70 (0x0485) x 9 0x00000012
core   0: 0x80004e72 (0x021456b3) divu    a3, s0, ra
core   0: 3 0x80004e72 (0x021456b3) x13 0x00008095
core   0: 0x80004e76 (0xd3a68413) addi    s0, a3, -710
core   0: 3 0x80004e76 (0xd3a68413) x 8 0x00007dcf
core   0: 0x80004e7a (0x03d19633) mulh    a2, gp, t4
core   0: 3 0x80004e7a (0x03d19633) x12 0xffffffff
core   0: 0x80004e7e (0xfe1498e3) bne     s1, ra, pc - 16
core   0: 3 0x80004e7e (0xfe1498e3)
core   0: 0x80004e6e (0x00008ea5) c.xor   a3, s1
core   0: 3 0x80004e6e (0x8ea5) x13 0x00008087
core   0: 0x80004e70 (0x00000485) c.addi  s1, 1
core   0: 3 0x80004e70 (0x0485) x 9 0x00000013
core   0: 0x80004e72 (0x021456b3) divu    a3, s0, ra
core   0: 3 0x80004e72 (0x021456b3) x13 0x0000069f
core   0: 0x80004e76 (0xd3a68413) addi    s0, a3, -710
core   0: 3 0x80004e76 (0xd3a68413) x 8 0x000003d9
core   0: 0x80004e7a (0x03d19633) mulh    a2, gp, t4
core   0: 3 0x80004e7a (0x03d19633) x12 0xffffffff
core   0: 0x80004e7e (0xfe1498e3) bne     s1, ra, pc - 16
core   0: 3 0x80004e7e (0xfe1498e3)
core   0: 0x80004e82 (0x0000dbf9) c.beqz  a5, pc - 42
core   0: 3 0x80004e82 (0xdbf9)
core   0: 0x80004e84 (0x00b21f93) slli    t6, tp, 11
core   0: 3 0x80004e84 (0x00b21f93) x31 0x00000800
core   0: 0x80004e88 (0x03b56463) bltu    a0, s11, pc + 40
core   0: 3 0x80004e88 (0x03b56463)
core   0: 0x80004eb0 (0x00eba5b3) slt     a1, s7, a4
core   0: 3 0x80004eb0 (0x00eba5b3) x11 0x00000001
core   0: 0x80004eb4 (0x00000b29) c.addi  s6, 10
core   0: 3 0x80004eb4 (0x0b29) x22 0x0000000a
core   0: 0x80004eb6 (0x026d9233) mulh    tp, s11, t1
core   0: 3 0x80004eb6 (0x026d9233) x 4 0x00000000
core   0: 0x80004eba (0x02bd3f13) sltiu   t5, s10, 43
core   0: 3 0x80004eba (0x02bd3f13) x30 0x00000001
core   0: 0x80004ebe (0x00009c3a) c.add   s8, a4
core   0: 3 0x80004ebe (0x9c3a) x24 0x00000011
core   0: 0x80004ec0 (0x02635ab3) divu    s5, t1, t1
core   0: 3 0x80004ec0 (0x02635ab3) x21 0x00000001
core   0: 0x80004ec4 (0x03454363) blt     a0, s4, pc + 38
core   0: 3 0x80004ec4 (0x03454363)
core   0: 0x80004ec8 (0x02ce3433) mulhu   s0, t3, a2
core   0: 3 0x80004ec8 (0x02ce3433) x 8 0x80022e33
core   0: 0x80004ecc (0x79e8a713) slti    a4, a7, 1950
core   0: 3 0x80004ecc (0x79e8a713) x14 0x00000001
core   0: 0x80004ed0 (0x024ca513) slti    a0, s9, 36
core   0: 3 0x80004ed0 (0x024ca513) x10 0x00000000
core   0: 0x80004ed4 (0xf01fa4b7) lui     s1, 0xf01fa
core   0: 3 0x80004ed4 (0xf01fa4b7) x 9 0xf01fa000
core   0: 0x80004ed8 (0x0000935a) c.add   t1, s6
core   0: 3 0x80004ed8 (0x935a) x 6 0x000007fd
core   0: 0x80004eda (0x40a4d193) srai    gp, s1, 10
core   0: 3 0x80004eda (0x40a4d193) x 3 0xfffc07e8
core   0: 0x80004ede (0x00008f4d) c.or    a4, a1
core   0: 3 0x80004ede (0x8f4d) x14 0x00000001
core   0: 0x80004ee0 (0x03735e63) bge     t1, s7, pc + 60
core   0: 3 0x80004ee0 (0x03735e63)
core   0: 0x80004f1c (0x004e1a63) bne     t3, tp, pc + 20
core   0: 3 0x80004f1c (0x004e1a63)
core   0: 0x80004f30 (0x51dcf813) andi    a6, s9, 1309
core   0: 3 0x80004f30 (0x51dcf813) x16 0x00000004
core   0: 0x80004f34 (0x0ff0000f) fence   iorw,iorw
core   0: 3 0x80004f34 (0x0ff0000f)
core   0: 0x80004f38 (0x0000e721) c.bnez  a4, pc + 72
core   0: 3 0x80004f38 (0xe721)
core   0: 0x80004f80 (0x02415a63) bge     sp, tp, pc + 52
core   0: 3 0x80004f80 (0x02415a63)
core   0: 0x80004fb4 (0x00008f0d) c.sub   a4, a1
core   0: 3 0x80004fb4 (0x8f0d) x14 0x00000000
core   0: 0x80004fb6 (0x0000100f) fence.i
core   0: 3 0x80004fb6 (0x0000100f)
core   0: 0x80004fba (0x00008791) c.srai  a5, 4
core   0: 3 0x80004fba (0x8791) x15 0xffffffff
core   0: 0x80004fbc (0x000091a2) c.add   gp, s0
core   0: 3 0x80004fbc (0x91a2) x 3 0x7ffe361b
core   0: 0x80004fbe (0x0000100f) fence.i
core   0: 3 0x80004fbe (0x0000100f)
core   0: 0x80004fc2 (0x01141cb3) sll     s9, s0, a7
core   0: 3 0x80004fc2 (0x01141cb3) x25 0x66000000
core   0: 0x80004fc6 (0x795c3f93) sltiu   t6, s8, 1941
core   0: 3 0x80004fc6 (0x795c3f93) x31 0x00000001
core   0: 0x80004fca (0x01881cb3) sll     s9, a6, s8
core   0: 3 0x80004fca (0x01881cb3) x25 0x00080000
core   0: 0x80004fce (0x0000e0b9) c.bnez  s1, pc + 70
core   0: 3 0x80004fce (0xe0b9)
core   0: 0x80005014 (0x021ba133) mulhsu  sp, s7, ra
core   0: 3 0x80005014 (0x021ba133) x 2 0xfffffff6
core   0: 0x80005018 (0x00000001) c.nop
core   0: 3 0x80005018 (0x0001)
core   0: 0x8000501a (0x02a7c133) div     sp, a5, a0
core   0: 3 0x8000501a (0x02a7c133) x 2 0xffffffff
core   0: 0x8000501e (0x76d22893) slti    a7, tp, 1901
core   0: 3 0x8000501e (0x76d22893) x17 0x00000001
core   0: 0x80005022 (0x03c11933) mulh    s2, sp, t3
core   0: 3 0x80005022 (0x03c11933) x18 0x00000000
core   0: 0x80005026 (0x0339a9b3) mulhsu  s3, s3, s3
core   0: 3 0x80005026 (0x0339a9b3) x19 0xc373e61c
core   0: 0x8000502a (0x037a7c63) bgeu    s4, s7, pc + 56
core   0: 3 0x8000502a (0x037a7c63)
core   0: 0x8000502e (0x00008d25) c.xor   a0, s1
core   0: 3 0x8000502e (0x8d25) x10 0xf01fa000
core   0: 0x80005030 (0x407f8733) sub     a4, t6, t2
core   0: 3 0x80005030 (0x407f8733) x14 0x00000001
core   0: 0x80005034 (0x03aefb63) bgeu    t4, s10, pc + 54
core   0: 3 0x80005034 (0x03aefb63)
core   0: 0x8000506a (0x40390133) sub     sp, s2, gp
core   0: 3 0x8000506a (0x40390133) x 2 0x8001c9e5
core   0: 0x8000506e (0x00000001) c.nop
core   0: 3 0x8000506e (0x0001)
core   0: 0x80005070 (0xce4803b7) lui     t2, 0xce480
core   0: 3 0x80005070 (0xce4803b7) x 7 0xce480000
core   0: 0x80005074 (0x0000c329) c.beqz  a4, pc + 66
core   0: 3 0x80005074 (0xc329)
core   0: 0x80005076 (0x0254cb33) div     s6, s1, t0
core   0: 3 0x80005076 (0x0254cb33) x22 0xffff01fa
core   0: 0x8000507a (0x00008ea9) c.xor   a3, a0
core   0: 3 0x8000507a (0x8ea9) x13 0xf01fa69f
core   0: 0x8000507c (0x00000001) c.nop
core   0: 3 0x8000507c (0x0001)
core   0: 0x8000507e (0x031593b3) mulh    t2, a1, a7
core   0: 3 0x8000507e (0x031593b3) x 7 0x00000000
core   0: 0x80005082 (0x01e481b3) add     gp, s1, t5
core   0: 3 0x80005082 (0x01e481b3) x 3 0xf01fa001
core   0: 0x80005086 (0x000043c5) c.li    t2, 17
core   0: 3 0x80005086 (0x43c5) x 7 0x00000011
core   0: 0x80005088 (0xe433e997) auipc   s3, 0xe433e
core   0: 3 0x80005088 (0xe433e997) x19 0x64343088
core   0: 0x8000508c (0xdfdf0d93) addi    s11, t5, -515
core   0: 3 0x8000508c (0xdfdf0d93) x27 0xfffffdfe
core   0: 0x80005090 (0x0ff0000f) fence   iorw,iorw
core   0: 3 0x80005090 (0x0ff0000f)
core   0: 0x80005094 (0x00001910) c.addi4spn a2, sp, 176
core   0: 3 0x80005094 (0x1910) x12 0x8001ca95
core   0: 0x80005096 (0x1c248093) addi    ra, s1, 450
core   0: 3 0x80005096 (0x1c248093) x 1 0xf01fa1c2
core   0: 0x8000509a (0x000063d1) c.lui   t2, 0x14
core   0: 3 0x8000509a (0x63d1) x 7 0x00014000
core   0: 0x8000509c (0x02ed9533) mulh    a0, s11, a4
core   0: 3 0x8000509c (0x02ed9533) x10 0xffffffff
core   0: 0x800050a0 (0x03f81ab3) mulh    s5, a6, t6
core   0: 3 0x800050a0 (0x03f81ab3) x21 0x00000000
core   0: 0x800050a4 (0xda1de213) ori     tp, s11, -607
core   0: 3 0x800050a4 (0xda1de213) x 4 0xfffffdff
core   0: 0x800050a8 (0x02a8c363) blt     a7, a0, pc + 38
core   0: 3 0x800050a8 (0x02a8c363)
core   0: 0x800050ac (0x00008c65) c.and   s0, s1
core   0: 3 0x800050ac (0x8c65) x 8 0x80022000
core   0: 0x800050ae (0x41790b33) sub     s6, s2, s7
core   0: 3 0x800050ae (0x41790b33) x22 0x7ffd931c
core   0: 0x800050b2 (0xab157013) andi    zero, a0, -1359
core   0: 3 0x800050b2 (0xab157013)
core   0: 0x800050b6 (0x01a007b3) add     a5, zero, s10
core   0: 3 0x800050b6 (0x01a007b3) x15 0x00000000
core   0: 0x800050ba (0x00cd0333) add     t1, s10, a2
core   0: 3 0x800050ba (0x00cd0333) x 6 0x8001ca95
core   0: 0x800050be (0x00008651) c.srai  a2, 20
core   0: 3 0x800050be (0x8651) x12 0xfffff800
core   0: 0x800050c0 (0x00000001) c.nop
core   0: 3 0x800050c0 (0x0001)
core   0: 0x800050c2 (0xb2a6fa93) andi    s5, a3, -1238
core   0: 3 0x800050c2 (0xb2a6fa93) x21 0xf01fa20a
core   0: 0x800050c6 (0x006683b3) add     t2, a3, t1
core   0: 3 0x800050c6 (0x006683b3) x 7 0x70217134
core   0: 0x800050ca (0x8f62cc13) xori    s8, t0, -1802
core   0: 3 0x800050ca (0x8f62cc13) x24 0xffffe8f6
core   0: 0x800050ce (0x000085c9) c.srai  a1, 18
core   0: 3 0x800050ce (0x85c9) x11 0x00000000
core   0: 0x800050d0 (0x4155dc93) srai    s9, a1, 21
core   0: 3 0x800050d0 (0x4155dc93) x25 0x00000000
core   0: 0x800050d4 (0x03590333) mul     t1, s2, s5
core   0: 3 0x800050d4 (0x03590333) x 6 0x00000000
core   0: 0x800050d8 (0xad7a7b13) andi    s6, s4, -1321
core   0: 3 0x800050d8 (0xad7a7b13) x22 0x80000000
core   0: 0x800050dc (0x00008ce1) c.and   s1, s0
core   0: 3 0x800050dc (0x8ce1) x 9 0x80022000
core   0: 0x800050de (0x000aa9b3) slt     s3, s5, zero
core   0: 3 0x800050de (0x000aa9b3) x19 0x00000001
core   0: 0x800050e2 (0x00006115) c.addi16sp sp, 288
core   0: 3 0x800050e2 (0x6115) x 2 0x8001cb05
core   0: 0x800050e4 (0x18bd2593) slti    a1, s10, 395
core   0: 3 0x800050e4 (0x18bd2593) x11 0x00000001
core   0: 0x800050e8 (0x00001284) c.addi4spn s1, sp, 352
core   0: 3 0x800050e8 (0x1284) x 9 0x8001cc65
core   0: 0x800050ea (0x03d5beb3) mulhu   t4, a1, t4
core   0: 3 0x800050ea (0x03d5beb3) x29 0x00000000
core   0: 0x800050ee (0x0129d633) srl     a2, s3, s2
core   0: 3 0x800050ee (0x0129d633) x12 0x00000001
core   0: 0x800050f2 (0x00f94a63) blt     s2, a5, pc + 20
core   0: 3 0x800050f2 (0x00f94a63)
core   0: 0x800050f6 (0x0212cb33) div     s6, t0, ra
core   0: 3 0x800050f6 (0x0212cb33) x22 0x00000000
core   0: 0x800050fa (0x030f0763) beq     t5, a6, pc + 46
core   0: 3 0x800050fa (0x030f0763)
core   0: 0x800050fe (0x021db9b3) mulhu   s3, s11, ra
core   0: 3 0x800050fe (0x021db9b3) x19 0xf01f9fdf
core   0: 0x80005102 (0x02087963) bgeu    a6, zero, pc + 50
core   0: 3 0x80005102 (0x02087963)
core   0: 0x80005134 (0x00008d49) c.or    a0, a0
core   0: 3 0x80005134 (0x8d49) x10 0xffffffff
core   0: 0x80005136 (0x000096f6) c.add   a3, t4
core   0: 3 0x80005136 (0x96f6) x13 0xf01fa69f
core   0: 0x80005138 (0x000d9c93) slli    s9, s11, 0
core   0: 3 0x80005138 (0x000d9c93) x25 0xfffffdfe
core   0: 0x8000513c (0x00008289) c.srli  a3, 2
core   0: 3 0x8000513c (0x8289) x13 0x3c07e9a7
core   0: 0x8000513e (0x03dfd133) divu    sp, t6, t4
core   0: 3 0x8000513e (0x03dfd133) x 2 0xffffffff
core   0: 0x80005142 (0x417ad393) srai    t2, s5, 23
core   0: 3 0x80005142 (0x417ad393) x 7 0xffffffe0
core   0: 0x80005146 (0xe0278f13) addi    t5, a5, -510
core   0: 3 0x80005146 (0xe0278f13) x30 0xfffffe02
core   0: 0x8000514a (0x00000001) c.nop
core   0: 3 0x8000514a (0x0001)
core   0: 0x8000514c (0x0224f263) bgeu    s1, sp, pc + 36
core   0: 3 0x8000514c (0x0224f263)
core   0: 0x80005150 (0x033acb33) div     s6, s5, s3
core   0: 3 0x80005150 (0x033acb33) x22 0x00000000
core   0: 0x80005154 (0x03bc4963) blt     s8, s11, pc + 50
core   0: 3 0x80005154 (0x03bc4963)
core   0: 0x80005186 (0x03e06233) rem     tp, zero, t5
core   0: 3 0x80005186 (0x03e06233) x 4 0x00000000
core   0: 0x8000518a (0x0000c391) c.beqz  a5, pc + 4
core   0: 3 0x8000518a (0xc391)
core   0: 0x8000518e (0x1770a913) slti    s2, ra, 375
core   0: 3 0x8000518e (0x1770a913) x18 0x00000001
core   0: 0x80005192 (0x03c975b3) remu    a1, s2, t3
core   0: 3 0x80005192 (0x03c975b3) x11 0x00000001
core   0: 0x80005196 (0x90652f93) slti    t6, a0, -1786
core   0: 3 0x80005196 (0x90652f93) x31 0x00000000
core   0: 0x8000519a (0x038c4033) div     zero, s8, s8
core   0: 3 0x8000519a (0x038c4033)
core   0: 0x8000519e (0x017f5c13) srli    s8, t5, 23
core   0: 3 0x8000519e (0x017f5c13) x24 0x000001ff
core   0: 0x800051a2 (0xdfa62713) slti    a4, a2, -518
core   0: 3 0x800051a2 (0xdfa62713) x14 0x00000000
core   0: 0x800051a6 (0x02a25333) divu    t1, tp, a0
core   0: 3 0x800051a6 (0x02a25333) x 6 0x00000000
core   0: 0x800051aa (0x04de5263) bge     t3, a3, pc + 68
core   0: 3 0x800051aa (0x04de5263)
core   0: 0x800051ae (0x00588633) add     a2, a7, t0
core   0: 3 0x800051ae (0x00588633) x12 0x00001001
core   0: 0x800051b2 (0x03a6b833) mulhu   a6, a3, s10
core   0: 3 0x800051b2 (0x03a6b833) x16 0x00000000
core   0: 0x800051b6 (0x00001514) c.addi4spn a3, sp, 672
core   0: 3 0x800051b6 (0x1514) x13 0x0000029f
core   0: 0x800051b8 (0x02b4a433) mulhsu  s0, s1, a1
core   0: 3 0x800051b8 (0x02b4a433) x 8 0xffffffff
core   0: 0x800051bc (0x0000089c) c.addi4spn a5, sp, 80
core   0: 3 0x800051bc (0x089c) x15 0x0000004f
core   0: 0x800051be (0x00ccefb3) or      t6, s9, a2
core   0: 3 0x800051be (0x00ccefb3) x31 0xfffffdff
core   0: 0x800051c2 (0x0000100f) fence.i
core   0: 3 0x800051c2 (0x0000100f)
core   0: 0x800051c6 (0x00008d51) c.or    a0, a2
core   0: 3 0x800051c6 (0x8d51) x10 0xffffffff
core   0: 0x800051c8 (0x00008f11) c.sub   a4, a2
core   0: 3 0x800051c8 (0x8f11) x14 0xffffefff
core   0: 0x800051ca (0x03eae263) bltu    s5, t5, pc + 36
core   0: 3 0x800051ca (0x03eae263)
core   0: 0x800051ee (0x00008cc5) c.or    s1, s1
core   0: 3 0x800051ee (0x8cc5) x 9 0x8001cc65
core   0: 0x800051f0 (0x40c86893) ori     a7, a6, 1036
core   0: 3 0x800051f0 (0x40c86893) x17 0x0000040c
core   0: 0x800051f4 (0x00000ab9) c.addi  s5, 14
core   0: 3 0x800051f4 (0x0ab9) x21 0xf01fa218
core   0: 0x800051f6 (0x0000100f) fence.i
core   0: 3 0x800051f6 (0x0000100f)
core   0: 0x800051fa (0x02f15533) divu    a0, sp, a5
core   0: 3 0x800051fa (0x02f15533) x10 0x033d91d2
core   0: 0x800051fe (0x00000f10) c.addi4spn a2, sp, 912
core   0: 3 0x800051fe (0x0f10) x12 0x0000038f
core   0: 0x80005200 (0x0000717d) c.addi16sp sp, -16
core   0: 3 0x80005200 (0x717d) x 2 0xffffffef
core   0: 0x80005202 (0x00005f7d) c.li    t5, -1
core   0: 3 0x80005202 (0x5f7d) x30 0xffffffff
core   0: 0x80005204 (0x0000717d) c.addi16sp sp, -16
core   0: 3 0x80005204 (0x717d) x 2 0xffffffdf
core   0: 0x80005206 (0x3cd36193) ori     gp, t1, 973
core   0: 3 0x80005206 (0x3cd36193) x 3 0x000003cd
core   0: 0x8000520a (0x010dc5b3) xor     a1, s11, a6
core   0: 3 0x8000520a (0x010dc5b3) x11 0xfffffdfe
core   0: 0x8000520e (0x0000918e) c.add   gp, gp
core   0: 3 0x8000520e (0x918e) x 3 0x0000079a
core   0: 0x80005210 (0x0ff0000f) fence   iorw,iorw
core   0: 3 0x80005210 (0x0ff0000f)
core   0: 0x80005214 (0x416adcb3) sra     s9, s5, s6
core   0: 3 0x80005214 (0x416adcb3) x25 0xf01fa218
core   0: 0x80005218 (0xc17ab393) sltiu   t2, s5, -1001
core   0: 3 0x80005218 (0xc17ab393) x 7 0x00000001
core   0: 0x8000521c (0x007ce6b3) or      a3, s9, t2
core   0: 3 0x8000521c (0x007ce6b3) x13 0xf01fa219
core   0: 0x80005220 (0x000085b5) c.srai  a1, 13
core   0: 3 0x80005220 (0x85b5) x11 0xffffffff
core   0: 0x80005222 (0x00241613) slli    a2, s0, 2
core   0: 3 0x80005222 (0x00241613) x12 0xfffffffc
core   0: 0x80005226 (0x00009556) c.add   a0, s5
core   0: 3 0x80005226 (0x9556) x10 0xf35d33ea
core   0: 0x80005228 (0x006072b3) and     t0, zero, t1
core   0: 3 0x80005228 (0x006072b3) x 5 0x00000000
core   0: 0x8000522c (0x0370eeb3) rem     t4, ra, s7
core   0: 3 0x8000522c (0x0370eeb3) x29 0xf01fa1c2
core   0: 0x80005230 (0x00bb9813) slli    a6, s7, 11
core   0: 3 0x80005230 (0x00bb9813) x16 0x13672000
core   0: 0x80005234 (0x03d744b3) div     s1, a4, t4
core   0: 3 0x80005234 (0x03d744b3) x 9 0x00000000
core   0: 0x80005238 (0x06b12713) slti    a4, sp, 107
core   0: 3 0x80005238 (0x06b12713) x14 0x00000001
core   0: 0x8000523c (0x2fe16513) ori     a0, sp, 766
core   0: 3 0x8000523c (0x2fe16513) x10 0xffffffff
core   0: 0x80005240 (0x00008d65) c.and   a0, s1
core   0: 3 0x80005240 (0x8d65) x10 0x00000000
core   0: 0x80005242 (0x029677b3) remu    a5, a2, s1
core   0: 3 0x80005242 (0x029677b3) x15 0xfffffffc
core   0: 0x80005246 (0x01279d33) sll     s10, a5, s2
core   0: 3 0x80005246 (0x01279d33) x26 0xfffffff8
core   0: 0x8000524a (0x0000547d) c.li    s0, -1
core   0: 3 0x8000524a (0x547d) x 8 0xffffffff
core   0: 0x8000524c (0x032673b3) remu    t2, a2, s2
core   0: 3 0x8000524c (0x032673b3) x 7 0x00000000
core   0: 0x80005250 (0x007d87b3) add     a5, s11, t2
core   0: 3 0x80005250 (0x007d87b3) x15 0xfffffdfe
core   0: 0x80005254 (0x012c5113) srli    sp, s8, 18
core   0: 3 0x80005254 (0x012c5113) x 2 0x00000000
core   0: 0x80005258 (0x0059f863) bgeu    s3, t0, pc + 16
core   0: 3 0x80005258 (0x0059f863)
core   0: 0x80005268 (0x00008f75) c.and   a4, a3
core   0: 3 0x80005268 (0x8f75) x14 0x00000001
core   0: 0x8000526a (0x00e868b3) or      a7, a6, a4
core   0: 3 0x8000526a (0x00e868b3) x17 0x13672001
core   0: 0x8000526e (0x000002c1) c.addi  t0, 16
core   0: 3 0x8000526e (0x02c1) x 5 0x00000010
core   0: 0x80005270 (0x00505013) srli    zero, zero, 5
core   0: 3 0x80005270 (0x00505013)
core   0: 0x80005274 (0x000092f6) c.add   t0, t4
core   0: 3 0x80005274 (0x92f6) x 5 0xf01fa1d2
core   0: 0x80005276 (0x01a05693) srli    a3, zero, 26
core   0: 3 0x80005276 (0x01a05693) x13 0x00000000
core   0: 0x8000527a (0x014ba033) slt     zero, s7, s4
core   0: 3 0x8000527a (0x014ba033)
core   0: 0x8000527e (0x03df76b3) remu    a3, t5, t4
core   0: 3 0x8000527e (0x03df76b3) x13 0x0fe05e3d
core   0: 0x80005282 (0x00000001) c.nop
core   0: 3 0x80005282 (0x0001)
core   0: 0x80005284 (0xd64d8337) lui     t1, 0xd64d8
core   0: 3 0x80005284 (0xd64d8337) x 6 0xd64d8000
core   0: 0x80005288 (0x64574fb7) lui     t6, 0x64574
core   0: 3 0x80005288 (0x64574fb7) x31 0x64574000
core   0: 0x8000528c (0x00000752) c.slli  a4, 20
core   0: 3 0x8000528c (0x0752) x14 0x00100000
core   0: 0x8000528e (0x03311933) mulh    s2, sp, s3
core   0: 3 0x8000528e (0x03311933) x18 0x00000000
core   0: 0x80005292 (0x0000090a) c.slli  s2, 2
core   0: 3 0x80005292 (0x090a) x18 0x00000000
core   0: 0x80005294 (0x009c9713) slli    a4, s9, 9
core   0: 3 0x80005294 (0x009c9713) x14 0x3f443000
core   0: 0x80005298 (0x00d8f433) and     s0, a7, a3
core   0: 3 0x80005298 (0x00d8f433) x 8 0x03600001
core   0: 0x8000529c (0x0000577d) c.li    a4, -1
core   0: 3 0x8000529c (0x577d) x14 0xffffffff
core   0: 0x8000529e (0x00008da9) c.xor   a1, a0
core   0: 3 0x8000529e (0x8da9) x11 0xffffffff
core   0: 0x800052a0 (0x000053fd) c.li    t2, -1
core   0: 3 0x800052a0 (0x53fd) x 7 0xffffffff
core   0: 0x800052a2 (0x00008111) c.srli  a0, 4
core   0: 3 0x800052a2 (0x8111) x10 0x00000000
core   0: 0x800052a4 (0x008d1613) slli    a2, s10, 8
core   0: 3 0x800052a4 (0x008d1613) x12 0xfffff800
core   0: 0x800052a8 (0x03dd5d33) divu    s10, s10, t4
core   0: 3 0x800052a8 (0x03dd5d33) x26 0x00000001
core   0: 0x800052ac (0x60427993) andi    s3, tp, 1540
core   0: 3 0x800052ac (0x60427993) x19 0x00000000
core   0: 0x800052b0 (0x00000001) c.nop
core   0: 3 0x800052b0 (0x0001)
core   0: 0x800052b2 (0x01b932b3) sltu    t0, s2, s11
core   0: 3 0x800052b2 (0x01b932b3) x 5 0x00000001
core   0: 0x800052b6 (0x000004d2) c.slli  s1, 20
core   0: 3 0x800052b6 (0x04d2) x 9 0x00000000
core   0: 0x800052b8 (0x018f10b3) sll     ra, t5, s8
core   0: 3 0x800052b8 (0x018f10b3) x 1 0x80000000
core   0: 0x800052bc (0x00000001) c.nop
core   0: 3 0x800052bc (0x0001)
core   0: 0x800052be (0x03820233) mul     tp, tp, s8
core   0: 3 0x800052be (0x03820233) x 4 0x00000000
core   0: 0x800052c2 (0x00a65f93) srli    t6, a2, 10
core   0: 3 0x800052c2 (0x00a65f93) x31 0x003ffffe
core   0: 0x800052c6 (0x5d97a193) slti    gp, a5, 1497
core   0: 3 0x800052c6 (0x5d97a193) x 3 0x00000001
core   0: 0x800052ca (0x019489b3) add     s3, s1, s9
core   0: 3 0x800052ca (0x019489b3) x19 0xf01fa218
core   0: 0x800052ce (0xdd44e413) ori     s0, s1, -556
core   0: 3 0x800052ce (0xdd44e413) x 8 0xfffffdd4
core   0: 0x800052d2 (0x00008f2d) c.xor   a4, a1
core   0: 3 0x800052d2 (0x8f2d) x14 0x00000000
core   0: 0x800052d4 (0x01f31b13) slli    s6, t1, 31
core   0: 3 0x800052d4 (0x01f31b13) x22 0x00000000
core   0: 0x800052d8 (0x0000100f) fence.i
core   0: 3 0x800052d8 (0x0000100f)
core   0: 0x800052dc (0x00006825) c.lui   a6, 0x9
core   0: 3 0x800052dc (0x6825) x16 0x00009000
core   0: 0x800052de (0x059c9063) bne     s9, s9, pc + 64
core   0: 3 0x800052de (0x059c9063)
core   0: 0x800052e2 (0x224a3813) sltiu   a6, s4, 548
core   0: 3 0x800052e2 (0x224a3813) x16 0x00000000
core   0: 0x800052e6 (0x40615733) sra     a4, sp, t1
core   0: 3 0x800052e6 (0x40615733) x14 0x00000000
core   0: 0x800052ea (0x0000877d) c.srai  a4, 31
core   0: 3 0x800052ea (0x877d) x14 0x00000000
core   0: 0x800052ec (0x02f60863) beq     a2, a5, pc + 48
core   0: 3 0x800052ec (0x02f60863)
core   0: 0x800052f0 (0x0ff0000f) fence   iorw,iorw
core   0: 3 0x800052f0 (0x0ff0000f)
core   0: 0x800052f4 (0x00006811) c.lui   a6, 0x4
core   0: 3 0x800052f4 (0x6811) x16 0x00004000
core   0: 0x800052f6 (0x021c2cb3) mulhsu  s9, s8, ra
core   0: 3 0x800052f6 (0x021c2cb3) x25 0x000000ff
core   0: 0x800052fa (0x000083b9) c.srli  a5, 14
core   0: 3 0x800052fa (0x83b9) x15 0x0003ffff
core   0: 0x800052fc (0x0000047d) c.addi  s0, 31
core   0: 3 0x800052fc (0x047d) x 8 0xfffffdf3
core   0: 0x800052fe (0x050c8363) beq     s9, a6, pc + 70
core   0: 3 0x800052fe (0x050c8363)
core   0: 0x80005302 (0xb1a4c213) xori    tp, s1, -1254
core   0: 3 0x80005302 (0xb1a4c213) x 4 0xfffffb1a
core   0: 0x80005306 (0x1de63217) auipc   tp, 0x1de63
core   0: 3 0x80005306 (0x1de63217) x 4 0x9de68306
core   0: 0x8000530a (0x03cf4c33) div     s8, t5, t3
core   0: 3 0x8000530a (0x03cf4c33) x24 0x00000000
core   0: 0x8000530e (0x03e24863) blt     tp, t5, pc + 48
core   0: 3 0x8000530e (0x03e24863)
core   0: 0x8000533e (0x00009a7d) c.andi  a2, -1
core   0: 3 0x8000533e (0x9a7d) x12 0xfffff800
core   0: 0x80005340 (0x01a3ec33) or      s8, t2, s10
core   0: 3 0x80005340 (0x01a3ec33) x24 0xffffffff
core   0: 0x80005344 (0x00008b91) c.andi  a5, 4
core   0: 3 0x80005344 (0x8b91) x15 0x00000004
core   0: 0x80005346 (0x00001894) c.addi4spn a3, sp, 112
core   0: 3 0x80005346 (0x1894) x13 0x00000070
core   0: 0x80005348 (0x001468b3) or      a7, s0, ra
core   0: 3 0x80005348 (0x001468b3) x17 0xfffffdf3
core   0: 0x8000534c (0xe1bdec13) ori     s8, s11, -485
core   0: 3 0x8000534c (0xe1bdec13) x24 0xffffffff
core   0: 0x80005350 (0x00000001) c.nop
core   0: 3 0x80005350 (0x0001)
core   0: 0x80005352 (0x0208dd63) bgez    a7, pc + 58
core   0: 3 0x80005352 (0x0208dd63)
core   0: 0x80005356 (0x00cd13b3) sll     t2, s10, a2
core   0: 3 0x80005356 (0x00cd13b3) x 7 0x00000001
core   0: 0x8000535a (0x025ba233) mulhsu  tp, s7, t0
core   0: 3 0x8000535a (0x025ba233) x 4 0xffffffff
core   0: 0x8000535e (0x00008a59) c.andi  a2, 22
core   0: 3 0x8000535e (0x8a59) x12 0x00000000
core   0: 0x80005360 (0x01486b63) bltu    a6, s4, pc + 22
core   0: 3 0x80005360 (0x01486b63)
core   0: 0x80005376 (0x0064a4b3) slt     s1, s1, t1
core   0: 3 0x80005376 (0x0064a4b3) x 9 0x00000000
core   0: 0x8000537a (0x00001184) c.addi4spn s1, sp, 224
core   0: 3 0x8000537a (0x1184) x 9 0x000000e0
core   0: 0x8000537c (0x40a55d13) srai    s10, a0, 10
core   0: 3 0x8000537c (0x40a55d13) x26 0x00000000
core   0: 0x80005380 (0x00a61663) bne     a2, a0, pc + 12
core   0: 3 0x80005380 (0x00a61663)
core   0: 0x80005384 (0xd22ab013) sltiu   zero, s5, -734
core   0: 3 0x80005384 (0xd22ab013)
core   0: 0x80005388 (0x0033e1b3) or      gp, t2, gp
core   0: 3 0x80005388 (0x0033e1b3) x 3 0x00000001
core   0: 0x8000538c (0x0000843d) c.srai  s0, 15
core   0: 3 0x8000538c (0x843d) x 8 0xffffffff
core   0: 0x8000538e (0x00008f36) c.mv    t5, a3
core   0: 3 0x8000538e (0x8f36) x30 0x00000070
core   0: 0x80005390 (0x0000577d) c.li    a4, -1
core   0: 3 0x80005390 (0x577d) x14 0xffffffff
core   0: 0x80005392 (0x01a91963) bne     s2, s10, pc + 18
core   0: 3 0x80005392 (0x01a91963)
core   0: 0x80005396 (0x006d9db3) sll     s11, s11, t1
core   0: 3 0x80005396 (0x006d9db3) x27 0xfffffdfe
core   0: 0x8000539a (0x05671363) bne     a4, s6, pc + 70
core   0: 3 0x8000539a (0x05671363)
core   0: 0x800053e0 (0x6e654413) xori    s0, a0, 1766
core   0: 3 0x800053e0 (0x6e654413) x 8 0x000006e6
core   0: 0x800053e4 (0x00000c89) c.addi  s9, 2
core   0: 3 0x800053e4 (0x0c89) x25 0x00000101
core   0: 0x800053e6 (0x003b50b3) srl     ra, s6, gp
core   0: 3 0x800053e6 (0x003b50b3) x 1 0x00000000
core   0: 0x800053ea (0x01fd5113) srli    sp, s10, 31
core   0: 3 0x800053ea (0x01fd5113) x 2 0x00000000
core   0: 0x800053ee (0x014e1f93) slli    t6, t3, 20
core   0: 3 0x800053ee (0x014e1f93) x31 0xe3400000
core   0: 0x800053f2 (0x000081a9) c.srli  a1, 10
core   0: 3 0x800053f2 (0x81a9) x11 0x003fffff
core   0: 0x800053f4 (0x9ba6a313) slti    t1, a3, -1606
core   0: 3 0x800053f4 (0x9ba6a313) x 6 0x00000000
core   0: 0x800053f8 (0x015bd413) srli    s0, s7, 21
core   0: 3 0x800053f8 (0x015bd413) x 8 0x00000400
core   0: 0x800053fc (0x00000710) c.addi4spn a2, sp, 896
core   0: 3 0x800053fc (0x0710) x12 0x00000380
core   0: 0x800053fe (0x01d71633) sll     a2, a4, t4
core   0: 3 0x800053fe (0x01d71633) x12 0xfffffffc
core   0: 0x80005402 (0x00b9efb3) or      t6, s3, a1
core   0: 3 0x80005402 (0x00b9efb3) x31 0xf03fffff
core   0: 0x80005406 (0x40b754b3) sra     s1, a4, a1
core   0: 3 0x80005406 (0x40b754b3) x 9 0xffffffff
core   0: 0x8000540a (0x52fee097) auipc   ra, 0x52fee
core   0: 3 0x8000540a (0x52fee097) x 1 0xd2ff340a
core   0: 0x8000540e (0x01c63133) sltu    sp, a2, t3
core   0: 3 0x8000540e (0x01c63133) x 2 0x00000000
core   0: 0x80005412 (0x008fdab3) srl     s5, t6, s0
core   0: 3 0x80005412 (0x008fdab3) x21 0xf03fffff
core   0: 0x80005416 (0x02ad3eb3) mulhu   t4, s10, a0
core   0: 3 0x80005416 (0x02ad3eb3) x29 0x00000000
core   0: 0x8000541a (0x00008059) c.srli  s0, 22
core   0: 3 0x8000541a (0x8059) x 8 0x00000000
core   0: 0x8000541c (0x00006611) c.lui   a2, 0x4
core   0: 3 0x8000541c (0x6611) x12 0x00004000
core   0: 0x8000541e (0x00c515b3) sll     a1, a0, a2
core   0: 3 0x8000541e (0x00c515b3) x11 0x00000000
core   0: 0x80005422 (0x0000e409) c.bnez  s0, pc + 10
core   0: 3 0x80005422 (0xe409)
core   0: 0x80005424 (0x001ac633) xor     a2, s5, ra
core   0: 3 0x80005424 (0x001ac633) x12 0x22c0cbf5
core   0: 0x80005428 (0x866c2893) slti    a7, s8, -1946
core   0: 3 0x80005428 (0x866c2893) x17 0x00000000
core   0: 0x8000542c (0x6364e997) auipc   s3, 0x6364e
core   0: 3 0x8000542c (0x6364e997) x19 0xe365342c
core   0: 0x80005430 (0x328ffb13) andi    s6, t6, 808
core   0: 3 0x80005430 (0x328ffb13) x22 0x00000328
core   0: 0x80005434 (0x00008da9) c.xor   a1, a0
core   0: 3 0x80005434 (0x8da9) x11 0x00000000
core   0: 0x80005436 (0x016aea63) bltu    s5, s6, pc + 20
core   0: 3 0x80005436 (0x016aea63)
core   0: 0x8000543a (0x00a7d093) srli    ra, a5, 10
core   0: 3 0x8000543a (0x00a7d093) x 1 0x00000000
core   0: 0x8000543e (0x02b45763) bge     s0, a1, pc + 46
core   0: 3 0x8000543e (0x02b45763)
core   0: 0x8000546c (0x5cf8b013) sltiu   zero, a7, 1487
core   0: 3 0x8000546c (0x5cf8b013)
core   0: 0x80005470 (0x00009a7d) c.andi  a2, -1
core   0: 3 0x80005470 (0x9a7d) x12 0x22c0cbf5
core   0: 0x80005472 (0x02c65633) divu    a2, a2, a2
core   0: 3 0x80005472 (0x02c65633) x12 0x00000001
core   0: 0x80005476 (0x0000e319) c.bnez  a4, pc + 6
core   0: 3 0x80005476 (0xe319)
core   0: 0x8000547c (0x0098db13) srli    s6, a7, 9
core   0: 3 0x8000547c (0x0098db13) x22 0x00000000
core   0: 0x80005480 (0x012a9d13) slli    s10, s5, 18
core   0: 3 0x80005480 (0x012a9d13) x26 0xfffc0000
core   0: 0x80005484 (0x06683113) sltiu   sp, a6, 102
core   0: 3 0x80005484 (0x06683113) x 2 0x00000000
core   0: 0x80005488 (0x0000052e) c.slli  a0, 11
core   0: 3 0x80005488 (0x052e) x10 0x00000000
core   0: 0x8000548a (0x01204363) blt     zero, s2, pc + 6
core   0: 3 0x8000548a (0x01204363)
core   0: 0x8000548e (0x00008f55) c.or    a4, a3
core   0: 3 0x8000548e (0x8f55) x14 0xffffffff
core   0: 0x80005490 (0x000019fd) c.addi  s3, -1
core   0: 3 0x80005490 (0x19fd) x19 0xe365342b
core   0: 0x80005492 (0x00008c99) c.sub   s1, a4
core   0: 3 0x80005492 (0x8c99) x 9 0x00000000
core   0: 0x80005494 (0x3062a713) slti    a4, t0, 774
core   0: 3 0x80005494 (0x3062a713) x14 0x00000001
core   0: 0x80005498 (0x00006911) c.lui   s2, 0x4
core   0: 3 0x80005498 (0x6911) x18 0x00004000
core   0: 0x8000549a (0x0ff0000f) fence   iorw,iorw
core   0: 3 0x8000549a (0x0ff0000f)
core   0: 0x8000549e (0x0000717d) c.addi16sp sp, -16
core   0: 3 0x8000549e (0x717d) x 2 0xfffffff0
core   0: 0x800054a0 (0x40ecd513) srai    a0, s9, 14
core   0: 3 0x800054a0 (0x40ecd513) x10 0x00000000
core   0: 0x800054a4 (0x03375133) divu    sp, a4, s3
core   0: 3 0x800054a4 (0x03375133) x 2 0x00000000
core   0: 0x800054a8 (0x029168b3) rem     a7, sp, s1
core   0: 3 0x800054a8 (0x029168b3) x17 0x00000000
core   0: 0x800054ac (0x74357f93) andi    t6, a0, 1859
core   0: 3 0x800054ac (0x74357f93) x31 0x00000000
core   0: 0x800054b0 (0x000092de) c.add   t0, s7
core   0: 3 0x800054b0 (0x92de) x 5 0x80026ce5
core   0: 0x800054b2 (0x00008355) c.srli  a4, 21
core   0: 3 0x800054b2 (0x8355) x14 0x00000000
core   0: 0x800054b4 (0x000086fd) c.srai  a3, 31
core   0: 3 0x800054b4 (0x86fd) x13 0x00000000
core   0: 0x800054b6 (0x01d572b3) and     t0, a0, t4
core   0: 3 0x800054b6 (0x01d572b3) x 5 0x00000000
core   0: 0x800054ba (0x03367963) bgeu    a2, s3, pc + 50
core   0: 3 0x800054ba (0x03367963)
core   0: 0x800054be (0x01d09d93) slli    s11, ra, 29
core   0: 3 0x800054be (0x01d09d93) x27 0x00000000
core   0: 0x800054c2 (0xc5436313) ori     t1, t1, -940
core   0: 3 0x800054c2 (0xc5436313) x 6 0xfffffc54
core   0: 0x800054c6 (0x00001504) c.addi4spn s1, sp, 672
core   0: 3 0x800054c6 (0x1504) x 9 0x000002a0
core   0: 0x800054c8 (0x003b06b3) add     a3, s6, gp
core   0: 3 0x800054c8 (0x003b06b3) x13 0x00000001
core   0: 0x800054cc (0x57c28d37) lui     s10, 0x57c28
core   0: 3 0x800054cc (0x57c28d37) x26 0x57c28000
core   0: 0x800054d0 (0x5224cc37) lui     s8, 0x5224c
core   0: 3 0x800054d0 (0x5224cc37) x24 0x5224c000
core   0: 0x800054d4 (0x013da433) slt     s0, s11, s3
core   0: 3 0x800054d4 (0x013da433) x 8 0x00000000
core   0: 0x800054d8 (0x00000001) c.nop
core   0: 3 0x800054d8 (0x0001)
core   0: 0x800054da (0x0000100f) fence.i
core   0: 3 0x800054da (0x0000100f)
core   0: 0x800054de (0x025fdf63) bge     t6, t0, pc + 62
core   0: 3 0x800054de (0x025fdf63)
core   0: 0x8000551c (0x03dda533) mulhsu  a0, s11, t4
core   0: 3 0x8000551c (0x03dda533) x10 0x00000000
core   0: 0x80005520 (0x0229dc33) divu    s8, s3, sp
core   0: 3 0x80005520 (0x0229dc33) x24 0xffffffff
core   0: 0x80005524 (0x41ee8233) sub     tp, t4, t5
core   0: 3 0x80005524 (0x41ee8233) x 4 0xffffff90
core   0: 0x80005528 (0x015a6333) or      t1, s4, s5
core   0: 3 0x80005528 (0x015a6333) x 6 0xf03fffff
core   0: 0x8000552c (0x00000001) c.nop
core   0: 3 0x8000552c (0x0001)
core   0: 0x8000552e (0x00009f9e) c.add   t6, t2
core   0: 3 0x8000552e (0x9f9e) x31 0x00000001
core   0: 0x80005530 (0x007cc2b3) xor     t0, s9, t2
core   0: 3 0x80005530 (0x007cc2b3) x 5 0x00000100
core   0: 0x80005534 (0x01a7eab3) or      s5, a5, s10
core   0: 3 0x80005534 (0x01a7eab3) x21 0x57c28004
core   0: 0x80005538 (0x0063d913) srli    s2, t2, 6
core   0: 3 0x80005538 (0x0063d913) x18 0x00000000
core   0: 0x8000553c (0x00008d8a) c.mv    s11, sp
core   0: 3 0x8000553c (0x8d8a) x27 0x00000000
core   0: 0x8000553e (0x00006179) c.addi16sp sp, 464
core   0: 3 0x8000553e (0x6179) x 2 0x000001d0
core   0: 0x80005540 (0x022d82b3) mul     t0, s11, sp
core   0: 3 0x80005540 (0x022d82b3) x 5 0x00000000
core   0: 0x80005544 (0x00c48263) beq     s1, a2, pc + 4
core   0: 3 0x80005544 (0x00c48263)
core   0: 0x80005548 (0x00000001) c.nop
core   0: 3 0x80005548 (0x0001)
core   0: 0x8000554a (0x00008f5d) c.or    a4, a5
core   0: 3 0x8000554a (0x8f5d) x14 0x00000004
core   0: 0x8000554c (0x004e2803) lw      a6, 4(t3)
core   0: 3 0x8000554c (0x004e2803) x16 0x80002b20 mem 0x80022e38
core   0: 0x80005550 (0x01bb0933) add     s2, s6, s11
core   0: 3 0x80005550 (0x01bb0933) x18 0x00000000
core   0: 0x80005554 (0x00008f05) c.sub   a4, s1
core   0: 3 0x80005554 (0x8f05) x14 0xfffffd64
core   0: 0x80005556 (0x030e0e13) addi    t3, t3, 48
core   0: 3 0x80005556 (0x030e0e13) x28 0x80022e64
core   0: 0x8000555a (0x00000001) c.nop
core   0: 3 0x8000555a (0x0001)
core   0: 0x8000555c (0x011a69b3) or      s3, s4, a7
core   0: 3 0x8000555c (0x011a69b3) x19 0x80000000
core   0: 0x80005560 (0x03498b33) mul     s6, s3, s4
core   0: 3 0x80005560 (0x03498b33) x22 0x00000000
core   0: 0x80005564 (0x000043cd) c.li    t2, 19
core   0: 3 0x80005564 (0x43cd) x 7 0x00000013
core   0: 0x80005566 (0xe9ccf997) auipc   s3, 0xe9ccf
core   0: 3 0x80005566 (0xe9ccf997) x19 0x69cd4566
core   0: 0x8000556a (0x00180f93) addi    t6, a6, 1
core   0: 3 0x8000556a (0x00180f93) x31 0x80002b21
core   0: 0x8000556e (0x00008f82) c.jr    t6
core   0: 3 0x8000556e (0x8f82)
core   0: 0x80002b20 (0x00008d41) c.or    a0, s0
core   0: 3 0x80002b20 (0x8d41) x10 0x00000000
core   0: 0x80002b22 (0x01ba1c13) slli    s8, s4, 27
core   0: 3 0x80002b22 (0x01ba1c13) x24 0x00000000
core   0: 0x80002b26 (0x00006ae1) c.lui   s5, 0x18
core   0: 3 0x80002b26 (0x6ae1) x21 0x00018000
core   0: 0x80002b28 (0x03864763) blt     a2, s8, pc + 46
core   0: 3 0x80002b28 (0x03864763)
core   0: 0x80002b2c (0x00000284) c.addi4spn s1, sp, 320
core   0: 3 0x80002b2c (0x0284) x 9 0x00000310
core   0: 0x80002b2e (0x004e55b3) srl     a1, t3, tp
core   0: 3 0x80002b2e (0x004e55b3) x11 0x00008002
core   0: 0x80002b32 (0xd62a3013) sltiu   zero, s4, -670
core   0: 3 0x80002b32 (0xd62a3013)
core   0: 0x80002b36 (0x02019b33) mulh    s6, gp, zero
core   0: 3 0x80002b36 (0x02019b33) x22 0x00000000
core   0: 0x80002b3a (0x011f39b3) sltu    s3, t5, a7
core   0: 3 0x80002b3a (0x011f39b3) x19 0x00000000
core   0: 0x80002b3e (0x00d80663) beq     a6, a3, pc + 12
core   0: 3 0x80002b3e (0x00d80663)
core   0: 0x80002b42 (0x003b1713) slli    a4, s6, 3
core   0: 3 0x80002b42 (0x003b1713) x14 0x00000000
core   0: 0x80002b46 (0x5c5c0093) addi    ra, s8, 1477
core   0: 3 0x80002b46 (0x5c5c0093) x 1 0x000005c5
core   0: 0x80002b4a (0x033e5c63) bge     t3, s3, pc + 56
core   0: 3 0x80002b4a (0x033e5c63)
core   0: 0x80002b4e (0x00000318) c.addi4spn a4, sp, 384
core   0: 3 0x80002b4e (0x0318) x14 0x00000350
core   0: 0x80002b50 (0x03796663) bltu    s2, s7, pc + 44
core   0: 3 0x80002b50 (0x03796663)
core   0: 0x80002b7c (0x03347db3) remu    s11, s0, s3
core   0: 3 0x80002b7c (0x03347db3) x27 0x00000000
core   0: 0x80002b80 (0x0000616d) c.addi16sp sp, 240
core   0: 3 0x80002b80 (0x616d) x 2 0x000002c0
core   0: 0x80002b82 (0x00008e25) c.xor   a2, s1
core   0: 3 0x80002b82 (0x8e25) x12 0x00000311
core   0: 0x80002b84 (0x419b5693) srai    a3, s6, 25
core   0: 3 0x80002b84 (0x419b5693) x13 0x00000000
core   0: 0x80002b88 (0xffb00413) li      s0, -5
core   0: 3 0x80002b88 (0xffb00413) x 8 0xfffffffb
core   0: 0x80002b8c (0x00000001) c.nop
core   0: 3 0x80002b8c (0x0001)
core   0: 0x80002b8e (0xb1a210b7) lui     ra, 0xb1a21
core   0: 3 0x80002b8e (0xb1a210b7) x 1 0xb1a21000
core   0: 0x80002b92 (0x010004b3) add     s1, zero, a6
core   0: 3 0x80002b92 (0x010004b3) x 9 0x80002b20
core   0: 0x80002b96 (0x00210733) add     a4, sp, sp
core   0: 3 0x80002b96 (0x00210733) x14 0x00000580
core   0: 0x80002b9a (0x00000405) c.addi  s0, 1
core   0: 3 0x80002b9a (0x0405) x 8 0xfffffffc
core   0: 0x80002b9c (0x0000f86d) c.bnez  s0, pc - 14
core   0: 3 0x80002b9c (0xf86d)
core   0: 0x80002b8e (0xb1a210b7) lui     ra, 0xb1a21
core   0: 3 0x80002b8e (0xb1a210b7) x 1 0xb1a21000
core   0: 0x80002b92 (0x010004b3) add     s1, zero, a6
core   0: 3 0x80002b92 (0x010004b3) x 9 0x80002b20
core   0: 0x80002b96 (0x00210733) add     a4, sp, sp
core   0: 3 0x80002b96 (0x00210733) x14 0x00000580
core   0: 0x80002b9a (0x00000405) c.addi  s0, 1
core   0: 3 0x80002b9a (0x0405) x 8 0xfffffffd
core   0: 0x80002b9c (0x0000f86d) c.bnez  s0, pc - 14
core   0: 3 0x80002b9c (0xf86d)
core   0: 0x80002b8e (0xb1a210b7) lui     ra, 0xb1a21
core   0: 3 0x80002b8e (0xb1a210b7) x 1 0xb1a21000
core   0: 0x80002b92 (0x010004b3) add     s1, zero, a6
core   0: 3 0x80002b92 (0x010004b3) x 9 0x80002b20
core   0: 0x80002b96 (0x00210733) add     a4, sp, sp
core   0: 3 0x80002b96 (0x00210733) x14 0x00000580
core   0: 0x80002b9a (0x00000405) c.addi  s0, 1
core   0: 3 0x80002b9a (0x0405) x 8 0xfffffffe
core   0: 0x80002b9c (0x0000f86d) c.bnez  s0, pc - 14
core   0: 3 0x80002b9c (0xf86d)
core   0: 0x80002b8e (0xb1a210b7) lui     ra, 0xb1a21
core   0: 3 0x80002b8e (0xb1a210b7) x 1 0xb1a21000
core   0: 0x80002b92 (0x010004b3) add     s1, zero, a6
core   0: 3 0x80002b92 (0x010004b3) x 9 0x80002b20
core   0: 0x80002b96 (0x00210733) add     a4, sp, sp
core   0: 3 0x80002b96 (0x00210733) x14 0x00000580
core   0: 0x80002b9a (0x00000405) c.addi  s0, 1
core   0: 3 0x80002b9a (0x0405) x 8 0xffffffff
core   0: 0x80002b9c (0x0000f86d) c.bnez  s0, pc - 14
core   0: 3 0x80002b9c (0xf86d)
core   0: 0x80002b8e (0xb1a210b7) lui     ra, 0xb1a21
core   0: 3 0x80002b8e (0xb1a210b7) x 1 0xb1a21000
core   0: 0x80002b92 (0x010004b3) add     s1, zero, a6
core   0: 3 0x80002b92 (0x010004b3) x 9 0x80002b20
core   0: 0x80002b96 (0x00210733) add     a4, sp, sp
core   0: 3 0x80002b96 (0x00210733) x14 0x00000580
core   0: 0x80002b9a (0x00000405) c.addi  s0, 1
core   0: 3 0x80002b9a (0x0405) x 8 0x00000000
core   0: 0x80002b9c (0x0000f86d) c.bnez  s0, pc - 14
core   0: 3 0x80002b9c (0xf86d)
core   0: 0x80002b9e (0xbd2f7e97) auipc   t4, 0xbd2f7
core   0: 3 0x80002b9e (0xbd2f7e97) x29 0x3d2f9b9e
core   0: 0x80002ba2 (0x00008c69) c.and   s0, a0
core   0: 3 0x80002ba2 (0x8c69) x 8 0x00000000
core   0: 0x80002ba4 (0x0315bd33) mulhu   s10, a1, a7
core   0: 3 0x80002ba4 (0x0315bd33) x26 0x00000000
core   0: 0x80002ba8 (0x00006f21) c.lui   t5, 0x8
core   0: 3 0x80002ba8 (0x6f21) x30 0x00008000
core   0: 0x80002baa (0x03a7d563) bge     a5, s10, pc + 42
core   0: 3 0x80002baa (0x03a7d563)
core   0: 0x80002bd4 (0x00008cc9) c.or    s1, a0
core   0: 3 0x80002bd4 (0x8cc9) x 9 0x80002b20
core   0: 0x80002bd6 (0x02827733) remu    a4, tp, s0
core   0: 3 0x80002bd6 (0x02827733) x14 0xffffff90
core   0: 0x80002bda (0x0000847d) c.srai  s0, 31
core   0: 3 0x80002bda (0x847d) x 8 0x00000000
core   0: 0x80002bdc (0x00000001) c.nop
core   0: 3 0x80002bdc (0x0001)
core   0: 0x80002bde (0x000060ed) c.lui   ra, 0x1b
core   0: 3 0x80002bde (0x60ed) x 1 0x0001b000
core   0: 0x80002be0 (0x00008f11) c.sub   a4, a2
core   0: 3 0x80002be0 (0x8f11) x14 0xfffffc7f
core   0: 0x80002be2 (0x00008d51) c.or    a0, a2
core   0: 3 0x80002be2 (0x8d51) x10 0x00000311
core   0: 0x80002be4 (0x00a3d813) srli    a6, t2, 10
core   0: 3 0x80002be4 (0x00a3d813) x16 0x00000000
core   0: 0x80002be8 (0x036835b3) mulhu   a1, a6, s6
core   0: 3 0x80002be8 (0x036835b3) x11 0x00000000
core   0: 0x80002bec (0x00009496) c.add   s1, t0
core   0: 3 0x80002bec (0x9496) x 9 0x80002b20
core   0: 0x80002bee (0x00968263) beq     a3, s1, pc + 4
core   0: 3 0x80002bee (0x00968263)
core   0: 0x80002bf2 (0xae9c0a97) auipc   s5, 0xae9c0
core   0: 3 0x80002bf2 (0xae9c0a97) x21 0x2e9c2bf2
core   0: 0x80002bf6 (0x036f5ab3) divu    s5, t5, s6
core   0: 3 0x80002bf6 (0x036f5ab3) x21 0xffffffff
core   0: 0x80002bfa (0xc6de4513) xori    a0, t3, -915
core   0: 3 0x80002bfa (0xc6de4513) x10 0x7ffdd209
core   0: 0x80002bfe (0x00365433) srl     s0, a2, gp
core   0: 3 0x80002bfe (0x00365433) x 8 0x00000188
core   0: 0x80002c02 (0x000098fd) c.andi  s1, -1
core   0: 3 0x80002c02 (0x98fd) x 9 0x80002b20
core   0: 0x80002c04 (0x00008dfd) c.and   a1, a5
core   0: 3 0x80002c04 (0x8dfd) x11 0x00000000
core   0: 0x80002c06 (0x002f5f13) srli    t5, t5, 2
core   0: 3 0x80002c06 (0x002f5f13) x30 0x00002000
core   0: 0x80002c0a (0xb079f193) andi    gp, s3, -1273
core   0: 3 0x80002c0a (0xb079f193) x 3 0x00000000
core   0: 0x80002c0e (0x037c3eb3) mulhu   t4, s8, s7
core   0: 3 0x80002c0e (0x037c3eb3) x29 0x00000000
core   0: 0x80002c12 (0xf752e617) auipc   a2, 0xf752e
core   0: 3 0x80002c12 (0xf752e617) x12 0x77530c12
core   0: 0x80002c16 (0x0000805d) c.srli  s0, 23
core   0: 3 0x80002c16 (0x805d) x 8 0x00000000
core   0: 0x80002c18 (0x00009a7d) c.andi  a2, -1
core   0: 3 0x80002c18 (0x9a7d) x12 0x77530c12
core   0: 0x80002c1a (0x0343df33) divu    t5, t2, s4
core   0: 3 0x80002c1a (0x0343df33) x30 0x00000000
core   0: 0x80002c1e (0x00001b7d) c.addi  s6, -1
core   0: 3 0x80002c1e (0x1b7d) x22 0xffffffff
core   0: 0x80002c20 (0x01a20663) beq     tp, s10, pc + 12
core   0: 3 0x80002c20 (0x01a20663)
core   0: 0x80002c24 (0x0056d793) srli    a5, a3, 5
core   0: 3 0x80002c24 (0x0056d793) x15 0x00000000
core   0: 0x80002c28 (0x4166dc93) srai    s9, a3, 22
core   0: 3 0x80002c28 (0x4166dc93) x25 0x00000000
core   0: 0x80002c2c (0x00008ce9) c.and   s1, a0
core   0: 3 0x80002c2c (0x8ce9) x 9 0x00000200
core   0: 0x80002c2e (0x0044f733) and     a4, s1, tp
core   0: 3 0x80002c2e (0x0044f733) x14 0x00000200
core   0: 0x80002c32 (0xfa424f13) xori    t5, tp, -92
core   0: 3 0x80002c32 (0xfa424f13) x30 0x00000034
core   0: 0x80002c36 (0x02d8f0b3) remu    ra, a7, a3
core   0: 3 0x80002c36 (0x02d8f0b3) x 1 0x00000000
core   0: 0x80002c3a (0x0000ef89) c.bnez  a5, pc + 26
core   0: 3 0x80002c3a (0xef89)
core   0: 0x80002c3c (0x01658fb3) add     t6, a1, s6
core   0: 3 0x80002c3c (0x01658fb3) x31 0xffffffff
core   0: 0x80002c40 (0x00008c55) c.or    s0, a3
core   0: 3 0x80002c40 (0x8c55) x 8 0x00000000
core   0: 0x80002c42 (0x01f7c833) xor     a6, a5, t6
core   0: 3 0x80002c42 (0x01f7c833) x16 0xffffffff
core   0: 0x80002c46 (0x0094d6b3) srl     a3, s1, s1
core   0: 3 0x80002c46 (0x0094d6b3) x13 0x00000200
core   0: 0x80002c4a (0x00ae56b3) srl     a3, t3, a0
core   0: 3 0x80002c4a (0x00ae56b3) x13 0x00400117
core   0: 0x80002c4e (0x00008c45) c.or    s0, s1
core   0: 3 0x80002c4e (0x8c45) x 8 0x00000200
core   0: 0x80002c50 (0x00512233) slt     tp, sp, t0
core   0: 3 0x80002c50 (0x00512233) x 4 0x00000000
core   0: 0x80002c54 (0x0209ceb3) div     t4, s3, zero
core   0: 3 0x80002c54 (0x0209ceb3) x29 0xffffffff
core   0: 0x80002c58 (0x00a7e1b3) or      gp, a5, a0
core   0: 3 0x80002c58 (0x00a7e1b3) x 3 0x7ffdd209
core   0: 0x80002c5c (0x00008385) c.srli  a5, 1
core   0: 3 0x80002c5c (0x8385) x15 0x00000000
core   0: 0x80002c5e (0x00009cf2) c.add   s9, t3
core   0: 3 0x80002c5e (0x9cf2) x25 0x80022e64
core   0: 0x80002c60 (0x00008dd1) c.or    a1, a2
core   0: 3 0x80002c60 (0x8dd1) x11 0x77530c12
core   0: 0x80002c62 (0x053de463) bltu    s11, s3, pc + 72
core   0: 3 0x80002c62 (0x053de463)
core   0: 0x80002c66 (0x01c49233) sll     tp, s1, t3
core   0: 3 0x80002c66 (0x01c49233) x 4 0x00002000
core   0: 0x80002c6a (0x0455beb7) lui     t4, 0x455b
core   0: 3 0x80002c6a (0x0455beb7) x29 0x0455b000
core   0: 0x80002c6e (0x02cf6233) rem     tp, t5, a2
core   0: 3 0x80002c6e (0x02cf6233) x 4 0x00000034
core   0: 0x80002c72 (0x000049a1) c.li    s3, 8
core   0: 3 0x80002c72 (0x49a1) x19 0x00000008
core   0: 0x80002c74 (0x00000001) c.nop
core   0: 3 0x80002c74 (0x0001)
core   0: 0x80002c76 (0x0270e333) rem     t1, ra, t2
core   0: 3 0x80002c76 (0x0270e333) x 6 0x00000000
core   0: 0x80002c7a (0x02a60033) mul     zero, a2, a0
core   0: 3 0x80002c7a (0x02a60033)
core   0: 0x80002c7e (0x029732b3) mulhu   t0, a4, s1
core   0: 3 0x80002c7e (0x029732b3) x 5 0x00000000
core   0: 0x80002c82 (0x00000001) c.nop
core   0: 3 0x80002c82 (0x0001)
core   0: 0x80002c84 (0x02dea7b3) mulhsu  a5, t4, a3
core   0: 3 0x80002c84 (0x02dea7b3) x15 0x00011570
core   0: 0x80002c88 (0x0308f763) bgeu    a7, a6, pc + 46
core   0: 3 0x80002c88 (0x0308f763)
core   0: 0x80002c8c (0x40ec06b3) sub     a3, s8, a4
core   0: 3 0x80002c8c (0x40ec06b3) x13 0xfffffe00
core   0: 0x80002c90 (0x0ecd4993) xori    s3, s10, 236
core   0: 3 0x80002c90 (0x0ecd4993) x19 0x000000ec
core   0: 0x80002c94 (0x01bf7533) and     a0, t5, s11
core   0: 3 0x80002c94 (0x01bf7533) x10 0x00000000
core   0: 0x80002c98 (0x02a43f33) mulhu   t5, s0, a0
core   0: 3 0x80002c98 (0x02a43f33) x30 0x00000000
core   0: 0x80002c9c (0x0ff0000f) fence   iorw,iorw
core   0: 3 0x80002c9c (0x0ff0000f)
core   0: 0x80002ca0 (0x416fd993) srai    s3, t6, 22
core   0: 3 0x80002ca0 (0x416fd993) x19 0xffffffff
core   0: 0x80002ca4 (0x00001a14) c.addi4spn a3, sp, 304
core   0: 3 0x80002ca4 (0x1a14) x13 0x000003f0
core   0: 0x80002ca6 (0x027078b3) remu    a7, zero, t2
core   0: 3 0x80002ca6 (0x027078b3) x17 0x00000000
core   0: 0x80002caa (0x00008d51) c.or    a0, a2
core   0: 3 0x80002caa (0x8d51) x10 0x77530c12
core   0: 0x80002cac (0x0000567d) c.li    a2, -1
core   0: 3 0x80002cac (0x567d) x12 0xffffffff
core   0: 0x80002cae (0x4032d693) srai    a3, t0, 3
core   0: 3 0x80002cae (0x4032d693) x13 0x00000000
core   0: 0x80002cb2 (0x40c05093) srai    ra, zero, 12
core   0: 3 0x80002cb2 (0x40c05093) x 1 0x00000000
core   0: 0x80002cb6 (0x00000f49) c.addi  t5, 18
core   0: 3 0x80002cb6 (0x0f49) x30 0x00000012
core   0: 0x80002cb8 (0x412c8fb3) sub     t6, s9, s2
core   0: 3 0x80002cb8 (0x412c8fb3) x31 0x80022e64
core   0: 0x80002cbc (0x00000a8a) c.slli  s5, 2
core   0: 3 0x80002cbc (0x0a8a) x21 0xfffffffc
core   0: 0x80002cbe (0x0000633d) c.lui   t1, 0xf
core   0: 3 0x80002cbe (0x633d) x 6 0x0000f000
core   0: 0x80002cc0 (0xe1dbc593) xori    a1, s7, -483
core   0: 3 0x80002cc0 (0xe1dbc593) x11 0x7ffd92f9
core   0: 0x80002cc4 (0x02605a63) bge     zero, t1, pc + 52
core   0: 3 0x80002cc4 (0x02605a63)
core   0: 0x80002cc8 (0x000054fd) c.li    s1, -1
core   0: 3 0x80002cc8 (0x54fd) x 9 0xffffffff
core   0: 0x80002cca (0x018e9413) slli    s0, t4, 24
core   0: 3 0x80002cca (0x018e9413) x 8 0x00000000
core   0: 0x80002cce (0x40955c13) srai    s8, a0, 9
core   0: 3 0x80002cce (0x40955c13) x24 0x003ba986
core   0: 0x80002cd2 (0x0000717d) c.addi16sp sp, -16
core   0: 3 0x80002cd2 (0x717d) x 2 0x000002b0
core   0: 0x80002cd4 (0x00008671) c.srai  a2, 28
core   0: 3 0x80002cd4 (0x8671) x12 0xffffffff
core   0: 0x80002cd6 (0x0ff0000f) fence   iorw,iorw
core   0: 3 0x80002cd6 (0x0ff0000f)
core   0: 0x80002cda (0x00344133) xor     sp, s0, gp
core   0: 3 0x80002cda (0x00344133) x 2 0x7ffdd209
core   0: 0x80002cde (0x000009ee) c.slli  s3, 27
core   0: 3 0x80002cde (0x09ee) x19 0xf8000000
core   0: 0x80002ce0 (0x0000100f) fence.i
core   0: 3 0x80002ce0 (0x0000100f)
core   0: 0x80002ce4 (0xd8f9c013) xori    zero, s3, -625
core   0: 3 0x80002ce4 (0xd8f9c013)
core   0: 0x80002ce8 (0x00008d79) c.and   a0, a4
core   0: 3 0x80002ce8 (0x8d79) x10 0x00000000
core   0: 0x80002cea (0x000061a9) c.lui   gp, 0xa
core   0: 3 0x80002cea (0x61a9) x 3 0x0000a000
core   0: 0x80002cec (0x00001700) c.addi4spn s0, sp, 928
core   0: 3 0x80002cec (0x1700) x 8 0x7ffdd5a9
core   0: 0x80002cee (0x00000001) c.nop
core   0: 3 0x80002cee (0x0001)
core   0: 0x80002cf0 (0x2531d4b7) lui     s1, 0x2531d
core   0: 3 0x80002cf0 (0x2531d4b7) x 9 0x2531d000
core   0: 0x80002cf4 (0x0000ce89) c.beqz  a3, pc + 26
core   0: 3 0x80002cf4 (0xce89)
core   0: 0x80002d0e (0x0000616d) c.addi16sp sp, 240
core   0: 3 0x80002d0e (0x616d) x 2 0x7ffdd2f9
core   0: 0x80002d10 (0x0000100f) fence.i
core   0: 3 0x80002d10 (0x0000100f)
core   0: 0x80002d14 (0x02701133) mulh    sp, zero, t2
core   0: 3 0x80002d14 (0x02701133) x 2 0x00000000
core   0: 0x80002d18 (0x01414463) blt     sp, s4, pc + 8
core   0: 3 0x80002d18 (0x01414463)
core   0: 0x80002d1c (0x07296e93) ori     t4, s2, 114
core   0: 3 0x80002d1c (0x07296e93) x29 0x00000072
core   0: 0x80002d20 (0x0006a9b3) slt     s3, a3, zero
core   0: 3 0x80002d20 (0x0006a9b3) x19 0x00000000
core   0: 0x80002d24 (0x40d202b3) sub     t0, tp, a3
core   0: 3 0x80002d24 (0x40d202b3) x 5 0x00000034
core   0: 0x80002d28 (0x00978cb3) add     s9, a5, s1
core   0: 3 0x80002d28 (0x00978cb3) x25 0x2532e570
core   0: 0x80002d2c (0x779b3a93) sltiu   s5, s6, 1913
core   0: 3 0x80002d2c (0x779b3a93) x21 0x00000000
core   0: 0x80002d30 (0x00e20433) add     s0, tp, a4
core   0: 3 0x80002d30 (0x00e20433) x 8 0x00000234
core   0: 0x80002d34 (0xc7646013) ori     zero, s0, -906
core   0: 3 0x80002d34 (0xc7646013)
core   0: 0x80002d38 (0x07822513) slti    a0, tp, 120
core   0: 3 0x80002d38 (0x07822513) x10 0x00000001
core   0: 0x80002d3c (0x0000ca0d) c.beqz  a2, pc + 50
core   0: 3 0x80002d3c (0xca0d)
core   0: 0x80002d3e (0x0000e709) c.bnez  a4, pc + 10
core   0: 3 0x80002d3e (0xe709)
core   0: 0x80002d48 (0x00006975) c.lui   s2, 0x1d
core   0: 3 0x80002d48 (0x6975) x18 0x0001d000
core   0: 0x80002d4a (0x02afb333) mulhu   t1, t6, a0
core   0: 3 0x80002d4a (0x02afb333) x 6 0x00000000
core   0: 0x80002d4e (0x41a852b3) sra     t0, a6, s10
core   0: 3 0x80002d4e (0x41a852b3) x 5 0xffffffff
core   0: 0x80002d52 (0x035967b3) rem     a5, s2, s5
core   0: 3 0x80002d52 (0x035967b3) x15 0x0001d000
core   0: 0x80002d56 (0x000082d9) c.srli  a3, 22
core   0: 3 0x80002d56 (0x82d9) x13 0x00000000
core   0: 0x80002d58 (0x000098fd) c.andi  s1, -1
core   0: 3 0x80002d58 (0x98fd) x 9 0x2531d000
core   0: 0x80002d5a (0xe2de3493) sltiu   s1, t3, -467
core   0: 3 0x80002d5a (0xe2de3493) x 9 0x00000001
core   0: 0x80002d5e (0x400d53b3) sra     t2, s10, zero
core   0: 3 0x80002d5e (0x400d53b3) x 7 0x00000000
core   0: 0x80002d62 (0x28377193) andi    gp, a4, 643
core   0: 3 0x80002d62 (0x28377193) x 3 0x00000200
core   0: 0x80002d66 (0x00008cbd) c.xor   s1, a5
core   0: 3 0x80002d66 (0x8cbd) x 9 0x0001d001
core   0: 0x80002d68 (0x02330e63) beq     t1, gp, pc + 60
core   0: 3 0x80002d68 (0x02330e63)
core   0: 0x80002d6c (0x00008f2d) c.xor   a4, a1
core   0: 3 0x80002d6c (0x8f2d) x14 0x7ffd90f9
core   0: 0x80002d6e (0x03cc1263) bne     s8, t3, pc + 36
core   0: 3 0x80002d6e (0x03cc1263)
core   0: 0x80002d92 (0x02f33fb3) mulhu   t6, t1, a5
core   0: 3 0x80002d92 (0x02f33fb3) x31 0x00000000
core   0: 0x80002d96 (0x00950a63) beq     a0, s1, pc + 20
core   0: 3 0x80002d96 (0x00950a63)
core   0: 0x80002d9a (0x0000100f) fence.i
core   0: 3 0x80002d9a (0x0000100f)
core   0: 0x80002d9e (0x0000445d) c.li    s0, 23
core   0: 3 0x80002d9e (0x445d) x 8 0x00000017
core   0: 0x80002da0 (0x02fc7363) bgeu    s8, a5, pc + 38
core   0: 3 0x80002da0 (0x02fc7363)
core   0: 0x80002dc6 (0x416ed6b3) sra     a3, t4, s6
core   0: 3 0x80002dc6 (0x416ed6b3) x13 0x00000000
core   0: 0x80002dca (0x36804017) auipc   zero, 0x36804
core   0: 3 0x80002dca (0x36804017)
core   0: 0x80002dce (0xb0756097) auipc   ra, 0xb0756
core   0: 3 0x80002dce (0xb0756097) x 1 0x30758dce
core   0: 0x80002dd2 (0x0000e331) c.bnez  a4, pc + 68
core   0: 3 0x80002dd2 (0xe331)
core   0: 0x80002e16 (0x016e75b3) and     a1, t3, s6
core   0: 3 0x80002e16 (0x016e75b3) x11 0x80022e64
core   0: 0x80002e1a (0x00008eb2) c.mv    t4, a2
core   0: 3 0x80002e1a (0x8eb2) x29 0xffffffff
core   0: 0x80002e1c (0x00008f99) c.sub   a5, a4
core   0: 3 0x80002e1c (0x8f99) x15 0x80043f07
core   0: 0x80002e1e (0x14d07f93) andi    t6, zero, 333
core   0: 3 0x80002e1e (0x14d07f93) x31 0x00000000
core   0: 0x80002e22 (0x0101a233) slt     tp, gp, a6
core   0: 3 0x80002e22 (0x0101a233) x 4 0x00000000
core   0: 0x80002e26 (0x000d87b3) add     a5, s11, zero
core   0: 3 0x80002e26 (0x000d87b3) x15 0x00000000
core   0: 0x80002e2a (0x1dc74d17) auipc   s10, 0x1dc74
core   0: 3 0x80002e2a (0x1dc74d17) x26 0x9dc76e2a
core   0: 0x80002e2e (0x00005f7d) c.li    t5, -1
core   0: 3 0x80002e2e (0x5f7d) x30 0xffffffff
core   0: 0x80002e30 (0xce0638b7) lui     a7, 0xce063
core   0: 3 0x80002e30 (0xce0638b7) x17 0xce063000
core   0: 0x80002e34 (0x000002aa) c.slli  t0, 10
core   0: 3 0x80002e34 (0x02aa) x 5 0xfffffc00
core   0: 0x80002e36 (0x01d8bf33) sltu    t5, a7, t4
core   0: 3 0x80002e36 (0x01d8bf33) x30 0x00000001
core   0: 0x80002e3a (0x00000001) c.nop
core   0: 3 0x80002e3a (0x0001)
core   0: 0x80002e3c (0x000063c5) c.lui   t2, 0x11
core   0: 3 0x80002e3c (0x63c5) x 7 0x00011000
core   0: 0x80002e3e (0xd7458f93) addi    t6, a1, -652
core   0: 3 0x80002e3e (0xd7458f93) x31 0x80022bd8
core   0: 0x80002e42 (0x013ec633) xor     a2, t4, s3
core   0: 3 0x80002e42 (0x013ec633) x12 0xffffffff
core   0: 0x80002e46 (0xbbd3ef13) ori     t5, t2, -1091
core   0: 3 0x80002e46 (0xbbd3ef13) x30 0xfffffbbd
core   0: 0x80002e4a (0x014c7963) bgeu    s8, s4, pc + 18
core   0: 3 0x80002e4a (0x014c7963)
core   0: 0x80002e4e (0x40455893) srai    a7, a0, 4
core   0: 3 0x80002e4e (0x40455893) x17 0x00000000
core   0: 0x80002e52 (0x0000c61d) c.beqz  a2, pc + 46
core   0: 3 0x80002e52 (0xc61d)
core   0: 0x80002e54 (0x00009bfd) c.andi  a5, -1
core   0: 3 0x80002e54 (0x9bfd) x15 0x00000000
core   0: 0x80002e56 (0x00008546) c.mv    a0, a7
core   0: 3 0x80002e56 (0x8546) x10 0x00000000
core   0: 0x80002e58 (0x0000100f) fence.i
core   0: 3 0x80002e58 (0x0000100f)
core   0: 0x80002e5c (0xbda66c17) auipc   s8, 0xbda66
core   0: 3 0x80002e5c (0xbda66c17) x24 0x3da68e5c
core   0: 0x80002e60 (0x9442d837) lui     a6, 0x9442d
core   0: 3 0x80002e60 (0x9442d837) x16 0x9442d000
core   0: 0x80002e64 (0x032cbab3) mulhu   s5, s9, s2
core   0: 3 0x80002e64 (0x032cbab3) x21 0x0000436c
core   0: 0x80002e68 (0x0088a6b3) slt     a3, a7, s0
core   0: 3 0x80002e68 (0x0088a6b3) x13 0x00000001
core   0: 0x80002e6c (0x04e44063) blt     s0, a4, pc + 64
core   0: 3 0x80002e6c (0x04e44063)
core   0: 0x80002eac (0x007d43b3) xor     t2, s10, t2
core   0: 3 0x80002eac (0x007d43b3) x 7 0x9dc67e2a
core   0: 0x80002eb0 (0x400ad533) sra     a0, s5, zero
core   0: 3 0x80002eb0 (0x400ad533) x10 0x0000436c
core   0: 0x80002eb4 (0x0000cc81) c.beqz  s1, pc + 24
core   0: 3 0x80002eb4 (0xcc81)
core   0: 0x80002eb6 (0x01feee63) bltu    t4, t6, pc + 28
core   0: 3 0x80002eb6 (0x01feee63)
core   0: 0x80002eba (0x000013fd) c.addi  t2, -1
core   0: 3 0x80002eba (0x13fd) x 7 0x9dc67e29
core   0: 0x80002ebc (0x00bf9713) slli    a4, t6, 11
core   0: 3 0x80002ebc (0x00bf9713) x14 0x115ec000
core   0: 0x80002ec0 (0x02280533) mul     a0, a6, sp
core   0: 3 0x80002ec0 (0x02280533) x10 0x00000000
core   0: 0x80002ec4 (0x00c28f93) addi    t6, t0, 12
core   0: 3 0x80002ec4 (0x00c28f93) x31 0xfffffc0c
core   0: 0x80002ec8 (0x01cf0863) beq     t5, t3, pc + 16
core   0: 3 0x80002ec8 (0x01cf0863)
core   0: 0x80002ecc (0x01f513b3) sll     t2, a0, t6
core   0: 3 0x80002ecc (0x01f513b3) x 7 0x00000000
core   0: 0x80002ed0 (0x00004dd5) c.li    s11, 21
core   0: 3 0x80002ed0 (0x4dd5) x27 0x00000015
core   0: 0x80002ed2 (0xee108237) lui     tp, 0xee108
core   0: 3 0x80002ed2 (0xee108237) x 4 0xee108000
core   0: 0x80002ed6 (0x000007a6) c.slli  a5, 9
core   0: 3 0x80002ed6 (0x07a6) x15 0x00000000
core   0: 0x80002ed8 (0x00008135) c.srli  a0, 13
core   0: 3 0x80002ed8 (0x8135) x10 0x00000000
core   0: 0x80002eda (0x5760a093) slti    ra, ra, 1398
core   0: 3 0x80002eda (0x5760a093) x 1 0x00000000
core   0: 0x80002ede (0x00008ea9) c.xor   a3, a0
core   0: 3 0x80002ede (0x8ea9) x13 0x00000001
core   0: 0x80002ee0 (0x00008e85) c.sub   a3, s1
core   0: 3 0x80002ee0 (0x8e85) x13 0xfffe3000
core   0: 0x80002ee2 (0x014f3fb3) sltu    t6, t5, s4
core   0: 3 0x80002ee2 (0x014f3fb3) x31 0x00000000
core   0: 0x80002ee6 (0x00000001) c.nop
core   0: 3 0x80002ee6 (0x0001)
core   0: 0x80002ee8 (0x00000001) c.nop
core   0: 3 0x80002ee8 (0x0001)
core   0: 0x80002eea (0x03c539b3) mulhu   s3, a0, t3
core   0: 3 0x80002eea (0x03c539b3) x19 0x00000000
core   0: 0x80002eee (0x00b090b3) sll     ra, ra, a1
core   0: 3 0x80002eee (0x00b090b3) x 1 0x00000000
core   0: 0x80002ef2 (0x00dcd113) srli    sp, s9, 13
core   0: 3 0x80002ef2 (0x00dcd113) x 2 0x00012997
core   0: 0x80002ef6 (0x00c8e663) bltu    a7, a2, pc + 12
core   0: 3 0x80002ef6 (0x00c8e663)
core   0: 0x80002f02 (0x02ce6f33) rem     t5, t3, a2
core   0: 3 0x80002f02 (0x02ce6f33) x30 0x00000000
core   0: 0x80002f06 (0x0000997d) c.andi  a0, -1
core   0: 3 0x80002f06 (0x997d) x10 0x00000000
core   0: 0x80002f08 (0x400282b3) sub     t0, t0, zero
core   0: 3 0x80002f08 (0x400282b3) x 5 0xfffffc00
core   0: 0x80002f0c (0x0166cd63) blt     a3, s6, pc + 26
core   0: 3 0x80002f0c (0x0166cd63)
core   0: 0x80002f26 (0x867cac13) slti    s8, s9, -1945
core   0: 3 0x80002f26 (0x867cac13) x24 0x00000000
core   0: 0x80002f2a (0x00f21f13) slli    t5, tp, 15
core   0: 3 0x80002f2a (0x00f21f13) x30 0x40000000
core   0: 0x80002f2e (0x41205833) sra     a6, zero, s2
core   0: 3 0x80002f2e (0x41205833) x16 0x00000000
core   0: 0x80002f32 (0x0000717d) c.addi16sp sp, -16
core   0: 3 0x80002f32 (0x717d) x 2 0x00012987
core   0: 0x80002f34 (0x01f55733) srl     a4, a0, t6
core   0: 3 0x80002f34 (0x01f55733) x14 0x00000000
core   0: 0x80002f38 (0x037cc633) div     a2, s9, s7
core   0: 3 0x80002f38 (0x037cc633) x12 0x00000000
core   0: 0x80002f3c (0x0000717d) c.addi16sp sp, -16
core   0: 3 0x80002f3c (0x717d) x 2 0x00012977
core   0: 0x80002f3e (0x03873133) mulhu   sp, a4, s8
core   0: 3 0x80002f3e (0x03873133) x 2 0x00000000
core   0: 0x80002f42 (0x01aaa433) slt     s0, s5, s10
core   0: 3 0x80002f42 (0x01aaa433) x 8 0x00000000
core   0: 0x80002f46 (0xa9007593) andi    a1, zero, -1392
core   0: 3 0x80002f46 (0xa9007593) x11 0x00000000
core   0: 0x80002f4a (0x05da0d13) addi    s10, s4, 93
core   0: 3 0x80002f4a (0x05da0d13) x26 0x8000005d
core   0: 0x80002f4e (0x00000001) c.nop
core   0: 3 0x80002f4e (0x0001)
core   0: 0x80002f50 (0x00006115) c.addi16sp sp, 288
core   0: 3 0x80002f50 (0x6115) x 2 0x00000120
core   0: 0x80002f52 (0x068a2313) slti    t1, s4, 104
core   0: 3 0x80002f52 (0x068a2313) x 6 0x00000001
core   0: 0x80002f56 (0x01705113) srli    sp, zero, 23
core   0: 3 0x80002f56 (0x01705113) x 2 0x00000000
core   0: 0x80002f5a (0x00000001) c.nop
core   0: 3 0x80002f5a (0x0001)
core   0: 0x80002f5c (0x6d080f93) addi    t6, a6, 1744
core   0: 3 0x80002f5c (0x6d080f93) x31 0x000006d0
core   0: 0x80002f60 (0x03006733) rem     a4, zero, a6
core   0: 3 0x80002f60 (0x03006733) x14 0x00000000
core   0: 0x80002f64 (0x031e8263) beq     t4, a7, pc + 36
core   0: 3 0x80002f64 (0x031e8263)
core   0: 0x80002f68 (0x00008dfd) c.and   a1, a5
core   0: 3 0x80002f68 (0x8dfd) x11 0x00000000
core   0: 0x80002f6a (0x8b6d6937) lui     s2, 0x8b6d6
core   0: 3 0x80002f6a (0x8b6d6937) x18 0x8b6d6000
core   0: 0x80002f6e (0x02568663) beq     a3, t0, pc + 44
core   0: 3 0x80002f6e (0x02568663)
core   0: 0x80002f72 (0x03587433) remu    s0, a6, s5
core   0: 3 0x80002f72 (0x03587433) x 8 0x00000000
core   0: 0x80002f76 (0x0189d133) srl     sp, s3, s8
core   0: 3 0x80002f76 (0x0189d133) x 2 0x00000000
core   0: 0x80002f7a (0x0000c599) c.beqz  a1, pc + 14
core   0: 3 0x80002f7a (0xc599)
core   0: 0x80002f88 (0x0311c963) blt     gp, a7, pc + 50
core   0: 3 0x80002f88 (0x0311c963)
core   0: 0x80002f8c (0x00008d01) c.sub   a0, s0
core   0: 3 0x80002f8c (0x8d01) x10 0x00000000
core   0: 0x80002f8e (0x0375ac33) mulhsu  s8, a1, s7
core   0: 3 0x80002f8e (0x0375ac33) x24 0x00000000
core   0: 0x80002f92 (0x40b555b3) sra     a1, a0, a1
core   0: 3 0x80002f92 (0x40b555b3) x11 0x00000000
core   0: 0x80002f96 (0x41cddab3) sra     s5, s11, t3
core   0: 3 0x80002f96 (0x41cddab3) x21 0x00000001
core   0: 0x80002f9a (0x00006155) c.addi16sp sp, 304
core   0: 3 0x80002f9a (0x6155) x 2 0x00000130
core   0: 0x80002f9c (0xf1b1bf93) sltiu   t6, gp, -229
core   0: 3 0x80002f9c (0xf1b1bf93) x31 0x00000001
core   0: 0x80002fa0 (0x000066bd) c.lui   a3, 0xf
core   0: 3 0x80002fa0 (0x66bd) x13 0x0000f000
core   0: 0x80002fa2 (0x00000288) c.addi4spn a0, sp, 320
core   0: 3 0x80002fa2 (0x0288) x10 0x00000270
core   0: 0x80002fa4 (0x00006195) c.lui   gp, 0x5
core   0: 3 0x80002fa4 (0x6195) x 3 0x00005000
core   0: 0x80002fa6 (0x0000e415) c.bnez  s0, pc + 44
core   0: 3 0x80002fa6 (0xe415)
core   0: 0x80002fa8 (0x0071f9b3) and     s3, gp, t2
core   0: 3 0x80002fa8 (0x0071f9b3) x19 0x00000000
core   0: 0x80002fac (0x85d43b13) sltiu   s6, s0, -1955
core   0: 3 0x80002fac (0x85d43b13) x22 0x00000001
core   0: 0x80002fb0 (0x02362f33) mulhsu  t5, a2, gp
core   0: 3 0x80002fb0 (0x02362f33) x30 0x00000000
core   0: 0x80002fb4 (0x00000001) c.nop
core   0: 3 0x80002fb4 (0x0001)
core   0: 0x80002fb6 (0x59a9e093) ori     ra, s3, 1434
core   0: 3 0x80002fb6 (0x59a9e093) x 1 0x0000059a
core   0: 0x80002fba (0x0ff0000f) fence   iorw,iorw
core   0: 3 0x80002fba (0x0ff0000f)
core   0: 0x80002fbe (0x05113493) sltiu   s1, sp, 81
core   0: 3 0x80002fbe (0x05113493) x 9 0x00000000
core   0: 0x80002fc2 (0x0000cf05) c.beqz  a4, pc + 56
core   0: 3 0x80002fc2 (0xcf05)
core   0: 0x80002ffa (0x00008c41) c.or    s0, s0
core   0: 3 0x80002ffa (0x8c41) x 8 0x00000000
core   0: 0x80002ffc (0x0297c6b3) div     a3, a5, s1
core   0: 3 0x80002ffc (0x0297c6b3) x13 0xffffffff
core   0: 0x80003000 (0x00004255) c.li    tp, 21
core   0: 3 0x80003000 (0x4255) x 4 0x00000015
core   0: 0x80003002 (0x0000717d) c.addi16sp sp, -16
core   0: 3 0x80003002 (0x717d) x 2 0x00000120
core   0: 0x80003004 (0x01b0ff33) and     t5, ra, s11
core   0: 3 0x80003004 (0x01b0ff33) x30 0x00000010
core   0: 0x80003008 (0x0000100f) fence.i
core   0: 3 0x80003008 (0x0000100f)
core   0: 0x8000300c (0x00008d59) c.or    a0, a4
core   0: 3 0x8000300c (0x8d59) x10 0x00000270
core   0: 0x8000300e (0x0000587d) c.li    a6, -1
core   0: 3 0x8000300e (0x587d) x16 0xffffffff
core   0: 0x80003010 (0x02806163) bltu    zero, s0, pc + 34
core   0: 3 0x80003010 (0x02806163)
core   0: 0x80003014 (0x00009872) c.add   a6, t3
core   0: 3 0x80003014 (0x9872) x16 0x80022e63
core   0: 0x80003016 (0x00006119) c.addi16sp sp, 384
core   0: 3 0x80003016 (0x6119) x 2 0x000002a0
core   0: 0x80003018 (0x028e91b3) mulh    gp, t4, s0
core   0: 3 0x80003018 (0x028e91b3) x 3 0x00000000
core   0: 0x8000301c (0x036ac563) blt     s5, s6, pc + 42
core   0: 3 0x8000301c (0x036ac563)
core   0: 0x80003020 (0x0000666d) c.lui   a2, 0x1b
core   0: 3 0x80003020 (0x666d) x12 0x0001b000
core   0: 0x80003022 (0x00000fa1) c.addi  t6, 8
core   0: 3 0x80003022 (0x0fa1) x31 0x00000009
core   0: 0x80003024 (0x00008d92) c.mv    s11, tp
core   0: 3 0x80003024 (0x8d92) x27 0x00000015
core   0: 0x80003026 (0x01925433) srl     s0, tp, s9
core   0: 3 0x80003026 (0x01925433) x 8 0x00000000
core   0: 0x8000302a (0x0340fcb3) remu    s9, ra, s4
core   0: 3 0x8000302a (0x0340fcb3) x25 0x0000059a
core   0: 0x8000302e (0x0004c263) bltz    s1, pc + 4
core   0: 3 0x8000302e (0x0004c263)
core   0: 0x80003032 (0x00009afa) c.add   s5, t5
core   0: 3 0x80003032 (0x9afa) x21 0x00000011
core   0: 0x80003034 (0x191d7193) andi    gp, s10, 401
core   0: 3 0x80003034 (0x191d7193) x 3 0x00000011
core   0: 0x80003038 (0x41afd7b3) sra     a5, t6, s10
core   0: 3 0x80003038 (0x41afd7b3) x15 0x00000000
core   0: 0x8000303c (0x00006c85) c.lui   s9, 0x1
core   0: 3 0x8000303c (0x6c85) x25 0x00001000
core   0: 0x8000303e (0x0000100f) fence.i
core   0: 3 0x8000303e (0x0000100f)
core   0: 0x80003042 (0x0032a7b3) slt     a5, t0, gp
core   0: 3 0x80003042 (0x0032a7b3) x15 0x00000001
core   0: 0x80003046 (0x0106f7b3) and     a5, a3, a6
core   0: 3 0x80003046 (0x0106f7b3) x15 0x80022e63
core   0: 0x8000304a (0xb2b9fc17) auipc   s8, 0xb2b9f
core   0: 3 0x8000304a (0xb2b9fc17) x24 0x32ba204a
core   0: 0x8000304e (0x0ff0000f) fence   iorw,iorw
core   0: 3 0x8000304e (0x0ff0000f)
core   0: 0x80003052 (0x010dd413) srli    s0, s11, 16
core   0: 3 0x80003052 (0x010dd413) x 8 0x00000000
core   0: 0x80003056 (0x00a90b63) beq     s2, a0, pc + 22
core   0: 3 0x80003056 (0x00a90b63)
core   0: 0x8000305a (0x01285463) bge     a6, s2, pc + 8
core   0: 3 0x8000305a (0x01285463)
core   0: 0x8000305e (0x02c10433) mul     s0, sp, a2
core   0: 3 0x8000305e (0x02c10433) x 8 0x046e0000
core   0: 0x80003062 (0x26f8b713) sltiu   a4, a7, 623
core   0: 3 0x80003062 (0x26f8b713) x14 0x00000001
core   0: 0x80003066 (0x000062a9) c.lui   t0, 0xa
core   0: 3 0x80003066 (0x62a9) x 5 0x0000a000
core   0: 0x80003068 (0x05ab1063) bne     s6, s10, pc + 64
core   0: 3 0x80003068 (0x05ab1063)
core   0: 0x800030a8 (0x003cb6b3) sltu    a3, s9, gp
core   0: 3 0x800030a8 (0x003cb6b3) x13 0x00000000
core   0: 0x800030ac (0x03989ab3) mulh    s5, a7, s9
core   0: 3 0x800030ac (0x03989ab3) x21 0x00000000
core   0: 0x800030b0 (0x00000001) c.nop
core   0: 3 0x800030b0 (0x0001)
core   0: 0x800030b2 (0x01abf663) bgeu    s7, s10, pc + 12
core   0: 3 0x800030b2 (0x01abf663)
core   0: 0x800030be (0x40a70fb3) sub     t6, a4, a0
core   0: 3 0x800030be (0x40a70fb3) x31 0xfffffd91
core   0: 0x800030c2 (0x00008fe1) c.and   a5, s0
core   0: 3 0x800030c2 (0x8fe1) x15 0x00020000
core   0: 0x800030c4 (0x039c9f33) mulh    t5, s9, s9
core   0: 3 0x800030c4 (0x039c9f33) x30 0x00000000
core   0: 0x800030c8 (0xf4624137) lui     sp, 0xf4624
core   0: 3 0x800030c8 (0xf4624137) x 2 0xf4624000
core   0: 0x800030cc (0x00009b4e) c.add   s6, s3
core   0: 3 0x800030cc (0x9b4e) x22 0x00000001
core   0: 0x800030ce (0x00000001) c.nop
core   0: 3 0x800030ce (0x0001)
core   0: 0x800030d0 (0x00006119) c.addi16sp sp, 384
core   0: 3 0x800030d0 (0x6119) x 2 0xf4624180
core   0: 0x800030d2 (0x03edfd33) remu    s10, s11, t5
core   0: 3 0x800030d2 (0x03edfd33) x26 0x00000015
core   0: 0x800030d6 (0x00008fd9) c.or    a5, a4
core   0: 3 0x800030d6 (0x8fd9) x15 0x00020001
core   0: 0x800030d8 (0x00e54f33) xor     t5, a0, a4
core   0: 3 0x800030d8 (0x00e54f33) x30 0x00000271
core   0: 0x800030dc (0x028ab0b3) mulhu   ra, s5, s0
core   0: 3 0x800030dc (0x028ab0b3) x 1 0x00000000
core   0: 0x800030e0 (0x00000001) c.nop
core   0: 3 0x800030e0 (0x0001)
core   0: 0x800030e2 (0x00005efd) c.li    t4, -1
core   0: 3 0x800030e2 (0x5efd) x29 0xffffffff
core   0: 0x800030e4 (0x0000c105) c.beqz  a0, pc + 32
core   0: 3 0x800030e4 (0xc105)
core   0: 0x800030e6 (0x2d16b513) sltiu   a0, a3, 721
core   0: 3 0x800030e6 (0x2d16b513) x10 0x00000001
core   0: 0x800030ea (0x02197033) remu    zero, s2, ra
core   0: 3 0x800030ea (0x02197033)
core   0: 0x800030ee (0x00000d9d) c.addi  s11, 7
core   0: 3 0x800030ee (0x0d9d) x27 0x0000001c
core   0: 0x800030f0 (0x00009afd) c.andi  a3, -1
core   0: 3 0x800030f0 (0x9afd) x13 0x00000000
core   0: 0x800030f2 (0x00000001) c.nop
core   0: 3 0x800030f2 (0x0001)
core   0: 0x800030f4 (0x018f6263) bltu    t5, s8, pc + 4
core   0: 3 0x800030f4 (0x018f6263)
core   0: 0x800030f8 (0x2490a013) slti    zero, ra, 585
core   0: 3 0x800030f8 (0x2490a013)
core   0: 0x800030fc (0x00008eed) c.and   a3, a1
core   0: 3 0x800030fc (0x8eed) x13 0x00000000
core   0: 0x800030fe (0x00000821) c.addi  a6, 8
core   0: 3 0x800030fe (0x0821) x16 0x80022e6b
core   0: 0x80003100 (0xf70ec213) xori    tp, t4, -144
core   0: 3 0x80003100 (0xf70ec213) x 4 0x0000008f
core   0: 0x80003104 (0x00008fe9) c.and   a5, a0
core   0: 3 0x80003104 (0x8fe9) x15 0x00000001
core   0: 0x80003106 (0x02711b33) mulh    s6, sp, t2
core   0: 3 0x80003106 (0x02711b33) x22 0x00000000
core   0: 0x8000310a (0x01061663) bne     a2, a6, pc + 12
core   0: 3 0x8000310a (0x01061663)
core   0: 0x80003116 (0x01c46863) bltu    s0, t3, pc + 16
core   0: 3 0x80003116 (0x01c46863)
core   0: 0x80003126 (0x005197b3) sll     a5, gp, t0
core   0: 3 0x80003126 (0x005197b3) x15 0x00000011
core   0: 0x8000312a (0x26793597) auipc   a1, 0x26793
core   0: 3 0x8000312a (0x26793597) x11 0xa679612a
core   0: 0x8000312e (0x001a2f13) slti    t5, s4, 1
core   0: 3 0x8000312e (0x001a2f13) x30 0x00000001
core   0: 0x80003132 (0x41efd813) srai    a6, t6, 30
core   0: 3 0x80003132 (0x41efd813) x16 0xffffffff
core   0: 0x80003136 (0x00008ec9) c.or    a3, a0
core   0: 3 0x80003136 (0x8ec9) x13 0x00000001
core   0: 0x80003138 (0x005e7a63) bgeu    t3, t0, pc + 20
core   0: 3 0x80003138 (0x005e7a63)
core   0: 0x8000314c (0x02fd1763) bne     s10, a5, pc + 46
core   0: 3 0x8000314c (0x02fd1763)
core   0: 0x8000317a (0x000082e9) c.srli  a3, 26
core   0: 3 0x8000317a (0x82e9) x13 0x00000000
core   0: 0x8000317c (0x00008c49) c.or    s0, a0
core   0: 3 0x8000317c (0x8c49) x 8 0x046e0001
core   0: 0x8000317e (0x00384533) xor     a0, a6, gp
core   0: 3 0x8000317e (0x00384533) x10 0xffffffee
core   0: 0x80003182 (0x00775db3) srl     s11, a4, t2
core   0: 3 0x80003182 (0x00775db3) x27 0x00000001
core   0: 0x80003186 (0x008959b3) srl     s3, s2, s0
core   0: 3 0x80003186 (0x008959b3) x19 0x45b6b000
core   0: 0x8000318a (0x0000e2a1) c.bnez  a3, pc + 64
core   0: 3 0x8000318a (0xe2a1)
core   0: 0x8000318c (0x01292633) slt     a2, s2, s2
core   0: 3 0x8000318c (0x01292633) x12 0x00000000
core   0: 0x80003190 (0x418d8333) sub     t1, s11, s8
core   0: 3 0x80003190 (0x418d8333) x 6 0xcd45dfb7
core   0: 0x80003194 (0xb27db393) sltiu   t2, s11, -1241
core   0: 3 0x80003194 (0xb27db393) x 7 0x00000001
core   0: 0x80003198 (0x366795b7) lui     a1, 0x36679
core   0: 3 0x80003198 (0x366795b7) x11 0x36679000
core   0: 0x8000319c (0x416c4a93) xori    s5, s8, 1046
core   0: 3 0x8000319c (0x416c4a93) x21 0x32ba245c
core   0: 0x800031a0 (0x02f7af33) mulhsu  t5, a5, a5
core   0: 3 0x800031a0 (0x02f7af33) x30 0x00000000
core   0: 0x800031a4 (0x00008475) c.srai  s0, 29
core   0: 3 0x800031a4 (0x8475) x 8 0x00000000
core   0: 0x800031a6 (0x03c60ab3) mul     s5, a2, t3
core   0: 3 0x800031a6 (0x03c60ab3) x21 0x00000000
core   0: 0x800031aa (0x00008445) c.srai  s0, 17
core   0: 3 0x800031aa (0x8445) x 8 0x00000000
core   0: 0x800031ac (0x02001663) bnez    zero, pc + 44
core   0: 3 0x800031ac (0x02001663)
core   0: 0x800031b0 (0x0136f663) bgeu    a3, s3, pc + 12
core   0: 3 0x800031b0 (0x0136f663)
core   0: 0x800031b4 (0x258a4c17) auipc   s8, 0x258a4
core   0: 3 0x800031b4 (0x258a4c17) x24 0xa58a71b4
core   0: 0x800031b8 (0x01a1e793) ori     a5, gp, 26
core   0: 3 0x800031b8 (0x01a1e793) x15 0x0000001b
core   0: 0x800031bc (0x03f6a433) mulhsu  s0, a3, t6
core   0: 3 0x800031bc (0x03f6a433) x 8 0x00000000
core   0: 0x800031c0 (0x011e4ab3) xor     s5, t3, a7
core   0: 3 0x800031c0 (0x011e4ab3) x21 0x80022e64
core   0: 0x800031c4 (0x0000987d) c.andi  s0, -1
core   0: 3 0x800031c4 (0x987d) x 8 0x00000000
core   0: 0x800031c6 (0x03c49563) bne     s1, t3, pc + 42
core   0: 3 0x800031c6 (0x03c49563)
core   0: 0x800031f0 (0x6ddc8c93) addi    s9, s9, 1757
core   0: 3 0x800031f0 (0x6ddc8c93) x25 0x000016dd
core   0: 0x800031f4 (0x02d686b3) mul     a3, a3, a3
core   0: 3 0x800031f4 (0x02d686b3) x13 0x00000000
core   0: 0x800031f8 (0x043b4263) blt     s6, gp, pc + 68
core   0: 3 0x800031f8 (0x043b4263)
core   0: 0x8000323c (0x62cd6913) ori     s2, s10, 1580
core   0: 3 0x8000323c (0x62cd6913) x18 0x0000063d
core   0: 0x80003240 (0x00000001) c.nop
core   0: 3 0x80003240 (0x0001)
core   0: 0x80003242 (0x013868b3) or      a7, a6, s3
core   0: 3 0x80003242 (0x013868b3) x17 0xffffffff
core   0: 0x80003246 (0x0000cd05) c.beqz  a0, pc + 56
core   0: 3 0x80003246 (0xcd05)
core   0: 0x80003248 (0x419a0633) sub     a2, s4, s9
core   0: 3 0x80003248 (0x419a0633) x12 0x7fffe923
core   0: 0x8000324c (0x00009c66) c.add   s8, s9
core   0: 3 0x8000324c (0x9c66) x24 0xa58a8891
core   0: 0x8000324e (0x00008c35) c.xor   s0, a3
core   0: 3 0x8000324e (0x8c35) x 8 0x00000000
core   0: 0x80003250 (0x79c0ad93) slti    s11, ra, 1948
core   0: 3 0x80003250 (0x79c0ad93) x27 0x00000001
core   0: 0x80003254 (0x00008d19) c.sub   a0, a4
core   0: 3 0x80003254 (0x8d19) x10 0xffffffed
core   0: 0x80003256 (0x02c75c33) divu    s8, a4, a2
core   0: 3 0x80003256 (0x02c75c33) x24 0x00000000
core   0: 0x8000325a (0x50ec4db7) lui     s11, 0x50ec4
core   0: 3 0x8000325a (0x50ec4db7) x27 0x50ec4000
core   0: 0x8000325e (0x00b50833) add     a6, a0, a1
core   0: 3 0x8000325e (0x00b50833) x16 0x36678fed
core   0: 0x80003262 (0x02139463) bne     t2, ra, pc + 40
core   0: 3 0x80003262 (0x02139463)
core   0: 0x8000328a (0x00006611) c.lui   a2, 0x4
core   0: 3 0x8000328a (0x6611) x12 0x00004000
core   0: 0x8000328c (0x031deb33) rem     s6, s11, a7
core   0: 3 0x8000328c (0x031deb33) x22 0x00000000
core   0: 0x80003290 (0x03ed4263) blt     s10, t5, pc + 36
core   0: 3 0x80003290 (0x03ed4263)
core   0: 0x80003294 (0x411b5993) srai    s3, s6, 17
core   0: 3 0x80003294 (0x411b5993) x19 0x00000000
core   0: 0x80003298 (0x000005d6) c.slli  a1, 21
core   0: 3 0x80003298 (0x05d6) x11 0x00000000
core   0: 0x8000329a (0x010b0533) add     a0, s6, a6
core   0: 3 0x8000329a (0x010b0533) x10 0x36678fed
core   0: 0x8000329e (0x0065f033) and     zero, a1, t1
core   0: 3 0x8000329e (0x0065f033)
core   0: 0x800032a2 (0x0000ce81) c.beqz  a3, pc + 24
core   0: 3 0x800032a2 (0xce81)
core   0: 0x800032ba (0x40185333) sra     t1, a6, ra
core   0: 3 0x800032ba (0x40185333) x 6 0x36678fed
core   0: 0x800032be (0x001e9b13) slli    s6, t4, 1
core   0: 3 0x800032be (0x001e9b13) x22 0xfffffffe
core   0: 0x800032c2 (0x00aaa8b3) slt     a7, s5, a0
core   0: 3 0x800032c2 (0x00aaa8b3) x17 0x00000001
core   0: 0x800032c6 (0x00005afd) c.li    s5, -1
core   0: 3 0x800032c6 (0x5afd) x21 0xffffffff
core   0: 0x800032c8 (0x03120b33) mul     s6, tp, a7
core   0: 3 0x800032c8 (0x03120b33) x22 0x0000008f
core   0: 0x800032cc (0xd5b82893) slti    a7, a6, -677
core   0: 3 0x800032cc (0xd5b82893) x17 0x00000000
core   0: 0x800032d0 (0x00008fe1) c.and   a5, s0
core   0: 3 0x800032d0 (0x8fe1) x15 0x00000000
core   0: 0x800032d2 (0x00481333) sll     t1, a6, tp
core   0: 3 0x800032d2 (0x00481333) x 6 0xc7f68000
core   0: 0x800032d6 (0xa83daf93) slti    t6, s11, -1405
core   0: 3 0x800032d6 (0xa83daf93) x31 0x00000000
core   0: 0x800032da (0x00005f7d) c.li    t5, -1
core   0: 3 0x800032da (0x5f7d) x30 0xffffffff
core   0: 0x800032dc (0x0000100f) fence.i
core   0: 3 0x800032dc (0x0000100f)
core   0: 0x800032e0 (0xf8760f13) addi    t5, a2, -121
core   0: 3 0x800032e0 (0xf8760f13) x30 0x00003f87
core   0: 0x800032e4 (0x0000ee1d) c.bnez  a2, pc + 62
core   0: 3 0x800032e4 (0xee1d)
core   0: 0x80003322 (0x40f5de93) srai    t4, a1, 15
core   0: 3 0x80003322 (0x40f5de93) x29 0x00000000
core   0: 0x80003326 (0x00a05fb3) srl     t6, zero, a0
core   0: 3 0x80003326 (0x00a05fb3) x31 0x00000000
core   0: 0x8000332a (0x0250cb33) div     s6, ra, t0
core   0: 3 0x8000332a (0x0250cb33) x22 0x00000000
core   0: 0x8000332e (0x00008979) c.andi  a0, 30
core   0: 3 0x8000332e (0x8979) x10 0x0000000c
core   0: 0x80003330 (0x0175cb33) xor     s6, a1, s7
core   0: 3 0x80003330 (0x0175cb33) x22 0x80026ce4
core   0: 0x80003334 (0x00000441) c.addi  s0, 16
core   0: 3 0x80003334 (0x0441) x 8 0x00000010
core   0: 0x80003336 (0x00000d84) c.addi4spn s1, sp, 720
core   0: 3 0x80003336 (0x0d84) x 9 0xf4624450
core   0: 0x80003338 (0x01568a63) beq     a3, s5, pc + 20
core   0: 3 0x80003338 (0x01568a63)
core   0: 0x8000333c (0x03744333) div     t1, s0, s7
core   0: 3 0x8000333c (0x03744333) x 6 0x00000000
core   0: 0x80003340 (0x03796233) rem     tp, s2, s7
core   0: 3 0x80003340 (0x03796233) x 4 0x0000063d
core   0: 0x80003344 (0x00b100b3) add     ra, sp, a1
core   0: 3 0x80003344 (0x00b100b3) x 1 0xf4624180
core   0: 0x80003348 (0x00e17cb3) and     s9, sp, a4
core   0: 3 0x80003348 (0x00e17cb3) x25 0x00000000
core   0: 0x8000334c (0x01a25633) srl     a2, tp, s10
core   0: 3 0x8000334c (0x01a25633) x12 0x00000000
core   0: 0x80003350 (0x00199c63) bne     s3, ra, pc + 24
core   0: 3 0x80003350 (0x00199c63)
core   0: 0x80003368 (0x02b8c463) blt     a7, a1, pc + 40
core   0: 3 0x80003368 (0x02b8c463)
core   0: 0x8000336c (0x0000c899) c.beqz  s1, pc + 22
core   0: 3 0x8000336c (0xc899)
core   0: 0x8000336e (0x00000001) c.nop
core   0: 3 0x8000336e (0x0001)
core   0: 0x80003370 (0x03fa4b63) blt     s4, t6, pc + 54
core   0: 3 0x80003370 (0x03fa4b63)
core   0: 0x800033a6 (0x00006225) c.lui   tp, 0x9
core   0: 3 0x800033a6 (0x6225) x 4 0x00009000
core   0: 0x800033a8 (0x00008ff9) c.and   a5, a4
core   0: 3 0x800033a8 (0x8ff9) x15 0x00000000
core   0: 0x800033aa (0xd7163a93) sltiu   s5, a2, -655
core   0: 3 0x800033aa (0xd7163a93) x21 0x00000001
core   0: 0x800033ae (0x01051033) sll     zero, a0, a6
core   0: 3 0x800033ae (0x01051033)
core   0: 0x800033b2 (0x00006155) c.addi16sp sp, 304
core   0: 3 0x800033b2 (0x6155) x 2 0xf46242b0
core   0: 0x800033b4 (0xb9372693) slti    a3, a4, -1133
core   0: 3 0x800033b4 (0xb9372693) x13 0x00000000
core   0: 0x800033b8 (0xb5aa8a93) addi    s5, s5, -1190
core   0: 3 0x800033b8 (0xb5aa8a93) x21 0xfffffb5b
core   0: 0x800033bc (0x00815493) srli    s1, sp, 8
core   0: 3 0x800033bc (0x00815493) x 9 0x00f46242
core   0: 0x800033c0 (0x006f93b3) sll     t2, t6, t1
core   0: 3 0x800033c0 (0x006f93b3) x 7 0x00000000
core   0: 0x800033c4 (0x00006cb5) c.lui   s9, 0xd
core   0: 3 0x800033c4 (0x6cb5) x25 0x0000d000
core   0: 0x800033c6 (0x00009caa) c.add   s9, a0
core   0: 3 0x800033c6 (0x9caa) x25 0x0000d00c
core   0: 0x800033c8 (0x00008272) c.mv    tp, t3
core   0: 3 0x800033c8 (0x8272) x 4 0x80022e64
core   0: 0x800033ca (0xfaa12793) slti    a5, sp, -86
core   0: 3 0x800033ca (0xfaa12793) x15 0x00000001
core   0: 0x800033ce (0xd5139a97) auipc   s5, 0xd5139
core   0: 3 0x800033ce (0xd5139a97) x21 0x5513c3ce
core   0: 0x800033d2 (0x0ff0000f) fence   iorw,iorw
core   0: 3 0x800033d2 (0x0ff0000f)
core   0: 0x800033d6 (0x00001e98) c.addi4spn a4, sp, 880
core   0: 3 0x800033d6 (0x1e98) x14 0xf4624620
core   0: 0x800033d8 (0x000009aa) c.slli  s3, 10
core   0: 3 0x800033d8 (0x09aa) x19 0x00000000
core   0: 0x800033da (0x03b1bd33) mulhu   s10, gp, s11
core   0: 3 0x800033da (0x03b1bd33) x26 0x00000005
core   0: 0x800033de (0x00008015) c.srli  s0, 5
core   0: 3 0x800033de (0x8015) x 8 0x00000000
core   0: 0x800033e0 (0x94d38113) addi    sp, t2, -1715
core   0: 3 0x800033e0 (0x94d38113) x 2 0xfffff94d
core   0: 0x800033e4 (0x02d09b33) mulh    s6, ra, a3
core   0: 3 0x800033e4 (0x02d09b33) x22 0x00000000
core   0: 0x800033e8 (0x015472b3) and     t0, s0, s5
core   0: 3 0x800033e8 (0x015472b3) x 5 0x00000000
core   0: 0x800033ec (0xefc47b13) andi    s6, s0, -260
core   0: 3 0x800033ec (0xefc47b13) x22 0x00000000
core   0: 0x800033f0 (0x0000577d) c.li    a4, -1
core   0: 3 0x800033f0 (0x577d) x14 0xffffffff
core   0: 0x800033f2 (0x008f7c33) and     s8, t5, s0
core   0: 3 0x800033f2 (0x008f7c33) x24 0x00000000
core   0: 0x800033f6 (0x00457333) and     t1, a0, tp
core   0: 3 0x800033f6 (0x00457333) x 6 0x00000004
core   0: 0x800033fa (0x0000834d) c.srli  a4, 19
core   0: 3 0x800033fa (0x834d) x14 0x00001fff
core   0: 0x800033fc (0x0000100f) fence.i
core   0: 3 0x800033fc (0x0000100f)
core   0: 0x80003400 (0x03da26b3) mulhsu  a3, s4, t4
core   0: 3 0x80003400 (0x03da26b3) x13 0x00000000
core   0: 0x80003404 (0x0021d833) srl     a6, gp, sp
core   0: 3 0x80003404 (0x0021d833) x16 0x00000000
core   0: 0x80003408 (0x00a9db13) srli    s6, s3, 10
core   0: 3 0x80003408 (0x00a9db13) x22 0x00000000
core   0: 0x8000340c (0x0271d9b3) divu    s3, gp, t2
core   0: 3 0x8000340c (0x0271d9b3) x19 0xffffffff
core   0: 0x80003410 (0xf9e90d17) auipc   s10, 0xf9e90
core   0: 3 0x80003410 (0xf9e90d17) x26 0x79e93410
core   0: 0x80003414 (0x00000001) c.nop
core   0: 3 0x80003414 (0x0001)
core   0: 0x80003416 (0x000003e6) c.slli  t2, 25
core   0: 3 0x80003416 (0x03e6) x 7 0x00000000
core   0: 0x80003418 (0x03bb1f33) mulh    t5, s6, s11
core   0: 3 0x80003418 (0x03bb1f33) x30 0x00000000
core   0: 0x8000341c (0xb04297b7) lui     a5, 0xb0429
core   0: 3 0x8000341c (0xb04297b7) x15 0xb0429000
core   0: 0x80003420 (0x0000987d) c.andi  s0, -1
core   0: 3 0x80003420 (0x987d) x 8 0x00000000
core   0: 0x80003422 (0x00000001) c.nop
core   0: 3 0x80003422 (0x0001)
core   0: 0x80003424 (0x406f55b3) sra     a1, t5, t1
core   0: 3 0x80003424 (0x406f55b3) x11 0x00000000
core   0: 0x80003428 (0x0226f163) bgeu    a3, sp, pc + 34
core   0: 3 0x80003428 (0x0226f163)
core   0: 0x8000342c (0x036d79b3) remu    s3, s10, s6
core   0: 3 0x8000342c (0x036d79b3) x19 0x79e93410
core   0: 0x80003430 (0x01ec4663) blt     s8, t5, pc + 12
core   0: 3 0x80003430 (0x01ec4663)
core   0: 0x80003434 (0x417b5713) srai    a4, s6, 23
core   0: 3 0x80003434 (0x417b5713) x14 0x00000000
core   0: 0x80003438 (0x00e03b33) snez    s6, a4
core   0: 3 0x80003438 (0x00e03b33) x22 0x00000000
core   0: 0x8000343c (0x01b6f833) and     a6, a3, s11
core   0: 3 0x8000343c (0x01b6f833) x16 0x00000000
core   0: 0x80003440 (0x00a77563) bgeu    a4, a0, pc + 10
core   0: 3 0x80003440 (0x00a77563)
core   0: 0x80003444 (0x000067b5) c.lui   a5, 0xd
core   0: 3 0x80003444 (0x67b5) x15 0x0000d000
core   0: 0x80003446 (0xd33c8b13) addi    s6, s9, -717
core   0: 3 0x80003446 (0xd33c8b13) x22 0x0000cd3f
core   0: 0x8000344a (0x006a1133) sll     sp, s4, t1
core   0: 3 0x8000344a (0x006a1133) x 2 0x00000000
core   0: 0x8000344e (0x4118d893) srai    a7, a7, 17
core   0: 3 0x8000344e (0x4118d893) x17 0x00000000
core   0: 0x80003452 (0x0eb0cb17) auipc   s6, 0xeb0c
core   0: 3 0x80003452 (0x0eb0cb17) x22 0x8eb0f452
core   0: 0x80003456 (0x0320bf33) mulhu   t5, ra, s2
core   0: 3 0x80003456 (0x0320bf33) x30 0x000005f4
core   0: 0x8000345a (0x00006131) c.addi16sp sp, 320
core   0: 3 0x8000345a (0x6131) x 2 0x00000140
core   0: 0x8000345c (0x00008b31) c.andi  a4, 12
core   0: 3 0x8000345c (0x8b31) x14 0x00000000
core   0: 0x8000345e (0xf78df113) andi    sp, s11, -136
core   0: 3 0x8000345e (0xf78df113) x 2 0x50ec4000
core   0: 0x80003462 (0x000083a2) c.mv    t2, s0
core   0: 3 0x80003462 (0x83a2) x 7 0x00000000
core   0: 0x80003464 (0x00945133) srl     sp, s0, s1
core   0: 3 0x80003464 (0x00945133) x 2 0x00000000
core   0: 0x80003468 (0x00aca9b3) slt     s3, s9, a0
core   0: 3 0x80003468 (0x00aca9b3) x19 0x00000000
core   0: 0x8000346c (0x01203633) snez    a2, s2
core   0: 3 0x8000346c (0x01203633) x12 0x00000001
core   0: 0x80003470 (0x00008ff5) c.and   a5, a3
core   0: 3 0x80003470 (0x8ff5) x15 0x00000000
core   0: 0x80003472 (0x0000087e) c.slli  a6, 31
core   0: 3 0x80003472 (0x087e) x16 0x00000000
core   0: 0x80003474 (0x40ac5613) srai    a2, s8, 10
core   0: 3 0x80003474 (0x40ac5613) x12 0x00000000
core   0: 0x80003478 (0x00386833) or      a6, a6, gp
core   0: 3 0x80003478 (0x00386833) x16 0x00000011
core   0: 0x8000347c (0x70754013) xori    zero, a0, 1799
core   0: 3 0x8000347c (0x70754013)
core   0: 0x80003480 (0x000085e1) c.srai  a1, 24
core   0: 3 0x80003480 (0x85e1) x11 0x00000000
core   0: 0x80003482 (0x004954b3) srl     s1, s2, tp
core   0: 3 0x80003482 (0x004954b3) x 9 0x00000063
core   0: 0x80003486 (0x03931e63) bne     t1, s9, pc + 60
core   0: 3 0x80003486 (0x03931e63)
core   0: 0x800034c2 (0x012bb5b3) sltu    a1, s7, s2
core   0: 3 0x800034c2 (0x012bb5b3) x11 0x00000000
core   0: 0x800034c6 (0x0189db33) srl     s6, s3, s8
core   0: 3 0x800034c6 (0x0189db33) x22 0x00000000
core   0: 0x800034ca (0x00006d31) c.lui   s10, 0xc
core   0: 3 0x800034ca (0x6d31) x26 0x0000c000
core   0: 0x800034cc (0x03b8e4b3) rem     s1, a7, s11
core   0: 3 0x800034cc (0x03b8e4b3) x 9 0x00000000
core   0: 0x800034d0 (0x025b2233) mulhsu  tp, s6, t0
core   0: 3 0x800034d0 (0x025b2233) x 4 0x00000000
core   0: 0x800034d4 (0x02279633) mulh    a2, a5, sp
core   0: 3 0x800034d4 (0x02279633) x12 0x00000000
core   0: 0x800034d8 (0x00008c25) c.xor   s0, s1
core   0: 3 0x800034d8 (0x8c25) x 8 0x00000000
core   0: 0x800034da (0xf90d8113) addi    sp, s11, -112
core   0: 3 0x800034da (0xf90d8113) x 2 0x50ec3f90
core   0: 0x800034de (0x0000812d) c.srli  a0, 11
core   0: 3 0x800034de (0x812d) x10 0x00000000
core   0: 0x800034e0 (0x00b042b3) xor     t0, zero, a1
core   0: 3 0x800034e0 (0x00b042b3) x 5 0x00000000
core   0: 0x800034e4 (0x0000010c) c.addi4spn a1, sp, 128
core   0: 3 0x800034e4 (0x010c) x11 0x50ec4010
core   0: 0x800034e6 (0x00008c69) c.and   s0, a0
core   0: 3 0x800034e6 (0x8c69) x 8 0x00000000
core   0: 0x800034e8 (0x0000139c) c.addi4spn a5, sp, 480
core   0: 3 0x800034e8 (0x139c) x15 0x50ec4170
core   0: 0x800034ea (0x8d842597) auipc   a1, 0x8d842
core   0: 3 0x800034ea (0x8d842597) x11 0x0d8454ea
core   0: 0x800034ee (0x00008cb1) c.xor   s1, a2
core   0: 3 0x800034ee (0x8cb1) x 9 0x00000000
core   0: 0x800034f0 (0x00008ddd) c.or    a1, a5
core   0: 3 0x800034f0 (0x8ddd) x11 0x5dec55fa
core   0: 0x800034f2 (0x02bf68b3) rem     a7, t5, a1
core   0: 3 0x800034f2 (0x02bf68b3) x17 0x000005f4
core   0: 0x800034f6 (0x017127b3) slt     a5, sp, s7
core   0: 3 0x800034f6 (0x017127b3) x15 0x00000000
core   0: 0x800034fa (0x015b9cb3) sll     s9, s7, s5
core   0: 3 0x800034fa (0x015b9cb3) x25 0x9b390000
core   0: 0x800034fe (0x00006b3d) c.lui   s6, 0xf
core   0: 3 0x800034fe (0x6b3d) x22 0x0000f000
core   0: 0x80003500 (0x00949263) bne     s1, s1, pc + 4
core   0: 3 0x80003500 (0x00949263)
core   0: 0x80003504 (0x906e3337) lui     t1, 0x906e3
core   0: 3 0x80003504 (0x906e3337) x 6 0x906e3000
core   0: 0x80003508 (0x000063f1) c.lui   t2, 0x1c
core   0: 3 0x80003508 (0x63f1) x 7 0x0001c000
core   0: 0x8000350a (0x0000717d) c.addi16sp sp, -16
core   0: 3 0x8000350a (0x717d) x 2 0x50ec3f80
core   0: 0x8000350c (0x000050fd) c.li    ra, -1
core   0: 3 0x8000350c (0x50fd) x 1 0xffffffff
core   0: 0x8000350e (0x0000e129) c.bnez  a0, pc + 66
core   0: 3 0x8000350e (0xe129)
core   0: 0x80003510 (0x000659b3) srl     s3, a2, zero
core   0: 3 0x80003510 (0x000659b3) x19 0x00000000
core   0: 0x80003514 (0x416bd3b3) sra     t2, s7, s6
core   0: 3 0x80003514 (0x416bd3b3) x 7 0x80026ce4
core   0: 0x80003518 (0x02a46363) bltu    s0, a0, pc + 38
core   0: 3 0x80003518 (0x02a46363)
core   0: 0x8000351c (0xaf962537) lui     a0, 0xaf962
core   0: 3 0x8000351c (0xaf962537) x10 0xaf962000
core   0: 0x80003520 (0x000000b2) c.slli  ra, 12
core   0: 3 0x80003520 (0x00b2) x 1 0xfffff000
core   0: 0x80003522 (0x00008e41) c.or    a2, s0
core   0: 3 0x80003522 (0x8e41) x12 0x00000000
core   0: 0x80003524 (0x0211d633) divu    a2, gp, ra
core   0: 3 0x80003524 (0x0211d633) x12 0x00000000
core   0: 0x80003528 (0x03bdf263) bgeu    s11, s11, pc + 36
core   0: 3 0x80003528 (0x03bdf263)
core   0: 0x8000354c (0x01b91693) slli    a3, s2, 27
core   0: 3 0x8000354c (0x01b91693) x13 0xe8000000
core   0: 0x80003550 (0x0000046a) c.slli  s0, 26
core   0: 3 0x80003550 (0x046a) x 8 0x00000000
core   0: 0x80003552 (0x00008bc1) c.andi  a5, 16
core   0: 3 0x80003552 (0x8bc1) x15 0x00000000
core   0: 0x80003554 (0x00201013) slli    zero, zero, 2
core   0: 3 0x80003554 (0x00201013)
core   0: 0x80003558 (0x0000ea11) c.bnez  a2, pc + 20
core   0: 3 0x80003558 (0xea11)
core   0: 0x8000355a (0x000083b1) c.srli  a5, 12
core   0: 3 0x8000355a (0x83b1) x15 0x00000000
core   0: 0x8000355c (0x000007c9) c.addi  a5, 18
core   0: 3 0x8000355c (0x07c9) x15 0x00000012
core   0: 0x8000355e (0x00006b4d) c.lui   s6, 0x13
core   0: 3 0x8000355e (0x6b4d) x22 0x00013000
core   0: 0x80003560 (0x00008f91) c.sub   a5, a2
core   0: 3 0x80003560 (0x8f91) x15 0x00000012
core   0: 0x80003562 (0x00efd513) srli    a0, t6, 14
core   0: 3 0x80003562 (0x00efd513) x10 0x00000000
core   0: 0x80003566 (0x03e3cdb3) div     s11, t2, t5
core   0: 3 0x80003566 (0x03e3cdb3) x27 0xffea8013
core   0: 0x8000356a (0x00004151) c.li    sp, 20
core   0: 3 0x8000356a (0x4151) x 2 0x00000014
core   0: 0x8000356c (0x02051b33) mulh    s6, a0, zero
core   0: 3 0x8000356c (0x02051b33) x22 0x00000000
core   0: 0x80003570 (0x00008c1d) c.sub   s0, a5
core   0: 3 0x80003570 (0x8c1d) x 8 0xffffffee
core   0: 0x80003572 (0x00742733) slt     a4, s0, t2
core   0: 3 0x80003572 (0x00742733) x14 0x00000000
core   0: 0x80003576 (0x03817733) remu    a4, sp, s8
core   0: 3 0x80003576 (0x03817733) x14 0x00000014
core   0: 0x8000357a (0x028473b3) remu    t2, s0, s0
core   0: 3 0x8000357a (0x028473b3) x 7 0x00000000
core   0: 0x8000357e (0x3d306417) auipc   s0, 0x3d306
core   0: 3 0x8000357e (0x3d306417) x 8 0xbd30957e
core   0: 0x80003582 (0x0000537d) c.li    t1, -1
core   0: 3 0x80003582 (0x537d) x 6 0xffffffff
core   0: 0x80003584 (0x01de7233) and     tp, t3, t4
core   0: 3 0x80003584 (0x01de7233) x 4 0x00000000
core   0: 0x80003588 (0x00ac5c63) bge     s8, a0, pc + 24
core   0: 3 0x80003588 (0x00ac5c63)
core   0: 0x800035a0 (0x01bc7233) and     tp, s8, s11
core   0: 3 0x800035a0 (0x01bc7233) x 4 0x00000000
core   0: 0x800035a4 (0x00000001) c.nop
core   0: 3 0x800035a4 (0x0001)
core   0: 0x800035a6 (0x00000761) c.addi  a4, 24
core   0: 3 0x800035a6 (0x0761) x14 0x0000002c
core   0: 0x800035a8 (0x00008ac2) c.mv    s5, a6
core   0: 3 0x800035a8 (0x8ac2) x21 0x00000011
core   0: 0x800035aa (0x00006cad) c.lui   s9, 0xb
core   0: 3 0x800035aa (0x6cad) x25 0x0000b000
core   0: 0x800035ac (0x01566cb3) or      s9, a2, s5
core   0: 3 0x800035ac (0x01566cb3) x25 0x00000011
core   0: 0x800035b0 (0x00008f39) c.xor   a4, a4
core   0: 3 0x800035b0 (0x8f39) x14 0x00000000
core   0: 0x800035b2 (0x00008a61) c.andi  a2, 24
core   0: 3 0x800035b2 (0x8a61) x12 0x00000000
core   0: 0x800035b4 (0x000098fd) c.andi  s1, -1
core   0: 3 0x800035b4 (0x98fd) x 9 0x00000000
core   0: 0x800035b6 (0x41425293) srai    t0, tp, 20
core   0: 3 0x800035b6 (0x41425293) x 5 0x00000000
core   0: 0x800035ba (0x000090f2) c.add   ra, t3
core   0: 3 0x800035ba (0x90f2) x 1 0x80021e64
core   0: 0x800035bc (0x0000100f) fence.i
core   0: 3 0x800035bc (0x0000100f)
core   0: 0x800035c0 (0x00001098) c.addi4spn a4, sp, 96
core   0: 3 0x800035c0 (0x1098) x14 0x00000074
core   0: 0x800035c2 (0x00005cfd) c.li    s9, -1
core   0: 3 0x800035c2 (0x5cfd) x25 0xffffffff
core   0: 0x800035c4 (0x00cff6b3) and     a3, t6, a2
core   0: 3 0x800035c4 (0x00cff6b3) x13 0x00000000
core   0: 0x800035c8 (0x020b9263) bnez    s7, pc + 36
core   0: 3 0x800035c8 (0x020b9263)
core   0: 0x800035ec (0x0000717d) c.addi16sp sp, -16
core   0: 3 0x800035ec (0x717d) x 2 0x00000004
core   0: 0x800035ee (0x0508d363) bge     a7, a6, pc + 70
core   0: 3 0x800035ee (0x0508d363)
core   0: 0x80003634 (0x0000e911) c.bnez  a0, pc + 20
core   0: 3 0x80003634 (0xe911)
core   0: 0x80003636 (0x35d52093) slti    ra, a0, 861
core   0: 3 0x80003636 (0x35d52093) x 1 0x00000001
core   0: 0x8000363a (0x41735f13) srai    t5, t1, 23
core   0: 3 0x8000363a (0x41735f13) x30 0xffffffff
core   0: 0x8000363e (0x00d75cb3) srl     s9, a4, a3
core   0: 3 0x8000363e (0x00d75cb3) x25 0x00000074
core   0: 0x80003642 (0x00009cee) c.add   s9, s11
core   0: 3 0x80003642 (0x9cee) x25 0xffea8087
core   0: 0x80003644 (0x38e78713) addi    a4, a5, 910
core   0: 3 0x80003644 (0x38e78713) x14 0x000003a0
core   0: 0x80003648 (0x00a213b3) sll     t2, tp, a0
core   0: 3 0x80003648 (0x00a213b3) x 7 0x00000000
core   0: 0x8000364c (0x039d90b3) mulh    ra, s11, s9
core   0: 3 0x8000364c (0x039d90b3) x 1 0x000001ce
core   0: 0x80003650 (0x4136d833) sra     a6, a3, s3
core   0: 3 0x80003650 (0x4136d833) x16 0x00000000
core   0: 0x80003654 (0x00008db5) c.xor   a1, a3
core   0: 3 0x80003654 (0x8db5) x11 0x5dec55fa
core   0: 0x80003656 (0xcf214193) xori    gp, sp, -782
core   0: 3 0x80003656 (0xcf214193) x 3 0xfffffcf6
core   0: 0x8000365a (0x0000029c) c.addi4spn a5, sp, 320
core   0: 3 0x8000365a (0x029c) x15 0x00000144
core   0: 0x8000365c (0x02515ab3) divu    s5, sp, t0
core   0: 3 0x8000365c (0x02515ab3) x21 0xffffffff
core   0: 0x80003660 (0xff600693) li      a3, -10
core   0: 3 0x80003660 (0xff600693) x13 0xfffffff6
core   0: 0x80003664 (0x00008c5d) c.or    s0, a5
core   0: 3 0x80003664 (0x8c5d) x 8 0xbd30957e
core   0: 0x80003666 (0x00c99b13) slli    s6, s3, 12
core   0: 3 0x80003666 (0x00c99b13) x22 0x00000000
core   0: 0x8000366a (0x03376033) rem     zero, a4, s3
core   0: 3 0x8000366a (0x03376033)
core   0: 0x8000366e (0x0000616d) c.addi16sp sp, 240
core   0: 3 0x8000366e (0x616d) x 2 0x000000f4
core   0: 0x80003670 (0x00000001) c.nop
core   0: 3 0x80003670 (0x0001)
core   0: 0x80003672 (0x00009162) c.add   sp, s8
core   0: 3 0x80003672 (0x9162) x 2 0x000000f4
core   0: 0x80003674 (0xfef00f93) li      t6, -17
core   0: 3 0x80003674 (0xfef00f93) x31 0xffffffef
core   0: 0x80003678 (0xeca6a993) slti    s3, a3, -310
core   0: 3 0x80003678 (0xeca6a993) x19 0x00000000
core   0: 0x8000367c (0x000016e5) c.addi  a3, -7
core   0: 3 0x8000367c (0x16e5) x13 0xffffffef
core   0: 0x8000367e (0x00600d13) li      s10, 6
core   0: 3 0x8000367e (0x00600d13) x26 0x00000006
core   0: 0x80003682 (0x406b5f13) srai    t5, s6, 6
core   0: 3 0x80003682 (0x406b5f13) x30 0x00000000
core   0: 0x80003686 (0x00500313) li      t1, 5
core   0: 3 0x80003686 (0x00500313) x 6 0x00000005
core   0: 0x8000368a (0xb6c78513) addi    a0, a5, -1172
core   0: 3 0x8000368a (0xb6c78513) x10 0xfffffcb0
core   0: 0x8000368e (0x00008ec2) c.mv    t4, a6
core   0: 3 0x8000368e (0x8ec2) x29 0x00000000
core   0: 0x80003690 (0x0000717d) c.addi16sp sp, -16
core   0: 3 0x80003690 (0x717d) x 2 0x000000e4
core   0: 0x80003692 (0x7558e193) ori     gp, a7, 1877
core   0: 3 0x80003692 (0x7558e193) x 3 0x000007f5
core   0: 0x80003696 (0x000058fd) c.li    a7, -1
core   0: 3 0x80003696 (0x58fd) x17 0xffffffff
core   0: 0x80003698 (0x0346e9b3) rem     s3, a3, s4
core   0: 3 0x80003698 (0x0346e9b3) x19 0xffffffef
core   0: 0x8000369c (0x034cb733) mulhu   a4, s9, s4
core   0: 3 0x8000369c (0x034cb733) x14 0x7ff54043
core   0: 0x800036a0 (0x404d8433) sub     s0, s11, tp
core   0: 3 0x800036a0 (0x404d8433) x 8 0xffea8013
core   0: 0x800036a4 (0x00001d71) c.addi  s10, -4
core   0: 3 0x800036a4 (0x1d71) x26 0x00000002
core   0: 0x800036a6 (0x00000916) c.slli  s2, 5
core   0: 3 0x800036a6 (0x0916) x18 0x0000c7a0
core   0: 0x800036a8 (0xfe6d75e3) bgeu    s10, t1, pc - 22
core   0: 3 0x800036a8 (0xfe6d75e3)
core   0: 0x800036ac (0xfdf696e3) bne     a3, t6, pc - 52
core   0: 3 0x800036ac (0xfdf696e3)
core   0: 0x800036b0 (0xac494913) xori    s2, s2, -1340
core   0: 3 0x800036b0 (0xac494913) x18 0xffff3d64
core   0: 0x800036b4 (0x00008799) c.srai  a5, 6
core   0: 3 0x800036b4 (0x8799) x15 0x00000005
core   0: 0x800036b6 (0x4052dd93) srai    s11, t0, 5
core   0: 3 0x800036b6 (0x4052dd93) x27 0x00000000
core   0: 0x800036ba (0x03b60233) mul     tp, a2, s11
core   0: 3 0x800036ba (0x03b60233) x 4 0x00000000
core   0: 0x800036be (0x00f09cb3) sll     s9, ra, a5
core   0: 3 0x800036be (0x00f09cb3) x25 0x000039c0
core   0: 0x800036c2 (0x00005c7d) c.li    s8, -1
core   0: 3 0x800036c2 (0x5c7d) x24 0xffffffff
core   0: 0x800036c4 (0x01796fb3) or      t6, s2, s7
core   0: 3 0x800036c4 (0x01796fb3) x31 0xffff7de4
core   0: 0x800036c8 (0x6ab20613) addi    a2, tp, 1707
core   0: 3 0x800036c8 (0x6ab20613) x12 0x000006ab
core   0: 0x800036cc (0x02698d63) beq     s3, t1, pc + 58
core   0: 3 0x800036cc (0x02698d63)
core   0: 0x800036d0 (0x837fad13) slti    s10, t6, -1993
core   0: 3 0x800036d0 (0x837fad13) x26 0x00000001
core   0: 0x800036d4 (0x00009ae2) c.add   s5, s8
core   0: 3 0x800036d4 (0x9ae2) x21 0xfffffffe
core   0: 0x800036d6 (0x01778033) add     zero, a5, s7
core   0: 3 0x800036d6 (0x01778033)
core   0: 0x800036da (0x56f04813) xori    a6, zero, 1391
core   0: 3 0x800036da (0x56f04813) x16 0x0000056f
core   0: 0x800036de (0x036e4533) div     a0, t3, s6
core   0: 3 0x800036de (0x036e4533) x10 0xffffffff
core   0: 0x800036e2 (0x00006efd) c.lui   t4, 0x1f
core   0: 3 0x800036e2 (0x6efd) x29 0x0001f000
core   0: 0x800036e4 (0x00008ef9) c.and   a3, a4
core   0: 3 0x800036e4 (0x8ef9) x13 0x7ff54043
core   0: 0x800036e6 (0x400bd9b3) sra     s3, s7, zero
core   0: 3 0x800036e6 (0x400bd9b3) x19 0x80026ce4
core   0: 0x800036ea (0x32314893) xori    a7, sp, 803
core   0: 3 0x800036ea (0x32314893) x17 0x000003c7
core   0: 0x800036ee (0x949fc293) xori    t0, t6, -1719
core   0: 3 0x800036ee (0x949fc293) x 5 0x000084ad
core   0: 0x800036f2 (0x00000926) c.slli  s2, 9
core   0: 3 0x800036f2 (0x0926) x18 0xfe7ac800
core   0: 0x800036f4 (0x0027f763) bgeu    a5, sp, pc + 14
core   0: 3 0x800036f4 (0x0027f763)
core   0: 0x800036f8 (0x00009b06) c.add   s6, ra
core   0: 3 0x800036f8 (0x9b06) x22 0x000001ce
core   0: 0x800036fa (0x000001cd) c.addi  gp, 19
core   0: 3 0x800036fa (0x01cd) x 3 0x00000808
core   0: 0x800036fc (0x00000001) c.nop
core   0: 3 0x800036fc (0x0001)
core   0: 0x800036fe (0x023d63b3) rem     t2, s10, gp
core   0: 3 0x800036fe (0x023d63b3) x 7 0x00000001
core   0: 0x80003702 (0x0146db13) srli    s6, a3, 20
core   0: 3 0x80003702 (0x0146db13) x22 0x000007ff
core   0: 0x80003706 (0x00c61c33) sll     s8, a2, a2
core   0: 3 0x80003706 (0x00c61c33) x24 0x00355800
core   0: 0x8000370a (0x415f5693) srai    a3, t5, 21
core   0: 3 0x8000370a (0x415f5693) x13 0x00000000
core   0: 0x8000370e (0x004e83b3) add     t2, t4, tp
core   0: 3 0x8000370e (0x004e83b3) x 7 0x0001f000
core   0: 0x80003712 (0x00700493) li      s1, 7
core   0: 3 0x80003712 (0x00700493) x 9 0x00000007
core   0: 0x80003716 (0x0ff0000f) fence   iorw,iorw
core   0: 3 0x80003716 (0x0ff0000f)
core   0: 0x8000371a (0x00f371b3) and     gp, t1, a5
core   0: 3 0x8000371a (0x00f371b3) x 3 0x00000005
core   0: 0x8000371e (0x406a5333) sra     t1, s4, t1
core   0: 3 0x8000371e (0x406a5333) x 6 0xfc000000
core   0: 0x80003722 (0x8de3d837) lui     a6, 0x8de3d
core   0: 3 0x80003722 (0x8de3d837) x16 0x8de3d000
core   0: 0x80003726 (0x4cd47893) andi    a7, s0, 1229
core   0: 3 0x80003726 (0x4cd47893) x17 0x00000001
core   0: 0x8000372a (0x00000001) c.nop
core   0: 3 0x8000372a (0x0001)
core   0: 0x8000372c (0x402dd693) srai    a3, s11, 2
core   0: 3 0x8000372c (0x402dd693) x13 0x00000000
core   0: 0x80003730 (0x411fd293) srai    t0, t6, 17
core   0: 3 0x80003730 (0x411fd293) x 5 0xffffffff
core   0: 0x80003734 (0x000099ae) c.add   s3, a1
core   0: 3 0x80003734 (0x99ae) x19 0xddeec2de
core   0: 0x80003736 (0x000081dd) c.srli  a1, 23
core   0: 3 0x80003736 (0x81dd) x11 0x000000bb
core   0: 0x80003738 (0x000014e5) c.addi  s1, -7
core   0: 3 0x80003738 (0x14e5) x 9 0x00000000
core   0: 0x8000373a (0xff700093) li      ra, -9
core   0: 3 0x8000373a (0xff700093) x 1 0xfffffff7
core   0: 0x8000373e (0x0000033d) c.addi  t1, 15
core   0: 3 0x8000373e (0x033d) x 6 0xfc00000f
core   0: 0x80003740 (0x00b00113) li      sp, 11
core   0: 3 0x80003740 (0x00b00113) x 2 0x0000000b
core   0: 0x80003744 (0x01ccd1b3) srl     gp, s9, t3
core   0: 3 0x80003744 (0x01ccd1b3) x 3 0x0000039c
core   0: 0x80003748 (0x0000100f) fence.i
core   0: 3 0x80003748 (0x0000100f)
core   0: 0x8000374c (0x003f4ab3) xor     s5, t5, gp
core   0: 3 0x8000374c (0x003f4ab3) x21 0x0000039c
core   0: 0x80003750 (0x02b8f5b3) remu    a1, a7, a1
core   0: 3 0x80003750 (0x02b8f5b3) x11 0x00000001
core   0: 0x80003754 (0x00008f29) c.xor   a4, a0
core   0: 3 0x80003754 (0x8f29) x14 0x800abfbc
core   0: 0x80003756 (0x40a25233) sra     tp, tp, a0
core   0: 3 0x80003756 (0x40a25233) x 4 0x00000000
core   0: 0x8000375a (0x00000095) c.addi  ra, 5
core   0: 3 0x8000375a (0x0095) x 1 0xfffffffc
core   0: 0x8000375c (0xfe20ece3) bltu    ra, sp, pc - 8
core   0: 3 0x8000375c (0xfe20ece3)
core   0: 0x80003760 (0x0000f8f1) c.bnez  s1, pc - 44
core   0: 3 0x80003760 (0xf8f1)
core   0: 0x80003762 (0x00008419) c.srai  s0, 6
core   0: 3 0x80003762 (0x8419) x 8 0xffffaa00
core   0: 0x80003764 (0x000085d5) c.srai  a1, 21
core   0: 3 0x80003764 (0x85d5) x11 0x00000000
core   0: 0x80003766 (0x0000e319) c.bnez  a4, pc + 6
core   0: 3 0x80003766 (0xe319)
core   0: 0x8000376c (0x405f0733) sub     a4, t5, t0
core   0: 3 0x8000376c (0x405f0733) x14 0x00000001
core   0: 0x80003770 (0x000086d9) c.srai  a3, 22
core   0: 3 0x80003770 (0x86d9) x13 0x00000000
core   0: 0x80003772 (0x02878663) beq     a5, s0, pc + 44
core   0: 3 0x80003772 (0x02878663)
core   0: 0x80003776 (0x001e2ab3) slt     s5, t3, ra
core   0: 3 0x80003776 (0x001e2ab3) x21 0x00000001
core   0: 0x8000377a (0x032fedb3) rem     s11, t6, s2
core   0: 3 0x8000377a (0x032fedb3) x27 0xffff7de4
core   0: 0x8000377e (0x0376b433) mulhu   s0, a3, s7
core   0: 3 0x8000377e (0x0376b433) x 8 0x00000000
core   0: 0x80003782 (0x02779f33) mulh    t5, a5, t2
core   0: 3 0x80003782 (0x02779f33) x30 0x00000000
core   0: 0x80003786 (0xbbbf3e93) sltiu   t4, t5, -1093
core   0: 3 0x80003786 (0xbbbf3e93) x29 0x00000001
core   0: 0x8000378a (0x00006109) c.addi16sp sp, 128
core   0: 3 0x8000378a (0x6109) x 2 0x0000008b
core   0: 0x8000378c (0x0000eb11) c.bnez  a4, pc + 20
core   0: 3 0x8000378c (0xeb11)
core   0: 0x800037a0 (0x00000001) c.nop
core   0: 3 0x800037a0 (0x0001)
core   0: 0x800037a2 (0x41198cb3) sub     s9, s3, a7
core   0: 3 0x800037a2 (0x41198cb3) x25 0xddeec2dd
core   0: 0x800037a6 (0x00008fbd) c.xor   a5, a5
core   0: 3 0x800037a6 (0x8fbd) x15 0x00000000
core   0: 0x800037a8 (0x0096d913) srli    s2, a3, 9
core   0: 3 0x800037a8 (0x0096d913) x18 0x00000000
core   0: 0x800037ac (0x03121433) mulh    s0, tp, a7
core   0: 3 0x800037ac (0x03121433) x 8 0x00000000
core   0: 0x800037b0 (0x060f0d63) beqz    t5, pc + 122
core   0: 3 0x800037b0 (0x060f0d63)
core   0: 0x8000382a (0x03d3b833) mulhu   a6, t2, t4
core   0: 3 0x8000382a (0x03d3b833) x16 0x00000000
core   0: 0x8000382e (0x79d0b693) sltiu   a3, ra, 1949
core   0: 3 0x8000382e (0x79d0b693) x13 0x00000000
core   0: 0x80003832 (0x033e6563) bltu    t3, s3, pc + 42
core   0: 3 0x80003832 (0x033e6563)
core   0: 0x8000385c (0x00000b4e) c.slli  s6, 19
core   0: 3 0x8000385c (0x0b4e) x22 0x3ff80000
core   0: 0x8000385e (0x00200513) li      a0, 2
core   0: 3 0x8000385e (0x00200513) x10 0x00000002
core   0: 0x80003862 (0x00400b13) li      s6, 4
core   0: 3 0x80003862 (0x00400b13) x22 0x00000004
core   0: 0x80003866 (0x09782393) slti    t2, a6, 151
core   0: 3 0x80003866 (0x09782393) x 7 0x00000001
core   0: 0x8000386a (0x59716113) ori     sp, sp, 1431
core   0: 3 0x8000386a (0x59716113) x 2 0x0000059f
core   0: 0x8000386e (0xcadc0393) addi    t2, s8, -851
core   0: 3 0x8000386e (0xcadc0393) x 7 0x003554ad
core   0: 0x80003872 (0x00000525) c.addi  a0, 9
core   0: 3 0x80003872 (0x0525) x10 0x0000000b
core   0: 0x80003874 (0xc9b44eb7) lui     t4, 0xc9b44
core   0: 3 0x80003874 (0xc9b44eb7) x29 0xc9b44000
core   0: 0x80003878 (0x00600693) li      a3, 6
core   0: 3 0x80003878 (0x00600693) x13 0x00000006
core   0: 0x8000387c (0x00000001) c.nop
core   0: 3 0x8000387c (0x0001)
core   0: 0x8000387e (0x002e0c33) add     s8, t3, sp
core   0: 3 0x8000387e (0x002e0c33) x24 0x80023403
core   0: 0x80003882 (0x45c1c313) xori    t1, gp, 1116
core   0: 3 0x80003882 (0x45c1c313) x 6 0x000007c0
core   0: 0x80003886 (0x00008f7d) c.and   a4, a5
core   0: 3 0x80003886 (0x8f7d) x14 0x00000000
core   0: 0x80003888 (0x000016f9) c.addi  a3, -2
core   0: 3 0x80003888 (0x16f9) x13 0x00000004
core   0: 0x8000388a (0x0000daf5) c.beqz  a3, pc - 12
core   0: 3 0x8000388a (0xdaf5)
core   0: 0x8000388c (0x27414793) xori    a5, sp, 628
core   0: 3 0x8000388c (0x27414793) x15 0x000007eb
core   0: 0x80003890 (0xfd656be3) bltu    a0, s6, pc - 42
core   0: 3 0x80003890 (0xfd656be3)
core   0: 0x80003894 (0x00000eb2) c.slli  t4, 12
core   0: 3 0x80003894 (0x0eb2) x29 0x44000000
core   0: 0x80003896 (0x030220b3) mulhsu  ra, tp, a6
core   0: 3 0x80003896 (0x030220b3) x 1 0x00000000
core   0: 0x8000389a (0x03187e63) bgeu    a6, a7, pc + 60
core   0: 3 0x8000389a (0x03187e63)
core   0: 0x8000389e (0x00008cf1) c.and   s1, a2
core   0: 3 0x8000389e (0x8cf1) x 9 0x00000000
core   0: 0x800038a0 (0x2557ab13) slti    s6, a5, 597
core   0: 3 0x800038a0 (0x2557ab13) x22 0x00000000
core   0: 0x800038a4 (0xa330bd17) auipc   s10, 0xa330b
core   0: 3 0x800038a4 (0xa330bd17) x26 0x2330e8a4
core   0: 0x800038a8 (0x1601b893) sltiu   a7, gp, 352
core   0: 3 0x800038a8 (0x1601b893) x17 0x00000000
core   0: 0x800038ac (0x0182ce93) xori    t4, t0, 24
core   0: 3 0x800038ac (0x0182ce93) x29 0xffffffe7
core   0: 0x800038b0 (0x02297533) remu    a0, s2, sp
core   0: 3 0x800038b0 (0x02297533) x10 0x00000000
core   0: 0x800038b4 (0x00008ca1) c.xor   s1, s0
core   0: 3 0x800038b4 (0x8ca1) x 9 0x00000000
core   0: 0x800038b6 (0x4134df93) srai    t6, s1, 19
core   0: 3 0x800038b6 (0x4134df93) x31 0x00000000
core   0: 0x800038ba (0x02836863) bltu    t1, s0, pc + 48
core   0: 3 0x800038ba (0x02836863)
core   0: 0x800038be (0x03faa733) mulhsu  a4, s5, t6
core   0: 3 0x800038be (0x03faa733) x14 0x00000000
core   0: 0x800038c2 (0x00006109) c.addi16sp sp, 128
core   0: 3 0x800038c2 (0x6109) x 2 0x0000061f
core   0: 0x800038c4 (0x0000e489) c.bnez  s1, pc + 10
core   0: 3 0x800038c4 (0xe489)
core   0: 0x800038c6 (0x03c5f033) remu    zero, a1, t3
core   0: 3 0x800038c6 (0x03c5f033)
core   0: 0x800038ca (0x00b89a63) bne     a7, a1, pc + 20
core   0: 3 0x800038ca (0x00b89a63)
core   0: 0x800038ce (0x000082a1) c.srli  a3, 8
core   0: 3 0x800038ce (0x82a1) x13 0x00000000
core   0: 0x800038d0 (0x00001610) c.addi4spn a2, sp, 800
core   0: 3 0x800038d0 (0x1610) x12 0x0000093f
core   0: 0x800038d2 (0x00537c63) bgeu    t1, t0, pc + 24
core   0: 3 0x800038d2 (0x00537c63)
core   0: 0x800038d6 (0xeebbe393) ori     t2, s7, -277
core   0: 3 0x800038d6 (0xeebbe393) x 7 0xfffffeef
core   0: 0x800038da (0x03514063) blt     sp, s5, pc + 32
core   0: 3 0x800038da (0x03514063)
core   0: 0x800038de (0x00008615) c.srai  a2, 5
core   0: 3 0x800038de (0x8615) x12 0x00000049
core   0: 0x800038e0 (0x00a38763) beq     t2, a0, pc + 14
core   0: 3 0x800038e0 (0x00a38763)
core   0: 0x800038e4 (0x000086a9) c.srai  a3, 10
core   0: 3 0x800038e4 (0x86a9) x13 0x00000000
core   0: 0x800038e6 (0x0000e911) c.bnez  a0, pc + 20
core   0: 3 0x800038e6 (0xe911)
core   0: 0x800038e8 (0x00000b5e) c.slli  s6, 23
core   0: 3 0x800038e8 (0x0b5e) x22 0x00000000
core   0: 0x800038ea (0x01ace363) bltu    s9, s10, pc + 6
core   0: 3 0x800038ea (0x01ace363)
core   0: 0x800038ee (0x0000e01d) c.bnez  s0, pc + 38
core   0: 3 0x800038ee (0xe01d)
core   0: 0x800038f0 (0x0000717d) c.addi16sp sp, -16
core   0: 3 0x800038f0 (0x717d) x 2 0x0000060f
core   0: 0x800038f2 (0x0284feb3) remu    t4, s1, s0
core   0: 3 0x800038f2 (0x0284feb3) x29 0x00000000
core   0: 0x800038f6 (0x40d10333) sub     t1, sp, a3
core   0: 3 0x800038f6 (0x40d10333) x 6 0x0000060f
core   0: 0x800038fa (0x0ff0000f) fence   iorw,iorw
core   0: 3 0x800038fa (0x0ff0000f)
core   0: 0x800038fe (0x00008261) c.srli  a2, 24
core   0: 3 0x800038fe (0x8261) x12 0x00000000
core   0: 0x80003900 (0x41b386b3) sub     a3, t2, s11
core   0: 3 0x80003900 (0x41b386b3) x13 0x0000810b
core   0: 0x80003904 (0x002e94b3) sll     s1, t4, sp
core   0: 3 0x80003904 (0x002e94b3) x 9 0x00000000
core   0: 0x80003908 (0x011ca2b3) slt     t0, s9, a7
core   0: 3 0x80003908 (0x011ca2b3) x 5 0x00000001
core   0: 0x8000390c (0x359cb997) auipc   s3, 0x359cb
core   0: 3 0x8000390c (0x359cb997) x19 0xb59ce90c
core   0: 0x80003910 (0x05d2c463) blt     t0, t4, pc + 72
core   0: 3 0x80003910 (0x05d2c463)
core   0: 0x80003914 (0x00005f7d) c.li    t5, -1
core   0: 3 0x80003914 (0x5f7d) x30 0xffffffff
core   0: 0x80003916 (0x00008751) c.srai  a4, 20
core   0: 3 0x80003916 (0x8751) x14 0x00000000
core   0: 0x80003918 (0x0096b5b3) sltu    a1, a3, s1
core   0: 3 0x80003918 (0x0096b5b3) x11 0x00000000
core   0: 0x8000391c (0x04b91563) bne     s2, a1, pc + 74
core   0: 3 0x8000391c (0x04b91563)
core   0: 0x80003920 (0x00f96b33) or      s6, s2, a5
core   0: 3 0x80003920 (0x00f96b33) x22 0x000007eb
core   0: 0x80003924 (0x02a4e433) rem     s0, s1, a0
core   0: 3 0x80003924 (0x02a4e433) x 8 0x00000000
core   0: 0x80003928 (0x01661b13) slli    s6, a2, 22
core   0: 3 0x80003928 (0x01661b13) x22 0x00000000
core   0: 0x8000392c (0x03ba0863) beq     s4, s11, pc + 48
core   0: 3 0x8000392c (0x03ba0863)
core   0: 0x80003930 (0x418586b3) sub     a3, a1, s8
core   0: 3 0x80003930 (0x418586b3) x13 0x7ffdcbfd
core   0: 0x80003934 (0x106e1c97) auipc   s9, 0x106e1
core   0: 3 0x80003934 (0x106e1c97) x25 0x906e4934
core   0: 0x80003938 (0x0000e71d) c.bnez  a4, pc + 46
core   0: 3 0x80003938 (0xe71d)
core   0: 0x8000393a (0x02f1d4b3) divu    s1, gp, a5
core   0: 3 0x8000393a (0x02f1d4b3) x 9 0x00000000
core   0: 0x8000393e (0x010abab3) sltu    s5, s5, a6
core   0: 3 0x8000393e (0x010abab3) x21 0x00000000
core   0: 0x80003942 (0xcac14193) xori    gp, sp, -852
core   0: 3 0x80003942 (0xcac14193) x 3 0xfffffaa3
core   0: 0x80003946 (0xa50b6993) ori     s3, s6, -1456
core   0: 3 0x80003946 (0xa50b6993) x19 0xfffffa50
core   0: 0x8000394a (0x00009b7d) c.andi  a4, -1
core   0: 3 0x8000394a (0x9b7d) x14 0x00000000
core   0: 0x8000394c (0x00f3f133) and     sp, t2, a5
core   0: 3 0x8000394c (0x00f3f133) x 2 0x000006eb
core   0: 0x80003950 (0x01d6c963) blt     a3, t4, pc + 18
core   0: 3 0x80003950 (0x01d6c963)
core   0: 0x80003954 (0x000ad3b3) srl     t2, s5, zero
core   0: 3 0x80003954 (0x000ad3b3) x 7 0x00000000
core   0: 0x80003958 (0x1c57c913) xori    s2, a5, 453
core   0: 3 0x80003958 (0x1c57c913) x18 0x0000062e
core   0: 0x8000395c (0x000068b1) c.lui   a7, 0xc
core   0: 3 0x8000395c (0x68b1) x17 0x0000c000
core   0: 0x8000395e (0x02a30c33) mul     s8, t1, a0
core   0: 3 0x8000395e (0x02a30c33) x24 0x00000000
core   0: 0x80003962 (0x00635d33) srl     s10, t1, t1
core   0: 3 0x80003962 (0x00635d33) x26 0x00000000
core   0: 0x80003966 (0x00000001) c.nop
core   0: 3 0x80003966 (0x0001)
core   0: 0x80003968 (0x03709b33) mulh    s6, ra, s7
core   0: 3 0x80003968 (0x03709b33) x22 0x00000000
core   0: 0x8000396c (0x0082b4b3) sltu    s1, t0, s0
core   0: 3 0x8000396c (0x0082b4b3) x 9 0x00000000
core   0: 0x80003970 (0x40f65533) sra     a0, a2, a5
core   0: 3 0x80003970 (0x40f65533) x10 0x00000000
core   0: 0x80003974 (0x03701133) mulh    sp, zero, s7
core   0: 3 0x80003974 (0x03701133) x 2 0x00000000
core   0: 0x80003978 (0x0000e801) c.bnez  s0, pc + 16
core   0: 3 0x80003978 (0xe801)
core   0: 0x8000397a (0x000009ee) c.slli  s3, 27
core   0: 3 0x8000397a (0x09ee) x19 0x80000000
core   0: 0x8000397c (0x01b2c433) xor     s0, t0, s11
core   0: 3 0x8000397c (0x01b2c433) x 8 0xffff7de5
core   0: 0x80003980 (0x02080d63) beqz    a6, pc + 58
core   0: 3 0x80003980 (0x02080d63)
core   0: 0x800039ba (0x40988ab3) sub     s5, a7, s1
core   0: 3 0x800039ba (0x40988ab3) x21 0x0000c000
core   0: 0x800039be (0x00412633) slt     a2, sp, tp
core   0: 3 0x800039be (0x00412633) x12 0x00000000
core   0: 0x800039c2 (0x3f7db193) sltiu   gp, s11, 1015
core   0: 3 0x800039c2 (0x3f7db193) x 3 0x00000000
core   0: 0x800039c6 (0x00000001) c.nop
core   0: 3 0x800039c6 (0x0001)
core   0: 0x800039c8 (0x008e37b3) sltu    a5, t3, s0
core   0: 3 0x800039c8 (0x008e37b3) x15 0x00000001
core   0: 0x800039cc (0x02362c33) mulhsu  s8, a2, gp
core   0: 3 0x800039cc (0x02362c33) x24 0x00000000
core   0: 0x800039d0 (0x00bc7433) and     s0, s8, a1
core   0: 3 0x800039d0 (0x00bc7433) x 8 0x00000000
core   0: 0x800039d4 (0x41da6593) ori     a1, s4, 1053
core   0: 3 0x800039d4 (0x41da6593) x11 0x8000041d
core   0: 0x800039d8 (0x415b06b3) sub     a3, s6, s5
core   0: 3 0x800039d8 (0x415b06b3) x13 0xffff4000
core   0: 0x800039dc (0x00008eed) c.and   a3, a1
core   0: 3 0x800039dc (0x8eed) x13 0x80000000
core   0: 0x800039de (0x00008dd5) c.or    a1, a3
core   0: 3 0x800039de (0x8dd5) x11 0x8000041d
core   0: 0x800039e0 (0x40498633) sub     a2, s3, tp
core   0: 3 0x800039e0 (0x40498633) x12 0x80000000
core   0: 0x800039e4 (0x00ca1d63) bne     s4, a2, pc + 26
core   0: 3 0x800039e4 (0x00ca1d63)
core   0: 0x800039e8 (0x40da5c33) sra     s8, s4, a3
core   0: 3 0x800039e8 (0x40da5c33) x24 0x80000000
core   0: 0x800039ec (0x00008cd6) c.mv    s9, s5
core   0: 3 0x800039ec (0x8cd6) x25 0x0000c000
core   0: 0x800039ee (0x01ab5d13) srli    s10, s6, 26
core   0: 3 0x800039ee (0x01ab5d13) x26 0x00000000
core   0: 0x800039f2 (0x87a67013) andi    zero, a2, -1926
core   0: 3 0x800039f2 (0x87a67013)
core   0: 0x800039f6 (0x013f1113) slli    sp, t5, 19
core   0: 3 0x800039f6 (0x013f1113) x 2 0xfff80000
core   0: 0x800039fa (0x03d82633) mulhsu  a2, a6, t4
core   0: 3 0x800039fa (0x03d82633) x12 0x00000000
core   0: 0x800039fe (0x02c2d563) bge     t0, a2, pc + 42
core   0: 3 0x800039fe (0x02c2d563)
core   0: 0x80003a28 (0x02fca433) mulhsu  s0, s9, a5
core   0: 3 0x80003a28 (0x02fca433) x 8 0x00000000
core   0: 0x80003a2c (0x030a5f33) divu    t5, s4, a6
core   0: 3 0x80003a2c (0x030a5f33) x30 0xffffffff
core   0: 0x80003a30 (0x40ffd213) srai    tp, t6, 15
core   0: 3 0x80003a30 (0x40ffd213) x 4 0x00000000
core   0: 0x80003a34 (0x00f4e663) bltu    s1, a5, pc + 12
core   0: 3 0x80003a34 (0x00f4e663)
core   0: 0x80003a40 (0x0aa1a9b7) lui     s3, 0xaa1a
core   0: 3 0x80003a40 (0x0aa1a9b7) x19 0x0aa1a000
core   0: 0x80003a44 (0x0157c1b3) xor     gp, a5, s5
core   0: 3 0x80003a44 (0x0157c1b3) x 3 0x0000c001
core   0: 0x80003a48 (0x00166ab3) or      s5, a2, ra
core   0: 3 0x80003a48 (0x00166ab3) x21 0x00000000
core   0: 0x80003a4c (0x0000610d) c.addi16sp sp, 160
core   0: 3 0x80003a4c (0x610d) x 2 0xfff800a0
core   0: 0x80003a4e (0x0171d513) srli    a0, gp, 23
core   0: 3 0x80003a4e (0x0171d513) x10 0x00000000
core   0: 0x80003a52 (0x0307c163) blt     a5, a6, pc + 34
core   0: 3 0x80003a52 (0x0307c163)
core   0: 0x80003a56 (0x00bb3333) sltu    t1, s6, a1
core   0: 3 0x80003a56 (0x00bb3333) x 6 0x00000001
core   0: 0x80003a5a (0x00001214) c.addi4spn a3, sp, 288
core   0: 3 0x80003a5a (0x1214) x13 0xfff801c0
core   0: 0x80003a5c (0x000088f1) c.andi  s1, 28
core   0: 3 0x80003a5c (0x88f1) x 9 0x00000000
core   0: 0x80003a5e (0x00008f35) c.xor   a4, a3
core   0: 3 0x80003a5e (0x8f35) x14 0xfff801c0
core   0: 0x80003a60 (0x020c4363) bltz    s8, pc + 38
core   0: 3 0x80003a60 (0x020c4363)
core   0: 0x80003a86 (0x02310633) mul     a2, sp, gp
core   0: 3 0x80003a86 (0x02310633) x12 0x007000a0
core   0: 0x80003a8a (0x03d779b3) remu    s3, a4, t4
core   0: 3 0x80003a8a (0x03d779b3) x19 0xfff801c0
core   0: 0x80003a8e (0x00008fdd) c.or    a5, a5
core   0: 3 0x80003a8e (0x8fdd) x15 0x00000001
core   0: 0x80003a90 (0x00008ce1) c.and   s1, s0
core   0: 3 0x80003a90 (0x8ce1) x 9 0x00000000
core   0: 0x80003a92 (0x010ddd33) srl     s10, s11, a6
core   0: 3 0x80003a92 (0x010ddd33) x26 0xffff7de4
core   0: 0x80003a96 (0x011062b3) or      t0, zero, a7
core   0: 3 0x80003a96 (0x011062b3) x 5 0x0000c000
core   0: 0x80003a9a (0x02a76763) bltu    a4, a0, pc + 46
core   0: 3 0x80003a9a (0x02a76763)
core   0: 0x80003a9e (0x017bff63) bgeu    s7, s7, pc + 30
core   0: 3 0x80003a9e (0x017bff63)
core   0: 0x80003abc (0x00008aa9) c.andi  a3, 10
core   0: 3 0x80003abc (0x8aa9) x13 0x00000000
core   0: 0x80003abe (0x0000e999) c.bnez  a1, pc + 22
core   0: 3 0x80003abe (0xe999)
core   0: 0x80003ad4 (0xdf114713) xori    a4, sp, -527
core   0: 3 0x80003ad4 (0xdf114713) x14 0x0007fd51
core   0: 0x80003ad8 (0x1d382613) slti    a2, a6, 467
core   0: 3 0x80003ad8 (0x1d382613) x12 0x00000001
core   0: 0x80003adc (0x000083f5) c.srli  a5, 29
core   0: 3 0x80003adc (0x83f5) x15 0x00000000
core   0: 0x80003ade (0x00006155) c.addi16sp sp, 304
core   0: 3 0x80003ade (0x6155) x 2 0xfff801d0
core   0: 0x80003ae0 (0x0000cd0d) c.beqz  a0, pc + 58
core   0: 3 0x80003ae0 (0xcd0d)
core   0: 0x80003b1a (0x00000dae) c.slli  s11, 11
core   0: 3 0x80003b1a (0x0dae) x27 0xfbef2000
core   0: 0x80003b1c (0x9e844793) xori    a5, s0, -1560
core   0: 3 0x80003b1c (0x9e844793) x15 0xfffff9e8
core   0: 0x80003b20 (0x00004c91) c.li    s9, 4
core   0: 3 0x80003b20 (0x4c91) x25 0x00000004
core   0: 0x80003b22 (0x012ff463) bgeu    t6, s2, pc + 8
core   0: 3 0x80003b22 (0x012ff463)
core   0: 0x80003b26 (0x00d2fb63) bgeu    t0, a3, pc + 22
core   0: 3 0x80003b26 (0x00d2fb63)
core   0: 0x80003b3c (0x00008a59) c.andi  a2, 22
core   0: 3 0x80003b3c (0x8a59) x12 0x00000000
core   0: 0x80003b3e (0x41a60d33) sub     s10, a2, s10
core   0: 3 0x80003b3e (0x41a60d33) x26 0x0000821c
core   0: 0x80003b42 (0x00cb3633) sltu    a2, s6, a2
core   0: 3 0x80003b42 (0x00cb3633) x12 0x00000000
core   0: 0x80003b46 (0x03621463) bne     tp, s6, pc + 40
core   0: 3 0x80003b46 (0x03621463)
core   0: 0x80003b4a (0x021e0633) mul     a2, t3, ra
core   0: 3 0x80003b4a (0x021e0633) x12 0x00000000
core   0: 0x80003b4e (0x00008f69) c.and   a4, a0
core   0: 3 0x80003b4e (0x8f69) x14 0x00000000
core   0: 0x80003b50 (0x024b5633) divu    a2, s6, tp
core   0: 3 0x80003b50 (0x024b5633) x12 0xffffffff
core   0: 0x80003b54 (0x01c644b3) xor     s1, a2, t3
core   0: 3 0x80003b54 (0x01c644b3) x 9 0x7ffdd19b
core   0: 0x80003b58 (0x00000876) c.slli  a6, 29
core   0: 3 0x80003b58 (0x0876) x16 0x00000000
core   0: 0x80003b5a (0x01932833) slt     a6, t1, s9
core   0: 3 0x80003b5a (0x01932833) x16 0x00000001
core   0: 0x80003b5e (0x0000c799) c.beqz  a5, pc + 14
core   0: 3 0x80003b5e (0xc799)
core   0: 0x80003b60 (0x03dc6463) bltu    s8, t4, pc + 40
core   0: 3 0x80003b60 (0x03dc6463)
core   0: 0x80003b64 (0x000091d6) c.add   gp, s5
core   0: 3 0x80003b64 (0x91d6) x 3 0x0000c001
core   0: 0x80003b66 (0x0000c00d) c.beqz  s0, pc + 34
core   0: 3 0x80003b66 (0xc00d)
core   0: 0x80003b88 (0x006788b3) add     a7, a5, t1
core   0: 3 0x80003b88 (0x006788b3) x17 0xfffff9e9
core   0: 0x80003b8c (0x00008d5d) c.or    a0, a5
core   0: 3 0x80003b8c (0x8d5d) x10 0xfffff9e8
core   0: 0x80003b8e (0x41685013) srai    zero, a6, 22
core   0: 3 0x80003b8e (0x41685013)
core   0: 0x80003b92 (0x01a97db3) and     s11, s2, s10
core   0: 3 0x80003b92 (0x01a97db3) x27 0x0000020c
core   0: 0x80003b96 (0xe4868413) addi    s0, a3, -440
core   0: 3 0x80003b96 (0xe4868413) x 8 0xfffffe48
core   0: 0x80003b9a (0x01c75113) srli    sp, a4, 28
core   0: 3 0x80003b9a (0x01c75113) x 2 0x00000000
core   0: 0x80003b9e (0x0389ab33) mulhsu  s6, s3, s8
core   0: 3 0x80003b9e (0x0389ab33) x22 0xfffc00e0
core   0: 0x80003ba2 (0x022ed2b3) divu    t0, t4, sp
core   0: 3 0x80003ba2 (0x022ed2b3) x 5 0xffffffff
core   0: 0x80003ba6 (0x031356b3) divu    a3, t1, a7
core   0: 3 0x80003ba6 (0x031356b3) x13 0x00000000
core   0: 0x80003baa (0x00fdc6b3) xor     a3, s11, a5
core   0: 3 0x80003baa (0x00fdc6b3) x13 0xfffffbe4
core   0: 0x80003bae (0x00000ea6) c.slli  t4, 9
core   0: 3 0x80003bae (0x0ea6) x29 0x00000000
core   0: 0x80003bb0 (0x41b650b3) sra     ra, a2, s11
core   0: 3 0x80003bb0 (0x41b650b3) x 1 0xffffffff
core   0: 0x80003bb4 (0x00374133) xor     sp, a4, gp
core   0: 3 0x80003bb4 (0x00374133) x 2 0x0000c001
core   0: 0x80003bb8 (0x024a33b3) mulhu   t2, s4, tp
core   0: 3 0x80003bb8 (0x024a33b3) x 7 0x00000000
core   0: 0x80003bbc (0x00000ad6) c.slli  s5, 21
core   0: 3 0x80003bbc (0x0ad6) x21 0x00000000
core   0: 0x80003bbe (0x00000001) c.nop
core   0: 3 0x80003bbe (0x0001)
core   0: 0x80003bc0 (0x0064f733) and     a4, s1, t1
core   0: 3 0x80003bc0 (0x0064f733) x14 0x00000001
core   0: 0x80003bc4 (0x006018b3) sll     a7, zero, t1
core   0: 3 0x80003bc4 (0x006018b3) x17 0x00000000
core   0: 0x80003bc8 (0x40bf5b33) sra     s6, t5, a1
core   0: 3 0x80003bc8 (0x40bf5b33) x22 0xffffffff
core   0: 0x80003bcc (0x0000100f) fence.i
core   0: 3 0x80003bcc (0x0000100f)
core   0: 0x80003bd0 (0x004033b3) snez    t2, tp
core   0: 3 0x80003bd0 (0x004033b3) x 7 0x00000000
core   0: 0x80003bd4 (0x34cd8213) addi    tp, s11, 844
core   0: 3 0x80003bd4 (0x34cd8213) x 4 0x00000558
core   0: 0x80003bd8 (0x0229dab3) divu    s5, s3, sp
core   0: 3 0x80003bd8 (0x0229dab3) x21 0x00015548
core   0: 0x80003bdc (0x0239fb33) remu    s6, s3, gp
core   0: 3 0x80003bdc (0x0239fb33) x22 0x0000ac78
core   0: 0x80003be0 (0x014186b3) add     a3, gp, s4
core   0: 3 0x80003be0 (0x014186b3) x13 0x8000c001
core   0: 0x80003be4 (0x017e9463) bne     t4, s7, pc + 8
core   0: 3 0x80003be4 (0x017e9463)
core   0: 0x80003bec (0x02a5ad33) mulhsu  s10, a1, a0
core   0: 3 0x80003bec (0x02a5ad33) x26 0x80000728
core   0: 0x80003bf0 (0x02644433) div     s0, s0, t1
core   0: 3 0x80003bf0 (0x02644433) x 8 0xfffffe48
core   0: 0x80003bf4 (0x031c70b3) remu    ra, s8, a7
core   0: 3 0x80003bf4 (0x031c70b3) x 1 0x80000000
core   0: 0x80003bf8 (0x03c50533) mul     a0, a0, t3
core   0: 3 0x80003bf8 (0x03c50533) x10 0xf2b54ea0
core   0: 0x80003bfc (0x01bbbab3) sltu    s5, s7, s11
core   0: 3 0x80003bfc (0x01bbbab3) x21 0x00000000
core   0: 0x80003c00 (0x00006795) c.lui   a5, 0x5
core   0: 3 0x80003c00 (0x6795) x15 0x00005000
core   0: 0x80003c02 (0x028d4833) div     a6, s10, s0
core   0: 3 0x80003c02 (0x028d4833) x16 0x004a7900
core   0: 0x80003c06 (0x01358133) add     sp, a1, s3
core   0: 3 0x80003c06 (0x01358133) x 2 0x7ff805dd
core   0: 0x80003c0a (0xcbc1bd13) sltiu   s10, gp, -836
core   0: 3 0x80003c0a (0xcbc1bd13) x26 0x00000001
core   0: 0x80003c0e (0xb7833293) sltiu   t0, t1, -1160
core   0: 3 0x80003c0e (0xb7833293) x 5 0x00000001
core   0: 0x80003c12 (0x00008ca9) c.xor   s1, a0
core   0: 3 0x80003c12 (0x8ca9) x 9 0x8d489f3b
core   0: 0x80003c14 (0x03119063) bne     gp, a7, pc + 32
core   0: 3 0x80003c14 (0x03119063)
core   0: 0x80003c34 (0x82dc2913) slti    s2, s8, -2003
core   0: 3 0x80003c34 (0x82dc2913) x18 0x00000001
core   0: 0x80003c38 (0x00008351) c.srli  a4, 20
core   0: 3 0x80003c38 (0x8351) x14 0x00000000
core   0: 0x80003c3a (0x0308c1b3) div     gp, a7, a6
core   0: 3 0x80003c3a (0x0308c1b3) x 3 0x00000000
core   0: 0x80003c3e (0x0000100f) fence.i
core   0: 3 0x80003c3e (0x0000100f)
core   0: 0x80003c42 (0x01de4333) xor     t1, t3, t4
core   0: 3 0x80003c42 (0x01de4333) x 6 0x80022e64
core   0: 0x80003c46 (0x025f0c63) beq     t5, t0, pc + 56
core   0: 3 0x80003c46 (0x025f0c63)
core   0: 0x80003c4a (0x01f822b3) slt     t0, a6, t6
core   0: 3 0x80003c4a (0x01f822b3) x 5 0x00000000
core   0: 0x80003c4e (0x00000001) c.nop
core   0: 3 0x80003c4e (0x0001)
core   0: 0x80003c50 (0xe36e3393) sltiu   t2, t3, -458
core   0: 3 0x80003c50 (0xe36e3393) x 7 0x00000001
core   0: 0x80003c54 (0x00008ce1) c.and   s1, s0
core   0: 3 0x80003c54 (0x8ce1) x 9 0x8d489e08
core   0: 0x80003c56 (0x018017b3) sll     a5, zero, s8
core   0: 3 0x80003c56 (0x018017b3) x15 0x00000000
core   0: 0x80003c5a (0x02401363) bne     zero, tp, pc + 38
core   0: 3 0x80003c5a (0x02401363)
core   0: 0x80003c80 (0x00001d00) c.addi4spn s0, sp, 688
core   0: 3 0x80003c80 (0x1d00) x 8 0x7ff8088d
core   0: 0x80003c82 (0xb97e0d37) lui     s10, 0xb97e0
core   0: 3 0x80003c82 (0xb97e0d37) x26 0xb97e0000
core   0: 0x80003c86 (0x00008cad) c.xor   s1, a1
core   0: 3 0x80003c86 (0x8cad) x 9 0x0d489a15
core   0: 0x80003c88 (0x0b22bc93) sltiu   s9, t0, 178
core   0: 3 0x80003c88 (0x0b22bc93) x25 0x00000001
core   0: 0x80003c8c (0x00009b7d) c.andi  a4, -1
core   0: 3 0x80003c8c (0x9b7d) x14 0x00000000
core   0: 0x80003c8e (0x0083d663) bge     t2, s0, pc + 12
core   0: 3 0x80003c8e (0x0083d663)
core   0: 0x80003c92 (0x01f95593) srli    a1, s2, 31
core   0: 3 0x80003c92 (0x01f95593) x11 0x00000000
core   0: 0x80003c96 (0x0099dc13) srli    s8, s3, 9
core   0: 3 0x80003c96 (0x0099dc13) x24 0x007ffc00
core   0: 0x80003c9a (0x000015fd) c.addi  a1, -1
core   0: 3 0x80003c9a (0x15fd) x11 0xffffffff
core   0: 0x80003c9c (0x5eb67f93) andi    t6, a2, 1515
core   0: 3 0x80003c9c (0x5eb67f93) x31 0x000005eb
core   0: 0x80003ca0 (0x0000c405) c.beqz  s0, pc + 40
core   0: 3 0x80003ca0 (0xc405)
core   0: 0x80003ca2 (0x00008eb5) c.xor   a3, a3
core   0: 3 0x80003ca2 (0x8eb5) x13 0x00000000
core   0: 0x80003ca4 (0x037afd33) remu    s10, s5, s7
core   0: 3 0x80003ca4 (0x037afd33) x26 0x00000000
core   0: 0x80003ca8 (0x40f5d493) srai    s1, a1, 15
core   0: 3 0x80003ca8 (0x40f5d493) x 9 0xffffffff
core   0: 0x80003cac (0x3a92b493) sltiu   s1, t0, 937
core   0: 3 0x80003cac (0x3a92b493) x 9 0x00000001
core   0: 0x80003cb0 (0x034b8933) mul     s2, s7, s4
core   0: 3 0x80003cb0 (0x034b8933) x18 0x00000000
core   0: 0x80003cb4 (0x00006df5) c.lui   s11, 0x1d
core   0: 3 0x80003cb4 (0x6df5) x27 0x0001d000
core   0: 0x80003cb6 (0x02c72cb3) mulhsu  s9, a4, a2
core   0: 3 0x80003cb6 (0x02c72cb3) x25 0x00000000
core   0: 0x80003cba (0x00000001) c.nop
core   0: 3 0x80003cba (0x0001)
core   0: 0x80003cbc (0x0000457d) c.li    a0, 31
core   0: 3 0x80003cbc (0x457d) x10 0x0000001f
core   0: 0x80003cbe (0x036b4fb3) div     t6, s6, s6
core   0: 3 0x80003cbe (0x036b4fb3) x31 0x00000001
core   0: 0x80003cc2 (0x00008dad) c.xor   a1, a1
core   0: 3 0x80003cc2 (0x8dad) x11 0x00000000
core   0: 0x80003cc4 (0x035b4ab3) div     s5, s6, s5
core   0: 3 0x80003cc4 (0x035b4ab3) x21 0xffffffff
core   0: 0x80003cc8 (0x0000cf0d) c.beqz  a4, pc + 58
core   0: 3 0x80003cc8 (0xcf0d)
core   0: 0x80003d02 (0x011d4533) xor     a0, s10, a7
core   0: 3 0x80003d02 (0x011d4533) x10 0x00000000
core   0: 0x80003d06 (0x00006149) c.addi16sp sp, 144
core   0: 3 0x80003d06 (0x6149) x 2 0x7ff8066d
core   0: 0x80003d08 (0x05cee163) bltu    t4, t3, pc + 66
core   0: 3 0x80003d08 (0x05cee163)
core   0: 0x80003d4a (0x02b69d63) bne     a3, a1, pc + 58
core   0: 3 0x80003d4a (0x02b69d63)
core   0: 0x80003d4e (0x0ec0e097) auipc   ra, 0xec0e
core   0: 3 0x80003d4e (0x0ec0e097) x 1 0x8ec11d4e
core   0: 0x80003d52 (0x00006b55) c.lui   s6, 0x15
core   0: 3 0x80003d52 (0x6b55) x22 0x00015000
core   0: 0x80003d54 (0x412dd613) srai    a2, s11, 18
core   0: 3 0x80003d54 (0x412dd613) x12 0x00000000
core   0: 0x80003d58 (0x04e85163) bge     a6, a4, pc + 66
core   0: 3 0x80003d58 (0x04e85163)
core   0: 0x80003d9a (0x00001200) c.addi4spn s0, sp, 288
core   0: 3 0x80003d9a (0x1200) x 8 0x7ff8078d
core   0: 0x80003d9c (0x0000100f) fence.i
core   0: 3 0x80003d9c (0x0000100f)
core   0: 0x80003da0 (0x0000948a) c.add   s1, sp
core   0: 3 0x80003da0 (0x948a) x 9 0x7ff8066e
core   0: 0x80003da2 (0x00008761) c.srai  a4, 24
core   0: 3 0x80003da2 (0x8761) x14 0x00000000
core   0: 0x80003da4 (0x19b6e917) auipc   s2, 0x19b6e
core   0: 3 0x80003da4 (0x19b6e917) x18 0x99b71da4
core   0: 0x80003da8 (0x00e9aab3) slt     s5, s3, a4
core   0: 3 0x80003da8 (0x00e9aab3) x21 0x00000001
core   0: 0x80003dac (0x40a18733) sub     a4, gp, a0
core   0: 3 0x80003dac (0x40a18733) x14 0x00000000
core   0: 0x80003db0 (0x000001d1) c.addi  gp, 20
core   0: 3 0x80003db0 (0x01d1) x 3 0x00000014
core   0: 0x80003db2 (0x00000001) c.nop
core   0: 3 0x80003db2 (0x0001)
core   0: 0x80003db4 (0x02771f33) mulh    t5, a4, t2
core   0: 3 0x80003db4 (0x02771f33) x30 0x00000000
core   0: 0x80003db8 (0x010f2d33) slt     s10, t5, a6
core   0: 3 0x80003db8 (0x010f2d33) x26 0x00000001
core   0: 0x80003dbc (0x5ba32b13) slti    s6, t1, 1466
core   0: 3 0x80003dbc (0x5ba32b13) x22 0x00000001
core   0: 0x80003dc0 (0x00000001) c.nop
core   0: 3 0x80003dc0 (0x0001)
core   0: 0x80003dc2 (0x0173c2b3) xor     t0, t2, s7
core   0: 3 0x80003dc2 (0x0173c2b3) x 5 0x80026ce5
core   0: 0x80003dc6 (0x000081da) c.mv    gp, s6
core   0: 3 0x80003dc6 (0x81da) x 3 0x00000001
core   0: 0x80003dc8 (0x01c4cab3) xor     s5, s1, t3
core   0: 3 0x80003dc8 (0x01c4cab3) x21 0xfffa280a
core   0: 0x80003dcc (0x00009662) c.add   a2, s8
core   0: 3 0x80003dcc (0x9662) x12 0x007ffc00
core   0: 0x80003dce (0x005b4db3) xor     s11, s6, t0
core   0: 3 0x80003dce (0x005b4db3) x27 0x80026ce4
core   0: 0x80003dd2 (0x0eb186b7) lui     a3, 0xeb18
core   0: 3 0x80003dd2 (0x0eb186b7) x13 0x0eb18000
core   0: 0x80003dd6 (0x00008f99) c.sub   a5, a4
core   0: 3 0x80003dd6 (0x8f99) x15 0x00000000
core   0: 0x80003dd8 (0x02125163) bge     tp, ra, pc + 34
core   0: 3 0x80003dd8 (0x02125163)
core   0: 0x80003dfa (0x00a33f33) sltu    t5, t1, a0
core   0: 3 0x80003dfa (0x00a33f33) x30 0x00000000
core   0: 0x80003dfe (0x00005efd) c.li    t4, -1
core   0: 3 0x80003dfe (0x5efd) x29 0xffffffff
core   0: 0x80003e00 (0x40fc5333) sra     t1, s8, a5
core   0: 3 0x80003e00 (0x40fc5333) x 6 0x007ffc00
core   0: 0x80003e04 (0x0295e833) rem     a6, a1, s1
core   0: 3 0x80003e04 (0x0295e833) x16 0x00000000
core   0: 0x80003e08 (0x00000aa5) c.addi  s5, 9
core   0: 3 0x80003e08 (0x0aa5) x21 0xfffa2813
core   0: 0x80003e0a (0x0000c501) c.beqz  a0, pc + 8
core   0: 3 0x80003e0a (0xc501)
core   0: 0x80003e12 (0x0000828d) c.srli  a3, 3
core   0: 3 0x80003e12 (0x828d) x13 0x01d63000
core   0: 0x80003e14 (0x00009aca) c.add   s5, s2
core   0: 3 0x80003e14 (0x9aca) x21 0x99b145b7
core   0: 0x80003e16 (0x06a6c913) xori    s2, a3, 106
core   0: 3 0x80003e16 (0x06a6c913) x18 0x01d6306a
core   0: 0x80003e1a (0x0000999e) c.add   s3, t2
core   0: 3 0x80003e1a (0x999e) x19 0xfff801c1
core   0: 0x80003e1c (0x00125193) srli    gp, tp, 1
core   0: 3 0x80003e1c (0x00125193) x 3 0x000002ac
core   0: 0x80003e20 (0x031ac163) blt     s5, a7, pc + 34
core   0: 3 0x80003e20 (0x031ac163)
core   0: 0x80003e42 (0xe3f66397) auipc   t2, 0xe3f66
core   0: 3 0x80003e42 (0xe3f66397) x 7 0x63f69e42
core   0: 0x80003e46 (0xb58eff13) andi    t5, t4, -1192
core   0: 3 0x80003e46 (0xb58eff13) x30 0xfffffb58
core   0: 0x80003e4a (0x00008f59) c.or    a4, a4
core   0: 3 0x80003e4a (0x8f59) x14 0x00000000
core   0: 0x80003e4c (0x0000cb11) c.beqz  a4, pc + 20
core   0: 3 0x80003e4c (0xcb11)
core   0: 0x80003e60 (0x02357233) remu    tp, a0, gp
core   0: 3 0x80003e60 (0x02357233) x 4 0x00000000
core   0: 0x80003e64 (0x00006ae5) c.lui   s5, 0x19
core   0: 3 0x80003e64 (0x6ae5) x21 0x00019000
core   0: 0x80003e66 (0x00ce3b33) sltu    s6, t3, a2
core   0: 3 0x80003e66 (0x00ce3b33) x22 0x00000000
core   0: 0x80003e6a (0x00008c3d) c.xor   s0, a5
core   0: 3 0x80003e6a (0x8c3d) x 8 0x7ff8078d
core   0: 0x80003e6c (0x00df6d63) bltu    t5, a3, pc + 26
core   0: 3 0x80003e6c (0x00df6d63)
core   0: 0x80003e70 (0xb7346c13) ori     s8, s0, -1165
core   0: 3 0x80003e70 (0xb7346c13) x24 0xffffffff
core   0: 0x80003e74 (0x0000c481) c.beqz  s1, pc + 8
core   0: 3 0x80003e74 (0xc481)
core   0: 0x80003e76 (0x01573fb3) sltu    t6, a4, s5
core   0: 3 0x80003e76 (0x01573fb3) x31 0x00000001
core   0: 0x80003e7a (0x00000001) c.nop
core   0: 3 0x80003e7a (0x0001)
core   0: 0x80003e7c (0x00000356) c.slli  t1, 21
core   0: 3 0x80003e7c (0x0356) x 6 0x80000000
core   0: 0x80003e7e (0x03c51c33) mulh    s8, a0, t3
core   0: 3 0x80003e7e (0x03c51c33) x24 0x00000000
core   0: 0x80003e82 (0x039ae163) bltu    s5, s9, pc + 34
core   0: 3 0x80003e82 (0x039ae163)
core   0: 0x80003e86 (0x00a79293) slli    t0, a5, 10
core   0: 3 0x80003e86 (0x00a79293) x 5 0x00000000
core   0: 0x80003e8a (0x000084ad) c.srai  s1, 11
core   0: 3 0x80003e8a (0x84ad) x 9 0x000fff00
core   0: 0x80003e8c (0x00dea9b3) slt     s3, t4, a3
core   0: 3 0x80003e8c (0x00dea9b3) x19 0x00000001
core   0: 0x80003e90 (0x02de49b3) div     s3, t3, a3
core   0: 3 0x80003e90 (0x02de49b3) x19 0xffffffbb
core   0: 0x80003e94 (0x00008981) c.andi  a1, 0
core   0: 3 0x80003e94 (0x8981) x11 0x00000000
core   0: 0x80003e96 (0x00000b0d) c.addi  s6, 3
core   0: 3 0x80003e96 (0x0b0d) x22 0x00000003
core   0: 0x80003e98 (0x00e39c13) slli    s8, t2, 14
core   0: 3 0x80003e98 (0x00e39c13) x24 0xa7908000
core   0: 0x80003e9c (0x038f3433) mulhu   s0, t5, s8
core   0: 3 0x80003e9c (0x038f3433) x 8 0xa7907cf3
core   0: 0x80003ea0 (0x00000001) c.nop
core   0: 3 0x80003ea0 (0x0001)
core   0: 0x80003ea2 (0x00008d01) c.sub   a0, s0
core   0: 3 0x80003ea2 (0x8d01) x10 0x586f830d
core   0: 0x80003ea4 (0x03180633) mul     a2, a6, a7
core   0: 3 0x80003ea4 (0x03180633) x12 0x00000000
core   0: 0x80003ea8 (0x002b9013) slli    zero, s7, 2
core   0: 3 0x80003ea8 (0x002b9013)
core   0: 0x80003eac (0x034f9033) mulh    zero, t6, s4
core   0: 3 0x80003eac (0x034f9033)
core   0: 0x80003eb0 (0x83592237) lui     tp, 0x83592
core   0: 3 0x80003eb0 (0x83592237) x 4 0x83592000
core   0: 0x80003eb4 (0x03807463) bgeu    zero, s8, pc + 40
core   0: 3 0x80003eb4 (0x03807463)
core   0: 0x80003eb8 (0x0000e209) c.bnez  a2, pc + 2
core   0: 3 0x80003eb8 (0xe209)
core   0: 0x80003eba (0x00008931) c.andi  a0, 12
core   0: 3 0x80003eba (0x8931) x10 0x0000000c
core   0: 0x80003ebc (0x0284ca63) blt     s1, s0, pc + 52
core   0: 3 0x80003ebc (0x0284ca63)
core   0: 0x80003ec0 (0x41b20cb3) sub     s9, tp, s11
core   0: 3 0x80003ec0 (0x41b20cb3) x25 0x0356b31c
core   0: 0x80003ec4 (0x02479db3) mulh    s11, a5, tp
core   0: 3 0x80003ec4 (0x02479db3) x27 0x00000000
core   0: 0x80003ec8 (0x00006ad9) c.lui   s5, 0x16
core   0: 3 0x80003ec8 (0x6ad9) x21 0x00016000
core   0: 0x80003eca (0x04ea6063) bltu    s4, a4, pc + 64
core   0: 3 0x80003eca (0x04ea6063)
core   0: 0x80003ece (0x4092d393) srai    t2, t0, 9
core   0: 3 0x80003ece (0x4092d393) x 7 0x00000000
core   0: 0x80003ed2 (0x2dc7ef93) ori     t6, a5, 732
core   0: 3 0x80003ed2 (0x2dc7ef93) x31 0x000002dc
core   0: 0x80003ed6 (0x00000001) c.nop
core   0: 3 0x80003ed6 (0x0001)
core   0: 0x80003ed8 (0x00008fa1) c.xor   a5, s0
core   0: 3 0x80003ed8 (0x8fa1) x15 0xa7907cf3
core   0: 0x80003eda (0x0000033e) c.slli  t1, 15
core   0: 3 0x80003eda (0x033e) x 6 0x00000000
core   0: 0x80003edc (0x00004f15) c.li    t5, 5
core   0: 3 0x80003edc (0x4f15) x30 0x00000005
core   0: 0x80003ede (0x0ff0000f) fence   iorw,iorw
core   0: 3 0x80003ede (0x0ff0000f)
core   0: 0x80003ee2 (0x0058ceb3) xor     t4, a7, t0
core   0: 3 0x80003ee2 (0x0058ceb3) x29 0x00000000
core   0: 0x80003ee6 (0x00008f25) c.xor   a4, s1
core   0: 3 0x80003ee6 (0x8f25) x14 0x000fff00
core   0: 0x80003ee8 (0x4049d933) sra     s2, s3, tp
core   0: 3 0x80003ee8 (0x4049d933) x18 0xffffffbb
core   0: 0x80003eec (0x1b4c4093) xori    ra, s8, 436
core   0: 3 0x80003eec (0x1b4c4093) x 1 0xa79081b4
core   0: 0x80003ef0 (0x00006119) c.addi16sp sp, 384
core   0: 3 0x80003ef0 (0x6119) x 2 0x7ff807ed
core   0: 0x80003ef2 (0x0337f8b3) remu    a7, a5, s3
core   0: 3 0x80003ef2 (0x0337f8b3) x17 0xa7907cf3
core   0: 0x80003ef6 (0x01e65c13) srli    s8, a2, 30
core   0: 3 0x80003ef6 (0x01e65c13) x24 0x00000000
core   0: 0x80003efa (0x00008e95) c.sub   a3, a3
core   0: 3 0x80003efa (0x8e95) x13 0x00000000
core   0: 0x80003efc (0x02c3f733) remu    a4, t2, a2
core   0: 3 0x80003efc (0x02c3f733) x14 0x00000000
core   0: 0x80003f00 (0x029a01b3) mul     gp, s4, s1
core   0: 3 0x80003f00 (0x029a01b3) x 3 0x00000000
core   0: 0x80003f04 (0x0000717d) c.addi16sp sp, -16
core   0: 3 0x80003f04 (0x717d) x 2 0x7ff807dd
core   0: 0x80003f06 (0x7cd46f13) ori     t5, s0, 1997
core   0: 3 0x80003f06 (0x7cd46f13) x30 0xa7907fff
core   0: 0x80003f0a (0x011e7d33) and     s10, t3, a7
core   0: 3 0x80003f0a (0x011e7d33) x26 0x80002c60
core   0: 0x80003f0e (0x003c6a63) bltu    s8, gp, pc + 20
core   0: 3 0x80003f0e (0x003c6a63)
core   0: 0x80003f12 (0x000056fd) c.li    a3, -1
core   0: 3 0x80003f12 (0x56fd) x13 0xffffffff
core   0: 0x80003f14 (0x00e06533) or      a0, zero, a4
core   0: 3 0x80003f14 (0x00e06533) x10 0x00000000
core   0: 0x80003f18 (0x0f604313) xori    t1, zero, 246
core   0: 3 0x80003f18 (0x0f604313) x 6 0x000000f6
core   0: 0x80003f1c (0x0000616d) c.addi16sp sp, 240
core   0: 3 0x80003f1c (0x616d) x 2 0x7ff808cd
core   0: 0x80003f1e (0x015b9e63) bne     s7, s5, pc + 28
core   0: 3 0x80003f1e (0x015b9e63)
core   0: 0x80003f3a (0x78a52093) slti    ra, a0, 1930
core   0: 3 0x80003f3a (0x78a52093) x 1 0x00000001
core   0: 0x80003f3e (0x00000133) add     sp, zero, zero
core   0: 3 0x80003f3e (0x00000133) x 2 0x00000000
core   0: 0x80003f42 (0x019cbcb3) sltu    s9, s9, s9
core   0: 3 0x80003f42 (0x019cbcb3) x25 0x00000000
core   0: 0x80003f46 (0x0046bb33) sltu    s6, a3, tp
core   0: 3 0x80003f46 (0x0046bb33) x22 0x00000000
core   0: 0x80003f4a (0x006152b3) srl     t0, sp, t1
core   0: 3 0x80003f4a (0x006152b3) x 5 0x00000000
core   0: 0x80003f4e (0x0000717d) c.addi16sp sp, -16
core   0: 3 0x80003f4e (0x717d) x 2 0xfffffff0
core   0: 0x80003f50 (0x3656af93) slti    t6, a3, 869
core   0: 3 0x80003f50 (0x3656af93) x31 0x00000001
core   0: 0x80003f54 (0x000005aa) c.slli  a1, 10
core   0: 3 0x80003f54 (0x05aa) x11 0x00000000
core   0: 0x80003f56 (0x02115c33) divu    s8, sp, ra
core   0: 3 0x80003f56 (0x02115c33) x24 0xfffffff0
core   0: 0x80003f5a (0x01c09413) slli    s0, ra, 28
core   0: 3 0x80003f5a (0x01c09413) x 8 0x10000000
core   0: 0x80003f5e (0x62537b37) lui     s6, 0x62537
core   0: 3 0x80003f5e (0x62537b37) x22 0x62537000
core   0: 0x80003f62 (0x029a85b3) mul     a1, s5, s1
core   0: 3 0x80003f62 (0x029a85b3) x11 0xfea00000
core   0: 0x80003f66 (0x00af33b3) sltu    t2, t5, a0
core   0: 3 0x80003f66 (0x00af33b3) x 7 0x00000000
core   0: 0x80003f6a (0x18096f13) ori     t5, s2, 384
core   0: 3 0x80003f6a (0x18096f13) x30 0xffffffbb
core   0: 0x80003f6e (0x01d24963) blt     tp, t4, pc + 18
core   0: 3 0x80003f6e (0x01d24963)
core   0: 0x80003f80 (0x00008b91) c.andi  a5, 4
core   0: 3 0x80003f80 (0x8b91) x15 0x00000000
core   0: 0x80003f82 (0x00848733) add     a4, s1, s0
core   0: 3 0x80003f82 (0x00848733) x14 0x100fff00
core   0: 0x80003f86 (0x0220c7b3) div     a5, ra, sp
core   0: 3 0x80003f86 (0x0220c7b3) x15 0x00000000
core   0: 0x80003f8a (0xe74ae897) auipc   a7, 0xe74ae
core   0: 3 0x80003f8a (0xe74ae897) x17 0x674b1f8a
core   0: 0x80003f8e (0x02107233) remu    tp, zero, ra
core   0: 3 0x80003f8e (0x02107233) x 4 0x00000000
core   0: 0x80003f92 (0x016e1e93) slli    t4, t3, 22
core   0: 3 0x80003f92 (0x016e1e93) x29 0x99000000
core   0: 0x80003f96 (0x01100863) beq     zero, a7, pc + 16
core   0: 3 0x80003f96 (0x01100863)
core   0: 0x80003f9a (0x40935433) sra     s0, t1, s1
core   0: 3 0x80003f9a (0x40935433) x 8 0x000000f6
core   0: 0x80003f9e (0x00006ef9) c.lui   t4, 0x1e
core   0: 3 0x80003f9e (0x6ef9) x29 0x0001e000
core   0: 0x80003fa0 (0x00001904) c.addi4spn s1, sp, 176
core   0: 3 0x80003fa0 (0x1904) x 9 0x000000a0
core   0: 0x80003fa2 (0x0084a533) slt     a0, s1, s0
core   0: 3 0x80003fa2 (0x0084a533) x10 0x00000001
core   0: 0x80003fa6 (0x00008a01) c.andi  a2, 0
core   0: 3 0x80003fa6 (0x8a01) x12 0x00000000
core   0: 0x80003fa8 (0x21cf9037) lui     zero, 0x21cf9
core   0: 3 0x80003fa8 (0x21cf9037)
core   0: 0x80003fac (0x0000820a) c.mv    tp, sp
core   0: 3 0x80003fac (0x820a) x 4 0xfffffff0
core   0: 0x80003fae (0x00fa8733) add     a4, s5, a5
core   0: 3 0x80003fae (0x00fa8733) x14 0x00016000
core   0: 0x80003fb2 (0x000062f9) c.lui   t0, 0x1e
core   0: 3 0x80003fb2 (0x62f9) x 5 0x0001e000
core   0: 0x80003fb4 (0x0000cf95) c.beqz  a5, pc + 60
core   0: 3 0x80003fb4 (0xcf95)
core   0: 0x80003ff0 (0x00006311) c.lui   t1, 0x4
core   0: 3 0x80003ff0 (0x6311) x 6 0x00004000
core   0: 0x80003ff2 (0x41e3d193) srai    gp, t2, 30
core   0: 3 0x80003ff2 (0x41e3d193) x 3 0x00000000
core   0: 0x80003ff6 (0x0000c811) c.beqz  s0, pc + 20
core   0: 3 0x80003ff6 (0xc811)
core   0: 0x80003ff8 (0x0000ed11) c.bnez  a0, pc + 28
core   0: 3 0x80003ff8 (0xed11)
core   0: 0x80004014 (0x0ff0000f) fence   iorw,iorw
core   0: 3 0x80004014 (0x0ff0000f)
core   0: 0x80004018 (0x00059db3) sll     s11, a1, zero
core   0: 3 0x80004018 (0x00059db3) x27 0xfea00000
core   0: 0x8000401c (0x0239ac33) mulhsu  s8, s3, gp
core   0: 3 0x8000401c (0x0239ac33) x24 0x00000000
core   0: 0x80004020 (0x01a392b3) sll     t0, t2, s10
core   0: 3 0x80004020 (0x01a392b3) x 5 0x00000000
core   0: 0x80004024 (0x02f05663) bge     zero, a5, pc + 44
core   0: 3 0x80004024 (0x02f05663)
core   0: 0x80004050 (0x41a65313) srai    t1, a2, 26
core   0: 3 0x80004050 (0x41a65313) x 6 0x00000000
core   0: 0x80004054 (0x016bf3b3) and     t2, s7, s6
core   0: 3 0x80004054 (0x016bf3b3) x 7 0x00026000
core   0: 0x80004058 (0x0149c563) blt     s3, s4, pc + 10
core   0: 3 0x80004058 (0x0149c563)
core   0: 0x8000405c (0x000011fd) c.addi  gp, -1
core   0: 3 0x8000405c (0x11fd) x 3 0xffffffff
core   0: 0x8000405e (0x017e1db3) sll     s11, t3, s7
core   0: 3 0x8000405e (0x017e1db3) x27 0x0022e640
core   0: 0x80004062 (0x00008695) c.srai  a3, 5
core   0: 3 0x80004062 (0x8695) x13 0xffffffff
core   0: 0x80004064 (0x00008352) c.mv    t1, s4
core   0: 3 0x80004064 (0x8352) x 6 0x80000000
core   0: 0x80004066 (0x0000845e) c.mv    s0, s7
core   0: 3 0x80004066 (0x845e) x 8 0x80026ce4
core   0: 0x80004068 (0x01126b33) or      s6, tp, a7
core   0: 3 0x80004068 (0x01126b33) x22 0xfffffffa
core   0: 0x8000406c (0x0000100f) fence.i
core   0: 3 0x8000406c (0x0000100f)
core   0: 0x80004070 (0x00008e29) c.xor   a2, a0
core   0: 3 0x80004070 (0x8e29) x12 0x00000001
core   0: 0x80004072 (0x032c9963) bne     s9, s2, pc + 50
core   0: 3 0x80004072 (0x032c9963)
core   0: 0x800040a4 (0x0000089e) c.slli  a7, 7
core   0: 3 0x800040a4 (0x089e) x17 0xa58fc500
core   0: 0x800040a6 (0x00000001) c.nop
core   0: 3 0x800040a6 (0x0001)
core   0: 0x800040a8 (0x00000f5d) c.addi  t5, 23
core   0: 3 0x800040a8 (0x0f5d) x30 0xffffffd2
core   0: 0x800040aa (0x0000587d) c.li    a6, -1
core   0: 3 0x800040aa (0x587d) x16 0xffffffff
core   0: 0x800040ac (0x00a57d63) bgeu    a0, a0, pc + 26
core   0: 3 0x800040ac (0x00a57d63)
core   0: 0x800040c6 (0x03b6d733) divu    a4, a3, s11
core   0: 3 0x800040c6 (0x03b6d733) x14 0x00000755
core   0: 0x800040ca (0x00dfe763) bltu    t6, a3, pc + 14
core   0: 3 0x800040ca (0x00dfe763)
core   0: 0x800040d8 (0xf052a597) auipc   a1, 0xf052a
core   0: 3 0x800040d8 (0xf052a597) x11 0x7052e0d8
core   0: 0x800040dc (0x0309dc33) divu    s8, s3, a6
core   0: 3 0x800040dc (0x0309dc33) x24 0x00000000
core   0: 0x800040e0 (0x0000517d) c.li    sp, -1
core   0: 3 0x800040e0 (0x517d) x 2 0xffffffff
core   0: 0x800040e2 (0x3d3e6593) ori     a1, t3, 979
core   0: 3 0x800040e2 (0x3d3e6593) x11 0x80022ff7
core   0: 0x800040e6 (0x40f2d093) srai    ra, t0, 15
core   0: 3 0x800040e6 (0x40f2d093) x 1 0x00000000
core   0: 0x800040ea (0x000082a2) c.mv    t0, s0
core   0: 3 0x800040ea (0x82a2) x 5 0x80026ce4
core   0: 0x800040ec (0x00b320b3) slt     ra, t1, a1
core   0: 3 0x800040ec (0x00b320b3) x 1 0x00000001
core   0: 0x800040f0 (0x0ff0000f) fence   iorw,iorw
core   0: 3 0x800040f0 (0x0ff0000f)
core   0: 0x800040f4 (0x027bd4b3) divu    s1, s7, t2
core   0: 3 0x800040f4 (0x027bd4b3) x 9 0x000035e6
core   0: 0x800040f8 (0x02ca6563) bltu    s4, a2, pc + 42
core   0: 3 0x800040f8 (0x02ca6563)
core   0: 0x800040fc (0x0ff0000f) fence   iorw,iorw
core   0: 3 0x800040fc (0x0ff0000f)
core   0: 0x80004100 (0x0ff0000f) fence   iorw,iorw
core   0: 3 0x80004100 (0x0ff0000f)
core   0: 0x80004104 (0xff700593) li      a1, -9
core   0: 3 0x80004104 (0xff700593) x11 0xfffffff7
core   0: 0x80004108 (0xff200713) li      a4, -14
core   0: 3 0x80004108 (0xff200713) x14 0xfffffff2
core   0: 0x8000410c (0x00000001) c.nop
core   0: 3 0x8000410c (0x0001)
core   0: 0x8000410e (0x00000784) c.addi4spn s1, sp, 960
core   0: 3 0x8000410e (0x0784) x 9 0x000003bf
core   0: 0x80004110 (0x000015ed) c.addi  a1, -5
core   0: 3 0x80004110 (0x15ed) x11 0xfffffff2
core   0: 0x80004112 (0xfee59ee3) bne     a1, a4, pc - 4
core   0: 3 0x80004112 (0xfee59ee3)
core   0: 0x80004116 (0x000050fd) c.li    ra, -1
core   0: 3 0x80004116 (0x50fd) x 1 0xffffffff
core   0: 0x80004118 (0x00008e9a) c.mv    t4, t1
core   0: 3 0x80004118 (0x8e9a) x29 0x80000000
core   0: 0x8000411a (0x00214d33) xor     s10, sp, sp
core   0: 3 0x8000411a (0x00214d33) x26 0x00000000
core   0: 0x8000411e (0x0000100f) fence.i
core   0: 3 0x8000411e (0x0000100f)
core   0: 0x80004122 (0x019aeb63) bltu    s5, s9, pc + 22
core   0: 3 0x80004122 (0x019aeb63)
core   0: 0x80004126 (0x0000109c) c.addi4spn a5, sp, 96
core   0: 3 0x80004126 (0x109c) x15 0x0000005f
core   0: 0x80004128 (0x0000c80d) c.beqz  s0, pc + 50
core   0: 3 0x80004128 (0xc80d)
core   0: 0x8000412a (0x00008ee5) c.and   a3, s1
core   0: 3 0x8000412a (0x8ee5) x13 0x000003bf
core   0: 0x8000412c (0x02436133) rem     sp, t1, tp
core   0: 3 0x8000412c (0x02436133) x 2 0x00000000
core   0: 0x80004130 (0x032dd133) divu    sp, s11, s2
core   0: 3 0x80004130 (0x032dd133) x 2 0x00000000
core   0: 0x80004134 (0x00008eb1) c.xor   a3, a2
core   0: 3 0x80004134 (0x8eb1) x13 0x000003be
core   0: 0x80004136 (0x0000448d) c.li    s1, 3
core   0: 3 0x80004136 (0x448d) x 9 0x00000003
core   0: 0x80004138 (0x6a10ba93) sltiu   s5, ra, 1697
core   0: 3 0x80004138 (0x6a10ba93) x21 0x00000000
core   0: 0x8000413c (0x02fbc333) div     t1, s7, a5
core   0: 3 0x8000413c (0x02fbc333) x 6 0xfea71967
core   0: 0x80004140 (0x0000c415) c.beqz  s0, pc + 44
core   0: 3 0x80004140 (0xc415)
core   0: 0x80004142 (0x00000de6) c.slli  s11, 25
core   0: 3 0x80004142 (0x0de6) x27 0x80000000
core   0: 0x80004144 (0x0153b4b3) sltu    s1, t2, s5
core   0: 3 0x80004144 (0x0153b4b3) x 9 0x00000000
core   0: 0x80004148 (0x018acc33) xor     s8, s5, s8
core   0: 3 0x80004148 (0x018acc33) x24 0x00000000
core   0: 0x8000414c (0x0ff0000f) fence   iorw,iorw
core   0: 3 0x8000414c (0x0ff0000f)
core   0: 0x80004150 (0x019d6ab3) or      s5, s10, s9
core   0: 3 0x80004150 (0x019d6ab3) x21 0x00000000
core   0: 0x80004154 (0x00000001) c.nop
core   0: 3 0x80004154 (0x0001)
core   0: 0x80004156 (0x000063d5) c.lui   t2, 0x15
core   0: 3 0x80004156 (0x63d5) x 7 0x00015000
core   0: 0x80004158 (0x00008976) c.mv    s2, t4
core   0: 3 0x80004158 (0x8976) x18 0x80000000
core   0: 0x8000415a (0x00008579) c.srai  a0, 30
core   0: 3 0x8000415a (0x8579) x10 0x00000000
core   0: 0x8000415c (0x00000001) c.nop
core   0: 3 0x8000415c (0x0001)
core   0: 0x8000415e (0x00ed7963) bgeu    s10, a4, pc + 18
core   0: 3 0x8000415e (0x00ed7963)
core   0: 0x80004162 (0x00000805) c.addi  a6, 1
core   0: 3 0x80004162 (0x0805) x16 0x00000000
core   0: 0x80004164 (0x0001e233) or      tp, gp, zero
core   0: 3 0x80004164 (0x0001e233) x 4 0xffffffff
core   0: 0x80004168 (0x000081fe) c.mv    gp, t6
core   0: 3 0x80004168 (0x81fe) x 3 0x00000001
core   0: 0x8000416a (0x00008d75) c.and   a0, a3
core   0: 3 0x8000416a (0x8d75) x10 0x00000000
core   0: 0x8000416c (0x6ed10913) addi    s2, sp, 1773
core   0: 3 0x8000416c (0x6ed10913) x18 0x000006ed
core   0: 0x80004170 (0x00008f85) c.sub   a5, s1
core   0: 3 0x80004170 (0x8f85) x15 0x0000005f
core   0: 0x80004172 (0x008c5433) srl     s0, s8, s0
core   0: 3 0x80004172 (0x008c5433) x 8 0x00000000
core   0: 0x80004176 (0x014dfdb3) and     s11, s11, s4
core   0: 3 0x80004176 (0x014dfdb3) x27 0x80000000
core   0: 0x8000417a (0x40dddc33) sra     s8, s11, a3
core   0: 3 0x8000417a (0x40dddc33) x24 0xfffffffe
core   0: 0x8000417e (0x017a2db3) slt     s11, s4, s7
core   0: 3 0x8000417e (0x017a2db3) x27 0x00000001
core   0: 0x80004182 (0x0000805d) c.srli  s0, 23
core   0: 3 0x80004182 (0x805d) x 8 0x00000000
core   0: 0x80004184 (0x02ae3b33) mulhu   s6, t3, a0
core   0: 3 0x80004184 (0x02ae3b33) x22 0x00000000
core   0: 0x80004188 (0x0ff0000f) fence   iorw,iorw
core   0: 3 0x80004188 (0x0ff0000f)
core   0: 0x8000418c (0xf6a37d13) andi    s10, t1, -150
core   0: 3 0x8000418c (0xf6a37d13) x26 0xfea71962
core   0: 0x80004190 (0x0168f0b3) and     ra, a7, s6
core   0: 3 0x80004190 (0x0168f0b3) x 1 0x00000000
core   0: 0x80004194 (0x00008d61) c.and   a0, s0
core   0: 3 0x80004194 (0x8d61) x10 0x00000000
core   0: 0x80004196 (0x034d5263) bge     s10, s4, pc + 36
core   0: 3 0x80004196 (0x034d5263)
core   0: 0x800041ba (0x00000001) c.nop
core   0: 3 0x800041ba (0x0001)
core   0: 0x800041bc (0x01fd4733) xor     a4, s10, t6
core   0: 3 0x800041bc (0x01fd4733) x14 0xfea71963
core   0: 0x800041c0 (0x00008eca) c.mv    t4, s2
core   0: 3 0x800041c0 (0x8eca) x29 0x000006ed
core   0: 0x800041c2 (0x038ec1b3) div     gp, t4, s8
core   0: 3 0x800041c2 (0x038ec1b3) x 3 0xfffffc8a
core   0: 0x800041c6 (0x0000cb99) c.beqz  a5, pc + 22
core   0: 3 0x800041c6 (0xcb99)
core   0: 0x800041c8 (0x0ff0000f) fence   iorw,iorw
core   0: 3 0x800041c8 (0x0ff0000f)
core   0: 0x800041cc (0x02e5ecb3) rem     s9, a1, a4
core   0: 3 0x800041cc (0x02e5ecb3) x25 0xfffffff2
core   0: 0x800041d0 (0x00001804) c.addi4spn s1, sp, 48
core   0: 3 0x800041d0 (0x1804) x 9 0x00000030
core   0: 0x800041d2 (0x01bf9963) bne     t6, s11, pc + 18
core   0: 3 0x800041d2 (0x01bf9963)
core   0: 0x800041d6 (0x00000001) c.nop
core   0: 3 0x800041d6 (0x0001)
core   0: 0x800041d8 (0x0212ffb3) remu    t6, t0, ra
core   0: 3 0x800041d8 (0x0212ffb3) x31 0x80026ce4
core   0: 0x800041dc (0x00cb5193) srli    gp, s6, 12
core   0: 3 0x800041dc (0x00cb5193) x 3 0x00000000
core   0: 0x800041e0 (0x01d61633) sll     a2, a2, t4
core   0: 3 0x800041e0 (0x01d61633) x12 0x00002000
core   0: 0x800041e4 (0x029c9463) bne     s9, s1, pc + 40
core   0: 3 0x800041e4 (0x029c9463)
core   0: 0x8000420c (0x038f3333) mulhu   t1, t5, s8
core   0: 3 0x8000420c (0x038f3333) x 6 0xffffffd0
core   0: 0x80004210 (0x036cc663) blt     s9, s6, pc + 44
core   0: 3 0x80004210 (0x036cc663)
core   0: 0x8000423c (0x02a09eb3) mulh    t4, ra, a0
core   0: 3 0x8000423c (0x02a09eb3) x29 0x00000000
core   0: 0x80004240 (0x027a53b3) divu    t2, s4, t2
core   0: 3 0x80004240 (0x027a53b3) x 7 0x00006186
core   0: 0x80004244 (0x00008e61) c.and   a2, s0
core   0: 3 0x80004244 (0x8e61) x12 0x00000000
core   0: 0x80004246 (0x011a1463) bne     s4, a7, pc + 8
core   0: 3 0x80004246 (0x011a1463)
core   0: 0x8000424e (0x024c89b3) mul     s3, s9, tp
core   0: 3 0x8000424e (0x024c89b3) x19 0x0000000e
core   0: 0x80004252 (0x000096f2) c.add   a3, t3
core   0: 3 0x80004252 (0x96f2) x13 0x80023222
core   0: 0x80004254 (0x4027d733) sra     a4, a5, sp
core   0: 3 0x80004254 (0x4027d733) x14 0x0000005f
core   0: 0x80004258 (0x0000ea01) c.bnez  a2, pc + 16
core   0: 3 0x80004258 (0xea01)
core   0: 0x8000425a (0x02390833) mul     a6, s2, gp
core   0: 3 0x8000425a (0x02390833) x16 0x00000000
core   0: 0x8000425e (0x00008db2) c.mv    s11, a2
core   0: 3 0x8000425e (0x8db2) x27 0x00000000
core   0: 0x80004260 (0x00008f91) c.sub   a5, a2
core   0: 3 0x80004260 (0x8f91) x15 0x0000005f
core   0: 0x80004262 (0x00004975) c.li    s2, 29
core   0: 3 0x80004262 (0x4975) x18 0x0000001d
core   0: 0x80004264 (0x402c01b3) sub     gp, s8, sp
core   0: 3 0x80004264 (0x402c01b3) x 3 0xfffffffe
core   0: 0x80004268 (0x000084fa) c.mv    s1, t5
core   0: 3 0x80004268 (0x84fa) x 9 0xffffffd2
core   0: 0x8000426a (0x018e7663) bgeu    t3, s8, pc + 12
core   0: 3 0x8000426a (0x018e7663)
core   0: 0x8000426e (0x419dd1b3) sra     gp, s11, s9
core   0: 3 0x8000426e (0x419dd1b3) x 3 0x00000000
core   0: 0x80004272 (0x00c63b33) sltu    s6, a2, a2
core   0: 3 0x80004272 (0x00c63b33) x22 0x00000000
core   0: 0x80004276 (0x00000001) c.nop
core   0: 3 0x80004276 (0x0001)
core   0: 0x80004278 (0x000f3133) sltu    sp, t5, zero
core   0: 3 0x80004278 (0x000f3133) x 2 0x00000000
core   0: 0x8000427c (0x01905a93) srli    s5, zero, 25
core   0: 3 0x8000427c (0x01905a93) x21 0x00000000
core   0: 0x80004280 (0x03ce12b3) mulh    t0, t3, t3
core   0: 3 0x80004280 (0x03ce12b3) x 5 0x3ffdd1a0
core   0: 0x80004284 (0x00008f79) c.and   a4, a4
core   0: 3 0x80004284 (0x8f79) x14 0x0000005f
core   0: 0x80004286 (0x7a582197) auipc   gp, 0x7a582
core   0: 3 0x80004286 (0x7a582197) x 3 0xfa586286
core   0: 0x8000428a (0xff6b6c93) ori     s9, s6, -10
core   0: 3 0x8000428a (0xff6b6c93) x25 0xfffffff6
core   0: 0x8000428e (0x00008cb5) c.xor   s1, a3
core   0: 3 0x8000428e (0x8cb5) x 9 0x7ffdcdf0
core   0: 0x80004290 (0x02d9db33) divu    s6, s3, a3
core   0: 3 0x80004290 (0x02d9db33) x22 0x00000000
core   0: 0x80004294 (0x0000100f) fence.i
core   0: 3 0x80004294 (0x0000100f)
core   0: 0x80004298 (0x46ec0497) auipc   s1, 0x46ec0
core   0: 3 0x80004298 (0x46ec0497) x 9 0xc6ec4298
core   0: 0x8000429c (0x019d0833) add     a6, s10, s9
core   0: 3 0x8000429c (0x019d0833) x16 0xfea71958
core   0: 0x800042a0 (0x00008edd) c.or    a3, a5
core   0: 3 0x800042a0 (0x8edd) x13 0x8002327f
core   0: 0x800042a2 (0x0000c78d) c.beqz  a5, pc + 42
core   0: 3 0x800042a2 (0xc78d)
core   0: 0x800042a4 (0x03ab75b3) remu    a1, s6, s10
core   0: 3 0x800042a4 (0x03ab75b3) x11 0x00000000
core   0: 0x800042a8 (0x017a0ab3) add     s5, s4, s7
core   0: 3 0x800042a8 (0x017a0ab3) x21 0x00026ce4
core   0: 0x800042ac (0x001d7733) and     a4, s10, ra
core   0: 3 0x800042ac (0x001d7733) x14 0x00000000
core   0: 0x800042b0 (0x41b950b3) sra     ra, s2, s11
core   0: 3 0x800042b0 (0x41b950b3) x 1 0x0000001d
core   0: 0x800042b4 (0x00008d71) c.and   a0, a2
core   0: 3 0x800042b4 (0x8d71) x10 0x00000000
core   0: 0x800042b6 (0x0000717d) c.addi16sp sp, -16
core   0: 3 0x800042b6 (0x717d) x 2 0xfffffff0
core   0: 0x800042b8 (0x022b5363) bge     s6, sp, pc + 38
core   0: 3 0x800042b8 (0x022b5363)
core   0: 0x800042de (0x00009d62) c.add   s10, s8
core   0: 3 0x800042de (0x9d62) x26 0xfea71960
core   0: 0x800042e0 (0x01779733) sll     a4, a5, s7
core   0: 3 0x800042e0 (0x01779733) x14 0x000005f0
core   0: 0x800042e4 (0x038c7d63) bgeu    s8, s8, pc + 58
core   0: 3 0x800042e4 (0x038c7d63)
core   0: 0x8000431e (0x0338ec63) bltu    a7, s3, pc + 56
core   0: 3 0x8000431e (0x0338ec63)
core   0: 0x80004322 (0x14a48a93) addi    s5, s1, 330
core   0: 3 0x80004322 (0x14a48a93) x21 0xc6ec43e2
core   0: 0x80004326 (0x011e5133) srl     sp, t3, a7
core   0: 3 0x80004326 (0x011e5133) x 2 0x80022e64
core   0: 0x8000432a (0x00005dfd) c.li    s11, -1
core   0: 3 0x8000432a (0x5dfd) x27 0xffffffff
core   0: 0x8000432c (0x000094ca) c.add   s1, s2
core   0: 3 0x8000432c (0x94ca) x 9 0xc6ec42b5
core   0: 0x8000432e (0x000081a5) c.srli  a1, 9
core   0: 3 0x8000432e (0x81a5) x11 0x00000000
core   0: 0x80004330 (0x005273b3) and     t2, tp, t0
core   0: 3 0x80004330 (0x005273b3) x 7 0x3ffdd1a0
core   0: 0x80004334 (0x000099fd) c.andi  a1, -1
core   0: 3 0x80004334 (0x99fd) x11 0x00000000
core   0: 0x80004336 (0x00008f55) c.or    a4, a3
core   0: 3 0x80004336 (0x8f55) x14 0x800237ff
core   0: 0x80004338 (0x0000045a) c.slli  s0, 22
core   0: 3 0x80004338 (0x045a) x 8 0x00000000
core   0: 0x8000433a (0x000002c9) c.addi  t0, 18
core   0: 3 0x8000433a (0x02c9) x 5 0x3ffdd1b2
core   0: 0x8000433c (0x032ab1b3) mulhu   gp, s5, s2
core   0: 3 0x8000433c (0x032ab1b3) x 3 0x00000016
core   0: 0x80004340 (0x13933113) sltiu   sp, t1, 313
core   0: 3 0x80004340 (0x13933113) x 2 0x00000000
core   0: 0x80004344 (0x0000057e) c.slli  a0, 31
core   0: 3 0x80004344 (0x057e) x10 0x00000000
core   0: 0x80004346 (0x000cf663) bgeu    s9, zero, pc + 12
core   0: 3 0x80004346 (0x000cf663)
core   0: 0x80004352 (0x0043c833) xor     a6, t2, tp
core   0: 3 0x80004352 (0x0043c833) x16 0xc0022e5f
core   0: 0x80004356 (0x00008ff1) c.and   a5, a2
core   0: 3 0x80004356 (0x8ff1) x15 0x00000000
core   0: 0x80004358 (0x02d845b3) div     a1, a6, a3
core   0: 3 0x80004358 (0x02d845b3) x11 0x00000000
core   0: 0x8000435c (0x019d1f93) slli    t6, s10, 25
core   0: 3 0x8000435c (0x019d1f93) x31 0xc0000000
core   0: 0x80004360 (0x00000001) c.nop
core   0: 3 0x80004360 (0x0001)
core   0: 0x80004362 (0x046fc563) blt     t6, t1, pc + 74
core   0: 3 0x80004362 (0x046fc563)
core   0: 0x800043ac (0x039b4d33) div     s10, s6, s9
core   0: 3 0x800043ac (0x039b4d33) x26 0x00000000
core   0: 0x800043b0 (0x6d236393) ori     t2, t1, 1746
core   0: 3 0x800043b0 (0x6d236393) x 7 0xffffffd2
core   0: 0x800043b4 (0x0000025a) c.slli  tp, 22
core   0: 3 0x800043b4 (0x025a) x 4 0xffc00000
core   0: 0x800043b6 (0x411b8633) sub     a2, s7, a7
core   0: 3 0x800043b6 (0x411b8633) x12 0xda72a7e4
core   0: 0x800043ba (0x0000613d) c.addi16sp sp, 480
core   0: 3 0x800043ba (0x613d) x 2 0x000001e0
core   0: 0x800043bc (0x0292e6b3) rem     a3, t0, s1
core   0: 3 0x800043bc (0x0292e6b3) x13 0x06ea1467
core   0: 0x800043c0 (0x01f81963) bne     a6, t6, pc + 18
core   0: 3 0x800043c0 (0x01f81963)
core   0: 0x800043d2 (0x0000eb99) c.bnez  a5, pc + 22
core   0: 3 0x800043d2 (0xeb99)
core   0: 0x800043d4 (0x0189cc33) xor     s8, s3, s8
core   0: 3 0x800043d4 (0x0189cc33) x24 0xfffffff0
core   0: 0x800043d8 (0x00008ec9) c.or    a3, a0
core   0: 3 0x800043d8 (0x8ec9) x13 0x06ea1467
core   0: 0x800043da (0x0000187d) c.addi  a6, -1
core   0: 3 0x800043da (0x187d) x16 0xc0022e5e
core   0: 0x800043dc (0x000090ae) c.add   ra, a1
core   0: 3 0x800043dc (0x90ae) x 1 0x0000001d
core   0: 0x800043de (0xd2a5fd93) andi    s11, a1, -726
core   0: 3 0x800043de (0xd2a5fd93) x27 0x00000000
core   0: 0x800043e2 (0x7f114637) lui     a2, 0x7f114
core   0: 3 0x800043e2 (0x7f114637) x12 0x7f114000
core   0: 0x800043e6 (0x00008585) c.srai  a1, 1
core   0: 3 0x800043e6 (0x8585) x11 0x00000000
core   0: 0x800043e8 (0x00008e2d) c.xor   a2, a1
core   0: 3 0x800043e8 (0x8e2d) x12 0x7f114000
core   0: 0x800043ea (0x0042d663) bge     t0, tp, pc + 12
core   0: 3 0x800043ea (0x0042d663)
core   0: 0x800043f6 (0x02d0fdb3) remu    s11, ra, a3
core   0: 3 0x800043f6 (0x02d0fdb3) x27 0x0000001d
core   0: 0x800043fa (0x02e7cab3) div     s5, a5, a4
core   0: 3 0x800043fa (0x02e7cab3) x21 0x00000000
core   0: 0x800043fe (0x01000e63) beq     zero, a6, pc + 28
core   0: 3 0x800043fe (0x01000e63)
core   0: 0x80004402 (0x03138463) beq     t2, a7, pc + 40
core   0: 3 0x80004402 (0x03138463)
core   0: 0x80004406 (0x0ff0000f) fence   iorw,iorw
core   0: 3 0x80004406 (0x0ff0000f)
core   0: 0x8000440a (0x00008ce5) c.and   s1, s1
core   0: 3 0x8000440a (0x8ce5) x 9 0xc6ec42b5
core   0: 0x8000440c (0x03408063) beq     ra, s4, pc + 32
core   0: 3 0x8000440c (0x03408063)
core   0: 0x80004410 (0x00008d95) c.sub   a1, a3
core   0: 3 0x80004410 (0x8d95) x11 0xf915eb99
core   0: 0x80004412 (0x41465413) srai    s0, a2, 20
core   0: 3 0x80004412 (0x41465413) x 8 0x000007f1
core   0: 0x80004416 (0x03918363) beq     gp, s9, pc + 38
core   0: 3 0x80004416 (0x03918363)
core   0: 0x8000441a (0x00008abd) c.andi  a3, 15
core   0: 3 0x8000441a (0x8abd) x13 0x00000007
core   0: 0x8000441c (0x02c84b33) div     s6, a6, a2
core   0: 3 0x8000441c (0x02c84b33) x22 0x00000000
core   0: 0x80004420 (0x0000c599) c.beqz  a1, pc + 14
core   0: 3 0x80004420 (0xc599)
core   0: 0x80004422 (0x0031a5b3) slt     a1, gp, gp
core   0: 3 0x80004422 (0x0031a5b3) x11 0x00000000
core   0: 0x80004426 (0x00004d45) c.li    s10, 17
core   0: 3 0x80004426 (0x4d45) x26 0x00000011
core   0: 0x80004428 (0x00008d35) c.xor   a0, a3
core   0: 3 0x80004428 (0x8d35) x10 0x00000007
core   0: 0x8000442a (0x00006155) c.addi16sp sp, 304
core   0: 3 0x8000442a (0x6155) x 2 0x00000310
core   0: 0x8000442c (0x0000577d) c.li    a4, -1
core   0: 3 0x8000442c (0x577d) x14 0xffffffff
core   0: 0x8000442e (0x402dd793) srai    a5, s11, 2
core   0: 3 0x8000442e (0x402dd793) x15 0x00000007
core   0: 0x80004432 (0x1a91f793) andi    a5, gp, 425
core   0: 3 0x80004432 (0x1a91f793) x15 0x00000000
core   0: 0x80004436 (0x0000ed81) c.bnez  a1, pc + 24
core   0: 3 0x80004436 (0xed81)
core   0: 0x80004438 (0x3b97cd13) xori    s10, a5, 953
core   0: 3 0x80004438 (0x3b97cd13) x26 0x000003b9
core   0: 0x8000443c (0x00c01813) slli    a6, zero, 12
core   0: 3 0x8000443c (0x00c01813) x16 0x00000000
core   0: 0x80004440 (0x8dc84993) xori    s3, a6, -1828
core   0: 3 0x80004440 (0x8dc84993) x19 0xfffff8dc
core   0: 0x80004444 (0x0000878d) c.srai  a5, 3
core   0: 3 0x80004444 (0x878d) x15 0x00000000
core   0: 0x80004446 (0x00b9d133) srl     sp, s3, a1
core   0: 3 0x80004446 (0x00b9d133) x 2 0xfffff8dc
core   0: 0x8000444a (0x006221b3) slt     gp, tp, t1
core   0: 3 0x8000444a (0x006221b3) x 3 0x00000001
core   0: 0x8000444e (0x038e6463) bltu    t3, s8, pc + 40
core   0: 3 0x8000444e (0x038e6463)
core   0: 0x80004476 (0x0000960a) c.add   a2, sp
core   0: 3 0x80004476 (0x960a) x12 0x7f1138dc
core   0: 0x80004478 (0x00001784) c.addi4spn s1, sp, 992
core   0: 3 0x80004478 (0x1784) x 9 0xfffffcbc
core   0: 0x8000447a (0x000083dd) c.srli  a5, 23
core   0: 3 0x8000447a (0x83dd) x15 0x00000000
core   0: 0x8000447c (0x0115fc63) bgeu    a1, a7, pc + 24
core   0: 3 0x8000447c (0x0115fc63)
core   0: 0x80004480 (0x0019fab3) and     s5, s3, ra
core   0: 3 0x80004480 (0x0019fab3) x21 0x0000001c
core   0: 0x80004484 (0x03672f33) mulhsu  t5, a4, s6
core   0: 3 0x80004484 (0x03672f33) x30 0x00000000
core   0: 0x80004488 (0x027285b3) mul     a1, t0, t2
core   0: 3 0x80004488 (0x027285b3) x11 0x80645204
core   0: 0x8000448c (0x00009af2) c.add   s5, t3
core   0: 3 0x8000448c (0x9af2) x21 0x80022e80
core   0: 0x8000448e (0x0035ad33) slt     s10, a1, gp
core   0: 3 0x8000448e (0x0035ad33) x26 0x00000001
core   0: 0x80004492 (0x00005cfd) c.li    s9, -1
core   0: 3 0x80004492 (0x5cfd) x25 0xffffffff
core   0: 0x80004494 (0x9127b393) sltiu   t2, a5, -1774
core   0: 3 0x80004494 (0x9127b393) x 7 0x00000001
core   0: 0x80004498 (0x00006ff1) c.lui   t6, 0x1c
core   0: 3 0x80004498 (0x6ff1) x31 0x0001c000
core   0: 0x8000449a (0x03a05733) divu    a4, zero, s10
core   0: 3 0x8000449a (0x03a05733) x14 0x00000000
core   0: 0x8000449e (0x00004341) c.li    t1, 16
core   0: 3 0x8000449e (0x4341) x 6 0x00000010
core   0: 0x800044a0 (0x0330d833) divu    a6, ra, s3
core   0: 3 0x800044a0 (0x0330d833) x16 0x00000000
core   0: 0x800044a4 (0x018bf663) bgeu    s7, s8, pc + 12
core   0: 3 0x800044a4 (0x018bf663)
core   0: 0x800044a8 (0x020249b3) div     s3, tp, zero
core   0: 3 0x800044a8 (0x020249b3) x19 0xffffffff
core   0: 0x800044ac (0x02b7f733) remu    a4, a5, a1
core   0: 3 0x800044ac (0x02b7f733) x14 0x00000000
core   0: 0x800044b0 (0x00710963) beq     sp, t2, pc + 18
core   0: 3 0x800044b0 (0x00710963)
core   0: 0x800044b4 (0x41b3d533) sra     a0, t2, s11
core   0: 3 0x800044b4 (0x41b3d533) x10 0x00000000
core   0: 0x800044b8 (0x00009876) c.add   a6, t4
core   0: 3 0x800044b8 (0x9876) x16 0x00000000
core   0: 0x800044ba (0x00000b2a) c.slli  s6, 10
core   0: 3 0x800044ba (0x0b2a) x22 0x00000000
core   0: 0x800044bc (0x00000fd2) c.slli  t6, 20
core   0: 3 0x800044bc (0x0fd2) x31 0x00000000
core   0: 0x800044be (0x419bd693) srai    a3, s7, 25
core   0: 3 0x800044be (0x419bd693) x13 0xffffffc0
core   0: 0x800044c2 (0x00004d75) c.li    s10, 29
core   0: 3 0x800044c2 (0x4d75) x26 0x0000001d
core   0: 0x800044c4 (0x415dd393) srai    t2, s11, 21
core   0: 3 0x800044c4 (0x415dd393) x 7 0x00000000
core   0: 0x800044c8 (0x037fd663) bge     t6, s7, pc + 44
core   0: 3 0x800044c8 (0x037fd663)
core   0: 0x800044f4 (0x41f1d6b3) sra     a3, gp, t6
core   0: 3 0x800044f4 (0x41f1d6b3) x13 0x00000001
core   0: 0x800044f8 (0x00008fa5) c.xor   a5, s1
core   0: 3 0x800044f8 (0x8fa5) x15 0xfffffcbc
core   0: 0x800044fa (0x411b8cb3) sub     s9, s7, a7
core   0: 3 0x800044fa (0x411b8cb3) x25 0xda72a7e4
core   0: 0x800044fe (0xea0b2493) slti    s1, s6, -352
core   0: 3 0x800044fe (0xea0b2493) x 9 0x00000000
core   0: 0x80004502 (0x12177837) lui     a6, 0x12177
core   0: 3 0x80004502 (0x12177837) x16 0x12177000
core   0: 0x80004506 (0x00241033) sll     zero, s0, sp
core   0: 3 0x80004506 (0x00241033)
core   0: 0x8000450a (0x00bcc8b3) xor     a7, s9, a1
core   0: 3 0x8000450a (0x00bcc8b3) x17 0x5a16f5e0
core   0: 0x8000450e (0x6a108a93) addi    s5, ra, 1697
core   0: 3 0x8000450e (0x6a108a93) x21 0x000006be
core   0: 0x80004512 (0x00008721) c.srai  a4, 8
core   0: 3 0x80004512 (0x8721) x14 0x00000000
core   0: 0x80004514 (0x0000020d) c.addi  tp, 3
core   0: 3 0x80004514 (0x020d) x 4 0xffc00003
core   0: 0x80004516 (0x00009426) c.add   s0, s1
core   0: 3 0x80004516 (0x9426) x 8 0x000007f1
core   0: 0x80004518 (0x00008c39) c.xor   s0, a4
core   0: 3 0x80004518 (0x8c39) x 8 0x000007f1
core   0: 0x8000451a (0x026af263) bgeu    s5, t1, pc + 36
core   0: 3 0x8000451a (0x026af263)
core   0: 0x8000453e (0x0051beb3) sltu    t4, gp, t0
core   0: 3 0x8000453e (0x0051beb3) x29 0x00000001
core   0: 0x80004542 (0x00004c09) c.li    s8, 2
core   0: 3 0x80004542 (0x4c09) x24 0x00000002
core   0: 0x80004544 (0x0000808d) c.srli  s1, 3
core   0: 3 0x80004544 (0x808d) x 9 0x00000000
core   0: 0x80004546 (0x99bf3393) sltiu   t2, t5, -1637
core   0: 3 0x80004546 (0x99bf3393) x 7 0x00000001
core   0: 0x8000454a (0x4096db33) sra     s6, a3, s1
core   0: 3 0x8000454a (0x4096db33) x22 0x00000001
core   0: 0x8000454e (0x0ff0000f) fence   iorw,iorw
core   0: 3 0x8000454e (0x0ff0000f)
core   0: 0x80004552 (0x00006c99) c.lui   s9, 0x6
core   0: 3 0x80004552 (0x6c99) x25 0x00006000
core   0: 0x80004554 (0x01629413) slli    s0, t0, 22
core   0: 3 0x80004554 (0x01629413) x 8 0x6c800000
core   0: 0x80004558 (0x5bb13f93) sltiu   t6, sp, 1467
core   0: 3 0x80004558 (0x5bb13f93) x31 0x00000000
core   0: 0x8000455c (0x00000001) c.nop
core   0: 3 0x8000455c (0x0001)
core   0: 0x8000455e (0x004b24b3) slt     s1, s6, tp
core   0: 3 0x8000455e (0x004b24b3) x 9 0x00000000
core   0: 0x80004562 (0x00008e91) c.sub   a3, a2
core   0: 3 0x80004562 (0x8e91) x13 0x80eec725
core   0: 0x80004564 (0x06730563) beq     t1, t2, pc + 106
core   0: 3 0x80004564 (0x06730563)
core   0: 0x80004568 (0x02061eb3) mulh    t4, a2, zero
core   0: 3 0x80004568 (0x02061eb3) x29 0x00000000
core   0: 0x8000456c (0x00009f32) c.add   t5, a2
core   0: 3 0x8000456c (0x9f32) x30 0x7f1138dc
core   0: 0x8000456e (0x41af5c93) srai    s9, t5, 26
core   0: 3 0x8000456e (0x41af5c93) x25 0x0000001f
core   0: 0x80004572 (0x3ca53c93) sltiu   s9, a0, 970
core   0: 3 0x80004572 (0x3ca53c93) x25 0x00000001
core   0: 0x80004576 (0x00900713) li      a4, 9
core   0: 3 0x80004576 (0x00900713) x14 0x00000009
core   0: 0x8000457a (0x00000419) c.addi  s0, 6
core   0: 3 0x8000457a (0x0419) x 8 0x6c800006
core   0: 0x8000457c (0x40b70433) sub     s0, a4, a1
core   0: 3 0x8000457c (0x40b70433) x 8 0x7f9bae05
core   0: 0x80004580 (0x00572433) slt     s0, a4, t0
core   0: 3 0x80004580 (0x00572433) x 8 0x00000001
core   0: 0x80004584 (0xff600093) li      ra, -10
core   0: 3 0x80004584 (0xff600093) x 1 0xfffffff6
core   0: 0x80004588 (0x00008d9d) c.sub   a1, a5
core   0: 3 0x80004588 (0x8d9d) x11 0x80645548
core   0: 0x8000458a (0x00001761) c.addi  a4, -8
core   0: 3 0x8000458a (0x1761) x14 0x00000001
core   0: 0x8000458c (0x9b893d13) sltiu   s10, s2, -1608
core   0: 3 0x8000458c (0x9b893d13) x26 0x00000001
core   0: 0x80004590 (0x00a00613) li      a2, 10
core   0: 3 0x80004590 (0x00a00613) x12 0x0000000a
core   0: 0x80004594 (0xffe00b13) li      s6, -2
core   0: 3 0x80004594 (0xffe00b13) x22 0xfffffffe
core   0: 0x80004598 (0x00006141) c.addi16sp sp, 16
core   0: 3 0x80004598 (0x6141) x 2 0xfffff8ec
core   0: 0x8000459a (0xb7a88017) auipc   zero, 0xb7a88
core   0: 3 0x8000459a (0xb7a88017)
core   0: 0x8000459e (0x00000284) c.addi4spn s1, sp, 320
core   0: 3 0x8000459e (0x0284) x 9 0xfffffa2c
core   0: 0x800045a0 (0x00001659) c.addi  a2, -10
core   0: 3 0x800045a0 (0x1659) x12 0x00000000
core   0: 0x800045a2 (0x0040cf33) xor     t5, ra, tp
core   0: 3 0x800045a2 (0x0040cf33) x30 0x003ffff5
core   0: 0x800045a6 (0xff665ae3) bge     a2, s6, pc - 12
core   0: 3 0x800045a6 (0xff665ae3)
core   0: 0x8000459a (0xb7a88017) auipc   zero, 0xb7a88
core   0: 3 0x8000459a (0xb7a88017)
core   0: 0x8000459e (0x00000284) c.addi4spn s1, sp, 320
core   0: 3 0x8000459e (0x0284) x 9 0xfffffa2c
core   0: 0x800045a0 (0x00001659) c.addi  a2, -10
core   0: 3 0x800045a0 (0x1659) x12 0xfffffff6
core   0: 0x800045a2 (0x0040cf33) xor     t5, ra, tp
core   0: 3 0x800045a2 (0x0040cf33) x30 0x003ffff5
core   0: 0x800045a6 (0xff665ae3) bge     a2, s6, pc - 12
core   0: 3 0x800045a6 (0xff665ae3)
core   0: 0x800045aa (0x003d3533) sltu    a0, s10, gp
core   0: 3 0x800045aa (0x003d3533) x10 0x00000000
core   0: 0x800045ae (0x00001a80) c.addi4spn s0, sp, 368
core   0: 3 0x800045ae (0x1a80) x 8 0xfffffa5c
core   0: 0x800045b0 (0xfc175ce3) bge     a4, ra, pc - 40
core   0: 3 0x800045b0 (0xfc175ce3)
core   0: 0x80004588 (0x00008d9d) c.sub   a1, a5
core   0: 3 0x80004588 (0x8d9d) x11 0x8064588c
core   0: 0x8000458a (0x00001761) c.addi  a4, -8
core   0: 3 0x8000458a (0x1761) x14 0xfffffff9
core   0: 0x8000458c (0x9b893d13) sltiu   s10, s2, -1608
core   0: 3 0x8000458c (0x9b893d13) x26 0x00000001
core   0: 0x80004590 (0x00a00613) li      a2, 10
core   0: 3 0x80004590 (0x00a00613) x12 0x0000000a
core   0: 0x80004594 (0xffe00b13) li      s6, -2
core   0: 3 0x80004594 (0xffe00b13) x22 0xfffffffe
core   0: 0x80004598 (0x00006141) c.addi16sp sp, 16
core   0: 3 0x80004598 (0x6141) x 2 0xfffff8fc
core   0: 0x8000459a (0xb7a88017) auipc   zero, 0xb7a88
core   0: 3 0x8000459a (0xb7a88017)
core   0: 0x8000459e (0x00000284) c.addi4spn s1, sp, 320
core   0: 3 0x8000459e (0x0284) x 9 0xfffffa3c
core   0: 0x800045a0 (0x00001659) c.addi  a2, -10
core   0: 3 0x800045a0 (0x1659) x12 0x00000000
core   0: 0x800045a2 (0x0040cf33) xor     t5, ra, tp
core   0: 3 0x800045a2 (0x0040cf33) x30 0x003ffff5
core   0: 0x800045a6 (0xff665ae3) bge     a2, s6, pc - 12
core   0: 3 0x800045a6 (0xff665ae3)
core   0: 0x8000459a (0xb7a88017) auipc   zero, 0xb7a88
core   0: 3 0x8000459a (0xb7a88017)
core   0: 0x8000459e (0x00000284) c.addi4spn s1, sp, 320
core   0: 3 0x8000459e (0x0284) x 9 0xfffffa3c
core   0: 0x800045a0 (0x00001659) c.addi  a2, -10
core   0: 3 0x800045a0 (0x1659) x12 0xfffffff6
core   0: 0x800045a2 (0x0040cf33) xor     t5, ra, tp
core   0: 3 0x800045a2 (0x0040cf33) x30 0x003ffff5
core   0: 0x800045a6 (0xff665ae3) bge     a2, s6, pc - 12
core   0: 3 0x800045a6 (0xff665ae3)
core   0: 0x800045aa (0x003d3533) sltu    a0, s10, gp
core   0: 3 0x800045aa (0x003d3533) x10 0x00000000
core   0: 0x800045ae (0x00001a80) c.addi4spn s0, sp, 368
core   0: 3 0x800045ae (0x1a80) x 8 0xfffffa6c
core   0: 0x800045b0 (0xfc175ce3) bge     a4, ra, pc - 40
core   0: 3 0x800045b0 (0xfc175ce3)
core   0: 0x80004588 (0x00008d9d) c.sub   a1, a5
core   0: 3 0x80004588 (0x8d9d) x11 0x80645bd0
core   0: 0x8000458a (0x00001761) c.addi  a4, -8
core   0: 3 0x8000458a (0x1761) x14 0xfffffff1
core   0: 0x8000458c (0x9b893d13) sltiu   s10, s2, -1608
core   0: 3 0x8000458c (0x9b893d13) x26 0x00000001
core   0: 0x80004590 (0x00a00613) li      a2, 10
core   0: 3 0x80004590 (0x00a00613) x12 0x0000000a
core   0: 0x80004594 (0xffe00b13) li      s6, -2
core   0: 3 0x80004594 (0xffe00b13) x22 0xfffffffe
core   0: 0x80004598 (0x00006141) c.addi16sp sp, 16
core   0: 3 0x80004598 (0x6141) x 2 0xfffff90c
core   0: 0x8000459a (0xb7a88017) auipc   zero, 0xb7a88
core   0: 3 0x8000459a (0xb7a88017)
core   0: 0x8000459e (0x00000284) c.addi4spn s1, sp, 320
core   0: 3 0x8000459e (0x0284) x 9 0xfffffa4c
core   0: 0x800045a0 (0x00001659) c.addi  a2, -10
core   0: 3 0x800045a0 (0x1659) x12 0x00000000
core   0: 0x800045a2 (0x0040cf33) xor     t5, ra, tp
core   0: 3 0x800045a2 (0x0040cf33) x30 0x003ffff5
core   0: 0x800045a6 (0xff665ae3) bge     a2, s6, pc - 12
core   0: 3 0x800045a6 (0xff665ae3)
core   0: 0x8000459a (0xb7a88017) auipc   zero, 0xb7a88
core   0: 3 0x8000459a (0xb7a88017)
core   0: 0x8000459e (0x00000284) c.addi4spn s1, sp, 320
core   0: 3 0x8000459e (0x0284) x 9 0xfffffa4c
core   0: 0x800045a0 (0x00001659) c.addi  a2, -10
core   0: 3 0x800045a0 (0x1659) x12 0xfffffff6
core   0: 0x800045a2 (0x0040cf33) xor     t5, ra, tp
core   0: 3 0x800045a2 (0x0040cf33) x30 0x003ffff5
core   0: 0x800045a6 (0xff665ae3) bge     a2, s6, pc - 12
core   0: 3 0x800045a6 (0xff665ae3)
core   0: 0x800045aa (0x003d3533) sltu    a0, s10, gp
core   0: 3 0x800045aa (0x003d3533) x10 0x00000000
core   0: 0x800045ae (0x00001a80) c.addi4spn s0, sp, 368
core   0: 3 0x800045ae (0x1a80) x 8 0xfffffa7c
core   0: 0x800045b0 (0xfc175ce3) bge     a4, ra, pc - 40
core   0: 3 0x800045b0 (0xfc175ce3)
core   0: 0x800045b4 (0x00cbac33) slt     s8, s7, a2
core   0: 3 0x800045b4 (0x00cbac33) x24 0x00000001
core   0: 0x800045b8 (0x034f75b3) remu    a1, t5, s4
core   0: 3 0x800045b8 (0x034f75b3) x11 0x003ffff5
core   0: 0x800045bc (0x00379eb3) sll     t4, a5, gp
core   0: 3 0x800045bc (0x00379eb3) x29 0xfffff978
core   0: 0x800045c0 (0x030cf7b3) remu    a5, s9, a6
core   0: 3 0x800045c0 (0x030cf7b3) x15 0x00000001
core   0: 0x800045c4 (0x01876133) or      sp, a4, s8
core   0: 3 0x800045c4 (0x01876133) x 2 0xfffffff1
core   0: 0x800045c8 (0x0ff0000f) fence   iorw,iorw
core   0: 3 0x800045c8 (0x0ff0000f)
core   0: 0x800045cc (0x00000001) c.nop
core   0: 3 0x800045cc (0x0001)
core   0: 0x800045ce (0x00000235) c.addi  tp, 13
core   0: 3 0x800045ce (0x0235) x 4 0xffc00010
core   0: 0x800045d0 (0x024b3933) mulhu   s2, s6, tp
core   0: 3 0x800045d0 (0x024b3933) x18 0xffc0000e
core   0: 0x800045d4 (0x000060bd) c.lui   ra, 0xf
core   0: 3 0x800045d4 (0x60bd) x 1 0x0000f000
core   0: 0x800045d6 (0x0000ef8d) c.bnez  a5, pc + 58
core   0: 3 0x800045d6 (0xef8d)
core   0: 0x80004610 (0x039a2c33) mulhsu  s8, s4, s9
core   0: 3 0x80004610 (0x039a2c33) x24 0xffffffff
core   0: 0x80004614 (0x983ac213) xori    tp, s5, -1661
core   0: 3 0x80004614 (0x983ac213) x 4 0xffffff3d
core   0: 0x80004618 (0x0000c019) c.beqz  s0, pc + 6
core   0: 3 0x80004618 (0xc019)
core   0: 0x8000461a (0x00000d4a) c.slli  s10, 18
core   0: 3 0x8000461a (0x0d4a) x26 0x00040000
core   0: 0x8000461c (0x00000001) c.nop
core   0: 3 0x8000461c (0x0001)
core   0: 0x8000461e (0x00008695) c.srai  a3, 5
core   0: 3 0x8000461e (0x8695) x13 0xfc077639
core   0: 0x80004620 (0x01b0aeb3) slt     t4, ra, s11
core   0: 3 0x80004620 (0x01b0aeb3) x29 0x00000000
core   0: 0x80004624 (0x029a3db3) mulhu   s11, s4, s1
core   0: 3 0x80004624 (0x029a3db3) x27 0x7ffffd26
core   0: 0x80004628 (0x00c76db3) or      s11, a4, a2
core   0: 3 0x80004628 (0x00c76db3) x27 0xfffffff7
core   0: 0x8000462c (0x0000868d) c.srai  a3, 3
core   0: 3 0x8000462c (0x868d) x13 0xff80eec7
core   0: 0x8000462e (0x019b5c33) srl     s8, s6, s9
core   0: 3 0x8000462e (0x019b5c33) x24 0x7fffffff
core   0: 0x80004632 (0x00008da1) c.xor   a1, s0
core   0: 3 0x80004632 (0x8da1) x11 0xffc00589
core   0: 0x80004634 (0x000056fd) c.li    a3, -1
core   0: 3 0x80004634 (0x56fd) x13 0xffffffff
core   0: 0x80004636 (0x00008191) c.srli  a1, 4
core   0: 3 0x80004636 (0x8191) x11 0x0ffc0058
core   0: 0x80004638 (0x005c1593) slli    a1, s8, 5
core   0: 3 0x80004638 (0x005c1593) x11 0xffffffe0
core   0: 0x8000463c (0x86857f93) andi    t6, a0, -1944
core   0: 3 0x8000463c (0x86857f93) x31 0x00000000
core   0: 0x80004640 (0x00008085) c.srli  s1, 1
core   0: 3 0x80004640 (0x8085) x 9 0x7ffffd26
core   0: 0x80004642 (0x0000ef09) c.bnez  a4, pc + 26
core   0: 3 0x80004642 (0xef09)
core   0: 0x8000465c (0x0313e5b3) rem     a1, t2, a7
core   0: 3 0x8000465c (0x0313e5b3) x11 0x00000001
core   0: 0x80004660 (0x000061d1) c.lui   gp, 0x14
core   0: 3 0x80004660 (0x61d1) x 3 0x00014000
core   0: 0x80004662 (0x0023ccb3) xor     s9, t2, sp
core   0: 3 0x80004662 (0x0023ccb3) x25 0xfffffff0
core   0: 0x80004666 (0x011e5263) bge     t3, a7, pc + 4
core   0: 3 0x80004666 (0x011e5263)
core   0: 0x8000466a (0x037bcf63) blt     s7, s7, pc + 62
core   0: 3 0x8000466a (0x037bcf63)
core   0: 0x8000466e (0x02a595b3) mulh    a1, a1, a0
core   0: 3 0x8000466e (0x02a595b3) x11 0x00000000
core   0: 0x80004672 (0x0000890d) c.andi  a0, 3
core   0: 3 0x80004672 (0x890d) x10 0x00000000
core   0: 0x80004674 (0x0091d3b3) srl     t2, gp, s1
core   0: 3 0x80004674 (0x0091d3b3) x 7 0x00000500
core   0: 0x80004678 (0x00f68f63) beq     a3, a5, pc + 30
core   0: 3 0x80004678 (0x00f68f63)
core   0: 0x8000467c (0x036b8263) beq     s7, s6, pc + 36
core   0: 3 0x8000467c (0x036b8263)
core   0: 0x80004680 (0x02443d33) mulhu   s10, s0, tp
core   0: 3 0x80004680 (0x02443d33) x26 0xfffff9b9
core   0: 0x80004684 (0x00000459) c.addi  s0, 22
core   0: 3 0x80004684 (0x0459) x 8 0xfffffa92
core   0: 0x80004686 (0x40025433) sra     s0, tp, zero
core   0: 3 0x80004686 (0x40025433) x 8 0xffffff3d
core   0: 0x8000468a (0x41abd213) srai    tp, s7, 26
core   0: 3 0x8000468a (0x41abd213) x 4 0xffffffe0
core   0: 0x8000468e (0xb756a713) slti    a4, a3, -1163
core   0: 3 0x8000468e (0xb756a713) x14 0x00000000
core   0: 0x80004692 (0x03c44463) blt     s0, t3, pc + 40
core   0: 3 0x80004692 (0x03c44463)
core   0: 0x80004696 (0x250dc313) xori    t1, s11, 592
core   0: 3 0x80004696 (0x250dc313) x 6 0xfffffda7
core   0: 0x8000469a (0x0000e81d) c.bnez  s0, pc + 54
core   0: 3 0x8000469a (0xe81d)
core   0: 0x800046d0 (0x00a504b3) add     s1, a0, a0
core   0: 3 0x800046d0 (0x00a504b3) x 9 0x00000000
core   0: 0x800046d4 (0x40365033) sra     zero, a2, gp
core   0: 3 0x800046d4 (0x40365033)
core   0: 0x800046d8 (0x031c1663) bne     s8, a7, pc + 44
core   0: 3 0x800046d8 (0x031c1663)
core   0: 0x80004704 (0x40d35413) srai    s0, t1, 13
core   0: 3 0x80004704 (0x40d35413) x 8 0xffffffff
core   0: 0x80004708 (0x0379e3b3) rem     t2, s3, s7
core   0: 3 0x80004708 (0x0379e3b3) x 7 0xffffffff
core   0: 0x8000470c (0x033bdeb3) divu    t4, s7, s3
core   0: 3 0x8000470c (0x033bdeb3) x29 0x00000000
core   0: 0x80004710 (0x0276a333) mulhsu  t1, a3, t2
core   0: 3 0x80004710 (0x0276a333) x 6 0xffffffff
core   0: 0x80004714 (0x016b7733) and     a4, s6, s6
core   0: 3 0x80004714 (0x016b7733) x14 0xfffffffe
core   0: 0x80004718 (0x00000001) c.nop
core   0: 3 0x80004718 (0x0001)
core   0: 0x8000471a (0x000090b2) c.add   ra, a2
core   0: 3 0x8000471a (0x90b2) x 1 0x0000eff6
core   0: 0x8000471c (0x00008e11) c.sub   a2, a2
core   0: 3 0x8000471c (0x8e11) x12 0x00000000
core   0: 0x8000471e (0x0ff0000f) fence   iorw,iorw
core   0: 3 0x8000471e (0x0ff0000f)
core   0: 0x80004722 (0xe81b8193) addi    gp, s7, -383
core   0: 3 0x80004722 (0xe81b8193) x 3 0x80026b65
core   0: 0x80004726 (0x0277c663) blt     a5, t2, pc + 44
core   0: 3 0x80004726 (0x0277c663)
core   0: 0x8000472a (0x019134b3) sltu    s1, sp, s9
core   0: 3 0x8000472a (0x019134b3) x 9 0x00000000
core   0: 0x8000472e (0x039fb2b3) mulhu   t0, t6, s9
core   0: 3 0x8000472e (0x039fb2b3) x 5 0x00000000
core   0: 0x80004732 (0x0000e221) c.bnez  a2, pc + 64
core   0: 3 0x80004732 (0xe221)
core   0: 0x80004734 (0x21eb3b13) sltiu   s6, s6, 542
core   0: 3 0x80004734 (0x21eb3b13) x22 0x00000000
core   0: 0x80004738 (0x830ceb13) ori     s6, s9, -2000
core   0: 3 0x80004738 (0x830ceb13) x22 0xfffffff0
core   0: 0x8000473c (0xe0d93c93) sltiu   s9, s2, -499
core   0: 3 0x8000473c (0xe0d93c93) x25 0x00000001
core   0: 0x80004740 (0x008dc963) blt     s11, s0, pc + 18
core   0: 3 0x80004740 (0x008dc963)
core   0: 0x80004752 (0xcc1c4413) xori    s0, s8, -831
core   0: 3 0x80004752 (0xcc1c4413) x 8 0x8000033e
core   0: 0x80004756 (0x02854ab3) div     s5, a0, s0
core   0: 3 0x80004756 (0x02854ab3) x21 0x00000000
core   0: 0x8000475a (0x00008f5d) c.or    a4, a5
core   0: 3 0x8000475a (0x8f5d) x14 0xffffffff
core   0: 0x8000475c (0x417dddb3) sra     s11, s11, s7
core   0: 3 0x8000475c (0x417dddb3) x27 0xffffffff
core   0: 0x80004760 (0x00001690) c.addi4spn a2, sp, 864
core   0: 3 0x80004760 (0x1690) x12 0x00000351
core   0: 0x80004762 (0x00009afd) c.andi  a3, -1
core   0: 3 0x80004762 (0x9afd) x13 0xffffffff
core   0: 0x80004764 (0x01e9d863) bge     s3, t5, pc + 16
core   0: 3 0x80004764 (0x01e9d863)
core   0: 0x80004768 (0x0000e219) c.bnez  a2, pc + 6
core   0: 3 0x80004768 (0xe219)
core   0: 0x8000476e (0x41f15333) sra     t1, sp, t6
core   0: 3 0x8000476e (0x41f15333) x 6 0xfffffff1
core   0: 0x80004772 (0x00000b4e) c.slli  s6, 19
core   0: 3 0x80004772 (0x0b4e) x22 0xff800000
core   0: 0x80004774 (0x0000197d) c.addi  s2, -1
core   0: 3 0x80004774 (0x197d) x18 0xffc0000d
core   0: 0x80004776 (0x0b351d97) auipc   s11, 0xb351
core   0: 3 0x80004776 (0x0b351d97) x27 0x8b355776
core   0: 0x8000477a (0x01bc1c63) bne     s8, s11, pc + 24
core   0: 3 0x8000477a (0x01bc1c63)
core   0: 0x80004792 (0x02121eb3) mulh    t4, tp, ra
core   0: 3 0x80004792 (0x02121eb3) x29 0xffffffff
core   0: 0x80004796 (0x029f4033) div     zero, t5, s1
core   0: 3 0x80004796 (0x029f4033)
core   0: 0x8000479a (0x0000100f) fence.i
core   0: 3 0x8000479a (0x0000100f)
core   0: 0x8000479e (0x007d9f13) slli    t5, s11, 7
core   0: 3 0x8000479e (0x007d9f13) x30 0x9aabbb00
core   0: 0x800047a2 (0x025453b3) divu    t2, s0, t0
core   0: 3 0x800047a2 (0x025453b3) x 7 0xffffffff
core   0: 0x800047a6 (0x4918a613) slti    a2, a7, 1169
core   0: 3 0x800047a6 (0x4918a613) x12 0x00000000
core   0: 0x800047aa (0x000084c1) c.srai  s1, 16
core   0: 3 0x800047aa (0x84c1) x 9 0x00000000
core   0: 0x800047ac (0x0291ec33) rem     s8, gp, s1
core   0: 3 0x800047ac (0x0291ec33) x24 0x80026b65
core   0: 0x800047b0 (0x000082d9) c.srli  a3, 22
core   0: 3 0x800047b0 (0x82d9) x13 0x000003ff
core   0: 0x800047b2 (0x037a4063) blt     s4, s7, pc + 32
core   0: 3 0x800047b2 (0x037a4063)
core   0: 0x800047d2 (0x003f6b33) or      s6, t5, gp
core   0: 3 0x800047d2 (0x003f6b33) x22 0x9aabfb65
core   0: 0x800047d6 (0xac532113) slti    sp, t1, -1339
core   0: 3 0x800047d6 (0xac532113) x 2 0x00000000
core   0: 0x800047da (0x00006e85) c.lui   t4, 0x1
core   0: 3 0x800047da (0x6e85) x29 0x00001000
core   0: 0x800047dc (0x0000835d) c.srli  a4, 23
core   0: 3 0x800047dc (0x835d) x14 0x000001ff
core   0: 0x800047de (0x0124c833) xor     a6, s1, s2
core   0: 3 0x800047de (0x0124c833) x16 0xffc0000d
core   0: 0x800047e2 (0x00a04333) xor     t1, zero, a0
core   0: 3 0x800047e2 (0x00a04333) x 6 0x00000000
core   0: 0x800047e6 (0x0280ff63) bgeu    ra, s0, pc + 62
core   0: 3 0x800047e6 (0x0280ff63)
core   0: 0x800047ea (0x005562b3) or      t0, a0, t0
core   0: 3 0x800047ea (0x005562b3) x 5 0x00000000
core   0: 0x800047ee (0x03d9c233) div     tp, s3, t4
core   0: 3 0x800047ee (0x03d9c233) x 4 0x00000000
core   0: 0x800047f2 (0x000000be) c.slli  ra, 15
core   0: 3 0x800047f2 (0x00be) x 1 0x77fb0000
core   0: 0x800047f4 (0x0000c715) c.beqz  a4, pc + 44
core   0: 3 0x800047f4 (0xc715)
core   0: 0x800047f6 (0x00001cfd) c.addi  s9, -1
core   0: 3 0x800047f6 (0x1cfd) x25 0x00000000
core   0: 0x800047f8 (0xb8ea5217) auipc   tp, 0xb8ea5
core   0: 3 0x800047f8 (0xb8ea5217) x 4 0x38ea97f8
core   0: 0x800047fc (0x41ba5933) sra     s2, s4, s11
core   0: 3 0x800047fc (0x41ba5933) x18 0xfffffe00
core   0: 0x80004800 (0x01845cb3) srl     s9, s0, s8
core   0: 3 0x80004800 (0x01845cb3) x25 0x04000019
core   0: 0x80004804 (0x00006599) c.lui   a1, 0x6
core   0: 3 0x80004804 (0x6599) x11 0x00006000
core   0: 0x80004806 (0x00005ffd) c.li    t6, -1
core   0: 3 0x80004806 (0x5ffd) x31 0xffffffff
core   0: 0x80004808 (0x015dc9b3) xor     s3, s11, s5
core   0: 3 0x80004808 (0x015dc9b3) x19 0x8b355776
core   0: 0x8000480c (0x221e9b37) lui     s6, 0x221e9
core   0: 3 0x8000480c (0x221e9b37) x22 0x221e9000
core   0: 0x80004810 (0x40eade93) srai    t4, s5, 14
core   0: 3 0x80004810 (0x40eade93) x29 0x00000000
core   0: 0x80004814 (0x02f64db3) div     s11, a2, a5
core   0: 3 0x80004814 (0x02f64db3) x27 0x00000000
core   0: 0x80004818 (0xa0412b13) slti    s6, sp, -1532
core   0: 3 0x80004818 (0xa0412b13) x22 0x00000000
core   0: 0x8000481c (0x02d67f63) bgeu    a2, a3, pc + 62
core   0: 3 0x8000481c (0x02d67f63)
core   0: 0x80004820 (0x65488f93) addi    t6, a7, 1620
core   0: 3 0x80004820 (0x65488f93) x31 0x5a16fc34
core   0: 0x80004824 (0x024e5eb3) divu    t4, t3, tp
core   0: 3 0x80004824 (0x024e5eb3) x29 0x00000002
core   0: 0x80004828 (0x0050b633) sltu    a2, ra, t0
core   0: 3 0x80004828 (0x0050b633) x12 0x00000000
core   0: 0x8000482c (0x01649a93) slli    s5, s1, 22
core   0: 3 0x8000482c (0x01649a93) x21 0x00000000
core   0: 0x80004830 (0xf932c313) xori    t1, t0, -109
core   0: 3 0x80004830 (0xf932c313) x 6 0xffffff93
core   0: 0x80004834 (0x42b1d737) lui     a4, 0x42b1d
core   0: 3 0x80004834 (0x42b1d737) x14 0x42b1d000
core   0: 0x80004838 (0x020c75b3) remu    a1, s8, zero
core   0: 3 0x80004838 (0x020c75b3) x11 0x80026b65
core   0: 0x8000483c (0x0000100f) fence.i
core   0: 3 0x8000483c (0x0000100f)
core   0: 0x80004840 (0x412105b3) sub     a1, sp, s2
core   0: 3 0x80004840 (0x412105b3) x11 0x00000200
core   0: 0x80004844 (0x00008d31) c.xor   a0, a2
core   0: 3 0x80004844 (0x8d31) x10 0x00000000
core   0: 0x80004846 (0x0dbdbe93) sltiu   t4, s11, 219
core   0: 3 0x80004846 (0x0dbdbe93) x29 0x00000001
core   0: 0x8000484a (0x001adab3) srl     s5, s5, ra
core   0: 3 0x8000484a (0x001adab3) x21 0x00000000
core   0: 0x8000484e (0x015760b3) or      ra, a4, s5
core   0: 3 0x8000484e (0x015760b3) x 1 0x42b1d000
core   0: 0x80004852 (0x00c07663) bgeu    zero, a2, pc + 12
core   0: 3 0x80004852 (0x00c07663)
core   0: 0x8000485e (0x008c72b3) and     t0, s8, s0
core   0: 3 0x8000485e (0x008c72b3) x 5 0x80000324
core   0: 0x80004862 (0x08bfc263) blt     t6, a1, pc + 132
core   0: 3 0x80004862 (0x08bfc263)
core   0: 0x80004866 (0x40960ab3) sub     s5, a2, s1
core   0: 3 0x80004866 (0x40960ab3) x21 0x00000000
core   0: 0x8000486a (0x00008f71) c.and   a4, a2
core   0: 3 0x8000486a (0x8f71) x14 0x00000000
core   0: 0x8000486c (0x00800313) li      t1, 8
core   0: 3 0x8000486c (0x00800313) x 6 0x00000008
core   0: 0x80004870 (0x000082ed) c.srli  a3, 27
core   0: 3 0x80004870 (0x82ed) x13 0x00000000
core   0: 0x80004872 (0xca614f13) xori    t5, sp, -858
core   0: 3 0x80004872 (0xca614f13) x30 0xfffffca6
core   0: 0x80004876 (0x00000708) c.addi4spn a0, sp, 896
core   0: 3 0x80004876 (0x0708) x10 0x00000380
core   0: 0x80004878 (0xff400d93) li      s11, -12
core   0: 3 0x80004878 (0xff400d93) x27 0xfffffff4
core   0: 0x8000487c (0x7aeaa593) slti    a1, s5, 1966
core   0: 3 0x8000487c (0x7aeaa593) x11 0x00000001
core   0: 0x80004880 (0x00009afd) c.andi  a3, -1
core   0: 3 0x80004880 (0x9afd) x13 0x00000000
core   0: 0x80004882 (0x02e3c7b3) div     a5, t2, a4
core   0: 3 0x80004882 (0x02e3c7b3) x15 0xffffffff
core   0: 0x80004886 (0x0000136d) c.addi  t1, -5
core   0: 3 0x80004886 (0x136d) x 6 0x00000003
core   0: 0x80004888 (0x129e0f17) auipc   t5, 0x129e0
core   0: 3 0x80004888 (0x129e0f17) x30 0x929e4888
core   0: 0x8000488c (0x00000001) c.nop
core   0: 3 0x8000488c (0x0001)
core   0: 0x8000488e (0x000069e9) c.lui   s3, 0x1a
core   0: 3 0x8000488e (0x69e9) x19 0x0001a000
core   0: 0x80004890 (0xc0426f93) ori     t6, tp, -1020
core   0: 3 0x80004890 (0xc0426f93) x31 0xfffffffc
core   0: 0x80004894 (0xff700a93) li      s5, -9
core   0: 3 0x80004894 (0xff700a93) x21 0xfffffff7
core   0: 0x80004898 (0x03d6c0b3) div     ra, a3, t4
core   0: 3 0x80004898 (0x03d6c0b3) x 1 0x00000000
core   0: 0x8000489c (0x01b76233) or      tp, a4, s11
core   0: 3 0x8000489c (0x01b76233) x 4 0xfffffff4
core   0: 0x800048a0 (0x00c00c93) li      s9, 12
core   0: 3 0x800048a0 (0x00c00c93) x25 0x0000000c
core   0: 0x800048a4 (0x0000597d) c.li    s2, -1
core   0: 3 0x800048a4 (0x597d) x18 0xffffffff
core   0: 0x800048a6 (0xd51282b7) lui     t0, 0xd5128
core   0: 3 0x800048a6 (0xd51282b7) x 5 0xd5128000
core   0: 0x800048aa (0xd309a113) slti    sp, s3, -720
core   0: 3 0x800048aa (0xd309a113) x 2 0x00000000
core   0: 0x800048ae (0x02f865b3) rem     a1, a6, a5
core   0: 3 0x800048ae (0x02f865b3) x11 0x00000000
core   0: 0x800048b2 (0x00000aa1) c.addi  s5, 8
core   0: 3 0x800048b2 (0x0aa1) x21 0xffffffff
core   0: 0x800048b4 (0x0000100f) fence.i
core   0: 3 0x800048b4 (0x0000100f)
core   0: 0x800048b8 (0xff9ac7e3) blt     s5, s9, pc - 18
core   0: 3 0x800048b8 (0xff9ac7e3)
core   0: 0x800048a6 (0xd51282b7) lui     t0, 0xd5128
core   0: 3 0x800048a6 (0xd51282b7) x 5 0xd5128000
core   0: 0x800048aa (0xd309a113) slti    sp, s3, -720
core   0: 3 0x800048aa (0xd309a113) x 2 0x00000000
core   0: 0x800048ae (0x02f865b3) rem     a1, a6, a5
core   0: 3 0x800048ae (0x02f865b3) x11 0x00000000
core   0: 0x800048b2 (0x00000aa1) c.addi  s5, 8
core   0: 3 0x800048b2 (0x0aa1) x21 0x00000007
core   0: 0x800048b4 (0x0000100f) fence.i
core   0: 3 0x800048b4 (0x0000100f)
core   0: 0x800048b8 (0xff9ac7e3) blt     s5, s9, pc - 18
core   0: 3 0x800048b8 (0xff9ac7e3)
core   0: 0x800048a6 (0xd51282b7) lui     t0, 0xd5128
core   0: 3 0x800048a6 (0xd51282b7) x 5 0xd5128000
core   0: 0x800048aa (0xd309a113) slti    sp, s3, -720
core   0: 3 0x800048aa (0xd309a113) x 2 0x00000000
core   0: 0x800048ae (0x02f865b3) rem     a1, a6, a5
core   0: 3 0x800048ae (0x02f865b3) x11 0x00000000
core   0: 0x800048b2 (0x00000aa1) c.addi  s5, 8
core   0: 3 0x800048b2 (0x0aa1) x21 0x0000000f
core   0: 0x800048b4 (0x0000100f) fence.i
core   0: 3 0x800048b4 (0x0000100f)
core   0: 0x800048b8 (0xff9ac7e3) blt     s5, s9, pc - 18
core   0: 3 0x800048b8 (0xff9ac7e3)
core   0: 0x800048bc (0x01b95793) srli    a5, s2, 27
core   0: 3 0x800048bc (0x01b95793) x15 0x0000001f
core   0: 0x800048c0 (0x00004f0d) c.li    t5, 3
core   0: 3 0x800048c0 (0x4f0d) x30 0x00000003
core   0: 0x800048c2 (0x0ff0000f) fence   iorw,iorw
core   0: 3 0x800048c2 (0x0ff0000f)
core   0: 0x800048c6 (0x01673233) sltu    tp, a4, s6
core   0: 3 0x800048c6 (0x01673233) x 4 0x00000000
core   0: 0x800048ca (0x0208e2b3) rem     t0, a7, zero
core   0: 3 0x800048ca (0x0208e2b3) x 5 0x5a16f5e0
core   0: 0x800048ce (0x00008e71) c.and   a2, a2
core   0: 3 0x800048ce (0x8e71) x12 0x00000000
core   0: 0x800048d0 (0x02601933) mulh    s2, zero, t1
core   0: 3 0x800048d0 (0x02601933) x18 0x00000000
core   0: 0x800048d4 (0xfbb356e3) bge     t1, s11, pc - 84
core   0: 3 0x800048d4 (0xfbb356e3)
core   0: 0x80004880 (0x00009afd) c.andi  a3, -1
core   0: 3 0x80004880 (0x9afd) x13 0x00000000
core   0: 0x80004882 (0x02e3c7b3) div     a5, t2, a4
core   0: 3 0x80004882 (0x02e3c7b3) x15 0xffffffff
core   0: 0x80004886 (0x0000136d) c.addi  t1, -5
core   0: 3 0x80004886 (0x136d) x 6 0xfffffffe
core   0: 0x80004888 (0x129e0f17) auipc   t5, 0x129e0
core   0: 3 0x80004888 (0x129e0f17) x30 0x929e4888
core   0: 0x8000488c (0x00000001) c.nop
core   0: 3 0x8000488c (0x0001)
core   0: 0x8000488e (0x000069e9) c.lui   s3, 0x1a
core   0: 3 0x8000488e (0x69e9) x19 0x0001a000
core   0: 0x80004890 (0xc0426f93) ori     t6, tp, -1020
core   0: 3 0x80004890 (0xc0426f93) x31 0xfffffc04
core   0: 0x80004894 (0xff700a93) li      s5, -9
core   0: 3 0x80004894 (0xff700a93) x21 0xfffffff7
core   0: 0x80004898 (0x03d6c0b3) div     ra, a3, t4
core   0: 3 0x80004898 (0x03d6c0b3) x 1 0x00000000
core   0: 0x8000489c (0x01b76233) or      tp, a4, s11
core   0: 3 0x8000489c (0x01b76233) x 4 0xfffffff4
core   0: 0x800048a0 (0x00c00c93) li      s9, 12
core   0: 3 0x800048a0 (0x00c00c93) x25 0x0000000c
core   0: 0x800048a4 (0x0000597d) c.li    s2, -1
core   0: 3 0x800048a4 (0x597d) x18 0xffffffff
core   0: 0x800048a6 (0xd51282b7) lui     t0, 0xd5128
core   0: 3 0x800048a6 (0xd51282b7) x 5 0xd5128000
core   0: 0x800048aa (0xd309a113) slti    sp, s3, -720
core   0: 3 0x800048aa (0xd309a113) x 2 0x00000000
core   0: 0x800048ae (0x02f865b3) rem     a1, a6, a5
core   0: 3 0x800048ae (0x02f865b3) x11 0x00000000
core   0: 0x800048b2 (0x00000aa1) c.addi  s5, 8
core   0: 3 0x800048b2 (0x0aa1) x21 0xffffffff
core   0: 0x800048b4 (0x0000100f) fence.i
core   0: 3 0x800048b4 (0x0000100f)
core   0: 0x800048b8 (0xff9ac7e3) blt     s5, s9, pc - 18
core   0: 3 0x800048b8 (0xff9ac7e3)
core   0: 0x800048a6 (0xd51282b7) lui     t0, 0xd5128
core   0: 3 0x800048a6 (0xd51282b7) x 5 0xd5128000
core   0: 0x800048aa (0xd309a113) slti    sp, s3, -720
core   0: 3 0x800048aa (0xd309a113) x 2 0x00000000
core   0: 0x800048ae (0x02f865b3) rem     a1, a6, a5
core   0: 3 0x800048ae (0x02f865b3) x11 0x00000000
core   0: 0x800048b2 (0x00000aa1) c.addi  s5, 8
core   0: 3 0x800048b2 (0x0aa1) x21 0x00000007
core   0: 0x800048b4 (0x0000100f) fence.i
core   0: 3 0x800048b4 (0x0000100f)
core   0: 0x800048b8 (0xff9ac7e3) blt     s5, s9, pc - 18
core   0: 3 0x800048b8 (0xff9ac7e3)
core   0: 0x800048a6 (0xd51282b7) lui     t0, 0xd5128
core   0: 3 0x800048a6 (0xd51282b7) x 5 0xd5128000
core   0: 0x800048aa (0xd309a113) slti    sp, s3, -720
core   0: 3 0x800048aa (0xd309a113) x 2 0x00000000
core   0: 0x800048ae (0x02f865b3) rem     a1, a6, a5
core   0: 3 0x800048ae (0x02f865b3) x11 0x00000000
core   0: 0x800048b2 (0x00000aa1) c.addi  s5, 8
core   0: 3 0x800048b2 (0x0aa1) x21 0x0000000f
core   0: 0x800048b4 (0x0000100f) fence.i
core   0: 3 0x800048b4 (0x0000100f)
core   0: 0x800048b8 (0xff9ac7e3) blt     s5, s9, pc - 18
core   0: 3 0x800048b8 (0xff9ac7e3)
core   0: 0x800048bc (0x01b95793) srli    a5, s2, 27
core   0: 3 0x800048bc (0x01b95793) x15 0x0000001f
core   0: 0x800048c0 (0x00004f0d) c.li    t5, 3
core   0: 3 0x800048c0 (0x4f0d) x30 0x00000003
core   0: 0x800048c2 (0x0ff0000f) fence   iorw,iorw
core   0: 3 0x800048c2 (0x0ff0000f)
core   0: 0x800048c6 (0x01673233) sltu    tp, a4, s6
core   0: 3 0x800048c6 (0x01673233) x 4 0x00000000
core   0: 0x800048ca (0x0208e2b3) rem     t0, a7, zero
core   0: 3 0x800048ca (0x0208e2b3) x 5 0x5a16f5e0
core   0: 0x800048ce (0x00008e71) c.and   a2, a2
core   0: 3 0x800048ce (0x8e71) x12 0x00000000
core   0: 0x800048d0 (0x02601933) mulh    s2, zero, t1
core   0: 3 0x800048d0 (0x02601933) x18 0x00000000
core   0: 0x800048d4 (0xfbb356e3) bge     t1, s11, pc - 84
core   0: 3 0x800048d4 (0xfbb356e3)
core   0: 0x80004880 (0x00009afd) c.andi  a3, -1
core   0: 3 0x80004880 (0x9afd) x13 0x00000000
core   0: 0x80004882 (0x02e3c7b3) div     a5, t2, a4
core   0: 3 0x80004882 (0x02e3c7b3) x15 0xffffffff
core   0: 0x80004886 (0x0000136d) c.addi  t1, -5
core   0: 3 0x80004886 (0x136d) x 6 0xfffffff9
core   0: 0x80004888 (0x129e0f17) auipc   t5, 0x129e0
core   0: 3 0x80004888 (0x129e0f17) x30 0x929e4888
core   0: 0x8000488c (0x00000001) c.nop
core   0: 3 0x8000488c (0x0001)
core   0: 0x8000488e (0x000069e9) c.lui   s3, 0x1a
core   0: 3 0x8000488e (0x69e9) x19 0x0001a000
core   0: 0x80004890 (0xc0426f93) ori     t6, tp, -1020
core   0: 3 0x80004890 (0xc0426f93) x31 0xfffffc04
core   0: 0x80004894 (0xff700a93) li      s5, -9
core   0: 3 0x80004894 (0xff700a93) x21 0xfffffff7
core   0: 0x80004898 (0x03d6c0b3) div     ra, a3, t4
core   0: 3 0x80004898 (0x03d6c0b3) x 1 0x00000000
core   0: 0x8000489c (0x01b76233) or      tp, a4, s11
core   0: 3 0x8000489c (0x01b76233) x 4 0xfffffff4
core   0: 0x800048a0 (0x00c00c93) li      s9, 12
core   0: 3 0x800048a0 (0x00c00c93) x25 0x0000000c
core   0: 0x800048a4 (0x0000597d) c.li    s2, -1
core   0: 3 0x800048a4 (0x597d) x18 0xffffffff
core   0: 0x800048a6 (0xd51282b7) lui     t0, 0xd5128
core   0: 3 0x800048a6 (0xd51282b7) x 5 0xd5128000
core   0: 0x800048aa (0xd309a113) slti    sp, s3, -720
core   0: 3 0x800048aa (0xd309a113) x 2 0x00000000
core   0: 0x800048ae (0x02f865b3) rem     a1, a6, a5
core   0: 3 0x800048ae (0x02f865b3) x11 0x00000000
core   0: 0x800048b2 (0x00000aa1) c.addi  s5, 8
core   0: 3 0x800048b2 (0x0aa1) x21 0xffffffff
core   0: 0x800048b4 (0x0000100f) fence.i
core   0: 3 0x800048b4 (0x0000100f)
core   0: 0x800048b8 (0xff9ac7e3) blt     s5, s9, pc - 18
core   0: 3 0x800048b8 (0xff9ac7e3)
core   0: 0x800048a6 (0xd51282b7) lui     t0, 0xd5128
core   0: 3 0x800048a6 (0xd51282b7) x 5 0xd5128000
core   0: 0x800048aa (0xd309a113) slti    sp, s3, -720
core   0: 3 0x800048aa (0xd309a113) x 2 0x00000000
core   0: 0x800048ae (0x02f865b3) rem     a1, a6, a5
core   0: 3 0x800048ae (0x02f865b3) x11 0x00000000
core   0: 0x800048b2 (0x00000aa1) c.addi  s5, 8
core   0: 3 0x800048b2 (0x0aa1) x21 0x00000007
core   0: 0x800048b4 (0x0000100f) fence.i
core   0: 3 0x800048b4 (0x0000100f)
core   0: 0x800048b8 (0xff9ac7e3) blt     s5, s9, pc - 18
core   0: 3 0x800048b8 (0xff9ac7e3)
core   0: 0x800048a6 (0xd51282b7) lui     t0, 0xd5128
core   0: 3 0x800048a6 (0xd51282b7) x 5 0xd5128000
core   0: 0x800048aa (0xd309a113) slti    sp, s3, -720
core   0: 3 0x800048aa (0xd309a113) x 2 0x00000000
core   0: 0x800048ae (0x02f865b3) rem     a1, a6, a5
core   0: 3 0x800048ae (0x02f865b3) x11 0x00000000
core   0: 0x800048b2 (0x00000aa1) c.addi  s5, 8
core   0: 3 0x800048b2 (0x0aa1) x21 0x0000000f
core   0: 0x800048b4 (0x0000100f) fence.i
core   0: 3 0x800048b4 (0x0000100f)
core   0: 0x800048b8 (0xff9ac7e3) blt     s5, s9, pc - 18
core   0: 3 0x800048b8 (0xff9ac7e3)
core   0: 0x800048bc (0x01b95793) srli    a5, s2, 27
core   0: 3 0x800048bc (0x01b95793) x15 0x0000001f
core   0: 0x800048c0 (0x00004f0d) c.li    t5, 3
core   0: 3 0x800048c0 (0x4f0d) x30 0x00000003
core   0: 0x800048c2 (0x0ff0000f) fence   iorw,iorw
core   0: 3 0x800048c2 (0x0ff0000f)
core   0: 0x800048c6 (0x01673233) sltu    tp, a4, s6
core   0: 3 0x800048c6 (0x01673233) x 4 0x00000000
core   0: 0x800048ca (0x0208e2b3) rem     t0, a7, zero
core   0: 3 0x800048ca (0x0208e2b3) x 5 0x5a16f5e0
core   0: 0x800048ce (0x00008e71) c.and   a2, a2
core   0: 3 0x800048ce (0x8e71) x12 0x00000000
core   0: 0x800048d0 (0x02601933) mulh    s2, zero, t1
core   0: 3 0x800048d0 (0x02601933) x18 0x00000000
core   0: 0x800048d4 (0xfbb356e3) bge     t1, s11, pc - 84
core   0: 3 0x800048d4 (0xfbb356e3)
core   0: 0x80004880 (0x00009afd) c.andi  a3, -1
core   0: 3 0x80004880 (0x9afd) x13 0x00000000
core   0: 0x80004882 (0x02e3c7b3) div     a5, t2, a4
core   0: 3 0x80004882 (0x02e3c7b3) x15 0xffffffff
core   0: 0x80004886 (0x0000136d) c.addi  t1, -5
core   0: 3 0x80004886 (0x136d) x 6 0xfffffff4
core   0: 0x80004888 (0x129e0f17) auipc   t5, 0x129e0
core   0: 3 0x80004888 (0x129e0f17) x30 0x929e4888
core   0: 0x8000488c (0x00000001) c.nop
core   0: 3 0x8000488c (0x0001)
core   0: 0x8000488e (0x000069e9) c.lui   s3, 0x1a
core   0: 3 0x8000488e (0x69e9) x19 0x0001a000
core   0: 0x80004890 (0xc0426f93) ori     t6, tp, -1020
core   0: 3 0x80004890 (0xc0426f93) x31 0xfffffc04
core   0: 0x80004894 (0xff700a93) li      s5, -9
core   0: 3 0x80004894 (0xff700a93) x21 0xfffffff7
core   0: 0x80004898 (0x03d6c0b3) div     ra, a3, t4
core   0: 3 0x80004898 (0x03d6c0b3) x 1 0x00000000
core   0: 0x8000489c (0x01b76233) or      tp, a4, s11
core   0: 3 0x8000489c (0x01b76233) x 4 0xfffffff4
core   0: 0x800048a0 (0x00c00c93) li      s9, 12
core   0: 3 0x800048a0 (0x00c00c93) x25 0x0000000c
core   0: 0x800048a4 (0x0000597d) c.li    s2, -1
core   0: 3 0x800048a4 (0x597d) x18 0xffffffff
core   0: 0x800048a6 (0xd51282b7) lui     t0, 0xd5128
core   0: 3 0x800048a6 (0xd51282b7) x 5 0xd5128000
core   0: 0x800048aa (0xd309a113) slti    sp, s3, -720
core   0: 3 0x800048aa (0xd309a113) x 2 0x00000000
core   0: 0x800048ae (0x02f865b3) rem     a1, a6, a5
core   0: 3 0x800048ae (0x02f865b3) x11 0x00000000
core   0: 0x800048b2 (0x00000aa1) c.addi  s5, 8
core   0: 3 0x800048b2 (0x0aa1) x21 0xffffffff
core   0: 0x800048b4 (0x0000100f) fence.i
core   0: 3 0x800048b4 (0x0000100f)
core   0: 0x800048b8 (0xff9ac7e3) blt     s5, s9, pc - 18
core   0: 3 0x800048b8 (0xff9ac7e3)
core   0: 0x800048a6 (0xd51282b7) lui     t0, 0xd5128
core   0: 3 0x800048a6 (0xd51282b7) x 5 0xd5128000
core   0: 0x800048aa (0xd309a113) slti    sp, s3, -720
core   0: 3 0x800048aa (0xd309a113) x 2 0x00000000
core   0: 0x800048ae (0x02f865b3) rem     a1, a6, a5
core   0: 3 0x800048ae (0x02f865b3) x11 0x00000000
core   0: 0x800048b2 (0x00000aa1) c.addi  s5, 8
core   0: 3 0x800048b2 (0x0aa1) x21 0x00000007
core   0: 0x800048b4 (0x0000100f) fence.i
core   0: 3 0x800048b4 (0x0000100f)
core   0: 0x800048b8 (0xff9ac7e3) blt     s5, s9, pc - 18
core   0: 3 0x800048b8 (0xff9ac7e3)
core   0: 0x800048a6 (0xd51282b7) lui     t0, 0xd5128
core   0: 3 0x800048a6 (0xd51282b7) x 5 0xd5128000
core   0: 0x800048aa (0xd309a113) slti    sp, s3, -720
core   0: 3 0x800048aa (0xd309a113) x 2 0x00000000
core   0: 0x800048ae (0x02f865b3) rem     a1, a6, a5
core   0: 3 0x800048ae (0x02f865b3) x11 0x00000000
core   0: 0x800048b2 (0x00000aa1) c.addi  s5, 8
core   0: 3 0x800048b2 (0x0aa1) x21 0x0000000f
core   0: 0x800048b4 (0x0000100f) fence.i
core   0: 3 0x800048b4 (0x0000100f)
core   0: 0x800048b8 (0xff9ac7e3) blt     s5, s9, pc - 18
core   0: 3 0x800048b8 (0xff9ac7e3)
core   0: 0x800048bc (0x01b95793) srli    a5, s2, 27
core   0: 3 0x800048bc (0x01b95793) x15 0x0000001f
core   0: 0x800048c0 (0x00004f0d) c.li    t5, 3
core   0: 3 0x800048c0 (0x4f0d) x30 0x00000003
core   0: 0x800048c2 (0x0ff0000f) fence   iorw,iorw
core   0: 3 0x800048c2 (0x0ff0000f)
core   0: 0x800048c6 (0x01673233) sltu    tp, a4, s6
core   0: 3 0x800048c6 (0x01673233) x 4 0x00000000
core   0: 0x800048ca (0x0208e2b3) rem     t0, a7, zero
core   0: 3 0x800048ca (0x0208e2b3) x 5 0x5a16f5e0
core   0: 0x800048ce (0x00008e71) c.and   a2, a2
core   0: 3 0x800048ce (0x8e71) x12 0x00000000
core   0: 0x800048d0 (0x02601933) mulh    s2, zero, t1
core   0: 3 0x800048d0 (0x02601933) x18 0x00000000
core   0: 0x800048d4 (0xfbb356e3) bge     t1, s11, pc - 84
core   0: 3 0x800048d4 (0xfbb356e3)
core   0: 0x80004880 (0x00009afd) c.andi  a3, -1
core   0: 3 0x80004880 (0x9afd) x13 0x00000000
core   0: 0x80004882 (0x02e3c7b3) div     a5, t2, a4
core   0: 3 0x80004882 (0x02e3c7b3) x15 0xffffffff
core   0: 0x80004886 (0x0000136d) c.addi  t1, -5
core   0: 3 0x80004886 (0x136d) x 6 0xffffffef
core   0: 0x80004888 (0x129e0f17) auipc   t5, 0x129e0
core   0: 3 0x80004888 (0x129e0f17) x30 0x929e4888
core   0: 0x8000488c (0x00000001) c.nop
core   0: 3 0x8000488c (0x0001)
core   0: 0x8000488e (0x000069e9) c.lui   s3, 0x1a
core   0: 3 0x8000488e (0x69e9) x19 0x0001a000
core   0: 0x80004890 (0xc0426f93) ori     t6, tp, -1020
core   0: 3 0x80004890 (0xc0426f93) x31 0xfffffc04
core   0: 0x80004894 (0xff700a93) li      s5, -9
core   0: 3 0x80004894 (0xff700a93) x21 0xfffffff7
core   0: 0x80004898 (0x03d6c0b3) div     ra, a3, t4
core   0: 3 0x80004898 (0x03d6c0b3) x 1 0x00000000
core   0: 0x8000489c (0x01b76233) or      tp, a4, s11
core   0: 3 0x8000489c (0x01b76233) x 4 0xfffffff4
core   0: 0x800048a0 (0x00c00c93) li      s9, 12
core   0: 3 0x800048a0 (0x00c00c93) x25 0x0000000c
core   0: 0x800048a4 (0x0000597d) c.li    s2, -1
core   0: 3 0x800048a4 (0x597d) x18 0xffffffff
core   0: 0x800048a6 (0xd51282b7) lui     t0, 0xd5128
core   0: 3 0x800048a6 (0xd51282b7) x 5 0xd5128000
core   0: 0x800048aa (0xd309a113) slti    sp, s3, -720
core   0: 3 0x800048aa (0xd309a113) x 2 0x00000000
core   0: 0x800048ae (0x02f865b3) rem     a1, a6, a5
core   0: 3 0x800048ae (0x02f865b3) x11 0x00000000
core   0: 0x800048b2 (0x00000aa1) c.addi  s5, 8
core   0: 3 0x800048b2 (0x0aa1) x21 0xffffffff
core   0: 0x800048b4 (0x0000100f) fence.i
core   0: 3 0x800048b4 (0x0000100f)
core   0: 0x800048b8 (0xff9ac7e3) blt     s5, s9, pc - 18
core   0: 3 0x800048b8 (0xff9ac7e3)
core   0: 0x800048a6 (0xd51282b7) lui     t0, 0xd5128
core   0: 3 0x800048a6 (0xd51282b7) x 5 0xd5128000
core   0: 0x800048aa (0xd309a113) slti    sp, s3, -720
core   0: 3 0x800048aa (0xd309a113) x 2 0x00000000
core   0: 0x800048ae (0x02f865b3) rem     a1, a6, a5
core   0: 3 0x800048ae (0x02f865b3) x11 0x00000000
core   0: 0x800048b2 (0x00000aa1) c.addi  s5, 8
core   0: 3 0x800048b2 (0x0aa1) x21 0x00000007
core   0: 0x800048b4 (0x0000100f) fence.i
core   0: 3 0x800048b4 (0x0000100f)
core   0: 0x800048b8 (0xff9ac7e3) blt     s5, s9, pc - 18
core   0: 3 0x800048b8 (0xff9ac7e3)
core   0: 0x800048a6 (0xd51282b7) lui     t0, 0xd5128
core   0: 3 0x800048a6 (0xd51282b7) x 5 0xd5128000
core   0: 0x800048aa (0xd309a113) slti    sp, s3, -720
core   0: 3 0x800048aa (0xd309a113) x 2 0x00000000
core   0: 0x800048ae (0x02f865b3) rem     a1, a6, a5
core   0: 3 0x800048ae (0x02f865b3) x11 0x00000000
core   0: 0x800048b2 (0x00000aa1) c.addi  s5, 8
core   0: 3 0x800048b2 (0x0aa1) x21 0x0000000f
core   0: 0x800048b4 (0x0000100f) fence.i
core   0: 3 0x800048b4 (0x0000100f)
core   0: 0x800048b8 (0xff9ac7e3) blt     s5, s9, pc - 18
core   0: 3 0x800048b8 (0xff9ac7e3)
core   0: 0x800048bc (0x01b95793) srli    a5, s2, 27
core   0: 3 0x800048bc (0x01b95793) x15 0x0000001f
core   0: 0x800048c0 (0x00004f0d) c.li    t5, 3
core   0: 3 0x800048c0 (0x4f0d) x30 0x00000003
core   0: 0x800048c2 (0x0ff0000f) fence   iorw,iorw
core   0: 3 0x800048c2 (0x0ff0000f)
core   0: 0x800048c6 (0x01673233) sltu    tp, a4, s6
core   0: 3 0x800048c6 (0x01673233) x 4 0x00000000
core   0: 0x800048ca (0x0208e2b3) rem     t0, a7, zero
core   0: 3 0x800048ca (0x0208e2b3) x 5 0x5a16f5e0
core   0: 0x800048ce (0x00008e71) c.and   a2, a2
core   0: 3 0x800048ce (0x8e71) x12 0x00000000
core   0: 0x800048d0 (0x02601933) mulh    s2, zero, t1
core   0: 3 0x800048d0 (0x02601933) x18 0x00000000
core   0: 0x800048d4 (0xfbb356e3) bge     t1, s11, pc - 84
core   0: 3 0x800048d4 (0xfbb356e3)
core   0: 0x800048d8 (0x2458bb13) sltiu   s6, a7, 581
core   0: 3 0x800048d8 (0x2458bb13) x22 0x00000000
core   0: 0x800048dc (0x00009a7d) c.andi  a2, -1
core   0: 3 0x800048dc (0x9a7d) x12 0x00000000
core   0: 0x800048de (0x03498b33) mul     s6, s3, s4
core   0: 3 0x800048de (0x03498b33) x22 0x00000000
core   0: 0x800048e2 (0x02846163) bltu    s0, s0, pc + 34
core   0: 3 0x800048e2 (0x02846163)
core   0: 0x800048e6 (0x00008f29) c.xor   a4, a0
core   0: 3 0x800048e6 (0x8f29) x14 0x00000380
core   0: 0x800048e8 (0x00000c35) c.addi  s8, 13
core   0: 3 0x800048e8 (0x0c35) x24 0x80026b72
core   0: 0x800048ea (0x4e5837b7) lui     a5, 0x4e583
core   0: 3 0x800048ea (0x4e5837b7) x15 0x4e583000
core   0: 0x800048ee (0x00005b7d) c.li    s6, -1
core   0: 3 0x800048ee (0x5b7d) x22 0xffffffff
core   0: 0x800048f0 (0x28708f13) addi    t5, ra, 647
core   0: 3 0x800048f0 (0x28708f13) x30 0x00000287
core   0: 0x800048f4 (0xb6c8d797) auipc   a5, 0xb6c8d
core   0: 3 0x800048f4 (0xb6c8d797) x15 0x36c918f4
core   0: 0x800048f8 (0x40d7dfb3) sra     t6, a5, a3
core   0: 3 0x800048f8 (0x40d7dfb3) x31 0x36c918f4
core   0: 0x800048fc (0x02337f33) remu    t5, t1, gp
core   0: 3 0x800048fc (0x02337f33) x30 0x7ffd948a
core   0: 0x80004900 (0x00000c0c) c.addi4spn a1, sp, 528
core   0: 3 0x80004900 (0x0c0c) x11 0x00000210
core   0: 0x80004902 (0x00008579) c.srai  a0, 30
core   0: 3 0x80004902 (0x8579) x10 0x00000000
core   0: 0x80004904 (0x03d042b3) div     t0, zero, t4
core   0: 3 0x80004904 (0x03d042b3) x 5 0x00000000
core   0: 0x80004908 (0x40d752b3) sra     t0, a4, a3
core   0: 3 0x80004908 (0x40d752b3) x 5 0x00000380
core   0: 0x8000490c (0x0191dd13) srli    s10, gp, 25
core   0: 3 0x8000490c (0x0191dd13) x26 0x00000040
core   0: 0x80004910 (0x00004435) c.li    s0, 13
core   0: 3 0x80004910 (0x4435) x 8 0x0000000d
core   0: 0x80004912 (0x00000206) c.slli  tp, 1
core   0: 3 0x80004912 (0x0206) x 4 0x00000000
core   0: 0x80004914 (0x035e2cb3) mulhsu  s9, t3, s5
core   0: 3 0x80004914 (0x035e2cb3) x25 0xfffffff8
core   0: 0x80004918 (0x032f2333) mulhsu  t1, t5, s2
core   0: 3 0x80004918 (0x032f2333) x 6 0x00000000
core   0: 0x8000491c (0x959c76b7) lui     a3, 0x959c7
core   0: 3 0x8000491c (0x959c76b7) x13 0x959c7000
core   0: 0x80004920 (0x00008749) c.srai  a4, 18
core   0: 3 0x80004920 (0x8749) x14 0x00000000
core   0: 0x80004922 (0x00000001) c.nop
core   0: 3 0x80004922 (0x0001)
core   0: 0x80004924 (0x00005afd) c.li    s5, -1
core   0: 3 0x80004924 (0x5afd) x21 0xffffffff
core   0: 0x80004926 (0x00008e75) c.and   a2, a3
core   0: 3 0x80004926 (0x8e75) x12 0x00000000
core   0: 0x80004928 (0x00006f59) c.lui   t5, 0x16
core   0: 3 0x80004928 (0x6f59) x30 0x00016000
core   0: 0x8000492a (0x00006155) c.addi16sp sp, 304
core   0: 3 0x8000492a (0x6155) x 2 0x00000130
core   0: 0x8000492c (0x017a5633) srl     a2, s4, s7
core   0: 3 0x8000492c (0x017a5633) x12 0x08000000
core   0: 0x80004930 (0x02bee6b3) rem     a3, t4, a1
core   0: 3 0x80004930 (0x02bee6b3) x13 0x00000001
core   0: 0x80004934 (0x0000826a) c.mv    tp, s10
core   0: 3 0x80004934 (0x826a) x 4 0x00000040
core   0: 0x80004936 (0x4033d833) sra     a6, t2, gp
core   0: 3 0x80004936 (0x4033d833) x16 0xffffffff
core   0: 0x8000493a (0x00000111) c.addi  sp, 4
core   0: 3 0x8000493a (0x0111) x 2 0x00000134
core   0: 0x8000493c (0x034f9d63) bne     t6, s4, pc + 58
core   0: 3 0x8000493c (0x034f9d63)
core   0: 0x80004976 (0x039cd1b3) divu    gp, s9, s9
core   0: 3 0x80004976 (0x039cd1b3) x 3 0x00000001
core   0: 0x8000497a (0x0000717d) c.addi16sp sp, -16
core   0: 3 0x8000497a (0x717d) x 2 0x00000124
core   0: 0x8000497c (0x00006639) c.lui   a2, 0xe
core   0: 3 0x8000497c (0x6639) x12 0x0000e000
core   0: 0x8000497e (0x00487963) bgeu    a6, tp, pc + 18
core   0: 3 0x8000497e (0x00487963)
core   0: 0x80004990 (0x00000552) c.slli  a0, 20
core   0: 3 0x80004990 (0x0552) x10 0x00000000
core   0: 0x80004992 (0x0000100f) fence.i
core   0: 3 0x80004992 (0x0000100f)
core   0: 0x80004996 (0x0276da63) bge     a3, t2, pc + 52
core   0: 3 0x80004996 (0x0276da63)
core   0: 0x800049ca (0x01a82db3) slt     s11, a6, s10
core   0: 3 0x800049ca (0x01a82db3) x27 0x00000001
core   0: 0x800049ce (0x03402733) mulhsu  a4, zero, s4
core   0: 3 0x800049ce (0x03402733) x14 0x00000000
core   0: 0x800049d2 (0x00fd8833) add     a6, s11, a5
core   0: 3 0x800049d2 (0x00fd8833) x16 0x36c918f5
core   0: 0x800049d6 (0x02155f33) divu    t5, a0, ra
core   0: 3 0x800049d6 (0x02155f33) x30 0xffffffff
core   0: 0x800049da (0x003adc13) srli    s8, s5, 3
core   0: 3 0x800049da (0x003adc13) x24 0x1fffffff
core   0: 0x800049de (0x29dd3013) sltiu   zero, s10, 669
core   0: 3 0x800049de (0x29dd3013)
core   0: 0x800049e2 (0x000086fd) c.srai  a3, 31
core   0: 3 0x800049e2 (0x86fd) x13 0x00000000
core   0: 0x800049e4 (0x0000100f) fence.i
core   0: 3 0x800049e4 (0x0000100f)
core   0: 0x800049e8 (0x411c8233) sub     tp, s9, a7
core   0: 3 0x800049e8 (0x411c8233) x 4 0xa5e90a18
core   0: 0x800049ec (0x41eed8b3) sra     a7, t4, t5
core   0: 3 0x800049ec (0x41eed8b3) x17 0x00000000
core   0: 0x800049f0 (0x02ea8233) mul     tp, s5, a4
core   0: 3 0x800049f0 (0x02ea8233) x 4 0x00000000
core   0: 0x800049f4 (0x031182b3) mul     t0, gp, a7
core   0: 3 0x800049f4 (0x031182b3) x 5 0x00000000
core   0: 0x800049f8 (0x830ecf97) auipc   t6, 0x830ec
core   0: 3 0x800049f8 (0x830ecf97) x31 0x030f09f8
core   0: 0x800049fc (0x03654cb3) div     s9, a0, s6
core   0: 3 0x800049fc (0x03654cb3) x25 0x00000000
core   0: 0x80004a00 (0x408c5f93) srai    t6, s8, 8
core   0: 3 0x80004a00 (0x408c5f93) x31 0x001fffff
core   0: 0x80004a04 (0x0347e3b3) rem     t2, a5, s4
core   0: 3 0x80004a04 (0x0347e3b3) x 7 0x36c918f4
core   0: 0x80004a08 (0x75588713) addi    a4, a7, 1877
core   0: 3 0x80004a08 (0x75588713) x14 0x00000755
core   0: 0x80004a0c (0x00005ffd) c.li    t6, -1
core   0: 3 0x80004a0c (0x5ffd) x31 0xffffffff
core   0: 0x80004a0e (0x003d25b3) slt     a1, s10, gp
core   0: 3 0x80004a0e (0x003d25b3) x11 0x00000000
core   0: 0x80004a12 (0x0000963a) c.add   a2, a4
core   0: 3 0x80004a12 (0x963a) x12 0x0000e755
core   0: 0x80004a14 (0x02cdcd63) blt     s11, a2, pc + 58
core   0: 3 0x80004a14 (0x02cdcd63)
core   0: 0x80004a4e (0x03ee0d33) mul     s10, t3, t5
core   0: 3 0x80004a4e (0x03ee0d33) x26 0x7ffdd19c
core   0: 0x80004a52 (0x00000a17) auipc   s4, 0x0
core   0: 3 0x80004a52 (0x00000a17) x20 0x80004a52
core   0: 0x80004a56 (0x00ca0a13) addi    s4, s4, 12
core   0: 3 0x80004a56 (0x00ca0a13) x20 0x80004a5e
core   0: 0x80004a5a (0x000a0067) jr      s4
core   0: 3 0x80004a5a (0x000a0067)
core   0: 0x80004a5e (0x00004185) c.li    gp, 1
core   0: 3 0x80004a5e (0x4185) x 3 0x00000001
core   0: 0x80004a60 (0x00000073) ecall
core   0: exception trap_machine_ecall, epc 0x80004a60
core   0: >>>>  mtvec_handler
core   0: 0x8000c650 (0x0400006f) j       pc + 0x40
core   0: 3 0x8000c650 (0x0400006f)
core   0: 0x8000c690 (0x00001bf1) c.addi  s7, -4
core   0: 3 0x8000c690 (0x1bf1) x23 0x80026ce0
core   0: 0x8000c692 (0x01cba023) sw      t3, 0(s7)
core   0: 3 0x8000c692 (0x01cba023) mem 0x80026ce0 0x80022e64
core   0: 0x8000c696 (0x000b8e33) add     t3, s7, zero
core   0: 3 0x8000c696 (0x000b8e33) x28 0x80026ce0
core   0: 0x8000c69a (0xf80e0e13) addi    t3, t3, -128
core   0: 3 0x8000c69a (0xf80e0e13) x28 0x80026c60
core   0: 0x8000c69e (0x001e2223) sw      ra, 4(t3)
core   0: 3 0x8000c69e (0x001e2223) mem 0x80026c64 0x00000000
core   0: 0x8000c6a2 (0x002e2423) sw      sp, 8(t3)
core   0: 3 0x8000c6a2 (0x002e2423) mem 0x80026c68 0x00000124
core   0: 0x8000c6a6 (0x003e2623) sw      gp, 12(t3)
core   0: 3 0x8000c6a6 (0x003e2623) mem 0x80026c6c 0x00000001
core   0: 0x8000c6aa (0x004e2823) sw      tp, 16(t3)
core   0: 3 0x8000c6aa (0x004e2823) mem 0x80026c70 0x00000000
core   0: 0x8000c6ae (0x005e2a23) sw      t0, 20(t3)
core   0: 3 0x8000c6ae (0x005e2a23) mem 0x80026c74 0x00000000
core   0: 0x8000c6b2 (0x006e2c23) sw      t1, 24(t3)
core   0: 3 0x8000c6b2 (0x006e2c23) mem 0x80026c78 0x00000000
core   0: 0x8000c6b6 (0x007e2e23) sw      t2, 28(t3)
core   0: 3 0x8000c6b6 (0x007e2e23) mem 0x80026c7c 0x36c918f4
core   0: 0x8000c6ba (0x028e2023) sw      s0, 32(t3)
core   0: 3 0x8000c6ba (0x028e2023) mem 0x80026c80 0x0000000d
core   0: 0x8000c6be (0x029e2223) sw      s1, 36(t3)
core   0: 3 0x8000c6be (0x029e2223) mem 0x80026c84 0x00000000
core   0: 0x8000c6c2 (0x02ae2423) sw      a0, 40(t3)
core   0: 3 0x8000c6c2 (0x02ae2423) mem 0x80026c88 0x00000000
core   0: 0x8000c6c6 (0x02be2623) sw      a1, 44(t3)
core   0: 3 0x8000c6c6 (0x02be2623) mem 0x80026c8c 0x00000000
core   0: 0x8000c6ca (0x02ce2823) sw      a2, 48(t3)
core   0: 3 0x8000c6ca (0x02ce2823) mem 0x80026c90 0x0000e755
core   0: 0x8000c6ce (0x02de2a23) sw      a3, 52(t3)
core   0: 3 0x8000c6ce (0x02de2a23) mem 0x80026c94 0x00000000
core   0: 0x8000c6d2 (0x02ee2c23) sw      a4, 56(t3)
core   0: 3 0x8000c6d2 (0x02ee2c23) mem 0x80026c98 0x00000755
core   0: 0x8000c6d6 (0x02fe2e23) sw      a5, 60(t3)
core   0: 3 0x8000c6d6 (0x02fe2e23) mem 0x80026c9c 0x36c918f4
core   0: 0x8000c6da (0x050e2023) sw      a6, 64(t3)
core   0: 3 0x8000c6da (0x050e2023) mem 0x80026ca0 0x36c918f5
core   0: 0x8000c6de (0x051e2223) sw      a7, 68(t3)
core   0: 3 0x8000c6de (0x051e2223) mem 0x80026ca4 0x00000000
core   0: 0x8000c6e2 (0x052e2423) sw      s2, 72(t3)
core   0: 3 0x8000c6e2 (0x052e2423) mem 0x80026ca8 0x00000000
core   0: 0x8000c6e6 (0x053e2623) sw      s3, 76(t3)
core   0: 3 0x8000c6e6 (0x053e2623) mem 0x80026cac 0x0001a000
core   0: 0x8000c6ea (0x054e2823) sw      s4, 80(t3)
core   0: 3 0x8000c6ea (0x054e2823) mem 0x80026cb0 0x80004a5e
core   0: 0x8000c6ee (0x055e2a23) sw      s5, 84(t3)
core   0: 3 0x8000c6ee (0x055e2a23) mem 0x80026cb4 0xffffffff
core   0: 0x8000c6f2 (0x056e2c23) sw      s6, 88(t3)
core   0: 3 0x8000c6f2 (0x056e2c23) mem 0x80026cb8 0xffffffff
core   0: 0x8000c6f6 (0x057e2e23) sw      s7, 92(t3)
core   0: 3 0x8000c6f6 (0x057e2e23) mem 0x80026cbc 0x80026ce0
core   0: 0x8000c6fa (0x078e2023) sw      s8, 96(t3)
core   0: 3 0x8000c6fa (0x078e2023) mem 0x80026cc0 0x1fffffff
core   0: 0x8000c6fe (0x079e2223) sw      s9, 100(t3)
core   0: 3 0x8000c6fe (0x079e2223) mem 0x80026cc4 0x00000000
core   0: 0x8000c702 (0x07ae2423) sw      s10, 104(t3)
core   0: 3 0x8000c702 (0x07ae2423) mem 0x80026cc8 0x7ffdd19c
core   0: 0x8000c706 (0x07be2623) sw      s11, 108(t3)
core   0: 3 0x8000c706 (0x07be2623) mem 0x80026ccc 0x00000001
core   0: 0x8000c70a (0x07ce2823) sw      t3, 112(t3)
core   0: 3 0x8000c70a (0x07ce2823) mem 0x80026cd0 0x80026c60
core   0: 0x8000c70e (0x07de2a23) sw      t4, 116(t3)
core   0: 3 0x8000c70e (0x07de2a23) mem 0x80026cd4 0x00000001
core   0: 0x8000c712 (0x07ee2c23) sw      t5, 120(t3)
core   0: 3 0x8000c712 (0x07ee2c23) mem 0x80026cd8 0xffffffff
core   0: 0x8000c716 (0x07fe2e23) sw      t6, 124(t3)
core   0: 3 0x8000c716 (0x07fe2e23) mem 0x80026cdc 0xffffffff
core   0: 0x8000c71a (0x000e0bb3) add     s7, t3, zero
core   0: 3 0x8000c71a (0x000e0bb3) x23 0x80026c60
core   0: 0x8000c71e (0x34102d73) csrr    s10, mepc
core   0: 3 0x8000c71e (0x34102d73) x26 0x80004a60
core   0: 0x8000c722 (0x34202d73) csrr    s10, mcause
core   0: 3 0x8000c722 (0x34202d73) x26 0x0000000b
core   0: 0x8000c726 (0x0000498d) c.li    s3, 3
core   0: 3 0x8000c726 (0x498d) x19 0x00000003
core   0: 0x8000c728 (0x293d0d63) beq     s10, s3, pc + 666
core   0: 3 0x8000c728 (0x293d0d63)
core   0: 0x8000c72c (0x000049a1) c.li    s3, 8
core   0: 3 0x8000c72c (0x49a1) x19 0x00000008
core   0: 0x8000c72e (0x053d0563) beq     s10, s3, pc + 74
core   0: 3 0x8000c72e (0x053d0563)
core   0: 0x8000c732 (0x000049a5) c.li    s3, 9
core   0: 3 0x8000c732 (0x49a5) x19 0x00000009
core   0: 0x8000c734 (0x053d0263) beq     s10, s3, pc + 68
core   0: 3 0x8000c734 (0x053d0263)
core   0: 0x8000c738 (0x000049ad) c.li    s3, 11
core   0: 3 0x8000c738 (0x49ad) x19 0x0000000b
core   0: 0x8000c73a (0x033d0f63) beq     s10, s3, pc + 62
core   0: 3 0x8000c73a (0x033d0f63)
core   0: 0x8000c778 (0xffff4d17) auipc   s10, 0xffff4
core   0: 3 0x8000c778 (0xffff4d17) x26 0x80000778
core   0: 0x8000c77c (0x888d0d13) addi    s10, s10, -1912
core   0: 3 0x8000c77c (0x888d0d13) x26 0x80000000
core   0: 0x8000c780 (0x000d2023) sw      zero, 0(s10)
core   0: 3 0x8000c780 (0x000d2023) mem 0x80000000 0x00000000
core   0: 0x8000c784 (0x001d2223) sw      ra, 4(s10)
core   0: 3 0x8000c784 (0x001d2223) mem 0x80000004 0x00000000
core   0: 0x8000c788 (0x002d2423) sw      sp, 8(s10)
core   0: 3 0x8000c788 (0x002d2423) mem 0x80000008 0x00000124
core   0: 0x8000c78c (0x003d2623) sw      gp, 12(s10)
core   0: 3 0x8000c78c (0x003d2623) mem 0x8000000c 0x00000001
core   0: 0x8000c790 (0x004d2823) sw      tp, 16(s10)
core   0: 3 0x8000c790 (0x004d2823) mem 0x80000010 0x00000000
core   0: 0x8000c794 (0x005d2a23) sw      t0, 20(s10)
core   0: 3 0x8000c794 (0x005d2a23) mem 0x80000014 0x00000000
core   0: 0x8000c798 (0x006d2c23) sw      t1, 24(s10)
core   0: 3 0x8000c798 (0x006d2c23) mem 0x80000018 0x00000000
core   0: 0x8000c79c (0x007d2e23) sw      t2, 28(s10)
core   0: 3 0x8000c79c (0x007d2e23) mem 0x8000001c 0x36c918f4
core   0: 0x8000c7a0 (0x028d2023) sw      s0, 32(s10)
core   0: 3 0x8000c7a0 (0x028d2023) mem 0x80000020 0x0000000d
core   0: 0x8000c7a4 (0x029d2223) sw      s1, 36(s10)
core   0: 3 0x8000c7a4 (0x029d2223) mem 0x80000024 0x00000000
core   0: 0x8000c7a8 (0x02ad2423) sw      a0, 40(s10)
core   0: 3 0x8000c7a8 (0x02ad2423) mem 0x80000028 0x00000000
core   0: 0x8000c7ac (0x02bd2623) sw      a1, 44(s10)
core   0: 3 0x8000c7ac (0x02bd2623) mem 0x8000002c 0x00000000
core   0: 0x8000c7b0 (0x02cd2823) sw      a2, 48(s10)
core   0: 3 0x8000c7b0 (0x02cd2823) mem 0x80000030 0x0000e755
core   0: 0x8000c7b4 (0x02dd2a23) sw      a3, 52(s10)
core   0: 3 0x8000c7b4 (0x02dd2a23) mem 0x80000034 0x00000000
core   0: 0x8000c7b8 (0x02ed2c23) sw      a4, 56(s10)
core   0: 3 0x8000c7b8 (0x02ed2c23) mem 0x80000038 0x00000755
core   0: 0x8000c7bc (0x02fd2e23) sw      a5, 60(s10)
core   0: 3 0x8000c7bc (0x02fd2e23) mem 0x8000003c 0x36c918f4
core   0: 0x8000c7c0 (0x050d2023) sw      a6, 64(s10)
core   0: 3 0x8000c7c0 (0x050d2023) mem 0x80000040 0x36c918f5
core   0: 0x8000c7c4 (0x051d2223) sw      a7, 68(s10)
core   0: 3 0x8000c7c4 (0x051d2223) mem 0x80000044 0x00000000
core   0: 0x8000c7c8 (0x052d2423) sw      s2, 72(s10)
core   0: 3 0x8000c7c8 (0x052d2423) mem 0x80000048 0x00000000
core   0: 0x8000c7cc (0x053d2623) sw      s3, 76(s10)
core   0: 3 0x8000c7cc (0x053d2623) mem 0x8000004c 0x0000000b
core   0: 0x8000c7d0 (0x054d2823) sw      s4, 80(s10)
core   0: 3 0x8000c7d0 (0x054d2823) mem 0x80000050 0x80004a5e
core   0: 0x8000c7d4 (0x055d2a23) sw      s5, 84(s10)
core   0: 3 0x8000c7d4 (0x055d2a23) mem 0x80000054 0xffffffff
core   0: 0x8000c7d8 (0x056d2c23) sw      s6, 88(s10)
core   0: 3 0x8000c7d8 (0x056d2c23) mem 0x80000058 0xffffffff
core   0: 0x8000c7dc (0x057d2e23) sw      s7, 92(s10)
core   0: 3 0x8000c7dc (0x057d2e23) mem 0x8000005c 0x80026c60
core   0: 0x8000c7e0 (0x078d2023) sw      s8, 96(s10)
core   0: 3 0x8000c7e0 (0x078d2023) mem 0x80000060 0x1fffffff
core   0: 0x8000c7e4 (0x079d2223) sw      s9, 100(s10)
core   0: 3 0x8000c7e4 (0x079d2223) mem 0x80000064 0x00000000
core   0: 0x8000c7e8 (0x07ad2423) sw      s10, 104(s10)
core   0: 3 0x8000c7e8 (0x07ad2423) mem 0x80000068 0x80000000
core   0: 0x8000c7ec (0x07bd2623) sw      s11, 108(s10)
core   0: 3 0x8000c7ec (0x07bd2623) mem 0x8000006c 0x00000001
core   0: 0x8000c7f0 (0x07cd2823) sw      t3, 112(s10)
core   0: 3 0x8000c7f0 (0x07cd2823) mem 0x80000070 0x80026c60
core   0: 0x8000c7f4 (0x07dd2a23) sw      t4, 116(s10)
core   0: 3 0x8000c7f4 (0x07dd2a23) mem 0x80000074 0x00000001
core   0: 0x8000c7f8 (0x07ed2c23) sw      t5, 120(s10)
core   0: 3 0x8000c7f8 (0x07ed2c23) mem 0x80000078 0xffffffff
core   0: 0x8000c7fc (0x07fd2e23) sw      t6, 124(s10)
core   0: 3 0x8000c7fc (0x07fd2e23) mem 0x8000007c 0xffffffff
core   0: 0x8000c800 (0xfffffa17) auipc   s4, 0xfffff
core   0: 3 0x8000c800 (0xfffffa17) x20 0x8000b800
core   0: 0x8000c804 (0x450a0a13) addi    s4, s4, 1104
core   0: 3 0x8000c804 (0x450a0a13) x20 0x8000bc50
core   0: 0x8000c808 (0x000a0067) jr      s4
core   0: 3 0x8000c808 (0x000a0067)
core   0: 0x8000bc50 (0x00001f17) auipc   t5, 0x1
core   0: 3 0x8000bc50 (0x00001f17) x30 0x8000cc50
core   0: 0x8000bc54 (0x3a3f2823) sw      gp, 944(t5)
core   0: 3 0x8000bc54 (0x3a3f2823) mem 0x8000d000 0x00000001
core   0: 0x8000bc58 (0x0000bfe5) c.j     pc - 8
core   0: 3 0x8000bc58 (0xbfe5)
core   0: 0x8000bc50 (0x00001f17) auipc   t5, 0x1
core   0: 3 0x8000bc50 (0x00001f17) x30 0x8000cc50
core   0: 0x8000bc54 (0x3a3f2823) sw      gp, 944(t5)
core   0: 3 0x8000bc54 (0x3a3f2823) mem 0x8000d000 0x00000001
core   0: 0x8000bc58 (0x0000bfe5) c.j     pc - 8
core   0: 3 0x8000bc58 (0xbfe5)
core   0: 0x8000bc50 (0x00001f17) auipc   t5, 0x1
core   0: 3 0x8000bc50 (0x00001f17) x30 0x8000cc50
core   0: 0x8000bc54 (0x3a3f2823) sw      gp, 944(t5)
core   0: 3 0x8000bc54 (0x3a3f2823) mem 0x8000d000 0x00000001
core   0: 0x8000bc58 (0x0000bfe5) c.j     pc - 8
core   0: 3 0x8000bc58 (0xbfe5)
core   0: 0x8000bc50 (0x00001f17) auipc   t5, 0x1
core   0: 3 0x8000bc50 (0x00001f17) x30 0x8000cc50
core   0: 0x8000bc54 (0x3a3f2823) sw      gp, 944(t5)
core   0: 3 0x8000bc54 (0x3a3f2823) mem 0x8000d000 0x00000001
core   0: 0x8000bc58 (0x0000bfe5) c.j     pc - 8
core   0: 3 0x8000bc58 (0xbfe5)
core   0: 0x8000bc50 (0x00001f17) auipc   t5, 0x1
core   0: 3 0x8000bc50 (0x00001f17) x30 0x8000cc50
core   0: 0x8000bc54 (0x3a3f2823) sw      gp, 944(t5)
core   0: 3 0x8000bc54 (0x3a3f2823) mem 0x8000d000 0x00000001
core   0: 0x8000bc58 (0x0000bfe5) c.j     pc - 8
core   0: 3 0x8000bc58 (0xbfe5)
core   0: 0x8000bc50 (0x00001f17) auipc   t5, 0x1
core   0: 3 0x8000bc50 (0x00001f17) x30 0x8000cc50
core   0: 0x8000bc54 (0x3a3f2823) sw      gp, 944(t5)
core   0: 3 0x8000bc54 (0x3a3f2823) mem 0x8000d000 0x00000001
core   0: 0x8000bc58 (0x0000bfe5) c.j     pc - 8
core   0: 3 0x8000bc58 (0xbfe5)
core   0: 0x8000bc50 (0x00001f17) auipc   t5, 0x1
core   0: 3 0x8000bc50 (0x00001f17) x30 0x8000cc50
core   0: 0x8000bc54 (0x3a3f2823) sw      gp, 944(t5)
core   0: 3 0x8000bc54 (0x3a3f2823) mem 0x8000d000 0x00000001
core   0: 0x8000bc58 (0x0000bfe5) c.j     pc - 8
core   0: 3 0x8000bc58 (0xbfe5)
core   0: 0x8000bc50 (0x00001f17) auipc   t5, 0x1
core   0: 3 0x8000bc50 (0x00001f17) x30 0x8000cc50
core   0: 0x8000bc54 (0x3a3f2823) sw      gp, 944(t5)
core   0: 3 0x8000bc54 (0x3a3f2823) mem 0x8000d000 0x00000001
core   0: 0x8000bc58 (0x0000bfe5) c.j     pc - 8
core   0: 3 0x8000bc58 (0xbfe5)
core   0: 0x8000bc50 (0x00001f17) auipc   t5, 0x1
core   0: 3 0x8000bc50 (0x00001f17) x30 0x8000cc50
core   0: 0x8000bc54 (0x3a3f2823) sw      gp, 944(t5)
core   0: 3 0x8000bc54 (0x3a3f2823) mem 0x8000d000 0x00000001
core   0: 0x8000bc58 (0x0000bfe5) c.j     pc - 8
core   0: 3 0x8000bc58 (0xbfe5)
core   0: 0x8000bc50 (0x00001f17) auipc   t5, 0x1
core   0: 3 0x8000bc50 (0x00001f17) x30 0x8000cc50
core   0: 0x8000bc54 (0x3a3f2823) sw      gp, 944(t5)
core   0: 3 0x8000bc54 (0x3a3f2823) mem 0x8000d000 0x00000001
core   0: 0x8000bc58 (0x0000bfe5) c.j     pc - 8
core   0: 3 0x8000bc58 (0xbfe5)
core   0: 0x8000bc50 (0x00001f17) auipc   t5, 0x1
core   0: 3 0x8000bc50 (0x00001f17) x30 0x8000cc50
core   0: 0x8000bc54 (0x3a3f2823) sw      gp, 944(t5)
core   0: 3 0x8000bc54 (0x3a3f2823) mem 0x8000d000 0x00000001
core   0: 0x8000bc58 (0x0000bfe5) c.j     pc - 8
core   0: 3 0x8000bc58 (0xbfe5)
core   0: 0x8000bc50 (0x00001f17) auipc   t5, 0x1
core   0: 3 0x8000bc50 (0x00001f17) x30 0x8000cc50
core   0: 0x8000bc54 (0x3a3f2823) sw      gp, 944(t5)
core   0: 3 0x8000bc54 (0x3a3f2823) mem 0x8000d000 0x00000001
core   0: 0x8000bc58 (0x0000bfe5) c.j     pc - 8
core   0: 3 0x8000bc58 (0xbfe5)
core   0: 0x8000bc50 (0x00001f17) auipc   t5, 0x1
core   0: 3 0x8000bc50 (0x00001f17) x30 0x8000cc50
core   0: 0x8000bc54 (0x3a3f2823) sw      gp, 944(t5)
core   0: 3 0x8000bc54 (0x3a3f2823) mem 0x8000d000 0x00000001
core   0: 0x8000bc58 (0x0000bfe5) c.j     pc - 8
core   0: 3 0x8000bc58 (0xbfe5)
core   0: 0x8000bc50 (0x00001f17) auipc   t5, 0x1
core   0: 3 0x8000bc50 (0x00001f17) x30 0x8000cc50
core   0: 0x8000bc54 (0x3a3f2823) sw      gp, 944(t5)
core   0: 3 0x8000bc54 (0x3a3f2823) mem 0x8000d000 0x00000001
core   0: 0x8000bc58 (0x0000bfe5) c.j     pc - 8
core   0: 3 0x8000bc58 (0xbfe5)
core   0: 0x8000bc50 (0x00001f17) auipc   t5, 0x1
core   0: 3 0x8000bc50 (0x00001f17) x30 0x8000cc50
core   0: 0x8000bc54 (0x3a3f2823) sw      gp, 944(t5)
core   0: 3 0x8000bc54 (0x3a3f2823) mem 0x8000d000 0x00000001
core   0: 0x8000bc58 (0x0000bfe5) c.j     pc - 8
core   0: 3 0x8000bc58 (0xbfe5)
core   0: 0x8000bc50 (0x00001f17) auipc   t5, 0x1
core   0: 3 0x8000bc50 (0x00001f17) x30 0x8000cc50
core   0: 0x8000bc54 (0x3a3f2823) sw      gp, 944(t5)
core   0: 3 0x8000bc54 (0x3a3f2823) mem 0x8000d000 0x00000001
core   0: 0x8000bc58 (0x0000bfe5) c.j     pc - 8
core   0: 3 0x8000bc58 (0xbfe5)
core   0: 0x8000bc50 (0x00001f17) auipc   t5, 0x1
core   0: 3 0x8000bc50 (0x00001f17) x30 0x8000cc50
core   0: 0x8000bc54 (0x3a3f2823) sw      gp, 944(t5)
core   0: 3 0x8000bc54 (0x3a3f2823) mem 0x8000d000 0x00000001
core   0: 0x8000bc58 (0x0000bfe5) c.j     pc - 8
core   0: 3 0x8000bc58 (0xbfe5)
core   0: 0x8000bc50 (0x00001f17) auipc   t5, 0x1
core   0: 3 0x8000bc50 (0x00001f17) x30 0x8000cc50
core   0: 0x8000bc54 (0x3a3f2823) sw      gp, 944(t5)
core   0: 3 0x8000bc54 (0x3a3f2823) mem 0x8000d000 0x00000001
core   0: 0x8000bc58 (0x0000bfe5) c.j     pc - 8
core   0: 3 0x8000bc58 (0xbfe5)
core   0: 0x8000bc50 (0x00001f17) auipc   t5, 0x1
core   0: 3 0x8000bc50 (0x00001f17) x30 0x8000cc50
core   0: 0x8000bc54 (0x3a3f2823) sw      gp, 944(t5)
core   0: 3 0x8000bc54 (0x3a3f2823) mem 0x8000d000 0x00000001
core   0: 0x8000bc58 (0x0000bfe5) c.j     pc - 8
core   0: 3 0x8000bc58 (0xbfe5)
core   0: 0x8000bc50 (0x00001f17) auipc   t5, 0x1
core   0: 3 0x8000bc50 (0x00001f17) x30 0x8000cc50
core   0: 0x8000bc54 (0x3a3f2823) sw      gp, 944(t5)
core   0: 3 0x8000bc54 (0x3a3f2823) mem 0x8000d000 0x00000001
core   0: 0x8000bc58 (0x0000bfe5) c.j     pc - 8
core   0: 3 0x8000bc58 (0xbfe5)
core   0: 0x8000bc50 (0x00001f17) auipc   t5, 0x1
core   0: 3 0x8000bc50 (0x00001f17) x30 0x8000cc50
core   0: 0x8000bc54 (0x3a3f2823) sw      gp, 944(t5)
core   0: 3 0x8000bc54 (0x3a3f2823) mem 0x8000d000 0x00000001
core   0: 0x8000bc58 (0x0000bfe5) c.j     pc - 8
core   0: 3 0x8000bc58 (0xbfe5)
core   0: 0x8000bc50 (0x00001f17) auipc   t5, 0x1
core   0: 3 0x8000bc50 (0x00001f17) x30 0x8000cc50
core   0: 0x8000bc54 (0x3a3f2823) sw      gp, 944(t5)
core   0: 3 0x8000bc54 (0x3a3f2823) mem 0x8000d000 0x00000001
core   0: 0x8000bc58 (0x0000bfe5) c.j     pc - 8
core   0: 3 0x8000bc58 (0xbfe5)
core   0: 0x8000bc50 (0x00001f17) auipc   t5, 0x1
core   0: 3 0x8000bc50 (0x00001f17) x30 0x8000cc50
core   0: 0x8000bc54 (0x3a3f2823) sw      gp, 944(t5)
core   0: 3 0x8000bc54 (0x3a3f2823) mem 0x8000d000 0x00000001
core   0: 0x8000bc58 (0x0000bfe5) c.j     pc - 8
core   0: 3 0x8000bc58 (0xbfe5)
core   0: 0x8000bc50 (0x00001f17) auipc   t5, 0x1
core   0: 3 0x8000bc50 (0x00001f17) x30 0x8000cc50
core   0: 0x8000bc54 (0x3a3f2823) sw      gp, 944(t5)
core   0: 3 0x8000bc54 (0x3a3f2823) mem 0x8000d000 0x00000001
core   0: 0x8000bc58 (0x0000bfe5) c.j     pc - 8
core   0: 3 0x8000bc58 (0xbfe5)
core   0: 0x8000bc50 (0x00001f17) auipc   t5, 0x1
core   0: 3 0x8000bc50 (0x00001f17) x30 0x8000cc50
core   0: 0x8000bc54 (0x3a3f2823) sw      gp, 944(t5)
core   0: 3 0x8000bc54 (0x3a3f2823) mem 0x8000d000 0x00000001
core   0: 0x8000bc58 (0x0000bfe5) c.j     pc - 8
core   0: 3 0x8000bc58 (0xbfe5)
core   0: 0x8000bc50 (0x00001f17) auipc   t5, 0x1
core   0: 3 0x8000bc50 (0x00001f17) x30 0x8000cc50
core   0: 0x8000bc54 (0x3a3f2823) sw      gp, 944(t5)
core   0: 3 0x8000bc54 (0x3a3f2823) mem 0x8000d000 0x00000001
core   0: 0x8000bc58 (0x0000bfe5) c.j     pc - 8
core   0: 3 0x8000bc58 (0xbfe5)
core   0: 0x8000bc50 (0x00001f17) auipc   t5, 0x1
core   0: 3 0x8000bc50 (0x00001f17) x30 0x8000cc50
core   0: 0x8000bc54 (0x3a3f2823) sw      gp, 944(t5)
core   0: 3 0x8000bc54 (0x3a3f2823) mem 0x8000d000 0x00000001
core   0: 0x8000bc58 (0x0000bfe5) c.j     pc - 8
core   0: 3 0x8000bc58 (0xbfe5)
core   0: 0x8000bc50 (0x00001f17) auipc   t5, 0x1
core   0: 3 0x8000bc50 (0x00001f17) x30 0x8000cc50
core   0: 0x8000bc54 (0x3a3f2823) sw      gp, 944(t5)
core   0: 3 0x8000bc54 (0x3a3f2823) mem 0x8000d000 0x00000001
core   0: 0x8000bc58 (0x0000bfe5) c.j     pc - 8
core   0: 3 0x8000bc58 (0xbfe5)
core   0: 0x8000bc50 (0x00001f17) auipc   t5, 0x1
core   0: 3 0x8000bc50 (0x00001f17) x30 0x8000cc50
core   0: 0x8000bc54 (0x3a3f2823) sw      gp, 944(t5)
core   0: 3 0x8000bc54 (0x3a3f2823) mem 0x8000d000 0x00000001
core   0: 0x8000bc58 (0x0000bfe5) c.j     pc - 8
core   0: 3 0x8000bc58 (0xbfe5)
core   0: 0x8000bc50 (0x00001f17) auipc   t5, 0x1
core   0: 3 0x8000bc50 (0x00001f17) x30 0x8000cc50
core   0: 0x8000bc54 (0x3a3f2823) sw      gp, 944(t5)
core   0: 3 0x8000bc54 (0x3a3f2823) mem 0x8000d000 0x00000001
core   0: 0x8000bc58 (0x0000bfe5) c.j     pc - 8
core   0: 3 0x8000bc58 (0xbfe5)
core   0: 0x8000bc50 (0x00001f17) auipc   t5, 0x1
core   0: 3 0x8000bc50 (0x00001f17) x30 0x8000cc50
core   0: 0x8000bc54 (0x3a3f2823) sw      gp, 944(t5)
core   0: 3 0x8000bc54 (0x3a3f2823) mem 0x8000d000 0x00000001
core   0: 0x8000bc58 (0x0000bfe5) c.j     pc - 8
core   0: 3 0x8000bc58 (0xbfe5)
core   0: 0x8000bc50 (0x00001f17) auipc   t5, 0x1
core   0: 3 0x8000bc50 (0x00001f17) x30 0x8000cc50
core   0: 0x8000bc54 (0x3a3f2823) sw      gp, 944(t5)
core   0: 3 0x8000bc54 (0x3a3f2823) mem 0x8000d000 0x00000001
core   0: 0x8000bc58 (0x0000bfe5) c.j     pc - 8
core   0: 3 0x8000bc58 (0xbfe5)
core   0: 0x8000bc50 (0x00001f17) auipc   t5, 0x1
core   0: 3 0x8000bc50 (0x00001f17) x30 0x8000cc50
core   0: 0x8000bc54 (0x3a3f2823) sw      gp, 944(t5)
core   0: 3 0x8000bc54 (0x3a3f2823) mem 0x8000d000 0x00000001
core   0: 0x8000bc58 (0x0000bfe5) c.j     pc - 8
core   0: 3 0x8000bc58 (0xbfe5)
core   0: 0x8000bc50 (0x00001f17) auipc   t5, 0x1
core   0: 3 0x8000bc50 (0x00001f17) x30 0x8000cc50
core   0: 0x8000bc54 (0x3a3f2823) sw      gp, 944(t5)
core   0: 3 0x8000bc54 (0x3a3f2823) mem 0x8000d000 0x00000001
core   0: 0x8000bc58 (0x0000bfe5) c.j     pc - 8
core   0: 3 0x8000bc58 (0xbfe5)
core   0: 0x8000bc50 (0x00001f17) auipc   t5, 0x1
core   0: 3 0x8000bc50 (0x00001f17) x30 0x8000cc50
core   0: 0x8000bc54 (0x3a3f2823) sw      gp, 944(t5)
core   0: 3 0x8000bc54 (0x3a3f2823) mem 0x8000d000 0x00000001
core   0: 0x8000bc58 (0x0000bfe5) c.j     pc - 8
core   0: 3 0x8000bc58 (0xbfe5)
core   0: 0x8000bc50 (0x00001f17) auipc   t5, 0x1
core   0: 3 0x8000bc50 (0x00001f17) x30 0x8000cc50
core   0: 0x8000bc54 (0x3a3f2823) sw      gp, 944(t5)
core   0: 3 0x8000bc54 (0x3a3f2823) mem 0x8000d000 0x00000001
core   0: 0x8000bc58 (0x0000bfe5) c.j     pc - 8
core   0: 3 0x8000bc58 (0xbfe5)
core   0: 0x8000bc50 (0x00001f17) auipc   t5, 0x1
core   0: 3 0x8000bc50 (0x00001f17) x30 0x8000cc50
core   0: 0x8000bc54 (0x3a3f2823) sw      gp, 944(t5)
core   0: 3 0x8000bc54 (0x3a3f2823) mem 0x8000d000 0x00000001
core   0: 0x8000bc58 (0x0000bfe5) c.j     pc - 8
core   0: 3 0x8000bc58 (0xbfe5)
core   0: 0x8000bc50 (0x00001f17) auipc   t5, 0x1
core   0: 3 0x8000bc50 (0x00001f17) x30 0x8000cc50
core   0: 0x8000bc54 (0x3a3f2823) sw      gp, 944(t5)
core   0: 3 0x8000bc54 (0x3a3f2823) mem 0x8000d000 0x00000001
core   0: 0x8000bc58 (0x0000bfe5) c.j     pc - 8
core   0: 3 0x8000bc58 (0xbfe5)
core   0: 0x8000bc50 (0x00001f17) auipc   t5, 0x1
core   0: 3 0x8000bc50 (0x00001f17) x30 0x8000cc50
core   0: 0x8000bc54 (0x3a3f2823) sw      gp, 944(t5)
core   0: 3 0x8000bc54 (0x3a3f2823) mem 0x8000d000 0x00000001
core   0: 0x8000bc58 (0x0000bfe5) c.j     pc - 8
core   0: 3 0x8000bc58 (0xbfe5)
core   0: 0x8000bc50 (0x00001f17) auipc   t5, 0x1
core   0: 3 0x8000bc50 (0x00001f17) x30 0x8000cc50
core   0: 0x8000bc54 (0x3a3f2823) sw      gp, 944(t5)
core   0: 3 0x8000bc54 (0x3a3f2823) mem 0x8000d000 0x00000001
core   0: 0x8000bc58 (0x0000bfe5) c.j     pc - 8
core   0: 3 0x8000bc58 (0xbfe5)
core   0: 0x8000bc50 (0x00001f17) auipc   t5, 0x1
core   0: 3 0x8000bc50 (0x00001f17) x30 0x8000cc50
core   0: 0x8000bc54 (0x3a3f2823) sw      gp, 944(t5)
core   0: 3 0x8000bc54 (0x3a3f2823) mem 0x8000d000 0x00000001
core   0: 0x8000bc58 (0x0000bfe5) c.j     pc - 8
core   0: 3 0x8000bc58 (0xbfe5)
core   0: 0x8000bc50 (0x00001f17) auipc   t5, 0x1
core   0: 3 0x8000bc50 (0x00001f17) x30 0x8000cc50
core   0: 0x8000bc54 (0x3a3f2823) sw      gp, 944(t5)
core   0: 3 0x8000bc54 (0x3a3f2823) mem 0x8000d000 0x00000001
core   0: 0x8000bc58 (0x0000bfe5) c.j     pc - 8
core   0: 3 0x8000bc58 (0xbfe5)
core   0: 0x8000bc50 (0x00001f17) auipc   t5, 0x1
core   0: 3 0x8000bc50 (0x00001f17) x30 0x8000cc50
core   0: 0x8000bc54 (0x3a3f2823) sw      gp, 944(t5)
core   0: 3 0x8000bc54 (0x3a3f2823) mem 0x8000d000 0x00000001
core   0: 0x8000bc58 (0x0000bfe5) c.j     pc - 8
core   0: 3 0x8000bc58 (0xbfe5)
core   0: 0x8000bc50 (0x00001f17) auipc   t5, 0x1
core   0: 3 0x8000bc50 (0x00001f17) x30 0x8000cc50
core   0: 0x8000bc54 (0x3a3f2823) sw      gp, 944(t5)
core   0: 3 0x8000bc54 (0x3a3f2823) mem 0x8000d000 0x00000001
core   0: 0x8000bc58 (0x0000bfe5) c.j     pc - 8
core   0: 3 0x8000bc58 (0xbfe5)
core   0: 0x8000bc50 (0x00001f17) auipc   t5, 0x1
core   0: 3 0x8000bc50 (0x00001f17) x30 0x8000cc50
core   0: 0x8000bc54 (0x3a3f2823) sw      gp, 944(t5)
core   0: 3 0x8000bc54 (0x3a3f2823) mem 0x8000d000 0x00000001
core   0: 0x8000bc58 (0x0000bfe5) c.j     pc - 8
core   0: 3 0x8000bc58 (0xbfe5)
core   0: 0x8000bc50 (0x00001f17) auipc   t5, 0x1
core   0: 3 0x8000bc50 (0x00001f17) x30 0x8000cc50
core   0: 0x8000bc54 (0x3a3f2823) sw      gp, 944(t5)
core   0: 3 0x8000bc54 (0x3a3f2823) mem 0x8000d000 0x00000001
core   0: 0x8000bc58 (0x0000bfe5) c.j     pc - 8
core   0: 3 0x8000bc58 (0xbfe5)
core   0: 0x8000bc50 (0x00001f17) auipc   t5, 0x1
core   0: 3 0x8000bc50 (0x00001f17) x30 0x8000cc50
core   0: 0x8000bc54 (0x3a3f2823) sw      gp, 944(t5)
core   0: 3 0x8000bc54 (0x3a3f2823) mem 0x8000d000 0x00000001
core   0: 0x8000bc58 (0x0000bfe5) c.j     pc - 8
core   0: 3 0x8000bc58 (0xbfe5)
core   0: 0x8000bc50 (0x00001f17) auipc   t5, 0x1
core   0: 3 0x8000bc50 (0x00001f17) x30 0x8000cc50
core   0: 0x8000bc54 (0x3a3f2823) sw      gp, 944(t5)
core   0: 3 0x8000bc54 (0x3a3f2823) mem 0x8000d000 0x00000001
core   0: 0x8000bc58 (0x0000bfe5) c.j     pc - 8
core   0: 3 0x8000bc58 (0xbfe5)
core   0: 0x8000bc50 (0x00001f17) auipc   t5, 0x1
core   0: 3 0x8000bc50 (0x00001f17) x30 0x8000cc50
core   0: 0x8000bc54 (0x3a3f2823) sw      gp, 944(t5)
core   0: 3 0x8000bc54 (0x3a3f2823) mem 0x8000d000 0x00000001
core   0: 0x8000bc58 (0x0000bfe5) c.j     pc - 8
core   0: 3 0x8000bc58 (0xbfe5)
core   0: 0x8000bc50 (0x00001f17) auipc   t5, 0x1
core   0: 3 0x8000bc50 (0x00001f17) x30 0x8000cc50
core   0: 0x8000bc54 (0x3a3f2823) sw      gp, 944(t5)
core   0: 3 0x8000bc54 (0x3a3f2823) mem 0x8000d000 0x00000001
core   0: 0x8000bc58 (0x0000bfe5) c.j     pc - 8
core   0: 3 0x8000bc58 (0xbfe5)
core   0: 0x8000bc50 (0x00001f17) auipc   t5, 0x1
core   0: 3 0x8000bc50 (0x00001f17) x30 0x8000cc50
core   0: 0x8000bc54 (0x3a3f2823) sw      gp, 944(t5)
core   0: 3 0x8000bc54 (0x3a3f2823) mem 0x8000d000 0x00000001
core   0: 0x8000bc58 (0x0000bfe5) c.j     pc - 8
core   0: 3 0x8000bc58 (0xbfe5)
core   0: 0x8000bc50 (0x00001f17) auipc   t5, 0x1
core   0: 3 0x8000bc50 (0x00001f17) x30 0x8000cc50
core   0: 0x8000bc54 (0x3a3f2823) sw      gp, 944(t5)
core   0: 3 0x8000bc54 (0x3a3f2823) mem 0x8000d000 0x00000001
core   0: 0x8000bc58 (0x0000bfe5) c.j     pc - 8
core   0: 3 0x8000bc58 (0xbfe5)
core   0: 0x8000bc50 (0x00001f17) auipc   t5, 0x1
core   0: 3 0x8000bc50 (0x00001f17) x30 0x8000cc50
core   0: 0x8000bc54 (0x3a3f2823) sw      gp, 944(t5)
core   0: 3 0x8000bc54 (0x3a3f2823) mem 0x8000d000 0x00000001
core   0: 0x8000bc58 (0x0000bfe5) c.j     pc - 8
core   0: 3 0x8000bc58 (0xbfe5)
core   0: 0x8000bc50 (0x00001f17) auipc   t5, 0x1
core   0: 3 0x8000bc50 (0x00001f17) x30 0x8000cc50
core   0: 0x8000bc54 (0x3a3f2823) sw      gp, 944(t5)
core   0: 3 0x8000bc54 (0x3a3f2823) mem 0x8000d000 0x00000001
core   0: 0x8000bc58 (0x0000bfe5) c.j     pc - 8
core   0: 3 0x8000bc58 (0xbfe5)
core   0: 0x8000bc50 (0x00001f17) auipc   t5, 0x1
core   0: 3 0x8000bc50 (0x00001f17) x30 0x8000cc50
core   0: 0x8000bc54 (0x3a3f2823) sw      gp, 944(t5)
core   0: 3 0x8000bc54 (0x3a3f2823) mem 0x8000d000 0x00000001
core   0: 0x8000bc58 (0x0000bfe5) c.j     pc - 8
core   0: 3 0x8000bc58 (0xbfe5)
core   0: 0x8000bc50 (0x00001f17) auipc   t5, 0x1
core   0: 3 0x8000bc50 (0x00001f17) x30 0x8000cc50
core   0: 0x8000bc54 (0x3a3f2823) sw      gp, 944(t5)
core   0: 3 0x8000bc54 (0x3a3f2823) mem 0x8000d000 0x00000001
core   0: 0x8000bc58 (0x0000bfe5) c.j     pc - 8
core   0: 3 0x8000bc58 (0xbfe5)
core   0: 0x8000bc50 (0x00001f17) auipc   t5, 0x1
core   0: 3 0x8000bc50 (0x00001f17) x30 0x8000cc50
core   0: 0x8000bc54 (0x3a3f2823) sw      gp, 944(t5)
core   0: 3 0x8000bc54 (0x3a3f2823) mem 0x8000d000 0x00000001
core   0: 0x8000bc58 (0x0000bfe5) c.j     pc - 8
core   0: 3 0x8000bc58 (0xbfe5)
core   0: 0x8000bc50 (0x00001f17) auipc   t5, 0x1
core   0: 3 0x8000bc50 (0x00001f17) x30 0x8000cc50
core   0: 0x8000bc54 (0x3a3f2823) sw      gp, 944(t5)
core   0: 3 0x8000bc54 (0x3a3f2823) mem 0x8000d000 0x00000001
core   0: 0x8000bc58 (0x0000bfe5) c.j     pc - 8
core   0: 3 0x8000bc58 (0xbfe5)
core   0: 0x8000bc50 (0x00001f17) auipc   t5, 0x1
core   0: 3 0x8000bc50 (0x00001f17) x30 0x8000cc50
core   0: 0x8000bc54 (0x3a3f2823) sw      gp, 944(t5)
core   0: 3 0x8000bc54 (0x3a3f2823) mem 0x8000d000 0x00000001
core   0: 0x8000bc58 (0x0000bfe5) c.j     pc - 8
core   0: 3 0x8000bc58 (0xbfe5)
core   0: 0x8000bc50 (0x00001f17) auipc   t5, 0x1
core   0: 3 0x8000bc50 (0x00001f17) x30 0x8000cc50
core   0: 0x8000bc54 (0x3a3f2823) sw      gp, 944(t5)
core   0: 3 0x8000bc54 (0x3a3f2823) mem 0x8000d000 0x00000001
core   0: 0x8000bc58 (0x0000bfe5) c.j     pc - 8
core   0: 3 0x8000bc58 (0xbfe5)
core   0: 0x8000bc50 (0x00001f17) auipc   t5, 0x1
core   0: 3 0x8000bc50 (0x00001f17) x30 0x8000cc50
core   0: 0x8000bc54 (0x3a3f2823) sw      gp, 944(t5)
core   0: 3 0x8000bc54 (0x3a3f2823) mem 0x8000d000 0x00000001
core   0: 0x8000bc58 (0x0000bfe5) c.j     pc - 8
core   0: 3 0x8000bc58 (0xbfe5)
core   0: 0x8000bc50 (0x00001f17) auipc   t5, 0x1
core   0: 3 0x8000bc50 (0x00001f17) x30 0x8000cc50
core   0: 0x8000bc54 (0x3a3f2823) sw      gp, 944(t5)
core   0: 3 0x8000bc54 (0x3a3f2823) mem 0x8000d000 0x00000001
core   0: 0x8000bc58 (0x0000bfe5) c.j     pc - 8
core   0: 3 0x8000bc58 (0xbfe5)
core   0: 0x8000bc50 (0x00001f17) auipc   t5, 0x1
core   0: 3 0x8000bc50 (0x00001f17) x30 0x8000cc50
core   0: 0x8000bc54 (0x3a3f2823) sw      gp, 944(t5)
core   0: 3 0x8000bc54 (0x3a3f2823) mem 0x8000d000 0x00000001
core   0: 0x8000bc58 (0x0000bfe5) c.j     pc - 8
core   0: 3 0x8000bc58 (0xbfe5)
core   0: 0x8000bc50 (0x00001f17) auipc   t5, 0x1
core   0: 3 0x8000bc50 (0x00001f17) x30 0x8000cc50
core   0: 0x8000bc54 (0x3a3f2823) sw      gp, 944(t5)
core   0: 3 0x8000bc54 (0x3a3f2823) mem 0x8000d000 0x00000001
core   0: 0x8000bc58 (0x0000bfe5) c.j     pc - 8
core   0: 3 0x8000bc58 (0xbfe5)
core   0: 0x8000bc50 (0x00001f17) auipc   t5, 0x1
core   0: 3 0x8000bc50 (0x00001f17) x30 0x8000cc50
core   0: 0x8000bc54 (0x3a3f2823) sw      gp, 944(t5)
core   0: 3 0x8000bc54 (0x3a3f2823) mem 0x8000d000 0x00000001
core   0: 0x8000bc58 (0x0000bfe5) c.j     pc - 8
core   0: 3 0x8000bc58 (0xbfe5)
core   0: 0x8000bc50 (0x00001f17) auipc   t5, 0x1
core   0: 3 0x8000bc50 (0x00001f17) x30 0x8000cc50
core   0: 0x8000bc54 (0x3a3f2823) sw      gp, 944(t5)
core   0: 3 0x8000bc54 (0x3a3f2823) mem 0x8000d000 0x00000001
core   0: 0x8000bc58 (0x0000bfe5) c.j     pc - 8
core   0: 3 0x8000bc58 (0xbfe5)
core   0: 0x8000bc50 (0x00001f17) auipc   t5, 0x1
core   0: 3 0x8000bc50 (0x00001f17) x30 0x8000cc50
core   0: 0x8000bc54 (0x3a3f2823) sw      gp, 944(t5)
core   0: 3 0x8000bc54 (0x3a3f2823) mem 0x8000d000 0x00000001
core   0: 0x8000bc58 (0x0000bfe5) c.j     pc - 8
core   0: 3 0x8000bc58 (0xbfe5)
core   0: 0x8000bc50 (0x00001f17) auipc   t5, 0x1
core   0: 3 0x8000bc50 (0x00001f17) x30 0x8000cc50
core   0: 0x8000bc54 (0x3a3f2823) sw      gp, 944(t5)
core   0: 3 0x8000bc54 (0x3a3f2823) mem 0x8000d000 0x00000001
core   0: 0x8000bc58 (0x0000bfe5) c.j     pc - 8
core   0: 3 0x8000bc58 (0xbfe5)
core   0: 0x8000bc50 (0x00001f17) auipc   t5, 0x1
core   0: 3 0x8000bc50 (0x00001f17) x30 0x8000cc50
core   0: 0x8000bc54 (0x3a3f2823) sw      gp, 944(t5)
core   0: 3 0x8000bc54 (0x3a3f2823) mem 0x8000d000 0x00000001
core   0: 0x8000bc58 (0x0000bfe5) c.j     pc - 8
core   0: 3 0x8000bc58 (0xbfe5)
core   0: 0x8000bc50 (0x00001f17) auipc   t5, 0x1
core   0: 3 0x8000bc50 (0x00001f17) x30 0x8000cc50
core   0: 0x8000bc54 (0x3a3f2823) sw      gp, 944(t5)
core   0: 3 0x8000bc54 (0x3a3f2823) mem 0x8000d000 0x00000001
core   0: 0x8000bc58 (0x0000bfe5) c.j     pc - 8
core   0: 3 0x8000bc58 (0xbfe5)
core   0: 0x8000bc50 (0x00001f17) auipc   t5, 0x1
core   0: 3 0x8000bc50 (0x00001f17) x30 0x8000cc50
core   0: 0x8000bc54 (0x3a3f2823) sw      gp, 944(t5)
core   0: 3 0x8000bc54 (0x3a3f2823) mem 0x8000d000 0x00000001
core   0: 0x8000bc58 (0x0000bfe5) c.j     pc - 8
core   0: 3 0x8000bc58 (0xbfe5)
core   0: 0x8000bc50 (0x00001f17) auipc   t5, 0x1
core   0: 3 0x8000bc50 (0x00001f17) x30 0x8000cc50
core   0: 0x8000bc54 (0x3a3f2823) sw      gp, 944(t5)
core   0: 3 0x8000bc54 (0x3a3f2823) mem 0x8000d000 0x00000001
core   0: 0x8000bc58 (0x0000bfe5) c.j     pc - 8
core   0: 3 0x8000bc58 (0xbfe5)
core   0: 0x8000bc50 (0x00001f17) auipc   t5, 0x1
core   0: 3 0x8000bc50 (0x00001f17) x30 0x8000cc50
core   0: 0x8000bc54 (0x3a3f2823) sw      gp, 944(t5)
core   0: 3 0x8000bc54 (0x3a3f2823) mem 0x8000d000 0x00000001
core   0: 0x8000bc58 (0x0000bfe5) c.j     pc - 8
core   0: 3 0x8000bc58 (0xbfe5)
core   0: 0x8000bc50 (0x00001f17) auipc   t5, 0x1
core   0: 3 0x8000bc50 (0x00001f17) x30 0x8000cc50
core   0: 0x8000bc54 (0x3a3f2823) sw      gp, 944(t5)
core   0: 3 0x8000bc54 (0x3a3f2823) mem 0x8000d000 0x00000001
core   0: 0x8000bc58 (0x0000bfe5) c.j     pc - 8
core   0: 3 0x8000bc58 (0xbfe5)
core   0: 0x8000bc50 (0x00001f17) auipc   t5, 0x1
core   0: 3 0x8000bc50 (0x00001f17) x30 0x8000cc50
core   0: 0x8000bc54 (0x3a3f2823) sw      gp, 944(t5)
core   0: 3 0x8000bc54 (0x3a3f2823) mem 0x8000d000 0x00000001
core   0: 0x8000bc58 (0x0000bfe5) c.j     pc - 8
core   0: 3 0x8000bc58 (0xbfe5)
core   0: 0x8000bc50 (0x00001f17) auipc   t5, 0x1
core   0: 3 0x8000bc50 (0x00001f17) x30 0x8000cc50
core   0: 0x8000bc54 (0x3a3f2823) sw      gp, 944(t5)
core   0: 3 0x8000bc54 (0x3a3f2823) mem 0x8000d000 0x00000001
core   0: 0x8000bc58 (0x0000bfe5) c.j     pc - 8
core   0: 3 0x8000bc58 (0xbfe5)
core   0: 0x8000bc50 (0x00001f17) auipc   t5, 0x1
core   0: 3 0x8000bc50 (0x00001f17) x30 0x8000cc50
core   0: 0x8000bc54 (0x3a3f2823) sw      gp, 944(t5)
core   0: 3 0x8000bc54 (0x3a3f2823) mem 0x8000d000 0x00000001
core   0: 0x8000bc58 (0x0000bfe5) c.j     pc - 8
core   0: 3 0x8000bc58 (0xbfe5)
core   0: 0x8000bc50 (0x00001f17) auipc   t5, 0x1
core   0: 3 0x8000bc50 (0x00001f17) x30 0x8000cc50
core   0: 0x8000bc54 (0x3a3f2823) sw      gp, 944(t5)
core   0: 3 0x8000bc54 (0x3a3f2823) mem 0x8000d000 0x00000001
core   0: 0x8000bc58 (0x0000bfe5) c.j     pc - 8
core   0: 3 0x8000bc58 (0xbfe5)
core   0: 0x8000bc50 (0x00001f17) auipc   t5, 0x1
core   0: 3 0x8000bc50 (0x00001f17) x30 0x8000cc50
core   0: 0x8000bc54 (0x3a3f2823) sw      gp, 944(t5)
core   0: 3 0x8000bc54 (0x3a3f2823) mem 0x8000d000 0x00000001
core   0: 0x8000bc58 (0x0000bfe5) c.j     pc - 8
core   0: 3 0x8000bc58 (0xbfe5)
core   0: 0x8000bc50 (0x00001f17) auipc   t5, 0x1
core   0: 3 0x8000bc50 (0x00001f17) x30 0x8000cc50
core   0: 0x8000bc54 (0x3a3f2823) sw      gp, 944(t5)
core   0: 3 0x8000bc54 (0x3a3f2823) mem 0x8000d000 0x00000001
core   0: 0x8000bc58 (0x0000bfe5) c.j     pc - 8
core   0: 3 0x8000bc58 (0xbfe5)
core   0: 0x8000bc50 (0x00001f17) auipc   t5, 0x1
core   0: 3 0x8000bc50 (0x00001f17) x30 0x8000cc50
core   0: 0x8000bc54 (0x3a3f2823) sw      gp, 944(t5)
core   0: 3 0x8000bc54 (0x3a3f2823) mem 0x8000d000 0x00000001
core   0: 0x8000bc58 (0x0000bfe5) c.j     pc - 8
core   0: 3 0x8000bc58 (0xbfe5)
core   0: 0x8000bc50 (0x00001f17) auipc   t5, 0x1
core   0: 3 0x8000bc50 (0x00001f17) x30 0x8000cc50
core   0: 0x8000bc54 (0x3a3f2823) sw      gp, 944(t5)
core   0: 3 0x8000bc54 (0x3a3f2823) mem 0x8000d000 0x00000001
core   0: 0x8000bc58 (0x0000bfe5) c.j     pc - 8
core   0: 3 0x8000bc58 (0xbfe5)
core   0: 0x8000bc50 (0x00001f17) auipc   t5, 0x1
core   0: 3 0x8000bc50 (0x00001f17) x30 0x8000cc50
core   0: 0x8000bc54 (0x3a3f2823) sw      gp, 944(t5)
core   0: 3 0x8000bc54 (0x3a3f2823) mem 0x8000d000 0x00000001
core   0: 0x8000bc58 (0x0000bfe5) c.j     pc - 8
core   0: 3 0x8000bc58 (0xbfe5)
core   0: 0x8000bc50 (0x00001f17) auipc   t5, 0x1
core   0: 3 0x8000bc50 (0x00001f17) x30 0x8000cc50
core   0: 0x8000bc54 (0x3a3f2823) sw      gp, 944(t5)
core   0: 3 0x8000bc54 (0x3a3f2823) mem 0x8000d000 0x00000001
core   0: 0x8000bc58 (0x0000bfe5) c.j     pc - 8
core   0: 3 0x8000bc58 (0xbfe5)
core   0: 0x8000bc50 (0x00001f17) auipc   t5, 0x1
core   0: 3 0x8000bc50 (0x00001f17) x30 0x8000cc50
core   0: 0x8000bc54 (0x3a3f2823) sw      gp, 944(t5)
core   0: 3 0x8000bc54 (0x3a3f2823) mem 0x8000d000 0x00000001
core   0: 0x8000bc58 (0x0000bfe5) c.j     pc - 8
core   0: 3 0x8000bc58 (0xbfe5)
core   0: 0x8000bc50 (0x00001f17) auipc   t5, 0x1
core   0: 3 0x8000bc50 (0x00001f17) x30 0x8000cc50
core   0: 0x8000bc54 (0x3a3f2823) sw      gp, 944(t5)
core   0: 3 0x8000bc54 (0x3a3f2823) mem 0x8000d000 0x00000001
core   0: 0x8000bc58 (0x0000bfe5) c.j     pc - 8
core   0: 3 0x8000bc58 (0xbfe5)
core   0: 0x8000bc50 (0x00001f17) auipc   t5, 0x1
core   0: 3 0x8000bc50 (0x00001f17) x30 0x8000cc50
core   0: 0x8000bc54 (0x3a3f2823) sw      gp, 944(t5)
core   0: 3 0x8000bc54 (0x3a3f2823) mem 0x8000d000 0x00000001
core   0: 0x8000bc58 (0x0000bfe5) c.j     pc - 8
core   0: 3 0x8000bc58 (0xbfe5)
core   0: 0x8000bc50 (0x00001f17) auipc   t5, 0x1
core   0: 3 0x8000bc50 (0x00001f17) x30 0x8000cc50
core   0: 0x8000bc54 (0x3a3f2823) sw      gp, 944(t5)
core   0: 3 0x8000bc54 (0x3a3f2823) mem 0x8000d000 0x00000001
core   0: 0x8000bc58 (0x0000bfe5) c.j     pc - 8
core   0: 3 0x8000bc58 (0xbfe5)
core   0: 0x8000bc50 (0x00001f17) auipc   t5, 0x1
core   0: 3 0x8000bc50 (0x00001f17) x30 0x8000cc50
core   0: 0x8000bc54 (0x3a3f2823) sw      gp, 944(t5)
core   0: 3 0x8000bc54 (0x3a3f2823) mem 0x8000d000 0x00000001
core   0: 0x8000bc58 (0x0000bfe5) c.j     pc - 8
core   0: 3 0x8000bc58 (0xbfe5)
core   0: 0x8000bc50 (0x00001f17) auipc   t5, 0x1
core   0: 3 0x8000bc50 (0x00001f17) x30 0x8000cc50
core   0: 0x8000bc54 (0x3a3f2823) sw      gp, 944(t5)
core   0: 3 0x8000bc54 (0x3a3f2823) mem 0x8000d000 0x00000001
core   0: 0x8000bc58 (0x0000bfe5) c.j     pc - 8
core   0: 3 0x8000bc58 (0xbfe5)
core   0: 0x8000bc50 (0x00001f17) auipc   t5, 0x1
core   0: 3 0x8000bc50 (0x00001f17) x30 0x8000cc50
core   0: 0x8000bc54 (0x3a3f2823) sw      gp, 944(t5)
core   0: 3 0x8000bc54 (0x3a3f2823) mem 0x8000d000 0x00000001
core   0: 0x8000bc58 (0x0000bfe5) c.j     pc - 8
core   0: 3 0x8000bc58 (0xbfe5)
core   0: 0x8000bc50 (0x00001f17) auipc   t5, 0x1
core   0: 3 0x8000bc50 (0x00001f17) x30 0x8000cc50
core   0: 0x8000bc54 (0x3a3f2823) sw      gp, 944(t5)
core   0: 3 0x8000bc54 (0x3a3f2823) mem 0x8000d000 0x00000001
core   0: 0x8000bc58 (0x0000bfe5) c.j     pc - 8
core   0: 3 0x8000bc58 (0xbfe5)
core   0: 0x8000bc50 (0x00001f17) auipc   t5, 0x1
core   0: 3 0x8000bc50 (0x00001f17) x30 0x8000cc50
core   0: 0x8000bc54 (0x3a3f2823) sw      gp, 944(t5)
core   0: 3 0x8000bc54 (0x3a3f2823) mem 0x8000d000 0x00000001
core   0: 0x8000bc58 (0x0000bfe5) c.j     pc - 8
core   0: 3 0x8000bc58 (0xbfe5)
core   0: 0x8000bc50 (0x00001f17) auipc   t5, 0x1
core   0: 3 0x8000bc50 (0x00001f17) x30 0x8000cc50
core   0: 0x8000bc54 (0x3a3f2823) sw      gp, 944(t5)
core   0: 3 0x8000bc54 (0x3a3f2823) mem 0x8000d000 0x00000001
core   0: 0x8000bc58 (0x0000bfe5) c.j     pc - 8
core   0: 3 0x8000bc58 (0xbfe5)
core   0: 0x8000bc50 (0x00001f17) auipc   t5, 0x1
core   0: 3 0x8000bc50 (0x00001f17) x30 0x8000cc50
core   0: 0x8000bc54 (0x3a3f2823) sw      gp, 944(t5)
core   0: 3 0x8000bc54 (0x3a3f2823) mem 0x8000d000 0x00000001
core   0: 0x8000bc58 (0x0000bfe5) c.j     pc - 8
core   0: 3 0x8000bc58 (0xbfe5)
core   0: 0x8000bc50 (0x00001f17) auipc   t5, 0x1
core   0: 3 0x8000bc50 (0x00001f17) x30 0x8000cc50
core   0: 0x8000bc54 (0x3a3f2823) sw      gp, 944(t5)
core   0: 3 0x8000bc54 (0x3a3f2823) mem 0x8000d000 0x00000001
core   0: 0x8000bc58 (0x0000bfe5) c.j     pc - 8
core   0: 3 0x8000bc58 (0xbfe5)
core   0: 0x8000bc50 (0x00001f17) auipc   t5, 0x1
core   0: 3 0x8000bc50 (0x00001f17) x30 0x8000cc50
core   0: 0x8000bc54 (0x3a3f2823) sw      gp, 944(t5)
core   0: 3 0x8000bc54 (0x3a3f2823) mem 0x8000d000 0x00000001
core   0: 0x8000bc58 (0x0000bfe5) c.j     pc - 8
core   0: 3 0x8000bc58 (0xbfe5)
core   0: 0x8000bc50 (0x00001f17) auipc   t5, 0x1
core   0: 3 0x8000bc50 (0x00001f17) x30 0x8000cc50
core   0: 0x8000bc54 (0x3a3f2823) sw      gp, 944(t5)
core   0: 3 0x8000bc54 (0x3a3f2823) mem 0x8000d000 0x00000001
core   0: 0x8000bc58 (0x0000bfe5) c.j     pc - 8
core   0: 3 0x8000bc58 (0xbfe5)
core   0: 0x8000bc50 (0x00001f17) auipc   t5, 0x1
core   0: 3 0x8000bc50 (0x00001f17) x30 0x8000cc50
core   0: 0x8000bc54 (0x3a3f2823) sw      gp, 944(t5)
core   0: 3 0x8000bc54 (0x3a3f2823) mem 0x8000d000 0x00000001
core   0: 0x8000bc58 (0x0000bfe5) c.j     pc - 8
core   0: 3 0x8000bc58 (0xbfe5)
core   0: 0x8000bc50 (0x00001f17) auipc   t5, 0x1
core   0: 3 0x8000bc50 (0x00001f17) x30 0x8000cc50
core   0: 0x8000bc54 (0x3a3f2823) sw      gp, 944(t5)
core   0: 3 0x8000bc54 (0x3a3f2823) mem 0x8000d000 0x00000001
core   0: 0x8000bc58 (0x0000bfe5) c.j     pc - 8
core   0: 3 0x8000bc58 (0xbfe5)
core   0: 0x8000bc50 (0x00001f17) auipc   t5, 0x1
core   0: 3 0x8000bc50 (0x00001f17) x30 0x8000cc50
core   0: 0x8000bc54 (0x3a3f2823) sw      gp, 944(t5)
core   0: 3 0x8000bc54 (0x3a3f2823) mem 0x8000d000 0x00000001
core   0: 0x8000bc58 (0x0000bfe5) c.j     pc - 8
core   0: 3 0x8000bc58 (0xbfe5)
core   0: 0x8000bc50 (0x00001f17) auipc   t5, 0x1
core   0: 3 0x8000bc50 (0x00001f17) x30 0x8000cc50
core   0: 0x8000bc54 (0x3a3f2823) sw      gp, 944(t5)
core   0: 3 0x8000bc54 (0x3a3f2823) mem 0x8000d000 0x00000001
core   0: 0x8000bc58 (0x0000bfe5) c.j     pc - 8
core   0: 3 0x8000bc58 (0xbfe5)
core   0: 0x8000bc50 (0x00001f17) auipc   t5, 0x1
core   0: 3 0x8000bc50 (0x00001f17) x30 0x8000cc50
core   0: 0x8000bc54 (0x3a3f2823) sw      gp, 944(t5)
core   0: 3 0x8000bc54 (0x3a3f2823) mem 0x8000d000 0x00000001
core   0: 0x8000bc58 (0x0000bfe5) c.j     pc - 8
core   0: 3 0x8000bc58 (0xbfe5)
core   0: 0x8000bc50 (0x00001f17) auipc   t5, 0x1
core   0: 3 0x8000bc50 (0x00001f17) x30 0x8000cc50
core   0: 0x8000bc54 (0x3a3f2823) sw      gp, 944(t5)
core   0: 3 0x8000bc54 (0x3a3f2823) mem 0x8000d000 0x00000001
core   0: 0x8000bc58 (0x0000bfe5) c.j     pc - 8
core   0: 3 0x8000bc58 (0xbfe5)
core   0: 0x8000bc50 (0x00001f17) auipc   t5, 0x1
core   0: 3 0x8000bc50 (0x00001f17) x30 0x8000cc50
core   0: 0x8000bc54 (0x3a3f2823) sw      gp, 944(t5)
core   0: 3 0x8000bc54 (0x3a3f2823) mem 0x8000d000 0x00000001
core   0: 0x8000bc58 (0x0000bfe5) c.j     pc - 8
core   0: 3 0x8000bc58 (0xbfe5)
core   0: 0x8000bc50 (0x00001f17) auipc   t5, 0x1
core   0: 3 0x8000bc50 (0x00001f17) x30 0x8000cc50
core   0: 0x8000bc54 (0x3a3f2823) sw      gp, 944(t5)
core   0: 3 0x8000bc54 (0x3a3f2823) mem 0x8000d000 0x00000001
core   0: 0x8000bc58 (0x0000bfe5) c.j     pc - 8
core   0: 3 0x8000bc58 (0xbfe5)
core   0: 0x8000bc50 (0x00001f17) auipc   t5, 0x1
core   0: 3 0x8000bc50 (0x00001f17) x30 0x8000cc50
core   0: 0x8000bc54 (0x3a3f2823) sw      gp, 944(t5)
core   0: 3 0x8000bc54 (0x3a3f2823) mem 0x8000d000 0x00000001
core   0: 0x8000bc58 (0x0000bfe5) c.j     pc - 8
core   0: 3 0x8000bc58 (0xbfe5)
core   0: 0x8000bc50 (0x00001f17) auipc   t5, 0x1
core   0: 3 0x8000bc50 (0x00001f17) x30 0x8000cc50
core   0: 0x8000bc54 (0x3a3f2823) sw      gp, 944(t5)
core   0: 3 0x8000bc54 (0x3a3f2823) mem 0x8000d000 0x00000001
core   0: 0x8000bc58 (0x0000bfe5) c.j     pc - 8
core   0: 3 0x8000bc58 (0xbfe5)
core   0: 0x8000bc50 (0x00001f17) auipc   t5, 0x1
core   0: 3 0x8000bc50 (0x00001f17) x30 0x8000cc50
core   0: 0x8000bc54 (0x3a3f2823) sw      gp, 944(t5)
core   0: 3 0x8000bc54 (0x3a3f2823) mem 0x8000d000 0x00000001
core   0: 0x8000bc58 (0x0000bfe5) c.j     pc - 8
core   0: 3 0x8000bc58 (0xbfe5)
core   0: 0x8000bc50 (0x00001f17) auipc   t5, 0x1
core   0: 3 0x8000bc50 (0x00001f17) x30 0x8000cc50
core   0: 0x8000bc54 (0x3a3f2823) sw      gp, 944(t5)
core   0: 3 0x8000bc54 (0x3a3f2823) mem 0x8000d000 0x00000001
core   0: 0x8000bc58 (0x0000bfe5) c.j     pc - 8
core   0: 3 0x8000bc58 (0xbfe5)
core   0: 0x8000bc50 (0x00001f17) auipc   t5, 0x1
core   0: 3 0x8000bc50 (0x00001f17) x30 0x8000cc50
core   0: 0x8000bc54 (0x3a3f2823) sw      gp, 944(t5)
core   0: 3 0x8000bc54 (0x3a3f2823) mem 0x8000d000 0x00000001
core   0: 0x8000bc58 (0x0000bfe5) c.j     pc - 8
core   0: 3 0x8000bc58 (0xbfe5)
core   0: 0x8000bc50 (0x00001f17) auipc   t5, 0x1
core   0: 3 0x8000bc50 (0x00001f17) x30 0x8000cc50
core   0: 0x8000bc54 (0x3a3f2823) sw      gp, 944(t5)
core   0: 3 0x8000bc54 (0x3a3f2823) mem 0x8000d000 0x00000001
core   0: 0x8000bc58 (0x0000bfe5) c.j     pc - 8
core   0: 3 0x8000bc58 (0xbfe5)
core   0: 0x8000bc50 (0x00001f17) auipc   t5, 0x1
core   0: 3 0x8000bc50 (0x00001f17) x30 0x8000cc50
core   0: 0x8000bc54 (0x3a3f2823) sw      gp, 944(t5)
core   0: 3 0x8000bc54 (0x3a3f2823) mem 0x8000d000 0x00000001
core   0: 0x8000bc58 (0x0000bfe5) c.j     pc - 8
core   0: 3 0x8000bc58 (0xbfe5)
core   0: 0x8000bc50 (0x00001f17) auipc   t5, 0x1
core   0: 3 0x8000bc50 (0x00001f17) x30 0x8000cc50
core   0: 0x8000bc54 (0x3a3f2823) sw      gp, 944(t5)
core   0: 3 0x8000bc54 (0x3a3f2823) mem 0x8000d000 0x00000001
core   0: 0x8000bc58 (0x0000bfe5) c.j     pc - 8
core   0: 3 0x8000bc58 (0xbfe5)
core   0: 0x8000bc50 (0x00001f17) auipc   t5, 0x1
core   0: 3 0x8000bc50 (0x00001f17) x30 0x8000cc50
core   0: 0x8000bc54 (0x3a3f2823) sw      gp, 944(t5)
core   0: 3 0x8000bc54 (0x3a3f2823) mem 0x8000d000 0x00000001
core   0: 0x8000bc58 (0x0000bfe5) c.j     pc - 8
core   0: 3 0x8000bc58 (0xbfe5)
core   0: 0x8000bc50 (0x00001f17) auipc   t5, 0x1
core   0: 3 0x8000bc50 (0x00001f17) x30 0x8000cc50
core   0: 0x8000bc54 (0x3a3f2823) sw      gp, 944(t5)
core   0: 3 0x8000bc54 (0x3a3f2823) mem 0x8000d000 0x00000001
core   0: 0x8000bc58 (0x0000bfe5) c.j     pc - 8
core   0: 3 0x8000bc58 (0xbfe5)
core   0: 0x8000bc50 (0x00001f17) auipc   t5, 0x1
core   0: 3 0x8000bc50 (0x00001f17) x30 0x8000cc50
core   0: 0x8000bc54 (0x3a3f2823) sw      gp, 944(t5)
core   0: 3 0x8000bc54 (0x3a3f2823) mem 0x8000d000 0x00000001
core   0: 0x8000bc58 (0x0000bfe5) c.j     pc - 8
core   0: 3 0x8000bc58 (0xbfe5)
core   0: 0x8000bc50 (0x00001f17) auipc   t5, 0x1
core   0: 3 0x8000bc50 (0x00001f17) x30 0x8000cc50
core   0: 0x8000bc54 (0x3a3f2823) sw      gp, 944(t5)
core   0: 3 0x8000bc54 (0x3a3f2823) mem 0x8000d000 0x00000001
core   0: 0x8000bc58 (0x0000bfe5) c.j     pc - 8
core   0: 3 0x8000bc58 (0xbfe5)
core   0: 0x8000bc50 (0x00001f17) auipc   t5, 0x1
core   0: 3 0x8000bc50 (0x00001f17) x30 0x8000cc50
core   0: 0x8000bc54 (0x3a3f2823) sw      gp, 944(t5)
core   0: 3 0x8000bc54 (0x3a3f2823) mem 0x8000d000 0x00000001
core   0: 0x8000bc58 (0x0000bfe5) c.j     pc - 8
core   0: 3 0x8000bc58 (0xbfe5)
core   0: 0x8000bc50 (0x00001f17) auipc   t5, 0x1
core   0: 3 0x8000bc50 (0x00001f17) x30 0x8000cc50
core   0: 0x8000bc54 (0x3a3f2823) sw      gp, 944(t5)
core   0: 3 0x8000bc54 (0x3a3f2823) mem 0x8000d000 0x00000001
core   0: 0x8000bc58 (0x0000bfe5) c.j     pc - 8
core   0: 3 0x8000bc58 (0xbfe5)
core   0: 0x8000bc50 (0x00001f17) auipc   t5, 0x1
core   0: 3 0x8000bc50 (0x00001f17) x30 0x8000cc50
core   0: 0x8000bc54 (0x3a3f2823) sw      gp, 944(t5)
core   0: 3 0x8000bc54 (0x3a3f2823) mem 0x8000d000 0x00000001
core   0: 0x8000bc58 (0x0000bfe5) c.j     pc - 8
core   0: 3 0x8000bc58 (0xbfe5)
core   0: 0x8000bc50 (0x00001f17) auipc   t5, 0x1
core   0: 3 0x8000bc50 (0x00001f17) x30 0x8000cc50
core   0: 0x8000bc54 (0x3a3f2823) sw      gp, 944(t5)
core   0: 3 0x8000bc54 (0x3a3f2823) mem 0x8000d000 0x00000001
core   0: 0x8000bc58 (0x0000bfe5) c.j     pc - 8
core   0: 3 0x8000bc58 (0xbfe5)
core   0: 0x8000bc50 (0x00001f17) auipc   t5, 0x1
core   0: 3 0x8000bc50 (0x00001f17) x30 0x8000cc50
core   0: 0x8000bc54 (0x3a3f2823) sw      gp, 944(t5)
core   0: 3 0x8000bc54 (0x3a3f2823) mem 0x8000d000 0x00000001
core   0: 0x8000bc58 (0x0000bfe5) c.j     pc - 8
core   0: 3 0x8000bc58 (0xbfe5)
core   0: 0x8000bc50 (0x00001f17) auipc   t5, 0x1
core   0: 3 0x8000bc50 (0x00001f17) x30 0x8000cc50
core   0: 0x8000bc54 (0x3a3f2823) sw      gp, 944(t5)
core   0: 3 0x8000bc54 (0x3a3f2823) mem 0x8000d000 0x00000001
core   0: 0x8000bc58 (0x0000bfe5) c.j     pc - 8
core   0: 3 0x8000bc58 (0xbfe5)
core   0: 0x8000bc50 (0x00001f17) auipc   t5, 0x1
core   0: 3 0x8000bc50 (0x00001f17) x30 0x8000cc50
core   0: 0x8000bc54 (0x3a3f2823) sw      gp, 944(t5)
core   0: 3 0x8000bc54 (0x3a3f2823) mem 0x8000d000 0x00000001
core   0: 0x8000bc58 (0x0000bfe5) c.j     pc - 8
core   0: 3 0x8000bc58 (0xbfe5)
core   0: 0x8000bc50 (0x00001f17) auipc   t5, 0x1
core   0: 3 0x8000bc50 (0x00001f17) x30 0x8000cc50
core   0: 0x8000bc54 (0x3a3f2823) sw      gp, 944(t5)
core   0: 3 0x8000bc54 (0x3a3f2823) mem 0x8000d000 0x00000001
core   0: 0x8000bc58 (0x0000bfe5) c.j     pc - 8
core   0: 3 0x8000bc58 (0xbfe5)
core   0: 0x8000bc50 (0x00001f17) auipc   t5, 0x1
core   0: 3 0x8000bc50 (0x00001f17) x30 0x8000cc50
core   0: 0x8000bc54 (0x3a3f2823) sw      gp, 944(t5)
core   0: 3 0x8000bc54 (0x3a3f2823) mem 0x8000d000 0x00000001
core   0: 0x8000bc58 (0x0000bfe5) c.j     pc - 8
core   0: 3 0x8000bc58 (0xbfe5)
core   0: 0x8000bc50 (0x00001f17) auipc   t5, 0x1
core   0: 3 0x8000bc50 (0x00001f17) x30 0x8000cc50
core   0: 0x8000bc54 (0x3a3f2823) sw      gp, 944(t5)
core   0: 3 0x8000bc54 (0x3a3f2823) mem 0x8000d000 0x00000001
core   0: 0x8000bc58 (0x0000bfe5) c.j     pc - 8
core   0: 3 0x8000bc58 (0xbfe5)
core   0: 0x8000bc50 (0x00001f17) auipc   t5, 0x1
core   0: 3 0x8000bc50 (0x00001f17) x30 0x8000cc50
core   0: 0x8000bc54 (0x3a3f2823) sw      gp, 944(t5)
core   0: 3 0x8000bc54 (0x3a3f2823) mem 0x8000d000 0x00000001
core   0: 0x8000bc58 (0x0000bfe5) c.j     pc - 8
core   0: 3 0x8000bc58 (0xbfe5)
core   0: 0x8000bc50 (0x00001f17) auipc   t5, 0x1
core   0: 3 0x8000bc50 (0x00001f17) x30 0x8000cc50
core   0: 0x8000bc54 (0x3a3f2823) sw      gp, 944(t5)
core   0: 3 0x8000bc54 (0x3a3f2823) mem 0x8000d000 0x00000001
core   0: 0x8000bc58 (0x0000bfe5) c.j     pc - 8
core   0: 3 0x8000bc58 (0xbfe5)
core   0: 0x8000bc50 (0x00001f17) auipc   t5, 0x1
core   0: 3 0x8000bc50 (0x00001f17) x30 0x8000cc50
core   0: 0x8000bc54 (0x3a3f2823) sw      gp, 944(t5)
core   0: 3 0x8000bc54 (0x3a3f2823) mem 0x8000d000 0x00000001
core   0: 0x8000bc58 (0x0000bfe5) c.j     pc - 8
core   0: 3 0x8000bc58 (0xbfe5)
core   0: 0x8000bc50 (0x00001f17) auipc   t5, 0x1
core   0: 3 0x8000bc50 (0x00001f17) x30 0x8000cc50
core   0: 0x8000bc54 (0x3a3f2823) sw      gp, 944(t5)
core   0: 3 0x8000bc54 (0x3a3f2823) mem 0x8000d000 0x00000001
core   0: 0x8000bc58 (0x0000bfe5) c.j     pc - 8
core   0: 3 0x8000bc58 (0xbfe5)
core   0: 0x8000bc50 (0x00001f17) auipc   t5, 0x1
core   0: 3 0x8000bc50 (0x00001f17) x30 0x8000cc50
core   0: 0x8000bc54 (0x3a3f2823) sw      gp, 944(t5)
core   0: 3 0x8000bc54 (0x3a3f2823) mem 0x8000d000 0x00000001
core   0: 0x8000bc58 (0x0000bfe5) c.j     pc - 8
core   0: 3 0x8000bc58 (0xbfe5)
core   0: 0x8000bc50 (0x00001f17) auipc   t5, 0x1
core   0: 3 0x8000bc50 (0x00001f17) x30 0x8000cc50
core   0: 0x8000bc54 (0x3a3f2823) sw      gp, 944(t5)
core   0: 3 0x8000bc54 (0x3a3f2823) mem 0x8000d000 0x00000001
core   0: 0x8000bc58 (0x0000bfe5) c.j     pc - 8
core   0: 3 0x8000bc58 (0xbfe5)
core   0: 0x8000bc50 (0x00001f17) auipc   t5, 0x1
core   0: 3 0x8000bc50 (0x00001f17) x30 0x8000cc50
core   0: 0x8000bc54 (0x3a3f2823) sw      gp, 944(t5)
core   0: 3 0x8000bc54 (0x3a3f2823) mem 0x8000d000 0x00000001
core   0: 0x8000bc58 (0x0000bfe5) c.j     pc - 8
core   0: 3 0x8000bc58 (0xbfe5)
core   0: 0x8000bc50 (0x00001f17) auipc   t5, 0x1
core   0: 3 0x8000bc50 (0x00001f17) x30 0x8000cc50
core   0: 0x8000bc54 (0x3a3f2823) sw      gp, 944(t5)
core   0: 3 0x8000bc54 (0x3a3f2823) mem 0x8000d000 0x00000001
core   0: 0x8000bc58 (0x0000bfe5) c.j     pc - 8
core   0: 3 0x8000bc58 (0xbfe5)
core   0: 0x8000bc50 (0x00001f17) auipc   t5, 0x1
core   0: 3 0x8000bc50 (0x00001f17) x30 0x8000cc50
core   0: 0x8000bc54 (0x3a3f2823) sw      gp, 944(t5)
core   0: 3 0x8000bc54 (0x3a3f2823) mem 0x8000d000 0x00000001
core   0: 0x8000bc58 (0x0000bfe5) c.j     pc - 8
core   0: 3 0x8000bc58 (0xbfe5)
core   0: 0x8000bc50 (0x00001f17) auipc   t5, 0x1
core   0: 3 0x8000bc50 (0x00001f17) x30 0x8000cc50
core   0: 0x8000bc54 (0x3a3f2823) sw      gp, 944(t5)
core   0: 3 0x8000bc54 (0x3a3f2823) mem 0x8000d000 0x00000001
core   0: 0x8000bc58 (0x0000bfe5) c.j     pc - 8
core   0: 3 0x8000bc58 (0xbfe5)
core   0: 0x8000bc50 (0x00001f17) auipc   t5, 0x1
core   0: 3 0x8000bc50 (0x00001f17) x30 0x8000cc50
core   0: 0x8000bc54 (0x3a3f2823) sw      gp, 944(t5)
core   0: 3 0x8000bc54 (0x3a3f2823) mem 0x8000d000 0x00000001
core   0: 0x8000bc58 (0x0000bfe5) c.j     pc - 8
core   0: 3 0x8000bc58 (0xbfe5)
core   0: 0x8000bc50 (0x00001f17) auipc   t5, 0x1
core   0: 3 0x8000bc50 (0x00001f17) x30 0x8000cc50
core   0: 0x8000bc54 (0x3a3f2823) sw      gp, 944(t5)
core   0: 3 0x8000bc54 (0x3a3f2823) mem 0x8000d000 0x00000001
core   0: 0x8000bc58 (0x0000bfe5) c.j     pc - 8
core   0: 3 0x8000bc58 (0xbfe5)
core   0: 0x8000bc50 (0x00001f17) auipc   t5, 0x1
core   0: 3 0x8000bc50 (0x00001f17) x30 0x8000cc50
core   0: 0x8000bc54 (0x3a3f2823) sw      gp, 944(t5)
core   0: 3 0x8000bc54 (0x3a3f2823) mem 0x8000d000 0x00000001
core   0: 0x8000bc58 (0x0000bfe5) c.j     pc - 8
core   0: 3 0x8000bc58 (0xbfe5)
core   0: 0x8000bc50 (0x00001f17) auipc   t5, 0x1
core   0: 3 0x8000bc50 (0x00001f17) x30 0x8000cc50
core   0: 0x8000bc54 (0x3a3f2823) sw      gp, 944(t5)
core   0: 3 0x8000bc54 (0x3a3f2823) mem 0x8000d000 0x00000001
core   0: 0x8000bc58 (0x0000bfe5) c.j     pc - 8
core   0: 3 0x8000bc58 (0xbfe5)
core   0: 0x8000bc50 (0x00001f17) auipc   t5, 0x1
core   0: 3 0x8000bc50 (0x00001f17) x30 0x8000cc50
core   0: 0x8000bc54 (0x3a3f2823) sw      gp, 944(t5)
core   0: 3 0x8000bc54 (0x3a3f2823) mem 0x8000d000 0x00000001
core   0: 0x8000bc58 (0x0000bfe5) c.j     pc - 8
core   0: 3 0x8000bc58 (0xbfe5)
core   0: 0x8000bc50 (0x00001f17) auipc   t5, 0x1
core   0: 3 0x8000bc50 (0x00001f17) x30 0x8000cc50
core   0: 0x8000bc54 (0x3a3f2823) sw      gp, 944(t5)
core   0: 3 0x8000bc54 (0x3a3f2823) mem 0x8000d000 0x00000001
core   0: 0x8000bc58 (0x0000bfe5) c.j     pc - 8
core   0: 3 0x8000bc58 (0xbfe5)
core   0: 0x8000bc50 (0x00001f17) auipc   t5, 0x1
core   0: 3 0x8000bc50 (0x00001f17) x30 0x8000cc50
core   0: 0x8000bc54 (0x3a3f2823) sw      gp, 944(t5)
core   0: 3 0x8000bc54 (0x3a3f2823) mem 0x8000d000 0x00000001
core   0: 0x8000bc58 (0x0000bfe5) c.j     pc - 8
core   0: 3 0x8000bc58 (0xbfe5)
core   0: 0x8000bc50 (0x00001f17) auipc   t5, 0x1
core   0: 3 0x8000bc50 (0x00001f17) x30 0x8000cc50
core   0: 0x8000bc54 (0x3a3f2823) sw      gp, 944(t5)
core   0: 3 0x8000bc54 (0x3a3f2823) mem 0x8000d000 0x00000001
core   0: 0x8000bc58 (0x0000bfe5) c.j     pc - 8
core   0: 3 0x8000bc58 (0xbfe5)
core   0: 0x8000bc50 (0x00001f17) auipc   t5, 0x1
core   0: 3 0x8000bc50 (0x00001f17) x30 0x8000cc50
core   0: 0x8000bc54 (0x3a3f2823) sw      gp, 944(t5)
core   0: 3 0x8000bc54 (0x3a3f2823) mem 0x8000d000 0x00000001
core   0: 0x8000bc58 (0x0000bfe5) c.j     pc - 8
core   0: 3 0x8000bc58 (0xbfe5)
core   0: 0x8000bc50 (0x00001f17) auipc   t5, 0x1
core   0: 3 0x8000bc50 (0x00001f17) x30 0x8000cc50
core   0: 0x8000bc54 (0x3a3f2823) sw      gp, 944(t5)
core   0: 3 0x8000bc54 (0x3a3f2823) mem 0x8000d000 0x00000001
core   0: 0x8000bc58 (0x0000bfe5) c.j     pc - 8
core   0: 3 0x8000bc58 (0xbfe5)
core   0: 0x8000bc50 (0x00001f17) auipc   t5, 0x1
core   0: 3 0x8000bc50 (0x00001f17) x30 0x8000cc50
core   0: 0x8000bc54 (0x3a3f2823) sw      gp, 944(t5)
core   0: 3 0x8000bc54 (0x3a3f2823) mem 0x8000d000 0x00000001
core   0: 0x8000bc58 (0x0000bfe5) c.j     pc - 8
core   0: 3 0x8000bc58 (0xbfe5)
core   0: 0x8000bc50 (0x00001f17) auipc   t5, 0x1
core   0: 3 0x8000bc50 (0x00001f17) x30 0x8000cc50
core   0: 0x8000bc54 (0x3a3f2823) sw      gp, 944(t5)
core   0: 3 0x8000bc54 (0x3a3f2823) mem 0x8000d000 0x00000001
core   0: 0x8000bc58 (0x0000bfe5) c.j     pc - 8
core   0: 3 0x8000bc58 (0xbfe5)
core   0: 0x8000bc50 (0x00001f17) auipc   t5, 0x1
core   0: 3 0x8000bc50 (0x00001f17) x30 0x8000cc50
core   0: 0x8000bc54 (0x3a3f2823) sw      gp, 944(t5)
core   0: 3 0x8000bc54 (0x3a3f2823) mem 0x8000d000 0x00000001
core   0: 0x8000bc58 (0x0000bfe5) c.j     pc - 8
core   0: 3 0x8000bc58 (0xbfe5)
core   0: 0x8000bc50 (0x00001f17) auipc   t5, 0x1
core   0: 3 0x8000bc50 (0x00001f17) x30 0x8000cc50
core   0: 0x8000bc54 (0x3a3f2823) sw      gp, 944(t5)
core   0: 3 0x8000bc54 (0x3a3f2823) mem 0x8000d000 0x00000001
core   0: 0x8000bc58 (0x0000bfe5) c.j     pc - 8
core   0: 3 0x8000bc58 (0xbfe5)
core   0: 0x8000bc50 (0x00001f17) auipc   t5, 0x1
core   0: 3 0x8000bc50 (0x00001f17) x30 0x8000cc50
core   0: 0x8000bc54 (0x3a3f2823) sw      gp, 944(t5)
core   0: 3 0x8000bc54 (0x3a3f2823) mem 0x8000d000 0x00000001
core   0: 0x8000bc58 (0x0000bfe5) c.j     pc - 8
core   0: 3 0x8000bc58 (0xbfe5)
core   0: 0x8000bc50 (0x00001f17) auipc   t5, 0x1
core   0: 3 0x8000bc50 (0x00001f17) x30 0x8000cc50
core   0: 0x8000bc54 (0x3a3f2823) sw      gp, 944(t5)
core   0: 3 0x8000bc54 (0x3a3f2823) mem 0x8000d000 0x00000001
core   0: 0x8000bc58 (0x0000bfe5) c.j     pc - 8
core   0: 3 0x8000bc58 (0xbfe5)
core   0: 0x8000bc50 (0x00001f17) auipc   t5, 0x1
core   0: 3 0x8000bc50 (0x00001f17) x30 0x8000cc50
core   0: 0x8000bc54 (0x3a3f2823) sw      gp, 944(t5)
core   0: 3 0x8000bc54 (0x3a3f2823) mem 0x8000d000 0x00000001
core   0: 0x8000bc58 (0x0000bfe5) c.j     pc - 8
core   0: 3 0x8000bc58 (0xbfe5)
core   0: 0x8000bc50 (0x00001f17) auipc   t5, 0x1
core   0: 3 0x8000bc50 (0x00001f17) x30 0x8000cc50
core   0: 0x8000bc54 (0x3a3f2823) sw      gp, 944(t5)
core   0: 3 0x8000bc54 (0x3a3f2823) mem 0x8000d000 0x00000001
core   0: 0x8000bc58 (0x0000bfe5) c.j     pc - 8
core   0: 3 0x8000bc58 (0xbfe5)
core   0: 0x8000bc50 (0x00001f17) auipc   t5, 0x1
core   0: 3 0x8000bc50 (0x00001f17) x30 0x8000cc50
core   0: 0x8000bc54 (0x3a3f2823) sw      gp, 944(t5)
core   0: 3 0x8000bc54 (0x3a3f2823) mem 0x8000d000 0x00000001
core   0: 0x8000bc58 (0x0000bfe5) c.j     pc - 8
core   0: 3 0x8000bc58 (0xbfe5)
core   0: 0x8000bc50 (0x00001f17) auipc   t5, 0x1
core   0: 3 0x8000bc50 (0x00001f17) x30 0x8000cc50
core   0: 0x8000bc54 (0x3a3f2823) sw      gp, 944(t5)
core   0: 3 0x8000bc54 (0x3a3f2823) mem 0x8000d000 0x00000001
core   0: 0x8000bc58 (0x0000bfe5) c.j     pc - 8
core   0: 3 0x8000bc58 (0xbfe5)
core   0: 0x8000bc50 (0x00001f17) auipc   t5, 0x1
core   0: 3 0x8000bc50 (0x00001f17) x30 0x8000cc50
core   0: 0x8000bc54 (0x3a3f2823) sw      gp, 944(t5)
core   0: 3 0x8000bc54 (0x3a3f2823) mem 0x8000d000 0x00000001
core   0: 0x8000bc58 (0x0000bfe5) c.j     pc - 8
core   0: 3 0x8000bc58 (0xbfe5)
core   0: 0x8000bc50 (0x00001f17) auipc   t5, 0x1
core   0: 3 0x8000bc50 (0x00001f17) x30 0x8000cc50
core   0: 0x8000bc54 (0x3a3f2823) sw      gp, 944(t5)
core   0: 3 0x8000bc54 (0x3a3f2823) mem 0x8000d000 0x00000001
core   0: 0x8000bc58 (0x0000bfe5) c.j     pc - 8
core   0: 3 0x8000bc58 (0xbfe5)
core   0: 0x8000bc50 (0x00001f17) auipc   t5, 0x1
core   0: 3 0x8000bc50 (0x00001f17) x30 0x8000cc50
core   0: 0x8000bc54 (0x3a3f2823) sw      gp, 944(t5)
core   0: 3 0x8000bc54 (0x3a3f2823) mem 0x8000d000 0x00000001
core   0: 0x8000bc58 (0x0000bfe5) c.j     pc - 8
core   0: 3 0x8000bc58 (0xbfe5)
core   0: 0x8000bc50 (0x00001f17) auipc   t5, 0x1
core   0: 3 0x8000bc50 (0x00001f17) x30 0x8000cc50
core   0: 0x8000bc54 (0x3a3f2823) sw      gp, 944(t5)
core   0: 3 0x8000bc54 (0x3a3f2823) mem 0x8000d000 0x00000001
core   0: 0x8000bc58 (0x0000bfe5) c.j     pc - 8
core   0: 3 0x8000bc58 (0xbfe5)
core   0: 0x8000bc50 (0x00001f17) auipc   t5, 0x1
core   0: 3 0x8000bc50 (0x00001f17) x30 0x8000cc50
core   0: 0x8000bc54 (0x3a3f2823) sw      gp, 944(t5)
core   0: 3 0x8000bc54 (0x3a3f2823) mem 0x8000d000 0x00000001
core   0: 0x8000bc58 (0x0000bfe5) c.j     pc - 8
core   0: 3 0x8000bc58 (0xbfe5)
core   0: 0x8000bc50 (0x00001f17) auipc   t5, 0x1
core   0: 3 0x8000bc50 (0x00001f17) x30 0x8000cc50
core   0: 0x8000bc54 (0x3a3f2823) sw      gp, 944(t5)
core   0: 3 0x8000bc54 (0x3a3f2823) mem 0x8000d000 0x00000001
core   0: 0x8000bc58 (0x0000bfe5) c.j     pc - 8
core   0: 3 0x8000bc58 (0xbfe5)
core   0: 0x8000bc50 (0x00001f17) auipc   t5, 0x1
core   0: 3 0x8000bc50 (0x00001f17) x30 0x8000cc50
core   0: 0x8000bc54 (0x3a3f2823) sw      gp, 944(t5)
core   0: 3 0x8000bc54 (0x3a3f2823) mem 0x8000d000 0x00000001
core   0: 0x8000bc58 (0x0000bfe5) c.j     pc - 8
core   0: 3 0x8000bc58 (0xbfe5)
core   0: 0x8000bc50 (0x00001f17) auipc   t5, 0x1
core   0: 3 0x8000bc50 (0x00001f17) x30 0x8000cc50
core   0: 0x8000bc54 (0x3a3f2823) sw      gp, 944(t5)
core   0: 3 0x8000bc54 (0x3a3f2823) mem 0x8000d000 0x00000001
core   0: 0x8000bc58 (0x0000bfe5) c.j     pc - 8
core   0: 3 0x8000bc58 (0xbfe5)
core   0: 0x8000bc50 (0x00001f17) auipc   t5, 0x1
core   0: 3 0x8000bc50 (0x00001f17) x30 0x8000cc50
core   0: 0x8000bc54 (0x3a3f2823) sw      gp, 944(t5)
core   0: 3 0x8000bc54 (0x3a3f2823) mem 0x8000d000 0x00000001
core   0: 0x8000bc58 (0x0000bfe5) c.j     pc - 8
core   0: 3 0x8000bc58 (0xbfe5)
core   0: 0x8000bc50 (0x00001f17) auipc   t5, 0x1
core   0: 3 0x8000bc50 (0x00001f17) x30 0x8000cc50
core   0: 0x8000bc54 (0x3a3f2823) sw      gp, 944(t5)
core   0: 3 0x8000bc54 (0x3a3f2823) mem 0x8000d000 0x00000001
core   0: 0x8000bc58 (0x0000bfe5) c.j     pc - 8
core   0: 3 0x8000bc58 (0xbfe5)
core   0: 0x8000bc50 (0x00001f17) auipc   t5, 0x1
core   0: 3 0x8000bc50 (0x00001f17) x30 0x8000cc50
core   0: 0x8000bc54 (0x3a3f2823) sw      gp, 944(t5)
core   0: 3 0x8000bc54 (0x3a3f2823) mem 0x8000d000 0x00000001
core   0: 0x8000bc58 (0x0000bfe5) c.j     pc - 8
core   0: 3 0x8000bc58 (0xbfe5)
core   0: 0x8000bc50 (0x00001f17) auipc   t5, 0x1
core   0: 3 0x8000bc50 (0x00001f17) x30 0x8000cc50
core   0: 0x8000bc54 (0x3a3f2823) sw      gp, 944(t5)
core   0: 3 0x8000bc54 (0x3a3f2823) mem 0x8000d000 0x00000001
core   0: 0x8000bc58 (0x0000bfe5) c.j     pc - 8
core   0: 3 0x8000bc58 (0xbfe5)
core   0: 0x8000bc50 (0x00001f17) auipc   t5, 0x1
core   0: 3 0x8000bc50 (0x00001f17) x30 0x8000cc50
core   0: 0x8000bc54 (0x3a3f2823) sw      gp, 944(t5)
core   0: 3 0x8000bc54 (0x3a3f2823) mem 0x8000d000 0x00000001
core   0: 0x8000bc58 (0x0000bfe5) c.j     pc - 8
core   0: 3 0x8000bc58 (0xbfe5)
core   0: 0x8000bc50 (0x00001f17) auipc   t5, 0x1
core   0: 3 0x8000bc50 (0x00001f17) x30 0x8000cc50
core   0: 0x8000bc54 (0x3a3f2823) sw      gp, 944(t5)
core   0: 3 0x8000bc54 (0x3a3f2823) mem 0x8000d000 0x00000001
core   0: 0x8000bc58 (0x0000bfe5) c.j     pc - 8
core   0: 3 0x8000bc58 (0xbfe5)
core   0: 0x8000bc50 (0x00001f17) auipc   t5, 0x1
core   0: 3 0x8000bc50 (0x00001f17) x30 0x8000cc50
core   0: 0x8000bc54 (0x3a3f2823) sw      gp, 944(t5)
core   0: 3 0x8000bc54 (0x3a3f2823) mem 0x8000d000 0x00000001
core   0: 0x8000bc58 (0x0000bfe5) c.j     pc - 8
core   0: 3 0x8000bc58 (0xbfe5)
core   0: 0x8000bc50 (0x00001f17) auipc   t5, 0x1
core   0: 3 0x8000bc50 (0x00001f17) x30 0x8000cc50
core   0: 0x8000bc54 (0x3a3f2823) sw      gp, 944(t5)
core   0: 3 0x8000bc54 (0x3a3f2823) mem 0x8000d000 0x00000001
core   0: 0x8000bc58 (0x0000bfe5) c.j     pc - 8
core   0: 3 0x8000bc58 (0xbfe5)
core   0: 0x8000bc50 (0x00001f17) auipc   t5, 0x1
core   0: 3 0x8000bc50 (0x00001f17) x30 0x8000cc50
core   0: 0x8000bc54 (0x3a3f2823) sw      gp, 944(t5)
core   0: 3 0x8000bc54 (0x3a3f2823) mem 0x8000d000 0x00000001
core   0: 0x8000bc58 (0x0000bfe5) c.j     pc - 8
core   0: 3 0x8000bc58 (0xbfe5)
core   0: 0x8000bc50 (0x00001f17) auipc   t5, 0x1
core   0: 3 0x8000bc50 (0x00001f17) x30 0x8000cc50
core   0: 0x8000bc54 (0x3a3f2823) sw      gp, 944(t5)
core   0: 3 0x8000bc54 (0x3a3f2823) mem 0x8000d000 0x00000001
core   0: 0x8000bc58 (0x0000bfe5) c.j     pc - 8
core   0: 3 0x8000bc58 (0xbfe5)
core   0: 0x8000bc50 (0x00001f17) auipc   t5, 0x1
core   0: 3 0x8000bc50 (0x00001f17) x30 0x8000cc50
core   0: 0x8000bc54 (0x3a3f2823) sw      gp, 944(t5)
core   0: 3 0x8000bc54 (0x3a3f2823) mem 0x8000d000 0x00000001
core   0: 0x8000bc58 (0x0000bfe5) c.j     pc - 8
core   0: 3 0x8000bc58 (0xbfe5)
core   0: 0x8000bc50 (0x00001f17) auipc   t5, 0x1
core   0: 3 0x8000bc50 (0x00001f17) x30 0x8000cc50
core   0: 0x8000bc54 (0x3a3f2823) sw      gp, 944(t5)
core   0: 3 0x8000bc54 (0x3a3f2823) mem 0x8000d000 0x00000001
core   0: 0x8000bc58 (0x0000bfe5) c.j     pc - 8
core   0: 3 0x8000bc58 (0xbfe5)
core   0: 0x8000bc50 (0x00001f17) auipc   t5, 0x1
core   0: 3 0x8000bc50 (0x00001f17) x30 0x8000cc50
core   0: 0x8000bc54 (0x3a3f2823) sw      gp, 944(t5)
core   0: 3 0x8000bc54 (0x3a3f2823) mem 0x8000d000 0x00000001
core   0: 0x8000bc58 (0x0000bfe5) c.j     pc - 8
core   0: 3 0x8000bc58 (0xbfe5)
core   0: 0x8000bc50 (0x00001f17) auipc   t5, 0x1
core   0: 3 0x8000bc50 (0x00001f17) x30 0x8000cc50
core   0: 0x8000bc54 (0x3a3f2823) sw      gp, 944(t5)
core   0: 3 0x8000bc54 (0x3a3f2823) mem 0x8000d000 0x00000001
core   0: 0x8000bc58 (0x0000bfe5) c.j     pc - 8
core   0: 3 0x8000bc58 (0xbfe5)
core   0: 0x8000bc50 (0x00001f17) auipc   t5, 0x1
core   0: 3 0x8000bc50 (0x00001f17) x30 0x8000cc50
core   0: 0x8000bc54 (0x3a3f2823) sw      gp, 944(t5)
core   0: 3 0x8000bc54 (0x3a3f2823) mem 0x8000d000 0x00000001
core   0: 0x8000bc58 (0x0000bfe5) c.j     pc - 8
core   0: 3 0x8000bc58 (0xbfe5)
core   0: 0x8000bc50 (0x00001f17) auipc   t5, 0x1
core   0: 3 0x8000bc50 (0x00001f17) x30 0x8000cc50
core   0: 0x8000bc54 (0x3a3f2823) sw      gp, 944(t5)
core   0: 3 0x8000bc54 (0x3a3f2823) mem 0x8000d000 0x00000001
core   0: 0x8000bc58 (0x0000bfe5) c.j     pc - 8
core   0: 3 0x8000bc58 (0xbfe5)
core   0: 0x8000bc50 (0x00001f17) auipc   t5, 0x1
core   0: 3 0x8000bc50 (0x00001f17) x30 0x8000cc50
core   0: 0x8000bc54 (0x3a3f2823) sw      gp, 944(t5)
core   0: 3 0x8000bc54 (0x3a3f2823) mem 0x8000d000 0x00000001
core   0: 0x8000bc58 (0x0000bfe5) c.j     pc - 8
core   0: 3 0x8000bc58 (0xbfe5)
core   0: 0x8000bc50 (0x00001f17) auipc   t5, 0x1
core   0: 3 0x8000bc50 (0x00001f17) x30 0x8000cc50
core   0: 0x8000bc54 (0x3a3f2823) sw      gp, 944(t5)
core   0: 3 0x8000bc54 (0x3a3f2823) mem 0x8000d000 0x00000001
core   0: 0x8000bc58 (0x0000bfe5) c.j     pc - 8
core   0: 3 0x8000bc58 (0xbfe5)
core   0: 0x8000bc50 (0x00001f17) auipc   t5, 0x1
core   0: 3 0x8000bc50 (0x00001f17) x30 0x8000cc50
core   0: 0x8000bc54 (0x3a3f2823) sw      gp, 944(t5)
core   0: 3 0x8000bc54 (0x3a3f2823) mem 0x8000d000 0x00000001
core   0: 0x8000bc58 (0x0000bfe5) c.j     pc - 8
core   0: 3 0x8000bc58 (0xbfe5)
core   0: 0x8000bc50 (0x00001f17) auipc   t5, 0x1
core   0: 3 0x8000bc50 (0x00001f17) x30 0x8000cc50
core   0: 0x8000bc54 (0x3a3f2823) sw      gp, 944(t5)
core   0: 3 0x8000bc54 (0x3a3f2823) mem 0x8000d000 0x00000001
core   0: 0x8000bc58 (0x0000bfe5) c.j     pc - 8
core   0: 3 0x8000bc58 (0xbfe5)
core   0: 0x8000bc50 (0x00001f17) auipc   t5, 0x1
core   0: 3 0x8000bc50 (0x00001f17) x30 0x8000cc50
core   0: 0x8000bc54 (0x3a3f2823) sw      gp, 944(t5)
core   0: 3 0x8000bc54 (0x3a3f2823) mem 0x8000d000 0x00000001
core   0: 0x8000bc58 (0x0000bfe5) c.j     pc - 8
core   0: 3 0x8000bc58 (0xbfe5)
core   0: 0x8000bc50 (0x00001f17) auipc   t5, 0x1
core   0: 3 0x8000bc50 (0x00001f17) x30 0x8000cc50
core   0: 0x8000bc54 (0x3a3f2823) sw      gp, 944(t5)
core   0: 3 0x8000bc54 (0x3a3f2823) mem 0x8000d000 0x00000001
core   0: 0x8000bc58 (0x0000bfe5) c.j     pc - 8
core   0: 3 0x8000bc58 (0xbfe5)
core   0: 0x8000bc50 (0x00001f17) auipc   t5, 0x1
core   0: 3 0x8000bc50 (0x00001f17) x30 0x8000cc50
core   0: 0x8000bc54 (0x3a3f2823) sw      gp, 944(t5)
core   0: 3 0x8000bc54 (0x3a3f2823) mem 0x8000d000 0x00000001
core   0: 0x8000bc58 (0x0000bfe5) c.j     pc - 8
core   0: 3 0x8000bc58 (0xbfe5)
core   0: 0x8000bc50 (0x00001f17) auipc   t5, 0x1
core   0: 3 0x8000bc50 (0x00001f17) x30 0x8000cc50
core   0: 0x8000bc54 (0x3a3f2823) sw      gp, 944(t5)
core   0: 3 0x8000bc54 (0x3a3f2823) mem 0x8000d000 0x00000001
core   0: 0x8000bc58 (0x0000bfe5) c.j     pc - 8
core   0: 3 0x8000bc58 (0xbfe5)
core   0: 0x8000bc50 (0x00001f17) auipc   t5, 0x1
core   0: 3 0x8000bc50 (0x00001f17) x30 0x8000cc50
core   0: 0x8000bc54 (0x3a3f2823) sw      gp, 944(t5)
core   0: 3 0x8000bc54 (0x3a3f2823) mem 0x8000d000 0x00000001
core   0: 0x8000bc58 (0x0000bfe5) c.j     pc - 8
core   0: 3 0x8000bc58 (0xbfe5)
core   0: 0x8000bc50 (0x00001f17) auipc   t5, 0x1
core   0: 3 0x8000bc50 (0x00001f17) x30 0x8000cc50
core   0: 0x8000bc54 (0x3a3f2823) sw      gp, 944(t5)
core   0: 3 0x8000bc54 (0x3a3f2823) mem 0x8000d000 0x00000001
core   0: 0x8000bc58 (0x0000bfe5) c.j     pc - 8
core   0: 3 0x8000bc58 (0xbfe5)
core   0: 0x8000bc50 (0x00001f17) auipc   t5, 0x1
core   0: 3 0x8000bc50 (0x00001f17) x30 0x8000cc50
core   0: 0x8000bc54 (0x3a3f2823) sw      gp, 944(t5)
core   0: 3 0x8000bc54 (0x3a3f2823) mem 0x8000d000 0x00000001
core   0: 0x8000bc58 (0x0000bfe5) c.j     pc - 8
core   0: 3 0x8000bc58 (0xbfe5)
core   0: 0x8000bc50 (0x00001f17) auipc   t5, 0x1
core   0: 3 0x8000bc50 (0x00001f17) x30 0x8000cc50
core   0: 0x8000bc54 (0x3a3f2823) sw      gp, 944(t5)
core   0: 3 0x8000bc54 (0x3a3f2823) mem 0x8000d000 0x00000001
core   0: 0x8000bc58 (0x0000bfe5) c.j     pc - 8
core   0: 3 0x8000bc58 (0xbfe5)
core   0: 0x8000bc50 (0x00001f17) auipc   t5, 0x1
core   0: 3 0x8000bc50 (0x00001f17) x30 0x8000cc50
core   0: 0x8000bc54 (0x3a3f2823) sw      gp, 944(t5)
core   0: 3 0x8000bc54 (0x3a3f2823) mem 0x8000d000 0x00000001
core   0: 0x8000bc58 (0x0000bfe5) c.j     pc - 8
core   0: 3 0x8000bc58 (0xbfe5)
core   0: 0x8000bc50 (0x00001f17) auipc   t5, 0x1
core   0: 3 0x8000bc50 (0x00001f17) x30 0x8000cc50
core   0: 0x8000bc54 (0x3a3f2823) sw      gp, 944(t5)
core   0: 3 0x8000bc54 (0x3a3f2823) mem 0x8000d000 0x00000001
core   0: 0x8000bc58 (0x0000bfe5) c.j     pc - 8
core   0: 3 0x8000bc58 (0xbfe5)
core   0: 0x8000bc50 (0x00001f17) auipc   t5, 0x1
core   0: 3 0x8000bc50 (0x00001f17) x30 0x8000cc50
core   0: 0x8000bc54 (0x3a3f2823) sw      gp, 944(t5)
core   0: 3 0x8000bc54 (0x3a3f2823) mem 0x8000d000 0x00000001
core   0: 0x8000bc58 (0x0000bfe5) c.j     pc - 8
core   0: 3 0x8000bc58 (0xbfe5)
core   0: 0x8000bc50 (0x00001f17) auipc   t5, 0x1
core   0: 3 0x8000bc50 (0x00001f17) x30 0x8000cc50
core   0: 0x8000bc54 (0x3a3f2823) sw      gp, 944(t5)
core   0: 3 0x8000bc54 (0x3a3f2823) mem 0x8000d000 0x00000001
core   0: 0x8000bc58 (0x0000bfe5) c.j     pc - 8
core   0: 3 0x8000bc58 (0xbfe5)
core   0: 0x8000bc50 (0x00001f17) auipc   t5, 0x1
core   0: 3 0x8000bc50 (0x00001f17) x30 0x8000cc50
core   0: 0x8000bc54 (0x3a3f2823) sw      gp, 944(t5)
core   0: 3 0x8000bc54 (0x3a3f2823) mem 0x8000d000 0x00000001
core   0: 0x8000bc58 (0x0000bfe5) c.j     pc - 8
core   0: 3 0x8000bc58 (0xbfe5)
core   0: 0x8000bc50 (0x00001f17) auipc   t5, 0x1
core   0: 3 0x8000bc50 (0x00001f17) x30 0x8000cc50
core   0: 0x8000bc54 (0x3a3f2823) sw      gp, 944(t5)
core   0: 3 0x8000bc54 (0x3a3f2823) mem 0x8000d000 0x00000001
core   0: 0x8000bc58 (0x0000bfe5) c.j     pc - 8
core   0: 3 0x8000bc58 (0xbfe5)
core   0: 0x8000bc50 (0x00001f17) auipc   t5, 0x1
core   0: 3 0x8000bc50 (0x00001f17) x30 0x8000cc50
core   0: 0x8000bc54 (0x3a3f2823) sw      gp, 944(t5)
core   0: 3 0x8000bc54 (0x3a3f2823) mem 0x8000d000 0x00000001
core   0: 0x8000bc58 (0x0000bfe5) c.j     pc - 8
core   0: 3 0x8000bc58 (0xbfe5)
core   0: 0x8000bc50 (0x00001f17) auipc   t5, 0x1
core   0: 3 0x8000bc50 (0x00001f17) x30 0x8000cc50
core   0: 0x8000bc54 (0x3a3f2823) sw      gp, 944(t5)
core   0: 3 0x8000bc54 (0x3a3f2823) mem 0x8000d000 0x00000001
core   0: 0x8000bc58 (0x0000bfe5) c.j     pc - 8
core   0: 3 0x8000bc58 (0xbfe5)
core   0: 0x8000bc50 (0x00001f17) auipc   t5, 0x1
core   0: 3 0x8000bc50 (0x00001f17) x30 0x8000cc50
core   0: 0x8000bc54 (0x3a3f2823) sw      gp, 944(t5)
core   0: 3 0x8000bc54 (0x3a3f2823) mem 0x8000d000 0x00000001
core   0: 0x8000bc58 (0x0000bfe5) c.j     pc - 8
core   0: 3 0x8000bc58 (0xbfe5)
core   0: 0x8000bc50 (0x00001f17) auipc   t5, 0x1
core   0: 3 0x8000bc50 (0x00001f17) x30 0x8000cc50
core   0: 0x8000bc54 (0x3a3f2823) sw      gp, 944(t5)
core   0: 3 0x8000bc54 (0x3a3f2823) mem 0x8000d000 0x00000001
core   0: 0x8000bc58 (0x0000bfe5) c.j     pc - 8
core   0: 3 0x8000bc58 (0xbfe5)
core   0: 0x8000bc50 (0x00001f17) auipc   t5, 0x1
core   0: 3 0x8000bc50 (0x00001f17) x30 0x8000cc50
core   0: 0x8000bc54 (0x3a3f2823) sw      gp, 944(t5)
core   0: 3 0x8000bc54 (0x3a3f2823) mem 0x8000d000 0x00000001
core   0: 0x8000bc58 (0x0000bfe5) c.j     pc - 8
core   0: 3 0x8000bc58 (0xbfe5)
core   0: 0x8000bc50 (0x00001f17) auipc   t5, 0x1
core   0: 3 0x8000bc50 (0x00001f17) x30 0x8000cc50
core   0: 0x8000bc54 (0x3a3f2823) sw      gp, 944(t5)
core   0: 3 0x8000bc54 (0x3a3f2823) mem 0x8000d000 0x00000001
core   0: 0x8000bc58 (0x0000bfe5) c.j     pc - 8
core   0: 3 0x8000bc58 (0xbfe5)
core   0: 0x8000bc50 (0x00001f17) auipc   t5, 0x1
core   0: 3 0x8000bc50 (0x00001f17) x30 0x8000cc50
core   0: 0x8000bc54 (0x3a3f2823) sw      gp, 944(t5)
core   0: 3 0x8000bc54 (0x3a3f2823) mem 0x8000d000 0x00000001
core   0: 0x8000bc58 (0x0000bfe5) c.j     pc - 8
core   0: 3 0x8000bc58 (0xbfe5)
core   0: 0x8000bc50 (0x00001f17) auipc   t5, 0x1
core   0: 3 0x8000bc50 (0x00001f17) x30 0x8000cc50
core   0: 0x8000bc54 (0x3a3f2823) sw      gp, 944(t5)
core   0: 3 0x8000bc54 (0x3a3f2823) mem 0x8000d000 0x00000001
core   0: 0x8000bc58 (0x0000bfe5) c.j     pc - 8
core   0: 3 0x8000bc58 (0xbfe5)
core   0: 0x8000bc50 (0x00001f17) auipc   t5, 0x1
core   0: 3 0x8000bc50 (0x00001f17) x30 0x8000cc50
core   0: 0x8000bc54 (0x3a3f2823) sw      gp, 944(t5)
core   0: 3 0x8000bc54 (0x3a3f2823) mem 0x8000d000 0x00000001
core   0: 0x8000bc58 (0x0000bfe5) c.j     pc - 8
core   0: 3 0x8000bc58 (0xbfe5)
core   0: 0x8000bc50 (0x00001f17) auipc   t5, 0x1
core   0: 3 0x8000bc50 (0x00001f17) x30 0x8000cc50
core   0: 0x8000bc54 (0x3a3f2823) sw      gp, 944(t5)
core   0: 3 0x8000bc54 (0x3a3f2823) mem 0x8000d000 0x00000001
core   0: 0x8000bc58 (0x0000bfe5) c.j     pc - 8
core   0: 3 0x8000bc58 (0xbfe5)
core   0: 0x8000bc50 (0x00001f17) auipc   t5, 0x1
core   0: 3 0x8000bc50 (0x00001f17) x30 0x8000cc50
core   0: 0x8000bc54 (0x3a3f2823) sw      gp, 944(t5)
core   0: 3 0x8000bc54 (0x3a3f2823) mem 0x8000d000 0x00000001
core   0: 0x8000bc58 (0x0000bfe5) c.j     pc - 8
core   0: 3 0x8000bc58 (0xbfe5)
core   0: 0x8000bc50 (0x00001f17) auipc   t5, 0x1
core   0: 3 0x8000bc50 (0x00001f17) x30 0x8000cc50
core   0: 0x8000bc54 (0x3a3f2823) sw      gp, 944(t5)
core   0: 3 0x8000bc54 (0x3a3f2823) mem 0x8000d000 0x00000001
core   0: 0x8000bc58 (0x0000bfe5) c.j     pc - 8
core   0: 3 0x8000bc58 (0xbfe5)
core   0: 0x8000bc50 (0x00001f17) auipc   t5, 0x1
core   0: 3 0x8000bc50 (0x00001f17) x30 0x8000cc50
core   0: 0x8000bc54 (0x3a3f2823) sw      gp, 944(t5)
core   0: 3 0x8000bc54 (0x3a3f2823) mem 0x8000d000 0x00000001
core   0: 0x8000bc58 (0x0000bfe5) c.j     pc - 8
core   0: 3 0x8000bc58 (0xbfe5)
core   0: 0x8000bc50 (0x00001f17) auipc   t5, 0x1
core   0: 3 0x8000bc50 (0x00001f17) x30 0x8000cc50
core   0: 0x8000bc54 (0x3a3f2823) sw      gp, 944(t5)
core   0: 3 0x8000bc54 (0x3a3f2823) mem 0x8000d000 0x00000001
core   0: 0x8000bc58 (0x0000bfe5) c.j     pc - 8
core   0: 3 0x8000bc58 (0xbfe5)
core   0: 0x8000bc50 (0x00001f17) auipc   t5, 0x1
core   0: 3 0x8000bc50 (0x00001f17) x30 0x8000cc50
core   0: 0x8000bc54 (0x3a3f2823) sw      gp, 944(t5)
core   0: 3 0x8000bc54 (0x3a3f2823) mem 0x8000d000 0x00000001
core   0: 0x8000bc58 (0x0000bfe5) c.j     pc - 8
core   0: 3 0x8000bc58 (0xbfe5)
core   0: 0x8000bc50 (0x00001f17) auipc   t5, 0x1
core   0: 3 0x8000bc50 (0x00001f17) x30 0x8000cc50
core   0: 0x8000bc54 (0x3a3f2823) sw      gp, 944(t5)
core   0: 3 0x8000bc54 (0x3a3f2823) mem 0x8000d000 0x00000001
core   0: 0x8000bc58 (0x0000bfe5) c.j     pc - 8
core   0: 3 0x8000bc58 (0xbfe5)
core   0: 0x8000bc50 (0x00001f17) auipc   t5, 0x1
core   0: 3 0x8000bc50 (0x00001f17) x30 0x8000cc50
core   0: 0x8000bc54 (0x3a3f2823) sw      gp, 944(t5)
core   0: 3 0x8000bc54 (0x3a3f2823) mem 0x8000d000 0x00000001
core   0: 0x8000bc58 (0x0000bfe5) c.j     pc - 8
core   0: 3 0x8000bc58 (0xbfe5)
core   0: 0x8000bc50 (0x00001f17) auipc   t5, 0x1
core   0: 3 0x8000bc50 (0x00001f17) x30 0x8000cc50
core   0: 0x8000bc54 (0x3a3f2823) sw      gp, 944(t5)
core   0: 3 0x8000bc54 (0x3a3f2823) mem 0x8000d000 0x00000001
core   0: 0x8000bc58 (0x0000bfe5) c.j     pc - 8
core   0: 3 0x8000bc58 (0xbfe5)
core   0: 0x8000bc50 (0x00001f17) auipc   t5, 0x1
core   0: 3 0x8000bc50 (0x00001f17) x30 0x8000cc50
core   0: 0x8000bc54 (0x3a3f2823) sw      gp, 944(t5)
core   0: 3 0x8000bc54 (0x3a3f2823) mem 0x8000d000 0x00000001
core   0: 0x8000bc58 (0x0000bfe5) c.j     pc - 8
core   0: 3 0x8000bc58 (0xbfe5)
core   0: 0x8000bc50 (0x00001f17) auipc   t5, 0x1
core   0: 3 0x8000bc50 (0x00001f17) x30 0x8000cc50
core   0: 0x8000bc54 (0x3a3f2823) sw      gp, 944(t5)
core   0: 3 0x8000bc54 (0x3a3f2823) mem 0x8000d000 0x00000001
core   0: 0x8000bc58 (0x0000bfe5) c.j     pc - 8
core   0: 3 0x8000bc58 (0xbfe5)
core   0: 0x8000bc50 (0x00001f17) auipc   t5, 0x1
core   0: 3 0x8000bc50 (0x00001f17) x30 0x8000cc50
core   0: 0x8000bc54 (0x3a3f2823) sw      gp, 944(t5)
core   0: 3 0x8000bc54 (0x3a3f2823) mem 0x8000d000 0x00000001
core   0: 0x8000bc58 (0x0000bfe5) c.j     pc - 8
core   0: 3 0x8000bc58 (0xbfe5)
core   0: 0x8000bc50 (0x00001f17) auipc   t5, 0x1
core   0: 3 0x8000bc50 (0x00001f17) x30 0x8000cc50
core   0: 0x8000bc54 (0x3a3f2823) sw      gp, 944(t5)
core   0: 3 0x8000bc54 (0x3a3f2823) mem 0x8000d000 0x00000001
core   0: 0x8000bc58 (0x0000bfe5) c.j     pc - 8
core   0: 3 0x8000bc58 (0xbfe5)
core   0: 0x8000bc50 (0x00001f17) auipc   t5, 0x1
core   0: 3 0x8000bc50 (0x00001f17) x30 0x8000cc50
core   0: 0x8000bc54 (0x3a3f2823) sw      gp, 944(t5)
core   0: 3 0x8000bc54 (0x3a3f2823) mem 0x8000d000 0x00000001
core   0: 0x8000bc58 (0x0000bfe5) c.j     pc - 8
core   0: 3 0x8000bc58 (0xbfe5)
core   0: 0x8000bc50 (0x00001f17) auipc   t5, 0x1
core   0: 3 0x8000bc50 (0x00001f17) x30 0x8000cc50
core   0: 0x8000bc54 (0x3a3f2823) sw      gp, 944(t5)
core   0: 3 0x8000bc54 (0x3a3f2823) mem 0x8000d000 0x00000001
core   0: 0x8000bc58 (0x0000bfe5) c.j     pc - 8
core   0: 3 0x8000bc58 (0xbfe5)
core   0: 0x8000bc50 (0x00001f17) auipc   t5, 0x1
core   0: 3 0x8000bc50 (0x00001f17) x30 0x8000cc50
core   0: 0x8000bc54 (0x3a3f2823) sw      gp, 944(t5)
core   0: 3 0x8000bc54 (0x3a3f2823) mem 0x8000d000 0x00000001
core   0: 0x8000bc58 (0x0000bfe5) c.j     pc - 8
core   0: 3 0x8000bc58 (0xbfe5)
core   0: 0x8000bc50 (0x00001f17) auipc   t5, 0x1
core   0: 3 0x8000bc50 (0x00001f17) x30 0x8000cc50
core   0: 0x8000bc54 (0x3a3f2823) sw      gp, 944(t5)
core   0: 3 0x8000bc54 (0x3a3f2823) mem 0x8000d000 0x00000001
core   0: 0x8000bc58 (0x0000bfe5) c.j     pc - 8
core   0: 3 0x8000bc58 (0xbfe5)
core   0: 0x8000bc50 (0x00001f17) auipc   t5, 0x1
core   0: 3 0x8000bc50 (0x00001f17) x30 0x8000cc50
core   0: 0x8000bc54 (0x3a3f2823) sw      gp, 944(t5)
core   0: 3 0x8000bc54 (0x3a3f2823) mem 0x8000d000 0x00000001
core   0: 0x8000bc58 (0x0000bfe5) c.j     pc - 8
core   0: 3 0x8000bc58 (0xbfe5)
core   0: 0x8000bc50 (0x00001f17) auipc   t5, 0x1
core   0: 3 0x8000bc50 (0x00001f17) x30 0x8000cc50
core   0: 0x8000bc54 (0x3a3f2823) sw      gp, 944(t5)
core   0: 3 0x8000bc54 (0x3a3f2823) mem 0x8000d000 0x00000001
core   0: 0x8000bc58 (0x0000bfe5) c.j     pc - 8
core   0: 3 0x8000bc58 (0xbfe5)
core   0: 0x8000bc50 (0x00001f17) auipc   t5, 0x1
core   0: 3 0x8000bc50 (0x00001f17) x30 0x8000cc50
core   0: 0x8000bc54 (0x3a3f2823) sw      gp, 944(t5)
core   0: 3 0x8000bc54 (0x3a3f2823) mem 0x8000d000 0x00000001
core   0: 0x8000bc58 (0x0000bfe5) c.j     pc - 8
core   0: 3 0x8000bc58 (0xbfe5)
core   0: 0x8000bc50 (0x00001f17) auipc   t5, 0x1
core   0: 3 0x8000bc50 (0x00001f17) x30 0x8000cc50
core   0: 0x8000bc54 (0x3a3f2823) sw      gp, 944(t5)
core   0: 3 0x8000bc54 (0x3a3f2823) mem 0x8000d000 0x00000001
core   0: 0x8000bc58 (0x0000bfe5) c.j     pc - 8
core   0: 3 0x8000bc58 (0xbfe5)
core   0: 0x8000bc50 (0x00001f17) auipc   t5, 0x1
core   0: 3 0x8000bc50 (0x00001f17) x30 0x8000cc50
core   0: 0x8000bc54 (0x3a3f2823) sw      gp, 944(t5)
core   0: 3 0x8000bc54 (0x3a3f2823) mem 0x8000d000 0x00000001
core   0: 0x8000bc58 (0x0000bfe5) c.j     pc - 8
core   0: 3 0x8000bc58 (0xbfe5)
core   0: 0x8000bc50 (0x00001f17) auipc   t5, 0x1
core   0: 3 0x8000bc50 (0x00001f17) x30 0x8000cc50
core   0: 0x8000bc54 (0x3a3f2823) sw      gp, 944(t5)
core   0: 3 0x8000bc54 (0x3a3f2823) mem 0x8000d000 0x00000001
core   0: 0x8000bc58 (0x0000bfe5) c.j     pc - 8
core   0: 3 0x8000bc58 (0xbfe5)
core   0: 0x8000bc50 (0x00001f17) auipc   t5, 0x1
core   0: 3 0x8000bc50 (0x00001f17) x30 0x8000cc50
core   0: 0x8000bc54 (0x3a3f2823) sw      gp, 944(t5)
core   0: 3 0x8000bc54 (0x3a3f2823) mem 0x8000d000 0x00000001
core   0: 0x8000bc58 (0x0000bfe5) c.j     pc - 8
core   0: 3 0x8000bc58 (0xbfe5)
core   0: 0x8000bc50 (0x00001f17) auipc   t5, 0x1
core   0: 3 0x8000bc50 (0x00001f17) x30 0x8000cc50
core   0: 0x8000bc54 (0x3a3f2823) sw      gp, 944(t5)
core   0: 3 0x8000bc54 (0x3a3f2823) mem 0x8000d000 0x00000001
core   0: 0x8000bc58 (0x0000bfe5) c.j     pc - 8
core   0: 3 0x8000bc58 (0xbfe5)
core   0: 0x8000bc50 (0x00001f17) auipc   t5, 0x1
core   0: 3 0x8000bc50 (0x00001f17) x30 0x8000cc50
core   0: 0x8000bc54 (0x3a3f2823) sw      gp, 944(t5)
core   0: 3 0x8000bc54 (0x3a3f2823) mem 0x8000d000 0x00000001
core   0: 0x8000bc58 (0x0000bfe5) c.j     pc - 8
core   0: 3 0x8000bc58 (0xbfe5)
core   0: 0x8000bc50 (0x00001f17) auipc   t5, 0x1
core   0: 3 0x8000bc50 (0x00001f17) x30 0x8000cc50
core   0: 0x8000bc54 (0x3a3f2823) sw      gp, 944(t5)
core   0: 3 0x8000bc54 (0x3a3f2823) mem 0x8000d000 0x00000001
core   0: 0x8000bc58 (0x0000bfe5) c.j     pc - 8
core   0: 3 0x8000bc58 (0xbfe5)
core   0: 0x8000bc50 (0x00001f17) auipc   t5, 0x1
core   0: 3 0x8000bc50 (0x00001f17) x30 0x8000cc50
core   0: 0x8000bc54 (0x3a3f2823) sw      gp, 944(t5)
core   0: 3 0x8000bc54 (0x3a3f2823) mem 0x8000d000 0x00000001
core   0: 0x8000bc58 (0x0000bfe5) c.j     pc - 8
core   0: 3 0x8000bc58 (0xbfe5)
core   0: 0x8000bc50 (0x00001f17) auipc   t5, 0x1
core   0: 3 0x8000bc50 (0x00001f17) x30 0x8000cc50
core   0: 0x8000bc54 (0x3a3f2823) sw      gp, 944(t5)
core   0: 3 0x8000bc54 (0x3a3f2823) mem 0x8000d000 0x00000001
core   0: 0x8000bc58 (0x0000bfe5) c.j     pc - 8
core   0: 3 0x8000bc58 (0xbfe5)
core   0: 0x8000bc50 (0x00001f17) auipc   t5, 0x1
core   0: 3 0x8000bc50 (0x00001f17) x30 0x8000cc50
core   0: 0x8000bc54 (0x3a3f2823) sw      gp, 944(t5)
core   0: 3 0x8000bc54 (0x3a3f2823) mem 0x8000d000 0x00000001
core   0: 0x8000bc58 (0x0000bfe5) c.j     pc - 8
core   0: 3 0x8000bc58 (0xbfe5)
core   0: 0x8000bc50 (0x00001f17) auipc   t5, 0x1
core   0: 3 0x8000bc50 (0x00001f17) x30 0x8000cc50
core   0: 0x8000bc54 (0x3a3f2823) sw      gp, 944(t5)
core   0: 3 0x8000bc54 (0x3a3f2823) mem 0x8000d000 0x00000001
core   0: 0x8000bc58 (0x0000bfe5) c.j     pc - 8
core   0: 3 0x8000bc58 (0xbfe5)
core   0: 0x8000bc50 (0x00001f17) auipc   t5, 0x1
core   0: 3 0x8000bc50 (0x00001f17) x30 0x8000cc50
core   0: 0x8000bc54 (0x3a3f2823) sw      gp, 944(t5)
core   0: 3 0x8000bc54 (0x3a3f2823) mem 0x8000d000 0x00000001
core   0: 0x8000bc58 (0x0000bfe5) c.j     pc - 8
core   0: 3 0x8000bc58 (0xbfe5)
core   0: 0x8000bc50 (0x00001f17) auipc   t5, 0x1
core   0: 3 0x8000bc50 (0x00001f17) x30 0x8000cc50
core   0: 0x8000bc54 (0x3a3f2823) sw      gp, 944(t5)
core   0: 3 0x8000bc54 (0x3a3f2823) mem 0x8000d000 0x00000001
core   0: 0x8000bc58 (0x0000bfe5) c.j     pc - 8
core   0: 3 0x8000bc58 (0xbfe5)
core   0: 0x8000bc50 (0x00001f17) auipc   t5, 0x1
core   0: 3 0x8000bc50 (0x00001f17) x30 0x8000cc50
core   0: 0x8000bc54 (0x3a3f2823) sw      gp, 944(t5)
core   0: 3 0x8000bc54 (0x3a3f2823) mem 0x8000d000 0x00000001
core   0: 0x8000bc58 (0x0000bfe5) c.j     pc - 8
core   0: 3 0x8000bc58 (0xbfe5)
core   0: 0x8000bc50 (0x00001f17) auipc   t5, 0x1
core   0: 3 0x8000bc50 (0x00001f17) x30 0x8000cc50
core   0: 0x8000bc54 (0x3a3f2823) sw      gp, 944(t5)
core   0: 3 0x8000bc54 (0x3a3f2823) mem 0x8000d000 0x00000001
core   0: 0x8000bc58 (0x0000bfe5) c.j     pc - 8
core   0: 3 0x8000bc58 (0xbfe5)
core   0: 0x8000bc50 (0x00001f17) auipc   t5, 0x1
core   0: 3 0x8000bc50 (0x00001f17) x30 0x8000cc50
core   0: 0x8000bc54 (0x3a3f2823) sw      gp, 944(t5)
core   0: 3 0x8000bc54 (0x3a3f2823) mem 0x8000d000 0x00000001
core   0: 0x8000bc58 (0x0000bfe5) c.j     pc - 8
core   0: 3 0x8000bc58 (0xbfe5)
core   0: 0x8000bc50 (0x00001f17) auipc   t5, 0x1
core   0: 3 0x8000bc50 (0x00001f17) x30 0x8000cc50
core   0: 0x8000bc54 (0x3a3f2823) sw      gp, 944(t5)
core   0: 3 0x8000bc54 (0x3a3f2823) mem 0x8000d000 0x00000001
core   0: 0x8000bc58 (0x0000bfe5) c.j     pc - 8
core   0: 3 0x8000bc58 (0xbfe5)
core   0: 0x8000bc50 (0x00001f17) auipc   t5, 0x1
core   0: 3 0x8000bc50 (0x00001f17) x30 0x8000cc50
core   0: 0x8000bc54 (0x3a3f2823) sw      gp, 944(t5)
core   0: 3 0x8000bc54 (0x3a3f2823) mem 0x8000d000 0x00000001
core   0: 0x8000bc58 (0x0000bfe5) c.j     pc - 8
core   0: 3 0x8000bc58 (0xbfe5)
core   0: 0x8000bc50 (0x00001f17) auipc   t5, 0x1
core   0: 3 0x8000bc50 (0x00001f17) x30 0x8000cc50
core   0: 0x8000bc54 (0x3a3f2823) sw      gp, 944(t5)
core   0: 3 0x8000bc54 (0x3a3f2823) mem 0x8000d000 0x00000001
core   0: 0x8000bc58 (0x0000bfe5) c.j     pc - 8
core   0: 3 0x8000bc58 (0xbfe5)
core   0: 0x8000bc50 (0x00001f17) auipc   t5, 0x1
core   0: 3 0x8000bc50 (0x00001f17) x30 0x8000cc50
core   0: 0x8000bc54 (0x3a3f2823) sw      gp, 944(t5)
core   0: 3 0x8000bc54 (0x3a3f2823) mem 0x8000d000 0x00000001
core   0: 0x8000bc58 (0x0000bfe5) c.j     pc - 8
core   0: 3 0x8000bc58 (0xbfe5)
core   0: 0x8000bc50 (0x00001f17) auipc   t5, 0x1
core   0: 3 0x8000bc50 (0x00001f17) x30 0x8000cc50
core   0: 0x8000bc54 (0x3a3f2823) sw      gp, 944(t5)
core   0: 3 0x8000bc54 (0x3a3f2823) mem 0x8000d000 0x00000001
core   0: 0x8000bc58 (0x0000bfe5) c.j     pc - 8
core   0: 3 0x8000bc58 (0xbfe5)
core   0: 0x8000bc50 (0x00001f17) auipc   t5, 0x1
core   0: 3 0x8000bc50 (0x00001f17) x30 0x8000cc50
core   0: 0x8000bc54 (0x3a3f2823) sw      gp, 944(t5)
core   0: 3 0x8000bc54 (0x3a3f2823) mem 0x8000d000 0x00000001
core   0: 0x8000bc58 (0x0000bfe5) c.j     pc - 8
core   0: 3 0x8000bc58 (0xbfe5)
core   0: 0x8000bc50 (0x00001f17) auipc   t5, 0x1
core   0: 3 0x8000bc50 (0x00001f17) x30 0x8000cc50
core   0: 0x8000bc54 (0x3a3f2823) sw      gp, 944(t5)
core   0: 3 0x8000bc54 (0x3a3f2823) mem 0x8000d000 0x00000001
core   0: 0x8000bc58 (0x0000bfe5) c.j     pc - 8
core   0: 3 0x8000bc58 (0xbfe5)
core   0: 0x8000bc50 (0x00001f17) auipc   t5, 0x1
core   0: 3 0x8000bc50 (0x00001f17) x30 0x8000cc50
core   0: 0x8000bc54 (0x3a3f2823) sw      gp, 944(t5)
core   0: 3 0x8000bc54 (0x3a3f2823) mem 0x8000d000 0x00000001
core   0: 0x8000bc58 (0x0000bfe5) c.j     pc - 8
core   0: 3 0x8000bc58 (0xbfe5)
core   0: 0x8000bc50 (0x00001f17) auipc   t5, 0x1
core   0: 3 0x8000bc50 (0x00001f17) x30 0x8000cc50
core   0: 0x8000bc54 (0x3a3f2823) sw      gp, 944(t5)
core   0: 3 0x8000bc54 (0x3a3f2823) mem 0x8000d000 0x00000001
core   0: 0x8000bc58 (0x0000bfe5) c.j     pc - 8
core   0: 3 0x8000bc58 (0xbfe5)
core   0: 0x8000bc50 (0x00001f17) auipc   t5, 0x1
core   0: 3 0x8000bc50 (0x00001f17) x30 0x8000cc50
core   0: 0x8000bc54 (0x3a3f2823) sw      gp, 944(t5)
core   0: 3 0x8000bc54 (0x3a3f2823) mem 0x8000d000 0x00000001
core   0: 0x8000bc58 (0x0000bfe5) c.j     pc - 8
core   0: 3 0x8000bc58 (0xbfe5)
core   0: 0x8000bc50 (0x00001f17) auipc   t5, 0x1
core   0: 3 0x8000bc50 (0x00001f17) x30 0x8000cc50
core   0: 0x8000bc54 (0x3a3f2823) sw      gp, 944(t5)
core   0: 3 0x8000bc54 (0x3a3f2823) mem 0x8000d000 0x00000001
core   0: 0x8000bc58 (0x0000bfe5) c.j     pc - 8
core   0: 3 0x8000bc58 (0xbfe5)
core   0: 0x8000bc50 (0x00001f17) auipc   t5, 0x1
core   0: 3 0x8000bc50 (0x00001f17) x30 0x8000cc50
core   0: 0x8000bc54 (0x3a3f2823) sw      gp, 944(t5)
core   0: 3 0x8000bc54 (0x3a3f2823) mem 0x8000d000 0x00000001
core   0: 0x8000bc58 (0x0000bfe5) c.j     pc - 8
core   0: 3 0x8000bc58 (0xbfe5)
core   0: 0x8000bc50 (0x00001f17) auipc   t5, 0x1
core   0: 3 0x8000bc50 (0x00001f17) x30 0x8000cc50
core   0: 0x8000bc54 (0x3a3f2823) sw      gp, 944(t5)
core   0: 3 0x8000bc54 (0x3a3f2823) mem 0x8000d000 0x00000001
core   0: 0x8000bc58 (0x0000bfe5) c.j     pc - 8
core   0: 3 0x8000bc58 (0xbfe5)
core   0: 0x8000bc50 (0x00001f17) auipc   t5, 0x1
core   0: 3 0x8000bc50 (0x00001f17) x30 0x8000cc50
core   0: 0x8000bc54 (0x3a3f2823) sw      gp, 944(t5)
core   0: 3 0x8000bc54 (0x3a3f2823) mem 0x8000d000 0x00000001
core   0: 0x8000bc58 (0x0000bfe5) c.j     pc - 8
core   0: 3 0x8000bc58 (0xbfe5)
core   0: 0x8000bc50 (0x00001f17) auipc   t5, 0x1
core   0: 3 0x8000bc50 (0x00001f17) x30 0x8000cc50
core   0: 0x8000bc54 (0x3a3f2823) sw      gp, 944(t5)
core   0: 3 0x8000bc54 (0x3a3f2823) mem 0x8000d000 0x00000001
core   0: 0x8000bc58 (0x0000bfe5) c.j     pc - 8
core   0: 3 0x8000bc58 (0xbfe5)
core   0: 0x8000bc50 (0x00001f17) auipc   t5, 0x1
core   0: 3 0x8000bc50 (0x00001f17) x30 0x8000cc50
core   0: 0x8000bc54 (0x3a3f2823) sw      gp, 944(t5)
core   0: 3 0x8000bc54 (0x3a3f2823) mem 0x8000d000 0x00000001
core   0: 0x8000bc58 (0x0000bfe5) c.j     pc - 8
core   0: 3 0x8000bc58 (0xbfe5)
core   0: 0x8000bc50 (0x00001f17) auipc   t5, 0x1
core   0: 3 0x8000bc50 (0x00001f17) x30 0x8000cc50
core   0: 0x8000bc54 (0x3a3f2823) sw      gp, 944(t5)
core   0: 3 0x8000bc54 (0x3a3f2823) mem 0x8000d000 0x00000001
core   0: 0x8000bc58 (0x0000bfe5) c.j     pc - 8
core   0: 3 0x8000bc58 (0xbfe5)
core   0: 0x8000bc50 (0x00001f17) auipc   t5, 0x1
core   0: 3 0x8000bc50 (0x00001f17) x30 0x8000cc50
core   0: 0x8000bc54 (0x3a3f2823) sw      gp, 944(t5)
core   0: 3 0x8000bc54 (0x3a3f2823) mem 0x8000d000 0x00000001
core   0: 0x8000bc58 (0x0000bfe5) c.j     pc - 8
core   0: 3 0x8000bc58 (0xbfe5)
core   0: 0x8000bc50 (0x00001f17) auipc   t5, 0x1
core   0: 3 0x8000bc50 (0x00001f17) x30 0x8000cc50
core   0: 0x8000bc54 (0x3a3f2823) sw      gp, 944(t5)
core   0: 3 0x8000bc54 (0x3a3f2823) mem 0x8000d000 0x00000001
core   0: 0x8000bc58 (0x0000bfe5) c.j     pc - 8
core   0: 3 0x8000bc58 (0xbfe5)
core   0: 0x8000bc50 (0x00001f17) auipc   t5, 0x1
core   0: 3 0x8000bc50 (0x00001f17) x30 0x8000cc50
core   0: 0x8000bc54 (0x3a3f2823) sw      gp, 944(t5)
core   0: 3 0x8000bc54 (0x3a3f2823) mem 0x8000d000 0x00000001
core   0: 0x8000bc58 (0x0000bfe5) c.j     pc - 8
core   0: 3 0x8000bc58 (0xbfe5)
core   0: 0x8000bc50 (0x00001f17) auipc   t5, 0x1
core   0: 3 0x8000bc50 (0x00001f17) x30 0x8000cc50
core   0: 0x8000bc54 (0x3a3f2823) sw      gp, 944(t5)
core   0: 3 0x8000bc54 (0x3a3f2823) mem 0x8000d000 0x00000001
core   0: 0x8000bc58 (0x0000bfe5) c.j     pc - 8
core   0: 3 0x8000bc58 (0xbfe5)
core   0: 0x8000bc50 (0x00001f17) auipc   t5, 0x1
core   0: 3 0x8000bc50 (0x00001f17) x30 0x8000cc50
core   0: 0x8000bc54 (0x3a3f2823) sw      gp, 944(t5)
core   0: 3 0x8000bc54 (0x3a3f2823) mem 0x8000d000 0x00000001
core   0: 0x8000bc58 (0x0000bfe5) c.j     pc - 8
core   0: 3 0x8000bc58 (0xbfe5)
core   0: 0x8000bc50 (0x00001f17) auipc   t5, 0x1
core   0: 3 0x8000bc50 (0x00001f17) x30 0x8000cc50
core   0: 0x8000bc54 (0x3a3f2823) sw      gp, 944(t5)
core   0: 3 0x8000bc54 (0x3a3f2823) mem 0x8000d000 0x00000001
core   0: 0x8000bc58 (0x0000bfe5) c.j     pc - 8
core   0: 3 0x8000bc58 (0xbfe5)
core   0: 0x8000bc50 (0x00001f17) auipc   t5, 0x1
core   0: 3 0x8000bc50 (0x00001f17) x30 0x8000cc50
core   0: 0x8000bc54 (0x3a3f2823) sw      gp, 944(t5)
core   0: 3 0x8000bc54 (0x3a3f2823) mem 0x8000d000 0x00000001
core   0: 0x8000bc58 (0x0000bfe5) c.j     pc - 8
core   0: 3 0x8000bc58 (0xbfe5)
core   0: 0x8000bc50 (0x00001f17) auipc   t5, 0x1
core   0: 3 0x8000bc50 (0x00001f17) x30 0x8000cc50
core   0: 0x8000bc54 (0x3a3f2823) sw      gp, 944(t5)
core   0: 3 0x8000bc54 (0x3a3f2823) mem 0x8000d000 0x00000001
core   0: 0x8000bc58 (0x0000bfe5) c.j     pc - 8
core   0: 3 0x8000bc58 (0xbfe5)
core   0: 0x8000bc50 (0x00001f17) auipc   t5, 0x1
core   0: 3 0x8000bc50 (0x00001f17) x30 0x8000cc50
core   0: 0x8000bc54 (0x3a3f2823) sw      gp, 944(t5)
core   0: 3 0x8000bc54 (0x3a3f2823) mem 0x8000d000 0x00000001
core   0: 0x8000bc58 (0x0000bfe5) c.j     pc - 8
core   0: 3 0x8000bc58 (0xbfe5)
core   0: 0x8000bc50 (0x00001f17) auipc   t5, 0x1
core   0: 3 0x8000bc50 (0x00001f17) x30 0x8000cc50
core   0: 0x8000bc54 (0x3a3f2823) sw      gp, 944(t5)
core   0: 3 0x8000bc54 (0x3a3f2823) mem 0x8000d000 0x00000001
core   0: 0x8000bc58 (0x0000bfe5) c.j     pc - 8
core   0: 3 0x8000bc58 (0xbfe5)
core   0: 0x8000bc50 (0x00001f17) auipc   t5, 0x1
core   0: 3 0x8000bc50 (0x00001f17) x30 0x8000cc50
core   0: 0x8000bc54 (0x3a3f2823) sw      gp, 944(t5)
core   0: 3 0x8000bc54 (0x3a3f2823) mem 0x8000d000 0x00000001
core   0: 0x8000bc58 (0x0000bfe5) c.j     pc - 8
core   0: 3 0x8000bc58 (0xbfe5)
core   0: 0x8000bc50 (0x00001f17) auipc   t5, 0x1
core   0: 3 0x8000bc50 (0x00001f17) x30 0x8000cc50
core   0: 0x8000bc54 (0x3a3f2823) sw      gp, 944(t5)
core   0: 3 0x8000bc54 (0x3a3f2823) mem 0x8000d000 0x00000001
core   0: 0x8000bc58 (0x0000bfe5) c.j     pc - 8
core   0: 3 0x8000bc58 (0xbfe5)
core   0: 0x8000bc50 (0x00001f17) auipc   t5, 0x1
core   0: 3 0x8000bc50 (0x00001f17) x30 0x8000cc50
core   0: 0x8000bc54 (0x3a3f2823) sw      gp, 944(t5)
core   0: 3 0x8000bc54 (0x3a3f2823) mem 0x8000d000 0x00000001
core   0: 0x8000bc58 (0x0000bfe5) c.j     pc - 8
core   0: 3 0x8000bc58 (0xbfe5)
core   0: 0x8000bc50 (0x00001f17) auipc   t5, 0x1
core   0: 3 0x8000bc50 (0x00001f17) x30 0x8000cc50
core   0: 0x8000bc54 (0x3a3f2823) sw      gp, 944(t5)
core   0: 3 0x8000bc54 (0x3a3f2823) mem 0x8000d000 0x00000001
core   0: 0x8000bc58 (0x0000bfe5) c.j     pc - 8
core   0: 3 0x8000bc58 (0xbfe5)
core   0: 0x8000bc50 (0x00001f17) auipc   t5, 0x1
core   0: 3 0x8000bc50 (0x00001f17) x30 0x8000cc50
core   0: 0x8000bc54 (0x3a3f2823) sw      gp, 944(t5)
core   0: 3 0x8000bc54 (0x3a3f2823) mem 0x8000d000 0x00000001
core   0: 0x8000bc58 (0x0000bfe5) c.j     pc - 8
core   0: 3 0x8000bc58 (0xbfe5)
core   0: 0x8000bc50 (0x00001f17) auipc   t5, 0x1
core   0: 3 0x8000bc50 (0x00001f17) x30 0x8000cc50
core   0: 0x8000bc54 (0x3a3f2823) sw      gp, 944(t5)
core   0: 3 0x8000bc54 (0x3a3f2823) mem 0x8000d000 0x00000001
core   0: 0x8000bc58 (0x0000bfe5) c.j     pc - 8
core   0: 3 0x8000bc58 (0xbfe5)
core   0: 0x8000bc50 (0x00001f17) auipc   t5, 0x1
core   0: 3 0x8000bc50 (0x00001f17) x30 0x8000cc50
core   0: 0x8000bc54 (0x3a3f2823) sw      gp, 944(t5)
core   0: 3 0x8000bc54 (0x3a3f2823) mem 0x8000d000 0x00000001
core   0: 0x8000bc58 (0x0000bfe5) c.j     pc - 8
core   0: 3 0x8000bc58 (0xbfe5)
core   0: 0x8000bc50 (0x00001f17) auipc   t5, 0x1
core   0: 3 0x8000bc50 (0x00001f17) x30 0x8000cc50
core   0: 0x8000bc54 (0x3a3f2823) sw      gp, 944(t5)
core   0: 3 0x8000bc54 (0x3a3f2823) mem 0x8000d000 0x00000001
core   0: 0x8000bc58 (0x0000bfe5) c.j     pc - 8
core   0: 3 0x8000bc58 (0xbfe5)
core   0: 0x8000bc50 (0x00001f17) auipc   t5, 0x1
core   0: 3 0x8000bc50 (0x00001f17) x30 0x8000cc50
core   0: 0x8000bc54 (0x3a3f2823) sw      gp, 944(t5)
core   0: 3 0x8000bc54 (0x3a3f2823) mem 0x8000d000 0x00000001
core   0: 0x8000bc58 (0x0000bfe5) c.j     pc - 8
core   0: 3 0x8000bc58 (0xbfe5)
core   0: 0x8000bc50 (0x00001f17) auipc   t5, 0x1
core   0: 3 0x8000bc50 (0x00001f17) x30 0x8000cc50
core   0: 0x8000bc54 (0x3a3f2823) sw      gp, 944(t5)
core   0: 3 0x8000bc54 (0x3a3f2823) mem 0x8000d000 0x00000001
core   0: 0x8000bc58 (0x0000bfe5) c.j     pc - 8
core   0: 3 0x8000bc58 (0xbfe5)
core   0: 0x8000bc50 (0x00001f17) auipc   t5, 0x1
core   0: 3 0x8000bc50 (0x00001f17) x30 0x8000cc50
core   0: 0x8000bc54 (0x3a3f2823) sw      gp, 944(t5)
core   0: 3 0x8000bc54 (0x3a3f2823) mem 0x8000d000 0x00000001
core   0: 0x8000bc58 (0x0000bfe5) c.j     pc - 8
core   0: 3 0x8000bc58 (0xbfe5)
core   0: 0x8000bc50 (0x00001f17) auipc   t5, 0x1
core   0: 3 0x8000bc50 (0x00001f17) x30 0x8000cc50
core   0: 0x8000bc54 (0x3a3f2823) sw      gp, 944(t5)
core   0: 3 0x8000bc54 (0x3a3f2823) mem 0x8000d000 0x00000001
core   0: 0x8000bc58 (0x0000bfe5) c.j     pc - 8
core   0: 3 0x8000bc58 (0xbfe5)
core   0: 0x8000bc50 (0x00001f17) auipc   t5, 0x1
core   0: 3 0x8000bc50 (0x00001f17) x30 0x8000cc50
core   0: 0x8000bc54 (0x3a3f2823) sw      gp, 944(t5)
core   0: 3 0x8000bc54 (0x3a3f2823) mem 0x8000d000 0x00000001
core   0: 0x8000bc58 (0x0000bfe5) c.j     pc - 8
core   0: 3 0x8000bc58 (0xbfe5)
core   0: 0x8000bc50 (0x00001f17) auipc   t5, 0x1
core   0: 3 0x8000bc50 (0x00001f17) x30 0x8000cc50
core   0: 0x8000bc54 (0x3a3f2823) sw      gp, 944(t5)
core   0: 3 0x8000bc54 (0x3a3f2823) mem 0x8000d000 0x00000001
core   0: 0x8000bc58 (0x0000bfe5) c.j     pc - 8
core   0: 3 0x8000bc58 (0xbfe5)
core   0: 0x8000bc50 (0x00001f17) auipc   t5, 0x1
core   0: 3 0x8000bc50 (0x00001f17) x30 0x8000cc50
core   0: 0x8000bc54 (0x3a3f2823) sw      gp, 944(t5)
core   0: 3 0x8000bc54 (0x3a3f2823) mem 0x8000d000 0x00000001
core   0: 0x8000bc58 (0x0000bfe5) c.j     pc - 8
core   0: 3 0x8000bc58 (0xbfe5)
core   0: 0x8000bc50 (0x00001f17) auipc   t5, 0x1
core   0: 3 0x8000bc50 (0x00001f17) x30 0x8000cc50
core   0: 0x8000bc54 (0x3a3f2823) sw      gp, 944(t5)
core   0: 3 0x8000bc54 (0x3a3f2823) mem 0x8000d000 0x00000001
core   0: 0x8000bc58 (0x0000bfe5) c.j     pc - 8
core   0: 3 0x8000bc58 (0xbfe5)
core   0: 0x8000bc50 (0x00001f17) auipc   t5, 0x1
core   0: 3 0x8000bc50 (0x00001f17) x30 0x8000cc50
core   0: 0x8000bc54 (0x3a3f2823) sw      gp, 944(t5)
core   0: 3 0x8000bc54 (0x3a3f2823) mem 0x8000d000 0x00000001
core   0: 0x8000bc58 (0x0000bfe5) c.j     pc - 8
core   0: 3 0x8000bc58 (0xbfe5)
core   0: 0x8000bc50 (0x00001f17) auipc   t5, 0x1
core   0: 3 0x8000bc50 (0x00001f17) x30 0x8000cc50
core   0: 0x8000bc54 (0x3a3f2823) sw      gp, 944(t5)
core   0: 3 0x8000bc54 (0x3a3f2823) mem 0x8000d000 0x00000001
core   0: 0x8000bc58 (0x0000bfe5) c.j     pc - 8
core   0: 3 0x8000bc58 (0xbfe5)
core   0: 0x8000bc50 (0x00001f17) auipc   t5, 0x1
core   0: 3 0x8000bc50 (0x00001f17) x30 0x8000cc50
core   0: 0x8000bc54 (0x3a3f2823) sw      gp, 944(t5)
core   0: 3 0x8000bc54 (0x3a3f2823) mem 0x8000d000 0x00000001
core   0: 0x8000bc58 (0x0000bfe5) c.j     pc - 8
core   0: 3 0x8000bc58 (0xbfe5)
core   0: 0x8000bc50 (0x00001f17) auipc   t5, 0x1
core   0: 3 0x8000bc50 (0x00001f17) x30 0x8000cc50
core   0: 0x8000bc54 (0x3a3f2823) sw      gp, 944(t5)
core   0: 3 0x8000bc54 (0x3a3f2823) mem 0x8000d000 0x00000001
core   0: 0x8000bc58 (0x0000bfe5) c.j     pc - 8
core   0: 3 0x8000bc58 (0xbfe5)
core   0: 0x8000bc50 (0x00001f17) auipc   t5, 0x1
core   0: 3 0x8000bc50 (0x00001f17) x30 0x8000cc50
core   0: 0x8000bc54 (0x3a3f2823) sw      gp, 944(t5)
core   0: 3 0x8000bc54 (0x3a3f2823) mem 0x8000d000 0x00000001
core   0: 0x8000bc58 (0x0000bfe5) c.j     pc - 8
core   0: 3 0x8000bc58 (0xbfe5)
core   0: 0x8000bc50 (0x00001f17) auipc   t5, 0x1
core   0: 3 0x8000bc50 (0x00001f17) x30 0x8000cc50
core   0: 0x8000bc54 (0x3a3f2823) sw      gp, 944(t5)
core   0: 3 0x8000bc54 (0x3a3f2823) mem 0x8000d000 0x00000001
core   0: 0x8000bc58 (0x0000bfe5) c.j     pc - 8
core   0: 3 0x8000bc58 (0xbfe5)
core   0: 0x8000bc50 (0x00001f17) auipc   t5, 0x1
core   0: 3 0x8000bc50 (0x00001f17) x30 0x8000cc50
core   0: 0x8000bc54 (0x3a3f2823) sw      gp, 944(t5)
core   0: 3 0x8000bc54 (0x3a3f2823) mem 0x8000d000 0x00000001
core   0: 0x8000bc58 (0x0000bfe5) c.j     pc - 8
core   0: 3 0x8000bc58 (0xbfe5)
core   0: 0x8000bc50 (0x00001f17) auipc   t5, 0x1
core   0: 3 0x8000bc50 (0x00001f17) x30 0x8000cc50
core   0: 0x8000bc54 (0x3a3f2823) sw      gp, 944(t5)
core   0: 3 0x8000bc54 (0x3a3f2823) mem 0x8000d000 0x00000001
core   0: 0x8000bc58 (0x0000bfe5) c.j     pc - 8
core   0: 3 0x8000bc58 (0xbfe5)
core   0: 0x8000bc50 (0x00001f17) auipc   t5, 0x1
core   0: 3 0x8000bc50 (0x00001f17) x30 0x8000cc50
core   0: 0x8000bc54 (0x3a3f2823) sw      gp, 944(t5)
core   0: 3 0x8000bc54 (0x3a3f2823) mem 0x8000d000 0x00000001
core   0: 0x8000bc58 (0x0000bfe5) c.j     pc - 8
core   0: 3 0x8000bc58 (0xbfe5)
core   0: 0x8000bc50 (0x00001f17) auipc   t5, 0x1
core   0: 3 0x8000bc50 (0x00001f17) x30 0x8000cc50
core   0: 0x8000bc54 (0x3a3f2823) sw      gp, 944(t5)
core   0: 3 0x8000bc54 (0x3a3f2823) mem 0x8000d000 0x00000001
core   0: 0x8000bc58 (0x0000bfe5) c.j     pc - 8
core   0: 3 0x8000bc58 (0xbfe5)
core   0: 0x8000bc50 (0x00001f17) auipc   t5, 0x1
core   0: 3 0x8000bc50 (0x00001f17) x30 0x8000cc50
core   0: 0x8000bc54 (0x3a3f2823) sw      gp, 944(t5)
core   0: 3 0x8000bc54 (0x3a3f2823) mem 0x8000d000 0x00000001
core   0: 0x8000bc58 (0x0000bfe5) c.j     pc - 8
core   0: 3 0x8000bc58 (0xbfe5)
core   0: 0x8000bc50 (0x00001f17) auipc   t5, 0x1
core   0: 3 0x8000bc50 (0x00001f17) x30 0x8000cc50
core   0: 0x8000bc54 (0x3a3f2823) sw      gp, 944(t5)
core   0: 3 0x8000bc54 (0x3a3f2823) mem 0x8000d000 0x00000001
core   0: 0x8000bc58 (0x0000bfe5) c.j     pc - 8
core   0: 3 0x8000bc58 (0xbfe5)
core   0: 0x8000bc50 (0x00001f17) auipc   t5, 0x1
core   0: 3 0x8000bc50 (0x00001f17) x30 0x8000cc50
core   0: 0x8000bc54 (0x3a3f2823) sw      gp, 944(t5)
core   0: 3 0x8000bc54 (0x3a3f2823) mem 0x8000d000 0x00000001
core   0: 0x8000bc58 (0x0000bfe5) c.j     pc - 8
core   0: 3 0x8000bc58 (0xbfe5)
core   0: 0x8000bc50 (0x00001f17) auipc   t5, 0x1
core   0: 3 0x8000bc50 (0x00001f17) x30 0x8000cc50
core   0: 0x8000bc54 (0x3a3f2823) sw      gp, 944(t5)
core   0: 3 0x8000bc54 (0x3a3f2823) mem 0x8000d000 0x00000001
core   0: 0x8000bc58 (0x0000bfe5) c.j     pc - 8
core   0: 3 0x8000bc58 (0xbfe5)
core   0: 0x8000bc50 (0x00001f17) auipc   t5, 0x1
core   0: 3 0x8000bc50 (0x00001f17) x30 0x8000cc50
core   0: 0x8000bc54 (0x3a3f2823) sw      gp, 944(t5)
core   0: 3 0x8000bc54 (0x3a3f2823) mem 0x8000d000 0x00000001
core   0: 0x8000bc58 (0x0000bfe5) c.j     pc - 8
core   0: 3 0x8000bc58 (0xbfe5)
core   0: 0x8000bc50 (0x00001f17) auipc   t5, 0x1
core   0: 3 0x8000bc50 (0x00001f17) x30 0x8000cc50
core   0: 0x8000bc54 (0x3a3f2823) sw      gp, 944(t5)
core   0: 3 0x8000bc54 (0x3a3f2823) mem 0x8000d000 0x00000001
core   0: 0x8000bc58 (0x0000bfe5) c.j     pc - 8
core   0: 3 0x8000bc58 (0xbfe5)
core   0: 0x8000bc50 (0x00001f17) auipc   t5, 0x1
core   0: 3 0x8000bc50 (0x00001f17) x30 0x8000cc50
core   0: 0x8000bc54 (0x3a3f2823) sw      gp, 944(t5)
core   0: 3 0x8000bc54 (0x3a3f2823) mem 0x8000d000 0x00000001
core   0: 0x8000bc58 (0x0000bfe5) c.j     pc - 8
core   0: 3 0x8000bc58 (0xbfe5)
core   0: 0x8000bc50 (0x00001f17) auipc   t5, 0x1
core   0: 3 0x8000bc50 (0x00001f17) x30 0x8000cc50
core   0: 0x8000bc54 (0x3a3f2823) sw      gp, 944(t5)
core   0: 3 0x8000bc54 (0x3a3f2823) mem 0x8000d000 0x00000001
core   0: 0x8000bc58 (0x0000bfe5) c.j     pc - 8
core   0: 3 0x8000bc58 (0xbfe5)
core   0: 0x8000bc50 (0x00001f17) auipc   t5, 0x1
core   0: 3 0x8000bc50 (0x00001f17) x30 0x8000cc50
core   0: 0x8000bc54 (0x3a3f2823) sw      gp, 944(t5)
core   0: 3 0x8000bc54 (0x3a3f2823) mem 0x8000d000 0x00000001
core   0: 0x8000bc58 (0x0000bfe5) c.j     pc - 8
core   0: 3 0x8000bc58 (0xbfe5)
core   0: 0x8000bc50 (0x00001f17) auipc   t5, 0x1
core   0: 3 0x8000bc50 (0x00001f17) x30 0x8000cc50
core   0: 0x8000bc54 (0x3a3f2823) sw      gp, 944(t5)
core   0: 3 0x8000bc54 (0x3a3f2823) mem 0x8000d000 0x00000001
core   0: 0x8000bc58 (0x0000bfe5) c.j     pc - 8
core   0: 3 0x8000bc58 (0xbfe5)
core   0: 0x8000bc50 (0x00001f17) auipc   t5, 0x1
core   0: 3 0x8000bc50 (0x00001f17) x30 0x8000cc50
core   0: 0x8000bc54 (0x3a3f2823) sw      gp, 944(t5)
core   0: 3 0x8000bc54 (0x3a3f2823) mem 0x8000d000 0x00000001
core   0: 0x8000bc58 (0x0000bfe5) c.j     pc - 8
core   0: 3 0x8000bc58 (0xbfe5)
core   0: 0x8000bc50 (0x00001f17) auipc   t5, 0x1
core   0: 3 0x8000bc50 (0x00001f17) x30 0x8000cc50
core   0: 0x8000bc54 (0x3a3f2823) sw      gp, 944(t5)
core   0: 3 0x8000bc54 (0x3a3f2823) mem 0x8000d000 0x00000001
core   0: 0x8000bc58 (0x0000bfe5) c.j     pc - 8
core   0: 3 0x8000bc58 (0xbfe5)
core   0: 0x8000bc50 (0x00001f17) auipc   t5, 0x1
core   0: 3 0x8000bc50 (0x00001f17) x30 0x8000cc50
core   0: 0x8000bc54 (0x3a3f2823) sw      gp, 944(t5)
core   0: 3 0x8000bc54 (0x3a3f2823) mem 0x8000d000 0x00000001
core   0: 0x8000bc58 (0x0000bfe5) c.j     pc - 8
core   0: 3 0x8000bc58 (0xbfe5)
core   0: 0x8000bc50 (0x00001f17) auipc   t5, 0x1
core   0: 3 0x8000bc50 (0x00001f17) x30 0x8000cc50
core   0: 0x8000bc54 (0x3a3f2823) sw      gp, 944(t5)
core   0: 3 0x8000bc54 (0x3a3f2823) mem 0x8000d000 0x00000001
core   0: 0x8000bc58 (0x0000bfe5) c.j     pc - 8
core   0: 3 0x8000bc58 (0xbfe5)
core   0: 0x8000bc50 (0x00001f17) auipc   t5, 0x1
core   0: 3 0x8000bc50 (0x00001f17) x30 0x8000cc50
core   0: 0x8000bc54 (0x3a3f2823) sw      gp, 944(t5)
core   0: 3 0x8000bc54 (0x3a3f2823) mem 0x8000d000 0x00000001
core   0: 0x8000bc58 (0x0000bfe5) c.j     pc - 8
core   0: 3 0x8000bc58 (0xbfe5)
core   0: 0x8000bc50 (0x00001f17) auipc   t5, 0x1
core   0: 3 0x8000bc50 (0x00001f17) x30 0x8000cc50
core   0: 0x8000bc54 (0x3a3f2823) sw      gp, 944(t5)
core   0: 3 0x8000bc54 (0x3a3f2823) mem 0x8000d000 0x00000001
core   0: 0x8000bc58 (0x0000bfe5) c.j     pc - 8
core   0: 3 0x8000bc58 (0xbfe5)
core   0: 0x8000bc50 (0x00001f17) auipc   t5, 0x1
core   0: 3 0x8000bc50 (0x00001f17) x30 0x8000cc50
core   0: 0x8000bc54 (0x3a3f2823) sw      gp, 944(t5)
core   0: 3 0x8000bc54 (0x3a3f2823) mem 0x8000d000 0x00000001
core   0: 0x8000bc58 (0x0000bfe5) c.j     pc - 8
core   0: 3 0x8000bc58 (0xbfe5)
core   0: 0x8000bc50 (0x00001f17) auipc   t5, 0x1
core   0: 3 0x8000bc50 (0x00001f17) x30 0x8000cc50
core   0: 0x8000bc54 (0x3a3f2823) sw      gp, 944(t5)
core   0: 3 0x8000bc54 (0x3a3f2823) mem 0x8000d000 0x00000001
core   0: 0x8000bc58 (0x0000bfe5) c.j     pc - 8
core   0: 3 0x8000bc58 (0xbfe5)
core   0: 0x8000bc50 (0x00001f17) auipc   t5, 0x1
core   0: 3 0x8000bc50 (0x00001f17) x30 0x8000cc50
core   0: 0x8000bc54 (0x3a3f2823) sw      gp, 944(t5)
core   0: 3 0x8000bc54 (0x3a3f2823) mem 0x8000d000 0x00000001
core   0: 0x8000bc58 (0x0000bfe5) c.j     pc - 8
core   0: 3 0x8000bc58 (0xbfe5)
core   0: 0x8000bc50 (0x00001f17) auipc   t5, 0x1
core   0: 3 0x8000bc50 (0x00001f17) x30 0x8000cc50
core   0: 0x8000bc54 (0x3a3f2823) sw      gp, 944(t5)
core   0: 3 0x8000bc54 (0x3a3f2823) mem 0x8000d000 0x00000001
core   0: 0x8000bc58 (0x0000bfe5) c.j     pc - 8
core   0: 3 0x8000bc58 (0xbfe5)
core   0: 0x8000bc50 (0x00001f17) auipc   t5, 0x1
core   0: 3 0x8000bc50 (0x00001f17) x30 0x8000cc50
core   0: 0x8000bc54 (0x3a3f2823) sw      gp, 944(t5)
core   0: 3 0x8000bc54 (0x3a3f2823) mem 0x8000d000 0x00000001
core   0: 0x8000bc58 (0x0000bfe5) c.j     pc - 8
core   0: 3 0x8000bc58 (0xbfe5)
core   0: 0x8000bc50 (0x00001f17) auipc   t5, 0x1
core   0: 3 0x8000bc50 (0x00001f17) x30 0x8000cc50
core   0: 0x8000bc54 (0x3a3f2823) sw      gp, 944(t5)
core   0: 3 0x8000bc54 (0x3a3f2823) mem 0x8000d000 0x00000001
core   0: 0x8000bc58 (0x0000bfe5) c.j     pc - 8
core   0: 3 0x8000bc58 (0xbfe5)
core   0: 0x8000bc50 (0x00001f17) auipc   t5, 0x1
core   0: 3 0x8000bc50 (0x00001f17) x30 0x8000cc50
core   0: 0x8000bc54 (0x3a3f2823) sw      gp, 944(t5)
core   0: 3 0x8000bc54 (0x3a3f2823) mem 0x8000d000 0x00000001
core   0: 0x8000bc58 (0x0000bfe5) c.j     pc - 8
core   0: 3 0x8000bc58 (0xbfe5)
core   0: 0x8000bc50 (0x00001f17) auipc   t5, 0x1
core   0: 3 0x8000bc50 (0x00001f17) x30 0x8000cc50
core   0: 0x8000bc54 (0x3a3f2823) sw      gp, 944(t5)
core   0: 3 0x8000bc54 (0x3a3f2823) mem 0x8000d000 0x00000001
core   0: 0x8000bc58 (0x0000bfe5) c.j     pc - 8
core   0: 3 0x8000bc58 (0xbfe5)
core   0: 0x8000bc50 (0x00001f17) auipc   t5, 0x1
core   0: 3 0x8000bc50 (0x00001f17) x30 0x8000cc50
core   0: 0x8000bc54 (0x3a3f2823) sw      gp, 944(t5)
core   0: 3 0x8000bc54 (0x3a3f2823) mem 0x8000d000 0x00000001
core   0: 0x8000bc58 (0x0000bfe5) c.j     pc - 8
core   0: 3 0x8000bc58 (0xbfe5)
core   0: 0x8000bc50 (0x00001f17) auipc   t5, 0x1
core   0: 3 0x8000bc50 (0x00001f17) x30 0x8000cc50
core   0: 0x8000bc54 (0x3a3f2823) sw      gp, 944(t5)
core   0: 3 0x8000bc54 (0x3a3f2823) mem 0x8000d000 0x00000001
core   0: 0x8000bc58 (0x0000bfe5) c.j     pc - 8
core   0: 3 0x8000bc58 (0xbfe5)
core   0: 0x8000bc50 (0x00001f17) auipc   t5, 0x1
core   0: 3 0x8000bc50 (0x00001f17) x30 0x8000cc50
core   0: 0x8000bc54 (0x3a3f2823) sw      gp, 944(t5)
core   0: 3 0x8000bc54 (0x3a3f2823) mem 0x8000d000 0x00000001
core   0: 0x8000bc58 (0x0000bfe5) c.j     pc - 8
core   0: 3 0x8000bc58 (0xbfe5)
core   0: 0x8000bc50 (0x00001f17) auipc   t5, 0x1
core   0: 3 0x8000bc50 (0x00001f17) x30 0x8000cc50
core   0: 0x8000bc54 (0x3a3f2823) sw      gp, 944(t5)
core   0: 3 0x8000bc54 (0x3a3f2823) mem 0x8000d000 0x00000001
core   0: 0x8000bc58 (0x0000bfe5) c.j     pc - 8
core   0: 3 0x8000bc58 (0xbfe5)
core   0: 0x8000bc50 (0x00001f17) auipc   t5, 0x1
core   0: 3 0x8000bc50 (0x00001f17) x30 0x8000cc50
core   0: 0x8000bc54 (0x3a3f2823) sw      gp, 944(t5)
core   0: 3 0x8000bc54 (0x3a3f2823) mem 0x8000d000 0x00000001
core   0: 0x8000bc58 (0x0000bfe5) c.j     pc - 8
core   0: 3 0x8000bc58 (0xbfe5)
core   0: 0x8000bc50 (0x00001f17) auipc   t5, 0x1
core   0: 3 0x8000bc50 (0x00001f17) x30 0x8000cc50
core   0: 0x8000bc54 (0x3a3f2823) sw      gp, 944(t5)
core   0: 3 0x8000bc54 (0x3a3f2823) mem 0x8000d000 0x00000001
core   0: 0x8000bc58 (0x0000bfe5) c.j     pc - 8
core   0: 3 0x8000bc58 (0xbfe5)
core   0: 0x8000bc50 (0x00001f17) auipc   t5, 0x1
core   0: 3 0x8000bc50 (0x00001f17) x30 0x8000cc50
core   0: 0x8000bc54 (0x3a3f2823) sw      gp, 944(t5)
core   0: 3 0x8000bc54 (0x3a3f2823) mem 0x8000d000 0x00000001
core   0: 0x8000bc58 (0x0000bfe5) c.j     pc - 8
core   0: 3 0x8000bc58 (0xbfe5)
core   0: 0x8000bc50 (0x00001f17) auipc   t5, 0x1
core   0: 3 0x8000bc50 (0x00001f17) x30 0x8000cc50
core   0: 0x8000bc54 (0x3a3f2823) sw      gp, 944(t5)
core   0: 3 0x8000bc54 (0x3a3f2823) mem 0x8000d000 0x00000001
core   0: 0x8000bc58 (0x0000bfe5) c.j     pc - 8
core   0: 3 0x8000bc58 (0xbfe5)
core   0: 0x8000bc50 (0x00001f17) auipc   t5, 0x1
core   0: 3 0x8000bc50 (0x00001f17) x30 0x8000cc50
core   0: 0x8000bc54 (0x3a3f2823) sw      gp, 944(t5)
core   0: 3 0x8000bc54 (0x3a3f2823) mem 0x8000d000 0x00000001
core   0: 0x8000bc58 (0x0000bfe5) c.j     pc - 8
core   0: 3 0x8000bc58 (0xbfe5)
core   0: 0x8000bc50 (0x00001f17) auipc   t5, 0x1
core   0: 3 0x8000bc50 (0x00001f17) x30 0x8000cc50
core   0: 0x8000bc54 (0x3a3f2823) sw      gp, 944(t5)
core   0: 3 0x8000bc54 (0x3a3f2823) mem 0x8000d000 0x00000001
core   0: 0x8000bc58 (0x0000bfe5) c.j     pc - 8
core   0: 3 0x8000bc58 (0xbfe5)
core   0: 0x8000bc50 (0x00001f17) auipc   t5, 0x1
core   0: 3 0x8000bc50 (0x00001f17) x30 0x8000cc50
core   0: 0x8000bc54 (0x3a3f2823) sw      gp, 944(t5)
core   0: 3 0x8000bc54 (0x3a3f2823) mem 0x8000d000 0x00000001
core   0: 0x8000bc58 (0x0000bfe5) c.j     pc - 8
core   0: 3 0x8000bc58 (0xbfe5)
core   0: 0x8000bc50 (0x00001f17) auipc   t5, 0x1
core   0: 3 0x8000bc50 (0x00001f17) x30 0x8000cc50
core   0: 0x8000bc54 (0x3a3f2823) sw      gp, 944(t5)
core   0: 3 0x8000bc54 (0x3a3f2823) mem 0x8000d000 0x00000001
core   0: 0x8000bc58 (0x0000bfe5) c.j     pc - 8
core   0: 3 0x8000bc58 (0xbfe5)
core   0: 0x8000bc50 (0x00001f17) auipc   t5, 0x1
core   0: 3 0x8000bc50 (0x00001f17) x30 0x8000cc50
core   0: 0x8000bc54 (0x3a3f2823) sw      gp, 944(t5)
core   0: 3 0x8000bc54 (0x3a3f2823) mem 0x8000d000 0x00000001
core   0: 0x8000bc58 (0x0000bfe5) c.j     pc - 8
core   0: 3 0x8000bc58 (0xbfe5)
core   0: 0x8000bc50 (0x00001f17) auipc   t5, 0x1
core   0: 3 0x8000bc50 (0x00001f17) x30 0x8000cc50
core   0: 0x8000bc54 (0x3a3f2823) sw      gp, 944(t5)
core   0: 3 0x8000bc54 (0x3a3f2823) mem 0x8000d000 0x00000001
core   0: 0x8000bc58 (0x0000bfe5) c.j     pc - 8
core   0: 3 0x8000bc58 (0xbfe5)
core   0: 0x8000bc50 (0x00001f17) auipc   t5, 0x1
core   0: 3 0x8000bc50 (0x00001f17) x30 0x8000cc50
core   0: 0x8000bc54 (0x3a3f2823) sw      gp, 944(t5)
core   0: 3 0x8000bc54 (0x3a3f2823) mem 0x8000d000 0x00000001
core   0: 0x8000bc58 (0x0000bfe5) c.j     pc - 8
core   0: 3 0x8000bc58 (0xbfe5)
core   0: 0x8000bc50 (0x00001f17) auipc   t5, 0x1
core   0: 3 0x8000bc50 (0x00001f17) x30 0x8000cc50
core   0: 0x8000bc54 (0x3a3f2823) sw      gp, 944(t5)
core   0: 3 0x8000bc54 (0x3a3f2823) mem 0x8000d000 0x00000001
core   0: 0x8000bc58 (0x0000bfe5) c.j     pc - 8
core   0: 3 0x8000bc58 (0xbfe5)
core   0: 0x8000bc50 (0x00001f17) auipc   t5, 0x1
core   0: 3 0x8000bc50 (0x00001f17) x30 0x8000cc50
core   0: 0x8000bc54 (0x3a3f2823) sw      gp, 944(t5)
core   0: 3 0x8000bc54 (0x3a3f2823) mem 0x8000d000 0x00000001
core   0: 0x8000bc58 (0x0000bfe5) c.j     pc - 8
core   0: 3 0x8000bc58 (0xbfe5)
core   0: 0x8000bc50 (0x00001f17) auipc   t5, 0x1
core   0: 3 0x8000bc50 (0x00001f17) x30 0x8000cc50
core   0: 0x8000bc54 (0x3a3f2823) sw      gp, 944(t5)
core   0: 3 0x8000bc54 (0x3a3f2823) mem 0x8000d000 0x00000001
core   0: 0x8000bc58 (0x0000bfe5) c.j     pc - 8
core   0: 3 0x8000bc58 (0xbfe5)
core   0: 0x8000bc50 (0x00001f17) auipc   t5, 0x1
core   0: 3 0x8000bc50 (0x00001f17) x30 0x8000cc50
core   0: 0x8000bc54 (0x3a3f2823) sw      gp, 944(t5)
core   0: 3 0x8000bc54 (0x3a3f2823) mem 0x8000d000 0x00000001
core   0: 0x8000bc58 (0x0000bfe5) c.j     pc - 8
core   0: 3 0x8000bc58 (0xbfe5)
core   0: 0x8000bc50 (0x00001f17) auipc   t5, 0x1
core   0: 3 0x8000bc50 (0x00001f17) x30 0x8000cc50
core   0: 0x8000bc54 (0x3a3f2823) sw      gp, 944(t5)
core   0: 3 0x8000bc54 (0x3a3f2823) mem 0x8000d000 0x00000001
core   0: 0x8000bc58 (0x0000bfe5) c.j     pc - 8
core   0: 3 0x8000bc58 (0xbfe5)
core   0: 0x8000bc50 (0x00001f17) auipc   t5, 0x1
core   0: 3 0x8000bc50 (0x00001f17) x30 0x8000cc50
core   0: 0x8000bc54 (0x3a3f2823) sw      gp, 944(t5)
core   0: 3 0x8000bc54 (0x3a3f2823) mem 0x8000d000 0x00000001
core   0: 0x8000bc58 (0x0000bfe5) c.j     pc - 8
core   0: 3 0x8000bc58 (0xbfe5)
core   0: 0x8000bc50 (0x00001f17) auipc   t5, 0x1
core   0: 3 0x8000bc50 (0x00001f17) x30 0x8000cc50
core   0: 0x8000bc54 (0x3a3f2823) sw      gp, 944(t5)
core   0: 3 0x8000bc54 (0x3a3f2823) mem 0x8000d000 0x00000001
core   0: 0x8000bc58 (0x0000bfe5) c.j     pc - 8
core   0: 3 0x8000bc58 (0xbfe5)
core   0: 0x8000bc50 (0x00001f17) auipc   t5, 0x1
core   0: 3 0x8000bc50 (0x00001f17) x30 0x8000cc50
core   0: 0x8000bc54 (0x3a3f2823) sw      gp, 944(t5)
core   0: 3 0x8000bc54 (0x3a3f2823) mem 0x8000d000 0x00000001
core   0: 0x8000bc58 (0x0000bfe5) c.j     pc - 8
core   0: 3 0x8000bc58 (0xbfe5)
core   0: 0x8000bc50 (0x00001f17) auipc   t5, 0x1
core   0: 3 0x8000bc50 (0x00001f17) x30 0x8000cc50
core   0: 0x8000bc54 (0x3a3f2823) sw      gp, 944(t5)
core   0: 3 0x8000bc54 (0x3a3f2823) mem 0x8000d000 0x00000001
core   0: 0x8000bc58 (0x0000bfe5) c.j     pc - 8
core   0: 3 0x8000bc58 (0xbfe5)
core   0: 0x8000bc50 (0x00001f17) auipc   t5, 0x1
core   0: 3 0x8000bc50 (0x00001f17) x30 0x8000cc50
core   0: 0x8000bc54 (0x3a3f2823) sw      gp, 944(t5)
core   0: 3 0x8000bc54 (0x3a3f2823) mem 0x8000d000 0x00000001
core   0: 0x8000bc58 (0x0000bfe5) c.j     pc - 8
core   0: 3 0x8000bc58 (0xbfe5)
core   0: 0x8000bc50 (0x00001f17) auipc   t5, 0x1
core   0: 3 0x8000bc50 (0x00001f17) x30 0x8000cc50
core   0: 0x8000bc54 (0x3a3f2823) sw      gp, 944(t5)
core   0: 3 0x8000bc54 (0x3a3f2823) mem 0x8000d000 0x00000001
core   0: 0x8000bc58 (0x0000bfe5) c.j     pc - 8
core   0: 3 0x8000bc58 (0xbfe5)
core   0: 0x8000bc50 (0x00001f17) auipc   t5, 0x1
core   0: 3 0x8000bc50 (0x00001f17) x30 0x8000cc50
core   0: 0x8000bc54 (0x3a3f2823) sw      gp, 944(t5)
core   0: 3 0x8000bc54 (0x3a3f2823) mem 0x8000d000 0x00000001
core   0: 0x8000bc58 (0x0000bfe5) c.j     pc - 8
core   0: 3 0x8000bc58 (0xbfe5)
core   0: 0x8000bc50 (0x00001f17) auipc   t5, 0x1
core   0: 3 0x8000bc50 (0x00001f17) x30 0x8000cc50
core   0: 0x8000bc54 (0x3a3f2823) sw      gp, 944(t5)
core   0: 3 0x8000bc54 (0x3a3f2823) mem 0x8000d000 0x00000001
core   0: 0x8000bc58 (0x0000bfe5) c.j     pc - 8
core   0: 3 0x8000bc58 (0xbfe5)
core   0: 0x8000bc50 (0x00001f17) auipc   t5, 0x1
core   0: 3 0x8000bc50 (0x00001f17) x30 0x8000cc50
core   0: 0x8000bc54 (0x3a3f2823) sw      gp, 944(t5)
core   0: 3 0x8000bc54 (0x3a3f2823) mem 0x8000d000 0x00000001
core   0: 0x8000bc58 (0x0000bfe5) c.j     pc - 8
core   0: 3 0x8000bc58 (0xbfe5)
core   0: 0x8000bc50 (0x00001f17) auipc   t5, 0x1
core   0: 3 0x8000bc50 (0x00001f17) x30 0x8000cc50
core   0: 0x8000bc54 (0x3a3f2823) sw      gp, 944(t5)
core   0: 3 0x8000bc54 (0x3a3f2823) mem 0x8000d000 0x00000001
core   0: 0x8000bc58 (0x0000bfe5) c.j     pc - 8
core   0: 3 0x8000bc58 (0xbfe5)
core   0: 0x8000bc50 (0x00001f17) auipc   t5, 0x1
core   0: 3 0x8000bc50 (0x00001f17) x30 0x8000cc50
core   0: 0x8000bc54 (0x3a3f2823) sw      gp, 944(t5)
core   0: 3 0x8000bc54 (0x3a3f2823) mem 0x8000d000 0x00000001
core   0: 0x8000bc58 (0x0000bfe5) c.j     pc - 8
core   0: 3 0x8000bc58 (0xbfe5)
core   0: 0x8000bc50 (0x00001f17) auipc   t5, 0x1
core   0: 3 0x8000bc50 (0x00001f17) x30 0x8000cc50
core   0: 0x8000bc54 (0x3a3f2823) sw      gp, 944(t5)
core   0: 3 0x8000bc54 (0x3a3f2823) mem 0x8000d000 0x00000001
core   0: 0x8000bc58 (0x0000bfe5) c.j     pc - 8
core   0: 3 0x8000bc58 (0xbfe5)
core   0: 0x8000bc50 (0x00001f17) auipc   t5, 0x1
core   0: 3 0x8000bc50 (0x00001f17) x30 0x8000cc50
core   0: 0x8000bc54 (0x3a3f2823) sw      gp, 944(t5)
core   0: 3 0x8000bc54 (0x3a3f2823) mem 0x8000d000 0x00000001
core   0: 0x8000bc58 (0x0000bfe5) c.j     pc - 8
core   0: 3 0x8000bc58 (0xbfe5)
core   0: 0x8000bc50 (0x00001f17) auipc   t5, 0x1
core   0: 3 0x8000bc50 (0x00001f17) x30 0x8000cc50
core   0: 0x8000bc54 (0x3a3f2823) sw      gp, 944(t5)
core   0: 3 0x8000bc54 (0x3a3f2823) mem 0x8000d000 0x00000001
core   0: 0x8000bc58 (0x0000bfe5) c.j     pc - 8
core   0: 3 0x8000bc58 (0xbfe5)
core   0: 0x8000bc50 (0x00001f17) auipc   t5, 0x1
core   0: 3 0x8000bc50 (0x00001f17) x30 0x8000cc50
core   0: 0x8000bc54 (0x3a3f2823) sw      gp, 944(t5)
core   0: 3 0x8000bc54 (0x3a3f2823) mem 0x8000d000 0x00000001
core   0: 0x8000bc58 (0x0000bfe5) c.j     pc - 8
core   0: 3 0x8000bc58 (0xbfe5)
core   0: 0x8000bc50 (0x00001f17) auipc   t5, 0x1
core   0: 3 0x8000bc50 (0x00001f17) x30 0x8000cc50
core   0: 0x8000bc54 (0x3a3f2823) sw      gp, 944(t5)
core   0: 3 0x8000bc54 (0x3a3f2823) mem 0x8000d000 0x00000001
core   0: 0x8000bc58 (0x0000bfe5) c.j     pc - 8
core   0: 3 0x8000bc58 (0xbfe5)
core   0: 0x8000bc50 (0x00001f17) auipc   t5, 0x1
core   0: 3 0x8000bc50 (0x00001f17) x30 0x8000cc50
core   0: 0x8000bc54 (0x3a3f2823) sw      gp, 944(t5)
core   0: 3 0x8000bc54 (0x3a3f2823) mem 0x8000d000 0x00000001
core   0: 0x8000bc58 (0x0000bfe5) c.j     pc - 8
core   0: 3 0x8000bc58 (0xbfe5)
core   0: 0x8000bc50 (0x00001f17) auipc   t5, 0x1
core   0: 3 0x8000bc50 (0x00001f17) x30 0x8000cc50
core   0: 0x8000bc54 (0x3a3f2823) sw      gp, 944(t5)
core   0: 3 0x8000bc54 (0x3a3f2823) mem 0x8000d000 0x00000001
core   0: 0x8000bc58 (0x0000bfe5) c.j     pc - 8
core   0: 3 0x8000bc58 (0xbfe5)
core   0: 0x8000bc50 (0x00001f17) auipc   t5, 0x1
core   0: 3 0x8000bc50 (0x00001f17) x30 0x8000cc50
core   0: 0x8000bc54 (0x3a3f2823) sw      gp, 944(t5)
core   0: 3 0x8000bc54 (0x3a3f2823) mem 0x8000d000 0x00000001
core   0: 0x8000bc58 (0x0000bfe5) c.j     pc - 8
core   0: 3 0x8000bc58 (0xbfe5)
core   0: 0x8000bc50 (0x00001f17) auipc   t5, 0x1
core   0: 3 0x8000bc50 (0x00001f17) x30 0x8000cc50
core   0: 0x8000bc54 (0x3a3f2823) sw      gp, 944(t5)
core   0: 3 0x8000bc54 (0x3a3f2823) mem 0x8000d000 0x00000001
core   0: 0x8000bc58 (0x0000bfe5) c.j     pc - 8
core   0: 3 0x8000bc58 (0xbfe5)
core   0: 0x8000bc50 (0x00001f17) auipc   t5, 0x1
core   0: 3 0x8000bc50 (0x00001f17) x30 0x8000cc50
core   0: 0x8000bc54 (0x3a3f2823) sw      gp, 944(t5)
core   0: 3 0x8000bc54 (0x3a3f2823) mem 0x8000d000 0x00000001
core   0: 0x8000bc58 (0x0000bfe5) c.j     pc - 8
core   0: 3 0x8000bc58 (0xbfe5)
core   0: 0x8000bc50 (0x00001f17) auipc   t5, 0x1
core   0: 3 0x8000bc50 (0x00001f17) x30 0x8000cc50
core   0: 0x8000bc54 (0x3a3f2823) sw      gp, 944(t5)
core   0: 3 0x8000bc54 (0x3a3f2823) mem 0x8000d000 0x00000001
core   0: 0x8000bc58 (0x0000bfe5) c.j     pc - 8
core   0: 3 0x8000bc58 (0xbfe5)
core   0: 0x8000bc50 (0x00001f17) auipc   t5, 0x1
core   0: 3 0x8000bc50 (0x00001f17) x30 0x8000cc50
core   0: 0x8000bc54 (0x3a3f2823) sw      gp, 944(t5)
core   0: 3 0x8000bc54 (0x3a3f2823) mem 0x8000d000 0x00000001
core   0: 0x8000bc58 (0x0000bfe5) c.j     pc - 8
core   0: 3 0x8000bc58 (0xbfe5)
core   0: 0x8000bc50 (0x00001f17) auipc   t5, 0x1
core   0: 3 0x8000bc50 (0x00001f17) x30 0x8000cc50
core   0: 0x8000bc54 (0x3a3f2823) sw      gp, 944(t5)
core   0: 3 0x8000bc54 (0x3a3f2823) mem 0x8000d000 0x00000001
core   0: 0x8000bc58 (0x0000bfe5) c.j     pc - 8
core   0: 3 0x8000bc58 (0xbfe5)
core   0: 0x8000bc50 (0x00001f17) auipc   t5, 0x1
core   0: 3 0x8000bc50 (0x00001f17) x30 0x8000cc50
core   0: 0x8000bc54 (0x3a3f2823) sw      gp, 944(t5)
core   0: 3 0x8000bc54 (0x3a3f2823) mem 0x8000d000 0x00000001
core   0: 0x8000bc58 (0x0000bfe5) c.j     pc - 8
core   0: 3 0x8000bc58 (0xbfe5)
core   0: 0x8000bc50 (0x00001f17) auipc   t5, 0x1
core   0: 3 0x8000bc50 (0x00001f17) x30 0x8000cc50
core   0: 0x8000bc54 (0x3a3f2823) sw      gp, 944(t5)
core   0: 3 0x8000bc54 (0x3a3f2823) mem 0x8000d000 0x00000001
core   0: 0x8000bc58 (0x0000bfe5) c.j     pc - 8
core   0: 3 0x8000bc58 (0xbfe5)
core   0: 0x8000bc50 (0x00001f17) auipc   t5, 0x1
core   0: 3 0x8000bc50 (0x00001f17) x30 0x8000cc50
core   0: 0x8000bc54 (0x3a3f2823) sw      gp, 944(t5)
core   0: 3 0x8000bc54 (0x3a3f2823) mem 0x8000d000 0x00000001
core   0: 0x8000bc58 (0x0000bfe5) c.j     pc - 8
core   0: 3 0x8000bc58 (0xbfe5)
core   0: 0x8000bc50 (0x00001f17) auipc   t5, 0x1
core   0: 3 0x8000bc50 (0x00001f17) x30 0x8000cc50
core   0: 0x8000bc54 (0x3a3f2823) sw      gp, 944(t5)
core   0: 3 0x8000bc54 (0x3a3f2823) mem 0x8000d000 0x00000001
core   0: 0x8000bc58 (0x0000bfe5) c.j     pc - 8
core   0: 3 0x8000bc58 (0xbfe5)
core   0: 0x8000bc50 (0x00001f17) auipc   t5, 0x1
core   0: 3 0x8000bc50 (0x00001f17) x30 0x8000cc50
core   0: 0x8000bc54 (0x3a3f2823) sw      gp, 944(t5)
core   0: 3 0x8000bc54 (0x3a3f2823) mem 0x8000d000 0x00000001
core   0: 0x8000bc58 (0x0000bfe5) c.j     pc - 8
core   0: 3 0x8000bc58 (0xbfe5)
core   0: 0x8000bc50 (0x00001f17) auipc   t5, 0x1
core   0: 3 0x8000bc50 (0x00001f17) x30 0x8000cc50
core   0: 0x8000bc54 (0x3a3f2823) sw      gp, 944(t5)
core   0: 3 0x8000bc54 (0x3a3f2823) mem 0x8000d000 0x00000001
core   0: 0x8000bc58 (0x0000bfe5) c.j     pc - 8
core   0: 3 0x8000bc58 (0xbfe5)
core   0: 0x8000bc50 (0x00001f17) auipc   t5, 0x1
core   0: 3 0x8000bc50 (0x00001f17) x30 0x8000cc50
core   0: 0x8000bc54 (0x3a3f2823) sw      gp, 944(t5)
core   0: 3 0x8000bc54 (0x3a3f2823) mem 0x8000d000 0x00000001
core   0: 0x8000bc58 (0x0000bfe5) c.j     pc - 8
core   0: 3 0x8000bc58 (0xbfe5)
core   0: 0x8000bc50 (0x00001f17) auipc   t5, 0x1
core   0: 3 0x8000bc50 (0x00001f17) x30 0x8000cc50
core   0: 0x8000bc54 (0x3a3f2823) sw      gp, 944(t5)
core   0: 3 0x8000bc54 (0x3a3f2823) mem 0x8000d000 0x00000001
core   0: 0x8000bc58 (0x0000bfe5) c.j     pc - 8
core   0: 3 0x8000bc58 (0xbfe5)
core   0: 0x8000bc50 (0x00001f17) auipc   t5, 0x1
core   0: 3 0x8000bc50 (0x00001f17) x30 0x8000cc50
core   0: 0x8000bc54 (0x3a3f2823) sw      gp, 944(t5)
core   0: 3 0x8000bc54 (0x3a3f2823) mem 0x8000d000 0x00000001
core   0: 0x8000bc58 (0x0000bfe5) c.j     pc - 8
core   0: 3 0x8000bc58 (0xbfe5)
core   0: 0x8000bc50 (0x00001f17) auipc   t5, 0x1
core   0: 3 0x8000bc50 (0x00001f17) x30 0x8000cc50
core   0: 0x8000bc54 (0x3a3f2823) sw      gp, 944(t5)
core   0: 3 0x8000bc54 (0x3a3f2823) mem 0x8000d000 0x00000001
core   0: 0x8000bc58 (0x0000bfe5) c.j     pc - 8
core   0: 3 0x8000bc58 (0xbfe5)
core   0: 0x8000bc50 (0x00001f17) auipc   t5, 0x1
core   0: 3 0x8000bc50 (0x00001f17) x30 0x8000cc50
core   0: 0x8000bc54 (0x3a3f2823) sw      gp, 944(t5)
core   0: 3 0x8000bc54 (0x3a3f2823) mem 0x8000d000 0x00000001
core   0: 0x8000bc58 (0x0000bfe5) c.j     pc - 8
core   0: 3 0x8000bc58 (0xbfe5)
core   0: 0x8000bc50 (0x00001f17) auipc   t5, 0x1
core   0: 3 0x8000bc50 (0x00001f17) x30 0x8000cc50
core   0: 0x8000bc54 (0x3a3f2823) sw      gp, 944(t5)
core   0: 3 0x8000bc54 (0x3a3f2823) mem 0x8000d000 0x00000001
core   0: 0x8000bc58 (0x0000bfe5) c.j     pc - 8
core   0: 3 0x8000bc58 (0xbfe5)
core   0: 0x8000bc50 (0x00001f17) auipc   t5, 0x1
core   0: 3 0x8000bc50 (0x00001f17) x30 0x8000cc50
core   0: 0x8000bc54 (0x3a3f2823) sw      gp, 944(t5)
core   0: 3 0x8000bc54 (0x3a3f2823) mem 0x8000d000 0x00000001
core   0: 0x8000bc58 (0x0000bfe5) c.j     pc - 8
core   0: 3 0x8000bc58 (0xbfe5)
core   0: 0x8000bc50 (0x00001f17) auipc   t5, 0x1
core   0: 3 0x8000bc50 (0x00001f17) x30 0x8000cc50
core   0: 0x8000bc54 (0x3a3f2823) sw      gp, 944(t5)
core   0: 3 0x8000bc54 (0x3a3f2823) mem 0x8000d000 0x00000001
core   0: 0x8000bc58 (0x0000bfe5) c.j     pc - 8
core   0: 3 0x8000bc58 (0xbfe5)
core   0: 0x8000bc50 (0x00001f17) auipc   t5, 0x1
core   0: 3 0x8000bc50 (0x00001f17) x30 0x8000cc50
core   0: 0x8000bc54 (0x3a3f2823) sw      gp, 944(t5)
core   0: 3 0x8000bc54 (0x3a3f2823) mem 0x8000d000 0x00000001
core   0: 0x8000bc58 (0x0000bfe5) c.j     pc - 8
core   0: 3 0x8000bc58 (0xbfe5)
core   0: 0x8000bc50 (0x00001f17) auipc   t5, 0x1
core   0: 3 0x8000bc50 (0x00001f17) x30 0x8000cc50
core   0: 0x8000bc54 (0x3a3f2823) sw      gp, 944(t5)
core   0: 3 0x8000bc54 (0x3a3f2823) mem 0x8000d000 0x00000001
core   0: 0x8000bc58 (0x0000bfe5) c.j     pc - 8
core   0: 3 0x8000bc58 (0xbfe5)
core   0: 0x8000bc50 (0x00001f17) auipc   t5, 0x1
core   0: 3 0x8000bc50 (0x00001f17) x30 0x8000cc50
core   0: 0x8000bc54 (0x3a3f2823) sw      gp, 944(t5)
core   0: 3 0x8000bc54 (0x3a3f2823) mem 0x8000d000 0x00000001
core   0: 0x8000bc58 (0x0000bfe5) c.j     pc - 8
core   0: 3 0x8000bc58 (0xbfe5)
core   0: 0x8000bc50 (0x00001f17) auipc   t5, 0x1
core   0: 3 0x8000bc50 (0x00001f17) x30 0x8000cc50
core   0: 0x8000bc54 (0x3a3f2823) sw      gp, 944(t5)
core   0: 3 0x8000bc54 (0x3a3f2823) mem 0x8000d000 0x00000001
core   0: 0x8000bc58 (0x0000bfe5) c.j     pc - 8
core   0: 3 0x8000bc58 (0xbfe5)
core   0: 0x8000bc50 (0x00001f17) auipc   t5, 0x1
core   0: 3 0x8000bc50 (0x00001f17) x30 0x8000cc50
core   0: 0x8000bc54 (0x3a3f2823) sw      gp, 944(t5)
core   0: 3 0x8000bc54 (0x3a3f2823) mem 0x8000d000 0x00000001
core   0: 0x8000bc58 (0x0000bfe5) c.j     pc - 8
core   0: 3 0x8000bc58 (0xbfe5)
core   0: 0x8000bc50 (0x00001f17) auipc   t5, 0x1
core   0: 3 0x8000bc50 (0x00001f17) x30 0x8000cc50
core   0: 0x8000bc54 (0x3a3f2823) sw      gp, 944(t5)
core   0: 3 0x8000bc54 (0x3a3f2823) mem 0x8000d000 0x00000001
core   0: 0x8000bc58 (0x0000bfe5) c.j     pc - 8
core   0: 3 0x8000bc58 (0xbfe5)
core   0: 0x8000bc50 (0x00001f17) auipc   t5, 0x1
core   0: 3 0x8000bc50 (0x00001f17) x30 0x8000cc50
core   0: 0x8000bc54 (0x3a3f2823) sw      gp, 944(t5)
core   0: 3 0x8000bc54 (0x3a3f2823) mem 0x8000d000 0x00000001
core   0: 0x8000bc58 (0x0000bfe5) c.j     pc - 8
core   0: 3 0x8000bc58 (0xbfe5)
core   0: 0x8000bc50 (0x00001f17) auipc   t5, 0x1
core   0: 3 0x8000bc50 (0x00001f17) x30 0x8000cc50
core   0: 0x8000bc54 (0x3a3f2823) sw      gp, 944(t5)
core   0: 3 0x8000bc54 (0x3a3f2823) mem 0x8000d000 0x00000001
core   0: 0x8000bc58 (0x0000bfe5) c.j     pc - 8
core   0: 3 0x8000bc58 (0xbfe5)
core   0: 0x8000bc50 (0x00001f17) auipc   t5, 0x1
core   0: 3 0x8000bc50 (0x00001f17) x30 0x8000cc50
core   0: 0x8000bc54 (0x3a3f2823) sw      gp, 944(t5)
core   0: 3 0x8000bc54 (0x3a3f2823) mem 0x8000d000 0x00000001
core   0: 0x8000bc58 (0x0000bfe5) c.j     pc - 8
core   0: 3 0x8000bc58 (0xbfe5)
core   0: 0x8000bc50 (0x00001f17) auipc   t5, 0x1
core   0: 3 0x8000bc50 (0x00001f17) x30 0x8000cc50
core   0: 0x8000bc54 (0x3a3f2823) sw      gp, 944(t5)
core   0: 3 0x8000bc54 (0x3a3f2823) mem 0x8000d000 0x00000001
core   0: 0x8000bc58 (0x0000bfe5) c.j     pc - 8
core   0: 3 0x8000bc58 (0xbfe5)
core   0: 0x8000bc50 (0x00001f17) auipc   t5, 0x1
core   0: 3 0x8000bc50 (0x00001f17) x30 0x8000cc50
core   0: 0x8000bc54 (0x3a3f2823) sw      gp, 944(t5)
core   0: 3 0x8000bc54 (0x3a3f2823) mem 0x8000d000 0x00000001
core   0: 0x8000bc58 (0x0000bfe5) c.j     pc - 8
core   0: 3 0x8000bc58 (0xbfe5)
core   0: 0x8000bc50 (0x00001f17) auipc   t5, 0x1
core   0: 3 0x8000bc50 (0x00001f17) x30 0x8000cc50
core   0: 0x8000bc54 (0x3a3f2823) sw      gp, 944(t5)
core   0: 3 0x8000bc54 (0x3a3f2823) mem 0x8000d000 0x00000001
core   0: 0x8000bc58 (0x0000bfe5) c.j     pc - 8
core   0: 3 0x8000bc58 (0xbfe5)
core   0: 0x8000bc50 (0x00001f17) auipc   t5, 0x1
core   0: 3 0x8000bc50 (0x00001f17) x30 0x8000cc50
core   0: 0x8000bc54 (0x3a3f2823) sw      gp, 944(t5)
core   0: 3 0x8000bc54 (0x3a3f2823) mem 0x8000d000 0x00000001
core   0: 0x8000bc58 (0x0000bfe5) c.j     pc - 8
core   0: 3 0x8000bc58 (0xbfe5)
core   0: 0x8000bc50 (0x00001f17) auipc   t5, 0x1
core   0: 3 0x8000bc50 (0x00001f17) x30 0x8000cc50
core   0: 0x8000bc54 (0x3a3f2823) sw      gp, 944(t5)
core   0: 3 0x8000bc54 (0x3a3f2823) mem 0x8000d000 0x00000001
core   0: 0x8000bc58 (0x0000bfe5) c.j     pc - 8
core   0: 3 0x8000bc58 (0xbfe5)
core   0: 0x8000bc50 (0x00001f17) auipc   t5, 0x1
core   0: 3 0x8000bc50 (0x00001f17) x30 0x8000cc50
core   0: 0x8000bc54 (0x3a3f2823) sw      gp, 944(t5)
core   0: 3 0x8000bc54 (0x3a3f2823) mem 0x8000d000 0x00000001
core   0: 0x8000bc58 (0x0000bfe5) c.j     pc - 8
core   0: 3 0x8000bc58 (0xbfe5)
core   0: 0x8000bc50 (0x00001f17) auipc   t5, 0x1
core   0: 3 0x8000bc50 (0x00001f17) x30 0x8000cc50
core   0: 0x8000bc54 (0x3a3f2823) sw      gp, 944(t5)
core   0: 3 0x8000bc54 (0x3a3f2823) mem 0x8000d000 0x00000001
core   0: 0x8000bc58 (0x0000bfe5) c.j     pc - 8
core   0: 3 0x8000bc58 (0xbfe5)
core   0: 0x8000bc50 (0x00001f17) auipc   t5, 0x1
core   0: 3 0x8000bc50 (0x00001f17) x30 0x8000cc50
core   0: 0x8000bc54 (0x3a3f2823) sw      gp, 944(t5)
core   0: 3 0x8000bc54 (0x3a3f2823) mem 0x8000d000 0x00000001
core   0: 0x8000bc58 (0x0000bfe5) c.j     pc - 8
core   0: 3 0x8000bc58 (0xbfe5)
core   0: 0x8000bc50 (0x00001f17) auipc   t5, 0x1
core   0: 3 0x8000bc50 (0x00001f17) x30 0x8000cc50
core   0: 0x8000bc54 (0x3a3f2823) sw      gp, 944(t5)
core   0: 3 0x8000bc54 (0x3a3f2823) mem 0x8000d000 0x00000001
core   0: 0x8000bc58 (0x0000bfe5) c.j     pc - 8
core   0: 3 0x8000bc58 (0xbfe5)
core   0: 0x8000bc50 (0x00001f17) auipc   t5, 0x1
core   0: 3 0x8000bc50 (0x00001f17) x30 0x8000cc50
core   0: 0x8000bc54 (0x3a3f2823) sw      gp, 944(t5)
core   0: 3 0x8000bc54 (0x3a3f2823) mem 0x8000d000 0x00000001
core   0: 0x8000bc58 (0x0000bfe5) c.j     pc - 8
core   0: 3 0x8000bc58 (0xbfe5)
core   0: 0x8000bc50 (0x00001f17) auipc   t5, 0x1
core   0: 3 0x8000bc50 (0x00001f17) x30 0x8000cc50
core   0: 0x8000bc54 (0x3a3f2823) sw      gp, 944(t5)
core   0: 3 0x8000bc54 (0x3a3f2823) mem 0x8000d000 0x00000001
core   0: 0x8000bc58 (0x0000bfe5) c.j     pc - 8
core   0: 3 0x8000bc58 (0xbfe5)
core   0: 0x8000bc50 (0x00001f17) auipc   t5, 0x1
core   0: 3 0x8000bc50 (0x00001f17) x30 0x8000cc50
core   0: 0x8000bc54 (0x3a3f2823) sw      gp, 944(t5)
core   0: 3 0x8000bc54 (0x3a3f2823) mem 0x8000d000 0x00000001
core   0: 0x8000bc58 (0x0000bfe5) c.j     pc - 8
core   0: 3 0x8000bc58 (0xbfe5)
core   0: 0x8000bc50 (0x00001f17) auipc   t5, 0x1
core   0: 3 0x8000bc50 (0x00001f17) x30 0x8000cc50
core   0: 0x8000bc54 (0x3a3f2823) sw      gp, 944(t5)
core   0: 3 0x8000bc54 (0x3a3f2823) mem 0x8000d000 0x00000001
core   0: 0x8000bc58 (0x0000bfe5) c.j     pc - 8
core   0: 3 0x8000bc58 (0xbfe5)
core   0: 0x8000bc50 (0x00001f17) auipc   t5, 0x1
core   0: 3 0x8000bc50 (0x00001f17) x30 0x8000cc50
core   0: 0x8000bc54 (0x3a3f2823) sw      gp, 944(t5)
core   0: 3 0x8000bc54 (0x3a3f2823) mem 0x8000d000 0x00000001
core   0: 0x8000bc58 (0x0000bfe5) c.j     pc - 8
core   0: 3 0x8000bc58 (0xbfe5)
core   0: 0x8000bc50 (0x00001f17) auipc   t5, 0x1
core   0: 3 0x8000bc50 (0x00001f17) x30 0x8000cc50
core   0: 0x8000bc54 (0x3a3f2823) sw      gp, 944(t5)
core   0: 3 0x8000bc54 (0x3a3f2823) mem 0x8000d000 0x00000001
core   0: 0x8000bc58 (0x0000bfe5) c.j     pc - 8
core   0: 3 0x8000bc58 (0xbfe5)
core   0: 0x8000bc50 (0x00001f17) auipc   t5, 0x1
core   0: 3 0x8000bc50 (0x00001f17) x30 0x8000cc50
core   0: 0x8000bc54 (0x3a3f2823) sw      gp, 944(t5)
core   0: 3 0x8000bc54 (0x3a3f2823) mem 0x8000d000 0x00000001
core   0: 0x8000bc58 (0x0000bfe5) c.j     pc - 8
core   0: 3 0x8000bc58 (0xbfe5)
core   0: 0x8000bc50 (0x00001f17) auipc   t5, 0x1
core   0: 3 0x8000bc50 (0x00001f17) x30 0x8000cc50
core   0: 0x8000bc54 (0x3a3f2823) sw      gp, 944(t5)
core   0: 3 0x8000bc54 (0x3a3f2823) mem 0x8000d000 0x00000001
core   0: 0x8000bc58 (0x0000bfe5) c.j     pc - 8
core   0: 3 0x8000bc58 (0xbfe5)
core   0: 0x8000bc50 (0x00001f17) auipc   t5, 0x1
core   0: 3 0x8000bc50 (0x00001f17) x30 0x8000cc50
core   0: 0x8000bc54 (0x3a3f2823) sw      gp, 944(t5)
core   0: 3 0x8000bc54 (0x3a3f2823) mem 0x8000d000 0x00000001
core   0: 0x8000bc58 (0x0000bfe5) c.j     pc - 8
core   0: 3 0x8000bc58 (0xbfe5)
core   0: 0x8000bc50 (0x00001f17) auipc   t5, 0x1
core   0: 3 0x8000bc50 (0x00001f17) x30 0x8000cc50
core   0: 0x8000bc54 (0x3a3f2823) sw      gp, 944(t5)
core   0: 3 0x8000bc54 (0x3a3f2823) mem 0x8000d000 0x00000001
core   0: 0x8000bc58 (0x0000bfe5) c.j     pc - 8
core   0: 3 0x8000bc58 (0xbfe5)
core   0: 0x8000bc50 (0x00001f17) auipc   t5, 0x1
core   0: 3 0x8000bc50 (0x00001f17) x30 0x8000cc50
core   0: 0x8000bc54 (0x3a3f2823) sw      gp, 944(t5)
core   0: 3 0x8000bc54 (0x3a3f2823) mem 0x8000d000 0x00000001
core   0: 0x8000bc58 (0x0000bfe5) c.j     pc - 8
core   0: 3 0x8000bc58 (0xbfe5)
core   0: 0x8000bc50 (0x00001f17) auipc   t5, 0x1
core   0: 3 0x8000bc50 (0x00001f17) x30 0x8000cc50
core   0: 0x8000bc54 (0x3a3f2823) sw      gp, 944(t5)
core   0: 3 0x8000bc54 (0x3a3f2823) mem 0x8000d000 0x00000001
core   0: 0x8000bc58 (0x0000bfe5) c.j     pc - 8
core   0: 3 0x8000bc58 (0xbfe5)
core   0: 0x8000bc50 (0x00001f17) auipc   t5, 0x1
core   0: 3 0x8000bc50 (0x00001f17) x30 0x8000cc50
core   0: 0x8000bc54 (0x3a3f2823) sw      gp, 944(t5)
core   0: 3 0x8000bc54 (0x3a3f2823) mem 0x8000d000 0x00000001
core   0: 0x8000bc58 (0x0000bfe5) c.j     pc - 8
core   0: 3 0x8000bc58 (0xbfe5)
core   0: 0x8000bc50 (0x00001f17) auipc   t5, 0x1
core   0: 3 0x8000bc50 (0x00001f17) x30 0x8000cc50
core   0: 0x8000bc54 (0x3a3f2823) sw      gp, 944(t5)
core   0: 3 0x8000bc54 (0x3a3f2823) mem 0x8000d000 0x00000001
core   0: 0x8000bc58 (0x0000bfe5) c.j     pc - 8
core   0: 3 0x8000bc58 (0xbfe5)
core   0: 0x8000bc50 (0x00001f17) auipc   t5, 0x1
core   0: 3 0x8000bc50 (0x00001f17) x30 0x8000cc50
core   0: 0x8000bc54 (0x3a3f2823) sw      gp, 944(t5)
core   0: 3 0x8000bc54 (0x3a3f2823) mem 0x8000d000 0x00000001
core   0: 0x8000bc58 (0x0000bfe5) c.j     pc - 8
core   0: 3 0x8000bc58 (0xbfe5)
core   0: 0x8000bc50 (0x00001f17) auipc   t5, 0x1
core   0: 3 0x8000bc50 (0x00001f17) x30 0x8000cc50
core   0: 0x8000bc54 (0x3a3f2823) sw      gp, 944(t5)
core   0: 3 0x8000bc54 (0x3a3f2823) mem 0x8000d000 0x00000001
core   0: 0x8000bc58 (0x0000bfe5) c.j     pc - 8
core   0: 3 0x8000bc58 (0xbfe5)
core   0: 0x8000bc50 (0x00001f17) auipc   t5, 0x1
core   0: 3 0x8000bc50 (0x00001f17) x30 0x8000cc50
core   0: 0x8000bc54 (0x3a3f2823) sw      gp, 944(t5)
core   0: 3 0x8000bc54 (0x3a3f2823) mem 0x8000d000 0x00000001
core   0: 0x8000bc58 (0x0000bfe5) c.j     pc - 8
core   0: 3 0x8000bc58 (0xbfe5)
core   0: 0x8000bc50 (0x00001f17) auipc   t5, 0x1
core   0: 3 0x8000bc50 (0x00001f17) x30 0x8000cc50
core   0: 0x8000bc54 (0x3a3f2823) sw      gp, 944(t5)
core   0: 3 0x8000bc54 (0x3a3f2823) mem 0x8000d000 0x00000001
core   0: 0x8000bc58 (0x0000bfe5) c.j     pc - 8
core   0: 3 0x8000bc58 (0xbfe5)
core   0: 0x8000bc50 (0x00001f17) auipc   t5, 0x1
core   0: 3 0x8000bc50 (0x00001f17) x30 0x8000cc50
core   0: 0x8000bc54 (0x3a3f2823) sw      gp, 944(t5)
core   0: 3 0x8000bc54 (0x3a3f2823) mem 0x8000d000 0x00000001
core   0: 0x8000bc58 (0x0000bfe5) c.j     pc - 8
core   0: 3 0x8000bc58 (0xbfe5)
core   0: 0x8000bc50 (0x00001f17) auipc   t5, 0x1
core   0: 3 0x8000bc50 (0x00001f17) x30 0x8000cc50
core   0: 0x8000bc54 (0x3a3f2823) sw      gp, 944(t5)
core   0: 3 0x8000bc54 (0x3a3f2823) mem 0x8000d000 0x00000001
core   0: 0x8000bc58 (0x0000bfe5) c.j     pc - 8
core   0: 3 0x8000bc58 (0xbfe5)
core   0: 0x8000bc50 (0x00001f17) auipc   t5, 0x1
core   0: 3 0x8000bc50 (0x00001f17) x30 0x8000cc50
core   0: 0x8000bc54 (0x3a3f2823) sw      gp, 944(t5)
core   0: 3 0x8000bc54 (0x3a3f2823) mem 0x8000d000 0x00000001
core   0: 0x8000bc58 (0x0000bfe5) c.j     pc - 8
core   0: 3 0x8000bc58 (0xbfe5)
core   0: 0x8000bc50 (0x00001f17) auipc   t5, 0x1
core   0: 3 0x8000bc50 (0x00001f17) x30 0x8000cc50
core   0: 0x8000bc54 (0x3a3f2823) sw      gp, 944(t5)
core   0: 3 0x8000bc54 (0x3a3f2823) mem 0x8000d000 0x00000001
core   0: 0x8000bc58 (0x0000bfe5) c.j     pc - 8
core   0: 3 0x8000bc58 (0xbfe5)
core   0: 0x8000bc50 (0x00001f17) auipc   t5, 0x1
core   0: 3 0x8000bc50 (0x00001f17) x30 0x8000cc50
core   0: 0x8000bc54 (0x3a3f2823) sw      gp, 944(t5)
core   0: 3 0x8000bc54 (0x3a3f2823) mem 0x8000d000 0x00000001
core   0: 0x8000bc58 (0x0000bfe5) c.j     pc - 8
core   0: 3 0x8000bc58 (0xbfe5)
core   0: 0x8000bc50 (0x00001f17) auipc   t5, 0x1
core   0: 3 0x8000bc50 (0x00001f17) x30 0x8000cc50
core   0: 0x8000bc54 (0x3a3f2823) sw      gp, 944(t5)
core   0: 3 0x8000bc54 (0x3a3f2823) mem 0x8000d000 0x00000001
core   0: 0x8000bc58 (0x0000bfe5) c.j     pc - 8
core   0: 3 0x8000bc58 (0xbfe5)
core   0: 0x8000bc50 (0x00001f17) auipc   t5, 0x1
core   0: 3 0x8000bc50 (0x00001f17) x30 0x8000cc50
core   0: 0x8000bc54 (0x3a3f2823) sw      gp, 944(t5)
core   0: 3 0x8000bc54 (0x3a3f2823) mem 0x8000d000 0x00000001
core   0: 0x8000bc58 (0x0000bfe5) c.j     pc - 8
core   0: 3 0x8000bc58 (0xbfe5)
core   0: 0x8000bc50 (0x00001f17) auipc   t5, 0x1
core   0: 3 0x8000bc50 (0x00001f17) x30 0x8000cc50
core   0: 0x8000bc54 (0x3a3f2823) sw      gp, 944(t5)
core   0: 3 0x8000bc54 (0x3a3f2823) mem 0x8000d000 0x00000001
core   0: 0x8000bc58 (0x0000bfe5) c.j     pc - 8
core   0: 3 0x8000bc58 (0xbfe5)
core   0: 0x8000bc50 (0x00001f17) auipc   t5, 0x1
core   0: 3 0x8000bc50 (0x00001f17) x30 0x8000cc50
core   0: 0x8000bc54 (0x3a3f2823) sw      gp, 944(t5)
core   0: 3 0x8000bc54 (0x3a3f2823) mem 0x8000d000 0x00000001
core   0: 0x8000bc58 (0x0000bfe5) c.j     pc - 8
core   0: 3 0x8000bc58 (0xbfe5)
core   0: 0x8000bc50 (0x00001f17) auipc   t5, 0x1
core   0: 3 0x8000bc50 (0x00001f17) x30 0x8000cc50
core   0: 0x8000bc54 (0x3a3f2823) sw      gp, 944(t5)
core   0: 3 0x8000bc54 (0x3a3f2823) mem 0x8000d000 0x00000001
core   0: 0x8000bc58 (0x0000bfe5) c.j     pc - 8
core   0: 3 0x8000bc58 (0xbfe5)
core   0: 0x8000bc50 (0x00001f17) auipc   t5, 0x1
core   0: 3 0x8000bc50 (0x00001f17) x30 0x8000cc50
core   0: 0x8000bc54 (0x3a3f2823) sw      gp, 944(t5)
core   0: 3 0x8000bc54 (0x3a3f2823) mem 0x8000d000 0x00000001
core   0: 0x8000bc58 (0x0000bfe5) c.j     pc - 8
core   0: 3 0x8000bc58 (0xbfe5)
core   0: 0x8000bc50 (0x00001f17) auipc   t5, 0x1
core   0: 3 0x8000bc50 (0x00001f17) x30 0x8000cc50
core   0: 0x8000bc54 (0x3a3f2823) sw      gp, 944(t5)
core   0: 3 0x8000bc54 (0x3a3f2823) mem 0x8000d000 0x00000001
core   0: 0x8000bc58 (0x0000bfe5) c.j     pc - 8
core   0: 3 0x8000bc58 (0xbfe5)
core   0: 0x8000bc50 (0x00001f17) auipc   t5, 0x1
core   0: 3 0x8000bc50 (0x00001f17) x30 0x8000cc50
core   0: 0x8000bc54 (0x3a3f2823) sw      gp, 944(t5)
core   0: 3 0x8000bc54 (0x3a3f2823) mem 0x8000d000 0x00000001
core   0: 0x8000bc58 (0x0000bfe5) c.j     pc - 8
core   0: 3 0x8000bc58 (0xbfe5)
core   0: 0x8000bc50 (0x00001f17) auipc   t5, 0x1
core   0: 3 0x8000bc50 (0x00001f17) x30 0x8000cc50
core   0: 0x8000bc54 (0x3a3f2823) sw      gp, 944(t5)
core   0: 3 0x8000bc54 (0x3a3f2823) mem 0x8000d000 0x00000001
core   0: 0x8000bc58 (0x0000bfe5) c.j     pc - 8
core   0: 3 0x8000bc58 (0xbfe5)
core   0: 0x8000bc50 (0x00001f17) auipc   t5, 0x1
core   0: 3 0x8000bc50 (0x00001f17) x30 0x8000cc50
core   0: 0x8000bc54 (0x3a3f2823) sw      gp, 944(t5)
core   0: 3 0x8000bc54 (0x3a3f2823) mem 0x8000d000 0x00000001
core   0: 0x8000bc58 (0x0000bfe5) c.j     pc - 8
core   0: 3 0x8000bc58 (0xbfe5)
core   0: 0x8000bc50 (0x00001f17) auipc   t5, 0x1
core   0: 3 0x8000bc50 (0x00001f17) x30 0x8000cc50
core   0: 0x8000bc54 (0x3a3f2823) sw      gp, 944(t5)
core   0: 3 0x8000bc54 (0x3a3f2823) mem 0x8000d000 0x00000001
core   0: 0x8000bc58 (0x0000bfe5) c.j     pc - 8
core   0: 3 0x8000bc58 (0xbfe5)
core   0: 0x8000bc50 (0x00001f17) auipc   t5, 0x1
core   0: 3 0x8000bc50 (0x00001f17) x30 0x8000cc50
core   0: 0x8000bc54 (0x3a3f2823) sw      gp, 944(t5)
core   0: 3 0x8000bc54 (0x3a3f2823) mem 0x8000d000 0x00000001
core   0: 0x8000bc58 (0x0000bfe5) c.j     pc - 8
core   0: 3 0x8000bc58 (0xbfe5)
core   0: 0x8000bc50 (0x00001f17) auipc   t5, 0x1
core   0: 3 0x8000bc50 (0x00001f17) x30 0x8000cc50
core   0: 0x8000bc54 (0x3a3f2823) sw      gp, 944(t5)
core   0: 3 0x8000bc54 (0x3a3f2823) mem 0x8000d000 0x00000001
core   0: 0x8000bc58 (0x0000bfe5) c.j     pc - 8
core   0: 3 0x8000bc58 (0xbfe5)
core   0: 0x8000bc50 (0x00001f17) auipc   t5, 0x1
core   0: 3 0x8000bc50 (0x00001f17) x30 0x8000cc50
core   0: 0x8000bc54 (0x3a3f2823) sw      gp, 944(t5)
core   0: 3 0x8000bc54 (0x3a3f2823) mem 0x8000d000 0x00000001
core   0: 0x8000bc58 (0x0000bfe5) c.j     pc - 8
core   0: 3 0x8000bc58 (0xbfe5)
core   0: 0x8000bc50 (0x00001f17) auipc   t5, 0x1
core   0: 3 0x8000bc50 (0x00001f17) x30 0x8000cc50
core   0: 0x8000bc54 (0x3a3f2823) sw      gp, 944(t5)
core   0: 3 0x8000bc54 (0x3a3f2823) mem 0x8000d000 0x00000001
core   0: 0x8000bc58 (0x0000bfe5) c.j     pc - 8
core   0: 3 0x8000bc58 (0xbfe5)
core   0: 0x8000bc50 (0x00001f17) auipc   t5, 0x1
core   0: 3 0x8000bc50 (0x00001f17) x30 0x8000cc50
core   0: 0x8000bc54 (0x3a3f2823) sw      gp, 944(t5)
core   0: 3 0x8000bc54 (0x3a3f2823) mem 0x8000d000 0x00000001
core   0: 0x8000bc58 (0x0000bfe5) c.j     pc - 8
core   0: 3 0x8000bc58 (0xbfe5)
core   0: 0x8000bc50 (0x00001f17) auipc   t5, 0x1
core   0: 3 0x8000bc50 (0x00001f17) x30 0x8000cc50
core   0: 0x8000bc54 (0x3a3f2823) sw      gp, 944(t5)
core   0: 3 0x8000bc54 (0x3a3f2823) mem 0x8000d000 0x00000001
core   0: 0x8000bc58 (0x0000bfe5) c.j     pc - 8
core   0: 3 0x8000bc58 (0xbfe5)
core   0: 0x8000bc50 (0x00001f17) auipc   t5, 0x1
core   0: 3 0x8000bc50 (0x00001f17) x30 0x8000cc50
core   0: 0x8000bc54 (0x3a3f2823) sw      gp, 944(t5)
core   0: 3 0x8000bc54 (0x3a3f2823) mem 0x8000d000 0x00000001
core   0: 0x8000bc58 (0x0000bfe5) c.j     pc - 8
core   0: 3 0x8000bc58 (0xbfe5)
core   0: 0x8000bc50 (0x00001f17) auipc   t5, 0x1
core   0: 3 0x8000bc50 (0x00001f17) x30 0x8000cc50
core   0: 0x8000bc54 (0x3a3f2823) sw      gp, 944(t5)
core   0: 3 0x8000bc54 (0x3a3f2823) mem 0x8000d000 0x00000001
core   0: 0x8000bc58 (0x0000bfe5) c.j     pc - 8
core   0: 3 0x8000bc58 (0xbfe5)
core   0: 0x8000bc50 (0x00001f17) auipc   t5, 0x1
core   0: 3 0x8000bc50 (0x00001f17) x30 0x8000cc50
core   0: 0x8000bc54 (0x3a3f2823) sw      gp, 944(t5)
core   0: 3 0x8000bc54 (0x3a3f2823) mem 0x8000d000 0x00000001
core   0: 0x8000bc58 (0x0000bfe5) c.j     pc - 8
core   0: 3 0x8000bc58 (0xbfe5)
core   0: 0x8000bc50 (0x00001f17) auipc   t5, 0x1
core   0: 3 0x8000bc50 (0x00001f17) x30 0x8000cc50
core   0: 0x8000bc54 (0x3a3f2823) sw      gp, 944(t5)
core   0: 3 0x8000bc54 (0x3a3f2823) mem 0x8000d000 0x00000001
core   0: 0x8000bc58 (0x0000bfe5) c.j     pc - 8
core   0: 3 0x8000bc58 (0xbfe5)
core   0: 0x8000bc50 (0x00001f17) auipc   t5, 0x1
core   0: 3 0x8000bc50 (0x00001f17) x30 0x8000cc50
core   0: 0x8000bc54 (0x3a3f2823) sw      gp, 944(t5)
core   0: 3 0x8000bc54 (0x3a3f2823) mem 0x8000d000 0x00000001
core   0: 0x8000bc58 (0x0000bfe5) c.j     pc - 8
core   0: 3 0x8000bc58 (0xbfe5)
core   0: 0x8000bc50 (0x00001f17) auipc   t5, 0x1
core   0: 3 0x8000bc50 (0x00001f17) x30 0x8000cc50
core   0: 0x8000bc54 (0x3a3f2823) sw      gp, 944(t5)
core   0: 3 0x8000bc54 (0x3a3f2823) mem 0x8000d000 0x00000001
core   0: 0x8000bc58 (0x0000bfe5) c.j     pc - 8
core   0: 3 0x8000bc58 (0xbfe5)
core   0: 0x8000bc50 (0x00001f17) auipc   t5, 0x1
core   0: 3 0x8000bc50 (0x00001f17) x30 0x8000cc50
core   0: 0x8000bc54 (0x3a3f2823) sw      gp, 944(t5)
core   0: 3 0x8000bc54 (0x3a3f2823) mem 0x8000d000 0x00000001
core   0: 0x8000bc58 (0x0000bfe5) c.j     pc - 8
core   0: 3 0x8000bc58 (0xbfe5)
core   0: 0x8000bc50 (0x00001f17) auipc   t5, 0x1
core   0: 3 0x8000bc50 (0x00001f17) x30 0x8000cc50
core   0: 0x8000bc54 (0x3a3f2823) sw      gp, 944(t5)
core   0: 3 0x8000bc54 (0x3a3f2823) mem 0x8000d000 0x00000001
core   0: 0x8000bc58 (0x0000bfe5) c.j     pc - 8
core   0: 3 0x8000bc58 (0xbfe5)
core   0: 0x8000bc50 (0x00001f17) auipc   t5, 0x1
core   0: 3 0x8000bc50 (0x00001f17) x30 0x8000cc50
core   0: 0x8000bc54 (0x3a3f2823) sw      gp, 944(t5)
core   0: 3 0x8000bc54 (0x3a3f2823) mem 0x8000d000 0x00000001
core   0: 0x8000bc58 (0x0000bfe5) c.j     pc - 8
core   0: 3 0x8000bc58 (0xbfe5)
core   0: 0x8000bc50 (0x00001f17) auipc   t5, 0x1
core   0: 3 0x8000bc50 (0x00001f17) x30 0x8000cc50
core   0: 0x8000bc54 (0x3a3f2823) sw      gp, 944(t5)
core   0: 3 0x8000bc54 (0x3a3f2823) mem 0x8000d000 0x00000001
core   0: 0x8000bc58 (0x0000bfe5) c.j     pc - 8
core   0: 3 0x8000bc58 (0xbfe5)
core   0: 0x8000bc50 (0x00001f17) auipc   t5, 0x1
core   0: 3 0x8000bc50 (0x00001f17) x30 0x8000cc50
core   0: 0x8000bc54 (0x3a3f2823) sw      gp, 944(t5)
core   0: 3 0x8000bc54 (0x3a3f2823) mem 0x8000d000 0x00000001
core   0: 0x8000bc58 (0x0000bfe5) c.j     pc - 8
core   0: 3 0x8000bc58 (0xbfe5)
core   0: 0x8000bc50 (0x00001f17) auipc   t5, 0x1
core   0: 3 0x8000bc50 (0x00001f17) x30 0x8000cc50
core   0: 0x8000bc54 (0x3a3f2823) sw      gp, 944(t5)
core   0: 3 0x8000bc54 (0x3a3f2823) mem 0x8000d000 0x00000001
core   0: 0x8000bc58 (0x0000bfe5) c.j     pc - 8
core   0: 3 0x8000bc58 (0xbfe5)
core   0: 0x8000bc50 (0x00001f17) auipc   t5, 0x1
core   0: 3 0x8000bc50 (0x00001f17) x30 0x8000cc50
core   0: 0x8000bc54 (0x3a3f2823) sw      gp, 944(t5)
core   0: 3 0x8000bc54 (0x3a3f2823) mem 0x8000d000 0x00000001
core   0: 0x8000bc58 (0x0000bfe5) c.j     pc - 8
core   0: 3 0x8000bc58 (0xbfe5)
core   0: 0x8000bc50 (0x00001f17) auipc   t5, 0x1
core   0: 3 0x8000bc50 (0x00001f17) x30 0x8000cc50
core   0: 0x8000bc54 (0x3a3f2823) sw      gp, 944(t5)
core   0: 3 0x8000bc54 (0x3a3f2823) mem 0x8000d000 0x00000001
core   0: 0x8000bc58 (0x0000bfe5) c.j     pc - 8
core   0: 3 0x8000bc58 (0xbfe5)
core   0: 0x8000bc50 (0x00001f17) auipc   t5, 0x1
core   0: 3 0x8000bc50 (0x00001f17) x30 0x8000cc50
core   0: 0x8000bc54 (0x3a3f2823) sw      gp, 944(t5)
core   0: 3 0x8000bc54 (0x3a3f2823) mem 0x8000d000 0x00000001
core   0: 0x8000bc58 (0x0000bfe5) c.j     pc - 8
core   0: 3 0x8000bc58 (0xbfe5)
core   0: 0x8000bc50 (0x00001f17) auipc   t5, 0x1
core   0: 3 0x8000bc50 (0x00001f17) x30 0x8000cc50
core   0: 0x8000bc54 (0x3a3f2823) sw      gp, 944(t5)
core   0: 3 0x8000bc54 (0x3a3f2823) mem 0x8000d000 0x00000001
core   0: 0x8000bc58 (0x0000bfe5) c.j     pc - 8
core   0: 3 0x8000bc58 (0xbfe5)
core   0: 0x8000bc50 (0x00001f17) auipc   t5, 0x1
core   0: 3 0x8000bc50 (0x00001f17) x30 0x8000cc50
core   0: 0x8000bc54 (0x3a3f2823) sw      gp, 944(t5)
core   0: 3 0x8000bc54 (0x3a3f2823) mem 0x8000d000 0x00000001
core   0: 0x8000bc58 (0x0000bfe5) c.j     pc - 8
core   0: 3 0x8000bc58 (0xbfe5)
core   0: 0x8000bc50 (0x00001f17) auipc   t5, 0x1
core   0: 3 0x8000bc50 (0x00001f17) x30 0x8000cc50
core   0: 0x8000bc54 (0x3a3f2823) sw      gp, 944(t5)
core   0: 3 0x8000bc54 (0x3a3f2823) mem 0x8000d000 0x00000001
core   0: 0x8000bc58 (0x0000bfe5) c.j     pc - 8
core   0: 3 0x8000bc58 (0xbfe5)
core   0: 0x8000bc50 (0x00001f17) auipc   t5, 0x1
core   0: 3 0x8000bc50 (0x00001f17) x30 0x8000cc50
core   0: 0x8000bc54 (0x3a3f2823) sw      gp, 944(t5)
core   0: 3 0x8000bc54 (0x3a3f2823) mem 0x8000d000 0x00000001
core   0: 0x8000bc58 (0x0000bfe5) c.j     pc - 8
core   0: 3 0x8000bc58 (0xbfe5)
core   0: 0x8000bc50 (0x00001f17) auipc   t5, 0x1
core   0: 3 0x8000bc50 (0x00001f17) x30 0x8000cc50
core   0: 0x8000bc54 (0x3a3f2823) sw      gp, 944(t5)
core   0: 3 0x8000bc54 (0x3a3f2823) mem 0x8000d000 0x00000001
core   0: 0x8000bc58 (0x0000bfe5) c.j     pc - 8
core   0: 3 0x8000bc58 (0xbfe5)
core   0: 0x8000bc50 (0x00001f17) auipc   t5, 0x1
core   0: 3 0x8000bc50 (0x00001f17) x30 0x8000cc50
core   0: 0x8000bc54 (0x3a3f2823) sw      gp, 944(t5)
core   0: 3 0x8000bc54 (0x3a3f2823) mem 0x8000d000 0x00000001
core   0: 0x8000bc58 (0x0000bfe5) c.j     pc - 8
core   0: 3 0x8000bc58 (0xbfe5)
core   0: 0x8000bc50 (0x00001f17) auipc   t5, 0x1
core   0: 3 0x8000bc50 (0x00001f17) x30 0x8000cc50
core   0: 0x8000bc54 (0x3a3f2823) sw      gp, 944(t5)
core   0: 3 0x8000bc54 (0x3a3f2823) mem 0x8000d000 0x00000001
core   0: 0x8000bc58 (0x0000bfe5) c.j     pc - 8
core   0: 3 0x8000bc58 (0xbfe5)
core   0: 0x8000bc50 (0x00001f17) auipc   t5, 0x1
core   0: 3 0x8000bc50 (0x00001f17) x30 0x8000cc50
core   0: 0x8000bc54 (0x3a3f2823) sw      gp, 944(t5)
core   0: 3 0x8000bc54 (0x3a3f2823) mem 0x8000d000 0x00000001
core   0: 0x8000bc58 (0x0000bfe5) c.j     pc - 8
core   0: 3 0x8000bc58 (0xbfe5)
core   0: 0x8000bc50 (0x00001f17) auipc   t5, 0x1
core   0: 3 0x8000bc50 (0x00001f17) x30 0x8000cc50
core   0: 0x8000bc54 (0x3a3f2823) sw      gp, 944(t5)
core   0: 3 0x8000bc54 (0x3a3f2823) mem 0x8000d000 0x00000001
core   0: 0x8000bc58 (0x0000bfe5) c.j     pc - 8
core   0: 3 0x8000bc58 (0xbfe5)
core   0: 0x8000bc50 (0x00001f17) auipc   t5, 0x1
core   0: 3 0x8000bc50 (0x00001f17) x30 0x8000cc50
core   0: 0x8000bc54 (0x3a3f2823) sw      gp, 944(t5)
core   0: 3 0x8000bc54 (0x3a3f2823) mem 0x8000d000 0x00000001
core   0: 0x8000bc58 (0x0000bfe5) c.j     pc - 8
core   0: 3 0x8000bc58 (0xbfe5)
core   0: 0x8000bc50 (0x00001f17) auipc   t5, 0x1
core   0: 3 0x8000bc50 (0x00001f17) x30 0x8000cc50
core   0: 0x8000bc54 (0x3a3f2823) sw      gp, 944(t5)
core   0: 3 0x8000bc54 (0x3a3f2823) mem 0x8000d000 0x00000001
core   0: 0x8000bc58 (0x0000bfe5) c.j     pc - 8
core   0: 3 0x8000bc58 (0xbfe5)
core   0: 0x8000bc50 (0x00001f17) auipc   t5, 0x1
core   0: 3 0x8000bc50 (0x00001f17) x30 0x8000cc50
core   0: 0x8000bc54 (0x3a3f2823) sw      gp, 944(t5)
core   0: 3 0x8000bc54 (0x3a3f2823) mem 0x8000d000 0x00000001
core   0: 0x8000bc58 (0x0000bfe5) c.j     pc - 8
core   0: 3 0x8000bc58 (0xbfe5)
core   0: 0x8000bc50 (0x00001f17) auipc   t5, 0x1
core   0: 3 0x8000bc50 (0x00001f17) x30 0x8000cc50
core   0: 0x8000bc54 (0x3a3f2823) sw      gp, 944(t5)
core   0: 3 0x8000bc54 (0x3a3f2823) mem 0x8000d000 0x00000001
core   0: 0x8000bc58 (0x0000bfe5) c.j     pc - 8
core   0: 3 0x8000bc58 (0xbfe5)
core   0: 0x8000bc50 (0x00001f17) auipc   t5, 0x1
core   0: 3 0x8000bc50 (0x00001f17) x30 0x8000cc50
core   0: 0x8000bc54 (0x3a3f2823) sw      gp, 944(t5)
core   0: 3 0x8000bc54 (0x3a3f2823) mem 0x8000d000 0x00000001
core   0: 0x8000bc58 (0x0000bfe5) c.j     pc - 8
core   0: 3 0x8000bc58 (0xbfe5)
core   0: 0x8000bc50 (0x00001f17) auipc   t5, 0x1
core   0: 3 0x8000bc50 (0x00001f17) x30 0x8000cc50
core   0: 0x8000bc54 (0x3a3f2823) sw      gp, 944(t5)
core   0: 3 0x8000bc54 (0x3a3f2823) mem 0x8000d000 0x00000001
core   0: 0x8000bc58 (0x0000bfe5) c.j     pc - 8
core   0: 3 0x8000bc58 (0xbfe5)
core   0: 0x8000bc50 (0x00001f17) auipc   t5, 0x1
core   0: 3 0x8000bc50 (0x00001f17) x30 0x8000cc50
core   0: 0x8000bc54 (0x3a3f2823) sw      gp, 944(t5)
core   0: 3 0x8000bc54 (0x3a3f2823) mem 0x8000d000 0x00000001
core   0: 0x8000bc58 (0x0000bfe5) c.j     pc - 8
core   0: 3 0x8000bc58 (0xbfe5)
core   0: 0x8000bc50 (0x00001f17) auipc   t5, 0x1
core   0: 3 0x8000bc50 (0x00001f17) x30 0x8000cc50
core   0: 0x8000bc54 (0x3a3f2823) sw      gp, 944(t5)
core   0: 3 0x8000bc54 (0x3a3f2823) mem 0x8000d000 0x00000001
core   0: 0x8000bc58 (0x0000bfe5) c.j     pc - 8
core   0: 3 0x8000bc58 (0xbfe5)
core   0: 0x8000bc50 (0x00001f17) auipc   t5, 0x1
core   0: 3 0x8000bc50 (0x00001f17) x30 0x8000cc50
core   0: 0x8000bc54 (0x3a3f2823) sw      gp, 944(t5)
core   0: 3 0x8000bc54 (0x3a3f2823) mem 0x8000d000 0x00000001
core   0: 0x8000bc58 (0x0000bfe5) c.j     pc - 8
core   0: 3 0x8000bc58 (0xbfe5)
core   0: 0x8000bc50 (0x00001f17) auipc   t5, 0x1
core   0: 3 0x8000bc50 (0x00001f17) x30 0x8000cc50
core   0: 0x8000bc54 (0x3a3f2823) sw      gp, 944(t5)
core   0: 3 0x8000bc54 (0x3a3f2823) mem 0x8000d000 0x00000001
core   0: 0x8000bc58 (0x0000bfe5) c.j     pc - 8
core   0: 3 0x8000bc58 (0xbfe5)
core   0: 0x8000bc50 (0x00001f17) auipc   t5, 0x1
core   0: 3 0x8000bc50 (0x00001f17) x30 0x8000cc50
core   0: 0x8000bc54 (0x3a3f2823) sw      gp, 944(t5)
core   0: 3 0x8000bc54 (0x3a3f2823) mem 0x8000d000 0x00000001
core   0: 0x8000bc58 (0x0000bfe5) c.j     pc - 8
core   0: 3 0x8000bc58 (0xbfe5)
core   0: 0x8000bc50 (0x00001f17) auipc   t5, 0x1
core   0: 3 0x8000bc50 (0x00001f17) x30 0x8000cc50
core   0: 0x8000bc54 (0x3a3f2823) sw      gp, 944(t5)
core   0: 3 0x8000bc54 (0x3a3f2823) mem 0x8000d000 0x00000001
core   0: 0x8000bc58 (0x0000bfe5) c.j     pc - 8
core   0: 3 0x8000bc58 (0xbfe5)
core   0: 0x8000bc50 (0x00001f17) auipc   t5, 0x1
core   0: 3 0x8000bc50 (0x00001f17) x30 0x8000cc50
core   0: 0x8000bc54 (0x3a3f2823) sw      gp, 944(t5)
core   0: 3 0x8000bc54 (0x3a3f2823) mem 0x8000d000 0x00000001
core   0: 0x8000bc58 (0x0000bfe5) c.j     pc - 8
core   0: 3 0x8000bc58 (0xbfe5)
core   0: 0x8000bc50 (0x00001f17) auipc   t5, 0x1
core   0: 3 0x8000bc50 (0x00001f17) x30 0x8000cc50
core   0: 0x8000bc54 (0x3a3f2823) sw      gp, 944(t5)
core   0: 3 0x8000bc54 (0x3a3f2823) mem 0x8000d000 0x00000001
core   0: 0x8000bc58 (0x0000bfe5) c.j     pc - 8
core   0: 3 0x8000bc58 (0xbfe5)
core   0: 0x8000bc50 (0x00001f17) auipc   t5, 0x1
core   0: 3 0x8000bc50 (0x00001f17) x30 0x8000cc50
core   0: 0x8000bc54 (0x3a3f2823) sw      gp, 944(t5)
core   0: 3 0x8000bc54 (0x3a3f2823) mem 0x8000d000 0x00000001
core   0: 0x8000bc58 (0x0000bfe5) c.j     pc - 8
core   0: 3 0x8000bc58 (0xbfe5)
core   0: 0x8000bc50 (0x00001f17) auipc   t5, 0x1
core   0: 3 0x8000bc50 (0x00001f17) x30 0x8000cc50
core   0: 0x8000bc54 (0x3a3f2823) sw      gp, 944(t5)
core   0: 3 0x8000bc54 (0x3a3f2823) mem 0x8000d000 0x00000001
core   0: 0x8000bc58 (0x0000bfe5) c.j     pc - 8
core   0: 3 0x8000bc58 (0xbfe5)
core   0: 0x8000bc50 (0x00001f17) auipc   t5, 0x1
core   0: 3 0x8000bc50 (0x00001f17) x30 0x8000cc50
core   0: 0x8000bc54 (0x3a3f2823) sw      gp, 944(t5)
core   0: 3 0x8000bc54 (0x3a3f2823) mem 0x8000d000 0x00000001
core   0: 0x8000bc58 (0x0000bfe5) c.j     pc - 8
core   0: 3 0x8000bc58 (0xbfe5)
core   0: 0x8000bc50 (0x00001f17) auipc   t5, 0x1
core   0: 3 0x8000bc50 (0x00001f17) x30 0x8000cc50
core   0: 0x8000bc54 (0x3a3f2823) sw      gp, 944(t5)
core   0: 3 0x8000bc54 (0x3a3f2823) mem 0x8000d000 0x00000001
core   0: 0x8000bc58 (0x0000bfe5) c.j     pc - 8
core   0: 3 0x8000bc58 (0xbfe5)
core   0: 0x8000bc50 (0x00001f17) auipc   t5, 0x1
core   0: 3 0x8000bc50 (0x00001f17) x30 0x8000cc50
core   0: 0x8000bc54 (0x3a3f2823) sw      gp, 944(t5)
core   0: 3 0x8000bc54 (0x3a3f2823) mem 0x8000d000 0x00000001
core   0: 0x8000bc58 (0x0000bfe5) c.j     pc - 8
core   0: 3 0x8000bc58 (0xbfe5)
core   0: 0x8000bc50 (0x00001f17) auipc   t5, 0x1
core   0: 3 0x8000bc50 (0x00001f17) x30 0x8000cc50
core   0: 0x8000bc54 (0x3a3f2823) sw      gp, 944(t5)
core   0: 3 0x8000bc54 (0x3a3f2823) mem 0x8000d000 0x00000001
core   0: 0x8000bc58 (0x0000bfe5) c.j     pc - 8
core   0: 3 0x8000bc58 (0xbfe5)
core   0: 0x8000bc50 (0x00001f17) auipc   t5, 0x1
core   0: 3 0x8000bc50 (0x00001f17) x30 0x8000cc50
core   0: 0x8000bc54 (0x3a3f2823) sw      gp, 944(t5)
core   0: 3 0x8000bc54 (0x3a3f2823) mem 0x8000d000 0x00000001
core   0: 0x8000bc58 (0x0000bfe5) c.j     pc - 8
core   0: 3 0x8000bc58 (0xbfe5)
core   0: 0x8000bc50 (0x00001f17) auipc   t5, 0x1
core   0: 3 0x8000bc50 (0x00001f17) x30 0x8000cc50
core   0: 0x8000bc54 (0x3a3f2823) sw      gp, 944(t5)
core   0: 3 0x8000bc54 (0x3a3f2823) mem 0x8000d000 0x00000001
core   0: 0x8000bc58 (0x0000bfe5) c.j     pc - 8
core   0: 3 0x8000bc58 (0xbfe5)
core   0: 0x8000bc50 (0x00001f17) auipc   t5, 0x1
core   0: 3 0x8000bc50 (0x00001f17) x30 0x8000cc50
core   0: 0x8000bc54 (0x3a3f2823) sw      gp, 944(t5)
core   0: 3 0x8000bc54 (0x3a3f2823) mem 0x8000d000 0x00000001
core   0: 0x8000bc58 (0x0000bfe5) c.j     pc - 8
core   0: 3 0x8000bc58 (0xbfe5)
core   0: 0x8000bc50 (0x00001f17) auipc   t5, 0x1
core   0: 3 0x8000bc50 (0x00001f17) x30 0x8000cc50
core   0: 0x8000bc54 (0x3a3f2823) sw      gp, 944(t5)
core   0: 3 0x8000bc54 (0x3a3f2823) mem 0x8000d000 0x00000001
core   0: 0x8000bc58 (0x0000bfe5) c.j     pc - 8
core   0: 3 0x8000bc58 (0xbfe5)
core   0: 0x8000bc50 (0x00001f17) auipc   t5, 0x1
core   0: 3 0x8000bc50 (0x00001f17) x30 0x8000cc50
core   0: 0x8000bc54 (0x3a3f2823) sw      gp, 944(t5)
core   0: 3 0x8000bc54 (0x3a3f2823) mem 0x8000d000 0x00000001
core   0: 0x8000bc58 (0x0000bfe5) c.j     pc - 8
core   0: 3 0x8000bc58 (0xbfe5)
core   0: 0x8000bc50 (0x00001f17) auipc   t5, 0x1
core   0: 3 0x8000bc50 (0x00001f17) x30 0x8000cc50
core   0: 0x8000bc54 (0x3a3f2823) sw      gp, 944(t5)
core   0: 3 0x8000bc54 (0x3a3f2823) mem 0x8000d000 0x00000001
core   0: 0x8000bc58 (0x0000bfe5) c.j     pc - 8
core   0: 3 0x8000bc58 (0xbfe5)
core   0: 0x8000bc50 (0x00001f17) auipc   t5, 0x1
core   0: 3 0x8000bc50 (0x00001f17) x30 0x8000cc50
core   0: 0x8000bc54 (0x3a3f2823) sw      gp, 944(t5)
core   0: 3 0x8000bc54 (0x3a3f2823) mem 0x8000d000 0x00000001
core   0: 0x8000bc58 (0x0000bfe5) c.j     pc - 8
core   0: 3 0x8000bc58 (0xbfe5)
core   0: 0x8000bc50 (0x00001f17) auipc   t5, 0x1
core   0: 3 0x8000bc50 (0x00001f17) x30 0x8000cc50
core   0: 0x8000bc54 (0x3a3f2823) sw      gp, 944(t5)
core   0: 3 0x8000bc54 (0x3a3f2823) mem 0x8000d000 0x00000001
core   0: 0x8000bc58 (0x0000bfe5) c.j     pc - 8
core   0: 3 0x8000bc58 (0xbfe5)
core   0: 0x8000bc50 (0x00001f17) auipc   t5, 0x1
core   0: 3 0x8000bc50 (0x00001f17) x30 0x8000cc50
core   0: 0x8000bc54 (0x3a3f2823) sw      gp, 944(t5)
core   0: 3 0x8000bc54 (0x3a3f2823) mem 0x8000d000 0x00000001
core   0: 0x8000bc58 (0x0000bfe5) c.j     pc - 8
core   0: 3 0x8000bc58 (0xbfe5)
core   0: 0x8000bc50 (0x00001f17) auipc   t5, 0x1
core   0: 3 0x8000bc50 (0x00001f17) x30 0x8000cc50
core   0: 0x8000bc54 (0x3a3f2823) sw      gp, 944(t5)
core   0: 3 0x8000bc54 (0x3a3f2823) mem 0x8000d000 0x00000001
core   0: 0x8000bc58 (0x0000bfe5) c.j     pc - 8
core   0: 3 0x8000bc58 (0xbfe5)
core   0: 0x8000bc50 (0x00001f17) auipc   t5, 0x1
core   0: 3 0x8000bc50 (0x00001f17) x30 0x8000cc50
core   0: 0x8000bc54 (0x3a3f2823) sw      gp, 944(t5)
core   0: 3 0x8000bc54 (0x3a3f2823) mem 0x8000d000 0x00000001
core   0: 0x8000bc58 (0x0000bfe5) c.j     pc - 8
core   0: 3 0x8000bc58 (0xbfe5)
core   0: 0x8000bc50 (0x00001f17) auipc   t5, 0x1
core   0: 3 0x8000bc50 (0x00001f17) x30 0x8000cc50
core   0: 0x8000bc54 (0x3a3f2823) sw      gp, 944(t5)
core   0: 3 0x8000bc54 (0x3a3f2823) mem 0x8000d000 0x00000001
core   0: 0x8000bc58 (0x0000bfe5) c.j     pc - 8
core   0: 3 0x8000bc58 (0xbfe5)
core   0: 0x8000bc50 (0x00001f17) auipc   t5, 0x1
core   0: 3 0x8000bc50 (0x00001f17) x30 0x8000cc50
core   0: 0x8000bc54 (0x3a3f2823) sw      gp, 944(t5)
core   0: 3 0x8000bc54 (0x3a3f2823) mem 0x8000d000 0x00000001
core   0: 0x8000bc58 (0x0000bfe5) c.j     pc - 8
core   0: 3 0x8000bc58 (0xbfe5)
core   0: 0x8000bc50 (0x00001f17) auipc   t5, 0x1
core   0: 3 0x8000bc50 (0x00001f17) x30 0x8000cc50
core   0: 0x8000bc54 (0x3a3f2823) sw      gp, 944(t5)
core   0: 3 0x8000bc54 (0x3a3f2823) mem 0x8000d000 0x00000001
core   0: 0x8000bc58 (0x0000bfe5) c.j     pc - 8
core   0: 3 0x8000bc58 (0xbfe5)
core   0: 0x8000bc50 (0x00001f17) auipc   t5, 0x1
core   0: 3 0x8000bc50 (0x00001f17) x30 0x8000cc50
core   0: 0x8000bc54 (0x3a3f2823) sw      gp, 944(t5)
core   0: 3 0x8000bc54 (0x3a3f2823) mem 0x8000d000 0x00000001
core   0: 0x8000bc58 (0x0000bfe5) c.j     pc - 8
core   0: 3 0x8000bc58 (0xbfe5)
core   0: 0x8000bc50 (0x00001f17) auipc   t5, 0x1
core   0: 3 0x8000bc50 (0x00001f17) x30 0x8000cc50
core   0: 0x8000bc54 (0x3a3f2823) sw      gp, 944(t5)
core   0: 3 0x8000bc54 (0x3a3f2823) mem 0x8000d000 0x00000001
core   0: 0x8000bc58 (0x0000bfe5) c.j     pc - 8
core   0: 3 0x8000bc58 (0xbfe5)
core   0: 0x8000bc50 (0x00001f17) auipc   t5, 0x1
core   0: 3 0x8000bc50 (0x00001f17) x30 0x8000cc50
core   0: 0x8000bc54 (0x3a3f2823) sw      gp, 944(t5)
core   0: 3 0x8000bc54 (0x3a3f2823) mem 0x8000d000 0x00000001
core   0: 0x8000bc58 (0x0000bfe5) c.j     pc - 8
core   0: 3 0x8000bc58 (0xbfe5)
core   0: 0x8000bc50 (0x00001f17) auipc   t5, 0x1
core   0: 3 0x8000bc50 (0x00001f17) x30 0x8000cc50
core   0: 0x8000bc54 (0x3a3f2823) sw      gp, 944(t5)
core   0: 3 0x8000bc54 (0x3a3f2823) mem 0x8000d000 0x00000001
core   0: 0x8000bc58 (0x0000bfe5) c.j     pc - 8
core   0: 3 0x8000bc58 (0xbfe5)
core   0: 0x8000bc50 (0x00001f17) auipc   t5, 0x1
core   0: 3 0x8000bc50 (0x00001f17) x30 0x8000cc50
core   0: 0x8000bc54 (0x3a3f2823) sw      gp, 944(t5)
core   0: 3 0x8000bc54 (0x3a3f2823) mem 0x8000d000 0x00000001
core   0: 0x8000bc58 (0x0000bfe5) c.j     pc - 8
core   0: 3 0x8000bc58 (0xbfe5)
core   0: 0x8000bc50 (0x00001f17) auipc   t5, 0x1
core   0: 3 0x8000bc50 (0x00001f17) x30 0x8000cc50
core   0: 0x8000bc54 (0x3a3f2823) sw      gp, 944(t5)
core   0: 3 0x8000bc54 (0x3a3f2823) mem 0x8000d000 0x00000001
core   0: 0x8000bc58 (0x0000bfe5) c.j     pc - 8
core   0: 3 0x8000bc58 (0xbfe5)
core   0: 0x8000bc50 (0x00001f17) auipc   t5, 0x1
core   0: 3 0x8000bc50 (0x00001f17) x30 0x8000cc50
core   0: 0x8000bc54 (0x3a3f2823) sw      gp, 944(t5)
core   0: 3 0x8000bc54 (0x3a3f2823) mem 0x8000d000 0x00000001
core   0: 0x8000bc58 (0x0000bfe5) c.j     pc - 8
core   0: 3 0x8000bc58 (0xbfe5)
core   0: 0x8000bc50 (0x00001f17) auipc   t5, 0x1
core   0: 3 0x8000bc50 (0x00001f17) x30 0x8000cc50
core   0: 0x8000bc54 (0x3a3f2823) sw      gp, 944(t5)
core   0: 3 0x8000bc54 (0x3a3f2823) mem 0x8000d000 0x00000001
core   0: 0x8000bc58 (0x0000bfe5) c.j     pc - 8
core   0: 3 0x8000bc58 (0xbfe5)
core   0: 0x8000bc50 (0x00001f17) auipc   t5, 0x1
core   0: 3 0x8000bc50 (0x00001f17) x30 0x8000cc50
core   0: 0x8000bc54 (0x3a3f2823) sw      gp, 944(t5)
core   0: 3 0x8000bc54 (0x3a3f2823) mem 0x8000d000 0x00000001
core   0: 0x8000bc58 (0x0000bfe5) c.j     pc - 8
core   0: 3 0x8000bc58 (0xbfe5)
core   0: 0x8000bc50 (0x00001f17) auipc   t5, 0x1
core   0: 3 0x8000bc50 (0x00001f17) x30 0x8000cc50
core   0: 0x8000bc54 (0x3a3f2823) sw      gp, 944(t5)
core   0: 3 0x8000bc54 (0x3a3f2823) mem 0x8000d000 0x00000001
core   0: 0x8000bc58 (0x0000bfe5) c.j     pc - 8
core   0: 3 0x8000bc58 (0xbfe5)
core   0: 0x8000bc50 (0x00001f17) auipc   t5, 0x1
core   0: 3 0x8000bc50 (0x00001f17) x30 0x8000cc50
core   0: 0x8000bc54 (0x3a3f2823) sw      gp, 944(t5)
core   0: 3 0x8000bc54 (0x3a3f2823) mem 0x8000d000 0x00000001
core   0: 0x8000bc58 (0x0000bfe5) c.j     pc - 8
core   0: 3 0x8000bc58 (0xbfe5)
core   0: 0x8000bc50 (0x00001f17) auipc   t5, 0x1
core   0: 3 0x8000bc50 (0x00001f17) x30 0x8000cc50
core   0: 0x8000bc54 (0x3a3f2823) sw      gp, 944(t5)
core   0: 3 0x8000bc54 (0x3a3f2823) mem 0x8000d000 0x00000001
core   0: 0x8000bc58 (0x0000bfe5) c.j     pc - 8
core   0: 3 0x8000bc58 (0xbfe5)
core   0: 0x8000bc50 (0x00001f17) auipc   t5, 0x1
core   0: 3 0x8000bc50 (0x00001f17) x30 0x8000cc50
core   0: 0x8000bc54 (0x3a3f2823) sw      gp, 944(t5)
core   0: 3 0x8000bc54 (0x3a3f2823) mem 0x8000d000 0x00000001
core   0: 0x8000bc58 (0x0000bfe5) c.j     pc - 8
core   0: 3 0x8000bc58 (0xbfe5)
core   0: 0x8000bc50 (0x00001f17) auipc   t5, 0x1
core   0: 3 0x8000bc50 (0x00001f17) x30 0x8000cc50
core   0: 0x8000bc54 (0x3a3f2823) sw      gp, 944(t5)
core   0: 3 0x8000bc54 (0x3a3f2823) mem 0x8000d000 0x00000001
core   0: 0x8000bc58 (0x0000bfe5) c.j     pc - 8
core   0: 3 0x8000bc58 (0xbfe5)
core   0: 0x8000bc50 (0x00001f17) auipc   t5, 0x1
core   0: 3 0x8000bc50 (0x00001f17) x30 0x8000cc50
core   0: 0x8000bc54 (0x3a3f2823) sw      gp, 944(t5)
core   0: 3 0x8000bc54 (0x3a3f2823) mem 0x8000d000 0x00000001
core   0: 0x8000bc58 (0x0000bfe5) c.j     pc - 8
core   0: 3 0x8000bc58 (0xbfe5)
core   0: 0x8000bc50 (0x00001f17) auipc   t5, 0x1
core   0: 3 0x8000bc50 (0x00001f17) x30 0x8000cc50
core   0: 0x8000bc54 (0x3a3f2823) sw      gp, 944(t5)
core   0: 3 0x8000bc54 (0x3a3f2823) mem 0x8000d000 0x00000001
core   0: 0x8000bc58 (0x0000bfe5) c.j     pc - 8
core   0: 3 0x8000bc58 (0xbfe5)
core   0: 0x8000bc50 (0x00001f17) auipc   t5, 0x1
core   0: 3 0x8000bc50 (0x00001f17) x30 0x8000cc50
core   0: 0x8000bc54 (0x3a3f2823) sw      gp, 944(t5)
core   0: 3 0x8000bc54 (0x3a3f2823) mem 0x8000d000 0x00000001
core   0: 0x8000bc58 (0x0000bfe5) c.j     pc - 8
core   0: 3 0x8000bc58 (0xbfe5)
core   0: 0x8000bc50 (0x00001f17) auipc   t5, 0x1
core   0: 3 0x8000bc50 (0x00001f17) x30 0x8000cc50
core   0: 0x8000bc54 (0x3a3f2823) sw      gp, 944(t5)
core   0: 3 0x8000bc54 (0x3a3f2823) mem 0x8000d000 0x00000001
core   0: 0x8000bc58 (0x0000bfe5) c.j     pc - 8
core   0: 3 0x8000bc58 (0xbfe5)
core   0: 0x8000bc50 (0x00001f17) auipc   t5, 0x1
core   0: 3 0x8000bc50 (0x00001f17) x30 0x8000cc50
core   0: 0x8000bc54 (0x3a3f2823) sw      gp, 944(t5)
core   0: 3 0x8000bc54 (0x3a3f2823) mem 0x8000d000 0x00000001
core   0: 0x8000bc58 (0x0000bfe5) c.j     pc - 8
core   0: 3 0x8000bc58 (0xbfe5)
core   0: 0x8000bc50 (0x00001f17) auipc   t5, 0x1
core   0: 3 0x8000bc50 (0x00001f17) x30 0x8000cc50
core   0: 0x8000bc54 (0x3a3f2823) sw      gp, 944(t5)
core   0: 3 0x8000bc54 (0x3a3f2823) mem 0x8000d000 0x00000001
core   0: 0x8000bc58 (0x0000bfe5) c.j     pc - 8
core   0: 3 0x8000bc58 (0xbfe5)
core   0: 0x8000bc50 (0x00001f17) auipc   t5, 0x1
core   0: 3 0x8000bc50 (0x00001f17) x30 0x8000cc50
core   0: 0x8000bc54 (0x3a3f2823) sw      gp, 944(t5)
core   0: 3 0x8000bc54 (0x3a3f2823) mem 0x8000d000 0x00000001
core   0: 0x8000bc58 (0x0000bfe5) c.j     pc - 8
core   0: 3 0x8000bc58 (0xbfe5)
core   0: 0x8000bc50 (0x00001f17) auipc   t5, 0x1
core   0: 3 0x8000bc50 (0x00001f17) x30 0x8000cc50
core   0: 0x8000bc54 (0x3a3f2823) sw      gp, 944(t5)
core   0: 3 0x8000bc54 (0x3a3f2823) mem 0x8000d000 0x00000001
core   0: 0x8000bc58 (0x0000bfe5) c.j     pc - 8
core   0: 3 0x8000bc58 (0xbfe5)
core   0: 0x8000bc50 (0x00001f17) auipc   t5, 0x1
core   0: 3 0x8000bc50 (0x00001f17) x30 0x8000cc50
core   0: 0x8000bc54 (0x3a3f2823) sw      gp, 944(t5)
core   0: 3 0x8000bc54 (0x3a3f2823) mem 0x8000d000 0x00000001
core   0: 0x8000bc58 (0x0000bfe5) c.j     pc - 8
core   0: 3 0x8000bc58 (0xbfe5)
core   0: 0x8000bc50 (0x00001f17) auipc   t5, 0x1
core   0: 3 0x8000bc50 (0x00001f17) x30 0x8000cc50
core   0: 0x8000bc54 (0x3a3f2823) sw      gp, 944(t5)
core   0: 3 0x8000bc54 (0x3a3f2823) mem 0x8000d000 0x00000001
core   0: 0x8000bc58 (0x0000bfe5) c.j     pc - 8
core   0: 3 0x8000bc58 (0xbfe5)
core   0: 0x8000bc50 (0x00001f17) auipc   t5, 0x1
core   0: 3 0x8000bc50 (0x00001f17) x30 0x8000cc50
core   0: 0x8000bc54 (0x3a3f2823) sw      gp, 944(t5)
core   0: 3 0x8000bc54 (0x3a3f2823) mem 0x8000d000 0x00000001
core   0: 0x8000bc58 (0x0000bfe5) c.j     pc - 8
core   0: 3 0x8000bc58 (0xbfe5)
core   0: 0x8000bc50 (0x00001f17) auipc   t5, 0x1
core   0: 3 0x8000bc50 (0x00001f17) x30 0x8000cc50
core   0: 0x8000bc54 (0x3a3f2823) sw      gp, 944(t5)
core   0: 3 0x8000bc54 (0x3a3f2823) mem 0x8000d000 0x00000001
core   0: 0x8000bc58 (0x0000bfe5) c.j     pc - 8
core   0: 3 0x8000bc58 (0xbfe5)
core   0: 0x8000bc50 (0x00001f17) auipc   t5, 0x1
core   0: 3 0x8000bc50 (0x00001f17) x30 0x8000cc50
core   0: 0x8000bc54 (0x3a3f2823) sw      gp, 944(t5)
core   0: 3 0x8000bc54 (0x3a3f2823) mem 0x8000d000 0x00000001
core   0: 0x8000bc58 (0x0000bfe5) c.j     pc - 8
core   0: 3 0x8000bc58 (0xbfe5)
core   0: 0x8000bc50 (0x00001f17) auipc   t5, 0x1
core   0: 3 0x8000bc50 (0x00001f17) x30 0x8000cc50
core   0: 0x8000bc54 (0x3a3f2823) sw      gp, 944(t5)
core   0: 3 0x8000bc54 (0x3a3f2823) mem 0x8000d000 0x00000001
core   0: 0x8000bc58 (0x0000bfe5) c.j     pc - 8
core   0: 3 0x8000bc58 (0xbfe5)
core   0: 0x8000bc50 (0x00001f17) auipc   t5, 0x1
core   0: 3 0x8000bc50 (0x00001f17) x30 0x8000cc50
core   0: 0x8000bc54 (0x3a3f2823) sw      gp, 944(t5)
core   0: 3 0x8000bc54 (0x3a3f2823) mem 0x8000d000 0x00000001
core   0: 0x8000bc58 (0x0000bfe5) c.j     pc - 8
core   0: 3 0x8000bc58 (0xbfe5)
core   0: 0x8000bc50 (0x00001f17) auipc   t5, 0x1
core   0: 3 0x8000bc50 (0x00001f17) x30 0x8000cc50
core   0: 0x8000bc54 (0x3a3f2823) sw      gp, 944(t5)
core   0: 3 0x8000bc54 (0x3a3f2823) mem 0x8000d000 0x00000001
core   0: 0x8000bc58 (0x0000bfe5) c.j     pc - 8
core   0: 3 0x8000bc58 (0xbfe5)
core   0: 0x8000bc50 (0x00001f17) auipc   t5, 0x1
core   0: 3 0x8000bc50 (0x00001f17) x30 0x8000cc50
core   0: 0x8000bc54 (0x3a3f2823) sw      gp, 944(t5)
core   0: 3 0x8000bc54 (0x3a3f2823) mem 0x8000d000 0x00000001
core   0: 0x8000bc58 (0x0000bfe5) c.j     pc - 8
core   0: 3 0x8000bc58 (0xbfe5)
core   0: 0x8000bc50 (0x00001f17) auipc   t5, 0x1
core   0: 3 0x8000bc50 (0x00001f17) x30 0x8000cc50
core   0: 0x8000bc54 (0x3a3f2823) sw      gp, 944(t5)
core   0: 3 0x8000bc54 (0x3a3f2823) mem 0x8000d000 0x00000001
core   0: 0x8000bc58 (0x0000bfe5) c.j     pc - 8
core   0: 3 0x8000bc58 (0xbfe5)
core   0: 0x8000bc50 (0x00001f17) auipc   t5, 0x1
core   0: 3 0x8000bc50 (0x00001f17) x30 0x8000cc50
core   0: 0x8000bc54 (0x3a3f2823) sw      gp, 944(t5)
core   0: 3 0x8000bc54 (0x3a3f2823) mem 0x8000d000 0x00000001
core   0: 0x8000bc58 (0x0000bfe5) c.j     pc - 8
core   0: 3 0x8000bc58 (0xbfe5)
core   0: 0x8000bc50 (0x00001f17) auipc   t5, 0x1
core   0: 3 0x8000bc50 (0x00001f17) x30 0x8000cc50
core   0: 0x8000bc54 (0x3a3f2823) sw      gp, 944(t5)
core   0: 3 0x8000bc54 (0x3a3f2823) mem 0x8000d000 0x00000001
core   0: 0x8000bc58 (0x0000bfe5) c.j     pc - 8
core   0: 3 0x8000bc58 (0xbfe5)
core   0: 0x8000bc50 (0x00001f17) auipc   t5, 0x1
core   0: 3 0x8000bc50 (0x00001f17) x30 0x8000cc50
core   0: 0x8000bc54 (0x3a3f2823) sw      gp, 944(t5)
core   0: 3 0x8000bc54 (0x3a3f2823) mem 0x8000d000 0x00000001
core   0: 0x8000bc58 (0x0000bfe5) c.j     pc - 8
core   0: 3 0x8000bc58 (0xbfe5)
core   0: 0x8000bc50 (0x00001f17) auipc   t5, 0x1
core   0: 3 0x8000bc50 (0x00001f17) x30 0x8000cc50
core   0: 0x8000bc54 (0x3a3f2823) sw      gp, 944(t5)
core   0: 3 0x8000bc54 (0x3a3f2823) mem 0x8000d000 0x00000001
core   0: 0x8000bc58 (0x0000bfe5) c.j     pc - 8
core   0: 3 0x8000bc58 (0xbfe5)
core   0: 0x8000bc50 (0x00001f17) auipc   t5, 0x1
core   0: 3 0x8000bc50 (0x00001f17) x30 0x8000cc50
core   0: 0x8000bc54 (0x3a3f2823) sw      gp, 944(t5)
core   0: 3 0x8000bc54 (0x3a3f2823) mem 0x8000d000 0x00000001
core   0: 0x8000bc58 (0x0000bfe5) c.j     pc - 8
core   0: 3 0x8000bc58 (0xbfe5)
core   0: 0x8000bc50 (0x00001f17) auipc   t5, 0x1
core   0: 3 0x8000bc50 (0x00001f17) x30 0x8000cc50
core   0: 0x8000bc54 (0x3a3f2823) sw      gp, 944(t5)
core   0: 3 0x8000bc54 (0x3a3f2823) mem 0x8000d000 0x00000001
core   0: 0x8000bc58 (0x0000bfe5) c.j     pc - 8
core   0: 3 0x8000bc58 (0xbfe5)
core   0: 0x8000bc50 (0x00001f17) auipc   t5, 0x1
core   0: 3 0x8000bc50 (0x00001f17) x30 0x8000cc50
core   0: 0x8000bc54 (0x3a3f2823) sw      gp, 944(t5)
core   0: 3 0x8000bc54 (0x3a3f2823) mem 0x8000d000 0x00000001
core   0: 0x8000bc58 (0x0000bfe5) c.j     pc - 8
core   0: 3 0x8000bc58 (0xbfe5)
core   0: 0x8000bc50 (0x00001f17) auipc   t5, 0x1
core   0: 3 0x8000bc50 (0x00001f17) x30 0x8000cc50
core   0: 0x8000bc54 (0x3a3f2823) sw      gp, 944(t5)
core   0: 3 0x8000bc54 (0x3a3f2823) mem 0x8000d000 0x00000001
core   0: 0x8000bc58 (0x0000bfe5) c.j     pc - 8
core   0: 3 0x8000bc58 (0xbfe5)
core   0: 0x8000bc50 (0x00001f17) auipc   t5, 0x1
core   0: 3 0x8000bc50 (0x00001f17) x30 0x8000cc50
core   0: 0x8000bc54 (0x3a3f2823) sw      gp, 944(t5)
core   0: 3 0x8000bc54 (0x3a3f2823) mem 0x8000d000 0x00000001
core   0: 0x8000bc58 (0x0000bfe5) c.j     pc - 8
core   0: 3 0x8000bc58 (0xbfe5)
core   0: 0x8000bc50 (0x00001f17) auipc   t5, 0x1
core   0: 3 0x8000bc50 (0x00001f17) x30 0x8000cc50
core   0: 0x8000bc54 (0x3a3f2823) sw      gp, 944(t5)
core   0: 3 0x8000bc54 (0x3a3f2823) mem 0x8000d000 0x00000001
core   0: 0x8000bc58 (0x0000bfe5) c.j     pc - 8
core   0: 3 0x8000bc58 (0xbfe5)
core   0: 0x8000bc50 (0x00001f17) auipc   t5, 0x1
core   0: 3 0x8000bc50 (0x00001f17) x30 0x8000cc50
core   0: 0x8000bc54 (0x3a3f2823) sw      gp, 944(t5)
core   0: 3 0x8000bc54 (0x3a3f2823) mem 0x8000d000 0x00000001
core   0: 0x8000bc58 (0x0000bfe5) c.j     pc - 8
core   0: 3 0x8000bc58 (0xbfe5)
core   0: 0x8000bc50 (0x00001f17) auipc   t5, 0x1
core   0: 3 0x8000bc50 (0x00001f17) x30 0x8000cc50
core   0: 0x8000bc54 (0x3a3f2823) sw      gp, 944(t5)
core   0: 3 0x8000bc54 (0x3a3f2823) mem 0x8000d000 0x00000001
core   0: 0x8000bc58 (0x0000bfe5) c.j     pc - 8
core   0: 3 0x8000bc58 (0xbfe5)
core   0: 0x8000bc50 (0x00001f17) auipc   t5, 0x1
core   0: 3 0x8000bc50 (0x00001f17) x30 0x8000cc50
core   0: 0x8000bc54 (0x3a3f2823) sw      gp, 944(t5)
core   0: 3 0x8000bc54 (0x3a3f2823) mem 0x8000d000 0x00000001
core   0: 0x8000bc58 (0x0000bfe5) c.j     pc - 8
core   0: 3 0x8000bc58 (0xbfe5)
core   0: 0x8000bc50 (0x00001f17) auipc   t5, 0x1
core   0: 3 0x8000bc50 (0x00001f17) x30 0x8000cc50
core   0: 0x8000bc54 (0x3a3f2823) sw      gp, 944(t5)
core   0: 3 0x8000bc54 (0x3a3f2823) mem 0x8000d000 0x00000001
core   0: 0x8000bc58 (0x0000bfe5) c.j     pc - 8
core   0: 3 0x8000bc58 (0xbfe5)
core   0: 0x8000bc50 (0x00001f17) auipc   t5, 0x1
core   0: 3 0x8000bc50 (0x00001f17) x30 0x8000cc50
core   0: 0x8000bc54 (0x3a3f2823) sw      gp, 944(t5)
core   0: 3 0x8000bc54 (0x3a3f2823) mem 0x8000d000 0x00000001
core   0: 0x8000bc58 (0x0000bfe5) c.j     pc - 8
core   0: 3 0x8000bc58 (0xbfe5)
core   0: 0x8000bc50 (0x00001f17) auipc   t5, 0x1
core   0: 3 0x8000bc50 (0x00001f17) x30 0x8000cc50
core   0: 0x8000bc54 (0x3a3f2823) sw      gp, 944(t5)
core   0: 3 0x8000bc54 (0x3a3f2823) mem 0x8000d000 0x00000001
core   0: 0x8000bc58 (0x0000bfe5) c.j     pc - 8
core   0: 3 0x8000bc58 (0xbfe5)
core   0: 0x8000bc50 (0x00001f17) auipc   t5, 0x1
core   0: 3 0x8000bc50 (0x00001f17) x30 0x8000cc50
core   0: 0x8000bc54 (0x3a3f2823) sw      gp, 944(t5)
core   0: 3 0x8000bc54 (0x3a3f2823) mem 0x8000d000 0x00000001
core   0: 0x8000bc58 (0x0000bfe5) c.j     pc - 8
core   0: 3 0x8000bc58 (0xbfe5)
core   0: 0x8000bc50 (0x00001f17) auipc   t5, 0x1
core   0: 3 0x8000bc50 (0x00001f17) x30 0x8000cc50
core   0: 0x8000bc54 (0x3a3f2823) sw      gp, 944(t5)
core   0: 3 0x8000bc54 (0x3a3f2823) mem 0x8000d000 0x00000001
core   0: 0x8000bc58 (0x0000bfe5) c.j     pc - 8
core   0: 3 0x8000bc58 (0xbfe5)
core   0: 0x8000bc50 (0x00001f17) auipc   t5, 0x1
core   0: 3 0x8000bc50 (0x00001f17) x30 0x8000cc50
core   0: 0x8000bc54 (0x3a3f2823) sw      gp, 944(t5)
core   0: 3 0x8000bc54 (0x3a3f2823) mem 0x8000d000 0x00000001
core   0: 0x8000bc58 (0x0000bfe5) c.j     pc - 8
core   0: 3 0x8000bc58 (0xbfe5)
core   0: 0x8000bc50 (0x00001f17) auipc   t5, 0x1
core   0: 3 0x8000bc50 (0x00001f17) x30 0x8000cc50
core   0: 0x8000bc54 (0x3a3f2823) sw      gp, 944(t5)
core   0: 3 0x8000bc54 (0x3a3f2823) mem 0x8000d000 0x00000001
core   0: 0x8000bc58 (0x0000bfe5) c.j     pc - 8
core   0: 3 0x8000bc58 (0xbfe5)
core   0: 0x8000bc50 (0x00001f17) auipc   t5, 0x1
core   0: 3 0x8000bc50 (0x00001f17) x30 0x8000cc50
core   0: 0x8000bc54 (0x3a3f2823) sw      gp, 944(t5)
core   0: 3 0x8000bc54 (0x3a3f2823) mem 0x8000d000 0x00000001
core   0: 0x8000bc58 (0x0000bfe5) c.j     pc - 8
core   0: 3 0x8000bc58 (0xbfe5)
core   0: 0x8000bc50 (0x00001f17) auipc   t5, 0x1
core   0: 3 0x8000bc50 (0x00001f17) x30 0x8000cc50
core   0: 0x8000bc54 (0x3a3f2823) sw      gp, 944(t5)
core   0: 3 0x8000bc54 (0x3a3f2823) mem 0x8000d000 0x00000001
core   0: 0x8000bc58 (0x0000bfe5) c.j     pc - 8
core   0: 3 0x8000bc58 (0xbfe5)
core   0: 0x8000bc50 (0x00001f17) auipc   t5, 0x1
core   0: 3 0x8000bc50 (0x00001f17) x30 0x8000cc50
core   0: 0x8000bc54 (0x3a3f2823) sw      gp, 944(t5)
core   0: 3 0x8000bc54 (0x3a3f2823) mem 0x8000d000 0x00000001
core   0: 0x8000bc58 (0x0000bfe5) c.j     pc - 8
core   0: 3 0x8000bc58 (0xbfe5)
core   0: 0x8000bc50 (0x00001f17) auipc   t5, 0x1
core   0: 3 0x8000bc50 (0x00001f17) x30 0x8000cc50
core   0: 0x8000bc54 (0x3a3f2823) sw      gp, 944(t5)
core   0: 3 0x8000bc54 (0x3a3f2823) mem 0x8000d000 0x00000001
core   0: 0x8000bc58 (0x0000bfe5) c.j     pc - 8
core   0: 3 0x8000bc58 (0xbfe5)
core   0: 0x8000bc50 (0x00001f17) auipc   t5, 0x1
core   0: 3 0x8000bc50 (0x00001f17) x30 0x8000cc50
core   0: 0x8000bc54 (0x3a3f2823) sw      gp, 944(t5)
core   0: 3 0x8000bc54 (0x3a3f2823) mem 0x8000d000 0x00000001
core   0: 0x8000bc58 (0x0000bfe5) c.j     pc - 8
core   0: 3 0x8000bc58 (0xbfe5)
core   0: 0x8000bc50 (0x00001f17) auipc   t5, 0x1
core   0: 3 0x8000bc50 (0x00001f17) x30 0x8000cc50
core   0: 0x8000bc54 (0x3a3f2823) sw      gp, 944(t5)
core   0: 3 0x8000bc54 (0x3a3f2823) mem 0x8000d000 0x00000001
core   0: 0x8000bc58 (0x0000bfe5) c.j     pc - 8
core   0: 3 0x8000bc58 (0xbfe5)
core   0: 0x8000bc50 (0x00001f17) auipc   t5, 0x1
core   0: 3 0x8000bc50 (0x00001f17) x30 0x8000cc50
core   0: 0x8000bc54 (0x3a3f2823) sw      gp, 944(t5)
core   0: 3 0x8000bc54 (0x3a3f2823) mem 0x8000d000 0x00000001
core   0: 0x8000bc58 (0x0000bfe5) c.j     pc - 8
core   0: 3 0x8000bc58 (0xbfe5)
core   0: 0x8000bc50 (0x00001f17) auipc   t5, 0x1
core   0: 3 0x8000bc50 (0x00001f17) x30 0x8000cc50
core   0: 0x8000bc54 (0x3a3f2823) sw      gp, 944(t5)
core   0: 3 0x8000bc54 (0x3a3f2823) mem 0x8000d000 0x00000001
core   0: 0x8000bc58 (0x0000bfe5) c.j     pc - 8
core   0: 3 0x8000bc58 (0xbfe5)
core   0: 0x8000bc50 (0x00001f17) auipc   t5, 0x1
core   0: 3 0x8000bc50 (0x00001f17) x30 0x8000cc50
core   0: 0x8000bc54 (0x3a3f2823) sw      gp, 944(t5)
core   0: 3 0x8000bc54 (0x3a3f2823) mem 0x8000d000 0x00000001
core   0: 0x8000bc58 (0x0000bfe5) c.j     pc - 8
core   0: 3 0x8000bc58 (0xbfe5)
core   0: 0x8000bc50 (0x00001f17) auipc   t5, 0x1
core   0: 3 0x8000bc50 (0x00001f17) x30 0x8000cc50
core   0: 0x8000bc54 (0x3a3f2823) sw      gp, 944(t5)
core   0: 3 0x8000bc54 (0x3a3f2823) mem 0x8000d000 0x00000001
core   0: 0x8000bc58 (0x0000bfe5) c.j     pc - 8
core   0: 3 0x8000bc58 (0xbfe5)
core   0: 0x8000bc50 (0x00001f17) auipc   t5, 0x1
core   0: 3 0x8000bc50 (0x00001f17) x30 0x8000cc50
core   0: 0x8000bc54 (0x3a3f2823) sw      gp, 944(t5)
core   0: 3 0x8000bc54 (0x3a3f2823) mem 0x8000d000 0x00000001
core   0: 0x8000bc58 (0x0000bfe5) c.j     pc - 8
core   0: 3 0x8000bc58 (0xbfe5)
core   0: 0x8000bc50 (0x00001f17) auipc   t5, 0x1
core   0: 3 0x8000bc50 (0x00001f17) x30 0x8000cc50
core   0: 0x8000bc54 (0x3a3f2823) sw      gp, 944(t5)
core   0: 3 0x8000bc54 (0x3a3f2823) mem 0x8000d000 0x00000001
core   0: 0x8000bc58 (0x0000bfe5) c.j     pc - 8
core   0: 3 0x8000bc58 (0xbfe5)
core   0: 0x8000bc50 (0x00001f17) auipc   t5, 0x1
core   0: 3 0x8000bc50 (0x00001f17) x30 0x8000cc50
core   0: 0x8000bc54 (0x3a3f2823) sw      gp, 944(t5)
core   0: 3 0x8000bc54 (0x3a3f2823) mem 0x8000d000 0x00000001
core   0: 0x8000bc58 (0x0000bfe5) c.j     pc - 8
core   0: 3 0x8000bc58 (0xbfe5)
core   0: 0x8000bc50 (0x00001f17) auipc   t5, 0x1
core   0: 3 0x8000bc50 (0x00001f17) x30 0x8000cc50
core   0: 0x8000bc54 (0x3a3f2823) sw      gp, 944(t5)
core   0: 3 0x8000bc54 (0x3a3f2823) mem 0x8000d000 0x00000001
core   0: 0x8000bc58 (0x0000bfe5) c.j     pc - 8
core   0: 3 0x8000bc58 (0xbfe5)
core   0: 0x8000bc50 (0x00001f17) auipc   t5, 0x1
core   0: 3 0x8000bc50 (0x00001f17) x30 0x8000cc50
core   0: 0x8000bc54 (0x3a3f2823) sw      gp, 944(t5)
core   0: 3 0x8000bc54 (0x3a3f2823) mem 0x8000d000 0x00000001
core   0: 0x8000bc58 (0x0000bfe5) c.j     pc - 8
core   0: 3 0x8000bc58 (0xbfe5)
core   0: 0x8000bc50 (0x00001f17) auipc   t5, 0x1
core   0: 3 0x8000bc50 (0x00001f17) x30 0x8000cc50
core   0: 0x8000bc54 (0x3a3f2823) sw      gp, 944(t5)
core   0: 3 0x8000bc54 (0x3a3f2823) mem 0x8000d000 0x00000001
core   0: 0x8000bc58 (0x0000bfe5) c.j     pc - 8
core   0: 3 0x8000bc58 (0xbfe5)
core   0: 0x8000bc50 (0x00001f17) auipc   t5, 0x1
core   0: 3 0x8000bc50 (0x00001f17) x30 0x8000cc50
core   0: 0x8000bc54 (0x3a3f2823) sw      gp, 944(t5)
core   0: 3 0x8000bc54 (0x3a3f2823) mem 0x8000d000 0x00000001
core   0: 0x8000bc58 (0x0000bfe5) c.j     pc - 8
core   0: 3 0x8000bc58 (0xbfe5)
core   0: 0x8000bc50 (0x00001f17) auipc   t5, 0x1
core   0: 3 0x8000bc50 (0x00001f17) x30 0x8000cc50
core   0: 0x8000bc54 (0x3a3f2823) sw      gp, 944(t5)
core   0: 3 0x8000bc54 (0x3a3f2823) mem 0x8000d000 0x00000001
core   0: 0x8000bc58 (0x0000bfe5) c.j     pc - 8
core   0: 3 0x8000bc58 (0xbfe5)
core   0: 0x8000bc50 (0x00001f17) auipc   t5, 0x1
core   0: 3 0x8000bc50 (0x00001f17) x30 0x8000cc50
core   0: 0x8000bc54 (0x3a3f2823) sw      gp, 944(t5)
core   0: 3 0x8000bc54 (0x3a3f2823) mem 0x8000d000 0x00000001
core   0: 0x8000bc58 (0x0000bfe5) c.j     pc - 8
core   0: 3 0x8000bc58 (0xbfe5)
core   0: 0x8000bc50 (0x00001f17) auipc   t5, 0x1
core   0: 3 0x8000bc50 (0x00001f17) x30 0x8000cc50
core   0: 0x8000bc54 (0x3a3f2823) sw      gp, 944(t5)
core   0: 3 0x8000bc54 (0x3a3f2823) mem 0x8000d000 0x00000001
core   0: 0x8000bc58 (0x0000bfe5) c.j     pc - 8
core   0: 3 0x8000bc58 (0xbfe5)
core   0: 0x8000bc50 (0x00001f17) auipc   t5, 0x1
core   0: 3 0x8000bc50 (0x00001f17) x30 0x8000cc50
core   0: 0x8000bc54 (0x3a3f2823) sw      gp, 944(t5)
core   0: 3 0x8000bc54 (0x3a3f2823) mem 0x8000d000 0x00000001
core   0: 0x8000bc58 (0x0000bfe5) c.j     pc - 8
core   0: 3 0x8000bc58 (0xbfe5)
core   0: 0x8000bc50 (0x00001f17) auipc   t5, 0x1
core   0: 3 0x8000bc50 (0x00001f17) x30 0x8000cc50
core   0: 0x8000bc54 (0x3a3f2823) sw      gp, 944(t5)
core   0: 3 0x8000bc54 (0x3a3f2823) mem 0x8000d000 0x00000001
core   0: 0x8000bc58 (0x0000bfe5) c.j     pc - 8
core   0: 3 0x8000bc58 (0xbfe5)
core   0: 0x8000bc50 (0x00001f17) auipc   t5, 0x1
core   0: 3 0x8000bc50 (0x00001f17) x30 0x8000cc50
core   0: 0x8000bc54 (0x3a3f2823) sw      gp, 944(t5)
core   0: 3 0x8000bc54 (0x3a3f2823) mem 0x8000d000 0x00000001
core   0: 0x8000bc58 (0x0000bfe5) c.j     pc - 8
core   0: 3 0x8000bc58 (0xbfe5)
core   0: 0x8000bc50 (0x00001f17) auipc   t5, 0x1
core   0: 3 0x8000bc50 (0x00001f17) x30 0x8000cc50
core   0: 0x8000bc54 (0x3a3f2823) sw      gp, 944(t5)
core   0: 3 0x8000bc54 (0x3a3f2823) mem 0x8000d000 0x00000001
core   0: 0x8000bc58 (0x0000bfe5) c.j     pc - 8
core   0: 3 0x8000bc58 (0xbfe5)
core   0: 0x8000bc50 (0x00001f17) auipc   t5, 0x1
core   0: 3 0x8000bc50 (0x00001f17) x30 0x8000cc50
core   0: 0x8000bc54 (0x3a3f2823) sw      gp, 944(t5)
core   0: 3 0x8000bc54 (0x3a3f2823) mem 0x8000d000 0x00000001
core   0: 0x8000bc58 (0x0000bfe5) c.j     pc - 8
core   0: 3 0x8000bc58 (0xbfe5)
core   0: 0x8000bc50 (0x00001f17) auipc   t5, 0x1
core   0: 3 0x8000bc50 (0x00001f17) x30 0x8000cc50
core   0: 0x8000bc54 (0x3a3f2823) sw      gp, 944(t5)
core   0: 3 0x8000bc54 (0x3a3f2823) mem 0x8000d000 0x00000001
core   0: 0x8000bc58 (0x0000bfe5) c.j     pc - 8
core   0: 3 0x8000bc58 (0xbfe5)
core   0: 0x8000bc50 (0x00001f17) auipc   t5, 0x1
core   0: 3 0x8000bc50 (0x00001f17) x30 0x8000cc50
core   0: 0x8000bc54 (0x3a3f2823) sw      gp, 944(t5)
core   0: 3 0x8000bc54 (0x3a3f2823) mem 0x8000d000 0x00000001
core   0: 0x8000bc58 (0x0000bfe5) c.j     pc - 8
core   0: 3 0x8000bc58 (0xbfe5)
core   0: 0x8000bc50 (0x00001f17) auipc   t5, 0x1
core   0: 3 0x8000bc50 (0x00001f17) x30 0x8000cc50
core   0: 0x8000bc54 (0x3a3f2823) sw      gp, 944(t5)
core   0: 3 0x8000bc54 (0x3a3f2823) mem 0x8000d000 0x00000001
core   0: 0x8000bc58 (0x0000bfe5) c.j     pc - 8
core   0: 3 0x8000bc58 (0xbfe5)
core   0: 0x8000bc50 (0x00001f17) auipc   t5, 0x1
core   0: 3 0x8000bc50 (0x00001f17) x30 0x8000cc50
core   0: 0x8000bc54 (0x3a3f2823) sw      gp, 944(t5)
core   0: 3 0x8000bc54 (0x3a3f2823) mem 0x8000d000 0x00000001
core   0: 0x8000bc58 (0x0000bfe5) c.j     pc - 8
core   0: 3 0x8000bc58 (0xbfe5)
core   0: 0x8000bc50 (0x00001f17) auipc   t5, 0x1
core   0: 3 0x8000bc50 (0x00001f17) x30 0x8000cc50
core   0: 0x8000bc54 (0x3a3f2823) sw      gp, 944(t5)
core   0: 3 0x8000bc54 (0x3a3f2823) mem 0x8000d000 0x00000001
core   0: 0x8000bc58 (0x0000bfe5) c.j     pc - 8
core   0: 3 0x8000bc58 (0xbfe5)
core   0: 0x8000bc50 (0x00001f17) auipc   t5, 0x1
core   0: 3 0x8000bc50 (0x00001f17) x30 0x8000cc50
core   0: 0x8000bc54 (0x3a3f2823) sw      gp, 944(t5)
core   0: 3 0x8000bc54 (0x3a3f2823) mem 0x8000d000 0x00000001
core   0: 0x8000bc58 (0x0000bfe5) c.j     pc - 8
core   0: 3 0x8000bc58 (0xbfe5)
core   0: 0x8000bc50 (0x00001f17) auipc   t5, 0x1
core   0: 3 0x8000bc50 (0x00001f17) x30 0x8000cc50
core   0: 0x8000bc54 (0x3a3f2823) sw      gp, 944(t5)
core   0: 3 0x8000bc54 (0x3a3f2823) mem 0x8000d000 0x00000001
core   0: 0x8000bc58 (0x0000bfe5) c.j     pc - 8
core   0: 3 0x8000bc58 (0xbfe5)
core   0: 0x8000bc50 (0x00001f17) auipc   t5, 0x1
core   0: 3 0x8000bc50 (0x00001f17) x30 0x8000cc50
core   0: 0x8000bc54 (0x3a3f2823) sw      gp, 944(t5)
core   0: 3 0x8000bc54 (0x3a3f2823) mem 0x8000d000 0x00000001
core   0: 0x8000bc58 (0x0000bfe5) c.j     pc - 8
core   0: 3 0x8000bc58 (0xbfe5)
core   0: 0x8000bc50 (0x00001f17) auipc   t5, 0x1
core   0: 3 0x8000bc50 (0x00001f17) x30 0x8000cc50
core   0: 0x8000bc54 (0x3a3f2823) sw      gp, 944(t5)
core   0: 3 0x8000bc54 (0x3a3f2823) mem 0x8000d000 0x00000001
core   0: 0x8000bc58 (0x0000bfe5) c.j     pc - 8
core   0: 3 0x8000bc58 (0xbfe5)
core   0: 0x8000bc50 (0x00001f17) auipc   t5, 0x1
core   0: 3 0x8000bc50 (0x00001f17) x30 0x8000cc50
core   0: 0x8000bc54 (0x3a3f2823) sw      gp, 944(t5)
core   0: 3 0x8000bc54 (0x3a3f2823) mem 0x8000d000 0x00000001
core   0: 0x8000bc58 (0x0000bfe5) c.j     pc - 8
core   0: 3 0x8000bc58 (0xbfe5)
core   0: 0x8000bc50 (0x00001f17) auipc   t5, 0x1
core   0: 3 0x8000bc50 (0x00001f17) x30 0x8000cc50
core   0: 0x8000bc54 (0x3a3f2823) sw      gp, 944(t5)
core   0: 3 0x8000bc54 (0x3a3f2823) mem 0x8000d000 0x00000001
core   0: 0x8000bc58 (0x0000bfe5) c.j     pc - 8
core   0: 3 0x8000bc58 (0xbfe5)
core   0: 0x8000bc50 (0x00001f17) auipc   t5, 0x1
core   0: 3 0x8000bc50 (0x00001f17) x30 0x8000cc50
core   0: 0x8000bc54 (0x3a3f2823) sw      gp, 944(t5)
core   0: 3 0x8000bc54 (0x3a3f2823) mem 0x8000d000 0x00000001
core   0: 0x8000bc58 (0x0000bfe5) c.j     pc - 8
core   0: 3 0x8000bc58 (0xbfe5)
core   0: 0x8000bc50 (0x00001f17) auipc   t5, 0x1
core   0: 3 0x8000bc50 (0x00001f17) x30 0x8000cc50
core   0: 0x8000bc54 (0x3a3f2823) sw      gp, 944(t5)
core   0: 3 0x8000bc54 (0x3a3f2823) mem 0x8000d000 0x00000001
core   0: 0x8000bc58 (0x0000bfe5) c.j     pc - 8
core   0: 3 0x8000bc58 (0xbfe5)
core   0: 0x8000bc50 (0x00001f17) auipc   t5, 0x1
core   0: 3 0x8000bc50 (0x00001f17) x30 0x8000cc50
core   0: 0x8000bc54 (0x3a3f2823) sw      gp, 944(t5)
core   0: 3 0x8000bc54 (0x3a3f2823) mem 0x8000d000 0x00000001
core   0: 0x8000bc58 (0x0000bfe5) c.j     pc - 8
core   0: 3 0x8000bc58 (0xbfe5)
core   0: 0x8000bc50 (0x00001f17) auipc   t5, 0x1
core   0: 3 0x8000bc50 (0x00001f17) x30 0x8000cc50
core   0: 0x8000bc54 (0x3a3f2823) sw      gp, 944(t5)
core   0: 3 0x8000bc54 (0x3a3f2823) mem 0x8000d000 0x00000001
core   0: 0x8000bc58 (0x0000bfe5) c.j     pc - 8
core   0: 3 0x8000bc58 (0xbfe5)
core   0: 0x8000bc50 (0x00001f17) auipc   t5, 0x1
core   0: 3 0x8000bc50 (0x00001f17) x30 0x8000cc50
core   0: 0x8000bc54 (0x3a3f2823) sw      gp, 944(t5)
core   0: 3 0x8000bc54 (0x3a3f2823) mem 0x8000d000 0x00000001
core   0: 0x8000bc58 (0x0000bfe5) c.j     pc - 8
core   0: 3 0x8000bc58 (0xbfe5)
core   0: 0x8000bc50 (0x00001f17) auipc   t5, 0x1
core   0: 3 0x8000bc50 (0x00001f17) x30 0x8000cc50
core   0: 0x8000bc54 (0x3a3f2823) sw      gp, 944(t5)
core   0: 3 0x8000bc54 (0x3a3f2823) mem 0x8000d000 0x00000001
core   0: 0x8000bc58 (0x0000bfe5) c.j     pc - 8
core   0: 3 0x8000bc58 (0xbfe5)
core   0: 0x8000bc50 (0x00001f17) auipc   t5, 0x1
core   0: 3 0x8000bc50 (0x00001f17) x30 0x8000cc50
core   0: 0x8000bc54 (0x3a3f2823) sw      gp, 944(t5)
core   0: 3 0x8000bc54 (0x3a3f2823) mem 0x8000d000 0x00000001
core   0: 0x8000bc58 (0x0000bfe5) c.j     pc - 8
core   0: 3 0x8000bc58 (0xbfe5)
core   0: 0x8000bc50 (0x00001f17) auipc   t5, 0x1
core   0: 3 0x8000bc50 (0x00001f17) x30 0x8000cc50
core   0: 0x8000bc54 (0x3a3f2823) sw      gp, 944(t5)
core   0: 3 0x8000bc54 (0x3a3f2823) mem 0x8000d000 0x00000001
core   0: 0x8000bc58 (0x0000bfe5) c.j     pc - 8
core   0: 3 0x8000bc58 (0xbfe5)
core   0: 0x8000bc50 (0x00001f17) auipc   t5, 0x1
core   0: 3 0x8000bc50 (0x00001f17) x30 0x8000cc50
core   0: 0x8000bc54 (0x3a3f2823) sw      gp, 944(t5)
core   0: 3 0x8000bc54 (0x3a3f2823) mem 0x8000d000 0x00000001
core   0: 0x8000bc58 (0x0000bfe5) c.j     pc - 8
core   0: 3 0x8000bc58 (0xbfe5)
core   0: 0x8000bc50 (0x00001f17) auipc   t5, 0x1
core   0: 3 0x8000bc50 (0x00001f17) x30 0x8000cc50
core   0: 0x8000bc54 (0x3a3f2823) sw      gp, 944(t5)
core   0: 3 0x8000bc54 (0x3a3f2823) mem 0x8000d000 0x00000001
core   0: 0x8000bc58 (0x0000bfe5) c.j     pc - 8
core   0: 3 0x8000bc58 (0xbfe5)
core   0: 0x8000bc50 (0x00001f17) auipc   t5, 0x1
core   0: 3 0x8000bc50 (0x00001f17) x30 0x8000cc50
core   0: 0x8000bc54 (0x3a3f2823) sw      gp, 944(t5)
core   0: 3 0x8000bc54 (0x3a3f2823) mem 0x8000d000 0x00000001
core   0: 0x8000bc58 (0x0000bfe5) c.j     pc - 8
core   0: 3 0x8000bc58 (0xbfe5)
core   0: 0x8000bc50 (0x00001f17) auipc   t5, 0x1
core   0: 3 0x8000bc50 (0x00001f17) x30 0x8000cc50
core   0: 0x8000bc54 (0x3a3f2823) sw      gp, 944(t5)
core   0: 3 0x8000bc54 (0x3a3f2823) mem 0x8000d000 0x00000001
core   0: 0x8000bc58 (0x0000bfe5) c.j     pc - 8
core   0: 3 0x8000bc58 (0xbfe5)
core   0: 0x8000bc50 (0x00001f17) auipc   t5, 0x1
core   0: 3 0x8000bc50 (0x00001f17) x30 0x8000cc50
core   0: 0x8000bc54 (0x3a3f2823) sw      gp, 944(t5)
core   0: 3 0x8000bc54 (0x3a3f2823) mem 0x8000d000 0x00000001
core   0: 0x8000bc58 (0x0000bfe5) c.j     pc - 8
core   0: 3 0x8000bc58 (0xbfe5)
core   0: 0x8000bc50 (0x00001f17) auipc   t5, 0x1
core   0: 3 0x8000bc50 (0x00001f17) x30 0x8000cc50
core   0: 0x8000bc54 (0x3a3f2823) sw      gp, 944(t5)
core   0: 3 0x8000bc54 (0x3a3f2823) mem 0x8000d000 0x00000001
core   0: 0x8000bc58 (0x0000bfe5) c.j     pc - 8
core   0: 3 0x8000bc58 (0xbfe5)
core   0: 0x8000bc50 (0x00001f17) auipc   t5, 0x1
core   0: 3 0x8000bc50 (0x00001f17) x30 0x8000cc50
core   0: 0x8000bc54 (0x3a3f2823) sw      gp, 944(t5)
core   0: 3 0x8000bc54 (0x3a3f2823) mem 0x8000d000 0x00000001
core   0: 0x8000bc58 (0x0000bfe5) c.j     pc - 8
core   0: 3 0x8000bc58 (0xbfe5)
core   0: 0x8000bc50 (0x00001f17) auipc   t5, 0x1
core   0: 3 0x8000bc50 (0x00001f17) x30 0x8000cc50
core   0: 0x8000bc54 (0x3a3f2823) sw      gp, 944(t5)
core   0: 3 0x8000bc54 (0x3a3f2823) mem 0x8000d000 0x00000001
core   0: 0x8000bc58 (0x0000bfe5) c.j     pc - 8
core   0: 3 0x8000bc58 (0xbfe5)
core   0: 0x8000bc50 (0x00001f17) auipc   t5, 0x1
core   0: 3 0x8000bc50 (0x00001f17) x30 0x8000cc50
core   0: 0x8000bc54 (0x3a3f2823) sw      gp, 944(t5)
core   0: 3 0x8000bc54 (0x3a3f2823) mem 0x8000d000 0x00000001
core   0: 0x8000bc58 (0x0000bfe5) c.j     pc - 8
core   0: 3 0x8000bc58 (0xbfe5)
core   0: 0x8000bc50 (0x00001f17) auipc   t5, 0x1
core   0: 3 0x8000bc50 (0x00001f17) x30 0x8000cc50
core   0: 0x8000bc54 (0x3a3f2823) sw      gp, 944(t5)
core   0: 3 0x8000bc54 (0x3a3f2823) mem 0x8000d000 0x00000001
core   0: 0x8000bc58 (0x0000bfe5) c.j     pc - 8
core   0: 3 0x8000bc58 (0xbfe5)
core   0: 0x8000bc50 (0x00001f17) auipc   t5, 0x1
core   0: 3 0x8000bc50 (0x00001f17) x30 0x8000cc50
core   0: 0x8000bc54 (0x3a3f2823) sw      gp, 944(t5)
core   0: 3 0x8000bc54 (0x3a3f2823) mem 0x8000d000 0x00000001
core   0: 0x8000bc58 (0x0000bfe5) c.j     pc - 8
core   0: 3 0x8000bc58 (0xbfe5)
core   0: 0x8000bc50 (0x00001f17) auipc   t5, 0x1
core   0: 3 0x8000bc50 (0x00001f17) x30 0x8000cc50
core   0: 0x8000bc54 (0x3a3f2823) sw      gp, 944(t5)
core   0: 3 0x8000bc54 (0x3a3f2823) mem 0x8000d000 0x00000001
core   0: 0x8000bc58 (0x0000bfe5) c.j     pc - 8
core   0: 3 0x8000bc58 (0xbfe5)
core   0: 0x8000bc50 (0x00001f17) auipc   t5, 0x1
core   0: 3 0x8000bc50 (0x00001f17) x30 0x8000cc50
core   0: 0x8000bc54 (0x3a3f2823) sw      gp, 944(t5)
core   0: 3 0x8000bc54 (0x3a3f2823) mem 0x8000d000 0x00000001
core   0: 0x8000bc58 (0x0000bfe5) c.j     pc - 8
core   0: 3 0x8000bc58 (0xbfe5)
core   0: 0x8000bc50 (0x00001f17) auipc   t5, 0x1
core   0: 3 0x8000bc50 (0x00001f17) x30 0x8000cc50
core   0: 0x8000bc54 (0x3a3f2823) sw      gp, 944(t5)
core   0: 3 0x8000bc54 (0x3a3f2823) mem 0x8000d000 0x00000001
core   0: 0x8000bc58 (0x0000bfe5) c.j     pc - 8
core   0: 3 0x8000bc58 (0xbfe5)
core   0: 0x8000bc50 (0x00001f17) auipc   t5, 0x1
core   0: 3 0x8000bc50 (0x00001f17) x30 0x8000cc50
core   0: 0x8000bc54 (0x3a3f2823) sw      gp, 944(t5)
core   0: 3 0x8000bc54 (0x3a3f2823) mem 0x8000d000 0x00000001
core   0: 0x8000bc58 (0x0000bfe5) c.j     pc - 8
core   0: 3 0x8000bc58 (0xbfe5)
core   0: 0x8000bc50 (0x00001f17) auipc   t5, 0x1
core   0: 3 0x8000bc50 (0x00001f17) x30 0x8000cc50
core   0: 0x8000bc54 (0x3a3f2823) sw      gp, 944(t5)
core   0: 3 0x8000bc54 (0x3a3f2823) mem 0x8000d000 0x00000001
core   0: 0x8000bc58 (0x0000bfe5) c.j     pc - 8
core   0: 3 0x8000bc58 (0xbfe5)
core   0: 0x8000bc50 (0x00001f17) auipc   t5, 0x1
core   0: 3 0x8000bc50 (0x00001f17) x30 0x8000cc50
core   0: 0x8000bc54 (0x3a3f2823) sw      gp, 944(t5)
core   0: 3 0x8000bc54 (0x3a3f2823) mem 0x8000d000 0x00000001
core   0: 0x8000bc58 (0x0000bfe5) c.j     pc - 8
core   0: 3 0x8000bc58 (0xbfe5)
core   0: 0x8000bc50 (0x00001f17) auipc   t5, 0x1
core   0: 3 0x8000bc50 (0x00001f17) x30 0x8000cc50
core   0: 0x8000bc54 (0x3a3f2823) sw      gp, 944(t5)
core   0: 3 0x8000bc54 (0x3a3f2823) mem 0x8000d000 0x00000001
core   0: 0x8000bc58 (0x0000bfe5) c.j     pc - 8
core   0: 3 0x8000bc58 (0xbfe5)
core   0: 0x8000bc50 (0x00001f17) auipc   t5, 0x1
core   0: 3 0x8000bc50 (0x00001f17) x30 0x8000cc50
core   0: 0x8000bc54 (0x3a3f2823) sw      gp, 944(t5)
core   0: 3 0x8000bc54 (0x3a3f2823) mem 0x8000d000 0x00000001
core   0: 0x8000bc58 (0x0000bfe5) c.j     pc - 8
core   0: 3 0x8000bc58 (0xbfe5)
core   0: 0x8000bc50 (0x00001f17) auipc   t5, 0x1
core   0: 3 0x8000bc50 (0x00001f17) x30 0x8000cc50
core   0: 0x8000bc54 (0x3a3f2823) sw      gp, 944(t5)
core   0: 3 0x8000bc54 (0x3a3f2823) mem 0x8000d000 0x00000001
core   0: 0x8000bc58 (0x0000bfe5) c.j     pc - 8
core   0: 3 0x8000bc58 (0xbfe5)
core   0: 0x8000bc50 (0x00001f17) auipc   t5, 0x1
core   0: 3 0x8000bc50 (0x00001f17) x30 0x8000cc50
core   0: 0x8000bc54 (0x3a3f2823) sw      gp, 944(t5)
core   0: 3 0x8000bc54 (0x3a3f2823) mem 0x8000d000 0x00000001
core   0: 0x8000bc58 (0x0000bfe5) c.j     pc - 8
core   0: 3 0x8000bc58 (0xbfe5)
core   0: 0x8000bc50 (0x00001f17) auipc   t5, 0x1
core   0: 3 0x8000bc50 (0x00001f17) x30 0x8000cc50
core   0: 0x8000bc54 (0x3a3f2823) sw      gp, 944(t5)
core   0: 3 0x8000bc54 (0x3a3f2823) mem 0x8000d000 0x00000001
core   0: 0x8000bc58 (0x0000bfe5) c.j     pc - 8
core   0: 3 0x8000bc58 (0xbfe5)
core   0: 0x8000bc50 (0x00001f17) auipc   t5, 0x1
core   0: 3 0x8000bc50 (0x00001f17) x30 0x8000cc50
core   0: 0x8000bc54 (0x3a3f2823) sw      gp, 944(t5)
core   0: 3 0x8000bc54 (0x3a3f2823) mem 0x8000d000 0x00000001
core   0: 0x8000bc58 (0x0000bfe5) c.j     pc - 8
core   0: 3 0x8000bc58 (0xbfe5)
core   0: 0x8000bc50 (0x00001f17) auipc   t5, 0x1
core   0: 3 0x8000bc50 (0x00001f17) x30 0x8000cc50
core   0: 0x8000bc54 (0x3a3f2823) sw      gp, 944(t5)
core   0: 3 0x8000bc54 (0x3a3f2823) mem 0x8000d000 0x00000001
core   0: 0x8000bc58 (0x0000bfe5) c.j     pc - 8
core   0: 3 0x8000bc58 (0xbfe5)
core   0: 0x8000bc50 (0x00001f17) auipc   t5, 0x1
core   0: 3 0x8000bc50 (0x00001f17) x30 0x8000cc50
core   0: 0x8000bc54 (0x3a3f2823) sw      gp, 944(t5)
core   0: 3 0x8000bc54 (0x3a3f2823) mem 0x8000d000 0x00000001
core   0: 0x8000bc58 (0x0000bfe5) c.j     pc - 8
core   0: 3 0x8000bc58 (0xbfe5)
core   0: 0x8000bc50 (0x00001f17) auipc   t5, 0x1
core   0: 3 0x8000bc50 (0x00001f17) x30 0x8000cc50
core   0: 0x8000bc54 (0x3a3f2823) sw      gp, 944(t5)
core   0: 3 0x8000bc54 (0x3a3f2823) mem 0x8000d000 0x00000001
core   0: 0x8000bc58 (0x0000bfe5) c.j     pc - 8
core   0: 3 0x8000bc58 (0xbfe5)
core   0: 0x8000bc50 (0x00001f17) auipc   t5, 0x1
core   0: 3 0x8000bc50 (0x00001f17) x30 0x8000cc50
core   0: 0x8000bc54 (0x3a3f2823) sw      gp, 944(t5)
core   0: 3 0x8000bc54 (0x3a3f2823) mem 0x8000d000 0x00000001
core   0: 0x8000bc58 (0x0000bfe5) c.j     pc - 8
core   0: 3 0x8000bc58 (0xbfe5)
core   0: 0x8000bc50 (0x00001f17) auipc   t5, 0x1
core   0: 3 0x8000bc50 (0x00001f17) x30 0x8000cc50
core   0: 0x8000bc54 (0x3a3f2823) sw      gp, 944(t5)
core   0: 3 0x8000bc54 (0x3a3f2823) mem 0x8000d000 0x00000001
core   0: 0x8000bc58 (0x0000bfe5) c.j     pc - 8
core   0: 3 0x8000bc58 (0xbfe5)
core   0: 0x8000bc50 (0x00001f17) auipc   t5, 0x1
core   0: 3 0x8000bc50 (0x00001f17) x30 0x8000cc50
core   0: 0x8000bc54 (0x3a3f2823) sw      gp, 944(t5)
core   0: 3 0x8000bc54 (0x3a3f2823) mem 0x8000d000 0x00000001
core   0: 0x8000bc58 (0x0000bfe5) c.j     pc - 8
core   0: 3 0x8000bc58 (0xbfe5)
core   0: 0x8000bc50 (0x00001f17) auipc   t5, 0x1
core   0: 3 0x8000bc50 (0x00001f17) x30 0x8000cc50
core   0: 0x8000bc54 (0x3a3f2823) sw      gp, 944(t5)
core   0: 3 0x8000bc54 (0x3a3f2823) mem 0x8000d000 0x00000001
core   0: 0x8000bc58 (0x0000bfe5) c.j     pc - 8
core   0: 3 0x8000bc58 (0xbfe5)
core   0: 0x8000bc50 (0x00001f17) auipc   t5, 0x1
core   0: 3 0x8000bc50 (0x00001f17) x30 0x8000cc50
core   0: 0x8000bc54 (0x3a3f2823) sw      gp, 944(t5)
core   0: 3 0x8000bc54 (0x3a3f2823) mem 0x8000d000 0x00000001
core   0: 0x8000bc58 (0x0000bfe5) c.j     pc - 8
core   0: 3 0x8000bc58 (0xbfe5)
core   0: 0x8000bc50 (0x00001f17) auipc   t5, 0x1
core   0: 3 0x8000bc50 (0x00001f17) x30 0x8000cc50
core   0: 0x8000bc54 (0x3a3f2823) sw      gp, 944(t5)
core   0: 3 0x8000bc54 (0x3a3f2823) mem 0x8000d000 0x00000001
core   0: 0x8000bc58 (0x0000bfe5) c.j     pc - 8
core   0: 3 0x8000bc58 (0xbfe5)
core   0: 0x8000bc50 (0x00001f17) auipc   t5, 0x1
core   0: 3 0x8000bc50 (0x00001f17) x30 0x8000cc50
core   0: 0x8000bc54 (0x3a3f2823) sw      gp, 944(t5)
core   0: 3 0x8000bc54 (0x3a3f2823) mem 0x8000d000 0x00000001
core   0: 0x8000bc58 (0x0000bfe5) c.j     pc - 8
core   0: 3 0x8000bc58 (0xbfe5)
core   0: 0x8000bc50 (0x00001f17) auipc   t5, 0x1
core   0: 3 0x8000bc50 (0x00001f17) x30 0x8000cc50
core   0: 0x8000bc54 (0x3a3f2823) sw      gp, 944(t5)
core   0: 3 0x8000bc54 (0x3a3f2823) mem 0x8000d000 0x00000001
core   0: 0x8000bc58 (0x0000bfe5) c.j     pc - 8
core   0: 3 0x8000bc58 (0xbfe5)
core   0: 0x8000bc50 (0x00001f17) auipc   t5, 0x1
core   0: 3 0x8000bc50 (0x00001f17) x30 0x8000cc50
core   0: 0x8000bc54 (0x3a3f2823) sw      gp, 944(t5)
core   0: 3 0x8000bc54 (0x3a3f2823) mem 0x8000d000 0x00000001
core   0: 0x8000bc58 (0x0000bfe5) c.j     pc - 8
core   0: 3 0x8000bc58 (0xbfe5)
core   0: 0x8000bc50 (0x00001f17) auipc   t5, 0x1
core   0: 3 0x8000bc50 (0x00001f17) x30 0x8000cc50
core   0: 0x8000bc54 (0x3a3f2823) sw      gp, 944(t5)
core   0: 3 0x8000bc54 (0x3a3f2823) mem 0x8000d000 0x00000001
core   0: 0x8000bc58 (0x0000bfe5) c.j     pc - 8
core   0: 3 0x8000bc58 (0xbfe5)
core   0: 0x8000bc50 (0x00001f17) auipc   t5, 0x1
core   0: 3 0x8000bc50 (0x00001f17) x30 0x8000cc50
core   0: 0x8000bc54 (0x3a3f2823) sw      gp, 944(t5)
core   0: 3 0x8000bc54 (0x3a3f2823) mem 0x8000d000 0x00000001
core   0: 0x8000bc58 (0x0000bfe5) c.j     pc - 8
core   0: 3 0x8000bc58 (0xbfe5)
core   0: 0x8000bc50 (0x00001f17) auipc   t5, 0x1
core   0: 3 0x8000bc50 (0x00001f17) x30 0x8000cc50
core   0: 0x8000bc54 (0x3a3f2823) sw      gp, 944(t5)
core   0: 3 0x8000bc54 (0x3a3f2823) mem 0x8000d000 0x00000001
core   0: 0x8000bc58 (0x0000bfe5) c.j     pc - 8
core   0: 3 0x8000bc58 (0xbfe5)
core   0: 0x8000bc50 (0x00001f17) auipc   t5, 0x1
core   0: 3 0x8000bc50 (0x00001f17) x30 0x8000cc50
core   0: 0x8000bc54 (0x3a3f2823) sw      gp, 944(t5)
core   0: 3 0x8000bc54 (0x3a3f2823) mem 0x8000d000 0x00000001
core   0: 0x8000bc58 (0x0000bfe5) c.j     pc - 8
core   0: 3 0x8000bc58 (0xbfe5)
core   0: 0x8000bc50 (0x00001f17) auipc   t5, 0x1
core   0: 3 0x8000bc50 (0x00001f17) x30 0x8000cc50
core   0: 0x8000bc54 (0x3a3f2823) sw      gp, 944(t5)
core   0: 3 0x8000bc54 (0x3a3f2823) mem 0x8000d000 0x00000001
core   0: 0x8000bc58 (0x0000bfe5) c.j     pc - 8
core   0: 3 0x8000bc58 (0xbfe5)
core   0: 0x8000bc50 (0x00001f17) auipc   t5, 0x1
core   0: 3 0x8000bc50 (0x00001f17) x30 0x8000cc50
core   0: 0x8000bc54 (0x3a3f2823) sw      gp, 944(t5)
core   0: 3 0x8000bc54 (0x3a3f2823) mem 0x8000d000 0x00000001
core   0: 0x8000bc58 (0x0000bfe5) c.j     pc - 8
core   0: 3 0x8000bc58 (0xbfe5)
core   0: 0x8000bc50 (0x00001f17) auipc   t5, 0x1
core   0: 3 0x8000bc50 (0x00001f17) x30 0x8000cc50
core   0: 0x8000bc54 (0x3a3f2823) sw      gp, 944(t5)
core   0: 3 0x8000bc54 (0x3a3f2823) mem 0x8000d000 0x00000001
core   0: 0x8000bc58 (0x0000bfe5) c.j     pc - 8
core   0: 3 0x8000bc58 (0xbfe5)
core   0: 0x8000bc50 (0x00001f17) auipc   t5, 0x1
core   0: 3 0x8000bc50 (0x00001f17) x30 0x8000cc50
core   0: 0x8000bc54 (0x3a3f2823) sw      gp, 944(t5)
core   0: 3 0x8000bc54 (0x3a3f2823) mem 0x8000d000 0x00000001
core   0: 0x8000bc58 (0x0000bfe5) c.j     pc - 8
core   0: 3 0x8000bc58 (0xbfe5)
core   0: 0x8000bc50 (0x00001f17) auipc   t5, 0x1
core   0: 3 0x8000bc50 (0x00001f17) x30 0x8000cc50
core   0: 0x8000bc54 (0x3a3f2823) sw      gp, 944(t5)
core   0: 3 0x8000bc54 (0x3a3f2823) mem 0x8000d000 0x00000001
core   0: 0x8000bc58 (0x0000bfe5) c.j     pc - 8
core   0: 3 0x8000bc58 (0xbfe5)
core   0: 0x8000bc50 (0x00001f17) auipc   t5, 0x1
core   0: 3 0x8000bc50 (0x00001f17) x30 0x8000cc50
core   0: 0x8000bc54 (0x3a3f2823) sw      gp, 944(t5)
core   0: 3 0x8000bc54 (0x3a3f2823) mem 0x8000d000 0x00000001
core   0: 0x8000bc58 (0x0000bfe5) c.j     pc - 8
core   0: 3 0x8000bc58 (0xbfe5)
core   0: 0x8000bc50 (0x00001f17) auipc   t5, 0x1
core   0: 3 0x8000bc50 (0x00001f17) x30 0x8000cc50
core   0: 0x8000bc54 (0x3a3f2823) sw      gp, 944(t5)
core   0: 3 0x8000bc54 (0x3a3f2823) mem 0x8000d000 0x00000001
core   0: 0x8000bc58 (0x0000bfe5) c.j     pc - 8
core   0: 3 0x8000bc58 (0xbfe5)
core   0: 0x8000bc50 (0x00001f17) auipc   t5, 0x1
core   0: 3 0x8000bc50 (0x00001f17) x30 0x8000cc50
core   0: 0x8000bc54 (0x3a3f2823) sw      gp, 944(t5)
core   0: 3 0x8000bc54 (0x3a3f2823) mem 0x8000d000 0x00000001
core   0: 0x8000bc58 (0x0000bfe5) c.j     pc - 8
core   0: 3 0x8000bc58 (0xbfe5)
core   0: 0x8000bc50 (0x00001f17) auipc   t5, 0x1
core   0: 3 0x8000bc50 (0x00001f17) x30 0x8000cc50
core   0: 0x8000bc54 (0x3a3f2823) sw      gp, 944(t5)
core   0: 3 0x8000bc54 (0x3a3f2823) mem 0x8000d000 0x00000001
core   0: 0x8000bc58 (0x0000bfe5) c.j     pc - 8
core   0: 3 0x8000bc58 (0xbfe5)
core   0: 0x8000bc50 (0x00001f17) auipc   t5, 0x1
core   0: 3 0x8000bc50 (0x00001f17) x30 0x8000cc50
core   0: 0x8000bc54 (0x3a3f2823) sw      gp, 944(t5)
core   0: 3 0x8000bc54 (0x3a3f2823) mem 0x8000d000 0x00000001
core   0: 0x8000bc58 (0x0000bfe5) c.j     pc - 8
core   0: 3 0x8000bc58 (0xbfe5)
core   0: 0x8000bc50 (0x00001f17) auipc   t5, 0x1
core   0: 3 0x8000bc50 (0x00001f17) x30 0x8000cc50
core   0: 0x8000bc54 (0x3a3f2823) sw      gp, 944(t5)
core   0: 3 0x8000bc54 (0x3a3f2823) mem 0x8000d000 0x00000001
core   0: 0x8000bc58 (0x0000bfe5) c.j     pc - 8
core   0: 3 0x8000bc58 (0xbfe5)
core   0: 0x8000bc50 (0x00001f17) auipc   t5, 0x1
core   0: 3 0x8000bc50 (0x00001f17) x30 0x8000cc50
core   0: 0x8000bc54 (0x3a3f2823) sw      gp, 944(t5)
core   0: 3 0x8000bc54 (0x3a3f2823) mem 0x8000d000 0x00000001
core   0: 0x8000bc58 (0x0000bfe5) c.j     pc - 8
core   0: 3 0x8000bc58 (0xbfe5)
core   0: 0x8000bc50 (0x00001f17) auipc   t5, 0x1
core   0: 3 0x8000bc50 (0x00001f17) x30 0x8000cc50
core   0: 0x8000bc54 (0x3a3f2823) sw      gp, 944(t5)
core   0: 3 0x8000bc54 (0x3a3f2823) mem 0x8000d000 0x00000001
core   0: 0x8000bc58 (0x0000bfe5) c.j     pc - 8
core   0: 3 0x8000bc58 (0xbfe5)
core   0: 0x8000bc50 (0x00001f17) auipc   t5, 0x1
core   0: 3 0x8000bc50 (0x00001f17) x30 0x8000cc50
core   0: 0x8000bc54 (0x3a3f2823) sw      gp, 944(t5)
core   0: 3 0x8000bc54 (0x3a3f2823) mem 0x8000d000 0x00000001
core   0: 0x8000bc58 (0x0000bfe5) c.j     pc - 8
core   0: 3 0x8000bc58 (0xbfe5)
core   0: 0x8000bc50 (0x00001f17) auipc   t5, 0x1
core   0: 3 0x8000bc50 (0x00001f17) x30 0x8000cc50
core   0: 0x8000bc54 (0x3a3f2823) sw      gp, 944(t5)
core   0: 3 0x8000bc54 (0x3a3f2823) mem 0x8000d000 0x00000001
core   0: 0x8000bc58 (0x0000bfe5) c.j     pc - 8
core   0: 3 0x8000bc58 (0xbfe5)
core   0: 0x8000bc50 (0x00001f17) auipc   t5, 0x1
core   0: 3 0x8000bc50 (0x00001f17) x30 0x8000cc50
core   0: 0x8000bc54 (0x3a3f2823) sw      gp, 944(t5)
core   0: 3 0x8000bc54 (0x3a3f2823) mem 0x8000d000 0x00000001
core   0: 0x8000bc58 (0x0000bfe5) c.j     pc - 8
core   0: 3 0x8000bc58 (0xbfe5)
core   0: 0x8000bc50 (0x00001f17) auipc   t5, 0x1
core   0: 3 0x8000bc50 (0x00001f17) x30 0x8000cc50
core   0: 0x8000bc54 (0x3a3f2823) sw      gp, 944(t5)
core   0: 3 0x8000bc54 (0x3a3f2823) mem 0x8000d000 0x00000001
core   0: 0x8000bc58 (0x0000bfe5) c.j     pc - 8
core   0: 3 0x8000bc58 (0xbfe5)
core   0: 0x8000bc50 (0x00001f17) auipc   t5, 0x1
core   0: 3 0x8000bc50 (0x00001f17) x30 0x8000cc50
core   0: 0x8000bc54 (0x3a3f2823) sw      gp, 944(t5)
core   0: 3 0x8000bc54 (0x3a3f2823) mem 0x8000d000 0x00000001
core   0: 0x8000bc58 (0x0000bfe5) c.j     pc - 8
core   0: 3 0x8000bc58 (0xbfe5)
core   0: 0x8000bc50 (0x00001f17) auipc   t5, 0x1
core   0: 3 0x8000bc50 (0x00001f17) x30 0x8000cc50
core   0: 0x8000bc54 (0x3a3f2823) sw      gp, 944(t5)
core   0: 3 0x8000bc54 (0x3a3f2823) mem 0x8000d000 0x00000001
core   0: 0x8000bc58 (0x0000bfe5) c.j     pc - 8
core   0: 3 0x8000bc58 (0xbfe5)
core   0: 0x8000bc50 (0x00001f17) auipc   t5, 0x1
core   0: 3 0x8000bc50 (0x00001f17) x30 0x8000cc50
core   0: 0x8000bc54 (0x3a3f2823) sw      gp, 944(t5)
core   0: 3 0x8000bc54 (0x3a3f2823) mem 0x8000d000 0x00000001
core   0: 0x8000bc58 (0x0000bfe5) c.j     pc - 8
core   0: 3 0x8000bc58 (0xbfe5)
core   0: 0x8000bc50 (0x00001f17) auipc   t5, 0x1
core   0: 3 0x8000bc50 (0x00001f17) x30 0x8000cc50
core   0: 0x8000bc54 (0x3a3f2823) sw      gp, 944(t5)
core   0: 3 0x8000bc54 (0x3a3f2823) mem 0x8000d000 0x00000001
core   0: 0x8000bc58 (0x0000bfe5) c.j     pc - 8
core   0: 3 0x8000bc58 (0xbfe5)
core   0: 0x8000bc50 (0x00001f17) auipc   t5, 0x1
core   0: 3 0x8000bc50 (0x00001f17) x30 0x8000cc50
core   0: 0x8000bc54 (0x3a3f2823) sw      gp, 944(t5)
core   0: 3 0x8000bc54 (0x3a3f2823) mem 0x8000d000 0x00000001
core   0: 0x8000bc58 (0x0000bfe5) c.j     pc - 8
core   0: 3 0x8000bc58 (0xbfe5)
core   0: 0x8000bc50 (0x00001f17) auipc   t5, 0x1
core   0: 3 0x8000bc50 (0x00001f17) x30 0x8000cc50
core   0: 0x8000bc54 (0x3a3f2823) sw      gp, 944(t5)
core   0: 3 0x8000bc54 (0x3a3f2823) mem 0x8000d000 0x00000001
core   0: 0x8000bc58 (0x0000bfe5) c.j     pc - 8
core   0: 3 0x8000bc58 (0xbfe5)
core   0: 0x8000bc50 (0x00001f17) auipc   t5, 0x1
core   0: 3 0x8000bc50 (0x00001f17) x30 0x8000cc50
core   0: 0x8000bc54 (0x3a3f2823) sw      gp, 944(t5)
core   0: 3 0x8000bc54 (0x3a3f2823) mem 0x8000d000 0x00000001
core   0: 0x8000bc58 (0x0000bfe5) c.j     pc - 8
core   0: 3 0x8000bc58 (0xbfe5)
core   0: 0x8000bc50 (0x00001f17) auipc   t5, 0x1
core   0: 3 0x8000bc50 (0x00001f17) x30 0x8000cc50
core   0: 0x8000bc54 (0x3a3f2823) sw      gp, 944(t5)
core   0: 3 0x8000bc54 (0x3a3f2823) mem 0x8000d000 0x00000001
core   0: 0x8000bc58 (0x0000bfe5) c.j     pc - 8
core   0: 3 0x8000bc58 (0xbfe5)
core   0: 0x8000bc50 (0x00001f17) auipc   t5, 0x1
core   0: 3 0x8000bc50 (0x00001f17) x30 0x8000cc50
core   0: 0x8000bc54 (0x3a3f2823) sw      gp, 944(t5)
core   0: 3 0x8000bc54 (0x3a3f2823) mem 0x8000d000 0x00000001
core   0: 0x8000bc58 (0x0000bfe5) c.j     pc - 8
core   0: 3 0x8000bc58 (0xbfe5)
core   0: 0x8000bc50 (0x00001f17) auipc   t5, 0x1
core   0: 3 0x8000bc50 (0x00001f17) x30 0x8000cc50
core   0: 0x8000bc54 (0x3a3f2823) sw      gp, 944(t5)
core   0: 3 0x8000bc54 (0x3a3f2823) mem 0x8000d000 0x00000001
core   0: 0x8000bc58 (0x0000bfe5) c.j     pc - 8
core   0: 3 0x8000bc58 (0xbfe5)
core   0: 0x8000bc50 (0x00001f17) auipc   t5, 0x1
core   0: 3 0x8000bc50 (0x00001f17) x30 0x8000cc50
core   0: 0x8000bc54 (0x3a3f2823) sw      gp, 944(t5)
core   0: 3 0x8000bc54 (0x3a3f2823) mem 0x8000d000 0x00000001
core   0: 0x8000bc58 (0x0000bfe5) c.j     pc - 8
core   0: 3 0x8000bc58 (0xbfe5)
core   0: 0x8000bc50 (0x00001f17) auipc   t5, 0x1
core   0: 3 0x8000bc50 (0x00001f17) x30 0x8000cc50
core   0: 0x8000bc54 (0x3a3f2823) sw      gp, 944(t5)
core   0: 3 0x8000bc54 (0x3a3f2823) mem 0x8000d000 0x00000001
core   0: 0x8000bc58 (0x0000bfe5) c.j     pc - 8
core   0: 3 0x8000bc58 (0xbfe5)
core   0: 0x8000bc50 (0x00001f17) auipc   t5, 0x1
core   0: 3 0x8000bc50 (0x00001f17) x30 0x8000cc50
core   0: 0x8000bc54 (0x3a3f2823) sw      gp, 944(t5)
core   0: 3 0x8000bc54 (0x3a3f2823) mem 0x8000d000 0x00000001
core   0: 0x8000bc58 (0x0000bfe5) c.j     pc - 8
core   0: 3 0x8000bc58 (0xbfe5)
core   0: 0x8000bc50 (0x00001f17) auipc   t5, 0x1
core   0: 3 0x8000bc50 (0x00001f17) x30 0x8000cc50
core   0: 0x8000bc54 (0x3a3f2823) sw      gp, 944(t5)
core   0: 3 0x8000bc54 (0x3a3f2823) mem 0x8000d000 0x00000001
core   0: 0x8000bc58 (0x0000bfe5) c.j     pc - 8
core   0: 3 0x8000bc58 (0xbfe5)
core   0: 0x8000bc50 (0x00001f17) auipc   t5, 0x1
core   0: 3 0x8000bc50 (0x00001f17) x30 0x8000cc50
core   0: 0x8000bc54 (0x3a3f2823) sw      gp, 944(t5)
core   0: 3 0x8000bc54 (0x3a3f2823) mem 0x8000d000 0x00000001
core   0: 0x8000bc58 (0x0000bfe5) c.j     pc - 8
core   0: 3 0x8000bc58 (0xbfe5)
core   0: 0x8000bc50 (0x00001f17) auipc   t5, 0x1
core   0: 3 0x8000bc50 (0x00001f17) x30 0x8000cc50
core   0: 0x8000bc54 (0x3a3f2823) sw      gp, 944(t5)
core   0: 3 0x8000bc54 (0x3a3f2823) mem 0x8000d000 0x00000001
core   0: 0x8000bc58 (0x0000bfe5) c.j     pc - 8
core   0: 3 0x8000bc58 (0xbfe5)
core   0: 0x8000bc50 (0x00001f17) auipc   t5, 0x1
core   0: 3 0x8000bc50 (0x00001f17) x30 0x8000cc50
core   0: 0x8000bc54 (0x3a3f2823) sw      gp, 944(t5)
core   0: 3 0x8000bc54 (0x3a3f2823) mem 0x8000d000 0x00000001
core   0: 0x8000bc58 (0x0000bfe5) c.j     pc - 8
core   0: 3 0x8000bc58 (0xbfe5)
core   0: 0x8000bc50 (0x00001f17) auipc   t5, 0x1
core   0: 3 0x8000bc50 (0x00001f17) x30 0x8000cc50
core   0: 0x8000bc54 (0x3a3f2823) sw      gp, 944(t5)
core   0: 3 0x8000bc54 (0x3a3f2823) mem 0x8000d000 0x00000001
core   0: 0x8000bc58 (0x0000bfe5) c.j     pc - 8
core   0: 3 0x8000bc58 (0xbfe5)
core   0: 0x8000bc50 (0x00001f17) auipc   t5, 0x1
core   0: 3 0x8000bc50 (0x00001f17) x30 0x8000cc50
core   0: 0x8000bc54 (0x3a3f2823) sw      gp, 944(t5)
core   0: 3 0x8000bc54 (0x3a3f2823) mem 0x8000d000 0x00000001
core   0: 0x8000bc58 (0x0000bfe5) c.j     pc - 8
core   0: 3 0x8000bc58 (0xbfe5)
core   0: 0x8000bc50 (0x00001f17) auipc   t5, 0x1
core   0: 3 0x8000bc50 (0x00001f17) x30 0x8000cc50
core   0: 0x8000bc54 (0x3a3f2823) sw      gp, 944(t5)
core   0: 3 0x8000bc54 (0x3a3f2823) mem 0x8000d000 0x00000001
core   0: 0x8000bc58 (0x0000bfe5) c.j     pc - 8
core   0: 3 0x8000bc58 (0xbfe5)
core   0: 0x8000bc50 (0x00001f17) auipc   t5, 0x1
core   0: 3 0x8000bc50 (0x00001f17) x30 0x8000cc50
core   0: 0x8000bc54 (0x3a3f2823) sw      gp, 944(t5)
core   0: 3 0x8000bc54 (0x3a3f2823) mem 0x8000d000 0x00000001
core   0: 0x8000bc58 (0x0000bfe5) c.j     pc - 8
core   0: 3 0x8000bc58 (0xbfe5)
core   0: 0x8000bc50 (0x00001f17) auipc   t5, 0x1
core   0: 3 0x8000bc50 (0x00001f17) x30 0x8000cc50
core   0: 0x8000bc54 (0x3a3f2823) sw      gp, 944(t5)
core   0: 3 0x8000bc54 (0x3a3f2823) mem 0x8000d000 0x00000001
core   0: 0x8000bc58 (0x0000bfe5) c.j     pc - 8
core   0: 3 0x8000bc58 (0xbfe5)
core   0: 0x8000bc50 (0x00001f17) auipc   t5, 0x1
core   0: 3 0x8000bc50 (0x00001f17) x30 0x8000cc50
core   0: 0x8000bc54 (0x3a3f2823) sw      gp, 944(t5)
core   0: 3 0x8000bc54 (0x3a3f2823) mem 0x8000d000 0x00000001
core   0: 0x8000bc58 (0x0000bfe5) c.j     pc - 8
core   0: 3 0x8000bc58 (0xbfe5)
core   0: 0x8000bc50 (0x00001f17) auipc   t5, 0x1
core   0: 3 0x8000bc50 (0x00001f17) x30 0x8000cc50
core   0: 0x8000bc54 (0x3a3f2823) sw      gp, 944(t5)
core   0: 3 0x8000bc54 (0x3a3f2823) mem 0x8000d000 0x00000001
core   0: 0x8000bc58 (0x0000bfe5) c.j     pc - 8
core   0: 3 0x8000bc58 (0xbfe5)
core   0: 0x8000bc50 (0x00001f17) auipc   t5, 0x1
core   0: 3 0x8000bc50 (0x00001f17) x30 0x8000cc50
core   0: 0x8000bc54 (0x3a3f2823) sw      gp, 944(t5)
core   0: 3 0x8000bc54 (0x3a3f2823) mem 0x8000d000 0x00000001
core   0: 0x8000bc58 (0x0000bfe5) c.j     pc - 8
core   0: 3 0x8000bc58 (0xbfe5)
core   0: 0x8000bc50 (0x00001f17) auipc   t5, 0x1
core   0: 3 0x8000bc50 (0x00001f17) x30 0x8000cc50
core   0: 0x8000bc54 (0x3a3f2823) sw      gp, 944(t5)
core   0: 3 0x8000bc54 (0x3a3f2823) mem 0x8000d000 0x00000001
core   0: 0x8000bc58 (0x0000bfe5) c.j     pc - 8
core   0: 3 0x8000bc58 (0xbfe5)
core   0: 0x8000bc50 (0x00001f17) auipc   t5, 0x1
core   0: 3 0x8000bc50 (0x00001f17) x30 0x8000cc50
core   0: 0x8000bc54 (0x3a3f2823) sw      gp, 944(t5)
core   0: 3 0x8000bc54 (0x3a3f2823) mem 0x8000d000 0x00000001
core   0: 0x8000bc58 (0x0000bfe5) c.j     pc - 8
core   0: 3 0x8000bc58 (0xbfe5)
core   0: 0x8000bc50 (0x00001f17) auipc   t5, 0x1
core   0: 3 0x8000bc50 (0x00001f17) x30 0x8000cc50
core   0: 0x8000bc54 (0x3a3f2823) sw      gp, 944(t5)
core   0: 3 0x8000bc54 (0x3a3f2823) mem 0x8000d000 0x00000001
core   0: 0x8000bc58 (0x0000bfe5) c.j     pc - 8
core   0: 3 0x8000bc58 (0xbfe5)
core   0: 0x8000bc50 (0x00001f17) auipc   t5, 0x1
core   0: 3 0x8000bc50 (0x00001f17) x30 0x8000cc50
core   0: 0x8000bc54 (0x3a3f2823) sw      gp, 944(t5)
core   0: 3 0x8000bc54 (0x3a3f2823) mem 0x8000d000 0x00000001
core   0: 0x8000bc58 (0x0000bfe5) c.j     pc - 8
core   0: 3 0x8000bc58 (0xbfe5)
core   0: 0x8000bc50 (0x00001f17) auipc   t5, 0x1
core   0: 3 0x8000bc50 (0x00001f17) x30 0x8000cc50
core   0: 0x8000bc54 (0x3a3f2823) sw      gp, 944(t5)
core   0: 3 0x8000bc54 (0x3a3f2823) mem 0x8000d000 0x00000001
core   0: 0x8000bc58 (0x0000bfe5) c.j     pc - 8
core   0: 3 0x8000bc58 (0xbfe5)
core   0: 0x8000bc50 (0x00001f17) auipc   t5, 0x1
core   0: 3 0x8000bc50 (0x00001f17) x30 0x8000cc50
core   0: 0x8000bc54 (0x3a3f2823) sw      gp, 944(t5)
core   0: 3 0x8000bc54 (0x3a3f2823) mem 0x8000d000 0x00000001
core   0: 0x8000bc58 (0x0000bfe5) c.j     pc - 8
core   0: 3 0x8000bc58 (0xbfe5)
core   0: 0x8000bc50 (0x00001f17) auipc   t5, 0x1
core   0: 3 0x8000bc50 (0x00001f17) x30 0x8000cc50
core   0: 0x8000bc54 (0x3a3f2823) sw      gp, 944(t5)
core   0: 3 0x8000bc54 (0x3a3f2823) mem 0x8000d000 0x00000001
core   0: 0x8000bc58 (0x0000bfe5) c.j     pc - 8
core   0: 3 0x8000bc58 (0xbfe5)
core   0: 0x8000bc50 (0x00001f17) auipc   t5, 0x1
core   0: 3 0x8000bc50 (0x00001f17) x30 0x8000cc50
core   0: 0x8000bc54 (0x3a3f2823) sw      gp, 944(t5)
core   0: 3 0x8000bc54 (0x3a3f2823) mem 0x8000d000 0x00000001
core   0: 0x8000bc58 (0x0000bfe5) c.j     pc - 8
core   0: 3 0x8000bc58 (0xbfe5)
core   0: 0x8000bc50 (0x00001f17) auipc   t5, 0x1
core   0: 3 0x8000bc50 (0x00001f17) x30 0x8000cc50
core   0: 0x8000bc54 (0x3a3f2823) sw      gp, 944(t5)
core   0: 3 0x8000bc54 (0x3a3f2823) mem 0x8000d000 0x00000001
core   0: 0x8000bc58 (0x0000bfe5) c.j     pc - 8
core   0: 3 0x8000bc58 (0xbfe5)
core   0: 0x8000bc50 (0x00001f17) auipc   t5, 0x1
core   0: 3 0x8000bc50 (0x00001f17) x30 0x8000cc50
core   0: 0x8000bc54 (0x3a3f2823) sw      gp, 944(t5)
core   0: 3 0x8000bc54 (0x3a3f2823) mem 0x8000d000 0x00000001
core   0: 0x8000bc58 (0x0000bfe5) c.j     pc - 8
core   0: 3 0x8000bc58 (0xbfe5)
core   0: 0x8000bc50 (0x00001f17) auipc   t5, 0x1
core   0: 3 0x8000bc50 (0x00001f17) x30 0x8000cc50
core   0: 0x8000bc54 (0x3a3f2823) sw      gp, 944(t5)
core   0: 3 0x8000bc54 (0x3a3f2823) mem 0x8000d000 0x00000001
core   0: 0x8000bc58 (0x0000bfe5) c.j     pc - 8
core   0: 3 0x8000bc58 (0xbfe5)
core   0: 0x8000bc50 (0x00001f17) auipc   t5, 0x1
core   0: 3 0x8000bc50 (0x00001f17) x30 0x8000cc50
core   0: 0x8000bc54 (0x3a3f2823) sw      gp, 944(t5)
core   0: 3 0x8000bc54 (0x3a3f2823) mem 0x8000d000 0x00000001
core   0: 0x8000bc58 (0x0000bfe5) c.j     pc - 8
core   0: 3 0x8000bc58 (0xbfe5)
core   0: 0x8000bc50 (0x00001f17) auipc   t5, 0x1
core   0: 3 0x8000bc50 (0x00001f17) x30 0x8000cc50
core   0: 0x8000bc54 (0x3a3f2823) sw      gp, 944(t5)
core   0: 3 0x8000bc54 (0x3a3f2823) mem 0x8000d000 0x00000001
core   0: 0x8000bc58 (0x0000bfe5) c.j     pc - 8
core   0: 3 0x8000bc58 (0xbfe5)
core   0: 0x8000bc50 (0x00001f17) auipc   t5, 0x1
core   0: 3 0x8000bc50 (0x00001f17) x30 0x8000cc50
core   0: 0x8000bc54 (0x3a3f2823) sw      gp, 944(t5)
core   0: 3 0x8000bc54 (0x3a3f2823) mem 0x8000d000 0x00000001
core   0: 0x8000bc58 (0x0000bfe5) c.j     pc - 8
core   0: 3 0x8000bc58 (0xbfe5)
core   0: 0x8000bc50 (0x00001f17) auipc   t5, 0x1
core   0: 3 0x8000bc50 (0x00001f17) x30 0x8000cc50
core   0: 0x8000bc54 (0x3a3f2823) sw      gp, 944(t5)
core   0: 3 0x8000bc54 (0x3a3f2823) mem 0x8000d000 0x00000001
core   0: 0x8000bc58 (0x0000bfe5) c.j     pc - 8
core   0: 3 0x8000bc58 (0xbfe5)
core   0: 0x8000bc50 (0x00001f17) auipc   t5, 0x1
core   0: 3 0x8000bc50 (0x00001f17) x30 0x8000cc50
core   0: 0x8000bc54 (0x3a3f2823) sw      gp, 944(t5)
core   0: 3 0x8000bc54 (0x3a3f2823) mem 0x8000d000 0x00000001
core   0: 0x8000bc58 (0x0000bfe5) c.j     pc - 8
core   0: 3 0x8000bc58 (0xbfe5)
core   0: 0x8000bc50 (0x00001f17) auipc   t5, 0x1
core   0: 3 0x8000bc50 (0x00001f17) x30 0x8000cc50
core   0: 0x8000bc54 (0x3a3f2823) sw      gp, 944(t5)
core   0: 3 0x8000bc54 (0x3a3f2823) mem 0x8000d000 0x00000001
core   0: 0x8000bc58 (0x0000bfe5) c.j     pc - 8
core   0: 3 0x8000bc58 (0xbfe5)
core   0: 0x8000bc50 (0x00001f17) auipc   t5, 0x1
core   0: 3 0x8000bc50 (0x00001f17) x30 0x8000cc50
core   0: 0x8000bc54 (0x3a3f2823) sw      gp, 944(t5)
core   0: 3 0x8000bc54 (0x3a3f2823) mem 0x8000d000 0x00000001
core   0: 0x8000bc58 (0x0000bfe5) c.j     pc - 8
core   0: 3 0x8000bc58 (0xbfe5)
core   0: 0x8000bc50 (0x00001f17) auipc   t5, 0x1
core   0: 3 0x8000bc50 (0x00001f17) x30 0x8000cc50
core   0: 0x8000bc54 (0x3a3f2823) sw      gp, 944(t5)
core   0: 3 0x8000bc54 (0x3a3f2823) mem 0x8000d000 0x00000001
core   0: 0x8000bc58 (0x0000bfe5) c.j     pc - 8
core   0: 3 0x8000bc58 (0xbfe5)
core   0: 0x8000bc50 (0x00001f17) auipc   t5, 0x1
core   0: 3 0x8000bc50 (0x00001f17) x30 0x8000cc50
core   0: 0x8000bc54 (0x3a3f2823) sw      gp, 944(t5)
core   0: 3 0x8000bc54 (0x3a3f2823) mem 0x8000d000 0x00000001
core   0: 0x8000bc58 (0x0000bfe5) c.j     pc - 8
core   0: 3 0x8000bc58 (0xbfe5)
core   0: 0x8000bc50 (0x00001f17) auipc   t5, 0x1
core   0: 3 0x8000bc50 (0x00001f17) x30 0x8000cc50
core   0: 0x8000bc54 (0x3a3f2823) sw      gp, 944(t5)
core   0: 3 0x8000bc54 (0x3a3f2823) mem 0x8000d000 0x00000001
core   0: 0x8000bc58 (0x0000bfe5) c.j     pc - 8
core   0: 3 0x8000bc58 (0xbfe5)
core   0: 0x8000bc50 (0x00001f17) auipc   t5, 0x1
core   0: 3 0x8000bc50 (0x00001f17) x30 0x8000cc50
core   0: 0x8000bc54 (0x3a3f2823) sw      gp, 944(t5)
core   0: 3 0x8000bc54 (0x3a3f2823) mem 0x8000d000 0x00000001
core   0: 0x8000bc58 (0x0000bfe5) c.j     pc - 8
core   0: 3 0x8000bc58 (0xbfe5)
core   0: 0x8000bc50 (0x00001f17) auipc   t5, 0x1
core   0: 3 0x8000bc50 (0x00001f17) x30 0x8000cc50
core   0: 0x8000bc54 (0x3a3f2823) sw      gp, 944(t5)
core   0: 3 0x8000bc54 (0x3a3f2823) mem 0x8000d000 0x00000001
core   0: 0x8000bc58 (0x0000bfe5) c.j     pc - 8
core   0: 3 0x8000bc58 (0xbfe5)
core   0: 0x8000bc50 (0x00001f17) auipc   t5, 0x1
core   0: 3 0x8000bc50 (0x00001f17) x30 0x8000cc50
core   0: 0x8000bc54 (0x3a3f2823) sw      gp, 944(t5)
core   0: 3 0x8000bc54 (0x3a3f2823) mem 0x8000d000 0x00000001
core   0: 0x8000bc58 (0x0000bfe5) c.j     pc - 8
core   0: 3 0x8000bc58 (0xbfe5)
core   0: 0x8000bc50 (0x00001f17) auipc   t5, 0x1
core   0: 3 0x8000bc50 (0x00001f17) x30 0x8000cc50
core   0: 0x8000bc54 (0x3a3f2823) sw      gp, 944(t5)
core   0: 3 0x8000bc54 (0x3a3f2823) mem 0x8000d000 0x00000001
core   0: 0x8000bc58 (0x0000bfe5) c.j     pc - 8
core   0: 3 0x8000bc58 (0xbfe5)
core   0: 0x8000bc50 (0x00001f17) auipc   t5, 0x1
core   0: 3 0x8000bc50 (0x00001f17) x30 0x8000cc50
core   0: 0x8000bc54 (0x3a3f2823) sw      gp, 944(t5)
core   0: 3 0x8000bc54 (0x3a3f2823) mem 0x8000d000 0x00000001
core   0: 0x8000bc58 (0x0000bfe5) c.j     pc - 8
core   0: 3 0x8000bc58 (0xbfe5)
core   0: 0x8000bc50 (0x00001f17) auipc   t5, 0x1
core   0: 3 0x8000bc50 (0x00001f17) x30 0x8000cc50
core   0: 0x8000bc54 (0x3a3f2823) sw      gp, 944(t5)
core   0: 3 0x8000bc54 (0x3a3f2823) mem 0x8000d000 0x00000001
core   0: 0x8000bc58 (0x0000bfe5) c.j     pc - 8
core   0: 3 0x8000bc58 (0xbfe5)
core   0: 0x8000bc50 (0x00001f17) auipc   t5, 0x1
core   0: 3 0x8000bc50 (0x00001f17) x30 0x8000cc50
core   0: 0x8000bc54 (0x3a3f2823) sw      gp, 944(t5)
core   0: 3 0x8000bc54 (0x3a3f2823) mem 0x8000d000 0x00000001
core   0: 0x8000bc58 (0x0000bfe5) c.j     pc - 8
core   0: 3 0x8000bc58 (0xbfe5)
core   0: 0x8000bc50 (0x00001f17) auipc   t5, 0x1
core   0: 3 0x8000bc50 (0x00001f17) x30 0x8000cc50
core   0: 0x8000bc54 (0x3a3f2823) sw      gp, 944(t5)
core   0: 3 0x8000bc54 (0x3a3f2823) mem 0x8000d000 0x00000001
core   0: 0x8000bc58 (0x0000bfe5) c.j     pc - 8
core   0: 3 0x8000bc58 (0xbfe5)
core   0: 0x8000bc50 (0x00001f17) auipc   t5, 0x1
core   0: 3 0x8000bc50 (0x00001f17) x30 0x8000cc50
core   0: 0x8000bc54 (0x3a3f2823) sw      gp, 944(t5)
core   0: 3 0x8000bc54 (0x3a3f2823) mem 0x8000d000 0x00000001
core   0: 0x8000bc58 (0x0000bfe5) c.j     pc - 8
core   0: 3 0x8000bc58 (0xbfe5)
core   0: 0x8000bc50 (0x00001f17) auipc   t5, 0x1
core   0: 3 0x8000bc50 (0x00001f17) x30 0x8000cc50
core   0: 0x8000bc54 (0x3a3f2823) sw      gp, 944(t5)
core   0: 3 0x8000bc54 (0x3a3f2823) mem 0x8000d000 0x00000001
core   0: 0x8000bc58 (0x0000bfe5) c.j     pc - 8
core   0: 3 0x8000bc58 (0xbfe5)
core   0: 0x8000bc50 (0x00001f17) auipc   t5, 0x1
core   0: 3 0x8000bc50 (0x00001f17) x30 0x8000cc50
core   0: 0x8000bc54 (0x3a3f2823) sw      gp, 944(t5)
core   0: 3 0x8000bc54 (0x3a3f2823) mem 0x8000d000 0x00000001
core   0: 0x8000bc58 (0x0000bfe5) c.j     pc - 8
core   0: 3 0x8000bc58 (0xbfe5)
core   0: 0x8000bc50 (0x00001f17) auipc   t5, 0x1
core   0: 3 0x8000bc50 (0x00001f17) x30 0x8000cc50
core   0: 0x8000bc54 (0x3a3f2823) sw      gp, 944(t5)
core   0: 3 0x8000bc54 (0x3a3f2823) mem 0x8000d000 0x00000001
core   0: 0x8000bc58 (0x0000bfe5) c.j     pc - 8
core   0: 3 0x8000bc58 (0xbfe5)
core   0: 0x8000bc50 (0x00001f17) auipc   t5, 0x1
core   0: 3 0x8000bc50 (0x00001f17) x30 0x8000cc50
core   0: 0x8000bc54 (0x3a3f2823) sw      gp, 944(t5)
core   0: 3 0x8000bc54 (0x3a3f2823) mem 0x8000d000 0x00000001
core   0: 0x8000bc58 (0x0000bfe5) c.j     pc - 8
core   0: 3 0x8000bc58 (0xbfe5)
core   0: 0x8000bc50 (0x00001f17) auipc   t5, 0x1
core   0: 3 0x8000bc50 (0x00001f17) x30 0x8000cc50
core   0: 0x8000bc54 (0x3a3f2823) sw      gp, 944(t5)
core   0: 3 0x8000bc54 (0x3a3f2823) mem 0x8000d000 0x00000001
core   0: 0x8000bc58 (0x0000bfe5) c.j     pc - 8
core   0: 3 0x8000bc58 (0xbfe5)
core   0: 0x8000bc50 (0x00001f17) auipc   t5, 0x1
core   0: 3 0x8000bc50 (0x00001f17) x30 0x8000cc50
core   0: 0x8000bc54 (0x3a3f2823) sw      gp, 944(t5)
core   0: 3 0x8000bc54 (0x3a3f2823) mem 0x8000d000 0x00000001
core   0: 0x8000bc58 (0x0000bfe5) c.j     pc - 8
core   0: 3 0x8000bc58 (0xbfe5)
core   0: 0x8000bc50 (0x00001f17) auipc   t5, 0x1
core   0: 3 0x8000bc50 (0x00001f17) x30 0x8000cc50
core   0: 0x8000bc54 (0x3a3f2823) sw      gp, 944(t5)
core   0: 3 0x8000bc54 (0x3a3f2823) mem 0x8000d000 0x00000001
core   0: 0x8000bc58 (0x0000bfe5) c.j     pc - 8
core   0: 3 0x8000bc58 (0xbfe5)
core   0: 0x8000bc50 (0x00001f17) auipc   t5, 0x1
core   0: 3 0x8000bc50 (0x00001f17) x30 0x8000cc50
core   0: 0x8000bc54 (0x3a3f2823) sw      gp, 944(t5)
core   0: 3 0x8000bc54 (0x3a3f2823) mem 0x8000d000 0x00000001
core   0: 0x8000bc58 (0x0000bfe5) c.j     pc - 8
core   0: 3 0x8000bc58 (0xbfe5)
core   0: 0x8000bc50 (0x00001f17) auipc   t5, 0x1
core   0: 3 0x8000bc50 (0x00001f17) x30 0x8000cc50
core   0: 0x8000bc54 (0x3a3f2823) sw      gp, 944(t5)
core   0: 3 0x8000bc54 (0x3a3f2823) mem 0x8000d000 0x00000001
core   0: 0x8000bc58 (0x0000bfe5) c.j     pc - 8
core   0: 3 0x8000bc58 (0xbfe5)
core   0: 0x8000bc50 (0x00001f17) auipc   t5, 0x1
core   0: 3 0x8000bc50 (0x00001f17) x30 0x8000cc50
core   0: 0x8000bc54 (0x3a3f2823) sw      gp, 944(t5)
core   0: 3 0x8000bc54 (0x3a3f2823) mem 0x8000d000 0x00000001
core   0: 0x8000bc58 (0x0000bfe5) c.j     pc - 8
core   0: 3 0x8000bc58 (0xbfe5)
core   0: 0x8000bc50 (0x00001f17) auipc   t5, 0x1
core   0: 3 0x8000bc50 (0x00001f17) x30 0x8000cc50
core   0: 0x8000bc54 (0x3a3f2823) sw      gp, 944(t5)
core   0: 3 0x8000bc54 (0x3a3f2823) mem 0x8000d000 0x00000001
core   0: 0x8000bc58 (0x0000bfe5) c.j     pc - 8
core   0: 3 0x8000bc58 (0xbfe5)
core   0: 0x8000bc50 (0x00001f17) auipc   t5, 0x1
core   0: 3 0x8000bc50 (0x00001f17) x30 0x8000cc50
core   0: 0x8000bc54 (0x3a3f2823) sw      gp, 944(t5)
core   0: 3 0x8000bc54 (0x3a3f2823) mem 0x8000d000 0x00000001
core   0: 0x8000bc58 (0x0000bfe5) c.j     pc - 8
core   0: 3 0x8000bc58 (0xbfe5)
core   0: 0x8000bc50 (0x00001f17) auipc   t5, 0x1
core   0: 3 0x8000bc50 (0x00001f17) x30 0x8000cc50
core   0: 0x8000bc54 (0x3a3f2823) sw      gp, 944(t5)
core   0: 3 0x8000bc54 (0x3a3f2823) mem 0x8000d000 0x00000001
core   0: 0x8000bc58 (0x0000bfe5) c.j     pc - 8
core   0: 3 0x8000bc58 (0xbfe5)
core   0: 0x8000bc50 (0x00001f17) auipc   t5, 0x1
core   0: 3 0x8000bc50 (0x00001f17) x30 0x8000cc50
core   0: 0x8000bc54 (0x3a3f2823) sw      gp, 944(t5)
core   0: 3 0x8000bc54 (0x3a3f2823) mem 0x8000d000 0x00000001
core   0: 0x8000bc58 (0x0000bfe5) c.j     pc - 8
core   0: 3 0x8000bc58 (0xbfe5)
core   0: 0x8000bc50 (0x00001f17) auipc   t5, 0x1
core   0: 3 0x8000bc50 (0x00001f17) x30 0x8000cc50
core   0: 0x8000bc54 (0x3a3f2823) sw      gp, 944(t5)
core   0: 3 0x8000bc54 (0x3a3f2823) mem 0x8000d000 0x00000001
core   0: 0x8000bc58 (0x0000bfe5) c.j     pc - 8
core   0: 3 0x8000bc58 (0xbfe5)
core   0: 0x8000bc50 (0x00001f17) auipc   t5, 0x1
core   0: 3 0x8000bc50 (0x00001f17) x30 0x8000cc50
core   0: 0x8000bc54 (0x3a3f2823) sw      gp, 944(t5)
core   0: 3 0x8000bc54 (0x3a3f2823) mem 0x8000d000 0x00000001
core   0: 0x8000bc58 (0x0000bfe5) c.j     pc - 8
core   0: 3 0x8000bc58 (0xbfe5)
core   0: 0x8000bc50 (0x00001f17) auipc   t5, 0x1
core   0: 3 0x8000bc50 (0x00001f17) x30 0x8000cc50
core   0: 0x8000bc54 (0x3a3f2823) sw      gp, 944(t5)
core   0: 3 0x8000bc54 (0x3a3f2823) mem 0x8000d000 0x00000001
core   0: 0x8000bc58 (0x0000bfe5) c.j     pc - 8
core   0: 3 0x8000bc58 (0xbfe5)
core   0: 0x8000bc50 (0x00001f17) auipc   t5, 0x1
core   0: 3 0x8000bc50 (0x00001f17) x30 0x8000cc50
core   0: 0x8000bc54 (0x3a3f2823) sw      gp, 944(t5)
core   0: 3 0x8000bc54 (0x3a3f2823) mem 0x8000d000 0x00000001
core   0: 0x8000bc58 (0x0000bfe5) c.j     pc - 8
core   0: 3 0x8000bc58 (0xbfe5)
core   0: 0x8000bc50 (0x00001f17) auipc   t5, 0x1
core   0: 3 0x8000bc50 (0x00001f17) x30 0x8000cc50
core   0: 0x8000bc54 (0x3a3f2823) sw      gp, 944(t5)
core   0: 3 0x8000bc54 (0x3a3f2823) mem 0x8000d000 0x00000001
core   0: 0x8000bc58 (0x0000bfe5) c.j     pc - 8
core   0: 3 0x8000bc58 (0xbfe5)
core   0: 0x8000bc50 (0x00001f17) auipc   t5, 0x1
core   0: 3 0x8000bc50 (0x00001f17) x30 0x8000cc50
core   0: 0x8000bc54 (0x3a3f2823) sw      gp, 944(t5)
core   0: 3 0x8000bc54 (0x3a3f2823) mem 0x8000d000 0x00000001
core   0: 0x8000bc58 (0x0000bfe5) c.j     pc - 8
core   0: 3 0x8000bc58 (0xbfe5)
core   0: 0x8000bc50 (0x00001f17) auipc   t5, 0x1
core   0: 3 0x8000bc50 (0x00001f17) x30 0x8000cc50
core   0: 0x8000bc54 (0x3a3f2823) sw      gp, 944(t5)
core   0: 3 0x8000bc54 (0x3a3f2823) mem 0x8000d000 0x00000001
core   0: 0x8000bc58 (0x0000bfe5) c.j     pc - 8
core   0: 3 0x8000bc58 (0xbfe5)
core   0: 0x8000bc50 (0x00001f17) auipc   t5, 0x1
core   0: 3 0x8000bc50 (0x00001f17) x30 0x8000cc50
core   0: 0x8000bc54 (0x3a3f2823) sw      gp, 944(t5)
core   0: 3 0x8000bc54 (0x3a3f2823) mem 0x8000d000 0x00000001
core   0: 0x8000bc58 (0x0000bfe5) c.j     pc - 8
core   0: 3 0x8000bc58 (0xbfe5)
core   0: 0x8000bc50 (0x00001f17) auipc   t5, 0x1
core   0: 3 0x8000bc50 (0x00001f17) x30 0x8000cc50
core   0: 0x8000bc54 (0x3a3f2823) sw      gp, 944(t5)
core   0: 3 0x8000bc54 (0x3a3f2823) mem 0x8000d000 0x00000001
core   0: 0x8000bc58 (0x0000bfe5) c.j     pc - 8
core   0: 3 0x8000bc58 (0xbfe5)
core   0: 0x8000bc50 (0x00001f17) auipc   t5, 0x1
core   0: 3 0x8000bc50 (0x00001f17) x30 0x8000cc50
core   0: 0x8000bc54 (0x3a3f2823) sw      gp, 944(t5)
core   0: 3 0x8000bc54 (0x3a3f2823) mem 0x8000d000 0x00000001
core   0: 0x8000bc58 (0x0000bfe5) c.j     pc - 8
core   0: 3 0x8000bc58 (0xbfe5)
core   0: 0x8000bc50 (0x00001f17) auipc   t5, 0x1
core   0: 3 0x8000bc50 (0x00001f17) x30 0x8000cc50
core   0: 0x8000bc54 (0x3a3f2823) sw      gp, 944(t5)
core   0: 3 0x8000bc54 (0x3a3f2823) mem 0x8000d000 0x00000001
core   0: 0x8000bc58 (0x0000bfe5) c.j     pc - 8
core   0: 3 0x8000bc58 (0xbfe5)
core   0: 0x8000bc50 (0x00001f17) auipc   t5, 0x1
core   0: 3 0x8000bc50 (0x00001f17) x30 0x8000cc50
core   0: 0x8000bc54 (0x3a3f2823) sw      gp, 944(t5)
core   0: 3 0x8000bc54 (0x3a3f2823) mem 0x8000d000 0x00000001
core   0: 0x8000bc58 (0x0000bfe5) c.j     pc - 8
core   0: 3 0x8000bc58 (0xbfe5)
core   0: 0x8000bc50 (0x00001f17) auipc   t5, 0x1
core   0: 3 0x8000bc50 (0x00001f17) x30 0x8000cc50
core   0: 0x8000bc54 (0x3a3f2823) sw      gp, 944(t5)
core   0: 3 0x8000bc54 (0x3a3f2823) mem 0x8000d000 0x00000001
core   0: 0x8000bc58 (0x0000bfe5) c.j     pc - 8
core   0: 3 0x8000bc58 (0xbfe5)
core   0: 0x8000bc50 (0x00001f17) auipc   t5, 0x1
core   0: 3 0x8000bc50 (0x00001f17) x30 0x8000cc50
core   0: 0x8000bc54 (0x3a3f2823) sw      gp, 944(t5)
core   0: 3 0x8000bc54 (0x3a3f2823) mem 0x8000d000 0x00000001
core   0: 0x8000bc58 (0x0000bfe5) c.j     pc - 8
core   0: 3 0x8000bc58 (0xbfe5)
core   0: 0x8000bc50 (0x00001f17) auipc   t5, 0x1
core   0: 3 0x8000bc50 (0x00001f17) x30 0x8000cc50
core   0: 0x8000bc54 (0x3a3f2823) sw      gp, 944(t5)
core   0: 3 0x8000bc54 (0x3a3f2823) mem 0x8000d000 0x00000001
core   0: 0x8000bc58 (0x0000bfe5) c.j     pc - 8
core   0: 3 0x8000bc58 (0xbfe5)
core   0: 0x8000bc50 (0x00001f17) auipc   t5, 0x1
core   0: 3 0x8000bc50 (0x00001f17) x30 0x8000cc50
core   0: 0x8000bc54 (0x3a3f2823) sw      gp, 944(t5)
core   0: 3 0x8000bc54 (0x3a3f2823) mem 0x8000d000 0x00000001
core   0: 0x8000bc58 (0x0000bfe5) c.j     pc - 8
core   0: 3 0x8000bc58 (0xbfe5)
core   0: 0x8000bc50 (0x00001f17) auipc   t5, 0x1
core   0: 3 0x8000bc50 (0x00001f17) x30 0x8000cc50
core   0: 0x8000bc54 (0x3a3f2823) sw      gp, 944(t5)
core   0: 3 0x8000bc54 (0x3a3f2823) mem 0x8000d000 0x00000001
core   0: 0x8000bc58 (0x0000bfe5) c.j     pc - 8
core   0: 3 0x8000bc58 (0xbfe5)
core   0: 0x8000bc50 (0x00001f17) auipc   t5, 0x1
core   0: 3 0x8000bc50 (0x00001f17) x30 0x8000cc50
core   0: 0x8000bc54 (0x3a3f2823) sw      gp, 944(t5)
core   0: 3 0x8000bc54 (0x3a3f2823) mem 0x8000d000 0x00000001
core   0: 0x8000bc58 (0x0000bfe5) c.j     pc - 8
core   0: 3 0x8000bc58 (0xbfe5)
core   0: 0x8000bc50 (0x00001f17) auipc   t5, 0x1
core   0: 3 0x8000bc50 (0x00001f17) x30 0x8000cc50
core   0: 0x8000bc54 (0x3a3f2823) sw      gp, 944(t5)
core   0: 3 0x8000bc54 (0x3a3f2823) mem 0x8000d000 0x00000001
core   0: 0x8000bc58 (0x0000bfe5) c.j     pc - 8
core   0: 3 0x8000bc58 (0xbfe5)
core   0: 0x8000bc50 (0x00001f17) auipc   t5, 0x1
core   0: 3 0x8000bc50 (0x00001f17) x30 0x8000cc50
core   0: 0x8000bc54 (0x3a3f2823) sw      gp, 944(t5)
core   0: 3 0x8000bc54 (0x3a3f2823) mem 0x8000d000 0x00000001
core   0: 0x8000bc58 (0x0000bfe5) c.j     pc - 8
core   0: 3 0x8000bc58 (0xbfe5)
core   0: 0x8000bc50 (0x00001f17) auipc   t5, 0x1
core   0: 3 0x8000bc50 (0x00001f17) x30 0x8000cc50
core   0: 0x8000bc54 (0x3a3f2823) sw      gp, 944(t5)
core   0: 3 0x8000bc54 (0x3a3f2823) mem 0x8000d000 0x00000001
core   0: 0x8000bc58 (0x0000bfe5) c.j     pc - 8
core   0: 3 0x8000bc58 (0xbfe5)
core   0: 0x8000bc50 (0x00001f17) auipc   t5, 0x1
core   0: 3 0x8000bc50 (0x00001f17) x30 0x8000cc50
core   0: 0x8000bc54 (0x3a3f2823) sw      gp, 944(t5)
core   0: 3 0x8000bc54 (0x3a3f2823) mem 0x8000d000 0x00000001
core   0: 0x8000bc58 (0x0000bfe5) c.j     pc - 8
core   0: 3 0x8000bc58 (0xbfe5)
core   0: 0x8000bc50 (0x00001f17) auipc   t5, 0x1
core   0: 3 0x8000bc50 (0x00001f17) x30 0x8000cc50
core   0: 0x8000bc54 (0x3a3f2823) sw      gp, 944(t5)
core   0: 3 0x8000bc54 (0x3a3f2823) mem 0x8000d000 0x00000001
core   0: 0x8000bc58 (0x0000bfe5) c.j     pc - 8
core   0: 3 0x8000bc58 (0xbfe5)
core   0: 0x8000bc50 (0x00001f17) auipc   t5, 0x1
core   0: 3 0x8000bc50 (0x00001f17) x30 0x8000cc50
core   0: 0x8000bc54 (0x3a3f2823) sw      gp, 944(t5)
core   0: 3 0x8000bc54 (0x3a3f2823) mem 0x8000d000 0x00000001
core   0: 0x8000bc58 (0x0000bfe5) c.j     pc - 8
core   0: 3 0x8000bc58 (0xbfe5)
core   0: 0x8000bc50 (0x00001f17) auipc   t5, 0x1
core   0: 3 0x8000bc50 (0x00001f17) x30 0x8000cc50
core   0: 0x8000bc54 (0x3a3f2823) sw      gp, 944(t5)
core   0: 3 0x8000bc54 (0x3a3f2823) mem 0x8000d000 0x00000001
core   0: 0x8000bc58 (0x0000bfe5) c.j     pc - 8
core   0: 3 0x8000bc58 (0xbfe5)
core   0: 0x8000bc50 (0x00001f17) auipc   t5, 0x1
core   0: 3 0x8000bc50 (0x00001f17) x30 0x8000cc50
core   0: 0x8000bc54 (0x3a3f2823) sw      gp, 944(t5)
core   0: 3 0x8000bc54 (0x3a3f2823) mem 0x8000d000 0x00000001
core   0: 0x8000bc58 (0x0000bfe5) c.j     pc - 8
core   0: 3 0x8000bc58 (0xbfe5)
core   0: 0x8000bc50 (0x00001f17) auipc   t5, 0x1
core   0: 3 0x8000bc50 (0x00001f17) x30 0x8000cc50
core   0: 0x8000bc54 (0x3a3f2823) sw      gp, 944(t5)
core   0: 3 0x8000bc54 (0x3a3f2823) mem 0x8000d000 0x00000001
core   0: 0x8000bc58 (0x0000bfe5) c.j     pc - 8
core   0: 3 0x8000bc58 (0xbfe5)
core   0: 0x8000bc50 (0x00001f17) auipc   t5, 0x1
core   0: 3 0x8000bc50 (0x00001f17) x30 0x8000cc50
core   0: 0x8000bc54 (0x3a3f2823) sw      gp, 944(t5)
core   0: 3 0x8000bc54 (0x3a3f2823) mem 0x8000d000 0x00000001
core   0: 0x8000bc58 (0x0000bfe5) c.j     pc - 8
core   0: 3 0x8000bc58 (0xbfe5)
core   0: 0x8000bc50 (0x00001f17) auipc   t5, 0x1
core   0: 3 0x8000bc50 (0x00001f17) x30 0x8000cc50
core   0: 0x8000bc54 (0x3a3f2823) sw      gp, 944(t5)
core   0: 3 0x8000bc54 (0x3a3f2823) mem 0x8000d000 0x00000001
core   0: 0x8000bc58 (0x0000bfe5) c.j     pc - 8
core   0: 3 0x8000bc58 (0xbfe5)
core   0: 0x8000bc50 (0x00001f17) auipc   t5, 0x1
core   0: 3 0x8000bc50 (0x00001f17) x30 0x8000cc50
core   0: 0x8000bc54 (0x3a3f2823) sw      gp, 944(t5)
core   0: 3 0x8000bc54 (0x3a3f2823) mem 0x8000d000 0x00000001
core   0: 0x8000bc58 (0x0000bfe5) c.j     pc - 8
core   0: 3 0x8000bc58 (0xbfe5)
core   0: 0x8000bc50 (0x00001f17) auipc   t5, 0x1
core   0: 3 0x8000bc50 (0x00001f17) x30 0x8000cc50
core   0: 0x8000bc54 (0x3a3f2823) sw      gp, 944(t5)
core   0: 3 0x8000bc54 (0x3a3f2823) mem 0x8000d000 0x00000001
core   0: 0x8000bc58 (0x0000bfe5) c.j     pc - 8
core   0: 3 0x8000bc58 (0xbfe5)
core   0: 0x8000bc50 (0x00001f17) auipc   t5, 0x1
core   0: 3 0x8000bc50 (0x00001f17) x30 0x8000cc50
core   0: 0x8000bc54 (0x3a3f2823) sw      gp, 944(t5)
core   0: 3 0x8000bc54 (0x3a3f2823) mem 0x8000d000 0x00000001
core   0: 0x8000bc58 (0x0000bfe5) c.j     pc - 8
core   0: 3 0x8000bc58 (0xbfe5)
core   0: 0x8000bc50 (0x00001f17) auipc   t5, 0x1
core   0: 3 0x8000bc50 (0x00001f17) x30 0x8000cc50
core   0: 0x8000bc54 (0x3a3f2823) sw      gp, 944(t5)
core   0: 3 0x8000bc54 (0x3a3f2823) mem 0x8000d000 0x00000001
core   0: 0x8000bc58 (0x0000bfe5) c.j     pc - 8
core   0: 3 0x8000bc58 (0xbfe5)
core   0: 0x8000bc50 (0x00001f17) auipc   t5, 0x1
core   0: 3 0x8000bc50 (0x00001f17) x30 0x8000cc50
core   0: 0x8000bc54 (0x3a3f2823) sw      gp, 944(t5)
core   0: 3 0x8000bc54 (0x3a3f2823) mem 0x8000d000 0x00000001
core   0: 0x8000bc58 (0x0000bfe5) c.j     pc - 8
core   0: 3 0x8000bc58 (0xbfe5)
core   0: 0x8000bc50 (0x00001f17) auipc   t5, 0x1
core   0: 3 0x8000bc50 (0x00001f17) x30 0x8000cc50
core   0: 0x8000bc54 (0x3a3f2823) sw      gp, 944(t5)
core   0: 3 0x8000bc54 (0x3a3f2823) mem 0x8000d000 0x00000001
core   0: 0x8000bc58 (0x0000bfe5) c.j     pc - 8
core   0: 3 0x8000bc58 (0xbfe5)
core   0: 0x8000bc50 (0x00001f17) auipc   t5, 0x1
core   0: 3 0x8000bc50 (0x00001f17) x30 0x8000cc50
core   0: 0x8000bc54 (0x3a3f2823) sw      gp, 944(t5)
core   0: 3 0x8000bc54 (0x3a3f2823) mem 0x8000d000 0x00000001
core   0: 0x8000bc58 (0x0000bfe5) c.j     pc - 8
core   0: 3 0x8000bc58 (0xbfe5)
core   0: 0x8000bc50 (0x00001f17) auipc   t5, 0x1
core   0: 3 0x8000bc50 (0x00001f17) x30 0x8000cc50
core   0: 0x8000bc54 (0x3a3f2823) sw      gp, 944(t5)
core   0: 3 0x8000bc54 (0x3a3f2823) mem 0x8000d000 0x00000001
core   0: 0x8000bc58 (0x0000bfe5) c.j     pc - 8
core   0: 3 0x8000bc58 (0xbfe5)
core   0: 0x8000bc50 (0x00001f17) auipc   t5, 0x1
core   0: 3 0x8000bc50 (0x00001f17) x30 0x8000cc50
core   0: 0x8000bc54 (0x3a3f2823) sw      gp, 944(t5)
core   0: 3 0x8000bc54 (0x3a3f2823) mem 0x8000d000 0x00000001
core   0: 0x8000bc58 (0x0000bfe5) c.j     pc - 8
core   0: 3 0x8000bc58 (0xbfe5)
core   0: 0x8000bc50 (0x00001f17) auipc   t5, 0x1
core   0: 3 0x8000bc50 (0x00001f17) x30 0x8000cc50
core   0: 0x8000bc54 (0x3a3f2823) sw      gp, 944(t5)
core   0: 3 0x8000bc54 (0x3a3f2823) mem 0x8000d000 0x00000001
core   0: 0x8000bc58 (0x0000bfe5) c.j     pc - 8
core   0: 3 0x8000bc58 (0xbfe5)
core   0: 0x8000bc50 (0x00001f17) auipc   t5, 0x1
core   0: 3 0x8000bc50 (0x00001f17) x30 0x8000cc50
core   0: 0x8000bc54 (0x3a3f2823) sw      gp, 944(t5)
core   0: 3 0x8000bc54 (0x3a3f2823) mem 0x8000d000 0x00000001
core   0: 0x8000bc58 (0x0000bfe5) c.j     pc - 8
core   0: 3 0x8000bc58 (0xbfe5)
core   0: 0x8000bc50 (0x00001f17) auipc   t5, 0x1
core   0: 3 0x8000bc50 (0x00001f17) x30 0x8000cc50
core   0: 0x8000bc54 (0x3a3f2823) sw      gp, 944(t5)
core   0: 3 0x8000bc54 (0x3a3f2823) mem 0x8000d000 0x00000001
core   0: 0x8000bc58 (0x0000bfe5) c.j     pc - 8
core   0: 3 0x8000bc58 (0xbfe5)
core   0: 0x8000bc50 (0x00001f17) auipc   t5, 0x1
core   0: 3 0x8000bc50 (0x00001f17) x30 0x8000cc50
core   0: 0x8000bc54 (0x3a3f2823) sw      gp, 944(t5)
core   0: 3 0x8000bc54 (0x3a3f2823) mem 0x8000d000 0x00000001
core   0: 0x8000bc58 (0x0000bfe5) c.j     pc - 8
core   0: 3 0x8000bc58 (0xbfe5)
core   0: 0x8000bc50 (0x00001f17) auipc   t5, 0x1
core   0: 3 0x8000bc50 (0x00001f17) x30 0x8000cc50
core   0: 0x8000bc54 (0x3a3f2823) sw      gp, 944(t5)
core   0: 3 0x8000bc54 (0x3a3f2823) mem 0x8000d000 0x00000001
core   0: 0x8000bc58 (0x0000bfe5) c.j     pc - 8
core   0: 3 0x8000bc58 (0xbfe5)
core   0: 0x8000bc50 (0x00001f17) auipc   t5, 0x1
core   0: 3 0x8000bc50 (0x00001f17) x30 0x8000cc50
core   0: 0x8000bc54 (0x3a3f2823) sw      gp, 944(t5)
core   0: 3 0x8000bc54 (0x3a3f2823) mem 0x8000d000 0x00000001
core   0: 0x8000bc58 (0x0000bfe5) c.j     pc - 8
core   0: 3 0x8000bc58 (0xbfe5)
core   0: 0x8000bc50 (0x00001f17) auipc   t5, 0x1
core   0: 3 0x8000bc50 (0x00001f17) x30 0x8000cc50
core   0: 0x8000bc54 (0x3a3f2823) sw      gp, 944(t5)
core   0: 3 0x8000bc54 (0x3a3f2823) mem 0x8000d000 0x00000001
core   0: 0x8000bc58 (0x0000bfe5) c.j     pc - 8
core   0: 3 0x8000bc58 (0xbfe5)
core   0: 0x8000bc50 (0x00001f17) auipc   t5, 0x1
core   0: 3 0x8000bc50 (0x00001f17) x30 0x8000cc50
core   0: 0x8000bc54 (0x3a3f2823) sw      gp, 944(t5)
core   0: 3 0x8000bc54 (0x3a3f2823) mem 0x8000d000 0x00000001
core   0: 0x8000bc58 (0x0000bfe5) c.j     pc - 8
core   0: 3 0x8000bc58 (0xbfe5)
core   0: 0x8000bc50 (0x00001f17) auipc   t5, 0x1
core   0: 3 0x8000bc50 (0x00001f17) x30 0x8000cc50
core   0: 0x8000bc54 (0x3a3f2823) sw      gp, 944(t5)
core   0: 3 0x8000bc54 (0x3a3f2823) mem 0x8000d000 0x00000001
core   0: 0x8000bc58 (0x0000bfe5) c.j     pc - 8
core   0: 3 0x8000bc58 (0xbfe5)
core   0: 0x8000bc50 (0x00001f17) auipc   t5, 0x1
core   0: 3 0x8000bc50 (0x00001f17) x30 0x8000cc50
core   0: 0x8000bc54 (0x3a3f2823) sw      gp, 944(t5)
core   0: 3 0x8000bc54 (0x3a3f2823) mem 0x8000d000 0x00000001
core   0: 0x8000bc58 (0x0000bfe5) c.j     pc - 8
core   0: 3 0x8000bc58 (0xbfe5)
core   0: 0x8000bc50 (0x00001f17) auipc   t5, 0x1
core   0: 3 0x8000bc50 (0x00001f17) x30 0x8000cc50
core   0: 0x8000bc54 (0x3a3f2823) sw      gp, 944(t5)
core   0: 3 0x8000bc54 (0x3a3f2823) mem 0x8000d000 0x00000001
core   0: 0x8000bc58 (0x0000bfe5) c.j     pc - 8
core   0: 3 0x8000bc58 (0xbfe5)
core   0: 0x8000bc50 (0x00001f17) auipc   t5, 0x1
core   0: 3 0x8000bc50 (0x00001f17) x30 0x8000cc50
core   0: 0x8000bc54 (0x3a3f2823) sw      gp, 944(t5)
core   0: 3 0x8000bc54 (0x3a3f2823) mem 0x8000d000 0x00000001
core   0: 0x8000bc58 (0x0000bfe5) c.j     pc - 8
core   0: 3 0x8000bc58 (0xbfe5)
core   0: 0x8000bc50 (0x00001f17) auipc   t5, 0x1
core   0: 3 0x8000bc50 (0x00001f17) x30 0x8000cc50
core   0: 0x8000bc54 (0x3a3f2823) sw      gp, 944(t5)
core   0: 3 0x8000bc54 (0x3a3f2823) mem 0x8000d000 0x00000001
core   0: 0x8000bc58 (0x0000bfe5) c.j     pc - 8
core   0: 3 0x8000bc58 (0xbfe5)
core   0: 0x8000bc50 (0x00001f17) auipc   t5, 0x1
core   0: 3 0x8000bc50 (0x00001f17) x30 0x8000cc50
core   0: 0x8000bc54 (0x3a3f2823) sw      gp, 944(t5)
core   0: 3 0x8000bc54 (0x3a3f2823) mem 0x8000d000 0x00000001
core   0: 0x8000bc58 (0x0000bfe5) c.j     pc - 8
core   0: 3 0x8000bc58 (0xbfe5)
core   0: 0x8000bc50 (0x00001f17) auipc   t5, 0x1
core   0: 3 0x8000bc50 (0x00001f17) x30 0x8000cc50
core   0: 0x8000bc54 (0x3a3f2823) sw      gp, 944(t5)
core   0: 3 0x8000bc54 (0x3a3f2823) mem 0x8000d000 0x00000001
core   0: 0x8000bc58 (0x0000bfe5) c.j     pc - 8
core   0: 3 0x8000bc58 (0xbfe5)
core   0: 0x8000bc50 (0x00001f17) auipc   t5, 0x1
core   0: 3 0x8000bc50 (0x00001f17) x30 0x8000cc50
core   0: 0x8000bc54 (0x3a3f2823) sw      gp, 944(t5)
core   0: 3 0x8000bc54 (0x3a3f2823) mem 0x8000d000 0x00000001
core   0: 0x8000bc58 (0x0000bfe5) c.j     pc - 8
core   0: 3 0x8000bc58 (0xbfe5)
core   0: 0x8000bc50 (0x00001f17) auipc   t5, 0x1
core   0: 3 0x8000bc50 (0x00001f17) x30 0x8000cc50
core   0: 0x8000bc54 (0x3a3f2823) sw      gp, 944(t5)
core   0: 3 0x8000bc54 (0x3a3f2823) mem 0x8000d000 0x00000001
core   0: 0x8000bc58 (0x0000bfe5) c.j     pc - 8
core   0: 3 0x8000bc58 (0xbfe5)
core   0: 0x8000bc50 (0x00001f17) auipc   t5, 0x1
core   0: 3 0x8000bc50 (0x00001f17) x30 0x8000cc50
core   0: 0x8000bc54 (0x3a3f2823) sw      gp, 944(t5)
core   0: 3 0x8000bc54 (0x3a3f2823) mem 0x8000d000 0x00000001
core   0: 0x8000bc58 (0x0000bfe5) c.j     pc - 8
core   0: 3 0x8000bc58 (0xbfe5)
core   0: 0x8000bc50 (0x00001f17) auipc   t5, 0x1
core   0: 3 0x8000bc50 (0x00001f17) x30 0x8000cc50
core   0: 0x8000bc54 (0x3a3f2823) sw      gp, 944(t5)
core   0: 3 0x8000bc54 (0x3a3f2823) mem 0x8000d000 0x00000001
core   0: 0x8000bc58 (0x0000bfe5) c.j     pc - 8
core   0: 3 0x8000bc58 (0xbfe5)
core   0: 0x8000bc50 (0x00001f17) auipc   t5, 0x1
core   0: 3 0x8000bc50 (0x00001f17) x30 0x8000cc50
core   0: 0x8000bc54 (0x3a3f2823) sw      gp, 944(t5)
core   0: 3 0x8000bc54 (0x3a3f2823) mem 0x8000d000 0x00000001
core   0: 0x8000bc58 (0x0000bfe5) c.j     pc - 8
core   0: 3 0x8000bc58 (0xbfe5)
core   0: 0x8000bc50 (0x00001f17) auipc   t5, 0x1
core   0: 3 0x8000bc50 (0x00001f17) x30 0x8000cc50
core   0: 0x8000bc54 (0x3a3f2823) sw      gp, 944(t5)
core   0: 3 0x8000bc54 (0x3a3f2823) mem 0x8000d000 0x00000001
core   0: 0x8000bc58 (0x0000bfe5) c.j     pc - 8
core   0: 3 0x8000bc58 (0xbfe5)
core   0: 0x8000bc50 (0x00001f17) auipc   t5, 0x1
core   0: 3 0x8000bc50 (0x00001f17) x30 0x8000cc50
core   0: 0x8000bc54 (0x3a3f2823) sw      gp, 944(t5)
core   0: 3 0x8000bc54 (0x3a3f2823) mem 0x8000d000 0x00000001
core   0: 0x8000bc58 (0x0000bfe5) c.j     pc - 8
core   0: 3 0x8000bc58 (0xbfe5)
core   0: 0x8000bc50 (0x00001f17) auipc   t5, 0x1
core   0: 3 0x8000bc50 (0x00001f17) x30 0x8000cc50
core   0: 0x8000bc54 (0x3a3f2823) sw      gp, 944(t5)
core   0: 3 0x8000bc54 (0x3a3f2823) mem 0x8000d000 0x00000001
core   0: 0x8000bc58 (0x0000bfe5) c.j     pc - 8
core   0: 3 0x8000bc58 (0xbfe5)
core   0: 0x8000bc50 (0x00001f17) auipc   t5, 0x1
core   0: 3 0x8000bc50 (0x00001f17) x30 0x8000cc50
core   0: 0x8000bc54 (0x3a3f2823) sw      gp, 944(t5)
core   0: 3 0x8000bc54 (0x3a3f2823) mem 0x8000d000 0x00000001
core   0: 0x8000bc58 (0x0000bfe5) c.j     pc - 8
core   0: 3 0x8000bc58 (0xbfe5)
core   0: 0x8000bc50 (0x00001f17) auipc   t5, 0x1
core   0: 3 0x8000bc50 (0x00001f17) x30 0x8000cc50
core   0: 0x8000bc54 (0x3a3f2823) sw      gp, 944(t5)
core   0: 3 0x8000bc54 (0x3a3f2823) mem 0x8000d000 0x00000001
core   0: 0x8000bc58 (0x0000bfe5) c.j     pc - 8
core   0: 3 0x8000bc58 (0xbfe5)
core   0: 0x8000bc50 (0x00001f17) auipc   t5, 0x1
core   0: 3 0x8000bc50 (0x00001f17) x30 0x8000cc50
core   0: 0x8000bc54 (0x3a3f2823) sw      gp, 944(t5)
core   0: 3 0x8000bc54 (0x3a3f2823) mem 0x8000d000 0x00000001
core   0: 0x8000bc58 (0x0000bfe5) c.j     pc - 8
core   0: 3 0x8000bc58 (0xbfe5)
core   0: 0x8000bc50 (0x00001f17) auipc   t5, 0x1
core   0: 3 0x8000bc50 (0x00001f17) x30 0x8000cc50
core   0: 0x8000bc54 (0x3a3f2823) sw      gp, 944(t5)
core   0: 3 0x8000bc54 (0x3a3f2823) mem 0x8000d000 0x00000001
core   0: 0x8000bc58 (0x0000bfe5) c.j     pc - 8
core   0: 3 0x8000bc58 (0xbfe5)
core   0: 0x8000bc50 (0x00001f17) auipc   t5, 0x1
core   0: 3 0x8000bc50 (0x00001f17) x30 0x8000cc50
core   0: 0x8000bc54 (0x3a3f2823) sw      gp, 944(t5)
core   0: 3 0x8000bc54 (0x3a3f2823) mem 0x8000d000 0x00000001
core   0: 0x8000bc58 (0x0000bfe5) c.j     pc - 8
core   0: 3 0x8000bc58 (0xbfe5)
core   0: 0x8000bc50 (0x00001f17) auipc   t5, 0x1
core   0: 3 0x8000bc50 (0x00001f17) x30 0x8000cc50
core   0: 0x8000bc54 (0x3a3f2823) sw      gp, 944(t5)
core   0: 3 0x8000bc54 (0x3a3f2823) mem 0x8000d000 0x00000001
core   0: 0x8000bc58 (0x0000bfe5) c.j     pc - 8
core   0: 3 0x8000bc58 (0xbfe5)
core   0: 0x8000bc50 (0x00001f17) auipc   t5, 0x1
core   0: 3 0x8000bc50 (0x00001f17) x30 0x8000cc50
core   0: 0x8000bc54 (0x3a3f2823) sw      gp, 944(t5)
core   0: 3 0x8000bc54 (0x3a3f2823) mem 0x8000d000 0x00000001
core   0: 0x8000bc58 (0x0000bfe5) c.j     pc - 8
core   0: 3 0x8000bc58 (0xbfe5)
core   0: 0x8000bc50 (0x00001f17) auipc   t5, 0x1
core   0: 3 0x8000bc50 (0x00001f17) x30 0x8000cc50
core   0: 0x8000bc54 (0x3a3f2823) sw      gp, 944(t5)
core   0: 3 0x8000bc54 (0x3a3f2823) mem 0x8000d000 0x00000001
core   0: 0x8000bc58 (0x0000bfe5) c.j     pc - 8
core   0: 3 0x8000bc58 (0xbfe5)
core   0: 0x8000bc50 (0x00001f17) auipc   t5, 0x1
core   0: 3 0x8000bc50 (0x00001f17) x30 0x8000cc50
core   0: 0x8000bc54 (0x3a3f2823) sw      gp, 944(t5)
core   0: 3 0x8000bc54 (0x3a3f2823) mem 0x8000d000 0x00000001
core   0: 0x8000bc58 (0x0000bfe5) c.j     pc - 8
core   0: 3 0x8000bc58 (0xbfe5)
core   0: 0x8000bc50 (0x00001f17) auipc   t5, 0x1
core   0: 3 0x8000bc50 (0x00001f17) x30 0x8000cc50
core   0: 0x8000bc54 (0x3a3f2823) sw      gp, 944(t5)
core   0: 3 0x8000bc54 (0x3a3f2823) mem 0x8000d000 0x00000001
core   0: 0x8000bc58 (0x0000bfe5) c.j     pc - 8
core   0: 3 0x8000bc58 (0xbfe5)
core   0: 0x8000bc50 (0x00001f17) auipc   t5, 0x1
core   0: 3 0x8000bc50 (0x00001f17) x30 0x8000cc50
core   0: 0x8000bc54 (0x3a3f2823) sw      gp, 944(t5)
core   0: 3 0x8000bc54 (0x3a3f2823) mem 0x8000d000 0x00000001
core   0: 0x8000bc58 (0x0000bfe5) c.j     pc - 8
core   0: 3 0x8000bc58 (0xbfe5)
core   0: 0x8000bc50 (0x00001f17) auipc   t5, 0x1
core   0: 3 0x8000bc50 (0x00001f17) x30 0x8000cc50
core   0: 0x8000bc54 (0x3a3f2823) sw      gp, 944(t5)
core   0: 3 0x8000bc54 (0x3a3f2823) mem 0x8000d000 0x00000001
core   0: 0x8000bc58 (0x0000bfe5) c.j     pc - 8
core   0: 3 0x8000bc58 (0xbfe5)
core   0: 0x8000bc50 (0x00001f17) auipc   t5, 0x1
core   0: 3 0x8000bc50 (0x00001f17) x30 0x8000cc50
core   0: 0x8000bc54 (0x3a3f2823) sw      gp, 944(t5)
core   0: 3 0x8000bc54 (0x3a3f2823) mem 0x8000d000 0x00000001
core   0: 0x8000bc58 (0x0000bfe5) c.j     pc - 8
core   0: 3 0x8000bc58 (0xbfe5)
core   0: 0x8000bc50 (0x00001f17) auipc   t5, 0x1
core   0: 3 0x8000bc50 (0x00001f17) x30 0x8000cc50
core   0: 0x8000bc54 (0x3a3f2823) sw      gp, 944(t5)
core   0: 3 0x8000bc54 (0x3a3f2823) mem 0x8000d000 0x00000001
core   0: 0x8000bc58 (0x0000bfe5) c.j     pc - 8
core   0: 3 0x8000bc58 (0xbfe5)
core   0: 0x8000bc50 (0x00001f17) auipc   t5, 0x1
core   0: 3 0x8000bc50 (0x00001f17) x30 0x8000cc50
core   0: 0x8000bc54 (0x3a3f2823) sw      gp, 944(t5)
core   0: 3 0x8000bc54 (0x3a3f2823) mem 0x8000d000 0x00000001
core   0: 0x8000bc58 (0x0000bfe5) c.j     pc - 8
core   0: 3 0x8000bc58 (0xbfe5)
core   0: 0x8000bc50 (0x00001f17) auipc   t5, 0x1
core   0: 3 0x8000bc50 (0x00001f17) x30 0x8000cc50
core   0: 0x8000bc54 (0x3a3f2823) sw      gp, 944(t5)
core   0: 3 0x8000bc54 (0x3a3f2823) mem 0x8000d000 0x00000001
core   0: 0x8000bc58 (0x0000bfe5) c.j     pc - 8
core   0: 3 0x8000bc58 (0xbfe5)
core   0: 0x8000bc50 (0x00001f17) auipc   t5, 0x1
core   0: 3 0x8000bc50 (0x00001f17) x30 0x8000cc50
core   0: 0x8000bc54 (0x3a3f2823) sw      gp, 944(t5)
core   0: 3 0x8000bc54 (0x3a3f2823) mem 0x8000d000 0x00000001
core   0: 0x8000bc58 (0x0000bfe5) c.j     pc - 8
core   0: 3 0x8000bc58 (0xbfe5)
core   0: 0x8000bc50 (0x00001f17) auipc   t5, 0x1
core   0: 3 0x8000bc50 (0x00001f17) x30 0x8000cc50
core   0: 0x8000bc54 (0x3a3f2823) sw      gp, 944(t5)
core   0: 3 0x8000bc54 (0x3a3f2823) mem 0x8000d000 0x00000001
core   0: 0x8000bc58 (0x0000bfe5) c.j     pc - 8
core   0: 3 0x8000bc58 (0xbfe5)
core   0: 0x8000bc50 (0x00001f17) auipc   t5, 0x1
core   0: 3 0x8000bc50 (0x00001f17) x30 0x8000cc50
core   0: 0x8000bc54 (0x3a3f2823) sw      gp, 944(t5)
core   0: 3 0x8000bc54 (0x3a3f2823) mem 0x8000d000 0x00000001
core   0: 0x8000bc58 (0x0000bfe5) c.j     pc - 8
core   0: 3 0x8000bc58 (0xbfe5)
core   0: 0x8000bc50 (0x00001f17) auipc   t5, 0x1
core   0: 3 0x8000bc50 (0x00001f17) x30 0x8000cc50
core   0: 0x8000bc54 (0x3a3f2823) sw      gp, 944(t5)
core   0: 3 0x8000bc54 (0x3a3f2823) mem 0x8000d000 0x00000001
core   0: 0x8000bc58 (0x0000bfe5) c.j     pc - 8
core   0: 3 0x8000bc58 (0xbfe5)
core   0: 0x8000bc50 (0x00001f17) auipc   t5, 0x1
core   0: 3 0x8000bc50 (0x00001f17) x30 0x8000cc50
core   0: 0x8000bc54 (0x3a3f2823) sw      gp, 944(t5)
core   0: 3 0x8000bc54 (0x3a3f2823) mem 0x8000d000 0x00000001
core   0: 0x8000bc58 (0x0000bfe5) c.j     pc - 8
core   0: 3 0x8000bc58 (0xbfe5)
core   0: 0x8000bc50 (0x00001f17) auipc   t5, 0x1
core   0: 3 0x8000bc50 (0x00001f17) x30 0x8000cc50
core   0: 0x8000bc54 (0x3a3f2823) sw      gp, 944(t5)
core   0: 3 0x8000bc54 (0x3a3f2823) mem 0x8000d000 0x00000001
core   0: 0x8000bc58 (0x0000bfe5) c.j     pc - 8
core   0: 3 0x8000bc58 (0xbfe5)
core   0: 0x8000bc50 (0x00001f17) auipc   t5, 0x1
core   0: 3 0x8000bc50 (0x00001f17) x30 0x8000cc50
core   0: 0x8000bc54 (0x3a3f2823) sw      gp, 944(t5)
core   0: 3 0x8000bc54 (0x3a3f2823) mem 0x8000d000 0x00000001
core   0: 0x8000bc58 (0x0000bfe5) c.j     pc - 8
core   0: 3 0x8000bc58 (0xbfe5)
core   0: 0x8000bc50 (0x00001f17) auipc   t5, 0x1
core   0: 3 0x8000bc50 (0x00001f17) x30 0x8000cc50
core   0: 0x8000bc54 (0x3a3f2823) sw      gp, 944(t5)
core   0: 3 0x8000bc54 (0x3a3f2823) mem 0x8000d000 0x00000001
core   0: 0x8000bc58 (0x0000bfe5) c.j     pc - 8
core   0: 3 0x8000bc58 (0xbfe5)
core   0: 0x8000bc50 (0x00001f17) auipc   t5, 0x1
core   0: 3 0x8000bc50 (0x00001f17) x30 0x8000cc50
core   0: 0x8000bc54 (0x3a3f2823) sw      gp, 944(t5)
core   0: 3 0x8000bc54 (0x3a3f2823) mem 0x8000d000 0x00000001
core   0: 0x8000bc58 (0x0000bfe5) c.j     pc - 8
core   0: 3 0x8000bc58 (0xbfe5)
core   0: 0x8000bc50 (0x00001f17) auipc   t5, 0x1
core   0: 3 0x8000bc50 (0x00001f17) x30 0x8000cc50
core   0: 0x8000bc54 (0x3a3f2823) sw      gp, 944(t5)
core   0: 3 0x8000bc54 (0x3a3f2823) mem 0x8000d000 0x00000001
core   0: 0x8000bc58 (0x0000bfe5) c.j     pc - 8
core   0: 3 0x8000bc58 (0xbfe5)
core   0: 0x8000bc50 (0x00001f17) auipc   t5, 0x1
core   0: 3 0x8000bc50 (0x00001f17) x30 0x8000cc50
core   0: 0x8000bc54 (0x3a3f2823) sw      gp, 944(t5)
core   0: 3 0x8000bc54 (0x3a3f2823) mem 0x8000d000 0x00000001
core   0: 0x8000bc58 (0x0000bfe5) c.j     pc - 8
core   0: 3 0x8000bc58 (0xbfe5)
core   0: 0x8000bc50 (0x00001f17) auipc   t5, 0x1
core   0: 3 0x8000bc50 (0x00001f17) x30 0x8000cc50
core   0: 0x8000bc54 (0x3a3f2823) sw      gp, 944(t5)
core   0: 3 0x8000bc54 (0x3a3f2823) mem 0x8000d000 0x00000001
core   0: 0x8000bc58 (0x0000bfe5) c.j     pc - 8
core   0: 3 0x8000bc58 (0xbfe5)
core   0: 0x8000bc50 (0x00001f17) auipc   t5, 0x1
core   0: 3 0x8000bc50 (0x00001f17) x30 0x8000cc50
core   0: 0x8000bc54 (0x3a3f2823) sw      gp, 944(t5)
core   0: 3 0x8000bc54 (0x3a3f2823) mem 0x8000d000 0x00000001
core   0: 0x8000bc58 (0x0000bfe5) c.j     pc - 8
core   0: 3 0x8000bc58 (0xbfe5)
core   0: 0x8000bc50 (0x00001f17) auipc   t5, 0x1
core   0: 3 0x8000bc50 (0x00001f17) x30 0x8000cc50
core   0: 0x8000bc54 (0x3a3f2823) sw      gp, 944(t5)
core   0: 3 0x8000bc54 (0x3a3f2823) mem 0x8000d000 0x00000001
core   0: 0x8000bc58 (0x0000bfe5) c.j     pc - 8
core   0: 3 0x8000bc58 (0xbfe5)
core   0: 0x8000bc50 (0x00001f17) auipc   t5, 0x1
core   0: 3 0x8000bc50 (0x00001f17) x30 0x8000cc50
core   0: 0x8000bc54 (0x3a3f2823) sw      gp, 944(t5)
core   0: 3 0x8000bc54 (0x3a3f2823) mem 0x8000d000 0x00000001
core   0: 0x8000bc58 (0x0000bfe5) c.j     pc - 8
core   0: 3 0x8000bc58 (0xbfe5)
core   0: 0x8000bc50 (0x00001f17) auipc   t5, 0x1
core   0: 3 0x8000bc50 (0x00001f17) x30 0x8000cc50
core   0: 0x8000bc54 (0x3a3f2823) sw      gp, 944(t5)
core   0: 3 0x8000bc54 (0x3a3f2823) mem 0x8000d000 0x00000001
core   0: 0x8000bc58 (0x0000bfe5) c.j     pc - 8
core   0: 3 0x8000bc58 (0xbfe5)
core   0: 0x8000bc50 (0x00001f17) auipc   t5, 0x1
core   0: 3 0x8000bc50 (0x00001f17) x30 0x8000cc50
core   0: 0x8000bc54 (0x3a3f2823) sw      gp, 944(t5)
core   0: 3 0x8000bc54 (0x3a3f2823) mem 0x8000d000 0x00000001
core   0: 0x8000bc58 (0x0000bfe5) c.j     pc - 8
core   0: 3 0x8000bc58 (0xbfe5)
core   0: 0x8000bc50 (0x00001f17) auipc   t5, 0x1
core   0: 3 0x8000bc50 (0x00001f17) x30 0x8000cc50
core   0: 0x8000bc54 (0x3a3f2823) sw      gp, 944(t5)
core   0: 3 0x8000bc54 (0x3a3f2823) mem 0x8000d000 0x00000001
core   0: 0x8000bc58 (0x0000bfe5) c.j     pc - 8
core   0: 3 0x8000bc58 (0xbfe5)
core   0: 0x8000bc50 (0x00001f17) auipc   t5, 0x1
core   0: 3 0x8000bc50 (0x00001f17) x30 0x8000cc50
core   0: 0x8000bc54 (0x3a3f2823) sw      gp, 944(t5)
core   0: 3 0x8000bc54 (0x3a3f2823) mem 0x8000d000 0x00000001
core   0: 0x8000bc58 (0x0000bfe5) c.j     pc - 8
core   0: 3 0x8000bc58 (0xbfe5)
core   0: 0x8000bc50 (0x00001f17) auipc   t5, 0x1
core   0: 3 0x8000bc50 (0x00001f17) x30 0x8000cc50
core   0: 0x8000bc54 (0x3a3f2823) sw      gp, 944(t5)
core   0: 3 0x8000bc54 (0x3a3f2823) mem 0x8000d000 0x00000001
core   0: 0x8000bc58 (0x0000bfe5) c.j     pc - 8
core   0: 3 0x8000bc58 (0xbfe5)
core   0: 0x8000bc50 (0x00001f17) auipc   t5, 0x1
core   0: 3 0x8000bc50 (0x00001f17) x30 0x8000cc50
core   0: 0x8000bc54 (0x3a3f2823) sw      gp, 944(t5)
core   0: 3 0x8000bc54 (0x3a3f2823) mem 0x8000d000 0x00000001
core   0: 0x8000bc58 (0x0000bfe5) c.j     pc - 8
core   0: 3 0x8000bc58 (0xbfe5)
core   0: 0x8000bc50 (0x00001f17) auipc   t5, 0x1
core   0: 3 0x8000bc50 (0x00001f17) x30 0x8000cc50
core   0: 0x8000bc54 (0x3a3f2823) sw      gp, 944(t5)
core   0: 3 0x8000bc54 (0x3a3f2823) mem 0x8000d000 0x00000001
core   0: 0x8000bc58 (0x0000bfe5) c.j     pc - 8
core   0: 3 0x8000bc58 (0xbfe5)
core   0: 0x8000bc50 (0x00001f17) auipc   t5, 0x1
core   0: 3 0x8000bc50 (0x00001f17) x30 0x8000cc50
core   0: 0x8000bc54 (0x3a3f2823) sw      gp, 944(t5)
core   0: 3 0x8000bc54 (0x3a3f2823) mem 0x8000d000 0x00000001
core   0: 0x8000bc58 (0x0000bfe5) c.j     pc - 8
core   0: 3 0x8000bc58 (0xbfe5)
core   0: 0x8000bc50 (0x00001f17) auipc   t5, 0x1
core   0: 3 0x8000bc50 (0x00001f17) x30 0x8000cc50
core   0: 0x8000bc54 (0x3a3f2823) sw      gp, 944(t5)
core   0: 3 0x8000bc54 (0x3a3f2823) mem 0x8000d000 0x00000001
core   0: 0x8000bc58 (0x0000bfe5) c.j     pc - 8
core   0: 3 0x8000bc58 (0xbfe5)
core   0: 0x8000bc50 (0x00001f17) auipc   t5, 0x1
core   0: 3 0x8000bc50 (0x00001f17) x30 0x8000cc50
core   0: 0x8000bc54 (0x3a3f2823) sw      gp, 944(t5)
core   0: 3 0x8000bc54 (0x3a3f2823) mem 0x8000d000 0x00000001
core   0: 0x8000bc58 (0x0000bfe5) c.j     pc - 8
core   0: 3 0x8000bc58 (0xbfe5)
core   0: 0x8000bc50 (0x00001f17) auipc   t5, 0x1
core   0: 3 0x8000bc50 (0x00001f17) x30 0x8000cc50
core   0: 0x8000bc54 (0x3a3f2823) sw      gp, 944(t5)
core   0: 3 0x8000bc54 (0x3a3f2823) mem 0x8000d000 0x00000001
core   0: 0x8000bc58 (0x0000bfe5) c.j     pc - 8
core   0: 3 0x8000bc58 (0xbfe5)
core   0: 0x8000bc50 (0x00001f17) auipc   t5, 0x1
core   0: 3 0x8000bc50 (0x00001f17) x30 0x8000cc50
core   0: 0x8000bc54 (0x3a3f2823) sw      gp, 944(t5)
core   0: 3 0x8000bc54 (0x3a3f2823) mem 0x8000d000 0x00000001
core   0: 0x8000bc58 (0x0000bfe5) c.j     pc - 8
core   0: 3 0x8000bc58 (0xbfe5)
core   0: 0x8000bc50 (0x00001f17) auipc   t5, 0x1
core   0: 3 0x8000bc50 (0x00001f17) x30 0x8000cc50
core   0: 0x8000bc54 (0x3a3f2823) sw      gp, 944(t5)
core   0: 3 0x8000bc54 (0x3a3f2823) mem 0x8000d000 0x00000001
core   0: 0x8000bc58 (0x0000bfe5) c.j     pc - 8
core   0: 3 0x8000bc58 (0xbfe5)
core   0: 0x8000bc50 (0x00001f17) auipc   t5, 0x1
core   0: 3 0x8000bc50 (0x00001f17) x30 0x8000cc50
core   0: 0x8000bc54 (0x3a3f2823) sw      gp, 944(t5)
core   0: 3 0x8000bc54 (0x3a3f2823) mem 0x8000d000 0x00000001
core   0: 0x8000bc58 (0x0000bfe5) c.j     pc - 8
core   0: 3 0x8000bc58 (0xbfe5)
core   0: 0x8000bc50 (0x00001f17) auipc   t5, 0x1
core   0: 3 0x8000bc50 (0x00001f17) x30 0x8000cc50
core   0: 0x8000bc54 (0x3a3f2823) sw      gp, 944(t5)
core   0: 3 0x8000bc54 (0x3a3f2823) mem 0x8000d000 0x00000001
core   0: 0x8000bc58 (0x0000bfe5) c.j     pc - 8
core   0: 3 0x8000bc58 (0xbfe5)
core   0: 0x8000bc50 (0x00001f17) auipc   t5, 0x1
core   0: 3 0x8000bc50 (0x00001f17) x30 0x8000cc50
core   0: 0x8000bc54 (0x3a3f2823) sw      gp, 944(t5)
core   0: 3 0x8000bc54 (0x3a3f2823) mem 0x8000d000 0x00000001
core   0: 0x8000bc58 (0x0000bfe5) c.j     pc - 8
core   0: 3 0x8000bc58 (0xbfe5)
core   0: 0x8000bc50 (0x00001f17) auipc   t5, 0x1
core   0: 3 0x8000bc50 (0x00001f17) x30 0x8000cc50
core   0: 0x8000bc54 (0x3a3f2823) sw      gp, 944(t5)
core   0: 3 0x8000bc54 (0x3a3f2823) mem 0x8000d000 0x00000001
core   0: 0x8000bc58 (0x0000bfe5) c.j     pc - 8
core   0: 3 0x8000bc58 (0xbfe5)
core   0: 0x8000bc50 (0x00001f17) auipc   t5, 0x1
core   0: 3 0x8000bc50 (0x00001f17) x30 0x8000cc50
core   0: 0x8000bc54 (0x3a3f2823) sw      gp, 944(t5)
core   0: 3 0x8000bc54 (0x3a3f2823) mem 0x8000d000 0x00000001
core   0: 0x8000bc58 (0x0000bfe5) c.j     pc - 8
core   0: 3 0x8000bc58 (0xbfe5)
core   0: 0x8000bc50 (0x00001f17) auipc   t5, 0x1
core   0: 3 0x8000bc50 (0x00001f17) x30 0x8000cc50
core   0: 0x8000bc54 (0x3a3f2823) sw      gp, 944(t5)
core   0: 3 0x8000bc54 (0x3a3f2823) mem 0x8000d000 0x00000001
core   0: 0x8000bc58 (0x0000bfe5) c.j     pc - 8
core   0: 3 0x8000bc58 (0xbfe5)
core   0: 0x8000bc50 (0x00001f17) auipc   t5, 0x1
core   0: 3 0x8000bc50 (0x00001f17) x30 0x8000cc50
core   0: 0x8000bc54 (0x3a3f2823) sw      gp, 944(t5)
core   0: 3 0x8000bc54 (0x3a3f2823) mem 0x8000d000 0x00000001
core   0: 0x8000bc58 (0x0000bfe5) c.j     pc - 8
core   0: 3 0x8000bc58 (0xbfe5)
core   0: 0x8000bc50 (0x00001f17) auipc   t5, 0x1
core   0: 3 0x8000bc50 (0x00001f17) x30 0x8000cc50
core   0: 0x8000bc54 (0x3a3f2823) sw      gp, 944(t5)
core   0: 3 0x8000bc54 (0x3a3f2823) mem 0x8000d000 0x00000001
core   0: 0x8000bc58 (0x0000bfe5) c.j     pc - 8
core   0: 3 0x8000bc58 (0xbfe5)
core   0: 0x8000bc50 (0x00001f17) auipc   t5, 0x1
core   0: 3 0x8000bc50 (0x00001f17) x30 0x8000cc50
core   0: 0x8000bc54 (0x3a3f2823) sw      gp, 944(t5)
core   0: 3 0x8000bc54 (0x3a3f2823) mem 0x8000d000 0x00000001
core   0: 0x8000bc58 (0x0000bfe5) c.j     pc - 8
core   0: 3 0x8000bc58 (0xbfe5)
core   0: 0x8000bc50 (0x00001f17) auipc   t5, 0x1
core   0: 3 0x8000bc50 (0x00001f17) x30 0x8000cc50
core   0: 0x8000bc54 (0x3a3f2823) sw      gp, 944(t5)
core   0: 3 0x8000bc54 (0x3a3f2823) mem 0x8000d000 0x00000001
core   0: 0x8000bc58 (0x0000bfe5) c.j     pc - 8
core   0: 3 0x8000bc58 (0xbfe5)
core   0: 0x8000bc50 (0x00001f17) auipc   t5, 0x1
core   0: 3 0x8000bc50 (0x00001f17) x30 0x8000cc50
core   0: 0x8000bc54 (0x3a3f2823) sw      gp, 944(t5)
core   0: 3 0x8000bc54 (0x3a3f2823) mem 0x8000d000 0x00000001
core   0: 0x8000bc58 (0x0000bfe5) c.j     pc - 8
core   0: 3 0x8000bc58 (0xbfe5)
core   0: 0x8000bc50 (0x00001f17) auipc   t5, 0x1
core   0: 3 0x8000bc50 (0x00001f17) x30 0x8000cc50
core   0: 0x8000bc54 (0x3a3f2823) sw      gp, 944(t5)
core   0: 3 0x8000bc54 (0x3a3f2823) mem 0x8000d000 0x00000001
core   0: 0x8000bc58 (0x0000bfe5) c.j     pc - 8
core   0: 3 0x8000bc58 (0xbfe5)
core   0: 0x8000bc50 (0x00001f17) auipc   t5, 0x1
core   0: 3 0x8000bc50 (0x00001f17) x30 0x8000cc50
core   0: 0x8000bc54 (0x3a3f2823) sw      gp, 944(t5)
core   0: 3 0x8000bc54 (0x3a3f2823) mem 0x8000d000 0x00000001
core   0: 0x8000bc58 (0x0000bfe5) c.j     pc - 8
core   0: 3 0x8000bc58 (0xbfe5)
core   0: 0x8000bc50 (0x00001f17) auipc   t5, 0x1
core   0: 3 0x8000bc50 (0x00001f17) x30 0x8000cc50
core   0: 0x8000bc54 (0x3a3f2823) sw      gp, 944(t5)
core   0: 3 0x8000bc54 (0x3a3f2823) mem 0x8000d000 0x00000001
core   0: 0x8000bc58 (0x0000bfe5) c.j     pc - 8
core   0: 3 0x8000bc58 (0xbfe5)
core   0: 0x8000bc50 (0x00001f17) auipc   t5, 0x1
core   0: 3 0x8000bc50 (0x00001f17) x30 0x8000cc50
core   0: 0x8000bc54 (0x3a3f2823) sw      gp, 944(t5)
core   0: 3 0x8000bc54 (0x3a3f2823) mem 0x8000d000 0x00000001
core   0: 0x8000bc58 (0x0000bfe5) c.j     pc - 8
core   0: 3 0x8000bc58 (0xbfe5)
core   0: 0x8000bc50 (0x00001f17) auipc   t5, 0x1
core   0: 3 0x8000bc50 (0x00001f17) x30 0x8000cc50
core   0: 0x8000bc54 (0x3a3f2823) sw      gp, 944(t5)
core   0: 3 0x8000bc54 (0x3a3f2823) mem 0x8000d000 0x00000001
core   0: 0x8000bc58 (0x0000bfe5) c.j     pc - 8
core   0: 3 0x8000bc58 (0xbfe5)
core   0: 0x8000bc50 (0x00001f17) auipc   t5, 0x1
core   0: 3 0x8000bc50 (0x00001f17) x30 0x8000cc50
core   0: 0x8000bc54 (0x3a3f2823) sw      gp, 944(t5)
core   0: 3 0x8000bc54 (0x3a3f2823) mem 0x8000d000 0x00000001
core   0: 0x8000bc58 (0x0000bfe5) c.j     pc - 8
core   0: 3 0x8000bc58 (0xbfe5)
core   0: 0x8000bc50 (0x00001f17) auipc   t5, 0x1
core   0: 3 0x8000bc50 (0x00001f17) x30 0x8000cc50
core   0: 0x8000bc54 (0x3a3f2823) sw      gp, 944(t5)
core   0: 3 0x8000bc54 (0x3a3f2823) mem 0x8000d000 0x00000001
core   0: 0x8000bc58 (0x0000bfe5) c.j     pc - 8
core   0: 3 0x8000bc58 (0xbfe5)
core   0: 0x8000bc50 (0x00001f17) auipc   t5, 0x1
core   0: 3 0x8000bc50 (0x00001f17) x30 0x8000cc50
core   0: 0x8000bc54 (0x3a3f2823) sw      gp, 944(t5)
core   0: 3 0x8000bc54 (0x3a3f2823) mem 0x8000d000 0x00000001
core   0: 0x8000bc58 (0x0000bfe5) c.j     pc - 8
core   0: 3 0x8000bc58 (0xbfe5)
core   0: 0x8000bc50 (0x00001f17) auipc   t5, 0x1
core   0: 3 0x8000bc50 (0x00001f17) x30 0x8000cc50
core   0: 0x8000bc54 (0x3a3f2823) sw      gp, 944(t5)
core   0: 3 0x8000bc54 (0x3a3f2823) mem 0x8000d000 0x00000001
core   0: 0x8000bc58 (0x0000bfe5) c.j     pc - 8
core   0: 3 0x8000bc58 (0xbfe5)
core   0: 0x8000bc50 (0x00001f17) auipc   t5, 0x1
core   0: 3 0x8000bc50 (0x00001f17) x30 0x8000cc50
core   0: 0x8000bc54 (0x3a3f2823) sw      gp, 944(t5)
core   0: 3 0x8000bc54 (0x3a3f2823) mem 0x8000d000 0x00000001
core   0: 0x8000bc58 (0x0000bfe5) c.j     pc - 8
core   0: 3 0x8000bc58 (0xbfe5)
core   0: 0x8000bc50 (0x00001f17) auipc   t5, 0x1
core   0: 3 0x8000bc50 (0x00001f17) x30 0x8000cc50
core   0: 0x8000bc54 (0x3a3f2823) sw      gp, 944(t5)
core   0: 3 0x8000bc54 (0x3a3f2823) mem 0x8000d000 0x00000001
core   0: 0x8000bc58 (0x0000bfe5) c.j     pc - 8
core   0: 3 0x8000bc58 (0xbfe5)
core   0: 0x8000bc50 (0x00001f17) auipc   t5, 0x1
core   0: 3 0x8000bc50 (0x00001f17) x30 0x8000cc50
core   0: 0x8000bc54 (0x3a3f2823) sw      gp, 944(t5)
core   0: 3 0x8000bc54 (0x3a3f2823) mem 0x8000d000 0x00000001
core   0: 0x8000bc58 (0x0000bfe5) c.j     pc - 8
core   0: 3 0x8000bc58 (0xbfe5)
core   0: 0x8000bc50 (0x00001f17) auipc   t5, 0x1
core   0: 3 0x8000bc50 (0x00001f17) x30 0x8000cc50
core   0: 0x8000bc54 (0x3a3f2823) sw      gp, 944(t5)
core   0: 3 0x8000bc54 (0x3a3f2823) mem 0x8000d000 0x00000001
core   0: 0x8000bc58 (0x0000bfe5) c.j     pc - 8
core   0: 3 0x8000bc58 (0xbfe5)
core   0: 0x8000bc50 (0x00001f17) auipc   t5, 0x1
core   0: 3 0x8000bc50 (0x00001f17) x30 0x8000cc50
core   0: 0x8000bc54 (0x3a3f2823) sw      gp, 944(t5)
core   0: 3 0x8000bc54 (0x3a3f2823) mem 0x8000d000 0x00000001
core   0: 0x8000bc58 (0x0000bfe5) c.j     pc - 8
core   0: 3 0x8000bc58 (0xbfe5)
core   0: 0x8000bc50 (0x00001f17) auipc   t5, 0x1
core   0: 3 0x8000bc50 (0x00001f17) x30 0x8000cc50
core   0: 0x8000bc54 (0x3a3f2823) sw      gp, 944(t5)
core   0: 3 0x8000bc54 (0x3a3f2823) mem 0x8000d000 0x00000001
core   0: 0x8000bc58 (0x0000bfe5) c.j     pc - 8
core   0: 3 0x8000bc58 (0xbfe5)
core   0: 0x8000bc50 (0x00001f17) auipc   t5, 0x1
core   0: 3 0x8000bc50 (0x00001f17) x30 0x8000cc50
core   0: 0x8000bc54 (0x3a3f2823) sw      gp, 944(t5)
core   0: 3 0x8000bc54 (0x3a3f2823) mem 0x8000d000 0x00000001
core   0: 0x8000bc58 (0x0000bfe5) c.j     pc - 8
core   0: 3 0x8000bc58 (0xbfe5)
core   0: 0x8000bc50 (0x00001f17) auipc   t5, 0x1
core   0: 3 0x8000bc50 (0x00001f17) x30 0x8000cc50
core   0: 0x8000bc54 (0x3a3f2823) sw      gp, 944(t5)
core   0: 3 0x8000bc54 (0x3a3f2823) mem 0x8000d000 0x00000001
core   0: 0x8000bc58 (0x0000bfe5) c.j     pc - 8
core   0: 3 0x8000bc58 (0xbfe5)
core   0: 0x8000bc50 (0x00001f17) auipc   t5, 0x1
core   0: 3 0x8000bc50 (0x00001f17) x30 0x8000cc50
core   0: 0x8000bc54 (0x3a3f2823) sw      gp, 944(t5)
core   0: 3 0x8000bc54 (0x3a3f2823) mem 0x8000d000 0x00000001
core   0: 0x8000bc58 (0x0000bfe5) c.j     pc - 8
core   0: 3 0x8000bc58 (0xbfe5)
core   0: 0x8000bc50 (0x00001f17) auipc   t5, 0x1
core   0: 3 0x8000bc50 (0x00001f17) x30 0x8000cc50
core   0: 0x8000bc54 (0x3a3f2823) sw      gp, 944(t5)
core   0: 3 0x8000bc54 (0x3a3f2823) mem 0x8000d000 0x00000001
core   0: 0x8000bc58 (0x0000bfe5) c.j     pc - 8
core   0: 3 0x8000bc58 (0xbfe5)
core   0: 0x8000bc50 (0x00001f17) auipc   t5, 0x1
core   0: 3 0x8000bc50 (0x00001f17) x30 0x8000cc50
core   0: 0x8000bc54 (0x3a3f2823) sw      gp, 944(t5)
core   0: 3 0x8000bc54 (0x3a3f2823) mem 0x8000d000 0x00000001
core   0: 0x8000bc58 (0x0000bfe5) c.j     pc - 8
core   0: 3 0x8000bc58 (0xbfe5)
core   0: 0x8000bc50 (0x00001f17) auipc   t5, 0x1
core   0: 3 0x8000bc50 (0x00001f17) x30 0x8000cc50
core   0: 0x8000bc54 (0x3a3f2823) sw      gp, 944(t5)
core   0: 3 0x8000bc54 (0x3a3f2823) mem 0x8000d000 0x00000001
core   0: 0x8000bc58 (0x0000bfe5) c.j     pc - 8
core   0: 3 0x8000bc58 (0xbfe5)
core   0: 0x8000bc50 (0x00001f17) auipc   t5, 0x1
core   0: 3 0x8000bc50 (0x00001f17) x30 0x8000cc50
core   0: 0x8000bc54 (0x3a3f2823) sw      gp, 944(t5)
core   0: 3 0x8000bc54 (0x3a3f2823) mem 0x8000d000 0x00000001
core   0: 0x8000bc58 (0x0000bfe5) c.j     pc - 8
core   0: 3 0x8000bc58 (0xbfe5)
core   0: 0x8000bc50 (0x00001f17) auipc   t5, 0x1
core   0: 3 0x8000bc50 (0x00001f17) x30 0x8000cc50
core   0: 0x8000bc54 (0x3a3f2823) sw      gp, 944(t5)
core   0: 3 0x8000bc54 (0x3a3f2823) mem 0x8000d000 0x00000001
core   0: 0x8000bc58 (0x0000bfe5) c.j     pc - 8
core   0: 3 0x8000bc58 (0xbfe5)
core   0: 0x8000bc50 (0x00001f17) auipc   t5, 0x1
core   0: 3 0x8000bc50 (0x00001f17) x30 0x8000cc50
core   0: 0x8000bc54 (0x3a3f2823) sw      gp, 944(t5)
core   0: 3 0x8000bc54 (0x3a3f2823) mem 0x8000d000 0x00000001
core   0: 0x8000bc58 (0x0000bfe5) c.j     pc - 8
core   0: 3 0x8000bc58 (0xbfe5)
core   0: 0x8000bc50 (0x00001f17) auipc   t5, 0x1
core   0: 3 0x8000bc50 (0x00001f17) x30 0x8000cc50
core   0: 0x8000bc54 (0x3a3f2823) sw      gp, 944(t5)
core   0: 3 0x8000bc54 (0x3a3f2823) mem 0x8000d000 0x00000001
core   0: 0x8000bc58 (0x0000bfe5) c.j     pc - 8
core   0: 3 0x8000bc58 (0xbfe5)
core   0: 0x8000bc50 (0x00001f17) auipc   t5, 0x1
core   0: 3 0x8000bc50 (0x00001f17) x30 0x8000cc50
core   0: 0x8000bc54 (0x3a3f2823) sw      gp, 944(t5)
core   0: 3 0x8000bc54 (0x3a3f2823) mem 0x8000d000 0x00000001
core   0: 0x8000bc58 (0x0000bfe5) c.j     pc - 8
core   0: 3 0x8000bc58 (0xbfe5)
core   0: 0x8000bc50 (0x00001f17) auipc   t5, 0x1
core   0: 3 0x8000bc50 (0x00001f17) x30 0x8000cc50
core   0: 0x8000bc54 (0x3a3f2823) sw      gp, 944(t5)
core   0: 3 0x8000bc54 (0x3a3f2823) mem 0x8000d000 0x00000001
core   0: 0x8000bc58 (0x0000bfe5) c.j     pc - 8
core   0: 3 0x8000bc58 (0xbfe5)
core   0: 0x8000bc50 (0x00001f17) auipc   t5, 0x1
core   0: 3 0x8000bc50 (0x00001f17) x30 0x8000cc50
core   0: 0x8000bc54 (0x3a3f2823) sw      gp, 944(t5)
core   0: 3 0x8000bc54 (0x3a3f2823) mem 0x8000d000 0x00000001
core   0: 0x8000bc58 (0x0000bfe5) c.j     pc - 8
core   0: 3 0x8000bc58 (0xbfe5)
core   0: 0x8000bc50 (0x00001f17) auipc   t5, 0x1
core   0: 3 0x8000bc50 (0x00001f17) x30 0x8000cc50
core   0: 0x8000bc54 (0x3a3f2823) sw      gp, 944(t5)
core   0: 3 0x8000bc54 (0x3a3f2823) mem 0x8000d000 0x00000001
core   0: 0x8000bc58 (0x0000bfe5) c.j     pc - 8
core   0: 3 0x8000bc58 (0xbfe5)
core   0: 0x8000bc50 (0x00001f17) auipc   t5, 0x1
core   0: 3 0x8000bc50 (0x00001f17) x30 0x8000cc50
core   0: 0x8000bc54 (0x3a3f2823) sw      gp, 944(t5)
core   0: 3 0x8000bc54 (0x3a3f2823) mem 0x8000d000 0x00000001
core   0: 0x8000bc58 (0x0000bfe5) c.j     pc - 8
core   0: 3 0x8000bc58 (0xbfe5)
core   0: 0x8000bc50 (0x00001f17) auipc   t5, 0x1
core   0: 3 0x8000bc50 (0x00001f17) x30 0x8000cc50
core   0: 0x8000bc54 (0x3a3f2823) sw      gp, 944(t5)
core   0: 3 0x8000bc54 (0x3a3f2823) mem 0x8000d000 0x00000001
core   0: 0x8000bc58 (0x0000bfe5) c.j     pc - 8
core   0: 3 0x8000bc58 (0xbfe5)
core   0: 0x8000bc50 (0x00001f17) auipc   t5, 0x1
core   0: 3 0x8000bc50 (0x00001f17) x30 0x8000cc50
core   0: 0x8000bc54 (0x3a3f2823) sw      gp, 944(t5)
core   0: 3 0x8000bc54 (0x3a3f2823) mem 0x8000d000 0x00000001
core   0: 0x8000bc58 (0x0000bfe5) c.j     pc - 8
core   0: 3 0x8000bc58 (0xbfe5)
core   0: 0x8000bc50 (0x00001f17) auipc   t5, 0x1
core   0: 3 0x8000bc50 (0x00001f17) x30 0x8000cc50
core   0: 0x8000bc54 (0x3a3f2823) sw      gp, 944(t5)
core   0: 3 0x8000bc54 (0x3a3f2823) mem 0x8000d000 0x00000001
core   0: 0x8000bc58 (0x0000bfe5) c.j     pc - 8
core   0: 3 0x8000bc58 (0xbfe5)
core   0: 0x8000bc50 (0x00001f17) auipc   t5, 0x1
core   0: 3 0x8000bc50 (0x00001f17) x30 0x8000cc50
core   0: 0x8000bc54 (0x3a3f2823) sw      gp, 944(t5)
core   0: 3 0x8000bc54 (0x3a3f2823) mem 0x8000d000 0x00000001
core   0: 0x8000bc58 (0x0000bfe5) c.j     pc - 8
core   0: 3 0x8000bc58 (0xbfe5)
core   0: 0x8000bc50 (0x00001f17) auipc   t5, 0x1
core   0: 3 0x8000bc50 (0x00001f17) x30 0x8000cc50
core   0: 0x8000bc54 (0x3a3f2823) sw      gp, 944(t5)
core   0: 3 0x8000bc54 (0x3a3f2823) mem 0x8000d000 0x00000001
core   0: 0x8000bc58 (0x0000bfe5) c.j     pc - 8
core   0: 3 0x8000bc58 (0xbfe5)
core   0: 0x8000bc50 (0x00001f17) auipc   t5, 0x1
core   0: 3 0x8000bc50 (0x00001f17) x30 0x8000cc50
core   0: 0x8000bc54 (0x3a3f2823) sw      gp, 944(t5)
core   0: 3 0x8000bc54 (0x3a3f2823) mem 0x8000d000 0x00000001
core   0: 0x8000bc58 (0x0000bfe5) c.j     pc - 8
core   0: 3 0x8000bc58 (0xbfe5)
core   0: 0x8000bc50 (0x00001f17) auipc   t5, 0x1
core   0: 3 0x8000bc50 (0x00001f17) x30 0x8000cc50
core   0: 0x8000bc54 (0x3a3f2823) sw      gp, 944(t5)
core   0: 3 0x8000bc54 (0x3a3f2823) mem 0x8000d000 0x00000001
core   0: 0x8000bc58 (0x0000bfe5) c.j     pc - 8
core   0: 3 0x8000bc58 (0xbfe5)
core   0: 0x8000bc50 (0x00001f17) auipc   t5, 0x1
core   0: 3 0x8000bc50 (0x00001f17) x30 0x8000cc50
core   0: 0x8000bc54 (0x3a3f2823) sw      gp, 944(t5)
core   0: 3 0x8000bc54 (0x3a3f2823) mem 0x8000d000 0x00000001
core   0: 0x8000bc58 (0x0000bfe5) c.j     pc - 8
core   0: 3 0x8000bc58 (0xbfe5)
core   0: 0x8000bc50 (0x00001f17) auipc   t5, 0x1
core   0: 3 0x8000bc50 (0x00001f17) x30 0x8000cc50
core   0: 0x8000bc54 (0x3a3f2823) sw      gp, 944(t5)
core   0: 3 0x8000bc54 (0x3a3f2823) mem 0x8000d000 0x00000001
core   0: 0x8000bc58 (0x0000bfe5) c.j     pc - 8
core   0: 3 0x8000bc58 (0xbfe5)
core   0: 0x8000bc50 (0x00001f17) auipc   t5, 0x1
core   0: 3 0x8000bc50 (0x00001f17) x30 0x8000cc50
core   0: 0x8000bc54 (0x3a3f2823) sw      gp, 944(t5)
core   0: 3 0x8000bc54 (0x3a3f2823) mem 0x8000d000 0x00000001
core   0: 0x8000bc58 (0x0000bfe5) c.j     pc - 8
core   0: 3 0x8000bc58 (0xbfe5)
core   0: 0x8000bc50 (0x00001f17) auipc   t5, 0x1
core   0: 3 0x8000bc50 (0x00001f17) x30 0x8000cc50
core   0: 0x8000bc54 (0x3a3f2823) sw      gp, 944(t5)
core   0: 3 0x8000bc54 (0x3a3f2823) mem 0x8000d000 0x00000001
core   0: 0x8000bc58 (0x0000bfe5) c.j     pc - 8
core   0: 3 0x8000bc58 (0xbfe5)
core   0: 0x8000bc50 (0x00001f17) auipc   t5, 0x1
core   0: 3 0x8000bc50 (0x00001f17) x30 0x8000cc50
core   0: 0x8000bc54 (0x3a3f2823) sw      gp, 944(t5)
core   0: 3 0x8000bc54 (0x3a3f2823) mem 0x8000d000 0x00000001
core   0: 0x8000bc58 (0x0000bfe5) c.j     pc - 8
core   0: 3 0x8000bc58 (0xbfe5)
core   0: 0x8000bc50 (0x00001f17) auipc   t5, 0x1
core   0: 3 0x8000bc50 (0x00001f17) x30 0x8000cc50
core   0: 0x8000bc54 (0x3a3f2823) sw      gp, 944(t5)
core   0: 3 0x8000bc54 (0x3a3f2823) mem 0x8000d000 0x00000001
core   0: 0x8000bc58 (0x0000bfe5) c.j     pc - 8
core   0: 3 0x8000bc58 (0xbfe5)
core   0: 0x8000bc50 (0x00001f17) auipc   t5, 0x1
core   0: 3 0x8000bc50 (0x00001f17) x30 0x8000cc50
core   0: 0x8000bc54 (0x3a3f2823) sw      gp, 944(t5)
core   0: 3 0x8000bc54 (0x3a3f2823) mem 0x8000d000 0x00000001
core   0: 0x8000bc58 (0x0000bfe5) c.j     pc - 8
core   0: 3 0x8000bc58 (0xbfe5)
core   0: 0x8000bc50 (0x00001f17) auipc   t5, 0x1
core   0: 3 0x8000bc50 (0x00001f17) x30 0x8000cc50
core   0: 0x8000bc54 (0x3a3f2823) sw      gp, 944(t5)
core   0: 3 0x8000bc54 (0x3a3f2823) mem 0x8000d000 0x00000001
core   0: 0x8000bc58 (0x0000bfe5) c.j     pc - 8
core   0: 3 0x8000bc58 (0xbfe5)
core   0: 0x8000bc50 (0x00001f17) auipc   t5, 0x1
core   0: 3 0x8000bc50 (0x00001f17) x30 0x8000cc50
core   0: 0x8000bc54 (0x3a3f2823) sw      gp, 944(t5)
core   0: 3 0x8000bc54 (0x3a3f2823) mem 0x8000d000 0x00000001
core   0: 0x8000bc58 (0x0000bfe5) c.j     pc - 8
core   0: 3 0x8000bc58 (0xbfe5)
core   0: 0x8000bc50 (0x00001f17) auipc   t5, 0x1
core   0: 3 0x8000bc50 (0x00001f17) x30 0x8000cc50
core   0: 0x8000bc54 (0x3a3f2823) sw      gp, 944(t5)
core   0: 3 0x8000bc54 (0x3a3f2823) mem 0x8000d000 0x00000001
core   0: 0x8000bc58 (0x0000bfe5) c.j     pc - 8
core   0: 3 0x8000bc58 (0xbfe5)
core   0: 0x8000bc50 (0x00001f17) auipc   t5, 0x1
core   0: 3 0x8000bc50 (0x00001f17) x30 0x8000cc50
core   0: 0x8000bc54 (0x3a3f2823) sw      gp, 944(t5)
core   0: 3 0x8000bc54 (0x3a3f2823) mem 0x8000d000 0x00000001
core   0: 0x8000bc58 (0x0000bfe5) c.j     pc - 8
core   0: 3 0x8000bc58 (0xbfe5)
core   0: 0x8000bc50 (0x00001f17) auipc   t5, 0x1
core   0: 3 0x8000bc50 (0x00001f17) x30 0x8000cc50
core   0: 0x8000bc54 (0x3a3f2823) sw      gp, 944(t5)
core   0: 3 0x8000bc54 (0x3a3f2823) mem 0x8000d000 0x00000001
core   0: 0x8000bc58 (0x0000bfe5) c.j     pc - 8
core   0: 3 0x8000bc58 (0xbfe5)
core   0: 0x8000bc50 (0x00001f17) auipc   t5, 0x1
core   0: 3 0x8000bc50 (0x00001f17) x30 0x8000cc50
core   0: 0x8000bc54 (0x3a3f2823) sw      gp, 944(t5)
core   0: 3 0x8000bc54 (0x3a3f2823) mem 0x8000d000 0x00000001
core   0: 0x8000bc58 (0x0000bfe5) c.j     pc - 8
core   0: 3 0x8000bc58 (0xbfe5)
core   0: 0x8000bc50 (0x00001f17) auipc   t5, 0x1
core   0: 3 0x8000bc50 (0x00001f17) x30 0x8000cc50
core   0: 0x8000bc54 (0x3a3f2823) sw      gp, 944(t5)
core   0: 3 0x8000bc54 (0x3a3f2823) mem 0x8000d000 0x00000001
core   0: 0x8000bc58 (0x0000bfe5) c.j     pc - 8
core   0: 3 0x8000bc58 (0xbfe5)
core   0: 0x8000bc50 (0x00001f17) auipc   t5, 0x1
core   0: 3 0x8000bc50 (0x00001f17) x30 0x8000cc50
core   0: 0x8000bc54 (0x3a3f2823) sw      gp, 944(t5)
core   0: 3 0x8000bc54 (0x3a3f2823) mem 0x8000d000 0x00000001
core   0: 0x8000bc58 (0x0000bfe5) c.j     pc - 8
core   0: 3 0x8000bc58 (0xbfe5)
core   0: 0x8000bc50 (0x00001f17) auipc   t5, 0x1
core   0: 3 0x8000bc50 (0x00001f17) x30 0x8000cc50
core   0: 0x8000bc54 (0x3a3f2823) sw      gp, 944(t5)
core   0: 3 0x8000bc54 (0x3a3f2823) mem 0x8000d000 0x00000001
core   0: 0x8000bc58 (0x0000bfe5) c.j     pc - 8
core   0: 3 0x8000bc58 (0xbfe5)
core   0: 0x8000bc50 (0x00001f17) auipc   t5, 0x1
core   0: 3 0x8000bc50 (0x00001f17) x30 0x8000cc50
core   0: 0x8000bc54 (0x3a3f2823) sw      gp, 944(t5)
core   0: 3 0x8000bc54 (0x3a3f2823) mem 0x8000d000 0x00000001
core   0: 0x8000bc58 (0x0000bfe5) c.j     pc - 8
core   0: 3 0x8000bc58 (0xbfe5)
core   0: 0x8000bc50 (0x00001f17) auipc   t5, 0x1
core   0: 3 0x8000bc50 (0x00001f17) x30 0x8000cc50
core   0: 0x8000bc54 (0x3a3f2823) sw      gp, 944(t5)
core   0: 3 0x8000bc54 (0x3a3f2823) mem 0x8000d000 0x00000001
core   0: 0x8000bc58 (0x0000bfe5) c.j     pc - 8
core   0: 3 0x8000bc58 (0xbfe5)
core   0: 0x8000bc50 (0x00001f17) auipc   t5, 0x1
core   0: 3 0x8000bc50 (0x00001f17) x30 0x8000cc50
core   0: 0x8000bc54 (0x3a3f2823) sw      gp, 944(t5)
core   0: 3 0x8000bc54 (0x3a3f2823) mem 0x8000d000 0x00000001
core   0: 0x8000bc58 (0x0000bfe5) c.j     pc - 8
core   0: 3 0x8000bc58 (0xbfe5)
core   0: 0x8000bc50 (0x00001f17) auipc   t5, 0x1
core   0: 3 0x8000bc50 (0x00001f17) x30 0x8000cc50
core   0: 0x8000bc54 (0x3a3f2823) sw      gp, 944(t5)
core   0: 3 0x8000bc54 (0x3a3f2823) mem 0x8000d000 0x00000001
core   0: 0x8000bc58 (0x0000bfe5) c.j     pc - 8
core   0: 3 0x8000bc58 (0xbfe5)
core   0: 0x8000bc50 (0x00001f17) auipc   t5, 0x1
core   0: 3 0x8000bc50 (0x00001f17) x30 0x8000cc50
core   0: 0x8000bc54 (0x3a3f2823) sw      gp, 944(t5)
core   0: 3 0x8000bc54 (0x3a3f2823) mem 0x8000d000 0x00000001
core   0: 0x8000bc58 (0x0000bfe5) c.j     pc - 8
core   0: 3 0x8000bc58 (0xbfe5)
core   0: 0x8000bc50 (0x00001f17) auipc   t5, 0x1
core   0: 3 0x8000bc50 (0x00001f17) x30 0x8000cc50
core   0: 0x8000bc54 (0x3a3f2823) sw      gp, 944(t5)
core   0: 3 0x8000bc54 (0x3a3f2823) mem 0x8000d000 0x00000001
core   0: 0x8000bc58 (0x0000bfe5) c.j     pc - 8
core   0: 3 0x8000bc58 (0xbfe5)
core   0: 0x8000bc50 (0x00001f17) auipc   t5, 0x1
core   0: 3 0x8000bc50 (0x00001f17) x30 0x8000cc50
core   0: 0x8000bc54 (0x3a3f2823) sw      gp, 944(t5)
core   0: 3 0x8000bc54 (0x3a3f2823) mem 0x8000d000 0x00000001
core   0: 0x8000bc58 (0x0000bfe5) c.j     pc - 8
core   0: 3 0x8000bc58 (0xbfe5)
core   0: 0x8000bc50 (0x00001f17) auipc   t5, 0x1
core   0: 3 0x8000bc50 (0x00001f17) x30 0x8000cc50
core   0: 0x8000bc54 (0x3a3f2823) sw      gp, 944(t5)
core   0: 3 0x8000bc54 (0x3a3f2823) mem 0x8000d000 0x00000001
core   0: 0x8000bc58 (0x0000bfe5) c.j     pc - 8
core   0: 3 0x8000bc58 (0xbfe5)
core   0: 0x8000bc50 (0x00001f17) auipc   t5, 0x1
core   0: 3 0x8000bc50 (0x00001f17) x30 0x8000cc50
core   0: 0x8000bc54 (0x3a3f2823) sw      gp, 944(t5)
core   0: 3 0x8000bc54 (0x3a3f2823) mem 0x8000d000 0x00000001
core   0: 0x8000bc58 (0x0000bfe5) c.j     pc - 8
core   0: 3 0x8000bc58 (0xbfe5)
core   0: 0x8000bc50 (0x00001f17) auipc   t5, 0x1
core   0: 3 0x8000bc50 (0x00001f17) x30 0x8000cc50
core   0: 0x8000bc54 (0x3a3f2823) sw      gp, 944(t5)
core   0: 3 0x8000bc54 (0x3a3f2823) mem 0x8000d000 0x00000001
core   0: 0x8000bc58 (0x0000bfe5) c.j     pc - 8
core   0: 3 0x8000bc58 (0xbfe5)
core   0: 0x8000bc50 (0x00001f17) auipc   t5, 0x1
core   0: 3 0x8000bc50 (0x00001f17) x30 0x8000cc50
core   0: 0x8000bc54 (0x3a3f2823) sw      gp, 944(t5)
core   0: 3 0x8000bc54 (0x3a3f2823) mem 0x8000d000 0x00000001
core   0: 0x8000bc58 (0x0000bfe5) c.j     pc - 8
core   0: 3 0x8000bc58 (0xbfe5)
core   0: 0x8000bc50 (0x00001f17) auipc   t5, 0x1
core   0: 3 0x8000bc50 (0x00001f17) x30 0x8000cc50
core   0: 0x8000bc54 (0x3a3f2823) sw      gp, 944(t5)
core   0: 3 0x8000bc54 (0x3a3f2823) mem 0x8000d000 0x00000001
core   0: 0x8000bc58 (0x0000bfe5) c.j     pc - 8
core   0: 3 0x8000bc58 (0xbfe5)
core   0: 0x8000bc50 (0x00001f17) auipc   t5, 0x1
core   0: 3 0x8000bc50 (0x00001f17) x30 0x8000cc50
core   0: 0x8000bc54 (0x3a3f2823) sw      gp, 944(t5)
core   0: 3 0x8000bc54 (0x3a3f2823) mem 0x8000d000 0x00000001
core   0: 0x8000bc58 (0x0000bfe5) c.j     pc - 8
core   0: 3 0x8000bc58 (0xbfe5)
core   0: 0x8000bc50 (0x00001f17) auipc   t5, 0x1
core   0: 3 0x8000bc50 (0x00001f17) x30 0x8000cc50
core   0: 0x8000bc54 (0x3a3f2823) sw      gp, 944(t5)
core   0: 3 0x8000bc54 (0x3a3f2823) mem 0x8000d000 0x00000001
core   0: 0x8000bc58 (0x0000bfe5) c.j     pc - 8
core   0: 3 0x8000bc58 (0xbfe5)
core   0: 0x8000bc50 (0x00001f17) auipc   t5, 0x1
core   0: 3 0x8000bc50 (0x00001f17) x30 0x8000cc50
core   0: 0x8000bc54 (0x3a3f2823) sw      gp, 944(t5)
core   0: 3 0x8000bc54 (0x3a3f2823) mem 0x8000d000 0x00000001
core   0: 0x8000bc58 (0x0000bfe5) c.j     pc - 8
core   0: 3 0x8000bc58 (0xbfe5)
core   0: 0x8000bc50 (0x00001f17) auipc   t5, 0x1
core   0: 3 0x8000bc50 (0x00001f17) x30 0x8000cc50
core   0: 0x8000bc54 (0x3a3f2823) sw      gp, 944(t5)
core   0: 3 0x8000bc54 (0x3a3f2823) mem 0x8000d000 0x00000001
core   0: 0x8000bc58 (0x0000bfe5) c.j     pc - 8
core   0: 3 0x8000bc58 (0xbfe5)
core   0: 0x8000bc50 (0x00001f17) auipc   t5, 0x1
core   0: 3 0x8000bc50 (0x00001f17) x30 0x8000cc50
core   0: 0x8000bc54 (0x3a3f2823) sw      gp, 944(t5)
core   0: 3 0x8000bc54 (0x3a3f2823) mem 0x8000d000 0x00000001
core   0: 0x8000bc58 (0x0000bfe5) c.j     pc - 8
core   0: 3 0x8000bc58 (0xbfe5)
core   0: 0x8000bc50 (0x00001f17) auipc   t5, 0x1
core   0: 3 0x8000bc50 (0x00001f17) x30 0x8000cc50
core   0: 0x8000bc54 (0x3a3f2823) sw      gp, 944(t5)
core   0: 3 0x8000bc54 (0x3a3f2823) mem 0x8000d000 0x00000001
core   0: 0x8000bc58 (0x0000bfe5) c.j     pc - 8
core   0: 3 0x8000bc58 (0xbfe5)
core   0: 0x8000bc50 (0x00001f17) auipc   t5, 0x1
core   0: 3 0x8000bc50 (0x00001f17) x30 0x8000cc50
core   0: 0x8000bc54 (0x3a3f2823) sw      gp, 944(t5)
core   0: 3 0x8000bc54 (0x3a3f2823) mem 0x8000d000 0x00000001
core   0: 0x8000bc58 (0x0000bfe5) c.j     pc - 8
core   0: 3 0x8000bc58 (0xbfe5)
core   0: 0x8000bc50 (0x00001f17) auipc   t5, 0x1
core   0: 3 0x8000bc50 (0x00001f17) x30 0x8000cc50
core   0: 0x8000bc54 (0x3a3f2823) sw      gp, 944(t5)
core   0: 3 0x8000bc54 (0x3a3f2823) mem 0x8000d000 0x00000001
core   0: 0x8000bc58 (0x0000bfe5) c.j     pc - 8
core   0: 3 0x8000bc58 (0xbfe5)
core   0: 0x8000bc50 (0x00001f17) auipc   t5, 0x1
core   0: 3 0x8000bc50 (0x00001f17) x30 0x8000cc50
core   0: 0x8000bc54 (0x3a3f2823) sw      gp, 944(t5)
core   0: 3 0x8000bc54 (0x3a3f2823) mem 0x8000d000 0x00000001
core   0: 0x8000bc58 (0x0000bfe5) c.j     pc - 8
core   0: 3 0x8000bc58 (0xbfe5)
core   0: 0x8000bc50 (0x00001f17) auipc   t5, 0x1
core   0: 3 0x8000bc50 (0x00001f17) x30 0x8000cc50
core   0: 0x8000bc54 (0x3a3f2823) sw      gp, 944(t5)
core   0: 3 0x8000bc54 (0x3a3f2823) mem 0x8000d000 0x00000001
core   0: 0x8000bc58 (0x0000bfe5) c.j     pc - 8
core   0: 3 0x8000bc58 (0xbfe5)
core   0: 0x8000bc50 (0x00001f17) auipc   t5, 0x1
core   0: 3 0x8000bc50 (0x00001f17) x30 0x8000cc50
core   0: 0x8000bc54 (0x3a3f2823) sw      gp, 944(t5)
core   0: 3 0x8000bc54 (0x3a3f2823) mem 0x8000d000 0x00000001
core   0: 0x8000bc58 (0x0000bfe5) c.j     pc - 8
core   0: 3 0x8000bc58 (0xbfe5)
core   0: 0x8000bc50 (0x00001f17) auipc   t5, 0x1
core   0: 3 0x8000bc50 (0x00001f17) x30 0x8000cc50
core   0: 0x8000bc54 (0x3a3f2823) sw      gp, 944(t5)
core   0: 3 0x8000bc54 (0x3a3f2823) mem 0x8000d000 0x00000001
core   0: 0x8000bc58 (0x0000bfe5) c.j     pc - 8
core   0: 3 0x8000bc58 (0xbfe5)
core   0: 0x8000bc50 (0x00001f17) auipc   t5, 0x1
core   0: 3 0x8000bc50 (0x00001f17) x30 0x8000cc50
core   0: 0x8000bc54 (0x3a3f2823) sw      gp, 944(t5)
core   0: 3 0x8000bc54 (0x3a3f2823) mem 0x8000d000 0x00000001
core   0: 0x8000bc58 (0x0000bfe5) c.j     pc - 8
core   0: 3 0x8000bc58 (0xbfe5)
core   0: 0x8000bc50 (0x00001f17) auipc   t5, 0x1
core   0: 3 0x8000bc50 (0x00001f17) x30 0x8000cc50
core   0: 0x8000bc54 (0x3a3f2823) sw      gp, 944(t5)
core   0: 3 0x8000bc54 (0x3a3f2823) mem 0x8000d000 0x00000001
core   0: 0x8000bc58 (0x0000bfe5) c.j     pc - 8
core   0: 3 0x8000bc58 (0xbfe5)
core   0: 0x8000bc50 (0x00001f17) auipc   t5, 0x1
core   0: 3 0x8000bc50 (0x00001f17) x30 0x8000cc50
core   0: 0x8000bc54 (0x3a3f2823) sw      gp, 944(t5)
core   0: 3 0x8000bc54 (0x3a3f2823) mem 0x8000d000 0x00000001
core   0: 0x8000bc58 (0x0000bfe5) c.j     pc - 8
core   0: 3 0x8000bc58 (0xbfe5)
core   0: 0x8000bc50 (0x00001f17) auipc   t5, 0x1
core   0: 3 0x8000bc50 (0x00001f17) x30 0x8000cc50
core   0: 0x8000bc54 (0x3a3f2823) sw      gp, 944(t5)
core   0: 3 0x8000bc54 (0x3a3f2823) mem 0x8000d000 0x00000001
core   0: 0x8000bc58 (0x0000bfe5) c.j     pc - 8
core   0: 3 0x8000bc58 (0xbfe5)
core   0: 0x8000bc50 (0x00001f17) auipc   t5, 0x1
core   0: 3 0x8000bc50 (0x00001f17) x30 0x8000cc50
core   0: 0x8000bc54 (0x3a3f2823) sw      gp, 944(t5)
core   0: 3 0x8000bc54 (0x3a3f2823) mem 0x8000d000 0x00000001
core   0: 0x8000bc58 (0x0000bfe5) c.j     pc - 8
core   0: 3 0x8000bc58 (0xbfe5)
core   0: 0x8000bc50 (0x00001f17) auipc   t5, 0x1
core   0: 3 0x8000bc50 (0x00001f17) x30 0x8000cc50
core   0: 0x8000bc54 (0x3a3f2823) sw      gp, 944(t5)
core   0: 3 0x8000bc54 (0x3a3f2823) mem 0x8000d000 0x00000001
core   0: 0x8000bc58 (0x0000bfe5) c.j     pc - 8
core   0: 3 0x8000bc58 (0xbfe5)
core   0: 0x8000bc50 (0x00001f17) auipc   t5, 0x1
core   0: 3 0x8000bc50 (0x00001f17) x30 0x8000cc50
core   0: 0x8000bc54 (0x3a3f2823) sw      gp, 944(t5)
core   0: 3 0x8000bc54 (0x3a3f2823) mem 0x8000d000 0x00000001
core   0: 0x8000bc58 (0x0000bfe5) c.j     pc - 8
core   0: 3 0x8000bc58 (0xbfe5)
core   0: 0x8000bc50 (0x00001f17) auipc   t5, 0x1
core   0: 3 0x8000bc50 (0x00001f17) x30 0x8000cc50
core   0: 0x8000bc54 (0x3a3f2823) sw      gp, 944(t5)
core   0: 3 0x8000bc54 (0x3a3f2823) mem 0x8000d000 0x00000001
core   0: 0x8000bc58 (0x0000bfe5) c.j     pc - 8
core   0: 3 0x8000bc58 (0xbfe5)
core   0: 0x8000bc50 (0x00001f17) auipc   t5, 0x1
core   0: 3 0x8000bc50 (0x00001f17) x30 0x8000cc50
core   0: 0x8000bc54 (0x3a3f2823) sw      gp, 944(t5)
core   0: 3 0x8000bc54 (0x3a3f2823) mem 0x8000d000 0x00000001
core   0: 0x8000bc58 (0x0000bfe5) c.j     pc - 8
core   0: 3 0x8000bc58 (0xbfe5)
core   0: 0x8000bc50 (0x00001f17) auipc   t5, 0x1
core   0: 3 0x8000bc50 (0x00001f17) x30 0x8000cc50
core   0: 0x8000bc54 (0x3a3f2823) sw      gp, 944(t5)
core   0: 3 0x8000bc54 (0x3a3f2823) mem 0x8000d000 0x00000001
core   0: 0x8000bc58 (0x0000bfe5) c.j     pc - 8
core   0: 3 0x8000bc58 (0xbfe5)
core   0: 0x8000bc50 (0x00001f17) auipc   t5, 0x1
core   0: 3 0x8000bc50 (0x00001f17) x30 0x8000cc50
core   0: 0x8000bc54 (0x3a3f2823) sw      gp, 944(t5)
core   0: 3 0x8000bc54 (0x3a3f2823) mem 0x8000d000 0x00000001
core   0: 0x8000bc58 (0x0000bfe5) c.j     pc - 8
core   0: 3 0x8000bc58 (0xbfe5)
core   0: 0x8000bc50 (0x00001f17) auipc   t5, 0x1
core   0: 3 0x8000bc50 (0x00001f17) x30 0x8000cc50
core   0: 0x8000bc54 (0x3a3f2823) sw      gp, 944(t5)
core   0: 3 0x8000bc54 (0x3a3f2823) mem 0x8000d000 0x00000001
core   0: 0x8000bc58 (0x0000bfe5) c.j     pc - 8
core   0: 3 0x8000bc58 (0xbfe5)
core   0: 0x8000bc50 (0x00001f17) auipc   t5, 0x1
core   0: 3 0x8000bc50 (0x00001f17) x30 0x8000cc50
core   0: 0x8000bc54 (0x3a3f2823) sw      gp, 944(t5)
core   0: 3 0x8000bc54 (0x3a3f2823) mem 0x8000d000 0x00000001
core   0: 0x8000bc58 (0x0000bfe5) c.j     pc - 8
core   0: 3 0x8000bc58 (0xbfe5)
core   0: 0x8000bc50 (0x00001f17) auipc   t5, 0x1
core   0: 3 0x8000bc50 (0x00001f17) x30 0x8000cc50
core   0: 0x8000bc54 (0x3a3f2823) sw      gp, 944(t5)
core   0: 3 0x8000bc54 (0x3a3f2823) mem 0x8000d000 0x00000001
core   0: 0x8000bc58 (0x0000bfe5) c.j     pc - 8
core   0: 3 0x8000bc58 (0xbfe5)
core   0: 0x8000bc50 (0x00001f17) auipc   t5, 0x1
core   0: 3 0x8000bc50 (0x00001f17) x30 0x8000cc50
core   0: 0x8000bc54 (0x3a3f2823) sw      gp, 944(t5)
core   0: 3 0x8000bc54 (0x3a3f2823) mem 0x8000d000 0x00000001
core   0: 0x8000bc58 (0x0000bfe5) c.j     pc - 8
core   0: 3 0x8000bc58 (0xbfe5)
core   0: 0x8000bc50 (0x00001f17) auipc   t5, 0x1
core   0: 3 0x8000bc50 (0x00001f17) x30 0x8000cc50
core   0: 0x8000bc54 (0x3a3f2823) sw      gp, 944(t5)
core   0: 3 0x8000bc54 (0x3a3f2823) mem 0x8000d000 0x00000001
core   0: 0x8000bc58 (0x0000bfe5) c.j     pc - 8
core   0: 3 0x8000bc58 (0xbfe5)
core   0: 0x8000bc50 (0x00001f17) auipc   t5, 0x1
core   0: 3 0x8000bc50 (0x00001f17) x30 0x8000cc50
core   0: 0x8000bc54 (0x3a3f2823) sw      gp, 944(t5)
core   0: 3 0x8000bc54 (0x3a3f2823) mem 0x8000d000 0x00000001
core   0: 0x8000bc58 (0x0000bfe5) c.j     pc - 8
core   0: 3 0x8000bc58 (0xbfe5)
core   0: 0x8000bc50 (0x00001f17) auipc   t5, 0x1
core   0: 3 0x8000bc50 (0x00001f17) x30 0x8000cc50
core   0: 0x8000bc54 (0x3a3f2823) sw      gp, 944(t5)
core   0: 3 0x8000bc54 (0x3a3f2823) mem 0x8000d000 0x00000001
core   0: 0x8000bc58 (0x0000bfe5) c.j     pc - 8
core   0: 3 0x8000bc58 (0xbfe5)
core   0: 0x8000bc50 (0x00001f17) auipc   t5, 0x1
core   0: 3 0x8000bc50 (0x00001f17) x30 0x8000cc50
core   0: 0x8000bc54 (0x3a3f2823) sw      gp, 944(t5)
core   0: 3 0x8000bc54 (0x3a3f2823) mem 0x8000d000 0x00000001
core   0: 0x8000bc58 (0x0000bfe5) c.j     pc - 8
core   0: 3 0x8000bc58 (0xbfe5)
core   0: 0x8000bc50 (0x00001f17) auipc   t5, 0x1
core   0: 3 0x8000bc50 (0x00001f17) x30 0x8000cc50
core   0: 0x8000bc54 (0x3a3f2823) sw      gp, 944(t5)
core   0: 3 0x8000bc54 (0x3a3f2823) mem 0x8000d000 0x00000001
core   0: 0x8000bc58 (0x0000bfe5) c.j     pc - 8
core   0: 3 0x8000bc58 (0xbfe5)
core   0: 0x8000bc50 (0x00001f17) auipc   t5, 0x1
core   0: 3 0x8000bc50 (0x00001f17) x30 0x8000cc50
core   0: 0x8000bc54 (0x3a3f2823) sw      gp, 944(t5)
core   0: 3 0x8000bc54 (0x3a3f2823) mem 0x8000d000 0x00000001
core   0: 0x8000bc58 (0x0000bfe5) c.j     pc - 8
core   0: 3 0x8000bc58 (0xbfe5)
core   0: 0x8000bc50 (0x00001f17) auipc   t5, 0x1
core   0: 3 0x8000bc50 (0x00001f17) x30 0x8000cc50
core   0: 0x8000bc54 (0x3a3f2823) sw      gp, 944(t5)
core   0: 3 0x8000bc54 (0x3a3f2823) mem 0x8000d000 0x00000001
core   0: 0x8000bc58 (0x0000bfe5) c.j     pc - 8
core   0: 3 0x8000bc58 (0xbfe5)
core   0: 0x8000bc50 (0x00001f17) auipc   t5, 0x1
core   0: 3 0x8000bc50 (0x00001f17) x30 0x8000cc50
core   0: 0x8000bc54 (0x3a3f2823) sw      gp, 944(t5)
core   0: 3 0x8000bc54 (0x3a3f2823) mem 0x8000d000 0x00000001
core   0: 0x8000bc58 (0x0000bfe5) c.j     pc - 8
core   0: 3 0x8000bc58 (0xbfe5)
core   0: 0x8000bc50 (0x00001f17) auipc   t5, 0x1
core   0: 3 0x8000bc50 (0x00001f17) x30 0x8000cc50
core   0: 0x8000bc54 (0x3a3f2823) sw      gp, 944(t5)
core   0: 3 0x8000bc54 (0x3a3f2823) mem 0x8000d000 0x00000001
core   0: 0x8000bc58 (0x0000bfe5) c.j     pc - 8
core   0: 3 0x8000bc58 (0xbfe5)
core   0: 0x8000bc50 (0x00001f17) auipc   t5, 0x1
core   0: 3 0x8000bc50 (0x00001f17) x30 0x8000cc50
core   0: 0x8000bc54 (0x3a3f2823) sw      gp, 944(t5)
core   0: 3 0x8000bc54 (0x3a3f2823) mem 0x8000d000 0x00000001
core   0: 0x8000bc58 (0x0000bfe5) c.j     pc - 8
core   0: 3 0x8000bc58 (0xbfe5)
core   0: 0x8000bc50 (0x00001f17) auipc   t5, 0x1
core   0: 3 0x8000bc50 (0x00001f17) x30 0x8000cc50
core   0: 0x8000bc54 (0x3a3f2823) sw      gp, 944(t5)
core   0: 3 0x8000bc54 (0x3a3f2823) mem 0x8000d000 0x00000001
core   0: 0x8000bc58 (0x0000bfe5) c.j     pc - 8
core   0: 3 0x8000bc58 (0xbfe5)
core   0: 0x8000bc50 (0x00001f17) auipc   t5, 0x1
core   0: 3 0x8000bc50 (0x00001f17) x30 0x8000cc50
core   0: 0x8000bc54 (0x3a3f2823) sw      gp, 944(t5)
core   0: 3 0x8000bc54 (0x3a3f2823) mem 0x8000d000 0x00000001
core   0: 0x8000bc58 (0x0000bfe5) c.j     pc - 8
core   0: 3 0x8000bc58 (0xbfe5)
core   0: 0x8000bc50 (0x00001f17) auipc   t5, 0x1
core   0: 3 0x8000bc50 (0x00001f17) x30 0x8000cc50
core   0: 0x8000bc54 (0x3a3f2823) sw      gp, 944(t5)
core   0: 3 0x8000bc54 (0x3a3f2823) mem 0x8000d000 0x00000001
core   0: 0x8000bc58 (0x0000bfe5) c.j     pc - 8
core   0: 3 0x8000bc58 (0xbfe5)
core   0: 0x8000bc50 (0x00001f17) auipc   t5, 0x1
core   0: 3 0x8000bc50 (0x00001f17) x30 0x8000cc50
core   0: 0x8000bc54 (0x3a3f2823) sw      gp, 944(t5)
core   0: 3 0x8000bc54 (0x3a3f2823) mem 0x8000d000 0x00000001
core   0: 0x8000bc58 (0x0000bfe5) c.j     pc - 8
core   0: 3 0x8000bc58 (0xbfe5)
core   0: 0x8000bc50 (0x00001f17) auipc   t5, 0x1
core   0: 3 0x8000bc50 (0x00001f17) x30 0x8000cc50
core   0: 0x8000bc54 (0x3a3f2823) sw      gp, 944(t5)
core   0: 3 0x8000bc54 (0x3a3f2823) mem 0x8000d000 0x00000001
core   0: 0x8000bc58 (0x0000bfe5) c.j     pc - 8
core   0: 3 0x8000bc58 (0xbfe5)
core   0: 0x8000bc50 (0x00001f17) auipc   t5, 0x1
core   0: 3 0x8000bc50 (0x00001f17) x30 0x8000cc50
core   0: 0x8000bc54 (0x3a3f2823) sw      gp, 944(t5)
core   0: 3 0x8000bc54 (0x3a3f2823) mem 0x8000d000 0x00000001
core   0: 0x8000bc58 (0x0000bfe5) c.j     pc - 8
core   0: 3 0x8000bc58 (0xbfe5)
core   0: 0x8000bc50 (0x00001f17) auipc   t5, 0x1
core   0: 3 0x8000bc50 (0x00001f17) x30 0x8000cc50
core   0: 0x8000bc54 (0x3a3f2823) sw      gp, 944(t5)
core   0: 3 0x8000bc54 (0x3a3f2823) mem 0x8000d000 0x00000001
core   0: 0x8000bc58 (0x0000bfe5) c.j     pc - 8
core   0: 3 0x8000bc58 (0xbfe5)
core   0: 0x8000bc50 (0x00001f17) auipc   t5, 0x1
core   0: 3 0x8000bc50 (0x00001f17) x30 0x8000cc50
core   0: 0x8000bc54 (0x3a3f2823) sw      gp, 944(t5)
core   0: 3 0x8000bc54 (0x3a3f2823) mem 0x8000d000 0x00000001
core   0: 0x8000bc58 (0x0000bfe5) c.j     pc - 8
core   0: 3 0x8000bc58 (0xbfe5)
core   0: 0x8000bc50 (0x00001f17) auipc   t5, 0x1
core   0: 3 0x8000bc50 (0x00001f17) x30 0x8000cc50
core   0: 0x8000bc54 (0x3a3f2823) sw      gp, 944(t5)
core   0: 3 0x8000bc54 (0x3a3f2823) mem 0x8000d000 0x00000001
core   0: 0x8000bc58 (0x0000bfe5) c.j     pc - 8
core   0: 3 0x8000bc58 (0xbfe5)
core   0: 0x8000bc50 (0x00001f17) auipc   t5, 0x1
core   0: 3 0x8000bc50 (0x00001f17) x30 0x8000cc50
core   0: 0x8000bc54 (0x3a3f2823) sw      gp, 944(t5)
core   0: 3 0x8000bc54 (0x3a3f2823) mem 0x8000d000 0x00000001
core   0: 0x8000bc58 (0x0000bfe5) c.j     pc - 8
core   0: 3 0x8000bc58 (0xbfe5)
core   0: 0x8000bc50 (0x00001f17) auipc   t5, 0x1
core   0: 3 0x8000bc50 (0x00001f17) x30 0x8000cc50
core   0: 0x8000bc54 (0x3a3f2823) sw      gp, 944(t5)
core   0: 3 0x8000bc54 (0x3a3f2823) mem 0x8000d000 0x00000001
core   0: 0x8000bc58 (0x0000bfe5) c.j     pc - 8
core   0: 3 0x8000bc58 (0xbfe5)
core   0: 0x8000bc50 (0x00001f17) auipc   t5, 0x1
core   0: 3 0x8000bc50 (0x00001f17) x30 0x8000cc50
core   0: 0x8000bc54 (0x3a3f2823) sw      gp, 944(t5)
core   0: 3 0x8000bc54 (0x3a3f2823) mem 0x8000d000 0x00000001
core   0: 0x8000bc58 (0x0000bfe5) c.j     pc - 8
core   0: 3 0x8000bc58 (0xbfe5)
core   0: 0x8000bc50 (0x00001f17) auipc   t5, 0x1
core   0: 3 0x8000bc50 (0x00001f17) x30 0x8000cc50
core   0: 0x8000bc54 (0x3a3f2823) sw      gp, 944(t5)
core   0: 3 0x8000bc54 (0x3a3f2823) mem 0x8000d000 0x00000001
core   0: 0x8000bc58 (0x0000bfe5) c.j     pc - 8
core   0: 3 0x8000bc58 (0xbfe5)
core   0: 0x8000bc50 (0x00001f17) auipc   t5, 0x1
core   0: 3 0x8000bc50 (0x00001f17) x30 0x8000cc50
core   0: 0x8000bc54 (0x3a3f2823) sw      gp, 944(t5)
core   0: 3 0x8000bc54 (0x3a3f2823) mem 0x8000d000 0x00000001
core   0: 0x8000bc58 (0x0000bfe5) c.j     pc - 8
core   0: 3 0x8000bc58 (0xbfe5)
core   0: 0x8000bc50 (0x00001f17) auipc   t5, 0x1
core   0: 3 0x8000bc50 (0x00001f17) x30 0x8000cc50
core   0: 0x8000bc54 (0x3a3f2823) sw      gp, 944(t5)
core   0: 3 0x8000bc54 (0x3a3f2823) mem 0x8000d000 0x00000001
core   0: 0x8000bc58 (0x0000bfe5) c.j     pc - 8
core   0: 3 0x8000bc58 (0xbfe5)
core   0: 0x8000bc50 (0x00001f17) auipc   t5, 0x1
core   0: 3 0x8000bc50 (0x00001f17) x30 0x8000cc50
core   0: 0x8000bc54 (0x3a3f2823) sw      gp, 944(t5)
core   0: 3 0x8000bc54 (0x3a3f2823) mem 0x8000d000 0x00000001
core   0: 0x8000bc58 (0x0000bfe5) c.j     pc - 8
core   0: 3 0x8000bc58 (0xbfe5)
core   0: 0x8000bc50 (0x00001f17) auipc   t5, 0x1
core   0: 3 0x8000bc50 (0x00001f17) x30 0x8000cc50
core   0: 0x8000bc54 (0x3a3f2823) sw      gp, 944(t5)
core   0: 3 0x8000bc54 (0x3a3f2823) mem 0x8000d000 0x00000001
core   0: 0x8000bc58 (0x0000bfe5) c.j     pc - 8
core   0: 3 0x8000bc58 (0xbfe5)
core   0: 0x8000bc50 (0x00001f17) auipc   t5, 0x1
core   0: 3 0x8000bc50 (0x00001f17) x30 0x8000cc50
core   0: 0x8000bc54 (0x3a3f2823) sw      gp, 944(t5)
core   0: 3 0x8000bc54 (0x3a3f2823) mem 0x8000d000 0x00000001
core   0: 0x8000bc58 (0x0000bfe5) c.j     pc - 8
core   0: 3 0x8000bc58 (0xbfe5)
core   0: 0x8000bc50 (0x00001f17) auipc   t5, 0x1
core   0: 3 0x8000bc50 (0x00001f17) x30 0x8000cc50
core   0: 0x8000bc54 (0x3a3f2823) sw      gp, 944(t5)
core   0: 3 0x8000bc54 (0x3a3f2823) mem 0x8000d000 0x00000001
core   0: 0x8000bc58 (0x0000bfe5) c.j     pc - 8
core   0: 3 0x8000bc58 (0xbfe5)
core   0: 0x8000bc50 (0x00001f17) auipc   t5, 0x1
core   0: 3 0x8000bc50 (0x00001f17) x30 0x8000cc50
core   0: 0x8000bc54 (0x3a3f2823) sw      gp, 944(t5)
core   0: 3 0x8000bc54 (0x3a3f2823) mem 0x8000d000 0x00000001
core   0: 0x8000bc58 (0x0000bfe5) c.j     pc - 8
core   0: 3 0x8000bc58 (0xbfe5)
core   0: 0x8000bc50 (0x00001f17) auipc   t5, 0x1
core   0: 3 0x8000bc50 (0x00001f17) x30 0x8000cc50
core   0: 0x8000bc54 (0x3a3f2823) sw      gp, 944(t5)
core   0: 3 0x8000bc54 (0x3a3f2823) mem 0x8000d000 0x00000001
core   0: 0x8000bc58 (0x0000bfe5) c.j     pc - 8
core   0: 3 0x8000bc58 (0xbfe5)
core   0: 0x8000bc50 (0x00001f17) auipc   t5, 0x1
core   0: 3 0x8000bc50 (0x00001f17) x30 0x8000cc50
core   0: 0x8000bc54 (0x3a3f2823) sw      gp, 944(t5)
core   0: 3 0x8000bc54 (0x3a3f2823) mem 0x8000d000 0x00000001
core   0: 0x8000bc58 (0x0000bfe5) c.j     pc - 8
core   0: 3 0x8000bc58 (0xbfe5)
core   0: 0x8000bc50 (0x00001f17) auipc   t5, 0x1
core   0: 3 0x8000bc50 (0x00001f17) x30 0x8000cc50
core   0: 0x8000bc54 (0x3a3f2823) sw      gp, 944(t5)
core   0: 3 0x8000bc54 (0x3a3f2823) mem 0x8000d000 0x00000001
core   0: 0x8000bc58 (0x0000bfe5) c.j     pc - 8
core   0: 3 0x8000bc58 (0xbfe5)
core   0: 0x8000bc50 (0x00001f17) auipc   t5, 0x1
core   0: 3 0x8000bc50 (0x00001f17) x30 0x8000cc50
core   0: 0x8000bc54 (0x3a3f2823) sw      gp, 944(t5)
core   0: 3 0x8000bc54 (0x3a3f2823) mem 0x8000d000 0x00000001
core   0: 0x8000bc58 (0x0000bfe5) c.j     pc - 8
core   0: 3 0x8000bc58 (0xbfe5)
core   0: 0x8000bc50 (0x00001f17) auipc   t5, 0x1
core   0: 3 0x8000bc50 (0x00001f17) x30 0x8000cc50
core   0: 0x8000bc54 (0x3a3f2823) sw      gp, 944(t5)
core   0: 3 0x8000bc54 (0x3a3f2823) mem 0x8000d000 0x00000001
core   0: 0x8000bc58 (0x0000bfe5) c.j     pc - 8
core   0: 3 0x8000bc58 (0xbfe5)
core   0: 0x8000bc50 (0x00001f17) auipc   t5, 0x1
core   0: 3 0x8000bc50 (0x00001f17) x30 0x8000cc50
core   0: 0x8000bc54 (0x3a3f2823) sw      gp, 944(t5)
core   0: 3 0x8000bc54 (0x3a3f2823) mem 0x8000d000 0x00000001
core   0: 0x8000bc58 (0x0000bfe5) c.j     pc - 8
core   0: 3 0x8000bc58 (0xbfe5)
core   0: 0x8000bc50 (0x00001f17) auipc   t5, 0x1
core   0: 3 0x8000bc50 (0x00001f17) x30 0x8000cc50
core   0: 0x8000bc54 (0x3a3f2823) sw      gp, 944(t5)
core   0: 3 0x8000bc54 (0x3a3f2823) mem 0x8000d000 0x00000001
core   0: 0x8000bc58 (0x0000bfe5) c.j     pc - 8
core   0: 3 0x8000bc58 (0xbfe5)
core   0: 0x8000bc50 (0x00001f17) auipc   t5, 0x1
core   0: 3 0x8000bc50 (0x00001f17) x30 0x8000cc50
core   0: 0x8000bc54 (0x3a3f2823) sw      gp, 944(t5)
core   0: 3 0x8000bc54 (0x3a3f2823) mem 0x8000d000 0x00000001
core   0: 0x8000bc58 (0x0000bfe5) c.j     pc - 8
core   0: 3 0x8000bc58 (0xbfe5)
core   0: 0x8000bc50 (0x00001f17) auipc   t5, 0x1
core   0: 3 0x8000bc50 (0x00001f17) x30 0x8000cc50
core   0: 0x8000bc54 (0x3a3f2823) sw      gp, 944(t5)
core   0: 3 0x8000bc54 (0x3a3f2823) mem 0x8000d000 0x00000001
core   0: 0x8000bc58 (0x0000bfe5) c.j     pc - 8
core   0: 3 0x8000bc58 (0xbfe5)
core   0: 0x8000bc50 (0x00001f17) auipc   t5, 0x1
core   0: 3 0x8000bc50 (0x00001f17) x30 0x8000cc50
core   0: 0x8000bc54 (0x3a3f2823) sw      gp, 944(t5)
core   0: 3 0x8000bc54 (0x3a3f2823) mem 0x8000d000 0x00000001
core   0: 0x8000bc58 (0x0000bfe5) c.j     pc - 8
core   0: 3 0x8000bc58 (0xbfe5)
core   0: 0x8000bc50 (0x00001f17) auipc   t5, 0x1
core   0: 3 0x8000bc50 (0x00001f17) x30 0x8000cc50
core   0: 0x8000bc54 (0x3a3f2823) sw      gp, 944(t5)
core   0: 3 0x8000bc54 (0x3a3f2823) mem 0x8000d000 0x00000001
core   0: 0x8000bc58 (0x0000bfe5) c.j     pc - 8
core   0: 3 0x8000bc58 (0xbfe5)
core   0: 0x8000bc50 (0x00001f17) auipc   t5, 0x1
core   0: 3 0x8000bc50 (0x00001f17) x30 0x8000cc50
core   0: 0x8000bc54 (0x3a3f2823) sw      gp, 944(t5)
core   0: 3 0x8000bc54 (0x3a3f2823) mem 0x8000d000 0x00000001
core   0: 0x8000bc58 (0x0000bfe5) c.j     pc - 8
core   0: 3 0x8000bc58 (0xbfe5)
core   0: 0x8000bc50 (0x00001f17) auipc   t5, 0x1
core   0: 3 0x8000bc50 (0x00001f17) x30 0x8000cc50
core   0: 0x8000bc54 (0x3a3f2823) sw      gp, 944(t5)
core   0: 3 0x8000bc54 (0x3a3f2823) mem 0x8000d000 0x00000001
core   0: 0x8000bc58 (0x0000bfe5) c.j     pc - 8
core   0: 3 0x8000bc58 (0xbfe5)
core   0: 0x8000bc50 (0x00001f17) auipc   t5, 0x1
core   0: 3 0x8000bc50 (0x00001f17) x30 0x8000cc50
core   0: 0x8000bc54 (0x3a3f2823) sw      gp, 944(t5)
core   0: 3 0x8000bc54 (0x3a3f2823) mem 0x8000d000 0x00000001
core   0: 0x8000bc58 (0x0000bfe5) c.j     pc - 8
core   0: 3 0x8000bc58 (0xbfe5)
core   0: 0x8000bc50 (0x00001f17) auipc   t5, 0x1
core   0: 3 0x8000bc50 (0x00001f17) x30 0x8000cc50
core   0: 0x8000bc54 (0x3a3f2823) sw      gp, 944(t5)
core   0: 3 0x8000bc54 (0x3a3f2823) mem 0x8000d000 0x00000001
core   0: 0x8000bc58 (0x0000bfe5) c.j     pc - 8
core   0: 3 0x8000bc58 (0xbfe5)
core   0: 0x8000bc50 (0x00001f17) auipc   t5, 0x1
core   0: 3 0x8000bc50 (0x00001f17) x30 0x8000cc50
core   0: 0x8000bc54 (0x3a3f2823) sw      gp, 944(t5)
core   0: 3 0x8000bc54 (0x3a3f2823) mem 0x8000d000 0x00000001
core   0: 0x8000bc58 (0x0000bfe5) c.j     pc - 8
core   0: 3 0x8000bc58 (0xbfe5)
core   0: 0x8000bc50 (0x00001f17) auipc   t5, 0x1
core   0: 3 0x8000bc50 (0x00001f17) x30 0x8000cc50
core   0: 0x8000bc54 (0x3a3f2823) sw      gp, 944(t5)
core   0: 3 0x8000bc54 (0x3a3f2823) mem 0x8000d000 0x00000001
core   0: 0x8000bc58 (0x0000bfe5) c.j     pc - 8
core   0: 3 0x8000bc58 (0xbfe5)
core   0: 0x8000bc50 (0x00001f17) auipc   t5, 0x1
core   0: 3 0x8000bc50 (0x00001f17) x30 0x8000cc50
core   0: 0x8000bc54 (0x3a3f2823) sw      gp, 944(t5)
core   0: 3 0x8000bc54 (0x3a3f2823) mem 0x8000d000 0x00000001
core   0: 0x8000bc58 (0x0000bfe5) c.j     pc - 8
core   0: 3 0x8000bc58 (0xbfe5)
core   0: 0x8000bc50 (0x00001f17) auipc   t5, 0x1
core   0: 3 0x8000bc50 (0x00001f17) x30 0x8000cc50
core   0: 0x8000bc54 (0x3a3f2823) sw      gp, 944(t5)
core   0: 3 0x8000bc54 (0x3a3f2823) mem 0x8000d000 0x00000001
core   0: 0x8000bc58 (0x0000bfe5) c.j     pc - 8
core   0: 3 0x8000bc58 (0xbfe5)
core   0: 0x8000bc50 (0x00001f17) auipc   t5, 0x1
core   0: 3 0x8000bc50 (0x00001f17) x30 0x8000cc50
core   0: 0x8000bc54 (0x3a3f2823) sw      gp, 944(t5)
core   0: 3 0x8000bc54 (0x3a3f2823) mem 0x8000d000 0x00000001
core   0: 0x8000bc58 (0x0000bfe5) c.j     pc - 8
core   0: 3 0x8000bc58 (0xbfe5)
core   0: 0x8000bc50 (0x00001f17) auipc   t5, 0x1
core   0: 3 0x8000bc50 (0x00001f17) x30 0x8000cc50
core   0: 0x8000bc54 (0x3a3f2823) sw      gp, 944(t5)
core   0: 3 0x8000bc54 (0x3a3f2823) mem 0x8000d000 0x00000001
core   0: 0x8000bc58 (0x0000bfe5) c.j     pc - 8
core   0: 3 0x8000bc58 (0xbfe5)
core   0: 0x8000bc50 (0x00001f17) auipc   t5, 0x1
core   0: 3 0x8000bc50 (0x00001f17) x30 0x8000cc50
core   0: 0x8000bc54 (0x3a3f2823) sw      gp, 944(t5)
core   0: 3 0x8000bc54 (0x3a3f2823) mem 0x8000d000 0x00000001
core   0: 0x8000bc58 (0x0000bfe5) c.j     pc - 8
core   0: 3 0x8000bc58 (0xbfe5)
core   0: 0x8000bc50 (0x00001f17) auipc   t5, 0x1
core   0: 3 0x8000bc50 (0x00001f17) x30 0x8000cc50
core   0: 0x8000bc54 (0x3a3f2823) sw      gp, 944(t5)
core   0: 3 0x8000bc54 (0x3a3f2823) mem 0x8000d000 0x00000001
core   0: 0x8000bc58 (0x0000bfe5) c.j     pc - 8
core   0: 3 0x8000bc58 (0xbfe5)
core   0: 0x8000bc50 (0x00001f17) auipc   t5, 0x1
core   0: 3 0x8000bc50 (0x00001f17) x30 0x8000cc50
core   0: 0x8000bc54 (0x3a3f2823) sw      gp, 944(t5)
core   0: 3 0x8000bc54 (0x3a3f2823) mem 0x8000d000 0x00000001
core   0: 0x8000bc58 (0x0000bfe5) c.j     pc - 8
core   0: 3 0x8000bc58 (0xbfe5)
core   0: 0x8000bc50 (0x00001f17) auipc   t5, 0x1
core   0: 3 0x8000bc50 (0x00001f17) x30 0x8000cc50
core   0: 0x8000bc54 (0x3a3f2823) sw      gp, 944(t5)
core   0: 3 0x8000bc54 (0x3a3f2823) mem 0x8000d000 0x00000001
core   0: 0x8000bc58 (0x0000bfe5) c.j     pc - 8
core   0: 3 0x8000bc58 (0xbfe5)
core   0: 0x8000bc50 (0x00001f17) auipc   t5, 0x1
core   0: 3 0x8000bc50 (0x00001f17) x30 0x8000cc50
core   0: 0x8000bc54 (0x3a3f2823) sw      gp, 944(t5)
core   0: 3 0x8000bc54 (0x3a3f2823) mem 0x8000d000 0x00000001
core   0: 0x8000bc58 (0x0000bfe5) c.j     pc - 8
core   0: 3 0x8000bc58 (0xbfe5)
core   0: 0x8000bc50 (0x00001f17) auipc   t5, 0x1
core   0: 3 0x8000bc50 (0x00001f17) x30 0x8000cc50
core   0: 0x8000bc54 (0x3a3f2823) sw      gp, 944(t5)
core   0: 3 0x8000bc54 (0x3a3f2823) mem 0x8000d000 0x00000001
core   0: 0x8000bc58 (0x0000bfe5) c.j     pc - 8
core   0: 3 0x8000bc58 (0xbfe5)
core   0: 0x8000bc50 (0x00001f17) auipc   t5, 0x1
core   0: 3 0x8000bc50 (0x00001f17) x30 0x8000cc50
core   0: 0x8000bc54 (0x3a3f2823) sw      gp, 944(t5)
core   0: 3 0x8000bc54 (0x3a3f2823) mem 0x8000d000 0x00000001
core   0: 0x8000bc58 (0x0000bfe5) c.j     pc - 8
core   0: 3 0x8000bc58 (0xbfe5)
core   0: 0x8000bc50 (0x00001f17) auipc   t5, 0x1
core   0: 3 0x8000bc50 (0x00001f17) x30 0x8000cc50
core   0: 0x8000bc54 (0x3a3f2823) sw      gp, 944(t5)
core   0: 3 0x8000bc54 (0x3a3f2823) mem 0x8000d000 0x00000001
core   0: 0x8000bc58 (0x0000bfe5) c.j     pc - 8
core   0: 3 0x8000bc58 (0xbfe5)
core   0: 0x8000bc50 (0x00001f17) auipc   t5, 0x1
core   0: 3 0x8000bc50 (0x00001f17) x30 0x8000cc50
core   0: 0x8000bc54 (0x3a3f2823) sw      gp, 944(t5)
core   0: 3 0x8000bc54 (0x3a3f2823) mem 0x8000d000 0x00000001
core   0: 0x8000bc58 (0x0000bfe5) c.j     pc - 8
core   0: 3 0x8000bc58 (0xbfe5)
core   0: 0x8000bc50 (0x00001f17) auipc   t5, 0x1
core   0: 3 0x8000bc50 (0x00001f17) x30 0x8000cc50
core   0: 0x8000bc54 (0x3a3f2823) sw      gp, 944(t5)
core   0: 3 0x8000bc54 (0x3a3f2823) mem 0x8000d000 0x00000001
core   0: 0x8000bc58 (0x0000bfe5) c.j     pc - 8
core   0: 3 0x8000bc58 (0xbfe5)
core   0: 0x8000bc50 (0x00001f17) auipc   t5, 0x1
core   0: 3 0x8000bc50 (0x00001f17) x30 0x8000cc50
core   0: 0x8000bc54 (0x3a3f2823) sw      gp, 944(t5)
core   0: 3 0x8000bc54 (0x3a3f2823) mem 0x8000d000 0x00000001
core   0: 0x8000bc58 (0x0000bfe5) c.j     pc - 8
core   0: 3 0x8000bc58 (0xbfe5)
core   0: 0x8000bc50 (0x00001f17) auipc   t5, 0x1
core   0: 3 0x8000bc50 (0x00001f17) x30 0x8000cc50
core   0: 0x8000bc54 (0x3a3f2823) sw      gp, 944(t5)
core   0: 3 0x8000bc54 (0x3a3f2823) mem 0x8000d000 0x00000001
core   0: 0x8000bc58 (0x0000bfe5) c.j     pc - 8
core   0: 3 0x8000bc58 (0xbfe5)
core   0: 0x8000bc50 (0x00001f17) auipc   t5, 0x1
core   0: 3 0x8000bc50 (0x00001f17) x30 0x8000cc50
core   0: 0x8000bc54 (0x3a3f2823) sw      gp, 944(t5)
core   0: 3 0x8000bc54 (0x3a3f2823) mem 0x8000d000 0x00000001
core   0: 0x8000bc58 (0x0000bfe5) c.j     pc - 8
core   0: 3 0x8000bc58 (0xbfe5)
core   0: 0x8000bc50 (0x00001f17) auipc   t5, 0x1
core   0: 3 0x8000bc50 (0x00001f17) x30 0x8000cc50
core   0: 0x8000bc54 (0x3a3f2823) sw      gp, 944(t5)
core   0: 3 0x8000bc54 (0x3a3f2823) mem 0x8000d000 0x00000001
core   0: 0x8000bc58 (0x0000bfe5) c.j     pc - 8
core   0: 3 0x8000bc58 (0xbfe5)
core   0: 0x8000bc50 (0x00001f17) auipc   t5, 0x1
core   0: 3 0x8000bc50 (0x00001f17) x30 0x8000cc50
core   0: 0x8000bc54 (0x3a3f2823) sw      gp, 944(t5)
core   0: 3 0x8000bc54 (0x3a3f2823) mem 0x8000d000 0x00000001
core   0: 0x8000bc58 (0x0000bfe5) c.j     pc - 8
core   0: 3 0x8000bc58 (0xbfe5)
core   0: 0x8000bc50 (0x00001f17) auipc   t5, 0x1
core   0: 3 0x8000bc50 (0x00001f17) x30 0x8000cc50
core   0: 0x8000bc54 (0x3a3f2823) sw      gp, 944(t5)
core   0: 3 0x8000bc54 (0x3a3f2823) mem 0x8000d000 0x00000001
core   0: 0x8000bc58 (0x0000bfe5) c.j     pc - 8
core   0: 3 0x8000bc58 (0xbfe5)
core   0: 0x8000bc50 (0x00001f17) auipc   t5, 0x1
core   0: 3 0x8000bc50 (0x00001f17) x30 0x8000cc50
core   0: 0x8000bc54 (0x3a3f2823) sw      gp, 944(t5)
core   0: 3 0x8000bc54 (0x3a3f2823) mem 0x8000d000 0x00000001
core   0: 0x8000bc58 (0x0000bfe5) c.j     pc - 8
core   0: 3 0x8000bc58 (0xbfe5)
core   0: 0x8000bc50 (0x00001f17) auipc   t5, 0x1
core   0: 3 0x8000bc50 (0x00001f17) x30 0x8000cc50
core   0: 0x8000bc54 (0x3a3f2823) sw      gp, 944(t5)
core   0: 3 0x8000bc54 (0x3a3f2823) mem 0x8000d000 0x00000001
core   0: 0x8000bc58 (0x0000bfe5) c.j     pc - 8
core   0: 3 0x8000bc58 (0xbfe5)
core   0: 0x8000bc50 (0x00001f17) auipc   t5, 0x1
core   0: 3 0x8000bc50 (0x00001f17) x30 0x8000cc50
core   0: 0x8000bc54 (0x3a3f2823) sw      gp, 944(t5)
core   0: 3 0x8000bc54 (0x3a3f2823) mem 0x8000d000 0x00000001
core   0: 0x8000bc58 (0x0000bfe5) c.j     pc - 8
core   0: 3 0x8000bc58 (0xbfe5)
core   0: 0x8000bc50 (0x00001f17) auipc   t5, 0x1
core   0: 3 0x8000bc50 (0x00001f17) x30 0x8000cc50
core   0: 0x8000bc54 (0x3a3f2823) sw      gp, 944(t5)
core   0: 3 0x8000bc54 (0x3a3f2823) mem 0x8000d000 0x00000001
core   0: 0x8000bc58 (0x0000bfe5) c.j     pc - 8
core   0: 3 0x8000bc58 (0xbfe5)
core   0: 0x8000bc50 (0x00001f17) auipc   t5, 0x1
core   0: 3 0x8000bc50 (0x00001f17) x30 0x8000cc50
core   0: 0x8000bc54 (0x3a3f2823) sw      gp, 944(t5)
core   0: 3 0x8000bc54 (0x3a3f2823) mem 0x8000d000 0x00000001
core   0: 0x8000bc58 (0x0000bfe5) c.j     pc - 8
core   0: 3 0x8000bc58 (0xbfe5)
core   0: 0x8000bc50 (0x00001f17) auipc   t5, 0x1
core   0: 3 0x8000bc50 (0x00001f17) x30 0x8000cc50
core   0: 0x8000bc54 (0x3a3f2823) sw      gp, 944(t5)
core   0: 3 0x8000bc54 (0x3a3f2823) mem 0x8000d000 0x00000001
core   0: 0x8000bc58 (0x0000bfe5) c.j     pc - 8
core   0: 3 0x8000bc58 (0xbfe5)
core   0: 0x8000bc50 (0x00001f17) auipc   t5, 0x1
core   0: 3 0x8000bc50 (0x00001f17) x30 0x8000cc50
core   0: 0x8000bc54 (0x3a3f2823) sw      gp, 944(t5)
core   0: 3 0x8000bc54 (0x3a3f2823) mem 0x8000d000 0x00000001
core   0: 0x8000bc58 (0x0000bfe5) c.j     pc - 8
core   0: 3 0x8000bc58 (0xbfe5)
core   0: 0x8000bc50 (0x00001f17) auipc   t5, 0x1
core   0: 3 0x8000bc50 (0x00001f17) x30 0x8000cc50
core   0: 0x8000bc54 (0x3a3f2823) sw      gp, 944(t5)
core   0: 3 0x8000bc54 (0x3a3f2823) mem 0x8000d000 0x00000001
core   0: 0x8000bc58 (0x0000bfe5) c.j     pc - 8
core   0: 3 0x8000bc58 (0xbfe5)
core   0: 0x8000bc50 (0x00001f17) auipc   t5, 0x1
core   0: 3 0x8000bc50 (0x00001f17) x30 0x8000cc50
core   0: 0x8000bc54 (0x3a3f2823) sw      gp, 944(t5)
core   0: 3 0x8000bc54 (0x3a3f2823) mem 0x8000d000 0x00000001
core   0: 0x8000bc58 (0x0000bfe5) c.j     pc - 8
core   0: 3 0x8000bc58 (0xbfe5)
core   0: 0x8000bc50 (0x00001f17) auipc   t5, 0x1
core   0: 3 0x8000bc50 (0x00001f17) x30 0x8000cc50
core   0: 0x8000bc54 (0x3a3f2823) sw      gp, 944(t5)
core   0: 3 0x8000bc54 (0x3a3f2823) mem 0x8000d000 0x00000001
core   0: 0x8000bc58 (0x0000bfe5) c.j     pc - 8
core   0: 3 0x8000bc58 (0xbfe5)
core   0: 0x8000bc50 (0x00001f17) auipc   t5, 0x1
core   0: 3 0x8000bc50 (0x00001f17) x30 0x8000cc50
core   0: 0x8000bc54 (0x3a3f2823) sw      gp, 944(t5)
core   0: 3 0x8000bc54 (0x3a3f2823) mem 0x8000d000 0x00000001
core   0: 0x8000bc58 (0x0000bfe5) c.j     pc - 8
core   0: 3 0x8000bc58 (0xbfe5)
core   0: 0x8000bc50 (0x00001f17) auipc   t5, 0x1
core   0: 3 0x8000bc50 (0x00001f17) x30 0x8000cc50
core   0: 0x8000bc54 (0x3a3f2823) sw      gp, 944(t5)
core   0: 3 0x8000bc54 (0x3a3f2823) mem 0x8000d000 0x00000001
core   0: 0x8000bc58 (0x0000bfe5) c.j     pc - 8
core   0: 3 0x8000bc58 (0xbfe5)
core   0: 0x8000bc50 (0x00001f17) auipc   t5, 0x1
core   0: 3 0x8000bc50 (0x00001f17) x30 0x8000cc50
core   0: 0x8000bc54 (0x3a3f2823) sw      gp, 944(t5)
core   0: 3 0x8000bc54 (0x3a3f2823) mem 0x8000d000 0x00000001
core   0: 0x8000bc58 (0x0000bfe5) c.j     pc - 8
core   0: 3 0x8000bc58 (0xbfe5)
core   0: 0x8000bc50 (0x00001f17) auipc   t5, 0x1
core   0: 3 0x8000bc50 (0x00001f17) x30 0x8000cc50
core   0: 0x8000bc54 (0x3a3f2823) sw      gp, 944(t5)
core   0: 3 0x8000bc54 (0x3a3f2823) mem 0x8000d000 0x00000001
core   0: 0x8000bc58 (0x0000bfe5) c.j     pc - 8
core   0: 3 0x8000bc58 (0xbfe5)
core   0: 0x8000bc50 (0x00001f17) auipc   t5, 0x1
core   0: 3 0x8000bc50 (0x00001f17) x30 0x8000cc50
core   0: 0x8000bc54 (0x3a3f2823) sw      gp, 944(t5)
core   0: 3 0x8000bc54 (0x3a3f2823) mem 0x8000d000 0x00000001
core   0: 0x8000bc58 (0x0000bfe5) c.j     pc - 8
core   0: 3 0x8000bc58 (0xbfe5)
core   0: 0x8000bc50 (0x00001f17) auipc   t5, 0x1
core   0: 3 0x8000bc50 (0x00001f17) x30 0x8000cc50
core   0: 0x8000bc54 (0x3a3f2823) sw      gp, 944(t5)
core   0: 3 0x8000bc54 (0x3a3f2823) mem 0x8000d000 0x00000001
core   0: 0x8000bc58 (0x0000bfe5) c.j     pc - 8
core   0: 3 0x8000bc58 (0xbfe5)
core   0: 0x8000bc50 (0x00001f17) auipc   t5, 0x1
core   0: 3 0x8000bc50 (0x00001f17) x30 0x8000cc50
core   0: 0x8000bc54 (0x3a3f2823) sw      gp, 944(t5)
core   0: 3 0x8000bc54 (0x3a3f2823) mem 0x8000d000 0x00000001
core   0: 0x8000bc58 (0x0000bfe5) c.j     pc - 8
core   0: 3 0x8000bc58 (0xbfe5)
core   0: 0x8000bc50 (0x00001f17) auipc   t5, 0x1
core   0: 3 0x8000bc50 (0x00001f17) x30 0x8000cc50
core   0: 0x8000bc54 (0x3a3f2823) sw      gp, 944(t5)
core   0: 3 0x8000bc54 (0x3a3f2823) mem 0x8000d000 0x00000001
core   0: 0x8000bc58 (0x0000bfe5) c.j     pc - 8
core   0: 3 0x8000bc58 (0xbfe5)
core   0: 0x8000bc50 (0x00001f17) auipc   t5, 0x1
core   0: 3 0x8000bc50 (0x00001f17) x30 0x8000cc50
core   0: 0x8000bc54 (0x3a3f2823) sw      gp, 944(t5)
core   0: 3 0x8000bc54 (0x3a3f2823) mem 0x8000d000 0x00000001
core   0: 0x8000bc58 (0x0000bfe5) c.j     pc - 8
core   0: 3 0x8000bc58 (0xbfe5)
core   0: 0x8000bc50 (0x00001f17) auipc   t5, 0x1
core   0: 3 0x8000bc50 (0x00001f17) x30 0x8000cc50
core   0: 0x8000bc54 (0x3a3f2823) sw      gp, 944(t5)
core   0: 3 0x8000bc54 (0x3a3f2823) mem 0x8000d000 0x00000001
core   0: 0x8000bc58 (0x0000bfe5) c.j     pc - 8
core   0: 3 0x8000bc58 (0xbfe5)
core   0: 0x8000bc50 (0x00001f17) auipc   t5, 0x1
core   0: 3 0x8000bc50 (0x00001f17) x30 0x8000cc50
core   0: 0x8000bc54 (0x3a3f2823) sw      gp, 944(t5)
core   0: 3 0x8000bc54 (0x3a3f2823) mem 0x8000d000 0x00000001
core   0: 0x8000bc58 (0x0000bfe5) c.j     pc - 8
core   0: 3 0x8000bc58 (0xbfe5)
core   0: 0x8000bc50 (0x00001f17) auipc   t5, 0x1
core   0: 3 0x8000bc50 (0x00001f17) x30 0x8000cc50
core   0: 0x8000bc54 (0x3a3f2823) sw      gp, 944(t5)
core   0: 3 0x8000bc54 (0x3a3f2823) mem 0x8000d000 0x00000001
core   0: 0x8000bc58 (0x0000bfe5) c.j     pc - 8
core   0: 3 0x8000bc58 (0xbfe5)
core   0: 0x8000bc50 (0x00001f17) auipc   t5, 0x1
core   0: 3 0x8000bc50 (0x00001f17) x30 0x8000cc50
core   0: 0x8000bc54 (0x3a3f2823) sw      gp, 944(t5)
core   0: 3 0x8000bc54 (0x3a3f2823) mem 0x8000d000 0x00000001
core   0: 0x8000bc58 (0x0000bfe5) c.j     pc - 8
core   0: 3 0x8000bc58 (0xbfe5)
core   0: 0x8000bc50 (0x00001f17) auipc   t5, 0x1
core   0: 3 0x8000bc50 (0x00001f17) x30 0x8000cc50
core   0: 0x8000bc54 (0x3a3f2823) sw      gp, 944(t5)
core   0: 3 0x8000bc54 (0x3a3f2823) mem 0x8000d000 0x00000001
core   0: 0x8000bc58 (0x0000bfe5) c.j     pc - 8
core   0: 3 0x8000bc58 (0xbfe5)
core   0: 0x8000bc50 (0x00001f17) auipc   t5, 0x1
core   0: 3 0x8000bc50 (0x00001f17) x30 0x8000cc50
core   0: 0x8000bc54 (0x3a3f2823) sw      gp, 944(t5)
core   0: 3 0x8000bc54 (0x3a3f2823) mem 0x8000d000 0x00000001
core   0: 0x8000bc58 (0x0000bfe5) c.j     pc - 8
core   0: 3 0x8000bc58 (0xbfe5)
core   0: 0x8000bc50 (0x00001f17) auipc   t5, 0x1
core   0: 3 0x8000bc50 (0x00001f17) x30 0x8000cc50
core   0: 0x8000bc54 (0x3a3f2823) sw      gp, 944(t5)
core   0: 3 0x8000bc54 (0x3a3f2823) mem 0x8000d000 0x00000001
core   0: 0x8000bc58 (0x0000bfe5) c.j     pc - 8
core   0: 3 0x8000bc58 (0xbfe5)
core   0: 0x8000bc50 (0x00001f17) auipc   t5, 0x1
core   0: 3 0x8000bc50 (0x00001f17) x30 0x8000cc50
core   0: 0x8000bc54 (0x3a3f2823) sw      gp, 944(t5)
core   0: 3 0x8000bc54 (0x3a3f2823) mem 0x8000d000 0x00000001
core   0: 0x8000bc58 (0x0000bfe5) c.j     pc - 8
core   0: 3 0x8000bc58 (0xbfe5)
core   0: 0x8000bc50 (0x00001f17) auipc   t5, 0x1
core   0: 3 0x8000bc50 (0x00001f17) x30 0x8000cc50
core   0: 0x8000bc54 (0x3a3f2823) sw      gp, 944(t5)
core   0: 3 0x8000bc54 (0x3a3f2823) mem 0x8000d000 0x00000001
core   0: 0x8000bc58 (0x0000bfe5) c.j     pc - 8
core   0: 3 0x8000bc58 (0xbfe5)
core   0: 0x8000bc50 (0x00001f17) auipc   t5, 0x1
core   0: 3 0x8000bc50 (0x00001f17) x30 0x8000cc50
core   0: 0x8000bc54 (0x3a3f2823) sw      gp, 944(t5)
core   0: 3 0x8000bc54 (0x3a3f2823) mem 0x8000d000 0x00000001
core   0: 0x8000bc58 (0x0000bfe5) c.j     pc - 8
core   0: 3 0x8000bc58 (0xbfe5)
core   0: 0x8000bc50 (0x00001f17) auipc   t5, 0x1
core   0: 3 0x8000bc50 (0x00001f17) x30 0x8000cc50
core   0: 0x8000bc54 (0x3a3f2823) sw      gp, 944(t5)
core   0: 3 0x8000bc54 (0x3a3f2823) mem 0x8000d000 0x00000001
core   0: 0x8000bc58 (0x0000bfe5) c.j     pc - 8
core   0: 3 0x8000bc58 (0xbfe5)
core   0: 0x8000bc50 (0x00001f17) auipc   t5, 0x1
core   0: 3 0x8000bc50 (0x00001f17) x30 0x8000cc50
core   0: 0x8000bc54 (0x3a3f2823) sw      gp, 944(t5)
core   0: 3 0x8000bc54 (0x3a3f2823) mem 0x8000d000 0x00000001
core   0: 0x8000bc58 (0x0000bfe5) c.j     pc - 8
core   0: 3 0x8000bc58 (0xbfe5)
core   0: 0x8000bc50 (0x00001f17) auipc   t5, 0x1
core   0: 3 0x8000bc50 (0x00001f17) x30 0x8000cc50
core   0: 0x8000bc54 (0x3a3f2823) sw      gp, 944(t5)
core   0: 3 0x8000bc54 (0x3a3f2823) mem 0x8000d000 0x00000001
core   0: 0x8000bc58 (0x0000bfe5) c.j     pc - 8
core   0: 3 0x8000bc58 (0xbfe5)
core   0: 0x8000bc50 (0x00001f17) auipc   t5, 0x1
core   0: 3 0x8000bc50 (0x00001f17) x30 0x8000cc50
core   0: 0x8000bc54 (0x3a3f2823) sw      gp, 944(t5)
core   0: 3 0x8000bc54 (0x3a3f2823) mem 0x8000d000 0x00000001
core   0: 0x8000bc58 (0x0000bfe5) c.j     pc - 8
core   0: 3 0x8000bc58 (0xbfe5)
core   0: 0x8000bc50 (0x00001f17) auipc   t5, 0x1
core   0: 3 0x8000bc50 (0x00001f17) x30 0x8000cc50
core   0: 0x8000bc54 (0x3a3f2823) sw      gp, 944(t5)
core   0: 3 0x8000bc54 (0x3a3f2823) mem 0x8000d000 0x00000001
core   0: 0x8000bc58 (0x0000bfe5) c.j     pc - 8
core   0: 3 0x8000bc58 (0xbfe5)
core   0: 0x8000bc50 (0x00001f17) auipc   t5, 0x1
core   0: 3 0x8000bc50 (0x00001f17) x30 0x8000cc50
core   0: 0x8000bc54 (0x3a3f2823) sw      gp, 944(t5)
core   0: 3 0x8000bc54 (0x3a3f2823) mem 0x8000d000 0x00000001
core   0: 0x8000bc58 (0x0000bfe5) c.j     pc - 8
core   0: 3 0x8000bc58 (0xbfe5)
core   0: 0x8000bc50 (0x00001f17) auipc   t5, 0x1
core   0: 3 0x8000bc50 (0x00001f17) x30 0x8000cc50
core   0: 0x8000bc54 (0x3a3f2823) sw      gp, 944(t5)
core   0: 3 0x8000bc54 (0x3a3f2823) mem 0x8000d000 0x00000001
core   0: 0x8000bc58 (0x0000bfe5) c.j     pc - 8
core   0: 3 0x8000bc58 (0xbfe5)
core   0: 0x8000bc50 (0x00001f17) auipc   t5, 0x1
core   0: 3 0x8000bc50 (0x00001f17) x30 0x8000cc50
core   0: 0x8000bc54 (0x3a3f2823) sw      gp, 944(t5)
core   0: 3 0x8000bc54 (0x3a3f2823) mem 0x8000d000 0x00000001
core   0: 0x8000bc58 (0x0000bfe5) c.j     pc - 8
core   0: 3 0x8000bc58 (0xbfe5)
core   0: 0x8000bc50 (0x00001f17) auipc   t5, 0x1
core   0: 3 0x8000bc50 (0x00001f17) x30 0x8000cc50
core   0: 0x8000bc54 (0x3a3f2823) sw      gp, 944(t5)
core   0: 3 0x8000bc54 (0x3a3f2823) mem 0x8000d000 0x00000001
core   0: 0x8000bc58 (0x0000bfe5) c.j     pc - 8
core   0: 3 0x8000bc58 (0xbfe5)
core   0: 0x8000bc50 (0x00001f17) auipc   t5, 0x1
core   0: 3 0x8000bc50 (0x00001f17) x30 0x8000cc50
core   0: 0x8000bc54 (0x3a3f2823) sw      gp, 944(t5)
core   0: 3 0x8000bc54 (0x3a3f2823) mem 0x8000d000 0x00000001
core   0: 0x8000bc58 (0x0000bfe5) c.j     pc - 8
core   0: 3 0x8000bc58 (0xbfe5)
core   0: 0x8000bc50 (0x00001f17) auipc   t5, 0x1
core   0: 3 0x8000bc50 (0x00001f17) x30 0x8000cc50
core   0: 0x8000bc54 (0x3a3f2823) sw      gp, 944(t5)
core   0: 3 0x8000bc54 (0x3a3f2823) mem 0x8000d000 0x00000001
core   0: 0x8000bc58 (0x0000bfe5) c.j     pc - 8
core   0: 3 0x8000bc58 (0xbfe5)
core   0: 0x8000bc50 (0x00001f17) auipc   t5, 0x1
core   0: 3 0x8000bc50 (0x00001f17) x30 0x8000cc50
core   0: 0x8000bc54 (0x3a3f2823) sw      gp, 944(t5)
core   0: 3 0x8000bc54 (0x3a3f2823) mem 0x8000d000 0x00000001
core   0: 0x8000bc58 (0x0000bfe5) c.j     pc - 8
core   0: 3 0x8000bc58 (0xbfe5)
core   0: 0x8000bc50 (0x00001f17) auipc   t5, 0x1
core   0: 3 0x8000bc50 (0x00001f17) x30 0x8000cc50
core   0: 0x8000bc54 (0x3a3f2823) sw      gp, 944(t5)
core   0: 3 0x8000bc54 (0x3a3f2823) mem 0x8000d000 0x00000001
core   0: 0x8000bc58 (0x0000bfe5) c.j     pc - 8
core   0: 3 0x8000bc58 (0xbfe5)
core   0: 0x8000bc50 (0x00001f17) auipc   t5, 0x1
core   0: 3 0x8000bc50 (0x00001f17) x30 0x8000cc50
core   0: 0x8000bc54 (0x3a3f2823) sw      gp, 944(t5)
core   0: 3 0x8000bc54 (0x3a3f2823) mem 0x8000d000 0x00000001
core   0: 0x8000bc58 (0x0000bfe5) c.j     pc - 8
core   0: 3 0x8000bc58 (0xbfe5)
core   0: 0x8000bc50 (0x00001f17) auipc   t5, 0x1
core   0: 3 0x8000bc50 (0x00001f17) x30 0x8000cc50
core   0: 0x8000bc54 (0x3a3f2823) sw      gp, 944(t5)
core   0: 3 0x8000bc54 (0x3a3f2823) mem 0x8000d000 0x00000001
core   0: 0x8000bc58 (0x0000bfe5) c.j     pc - 8
core   0: 3 0x8000bc58 (0xbfe5)
core   0: 0x8000bc50 (0x00001f17) auipc   t5, 0x1
core   0: 3 0x8000bc50 (0x00001f17) x30 0x8000cc50
core   0: 0x8000bc54 (0x3a3f2823) sw      gp, 944(t5)
core   0: 3 0x8000bc54 (0x3a3f2823) mem 0x8000d000 0x00000001
core   0: 0x8000bc58 (0x0000bfe5) c.j     pc - 8
core   0: 3 0x8000bc58 (0xbfe5)
core   0: 0x8000bc50 (0x00001f17) auipc   t5, 0x1
core   0: 3 0x8000bc50 (0x00001f17) x30 0x8000cc50
core   0: 0x8000bc54 (0x3a3f2823) sw      gp, 944(t5)
core   0: 3 0x8000bc54 (0x3a3f2823) mem 0x8000d000 0x00000001
core   0: 0x8000bc58 (0x0000bfe5) c.j     pc - 8
core   0: 3 0x8000bc58 (0xbfe5)
core   0: 0x8000bc50 (0x00001f17) auipc   t5, 0x1
core   0: 3 0x8000bc50 (0x00001f17) x30 0x8000cc50
core   0: 0x8000bc54 (0x3a3f2823) sw      gp, 944(t5)
core   0: 3 0x8000bc54 (0x3a3f2823) mem 0x8000d000 0x00000001
core   0: 0x8000bc58 (0x0000bfe5) c.j     pc - 8
core   0: 3 0x8000bc58 (0xbfe5)
core   0: 0x8000bc50 (0x00001f17) auipc   t5, 0x1
core   0: 3 0x8000bc50 (0x00001f17) x30 0x8000cc50
core   0: 0x8000bc54 (0x3a3f2823) sw      gp, 944(t5)
core   0: 3 0x8000bc54 (0x3a3f2823) mem 0x8000d000 0x00000001
core   0: 0x8000bc58 (0x0000bfe5) c.j     pc - 8
core   0: 3 0x8000bc58 (0xbfe5)
core   0: 0x8000bc50 (0x00001f17) auipc   t5, 0x1
core   0: 3 0x8000bc50 (0x00001f17) x30 0x8000cc50
core   0: 0x8000bc54 (0x3a3f2823) sw      gp, 944(t5)
core   0: 3 0x8000bc54 (0x3a3f2823) mem 0x8000d000 0x00000001
core   0: 0x8000bc58 (0x0000bfe5) c.j     pc - 8
core   0: 3 0x8000bc58 (0xbfe5)
core   0: 0x8000bc50 (0x00001f17) auipc   t5, 0x1
core   0: 3 0x8000bc50 (0x00001f17) x30 0x8000cc50
core   0: 0x8000bc54 (0x3a3f2823) sw      gp, 944(t5)
core   0: 3 0x8000bc54 (0x3a3f2823) mem 0x8000d000 0x00000001
core   0: 0x8000bc58 (0x0000bfe5) c.j     pc - 8
core   0: 3 0x8000bc58 (0xbfe5)
core   0: 0x8000bc50 (0x00001f17) auipc   t5, 0x1
core   0: 3 0x8000bc50 (0x00001f17) x30 0x8000cc50
core   0: 0x8000bc54 (0x3a3f2823) sw      gp, 944(t5)
core   0: 3 0x8000bc54 (0x3a3f2823) mem 0x8000d000 0x00000001
core   0: 0x8000bc58 (0x0000bfe5) c.j     pc - 8
core   0: 3 0x8000bc58 (0xbfe5)
core   0: 0x8000bc50 (0x00001f17) auipc   t5, 0x1
core   0: 3 0x8000bc50 (0x00001f17) x30 0x8000cc50
core   0: 0x8000bc54 (0x3a3f2823) sw      gp, 944(t5)
core   0: 3 0x8000bc54 (0x3a3f2823) mem 0x8000d000 0x00000001
core   0: 0x8000bc58 (0x0000bfe5) c.j     pc - 8
core   0: 3 0x8000bc58 (0xbfe5)
core   0: 0x8000bc50 (0x00001f17) auipc   t5, 0x1
core   0: 3 0x8000bc50 (0x00001f17) x30 0x8000cc50
core   0: 0x8000bc54 (0x3a3f2823) sw      gp, 944(t5)
core   0: 3 0x8000bc54 (0x3a3f2823) mem 0x8000d000 0x00000001
core   0: 0x8000bc58 (0x0000bfe5) c.j     pc - 8
core   0: 3 0x8000bc58 (0xbfe5)
core   0: 0x8000bc50 (0x00001f17) auipc   t5, 0x1
core   0: 3 0x8000bc50 (0x00001f17) x30 0x8000cc50
core   0: 0x8000bc54 (0x3a3f2823) sw      gp, 944(t5)
core   0: 3 0x8000bc54 (0x3a3f2823) mem 0x8000d000 0x00000001
core   0: 0x8000bc58 (0x0000bfe5) c.j     pc - 8
core   0: 3 0x8000bc58 (0xbfe5)
core   0: 0x8000bc50 (0x00001f17) auipc   t5, 0x1
core   0: 3 0x8000bc50 (0x00001f17) x30 0x8000cc50
core   0: 0x8000bc54 (0x3a3f2823) sw      gp, 944(t5)
core   0: 3 0x8000bc54 (0x3a3f2823) mem 0x8000d000 0x00000001
core   0: 0x8000bc58 (0x0000bfe5) c.j     pc - 8
core   0: 3 0x8000bc58 (0xbfe5)
core   0: 0x8000bc50 (0x00001f17) auipc   t5, 0x1
core   0: 3 0x8000bc50 (0x00001f17) x30 0x8000cc50
core   0: 0x8000bc54 (0x3a3f2823) sw      gp, 944(t5)
core   0: 3 0x8000bc54 (0x3a3f2823) mem 0x8000d000 0x00000001
core   0: 0x8000bc58 (0x0000bfe5) c.j     pc - 8
core   0: 3 0x8000bc58 (0xbfe5)
core   0: 0x8000bc50 (0x00001f17) auipc   t5, 0x1
core   0: 3 0x8000bc50 (0x00001f17) x30 0x8000cc50
core   0: 0x8000bc54 (0x3a3f2823) sw      gp, 944(t5)
core   0: 3 0x8000bc54 (0x3a3f2823) mem 0x8000d000 0x00000001
core   0: 0x8000bc58 (0x0000bfe5) c.j     pc - 8
core   0: 3 0x8000bc58 (0xbfe5)
core   0: 0x8000bc50 (0x00001f17) auipc   t5, 0x1
core   0: 3 0x8000bc50 (0x00001f17) x30 0x8000cc50
core   0: 0x8000bc54 (0x3a3f2823) sw      gp, 944(t5)
core   0: 3 0x8000bc54 (0x3a3f2823) mem 0x8000d000 0x00000001
core   0: 0x8000bc58 (0x0000bfe5) c.j     pc - 8
core   0: 3 0x8000bc58 (0xbfe5)
core   0: 0x8000bc50 (0x00001f17) auipc   t5, 0x1
core   0: 3 0x8000bc50 (0x00001f17) x30 0x8000cc50
core   0: 0x8000bc54 (0x3a3f2823) sw      gp, 944(t5)
core   0: 3 0x8000bc54 (0x3a3f2823) mem 0x8000d000 0x00000001
core   0: 0x8000bc58 (0x0000bfe5) c.j     pc - 8
core   0: 3 0x8000bc58 (0xbfe5)
core   0: 0x8000bc50 (0x00001f17) auipc   t5, 0x1
core   0: 3 0x8000bc50 (0x00001f17) x30 0x8000cc50
core   0: 0x8000bc54 (0x3a3f2823) sw      gp, 944(t5)
core   0: 3 0x8000bc54 (0x3a3f2823) mem 0x8000d000 0x00000001
core   0: 0x8000bc58 (0x0000bfe5) c.j     pc - 8
core   0: 3 0x8000bc58 (0xbfe5)
core   0: 0x8000bc50 (0x00001f17) auipc   t5, 0x1
core   0: 3 0x8000bc50 (0x00001f17) x30 0x8000cc50
core   0: 0x8000bc54 (0x3a3f2823) sw      gp, 944(t5)
core   0: 3 0x8000bc54 (0x3a3f2823) mem 0x8000d000 0x00000001
core   0: 0x8000bc58 (0x0000bfe5) c.j     pc - 8
core   0: 3 0x8000bc58 (0xbfe5)
core   0: 0x8000bc50 (0x00001f17) auipc   t5, 0x1
core   0: 3 0x8000bc50 (0x00001f17) x30 0x8000cc50
core   0: 0x8000bc54 (0x3a3f2823) sw      gp, 944(t5)
core   0: 3 0x8000bc54 (0x3a3f2823) mem 0x8000d000 0x00000001
core   0: 0x8000bc58 (0x0000bfe5) c.j     pc - 8
core   0: 3 0x8000bc58 (0xbfe5)
core   0: 0x8000bc50 (0x00001f17) auipc   t5, 0x1
core   0: 3 0x8000bc50 (0x00001f17) x30 0x8000cc50
core   0: 0x8000bc54 (0x3a3f2823) sw      gp, 944(t5)
core   0: 3 0x8000bc54 (0x3a3f2823) mem 0x8000d000 0x00000001
core   0: 0x8000bc58 (0x0000bfe5) c.j     pc - 8
core   0: 3 0x8000bc58 (0xbfe5)
core   0: 0x8000bc50 (0x00001f17) auipc   t5, 0x1
core   0: 3 0x8000bc50 (0x00001f17) x30 0x8000cc50
core   0: 0x8000bc54 (0x3a3f2823) sw      gp, 944(t5)
core   0: 3 0x8000bc54 (0x3a3f2823) mem 0x8000d000 0x00000001
core   0: 0x8000bc58 (0x0000bfe5) c.j     pc - 8
core   0: 3 0x8000bc58 (0xbfe5)
core   0: 0x8000bc50 (0x00001f17) auipc   t5, 0x1
core   0: 3 0x8000bc50 (0x00001f17) x30 0x8000cc50
core   0: 0x8000bc54 (0x3a3f2823) sw      gp, 944(t5)
core   0: 3 0x8000bc54 (0x3a3f2823) mem 0x8000d000 0x00000001
core   0: 0x8000bc58 (0x0000bfe5) c.j     pc - 8
core   0: 3 0x8000bc58 (0xbfe5)
core   0: 0x8000bc50 (0x00001f17) auipc   t5, 0x1
core   0: 3 0x8000bc50 (0x00001f17) x30 0x8000cc50
core   0: 0x8000bc54 (0x3a3f2823) sw      gp, 944(t5)
core   0: 3 0x8000bc54 (0x3a3f2823) mem 0x8000d000 0x00000001
core   0: 0x8000bc58 (0x0000bfe5) c.j     pc - 8
core   0: 3 0x8000bc58 (0xbfe5)
core   0: 0x8000bc50 (0x00001f17) auipc   t5, 0x1
core   0: 3 0x8000bc50 (0x00001f17) x30 0x8000cc50
core   0: 0x8000bc54 (0x3a3f2823) sw      gp, 944(t5)
core   0: 3 0x8000bc54 (0x3a3f2823) mem 0x8000d000 0x00000001
core   0: 0x8000bc58 (0x0000bfe5) c.j     pc - 8
core   0: 3 0x8000bc58 (0xbfe5)
core   0: 0x8000bc50 (0x00001f17) auipc   t5, 0x1
core   0: 3 0x8000bc50 (0x00001f17) x30 0x8000cc50
core   0: 0x8000bc54 (0x3a3f2823) sw      gp, 944(t5)
core   0: 3 0x8000bc54 (0x3a3f2823) mem 0x8000d000 0x00000001
core   0: 0x8000bc58 (0x0000bfe5) c.j     pc - 8
core   0: 3 0x8000bc58 (0xbfe5)
core   0: 0x8000bc50 (0x00001f17) auipc   t5, 0x1
core   0: 3 0x8000bc50 (0x00001f17) x30 0x8000cc50
core   0: 0x8000bc54 (0x3a3f2823) sw      gp, 944(t5)
core   0: 3 0x8000bc54 (0x3a3f2823) mem 0x8000d000 0x00000001
core   0: 0x8000bc58 (0x0000bfe5) c.j     pc - 8
core   0: 3 0x8000bc58 (0xbfe5)
core   0: 0x8000bc50 (0x00001f17) auipc   t5, 0x1
core   0: 3 0x8000bc50 (0x00001f17) x30 0x8000cc50
core   0: 0x8000bc54 (0x3a3f2823) sw      gp, 944(t5)
core   0: 3 0x8000bc54 (0x3a3f2823) mem 0x8000d000 0x00000001
core   0: 0x8000bc58 (0x0000bfe5) c.j     pc - 8
core   0: 3 0x8000bc58 (0xbfe5)
core   0: 0x8000bc50 (0x00001f17) auipc   t5, 0x1
core   0: 3 0x8000bc50 (0x00001f17) x30 0x8000cc50
core   0: 0x8000bc54 (0x3a3f2823) sw      gp, 944(t5)
core   0: 3 0x8000bc54 (0x3a3f2823) mem 0x8000d000 0x00000001
core   0: 0x8000bc58 (0x0000bfe5) c.j     pc - 8
core   0: 3 0x8000bc58 (0xbfe5)
core   0: 0x8000bc50 (0x00001f17) auipc   t5, 0x1
core   0: 3 0x8000bc50 (0x00001f17) x30 0x8000cc50
core   0: 0x8000bc54 (0x3a3f2823) sw      gp, 944(t5)
core   0: 3 0x8000bc54 (0x3a3f2823) mem 0x8000d000 0x00000001
core   0: 0x8000bc58 (0x0000bfe5) c.j     pc - 8
core   0: 3 0x8000bc58 (0xbfe5)
core   0: 0x8000bc50 (0x00001f17) auipc   t5, 0x1
core   0: 3 0x8000bc50 (0x00001f17) x30 0x8000cc50
core   0: 0x8000bc54 (0x3a3f2823) sw      gp, 944(t5)
core   0: 3 0x8000bc54 (0x3a3f2823) mem 0x8000d000 0x00000001
core   0: 0x8000bc58 (0x0000bfe5) c.j     pc - 8
core   0: 3 0x8000bc58 (0xbfe5)
core   0: 0x8000bc50 (0x00001f17) auipc   t5, 0x1
core   0: 3 0x8000bc50 (0x00001f17) x30 0x8000cc50
core   0: 0x8000bc54 (0x3a3f2823) sw      gp, 944(t5)
core   0: 3 0x8000bc54 (0x3a3f2823) mem 0x8000d000 0x00000001
core   0: 0x8000bc58 (0x0000bfe5) c.j     pc - 8
core   0: 3 0x8000bc58 (0xbfe5)
core   0: 0x8000bc50 (0x00001f17) auipc   t5, 0x1
core   0: 3 0x8000bc50 (0x00001f17) x30 0x8000cc50
core   0: 0x8000bc54 (0x3a3f2823) sw      gp, 944(t5)
core   0: 3 0x8000bc54 (0x3a3f2823) mem 0x8000d000 0x00000001
core   0: 0x8000bc58 (0x0000bfe5) c.j     pc - 8
core   0: 3 0x8000bc58 (0xbfe5)
core   0: 0x8000bc50 (0x00001f17) auipc   t5, 0x1
core   0: 3 0x8000bc50 (0x00001f17) x30 0x8000cc50
core   0: 0x8000bc54 (0x3a3f2823) sw      gp, 944(t5)
core   0: 3 0x8000bc54 (0x3a3f2823) mem 0x8000d000 0x00000001
core   0: 0x8000bc58 (0x0000bfe5) c.j     pc - 8
core   0: 3 0x8000bc58 (0xbfe5)
core   0: 0x8000bc50 (0x00001f17) auipc   t5, 0x1
core   0: 3 0x8000bc50 (0x00001f17) x30 0x8000cc50
core   0: 0x8000bc54 (0x3a3f2823) sw      gp, 944(t5)
core   0: 3 0x8000bc54 (0x3a3f2823) mem 0x8000d000 0x00000001
core   0: 0x8000bc58 (0x0000bfe5) c.j     pc - 8
core   0: 3 0x8000bc58 (0xbfe5)
core   0: 0x8000bc50 (0x00001f17) auipc   t5, 0x1
core   0: 3 0x8000bc50 (0x00001f17) x30 0x8000cc50
core   0: 0x8000bc54 (0x3a3f2823) sw      gp, 944(t5)
core   0: 3 0x8000bc54 (0x3a3f2823) mem 0x8000d000 0x00000001
core   0: 0x8000bc58 (0x0000bfe5) c.j     pc - 8
core   0: 3 0x8000bc58 (0xbfe5)
core   0: 0x8000bc50 (0x00001f17) auipc   t5, 0x1
core   0: 3 0x8000bc50 (0x00001f17) x30 0x8000cc50
core   0: 0x8000bc54 (0x3a3f2823) sw      gp, 944(t5)
core   0: 3 0x8000bc54 (0x3a3f2823) mem 0x8000d000 0x00000001
core   0: 0x8000bc58 (0x0000bfe5) c.j     pc - 8
core   0: 3 0x8000bc58 (0xbfe5)
core   0: 0x8000bc50 (0x00001f17) auipc   t5, 0x1
core   0: 3 0x8000bc50 (0x00001f17) x30 0x8000cc50
core   0: 0x8000bc54 (0x3a3f2823) sw      gp, 944(t5)
core   0: 3 0x8000bc54 (0x3a3f2823) mem 0x8000d000 0x00000001
core   0: 0x8000bc58 (0x0000bfe5) c.j     pc - 8
core   0: 3 0x8000bc58 (0xbfe5)
core   0: 0x8000bc50 (0x00001f17) auipc   t5, 0x1
core   0: 3 0x8000bc50 (0x00001f17) x30 0x8000cc50
core   0: 0x8000bc54 (0x3a3f2823) sw      gp, 944(t5)
core   0: 3 0x8000bc54 (0x3a3f2823) mem 0x8000d000 0x00000001
core   0: 0x8000bc58 (0x0000bfe5) c.j     pc - 8
core   0: 3 0x8000bc58 (0xbfe5)
core   0: 0x8000bc50 (0x00001f17) auipc   t5, 0x1
core   0: 3 0x8000bc50 (0x00001f17) x30 0x8000cc50
core   0: 0x8000bc54 (0x3a3f2823) sw      gp, 944(t5)
core   0: 3 0x8000bc54 (0x3a3f2823) mem 0x8000d000 0x00000001
core   0: 0x8000bc58 (0x0000bfe5) c.j     pc - 8
core   0: 3 0x8000bc58 (0xbfe5)
core   0: 0x8000bc50 (0x00001f17) auipc   t5, 0x1
core   0: 3 0x8000bc50 (0x00001f17) x30 0x8000cc50
core   0: 0x8000bc54 (0x3a3f2823) sw      gp, 944(t5)
core   0: 3 0x8000bc54 (0x3a3f2823) mem 0x8000d000 0x00000001
core   0: 0x8000bc58 (0x0000bfe5) c.j     pc - 8
core   0: 3 0x8000bc58 (0xbfe5)
core   0: 0x8000bc50 (0x00001f17) auipc   t5, 0x1
core   0: 3 0x8000bc50 (0x00001f17) x30 0x8000cc50
core   0: 0x8000bc54 (0x3a3f2823) sw      gp, 944(t5)
core   0: 3 0x8000bc54 (0x3a3f2823) mem 0x8000d000 0x00000001
core   0: 0x8000bc58 (0x0000bfe5) c.j     pc - 8
core   0: 3 0x8000bc58 (0xbfe5)
core   0: 0x8000bc50 (0x00001f17) auipc   t5, 0x1
core   0: 3 0x8000bc50 (0x00001f17) x30 0x8000cc50
core   0: 0x8000bc54 (0x3a3f2823) sw      gp, 944(t5)
core   0: 3 0x8000bc54 (0x3a3f2823) mem 0x8000d000 0x00000001
core   0: 0x8000bc58 (0x0000bfe5) c.j     pc - 8
core   0: 3 0x8000bc58 (0xbfe5)
core   0: 0x8000bc50 (0x00001f17) auipc   t5, 0x1
core   0: 3 0x8000bc50 (0x00001f17) x30 0x8000cc50
core   0: 0x8000bc54 (0x3a3f2823) sw      gp, 944(t5)
core   0: 3 0x8000bc54 (0x3a3f2823) mem 0x8000d000 0x00000001
core   0: 0x8000bc58 (0x0000bfe5) c.j     pc - 8
core   0: 3 0x8000bc58 (0xbfe5)
core   0: 0x8000bc50 (0x00001f17) auipc   t5, 0x1
core   0: 3 0x8000bc50 (0x00001f17) x30 0x8000cc50
core   0: 0x8000bc54 (0x3a3f2823) sw      gp, 944(t5)
core   0: 3 0x8000bc54 (0x3a3f2823) mem 0x8000d000 0x00000001
core   0: 0x8000bc58 (0x0000bfe5) c.j     pc - 8
core   0: 3 0x8000bc58 (0xbfe5)
core   0: 0x8000bc50 (0x00001f17) auipc   t5, 0x1
core   0: 3 0x8000bc50 (0x00001f17) x30 0x8000cc50
core   0: 0x8000bc54 (0x3a3f2823) sw      gp, 944(t5)
core   0: 3 0x8000bc54 (0x3a3f2823) mem 0x8000d000 0x00000001
core   0: 0x8000bc58 (0x0000bfe5) c.j     pc - 8
core   0: 3 0x8000bc58 (0xbfe5)
core   0: 0x8000bc50 (0x00001f17) auipc   t5, 0x1
core   0: 3 0x8000bc50 (0x00001f17) x30 0x8000cc50
core   0: 0x8000bc54 (0x3a3f2823) sw      gp, 944(t5)
core   0: 3 0x8000bc54 (0x3a3f2823) mem 0x8000d000 0x00000001
core   0: 0x8000bc58 (0x0000bfe5) c.j     pc - 8
core   0: 3 0x8000bc58 (0xbfe5)
core   0: 0x8000bc50 (0x00001f17) auipc   t5, 0x1
core   0: 3 0x8000bc50 (0x00001f17) x30 0x8000cc50
core   0: 0x8000bc54 (0x3a3f2823) sw      gp, 944(t5)
core   0: 3 0x8000bc54 (0x3a3f2823) mem 0x8000d000 0x00000001
core   0: 0x8000bc58 (0x0000bfe5) c.j     pc - 8
core   0: 3 0x8000bc58 (0xbfe5)
core   0: 0x8000bc50 (0x00001f17) auipc   t5, 0x1
core   0: 3 0x8000bc50 (0x00001f17) x30 0x8000cc50
core   0: 0x8000bc54 (0x3a3f2823) sw      gp, 944(t5)
core   0: 3 0x8000bc54 (0x3a3f2823) mem 0x8000d000 0x00000001
core   0: 0x8000bc58 (0x0000bfe5) c.j     pc - 8
core   0: 3 0x8000bc58 (0xbfe5)
core   0: 0x8000bc50 (0x00001f17) auipc   t5, 0x1
core   0: 3 0x8000bc50 (0x00001f17) x30 0x8000cc50
core   0: 0x8000bc54 (0x3a3f2823) sw      gp, 944(t5)
core   0: 3 0x8000bc54 (0x3a3f2823) mem 0x8000d000 0x00000001
core   0: 0x8000bc58 (0x0000bfe5) c.j     pc - 8
core   0: 3 0x8000bc58 (0xbfe5)
core   0: 0x8000bc50 (0x00001f17) auipc   t5, 0x1
core   0: 3 0x8000bc50 (0x00001f17) x30 0x8000cc50
core   0: 0x8000bc54 (0x3a3f2823) sw      gp, 944(t5)
core   0: 3 0x8000bc54 (0x3a3f2823) mem 0x8000d000 0x00000001
core   0: 0x8000bc58 (0x0000bfe5) c.j     pc - 8
core   0: 3 0x8000bc58 (0xbfe5)
core   0: 0x8000bc50 (0x00001f17) auipc   t5, 0x1
core   0: 3 0x8000bc50 (0x00001f17) x30 0x8000cc50
core   0: 0x8000bc54 (0x3a3f2823) sw      gp, 944(t5)
core   0: 3 0x8000bc54 (0x3a3f2823) mem 0x8000d000 0x00000001
core   0: 0x8000bc58 (0x0000bfe5) c.j     pc - 8
core   0: 3 0x8000bc58 (0xbfe5)
core   0: 0x8000bc50 (0x00001f17) auipc   t5, 0x1
core   0: 3 0x8000bc50 (0x00001f17) x30 0x8000cc50
core   0: 0x8000bc54 (0x3a3f2823) sw      gp, 944(t5)
core   0: 3 0x8000bc54 (0x3a3f2823) mem 0x8000d000 0x00000001
core   0: 0x8000bc58 (0x0000bfe5) c.j     pc - 8
core   0: 3 0x8000bc58 (0xbfe5)
core   0: 0x8000bc50 (0x00001f17) auipc   t5, 0x1
core   0: 3 0x8000bc50 (0x00001f17) x30 0x8000cc50
core   0: 0x8000bc54 (0x3a3f2823) sw      gp, 944(t5)
core   0: 3 0x8000bc54 (0x3a3f2823) mem 0x8000d000 0x00000001
core   0: 0x8000bc58 (0x0000bfe5) c.j     pc - 8
core   0: 3 0x8000bc58 (0xbfe5)
core   0: 0x8000bc50 (0x00001f17) auipc   t5, 0x1
core   0: 3 0x8000bc50 (0x00001f17) x30 0x8000cc50
core   0: 0x8000bc54 (0x3a3f2823) sw      gp, 944(t5)
core   0: 3 0x8000bc54 (0x3a3f2823) mem 0x8000d000 0x00000001
core   0: 0x8000bc58 (0x0000bfe5) c.j     pc - 8
core   0: 3 0x8000bc58 (0xbfe5)
core   0: 0x8000bc50 (0x00001f17) auipc   t5, 0x1
core   0: 3 0x8000bc50 (0x00001f17) x30 0x8000cc50
core   0: 0x8000bc54 (0x3a3f2823) sw      gp, 944(t5)
core   0: 3 0x8000bc54 (0x3a3f2823) mem 0x8000d000 0x00000001
core   0: 0x8000bc58 (0x0000bfe5) c.j     pc - 8
core   0: 3 0x8000bc58 (0xbfe5)
core   0: 0x8000bc50 (0x00001f17) auipc   t5, 0x1
core   0: 3 0x8000bc50 (0x00001f17) x30 0x8000cc50
core   0: 0x8000bc54 (0x3a3f2823) sw      gp, 944(t5)
core   0: 3 0x8000bc54 (0x3a3f2823) mem 0x8000d000 0x00000001
core   0: 0x8000bc58 (0x0000bfe5) c.j     pc - 8
core   0: 3 0x8000bc58 (0xbfe5)
core   0: 0x8000bc50 (0x00001f17) auipc   t5, 0x1
core   0: 3 0x8000bc50 (0x00001f17) x30 0x8000cc50
core   0: 0x8000bc54 (0x3a3f2823) sw      gp, 944(t5)
core   0: 3 0x8000bc54 (0x3a3f2823) mem 0x8000d000 0x00000001
core   0: 0x8000bc58 (0x0000bfe5) c.j     pc - 8
core   0: 3 0x8000bc58 (0xbfe5)
core   0: 0x8000bc50 (0x00001f17) auipc   t5, 0x1
core   0: 3 0x8000bc50 (0x00001f17) x30 0x8000cc50
core   0: 0x8000bc54 (0x3a3f2823) sw      gp, 944(t5)
core   0: 3 0x8000bc54 (0x3a3f2823) mem 0x8000d000 0x00000001
core   0: 0x8000bc58 (0x0000bfe5) c.j     pc - 8
core   0: 3 0x8000bc58 (0xbfe5)
core   0: 0x8000bc50 (0x00001f17) auipc   t5, 0x1
core   0: 3 0x8000bc50 (0x00001f17) x30 0x8000cc50
core   0: 0x8000bc54 (0x3a3f2823) sw      gp, 944(t5)
core   0: 3 0x8000bc54 (0x3a3f2823) mem 0x8000d000 0x00000001
core   0: 0x8000bc58 (0x0000bfe5) c.j     pc - 8
core   0: 3 0x8000bc58 (0xbfe5)
core   0: 0x8000bc50 (0x00001f17) auipc   t5, 0x1
core   0: 3 0x8000bc50 (0x00001f17) x30 0x8000cc50
core   0: 0x8000bc54 (0x3a3f2823) sw      gp, 944(t5)
core   0: 3 0x8000bc54 (0x3a3f2823) mem 0x8000d000 0x00000001
core   0: 0x8000bc58 (0x0000bfe5) c.j     pc - 8
core   0: 3 0x8000bc58 (0xbfe5)
core   0: 0x8000bc50 (0x00001f17) auipc   t5, 0x1
core   0: 3 0x8000bc50 (0x00001f17) x30 0x8000cc50
core   0: 0x8000bc54 (0x3a3f2823) sw      gp, 944(t5)
core   0: 3 0x8000bc54 (0x3a3f2823) mem 0x8000d000 0x00000001
core   0: 0x8000bc58 (0x0000bfe5) c.j     pc - 8
core   0: 3 0x8000bc58 (0xbfe5)
core   0: 0x8000bc50 (0x00001f17) auipc   t5, 0x1
core   0: 3 0x8000bc50 (0x00001f17) x30 0x8000cc50
core   0: 0x8000bc54 (0x3a3f2823) sw      gp, 944(t5)
core   0: 3 0x8000bc54 (0x3a3f2823) mem 0x8000d000 0x00000001
core   0: 0x8000bc58 (0x0000bfe5) c.j     pc - 8
core   0: 3 0x8000bc58 (0xbfe5)
core   0: 0x8000bc50 (0x00001f17) auipc   t5, 0x1
core   0: 3 0x8000bc50 (0x00001f17) x30 0x8000cc50
core   0: 0x8000bc54 (0x3a3f2823) sw      gp, 944(t5)
core   0: 3 0x8000bc54 (0x3a3f2823) mem 0x8000d000 0x00000001
core   0: 0x8000bc58 (0x0000bfe5) c.j     pc - 8
core   0: 3 0x8000bc58 (0xbfe5)
core   0: 0x8000bc50 (0x00001f17) auipc   t5, 0x1
core   0: 3 0x8000bc50 (0x00001f17) x30 0x8000cc50
core   0: 0x8000bc54 (0x3a3f2823) sw      gp, 944(t5)
core   0: 3 0x8000bc54 (0x3a3f2823) mem 0x8000d000 0x00000001
core   0: 0x8000bc58 (0x0000bfe5) c.j     pc - 8
core   0: 3 0x8000bc58 (0xbfe5)
core   0: 0x8000bc50 (0x00001f17) auipc   t5, 0x1
core   0: 3 0x8000bc50 (0x00001f17) x30 0x8000cc50
core   0: 0x8000bc54 (0x3a3f2823) sw      gp, 944(t5)
core   0: 3 0x8000bc54 (0x3a3f2823) mem 0x8000d000 0x00000001
core   0: 0x8000bc58 (0x0000bfe5) c.j     pc - 8
core   0: 3 0x8000bc58 (0xbfe5)
core   0: 0x8000bc50 (0x00001f17) auipc   t5, 0x1
core   0: 3 0x8000bc50 (0x00001f17) x30 0x8000cc50
core   0: 0x8000bc54 (0x3a3f2823) sw      gp, 944(t5)
core   0: 3 0x8000bc54 (0x3a3f2823) mem 0x8000d000 0x00000001
core   0: 0x8000bc58 (0x0000bfe5) c.j     pc - 8
core   0: 3 0x8000bc58 (0xbfe5)
core   0: 0x8000bc50 (0x00001f17) auipc   t5, 0x1
core   0: 3 0x8000bc50 (0x00001f17) x30 0x8000cc50
core   0: 0x8000bc54 (0x3a3f2823) sw      gp, 944(t5)
core   0: 3 0x8000bc54 (0x3a3f2823) mem 0x8000d000 0x00000001
core   0: 0x8000bc58 (0x0000bfe5) c.j     pc - 8
core   0: 3 0x8000bc58 (0xbfe5)
core   0: 0x8000bc50 (0x00001f17) auipc   t5, 0x1
core   0: 3 0x8000bc50 (0x00001f17) x30 0x8000cc50
core   0: 0x8000bc54 (0x3a3f2823) sw      gp, 944(t5)
core   0: 3 0x8000bc54 (0x3a3f2823) mem 0x8000d000 0x00000001
core   0: 0x8000bc58 (0x0000bfe5) c.j     pc - 8
core   0: 3 0x8000bc58 (0xbfe5)
core   0: 0x8000bc50 (0x00001f17) auipc   t5, 0x1
core   0: 3 0x8000bc50 (0x00001f17) x30 0x8000cc50
core   0: 0x8000bc54 (0x3a3f2823) sw      gp, 944(t5)
core   0: 3 0x8000bc54 (0x3a3f2823) mem 0x8000d000 0x00000001
core   0: 0x8000bc58 (0x0000bfe5) c.j     pc - 8
core   0: 3 0x8000bc58 (0xbfe5)
core   0: 0x8000bc50 (0x00001f17) auipc   t5, 0x1
core   0: 3 0x8000bc50 (0x00001f17) x30 0x8000cc50
core   0: 0x8000bc54 (0x3a3f2823) sw      gp, 944(t5)
core   0: 3 0x8000bc54 (0x3a3f2823) mem 0x8000d000 0x00000001
core   0: 0x8000bc58 (0x0000bfe5) c.j     pc - 8
core   0: 3 0x8000bc58 (0xbfe5)
core   0: 0x8000bc50 (0x00001f17) auipc   t5, 0x1
core   0: 3 0x8000bc50 (0x00001f17) x30 0x8000cc50
core   0: 0x8000bc54 (0x3a3f2823) sw      gp, 944(t5)
core   0: 3 0x8000bc54 (0x3a3f2823) mem 0x8000d000 0x00000001
core   0: 0x8000bc58 (0x0000bfe5) c.j     pc - 8
core   0: 3 0x8000bc58 (0xbfe5)
core   0: 0x8000bc50 (0x00001f17) auipc   t5, 0x1
core   0: 3 0x8000bc50 (0x00001f17) x30 0x8000cc50
core   0: 0x8000bc54 (0x3a3f2823) sw      gp, 944(t5)
core   0: 3 0x8000bc54 (0x3a3f2823) mem 0x8000d000 0x00000001
core   0: 0x8000bc58 (0x0000bfe5) c.j     pc - 8
core   0: 3 0x8000bc58 (0xbfe5)
core   0: 0x8000bc50 (0x00001f17) auipc   t5, 0x1
core   0: 3 0x8000bc50 (0x00001f17) x30 0x8000cc50
core   0: 0x8000bc54 (0x3a3f2823) sw      gp, 944(t5)
core   0: 3 0x8000bc54 (0x3a3f2823) mem 0x8000d000 0x00000001
core   0: 0x8000bc58 (0x0000bfe5) c.j     pc - 8
core   0: 3 0x8000bc58 (0xbfe5)
core   0: 0x8000bc50 (0x00001f17) auipc   t5, 0x1
core   0: 3 0x8000bc50 (0x00001f17) x30 0x8000cc50
core   0: 0x8000bc54 (0x3a3f2823) sw      gp, 944(t5)
core   0: 3 0x8000bc54 (0x3a3f2823) mem 0x8000d000 0x00000001
core   0: 0x8000bc58 (0x0000bfe5) c.j     pc - 8
core   0: 3 0x8000bc58 (0xbfe5)
core   0: 0x8000bc50 (0x00001f17) auipc   t5, 0x1
core   0: 3 0x8000bc50 (0x00001f17) x30 0x8000cc50
core   0: 0x8000bc54 (0x3a3f2823) sw      gp, 944(t5)
core   0: 3 0x8000bc54 (0x3a3f2823) mem 0x8000d000 0x00000001
core   0: 0x8000bc58 (0x0000bfe5) c.j     pc - 8
core   0: 3 0x8000bc58 (0xbfe5)
core   0: 0x8000bc50 (0x00001f17) auipc   t5, 0x1
core   0: 3 0x8000bc50 (0x00001f17) x30 0x8000cc50
core   0: 0x8000bc54 (0x3a3f2823) sw      gp, 944(t5)
core   0: 3 0x8000bc54 (0x3a3f2823) mem 0x8000d000 0x00000001
core   0: 0x8000bc58 (0x0000bfe5) c.j     pc - 8
core   0: 3 0x8000bc58 (0xbfe5)
core   0: 0x8000bc50 (0x00001f17) auipc   t5, 0x1
core   0: 3 0x8000bc50 (0x00001f17) x30 0x8000cc50
core   0: 0x8000bc54 (0x3a3f2823) sw      gp, 944(t5)
core   0: 3 0x8000bc54 (0x3a3f2823) mem 0x8000d000 0x00000001
core   0: 0x8000bc58 (0x0000bfe5) c.j     pc - 8
core   0: 3 0x8000bc58 (0xbfe5)
core   0: 0x8000bc50 (0x00001f17) auipc   t5, 0x1
core   0: 3 0x8000bc50 (0x00001f17) x30 0x8000cc50
core   0: 0x8000bc54 (0x3a3f2823) sw      gp, 944(t5)
core   0: 3 0x8000bc54 (0x3a3f2823) mem 0x8000d000 0x00000001
core   0: 0x8000bc58 (0x0000bfe5) c.j     pc - 8
core   0: 3 0x8000bc58 (0xbfe5)
core   0: 0x8000bc50 (0x00001f17) auipc   t5, 0x1
core   0: 3 0x8000bc50 (0x00001f17) x30 0x8000cc50
core   0: 0x8000bc54 (0x3a3f2823) sw      gp, 944(t5)
core   0: 3 0x8000bc54 (0x3a3f2823) mem 0x8000d000 0x00000001
core   0: 0x8000bc58 (0x0000bfe5) c.j     pc - 8
core   0: 3 0x8000bc58 (0xbfe5)
core   0: 0x8000bc50 (0x00001f17) auipc   t5, 0x1
core   0: 3 0x8000bc50 (0x00001f17) x30 0x8000cc50
core   0: 0x8000bc54 (0x3a3f2823) sw      gp, 944(t5)
core   0: 3 0x8000bc54 (0x3a3f2823) mem 0x8000d000 0x00000001
core   0: 0x8000bc58 (0x0000bfe5) c.j     pc - 8
core   0: 3 0x8000bc58 (0xbfe5)
core   0: 0x8000bc50 (0x00001f17) auipc   t5, 0x1
core   0: 3 0x8000bc50 (0x00001f17) x30 0x8000cc50
core   0: 0x8000bc54 (0x3a3f2823) sw      gp, 944(t5)
core   0: 3 0x8000bc54 (0x3a3f2823) mem 0x8000d000 0x00000001
core   0: 0x8000bc58 (0x0000bfe5) c.j     pc - 8
core   0: 3 0x8000bc58 (0xbfe5)
core   0: 0x8000bc50 (0x00001f17) auipc   t5, 0x1
core   0: 3 0x8000bc50 (0x00001f17) x30 0x8000cc50
core   0: 0x8000bc54 (0x3a3f2823) sw      gp, 944(t5)
core   0: 3 0x8000bc54 (0x3a3f2823) mem 0x8000d000 0x00000001
core   0: 0x8000bc58 (0x0000bfe5) c.j     pc - 8
core   0: 3 0x8000bc58 (0xbfe5)
core   0: 0x8000bc50 (0x00001f17) auipc   t5, 0x1
core   0: 3 0x8000bc50 (0x00001f17) x30 0x8000cc50
core   0: 0x8000bc54 (0x3a3f2823) sw      gp, 944(t5)
core   0: 3 0x8000bc54 (0x3a3f2823) mem 0x8000d000 0x00000001
core   0: 0x8000bc58 (0x0000bfe5) c.j     pc - 8
core   0: 3 0x8000bc58 (0xbfe5)
core   0: 0x8000bc50 (0x00001f17) auipc   t5, 0x1
core   0: 3 0x8000bc50 (0x00001f17) x30 0x8000cc50
core   0: 0x8000bc54 (0x3a3f2823) sw      gp, 944(t5)
core   0: 3 0x8000bc54 (0x3a3f2823) mem 0x8000d000 0x00000001
core   0: 0x8000bc58 (0x0000bfe5) c.j     pc - 8
core   0: 3 0x8000bc58 (0xbfe5)
core   0: 0x8000bc50 (0x00001f17) auipc   t5, 0x1
core   0: 3 0x8000bc50 (0x00001f17) x30 0x8000cc50
core   0: 0x8000bc54 (0x3a3f2823) sw      gp, 944(t5)
core   0: 3 0x8000bc54 (0x3a3f2823) mem 0x8000d000 0x00000001
core   0: 0x8000bc58 (0x0000bfe5) c.j     pc - 8
core   0: 3 0x8000bc58 (0xbfe5)
core   0: 0x8000bc50 (0x00001f17) auipc   t5, 0x1
core   0: 3 0x8000bc50 (0x00001f17) x30 0x8000cc50
core   0: 0x8000bc54 (0x3a3f2823) sw      gp, 944(t5)
core   0: 3 0x8000bc54 (0x3a3f2823) mem 0x8000d000 0x00000001
core   0: 0x8000bc58 (0x0000bfe5) c.j     pc - 8
core   0: 3 0x8000bc58 (0xbfe5)
core   0: 0x8000bc50 (0x00001f17) auipc   t5, 0x1
core   0: 3 0x8000bc50 (0x00001f17) x30 0x8000cc50
core   0: 0x8000bc54 (0x3a3f2823) sw      gp, 944(t5)
core   0: 3 0x8000bc54 (0x3a3f2823) mem 0x8000d000 0x00000001
core   0: 0x8000bc58 (0x0000bfe5) c.j     pc - 8
core   0: 3 0x8000bc58 (0xbfe5)
core   0: 0x8000bc50 (0x00001f17) auipc   t5, 0x1
core   0: 3 0x8000bc50 (0x00001f17) x30 0x8000cc50
core   0: 0x8000bc54 (0x3a3f2823) sw      gp, 944(t5)
core   0: 3 0x8000bc54 (0x3a3f2823) mem 0x8000d000 0x00000001
core   0: 0x8000bc58 (0x0000bfe5) c.j     pc - 8
core   0: 3 0x8000bc58 (0xbfe5)
core   0: 0x8000bc50 (0x00001f17) auipc   t5, 0x1
core   0: 3 0x8000bc50 (0x00001f17) x30 0x8000cc50
core   0: 0x8000bc54 (0x3a3f2823) sw      gp, 944(t5)
core   0: 3 0x8000bc54 (0x3a3f2823) mem 0x8000d000 0x00000001
core   0: 0x8000bc58 (0x0000bfe5) c.j     pc - 8
core   0: 3 0x8000bc58 (0xbfe5)
core   0: 0x8000bc50 (0x00001f17) auipc   t5, 0x1
core   0: 3 0x8000bc50 (0x00001f17) x30 0x8000cc50
core   0: 0x8000bc54 (0x3a3f2823) sw      gp, 944(t5)
core   0: 3 0x8000bc54 (0x3a3f2823) mem 0x8000d000 0x00000001
core   0: 0x8000bc58 (0x0000bfe5) c.j     pc - 8
core   0: 3 0x8000bc58 (0xbfe5)
core   0: 0x8000bc50 (0x00001f17) auipc   t5, 0x1
core   0: 3 0x8000bc50 (0x00001f17) x30 0x8000cc50
core   0: 0x8000bc54 (0x3a3f2823) sw      gp, 944(t5)
core   0: 3 0x8000bc54 (0x3a3f2823) mem 0x8000d000 0x00000001
core   0: 0x8000bc58 (0x0000bfe5) c.j     pc - 8
core   0: 3 0x8000bc58 (0xbfe5)
core   0: 0x8000bc50 (0x00001f17) auipc   t5, 0x1
core   0: 3 0x8000bc50 (0x00001f17) x30 0x8000cc50
core   0: 0x8000bc54 (0x3a3f2823) sw      gp, 944(t5)
core   0: 3 0x8000bc54 (0x3a3f2823) mem 0x8000d000 0x00000001
core   0: 0x8000bc58 (0x0000bfe5) c.j     pc - 8
core   0: 3 0x8000bc58 (0xbfe5)
core   0: 0x8000bc50 (0x00001f17) auipc   t5, 0x1
core   0: 3 0x8000bc50 (0x00001f17) x30 0x8000cc50
core   0: 0x8000bc54 (0x3a3f2823) sw      gp, 944(t5)
core   0: 3 0x8000bc54 (0x3a3f2823) mem 0x8000d000 0x00000001
core   0: 0x8000bc58 (0x0000bfe5) c.j     pc - 8
core   0: 3 0x8000bc58 (0xbfe5)
core   0: 0x8000bc50 (0x00001f17) auipc   t5, 0x1
core   0: 3 0x8000bc50 (0x00001f17) x30 0x8000cc50
core   0: 0x8000bc54 (0x3a3f2823) sw      gp, 944(t5)
core   0: 3 0x8000bc54 (0x3a3f2823) mem 0x8000d000 0x00000001
core   0: 0x8000bc58 (0x0000bfe5) c.j     pc - 8
core   0: 3 0x8000bc58 (0xbfe5)
core   0: 0x8000bc50 (0x00001f17) auipc   t5, 0x1
core   0: 3 0x8000bc50 (0x00001f17) x30 0x8000cc50
core   0: 0x8000bc54 (0x3a3f2823) sw      gp, 944(t5)
core   0: 3 0x8000bc54 (0x3a3f2823) mem 0x8000d000 0x00000001
core   0: 0x8000bc58 (0x0000bfe5) c.j     pc - 8
core   0: 3 0x8000bc58 (0xbfe5)
core   0: 0x8000bc50 (0x00001f17) auipc   t5, 0x1
core   0: 3 0x8000bc50 (0x00001f17) x30 0x8000cc50
core   0: 0x8000bc54 (0x3a3f2823) sw      gp, 944(t5)
core   0: 3 0x8000bc54 (0x3a3f2823) mem 0x8000d000 0x00000001
core   0: 0x8000bc58 (0x0000bfe5) c.j     pc - 8
core   0: 3 0x8000bc58 (0xbfe5)
core   0: 0x8000bc50 (0x00001f17) auipc   t5, 0x1
core   0: 3 0x8000bc50 (0x00001f17) x30 0x8000cc50
core   0: 0x8000bc54 (0x3a3f2823) sw      gp, 944(t5)
core   0: 3 0x8000bc54 (0x3a3f2823) mem 0x8000d000 0x00000001
core   0: 0x8000bc58 (0x0000bfe5) c.j     pc - 8
core   0: 3 0x8000bc58 (0xbfe5)
core   0: 0x8000bc50 (0x00001f17) auipc   t5, 0x1
core   0: 3 0x8000bc50 (0x00001f17) x30 0x8000cc50
core   0: 0x8000bc54 (0x3a3f2823) sw      gp, 944(t5)
core   0: 3 0x8000bc54 (0x3a3f2823) mem 0x8000d000 0x00000001
core   0: 0x8000bc58 (0x0000bfe5) c.j     pc - 8
core   0: 3 0x8000bc58 (0xbfe5)
core   0: 0x8000bc50 (0x00001f17) auipc   t5, 0x1
core   0: 3 0x8000bc50 (0x00001f17) x30 0x8000cc50
core   0: 0x8000bc54 (0x3a3f2823) sw      gp, 944(t5)
core   0: 3 0x8000bc54 (0x3a3f2823) mem 0x8000d000 0x00000001
core   0: 0x8000bc58 (0x0000bfe5) c.j     pc - 8
core   0: 3 0x8000bc58 (0xbfe5)
core   0: 0x8000bc50 (0x00001f17) auipc   t5, 0x1
core   0: 3 0x8000bc50 (0x00001f17) x30 0x8000cc50
core   0: 0x8000bc54 (0x3a3f2823) sw      gp, 944(t5)
core   0: 3 0x8000bc54 (0x3a3f2823) mem 0x8000d000 0x00000001
core   0: 0x8000bc58 (0x0000bfe5) c.j     pc - 8
core   0: 3 0x8000bc58 (0xbfe5)
core   0: 0x8000bc50 (0x00001f17) auipc   t5, 0x1
core   0: 3 0x8000bc50 (0x00001f17) x30 0x8000cc50
core   0: 0x8000bc54 (0x3a3f2823) sw      gp, 944(t5)
core   0: 3 0x8000bc54 (0x3a3f2823) mem 0x8000d000 0x00000001
core   0: 0x8000bc58 (0x0000bfe5) c.j     pc - 8
core   0: 3 0x8000bc58 (0xbfe5)
core   0: 0x8000bc50 (0x00001f17) auipc   t5, 0x1
core   0: 3 0x8000bc50 (0x00001f17) x30 0x8000cc50
core   0: 0x8000bc54 (0x3a3f2823) sw      gp, 944(t5)
core   0: 3 0x8000bc54 (0x3a3f2823) mem 0x8000d000 0x00000001
core   0: 0x8000bc58 (0x0000bfe5) c.j     pc - 8
core   0: 3 0x8000bc58 (0xbfe5)
core   0: 0x8000bc50 (0x00001f17) auipc   t5, 0x1
core   0: 3 0x8000bc50 (0x00001f17) x30 0x8000cc50
core   0: 0x8000bc54 (0x3a3f2823) sw      gp, 944(t5)
core   0: 3 0x8000bc54 (0x3a3f2823) mem 0x8000d000 0x00000001
core   0: 0x8000bc58 (0x0000bfe5) c.j     pc - 8
core   0: 3 0x8000bc58 (0xbfe5)
core   0: 0x8000bc50 (0x00001f17) auipc   t5, 0x1
core   0: 3 0x8000bc50 (0x00001f17) x30 0x8000cc50
core   0: 0x8000bc54 (0x3a3f2823) sw      gp, 944(t5)
core   0: 3 0x8000bc54 (0x3a3f2823) mem 0x8000d000 0x00000001
core   0: 0x8000bc58 (0x0000bfe5) c.j     pc - 8
core   0: 3 0x8000bc58 (0xbfe5)
core   0: 0x8000bc50 (0x00001f17) auipc   t5, 0x1
core   0: 3 0x8000bc50 (0x00001f17) x30 0x8000cc50
core   0: 0x8000bc54 (0x3a3f2823) sw      gp, 944(t5)
core   0: 3 0x8000bc54 (0x3a3f2823) mem 0x8000d000 0x00000001
core   0: 0x8000bc58 (0x0000bfe5) c.j     pc - 8
core   0: 3 0x8000bc58 (0xbfe5)
core   0: 0x8000bc50 (0x00001f17) auipc   t5, 0x1
core   0: 3 0x8000bc50 (0x00001f17) x30 0x8000cc50
core   0: 0x8000bc54 (0x3a3f2823) sw      gp, 944(t5)
core   0: 3 0x8000bc54 (0x3a3f2823) mem 0x8000d000 0x00000001
core   0: 0x8000bc58 (0x0000bfe5) c.j     pc - 8
core   0: 3 0x8000bc58 (0xbfe5)
core   0: 0x8000bc50 (0x00001f17) auipc   t5, 0x1
core   0: 3 0x8000bc50 (0x00001f17) x30 0x8000cc50
core   0: 0x8000bc54 (0x3a3f2823) sw      gp, 944(t5)
core   0: 3 0x8000bc54 (0x3a3f2823) mem 0x8000d000 0x00000001
core   0: 0x8000bc58 (0x0000bfe5) c.j     pc - 8
core   0: 3 0x8000bc58 (0xbfe5)
core   0: 0x8000bc50 (0x00001f17) auipc   t5, 0x1
core   0: 3 0x8000bc50 (0x00001f17) x30 0x8000cc50
core   0: 0x8000bc54 (0x3a3f2823) sw      gp, 944(t5)
core   0: 3 0x8000bc54 (0x3a3f2823) mem 0x8000d000 0x00000001
core   0: 0x8000bc58 (0x0000bfe5) c.j     pc - 8
core   0: 3 0x8000bc58 (0xbfe5)
core   0: 0x8000bc50 (0x00001f17) auipc   t5, 0x1
core   0: 3 0x8000bc50 (0x00001f17) x30 0x8000cc50
core   0: 0x8000bc54 (0x3a3f2823) sw      gp, 944(t5)
core   0: 3 0x8000bc54 (0x3a3f2823) mem 0x8000d000 0x00000001
core   0: 0x8000bc58 (0x0000bfe5) c.j     pc - 8
core   0: 3 0x8000bc58 (0xbfe5)
core   0: 0x8000bc50 (0x00001f17) auipc   t5, 0x1
core   0: 3 0x8000bc50 (0x00001f17) x30 0x8000cc50
core   0: 0x8000bc54 (0x3a3f2823) sw      gp, 944(t5)
core   0: 3 0x8000bc54 (0x3a3f2823) mem 0x8000d000 0x00000001
core   0: 0x8000bc58 (0x0000bfe5) c.j     pc - 8
core   0: 3 0x8000bc58 (0xbfe5)
core   0: 0x8000bc50 (0x00001f17) auipc   t5, 0x1
core   0: 3 0x8000bc50 (0x00001f17) x30 0x8000cc50
core   0: 0x8000bc54 (0x3a3f2823) sw      gp, 944(t5)
core   0: 3 0x8000bc54 (0x3a3f2823) mem 0x8000d000 0x00000001
core   0: 0x8000bc58 (0x0000bfe5) c.j     pc - 8
core   0: 3 0x8000bc58 (0xbfe5)
core   0: 0x8000bc50 (0x00001f17) auipc   t5, 0x1
core   0: 3 0x8000bc50 (0x00001f17) x30 0x8000cc50
core   0: 0x8000bc54 (0x3a3f2823) sw      gp, 944(t5)
core   0: 3 0x8000bc54 (0x3a3f2823) mem 0x8000d000 0x00000001
core   0: 0x8000bc58 (0x0000bfe5) c.j     pc - 8
core   0: 3 0x8000bc58 (0xbfe5)
core   0: 0x8000bc50 (0x00001f17) auipc   t5, 0x1
core   0: 3 0x8000bc50 (0x00001f17) x30 0x8000cc50
core   0: 0x8000bc54 (0x3a3f2823) sw      gp, 944(t5)
core   0: 3 0x8000bc54 (0x3a3f2823) mem 0x8000d000 0x00000001
core   0: 0x8000bc58 (0x0000bfe5) c.j     pc - 8
core   0: 3 0x8000bc58 (0xbfe5)
core   0: 0x8000bc50 (0x00001f17) auipc   t5, 0x1
core   0: 3 0x8000bc50 (0x00001f17) x30 0x8000cc50
core   0: 0x8000bc54 (0x3a3f2823) sw      gp, 944(t5)
core   0: 3 0x8000bc54 (0x3a3f2823) mem 0x8000d000 0x00000001
core   0: 0x8000bc58 (0x0000bfe5) c.j     pc - 8
core   0: 3 0x8000bc58 (0xbfe5)
core   0: 0x8000bc50 (0x00001f17) auipc   t5, 0x1
core   0: 3 0x8000bc50 (0x00001f17) x30 0x8000cc50
core   0: 0x8000bc54 (0x3a3f2823) sw      gp, 944(t5)
core   0: 3 0x8000bc54 (0x3a3f2823) mem 0x8000d000 0x00000001
core   0: 0x8000bc58 (0x0000bfe5) c.j     pc - 8
core   0: 3 0x8000bc58 (0xbfe5)
core   0: 0x8000bc50 (0x00001f17) auipc   t5, 0x1
core   0: 3 0x8000bc50 (0x00001f17) x30 0x8000cc50
core   0: 0x8000bc54 (0x3a3f2823) sw      gp, 944(t5)
core   0: 3 0x8000bc54 (0x3a3f2823) mem 0x8000d000 0x00000001
core   0: 0x8000bc58 (0x0000bfe5) c.j     pc - 8
core   0: 3 0x8000bc58 (0xbfe5)
core   0: 0x8000bc50 (0x00001f17) auipc   t5, 0x1
core   0: 3 0x8000bc50 (0x00001f17) x30 0x8000cc50
core   0: 0x8000bc54 (0x3a3f2823) sw      gp, 944(t5)
core   0: 3 0x8000bc54 (0x3a3f2823) mem 0x8000d000 0x00000001
core   0: 0x8000bc58 (0x0000bfe5) c.j     pc - 8
core   0: 3 0x8000bc58 (0xbfe5)
core   0: 0x8000bc50 (0x00001f17) auipc   t5, 0x1
core   0: 3 0x8000bc50 (0x00001f17) x30 0x8000cc50
core   0: 0x8000bc54 (0x3a3f2823) sw      gp, 944(t5)
core   0: 3 0x8000bc54 (0x3a3f2823) mem 0x8000d000 0x00000001
core   0: 0x8000bc58 (0x0000bfe5) c.j     pc - 8
core   0: 3 0x8000bc58 (0xbfe5)
core   0: 0x8000bc50 (0x00001f17) auipc   t5, 0x1
core   0: 3 0x8000bc50 (0x00001f17) x30 0x8000cc50
core   0: 0x8000bc54 (0x3a3f2823) sw      gp, 944(t5)
core   0: 3 0x8000bc54 (0x3a3f2823) mem 0x8000d000 0x00000001
core   0: 0x8000bc58 (0x0000bfe5) c.j     pc - 8
core   0: 3 0x8000bc58 (0xbfe5)
core   0: 0x8000bc50 (0x00001f17) auipc   t5, 0x1
core   0: 3 0x8000bc50 (0x00001f17) x30 0x8000cc50
core   0: 0x8000bc54 (0x3a3f2823) sw      gp, 944(t5)
core   0: 3 0x8000bc54 (0x3a3f2823) mem 0x8000d000 0x00000001
core   0: 0x8000bc58 (0x0000bfe5) c.j     pc - 8
core   0: 3 0x8000bc58 (0xbfe5)
core   0: 0x8000bc50 (0x00001f17) auipc   t5, 0x1
core   0: 3 0x8000bc50 (0x00001f17) x30 0x8000cc50
core   0: 0x8000bc54 (0x3a3f2823) sw      gp, 944(t5)
core   0: 3 0x8000bc54 (0x3a3f2823) mem 0x8000d000 0x00000001
core   0: 0x8000bc58 (0x0000bfe5) c.j     pc - 8
core   0: 3 0x8000bc58 (0xbfe5)
core   0: 0x8000bc50 (0x00001f17) auipc   t5, 0x1
core   0: 3 0x8000bc50 (0x00001f17) x30 0x8000cc50
core   0: 0x8000bc54 (0x3a3f2823) sw      gp, 944(t5)
core   0: 3 0x8000bc54 (0x3a3f2823) mem 0x8000d000 0x00000001
core   0: 0x8000bc58 (0x0000bfe5) c.j     pc - 8
core   0: 3 0x8000bc58 (0xbfe5)
core   0: 0x8000bc50 (0x00001f17) auipc   t5, 0x1
core   0: 3 0x8000bc50 (0x00001f17) x30 0x8000cc50
core   0: 0x8000bc54 (0x3a3f2823) sw      gp, 944(t5)
core   0: 3 0x8000bc54 (0x3a3f2823) mem 0x8000d000 0x00000001
core   0: 0x8000bc58 (0x0000bfe5) c.j     pc - 8
core   0: 3 0x8000bc58 (0xbfe5)
core   0: 0x8000bc50 (0x00001f17) auipc   t5, 0x1
core   0: 3 0x8000bc50 (0x00001f17) x30 0x8000cc50
core   0: 0x8000bc54 (0x3a3f2823) sw      gp, 944(t5)
core   0: 3 0x8000bc54 (0x3a3f2823) mem 0x8000d000 0x00000001
core   0: 0x8000bc58 (0x0000bfe5) c.j     pc - 8
core   0: 3 0x8000bc58 (0xbfe5)
core   0: 0x8000bc50 (0x00001f17) auipc   t5, 0x1
core   0: 3 0x8000bc50 (0x00001f17) x30 0x8000cc50
core   0: 0x8000bc54 (0x3a3f2823) sw      gp, 944(t5)
core   0: 3 0x8000bc54 (0x3a3f2823) mem 0x8000d000 0x00000001
core   0: 0x8000bc58 (0x0000bfe5) c.j     pc - 8
core   0: 3 0x8000bc58 (0xbfe5)
core   0: 0x8000bc50 (0x00001f17) auipc   t5, 0x1
core   0: 3 0x8000bc50 (0x00001f17) x30 0x8000cc50
core   0: 0x8000bc54 (0x3a3f2823) sw      gp, 944(t5)
core   0: 3 0x8000bc54 (0x3a3f2823) mem 0x8000d000 0x00000001
core   0: 0x8000bc58 (0x0000bfe5) c.j     pc - 8
core   0: 3 0x8000bc58 (0xbfe5)
core   0: 0x8000bc50 (0x00001f17) auipc   t5, 0x1
core   0: 3 0x8000bc50 (0x00001f17) x30 0x8000cc50
core   0: 0x8000bc54 (0x3a3f2823) sw      gp, 944(t5)
core   0: 3 0x8000bc54 (0x3a3f2823) mem 0x8000d000 0x00000001
core   0: 0x8000bc58 (0x0000bfe5) c.j     pc - 8
core   0: 3 0x8000bc58 (0xbfe5)
core   0: 0x8000bc50 (0x00001f17) auipc   t5, 0x1
core   0: 3 0x8000bc50 (0x00001f17) x30 0x8000cc50
core   0: 0x8000bc54 (0x3a3f2823) sw      gp, 944(t5)
core   0: 3 0x8000bc54 (0x3a3f2823) mem 0x8000d000 0x00000001
core   0: 0x8000bc58 (0x0000bfe5) c.j     pc - 8
core   0: 3 0x8000bc58 (0xbfe5)
core   0: 0x8000bc50 (0x00001f17) auipc   t5, 0x1
core   0: 3 0x8000bc50 (0x00001f17) x30 0x8000cc50
core   0: 0x8000bc54 (0x3a3f2823) sw      gp, 944(t5)
core   0: 3 0x8000bc54 (0x3a3f2823) mem 0x8000d000 0x00000001
core   0: 0x8000bc58 (0x0000bfe5) c.j     pc - 8
core   0: 3 0x8000bc58 (0xbfe5)
core   0: 0x8000bc50 (0x00001f17) auipc   t5, 0x1
core   0: 3 0x8000bc50 (0x00001f17) x30 0x8000cc50
core   0: 0x8000bc54 (0x3a3f2823) sw      gp, 944(t5)
core   0: 3 0x8000bc54 (0x3a3f2823) mem 0x8000d000 0x00000001
core   0: 0x8000bc58 (0x0000bfe5) c.j     pc - 8
core   0: 3 0x8000bc58 (0xbfe5)
core   0: 0x8000bc50 (0x00001f17) auipc   t5, 0x1
core   0: 3 0x8000bc50 (0x00001f17) x30 0x8000cc50
core   0: 0x8000bc54 (0x3a3f2823) sw      gp, 944(t5)
core   0: 3 0x8000bc54 (0x3a3f2823) mem 0x8000d000 0x00000001
core   0: 0x8000bc58 (0x0000bfe5) c.j     pc - 8
core   0: 3 0x8000bc58 (0xbfe5)
core   0: 0x8000bc50 (0x00001f17) auipc   t5, 0x1
core   0: 3 0x8000bc50 (0x00001f17) x30 0x8000cc50
core   0: 0x8000bc54 (0x3a3f2823) sw      gp, 944(t5)
core   0: 3 0x8000bc54 (0x3a3f2823) mem 0x8000d000 0x00000001
core   0: 0x8000bc58 (0x0000bfe5) c.j     pc - 8
core   0: 3 0x8000bc58 (0xbfe5)
core   0: 0x8000bc50 (0x00001f17) auipc   t5, 0x1
core   0: 3 0x8000bc50 (0x00001f17) x30 0x8000cc50
core   0: 0x8000bc54 (0x3a3f2823) sw      gp, 944(t5)
core   0: 3 0x8000bc54 (0x3a3f2823) mem 0x8000d000 0x00000001
core   0: 0x8000bc58 (0x0000bfe5) c.j     pc - 8
core   0: 3 0x8000bc58 (0xbfe5)
core   0: 0x8000bc50 (0x00001f17) auipc   t5, 0x1
core   0: 3 0x8000bc50 (0x00001f17) x30 0x8000cc50
core   0: 0x8000bc54 (0x3a3f2823) sw      gp, 944(t5)
core   0: 3 0x8000bc54 (0x3a3f2823) mem 0x8000d000 0x00000001
core   0: 0x8000bc58 (0x0000bfe5) c.j     pc - 8
core   0: 3 0x8000bc58 (0xbfe5)
core   0: 0x8000bc50 (0x00001f17) auipc   t5, 0x1
core   0: 3 0x8000bc50 (0x00001f17) x30 0x8000cc50
core   0: 0x8000bc54 (0x3a3f2823) sw      gp, 944(t5)
core   0: 3 0x8000bc54 (0x3a3f2823) mem 0x8000d000 0x00000001
core   0: 0x8000bc58 (0x0000bfe5) c.j     pc - 8
core   0: 3 0x8000bc58 (0xbfe5)
core   0: 0x8000bc50 (0x00001f17) auipc   t5, 0x1
core   0: 3 0x8000bc50 (0x00001f17) x30 0x8000cc50
core   0: 0x8000bc54 (0x3a3f2823) sw      gp, 944(t5)
core   0: 3 0x8000bc54 (0x3a3f2823) mem 0x8000d000 0x00000001
core   0: 0x8000bc58 (0x0000bfe5) c.j     pc - 8
core   0: 3 0x8000bc58 (0xbfe5)
core   0: 0x8000bc50 (0x00001f17) auipc   t5, 0x1
core   0: 3 0x8000bc50 (0x00001f17) x30 0x8000cc50
core   0: 0x8000bc54 (0x3a3f2823) sw      gp, 944(t5)
core   0: 3 0x8000bc54 (0x3a3f2823) mem 0x8000d000 0x00000001
core   0: 0x8000bc58 (0x0000bfe5) c.j     pc - 8
core   0: 3 0x8000bc58 (0xbfe5)
core   0: 0x8000bc50 (0x00001f17) auipc   t5, 0x1
core   0: 3 0x8000bc50 (0x00001f17) x30 0x8000cc50
core   0: 0x8000bc54 (0x3a3f2823) sw      gp, 944(t5)
core   0: 3 0x8000bc54 (0x3a3f2823) mem 0x8000d000 0x00000001
core   0: 0x8000bc58 (0x0000bfe5) c.j     pc - 8
core   0: 3 0x8000bc58 (0xbfe5)
core   0: 0x8000bc50 (0x00001f17) auipc   t5, 0x1
core   0: 3 0x8000bc50 (0x00001f17) x30 0x8000cc50
core   0: 0x8000bc54 (0x3a3f2823) sw      gp, 944(t5)
core   0: 3 0x8000bc54 (0x3a3f2823) mem 0x8000d000 0x00000001
core   0: 0x8000bc58 (0x0000bfe5) c.j     pc - 8
core   0: 3 0x8000bc58 (0xbfe5)
core   0: 0x8000bc50 (0x00001f17) auipc   t5, 0x1
core   0: 3 0x8000bc50 (0x00001f17) x30 0x8000cc50
core   0: 0x8000bc54 (0x3a3f2823) sw      gp, 944(t5)
core   0: 3 0x8000bc54 (0x3a3f2823) mem 0x8000d000 0x00000001
core   0: 0x8000bc58 (0x0000bfe5) c.j     pc - 8
core   0: 3 0x8000bc58 (0xbfe5)
core   0: 0x8000bc50 (0x00001f17) auipc   t5, 0x1
core   0: 3 0x8000bc50 (0x00001f17) x30 0x8000cc50
core   0: 0x8000bc54 (0x3a3f2823) sw      gp, 944(t5)
core   0: 3 0x8000bc54 (0x3a3f2823) mem 0x8000d000 0x00000001
core   0: 0x8000bc58 (0x0000bfe5) c.j     pc - 8
core   0: 3 0x8000bc58 (0xbfe5)
core   0: 0x8000bc50 (0x00001f17) auipc   t5, 0x1
core   0: 3 0x8000bc50 (0x00001f17) x30 0x8000cc50
core   0: 0x8000bc54 (0x3a3f2823) sw      gp, 944(t5)
core   0: 3 0x8000bc54 (0x3a3f2823) mem 0x8000d000 0x00000001
core   0: 0x8000bc58 (0x0000bfe5) c.j     pc - 8
core   0: 3 0x8000bc58 (0xbfe5)
core   0: 0x8000bc50 (0x00001f17) auipc   t5, 0x1
core   0: 3 0x8000bc50 (0x00001f17) x30 0x8000cc50
core   0: 0x8000bc54 (0x3a3f2823) sw      gp, 944(t5)
core   0: 3 0x8000bc54 (0x3a3f2823) mem 0x8000d000 0x00000001
core   0: 0x8000bc58 (0x0000bfe5) c.j     pc - 8
core   0: 3 0x8000bc58 (0xbfe5)
core   0: 0x8000bc50 (0x00001f17) auipc   t5, 0x1
core   0: 3 0x8000bc50 (0x00001f17) x30 0x8000cc50
core   0: 0x8000bc54 (0x3a3f2823) sw      gp, 944(t5)
core   0: 3 0x8000bc54 (0x3a3f2823) mem 0x8000d000 0x00000001
core   0: 0x8000bc58 (0x0000bfe5) c.j     pc - 8
core   0: 3 0x8000bc58 (0xbfe5)
core   0: 0x8000bc50 (0x00001f17) auipc   t5, 0x1
core   0: 3 0x8000bc50 (0x00001f17) x30 0x8000cc50
core   0: 0x8000bc54 (0x3a3f2823) sw      gp, 944(t5)
core   0: 3 0x8000bc54 (0x3a3f2823) mem 0x8000d000 0x00000001
core   0: 0x8000bc58 (0x0000bfe5) c.j     pc - 8
core   0: 3 0x8000bc58 (0xbfe5)
core   0: 0x8000bc50 (0x00001f17) auipc   t5, 0x1
core   0: 3 0x8000bc50 (0x00001f17) x30 0x8000cc50
core   0: 0x8000bc54 (0x3a3f2823) sw      gp, 944(t5)
core   0: 3 0x8000bc54 (0x3a3f2823) mem 0x8000d000 0x00000001
core   0: 0x8000bc58 (0x0000bfe5) c.j     pc - 8
core   0: 3 0x8000bc58 (0xbfe5)
core   0: 0x8000bc50 (0x00001f17) auipc   t5, 0x1
core   0: 3 0x8000bc50 (0x00001f17) x30 0x8000cc50
core   0: 0x8000bc54 (0x3a3f2823) sw      gp, 944(t5)
core   0: 3 0x8000bc54 (0x3a3f2823) mem 0x8000d000 0x00000001
core   0: 0x8000bc58 (0x0000bfe5) c.j     pc - 8
core   0: 3 0x8000bc58 (0xbfe5)
core   0: 0x8000bc50 (0x00001f17) auipc   t5, 0x1
core   0: 3 0x8000bc50 (0x00001f17) x30 0x8000cc50
core   0: 0x8000bc54 (0x3a3f2823) sw      gp, 944(t5)
core   0: 3 0x8000bc54 (0x3a3f2823) mem 0x8000d000 0x00000001
core   0: 0x8000bc58 (0x0000bfe5) c.j     pc - 8
core   0: 3 0x8000bc58 (0xbfe5)
core   0: 0x8000bc50 (0x00001f17) auipc   t5, 0x1
core   0: 3 0x8000bc50 (0x00001f17) x30 0x8000cc50
core   0: 0x8000bc54 (0x3a3f2823) sw      gp, 944(t5)
core   0: 3 0x8000bc54 (0x3a3f2823) mem 0x8000d000 0x00000001
core   0: 0x8000bc58 (0x0000bfe5) c.j     pc - 8
core   0: 3 0x8000bc58 (0xbfe5)
core   0: 0x8000bc50 (0x00001f17) auipc   t5, 0x1
core   0: 3 0x8000bc50 (0x00001f17) x30 0x8000cc50
core   0: 0x8000bc54 (0x3a3f2823) sw      gp, 944(t5)
core   0: 3 0x8000bc54 (0x3a3f2823) mem 0x8000d000 0x00000001
core   0: 0x8000bc58 (0x0000bfe5) c.j     pc - 8
core   0: 3 0x8000bc58 (0xbfe5)
core   0: 0x8000bc50 (0x00001f17) auipc   t5, 0x1
core   0: 3 0x8000bc50 (0x00001f17) x30 0x8000cc50
core   0: 0x8000bc54 (0x3a3f2823) sw      gp, 944(t5)
core   0: 3 0x8000bc54 (0x3a3f2823) mem 0x8000d000 0x00000001
core   0: 0x8000bc58 (0x0000bfe5) c.j     pc - 8
core   0: 3 0x8000bc58 (0xbfe5)
core   0: 0x8000bc50 (0x00001f17) auipc   t5, 0x1
core   0: 3 0x8000bc50 (0x00001f17) x30 0x8000cc50
core   0: 0x8000bc54 (0x3a3f2823) sw      gp, 944(t5)
core   0: 3 0x8000bc54 (0x3a3f2823) mem 0x8000d000 0x00000001
core   0: 0x8000bc58 (0x0000bfe5) c.j     pc - 8
core   0: 3 0x8000bc58 (0xbfe5)
core   0: 0x8000bc50 (0x00001f17) auipc   t5, 0x1
core   0: 3 0x8000bc50 (0x00001f17) x30 0x8000cc50
core   0: 0x8000bc54 (0x3a3f2823) sw      gp, 944(t5)
core   0: 3 0x8000bc54 (0x3a3f2823) mem 0x8000d000 0x00000001
core   0: 0x8000bc58 (0x0000bfe5) c.j     pc - 8
core   0: 3 0x8000bc58 (0xbfe5)
core   0: 0x8000bc50 (0x00001f17) auipc   t5, 0x1
core   0: 3 0x8000bc50 (0x00001f17) x30 0x8000cc50
core   0: 0x8000bc54 (0x3a3f2823) sw      gp, 944(t5)
core   0: 3 0x8000bc54 (0x3a3f2823) mem 0x8000d000 0x00000001
core   0: 0x8000bc58 (0x0000bfe5) c.j     pc - 8
core   0: 3 0x8000bc58 (0xbfe5)
core   0: 0x8000bc50 (0x00001f17) auipc   t5, 0x1
core   0: 3 0x8000bc50 (0x00001f17) x30 0x8000cc50
core   0: 0x8000bc54 (0x3a3f2823) sw      gp, 944(t5)
core   0: 3 0x8000bc54 (0x3a3f2823) mem 0x8000d000 0x00000001
core   0: 0x8000bc58 (0x0000bfe5) c.j     pc - 8
core   0: 3 0x8000bc58 (0xbfe5)
core   0: 0x8000bc50 (0x00001f17) auipc   t5, 0x1
core   0: 3 0x8000bc50 (0x00001f17) x30 0x8000cc50
core   0: 0x8000bc54 (0x3a3f2823) sw      gp, 944(t5)
core   0: 3 0x8000bc54 (0x3a3f2823) mem 0x8000d000 0x00000001
core   0: 0x8000bc58 (0x0000bfe5) c.j     pc - 8
core   0: 3 0x8000bc58 (0xbfe5)
core   0: 0x8000bc50 (0x00001f17) auipc   t5, 0x1
core   0: 3 0x8000bc50 (0x00001f17) x30 0x8000cc50
core   0: 0x8000bc54 (0x3a3f2823) sw      gp, 944(t5)
core   0: 3 0x8000bc54 (0x3a3f2823) mem 0x8000d000 0x00000001
core   0: 0x8000bc58 (0x0000bfe5) c.j     pc - 8
core   0: 3 0x8000bc58 (0xbfe5)
core   0: 0x8000bc50 (0x00001f17) auipc   t5, 0x1
core   0: 3 0x8000bc50 (0x00001f17) x30 0x8000cc50
core   0: 0x8000bc54 (0x3a3f2823) sw      gp, 944(t5)
core   0: 3 0x8000bc54 (0x3a3f2823) mem 0x8000d000 0x00000001
core   0: 0x8000bc58 (0x0000bfe5) c.j     pc - 8
core   0: 3 0x8000bc58 (0xbfe5)
core   0: 0x8000bc50 (0x00001f17) auipc   t5, 0x1
core   0: 3 0x8000bc50 (0x00001f17) x30 0x8000cc50
core   0: 0x8000bc54 (0x3a3f2823) sw      gp, 944(t5)
core   0: 3 0x8000bc54 (0x3a3f2823) mem 0x8000d000 0x00000001
core   0: 0x8000bc58 (0x0000bfe5) c.j     pc - 8
core   0: 3 0x8000bc58 (0xbfe5)
core   0: 0x8000bc50 (0x00001f17) auipc   t5, 0x1
core   0: 3 0x8000bc50 (0x00001f17) x30 0x8000cc50
core   0: 0x8000bc54 (0x3a3f2823) sw      gp, 944(t5)
core   0: 3 0x8000bc54 (0x3a3f2823) mem 0x8000d000 0x00000001
core   0: 0x8000bc58 (0x0000bfe5) c.j     pc - 8
core   0: 3 0x8000bc58 (0xbfe5)
core   0: 0x8000bc50 (0x00001f17) auipc   t5, 0x1
core   0: 3 0x8000bc50 (0x00001f17) x30 0x8000cc50
core   0: 0x8000bc54 (0x3a3f2823) sw      gp, 944(t5)
core   0: 3 0x8000bc54 (0x3a3f2823) mem 0x8000d000 0x00000001
core   0: 0x8000bc58 (0x0000bfe5) c.j     pc - 8
core   0: 3 0x8000bc58 (0xbfe5)
core   0: 0x8000bc50 (0x00001f17) auipc   t5, 0x1
core   0: 3 0x8000bc50 (0x00001f17) x30 0x8000cc50
core   0: 0x8000bc54 (0x3a3f2823) sw      gp, 944(t5)
core   0: 3 0x8000bc54 (0x3a3f2823) mem 0x8000d000 0x00000001
core   0: 0x8000bc58 (0x0000bfe5) c.j     pc - 8
core   0: 3 0x8000bc58 (0xbfe5)
core   0: 0x8000bc50 (0x00001f17) auipc   t5, 0x1
core   0: 3 0x8000bc50 (0x00001f17) x30 0x8000cc50
core   0: 0x8000bc54 (0x3a3f2823) sw      gp, 944(t5)
core   0: 3 0x8000bc54 (0x3a3f2823) mem 0x8000d000 0x00000001
core   0: 0x8000bc58 (0x0000bfe5) c.j     pc - 8
core   0: 3 0x8000bc58 (0xbfe5)
core   0: 0x8000bc50 (0x00001f17) auipc   t5, 0x1
core   0: 3 0x8000bc50 (0x00001f17) x30 0x8000cc50
core   0: 0x8000bc54 (0x3a3f2823) sw      gp, 944(t5)
core   0: 3 0x8000bc54 (0x3a3f2823) mem 0x8000d000 0x00000001
core   0: 0x8000bc58 (0x0000bfe5) c.j     pc - 8
core   0: 3 0x8000bc58 (0xbfe5)
core   0: 0x8000bc50 (0x00001f17) auipc   t5, 0x1
core   0: 3 0x8000bc50 (0x00001f17) x30 0x8000cc50
core   0: 0x8000bc54 (0x3a3f2823) sw      gp, 944(t5)
core   0: 3 0x8000bc54 (0x3a3f2823) mem 0x8000d000 0x00000001
core   0: 0x8000bc58 (0x0000bfe5) c.j     pc - 8
core   0: 3 0x8000bc58 (0xbfe5)
core   0: 0x8000bc50 (0x00001f17) auipc   t5, 0x1
core   0: 3 0x8000bc50 (0x00001f17) x30 0x8000cc50
core   0: 0x8000bc54 (0x3a3f2823) sw      gp, 944(t5)
core   0: 3 0x8000bc54 (0x3a3f2823) mem 0x8000d000 0x00000001
core   0: 0x8000bc58 (0x0000bfe5) c.j     pc - 8
core   0: 3 0x8000bc58 (0xbfe5)
core   0: 0x8000bc50 (0x00001f17) auipc   t5, 0x1
core   0: 3 0x8000bc50 (0x00001f17) x30 0x8000cc50
core   0: 0x8000bc54 (0x3a3f2823) sw      gp, 944(t5)
core   0: 3 0x8000bc54 (0x3a3f2823) mem 0x8000d000 0x00000001
core   0: 0x8000bc58 (0x0000bfe5) c.j     pc - 8
core   0: 3 0x8000bc58 (0xbfe5)
core   0: 0x8000bc50 (0x00001f17) auipc   t5, 0x1
core   0: 3 0x8000bc50 (0x00001f17) x30 0x8000cc50
core   0: 0x8000bc54 (0x3a3f2823) sw      gp, 944(t5)
core   0: 3 0x8000bc54 (0x3a3f2823) mem 0x8000d000 0x00000001
core   0: 0x8000bc58 (0x0000bfe5) c.j     pc - 8
core   0: 3 0x8000bc58 (0xbfe5)
core   0: 0x8000bc50 (0x00001f17) auipc   t5, 0x1
core   0: 3 0x8000bc50 (0x00001f17) x30 0x8000cc50
core   0: 0x8000bc54 (0x3a3f2823) sw      gp, 944(t5)
core   0: 3 0x8000bc54 (0x3a3f2823) mem 0x8000d000 0x00000001
core   0: 0x8000bc58 (0x0000bfe5) c.j     pc - 8
core   0: 3 0x8000bc58 (0xbfe5)
core   0: 0x8000bc50 (0x00001f17) auipc   t5, 0x1
core   0: 3 0x8000bc50 (0x00001f17) x30 0x8000cc50
core   0: 0x8000bc54 (0x3a3f2823) sw      gp, 944(t5)
core   0: 3 0x8000bc54 (0x3a3f2823) mem 0x8000d000 0x00000001
core   0: 0x8000bc58 (0x0000bfe5) c.j     pc - 8
core   0: 3 0x8000bc58 (0xbfe5)
core   0: 0x8000bc50 (0x00001f17) auipc   t5, 0x1
core   0: 3 0x8000bc50 (0x00001f17) x30 0x8000cc50
core   0: 0x8000bc54 (0x3a3f2823) sw      gp, 944(t5)
core   0: 3 0x8000bc54 (0x3a3f2823) mem 0x8000d000 0x00000001
core   0: 0x8000bc58 (0x0000bfe5) c.j     pc - 8
core   0: 3 0x8000bc58 (0xbfe5)
core   0: 0x8000bc50 (0x00001f17) auipc   t5, 0x1
core   0: 3 0x8000bc50 (0x00001f17) x30 0x8000cc50
core   0: 0x8000bc54 (0x3a3f2823) sw      gp, 944(t5)
core   0: 3 0x8000bc54 (0x3a3f2823) mem 0x8000d000 0x00000001
core   0: 0x8000bc58 (0x0000bfe5) c.j     pc - 8
core   0: 3 0x8000bc58 (0xbfe5)
core   0: 0x8000bc50 (0x00001f17) auipc   t5, 0x1
core   0: 3 0x8000bc50 (0x00001f17) x30 0x8000cc50
core   0: 0x8000bc54 (0x3a3f2823) sw      gp, 944(t5)
core   0: 3 0x8000bc54 (0x3a3f2823) mem 0x8000d000 0x00000001
core   0: 0x8000bc58 (0x0000bfe5) c.j     pc - 8
core   0: 3 0x8000bc58 (0xbfe5)
core   0: 0x8000bc50 (0x00001f17) auipc   t5, 0x1
core   0: 3 0x8000bc50 (0x00001f17) x30 0x8000cc50
core   0: 0x8000bc54 (0x3a3f2823) sw      gp, 944(t5)
core   0: 3 0x8000bc54 (0x3a3f2823) mem 0x8000d000 0x00000001
core   0: 0x8000bc58 (0x0000bfe5) c.j     pc - 8
core   0: 3 0x8000bc58 (0xbfe5)
core   0: 0x8000bc50 (0x00001f17) auipc   t5, 0x1
core   0: 3 0x8000bc50 (0x00001f17) x30 0x8000cc50
core   0: 0x8000bc54 (0x3a3f2823) sw      gp, 944(t5)
core   0: 3 0x8000bc54 (0x3a3f2823) mem 0x8000d000 0x00000001
core   0: 0x8000bc58 (0x0000bfe5) c.j     pc - 8
core   0: 3 0x8000bc58 (0xbfe5)
core   0: 0x8000bc50 (0x00001f17) auipc   t5, 0x1
core   0: 3 0x8000bc50 (0x00001f17) x30 0x8000cc50
core   0: 0x8000bc54 (0x3a3f2823) sw      gp, 944(t5)
core   0: 3 0x8000bc54 (0x3a3f2823) mem 0x8000d000 0x00000001
core   0: 0x8000bc58 (0x0000bfe5) c.j     pc - 8
core   0: 3 0x8000bc58 (0xbfe5)
core   0: 0x8000bc50 (0x00001f17) auipc   t5, 0x1
core   0: 3 0x8000bc50 (0x00001f17) x30 0x8000cc50
core   0: 0x8000bc54 (0x3a3f2823) sw      gp, 944(t5)
core   0: 3 0x8000bc54 (0x3a3f2823) mem 0x8000d000 0x00000001
core   0: 0x8000bc58 (0x0000bfe5) c.j     pc - 8
core   0: 3 0x8000bc58 (0xbfe5)
core   0: 0x8000bc50 (0x00001f17) auipc   t5, 0x1
core   0: 3 0x8000bc50 (0x00001f17) x30 0x8000cc50
core   0: 0x8000bc54 (0x3a3f2823) sw      gp, 944(t5)
core   0: 3 0x8000bc54 (0x3a3f2823) mem 0x8000d000 0x00000001
core   0: 0x8000bc58 (0x0000bfe5) c.j     pc - 8
core   0: 3 0x8000bc58 (0xbfe5)
core   0: 0x8000bc50 (0x00001f17) auipc   t5, 0x1
core   0: 3 0x8000bc50 (0x00001f17) x30 0x8000cc50
core   0: 0x8000bc54 (0x3a3f2823) sw      gp, 944(t5)
core   0: 3 0x8000bc54 (0x3a3f2823) mem 0x8000d000 0x00000001
core   0: 0x8000bc58 (0x0000bfe5) c.j     pc - 8
core   0: 3 0x8000bc58 (0xbfe5)
core   0: 0x8000bc50 (0x00001f17) auipc   t5, 0x1
core   0: 3 0x8000bc50 (0x00001f17) x30 0x8000cc50
core   0: 0x8000bc54 (0x3a3f2823) sw      gp, 944(t5)
core   0: 3 0x8000bc54 (0x3a3f2823) mem 0x8000d000 0x00000001
core   0: 0x8000bc58 (0x0000bfe5) c.j     pc - 8
core   0: 3 0x8000bc58 (0xbfe5)
core   0: 0x8000bc50 (0x00001f17) auipc   t5, 0x1
core   0: 3 0x8000bc50 (0x00001f17) x30 0x8000cc50
core   0: 0x8000bc54 (0x3a3f2823) sw      gp, 944(t5)
core   0: 3 0x8000bc54 (0x3a3f2823) mem 0x8000d000 0x00000001
core   0: 0x8000bc58 (0x0000bfe5) c.j     pc - 8
core   0: 3 0x8000bc58 (0xbfe5)
core   0: 0x8000bc50 (0x00001f17) auipc   t5, 0x1
core   0: 3 0x8000bc50 (0x00001f17) x30 0x8000cc50
core   0: 0x8000bc54 (0x3a3f2823) sw      gp, 944(t5)
core   0: 3 0x8000bc54 (0x3a3f2823) mem 0x8000d000 0x00000001
core   0: 0x8000bc58 (0x0000bfe5) c.j     pc - 8
core   0: 3 0x8000bc58 (0xbfe5)
core   0: 0x8000bc50 (0x00001f17) auipc   t5, 0x1
core   0: 3 0x8000bc50 (0x00001f17) x30 0x8000cc50
core   0: 0x8000bc54 (0x3a3f2823) sw      gp, 944(t5)
core   0: 3 0x8000bc54 (0x3a3f2823) mem 0x8000d000 0x00000001
core   0: 0x8000bc58 (0x0000bfe5) c.j     pc - 8
core   0: 3 0x8000bc58 (0xbfe5)
core   0: 0x8000bc50 (0x00001f17) auipc   t5, 0x1
core   0: 3 0x8000bc50 (0x00001f17) x30 0x8000cc50
core   0: 0x8000bc54 (0x3a3f2823) sw      gp, 944(t5)
core   0: 3 0x8000bc54 (0x3a3f2823) mem 0x8000d000 0x00000001
core   0: 0x8000bc58 (0x0000bfe5) c.j     pc - 8
core   0: 3 0x8000bc58 (0xbfe5)
core   0: 0x8000bc50 (0x00001f17) auipc   t5, 0x1
core   0: 3 0x8000bc50 (0x00001f17) x30 0x8000cc50
core   0: 0x8000bc54 (0x3a3f2823) sw      gp, 944(t5)
core   0: 3 0x8000bc54 (0x3a3f2823) mem 0x8000d000 0x00000001
core   0: 0x8000bc58 (0x0000bfe5) c.j     pc - 8
core   0: 3 0x8000bc58 (0xbfe5)
core   0: 0x8000bc50 (0x00001f17) auipc   t5, 0x1
core   0: 3 0x8000bc50 (0x00001f17) x30 0x8000cc50
core   0: 0x8000bc54 (0x3a3f2823) sw      gp, 944(t5)
core   0: 3 0x8000bc54 (0x3a3f2823) mem 0x8000d000 0x00000001
core   0: 0x8000bc58 (0x0000bfe5) c.j     pc - 8
core   0: 3 0x8000bc58 (0xbfe5)
core   0: 0x8000bc50 (0x00001f17) auipc   t5, 0x1
core   0: 3 0x8000bc50 (0x00001f17) x30 0x8000cc50
core   0: 0x8000bc54 (0x3a3f2823) sw      gp, 944(t5)
core   0: 3 0x8000bc54 (0x3a3f2823) mem 0x8000d000 0x00000001
core   0: 0x8000bc58 (0x0000bfe5) c.j     pc - 8
core   0: 3 0x8000bc58 (0xbfe5)
core   0: 0x8000bc50 (0x00001f17) auipc   t5, 0x1
core   0: 3 0x8000bc50 (0x00001f17) x30 0x8000cc50
core   0: 0x8000bc54 (0x3a3f2823) sw      gp, 944(t5)
core   0: 3 0x8000bc54 (0x3a3f2823) mem 0x8000d000 0x00000001
core   0: 0x8000bc58 (0x0000bfe5) c.j     pc - 8
core   0: 3 0x8000bc58 (0xbfe5)
core   0: 0x8000bc50 (0x00001f17) auipc   t5, 0x1
core   0: 3 0x8000bc50 (0x00001f17) x30 0x8000cc50
core   0: 0x8000bc54 (0x3a3f2823) sw      gp, 944(t5)
core   0: 3 0x8000bc54 (0x3a3f2823) mem 0x8000d000 0x00000001
core   0: 0x8000bc58 (0x0000bfe5) c.j     pc - 8
core   0: 3 0x8000bc58 (0xbfe5)
core   0: 0x8000bc50 (0x00001f17) auipc   t5, 0x1
core   0: 3 0x8000bc50 (0x00001f17) x30 0x8000cc50
core   0: 0x8000bc54 (0x3a3f2823) sw      gp, 944(t5)
core   0: 3 0x8000bc54 (0x3a3f2823) mem 0x8000d000 0x00000001
core   0: 0x8000bc58 (0x0000bfe5) c.j     pc - 8
core   0: 3 0x8000bc58 (0xbfe5)
core   0: 0x8000bc50 (0x00001f17) auipc   t5, 0x1
core   0: 3 0x8000bc50 (0x00001f17) x30 0x8000cc50
core   0: 0x8000bc54 (0x3a3f2823) sw      gp, 944(t5)
core   0: 3 0x8000bc54 (0x3a3f2823) mem 0x8000d000 0x00000001
core   0: 0x8000bc58 (0x0000bfe5) c.j     pc - 8
core   0: 3 0x8000bc58 (0xbfe5)
core   0: 0x8000bc50 (0x00001f17) auipc   t5, 0x1
core   0: 3 0x8000bc50 (0x00001f17) x30 0x8000cc50
core   0: 0x8000bc54 (0x3a3f2823) sw      gp, 944(t5)
core   0: 3 0x8000bc54 (0x3a3f2823) mem 0x8000d000 0x00000001
core   0: 0x8000bc58 (0x0000bfe5) c.j     pc - 8
core   0: 3 0x8000bc58 (0xbfe5)
core   0: 0x8000bc50 (0x00001f17) auipc   t5, 0x1
core   0: 3 0x8000bc50 (0x00001f17) x30 0x8000cc50
core   0: 0x8000bc54 (0x3a3f2823) sw      gp, 944(t5)
core   0: 3 0x8000bc54 (0x3a3f2823) mem 0x8000d000 0x00000001
core   0: 0x8000bc58 (0x0000bfe5) c.j     pc - 8
core   0: 3 0x8000bc58 (0xbfe5)
core   0: 0x8000bc50 (0x00001f17) auipc   t5, 0x1
core   0: 3 0x8000bc50 (0x00001f17) x30 0x8000cc50
core   0: 0x8000bc54 (0x3a3f2823) sw      gp, 944(t5)
core   0: 3 0x8000bc54 (0x3a3f2823) mem 0x8000d000 0x00000001
core   0: 0x8000bc58 (0x0000bfe5) c.j     pc - 8
core   0: 3 0x8000bc58 (0xbfe5)
core   0: 0x8000bc50 (0x00001f17) auipc   t5, 0x1
core   0: 3 0x8000bc50 (0x00001f17) x30 0x8000cc50
core   0: 0x8000bc54 (0x3a3f2823) sw      gp, 944(t5)
core   0: 3 0x8000bc54 (0x3a3f2823) mem 0x8000d000 0x00000001
core   0: 0x8000bc58 (0x0000bfe5) c.j     pc - 8
core   0: 3 0x8000bc58 (0xbfe5)
core   0: 0x8000bc50 (0x00001f17) auipc   t5, 0x1
core   0: 3 0x8000bc50 (0x00001f17) x30 0x8000cc50
core   0: 0x8000bc54 (0x3a3f2823) sw      gp, 944(t5)
core   0: 3 0x8000bc54 (0x3a3f2823) mem 0x8000d000 0x00000001
core   0: 0x8000bc58 (0x0000bfe5) c.j     pc - 8
core   0: 3 0x8000bc58 (0xbfe5)
core   0: 0x8000bc50 (0x00001f17) auipc   t5, 0x1
core   0: 3 0x8000bc50 (0x00001f17) x30 0x8000cc50
core   0: 0x8000bc54 (0x3a3f2823) sw      gp, 944(t5)
core   0: 3 0x8000bc54 (0x3a3f2823) mem 0x8000d000 0x00000001
core   0: 0x8000bc58 (0x0000bfe5) c.j     pc - 8
core   0: 3 0x8000bc58 (0xbfe5)
core   0: 0x8000bc50 (0x00001f17) auipc   t5, 0x1
core   0: 3 0x8000bc50 (0x00001f17) x30 0x8000cc50
core   0: 0x8000bc54 (0x3a3f2823) sw      gp, 944(t5)
core   0: 3 0x8000bc54 (0x3a3f2823) mem 0x8000d000 0x00000001
core   0: 0x8000bc58 (0x0000bfe5) c.j     pc - 8
core   0: 3 0x8000bc58 (0xbfe5)
core   0: 0x8000bc50 (0x00001f17) auipc   t5, 0x1
core   0: 3 0x8000bc50 (0x00001f17) x30 0x8000cc50
core   0: 0x8000bc54 (0x3a3f2823) sw      gp, 944(t5)
core   0: 3 0x8000bc54 (0x3a3f2823) mem 0x8000d000 0x00000001
core   0: 0x8000bc58 (0x0000bfe5) c.j     pc - 8
core   0: 3 0x8000bc58 (0xbfe5)
core   0: 0x8000bc50 (0x00001f17) auipc   t5, 0x1
core   0: 3 0x8000bc50 (0x00001f17) x30 0x8000cc50
core   0: 0x8000bc54 (0x3a3f2823) sw      gp, 944(t5)
core   0: 3 0x8000bc54 (0x3a3f2823) mem 0x8000d000 0x00000001
core   0: 0x8000bc58 (0x0000bfe5) c.j     pc - 8
core   0: 3 0x8000bc58 (0xbfe5)
core   0: 0x8000bc50 (0x00001f17) auipc   t5, 0x1
core   0: 3 0x8000bc50 (0x00001f17) x30 0x8000cc50
core   0: 0x8000bc54 (0x3a3f2823) sw      gp, 944(t5)
core   0: 3 0x8000bc54 (0x3a3f2823) mem 0x8000d000 0x00000001
core   0: 0x8000bc58 (0x0000bfe5) c.j     pc - 8
core   0: 3 0x8000bc58 (0xbfe5)
core   0: 0x8000bc50 (0x00001f17) auipc   t5, 0x1
core   0: 3 0x8000bc50 (0x00001f17) x30 0x8000cc50
core   0: 0x8000bc54 (0x3a3f2823) sw      gp, 944(t5)
core   0: 3 0x8000bc54 (0x3a3f2823) mem 0x8000d000 0x00000001
core   0: 0x8000bc58 (0x0000bfe5) c.j     pc - 8
core   0: 3 0x8000bc58 (0xbfe5)
core   0: 0x8000bc50 (0x00001f17) auipc   t5, 0x1
core   0: 3 0x8000bc50 (0x00001f17) x30 0x8000cc50
core   0: 0x8000bc54 (0x3a3f2823) sw      gp, 944(t5)
core   0: 3 0x8000bc54 (0x3a3f2823) mem 0x8000d000 0x00000001
core   0: 0x8000bc58 (0x0000bfe5) c.j     pc - 8
core   0: 3 0x8000bc58 (0xbfe5)
core   0: 0x8000bc50 (0x00001f17) auipc   t5, 0x1
core   0: 3 0x8000bc50 (0x00001f17) x30 0x8000cc50
core   0: 0x8000bc54 (0x3a3f2823) sw      gp, 944(t5)
core   0: 3 0x8000bc54 (0x3a3f2823) mem 0x8000d000 0x00000001
core   0: 0x8000bc58 (0x0000bfe5) c.j     pc - 8
core   0: 3 0x8000bc58 (0xbfe5)
core   0: 0x8000bc50 (0x00001f17) auipc   t5, 0x1
core   0: 3 0x8000bc50 (0x00001f17) x30 0x8000cc50
core   0: 0x8000bc54 (0x3a3f2823) sw      gp, 944(t5)
core   0: 3 0x8000bc54 (0x3a3f2823) mem 0x8000d000 0x00000001
core   0: 0x8000bc58 (0x0000bfe5) c.j     pc - 8
core   0: 3 0x8000bc58 (0xbfe5)
core   0: 0x8000bc50 (0x00001f17) auipc   t5, 0x1
core   0: 3 0x8000bc50 (0x00001f17) x30 0x8000cc50
core   0: 0x8000bc54 (0x3a3f2823) sw      gp, 944(t5)
core   0: 3 0x8000bc54 (0x3a3f2823) mem 0x8000d000 0x00000001
core   0: 0x8000bc58 (0x0000bfe5) c.j     pc - 8
core   0: 3 0x8000bc58 (0xbfe5)
core   0: 0x8000bc50 (0x00001f17) auipc   t5, 0x1
core   0: 3 0x8000bc50 (0x00001f17) x30 0x8000cc50
core   0: 0x8000bc54 (0x3a3f2823) sw      gp, 944(t5)
core   0: 3 0x8000bc54 (0x3a3f2823) mem 0x8000d000 0x00000001
core   0: 0x8000bc58 (0x0000bfe5) c.j     pc - 8
core   0: 3 0x8000bc58 (0xbfe5)
core   0: 0x8000bc50 (0x00001f17) auipc   t5, 0x1
core   0: 3 0x8000bc50 (0x00001f17) x30 0x8000cc50
core   0: 0x8000bc54 (0x3a3f2823) sw      gp, 944(t5)
core   0: 3 0x8000bc54 (0x3a3f2823) mem 0x8000d000 0x00000001
core   0: 0x8000bc58 (0x0000bfe5) c.j     pc - 8
core   0: 3 0x8000bc58 (0xbfe5)
core   0: 0x8000bc50 (0x00001f17) auipc   t5, 0x1
core   0: 3 0x8000bc50 (0x00001f17) x30 0x8000cc50
core   0: 0x8000bc54 (0x3a3f2823) sw      gp, 944(t5)
core   0: 3 0x8000bc54 (0x3a3f2823) mem 0x8000d000 0x00000001
core   0: 0x8000bc58 (0x0000bfe5) c.j     pc - 8
core   0: 3 0x8000bc58 (0xbfe5)
core   0: 0x8000bc50 (0x00001f17) auipc   t5, 0x1
core   0: 3 0x8000bc50 (0x00001f17) x30 0x8000cc50
core   0: 0x8000bc54 (0x3a3f2823) sw      gp, 944(t5)
core   0: 3 0x8000bc54 (0x3a3f2823) mem 0x8000d000 0x00000001
core   0: 0x8000bc58 (0x0000bfe5) c.j     pc - 8
core   0: 3 0x8000bc58 (0xbfe5)
core   0: 0x8000bc50 (0x00001f17) auipc   t5, 0x1
core   0: 3 0x8000bc50 (0x00001f17) x30 0x8000cc50
core   0: 0x8000bc54 (0x3a3f2823) sw      gp, 944(t5)
core   0: 3 0x8000bc54 (0x3a3f2823) mem 0x8000d000 0x00000001
core   0: 0x8000bc58 (0x0000bfe5) c.j     pc - 8
core   0: 3 0x8000bc58 (0xbfe5)
core   0: 0x8000bc50 (0x00001f17) auipc   t5, 0x1
core   0: 3 0x8000bc50 (0x00001f17) x30 0x8000cc50
core   0: 0x8000bc54 (0x3a3f2823) sw      gp, 944(t5)
core   0: 3 0x8000bc54 (0x3a3f2823) mem 0x8000d000 0x00000001
core   0: 0x8000bc58 (0x0000bfe5) c.j     pc - 8
core   0: 3 0x8000bc58 (0xbfe5)
core   0: 0x8000bc50 (0x00001f17) auipc   t5, 0x1
core   0: 3 0x8000bc50 (0x00001f17) x30 0x8000cc50
core   0: 0x8000bc54 (0x3a3f2823) sw      gp, 944(t5)
core   0: 3 0x8000bc54 (0x3a3f2823) mem 0x8000d000 0x00000001
core   0: 0x8000bc58 (0x0000bfe5) c.j     pc - 8
core   0: 3 0x8000bc58 (0xbfe5)
core   0: 0x8000bc50 (0x00001f17) auipc   t5, 0x1
core   0: 3 0x8000bc50 (0x00001f17) x30 0x8000cc50
core   0: 0x8000bc54 (0x3a3f2823) sw      gp, 944(t5)
core   0: 3 0x8000bc54 (0x3a3f2823) mem 0x8000d000 0x00000001
core   0: 0x8000bc58 (0x0000bfe5) c.j     pc - 8
core   0: 3 0x8000bc58 (0xbfe5)
core   0: 0x8000bc50 (0x00001f17) auipc   t5, 0x1
core   0: 3 0x8000bc50 (0x00001f17) x30 0x8000cc50
core   0: 0x8000bc54 (0x3a3f2823) sw      gp, 944(t5)
core   0: 3 0x8000bc54 (0x3a3f2823) mem 0x8000d000 0x00000001
core   0: 0x8000bc58 (0x0000bfe5) c.j     pc - 8
core   0: 3 0x8000bc58 (0xbfe5)
core   0: 0x8000bc50 (0x00001f17) auipc   t5, 0x1
core   0: 3 0x8000bc50 (0x00001f17) x30 0x8000cc50
core   0: 0x8000bc54 (0x3a3f2823) sw      gp, 944(t5)
core   0: 3 0x8000bc54 (0x3a3f2823) mem 0x8000d000 0x00000001
core   0: 0x8000bc58 (0x0000bfe5) c.j     pc - 8
core   0: 3 0x8000bc58 (0xbfe5)
core   0: 0x8000bc50 (0x00001f17) auipc   t5, 0x1
core   0: 3 0x8000bc50 (0x00001f17) x30 0x8000cc50
core   0: 0x8000bc54 (0x3a3f2823) sw      gp, 944(t5)
core   0: 3 0x8000bc54 (0x3a3f2823) mem 0x8000d000 0x00000001
core   0: 0x8000bc58 (0x0000bfe5) c.j     pc - 8
core   0: 3 0x8000bc58 (0xbfe5)
core   0: 0x8000bc50 (0x00001f17) auipc   t5, 0x1
core   0: 3 0x8000bc50 (0x00001f17) x30 0x8000cc50
core   0: 0x8000bc54 (0x3a3f2823) sw      gp, 944(t5)
core   0: 3 0x8000bc54 (0x3a3f2823) mem 0x8000d000 0x00000001
core   0: 0x8000bc58 (0x0000bfe5) c.j     pc - 8
core   0: 3 0x8000bc58 (0xbfe5)
core   0: 0x8000bc50 (0x00001f17) auipc   t5, 0x1
core   0: 3 0x8000bc50 (0x00001f17) x30 0x8000cc50
core   0: 0x8000bc54 (0x3a3f2823) sw      gp, 944(t5)
core   0: 3 0x8000bc54 (0x3a3f2823) mem 0x8000d000 0x00000001
core   0: 0x8000bc58 (0x0000bfe5) c.j     pc - 8
core   0: 3 0x8000bc58 (0xbfe5)
core   0: 0x8000bc50 (0x00001f17) auipc   t5, 0x1
core   0: 3 0x8000bc50 (0x00001f17) x30 0x8000cc50
core   0: 0x8000bc54 (0x3a3f2823) sw      gp, 944(t5)
core   0: 3 0x8000bc54 (0x3a3f2823) mem 0x8000d000 0x00000001
core   0: 0x8000bc58 (0x0000bfe5) c.j     pc - 8
core   0: 3 0x8000bc58 (0xbfe5)
core   0: 0x8000bc50 (0x00001f17) auipc   t5, 0x1
core   0: 3 0x8000bc50 (0x00001f17) x30 0x8000cc50
core   0: 0x8000bc54 (0x3a3f2823) sw      gp, 944(t5)
core   0: 3 0x8000bc54 (0x3a3f2823) mem 0x8000d000 0x00000001
core   0: 0x8000bc58 (0x0000bfe5) c.j     pc - 8
core   0: 3 0x8000bc58 (0xbfe5)
core   0: 0x8000bc50 (0x00001f17) auipc   t5, 0x1
core   0: 3 0x8000bc50 (0x00001f17) x30 0x8000cc50
core   0: 0x8000bc54 (0x3a3f2823) sw      gp, 944(t5)
core   0: 3 0x8000bc54 (0x3a3f2823) mem 0x8000d000 0x00000001
core   0: 0x8000bc58 (0x0000bfe5) c.j     pc - 8
core   0: 3 0x8000bc58 (0xbfe5)
core   0: 0x8000bc50 (0x00001f17) auipc   t5, 0x1
core   0: 3 0x8000bc50 (0x00001f17) x30 0x8000cc50
core   0: 0x8000bc54 (0x3a3f2823) sw      gp, 944(t5)
core   0: 3 0x8000bc54 (0x3a3f2823) mem 0x8000d000 0x00000001
core   0: 0x8000bc58 (0x0000bfe5) c.j     pc - 8
core   0: 3 0x8000bc58 (0xbfe5)
core   0: 0x8000bc50 (0x00001f17) auipc   t5, 0x1
core   0: 3 0x8000bc50 (0x00001f17) x30 0x8000cc50
core   0: 0x8000bc54 (0x3a3f2823) sw      gp, 944(t5)
core   0: 3 0x8000bc54 (0x3a3f2823) mem 0x8000d000 0x00000001
core   0: 0x8000bc58 (0x0000bfe5) c.j     pc - 8
core   0: 3 0x8000bc58 (0xbfe5)
core   0: 0x8000bc50 (0x00001f17) auipc   t5, 0x1
core   0: 3 0x8000bc50 (0x00001f17) x30 0x8000cc50
core   0: 0x8000bc54 (0x3a3f2823) sw      gp, 944(t5)
core   0: 3 0x8000bc54 (0x3a3f2823) mem 0x8000d000 0x00000001
core   0: 0x8000bc58 (0x0000bfe5) c.j     pc - 8
core   0: 3 0x8000bc58 (0xbfe5)
core   0: 0x8000bc50 (0x00001f17) auipc   t5, 0x1
core   0: 3 0x8000bc50 (0x00001f17) x30 0x8000cc50
core   0: 0x8000bc54 (0x3a3f2823) sw      gp, 944(t5)
core   0: 3 0x8000bc54 (0x3a3f2823) mem 0x8000d000 0x00000001
core   0: 0x8000bc58 (0x0000bfe5) c.j     pc - 8
core   0: 3 0x8000bc58 (0xbfe5)
core   0: 0x8000bc50 (0x00001f17) auipc   t5, 0x1
core   0: 3 0x8000bc50 (0x00001f17) x30 0x8000cc50
core   0: 0x8000bc54 (0x3a3f2823) sw      gp, 944(t5)
core   0: 3 0x8000bc54 (0x3a3f2823) mem 0x8000d000 0x00000001
core   0: 0x8000bc58 (0x0000bfe5) c.j     pc - 8
core   0: 3 0x8000bc58 (0xbfe5)
core   0: 0x8000bc50 (0x00001f17) auipc   t5, 0x1
core   0: 3 0x8000bc50 (0x00001f17) x30 0x8000cc50
core   0: 0x8000bc54 (0x3a3f2823) sw      gp, 944(t5)
core   0: 3 0x8000bc54 (0x3a3f2823) mem 0x8000d000 0x00000001
core   0: 0x8000bc58 (0x0000bfe5) c.j     pc - 8
core   0: 3 0x8000bc58 (0xbfe5)
core   0: 0x8000bc50 (0x00001f17) auipc   t5, 0x1
core   0: 3 0x8000bc50 (0x00001f17) x30 0x8000cc50
core   0: 0x8000bc54 (0x3a3f2823) sw      gp, 944(t5)
core   0: 3 0x8000bc54 (0x3a3f2823) mem 0x8000d000 0x00000001
core   0: 0x8000bc58 (0x0000bfe5) c.j     pc - 8
core   0: 3 0x8000bc58 (0xbfe5)
core   0: 0x8000bc50 (0x00001f17) auipc   t5, 0x1
core   0: 3 0x8000bc50 (0x00001f17) x30 0x8000cc50
core   0: 0x8000bc54 (0x3a3f2823) sw      gp, 944(t5)
core   0: 3 0x8000bc54 (0x3a3f2823) mem 0x8000d000 0x00000001
core   0: 0x8000bc58 (0x0000bfe5) c.j     pc - 8
core   0: 3 0x8000bc58 (0xbfe5)
core   0: 0x8000bc50 (0x00001f17) auipc   t5, 0x1
core   0: 3 0x8000bc50 (0x00001f17) x30 0x8000cc50
core   0: 0x8000bc54 (0x3a3f2823) sw      gp, 944(t5)
core   0: 3 0x8000bc54 (0x3a3f2823) mem 0x8000d000 0x00000001
core   0: 0x8000bc58 (0x0000bfe5) c.j     pc - 8
core   0: 3 0x8000bc58 (0xbfe5)
core   0: 0x8000bc50 (0x00001f17) auipc   t5, 0x1
core   0: 3 0x8000bc50 (0x00001f17) x30 0x8000cc50
core   0: 0x8000bc54 (0x3a3f2823) sw      gp, 944(t5)
core   0: 3 0x8000bc54 (0x3a3f2823) mem 0x8000d000 0x00000001
core   0: 0x8000bc58 (0x0000bfe5) c.j     pc - 8
core   0: 3 0x8000bc58 (0xbfe5)
core   0: 0x8000bc50 (0x00001f17) auipc   t5, 0x1
core   0: 3 0x8000bc50 (0x00001f17) x30 0x8000cc50
core   0: 0x8000bc54 (0x3a3f2823) sw      gp, 944(t5)
core   0: 3 0x8000bc54 (0x3a3f2823) mem 0x8000d000 0x00000001
core   0: 0x8000bc58 (0x0000bfe5) c.j     pc - 8
core   0: 3 0x8000bc58 (0xbfe5)
core   0: 0x8000bc50 (0x00001f17) auipc   t5, 0x1
core   0: 3 0x8000bc50 (0x00001f17) x30 0x8000cc50
core   0: 0x8000bc54 (0x3a3f2823) sw      gp, 944(t5)
core   0: 3 0x8000bc54 (0x3a3f2823) mem 0x8000d000 0x00000001
core   0: 0x8000bc58 (0x0000bfe5) c.j     pc - 8
core   0: 3 0x8000bc58 (0xbfe5)
core   0: 0x8000bc50 (0x00001f17) auipc   t5, 0x1
core   0: 3 0x8000bc50 (0x00001f17) x30 0x8000cc50
core   0: 0x8000bc54 (0x3a3f2823) sw      gp, 944(t5)
core   0: 3 0x8000bc54 (0x3a3f2823) mem 0x8000d000 0x00000001
core   0: 0x8000bc58 (0x0000bfe5) c.j     pc - 8
core   0: 3 0x8000bc58 (0xbfe5)
core   0: 0x8000bc50 (0x00001f17) auipc   t5, 0x1
core   0: 3 0x8000bc50 (0x00001f17) x30 0x8000cc50
core   0: 0x8000bc54 (0x3a3f2823) sw      gp, 944(t5)
core   0: 3 0x8000bc54 (0x3a3f2823) mem 0x8000d000 0x00000001
core   0: 0x8000bc58 (0x0000bfe5) c.j     pc - 8
core   0: 3 0x8000bc58 (0xbfe5)
core   0: 0x8000bc50 (0x00001f17) auipc   t5, 0x1
core   0: 3 0x8000bc50 (0x00001f17) x30 0x8000cc50
core   0: 0x8000bc54 (0x3a3f2823) sw      gp, 944(t5)
core   0: 3 0x8000bc54 (0x3a3f2823) mem 0x8000d000 0x00000001
core   0: 0x8000bc58 (0x0000bfe5) c.j     pc - 8
core   0: 3 0x8000bc58 (0xbfe5)
core   0: 0x8000bc50 (0x00001f17) auipc   t5, 0x1
core   0: 3 0x8000bc50 (0x00001f17) x30 0x8000cc50
core   0: 0x8000bc54 (0x3a3f2823) sw      gp, 944(t5)
core   0: 3 0x8000bc54 (0x3a3f2823) mem 0x8000d000 0x00000001
core   0: 0x8000bc58 (0x0000bfe5) c.j     pc - 8
core   0: 3 0x8000bc58 (0xbfe5)
core   0: 0x8000bc50 (0x00001f17) auipc   t5, 0x1
core   0: 3 0x8000bc50 (0x00001f17) x30 0x8000cc50
core   0: 0x8000bc54 (0x3a3f2823) sw      gp, 944(t5)
core   0: 3 0x8000bc54 (0x3a3f2823) mem 0x8000d000 0x00000001
core   0: 0x8000bc58 (0x0000bfe5) c.j     pc - 8
core   0: 3 0x8000bc58 (0xbfe5)
core   0: 0x8000bc50 (0x00001f17) auipc   t5, 0x1
core   0: 3 0x8000bc50 (0x00001f17) x30 0x8000cc50
core   0: 0x8000bc54 (0x3a3f2823) sw      gp, 944(t5)
core   0: 3 0x8000bc54 (0x3a3f2823) mem 0x8000d000 0x00000001
core   0: 0x8000bc58 (0x0000bfe5) c.j     pc - 8
core   0: 3 0x8000bc58 (0xbfe5)
core   0: 0x8000bc50 (0x00001f17) auipc   t5, 0x1
core   0: 3 0x8000bc50 (0x00001f17) x30 0x8000cc50
core   0: 0x8000bc54 (0x3a3f2823) sw      gp, 944(t5)
core   0: 3 0x8000bc54 (0x3a3f2823) mem 0x8000d000 0x00000001
core   0: 0x8000bc58 (0x0000bfe5) c.j     pc - 8
core   0: 3 0x8000bc58 (0xbfe5)
core   0: 0x8000bc50 (0x00001f17) auipc   t5, 0x1
core   0: 3 0x8000bc50 (0x00001f17) x30 0x8000cc50
core   0: 0x8000bc54 (0x3a3f2823) sw      gp, 944(t5)
core   0: 3 0x8000bc54 (0x3a3f2823) mem 0x8000d000 0x00000001
core   0: 0x8000bc58 (0x0000bfe5) c.j     pc - 8
core   0: 3 0x8000bc58 (0xbfe5)
core   0: 0x8000bc50 (0x00001f17) auipc   t5, 0x1
core   0: 3 0x8000bc50 (0x00001f17) x30 0x8000cc50
core   0: 0x8000bc54 (0x3a3f2823) sw      gp, 944(t5)
core   0: 3 0x8000bc54 (0x3a3f2823) mem 0x8000d000 0x00000001
core   0: 0x8000bc58 (0x0000bfe5) c.j     pc - 8
core   0: 3 0x8000bc58 (0xbfe5)
core   0: 0x8000bc50 (0x00001f17) auipc   t5, 0x1
core   0: 3 0x8000bc50 (0x00001f17) x30 0x8000cc50
core   0: 0x8000bc54 (0x3a3f2823) sw      gp, 944(t5)
core   0: 3 0x8000bc54 (0x3a3f2823) mem 0x8000d000 0x00000001
core   0: 0x8000bc58 (0x0000bfe5) c.j     pc - 8
core   0: 3 0x8000bc58 (0xbfe5)
core   0: 0x8000bc50 (0x00001f17) auipc   t5, 0x1
core   0: 3 0x8000bc50 (0x00001f17) x30 0x8000cc50
core   0: 0x8000bc54 (0x3a3f2823) sw      gp, 944(t5)
core   0: 3 0x8000bc54 (0x3a3f2823) mem 0x8000d000 0x00000001
core   0: 0x8000bc58 (0x0000bfe5) c.j     pc - 8
core   0: 3 0x8000bc58 (0xbfe5)
core   0: 0x8000bc50 (0x00001f17) auipc   t5, 0x1
core   0: 3 0x8000bc50 (0x00001f17) x30 0x8000cc50
core   0: 0x8000bc54 (0x3a3f2823) sw      gp, 944(t5)
core   0: 3 0x8000bc54 (0x3a3f2823) mem 0x8000d000 0x00000001
core   0: 0x8000bc58 (0x0000bfe5) c.j     pc - 8
core   0: 3 0x8000bc58 (0xbfe5)
core   0: 0x8000bc50 (0x00001f17) auipc   t5, 0x1
core   0: 3 0x8000bc50 (0x00001f17) x30 0x8000cc50
core   0: 0x8000bc54 (0x3a3f2823) sw      gp, 944(t5)
core   0: 3 0x8000bc54 (0x3a3f2823) mem 0x8000d000 0x00000001
core   0: 0x8000bc58 (0x0000bfe5) c.j     pc - 8
core   0: 3 0x8000bc58 (0xbfe5)
core   0: 0x8000bc50 (0x00001f17) auipc   t5, 0x1
core   0: 3 0x8000bc50 (0x00001f17) x30 0x8000cc50
core   0: 0x8000bc54 (0x3a3f2823) sw      gp, 944(t5)
core   0: 3 0x8000bc54 (0x3a3f2823) mem 0x8000d000 0x00000001
core   0: 0x8000bc58 (0x0000bfe5) c.j     pc - 8
core   0: 3 0x8000bc58 (0xbfe5)
core   0: 0x8000bc50 (0x00001f17) auipc   t5, 0x1
core   0: 3 0x8000bc50 (0x00001f17) x30 0x8000cc50
core   0: 0x8000bc54 (0x3a3f2823) sw      gp, 944(t5)
core   0: 3 0x8000bc54 (0x3a3f2823) mem 0x8000d000 0x00000001
core   0: 0x8000bc58 (0x0000bfe5) c.j     pc - 8
core   0: 3 0x8000bc58 (0xbfe5)
core   0: 0x8000bc50 (0x00001f17) auipc   t5, 0x1
core   0: 3 0x8000bc50 (0x00001f17) x30 0x8000cc50
core   0: 0x8000bc54 (0x3a3f2823) sw      gp, 944(t5)
core   0: 3 0x8000bc54 (0x3a3f2823) mem 0x8000d000 0x00000001
core   0: 0x8000bc58 (0x0000bfe5) c.j     pc - 8
core   0: 3 0x8000bc58 (0xbfe5)
core   0: 0x8000bc50 (0x00001f17) auipc   t5, 0x1
core   0: 3 0x8000bc50 (0x00001f17) x30 0x8000cc50
core   0: 0x8000bc54 (0x3a3f2823) sw      gp, 944(t5)
core   0: 3 0x8000bc54 (0x3a3f2823) mem 0x8000d000 0x00000001
core   0: 0x8000bc58 (0x0000bfe5) c.j     pc - 8
core   0: 3 0x8000bc58 (0xbfe5)
core   0: 0x8000bc50 (0x00001f17) auipc   t5, 0x1
core   0: 3 0x8000bc50 (0x00001f17) x30 0x8000cc50
core   0: 0x8000bc54 (0x3a3f2823) sw      gp, 944(t5)
core   0: 3 0x8000bc54 (0x3a3f2823) mem 0x8000d000 0x00000001
core   0: 0x8000bc58 (0x0000bfe5) c.j     pc - 8
core   0: 3 0x8000bc58 (0xbfe5)
core   0: 0x8000bc50 (0x00001f17) auipc   t5, 0x1
core   0: 3 0x8000bc50 (0x00001f17) x30 0x8000cc50
core   0: 0x8000bc54 (0x3a3f2823) sw      gp, 944(t5)
core   0: 3 0x8000bc54 (0x3a3f2823) mem 0x8000d000 0x00000001
core   0: 0x8000bc58 (0x0000bfe5) c.j     pc - 8
core   0: 3 0x8000bc58 (0xbfe5)
core   0: 0x8000bc50 (0x00001f17) auipc   t5, 0x1
core   0: 3 0x8000bc50 (0x00001f17) x30 0x8000cc50
core   0: 0x8000bc54 (0x3a3f2823) sw      gp, 944(t5)
core   0: 3 0x8000bc54 (0x3a3f2823) mem 0x8000d000 0x00000001
core   0: 0x8000bc58 (0x0000bfe5) c.j     pc - 8
core   0: 3 0x8000bc58 (0xbfe5)
core   0: 0x8000bc50 (0x00001f17) auipc   t5, 0x1
core   0: 3 0x8000bc50 (0x00001f17) x30 0x8000cc50
core   0: 0x8000bc54 (0x3a3f2823) sw      gp, 944(t5)
core   0: 3 0x8000bc54 (0x3a3f2823) mem 0x8000d000 0x00000001
core   0: 0x8000bc58 (0x0000bfe5) c.j     pc - 8
core   0: 3 0x8000bc58 (0xbfe5)
core   0: 0x8000bc50 (0x00001f17) auipc   t5, 0x1
core   0: 3 0x8000bc50 (0x00001f17) x30 0x8000cc50
core   0: 0x8000bc54 (0x3a3f2823) sw      gp, 944(t5)
core   0: 3 0x8000bc54 (0x3a3f2823) mem 0x8000d000 0x00000001
core   0: 0x8000bc58 (0x0000bfe5) c.j     pc - 8
core   0: 3 0x8000bc58 (0xbfe5)
core   0: 0x8000bc50 (0x00001f17) auipc   t5, 0x1
core   0: 3 0x8000bc50 (0x00001f17) x30 0x8000cc50
core   0: 0x8000bc54 (0x3a3f2823) sw      gp, 944(t5)
core   0: 3 0x8000bc54 (0x3a3f2823) mem 0x8000d000 0x00000001
core   0: 0x8000bc58 (0x0000bfe5) c.j     pc - 8
core   0: 3 0x8000bc58 (0xbfe5)
core   0: 0x8000bc50 (0x00001f17) auipc   t5, 0x1
core   0: 3 0x8000bc50 (0x00001f17) x30 0x8000cc50
core   0: 0x8000bc54 (0x3a3f2823) sw      gp, 944(t5)
core   0: 3 0x8000bc54 (0x3a3f2823) mem 0x8000d000 0x00000001
core   0: 0x8000bc58 (0x0000bfe5) c.j     pc - 8
core   0: 3 0x8000bc58 (0xbfe5)
core   0: 0x8000bc50 (0x00001f17) auipc   t5, 0x1
core   0: 3 0x8000bc50 (0x00001f17) x30 0x8000cc50
core   0: 0x8000bc54 (0x3a3f2823) sw      gp, 944(t5)
core   0: 3 0x8000bc54 (0x3a3f2823) mem 0x8000d000 0x00000001
core   0: 0x8000bc58 (0x0000bfe5) c.j     pc - 8
core   0: 3 0x8000bc58 (0xbfe5)
core   0: 0x8000bc50 (0x00001f17) auipc   t5, 0x1
core   0: 3 0x8000bc50 (0x00001f17) x30 0x8000cc50
core   0: 0x8000bc54 (0x3a3f2823) sw      gp, 944(t5)
core   0: 3 0x8000bc54 (0x3a3f2823) mem 0x8000d000 0x00000001
core   0: 0x8000bc58 (0x0000bfe5) c.j     pc - 8
core   0: 3 0x8000bc58 (0xbfe5)
core   0: 0x8000bc50 (0x00001f17) auipc   t5, 0x1
core   0: 3 0x8000bc50 (0x00001f17) x30 0x8000cc50
core   0: 0x8000bc54 (0x3a3f2823) sw      gp, 944(t5)
core   0: 3 0x8000bc54 (0x3a3f2823) mem 0x8000d000 0x00000001
core   0: 0x8000bc58 (0x0000bfe5) c.j     pc - 8
core   0: 3 0x8000bc58 (0xbfe5)
core   0: 0x8000bc50 (0x00001f17) auipc   t5, 0x1
core   0: 3 0x8000bc50 (0x00001f17) x30 0x8000cc50
core   0: 0x8000bc54 (0x3a3f2823) sw      gp, 944(t5)
core   0: 3 0x8000bc54 (0x3a3f2823) mem 0x8000d000 0x00000001
core   0: 0x8000bc58 (0x0000bfe5) c.j     pc - 8
core   0: 3 0x8000bc58 (0xbfe5)
core   0: 0x8000bc50 (0x00001f17) auipc   t5, 0x1
core   0: 3 0x8000bc50 (0x00001f17) x30 0x8000cc50
core   0: 0x8000bc54 (0x3a3f2823) sw      gp, 944(t5)
core   0: 3 0x8000bc54 (0x3a3f2823) mem 0x8000d000 0x00000001
core   0: 0x8000bc58 (0x0000bfe5) c.j     pc - 8
core   0: 3 0x8000bc58 (0xbfe5)
core   0: 0x8000bc50 (0x00001f17) auipc   t5, 0x1
core   0: 3 0x8000bc50 (0x00001f17) x30 0x8000cc50
core   0: 0x8000bc54 (0x3a3f2823) sw      gp, 944(t5)
core   0: 3 0x8000bc54 (0x3a3f2823) mem 0x8000d000 0x00000001
core   0: 0x8000bc58 (0x0000bfe5) c.j     pc - 8
core   0: 3 0x8000bc58 (0xbfe5)
core   0: 0x8000bc50 (0x00001f17) auipc   t5, 0x1
core   0: 3 0x8000bc50 (0x00001f17) x30 0x8000cc50
core   0: 0x8000bc54 (0x3a3f2823) sw      gp, 944(t5)
core   0: 3 0x8000bc54 (0x3a3f2823) mem 0x8000d000 0x00000001
core   0: 0x8000bc58 (0x0000bfe5) c.j     pc - 8
core   0: 3 0x8000bc58 (0xbfe5)
core   0: 0x8000bc50 (0x00001f17) auipc   t5, 0x1
core   0: 3 0x8000bc50 (0x00001f17) x30 0x8000cc50
core   0: 0x8000bc54 (0x3a3f2823) sw      gp, 944(t5)
core   0: 3 0x8000bc54 (0x3a3f2823) mem 0x8000d000 0x00000001
core   0: 0x8000bc58 (0x0000bfe5) c.j     pc - 8
core   0: 3 0x8000bc58 (0xbfe5)
core   0: 0x8000bc50 (0x00001f17) auipc   t5, 0x1
core   0: 3 0x8000bc50 (0x00001f17) x30 0x8000cc50
core   0: 0x8000bc54 (0x3a3f2823) sw      gp, 944(t5)
core   0: 3 0x8000bc54 (0x3a3f2823) mem 0x8000d000 0x00000001
core   0: 0x8000bc58 (0x0000bfe5) c.j     pc - 8
core   0: 3 0x8000bc58 (0xbfe5)
core   0: 0x8000bc50 (0x00001f17) auipc   t5, 0x1
core   0: 3 0x8000bc50 (0x00001f17) x30 0x8000cc50
core   0: 0x8000bc54 (0x3a3f2823) sw      gp, 944(t5)
core   0: 3 0x8000bc54 (0x3a3f2823) mem 0x8000d000 0x00000001
core   0: 0x8000bc58 (0x0000bfe5) c.j     pc - 8
core   0: 3 0x8000bc58 (0xbfe5)
core   0: 0x8000bc50 (0x00001f17) auipc   t5, 0x1
core   0: 3 0x8000bc50 (0x00001f17) x30 0x8000cc50
core   0: 0x8000bc54 (0x3a3f2823) sw      gp, 944(t5)
core   0: 3 0x8000bc54 (0x3a3f2823) mem 0x8000d000 0x00000001
core   0: 0x8000bc58 (0x0000bfe5) c.j     pc - 8
core   0: 3 0x8000bc58 (0xbfe5)
core   0: 0x8000bc50 (0x00001f17) auipc   t5, 0x1
core   0: 3 0x8000bc50 (0x00001f17) x30 0x8000cc50
core   0: 0x8000bc54 (0x3a3f2823) sw      gp, 944(t5)
core   0: 3 0x8000bc54 (0x3a3f2823) mem 0x8000d000 0x00000001
core   0: 0x8000bc58 (0x0000bfe5) c.j     pc - 8
core   0: 3 0x8000bc58 (0xbfe5)
core   0: 0x8000bc50 (0x00001f17) auipc   t5, 0x1
core   0: 3 0x8000bc50 (0x00001f17) x30 0x8000cc50
core   0: 0x8000bc54 (0x3a3f2823) sw      gp, 944(t5)
core   0: 3 0x8000bc54 (0x3a3f2823) mem 0x8000d000 0x00000001
core   0: 0x8000bc58 (0x0000bfe5) c.j     pc - 8
core   0: 3 0x8000bc58 (0xbfe5)
core   0: 0x8000bc50 (0x00001f17) auipc   t5, 0x1
core   0: 3 0x8000bc50 (0x00001f17) x30 0x8000cc50
core   0: 0x8000bc54 (0x3a3f2823) sw      gp, 944(t5)
core   0: 3 0x8000bc54 (0x3a3f2823) mem 0x8000d000 0x00000001
core   0: 0x8000bc58 (0x0000bfe5) c.j     pc - 8
core   0: 3 0x8000bc58 (0xbfe5)
core   0: 0x8000bc50 (0x00001f17) auipc   t5, 0x1
core   0: 3 0x8000bc50 (0x00001f17) x30 0x8000cc50
core   0: 0x8000bc54 (0x3a3f2823) sw      gp, 944(t5)
core   0: 3 0x8000bc54 (0x3a3f2823) mem 0x8000d000 0x00000001
core   0: 0x8000bc58 (0x0000bfe5) c.j     pc - 8
core   0: 3 0x8000bc58 (0xbfe5)
core   0: 0x8000bc50 (0x00001f17) auipc   t5, 0x1
core   0: 3 0x8000bc50 (0x00001f17) x30 0x8000cc50
core   0: 0x8000bc54 (0x3a3f2823) sw      gp, 944(t5)
core   0: 3 0x8000bc54 (0x3a3f2823) mem 0x8000d000 0x00000001
core   0: 0x8000bc58 (0x0000bfe5) c.j     pc - 8
core   0: 3 0x8000bc58 (0xbfe5)
core   0: 0x8000bc50 (0x00001f17) auipc   t5, 0x1
core   0: 3 0x8000bc50 (0x00001f17) x30 0x8000cc50
core   0: 0x8000bc54 (0x3a3f2823) sw      gp, 944(t5)
core   0: 3 0x8000bc54 (0x3a3f2823) mem 0x8000d000 0x00000001
core   0: 0x8000bc58 (0x0000bfe5) c.j     pc - 8
core   0: 3 0x8000bc58 (0xbfe5)
core   0: 0x8000bc50 (0x00001f17) auipc   t5, 0x1
core   0: 3 0x8000bc50 (0x00001f17) x30 0x8000cc50
core   0: 0x8000bc54 (0x3a3f2823) sw      gp, 944(t5)
core   0: 3 0x8000bc54 (0x3a3f2823) mem 0x8000d000 0x00000001
core   0: 0x8000bc58 (0x0000bfe5) c.j     pc - 8
core   0: 3 0x8000bc58 (0xbfe5)
core   0: 0x8000bc50 (0x00001f17) auipc   t5, 0x1
core   0: 3 0x8000bc50 (0x00001f17) x30 0x8000cc50
core   0: 0x8000bc54 (0x3a3f2823) sw      gp, 944(t5)
core   0: 3 0x8000bc54 (0x3a3f2823) mem 0x8000d000 0x00000001
core   0: 0x8000bc58 (0x0000bfe5) c.j     pc - 8
core   0: 3 0x8000bc58 (0xbfe5)
core   0: 0x8000bc50 (0x00001f17) auipc   t5, 0x1
core   0: 3 0x8000bc50 (0x00001f17) x30 0x8000cc50
core   0: 0x8000bc54 (0x3a3f2823) sw      gp, 944(t5)
core   0: 3 0x8000bc54 (0x3a3f2823) mem 0x8000d000 0x00000001
core   0: 0x8000bc58 (0x0000bfe5) c.j     pc - 8
core   0: 3 0x8000bc58 (0xbfe5)
core   0: 0x8000bc50 (0x00001f17) auipc   t5, 0x1
core   0: 3 0x8000bc50 (0x00001f17) x30 0x8000cc50
core   0: 0x8000bc54 (0x3a3f2823) sw      gp, 944(t5)
core   0: 3 0x8000bc54 (0x3a3f2823) mem 0x8000d000 0x00000001
core   0: 0x8000bc58 (0x0000bfe5) c.j     pc - 8
core   0: 3 0x8000bc58 (0xbfe5)
core   0: 0x8000bc50 (0x00001f17) auipc   t5, 0x1
core   0: 3 0x8000bc50 (0x00001f17) x30 0x8000cc50
core   0: 0x8000bc54 (0x3a3f2823) sw      gp, 944(t5)
core   0: 3 0x8000bc54 (0x3a3f2823) mem 0x8000d000 0x00000001
core   0: 0x8000bc58 (0x0000bfe5) c.j     pc - 8
core   0: 3 0x8000bc58 (0xbfe5)
core   0: 0x8000bc50 (0x00001f17) auipc   t5, 0x1
core   0: 3 0x8000bc50 (0x00001f17) x30 0x8000cc50
core   0: 0x8000bc54 (0x3a3f2823) sw      gp, 944(t5)
core   0: 3 0x8000bc54 (0x3a3f2823) mem 0x8000d000 0x00000001
core   0: 0x8000bc58 (0x0000bfe5) c.j     pc - 8
core   0: 3 0x8000bc58 (0xbfe5)
core   0: 0x8000bc50 (0x00001f17) auipc   t5, 0x1
core   0: 3 0x8000bc50 (0x00001f17) x30 0x8000cc50
core   0: 0x8000bc54 (0x3a3f2823) sw      gp, 944(t5)
core   0: 3 0x8000bc54 (0x3a3f2823) mem 0x8000d000 0x00000001
core   0: 0x8000bc58 (0x0000bfe5) c.j     pc - 8
core   0: 3 0x8000bc58 (0xbfe5)
core   0: 0x8000bc50 (0x00001f17) auipc   t5, 0x1
core   0: 3 0x8000bc50 (0x00001f17) x30 0x8000cc50
core   0: 0x8000bc54 (0x3a3f2823) sw      gp, 944(t5)
core   0: 3 0x8000bc54 (0x3a3f2823) mem 0x8000d000 0x00000001
core   0: 0x8000bc58 (0x0000bfe5) c.j     pc - 8
core   0: 3 0x8000bc58 (0xbfe5)
core   0: 0x8000bc50 (0x00001f17) auipc   t5, 0x1
core   0: 3 0x8000bc50 (0x00001f17) x30 0x8000cc50
core   0: 0x8000bc54 (0x3a3f2823) sw      gp, 944(t5)
core   0: 3 0x8000bc54 (0x3a3f2823) mem 0x8000d000 0x00000001
core   0: 0x8000bc58 (0x0000bfe5) c.j     pc - 8
core   0: 3 0x8000bc58 (0xbfe5)
core   0: 0x8000bc50 (0x00001f17) auipc   t5, 0x1
core   0: 3 0x8000bc50 (0x00001f17) x30 0x8000cc50
core   0: 0x8000bc54 (0x3a3f2823) sw      gp, 944(t5)
core   0: 3 0x8000bc54 (0x3a3f2823) mem 0x8000d000 0x00000001
core   0: 0x8000bc58 (0x0000bfe5) c.j     pc - 8
core   0: 3 0x8000bc58 (0xbfe5)
core   0: 0x8000bc50 (0x00001f17) auipc   t5, 0x1
core   0: 3 0x8000bc50 (0x00001f17) x30 0x8000cc50
core   0: 0x8000bc54 (0x3a3f2823) sw      gp, 944(t5)
core   0: 3 0x8000bc54 (0x3a3f2823) mem 0x8000d000 0x00000001
core   0: 0x8000bc58 (0x0000bfe5) c.j     pc - 8
core   0: 3 0x8000bc58 (0xbfe5)
core   0: 0x8000bc50 (0x00001f17) auipc   t5, 0x1
core   0: 3 0x8000bc50 (0x00001f17) x30 0x8000cc50
core   0: 0x8000bc54 (0x3a3f2823) sw      gp, 944(t5)
core   0: 3 0x8000bc54 (0x3a3f2823) mem 0x8000d000 0x00000001
core   0: 0x8000bc58 (0x0000bfe5) c.j     pc - 8
core   0: 3 0x8000bc58 (0xbfe5)
core   0: 0x8000bc50 (0x00001f17) auipc   t5, 0x1
core   0: 3 0x8000bc50 (0x00001f17) x30 0x8000cc50
core   0: 0x8000bc54 (0x3a3f2823) sw      gp, 944(t5)
core   0: 3 0x8000bc54 (0x3a3f2823) mem 0x8000d000 0x00000001
core   0: 0x8000bc58 (0x0000bfe5) c.j     pc - 8
core   0: 3 0x8000bc58 (0xbfe5)
core   0: 0x8000bc50 (0x00001f17) auipc   t5, 0x1
core   0: 3 0x8000bc50 (0x00001f17) x30 0x8000cc50
core   0: 0x8000bc54 (0x3a3f2823) sw      gp, 944(t5)
core   0: 3 0x8000bc54 (0x3a3f2823) mem 0x8000d000 0x00000001
core   0: 0x8000bc58 (0x0000bfe5) c.j     pc - 8
core   0: 3 0x8000bc58 (0xbfe5)
core   0: 0x8000bc50 (0x00001f17) auipc   t5, 0x1
core   0: 3 0x8000bc50 (0x00001f17) x30 0x8000cc50
core   0: 0x8000bc54 (0x3a3f2823) sw      gp, 944(t5)
core   0: 3 0x8000bc54 (0x3a3f2823) mem 0x8000d000 0x00000001
core   0: 0x8000bc58 (0x0000bfe5) c.j     pc - 8
core   0: 3 0x8000bc58 (0xbfe5)
core   0: 0x8000bc50 (0x00001f17) auipc   t5, 0x1
core   0: 3 0x8000bc50 (0x00001f17) x30 0x8000cc50
core   0: 0x8000bc54 (0x3a3f2823) sw      gp, 944(t5)
core   0: 3 0x8000bc54 (0x3a3f2823) mem 0x8000d000 0x00000001
core   0: 0x8000bc58 (0x0000bfe5) c.j     pc - 8
core   0: 3 0x8000bc58 (0xbfe5)
core   0: 0x8000bc50 (0x00001f17) auipc   t5, 0x1
core   0: 3 0x8000bc50 (0x00001f17) x30 0x8000cc50
core   0: 0x8000bc54 (0x3a3f2823) sw      gp, 944(t5)
core   0: 3 0x8000bc54 (0x3a3f2823) mem 0x8000d000 0x00000001
core   0: 0x8000bc58 (0x0000bfe5) c.j     pc - 8
core   0: 3 0x8000bc58 (0xbfe5)
core   0: 0x8000bc50 (0x00001f17) auipc   t5, 0x1
core   0: 3 0x8000bc50 (0x00001f17) x30 0x8000cc50
core   0: 0x8000bc54 (0x3a3f2823) sw      gp, 944(t5)
core   0: 3 0x8000bc54 (0x3a3f2823) mem 0x8000d000 0x00000001
core   0: 0x8000bc58 (0x0000bfe5) c.j     pc - 8
core   0: 3 0x8000bc58 (0xbfe5)
core   0: 0x8000bc50 (0x00001f17) auipc   t5, 0x1
core   0: 3 0x8000bc50 (0x00001f17) x30 0x8000cc50
core   0: 0x8000bc54 (0x3a3f2823) sw      gp, 944(t5)
core   0: 3 0x8000bc54 (0x3a3f2823) mem 0x8000d000 0x00000001
core   0: 0x8000bc58 (0x0000bfe5) c.j     pc - 8
core   0: 3 0x8000bc58 (0xbfe5)
core   0: 0x8000bc50 (0x00001f17) auipc   t5, 0x1
core   0: 3 0x8000bc50 (0x00001f17) x30 0x8000cc50
core   0: 0x8000bc54 (0x3a3f2823) sw      gp, 944(t5)
core   0: 3 0x8000bc54 (0x3a3f2823) mem 0x8000d000 0x00000001
core   0: 0x8000bc58 (0x0000bfe5) c.j     pc - 8
core   0: 3 0x8000bc58 (0xbfe5)
core   0: 0x8000bc50 (0x00001f17) auipc   t5, 0x1
core   0: 3 0x8000bc50 (0x00001f17) x30 0x8000cc50
core   0: 0x8000bc54 (0x3a3f2823) sw      gp, 944(t5)
core   0: 3 0x8000bc54 (0x3a3f2823) mem 0x8000d000 0x00000001
core   0: 0x8000bc58 (0x0000bfe5) c.j     pc - 8
core   0: 3 0x8000bc58 (0xbfe5)
core   0: 0x8000bc50 (0x00001f17) auipc   t5, 0x1
core   0: 3 0x8000bc50 (0x00001f17) x30 0x8000cc50
core   0: 0x8000bc54 (0x3a3f2823) sw      gp, 944(t5)
core   0: 3 0x8000bc54 (0x3a3f2823) mem 0x8000d000 0x00000001
core   0: 0x8000bc58 (0x0000bfe5) c.j     pc - 8
core   0: 3 0x8000bc58 (0xbfe5)
core   0: 0x8000bc50 (0x00001f17) auipc   t5, 0x1
core   0: 3 0x8000bc50 (0x00001f17) x30 0x8000cc50
core   0: 0x8000bc54 (0x3a3f2823) sw      gp, 944(t5)
core   0: 3 0x8000bc54 (0x3a3f2823) mem 0x8000d000 0x00000001
core   0: 0x8000bc58 (0x0000bfe5) c.j     pc - 8
core   0: 3 0x8000bc58 (0xbfe5)
core   0: 0x8000bc50 (0x00001f17) auipc   t5, 0x1
core   0: 3 0x8000bc50 (0x00001f17) x30 0x8000cc50
core   0: 0x8000bc54 (0x3a3f2823) sw      gp, 944(t5)
core   0: 3 0x8000bc54 (0x3a3f2823) mem 0x8000d000 0x00000001
core   0: 0x8000bc58 (0x0000bfe5) c.j     pc - 8
core   0: 3 0x8000bc58 (0xbfe5)
core   0: 0x8000bc50 (0x00001f17) auipc   t5, 0x1
core   0: 3 0x8000bc50 (0x00001f17) x30 0x8000cc50
core   0: 0x8000bc54 (0x3a3f2823) sw      gp, 944(t5)
core   0: 3 0x8000bc54 (0x3a3f2823) mem 0x8000d000 0x00000001
core   0: 0x8000bc58 (0x0000bfe5) c.j     pc - 8
core   0: 3 0x8000bc58 (0xbfe5)
core   0: 0x8000bc50 (0x00001f17) auipc   t5, 0x1
core   0: 3 0x8000bc50 (0x00001f17) x30 0x8000cc50
core   0: 0x8000bc54 (0x3a3f2823) sw      gp, 944(t5)
core   0: 3 0x8000bc54 (0x3a3f2823) mem 0x8000d000 0x00000001
core   0: 0x8000bc58 (0x0000bfe5) c.j     pc - 8
core   0: 3 0x8000bc58 (0xbfe5)
core   0: 0x8000bc50 (0x00001f17) auipc   t5, 0x1
core   0: 3 0x8000bc50 (0x00001f17) x30 0x8000cc50
core   0: 0x8000bc54 (0x3a3f2823) sw      gp, 944(t5)
core   0: 3 0x8000bc54 (0x3a3f2823) mem 0x8000d000 0x00000001
core   0: 0x8000bc58 (0x0000bfe5) c.j     pc - 8
core   0: 3 0x8000bc58 (0xbfe5)
core   0: 0x8000bc50 (0x00001f17) auipc   t5, 0x1
core   0: 3 0x8000bc50 (0x00001f17) x30 0x8000cc50
core   0: 0x8000bc54 (0x3a3f2823) sw      gp, 944(t5)
core   0: 3 0x8000bc54 (0x3a3f2823) mem 0x8000d000 0x00000001
core   0: 0x8000bc58 (0x0000bfe5) c.j     pc - 8
core   0: 3 0x8000bc58 (0xbfe5)
core   0: 0x8000bc50 (0x00001f17) auipc   t5, 0x1
core   0: 3 0x8000bc50 (0x00001f17) x30 0x8000cc50
core   0: 0x8000bc54 (0x3a3f2823) sw      gp, 944(t5)
core   0: 3 0x8000bc54 (0x3a3f2823) mem 0x8000d000 0x00000001
core   0: 0x8000bc58 (0x0000bfe5) c.j     pc - 8
core   0: 3 0x8000bc58 (0xbfe5)
core   0: 0x8000bc50 (0x00001f17) auipc   t5, 0x1
core   0: 3 0x8000bc50 (0x00001f17) x30 0x8000cc50
core   0: 0x8000bc54 (0x3a3f2823) sw      gp, 944(t5)
core   0: 3 0x8000bc54 (0x3a3f2823) mem 0x8000d000 0x00000001
core   0: 0x8000bc58 (0x0000bfe5) c.j     pc - 8
core   0: 3 0x8000bc58 (0xbfe5)
core   0: 0x8000bc50 (0x00001f17) auipc   t5, 0x1
core   0: 3 0x8000bc50 (0x00001f17) x30 0x8000cc50
core   0: 0x8000bc54 (0x3a3f2823) sw      gp, 944(t5)
core   0: 3 0x8000bc54 (0x3a3f2823) mem 0x8000d000 0x00000001
core   0: 0x8000bc58 (0x0000bfe5) c.j     pc - 8
core   0: 3 0x8000bc58 (0xbfe5)
core   0: 0x8000bc50 (0x00001f17) auipc   t5, 0x1
core   0: 3 0x8000bc50 (0x00001f17) x30 0x8000cc50
core   0: 0x8000bc54 (0x3a3f2823) sw      gp, 944(t5)
core   0: 3 0x8000bc54 (0x3a3f2823) mem 0x8000d000 0x00000001
core   0: 0x8000bc58 (0x0000bfe5) c.j     pc - 8
core   0: 3 0x8000bc58 (0xbfe5)
core   0: 0x8000bc50 (0x00001f17) auipc   t5, 0x1
core   0: 3 0x8000bc50 (0x00001f17) x30 0x8000cc50
core   0: 0x8000bc54 (0x3a3f2823) sw      gp, 944(t5)
core   0: 3 0x8000bc54 (0x3a3f2823) mem 0x8000d000 0x00000001
core   0: 0x8000bc58 (0x0000bfe5) c.j     pc - 8
core   0: 3 0x8000bc58 (0xbfe5)
core   0: 0x8000bc50 (0x00001f17) auipc   t5, 0x1
core   0: 3 0x8000bc50 (0x00001f17) x30 0x8000cc50
core   0: 0x8000bc54 (0x3a3f2823) sw      gp, 944(t5)
core   0: 3 0x8000bc54 (0x3a3f2823) mem 0x8000d000 0x00000001
core   0: 0x8000bc58 (0x0000bfe5) c.j     pc - 8
core   0: 3 0x8000bc58 (0xbfe5)
core   0: 0x8000bc50 (0x00001f17) auipc   t5, 0x1
core   0: 3 0x8000bc50 (0x00001f17) x30 0x8000cc50
core   0: 0x8000bc54 (0x3a3f2823) sw      gp, 944(t5)
core   0: 3 0x8000bc54 (0x3a3f2823) mem 0x8000d000 0x00000001
core   0: 0x8000bc58 (0x0000bfe5) c.j     pc - 8
core   0: 3 0x8000bc58 (0xbfe5)
core   0: 0x8000bc50 (0x00001f17) auipc   t5, 0x1
core   0: 3 0x8000bc50 (0x00001f17) x30 0x8000cc50
core   0: 0x8000bc54 (0x3a3f2823) sw      gp, 944(t5)
core   0: 3 0x8000bc54 (0x3a3f2823) mem 0x8000d000 0x00000001
core   0: 0x8000bc58 (0x0000bfe5) c.j     pc - 8
core   0: 3 0x8000bc58 (0xbfe5)
core   0: 0x8000bc50 (0x00001f17) auipc   t5, 0x1
core   0: 3 0x8000bc50 (0x00001f17) x30 0x8000cc50
core   0: 0x8000bc54 (0x3a3f2823) sw      gp, 944(t5)
core   0: 3 0x8000bc54 (0x3a3f2823) mem 0x8000d000 0x00000001
core   0: 0x8000bc58 (0x0000bfe5) c.j     pc - 8
core   0: 3 0x8000bc58 (0xbfe5)
core   0: 0x8000bc50 (0x00001f17) auipc   t5, 0x1
core   0: 3 0x8000bc50 (0x00001f17) x30 0x8000cc50
core   0: 0x8000bc54 (0x3a3f2823) sw      gp, 944(t5)
core   0: 3 0x8000bc54 (0x3a3f2823) mem 0x8000d000 0x00000001
core   0: 0x8000bc58 (0x0000bfe5) c.j     pc - 8
core   0: 3 0x8000bc58 (0xbfe5)
core   0: 0x8000bc50 (0x00001f17) auipc   t5, 0x1
core   0: 3 0x8000bc50 (0x00001f17) x30 0x8000cc50
core   0: 0x8000bc54 (0x3a3f2823) sw      gp, 944(t5)
core   0: 3 0x8000bc54 (0x3a3f2823) mem 0x8000d000 0x00000001
core   0: 0x8000bc58 (0x0000bfe5) c.j     pc - 8
core   0: 3 0x8000bc58 (0xbfe5)
core   0: 0x8000bc50 (0x00001f17) auipc   t5, 0x1
core   0: 3 0x8000bc50 (0x00001f17) x30 0x8000cc50
core   0: 0x8000bc54 (0x3a3f2823) sw      gp, 944(t5)
core   0: 3 0x8000bc54 (0x3a3f2823) mem 0x8000d000 0x00000001
core   0: 0x8000bc58 (0x0000bfe5) c.j     pc - 8
core   0: 3 0x8000bc58 (0xbfe5)
core   0: 0x8000bc50 (0x00001f17) auipc   t5, 0x1
core   0: 3 0x8000bc50 (0x00001f17) x30 0x8000cc50
core   0: 0x8000bc54 (0x3a3f2823) sw      gp, 944(t5)
core   0: 3 0x8000bc54 (0x3a3f2823) mem 0x8000d000 0x00000001
core   0: 0x8000bc58 (0x0000bfe5) c.j     pc - 8
core   0: 3 0x8000bc58 (0xbfe5)
core   0: 0x8000bc50 (0x00001f17) auipc   t5, 0x1
core   0: 3 0x8000bc50 (0x00001f17) x30 0x8000cc50
core   0: 0x8000bc54 (0x3a3f2823) sw      gp, 944(t5)
core   0: 3 0x8000bc54 (0x3a3f2823) mem 0x8000d000 0x00000001
core   0: 0x8000bc58 (0x0000bfe5) c.j     pc - 8
core   0: 3 0x8000bc58 (0xbfe5)
core   0: 0x8000bc50 (0x00001f17) auipc   t5, 0x1
core   0: 3 0x8000bc50 (0x00001f17) x30 0x8000cc50
core   0: 0x8000bc54 (0x3a3f2823) sw      gp, 944(t5)
core   0: 3 0x8000bc54 (0x3a3f2823) mem 0x8000d000 0x00000001
core   0: 0x8000bc58 (0x0000bfe5) c.j     pc - 8
core   0: 3 0x8000bc58 (0xbfe5)
core   0: 0x8000bc50 (0x00001f17) auipc   t5, 0x1
core   0: 3 0x8000bc50 (0x00001f17) x30 0x8000cc50
core   0: 0x8000bc54 (0x3a3f2823) sw      gp, 944(t5)
core   0: 3 0x8000bc54 (0x3a3f2823) mem 0x8000d000 0x00000001
core   0: 0x8000bc58 (0x0000bfe5) c.j     pc - 8
core   0: 3 0x8000bc58 (0xbfe5)
core   0: 0x8000bc50 (0x00001f17) auipc   t5, 0x1
core   0: 3 0x8000bc50 (0x00001f17) x30 0x8000cc50
core   0: 0x8000bc54 (0x3a3f2823) sw      gp, 944(t5)
core   0: 3 0x8000bc54 (0x3a3f2823) mem 0x8000d000 0x00000001
core   0: 0x8000bc58 (0x0000bfe5) c.j     pc - 8
core   0: 3 0x8000bc58 (0xbfe5)
core   0: 0x8000bc50 (0x00001f17) auipc   t5, 0x1
core   0: 3 0x8000bc50 (0x00001f17) x30 0x8000cc50
core   0: 0x8000bc54 (0x3a3f2823) sw      gp, 944(t5)
core   0: 3 0x8000bc54 (0x3a3f2823) mem 0x8000d000 0x00000001
core   0: 0x8000bc58 (0x0000bfe5) c.j     pc - 8
core   0: 3 0x8000bc58 (0xbfe5)
core   0: 0x8000bc50 (0x00001f17) auipc   t5, 0x1
core   0: 3 0x8000bc50 (0x00001f17) x30 0x8000cc50
core   0: 0x8000bc54 (0x3a3f2823) sw      gp, 944(t5)
core   0: 3 0x8000bc54 (0x3a3f2823) mem 0x8000d000 0x00000001
core   0: 0x8000bc58 (0x0000bfe5) c.j     pc - 8
core   0: 3 0x8000bc58 (0xbfe5)
core   0: 0x8000bc50 (0x00001f17) auipc   t5, 0x1
core   0: 3 0x8000bc50 (0x00001f17) x30 0x8000cc50
core   0: 0x8000bc54 (0x3a3f2823) sw      gp, 944(t5)
core   0: 3 0x8000bc54 (0x3a3f2823) mem 0x8000d000 0x00000001
core   0: 0x8000bc58 (0x0000bfe5) c.j     pc - 8
core   0: 3 0x8000bc58 (0xbfe5)
core   0: 0x8000bc50 (0x00001f17) auipc   t5, 0x1
core   0: 3 0x8000bc50 (0x00001f17) x30 0x8000cc50
core   0: 0x8000bc54 (0x3a3f2823) sw      gp, 944(t5)
core   0: 3 0x8000bc54 (0x3a3f2823) mem 0x8000d000 0x00000001
core   0: 0x8000bc58 (0x0000bfe5) c.j     pc - 8
core   0: 3 0x8000bc58 (0xbfe5)
core   0: 0x8000bc50 (0x00001f17) auipc   t5, 0x1
core   0: 3 0x8000bc50 (0x00001f17) x30 0x8000cc50
core   0: 0x8000bc54 (0x3a3f2823) sw      gp, 944(t5)
core   0: 3 0x8000bc54 (0x3a3f2823) mem 0x8000d000 0x00000001
core   0: 0x8000bc58 (0x0000bfe5) c.j     pc - 8
core   0: 3 0x8000bc58 (0xbfe5)
core   0: 0x8000bc50 (0x00001f17) auipc   t5, 0x1
core   0: 3 0x8000bc50 (0x00001f17) x30 0x8000cc50
core   0: 0x8000bc54 (0x3a3f2823) sw      gp, 944(t5)
core   0: 3 0x8000bc54 (0x3a3f2823) mem 0x8000d000 0x00000001
core   0: 0x8000bc58 (0x0000bfe5) c.j     pc - 8
core   0: 3 0x8000bc58 (0xbfe5)
core   0: 0x8000bc50 (0x00001f17) auipc   t5, 0x1
core   0: 3 0x8000bc50 (0x00001f17) x30 0x8000cc50
core   0: 0x8000bc54 (0x3a3f2823) sw      gp, 944(t5)
core   0: 3 0x8000bc54 (0x3a3f2823) mem 0x8000d000 0x00000001
core   0: 0x8000bc58 (0x0000bfe5) c.j     pc - 8
core   0: 3 0x8000bc58 (0xbfe5)
core   0: 0x8000bc50 (0x00001f17) auipc   t5, 0x1
core   0: 3 0x8000bc50 (0x00001f17) x30 0x8000cc50
core   0: 0x8000bc54 (0x3a3f2823) sw      gp, 944(t5)
core   0: 3 0x8000bc54 (0x3a3f2823) mem 0x8000d000 0x00000001
core   0: 0x8000bc58 (0x0000bfe5) c.j     pc - 8
core   0: 3 0x8000bc58 (0xbfe5)
core   0: 0x8000bc50 (0x00001f17) auipc   t5, 0x1
core   0: 3 0x8000bc50 (0x00001f17) x30 0x8000cc50
core   0: 0x8000bc54 (0x3a3f2823) sw      gp, 944(t5)
core   0: 3 0x8000bc54 (0x3a3f2823) mem 0x8000d000 0x00000001
core   0: 0x8000bc58 (0x0000bfe5) c.j     pc - 8
core   0: 3 0x8000bc58 (0xbfe5)
core   0: 0x8000bc50 (0x00001f17) auipc   t5, 0x1
core   0: 3 0x8000bc50 (0x00001f17) x30 0x8000cc50
core   0: 0x8000bc54 (0x3a3f2823) sw      gp, 944(t5)
core   0: 3 0x8000bc54 (0x3a3f2823) mem 0x8000d000 0x00000001
core   0: 0x8000bc58 (0x0000bfe5) c.j     pc - 8
core   0: 3 0x8000bc58 (0xbfe5)
core   0: 0x8000bc50 (0x00001f17) auipc   t5, 0x1
core   0: 3 0x8000bc50 (0x00001f17) x30 0x8000cc50
core   0: 0x8000bc54 (0x3a3f2823) sw      gp, 944(t5)
core   0: 3 0x8000bc54 (0x3a3f2823) mem 0x8000d000 0x00000001
core   0: 0x8000bc58 (0x0000bfe5) c.j     pc - 8
core   0: 3 0x8000bc58 (0xbfe5)
core   0: 0x8000bc50 (0x00001f17) auipc   t5, 0x1
core   0: 3 0x8000bc50 (0x00001f17) x30 0x8000cc50
core   0: 0x8000bc54 (0x3a3f2823) sw      gp, 944(t5)
core   0: 3 0x8000bc54 (0x3a3f2823) mem 0x8000d000 0x00000001
core   0: 0x8000bc58 (0x0000bfe5) c.j     pc - 8
core   0: 3 0x8000bc58 (0xbfe5)
core   0: 0x8000bc50 (0x00001f17) auipc   t5, 0x1
core   0: 3 0x8000bc50 (0x00001f17) x30 0x8000cc50
core   0: 0x8000bc54 (0x3a3f2823) sw      gp, 944(t5)
core   0: 3 0x8000bc54 (0x3a3f2823) mem 0x8000d000 0x00000001
core   0: 0x8000bc58 (0x0000bfe5) c.j     pc - 8
core   0: 3 0x8000bc58 (0xbfe5)
core   0: 0x8000bc50 (0x00001f17) auipc   t5, 0x1
core   0: 3 0x8000bc50 (0x00001f17) x30 0x8000cc50
core   0: 0x8000bc54 (0x3a3f2823) sw      gp, 944(t5)
core   0: 3 0x8000bc54 (0x3a3f2823) mem 0x8000d000 0x00000001
core   0: 0x8000bc58 (0x0000bfe5) c.j     pc - 8
core   0: 3 0x8000bc58 (0xbfe5)
core   0: 0x8000bc50 (0x00001f17) auipc   t5, 0x1
core   0: 3 0x8000bc50 (0x00001f17) x30 0x8000cc50
core   0: 0x8000bc54 (0x3a3f2823) sw      gp, 944(t5)
core   0: 3 0x8000bc54 (0x3a3f2823) mem 0x8000d000 0x00000001
core   0: 0x8000bc58 (0x0000bfe5) c.j     pc - 8
core   0: 3 0x8000bc58 (0xbfe5)
core   0: 0x8000bc50 (0x00001f17) auipc   t5, 0x1
core   0: 3 0x8000bc50 (0x00001f17) x30 0x8000cc50
core   0: 0x8000bc54 (0x3a3f2823) sw      gp, 944(t5)
core   0: 3 0x8000bc54 (0x3a3f2823) mem 0x8000d000 0x00000001
core   0: 0x8000bc58 (0x0000bfe5) c.j     pc - 8
core   0: 3 0x8000bc58 (0xbfe5)
core   0: 0x8000bc50 (0x00001f17) auipc   t5, 0x1
core   0: 3 0x8000bc50 (0x00001f17) x30 0x8000cc50
core   0: 0x8000bc54 (0x3a3f2823) sw      gp, 944(t5)
core   0: 3 0x8000bc54 (0x3a3f2823) mem 0x8000d000 0x00000001
core   0: 0x8000bc58 (0x0000bfe5) c.j     pc - 8
core   0: 3 0x8000bc58 (0xbfe5)
core   0: 0x8000bc50 (0x00001f17) auipc   t5, 0x1
core   0: 3 0x8000bc50 (0x00001f17) x30 0x8000cc50
core   0: 0x8000bc54 (0x3a3f2823) sw      gp, 944(t5)
core   0: 3 0x8000bc54 (0x3a3f2823) mem 0x8000d000 0x00000001
core   0: 0x8000bc58 (0x0000bfe5) c.j     pc - 8
core   0: 3 0x8000bc58 (0xbfe5)
core   0: 0x8000bc50 (0x00001f17) auipc   t5, 0x1
core   0: 3 0x8000bc50 (0x00001f17) x30 0x8000cc50
core   0: 0x8000bc54 (0x3a3f2823) sw      gp, 944(t5)
core   0: 3 0x8000bc54 (0x3a3f2823) mem 0x8000d000 0x00000001
core   0: 0x8000bc58 (0x0000bfe5) c.j     pc - 8
core   0: 3 0x8000bc58 (0xbfe5)
core   0: 0x8000bc50 (0x00001f17) auipc   t5, 0x1
core   0: 3 0x8000bc50 (0x00001f17) x30 0x8000cc50
core   0: 0x8000bc54 (0x3a3f2823) sw      gp, 944(t5)
core   0: 3 0x8000bc54 (0x3a3f2823) mem 0x8000d000 0x00000001
core   0: 0x8000bc58 (0x0000bfe5) c.j     pc - 8
core   0: 3 0x8000bc58 (0xbfe5)
core   0: 0x8000bc50 (0x00001f17) auipc   t5, 0x1
core   0: 3 0x8000bc50 (0x00001f17) x30 0x8000cc50
core   0: 0x8000bc54 (0x3a3f2823) sw      gp, 944(t5)
core   0: 3 0x8000bc54 (0x3a3f2823) mem 0x8000d000 0x00000001
core   0: 0x8000bc58 (0x0000bfe5) c.j     pc - 8
core   0: 3 0x8000bc58 (0xbfe5)
core   0: 0x8000bc50 (0x00001f17) auipc   t5, 0x1
core   0: 3 0x8000bc50 (0x00001f17) x30 0x8000cc50
core   0: 0x8000bc54 (0x3a3f2823) sw      gp, 944(t5)
core   0: 3 0x8000bc54 (0x3a3f2823) mem 0x8000d000 0x00000001
core   0: 0x8000bc58 (0x0000bfe5) c.j     pc - 8
core   0: 3 0x8000bc58 (0xbfe5)
core   0: 0x8000bc50 (0x00001f17) auipc   t5, 0x1
core   0: 3 0x8000bc50 (0x00001f17) x30 0x8000cc50
core   0: 0x8000bc54 (0x3a3f2823) sw      gp, 944(t5)
core   0: 3 0x8000bc54 (0x3a3f2823) mem 0x8000d000 0x00000001
core   0: 0x8000bc58 (0x0000bfe5) c.j     pc - 8
core   0: 3 0x8000bc58 (0xbfe5)
core   0: 0x8000bc50 (0x00001f17) auipc   t5, 0x1
core   0: 3 0x8000bc50 (0x00001f17) x30 0x8000cc50
core   0: 0x8000bc54 (0x3a3f2823) sw      gp, 944(t5)
core   0: 3 0x8000bc54 (0x3a3f2823) mem 0x8000d000 0x00000001
core   0: 0x8000bc58 (0x0000bfe5) c.j     pc - 8
core   0: 3 0x8000bc58 (0xbfe5)
core   0: 0x8000bc50 (0x00001f17) auipc   t5, 0x1
core   0: 3 0x8000bc50 (0x00001f17) x30 0x8000cc50
core   0: 0x8000bc54 (0x3a3f2823) sw      gp, 944(t5)
core   0: 3 0x8000bc54 (0x3a3f2823) mem 0x8000d000 0x00000001
core   0: 0x8000bc58 (0x0000bfe5) c.j     pc - 8
core   0: 3 0x8000bc58 (0xbfe5)
core   0: 0x8000bc50 (0x00001f17) auipc   t5, 0x1
core   0: 3 0x8000bc50 (0x00001f17) x30 0x8000cc50
core   0: 0x8000bc54 (0x3a3f2823) sw      gp, 944(t5)
core   0: 3 0x8000bc54 (0x3a3f2823) mem 0x8000d000 0x00000001
core   0: 0x8000bc58 (0x0000bfe5) c.j     pc - 8
core   0: 3 0x8000bc58 (0xbfe5)
core   0: 0x8000bc50 (0x00001f17) auipc   t5, 0x1
core   0: 3 0x8000bc50 (0x00001f17) x30 0x8000cc50
core   0: 0x8000bc54 (0x3a3f2823) sw      gp, 944(t5)
core   0: 3 0x8000bc54 (0x3a3f2823) mem 0x8000d000 0x00000001
core   0: 0x8000bc58 (0x0000bfe5) c.j     pc - 8
core   0: 3 0x8000bc58 (0xbfe5)
core   0: 0x8000bc50 (0x00001f17) auipc   t5, 0x1
core   0: 3 0x8000bc50 (0x00001f17) x30 0x8000cc50
core   0: 0x8000bc54 (0x3a3f2823) sw      gp, 944(t5)
core   0: 3 0x8000bc54 (0x3a3f2823) mem 0x8000d000 0x00000001
core   0: 0x8000bc58 (0x0000bfe5) c.j     pc - 8
core   0: 3 0x8000bc58 (0xbfe5)
core   0: 0x8000bc50 (0x00001f17) auipc   t5, 0x1
core   0: 3 0x8000bc50 (0x00001f17) x30 0x8000cc50
core   0: 0x8000bc54 (0x3a3f2823) sw      gp, 944(t5)
core   0: 3 0x8000bc54 (0x3a3f2823) mem 0x8000d000 0x00000001
core   0: 0x8000bc58 (0x0000bfe5) c.j     pc - 8
core   0: 3 0x8000bc58 (0xbfe5)
core   0: 0x8000bc50 (0x00001f17) auipc   t5, 0x1
core   0: 3 0x8000bc50 (0x00001f17) x30 0x8000cc50
core   0: 0x8000bc54 (0x3a3f2823) sw      gp, 944(t5)
core   0: 3 0x8000bc54 (0x3a3f2823) mem 0x8000d000 0x00000001
core   0: 0x8000bc58 (0x0000bfe5) c.j     pc - 8
core   0: 3 0x8000bc58 (0xbfe5)
core   0: 0x8000bc50 (0x00001f17) auipc   t5, 0x1
core   0: 3 0x8000bc50 (0x00001f17) x30 0x8000cc50
core   0: 0x8000bc54 (0x3a3f2823) sw      gp, 944(t5)
core   0: 3 0x8000bc54 (0x3a3f2823) mem 0x8000d000 0x00000001
core   0: 0x8000bc58 (0x0000bfe5) c.j     pc - 8
core   0: 3 0x8000bc58 (0xbfe5)
core   0: 0x8000bc50 (0x00001f17) auipc   t5, 0x1
core   0: 3 0x8000bc50 (0x00001f17) x30 0x8000cc50
core   0: 0x8000bc54 (0x3a3f2823) sw      gp, 944(t5)
core   0: 3 0x8000bc54 (0x3a3f2823) mem 0x8000d000 0x00000001
core   0: 0x8000bc58 (0x0000bfe5) c.j     pc - 8
core   0: 3 0x8000bc58 (0xbfe5)
core   0: 0x8000bc50 (0x00001f17) auipc   t5, 0x1
core   0: 3 0x8000bc50 (0x00001f17) x30 0x8000cc50
core   0: 0x8000bc54 (0x3a3f2823) sw      gp, 944(t5)
core   0: 3 0x8000bc54 (0x3a3f2823) mem 0x8000d000 0x00000001
core   0: 0x8000bc58 (0x0000bfe5) c.j     pc - 8
core   0: 3 0x8000bc58 (0xbfe5)
core   0: 0x8000bc50 (0x00001f17) auipc   t5, 0x1
core   0: 3 0x8000bc50 (0x00001f17) x30 0x8000cc50
core   0: 0x8000bc54 (0x3a3f2823) sw      gp, 944(t5)
core   0: 3 0x8000bc54 (0x3a3f2823) mem 0x8000d000 0x00000001
core   0: 0x8000bc58 (0x0000bfe5) c.j     pc - 8
core   0: 3 0x8000bc58 (0xbfe5)
core   0: 0x8000bc50 (0x00001f17) auipc   t5, 0x1
core   0: 3 0x8000bc50 (0x00001f17) x30 0x8000cc50
core   0: 0x8000bc54 (0x3a3f2823) sw      gp, 944(t5)
core   0: 3 0x8000bc54 (0x3a3f2823) mem 0x8000d000 0x00000001
core   0: 0x8000bc58 (0x0000bfe5) c.j     pc - 8
core   0: 3 0x8000bc58 (0xbfe5)
core   0: 0x8000bc50 (0x00001f17) auipc   t5, 0x1
core   0: 3 0x8000bc50 (0x00001f17) x30 0x8000cc50
core   0: 0x8000bc54 (0x3a3f2823) sw      gp, 944(t5)
core   0: 3 0x8000bc54 (0x3a3f2823) mem 0x8000d000 0x00000001
core   0: 0x8000bc58 (0x0000bfe5) c.j     pc - 8
core   0: 3 0x8000bc58 (0xbfe5)
core   0: 0x8000bc50 (0x00001f17) auipc   t5, 0x1
core   0: 3 0x8000bc50 (0x00001f17) x30 0x8000cc50
core   0: 0x8000bc54 (0x3a3f2823) sw      gp, 944(t5)
core   0: 3 0x8000bc54 (0x3a3f2823) mem 0x8000d000 0x00000001
core   0: 0x8000bc58 (0x0000bfe5) c.j     pc - 8
core   0: 3 0x8000bc58 (0xbfe5)
core   0: 0x8000bc50 (0x00001f17) auipc   t5, 0x1
core   0: 3 0x8000bc50 (0x00001f17) x30 0x8000cc50
core   0: 0x8000bc54 (0x3a3f2823) sw      gp, 944(t5)
core   0: 3 0x8000bc54 (0x3a3f2823) mem 0x8000d000 0x00000001
core   0: 0x8000bc58 (0x0000bfe5) c.j     pc - 8
core   0: 3 0x8000bc58 (0xbfe5)
core   0: 0x8000bc50 (0x00001f17) auipc   t5, 0x1
core   0: 3 0x8000bc50 (0x00001f17) x30 0x8000cc50
core   0: 0x8000bc54 (0x3a3f2823) sw      gp, 944(t5)
core   0: 3 0x8000bc54 (0x3a3f2823) mem 0x8000d000 0x00000001
core   0: 0x8000bc58 (0x0000bfe5) c.j     pc - 8
core   0: 3 0x8000bc58 (0xbfe5)
core   0: 0x8000bc50 (0x00001f17) auipc   t5, 0x1
core   0: 3 0x8000bc50 (0x00001f17) x30 0x8000cc50
core   0: 0x8000bc54 (0x3a3f2823) sw      gp, 944(t5)
core   0: 3 0x8000bc54 (0x3a3f2823) mem 0x8000d000 0x00000001
core   0: 0x8000bc58 (0x0000bfe5) c.j     pc - 8
core   0: 3 0x8000bc58 (0xbfe5)
core   0: 0x8000bc50 (0x00001f17) auipc   t5, 0x1
core   0: 3 0x8000bc50 (0x00001f17) x30 0x8000cc50
core   0: 0x8000bc54 (0x3a3f2823) sw      gp, 944(t5)
core   0: 3 0x8000bc54 (0x3a3f2823) mem 0x8000d000 0x00000001
core   0: 0x8000bc58 (0x0000bfe5) c.j     pc - 8
core   0: 3 0x8000bc58 (0xbfe5)
core   0: 0x8000bc50 (0x00001f17) auipc   t5, 0x1
core   0: 3 0x8000bc50 (0x00001f17) x30 0x8000cc50
core   0: 0x8000bc54 (0x3a3f2823) sw      gp, 944(t5)
core   0: 3 0x8000bc54 (0x3a3f2823) mem 0x8000d000 0x00000001
core   0: 0x8000bc58 (0x0000bfe5) c.j     pc - 8
core   0: 3 0x8000bc58 (0xbfe5)
core   0: 0x8000bc50 (0x00001f17) auipc   t5, 0x1
core   0: 3 0x8000bc50 (0x00001f17) x30 0x8000cc50
core   0: 0x8000bc54 (0x3a3f2823) sw      gp, 944(t5)
core   0: 3 0x8000bc54 (0x3a3f2823) mem 0x8000d000 0x00000001
core   0: 0x8000bc58 (0x0000bfe5) c.j     pc - 8
core   0: 3 0x8000bc58 (0xbfe5)
core   0: 0x8000bc50 (0x00001f17) auipc   t5, 0x1
core   0: 3 0x8000bc50 (0x00001f17) x30 0x8000cc50
core   0: 0x8000bc54 (0x3a3f2823) sw      gp, 944(t5)
core   0: 3 0x8000bc54 (0x3a3f2823) mem 0x8000d000 0x00000001
core   0: 0x8000bc58 (0x0000bfe5) c.j     pc - 8
core   0: 3 0x8000bc58 (0xbfe5)
core   0: 0x8000bc50 (0x00001f17) auipc   t5, 0x1
core   0: 3 0x8000bc50 (0x00001f17) x30 0x8000cc50
core   0: 0x8000bc54 (0x3a3f2823) sw      gp, 944(t5)
core   0: 3 0x8000bc54 (0x3a3f2823) mem 0x8000d000 0x00000001
core   0: 0x8000bc58 (0x0000bfe5) c.j     pc - 8
core   0: 3 0x8000bc58 (0xbfe5)
core   0: 0x8000bc50 (0x00001f17) auipc   t5, 0x1
core   0: 3 0x8000bc50 (0x00001f17) x30 0x8000cc50
core   0: 0x8000bc54 (0x3a3f2823) sw      gp, 944(t5)
core   0: 3 0x8000bc54 (0x3a3f2823) mem 0x8000d000 0x00000001
core   0: 0x8000bc58 (0x0000bfe5) c.j     pc - 8
core   0: 3 0x8000bc58 (0xbfe5)
core   0: 0x8000bc50 (0x00001f17) auipc   t5, 0x1
core   0: 3 0x8000bc50 (0x00001f17) x30 0x8000cc50
core   0: 0x8000bc54 (0x3a3f2823) sw      gp, 944(t5)
core   0: 3 0x8000bc54 (0x3a3f2823) mem 0x8000d000 0x00000001
core   0: 0x8000bc58 (0x0000bfe5) c.j     pc - 8
core   0: 3 0x8000bc58 (0xbfe5)
core   0: 0x8000bc50 (0x00001f17) auipc   t5, 0x1
core   0: 3 0x8000bc50 (0x00001f17) x30 0x8000cc50
core   0: 0x8000bc54 (0x3a3f2823) sw      gp, 944(t5)
core   0: 3 0x8000bc54 (0x3a3f2823) mem 0x8000d000 0x00000001
core   0: 0x8000bc58 (0x0000bfe5) c.j     pc - 8
core   0: 3 0x8000bc58 (0xbfe5)
core   0: 0x8000bc50 (0x00001f17) auipc   t5, 0x1
core   0: 3 0x8000bc50 (0x00001f17) x30 0x8000cc50
core   0: 0x8000bc54 (0x3a3f2823) sw      gp, 944(t5)
core   0: 3 0x8000bc54 (0x3a3f2823) mem 0x8000d000 0x00000001
core   0: 0x8000bc58 (0x0000bfe5) c.j     pc - 8
core   0: 3 0x8000bc58 (0xbfe5)
core   0: 0x8000bc50 (0x00001f17) auipc   t5, 0x1
core   0: 3 0x8000bc50 (0x00001f17) x30 0x8000cc50
core   0: 0x8000bc54 (0x3a3f2823) sw      gp, 944(t5)
core   0: 3 0x8000bc54 (0x3a3f2823) mem 0x8000d000 0x00000001
core   0: 0x8000bc58 (0x0000bfe5) c.j     pc - 8
core   0: 3 0x8000bc58 (0xbfe5)
core   0: 0x8000bc50 (0x00001f17) auipc   t5, 0x1
core   0: 3 0x8000bc50 (0x00001f17) x30 0x8000cc50
core   0: 0x8000bc54 (0x3a3f2823) sw      gp, 944(t5)
core   0: 3 0x8000bc54 (0x3a3f2823) mem 0x8000d000 0x00000001
core   0: 0x8000bc58 (0x0000bfe5) c.j     pc - 8
core   0: 3 0x8000bc58 (0xbfe5)
core   0: 0x8000bc50 (0x00001f17) auipc   t5, 0x1
core   0: 3 0x8000bc50 (0x00001f17) x30 0x8000cc50
core   0: 0x8000bc54 (0x3a3f2823) sw      gp, 944(t5)
core   0: 3 0x8000bc54 (0x3a3f2823) mem 0x8000d000 0x00000001
core   0: 0x8000bc58 (0x0000bfe5) c.j     pc - 8
core   0: 3 0x8000bc58 (0xbfe5)
core   0: 0x8000bc50 (0x00001f17) auipc   t5, 0x1
core   0: 3 0x8000bc50 (0x00001f17) x30 0x8000cc50
core   0: 0x8000bc54 (0x3a3f2823) sw      gp, 944(t5)
core   0: 3 0x8000bc54 (0x3a3f2823) mem 0x8000d000 0x00000001
core   0: 0x8000bc58 (0x0000bfe5) c.j     pc - 8
core   0: 3 0x8000bc58 (0xbfe5)
core   0: 0x8000bc50 (0x00001f17) auipc   t5, 0x1
core   0: 3 0x8000bc50 (0x00001f17) x30 0x8000cc50
core   0: 0x8000bc54 (0x3a3f2823) sw      gp, 944(t5)
core   0: 3 0x8000bc54 (0x3a3f2823) mem 0x8000d000 0x00000001
core   0: 0x8000bc58 (0x0000bfe5) c.j     pc - 8
core   0: 3 0x8000bc58 (0xbfe5)
core   0: 0x8000bc50 (0x00001f17) auipc   t5, 0x1
core   0: 3 0x8000bc50 (0x00001f17) x30 0x8000cc50
core   0: 0x8000bc54 (0x3a3f2823) sw      gp, 944(t5)
core   0: 3 0x8000bc54 (0x3a3f2823) mem 0x8000d000 0x00000001
core   0: 0x8000bc58 (0x0000bfe5) c.j     pc - 8
core   0: 3 0x8000bc58 (0xbfe5)
core   0: 0x8000bc50 (0x00001f17) auipc   t5, 0x1
core   0: 3 0x8000bc50 (0x00001f17) x30 0x8000cc50
core   0: 0x8000bc54 (0x3a3f2823) sw      gp, 944(t5)
core   0: 3 0x8000bc54 (0x3a3f2823) mem 0x8000d000 0x00000001
core   0: 0x8000bc58 (0x0000bfe5) c.j     pc - 8
core   0: 3 0x8000bc58 (0xbfe5)
core   0: 0x8000bc50 (0x00001f17) auipc   t5, 0x1
core   0: 3 0x8000bc50 (0x00001f17) x30 0x8000cc50
core   0: 0x8000bc54 (0x3a3f2823) sw      gp, 944(t5)
core   0: 3 0x8000bc54 (0x3a3f2823) mem 0x8000d000 0x00000001
core   0: 0x8000bc58 (0x0000bfe5) c.j     pc - 8
core   0: 3 0x8000bc58 (0xbfe5)
core   0: 0x8000bc50 (0x00001f17) auipc   t5, 0x1
core   0: 3 0x8000bc50 (0x00001f17) x30 0x8000cc50
core   0: 0x8000bc54 (0x3a3f2823) sw      gp, 944(t5)
core   0: 3 0x8000bc54 (0x3a3f2823) mem 0x8000d000 0x00000001
core   0: 0x8000bc58 (0x0000bfe5) c.j     pc - 8
core   0: 3 0x8000bc58 (0xbfe5)
core   0: 0x8000bc50 (0x00001f17) auipc   t5, 0x1
core   0: 3 0x8000bc50 (0x00001f17) x30 0x8000cc50
core   0: 0x8000bc54 (0x3a3f2823) sw      gp, 944(t5)
core   0: 3 0x8000bc54 (0x3a3f2823) mem 0x8000d000 0x00000001
core   0: 0x8000bc58 (0x0000bfe5) c.j     pc - 8
core   0: 3 0x8000bc58 (0xbfe5)
core   0: 0x8000bc50 (0x00001f17) auipc   t5, 0x1
core   0: 3 0x8000bc50 (0x00001f17) x30 0x8000cc50
core   0: 0x8000bc54 (0x3a3f2823) sw      gp, 944(t5)
core   0: 3 0x8000bc54 (0x3a3f2823) mem 0x8000d000 0x00000001
core   0: 0x8000bc58 (0x0000bfe5) c.j     pc - 8
core   0: 3 0x8000bc58 (0xbfe5)
core   0: 0x8000bc50 (0x00001f17) auipc   t5, 0x1
core   0: 3 0x8000bc50 (0x00001f17) x30 0x8000cc50
core   0: 0x8000bc54 (0x3a3f2823) sw      gp, 944(t5)
core   0: 3 0x8000bc54 (0x3a3f2823) mem 0x8000d000 0x00000001
core   0: 0x8000bc58 (0x0000bfe5) c.j     pc - 8
core   0: 3 0x8000bc58 (0xbfe5)
core   0: 0x8000bc50 (0x00001f17) auipc   t5, 0x1
core   0: 3 0x8000bc50 (0x00001f17) x30 0x8000cc50
core   0: 0x8000bc54 (0x3a3f2823) sw      gp, 944(t5)
core   0: 3 0x8000bc54 (0x3a3f2823) mem 0x8000d000 0x00000001
core   0: 0x8000bc58 (0x0000bfe5) c.j     pc - 8
core   0: 3 0x8000bc58 (0xbfe5)
core   0: 0x8000bc50 (0x00001f17) auipc   t5, 0x1
core   0: 3 0x8000bc50 (0x00001f17) x30 0x8000cc50
core   0: 0x8000bc54 (0x3a3f2823) sw      gp, 944(t5)
core   0: 3 0x8000bc54 (0x3a3f2823) mem 0x8000d000 0x00000001
core   0: 0x8000bc58 (0x0000bfe5) c.j     pc - 8
core   0: 3 0x8000bc58 (0xbfe5)
core   0: 0x8000bc50 (0x00001f17) auipc   t5, 0x1
core   0: 3 0x8000bc50 (0x00001f17) x30 0x8000cc50
core   0: 0x8000bc54 (0x3a3f2823) sw      gp, 944(t5)
core   0: 3 0x8000bc54 (0x3a3f2823) mem 0x8000d000 0x00000001
core   0: 0x8000bc58 (0x0000bfe5) c.j     pc - 8
core   0: 3 0x8000bc58 (0xbfe5)
core   0: 0x8000bc50 (0x00001f17) auipc   t5, 0x1
core   0: 3 0x8000bc50 (0x00001f17) x30 0x8000cc50
core   0: 0x8000bc54 (0x3a3f2823) sw      gp, 944(t5)
core   0: 3 0x8000bc54 (0x3a3f2823) mem 0x8000d000 0x00000001
core   0: 0x8000bc58 (0x0000bfe5) c.j     pc - 8
core   0: 3 0x8000bc58 (0xbfe5)
core   0: 0x8000bc50 (0x00001f17) auipc   t5, 0x1
core   0: 3 0x8000bc50 (0x00001f17) x30 0x8000cc50
core   0: 0x8000bc54 (0x3a3f2823) sw      gp, 944(t5)
core   0: 3 0x8000bc54 (0x3a3f2823) mem 0x8000d000 0x00000001
core   0: 0x8000bc58 (0x0000bfe5) c.j     pc - 8
core   0: 3 0x8000bc58 (0xbfe5)
core   0: 0x8000bc50 (0x00001f17) auipc   t5, 0x1
core   0: 3 0x8000bc50 (0x00001f17) x30 0x8000cc50
core   0: 0x8000bc54 (0x3a3f2823) sw      gp, 944(t5)
core   0: 3 0x8000bc54 (0x3a3f2823) mem 0x8000d000 0x00000001
core   0: 0x8000bc58 (0x0000bfe5) c.j     pc - 8
core   0: 3 0x8000bc58 (0xbfe5)
core   0: 0x8000bc50 (0x00001f17) auipc   t5, 0x1
core   0: 3 0x8000bc50 (0x00001f17) x30 0x8000cc50
core   0: 0x8000bc54 (0x3a3f2823) sw      gp, 944(t5)
core   0: 3 0x8000bc54 (0x3a3f2823) mem 0x8000d000 0x00000001
core   0: 0x8000bc58 (0x0000bfe5) c.j     pc - 8
core   0: 3 0x8000bc58 (0xbfe5)
core   0: 0x8000bc50 (0x00001f17) auipc   t5, 0x1
core   0: 3 0x8000bc50 (0x00001f17) x30 0x8000cc50
core   0: 0x8000bc54 (0x3a3f2823) sw      gp, 944(t5)
core   0: 3 0x8000bc54 (0x3a3f2823) mem 0x8000d000 0x00000001
core   0: 0x8000bc58 (0x0000bfe5) c.j     pc - 8
core   0: 3 0x8000bc58 (0xbfe5)
core   0: 0x8000bc50 (0x00001f17) auipc   t5, 0x1
core   0: 3 0x8000bc50 (0x00001f17) x30 0x8000cc50
core   0: 0x8000bc54 (0x3a3f2823) sw      gp, 944(t5)
core   0: 3 0x8000bc54 (0x3a3f2823) mem 0x8000d000 0x00000001
core   0: 0x8000bc58 (0x0000bfe5) c.j     pc - 8
core   0: 3 0x8000bc58 (0xbfe5)
core   0: 0x8000bc50 (0x00001f17) auipc   t5, 0x1
core   0: 3 0x8000bc50 (0x00001f17) x30 0x8000cc50
core   0: 0x8000bc54 (0x3a3f2823) sw      gp, 944(t5)
core   0: 3 0x8000bc54 (0x3a3f2823) mem 0x8000d000 0x00000001
core   0: 0x8000bc58 (0x0000bfe5) c.j     pc - 8
core   0: 3 0x8000bc58 (0xbfe5)
core   0: 0x8000bc50 (0x00001f17) auipc   t5, 0x1
core   0: 3 0x8000bc50 (0x00001f17) x30 0x8000cc50
core   0: 0x8000bc54 (0x3a3f2823) sw      gp, 944(t5)
core   0: 3 0x8000bc54 (0x3a3f2823) mem 0x8000d000 0x00000001
core   0: 0x8000bc58 (0x0000bfe5) c.j     pc - 8
core   0: 3 0x8000bc58 (0xbfe5)
core   0: 0x8000bc50 (0x00001f17) auipc   t5, 0x1
core   0: 3 0x8000bc50 (0x00001f17) x30 0x8000cc50
core   0: 0x8000bc54 (0x3a3f2823) sw      gp, 944(t5)
core   0: 3 0x8000bc54 (0x3a3f2823) mem 0x8000d000 0x00000001
core   0: 0x8000bc58 (0x0000bfe5) c.j     pc - 8
core   0: 3 0x8000bc58 (0xbfe5)
core   0: 0x8000bc50 (0x00001f17) auipc   t5, 0x1
core   0: 3 0x8000bc50 (0x00001f17) x30 0x8000cc50
core   0: 0x8000bc54 (0x3a3f2823) sw      gp, 944(t5)
core   0: 3 0x8000bc54 (0x3a3f2823) mem 0x8000d000 0x00000001
core   0: 0x8000bc58 (0x0000bfe5) c.j     pc - 8
core   0: 3 0x8000bc58 (0xbfe5)
core   0: 0x8000bc50 (0x00001f17) auipc   t5, 0x1
core   0: 3 0x8000bc50 (0x00001f17) x30 0x8000cc50
core   0: 0x8000bc54 (0x3a3f2823) sw      gp, 944(t5)
core   0: 3 0x8000bc54 (0x3a3f2823) mem 0x8000d000 0x00000001
core   0: 0x8000bc58 (0x0000bfe5) c.j     pc - 8
core   0: 3 0x8000bc58 (0xbfe5)
core   0: 0x8000bc50 (0x00001f17) auipc   t5, 0x1
core   0: 3 0x8000bc50 (0x00001f17) x30 0x8000cc50
core   0: 0x8000bc54 (0x3a3f2823) sw      gp, 944(t5)
core   0: 3 0x8000bc54 (0x3a3f2823) mem 0x8000d000 0x00000001
core   0: 0x8000bc58 (0x0000bfe5) c.j     pc - 8
core   0: 3 0x8000bc58 (0xbfe5)
core   0: 0x8000bc50 (0x00001f17) auipc   t5, 0x1
core   0: 3 0x8000bc50 (0x00001f17) x30 0x8000cc50
core   0: 0x8000bc54 (0x3a3f2823) sw      gp, 944(t5)
core   0: 3 0x8000bc54 (0x3a3f2823) mem 0x8000d000 0x00000001
core   0: 0x8000bc58 (0x0000bfe5) c.j     pc - 8
core   0: 3 0x8000bc58 (0xbfe5)
core   0: 0x8000bc50 (0x00001f17) auipc   t5, 0x1
core   0: 3 0x8000bc50 (0x00001f17) x30 0x8000cc50
core   0: 0x8000bc54 (0x3a3f2823) sw      gp, 944(t5)
core   0: 3 0x8000bc54 (0x3a3f2823) mem 0x8000d000 0x00000001
core   0: 0x8000bc58 (0x0000bfe5) c.j     pc - 8
core   0: 3 0x8000bc58 (0xbfe5)
core   0: 0x8000bc50 (0x00001f17) auipc   t5, 0x1
core   0: 3 0x8000bc50 (0x00001f17) x30 0x8000cc50
core   0: 0x8000bc54 (0x3a3f2823) sw      gp, 944(t5)
core   0: 3 0x8000bc54 (0x3a3f2823) mem 0x8000d000 0x00000001
core   0: 0x8000bc58 (0x0000bfe5) c.j     pc - 8
core   0: 3 0x8000bc58 (0xbfe5)
core   0: 0x8000bc50 (0x00001f17) auipc   t5, 0x1
core   0: 3 0x8000bc50 (0x00001f17) x30 0x8000cc50
core   0: 0x8000bc54 (0x3a3f2823) sw      gp, 944(t5)
core   0: 3 0x8000bc54 (0x3a3f2823) mem 0x8000d000 0x00000001
core   0: 0x8000bc58 (0x0000bfe5) c.j     pc - 8
core   0: 3 0x8000bc58 (0xbfe5)
core   0: 0x8000bc50 (0x00001f17) auipc   t5, 0x1
core   0: 3 0x8000bc50 (0x00001f17) x30 0x8000cc50
core   0: 0x8000bc54 (0x3a3f2823) sw      gp, 944(t5)
core   0: 3 0x8000bc54 (0x3a3f2823) mem 0x8000d000 0x00000001
core   0: 0x8000bc58 (0x0000bfe5) c.j     pc - 8
core   0: 3 0x8000bc58 (0xbfe5)
core   0: 0x8000bc50 (0x00001f17) auipc   t5, 0x1
core   0: 3 0x8000bc50 (0x00001f17) x30 0x8000cc50
core   0: 0x8000bc54 (0x3a3f2823) sw      gp, 944(t5)
core   0: 3 0x8000bc54 (0x3a3f2823) mem 0x8000d000 0x00000001
core   0: 0x8000bc58 (0x0000bfe5) c.j     pc - 8
core   0: 3 0x8000bc58 (0xbfe5)
core   0: 0x8000bc50 (0x00001f17) auipc   t5, 0x1
core   0: 3 0x8000bc50 (0x00001f17) x30 0x8000cc50
core   0: 0x8000bc54 (0x3a3f2823) sw      gp, 944(t5)
core   0: 3 0x8000bc54 (0x3a3f2823) mem 0x8000d000 0x00000001
core   0: 0x8000bc58 (0x0000bfe5) c.j     pc - 8
core   0: 3 0x8000bc58 (0xbfe5)
core   0: 0x8000bc50 (0x00001f17) auipc   t5, 0x1
core   0: 3 0x8000bc50 (0x00001f17) x30 0x8000cc50
core   0: 0x8000bc54 (0x3a3f2823) sw      gp, 944(t5)
core   0: 3 0x8000bc54 (0x3a3f2823) mem 0x8000d000 0x00000001
core   0: 0x8000bc58 (0x0000bfe5) c.j     pc - 8
core   0: 3 0x8000bc58 (0xbfe5)
core   0: 0x8000bc50 (0x00001f17) auipc   t5, 0x1
core   0: 3 0x8000bc50 (0x00001f17) x30 0x8000cc50
core   0: 0x8000bc54 (0x3a3f2823) sw      gp, 944(t5)
core   0: 3 0x8000bc54 (0x3a3f2823) mem 0x8000d000 0x00000001
core   0: 0x8000bc58 (0x0000bfe5) c.j     pc - 8
core   0: 3 0x8000bc58 (0xbfe5)
core   0: 0x8000bc50 (0x00001f17) auipc   t5, 0x1
core   0: 3 0x8000bc50 (0x00001f17) x30 0x8000cc50
core   0: 0x8000bc54 (0x3a3f2823) sw      gp, 944(t5)
core   0: 3 0x8000bc54 (0x3a3f2823) mem 0x8000d000 0x00000001
core   0: 0x8000bc58 (0x0000bfe5) c.j     pc - 8
core   0: 3 0x8000bc58 (0xbfe5)
core   0: 0x8000bc50 (0x00001f17) auipc   t5, 0x1
core   0: 3 0x8000bc50 (0x00001f17) x30 0x8000cc50
core   0: 0x8000bc54 (0x3a3f2823) sw      gp, 944(t5)
core   0: 3 0x8000bc54 (0x3a3f2823) mem 0x8000d000 0x00000001
core   0: 0x8000bc58 (0x0000bfe5) c.j     pc - 8
core   0: 3 0x8000bc58 (0xbfe5)
core   0: 0x8000bc50 (0x00001f17) auipc   t5, 0x1
core   0: 3 0x8000bc50 (0x00001f17) x30 0x8000cc50
core   0: 0x8000bc54 (0x3a3f2823) sw      gp, 944(t5)
core   0: 3 0x8000bc54 (0x3a3f2823) mem 0x8000d000 0x00000001
core   0: 0x8000bc58 (0x0000bfe5) c.j     pc - 8
core   0: 3 0x8000bc58 (0xbfe5)
core   0: 0x8000bc50 (0x00001f17) auipc   t5, 0x1
core   0: 3 0x8000bc50 (0x00001f17) x30 0x8000cc50
core   0: 0x8000bc54 (0x3a3f2823) sw      gp, 944(t5)
core   0: 3 0x8000bc54 (0x3a3f2823) mem 0x8000d000 0x00000001
core   0: 0x8000bc58 (0x0000bfe5) c.j     pc - 8
core   0: 3 0x8000bc58 (0xbfe5)
core   0: 0x8000bc50 (0x00001f17) auipc   t5, 0x1
core   0: 3 0x8000bc50 (0x00001f17) x30 0x8000cc50
core   0: 0x8000bc54 (0x3a3f2823) sw      gp, 944(t5)
core   0: 3 0x8000bc54 (0x3a3f2823) mem 0x8000d000 0x00000001
core   0: 0x8000bc58 (0x0000bfe5) c.j     pc - 8
core   0: 3 0x8000bc58 (0xbfe5)
core   0: 0x8000bc50 (0x00001f17) auipc   t5, 0x1
core   0: 3 0x8000bc50 (0x00001f17) x30 0x8000cc50
core   0: 0x8000bc54 (0x3a3f2823) sw      gp, 944(t5)
core   0: 3 0x8000bc54 (0x3a3f2823) mem 0x8000d000 0x00000001
core   0: 0x8000bc58 (0x0000bfe5) c.j     pc - 8
core   0: 3 0x8000bc58 (0xbfe5)
core   0: 0x8000bc50 (0x00001f17) auipc   t5, 0x1
core   0: 3 0x8000bc50 (0x00001f17) x30 0x8000cc50
core   0: 0x8000bc54 (0x3a3f2823) sw      gp, 944(t5)
core   0: 3 0x8000bc54 (0x3a3f2823) mem 0x8000d000 0x00000001
core   0: 0x8000bc58 (0x0000bfe5) c.j     pc - 8
core   0: 3 0x8000bc58 (0xbfe5)
core   0: 0x8000bc50 (0x00001f17) auipc   t5, 0x1
core   0: 3 0x8000bc50 (0x00001f17) x30 0x8000cc50
core   0: 0x8000bc54 (0x3a3f2823) sw      gp, 944(t5)
core   0: 3 0x8000bc54 (0x3a3f2823) mem 0x8000d000 0x00000001
core   0: 0x8000bc58 (0x0000bfe5) c.j     pc - 8
core   0: 3 0x8000bc58 (0xbfe5)
core   0: 0x8000bc50 (0x00001f17) auipc   t5, 0x1
core   0: 3 0x8000bc50 (0x00001f17) x30 0x8000cc50
core   0: 0x8000bc54 (0x3a3f2823) sw      gp, 944(t5)
core   0: 3 0x8000bc54 (0x3a3f2823) mem 0x8000d000 0x00000001
core   0: 0x8000bc58 (0x0000bfe5) c.j     pc - 8
core   0: 3 0x8000bc58 (0xbfe5)
core   0: 0x8000bc50 (0x00001f17) auipc   t5, 0x1
core   0: 3 0x8000bc50 (0x00001f17) x30 0x8000cc50
core   0: 0x8000bc54 (0x3a3f2823) sw      gp, 944(t5)
core   0: 3 0x8000bc54 (0x3a3f2823) mem 0x8000d000 0x00000001
core   0: 0x8000bc58 (0x0000bfe5) c.j     pc - 8
core   0: 3 0x8000bc58 (0xbfe5)
core   0: 0x8000bc50 (0x00001f17) auipc   t5, 0x1
core   0: 3 0x8000bc50 (0x00001f17) x30 0x8000cc50
core   0: 0x8000bc54 (0x3a3f2823) sw      gp, 944(t5)
core   0: 3 0x8000bc54 (0x3a3f2823) mem 0x8000d000 0x00000001
core   0: 0x8000bc58 (0x0000bfe5) c.j     pc - 8
core   0: 3 0x8000bc58 (0xbfe5)
core   0: 0x8000bc50 (0x00001f17) auipc   t5, 0x1
core   0: 3 0x8000bc50 (0x00001f17) x30 0x8000cc50
core   0: 0x8000bc54 (0x3a3f2823) sw      gp, 944(t5)
core   0: 3 0x8000bc54 (0x3a3f2823) mem 0x8000d000 0x00000001
core   0: 0x8000bc58 (0x0000bfe5) c.j     pc - 8
core   0: 3 0x8000bc58 (0xbfe5)
core   0: 0x8000bc50 (0x00001f17) auipc   t5, 0x1
core   0: 3 0x8000bc50 (0x00001f17) x30 0x8000cc50
core   0: 0x8000bc54 (0x3a3f2823) sw      gp, 944(t5)
core   0: 3 0x8000bc54 (0x3a3f2823) mem 0x8000d000 0x00000001
core   0: 0x8000bc58 (0x0000bfe5) c.j     pc - 8
core   0: 3 0x8000bc58 (0xbfe5)
core   0: 0x8000bc50 (0x00001f17) auipc   t5, 0x1
core   0: 3 0x8000bc50 (0x00001f17) x30 0x8000cc50
core   0: 0x8000bc54 (0x3a3f2823) sw      gp, 944(t5)
core   0: 3 0x8000bc54 (0x3a3f2823) mem 0x8000d000 0x00000001
core   0: 0x8000bc58 (0x0000bfe5) c.j     pc - 8
core   0: 3 0x8000bc58 (0xbfe5)
core   0: 0x8000bc50 (0x00001f17) auipc   t5, 0x1
core   0: 3 0x8000bc50 (0x00001f17) x30 0x8000cc50
core   0: 0x8000bc54 (0x3a3f2823) sw      gp, 944(t5)
core   0: 3 0x8000bc54 (0x3a3f2823) mem 0x8000d000 0x00000001
core   0: 0x8000bc58 (0x0000bfe5) c.j     pc - 8
core   0: 3 0x8000bc58 (0xbfe5)
core   0: 0x8000bc50 (0x00001f17) auipc   t5, 0x1
core   0: 3 0x8000bc50 (0x00001f17) x30 0x8000cc50
core   0: 0x8000bc54 (0x3a3f2823) sw      gp, 944(t5)
core   0: 3 0x8000bc54 (0x3a3f2823) mem 0x8000d000 0x00000001
core   0: 0x8000bc58 (0x0000bfe5) c.j     pc - 8
core   0: 3 0x8000bc58 (0xbfe5)
core   0: 0x8000bc50 (0x00001f17) auipc   t5, 0x1
core   0: 3 0x8000bc50 (0x00001f17) x30 0x8000cc50
core   0: 0x8000bc54 (0x3a3f2823) sw      gp, 944(t5)
core   0: 3 0x8000bc54 (0x3a3f2823) mem 0x8000d000 0x00000001
core   0: 0x8000bc58 (0x0000bfe5) c.j     pc - 8
core   0: 3 0x8000bc58 (0xbfe5)
core   0: 0x8000bc50 (0x00001f17) auipc   t5, 0x1
core   0: 3 0x8000bc50 (0x00001f17) x30 0x8000cc50
core   0: 0x8000bc54 (0x3a3f2823) sw      gp, 944(t5)
core   0: 3 0x8000bc54 (0x3a3f2823) mem 0x8000d000 0x00000001
core   0: 0x8000bc58 (0x0000bfe5) c.j     pc - 8
core   0: 3 0x8000bc58 (0xbfe5)
core   0: 0x8000bc50 (0x00001f17) auipc   t5, 0x1
core   0: 3 0x8000bc50 (0x00001f17) x30 0x8000cc50
core   0: 0x8000bc54 (0x3a3f2823) sw      gp, 944(t5)
core   0: 3 0x8000bc54 (0x3a3f2823) mem 0x8000d000 0x00000001
core   0: 0x8000bc58 (0x0000bfe5) c.j     pc - 8
core   0: 3 0x8000bc58 (0xbfe5)
core   0: 0x8000bc50 (0x00001f17) auipc   t5, 0x1
core   0: 3 0x8000bc50 (0x00001f17) x30 0x8000cc50
core   0: 0x8000bc54 (0x3a3f2823) sw      gp, 944(t5)
core   0: 3 0x8000bc54 (0x3a3f2823) mem 0x8000d000 0x00000001
core   0: 0x8000bc58 (0x0000bfe5) c.j     pc - 8
core   0: 3 0x8000bc58 (0xbfe5)
core   0: 0x8000bc50 (0x00001f17) auipc   t5, 0x1
core   0: 3 0x8000bc50 (0x00001f17) x30 0x8000cc50
core   0: 0x8000bc54 (0x3a3f2823) sw      gp, 944(t5)
core   0: 3 0x8000bc54 (0x3a3f2823) mem 0x8000d000 0x00000001
core   0: 0x8000bc58 (0x0000bfe5) c.j     pc - 8
core   0: 3 0x8000bc58 (0xbfe5)
core   0: 0x8000bc50 (0x00001f17) auipc   t5, 0x1
core   0: 3 0x8000bc50 (0x00001f17) x30 0x8000cc50
core   0: 0x8000bc54 (0x3a3f2823) sw      gp, 944(t5)
core   0: 3 0x8000bc54 (0x3a3f2823) mem 0x8000d000 0x00000001
core   0: 0x8000bc58 (0x0000bfe5) c.j     pc - 8
core   0: 3 0x8000bc58 (0xbfe5)
core   0: 0x8000bc50 (0x00001f17) auipc   t5, 0x1
core   0: 3 0x8000bc50 (0x00001f17) x30 0x8000cc50
core   0: 0x8000bc54 (0x3a3f2823) sw      gp, 944(t5)
core   0: 3 0x8000bc54 (0x3a3f2823) mem 0x8000d000 0x00000001
core   0: 0x8000bc58 (0x0000bfe5) c.j     pc - 8
core   0: 3 0x8000bc58 (0xbfe5)
core   0: 0x8000bc50 (0x00001f17) auipc   t5, 0x1
core   0: 3 0x8000bc50 (0x00001f17) x30 0x8000cc50
core   0: 0x8000bc54 (0x3a3f2823) sw      gp, 944(t5)
core   0: 3 0x8000bc54 (0x3a3f2823) mem 0x8000d000 0x00000001
core   0: 0x8000bc58 (0x0000bfe5) c.j     pc - 8
core   0: 3 0x8000bc58 (0xbfe5)
core   0: 0x8000bc50 (0x00001f17) auipc   t5, 0x1
core   0: 3 0x8000bc50 (0x00001f17) x30 0x8000cc50
core   0: 0x8000bc54 (0x3a3f2823) sw      gp, 944(t5)
core   0: 3 0x8000bc54 (0x3a3f2823) mem 0x8000d000 0x00000001
core   0: 0x8000bc58 (0x0000bfe5) c.j     pc - 8
core   0: 3 0x8000bc58 (0xbfe5)
core   0: 0x8000bc50 (0x00001f17) auipc   t5, 0x1
core   0: 3 0x8000bc50 (0x00001f17) x30 0x8000cc50
core   0: 0x8000bc54 (0x3a3f2823) sw      gp, 944(t5)
core   0: 3 0x8000bc54 (0x3a3f2823) mem 0x8000d000 0x00000001
core   0: 0x8000bc58 (0x0000bfe5) c.j     pc - 8
core   0: 3 0x8000bc58 (0xbfe5)
core   0: 0x8000bc50 (0x00001f17) auipc   t5, 0x1
core   0: 3 0x8000bc50 (0x00001f17) x30 0x8000cc50
core   0: 0x8000bc54 (0x3a3f2823) sw      gp, 944(t5)
core   0: 3 0x8000bc54 (0x3a3f2823) mem 0x8000d000 0x00000001
core   0: 0x8000bc58 (0x0000bfe5) c.j     pc - 8
core   0: 3 0x8000bc58 (0xbfe5)
core   0: 0x8000bc50 (0x00001f17) auipc   t5, 0x1
core   0: 3 0x8000bc50 (0x00001f17) x30 0x8000cc50
core   0: 0x8000bc54 (0x3a3f2823) sw      gp, 944(t5)
core   0: 3 0x8000bc54 (0x3a3f2823) mem 0x8000d000 0x00000001
core   0: 0x8000bc58 (0x0000bfe5) c.j     pc - 8
core   0: 3 0x8000bc58 (0xbfe5)
core   0: 0x8000bc50 (0x00001f17) auipc   t5, 0x1
core   0: 3 0x8000bc50 (0x00001f17) x30 0x8000cc50
core   0: 0x8000bc54 (0x3a3f2823) sw      gp, 944(t5)
core   0: 3 0x8000bc54 (0x3a3f2823) mem 0x8000d000 0x00000001
core   0: 0x8000bc58 (0x0000bfe5) c.j     pc - 8
core   0: 3 0x8000bc58 (0xbfe5)
core   0: 0x8000bc50 (0x00001f17) auipc   t5, 0x1
core   0: 3 0x8000bc50 (0x00001f17) x30 0x8000cc50
core   0: 0x8000bc54 (0x3a3f2823) sw      gp, 944(t5)
core   0: 3 0x8000bc54 (0x3a3f2823) mem 0x8000d000 0x00000001
core   0: 0x8000bc58 (0x0000bfe5) c.j     pc - 8
core   0: 3 0x8000bc58 (0xbfe5)
core   0: 0x8000bc50 (0x00001f17) auipc   t5, 0x1
core   0: 3 0x8000bc50 (0x00001f17) x30 0x8000cc50
core   0: 0x8000bc54 (0x3a3f2823) sw      gp, 944(t5)
core   0: 3 0x8000bc54 (0x3a3f2823) mem 0x8000d000 0x00000001
core   0: 0x8000bc58 (0x0000bfe5) c.j     pc - 8
core   0: 3 0x8000bc58 (0xbfe5)
core   0: 0x8000bc50 (0x00001f17) auipc   t5, 0x1
core   0: 3 0x8000bc50 (0x00001f17) x30 0x8000cc50
core   0: 0x8000bc54 (0x3a3f2823) sw      gp, 944(t5)
core   0: 3 0x8000bc54 (0x3a3f2823) mem 0x8000d000 0x00000001
core   0: 0x8000bc58 (0x0000bfe5) c.j     pc - 8
core   0: 3 0x8000bc58 (0xbfe5)
core   0: 0x8000bc50 (0x00001f17) auipc   t5, 0x1
core   0: 3 0x8000bc50 (0x00001f17) x30 0x8000cc50
core   0: 0x8000bc54 (0x3a3f2823) sw      gp, 944(t5)
core   0: 3 0x8000bc54 (0x3a3f2823) mem 0x8000d000 0x00000001
core   0: 0x8000bc58 (0x0000bfe5) c.j     pc - 8
core   0: 3 0x8000bc58 (0xbfe5)
core   0: 0x8000bc50 (0x00001f17) auipc   t5, 0x1
core   0: 3 0x8000bc50 (0x00001f17) x30 0x8000cc50
core   0: 0x8000bc54 (0x3a3f2823) sw      gp, 944(t5)
core   0: 3 0x8000bc54 (0x3a3f2823) mem 0x8000d000 0x00000001
core   0: 0x8000bc58 (0x0000bfe5) c.j     pc - 8
core   0: 3 0x8000bc58 (0xbfe5)
core   0: 0x8000bc50 (0x00001f17) auipc   t5, 0x1
core   0: 3 0x8000bc50 (0x00001f17) x30 0x8000cc50
core   0: 0x8000bc54 (0x3a3f2823) sw      gp, 944(t5)
core   0: 3 0x8000bc54 (0x3a3f2823) mem 0x8000d000 0x00000001
core   0: 0x8000bc58 (0x0000bfe5) c.j     pc - 8
core   0: 3 0x8000bc58 (0xbfe5)
core   0: 0x8000bc50 (0x00001f17) auipc   t5, 0x1
core   0: 3 0x8000bc50 (0x00001f17) x30 0x8000cc50
core   0: 0x8000bc54 (0x3a3f2823) sw      gp, 944(t5)
core   0: 3 0x8000bc54 (0x3a3f2823) mem 0x8000d000 0x00000001
core   0: 0x8000bc58 (0x0000bfe5) c.j     pc - 8
core   0: 3 0x8000bc58 (0xbfe5)
core   0: 0x8000bc50 (0x00001f17) auipc   t5, 0x1
core   0: 3 0x8000bc50 (0x00001f17) x30 0x8000cc50
core   0: 0x8000bc54 (0x3a3f2823) sw      gp, 944(t5)
core   0: 3 0x8000bc54 (0x3a3f2823) mem 0x8000d000 0x00000001
core   0: 0x8000bc58 (0x0000bfe5) c.j     pc - 8
core   0: 3 0x8000bc58 (0xbfe5)
core   0: 0x8000bc50 (0x00001f17) auipc   t5, 0x1
core   0: 3 0x8000bc50 (0x00001f17) x30 0x8000cc50
core   0: 0x8000bc54 (0x3a3f2823) sw      gp, 944(t5)
core   0: 3 0x8000bc54 (0x3a3f2823) mem 0x8000d000 0x00000001
core   0: 0x8000bc58 (0x0000bfe5) c.j     pc - 8
core   0: 3 0x8000bc58 (0xbfe5)
core   0: 0x8000bc50 (0x00001f17) auipc   t5, 0x1
core   0: 3 0x8000bc50 (0x00001f17) x30 0x8000cc50
core   0: 0x8000bc54 (0x3a3f2823) sw      gp, 944(t5)
core   0: 3 0x8000bc54 (0x3a3f2823) mem 0x8000d000 0x00000001
core   0: 0x8000bc58 (0x0000bfe5) c.j     pc - 8
core   0: 3 0x8000bc58 (0xbfe5)
core   0: 0x8000bc50 (0x00001f17) auipc   t5, 0x1
core   0: 3 0x8000bc50 (0x00001f17) x30 0x8000cc50
core   0: 0x8000bc54 (0x3a3f2823) sw      gp, 944(t5)
core   0: 3 0x8000bc54 (0x3a3f2823) mem 0x8000d000 0x00000001
core   0: 0x8000bc58 (0x0000bfe5) c.j     pc - 8
core   0: 3 0x8000bc58 (0xbfe5)
core   0: 0x8000bc50 (0x00001f17) auipc   t5, 0x1
core   0: 3 0x8000bc50 (0x00001f17) x30 0x8000cc50
core   0: 0x8000bc54 (0x3a3f2823) sw      gp, 944(t5)
core   0: 3 0x8000bc54 (0x3a3f2823) mem 0x8000d000 0x00000001
core   0: 0x8000bc58 (0x0000bfe5) c.j     pc - 8
core   0: 3 0x8000bc58 (0xbfe5)
core   0: 0x8000bc50 (0x00001f17) auipc   t5, 0x1
core   0: 3 0x8000bc50 (0x00001f17) x30 0x8000cc50
core   0: 0x8000bc54 (0x3a3f2823) sw      gp, 944(t5)
core   0: 3 0x8000bc54 (0x3a3f2823) mem 0x8000d000 0x00000001
core   0: 0x8000bc58 (0x0000bfe5) c.j     pc - 8
core   0: 3 0x8000bc58 (0xbfe5)
core   0: 0x8000bc50 (0x00001f17) auipc   t5, 0x1
core   0: 3 0x8000bc50 (0x00001f17) x30 0x8000cc50
core   0: 0x8000bc54 (0x3a3f2823) sw      gp, 944(t5)
core   0: 3 0x8000bc54 (0x3a3f2823) mem 0x8000d000 0x00000001
core   0: 0x8000bc58 (0x0000bfe5) c.j     pc - 8
core   0: 3 0x8000bc58 (0xbfe5)
core   0: 0x8000bc50 (0x00001f17) auipc   t5, 0x1
core   0: 3 0x8000bc50 (0x00001f17) x30 0x8000cc50
core   0: 0x8000bc54 (0x3a3f2823) sw      gp, 944(t5)
core   0: 3 0x8000bc54 (0x3a3f2823) mem 0x8000d000 0x00000001
core   0: 0x8000bc58 (0x0000bfe5) c.j     pc - 8
core   0: 3 0x8000bc58 (0xbfe5)
core   0: 0x8000bc50 (0x00001f17) auipc   t5, 0x1
core   0: 3 0x8000bc50 (0x00001f17) x30 0x8000cc50
core   0: 0x8000bc54 (0x3a3f2823) sw      gp, 944(t5)
core   0: 3 0x8000bc54 (0x3a3f2823) mem 0x8000d000 0x00000001
core   0: 0x8000bc58 (0x0000bfe5) c.j     pc - 8
core   0: 3 0x8000bc58 (0xbfe5)
core   0: 0x8000bc50 (0x00001f17) auipc   t5, 0x1
core   0: 3 0x8000bc50 (0x00001f17) x30 0x8000cc50
core   0: 0x8000bc54 (0x3a3f2823) sw      gp, 944(t5)
core   0: 3 0x8000bc54 (0x3a3f2823) mem 0x8000d000 0x00000001
core   0: 0x8000bc58 (0x0000bfe5) c.j     pc - 8
core   0: 3 0x8000bc58 (0xbfe5)
core   0: 0x8000bc50 (0x00001f17) auipc   t5, 0x1
core   0: 3 0x8000bc50 (0x00001f17) x30 0x8000cc50
core   0: 0x8000bc54 (0x3a3f2823) sw      gp, 944(t5)
core   0: 3 0x8000bc54 (0x3a3f2823) mem 0x8000d000 0x00000001
core   0: 0x8000bc58 (0x0000bfe5) c.j     pc - 8
core   0: 3 0x8000bc58 (0xbfe5)
core   0: 0x8000bc50 (0x00001f17) auipc   t5, 0x1
core   0: 3 0x8000bc50 (0x00001f17) x30 0x8000cc50
core   0: 0x8000bc54 (0x3a3f2823) sw      gp, 944(t5)
core   0: 3 0x8000bc54 (0x3a3f2823) mem 0x8000d000 0x00000001
core   0: 0x8000bc58 (0x0000bfe5) c.j     pc - 8
core   0: 3 0x8000bc58 (0xbfe5)
core   0: 0x8000bc50 (0x00001f17) auipc   t5, 0x1
core   0: 3 0x8000bc50 (0x00001f17) x30 0x8000cc50
core   0: 0x8000bc54 (0x3a3f2823) sw      gp, 944(t5)
core   0: 3 0x8000bc54 (0x3a3f2823) mem 0x8000d000 0x00000001
core   0: 0x8000bc58 (0x0000bfe5) c.j     pc - 8
core   0: 3 0x8000bc58 (0xbfe5)
core   0: 0x8000bc50 (0x00001f17) auipc   t5, 0x1
core   0: 3 0x8000bc50 (0x00001f17) x30 0x8000cc50
core   0: 0x8000bc54 (0x3a3f2823) sw      gp, 944(t5)
core   0: 3 0x8000bc54 (0x3a3f2823) mem 0x8000d000 0x00000001
core   0: 0x8000bc58 (0x0000bfe5) c.j     pc - 8
core   0: 3 0x8000bc58 (0xbfe5)
core   0: 0x8000bc50 (0x00001f17) auipc   t5, 0x1
core   0: 3 0x8000bc50 (0x00001f17) x30 0x8000cc50
core   0: 0x8000bc54 (0x3a3f2823) sw      gp, 944(t5)
core   0: 3 0x8000bc54 (0x3a3f2823) mem 0x8000d000 0x00000001
core   0: 0x8000bc58 (0x0000bfe5) c.j     pc - 8
core   0: 3 0x8000bc58 (0xbfe5)
core   0: 0x8000bc50 (0x00001f17) auipc   t5, 0x1
core   0: 3 0x8000bc50 (0x00001f17) x30 0x8000cc50
core   0: 0x8000bc54 (0x3a3f2823) sw      gp, 944(t5)
core   0: 3 0x8000bc54 (0x3a3f2823) mem 0x8000d000 0x00000001
core   0: 0x8000bc58 (0x0000bfe5) c.j     pc - 8
core   0: 3 0x8000bc58 (0xbfe5)
core   0: 0x8000bc50 (0x00001f17) auipc   t5, 0x1
core   0: 3 0x8000bc50 (0x00001f17) x30 0x8000cc50
core   0: 0x8000bc54 (0x3a3f2823) sw      gp, 944(t5)
core   0: 3 0x8000bc54 (0x3a3f2823) mem 0x8000d000 0x00000001
core   0: 0x8000bc58 (0x0000bfe5) c.j     pc - 8
core   0: 3 0x8000bc58 (0xbfe5)
core   0: 0x8000bc50 (0x00001f17) auipc   t5, 0x1
core   0: 3 0x8000bc50 (0x00001f17) x30 0x8000cc50
core   0: 0x8000bc54 (0x3a3f2823) sw      gp, 944(t5)
core   0: 3 0x8000bc54 (0x3a3f2823) mem 0x8000d000 0x00000001
core   0: 0x8000bc58 (0x0000bfe5) c.j     pc - 8
core   0: 3 0x8000bc58 (0xbfe5)
core   0: 0x8000bc50 (0x00001f17) auipc   t5, 0x1
core   0: 3 0x8000bc50 (0x00001f17) x30 0x8000cc50
core   0: 0x8000bc54 (0x3a3f2823) sw      gp, 944(t5)
core   0: 3 0x8000bc54 (0x3a3f2823) mem 0x8000d000 0x00000001
core   0: 0x8000bc58 (0x0000bfe5) c.j     pc - 8
core   0: 3 0x8000bc58 (0xbfe5)
core   0: 0x8000bc50 (0x00001f17) auipc   t5, 0x1
core   0: 3 0x8000bc50 (0x00001f17) x30 0x8000cc50
core   0: 0x8000bc54 (0x3a3f2823) sw      gp, 944(t5)
core   0: 3 0x8000bc54 (0x3a3f2823) mem 0x8000d000 0x00000001
core   0: 0x8000bc58 (0x0000bfe5) c.j     pc - 8
core   0: 3 0x8000bc58 (0xbfe5)
core   0: 0x8000bc50 (0x00001f17) auipc   t5, 0x1
core   0: 3 0x8000bc50 (0x00001f17) x30 0x8000cc50
core   0: 0x8000bc54 (0x3a3f2823) sw      gp, 944(t5)
core   0: 3 0x8000bc54 (0x3a3f2823) mem 0x8000d000 0x00000001
core   0: 0x8000bc58 (0x0000bfe5) c.j     pc - 8
core   0: 3 0x8000bc58 (0xbfe5)
core   0: 0x8000bc50 (0x00001f17) auipc   t5, 0x1
core   0: 3 0x8000bc50 (0x00001f17) x30 0x8000cc50
core   0: 0x8000bc54 (0x3a3f2823) sw      gp, 944(t5)
core   0: 3 0x8000bc54 (0x3a3f2823) mem 0x8000d000 0x00000001
core   0: 0x8000bc58 (0x0000bfe5) c.j     pc - 8
core   0: 3 0x8000bc58 (0xbfe5)
core   0: 0x8000bc50 (0x00001f17) auipc   t5, 0x1
core   0: 3 0x8000bc50 (0x00001f17) x30 0x8000cc50
core   0: 0x8000bc54 (0x3a3f2823) sw      gp, 944(t5)
core   0: 3 0x8000bc54 (0x3a3f2823) mem 0x8000d000 0x00000001
core   0: 0x8000bc58 (0x0000bfe5) c.j     pc - 8
core   0: 3 0x8000bc58 (0xbfe5)
core   0: 0x8000bc50 (0x00001f17) auipc   t5, 0x1
core   0: 3 0x8000bc50 (0x00001f17) x30 0x8000cc50
core   0: 0x8000bc54 (0x3a3f2823) sw      gp, 944(t5)
core   0: 3 0x8000bc54 (0x3a3f2823) mem 0x8000d000 0x00000001
core   0: 0x8000bc58 (0x0000bfe5) c.j     pc - 8
core   0: 3 0x8000bc58 (0xbfe5)
core   0: 0x8000bc50 (0x00001f17) auipc   t5, 0x1
core   0: 3 0x8000bc50 (0x00001f17) x30 0x8000cc50
core   0: 0x8000bc54 (0x3a3f2823) sw      gp, 944(t5)
core   0: 3 0x8000bc54 (0x3a3f2823) mem 0x8000d000 0x00000001
core   0: 0x8000bc58 (0x0000bfe5) c.j     pc - 8
core   0: 3 0x8000bc58 (0xbfe5)
core   0: 0x8000bc50 (0x00001f17) auipc   t5, 0x1
core   0: 3 0x8000bc50 (0x00001f17) x30 0x8000cc50
core   0: 0x8000bc54 (0x3a3f2823) sw      gp, 944(t5)
core   0: 3 0x8000bc54 (0x3a3f2823) mem 0x8000d000 0x00000001
core   0: 0x8000bc58 (0x0000bfe5) c.j     pc - 8
core   0: 3 0x8000bc58 (0xbfe5)
core   0: 0x8000bc50 (0x00001f17) auipc   t5, 0x1
core   0: 3 0x8000bc50 (0x00001f17) x30 0x8000cc50
core   0: 0x8000bc54 (0x3a3f2823) sw      gp, 944(t5)
core   0: 3 0x8000bc54 (0x3a3f2823) mem 0x8000d000 0x00000001
core   0: 0x8000bc58 (0x0000bfe5) c.j     pc - 8
core   0: 3 0x8000bc58 (0xbfe5)
core   0: 0x8000bc50 (0x00001f17) auipc   t5, 0x1
core   0: 3 0x8000bc50 (0x00001f17) x30 0x8000cc50
core   0: 0x8000bc54 (0x3a3f2823) sw      gp, 944(t5)
core   0: 3 0x8000bc54 (0x3a3f2823) mem 0x8000d000 0x00000001
core   0: 0x8000bc58 (0x0000bfe5) c.j     pc - 8
core   0: 3 0x8000bc58 (0xbfe5)
core   0: 0x8000bc50 (0x00001f17) auipc   t5, 0x1
core   0: 3 0x8000bc50 (0x00001f17) x30 0x8000cc50
core   0: 0x8000bc54 (0x3a3f2823) sw      gp, 944(t5)
core   0: 3 0x8000bc54 (0x3a3f2823) mem 0x8000d000 0x00000001
core   0: 0x8000bc58 (0x0000bfe5) c.j     pc - 8
core   0: 3 0x8000bc58 (0xbfe5)
core   0: 0x8000bc50 (0x00001f17) auipc   t5, 0x1
core   0: 3 0x8000bc50 (0x00001f17) x30 0x8000cc50
core   0: 0x8000bc54 (0x3a3f2823) sw      gp, 944(t5)
core   0: 3 0x8000bc54 (0x3a3f2823) mem 0x8000d000 0x00000001
core   0: 0x8000bc58 (0x0000bfe5) c.j     pc - 8
core   0: 3 0x8000bc58 (0xbfe5)
core   0: 0x8000bc50 (0x00001f17) auipc   t5, 0x1
core   0: 3 0x8000bc50 (0x00001f17) x30 0x8000cc50
core   0: 0x8000bc54 (0x3a3f2823) sw      gp, 944(t5)
core   0: 3 0x8000bc54 (0x3a3f2823) mem 0x8000d000 0x00000001
core   0: 0x8000bc58 (0x0000bfe5) c.j     pc - 8
core   0: 3 0x8000bc58 (0xbfe5)
core   0: 0x8000bc50 (0x00001f17) auipc   t5, 0x1
core   0: 3 0x8000bc50 (0x00001f17) x30 0x8000cc50
core   0: 0x8000bc54 (0x3a3f2823) sw      gp, 944(t5)
core   0: 3 0x8000bc54 (0x3a3f2823) mem 0x8000d000 0x00000001
core   0: 0x8000bc58 (0x0000bfe5) c.j     pc - 8
core   0: 3 0x8000bc58 (0xbfe5)
core   0: 0x8000bc50 (0x00001f17) auipc   t5, 0x1
core   0: 3 0x8000bc50 (0x00001f17) x30 0x8000cc50
core   0: 0x8000bc54 (0x3a3f2823) sw      gp, 944(t5)
core   0: 3 0x8000bc54 (0x3a3f2823) mem 0x8000d000 0x00000001
core   0: 0x8000bc58 (0x0000bfe5) c.j     pc - 8
core   0: 3 0x8000bc58 (0xbfe5)
core   0: 0x8000bc50 (0x00001f17) auipc   t5, 0x1
core   0: 3 0x8000bc50 (0x00001f17) x30 0x8000cc50
core   0: 0x8000bc54 (0x3a3f2823) sw      gp, 944(t5)
core   0: 3 0x8000bc54 (0x3a3f2823) mem 0x8000d000 0x00000001
core   0: 0x8000bc58 (0x0000bfe5) c.j     pc - 8
core   0: 3 0x8000bc58 (0xbfe5)
core   0: 0x8000bc50 (0x00001f17) auipc   t5, 0x1
core   0: 3 0x8000bc50 (0x00001f17) x30 0x8000cc50
core   0: 0x8000bc54 (0x3a3f2823) sw      gp, 944(t5)
core   0: 3 0x8000bc54 (0x3a3f2823) mem 0x8000d000 0x00000001
core   0: 0x8000bc58 (0x0000bfe5) c.j     pc - 8
core   0: 3 0x8000bc58 (0xbfe5)
core   0: 0x8000bc50 (0x00001f17) auipc   t5, 0x1
core   0: 3 0x8000bc50 (0x00001f17) x30 0x8000cc50
core   0: 0x8000bc54 (0x3a3f2823) sw      gp, 944(t5)
core   0: 3 0x8000bc54 (0x3a3f2823) mem 0x8000d000 0x00000001
core   0: 0x8000bc58 (0x0000bfe5) c.j     pc - 8
core   0: 3 0x8000bc58 (0xbfe5)
core   0: 0x8000bc50 (0x00001f17) auipc   t5, 0x1
core   0: 3 0x8000bc50 (0x00001f17) x30 0x8000cc50
core   0: 0x8000bc54 (0x3a3f2823) sw      gp, 944(t5)
core   0: 3 0x8000bc54 (0x3a3f2823) mem 0x8000d000 0x00000001
core   0: 0x8000bc58 (0x0000bfe5) c.j     pc - 8
core   0: 3 0x8000bc58 (0xbfe5)
core   0: 0x8000bc50 (0x00001f17) auipc   t5, 0x1
core   0: 3 0x8000bc50 (0x00001f17) x30 0x8000cc50
core   0: 0x8000bc54 (0x3a3f2823) sw      gp, 944(t5)
core   0: 3 0x8000bc54 (0x3a3f2823) mem 0x8000d000 0x00000001
core   0: 0x8000bc58 (0x0000bfe5) c.j     pc - 8
core   0: 3 0x8000bc58 (0xbfe5)
core   0: 0x8000bc50 (0x00001f17) auipc   t5, 0x1
core   0: 3 0x8000bc50 (0x00001f17) x30 0x8000cc50
core   0: 0x8000bc54 (0x3a3f2823) sw      gp, 944(t5)
core   0: 3 0x8000bc54 (0x3a3f2823) mem 0x8000d000 0x00000001
core   0: 0x8000bc58 (0x0000bfe5) c.j     pc - 8
core   0: 3 0x8000bc58 (0xbfe5)
core   0: 0x8000bc50 (0x00001f17) auipc   t5, 0x1
core   0: 3 0x8000bc50 (0x00001f17) x30 0x8000cc50
core   0: 0x8000bc54 (0x3a3f2823) sw      gp, 944(t5)
core   0: 3 0x8000bc54 (0x3a3f2823) mem 0x8000d000 0x00000001
core   0: 0x8000bc58 (0x0000bfe5) c.j     pc - 8
core   0: 3 0x8000bc58 (0xbfe5)
core   0: 0x8000bc50 (0x00001f17) auipc   t5, 0x1
core   0: 3 0x8000bc50 (0x00001f17) x30 0x8000cc50
core   0: 0x8000bc54 (0x3a3f2823) sw      gp, 944(t5)
core   0: 3 0x8000bc54 (0x3a3f2823) mem 0x8000d000 0x00000001
core   0: 0x8000bc58 (0x0000bfe5) c.j     pc - 8
core   0: 3 0x8000bc58 (0xbfe5)
core   0: 0x8000bc50 (0x00001f17) auipc   t5, 0x1
core   0: 3 0x8000bc50 (0x00001f17) x30 0x8000cc50
core   0: 0x8000bc54 (0x3a3f2823) sw      gp, 944(t5)
core   0: 3 0x8000bc54 (0x3a3f2823) mem 0x8000d000 0x00000001
core   0: 0x8000bc58 (0x0000bfe5) c.j     pc - 8
core   0: 3 0x8000bc58 (0xbfe5)
core   0: 0x8000bc50 (0x00001f17) auipc   t5, 0x1
core   0: 3 0x8000bc50 (0x00001f17) x30 0x8000cc50
core   0: 0x8000bc54 (0x3a3f2823) sw      gp, 944(t5)
core   0: 3 0x8000bc54 (0x3a3f2823) mem 0x8000d000 0x00000001
core   0: 0x8000bc58 (0x0000bfe5) c.j     pc - 8
core   0: 3 0x8000bc58 (0xbfe5)
core   0: 0x8000bc50 (0x00001f17) auipc   t5, 0x1
core   0: 3 0x8000bc50 (0x00001f17) x30 0x8000cc50
core   0: 0x8000bc54 (0x3a3f2823) sw      gp, 944(t5)
core   0: 3 0x8000bc54 (0x3a3f2823) mem 0x8000d000 0x00000001
core   0: 0x8000bc58 (0x0000bfe5) c.j     pc - 8
core   0: 3 0x8000bc58 (0xbfe5)
core   0: 0x8000bc50 (0x00001f17) auipc   t5, 0x1
core   0: 3 0x8000bc50 (0x00001f17) x30 0x8000cc50
core   0: 0x8000bc54 (0x3a3f2823) sw      gp, 944(t5)
core   0: 3 0x8000bc54 (0x3a3f2823) mem 0x8000d000 0x00000001
core   0: 0x8000bc58 (0x0000bfe5) c.j     pc - 8
core   0: 3 0x8000bc58 (0xbfe5)
core   0: 0x8000bc50 (0x00001f17) auipc   t5, 0x1
core   0: 3 0x8000bc50 (0x00001f17) x30 0x8000cc50
core   0: 0x8000bc54 (0x3a3f2823) sw      gp, 944(t5)
core   0: 3 0x8000bc54 (0x3a3f2823) mem 0x8000d000 0x00000001
core   0: 0x8000bc58 (0x0000bfe5) c.j     pc - 8
core   0: 3 0x8000bc58 (0xbfe5)
core   0: 0x8000bc50 (0x00001f17) auipc   t5, 0x1
core   0: 3 0x8000bc50 (0x00001f17) x30 0x8000cc50
core   0: 0x8000bc54 (0x3a3f2823) sw      gp, 944(t5)
core   0: 3 0x8000bc54 (0x3a3f2823) mem 0x8000d000 0x00000001
core   0: 0x8000bc58 (0x0000bfe5) c.j     pc - 8
core   0: 3 0x8000bc58 (0xbfe5)
core   0: 0x8000bc50 (0x00001f17) auipc   t5, 0x1
core   0: 3 0x8000bc50 (0x00001f17) x30 0x8000cc50
core   0: 0x8000bc54 (0x3a3f2823) sw      gp, 944(t5)
core   0: 3 0x8000bc54 (0x3a3f2823) mem 0x8000d000 0x00000001
core   0: 0x8000bc58 (0x0000bfe5) c.j     pc - 8
core   0: 3 0x8000bc58 (0xbfe5)
core   0: 0x8000bc50 (0x00001f17) auipc   t5, 0x1
core   0: 3 0x8000bc50 (0x00001f17) x30 0x8000cc50
core   0: 0x8000bc54 (0x3a3f2823) sw      gp, 944(t5)
core   0: 3 0x8000bc54 (0x3a3f2823) mem 0x8000d000 0x00000001
core   0: 0x8000bc58 (0x0000bfe5) c.j     pc - 8
core   0: 3 0x8000bc58 (0xbfe5)
core   0: 0x8000bc50 (0x00001f17) auipc   t5, 0x1
core   0: 3 0x8000bc50 (0x00001f17) x30 0x8000cc50
core   0: 0x8000bc54 (0x3a3f2823) sw      gp, 944(t5)
core   0: 3 0x8000bc54 (0x3a3f2823) mem 0x8000d000 0x00000001
core   0: 0x8000bc58 (0x0000bfe5) c.j     pc - 8
core   0: 3 0x8000bc58 (0xbfe5)
core   0: 0x8000bc50 (0x00001f17) auipc   t5, 0x1
core   0: 3 0x8000bc50 (0x00001f17) x30 0x8000cc50
core   0: 0x8000bc54 (0x3a3f2823) sw      gp, 944(t5)
core   0: 3 0x8000bc54 (0x3a3f2823) mem 0x8000d000 0x00000001
core   0: 0x8000bc58 (0x0000bfe5) c.j     pc - 8
core   0: 3 0x8000bc58 (0xbfe5)
core   0: 0x8000bc50 (0x00001f17) auipc   t5, 0x1
core   0: 3 0x8000bc50 (0x00001f17) x30 0x8000cc50
core   0: 0x8000bc54 (0x3a3f2823) sw      gp, 944(t5)
core   0: 3 0x8000bc54 (0x3a3f2823) mem 0x8000d000 0x00000001
core   0: 0x8000bc58 (0x0000bfe5) c.j     pc - 8
core   0: 3 0x8000bc58 (0xbfe5)
core   0: 0x8000bc50 (0x00001f17) auipc   t5, 0x1
core   0: 3 0x8000bc50 (0x00001f17) x30 0x8000cc50
core   0: 0x8000bc54 (0x3a3f2823) sw      gp, 944(t5)
core   0: 3 0x8000bc54 (0x3a3f2823) mem 0x8000d000 0x00000001
core   0: 0x8000bc58 (0x0000bfe5) c.j     pc - 8
core   0: 3 0x8000bc58 (0xbfe5)
core   0: 0x8000bc50 (0x00001f17) auipc   t5, 0x1
core   0: 3 0x8000bc50 (0x00001f17) x30 0x8000cc50
core   0: 0x8000bc54 (0x3a3f2823) sw      gp, 944(t5)
core   0: 3 0x8000bc54 (0x3a3f2823) mem 0x8000d000 0x00000001
core   0: 0x8000bc58 (0x0000bfe5) c.j     pc - 8
core   0: 3 0x8000bc58 (0xbfe5)
core   0: 0x8000bc50 (0x00001f17) auipc   t5, 0x1
core   0: 3 0x8000bc50 (0x00001f17) x30 0x8000cc50
core   0: 0x8000bc54 (0x3a3f2823) sw      gp, 944(t5)
core   0: 3 0x8000bc54 (0x3a3f2823) mem 0x8000d000 0x00000001
core   0: 0x8000bc58 (0x0000bfe5) c.j     pc - 8
core   0: 3 0x8000bc58 (0xbfe5)
core   0: 0x8000bc50 (0x00001f17) auipc   t5, 0x1
core   0: 3 0x8000bc50 (0x00001f17) x30 0x8000cc50
core   0: 0x8000bc54 (0x3a3f2823) sw      gp, 944(t5)
core   0: 3 0x8000bc54 (0x3a3f2823) mem 0x8000d000 0x00000001
core   0: 0x8000bc58 (0x0000bfe5) c.j     pc - 8
core   0: 3 0x8000bc58 (0xbfe5)
core   0: 0x8000bc50 (0x00001f17) auipc   t5, 0x1
core   0: 3 0x8000bc50 (0x00001f17) x30 0x8000cc50
core   0: 0x8000bc54 (0x3a3f2823) sw      gp, 944(t5)
core   0: 3 0x8000bc54 (0x3a3f2823) mem 0x8000d000 0x00000001
core   0: 0x8000bc58 (0x0000bfe5) c.j     pc - 8
core   0: 3 0x8000bc58 (0xbfe5)
core   0: 0x8000bc50 (0x00001f17) auipc   t5, 0x1
core   0: 3 0x8000bc50 (0x00001f17) x30 0x8000cc50
core   0: 0x8000bc54 (0x3a3f2823) sw      gp, 944(t5)
core   0: 3 0x8000bc54 (0x3a3f2823) mem 0x8000d000 0x00000001
core   0: 0x8000bc58 (0x0000bfe5) c.j     pc - 8
core   0: 3 0x8000bc58 (0xbfe5)
core   0: 0x8000bc50 (0x00001f17) auipc   t5, 0x1
core   0: 3 0x8000bc50 (0x00001f17) x30 0x8000cc50
core   0: 0x8000bc54 (0x3a3f2823) sw      gp, 944(t5)
core   0: 3 0x8000bc54 (0x3a3f2823) mem 0x8000d000 0x00000001
core   0: 0x8000bc58 (0x0000bfe5) c.j     pc - 8
core   0: 3 0x8000bc58 (0xbfe5)
core   0: 0x8000bc50 (0x00001f17) auipc   t5, 0x1
core   0: 3 0x8000bc50 (0x00001f17) x30 0x8000cc50
core   0: 0x8000bc54 (0x3a3f2823) sw      gp, 944(t5)
core   0: 3 0x8000bc54 (0x3a3f2823) mem 0x8000d000 0x00000001
core   0: 0x8000bc58 (0x0000bfe5) c.j     pc - 8
core   0: 3 0x8000bc58 (0xbfe5)
core   0: 0x8000bc50 (0x00001f17) auipc   t5, 0x1
core   0: 3 0x8000bc50 (0x00001f17) x30 0x8000cc50
core   0: 0x8000bc54 (0x3a3f2823) sw      gp, 944(t5)
core   0: 3 0x8000bc54 (0x3a3f2823) mem 0x8000d000 0x00000001
core   0: 0x8000bc58 (0x0000bfe5) c.j     pc - 8
core   0: 3 0x8000bc58 (0xbfe5)
core   0: 0x8000bc50 (0x00001f17) auipc   t5, 0x1
core   0: 3 0x8000bc50 (0x00001f17) x30 0x8000cc50
core   0: 0x8000bc54 (0x3a3f2823) sw      gp, 944(t5)
core   0: 3 0x8000bc54 (0x3a3f2823) mem 0x8000d000 0x00000001
core   0: 0x8000bc58 (0x0000bfe5) c.j     pc - 8
core   0: 3 0x8000bc58 (0xbfe5)
core   0: 0x8000bc50 (0x00001f17) auipc   t5, 0x1
core   0: 3 0x8000bc50 (0x00001f17) x30 0x8000cc50
core   0: 0x8000bc54 (0x3a3f2823) sw      gp, 944(t5)
core   0: 3 0x8000bc54 (0x3a3f2823) mem 0x8000d000 0x00000001
core   0: 0x8000bc58 (0x0000bfe5) c.j     pc - 8
core   0: 3 0x8000bc58 (0xbfe5)
core   0: 0x8000bc50 (0x00001f17) auipc   t5, 0x1
core   0: 3 0x8000bc50 (0x00001f17) x30 0x8000cc50
core   0: 0x8000bc54 (0x3a3f2823) sw      gp, 944(t5)
core   0: 3 0x8000bc54 (0x3a3f2823) mem 0x8000d000 0x00000001
core   0: 0x8000bc58 (0x0000bfe5) c.j     pc - 8
core   0: 3 0x8000bc58 (0xbfe5)
core   0: 0x8000bc50 (0x00001f17) auipc   t5, 0x1
core   0: 3 0x8000bc50 (0x00001f17) x30 0x8000cc50
core   0: 0x8000bc54 (0x3a3f2823) sw      gp, 944(t5)
core   0: 3 0x8000bc54 (0x3a3f2823) mem 0x8000d000 0x00000001
core   0: 0x8000bc58 (0x0000bfe5) c.j     pc - 8
core   0: 3 0x8000bc58 (0xbfe5)
core   0: 0x8000bc50 (0x00001f17) auipc   t5, 0x1
core   0: 3 0x8000bc50 (0x00001f17) x30 0x8000cc50
core   0: 0x8000bc54 (0x3a3f2823) sw      gp, 944(t5)
core   0: 3 0x8000bc54 (0x3a3f2823) mem 0x8000d000 0x00000001
core   0: 0x8000bc58 (0x0000bfe5) c.j     pc - 8
core   0: 3 0x8000bc58 (0xbfe5)
core   0: 0x8000bc50 (0x00001f17) auipc   t5, 0x1
core   0: 3 0x8000bc50 (0x00001f17) x30 0x8000cc50
core   0: 0x8000bc54 (0x3a3f2823) sw      gp, 944(t5)
core   0: 3 0x8000bc54 (0x3a3f2823) mem 0x8000d000 0x00000001
core   0: 0x8000bc58 (0x0000bfe5) c.j     pc - 8
core   0: 3 0x8000bc58 (0xbfe5)
core   0: 0x8000bc50 (0x00001f17) auipc   t5, 0x1
core   0: 3 0x8000bc50 (0x00001f17) x30 0x8000cc50
core   0: 0x8000bc54 (0x3a3f2823) sw      gp, 944(t5)
core   0: 3 0x8000bc54 (0x3a3f2823) mem 0x8000d000 0x00000001
core   0: 0x8000bc58 (0x0000bfe5) c.j     pc - 8
core   0: 3 0x8000bc58 (0xbfe5)
core   0: 0x8000bc50 (0x00001f17) auipc   t5, 0x1
core   0: 3 0x8000bc50 (0x00001f17) x30 0x8000cc50
core   0: 0x8000bc54 (0x3a3f2823) sw      gp, 944(t5)
core   0: 3 0x8000bc54 (0x3a3f2823) mem 0x8000d000 0x00000001
core   0: 0x8000bc58 (0x0000bfe5) c.j     pc - 8
core   0: 3 0x8000bc58 (0xbfe5)
core   0: 0x8000bc50 (0x00001f17) auipc   t5, 0x1
core   0: 3 0x8000bc50 (0x00001f17) x30 0x8000cc50
core   0: 0x8000bc54 (0x3a3f2823) sw      gp, 944(t5)
core   0: 3 0x8000bc54 (0x3a3f2823) mem 0x8000d000 0x00000001
core   0: 0x8000bc58 (0x0000bfe5) c.j     pc - 8
core   0: 3 0x8000bc58 (0xbfe5)
core   0: 0x8000bc50 (0x00001f17) auipc   t5, 0x1
core   0: 3 0x8000bc50 (0x00001f17) x30 0x8000cc50
core   0: 0x8000bc54 (0x3a3f2823) sw      gp, 944(t5)
core   0: 3 0x8000bc54 (0x3a3f2823) mem 0x8000d000 0x00000001
core   0: 0x8000bc58 (0x0000bfe5) c.j     pc - 8
core   0: 3 0x8000bc58 (0xbfe5)
core   0: 0x8000bc50 (0x00001f17) auipc   t5, 0x1
core   0: 3 0x8000bc50 (0x00001f17) x30 0x8000cc50
core   0: 0x8000bc54 (0x3a3f2823) sw      gp, 944(t5)
core   0: 3 0x8000bc54 (0x3a3f2823) mem 0x8000d000 0x00000001
core   0: 0x8000bc58 (0x0000bfe5) c.j     pc - 8
core   0: 3 0x8000bc58 (0xbfe5)
core   0: 0x8000bc50 (0x00001f17) auipc   t5, 0x1
core   0: 3 0x8000bc50 (0x00001f17) x30 0x8000cc50
core   0: 0x8000bc54 (0x3a3f2823) sw      gp, 944(t5)
core   0: 3 0x8000bc54 (0x3a3f2823) mem 0x8000d000 0x00000001
core   0: 0x8000bc58 (0x0000bfe5) c.j     pc - 8
core   0: 3 0x8000bc58 (0xbfe5)
core   0: 0x8000bc50 (0x00001f17) auipc   t5, 0x1
core   0: 3 0x8000bc50 (0x00001f17) x30 0x8000cc50
core   0: 0x8000bc54 (0x3a3f2823) sw      gp, 944(t5)
core   0: 3 0x8000bc54 (0x3a3f2823) mem 0x8000d000 0x00000001
core   0: 0x8000bc58 (0x0000bfe5) c.j     pc - 8
core   0: 3 0x8000bc58 (0xbfe5)
core   0: 0x8000bc50 (0x00001f17) auipc   t5, 0x1
core   0: 3 0x8000bc50 (0x00001f17) x30 0x8000cc50
core   0: 0x8000bc54 (0x3a3f2823) sw      gp, 944(t5)
core   0: 3 0x8000bc54 (0x3a3f2823) mem 0x8000d000 0x00000001
core   0: 0x8000bc58 (0x0000bfe5) c.j     pc - 8
core   0: 3 0x8000bc58 (0xbfe5)
core   0: 0x8000bc50 (0x00001f17) auipc   t5, 0x1
core   0: 3 0x8000bc50 (0x00001f17) x30 0x8000cc50
core   0: 0x8000bc54 (0x3a3f2823) sw      gp, 944(t5)
core   0: 3 0x8000bc54 (0x3a3f2823) mem 0x8000d000 0x00000001
core   0: 0x8000bc58 (0x0000bfe5) c.j     pc - 8
core   0: 3 0x8000bc58 (0xbfe5)
core   0: 0x8000bc50 (0x00001f17) auipc   t5, 0x1
core   0: 3 0x8000bc50 (0x00001f17) x30 0x8000cc50
core   0: 0x8000bc54 (0x3a3f2823) sw      gp, 944(t5)
core   0: 3 0x8000bc54 (0x3a3f2823) mem 0x8000d000 0x00000001
core   0: 0x8000bc58 (0x0000bfe5) c.j     pc - 8
core   0: 3 0x8000bc58 (0xbfe5)
core   0: 0x8000bc50 (0x00001f17) auipc   t5, 0x1
core   0: 3 0x8000bc50 (0x00001f17) x30 0x8000cc50
core   0: 0x8000bc54 (0x3a3f2823) sw      gp, 944(t5)
core   0: 3 0x8000bc54 (0x3a3f2823) mem 0x8000d000 0x00000001
core   0: 0x8000bc58 (0x0000bfe5) c.j     pc - 8
core   0: 3 0x8000bc58 (0xbfe5)
core   0: 0x8000bc50 (0x00001f17) auipc   t5, 0x1
core   0: 3 0x8000bc50 (0x00001f17) x30 0x8000cc50
core   0: 0x8000bc54 (0x3a3f2823) sw      gp, 944(t5)
core   0: 3 0x8000bc54 (0x3a3f2823) mem 0x8000d000 0x00000001
core   0: 0x8000bc58 (0x0000bfe5) c.j     pc - 8
core   0: 3 0x8000bc58 (0xbfe5)
core   0: 0x8000bc50 (0x00001f17) auipc   t5, 0x1
core   0: 3 0x8000bc50 (0x00001f17) x30 0x8000cc50
core   0: 0x8000bc54 (0x3a3f2823) sw      gp, 944(t5)
core   0: 3 0x8000bc54 (0x3a3f2823) mem 0x8000d000 0x00000001
core   0: 0x8000bc58 (0x0000bfe5) c.j     pc - 8
core   0: 3 0x8000bc58 (0xbfe5)
core   0: 0x8000bc50 (0x00001f17) auipc   t5, 0x1
core   0: 3 0x8000bc50 (0x00001f17) x30 0x8000cc50
core   0: 0x8000bc54 (0x3a3f2823) sw      gp, 944(t5)
core   0: 3 0x8000bc54 (0x3a3f2823) mem 0x8000d000 0x00000001
core   0: 0x8000bc58 (0x0000bfe5) c.j     pc - 8
core   0: 3 0x8000bc58 (0xbfe5)
core   0: 0x8000bc50 (0x00001f17) auipc   t5, 0x1
core   0: 3 0x8000bc50 (0x00001f17) x30 0x8000cc50
core   0: 0x8000bc54 (0x3a3f2823) sw      gp, 944(t5)
core   0: 3 0x8000bc54 (0x3a3f2823) mem 0x8000d000 0x00000001
core   0: 0x8000bc58 (0x0000bfe5) c.j     pc - 8
core   0: 3 0x8000bc58 (0xbfe5)
core   0: 0x8000bc50 (0x00001f17) auipc   t5, 0x1
core   0: 3 0x8000bc50 (0x00001f17) x30 0x8000cc50
core   0: 0x8000bc54 (0x3a3f2823) sw      gp, 944(t5)
core   0: 3 0x8000bc54 (0x3a3f2823) mem 0x8000d000 0x00000001
core   0: 0x8000bc58 (0x0000bfe5) c.j     pc - 8
core   0: 3 0x8000bc58 (0xbfe5)
core   0: 0x8000bc50 (0x00001f17) auipc   t5, 0x1
core   0: 3 0x8000bc50 (0x00001f17) x30 0x8000cc50
core   0: 0x8000bc54 (0x3a3f2823) sw      gp, 944(t5)
core   0: 3 0x8000bc54 (0x3a3f2823) mem 0x8000d000 0x00000001
core   0: 0x8000bc58 (0x0000bfe5) c.j     pc - 8
core   0: 3 0x8000bc58 (0xbfe5)
core   0: 0x8000bc50 (0x00001f17) auipc   t5, 0x1
core   0: 3 0x8000bc50 (0x00001f17) x30 0x8000cc50
core   0: 0x8000bc54 (0x3a3f2823) sw      gp, 944(t5)
core   0: 3 0x8000bc54 (0x3a3f2823) mem 0x8000d000 0x00000001
core   0: 0x8000bc58 (0x0000bfe5) c.j     pc - 8
core   0: 3 0x8000bc58 (0xbfe5)
core   0: 0x8000bc50 (0x00001f17) auipc   t5, 0x1
core   0: 3 0x8000bc50 (0x00001f17) x30 0x8000cc50
core   0: 0x8000bc54 (0x3a3f2823) sw      gp, 944(t5)
core   0: 3 0x8000bc54 (0x3a3f2823) mem 0x8000d000 0x00000001
core   0: 0x8000bc58 (0x0000bfe5) c.j     pc - 8
core   0: 3 0x8000bc58 (0xbfe5)
core   0: 0x8000bc50 (0x00001f17) auipc   t5, 0x1
core   0: 3 0x8000bc50 (0x00001f17) x30 0x8000cc50
core   0: 0x8000bc54 (0x3a3f2823) sw      gp, 944(t5)
core   0: 3 0x8000bc54 (0x3a3f2823) mem 0x8000d000 0x00000001
core   0: 0x8000bc58 (0x0000bfe5) c.j     pc - 8
core   0: 3 0x8000bc58 (0xbfe5)
core   0: 0x8000bc50 (0x00001f17) auipc   t5, 0x1
core   0: 3 0x8000bc50 (0x00001f17) x30 0x8000cc50
core   0: 0x8000bc54 (0x3a3f2823) sw      gp, 944(t5)
core   0: 3 0x8000bc54 (0x3a3f2823) mem 0x8000d000 0x00000001
core   0: 0x8000bc58 (0x0000bfe5) c.j     pc - 8
core   0: 3 0x8000bc58 (0xbfe5)
core   0: 0x8000bc50 (0x00001f17) auipc   t5, 0x1
core   0: 3 0x8000bc50 (0x00001f17) x30 0x8000cc50
core   0: 0x8000bc54 (0x3a3f2823) sw      gp, 944(t5)
core   0: 3 0x8000bc54 (0x3a3f2823) mem 0x8000d000 0x00000001
core   0: 0x8000bc58 (0x0000bfe5) c.j     pc - 8
core   0: 3 0x8000bc58 (0xbfe5)
core   0: 0x8000bc50 (0x00001f17) auipc   t5, 0x1
core   0: 3 0x8000bc50 (0x00001f17) x30 0x8000cc50
core   0: 0x8000bc54 (0x3a3f2823) sw      gp, 944(t5)
core   0: 3 0x8000bc54 (0x3a3f2823) mem 0x8000d000 0x00000001
core   0: 0x8000bc58 (0x0000bfe5) c.j     pc - 8
core   0: 3 0x8000bc58 (0xbfe5)
core   0: 0x8000bc50 (0x00001f17) auipc   t5, 0x1
core   0: 3 0x8000bc50 (0x00001f17) x30 0x8000cc50
core   0: 0x8000bc54 (0x3a3f2823) sw      gp, 944(t5)
core   0: 3 0x8000bc54 (0x3a3f2823) mem 0x8000d000 0x00000001
core   0: 0x8000bc58 (0x0000bfe5) c.j     pc - 8
core   0: 3 0x8000bc58 (0xbfe5)
core   0: 0x8000bc50 (0x00001f17) auipc   t5, 0x1
core   0: 3 0x8000bc50 (0x00001f17) x30 0x8000cc50
core   0: 0x8000bc54 (0x3a3f2823) sw      gp, 944(t5)
core   0: 3 0x8000bc54 (0x3a3f2823) mem 0x8000d000 0x00000001
core   0: 0x8000bc58 (0x0000bfe5) c.j     pc - 8
core   0: 3 0x8000bc58 (0xbfe5)
core   0: 0x8000bc50 (0x00001f17) auipc   t5, 0x1
core   0: 3 0x8000bc50 (0x00001f17) x30 0x8000cc50
core   0: 0x8000bc54 (0x3a3f2823) sw      gp, 944(t5)
core   0: 3 0x8000bc54 (0x3a3f2823) mem 0x8000d000 0x00000001
core   0: 0x8000bc58 (0x0000bfe5) c.j     pc - 8
core   0: 3 0x8000bc58 (0xbfe5)
core   0: 0x8000bc50 (0x00001f17) auipc   t5, 0x1
core   0: 3 0x8000bc50 (0x00001f17) x30 0x8000cc50
core   0: 0x8000bc54 (0x3a3f2823) sw      gp, 944(t5)
core   0: 3 0x8000bc54 (0x3a3f2823) mem 0x8000d000 0x00000001
core   0: 0x8000bc58 (0x0000bfe5) c.j     pc - 8
core   0: 3 0x8000bc58 (0xbfe5)
core   0: 0x8000bc50 (0x00001f17) auipc   t5, 0x1
core   0: 3 0x8000bc50 (0x00001f17) x30 0x8000cc50
core   0: 0x8000bc54 (0x3a3f2823) sw      gp, 944(t5)
core   0: 3 0x8000bc54 (0x3a3f2823) mem 0x8000d000 0x00000001
core   0: 0x8000bc58 (0x0000bfe5) c.j     pc - 8
core   0: 3 0x8000bc58 (0xbfe5)
core   0: 0x8000bc50 (0x00001f17) auipc   t5, 0x1
core   0: 3 0x8000bc50 (0x00001f17) x30 0x8000cc50
core   0: 0x8000bc54 (0x3a3f2823) sw      gp, 944(t5)
core   0: 3 0x8000bc54 (0x3a3f2823) mem 0x8000d000 0x00000001
core   0: 0x8000bc58 (0x0000bfe5) c.j     pc - 8
core   0: 3 0x8000bc58 (0xbfe5)
core   0: 0x8000bc50 (0x00001f17) auipc   t5, 0x1
core   0: 3 0x8000bc50 (0x00001f17) x30 0x8000cc50
core   0: 0x8000bc54 (0x3a3f2823) sw      gp, 944(t5)
core   0: 3 0x8000bc54 (0x3a3f2823) mem 0x8000d000 0x00000001
core   0: 0x8000bc58 (0x0000bfe5) c.j     pc - 8
core   0: 3 0x8000bc58 (0xbfe5)
core   0: 0x8000bc50 (0x00001f17) auipc   t5, 0x1
core   0: 3 0x8000bc50 (0x00001f17) x30 0x8000cc50
core   0: 0x8000bc54 (0x3a3f2823) sw      gp, 944(t5)
core   0: 3 0x8000bc54 (0x3a3f2823) mem 0x8000d000 0x00000001
core   0: 0x8000bc58 (0x0000bfe5) c.j     pc - 8
core   0: 3 0x8000bc58 (0xbfe5)
core   0: 0x8000bc50 (0x00001f17) auipc   t5, 0x1
core   0: 3 0x8000bc50 (0x00001f17) x30 0x8000cc50
core   0: 0x8000bc54 (0x3a3f2823) sw      gp, 944(t5)
core   0: 3 0x8000bc54 (0x3a3f2823) mem 0x8000d000 0x00000001
core   0: 0x8000bc58 (0x0000bfe5) c.j     pc - 8
core   0: 3 0x8000bc58 (0xbfe5)
core   0: 0x8000bc50 (0x00001f17) auipc   t5, 0x1
core   0: 3 0x8000bc50 (0x00001f17) x30 0x8000cc50
core   0: 0x8000bc54 (0x3a3f2823) sw      gp, 944(t5)
core   0: 3 0x8000bc54 (0x3a3f2823) mem 0x8000d000 0x00000001
core   0: 0x8000bc58 (0x0000bfe5) c.j     pc - 8
core   0: 3 0x8000bc58 (0xbfe5)
core   0: 0x8000bc50 (0x00001f17) auipc   t5, 0x1
core   0: 3 0x8000bc50 (0x00001f17) x30 0x8000cc50
core   0: 0x8000bc54 (0x3a3f2823) sw      gp, 944(t5)
core   0: 3 0x8000bc54 (0x3a3f2823) mem 0x8000d000 0x00000001
core   0: 0x8000bc58 (0x0000bfe5) c.j     pc - 8
core   0: 3 0x8000bc58 (0xbfe5)
core   0: 0x8000bc50 (0x00001f17) auipc   t5, 0x1
core   0: 3 0x8000bc50 (0x00001f17) x30 0x8000cc50
core   0: 0x8000bc54 (0x3a3f2823) sw      gp, 944(t5)
core   0: 3 0x8000bc54 (0x3a3f2823) mem 0x8000d000 0x00000001
core   0: 0x8000bc58 (0x0000bfe5) c.j     pc - 8
core   0: 3 0x8000bc58 (0xbfe5)
core   0: 0x8000bc50 (0x00001f17) auipc   t5, 0x1
core   0: 3 0x8000bc50 (0x00001f17) x30 0x8000cc50
core   0: 0x8000bc54 (0x3a3f2823) sw      gp, 944(t5)
core   0: 3 0x8000bc54 (0x3a3f2823) mem 0x8000d000 0x00000001
core   0: 0x8000bc58 (0x0000bfe5) c.j     pc - 8
core   0: 3 0x8000bc58 (0xbfe5)
core   0: 0x8000bc50 (0x00001f17) auipc   t5, 0x1
core   0: 3 0x8000bc50 (0x00001f17) x30 0x8000cc50
core   0: 0x8000bc54 (0x3a3f2823) sw      gp, 944(t5)
core   0: 3 0x8000bc54 (0x3a3f2823) mem 0x8000d000 0x00000001
core   0: 0x8000bc58 (0x0000bfe5) c.j     pc - 8
core   0: 3 0x8000bc58 (0xbfe5)
core   0: 0x8000bc50 (0x00001f17) auipc   t5, 0x1
core   0: 3 0x8000bc50 (0x00001f17) x30 0x8000cc50
core   0: 0x8000bc54 (0x3a3f2823) sw      gp, 944(t5)
core   0: 3 0x8000bc54 (0x3a3f2823) mem 0x8000d000 0x00000001
core   0: 0x8000bc58 (0x0000bfe5) c.j     pc - 8
core   0: 3 0x8000bc58 (0xbfe5)
core   0: 0x8000bc50 (0x00001f17) auipc   t5, 0x1
core   0: 3 0x8000bc50 (0x00001f17) x30 0x8000cc50
core   0: 0x8000bc54 (0x3a3f2823) sw      gp, 944(t5)
core   0: 3 0x8000bc54 (0x3a3f2823) mem 0x8000d000 0x00000001
core   0: 0x8000bc58 (0x0000bfe5) c.j     pc - 8
core   0: 3 0x8000bc58 (0xbfe5)
core   0: 0x8000bc50 (0x00001f17) auipc   t5, 0x1
core   0: 3 0x8000bc50 (0x00001f17) x30 0x8000cc50
core   0: 0x8000bc54 (0x3a3f2823) sw      gp, 944(t5)
core   0: 3 0x8000bc54 (0x3a3f2823) mem 0x8000d000 0x00000001
core   0: 0x8000bc58 (0x0000bfe5) c.j     pc - 8
core   0: 3 0x8000bc58 (0xbfe5)
core   0: 0x8000bc50 (0x00001f17) auipc   t5, 0x1
core   0: 3 0x8000bc50 (0x00001f17) x30 0x8000cc50
core   0: 0x8000bc54 (0x3a3f2823) sw      gp, 944(t5)
core   0: 3 0x8000bc54 (0x3a3f2823) mem 0x8000d000 0x00000001
core   0: 0x8000bc58 (0x0000bfe5) c.j     pc - 8
core   0: 3 0x8000bc58 (0xbfe5)
core   0: 0x8000bc50 (0x00001f17) auipc   t5, 0x1
core   0: 3 0x8000bc50 (0x00001f17) x30 0x8000cc50
core   0: 0x8000bc54 (0x3a3f2823) sw      gp, 944(t5)
core   0: 3 0x8000bc54 (0x3a3f2823) mem 0x8000d000 0x00000001
core   0: 0x8000bc58 (0x0000bfe5) c.j     pc - 8
core   0: 3 0x8000bc58 (0xbfe5)
core   0: 0x8000bc50 (0x00001f17) auipc   t5, 0x1
core   0: 3 0x8000bc50 (0x00001f17) x30 0x8000cc50
core   0: 0x8000bc54 (0x3a3f2823) sw      gp, 944(t5)
core   0: 3 0x8000bc54 (0x3a3f2823) mem 0x8000d000 0x00000001
core   0: 0x8000bc58 (0x0000bfe5) c.j     pc - 8
core   0: 3 0x8000bc58 (0xbfe5)
core   0: 0x8000bc50 (0x00001f17) auipc   t5, 0x1
core   0: 3 0x8000bc50 (0x00001f17) x30 0x8000cc50
core   0: 0x8000bc54 (0x3a3f2823) sw      gp, 944(t5)
core   0: 3 0x8000bc54 (0x3a3f2823) mem 0x8000d000 0x00000001
core   0: 0x8000bc58 (0x0000bfe5) c.j     pc - 8
core   0: 3 0x8000bc58 (0xbfe5)
core   0: 0x8000bc50 (0x00001f17) auipc   t5, 0x1
core   0: 3 0x8000bc50 (0x00001f17) x30 0x8000cc50
core   0: 0x8000bc54 (0x3a3f2823) sw      gp, 944(t5)
core   0: 3 0x8000bc54 (0x3a3f2823) mem 0x8000d000 0x00000001
core   0: 0x8000bc58 (0x0000bfe5) c.j     pc - 8
core   0: 3 0x8000bc58 (0xbfe5)
core   0: 0x8000bc50 (0x00001f17) auipc   t5, 0x1
core   0: 3 0x8000bc50 (0x00001f17) x30 0x8000cc50
core   0: 0x8000bc54 (0x3a3f2823) sw      gp, 944(t5)
core   0: 3 0x8000bc54 (0x3a3f2823) mem 0x8000d000 0x00000001
core   0: 0x8000bc58 (0x0000bfe5) c.j     pc - 8
core   0: 3 0x8000bc58 (0xbfe5)
core   0: 0x8000bc50 (0x00001f17) auipc   t5, 0x1
core   0: 3 0x8000bc50 (0x00001f17) x30 0x8000cc50
core   0: 0x8000bc54 (0x3a3f2823) sw      gp, 944(t5)
core   0: 3 0x8000bc54 (0x3a3f2823) mem 0x8000d000 0x00000001
core   0: 0x8000bc58 (0x0000bfe5) c.j     pc - 8
core   0: 3 0x8000bc58 (0xbfe5)
core   0: 0x8000bc50 (0x00001f17) auipc   t5, 0x1
core   0: 3 0x8000bc50 (0x00001f17) x30 0x8000cc50
core   0: 0x8000bc54 (0x3a3f2823) sw      gp, 944(t5)
core   0: 3 0x8000bc54 (0x3a3f2823) mem 0x8000d000 0x00000001
core   0: 0x8000bc58 (0x0000bfe5) c.j     pc - 8
core   0: 3 0x8000bc58 (0xbfe5)
core   0: 0x8000bc50 (0x00001f17) auipc   t5, 0x1
core   0: 3 0x8000bc50 (0x00001f17) x30 0x8000cc50
core   0: 0x8000bc54 (0x3a3f2823) sw      gp, 944(t5)
core   0: 3 0x8000bc54 (0x3a3f2823) mem 0x8000d000 0x00000001
core   0: 0x8000bc58 (0x0000bfe5) c.j     pc - 8
core   0: 3 0x8000bc58 (0xbfe5)
core   0: 0x8000bc50 (0x00001f17) auipc   t5, 0x1
core   0: 3 0x8000bc50 (0x00001f17) x30 0x8000cc50
core   0: 0x8000bc54 (0x3a3f2823) sw      gp, 944(t5)
core   0: 3 0x8000bc54 (0x3a3f2823) mem 0x8000d000 0x00000001
core   0: 0x8000bc58 (0x0000bfe5) c.j     pc - 8
core   0: 3 0x8000bc58 (0xbfe5)
core   0: 0x8000bc50 (0x00001f17) auipc   t5, 0x1
core   0: 3 0x8000bc50 (0x00001f17) x30 0x8000cc50
core   0: 0x8000bc54 (0x3a3f2823) sw      gp, 944(t5)
core   0: 3 0x8000bc54 (0x3a3f2823) mem 0x8000d000 0x00000001
core   0: 0x8000bc58 (0x0000bfe5) c.j     pc - 8
core   0: 3 0x8000bc58 (0xbfe5)
core   0: 0x8000bc50 (0x00001f17) auipc   t5, 0x1
core   0: 3 0x8000bc50 (0x00001f17) x30 0x8000cc50
core   0: 0x8000bc54 (0x3a3f2823) sw      gp, 944(t5)
core   0: 3 0x8000bc54 (0x3a3f2823) mem 0x8000d000 0x00000001
core   0: 0x8000bc58 (0x0000bfe5) c.j     pc - 8
core   0: 3 0x8000bc58 (0xbfe5)
core   0: 0x8000bc50 (0x00001f17) auipc   t5, 0x1
core   0: 3 0x8000bc50 (0x00001f17) x30 0x8000cc50
core   0: 0x8000bc54 (0x3a3f2823) sw      gp, 944(t5)
core   0: 3 0x8000bc54 (0x3a3f2823) mem 0x8000d000 0x00000001
core   0: 0x8000bc58 (0x0000bfe5) c.j     pc - 8
core   0: 3 0x8000bc58 (0xbfe5)
core   0: 0x8000bc50 (0x00001f17) auipc   t5, 0x1
core   0: 3 0x8000bc50 (0x00001f17) x30 0x8000cc50
core   0: 0x8000bc54 (0x3a3f2823) sw      gp, 944(t5)
core   0: 3 0x8000bc54 (0x3a3f2823) mem 0x8000d000 0x00000001
core   0: 0x8000bc58 (0x0000bfe5) c.j     pc - 8
core   0: 3 0x8000bc58 (0xbfe5)
core   0: 0x8000bc50 (0x00001f17) auipc   t5, 0x1
core   0: 3 0x8000bc50 (0x00001f17) x30 0x8000cc50
core   0: 0x8000bc54 (0x3a3f2823) sw      gp, 944(t5)
core   0: 3 0x8000bc54 (0x3a3f2823) mem 0x8000d000 0x00000001
core   0: 0x8000bc58 (0x0000bfe5) c.j     pc - 8
core   0: 3 0x8000bc58 (0xbfe5)
core   0: 0x8000bc50 (0x00001f17) auipc   t5, 0x1
core   0: 3 0x8000bc50 (0x00001f17) x30 0x8000cc50
core   0: 0x8000bc54 (0x3a3f2823) sw      gp, 944(t5)
core   0: 3 0x8000bc54 (0x3a3f2823) mem 0x8000d000 0x00000001
core   0: 0x8000bc58 (0x0000bfe5) c.j     pc - 8
core   0: 3 0x8000bc58 (0xbfe5)
core   0: 0x8000bc50 (0x00001f17) auipc   t5, 0x1
core   0: 3 0x8000bc50 (0x00001f17) x30 0x8000cc50
core   0: 0x8000bc54 (0x3a3f2823) sw      gp, 944(t5)
core   0: 3 0x8000bc54 (0x3a3f2823) mem 0x8000d000 0x00000001
core   0: 0x8000bc58 (0x0000bfe5) c.j     pc - 8
core   0: 3 0x8000bc58 (0xbfe5)
core   0: 0x8000bc50 (0x00001f17) auipc   t5, 0x1
core   0: 3 0x8000bc50 (0x00001f17) x30 0x8000cc50
core   0: 0x8000bc54 (0x3a3f2823) sw      gp, 944(t5)
core   0: 3 0x8000bc54 (0x3a3f2823) mem 0x8000d000 0x00000001
core   0: 0x8000bc58 (0x0000bfe5) c.j     pc - 8
core   0: 3 0x8000bc58 (0xbfe5)
core   0: 0x8000bc50 (0x00001f17) auipc   t5, 0x1
core   0: 3 0x8000bc50 (0x00001f17) x30 0x8000cc50
core   0: 0x8000bc54 (0x3a3f2823) sw      gp, 944(t5)
core   0: 3 0x8000bc54 (0x3a3f2823) mem 0x8000d000 0x00000001
core   0: 0x8000bc58 (0x0000bfe5) c.j     pc - 8
core   0: 3 0x8000bc58 (0xbfe5)
core   0: 0x8000bc50 (0x00001f17) auipc   t5, 0x1
core   0: 3 0x8000bc50 (0x00001f17) x30 0x8000cc50
core   0: 0x8000bc54 (0x3a3f2823) sw      gp, 944(t5)
core   0: 3 0x8000bc54 (0x3a3f2823) mem 0x8000d000 0x00000001
core   0: 0x8000bc58 (0x0000bfe5) c.j     pc - 8
core   0: 3 0x8000bc58 (0xbfe5)
core   0: 0x8000bc50 (0x00001f17) auipc   t5, 0x1
core   0: 3 0x8000bc50 (0x00001f17) x30 0x8000cc50
core   0: 0x8000bc54 (0x3a3f2823) sw      gp, 944(t5)
core   0: 3 0x8000bc54 (0x3a3f2823) mem 0x8000d000 0x00000001
core   0: 0x8000bc58 (0x0000bfe5) c.j     pc - 8
core   0: 3 0x8000bc58 (0xbfe5)
core   0: 0x8000bc50 (0x00001f17) auipc   t5, 0x1
core   0: 3 0x8000bc50 (0x00001f17) x30 0x8000cc50
core   0: 0x8000bc54 (0x3a3f2823) sw      gp, 944(t5)
core   0: 3 0x8000bc54 (0x3a3f2823) mem 0x8000d000 0x00000001
core   0: 0x8000bc58 (0x0000bfe5) c.j     pc - 8
core   0: 3 0x8000bc58 (0xbfe5)
core   0: 0x8000bc50 (0x00001f17) auipc   t5, 0x1
core   0: 3 0x8000bc50 (0x00001f17) x30 0x8000cc50
core   0: 0x8000bc54 (0x3a3f2823) sw      gp, 944(t5)
core   0: 3 0x8000bc54 (0x3a3f2823) mem 0x8000d000 0x00000001
core   0: 0x8000bc58 (0x0000bfe5) c.j     pc - 8
core   0: 3 0x8000bc58 (0xbfe5)
core   0: 0x8000bc50 (0x00001f17) auipc   t5, 0x1
core   0: 3 0x8000bc50 (0x00001f17) x30 0x8000cc50
core   0: 0x8000bc54 (0x3a3f2823) sw      gp, 944(t5)
core   0: 3 0x8000bc54 (0x3a3f2823) mem 0x8000d000 0x00000001
core   0: 0x8000bc58 (0x0000bfe5) c.j     pc - 8
core   0: 3 0x8000bc58 (0xbfe5)
core   0: 0x8000bc50 (0x00001f17) auipc   t5, 0x1
core   0: 3 0x8000bc50 (0x00001f17) x30 0x8000cc50
core   0: 0x8000bc54 (0x3a3f2823) sw      gp, 944(t5)
core   0: 3 0x8000bc54 (0x3a3f2823) mem 0x8000d000 0x00000001
core   0: 0x8000bc58 (0x0000bfe5) c.j     pc - 8
core   0: 3 0x8000bc58 (0xbfe5)
core   0: 0x8000bc50 (0x00001f17) auipc   t5, 0x1
core   0: 3 0x8000bc50 (0x00001f17) x30 0x8000cc50
core   0: 0x8000bc54 (0x3a3f2823) sw      gp, 944(t5)
core   0: 3 0x8000bc54 (0x3a3f2823) mem 0x8000d000 0x00000001
core   0: 0x8000bc58 (0x0000bfe5) c.j     pc - 8
core   0: 3 0x8000bc58 (0xbfe5)
core   0: 0x8000bc50 (0x00001f17) auipc   t5, 0x1
core   0: 3 0x8000bc50 (0x00001f17) x30 0x8000cc50
core   0: 0x8000bc54 (0x3a3f2823) sw      gp, 944(t5)
core   0: 3 0x8000bc54 (0x3a3f2823) mem 0x8000d000 0x00000001
core   0: 0x8000bc58 (0x0000bfe5) c.j     pc - 8
core   0: 3 0x8000bc58 (0xbfe5)
core   0: 0x8000bc50 (0x00001f17) auipc   t5, 0x1
core   0: 3 0x8000bc50 (0x00001f17) x30 0x8000cc50
core   0: 0x8000bc54 (0x3a3f2823) sw      gp, 944(t5)
core   0: 3 0x8000bc54 (0x3a3f2823) mem 0x8000d000 0x00000001
core   0: 0x8000bc58 (0x0000bfe5) c.j     pc - 8
core   0: 3 0x8000bc58 (0xbfe5)
core   0: 0x8000bc50 (0x00001f17) auipc   t5, 0x1
core   0: 3 0x8000bc50 (0x00001f17) x30 0x8000cc50
core   0: 0x8000bc54 (0x3a3f2823) sw      gp, 944(t5)
core   0: 3 0x8000bc54 (0x3a3f2823) mem 0x8000d000 0x00000001
core   0: 0x8000bc58 (0x0000bfe5) c.j     pc - 8
core   0: 3 0x8000bc58 (0xbfe5)
core   0: 0x8000bc50 (0x00001f17) auipc   t5, 0x1
core   0: 3 0x8000bc50 (0x00001f17) x30 0x8000cc50
core   0: 0x8000bc54 (0x3a3f2823) sw      gp, 944(t5)
core   0: 3 0x8000bc54 (0x3a3f2823) mem 0x8000d000 0x00000001
core   0: 0x8000bc58 (0x0000bfe5) c.j     pc - 8
core   0: 3 0x8000bc58 (0xbfe5)
core   0: 0x8000bc50 (0x00001f17) auipc   t5, 0x1
core   0: 3 0x8000bc50 (0x00001f17) x30 0x8000cc50
core   0: 0x8000bc54 (0x3a3f2823) sw      gp, 944(t5)
core   0: 3 0x8000bc54 (0x3a3f2823) mem 0x8000d000 0x00000001
core   0: 0x8000bc58 (0x0000bfe5) c.j     pc - 8
core   0: 3 0x8000bc58 (0xbfe5)
core   0: 0x8000bc50 (0x00001f17) auipc   t5, 0x1
core   0: 3 0x8000bc50 (0x00001f17) x30 0x8000cc50
core   0: 0x8000bc54 (0x3a3f2823) sw      gp, 944(t5)
core   0: 3 0x8000bc54 (0x3a3f2823) mem 0x8000d000 0x00000001
core   0: 0x8000bc58 (0x0000bfe5) c.j     pc - 8
core   0: 3 0x8000bc58 (0xbfe5)
core   0: 0x8000bc50 (0x00001f17) auipc   t5, 0x1
core   0: 3 0x8000bc50 (0x00001f17) x30 0x8000cc50
core   0: 0x8000bc54 (0x3a3f2823) sw      gp, 944(t5)
core   0: 3 0x8000bc54 (0x3a3f2823) mem 0x8000d000 0x00000001
core   0: 0x8000bc58 (0x0000bfe5) c.j     pc - 8
core   0: 3 0x8000bc58 (0xbfe5)
core   0: 0x8000bc50 (0x00001f17) auipc   t5, 0x1
core   0: 3 0x8000bc50 (0x00001f17) x30 0x8000cc50
core   0: 0x8000bc54 (0x3a3f2823) sw      gp, 944(t5)
core   0: 3 0x8000bc54 (0x3a3f2823) mem 0x8000d000 0x00000001
core   0: 0x8000bc58 (0x0000bfe5) c.j     pc - 8
core   0: 3 0x8000bc58 (0xbfe5)
core   0: 0x8000bc50 (0x00001f17) auipc   t5, 0x1
core   0: 3 0x8000bc50 (0x00001f17) x30 0x8000cc50
core   0: 0x8000bc54 (0x3a3f2823) sw      gp, 944(t5)
core   0: 3 0x8000bc54 (0x3a3f2823) mem 0x8000d000 0x00000001
core   0: 0x8000bc58 (0x0000bfe5) c.j     pc - 8
core   0: 3 0x8000bc58 (0xbfe5)
core   0: 0x8000bc50 (0x00001f17) auipc   t5, 0x1
core   0: 3 0x8000bc50 (0x00001f17) x30 0x8000cc50
core   0: 0x8000bc54 (0x3a3f2823) sw      gp, 944(t5)
core   0: 3 0x8000bc54 (0x3a3f2823) mem 0x8000d000 0x00000001
core   0: 0x8000bc58 (0x0000bfe5) c.j     pc - 8
core   0: 3 0x8000bc58 (0xbfe5)
core   0: 0x8000bc50 (0x00001f17) auipc   t5, 0x1
core   0: 3 0x8000bc50 (0x00001f17) x30 0x8000cc50
core   0: 0x8000bc54 (0x3a3f2823) sw      gp, 944(t5)
core   0: 3 0x8000bc54 (0x3a3f2823) mem 0x8000d000 0x00000001
core   0: 0x8000bc58 (0x0000bfe5) c.j     pc - 8
core   0: 3 0x8000bc58 (0xbfe5)
core   0: 0x8000bc50 (0x00001f17) auipc   t5, 0x1
core   0: 3 0x8000bc50 (0x00001f17) x30 0x8000cc50
core   0: 0x8000bc54 (0x3a3f2823) sw      gp, 944(t5)
core   0: 3 0x8000bc54 (0x3a3f2823) mem 0x8000d000 0x00000001
core   0: 0x8000bc58 (0x0000bfe5) c.j     pc - 8
core   0: 3 0x8000bc58 (0xbfe5)
core   0: 0x8000bc50 (0x00001f17) auipc   t5, 0x1
core   0: 3 0x8000bc50 (0x00001f17) x30 0x8000cc50
core   0: 0x8000bc54 (0x3a3f2823) sw      gp, 944(t5)
core   0: 3 0x8000bc54 (0x3a3f2823) mem 0x8000d000 0x00000001
core   0: 0x8000bc58 (0x0000bfe5) c.j     pc - 8
core   0: 3 0x8000bc58 (0xbfe5)
core   0: 0x8000bc50 (0x00001f17) auipc   t5, 0x1
core   0: 3 0x8000bc50 (0x00001f17) x30 0x8000cc50
core   0: 0x8000bc54 (0x3a3f2823) sw      gp, 944(t5)
core   0: 3 0x8000bc54 (0x3a3f2823) mem 0x8000d000 0x00000001
core   0: 0x8000bc58 (0x0000bfe5) c.j     pc - 8
core   0: 3 0x8000bc58 (0xbfe5)
core   0: 0x8000bc50 (0x00001f17) auipc   t5, 0x1
core   0: 3 0x8000bc50 (0x00001f17) x30 0x8000cc50
core   0: 0x8000bc54 (0x3a3f2823) sw      gp, 944(t5)
core   0: 3 0x8000bc54 (0x3a3f2823) mem 0x8000d000 0x00000001
core   0: 0x8000bc58 (0x0000bfe5) c.j     pc - 8
core   0: 3 0x8000bc58 (0xbfe5)
core   0: 0x8000bc50 (0x00001f17) auipc   t5, 0x1
core   0: 3 0x8000bc50 (0x00001f17) x30 0x8000cc50
core   0: 0x8000bc54 (0x3a3f2823) sw      gp, 944(t5)
core   0: 3 0x8000bc54 (0x3a3f2823) mem 0x8000d000 0x00000001
core   0: 0x8000bc58 (0x0000bfe5) c.j     pc - 8
core   0: 3 0x8000bc58 (0xbfe5)
core   0: 0x8000bc50 (0x00001f17) auipc   t5, 0x1
core   0: 3 0x8000bc50 (0x00001f17) x30 0x8000cc50
core   0: 0x8000bc54 (0x3a3f2823) sw      gp, 944(t5)
core   0: 3 0x8000bc54 (0x3a3f2823) mem 0x8000d000 0x00000001
core   0: 0x8000bc58 (0x0000bfe5) c.j     pc - 8
core   0: 3 0x8000bc58 (0xbfe5)
core   0: 0x8000bc50 (0x00001f17) auipc   t5, 0x1
core   0: 3 0x8000bc50 (0x00001f17) x30 0x8000cc50
core   0: 0x8000bc54 (0x3a3f2823) sw      gp, 944(t5)
core   0: 3 0x8000bc54 (0x3a3f2823) mem 0x8000d000 0x00000001
core   0: 0x8000bc58 (0x0000bfe5) c.j     pc - 8
core   0: 3 0x8000bc58 (0xbfe5)
core   0: 0x8000bc50 (0x00001f17) auipc   t5, 0x1
core   0: 3 0x8000bc50 (0x00001f17) x30 0x8000cc50
core   0: 0x8000bc54 (0x3a3f2823) sw      gp, 944(t5)
core   0: 3 0x8000bc54 (0x3a3f2823) mem 0x8000d000 0x00000001
core   0: 0x8000bc58 (0x0000bfe5) c.j     pc - 8
core   0: 3 0x8000bc58 (0xbfe5)
core   0: 0x8000bc50 (0x00001f17) auipc   t5, 0x1
core   0: 3 0x8000bc50 (0x00001f17) x30 0x8000cc50
core   0: 0x8000bc54 (0x3a3f2823) sw      gp, 944(t5)
core   0: 3 0x8000bc54 (0x3a3f2823) mem 0x8000d000 0x00000001
core   0: 0x8000bc58 (0x0000bfe5) c.j     pc - 8
core   0: 3 0x8000bc58 (0xbfe5)
core   0: 0x8000bc50 (0x00001f17) auipc   t5, 0x1
core   0: 3 0x8000bc50 (0x00001f17) x30 0x8000cc50
core   0: 0x8000bc54 (0x3a3f2823) sw      gp, 944(t5)
core   0: 3 0x8000bc54 (0x3a3f2823) mem 0x8000d000 0x00000001
core   0: 0x8000bc58 (0x0000bfe5) c.j     pc - 8
core   0: 3 0x8000bc58 (0xbfe5)
core   0: 0x8000bc50 (0x00001f17) auipc   t5, 0x1
core   0: 3 0x8000bc50 (0x00001f17) x30 0x8000cc50
core   0: 0x8000bc54 (0x3a3f2823) sw      gp, 944(t5)
core   0: 3 0x8000bc54 (0x3a3f2823) mem 0x8000d000 0x00000001
core   0: 0x8000bc58 (0x0000bfe5) c.j     pc - 8
core   0: 3 0x8000bc58 (0xbfe5)
core   0: 0x8000bc50 (0x00001f17) auipc   t5, 0x1
core   0: 3 0x8000bc50 (0x00001f17) x30 0x8000cc50
core   0: 0x8000bc54 (0x3a3f2823) sw      gp, 944(t5)
core   0: 3 0x8000bc54 (0x3a3f2823) mem 0x8000d000 0x00000001
core   0: 0x8000bc58 (0x0000bfe5) c.j     pc - 8
core   0: 3 0x8000bc58 (0xbfe5)
core   0: 0x8000bc50 (0x00001f17) auipc   t5, 0x1
core   0: 3 0x8000bc50 (0x00001f17) x30 0x8000cc50
core   0: 0x8000bc54 (0x3a3f2823) sw      gp, 944(t5)
core   0: 3 0x8000bc54 (0x3a3f2823) mem 0x8000d000 0x00000001
core   0: 0x8000bc58 (0x0000bfe5) c.j     pc - 8
core   0: 3 0x8000bc58 (0xbfe5)
core   0: 0x8000bc50 (0x00001f17) auipc   t5, 0x1
core   0: 3 0x8000bc50 (0x00001f17) x30 0x8000cc50
core   0: 0x8000bc54 (0x3a3f2823) sw      gp, 944(t5)
core   0: 3 0x8000bc54 (0x3a3f2823) mem 0x8000d000 0x00000001
core   0: 0x8000bc58 (0x0000bfe5) c.j     pc - 8
core   0: 3 0x8000bc58 (0xbfe5)
core   0: 0x8000bc50 (0x00001f17) auipc   t5, 0x1
core   0: 3 0x8000bc50 (0x00001f17) x30 0x8000cc50
core   0: 0x8000bc54 (0x3a3f2823) sw      gp, 944(t5)
core   0: 3 0x8000bc54 (0x3a3f2823) mem 0x8000d000 0x00000001
core   0: 0x8000bc58 (0x0000bfe5) c.j     pc - 8
core   0: 3 0x8000bc58 (0xbfe5)
core   0: 0x8000bc50 (0x00001f17) auipc   t5, 0x1
core   0: 3 0x8000bc50 (0x00001f17) x30 0x8000cc50
core   0: 0x8000bc54 (0x3a3f2823) sw      gp, 944(t5)
core   0: 3 0x8000bc54 (0x3a3f2823) mem 0x8000d000 0x00000001
core   0: 0x8000bc58 (0x0000bfe5) c.j     pc - 8
core   0: 3 0x8000bc58 (0xbfe5)
core   0: 0x8000bc50 (0x00001f17) auipc   t5, 0x1
core   0: 3 0x8000bc50 (0x00001f17) x30 0x8000cc50
core   0: 0x8000bc54 (0x3a3f2823) sw      gp, 944(t5)
core   0: 3 0x8000bc54 (0x3a3f2823) mem 0x8000d000 0x00000001
core   0: 0x8000bc58 (0x0000bfe5) c.j     pc - 8
core   0: 3 0x8000bc58 (0xbfe5)
core   0: 0x8000bc50 (0x00001f17) auipc   t5, 0x1
core   0: 3 0x8000bc50 (0x00001f17) x30 0x8000cc50
core   0: 0x8000bc54 (0x3a3f2823) sw      gp, 944(t5)
core   0: 3 0x8000bc54 (0x3a3f2823) mem 0x8000d000 0x00000001
core   0: 0x8000bc58 (0x0000bfe5) c.j     pc - 8
core   0: 3 0x8000bc58 (0xbfe5)
core   0: 0x8000bc50 (0x00001f17) auipc   t5, 0x1
core   0: 3 0x8000bc50 (0x00001f17) x30 0x8000cc50
core   0: 0x8000bc54 (0x3a3f2823) sw      gp, 944(t5)
core   0: 3 0x8000bc54 (0x3a3f2823) mem 0x8000d000 0x00000001
