core   0: 0x00001000 (0x00000297) auipc   t0, 0x0
core   0: 3 0x00001000 (0x00000297) x 5 0x00001000
core   0: 0x00001004 (0x02028593) addi    a1, t0, 32
core   0: 3 0x00001004 (0x02028593) x11 0x00001020
core   0: 0x00001008 (0xf1402573) csrr    a0, mhartid
core   0: 3 0x00001008 (0xf1402573) x10 0x00000000
core   0: 0x0000100c (0x0182a283) lw      t0, 24(t0)
core   0: 3 0x0000100c (0x0182a283) x 5 0x80000000 mem 0x00001018
core   0: 0x00001010 (0x00028067) jr      t0
core   0: 3 0x00001010 (0x00028067)
core   0: 0x80000000 (0xf14022f3) csrr    t0, mhartid
core   0: 3 0x80000000 (0xf14022f3) x 5 0x00000000
core   0: 0x80000004 (0x00004301) c.li    t1, 0
core   0: 3 0x80000004 (0x4301) x 6 0x00000000
core   0: 0x80000006 (0x00628263) beq     t0, t1, pc + 4
core   0: 3 0x80000006 (0x00628263)
core   0: 0x8000000a (0x00000417) auipc   s0, 0x0
core   0: 3 0x8000000a (0x00000417) x 8 0x8000000a
core   0: 0x8000000e (0x00c40413) addi    s0, s0, 12
core   0: 3 0x8000000e (0x00c40413) x 8 0x80000016
core   0: 0x80000012 (0x00040067) jr      s0
core   0: 3 0x80000012 (0x00040067)
core   0: 0x80000016 (0x40001b37) lui     s6, 0x40001
core   0: 3 0x80000016 (0x40001b37) x22 0x40001000
core   0: 0x8000001a (0x104b0b13) addi    s6, s6, 260
core   0: 3 0x8000001a (0x104b0b13) x22 0x40001104
core   0: 0x8000001e (0x301b1073) csrw    misa, s6
core   0: 3 0x8000001e (0x301b1073) c769_misa 0x40141104
core   0: 0x80000022 (0x00027917) auipc   s2, 0x27
core   0: 3 0x80000022 (0x00027917) x18 0x80027022
core   0: 0x80000026 (0xcc290913) addi    s2, s2, -830
core   0: 3 0x80000026 (0xcc290913) x18 0x80026ce4
core   0: 0x8000002a (0x0000cb17) auipc   s6, 0xc
core   0: 3 0x8000002a (0x0000cb17) x22 0x8000c02a
core   0: 0x8000002e (0x356b0b13) addi    s6, s6, 854
core   0: 3 0x8000002e (0x356b0b13) x22 0x8000c380
core   0: 0x80000032 (0x001b6b13) ori     s6, s6, 1
core   0: 3 0x80000032 (0x001b6b13) x22 0x8000c381
core   0: 0x80000036 (0x305b1073) csrw    mtvec, s6
core   0: 3 0x80000036 (0x305b1073) c773_mtvec 0x8000c381
core   0: 0x8000003a (0x00000b17) auipc   s6, 0x0
core   0: 3 0x8000003a (0x00000b17) x22 0x8000003a
core   0: 0x8000003e (0x024b0b13) addi    s6, s6, 36
core   0: 3 0x8000003e (0x024b0b13) x22 0x8000005e
core   0: 0x80000042 (0x341b1073) csrw    mepc, s6
core   0: 3 0x80000042 (0x341b1073) c833_mepc 0x8000005e
core   0: 0x80000046 (0x00000001) c.nop
core   0: 3 0x80000046 (0x0001)
core   0: 0x80000048 (0x00002b37) lui     s6, 0x2
core   0: 3 0x80000048 (0x00002b37) x22 0x00002000
core   0: 0x8000004c (0x800b0b13) addi    s6, s6, -2048
core   0: 3 0x8000004c (0x800b0b13) x22 0x00001800
core   0: 0x80000050 (0x300b1073) csrw    mstatus, s6
core   0: 3 0x80000050 (0x300b1073) c768_mstatus 0x00001800
core   0: 0x80000054 (0x00004b01) c.li    s6, 0
core   0: 3 0x80000054 (0x4b01) x22 0x00000000
core   0: 0x80000056 (0x304b1073) csrw    mie, s6
core   0: 3 0x80000056 (0x304b1073) c772_mie 0x00000000
core   0: 0x8000005a (0x30200073) mret
core   0: 3 0x8000005a (0x30200073) c768_mstatus 0x00000080
core   0: >>>>  init
core   0: 0x8000005e (0xbe127037) lui     zero, 0xbe127
core   0: 3 0x8000005e (0xbe127037)
core   0: 0x80000062 (0x68c00013) li      zero, 1676
core   0: 3 0x80000062 (0x68c00013)
core   0: 0x80000066 (0x000040b9) c.li    ra, 14
core   0: 3 0x80000066 (0x40b9) x 1 0x0000000e
core   0: 0x80000068 (0x00004121) c.li    sp, 8
core   0: 3 0x80000068 (0x4121) x 2 0x00000008
core   0: 0x8000006a (0x872fa1b7) lui     gp, 0x872fa
core   0: 3 0x8000006a (0x872fa1b7) x 3 0x872fa000
core   0: 0x8000006e (0x01e18193) addi    gp, gp, 30
core   0: 3 0x8000006e (0x01e18193) x 3 0x872fa01e
core   0: 0x80000072 (0x80000237) lui     tp, 0x80000
core   0: 3 0x80000072 (0x80000237) x 4 0x80000000
core   0: 0x80000076 (0x00004281) c.li    t0, 0
core   0: 3 0x80000076 (0x4281) x 5 0x00000000
core   0: 0x80000078 (0x5546c337) lui     t1, 0x5546c
core   0: 3 0x80000078 (0x5546c337) x 6 0x5546c000
core   0: 0x8000007c (0xbba30313) addi    t1, t1, -1094
core   0: 3 0x8000007c (0xbba30313) x 6 0x5546bbba
core   0: 0x80000080 (0x800003b7) lui     t2, 0x80000
core   0: 3 0x80000080 (0x800003b7) x 7 0x80000000
core   0: 0x80000084 (0x00004401) c.li    s0, 0
core   0: 3 0x80000084 (0x4401) x 8 0x00000000
core   0: 0x80000086 (0xf61f24b7) lui     s1, 0xf61f2
core   0: 3 0x80000086 (0xf61f24b7) x 9 0xf61f2000
core   0: 0x8000008a (0xdcc48493) addi    s1, s1, -564
core   0: 3 0x8000008a (0xdcc48493) x 9 0xf61f1dcc
core   0: 0x8000008e (0x00004539) c.li    a0, 14
core   0: 3 0x8000008e (0x4539) x10 0x0000000e
core   0: 0x80000090 (0x5a8465b7) lui     a1, 0x5a846
core   0: 3 0x80000090 (0x5a8465b7) x11 0x5a846000
core   0: 0x80000094 (0x9c558593) addi    a1, a1, -1595
core   0: 3 0x80000094 (0x9c558593) x11 0x5a8459c5
core   0: 0x80000098 (0x00004629) c.li    a2, 10
core   0: 3 0x80000098 (0x4629) x12 0x0000000a
core   0: 0x8000009a (0x6a98b6b7) lui     a3, 0x6a98b
core   0: 3 0x8000009a (0x6a98b6b7) x13 0x6a98b000
core   0: 0x8000009e (0x5e568693) addi    a3, a3, 1509
core   0: 3 0x8000009e (0x5e568693) x13 0x6a98b5e5
core   0: 0x800000a2 (0xf3154737) lui     a4, 0xf3154
core   0: 3 0x800000a2 (0xf3154737) x14 0xf3154000
core   0: 0x800000a6 (0x52670713) addi    a4, a4, 1318
core   0: 3 0x800000a6 (0x52670713) x14 0xf3154526
core   0: 0x800000aa (0x800007b7) lui     a5, 0x80000
core   0: 3 0x800000aa (0x800007b7) x15 0x80000000
core   0: 0x800000ae (0xf9df2837) lui     a6, 0xf9df2
core   0: 3 0x800000ae (0xf9df2837) x16 0xf9df2000
core   0: 0x800000b2 (0xa7380813) addi    a6, a6, -1421
core   0: 3 0x800000b2 (0xa7380813) x16 0xf9df1a73
core   0: 0x800000b6 (0x3c0c68b7) lui     a7, 0x3c0c6
core   0: 3 0x800000b6 (0x3c0c68b7) x17 0x3c0c6000
core   0: 0x800000ba (0xf8888893) addi    a7, a7, -120
core   0: 3 0x800000ba (0xf8888893) x17 0x3c0c5f88
core   0: 0x800000be (0x000049a1) c.li    s3, 8
core   0: 3 0x800000be (0x49a1) x19 0x00000008
core   0: 0x800000c0 (0xb4343a37) lui     s4, 0xb4343
core   0: 3 0x800000c0 (0xb4343a37) x20 0xb4343000
core   0: 0x800000c4 (0x478a0a13) addi    s4, s4, 1144
core   0: 3 0x800000c4 (0x478a0a13) x20 0xb4343478
core   0: 0x800000c8 (0x00004aad) c.li    s5, 11
core   0: 3 0x800000c8 (0x4aad) x21 0x0000000b
core   0: 0x800000ca (0x00004b01) c.li    s6, 0
core   0: 3 0x800000ca (0x4b01) x22 0x00000000
core   0: 0x800000cc (0x00004b81) c.li    s7, 0
core   0: 3 0x800000cc (0x4b81) x23 0x00000000
core   0: 0x800000ce (0x00004c09) c.li    s8, 2
core   0: 3 0x800000ce (0x4c09) x24 0x00000002
core   0: 0x800000d0 (0x00004c81) c.li    s9, 0
core   0: 3 0x800000d0 (0x4c81) x25 0x00000000
core   0: 0x800000d2 (0xf1127d37) lui     s10, 0xf1127
core   0: 3 0x800000d2 (0xf1127d37) x26 0xf1127000
core   0: 0x800000d6 (0x3a2d0d13) addi    s10, s10, 930
core   0: 3 0x800000d6 (0x3a2d0d13) x26 0xf11273a2
core   0: 0x800000da (0x2501fe37) lui     t3, 0x2501f
core   0: 3 0x800000da (0x2501fe37) x28 0x2501f000
core   0: 0x800000de (0xf5ae0e13) addi    t3, t3, -166
core   0: 3 0x800000de (0xf5ae0e13) x28 0x2501ef5a
core   0: 0x800000e2 (0x80000eb7) lui     t4, 0x80000
core   0: 3 0x800000e2 (0x80000eb7) x29 0x80000000
core   0: 0x800000e6 (0x80000f37) lui     t5, 0x80000
core   0: 3 0x800000e6 (0x80000f37) x30 0x80000000
core   0: 0x800000ea (0x00004fb9) c.li    t6, 14
core   0: 3 0x800000ea (0x4fb9) x31 0x0000000e
core   0: 0x800000ec (0x00023d97) auipc   s11, 0x23
core   0: 3 0x800000ec (0x00023d97) x27 0x800230ec
core   0: 0x800000f0 (0xd78d8d93) addi    s11, s11, -648
core   0: 3 0x800000f0 (0xd78d8d93) x27 0x80022e64
core   0: 0x800000f4 (0x000094f6) c.add   s1, t4
core   0: 3 0x800000f4 (0x94f6) x 9 0x761f1dcc
core   0: 0x800000f6 (0x000089e9) c.andi  a1, 26
core   0: 3 0x800000f6 (0x89e9) x11 0x00000000
core   0: 0x800000f8 (0x6ddf4c13) xori    s8, t5, 1757
core   0: 3 0x800000f8 (0x6ddf4c13) x24 0x800006dd
core   0: 0x800000fc (0x00004d75) c.li    s10, 29
core   0: 3 0x800000fc (0x4d75) x26 0x0000001d
core   0: 0x800000fe (0xf2223013) sltiu   zero, tp, -222
core   0: 3 0x800000fe (0xf2223013)
core   0: 0x80000102 (0x00009797) auipc   a5, 0x9
core   0: 3 0x80000102 (0x00009797) x15 0x80009102
core   0: 0x80000106 (0xab878793) addi    a5, a5, -1352
core   0: 3 0x80000106 (0xab878793) x15 0x80008bba
core   0: 0x8000010a (0x1f578793) addi    a5, a5, 501
core   0: 3 0x8000010a (0x1f578793) x15 0x80008daf
core   0: 0x8000010e (0x00008b66) c.mv    s6, s9
core   0: 3 0x8000010e (0x8b66) x22 0x00000000
core   0: 0x80000110 (0x01bec363) blt     t4, s11, pc + 6
core   0: 3 0x80000110 (0x01bec363)
core   0: 0x80000116 (0xe0c78367) jalr    t1, a5, -500
core   0: 3 0x80000116 (0xe0c78367) x 6 0x8000011a
core   0: 0x80008bba (0xfccd8d93) addi    s11, s11, -52
core   0: 3 0x80008bba (0xfccd8d93) x27 0x80022e30
core   0: 0x80008bbe (0x00ded013) srli    zero, t4, 13
core   0: 3 0x80008bbe (0x00ded013)
core   0: 0x80008bc2 (0x00001c7d) c.addi  s8, -1
core   0: 3 0x80008bc2 (0x1c7d) x24 0x800006dc
core   0: 0x80008bc4 (0x58780b13) addi    s6, a6, 1415
core   0: 3 0x80008bc4 (0x58780b13) x22 0xf9df1ffa
core   0: 0x80008bc8 (0x00000001) c.nop
core   0: 3 0x80008bc8 (0x0001)
core   0: 0x80008bca (0x000086e1) c.srai  a3, 24
core   0: 3 0x80008bca (0x86e1) x13 0x0000006a
core   0: 0x80008bcc (0x006da223) sw      t1, 4(s11)
core   0: 3 0x80008bcc (0x006da223) mem 0x80022e34 0x8000011a
core   0: 0x80008bd0 (0xe59d4a37) lui     s4, 0xe59d4
core   0: 3 0x80008bd0 (0xe59d4a37) x20 0xe59d4000
core   0: 0x80008bd4 (0x00008d15) c.sub   a0, a3
core   0: 3 0x80008bd4 (0x8d15) x10 0xffffffa4
core   0: 0x80008bd6 (0x0ff0000f) fence   iorw,iorw
core   0: 3 0x80008bd6 (0x0ff0000f)
core   0: 0x80008bda (0x001f9733) sll     a4, t6, ra
core   0: 3 0x80008bda (0x001f9733) x14 0x00038000
core   0: 0x80008bde (0xffd00713) li      a4, -3
core   0: 3 0x80008bde (0xffd00713) x14 0xfffffffd
core   0: 0x80008be2 (0x251e8493) addi    s1, t4, 593
core   0: 3 0x80008be2 (0x251e8493) x 9 0x80000251
core   0: 0x80008be6 (0x01ce5393) srli    t2, t3, 28
core   0: 3 0x80008be6 (0x01ce5393) x 7 0x00000002
core   0: 0x80008bea (0x00000001) c.nop
core   0: 3 0x80008bea (0x0001)
core   0: 0x80008bec (0xff800b93) li      s7, -8
core   0: 3 0x80008bec (0xff800b93) x23 0xfffffff8
core   0: 0x80008bf0 (0x41525033) sra     zero, tp, s5
core   0: 3 0x80008bf0 (0x41525033)
core   0: 0x80008bf4 (0x41f75033) sra     zero, a4, t6
core   0: 3 0x80008bf4 (0x41f75033)
core   0: 0x80008bf8 (0x6f2cea93) ori     s5, s9, 1778
core   0: 3 0x80008bf8 (0x6f2cea93) x21 0x000006f2
core   0: 0x80008bfc (0x00000001) c.nop
core   0: 3 0x80008bfc (0x0001)
core   0: 0x80008bfe (0x0000176d) c.addi  a4, -5
core   0: 3 0x80008bfe (0x176d) x14 0xfffffff8
core   0: 0x80008c00 (0x03fd00b3) mul     ra, s10, t6
core   0: 3 0x80008c00 (0x03fd00b3) x 1 0x00000196
core   0: 0x80008c04 (0x0231b1b3) mulhu   gp, gp, gp
core   0: 3 0x80008c04 (0x0231b1b3) x 3 0x476343bb
core   0: 0x80008c08 (0x000057fd) c.li    a5, -1
core   0: 3 0x80008c08 (0x57fd) x15 0xffffffff
core   0: 0x80008c0a (0xff7717e3) bne     a4, s7, pc - 18
core   0: 3 0x80008c0a (0xff7717e3)
core   0: 0x80008c0e (0x02e4bfb3) mulhu   t6, s1, a4
core   0: 3 0x80008c0e (0x02e4bfb3) x31 0x8000024c
core   0: 0x80008c12 (0x00200b93) li      s7, 2
core   0: 3 0x80008c12 (0x00200b93) x23 0x00000002
core   0: 0x80008c16 (0x01479593) slli    a1, a5, 20
core   0: 3 0x80008c16 (0x01479593) x11 0xfff00000
core   0: 0x80008c1a (0x01f584b3) add     s1, a1, t6
core   0: 3 0x80008c1a (0x01f584b3) x 9 0x7ff0024c
core   0: 0x80008c1e (0x000093da) c.add   t2, s6
core   0: 3 0x80008c1e (0x93da) x 7 0xf9df1ffc
core   0: 0x80008c20 (0x01421393) slli    t2, tp, 20
core   0: 3 0x80008c20 (0x01421393) x 7 0x00000000
core   0: 0x80008c24 (0x3e548213) addi    tp, s1, 997
core   0: 3 0x80008c24 (0x3e548213) x 4 0x7ff00631
core   0: 0x80008c28 (0x01412ab3) slt     s5, sp, s4
core   0: 3 0x80008c28 (0x01412ab3) x21 0x00000000
core   0: 0x80008c2c (0x00c00313) li      t1, 12
core   0: 3 0x80008c2c (0x00c00313) x 6 0x0000000c
core   0: 0x80008c30 (0x00cdb033) sltu    zero, s11, a2
core   0: 3 0x80008c30 (0x00cdb033)
core   0: 0x80008c34 (0x2e25cb17) auipc   s6, 0x2e25c
core   0: 3 0x80008c34 (0x2e25cb17) x22 0xae264c34
core   0: 0x80008c38 (0x00000b91) c.addi  s7, 4
core   0: 3 0x80008c38 (0x0b91) x23 0x00000006
core   0: 0x80008c3a (0xff900693) li      a3, -7
core   0: 3 0x80008c3a (0xff900693) x13 0xfffffff9
core   0: 0x80008c3e (0x00c45013) srli    zero, s0, 12
core   0: 3 0x80008c3e (0x00c45013)
core   0: 0x80008c42 (0x00000584) c.addi4spn s1, sp, 704
core   0: 3 0x80008c42 (0x0584) x 9 0x000002c8
core   0: 0x80008c44 (0x00a00f93) li      t6, 10
core   0: 3 0x80008c44 (0x00a00f93) x31 0x0000000a
core   0: 0x80008c48 (0x03a1e9b3) rem     s3, gp, s10
core   0: 3 0x80008c48 (0x03a1e9b3) x19 0x00000006
core   0: 0x80008c4c (0x00000001) c.nop
core   0: 3 0x80008c4c (0x0001)
core   0: 0x80008c4e (0x406909b3) sub     s3, s2, t1
core   0: 3 0x80008c4e (0x406909b3) x19 0x80026cd8
core   0: 0x80008c52 (0x00000699) c.addi  a3, 6
core   0: 3 0x80008c52 (0x0699) x13 0xffffffff
core   0: 0x80008c54 (0x00008c89) c.sub   s1, a0
core   0: 3 0x80008c54 (0x8c89) x 9 0x00000324
core   0: 0x80008c56 (0xfff6ebe3) bltu    a3, t6, pc - 10
core   0: 3 0x80008c56 (0xfff6ebe3)
core   0: 0x80008c5a (0x00006c5d) c.lui   s8, 0x17
core   0: 3 0x80008c5a (0x6c5d) x24 0x00017000
core   0: 0x80008c5c (0x1e97e017) auipc   zero, 0x1e97e
core   0: 3 0x80008c5c (0x1e97e017)
core   0: 0x80008c60 (0x03461733) mulh    a4, a2, s4
core   0: 3 0x80008c60 (0x03461733) x14 0xfffffffe
core   0: 0x80008c64 (0xfc6be8e3) bltu    s7, t1, pc - 48
core   0: 3 0x80008c64 (0xfc6be8e3)
core   0: 0x80008c34 (0x2e25cb17) auipc   s6, 0x2e25c
core   0: 3 0x80008c34 (0x2e25cb17) x22 0xae264c34
core   0: 0x80008c38 (0x00000b91) c.addi  s7, 4
core   0: 3 0x80008c38 (0x0b91) x23 0x0000000a
core   0: 0x80008c3a (0xff900693) li      a3, -7
core   0: 3 0x80008c3a (0xff900693) x13 0xfffffff9
core   0: 0x80008c3e (0x00c45013) srli    zero, s0, 12
core   0: 3 0x80008c3e (0x00c45013)
core   0: 0x80008c42 (0x00000584) c.addi4spn s1, sp, 704
core   0: 3 0x80008c42 (0x0584) x 9 0x000002c8
core   0: 0x80008c44 (0x00a00f93) li      t6, 10
core   0: 3 0x80008c44 (0x00a00f93) x31 0x0000000a
core   0: 0x80008c48 (0x03a1e9b3) rem     s3, gp, s10
core   0: 3 0x80008c48 (0x03a1e9b3) x19 0x00000006
core   0: 0x80008c4c (0x00000001) c.nop
core   0: 3 0x80008c4c (0x0001)
core   0: 0x80008c4e (0x406909b3) sub     s3, s2, t1
core   0: 3 0x80008c4e (0x406909b3) x19 0x80026cd8
core   0: 0x80008c52 (0x00000699) c.addi  a3, 6
core   0: 3 0x80008c52 (0x0699) x13 0xffffffff
core   0: 0x80008c54 (0x00008c89) c.sub   s1, a0
core   0: 3 0x80008c54 (0x8c89) x 9 0x00000324
core   0: 0x80008c56 (0xfff6ebe3) bltu    a3, t6, pc - 10
core   0: 3 0x80008c56 (0xfff6ebe3)
core   0: 0x80008c5a (0x00006c5d) c.lui   s8, 0x17
core   0: 3 0x80008c5a (0x6c5d) x24 0x00017000
core   0: 0x80008c5c (0x1e97e017) auipc   zero, 0x1e97e
core   0: 3 0x80008c5c (0x1e97e017)
core   0: 0x80008c60 (0x03461733) mulh    a4, a2, s4
core   0: 3 0x80008c60 (0x03461733) x14 0xfffffffe
core   0: 0x80008c64 (0xfc6be8e3) bltu    s7, t1, pc - 48
core   0: 3 0x80008c64 (0xfc6be8e3)
core   0: 0x80008c34 (0x2e25cb17) auipc   s6, 0x2e25c
core   0: 3 0x80008c34 (0x2e25cb17) x22 0xae264c34
core   0: 0x80008c38 (0x00000b91) c.addi  s7, 4
core   0: 3 0x80008c38 (0x0b91) x23 0x0000000e
core   0: 0x80008c3a (0xff900693) li      a3, -7
core   0: 3 0x80008c3a (0xff900693) x13 0xfffffff9
core   0: 0x80008c3e (0x00c45013) srli    zero, s0, 12
core   0: 3 0x80008c3e (0x00c45013)
core   0: 0x80008c42 (0x00000584) c.addi4spn s1, sp, 704
core   0: 3 0x80008c42 (0x0584) x 9 0x000002c8
core   0: 0x80008c44 (0x00a00f93) li      t6, 10
core   0: 3 0x80008c44 (0x00a00f93) x31 0x0000000a
core   0: 0x80008c48 (0x03a1e9b3) rem     s3, gp, s10
core   0: 3 0x80008c48 (0x03a1e9b3) x19 0x00000006
core   0: 0x80008c4c (0x00000001) c.nop
core   0: 3 0x80008c4c (0x0001)
core   0: 0x80008c4e (0x406909b3) sub     s3, s2, t1
core   0: 3 0x80008c4e (0x406909b3) x19 0x80026cd8
core   0: 0x80008c52 (0x00000699) c.addi  a3, 6
core   0: 3 0x80008c52 (0x0699) x13 0xffffffff
core   0: 0x80008c54 (0x00008c89) c.sub   s1, a0
core   0: 3 0x80008c54 (0x8c89) x 9 0x00000324
core   0: 0x80008c56 (0xfff6ebe3) bltu    a3, t6, pc - 10
core   0: 3 0x80008c56 (0xfff6ebe3)
core   0: 0x80008c5a (0x00006c5d) c.lui   s8, 0x17
core   0: 3 0x80008c5a (0x6c5d) x24 0x00017000
core   0: 0x80008c5c (0x1e97e017) auipc   zero, 0x1e97e
core   0: 3 0x80008c5c (0x1e97e017)
core   0: 0x80008c60 (0x03461733) mulh    a4, a2, s4
core   0: 3 0x80008c60 (0x03461733) x14 0xfffffffe
core   0: 0x80008c64 (0xfc6be8e3) bltu    s7, t1, pc - 48
core   0: 3 0x80008c64 (0xfc6be8e3)
core   0: 0x80008c68 (0x00008f55) c.or    a4, a3
core   0: 3 0x80008c68 (0x8f55) x14 0xffffffff
core   0: 0x80008c6a (0xfff00613) li      a2, -1
core   0: 3 0x80008c6a (0xfff00613) x12 0xffffffff
core   0: 0x80008c6e (0x00000001) c.nop
core   0: 3 0x80008c6e (0x0001)
core   0: 0x80008c70 (0x41535ab3) sra     s5, t1, s5
core   0: 3 0x80008c70 (0x41535ab3) x21 0x0000000c
core   0: 0x80008c74 (0x0000100f) fence.i
core   0: 3 0x80008c74 (0x0000100f)
core   0: 0x80008c78 (0x02ca88b3) mul     a7, s5, a2
core   0: 3 0x80008c78 (0x02ca88b3) x17 0xfffffff4
core   0: 0x80008c7c (0x00000605) c.addi  a2, 1
core   0: 3 0x80008c7c (0x0605) x12 0x00000000
core   0: 0x80008c7e (0x0000834d) c.srli  a4, 19
core   0: 3 0x80008c7e (0x834d) x14 0x00001fff
core   0: 0x80008c80 (0x00005d7d) c.li    s10, -1
core   0: 3 0x80008c80 (0x5d7d) x26 0xffffffff
core   0: 0x80008c82 (0x00008f79) c.and   a4, a4
core   0: 3 0x80008c82 (0x8f79) x14 0x00001fff
core   0: 0x80008c84 (0x0244b533) mulhu   a0, s1, tp
core   0: 3 0x80008c84 (0x0244b533) x10 0x00000191
core   0: 0x80008c88 (0x016e9eb3) sll     t4, t4, s6
core   0: 3 0x80008c88 (0x016e9eb3) x29 0x00000000
core   0: 0x80008c8c (0x03a4e0b3) rem     ra, s1, s10
core   0: 3 0x80008c8c (0x03a4e0b3) x 1 0x00000000
core   0: 0x80008c90 (0x40b4da13) srai    s4, s1, 11
core   0: 3 0x80008c90 (0x40b4da13) x20 0x00000000
core   0: 0x80008c94 (0x00000001) c.nop
core   0: 3 0x80008c94 (0x0001)
core   0: 0x80008c96 (0x0000824e) c.mv    tp, s3
core   0: 3 0x80008c96 (0x824e) x 4 0x80026cd8
core   0: 0x80008c98 (0x27b52293) slti    t0, a0, 635
core   0: 3 0x80008c98 (0x27b52293) x 5 0x00000001
core   0: 0x80008c9c (0xae6a2513) slti    a0, s4, -1306
core   0: 3 0x80008c9c (0xae6a2513) x10 0x00000000
core   0: 0x80008ca0 (0xfb4e8893) addi    a7, t4, -76
core   0: 3 0x80008ca0 (0xfb4e8893) x17 0xffffffb4
core   0: 0x80008ca4 (0x7b456993) ori     s3, a0, 1972
core   0: 3 0x80008ca4 (0x7b456993) x19 0x000007b4
core   0: 0x80008ca8 (0x0310e0b3) rem     ra, ra, a7
core   0: 3 0x80008ca8 (0x0310e0b3) x 1 0x00000000
core   0: 0x80008cac (0x00001d94) c.addi4spn a3, sp, 752
core   0: 3 0x80008cac (0x1d94) x13 0x000002f8
core   0: 0x80008cae (0x0000d669) c.beqz  a2, pc - 54
core   0: 3 0x80008cae (0xd669)
core   0: 0x80008c78 (0x02ca88b3) mul     a7, s5, a2
core   0: 3 0x80008c78 (0x02ca88b3) x17 0x00000000
core   0: 0x80008c7c (0x00000605) c.addi  a2, 1
core   0: 3 0x80008c7c (0x0605) x12 0x00000001
core   0: 0x80008c7e (0x0000834d) c.srli  a4, 19
core   0: 3 0x80008c7e (0x834d) x14 0x00000000
core   0: 0x80008c80 (0x00005d7d) c.li    s10, -1
core   0: 3 0x80008c80 (0x5d7d) x26 0xffffffff
core   0: 0x80008c82 (0x00008f79) c.and   a4, a4
core   0: 3 0x80008c82 (0x8f79) x14 0x00000000
core   0: 0x80008c84 (0x0244b533) mulhu   a0, s1, tp
core   0: 3 0x80008c84 (0x0244b533) x10 0x00000192
core   0: 0x80008c88 (0x016e9eb3) sll     t4, t4, s6
core   0: 3 0x80008c88 (0x016e9eb3) x29 0x00000000
core   0: 0x80008c8c (0x03a4e0b3) rem     ra, s1, s10
core   0: 3 0x80008c8c (0x03a4e0b3) x 1 0x00000000
core   0: 0x80008c90 (0x40b4da13) srai    s4, s1, 11
core   0: 3 0x80008c90 (0x40b4da13) x20 0x00000000
core   0: 0x80008c94 (0x00000001) c.nop
core   0: 3 0x80008c94 (0x0001)
core   0: 0x80008c96 (0x0000824e) c.mv    tp, s3
core   0: 3 0x80008c96 (0x824e) x 4 0x000007b4
core   0: 0x80008c98 (0x27b52293) slti    t0, a0, 635
core   0: 3 0x80008c98 (0x27b52293) x 5 0x00000001
core   0: 0x80008c9c (0xae6a2513) slti    a0, s4, -1306
core   0: 3 0x80008c9c (0xae6a2513) x10 0x00000000
core   0: 0x80008ca0 (0xfb4e8893) addi    a7, t4, -76
core   0: 3 0x80008ca0 (0xfb4e8893) x17 0xffffffb4
core   0: 0x80008ca4 (0x7b456993) ori     s3, a0, 1972
core   0: 3 0x80008ca4 (0x7b456993) x19 0x000007b4
core   0: 0x80008ca8 (0x0310e0b3) rem     ra, ra, a7
core   0: 3 0x80008ca8 (0x0310e0b3) x 1 0x00000000
core   0: 0x80008cac (0x00001d94) c.addi4spn a3, sp, 752
core   0: 3 0x80008cac (0x1d94) x13 0x000002f8
core   0: 0x80008cae (0x0000d669) c.beqz  a2, pc - 54
core   0: 3 0x80008cae (0xd669)
core   0: 0x80008cb0 (0x00008fe9) c.and   a5, a0
core   0: 3 0x80008cb0 (0x8fe9) x15 0x00000000
core   0: 0x80008cb2 (0xffe00593) li      a1, -2
core   0: 3 0x80008cb2 (0xffe00593) x11 0xfffffffe
core   0: 0x80008cb6 (0x0000100f) fence.i
core   0: 3 0x80008cb6 (0x0000100f)
core   0: 0x80008cba (0x0332cd33) div     s10, t0, s3
core   0: 3 0x80008cba (0x0332cd33) x26 0x00000000
core   0: 0x80008cbe (0x007119b3) sll     s3, sp, t2
core   0: 3 0x80008cbe (0x007119b3) x19 0x00000008
core   0: 0x80008cc2 (0xff600193) li      gp, -10
core   0: 3 0x80008cc2 (0xff600193) x 3 0xfffffff6
core   0: 0x80008cc6 (0x02e1dfb3) divu    t6, gp, a4
core   0: 3 0x80008cc6 (0x02e1dfb3) x31 0xffffffff
core   0: 0x80008cca (0x00008aed) c.andi  a3, 27
core   0: 3 0x80008cca (0x8aed) x13 0x00000018
core   0: 0x80008ccc (0x000049f1) c.li    s3, 28
core   0: 3 0x80008ccc (0x49f1) x19 0x0000001c
core   0: 0x80008cce (0x000084ad) c.srai  s1, 11
core   0: 3 0x80008cce (0x84ad) x 9 0x00000000
core   0: 0x80008cd0 (0x000015e1) c.addi  a1, -8
core   0: 3 0x80008cd0 (0x15e1) x11 0xfffffff6
core   0: 0x80008cd2 (0x00008fcd) c.or    a5, a1
core   0: 3 0x80008cd2 (0x8fcd) x15 0xfffffff6
core   0: 0x80008cd4 (0xff700713) li      a4, -9
core   0: 3 0x80008cd4 (0xff700713) x14 0xfffffff7
core   0: 0x80008cd8 (0x00200613) li      a2, 2
core   0: 3 0x80008cd8 (0x00200613) x12 0x00000002
core   0: 0x80008cdc (0x4de6c493) xori    s1, a3, 1246
core   0: 3 0x80008cdc (0x4de6c493) x 9 0x000004c6
core   0: 0x80008ce0 (0x0206ab33) mulhsu  s6, a3, zero
core   0: 3 0x80008ce0 (0x0206ab33) x22 0x00000000
core   0: 0x80008ce4 (0x029c6eb3) rem     t4, s8, s1
core   0: 3 0x80008ce4 (0x029c6eb3) x29 0x00000072
core   0: 0x80008ce8 (0x00000725) c.addi  a4, 9
core   0: 3 0x80008ce8 (0x0725) x14 0x00000000
core   0: 0x80008cea (0xfec76de3) bltu    a4, a2, pc - 6
core   0: 3 0x80008cea (0xfec76de3)
core   0: 0x80008ce4 (0x029c6eb3) rem     t4, s8, s1
core   0: 3 0x80008ce4 (0x029c6eb3) x29 0x00000072
core   0: 0x80008ce8 (0x00000725) c.addi  a4, 9
core   0: 3 0x80008ce8 (0x0725) x14 0x00000009
core   0: 0x80008cea (0xfec76de3) bltu    a4, a2, pc - 6
core   0: 3 0x80008cea (0xfec76de3)
core   0: 0x80008cee (0x023358b3) divu    a7, t1, gp
core   0: 3 0x80008cee (0x023358b3) x17 0x00000000
core   0: 0x80008cf2 (0xfc358ce3) beq     a1, gp, pc - 40
core   0: 3 0x80008cf2 (0xfc358ce3)
core   0: 0x80008cca (0x00008aed) c.andi  a3, 27
core   0: 3 0x80008cca (0x8aed) x13 0x00000018
core   0: 0x80008ccc (0x000049f1) c.li    s3, 28
core   0: 3 0x80008ccc (0x49f1) x19 0x0000001c
core   0: 0x80008cce (0x000084ad) c.srai  s1, 11
core   0: 3 0x80008cce (0x84ad) x 9 0x00000000
core   0: 0x80008cd0 (0x000015e1) c.addi  a1, -8
core   0: 3 0x80008cd0 (0x15e1) x11 0xffffffee
core   0: 0x80008cd2 (0x00008fcd) c.or    a5, a1
core   0: 3 0x80008cd2 (0x8fcd) x15 0xfffffffe
core   0: 0x80008cd4 (0xff700713) li      a4, -9
core   0: 3 0x80008cd4 (0xff700713) x14 0xfffffff7
core   0: 0x80008cd8 (0x00200613) li      a2, 2
core   0: 3 0x80008cd8 (0x00200613) x12 0x00000002
core   0: 0x80008cdc (0x4de6c493) xori    s1, a3, 1246
core   0: 3 0x80008cdc (0x4de6c493) x 9 0x000004c6
core   0: 0x80008ce0 (0x0206ab33) mulhsu  s6, a3, zero
core   0: 3 0x80008ce0 (0x0206ab33) x22 0x00000000
core   0: 0x80008ce4 (0x029c6eb3) rem     t4, s8, s1
core   0: 3 0x80008ce4 (0x029c6eb3) x29 0x00000072
core   0: 0x80008ce8 (0x00000725) c.addi  a4, 9
core   0: 3 0x80008ce8 (0x0725) x14 0x00000000
core   0: 0x80008cea (0xfec76de3) bltu    a4, a2, pc - 6
core   0: 3 0x80008cea (0xfec76de3)
core   0: 0x80008ce4 (0x029c6eb3) rem     t4, s8, s1
core   0: 3 0x80008ce4 (0x029c6eb3) x29 0x00000072
core   0: 0x80008ce8 (0x00000725) c.addi  a4, 9
core   0: 3 0x80008ce8 (0x0725) x14 0x00000009
core   0: 0x80008cea (0xfec76de3) bltu    a4, a2, pc - 6
core   0: 3 0x80008cea (0xfec76de3)
core   0: 0x80008cee (0x023358b3) divu    a7, t1, gp
core   0: 3 0x80008cee (0x023358b3) x17 0x00000000
core   0: 0x80008cf2 (0xfc358ce3) beq     a1, gp, pc - 40
core   0: 3 0x80008cf2 (0xfc358ce3)
core   0: 0x80008cf6 (0x00008549) c.srai  a0, 18
core   0: 3 0x80008cf6 (0x8549) x10 0x00000000
core   0: 0x80008cf8 (0x00700b93) li      s7, 7
core   0: 3 0x80008cf8 (0x00700b93) x23 0x00000007
core   0: 0x80008cfc (0x01c034b3) snez    s1, t3
core   0: 3 0x80008cfc (0x01c034b3) x 9 0x00000001
core   0: 0x80008d00 (0x0000821a) c.mv    tp, t1
core   0: 3 0x80008d00 (0x821a) x 4 0x0000000c
core   0: 0x80008d02 (0x0378f2b3) remu    t0, a7, s7
core   0: 3 0x80008d02 (0x0378f2b3) x 5 0x00000000
core   0: 0x80008d06 (0x01153eb3) sltu    t4, a0, a7
core   0: 3 0x80008d06 (0x01153eb3) x29 0x00000000
core   0: 0x80008d0a (0x00000001) c.nop
core   0: 3 0x80008d0a (0x0001)
core   0: 0x80008d0c (0x8b772a17) auipc   s4, 0x8b772
core   0: 3 0x80008d0c (0x8b772a17) x20 0x0b77ad0c
core   0: 0x80008d10 (0x009b07b3) add     a5, s6, s1
core   0: 3 0x80008d10 (0x009b07b3) x15 0x00000001
core   0: 0x80008d14 (0x00008ca1) c.xor   s1, s0
core   0: 3 0x80008d14 (0x8ca1) x 9 0x00000001
core   0: 0x80008d16 (0x0000100f) fence.i
core   0: 3 0x80008d16 (0x0000100f)
core   0: 0x80008d1a (0x00008d09) c.sub   a0, a0
core   0: 3 0x80008d1a (0x8d09) x10 0x00000000
core   0: 0x80008d1c (0xfff00d13) li      s10, -1
core   0: 3 0x80008d1c (0xfff00d13) x26 0xffffffff
core   0: 0x80008d20 (0x00008cd5) c.or    s1, a3
core   0: 3 0x80008d20 (0x8cd5) x 9 0x00000019
core   0: 0x80008d22 (0x00008145) c.srli  a0, 17
core   0: 3 0x80008d22 (0x8145) x10 0x00000000
core   0: 0x80008d24 (0x00008cdd) c.or    s1, a5
core   0: 3 0x80008d24 (0x8cdd) x 9 0x00000019
core   0: 0x80008d26 (0x00006175) c.addi16sp sp, 368
core   0: 3 0x80008d26 (0x6175) x 2 0x00000178
core   0: 0x80008d28 (0x020605b3) mul     a1, a2, zero
core   0: 3 0x80008d28 (0x020605b3) x11 0x00000000
core   0: 0x80008d2c (0x03d01fb3) mulh    t6, zero, t4
core   0: 3 0x80008d2c (0x03d01fb3) x31 0x00000000
core   0: 0x80008d30 (0x00001bf5) c.addi  s7, -3
core   0: 3 0x80008d30 (0x1bf5) x23 0x00000004
core   0: 0x80008d32 (0x5bb6e513) ori     a0, a3, 1467
core   0: 3 0x80008d32 (0x5bb6e513) x10 0x000005bb
core   0: 0x80008d36 (0x40e155b3) sra     a1, sp, a4
core   0: 3 0x80008d36 (0x40e155b3) x11 0x00000000
core   0: 0x80008d3a (0x02219233) mulh    tp, gp, sp
core   0: 3 0x80008d3a (0x02219233) x 4 0xffffffff
core   0: 0x80008d3e (0x007b5eb3) srl     t4, s6, t2
core   0: 3 0x80008d3e (0x007b5eb3) x29 0x00000000
core   0: 0x80008d42 (0x008d44b3) xor     s1, s10, s0
core   0: 3 0x80008d42 (0x008d44b3) x 9 0xffffffff
core   0: 0x80008d46 (0xfdabdfe3) bge     s7, s10, pc - 34
core   0: 3 0x80008d46 (0xfdabdfe3)
core   0: 0x80008d24 (0x00008cdd) c.or    s1, a5
core   0: 3 0x80008d24 (0x8cdd) x 9 0xffffffff
core   0: 0x80008d26 (0x00006175) c.addi16sp sp, 368
core   0: 3 0x80008d26 (0x6175) x 2 0x000002e8
core   0: 0x80008d28 (0x020605b3) mul     a1, a2, zero
core   0: 3 0x80008d28 (0x020605b3) x11 0x00000000
core   0: 0x80008d2c (0x03d01fb3) mulh    t6, zero, t4
core   0: 3 0x80008d2c (0x03d01fb3) x31 0x00000000
core   0: 0x80008d30 (0x00001bf5) c.addi  s7, -3
core   0: 3 0x80008d30 (0x1bf5) x23 0x00000001
core   0: 0x80008d32 (0x5bb6e513) ori     a0, a3, 1467
core   0: 3 0x80008d32 (0x5bb6e513) x10 0x000005bb
core   0: 0x80008d36 (0x40e155b3) sra     a1, sp, a4
core   0: 3 0x80008d36 (0x40e155b3) x11 0x00000001
core   0: 0x80008d3a (0x02219233) mulh    tp, gp, sp
core   0: 3 0x80008d3a (0x02219233) x 4 0xffffffff
core   0: 0x80008d3e (0x007b5eb3) srl     t4, s6, t2
core   0: 3 0x80008d3e (0x007b5eb3) x29 0x00000000
core   0: 0x80008d42 (0x008d44b3) xor     s1, s10, s0
core   0: 3 0x80008d42 (0x008d44b3) x 9 0xffffffff
core   0: 0x80008d46 (0xfdabdfe3) bge     s7, s10, pc - 34
core   0: 3 0x80008d46 (0xfdabdfe3)
core   0: 0x80008d24 (0x00008cdd) c.or    s1, a5
core   0: 3 0x80008d24 (0x8cdd) x 9 0xffffffff
core   0: 0x80008d26 (0x00006175) c.addi16sp sp, 368
core   0: 3 0x80008d26 (0x6175) x 2 0x00000458
core   0: 0x80008d28 (0x020605b3) mul     a1, a2, zero
core   0: 3 0x80008d28 (0x020605b3) x11 0x00000000
core   0: 0x80008d2c (0x03d01fb3) mulh    t6, zero, t4
core   0: 3 0x80008d2c (0x03d01fb3) x31 0x00000000
core   0: 0x80008d30 (0x00001bf5) c.addi  s7, -3
core   0: 3 0x80008d30 (0x1bf5) x23 0xfffffffe
core   0: 0x80008d32 (0x5bb6e513) ori     a0, a3, 1467
core   0: 3 0x80008d32 (0x5bb6e513) x10 0x000005bb
core   0: 0x80008d36 (0x40e155b3) sra     a1, sp, a4
core   0: 3 0x80008d36 (0x40e155b3) x11 0x00000002
core   0: 0x80008d3a (0x02219233) mulh    tp, gp, sp
core   0: 3 0x80008d3a (0x02219233) x 4 0xffffffff
core   0: 0x80008d3e (0x007b5eb3) srl     t4, s6, t2
core   0: 3 0x80008d3e (0x007b5eb3) x29 0x00000000
core   0: 0x80008d42 (0x008d44b3) xor     s1, s10, s0
core   0: 3 0x80008d42 (0x008d44b3) x 9 0xffffffff
core   0: 0x80008d46 (0xfdabdfe3) bge     s7, s10, pc - 34
core   0: 3 0x80008d46 (0xfdabdfe3)
core   0: 0x80008d4a (0x01c6dfb3) srl     t6, a3, t3
core   0: 3 0x80008d4a (0x01c6dfb3) x31 0x00000000
core   0: 0x80008d4e (0x00600493) li      s1, 6
core   0: 3 0x80008d4e (0x00600493) x 9 0x00000006
core   0: 0x80008d52 (0x74693993) sltiu   s3, s2, 1862
core   0: 3 0x80008d52 (0x74693993) x19 0x00000000
core   0: 0x80008d56 (0x00008ae5) c.andi  a3, 25
core   0: 3 0x80008d56 (0x8ae5) x13 0x00000018
core   0: 0x80008d58 (0x00000001) c.nop
core   0: 3 0x80008d58 (0x0001)
core   0: 0x80008d5a (0x84870e93) addi    t4, a4, -1976
core   0: 3 0x80008d5a (0x84870e93) x29 0xfffff851
core   0: 0x80008d5e (0x00008fd9) c.or    a5, a4
core   0: 3 0x80008d5e (0x8fd9) x15 0x00000009
core   0: 0x80008d60 (0x00008f7d) c.and   a4, a5
core   0: 3 0x80008d60 (0x8f7d) x14 0x00000009
core   0: 0x80008d62 (0x0000100f) fence.i
core   0: 3 0x80008d62 (0x0000100f)
core   0: 0x80008d66 (0x001b7ab3) and     s5, s6, ra
core   0: 3 0x80008d66 (0x001b7ab3) x21 0x00000000
core   0: 0x80008d6a (0x000014e9) c.addi  s1, -6
core   0: 3 0x80008d6a (0x14e9) x 9 0x00000000
core   0: 0x80008d6c (0xc1bc2c93) slti    s9, s8, -997
core   0: 3 0x80008d6c (0xc1bc2c93) x25 0x00000000
core   0: 0x80008d70 (0x02c8f2b3) remu    t0, a7, a2
core   0: 3 0x80008d70 (0x02c8f2b3) x 5 0x00000000
core   0: 0x80008d74 (0xfff00d13) li      s10, -1
core   0: 3 0x80008d74 (0xfff00d13) x26 0xffffffff
core   0: 0x80008d78 (0x01100b93) li      s7, 17
core   0: 3 0x80008d78 (0x01100b93) x23 0x00000011
core   0: 0x80008d7c (0x000000b6) c.slli  ra, 13
core   0: 3 0x80008d7c (0x00b6) x 1 0x00000000
core   0: 0x80008d7e (0x00000001) c.nop
core   0: 3 0x80008d7e (0x0001)
core   0: 0x80008d80 (0x00000001) c.nop
core   0: 3 0x80008d80 (0x0001)
core   0: 0x80008d82 (0x03e5e9b3) rem     s3, a1, t5
core   0: 3 0x80008d82 (0x03e5e9b3) x19 0x00000002
core   0: 0x80008d86 (0x01a5c9b3) xor     s3, a1, s10
core   0: 3 0x80008d86 (0x01a5c9b3) x19 0xfffffffd
core   0: 0x80008d8a (0x000030b3) snez    ra, zero
core   0: 3 0x80008d8a (0x000030b3) x 1 0x00000000
core   0: 0x80008d8e (0x00000d94) c.addi4spn a3, sp, 720
core   0: 3 0x80008d8e (0x0d94) x13 0x00000728
core   0: 0x80008d90 (0x02523633) mulhu   a2, tp, t0
core   0: 3 0x80008d90 (0x02523633) x12 0x00000000
core   0: 0x80008d94 (0x68240093) addi    ra, s0, 1666
core   0: 3 0x80008d94 (0x68240093) x 1 0x00000682
core   0: 0x80008d98 (0x01581c93) slli    s9, a6, 21
core   0: 3 0x80008d98 (0x01581c93) x25 0x4e600000
core   0: 0x80008d9c (0x00000d1d) c.addi  s10, 7
core   0: 3 0x80008d9c (0x0d1d) x26 0x00000006
core   0: 0x80008d9e (0x406f89b3) sub     s3, t6, t1
core   0: 3 0x80008d9e (0x406f89b3) x19 0xfffffff4
core   0: 0x80008da2 (0xff7d62e3) bltu    s10, s7, pc - 28
core   0: 3 0x80008da2 (0xff7d62e3)
core   0: 0x80008d86 (0x01a5c9b3) xor     s3, a1, s10
core   0: 3 0x80008d86 (0x01a5c9b3) x19 0x00000004
core   0: 0x80008d8a (0x000030b3) snez    ra, zero
core   0: 3 0x80008d8a (0x000030b3) x 1 0x00000000
core   0: 0x80008d8e (0x00000d94) c.addi4spn a3, sp, 720
core   0: 3 0x80008d8e (0x0d94) x13 0x00000728
core   0: 0x80008d90 (0x02523633) mulhu   a2, tp, t0
core   0: 3 0x80008d90 (0x02523633) x12 0x00000000
core   0: 0x80008d94 (0x68240093) addi    ra, s0, 1666
core   0: 3 0x80008d94 (0x68240093) x 1 0x00000682
core   0: 0x80008d98 (0x01581c93) slli    s9, a6, 21
core   0: 3 0x80008d98 (0x01581c93) x25 0x4e600000
core   0: 0x80008d9c (0x00000d1d) c.addi  s10, 7
core   0: 3 0x80008d9c (0x0d1d) x26 0x0000000d
core   0: 0x80008d9e (0x406f89b3) sub     s3, t6, t1
core   0: 3 0x80008d9e (0x406f89b3) x19 0xfffffff4
core   0: 0x80008da2 (0xff7d62e3) bltu    s10, s7, pc - 28
core   0: 3 0x80008da2 (0xff7d62e3)
core   0: 0x80008d86 (0x01a5c9b3) xor     s3, a1, s10
core   0: 3 0x80008d86 (0x01a5c9b3) x19 0x0000000f
core   0: 0x80008d8a (0x000030b3) snez    ra, zero
core   0: 3 0x80008d8a (0x000030b3) x 1 0x00000000
core   0: 0x80008d8e (0x00000d94) c.addi4spn a3, sp, 720
core   0: 3 0x80008d8e (0x0d94) x13 0x00000728
core   0: 0x80008d90 (0x02523633) mulhu   a2, tp, t0
core   0: 3 0x80008d90 (0x02523633) x12 0x00000000
core   0: 0x80008d94 (0x68240093) addi    ra, s0, 1666
core   0: 3 0x80008d94 (0x68240093) x 1 0x00000682
core   0: 0x80008d98 (0x01581c93) slli    s9, a6, 21
core   0: 3 0x80008d98 (0x01581c93) x25 0x4e600000
core   0: 0x80008d9c (0x00000d1d) c.addi  s10, 7
core   0: 3 0x80008d9c (0x0d1d) x26 0x00000014
core   0: 0x80008d9e (0x406f89b3) sub     s3, t6, t1
core   0: 3 0x80008d9e (0x406f89b3) x19 0xfffffff4
core   0: 0x80008da2 (0xff7d62e3) bltu    s10, s7, pc - 28
core   0: 3 0x80008da2 (0xff7d62e3)
core   0: 0x80008da6 (0x01befeb3) and     t4, t4, s11
core   0: 3 0x80008da6 (0x01befeb3) x29 0x80022810
core   0: 0x80008daa (0x0000717d) c.addi16sp sp, -16
core   0: 3 0x80008daa (0x717d) x 2 0x00000448
core   0: 0x80008dac (0x035adfb3) divu    t6, s5, s5
core   0: 3 0x80008dac (0x035adfb3) x31 0xffffffff
core   0: 0x80008db0 (0x00000001) c.nop
core   0: 3 0x80008db0 (0x0001)
core   0: 0x80008db2 (0x00000fde) c.slli  t6, 23
core   0: 3 0x80008db2 (0x0fde) x31 0xff800000
core   0: 0x80008db4 (0x0000f4cd) c.bnez  s1, pc - 86
core   0: 3 0x80008db4 (0xf4cd)
core   0: 0x80008db6 (0x4701a693) slti    a3, gp, 1136
core   0: 3 0x80008db6 (0x4701a693) x13 0x00000001
core   0: 0x80008dba (0x00000713) li      a4, 0
core   0: 3 0x80008dba (0x00000713) x14 0x00000000
core   0: 0x80008dbe (0x3fdae137) lui     sp, 0x3fdae
core   0: 3 0x80008dbe (0x3fdae137) x 2 0x3fdae000
core   0: 0x80008dc2 (0x00f00f93) li      t6, 15
core   0: 3 0x80008dc2 (0x00f00f93) x31 0x0000000f
core   0: 0x80008dc6 (0x00008e39) c.xor   a2, a4
core   0: 3 0x80008dc6 (0x8e39) x12 0x00000000
core   0: 0x80008dc8 (0x00000705) c.addi  a4, 1
core   0: 3 0x80008dc8 (0x0705) x14 0x00000001
core   0: 0x80008dca (0x00900493) li      s1, 9
core   0: 3 0x80008dca (0x00900493) x 9 0x00000009
core   0: 0x80008dce (0x000005ea) c.slli  a1, 26
core   0: 3 0x80008dce (0x05ea) x11 0x08000000
core   0: 0x80008dd0 (0x00600313) li      t1, 6
core   0: 3 0x80008dd0 (0x00600313) x 6 0x00000006
core   0: 0x80008dd4 (0x0000997d) c.andi  a0, -1
core   0: 3 0x80008dd4 (0x997d) x10 0x000005bb
core   0: 0x80008dd6 (0x000014ed) c.addi  s1, -5
core   0: 3 0x80008dd6 (0x14ed) x 9 0x00000004
core   0: 0x80008dd8 (0xfe64fee3) bgeu    s1, t1, pc - 4
core   0: 3 0x80008dd8 (0xfe64fee3)
core   0: 0x80008ddc (0xfff765e3) bltu    a4, t6, pc - 22
core   0: 3 0x80008ddc (0xfff765e3)
core   0: 0x80008dc6 (0x00008e39) c.xor   a2, a4
core   0: 3 0x80008dc6 (0x8e39) x12 0x00000001
core   0: 0x80008dc8 (0x00000705) c.addi  a4, 1
core   0: 3 0x80008dc8 (0x0705) x14 0x00000002
core   0: 0x80008dca (0x00900493) li      s1, 9
core   0: 3 0x80008dca (0x00900493) x 9 0x00000009
core   0: 0x80008dce (0x000005ea) c.slli  a1, 26
core   0: 3 0x80008dce (0x05ea) x11 0x00000000
core   0: 0x80008dd0 (0x00600313) li      t1, 6
core   0: 3 0x80008dd0 (0x00600313) x 6 0x00000006
core   0: 0x80008dd4 (0x0000997d) c.andi  a0, -1
core   0: 3 0x80008dd4 (0x997d) x10 0x000005bb
core   0: 0x80008dd6 (0x000014ed) c.addi  s1, -5
core   0: 3 0x80008dd6 (0x14ed) x 9 0x00000004
core   0: 0x80008dd8 (0xfe64fee3) bgeu    s1, t1, pc - 4
core   0: 3 0x80008dd8 (0xfe64fee3)
core   0: 0x80008ddc (0xfff765e3) bltu    a4, t6, pc - 22
core   0: 3 0x80008ddc (0xfff765e3)
core   0: 0x80008dc6 (0x00008e39) c.xor   a2, a4
core   0: 3 0x80008dc6 (0x8e39) x12 0x00000003
core   0: 0x80008dc8 (0x00000705) c.addi  a4, 1
core   0: 3 0x80008dc8 (0x0705) x14 0x00000003
core   0: 0x80008dca (0x00900493) li      s1, 9
core   0: 3 0x80008dca (0x00900493) x 9 0x00000009
core   0: 0x80008dce (0x000005ea) c.slli  a1, 26
core   0: 3 0x80008dce (0x05ea) x11 0x00000000
core   0: 0x80008dd0 (0x00600313) li      t1, 6
core   0: 3 0x80008dd0 (0x00600313) x 6 0x00000006
core   0: 0x80008dd4 (0x0000997d) c.andi  a0, -1
core   0: 3 0x80008dd4 (0x997d) x10 0x000005bb
core   0: 0x80008dd6 (0x000014ed) c.addi  s1, -5
core   0: 3 0x80008dd6 (0x14ed) x 9 0x00000004
core   0: 0x80008dd8 (0xfe64fee3) bgeu    s1, t1, pc - 4
core   0: 3 0x80008dd8 (0xfe64fee3)
core   0: 0x80008ddc (0xfff765e3) bltu    a4, t6, pc - 22
core   0: 3 0x80008ddc (0xfff765e3)
core   0: 0x80008dc6 (0x00008e39) c.xor   a2, a4
core   0: 3 0x80008dc6 (0x8e39) x12 0x00000000
core   0: 0x80008dc8 (0x00000705) c.addi  a4, 1
core   0: 3 0x80008dc8 (0x0705) x14 0x00000004
core   0: 0x80008dca (0x00900493) li      s1, 9
core   0: 3 0x80008dca (0x00900493) x 9 0x00000009
core   0: 0x80008dce (0x000005ea) c.slli  a1, 26
core   0: 3 0x80008dce (0x05ea) x11 0x00000000
core   0: 0x80008dd0 (0x00600313) li      t1, 6
core   0: 3 0x80008dd0 (0x00600313) x 6 0x00000006
core   0: 0x80008dd4 (0x0000997d) c.andi  a0, -1
core   0: 3 0x80008dd4 (0x997d) x10 0x000005bb
core   0: 0x80008dd6 (0x000014ed) c.addi  s1, -5
core   0: 3 0x80008dd6 (0x14ed) x 9 0x00000004
core   0: 0x80008dd8 (0xfe64fee3) bgeu    s1, t1, pc - 4
core   0: 3 0x80008dd8 (0xfe64fee3)
core   0: 0x80008ddc (0xfff765e3) bltu    a4, t6, pc - 22
core   0: 3 0x80008ddc (0xfff765e3)
core   0: 0x80008dc6 (0x00008e39) c.xor   a2, a4
core   0: 3 0x80008dc6 (0x8e39) x12 0x00000004
core   0: 0x80008dc8 (0x00000705) c.addi  a4, 1
core   0: 3 0x80008dc8 (0x0705) x14 0x00000005
core   0: 0x80008dca (0x00900493) li      s1, 9
core   0: 3 0x80008dca (0x00900493) x 9 0x00000009
core   0: 0x80008dce (0x000005ea) c.slli  a1, 26
core   0: 3 0x80008dce (0x05ea) x11 0x00000000
core   0: 0x80008dd0 (0x00600313) li      t1, 6
core   0: 3 0x80008dd0 (0x00600313) x 6 0x00000006
core   0: 0x80008dd4 (0x0000997d) c.andi  a0, -1
core   0: 3 0x80008dd4 (0x997d) x10 0x000005bb
core   0: 0x80008dd6 (0x000014ed) c.addi  s1, -5
core   0: 3 0x80008dd6 (0x14ed) x 9 0x00000004
core   0: 0x80008dd8 (0xfe64fee3) bgeu    s1, t1, pc - 4
core   0: 3 0x80008dd8 (0xfe64fee3)
core   0: 0x80008ddc (0xfff765e3) bltu    a4, t6, pc - 22
core   0: 3 0x80008ddc (0xfff765e3)
core   0: 0x80008dc6 (0x00008e39) c.xor   a2, a4
core   0: 3 0x80008dc6 (0x8e39) x12 0x00000001
core   0: 0x80008dc8 (0x00000705) c.addi  a4, 1
core   0: 3 0x80008dc8 (0x0705) x14 0x00000006
core   0: 0x80008dca (0x00900493) li      s1, 9
core   0: 3 0x80008dca (0x00900493) x 9 0x00000009
core   0: 0x80008dce (0x000005ea) c.slli  a1, 26
core   0: 3 0x80008dce (0x05ea) x11 0x00000000
core   0: 0x80008dd0 (0x00600313) li      t1, 6
core   0: 3 0x80008dd0 (0x00600313) x 6 0x00000006
core   0: 0x80008dd4 (0x0000997d) c.andi  a0, -1
core   0: 3 0x80008dd4 (0x997d) x10 0x000005bb
core   0: 0x80008dd6 (0x000014ed) c.addi  s1, -5
core   0: 3 0x80008dd6 (0x14ed) x 9 0x00000004
core   0: 0x80008dd8 (0xfe64fee3) bgeu    s1, t1, pc - 4
core   0: 3 0x80008dd8 (0xfe64fee3)
core   0: 0x80008ddc (0xfff765e3) bltu    a4, t6, pc - 22
core   0: 3 0x80008ddc (0xfff765e3)
core   0: 0x80008dc6 (0x00008e39) c.xor   a2, a4
core   0: 3 0x80008dc6 (0x8e39) x12 0x00000007
core   0: 0x80008dc8 (0x00000705) c.addi  a4, 1
core   0: 3 0x80008dc8 (0x0705) x14 0x00000007
core   0: 0x80008dca (0x00900493) li      s1, 9
core   0: 3 0x80008dca (0x00900493) x 9 0x00000009
core   0: 0x80008dce (0x000005ea) c.slli  a1, 26
core   0: 3 0x80008dce (0x05ea) x11 0x00000000
core   0: 0x80008dd0 (0x00600313) li      t1, 6
core   0: 3 0x80008dd0 (0x00600313) x 6 0x00000006
core   0: 0x80008dd4 (0x0000997d) c.andi  a0, -1
core   0: 3 0x80008dd4 (0x997d) x10 0x000005bb
core   0: 0x80008dd6 (0x000014ed) c.addi  s1, -5
core   0: 3 0x80008dd6 (0x14ed) x 9 0x00000004
core   0: 0x80008dd8 (0xfe64fee3) bgeu    s1, t1, pc - 4
core   0: 3 0x80008dd8 (0xfe64fee3)
core   0: 0x80008ddc (0xfff765e3) bltu    a4, t6, pc - 22
core   0: 3 0x80008ddc (0xfff765e3)
core   0: 0x80008dc6 (0x00008e39) c.xor   a2, a4
core   0: 3 0x80008dc6 (0x8e39) x12 0x00000000
core   0: 0x80008dc8 (0x00000705) c.addi  a4, 1
core   0: 3 0x80008dc8 (0x0705) x14 0x00000008
core   0: 0x80008dca (0x00900493) li      s1, 9
core   0: 3 0x80008dca (0x00900493) x 9 0x00000009
core   0: 0x80008dce (0x000005ea) c.slli  a1, 26
core   0: 3 0x80008dce (0x05ea) x11 0x00000000
core   0: 0x80008dd0 (0x00600313) li      t1, 6
core   0: 3 0x80008dd0 (0x00600313) x 6 0x00000006
core   0: 0x80008dd4 (0x0000997d) c.andi  a0, -1
core   0: 3 0x80008dd4 (0x997d) x10 0x000005bb
core   0: 0x80008dd6 (0x000014ed) c.addi  s1, -5
core   0: 3 0x80008dd6 (0x14ed) x 9 0x00000004
core   0: 0x80008dd8 (0xfe64fee3) bgeu    s1, t1, pc - 4
core   0: 3 0x80008dd8 (0xfe64fee3)
core   0: 0x80008ddc (0xfff765e3) bltu    a4, t6, pc - 22
core   0: 3 0x80008ddc (0xfff765e3)
core   0: 0x80008dc6 (0x00008e39) c.xor   a2, a4
core   0: 3 0x80008dc6 (0x8e39) x12 0x00000008
core   0: 0x80008dc8 (0x00000705) c.addi  a4, 1
core   0: 3 0x80008dc8 (0x0705) x14 0x00000009
core   0: 0x80008dca (0x00900493) li      s1, 9
core   0: 3 0x80008dca (0x00900493) x 9 0x00000009
core   0: 0x80008dce (0x000005ea) c.slli  a1, 26
core   0: 3 0x80008dce (0x05ea) x11 0x00000000
core   0: 0x80008dd0 (0x00600313) li      t1, 6
core   0: 3 0x80008dd0 (0x00600313) x 6 0x00000006
core   0: 0x80008dd4 (0x0000997d) c.andi  a0, -1
core   0: 3 0x80008dd4 (0x997d) x10 0x000005bb
core   0: 0x80008dd6 (0x000014ed) c.addi  s1, -5
core   0: 3 0x80008dd6 (0x14ed) x 9 0x00000004
core   0: 0x80008dd8 (0xfe64fee3) bgeu    s1, t1, pc - 4
core   0: 3 0x80008dd8 (0xfe64fee3)
core   0: 0x80008ddc (0xfff765e3) bltu    a4, t6, pc - 22
core   0: 3 0x80008ddc (0xfff765e3)
core   0: 0x80008dc6 (0x00008e39) c.xor   a2, a4
core   0: 3 0x80008dc6 (0x8e39) x12 0x00000001
core   0: 0x80008dc8 (0x00000705) c.addi  a4, 1
core   0: 3 0x80008dc8 (0x0705) x14 0x0000000a
core   0: 0x80008dca (0x00900493) li      s1, 9
core   0: 3 0x80008dca (0x00900493) x 9 0x00000009
core   0: 0x80008dce (0x000005ea) c.slli  a1, 26
core   0: 3 0x80008dce (0x05ea) x11 0x00000000
core   0: 0x80008dd0 (0x00600313) li      t1, 6
core   0: 3 0x80008dd0 (0x00600313) x 6 0x00000006
core   0: 0x80008dd4 (0x0000997d) c.andi  a0, -1
core   0: 3 0x80008dd4 (0x997d) x10 0x000005bb
core   0: 0x80008dd6 (0x000014ed) c.addi  s1, -5
core   0: 3 0x80008dd6 (0x14ed) x 9 0x00000004
core   0: 0x80008dd8 (0xfe64fee3) bgeu    s1, t1, pc - 4
core   0: 3 0x80008dd8 (0xfe64fee3)
core   0: 0x80008ddc (0xfff765e3) bltu    a4, t6, pc - 22
core   0: 3 0x80008ddc (0xfff765e3)
core   0: 0x80008dc6 (0x00008e39) c.xor   a2, a4
core   0: 3 0x80008dc6 (0x8e39) x12 0x0000000b
core   0: 0x80008dc8 (0x00000705) c.addi  a4, 1
core   0: 3 0x80008dc8 (0x0705) x14 0x0000000b
core   0: 0x80008dca (0x00900493) li      s1, 9
core   0: 3 0x80008dca (0x00900493) x 9 0x00000009
core   0: 0x80008dce (0x000005ea) c.slli  a1, 26
core   0: 3 0x80008dce (0x05ea) x11 0x00000000
core   0: 0x80008dd0 (0x00600313) li      t1, 6
core   0: 3 0x80008dd0 (0x00600313) x 6 0x00000006
core   0: 0x80008dd4 (0x0000997d) c.andi  a0, -1
core   0: 3 0x80008dd4 (0x997d) x10 0x000005bb
core   0: 0x80008dd6 (0x000014ed) c.addi  s1, -5
core   0: 3 0x80008dd6 (0x14ed) x 9 0x00000004
core   0: 0x80008dd8 (0xfe64fee3) bgeu    s1, t1, pc - 4
core   0: 3 0x80008dd8 (0xfe64fee3)
core   0: 0x80008ddc (0xfff765e3) bltu    a4, t6, pc - 22
core   0: 3 0x80008ddc (0xfff765e3)
core   0: 0x80008dc6 (0x00008e39) c.xor   a2, a4
core   0: 3 0x80008dc6 (0x8e39) x12 0x00000000
core   0: 0x80008dc8 (0x00000705) c.addi  a4, 1
core   0: 3 0x80008dc8 (0x0705) x14 0x0000000c
core   0: 0x80008dca (0x00900493) li      s1, 9
core   0: 3 0x80008dca (0x00900493) x 9 0x00000009
core   0: 0x80008dce (0x000005ea) c.slli  a1, 26
core   0: 3 0x80008dce (0x05ea) x11 0x00000000
core   0: 0x80008dd0 (0x00600313) li      t1, 6
core   0: 3 0x80008dd0 (0x00600313) x 6 0x00000006
core   0: 0x80008dd4 (0x0000997d) c.andi  a0, -1
core   0: 3 0x80008dd4 (0x997d) x10 0x000005bb
core   0: 0x80008dd6 (0x000014ed) c.addi  s1, -5
core   0: 3 0x80008dd6 (0x14ed) x 9 0x00000004
core   0: 0x80008dd8 (0xfe64fee3) bgeu    s1, t1, pc - 4
core   0: 3 0x80008dd8 (0xfe64fee3)
core   0: 0x80008ddc (0xfff765e3) bltu    a4, t6, pc - 22
core   0: 3 0x80008ddc (0xfff765e3)
core   0: 0x80008dc6 (0x00008e39) c.xor   a2, a4
core   0: 3 0x80008dc6 (0x8e39) x12 0x0000000c
core   0: 0x80008dc8 (0x00000705) c.addi  a4, 1
core   0: 3 0x80008dc8 (0x0705) x14 0x0000000d
core   0: 0x80008dca (0x00900493) li      s1, 9
core   0: 3 0x80008dca (0x00900493) x 9 0x00000009
core   0: 0x80008dce (0x000005ea) c.slli  a1, 26
core   0: 3 0x80008dce (0x05ea) x11 0x00000000
core   0: 0x80008dd0 (0x00600313) li      t1, 6
core   0: 3 0x80008dd0 (0x00600313) x 6 0x00000006
core   0: 0x80008dd4 (0x0000997d) c.andi  a0, -1
core   0: 3 0x80008dd4 (0x997d) x10 0x000005bb
core   0: 0x80008dd6 (0x000014ed) c.addi  s1, -5
core   0: 3 0x80008dd6 (0x14ed) x 9 0x00000004
core   0: 0x80008dd8 (0xfe64fee3) bgeu    s1, t1, pc - 4
core   0: 3 0x80008dd8 (0xfe64fee3)
core   0: 0x80008ddc (0xfff765e3) bltu    a4, t6, pc - 22
core   0: 3 0x80008ddc (0xfff765e3)
core   0: 0x80008dc6 (0x00008e39) c.xor   a2, a4
core   0: 3 0x80008dc6 (0x8e39) x12 0x00000001
core   0: 0x80008dc8 (0x00000705) c.addi  a4, 1
core   0: 3 0x80008dc8 (0x0705) x14 0x0000000e
core   0: 0x80008dca (0x00900493) li      s1, 9
core   0: 3 0x80008dca (0x00900493) x 9 0x00000009
core   0: 0x80008dce (0x000005ea) c.slli  a1, 26
core   0: 3 0x80008dce (0x05ea) x11 0x00000000
core   0: 0x80008dd0 (0x00600313) li      t1, 6
core   0: 3 0x80008dd0 (0x00600313) x 6 0x00000006
core   0: 0x80008dd4 (0x0000997d) c.andi  a0, -1
core   0: 3 0x80008dd4 (0x997d) x10 0x000005bb
core   0: 0x80008dd6 (0x000014ed) c.addi  s1, -5
core   0: 3 0x80008dd6 (0x14ed) x 9 0x00000004
core   0: 0x80008dd8 (0xfe64fee3) bgeu    s1, t1, pc - 4
core   0: 3 0x80008dd8 (0xfe64fee3)
core   0: 0x80008ddc (0xfff765e3) bltu    a4, t6, pc - 22
core   0: 3 0x80008ddc (0xfff765e3)
core   0: 0x80008dc6 (0x00008e39) c.xor   a2, a4
core   0: 3 0x80008dc6 (0x8e39) x12 0x0000000f
core   0: 0x80008dc8 (0x00000705) c.addi  a4, 1
core   0: 3 0x80008dc8 (0x0705) x14 0x0000000f
core   0: 0x80008dca (0x00900493) li      s1, 9
core   0: 3 0x80008dca (0x00900493) x 9 0x00000009
core   0: 0x80008dce (0x000005ea) c.slli  a1, 26
core   0: 3 0x80008dce (0x05ea) x11 0x00000000
core   0: 0x80008dd0 (0x00600313) li      t1, 6
core   0: 3 0x80008dd0 (0x00600313) x 6 0x00000006
core   0: 0x80008dd4 (0x0000997d) c.andi  a0, -1
core   0: 3 0x80008dd4 (0x997d) x10 0x000005bb
core   0: 0x80008dd6 (0x000014ed) c.addi  s1, -5
core   0: 3 0x80008dd6 (0x14ed) x 9 0x00000004
core   0: 0x80008dd8 (0xfe64fee3) bgeu    s1, t1, pc - 4
core   0: 3 0x80008dd8 (0xfe64fee3)
core   0: 0x80008ddc (0xfff765e3) bltu    a4, t6, pc - 22
core   0: 3 0x80008ddc (0xfff765e3)
core   0: 0x80008de0 (0x0ff0000f) fence   iorw,iorw
core   0: 3 0x80008de0 (0x0ff0000f)
core   0: 0x80008de4 (0xffd00793) li      a5, -3
core   0: 3 0x80008de4 (0xffd00793) x15 0xfffffffd
core   0: 0x80008de8 (0x0000100f) fence.i
core   0: 3 0x80008de8 (0x0000100f)
core   0: 0x80008dec (0x02d9df33) divu    t5, s3, a3
core   0: 3 0x80008dec (0x02d9df33) x30 0xfffffff4
core   0: 0x80008df0 (0x000002ea) c.slli  t0, 26
core   0: 3 0x80008df0 (0x02ea) x 5 0x00000000
core   0: 0x80008df2 (0x00000001) c.nop
core   0: 3 0x80008df2 (0x0001)
core   0: 0x80008df4 (0x01031a13) slli    s4, t1, 16
core   0: 3 0x80008df4 (0x01031a13) x20 0x00060000
core   0: 0x80008df8 (0x7114b893) sltiu   a7, s1, 1809
core   0: 3 0x80008df8 (0x7114b893) x17 0x00000001
core   0: 0x80008dfc (0x000002c5) c.addi  t0, 17
core   0: 3 0x80008dfc (0x02c5) x 5 0x00000011
core   0: 0x80008dfe (0x034f16b3) mulh    a3, t5, s4
core   0: 3 0x80008dfe (0x034f16b3) x13 0xffffffff
core   0: 0x80008e02 (0x0039aa33) slt     s4, s3, gp
core   0: 3 0x80008e02 (0x0039aa33) x20 0x00000001
core   0: 0x80008e06 (0x000019fd) c.addi  s3, -1
core   0: 3 0x80008e06 (0x19fd) x19 0xfffffff3
core   0: 0x80008e08 (0x00000785) c.addi  a5, 1
core   0: 3 0x80008e08 (0x0785) x15 0xfffffffe
core   0: 0x80008e0a (0x00001b98) c.addi4spn a4, sp, 496
core   0: 3 0x80008e0a (0x1b98) x14 0x3fdae1f0
core   0: 0x80008e0c (0x00000193) li      gp, 0
core   0: 3 0x80008e0c (0x00000193) x 3 0x00000000
core   0: 0x80008e10 (0x002e7d33) and     s10, t3, sp
core   0: 3 0x80008e10 (0x002e7d33) x26 0x2500e000
core   0: 0x80008e14 (0x01200a93) li      s5, 18
core   0: 3 0x80008e14 (0x01200a93) x21 0x00000012
core   0: 0x80008e18 (0x00008d0d) c.sub   a0, a1
core   0: 3 0x80008e18 (0x8d0d) x10 0x000005bb
core   0: 0x80008e1a (0x00004c79) c.li    s8, 30
core   0: 3 0x80008e1a (0x4c79) x24 0x0000001e
core   0: 0x80008e1c (0xd6b34893) xori    a7, t1, -661
core   0: 3 0x80008e1c (0xd6b34893) x17 0xfffffd6d
core   0: 0x80008e20 (0x0003ea33) or      s4, t2, zero
core   0: 3 0x80008e20 (0x0003ea33) x20 0x00000000
core   0: 0x80008e24 (0x0000018d) c.addi  gp, 3
core   0: 3 0x80008e24 (0x018d) x 3 0x00000003
core   0: 0x80008e26 (0xff519be3) bne     gp, s5, pc - 10
core   0: 3 0x80008e26 (0xff519be3)
core   0: 0x80008e1c (0xd6b34893) xori    a7, t1, -661
core   0: 3 0x80008e1c (0xd6b34893) x17 0xfffffd6d
core   0: 0x80008e20 (0x0003ea33) or      s4, t2, zero
core   0: 3 0x80008e20 (0x0003ea33) x20 0x00000000
core   0: 0x80008e24 (0x0000018d) c.addi  gp, 3
core   0: 3 0x80008e24 (0x018d) x 3 0x00000006
core   0: 0x80008e26 (0xff519be3) bne     gp, s5, pc - 10
core   0: 3 0x80008e26 (0xff519be3)
core   0: 0x80008e1c (0xd6b34893) xori    a7, t1, -661
core   0: 3 0x80008e1c (0xd6b34893) x17 0xfffffd6d
core   0: 0x80008e20 (0x0003ea33) or      s4, t2, zero
core   0: 3 0x80008e20 (0x0003ea33) x20 0x00000000
core   0: 0x80008e24 (0x0000018d) c.addi  gp, 3
core   0: 3 0x80008e24 (0x018d) x 3 0x00000009
core   0: 0x80008e26 (0xff519be3) bne     gp, s5, pc - 10
core   0: 3 0x80008e26 (0xff519be3)
core   0: 0x80008e1c (0xd6b34893) xori    a7, t1, -661
core   0: 3 0x80008e1c (0xd6b34893) x17 0xfffffd6d
core   0: 0x80008e20 (0x0003ea33) or      s4, t2, zero
core   0: 3 0x80008e20 (0x0003ea33) x20 0x00000000
core   0: 0x80008e24 (0x0000018d) c.addi  gp, 3
core   0: 3 0x80008e24 (0x018d) x 3 0x0000000c
core   0: 0x80008e26 (0xff519be3) bne     gp, s5, pc - 10
core   0: 3 0x80008e26 (0xff519be3)
core   0: 0x80008e1c (0xd6b34893) xori    a7, t1, -661
core   0: 3 0x80008e1c (0xd6b34893) x17 0xfffffd6d
core   0: 0x80008e20 (0x0003ea33) or      s4, t2, zero
core   0: 3 0x80008e20 (0x0003ea33) x20 0x00000000
core   0: 0x80008e24 (0x0000018d) c.addi  gp, 3
core   0: 3 0x80008e24 (0x018d) x 3 0x0000000f
core   0: 0x80008e26 (0xff519be3) bne     gp, s5, pc - 10
core   0: 3 0x80008e26 (0xff519be3)
core   0: 0x80008e1c (0xd6b34893) xori    a7, t1, -661
core   0: 3 0x80008e1c (0xd6b34893) x17 0xfffffd6d
core   0: 0x80008e20 (0x0003ea33) or      s4, t2, zero
core   0: 3 0x80008e20 (0x0003ea33) x20 0x00000000
core   0: 0x80008e24 (0x0000018d) c.addi  gp, 3
core   0: 3 0x80008e24 (0x018d) x 3 0x00000012
core   0: 0x80008e26 (0xff519be3) bne     gp, s5, pc - 10
core   0: 3 0x80008e26 (0xff519be3)
core   0: 0x80008e2a (0x03d53d33) mulhu   s10, a0, t4
core   0: 3 0x80008e2a (0x03d53d33) x26 0x000002dd
core   0: 0x80008e2e (0x004e5813) srli    a6, t3, 4
core   0: 3 0x80008e2e (0x004e5813) x16 0x02501ef5
core   0: 0x80008e32 (0x0000fbe1) c.bnez  a5, pc - 48
core   0: 3 0x80008e32 (0xfbe1)
core   0: 0x80008e02 (0x0039aa33) slt     s4, s3, gp
core   0: 3 0x80008e02 (0x0039aa33) x20 0x00000001
core   0: 0x80008e06 (0x000019fd) c.addi  s3, -1
core   0: 3 0x80008e06 (0x19fd) x19 0xfffffff2
core   0: 0x80008e08 (0x00000785) c.addi  a5, 1
core   0: 3 0x80008e08 (0x0785) x15 0xffffffff
core   0: 0x80008e0a (0x00001b98) c.addi4spn a4, sp, 496
core   0: 3 0x80008e0a (0x1b98) x14 0x3fdae1f0
core   0: 0x80008e0c (0x00000193) li      gp, 0
core   0: 3 0x80008e0c (0x00000193) x 3 0x00000000
core   0: 0x80008e10 (0x002e7d33) and     s10, t3, sp
core   0: 3 0x80008e10 (0x002e7d33) x26 0x2500e000
core   0: 0x80008e14 (0x01200a93) li      s5, 18
core   0: 3 0x80008e14 (0x01200a93) x21 0x00000012
core   0: 0x80008e18 (0x00008d0d) c.sub   a0, a1
core   0: 3 0x80008e18 (0x8d0d) x10 0x000005bb
core   0: 0x80008e1a (0x00004c79) c.li    s8, 30
core   0: 3 0x80008e1a (0x4c79) x24 0x0000001e
core   0: 0x80008e1c (0xd6b34893) xori    a7, t1, -661
core   0: 3 0x80008e1c (0xd6b34893) x17 0xfffffd6d
core   0: 0x80008e20 (0x0003ea33) or      s4, t2, zero
core   0: 3 0x80008e20 (0x0003ea33) x20 0x00000000
core   0: 0x80008e24 (0x0000018d) c.addi  gp, 3
core   0: 3 0x80008e24 (0x018d) x 3 0x00000003
core   0: 0x80008e26 (0xff519be3) bne     gp, s5, pc - 10
core   0: 3 0x80008e26 (0xff519be3)
core   0: 0x80008e1c (0xd6b34893) xori    a7, t1, -661
core   0: 3 0x80008e1c (0xd6b34893) x17 0xfffffd6d
core   0: 0x80008e20 (0x0003ea33) or      s4, t2, zero
core   0: 3 0x80008e20 (0x0003ea33) x20 0x00000000
core   0: 0x80008e24 (0x0000018d) c.addi  gp, 3
core   0: 3 0x80008e24 (0x018d) x 3 0x00000006
core   0: 0x80008e26 (0xff519be3) bne     gp, s5, pc - 10
core   0: 3 0x80008e26 (0xff519be3)
core   0: 0x80008e1c (0xd6b34893) xori    a7, t1, -661
core   0: 3 0x80008e1c (0xd6b34893) x17 0xfffffd6d
core   0: 0x80008e20 (0x0003ea33) or      s4, t2, zero
core   0: 3 0x80008e20 (0x0003ea33) x20 0x00000000
core   0: 0x80008e24 (0x0000018d) c.addi  gp, 3
core   0: 3 0x80008e24 (0x018d) x 3 0x00000009
core   0: 0x80008e26 (0xff519be3) bne     gp, s5, pc - 10
core   0: 3 0x80008e26 (0xff519be3)
core   0: 0x80008e1c (0xd6b34893) xori    a7, t1, -661
core   0: 3 0x80008e1c (0xd6b34893) x17 0xfffffd6d
core   0: 0x80008e20 (0x0003ea33) or      s4, t2, zero
core   0: 3 0x80008e20 (0x0003ea33) x20 0x00000000
core   0: 0x80008e24 (0x0000018d) c.addi  gp, 3
core   0: 3 0x80008e24 (0x018d) x 3 0x0000000c
core   0: 0x80008e26 (0xff519be3) bne     gp, s5, pc - 10
core   0: 3 0x80008e26 (0xff519be3)
core   0: 0x80008e1c (0xd6b34893) xori    a7, t1, -661
core   0: 3 0x80008e1c (0xd6b34893) x17 0xfffffd6d
core   0: 0x80008e20 (0x0003ea33) or      s4, t2, zero
core   0: 3 0x80008e20 (0x0003ea33) x20 0x00000000
core   0: 0x80008e24 (0x0000018d) c.addi  gp, 3
core   0: 3 0x80008e24 (0x018d) x 3 0x0000000f
core   0: 0x80008e26 (0xff519be3) bne     gp, s5, pc - 10
core   0: 3 0x80008e26 (0xff519be3)
core   0: 0x80008e1c (0xd6b34893) xori    a7, t1, -661
core   0: 3 0x80008e1c (0xd6b34893) x17 0xfffffd6d
core   0: 0x80008e20 (0x0003ea33) or      s4, t2, zero
core   0: 3 0x80008e20 (0x0003ea33) x20 0x00000000
core   0: 0x80008e24 (0x0000018d) c.addi  gp, 3
core   0: 3 0x80008e24 (0x018d) x 3 0x00000012
core   0: 0x80008e26 (0xff519be3) bne     gp, s5, pc - 10
core   0: 3 0x80008e26 (0xff519be3)
core   0: 0x80008e2a (0x03d53d33) mulhu   s10, a0, t4
core   0: 3 0x80008e2a (0x03d53d33) x26 0x000002dd
core   0: 0x80008e2e (0x004e5813) srli    a6, t3, 4
core   0: 3 0x80008e2e (0x004e5813) x16 0x02501ef5
core   0: 0x80008e32 (0x0000fbe1) c.bnez  a5, pc - 48
core   0: 3 0x80008e32 (0xfbe1)
core   0: 0x80008e02 (0x0039aa33) slt     s4, s3, gp
core   0: 3 0x80008e02 (0x0039aa33) x20 0x00000001
core   0: 0x80008e06 (0x000019fd) c.addi  s3, -1
core   0: 3 0x80008e06 (0x19fd) x19 0xfffffff1
core   0: 0x80008e08 (0x00000785) c.addi  a5, 1
core   0: 3 0x80008e08 (0x0785) x15 0x00000000
core   0: 0x80008e0a (0x00001b98) c.addi4spn a4, sp, 496
core   0: 3 0x80008e0a (0x1b98) x14 0x3fdae1f0
core   0: 0x80008e0c (0x00000193) li      gp, 0
core   0: 3 0x80008e0c (0x00000193) x 3 0x00000000
core   0: 0x80008e10 (0x002e7d33) and     s10, t3, sp
core   0: 3 0x80008e10 (0x002e7d33) x26 0x2500e000
core   0: 0x80008e14 (0x01200a93) li      s5, 18
core   0: 3 0x80008e14 (0x01200a93) x21 0x00000012
core   0: 0x80008e18 (0x00008d0d) c.sub   a0, a1
core   0: 3 0x80008e18 (0x8d0d) x10 0x000005bb
core   0: 0x80008e1a (0x00004c79) c.li    s8, 30
core   0: 3 0x80008e1a (0x4c79) x24 0x0000001e
core   0: 0x80008e1c (0xd6b34893) xori    a7, t1, -661
core   0: 3 0x80008e1c (0xd6b34893) x17 0xfffffd6d
core   0: 0x80008e20 (0x0003ea33) or      s4, t2, zero
core   0: 3 0x80008e20 (0x0003ea33) x20 0x00000000
core   0: 0x80008e24 (0x0000018d) c.addi  gp, 3
core   0: 3 0x80008e24 (0x018d) x 3 0x00000003
core   0: 0x80008e26 (0xff519be3) bne     gp, s5, pc - 10
core   0: 3 0x80008e26 (0xff519be3)
core   0: 0x80008e1c (0xd6b34893) xori    a7, t1, -661
core   0: 3 0x80008e1c (0xd6b34893) x17 0xfffffd6d
core   0: 0x80008e20 (0x0003ea33) or      s4, t2, zero
core   0: 3 0x80008e20 (0x0003ea33) x20 0x00000000
core   0: 0x80008e24 (0x0000018d) c.addi  gp, 3
core   0: 3 0x80008e24 (0x018d) x 3 0x00000006
core   0: 0x80008e26 (0xff519be3) bne     gp, s5, pc - 10
core   0: 3 0x80008e26 (0xff519be3)
core   0: 0x80008e1c (0xd6b34893) xori    a7, t1, -661
core   0: 3 0x80008e1c (0xd6b34893) x17 0xfffffd6d
core   0: 0x80008e20 (0x0003ea33) or      s4, t2, zero
core   0: 3 0x80008e20 (0x0003ea33) x20 0x00000000
core   0: 0x80008e24 (0x0000018d) c.addi  gp, 3
core   0: 3 0x80008e24 (0x018d) x 3 0x00000009
core   0: 0x80008e26 (0xff519be3) bne     gp, s5, pc - 10
core   0: 3 0x80008e26 (0xff519be3)
core   0: 0x80008e1c (0xd6b34893) xori    a7, t1, -661
core   0: 3 0x80008e1c (0xd6b34893) x17 0xfffffd6d
core   0: 0x80008e20 (0x0003ea33) or      s4, t2, zero
core   0: 3 0x80008e20 (0x0003ea33) x20 0x00000000
core   0: 0x80008e24 (0x0000018d) c.addi  gp, 3
core   0: 3 0x80008e24 (0x018d) x 3 0x0000000c
core   0: 0x80008e26 (0xff519be3) bne     gp, s5, pc - 10
core   0: 3 0x80008e26 (0xff519be3)
core   0: 0x80008e1c (0xd6b34893) xori    a7, t1, -661
core   0: 3 0x80008e1c (0xd6b34893) x17 0xfffffd6d
core   0: 0x80008e20 (0x0003ea33) or      s4, t2, zero
core   0: 3 0x80008e20 (0x0003ea33) x20 0x00000000
core   0: 0x80008e24 (0x0000018d) c.addi  gp, 3
core   0: 3 0x80008e24 (0x018d) x 3 0x0000000f
core   0: 0x80008e26 (0xff519be3) bne     gp, s5, pc - 10
core   0: 3 0x80008e26 (0xff519be3)
core   0: 0x80008e1c (0xd6b34893) xori    a7, t1, -661
core   0: 3 0x80008e1c (0xd6b34893) x17 0xfffffd6d
core   0: 0x80008e20 (0x0003ea33) or      s4, t2, zero
core   0: 3 0x80008e20 (0x0003ea33) x20 0x00000000
core   0: 0x80008e24 (0x0000018d) c.addi  gp, 3
core   0: 3 0x80008e24 (0x018d) x 3 0x00000012
core   0: 0x80008e26 (0xff519be3) bne     gp, s5, pc - 10
core   0: 3 0x80008e26 (0xff519be3)
core   0: 0x80008e2a (0x03d53d33) mulhu   s10, a0, t4
core   0: 3 0x80008e2a (0x03d53d33) x26 0x000002dd
core   0: 0x80008e2e (0x004e5813) srli    a6, t3, 4
core   0: 3 0x80008e2e (0x004e5813) x16 0x02501ef5
core   0: 0x80008e32 (0x0000fbe1) c.bnez  a5, pc - 48
core   0: 3 0x80008e32 (0xfbe1)
core   0: 0x80008e34 (0x00000001) c.nop
core   0: 3 0x80008e34 (0x0001)
core   0: 0x80008e36 (0x00a00113) li      sp, 10
core   0: 3 0x80008e36 (0x00a00113) x 2 0x0000000a
core   0: 0x80008e3a (0x0257c6b3) div     a3, a5, t0
core   0: 3 0x80008e3a (0x0257c6b3) x13 0x00000000
core   0: 0x80008e3e (0x00008cc1) c.or    s1, s0
core   0: 3 0x80008e3e (0x8cc1) x 9 0x00000004
core   0: 0x80008e40 (0x00000001) c.nop
core   0: 3 0x80008e40 (0x0001)
core   0: 0x80008e42 (0x00008ab6) c.mv    s5, a3
core   0: 3 0x80008e42 (0x8ab6) x21 0x00000000
core   0: 0x80008e44 (0x0000023a) c.slli  tp, 14
core   0: 3 0x80008e44 (0x023a) x 4 0xffffc000
core   0: 0x80008e46 (0x00a00f13) li      t5, 10
core   0: 3 0x80008e46 (0x00a00f13) x30 0x0000000a
core   0: 0x80008e4a (0x00009bda) c.add   s7, s6
core   0: 3 0x80008e4a (0x9bda) x23 0x00000011
core   0: 0x80008e4c (0x020679b3) remu    s3, a2, zero
core   0: 3 0x80008e4c (0x020679b3) x19 0x0000000f
core   0: 0x80008e50 (0x000090ba) c.add   ra, a4
core   0: 3 0x80008e50 (0x90ba) x 1 0x3fdae872
core   0: 0x80008e52 (0x000098fd) c.andi  s1, -1
core   0: 3 0x80008e52 (0x98fd) x 9 0x00000004
core   0: 0x80008e54 (0x01061a33) sll     s4, a2, a6
core   0: 3 0x80008e54 (0x01061a33) x20 0x01e00000
core   0: 0x80008e58 (0x0000115d) c.addi  sp, -9
core   0: 3 0x80008e58 (0x115d) x 2 0x00000001
core   0: 0x80008e5a (0x01eeb533) sltu    a0, t4, t5
core   0: 3 0x80008e5a (0x01eeb533) x10 0x00000000
core   0: 0x80008e5e (0x00008ed5) c.or    a3, a3
core   0: 3 0x80008e5e (0x8ed5) x13 0x00000000
core   0: 0x80008e60 (0x00ba2a33) slt     s4, s4, a1
core   0: 3 0x80008e60 (0x00ba2a33) x20 0x00000000
core   0: 0x80008e64 (0x0000020a) c.slli  tp, 2
core   0: 3 0x80008e64 (0x020a) x 4 0xffff0000
core   0: 0x80008e66 (0xc28e2e13) slti    t3, t3, -984
core   0: 3 0x80008e66 (0xc28e2e13) x28 0x00000000
core   0: 0x80008e6a (0x00a91493) slli    s1, s2, 10
core   0: 3 0x80008e6a (0x00a91493) x 9 0x09b39000
core   0: 0x80008e6e (0x00008195) c.srli  a1, 5
core   0: 3 0x80008e6e (0x8195) x11 0x00000000
core   0: 0x80008e70 (0x00004c79) c.li    s8, 30
core   0: 3 0x80008e70 (0x4c79) x24 0x0000001e
core   0: 0x80008e72 (0x00000ace) c.slli  s5, 19
core   0: 3 0x80008e72 (0x0ace) x21 0x00000000
core   0: 0x80008e74 (0x00009afd) c.andi  a3, -1
core   0: 3 0x80008e74 (0x9afd) x13 0x00000000
core   0: 0x80008e76 (0x407d5b13) srai    s6, s10, 7
core   0: 3 0x80008e76 (0x407d5b13) x22 0x00000005
core   0: 0x80008e7a (0x00a00f93) li      t6, 10
core   0: 3 0x80008e7a (0x00a00f93) x31 0x0000000a
core   0: 0x80008e7e (0x87ae4c93) xori    s9, t3, -1926
core   0: 3 0x80008e7e (0x87ae4c93) x25 0xfffff87a
core   0: 0x80008e82 (0x00000001) c.nop
core   0: 3 0x80008e82 (0x0001)
core   0: 0x80008e84 (0xff500613) li      a2, -11
core   0: 3 0x80008e84 (0xff500613) x12 0xfffffff5
core   0: 0x80008e88 (0x41928eb3) sub     t4, t0, s9
core   0: 3 0x80008e88 (0x41928eb3) x29 0x00000797
core   0: 0x80008e8c (0x412e0a33) sub     s4, t3, s2
core   0: 3 0x80008e8c (0x412e0a33) x20 0x7ffd931c
core   0: 0x80008e90 (0x00001ffd) c.addi  t6, -1
core   0: 3 0x80008e90 (0x1ffd) x31 0x00000009
core   0: 0x80008e92 (0x00008791) c.srai  a5, 4
core   0: 3 0x80008e92 (0x8791) x15 0x00000000
core   0: 0x80008e94 (0xfecf8ce3) beq     t6, a2, pc - 8
core   0: 3 0x80008e94 (0xfecf8ce3)
core   0: 0x80008e98 (0xfbe17ae3) bgeu    sp, t5, pc - 76
core   0: 3 0x80008e98 (0xfbe17ae3)
core   0: 0x80008e9c (0x00006a5d) c.lui   s4, 0x17
core   0: 3 0x80008e9c (0x6a5d) x20 0x00017000
core   0: 0x80008e9e (0x00000693) li      a3, 0
core   0: 3 0x80008e9e (0x00000693) x13 0x00000000
core   0: 0x80008ea2 (0x00004a7d) c.li    s4, 31
core   0: 3 0x80008ea2 (0x4a7d) x20 0x0000001f
core   0: 0x80008ea4 (0x0280d0b3) divu    ra, ra, s0
core   0: 3 0x80008ea4 (0x0280d0b3) x 1 0xffffffff
core   0: 0x80008ea8 (0x01f948b3) xor     a7, s2, t6
core   0: 3 0x80008ea8 (0x01f948b3) x17 0x80026ced
core   0: 0x80008eac (0x00008de5) c.and   a1, s1
core   0: 3 0x80008eac (0x8de5) x11 0x00000000
core   0: 0x80008eae (0x00000001) c.nop
core   0: 3 0x80008eae (0x0001)
core   0: 0x80008eb0 (0x00c00193) li      gp, 12
core   0: 3 0x80008eb0 (0x00c00193) x 3 0x0000000c
core   0: 0x80008eb4 (0x8c4c1f17) auipc   t5, 0x8c4c1
core   0: 3 0x80008eb4 (0x8c4c1f17) x30 0x0c4c9eb4
core   0: 0x80008eb8 (0x0000835e) c.mv    t1, s7
core   0: 3 0x80008eb8 (0x835e) x 6 0x00000011
core   0: 0x80008eba (0x30facc93) xori    s9, s5, 783
core   0: 3 0x80008eba (0x30facc93) x25 0x0000030f
core   0: 0x80008ebe (0x00000695) c.addi  a3, 5
core   0: 3 0x80008ebe (0x0695) x13 0x00000005
core   0: 0x80008ec0 (0xfe36cce3) blt     a3, gp, pc - 8
core   0: 3 0x80008ec0 (0xfe36cce3)
core   0: 0x80008eb8 (0x0000835e) c.mv    t1, s7
core   0: 3 0x80008eb8 (0x835e) x 6 0x00000011
core   0: 0x80008eba (0x30facc93) xori    s9, s5, 783
core   0: 3 0x80008eba (0x30facc93) x25 0x0000030f
core   0: 0x80008ebe (0x00000695) c.addi  a3, 5
core   0: 3 0x80008ebe (0x0695) x13 0x0000000a
core   0: 0x80008ec0 (0xfe36cce3) blt     a3, gp, pc - 8
core   0: 3 0x80008ec0 (0xfe36cce3)
core   0: 0x80008eb8 (0x0000835e) c.mv    t1, s7
core   0: 3 0x80008eb8 (0x835e) x 6 0x00000011
core   0: 0x80008eba (0x30facc93) xori    s9, s5, 783
core   0: 3 0x80008eba (0x30facc93) x25 0x0000030f
core   0: 0x80008ebe (0x00000695) c.addi  a3, 5
core   0: 3 0x80008ebe (0x0695) x13 0x0000000f
core   0: 0x80008ec0 (0xfe36cce3) blt     a3, gp, pc - 8
core   0: 3 0x80008ec0 (0xfe36cce3)
core   0: 0x80008ec4 (0x038b1133) mulh    sp, s6, s8
core   0: 3 0x80008ec4 (0x038b1133) x 2 0x00000000
core   0: 0x80008ec8 (0x00200393) li      t2, 2
core   0: 3 0x80008ec8 (0x00200393) x 7 0x00000002
core   0: 0x80008ecc (0x00d128b3) slt     a7, sp, a3
core   0: 3 0x80008ecc (0x00d128b3) x17 0x00000001
core   0: 0x80008ed0 (0x00008d41) c.or    a0, s0
core   0: 3 0x80008ed0 (0x8d41) x10 0x00000000
core   0: 0x80008ed2 (0x014e3b33) sltu    s6, t3, s4
core   0: 3 0x80008ed2 (0x014e3b33) x22 0x00000001
core   0: 0x80008ed6 (0x00800613) li      a2, 8
core   0: 3 0x80008ed6 (0x00800613) x12 0x00000008
core   0: 0x80008eda (0x0000587d) c.li    a6, -1
core   0: 3 0x80008eda (0x587d) x16 0xffffffff
core   0: 0x80008edc (0x2bacb793) sltiu   a5, s9, 698
core   0: 3 0x80008edc (0x2bacb793) x15 0x00000000
core   0: 0x80008ee0 (0x8a226b93) ori     s7, tp, -1886
core   0: 3 0x80008ee0 (0x8a226b93) x23 0xfffff8a2
core   0: 0x80008ee4 (0x00b03fb3) snez    t6, a1
core   0: 3 0x80008ee4 (0x00b03fb3) x31 0x00000000
core   0: 0x80008ee8 (0x00000001) c.nop
core   0: 3 0x80008ee8 (0x0001)
core   0: 0x80008eea (0x00006591) c.lui   a1, 0x4
core   0: 3 0x80008eea (0x6591) x11 0x00004000
core   0: 0x80008eec (0x0262eab3) rem     s5, t0, t1
core   0: 3 0x80008eec (0x0262eab3) x21 0x00000000
core   0: 0x80008ef0 (0x02d66cb3) rem     s9, a2, a3
core   0: 3 0x80008ef0 (0x02d66cb3) x25 0x00000008
core   0: 0x80008ef4 (0x036574b3) remu    s1, a0, s6
core   0: 3 0x80008ef4 (0x036574b3) x 9 0x00000000
core   0: 0x80008ef8 (0x0000085a) c.slli  a6, 22
core   0: 3 0x80008ef8 (0x085a) x16 0xffc00000
core   0: 0x80008efa (0x000003a1) c.addi  t2, 8
core   0: 3 0x80008efa (0x03a1) x 7 0x0000000a
core   0: 0x80008efc (0x40df5533) sra     a0, t5, a3
core   0: 3 0x80008efc (0x40df5533) x10 0x00001899
core   0: 0x80008f00 (0x0ff0000f) fence   iorw,iorw
core   0: 3 0x80008f00 (0x0ff0000f)
core   0: 0x80008f04 (0x0000837d) c.srli  a4, 31
core   0: 3 0x80008f04 (0x837d) x14 0x00000000
core   0: 0x80008f06 (0x000069c1) c.lui   s3, 0x10
core   0: 3 0x80008f06 (0x69c1) x19 0x00010000
core   0: 0x80008f08 (0x0ff0000f) fence   iorw,iorw
core   0: 3 0x80008f08 (0x0ff0000f)
core   0: 0x80008f0c (0x0000100f) fence.i
core   0: 3 0x80008f0c (0x0000100f)
core   0: 0x80008f10 (0x00009132) c.add   sp, a2
core   0: 3 0x80008f10 (0x9132) x 2 0x00000008
core   0: 0x80008f12 (0xfcc3e9e3) bltu    t2, a2, pc - 46
core   0: 3 0x80008f12 (0xfcc3e9e3)
core   0: 0x80008f16 (0x012719b3) sll     s3, a4, s2
core   0: 3 0x80008f16 (0x012719b3) x19 0x00000000
core   0: 0x80008f1a (0xff600793) li      a5, -10
core   0: 3 0x80008f1a (0xff600793) x15 0xfffffff6
core   0: 0x80008f1e (0x00c00d13) li      s10, 12
core   0: 3 0x80008f1e (0x00c00d13) x26 0x0000000c
core   0: 0x80008f22 (0x03718b33) mul     s6, gp, s7
core   0: 3 0x80008f22 (0x03718b33) x22 0xffffa798
core   0: 0x80008f26 (0x000088f5) c.andi  s1, 29
core   0: 3 0x80008f26 (0x88f5) x 9 0x00000000
core   0: 0x80008f28 (0x000007a9) c.addi  a5, 10
core   0: 3 0x80008f28 (0x07a9) x15 0x00000000
core   0: 0x80008f2a (0xff900693) li      a3, -7
core   0: 3 0x80008f2a (0xff900693) x13 0xfffffff9
core   0: 0x80008f2e (0x00000001) c.nop
core   0: 3 0x80008f2e (0x0001)
core   0: 0x80008f30 (0x00000001) c.nop
core   0: 3 0x80008f30 (0x0001)
core   0: 0x80008f32 (0x02331333) mulh    t1, t1, gp
core   0: 3 0x80008f32 (0x02331333) x 6 0x00000000
core   0: 0x80008f36 (0x0ff0000f) fence   iorw,iorw
core   0: 3 0x80008f36 (0x0ff0000f)
core   0: 0x80008f3a (0x0000069d) c.addi  a3, 7
core   0: 3 0x80008f3a (0x069d) x13 0x00000000
core   0: 0x80008f3c (0x0000fafd) c.bnez  a3, pc - 10
core   0: 3 0x80008f3c (0xfafd)
core   0: 0x80008f3e (0xffa7e2e3) bltu    a5, s10, pc - 28
core   0: 3 0x80008f3e (0xffa7e2e3)
core   0: 0x80008f22 (0x03718b33) mul     s6, gp, s7
core   0: 3 0x80008f22 (0x03718b33) x22 0xffffa798
core   0: 0x80008f26 (0x000088f5) c.andi  s1, 29
core   0: 3 0x80008f26 (0x88f5) x 9 0x00000000
core   0: 0x80008f28 (0x000007a9) c.addi  a5, 10
core   0: 3 0x80008f28 (0x07a9) x15 0x0000000a
core   0: 0x80008f2a (0xff900693) li      a3, -7
core   0: 3 0x80008f2a (0xff900693) x13 0xfffffff9
core   0: 0x80008f2e (0x00000001) c.nop
core   0: 3 0x80008f2e (0x0001)
core   0: 0x80008f30 (0x00000001) c.nop
core   0: 3 0x80008f30 (0x0001)
core   0: 0x80008f32 (0x02331333) mulh    t1, t1, gp
core   0: 3 0x80008f32 (0x02331333) x 6 0x00000000
core   0: 0x80008f36 (0x0ff0000f) fence   iorw,iorw
core   0: 3 0x80008f36 (0x0ff0000f)
core   0: 0x80008f3a (0x0000069d) c.addi  a3, 7
core   0: 3 0x80008f3a (0x069d) x13 0x00000000
core   0: 0x80008f3c (0x0000fafd) c.bnez  a3, pc - 10
core   0: 3 0x80008f3c (0xfafd)
core   0: 0x80008f3e (0xffa7e2e3) bltu    a5, s10, pc - 28
core   0: 3 0x80008f3e (0xffa7e2e3)
core   0: 0x80008f22 (0x03718b33) mul     s6, gp, s7
core   0: 3 0x80008f22 (0x03718b33) x22 0xffffa798
core   0: 0x80008f26 (0x000088f5) c.andi  s1, 29
core   0: 3 0x80008f26 (0x88f5) x 9 0x00000000
core   0: 0x80008f28 (0x000007a9) c.addi  a5, 10
core   0: 3 0x80008f28 (0x07a9) x15 0x00000014
core   0: 0x80008f2a (0xff900693) li      a3, -7
core   0: 3 0x80008f2a (0xff900693) x13 0xfffffff9
core   0: 0x80008f2e (0x00000001) c.nop
core   0: 3 0x80008f2e (0x0001)
core   0: 0x80008f30 (0x00000001) c.nop
core   0: 3 0x80008f30 (0x0001)
core   0: 0x80008f32 (0x02331333) mulh    t1, t1, gp
core   0: 3 0x80008f32 (0x02331333) x 6 0x00000000
core   0: 0x80008f36 (0x0ff0000f) fence   iorw,iorw
core   0: 3 0x80008f36 (0x0ff0000f)
core   0: 0x80008f3a (0x0000069d) c.addi  a3, 7
core   0: 3 0x80008f3a (0x069d) x13 0x00000000
core   0: 0x80008f3c (0x0000fafd) c.bnez  a3, pc - 10
core   0: 3 0x80008f3c (0xfafd)
core   0: 0x80008f3e (0xffa7e2e3) bltu    a5, s10, pc - 28
core   0: 3 0x80008f3e (0xffa7e2e3)
core   0: 0x80008f42 (0x008acfb3) xor     t6, s5, s0
core   0: 3 0x80008f42 (0x008acfb3) x31 0x00000000
core   0: 0x80008f46 (0x00600493) li      s1, 6
core   0: 3 0x80008f46 (0x00600493) x 9 0x00000006
core   0: 0x80008f4a (0x403451b3) sra     gp, s0, gp
core   0: 3 0x80008f4a (0x403451b3) x 3 0x00000000
core   0: 0x80008f4e (0x00001808) c.addi4spn a0, sp, 48
core   0: 3 0x80008f4e (0x1808) x10 0x00000038
core   0: 0x80008f50 (0x00001f7d) c.addi  t5, -1
core   0: 3 0x80008f50 (0x1f7d) x30 0x0c4c9eb3
core   0: 0x80008f52 (0x03b356b3) divu    a3, t1, s11
core   0: 3 0x80008f52 (0x03b356b3) x13 0x00000000
core   0: 0x80008f56 (0x00000001) c.nop
core   0: 3 0x80008f56 (0x0001)
core   0: 0x80008f58 (0x00008f81) c.sub   a5, s0
core   0: 3 0x80008f58 (0x8f81) x15 0x00000014
core   0: 0x80008f5a (0x01300893) li      a7, 19
core   0: 3 0x80008f5a (0x01300893) x17 0x00000013
core   0: 0x80008f5e (0x40588833) sub     a6, a7, t0
core   0: 3 0x80008f5e (0x40588833) x16 0x00000002
core   0: 0x80008f62 (0x03030b33) mul     s6, t1, a6
core   0: 3 0x80008f62 (0x03030b33) x22 0x00000000
core   0: 0x80008f66 (0x00f52e33) slt     t3, a0, a5
core   0: 3 0x80008f66 (0x00f52e33) x28 0x00000000
core   0: 0x80008f6a (0x4114d533) sra     a0, s1, a7
core   0: 3 0x80008f6a (0x4114d533) x10 0x00000000
core   0: 0x80008f6e (0x00cd3cb3) sltu    s9, s10, a2
core   0: 3 0x80008f6e (0x00cd3cb3) x25 0x00000000
core   0: 0x80008f72 (0x0000180c) c.addi4spn a1, sp, 48
core   0: 3 0x80008f72 (0x180c) x11 0x00000038
core   0: 0x80008f74 (0x00006165) c.addi16sp sp, 112
core   0: 3 0x80008f74 (0x6165) x 2 0x00000078
core   0: 0x80008f76 (0x00cfd1b3) srl     gp, t6, a2
core   0: 3 0x80008f76 (0x00cfd1b3) x 3 0x00000000
core   0: 0x80008f7a (0x0358b6b3) mulhu   a3, a7, s5
core   0: 3 0x80008f7a (0x0358b6b3) x13 0x00000000
core   0: 0x80008f7e (0x00006271) c.lui   tp, 0x1c
core   0: 3 0x80008f7e (0x6271) x 4 0x0001c000
core   0: 0x80008f80 (0x000063d1) c.lui   t2, 0x14
core   0: 3 0x80008f80 (0x63d1) x 7 0x00014000
core   0: 0x80008f82 (0x00000485) c.addi  s1, 1
core   0: 3 0x80008f82 (0x0485) x 9 0x00000007
core   0: 0x80008f84 (0x01019533) sll     a0, gp, a6
core   0: 3 0x80008f84 (0x01019533) x10 0x00000000
core   0: 0x80008f88 (0x00f65213) srli    tp, a2, 15
core   0: 3 0x80008f88 (0x00f65213) x 4 0x00000000
core   0: 0x80008f8c (0x0000191c) c.addi4spn a5, sp, 176
core   0: 3 0x80008f8c (0x191c) x15 0x00000128
core   0: 0x80008f8e (0x033e6833) rem     a6, t3, s3
core   0: 3 0x80008f8e (0x033e6833) x16 0x00000000
core   0: 0x80008f92 (0x0000066e) c.slli  a2, 27
core   0: 3 0x80008f92 (0x066e) x12 0x40000000
core   0: 0x80008f94 (0xd07c4e93) xori    t4, s8, -761
core   0: 3 0x80008f94 (0xd07c4e93) x29 0xfffffd19
core   0: 0x80008f98 (0x00008f59) c.or    a4, a4
core   0: 3 0x80008f98 (0x8f59) x14 0x00000000
core   0: 0x80008f9a (0xfd148ae3) beq     s1, a7, pc - 44
core   0: 3 0x80008f9a (0xfd148ae3)
core   0: 0x80008f9e (0x00006c5d) c.lui   s8, 0x17
core   0: 3 0x80008f9e (0x6c5d) x24 0x00017000
core   0: 0x80008fa0 (0x00900793) li      a5, 9
core   0: 3 0x80008fa0 (0x00900793) x15 0x00000009
core   0: 0x80008fa4 (0x00800b93) li      s7, 8
core   0: 3 0x80008fa4 (0x00800b93) x23 0x00000008
core   0: 0x80008fa8 (0x56edbe93) sltiu   t4, s11, 1390
core   0: 3 0x80008fa8 (0x56edbe93) x29 0x00000000
core   0: 0x80008fac (0x000017e9) c.addi  a5, -6
core   0: 3 0x80008fac (0x17e9) x15 0x00000003
core   0: 0x80008fae (0x00300813) li      a6, 3
core   0: 3 0x80008fae (0x00300813) x16 0x00000003
core   0: 0x80008fb2 (0x00d00593) li      a1, 13
core   0: 3 0x80008fb2 (0x00d00593) x11 0x0000000d
core   0: 0x80008fb6 (0x01225193) srli    gp, tp, 18
core   0: 3 0x80008fb6 (0x01225193) x 3 0x00000000
core   0: 0x80008fba (0x01c44233) xor     tp, s0, t3
core   0: 3 0x80008fba (0x01c44233) x 4 0x00000000
core   0: 0x80008fbe (0x00000829) c.addi  a6, 10
core   0: 3 0x80008fbe (0x0829) x16 0x0000000d
core   0: 0x80008fc0 (0xfeb81de3) bne     a6, a1, pc - 6
core   0: 3 0x80008fc0 (0xfeb81de3)
core   0: 0x80008fc4 (0xff77f2e3) bgeu    a5, s7, pc - 28
core   0: 3 0x80008fc4 (0xff77f2e3)
core   0: 0x80008fc8 (0x00001104) c.addi4spn s1, sp, 160
core   0: 3 0x80008fc8 (0x1104) x 9 0x00000118
core   0: 0x80008fca (0x00100613) li      a2, 1
core   0: 3 0x80008fca (0x00100613) x12 0x00000001
core   0: 0x80008fce (0x03e2e233) rem     tp, t0, t5
core   0: 3 0x80008fce (0x03e2e233) x 4 0x00000011
core   0: 0x80008fd2 (0x00378cb3) add     s9, a5, gp
core   0: 3 0x80008fd2 (0x00378cb3) x25 0x00000003
core   0: 0x80008fd6 (0x00000001) c.nop
core   0: 3 0x80008fd6 (0x0001)
core   0: 0x80008fd8 (0x02cfa3b3) mulhsu  t2, t6, a2
core   0: 3 0x80008fd8 (0x02cfa3b3) x 7 0x00000000
core   0: 0x80008fdc (0x026471b3) remu    gp, s0, t1
core   0: 3 0x80008fdc (0x026471b3) x 3 0x00000000
core   0: 0x80008fe0 (0x036802b3) mul     t0, a6, s6
core   0: 3 0x80008fe0 (0x036802b3) x 5 0x00000000
core   0: 0x80008fe4 (0x0151e3b3) or      t2, gp, s5
core   0: 3 0x80008fe4 (0x0151e3b3) x 7 0x00000000
core   0: 0x80008fe8 (0x0000167d) c.addi  a2, -1
core   0: 3 0x80008fe8 (0x167d) x12 0x00000000
core   0: 0x80008fea (0x00a00713) li      a4, 10
core   0: 3 0x80008fea (0x00a00713) x14 0x0000000a
core   0: 0x80008fee (0x00008b1e) c.mv    s6, t2
core   0: 3 0x80008fee (0x8b1e) x22 0x00000000
core   0: 0x80008ff0 (0x000085ea) c.mv    a1, s10
core   0: 3 0x80008ff0 (0x85ea) x11 0x0000000c
core   0: 0x80008ff2 (0xfec00f93) li      t6, -20
core   0: 3 0x80008ff2 (0xfec00f93) x31 0xffffffec
core   0: 0x80008ff6 (0x02b7a3b3) mulhsu  t2, a5, a1
core   0: 3 0x80008ff6 (0x02b7a3b3) x 7 0x00000000
core   0: 0x80008ffa (0x411bd3b3) sra     t2, s7, a7
core   0: 3 0x80008ffa (0x411bd3b3) x 7 0x00000000
core   0: 0x80008ffe (0x0294b333) mulhu   t1, s1, s1
core   0: 3 0x80008ffe (0x0294b333) x 6 0x00000000
core   0: 0x80009002 (0x00001761) c.addi  a4, -8
core   0: 3 0x80009002 (0x1761) x14 0x00000002
core   0: 0x80009004 (0xfff75de3) bge     a4, t6, pc - 6
core   0: 3 0x80009004 (0xfff75de3)
core   0: 0x80008ffe (0x0294b333) mulhu   t1, s1, s1
core   0: 3 0x80008ffe (0x0294b333) x 6 0x00000000
core   0: 0x80009002 (0x00001761) c.addi  a4, -8
core   0: 3 0x80009002 (0x1761) x14 0xfffffffa
core   0: 0x80009004 (0xfff75de3) bge     a4, t6, pc - 6
core   0: 3 0x80009004 (0xfff75de3)
core   0: 0x80008ffe (0x0294b333) mulhu   t1, s1, s1
core   0: 3 0x80008ffe (0x0294b333) x 6 0x00000000
core   0: 0x80009002 (0x00001761) c.addi  a4, -8
core   0: 3 0x80009002 (0x1761) x14 0xfffffff2
core   0: 0x80009004 (0xfff75de3) bge     a4, t6, pc - 6
core   0: 3 0x80009004 (0xfff75de3)
core   0: 0x80008ffe (0x0294b333) mulhu   t1, s1, s1
core   0: 3 0x80008ffe (0x0294b333) x 6 0x00000000
core   0: 0x80009002 (0x00001761) c.addi  a4, -8
core   0: 3 0x80009002 (0x1761) x14 0xffffffea
core   0: 0x80009004 (0xfff75de3) bge     a4, t6, pc - 6
core   0: 3 0x80009004 (0xfff75de3)
core   0: 0x80009008 (0x3a5d3a13) sltiu   s4, s10, 933
core   0: 3 0x80009008 (0x3a5d3a13) x20 0x00000001
core   0: 0x8000900c (0x0000da71) c.beqz  a2, pc - 44
core   0: 3 0x8000900c (0xda71)
core   0: 0x80008fe0 (0x036802b3) mul     t0, a6, s6
core   0: 3 0x80008fe0 (0x036802b3) x 5 0x00000000
core   0: 0x80008fe4 (0x0151e3b3) or      t2, gp, s5
core   0: 3 0x80008fe4 (0x0151e3b3) x 7 0x00000000
core   0: 0x80008fe8 (0x0000167d) c.addi  a2, -1
core   0: 3 0x80008fe8 (0x167d) x12 0xffffffff
core   0: 0x80008fea (0x00a00713) li      a4, 10
core   0: 3 0x80008fea (0x00a00713) x14 0x0000000a
core   0: 0x80008fee (0x00008b1e) c.mv    s6, t2
core   0: 3 0x80008fee (0x8b1e) x22 0x00000000
core   0: 0x80008ff0 (0x000085ea) c.mv    a1, s10
core   0: 3 0x80008ff0 (0x85ea) x11 0x0000000c
core   0: 0x80008ff2 (0xfec00f93) li      t6, -20
core   0: 3 0x80008ff2 (0xfec00f93) x31 0xffffffec
core   0: 0x80008ff6 (0x02b7a3b3) mulhsu  t2, a5, a1
core   0: 3 0x80008ff6 (0x02b7a3b3) x 7 0x00000000
core   0: 0x80008ffa (0x411bd3b3) sra     t2, s7, a7
core   0: 3 0x80008ffa (0x411bd3b3) x 7 0x00000000
core   0: 0x80008ffe (0x0294b333) mulhu   t1, s1, s1
core   0: 3 0x80008ffe (0x0294b333) x 6 0x00000000
core   0: 0x80009002 (0x00001761) c.addi  a4, -8
core   0: 3 0x80009002 (0x1761) x14 0x00000002
core   0: 0x80009004 (0xfff75de3) bge     a4, t6, pc - 6
core   0: 3 0x80009004 (0xfff75de3)
core   0: 0x80008ffe (0x0294b333) mulhu   t1, s1, s1
core   0: 3 0x80008ffe (0x0294b333) x 6 0x00000000
core   0: 0x80009002 (0x00001761) c.addi  a4, -8
core   0: 3 0x80009002 (0x1761) x14 0xfffffffa
core   0: 0x80009004 (0xfff75de3) bge     a4, t6, pc - 6
core   0: 3 0x80009004 (0xfff75de3)
core   0: 0x80008ffe (0x0294b333) mulhu   t1, s1, s1
core   0: 3 0x80008ffe (0x0294b333) x 6 0x00000000
core   0: 0x80009002 (0x00001761) c.addi  a4, -8
core   0: 3 0x80009002 (0x1761) x14 0xfffffff2
core   0: 0x80009004 (0xfff75de3) bge     a4, t6, pc - 6
core   0: 3 0x80009004 (0xfff75de3)
core   0: 0x80008ffe (0x0294b333) mulhu   t1, s1, s1
core   0: 3 0x80008ffe (0x0294b333) x 6 0x00000000
core   0: 0x80009002 (0x00001761) c.addi  a4, -8
core   0: 3 0x80009002 (0x1761) x14 0xffffffea
core   0: 0x80009004 (0xfff75de3) bge     a4, t6, pc - 6
core   0: 3 0x80009004 (0xfff75de3)
core   0: 0x80009008 (0x3a5d3a13) sltiu   s4, s10, 933
core   0: 3 0x80009008 (0x3a5d3a13) x20 0x00000001
core   0: 0x8000900c (0x0000da71) c.beqz  a2, pc - 44
core   0: 3 0x8000900c (0xda71)
core   0: 0x8000900e (0x41a909b3) sub     s3, s2, s10
core   0: 3 0x8000900e (0x41a909b3) x19 0x80026cd8
core   0: 0x80009012 (0x0000717d) c.addi16sp sp, -16
core   0: 3 0x80009012 (0x717d) x 2 0x00000068
core   0: 0x80009014 (0x6f714f93) xori    t6, sp, 1783
core   0: 3 0x80009014 (0x6f714f93) x31 0x0000069f
core   0: 0x80009018 (0x00446a63) bltu    s0, tp, pc + 20
core   0: 3 0x80009018 (0x00446a63)
core   0: 0x8000902c (0x00008c06) c.mv    s8, ra
core   0: 3 0x8000902c (0x8c06) x24 0xffffffff
core   0: 0x8000902e (0x016555b3) srl     a1, a0, s6
core   0: 3 0x8000902e (0x016555b3) x11 0x00000000
core   0: 0x80009032 (0x00000c18) c.addi4spn a4, sp, 528
core   0: 3 0x80009032 (0x0c18) x14 0x00000278
core   0: 0x80009034 (0x611ecc93) xori    s9, t4, 1553
core   0: 3 0x80009034 (0x611ecc93) x25 0x00000611
core   0: 0x80009038 (0x02dcb033) mulhu   zero, s9, a3
core   0: 3 0x80009038 (0x02dcb033)
core   0: 0x8000903c (0x090f6163) bltu    t5, a6, pc + 130
core   0: 3 0x8000903c (0x090f6163)
core   0: 0x80009040 (0x014b1c33) sll     s8, s6, s4
core   0: 3 0x80009040 (0x014b1c33) x24 0x00000000
core   0: 0x80009044 (0xff800213) li      tp, -8
core   0: 3 0x80009044 (0xff800213) x 4 0xfffffff8
core   0: 0x80009048 (0x001dd1b3) srl     gp, s11, ra
core   0: 3 0x80009048 (0x001dd1b3) x 3 0x00000001
core   0: 0x8000904c (0xffa00593) li      a1, -6
core   0: 3 0x8000904c (0xffa00593) x11 0xfffffffa
core   0: 0x80009050 (0x03ecdd33) divu    s10, s9, t5
core   0: 3 0x80009050 (0x03ecdd33) x26 0x00000000
core   0: 0x80009054 (0x008f2f33) slt     t5, t5, s0
core   0: 3 0x80009054 (0x008f2f33) x30 0x00000000
core   0: 0x80009058 (0x4143d833) sra     a6, t2, s4
core   0: 3 0x80009058 (0x4143d833) x16 0x00000000
core   0: 0x8000905c (0x00008561) c.srai  a0, 24
core   0: 3 0x8000905c (0x8561) x10 0x00000000
core   0: 0x8000905e (0x0379b1b3) mulhu   gp, s3, s7
core   0: 3 0x8000905e (0x0379b1b3) x 3 0x00000004
core   0: 0x80009062 (0x793a6f93) ori     t6, s4, 1939
core   0: 3 0x80009062 (0x793a6f93) x31 0x00000793
core   0: 0x80009066 (0x002e3d33) sltu    s10, t3, sp
core   0: 3 0x80009066 (0x002e3d33) x26 0x00000001
core   0: 0x8000906a (0x00000001) c.nop
core   0: 3 0x8000906a (0x0001)
core   0: 0x8000906c (0x2628c313) xori    t1, a7, 610
core   0: 3 0x8000906c (0x2628c313) x 6 0x00000271
core   0: 0x80009070 (0x00000205) c.addi  tp, 1
core   0: 3 0x80009070 (0x0205) x 4 0xfffffff9
core   0: 0x80009072 (0x01766833) or      a6, a2, s7
core   0: 3 0x80009072 (0x01766833) x16 0xffffffff
core   0: 0x80009076 (0x00d47033) and     zero, s0, a3
core   0: 3 0x80009076 (0x00d47033)
core   0: 0x8000907a (0x9ddb4893) xori    a7, s6, -1571
core   0: 3 0x8000907a (0x9ddb4893) x17 0xfffff9dd
core   0: 0x8000907e (0x0000100f) fence.i
core   0: 3 0x8000907e (0x0000100f)
core   0: 0x80009082 (0x00000190) c.addi4spn a2, sp, 192
core   0: 3 0x80009082 (0x0190) x12 0x00000128
core   0: 0x80009084 (0x14166b93) ori     s7, a2, 321
core   0: 3 0x80009084 (0x14166b93) x23 0x00000169
core   0: 0x80009088 (0x00008175) c.srli  a0, 29
core   0: 3 0x80009088 (0x8175) x10 0x00000000
core   0: 0x8000908a (0xb82fd497) auipc   s1, 0xb82fd
core   0: 3 0x8000908a (0xb82fd497) x 9 0x3830608a
core   0: 0x8000908e (0xfcb248e3) blt     tp, a1, pc - 48
core   0: 3 0x8000908e (0xfcb248e3)
core   0: 0x8000905e (0x0379b1b3) mulhu   gp, s3, s7
core   0: 3 0x8000905e (0x0379b1b3) x 3 0x000000b4
core   0: 0x80009062 (0x793a6f93) ori     t6, s4, 1939
core   0: 3 0x80009062 (0x793a6f93) x31 0x00000793
core   0: 0x80009066 (0x002e3d33) sltu    s10, t3, sp
core   0: 3 0x80009066 (0x002e3d33) x26 0x00000001
core   0: 0x8000906a (0x00000001) c.nop
core   0: 3 0x8000906a (0x0001)
core   0: 0x8000906c (0x2628c313) xori    t1, a7, 610
core   0: 3 0x8000906c (0x2628c313) x 6 0xfffffbbf
core   0: 0x80009070 (0x00000205) c.addi  tp, 1
core   0: 3 0x80009070 (0x0205) x 4 0xfffffffa
core   0: 0x80009072 (0x01766833) or      a6, a2, s7
core   0: 3 0x80009072 (0x01766833) x16 0x00000169
core   0: 0x80009076 (0x00d47033) and     zero, s0, a3
core   0: 3 0x80009076 (0x00d47033)
core   0: 0x8000907a (0x9ddb4893) xori    a7, s6, -1571
core   0: 3 0x8000907a (0x9ddb4893) x17 0xfffff9dd
core   0: 0x8000907e (0x0000100f) fence.i
core   0: 3 0x8000907e (0x0000100f)
core   0: 0x80009082 (0x00000190) c.addi4spn a2, sp, 192
core   0: 3 0x80009082 (0x0190) x12 0x00000128
core   0: 0x80009084 (0x14166b93) ori     s7, a2, 321
core   0: 3 0x80009084 (0x14166b93) x23 0x00000169
core   0: 0x80009088 (0x00008175) c.srli  a0, 29
core   0: 3 0x80009088 (0x8175) x10 0x00000000
core   0: 0x8000908a (0xb82fd497) auipc   s1, 0xb82fd
core   0: 3 0x8000908a (0xb82fd497) x 9 0x3830608a
core   0: 0x8000908e (0xfcb248e3) blt     tp, a1, pc - 48
core   0: 3 0x8000908e (0xfcb248e3)
core   0: 0x80009092 (0x000014fd) c.addi  s1, -1
core   0: 3 0x80009092 (0x14fd) x 9 0x38306089
core   0: 0x80009094 (0x0000157d) c.addi  a0, -1
core   0: 3 0x80009094 (0x157d) x10 0xffffffff
core   0: 0x80009096 (0x14861d17) auipc   s10, 0x14861
core   0: 3 0x80009096 (0x14861d17) x26 0x9486a096
core   0: 0x8000909a (0x0000100f) fence.i
core   0: 3 0x8000909a (0x0000100f)
core   0: 0x8000909e (0x400c5d13) srai    s10, s8, 0
core   0: 3 0x8000909e (0x400c5d13) x26 0x00000000
core   0: 0x800090a2 (0x00d29993) slli    s3, t0, 13
core   0: 3 0x800090a2 (0x00d29993) x19 0x00000000
core   0: 0x800090a6 (0x0000821e) c.mv    tp, t2
core   0: 3 0x800090a6 (0x821e) x 4 0x00000000
core   0: 0x800090a8 (0x7b313d37) lui     s10, 0x7b313
core   0: 3 0x800090a8 (0x7b313d37) x26 0x7b313000
core   0: 0x800090ac (0x00285493) srli    s1, a6, 2
core   0: 3 0x800090ac (0x00285493) x 9 0x0000005a
core   0: 0x800090b0 (0x03f9c763) blt     s3, t6, pc + 46
core   0: 3 0x800090b0 (0x03f9c763)
core   0: 0x800090de (0x0016c7b3) xor     a5, a3, ra
core   0: 3 0x800090de (0x0016c7b3) x15 0xffffffff
core   0: 0x800090e2 (0x00008fc6) c.mv    t6, a7
core   0: 3 0x800090e2 (0x8fc6) x31 0xfffff9dd
core   0: 0x800090e4 (0x05e25463) bge     tp, t5, pc + 72
core   0: 3 0x800090e4 (0x05e25463)
core   0: 0x8000912c (0x00000001) c.nop
core   0: 3 0x8000912c (0x0001)
core   0: 0x8000912e (0x02acdf33) divu    t5, s9, a0
core   0: 3 0x8000912e (0x02acdf33) x30 0x00000000
core   0: 0x80009132 (0x52ef2813) slti    a6, t5, 1326
core   0: 3 0x80009132 (0x52ef2813) x16 0x00000001
core   0: 0x80009136 (0x030b7f63) bgeu    s6, a6, pc + 62
core   0: 3 0x80009136 (0x030b7f63)
core   0: 0x8000913a (0x000959b3) srl     s3, s2, zero
core   0: 3 0x8000913a (0x000959b3) x19 0x80026ce4
core   0: 0x8000913e (0x03c615b3) mulh    a1, a2, t3
core   0: 3 0x8000913e (0x03c615b3) x11 0x00000000
core   0: 0x80009142 (0x40bad293) srai    t0, s5, 11
core   0: 3 0x80009142 (0x40bad293) x 5 0x00000000
core   0: 0x80009146 (0x01ead763) bge     s5, t5, pc + 14
core   0: 3 0x80009146 (0x01ead763)
core   0: 0x80009154 (0x00000001) c.nop
core   0: 3 0x80009154 (0x0001)
core   0: 0x80009156 (0x000088e6) c.mv    a7, s9
core   0: 3 0x80009156 (0x88e6) x17 0x00000611
core   0: 0x80009158 (0x005a1f93) slli    t6, s4, 5
core   0: 3 0x80009158 (0x005a1f93) x31 0x00000020
core   0: 0x8000915c (0x000085d5) c.srai  a1, 21
core   0: 3 0x8000915c (0x85d5) x11 0x00000000
core   0: 0x8000915e (0x000088dd) c.andi  s1, 23
core   0: 3 0x8000915e (0x88dd) x 9 0x00000012
core   0: 0x80009160 (0x00701993) slli    s3, zero, 7
core   0: 3 0x80009160 (0x00701993) x19 0x00000000
core   0: 0x80009164 (0x0000517d) c.li    sp, -1
core   0: 3 0x80009164 (0x517d) x 2 0xffffffff
core   0: 0x80009166 (0x0000e785) c.bnez  a5, pc + 40
core   0: 3 0x80009166 (0xe785)
core   0: 0x8000918e (0xa3318c13) addi    s8, gp, -1485
core   0: 3 0x8000918e (0xa3318c13) x24 0xfffffae7
core   0: 0x80009192 (0x000043ad) c.li    t2, 11
core   0: 3 0x80009192 (0x43ad) x 7 0x0000000b
core   0: 0x80009194 (0x00000001) c.nop
core   0: 3 0x80009194 (0x0001)
core   0: 0x80009196 (0x011b46b3) xor     a3, s6, a7
core   0: 3 0x80009196 (0x011b46b3) x13 0x00000611
core   0: 0x8000919a (0x00008dd9) c.or    a1, a4
core   0: 3 0x8000919a (0x8dd9) x11 0x00000278
core   0: 0x8000919c (0x039229b3) mulhsu  s3, tp, s9
core   0: 3 0x8000919c (0x039229b3) x19 0x00000000
core   0: 0x800091a0 (0x403fd033) sra     zero, t6, gp
core   0: 3 0x800091a0 (0x403fd033)
core   0: 0x800091a4 (0x02387a63) bgeu    a6, gp, pc + 52
core   0: 3 0x800091a4 (0x02387a63)
core   0: 0x800091a8 (0x95dcfc13) andi    s8, s9, -1699
core   0: 3 0x800091a8 (0x95dcfc13) x24 0x00000011
core   0: 0x800091ac (0x028a3bb3) mulhu   s7, s4, s0
core   0: 3 0x800091ac (0x028a3bb3) x23 0x00000000
core   0: 0x800091b0 (0x0100f9b3) and     s3, ra, a6
core   0: 3 0x800091b0 (0x0100f9b3) x19 0x00000001
core   0: 0x800091b4 (0x00008741) c.srai  a4, 16
core   0: 3 0x800091b4 (0x8741) x14 0x00000000
core   0: 0x800091b6 (0x409e5613) srai    a2, t3, 9
core   0: 3 0x800091b6 (0x409e5613) x12 0x00000000
core   0: 0x800091ba (0x00008c95) c.sub   s1, a3
core   0: 3 0x800091ba (0x8c95) x 9 0xfffffa01
core   0: 0x800091bc (0x000090b2) c.add   ra, a2
core   0: 3 0x800091bc (0x90b2) x 1 0xffffffff
core   0: 0x800091be (0x40945ab3) sra     s5, s0, s1
core   0: 3 0x800091be (0x40945ab3) x21 0x00000000
core   0: 0x800091c2 (0x41558e33) sub     t3, a1, s5
core   0: 3 0x800091c2 (0x41558e33) x28 0x00000278
core   0: 0x800091c6 (0x411ad813) srai    a6, s5, 17
core   0: 3 0x800091c6 (0x411ad813) x16 0x00000000
core   0: 0x800091ca (0x00008ebd) c.xor   a3, a5
core   0: 3 0x800091ca (0x8ebd) x13 0xfffff9ee
core   0: 0x800091cc (0x00008899) c.andi  s1, 6
core   0: 3 0x800091cc (0x8899) x 9 0x00000000
core   0: 0x800091ce (0x0347a5b3) mulhsu  a1, a5, s4
core   0: 3 0x800091ce (0x0347a5b3) x11 0xffffffff
core   0: 0x800091d2 (0x0000971a) c.add   a4, t1
core   0: 3 0x800091d2 (0x971a) x14 0xfffffbbf
core   0: 0x800091d4 (0x019be233) or      tp, s7, s9
core   0: 3 0x800091d4 (0x019be233) x 4 0x00000611
core   0: 0x800091d8 (0xe54f3393) sltiu   t2, t5, -428
core   0: 3 0x800091d8 (0xe54f3393) x 7 0x00000001
core   0: 0x800091dc (0x00008d61) c.and   a0, s0
core   0: 3 0x800091dc (0x8d61) x10 0x00000000
core   0: 0x800091de (0x00c6bb33) sltu    s6, a3, a2
core   0: 3 0x800091de (0x00c6bb33) x22 0x00000000
core   0: 0x800091e2 (0x03827133) remu    sp, tp, s8
core   0: 3 0x800091e2 (0x03827133) x 2 0x00000006
core   0: 0x800091e6 (0xeb02b593) sltiu   a1, t0, -336
core   0: 3 0x800091e6 (0xeb02b593) x11 0x00000001
core   0: 0x800091ea (0x00004c9d) c.li    s9, 7
core   0: 3 0x800091ea (0x4c9d) x25 0x00000007
core   0: 0x800091ec (0x023350b3) divu    ra, t1, gp
core   0: 3 0x800091ec (0x023350b3) x 1 0x016c16bb
core   0: 0x800091f0 (0x0313b333) mulhu   t1, t2, a7
core   0: 3 0x800091f0 (0x0313b333) x 6 0x00000000
core   0: 0x800091f4 (0x4671b013) sltiu   zero, gp, 1127
core   0: 3 0x800091f4 (0x4671b013)
core   0: 0x800091f8 (0x00000001) c.nop
core   0: 3 0x800091f8 (0x0001)
core   0: 0x800091fa (0x00008725) c.srai  a4, 9
core   0: 3 0x800091fa (0x8725) x14 0xfffffffd
core   0: 0x800091fc (0x01ddc233) xor     tp, s11, t4
core   0: 3 0x800091fc (0x01ddc233) x 4 0x80022e30
core   0: 0x80009200 (0x00d88633) add     a2, a7, a3
core   0: 3 0x80009200 (0x00d88633) x12 0xffffffff
core   0: 0x80009204 (0x0235e633) rem     a2, a1, gp
core   0: 3 0x80009204 (0x0235e633) x12 0x00000001
core   0: 0x80009208 (0x036f5c33) divu    s8, t5, s6
core   0: 3 0x80009208 (0x036f5c33) x24 0xffffffff
core   0: 0x8000920c (0x00008e7d) c.and   a2, a5
core   0: 3 0x8000920c (0x8e7d) x12 0x00000001
core   0: 0x8000920e (0x01b3d6b3) srl     a3, t2, s11
core   0: 3 0x8000920e (0x01b3d6b3) x13 0x00000000
core   0: 0x80009212 (0x009adc13) srli    s8, s5, 9
core   0: 3 0x80009212 (0x009adc13) x24 0x00000000
core   0: 0x80009216 (0x000091c2) c.add   gp, a6
core   0: 3 0x80009216 (0x91c2) x 3 0x000000b4
core   0: 0x80009218 (0x0ff0000f) fence   iorw,iorw
core   0: 3 0x80009218 (0x0ff0000f)
core   0: 0x8000921c (0x00008d05) c.sub   a0, s1
core   0: 3 0x8000921c (0x8d05) x10 0x00000000
core   0: 0x8000921e (0x7d5676b7) lui     a3, 0x7d567
core   0: 3 0x8000921e (0x7d5676b7) x13 0x7d567000
core   0: 0x80009222 (0x45e6aa17) auipc   s4, 0x45e6a
core   0: 3 0x80009222 (0x45e6aa17) x20 0xc5e73222
core   0: 0x80009226 (0x02dabeb3) mulhu   t4, s5, a3
core   0: 3 0x80009226 (0x02dabeb3) x29 0x00000000
core   0: 0x8000922a (0x00143bb3) sltu    s7, s0, ra
core   0: 3 0x8000922a (0x00143bb3) x23 0x00000001
core   0: 0x8000922e (0x00001d14) c.addi4spn a3, sp, 688
core   0: 3 0x8000922e (0x1d14) x13 0x000002b6
core   0: 0x80009230 (0x00008249) c.srli  a2, 18
core   0: 3 0x80009230 (0x8249) x12 0x00000000
core   0: 0x80009232 (0x00b21133) sll     sp, tp, a1
core   0: 3 0x80009232 (0x00b21133) x 2 0x00045c60
core   0: 0x80009236 (0x0000100f) fence.i
core   0: 3 0x80009236 (0x0000100f)
core   0: 0x8000923a (0x41cb01b3) sub     gp, s6, t3
core   0: 3 0x8000923a (0x41cb01b3) x 3 0xfffffd88
core   0: 0x8000923e (0x00000001) c.nop
core   0: 3 0x8000923e (0x0001)
core   0: 0x80009240 (0x0301f8b3) remu    a7, gp, a6
core   0: 3 0x80009240 (0x0301f8b3) x17 0xfffffd88
core   0: 0x80009244 (0x25c37613) andi    a2, t1, 604
core   0: 3 0x80009244 (0x25c37613) x12 0x00000000
core   0: 0x80009248 (0x4012d313) srai    t1, t0, 1
core   0: 3 0x80009248 (0x4012d313) x 6 0x00000000
core   0: 0x8000924c (0x01829833) sll     a6, t0, s8
core   0: 3 0x8000924c (0x01829833) x16 0x00000000
core   0: 0x80009250 (0x013379b3) and     s3, t1, s3
core   0: 3 0x80009250 (0x013379b3) x19 0x00000000
core   0: 0x80009254 (0x02b167b3) rem     a5, sp, a1
core   0: 3 0x80009254 (0x02b167b3) x15 0x00000000
core   0: 0x80009258 (0x0034cb63) blt     s1, gp, pc + 22
core   0: 3 0x80009258 (0x0034cb63)
core   0: 0x8000925c (0x00000866) c.slli  a6, 25
core   0: 3 0x8000925c (0x0866) x16 0x00000000
core   0: 0x8000925e (0x00006165) c.addi16sp sp, 112
core   0: 3 0x8000925e (0x6165) x 2 0x00045cd0
core   0: 0x80009260 (0x00006109) c.addi16sp sp, 128
core   0: 3 0x80009260 (0x6109) x 2 0x00045d50
core   0: 0x80009262 (0x019c1193) slli    gp, s8, 25
core   0: 3 0x80009262 (0x019c1193) x 3 0x00000000
core   0: 0x80009266 (0x01b38cb3) add     s9, t2, s11
core   0: 3 0x80009266 (0x01b38cb3) x25 0x80022e31
core   0: 0x8000926a (0x005c3333) sltu    t1, s8, t0
core   0: 3 0x8000926a (0x005c3333) x 6 0x00000000
core   0: 0x8000926e (0x010b5a13) srli    s4, s6, 16
core   0: 3 0x8000926e (0x010b5a13) x20 0x00000000
core   0: 0x80009272 (0x0000c781) c.beqz  a5, pc + 8
core   0: 3 0x80009272 (0xc781)
core   0: 0x8000927a (0x00fd4663) blt     s10, a5, pc + 12
core   0: 3 0x8000927a (0x00fd4663)
core   0: 0x8000927e (0x000098c6) c.add   a7, a7
core   0: 3 0x8000927e (0x98c6) x17 0xfffffb10
core   0: 0x80009280 (0x00000f88) c.addi4spn a0, sp, 976
core   0: 3 0x80009280 (0x0f88) x10 0x00046120
core   0: 0x80009282 (0x00008d0d) c.sub   a0, a1
core   0: 3 0x80009282 (0x8d0d) x10 0x0004611f
core   0: 0x80009284 (0x00008989) c.andi  a1, 2
core   0: 3 0x80009284 (0x8989) x11 0x00000000
core   0: 0x80009286 (0x00f06eb3) or      t4, zero, a5
core   0: 3 0x80009286 (0x00f06eb3) x29 0x00000000
core   0: 0x8000928a (0x0000c395) c.beqz  a5, pc + 36
core   0: 3 0x8000928a (0xc395)
core   0: 0x800092ae (0x00001b7d) c.addi  s6, -1
core   0: 3 0x800092ae (0x1b7d) x22 0xffffffff
core   0: 0x800092b0 (0x03125ab3) divu    s5, tp, a7
core   0: 3 0x800092b0 (0x03125ab3) x21 0x00000000
core   0: 0x800092b4 (0xba002093) slti    ra, zero, -1120
core   0: 3 0x800092b4 (0xba002093) x 1 0x00000000
core   0: 0x800092b8 (0x00008e71) c.and   a2, a2
core   0: 3 0x800092b8 (0x8e71) x12 0x00000000
core   0: 0x800092ba (0x40da5213) srai    tp, s4, 13
core   0: 3 0x800092ba (0x40da5213) x 4 0x00000000
core   0: 0x800092be (0x0000100f) fence.i
core   0: 3 0x800092be (0x0000100f)
core   0: 0x800092c2 (0x00000001) c.nop
core   0: 3 0x800092c2 (0x0001)
core   0: 0x800092c4 (0x00009a7d) c.andi  a2, -1
core   0: 3 0x800092c4 (0x9a7d) x12 0x00000000
core   0: 0x800092c6 (0x01204b63) blt     zero, s2, pc + 22
core   0: 3 0x800092c6 (0x01204b63)
core   0: 0x800092ca (0x000095fe) c.add   a1, t6
core   0: 3 0x800092ca (0x95fe) x11 0x00000020
core   0: 0x800092cc (0x01431763) bne     t1, s4, pc + 14
core   0: 3 0x800092cc (0x01431763)
core   0: 0x800092d0 (0x8a22cd13) xori    s10, t0, -1886
core   0: 3 0x800092d0 (0x8a22cd13) x26 0xfffff8a2
core   0: 0x800092d4 (0x0000c781) c.beqz  a5, pc + 8
core   0: 3 0x800092d4 (0xc781)
core   0: 0x800092dc (0x45bc7337) lui     t1, 0x45bc7
core   0: 3 0x800092dc (0x45bc7337) x 6 0x45bc7000
core   0: 0x800092e0 (0x01385fb3) srl     t6, a6, s3
core   0: 3 0x800092e0 (0x01385fb3) x31 0x00000000
core   0: 0x800092e4 (0x03ad1e33) mulh    t3, s10, s10
core   0: 3 0x800092e4 (0x03ad1e33) x28 0x00000000
core   0: 0x800092e8 (0x039a8563) beq     s5, s9, pc + 42
core   0: 3 0x800092e8 (0x039a8563)
core   0: 0x800092ec (0x00ceda63) bge     t4, a2, pc + 20
core   0: 3 0x800092ec (0x00ceda63)
core   0: 0x80009300 (0x00008e45) c.or    a2, s1
core   0: 3 0x80009300 (0x8e45) x12 0x00000000
core   0: 0x80009302 (0x0000e189) c.bnez  a1, pc + 2
core   0: 3 0x80009302 (0xe189)
core   0: 0x80009304 (0x0000e881) c.bnez  s1, pc + 16
core   0: 3 0x80009304 (0xe881)
core   0: 0x80009306 (0x00008e05) c.sub   a2, s1
core   0: 3 0x80009306 (0x8e05) x12 0x00000000
core   0: 0x80009308 (0x41765113) srai    sp, a2, 23
core   0: 3 0x80009308 (0x41765113) x 2 0x00000000
core   0: 0x8000930c (0x01c0d863) bge     ra, t3, pc + 16
core   0: 3 0x8000930c (0x01c0d863)
core   0: 0x8000931c (0x00000d79) c.addi  s10, 30
core   0: 3 0x8000931c (0x0d79) x26 0xfffff8c0
core   0: 0x8000931e (0x02833d33) mulhu   s10, t1, s0
core   0: 3 0x8000931e (0x02833d33) x26 0x00000000
core   0: 0x80009322 (0x3b462113) slti    sp, a2, 948
core   0: 3 0x80009322 (0x3b462113) x 2 0x00000001
core   0: 0x80009326 (0x0000717d) c.addi16sp sp, -16
core   0: 3 0x80009326 (0x717d) x 2 0xfffffff1
core   0: 0x80009328 (0x03bbdd33) divu    s10, s7, s11
core   0: 3 0x80009328 (0x03bbdd33) x26 0x00000000
core   0: 0x8000932c (0x00008fd1) c.or    a5, a2
core   0: 3 0x8000932c (0x8fd1) x15 0x00000000
core   0: 0x8000932e (0x251eb813) sltiu   a6, t4, 593
core   0: 3 0x8000932e (0x251eb813) x16 0x00000001
core   0: 0x80009332 (0x0122d733) srl     a4, t0, s2
core   0: 3 0x80009332 (0x0122d733) x14 0x00000000
core   0: 0x80009336 (0x00004529) c.li    a0, 10
core   0: 3 0x80009336 (0x4529) x10 0x0000000a
core   0: 0x80009338 (0x00008ead) c.xor   a3, a1
core   0: 3 0x80009338 (0x8ead) x13 0x00000296
core   0: 0x8000933a (0x00005b7d) c.li    s6, -1
core   0: 3 0x8000933a (0x5b7d) x22 0xffffffff
core   0: 0x8000933c (0x00f9feb3) and     t4, s3, a5
core   0: 3 0x8000933c (0x00f9feb3) x29 0x00000000
core   0: 0x80009340 (0x02173fb3) mulhu   t6, a4, ra
core   0: 3 0x80009340 (0x02173fb3) x31 0x00000000
core   0: 0x80009344 (0x000052fd) c.li    t0, -1
core   0: 3 0x80009344 (0x52fd) x 5 0xffffffff
core   0: 0x80009346 (0x00cf0d63) beq     t5, a2, pc + 26
core   0: 3 0x80009346 (0x00cf0d63)
core   0: 0x80009360 (0x0285afb3) mulhsu  t6, a1, s0
core   0: 3 0x80009360 (0x0285afb3) x31 0x00000000
core   0: 0x80009364 (0x00006165) c.addi16sp sp, 112
core   0: 3 0x80009364 (0x6165) x 2 0x00000061
core   0: 0x80009366 (0x401b5813) srai    a6, s6, 1
core   0: 3 0x80009366 (0x401b5813) x16 0xffffffff
core   0: 0x8000936a (0x01b9bf33) sltu    t5, s3, s11
core   0: 3 0x8000936a (0x01b9bf33) x30 0x00000001
core   0: 0x8000936e (0x00008df5) c.and   a1, a3
core   0: 3 0x8000936e (0x8df5) x11 0x00000000
core   0: 0x80009370 (0x03a111b3) mulh    gp, sp, s10
core   0: 3 0x80009370 (0x03a111b3) x 3 0x00000000
core   0: 0x80009374 (0x0000ed19) c.bnez  a0, pc + 30
core   0: 3 0x80009374 (0xed19)
core   0: 0x80009392 (0x00008325) c.srli  a4, 9
core   0: 3 0x80009392 (0x8325) x14 0x00000000
core   0: 0x80009394 (0x00000001) c.nop
core   0: 3 0x80009394 (0x0001)
core   0: 0x80009396 (0x0155db93) srli    s7, a1, 21
core   0: 3 0x80009396 (0x0155db93) x23 0x00000000
core   0: 0x8000939a (0x00001384) c.addi4spn s1, sp, 480
core   0: 3 0x8000939a (0x1384) x 9 0x00000241
core   0: 0x8000939c (0x00231d13) slli    s10, t1, 2
core   0: 3 0x8000939c (0x00231d13) x26 0x16f1c000
core   0: 0x800093a0 (0x0222d863) bge     t0, sp, pc + 48
core   0: 3 0x800093a0 (0x0222d863)
core   0: 0x800093a4 (0x00008e31) c.xor   a2, a2
core   0: 3 0x800093a4 (0x8e31) x12 0x00000000
core   0: 0x800093a6 (0x00006119) c.addi16sp sp, 384
core   0: 3 0x800093a6 (0x6119) x 2 0x000001e1
core   0: 0x800093a8 (0x0000100f) fence.i
core   0: 3 0x800093a8 (0x0000100f)
core   0: 0x800093ac (0x03053333) mulhu   t1, a0, a6
core   0: 3 0x800093ac (0x03053333) x 6 0x00000009
core   0: 0x800093b0 (0x00dd6963) bltu    s10, a3, pc + 18
core   0: 3 0x800093b0 (0x00dd6963)
core   0: 0x800093b4 (0x00000001) c.nop
core   0: 3 0x800093b4 (0x0001)
core   0: 0x800093b6 (0x01e8ed63) bltu    a7, t5, pc + 26
core   0: 3 0x800093b6 (0x01e8ed63)
core   0: 0x800093ba (0x006ae633) or      a2, s5, t1
core   0: 3 0x800093ba (0x006ae633) x12 0x00000009
core   0: 0x800093be (0x020528b3) mulhsu  a7, a0, zero
core   0: 3 0x800093be (0x020528b3) x17 0x00000000
core   0: 0x800093c2 (0x0000100f) fence.i
core   0: 3 0x800093c2 (0x0000100f)
core   0: 0x800093c6 (0xcbef0c17) auipc   s8, 0xcbef0
core   0: 3 0x800093c6 (0xcbef0c17) x24 0x4bef93c6
core   0: 0x800093ca (0x02500e33) mul     t3, zero, t0
core   0: 3 0x800093ca (0x02500e33) x28 0x00000000
core   0: 0x800093ce (0x000088e9) c.andi  s1, 26
core   0: 3 0x800093ce (0x88e9) x 9 0x00000000
core   0: 0x800093d0 (0x031a94b3) mulh    s1, s5, a7
core   0: 3 0x800093d0 (0x031a94b3) x 9 0x00000000
core   0: 0x800093d4 (0x73190213) addi    tp, s2, 1841
core   0: 3 0x800093d4 (0x73190213) x 4 0x80027415
core   0: 0x800093d8 (0x41f85813) srai    a6, a6, 31
core   0: 3 0x800093d8 (0x41f85813) x16 0xffffffff
core   0: 0x800093dc (0x0339e133) rem     sp, s3, s3
core   0: 3 0x800093dc (0x0339e133) x 2 0x00000000
core   0: 0x800093e0 (0x008f1b93) slli    s7, t5, 8
core   0: 3 0x800093e0 (0x008f1b93) x23 0x00000100
core   0: 0x800093e4 (0x0192f9b3) and     s3, t0, s9
core   0: 3 0x800093e4 (0x0192f9b3) x19 0x80022e31
core   0: 0x800093e8 (0x0000927e) c.add   tp, t6
core   0: 3 0x800093e8 (0x927e) x 4 0x80027415
core   0: 0x800093ea (0xacea8eb7) lui     t4, 0xacea8
core   0: 3 0x800093ea (0xacea8eb7) x29 0xacea8000
core   0: 0x800093ee (0x0000068c) c.addi4spn a1, sp, 832
core   0: 3 0x800093ee (0x068c) x11 0x00000340
core   0: 0x800093f0 (0x022cf663) bgeu    s9, sp, pc + 44
core   0: 3 0x800093f0 (0x022cf663)
core   0: 0x8000941c (0x00368033) add     zero, a3, gp
core   0: 3 0x8000941c (0x00368033)
core   0: 0x80009420 (0x01590663) beq     s2, s5, pc + 12
core   0: 3 0x80009420 (0x01590663)
core   0: 0x80009424 (0x0328c963) blt     a7, s2, pc + 50
core   0: 3 0x80009424 (0x0328c963)
core   0: 0x80009428 (0x401054b3) sra     s1, zero, ra
core   0: 3 0x80009428 (0x401054b3) x 9 0x00000000
core   0: 0x8000942c (0x1479d237) lui     tp, 0x1479d
core   0: 3 0x8000942c (0x1479d237) x 4 0x1479d000
core   0: 0x80009430 (0x03b29133) mulh    sp, t0, s11
core   0: 3 0x80009430 (0x03b29133) x 2 0x00000000
core   0: 0x80009434 (0x0222cbb3) div     s7, t0, sp
core   0: 3 0x80009434 (0x0222cbb3) x23 0xffffffff
core   0: 0x80009438 (0x00000001) c.nop
core   0: 3 0x80009438 (0x0001)
core   0: 0x8000943a (0x022de963) bltu    s11, sp, pc + 50
core   0: 3 0x8000943a (0x022de963)
core   0: 0x8000943e (0x00008172) c.mv    sp, t3
core   0: 3 0x8000943e (0x8172) x 2 0x00000000
core   0: 0x80009440 (0x015848b3) xor     a7, a6, s5
core   0: 3 0x80009440 (0x015848b3) x17 0xffffffff
core   0: 0x80009444 (0xf694fc93) andi    s9, s1, -151
core   0: 3 0x80009444 (0xf694fc93) x25 0x00000000
core   0: 0x80009448 (0x00004249) c.li    tp, 18
core   0: 3 0x80009448 (0x4249) x 4 0x00000012
core   0: 0x8000944a (0xf365fe93) andi    t4, a1, -202
core   0: 3 0x8000944a (0xf365fe93) x29 0x00000300
core   0: 0x8000944e (0x01027613) andi    a2, tp, 16
core   0: 3 0x8000944e (0x01027613) x12 0x00000010
core   0: 0x80009452 (0x027c1fb3) mulh    t6, s8, t2
core   0: 3 0x80009452 (0x027c1fb3) x31 0x00000000
core   0: 0x80009456 (0x05d0e363) bltu    ra, t4, pc + 70
core   0: 3 0x80009456 (0x05d0e363)
core   0: 0x8000949c (0x031069b3) rem     s3, zero, a7
core   0: 3 0x8000949c (0x031069b3) x19 0x00000000
core   0: 0x800094a0 (0x16954613) xori    a2, a0, 361
core   0: 3 0x800094a0 (0x16954613) x12 0x00000163
core   0: 0x800094a4 (0x62fc8f93) addi    t6, s9, 1583
core   0: 3 0x800094a4 (0x62fc8f93) x31 0x0000062f
core   0: 0x800094a8 (0xeda2d037) lui     zero, 0xeda2d
core   0: 3 0x800094a8 (0xeda2d037)
core   0: 0x800094ac (0x039456b3) divu    a3, s0, s9
core   0: 3 0x800094ac (0x039456b3) x13 0xffffffff
core   0: 0x800094b0 (0x03117e63) bgeu    sp, a7, pc + 60
core   0: 3 0x800094b0 (0x03117e63)
core   0: 0x800094b4 (0x00d763b3) or      t2, a4, a3
core   0: 3 0x800094b4 (0x00d763b3) x 7 0xffffffff
core   0: 0x800094b8 (0x41280333) sub     t1, a6, s2
core   0: 3 0x800094b8 (0x41280333) x 6 0x7ffd931b
core   0: 0x800094bc (0x00008d85) c.sub   a1, s1
core   0: 3 0x800094bc (0x8d85) x11 0x00000340
core   0: 0x800094be (0x0e278817) auipc   a6, 0xe278
core   0: 3 0x800094be (0x0e278817) x16 0x8e2814be
core   0: 0x800094c2 (0x00008d49) c.or    a0, a0
core   0: 3 0x800094c2 (0x8d49) x10 0x0000000a
core   0: 0x800094c4 (0x00001d63) bnez    zero, pc + 26
core   0: 3 0x800094c4 (0x00001d63)
core   0: 0x800094c8 (0x000083c2) c.mv    t2, a6
core   0: 3 0x800094c8 (0x83c2) x 7 0x8e2814be
core   0: 0x800094ca (0x00008f91) c.sub   a5, a2
core   0: 3 0x800094ca (0x8f91) x15 0xfffffe9d
core   0: 0x800094cc (0x41cc5513) srai    a0, s8, 28
core   0: 3 0x800094cc (0x41cc5513) x10 0x00000004
core   0: 0x800094d0 (0x0000e899) c.bnez  s1, pc + 22
core   0: 3 0x800094d0 (0xe899)
core   0: 0x800094d2 (0x00000001) c.nop
core   0: 3 0x800094d2 (0x0001)
core   0: 0x800094d4 (0x0000717d) c.addi16sp sp, -16
core   0: 3 0x800094d4 (0x717d) x 2 0xfffffff0
core   0: 0x800094d6 (0x02e76863) bltu    a4, a4, pc + 48
core   0: 3 0x800094d6 (0x02e76863)
core   0: 0x800094da (0xcab2ec13) ori     s8, t0, -853
core   0: 3 0x800094da (0xcab2ec13) x24 0xffffffff
core   0: 0x800094de (0x007299b3) sll     s3, t0, t2
core   0: 3 0x800094de (0x007299b3) x19 0xc0000000
core   0: 0x800094e2 (0x02df8833) mul     a6, t6, a3
core   0: 3 0x800094e2 (0x02df8833) x16 0xfffff9d1
core   0: 0x800094e6 (0x00009866) c.add   a6, s9
core   0: 3 0x800094e6 (0x9866) x16 0xfffff9d1
core   0: 0x800094e8 (0x01cf62b3) or      t0, t5, t3
core   0: 3 0x800094e8 (0x01cf62b3) x 5 0x00000001
core   0: 0x800094ec (0x1d94f193) andi    gp, s1, 473
core   0: 3 0x800094ec (0x1d94f193) x 3 0x00000000
core   0: 0x800094f0 (0xb8e40c93) addi    s9, s0, -1138
core   0: 3 0x800094f0 (0xb8e40c93) x25 0xfffffb8e
core   0: 0x800094f4 (0x00000d42) c.slli  s10, 16
core   0: 3 0x800094f4 (0x0d42) x26 0xc0000000
core   0: 0x800094f6 (0x01e9d863) bge     s3, t5, pc + 16
core   0: 3 0x800094f6 (0x01e9d863)
core   0: 0x800094fa (0x01b5a0b3) slt     ra, a1, s11
core   0: 3 0x800094fa (0x01b5a0b3) x 1 0x00000000
core   0: 0x800094fe (0x0000100f) fence.i
core   0: 3 0x800094fe (0x0000100f)
core   0: 0x80009502 (0x0232c0b3) div     ra, t0, gp
core   0: 3 0x80009502 (0x0232c0b3) x 1 0xffffffff
core   0: 0x80009506 (0x0000117d) c.addi  sp, -1
core   0: 3 0x80009506 (0x117d) x 2 0xffffffef
core   0: 0x80009508 (0x008c2d33) slt     s10, s8, s0
core   0: 3 0x80009508 (0x008c2d33) x26 0x00000001
core   0: 0x8000950c (0x0000cb11) c.beqz  a4, pc + 20
core   0: 3 0x8000950c (0xcb11)
core   0: 0x80009520 (0x0207ab33) mulhsu  s6, a5, zero
core   0: 3 0x80009520 (0x0207ab33) x22 0x00000000
core   0: 0x80009524 (0x00000001) c.nop
core   0: 3 0x80009524 (0x0001)
core   0: 0x80009526 (0x0ff0000f) fence   iorw,iorw
core   0: 3 0x80009526 (0x0ff0000f)
core   0: 0x8000952a (0x41495c13) srai    s8, s2, 20
core   0: 3 0x8000952a (0x41495c13) x24 0xfffff800
core   0: 0x8000952e (0x013c9033) sll     zero, s9, s3
core   0: 3 0x8000952e (0x013c9033)
core   0: 0x80009532 (0x7eeccf13) xori    t5, s9, 2030
core   0: 3 0x80009532 (0x7eeccf13) x30 0xfffffc60
core   0: 0x80009536 (0x0ff0000f) fence   iorw,iorw
core   0: 3 0x80009536 (0x0ff0000f)
core   0: 0x8000953a (0x00006e71) c.lui   t3, 0x1c
core   0: 3 0x8000953a (0x6e71) x28 0x0001c000
core   0: 0x8000953c (0x412ed993) srai    s3, t4, 18
core   0: 3 0x8000953c (0x412ed993) x19 0x00000000
core   0: 0x80009540 (0x00009a7d) c.andi  a2, -1
core   0: 3 0x80009540 (0x9a7d) x12 0x00000163
core   0: 0x80009542 (0x038a57b3) divu    a5, s4, s8
core   0: 3 0x80009542 (0x038a57b3) x15 0x00000000
core   0: 0x80009546 (0xa14ea013) slti    zero, t4, -1516
core   0: 3 0x80009546 (0xa14ea013)
core   0: 0x8000954a (0x00008e45) c.or    a2, s1
core   0: 3 0x8000954a (0x8e45) x12 0x00000163
core   0: 0x8000954c (0x036e43b3) div     t2, t3, s6
core   0: 3 0x8000954c (0x036e43b3) x 7 0xffffffff
core   0: 0x80009550 (0x00996fb3) or      t6, s2, s1
core   0: 3 0x80009550 (0x00996fb3) x31 0x80026ce4
core   0: 0x80009554 (0x00006a61) c.lui   s4, 0x18
core   0: 3 0x80009554 (0x6a61) x20 0x00018000
core   0: 0x80009556 (0x405b5fb3) sra     t6, s6, t0
core   0: 3 0x80009556 (0x405b5fb3) x31 0x00000000
core   0: 0x8000955a (0x000088ad) c.andi  s1, 11
core   0: 3 0x8000955a (0x88ad) x 9 0x00000000
core   0: 0x8000955c (0x00009b6a) c.add   s6, s10
core   0: 3 0x8000955c (0x9b6a) x22 0x00000001
core   0: 0x8000955e (0x0000100f) fence.i
core   0: 3 0x8000955e (0x0000100f)
core   0: 0x80009562 (0x01bdd113) srli    sp, s11, 27
core   0: 3 0x80009562 (0x01bdd113) x 2 0x00000010
core   0: 0x80009566 (0x000a3eb3) sltu    t4, s4, zero
core   0: 3 0x80009566 (0x000a3eb3) x29 0x00000000
core   0: 0x8000956a (0x00000001) c.nop
core   0: 3 0x8000956a (0x0001)
core   0: 0x8000956c (0x40d857b3) sra     a5, a6, a3
core   0: 3 0x8000956c (0x40d857b3) x15 0xffffffff
core   0: 0x80009570 (0x00009f12) c.add   t5, tp
core   0: 3 0x80009570 (0x9f12) x30 0xfffffc72
core   0: 0x80009572 (0x5426e813) ori     a6, a3, 1346
core   0: 3 0x80009572 (0x5426e813) x16 0xffffffff
core   0: 0x80009576 (0x0001e563) bltu    gp, zero, pc + 10
core   0: 3 0x80009576 (0x0001e563)
core   0: 0x8000957a (0x0000c31d) c.beqz  a4, pc + 38
core   0: 3 0x8000957a (0xc31d)
core   0: 0x800095a0 (0x00bcd313) srli    t1, s9, 11
core   0: 3 0x800095a0 (0x00bcd313) x 6 0x001fffff
core   0: 0x800095a4 (0x00008d61) c.and   a0, s0
core   0: 3 0x800095a4 (0x8d61) x10 0x00000000
core   0: 0x800095a6 (0x00000001) c.nop
core   0: 3 0x800095a6 (0x0001)
core   0: 0x800095a8 (0x012ffc33) and     s8, t6, s2
core   0: 3 0x800095a8 (0x012ffc33) x24 0x00000000
core   0: 0x800095ac (0x01bdfa33) and     s4, s11, s11
core   0: 3 0x800095ac (0x01bdfa33) x20 0x80022e30
core   0: 0x800095b0 (0x00008d7d) c.and   a0, a5
core   0: 3 0x800095b0 (0x8d7d) x10 0x00000000
core   0: 0x800095b2 (0x030d72b3) remu    t0, s10, a6
core   0: 3 0x800095b2 (0x030d72b3) x 5 0x00000001
core   0: 0x800095b6 (0x0379bcb3) mulhu   s9, s3, s7
core   0: 3 0x800095b6 (0x0379bcb3) x25 0x00000000
core   0: 0x800095ba (0x7654b393) sltiu   t2, s1, 1893
core   0: 3 0x800095ba (0x7654b393) x 7 0x00000001
core   0: 0x800095be (0x00008ffd) c.and   a5, a5
core   0: 3 0x800095be (0x8ffd) x15 0xffffffff
core   0: 0x800095c0 (0x026d7563) bgeu    s10, t1, pc + 42
core   0: 3 0x800095c0 (0x026d7563)
core   0: 0x800095c4 (0x000081ad) c.srli  a1, 11
core   0: 3 0x800095c4 (0x81ad) x11 0x00000000
core   0: 0x800095c6 (0x02cf79b3) remu    s3, t5, a2
core   0: 3 0x800095c6 (0x02cf79b3) x19 0x00000132
core   0: 0x800095ca (0x00009bda) c.add   s7, s6
core   0: 3 0x800095ca (0x9bda) x23 0x00000000
core   0: 0x800095cc (0x00009fea) c.add   t6, s10
core   0: 3 0x800095cc (0x9fea) x31 0x00000001
core   0: 0x800095ce (0x5be0e313) ori     t1, ra, 1470
core   0: 3 0x800095ce (0x5be0e313) x 6 0xffffffff
core   0: 0x800095d2 (0x0000717d) c.addi16sp sp, -16
core   0: 3 0x800095d2 (0x717d) x 2 0x00000000
core   0: 0x800095d4 (0x01c36b63) bltu    t1, t3, pc + 22
core   0: 3 0x800095d4 (0x01c36b63)
core   0: 0x800095d8 (0x00000001) c.nop
core   0: 3 0x800095d8 (0x0001)
core   0: 0x800095da (0x4ded0d17) auipc   s10, 0x4ded0
core   0: 3 0x800095da (0x4ded0d17) x26 0xcded95da
core   0: 0x800095de (0x00008eb9) c.xor   a3, a4
core   0: 3 0x800095de (0x8eb9) x13 0xffffffff
core   0: 0x800095e0 (0x0329ef63) bltu    s3, s2, pc + 62
core   0: 3 0x800095e0 (0x0329ef63)
core   0: 0x8000961e (0x3e1f3793) sltiu   a5, t5, 993
core   0: 3 0x8000961e (0x3e1f3793) x15 0x00000000
core   0: 0x80009622 (0x008efa63) bgeu    t4, s0, pc + 20
core   0: 3 0x80009622 (0x008efa63)
core   0: 0x80009636 (0x03310633) mul     a2, sp, s3
core   0: 3 0x80009636 (0x03310633) x12 0x00000000
core   0: 0x8000963a (0x0000959e) c.add   a1, t2
core   0: 3 0x8000963a (0x959e) x11 0x00000001
core   0: 0x8000963c (0x00008f8d) c.sub   a5, a1
core   0: 3 0x8000963c (0x8f8d) x15 0xffffffff
core   0: 0x8000963e (0x00fef633) and     a2, t4, a5
core   0: 3 0x8000963e (0x00fef633) x12 0x00000000
core   0: 0x80009642 (0x00008cdd) c.or    s1, a5
core   0: 3 0x80009642 (0x8cdd) x 9 0xffffffff
core   0: 0x80009644 (0xbdcace93) xori    t4, s5, -1060
core   0: 3 0x80009644 (0xbdcace93) x29 0xfffffbdc
core   0: 0x80009648 (0x00001c7d) c.addi  s8, -1
core   0: 3 0x80009648 (0x1c7d) x24 0xffffffff
core   0: 0x8000964a (0x50d86f13) ori     t5, a6, 1293
core   0: 3 0x8000964a (0x50d86f13) x30 0xffffffff
core   0: 0x8000964e (0x012ac563) blt     s5, s2, pc + 10
core   0: 3 0x8000964e (0x012ac563)
core   0: 0x80009652 (0x0000717d) c.addi16sp sp, -16
core   0: 3 0x80009652 (0x717d) x 2 0xfffffff0
core   0: 0x80009654 (0x02fb10b3) mulh    ra, s6, a5
core   0: 3 0x80009654 (0x02fb10b3) x 1 0xffffffff
core   0: 0x80009658 (0x00004509) c.li    a0, 2
core   0: 3 0x80009658 (0x4509) x10 0x00000002
core   0: 0x8000965a (0x00000001) c.nop
core   0: 3 0x8000965a (0x0001)
core   0: 0x8000965c (0x000081d6) c.mv    gp, s5
core   0: 3 0x8000965c (0x81d6) x 3 0x00000000
core   0: 0x8000965e (0x03646d33) rem     s10, s0, s6
core   0: 3 0x8000965e (0x03646d33) x26 0x00000000
core   0: 0x80009662 (0x014b6533) or      a0, s6, s4
core   0: 3 0x80009662 (0x014b6533) x10 0x80022e31
core   0: 0x80009666 (0x009e1313) slli    t1, t3, 9
core   0: 3 0x80009666 (0x009e1313) x 6 0x03800000
core   0: 0x8000966a (0x00009aaa) c.add   s5, a0
core   0: 3 0x8000966a (0x9aaa) x21 0x80022e31
core   0: 0x8000966c (0x00006c19) c.lui   s8, 0x6
core   0: 3 0x8000966c (0x6c19) x24 0x00006000
core   0: 0x8000966e (0x403ed013) srai    zero, t4, 3
core   0: 3 0x8000966e (0x403ed013)
core   0: 0x80009672 (0x02997e63) bgeu    s2, s1, pc + 60
core   0: 3 0x80009672 (0x02997e63)
core   0: 0x80009676 (0x00fedcb3) srl     s9, t4, a5
core   0: 3 0x80009676 (0x00fedcb3) x25 0x00000001
core   0: 0x8000967a (0x0000157d) c.addi  a0, -1
core   0: 3 0x8000967a (0x157d) x10 0x80022e30
core   0: 0x8000967c (0x00cf9d63) bne     t6, a2, pc + 26
core   0: 3 0x8000967c (0x00cf9d63)
core   0: 0x80009696 (0x00da5b13) srli    s6, s4, 13
core   0: 3 0x80009696 (0x00da5b13) x22 0x00040011
core   0: 0x8000969a (0x02ccc0b3) div     ra, s9, a2
core   0: 3 0x8000969a (0x02ccc0b3) x 1 0xffffffff
core   0: 0x8000969e (0x00001408) c.addi4spn a0, sp, 544
core   0: 3 0x8000969e (0x1408) x10 0x00000210
core   0: 0x800096a0 (0x8c7f6d13) ori     s10, t5, -1849
core   0: 3 0x800096a0 (0x8c7f6d13) x26 0xffffffff
core   0: 0x800096a4 (0x00009a1e) c.add   s4, t2
core   0: 3 0x800096a4 (0x9a1e) x20 0x80022e31
core   0: 0x800096a6 (0x6e9f0313) addi    t1, t5, 1769
core   0: 3 0x800096a6 (0x6e9f0313) x 6 0x000006e8
core   0: 0x800096aa (0x00008de1) c.and   a1, s0
core   0: 3 0x800096aa (0x8de1) x11 0x00000000
core   0: 0x800096ac (0x00009a7d) c.andi  a2, -1
core   0: 3 0x800096ac (0x9a7d) x12 0x00000000
core   0: 0x800096ae (0x015a9493) slli    s1, s5, 21
core   0: 3 0x800096ae (0x015a9493) x 9 0xc6200000
core   0: 0x800096b2 (0x95606393) ori     t2, zero, -1706
core   0: 3 0x800096b2 (0x95606393) x 7 0xfffff956
core   0: 0x800096b6 (0x0287ffb3) remu    t6, a5, s0
core   0: 3 0x800096b6 (0x0287ffb3) x31 0xffffffff
core   0: 0x800096ba (0x03b8a3b3) mulhsu  t2, a7, s11
core   0: 3 0x800096ba (0x03b8a3b3) x 7 0xffffffff
core   0: 0x800096be (0x0000717d) c.addi16sp sp, -16
core   0: 3 0x800096be (0x717d) x 2 0xffffffe0
core   0: 0x800096c0 (0x0005a6b3) slt     a3, a1, zero
core   0: 3 0x800096c0 (0x0005a6b3) x13 0x00000000
core   0: 0x800096c4 (0x00000e94) c.addi4spn a3, sp, 848
core   0: 3 0x800096c4 (0x0e94) x13 0x00000330
core   0: 0x800096c6 (0xf8f92f93) slti    t6, s2, -113
core   0: 3 0x800096c6 (0xf8f92f93) x31 0x00000001
core   0: 0x800096ca (0x007fc263) blt     t6, t2, pc + 4
core   0: 3 0x800096ca (0x007fc263)
core   0: 0x800096ce (0x0000074a) c.slli  a4, 18
core   0: 3 0x800096ce (0x074a) x14 0x00000000
core   0: 0x800096d0 (0x510fbe93) sltiu   t4, t6, 1296
core   0: 3 0x800096d0 (0x510fbe93) x29 0x00000001
core   0: 0x800096d4 (0x0000e891) c.bnez  s1, pc + 20
core   0: 3 0x800096d4 (0xe891)
core   0: 0x800096e8 (0xafaf2f13) slti    t5, t5, -1286
core   0: 3 0x800096e8 (0xafaf2f13) x30 0x00000000
core   0: 0x800096ec (0x018b1c33) sll     s8, s6, s8
core   0: 3 0x800096ec (0x018b1c33) x24 0x00040011
core   0: 0x800096f0 (0x0ff0000f) fence   iorw,iorw
core   0: 3 0x800096f0 (0x0ff0000f)
core   0: 0x800096f4 (0x005c0d63) beq     s8, t0, pc + 26
core   0: 3 0x800096f4 (0x005c0d63)
core   0: 0x800096f8 (0x03fa66b3) rem     a3, s4, t6
core   0: 3 0x800096f8 (0x03fa66b3) x13 0x00000000
core   0: 0x800096fc (0x409204b3) sub     s1, tp, s1
core   0: 3 0x800096fc (0x409204b3) x 9 0x39e00012
core   0: 0x80009700 (0x0000100f) fence.i
core   0: 3 0x80009700 (0x0000100f)
core   0: 0x80009704 (0x0ff0000f) fence   iorw,iorw
core   0: 3 0x80009704 (0x0ff0000f)
core   0: 0x80009708 (0x000055fd) c.li    a1, -1
core   0: 3 0x80009708 (0x55fd) x11 0xffffffff
core   0: 0x8000970a (0x021fc833) div     a6, t6, ra
core   0: 3 0x8000970a (0x021fc833) x16 0xffffffff
core   0: 0x8000970e (0x033a4e33) div     t3, s4, s3
core   0: 3 0x8000970e (0x033a4e33) x28 0xff94ec13
core   0: 0x80009712 (0x035ec7b3) div     a5, t4, s5
core   0: 3 0x80009712 (0x035ec7b3) x15 0x00000000
core   0: 0x80009716 (0x0000c58d) c.beqz  a1, pc + 42
core   0: 3 0x80009716 (0xc58d)
core   0: 0x80009718 (0x000001d9) c.addi  gp, 22
core   0: 3 0x80009718 (0x01d9) x 3 0x00000016
core   0: 0x8000971a (0x01064fb3) xor     t6, a2, a6
core   0: 3 0x8000971a (0x01064fb3) x31 0xffffffff
core   0: 0x8000971e (0x00e37663) bgeu    t1, a4, pc + 12
core   0: 3 0x8000971e (0x00e37663)
core   0: 0x8000972a (0x0ff0000f) fence   iorw,iorw
core   0: 3 0x8000972a (0x0ff0000f)
core   0: 0x8000972e (0x00000001) c.nop
core   0: 3 0x8000972e (0x0001)
core   0: 0x80009730 (0x014f33b3) sltu    t2, t5, s4
core   0: 3 0x80009730 (0x014f33b3) x 7 0x00000001
core   0: 0x80009734 (0x00008e29) c.xor   a2, a0
core   0: 3 0x80009734 (0x8e29) x12 0x00000210
core   0: 0x80009736 (0x000089b9) c.andi  a1, 14
core   0: 3 0x80009736 (0x89b9) x11 0x0000000e
core   0: 0x80009738 (0x0071b033) sltu    zero, gp, t2
core   0: 3 0x80009738 (0x0071b033)
core   0: 0x8000973c (0x028a7fb3) remu    t6, s4, s0
core   0: 3 0x8000973c (0x028a7fb3) x31 0x80022e31
core   0: 0x80009740 (0x00008cd5) c.or    s1, a3
core   0: 3 0x80009740 (0x8cd5) x 9 0x39e00012
core   0: 0x80009742 (0x003e59b3) srl     s3, t3, gp
core   0: 3 0x80009742 (0x003e59b3) x19 0x000003fe
core   0: 0x80009746 (0x00005b7d) c.li    s6, -1
core   0: 3 0x80009746 (0x5b7d) x22 0xffffffff
core   0: 0x80009748 (0x0316eb33) rem     s6, a3, a7
core   0: 3 0x80009748 (0x0316eb33) x22 0x00000000
core   0: 0x8000974c (0x40e6d893) srai    a7, a3, 14
core   0: 3 0x8000974c (0x40e6d893) x17 0x00000000
core   0: 0x80009750 (0x00000001) c.nop
core   0: 3 0x80009750 (0x0001)
core   0: 0x80009752 (0x401204b3) sub     s1, tp, ra
core   0: 3 0x80009752 (0x401204b3) x 9 0x00000013
core   0: 0x80009756 (0x41055c33) sra     s8, a0, a6
core   0: 3 0x80009756 (0x41055c33) x24 0x00000000
core   0: 0x8000975a (0x00000106) c.slli  sp, 1
core   0: 3 0x8000975a (0x0106) x 2 0xffffffc0
core   0: 0x8000975c (0x019860b3) or      ra, a6, s9
core   0: 3 0x8000975c (0x019860b3) x 1 0xffffffff
core   0: 0x80009760 (0x017ef733) and     a4, t4, s7
core   0: 3 0x80009760 (0x017ef733) x14 0x00000000
core   0: 0x80009764 (0x010479b3) and     s3, s0, a6
core   0: 3 0x80009764 (0x010479b3) x19 0x00000000
core   0: 0x80009768 (0x011d8233) add     tp, s11, a7
core   0: 3 0x80009768 (0x011d8233) x 4 0x80022e30
core   0: 0x8000976c (0x03fa19b3) mulh    s3, s4, t6
core   0: 3 0x8000976c (0x03fa19b3) x19 0x3ffdd1d3
core   0: 0x80009770 (0x0000936e) c.add   t1, s11
core   0: 3 0x80009770 (0x936e) x 6 0x80023518
core   0: 0x80009772 (0x012ed633) srl     a2, t4, s2
core   0: 3 0x80009772 (0x012ed633) x12 0x00000000
core   0: 0x80009776 (0x014b6a63) bltu    s6, s4, pc + 20
core   0: 3 0x80009776 (0x014b6a63)
core   0: 0x8000978a (0x7a563693) sltiu   a3, a2, 1957
core   0: 3 0x8000978a (0x7a563693) x13 0x00000001
core   0: 0x8000978e (0x00006151) c.addi16sp sp, 272
core   0: 3 0x8000978e (0x6151) x 2 0x000000d0
core   0: 0x80009790 (0xecd6c013) xori    zero, a3, -307
core   0: 3 0x80009790 (0xecd6c013)
core   0: 0x80009794 (0x00ff9fb3) sll     t6, t6, a5
core   0: 3 0x80009794 (0x00ff9fb3) x31 0x80022e31
core   0: 0x80009798 (0x0145b333) sltu    t1, a1, s4
core   0: 3 0x80009798 (0x0145b333) x 6 0x00000001
core   0: 0x8000979c (0xeea5d837) lui     a6, 0xeea5d
core   0: 3 0x8000979c (0xeea5d837) x16 0xeea5d000
core   0: 0x800097a0 (0x00000001) c.nop
core   0: 3 0x800097a0 (0x0001)
core   0: 0x800097a2 (0x01876733) or      a4, a4, s8
core   0: 3 0x800097a2 (0x01876733) x14 0x00000000
core   0: 0x800097a6 (0x0000100f) fence.i
core   0: 3 0x800097a6 (0x0000100f)
core   0: 0x800097aa (0x05e8d063) bge     a7, t5, pc + 64
core   0: 3 0x800097aa (0x05e8d063)
core   0: 0x800097ea (0x01ee7cb3) and     s9, t3, t5
core   0: 3 0x800097ea (0x01ee7cb3) x25 0x00000000
core   0: 0x800097ee (0x0000167d) c.addi  a2, -1
core   0: 3 0x800097ee (0x167d) x12 0xffffffff
core   0: 0x800097f0 (0x011c54b3) srl     s1, s8, a7
core   0: 3 0x800097f0 (0x011c54b3) x 9 0x00000000
core   0: 0x800097f4 (0x000099fd) c.andi  a1, -1
core   0: 3 0x800097f4 (0x99fd) x11 0x0000000e
core   0: 0x800097f6 (0x00000001) c.nop
core   0: 3 0x800097f6 (0x0001)
core   0: 0x800097f8 (0x029f36b3) mulhu   a3, t5, s1
core   0: 3 0x800097f8 (0x029f36b3) x13 0x00000000
core   0: 0x800097fc (0x00f527b3) slt     a5, a0, a5
core   0: 3 0x800097fc (0x00f527b3) x15 0x00000000
core   0: 0x80009800 (0x005d5713) srli    a4, s10, 5
core   0: 3 0x80009800 (0x005d5713) x14 0x07ffffff
core   0: 0x80009804 (0x03490863) beq     s2, s4, pc + 48
core   0: 3 0x80009804 (0x03490863)
core   0: 0x80009808 (0x00008fe9) c.and   a5, a0
core   0: 3 0x80009808 (0x8fe9) x15 0x00000000
core   0: 0x8000980a (0x00000001) c.nop
core   0: 3 0x8000980a (0x0001)
core   0: 0x8000980c (0x01a95d13) srli    s10, s2, 26
core   0: 3 0x8000980c (0x01a95d13) x26 0x00000020
core   0: 0x80009810 (0x411a54b3) sra     s1, s4, a7
core   0: 3 0x80009810 (0x411a54b3) x 9 0x80022e31
core   0: 0x80009814 (0x1a03ae37) lui     t3, 0x1a03a
core   0: 3 0x80009814 (0x1a03ae37) x28 0x1a03a000
core   0: 0x80009818 (0x0000e715) c.bnez  a4, pc + 44
core   0: 3 0x80009818 (0xe715)
core   0: 0x80009844 (0x03ae5f33) divu    t5, t3, s10
core   0: 3 0x80009844 (0x03ae5f33) x30 0x00d01d00
core   0: 0x80009848 (0x32360d13) addi    s10, a2, 803
core   0: 3 0x80009848 (0x32360d13) x26 0x00000322
core   0: 0x8000984c (0x02b37e33) remu    t3, t1, a1
core   0: 3 0x8000984c (0x02b37e33) x28 0x00000001
core   0: 0x80009850 (0x00000001) c.nop
core   0: 3 0x80009850 (0x0001)
core   0: 0x80009852 (0x9b4c3613) sltiu   a2, s8, -1612
core   0: 3 0x80009852 (0x9b4c3613) x12 0x00000001
core   0: 0x80009856 (0x00000001) c.nop
core   0: 3 0x80009856 (0x0001)
core   0: 0x80009858 (0x02472e33) mulhsu  t3, a4, tp
core   0: 3 0x80009858 (0x02472e33) x28 0x04001170
core   0: 0x8000985c (0x627c7c93) andi    s9, s8, 1575
core   0: 3 0x8000985c (0x627c7c93) x25 0x00000000
core   0: 0x80009860 (0x0014f963) bgeu    s1, ra, pc + 18
core   0: 3 0x80009860 (0x0014f963)
core   0: 0x80009864 (0xee727713) andi    a4, tp, -281
core   0: 3 0x80009864 (0xee727713) x14 0x80022e20
core   0: 0x80009868 (0x0000613d) c.addi16sp sp, 480
core   0: 3 0x80009868 (0x613d) x 2 0x000002b0
core   0: 0x8000986a (0x00378b63) beq     a5, gp, pc + 22
core   0: 3 0x8000986a (0x00378b63)
core   0: 0x8000986e (0x01fa4463) blt     s4, t6, pc + 8
core   0: 3 0x8000986e (0x01fa4463)
core   0: 0x80009872 (0x00000088) c.addi4spn a0, sp, 64
core   0: 3 0x80009872 (0x0088) x10 0x000002f0
core   0: 0x80009874 (0x00006fd5) c.lui   t6, 0x15
core   0: 3 0x80009874 (0x6fd5) x31 0x00015000
core   0: 0x80009876 (0x0000011e) c.slli  sp, 7
core   0: 3 0x80009876 (0x011e) x 2 0x00015800
core   0: 0x80009878 (0x00d04e63) blt     zero, a3, pc + 28
core   0: 3 0x80009878 (0x00d04e63)
core   0: 0x8000987c (0x011dc633) xor     a2, s11, a7
core   0: 3 0x8000987c (0x011dc633) x12 0x80022e30
core   0: 0x80009880 (0x000090ea) c.add   ra, s10
core   0: 3 0x80009880 (0x90ea) x 1 0x00000321
core   0: 0x80009882 (0x0000997d) c.andi  a0, -1
core   0: 3 0x80009882 (0x997d) x10 0x000002f0
core   0: 0x80009884 (0x04df76b7) lui     a3, 0x4df7
core   0: 3 0x80009884 (0x04df76b7) x13 0x04df7000
core   0: 0x80009888 (0x02d64063) blt     a2, a3, pc + 32
core   0: 3 0x80009888 (0x02d64063)
core   0: 0x800098a8 (0x0305d9b3) divu    s3, a1, a6
core   0: 3 0x800098a8 (0x0305d9b3) x19 0x00000000
core   0: 0x800098ac (0x0000e601) c.bnez  a2, pc + 8
core   0: 3 0x800098ac (0xe601)
core   0: 0x800098b4 (0x00369963) bne     a3, gp, pc + 18
core   0: 3 0x800098b4 (0x00369963)
core   0: 0x800098c6 (0x05539163) bne     t2, s5, pc + 66
core   0: 3 0x800098c6 (0x05539163)
core   0: 0x80009908 (0x0000717d) c.addi16sp sp, -16
core   0: 3 0x80009908 (0x717d) x 2 0x000157f0
core   0: 0x8000990a (0x00951813) slli    a6, a0, 9
core   0: 3 0x8000990a (0x00951813) x16 0x0005e000
core   0: 0x8000990e (0x03f35333) divu    t1, t1, t6
core   0: 3 0x8000990e (0x03f35333) x 6 0x00000000
core   0: 0x80009912 (0x02343bb3) mulhu   s7, s0, gp
core   0: 3 0x80009912 (0x02343bb3) x23 0x00000000
core   0: 0x80009916 (0x00008671) c.srai  a2, 28
core   0: 3 0x80009916 (0x8671) x12 0xfffffff8
core   0: 0x80009918 (0x0383cfb3) div     t6, t2, s8
core   0: 3 0x80009918 (0x0383cfb3) x31 0xffffffff
core   0: 0x8000991c (0x01ad0a63) beq     s10, s10, pc + 20
core   0: 3 0x8000991c (0x01ad0a63)
core   0: 0x80009930 (0x002ab833) sltu    a6, s5, sp
core   0: 3 0x80009930 (0x002ab833) x16 0x00000000
core   0: 0x80009934 (0x00d099b3) sll     s3, ra, a3
core   0: 3 0x80009934 (0x00d099b3) x19 0x00000321
core   0: 0x80009938 (0x01b90863) beq     s2, s11, pc + 16
core   0: 3 0x80009938 (0x01b90863)
core   0: 0x8000993c (0x40305813) srai    a6, zero, 3
core   0: 3 0x8000993c (0x40305813) x16 0x00000000
core   0: 0x80009940 (0x00a5fe63) bgeu    a1, a0, pc + 28
core   0: 3 0x80009940 (0x00a5fe63)
core   0: 0x80009944 (0x03bec733) div     a4, t4, s11
core   0: 3 0x80009944 (0x03bec733) x14 0x00000000
core   0: 0x80009948 (0x00008dfd) c.and   a1, a5
core   0: 3 0x80009948 (0x8dfd) x11 0x00000000
core   0: 0x8000994a (0x000082a1) c.srli  a3, 8
core   0: 3 0x8000994a (0x82a1) x13 0x0004df70
core   0: 0x8000994c (0x00008ca9) c.xor   s1, a0
core   0: 3 0x8000994c (0x8ca9) x 9 0x80022cc1
core   0: 0x8000994e (0x03e58733) mul     a4, a1, t5
core   0: 3 0x8000994e (0x03e58733) x14 0x00000000
core   0: 0x80009952 (0x0000812e) c.mv    sp, a1
core   0: 3 0x80009952 (0x812e) x 2 0x00000000
core   0: 0x80009954 (0x030bd2b3) divu    t0, s7, a6
core   0: 3 0x80009954 (0x030bd2b3) x 5 0xffffffff
core   0: 0x80009958 (0x02cf53b3) divu    t2, t5, a2
core   0: 3 0x80009958 (0x02cf53b3) x 7 0x00000000
core   0: 0x8000995c (0x00ed0f33) add     t5, s10, a4
core   0: 3 0x8000995c (0x00ed0f33) x30 0x00000322
core   0: 0x80009960 (0x039f0a33) mul     s4, t5, s9
core   0: 3 0x80009960 (0x039f0a33) x20 0x00000000
core   0: 0x80009964 (0x416f81b3) sub     gp, t6, s6
core   0: 3 0x80009964 (0x416f81b3) x 3 0xffffffff
core   0: 0x80009968 (0x01e207b3) add     a5, tp, t5
core   0: 3 0x80009968 (0x01e207b3) x15 0x80023152
core   0: 0x8000996c (0x03f65cb3) divu    s9, a2, t6
core   0: 3 0x8000996c (0x03f65cb3) x25 0x00000000
core   0: 0x80009970 (0x4153d393) srai    t2, t2, 21
core   0: 3 0x80009970 (0x4153d393) x 7 0x00000000
core   0: 0x80009974 (0x00fc3633) sltu    a2, s8, a5
core   0: 3 0x80009974 (0x00fc3633) x12 0x00000001
core   0: 0x80009978 (0x00dca533) slt     a0, s9, a3
core   0: 3 0x80009978 (0x00dca533) x10 0x00000001
core   0: 0x8000997c (0x02a56533) rem     a0, a0, a0
core   0: 3 0x8000997c (0x02a56533) x10 0x00000000
core   0: 0x80009980 (0x01269cb3) sll     s9, a3, s2
core   0: 3 0x80009980 (0x01269cb3) x25 0x004df700
core   0: 0x80009984 (0x03ccf633) remu    a2, s9, t3
core   0: 3 0x80009984 (0x03ccf633) x12 0x004df700
core   0: 0x80009988 (0x0000853a) c.mv    a0, a4
core   0: 3 0x80009988 (0x853a) x10 0x00000000
core   0: 0x8000998a (0x00001f94) c.addi4spn a3, sp, 1008
core   0: 3 0x8000998a (0x1f94) x13 0x000003f0
core   0: 0x8000998c (0x9d2f7e13) andi    t3, t5, -1582
core   0: 3 0x8000998c (0x9d2f7e13) x28 0x00000102
core   0: 0x80009990 (0x0000188c) c.addi4spn a1, sp, 112
core   0: 3 0x80009990 (0x188c) x11 0x00000070
core   0: 0x80009992 (0x02934463) blt     t1, s1, pc + 40
core   0: 3 0x80009992 (0x02934463)
core   0: 0x80009996 (0x0000c899) c.beqz  s1, pc + 22
core   0: 3 0x80009996 (0xc899)
core   0: 0x80009998 (0x00000001) c.nop
core   0: 3 0x80009998 (0x0001)
core   0: 0x8000999a (0x048af063) bgeu    s5, s0, pc + 64
core   0: 3 0x8000999a (0x048af063)
core   0: 0x800099da (0x00006089) c.lui   ra, 0x2
core   0: 3 0x800099da (0x6089) x 1 0x00002000
core   0: 0x800099dc (0x960c2693) slti    a3, s8, -1696
core   0: 3 0x800099dc (0x960c2693) x13 0x00000000
core   0: 0x800099e0 (0x00006109) c.addi16sp sp, 128
core   0: 3 0x800099e0 (0x6109) x 2 0x00000080
core   0: 0x800099e2 (0x01b3c9b3) xor     s3, t2, s11
core   0: 3 0x800099e2 (0x01b3c9b3) x19 0x80022e30
core   0: 0x800099e6 (0x03c1fb33) remu    s6, gp, t3
core   0: 3 0x800099e6 (0x03c1fb33) x22 0x0000000f
core   0: 0x800099ea (0x00675bb3) srl     s7, a4, t1
core   0: 3 0x800099ea (0x00675bb3) x23 0x00000000
core   0: 0x800099ee (0x02349eb3) mulh    t4, s1, gp
core   0: 3 0x800099ee (0x02349eb3) x29 0x00000000
core   0: 0x800099f2 (0x0000997d) c.andi  a0, -1
core   0: 3 0x800099f2 (0x997d) x10 0x00000000
core   0: 0x800099f4 (0x03f30663) beq     t1, t6, pc + 44
core   0: 3 0x800099f4 (0x03f30663)
core   0: 0x800099f8 (0x00008d75) c.and   a0, a3
core   0: 3 0x800099f8 (0x8d75) x10 0x00000000
core   0: 0x800099fa (0x00008d45) c.or    a0, s1
core   0: 3 0x800099fa (0x8d45) x10 0x80022cc1
core   0: 0x800099fc (0x02e14a33) div     s4, sp, a4
core   0: 3 0x800099fc (0x02e14a33) x20 0xffffffff
core   0: 0x80009a00 (0x010b31b3) sltu    gp, s6, a6
core   0: 3 0x80009a00 (0x010b31b3) x 3 0x00000000
core   0: 0x80009a04 (0x00008ef5) c.and   a3, a3
core   0: 3 0x80009a04 (0x8ef5) x13 0x00000000
core   0: 0x80009a06 (0x01b224b3) slt     s1, tp, s11
core   0: 3 0x80009a06 (0x01b224b3) x 9 0x00000000
core   0: 0x80009a0a (0x03cf65b3) rem     a1, t5, t3
core   0: 3 0x80009a0a (0x03cf65b3) x11 0x0000001c
core   0: 0x80009a0e (0x00008d85) c.sub   a1, s1
core   0: 3 0x80009a0e (0x8d85) x11 0x0000001c
core   0: 0x80009a10 (0xb890f893) andi    a7, ra, -1143
core   0: 3 0x80009a10 (0xb890f893) x17 0x00002000
core   0: 0x80009a14 (0x0000100f) fence.i
core   0: 3 0x80009a14 (0x0000100f)
core   0: 0x80009a18 (0x0000c109) c.beqz  a0, pc + 2
core   0: 3 0x80009a18 (0xc109)
core   0: 0x80009a1a (0x0000c71d) c.beqz  a4, pc + 46
core   0: 3 0x80009a1a (0xc71d)
core   0: 0x80009a48 (0x00008d65) c.and   a0, s1
core   0: 3 0x80009a48 (0x8d65) x10 0x00000000
core   0: 0x80009a4a (0x4044d713) srai    a4, s1, 4
core   0: 3 0x80009a4a (0x4044d713) x14 0x00000000
core   0: 0x80009a4e (0x02fb1863) bne     s6, a5, pc + 48
core   0: 3 0x80009a4e (0x02fb1863)
core   0: 0x80009a7e (0x000098fd) c.andi  s1, -1
core   0: 3 0x80009a7e (0x98fd) x 9 0x00000000
core   0: 0x80009a80 (0x01d64f33) xor     t5, a2, t4
core   0: 3 0x80009a80 (0x01d64f33) x30 0x004df700
core   0: 0x80009a84 (0xffb00613) li      a2, -5
core   0: 3 0x80009a84 (0xffb00613) x12 0xfffffffb
core   0: 0x80009a88 (0x00700493) li      s1, 7
core   0: 3 0x80009a88 (0x00700493) x 9 0x00000007
core   0: 0x80009a8c (0x012d03b3) add     t2, s10, s2
core   0: 3 0x80009a8c (0x012d03b3) x 7 0x80027006
core   0: 0x80009a90 (0x03e850b3) divu    ra, a6, t5
core   0: 3 0x80009a90 (0x03e850b3) x 1 0x00000000
core   0: 0x80009a94 (0x00000605) c.addi  a2, 1
core   0: 3 0x80009a94 (0x0605) x12 0xfffffffc
core   0: 0x80009a96 (0x8f3cd197) auipc   gp, 0x8f3cd
core   0: 3 0x80009a96 (0x8f3cd197) x 3 0x0f3d6a96
core   0: 0x80009a9a (0x00c89033) sll     zero, a7, a2
core   0: 3 0x80009a9a (0x00c89033)
core   0: 0x80009a9e (0xffe00693) li      a3, -2
core   0: 3 0x80009a9e (0xffe00693) x13 0xfffffffe
core   0: 0x80009aa2 (0xdf6a4117) auipc   sp, 0xdf6a4
core   0: 3 0x80009aa2 (0xdf6a4117) x 2 0x5f6adaa2
core   0: 0x80009aa6 (0xff300b93) li      s7, -13
core   0: 3 0x80009aa6 (0xff300b93) x23 0xfffffff3
core   0: 0x80009aaa (0x475ee713) ori     a4, t4, 1141
core   0: 3 0x80009aaa (0x475ee713) x14 0x00000475
core   0: 0x80009aae (0x00000001) c.nop
core   0: 3 0x80009aae (0x0001)
core   0: 0x80009ab0 (0x00004f45) c.li    t5, 17
core   0: 3 0x80009ab0 (0x4f45) x30 0x00000011
core   0: 0x80009ab2 (0x7a39c213) xori    tp, s3, 1955
core   0: 3 0x80009ab2 (0x7a39c213) x 4 0x80022993
core   0: 0x80009ab6 (0x00d82733) slt     a4, a6, a3
core   0: 3 0x80009ab6 (0x00d82733) x14 0x00000000
core   0: 0x80009aba (0x000016fd) c.addi  a3, -1
core   0: 3 0x80009aba (0x16fd) x13 0xfffffffd
core   0: 0x80009abc (0x00001618) c.addi4spn a4, sp, 800
core   0: 3 0x80009abc (0x1618) x14 0x5f6addc2
core   0: 0x80009abe (0xff768ce3) beq     a3, s7, pc - 8
core   0: 3 0x80009abe (0xff768ce3)
core   0: 0x80009ac2 (0x4170d213) srai    tp, ra, 23
core   0: 3 0x80009ac2 (0x4170d213) x 4 0x00000000
core   0: 0x80009ac6 (0x02a02a33) mulhsu  s4, zero, a0
core   0: 3 0x80009ac6 (0x02a02a33) x20 0x00000000
core   0: 0x80009aca (0xfc9613e3) bne     a2, s1, pc - 58
core   0: 3 0x80009aca (0xfc9613e3)
core   0: 0x80009a90 (0x03e850b3) divu    ra, a6, t5
core   0: 3 0x80009a90 (0x03e850b3) x 1 0x00000000
core   0: 0x80009a94 (0x00000605) c.addi  a2, 1
core   0: 3 0x80009a94 (0x0605) x12 0xfffffffd
core   0: 0x80009a96 (0x8f3cd197) auipc   gp, 0x8f3cd
core   0: 3 0x80009a96 (0x8f3cd197) x 3 0x0f3d6a96
core   0: 0x80009a9a (0x00c89033) sll     zero, a7, a2
core   0: 3 0x80009a9a (0x00c89033)
core   0: 0x80009a9e (0xffe00693) li      a3, -2
core   0: 3 0x80009a9e (0xffe00693) x13 0xfffffffe
core   0: 0x80009aa2 (0xdf6a4117) auipc   sp, 0xdf6a4
core   0: 3 0x80009aa2 (0xdf6a4117) x 2 0x5f6adaa2
core   0: 0x80009aa6 (0xff300b93) li      s7, -13
core   0: 3 0x80009aa6 (0xff300b93) x23 0xfffffff3
core   0: 0x80009aaa (0x475ee713) ori     a4, t4, 1141
core   0: 3 0x80009aaa (0x475ee713) x14 0x00000475
core   0: 0x80009aae (0x00000001) c.nop
core   0: 3 0x80009aae (0x0001)
core   0: 0x80009ab0 (0x00004f45) c.li    t5, 17
core   0: 3 0x80009ab0 (0x4f45) x30 0x00000011
core   0: 0x80009ab2 (0x7a39c213) xori    tp, s3, 1955
core   0: 3 0x80009ab2 (0x7a39c213) x 4 0x80022993
core   0: 0x80009ab6 (0x00d82733) slt     a4, a6, a3
core   0: 3 0x80009ab6 (0x00d82733) x14 0x00000000
core   0: 0x80009aba (0x000016fd) c.addi  a3, -1
core   0: 3 0x80009aba (0x16fd) x13 0xfffffffd
core   0: 0x80009abc (0x00001618) c.addi4spn a4, sp, 800
core   0: 3 0x80009abc (0x1618) x14 0x5f6addc2
core   0: 0x80009abe (0xff768ce3) beq     a3, s7, pc - 8
core   0: 3 0x80009abe (0xff768ce3)
core   0: 0x80009ac2 (0x4170d213) srai    tp, ra, 23
core   0: 3 0x80009ac2 (0x4170d213) x 4 0x00000000
core   0: 0x80009ac6 (0x02a02a33) mulhsu  s4, zero, a0
core   0: 3 0x80009ac6 (0x02a02a33) x20 0x00000000
core   0: 0x80009aca (0xfc9613e3) bne     a2, s1, pc - 58
core   0: 3 0x80009aca (0xfc9613e3)
core   0: 0x80009a90 (0x03e850b3) divu    ra, a6, t5
core   0: 3 0x80009a90 (0x03e850b3) x 1 0x00000000
core   0: 0x80009a94 (0x00000605) c.addi  a2, 1
core   0: 3 0x80009a94 (0x0605) x12 0xfffffffe
core   0: 0x80009a96 (0x8f3cd197) auipc   gp, 0x8f3cd
core   0: 3 0x80009a96 (0x8f3cd197) x 3 0x0f3d6a96
core   0: 0x80009a9a (0x00c89033) sll     zero, a7, a2
core   0: 3 0x80009a9a (0x00c89033)
core   0: 0x80009a9e (0xffe00693) li      a3, -2
core   0: 3 0x80009a9e (0xffe00693) x13 0xfffffffe
core   0: 0x80009aa2 (0xdf6a4117) auipc   sp, 0xdf6a4
core   0: 3 0x80009aa2 (0xdf6a4117) x 2 0x5f6adaa2
core   0: 0x80009aa6 (0xff300b93) li      s7, -13
core   0: 3 0x80009aa6 (0xff300b93) x23 0xfffffff3
core   0: 0x80009aaa (0x475ee713) ori     a4, t4, 1141
core   0: 3 0x80009aaa (0x475ee713) x14 0x00000475
core   0: 0x80009aae (0x00000001) c.nop
core   0: 3 0x80009aae (0x0001)
core   0: 0x80009ab0 (0x00004f45) c.li    t5, 17
core   0: 3 0x80009ab0 (0x4f45) x30 0x00000011
core   0: 0x80009ab2 (0x7a39c213) xori    tp, s3, 1955
core   0: 3 0x80009ab2 (0x7a39c213) x 4 0x80022993
core   0: 0x80009ab6 (0x00d82733) slt     a4, a6, a3
core   0: 3 0x80009ab6 (0x00d82733) x14 0x00000000
core   0: 0x80009aba (0x000016fd) c.addi  a3, -1
core   0: 3 0x80009aba (0x16fd) x13 0xfffffffd
core   0: 0x80009abc (0x00001618) c.addi4spn a4, sp, 800
core   0: 3 0x80009abc (0x1618) x14 0x5f6addc2
core   0: 0x80009abe (0xff768ce3) beq     a3, s7, pc - 8
core   0: 3 0x80009abe (0xff768ce3)
core   0: 0x80009ac2 (0x4170d213) srai    tp, ra, 23
core   0: 3 0x80009ac2 (0x4170d213) x 4 0x00000000
core   0: 0x80009ac6 (0x02a02a33) mulhsu  s4, zero, a0
core   0: 3 0x80009ac6 (0x02a02a33) x20 0x00000000
core   0: 0x80009aca (0xfc9613e3) bne     a2, s1, pc - 58
core   0: 3 0x80009aca (0xfc9613e3)
core   0: 0x80009a90 (0x03e850b3) divu    ra, a6, t5
core   0: 3 0x80009a90 (0x03e850b3) x 1 0x00000000
core   0: 0x80009a94 (0x00000605) c.addi  a2, 1
core   0: 3 0x80009a94 (0x0605) x12 0xffffffff
core   0: 0x80009a96 (0x8f3cd197) auipc   gp, 0x8f3cd
core   0: 3 0x80009a96 (0x8f3cd197) x 3 0x0f3d6a96
core   0: 0x80009a9a (0x00c89033) sll     zero, a7, a2
core   0: 3 0x80009a9a (0x00c89033)
core   0: 0x80009a9e (0xffe00693) li      a3, -2
core   0: 3 0x80009a9e (0xffe00693) x13 0xfffffffe
core   0: 0x80009aa2 (0xdf6a4117) auipc   sp, 0xdf6a4
core   0: 3 0x80009aa2 (0xdf6a4117) x 2 0x5f6adaa2
core   0: 0x80009aa6 (0xff300b93) li      s7, -13
core   0: 3 0x80009aa6 (0xff300b93) x23 0xfffffff3
core   0: 0x80009aaa (0x475ee713) ori     a4, t4, 1141
core   0: 3 0x80009aaa (0x475ee713) x14 0x00000475
core   0: 0x80009aae (0x00000001) c.nop
core   0: 3 0x80009aae (0x0001)
core   0: 0x80009ab0 (0x00004f45) c.li    t5, 17
core   0: 3 0x80009ab0 (0x4f45) x30 0x00000011
core   0: 0x80009ab2 (0x7a39c213) xori    tp, s3, 1955
core   0: 3 0x80009ab2 (0x7a39c213) x 4 0x80022993
core   0: 0x80009ab6 (0x00d82733) slt     a4, a6, a3
core   0: 3 0x80009ab6 (0x00d82733) x14 0x00000000
core   0: 0x80009aba (0x000016fd) c.addi  a3, -1
core   0: 3 0x80009aba (0x16fd) x13 0xfffffffd
core   0: 0x80009abc (0x00001618) c.addi4spn a4, sp, 800
core   0: 3 0x80009abc (0x1618) x14 0x5f6addc2
core   0: 0x80009abe (0xff768ce3) beq     a3, s7, pc - 8
core   0: 3 0x80009abe (0xff768ce3)
core   0: 0x80009ac2 (0x4170d213) srai    tp, ra, 23
core   0: 3 0x80009ac2 (0x4170d213) x 4 0x00000000
core   0: 0x80009ac6 (0x02a02a33) mulhsu  s4, zero, a0
core   0: 3 0x80009ac6 (0x02a02a33) x20 0x00000000
core   0: 0x80009aca (0xfc9613e3) bne     a2, s1, pc - 58
core   0: 3 0x80009aca (0xfc9613e3)
core   0: 0x80009a90 (0x03e850b3) divu    ra, a6, t5
core   0: 3 0x80009a90 (0x03e850b3) x 1 0x00000000
core   0: 0x80009a94 (0x00000605) c.addi  a2, 1
core   0: 3 0x80009a94 (0x0605) x12 0x00000000
core   0: 0x80009a96 (0x8f3cd197) auipc   gp, 0x8f3cd
core   0: 3 0x80009a96 (0x8f3cd197) x 3 0x0f3d6a96
core   0: 0x80009a9a (0x00c89033) sll     zero, a7, a2
core   0: 3 0x80009a9a (0x00c89033)
core   0: 0x80009a9e (0xffe00693) li      a3, -2
core   0: 3 0x80009a9e (0xffe00693) x13 0xfffffffe
core   0: 0x80009aa2 (0xdf6a4117) auipc   sp, 0xdf6a4
core   0: 3 0x80009aa2 (0xdf6a4117) x 2 0x5f6adaa2
core   0: 0x80009aa6 (0xff300b93) li      s7, -13
core   0: 3 0x80009aa6 (0xff300b93) x23 0xfffffff3
core   0: 0x80009aaa (0x475ee713) ori     a4, t4, 1141
core   0: 3 0x80009aaa (0x475ee713) x14 0x00000475
core   0: 0x80009aae (0x00000001) c.nop
core   0: 3 0x80009aae (0x0001)
core   0: 0x80009ab0 (0x00004f45) c.li    t5, 17
core   0: 3 0x80009ab0 (0x4f45) x30 0x00000011
core   0: 0x80009ab2 (0x7a39c213) xori    tp, s3, 1955
core   0: 3 0x80009ab2 (0x7a39c213) x 4 0x80022993
core   0: 0x80009ab6 (0x00d82733) slt     a4, a6, a3
core   0: 3 0x80009ab6 (0x00d82733) x14 0x00000000
core   0: 0x80009aba (0x000016fd) c.addi  a3, -1
core   0: 3 0x80009aba (0x16fd) x13 0xfffffffd
core   0: 0x80009abc (0x00001618) c.addi4spn a4, sp, 800
core   0: 3 0x80009abc (0x1618) x14 0x5f6addc2
core   0: 0x80009abe (0xff768ce3) beq     a3, s7, pc - 8
core   0: 3 0x80009abe (0xff768ce3)
core   0: 0x80009ac2 (0x4170d213) srai    tp, ra, 23
core   0: 3 0x80009ac2 (0x4170d213) x 4 0x00000000
core   0: 0x80009ac6 (0x02a02a33) mulhsu  s4, zero, a0
core   0: 3 0x80009ac6 (0x02a02a33) x20 0x00000000
core   0: 0x80009aca (0xfc9613e3) bne     a2, s1, pc - 58
core   0: 3 0x80009aca (0xfc9613e3)
core   0: 0x80009a90 (0x03e850b3) divu    ra, a6, t5
core   0: 3 0x80009a90 (0x03e850b3) x 1 0x00000000
core   0: 0x80009a94 (0x00000605) c.addi  a2, 1
core   0: 3 0x80009a94 (0x0605) x12 0x00000001
core   0: 0x80009a96 (0x8f3cd197) auipc   gp, 0x8f3cd
core   0: 3 0x80009a96 (0x8f3cd197) x 3 0x0f3d6a96
core   0: 0x80009a9a (0x00c89033) sll     zero, a7, a2
core   0: 3 0x80009a9a (0x00c89033)
core   0: 0x80009a9e (0xffe00693) li      a3, -2
core   0: 3 0x80009a9e (0xffe00693) x13 0xfffffffe
core   0: 0x80009aa2 (0xdf6a4117) auipc   sp, 0xdf6a4
core   0: 3 0x80009aa2 (0xdf6a4117) x 2 0x5f6adaa2
core   0: 0x80009aa6 (0xff300b93) li      s7, -13
core   0: 3 0x80009aa6 (0xff300b93) x23 0xfffffff3
core   0: 0x80009aaa (0x475ee713) ori     a4, t4, 1141
core   0: 3 0x80009aaa (0x475ee713) x14 0x00000475
core   0: 0x80009aae (0x00000001) c.nop
core   0: 3 0x80009aae (0x0001)
core   0: 0x80009ab0 (0x00004f45) c.li    t5, 17
core   0: 3 0x80009ab0 (0x4f45) x30 0x00000011
core   0: 0x80009ab2 (0x7a39c213) xori    tp, s3, 1955
core   0: 3 0x80009ab2 (0x7a39c213) x 4 0x80022993
core   0: 0x80009ab6 (0x00d82733) slt     a4, a6, a3
core   0: 3 0x80009ab6 (0x00d82733) x14 0x00000000
core   0: 0x80009aba (0x000016fd) c.addi  a3, -1
core   0: 3 0x80009aba (0x16fd) x13 0xfffffffd
core   0: 0x80009abc (0x00001618) c.addi4spn a4, sp, 800
core   0: 3 0x80009abc (0x1618) x14 0x5f6addc2
core   0: 0x80009abe (0xff768ce3) beq     a3, s7, pc - 8
core   0: 3 0x80009abe (0xff768ce3)
core   0: 0x80009ac2 (0x4170d213) srai    tp, ra, 23
core   0: 3 0x80009ac2 (0x4170d213) x 4 0x00000000
core   0: 0x80009ac6 (0x02a02a33) mulhsu  s4, zero, a0
core   0: 3 0x80009ac6 (0x02a02a33) x20 0x00000000
core   0: 0x80009aca (0xfc9613e3) bne     a2, s1, pc - 58
core   0: 3 0x80009aca (0xfc9613e3)
core   0: 0x80009a90 (0x03e850b3) divu    ra, a6, t5
core   0: 3 0x80009a90 (0x03e850b3) x 1 0x00000000
core   0: 0x80009a94 (0x00000605) c.addi  a2, 1
core   0: 3 0x80009a94 (0x0605) x12 0x00000002
core   0: 0x80009a96 (0x8f3cd197) auipc   gp, 0x8f3cd
core   0: 3 0x80009a96 (0x8f3cd197) x 3 0x0f3d6a96
core   0: 0x80009a9a (0x00c89033) sll     zero, a7, a2
core   0: 3 0x80009a9a (0x00c89033)
core   0: 0x80009a9e (0xffe00693) li      a3, -2
core   0: 3 0x80009a9e (0xffe00693) x13 0xfffffffe
core   0: 0x80009aa2 (0xdf6a4117) auipc   sp, 0xdf6a4
core   0: 3 0x80009aa2 (0xdf6a4117) x 2 0x5f6adaa2
core   0: 0x80009aa6 (0xff300b93) li      s7, -13
core   0: 3 0x80009aa6 (0xff300b93) x23 0xfffffff3
core   0: 0x80009aaa (0x475ee713) ori     a4, t4, 1141
core   0: 3 0x80009aaa (0x475ee713) x14 0x00000475
core   0: 0x80009aae (0x00000001) c.nop
core   0: 3 0x80009aae (0x0001)
core   0: 0x80009ab0 (0x00004f45) c.li    t5, 17
core   0: 3 0x80009ab0 (0x4f45) x30 0x00000011
core   0: 0x80009ab2 (0x7a39c213) xori    tp, s3, 1955
core   0: 3 0x80009ab2 (0x7a39c213) x 4 0x80022993
core   0: 0x80009ab6 (0x00d82733) slt     a4, a6, a3
core   0: 3 0x80009ab6 (0x00d82733) x14 0x00000000
core   0: 0x80009aba (0x000016fd) c.addi  a3, -1
core   0: 3 0x80009aba (0x16fd) x13 0xfffffffd
core   0: 0x80009abc (0x00001618) c.addi4spn a4, sp, 800
core   0: 3 0x80009abc (0x1618) x14 0x5f6addc2
core   0: 0x80009abe (0xff768ce3) beq     a3, s7, pc - 8
core   0: 3 0x80009abe (0xff768ce3)
core   0: 0x80009ac2 (0x4170d213) srai    tp, ra, 23
core   0: 3 0x80009ac2 (0x4170d213) x 4 0x00000000
core   0: 0x80009ac6 (0x02a02a33) mulhsu  s4, zero, a0
core   0: 3 0x80009ac6 (0x02a02a33) x20 0x00000000
core   0: 0x80009aca (0xfc9613e3) bne     a2, s1, pc - 58
core   0: 3 0x80009aca (0xfc9613e3)
core   0: 0x80009a90 (0x03e850b3) divu    ra, a6, t5
core   0: 3 0x80009a90 (0x03e850b3) x 1 0x00000000
core   0: 0x80009a94 (0x00000605) c.addi  a2, 1
core   0: 3 0x80009a94 (0x0605) x12 0x00000003
core   0: 0x80009a96 (0x8f3cd197) auipc   gp, 0x8f3cd
core   0: 3 0x80009a96 (0x8f3cd197) x 3 0x0f3d6a96
core   0: 0x80009a9a (0x00c89033) sll     zero, a7, a2
core   0: 3 0x80009a9a (0x00c89033)
core   0: 0x80009a9e (0xffe00693) li      a3, -2
core   0: 3 0x80009a9e (0xffe00693) x13 0xfffffffe
core   0: 0x80009aa2 (0xdf6a4117) auipc   sp, 0xdf6a4
core   0: 3 0x80009aa2 (0xdf6a4117) x 2 0x5f6adaa2
core   0: 0x80009aa6 (0xff300b93) li      s7, -13
core   0: 3 0x80009aa6 (0xff300b93) x23 0xfffffff3
core   0: 0x80009aaa (0x475ee713) ori     a4, t4, 1141
core   0: 3 0x80009aaa (0x475ee713) x14 0x00000475
core   0: 0x80009aae (0x00000001) c.nop
core   0: 3 0x80009aae (0x0001)
core   0: 0x80009ab0 (0x00004f45) c.li    t5, 17
core   0: 3 0x80009ab0 (0x4f45) x30 0x00000011
core   0: 0x80009ab2 (0x7a39c213) xori    tp, s3, 1955
core   0: 3 0x80009ab2 (0x7a39c213) x 4 0x80022993
core   0: 0x80009ab6 (0x00d82733) slt     a4, a6, a3
core   0: 3 0x80009ab6 (0x00d82733) x14 0x00000000
core   0: 0x80009aba (0x000016fd) c.addi  a3, -1
core   0: 3 0x80009aba (0x16fd) x13 0xfffffffd
core   0: 0x80009abc (0x00001618) c.addi4spn a4, sp, 800
core   0: 3 0x80009abc (0x1618) x14 0x5f6addc2
core   0: 0x80009abe (0xff768ce3) beq     a3, s7, pc - 8
core   0: 3 0x80009abe (0xff768ce3)
core   0: 0x80009ac2 (0x4170d213) srai    tp, ra, 23
core   0: 3 0x80009ac2 (0x4170d213) x 4 0x00000000
core   0: 0x80009ac6 (0x02a02a33) mulhsu  s4, zero, a0
core   0: 3 0x80009ac6 (0x02a02a33) x20 0x00000000
core   0: 0x80009aca (0xfc9613e3) bne     a2, s1, pc - 58
core   0: 3 0x80009aca (0xfc9613e3)
core   0: 0x80009a90 (0x03e850b3) divu    ra, a6, t5
core   0: 3 0x80009a90 (0x03e850b3) x 1 0x00000000
core   0: 0x80009a94 (0x00000605) c.addi  a2, 1
core   0: 3 0x80009a94 (0x0605) x12 0x00000004
core   0: 0x80009a96 (0x8f3cd197) auipc   gp, 0x8f3cd
core   0: 3 0x80009a96 (0x8f3cd197) x 3 0x0f3d6a96
core   0: 0x80009a9a (0x00c89033) sll     zero, a7, a2
core   0: 3 0x80009a9a (0x00c89033)
core   0: 0x80009a9e (0xffe00693) li      a3, -2
core   0: 3 0x80009a9e (0xffe00693) x13 0xfffffffe
core   0: 0x80009aa2 (0xdf6a4117) auipc   sp, 0xdf6a4
core   0: 3 0x80009aa2 (0xdf6a4117) x 2 0x5f6adaa2
core   0: 0x80009aa6 (0xff300b93) li      s7, -13
core   0: 3 0x80009aa6 (0xff300b93) x23 0xfffffff3
core   0: 0x80009aaa (0x475ee713) ori     a4, t4, 1141
core   0: 3 0x80009aaa (0x475ee713) x14 0x00000475
core   0: 0x80009aae (0x00000001) c.nop
core   0: 3 0x80009aae (0x0001)
core   0: 0x80009ab0 (0x00004f45) c.li    t5, 17
core   0: 3 0x80009ab0 (0x4f45) x30 0x00000011
core   0: 0x80009ab2 (0x7a39c213) xori    tp, s3, 1955
core   0: 3 0x80009ab2 (0x7a39c213) x 4 0x80022993
core   0: 0x80009ab6 (0x00d82733) slt     a4, a6, a3
core   0: 3 0x80009ab6 (0x00d82733) x14 0x00000000
core   0: 0x80009aba (0x000016fd) c.addi  a3, -1
core   0: 3 0x80009aba (0x16fd) x13 0xfffffffd
core   0: 0x80009abc (0x00001618) c.addi4spn a4, sp, 800
core   0: 3 0x80009abc (0x1618) x14 0x5f6addc2
core   0: 0x80009abe (0xff768ce3) beq     a3, s7, pc - 8
core   0: 3 0x80009abe (0xff768ce3)
core   0: 0x80009ac2 (0x4170d213) srai    tp, ra, 23
core   0: 3 0x80009ac2 (0x4170d213) x 4 0x00000000
core   0: 0x80009ac6 (0x02a02a33) mulhsu  s4, zero, a0
core   0: 3 0x80009ac6 (0x02a02a33) x20 0x00000000
core   0: 0x80009aca (0xfc9613e3) bne     a2, s1, pc - 58
core   0: 3 0x80009aca (0xfc9613e3)
core   0: 0x80009a90 (0x03e850b3) divu    ra, a6, t5
core   0: 3 0x80009a90 (0x03e850b3) x 1 0x00000000
core   0: 0x80009a94 (0x00000605) c.addi  a2, 1
core   0: 3 0x80009a94 (0x0605) x12 0x00000005
core   0: 0x80009a96 (0x8f3cd197) auipc   gp, 0x8f3cd
core   0: 3 0x80009a96 (0x8f3cd197) x 3 0x0f3d6a96
core   0: 0x80009a9a (0x00c89033) sll     zero, a7, a2
core   0: 3 0x80009a9a (0x00c89033)
core   0: 0x80009a9e (0xffe00693) li      a3, -2
core   0: 3 0x80009a9e (0xffe00693) x13 0xfffffffe
core   0: 0x80009aa2 (0xdf6a4117) auipc   sp, 0xdf6a4
core   0: 3 0x80009aa2 (0xdf6a4117) x 2 0x5f6adaa2
core   0: 0x80009aa6 (0xff300b93) li      s7, -13
core   0: 3 0x80009aa6 (0xff300b93) x23 0xfffffff3
core   0: 0x80009aaa (0x475ee713) ori     a4, t4, 1141
core   0: 3 0x80009aaa (0x475ee713) x14 0x00000475
core   0: 0x80009aae (0x00000001) c.nop
core   0: 3 0x80009aae (0x0001)
core   0: 0x80009ab0 (0x00004f45) c.li    t5, 17
core   0: 3 0x80009ab0 (0x4f45) x30 0x00000011
core   0: 0x80009ab2 (0x7a39c213) xori    tp, s3, 1955
core   0: 3 0x80009ab2 (0x7a39c213) x 4 0x80022993
core   0: 0x80009ab6 (0x00d82733) slt     a4, a6, a3
core   0: 3 0x80009ab6 (0x00d82733) x14 0x00000000
core   0: 0x80009aba (0x000016fd) c.addi  a3, -1
core   0: 3 0x80009aba (0x16fd) x13 0xfffffffd
core   0: 0x80009abc (0x00001618) c.addi4spn a4, sp, 800
core   0: 3 0x80009abc (0x1618) x14 0x5f6addc2
core   0: 0x80009abe (0xff768ce3) beq     a3, s7, pc - 8
core   0: 3 0x80009abe (0xff768ce3)
core   0: 0x80009ac2 (0x4170d213) srai    tp, ra, 23
core   0: 3 0x80009ac2 (0x4170d213) x 4 0x00000000
core   0: 0x80009ac6 (0x02a02a33) mulhsu  s4, zero, a0
core   0: 3 0x80009ac6 (0x02a02a33) x20 0x00000000
core   0: 0x80009aca (0xfc9613e3) bne     a2, s1, pc - 58
core   0: 3 0x80009aca (0xfc9613e3)
core   0: 0x80009a90 (0x03e850b3) divu    ra, a6, t5
core   0: 3 0x80009a90 (0x03e850b3) x 1 0x00000000
core   0: 0x80009a94 (0x00000605) c.addi  a2, 1
core   0: 3 0x80009a94 (0x0605) x12 0x00000006
core   0: 0x80009a96 (0x8f3cd197) auipc   gp, 0x8f3cd
core   0: 3 0x80009a96 (0x8f3cd197) x 3 0x0f3d6a96
core   0: 0x80009a9a (0x00c89033) sll     zero, a7, a2
core   0: 3 0x80009a9a (0x00c89033)
core   0: 0x80009a9e (0xffe00693) li      a3, -2
core   0: 3 0x80009a9e (0xffe00693) x13 0xfffffffe
core   0: 0x80009aa2 (0xdf6a4117) auipc   sp, 0xdf6a4
core   0: 3 0x80009aa2 (0xdf6a4117) x 2 0x5f6adaa2
core   0: 0x80009aa6 (0xff300b93) li      s7, -13
core   0: 3 0x80009aa6 (0xff300b93) x23 0xfffffff3
core   0: 0x80009aaa (0x475ee713) ori     a4, t4, 1141
core   0: 3 0x80009aaa (0x475ee713) x14 0x00000475
core   0: 0x80009aae (0x00000001) c.nop
core   0: 3 0x80009aae (0x0001)
core   0: 0x80009ab0 (0x00004f45) c.li    t5, 17
core   0: 3 0x80009ab0 (0x4f45) x30 0x00000011
core   0: 0x80009ab2 (0x7a39c213) xori    tp, s3, 1955
core   0: 3 0x80009ab2 (0x7a39c213) x 4 0x80022993
core   0: 0x80009ab6 (0x00d82733) slt     a4, a6, a3
core   0: 3 0x80009ab6 (0x00d82733) x14 0x00000000
core   0: 0x80009aba (0x000016fd) c.addi  a3, -1
core   0: 3 0x80009aba (0x16fd) x13 0xfffffffd
core   0: 0x80009abc (0x00001618) c.addi4spn a4, sp, 800
core   0: 3 0x80009abc (0x1618) x14 0x5f6addc2
core   0: 0x80009abe (0xff768ce3) beq     a3, s7, pc - 8
core   0: 3 0x80009abe (0xff768ce3)
core   0: 0x80009ac2 (0x4170d213) srai    tp, ra, 23
core   0: 3 0x80009ac2 (0x4170d213) x 4 0x00000000
core   0: 0x80009ac6 (0x02a02a33) mulhsu  s4, zero, a0
core   0: 3 0x80009ac6 (0x02a02a33) x20 0x00000000
core   0: 0x80009aca (0xfc9613e3) bne     a2, s1, pc - 58
core   0: 3 0x80009aca (0xfc9613e3)
core   0: 0x80009a90 (0x03e850b3) divu    ra, a6, t5
core   0: 3 0x80009a90 (0x03e850b3) x 1 0x00000000
core   0: 0x80009a94 (0x00000605) c.addi  a2, 1
core   0: 3 0x80009a94 (0x0605) x12 0x00000007
core   0: 0x80009a96 (0x8f3cd197) auipc   gp, 0x8f3cd
core   0: 3 0x80009a96 (0x8f3cd197) x 3 0x0f3d6a96
core   0: 0x80009a9a (0x00c89033) sll     zero, a7, a2
core   0: 3 0x80009a9a (0x00c89033)
core   0: 0x80009a9e (0xffe00693) li      a3, -2
core   0: 3 0x80009a9e (0xffe00693) x13 0xfffffffe
core   0: 0x80009aa2 (0xdf6a4117) auipc   sp, 0xdf6a4
core   0: 3 0x80009aa2 (0xdf6a4117) x 2 0x5f6adaa2
core   0: 0x80009aa6 (0xff300b93) li      s7, -13
core   0: 3 0x80009aa6 (0xff300b93) x23 0xfffffff3
core   0: 0x80009aaa (0x475ee713) ori     a4, t4, 1141
core   0: 3 0x80009aaa (0x475ee713) x14 0x00000475
core   0: 0x80009aae (0x00000001) c.nop
core   0: 3 0x80009aae (0x0001)
core   0: 0x80009ab0 (0x00004f45) c.li    t5, 17
core   0: 3 0x80009ab0 (0x4f45) x30 0x00000011
core   0: 0x80009ab2 (0x7a39c213) xori    tp, s3, 1955
core   0: 3 0x80009ab2 (0x7a39c213) x 4 0x80022993
core   0: 0x80009ab6 (0x00d82733) slt     a4, a6, a3
core   0: 3 0x80009ab6 (0x00d82733) x14 0x00000000
core   0: 0x80009aba (0x000016fd) c.addi  a3, -1
core   0: 3 0x80009aba (0x16fd) x13 0xfffffffd
core   0: 0x80009abc (0x00001618) c.addi4spn a4, sp, 800
core   0: 3 0x80009abc (0x1618) x14 0x5f6addc2
core   0: 0x80009abe (0xff768ce3) beq     a3, s7, pc - 8
core   0: 3 0x80009abe (0xff768ce3)
core   0: 0x80009ac2 (0x4170d213) srai    tp, ra, 23
core   0: 3 0x80009ac2 (0x4170d213) x 4 0x00000000
core   0: 0x80009ac6 (0x02a02a33) mulhsu  s4, zero, a0
core   0: 3 0x80009ac6 (0x02a02a33) x20 0x00000000
core   0: 0x80009aca (0xfc9613e3) bne     a2, s1, pc - 58
core   0: 3 0x80009aca (0xfc9613e3)
core   0: 0x80009ace (0x00008d01) c.sub   a0, s0
core   0: 3 0x80009ace (0x8d01) x10 0x00000000
core   0: 0x80009ad0 (0x00000001) c.nop
core   0: 3 0x80009ad0 (0x0001)
core   0: 0x80009ad2 (0x0000c881) c.beqz  s1, pc + 16
core   0: 3 0x80009ad2 (0xc881)
core   0: 0x80009ad4 (0x0000e889) c.bnez  s1, pc + 18
core   0: 3 0x80009ad4 (0xe889)
core   0: 0x80009ae6 (0x000081a2) c.mv    gp, s0
core   0: 3 0x80009ae6 (0x81a2) x 3 0x00000000
core   0: 0x80009ae8 (0x000001f2) c.slli  gp, 28
core   0: 3 0x80009ae8 (0x01f2) x 3 0x00000000
core   0: 0x80009aea (0x159a8cb7) lui     s9, 0x159a8
core   0: 3 0x80009aea (0x159a8cb7) x25 0x159a8000
core   0: 0x80009aee (0x028515b3) mulh    a1, a0, s0
core   0: 3 0x80009aee (0x028515b3) x11 0x00000000
core   0: 0x80009af2 (0x00315213) srli    tp, sp, 3
core   0: 3 0x80009af2 (0x00315213) x 4 0x0bed5b54
core   0: 0x80009af6 (0x000088c5) c.andi  s1, 17
core   0: 3 0x80009af6 (0x88c5) x 9 0x00000001
core   0: 0x80009af8 (0x014073b3) and     t2, zero, s4
core   0: 3 0x80009af8 (0x014073b3) x 7 0x00000000
core   0: 0x80009afc (0x006a0cb3) add     s9, s4, t1
core   0: 3 0x80009afc (0x006a0cb3) x25 0x00000000
core   0: 0x80009b00 (0x007c5993) srli    s3, s8, 7
core   0: 3 0x80009b00 (0x007c5993) x19 0x00000000
core   0: 0x80009b04 (0x00bb7e33) and     t3, s6, a1
core   0: 3 0x80009b04 (0x00bb7e33) x28 0x00000000
core   0: 0x80009b08 (0x01f46bb3) or      s7, s0, t6
core   0: 3 0x80009b08 (0x01f46bb3) x23 0xffffffff
core   0: 0x80009b0c (0x41ec88b3) sub     a7, s9, t5
core   0: 3 0x80009b0c (0x41ec88b3) x17 0xffffffef
core   0: 0x80009b10 (0x00c56b33) or      s6, a0, a2
core   0: 3 0x80009b10 (0x00c56b33) x22 0x00000007
core   0: 0x80009b14 (0x004b9333) sll     t1, s7, tp
core   0: 3 0x80009b14 (0x004b9333) x 6 0xfff00000
core   0: 0x80009b18 (0x0100bf33) sltu    t5, ra, a6
core   0: 3 0x80009b18 (0x0100bf33) x30 0x00000000
core   0: 0x80009b1c (0x00f14d63) blt     sp, a5, pc + 26
core   0: 3 0x80009b1c (0x00f14d63)
core   0: 0x80009b20 (0x02b31763) bne     t1, a1, pc + 46
core   0: 3 0x80009b20 (0x02b31763)
core   0: 0x80009b4e (0x048ce463) bltu    s9, s0, pc + 72
core   0: 3 0x80009b4e (0x048ce463)
core   0: 0x80009b52 (0x038b6363) bltu    s6, s8, pc + 38
core   0: 3 0x80009b52 (0x038b6363)
core   0: 0x80009b56 (0x00f33e33) sltu    t3, t1, a5
core   0: 3 0x80009b56 (0x00f33e33) x28 0x00000000
core   0: 0x80009b5a (0x00778963) beq     a5, t2, pc + 18
core   0: 3 0x80009b5a (0x00778963)
core   0: 0x80009b5e (0x03e91cb3) mulh    s9, s2, t5
core   0: 3 0x80009b5e (0x03e91cb3) x25 0x00000000
core   0: 0x80009b62 (0x00000519) c.addi  a0, 6
core   0: 3 0x80009b62 (0x0519) x10 0x00000006
core   0: 0x80009b64 (0x016f7b33) and     s6, t5, s6
core   0: 3 0x80009b64 (0x016f7b33) x22 0x00000000
core   0: 0x80009b68 (0x4ce34e13) xori    t3, t1, 1230
core   0: 3 0x80009b68 (0x4ce34e13) x28 0xfff004ce
core   0: 0x80009b6c (0x03f3a133) mulhsu  sp, t2, t6
core   0: 3 0x80009b6c (0x03f3a133) x 2 0x00000000
core   0: 0x80009b70 (0x02c5a8b3) mulhsu  a7, a1, a2
core   0: 3 0x80009b70 (0x02c5a8b3) x17 0x00000000
core   0: 0x80009b74 (0x0000100f) fence.i
core   0: 3 0x80009b74 (0x0000100f)
core   0: 0x80009b78 (0x00008731) c.srai  a4, 12
core   0: 3 0x80009b78 (0x8731) x14 0x0005f6ad
core   0: 0x80009b7a (0x00008ccd) c.or    s1, a1
core   0: 3 0x80009b7a (0x8ccd) x 9 0x00000001
core   0: 0x80009b7c (0x01745113) srli    sp, s0, 23
core   0: 3 0x80009b7c (0x01745113) x 2 0x00000000
core   0: 0x80009b80 (0x0000717d) c.addi16sp sp, -16
core   0: 3 0x80009b80 (0x717d) x 2 0xfffffff0
core   0: 0x80009b82 (0x0076d813) srli    a6, a3, 7
core   0: 3 0x80009b82 (0x0076d813) x16 0x01ffffff
core   0: 0x80009b86 (0x1468ab93) slti    s7, a7, 326
core   0: 3 0x80009b86 (0x1468ab93) x23 0x00000001
core   0: 0x80009b8a (0xa20f2893) slti    a7, t5, -1504
core   0: 3 0x80009b8a (0xa20f2893) x17 0x00000000
core   0: 0x80009b8e (0x400a03b3) sub     t2, s4, zero
core   0: 3 0x80009b8e (0x400a03b3) x 7 0x00000000
core   0: 0x80009b92 (0x8b570a17) auipc   s4, 0x8b570
core   0: 3 0x80009b92 (0x8b570a17) x20 0x0b579b92
core   0: 0x80009b96 (0x011e64b3) or      s1, t3, a7
core   0: 3 0x80009b96 (0x011e64b3) x 9 0xfff004ce
core   0: 0x80009b9a (0x00008e3d) c.xor   a2, a5
core   0: 3 0x80009b9a (0x8e3d) x12 0x80023155
core   0: 0x80009b9c (0x6cdaee93) ori     t4, s5, 1741
core   0: 3 0x80009b9c (0x6cdaee93) x29 0x80022efd
core   0: 0x80009ba0 (0x01c920b3) slt     ra, s2, t3
core   0: 3 0x80009ba0 (0x01c920b3) x 1 0x00000001
core   0: 0x80009ba4 (0x00000001) c.nop
core   0: 3 0x80009ba4 (0x0001)
core   0: 0x80009ba6 (0x00008d6a) c.mv    s10, s10
core   0: 3 0x80009ba6 (0x8d6a) x26 0x00000322
core   0: 0x80009ba8 (0x00a24b63) blt     tp, a0, pc + 22
core   0: 3 0x80009ba8 (0x00a24b63)
core   0: 0x80009bac (0x00008d05) c.sub   a0, s1
core   0: 3 0x80009bac (0x8d05) x10 0x000ffb38
core   0: 0x80009bae (0x00c79113) slli    sp, a5, 12
core   0: 3 0x80009bae (0x00c79113) x 2 0x23152000
core   0: 0x80009bb2 (0xa9ffc713) xori    a4, t6, -1377
core   0: 3 0x80009bb2 (0xa9ffc713) x14 0x00000560
core   0: 0x80009bb6 (0x02c395b3) mulh    a1, t2, a2
core   0: 3 0x80009bb6 (0x02c395b3) x11 0x00000000
core   0: 0x80009bba (0x40a3d533) sra     a0, t2, a0
core   0: 3 0x80009bba (0x40a3d533) x10 0x00000000
core   0: 0x80009bbe (0x000090fe) c.add   ra, t6
core   0: 3 0x80009bbe (0x90fe) x 1 0x00000000
core   0: 0x80009bc0 (0x09a71763) bne     a4, s10, pc + 142
core   0: 3 0x80009bc0 (0x09a71763)
core   0: 0x80009c4e (0x00008d55) c.or    a0, a3
core   0: 3 0x80009c4e (0x8d55) x10 0xfffffffd
core   0: 0x80009c50 (0x00008db5) c.xor   a1, a3
core   0: 3 0x80009c50 (0x8db5) x11 0xfffffffd
core   0: 0x80009c52 (0x57ac4f93) xori    t6, s8, 1402
core   0: 3 0x80009c52 (0x57ac4f93) x31 0x0000057a
core   0: 0x80009c56 (0x003fc133) xor     sp, t6, gp
core   0: 3 0x80009c56 (0x003fc133) x 2 0x0000057a
core   0: 0x80009c5a (0x04caf163) bgeu    s5, a2, pc + 66
core   0: 3 0x80009c5a (0x04caf163)
core   0: 0x80009c5e (0x00008c4e) c.mv    s8, s3
core   0: 3 0x80009c5e (0x8c4e) x24 0x00000000
core   0: 0x80009c60 (0x02cf1ab3) mulh    s5, t5, a2
core   0: 3 0x80009c60 (0x02cf1ab3) x21 0x00000000
core   0: 0x80009c64 (0x0ff0000f) fence   iorw,iorw
core   0: 3 0x80009c64 (0x0ff0000f)
core   0: 0x80009c68 (0x4166dc13) srai    s8, a3, 22
core   0: 3 0x80009c68 (0x4166dc13) x24 0xffffffff
core   0: 0x80009c6c (0x00008ded) c.and   a1, a1
core   0: 3 0x80009c6c (0x8ded) x11 0xfffffffd
core   0: 0x80009c6e (0x00000a3e) c.slli  s4, 15
core   0: 3 0x80009c6e (0x0a3e) x20 0xcdc90000
core   0: 0x80009c70 (0x0000cb91) c.beqz  a5, pc + 20
core   0: 3 0x80009c70 (0xcb91)
core   0: 0x80009c72 (0x014b51b3) srl     gp, s6, s4
core   0: 3 0x80009c72 (0x014b51b3) x 3 0x00000000
core   0: 0x80009c76 (0x013dd313) srli    t1, s11, 19
core   0: 3 0x80009c76 (0x013dd313) x 6 0x00001000
core   0: 0x80009c7a (0x00008d61) c.and   a0, s0
core   0: 3 0x80009c7a (0x8d61) x10 0x00000000
core   0: 0x80009c7c (0x41aa0a33) sub     s4, s4, s10
core   0: 3 0x80009c7c (0x41aa0a33) x20 0xcdc8fcde
core   0: 0x80009c80 (0x01b84833) xor     a6, a6, s11
core   0: 3 0x80009c80 (0x01b84833) x16 0x81fdd1cf
core   0: 0x80009c84 (0x53727c93) andi    s9, tp, 1335
core   0: 3 0x80009c84 (0x53727c93) x25 0x00000114
core   0: 0x80009c88 (0x033e1ab3) mulh    s5, t3, s3
core   0: 3 0x80009c88 (0x033e1ab3) x21 0x00000000
core   0: 0x80009c8c (0x03942d33) mulhsu  s10, s0, s9
core   0: 3 0x80009c8c (0x03942d33) x26 0x00000000
core   0: 0x80009c90 (0x005e04b3) add     s1, t3, t0
core   0: 3 0x80009c90 (0x005e04b3) x 9 0xfff004cd
core   0: 0x80009c94 (0x00008fb1) c.xor   a5, a2
core   0: 3 0x80009c94 (0x8fb1) x15 0x00000007
core   0: 0x80009c96 (0x0000821d) c.srli  a2, 7
core   0: 3 0x80009c96 (0x821d) x12 0x01000462
core   0: 0x80009c98 (0x02d97733) remu    a4, s2, a3
core   0: 3 0x80009c98 (0x02d97733) x14 0x80026ce4
core   0: 0x80009c9c (0x03d5ae33) mulhsu  t3, a1, t4
core   0: 3 0x80009c9c (0x03d5ae33) x28 0xfffffffe
core   0: 0x80009ca0 (0x8dd18493) addi    s1, gp, -1827
core   0: 3 0x80009ca0 (0x8dd18493) x 9 0xfffff8dd
core   0: 0x80009ca4 (0x74edce13) xori    t3, s11, 1870
core   0: 3 0x80009ca4 (0x74edce13) x28 0x8002297e
core   0: 0x80009ca8 (0x03f33133) mulhu   sp, t1, t6
core   0: 3 0x80009ca8 (0x03f33133) x 2 0x00000000
core   0: 0x80009cac (0xdbc83193) sltiu   gp, a6, -580
core   0: 3 0x80009cac (0xdbc83193) x 3 0x00000001
core   0: 0x80009cb0 (0x00000001) c.nop
core   0: 3 0x80009cb0 (0x0001)
core   0: 0x80009cb2 (0x03dfd133) divu    sp, t6, t4
core   0: 3 0x80009cb2 (0x03dfd133) x 2 0x00000000
core   0: 0x80009cb6 (0x00000001) c.nop
core   0: 3 0x80009cb6 (0x0001)
core   0: 0x80009cb8 (0x00000001) c.nop
core   0: 3 0x80009cb8 (0x0001)
core   0: 0x80009cba (0x00008b8d) c.andi  a5, 3
core   0: 3 0x80009cba (0x8b8d) x15 0x00000003
core   0: 0x80009cbc (0x41d85b93) srai    s7, a6, 29
core   0: 3 0x80009cbc (0x41d85b93) x23 0xfffffffc
core   0: 0x80009cc0 (0x0000c709) c.beqz  a4, pc + 10
core   0: 3 0x80009cc0 (0xc709)
core   0: 0x80009cc2 (0x00000afe) c.slli  s5, 31
core   0: 3 0x80009cc2 (0x0afe) x21 0x00000000
core   0: 0x80009cc4 (0x40510cb3) sub     s9, sp, t0
core   0: 3 0x80009cc4 (0x40510cb3) x25 0x00000001
core   0: 0x80009cc8 (0x00000808) c.addi4spn a0, sp, 16
core   0: 3 0x80009cc8 (0x0808) x10 0x00000010
core   0: 0x80009cca (0x000099d6) c.add   s3, s5
core   0: 3 0x80009cca (0x99d6) x19 0x00000000
core   0: 0x80009ccc (0x00008f65) c.and   a4, s1
core   0: 3 0x80009ccc (0x8f65) x14 0x800268c4
core   0: 0x80009cce (0x00008b45) c.andi  a4, 17
core   0: 3 0x80009cce (0x8b45) x14 0x00000000
core   0: 0x80009cd0 (0x0ff0000f) fence   iorw,iorw
core   0: 3 0x80009cd0 (0x0ff0000f)
core   0: 0x80009cd4 (0x41700733) sub     a4, zero, s7
core   0: 3 0x80009cd4 (0x41700733) x14 0x00000004
core   0: 0x80009cd8 (0x00000001) c.nop
core   0: 3 0x80009cd8 (0x0001)
core   0: 0x80009cda (0x0352bb33) mulhu   s6, t0, s5
core   0: 3 0x80009cda (0x0352bb33) x22 0x00000000
core   0: 0x80009cde (0x01549cb3) sll     s9, s1, s5
core   0: 3 0x80009cde (0x01549cb3) x25 0xfffff8dd
core   0: 0x80009ce2 (0x015f9f33) sll     t5, t6, s5
core   0: 3 0x80009ce2 (0x015f9f33) x30 0x0000057a
core   0: 0x80009ce6 (0x01331c13) slli    s8, t1, 19
core   0: 3 0x80009ce6 (0x01331c13) x24 0x80000000
core   0: 0x80009cea (0x00008512) c.mv    a0, tp
core   0: 3 0x80009cea (0x8512) x10 0x0bed5b54
core   0: 0x80009cec (0xf6d6f193) andi    gp, a3, -147
core   0: 3 0x80009cec (0xf6d6f193) x 3 0xffffff6d
core   0: 0x80009cf0 (0x0599c193) xori    gp, s3, 89
core   0: 3 0x80009cf0 (0x0599c193) x 3 0x00000059
core   0: 0x80009cf4 (0x00000f96) c.slli  t6, 5
core   0: 3 0x80009cf4 (0x0f96) x31 0x0000af40
core   0: 0x80009cf6 (0x00bd8f33) add     t5, s11, a1
core   0: 3 0x80009cf6 (0x00bd8f33) x30 0x80022e2d
core   0: 0x80009cfa (0x00000001) c.nop
core   0: 3 0x80009cfa (0x0001)
core   0: 0x80009cfc (0xba80bf93) sltiu   t6, ra, -1112
core   0: 3 0x80009cfc (0xba80bf93) x31 0x00000001
core   0: 0x80009d00 (0x000066d9) c.lui   a3, 0x16
core   0: 3 0x80009d00 (0x66d9) x13 0x00016000
core   0: 0x80009d02 (0x00008e69) c.and   a2, a0
core   0: 3 0x80009d02 (0x8e69) x12 0x01000040
core   0: 0x80009d04 (0x004dd393) srli    t2, s11, 4
core   0: 3 0x80009d04 (0x004dd393) x 7 0x080022e3
core   0: 0x80009d08 (0x0000c999) c.beqz  a1, pc + 22
core   0: 3 0x80009d08 (0xc999)
core   0: 0x80009d0a (0x039c94b3) mulh    s1, s9, s9
core   0: 3 0x80009d0a (0x039c94b3) x 9 0x00000000
core   0: 0x80009d0e (0x0ff0000f) fence   iorw,iorw
core   0: 3 0x80009d0e (0x0ff0000f)
core   0: 0x80009d12 (0x02233633) mulhu   a2, t1, sp
core   0: 3 0x80009d12 (0x02233633) x12 0x00000000
core   0: 0x80009d16 (0x006ce463) bltu    s9, t1, pc + 8
core   0: 3 0x80009d16 (0x006ce463)
core   0: 0x80009d1a (0x01931e93) slli    t4, t1, 25
core   0: 3 0x80009d1a (0x01931e93) x29 0x00000000
core   0: 0x80009d1e (0x0000100f) fence.i
core   0: 3 0x80009d1e (0x0000100f)
core   0: 0x80009d22 (0x00004c09) c.li    s8, 2
core   0: 3 0x80009d22 (0x4c09) x24 0x00000002
core   0: 0x80009d24 (0x01106633) or      a2, zero, a7
core   0: 3 0x80009d24 (0x01106633) x12 0x00000000
core   0: 0x80009d28 (0x02fcf3b3) remu    t2, s9, a5
core   0: 3 0x80009d28 (0x02fcf3b3) x 7 0x00000001
core   0: 0x80009d2c (0x004da303) lw      t1, 4(s11)
core   0: 3 0x80009d2c (0x004da303) x 6 0x8000011a mem 0x80022e34
core   0: 0x80009d30 (0x41375e13) srai    t3, a4, 19
core   0: 3 0x80009d30 (0x41375e13) x28 0x00000000
core   0: 0x80009d34 (0x074b6c17) auipc   s8, 0x74b6
core   0: 3 0x80009d34 (0x074b6c17) x24 0x874bfd34
core   0: 0x80009d38 (0x00008ca9) c.xor   s1, a0
core   0: 3 0x80009d38 (0x8ca9) x 9 0x0bed5b54
core   0: 0x80009d3a (0xccac36b7) lui     a3, 0xccac3
core   0: 3 0x80009d3a (0xccac36b7) x13 0xccac3000
core   0: 0x80009d3e (0x034d8d93) addi    s11, s11, 52
core   0: 3 0x80009d3e (0x034d8d93) x27 0x80022e64
core   0: 0x80009d42 (0x00008255) c.srli  a2, 21
core   0: 3 0x80009d42 (0x8255) x12 0x00000000
core   0: 0x80009d44 (0x00008dc1) c.or    a1, s0
core   0: 3 0x80009d44 (0x8dc1) x11 0xfffffffd
core   0: 0x80009d46 (0x00130f93) addi    t6, t1, 1
core   0: 3 0x80009d46 (0x00130f93) x31 0x8000011b
core   0: 0x80009d4a (0x00009f82) c.jalr  t6
core   0: 3 0x80009d4a (0x9f82) x 1 0x80009d4c
core   0: 0x8000011a (0xff600613) li      a2, -10
core   0: 3 0x8000011a (0xff600613) x12 0xfffffff6
core   0: 0x8000011e (0x9ffbbb13) sltiu   s6, s7, -1537
core   0: 3 0x8000011e (0x9ffbbb13) x22 0x00000000
core   0: 0x80000122 (0x00000001) c.nop
core   0: 3 0x80000122 (0x0001)
core   0: 0x80000124 (0xffa00893) li      a7, -6
core   0: 3 0x80000124 (0xffa00893) x17 0xfffffffa
core   0: 0x80000128 (0x0a4d3c93) sltiu   s9, s10, 164
core   0: 3 0x80000128 (0x0a4d3c93) x25 0x00000001
core   0: 0x8000012c (0x034e49b3) div     s3, t3, s4
core   0: 3 0x8000012c (0x034e49b3) x19 0x00000000
core   0: 0x80000130 (0x0000100f) fence.i
core   0: 3 0x80000130 (0x0000100f)
core   0: 0x80000134 (0x00000609) c.addi  a2, 2
core   0: 3 0x80000134 (0x0609) x12 0xfffffff8
core   0: 0x80000136 (0x00800813) li      a6, 8
core   0: 3 0x80000136 (0x00800813) x16 0x00000008
core   0: 0x8000013a (0x0306cab3) div     s5, a3, a6
core   0: 3 0x8000013a (0x0306cab3) x21 0xf9958600
core   0: 0x8000013e (0x00200393) li      t2, 2
core   0: 3 0x8000013e (0x00200393) x 7 0x00000002
core   0: 0x80000142 (0x03035a33) divu    s4, t1, a6
core   0: 3 0x80000142 (0x03035a33) x20 0x10000023
core   0: 0x80000146 (0x00000001) c.nop
core   0: 3 0x80000146 (0x0001)
core   0: 0x80000148 (0x02babf13) sltiu   t5, s5, 43
core   0: 3 0x80000148 (0x02babf13) x30 0x00000000
core   0: 0x8000014c (0x0000187d) c.addi  a6, -1
core   0: 3 0x8000014c (0x187d) x16 0x00000007
core   0: 0x8000014e (0x00008232) c.mv    tp, a2
core   0: 3 0x8000014e (0x8232) x 4 0xfffffff8
core   0: 0x80000150 (0xfe787ce3) bgeu    a6, t2, pc - 8
core   0: 3 0x80000150 (0xfe787ce3)
core   0: 0x80000148 (0x02babf13) sltiu   t5, s5, 43
core   0: 3 0x80000148 (0x02babf13) x30 0x00000000
core   0: 0x8000014c (0x0000187d) c.addi  a6, -1
core   0: 3 0x8000014c (0x187d) x16 0x00000006
core   0: 0x8000014e (0x00008232) c.mv    tp, a2
core   0: 3 0x8000014e (0x8232) x 4 0xfffffff8
core   0: 0x80000150 (0xfe787ce3) bgeu    a6, t2, pc - 8
core   0: 3 0x80000150 (0xfe787ce3)
core   0: 0x80000148 (0x02babf13) sltiu   t5, s5, 43
core   0: 3 0x80000148 (0x02babf13) x30 0x00000000
core   0: 0x8000014c (0x0000187d) c.addi  a6, -1
core   0: 3 0x8000014c (0x187d) x16 0x00000005
core   0: 0x8000014e (0x00008232) c.mv    tp, a2
core   0: 3 0x8000014e (0x8232) x 4 0xfffffff8
core   0: 0x80000150 (0xfe787ce3) bgeu    a6, t2, pc - 8
core   0: 3 0x80000150 (0xfe787ce3)
core   0: 0x80000148 (0x02babf13) sltiu   t5, s5, 43
core   0: 3 0x80000148 (0x02babf13) x30 0x00000000
core   0: 0x8000014c (0x0000187d) c.addi  a6, -1
core   0: 3 0x8000014c (0x187d) x16 0x00000004
core   0: 0x8000014e (0x00008232) c.mv    tp, a2
core   0: 3 0x8000014e (0x8232) x 4 0xfffffff8
core   0: 0x80000150 (0xfe787ce3) bgeu    a6, t2, pc - 8
core   0: 3 0x80000150 (0xfe787ce3)
core   0: 0x80000148 (0x02babf13) sltiu   t5, s5, 43
core   0: 3 0x80000148 (0x02babf13) x30 0x00000000
core   0: 0x8000014c (0x0000187d) c.addi  a6, -1
core   0: 3 0x8000014c (0x187d) x16 0x00000003
core   0: 0x8000014e (0x00008232) c.mv    tp, a2
core   0: 3 0x8000014e (0x8232) x 4 0xfffffff8
core   0: 0x80000150 (0xfe787ce3) bgeu    a6, t2, pc - 8
core   0: 3 0x80000150 (0xfe787ce3)
core   0: 0x80000148 (0x02babf13) sltiu   t5, s5, 43
core   0: 3 0x80000148 (0x02babf13) x30 0x00000000
core   0: 0x8000014c (0x0000187d) c.addi  a6, -1
core   0: 3 0x8000014c (0x187d) x16 0x00000002
core   0: 0x8000014e (0x00008232) c.mv    tp, a2
core   0: 3 0x8000014e (0x8232) x 4 0xfffffff8
core   0: 0x80000150 (0xfe787ce3) bgeu    a6, t2, pc - 8
core   0: 3 0x80000150 (0xfe787ce3)
core   0: 0x80000148 (0x02babf13) sltiu   t5, s5, 43
core   0: 3 0x80000148 (0x02babf13) x30 0x00000000
core   0: 0x8000014c (0x0000187d) c.addi  a6, -1
core   0: 3 0x8000014c (0x187d) x16 0x00000001
core   0: 0x8000014e (0x00008232) c.mv    tp, a2
core   0: 3 0x8000014e (0x8232) x 4 0xfffffff8
core   0: 0x80000150 (0xfe787ce3) bgeu    a6, t2, pc - 8
core   0: 3 0x80000150 (0xfe787ce3)
core   0: 0x80000154 (0xfd161ce3) bne     a2, a7, pc - 40
core   0: 3 0x80000154 (0xfd161ce3)
core   0: 0x8000012c (0x034e49b3) div     s3, t3, s4
core   0: 3 0x8000012c (0x034e49b3) x19 0x00000000
core   0: 0x80000130 (0x0000100f) fence.i
core   0: 3 0x80000130 (0x0000100f)
core   0: 0x80000134 (0x00000609) c.addi  a2, 2
core   0: 3 0x80000134 (0x0609) x12 0xfffffffa
core   0: 0x80000136 (0x00800813) li      a6, 8
core   0: 3 0x80000136 (0x00800813) x16 0x00000008
core   0: 0x8000013a (0x0306cab3) div     s5, a3, a6
core   0: 3 0x8000013a (0x0306cab3) x21 0xf9958600
core   0: 0x8000013e (0x00200393) li      t2, 2
core   0: 3 0x8000013e (0x00200393) x 7 0x00000002
core   0: 0x80000142 (0x03035a33) divu    s4, t1, a6
core   0: 3 0x80000142 (0x03035a33) x20 0x10000023
core   0: 0x80000146 (0x00000001) c.nop
core   0: 3 0x80000146 (0x0001)
core   0: 0x80000148 (0x02babf13) sltiu   t5, s5, 43
core   0: 3 0x80000148 (0x02babf13) x30 0x00000000
core   0: 0x8000014c (0x0000187d) c.addi  a6, -1
core   0: 3 0x8000014c (0x187d) x16 0x00000007
core   0: 0x8000014e (0x00008232) c.mv    tp, a2
core   0: 3 0x8000014e (0x8232) x 4 0xfffffffa
core   0: 0x80000150 (0xfe787ce3) bgeu    a6, t2, pc - 8
core   0: 3 0x80000150 (0xfe787ce3)
core   0: 0x80000148 (0x02babf13) sltiu   t5, s5, 43
core   0: 3 0x80000148 (0x02babf13) x30 0x00000000
core   0: 0x8000014c (0x0000187d) c.addi  a6, -1
core   0: 3 0x8000014c (0x187d) x16 0x00000006
core   0: 0x8000014e (0x00008232) c.mv    tp, a2
core   0: 3 0x8000014e (0x8232) x 4 0xfffffffa
core   0: 0x80000150 (0xfe787ce3) bgeu    a6, t2, pc - 8
core   0: 3 0x80000150 (0xfe787ce3)
core   0: 0x80000148 (0x02babf13) sltiu   t5, s5, 43
core   0: 3 0x80000148 (0x02babf13) x30 0x00000000
core   0: 0x8000014c (0x0000187d) c.addi  a6, -1
core   0: 3 0x8000014c (0x187d) x16 0x00000005
core   0: 0x8000014e (0x00008232) c.mv    tp, a2
core   0: 3 0x8000014e (0x8232) x 4 0xfffffffa
core   0: 0x80000150 (0xfe787ce3) bgeu    a6, t2, pc - 8
core   0: 3 0x80000150 (0xfe787ce3)
core   0: 0x80000148 (0x02babf13) sltiu   t5, s5, 43
core   0: 3 0x80000148 (0x02babf13) x30 0x00000000
core   0: 0x8000014c (0x0000187d) c.addi  a6, -1
core   0: 3 0x8000014c (0x187d) x16 0x00000004
core   0: 0x8000014e (0x00008232) c.mv    tp, a2
core   0: 3 0x8000014e (0x8232) x 4 0xfffffffa
core   0: 0x80000150 (0xfe787ce3) bgeu    a6, t2, pc - 8
core   0: 3 0x80000150 (0xfe787ce3)
core   0: 0x80000148 (0x02babf13) sltiu   t5, s5, 43
core   0: 3 0x80000148 (0x02babf13) x30 0x00000000
core   0: 0x8000014c (0x0000187d) c.addi  a6, -1
core   0: 3 0x8000014c (0x187d) x16 0x00000003
core   0: 0x8000014e (0x00008232) c.mv    tp, a2
core   0: 3 0x8000014e (0x8232) x 4 0xfffffffa
core   0: 0x80000150 (0xfe787ce3) bgeu    a6, t2, pc - 8
core   0: 3 0x80000150 (0xfe787ce3)
core   0: 0x80000148 (0x02babf13) sltiu   t5, s5, 43
core   0: 3 0x80000148 (0x02babf13) x30 0x00000000
core   0: 0x8000014c (0x0000187d) c.addi  a6, -1
core   0: 3 0x8000014c (0x187d) x16 0x00000002
core   0: 0x8000014e (0x00008232) c.mv    tp, a2
core   0: 3 0x8000014e (0x8232) x 4 0xfffffffa
core   0: 0x80000150 (0xfe787ce3) bgeu    a6, t2, pc - 8
core   0: 3 0x80000150 (0xfe787ce3)
core   0: 0x80000148 (0x02babf13) sltiu   t5, s5, 43
core   0: 3 0x80000148 (0x02babf13) x30 0x00000000
core   0: 0x8000014c (0x0000187d) c.addi  a6, -1
core   0: 3 0x8000014c (0x187d) x16 0x00000001
core   0: 0x8000014e (0x00008232) c.mv    tp, a2
core   0: 3 0x8000014e (0x8232) x 4 0xfffffffa
core   0: 0x80000150 (0xfe787ce3) bgeu    a6, t2, pc - 8
core   0: 3 0x80000150 (0xfe787ce3)
core   0: 0x80000154 (0xfd161ce3) bne     a2, a7, pc - 40
core   0: 3 0x80000154 (0xfd161ce3)
core   0: 0x80000158 (0x000099fd) c.andi  a1, -1
core   0: 3 0x80000158 (0x99fd) x11 0xfffffffd
core   0: 0x8000015a (0xff700b13) li      s6, -9
core   0: 3 0x8000015a (0xff700b13) x22 0xfffffff7
core   0: 0x8000015e (0x01bb88b3) add     a7, s7, s11
core   0: 3 0x8000015e (0x01bb88b3) x17 0x80022e60
core   0: 0x80000162 (0x00bd20b3) slt     ra, s10, a1
core   0: 3 0x80000162 (0x00bd20b3) x 1 0x00000000
core   0: 0x80000166 (0xfdef0393) addi    t2, t5, -34
core   0: 3 0x80000166 (0xfdef0393) x 7 0xffffffde
core   0: 0x8000016a (0x00300113) li      sp, 3
core   0: 3 0x8000016a (0x00300113) x 2 0x00000003
core   0: 0x8000016e (0x3c186337) lui     t1, 0x3c186
core   0: 3 0x8000016e (0x3c186337) x 6 0x3c186000
core   0: 0x80000172 (0x0000100f) fence.i
core   0: 3 0x80000172 (0x0000100f)
core   0: 0x80000176 (0x03630d33) mul     s10, t1, s6
core   0: 3 0x80000176 (0x03630d33) x26 0xe324a000
core   0: 0x8000017a (0x00000001) c.nop
core   0: 3 0x8000017a (0x0001)
core   0: 0x8000017c (0x13e53e93) sltiu   t4, a0, 318
core   0: 3 0x8000017c (0x13e53e93) x29 0x00000000
core   0: 0x80000180 (0x00c4fc33) and     s8, s1, a2
core   0: 3 0x80000180 (0x00c4fc33) x24 0x0bed5b50
core   0: 0x80000184 (0x0000055e) c.slli  a0, 23
core   0: 3 0x80000184 (0x055e) x10 0xaa000000
core   0: 0x80000186 (0x00000b25) c.addi  s6, 9
core   0: 3 0x80000186 (0x0b25) x22 0x00000000
core   0: 0x80000188 (0x00afa9b3) slt     s3, t6, a0
core   0: 3 0x80000188 (0x00afa9b3) x19 0x00000001
core   0: 0x8000018c (0x59c92f13) slti    t5, s2, 1436
core   0: 3 0x8000018c (0x59c92f13) x30 0x00000001
core   0: 0x80000190 (0xfe2b46e3) blt     s6, sp, pc - 20
core   0: 3 0x80000190 (0xfe2b46e3)
core   0: 0x8000017c (0x13e53e93) sltiu   t4, a0, 318
core   0: 3 0x8000017c (0x13e53e93) x29 0x00000000
core   0: 0x80000180 (0x00c4fc33) and     s8, s1, a2
core   0: 3 0x80000180 (0x00c4fc33) x24 0x0bed5b50
core   0: 0x80000184 (0x0000055e) c.slli  a0, 23
core   0: 3 0x80000184 (0x055e) x10 0x00000000
core   0: 0x80000186 (0x00000b25) c.addi  s6, 9
core   0: 3 0x80000186 (0x0b25) x22 0x00000009
core   0: 0x80000188 (0x00afa9b3) slt     s3, t6, a0
core   0: 3 0x80000188 (0x00afa9b3) x19 0x00000001
core   0: 0x8000018c (0x59c92f13) slti    t5, s2, 1436
core   0: 3 0x8000018c (0x59c92f13) x30 0x00000001
core   0: 0x80000190 (0xfe2b46e3) blt     s6, sp, pc - 20
core   0: 3 0x80000190 (0xfe2b46e3)
core   0: 0x80000194 (0x00008cb9) c.xor   s1, a4
core   0: 3 0x80000194 (0x8cb9) x 9 0x0bed5b50
core   0: 0x80000196 (0x00400c93) li      s9, 4
core   0: 3 0x80000196 (0x00400c93) x25 0x00000004
core   0: 0x8000019a (0xff800213) li      tp, -8
core   0: 3 0x8000019a (0xff800213) x 4 0xfffffff8
core   0: 0x8000019e (0xecbff393) andi    t2, t6, -309
core   0: 3 0x8000019e (0xecbff393) x 7 0x8000000b
core   0: 0x800001a2 (0x00009c72) c.add   s8, t3
core   0: 3 0x800001a2 (0x9c72) x24 0x0bed5b50
core   0: 0x800001a4 (0x000008f5) c.addi  a7, 29
core   0: 3 0x800001a4 (0x08f5) x17 0x80022e7d
core   0: 0x800001a6 (0x00008f19) c.sub   a4, a4
core   0: 3 0x800001a6 (0x8f19) x14 0x00000000
core   0: 0x800001a8 (0x03e10333) mul     t1, sp, t5
core   0: 3 0x800001a8 (0x03e10333) x 6 0x00000003
core   0: 0x800001ac (0x00008ef1) c.and   a3, a2
core   0: 3 0x800001ac (0x8ef1) x13 0xccac3000
core   0: 0x800001ae (0x0ff0000f) fence   iorw,iorw
core   0: 3 0x800001ae (0x0ff0000f)
core   0: 0x800001b2 (0x02c25eb3) divu    t4, tp, a2
core   0: 3 0x800001b2 (0x02c25eb3) x29 0x00000000
core   0: 0x800001b6 (0x00001ce9) c.addi  s9, -6
core   0: 3 0x800001b6 (0x1ce9) x25 0xfffffffe
core   0: 0x800001b8 (0x00a00593) li      a1, 10
core   0: 3 0x800001b8 (0x00a00593) x11 0x0000000a
core   0: 0x800001bc (0x00000001) c.nop
core   0: 3 0x800001bc (0x0001)
core   0: 0x800001be (0xd541f293) andi    t0, gp, -684
core   0: 3 0x800001be (0xd541f293) x 5 0x00000050
core   0: 0x800001c2 (0x00f15793) srli    a5, sp, 15
core   0: 3 0x800001c2 (0x00f15793) x15 0x00000000
core   0: 0x800001c6 (0x01a0bb33) sltu    s6, ra, s10
core   0: 3 0x800001c6 (0x01a0bb33) x22 0x00000001
core   0: 0x800001ca (0xfec00093) li      ra, -20
core   0: 3 0x800001ca (0xfec00093) x 1 0xffffffec
core   0: 0x800001ce (0x78690f17) auipc   t5, 0x78690
core   0: 3 0x800001ce (0x78690f17) x30 0xf86901ce
core   0: 0x800001d2 (0x00008a22) c.mv    s4, s0
core   0: 3 0x800001d2 (0x8a22) x20 0x00000000
core   0: 0x800001d4 (0x000015f9) c.addi  a1, -2
core   0: 3 0x800001d4 (0x15f9) x11 0x00000008
core   0: 0x800001d6 (0x00001408) c.addi4spn a0, sp, 544
core   0: 3 0x800001d6 (0x1408) x10 0x00000223
core   0: 0x800001d8 (0xe4312613) slti    a2, sp, -445
core   0: 3 0x800001d8 (0xe4312613) x12 0x00000000
core   0: 0x800001dc (0xfe15dbe3) bge     a1, ra, pc - 10
core   0: 3 0x800001dc (0xfe15dbe3)
core   0: 0x800001d2 (0x00008a22) c.mv    s4, s0
core   0: 3 0x800001d2 (0x8a22) x20 0x00000000
core   0: 0x800001d4 (0x000015f9) c.addi  a1, -2
core   0: 3 0x800001d4 (0x15f9) x11 0x00000006
core   0: 0x800001d6 (0x00001408) c.addi4spn a0, sp, 544
core   0: 3 0x800001d6 (0x1408) x10 0x00000223
core   0: 0x800001d8 (0xe4312613) slti    a2, sp, -445
core   0: 3 0x800001d8 (0xe4312613) x12 0x00000000
core   0: 0x800001dc (0xfe15dbe3) bge     a1, ra, pc - 10
core   0: 3 0x800001dc (0xfe15dbe3)
core   0: 0x800001d2 (0x00008a22) c.mv    s4, s0
core   0: 3 0x800001d2 (0x8a22) x20 0x00000000
core   0: 0x800001d4 (0x000015f9) c.addi  a1, -2
core   0: 3 0x800001d4 (0x15f9) x11 0x00000004
core   0: 0x800001d6 (0x00001408) c.addi4spn a0, sp, 544
core   0: 3 0x800001d6 (0x1408) x10 0x00000223
core   0: 0x800001d8 (0xe4312613) slti    a2, sp, -445
core   0: 3 0x800001d8 (0xe4312613) x12 0x00000000
core   0: 0x800001dc (0xfe15dbe3) bge     a1, ra, pc - 10
core   0: 3 0x800001dc (0xfe15dbe3)
core   0: 0x800001d2 (0x00008a22) c.mv    s4, s0
core   0: 3 0x800001d2 (0x8a22) x20 0x00000000
core   0: 0x800001d4 (0x000015f9) c.addi  a1, -2
core   0: 3 0x800001d4 (0x15f9) x11 0x00000002
core   0: 0x800001d6 (0x00001408) c.addi4spn a0, sp, 544
core   0: 3 0x800001d6 (0x1408) x10 0x00000223
core   0: 0x800001d8 (0xe4312613) slti    a2, sp, -445
core   0: 3 0x800001d8 (0xe4312613) x12 0x00000000
core   0: 0x800001dc (0xfe15dbe3) bge     a1, ra, pc - 10
core   0: 3 0x800001dc (0xfe15dbe3)
core   0: 0x800001d2 (0x00008a22) c.mv    s4, s0
core   0: 3 0x800001d2 (0x8a22) x20 0x00000000
core   0: 0x800001d4 (0x000015f9) c.addi  a1, -2
core   0: 3 0x800001d4 (0x15f9) x11 0x00000000
core   0: 0x800001d6 (0x00001408) c.addi4spn a0, sp, 544
core   0: 3 0x800001d6 (0x1408) x10 0x00000223
core   0: 0x800001d8 (0xe4312613) slti    a2, sp, -445
core   0: 3 0x800001d8 (0xe4312613) x12 0x00000000
core   0: 0x800001dc (0xfe15dbe3) bge     a1, ra, pc - 10
core   0: 3 0x800001dc (0xfe15dbe3)
core   0: 0x800001d2 (0x00008a22) c.mv    s4, s0
core   0: 3 0x800001d2 (0x8a22) x20 0x00000000
core   0: 0x800001d4 (0x000015f9) c.addi  a1, -2
core   0: 3 0x800001d4 (0x15f9) x11 0xfffffffe
core   0: 0x800001d6 (0x00001408) c.addi4spn a0, sp, 544
core   0: 3 0x800001d6 (0x1408) x10 0x00000223
core   0: 0x800001d8 (0xe4312613) slti    a2, sp, -445
core   0: 3 0x800001d8 (0xe4312613) x12 0x00000000
core   0: 0x800001dc (0xfe15dbe3) bge     a1, ra, pc - 10
core   0: 3 0x800001dc (0xfe15dbe3)
core   0: 0x800001d2 (0x00008a22) c.mv    s4, s0
core   0: 3 0x800001d2 (0x8a22) x20 0x00000000
core   0: 0x800001d4 (0x000015f9) c.addi  a1, -2
core   0: 3 0x800001d4 (0x15f9) x11 0xfffffffc
core   0: 0x800001d6 (0x00001408) c.addi4spn a0, sp, 544
core   0: 3 0x800001d6 (0x1408) x10 0x00000223
core   0: 0x800001d8 (0xe4312613) slti    a2, sp, -445
core   0: 3 0x800001d8 (0xe4312613) x12 0x00000000
core   0: 0x800001dc (0xfe15dbe3) bge     a1, ra, pc - 10
core   0: 3 0x800001dc (0xfe15dbe3)
core   0: 0x800001d2 (0x00008a22) c.mv    s4, s0
core   0: 3 0x800001d2 (0x8a22) x20 0x00000000
core   0: 0x800001d4 (0x000015f9) c.addi  a1, -2
core   0: 3 0x800001d4 (0x15f9) x11 0xfffffffa
core   0: 0x800001d6 (0x00001408) c.addi4spn a0, sp, 544
core   0: 3 0x800001d6 (0x1408) x10 0x00000223
core   0: 0x800001d8 (0xe4312613) slti    a2, sp, -445
core   0: 3 0x800001d8 (0xe4312613) x12 0x00000000
core   0: 0x800001dc (0xfe15dbe3) bge     a1, ra, pc - 10
core   0: 3 0x800001dc (0xfe15dbe3)
core   0: 0x800001d2 (0x00008a22) c.mv    s4, s0
core   0: 3 0x800001d2 (0x8a22) x20 0x00000000
core   0: 0x800001d4 (0x000015f9) c.addi  a1, -2
core   0: 3 0x800001d4 (0x15f9) x11 0xfffffff8
core   0: 0x800001d6 (0x00001408) c.addi4spn a0, sp, 544
core   0: 3 0x800001d6 (0x1408) x10 0x00000223
core   0: 0x800001d8 (0xe4312613) slti    a2, sp, -445
core   0: 3 0x800001d8 (0xe4312613) x12 0x00000000
core   0: 0x800001dc (0xfe15dbe3) bge     a1, ra, pc - 10
core   0: 3 0x800001dc (0xfe15dbe3)
core   0: 0x800001d2 (0x00008a22) c.mv    s4, s0
core   0: 3 0x800001d2 (0x8a22) x20 0x00000000
core   0: 0x800001d4 (0x000015f9) c.addi  a1, -2
core   0: 3 0x800001d4 (0x15f9) x11 0xfffffff6
core   0: 0x800001d6 (0x00001408) c.addi4spn a0, sp, 544
core   0: 3 0x800001d6 (0x1408) x10 0x00000223
core   0: 0x800001d8 (0xe4312613) slti    a2, sp, -445
core   0: 3 0x800001d8 (0xe4312613) x12 0x00000000
core   0: 0x800001dc (0xfe15dbe3) bge     a1, ra, pc - 10
core   0: 3 0x800001dc (0xfe15dbe3)
core   0: 0x800001d2 (0x00008a22) c.mv    s4, s0
core   0: 3 0x800001d2 (0x8a22) x20 0x00000000
core   0: 0x800001d4 (0x000015f9) c.addi  a1, -2
core   0: 3 0x800001d4 (0x15f9) x11 0xfffffff4
core   0: 0x800001d6 (0x00001408) c.addi4spn a0, sp, 544
core   0: 3 0x800001d6 (0x1408) x10 0x00000223
core   0: 0x800001d8 (0xe4312613) slti    a2, sp, -445
core   0: 3 0x800001d8 (0xe4312613) x12 0x00000000
core   0: 0x800001dc (0xfe15dbe3) bge     a1, ra, pc - 10
core   0: 3 0x800001dc (0xfe15dbe3)
core   0: 0x800001d2 (0x00008a22) c.mv    s4, s0
core   0: 3 0x800001d2 (0x8a22) x20 0x00000000
core   0: 0x800001d4 (0x000015f9) c.addi  a1, -2
core   0: 3 0x800001d4 (0x15f9) x11 0xfffffff2
core   0: 0x800001d6 (0x00001408) c.addi4spn a0, sp, 544
core   0: 3 0x800001d6 (0x1408) x10 0x00000223
core   0: 0x800001d8 (0xe4312613) slti    a2, sp, -445
core   0: 3 0x800001d8 (0xe4312613) x12 0x00000000
core   0: 0x800001dc (0xfe15dbe3) bge     a1, ra, pc - 10
core   0: 3 0x800001dc (0xfe15dbe3)
core   0: 0x800001d2 (0x00008a22) c.mv    s4, s0
core   0: 3 0x800001d2 (0x8a22) x20 0x00000000
core   0: 0x800001d4 (0x000015f9) c.addi  a1, -2
core   0: 3 0x800001d4 (0x15f9) x11 0xfffffff0
core   0: 0x800001d6 (0x00001408) c.addi4spn a0, sp, 544
core   0: 3 0x800001d6 (0x1408) x10 0x00000223
core   0: 0x800001d8 (0xe4312613) slti    a2, sp, -445
core   0: 3 0x800001d8 (0xe4312613) x12 0x00000000
core   0: 0x800001dc (0xfe15dbe3) bge     a1, ra, pc - 10
core   0: 3 0x800001dc (0xfe15dbe3)
core   0: 0x800001d2 (0x00008a22) c.mv    s4, s0
core   0: 3 0x800001d2 (0x8a22) x20 0x00000000
core   0: 0x800001d4 (0x000015f9) c.addi  a1, -2
core   0: 3 0x800001d4 (0x15f9) x11 0xffffffee
core   0: 0x800001d6 (0x00001408) c.addi4spn a0, sp, 544
core   0: 3 0x800001d6 (0x1408) x10 0x00000223
core   0: 0x800001d8 (0xe4312613) slti    a2, sp, -445
core   0: 3 0x800001d8 (0xe4312613) x12 0x00000000
core   0: 0x800001dc (0xfe15dbe3) bge     a1, ra, pc - 10
core   0: 3 0x800001dc (0xfe15dbe3)
core   0: 0x800001d2 (0x00008a22) c.mv    s4, s0
core   0: 3 0x800001d2 (0x8a22) x20 0x00000000
core   0: 0x800001d4 (0x000015f9) c.addi  a1, -2
core   0: 3 0x800001d4 (0x15f9) x11 0xffffffec
core   0: 0x800001d6 (0x00001408) c.addi4spn a0, sp, 544
core   0: 3 0x800001d6 (0x1408) x10 0x00000223
core   0: 0x800001d8 (0xe4312613) slti    a2, sp, -445
core   0: 3 0x800001d8 (0xe4312613) x12 0x00000000
core   0: 0x800001dc (0xfe15dbe3) bge     a1, ra, pc - 10
core   0: 3 0x800001dc (0xfe15dbe3)
core   0: 0x800001d2 (0x00008a22) c.mv    s4, s0
core   0: 3 0x800001d2 (0x8a22) x20 0x00000000
core   0: 0x800001d4 (0x000015f9) c.addi  a1, -2
core   0: 3 0x800001d4 (0x15f9) x11 0xffffffea
core   0: 0x800001d6 (0x00001408) c.addi4spn a0, sp, 544
core   0: 3 0x800001d6 (0x1408) x10 0x00000223
core   0: 0x800001d8 (0xe4312613) slti    a2, sp, -445
core   0: 3 0x800001d8 (0xe4312613) x12 0x00000000
core   0: 0x800001dc (0xfe15dbe3) bge     a1, ra, pc - 10
core   0: 3 0x800001dc (0xfe15dbe3)
core   0: 0x800001e0 (0xfa4c9fe3) bne     s9, tp, pc - 66
core   0: 3 0x800001e0 (0xfa4c9fe3)
core   0: 0x8000019e (0xecbff393) andi    t2, t6, -309
core   0: 3 0x8000019e (0xecbff393) x 7 0x8000000b
core   0: 0x800001a2 (0x00009c72) c.add   s8, t3
core   0: 3 0x800001a2 (0x9c72) x24 0x0bed5b50
core   0: 0x800001a4 (0x000008f5) c.addi  a7, 29
core   0: 3 0x800001a4 (0x08f5) x17 0x80022e9a
core   0: 0x800001a6 (0x00008f19) c.sub   a4, a4
core   0: 3 0x800001a6 (0x8f19) x14 0x00000000
core   0: 0x800001a8 (0x03e10333) mul     t1, sp, t5
core   0: 3 0x800001a8 (0x03e10333) x 6 0xe93b056a
core   0: 0x800001ac (0x00008ef1) c.and   a3, a2
core   0: 3 0x800001ac (0x8ef1) x13 0x00000000
core   0: 0x800001ae (0x0ff0000f) fence   iorw,iorw
core   0: 3 0x800001ae (0x0ff0000f)
core   0: 0x800001b2 (0x02c25eb3) divu    t4, tp, a2
core   0: 3 0x800001b2 (0x02c25eb3) x29 0xffffffff
core   0: 0x800001b6 (0x00001ce9) c.addi  s9, -6
core   0: 3 0x800001b6 (0x1ce9) x25 0xfffffff8
core   0: 0x800001b8 (0x00a00593) li      a1, 10
core   0: 3 0x800001b8 (0x00a00593) x11 0x0000000a
core   0: 0x800001bc (0x00000001) c.nop
core   0: 3 0x800001bc (0x0001)
core   0: 0x800001be (0xd541f293) andi    t0, gp, -684
core   0: 3 0x800001be (0xd541f293) x 5 0x00000050
core   0: 0x800001c2 (0x00f15793) srli    a5, sp, 15
core   0: 3 0x800001c2 (0x00f15793) x15 0x00000000
core   0: 0x800001c6 (0x01a0bb33) sltu    s6, ra, s10
core   0: 3 0x800001c6 (0x01a0bb33) x22 0x00000000
core   0: 0x800001ca (0xfec00093) li      ra, -20
core   0: 3 0x800001ca (0xfec00093) x 1 0xffffffec
core   0: 0x800001ce (0x78690f17) auipc   t5, 0x78690
core   0: 3 0x800001ce (0x78690f17) x30 0xf86901ce
core   0: 0x800001d2 (0x00008a22) c.mv    s4, s0
core   0: 3 0x800001d2 (0x8a22) x20 0x00000000
core   0: 0x800001d4 (0x000015f9) c.addi  a1, -2
core   0: 3 0x800001d4 (0x15f9) x11 0x00000008
core   0: 0x800001d6 (0x00001408) c.addi4spn a0, sp, 544
core   0: 3 0x800001d6 (0x1408) x10 0x00000223
core   0: 0x800001d8 (0xe4312613) slti    a2, sp, -445
core   0: 3 0x800001d8 (0xe4312613) x12 0x00000000
core   0: 0x800001dc (0xfe15dbe3) bge     a1, ra, pc - 10
core   0: 3 0x800001dc (0xfe15dbe3)
core   0: 0x800001d2 (0x00008a22) c.mv    s4, s0
core   0: 3 0x800001d2 (0x8a22) x20 0x00000000
core   0: 0x800001d4 (0x000015f9) c.addi  a1, -2
core   0: 3 0x800001d4 (0x15f9) x11 0x00000006
core   0: 0x800001d6 (0x00001408) c.addi4spn a0, sp, 544
core   0: 3 0x800001d6 (0x1408) x10 0x00000223
core   0: 0x800001d8 (0xe4312613) slti    a2, sp, -445
core   0: 3 0x800001d8 (0xe4312613) x12 0x00000000
core   0: 0x800001dc (0xfe15dbe3) bge     a1, ra, pc - 10
core   0: 3 0x800001dc (0xfe15dbe3)
core   0: 0x800001d2 (0x00008a22) c.mv    s4, s0
core   0: 3 0x800001d2 (0x8a22) x20 0x00000000
core   0: 0x800001d4 (0x000015f9) c.addi  a1, -2
core   0: 3 0x800001d4 (0x15f9) x11 0x00000004
core   0: 0x800001d6 (0x00001408) c.addi4spn a0, sp, 544
core   0: 3 0x800001d6 (0x1408) x10 0x00000223
core   0: 0x800001d8 (0xe4312613) slti    a2, sp, -445
core   0: 3 0x800001d8 (0xe4312613) x12 0x00000000
core   0: 0x800001dc (0xfe15dbe3) bge     a1, ra, pc - 10
core   0: 3 0x800001dc (0xfe15dbe3)
core   0: 0x800001d2 (0x00008a22) c.mv    s4, s0
core   0: 3 0x800001d2 (0x8a22) x20 0x00000000
core   0: 0x800001d4 (0x000015f9) c.addi  a1, -2
core   0: 3 0x800001d4 (0x15f9) x11 0x00000002
core   0: 0x800001d6 (0x00001408) c.addi4spn a0, sp, 544
core   0: 3 0x800001d6 (0x1408) x10 0x00000223
core   0: 0x800001d8 (0xe4312613) slti    a2, sp, -445
core   0: 3 0x800001d8 (0xe4312613) x12 0x00000000
core   0: 0x800001dc (0xfe15dbe3) bge     a1, ra, pc - 10
core   0: 3 0x800001dc (0xfe15dbe3)
core   0: 0x800001d2 (0x00008a22) c.mv    s4, s0
core   0: 3 0x800001d2 (0x8a22) x20 0x00000000
core   0: 0x800001d4 (0x000015f9) c.addi  a1, -2
core   0: 3 0x800001d4 (0x15f9) x11 0x00000000
core   0: 0x800001d6 (0x00001408) c.addi4spn a0, sp, 544
core   0: 3 0x800001d6 (0x1408) x10 0x00000223
core   0: 0x800001d8 (0xe4312613) slti    a2, sp, -445
core   0: 3 0x800001d8 (0xe4312613) x12 0x00000000
core   0: 0x800001dc (0xfe15dbe3) bge     a1, ra, pc - 10
core   0: 3 0x800001dc (0xfe15dbe3)
core   0: 0x800001d2 (0x00008a22) c.mv    s4, s0
core   0: 3 0x800001d2 (0x8a22) x20 0x00000000
core   0: 0x800001d4 (0x000015f9) c.addi  a1, -2
core   0: 3 0x800001d4 (0x15f9) x11 0xfffffffe
core   0: 0x800001d6 (0x00001408) c.addi4spn a0, sp, 544
core   0: 3 0x800001d6 (0x1408) x10 0x00000223
core   0: 0x800001d8 (0xe4312613) slti    a2, sp, -445
core   0: 3 0x800001d8 (0xe4312613) x12 0x00000000
core   0: 0x800001dc (0xfe15dbe3) bge     a1, ra, pc - 10
core   0: 3 0x800001dc (0xfe15dbe3)
core   0: 0x800001d2 (0x00008a22) c.mv    s4, s0
core   0: 3 0x800001d2 (0x8a22) x20 0x00000000
core   0: 0x800001d4 (0x000015f9) c.addi  a1, -2
core   0: 3 0x800001d4 (0x15f9) x11 0xfffffffc
core   0: 0x800001d6 (0x00001408) c.addi4spn a0, sp, 544
core   0: 3 0x800001d6 (0x1408) x10 0x00000223
core   0: 0x800001d8 (0xe4312613) slti    a2, sp, -445
core   0: 3 0x800001d8 (0xe4312613) x12 0x00000000
core   0: 0x800001dc (0xfe15dbe3) bge     a1, ra, pc - 10
core   0: 3 0x800001dc (0xfe15dbe3)
core   0: 0x800001d2 (0x00008a22) c.mv    s4, s0
core   0: 3 0x800001d2 (0x8a22) x20 0x00000000
core   0: 0x800001d4 (0x000015f9) c.addi  a1, -2
core   0: 3 0x800001d4 (0x15f9) x11 0xfffffffa
core   0: 0x800001d6 (0x00001408) c.addi4spn a0, sp, 544
core   0: 3 0x800001d6 (0x1408) x10 0x00000223
core   0: 0x800001d8 (0xe4312613) slti    a2, sp, -445
core   0: 3 0x800001d8 (0xe4312613) x12 0x00000000
core   0: 0x800001dc (0xfe15dbe3) bge     a1, ra, pc - 10
core   0: 3 0x800001dc (0xfe15dbe3)
core   0: 0x800001d2 (0x00008a22) c.mv    s4, s0
core   0: 3 0x800001d2 (0x8a22) x20 0x00000000
core   0: 0x800001d4 (0x000015f9) c.addi  a1, -2
core   0: 3 0x800001d4 (0x15f9) x11 0xfffffff8
core   0: 0x800001d6 (0x00001408) c.addi4spn a0, sp, 544
core   0: 3 0x800001d6 (0x1408) x10 0x00000223
core   0: 0x800001d8 (0xe4312613) slti    a2, sp, -445
core   0: 3 0x800001d8 (0xe4312613) x12 0x00000000
core   0: 0x800001dc (0xfe15dbe3) bge     a1, ra, pc - 10
core   0: 3 0x800001dc (0xfe15dbe3)
core   0: 0x800001d2 (0x00008a22) c.mv    s4, s0
core   0: 3 0x800001d2 (0x8a22) x20 0x00000000
core   0: 0x800001d4 (0x000015f9) c.addi  a1, -2
core   0: 3 0x800001d4 (0x15f9) x11 0xfffffff6
core   0: 0x800001d6 (0x00001408) c.addi4spn a0, sp, 544
core   0: 3 0x800001d6 (0x1408) x10 0x00000223
core   0: 0x800001d8 (0xe4312613) slti    a2, sp, -445
core   0: 3 0x800001d8 (0xe4312613) x12 0x00000000
core   0: 0x800001dc (0xfe15dbe3) bge     a1, ra, pc - 10
core   0: 3 0x800001dc (0xfe15dbe3)
core   0: 0x800001d2 (0x00008a22) c.mv    s4, s0
core   0: 3 0x800001d2 (0x8a22) x20 0x00000000
core   0: 0x800001d4 (0x000015f9) c.addi  a1, -2
core   0: 3 0x800001d4 (0x15f9) x11 0xfffffff4
core   0: 0x800001d6 (0x00001408) c.addi4spn a0, sp, 544
core   0: 3 0x800001d6 (0x1408) x10 0x00000223
core   0: 0x800001d8 (0xe4312613) slti    a2, sp, -445
core   0: 3 0x800001d8 (0xe4312613) x12 0x00000000
core   0: 0x800001dc (0xfe15dbe3) bge     a1, ra, pc - 10
core   0: 3 0x800001dc (0xfe15dbe3)
core   0: 0x800001d2 (0x00008a22) c.mv    s4, s0
core   0: 3 0x800001d2 (0x8a22) x20 0x00000000
core   0: 0x800001d4 (0x000015f9) c.addi  a1, -2
core   0: 3 0x800001d4 (0x15f9) x11 0xfffffff2
core   0: 0x800001d6 (0x00001408) c.addi4spn a0, sp, 544
core   0: 3 0x800001d6 (0x1408) x10 0x00000223
core   0: 0x800001d8 (0xe4312613) slti    a2, sp, -445
core   0: 3 0x800001d8 (0xe4312613) x12 0x00000000
core   0: 0x800001dc (0xfe15dbe3) bge     a1, ra, pc - 10
core   0: 3 0x800001dc (0xfe15dbe3)
core   0: 0x800001d2 (0x00008a22) c.mv    s4, s0
core   0: 3 0x800001d2 (0x8a22) x20 0x00000000
core   0: 0x800001d4 (0x000015f9) c.addi  a1, -2
core   0: 3 0x800001d4 (0x15f9) x11 0xfffffff0
core   0: 0x800001d6 (0x00001408) c.addi4spn a0, sp, 544
core   0: 3 0x800001d6 (0x1408) x10 0x00000223
core   0: 0x800001d8 (0xe4312613) slti    a2, sp, -445
core   0: 3 0x800001d8 (0xe4312613) x12 0x00000000
core   0: 0x800001dc (0xfe15dbe3) bge     a1, ra, pc - 10
core   0: 3 0x800001dc (0xfe15dbe3)
core   0: 0x800001d2 (0x00008a22) c.mv    s4, s0
core   0: 3 0x800001d2 (0x8a22) x20 0x00000000
core   0: 0x800001d4 (0x000015f9) c.addi  a1, -2
core   0: 3 0x800001d4 (0x15f9) x11 0xffffffee
core   0: 0x800001d6 (0x00001408) c.addi4spn a0, sp, 544
core   0: 3 0x800001d6 (0x1408) x10 0x00000223
core   0: 0x800001d8 (0xe4312613) slti    a2, sp, -445
core   0: 3 0x800001d8 (0xe4312613) x12 0x00000000
core   0: 0x800001dc (0xfe15dbe3) bge     a1, ra, pc - 10
core   0: 3 0x800001dc (0xfe15dbe3)
core   0: 0x800001d2 (0x00008a22) c.mv    s4, s0
core   0: 3 0x800001d2 (0x8a22) x20 0x00000000
core   0: 0x800001d4 (0x000015f9) c.addi  a1, -2
core   0: 3 0x800001d4 (0x15f9) x11 0xffffffec
core   0: 0x800001d6 (0x00001408) c.addi4spn a0, sp, 544
core   0: 3 0x800001d6 (0x1408) x10 0x00000223
core   0: 0x800001d8 (0xe4312613) slti    a2, sp, -445
core   0: 3 0x800001d8 (0xe4312613) x12 0x00000000
core   0: 0x800001dc (0xfe15dbe3) bge     a1, ra, pc - 10
core   0: 3 0x800001dc (0xfe15dbe3)
core   0: 0x800001d2 (0x00008a22) c.mv    s4, s0
core   0: 3 0x800001d2 (0x8a22) x20 0x00000000
core   0: 0x800001d4 (0x000015f9) c.addi  a1, -2
core   0: 3 0x800001d4 (0x15f9) x11 0xffffffea
core   0: 0x800001d6 (0x00001408) c.addi4spn a0, sp, 544
core   0: 3 0x800001d6 (0x1408) x10 0x00000223
core   0: 0x800001d8 (0xe4312613) slti    a2, sp, -445
core   0: 3 0x800001d8 (0xe4312613) x12 0x00000000
core   0: 0x800001dc (0xfe15dbe3) bge     a1, ra, pc - 10
core   0: 3 0x800001dc (0xfe15dbe3)
core   0: 0x800001e0 (0xfa4c9fe3) bne     s9, tp, pc - 66
core   0: 3 0x800001e0 (0xfa4c9fe3)
core   0: 0x800001e4 (0x00008e79) c.and   a2, a4
core   0: 3 0x800001e4 (0x8e79) x12 0x00000000
core   0: 0x800001e6 (0xff800793) li      a5, -8
core   0: 3 0x800001e6 (0xff800793) x15 0xfffffff8
core   0: 0x800001ea (0xfef00a13) li      s4, -17
core   0: 3 0x800001ea (0xfef00a13) x20 0xffffffef
core   0: 0x800001ee (0x00000184) c.addi4spn s1, sp, 192
core   0: 3 0x800001ee (0x0184) x 9 0x000000c3
core   0: 0x800001f0 (0x000017f5) c.addi  a5, -3
core   0: 3 0x800001f0 (0x17f5) x15 0xfffffff5
core   0: 0x800001f2 (0x00200b13) li      s6, 2
core   0: 3 0x800001f2 (0x00200b13) x22 0x00000002
core   0: 0x800001f6 (0xff900b93) li      s7, -7
core   0: 3 0x800001f6 (0xff900b93) x23 0xfffffff9
core   0: 0x800001fa (0x03b4fe33) remu    t3, s1, s11
core   0: 3 0x800001fa (0x03b4fe33) x28 0x000000c3
core   0: 0x800001fe (0x00001b5d) c.addi  s6, -9
core   0: 3 0x800001fe (0x1b5d) x22 0xfffffff9
core   0: 0x80000200 (0xff7b0de3) beq     s6, s7, pc - 6
core   0: 3 0x80000200 (0xff7b0de3)
core   0: 0x800001fa (0x03b4fe33) remu    t3, s1, s11
core   0: 3 0x800001fa (0x03b4fe33) x28 0x000000c3
core   0: 0x800001fe (0x00001b5d) c.addi  s6, -9
core   0: 3 0x800001fe (0x1b5d) x22 0xfffffff0
core   0: 0x80000200 (0xff7b0de3) beq     s6, s7, pc - 6
core   0: 3 0x80000200 (0xff7b0de3)
core   0: 0x80000204 (0xff4785e3) beq     a5, s4, pc - 22
core   0: 3 0x80000204 (0xff4785e3)
core   0: 0x80000208 (0x00d675b3) and     a1, a2, a3
core   0: 3 0x80000208 (0x00d675b3) x11 0x00000000
core   0: 0x8000020c (0x00a00613) li      a2, 10
core   0: 3 0x8000020c (0x00a00613) x12 0x0000000a
core   0: 0x80000210 (0x01300213) li      tp, 19
core   0: 3 0x80000210 (0x01300213) x 4 0x00000013
core   0: 0x80000214 (0x0000818d) c.srli  a1, 3
core   0: 3 0x80000214 (0x818d) x11 0x00000000
core   0: 0x80000216 (0x028150b3) divu    ra, sp, s0
core   0: 3 0x80000216 (0x028150b3) x 1 0xffffffff
core   0: 0x8000021a (0x17034c93) xori    s9, t1, 368
core   0: 3 0x8000021a (0x17034c93) x25 0xe93b041a
core   0: 0x8000021e (0x00000625) c.addi  a2, 9
core   0: 3 0x8000021e (0x0625) x12 0x00000013
core   0: 0x80000220 (0x000efb33) and     s6, t4, zero
core   0: 3 0x80000220 (0x000efb33) x22 0x00000000
core   0: 0x80000224 (0x93986693) ori     a3, a6, -1735
core   0: 3 0x80000224 (0x93986693) x13 0xfffff939
core   0: 0x80000228 (0x00000001) c.nop
core   0: 3 0x80000228 (0x0001)
core   0: 0x8000022a (0xfe4616e3) bne     a2, tp, pc - 20
core   0: 3 0x8000022a (0xfe4616e3)
core   0: 0x8000022e (0x918e4393) xori    t2, t3, -1768
core   0: 3 0x8000022e (0x918e4393) x 7 0xfffff9db
core   0: 0x80000232 (0xffc00a13) li      s4, -4
core   0: 3 0x80000232 (0xffc00a13) x20 0xfffffffc
core   0: 0x80000236 (0x00004185) c.li    gp, 1
core   0: 3 0x80000236 (0x4185) x 3 0x00000001
core   0: 0x80000238 (0x01feb9b3) sltu    s3, t4, t6
core   0: 3 0x80000238 (0x01feb9b3) x19 0x00000000
core   0: 0x8000023c (0xfee00c13) li      s8, -18
core   0: 3 0x8000023c (0xfee00c13) x24 0xffffffee
core   0: 0x80000240 (0x4169d113) srai    sp, s3, 22
core   0: 3 0x80000240 (0x4169d113) x 2 0x00000000
core   0: 0x80000244 (0x4051dab3) sra     s5, gp, t0
core   0: 3 0x80000244 (0x4051dab3) x21 0x00000000
core   0: 0x80000248 (0x00000001) c.nop
core   0: 3 0x80000248 (0x0001)
core   0: 0x8000024a (0x413a0bb3) sub     s7, s4, s3
core   0: 3 0x8000024a (0x413a0bb3) x23 0xfffffffc
core   0: 0x8000024e (0x0225aeb3) mulhsu  t4, a1, sp
core   0: 3 0x8000024e (0x0225aeb3) x29 0x00000000
core   0: 0x80000252 (0x00001a79) c.addi  s4, -2
core   0: 3 0x80000252 (0x1a79) x20 0xfffffffa
core   0: 0x80000254 (0x41145333) sra     t1, s0, a7
core   0: 3 0x80000254 (0x41145333) x 6 0x00000000
core   0: 0x80000258 (0x7c7b3f13) sltiu   t5, s6, 1991
core   0: 3 0x80000258 (0x7c7b3f13) x30 0x00000001
core   0: 0x8000025c (0x01dab833) sltu    a6, s5, t4
core   0: 3 0x8000025c (0x01dab833) x16 0x00000000
core   0: 0x80000260 (0x015009b3) add     s3, zero, s5
core   0: 3 0x80000260 (0x015009b3) x19 0x00000000
core   0: 0x80000264 (0x00008ecd) c.or    a3, a1
core   0: 3 0x80000264 (0x8ecd) x13 0xfffff939
core   0: 0x80000266 (0x00591833) sll     a6, s2, t0
core   0: 3 0x80000266 (0x00591833) x16 0x6ce40000
core   0: 0x8000026a (0xfd8a1fe3) bne     s4, s8, pc - 34
core   0: 3 0x8000026a (0xfd8a1fe3)
core   0: 0x80000248 (0x00000001) c.nop
core   0: 3 0x80000248 (0x0001)
core   0: 0x8000024a (0x413a0bb3) sub     s7, s4, s3
core   0: 3 0x8000024a (0x413a0bb3) x23 0xfffffffa
core   0: 0x8000024e (0x0225aeb3) mulhsu  t4, a1, sp
core   0: 3 0x8000024e (0x0225aeb3) x29 0x00000000
core   0: 0x80000252 (0x00001a79) c.addi  s4, -2
core   0: 3 0x80000252 (0x1a79) x20 0xfffffff8
core   0: 0x80000254 (0x41145333) sra     t1, s0, a7
core   0: 3 0x80000254 (0x41145333) x 6 0x00000000
core   0: 0x80000258 (0x7c7b3f13) sltiu   t5, s6, 1991
core   0: 3 0x80000258 (0x7c7b3f13) x30 0x00000001
core   0: 0x8000025c (0x01dab833) sltu    a6, s5, t4
core   0: 3 0x8000025c (0x01dab833) x16 0x00000000
core   0: 0x80000260 (0x015009b3) add     s3, zero, s5
core   0: 3 0x80000260 (0x015009b3) x19 0x00000000
core   0: 0x80000264 (0x00008ecd) c.or    a3, a1
core   0: 3 0x80000264 (0x8ecd) x13 0xfffff939
core   0: 0x80000266 (0x00591833) sll     a6, s2, t0
core   0: 3 0x80000266 (0x00591833) x16 0x6ce40000
core   0: 0x8000026a (0xfd8a1fe3) bne     s4, s8, pc - 34
core   0: 3 0x8000026a (0xfd8a1fe3)
core   0: 0x80000248 (0x00000001) c.nop
core   0: 3 0x80000248 (0x0001)
core   0: 0x8000024a (0x413a0bb3) sub     s7, s4, s3
core   0: 3 0x8000024a (0x413a0bb3) x23 0xfffffff8
core   0: 0x8000024e (0x0225aeb3) mulhsu  t4, a1, sp
core   0: 3 0x8000024e (0x0225aeb3) x29 0x00000000
core   0: 0x80000252 (0x00001a79) c.addi  s4, -2
core   0: 3 0x80000252 (0x1a79) x20 0xfffffff6
core   0: 0x80000254 (0x41145333) sra     t1, s0, a7
core   0: 3 0x80000254 (0x41145333) x 6 0x00000000
core   0: 0x80000258 (0x7c7b3f13) sltiu   t5, s6, 1991
core   0: 3 0x80000258 (0x7c7b3f13) x30 0x00000001
core   0: 0x8000025c (0x01dab833) sltu    a6, s5, t4
core   0: 3 0x8000025c (0x01dab833) x16 0x00000000
core   0: 0x80000260 (0x015009b3) add     s3, zero, s5
core   0: 3 0x80000260 (0x015009b3) x19 0x00000000
core   0: 0x80000264 (0x00008ecd) c.or    a3, a1
core   0: 3 0x80000264 (0x8ecd) x13 0xfffff939
core   0: 0x80000266 (0x00591833) sll     a6, s2, t0
core   0: 3 0x80000266 (0x00591833) x16 0x6ce40000
core   0: 0x8000026a (0xfd8a1fe3) bne     s4, s8, pc - 34
core   0: 3 0x8000026a (0xfd8a1fe3)
core   0: 0x80000248 (0x00000001) c.nop
core   0: 3 0x80000248 (0x0001)
core   0: 0x8000024a (0x413a0bb3) sub     s7, s4, s3
core   0: 3 0x8000024a (0x413a0bb3) x23 0xfffffff6
core   0: 0x8000024e (0x0225aeb3) mulhsu  t4, a1, sp
core   0: 3 0x8000024e (0x0225aeb3) x29 0x00000000
core   0: 0x80000252 (0x00001a79) c.addi  s4, -2
core   0: 3 0x80000252 (0x1a79) x20 0xfffffff4
core   0: 0x80000254 (0x41145333) sra     t1, s0, a7
core   0: 3 0x80000254 (0x41145333) x 6 0x00000000
core   0: 0x80000258 (0x7c7b3f13) sltiu   t5, s6, 1991
core   0: 3 0x80000258 (0x7c7b3f13) x30 0x00000001
core   0: 0x8000025c (0x01dab833) sltu    a6, s5, t4
core   0: 3 0x8000025c (0x01dab833) x16 0x00000000
core   0: 0x80000260 (0x015009b3) add     s3, zero, s5
core   0: 3 0x80000260 (0x015009b3) x19 0x00000000
core   0: 0x80000264 (0x00008ecd) c.or    a3, a1
core   0: 3 0x80000264 (0x8ecd) x13 0xfffff939
core   0: 0x80000266 (0x00591833) sll     a6, s2, t0
core   0: 3 0x80000266 (0x00591833) x16 0x6ce40000
core   0: 0x8000026a (0xfd8a1fe3) bne     s4, s8, pc - 34
core   0: 3 0x8000026a (0xfd8a1fe3)
core   0: 0x80000248 (0x00000001) c.nop
core   0: 3 0x80000248 (0x0001)
core   0: 0x8000024a (0x413a0bb3) sub     s7, s4, s3
core   0: 3 0x8000024a (0x413a0bb3) x23 0xfffffff4
core   0: 0x8000024e (0x0225aeb3) mulhsu  t4, a1, sp
core   0: 3 0x8000024e (0x0225aeb3) x29 0x00000000
core   0: 0x80000252 (0x00001a79) c.addi  s4, -2
core   0: 3 0x80000252 (0x1a79) x20 0xfffffff2
core   0: 0x80000254 (0x41145333) sra     t1, s0, a7
core   0: 3 0x80000254 (0x41145333) x 6 0x00000000
core   0: 0x80000258 (0x7c7b3f13) sltiu   t5, s6, 1991
core   0: 3 0x80000258 (0x7c7b3f13) x30 0x00000001
core   0: 0x8000025c (0x01dab833) sltu    a6, s5, t4
core   0: 3 0x8000025c (0x01dab833) x16 0x00000000
core   0: 0x80000260 (0x015009b3) add     s3, zero, s5
core   0: 3 0x80000260 (0x015009b3) x19 0x00000000
core   0: 0x80000264 (0x00008ecd) c.or    a3, a1
core   0: 3 0x80000264 (0x8ecd) x13 0xfffff939
core   0: 0x80000266 (0x00591833) sll     a6, s2, t0
core   0: 3 0x80000266 (0x00591833) x16 0x6ce40000
core   0: 0x8000026a (0xfd8a1fe3) bne     s4, s8, pc - 34
core   0: 3 0x8000026a (0xfd8a1fe3)
core   0: 0x80000248 (0x00000001) c.nop
core   0: 3 0x80000248 (0x0001)
core   0: 0x8000024a (0x413a0bb3) sub     s7, s4, s3
core   0: 3 0x8000024a (0x413a0bb3) x23 0xfffffff2
core   0: 0x8000024e (0x0225aeb3) mulhsu  t4, a1, sp
core   0: 3 0x8000024e (0x0225aeb3) x29 0x00000000
core   0: 0x80000252 (0x00001a79) c.addi  s4, -2
core   0: 3 0x80000252 (0x1a79) x20 0xfffffff0
core   0: 0x80000254 (0x41145333) sra     t1, s0, a7
core   0: 3 0x80000254 (0x41145333) x 6 0x00000000
core   0: 0x80000258 (0x7c7b3f13) sltiu   t5, s6, 1991
core   0: 3 0x80000258 (0x7c7b3f13) x30 0x00000001
core   0: 0x8000025c (0x01dab833) sltu    a6, s5, t4
core   0: 3 0x8000025c (0x01dab833) x16 0x00000000
core   0: 0x80000260 (0x015009b3) add     s3, zero, s5
core   0: 3 0x80000260 (0x015009b3) x19 0x00000000
core   0: 0x80000264 (0x00008ecd) c.or    a3, a1
core   0: 3 0x80000264 (0x8ecd) x13 0xfffff939
core   0: 0x80000266 (0x00591833) sll     a6, s2, t0
core   0: 3 0x80000266 (0x00591833) x16 0x6ce40000
core   0: 0x8000026a (0xfd8a1fe3) bne     s4, s8, pc - 34
core   0: 3 0x8000026a (0xfd8a1fe3)
core   0: 0x80000248 (0x00000001) c.nop
core   0: 3 0x80000248 (0x0001)
core   0: 0x8000024a (0x413a0bb3) sub     s7, s4, s3
core   0: 3 0x8000024a (0x413a0bb3) x23 0xfffffff0
core   0: 0x8000024e (0x0225aeb3) mulhsu  t4, a1, sp
core   0: 3 0x8000024e (0x0225aeb3) x29 0x00000000
core   0: 0x80000252 (0x00001a79) c.addi  s4, -2
core   0: 3 0x80000252 (0x1a79) x20 0xffffffee
core   0: 0x80000254 (0x41145333) sra     t1, s0, a7
core   0: 3 0x80000254 (0x41145333) x 6 0x00000000
core   0: 0x80000258 (0x7c7b3f13) sltiu   t5, s6, 1991
core   0: 3 0x80000258 (0x7c7b3f13) x30 0x00000001
core   0: 0x8000025c (0x01dab833) sltu    a6, s5, t4
core   0: 3 0x8000025c (0x01dab833) x16 0x00000000
core   0: 0x80000260 (0x015009b3) add     s3, zero, s5
core   0: 3 0x80000260 (0x015009b3) x19 0x00000000
core   0: 0x80000264 (0x00008ecd) c.or    a3, a1
core   0: 3 0x80000264 (0x8ecd) x13 0xfffff939
core   0: 0x80000266 (0x00591833) sll     a6, s2, t0
core   0: 3 0x80000266 (0x00591833) x16 0x6ce40000
core   0: 0x8000026a (0xfd8a1fe3) bne     s4, s8, pc - 34
core   0: 3 0x8000026a (0xfd8a1fe3)
core   0: 0x8000026e (0x00a55613) srli    a2, a0, 10
core   0: 3 0x8000026e (0x00a55613) x12 0x00000000
core   0: 0x80000272 (0xff600113) li      sp, -10
core   0: 3 0x80000272 (0xff600113) x 2 0xfffffff6
core   0: 0x80000276 (0x01200f93) li      t6, 18
core   0: 3 0x80000276 (0x01200f93) x31 0x00000012
core   0: 0x8000027a (0xa238b493) sltiu   s1, a7, -1501
core   0: 3 0x8000027a (0xa238b493) x 9 0x00000001
core   0: 0x8000027e (0x015febb3) or      s7, t6, s5
core   0: 3 0x8000027e (0x015febb3) x23 0x00000012
core   0: 0x80000282 (0x00000111) c.addi  sp, 4
core   0: 3 0x80000282 (0x0111) x 2 0xfffffffa
core   0: 0x80000284 (0xff900c93) li      s9, -7
core   0: 3 0x80000284 (0xff900c93) x25 0xfffffff9
core   0: 0x80000288 (0x00a00a93) li      s5, 10
core   0: 3 0x80000288 (0x00a00a93) x21 0x0000000a
core   0: 0x8000028c (0x018871b3) and     gp, a6, s8
core   0: 3 0x8000028c (0x018871b3) x 3 0x6ce40000
core   0: 0x80000290 (0x00dc99b3) sll     s3, s9, a3
core   0: 3 0x80000290 (0x00dc99b3) x19 0xf2000000
core   0: 0x80000294 (0x00000ca1) c.addi  s9, 8
core   0: 3 0x80000294 (0x0ca1) x25 0x00000001
core   0: 0x80000296 (0xff5ccbe3) blt     s9, s5, pc - 10
core   0: 3 0x80000296 (0xff5ccbe3)
core   0: 0x8000028c (0x018871b3) and     gp, a6, s8
core   0: 3 0x8000028c (0x018871b3) x 3 0x6ce40000
core   0: 0x80000290 (0x00dc99b3) sll     s3, s9, a3
core   0: 3 0x80000290 (0x00dc99b3) x19 0x02000000
core   0: 0x80000294 (0x00000ca1) c.addi  s9, 8
core   0: 3 0x80000294 (0x0ca1) x25 0x00000009
core   0: 0x80000296 (0xff5ccbe3) blt     s9, s5, pc - 10
core   0: 3 0x80000296 (0xff5ccbe3)
core   0: 0x8000028c (0x018871b3) and     gp, a6, s8
core   0: 3 0x8000028c (0x018871b3) x 3 0x6ce40000
core   0: 0x80000290 (0x00dc99b3) sll     s3, s9, a3
core   0: 3 0x80000290 (0x00dc99b3) x19 0x12000000
core   0: 0x80000294 (0x00000ca1) c.addi  s9, 8
core   0: 3 0x80000294 (0x0ca1) x25 0x00000011
core   0: 0x80000296 (0xff5ccbe3) blt     s9, s5, pc - 10
core   0: 3 0x80000296 (0xff5ccbe3)
core   0: 0x8000029a (0xfff142e3) blt     sp, t6, pc - 28
core   0: 3 0x8000029a (0xfff142e3)
core   0: 0x8000027e (0x015febb3) or      s7, t6, s5
core   0: 3 0x8000027e (0x015febb3) x23 0x0000001a
core   0: 0x80000282 (0x00000111) c.addi  sp, 4
core   0: 3 0x80000282 (0x0111) x 2 0xfffffffe
core   0: 0x80000284 (0xff900c93) li      s9, -7
core   0: 3 0x80000284 (0xff900c93) x25 0xfffffff9
core   0: 0x80000288 (0x00a00a93) li      s5, 10
core   0: 3 0x80000288 (0x00a00a93) x21 0x0000000a
core   0: 0x8000028c (0x018871b3) and     gp, a6, s8
core   0: 3 0x8000028c (0x018871b3) x 3 0x6ce40000
core   0: 0x80000290 (0x00dc99b3) sll     s3, s9, a3
core   0: 3 0x80000290 (0x00dc99b3) x19 0xf2000000
core   0: 0x80000294 (0x00000ca1) c.addi  s9, 8
core   0: 3 0x80000294 (0x0ca1) x25 0x00000001
core   0: 0x80000296 (0xff5ccbe3) blt     s9, s5, pc - 10
core   0: 3 0x80000296 (0xff5ccbe3)
core   0: 0x8000028c (0x018871b3) and     gp, a6, s8
core   0: 3 0x8000028c (0x018871b3) x 3 0x6ce40000
core   0: 0x80000290 (0x00dc99b3) sll     s3, s9, a3
core   0: 3 0x80000290 (0x00dc99b3) x19 0x02000000
core   0: 0x80000294 (0x00000ca1) c.addi  s9, 8
core   0: 3 0x80000294 (0x0ca1) x25 0x00000009
core   0: 0x80000296 (0xff5ccbe3) blt     s9, s5, pc - 10
core   0: 3 0x80000296 (0xff5ccbe3)
core   0: 0x8000028c (0x018871b3) and     gp, a6, s8
core   0: 3 0x8000028c (0x018871b3) x 3 0x6ce40000
core   0: 0x80000290 (0x00dc99b3) sll     s3, s9, a3
core   0: 3 0x80000290 (0x00dc99b3) x19 0x12000000
core   0: 0x80000294 (0x00000ca1) c.addi  s9, 8
core   0: 3 0x80000294 (0x0ca1) x25 0x00000011
core   0: 0x80000296 (0xff5ccbe3) blt     s9, s5, pc - 10
core   0: 3 0x80000296 (0xff5ccbe3)
core   0: 0x8000029a (0xfff142e3) blt     sp, t6, pc - 28
core   0: 3 0x8000029a (0xfff142e3)
core   0: 0x8000027e (0x015febb3) or      s7, t6, s5
core   0: 3 0x8000027e (0x015febb3) x23 0x0000001a
core   0: 0x80000282 (0x00000111) c.addi  sp, 4
core   0: 3 0x80000282 (0x0111) x 2 0x00000002
core   0: 0x80000284 (0xff900c93) li      s9, -7
core   0: 3 0x80000284 (0xff900c93) x25 0xfffffff9
core   0: 0x80000288 (0x00a00a93) li      s5, 10
core   0: 3 0x80000288 (0x00a00a93) x21 0x0000000a
core   0: 0x8000028c (0x018871b3) and     gp, a6, s8
core   0: 3 0x8000028c (0x018871b3) x 3 0x6ce40000
core   0: 0x80000290 (0x00dc99b3) sll     s3, s9, a3
core   0: 3 0x80000290 (0x00dc99b3) x19 0xf2000000
core   0: 0x80000294 (0x00000ca1) c.addi  s9, 8
core   0: 3 0x80000294 (0x0ca1) x25 0x00000001
core   0: 0x80000296 (0xff5ccbe3) blt     s9, s5, pc - 10
core   0: 3 0x80000296 (0xff5ccbe3)
core   0: 0x8000028c (0x018871b3) and     gp, a6, s8
core   0: 3 0x8000028c (0x018871b3) x 3 0x6ce40000
core   0: 0x80000290 (0x00dc99b3) sll     s3, s9, a3
core   0: 3 0x80000290 (0x00dc99b3) x19 0x02000000
core   0: 0x80000294 (0x00000ca1) c.addi  s9, 8
core   0: 3 0x80000294 (0x0ca1) x25 0x00000009
core   0: 0x80000296 (0xff5ccbe3) blt     s9, s5, pc - 10
core   0: 3 0x80000296 (0xff5ccbe3)
core   0: 0x8000028c (0x018871b3) and     gp, a6, s8
core   0: 3 0x8000028c (0x018871b3) x 3 0x6ce40000
core   0: 0x80000290 (0x00dc99b3) sll     s3, s9, a3
core   0: 3 0x80000290 (0x00dc99b3) x19 0x12000000
core   0: 0x80000294 (0x00000ca1) c.addi  s9, 8
core   0: 3 0x80000294 (0x0ca1) x25 0x00000011
core   0: 0x80000296 (0xff5ccbe3) blt     s9, s5, pc - 10
core   0: 3 0x80000296 (0xff5ccbe3)
core   0: 0x8000029a (0xfff142e3) blt     sp, t6, pc - 28
core   0: 3 0x8000029a (0xfff142e3)
core   0: 0x8000027e (0x015febb3) or      s7, t6, s5
core   0: 3 0x8000027e (0x015febb3) x23 0x0000001a
core   0: 0x80000282 (0x00000111) c.addi  sp, 4
core   0: 3 0x80000282 (0x0111) x 2 0x00000006
core   0: 0x80000284 (0xff900c93) li      s9, -7
core   0: 3 0x80000284 (0xff900c93) x25 0xfffffff9
core   0: 0x80000288 (0x00a00a93) li      s5, 10
core   0: 3 0x80000288 (0x00a00a93) x21 0x0000000a
core   0: 0x8000028c (0x018871b3) and     gp, a6, s8
core   0: 3 0x8000028c (0x018871b3) x 3 0x6ce40000
core   0: 0x80000290 (0x00dc99b3) sll     s3, s9, a3
core   0: 3 0x80000290 (0x00dc99b3) x19 0xf2000000
core   0: 0x80000294 (0x00000ca1) c.addi  s9, 8
core   0: 3 0x80000294 (0x0ca1) x25 0x00000001
core   0: 0x80000296 (0xff5ccbe3) blt     s9, s5, pc - 10
core   0: 3 0x80000296 (0xff5ccbe3)
core   0: 0x8000028c (0x018871b3) and     gp, a6, s8
core   0: 3 0x8000028c (0x018871b3) x 3 0x6ce40000
core   0: 0x80000290 (0x00dc99b3) sll     s3, s9, a3
core   0: 3 0x80000290 (0x00dc99b3) x19 0x02000000
core   0: 0x80000294 (0x00000ca1) c.addi  s9, 8
core   0: 3 0x80000294 (0x0ca1) x25 0x00000009
core   0: 0x80000296 (0xff5ccbe3) blt     s9, s5, pc - 10
core   0: 3 0x80000296 (0xff5ccbe3)
core   0: 0x8000028c (0x018871b3) and     gp, a6, s8
core   0: 3 0x8000028c (0x018871b3) x 3 0x6ce40000
core   0: 0x80000290 (0x00dc99b3) sll     s3, s9, a3
core   0: 3 0x80000290 (0x00dc99b3) x19 0x12000000
core   0: 0x80000294 (0x00000ca1) c.addi  s9, 8
core   0: 3 0x80000294 (0x0ca1) x25 0x00000011
core   0: 0x80000296 (0xff5ccbe3) blt     s9, s5, pc - 10
core   0: 3 0x80000296 (0xff5ccbe3)
core   0: 0x8000029a (0xfff142e3) blt     sp, t6, pc - 28
core   0: 3 0x8000029a (0xfff142e3)
core   0: 0x8000027e (0x015febb3) or      s7, t6, s5
core   0: 3 0x8000027e (0x015febb3) x23 0x0000001a
core   0: 0x80000282 (0x00000111) c.addi  sp, 4
core   0: 3 0x80000282 (0x0111) x 2 0x0000000a
core   0: 0x80000284 (0xff900c93) li      s9, -7
core   0: 3 0x80000284 (0xff900c93) x25 0xfffffff9
core   0: 0x80000288 (0x00a00a93) li      s5, 10
core   0: 3 0x80000288 (0x00a00a93) x21 0x0000000a
core   0: 0x8000028c (0x018871b3) and     gp, a6, s8
core   0: 3 0x8000028c (0x018871b3) x 3 0x6ce40000
core   0: 0x80000290 (0x00dc99b3) sll     s3, s9, a3
core   0: 3 0x80000290 (0x00dc99b3) x19 0xf2000000
core   0: 0x80000294 (0x00000ca1) c.addi  s9, 8
core   0: 3 0x80000294 (0x0ca1) x25 0x00000001
core   0: 0x80000296 (0xff5ccbe3) blt     s9, s5, pc - 10
core   0: 3 0x80000296 (0xff5ccbe3)
core   0: 0x8000028c (0x018871b3) and     gp, a6, s8
core   0: 3 0x8000028c (0x018871b3) x 3 0x6ce40000
core   0: 0x80000290 (0x00dc99b3) sll     s3, s9, a3
core   0: 3 0x80000290 (0x00dc99b3) x19 0x02000000
core   0: 0x80000294 (0x00000ca1) c.addi  s9, 8
core   0: 3 0x80000294 (0x0ca1) x25 0x00000009
core   0: 0x80000296 (0xff5ccbe3) blt     s9, s5, pc - 10
core   0: 3 0x80000296 (0xff5ccbe3)
core   0: 0x8000028c (0x018871b3) and     gp, a6, s8
core   0: 3 0x8000028c (0x018871b3) x 3 0x6ce40000
core   0: 0x80000290 (0x00dc99b3) sll     s3, s9, a3
core   0: 3 0x80000290 (0x00dc99b3) x19 0x12000000
core   0: 0x80000294 (0x00000ca1) c.addi  s9, 8
core   0: 3 0x80000294 (0x0ca1) x25 0x00000011
core   0: 0x80000296 (0xff5ccbe3) blt     s9, s5, pc - 10
core   0: 3 0x80000296 (0xff5ccbe3)
core   0: 0x8000029a (0xfff142e3) blt     sp, t6, pc - 28
core   0: 3 0x8000029a (0xfff142e3)
core   0: 0x8000027e (0x015febb3) or      s7, t6, s5
core   0: 3 0x8000027e (0x015febb3) x23 0x0000001a
core   0: 0x80000282 (0x00000111) c.addi  sp, 4
core   0: 3 0x80000282 (0x0111) x 2 0x0000000e
core   0: 0x80000284 (0xff900c93) li      s9, -7
core   0: 3 0x80000284 (0xff900c93) x25 0xfffffff9
core   0: 0x80000288 (0x00a00a93) li      s5, 10
core   0: 3 0x80000288 (0x00a00a93) x21 0x0000000a
core   0: 0x8000028c (0x018871b3) and     gp, a6, s8
core   0: 3 0x8000028c (0x018871b3) x 3 0x6ce40000
core   0: 0x80000290 (0x00dc99b3) sll     s3, s9, a3
core   0: 3 0x80000290 (0x00dc99b3) x19 0xf2000000
core   0: 0x80000294 (0x00000ca1) c.addi  s9, 8
core   0: 3 0x80000294 (0x0ca1) x25 0x00000001
core   0: 0x80000296 (0xff5ccbe3) blt     s9, s5, pc - 10
core   0: 3 0x80000296 (0xff5ccbe3)
core   0: 0x8000028c (0x018871b3) and     gp, a6, s8
core   0: 3 0x8000028c (0x018871b3) x 3 0x6ce40000
core   0: 0x80000290 (0x00dc99b3) sll     s3, s9, a3
core   0: 3 0x80000290 (0x00dc99b3) x19 0x02000000
core   0: 0x80000294 (0x00000ca1) c.addi  s9, 8
core   0: 3 0x80000294 (0x0ca1) x25 0x00000009
core   0: 0x80000296 (0xff5ccbe3) blt     s9, s5, pc - 10
core   0: 3 0x80000296 (0xff5ccbe3)
core   0: 0x8000028c (0x018871b3) and     gp, a6, s8
core   0: 3 0x8000028c (0x018871b3) x 3 0x6ce40000
core   0: 0x80000290 (0x00dc99b3) sll     s3, s9, a3
core   0: 3 0x80000290 (0x00dc99b3) x19 0x12000000
core   0: 0x80000294 (0x00000ca1) c.addi  s9, 8
core   0: 3 0x80000294 (0x0ca1) x25 0x00000011
core   0: 0x80000296 (0xff5ccbe3) blt     s9, s5, pc - 10
core   0: 3 0x80000296 (0xff5ccbe3)
core   0: 0x8000029a (0xfff142e3) blt     sp, t6, pc - 28
core   0: 3 0x8000029a (0xfff142e3)
core   0: 0x8000027e (0x015febb3) or      s7, t6, s5
core   0: 3 0x8000027e (0x015febb3) x23 0x0000001a
core   0: 0x80000282 (0x00000111) c.addi  sp, 4
core   0: 3 0x80000282 (0x0111) x 2 0x00000012
core   0: 0x80000284 (0xff900c93) li      s9, -7
core   0: 3 0x80000284 (0xff900c93) x25 0xfffffff9
core   0: 0x80000288 (0x00a00a93) li      s5, 10
core   0: 3 0x80000288 (0x00a00a93) x21 0x0000000a
core   0: 0x8000028c (0x018871b3) and     gp, a6, s8
core   0: 3 0x8000028c (0x018871b3) x 3 0x6ce40000
core   0: 0x80000290 (0x00dc99b3) sll     s3, s9, a3
core   0: 3 0x80000290 (0x00dc99b3) x19 0xf2000000
core   0: 0x80000294 (0x00000ca1) c.addi  s9, 8
core   0: 3 0x80000294 (0x0ca1) x25 0x00000001
core   0: 0x80000296 (0xff5ccbe3) blt     s9, s5, pc - 10
core   0: 3 0x80000296 (0xff5ccbe3)
core   0: 0x8000028c (0x018871b3) and     gp, a6, s8
core   0: 3 0x8000028c (0x018871b3) x 3 0x6ce40000
core   0: 0x80000290 (0x00dc99b3) sll     s3, s9, a3
core   0: 3 0x80000290 (0x00dc99b3) x19 0x02000000
core   0: 0x80000294 (0x00000ca1) c.addi  s9, 8
core   0: 3 0x80000294 (0x0ca1) x25 0x00000009
core   0: 0x80000296 (0xff5ccbe3) blt     s9, s5, pc - 10
core   0: 3 0x80000296 (0xff5ccbe3)
core   0: 0x8000028c (0x018871b3) and     gp, a6, s8
core   0: 3 0x8000028c (0x018871b3) x 3 0x6ce40000
core   0: 0x80000290 (0x00dc99b3) sll     s3, s9, a3
core   0: 3 0x80000290 (0x00dc99b3) x19 0x12000000
core   0: 0x80000294 (0x00000ca1) c.addi  s9, 8
core   0: 3 0x80000294 (0x0ca1) x25 0x00000011
core   0: 0x80000296 (0xff5ccbe3) blt     s9, s5, pc - 10
core   0: 3 0x80000296 (0xff5ccbe3)
core   0: 0x8000029a (0xfff142e3) blt     sp, t6, pc - 28
core   0: 3 0x8000029a (0xfff142e3)
core   0: 0x8000029e (0x409dd793) srai    a5, s11, 9
core   0: 3 0x8000029e (0x409dd793) x15 0xffc00117
core   0: 0x800002a2 (0xffd00693) li      a3, -3
core   0: 3 0x800002a2 (0xffd00693) x13 0xfffffffd
core   0: 0x800002a6 (0x00900393) li      t2, 9
core   0: 3 0x800002a6 (0x00900393) x 7 0x00000009
core   0: 0x800002aa (0x00004ae9) c.li    s5, 26
core   0: 3 0x800002aa (0x4ae9) x21 0x0000001a
core   0: 0x800002ac (0x00fa81b3) add     gp, s5, a5
core   0: 3 0x800002ac (0x00fa81b3) x 3 0xffc00131
core   0: 0x800002b0 (0x00000689) c.addi  a3, 2
core   0: 3 0x800002b0 (0x0689) x13 0xffffffff
core   0: 0x800002b2 (0x00008b79) c.andi  a4, 30
core   0: 3 0x800002b2 (0x8b79) x14 0x00000000
core   0: 0x800002b4 (0x00400613) li      a2, 4
core   0: 3 0x800002b4 (0x00400613) x12 0x00000004
core   0: 0x800002b8 (0xe7e54c93) xori    s9, a0, -386
core   0: 3 0x800002b8 (0xe7e54c93) x25 0xfffffc5d
core   0: 0x800002bc (0x00300493) li      s1, 3
core   0: 3 0x800002bc (0x00300493) x 9 0x00000003
core   0: 0x800002c0 (0x00009cae) c.add   s9, a1
core   0: 3 0x800002c0 (0x9cae) x25 0xfffffc5d
core   0: 0x800002c2 (0x00008de5) c.and   a1, s1
core   0: 3 0x800002c2 (0x8de5) x11 0x00000000
core   0: 0x800002c4 (0x00000f18) c.addi4spn a4, sp, 912
core   0: 3 0x800002c4 (0x0f18) x14 0x000003a2
core   0: 0x800002c6 (0x0000167d) c.addi  a2, -1
core   0: 3 0x800002c6 (0x167d) x12 0x00000003
core   0: 0x800002c8 (0xfe967de3) bgeu    a2, s1, pc - 6
core   0: 3 0x800002c8 (0xfe967de3)
core   0: 0x800002c2 (0x00008de5) c.and   a1, s1
core   0: 3 0x800002c2 (0x8de5) x11 0x00000000
core   0: 0x800002c4 (0x00000f18) c.addi4spn a4, sp, 912
core   0: 3 0x800002c4 (0x0f18) x14 0x000003a2
core   0: 0x800002c6 (0x0000167d) c.addi  a2, -1
core   0: 3 0x800002c6 (0x167d) x12 0x00000002
core   0: 0x800002c8 (0xfe967de3) bgeu    a2, s1, pc - 6
core   0: 3 0x800002c8 (0xfe967de3)
core   0: 0x800002cc (0x01951013) slli    zero, a0, 25
core   0: 3 0x800002cc (0x01951013)
core   0: 0x800002d0 (0x0217ea33) rem     s4, a5, ra
core   0: 3 0x800002d0 (0x0217ea33) x20 0x00000000
core   0: 0x800002d4 (0xfc769ce3) bne     a3, t2, pc - 40
core   0: 3 0x800002d4 (0xfc769ce3)
core   0: 0x800002ac (0x00fa81b3) add     gp, s5, a5
core   0: 3 0x800002ac (0x00fa81b3) x 3 0xffc00131
core   0: 0x800002b0 (0x00000689) c.addi  a3, 2
core   0: 3 0x800002b0 (0x0689) x13 0x00000001
core   0: 0x800002b2 (0x00008b79) c.andi  a4, 30
core   0: 3 0x800002b2 (0x8b79) x14 0x00000002
core   0: 0x800002b4 (0x00400613) li      a2, 4
core   0: 3 0x800002b4 (0x00400613) x12 0x00000004
core   0: 0x800002b8 (0xe7e54c93) xori    s9, a0, -386
core   0: 3 0x800002b8 (0xe7e54c93) x25 0xfffffc5d
core   0: 0x800002bc (0x00300493) li      s1, 3
core   0: 3 0x800002bc (0x00300493) x 9 0x00000003
core   0: 0x800002c0 (0x00009cae) c.add   s9, a1
core   0: 3 0x800002c0 (0x9cae) x25 0xfffffc5d
core   0: 0x800002c2 (0x00008de5) c.and   a1, s1
core   0: 3 0x800002c2 (0x8de5) x11 0x00000000
core   0: 0x800002c4 (0x00000f18) c.addi4spn a4, sp, 912
core   0: 3 0x800002c4 (0x0f18) x14 0x000003a2
core   0: 0x800002c6 (0x0000167d) c.addi  a2, -1
core   0: 3 0x800002c6 (0x167d) x12 0x00000003
core   0: 0x800002c8 (0xfe967de3) bgeu    a2, s1, pc - 6
core   0: 3 0x800002c8 (0xfe967de3)
core   0: 0x800002c2 (0x00008de5) c.and   a1, s1
core   0: 3 0x800002c2 (0x8de5) x11 0x00000000
core   0: 0x800002c4 (0x00000f18) c.addi4spn a4, sp, 912
core   0: 3 0x800002c4 (0x0f18) x14 0x000003a2
core   0: 0x800002c6 (0x0000167d) c.addi  a2, -1
core   0: 3 0x800002c6 (0x167d) x12 0x00000002
core   0: 0x800002c8 (0xfe967de3) bgeu    a2, s1, pc - 6
core   0: 3 0x800002c8 (0xfe967de3)
core   0: 0x800002cc (0x01951013) slli    zero, a0, 25
core   0: 3 0x800002cc (0x01951013)
core   0: 0x800002d0 (0x0217ea33) rem     s4, a5, ra
core   0: 3 0x800002d0 (0x0217ea33) x20 0x00000000
core   0: 0x800002d4 (0xfc769ce3) bne     a3, t2, pc - 40
core   0: 3 0x800002d4 (0xfc769ce3)
core   0: 0x800002ac (0x00fa81b3) add     gp, s5, a5
core   0: 3 0x800002ac (0x00fa81b3) x 3 0xffc00131
core   0: 0x800002b0 (0x00000689) c.addi  a3, 2
core   0: 3 0x800002b0 (0x0689) x13 0x00000003
core   0: 0x800002b2 (0x00008b79) c.andi  a4, 30
core   0: 3 0x800002b2 (0x8b79) x14 0x00000002
core   0: 0x800002b4 (0x00400613) li      a2, 4
core   0: 3 0x800002b4 (0x00400613) x12 0x00000004
core   0: 0x800002b8 (0xe7e54c93) xori    s9, a0, -386
core   0: 3 0x800002b8 (0xe7e54c93) x25 0xfffffc5d
core   0: 0x800002bc (0x00300493) li      s1, 3
core   0: 3 0x800002bc (0x00300493) x 9 0x00000003
core   0: 0x800002c0 (0x00009cae) c.add   s9, a1
core   0: 3 0x800002c0 (0x9cae) x25 0xfffffc5d
core   0: 0x800002c2 (0x00008de5) c.and   a1, s1
core   0: 3 0x800002c2 (0x8de5) x11 0x00000000
core   0: 0x800002c4 (0x00000f18) c.addi4spn a4, sp, 912
core   0: 3 0x800002c4 (0x0f18) x14 0x000003a2
core   0: 0x800002c6 (0x0000167d) c.addi  a2, -1
core   0: 3 0x800002c6 (0x167d) x12 0x00000003
core   0: 0x800002c8 (0xfe967de3) bgeu    a2, s1, pc - 6
core   0: 3 0x800002c8 (0xfe967de3)
core   0: 0x800002c2 (0x00008de5) c.and   a1, s1
core   0: 3 0x800002c2 (0x8de5) x11 0x00000000
core   0: 0x800002c4 (0x00000f18) c.addi4spn a4, sp, 912
core   0: 3 0x800002c4 (0x0f18) x14 0x000003a2
core   0: 0x800002c6 (0x0000167d) c.addi  a2, -1
core   0: 3 0x800002c6 (0x167d) x12 0x00000002
core   0: 0x800002c8 (0xfe967de3) bgeu    a2, s1, pc - 6
core   0: 3 0x800002c8 (0xfe967de3)
core   0: 0x800002cc (0x01951013) slli    zero, a0, 25
core   0: 3 0x800002cc (0x01951013)
core   0: 0x800002d0 (0x0217ea33) rem     s4, a5, ra
core   0: 3 0x800002d0 (0x0217ea33) x20 0x00000000
core   0: 0x800002d4 (0xfc769ce3) bne     a3, t2, pc - 40
core   0: 3 0x800002d4 (0xfc769ce3)
core   0: 0x800002ac (0x00fa81b3) add     gp, s5, a5
core   0: 3 0x800002ac (0x00fa81b3) x 3 0xffc00131
core   0: 0x800002b0 (0x00000689) c.addi  a3, 2
core   0: 3 0x800002b0 (0x0689) x13 0x00000005
core   0: 0x800002b2 (0x00008b79) c.andi  a4, 30
core   0: 3 0x800002b2 (0x8b79) x14 0x00000002
core   0: 0x800002b4 (0x00400613) li      a2, 4
core   0: 3 0x800002b4 (0x00400613) x12 0x00000004
core   0: 0x800002b8 (0xe7e54c93) xori    s9, a0, -386
core   0: 3 0x800002b8 (0xe7e54c93) x25 0xfffffc5d
core   0: 0x800002bc (0x00300493) li      s1, 3
core   0: 3 0x800002bc (0x00300493) x 9 0x00000003
core   0: 0x800002c0 (0x00009cae) c.add   s9, a1
core   0: 3 0x800002c0 (0x9cae) x25 0xfffffc5d
core   0: 0x800002c2 (0x00008de5) c.and   a1, s1
core   0: 3 0x800002c2 (0x8de5) x11 0x00000000
core   0: 0x800002c4 (0x00000f18) c.addi4spn a4, sp, 912
core   0: 3 0x800002c4 (0x0f18) x14 0x000003a2
core   0: 0x800002c6 (0x0000167d) c.addi  a2, -1
core   0: 3 0x800002c6 (0x167d) x12 0x00000003
core   0: 0x800002c8 (0xfe967de3) bgeu    a2, s1, pc - 6
core   0: 3 0x800002c8 (0xfe967de3)
core   0: 0x800002c2 (0x00008de5) c.and   a1, s1
core   0: 3 0x800002c2 (0x8de5) x11 0x00000000
core   0: 0x800002c4 (0x00000f18) c.addi4spn a4, sp, 912
core   0: 3 0x800002c4 (0x0f18) x14 0x000003a2
core   0: 0x800002c6 (0x0000167d) c.addi  a2, -1
core   0: 3 0x800002c6 (0x167d) x12 0x00000002
core   0: 0x800002c8 (0xfe967de3) bgeu    a2, s1, pc - 6
core   0: 3 0x800002c8 (0xfe967de3)
core   0: 0x800002cc (0x01951013) slli    zero, a0, 25
core   0: 3 0x800002cc (0x01951013)
core   0: 0x800002d0 (0x0217ea33) rem     s4, a5, ra
core   0: 3 0x800002d0 (0x0217ea33) x20 0x00000000
core   0: 0x800002d4 (0xfc769ce3) bne     a3, t2, pc - 40
core   0: 3 0x800002d4 (0xfc769ce3)
core   0: 0x800002ac (0x00fa81b3) add     gp, s5, a5
core   0: 3 0x800002ac (0x00fa81b3) x 3 0xffc00131
core   0: 0x800002b0 (0x00000689) c.addi  a3, 2
core   0: 3 0x800002b0 (0x0689) x13 0x00000007
core   0: 0x800002b2 (0x00008b79) c.andi  a4, 30
core   0: 3 0x800002b2 (0x8b79) x14 0x00000002
core   0: 0x800002b4 (0x00400613) li      a2, 4
core   0: 3 0x800002b4 (0x00400613) x12 0x00000004
core   0: 0x800002b8 (0xe7e54c93) xori    s9, a0, -386
core   0: 3 0x800002b8 (0xe7e54c93) x25 0xfffffc5d
core   0: 0x800002bc (0x00300493) li      s1, 3
core   0: 3 0x800002bc (0x00300493) x 9 0x00000003
core   0: 0x800002c0 (0x00009cae) c.add   s9, a1
core   0: 3 0x800002c0 (0x9cae) x25 0xfffffc5d
core   0: 0x800002c2 (0x00008de5) c.and   a1, s1
core   0: 3 0x800002c2 (0x8de5) x11 0x00000000
core   0: 0x800002c4 (0x00000f18) c.addi4spn a4, sp, 912
core   0: 3 0x800002c4 (0x0f18) x14 0x000003a2
core   0: 0x800002c6 (0x0000167d) c.addi  a2, -1
core   0: 3 0x800002c6 (0x167d) x12 0x00000003
core   0: 0x800002c8 (0xfe967de3) bgeu    a2, s1, pc - 6
core   0: 3 0x800002c8 (0xfe967de3)
core   0: 0x800002c2 (0x00008de5) c.and   a1, s1
core   0: 3 0x800002c2 (0x8de5) x11 0x00000000
core   0: 0x800002c4 (0x00000f18) c.addi4spn a4, sp, 912
core   0: 3 0x800002c4 (0x0f18) x14 0x000003a2
core   0: 0x800002c6 (0x0000167d) c.addi  a2, -1
core   0: 3 0x800002c6 (0x167d) x12 0x00000002
core   0: 0x800002c8 (0xfe967de3) bgeu    a2, s1, pc - 6
core   0: 3 0x800002c8 (0xfe967de3)
core   0: 0x800002cc (0x01951013) slli    zero, a0, 25
core   0: 3 0x800002cc (0x01951013)
core   0: 0x800002d0 (0x0217ea33) rem     s4, a5, ra
core   0: 3 0x800002d0 (0x0217ea33) x20 0x00000000
core   0: 0x800002d4 (0xfc769ce3) bne     a3, t2, pc - 40
core   0: 3 0x800002d4 (0xfc769ce3)
core   0: 0x800002ac (0x00fa81b3) add     gp, s5, a5
core   0: 3 0x800002ac (0x00fa81b3) x 3 0xffc00131
core   0: 0x800002b0 (0x00000689) c.addi  a3, 2
core   0: 3 0x800002b0 (0x0689) x13 0x00000009
core   0: 0x800002b2 (0x00008b79) c.andi  a4, 30
core   0: 3 0x800002b2 (0x8b79) x14 0x00000002
core   0: 0x800002b4 (0x00400613) li      a2, 4
core   0: 3 0x800002b4 (0x00400613) x12 0x00000004
core   0: 0x800002b8 (0xe7e54c93) xori    s9, a0, -386
core   0: 3 0x800002b8 (0xe7e54c93) x25 0xfffffc5d
core   0: 0x800002bc (0x00300493) li      s1, 3
core   0: 3 0x800002bc (0x00300493) x 9 0x00000003
core   0: 0x800002c0 (0x00009cae) c.add   s9, a1
core   0: 3 0x800002c0 (0x9cae) x25 0xfffffc5d
core   0: 0x800002c2 (0x00008de5) c.and   a1, s1
core   0: 3 0x800002c2 (0x8de5) x11 0x00000000
core   0: 0x800002c4 (0x00000f18) c.addi4spn a4, sp, 912
core   0: 3 0x800002c4 (0x0f18) x14 0x000003a2
core   0: 0x800002c6 (0x0000167d) c.addi  a2, -1
core   0: 3 0x800002c6 (0x167d) x12 0x00000003
core   0: 0x800002c8 (0xfe967de3) bgeu    a2, s1, pc - 6
core   0: 3 0x800002c8 (0xfe967de3)
core   0: 0x800002c2 (0x00008de5) c.and   a1, s1
core   0: 3 0x800002c2 (0x8de5) x11 0x00000000
core   0: 0x800002c4 (0x00000f18) c.addi4spn a4, sp, 912
core   0: 3 0x800002c4 (0x0f18) x14 0x000003a2
core   0: 0x800002c6 (0x0000167d) c.addi  a2, -1
core   0: 3 0x800002c6 (0x167d) x12 0x00000002
core   0: 0x800002c8 (0xfe967de3) bgeu    a2, s1, pc - 6
core   0: 3 0x800002c8 (0xfe967de3)
core   0: 0x800002cc (0x01951013) slli    zero, a0, 25
core   0: 3 0x800002cc (0x01951013)
core   0: 0x800002d0 (0x0217ea33) rem     s4, a5, ra
core   0: 3 0x800002d0 (0x0217ea33) x20 0x00000000
core   0: 0x800002d4 (0xfc769ce3) bne     a3, t2, pc - 40
core   0: 3 0x800002d4 (0xfc769ce3)
core   0: 0x800002d8 (0x0212cfb3) div     t6, t0, ra
core   0: 3 0x800002d8 (0x0212cfb3) x31 0xffffffb0
core   0: 0x800002dc (0x00000b13) li      s6, 0
core   0: 3 0x800002dc (0x00000b13) x22 0x00000000
core   0: 0x800002e0 (0xff000213) li      tp, -16
core   0: 3 0x800002e0 (0xff000213) x 4 0xfffffff0
core   0: 0x800002e4 (0x03ab7533) remu    a0, s6, s10
core   0: 3 0x800002e4 (0x03ab7533) x10 0x00000000
core   0: 0x800002e8 (0x02287cb3) remu    s9, a6, sp
core   0: 3 0x800002e8 (0x02287cb3) x25 0x0000000c
core   0: 0x800002ec (0x00001b6d) c.addi  s6, -5
core   0: 3 0x800002ec (0x1b6d) x22 0xfffffffb
core   0: 0x800002ee (0xffd00593) li      a1, -3
core   0: 3 0x800002ee (0xffd00593) x11 0xfffffffd
core   0: 0x800002f2 (0x00000ad1) c.addi  s5, 20
core   0: 3 0x800002f2 (0x0ad1) x21 0x0000002e
core   0: 0x800002f4 (0x00000001) c.nop
core   0: 3 0x800002f4 (0x0001)
core   0: 0x800002f6 (0x000084ee) c.mv    s1, s11
core   0: 3 0x800002f6 (0x84ee) x 9 0x80022e64
core   0: 0x800002f8 (0x00004c2d) c.li    s8, 11
core   0: 3 0x800002f8 (0x4c2d) x24 0x0000000b
core   0: 0x800002fa (0x00000585) c.addi  a1, 1
core   0: 3 0x800002fa (0x0585) x11 0xfffffffe
core   0: 0x800002fc (0x0000dded) c.beqz  a1, pc - 6
core   0: 3 0x800002fc (0xdded)
core   0: 0x800002fe (0x00646bb3) or      s7, s0, t1
core   0: 3 0x800002fe (0x00646bb3) x23 0x00000000
core   0: 0x80000302 (0x0000100f) fence.i
core   0: 3 0x80000302 (0x0000100f)
core   0: 0x80000306 (0xfe4b51e3) bge     s6, tp, pc - 30
core   0: 3 0x80000306 (0xfe4b51e3)
core   0: 0x800002e8 (0x02287cb3) remu    s9, a6, sp
core   0: 3 0x800002e8 (0x02287cb3) x25 0x0000000c
core   0: 0x800002ec (0x00001b6d) c.addi  s6, -5
core   0: 3 0x800002ec (0x1b6d) x22 0xfffffff6
core   0: 0x800002ee (0xffd00593) li      a1, -3
core   0: 3 0x800002ee (0xffd00593) x11 0xfffffffd
core   0: 0x800002f2 (0x00000ad1) c.addi  s5, 20
core   0: 3 0x800002f2 (0x0ad1) x21 0x00000042
core   0: 0x800002f4 (0x00000001) c.nop
core   0: 3 0x800002f4 (0x0001)
core   0: 0x800002f6 (0x000084ee) c.mv    s1, s11
core   0: 3 0x800002f6 (0x84ee) x 9 0x80022e64
core   0: 0x800002f8 (0x00004c2d) c.li    s8, 11
core   0: 3 0x800002f8 (0x4c2d) x24 0x0000000b
core   0: 0x800002fa (0x00000585) c.addi  a1, 1
core   0: 3 0x800002fa (0x0585) x11 0xfffffffe
core   0: 0x800002fc (0x0000dded) c.beqz  a1, pc - 6
core   0: 3 0x800002fc (0xdded)
core   0: 0x800002fe (0x00646bb3) or      s7, s0, t1
core   0: 3 0x800002fe (0x00646bb3) x23 0x00000000
core   0: 0x80000302 (0x0000100f) fence.i
core   0: 3 0x80000302 (0x0000100f)
core   0: 0x80000306 (0xfe4b51e3) bge     s6, tp, pc - 30
core   0: 3 0x80000306 (0xfe4b51e3)
core   0: 0x800002e8 (0x02287cb3) remu    s9, a6, sp
core   0: 3 0x800002e8 (0x02287cb3) x25 0x0000000c
core   0: 0x800002ec (0x00001b6d) c.addi  s6, -5
core   0: 3 0x800002ec (0x1b6d) x22 0xfffffff1
core   0: 0x800002ee (0xffd00593) li      a1, -3
core   0: 3 0x800002ee (0xffd00593) x11 0xfffffffd
core   0: 0x800002f2 (0x00000ad1) c.addi  s5, 20
core   0: 3 0x800002f2 (0x0ad1) x21 0x00000056
core   0: 0x800002f4 (0x00000001) c.nop
core   0: 3 0x800002f4 (0x0001)
core   0: 0x800002f6 (0x000084ee) c.mv    s1, s11
core   0: 3 0x800002f6 (0x84ee) x 9 0x80022e64
core   0: 0x800002f8 (0x00004c2d) c.li    s8, 11
core   0: 3 0x800002f8 (0x4c2d) x24 0x0000000b
core   0: 0x800002fa (0x00000585) c.addi  a1, 1
core   0: 3 0x800002fa (0x0585) x11 0xfffffffe
core   0: 0x800002fc (0x0000dded) c.beqz  a1, pc - 6
core   0: 3 0x800002fc (0xdded)
core   0: 0x800002fe (0x00646bb3) or      s7, s0, t1
core   0: 3 0x800002fe (0x00646bb3) x23 0x00000000
core   0: 0x80000302 (0x0000100f) fence.i
core   0: 3 0x80000302 (0x0000100f)
core   0: 0x80000306 (0xfe4b51e3) bge     s6, tp, pc - 30
core   0: 3 0x80000306 (0xfe4b51e3)
core   0: 0x800002e8 (0x02287cb3) remu    s9, a6, sp
core   0: 3 0x800002e8 (0x02287cb3) x25 0x0000000c
core   0: 0x800002ec (0x00001b6d) c.addi  s6, -5
core   0: 3 0x800002ec (0x1b6d) x22 0xffffffec
core   0: 0x800002ee (0xffd00593) li      a1, -3
core   0: 3 0x800002ee (0xffd00593) x11 0xfffffffd
core   0: 0x800002f2 (0x00000ad1) c.addi  s5, 20
core   0: 3 0x800002f2 (0x0ad1) x21 0x0000006a
core   0: 0x800002f4 (0x00000001) c.nop
core   0: 3 0x800002f4 (0x0001)
core   0: 0x800002f6 (0x000084ee) c.mv    s1, s11
core   0: 3 0x800002f6 (0x84ee) x 9 0x80022e64
core   0: 0x800002f8 (0x00004c2d) c.li    s8, 11
core   0: 3 0x800002f8 (0x4c2d) x24 0x0000000b
core   0: 0x800002fa (0x00000585) c.addi  a1, 1
core   0: 3 0x800002fa (0x0585) x11 0xfffffffe
core   0: 0x800002fc (0x0000dded) c.beqz  a1, pc - 6
core   0: 3 0x800002fc (0xdded)
core   0: 0x800002fe (0x00646bb3) or      s7, s0, t1
core   0: 3 0x800002fe (0x00646bb3) x23 0x00000000
core   0: 0x80000302 (0x0000100f) fence.i
core   0: 3 0x80000302 (0x0000100f)
core   0: 0x80000306 (0xfe4b51e3) bge     s6, tp, pc - 30
core   0: 3 0x80000306 (0xfe4b51e3)
core   0: 0x8000030a (0x03ca2eb3) mulhsu  t4, s4, t3
core   0: 3 0x8000030a (0x03ca2eb3) x29 0x00000000
core   0: 0x8000030e (0x00a00993) li      s3, 10
core   0: 3 0x8000030e (0x00a00993) x19 0x0000000a
core   0: 0x80000312 (0x00008e9d) c.sub   a3, a5
core   0: 3 0x80000312 (0x8e9d) x13 0x003ffef2
core   0: 0x80000314 (0x00008d35) c.xor   a0, a3
core   0: 3 0x80000314 (0x8d35) x10 0x003ffef2
core   0: 0x80000316 (0x03144bb3) div     s7, s0, a7
core   0: 3 0x80000316 (0x03144bb3) x23 0x00000000
core   0: 0x8000031a (0x00009e9a) c.add   t4, t1
core   0: 3 0x8000031a (0x9e9a) x29 0x00000000
core   0: 0x8000031c (0x00800393) li      t2, 8
core   0: 3 0x8000031c (0x00800393) x 7 0x00000008
core   0: 0x80000320 (0x41735613) srai    a2, t1, 23
core   0: 3 0x80000320 (0x41735613) x12 0x00000000
core   0: 0x80000324 (0x00000001) c.nop
core   0: 3 0x80000324 (0x0001)
core   0: 0x80000326 (0x01388f33) add     t5, a7, s3
core   0: 3 0x80000326 (0x01388f33) x30 0x80022ea4
core   0: 0x8000032a (0x00008dd5) c.or    a1, a3
core   0: 3 0x8000032a (0x8dd5) x11 0xfffffffe
core   0: 0x8000032c (0x00006885) c.lui   a7, 0x1
core   0: 3 0x8000032c (0x6885) x17 0x00001000
core   0: 0x8000032e (0x0000100f) fence.i
core   0: 3 0x8000032e (0x0000100f)
core   0: 0x80000332 (0x00cd27b3) slt     a5, s10, a2
core   0: 3 0x80000332 (0x00cd27b3) x15 0x00000001
core   0: 0x80000336 (0x000019f5) c.addi  s3, -3
core   0: 3 0x80000336 (0x19f5) x19 0x00000007
core   0: 0x80000338 (0x02a2fd33) remu    s10, t0, a0
core   0: 3 0x80000338 (0x02a2fd33) x26 0x00000050
core   0: 0x8000033c (0x40ca5533) sra     a0, s4, a2
core   0: 3 0x8000033c (0x40ca5533) x10 0x00000000
core   0: 0x80000340 (0x00a00113) li      sp, 10
core   0: 3 0x80000340 (0x00a00113) x 2 0x0000000a
core   0: 0x80000344 (0x000006f2) c.slli  a3, 28
core   0: 3 0x80000344 (0x06f2) x13 0x20000000
core   0: 0x80000346 (0xd7fb4237) lui     tp, 0xd7fb4
core   0: 3 0x80000346 (0xd7fb4237) x 4 0xd7fb4000
core   0: 0x8000034a (0x6863bb93) sltiu   s7, t2, 1670
core   0: 3 0x8000034a (0x6863bb93) x23 0x00000001
core   0: 0x8000034e (0x00700c93) li      s9, 7
core   0: 3 0x8000034e (0x00700c93) x25 0x00000007
core   0: 0x80000352 (0x00000001) c.nop
core   0: 3 0x80000352 (0x0001)
core   0: 0x80000354 (0x02af30b3) mulhu   ra, t5, a0
core   0: 3 0x80000354 (0x02af30b3) x 1 0x00000000
core   0: 0x80000358 (0x03e7c533) div     a0, a5, t5
core   0: 3 0x80000358 (0x03e7c533) x10 0x00000000
core   0: 0x8000035c (0x0000116d) c.addi  sp, -5
core   0: 3 0x8000035c (0x116d) x 2 0x00000005
core   0: 0x8000035e (0x00024533) xor     a0, tp, zero
core   0: 3 0x8000035e (0x00024533) x10 0xd7fb4000
core   0: 0x80000362 (0x00000001) c.nop
core   0: 3 0x80000362 (0x0001)
core   0: 0x80000364 (0x01aa35b3) sltu    a1, s4, s10
core   0: 3 0x80000364 (0x01aa35b3) x11 0x00000001
core   0: 0x80000368 (0xff9176e3) bgeu    sp, s9, pc - 20
core   0: 3 0x80000368 (0xff9176e3)
core   0: 0x8000036c (0x00008c89) c.sub   s1, a0
core   0: 3 0x8000036c (0x8c89) x 9 0xa806ee64
core   0: 0x8000036e (0x0000100f) fence.i
core   0: 3 0x8000036e (0x0000100f)
core   0: 0x80000372 (0xfa79f9e3) bgeu    s3, t2, pc - 78
core   0: 3 0x80000372 (0xfa79f9e3)
core   0: 0x80000376 (0x03dd9a33) mulh    s4, s11, t4
core   0: 3 0x80000376 (0x03dd9a33) x20 0x00000000
core   0: 0x8000037a (0x00500693) li      a3, 5
core   0: 3 0x8000037a (0x00500693) x13 0x00000005
core   0: 0x8000037e (0x8d7abd37) lui     s10, 0x8d7ab
core   0: 3 0x8000037e (0x8d7abd37) x26 0x8d7ab000
core   0: 0x80000382 (0x010a3c33) sltu    s8, s4, a6
core   0: 3 0x80000382 (0x010a3c33) x24 0x00000001
core   0: 0x80000386 (0x00006139) c.addi16sp sp, 448
core   0: 3 0x80000386 (0x6139) x 2 0x000001c5
core   0: 0x80000388 (0x00400293) li      t0, 4
core   0: 3 0x80000388 (0x00400293) x 5 0x00000004
core   0: 0x8000038c (0x00b958b3) srl     a7, s2, a1
core   0: 3 0x8000038c (0x00b958b3) x17 0x40013672
core   0: 0x80000390 (0x0000009d) c.addi  ra, 7
core   0: 3 0x80000390 (0x009d) x 1 0x00000007
core   0: 0x80000392 (0x5796fe93) andi    t4, a3, 1401
core   0: 3 0x80000392 (0x5796fe93) x29 0x00000001
core   0: 0x80000396 (0x02415a33) divu    s4, sp, tp
core   0: 3 0x80000396 (0x02415a33) x20 0x00000000
core   0: 0x8000039a (0x00000001) c.nop
core   0: 3 0x8000039a (0x0001)
core   0: 0x8000039c (0x400887b3) sub     a5, a7, zero
core   0: 3 0x8000039c (0x400887b3) x15 0x40013672
core   0: 0x800003a0 (0x00001408) c.addi4spn a0, sp, 544
core   0: 3 0x800003a0 (0x1408) x10 0x000003e5
core   0: 0x800003a2 (0x41870d33) sub     s10, a4, s8
core   0: 3 0x800003a2 (0x41870d33) x26 0x000003a1
core   0: 0x800003a6 (0x00008d95) c.sub   a1, a3
core   0: 3 0x800003a6 (0x8d95) x11 0xfffffffc
core   0: 0x800003a8 (0x008b68b3) or      a7, s6, s0
core   0: 3 0x800003a8 (0x008b68b3) x17 0xffffffec
core   0: 0x800003ac (0x019bed33) or      s10, s7, s9
core   0: 3 0x800003ac (0x019bed33) x26 0x00000007
core   0: 0x800003b0 (0x00000a84) c.addi4spn s1, sp, 336
core   0: 3 0x800003b0 (0x0a84) x 9 0x00000315
core   0: 0x800003b2 (0x4047dd33) sra     s10, a5, tp
core   0: 3 0x800003b2 (0x4047dd33) x26 0x40013672
core   0: 0x800003b6 (0x000016f5) c.addi  a3, -3
core   0: 3 0x800003b6 (0x16f5) x13 0x00000002
core   0: 0x800003b8 (0x00008d11) c.sub   a0, a2
core   0: 3 0x800003b8 (0x8d11) x10 0x000003e5
core   0: 0x800003ba (0x01c09b13) slli    s6, ra, 28
core   0: 3 0x800003ba (0x01c09b13) x22 0x70000000
core   0: 0x800003be (0x00c62ab7) lui     s5, 0xc62
core   0: 3 0x800003be (0x00c62ab7) x21 0x00c62000
core   0: 0x800003c2 (0x017d24b3) slt     s1, s10, s7
core   0: 3 0x800003c2 (0x017d24b3) x 9 0x00000000
core   0: 0x800003c6 (0x0000717d) c.addi16sp sp, -16
core   0: 3 0x800003c6 (0x717d) x 2 0x000001b5
core   0: 0x800003c8 (0xfc56f9e3) bgeu    a3, t0, pc - 46
core   0: 3 0x800003c8 (0xfc56f9e3)
core   0: 0x800003cc (0x00008551) c.srai  a0, 20
core   0: 3 0x800003cc (0x8551) x10 0x00000000
core   0: 0x800003ce (0xffa00e93) li      t4, -6
core   0: 3 0x800003ce (0xffa00e93) x29 0xfffffffa
core   0: 0x800003d2 (0x00006179) c.addi16sp sp, 464
core   0: 3 0x800003d2 (0x6179) x 2 0x00000385
core   0: 0x800003d4 (0x6afab193) sltiu   gp, s5, 1711
core   0: 3 0x800003d4 (0x6afab193) x 3 0x00000000
core   0: 0x800003d8 (0xf4f42b93) slti    s7, s0, -177
core   0: 3 0x800003d8 (0xf4f42b93) x23 0x00000000
core   0: 0x800003dc (0x00e2d493) srli    s1, t0, 14
core   0: 3 0x800003dc (0x00e2d493) x 9 0x00000000
core   0: 0x800003e0 (0x00567bb3) and     s7, a2, t0
core   0: 3 0x800003e0 (0x00567bb3) x23 0x00000000
core   0: 0x800003e4 (0xfed00f13) li      t5, -19
core   0: 3 0x800003e4 (0xfed00f13) x30 0xffffffed
core   0: 0x800003e8 (0x00009776) c.add   a4, t4
core   0: 3 0x800003e8 (0x9776) x14 0x0000039c
core   0: 0x800003ea (0x0079ae33) slt     t3, s3, t2
core   0: 3 0x800003ea (0x0079ae33) x28 0x00000001
core   0: 0x800003ee (0x00008289) c.srli  a3, 2
core   0: 3 0x800003ee (0x8289) x13 0x00000000
core   0: 0x800003f0 (0x0285c3b3) div     t2, a1, s0
core   0: 3 0x800003f0 (0x0285c3b3) x 7 0xffffffff
core   0: 0x800003f4 (0x2ce06d13) ori     s10, zero, 718
core   0: 3 0x800003f4 (0x2ce06d13) x26 0x000002ce
core   0: 0x800003f8 (0x00000804) c.addi4spn s1, sp, 16
core   0: 3 0x800003f8 (0x0804) x 9 0x00000395
core   0: 0x800003fa (0x00001afd) c.addi  s5, -1
core   0: 3 0x800003fa (0x1afd) x21 0x00c61fff
core   0: 0x800003fc (0x40a30d33) sub     s10, t1, a0
core   0: 3 0x800003fc (0x40a30d33) x26 0x00000000
core   0: 0x80000400 (0x02ba5e33) divu    t3, s4, a1
core   0: 3 0x80000400 (0x02ba5e33) x28 0x00000000
core   0: 0x80000404 (0x000086e9) c.srai  a3, 26
core   0: 3 0x80000404 (0x86e9) x13 0x00000000
core   0: 0x80000406 (0x00006a11) c.lui   s4, 0x4
core   0: 3 0x80000406 (0x6a11) x20 0x00004000
core   0: 0x80000408 (0x00001ef9) c.addi  t4, -2
core   0: 3 0x80000408 (0x1ef9) x29 0xfffffff8
core   0: 0x8000040a (0x00000bc2) c.slli  s7, 16
core   0: 3 0x8000040a (0x0bc2) x23 0x00000000
core   0: 0x8000040c (0x0196cbb3) xor     s7, a3, s9
core   0: 3 0x8000040c (0x0196cbb3) x23 0x00000007
core   0: 0x80000410 (0x00ef1b33) sll     s6, t5, a4
core   0: 3 0x80000410 (0x00ef1b33) x22 0xd0000000
core   0: 0x80000414 (0x00001f04) c.addi4spn s1, sp, 944
core   0: 3 0x80000414 (0x1f04) x 9 0x00000735
core   0: 0x80000416 (0x00000001) c.nop
core   0: 3 0x80000416 (0x0001)
core   0: 0x80000418 (0x0ff0000f) fence   iorw,iorw
core   0: 3 0x80000418 (0x0ff0000f)
core   0: 0x8000041c (0x00008e31) c.xor   a2, a2
core   0: 3 0x8000041c (0x8e31) x12 0x00000000
core   0: 0x8000041e (0x00009a7d) c.andi  a2, -1
core   0: 3 0x8000041e (0x9a7d) x12 0x00000000
core   0: 0x80000420 (0xfdeed4e3) bge     t4, t5, pc - 56
core   0: 3 0x80000420 (0xfdeed4e3)
core   0: 0x800003e8 (0x00009776) c.add   a4, t4
core   0: 3 0x800003e8 (0x9776) x14 0x00000394
core   0: 0x800003ea (0x0079ae33) slt     t3, s3, t2
core   0: 3 0x800003ea (0x0079ae33) x28 0x00000000
core   0: 0x800003ee (0x00008289) c.srli  a3, 2
core   0: 3 0x800003ee (0x8289) x13 0x00000000
core   0: 0x800003f0 (0x0285c3b3) div     t2, a1, s0
core   0: 3 0x800003f0 (0x0285c3b3) x 7 0xffffffff
core   0: 0x800003f4 (0x2ce06d13) ori     s10, zero, 718
core   0: 3 0x800003f4 (0x2ce06d13) x26 0x000002ce
core   0: 0x800003f8 (0x00000804) c.addi4spn s1, sp, 16
core   0: 3 0x800003f8 (0x0804) x 9 0x00000395
core   0: 0x800003fa (0x00001afd) c.addi  s5, -1
core   0: 3 0x800003fa (0x1afd) x21 0x00c61ffe
core   0: 0x800003fc (0x40a30d33) sub     s10, t1, a0
core   0: 3 0x800003fc (0x40a30d33) x26 0x00000000
core   0: 0x80000400 (0x02ba5e33) divu    t3, s4, a1
core   0: 3 0x80000400 (0x02ba5e33) x28 0x00000000
core   0: 0x80000404 (0x000086e9) c.srai  a3, 26
core   0: 3 0x80000404 (0x86e9) x13 0x00000000
core   0: 0x80000406 (0x00006a11) c.lui   s4, 0x4
core   0: 3 0x80000406 (0x6a11) x20 0x00004000
core   0: 0x80000408 (0x00001ef9) c.addi  t4, -2
core   0: 3 0x80000408 (0x1ef9) x29 0xfffffff6
core   0: 0x8000040a (0x00000bc2) c.slli  s7, 16
core   0: 3 0x8000040a (0x0bc2) x23 0x00070000
core   0: 0x8000040c (0x0196cbb3) xor     s7, a3, s9
core   0: 3 0x8000040c (0x0196cbb3) x23 0x00000007
core   0: 0x80000410 (0x00ef1b33) sll     s6, t5, a4
core   0: 3 0x80000410 (0x00ef1b33) x22 0xfed00000
core   0: 0x80000414 (0x00001f04) c.addi4spn s1, sp, 944
core   0: 3 0x80000414 (0x1f04) x 9 0x00000735
core   0: 0x80000416 (0x00000001) c.nop
core   0: 3 0x80000416 (0x0001)
core   0: 0x80000418 (0x0ff0000f) fence   iorw,iorw
core   0: 3 0x80000418 (0x0ff0000f)
core   0: 0x8000041c (0x00008e31) c.xor   a2, a2
core   0: 3 0x8000041c (0x8e31) x12 0x00000000
core   0: 0x8000041e (0x00009a7d) c.andi  a2, -1
core   0: 3 0x8000041e (0x9a7d) x12 0x00000000
core   0: 0x80000420 (0xfdeed4e3) bge     t4, t5, pc - 56
core   0: 3 0x80000420 (0xfdeed4e3)
core   0: 0x800003e8 (0x00009776) c.add   a4, t4
core   0: 3 0x800003e8 (0x9776) x14 0x0000038a
core   0: 0x800003ea (0x0079ae33) slt     t3, s3, t2
core   0: 3 0x800003ea (0x0079ae33) x28 0x00000000
core   0: 0x800003ee (0x00008289) c.srli  a3, 2
core   0: 3 0x800003ee (0x8289) x13 0x00000000
core   0: 0x800003f0 (0x0285c3b3) div     t2, a1, s0
core   0: 3 0x800003f0 (0x0285c3b3) x 7 0xffffffff
core   0: 0x800003f4 (0x2ce06d13) ori     s10, zero, 718
core   0: 3 0x800003f4 (0x2ce06d13) x26 0x000002ce
core   0: 0x800003f8 (0x00000804) c.addi4spn s1, sp, 16
core   0: 3 0x800003f8 (0x0804) x 9 0x00000395
core   0: 0x800003fa (0x00001afd) c.addi  s5, -1
core   0: 3 0x800003fa (0x1afd) x21 0x00c61ffd
core   0: 0x800003fc (0x40a30d33) sub     s10, t1, a0
core   0: 3 0x800003fc (0x40a30d33) x26 0x00000000
core   0: 0x80000400 (0x02ba5e33) divu    t3, s4, a1
core   0: 3 0x80000400 (0x02ba5e33) x28 0x00000000
core   0: 0x80000404 (0x000086e9) c.srai  a3, 26
core   0: 3 0x80000404 (0x86e9) x13 0x00000000
core   0: 0x80000406 (0x00006a11) c.lui   s4, 0x4
core   0: 3 0x80000406 (0x6a11) x20 0x00004000
core   0: 0x80000408 (0x00001ef9) c.addi  t4, -2
core   0: 3 0x80000408 (0x1ef9) x29 0xfffffff4
core   0: 0x8000040a (0x00000bc2) c.slli  s7, 16
core   0: 3 0x8000040a (0x0bc2) x23 0x00070000
core   0: 0x8000040c (0x0196cbb3) xor     s7, a3, s9
core   0: 3 0x8000040c (0x0196cbb3) x23 0x00000007
core   0: 0x80000410 (0x00ef1b33) sll     s6, t5, a4
core   0: 3 0x80000410 (0x00ef1b33) x22 0xffffb400
core   0: 0x80000414 (0x00001f04) c.addi4spn s1, sp, 944
core   0: 3 0x80000414 (0x1f04) x 9 0x00000735
core   0: 0x80000416 (0x00000001) c.nop
core   0: 3 0x80000416 (0x0001)
core   0: 0x80000418 (0x0ff0000f) fence   iorw,iorw
core   0: 3 0x80000418 (0x0ff0000f)
core   0: 0x8000041c (0x00008e31) c.xor   a2, a2
core   0: 3 0x8000041c (0x8e31) x12 0x00000000
core   0: 0x8000041e (0x00009a7d) c.andi  a2, -1
core   0: 3 0x8000041e (0x9a7d) x12 0x00000000
core   0: 0x80000420 (0xfdeed4e3) bge     t4, t5, pc - 56
core   0: 3 0x80000420 (0xfdeed4e3)
core   0: 0x800003e8 (0x00009776) c.add   a4, t4
core   0: 3 0x800003e8 (0x9776) x14 0x0000037e
core   0: 0x800003ea (0x0079ae33) slt     t3, s3, t2
core   0: 3 0x800003ea (0x0079ae33) x28 0x00000000
core   0: 0x800003ee (0x00008289) c.srli  a3, 2
core   0: 3 0x800003ee (0x8289) x13 0x00000000
core   0: 0x800003f0 (0x0285c3b3) div     t2, a1, s0
core   0: 3 0x800003f0 (0x0285c3b3) x 7 0xffffffff
core   0: 0x800003f4 (0x2ce06d13) ori     s10, zero, 718
core   0: 3 0x800003f4 (0x2ce06d13) x26 0x000002ce
core   0: 0x800003f8 (0x00000804) c.addi4spn s1, sp, 16
core   0: 3 0x800003f8 (0x0804) x 9 0x00000395
core   0: 0x800003fa (0x00001afd) c.addi  s5, -1
core   0: 3 0x800003fa (0x1afd) x21 0x00c61ffc
core   0: 0x800003fc (0x40a30d33) sub     s10, t1, a0
core   0: 3 0x800003fc (0x40a30d33) x26 0x00000000
core   0: 0x80000400 (0x02ba5e33) divu    t3, s4, a1
core   0: 3 0x80000400 (0x02ba5e33) x28 0x00000000
core   0: 0x80000404 (0x000086e9) c.srai  a3, 26
core   0: 3 0x80000404 (0x86e9) x13 0x00000000
core   0: 0x80000406 (0x00006a11) c.lui   s4, 0x4
core   0: 3 0x80000406 (0x6a11) x20 0x00004000
core   0: 0x80000408 (0x00001ef9) c.addi  t4, -2
core   0: 3 0x80000408 (0x1ef9) x29 0xfffffff2
core   0: 0x8000040a (0x00000bc2) c.slli  s7, 16
core   0: 3 0x8000040a (0x0bc2) x23 0x00070000
core   0: 0x8000040c (0x0196cbb3) xor     s7, a3, s9
core   0: 3 0x8000040c (0x0196cbb3) x23 0x00000007
core   0: 0x80000410 (0x00ef1b33) sll     s6, t5, a4
core   0: 3 0x80000410 (0x00ef1b33) x22 0x40000000
core   0: 0x80000414 (0x00001f04) c.addi4spn s1, sp, 944
core   0: 3 0x80000414 (0x1f04) x 9 0x00000735
core   0: 0x80000416 (0x00000001) c.nop
core   0: 3 0x80000416 (0x0001)
core   0: 0x80000418 (0x0ff0000f) fence   iorw,iorw
core   0: 3 0x80000418 (0x0ff0000f)
core   0: 0x8000041c (0x00008e31) c.xor   a2, a2
core   0: 3 0x8000041c (0x8e31) x12 0x00000000
core   0: 0x8000041e (0x00009a7d) c.andi  a2, -1
core   0: 3 0x8000041e (0x9a7d) x12 0x00000000
core   0: 0x80000420 (0xfdeed4e3) bge     t4, t5, pc - 56
core   0: 3 0x80000420 (0xfdeed4e3)
core   0: 0x800003e8 (0x00009776) c.add   a4, t4
core   0: 3 0x800003e8 (0x9776) x14 0x00000370
core   0: 0x800003ea (0x0079ae33) slt     t3, s3, t2
core   0: 3 0x800003ea (0x0079ae33) x28 0x00000000
core   0: 0x800003ee (0x00008289) c.srli  a3, 2
core   0: 3 0x800003ee (0x8289) x13 0x00000000
core   0: 0x800003f0 (0x0285c3b3) div     t2, a1, s0
core   0: 3 0x800003f0 (0x0285c3b3) x 7 0xffffffff
core   0: 0x800003f4 (0x2ce06d13) ori     s10, zero, 718
core   0: 3 0x800003f4 (0x2ce06d13) x26 0x000002ce
core   0: 0x800003f8 (0x00000804) c.addi4spn s1, sp, 16
core   0: 3 0x800003f8 (0x0804) x 9 0x00000395
core   0: 0x800003fa (0x00001afd) c.addi  s5, -1
core   0: 3 0x800003fa (0x1afd) x21 0x00c61ffb
core   0: 0x800003fc (0x40a30d33) sub     s10, t1, a0
core   0: 3 0x800003fc (0x40a30d33) x26 0x00000000
core   0: 0x80000400 (0x02ba5e33) divu    t3, s4, a1
core   0: 3 0x80000400 (0x02ba5e33) x28 0x00000000
core   0: 0x80000404 (0x000086e9) c.srai  a3, 26
core   0: 3 0x80000404 (0x86e9) x13 0x00000000
core   0: 0x80000406 (0x00006a11) c.lui   s4, 0x4
core   0: 3 0x80000406 (0x6a11) x20 0x00004000
core   0: 0x80000408 (0x00001ef9) c.addi  t4, -2
core   0: 3 0x80000408 (0x1ef9) x29 0xfffffff0
core   0: 0x8000040a (0x00000bc2) c.slli  s7, 16
core   0: 3 0x8000040a (0x0bc2) x23 0x00070000
core   0: 0x8000040c (0x0196cbb3) xor     s7, a3, s9
core   0: 3 0x8000040c (0x0196cbb3) x23 0x00000007
core   0: 0x80000410 (0x00ef1b33) sll     s6, t5, a4
core   0: 3 0x80000410 (0x00ef1b33) x22 0xffed0000
core   0: 0x80000414 (0x00001f04) c.addi4spn s1, sp, 944
core   0: 3 0x80000414 (0x1f04) x 9 0x00000735
core   0: 0x80000416 (0x00000001) c.nop
core   0: 3 0x80000416 (0x0001)
core   0: 0x80000418 (0x0ff0000f) fence   iorw,iorw
core   0: 3 0x80000418 (0x0ff0000f)
core   0: 0x8000041c (0x00008e31) c.xor   a2, a2
core   0: 3 0x8000041c (0x8e31) x12 0x00000000
core   0: 0x8000041e (0x00009a7d) c.andi  a2, -1
core   0: 3 0x8000041e (0x9a7d) x12 0x00000000
core   0: 0x80000420 (0xfdeed4e3) bge     t4, t5, pc - 56
core   0: 3 0x80000420 (0xfdeed4e3)
core   0: 0x800003e8 (0x00009776) c.add   a4, t4
core   0: 3 0x800003e8 (0x9776) x14 0x00000360
core   0: 0x800003ea (0x0079ae33) slt     t3, s3, t2
core   0: 3 0x800003ea (0x0079ae33) x28 0x00000000
core   0: 0x800003ee (0x00008289) c.srli  a3, 2
core   0: 3 0x800003ee (0x8289) x13 0x00000000
core   0: 0x800003f0 (0x0285c3b3) div     t2, a1, s0
core   0: 3 0x800003f0 (0x0285c3b3) x 7 0xffffffff
core   0: 0x800003f4 (0x2ce06d13) ori     s10, zero, 718
core   0: 3 0x800003f4 (0x2ce06d13) x26 0x000002ce
core   0: 0x800003f8 (0x00000804) c.addi4spn s1, sp, 16
core   0: 3 0x800003f8 (0x0804) x 9 0x00000395
core   0: 0x800003fa (0x00001afd) c.addi  s5, -1
core   0: 3 0x800003fa (0x1afd) x21 0x00c61ffa
core   0: 0x800003fc (0x40a30d33) sub     s10, t1, a0
core   0: 3 0x800003fc (0x40a30d33) x26 0x00000000
core   0: 0x80000400 (0x02ba5e33) divu    t3, s4, a1
core   0: 3 0x80000400 (0x02ba5e33) x28 0x00000000
core   0: 0x80000404 (0x000086e9) c.srai  a3, 26
core   0: 3 0x80000404 (0x86e9) x13 0x00000000
core   0: 0x80000406 (0x00006a11) c.lui   s4, 0x4
core   0: 3 0x80000406 (0x6a11) x20 0x00004000
core   0: 0x80000408 (0x00001ef9) c.addi  t4, -2
core   0: 3 0x80000408 (0x1ef9) x29 0xffffffee
core   0: 0x8000040a (0x00000bc2) c.slli  s7, 16
core   0: 3 0x8000040a (0x0bc2) x23 0x00070000
core   0: 0x8000040c (0x0196cbb3) xor     s7, a3, s9
core   0: 3 0x8000040c (0x0196cbb3) x23 0x00000007
core   0: 0x80000410 (0x00ef1b33) sll     s6, t5, a4
core   0: 3 0x80000410 (0x00ef1b33) x22 0xffffffed
core   0: 0x80000414 (0x00001f04) c.addi4spn s1, sp, 944
core   0: 3 0x80000414 (0x1f04) x 9 0x00000735
core   0: 0x80000416 (0x00000001) c.nop
core   0: 3 0x80000416 (0x0001)
core   0: 0x80000418 (0x0ff0000f) fence   iorw,iorw
core   0: 3 0x80000418 (0x0ff0000f)
core   0: 0x8000041c (0x00008e31) c.xor   a2, a2
core   0: 3 0x8000041c (0x8e31) x12 0x00000000
core   0: 0x8000041e (0x00009a7d) c.andi  a2, -1
core   0: 3 0x8000041e (0x9a7d) x12 0x00000000
core   0: 0x80000420 (0xfdeed4e3) bge     t4, t5, pc - 56
core   0: 3 0x80000420 (0xfdeed4e3)
core   0: 0x800003e8 (0x00009776) c.add   a4, t4
core   0: 3 0x800003e8 (0x9776) x14 0x0000034e
core   0: 0x800003ea (0x0079ae33) slt     t3, s3, t2
core   0: 3 0x800003ea (0x0079ae33) x28 0x00000000
core   0: 0x800003ee (0x00008289) c.srli  a3, 2
core   0: 3 0x800003ee (0x8289) x13 0x00000000
core   0: 0x800003f0 (0x0285c3b3) div     t2, a1, s0
core   0: 3 0x800003f0 (0x0285c3b3) x 7 0xffffffff
core   0: 0x800003f4 (0x2ce06d13) ori     s10, zero, 718
core   0: 3 0x800003f4 (0x2ce06d13) x26 0x000002ce
core   0: 0x800003f8 (0x00000804) c.addi4spn s1, sp, 16
core   0: 3 0x800003f8 (0x0804) x 9 0x00000395
core   0: 0x800003fa (0x00001afd) c.addi  s5, -1
core   0: 3 0x800003fa (0x1afd) x21 0x00c61ff9
core   0: 0x800003fc (0x40a30d33) sub     s10, t1, a0
core   0: 3 0x800003fc (0x40a30d33) x26 0x00000000
core   0: 0x80000400 (0x02ba5e33) divu    t3, s4, a1
core   0: 3 0x80000400 (0x02ba5e33) x28 0x00000000
core   0: 0x80000404 (0x000086e9) c.srai  a3, 26
core   0: 3 0x80000404 (0x86e9) x13 0x00000000
core   0: 0x80000406 (0x00006a11) c.lui   s4, 0x4
core   0: 3 0x80000406 (0x6a11) x20 0x00004000
core   0: 0x80000408 (0x00001ef9) c.addi  t4, -2
core   0: 3 0x80000408 (0x1ef9) x29 0xffffffec
core   0: 0x8000040a (0x00000bc2) c.slli  s7, 16
core   0: 3 0x8000040a (0x0bc2) x23 0x00070000
core   0: 0x8000040c (0x0196cbb3) xor     s7, a3, s9
core   0: 3 0x8000040c (0x0196cbb3) x23 0x00000007
core   0: 0x80000410 (0x00ef1b33) sll     s6, t5, a4
core   0: 3 0x80000410 (0x00ef1b33) x22 0xfffb4000
core   0: 0x80000414 (0x00001f04) c.addi4spn s1, sp, 944
core   0: 3 0x80000414 (0x1f04) x 9 0x00000735
core   0: 0x80000416 (0x00000001) c.nop
core   0: 3 0x80000416 (0x0001)
core   0: 0x80000418 (0x0ff0000f) fence   iorw,iorw
core   0: 3 0x80000418 (0x0ff0000f)
core   0: 0x8000041c (0x00008e31) c.xor   a2, a2
core   0: 3 0x8000041c (0x8e31) x12 0x00000000
core   0: 0x8000041e (0x00009a7d) c.andi  a2, -1
core   0: 3 0x8000041e (0x9a7d) x12 0x00000000
core   0: 0x80000420 (0xfdeed4e3) bge     t4, t5, pc - 56
core   0: 3 0x80000420 (0xfdeed4e3)
core   0: 0x80000424 (0x02ec14b3) mulh    s1, s8, a4
core   0: 3 0x80000424 (0x02ec14b3) x 9 0x00000000
core   0: 0x80000428 (0xff600493) li      s1, -10
core   0: 3 0x80000428 (0xff600493) x 9 0xfffffff6
core   0: 0x8000042c (0x0e6a0c93) addi    s9, s4, 230
core   0: 3 0x8000042c (0x0e6a0c93) x25 0x000040e6
core   0: 0x80000430 (0x00008591) c.srai  a1, 4
core   0: 3 0x80000430 (0x8591) x11 0xffffffff
core   0: 0x80000432 (0x00004fad) c.li    t6, 11
core   0: 3 0x80000432 (0x4fad) x31 0x0000000b
core   0: 0x80000434 (0x00005a7d) c.li    s4, -1
core   0: 3 0x80000434 (0x5a7d) x20 0xffffffff
core   0: 0x80000436 (0x01fe9a13) slli    s4, t4, 31
core   0: 3 0x80000436 (0x01fe9a13) x20 0x00000000
core   0: 0x8000043a (0x033a5cb3) divu    s9, s4, s3
core   0: 3 0x8000043a (0x033a5cb3) x25 0x00000000
core   0: 0x8000043e (0x00000001) c.nop
core   0: 3 0x8000043e (0x0001)
core   0: 0x80000440 (0x00c3db13) srli    s6, t2, 12
core   0: 3 0x80000440 (0x00c3db13) x22 0x000fffff
core   0: 0x80000444 (0x01000113) li      sp, 16
core   0: 3 0x80000444 (0x01000113) x 2 0x00000010
core   0: 0x80000448 (0x00008c4e) c.mv    s8, s3
core   0: 3 0x80000448 (0x8c4e) x24 0x00000007
core   0: 0x8000044a (0x036f1fb3) mulh    t6, t5, s6
core   0: 3 0x8000044a (0x036f1fb3) x31 0xffffffff
core   0: 0x8000044e (0x027d2eb3) mulhsu  t4, s10, t2
core   0: 3 0x8000044e (0x027d2eb3) x29 0x00000000
core   0: 0x80000452 (0x00009852) c.add   a6, s4
core   0: 3 0x80000452 (0x9852) x16 0x6ce40000
core   0: 0x80000454 (0x013f9293) slli    t0, t6, 19
core   0: 3 0x80000454 (0x013f9293) x 5 0xfff80000
core   0: 0x80000458 (0x41fad213) srai    tp, s5, 31
core   0: 3 0x80000458 (0x41fad213) x 4 0x00000000
core   0: 0x8000045c (0x001360b3) or      ra, t1, ra
core   0: 3 0x8000045c (0x001360b3) x 1 0x00000007
core   0: 0x80000460 (0xa69a6993) ori     s3, s4, -1431
core   0: 3 0x80000460 (0xa69a6993) x19 0xfffffa69
core   0: 0x80000464 (0x000083b2) c.mv    t2, a2
core   0: 3 0x80000464 (0x83b2) x 7 0x00000000
core   0: 0x80000466 (0x00009332) c.add   t1, a2
core   0: 3 0x80000466 (0x9332) x 6 0x00000000
core   0: 0x80000468 (0x013fdc33) srl     s8, t6, s3
core   0: 3 0x80000468 (0x013fdc33) x24 0x007fffff
core   0: 0x8000046c (0x00000485) c.addi  s1, 1
core   0: 3 0x8000046c (0x0485) x 9 0xfffffff7
core   0: 0x8000046e (0xf23c4817) auipc   a6, 0xf23c4
core   0: 3 0x8000046e (0xf23c4817) x16 0x723c446e
core   0: 0x80000472 (0x712e3017) auipc   zero, 0x712e3
core   0: 3 0x80000472 (0x712e3017)
core   0: 0x80000476 (0x01ec8633) add     a2, s9, t5
core   0: 3 0x80000476 (0x01ec8633) x12 0xffffffed
core   0: 0x8000047a (0xfe2493e3) bne     s1, sp, pc - 26
core   0: 3 0x8000047a (0xfe2493e3)
core   0: 0x80000460 (0xa69a6993) ori     s3, s4, -1431
core   0: 3 0x80000460 (0xa69a6993) x19 0xfffffa69
core   0: 0x80000464 (0x000083b2) c.mv    t2, a2
core   0: 3 0x80000464 (0x83b2) x 7 0xffffffed
core   0: 0x80000466 (0x00009332) c.add   t1, a2
core   0: 3 0x80000466 (0x9332) x 6 0xffffffed
core   0: 0x80000468 (0x013fdc33) srl     s8, t6, s3
core   0: 3 0x80000468 (0x013fdc33) x24 0x007fffff
core   0: 0x8000046c (0x00000485) c.addi  s1, 1
core   0: 3 0x8000046c (0x0485) x 9 0xfffffff8
core   0: 0x8000046e (0xf23c4817) auipc   a6, 0xf23c4
core   0: 3 0x8000046e (0xf23c4817) x16 0x723c446e
core   0: 0x80000472 (0x712e3017) auipc   zero, 0x712e3
core   0: 3 0x80000472 (0x712e3017)
core   0: 0x80000476 (0x01ec8633) add     a2, s9, t5
core   0: 3 0x80000476 (0x01ec8633) x12 0xffffffed
core   0: 0x8000047a (0xfe2493e3) bne     s1, sp, pc - 26
core   0: 3 0x8000047a (0xfe2493e3)
core   0: 0x80000460 (0xa69a6993) ori     s3, s4, -1431
core   0: 3 0x80000460 (0xa69a6993) x19 0xfffffa69
core   0: 0x80000464 (0x000083b2) c.mv    t2, a2
core   0: 3 0x80000464 (0x83b2) x 7 0xffffffed
core   0: 0x80000466 (0x00009332) c.add   t1, a2
core   0: 3 0x80000466 (0x9332) x 6 0xffffffda
core   0: 0x80000468 (0x013fdc33) srl     s8, t6, s3
core   0: 3 0x80000468 (0x013fdc33) x24 0x007fffff
core   0: 0x8000046c (0x00000485) c.addi  s1, 1
core   0: 3 0x8000046c (0x0485) x 9 0xfffffff9
core   0: 0x8000046e (0xf23c4817) auipc   a6, 0xf23c4
core   0: 3 0x8000046e (0xf23c4817) x16 0x723c446e
core   0: 0x80000472 (0x712e3017) auipc   zero, 0x712e3
core   0: 3 0x80000472 (0x712e3017)
core   0: 0x80000476 (0x01ec8633) add     a2, s9, t5
core   0: 3 0x80000476 (0x01ec8633) x12 0xffffffed
core   0: 0x8000047a (0xfe2493e3) bne     s1, sp, pc - 26
core   0: 3 0x8000047a (0xfe2493e3)
core   0: 0x80000460 (0xa69a6993) ori     s3, s4, -1431
core   0: 3 0x80000460 (0xa69a6993) x19 0xfffffa69
core   0: 0x80000464 (0x000083b2) c.mv    t2, a2
core   0: 3 0x80000464 (0x83b2) x 7 0xffffffed
core   0: 0x80000466 (0x00009332) c.add   t1, a2
core   0: 3 0x80000466 (0x9332) x 6 0xffffffc7
core   0: 0x80000468 (0x013fdc33) srl     s8, t6, s3
core   0: 3 0x80000468 (0x013fdc33) x24 0x007fffff
core   0: 0x8000046c (0x00000485) c.addi  s1, 1
core   0: 3 0x8000046c (0x0485) x 9 0xfffffffa
core   0: 0x8000046e (0xf23c4817) auipc   a6, 0xf23c4
core   0: 3 0x8000046e (0xf23c4817) x16 0x723c446e
core   0: 0x80000472 (0x712e3017) auipc   zero, 0x712e3
core   0: 3 0x80000472 (0x712e3017)
core   0: 0x80000476 (0x01ec8633) add     a2, s9, t5
core   0: 3 0x80000476 (0x01ec8633) x12 0xffffffed
core   0: 0x8000047a (0xfe2493e3) bne     s1, sp, pc - 26
core   0: 3 0x8000047a (0xfe2493e3)
core   0: 0x80000460 (0xa69a6993) ori     s3, s4, -1431
core   0: 3 0x80000460 (0xa69a6993) x19 0xfffffa69
core   0: 0x80000464 (0x000083b2) c.mv    t2, a2
core   0: 3 0x80000464 (0x83b2) x 7 0xffffffed
core   0: 0x80000466 (0x00009332) c.add   t1, a2
core   0: 3 0x80000466 (0x9332) x 6 0xffffffb4
core   0: 0x80000468 (0x013fdc33) srl     s8, t6, s3
core   0: 3 0x80000468 (0x013fdc33) x24 0x007fffff
core   0: 0x8000046c (0x00000485) c.addi  s1, 1
core   0: 3 0x8000046c (0x0485) x 9 0xfffffffb
core   0: 0x8000046e (0xf23c4817) auipc   a6, 0xf23c4
core   0: 3 0x8000046e (0xf23c4817) x16 0x723c446e
core   0: 0x80000472 (0x712e3017) auipc   zero, 0x712e3
core   0: 3 0x80000472 (0x712e3017)
core   0: 0x80000476 (0x01ec8633) add     a2, s9, t5
core   0: 3 0x80000476 (0x01ec8633) x12 0xffffffed
core   0: 0x8000047a (0xfe2493e3) bne     s1, sp, pc - 26
core   0: 3 0x8000047a (0xfe2493e3)
core   0: 0x80000460 (0xa69a6993) ori     s3, s4, -1431
core   0: 3 0x80000460 (0xa69a6993) x19 0xfffffa69
core   0: 0x80000464 (0x000083b2) c.mv    t2, a2
core   0: 3 0x80000464 (0x83b2) x 7 0xffffffed
core   0: 0x80000466 (0x00009332) c.add   t1, a2
core   0: 3 0x80000466 (0x9332) x 6 0xffffffa1
core   0: 0x80000468 (0x013fdc33) srl     s8, t6, s3
core   0: 3 0x80000468 (0x013fdc33) x24 0x007fffff
core   0: 0x8000046c (0x00000485) c.addi  s1, 1
core   0: 3 0x8000046c (0x0485) x 9 0xfffffffc
core   0: 0x8000046e (0xf23c4817) auipc   a6, 0xf23c4
core   0: 3 0x8000046e (0xf23c4817) x16 0x723c446e
core   0: 0x80000472 (0x712e3017) auipc   zero, 0x712e3
core   0: 3 0x80000472 (0x712e3017)
core   0: 0x80000476 (0x01ec8633) add     a2, s9, t5
core   0: 3 0x80000476 (0x01ec8633) x12 0xffffffed
core   0: 0x8000047a (0xfe2493e3) bne     s1, sp, pc - 26
core   0: 3 0x8000047a (0xfe2493e3)
core   0: 0x80000460 (0xa69a6993) ori     s3, s4, -1431
core   0: 3 0x80000460 (0xa69a6993) x19 0xfffffa69
core   0: 0x80000464 (0x000083b2) c.mv    t2, a2
core   0: 3 0x80000464 (0x83b2) x 7 0xffffffed
core   0: 0x80000466 (0x00009332) c.add   t1, a2
core   0: 3 0x80000466 (0x9332) x 6 0xffffff8e
core   0: 0x80000468 (0x013fdc33) srl     s8, t6, s3
core   0: 3 0x80000468 (0x013fdc33) x24 0x007fffff
core   0: 0x8000046c (0x00000485) c.addi  s1, 1
core   0: 3 0x8000046c (0x0485) x 9 0xfffffffd
core   0: 0x8000046e (0xf23c4817) auipc   a6, 0xf23c4
core   0: 3 0x8000046e (0xf23c4817) x16 0x723c446e
core   0: 0x80000472 (0x712e3017) auipc   zero, 0x712e3
core   0: 3 0x80000472 (0x712e3017)
core   0: 0x80000476 (0x01ec8633) add     a2, s9, t5
core   0: 3 0x80000476 (0x01ec8633) x12 0xffffffed
core   0: 0x8000047a (0xfe2493e3) bne     s1, sp, pc - 26
core   0: 3 0x8000047a (0xfe2493e3)
core   0: 0x80000460 (0xa69a6993) ori     s3, s4, -1431
core   0: 3 0x80000460 (0xa69a6993) x19 0xfffffa69
core   0: 0x80000464 (0x000083b2) c.mv    t2, a2
core   0: 3 0x80000464 (0x83b2) x 7 0xffffffed
core   0: 0x80000466 (0x00009332) c.add   t1, a2
core   0: 3 0x80000466 (0x9332) x 6 0xffffff7b
core   0: 0x80000468 (0x013fdc33) srl     s8, t6, s3
core   0: 3 0x80000468 (0x013fdc33) x24 0x007fffff
core   0: 0x8000046c (0x00000485) c.addi  s1, 1
core   0: 3 0x8000046c (0x0485) x 9 0xfffffffe
core   0: 0x8000046e (0xf23c4817) auipc   a6, 0xf23c4
core   0: 3 0x8000046e (0xf23c4817) x16 0x723c446e
core   0: 0x80000472 (0x712e3017) auipc   zero, 0x712e3
core   0: 3 0x80000472 (0x712e3017)
core   0: 0x80000476 (0x01ec8633) add     a2, s9, t5
core   0: 3 0x80000476 (0x01ec8633) x12 0xffffffed
core   0: 0x8000047a (0xfe2493e3) bne     s1, sp, pc - 26
core   0: 3 0x8000047a (0xfe2493e3)
core   0: 0x80000460 (0xa69a6993) ori     s3, s4, -1431
core   0: 3 0x80000460 (0xa69a6993) x19 0xfffffa69
core   0: 0x80000464 (0x000083b2) c.mv    t2, a2
core   0: 3 0x80000464 (0x83b2) x 7 0xffffffed
core   0: 0x80000466 (0x00009332) c.add   t1, a2
core   0: 3 0x80000466 (0x9332) x 6 0xffffff68
core   0: 0x80000468 (0x013fdc33) srl     s8, t6, s3
core   0: 3 0x80000468 (0x013fdc33) x24 0x007fffff
core   0: 0x8000046c (0x00000485) c.addi  s1, 1
core   0: 3 0x8000046c (0x0485) x 9 0xffffffff
core   0: 0x8000046e (0xf23c4817) auipc   a6, 0xf23c4
core   0: 3 0x8000046e (0xf23c4817) x16 0x723c446e
core   0: 0x80000472 (0x712e3017) auipc   zero, 0x712e3
core   0: 3 0x80000472 (0x712e3017)
core   0: 0x80000476 (0x01ec8633) add     a2, s9, t5
core   0: 3 0x80000476 (0x01ec8633) x12 0xffffffed
core   0: 0x8000047a (0xfe2493e3) bne     s1, sp, pc - 26
core   0: 3 0x8000047a (0xfe2493e3)
core   0: 0x80000460 (0xa69a6993) ori     s3, s4, -1431
core   0: 3 0x80000460 (0xa69a6993) x19 0xfffffa69
core   0: 0x80000464 (0x000083b2) c.mv    t2, a2
core   0: 3 0x80000464 (0x83b2) x 7 0xffffffed
core   0: 0x80000466 (0x00009332) c.add   t1, a2
core   0: 3 0x80000466 (0x9332) x 6 0xffffff55
core   0: 0x80000468 (0x013fdc33) srl     s8, t6, s3
core   0: 3 0x80000468 (0x013fdc33) x24 0x007fffff
core   0: 0x8000046c (0x00000485) c.addi  s1, 1
core   0: 3 0x8000046c (0x0485) x 9 0x00000000
core   0: 0x8000046e (0xf23c4817) auipc   a6, 0xf23c4
core   0: 3 0x8000046e (0xf23c4817) x16 0x723c446e
core   0: 0x80000472 (0x712e3017) auipc   zero, 0x712e3
core   0: 3 0x80000472 (0x712e3017)
core   0: 0x80000476 (0x01ec8633) add     a2, s9, t5
core   0: 3 0x80000476 (0x01ec8633) x12 0xffffffed
core   0: 0x8000047a (0xfe2493e3) bne     s1, sp, pc - 26
core   0: 3 0x8000047a (0xfe2493e3)
core   0: 0x80000460 (0xa69a6993) ori     s3, s4, -1431
core   0: 3 0x80000460 (0xa69a6993) x19 0xfffffa69
core   0: 0x80000464 (0x000083b2) c.mv    t2, a2
core   0: 3 0x80000464 (0x83b2) x 7 0xffffffed
core   0: 0x80000466 (0x00009332) c.add   t1, a2
core   0: 3 0x80000466 (0x9332) x 6 0xffffff42
core   0: 0x80000468 (0x013fdc33) srl     s8, t6, s3
core   0: 3 0x80000468 (0x013fdc33) x24 0x007fffff
core   0: 0x8000046c (0x00000485) c.addi  s1, 1
core   0: 3 0x8000046c (0x0485) x 9 0x00000001
core   0: 0x8000046e (0xf23c4817) auipc   a6, 0xf23c4
core   0: 3 0x8000046e (0xf23c4817) x16 0x723c446e
core   0: 0x80000472 (0x712e3017) auipc   zero, 0x712e3
core   0: 3 0x80000472 (0x712e3017)
core   0: 0x80000476 (0x01ec8633) add     a2, s9, t5
core   0: 3 0x80000476 (0x01ec8633) x12 0xffffffed
core   0: 0x8000047a (0xfe2493e3) bne     s1, sp, pc - 26
core   0: 3 0x8000047a (0xfe2493e3)
core   0: 0x80000460 (0xa69a6993) ori     s3, s4, -1431
core   0: 3 0x80000460 (0xa69a6993) x19 0xfffffa69
core   0: 0x80000464 (0x000083b2) c.mv    t2, a2
core   0: 3 0x80000464 (0x83b2) x 7 0xffffffed
core   0: 0x80000466 (0x00009332) c.add   t1, a2
core   0: 3 0x80000466 (0x9332) x 6 0xffffff2f
core   0: 0x80000468 (0x013fdc33) srl     s8, t6, s3
core   0: 3 0x80000468 (0x013fdc33) x24 0x007fffff
core   0: 0x8000046c (0x00000485) c.addi  s1, 1
core   0: 3 0x8000046c (0x0485) x 9 0x00000002
core   0: 0x8000046e (0xf23c4817) auipc   a6, 0xf23c4
core   0: 3 0x8000046e (0xf23c4817) x16 0x723c446e
core   0: 0x80000472 (0x712e3017) auipc   zero, 0x712e3
core   0: 3 0x80000472 (0x712e3017)
core   0: 0x80000476 (0x01ec8633) add     a2, s9, t5
core   0: 3 0x80000476 (0x01ec8633) x12 0xffffffed
core   0: 0x8000047a (0xfe2493e3) bne     s1, sp, pc - 26
core   0: 3 0x8000047a (0xfe2493e3)
core   0: 0x80000460 (0xa69a6993) ori     s3, s4, -1431
core   0: 3 0x80000460 (0xa69a6993) x19 0xfffffa69
core   0: 0x80000464 (0x000083b2) c.mv    t2, a2
core   0: 3 0x80000464 (0x83b2) x 7 0xffffffed
core   0: 0x80000466 (0x00009332) c.add   t1, a2
core   0: 3 0x80000466 (0x9332) x 6 0xffffff1c
core   0: 0x80000468 (0x013fdc33) srl     s8, t6, s3
core   0: 3 0x80000468 (0x013fdc33) x24 0x007fffff
core   0: 0x8000046c (0x00000485) c.addi  s1, 1
core   0: 3 0x8000046c (0x0485) x 9 0x00000003
core   0: 0x8000046e (0xf23c4817) auipc   a6, 0xf23c4
core   0: 3 0x8000046e (0xf23c4817) x16 0x723c446e
core   0: 0x80000472 (0x712e3017) auipc   zero, 0x712e3
core   0: 3 0x80000472 (0x712e3017)
core   0: 0x80000476 (0x01ec8633) add     a2, s9, t5
core   0: 3 0x80000476 (0x01ec8633) x12 0xffffffed
core   0: 0x8000047a (0xfe2493e3) bne     s1, sp, pc - 26
core   0: 3 0x8000047a (0xfe2493e3)
core   0: 0x80000460 (0xa69a6993) ori     s3, s4, -1431
core   0: 3 0x80000460 (0xa69a6993) x19 0xfffffa69
core   0: 0x80000464 (0x000083b2) c.mv    t2, a2
core   0: 3 0x80000464 (0x83b2) x 7 0xffffffed
core   0: 0x80000466 (0x00009332) c.add   t1, a2
core   0: 3 0x80000466 (0x9332) x 6 0xffffff09
core   0: 0x80000468 (0x013fdc33) srl     s8, t6, s3
core   0: 3 0x80000468 (0x013fdc33) x24 0x007fffff
core   0: 0x8000046c (0x00000485) c.addi  s1, 1
core   0: 3 0x8000046c (0x0485) x 9 0x00000004
core   0: 0x8000046e (0xf23c4817) auipc   a6, 0xf23c4
core   0: 3 0x8000046e (0xf23c4817) x16 0x723c446e
core   0: 0x80000472 (0x712e3017) auipc   zero, 0x712e3
core   0: 3 0x80000472 (0x712e3017)
core   0: 0x80000476 (0x01ec8633) add     a2, s9, t5
core   0: 3 0x80000476 (0x01ec8633) x12 0xffffffed
core   0: 0x8000047a (0xfe2493e3) bne     s1, sp, pc - 26
core   0: 3 0x8000047a (0xfe2493e3)
core   0: 0x80000460 (0xa69a6993) ori     s3, s4, -1431
core   0: 3 0x80000460 (0xa69a6993) x19 0xfffffa69
core   0: 0x80000464 (0x000083b2) c.mv    t2, a2
core   0: 3 0x80000464 (0x83b2) x 7 0xffffffed
core   0: 0x80000466 (0x00009332) c.add   t1, a2
core   0: 3 0x80000466 (0x9332) x 6 0xfffffef6
core   0: 0x80000468 (0x013fdc33) srl     s8, t6, s3
core   0: 3 0x80000468 (0x013fdc33) x24 0x007fffff
core   0: 0x8000046c (0x00000485) c.addi  s1, 1
core   0: 3 0x8000046c (0x0485) x 9 0x00000005
core   0: 0x8000046e (0xf23c4817) auipc   a6, 0xf23c4
core   0: 3 0x8000046e (0xf23c4817) x16 0x723c446e
core   0: 0x80000472 (0x712e3017) auipc   zero, 0x712e3
core   0: 3 0x80000472 (0x712e3017)
core   0: 0x80000476 (0x01ec8633) add     a2, s9, t5
core   0: 3 0x80000476 (0x01ec8633) x12 0xffffffed
core   0: 0x8000047a (0xfe2493e3) bne     s1, sp, pc - 26
core   0: 3 0x8000047a (0xfe2493e3)
core   0: 0x80000460 (0xa69a6993) ori     s3, s4, -1431
core   0: 3 0x80000460 (0xa69a6993) x19 0xfffffa69
core   0: 0x80000464 (0x000083b2) c.mv    t2, a2
core   0: 3 0x80000464 (0x83b2) x 7 0xffffffed
core   0: 0x80000466 (0x00009332) c.add   t1, a2
core   0: 3 0x80000466 (0x9332) x 6 0xfffffee3
core   0: 0x80000468 (0x013fdc33) srl     s8, t6, s3
core   0: 3 0x80000468 (0x013fdc33) x24 0x007fffff
core   0: 0x8000046c (0x00000485) c.addi  s1, 1
core   0: 3 0x8000046c (0x0485) x 9 0x00000006
core   0: 0x8000046e (0xf23c4817) auipc   a6, 0xf23c4
core   0: 3 0x8000046e (0xf23c4817) x16 0x723c446e
core   0: 0x80000472 (0x712e3017) auipc   zero, 0x712e3
core   0: 3 0x80000472 (0x712e3017)
core   0: 0x80000476 (0x01ec8633) add     a2, s9, t5
core   0: 3 0x80000476 (0x01ec8633) x12 0xffffffed
core   0: 0x8000047a (0xfe2493e3) bne     s1, sp, pc - 26
core   0: 3 0x8000047a (0xfe2493e3)
core   0: 0x80000460 (0xa69a6993) ori     s3, s4, -1431
core   0: 3 0x80000460 (0xa69a6993) x19 0xfffffa69
core   0: 0x80000464 (0x000083b2) c.mv    t2, a2
core   0: 3 0x80000464 (0x83b2) x 7 0xffffffed
core   0: 0x80000466 (0x00009332) c.add   t1, a2
core   0: 3 0x80000466 (0x9332) x 6 0xfffffed0
core   0: 0x80000468 (0x013fdc33) srl     s8, t6, s3
core   0: 3 0x80000468 (0x013fdc33) x24 0x007fffff
core   0: 0x8000046c (0x00000485) c.addi  s1, 1
core   0: 3 0x8000046c (0x0485) x 9 0x00000007
core   0: 0x8000046e (0xf23c4817) auipc   a6, 0xf23c4
core   0: 3 0x8000046e (0xf23c4817) x16 0x723c446e
core   0: 0x80000472 (0x712e3017) auipc   zero, 0x712e3
core   0: 3 0x80000472 (0x712e3017)
core   0: 0x80000476 (0x01ec8633) add     a2, s9, t5
core   0: 3 0x80000476 (0x01ec8633) x12 0xffffffed
core   0: 0x8000047a (0xfe2493e3) bne     s1, sp, pc - 26
core   0: 3 0x8000047a (0xfe2493e3)
core   0: 0x80000460 (0xa69a6993) ori     s3, s4, -1431
core   0: 3 0x80000460 (0xa69a6993) x19 0xfffffa69
core   0: 0x80000464 (0x000083b2) c.mv    t2, a2
core   0: 3 0x80000464 (0x83b2) x 7 0xffffffed
core   0: 0x80000466 (0x00009332) c.add   t1, a2
core   0: 3 0x80000466 (0x9332) x 6 0xfffffebd
core   0: 0x80000468 (0x013fdc33) srl     s8, t6, s3
core   0: 3 0x80000468 (0x013fdc33) x24 0x007fffff
core   0: 0x8000046c (0x00000485) c.addi  s1, 1
core   0: 3 0x8000046c (0x0485) x 9 0x00000008
core   0: 0x8000046e (0xf23c4817) auipc   a6, 0xf23c4
core   0: 3 0x8000046e (0xf23c4817) x16 0x723c446e
core   0: 0x80000472 (0x712e3017) auipc   zero, 0x712e3
core   0: 3 0x80000472 (0x712e3017)
core   0: 0x80000476 (0x01ec8633) add     a2, s9, t5
core   0: 3 0x80000476 (0x01ec8633) x12 0xffffffed
core   0: 0x8000047a (0xfe2493e3) bne     s1, sp, pc - 26
core   0: 3 0x8000047a (0xfe2493e3)
core   0: 0x80000460 (0xa69a6993) ori     s3, s4, -1431
core   0: 3 0x80000460 (0xa69a6993) x19 0xfffffa69
core   0: 0x80000464 (0x000083b2) c.mv    t2, a2
core   0: 3 0x80000464 (0x83b2) x 7 0xffffffed
core   0: 0x80000466 (0x00009332) c.add   t1, a2
core   0: 3 0x80000466 (0x9332) x 6 0xfffffeaa
core   0: 0x80000468 (0x013fdc33) srl     s8, t6, s3
core   0: 3 0x80000468 (0x013fdc33) x24 0x007fffff
core   0: 0x8000046c (0x00000485) c.addi  s1, 1
core   0: 3 0x8000046c (0x0485) x 9 0x00000009
core   0: 0x8000046e (0xf23c4817) auipc   a6, 0xf23c4
core   0: 3 0x8000046e (0xf23c4817) x16 0x723c446e
core   0: 0x80000472 (0x712e3017) auipc   zero, 0x712e3
core   0: 3 0x80000472 (0x712e3017)
core   0: 0x80000476 (0x01ec8633) add     a2, s9, t5
core   0: 3 0x80000476 (0x01ec8633) x12 0xffffffed
core   0: 0x8000047a (0xfe2493e3) bne     s1, sp, pc - 26
core   0: 3 0x8000047a (0xfe2493e3)
core   0: 0x80000460 (0xa69a6993) ori     s3, s4, -1431
core   0: 3 0x80000460 (0xa69a6993) x19 0xfffffa69
core   0: 0x80000464 (0x000083b2) c.mv    t2, a2
core   0: 3 0x80000464 (0x83b2) x 7 0xffffffed
core   0: 0x80000466 (0x00009332) c.add   t1, a2
core   0: 3 0x80000466 (0x9332) x 6 0xfffffe97
core   0: 0x80000468 (0x013fdc33) srl     s8, t6, s3
core   0: 3 0x80000468 (0x013fdc33) x24 0x007fffff
core   0: 0x8000046c (0x00000485) c.addi  s1, 1
core   0: 3 0x8000046c (0x0485) x 9 0x0000000a
core   0: 0x8000046e (0xf23c4817) auipc   a6, 0xf23c4
core   0: 3 0x8000046e (0xf23c4817) x16 0x723c446e
core   0: 0x80000472 (0x712e3017) auipc   zero, 0x712e3
core   0: 3 0x80000472 (0x712e3017)
core   0: 0x80000476 (0x01ec8633) add     a2, s9, t5
core   0: 3 0x80000476 (0x01ec8633) x12 0xffffffed
core   0: 0x8000047a (0xfe2493e3) bne     s1, sp, pc - 26
core   0: 3 0x8000047a (0xfe2493e3)
core   0: 0x80000460 (0xa69a6993) ori     s3, s4, -1431
core   0: 3 0x80000460 (0xa69a6993) x19 0xfffffa69
core   0: 0x80000464 (0x000083b2) c.mv    t2, a2
core   0: 3 0x80000464 (0x83b2) x 7 0xffffffed
core   0: 0x80000466 (0x00009332) c.add   t1, a2
core   0: 3 0x80000466 (0x9332) x 6 0xfffffe84
core   0: 0x80000468 (0x013fdc33) srl     s8, t6, s3
core   0: 3 0x80000468 (0x013fdc33) x24 0x007fffff
core   0: 0x8000046c (0x00000485) c.addi  s1, 1
core   0: 3 0x8000046c (0x0485) x 9 0x0000000b
core   0: 0x8000046e (0xf23c4817) auipc   a6, 0xf23c4
core   0: 3 0x8000046e (0xf23c4817) x16 0x723c446e
core   0: 0x80000472 (0x712e3017) auipc   zero, 0x712e3
core   0: 3 0x80000472 (0x712e3017)
core   0: 0x80000476 (0x01ec8633) add     a2, s9, t5
core   0: 3 0x80000476 (0x01ec8633) x12 0xffffffed
core   0: 0x8000047a (0xfe2493e3) bne     s1, sp, pc - 26
core   0: 3 0x8000047a (0xfe2493e3)
core   0: 0x80000460 (0xa69a6993) ori     s3, s4, -1431
core   0: 3 0x80000460 (0xa69a6993) x19 0xfffffa69
core   0: 0x80000464 (0x000083b2) c.mv    t2, a2
core   0: 3 0x80000464 (0x83b2) x 7 0xffffffed
core   0: 0x80000466 (0x00009332) c.add   t1, a2
core   0: 3 0x80000466 (0x9332) x 6 0xfffffe71
core   0: 0x80000468 (0x013fdc33) srl     s8, t6, s3
core   0: 3 0x80000468 (0x013fdc33) x24 0x007fffff
core   0: 0x8000046c (0x00000485) c.addi  s1, 1
core   0: 3 0x8000046c (0x0485) x 9 0x0000000c
core   0: 0x8000046e (0xf23c4817) auipc   a6, 0xf23c4
core   0: 3 0x8000046e (0xf23c4817) x16 0x723c446e
core   0: 0x80000472 (0x712e3017) auipc   zero, 0x712e3
core   0: 3 0x80000472 (0x712e3017)
core   0: 0x80000476 (0x01ec8633) add     a2, s9, t5
core   0: 3 0x80000476 (0x01ec8633) x12 0xffffffed
core   0: 0x8000047a (0xfe2493e3) bne     s1, sp, pc - 26
core   0: 3 0x8000047a (0xfe2493e3)
core   0: 0x80000460 (0xa69a6993) ori     s3, s4, -1431
core   0: 3 0x80000460 (0xa69a6993) x19 0xfffffa69
core   0: 0x80000464 (0x000083b2) c.mv    t2, a2
core   0: 3 0x80000464 (0x83b2) x 7 0xffffffed
core   0: 0x80000466 (0x00009332) c.add   t1, a2
core   0: 3 0x80000466 (0x9332) x 6 0xfffffe5e
core   0: 0x80000468 (0x013fdc33) srl     s8, t6, s3
core   0: 3 0x80000468 (0x013fdc33) x24 0x007fffff
core   0: 0x8000046c (0x00000485) c.addi  s1, 1
core   0: 3 0x8000046c (0x0485) x 9 0x0000000d
core   0: 0x8000046e (0xf23c4817) auipc   a6, 0xf23c4
core   0: 3 0x8000046e (0xf23c4817) x16 0x723c446e
core   0: 0x80000472 (0x712e3017) auipc   zero, 0x712e3
core   0: 3 0x80000472 (0x712e3017)
core   0: 0x80000476 (0x01ec8633) add     a2, s9, t5
core   0: 3 0x80000476 (0x01ec8633) x12 0xffffffed
core   0: 0x8000047a (0xfe2493e3) bne     s1, sp, pc - 26
core   0: 3 0x8000047a (0xfe2493e3)
core   0: 0x80000460 (0xa69a6993) ori     s3, s4, -1431
core   0: 3 0x80000460 (0xa69a6993) x19 0xfffffa69
core   0: 0x80000464 (0x000083b2) c.mv    t2, a2
core   0: 3 0x80000464 (0x83b2) x 7 0xffffffed
core   0: 0x80000466 (0x00009332) c.add   t1, a2
core   0: 3 0x80000466 (0x9332) x 6 0xfffffe4b
core   0: 0x80000468 (0x013fdc33) srl     s8, t6, s3
core   0: 3 0x80000468 (0x013fdc33) x24 0x007fffff
core   0: 0x8000046c (0x00000485) c.addi  s1, 1
core   0: 3 0x8000046c (0x0485) x 9 0x0000000e
core   0: 0x8000046e (0xf23c4817) auipc   a6, 0xf23c4
core   0: 3 0x8000046e (0xf23c4817) x16 0x723c446e
core   0: 0x80000472 (0x712e3017) auipc   zero, 0x712e3
core   0: 3 0x80000472 (0x712e3017)
core   0: 0x80000476 (0x01ec8633) add     a2, s9, t5
core   0: 3 0x80000476 (0x01ec8633) x12 0xffffffed
core   0: 0x8000047a (0xfe2493e3) bne     s1, sp, pc - 26
core   0: 3 0x8000047a (0xfe2493e3)
core   0: 0x80000460 (0xa69a6993) ori     s3, s4, -1431
core   0: 3 0x80000460 (0xa69a6993) x19 0xfffffa69
core   0: 0x80000464 (0x000083b2) c.mv    t2, a2
core   0: 3 0x80000464 (0x83b2) x 7 0xffffffed
core   0: 0x80000466 (0x00009332) c.add   t1, a2
core   0: 3 0x80000466 (0x9332) x 6 0xfffffe38
core   0: 0x80000468 (0x013fdc33) srl     s8, t6, s3
core   0: 3 0x80000468 (0x013fdc33) x24 0x007fffff
core   0: 0x8000046c (0x00000485) c.addi  s1, 1
core   0: 3 0x8000046c (0x0485) x 9 0x0000000f
core   0: 0x8000046e (0xf23c4817) auipc   a6, 0xf23c4
core   0: 3 0x8000046e (0xf23c4817) x16 0x723c446e
core   0: 0x80000472 (0x712e3017) auipc   zero, 0x712e3
core   0: 3 0x80000472 (0x712e3017)
core   0: 0x80000476 (0x01ec8633) add     a2, s9, t5
core   0: 3 0x80000476 (0x01ec8633) x12 0xffffffed
core   0: 0x8000047a (0xfe2493e3) bne     s1, sp, pc - 26
core   0: 3 0x8000047a (0xfe2493e3)
core   0: 0x80000460 (0xa69a6993) ori     s3, s4, -1431
core   0: 3 0x80000460 (0xa69a6993) x19 0xfffffa69
core   0: 0x80000464 (0x000083b2) c.mv    t2, a2
core   0: 3 0x80000464 (0x83b2) x 7 0xffffffed
core   0: 0x80000466 (0x00009332) c.add   t1, a2
core   0: 3 0x80000466 (0x9332) x 6 0xfffffe25
core   0: 0x80000468 (0x013fdc33) srl     s8, t6, s3
core   0: 3 0x80000468 (0x013fdc33) x24 0x007fffff
core   0: 0x8000046c (0x00000485) c.addi  s1, 1
core   0: 3 0x8000046c (0x0485) x 9 0x00000010
core   0: 0x8000046e (0xf23c4817) auipc   a6, 0xf23c4
core   0: 3 0x8000046e (0xf23c4817) x16 0x723c446e
core   0: 0x80000472 (0x712e3017) auipc   zero, 0x712e3
core   0: 3 0x80000472 (0x712e3017)
core   0: 0x80000476 (0x01ec8633) add     a2, s9, t5
core   0: 3 0x80000476 (0x01ec8633) x12 0xffffffed
core   0: 0x8000047a (0xfe2493e3) bne     s1, sp, pc - 26
core   0: 3 0x8000047a (0xfe2493e3)
core   0: 0x8000047e (0x0000825a) c.mv    tp, s6
core   0: 3 0x8000047e (0x825a) x 4 0x000fffff
core   0: 0x80000480 (0x00100593) li      a1, 1
core   0: 3 0x80000480 (0x00100593) x11 0x00000001
core   0: 0x80000484 (0x00000001) c.nop
core   0: 3 0x80000484 (0x0001)
core   0: 0x80000486 (0x02f667b3) rem     a5, a2, a5
core   0: 3 0x80000486 (0x02f667b3) x15 0xffffffed
core   0: 0x8000048a (0x03266233) rem     tp, a2, s2
core   0: 3 0x8000048a (0x03266233) x 4 0xffffffed
core   0: 0x8000048e (0x00000001) c.nop
core   0: 3 0x8000048e (0x0001)
core   0: 0x80000490 (0x00008ead) c.xor   a3, a1
core   0: 3 0x80000490 (0x8ead) x13 0x00000001
core   0: 0x80000492 (0x000015fd) c.addi  a1, -1
core   0: 3 0x80000492 (0x15fd) x11 0x00000000
core   0: 0x80000494 (0x00008e1d) c.sub   a2, a5
core   0: 3 0x80000494 (0x8e1d) x12 0x00000000
core   0: 0x80000496 (0x00400713) li      a4, 4
core   0: 3 0x80000496 (0x00400713) x14 0x00000004
core   0: 0x8000049a (0x02d83233) mulhu   tp, a6, a3
core   0: 3 0x8000049a (0x02d83233) x 4 0x00000000
core   0: 0x8000049e (0x00b00493) li      s1, 11
core   0: 3 0x8000049e (0x00b00493) x 9 0x0000000b
core   0: 0x800004a2 (0x0ff0000f) fence   iorw,iorw
core   0: 3 0x800004a2 (0x0ff0000f)
core   0: 0x800004a6 (0x0a823393) sltiu   t2, tp, 168
core   0: 3 0x800004a6 (0x0a823393) x 7 0x00000001
core   0: 0x800004aa (0x00001714) c.addi4spn a3, sp, 928
core   0: 3 0x800004aa (0x1714) x13 0x000003b0
core   0: 0x800004ac (0x8d68f113) andi    sp, a7, -1834
core   0: 3 0x800004ac (0x8d68f113) x 2 0xfffff8c4
core   0: 0x800004b0 (0x00dfd3b3) srl     t2, t6, a3
core   0: 3 0x800004b0 (0x00dfd3b3) x 7 0x0000ffff
core   0: 0x800004b4 (0x00000a4d) c.addi  s4, 19
core   0: 3 0x800004b4 (0x0a4d) x20 0x00000013
core   0: 0x800004b6 (0x0070f533) and     a0, ra, t2
core   0: 3 0x800004b6 (0x0070f533) x10 0x00000007
core   0: 0x800004ba (0x00001efd) c.addi  t4, -1
core   0: 3 0x800004ba (0x1efd) x29 0xffffffff
core   0: 0x800004bc (0x00000705) c.addi  a4, 1
core   0: 3 0x800004bc (0x0705) x14 0x00000005
core   0: 0x800004be (0xa332fb13) andi    s6, t0, -1485
core   0: 3 0x800004be (0xa332fb13) x22 0xfff80000
core   0: 0x800004c2 (0x49632d13) slti    s10, t1, 1174
core   0: 3 0x800004c2 (0x49632d13) x26 0x00000001
core   0: 0x800004c6 (0x02eeffb3) remu    t6, t4, a4
core   0: 3 0x800004c6 (0x02eeffb3) x31 0x00000000
core   0: 0x800004ca (0x03e34333) div     t1, t1, t5
core   0: 3 0x800004ca (0x03e34333) x 6 0x00000019
core   0: 0x800004ce (0x01725eb3) srl     t4, tp, s7
core   0: 3 0x800004ce (0x01725eb3) x29 0x00000000
core   0: 0x800004d2 (0x00000001) c.nop
core   0: 3 0x800004d2 (0x0001)
core   0: 0x800004d4 (0xfc976ce3) bltu    a4, s1, pc - 40
core   0: 3 0x800004d4 (0xfc976ce3)
core   0: 0x800004ac (0x8d68f113) andi    sp, a7, -1834
core   0: 3 0x800004ac (0x8d68f113) x 2 0xfffff8c4
core   0: 0x800004b0 (0x00dfd3b3) srl     t2, t6, a3
core   0: 3 0x800004b0 (0x00dfd3b3) x 7 0x00000000
core   0: 0x800004b4 (0x00000a4d) c.addi  s4, 19
core   0: 3 0x800004b4 (0x0a4d) x20 0x00000026
core   0: 0x800004b6 (0x0070f533) and     a0, ra, t2
core   0: 3 0x800004b6 (0x0070f533) x10 0x00000000
core   0: 0x800004ba (0x00001efd) c.addi  t4, -1
core   0: 3 0x800004ba (0x1efd) x29 0xffffffff
core   0: 0x800004bc (0x00000705) c.addi  a4, 1
core   0: 3 0x800004bc (0x0705) x14 0x00000006
core   0: 0x800004be (0xa332fb13) andi    s6, t0, -1485
core   0: 3 0x800004be (0xa332fb13) x22 0xfff80000
core   0: 0x800004c2 (0x49632d13) slti    s10, t1, 1174
core   0: 3 0x800004c2 (0x49632d13) x26 0x00000001
core   0: 0x800004c6 (0x02eeffb3) remu    t6, t4, a4
core   0: 3 0x800004c6 (0x02eeffb3) x31 0x00000003
core   0: 0x800004ca (0x03e34333) div     t1, t1, t5
core   0: 3 0x800004ca (0x03e34333) x 6 0xffffffff
core   0: 0x800004ce (0x01725eb3) srl     t4, tp, s7
core   0: 3 0x800004ce (0x01725eb3) x29 0x00000000
core   0: 0x800004d2 (0x00000001) c.nop
core   0: 3 0x800004d2 (0x0001)
core   0: 0x800004d4 (0xfc976ce3) bltu    a4, s1, pc - 40
core   0: 3 0x800004d4 (0xfc976ce3)
core   0: 0x800004ac (0x8d68f113) andi    sp, a7, -1834
core   0: 3 0x800004ac (0x8d68f113) x 2 0xfffff8c4
core   0: 0x800004b0 (0x00dfd3b3) srl     t2, t6, a3
core   0: 3 0x800004b0 (0x00dfd3b3) x 7 0x00000000
core   0: 0x800004b4 (0x00000a4d) c.addi  s4, 19
core   0: 3 0x800004b4 (0x0a4d) x20 0x00000039
core   0: 0x800004b6 (0x0070f533) and     a0, ra, t2
core   0: 3 0x800004b6 (0x0070f533) x10 0x00000000
core   0: 0x800004ba (0x00001efd) c.addi  t4, -1
core   0: 3 0x800004ba (0x1efd) x29 0xffffffff
core   0: 0x800004bc (0x00000705) c.addi  a4, 1
core   0: 3 0x800004bc (0x0705) x14 0x00000007
core   0: 0x800004be (0xa332fb13) andi    s6, t0, -1485
core   0: 3 0x800004be (0xa332fb13) x22 0xfff80000
core   0: 0x800004c2 (0x49632d13) slti    s10, t1, 1174
core   0: 3 0x800004c2 (0x49632d13) x26 0x00000001
core   0: 0x800004c6 (0x02eeffb3) remu    t6, t4, a4
core   0: 3 0x800004c6 (0x02eeffb3) x31 0x00000003
core   0: 0x800004ca (0x03e34333) div     t1, t1, t5
core   0: 3 0x800004ca (0x03e34333) x 6 0x00000000
core   0: 0x800004ce (0x01725eb3) srl     t4, tp, s7
core   0: 3 0x800004ce (0x01725eb3) x29 0x00000000
core   0: 0x800004d2 (0x00000001) c.nop
core   0: 3 0x800004d2 (0x0001)
core   0: 0x800004d4 (0xfc976ce3) bltu    a4, s1, pc - 40
core   0: 3 0x800004d4 (0xfc976ce3)
core   0: 0x800004ac (0x8d68f113) andi    sp, a7, -1834
core   0: 3 0x800004ac (0x8d68f113) x 2 0xfffff8c4
core   0: 0x800004b0 (0x00dfd3b3) srl     t2, t6, a3
core   0: 3 0x800004b0 (0x00dfd3b3) x 7 0x00000000
core   0: 0x800004b4 (0x00000a4d) c.addi  s4, 19
core   0: 3 0x800004b4 (0x0a4d) x20 0x0000004c
core   0: 0x800004b6 (0x0070f533) and     a0, ra, t2
core   0: 3 0x800004b6 (0x0070f533) x10 0x00000000
core   0: 0x800004ba (0x00001efd) c.addi  t4, -1
core   0: 3 0x800004ba (0x1efd) x29 0xffffffff
core   0: 0x800004bc (0x00000705) c.addi  a4, 1
core   0: 3 0x800004bc (0x0705) x14 0x00000008
core   0: 0x800004be (0xa332fb13) andi    s6, t0, -1485
core   0: 3 0x800004be (0xa332fb13) x22 0xfff80000
core   0: 0x800004c2 (0x49632d13) slti    s10, t1, 1174
core   0: 3 0x800004c2 (0x49632d13) x26 0x00000001
core   0: 0x800004c6 (0x02eeffb3) remu    t6, t4, a4
core   0: 3 0x800004c6 (0x02eeffb3) x31 0x00000007
core   0: 0x800004ca (0x03e34333) div     t1, t1, t5
core   0: 3 0x800004ca (0x03e34333) x 6 0x00000000
core   0: 0x800004ce (0x01725eb3) srl     t4, tp, s7
core   0: 3 0x800004ce (0x01725eb3) x29 0x00000000
core   0: 0x800004d2 (0x00000001) c.nop
core   0: 3 0x800004d2 (0x0001)
core   0: 0x800004d4 (0xfc976ce3) bltu    a4, s1, pc - 40
core   0: 3 0x800004d4 (0xfc976ce3)
core   0: 0x800004ac (0x8d68f113) andi    sp, a7, -1834
core   0: 3 0x800004ac (0x8d68f113) x 2 0xfffff8c4
core   0: 0x800004b0 (0x00dfd3b3) srl     t2, t6, a3
core   0: 3 0x800004b0 (0x00dfd3b3) x 7 0x00000000
core   0: 0x800004b4 (0x00000a4d) c.addi  s4, 19
core   0: 3 0x800004b4 (0x0a4d) x20 0x0000005f
core   0: 0x800004b6 (0x0070f533) and     a0, ra, t2
core   0: 3 0x800004b6 (0x0070f533) x10 0x00000000
core   0: 0x800004ba (0x00001efd) c.addi  t4, -1
core   0: 3 0x800004ba (0x1efd) x29 0xffffffff
core   0: 0x800004bc (0x00000705) c.addi  a4, 1
core   0: 3 0x800004bc (0x0705) x14 0x00000009
core   0: 0x800004be (0xa332fb13) andi    s6, t0, -1485
core   0: 3 0x800004be (0xa332fb13) x22 0xfff80000
core   0: 0x800004c2 (0x49632d13) slti    s10, t1, 1174
core   0: 3 0x800004c2 (0x49632d13) x26 0x00000001
core   0: 0x800004c6 (0x02eeffb3) remu    t6, t4, a4
core   0: 3 0x800004c6 (0x02eeffb3) x31 0x00000003
core   0: 0x800004ca (0x03e34333) div     t1, t1, t5
core   0: 3 0x800004ca (0x03e34333) x 6 0x00000000
core   0: 0x800004ce (0x01725eb3) srl     t4, tp, s7
core   0: 3 0x800004ce (0x01725eb3) x29 0x00000000
core   0: 0x800004d2 (0x00000001) c.nop
core   0: 3 0x800004d2 (0x0001)
core   0: 0x800004d4 (0xfc976ce3) bltu    a4, s1, pc - 40
core   0: 3 0x800004d4 (0xfc976ce3)
core   0: 0x800004ac (0x8d68f113) andi    sp, a7, -1834
core   0: 3 0x800004ac (0x8d68f113) x 2 0xfffff8c4
core   0: 0x800004b0 (0x00dfd3b3) srl     t2, t6, a3
core   0: 3 0x800004b0 (0x00dfd3b3) x 7 0x00000000
core   0: 0x800004b4 (0x00000a4d) c.addi  s4, 19
core   0: 3 0x800004b4 (0x0a4d) x20 0x00000072
core   0: 0x800004b6 (0x0070f533) and     a0, ra, t2
core   0: 3 0x800004b6 (0x0070f533) x10 0x00000000
core   0: 0x800004ba (0x00001efd) c.addi  t4, -1
core   0: 3 0x800004ba (0x1efd) x29 0xffffffff
core   0: 0x800004bc (0x00000705) c.addi  a4, 1
core   0: 3 0x800004bc (0x0705) x14 0x0000000a
core   0: 0x800004be (0xa332fb13) andi    s6, t0, -1485
core   0: 3 0x800004be (0xa332fb13) x22 0xfff80000
core   0: 0x800004c2 (0x49632d13) slti    s10, t1, 1174
core   0: 3 0x800004c2 (0x49632d13) x26 0x00000001
core   0: 0x800004c6 (0x02eeffb3) remu    t6, t4, a4
core   0: 3 0x800004c6 (0x02eeffb3) x31 0x00000005
core   0: 0x800004ca (0x03e34333) div     t1, t1, t5
core   0: 3 0x800004ca (0x03e34333) x 6 0x00000000
core   0: 0x800004ce (0x01725eb3) srl     t4, tp, s7
core   0: 3 0x800004ce (0x01725eb3) x29 0x00000000
core   0: 0x800004d2 (0x00000001) c.nop
core   0: 3 0x800004d2 (0x0001)
core   0: 0x800004d4 (0xfc976ce3) bltu    a4, s1, pc - 40
core   0: 3 0x800004d4 (0xfc976ce3)
core   0: 0x800004ac (0x8d68f113) andi    sp, a7, -1834
core   0: 3 0x800004ac (0x8d68f113) x 2 0xfffff8c4
core   0: 0x800004b0 (0x00dfd3b3) srl     t2, t6, a3
core   0: 3 0x800004b0 (0x00dfd3b3) x 7 0x00000000
core   0: 0x800004b4 (0x00000a4d) c.addi  s4, 19
core   0: 3 0x800004b4 (0x0a4d) x20 0x00000085
core   0: 0x800004b6 (0x0070f533) and     a0, ra, t2
core   0: 3 0x800004b6 (0x0070f533) x10 0x00000000
core   0: 0x800004ba (0x00001efd) c.addi  t4, -1
core   0: 3 0x800004ba (0x1efd) x29 0xffffffff
core   0: 0x800004bc (0x00000705) c.addi  a4, 1
core   0: 3 0x800004bc (0x0705) x14 0x0000000b
core   0: 0x800004be (0xa332fb13) andi    s6, t0, -1485
core   0: 3 0x800004be (0xa332fb13) x22 0xfff80000
core   0: 0x800004c2 (0x49632d13) slti    s10, t1, 1174
core   0: 3 0x800004c2 (0x49632d13) x26 0x00000001
core   0: 0x800004c6 (0x02eeffb3) remu    t6, t4, a4
core   0: 3 0x800004c6 (0x02eeffb3) x31 0x00000003
core   0: 0x800004ca (0x03e34333) div     t1, t1, t5
core   0: 3 0x800004ca (0x03e34333) x 6 0x00000000
core   0: 0x800004ce (0x01725eb3) srl     t4, tp, s7
core   0: 3 0x800004ce (0x01725eb3) x29 0x00000000
core   0: 0x800004d2 (0x00000001) c.nop
core   0: 3 0x800004d2 (0x0001)
core   0: 0x800004d4 (0xfc976ce3) bltu    a4, s1, pc - 40
core   0: 3 0x800004d4 (0xfc976ce3)
core   0: 0x800004d8 (0x00a65cb3) srl     s9, a2, a0
core   0: 3 0x800004d8 (0x00a65cb3) x25 0x00000000
core   0: 0x800004dc (0x0000f9d5) c.bnez  a1, pc - 76
core   0: 3 0x800004dc (0xf9d5)
core   0: 0x800004de (0x0080b9b3) sltu    s3, ra, s0
core   0: 3 0x800004de (0x0080b9b3) x19 0x00000000
core   0: 0x800004e2 (0xffe00193) li      gp, -2
core   0: 3 0x800004e2 (0xffe00193) x 3 0xfffffffe
core   0: 0x800004e6 (0x0ff0000f) fence   iorw,iorw
core   0: 3 0x800004e6 (0x0ff0000f)
core   0: 0x800004ea (0x0000867d) c.srai  a2, 31
core   0: 3 0x800004ea (0x867d) x12 0x00000000
core   0: 0x800004ec (0x00008d35) c.xor   a0, a3
core   0: 3 0x800004ec (0x8d35) x10 0x000003b0
core   0: 0x800004ee (0xf32e4c93) xori    s9, t3, -206
core   0: 3 0x800004ee (0xf32e4c93) x25 0xffffff32
core   0: 0x800004f2 (0x00a00313) li      t1, 10
core   0: 3 0x800004f2 (0x00a00313) x 6 0x0000000a
core   0: 0x800004f6 (0x00008e9e) c.mv    t4, t2
core   0: 3 0x800004f6 (0x8e9e) x29 0x00000000
core   0: 0x800004f8 (0x00008db9) c.xor   a1, a4
core   0: 3 0x800004f8 (0x8db9) x11 0x0000000b
core   0: 0x800004fa (0x7d6aba97) auipc   s5, 0x7d6ab
core   0: 3 0x800004fa (0x7d6aba97) x21 0xfd6ab4fa
core   0: 0x800004fe (0x00008ee2) c.mv    t4, s8
core   0: 3 0x800004fe (0x8ee2) x29 0x007fffff
core   0: 0x80000500 (0x00014cb3) xor     s9, sp, zero
core   0: 3 0x80000500 (0x00014cb3) x25 0xfffff8c4
core   0: 0x80000504 (0x00084b33) xor     s6, a6, zero
core   0: 3 0x80000504 (0x00084b33) x22 0x723c446e
core   0: 0x80000508 (0x0274d533) divu    a0, s1, t2
core   0: 3 0x80000508 (0x0274d533) x10 0xffffffff
core   0: 0x8000050c (0x00008f1d) c.sub   a4, a5
core   0: 3 0x8000050c (0x8f1d) x14 0x0000001e
core   0: 0x8000050e (0x0000100f) fence.i
core   0: 3 0x8000050e (0x0000100f)
core   0: 0x80000512 (0x02955a33) divu    s4, a0, s1
core   0: 3 0x80000512 (0x02955a33) x20 0x1745d174
core   0: 0x80000516 (0x659d6213) ori     tp, s10, 1625
core   0: 3 0x80000516 (0x659d6213) x 4 0x00000659
core   0: 0x8000051a (0x006e4b33) xor     s6, t3, t1
core   0: 3 0x8000051a (0x006e4b33) x22 0x0000000a
core   0: 0x8000051e (0x00009206) c.add   tp, ra
core   0: 3 0x8000051e (0x9206) x 4 0x00000660
core   0: 0x80000520 (0xc279c213) xori    tp, s3, -985
core   0: 3 0x80000520 (0xc279c213) x 4 0xfffffc27
core   0: 0x80000524 (0x415b87b3) sub     a5, s7, s5
core   0: 3 0x80000524 (0x415b87b3) x15 0x02954b0d
core   0: 0x80000528 (0x01a8f7b3) and     a5, a7, s10
core   0: 3 0x80000528 (0x01a8f7b3) x15 0x00000000
core   0: 0x8000052c (0x502e8d17) auipc   s10, 0x502e8
core   0: 3 0x8000052c (0x502e8d17) x26 0xd02e852c
core   0: 0x80000530 (0x00000195) c.addi  gp, 5
core   0: 3 0x80000530 (0x0195) x 3 0x00000003
core   0: 0x80000532 (0xfc61cbe3) blt     gp, t1, pc - 42
core   0: 3 0x80000532 (0xfc61cbe3)
core   0: 0x80000508 (0x0274d533) divu    a0, s1, t2
core   0: 3 0x80000508 (0x0274d533) x10 0xffffffff
core   0: 0x8000050c (0x00008f1d) c.sub   a4, a5
core   0: 3 0x8000050c (0x8f1d) x14 0x0000001e
core   0: 0x8000050e (0x0000100f) fence.i
core   0: 3 0x8000050e (0x0000100f)
core   0: 0x80000512 (0x02955a33) divu    s4, a0, s1
core   0: 3 0x80000512 (0x02955a33) x20 0x1745d174
core   0: 0x80000516 (0x659d6213) ori     tp, s10, 1625
core   0: 3 0x80000516 (0x659d6213) x 4 0xd02e877d
core   0: 0x8000051a (0x006e4b33) xor     s6, t3, t1
core   0: 3 0x8000051a (0x006e4b33) x22 0x0000000a
core   0: 0x8000051e (0x00009206) c.add   tp, ra
core   0: 3 0x8000051e (0x9206) x 4 0xd02e8784
core   0: 0x80000520 (0xc279c213) xori    tp, s3, -985
core   0: 3 0x80000520 (0xc279c213) x 4 0xfffffc27
core   0: 0x80000524 (0x415b87b3) sub     a5, s7, s5
core   0: 3 0x80000524 (0x415b87b3) x15 0x02954b0d
core   0: 0x80000528 (0x01a8f7b3) and     a5, a7, s10
core   0: 3 0x80000528 (0x01a8f7b3) x15 0xd02e852c
core   0: 0x8000052c (0x502e8d17) auipc   s10, 0x502e8
core   0: 3 0x8000052c (0x502e8d17) x26 0xd02e852c
core   0: 0x80000530 (0x00000195) c.addi  gp, 5
core   0: 3 0x80000530 (0x0195) x 3 0x00000008
core   0: 0x80000532 (0xfc61cbe3) blt     gp, t1, pc - 42
core   0: 3 0x80000532 (0xfc61cbe3)
core   0: 0x80000508 (0x0274d533) divu    a0, s1, t2
core   0: 3 0x80000508 (0x0274d533) x10 0xffffffff
core   0: 0x8000050c (0x00008f1d) c.sub   a4, a5
core   0: 3 0x8000050c (0x8f1d) x14 0x2fd17af2
core   0: 0x8000050e (0x0000100f) fence.i
core   0: 3 0x8000050e (0x0000100f)
core   0: 0x80000512 (0x02955a33) divu    s4, a0, s1
core   0: 3 0x80000512 (0x02955a33) x20 0x1745d174
core   0: 0x80000516 (0x659d6213) ori     tp, s10, 1625
core   0: 3 0x80000516 (0x659d6213) x 4 0xd02e877d
core   0: 0x8000051a (0x006e4b33) xor     s6, t3, t1
core   0: 3 0x8000051a (0x006e4b33) x22 0x0000000a
core   0: 0x8000051e (0x00009206) c.add   tp, ra
core   0: 3 0x8000051e (0x9206) x 4 0xd02e8784
core   0: 0x80000520 (0xc279c213) xori    tp, s3, -985
core   0: 3 0x80000520 (0xc279c213) x 4 0xfffffc27
core   0: 0x80000524 (0x415b87b3) sub     a5, s7, s5
core   0: 3 0x80000524 (0x415b87b3) x15 0x02954b0d
core   0: 0x80000528 (0x01a8f7b3) and     a5, a7, s10
core   0: 3 0x80000528 (0x01a8f7b3) x15 0xd02e852c
core   0: 0x8000052c (0x502e8d17) auipc   s10, 0x502e8
core   0: 3 0x8000052c (0x502e8d17) x26 0xd02e852c
core   0: 0x80000530 (0x00000195) c.addi  gp, 5
core   0: 3 0x80000530 (0x0195) x 3 0x0000000d
core   0: 0x80000532 (0xfc61cbe3) blt     gp, t1, pc - 42
core   0: 3 0x80000532 (0xfc61cbe3)
core   0: 0x80000536 (0x026102b3) mul     t0, sp, t1
core   0: 3 0x80000536 (0x026102b3) x 5 0xffffb7a8
core   0: 0x8000053a (0xff900713) li      a4, -7
core   0: 3 0x8000053a (0xff900713) x14 0xfffffff9
core   0: 0x8000053e (0x00008db9) c.xor   a1, a4
core   0: 3 0x8000053e (0x8db9) x11 0xfffffff2
core   0: 0x80000540 (0xa1730f93) addi    t6, t1, -1513
core   0: 3 0x80000540 (0xa1730f93) x31 0xfffffa21
core   0: 0x80000544 (0x0000100f) fence.i
core   0: 3 0x80000544 (0x0000100f)
core   0: 0x80000548 (0x00000001) c.nop
core   0: 3 0x80000548 (0x0001)
core   0: 0x8000054a (0xfed00393) li      t2, -19
core   0: 3 0x8000054a (0xfed00393) x 7 0xffffffed
core   0: 0x8000054e (0x001ceb33) or      s6, s9, ra
core   0: 3 0x8000054e (0x001ceb33) x22 0xfffff8c7
core   0: 0x80000552 (0x00008a31) c.andi  a2, 12
core   0: 3 0x80000552 (0x8a31) x12 0x00000000
core   0: 0x80000554 (0x6f8cfc93) andi    s9, s9, 1784
core   0: 3 0x80000554 (0x6f8cfc93) x25 0x000000c0
core   0: 0x80000558 (0x41ff8833) sub     a6, t6, t6
core   0: 3 0x80000558 (0x41ff8833) x16 0x00000000
core   0: 0x8000055c (0x000004ca) c.slli  s1, 18
core   0: 3 0x8000055c (0x04ca) x 9 0x002c0000
core   0: 0x8000055e (0x00001771) c.addi  a4, -4
core   0: 3 0x8000055e (0x1771) x14 0xfffffff5
core   0: 0x80000560 (0x013bf2b3) and     t0, s7, s3
core   0: 3 0x80000560 (0x013bf2b3) x 5 0x00000000
core   0: 0x80000564 (0x8a9c3b13) sltiu   s6, s8, -1879
core   0: 3 0x80000564 (0x8a9c3b13) x22 0x00000001
core   0: 0x80000568 (0x0000698d) c.lui   s3, 0x3
core   0: 3 0x80000568 (0x698d) x19 0x00003000
core   0: 0x8000056a (0x02ab8d33) mul     s10, s7, a0
core   0: 3 0x8000056a (0x02ab8d33) x26 0xfffffff9
core   0: 0x8000056e (0x00000656) c.slli  a2, 21
core   0: 3 0x8000056e (0x0656) x12 0x00000000
core   0: 0x80000570 (0x01919c13) slli    s8, gp, 25
core   0: 3 0x80000570 (0x01919c13) x24 0x1a000000
core   0: 0x80000574 (0x40ffd113) srai    sp, t6, 15
core   0: 3 0x80000574 (0x40ffd113) x 2 0xffffffff
core   0: 0x80000578 (0x00000d88) c.addi4spn a0, sp, 720
core   0: 3 0x80000578 (0x0d88) x10 0x000002cf
core   0: 0x8000057a (0x00000001) c.nop
core   0: 3 0x8000057a (0x0001)
core   0: 0x8000057c (0x03d199b3) mulh    s3, gp, t4
core   0: 3 0x8000057c (0x03d199b3) x19 0x00000000
core   0: 0x80000580 (0x0000127d) c.addi  tp, -1
core   0: 3 0x80000580 (0x127d) x 4 0xfffffc26
core   0: 0x80000582 (0x0232e4b3) rem     s1, t0, gp
core   0: 3 0x80000582 (0x0232e4b3) x 9 0x00000000
core   0: 0x80000586 (0x00008221) c.srli  a2, 8
core   0: 3 0x80000586 (0x8221) x12 0x00000000
core   0: 0x80000588 (0x400d0833) sub     a6, s10, zero
core   0: 3 0x80000588 (0x400d0833) x16 0xfffffff9
core   0: 0x8000058c (0xfc7703e3) beq     a4, t2, pc - 58
core   0: 3 0x8000058c (0xfc7703e3)
core   0: 0x80000590 (0x02ff6533) rem     a0, t5, a5
core   0: 3 0x80000590 (0x02ff6533) x10 0xffffffed
core   0: 0x80000594 (0x00300493) li      s1, 3
core   0: 3 0x80000594 (0x00300493) x 9 0x00000003
core   0: 0x80000598 (0x00300513) li      a0, 3
core   0: 3 0x80000598 (0x00300513) x10 0x00000003
core   0: 0x8000059c (0x00b7e3b3) or      t2, a5, a1
core   0: 3 0x8000059c (0x00b7e3b3) x 7 0xfffffffe
core   0: 0x800005a0 (0x000014d9) c.addi  s1, -10
core   0: 3 0x800005a0 (0x14d9) x 9 0xfffffff9
core   0: 0x800005a2 (0x00500593) li      a1, 5
core   0: 3 0x800005a2 (0x00500593) x11 0x00000005
core   0: 0x800005a6 (0x00000001) c.nop
core   0: 3 0x800005a6 (0x0001)
core   0: 0x800005a8 (0x00008fed) c.and   a5, a1
core   0: 3 0x800005a8 (0x8fed) x15 0x00000004
core   0: 0x800005aa (0x0145ad33) slt     s10, a1, s4
core   0: 3 0x800005aa (0x0145ad33) x26 0x00000001
core   0: 0x800005ae (0x000015fd) c.addi  a1, -1
core   0: 3 0x800005ae (0x15fd) x11 0x00000004
core   0: 0x800005b0 (0x039fb733) mulhu   a4, t6, s9
core   0: 3 0x800005b0 (0x039fb733) x14 0x000000bf
core   0: 0x800005b4 (0x0000f9fd) c.bnez  a1, pc - 10
core   0: 3 0x800005b4 (0xf9fd)
core   0: 0x800005aa (0x0145ad33) slt     s10, a1, s4
core   0: 3 0x800005aa (0x0145ad33) x26 0x00000001
core   0: 0x800005ae (0x000015fd) c.addi  a1, -1
core   0: 3 0x800005ae (0x15fd) x11 0x00000003
core   0: 0x800005b0 (0x039fb733) mulhu   a4, t6, s9
core   0: 3 0x800005b0 (0x039fb733) x14 0x000000bf
core   0: 0x800005b4 (0x0000f9fd) c.bnez  a1, pc - 10
core   0: 3 0x800005b4 (0xf9fd)
core   0: 0x800005aa (0x0145ad33) slt     s10, a1, s4
core   0: 3 0x800005aa (0x0145ad33) x26 0x00000001
core   0: 0x800005ae (0x000015fd) c.addi  a1, -1
core   0: 3 0x800005ae (0x15fd) x11 0x00000002
core   0: 0x800005b0 (0x039fb733) mulhu   a4, t6, s9
core   0: 3 0x800005b0 (0x039fb733) x14 0x000000bf
core   0: 0x800005b4 (0x0000f9fd) c.bnez  a1, pc - 10
core   0: 3 0x800005b4 (0xf9fd)
core   0: 0x800005aa (0x0145ad33) slt     s10, a1, s4
core   0: 3 0x800005aa (0x0145ad33) x26 0x00000001
core   0: 0x800005ae (0x000015fd) c.addi  a1, -1
core   0: 3 0x800005ae (0x15fd) x11 0x00000001
core   0: 0x800005b0 (0x039fb733) mulhu   a4, t6, s9
core   0: 3 0x800005b0 (0x039fb733) x14 0x000000bf
core   0: 0x800005b4 (0x0000f9fd) c.bnez  a1, pc - 10
core   0: 3 0x800005b4 (0xf9fd)
core   0: 0x800005aa (0x0145ad33) slt     s10, a1, s4
core   0: 3 0x800005aa (0x0145ad33) x26 0x00000001
core   0: 0x800005ae (0x000015fd) c.addi  a1, -1
core   0: 3 0x800005ae (0x15fd) x11 0x00000000
core   0: 0x800005b0 (0x039fb733) mulhu   a4, t6, s9
core   0: 3 0x800005b0 (0x039fb733) x14 0x000000bf
core   0: 0x800005b4 (0x0000f9fd) c.bnez  a1, pc - 10
core   0: 3 0x800005b4 (0xf9fd)
core   0: 0x800005b6 (0xfea4d3e3) bge     s1, a0, pc - 26
core   0: 3 0x800005b6 (0xfea4d3e3)
core   0: 0x800005ba (0x000006ea) c.slli  a3, 26
core   0: 3 0x800005ba (0x06ea) x13 0xc0000000
core   0: 0x800005bc (0x00000513) li      a0, 0
core   0: 3 0x800005bc (0x00000513) x10 0x00000000
core   0: 0x800005c0 (0x3de68193) addi    gp, a3, 990
core   0: 3 0x800005c0 (0x3de68193) x 3 0xc00003de
core   0: 0x800005c4 (0x00600993) li      s3, 6
core   0: 3 0x800005c4 (0x00600993) x19 0x00000006
core   0: 0x800005c8 (0xf7340813) addi    a6, s0, -141
core   0: 3 0x800005c8 (0xf7340813) x16 0xffffff73
core   0: 0x800005cc (0xdba74093) xori    ra, a4, -582
core   0: 3 0x800005cc (0xdba74093) x 1 0xfffffd05
core   0: 0x800005d0 (0x41285bb3) sra     s7, a6, s2
core   0: 3 0x800005d0 (0x41285bb3) x23 0xfffffff7
core   0: 0x800005d4 (0x0104d193) srli    gp, s1, 16
core   0: 3 0x800005d4 (0x0104d193) x 3 0x0000ffff
core   0: 0x800005d8 (0x00008375) c.srli  a4, 29
core   0: 3 0x800005d8 (0x8375) x14 0x00000000
core   0: 0x800005da (0x00000515) c.addi  a0, 5
core   0: 3 0x800005da (0x0515) x10 0x00000005
core   0: 0x800005dc (0x4148dd33) sra     s10, a7, s4
core   0: 3 0x800005dc (0x4148dd33) x26 0xffffffff
core   0: 0x800005e0 (0xff3566e3) bltu    a0, s3, pc - 20
core   0: 3 0x800005e0 (0xff3566e3)
core   0: 0x800005cc (0xdba74093) xori    ra, a4, -582
core   0: 3 0x800005cc (0xdba74093) x 1 0xfffffdba
core   0: 0x800005d0 (0x41285bb3) sra     s7, a6, s2
core   0: 3 0x800005d0 (0x41285bb3) x23 0xfffffff7
core   0: 0x800005d4 (0x0104d193) srli    gp, s1, 16
core   0: 3 0x800005d4 (0x0104d193) x 3 0x0000ffff
core   0: 0x800005d8 (0x00008375) c.srli  a4, 29
core   0: 3 0x800005d8 (0x8375) x14 0x00000000
core   0: 0x800005da (0x00000515) c.addi  a0, 5
core   0: 3 0x800005da (0x0515) x10 0x0000000a
core   0: 0x800005dc (0x4148dd33) sra     s10, a7, s4
core   0: 3 0x800005dc (0x4148dd33) x26 0xffffffff
core   0: 0x800005e0 (0xff3566e3) bltu    a0, s3, pc - 20
core   0: 3 0x800005e0 (0xff3566e3)
core   0: 0x800005e4 (0x000085ed) c.srai  a1, 27
core   0: 3 0x800005e4 (0x85ed) x11 0x00000000
core   0: 0x800005e6 (0xfff00393) li      t2, -1
core   0: 3 0x800005e6 (0xfff00393) x 7 0xffffffff
core   0: 0x800005ea (0xff400b13) li      s6, -12
core   0: 3 0x800005ea (0xff400b13) x22 0xfffffff4
core   0: 0x800005ee (0x0392dab3) divu    s5, t0, s9
core   0: 3 0x800005ee (0x0392dab3) x21 0x00000000
core   0: 0x800005f2 (0x000013fd) c.addi  t2, -1
core   0: 3 0x800005f2 (0x13fd) x 7 0xfffffffe
core   0: 0x800005f4 (0xff700693) li      a3, -9
core   0: 3 0x800005f4 (0xff700693) x13 0xfffffff7
core   0: 0x800005f8 (0x00c00513) li      a0, 12
core   0: 3 0x800005f8 (0x00c00513) x10 0x0000000c
core   0: 0x800005fc (0x00001e7d) c.addi  t3, -1
core   0: 3 0x800005fc (0x1e7d) x28 0xffffffff
core   0: 0x800005fe (0x0000069d) c.addi  a3, 7
core   0: 3 0x800005fe (0x069d) x13 0xfffffffe
core   0: 0x80000600 (0xfea6eee3) bltu    a3, a0, pc - 4
core   0: 3 0x80000600 (0xfea6eee3)
core   0: 0x80000604 (0xff63d5e3) bge     t2, s6, pc - 22
core   0: 3 0x80000604 (0xff63d5e3)
core   0: 0x800005ee (0x0392dab3) divu    s5, t0, s9
core   0: 3 0x800005ee (0x0392dab3) x21 0x00000000
core   0: 0x800005f2 (0x000013fd) c.addi  t2, -1
core   0: 3 0x800005f2 (0x13fd) x 7 0xfffffffd
core   0: 0x800005f4 (0xff700693) li      a3, -9
core   0: 3 0x800005f4 (0xff700693) x13 0xfffffff7
core   0: 0x800005f8 (0x00c00513) li      a0, 12
core   0: 3 0x800005f8 (0x00c00513) x10 0x0000000c
core   0: 0x800005fc (0x00001e7d) c.addi  t3, -1
core   0: 3 0x800005fc (0x1e7d) x28 0xfffffffe
core   0: 0x800005fe (0x0000069d) c.addi  a3, 7
core   0: 3 0x800005fe (0x069d) x13 0xfffffffe
core   0: 0x80000600 (0xfea6eee3) bltu    a3, a0, pc - 4
core   0: 3 0x80000600 (0xfea6eee3)
core   0: 0x80000604 (0xff63d5e3) bge     t2, s6, pc - 22
core   0: 3 0x80000604 (0xff63d5e3)
core   0: 0x800005ee (0x0392dab3) divu    s5, t0, s9
core   0: 3 0x800005ee (0x0392dab3) x21 0x00000000
core   0: 0x800005f2 (0x000013fd) c.addi  t2, -1
core   0: 3 0x800005f2 (0x13fd) x 7 0xfffffffc
core   0: 0x800005f4 (0xff700693) li      a3, -9
core   0: 3 0x800005f4 (0xff700693) x13 0xfffffff7
core   0: 0x800005f8 (0x00c00513) li      a0, 12
core   0: 3 0x800005f8 (0x00c00513) x10 0x0000000c
core   0: 0x800005fc (0x00001e7d) c.addi  t3, -1
core   0: 3 0x800005fc (0x1e7d) x28 0xfffffffd
core   0: 0x800005fe (0x0000069d) c.addi  a3, 7
core   0: 3 0x800005fe (0x069d) x13 0xfffffffe
core   0: 0x80000600 (0xfea6eee3) bltu    a3, a0, pc - 4
core   0: 3 0x80000600 (0xfea6eee3)
core   0: 0x80000604 (0xff63d5e3) bge     t2, s6, pc - 22
core   0: 3 0x80000604 (0xff63d5e3)
core   0: 0x800005ee (0x0392dab3) divu    s5, t0, s9
core   0: 3 0x800005ee (0x0392dab3) x21 0x00000000
core   0: 0x800005f2 (0x000013fd) c.addi  t2, -1
core   0: 3 0x800005f2 (0x13fd) x 7 0xfffffffb
core   0: 0x800005f4 (0xff700693) li      a3, -9
core   0: 3 0x800005f4 (0xff700693) x13 0xfffffff7
core   0: 0x800005f8 (0x00c00513) li      a0, 12
core   0: 3 0x800005f8 (0x00c00513) x10 0x0000000c
core   0: 0x800005fc (0x00001e7d) c.addi  t3, -1
core   0: 3 0x800005fc (0x1e7d) x28 0xfffffffc
core   0: 0x800005fe (0x0000069d) c.addi  a3, 7
core   0: 3 0x800005fe (0x069d) x13 0xfffffffe
core   0: 0x80000600 (0xfea6eee3) bltu    a3, a0, pc - 4
core   0: 3 0x80000600 (0xfea6eee3)
core   0: 0x80000604 (0xff63d5e3) bge     t2, s6, pc - 22
core   0: 3 0x80000604 (0xff63d5e3)
core   0: 0x800005ee (0x0392dab3) divu    s5, t0, s9
core   0: 3 0x800005ee (0x0392dab3) x21 0x00000000
core   0: 0x800005f2 (0x000013fd) c.addi  t2, -1
core   0: 3 0x800005f2 (0x13fd) x 7 0xfffffffa
core   0: 0x800005f4 (0xff700693) li      a3, -9
core   0: 3 0x800005f4 (0xff700693) x13 0xfffffff7
core   0: 0x800005f8 (0x00c00513) li      a0, 12
core   0: 3 0x800005f8 (0x00c00513) x10 0x0000000c
core   0: 0x800005fc (0x00001e7d) c.addi  t3, -1
core   0: 3 0x800005fc (0x1e7d) x28 0xfffffffb
core   0: 0x800005fe (0x0000069d) c.addi  a3, 7
core   0: 3 0x800005fe (0x069d) x13 0xfffffffe
core   0: 0x80000600 (0xfea6eee3) bltu    a3, a0, pc - 4
core   0: 3 0x80000600 (0xfea6eee3)
core   0: 0x80000604 (0xff63d5e3) bge     t2, s6, pc - 22
core   0: 3 0x80000604 (0xff63d5e3)
core   0: 0x800005ee (0x0392dab3) divu    s5, t0, s9
core   0: 3 0x800005ee (0x0392dab3) x21 0x00000000
core   0: 0x800005f2 (0x000013fd) c.addi  t2, -1
core   0: 3 0x800005f2 (0x13fd) x 7 0xfffffff9
core   0: 0x800005f4 (0xff700693) li      a3, -9
core   0: 3 0x800005f4 (0xff700693) x13 0xfffffff7
core   0: 0x800005f8 (0x00c00513) li      a0, 12
core   0: 3 0x800005f8 (0x00c00513) x10 0x0000000c
core   0: 0x800005fc (0x00001e7d) c.addi  t3, -1
core   0: 3 0x800005fc (0x1e7d) x28 0xfffffffa
core   0: 0x800005fe (0x0000069d) c.addi  a3, 7
core   0: 3 0x800005fe (0x069d) x13 0xfffffffe
core   0: 0x80000600 (0xfea6eee3) bltu    a3, a0, pc - 4
core   0: 3 0x80000600 (0xfea6eee3)
core   0: 0x80000604 (0xff63d5e3) bge     t2, s6, pc - 22
core   0: 3 0x80000604 (0xff63d5e3)
core   0: 0x800005ee (0x0392dab3) divu    s5, t0, s9
core   0: 3 0x800005ee (0x0392dab3) x21 0x00000000
core   0: 0x800005f2 (0x000013fd) c.addi  t2, -1
core   0: 3 0x800005f2 (0x13fd) x 7 0xfffffff8
core   0: 0x800005f4 (0xff700693) li      a3, -9
core   0: 3 0x800005f4 (0xff700693) x13 0xfffffff7
core   0: 0x800005f8 (0x00c00513) li      a0, 12
core   0: 3 0x800005f8 (0x00c00513) x10 0x0000000c
core   0: 0x800005fc (0x00001e7d) c.addi  t3, -1
core   0: 3 0x800005fc (0x1e7d) x28 0xfffffff9
core   0: 0x800005fe (0x0000069d) c.addi  a3, 7
core   0: 3 0x800005fe (0x069d) x13 0xfffffffe
core   0: 0x80000600 (0xfea6eee3) bltu    a3, a0, pc - 4
core   0: 3 0x80000600 (0xfea6eee3)
core   0: 0x80000604 (0xff63d5e3) bge     t2, s6, pc - 22
core   0: 3 0x80000604 (0xff63d5e3)
core   0: 0x800005ee (0x0392dab3) divu    s5, t0, s9
core   0: 3 0x800005ee (0x0392dab3) x21 0x00000000
core   0: 0x800005f2 (0x000013fd) c.addi  t2, -1
core   0: 3 0x800005f2 (0x13fd) x 7 0xfffffff7
core   0: 0x800005f4 (0xff700693) li      a3, -9
core   0: 3 0x800005f4 (0xff700693) x13 0xfffffff7
core   0: 0x800005f8 (0x00c00513) li      a0, 12
core   0: 3 0x800005f8 (0x00c00513) x10 0x0000000c
core   0: 0x800005fc (0x00001e7d) c.addi  t3, -1
core   0: 3 0x800005fc (0x1e7d) x28 0xfffffff8
core   0: 0x800005fe (0x0000069d) c.addi  a3, 7
core   0: 3 0x800005fe (0x069d) x13 0xfffffffe
core   0: 0x80000600 (0xfea6eee3) bltu    a3, a0, pc - 4
core   0: 3 0x80000600 (0xfea6eee3)
core   0: 0x80000604 (0xff63d5e3) bge     t2, s6, pc - 22
core   0: 3 0x80000604 (0xff63d5e3)
core   0: 0x800005ee (0x0392dab3) divu    s5, t0, s9
core   0: 3 0x800005ee (0x0392dab3) x21 0x00000000
core   0: 0x800005f2 (0x000013fd) c.addi  t2, -1
core   0: 3 0x800005f2 (0x13fd) x 7 0xfffffff6
core   0: 0x800005f4 (0xff700693) li      a3, -9
core   0: 3 0x800005f4 (0xff700693) x13 0xfffffff7
core   0: 0x800005f8 (0x00c00513) li      a0, 12
core   0: 3 0x800005f8 (0x00c00513) x10 0x0000000c
core   0: 0x800005fc (0x00001e7d) c.addi  t3, -1
core   0: 3 0x800005fc (0x1e7d) x28 0xfffffff7
core   0: 0x800005fe (0x0000069d) c.addi  a3, 7
core   0: 3 0x800005fe (0x069d) x13 0xfffffffe
core   0: 0x80000600 (0xfea6eee3) bltu    a3, a0, pc - 4
core   0: 3 0x80000600 (0xfea6eee3)
core   0: 0x80000604 (0xff63d5e3) bge     t2, s6, pc - 22
core   0: 3 0x80000604 (0xff63d5e3)
core   0: 0x800005ee (0x0392dab3) divu    s5, t0, s9
core   0: 3 0x800005ee (0x0392dab3) x21 0x00000000
core   0: 0x800005f2 (0x000013fd) c.addi  t2, -1
core   0: 3 0x800005f2 (0x13fd) x 7 0xfffffff5
core   0: 0x800005f4 (0xff700693) li      a3, -9
core   0: 3 0x800005f4 (0xff700693) x13 0xfffffff7
core   0: 0x800005f8 (0x00c00513) li      a0, 12
core   0: 3 0x800005f8 (0x00c00513) x10 0x0000000c
core   0: 0x800005fc (0x00001e7d) c.addi  t3, -1
core   0: 3 0x800005fc (0x1e7d) x28 0xfffffff6
core   0: 0x800005fe (0x0000069d) c.addi  a3, 7
core   0: 3 0x800005fe (0x069d) x13 0xfffffffe
core   0: 0x80000600 (0xfea6eee3) bltu    a3, a0, pc - 4
core   0: 3 0x80000600 (0xfea6eee3)
core   0: 0x80000604 (0xff63d5e3) bge     t2, s6, pc - 22
core   0: 3 0x80000604 (0xff63d5e3)
core   0: 0x800005ee (0x0392dab3) divu    s5, t0, s9
core   0: 3 0x800005ee (0x0392dab3) x21 0x00000000
core   0: 0x800005f2 (0x000013fd) c.addi  t2, -1
core   0: 3 0x800005f2 (0x13fd) x 7 0xfffffff4
core   0: 0x800005f4 (0xff700693) li      a3, -9
core   0: 3 0x800005f4 (0xff700693) x13 0xfffffff7
core   0: 0x800005f8 (0x00c00513) li      a0, 12
core   0: 3 0x800005f8 (0x00c00513) x10 0x0000000c
core   0: 0x800005fc (0x00001e7d) c.addi  t3, -1
core   0: 3 0x800005fc (0x1e7d) x28 0xfffffff5
core   0: 0x800005fe (0x0000069d) c.addi  a3, 7
core   0: 3 0x800005fe (0x069d) x13 0xfffffffe
core   0: 0x80000600 (0xfea6eee3) bltu    a3, a0, pc - 4
core   0: 3 0x80000600 (0xfea6eee3)
core   0: 0x80000604 (0xff63d5e3) bge     t2, s6, pc - 22
core   0: 3 0x80000604 (0xff63d5e3)
core   0: 0x800005ee (0x0392dab3) divu    s5, t0, s9
core   0: 3 0x800005ee (0x0392dab3) x21 0x00000000
core   0: 0x800005f2 (0x000013fd) c.addi  t2, -1
core   0: 3 0x800005f2 (0x13fd) x 7 0xfffffff3
core   0: 0x800005f4 (0xff700693) li      a3, -9
core   0: 3 0x800005f4 (0xff700693) x13 0xfffffff7
core   0: 0x800005f8 (0x00c00513) li      a0, 12
core   0: 3 0x800005f8 (0x00c00513) x10 0x0000000c
core   0: 0x800005fc (0x00001e7d) c.addi  t3, -1
core   0: 3 0x800005fc (0x1e7d) x28 0xfffffff4
core   0: 0x800005fe (0x0000069d) c.addi  a3, 7
core   0: 3 0x800005fe (0x069d) x13 0xfffffffe
core   0: 0x80000600 (0xfea6eee3) bltu    a3, a0, pc - 4
core   0: 3 0x80000600 (0xfea6eee3)
core   0: 0x80000604 (0xff63d5e3) bge     t2, s6, pc - 22
core   0: 3 0x80000604 (0xff63d5e3)
core   0: 0x80000608 (0x40c3d993) srai    s3, t2, 12
core   0: 3 0x80000608 (0x40c3d993) x19 0xffffffff
core   0: 0x8000060c (0xff900793) li      a5, -7
core   0: 3 0x8000060c (0xff900793) x15 0xfffffff9
core   0: 0x80000610 (0xffb00393) li      t2, -5
core   0: 3 0x80000610 (0xffb00393) x 7 0xfffffffb
core   0: 0x80000614 (0x00faf333) and     t1, s5, a5
core   0: 3 0x80000614 (0x00faf333) x 6 0x00000000
core   0: 0x80000618 (0x000010fd) c.addi  ra, -1
core   0: 3 0x80000618 (0x10fd) x 1 0xfffffdb9
core   0: 0x8000061a (0x0000078d) c.addi  a5, 3
core   0: 3 0x8000061a (0x078d) x15 0xfffffffc
core   0: 0x8000061c (0xfe77cce3) blt     a5, t2, pc - 8
core   0: 3 0x8000061c (0xfe77cce3)
core   0: 0x80000620 (0xfafd8213) addi    tp, s11, -81
core   0: 3 0x80000620 (0xfafd8213) x 4 0x80022e13
core   0: 0x80000624 (0xff700313) li      t1, -9
core   0: 3 0x80000624 (0xff700313) x 6 0xfffffff7
core   0: 0x80000628 (0x0000863e) c.mv    a2, a5
core   0: 3 0x80000628 (0x863e) x12 0xfffffffc
core   0: 0x8000062a (0x00006c71) c.lui   s8, 0x1c
core   0: 3 0x8000062a (0x6c71) x24 0x0001c000
core   0: 0x8000062c (0x00900d13) li      s10, 9
core   0: 3 0x8000062c (0x00900d13) x26 0x00000009
core   0: 0x80000630 (0x03b359b3) divu    s3, t1, s11
core   0: 3 0x80000630 (0x03b359b3) x19 0x00000001
core   0: 0x80000634 (0x00009aae) c.add   s5, a1
core   0: 3 0x80000634 (0x9aae) x21 0x00000000
core   0: 0x80000636 (0x00008f9d) c.sub   a5, a5
core   0: 3 0x80000636 (0x8f9d) x15 0x00000000
core   0: 0x80000638 (0x006e5c93) srli    s9, t3, 6
core   0: 3 0x80000638 (0x006e5c93) x25 0x03ffffff
core   0: 0x8000063c (0x000057fd) c.li    a5, -1
core   0: 3 0x8000063c (0x57fd) x15 0xffffffff
core   0: 0x8000063e (0x65fd1c37) lui     s8, 0x65fd1
core   0: 3 0x8000063e (0x65fd1c37) x24 0x65fd1000
core   0: 0x80000642 (0x03af8c33) mul     s8, t6, s10
core   0: 3 0x80000642 (0x03af8c33) x24 0xffffcb29
core   0: 0x80000646 (0x00000305) c.addi  t1, 1
core   0: 3 0x80000646 (0x0305) x 6 0xfffffff8
core   0: 0x80000648 (0x00600593) li      a1, 6
core   0: 3 0x80000648 (0x00600593) x11 0x00000006
core   0: 0x8000064c (0x00600193) li      gp, 6
core   0: 3 0x8000064c (0x00600193) x 3 0x00000006
core   0: 0x80000650 (0x02f54b33) div     s6, a0, a5
core   0: 3 0x80000650 (0x02f54b33) x22 0xfffffff4
core   0: 0x80000654 (0x41660c33) sub     s8, a2, s6
core   0: 3 0x80000654 (0x41660c33) x24 0x00000008
core   0: 0x80000658 (0x02855fb3) divu    t6, a0, s0
core   0: 3 0x80000658 (0x02855fb3) x31 0xffffffff
core   0: 0x8000065c (0x000015ed) c.addi  a1, -5
core   0: 3 0x8000065c (0x15ed) x11 0x00000001
core   0: 0x8000065e (0xfe35fbe3) bgeu    a1, gp, pc - 10
core   0: 3 0x8000065e (0xfe35fbe3)
core   0: 0x80000662 (0xfda31ee3) bne     t1, s10, pc - 36
core   0: 3 0x80000662 (0xfda31ee3)
core   0: 0x8000063e (0x65fd1c37) lui     s8, 0x65fd1
core   0: 3 0x8000063e (0x65fd1c37) x24 0x65fd1000
core   0: 0x80000642 (0x03af8c33) mul     s8, t6, s10
core   0: 3 0x80000642 (0x03af8c33) x24 0xfffffff7
core   0: 0x80000646 (0x00000305) c.addi  t1, 1
core   0: 3 0x80000646 (0x0305) x 6 0xfffffff9
core   0: 0x80000648 (0x00600593) li      a1, 6
core   0: 3 0x80000648 (0x00600593) x11 0x00000006
core   0: 0x8000064c (0x00600193) li      gp, 6
core   0: 3 0x8000064c (0x00600193) x 3 0x00000006
core   0: 0x80000650 (0x02f54b33) div     s6, a0, a5
core   0: 3 0x80000650 (0x02f54b33) x22 0xfffffff4
core   0: 0x80000654 (0x41660c33) sub     s8, a2, s6
core   0: 3 0x80000654 (0x41660c33) x24 0x00000008
core   0: 0x80000658 (0x02855fb3) divu    t6, a0, s0
core   0: 3 0x80000658 (0x02855fb3) x31 0xffffffff
core   0: 0x8000065c (0x000015ed) c.addi  a1, -5
core   0: 3 0x8000065c (0x15ed) x11 0x00000001
core   0: 0x8000065e (0xfe35fbe3) bgeu    a1, gp, pc - 10
core   0: 3 0x8000065e (0xfe35fbe3)
core   0: 0x80000662 (0xfda31ee3) bne     t1, s10, pc - 36
core   0: 3 0x80000662 (0xfda31ee3)
core   0: 0x8000063e (0x65fd1c37) lui     s8, 0x65fd1
core   0: 3 0x8000063e (0x65fd1c37) x24 0x65fd1000
core   0: 0x80000642 (0x03af8c33) mul     s8, t6, s10
core   0: 3 0x80000642 (0x03af8c33) x24 0xfffffff7
core   0: 0x80000646 (0x00000305) c.addi  t1, 1
core   0: 3 0x80000646 (0x0305) x 6 0xfffffffa
core   0: 0x80000648 (0x00600593) li      a1, 6
core   0: 3 0x80000648 (0x00600593) x11 0x00000006
core   0: 0x8000064c (0x00600193) li      gp, 6
core   0: 3 0x8000064c (0x00600193) x 3 0x00000006
core   0: 0x80000650 (0x02f54b33) div     s6, a0, a5
core   0: 3 0x80000650 (0x02f54b33) x22 0xfffffff4
core   0: 0x80000654 (0x41660c33) sub     s8, a2, s6
core   0: 3 0x80000654 (0x41660c33) x24 0x00000008
core   0: 0x80000658 (0x02855fb3) divu    t6, a0, s0
core   0: 3 0x80000658 (0x02855fb3) x31 0xffffffff
core   0: 0x8000065c (0x000015ed) c.addi  a1, -5
core   0: 3 0x8000065c (0x15ed) x11 0x00000001
core   0: 0x8000065e (0xfe35fbe3) bgeu    a1, gp, pc - 10
core   0: 3 0x8000065e (0xfe35fbe3)
core   0: 0x80000662 (0xfda31ee3) bne     t1, s10, pc - 36
core   0: 3 0x80000662 (0xfda31ee3)
core   0: 0x8000063e (0x65fd1c37) lui     s8, 0x65fd1
core   0: 3 0x8000063e (0x65fd1c37) x24 0x65fd1000
core   0: 0x80000642 (0x03af8c33) mul     s8, t6, s10
core   0: 3 0x80000642 (0x03af8c33) x24 0xfffffff7
core   0: 0x80000646 (0x00000305) c.addi  t1, 1
core   0: 3 0x80000646 (0x0305) x 6 0xfffffffb
core   0: 0x80000648 (0x00600593) li      a1, 6
core   0: 3 0x80000648 (0x00600593) x11 0x00000006
core   0: 0x8000064c (0x00600193) li      gp, 6
core   0: 3 0x8000064c (0x00600193) x 3 0x00000006
core   0: 0x80000650 (0x02f54b33) div     s6, a0, a5
core   0: 3 0x80000650 (0x02f54b33) x22 0xfffffff4
core   0: 0x80000654 (0x41660c33) sub     s8, a2, s6
core   0: 3 0x80000654 (0x41660c33) x24 0x00000008
core   0: 0x80000658 (0x02855fb3) divu    t6, a0, s0
core   0: 3 0x80000658 (0x02855fb3) x31 0xffffffff
core   0: 0x8000065c (0x000015ed) c.addi  a1, -5
core   0: 3 0x8000065c (0x15ed) x11 0x00000001
core   0: 0x8000065e (0xfe35fbe3) bgeu    a1, gp, pc - 10
core   0: 3 0x8000065e (0xfe35fbe3)
core   0: 0x80000662 (0xfda31ee3) bne     t1, s10, pc - 36
core   0: 3 0x80000662 (0xfda31ee3)
core   0: 0x8000063e (0x65fd1c37) lui     s8, 0x65fd1
core   0: 3 0x8000063e (0x65fd1c37) x24 0x65fd1000
core   0: 0x80000642 (0x03af8c33) mul     s8, t6, s10
core   0: 3 0x80000642 (0x03af8c33) x24 0xfffffff7
core   0: 0x80000646 (0x00000305) c.addi  t1, 1
core   0: 3 0x80000646 (0x0305) x 6 0xfffffffc
core   0: 0x80000648 (0x00600593) li      a1, 6
core   0: 3 0x80000648 (0x00600593) x11 0x00000006
core   0: 0x8000064c (0x00600193) li      gp, 6
core   0: 3 0x8000064c (0x00600193) x 3 0x00000006
core   0: 0x80000650 (0x02f54b33) div     s6, a0, a5
core   0: 3 0x80000650 (0x02f54b33) x22 0xfffffff4
core   0: 0x80000654 (0x41660c33) sub     s8, a2, s6
core   0: 3 0x80000654 (0x41660c33) x24 0x00000008
core   0: 0x80000658 (0x02855fb3) divu    t6, a0, s0
core   0: 3 0x80000658 (0x02855fb3) x31 0xffffffff
core   0: 0x8000065c (0x000015ed) c.addi  a1, -5
core   0: 3 0x8000065c (0x15ed) x11 0x00000001
core   0: 0x8000065e (0xfe35fbe3) bgeu    a1, gp, pc - 10
core   0: 3 0x8000065e (0xfe35fbe3)
core   0: 0x80000662 (0xfda31ee3) bne     t1, s10, pc - 36
core   0: 3 0x80000662 (0xfda31ee3)
core   0: 0x8000063e (0x65fd1c37) lui     s8, 0x65fd1
core   0: 3 0x8000063e (0x65fd1c37) x24 0x65fd1000
core   0: 0x80000642 (0x03af8c33) mul     s8, t6, s10
core   0: 3 0x80000642 (0x03af8c33) x24 0xfffffff7
core   0: 0x80000646 (0x00000305) c.addi  t1, 1
core   0: 3 0x80000646 (0x0305) x 6 0xfffffffd
core   0: 0x80000648 (0x00600593) li      a1, 6
core   0: 3 0x80000648 (0x00600593) x11 0x00000006
core   0: 0x8000064c (0x00600193) li      gp, 6
core   0: 3 0x8000064c (0x00600193) x 3 0x00000006
core   0: 0x80000650 (0x02f54b33) div     s6, a0, a5
core   0: 3 0x80000650 (0x02f54b33) x22 0xfffffff4
core   0: 0x80000654 (0x41660c33) sub     s8, a2, s6
core   0: 3 0x80000654 (0x41660c33) x24 0x00000008
core   0: 0x80000658 (0x02855fb3) divu    t6, a0, s0
core   0: 3 0x80000658 (0x02855fb3) x31 0xffffffff
core   0: 0x8000065c (0x000015ed) c.addi  a1, -5
core   0: 3 0x8000065c (0x15ed) x11 0x00000001
core   0: 0x8000065e (0xfe35fbe3) bgeu    a1, gp, pc - 10
core   0: 3 0x8000065e (0xfe35fbe3)
core   0: 0x80000662 (0xfda31ee3) bne     t1, s10, pc - 36
core   0: 3 0x80000662 (0xfda31ee3)
core   0: 0x8000063e (0x65fd1c37) lui     s8, 0x65fd1
core   0: 3 0x8000063e (0x65fd1c37) x24 0x65fd1000
core   0: 0x80000642 (0x03af8c33) mul     s8, t6, s10
core   0: 3 0x80000642 (0x03af8c33) x24 0xfffffff7
core   0: 0x80000646 (0x00000305) c.addi  t1, 1
core   0: 3 0x80000646 (0x0305) x 6 0xfffffffe
core   0: 0x80000648 (0x00600593) li      a1, 6
core   0: 3 0x80000648 (0x00600593) x11 0x00000006
core   0: 0x8000064c (0x00600193) li      gp, 6
core   0: 3 0x8000064c (0x00600193) x 3 0x00000006
core   0: 0x80000650 (0x02f54b33) div     s6, a0, a5
core   0: 3 0x80000650 (0x02f54b33) x22 0xfffffff4
core   0: 0x80000654 (0x41660c33) sub     s8, a2, s6
core   0: 3 0x80000654 (0x41660c33) x24 0x00000008
core   0: 0x80000658 (0x02855fb3) divu    t6, a0, s0
core   0: 3 0x80000658 (0x02855fb3) x31 0xffffffff
core   0: 0x8000065c (0x000015ed) c.addi  a1, -5
core   0: 3 0x8000065c (0x15ed) x11 0x00000001
core   0: 0x8000065e (0xfe35fbe3) bgeu    a1, gp, pc - 10
core   0: 3 0x8000065e (0xfe35fbe3)
core   0: 0x80000662 (0xfda31ee3) bne     t1, s10, pc - 36
core   0: 3 0x80000662 (0xfda31ee3)
core   0: 0x8000063e (0x65fd1c37) lui     s8, 0x65fd1
core   0: 3 0x8000063e (0x65fd1c37) x24 0x65fd1000
core   0: 0x80000642 (0x03af8c33) mul     s8, t6, s10
core   0: 3 0x80000642 (0x03af8c33) x24 0xfffffff7
core   0: 0x80000646 (0x00000305) c.addi  t1, 1
core   0: 3 0x80000646 (0x0305) x 6 0xffffffff
core   0: 0x80000648 (0x00600593) li      a1, 6
core   0: 3 0x80000648 (0x00600593) x11 0x00000006
core   0: 0x8000064c (0x00600193) li      gp, 6
core   0: 3 0x8000064c (0x00600193) x 3 0x00000006
core   0: 0x80000650 (0x02f54b33) div     s6, a0, a5
core   0: 3 0x80000650 (0x02f54b33) x22 0xfffffff4
core   0: 0x80000654 (0x41660c33) sub     s8, a2, s6
core   0: 3 0x80000654 (0x41660c33) x24 0x00000008
core   0: 0x80000658 (0x02855fb3) divu    t6, a0, s0
core   0: 3 0x80000658 (0x02855fb3) x31 0xffffffff
core   0: 0x8000065c (0x000015ed) c.addi  a1, -5
core   0: 3 0x8000065c (0x15ed) x11 0x00000001
core   0: 0x8000065e (0xfe35fbe3) bgeu    a1, gp, pc - 10
core   0: 3 0x8000065e (0xfe35fbe3)
core   0: 0x80000662 (0xfda31ee3) bne     t1, s10, pc - 36
core   0: 3 0x80000662 (0xfda31ee3)
core   0: 0x8000063e (0x65fd1c37) lui     s8, 0x65fd1
core   0: 3 0x8000063e (0x65fd1c37) x24 0x65fd1000
core   0: 0x80000642 (0x03af8c33) mul     s8, t6, s10
core   0: 3 0x80000642 (0x03af8c33) x24 0xfffffff7
core   0: 0x80000646 (0x00000305) c.addi  t1, 1
core   0: 3 0x80000646 (0x0305) x 6 0x00000000
core   0: 0x80000648 (0x00600593) li      a1, 6
core   0: 3 0x80000648 (0x00600593) x11 0x00000006
core   0: 0x8000064c (0x00600193) li      gp, 6
core   0: 3 0x8000064c (0x00600193) x 3 0x00000006
core   0: 0x80000650 (0x02f54b33) div     s6, a0, a5
core   0: 3 0x80000650 (0x02f54b33) x22 0xfffffff4
core   0: 0x80000654 (0x41660c33) sub     s8, a2, s6
core   0: 3 0x80000654 (0x41660c33) x24 0x00000008
core   0: 0x80000658 (0x02855fb3) divu    t6, a0, s0
core   0: 3 0x80000658 (0x02855fb3) x31 0xffffffff
core   0: 0x8000065c (0x000015ed) c.addi  a1, -5
core   0: 3 0x8000065c (0x15ed) x11 0x00000001
core   0: 0x8000065e (0xfe35fbe3) bgeu    a1, gp, pc - 10
core   0: 3 0x8000065e (0xfe35fbe3)
core   0: 0x80000662 (0xfda31ee3) bne     t1, s10, pc - 36
core   0: 3 0x80000662 (0xfda31ee3)
core   0: 0x8000063e (0x65fd1c37) lui     s8, 0x65fd1
core   0: 3 0x8000063e (0x65fd1c37) x24 0x65fd1000
core   0: 0x80000642 (0x03af8c33) mul     s8, t6, s10
core   0: 3 0x80000642 (0x03af8c33) x24 0xfffffff7
core   0: 0x80000646 (0x00000305) c.addi  t1, 1
core   0: 3 0x80000646 (0x0305) x 6 0x00000001
core   0: 0x80000648 (0x00600593) li      a1, 6
core   0: 3 0x80000648 (0x00600593) x11 0x00000006
core   0: 0x8000064c (0x00600193) li      gp, 6
core   0: 3 0x8000064c (0x00600193) x 3 0x00000006
core   0: 0x80000650 (0x02f54b33) div     s6, a0, a5
core   0: 3 0x80000650 (0x02f54b33) x22 0xfffffff4
core   0: 0x80000654 (0x41660c33) sub     s8, a2, s6
core   0: 3 0x80000654 (0x41660c33) x24 0x00000008
core   0: 0x80000658 (0x02855fb3) divu    t6, a0, s0
core   0: 3 0x80000658 (0x02855fb3) x31 0xffffffff
core   0: 0x8000065c (0x000015ed) c.addi  a1, -5
core   0: 3 0x8000065c (0x15ed) x11 0x00000001
core   0: 0x8000065e (0xfe35fbe3) bgeu    a1, gp, pc - 10
core   0: 3 0x8000065e (0xfe35fbe3)
core   0: 0x80000662 (0xfda31ee3) bne     t1, s10, pc - 36
core   0: 3 0x80000662 (0xfda31ee3)
core   0: 0x8000063e (0x65fd1c37) lui     s8, 0x65fd1
core   0: 3 0x8000063e (0x65fd1c37) x24 0x65fd1000
core   0: 0x80000642 (0x03af8c33) mul     s8, t6, s10
core   0: 3 0x80000642 (0x03af8c33) x24 0xfffffff7
core   0: 0x80000646 (0x00000305) c.addi  t1, 1
core   0: 3 0x80000646 (0x0305) x 6 0x00000002
core   0: 0x80000648 (0x00600593) li      a1, 6
core   0: 3 0x80000648 (0x00600593) x11 0x00000006
core   0: 0x8000064c (0x00600193) li      gp, 6
core   0: 3 0x8000064c (0x00600193) x 3 0x00000006
core   0: 0x80000650 (0x02f54b33) div     s6, a0, a5
core   0: 3 0x80000650 (0x02f54b33) x22 0xfffffff4
core   0: 0x80000654 (0x41660c33) sub     s8, a2, s6
core   0: 3 0x80000654 (0x41660c33) x24 0x00000008
core   0: 0x80000658 (0x02855fb3) divu    t6, a0, s0
core   0: 3 0x80000658 (0x02855fb3) x31 0xffffffff
core   0: 0x8000065c (0x000015ed) c.addi  a1, -5
core   0: 3 0x8000065c (0x15ed) x11 0x00000001
core   0: 0x8000065e (0xfe35fbe3) bgeu    a1, gp, pc - 10
core   0: 3 0x8000065e (0xfe35fbe3)
core   0: 0x80000662 (0xfda31ee3) bne     t1, s10, pc - 36
core   0: 3 0x80000662 (0xfda31ee3)
core   0: 0x8000063e (0x65fd1c37) lui     s8, 0x65fd1
core   0: 3 0x8000063e (0x65fd1c37) x24 0x65fd1000
core   0: 0x80000642 (0x03af8c33) mul     s8, t6, s10
core   0: 3 0x80000642 (0x03af8c33) x24 0xfffffff7
core   0: 0x80000646 (0x00000305) c.addi  t1, 1
core   0: 3 0x80000646 (0x0305) x 6 0x00000003
core   0: 0x80000648 (0x00600593) li      a1, 6
core   0: 3 0x80000648 (0x00600593) x11 0x00000006
core   0: 0x8000064c (0x00600193) li      gp, 6
core   0: 3 0x8000064c (0x00600193) x 3 0x00000006
core   0: 0x80000650 (0x02f54b33) div     s6, a0, a5
core   0: 3 0x80000650 (0x02f54b33) x22 0xfffffff4
core   0: 0x80000654 (0x41660c33) sub     s8, a2, s6
core   0: 3 0x80000654 (0x41660c33) x24 0x00000008
core   0: 0x80000658 (0x02855fb3) divu    t6, a0, s0
core   0: 3 0x80000658 (0x02855fb3) x31 0xffffffff
core   0: 0x8000065c (0x000015ed) c.addi  a1, -5
core   0: 3 0x8000065c (0x15ed) x11 0x00000001
core   0: 0x8000065e (0xfe35fbe3) bgeu    a1, gp, pc - 10
core   0: 3 0x8000065e (0xfe35fbe3)
core   0: 0x80000662 (0xfda31ee3) bne     t1, s10, pc - 36
core   0: 3 0x80000662 (0xfda31ee3)
core   0: 0x8000063e (0x65fd1c37) lui     s8, 0x65fd1
core   0: 3 0x8000063e (0x65fd1c37) x24 0x65fd1000
core   0: 0x80000642 (0x03af8c33) mul     s8, t6, s10
core   0: 3 0x80000642 (0x03af8c33) x24 0xfffffff7
core   0: 0x80000646 (0x00000305) c.addi  t1, 1
core   0: 3 0x80000646 (0x0305) x 6 0x00000004
core   0: 0x80000648 (0x00600593) li      a1, 6
core   0: 3 0x80000648 (0x00600593) x11 0x00000006
core   0: 0x8000064c (0x00600193) li      gp, 6
core   0: 3 0x8000064c (0x00600193) x 3 0x00000006
core   0: 0x80000650 (0x02f54b33) div     s6, a0, a5
core   0: 3 0x80000650 (0x02f54b33) x22 0xfffffff4
core   0: 0x80000654 (0x41660c33) sub     s8, a2, s6
core   0: 3 0x80000654 (0x41660c33) x24 0x00000008
core   0: 0x80000658 (0x02855fb3) divu    t6, a0, s0
core   0: 3 0x80000658 (0x02855fb3) x31 0xffffffff
core   0: 0x8000065c (0x000015ed) c.addi  a1, -5
core   0: 3 0x8000065c (0x15ed) x11 0x00000001
core   0: 0x8000065e (0xfe35fbe3) bgeu    a1, gp, pc - 10
core   0: 3 0x8000065e (0xfe35fbe3)
core   0: 0x80000662 (0xfda31ee3) bne     t1, s10, pc - 36
core   0: 3 0x80000662 (0xfda31ee3)
core   0: 0x8000063e (0x65fd1c37) lui     s8, 0x65fd1
core   0: 3 0x8000063e (0x65fd1c37) x24 0x65fd1000
core   0: 0x80000642 (0x03af8c33) mul     s8, t6, s10
core   0: 3 0x80000642 (0x03af8c33) x24 0xfffffff7
core   0: 0x80000646 (0x00000305) c.addi  t1, 1
core   0: 3 0x80000646 (0x0305) x 6 0x00000005
core   0: 0x80000648 (0x00600593) li      a1, 6
core   0: 3 0x80000648 (0x00600593) x11 0x00000006
core   0: 0x8000064c (0x00600193) li      gp, 6
core   0: 3 0x8000064c (0x00600193) x 3 0x00000006
core   0: 0x80000650 (0x02f54b33) div     s6, a0, a5
core   0: 3 0x80000650 (0x02f54b33) x22 0xfffffff4
core   0: 0x80000654 (0x41660c33) sub     s8, a2, s6
core   0: 3 0x80000654 (0x41660c33) x24 0x00000008
core   0: 0x80000658 (0x02855fb3) divu    t6, a0, s0
core   0: 3 0x80000658 (0x02855fb3) x31 0xffffffff
core   0: 0x8000065c (0x000015ed) c.addi  a1, -5
core   0: 3 0x8000065c (0x15ed) x11 0x00000001
core   0: 0x8000065e (0xfe35fbe3) bgeu    a1, gp, pc - 10
core   0: 3 0x8000065e (0xfe35fbe3)
core   0: 0x80000662 (0xfda31ee3) bne     t1, s10, pc - 36
core   0: 3 0x80000662 (0xfda31ee3)
core   0: 0x8000063e (0x65fd1c37) lui     s8, 0x65fd1
core   0: 3 0x8000063e (0x65fd1c37) x24 0x65fd1000
core   0: 0x80000642 (0x03af8c33) mul     s8, t6, s10
core   0: 3 0x80000642 (0x03af8c33) x24 0xfffffff7
core   0: 0x80000646 (0x00000305) c.addi  t1, 1
core   0: 3 0x80000646 (0x0305) x 6 0x00000006
core   0: 0x80000648 (0x00600593) li      a1, 6
core   0: 3 0x80000648 (0x00600593) x11 0x00000006
core   0: 0x8000064c (0x00600193) li      gp, 6
core   0: 3 0x8000064c (0x00600193) x 3 0x00000006
core   0: 0x80000650 (0x02f54b33) div     s6, a0, a5
core   0: 3 0x80000650 (0x02f54b33) x22 0xfffffff4
core   0: 0x80000654 (0x41660c33) sub     s8, a2, s6
core   0: 3 0x80000654 (0x41660c33) x24 0x00000008
core   0: 0x80000658 (0x02855fb3) divu    t6, a0, s0
core   0: 3 0x80000658 (0x02855fb3) x31 0xffffffff
core   0: 0x8000065c (0x000015ed) c.addi  a1, -5
core   0: 3 0x8000065c (0x15ed) x11 0x00000001
core   0: 0x8000065e (0xfe35fbe3) bgeu    a1, gp, pc - 10
core   0: 3 0x8000065e (0xfe35fbe3)
core   0: 0x80000662 (0xfda31ee3) bne     t1, s10, pc - 36
core   0: 3 0x80000662 (0xfda31ee3)
core   0: 0x8000063e (0x65fd1c37) lui     s8, 0x65fd1
core   0: 3 0x8000063e (0x65fd1c37) x24 0x65fd1000
core   0: 0x80000642 (0x03af8c33) mul     s8, t6, s10
core   0: 3 0x80000642 (0x03af8c33) x24 0xfffffff7
core   0: 0x80000646 (0x00000305) c.addi  t1, 1
core   0: 3 0x80000646 (0x0305) x 6 0x00000007
core   0: 0x80000648 (0x00600593) li      a1, 6
core   0: 3 0x80000648 (0x00600593) x11 0x00000006
core   0: 0x8000064c (0x00600193) li      gp, 6
core   0: 3 0x8000064c (0x00600193) x 3 0x00000006
core   0: 0x80000650 (0x02f54b33) div     s6, a0, a5
core   0: 3 0x80000650 (0x02f54b33) x22 0xfffffff4
core   0: 0x80000654 (0x41660c33) sub     s8, a2, s6
core   0: 3 0x80000654 (0x41660c33) x24 0x00000008
core   0: 0x80000658 (0x02855fb3) divu    t6, a0, s0
core   0: 3 0x80000658 (0x02855fb3) x31 0xffffffff
core   0: 0x8000065c (0x000015ed) c.addi  a1, -5
core   0: 3 0x8000065c (0x15ed) x11 0x00000001
core   0: 0x8000065e (0xfe35fbe3) bgeu    a1, gp, pc - 10
core   0: 3 0x8000065e (0xfe35fbe3)
core   0: 0x80000662 (0xfda31ee3) bne     t1, s10, pc - 36
core   0: 3 0x80000662 (0xfda31ee3)
core   0: 0x8000063e (0x65fd1c37) lui     s8, 0x65fd1
core   0: 3 0x8000063e (0x65fd1c37) x24 0x65fd1000
core   0: 0x80000642 (0x03af8c33) mul     s8, t6, s10
core   0: 3 0x80000642 (0x03af8c33) x24 0xfffffff7
core   0: 0x80000646 (0x00000305) c.addi  t1, 1
core   0: 3 0x80000646 (0x0305) x 6 0x00000008
core   0: 0x80000648 (0x00600593) li      a1, 6
core   0: 3 0x80000648 (0x00600593) x11 0x00000006
core   0: 0x8000064c (0x00600193) li      gp, 6
core   0: 3 0x8000064c (0x00600193) x 3 0x00000006
core   0: 0x80000650 (0x02f54b33) div     s6, a0, a5
core   0: 3 0x80000650 (0x02f54b33) x22 0xfffffff4
core   0: 0x80000654 (0x41660c33) sub     s8, a2, s6
core   0: 3 0x80000654 (0x41660c33) x24 0x00000008
core   0: 0x80000658 (0x02855fb3) divu    t6, a0, s0
core   0: 3 0x80000658 (0x02855fb3) x31 0xffffffff
core   0: 0x8000065c (0x000015ed) c.addi  a1, -5
core   0: 3 0x8000065c (0x15ed) x11 0x00000001
core   0: 0x8000065e (0xfe35fbe3) bgeu    a1, gp, pc - 10
core   0: 3 0x8000065e (0xfe35fbe3)
core   0: 0x80000662 (0xfda31ee3) bne     t1, s10, pc - 36
core   0: 3 0x80000662 (0xfda31ee3)
core   0: 0x8000063e (0x65fd1c37) lui     s8, 0x65fd1
core   0: 3 0x8000063e (0x65fd1c37) x24 0x65fd1000
core   0: 0x80000642 (0x03af8c33) mul     s8, t6, s10
core   0: 3 0x80000642 (0x03af8c33) x24 0xfffffff7
core   0: 0x80000646 (0x00000305) c.addi  t1, 1
core   0: 3 0x80000646 (0x0305) x 6 0x00000009
core   0: 0x80000648 (0x00600593) li      a1, 6
core   0: 3 0x80000648 (0x00600593) x11 0x00000006
core   0: 0x8000064c (0x00600193) li      gp, 6
core   0: 3 0x8000064c (0x00600193) x 3 0x00000006
core   0: 0x80000650 (0x02f54b33) div     s6, a0, a5
core   0: 3 0x80000650 (0x02f54b33) x22 0xfffffff4
core   0: 0x80000654 (0x41660c33) sub     s8, a2, s6
core   0: 3 0x80000654 (0x41660c33) x24 0x00000008
core   0: 0x80000658 (0x02855fb3) divu    t6, a0, s0
core   0: 3 0x80000658 (0x02855fb3) x31 0xffffffff
core   0: 0x8000065c (0x000015ed) c.addi  a1, -5
core   0: 3 0x8000065c (0x15ed) x11 0x00000001
core   0: 0x8000065e (0xfe35fbe3) bgeu    a1, gp, pc - 10
core   0: 3 0x8000065e (0xfe35fbe3)
core   0: 0x80000662 (0xfda31ee3) bne     t1, s10, pc - 36
core   0: 3 0x80000662 (0xfda31ee3)
core   0: 0x80000666 (0x5b245097) auipc   ra, 0x5b245
core   0: 3 0x80000666 (0x5b245097) x 1 0xdb245666
core   0: 0x8000066a (0xffb00993) li      s3, -5
core   0: 3 0x8000066a (0xffb00993) x19 0xfffffffb
core   0: 0x8000066e (0x0000687d) c.lui   a6, 0x1f
core   0: 3 0x8000066e (0x687d) x16 0x0001f000
core   0: 0x80000670 (0x00000001) c.nop
core   0: 3 0x80000670 (0x0001)
core   0: 0x80000672 (0x00008fbd) c.xor   a5, a5
core   0: 3 0x80000672 (0x8fbd) x15 0x00000000
core   0: 0x80000674 (0x03d027b3) mulhsu  a5, zero, t4
core   0: 3 0x80000674 (0x03d027b3) x15 0x00000000
core   0: 0x80000678 (0x00ce2533) slt     a0, t3, a2
core   0: 3 0x80000678 (0x00ce2533) x10 0x00000001
core   0: 0x8000067c (0x63113493) sltiu   s1, sp, 1585
core   0: 3 0x8000067c (0x63113493) x 9 0x00000000
core   0: 0x80000680 (0x00a00f13) li      t5, 10
core   0: 3 0x80000680 (0x00a00f13) x30 0x0000000a
core   0: 0x80000684 (0x0000870e) c.mv    a4, gp
core   0: 3 0x80000684 (0x870e) x14 0x00000006
core   0: 0x80000686 (0x41505613) srai    a2, zero, 21
core   0: 3 0x80000686 (0x41505613) x12 0x00000000
core   0: 0x8000068a (0x0125d8b3) srl     a7, a1, s2
core   0: 3 0x8000068a (0x0125d8b3) x17 0x00000000
core   0: 0x8000068e (0x000040c9) c.li    ra, 18
core   0: 3 0x8000068e (0x40c9) x 1 0x00000012
core   0: 0x80000690 (0x4184dcb3) sra     s9, s1, s8
core   0: 3 0x80000690 (0x4184dcb3) x25 0x00000000
core   0: 0x80000694 (0x00006139) c.addi16sp sp, 448
core   0: 3 0x80000694 (0x6139) x 2 0x000001bf
core   0: 0x80000696 (0x00000985) c.addi  s3, 1
core   0: 3 0x80000696 (0x0985) x19 0xfffffffc
core   0: 0x80000698 (0x8b3e2713) slti    a4, t3, -1869
core   0: 3 0x80000698 (0x8b3e2713) x14 0x00000000
core   0: 0x8000069c (0x000086d5) c.srai  a3, 21
core   0: 3 0x8000069c (0x86d5) x13 0xffffffff
core   0: 0x8000069e (0x00006b45) c.lui   s6, 0x11
core   0: 3 0x8000069e (0x6b45) x22 0x00011000
core   0: 0x800006a0 (0x00000001) c.nop
core   0: 3 0x800006a0 (0x0001)
core   0: 0x800006a2 (0x0e1c46b7) lui     a3, 0xe1c4
core   0: 3 0x800006a2 (0x0e1c46b7) x13 0x0e1c4000
core   0: 0x800006a6 (0xfde98fe3) beq     s3, t5, pc - 34
core   0: 3 0x800006a6 (0xfde98fe3)
core   0: 0x800006aa (0x00d32633) slt     a2, t1, a3
core   0: 3 0x800006aa (0x00d32633) x12 0x00000001
core   0: 0x800006ae (0xff700113) li      sp, -9
core   0: 3 0x800006ae (0xff700113) x 2 0xfffffff7
core   0: 0x800006b2 (0x003edf33) srl     t5, t4, gp
core   0: 3 0x800006b2 (0x003edf33) x30 0x0001ffff
core   0: 0x800006b6 (0x00000cfe) c.slli  s9, 31
core   0: 3 0x800006b6 (0x0cfe) x25 0x00000000
core   0: 0x800006b8 (0x4fdb0013) addi    zero, s6, 1277
core   0: 3 0x800006b8 (0x4fdb0013)
core   0: 0x800006bc (0xfee00213) li      tp, -18
core   0: 3 0x800006bc (0xfee00213) x 4 0xffffffee
core   0: 0x800006c0 (0x03ed9833) mulh    a6, s11, t5
core   0: 3 0x800006c0 (0x03ed9833) x16 0xffff0004
core   0: 0x800006c4 (0x00008d29) c.xor   a0, a0
core   0: 3 0x800006c4 (0x8d29) x10 0x00000000
core   0: 0x800006c6 (0x00008129) c.srli  a0, 10
core   0: 3 0x800006c6 (0x8129) x10 0x00000000
core   0: 0x800006c8 (0x008b4cb3) xor     s9, s6, s0
core   0: 3 0x800006c8 (0x008b4cb3) x25 0x00011000
core   0: 0x800006cc (0x8b7f0f13) addi    t5, t5, -1865
core   0: 3 0x800006cc (0x8b7f0f13) x30 0x0001f8b6
core   0: 0x800006d0 (0x00001165) c.addi  sp, -7
core   0: 3 0x800006d0 (0x1165) x 2 0xfffffff0
core   0: 0x800006d2 (0x00008f6d) c.and   a4, a1
core   0: 3 0x800006d2 (0x8f6d) x14 0x00000000
core   0: 0x800006d4 (0x00008cad) c.xor   s1, a1
core   0: 3 0x800006d4 (0x8cad) x 9 0x00000001
core   0: 0x800006d6 (0x011dd513) srli    a0, s11, 17
core   0: 3 0x800006d6 (0x011dd513) x10 0x00004001
core   0: 0x800006da (0x00a00593) li      a1, 10
core   0: 3 0x800006da (0x00a00593) x11 0x0000000a
core   0: 0x800006de (0xefe6e513) ori     a0, a3, -258
core   0: 3 0x800006de (0xefe6e513) x10 0xfffffefe
core   0: 0x800006e2 (0x00500d13) li      s10, 5
core   0: 3 0x800006e2 (0x00500d13) x26 0x00000005
core   0: 0x800006e6 (0x000098ba) c.add   a7, a4
core   0: 3 0x800006e6 (0x98ba) x17 0x00000000
core   0: 0x800006e8 (0x00008915) c.andi  a0, 5
core   0: 3 0x800006e8 (0x8915) x10 0x00000004
core   0: 0x800006ea (0x345a8a13) addi    s4, s5, 837
core   0: 3 0x800006ea (0x345a8a13) x20 0x00000345
core   0: 0x800006ee (0x0264ebb3) rem     s7, s1, t1
core   0: 3 0x800006ee (0x0264ebb3) x23 0x00000001
core   0: 0x800006f2 (0x033651b3) divu    gp, a2, s3
core   0: 3 0x800006f2 (0x033651b3) x 3 0x00000000
core   0: 0x800006f6 (0x000015d9) c.addi  a1, -10
core   0: 3 0x800006f6 (0x15d9) x11 0x00000000
core   0: 0x800006f8 (0x0ff0000f) fence   iorw,iorw
core   0: 3 0x800006f8 (0x0ff0000f)
core   0: 0x800006fc (0x1550f817) auipc   a6, 0x1550f
core   0: 3 0x800006fc (0x1550f817) x16 0x9550f6fc
core   0: 0x80000700 (0x00001ffd) c.addi  t6, -1
core   0: 3 0x80000700 (0x1ffd) x31 0xfffffffe
core   0: 0x80000702 (0x00881f33) sll     t5, a6, s0
core   0: 3 0x80000702 (0x00881f33) x30 0x9550f6fc
core   0: 0x80000706 (0x00000001) c.nop
core   0: 3 0x80000706 (0x0001)
core   0: 0x80000708 (0xffa5d0e3) bge     a1, s10, pc - 32
core   0: 3 0x80000708 (0xffa5d0e3)
core   0: 0x8000070c (0x00ea93b3) sll     t2, s5, a4
core   0: 3 0x8000070c (0x00ea93b3) x 7 0x00000000
core   0: 0x80000710 (0x00008b59) c.andi  a4, 22
core   0: 3 0x80000710 (0x8b59) x14 0x00000000
core   0: 0x80000712 (0x4a79d737) lui     a4, 0x4a79d
core   0: 3 0x80000712 (0x4a79d737) x14 0x4a79d000
core   0: 0x80000716 (0xfa4159e3) bge     sp, tp, pc - 78
core   0: 3 0x80000716 (0xfa4159e3)
core   0: 0x800006c8 (0x008b4cb3) xor     s9, s6, s0
core   0: 3 0x800006c8 (0x008b4cb3) x25 0x00011000
core   0: 0x800006cc (0x8b7f0f13) addi    t5, t5, -1865
core   0: 3 0x800006cc (0x8b7f0f13) x30 0x9550efb3
core   0: 0x800006d0 (0x00001165) c.addi  sp, -7
core   0: 3 0x800006d0 (0x1165) x 2 0xffffffe9
core   0: 0x800006d2 (0x00008f6d) c.and   a4, a1
core   0: 3 0x800006d2 (0x8f6d) x14 0x00000000
core   0: 0x800006d4 (0x00008cad) c.xor   s1, a1
core   0: 3 0x800006d4 (0x8cad) x 9 0x00000001
core   0: 0x800006d6 (0x011dd513) srli    a0, s11, 17
core   0: 3 0x800006d6 (0x011dd513) x10 0x00004001
core   0: 0x800006da (0x00a00593) li      a1, 10
core   0: 3 0x800006da (0x00a00593) x11 0x0000000a
core   0: 0x800006de (0xefe6e513) ori     a0, a3, -258
core   0: 3 0x800006de (0xefe6e513) x10 0xfffffefe
core   0: 0x800006e2 (0x00500d13) li      s10, 5
core   0: 3 0x800006e2 (0x00500d13) x26 0x00000005
core   0: 0x800006e6 (0x000098ba) c.add   a7, a4
core   0: 3 0x800006e6 (0x98ba) x17 0x00000000
core   0: 0x800006e8 (0x00008915) c.andi  a0, 5
core   0: 3 0x800006e8 (0x8915) x10 0x00000004
core   0: 0x800006ea (0x345a8a13) addi    s4, s5, 837
core   0: 3 0x800006ea (0x345a8a13) x20 0x00000345
core   0: 0x800006ee (0x0264ebb3) rem     s7, s1, t1
core   0: 3 0x800006ee (0x0264ebb3) x23 0x00000001
core   0: 0x800006f2 (0x033651b3) divu    gp, a2, s3
core   0: 3 0x800006f2 (0x033651b3) x 3 0x00000000
core   0: 0x800006f6 (0x000015d9) c.addi  a1, -10
core   0: 3 0x800006f6 (0x15d9) x11 0x00000000
core   0: 0x800006f8 (0x0ff0000f) fence   iorw,iorw
core   0: 3 0x800006f8 (0x0ff0000f)
core   0: 0x800006fc (0x1550f817) auipc   a6, 0x1550f
core   0: 3 0x800006fc (0x1550f817) x16 0x9550f6fc
core   0: 0x80000700 (0x00001ffd) c.addi  t6, -1
core   0: 3 0x80000700 (0x1ffd) x31 0xfffffffd
core   0: 0x80000702 (0x00881f33) sll     t5, a6, s0
core   0: 3 0x80000702 (0x00881f33) x30 0x9550f6fc
core   0: 0x80000706 (0x00000001) c.nop
core   0: 3 0x80000706 (0x0001)
core   0: 0x80000708 (0xffa5d0e3) bge     a1, s10, pc - 32
core   0: 3 0x80000708 (0xffa5d0e3)
core   0: 0x8000070c (0x00ea93b3) sll     t2, s5, a4
core   0: 3 0x8000070c (0x00ea93b3) x 7 0x00000000
core   0: 0x80000710 (0x00008b59) c.andi  a4, 22
core   0: 3 0x80000710 (0x8b59) x14 0x00000000
core   0: 0x80000712 (0x4a79d737) lui     a4, 0x4a79d
core   0: 3 0x80000712 (0x4a79d737) x14 0x4a79d000
core   0: 0x80000716 (0xfa4159e3) bge     sp, tp, pc - 78
core   0: 3 0x80000716 (0xfa4159e3)
core   0: 0x8000071a (0x2c900813) li      a6, 713
core   0: 3 0x8000071a (0x2c900813) x16 0x000002c9
core   0: 0x8000071e (0x00900613) li      a2, 9
core   0: 3 0x8000071e (0x00900613) x12 0x00000009
core   0: 0x80000722 (0x00b02b33) slt     s6, zero, a1
core   0: 3 0x80000722 (0x00b02b33) x22 0x00000000
core   0: 0x80000726 (0x000056fd) c.li    a3, -1
core   0: 3 0x80000726 (0x56fd) x13 0xffffffff
core   0: 0x80000728 (0x00cc1e13) slli    t3, s8, 12
core   0: 3 0x80000728 (0x00cc1e13) x28 0x00008000
core   0: 0x8000072c (0x40ec5cb3) sra     s9, s8, a4
core   0: 3 0x8000072c (0x40ec5cb3) x25 0x00000008
core   0: 0x80000730 (0x00008d41) c.or    a0, s0
core   0: 3 0x80000730 (0x8d41) x10 0x00000004
core   0: 0x80000732 (0x00009bf2) c.add   s7, t3
core   0: 3 0x80000732 (0x9bf2) x23 0x00008001
core   0: 0x80000734 (0x00006be5) c.lui   s7, 0x19
core   0: 3 0x80000734 (0x6be5) x23 0x00019000
core   0: 0x80000736 (0x1714d3b7) lui     t2, 0x1714d
core   0: 3 0x80000736 (0x1714d3b7) x 7 0x1714d000
core   0: 0x8000073a (0x00006a5d) c.lui   s4, 0x17
core   0: 3 0x8000073a (0x6a5d) x20 0x00017000
core   0: 0x8000073c (0x00d00793) li      a5, 13
core   0: 3 0x8000073c (0x00d00793) x15 0x0000000d
core   0: 0x80000740 (0x00008f11) c.sub   a4, a2
core   0: 3 0x80000740 (0x8f11) x14 0x4a79cff7
core   0: 0x80000742 (0x0154db33) srl     s6, s1, s5
core   0: 3 0x80000742 (0x0154db33) x22 0x00000001
core   0: 0x80000746 (0x52b38d17) auipc   s10, 0x52b38
core   0: 3 0x80000746 (0x52b38d17) x26 0xd2b38746
core   0: 0x8000074a (0x003a9113) slli    sp, s5, 3
core   0: 3 0x8000074a (0x003a9113) x 2 0x00000000
core   0: 0x8000074e (0x03101e33) mulh    t3, zero, a7
core   0: 3 0x8000074e (0x03101e33) x28 0x00000000
core   0: 0x80000752 (0x02428733) mul     a4, t0, tp
core   0: 3 0x80000752 (0x02428733) x14 0x00000000
core   0: 0x80000756 (0x00008f0d) c.sub   a4, a1
core   0: 3 0x80000756 (0x8f0d) x14 0x00000000
core   0: 0x80000758 (0xed436393) ori     t2, t1, -300
core   0: 3 0x80000758 (0xed436393) x 7 0xfffffedd
core   0: 0x8000075c (0x00008519) c.srai  a0, 6
core   0: 3 0x8000075c (0x8519) x10 0x00000000
core   0: 0x8000075e (0x00000605) c.addi  a2, 1
core   0: 3 0x8000075e (0x0605) x12 0x0000000a
core   0: 0x80000760 (0x00006b31) c.lui   s6, 0xc
core   0: 3 0x80000760 (0x6b31) x22 0x0000c000
core   0: 0x80000762 (0x416bda93) srai    s5, s7, 22
core   0: 3 0x80000762 (0x416bda93) x21 0x00000000
core   0: 0x80000766 (0x00008c91) c.sub   s1, a2
core   0: 3 0x80000766 (0x8c91) x 9 0xfffffff7
core   0: 0x80000768 (0x4160d0b3) sra     ra, ra, s6
core   0: 3 0x80000768 (0x4160d0b3) x 1 0x00000012
core   0: 0x8000076c (0x000088ae) c.mv    a7, a1
core   0: 3 0x8000076c (0x88ae) x17 0x00000000
core   0: 0x8000076e (0x0217dcb3) divu    s9, a5, ra
core   0: 3 0x8000076e (0x0217dcb3) x25 0x00000000
core   0: 0x80000772 (0x03de0ab3) mul     s5, t3, t4
core   0: 3 0x80000772 (0x03de0ab3) x21 0x00000000
core   0: 0x80000776 (0xfef660e3) bltu    a2, a5, pc - 32
core   0: 3 0x80000776 (0xfef660e3)
core   0: 0x80000756 (0x00008f0d) c.sub   a4, a1
core   0: 3 0x80000756 (0x8f0d) x14 0x00000000
core   0: 0x80000758 (0xed436393) ori     t2, t1, -300
core   0: 3 0x80000758 (0xed436393) x 7 0xfffffedd
core   0: 0x8000075c (0x00008519) c.srai  a0, 6
core   0: 3 0x8000075c (0x8519) x10 0x00000000
core   0: 0x8000075e (0x00000605) c.addi  a2, 1
core   0: 3 0x8000075e (0x0605) x12 0x0000000b
core   0: 0x80000760 (0x00006b31) c.lui   s6, 0xc
core   0: 3 0x80000760 (0x6b31) x22 0x0000c000
core   0: 0x80000762 (0x416bda93) srai    s5, s7, 22
core   0: 3 0x80000762 (0x416bda93) x21 0x00000000
core   0: 0x80000766 (0x00008c91) c.sub   s1, a2
core   0: 3 0x80000766 (0x8c91) x 9 0xffffffec
core   0: 0x80000768 (0x4160d0b3) sra     ra, ra, s6
core   0: 3 0x80000768 (0x4160d0b3) x 1 0x00000012
core   0: 0x8000076c (0x000088ae) c.mv    a7, a1
core   0: 3 0x8000076c (0x88ae) x17 0x00000000
core   0: 0x8000076e (0x0217dcb3) divu    s9, a5, ra
core   0: 3 0x8000076e (0x0217dcb3) x25 0x00000000
core   0: 0x80000772 (0x03de0ab3) mul     s5, t3, t4
core   0: 3 0x80000772 (0x03de0ab3) x21 0x00000000
core   0: 0x80000776 (0xfef660e3) bltu    a2, a5, pc - 32
core   0: 3 0x80000776 (0xfef660e3)
core   0: 0x80000756 (0x00008f0d) c.sub   a4, a1
core   0: 3 0x80000756 (0x8f0d) x14 0x00000000
core   0: 0x80000758 (0xed436393) ori     t2, t1, -300
core   0: 3 0x80000758 (0xed436393) x 7 0xfffffedd
core   0: 0x8000075c (0x00008519) c.srai  a0, 6
core   0: 3 0x8000075c (0x8519) x10 0x00000000
core   0: 0x8000075e (0x00000605) c.addi  a2, 1
core   0: 3 0x8000075e (0x0605) x12 0x0000000c
core   0: 0x80000760 (0x00006b31) c.lui   s6, 0xc
core   0: 3 0x80000760 (0x6b31) x22 0x0000c000
core   0: 0x80000762 (0x416bda93) srai    s5, s7, 22
core   0: 3 0x80000762 (0x416bda93) x21 0x00000000
core   0: 0x80000766 (0x00008c91) c.sub   s1, a2
core   0: 3 0x80000766 (0x8c91) x 9 0xffffffe0
core   0: 0x80000768 (0x4160d0b3) sra     ra, ra, s6
core   0: 3 0x80000768 (0x4160d0b3) x 1 0x00000012
core   0: 0x8000076c (0x000088ae) c.mv    a7, a1
core   0: 3 0x8000076c (0x88ae) x17 0x00000000
core   0: 0x8000076e (0x0217dcb3) divu    s9, a5, ra
core   0: 3 0x8000076e (0x0217dcb3) x25 0x00000000
core   0: 0x80000772 (0x03de0ab3) mul     s5, t3, t4
core   0: 3 0x80000772 (0x03de0ab3) x21 0x00000000
core   0: 0x80000776 (0xfef660e3) bltu    a2, a5, pc - 32
core   0: 3 0x80000776 (0xfef660e3)
core   0: 0x80000756 (0x00008f0d) c.sub   a4, a1
core   0: 3 0x80000756 (0x8f0d) x14 0x00000000
core   0: 0x80000758 (0xed436393) ori     t2, t1, -300
core   0: 3 0x80000758 (0xed436393) x 7 0xfffffedd
core   0: 0x8000075c (0x00008519) c.srai  a0, 6
core   0: 3 0x8000075c (0x8519) x10 0x00000000
core   0: 0x8000075e (0x00000605) c.addi  a2, 1
core   0: 3 0x8000075e (0x0605) x12 0x0000000d
core   0: 0x80000760 (0x00006b31) c.lui   s6, 0xc
core   0: 3 0x80000760 (0x6b31) x22 0x0000c000
core   0: 0x80000762 (0x416bda93) srai    s5, s7, 22
core   0: 3 0x80000762 (0x416bda93) x21 0x00000000
core   0: 0x80000766 (0x00008c91) c.sub   s1, a2
core   0: 3 0x80000766 (0x8c91) x 9 0xffffffd3
core   0: 0x80000768 (0x4160d0b3) sra     ra, ra, s6
core   0: 3 0x80000768 (0x4160d0b3) x 1 0x00000012
core   0: 0x8000076c (0x000088ae) c.mv    a7, a1
core   0: 3 0x8000076c (0x88ae) x17 0x00000000
core   0: 0x8000076e (0x0217dcb3) divu    s9, a5, ra
core   0: 3 0x8000076e (0x0217dcb3) x25 0x00000000
core   0: 0x80000772 (0x03de0ab3) mul     s5, t3, t4
core   0: 3 0x80000772 (0x03de0ab3) x21 0x00000000
core   0: 0x80000776 (0xfef660e3) bltu    a2, a5, pc - 32
core   0: 3 0x80000776 (0xfef660e3)
core   0: 0x8000077a (0x418bd993) srai    s3, s7, 24
core   0: 3 0x8000077a (0x418bd993) x19 0x00000000
core   0: 0x8000077e (0xfff00a93) li      s5, -1
core   0: 3 0x8000077e (0xfff00a93) x21 0xffffffff
core   0: 0x80000782 (0x037d3833) mulhu   a6, s10, s7
core   0: 3 0x80000782 (0x037d3833) x16 0x00014938
core   0: 0x80000786 (0x00800613) li      a2, 8
core   0: 3 0x80000786 (0x00800613) x12 0x00000008
core   0: 0x8000078a (0x00000001) c.nop
core   0: 3 0x8000078a (0x0001)
core   0: 0x8000078c (0x03e25833) divu    a6, tp, t5
core   0: 3 0x8000078c (0x03e25833) x16 0x00000001
core   0: 0x80000790 (0x01215b13) srli    s6, sp, 18
core   0: 3 0x80000790 (0x01215b13) x22 0x00000000
core   0: 0x80000794 (0x0312db33) divu    s6, t0, a7
core   0: 3 0x80000794 (0x0312db33) x22 0xffffffff
core   0: 0x80000798 (0x00004489) c.li    s1, 2
core   0: 3 0x80000798 (0x4489) x 9 0x00000002
core   0: 0x8000079a (0x019ae833) or      a6, s5, s9
core   0: 3 0x8000079a (0x019ae833) x16 0xffffffff
core   0: 0x8000079e (0x00000a89) c.addi  s5, 2
core   0: 3 0x8000079e (0x0a89) x21 0x00000001
core   0: 0x800007a0 (0xc1777113) andi    sp, a4, -1001
core   0: 3 0x800007a0 (0xc1777113) x 2 0x00000000
core   0: 0x800007a4 (0xfff00593) li      a1, -1
core   0: 3 0x800007a4 (0xfff00593) x11 0xffffffff
core   0: 0x800007a8 (0x00008ce9) c.and   s1, a0
core   0: 3 0x800007a8 (0x8ce9) x 9 0x00000000
core   0: 0x800007aa (0x00000001) c.nop
core   0: 3 0x800007aa (0x0001)
core   0: 0x800007ac (0x00000001) c.nop
core   0: 3 0x800007ac (0x0001)
core   0: 0x800007ae (0x529f2793) slti    a5, t5, 1321
core   0: 3 0x800007ae (0x529f2793) x15 0x00000001
core   0: 0x800007b2 (0xc42afd13) andi    s10, s5, -958
core   0: 3 0x800007b2 (0xc42afd13) x26 0x00000000
core   0: 0x800007b6 (0x00009546) c.add   a0, a7
core   0: 3 0x800007b6 (0x9546) x10 0x00000000
core   0: 0x800007b8 (0x000080d5) c.srli  s1, 21
core   0: 3 0x800007b8 (0x80d5) x 9 0x00000000
core   0: 0x800007ba (0x00008b7a) c.mv    s6, t5
core   0: 3 0x800007ba (0x8b7a) x22 0x9550f6fc
core   0: 0x800007bc (0x02a763b3) rem     t2, a4, a0
core   0: 3 0x800007bc (0x02a763b3) x 7 0x00000000
core   0: 0x800007c0 (0x02d357b3) divu    a5, t1, a3
core   0: 3 0x800007c0 (0x02d357b3) x15 0x00000000
core   0: 0x800007c4 (0x00001c94) c.addi4spn a3, sp, 624
core   0: 3 0x800007c4 (0x1c94) x13 0x00000270
core   0: 0x800007c6 (0x00008f7d) c.and   a4, a5
core   0: 3 0x800007c6 (0x8f7d) x14 0x00000000
core   0: 0x800007c8 (0x40ac0833) sub     a6, s8, a0
core   0: 3 0x800007c8 (0x40ac0833) x16 0x00000008
core   0: 0x800007cc (0x00000585) c.addi  a1, 1
core   0: 3 0x800007cc (0x0585) x11 0x00000000
core   0: 0x800007ce (0x0000f5f5) c.bnez  a1, pc - 20
core   0: 3 0x800007ce (0xf5f5)
core   0: 0x800007d0 (0x0000839e) c.mv    t2, t2
core   0: 3 0x800007d0 (0x839e) x 7 0x00000000
core   0: 0x800007d2 (0xfccae1e3) bltu    s5, a2, pc - 62
core   0: 3 0x800007d2 (0xfccae1e3)
core   0: 0x80000794 (0x0312db33) divu    s6, t0, a7
core   0: 3 0x80000794 (0x0312db33) x22 0xffffffff
core   0: 0x80000798 (0x00004489) c.li    s1, 2
core   0: 3 0x80000798 (0x4489) x 9 0x00000002
core   0: 0x8000079a (0x019ae833) or      a6, s5, s9
core   0: 3 0x8000079a (0x019ae833) x16 0x00000001
core   0: 0x8000079e (0x00000a89) c.addi  s5, 2
core   0: 3 0x8000079e (0x0a89) x21 0x00000003
core   0: 0x800007a0 (0xc1777113) andi    sp, a4, -1001
core   0: 3 0x800007a0 (0xc1777113) x 2 0x00000000
core   0: 0x800007a4 (0xfff00593) li      a1, -1
core   0: 3 0x800007a4 (0xfff00593) x11 0xffffffff
core   0: 0x800007a8 (0x00008ce9) c.and   s1, a0
core   0: 3 0x800007a8 (0x8ce9) x 9 0x00000000
core   0: 0x800007aa (0x00000001) c.nop
core   0: 3 0x800007aa (0x0001)
core   0: 0x800007ac (0x00000001) c.nop
core   0: 3 0x800007ac (0x0001)
core   0: 0x800007ae (0x529f2793) slti    a5, t5, 1321
core   0: 3 0x800007ae (0x529f2793) x15 0x00000001
core   0: 0x800007b2 (0xc42afd13) andi    s10, s5, -958
core   0: 3 0x800007b2 (0xc42afd13) x26 0x00000002
core   0: 0x800007b6 (0x00009546) c.add   a0, a7
core   0: 3 0x800007b6 (0x9546) x10 0x00000000
core   0: 0x800007b8 (0x000080d5) c.srli  s1, 21
core   0: 3 0x800007b8 (0x80d5) x 9 0x00000000
core   0: 0x800007ba (0x00008b7a) c.mv    s6, t5
core   0: 3 0x800007ba (0x8b7a) x22 0x9550f6fc
core   0: 0x800007bc (0x02a763b3) rem     t2, a4, a0
core   0: 3 0x800007bc (0x02a763b3) x 7 0x00000000
core   0: 0x800007c0 (0x02d357b3) divu    a5, t1, a3
core   0: 3 0x800007c0 (0x02d357b3) x15 0x00000000
core   0: 0x800007c4 (0x00001c94) c.addi4spn a3, sp, 624
core   0: 3 0x800007c4 (0x1c94) x13 0x00000270
core   0: 0x800007c6 (0x00008f7d) c.and   a4, a5
core   0: 3 0x800007c6 (0x8f7d) x14 0x00000000
core   0: 0x800007c8 (0x40ac0833) sub     a6, s8, a0
core   0: 3 0x800007c8 (0x40ac0833) x16 0x00000008
core   0: 0x800007cc (0x00000585) c.addi  a1, 1
core   0: 3 0x800007cc (0x0585) x11 0x00000000
core   0: 0x800007ce (0x0000f5f5) c.bnez  a1, pc - 20
core   0: 3 0x800007ce (0xf5f5)
core   0: 0x800007d0 (0x0000839e) c.mv    t2, t2
core   0: 3 0x800007d0 (0x839e) x 7 0x00000000
core   0: 0x800007d2 (0xfccae1e3) bltu    s5, a2, pc - 62
core   0: 3 0x800007d2 (0xfccae1e3)
core   0: 0x80000794 (0x0312db33) divu    s6, t0, a7
core   0: 3 0x80000794 (0x0312db33) x22 0xffffffff
core   0: 0x80000798 (0x00004489) c.li    s1, 2
core   0: 3 0x80000798 (0x4489) x 9 0x00000002
core   0: 0x8000079a (0x019ae833) or      a6, s5, s9
core   0: 3 0x8000079a (0x019ae833) x16 0x00000003
core   0: 0x8000079e (0x00000a89) c.addi  s5, 2
core   0: 3 0x8000079e (0x0a89) x21 0x00000005
core   0: 0x800007a0 (0xc1777113) andi    sp, a4, -1001
core   0: 3 0x800007a0 (0xc1777113) x 2 0x00000000
core   0: 0x800007a4 (0xfff00593) li      a1, -1
core   0: 3 0x800007a4 (0xfff00593) x11 0xffffffff
core   0: 0x800007a8 (0x00008ce9) c.and   s1, a0
core   0: 3 0x800007a8 (0x8ce9) x 9 0x00000000
core   0: 0x800007aa (0x00000001) c.nop
core   0: 3 0x800007aa (0x0001)
core   0: 0x800007ac (0x00000001) c.nop
core   0: 3 0x800007ac (0x0001)
core   0: 0x800007ae (0x529f2793) slti    a5, t5, 1321
core   0: 3 0x800007ae (0x529f2793) x15 0x00000001
core   0: 0x800007b2 (0xc42afd13) andi    s10, s5, -958
core   0: 3 0x800007b2 (0xc42afd13) x26 0x00000000
core   0: 0x800007b6 (0x00009546) c.add   a0, a7
core   0: 3 0x800007b6 (0x9546) x10 0x00000000
core   0: 0x800007b8 (0x000080d5) c.srli  s1, 21
core   0: 3 0x800007b8 (0x80d5) x 9 0x00000000
core   0: 0x800007ba (0x00008b7a) c.mv    s6, t5
core   0: 3 0x800007ba (0x8b7a) x22 0x9550f6fc
core   0: 0x800007bc (0x02a763b3) rem     t2, a4, a0
core   0: 3 0x800007bc (0x02a763b3) x 7 0x00000000
core   0: 0x800007c0 (0x02d357b3) divu    a5, t1, a3
core   0: 3 0x800007c0 (0x02d357b3) x15 0x00000000
core   0: 0x800007c4 (0x00001c94) c.addi4spn a3, sp, 624
core   0: 3 0x800007c4 (0x1c94) x13 0x00000270
core   0: 0x800007c6 (0x00008f7d) c.and   a4, a5
core   0: 3 0x800007c6 (0x8f7d) x14 0x00000000
core   0: 0x800007c8 (0x40ac0833) sub     a6, s8, a0
core   0: 3 0x800007c8 (0x40ac0833) x16 0x00000008
core   0: 0x800007cc (0x00000585) c.addi  a1, 1
core   0: 3 0x800007cc (0x0585) x11 0x00000000
core   0: 0x800007ce (0x0000f5f5) c.bnez  a1, pc - 20
core   0: 3 0x800007ce (0xf5f5)
core   0: 0x800007d0 (0x0000839e) c.mv    t2, t2
core   0: 3 0x800007d0 (0x839e) x 7 0x00000000
core   0: 0x800007d2 (0xfccae1e3) bltu    s5, a2, pc - 62
core   0: 3 0x800007d2 (0xfccae1e3)
core   0: 0x80000794 (0x0312db33) divu    s6, t0, a7
core   0: 3 0x80000794 (0x0312db33) x22 0xffffffff
core   0: 0x80000798 (0x00004489) c.li    s1, 2
core   0: 3 0x80000798 (0x4489) x 9 0x00000002
core   0: 0x8000079a (0x019ae833) or      a6, s5, s9
core   0: 3 0x8000079a (0x019ae833) x16 0x00000005
core   0: 0x8000079e (0x00000a89) c.addi  s5, 2
core   0: 3 0x8000079e (0x0a89) x21 0x00000007
core   0: 0x800007a0 (0xc1777113) andi    sp, a4, -1001
core   0: 3 0x800007a0 (0xc1777113) x 2 0x00000000
core   0: 0x800007a4 (0xfff00593) li      a1, -1
core   0: 3 0x800007a4 (0xfff00593) x11 0xffffffff
core   0: 0x800007a8 (0x00008ce9) c.and   s1, a0
core   0: 3 0x800007a8 (0x8ce9) x 9 0x00000000
core   0: 0x800007aa (0x00000001) c.nop
core   0: 3 0x800007aa (0x0001)
core   0: 0x800007ac (0x00000001) c.nop
core   0: 3 0x800007ac (0x0001)
core   0: 0x800007ae (0x529f2793) slti    a5, t5, 1321
core   0: 3 0x800007ae (0x529f2793) x15 0x00000001
core   0: 0x800007b2 (0xc42afd13) andi    s10, s5, -958
core   0: 3 0x800007b2 (0xc42afd13) x26 0x00000002
core   0: 0x800007b6 (0x00009546) c.add   a0, a7
core   0: 3 0x800007b6 (0x9546) x10 0x00000000
core   0: 0x800007b8 (0x000080d5) c.srli  s1, 21
core   0: 3 0x800007b8 (0x80d5) x 9 0x00000000
core   0: 0x800007ba (0x00008b7a) c.mv    s6, t5
core   0: 3 0x800007ba (0x8b7a) x22 0x9550f6fc
core   0: 0x800007bc (0x02a763b3) rem     t2, a4, a0
core   0: 3 0x800007bc (0x02a763b3) x 7 0x00000000
core   0: 0x800007c0 (0x02d357b3) divu    a5, t1, a3
core   0: 3 0x800007c0 (0x02d357b3) x15 0x00000000
core   0: 0x800007c4 (0x00001c94) c.addi4spn a3, sp, 624
core   0: 3 0x800007c4 (0x1c94) x13 0x00000270
core   0: 0x800007c6 (0x00008f7d) c.and   a4, a5
core   0: 3 0x800007c6 (0x8f7d) x14 0x00000000
core   0: 0x800007c8 (0x40ac0833) sub     a6, s8, a0
core   0: 3 0x800007c8 (0x40ac0833) x16 0x00000008
core   0: 0x800007cc (0x00000585) c.addi  a1, 1
core   0: 3 0x800007cc (0x0585) x11 0x00000000
core   0: 0x800007ce (0x0000f5f5) c.bnez  a1, pc - 20
core   0: 3 0x800007ce (0xf5f5)
core   0: 0x800007d0 (0x0000839e) c.mv    t2, t2
core   0: 3 0x800007d0 (0x839e) x 7 0x00000000
core   0: 0x800007d2 (0xfccae1e3) bltu    s5, a2, pc - 62
core   0: 3 0x800007d2 (0xfccae1e3)
core   0: 0x80000794 (0x0312db33) divu    s6, t0, a7
core   0: 3 0x80000794 (0x0312db33) x22 0xffffffff
core   0: 0x80000798 (0x00004489) c.li    s1, 2
core   0: 3 0x80000798 (0x4489) x 9 0x00000002
core   0: 0x8000079a (0x019ae833) or      a6, s5, s9
core   0: 3 0x8000079a (0x019ae833) x16 0x00000007
core   0: 0x8000079e (0x00000a89) c.addi  s5, 2
core   0: 3 0x8000079e (0x0a89) x21 0x00000009
core   0: 0x800007a0 (0xc1777113) andi    sp, a4, -1001
core   0: 3 0x800007a0 (0xc1777113) x 2 0x00000000
core   0: 0x800007a4 (0xfff00593) li      a1, -1
core   0: 3 0x800007a4 (0xfff00593) x11 0xffffffff
core   0: 0x800007a8 (0x00008ce9) c.and   s1, a0
core   0: 3 0x800007a8 (0x8ce9) x 9 0x00000000
core   0: 0x800007aa (0x00000001) c.nop
core   0: 3 0x800007aa (0x0001)
core   0: 0x800007ac (0x00000001) c.nop
core   0: 3 0x800007ac (0x0001)
core   0: 0x800007ae (0x529f2793) slti    a5, t5, 1321
core   0: 3 0x800007ae (0x529f2793) x15 0x00000001
core   0: 0x800007b2 (0xc42afd13) andi    s10, s5, -958
core   0: 3 0x800007b2 (0xc42afd13) x26 0x00000000
core   0: 0x800007b6 (0x00009546) c.add   a0, a7
core   0: 3 0x800007b6 (0x9546) x10 0x00000000
core   0: 0x800007b8 (0x000080d5) c.srli  s1, 21
core   0: 3 0x800007b8 (0x80d5) x 9 0x00000000
core   0: 0x800007ba (0x00008b7a) c.mv    s6, t5
core   0: 3 0x800007ba (0x8b7a) x22 0x9550f6fc
core   0: 0x800007bc (0x02a763b3) rem     t2, a4, a0
core   0: 3 0x800007bc (0x02a763b3) x 7 0x00000000
core   0: 0x800007c0 (0x02d357b3) divu    a5, t1, a3
core   0: 3 0x800007c0 (0x02d357b3) x15 0x00000000
core   0: 0x800007c4 (0x00001c94) c.addi4spn a3, sp, 624
core   0: 3 0x800007c4 (0x1c94) x13 0x00000270
core   0: 0x800007c6 (0x00008f7d) c.and   a4, a5
core   0: 3 0x800007c6 (0x8f7d) x14 0x00000000
core   0: 0x800007c8 (0x40ac0833) sub     a6, s8, a0
core   0: 3 0x800007c8 (0x40ac0833) x16 0x00000008
core   0: 0x800007cc (0x00000585) c.addi  a1, 1
core   0: 3 0x800007cc (0x0585) x11 0x00000000
core   0: 0x800007ce (0x0000f5f5) c.bnez  a1, pc - 20
core   0: 3 0x800007ce (0xf5f5)
core   0: 0x800007d0 (0x0000839e) c.mv    t2, t2
core   0: 3 0x800007d0 (0x839e) x 7 0x00000000
core   0: 0x800007d2 (0xfccae1e3) bltu    s5, a2, pc - 62
core   0: 3 0x800007d2 (0xfccae1e3)
core   0: 0x800007d6 (0x000014fd) c.addi  s1, -1
core   0: 3 0x800007d6 (0x14fd) x 9 0xffffffff
core   0: 0x800007d8 (0xffa00993) li      s3, -6
core   0: 3 0x800007d8 (0xffa00993) x19 0xfffffffa
core   0: 0x800007dc (0x00000193) li      gp, 0
core   0: 3 0x800007dc (0x00000193) x 3 0x00000000
core   0: 0x800007e0 (0x0000717d) c.addi16sp sp, -16
core   0: 3 0x800007e0 (0x717d) x 2 0xfffffff0
core   0: 0x800007e2 (0x482e0117) auipc   sp, 0x482e0
core   0: 3 0x800007e2 (0x482e0117) x 2 0xc82e07e2
core   0: 0x800007e6 (0x01c45213) srli    tp, s0, 28
core   0: 3 0x800007e6 (0x01c45213) x 4 0x00000000
core   0: 0x800007ea (0x00008fc1) c.or    a5, s0
core   0: 3 0x800007ea (0x8fc1) x15 0x00000000
core   0: 0x800007ec (0x417bc137) lui     sp, 0x417bc
core   0: 3 0x800007ec (0x417bc137) x 2 0x417bc000
core   0: 0x800007f0 (0x00000985) c.addi  s3, 1
core   0: 3 0x800007f0 (0x0985) x19 0xfffffffb
core   0: 0x800007f2 (0xffc00613) li      a2, -4
core   0: 3 0x800007f2 (0xffc00613) x12 0xfffffffc
core   0: 0x800007f6 (0x0000100f) fence.i
core   0: 3 0x800007f6 (0x0000100f)
core   0: 0x800007fa (0x00000001) c.nop
core   0: 3 0x800007fa (0x0001)
core   0: 0x800007fc (0x00008fe5) c.and   a5, s1
core   0: 3 0x800007fc (0x8fe5) x15 0x00000000
core   0: 0x800007fe (0x00001604) c.addi4spn s1, sp, 800
core   0: 3 0x800007fe (0x1604) x 9 0x417bc320
core   0: 0x80000800 (0x00006f3d) c.lui   t5, 0xf
core   0: 3 0x80000800 (0x6f3d) x30 0x0000f000
core   0: 0x80000802 (0x0000051e) c.slli  a0, 7
core   0: 3 0x80000802 (0x051e) x10 0x00000000
core   0: 0x80000804 (0x00000605) c.addi  a2, 1
core   0: 3 0x80000804 (0x0605) x12 0xfffffffd
core   0: 0x80000806 (0x84b4f493) andi    s1, s1, -1973
core   0: 3 0x80000806 (0x84b4f493) x 9 0x417bc000
core   0: 0x8000080a (0x0000da6d) c.beqz  a2, pc - 14
core   0: 3 0x8000080a (0xda6d)
core   0: 0x8000080c (0xfc39cbe3) blt     s3, gp, pc - 42
core   0: 3 0x8000080c (0xfc39cbe3)
core   0: 0x800007e2 (0x482e0117) auipc   sp, 0x482e0
core   0: 3 0x800007e2 (0x482e0117) x 2 0xc82e07e2
core   0: 0x800007e6 (0x01c45213) srli    tp, s0, 28
core   0: 3 0x800007e6 (0x01c45213) x 4 0x00000000
core   0: 0x800007ea (0x00008fc1) c.or    a5, s0
core   0: 3 0x800007ea (0x8fc1) x15 0x00000000
core   0: 0x800007ec (0x417bc137) lui     sp, 0x417bc
core   0: 3 0x800007ec (0x417bc137) x 2 0x417bc000
core   0: 0x800007f0 (0x00000985) c.addi  s3, 1
core   0: 3 0x800007f0 (0x0985) x19 0xfffffffc
core   0: 0x800007f2 (0xffc00613) li      a2, -4
core   0: 3 0x800007f2 (0xffc00613) x12 0xfffffffc
core   0: 0x800007f6 (0x0000100f) fence.i
core   0: 3 0x800007f6 (0x0000100f)
core   0: 0x800007fa (0x00000001) c.nop
core   0: 3 0x800007fa (0x0001)
core   0: 0x800007fc (0x00008fe5) c.and   a5, s1
core   0: 3 0x800007fc (0x8fe5) x15 0x00000000
core   0: 0x800007fe (0x00001604) c.addi4spn s1, sp, 800
core   0: 3 0x800007fe (0x1604) x 9 0x417bc320
core   0: 0x80000800 (0x00006f3d) c.lui   t5, 0xf
core   0: 3 0x80000800 (0x6f3d) x30 0x0000f000
core   0: 0x80000802 (0x0000051e) c.slli  a0, 7
core   0: 3 0x80000802 (0x051e) x10 0x00000000
core   0: 0x80000804 (0x00000605) c.addi  a2, 1
core   0: 3 0x80000804 (0x0605) x12 0xfffffffd
core   0: 0x80000806 (0x84b4f493) andi    s1, s1, -1973
core   0: 3 0x80000806 (0x84b4f493) x 9 0x417bc000
core   0: 0x8000080a (0x0000da6d) c.beqz  a2, pc - 14
core   0: 3 0x8000080a (0xda6d)
core   0: 0x8000080c (0xfc39cbe3) blt     s3, gp, pc - 42
core   0: 3 0x8000080c (0xfc39cbe3)
core   0: 0x800007e2 (0x482e0117) auipc   sp, 0x482e0
core   0: 3 0x800007e2 (0x482e0117) x 2 0xc82e07e2
core   0: 0x800007e6 (0x01c45213) srli    tp, s0, 28
core   0: 3 0x800007e6 (0x01c45213) x 4 0x00000000
core   0: 0x800007ea (0x00008fc1) c.or    a5, s0
core   0: 3 0x800007ea (0x8fc1) x15 0x00000000
core   0: 0x800007ec (0x417bc137) lui     sp, 0x417bc
core   0: 3 0x800007ec (0x417bc137) x 2 0x417bc000
core   0: 0x800007f0 (0x00000985) c.addi  s3, 1
core   0: 3 0x800007f0 (0x0985) x19 0xfffffffd
core   0: 0x800007f2 (0xffc00613) li      a2, -4
core   0: 3 0x800007f2 (0xffc00613) x12 0xfffffffc
core   0: 0x800007f6 (0x0000100f) fence.i
core   0: 3 0x800007f6 (0x0000100f)
core   0: 0x800007fa (0x00000001) c.nop
core   0: 3 0x800007fa (0x0001)
core   0: 0x800007fc (0x00008fe5) c.and   a5, s1
core   0: 3 0x800007fc (0x8fe5) x15 0x00000000
core   0: 0x800007fe (0x00001604) c.addi4spn s1, sp, 800
core   0: 3 0x800007fe (0x1604) x 9 0x417bc320
core   0: 0x80000800 (0x00006f3d) c.lui   t5, 0xf
core   0: 3 0x80000800 (0x6f3d) x30 0x0000f000
core   0: 0x80000802 (0x0000051e) c.slli  a0, 7
core   0: 3 0x80000802 (0x051e) x10 0x00000000
core   0: 0x80000804 (0x00000605) c.addi  a2, 1
core   0: 3 0x80000804 (0x0605) x12 0xfffffffd
core   0: 0x80000806 (0x84b4f493) andi    s1, s1, -1973
core   0: 3 0x80000806 (0x84b4f493) x 9 0x417bc000
core   0: 0x8000080a (0x0000da6d) c.beqz  a2, pc - 14
core   0: 3 0x8000080a (0xda6d)
core   0: 0x8000080c (0xfc39cbe3) blt     s3, gp, pc - 42
core   0: 3 0x8000080c (0xfc39cbe3)
core   0: 0x800007e2 (0x482e0117) auipc   sp, 0x482e0
core   0: 3 0x800007e2 (0x482e0117) x 2 0xc82e07e2
core   0: 0x800007e6 (0x01c45213) srli    tp, s0, 28
core   0: 3 0x800007e6 (0x01c45213) x 4 0x00000000
core   0: 0x800007ea (0x00008fc1) c.or    a5, s0
core   0: 3 0x800007ea (0x8fc1) x15 0x00000000
core   0: 0x800007ec (0x417bc137) lui     sp, 0x417bc
core   0: 3 0x800007ec (0x417bc137) x 2 0x417bc000
core   0: 0x800007f0 (0x00000985) c.addi  s3, 1
core   0: 3 0x800007f0 (0x0985) x19 0xfffffffe
core   0: 0x800007f2 (0xffc00613) li      a2, -4
core   0: 3 0x800007f2 (0xffc00613) x12 0xfffffffc
core   0: 0x800007f6 (0x0000100f) fence.i
core   0: 3 0x800007f6 (0x0000100f)
core   0: 0x800007fa (0x00000001) c.nop
core   0: 3 0x800007fa (0x0001)
core   0: 0x800007fc (0x00008fe5) c.and   a5, s1
core   0: 3 0x800007fc (0x8fe5) x15 0x00000000
core   0: 0x800007fe (0x00001604) c.addi4spn s1, sp, 800
core   0: 3 0x800007fe (0x1604) x 9 0x417bc320
core   0: 0x80000800 (0x00006f3d) c.lui   t5, 0xf
core   0: 3 0x80000800 (0x6f3d) x30 0x0000f000
core   0: 0x80000802 (0x0000051e) c.slli  a0, 7
core   0: 3 0x80000802 (0x051e) x10 0x00000000
core   0: 0x80000804 (0x00000605) c.addi  a2, 1
core   0: 3 0x80000804 (0x0605) x12 0xfffffffd
core   0: 0x80000806 (0x84b4f493) andi    s1, s1, -1973
core   0: 3 0x80000806 (0x84b4f493) x 9 0x417bc000
core   0: 0x8000080a (0x0000da6d) c.beqz  a2, pc - 14
core   0: 3 0x8000080a (0xda6d)
core   0: 0x8000080c (0xfc39cbe3) blt     s3, gp, pc - 42
core   0: 3 0x8000080c (0xfc39cbe3)
core   0: 0x800007e2 (0x482e0117) auipc   sp, 0x482e0
core   0: 3 0x800007e2 (0x482e0117) x 2 0xc82e07e2
core   0: 0x800007e6 (0x01c45213) srli    tp, s0, 28
core   0: 3 0x800007e6 (0x01c45213) x 4 0x00000000
core   0: 0x800007ea (0x00008fc1) c.or    a5, s0
core   0: 3 0x800007ea (0x8fc1) x15 0x00000000
core   0: 0x800007ec (0x417bc137) lui     sp, 0x417bc
core   0: 3 0x800007ec (0x417bc137) x 2 0x417bc000
core   0: 0x800007f0 (0x00000985) c.addi  s3, 1
core   0: 3 0x800007f0 (0x0985) x19 0xffffffff
core   0: 0x800007f2 (0xffc00613) li      a2, -4
core   0: 3 0x800007f2 (0xffc00613) x12 0xfffffffc
core   0: 0x800007f6 (0x0000100f) fence.i
core   0: 3 0x800007f6 (0x0000100f)
core   0: 0x800007fa (0x00000001) c.nop
core   0: 3 0x800007fa (0x0001)
core   0: 0x800007fc (0x00008fe5) c.and   a5, s1
core   0: 3 0x800007fc (0x8fe5) x15 0x00000000
core   0: 0x800007fe (0x00001604) c.addi4spn s1, sp, 800
core   0: 3 0x800007fe (0x1604) x 9 0x417bc320
core   0: 0x80000800 (0x00006f3d) c.lui   t5, 0xf
core   0: 3 0x80000800 (0x6f3d) x30 0x0000f000
core   0: 0x80000802 (0x0000051e) c.slli  a0, 7
core   0: 3 0x80000802 (0x051e) x10 0x00000000
core   0: 0x80000804 (0x00000605) c.addi  a2, 1
core   0: 3 0x80000804 (0x0605) x12 0xfffffffd
core   0: 0x80000806 (0x84b4f493) andi    s1, s1, -1973
core   0: 3 0x80000806 (0x84b4f493) x 9 0x417bc000
core   0: 0x8000080a (0x0000da6d) c.beqz  a2, pc - 14
core   0: 3 0x8000080a (0xda6d)
core   0: 0x8000080c (0xfc39cbe3) blt     s3, gp, pc - 42
core   0: 3 0x8000080c (0xfc39cbe3)
core   0: 0x800007e2 (0x482e0117) auipc   sp, 0x482e0
core   0: 3 0x800007e2 (0x482e0117) x 2 0xc82e07e2
core   0: 0x800007e6 (0x01c45213) srli    tp, s0, 28
core   0: 3 0x800007e6 (0x01c45213) x 4 0x00000000
core   0: 0x800007ea (0x00008fc1) c.or    a5, s0
core   0: 3 0x800007ea (0x8fc1) x15 0x00000000
core   0: 0x800007ec (0x417bc137) lui     sp, 0x417bc
core   0: 3 0x800007ec (0x417bc137) x 2 0x417bc000
core   0: 0x800007f0 (0x00000985) c.addi  s3, 1
core   0: 3 0x800007f0 (0x0985) x19 0x00000000
core   0: 0x800007f2 (0xffc00613) li      a2, -4
core   0: 3 0x800007f2 (0xffc00613) x12 0xfffffffc
core   0: 0x800007f6 (0x0000100f) fence.i
core   0: 3 0x800007f6 (0x0000100f)
core   0: 0x800007fa (0x00000001) c.nop
core   0: 3 0x800007fa (0x0001)
core   0: 0x800007fc (0x00008fe5) c.and   a5, s1
core   0: 3 0x800007fc (0x8fe5) x15 0x00000000
core   0: 0x800007fe (0x00001604) c.addi4spn s1, sp, 800
core   0: 3 0x800007fe (0x1604) x 9 0x417bc320
core   0: 0x80000800 (0x00006f3d) c.lui   t5, 0xf
core   0: 3 0x80000800 (0x6f3d) x30 0x0000f000
core   0: 0x80000802 (0x0000051e) c.slli  a0, 7
core   0: 3 0x80000802 (0x051e) x10 0x00000000
core   0: 0x80000804 (0x00000605) c.addi  a2, 1
core   0: 3 0x80000804 (0x0605) x12 0xfffffffd
core   0: 0x80000806 (0x84b4f493) andi    s1, s1, -1973
core   0: 3 0x80000806 (0x84b4f493) x 9 0x417bc000
core   0: 0x8000080a (0x0000da6d) c.beqz  a2, pc - 14
core   0: 3 0x8000080a (0xda6d)
core   0: 0x8000080c (0xfc39cbe3) blt     s3, gp, pc - 42
core   0: 3 0x8000080c (0xfc39cbe3)
core   0: 0x80000810 (0x0224a833) mulhsu  a6, s1, sp
core   0: 3 0x80000810 (0x0224a833) x16 0x10c01352
core   0: 0x80000814 (0x00100513) li      a0, 1
core   0: 3 0x80000814 (0x00100513) x10 0x00000001
core   0: 0x80000818 (0x00000001) c.nop
core   0: 3 0x80000818 (0x0001)
core   0: 0x8000081a (0x00008ce1) c.and   s1, s0
core   0: 3 0x8000081a (0x8ce1) x 9 0x00000000
core   0: 0x8000081c (0x400e05b3) sub     a1, t3, zero
core   0: 3 0x8000081c (0x400e05b3) x11 0x00000000
core   0: 0x80000820 (0x02c13ab3) mulhu   s5, sp, a2
core   0: 3 0x80000820 (0x02c13ab3) x21 0x417bbfff
core   0: 0x80000824 (0x00a748b3) xor     a7, a4, a0
core   0: 3 0x80000824 (0x00a748b3) x17 0x00000001
core   0: 0x80000828 (0x00008fdd) c.or    a5, a5
core   0: 3 0x80000828 (0x8fdd) x15 0x00000000
core   0: 0x8000082a (0x0ff0000f) fence   iorw,iorw
core   0: 3 0x8000082a (0x0ff0000f)
core   0: 0x8000082e (0x00600b93) li      s7, 6
core   0: 3 0x8000082e (0x00600b93) x23 0x00000006
core   0: 0x80000832 (0x19e77613) andi    a2, a4, 414
core   0: 3 0x80000832 (0x19e77613) x12 0x00000000
core   0: 0x80000836 (0x00000001) c.nop
core   0: 3 0x80000836 (0x0001)
core   0: 0x80000838 (0x00009a7d) c.andi  a2, -1
core   0: 3 0x80000838 (0x9a7d) x12 0x00000000
core   0: 0x8000083a (0x00008f1d) c.sub   a4, a5
core   0: 3 0x8000083a (0x8f1d) x14 0x00000000
core   0: 0x8000083c (0x03b3cc33) div     s8, t2, s11
core   0: 3 0x8000083c (0x03b3cc33) x24 0x00000000
core   0: 0x80000840 (0x01eabd33) sltu    s10, s5, t5
core   0: 3 0x80000840 (0x01eabd33) x26 0x00000000
core   0: 0x80000844 (0x00009ca2) c.add   s9, s0
core   0: 3 0x80000844 (0x9ca2) x25 0x00000000
core   0: 0x80000846 (0x0198a9b3) slt     s3, a7, s9
core   0: 3 0x80000846 (0x0198a9b3) x19 0x00000000
core   0: 0x8000084a (0x98fc2993) slti    s3, s8, -1649
core   0: 3 0x8000084a (0x98fc2993) x19 0x00000000
core   0: 0x8000084e (0x00c43d33) sltu    s10, s0, a2
core   0: 3 0x8000084e (0x00c43d33) x26 0x00000000
core   0: 0x80000852 (0x00000511) c.addi  a0, 4
core   0: 3 0x80000852 (0x0511) x10 0x00000005
core   0: 0x80000854 (0x152d3013) sltiu   zero, s10, 338
core   0: 3 0x80000854 (0x152d3013)
core   0: 0x80000858 (0x4c5ca997) auipc   s3, 0x4c5ca
core   0: 3 0x80000858 (0x4c5ca997) x19 0xcc5ca858
core   0: 0x8000085c (0xff7560e3) bltu    a0, s7, pc - 32
core   0: 3 0x8000085c (0xff7560e3)
core   0: 0x8000083c (0x03b3cc33) div     s8, t2, s11
core   0: 3 0x8000083c (0x03b3cc33) x24 0x00000000
core   0: 0x80000840 (0x01eabd33) sltu    s10, s5, t5
core   0: 3 0x80000840 (0x01eabd33) x26 0x00000000
core   0: 0x80000844 (0x00009ca2) c.add   s9, s0
core   0: 3 0x80000844 (0x9ca2) x25 0x00000000
core   0: 0x80000846 (0x0198a9b3) slt     s3, a7, s9
core   0: 3 0x80000846 (0x0198a9b3) x19 0x00000000
core   0: 0x8000084a (0x98fc2993) slti    s3, s8, -1649
core   0: 3 0x8000084a (0x98fc2993) x19 0x00000000
core   0: 0x8000084e (0x00c43d33) sltu    s10, s0, a2
core   0: 3 0x8000084e (0x00c43d33) x26 0x00000000
core   0: 0x80000852 (0x00000511) c.addi  a0, 4
core   0: 3 0x80000852 (0x0511) x10 0x00000009
core   0: 0x80000854 (0x152d3013) sltiu   zero, s10, 338
core   0: 3 0x80000854 (0x152d3013)
core   0: 0x80000858 (0x4c5ca997) auipc   s3, 0x4c5ca
core   0: 3 0x80000858 (0x4c5ca997) x19 0xcc5ca858
core   0: 0x8000085c (0xff7560e3) bltu    a0, s7, pc - 32
core   0: 3 0x8000085c (0xff7560e3)
core   0: 0x80000860 (0x00008dfd) c.and   a1, a5
core   0: 3 0x80000860 (0x8dfd) x11 0x00000000
core   0: 0x80000862 (0xff600213) li      tp, -10
core   0: 3 0x80000862 (0xff600213) x 4 0xfffffff6
core   0: 0x80000866 (0xff800b13) li      s6, -8
core   0: 3 0x80000866 (0xff800b13) x22 0xfffffff8
core   0: 0x8000086a (0x00000290) c.addi4spn a2, sp, 320
core   0: 3 0x8000086a (0x0290) x12 0x417bc140
core   0: 0x8000086c (0x4ee32f13) slti    t5, t1, 1262
core   0: 3 0x8000086c (0x4ee32f13) x30 0x00000001
core   0: 0x80000870 (0x00000990) c.addi4spn a2, sp, 208
core   0: 3 0x80000870 (0x0990) x12 0x417bc0d0
core   0: 0x80000872 (0x00000c04) c.addi4spn s1, sp, 528
core   0: 3 0x80000872 (0x0c04) x 9 0x417bc210
core   0: 0x80000874 (0x000095f6) c.add   a1, t4
core   0: 3 0x80000874 (0x95f6) x11 0x007fffff
core   0: 0x80000876 (0x4155d513) srai    a0, a1, 21
core   0: 3 0x80000876 (0x4155d513) x10 0x00000003
core   0: 0x8000087a (0x03a001b3) mul     gp, zero, s10
core   0: 3 0x8000087a (0x03a001b3) x 3 0x00000000
core   0: 0x8000087e (0x00008cc1) c.or    s1, s0
core   0: 3 0x8000087e (0x8cc1) x 9 0x417bc210
core   0: 0x80000880 (0x0000021d) c.addi  tp, 7
core   0: 3 0x80000880 (0x021d) x 4 0xfffffffd
core   0: 0x80000882 (0x00500c93) li      s9, 5
core   0: 3 0x80000882 (0x00500c93) x25 0x00000005
core   0: 0x80000886 (0x0112d613) srli    a2, t0, 17
core   0: 3 0x80000886 (0x0112d613) x12 0x00000000
core   0: 0x8000088a (0x00500293) li      t0, 5
core   0: 3 0x8000088a (0x00500293) x 5 0x00000005
core   0: 0x8000088e (0x000017fd) c.addi  a5, -1
core   0: 3 0x8000088e (0x17fd) x15 0xffffffff
core   0: 0x80000890 (0x00a12eb3) slt     t4, sp, a0
core   0: 3 0x80000890 (0x00a12eb3) x29 0x00000000
core   0: 0x80000894 (0x2fedbc13) sltiu   s8, s11, 766
core   0: 3 0x80000894 (0x2fedbc13) x24 0x00000000
core   0: 0x80000898 (0x00001cf9) c.addi  s9, -2
core   0: 3 0x80000898 (0x1cf9) x25 0x00000003
core   0: 0x8000089a (0xe3cc6c13) ori     s8, s8, -452
core   0: 3 0x8000089a (0xe3cc6c13) x24 0xfffffe3c
core   0: 0x8000089e (0xfe5cf8e3) bgeu    s9, t0, pc - 16
core   0: 3 0x8000089e (0xfe5cf8e3)
core   0: 0x800008a2 (0xfd6249e3) blt     tp, s6, pc - 46
core   0: 3 0x800008a2 (0xfd6249e3)
core   0: 0x800008a6 (0x0000100f) fence.i
core   0: 3 0x800008a6 (0x0000100f)
core   0: 0x800008aa (0xffc00793) li      a5, -4
core   0: 3 0x800008aa (0xffc00793) x15 0xfffffffc
core   0: 0x800008ae (0x03340533) mul     a0, s0, s3
core   0: 3 0x800008ae (0x03340533) x10 0x00000000
core   0: 0x800008b2 (0x00a00a13) li      s4, 10
core   0: 3 0x800008b2 (0x00a00a13) x20 0x0000000a
core   0: 0x800008b6 (0x04743013) sltiu   zero, s0, 71
core   0: 3 0x800008b6 (0x04743013)
core   0: 0x800008ba (0x0ff0000f) fence   iorw,iorw
core   0: 3 0x800008ba (0x0ff0000f)
core   0: 0x800008be (0x0000079d) c.addi  a5, 7
core   0: 3 0x800008be (0x079d) x15 0x00000003
core   0: 0x800008c0 (0x00dc5bb3) srl     s7, s8, a3
core   0: 3 0x800008c0 (0x00dc5bb3) x23 0x0000ffff
core   0: 0x800008c4 (0xff4799e3) bne     a5, s4, pc - 14
core   0: 3 0x800008c4 (0xff4799e3)
core   0: 0x800008b6 (0x04743013) sltiu   zero, s0, 71
core   0: 3 0x800008b6 (0x04743013)
core   0: 0x800008ba (0x0ff0000f) fence   iorw,iorw
core   0: 3 0x800008ba (0x0ff0000f)
core   0: 0x800008be (0x0000079d) c.addi  a5, 7
core   0: 3 0x800008be (0x079d) x15 0x0000000a
core   0: 0x800008c0 (0x00dc5bb3) srl     s7, s8, a3
core   0: 3 0x800008c0 (0x00dc5bb3) x23 0x0000ffff
core   0: 0x800008c4 (0xff4799e3) bne     a5, s4, pc - 14
core   0: 3 0x800008c4 (0xff4799e3)
core   0: 0x800008c8 (0x0000972e) c.add   a4, a1
core   0: 3 0x800008c8 (0x972e) x14 0x007fffff
core   0: 0x800008ca (0xffc00613) li      a2, -4
core   0: 3 0x800008ca (0xffc00613) x12 0xfffffffc
core   0: 0x800008ce (0x03d20833) mul     a6, tp, t4
core   0: 3 0x800008ce (0x03d20833) x16 0x00000000
core   0: 0x800008d2 (0x00009afd) c.andi  a3, -1
core   0: 3 0x800008d2 (0x9afd) x13 0x00000270
core   0: 0x800008d4 (0x00006125) c.addi16sp sp, 96
core   0: 3 0x800008d4 (0x6125) x 2 0x417bc060
core   0: 0x800008d6 (0x01f01713) slli    a4, zero, 31
core   0: 3 0x800008d6 (0x01f01713) x14 0x00000000
core   0: 0x800008da (0x00000001) c.nop
core   0: 3 0x800008da (0x0001)
core   0: 0x800008dc (0x0ff0000f) fence   iorw,iorw
core   0: 3 0x800008dc (0x0ff0000f)
core   0: 0x800008e0 (0x0ff0000f) fence   iorw,iorw
core   0: 3 0x800008e0 (0x0ff0000f)
core   0: 0x800008e4 (0x01f73e33) sltu    t3, a4, t6
core   0: 3 0x800008e4 (0x01f73e33) x28 0x00000001
core   0: 0x800008e8 (0x03b6ed33) rem     s10, a3, s11
core   0: 3 0x800008e8 (0x03b6ed33) x26 0x00000270
core   0: 0x800008ec (0x50eac293) xori    t0, s5, 1294
core   0: 3 0x800008ec (0x50eac293) x 5 0x417bbaf1
core   0: 0x800008f0 (0x00006105) c.addi16sp sp, 32
core   0: 3 0x800008f0 (0x6105) x 2 0x417bc080
core   0: 0x800008f2 (0x00008349) c.srli  a4, 18
core   0: 3 0x800008f2 (0x8349) x14 0x00000000
core   0: 0x800008f4 (0x0278aab3) mulhsu  s5, a7, t2
core   0: 3 0x800008f4 (0x0278aab3) x21 0x00000000
core   0: 0x800008f8 (0x00000609) c.addi  a2, 2
core   0: 3 0x800008f8 (0x0609) x12 0xfffffffe
core   0: 0x800008fa (0x0000d66d) c.beqz  a2, pc - 22
core   0: 3 0x800008fa (0xd66d)
core   0: 0x800008fc (0x001e2fb3) slt     t6, t3, ra
core   0: 3 0x800008fc (0x001e2fb3) x31 0x00000001
core   0: 0x80000900 (0x00400893) li      a7, 4
core   0: 3 0x80000900 (0x00400893) x17 0x00000004
core   0: 0x80000904 (0xff000993) li      s3, -16
core   0: 3 0x80000904 (0xff000993) x19 0xfffffff0
core   0: 0x80000908 (0x0000117d) c.addi  sp, -1
core   0: 3 0x80000908 (0x117d) x 2 0x417bc07f
core   0: 0x8000090a (0x000018f1) c.addi  a7, -4
core   0: 3 0x8000090a (0x18f1) x17 0x00000000
core   0: 0x8000090c (0xff38dee3) bge     a7, s3, pc - 4
core   0: 3 0x8000090c (0xff38dee3)
core   0: 0x80000908 (0x0000117d) c.addi  sp, -1
core   0: 3 0x80000908 (0x117d) x 2 0x417bc07e
core   0: 0x8000090a (0x000018f1) c.addi  a7, -4
core   0: 3 0x8000090a (0x18f1) x17 0xfffffffc
core   0: 0x8000090c (0xff38dee3) bge     a7, s3, pc - 4
core   0: 3 0x8000090c (0xff38dee3)
core   0: 0x80000908 (0x0000117d) c.addi  sp, -1
core   0: 3 0x80000908 (0x117d) x 2 0x417bc07d
core   0: 0x8000090a (0x000018f1) c.addi  a7, -4
core   0: 3 0x8000090a (0x18f1) x17 0xfffffff8
core   0: 0x8000090c (0xff38dee3) bge     a7, s3, pc - 4
core   0: 3 0x8000090c (0xff38dee3)
core   0: 0x80000908 (0x0000117d) c.addi  sp, -1
core   0: 3 0x80000908 (0x117d) x 2 0x417bc07c
core   0: 0x8000090a (0x000018f1) c.addi  a7, -4
core   0: 3 0x8000090a (0x18f1) x17 0xfffffff4
core   0: 0x8000090c (0xff38dee3) bge     a7, s3, pc - 4
core   0: 3 0x8000090c (0xff38dee3)
core   0: 0x80000908 (0x0000117d) c.addi  sp, -1
core   0: 3 0x80000908 (0x117d) x 2 0x417bc07b
core   0: 0x8000090a (0x000018f1) c.addi  a7, -4
core   0: 3 0x8000090a (0x18f1) x17 0xfffffff0
core   0: 0x8000090c (0xff38dee3) bge     a7, s3, pc - 4
core   0: 3 0x8000090c (0xff38dee3)
core   0: 0x80000908 (0x0000117d) c.addi  sp, -1
core   0: 3 0x80000908 (0x117d) x 2 0x417bc07a
core   0: 0x8000090a (0x000018f1) c.addi  a7, -4
core   0: 3 0x8000090a (0x18f1) x17 0xffffffec
core   0: 0x8000090c (0xff38dee3) bge     a7, s3, pc - 4
core   0: 3 0x8000090c (0xff38dee3)
core   0: 0x80000910 (0x00000001) c.nop
core   0: 3 0x80000910 (0x0001)
core   0: 0x80000912 (0xffc00193) li      gp, -4
core   0: 3 0x80000912 (0xffc00193) x 3 0xfffffffc
core   0: 0x80000916 (0x014697b3) sll     a5, a3, s4
core   0: 3 0x80000916 (0x014697b3) x15 0x0009c000
core   0: 0x8000091a (0x2aaf92b7) lui     t0, 0x2aaf9
core   0: 3 0x8000091a (0x2aaf92b7) x 5 0x2aaf9000
core   0: 0x8000091e (0xda2a2993) slti    s3, s4, -606
core   0: 3 0x8000091e (0xda2a2993) x19 0x00000000
core   0: 0x80000922 (0x00001510) c.addi4spn a2, sp, 672
core   0: 3 0x80000922 (0x1510) x12 0x417bc31a
core   0: 0x80000924 (0x00008fcd) c.or    a5, a1
core   0: 3 0x80000924 (0x8fcd) x15 0x007fffff
core   0: 0x80000926 (0x000093e2) c.add   t2, s8
core   0: 3 0x80000926 (0x93e2) x 7 0xfffffe3c
core   0: 0x80000928 (0x021229b3) mulhsu  s3, tp, ra
core   0: 3 0x80000928 (0x021229b3) x19 0xffffffff
core   0: 0x8000092c (0x00c00c93) li      s9, 12
core   0: 3 0x8000092c (0x00c00c93) x25 0x0000000c
core   0: 0x80000930 (0x40b58c33) sub     s8, a1, a1
core   0: 3 0x80000930 (0x40b58c33) x24 0x00000000
core   0: 0x80000934 (0x00000c52) c.slli  s8, 20
core   0: 3 0x80000934 (0x0c52) x24 0x00000000
core   0: 0x80000936 (0x0000717d) c.addi16sp sp, -16
core   0: 3 0x80000936 (0x717d) x 2 0x417bc06a
core   0: 0x80000938 (0xc74ecb93) xori    s7, t4, -908
core   0: 3 0x80000938 (0xc74ecb93) x23 0xfffffc74
core   0: 0x8000093c (0x00000185) c.addi  gp, 1
core   0: 3 0x8000093c (0x0185) x 3 0xfffffffd
core   0: 0x8000093e (0xff91cde3) blt     gp, s9, pc - 6
core   0: 3 0x8000093e (0xff91cde3)
core   0: 0x80000938 (0xc74ecb93) xori    s7, t4, -908
core   0: 3 0x80000938 (0xc74ecb93) x23 0xfffffc74
core   0: 0x8000093c (0x00000185) c.addi  gp, 1
core   0: 3 0x8000093c (0x0185) x 3 0xfffffffe
core   0: 0x8000093e (0xff91cde3) blt     gp, s9, pc - 6
core   0: 3 0x8000093e (0xff91cde3)
core   0: 0x80000938 (0xc74ecb93) xori    s7, t4, -908
core   0: 3 0x80000938 (0xc74ecb93) x23 0xfffffc74
core   0: 0x8000093c (0x00000185) c.addi  gp, 1
core   0: 3 0x8000093c (0x0185) x 3 0xffffffff
core   0: 0x8000093e (0xff91cde3) blt     gp, s9, pc - 6
core   0: 3 0x8000093e (0xff91cde3)
core   0: 0x80000938 (0xc74ecb93) xori    s7, t4, -908
core   0: 3 0x80000938 (0xc74ecb93) x23 0xfffffc74
core   0: 0x8000093c (0x00000185) c.addi  gp, 1
core   0: 3 0x8000093c (0x0185) x 3 0x00000000
core   0: 0x8000093e (0xff91cde3) blt     gp, s9, pc - 6
core   0: 3 0x8000093e (0xff91cde3)
core   0: 0x80000938 (0xc74ecb93) xori    s7, t4, -908
core   0: 3 0x80000938 (0xc74ecb93) x23 0xfffffc74
core   0: 0x8000093c (0x00000185) c.addi  gp, 1
core   0: 3 0x8000093c (0x0185) x 3 0x00000001
core   0: 0x8000093e (0xff91cde3) blt     gp, s9, pc - 6
core   0: 3 0x8000093e (0xff91cde3)
core   0: 0x80000938 (0xc74ecb93) xori    s7, t4, -908
core   0: 3 0x80000938 (0xc74ecb93) x23 0xfffffc74
core   0: 0x8000093c (0x00000185) c.addi  gp, 1
core   0: 3 0x8000093c (0x0185) x 3 0x00000002
core   0: 0x8000093e (0xff91cde3) blt     gp, s9, pc - 6
core   0: 3 0x8000093e (0xff91cde3)
core   0: 0x80000938 (0xc74ecb93) xori    s7, t4, -908
core   0: 3 0x80000938 (0xc74ecb93) x23 0xfffffc74
core   0: 0x8000093c (0x00000185) c.addi  gp, 1
core   0: 3 0x8000093c (0x0185) x 3 0x00000003
core   0: 0x8000093e (0xff91cde3) blt     gp, s9, pc - 6
core   0: 3 0x8000093e (0xff91cde3)
core   0: 0x80000938 (0xc74ecb93) xori    s7, t4, -908
core   0: 3 0x80000938 (0xc74ecb93) x23 0xfffffc74
core   0: 0x8000093c (0x00000185) c.addi  gp, 1
core   0: 3 0x8000093c (0x0185) x 3 0x00000004
core   0: 0x8000093e (0xff91cde3) blt     gp, s9, pc - 6
core   0: 3 0x8000093e (0xff91cde3)
core   0: 0x80000938 (0xc74ecb93) xori    s7, t4, -908
core   0: 3 0x80000938 (0xc74ecb93) x23 0xfffffc74
core   0: 0x8000093c (0x00000185) c.addi  gp, 1
core   0: 3 0x8000093c (0x0185) x 3 0x00000005
core   0: 0x8000093e (0xff91cde3) blt     gp, s9, pc - 6
core   0: 3 0x8000093e (0xff91cde3)
core   0: 0x80000938 (0xc74ecb93) xori    s7, t4, -908
core   0: 3 0x80000938 (0xc74ecb93) x23 0xfffffc74
core   0: 0x8000093c (0x00000185) c.addi  gp, 1
core   0: 3 0x8000093c (0x0185) x 3 0x00000006
core   0: 0x8000093e (0xff91cde3) blt     gp, s9, pc - 6
core   0: 3 0x8000093e (0xff91cde3)
core   0: 0x80000938 (0xc74ecb93) xori    s7, t4, -908
core   0: 3 0x80000938 (0xc74ecb93) x23 0xfffffc74
core   0: 0x8000093c (0x00000185) c.addi  gp, 1
core   0: 3 0x8000093c (0x0185) x 3 0x00000007
core   0: 0x8000093e (0xff91cde3) blt     gp, s9, pc - 6
core   0: 3 0x8000093e (0xff91cde3)
core   0: 0x80000938 (0xc74ecb93) xori    s7, t4, -908
core   0: 3 0x80000938 (0xc74ecb93) x23 0xfffffc74
core   0: 0x8000093c (0x00000185) c.addi  gp, 1
core   0: 3 0x8000093c (0x0185) x 3 0x00000008
core   0: 0x8000093e (0xff91cde3) blt     gp, s9, pc - 6
core   0: 3 0x8000093e (0xff91cde3)
core   0: 0x80000938 (0xc74ecb93) xori    s7, t4, -908
core   0: 3 0x80000938 (0xc74ecb93) x23 0xfffffc74
core   0: 0x8000093c (0x00000185) c.addi  gp, 1
core   0: 3 0x8000093c (0x0185) x 3 0x00000009
core   0: 0x8000093e (0xff91cde3) blt     gp, s9, pc - 6
core   0: 3 0x8000093e (0xff91cde3)
core   0: 0x80000938 (0xc74ecb93) xori    s7, t4, -908
core   0: 3 0x80000938 (0xc74ecb93) x23 0xfffffc74
core   0: 0x8000093c (0x00000185) c.addi  gp, 1
core   0: 3 0x8000093c (0x0185) x 3 0x0000000a
core   0: 0x8000093e (0xff91cde3) blt     gp, s9, pc - 6
core   0: 3 0x8000093e (0xff91cde3)
core   0: 0x80000938 (0xc74ecb93) xori    s7, t4, -908
core   0: 3 0x80000938 (0xc74ecb93) x23 0xfffffc74
core   0: 0x8000093c (0x00000185) c.addi  gp, 1
core   0: 3 0x8000093c (0x0185) x 3 0x0000000b
core   0: 0x8000093e (0xff91cde3) blt     gp, s9, pc - 6
core   0: 3 0x8000093e (0xff91cde3)
core   0: 0x80000938 (0xc74ecb93) xori    s7, t4, -908
core   0: 3 0x80000938 (0xc74ecb93) x23 0xfffffc74
core   0: 0x8000093c (0x00000185) c.addi  gp, 1
core   0: 3 0x8000093c (0x0185) x 3 0x0000000c
core   0: 0x8000093e (0xff91cde3) blt     gp, s9, pc - 6
core   0: 3 0x8000093e (0xff91cde3)
core   0: 0x80000942 (0x01edf4b3) and     s1, s11, t5
core   0: 3 0x80000942 (0x01edf4b3) x 9 0x00000000
core   0: 0x80000946 (0xffd00513) li      a0, -3
core   0: 3 0x80000946 (0xffd00513) x10 0xfffffffd
core   0: 0x8000094a (0x02d180b3) mul     ra, gp, a3
core   0: 3 0x8000094a (0x02d180b3) x 1 0x00001d40
core   0: 0x8000094e (0x02fb1133) mulh    sp, s6, a5
core   0: 3 0x8000094e (0x02fb1133) x 2 0xffffffff
core   0: 0x80000952 (0x00008cad) c.xor   s1, a1
core   0: 3 0x80000952 (0x8cad) x 9 0x007fffff
core   0: 0x80000954 (0x03d05e33) divu    t3, zero, t4
core   0: 3 0x80000954 (0x03d05e33) x28 0xffffffff
core   0: 0x80000958 (0x018ffab3) and     s5, t6, s8
core   0: 3 0x80000958 (0x018ffab3) x21 0x00000000
core   0: 0x8000095c (0x0201c2b3) div     t0, gp, zero
core   0: 3 0x8000095c (0x0201c2b3) x 5 0xffffffff
core   0: 0x80000960 (0x015ad213) srli    tp, s5, 21
core   0: 3 0x80000960 (0x015ad213) x 4 0x00000000
core   0: 0x80000964 (0x000084ba) c.mv    s1, a4
core   0: 3 0x80000964 (0x84ba) x 9 0x00000000
core   0: 0x80000966 (0x03bacfb3) div     t6, s5, s11
core   0: 3 0x80000966 (0x03bacfb3) x31 0x00000000
core   0: 0x8000096a (0x00db2733) slt     a4, s6, a3
core   0: 3 0x8000096a (0x00db2733) x14 0x00000001
core   0: 0x8000096e (0xfed00d13) li      s10, -19
core   0: 3 0x8000096e (0xfed00d13) x26 0xffffffed
core   0: 0x80000972 (0x02b08033) mul     zero, ra, a1
core   0: 3 0x80000972 (0x02b08033)
core   0: 0x80000976 (0x00008e01) c.sub   a2, s0
core   0: 3 0x80000976 (0x8e01) x12 0x417bc31a
core   0: 0x80000978 (0x027c1733) mulh    a4, s8, t2
core   0: 3 0x80000978 (0x027c1733) x14 0x00000000
core   0: 0x8000097c (0x00000001) c.nop
core   0: 3 0x8000097c (0x0001)
core   0: 0x8000097e (0x037d93b3) mulh    t2, s11, s7
core   0: 3 0x8000097e (0x037d93b3) x 7 0x000001c5
core   0: 0x80000982 (0x00008ee5) c.and   a3, s1
core   0: 3 0x80000982 (0x8ee5) x13 0x00000000
core   0: 0x80000984 (0xe84e4e97) auipc   t4, 0xe84e4
core   0: 3 0x80000984 (0xe84e4e97) x29 0x684e4984
core   0: 0x80000988 (0xf8987113) andi    sp, a6, -119
core   0: 3 0x80000988 (0xf8987113) x 2 0x00000000
core   0: 0x8000098c (0x00001571) c.addi  a0, -4
core   0: 3 0x8000098c (0x1571) x10 0xfffffff9
core   0: 0x8000098e (0x33794193) xori    gp, s2, 823
core   0: 3 0x8000098e (0x33794193) x 3 0x80026fd3
core   0: 0x80000992 (0x00173b33) sltu    s6, a4, ra
core   0: 3 0x80000992 (0x00173b33) x22 0x00000001
core   0: 0x80000996 (0x0349e4b3) rem     s1, s3, s4
core   0: 3 0x80000996 (0x0349e4b3) x 9 0xffffffff
core   0: 0x8000099a (0xfda50fe3) beq     a0, s10, pc - 34
core   0: 3 0x8000099a (0xfda50fe3)
core   0: 0x8000099e (0x00008f12) c.mv    t5, tp
core   0: 3 0x8000099e (0x8f12) x30 0x00000000
core   0: 0x800009a0 (0xff700793) li      a5, -9
core   0: 3 0x800009a0 (0xff700793) x15 0xfffffff7
core   0: 0x800009a4 (0x00800293) li      t0, 8
core   0: 3 0x800009a4 (0x00800293) x 5 0x00000008
core   0: 0x800009a8 (0x00006b45) c.lui   s6, 0x11
core   0: 3 0x800009a8 (0x6b45) x22 0x00011000
core   0: 0x800009aa (0x000007a9) c.addi  a5, 10
core   0: 3 0x800009aa (0x07a9) x15 0x00000001
core   0: 0x800009ac (0x00a00593) li      a1, 10
core   0: 3 0x800009ac (0x00a00593) x11 0x0000000a
core   0: 0x800009b0 (0x00000001) c.nop
core   0: 3 0x800009b0 (0x0001)
core   0: 0x800009b2 (0xc2b2a113) slti    sp, t0, -981
core   0: 3 0x800009b2 (0xc2b2a113) x 2 0x00000000
core   0: 0x800009b6 (0x000015f9) c.addi  a1, -2
core   0: 3 0x800009b6 (0x15f9) x11 0x00000008
core   0: 0x800009b8 (0x0000fded) c.bnez  a1, pc - 6
core   0: 3 0x800009b8 (0xfded)
core   0: 0x800009b2 (0xc2b2a113) slti    sp, t0, -981
core   0: 3 0x800009b2 (0xc2b2a113) x 2 0x00000000
core   0: 0x800009b6 (0x000015f9) c.addi  a1, -2
core   0: 3 0x800009b6 (0x15f9) x11 0x00000006
core   0: 0x800009b8 (0x0000fded) c.bnez  a1, pc - 6
core   0: 3 0x800009b8 (0xfded)
core   0: 0x800009b2 (0xc2b2a113) slti    sp, t0, -981
core   0: 3 0x800009b2 (0xc2b2a113) x 2 0x00000000
core   0: 0x800009b6 (0x000015f9) c.addi  a1, -2
core   0: 3 0x800009b6 (0x15f9) x11 0x00000004
core   0: 0x800009b8 (0x0000fded) c.bnez  a1, pc - 6
core   0: 3 0x800009b8 (0xfded)
core   0: 0x800009b2 (0xc2b2a113) slti    sp, t0, -981
core   0: 3 0x800009b2 (0xc2b2a113) x 2 0x00000000
core   0: 0x800009b6 (0x000015f9) c.addi  a1, -2
core   0: 3 0x800009b6 (0x15f9) x11 0x00000002
core   0: 0x800009b8 (0x0000fded) c.bnez  a1, pc - 6
core   0: 3 0x800009b8 (0xfded)
core   0: 0x800009b2 (0xc2b2a113) slti    sp, t0, -981
core   0: 3 0x800009b2 (0xc2b2a113) x 2 0x00000000
core   0: 0x800009b6 (0x000015f9) c.addi  a1, -2
core   0: 3 0x800009b6 (0x15f9) x11 0x00000000
core   0: 0x800009b8 (0x0000fded) c.bnez  a1, pc - 6
core   0: 3 0x800009b8 (0xfded)
core   0: 0x800009ba (0xfe57e7e3) bltu    a5, t0, pc - 18
core   0: 3 0x800009ba (0xfe57e7e3)
core   0: 0x800009a8 (0x00006b45) c.lui   s6, 0x11
core   0: 3 0x800009a8 (0x6b45) x22 0x00011000
core   0: 0x800009aa (0x000007a9) c.addi  a5, 10
core   0: 3 0x800009aa (0x07a9) x15 0x0000000b
core   0: 0x800009ac (0x00a00593) li      a1, 10
core   0: 3 0x800009ac (0x00a00593) x11 0x0000000a
core   0: 0x800009b0 (0x00000001) c.nop
core   0: 3 0x800009b0 (0x0001)
core   0: 0x800009b2 (0xc2b2a113) slti    sp, t0, -981
core   0: 3 0x800009b2 (0xc2b2a113) x 2 0x00000000
core   0: 0x800009b6 (0x000015f9) c.addi  a1, -2
core   0: 3 0x800009b6 (0x15f9) x11 0x00000008
core   0: 0x800009b8 (0x0000fded) c.bnez  a1, pc - 6
core   0: 3 0x800009b8 (0xfded)
core   0: 0x800009b2 (0xc2b2a113) slti    sp, t0, -981
core   0: 3 0x800009b2 (0xc2b2a113) x 2 0x00000000
core   0: 0x800009b6 (0x000015f9) c.addi  a1, -2
core   0: 3 0x800009b6 (0x15f9) x11 0x00000006
core   0: 0x800009b8 (0x0000fded) c.bnez  a1, pc - 6
core   0: 3 0x800009b8 (0xfded)
core   0: 0x800009b2 (0xc2b2a113) slti    sp, t0, -981
core   0: 3 0x800009b2 (0xc2b2a113) x 2 0x00000000
core   0: 0x800009b6 (0x000015f9) c.addi  a1, -2
core   0: 3 0x800009b6 (0x15f9) x11 0x00000004
core   0: 0x800009b8 (0x0000fded) c.bnez  a1, pc - 6
core   0: 3 0x800009b8 (0xfded)
core   0: 0x800009b2 (0xc2b2a113) slti    sp, t0, -981
core   0: 3 0x800009b2 (0xc2b2a113) x 2 0x00000000
core   0: 0x800009b6 (0x000015f9) c.addi  a1, -2
core   0: 3 0x800009b6 (0x15f9) x11 0x00000002
core   0: 0x800009b8 (0x0000fded) c.bnez  a1, pc - 6
core   0: 3 0x800009b8 (0xfded)
core   0: 0x800009b2 (0xc2b2a113) slti    sp, t0, -981
core   0: 3 0x800009b2 (0xc2b2a113) x 2 0x00000000
core   0: 0x800009b6 (0x000015f9) c.addi  a1, -2
core   0: 3 0x800009b6 (0x15f9) x11 0x00000000
core   0: 0x800009b8 (0x0000fded) c.bnez  a1, pc - 6
core   0: 3 0x800009b8 (0xfded)
core   0: 0x800009ba (0xfe57e7e3) bltu    a5, t0, pc - 18
core   0: 3 0x800009ba (0xfe57e7e3)
core   0: 0x800009be (0x00000b88) c.addi4spn a0, sp, 464
core   0: 3 0x800009be (0x0b88) x10 0x000001d0
core   0: 0x800009c0 (0x00400713) li      a4, 4
core   0: 3 0x800009c0 (0x00400713) x14 0x00000004
core   0: 0x800009c4 (0x01136233) or      tp, t1, a7
core   0: 3 0x800009c4 (0x01136233) x 4 0xffffffed
core   0: 0x800009c8 (0x00000001) c.nop
core   0: 3 0x800009c8 (0x0001)
core   0: 0x800009ca (0x00008e55) c.or    a2, a3
core   0: 3 0x800009ca (0x8e55) x12 0x417bc31a
core   0: 0x800009cc (0x00008e1d) c.sub   a2, a5
core   0: 3 0x800009cc (0x8e1d) x12 0x417bc30f
core   0: 0x800009ce (0xff900e93) li      t4, -7
core   0: 3 0x800009ce (0xff900e93) x29 0xfffffff9
core   0: 0x800009d2 (0x5f385337) lui     t1, 0x5f385
core   0: 3 0x800009d2 (0x5f385337) x 6 0x5f385000
core   0: 0x800009d6 (0x03c05333) divu    t1, zero, t3
core   0: 3 0x800009d6 (0x03c05333) x 6 0x00000000
core   0: 0x800009da (0x00000001) c.nop
core   0: 3 0x800009da (0x0001)
core   0: 0x800009dc (0x103282b7) lui     t0, 0x10328
core   0: 3 0x800009dc (0x103282b7) x 5 0x10328000
core   0: 0x800009e0 (0x00001769) c.addi  a4, -6
core   0: 3 0x800009e0 (0x1769) x14 0xfffffffe
core   0: 0x800009e2 (0x00900493) li      s1, 9
core   0: 3 0x800009e2 (0x00900493) x 9 0x00000009
core   0: 0x800009e6 (0x4130d2b3) sra     t0, ra, s3
core   0: 3 0x800009e6 (0x4130d2b3) x 5 0x00000000
core   0: 0x800009ea (0x02b755b3) divu    a1, a4, a1
core   0: 3 0x800009ea (0x02b755b3) x11 0xffffffff
core   0: 0x800009ee (0x00001c7d) c.addi  s8, -1
core   0: 3 0x800009ee (0x1c7d) x24 0xffffffff
core   0: 0x800009f0 (0x00000c2d) c.addi  s8, 11
core   0: 3 0x800009f0 (0x0c2d) x24 0x0000000a
core   0: 0x800009f2 (0x00900a13) li      s4, 9
core   0: 3 0x800009f2 (0x00900a13) x20 0x00000009
core   0: 0x800009f6 (0x00006171) c.addi16sp sp, 336
core   0: 3 0x800009f6 (0x6171) x 2 0x00000150
core   0: 0x800009f8 (0x4d8e2b93) slti    s7, t3, 1240
core   0: 3 0x800009f8 (0x4d8e2b93) x23 0x00000001
core   0: 0x800009fc (0x00459893) slli    a7, a1, 4
core   0: 3 0x800009fc (0x00459893) x17 0xfffffff0
core   0: 0x80000a00 (0x01a642b3) xor     t0, a2, s10
core   0: 3 0x80000a00 (0x01a642b3) x 5 0xbe843ce2
core   0: 0x80000a04 (0x00004645) c.li    a2, 17
core   0: 3 0x80000a04 (0x4645) x12 0x00000011
core   0: 0x80000a06 (0x03a03f33) mulhu   t5, zero, s10
core   0: 3 0x80000a06 (0x03a03f33) x30 0x00000000
core   0: 0x80000a0a (0x01ad4cb3) xor     s9, s10, s10
core   0: 3 0x80000a0a (0x01ad4cb3) x25 0x00000000
core   0: 0x80000a0e (0x03d05f33) divu    t5, zero, t4
core   0: 3 0x80000a0e (0x03d05f33) x30 0x00000000
core   0: 0x80000a12 (0x000082f1) c.srli  a3, 28
core   0: 3 0x80000a12 (0x82f1) x13 0x00000000
core   0: 0x80000a14 (0x000014e1) c.addi  s1, -8
core   0: 3 0x80000a14 (0x14e1) x 9 0x00000001
core   0: 0x80000a16 (0xff44fae3) bgeu    s1, s4, pc - 12
core   0: 3 0x80000a16 (0xff44fae3)
core   0: 0x80000a1a (0x00008f99) c.sub   a5, a4
core   0: 3 0x80000a1a (0x8f99) x15 0x0000000d
core   0: 0x80000a1c (0xfbd75de3) bge     a4, t4, pc - 70
core   0: 3 0x80000a1c (0xfbd75de3)
core   0: 0x800009d6 (0x03c05333) divu    t1, zero, t3
core   0: 3 0x800009d6 (0x03c05333) x 6 0x00000000
core   0: 0x800009da (0x00000001) c.nop
core   0: 3 0x800009da (0x0001)
core   0: 0x800009dc (0x103282b7) lui     t0, 0x10328
core   0: 3 0x800009dc (0x103282b7) x 5 0x10328000
core   0: 0x800009e0 (0x00001769) c.addi  a4, -6
core   0: 3 0x800009e0 (0x1769) x14 0xfffffff8
core   0: 0x800009e2 (0x00900493) li      s1, 9
core   0: 3 0x800009e2 (0x00900493) x 9 0x00000009
core   0: 0x800009e6 (0x4130d2b3) sra     t0, ra, s3
core   0: 3 0x800009e6 (0x4130d2b3) x 5 0x00000000
core   0: 0x800009ea (0x02b755b3) divu    a1, a4, a1
core   0: 3 0x800009ea (0x02b755b3) x11 0x00000000
core   0: 0x800009ee (0x00001c7d) c.addi  s8, -1
core   0: 3 0x800009ee (0x1c7d) x24 0x00000009
core   0: 0x800009f0 (0x00000c2d) c.addi  s8, 11
core   0: 3 0x800009f0 (0x0c2d) x24 0x00000014
core   0: 0x800009f2 (0x00900a13) li      s4, 9
core   0: 3 0x800009f2 (0x00900a13) x20 0x00000009
core   0: 0x800009f6 (0x00006171) c.addi16sp sp, 336
core   0: 3 0x800009f6 (0x6171) x 2 0x000002a0
core   0: 0x800009f8 (0x4d8e2b93) slti    s7, t3, 1240
core   0: 3 0x800009f8 (0x4d8e2b93) x23 0x00000001
core   0: 0x800009fc (0x00459893) slli    a7, a1, 4
core   0: 3 0x800009fc (0x00459893) x17 0x00000000
core   0: 0x80000a00 (0x01a642b3) xor     t0, a2, s10
core   0: 3 0x80000a00 (0x01a642b3) x 5 0xfffffffc
core   0: 0x80000a04 (0x00004645) c.li    a2, 17
core   0: 3 0x80000a04 (0x4645) x12 0x00000011
core   0: 0x80000a06 (0x03a03f33) mulhu   t5, zero, s10
core   0: 3 0x80000a06 (0x03a03f33) x30 0x00000000
core   0: 0x80000a0a (0x01ad4cb3) xor     s9, s10, s10
core   0: 3 0x80000a0a (0x01ad4cb3) x25 0x00000000
core   0: 0x80000a0e (0x03d05f33) divu    t5, zero, t4
core   0: 3 0x80000a0e (0x03d05f33) x30 0x00000000
core   0: 0x80000a12 (0x000082f1) c.srli  a3, 28
core   0: 3 0x80000a12 (0x82f1) x13 0x00000000
core   0: 0x80000a14 (0x000014e1) c.addi  s1, -8
core   0: 3 0x80000a14 (0x14e1) x 9 0x00000001
core   0: 0x80000a16 (0xff44fae3) bgeu    s1, s4, pc - 12
core   0: 3 0x80000a16 (0xff44fae3)
core   0: 0x80000a1a (0x00008f99) c.sub   a5, a4
core   0: 3 0x80000a1a (0x8f99) x15 0x00000015
core   0: 0x80000a1c (0xfbd75de3) bge     a4, t4, pc - 70
core   0: 3 0x80000a1c (0xfbd75de3)
core   0: 0x80000a20 (0x00000d15) c.addi  s10, 5
core   0: 3 0x80000a20 (0x0d15) x26 0xfffffff2
core   0: 0x80000a22 (0x00a00893) li      a7, 10
core   0: 3 0x80000a22 (0x00a00893) x17 0x0000000a
core   0: 0x80000a26 (0x00700693) li      a3, 7
core   0: 3 0x80000a26 (0x00700693) x13 0x00000007
core   0: 0x80000a2a (0x0ff0000f) fence   iorw,iorw
core   0: 3 0x80000a2a (0x0ff0000f)
core   0: 0x80000a2e (0x41835813) srai    a6, t1, 24
core   0: 3 0x80000a2e (0x41835813) x16 0x00000000
core   0: 0x80000a32 (0x000097a6) c.add   a5, s1
core   0: 3 0x80000a32 (0x97a6) x15 0x00000016
core   0: 0x80000a34 (0x0000100f) fence.i
core   0: 3 0x80000a34 (0x0000100f)
core   0: 0x80000a38 (0x000018fd) c.addi  a7, -1
core   0: 3 0x80000a38 (0x18fd) x17 0x00000009
core   0: 0x80000a3a (0x00008f71) c.and   a4, a2
core   0: 3 0x80000a3a (0x8f71) x14 0x00000010
core   0: 0x80000a3c (0xfed89be3) bne     a7, a3, pc - 10
core   0: 3 0x80000a3c (0xfed89be3)
core   0: 0x80000a32 (0x000097a6) c.add   a5, s1
core   0: 3 0x80000a32 (0x97a6) x15 0x00000017
core   0: 0x80000a34 (0x0000100f) fence.i
core   0: 3 0x80000a34 (0x0000100f)
core   0: 0x80000a38 (0x000018fd) c.addi  a7, -1
core   0: 3 0x80000a38 (0x18fd) x17 0x00000008
core   0: 0x80000a3a (0x00008f71) c.and   a4, a2
core   0: 3 0x80000a3a (0x8f71) x14 0x00000010
core   0: 0x80000a3c (0xfed89be3) bne     a7, a3, pc - 10
core   0: 3 0x80000a3c (0xfed89be3)
core   0: 0x80000a32 (0x000097a6) c.add   a5, s1
core   0: 3 0x80000a32 (0x97a6) x15 0x00000018
core   0: 0x80000a34 (0x0000100f) fence.i
core   0: 3 0x80000a34 (0x0000100f)
core   0: 0x80000a38 (0x000018fd) c.addi  a7, -1
core   0: 3 0x80000a38 (0x18fd) x17 0x00000007
core   0: 0x80000a3a (0x00008f71) c.and   a4, a2
core   0: 3 0x80000a3a (0x8f71) x14 0x00000010
core   0: 0x80000a3c (0xfed89be3) bne     a7, a3, pc - 10
core   0: 3 0x80000a3c (0xfed89be3)
core   0: 0x80000a40 (0x032f9233) mulh    tp, t6, s2
core   0: 3 0x80000a40 (0x032f9233) x 4 0x00000000
core   0: 0x80000a44 (0x00900713) li      a4, 9
core   0: 3 0x80000a44 (0x00900713) x14 0x00000009
core   0: 0x80000a48 (0x00000001) c.nop
core   0: 3 0x80000a48 (0x0001)
core   0: 0x80000a4a (0x80b9ba13) sltiu   s4, s3, -2037
core   0: 3 0x80000a4a (0x80b9ba13) x20 0x00000000
core   0: 0x80000a4e (0x458c8c13) addi    s8, s9, 1112
core   0: 3 0x80000a4e (0x458c8c13) x24 0x00000458
core   0: 0x80000a52 (0x00001775) c.addi  a4, -3
core   0: 3 0x80000a52 (0x1775) x14 0x00000006
core   0: 0x80000a54 (0x03212333) mulhsu  t1, sp, s2
core   0: 3 0x80000a54 (0x03212333) x 6 0x00000150
core   0: 0x80000a58 (0x00500493) li      s1, 5
core   0: 3 0x80000a58 (0x00500493) x 9 0x00000005
core   0: 0x80000a5c (0xff900e13) li      t3, -7
core   0: 3 0x80000a5c (0xff900e13) x28 0xfffffff9
core   0: 0x80000a60 (0x00008d89) c.sub   a1, a0
core   0: 3 0x80000a60 (0x8d89) x11 0xfffffe30
core   0: 0x80000a62 (0x000014f1) c.addi  s1, -4
core   0: 3 0x80000a62 (0x14f1) x 9 0x00000001
core   0: 0x80000a64 (0x014a6cb7) lui     s9, 0x14a6
core   0: 3 0x80000a64 (0x014a6cb7) x25 0x014a6000
core   0: 0x80000a68 (0xffc48ce3) beq     s1, t3, pc - 8
core   0: 3 0x80000a68 (0xffc48ce3)
core   0: 0x80000a6c (0x0000df79) c.beqz  a4, pc - 34
core   0: 3 0x80000a6c (0xdf79)
core   0: 0x80000a6e (0x032e7d33) remu    s10, t3, s2
core   0: 3 0x80000a6e (0x032e7d33) x26 0x7ffd9315
core   0: 0x80000a72 (0xff800b13) li      s6, -8
core   0: 3 0x80000a72 (0xff800b13) x22 0xfffffff8
core   0: 0x80000a76 (0x4172d513) srai    a0, t0, 23
core   0: 3 0x80000a76 (0x4172d513) x10 0xffffffff
core   0: 0x80000a7a (0xff400d13) li      s10, -12
core   0: 3 0x80000a7a (0xff400d13) x26 0xfffffff4
core   0: 0x80000a7e (0x66507993) andi    s3, zero, 1637
core   0: 3 0x80000a7e (0x66507993) x19 0x00000000
core   0: 0x80000a82 (0x002a58b3) srl     a7, s4, sp
core   0: 3 0x80000a82 (0x002a58b3) x17 0x00000000
core   0: 0x80000a86 (0x00008135) c.srli  a0, 13
core   0: 3 0x80000a86 (0x8135) x10 0x0007ffff
core   0: 0x80000a88 (0x416756b3) sra     a3, a4, s6
core   0: 3 0x80000a88 (0x416756b3) x13 0x00000000
core   0: 0x80000a8c (0x00001b71) c.addi  s6, -4
core   0: 3 0x80000a8c (0x1b71) x22 0xfffffff4
core   0: 0x80000a8e (0xffab58e3) bge     s6, s10, pc - 16
core   0: 3 0x80000a8e (0xffab58e3)
core   0: 0x80000a7e (0x66507993) andi    s3, zero, 1637
core   0: 3 0x80000a7e (0x66507993) x19 0x00000000
core   0: 0x80000a82 (0x002a58b3) srl     a7, s4, sp
core   0: 3 0x80000a82 (0x002a58b3) x17 0x00000000
core   0: 0x80000a86 (0x00008135) c.srli  a0, 13
core   0: 3 0x80000a86 (0x8135) x10 0x0000003f
core   0: 0x80000a88 (0x416756b3) sra     a3, a4, s6
core   0: 3 0x80000a88 (0x416756b3) x13 0x00000000
core   0: 0x80000a8c (0x00001b71) c.addi  s6, -4
core   0: 3 0x80000a8c (0x1b71) x22 0xfffffff0
core   0: 0x80000a8e (0xffab58e3) bge     s6, s10, pc - 16
core   0: 3 0x80000a8e (0xffab58e3)
core   0: 0x80000a92 (0x00f2d893) srli    a7, t0, 15
core   0: 3 0x80000a92 (0x00f2d893) x17 0x0001ffff
core   0: 0x80000a96 (0x00a00c93) li      s9, 10
core   0: 3 0x80000a96 (0x00a00c93) x25 0x0000000a
core   0: 0x80000a9a (0x00008fd1) c.or    a5, a2
core   0: 3 0x80000a9a (0x8fd1) x15 0x00000019
core   0: 0x80000a9c (0x5078ee93) ori     t4, a7, 1287
core   0: 3 0x80000a9c (0x5078ee93) x29 0x0001ffff
core   0: 0x80000aa0 (0x00008db5) c.xor   a1, a3
core   0: 3 0x80000aa0 (0x8db5) x11 0xfffffe30
core   0: 0x80000aa2 (0xe722e013) ori     zero, t0, -398
core   0: 3 0x80000aa2 (0xe722e013)
core   0: 0x80000aa6 (0x00000714) c.addi4spn a3, sp, 896
core   0: 3 0x80000aa6 (0x0714) x13 0x00000620
core   0: 0x80000aa8 (0x003f2133) slt     sp, t5, gp
core   0: 3 0x80000aa8 (0x003f2133) x 2 0x00000000
core   0: 0x80000aac (0x01711e13) slli    t3, sp, 23
core   0: 3 0x80000aac (0x01711e13) x28 0x00000000
core   0: 0x80000ab0 (0x41a30d33) sub     s10, t1, s10
core   0: 3 0x80000ab0 (0x41a30d33) x26 0x0000015c
core   0: 0x80000ab4 (0x01322533) slt     a0, tp, s3
core   0: 3 0x80000ab4 (0x01322533) x10 0x00000000
core   0: 0x80000ab8 (0x00a00213) li      tp, 10
core   0: 3 0x80000ab8 (0x00a00213) x 4 0x0000000a
core   0: 0x80000abc (0x02d5d033) divu    zero, a1, a3
core   0: 3 0x80000abc (0x02d5d033)
core   0: 0x80000ac0 (0x0000100f) fence.i
core   0: 3 0x80000ac0 (0x0000100f)
core   0: 0x80000ac4 (0x03bd1333) mulh    t1, s10, s11
core   0: 3 0x80000ac4 (0x03bd1333) x 6 0xffffff52
core   0: 0x80000ac8 (0x0265e033) rem     zero, a1, t1
core   0: 3 0x80000ac8 (0x0265e033)
core   0: 0x80000acc (0xc5c4ee93) ori     t4, s1, -932
core   0: 3 0x80000acc (0xc5c4ee93) x29 0xfffffc5d
core   0: 0x80000ad0 (0x00001ce1) c.addi  s9, -8
core   0: 3 0x80000ad0 (0x1ce1) x25 0x00000002
core   0: 0x80000ad2 (0x01b51ab3) sll     s5, a0, s11
core   0: 3 0x80000ad2 (0x01b51ab3) x21 0x00000000
core   0: 0x80000ad6 (0x023f5fb3) divu    t6, t5, gp
core   0: 3 0x80000ad6 (0x023f5fb3) x31 0x00000000
core   0: 0x80000ada (0x00008991) c.andi  a1, 4
core   0: 3 0x80000ada (0x8991) x11 0x00000000
core   0: 0x80000adc (0x028a6c33) rem     s8, s4, s0
core   0: 3 0x80000adc (0x028a6c33) x24 0x00000000
core   0: 0x80000ae0 (0x00000c42) c.slli  s8, 16
core   0: 3 0x80000ae0 (0x0c42) x24 0x00000000
core   0: 0x80000ae2 (0x03342f33) mulhsu  t5, s0, s3
core   0: 3 0x80000ae2 (0x03342f33) x30 0x00000000
core   0: 0x80000ae6 (0xfe4cf1e3) bgeu    s9, tp, pc - 30
core   0: 3 0x80000ae6 (0xfe4cf1e3)
core   0: 0x80000aea (0xca332a93) slti    s5, t1, -861
core   0: 3 0x80000aea (0xca332a93) x21 0x00000000
core   0: 0x80000aee (0xff700513) li      a0, -9
core   0: 3 0x80000aee (0xff700513) x10 0xfffffff7
core   0: 0x80000af2 (0x1f420c13) addi    s8, tp, 500
core   0: 3 0x80000af2 (0x1f420c13) x24 0x000001fe
core   0: 0x80000af6 (0x000099fd) c.andi  a1, -1
core   0: 3 0x80000af6 (0x99fd) x11 0x00000000
core   0: 0x80000af8 (0x00008dd9) c.or    a1, a4
core   0: 3 0x80000af8 (0x8dd9) x11 0x00000006
core   0: 0x80000afa (0x01ae2b33) slt     s6, t3, s10
core   0: 3 0x80000afa (0x01ae2b33) x22 0x00000001
core   0: 0x80000afe (0x02c879b3) remu    s3, a6, a2
core   0: 3 0x80000afe (0x02c879b3) x19 0x00000000
core   0: 0x80000b02 (0x00002333) slt     t1, zero, zero
core   0: 3 0x80000b02 (0x00002333) x 6 0x00000000
core   0: 0x80000b06 (0x75252113) slti    sp, a0, 1874
core   0: 3 0x80000b06 (0x75252113) x 2 0x00000001
core   0: 0x80000b0a (0x00ae9613) slli    a2, t4, 10
core   0: 3 0x80000b0a (0x00ae9613) x12 0xfff17400
core   0: 0x80000b0e (0x02704c33) div     s8, zero, t2
core   0: 3 0x80000b0e (0x02704c33) x24 0x00000000
core   0: 0x80000b12 (0x00b26cb3) or      s9, tp, a1
core   0: 3 0x80000b12 (0x00b26cb3) x25 0x0000000e
core   0: 0x80000b16 (0x00000001) c.nop
core   0: 3 0x80000b16 (0x0001)
core   0: 0x80000b18 (0x00200493) li      s1, 2
core   0: 3 0x80000b18 (0x00200493) x 9 0x00000002
core   0: 0x80000b1c (0x00000e71) c.addi  t3, 28
core   0: 3 0x80000b1c (0x0e71) x28 0x0000001c
core   0: 0x80000b1e (0x00008265) c.srli  a2, 25
core   0: 3 0x80000b1e (0x8265) x12 0x0000007f
core   0: 0x80000b20 (0x01419b93) slli    s7, gp, 20
core   0: 3 0x80000b20 (0x01419b93) x23 0xfd300000
core   0: 0x80000b24 (0x024c93b3) mulh    t2, s9, tp
core   0: 3 0x80000b24 (0x024c93b3) x 7 0x00000000
core   0: 0x80000b28 (0x003586b3) add     a3, a1, gp
core   0: 3 0x80000b28 (0x003586b3) x13 0x80026fd9
core   0: 0x80000b2c (0x4024d633) sra     a2, s1, sp
core   0: 3 0x80000b2c (0x4024d633) x12 0x00000001
core   0: 0x80000b30 (0x011fb5b3) sltu    a1, t6, a7
core   0: 3 0x80000b30 (0x011fb5b3) x11 0x00000001
core   0: 0x80000b34 (0x006ad613) srli    a2, s5, 6
core   0: 3 0x80000b34 (0x006ad613) x12 0x00000000
core   0: 0x80000b38 (0x00000505) c.addi  a0, 1
core   0: 3 0x80000b38 (0x0505) x10 0xfffffff8
core   0: 0x80000b3a (0x007bf233) and     tp, s7, t2
core   0: 3 0x80000b3a (0x007bf233) x 4 0x00000000
core   0: 0x80000b3e (0x002a39b3) sltu    s3, s4, sp
core   0: 3 0x80000b3e (0x002a39b3) x19 0x00000001
core   0: 0x80000b42 (0x02d08333) mul     t1, ra, a3
core   0: 3 0x80000b42 (0x02d08333) x 6 0x47478b40
core   0: 0x80000b46 (0x01b746b3) xor     a3, a4, s11
core   0: 3 0x80000b46 (0x01b746b3) x13 0x80022e62
core   0: 0x80000b4a (0xfc956de3) bltu    a0, s1, pc - 38
core   0: 3 0x80000b4a (0xfc956de3)
core   0: 0x80000b4e (0x40bd5c33) sra     s8, s10, a1
core   0: 3 0x80000b4e (0x40bd5c33) x24 0x000000ae
core   0: 0x80000b52 (0x00000293) li      t0, 0
core   0: 3 0x80000b52 (0x00000293) x 5 0x00000000
core   0: 0x80000b56 (0xfff00f93) li      t6, -1
core   0: 3 0x80000b56 (0xfff00f93) x31 0xffffffff
core   0: 0x80000b5a (0x0251f533) remu    a0, gp, t0
core   0: 3 0x80000b5a (0x0251f533) x10 0x80026fd3
core   0: 0x80000b5e (0x000012ed) c.addi  t0, -5
core   0: 3 0x80000b5e (0x12ed) x 5 0xfffffffb
core   0: 0x80000b60 (0x00000a93) li      s5, 0
core   0: 3 0x80000b60 (0x00000a93) x21 0x00000000
core   0: 0x80000b64 (0xffa00c93) li      s9, -6
core   0: 3 0x80000b64 (0xffa00c93) x25 0xfffffffa
core   0: 0x80000b68 (0x0116a7b3) slt     a5, a3, a7
core   0: 3 0x80000b68 (0x0116a7b3) x15 0x00000001
core   0: 0x80000b6c (0x00001af9) c.addi  s5, -2
core   0: 3 0x80000b6c (0x1af9) x21 0xfffffffe
core   0: 0x80000b6e (0xff9a8de3) beq     s5, s9, pc - 6
core   0: 3 0x80000b6e (0xff9a8de3)
core   0: 0x80000b72 (0xfff2d4e3) bge     t0, t6, pc - 24
core   0: 3 0x80000b72 (0xfff2d4e3)
core   0: 0x80000b76 (0x00000001) c.nop
core   0: 3 0x80000b76 (0x0001)
core   0: 0x80000b78 (0xfff00f93) li      t6, -1
core   0: 3 0x80000b78 (0xfff00f93) x31 0xffffffff
core   0: 0x80000b7c (0x03a0fbb3) remu    s7, ra, s10
core   0: 3 0x80000b7c (0x03a0fbb3) x23 0x000000b4
core   0: 0x80000b80 (0x00000001) c.nop
core   0: 3 0x80000b80 (0x0001)
core   0: 0x80000b82 (0x41660e33) sub     t3, a2, s6
core   0: 3 0x80000b82 (0x41660e33) x28 0xffffffff
core   0: 0x80000b86 (0x40520ab3) sub     s5, tp, t0
core   0: 3 0x80000b86 (0x40520ab3) x21 0x00000005
core   0: 0x80000b8a (0xfef00a13) li      s4, -17
core   0: 3 0x80000b8a (0xfef00a13) x20 0xffffffef
core   0: 0x80000b8e (0x42490893) addi    a7, s2, 1060
core   0: 3 0x80000b8e (0x42490893) x17 0x80027108
core   0: 0x80000b92 (0x00005f7d) c.li    t5, -1
core   0: 3 0x80000b92 (0x5f7d) x30 0xffffffff
core   0: 0x80000b94 (0x03e12b33) mulhsu  s6, sp, t5
core   0: 3 0x80000b94 (0x03e12b33) x22 0x00000000
core   0: 0x80000b98 (0x00001ff1) c.addi  t6, -4
core   0: 3 0x80000b98 (0x1ff1) x31 0xfffffffb
core   0: 0x80000b9a (0x00700d13) li      s10, 7
core   0: 3 0x80000b9a (0x00700d13) x26 0x00000007
core   0: 0x80000b9e (0x27c26493) ori     s1, tp, 636
core   0: 3 0x80000b9e (0x27c26493) x 9 0x0000027c
core   0: 0x80000ba2 (0x0ff0000f) fence   iorw,iorw
core   0: 3 0x80000ba2 (0x0ff0000f)
core   0: 0x80000ba6 (0x00005efd) c.li    t4, -1
core   0: 3 0x80000ba6 (0x5efd) x29 0xffffffff
core   0: 0x80000ba8 (0x00008655) c.srai  a2, 21
core   0: 3 0x80000ba8 (0x8655) x12 0x00000000
core   0: 0x80000baa (0x00700093) li      ra, 7
core   0: 3 0x80000baa (0x00700093) x 1 0x00000007
core   0: 0x80000bae (0x000082e2) c.mv    t0, s8
core   0: 3 0x80000bae (0x82e2) x 5 0x000000ae
core   0: 0x80000bb0 (0x003089b3) add     s3, ra, gp
core   0: 3 0x80000bb0 (0x003089b3) x19 0x80026fda
core   0: 0x80000bb4 (0x00008191) c.srli  a1, 4
core   0: 3 0x80000bb4 (0x8191) x11 0x00000000
core   0: 0x80000bb6 (0x01e0f4b3) and     s1, ra, t5
core   0: 3 0x80000bb6 (0x01e0f4b3) x 9 0x00000007
core   0: 0x80000bba (0x00008305) c.srli  a4, 1
core   0: 3 0x80000bba (0x8305) x14 0x00000003
core   0: 0x80000bbc (0x01fc5c33) srl     s8, s8, t6
core   0: 3 0x80000bbc (0x01fc5c33) x24 0x00000000
core   0: 0x80000bc0 (0x00000f46) c.slli  t5, 17
core   0: 3 0x80000bc0 (0x0f46) x30 0xfffe0000
core   0: 0x80000bc2 (0x02df54b3) divu    s1, t5, a3
core   0: 3 0x80000bc2 (0x02df54b3) x 9 0x00000001
core   0: 0x80000bc6 (0x02f1d8b3) divu    a7, gp, a5
core   0: 3 0x80000bc6 (0x02f1d8b3) x17 0x80026fd3
core   0: 0x80000bca (0x7c4fc493) xori    s1, t6, 1988
core   0: 3 0x80000bca (0x7c4fc493) x 9 0xfffff83f
core   0: 0x80000bce (0x00001d79) c.addi  s10, -2
core   0: 3 0x80000bce (0x1d79) x26 0x00000005
core   0: 0x80000bd0 (0x00000001) c.nop
core   0: 3 0x80000bd0 (0x0001)
core   0: 0x80000bd2 (0xfe1d7ae3) bgeu    s10, ra, pc - 12
core   0: 3 0x80000bd2 (0xfe1d7ae3)
core   0: 0x80000bd6 (0x51c962b7) lui     t0, 0x51c96
core   0: 3 0x80000bd6 (0x51c962b7) x 5 0x51c96000
core   0: 0x80000bda (0x000080c9) c.srli  s1, 18
core   0: 3 0x80000bda (0x80c9) x 9 0x00003fff
core   0: 0x80000bdc (0xfb4fdbe3) bge     t6, s4, pc - 74
core   0: 3 0x80000bdc (0xfb4fdbe3)
core   0: 0x80000b92 (0x00005f7d) c.li    t5, -1
core   0: 3 0x80000b92 (0x5f7d) x30 0xffffffff
core   0: 0x80000b94 (0x03e12b33) mulhsu  s6, sp, t5
core   0: 3 0x80000b94 (0x03e12b33) x22 0x00000000
core   0: 0x80000b98 (0x00001ff1) c.addi  t6, -4
core   0: 3 0x80000b98 (0x1ff1) x31 0xfffffff7
core   0: 0x80000b9a (0x00700d13) li      s10, 7
core   0: 3 0x80000b9a (0x00700d13) x26 0x00000007
core   0: 0x80000b9e (0x27c26493) ori     s1, tp, 636
core   0: 3 0x80000b9e (0x27c26493) x 9 0x0000027c
core   0: 0x80000ba2 (0x0ff0000f) fence   iorw,iorw
core   0: 3 0x80000ba2 (0x0ff0000f)
core   0: 0x80000ba6 (0x00005efd) c.li    t4, -1
core   0: 3 0x80000ba6 (0x5efd) x29 0xffffffff
core   0: 0x80000ba8 (0x00008655) c.srai  a2, 21
core   0: 3 0x80000ba8 (0x8655) x12 0x00000000
core   0: 0x80000baa (0x00700093) li      ra, 7
core   0: 3 0x80000baa (0x00700093) x 1 0x00000007
core   0: 0x80000bae (0x000082e2) c.mv    t0, s8
core   0: 3 0x80000bae (0x82e2) x 5 0x00000000
core   0: 0x80000bb0 (0x003089b3) add     s3, ra, gp
core   0: 3 0x80000bb0 (0x003089b3) x19 0x80026fda
core   0: 0x80000bb4 (0x00008191) c.srli  a1, 4
core   0: 3 0x80000bb4 (0x8191) x11 0x00000000
core   0: 0x80000bb6 (0x01e0f4b3) and     s1, ra, t5
core   0: 3 0x80000bb6 (0x01e0f4b3) x 9 0x00000007
core   0: 0x80000bba (0x00008305) c.srli  a4, 1
core   0: 3 0x80000bba (0x8305) x14 0x00000001
core   0: 0x80000bbc (0x01fc5c33) srl     s8, s8, t6
core   0: 3 0x80000bbc (0x01fc5c33) x24 0x00000000
core   0: 0x80000bc0 (0x00000f46) c.slli  t5, 17
core   0: 3 0x80000bc0 (0x0f46) x30 0xfffe0000
core   0: 0x80000bc2 (0x02df54b3) divu    s1, t5, a3
core   0: 3 0x80000bc2 (0x02df54b3) x 9 0x00000001
core   0: 0x80000bc6 (0x02f1d8b3) divu    a7, gp, a5
core   0: 3 0x80000bc6 (0x02f1d8b3) x17 0x80026fd3
core   0: 0x80000bca (0x7c4fc493) xori    s1, t6, 1988
core   0: 3 0x80000bca (0x7c4fc493) x 9 0xfffff833
core   0: 0x80000bce (0x00001d79) c.addi  s10, -2
core   0: 3 0x80000bce (0x1d79) x26 0x00000005
core   0: 0x80000bd0 (0x00000001) c.nop
core   0: 3 0x80000bd0 (0x0001)
core   0: 0x80000bd2 (0xfe1d7ae3) bgeu    s10, ra, pc - 12
core   0: 3 0x80000bd2 (0xfe1d7ae3)
core   0: 0x80000bd6 (0x51c962b7) lui     t0, 0x51c96
core   0: 3 0x80000bd6 (0x51c962b7) x 5 0x51c96000
core   0: 0x80000bda (0x000080c9) c.srli  s1, 18
core   0: 3 0x80000bda (0x80c9) x 9 0x00003fff
core   0: 0x80000bdc (0xfb4fdbe3) bge     t6, s4, pc - 74
core   0: 3 0x80000bdc (0xfb4fdbe3)
core   0: 0x80000b92 (0x00005f7d) c.li    t5, -1
core   0: 3 0x80000b92 (0x5f7d) x30 0xffffffff
core   0: 0x80000b94 (0x03e12b33) mulhsu  s6, sp, t5
core   0: 3 0x80000b94 (0x03e12b33) x22 0x00000000
core   0: 0x80000b98 (0x00001ff1) c.addi  t6, -4
core   0: 3 0x80000b98 (0x1ff1) x31 0xfffffff3
core   0: 0x80000b9a (0x00700d13) li      s10, 7
core   0: 3 0x80000b9a (0x00700d13) x26 0x00000007
core   0: 0x80000b9e (0x27c26493) ori     s1, tp, 636
core   0: 3 0x80000b9e (0x27c26493) x 9 0x0000027c
core   0: 0x80000ba2 (0x0ff0000f) fence   iorw,iorw
core   0: 3 0x80000ba2 (0x0ff0000f)
core   0: 0x80000ba6 (0x00005efd) c.li    t4, -1
core   0: 3 0x80000ba6 (0x5efd) x29 0xffffffff
core   0: 0x80000ba8 (0x00008655) c.srai  a2, 21
core   0: 3 0x80000ba8 (0x8655) x12 0x00000000
core   0: 0x80000baa (0x00700093) li      ra, 7
core   0: 3 0x80000baa (0x00700093) x 1 0x00000007
core   0: 0x80000bae (0x000082e2) c.mv    t0, s8
core   0: 3 0x80000bae (0x82e2) x 5 0x00000000
core   0: 0x80000bb0 (0x003089b3) add     s3, ra, gp
core   0: 3 0x80000bb0 (0x003089b3) x19 0x80026fda
core   0: 0x80000bb4 (0x00008191) c.srli  a1, 4
core   0: 3 0x80000bb4 (0x8191) x11 0x00000000
core   0: 0x80000bb6 (0x01e0f4b3) and     s1, ra, t5
core   0: 3 0x80000bb6 (0x01e0f4b3) x 9 0x00000007
core   0: 0x80000bba (0x00008305) c.srli  a4, 1
core   0: 3 0x80000bba (0x8305) x14 0x00000000
core   0: 0x80000bbc (0x01fc5c33) srl     s8, s8, t6
core   0: 3 0x80000bbc (0x01fc5c33) x24 0x00000000
core   0: 0x80000bc0 (0x00000f46) c.slli  t5, 17
core   0: 3 0x80000bc0 (0x0f46) x30 0xfffe0000
core   0: 0x80000bc2 (0x02df54b3) divu    s1, t5, a3
core   0: 3 0x80000bc2 (0x02df54b3) x 9 0x00000001
core   0: 0x80000bc6 (0x02f1d8b3) divu    a7, gp, a5
core   0: 3 0x80000bc6 (0x02f1d8b3) x17 0x80026fd3
core   0: 0x80000bca (0x7c4fc493) xori    s1, t6, 1988
core   0: 3 0x80000bca (0x7c4fc493) x 9 0xfffff837
core   0: 0x80000bce (0x00001d79) c.addi  s10, -2
core   0: 3 0x80000bce (0x1d79) x26 0x00000005
core   0: 0x80000bd0 (0x00000001) c.nop
core   0: 3 0x80000bd0 (0x0001)
core   0: 0x80000bd2 (0xfe1d7ae3) bgeu    s10, ra, pc - 12
core   0: 3 0x80000bd2 (0xfe1d7ae3)
core   0: 0x80000bd6 (0x51c962b7) lui     t0, 0x51c96
core   0: 3 0x80000bd6 (0x51c962b7) x 5 0x51c96000
core   0: 0x80000bda (0x000080c9) c.srli  s1, 18
core   0: 3 0x80000bda (0x80c9) x 9 0x00003fff
core   0: 0x80000bdc (0xfb4fdbe3) bge     t6, s4, pc - 74
core   0: 3 0x80000bdc (0xfb4fdbe3)
core   0: 0x80000b92 (0x00005f7d) c.li    t5, -1
core   0: 3 0x80000b92 (0x5f7d) x30 0xffffffff
core   0: 0x80000b94 (0x03e12b33) mulhsu  s6, sp, t5
core   0: 3 0x80000b94 (0x03e12b33) x22 0x00000000
core   0: 0x80000b98 (0x00001ff1) c.addi  t6, -4
core   0: 3 0x80000b98 (0x1ff1) x31 0xffffffef
core   0: 0x80000b9a (0x00700d13) li      s10, 7
core   0: 3 0x80000b9a (0x00700d13) x26 0x00000007
core   0: 0x80000b9e (0x27c26493) ori     s1, tp, 636
core   0: 3 0x80000b9e (0x27c26493) x 9 0x0000027c
core   0: 0x80000ba2 (0x0ff0000f) fence   iorw,iorw
core   0: 3 0x80000ba2 (0x0ff0000f)
core   0: 0x80000ba6 (0x00005efd) c.li    t4, -1
core   0: 3 0x80000ba6 (0x5efd) x29 0xffffffff
core   0: 0x80000ba8 (0x00008655) c.srai  a2, 21
core   0: 3 0x80000ba8 (0x8655) x12 0x00000000
core   0: 0x80000baa (0x00700093) li      ra, 7
core   0: 3 0x80000baa (0x00700093) x 1 0x00000007
core   0: 0x80000bae (0x000082e2) c.mv    t0, s8
core   0: 3 0x80000bae (0x82e2) x 5 0x00000000
core   0: 0x80000bb0 (0x003089b3) add     s3, ra, gp
core   0: 3 0x80000bb0 (0x003089b3) x19 0x80026fda
core   0: 0x80000bb4 (0x00008191) c.srli  a1, 4
core   0: 3 0x80000bb4 (0x8191) x11 0x00000000
core   0: 0x80000bb6 (0x01e0f4b3) and     s1, ra, t5
core   0: 3 0x80000bb6 (0x01e0f4b3) x 9 0x00000007
core   0: 0x80000bba (0x00008305) c.srli  a4, 1
core   0: 3 0x80000bba (0x8305) x14 0x00000000
core   0: 0x80000bbc (0x01fc5c33) srl     s8, s8, t6
core   0: 3 0x80000bbc (0x01fc5c33) x24 0x00000000
core   0: 0x80000bc0 (0x00000f46) c.slli  t5, 17
core   0: 3 0x80000bc0 (0x0f46) x30 0xfffe0000
core   0: 0x80000bc2 (0x02df54b3) divu    s1, t5, a3
core   0: 3 0x80000bc2 (0x02df54b3) x 9 0x00000001
core   0: 0x80000bc6 (0x02f1d8b3) divu    a7, gp, a5
core   0: 3 0x80000bc6 (0x02f1d8b3) x17 0x80026fd3
core   0: 0x80000bca (0x7c4fc493) xori    s1, t6, 1988
core   0: 3 0x80000bca (0x7c4fc493) x 9 0xfffff82b
core   0: 0x80000bce (0x00001d79) c.addi  s10, -2
core   0: 3 0x80000bce (0x1d79) x26 0x00000005
core   0: 0x80000bd0 (0x00000001) c.nop
core   0: 3 0x80000bd0 (0x0001)
core   0: 0x80000bd2 (0xfe1d7ae3) bgeu    s10, ra, pc - 12
core   0: 3 0x80000bd2 (0xfe1d7ae3)
core   0: 0x80000bd6 (0x51c962b7) lui     t0, 0x51c96
core   0: 3 0x80000bd6 (0x51c962b7) x 5 0x51c96000
core   0: 0x80000bda (0x000080c9) c.srli  s1, 18
core   0: 3 0x80000bda (0x80c9) x 9 0x00003fff
core   0: 0x80000bdc (0xfb4fdbe3) bge     t6, s4, pc - 74
core   0: 3 0x80000bdc (0xfb4fdbe3)
core   0: 0x80000b92 (0x00005f7d) c.li    t5, -1
core   0: 3 0x80000b92 (0x5f7d) x30 0xffffffff
core   0: 0x80000b94 (0x03e12b33) mulhsu  s6, sp, t5
core   0: 3 0x80000b94 (0x03e12b33) x22 0x00000000
core   0: 0x80000b98 (0x00001ff1) c.addi  t6, -4
core   0: 3 0x80000b98 (0x1ff1) x31 0xffffffeb
core   0: 0x80000b9a (0x00700d13) li      s10, 7
core   0: 3 0x80000b9a (0x00700d13) x26 0x00000007
core   0: 0x80000b9e (0x27c26493) ori     s1, tp, 636
core   0: 3 0x80000b9e (0x27c26493) x 9 0x0000027c
core   0: 0x80000ba2 (0x0ff0000f) fence   iorw,iorw
core   0: 3 0x80000ba2 (0x0ff0000f)
core   0: 0x80000ba6 (0x00005efd) c.li    t4, -1
core   0: 3 0x80000ba6 (0x5efd) x29 0xffffffff
core   0: 0x80000ba8 (0x00008655) c.srai  a2, 21
core   0: 3 0x80000ba8 (0x8655) x12 0x00000000
core   0: 0x80000baa (0x00700093) li      ra, 7
core   0: 3 0x80000baa (0x00700093) x 1 0x00000007
core   0: 0x80000bae (0x000082e2) c.mv    t0, s8
core   0: 3 0x80000bae (0x82e2) x 5 0x00000000
core   0: 0x80000bb0 (0x003089b3) add     s3, ra, gp
core   0: 3 0x80000bb0 (0x003089b3) x19 0x80026fda
core   0: 0x80000bb4 (0x00008191) c.srli  a1, 4
core   0: 3 0x80000bb4 (0x8191) x11 0x00000000
core   0: 0x80000bb6 (0x01e0f4b3) and     s1, ra, t5
core   0: 3 0x80000bb6 (0x01e0f4b3) x 9 0x00000007
core   0: 0x80000bba (0x00008305) c.srli  a4, 1
core   0: 3 0x80000bba (0x8305) x14 0x00000000
core   0: 0x80000bbc (0x01fc5c33) srl     s8, s8, t6
core   0: 3 0x80000bbc (0x01fc5c33) x24 0x00000000
core   0: 0x80000bc0 (0x00000f46) c.slli  t5, 17
core   0: 3 0x80000bc0 (0x0f46) x30 0xfffe0000
core   0: 0x80000bc2 (0x02df54b3) divu    s1, t5, a3
core   0: 3 0x80000bc2 (0x02df54b3) x 9 0x00000001
core   0: 0x80000bc6 (0x02f1d8b3) divu    a7, gp, a5
core   0: 3 0x80000bc6 (0x02f1d8b3) x17 0x80026fd3
core   0: 0x80000bca (0x7c4fc493) xori    s1, t6, 1988
core   0: 3 0x80000bca (0x7c4fc493) x 9 0xfffff82f
core   0: 0x80000bce (0x00001d79) c.addi  s10, -2
core   0: 3 0x80000bce (0x1d79) x26 0x00000005
core   0: 0x80000bd0 (0x00000001) c.nop
core   0: 3 0x80000bd0 (0x0001)
core   0: 0x80000bd2 (0xfe1d7ae3) bgeu    s10, ra, pc - 12
core   0: 3 0x80000bd2 (0xfe1d7ae3)
core   0: 0x80000bd6 (0x51c962b7) lui     t0, 0x51c96
core   0: 3 0x80000bd6 (0x51c962b7) x 5 0x51c96000
core   0: 0x80000bda (0x000080c9) c.srli  s1, 18
core   0: 3 0x80000bda (0x80c9) x 9 0x00003fff
core   0: 0x80000bdc (0xfb4fdbe3) bge     t6, s4, pc - 74
core   0: 3 0x80000bdc (0xfb4fdbe3)
core   0: 0x80000be0 (0x0129cbb3) xor     s7, s3, s2
core   0: 3 0x80000be0 (0x0129cbb3) x23 0x0000033e
core   0: 0x80000be4 (0x00800f93) li      t6, 8
core   0: 3 0x80000be4 (0x00800f93) x31 0x00000008
core   0: 0x80000be8 (0x02bbb633) mulhu   a2, s7, a1
core   0: 3 0x80000be8 (0x02bbb633) x12 0x00000000
core   0: 0x80000bec (0x00ada133) slt     sp, s11, a0
core   0: 3 0x80000bec (0x00ada133) x 2 0x00000001
core   0: 0x80000bf0 (0x00600213) li      tp, 6
core   0: 3 0x80000bf0 (0x00600213) x 4 0x00000006
core   0: 0x80000bf4 (0x00006ec5) c.lui   t4, 0x11
core   0: 3 0x80000bf4 (0x6ec5) x29 0x00011000
core   0: 0x80000bf6 (0x03c660b3) rem     ra, a2, t3
core   0: 3 0x80000bf6 (0x03c660b3) x 1 0x00000000
core   0: 0x80000bfa (0x03f3beb3) mulhu   t4, t2, t6
core   0: 3 0x80000bfa (0x03f3beb3) x29 0x00000000
core   0: 0x80000bfe (0x00540b33) add     s6, s0, t0
core   0: 3 0x80000bfe (0x00540b33) x22 0x51c96000
core   0: 0x80000c02 (0x00000a45) c.addi  s4, 17
core   0: 3 0x80000c02 (0x0a45) x20 0x00000000
core   0: 0x80000c04 (0x411fd613) srai    a2, t6, 17
core   0: 3 0x80000c04 (0x411fd613) x12 0x00000000
core   0: 0x80000c08 (0x00001fed) c.addi  t6, -5
core   0: 3 0x80000c08 (0x1fed) x31 0x00000003
core   0: 0x80000c0a (0x000097d6) c.add   a5, s5
core   0: 3 0x80000c0a (0x97d6) x15 0x00000006
core   0: 0x80000c0c (0x0214e033) rem     zero, s1, ra
core   0: 3 0x80000c0c (0x0214e033)
core   0: 0x80000c10 (0x00006109) c.addi16sp sp, 128
core   0: 3 0x80000c10 (0x6109) x 2 0x00000081
core   0: 0x80000c12 (0x407a83b3) sub     t2, s5, t2
core   0: 3 0x80000c12 (0x407a83b3) x 7 0x00000005
core   0: 0x80000c16 (0x21d12c13) slti    s8, sp, 541
core   0: 3 0x80000c16 (0x21d12c13) x24 0x00000001
core   0: 0x80000c1a (0x0ff0000f) fence   iorw,iorw
core   0: 3 0x80000c1a (0x0ff0000f)
core   0: 0x80000c1e (0x00009112) c.add   sp, tp
core   0: 3 0x80000c1e (0x9112) x 2 0x00000087
core   0: 0x80000c20 (0x03dda5b3) mulhsu  a1, s11, t4
core   0: 3 0x80000c20 (0x03dda5b3) x11 0x00000000
core   0: 0x80000c24 (0x1099cb93) xori    s7, s3, 265
core   0: 3 0x80000c24 (0x1099cb93) x23 0x80026ed3
core   0: 0x80000c28 (0x00008e7d) c.and   a2, a5
core   0: 3 0x80000c28 (0x8e7d) x12 0x00000000
core   0: 0x80000c2a (0x026a87b3) mul     a5, s5, t1
core   0: 3 0x80000c2a (0x026a87b3) x15 0x6465b840
core   0: 0x80000c2e (0x7b358613) addi    a2, a1, 1971
core   0: 3 0x80000c2e (0x7b358613) x12 0x000007b3
core   0: 0x80000c32 (0xfc4ff2e3) bgeu    t6, tp, pc - 60
core   0: 3 0x80000c32 (0xfc4ff2e3)
core   0: 0x80000c36 (0x00008cb5) c.xor   s1, a3
core   0: 3 0x80000c36 (0x8cb5) x 9 0x8002119d
core   0: 0x80000c38 (0xff600613) li      a2, -10
core   0: 3 0x80000c38 (0xff600613) x12 0xfffffff6
core   0: 0x80000c3c (0x4175de93) srai    t4, a1, 23
core   0: 3 0x80000c3c (0x4175de93) x29 0x00000000
core   0: 0x80000c40 (0x00a9a833) slt     a6, s3, a0
core   0: 3 0x80000c40 (0x00a9a833) x16 0x00000000
core   0: 0x80000c44 (0x016429b3) slt     s3, s0, s6
core   0: 3 0x80000c44 (0x016429b3) x19 0x00000001
core   0: 0x80000c48 (0x000090f2) c.add   ra, t3
core   0: 3 0x80000c48 (0x90f2) x 1 0xffffffff
core   0: 0x80000c4a (0x01100493) li      s1, 17
core   0: 3 0x80000c4a (0x01100493) x 9 0x00000011
core   0: 0x80000c4e (0x015f75b3) and     a1, t5, s5
core   0: 3 0x80000c4e (0x015f75b3) x11 0x00000000
core   0: 0x80000c52 (0x0000717d) c.addi16sp sp, -16
core   0: 3 0x80000c52 (0x717d) x 2 0x00000077
core   0: 0x80000c54 (0x00008ef5) c.and   a3, a3
core   0: 3 0x80000c54 (0x8ef5) x13 0x80022e62
core   0: 0x80000c56 (0x027bb333) mulhu   t1, s7, t2
core   0: 3 0x80000c56 (0x027bb333) x 6 0x00000002
core   0: 0x80000c5a (0x01908a33) add     s4, ra, s9
core   0: 3 0x80000c5a (0x01908a33) x20 0xfffffff9
core   0: 0x80000c5e (0x44b9aa93) slti    s5, s3, 1099
core   0: 3 0x80000c5e (0x44b9aa93) x21 0x00000001
core   0: 0x80000c62 (0x03d64533) div     a0, a2, t4
core   0: 3 0x80000c62 (0x03d64533) x10 0xffffffff
core   0: 0x80000c66 (0x00008da1) c.xor   a1, s0
core   0: 3 0x80000c66 (0x8da1) x11 0x00000000
core   0: 0x80000c68 (0x00000621) c.addi  a2, 8
core   0: 3 0x80000c68 (0x0621) x12 0xfffffffe
core   0: 0x80000c6a (0xc4c5a513) slti    a0, a1, -948
core   0: 3 0x80000c6a (0xc4c5a513) x10 0x00000000
core   0: 0x80000c6e (0x41508ab3) sub     s5, ra, s5
core   0: 3 0x80000c6e (0x41508ab3) x21 0xfffffffe
core   0: 0x80000c72 (0xe521e693) ori     a3, gp, -430
core   0: 3 0x80000c72 (0xe521e693) x13 0xffffffd3
core   0: 0x80000c76 (0x00008fb9) c.xor   a5, a4
core   0: 3 0x80000c76 (0x8fb9) x15 0x6465b840
core   0: 0x80000c78 (0x000083d1) c.srli  a5, 20
core   0: 3 0x80000c78 (0x83d1) x15 0x00000646
core   0: 0x80000c7a (0x03593133) mulhu   sp, s2, s5
core   0: 3 0x80000c7a (0x03593133) x 2 0x80026ce2
core   0: 0x80000c7e (0xfe9664e3) bltu    a2, s1, pc - 24
core   0: 3 0x80000c7e (0xfe9664e3)
core   0: 0x80000c82 (0x0378b6b3) mulhu   a3, a7, s7
core   0: 3 0x80000c82 (0x0378b6b3) x13 0x40026f58
core   0: 0x80000c86 (0xffe00313) li      t1, -2
core   0: 3 0x80000c86 (0xffe00313) x 6 0xfffffffe
core   0: 0x80000c8a (0x000065e1) c.lui   a1, 0x18
core   0: 3 0x80000c8a (0x65e1) x11 0x00018000
core   0: 0x80000c8c (0xac640b13) addi    s6, s0, -1338
core   0: 3 0x80000c8c (0xac640b13) x22 0xfffffac6
core   0: 0x80000c90 (0x00300a93) li      s5, 3
core   0: 3 0x80000c90 (0x00300a93) x21 0x00000003
core   0: 0x80000c94 (0x01a45033) srl     zero, s0, s10
core   0: 3 0x80000c94 (0x01a45033)
core   0: 0x80000c98 (0x1fafc893) xori    a7, t6, 506
core   0: 3 0x80000c98 (0x1fafc893) x17 0x000001f9
core   0: 0x80000c9c (0x00008efd) c.and   a3, a5
core   0: 3 0x80000c9c (0x8efd) x13 0x00000640
core   0: 0x80000c9e (0x03e15e33) divu    t3, sp, t5
core   0: 3 0x80000c9e (0x03e15e33) x28 0x00000000
core   0: 0x80000ca2 (0x00000329) c.addi  t1, 10
core   0: 3 0x80000ca2 (0x0329) x 6 0x00000008
core   0: 0x80000ca4 (0x00a3b033) sltu    zero, t2, a0
core   0: 3 0x80000ca4 (0x00a3b033)
core   0: 0x80000ca8 (0xe94a8493) addi    s1, s5, -364
core   0: 3 0x80000ca8 (0xe94a8493) x 9 0xfffffe97
core   0: 0x80000cac (0x00008f01) c.sub   a4, s0
core   0: 3 0x80000cac (0x8f01) x14 0x00000000
core   0: 0x80000cae (0x00009c86) c.add   s9, ra
core   0: 3 0x80000cae (0x9c86) x25 0xfffffff9
core   0: 0x80000cb0 (0x0ff0000f) fence   iorw,iorw
core   0: 3 0x80000cb0 (0x0ff0000f)
core   0: 0x80000cb4 (0xb0413f93) sltiu   t6, sp, -1276
core   0: 3 0x80000cb4 (0xb0413f93) x31 0x00000001
core   0: 0x80000cb8 (0x02814033) div     zero, sp, s0
core   0: 3 0x80000cb8 (0x02814033)
core   0: 0x80000cbc (0x02416233) rem     tp, sp, tp
core   0: 3 0x80000cbc (0x02416233) x 4 0xfffffffe
core   0: 0x80000cc0 (0x0024b5b3) sltu    a1, s1, sp
core   0: 3 0x80000cc0 (0x0024b5b3) x11 0x00000000
core   0: 0x80000cc4 (0x4193db93) srai    s7, t2, 25
core   0: 3 0x80000cc4 (0x4193db93) x23 0x00000000
core   0: 0x80000cc8 (0x000013fd) c.addi  t2, -1
core   0: 3 0x80000cc8 (0x13fd) x 7 0x00000004
core   0: 0x80000cca (0x81326b93) ori     s7, tp, -2029
core   0: 3 0x80000cca (0x81326b93) x23 0xffffffff
core   0: 0x80000cce (0x0000517d) c.li    sp, -1
core   0: 3 0x80000cce (0x517d) x 2 0xffffffff
core   0: 0x80000cd0 (0xfd5346e3) blt     t1, s5, pc - 52
core   0: 3 0x80000cd0 (0xfd5346e3)
core   0: 0x80000cd4 (0x033dc4b3) div     s1, s11, s3
core   0: 3 0x80000cd4 (0x033dc4b3) x 9 0x80022e64
core   0: 0x80000cd8 (0x00600613) li      a2, 6
core   0: 3 0x80000cd8 (0x00600613) x12 0x00000006
core   0: 0x80000cdc (0x015da3b3) slt     t2, s11, s5
core   0: 3 0x80000cdc (0x015da3b3) x 7 0x00000001
core   0: 0x80000ce0 (0x12483593) sltiu   a1, a6, 292
core   0: 3 0x80000ce0 (0x12483593) x11 0x00000001
core   0: 0x80000ce4 (0x006b1c33) sll     s8, s6, t1
core   0: 3 0x80000ce4 (0x006b1c33) x24 0xfffac600
core   0: 0x80000ce8 (0x00006bdd) c.lui   s7, 0x17
core   0: 3 0x80000ce8 (0x6bdd) x23 0x00017000
core   0: 0x80000cea (0x00000001) c.nop
core   0: 3 0x80000cea (0x0001)
core   0: 0x80000cec (0x66c27e93) andi    t4, tp, 1644
core   0: 3 0x80000cec (0x66c27e93) x29 0x0000066c
core   0: 0x80000cf0 (0x01a45513) srli    a0, s0, 26
core   0: 3 0x80000cf0 (0x01a45513) x10 0x00000000
core   0: 0x80000cf4 (0x034328b3) mulhsu  a7, t1, s4
core   0: 3 0x80000cf4 (0x034328b3) x17 0x00000007
core   0: 0x80000cf8 (0x4175dc33) sra     s8, a1, s7
core   0: 3 0x80000cf8 (0x4175dc33) x24 0x00000001
core   0: 0x80000cfc (0x00008fe5) c.and   a5, s1
core   0: 3 0x80000cfc (0x8fe5) x15 0x00000644
core   0: 0x80000cfe (0xfef00f93) li      t6, -17
core   0: 3 0x80000cfe (0xfef00f93) x31 0xffffffef
core   0: 0x80000d02 (0x01d6cc33) xor     s8, a3, t4
core   0: 3 0x80000d02 (0x01d6cc33) x24 0x0000002c
core   0: 0x80000d06 (0x00009b7d) c.andi  a4, -1
core   0: 3 0x80000d06 (0x9b7d) x14 0x00000000
core   0: 0x80000d08 (0x00000771) c.addi  a4, 28
core   0: 3 0x80000d08 (0x0771) x14 0x0000001c
core   0: 0x80000d0a (0x02b17833) remu    a6, sp, a1
core   0: 3 0x80000d0a (0x02b17833) x16 0x00000000
core   0: 0x80000d0e (0x0000100f) fence.i
core   0: 3 0x80000d0e (0x0000100f)
core   0: 0x80000d12 (0x01be7333) and     t1, t3, s11
core   0: 3 0x80000d12 (0x01be7333) x 6 0x00000000
core   0: 0x80000d16 (0x0000165d) c.addi  a2, -9
core   0: 3 0x80000d16 (0x165d) x12 0xfffffffd
core   0: 0x80000d18 (0x0000997d) c.andi  a0, -1
core   0: 3 0x80000d18 (0x997d) x10 0x00000000
core   0: 0x80000d1a (0x41ec5013) srai    zero, s8, 30
core   0: 3 0x80000d1a (0x41ec5013)
core   0: 0x80000d1e (0x0180f7b3) and     a5, ra, s8
core   0: 3 0x80000d1e (0x0180f7b3) x15 0x0000002c
core   0: 0x80000d22 (0x02cf39b3) mulhu   s3, t5, a2
core   0: 3 0x80000d22 (0x02cf39b3) x19 0xfffdfffd
core   0: 0x80000d26 (0x00000e0c) c.addi4spn a1, sp, 784
core   0: 3 0x80000d26 (0x0e0c) x11 0x0000030f
core   0: 0x80000d28 (0x0000100f) fence.i
core   0: 3 0x80000d28 (0x0000100f)
core   0: 0x80000d2c (0x40395093) srai    ra, s2, 3
core   0: 3 0x80000d2c (0x40395093) x 1 0xf0004d9c
core   0: 0x80000d30 (0x00008d91) c.sub   a1, a2
core   0: 3 0x80000d30 (0x8d91) x11 0x00000312
core   0: 0x80000d32 (0x00000001) c.nop
core   0: 3 0x80000d32 (0x0001)
core   0: 0x80000d34 (0xfdf659e3) bge     a2, t6, pc - 46
core   0: 3 0x80000d34 (0xfdf659e3)
core   0: 0x80000d06 (0x00009b7d) c.andi  a4, -1
core   0: 3 0x80000d06 (0x9b7d) x14 0x0000001c
core   0: 0x80000d08 (0x00000771) c.addi  a4, 28
core   0: 3 0x80000d08 (0x0771) x14 0x00000038
core   0: 0x80000d0a (0x02b17833) remu    a6, sp, a1
core   0: 3 0x80000d0a (0x02b17833) x16 0x00000303
core   0: 0x80000d0e (0x0000100f) fence.i
core   0: 3 0x80000d0e (0x0000100f)
core   0: 0x80000d12 (0x01be7333) and     t1, t3, s11
core   0: 3 0x80000d12 (0x01be7333) x 6 0x00000000
core   0: 0x80000d16 (0x0000165d) c.addi  a2, -9
core   0: 3 0x80000d16 (0x165d) x12 0xfffffff4
core   0: 0x80000d18 (0x0000997d) c.andi  a0, -1
core   0: 3 0x80000d18 (0x997d) x10 0x00000000
core   0: 0x80000d1a (0x41ec5013) srai    zero, s8, 30
core   0: 3 0x80000d1a (0x41ec5013)
core   0: 0x80000d1e (0x0180f7b3) and     a5, ra, s8
core   0: 3 0x80000d1e (0x0180f7b3) x15 0x0000000c
core   0: 0x80000d22 (0x02cf39b3) mulhu   s3, t5, a2
core   0: 3 0x80000d22 (0x02cf39b3) x19 0xfffdfff4
core   0: 0x80000d26 (0x00000e0c) c.addi4spn a1, sp, 784
core   0: 3 0x80000d26 (0x0e0c) x11 0x0000030f
core   0: 0x80000d28 (0x0000100f) fence.i
core   0: 3 0x80000d28 (0x0000100f)
core   0: 0x80000d2c (0x40395093) srai    ra, s2, 3
core   0: 3 0x80000d2c (0x40395093) x 1 0xf0004d9c
core   0: 0x80000d30 (0x00008d91) c.sub   a1, a2
core   0: 3 0x80000d30 (0x8d91) x11 0x0000031b
core   0: 0x80000d32 (0x00000001) c.nop
core   0: 3 0x80000d32 (0x0001)
core   0: 0x80000d34 (0xfdf659e3) bge     a2, t6, pc - 46
core   0: 3 0x80000d34 (0xfdf659e3)
core   0: 0x80000d06 (0x00009b7d) c.andi  a4, -1
core   0: 3 0x80000d06 (0x9b7d) x14 0x00000038
core   0: 0x80000d08 (0x00000771) c.addi  a4, 28
core   0: 3 0x80000d08 (0x0771) x14 0x00000054
core   0: 0x80000d0a (0x02b17833) remu    a6, sp, a1
core   0: 3 0x80000d0a (0x02b17833) x16 0x000001d1
core   0: 0x80000d0e (0x0000100f) fence.i
core   0: 3 0x80000d0e (0x0000100f)
core   0: 0x80000d12 (0x01be7333) and     t1, t3, s11
core   0: 3 0x80000d12 (0x01be7333) x 6 0x00000000
core   0: 0x80000d16 (0x0000165d) c.addi  a2, -9
core   0: 3 0x80000d16 (0x165d) x12 0xffffffeb
core   0: 0x80000d18 (0x0000997d) c.andi  a0, -1
core   0: 3 0x80000d18 (0x997d) x10 0x00000000
core   0: 0x80000d1a (0x41ec5013) srai    zero, s8, 30
core   0: 3 0x80000d1a (0x41ec5013)
core   0: 0x80000d1e (0x0180f7b3) and     a5, ra, s8
core   0: 3 0x80000d1e (0x0180f7b3) x15 0x0000000c
core   0: 0x80000d22 (0x02cf39b3) mulhu   s3, t5, a2
core   0: 3 0x80000d22 (0x02cf39b3) x19 0xfffdffeb
core   0: 0x80000d26 (0x00000e0c) c.addi4spn a1, sp, 784
core   0: 3 0x80000d26 (0x0e0c) x11 0x0000030f
core   0: 0x80000d28 (0x0000100f) fence.i
core   0: 3 0x80000d28 (0x0000100f)
core   0: 0x80000d2c (0x40395093) srai    ra, s2, 3
core   0: 3 0x80000d2c (0x40395093) x 1 0xf0004d9c
core   0: 0x80000d30 (0x00008d91) c.sub   a1, a2
core   0: 3 0x80000d30 (0x8d91) x11 0x00000324
core   0: 0x80000d32 (0x00000001) c.nop
core   0: 3 0x80000d32 (0x0001)
core   0: 0x80000d34 (0xfdf659e3) bge     a2, t6, pc - 46
core   0: 3 0x80000d34 (0xfdf659e3)
core   0: 0x80000d38 (0x9923d797) auipc   a5, 0x9923d
core   0: 3 0x80000d38 (0x9923d797) x15 0x1923dd38
core   0: 0x80000d3c (0x00500293) li      t0, 5
core   0: 3 0x80000d3c (0x00500293) x 5 0x00000005
core   0: 0x80000d40 (0x00ad2fb3) slt     t6, s10, a0
core   0: 3 0x80000d40 (0x00ad2fb3) x31 0x00000000
core   0: 0x80000d44 (0x03e4a3b3) mulhsu  t2, s1, t5
core   0: 3 0x80000d44 (0x03e4a3b3) x 7 0x80032e5f
core   0: 0x80000d48 (0x01300f13) li      t5, 19
core   0: 3 0x80000d48 (0x01300f13) x30 0x00000013
core   0: 0x80000d4c (0x03da4833) div     a6, s4, t4
core   0: 3 0x80000d4c (0x03da4833) x16 0x00000000
core   0: 0x80000d50 (0x020d8833) mul     a6, s11, zero
core   0: 3 0x80000d50 (0x020d8833) x16 0x00000000
core   0: 0x80000d54 (0x0313e4b3) rem     s1, t2, a7
core   0: 3 0x80000d54 (0x0313e4b3) x 9 0xfffffffc
core   0: 0x80000d58 (0x00acf533) and     a0, s9, a0
core   0: 3 0x80000d58 (0x00acf533) x10 0x00000000
core   0: 0x80000d5c (0x00000285) c.addi  t0, 1
core   0: 3 0x80000d5c (0x0285) x 5 0x00000006
core   0: 0x80000d5e (0xa3141c97) auipc   s9, 0xa3141
core   0: 3 0x80000d5e (0xa3141c97) x25 0x23141d5e
core   0: 0x80000d62 (0xff900a93) li      s5, -7
core   0: 3 0x80000d62 (0xff900a93) x21 0xfffffff9
core   0: 0x80000d66 (0x01000b13) li      s6, 16
core   0: 3 0x80000d66 (0x01000b13) x22 0x00000010
core   0: 0x80000d6a (0x00008ca1) c.xor   s1, s0
core   0: 3 0x80000d6a (0x8ca1) x 9 0xfffffffc
core   0: 0x80000d6c (0x00005c7d) c.li    s8, -1
core   0: 3 0x80000d6c (0x5c7d) x24 0xffffffff
core   0: 0x80000d6e (0x00000a9d) c.addi  s5, 7
core   0: 3 0x80000d6e (0x0a9d) x21 0x00000000
core   0: 0x80000d70 (0xa7bf6e13) ori     t3, t5, -1413
core   0: 3 0x80000d70 (0xa7bf6e13) x28 0xfffffa7b
core   0: 0x80000d74 (0xff6aece3) bltu    s5, s6, pc - 8
core   0: 3 0x80000d74 (0xff6aece3)
core   0: 0x80000d6c (0x00005c7d) c.li    s8, -1
core   0: 3 0x80000d6c (0x5c7d) x24 0xffffffff
core   0: 0x80000d6e (0x00000a9d) c.addi  s5, 7
core   0: 3 0x80000d6e (0x0a9d) x21 0x00000007
core   0: 0x80000d70 (0xa7bf6e13) ori     t3, t5, -1413
core   0: 3 0x80000d70 (0xa7bf6e13) x28 0xfffffa7b
core   0: 0x80000d74 (0xff6aece3) bltu    s5, s6, pc - 8
core   0: 3 0x80000d74 (0xff6aece3)
core   0: 0x80000d6c (0x00005c7d) c.li    s8, -1
core   0: 3 0x80000d6c (0x5c7d) x24 0xffffffff
core   0: 0x80000d6e (0x00000a9d) c.addi  s5, 7
core   0: 3 0x80000d6e (0x0a9d) x21 0x0000000e
core   0: 0x80000d70 (0xa7bf6e13) ori     t3, t5, -1413
core   0: 3 0x80000d70 (0xa7bf6e13) x28 0xfffffa7b
core   0: 0x80000d74 (0xff6aece3) bltu    s5, s6, pc - 8
core   0: 3 0x80000d74 (0xff6aece3)
core   0: 0x80000d6c (0x00005c7d) c.li    s8, -1
core   0: 3 0x80000d6c (0x5c7d) x24 0xffffffff
core   0: 0x80000d6e (0x00000a9d) c.addi  s5, 7
core   0: 3 0x80000d6e (0x0a9d) x21 0x00000015
core   0: 0x80000d70 (0xa7bf6e13) ori     t3, t5, -1413
core   0: 3 0x80000d70 (0xa7bf6e13) x28 0xfffffa7b
core   0: 0x80000d74 (0xff6aece3) bltu    s5, s6, pc - 8
core   0: 3 0x80000d74 (0xff6aece3)
core   0: 0x80000d78 (0x02b6fa33) remu    s4, a3, a1
core   0: 3 0x80000d78 (0x02b6fa33) x20 0x0000031c
core   0: 0x80000d7c (0x01f47833) and     a6, s0, t6
core   0: 3 0x80000d7c (0x01f47833) x16 0x00000000
core   0: 0x80000d80 (0xfde29ce3) bne     t0, t5, pc - 40
core   0: 3 0x80000d80 (0xfde29ce3)
core   0: 0x80000d58 (0x00acf533) and     a0, s9, a0
core   0: 3 0x80000d58 (0x00acf533) x10 0x00000000
core   0: 0x80000d5c (0x00000285) c.addi  t0, 1
core   0: 3 0x80000d5c (0x0285) x 5 0x00000007
core   0: 0x80000d5e (0xa3141c97) auipc   s9, 0xa3141
core   0: 3 0x80000d5e (0xa3141c97) x25 0x23141d5e
core   0: 0x80000d62 (0xff900a93) li      s5, -7
core   0: 3 0x80000d62 (0xff900a93) x21 0xfffffff9
core   0: 0x80000d66 (0x01000b13) li      s6, 16
core   0: 3 0x80000d66 (0x01000b13) x22 0x00000010
core   0: 0x80000d6a (0x00008ca1) c.xor   s1, s0
core   0: 3 0x80000d6a (0x8ca1) x 9 0xfffffffc
core   0: 0x80000d6c (0x00005c7d) c.li    s8, -1
core   0: 3 0x80000d6c (0x5c7d) x24 0xffffffff
core   0: 0x80000d6e (0x00000a9d) c.addi  s5, 7
core   0: 3 0x80000d6e (0x0a9d) x21 0x00000000
core   0: 0x80000d70 (0xa7bf6e13) ori     t3, t5, -1413
core   0: 3 0x80000d70 (0xa7bf6e13) x28 0xfffffa7b
core   0: 0x80000d74 (0xff6aece3) bltu    s5, s6, pc - 8
core   0: 3 0x80000d74 (0xff6aece3)
core   0: 0x80000d6c (0x00005c7d) c.li    s8, -1
core   0: 3 0x80000d6c (0x5c7d) x24 0xffffffff
core   0: 0x80000d6e (0x00000a9d) c.addi  s5, 7
core   0: 3 0x80000d6e (0x0a9d) x21 0x00000007
core   0: 0x80000d70 (0xa7bf6e13) ori     t3, t5, -1413
core   0: 3 0x80000d70 (0xa7bf6e13) x28 0xfffffa7b
core   0: 0x80000d74 (0xff6aece3) bltu    s5, s6, pc - 8
core   0: 3 0x80000d74 (0xff6aece3)
core   0: 0x80000d6c (0x00005c7d) c.li    s8, -1
core   0: 3 0x80000d6c (0x5c7d) x24 0xffffffff
core   0: 0x80000d6e (0x00000a9d) c.addi  s5, 7
core   0: 3 0x80000d6e (0x0a9d) x21 0x0000000e
core   0: 0x80000d70 (0xa7bf6e13) ori     t3, t5, -1413
core   0: 3 0x80000d70 (0xa7bf6e13) x28 0xfffffa7b
core   0: 0x80000d74 (0xff6aece3) bltu    s5, s6, pc - 8
core   0: 3 0x80000d74 (0xff6aece3)
core   0: 0x80000d6c (0x00005c7d) c.li    s8, -1
core   0: 3 0x80000d6c (0x5c7d) x24 0xffffffff
core   0: 0x80000d6e (0x00000a9d) c.addi  s5, 7
core   0: 3 0x80000d6e (0x0a9d) x21 0x00000015
core   0: 0x80000d70 (0xa7bf6e13) ori     t3, t5, -1413
core   0: 3 0x80000d70 (0xa7bf6e13) x28 0xfffffa7b
core   0: 0x80000d74 (0xff6aece3) bltu    s5, s6, pc - 8
core   0: 3 0x80000d74 (0xff6aece3)
core   0: 0x80000d78 (0x02b6fa33) remu    s4, a3, a1
core   0: 3 0x80000d78 (0x02b6fa33) x20 0x0000031c
core   0: 0x80000d7c (0x01f47833) and     a6, s0, t6
core   0: 3 0x80000d7c (0x01f47833) x16 0x00000000
core   0: 0x80000d80 (0xfde29ce3) bne     t0, t5, pc - 40
core   0: 3 0x80000d80 (0xfde29ce3)
core   0: 0x80000d58 (0x00acf533) and     a0, s9, a0
core   0: 3 0x80000d58 (0x00acf533) x10 0x00000000
core   0: 0x80000d5c (0x00000285) c.addi  t0, 1
core   0: 3 0x80000d5c (0x0285) x 5 0x00000008
core   0: 0x80000d5e (0xa3141c97) auipc   s9, 0xa3141
core   0: 3 0x80000d5e (0xa3141c97) x25 0x23141d5e
core   0: 0x80000d62 (0xff900a93) li      s5, -7
core   0: 3 0x80000d62 (0xff900a93) x21 0xfffffff9
core   0: 0x80000d66 (0x01000b13) li      s6, 16
core   0: 3 0x80000d66 (0x01000b13) x22 0x00000010
core   0: 0x80000d6a (0x00008ca1) c.xor   s1, s0
core   0: 3 0x80000d6a (0x8ca1) x 9 0xfffffffc
core   0: 0x80000d6c (0x00005c7d) c.li    s8, -1
core   0: 3 0x80000d6c (0x5c7d) x24 0xffffffff
core   0: 0x80000d6e (0x00000a9d) c.addi  s5, 7
core   0: 3 0x80000d6e (0x0a9d) x21 0x00000000
core   0: 0x80000d70 (0xa7bf6e13) ori     t3, t5, -1413
core   0: 3 0x80000d70 (0xa7bf6e13) x28 0xfffffa7b
core   0: 0x80000d74 (0xff6aece3) bltu    s5, s6, pc - 8
core   0: 3 0x80000d74 (0xff6aece3)
core   0: 0x80000d6c (0x00005c7d) c.li    s8, -1
core   0: 3 0x80000d6c (0x5c7d) x24 0xffffffff
core   0: 0x80000d6e (0x00000a9d) c.addi  s5, 7
core   0: 3 0x80000d6e (0x0a9d) x21 0x00000007
core   0: 0x80000d70 (0xa7bf6e13) ori     t3, t5, -1413
core   0: 3 0x80000d70 (0xa7bf6e13) x28 0xfffffa7b
core   0: 0x80000d74 (0xff6aece3) bltu    s5, s6, pc - 8
core   0: 3 0x80000d74 (0xff6aece3)
core   0: 0x80000d6c (0x00005c7d) c.li    s8, -1
core   0: 3 0x80000d6c (0x5c7d) x24 0xffffffff
core   0: 0x80000d6e (0x00000a9d) c.addi  s5, 7
core   0: 3 0x80000d6e (0x0a9d) x21 0x0000000e
core   0: 0x80000d70 (0xa7bf6e13) ori     t3, t5, -1413
core   0: 3 0x80000d70 (0xa7bf6e13) x28 0xfffffa7b
core   0: 0x80000d74 (0xff6aece3) bltu    s5, s6, pc - 8
core   0: 3 0x80000d74 (0xff6aece3)
core   0: 0x80000d6c (0x00005c7d) c.li    s8, -1
core   0: 3 0x80000d6c (0x5c7d) x24 0xffffffff
core   0: 0x80000d6e (0x00000a9d) c.addi  s5, 7
core   0: 3 0x80000d6e (0x0a9d) x21 0x00000015
core   0: 0x80000d70 (0xa7bf6e13) ori     t3, t5, -1413
core   0: 3 0x80000d70 (0xa7bf6e13) x28 0xfffffa7b
core   0: 0x80000d74 (0xff6aece3) bltu    s5, s6, pc - 8
core   0: 3 0x80000d74 (0xff6aece3)
core   0: 0x80000d78 (0x02b6fa33) remu    s4, a3, a1
core   0: 3 0x80000d78 (0x02b6fa33) x20 0x0000031c
core   0: 0x80000d7c (0x01f47833) and     a6, s0, t6
core   0: 3 0x80000d7c (0x01f47833) x16 0x00000000
core   0: 0x80000d80 (0xfde29ce3) bne     t0, t5, pc - 40
core   0: 3 0x80000d80 (0xfde29ce3)
core   0: 0x80000d58 (0x00acf533) and     a0, s9, a0
core   0: 3 0x80000d58 (0x00acf533) x10 0x00000000
core   0: 0x80000d5c (0x00000285) c.addi  t0, 1
core   0: 3 0x80000d5c (0x0285) x 5 0x00000009
core   0: 0x80000d5e (0xa3141c97) auipc   s9, 0xa3141
core   0: 3 0x80000d5e (0xa3141c97) x25 0x23141d5e
core   0: 0x80000d62 (0xff900a93) li      s5, -7
core   0: 3 0x80000d62 (0xff900a93) x21 0xfffffff9
core   0: 0x80000d66 (0x01000b13) li      s6, 16
core   0: 3 0x80000d66 (0x01000b13) x22 0x00000010
core   0: 0x80000d6a (0x00008ca1) c.xor   s1, s0
core   0: 3 0x80000d6a (0x8ca1) x 9 0xfffffffc
core   0: 0x80000d6c (0x00005c7d) c.li    s8, -1
core   0: 3 0x80000d6c (0x5c7d) x24 0xffffffff
core   0: 0x80000d6e (0x00000a9d) c.addi  s5, 7
core   0: 3 0x80000d6e (0x0a9d) x21 0x00000000
core   0: 0x80000d70 (0xa7bf6e13) ori     t3, t5, -1413
core   0: 3 0x80000d70 (0xa7bf6e13) x28 0xfffffa7b
core   0: 0x80000d74 (0xff6aece3) bltu    s5, s6, pc - 8
core   0: 3 0x80000d74 (0xff6aece3)
core   0: 0x80000d6c (0x00005c7d) c.li    s8, -1
core   0: 3 0x80000d6c (0x5c7d) x24 0xffffffff
core   0: 0x80000d6e (0x00000a9d) c.addi  s5, 7
core   0: 3 0x80000d6e (0x0a9d) x21 0x00000007
core   0: 0x80000d70 (0xa7bf6e13) ori     t3, t5, -1413
core   0: 3 0x80000d70 (0xa7bf6e13) x28 0xfffffa7b
core   0: 0x80000d74 (0xff6aece3) bltu    s5, s6, pc - 8
core   0: 3 0x80000d74 (0xff6aece3)
core   0: 0x80000d6c (0x00005c7d) c.li    s8, -1
core   0: 3 0x80000d6c (0x5c7d) x24 0xffffffff
core   0: 0x80000d6e (0x00000a9d) c.addi  s5, 7
core   0: 3 0x80000d6e (0x0a9d) x21 0x0000000e
core   0: 0x80000d70 (0xa7bf6e13) ori     t3, t5, -1413
core   0: 3 0x80000d70 (0xa7bf6e13) x28 0xfffffa7b
core   0: 0x80000d74 (0xff6aece3) bltu    s5, s6, pc - 8
core   0: 3 0x80000d74 (0xff6aece3)
core   0: 0x80000d6c (0x00005c7d) c.li    s8, -1
core   0: 3 0x80000d6c (0x5c7d) x24 0xffffffff
core   0: 0x80000d6e (0x00000a9d) c.addi  s5, 7
core   0: 3 0x80000d6e (0x0a9d) x21 0x00000015
core   0: 0x80000d70 (0xa7bf6e13) ori     t3, t5, -1413
core   0: 3 0x80000d70 (0xa7bf6e13) x28 0xfffffa7b
core   0: 0x80000d74 (0xff6aece3) bltu    s5, s6, pc - 8
core   0: 3 0x80000d74 (0xff6aece3)
core   0: 0x80000d78 (0x02b6fa33) remu    s4, a3, a1
core   0: 3 0x80000d78 (0x02b6fa33) x20 0x0000031c
core   0: 0x80000d7c (0x01f47833) and     a6, s0, t6
core   0: 3 0x80000d7c (0x01f47833) x16 0x00000000
core   0: 0x80000d80 (0xfde29ce3) bne     t0, t5, pc - 40
core   0: 3 0x80000d80 (0xfde29ce3)
core   0: 0x80000d58 (0x00acf533) and     a0, s9, a0
core   0: 3 0x80000d58 (0x00acf533) x10 0x00000000
core   0: 0x80000d5c (0x00000285) c.addi  t0, 1
core   0: 3 0x80000d5c (0x0285) x 5 0x0000000a
core   0: 0x80000d5e (0xa3141c97) auipc   s9, 0xa3141
core   0: 3 0x80000d5e (0xa3141c97) x25 0x23141d5e
core   0: 0x80000d62 (0xff900a93) li      s5, -7
core   0: 3 0x80000d62 (0xff900a93) x21 0xfffffff9
core   0: 0x80000d66 (0x01000b13) li      s6, 16
core   0: 3 0x80000d66 (0x01000b13) x22 0x00000010
core   0: 0x80000d6a (0x00008ca1) c.xor   s1, s0
core   0: 3 0x80000d6a (0x8ca1) x 9 0xfffffffc
core   0: 0x80000d6c (0x00005c7d) c.li    s8, -1
core   0: 3 0x80000d6c (0x5c7d) x24 0xffffffff
core   0: 0x80000d6e (0x00000a9d) c.addi  s5, 7
core   0: 3 0x80000d6e (0x0a9d) x21 0x00000000
core   0: 0x80000d70 (0xa7bf6e13) ori     t3, t5, -1413
core   0: 3 0x80000d70 (0xa7bf6e13) x28 0xfffffa7b
core   0: 0x80000d74 (0xff6aece3) bltu    s5, s6, pc - 8
core   0: 3 0x80000d74 (0xff6aece3)
core   0: 0x80000d6c (0x00005c7d) c.li    s8, -1
core   0: 3 0x80000d6c (0x5c7d) x24 0xffffffff
core   0: 0x80000d6e (0x00000a9d) c.addi  s5, 7
core   0: 3 0x80000d6e (0x0a9d) x21 0x00000007
core   0: 0x80000d70 (0xa7bf6e13) ori     t3, t5, -1413
core   0: 3 0x80000d70 (0xa7bf6e13) x28 0xfffffa7b
core   0: 0x80000d74 (0xff6aece3) bltu    s5, s6, pc - 8
core   0: 3 0x80000d74 (0xff6aece3)
core   0: 0x80000d6c (0x00005c7d) c.li    s8, -1
core   0: 3 0x80000d6c (0x5c7d) x24 0xffffffff
core   0: 0x80000d6e (0x00000a9d) c.addi  s5, 7
core   0: 3 0x80000d6e (0x0a9d) x21 0x0000000e
core   0: 0x80000d70 (0xa7bf6e13) ori     t3, t5, -1413
core   0: 3 0x80000d70 (0xa7bf6e13) x28 0xfffffa7b
core   0: 0x80000d74 (0xff6aece3) bltu    s5, s6, pc - 8
core   0: 3 0x80000d74 (0xff6aece3)
core   0: 0x80000d6c (0x00005c7d) c.li    s8, -1
core   0: 3 0x80000d6c (0x5c7d) x24 0xffffffff
core   0: 0x80000d6e (0x00000a9d) c.addi  s5, 7
core   0: 3 0x80000d6e (0x0a9d) x21 0x00000015
core   0: 0x80000d70 (0xa7bf6e13) ori     t3, t5, -1413
core   0: 3 0x80000d70 (0xa7bf6e13) x28 0xfffffa7b
core   0: 0x80000d74 (0xff6aece3) bltu    s5, s6, pc - 8
core   0: 3 0x80000d74 (0xff6aece3)
core   0: 0x80000d78 (0x02b6fa33) remu    s4, a3, a1
core   0: 3 0x80000d78 (0x02b6fa33) x20 0x0000031c
core   0: 0x80000d7c (0x01f47833) and     a6, s0, t6
core   0: 3 0x80000d7c (0x01f47833) x16 0x00000000
core   0: 0x80000d80 (0xfde29ce3) bne     t0, t5, pc - 40
core   0: 3 0x80000d80 (0xfde29ce3)
core   0: 0x80000d58 (0x00acf533) and     a0, s9, a0
core   0: 3 0x80000d58 (0x00acf533) x10 0x00000000
core   0: 0x80000d5c (0x00000285) c.addi  t0, 1
core   0: 3 0x80000d5c (0x0285) x 5 0x0000000b
core   0: 0x80000d5e (0xa3141c97) auipc   s9, 0xa3141
core   0: 3 0x80000d5e (0xa3141c97) x25 0x23141d5e
core   0: 0x80000d62 (0xff900a93) li      s5, -7
core   0: 3 0x80000d62 (0xff900a93) x21 0xfffffff9
core   0: 0x80000d66 (0x01000b13) li      s6, 16
core   0: 3 0x80000d66 (0x01000b13) x22 0x00000010
core   0: 0x80000d6a (0x00008ca1) c.xor   s1, s0
core   0: 3 0x80000d6a (0x8ca1) x 9 0xfffffffc
core   0: 0x80000d6c (0x00005c7d) c.li    s8, -1
core   0: 3 0x80000d6c (0x5c7d) x24 0xffffffff
core   0: 0x80000d6e (0x00000a9d) c.addi  s5, 7
core   0: 3 0x80000d6e (0x0a9d) x21 0x00000000
core   0: 0x80000d70 (0xa7bf6e13) ori     t3, t5, -1413
core   0: 3 0x80000d70 (0xa7bf6e13) x28 0xfffffa7b
core   0: 0x80000d74 (0xff6aece3) bltu    s5, s6, pc - 8
core   0: 3 0x80000d74 (0xff6aece3)
core   0: 0x80000d6c (0x00005c7d) c.li    s8, -1
core   0: 3 0x80000d6c (0x5c7d) x24 0xffffffff
core   0: 0x80000d6e (0x00000a9d) c.addi  s5, 7
core   0: 3 0x80000d6e (0x0a9d) x21 0x00000007
core   0: 0x80000d70 (0xa7bf6e13) ori     t3, t5, -1413
core   0: 3 0x80000d70 (0xa7bf6e13) x28 0xfffffa7b
core   0: 0x80000d74 (0xff6aece3) bltu    s5, s6, pc - 8
core   0: 3 0x80000d74 (0xff6aece3)
core   0: 0x80000d6c (0x00005c7d) c.li    s8, -1
core   0: 3 0x80000d6c (0x5c7d) x24 0xffffffff
core   0: 0x80000d6e (0x00000a9d) c.addi  s5, 7
core   0: 3 0x80000d6e (0x0a9d) x21 0x0000000e
core   0: 0x80000d70 (0xa7bf6e13) ori     t3, t5, -1413
core   0: 3 0x80000d70 (0xa7bf6e13) x28 0xfffffa7b
core   0: 0x80000d74 (0xff6aece3) bltu    s5, s6, pc - 8
core   0: 3 0x80000d74 (0xff6aece3)
core   0: 0x80000d6c (0x00005c7d) c.li    s8, -1
core   0: 3 0x80000d6c (0x5c7d) x24 0xffffffff
core   0: 0x80000d6e (0x00000a9d) c.addi  s5, 7
core   0: 3 0x80000d6e (0x0a9d) x21 0x00000015
core   0: 0x80000d70 (0xa7bf6e13) ori     t3, t5, -1413
core   0: 3 0x80000d70 (0xa7bf6e13) x28 0xfffffa7b
core   0: 0x80000d74 (0xff6aece3) bltu    s5, s6, pc - 8
core   0: 3 0x80000d74 (0xff6aece3)
core   0: 0x80000d78 (0x02b6fa33) remu    s4, a3, a1
core   0: 3 0x80000d78 (0x02b6fa33) x20 0x0000031c
core   0: 0x80000d7c (0x01f47833) and     a6, s0, t6
core   0: 3 0x80000d7c (0x01f47833) x16 0x00000000
core   0: 0x80000d80 (0xfde29ce3) bne     t0, t5, pc - 40
core   0: 3 0x80000d80 (0xfde29ce3)
core   0: 0x80000d58 (0x00acf533) and     a0, s9, a0
core   0: 3 0x80000d58 (0x00acf533) x10 0x00000000
core   0: 0x80000d5c (0x00000285) c.addi  t0, 1
core   0: 3 0x80000d5c (0x0285) x 5 0x0000000c
core   0: 0x80000d5e (0xa3141c97) auipc   s9, 0xa3141
core   0: 3 0x80000d5e (0xa3141c97) x25 0x23141d5e
core   0: 0x80000d62 (0xff900a93) li      s5, -7
core   0: 3 0x80000d62 (0xff900a93) x21 0xfffffff9
core   0: 0x80000d66 (0x01000b13) li      s6, 16
core   0: 3 0x80000d66 (0x01000b13) x22 0x00000010
core   0: 0x80000d6a (0x00008ca1) c.xor   s1, s0
core   0: 3 0x80000d6a (0x8ca1) x 9 0xfffffffc
core   0: 0x80000d6c (0x00005c7d) c.li    s8, -1
core   0: 3 0x80000d6c (0x5c7d) x24 0xffffffff
core   0: 0x80000d6e (0x00000a9d) c.addi  s5, 7
core   0: 3 0x80000d6e (0x0a9d) x21 0x00000000
core   0: 0x80000d70 (0xa7bf6e13) ori     t3, t5, -1413
core   0: 3 0x80000d70 (0xa7bf6e13) x28 0xfffffa7b
core   0: 0x80000d74 (0xff6aece3) bltu    s5, s6, pc - 8
core   0: 3 0x80000d74 (0xff6aece3)
core   0: 0x80000d6c (0x00005c7d) c.li    s8, -1
core   0: 3 0x80000d6c (0x5c7d) x24 0xffffffff
core   0: 0x80000d6e (0x00000a9d) c.addi  s5, 7
core   0: 3 0x80000d6e (0x0a9d) x21 0x00000007
core   0: 0x80000d70 (0xa7bf6e13) ori     t3, t5, -1413
core   0: 3 0x80000d70 (0xa7bf6e13) x28 0xfffffa7b
core   0: 0x80000d74 (0xff6aece3) bltu    s5, s6, pc - 8
core   0: 3 0x80000d74 (0xff6aece3)
core   0: 0x80000d6c (0x00005c7d) c.li    s8, -1
core   0: 3 0x80000d6c (0x5c7d) x24 0xffffffff
core   0: 0x80000d6e (0x00000a9d) c.addi  s5, 7
core   0: 3 0x80000d6e (0x0a9d) x21 0x0000000e
core   0: 0x80000d70 (0xa7bf6e13) ori     t3, t5, -1413
core   0: 3 0x80000d70 (0xa7bf6e13) x28 0xfffffa7b
core   0: 0x80000d74 (0xff6aece3) bltu    s5, s6, pc - 8
core   0: 3 0x80000d74 (0xff6aece3)
core   0: 0x80000d6c (0x00005c7d) c.li    s8, -1
core   0: 3 0x80000d6c (0x5c7d) x24 0xffffffff
core   0: 0x80000d6e (0x00000a9d) c.addi  s5, 7
core   0: 3 0x80000d6e (0x0a9d) x21 0x00000015
core   0: 0x80000d70 (0xa7bf6e13) ori     t3, t5, -1413
core   0: 3 0x80000d70 (0xa7bf6e13) x28 0xfffffa7b
core   0: 0x80000d74 (0xff6aece3) bltu    s5, s6, pc - 8
core   0: 3 0x80000d74 (0xff6aece3)
core   0: 0x80000d78 (0x02b6fa33) remu    s4, a3, a1
core   0: 3 0x80000d78 (0x02b6fa33) x20 0x0000031c
core   0: 0x80000d7c (0x01f47833) and     a6, s0, t6
core   0: 3 0x80000d7c (0x01f47833) x16 0x00000000
core   0: 0x80000d80 (0xfde29ce3) bne     t0, t5, pc - 40
core   0: 3 0x80000d80 (0xfde29ce3)
core   0: 0x80000d58 (0x00acf533) and     a0, s9, a0
core   0: 3 0x80000d58 (0x00acf533) x10 0x00000000
core   0: 0x80000d5c (0x00000285) c.addi  t0, 1
core   0: 3 0x80000d5c (0x0285) x 5 0x0000000d
core   0: 0x80000d5e (0xa3141c97) auipc   s9, 0xa3141
core   0: 3 0x80000d5e (0xa3141c97) x25 0x23141d5e
core   0: 0x80000d62 (0xff900a93) li      s5, -7
core   0: 3 0x80000d62 (0xff900a93) x21 0xfffffff9
core   0: 0x80000d66 (0x01000b13) li      s6, 16
core   0: 3 0x80000d66 (0x01000b13) x22 0x00000010
core   0: 0x80000d6a (0x00008ca1) c.xor   s1, s0
core   0: 3 0x80000d6a (0x8ca1) x 9 0xfffffffc
core   0: 0x80000d6c (0x00005c7d) c.li    s8, -1
core   0: 3 0x80000d6c (0x5c7d) x24 0xffffffff
core   0: 0x80000d6e (0x00000a9d) c.addi  s5, 7
core   0: 3 0x80000d6e (0x0a9d) x21 0x00000000
core   0: 0x80000d70 (0xa7bf6e13) ori     t3, t5, -1413
core   0: 3 0x80000d70 (0xa7bf6e13) x28 0xfffffa7b
core   0: 0x80000d74 (0xff6aece3) bltu    s5, s6, pc - 8
core   0: 3 0x80000d74 (0xff6aece3)
core   0: 0x80000d6c (0x00005c7d) c.li    s8, -1
core   0: 3 0x80000d6c (0x5c7d) x24 0xffffffff
core   0: 0x80000d6e (0x00000a9d) c.addi  s5, 7
core   0: 3 0x80000d6e (0x0a9d) x21 0x00000007
core   0: 0x80000d70 (0xa7bf6e13) ori     t3, t5, -1413
core   0: 3 0x80000d70 (0xa7bf6e13) x28 0xfffffa7b
core   0: 0x80000d74 (0xff6aece3) bltu    s5, s6, pc - 8
core   0: 3 0x80000d74 (0xff6aece3)
core   0: 0x80000d6c (0x00005c7d) c.li    s8, -1
core   0: 3 0x80000d6c (0x5c7d) x24 0xffffffff
core   0: 0x80000d6e (0x00000a9d) c.addi  s5, 7
core   0: 3 0x80000d6e (0x0a9d) x21 0x0000000e
core   0: 0x80000d70 (0xa7bf6e13) ori     t3, t5, -1413
core   0: 3 0x80000d70 (0xa7bf6e13) x28 0xfffffa7b
core   0: 0x80000d74 (0xff6aece3) bltu    s5, s6, pc - 8
core   0: 3 0x80000d74 (0xff6aece3)
core   0: 0x80000d6c (0x00005c7d) c.li    s8, -1
core   0: 3 0x80000d6c (0x5c7d) x24 0xffffffff
core   0: 0x80000d6e (0x00000a9d) c.addi  s5, 7
core   0: 3 0x80000d6e (0x0a9d) x21 0x00000015
core   0: 0x80000d70 (0xa7bf6e13) ori     t3, t5, -1413
core   0: 3 0x80000d70 (0xa7bf6e13) x28 0xfffffa7b
core   0: 0x80000d74 (0xff6aece3) bltu    s5, s6, pc - 8
core   0: 3 0x80000d74 (0xff6aece3)
core   0: 0x80000d78 (0x02b6fa33) remu    s4, a3, a1
core   0: 3 0x80000d78 (0x02b6fa33) x20 0x0000031c
core   0: 0x80000d7c (0x01f47833) and     a6, s0, t6
core   0: 3 0x80000d7c (0x01f47833) x16 0x00000000
core   0: 0x80000d80 (0xfde29ce3) bne     t0, t5, pc - 40
core   0: 3 0x80000d80 (0xfde29ce3)
core   0: 0x80000d58 (0x00acf533) and     a0, s9, a0
core   0: 3 0x80000d58 (0x00acf533) x10 0x00000000
core   0: 0x80000d5c (0x00000285) c.addi  t0, 1
core   0: 3 0x80000d5c (0x0285) x 5 0x0000000e
core   0: 0x80000d5e (0xa3141c97) auipc   s9, 0xa3141
core   0: 3 0x80000d5e (0xa3141c97) x25 0x23141d5e
core   0: 0x80000d62 (0xff900a93) li      s5, -7
core   0: 3 0x80000d62 (0xff900a93) x21 0xfffffff9
core   0: 0x80000d66 (0x01000b13) li      s6, 16
core   0: 3 0x80000d66 (0x01000b13) x22 0x00000010
core   0: 0x80000d6a (0x00008ca1) c.xor   s1, s0
core   0: 3 0x80000d6a (0x8ca1) x 9 0xfffffffc
core   0: 0x80000d6c (0x00005c7d) c.li    s8, -1
core   0: 3 0x80000d6c (0x5c7d) x24 0xffffffff
core   0: 0x80000d6e (0x00000a9d) c.addi  s5, 7
core   0: 3 0x80000d6e (0x0a9d) x21 0x00000000
core   0: 0x80000d70 (0xa7bf6e13) ori     t3, t5, -1413
core   0: 3 0x80000d70 (0xa7bf6e13) x28 0xfffffa7b
core   0: 0x80000d74 (0xff6aece3) bltu    s5, s6, pc - 8
core   0: 3 0x80000d74 (0xff6aece3)
core   0: 0x80000d6c (0x00005c7d) c.li    s8, -1
core   0: 3 0x80000d6c (0x5c7d) x24 0xffffffff
core   0: 0x80000d6e (0x00000a9d) c.addi  s5, 7
core   0: 3 0x80000d6e (0x0a9d) x21 0x00000007
core   0: 0x80000d70 (0xa7bf6e13) ori     t3, t5, -1413
core   0: 3 0x80000d70 (0xa7bf6e13) x28 0xfffffa7b
core   0: 0x80000d74 (0xff6aece3) bltu    s5, s6, pc - 8
core   0: 3 0x80000d74 (0xff6aece3)
core   0: 0x80000d6c (0x00005c7d) c.li    s8, -1
core   0: 3 0x80000d6c (0x5c7d) x24 0xffffffff
core   0: 0x80000d6e (0x00000a9d) c.addi  s5, 7
core   0: 3 0x80000d6e (0x0a9d) x21 0x0000000e
core   0: 0x80000d70 (0xa7bf6e13) ori     t3, t5, -1413
core   0: 3 0x80000d70 (0xa7bf6e13) x28 0xfffffa7b
core   0: 0x80000d74 (0xff6aece3) bltu    s5, s6, pc - 8
core   0: 3 0x80000d74 (0xff6aece3)
core   0: 0x80000d6c (0x00005c7d) c.li    s8, -1
core   0: 3 0x80000d6c (0x5c7d) x24 0xffffffff
core   0: 0x80000d6e (0x00000a9d) c.addi  s5, 7
core   0: 3 0x80000d6e (0x0a9d) x21 0x00000015
core   0: 0x80000d70 (0xa7bf6e13) ori     t3, t5, -1413
core   0: 3 0x80000d70 (0xa7bf6e13) x28 0xfffffa7b
core   0: 0x80000d74 (0xff6aece3) bltu    s5, s6, pc - 8
core   0: 3 0x80000d74 (0xff6aece3)
core   0: 0x80000d78 (0x02b6fa33) remu    s4, a3, a1
core   0: 3 0x80000d78 (0x02b6fa33) x20 0x0000031c
core   0: 0x80000d7c (0x01f47833) and     a6, s0, t6
core   0: 3 0x80000d7c (0x01f47833) x16 0x00000000
core   0: 0x80000d80 (0xfde29ce3) bne     t0, t5, pc - 40
core   0: 3 0x80000d80 (0xfde29ce3)
core   0: 0x80000d58 (0x00acf533) and     a0, s9, a0
core   0: 3 0x80000d58 (0x00acf533) x10 0x00000000
core   0: 0x80000d5c (0x00000285) c.addi  t0, 1
core   0: 3 0x80000d5c (0x0285) x 5 0x0000000f
core   0: 0x80000d5e (0xa3141c97) auipc   s9, 0xa3141
core   0: 3 0x80000d5e (0xa3141c97) x25 0x23141d5e
core   0: 0x80000d62 (0xff900a93) li      s5, -7
core   0: 3 0x80000d62 (0xff900a93) x21 0xfffffff9
core   0: 0x80000d66 (0x01000b13) li      s6, 16
core   0: 3 0x80000d66 (0x01000b13) x22 0x00000010
core   0: 0x80000d6a (0x00008ca1) c.xor   s1, s0
core   0: 3 0x80000d6a (0x8ca1) x 9 0xfffffffc
core   0: 0x80000d6c (0x00005c7d) c.li    s8, -1
core   0: 3 0x80000d6c (0x5c7d) x24 0xffffffff
core   0: 0x80000d6e (0x00000a9d) c.addi  s5, 7
core   0: 3 0x80000d6e (0x0a9d) x21 0x00000000
core   0: 0x80000d70 (0xa7bf6e13) ori     t3, t5, -1413
core   0: 3 0x80000d70 (0xa7bf6e13) x28 0xfffffa7b
core   0: 0x80000d74 (0xff6aece3) bltu    s5, s6, pc - 8
core   0: 3 0x80000d74 (0xff6aece3)
core   0: 0x80000d6c (0x00005c7d) c.li    s8, -1
core   0: 3 0x80000d6c (0x5c7d) x24 0xffffffff
core   0: 0x80000d6e (0x00000a9d) c.addi  s5, 7
core   0: 3 0x80000d6e (0x0a9d) x21 0x00000007
core   0: 0x80000d70 (0xa7bf6e13) ori     t3, t5, -1413
core   0: 3 0x80000d70 (0xa7bf6e13) x28 0xfffffa7b
core   0: 0x80000d74 (0xff6aece3) bltu    s5, s6, pc - 8
core   0: 3 0x80000d74 (0xff6aece3)
core   0: 0x80000d6c (0x00005c7d) c.li    s8, -1
core   0: 3 0x80000d6c (0x5c7d) x24 0xffffffff
core   0: 0x80000d6e (0x00000a9d) c.addi  s5, 7
core   0: 3 0x80000d6e (0x0a9d) x21 0x0000000e
core   0: 0x80000d70 (0xa7bf6e13) ori     t3, t5, -1413
core   0: 3 0x80000d70 (0xa7bf6e13) x28 0xfffffa7b
core   0: 0x80000d74 (0xff6aece3) bltu    s5, s6, pc - 8
core   0: 3 0x80000d74 (0xff6aece3)
core   0: 0x80000d6c (0x00005c7d) c.li    s8, -1
core   0: 3 0x80000d6c (0x5c7d) x24 0xffffffff
core   0: 0x80000d6e (0x00000a9d) c.addi  s5, 7
core   0: 3 0x80000d6e (0x0a9d) x21 0x00000015
core   0: 0x80000d70 (0xa7bf6e13) ori     t3, t5, -1413
core   0: 3 0x80000d70 (0xa7bf6e13) x28 0xfffffa7b
core   0: 0x80000d74 (0xff6aece3) bltu    s5, s6, pc - 8
core   0: 3 0x80000d74 (0xff6aece3)
core   0: 0x80000d78 (0x02b6fa33) remu    s4, a3, a1
core   0: 3 0x80000d78 (0x02b6fa33) x20 0x0000031c
core   0: 0x80000d7c (0x01f47833) and     a6, s0, t6
core   0: 3 0x80000d7c (0x01f47833) x16 0x00000000
core   0: 0x80000d80 (0xfde29ce3) bne     t0, t5, pc - 40
core   0: 3 0x80000d80 (0xfde29ce3)
core   0: 0x80000d58 (0x00acf533) and     a0, s9, a0
core   0: 3 0x80000d58 (0x00acf533) x10 0x00000000
core   0: 0x80000d5c (0x00000285) c.addi  t0, 1
core   0: 3 0x80000d5c (0x0285) x 5 0x00000010
core   0: 0x80000d5e (0xa3141c97) auipc   s9, 0xa3141
core   0: 3 0x80000d5e (0xa3141c97) x25 0x23141d5e
core   0: 0x80000d62 (0xff900a93) li      s5, -7
core   0: 3 0x80000d62 (0xff900a93) x21 0xfffffff9
core   0: 0x80000d66 (0x01000b13) li      s6, 16
core   0: 3 0x80000d66 (0x01000b13) x22 0x00000010
core   0: 0x80000d6a (0x00008ca1) c.xor   s1, s0
core   0: 3 0x80000d6a (0x8ca1) x 9 0xfffffffc
core   0: 0x80000d6c (0x00005c7d) c.li    s8, -1
core   0: 3 0x80000d6c (0x5c7d) x24 0xffffffff
core   0: 0x80000d6e (0x00000a9d) c.addi  s5, 7
core   0: 3 0x80000d6e (0x0a9d) x21 0x00000000
core   0: 0x80000d70 (0xa7bf6e13) ori     t3, t5, -1413
core   0: 3 0x80000d70 (0xa7bf6e13) x28 0xfffffa7b
core   0: 0x80000d74 (0xff6aece3) bltu    s5, s6, pc - 8
core   0: 3 0x80000d74 (0xff6aece3)
core   0: 0x80000d6c (0x00005c7d) c.li    s8, -1
core   0: 3 0x80000d6c (0x5c7d) x24 0xffffffff
core   0: 0x80000d6e (0x00000a9d) c.addi  s5, 7
core   0: 3 0x80000d6e (0x0a9d) x21 0x00000007
core   0: 0x80000d70 (0xa7bf6e13) ori     t3, t5, -1413
core   0: 3 0x80000d70 (0xa7bf6e13) x28 0xfffffa7b
core   0: 0x80000d74 (0xff6aece3) bltu    s5, s6, pc - 8
core   0: 3 0x80000d74 (0xff6aece3)
core   0: 0x80000d6c (0x00005c7d) c.li    s8, -1
core   0: 3 0x80000d6c (0x5c7d) x24 0xffffffff
core   0: 0x80000d6e (0x00000a9d) c.addi  s5, 7
core   0: 3 0x80000d6e (0x0a9d) x21 0x0000000e
core   0: 0x80000d70 (0xa7bf6e13) ori     t3, t5, -1413
core   0: 3 0x80000d70 (0xa7bf6e13) x28 0xfffffa7b
core   0: 0x80000d74 (0xff6aece3) bltu    s5, s6, pc - 8
core   0: 3 0x80000d74 (0xff6aece3)
core   0: 0x80000d6c (0x00005c7d) c.li    s8, -1
core   0: 3 0x80000d6c (0x5c7d) x24 0xffffffff
core   0: 0x80000d6e (0x00000a9d) c.addi  s5, 7
core   0: 3 0x80000d6e (0x0a9d) x21 0x00000015
core   0: 0x80000d70 (0xa7bf6e13) ori     t3, t5, -1413
core   0: 3 0x80000d70 (0xa7bf6e13) x28 0xfffffa7b
core   0: 0x80000d74 (0xff6aece3) bltu    s5, s6, pc - 8
core   0: 3 0x80000d74 (0xff6aece3)
core   0: 0x80000d78 (0x02b6fa33) remu    s4, a3, a1
core   0: 3 0x80000d78 (0x02b6fa33) x20 0x0000031c
core   0: 0x80000d7c (0x01f47833) and     a6, s0, t6
core   0: 3 0x80000d7c (0x01f47833) x16 0x00000000
core   0: 0x80000d80 (0xfde29ce3) bne     t0, t5, pc - 40
core   0: 3 0x80000d80 (0xfde29ce3)
core   0: 0x80000d58 (0x00acf533) and     a0, s9, a0
core   0: 3 0x80000d58 (0x00acf533) x10 0x00000000
core   0: 0x80000d5c (0x00000285) c.addi  t0, 1
core   0: 3 0x80000d5c (0x0285) x 5 0x00000011
core   0: 0x80000d5e (0xa3141c97) auipc   s9, 0xa3141
core   0: 3 0x80000d5e (0xa3141c97) x25 0x23141d5e
core   0: 0x80000d62 (0xff900a93) li      s5, -7
core   0: 3 0x80000d62 (0xff900a93) x21 0xfffffff9
core   0: 0x80000d66 (0x01000b13) li      s6, 16
core   0: 3 0x80000d66 (0x01000b13) x22 0x00000010
core   0: 0x80000d6a (0x00008ca1) c.xor   s1, s0
core   0: 3 0x80000d6a (0x8ca1) x 9 0xfffffffc
core   0: 0x80000d6c (0x00005c7d) c.li    s8, -1
core   0: 3 0x80000d6c (0x5c7d) x24 0xffffffff
core   0: 0x80000d6e (0x00000a9d) c.addi  s5, 7
core   0: 3 0x80000d6e (0x0a9d) x21 0x00000000
core   0: 0x80000d70 (0xa7bf6e13) ori     t3, t5, -1413
core   0: 3 0x80000d70 (0xa7bf6e13) x28 0xfffffa7b
core   0: 0x80000d74 (0xff6aece3) bltu    s5, s6, pc - 8
core   0: 3 0x80000d74 (0xff6aece3)
core   0: 0x80000d6c (0x00005c7d) c.li    s8, -1
core   0: 3 0x80000d6c (0x5c7d) x24 0xffffffff
core   0: 0x80000d6e (0x00000a9d) c.addi  s5, 7
core   0: 3 0x80000d6e (0x0a9d) x21 0x00000007
core   0: 0x80000d70 (0xa7bf6e13) ori     t3, t5, -1413
core   0: 3 0x80000d70 (0xa7bf6e13) x28 0xfffffa7b
core   0: 0x80000d74 (0xff6aece3) bltu    s5, s6, pc - 8
core   0: 3 0x80000d74 (0xff6aece3)
core   0: 0x80000d6c (0x00005c7d) c.li    s8, -1
core   0: 3 0x80000d6c (0x5c7d) x24 0xffffffff
core   0: 0x80000d6e (0x00000a9d) c.addi  s5, 7
core   0: 3 0x80000d6e (0x0a9d) x21 0x0000000e
core   0: 0x80000d70 (0xa7bf6e13) ori     t3, t5, -1413
core   0: 3 0x80000d70 (0xa7bf6e13) x28 0xfffffa7b
core   0: 0x80000d74 (0xff6aece3) bltu    s5, s6, pc - 8
core   0: 3 0x80000d74 (0xff6aece3)
core   0: 0x80000d6c (0x00005c7d) c.li    s8, -1
core   0: 3 0x80000d6c (0x5c7d) x24 0xffffffff
core   0: 0x80000d6e (0x00000a9d) c.addi  s5, 7
core   0: 3 0x80000d6e (0x0a9d) x21 0x00000015
core   0: 0x80000d70 (0xa7bf6e13) ori     t3, t5, -1413
core   0: 3 0x80000d70 (0xa7bf6e13) x28 0xfffffa7b
core   0: 0x80000d74 (0xff6aece3) bltu    s5, s6, pc - 8
core   0: 3 0x80000d74 (0xff6aece3)
core   0: 0x80000d78 (0x02b6fa33) remu    s4, a3, a1
core   0: 3 0x80000d78 (0x02b6fa33) x20 0x0000031c
core   0: 0x80000d7c (0x01f47833) and     a6, s0, t6
core   0: 3 0x80000d7c (0x01f47833) x16 0x00000000
core   0: 0x80000d80 (0xfde29ce3) bne     t0, t5, pc - 40
core   0: 3 0x80000d80 (0xfde29ce3)
core   0: 0x80000d58 (0x00acf533) and     a0, s9, a0
core   0: 3 0x80000d58 (0x00acf533) x10 0x00000000
core   0: 0x80000d5c (0x00000285) c.addi  t0, 1
core   0: 3 0x80000d5c (0x0285) x 5 0x00000012
core   0: 0x80000d5e (0xa3141c97) auipc   s9, 0xa3141
core   0: 3 0x80000d5e (0xa3141c97) x25 0x23141d5e
core   0: 0x80000d62 (0xff900a93) li      s5, -7
core   0: 3 0x80000d62 (0xff900a93) x21 0xfffffff9
core   0: 0x80000d66 (0x01000b13) li      s6, 16
core   0: 3 0x80000d66 (0x01000b13) x22 0x00000010
core   0: 0x80000d6a (0x00008ca1) c.xor   s1, s0
core   0: 3 0x80000d6a (0x8ca1) x 9 0xfffffffc
core   0: 0x80000d6c (0x00005c7d) c.li    s8, -1
core   0: 3 0x80000d6c (0x5c7d) x24 0xffffffff
core   0: 0x80000d6e (0x00000a9d) c.addi  s5, 7
core   0: 3 0x80000d6e (0x0a9d) x21 0x00000000
core   0: 0x80000d70 (0xa7bf6e13) ori     t3, t5, -1413
core   0: 3 0x80000d70 (0xa7bf6e13) x28 0xfffffa7b
core   0: 0x80000d74 (0xff6aece3) bltu    s5, s6, pc - 8
core   0: 3 0x80000d74 (0xff6aece3)
core   0: 0x80000d6c (0x00005c7d) c.li    s8, -1
core   0: 3 0x80000d6c (0x5c7d) x24 0xffffffff
core   0: 0x80000d6e (0x00000a9d) c.addi  s5, 7
core   0: 3 0x80000d6e (0x0a9d) x21 0x00000007
core   0: 0x80000d70 (0xa7bf6e13) ori     t3, t5, -1413
core   0: 3 0x80000d70 (0xa7bf6e13) x28 0xfffffa7b
core   0: 0x80000d74 (0xff6aece3) bltu    s5, s6, pc - 8
core   0: 3 0x80000d74 (0xff6aece3)
core   0: 0x80000d6c (0x00005c7d) c.li    s8, -1
core   0: 3 0x80000d6c (0x5c7d) x24 0xffffffff
core   0: 0x80000d6e (0x00000a9d) c.addi  s5, 7
core   0: 3 0x80000d6e (0x0a9d) x21 0x0000000e
core   0: 0x80000d70 (0xa7bf6e13) ori     t3, t5, -1413
core   0: 3 0x80000d70 (0xa7bf6e13) x28 0xfffffa7b
core   0: 0x80000d74 (0xff6aece3) bltu    s5, s6, pc - 8
core   0: 3 0x80000d74 (0xff6aece3)
core   0: 0x80000d6c (0x00005c7d) c.li    s8, -1
core   0: 3 0x80000d6c (0x5c7d) x24 0xffffffff
core   0: 0x80000d6e (0x00000a9d) c.addi  s5, 7
core   0: 3 0x80000d6e (0x0a9d) x21 0x00000015
core   0: 0x80000d70 (0xa7bf6e13) ori     t3, t5, -1413
core   0: 3 0x80000d70 (0xa7bf6e13) x28 0xfffffa7b
core   0: 0x80000d74 (0xff6aece3) bltu    s5, s6, pc - 8
core   0: 3 0x80000d74 (0xff6aece3)
core   0: 0x80000d78 (0x02b6fa33) remu    s4, a3, a1
core   0: 3 0x80000d78 (0x02b6fa33) x20 0x0000031c
core   0: 0x80000d7c (0x01f47833) and     a6, s0, t6
core   0: 3 0x80000d7c (0x01f47833) x16 0x00000000
core   0: 0x80000d80 (0xfde29ce3) bne     t0, t5, pc - 40
core   0: 3 0x80000d80 (0xfde29ce3)
core   0: 0x80000d58 (0x00acf533) and     a0, s9, a0
core   0: 3 0x80000d58 (0x00acf533) x10 0x00000000
core   0: 0x80000d5c (0x00000285) c.addi  t0, 1
core   0: 3 0x80000d5c (0x0285) x 5 0x00000013
core   0: 0x80000d5e (0xa3141c97) auipc   s9, 0xa3141
core   0: 3 0x80000d5e (0xa3141c97) x25 0x23141d5e
core   0: 0x80000d62 (0xff900a93) li      s5, -7
core   0: 3 0x80000d62 (0xff900a93) x21 0xfffffff9
core   0: 0x80000d66 (0x01000b13) li      s6, 16
core   0: 3 0x80000d66 (0x01000b13) x22 0x00000010
core   0: 0x80000d6a (0x00008ca1) c.xor   s1, s0
core   0: 3 0x80000d6a (0x8ca1) x 9 0xfffffffc
core   0: 0x80000d6c (0x00005c7d) c.li    s8, -1
core   0: 3 0x80000d6c (0x5c7d) x24 0xffffffff
core   0: 0x80000d6e (0x00000a9d) c.addi  s5, 7
core   0: 3 0x80000d6e (0x0a9d) x21 0x00000000
core   0: 0x80000d70 (0xa7bf6e13) ori     t3, t5, -1413
core   0: 3 0x80000d70 (0xa7bf6e13) x28 0xfffffa7b
core   0: 0x80000d74 (0xff6aece3) bltu    s5, s6, pc - 8
core   0: 3 0x80000d74 (0xff6aece3)
core   0: 0x80000d6c (0x00005c7d) c.li    s8, -1
core   0: 3 0x80000d6c (0x5c7d) x24 0xffffffff
core   0: 0x80000d6e (0x00000a9d) c.addi  s5, 7
core   0: 3 0x80000d6e (0x0a9d) x21 0x00000007
core   0: 0x80000d70 (0xa7bf6e13) ori     t3, t5, -1413
core   0: 3 0x80000d70 (0xa7bf6e13) x28 0xfffffa7b
core   0: 0x80000d74 (0xff6aece3) bltu    s5, s6, pc - 8
core   0: 3 0x80000d74 (0xff6aece3)
core   0: 0x80000d6c (0x00005c7d) c.li    s8, -1
core   0: 3 0x80000d6c (0x5c7d) x24 0xffffffff
core   0: 0x80000d6e (0x00000a9d) c.addi  s5, 7
core   0: 3 0x80000d6e (0x0a9d) x21 0x0000000e
core   0: 0x80000d70 (0xa7bf6e13) ori     t3, t5, -1413
core   0: 3 0x80000d70 (0xa7bf6e13) x28 0xfffffa7b
core   0: 0x80000d74 (0xff6aece3) bltu    s5, s6, pc - 8
core   0: 3 0x80000d74 (0xff6aece3)
core   0: 0x80000d6c (0x00005c7d) c.li    s8, -1
core   0: 3 0x80000d6c (0x5c7d) x24 0xffffffff
core   0: 0x80000d6e (0x00000a9d) c.addi  s5, 7
core   0: 3 0x80000d6e (0x0a9d) x21 0x00000015
core   0: 0x80000d70 (0xa7bf6e13) ori     t3, t5, -1413
core   0: 3 0x80000d70 (0xa7bf6e13) x28 0xfffffa7b
core   0: 0x80000d74 (0xff6aece3) bltu    s5, s6, pc - 8
core   0: 3 0x80000d74 (0xff6aece3)
core   0: 0x80000d78 (0x02b6fa33) remu    s4, a3, a1
core   0: 3 0x80000d78 (0x02b6fa33) x20 0x0000031c
core   0: 0x80000d7c (0x01f47833) and     a6, s0, t6
core   0: 3 0x80000d7c (0x01f47833) x16 0x00000000
core   0: 0x80000d80 (0xfde29ce3) bne     t0, t5, pc - 40
core   0: 3 0x80000d80 (0xfde29ce3)
core   0: 0x80000d84 (0x000087b5) c.srai  a5, 13
core   0: 3 0x80000d84 (0x87b5) x15 0x0000c91e
core   0: 0x80000d86 (0x00600593) li      a1, 6
core   0: 3 0x80000d86 (0x00600593) x11 0x00000006
core   0: 0x80000d8a (0x02ad1233) mulh    tp, s10, a0
core   0: 3 0x80000d8a (0x02ad1233) x 4 0x00000000
core   0: 0x80000d8e (0x19c073b7) lui     t2, 0x19c07
core   0: 3 0x80000d8e (0x19c073b7) x 7 0x19c07000
core   0: 0x80000d92 (0x000061d5) c.lui   gp, 0x15
core   0: 3 0x80000d92 (0x61d5) x 3 0x00015000
core   0: 0x80000d94 (0x57b00393) li      t2, 1403
core   0: 3 0x80000d94 (0x57b00393) x 7 0x0000057b
core   0: 0x80000d98 (0x0ff0000f) fence   iorw,iorw
core   0: 3 0x80000d98 (0x0ff0000f)
core   0: 0x80000d9c (0x0ff0000f) fence   iorw,iorw
core   0: 3 0x80000d9c (0x0ff0000f)
core   0: 0x80000da0 (0x128ae313) ori     t1, s5, 296
core   0: 3 0x80000da0 (0x128ae313) x 6 0x0000013d
core   0: 0x80000da4 (0x030cf833) remu    a6, s9, a6
core   0: 3 0x80000da4 (0x030cf833) x16 0x23141d5e
core   0: 0x80000da8 (0x00000001) c.nop
core   0: 3 0x80000da8 (0x0001)
core   0: 0x80000daa (0x0000100f) fence.i
core   0: 3 0x80000daa (0x0000100f)
core   0: 0x80000dae (0x0379feb3) remu    t4, s3, s7
core   0: 3 0x80000dae (0x0379feb3) x29 0x00013feb
core   0: 0x80000db2 (0x40d6dab3) sra     s5, a3, a3
core   0: 3 0x80000db2 (0x40d6dab3) x21 0x00000640
core   0: 0x80000db6 (0x000061f1) c.lui   gp, 0x1c
core   0: 3 0x80000db6 (0x61f1) x 3 0x0001c000
core   0: 0x80000db8 (0x00000001) c.nop
core   0: 3 0x80000db8 (0x0001)
core   0: 0x80000dba (0x00004d35) c.li    s10, 13
core   0: 3 0x80000dba (0x4d35) x26 0x0000000d
core   0: 0x80000dbc (0x000015e9) c.addi  a1, -6
core   0: 3 0x80000dbc (0x15e9) x11 0x00000000
core   0: 0x80000dbe (0x03660633) mul     a2, a2, s6
core   0: 3 0x80000dbe (0x03660633) x12 0xfffffeb0
core   0: 0x80000dc2 (0x00800693) li      a3, 8
core   0: 3 0x80000dc2 (0x00800693) x13 0x00000008
core   0: 0x80000dc6 (0x00800993) li      s3, 8
core   0: 3 0x80000dc6 (0x00800993) x19 0x00000008
core   0: 0x80000dca (0x03cb0c33) mul     s8, s6, t3
core   0: 3 0x80000dca (0x03cb0c33) x24 0xffffa7b0
core   0: 0x80000dce (0x00008f2d) c.xor   a4, a1
core   0: 3 0x80000dce (0x8f2d) x14 0x00000054
core   0: 0x80000dd0 (0x037d0333) mul     t1, s10, s7
core   0: 3 0x80000dd0 (0x037d0333) x 6 0x0012b000
core   0: 0x80000dd4 (0x000016ed) c.addi  a3, -5
core   0: 3 0x80000dd4 (0x16ed) x13 0x00000003
core   0: 0x80000dd6 (0x01291833) sll     a6, s2, s2
core   0: 3 0x80000dd6 (0x01291833) x16 0x0026ce40
core   0: 0x80000dda (0xff36fae3) bgeu    a3, s3, pc - 12
core   0: 3 0x80000dda (0xff36fae3)
core   0: 0x80000dde (0x0000fde1) c.bnez  a1, pc - 40
core   0: 3 0x80000dde (0xfde1)
core   0: 0x80000de0 (0x030c8833) mul     a6, s9, a6
core   0: 3 0x80000de0 (0x030c8833) x16 0x509cfb80
core   0: 0x80000de4 (0x00900693) li      a3, 9
core   0: 3 0x80000de4 (0x00900693) x13 0x00000009
core   0: 0x80000de8 (0x98733c13) sltiu   s8, t1, -1657
core   0: 3 0x80000de8 (0x98733c13) x24 0x00000001
core   0: 0x80000dec (0x00300813) li      a6, 3
core   0: 3 0x80000dec (0x00300813) x16 0x00000003
core   0: 0x80000df0 (0x00000001) c.nop
core   0: 3 0x80000df0 (0x0001)
core   0: 0x80000df2 (0x00000001) c.nop
core   0: 3 0x80000df2 (0x0001)
core   0: 0x80000df4 (0x00008e65) c.and   a2, s1
core   0: 3 0x80000df4 (0x8e65) x12 0xfffffeb0
core   0: 0x80000df6 (0x00000001) c.nop
core   0: 3 0x80000df6 (0x0001)
core   0: 0x80000df8 (0x0000893d) c.andi  a0, 15
core   0: 3 0x80000df8 (0x893d) x10 0x00000000
core   0: 0x80000dfa (0x9b490993) addi    s3, s2, -1612
core   0: 3 0x80000dfa (0x9b490993) x19 0x80026698
core   0: 0x80000dfe (0x000016f9) c.addi  a3, -2
core   0: 3 0x80000dfe (0x16f9) x13 0x00000007
core   0: 0x80000e00 (0x0252b0b3) mulhu   ra, t0, t0
core   0: 3 0x80000e00 (0x0252b0b3) x 1 0x00000000
core   0: 0x80000e04 (0xff700193) li      gp, -9
core   0: 3 0x80000e04 (0xff700193) x 3 0xfffffff7
core   0: 0x80000e08 (0x01a69013) slli    zero, a3, 26
core   0: 3 0x80000e08 (0x01a69013)
core   0: 0x80000e0c (0xfef00893) li      a7, -17
core   0: 3 0x80000e0c (0xfef00893) x17 0xffffffef
core   0: 0x80000e10 (0x00e09293) slli    t0, ra, 14
core   0: 3 0x80000e10 (0x00e09293) x 5 0x00000000
core   0: 0x80000e14 (0x00004d55) c.li    s10, 21
core   0: 3 0x80000e14 (0x4d55) x26 0x00000015
core   0: 0x80000e16 (0x01d55793) srli    a5, a0, 29
core   0: 3 0x80000e16 (0x01d55793) x15 0x00000000
core   0: 0x80000e1a (0xb793ed13) ori     s10, t2, -1159
core   0: 3 0x80000e1a (0xb793ed13) x26 0xffffff7b
core   0: 0x80000e1e (0x00008669) c.srai  a2, 26
core   0: 3 0x80000e1e (0x8669) x12 0xffffffff
core   0: 0x80000e20 (0x00008cc9) c.or    s1, a0
core   0: 3 0x80000e20 (0x8cc9) x 9 0xfffffffc
core   0: 0x80000e22 (0x00008c99) c.sub   s1, a4
core   0: 3 0x80000e22 (0x8c99) x 9 0xffffffa8
core   0: 0x80000e24 (0x00008cf9) c.and   s1, a4
core   0: 3 0x80000e24 (0x8cf9) x 9 0x00000000
core   0: 0x80000e26 (0x000005e2) c.slli  a1, 24
core   0: 3 0x80000e26 (0x05e2) x11 0x00000000
core   0: 0x80000e28 (0x000011f9) c.addi  gp, -2
core   0: 3 0x80000e28 (0x11f9) x 3 0xfffffff5
core   0: 0x80000e2a (0xbb19ee13) ori     t3, s3, -1103
core   0: 3 0x80000e2a (0xbb19ee13) x28 0xffffffb9
core   0: 0x80000e2e (0xff1199e3) bne     gp, a7, pc - 14
core   0: 3 0x80000e2e (0xff1199e3)
core   0: 0x80000e20 (0x00008cc9) c.or    s1, a0
core   0: 3 0x80000e20 (0x8cc9) x 9 0x00000000
core   0: 0x80000e22 (0x00008c99) c.sub   s1, a4
core   0: 3 0x80000e22 (0x8c99) x 9 0xffffffac
core   0: 0x80000e24 (0x00008cf9) c.and   s1, a4
core   0: 3 0x80000e24 (0x8cf9) x 9 0x00000004
core   0: 0x80000e26 (0x000005e2) c.slli  a1, 24
core   0: 3 0x80000e26 (0x05e2) x11 0x00000000
core   0: 0x80000e28 (0x000011f9) c.addi  gp, -2
core   0: 3 0x80000e28 (0x11f9) x 3 0xfffffff3
core   0: 0x80000e2a (0xbb19ee13) ori     t3, s3, -1103
core   0: 3 0x80000e2a (0xbb19ee13) x28 0xffffffb9
core   0: 0x80000e2e (0xff1199e3) bne     gp, a7, pc - 14
core   0: 3 0x80000e2e (0xff1199e3)
core   0: 0x80000e20 (0x00008cc9) c.or    s1, a0
core   0: 3 0x80000e20 (0x8cc9) x 9 0x00000004
core   0: 0x80000e22 (0x00008c99) c.sub   s1, a4
core   0: 3 0x80000e22 (0x8c99) x 9 0xffffffb0
core   0: 0x80000e24 (0x00008cf9) c.and   s1, a4
core   0: 3 0x80000e24 (0x8cf9) x 9 0x00000010
core   0: 0x80000e26 (0x000005e2) c.slli  a1, 24
core   0: 3 0x80000e26 (0x05e2) x11 0x00000000
core   0: 0x80000e28 (0x000011f9) c.addi  gp, -2
core   0: 3 0x80000e28 (0x11f9) x 3 0xfffffff1
core   0: 0x80000e2a (0xbb19ee13) ori     t3, s3, -1103
core   0: 3 0x80000e2a (0xbb19ee13) x28 0xffffffb9
core   0: 0x80000e2e (0xff1199e3) bne     gp, a7, pc - 14
core   0: 3 0x80000e2e (0xff1199e3)
core   0: 0x80000e20 (0x00008cc9) c.or    s1, a0
core   0: 3 0x80000e20 (0x8cc9) x 9 0x00000010
core   0: 0x80000e22 (0x00008c99) c.sub   s1, a4
core   0: 3 0x80000e22 (0x8c99) x 9 0xffffffbc
core   0: 0x80000e24 (0x00008cf9) c.and   s1, a4
core   0: 3 0x80000e24 (0x8cf9) x 9 0x00000014
core   0: 0x80000e26 (0x000005e2) c.slli  a1, 24
core   0: 3 0x80000e26 (0x05e2) x11 0x00000000
core   0: 0x80000e28 (0x000011f9) c.addi  gp, -2
core   0: 3 0x80000e28 (0x11f9) x 3 0xffffffef
core   0: 0x80000e2a (0xbb19ee13) ori     t3, s3, -1103
core   0: 3 0x80000e2a (0xbb19ee13) x28 0xffffffb9
core   0: 0x80000e2e (0xff1199e3) bne     gp, a7, pc - 14
core   0: 3 0x80000e2e (0xff1199e3)
core   0: 0x80000e32 (0x00008336) c.mv    t1, a3
core   0: 3 0x80000e32 (0x8336) x 6 0x00000007
core   0: 0x80000e34 (0x00000001) c.nop
core   0: 3 0x80000e34 (0x0001)
core   0: 0x80000e36 (0x00008d01) c.sub   a0, s0
core   0: 3 0x80000e36 (0x8d01) x10 0x00000000
core   0: 0x80000e38 (0xcbe9e797) auipc   a5, 0xcbe9e
core   0: 3 0x80000e38 (0xcbe9e797) x15 0x4be9ee38
core   0: 0x80000e3c (0x00008cc9) c.or    s1, a0
core   0: 3 0x80000e3c (0x8cc9) x 9 0x00000014
core   0: 0x80000e3e (0xfb06fee3) bgeu    a3, a6, pc - 68
core   0: 3 0x80000e3e (0xfb06fee3)
core   0: 0x80000dfa (0x9b490993) addi    s3, s2, -1612
core   0: 3 0x80000dfa (0x9b490993) x19 0x80026698
core   0: 0x80000dfe (0x000016f9) c.addi  a3, -2
core   0: 3 0x80000dfe (0x16f9) x13 0x00000005
core   0: 0x80000e00 (0x0252b0b3) mulhu   ra, t0, t0
core   0: 3 0x80000e00 (0x0252b0b3) x 1 0x00000000
core   0: 0x80000e04 (0xff700193) li      gp, -9
core   0: 3 0x80000e04 (0xff700193) x 3 0xfffffff7
core   0: 0x80000e08 (0x01a69013) slli    zero, a3, 26
core   0: 3 0x80000e08 (0x01a69013)
core   0: 0x80000e0c (0xfef00893) li      a7, -17
core   0: 3 0x80000e0c (0xfef00893) x17 0xffffffef
core   0: 0x80000e10 (0x00e09293) slli    t0, ra, 14
core   0: 3 0x80000e10 (0x00e09293) x 5 0x00000000
core   0: 0x80000e14 (0x00004d55) c.li    s10, 21
core   0: 3 0x80000e14 (0x4d55) x26 0x00000015
core   0: 0x80000e16 (0x01d55793) srli    a5, a0, 29
core   0: 3 0x80000e16 (0x01d55793) x15 0x00000000
core   0: 0x80000e1a (0xb793ed13) ori     s10, t2, -1159
core   0: 3 0x80000e1a (0xb793ed13) x26 0xffffff7b
core   0: 0x80000e1e (0x00008669) c.srai  a2, 26
core   0: 3 0x80000e1e (0x8669) x12 0xffffffff
core   0: 0x80000e20 (0x00008cc9) c.or    s1, a0
core   0: 3 0x80000e20 (0x8cc9) x 9 0x00000014
core   0: 0x80000e22 (0x00008c99) c.sub   s1, a4
core   0: 3 0x80000e22 (0x8c99) x 9 0xffffffc0
core   0: 0x80000e24 (0x00008cf9) c.and   s1, a4
core   0: 3 0x80000e24 (0x8cf9) x 9 0x00000040
core   0: 0x80000e26 (0x000005e2) c.slli  a1, 24
core   0: 3 0x80000e26 (0x05e2) x11 0x00000000
core   0: 0x80000e28 (0x000011f9) c.addi  gp, -2
core   0: 3 0x80000e28 (0x11f9) x 3 0xfffffff5
core   0: 0x80000e2a (0xbb19ee13) ori     t3, s3, -1103
core   0: 3 0x80000e2a (0xbb19ee13) x28 0xffffffb9
core   0: 0x80000e2e (0xff1199e3) bne     gp, a7, pc - 14
core   0: 3 0x80000e2e (0xff1199e3)
core   0: 0x80000e20 (0x00008cc9) c.or    s1, a0
core   0: 3 0x80000e20 (0x8cc9) x 9 0x00000040
core   0: 0x80000e22 (0x00008c99) c.sub   s1, a4
core   0: 3 0x80000e22 (0x8c99) x 9 0xffffffec
core   0: 0x80000e24 (0x00008cf9) c.and   s1, a4
core   0: 3 0x80000e24 (0x8cf9) x 9 0x00000044
core   0: 0x80000e26 (0x000005e2) c.slli  a1, 24
core   0: 3 0x80000e26 (0x05e2) x11 0x00000000
core   0: 0x80000e28 (0x000011f9) c.addi  gp, -2
core   0: 3 0x80000e28 (0x11f9) x 3 0xfffffff3
core   0: 0x80000e2a (0xbb19ee13) ori     t3, s3, -1103
core   0: 3 0x80000e2a (0xbb19ee13) x28 0xffffffb9
core   0: 0x80000e2e (0xff1199e3) bne     gp, a7, pc - 14
core   0: 3 0x80000e2e (0xff1199e3)
core   0: 0x80000e20 (0x00008cc9) c.or    s1, a0
core   0: 3 0x80000e20 (0x8cc9) x 9 0x00000044
core   0: 0x80000e22 (0x00008c99) c.sub   s1, a4
core   0: 3 0x80000e22 (0x8c99) x 9 0xfffffff0
core   0: 0x80000e24 (0x00008cf9) c.and   s1, a4
core   0: 3 0x80000e24 (0x8cf9) x 9 0x00000050
core   0: 0x80000e26 (0x000005e2) c.slli  a1, 24
core   0: 3 0x80000e26 (0x05e2) x11 0x00000000
core   0: 0x80000e28 (0x000011f9) c.addi  gp, -2
core   0: 3 0x80000e28 (0x11f9) x 3 0xfffffff1
core   0: 0x80000e2a (0xbb19ee13) ori     t3, s3, -1103
core   0: 3 0x80000e2a (0xbb19ee13) x28 0xffffffb9
core   0: 0x80000e2e (0xff1199e3) bne     gp, a7, pc - 14
core   0: 3 0x80000e2e (0xff1199e3)
core   0: 0x80000e20 (0x00008cc9) c.or    s1, a0
core   0: 3 0x80000e20 (0x8cc9) x 9 0x00000050
core   0: 0x80000e22 (0x00008c99) c.sub   s1, a4
core   0: 3 0x80000e22 (0x8c99) x 9 0xfffffffc
core   0: 0x80000e24 (0x00008cf9) c.and   s1, a4
core   0: 3 0x80000e24 (0x8cf9) x 9 0x00000054
core   0: 0x80000e26 (0x000005e2) c.slli  a1, 24
core   0: 3 0x80000e26 (0x05e2) x11 0x00000000
core   0: 0x80000e28 (0x000011f9) c.addi  gp, -2
core   0: 3 0x80000e28 (0x11f9) x 3 0xffffffef
core   0: 0x80000e2a (0xbb19ee13) ori     t3, s3, -1103
core   0: 3 0x80000e2a (0xbb19ee13) x28 0xffffffb9
core   0: 0x80000e2e (0xff1199e3) bne     gp, a7, pc - 14
core   0: 3 0x80000e2e (0xff1199e3)
core   0: 0x80000e32 (0x00008336) c.mv    t1, a3
core   0: 3 0x80000e32 (0x8336) x 6 0x00000005
core   0: 0x80000e34 (0x00000001) c.nop
core   0: 3 0x80000e34 (0x0001)
core   0: 0x80000e36 (0x00008d01) c.sub   a0, s0
core   0: 3 0x80000e36 (0x8d01) x10 0x00000000
core   0: 0x80000e38 (0xcbe9e797) auipc   a5, 0xcbe9e
core   0: 3 0x80000e38 (0xcbe9e797) x15 0x4be9ee38
core   0: 0x80000e3c (0x00008cc9) c.or    s1, a0
core   0: 3 0x80000e3c (0x8cc9) x 9 0x00000054
core   0: 0x80000e3e (0xfb06fee3) bgeu    a3, a6, pc - 68
core   0: 3 0x80000e3e (0xfb06fee3)
core   0: 0x80000dfa (0x9b490993) addi    s3, s2, -1612
core   0: 3 0x80000dfa (0x9b490993) x19 0x80026698
core   0: 0x80000dfe (0x000016f9) c.addi  a3, -2
core   0: 3 0x80000dfe (0x16f9) x13 0x00000003
core   0: 0x80000e00 (0x0252b0b3) mulhu   ra, t0, t0
core   0: 3 0x80000e00 (0x0252b0b3) x 1 0x00000000
core   0: 0x80000e04 (0xff700193) li      gp, -9
core   0: 3 0x80000e04 (0xff700193) x 3 0xfffffff7
core   0: 0x80000e08 (0x01a69013) slli    zero, a3, 26
core   0: 3 0x80000e08 (0x01a69013)
core   0: 0x80000e0c (0xfef00893) li      a7, -17
core   0: 3 0x80000e0c (0xfef00893) x17 0xffffffef
core   0: 0x80000e10 (0x00e09293) slli    t0, ra, 14
core   0: 3 0x80000e10 (0x00e09293) x 5 0x00000000
core   0: 0x80000e14 (0x00004d55) c.li    s10, 21
core   0: 3 0x80000e14 (0x4d55) x26 0x00000015
core   0: 0x80000e16 (0x01d55793) srli    a5, a0, 29
core   0: 3 0x80000e16 (0x01d55793) x15 0x00000000
core   0: 0x80000e1a (0xb793ed13) ori     s10, t2, -1159
core   0: 3 0x80000e1a (0xb793ed13) x26 0xffffff7b
core   0: 0x80000e1e (0x00008669) c.srai  a2, 26
core   0: 3 0x80000e1e (0x8669) x12 0xffffffff
core   0: 0x80000e20 (0x00008cc9) c.or    s1, a0
core   0: 3 0x80000e20 (0x8cc9) x 9 0x00000054
core   0: 0x80000e22 (0x00008c99) c.sub   s1, a4
core   0: 3 0x80000e22 (0x8c99) x 9 0x00000000
core   0: 0x80000e24 (0x00008cf9) c.and   s1, a4
core   0: 3 0x80000e24 (0x8cf9) x 9 0x00000000
core   0: 0x80000e26 (0x000005e2) c.slli  a1, 24
core   0: 3 0x80000e26 (0x05e2) x11 0x00000000
core   0: 0x80000e28 (0x000011f9) c.addi  gp, -2
core   0: 3 0x80000e28 (0x11f9) x 3 0xfffffff5
core   0: 0x80000e2a (0xbb19ee13) ori     t3, s3, -1103
core   0: 3 0x80000e2a (0xbb19ee13) x28 0xffffffb9
core   0: 0x80000e2e (0xff1199e3) bne     gp, a7, pc - 14
core   0: 3 0x80000e2e (0xff1199e3)
core   0: 0x80000e20 (0x00008cc9) c.or    s1, a0
core   0: 3 0x80000e20 (0x8cc9) x 9 0x00000000
core   0: 0x80000e22 (0x00008c99) c.sub   s1, a4
core   0: 3 0x80000e22 (0x8c99) x 9 0xffffffac
core   0: 0x80000e24 (0x00008cf9) c.and   s1, a4
core   0: 3 0x80000e24 (0x8cf9) x 9 0x00000004
core   0: 0x80000e26 (0x000005e2) c.slli  a1, 24
core   0: 3 0x80000e26 (0x05e2) x11 0x00000000
core   0: 0x80000e28 (0x000011f9) c.addi  gp, -2
core   0: 3 0x80000e28 (0x11f9) x 3 0xfffffff3
core   0: 0x80000e2a (0xbb19ee13) ori     t3, s3, -1103
core   0: 3 0x80000e2a (0xbb19ee13) x28 0xffffffb9
core   0: 0x80000e2e (0xff1199e3) bne     gp, a7, pc - 14
core   0: 3 0x80000e2e (0xff1199e3)
core   0: 0x80000e20 (0x00008cc9) c.or    s1, a0
core   0: 3 0x80000e20 (0x8cc9) x 9 0x00000004
core   0: 0x80000e22 (0x00008c99) c.sub   s1, a4
core   0: 3 0x80000e22 (0x8c99) x 9 0xffffffb0
core   0: 0x80000e24 (0x00008cf9) c.and   s1, a4
core   0: 3 0x80000e24 (0x8cf9) x 9 0x00000010
core   0: 0x80000e26 (0x000005e2) c.slli  a1, 24
core   0: 3 0x80000e26 (0x05e2) x11 0x00000000
core   0: 0x80000e28 (0x000011f9) c.addi  gp, -2
core   0: 3 0x80000e28 (0x11f9) x 3 0xfffffff1
core   0: 0x80000e2a (0xbb19ee13) ori     t3, s3, -1103
core   0: 3 0x80000e2a (0xbb19ee13) x28 0xffffffb9
core   0: 0x80000e2e (0xff1199e3) bne     gp, a7, pc - 14
core   0: 3 0x80000e2e (0xff1199e3)
core   0: 0x80000e20 (0x00008cc9) c.or    s1, a0
core   0: 3 0x80000e20 (0x8cc9) x 9 0x00000010
core   0: 0x80000e22 (0x00008c99) c.sub   s1, a4
core   0: 3 0x80000e22 (0x8c99) x 9 0xffffffbc
core   0: 0x80000e24 (0x00008cf9) c.and   s1, a4
core   0: 3 0x80000e24 (0x8cf9) x 9 0x00000014
core   0: 0x80000e26 (0x000005e2) c.slli  a1, 24
core   0: 3 0x80000e26 (0x05e2) x11 0x00000000
core   0: 0x80000e28 (0x000011f9) c.addi  gp, -2
core   0: 3 0x80000e28 (0x11f9) x 3 0xffffffef
core   0: 0x80000e2a (0xbb19ee13) ori     t3, s3, -1103
core   0: 3 0x80000e2a (0xbb19ee13) x28 0xffffffb9
core   0: 0x80000e2e (0xff1199e3) bne     gp, a7, pc - 14
core   0: 3 0x80000e2e (0xff1199e3)
core   0: 0x80000e32 (0x00008336) c.mv    t1, a3
core   0: 3 0x80000e32 (0x8336) x 6 0x00000003
core   0: 0x80000e34 (0x00000001) c.nop
core   0: 3 0x80000e34 (0x0001)
core   0: 0x80000e36 (0x00008d01) c.sub   a0, s0
core   0: 3 0x80000e36 (0x8d01) x10 0x00000000
core   0: 0x80000e38 (0xcbe9e797) auipc   a5, 0xcbe9e
core   0: 3 0x80000e38 (0xcbe9e797) x15 0x4be9ee38
core   0: 0x80000e3c (0x00008cc9) c.or    s1, a0
core   0: 3 0x80000e3c (0x8cc9) x 9 0x00000014
core   0: 0x80000e3e (0xfb06fee3) bgeu    a3, a6, pc - 68
core   0: 3 0x80000e3e (0xfb06fee3)
core   0: 0x80000dfa (0x9b490993) addi    s3, s2, -1612
core   0: 3 0x80000dfa (0x9b490993) x19 0x80026698
core   0: 0x80000dfe (0x000016f9) c.addi  a3, -2
core   0: 3 0x80000dfe (0x16f9) x13 0x00000001
core   0: 0x80000e00 (0x0252b0b3) mulhu   ra, t0, t0
core   0: 3 0x80000e00 (0x0252b0b3) x 1 0x00000000
core   0: 0x80000e04 (0xff700193) li      gp, -9
core   0: 3 0x80000e04 (0xff700193) x 3 0xfffffff7
core   0: 0x80000e08 (0x01a69013) slli    zero, a3, 26
core   0: 3 0x80000e08 (0x01a69013)
core   0: 0x80000e0c (0xfef00893) li      a7, -17
core   0: 3 0x80000e0c (0xfef00893) x17 0xffffffef
core   0: 0x80000e10 (0x00e09293) slli    t0, ra, 14
core   0: 3 0x80000e10 (0x00e09293) x 5 0x00000000
core   0: 0x80000e14 (0x00004d55) c.li    s10, 21
core   0: 3 0x80000e14 (0x4d55) x26 0x00000015
core   0: 0x80000e16 (0x01d55793) srli    a5, a0, 29
core   0: 3 0x80000e16 (0x01d55793) x15 0x00000000
core   0: 0x80000e1a (0xb793ed13) ori     s10, t2, -1159
core   0: 3 0x80000e1a (0xb793ed13) x26 0xffffff7b
core   0: 0x80000e1e (0x00008669) c.srai  a2, 26
core   0: 3 0x80000e1e (0x8669) x12 0xffffffff
core   0: 0x80000e20 (0x00008cc9) c.or    s1, a0
core   0: 3 0x80000e20 (0x8cc9) x 9 0x00000014
core   0: 0x80000e22 (0x00008c99) c.sub   s1, a4
core   0: 3 0x80000e22 (0x8c99) x 9 0xffffffc0
core   0: 0x80000e24 (0x00008cf9) c.and   s1, a4
core   0: 3 0x80000e24 (0x8cf9) x 9 0x00000040
core   0: 0x80000e26 (0x000005e2) c.slli  a1, 24
core   0: 3 0x80000e26 (0x05e2) x11 0x00000000
core   0: 0x80000e28 (0x000011f9) c.addi  gp, -2
core   0: 3 0x80000e28 (0x11f9) x 3 0xfffffff5
core   0: 0x80000e2a (0xbb19ee13) ori     t3, s3, -1103
core   0: 3 0x80000e2a (0xbb19ee13) x28 0xffffffb9
core   0: 0x80000e2e (0xff1199e3) bne     gp, a7, pc - 14
core   0: 3 0x80000e2e (0xff1199e3)
core   0: 0x80000e20 (0x00008cc9) c.or    s1, a0
core   0: 3 0x80000e20 (0x8cc9) x 9 0x00000040
core   0: 0x80000e22 (0x00008c99) c.sub   s1, a4
core   0: 3 0x80000e22 (0x8c99) x 9 0xffffffec
core   0: 0x80000e24 (0x00008cf9) c.and   s1, a4
core   0: 3 0x80000e24 (0x8cf9) x 9 0x00000044
core   0: 0x80000e26 (0x000005e2) c.slli  a1, 24
core   0: 3 0x80000e26 (0x05e2) x11 0x00000000
core   0: 0x80000e28 (0x000011f9) c.addi  gp, -2
core   0: 3 0x80000e28 (0x11f9) x 3 0xfffffff3
core   0: 0x80000e2a (0xbb19ee13) ori     t3, s3, -1103
core   0: 3 0x80000e2a (0xbb19ee13) x28 0xffffffb9
core   0: 0x80000e2e (0xff1199e3) bne     gp, a7, pc - 14
core   0: 3 0x80000e2e (0xff1199e3)
core   0: 0x80000e20 (0x00008cc9) c.or    s1, a0
core   0: 3 0x80000e20 (0x8cc9) x 9 0x00000044
core   0: 0x80000e22 (0x00008c99) c.sub   s1, a4
core   0: 3 0x80000e22 (0x8c99) x 9 0xfffffff0
core   0: 0x80000e24 (0x00008cf9) c.and   s1, a4
core   0: 3 0x80000e24 (0x8cf9) x 9 0x00000050
core   0: 0x80000e26 (0x000005e2) c.slli  a1, 24
core   0: 3 0x80000e26 (0x05e2) x11 0x00000000
core   0: 0x80000e28 (0x000011f9) c.addi  gp, -2
core   0: 3 0x80000e28 (0x11f9) x 3 0xfffffff1
core   0: 0x80000e2a (0xbb19ee13) ori     t3, s3, -1103
core   0: 3 0x80000e2a (0xbb19ee13) x28 0xffffffb9
core   0: 0x80000e2e (0xff1199e3) bne     gp, a7, pc - 14
core   0: 3 0x80000e2e (0xff1199e3)
core   0: 0x80000e20 (0x00008cc9) c.or    s1, a0
core   0: 3 0x80000e20 (0x8cc9) x 9 0x00000050
core   0: 0x80000e22 (0x00008c99) c.sub   s1, a4
core   0: 3 0x80000e22 (0x8c99) x 9 0xfffffffc
core   0: 0x80000e24 (0x00008cf9) c.and   s1, a4
core   0: 3 0x80000e24 (0x8cf9) x 9 0x00000054
core   0: 0x80000e26 (0x000005e2) c.slli  a1, 24
core   0: 3 0x80000e26 (0x05e2) x11 0x00000000
core   0: 0x80000e28 (0x000011f9) c.addi  gp, -2
core   0: 3 0x80000e28 (0x11f9) x 3 0xffffffef
core   0: 0x80000e2a (0xbb19ee13) ori     t3, s3, -1103
core   0: 3 0x80000e2a (0xbb19ee13) x28 0xffffffb9
core   0: 0x80000e2e (0xff1199e3) bne     gp, a7, pc - 14
core   0: 3 0x80000e2e (0xff1199e3)
core   0: 0x80000e32 (0x00008336) c.mv    t1, a3
core   0: 3 0x80000e32 (0x8336) x 6 0x00000001
core   0: 0x80000e34 (0x00000001) c.nop
core   0: 3 0x80000e34 (0x0001)
core   0: 0x80000e36 (0x00008d01) c.sub   a0, s0
core   0: 3 0x80000e36 (0x8d01) x10 0x00000000
core   0: 0x80000e38 (0xcbe9e797) auipc   a5, 0xcbe9e
core   0: 3 0x80000e38 (0xcbe9e797) x15 0x4be9ee38
core   0: 0x80000e3c (0x00008cc9) c.or    s1, a0
core   0: 3 0x80000e3c (0x8cc9) x 9 0x00000054
core   0: 0x80000e3e (0xfb06fee3) bgeu    a3, a6, pc - 68
core   0: 3 0x80000e3e (0xfb06fee3)
core   0: 0x80000e42 (0x00008cc5) c.or    s1, s1
core   0: 3 0x80000e42 (0x8cc5) x 9 0x00000054
core   0: 0x80000e44 (0x00a00a93) li      s5, 10
core   0: 3 0x80000e44 (0x00a00a93) x21 0x0000000a
core   0: 0x80000e48 (0x015917b3) sll     a5, s2, s5
core   0: 3 0x80000e48 (0x015917b3) x15 0x09b39000
core   0: 0x80000e4c (0x67c73493) sltiu   s1, a4, 1660
core   0: 3 0x80000e4c (0x67c73493) x 9 0x00000001
core   0: 0x80000e50 (0x03692a33) mulhsu  s4, s2, s6
core   0: 3 0x80000e50 (0x03692a33) x20 0xfffffff8
core   0: 0x80000e54 (0x00004169) c.li    sp, 26
core   0: 3 0x80000e54 (0x4169) x 2 0x0000001a
core   0: 0x80000e56 (0x02b3f833) remu    a6, t2, a1
core   0: 3 0x80000e56 (0x02b3f833) x16 0x0000057b
core   0: 0x80000e5a (0x016ca333) slt     t1, s9, s6
core   0: 3 0x80000e5a (0x016ca333) x 6 0x00000000
core   0: 0x80000e5e (0x8ce39037) lui     zero, 0x8ce39
core   0: 3 0x80000e5e (0x8ce39037)
core   0: 0x80000e62 (0xfec00f13) li      t5, -20
core   0: 3 0x80000e62 (0xfec00f13) x30 0xffffffec
core   0: 0x80000e66 (0x0108fbb3) and     s7, a7, a6
core   0: 3 0x80000e66 (0x0108fbb3) x23 0x0000056b
core   0: 0x80000e6a (0x00009842) c.add   a6, a6
core   0: 3 0x80000e6a (0x9842) x16 0x00000af6
core   0: 0x80000e6c (0x00000001) c.nop
core   0: 3 0x80000e6c (0x0001)
core   0: 0x80000e6e (0x0168fbb3) and     s7, a7, s6
core   0: 3 0x80000e6e (0x0168fbb3) x23 0x00000000
core   0: 0x80000e72 (0x1edb2e13) slti    t3, s6, 493
core   0: 3 0x80000e72 (0x1edb2e13) x28 0x00000001
core   0: 0x80000e76 (0x026ac2b3) div     t0, s5, t1
core   0: 3 0x80000e76 (0x026ac2b3) x 5 0xffffffff
core   0: 0x80000e7a (0x00000001) c.nop
core   0: 3 0x80000e7a (0x0001)
core   0: 0x80000e7c (0x00001c7d) c.addi  s8, -1
core   0: 3 0x80000e7c (0x1c7d) x24 0x00000000
core   0: 0x80000e7e (0x00001ae9) c.addi  s5, -6
core   0: 3 0x80000e7e (0x1ae9) x21 0x00000004
core   0: 0x80000e80 (0x6509b793) sltiu   a5, s3, 1616
core   0: 3 0x80000e80 (0x6509b793) x15 0x00000000
core   0: 0x80000e84 (0x01e2c533) xor     a0, t0, t5
core   0: 3 0x80000e84 (0x01e2c533) x10 0x00000013
core   0: 0x80000e88 (0x03bb1533) mulh    a0, s6, s11
core   0: 3 0x80000e88 (0x03bb1533) x10 0xfffffff8
core   0: 0x80000e8c (0x00000a52) c.slli  s4, 20
core   0: 3 0x80000e8c (0x0a52) x20 0xff800000
core   0: 0x80000e8e (0x0ff0000f) fence   iorw,iorw
core   0: 3 0x80000e8e (0x0ff0000f)
core   0: 0x80000e92 (0xeb3f3293) sltiu   t0, t5, -333
core   0: 3 0x80000e92 (0xeb3f3293) x 5 0x00000000
core   0: 0x80000e96 (0xffea92e3) bne     s5, t5, pc - 28
core   0: 3 0x80000e96 (0xffea92e3)
core   0: 0x80000e7a (0x00000001) c.nop
core   0: 3 0x80000e7a (0x0001)
core   0: 0x80000e7c (0x00001c7d) c.addi  s8, -1
core   0: 3 0x80000e7c (0x1c7d) x24 0xffffffff
core   0: 0x80000e7e (0x00001ae9) c.addi  s5, -6
core   0: 3 0x80000e7e (0x1ae9) x21 0xfffffffe
core   0: 0x80000e80 (0x6509b793) sltiu   a5, s3, 1616
core   0: 3 0x80000e80 (0x6509b793) x15 0x00000000
core   0: 0x80000e84 (0x01e2c533) xor     a0, t0, t5
core   0: 3 0x80000e84 (0x01e2c533) x10 0xffffffec
core   0: 0x80000e88 (0x03bb1533) mulh    a0, s6, s11
core   0: 3 0x80000e88 (0x03bb1533) x10 0xfffffff8
core   0: 0x80000e8c (0x00000a52) c.slli  s4, 20
core   0: 3 0x80000e8c (0x0a52) x20 0x00000000
core   0: 0x80000e8e (0x0ff0000f) fence   iorw,iorw
core   0: 3 0x80000e8e (0x0ff0000f)
core   0: 0x80000e92 (0xeb3f3293) sltiu   t0, t5, -333
core   0: 3 0x80000e92 (0xeb3f3293) x 5 0x00000000
core   0: 0x80000e96 (0xffea92e3) bne     s5, t5, pc - 28
core   0: 3 0x80000e96 (0xffea92e3)
core   0: 0x80000e7a (0x00000001) c.nop
core   0: 3 0x80000e7a (0x0001)
core   0: 0x80000e7c (0x00001c7d) c.addi  s8, -1
core   0: 3 0x80000e7c (0x1c7d) x24 0xfffffffe
core   0: 0x80000e7e (0x00001ae9) c.addi  s5, -6
core   0: 3 0x80000e7e (0x1ae9) x21 0xfffffff8
core   0: 0x80000e80 (0x6509b793) sltiu   a5, s3, 1616
core   0: 3 0x80000e80 (0x6509b793) x15 0x00000000
core   0: 0x80000e84 (0x01e2c533) xor     a0, t0, t5
core   0: 3 0x80000e84 (0x01e2c533) x10 0xffffffec
core   0: 0x80000e88 (0x03bb1533) mulh    a0, s6, s11
core   0: 3 0x80000e88 (0x03bb1533) x10 0xfffffff8
core   0: 0x80000e8c (0x00000a52) c.slli  s4, 20
core   0: 3 0x80000e8c (0x0a52) x20 0x00000000
core   0: 0x80000e8e (0x0ff0000f) fence   iorw,iorw
core   0: 3 0x80000e8e (0x0ff0000f)
core   0: 0x80000e92 (0xeb3f3293) sltiu   t0, t5, -333
core   0: 3 0x80000e92 (0xeb3f3293) x 5 0x00000000
core   0: 0x80000e96 (0xffea92e3) bne     s5, t5, pc - 28
core   0: 3 0x80000e96 (0xffea92e3)
core   0: 0x80000e7a (0x00000001) c.nop
core   0: 3 0x80000e7a (0x0001)
core   0: 0x80000e7c (0x00001c7d) c.addi  s8, -1
core   0: 3 0x80000e7c (0x1c7d) x24 0xfffffffd
core   0: 0x80000e7e (0x00001ae9) c.addi  s5, -6
core   0: 3 0x80000e7e (0x1ae9) x21 0xfffffff2
core   0: 0x80000e80 (0x6509b793) sltiu   a5, s3, 1616
core   0: 3 0x80000e80 (0x6509b793) x15 0x00000000
core   0: 0x80000e84 (0x01e2c533) xor     a0, t0, t5
core   0: 3 0x80000e84 (0x01e2c533) x10 0xffffffec
core   0: 0x80000e88 (0x03bb1533) mulh    a0, s6, s11
core   0: 3 0x80000e88 (0x03bb1533) x10 0xfffffff8
core   0: 0x80000e8c (0x00000a52) c.slli  s4, 20
core   0: 3 0x80000e8c (0x0a52) x20 0x00000000
core   0: 0x80000e8e (0x0ff0000f) fence   iorw,iorw
core   0: 3 0x80000e8e (0x0ff0000f)
core   0: 0x80000e92 (0xeb3f3293) sltiu   t0, t5, -333
core   0: 3 0x80000e92 (0xeb3f3293) x 5 0x00000000
core   0: 0x80000e96 (0xffea92e3) bne     s5, t5, pc - 28
core   0: 3 0x80000e96 (0xffea92e3)
core   0: 0x80000e7a (0x00000001) c.nop
core   0: 3 0x80000e7a (0x0001)
core   0: 0x80000e7c (0x00001c7d) c.addi  s8, -1
core   0: 3 0x80000e7c (0x1c7d) x24 0xfffffffc
core   0: 0x80000e7e (0x00001ae9) c.addi  s5, -6
core   0: 3 0x80000e7e (0x1ae9) x21 0xffffffec
core   0: 0x80000e80 (0x6509b793) sltiu   a5, s3, 1616
core   0: 3 0x80000e80 (0x6509b793) x15 0x00000000
core   0: 0x80000e84 (0x01e2c533) xor     a0, t0, t5
core   0: 3 0x80000e84 (0x01e2c533) x10 0xffffffec
core   0: 0x80000e88 (0x03bb1533) mulh    a0, s6, s11
core   0: 3 0x80000e88 (0x03bb1533) x10 0xfffffff8
core   0: 0x80000e8c (0x00000a52) c.slli  s4, 20
core   0: 3 0x80000e8c (0x0a52) x20 0x00000000
core   0: 0x80000e8e (0x0ff0000f) fence   iorw,iorw
core   0: 3 0x80000e8e (0x0ff0000f)
core   0: 0x80000e92 (0xeb3f3293) sltiu   t0, t5, -333
core   0: 3 0x80000e92 (0xeb3f3293) x 5 0x00000000
core   0: 0x80000e96 (0xffea92e3) bne     s5, t5, pc - 28
core   0: 3 0x80000e96 (0xffea92e3)
core   0: 0x80000e9a (0x00008f21) c.xor   a4, s0
core   0: 3 0x80000e9a (0x8f21) x14 0x00000054
core   0: 0x80000e9c (0x00400c13) li      s8, 4
core   0: 3 0x80000e9c (0x00400c13) x24 0x00000004
core   0: 0x80000ea0 (0x79bfdf37) lui     t5, 0x79bfd
core   0: 3 0x80000ea0 (0x79bfdf37) x30 0x79bfd000
core   0: 0x80000ea4 (0x00008089) c.srli  s1, 2
core   0: 3 0x80000ea4 (0x8089) x 9 0x00000000
core   0: 0x80000ea6 (0x00008f25) c.xor   a4, s1
core   0: 3 0x80000ea6 (0x8f25) x14 0x00000054
core   0: 0x80000ea8 (0x02ab79b3) remu    s3, s6, a0
core   0: 3 0x80000ea8 (0x02ab79b3) x19 0x00000010
core   0: 0x80000eac (0x00300e13) li      t3, 3
core   0: 3 0x80000eac (0x00300e13) x28 0x00000003
core   0: 0x80000eb0 (0x290f7993) andi    s3, t5, 656
core   0: 3 0x80000eb0 (0x290f7993) x19 0x00000000
core   0: 0x80000eb4 (0x03f517b3) mulh    a5, a0, t6
core   0: 3 0x80000eb4 (0x03f517b3) x15 0x00000000
core   0: 0x80000eb8 (0x00008355) c.srli  a4, 21
core   0: 3 0x80000eb8 (0x8355) x14 0x00000000
core   0: 0x80000eba (0xccca3d13) sltiu   s10, s4, -820
core   0: 3 0x80000eba (0xccca3d13) x26 0x00000001
core   0: 0x80000ebe (0x00001c79) c.addi  s8, -2
core   0: 3 0x80000ebe (0x1c79) x24 0x00000002
core   0: 0x80000ec0 (0xffd00e93) li      t4, -3
core   0: 3 0x80000ec0 (0xffd00e93) x29 0xfffffffd
core   0: 0x80000ec4 (0xff100513) li      a0, -15
core   0: 3 0x80000ec4 (0xff100513) x10 0xfffffff1
core   0: 0x80000ec8 (0x00000f86) c.slli  t6, 1
core   0: 3 0x80000ec8 (0x0f86) x31 0x00000000
core   0: 0x80000eca (0xcaf8df97) auipc   t6, 0xcaf8d
core   0: 3 0x80000eca (0xcaf8df97) x31 0x4af8deca
core   0: 0x80000ece (0x01e7d1b3) srl     gp, a5, t5
core   0: 3 0x80000ece (0x01e7d1b3) x 3 0x00000000
core   0: 0x80000ed2 (0x0000717d) c.addi16sp sp, -16
core   0: 3 0x80000ed2 (0x717d) x 2 0x0000000a
core   0: 0x80000ed4 (0x00000784) c.addi4spn s1, sp, 960
core   0: 3 0x80000ed4 (0x0784) x 9 0x000003ca
core   0: 0x80000ed6 (0x00009f72) c.add   t5, t3
core   0: 3 0x80000ed6 (0x9f72) x30 0x79bfd003
core   0: 0x80000ed8 (0x0084dab3) srl     s5, s1, s0
core   0: 3 0x80000ed8 (0x0084dab3) x21 0x000003ca
core   0: 0x80000edc (0x00c52833) slt     a6, a0, a2
core   0: 3 0x80000edc (0x00c52833) x16 0x00000001
core   0: 0x80000ee0 (0x01036d33) or      s10, t1, a6
core   0: 3 0x80000ee0 (0x01036d33) x26 0x00000001
core   0: 0x80000ee4 (0xb557cb13) xori    s6, a5, -1195
core   0: 3 0x80000ee4 (0xb557cb13) x22 0xfffffb55
core   0: 0x80000ee8 (0x00008e91) c.sub   a3, a2
core   0: 3 0x80000ee8 (0x8e91) x13 0x00000002
core   0: 0x80000eea (0x004a9033) sll     zero, s5, tp
core   0: 3 0x80000eea (0x004a9033)
core   0: 0x80000eee (0x000066ad) c.lui   a3, 0xb
core   0: 3 0x80000eee (0x66ad) x13 0x0000b000
core   0: 0x80000ef0 (0x00001ef1) c.addi  t4, -4
core   0: 3 0x80000ef0 (0x1ef1) x29 0xfffffff9
core   0: 0x80000ef2 (0x0075e6b3) or      a3, a1, t2
core   0: 3 0x80000ef2 (0x0075e6b3) x13 0x0000057b
core   0: 0x80000ef6 (0x00000b98) c.addi4spn a4, sp, 464
core   0: 3 0x80000ef6 (0x0b98) x14 0x000001da
core   0: 0x80000ef8 (0xfeaedbe3) bge     t4, a0, pc - 10
core   0: 3 0x80000ef8 (0xfeaedbe3)
core   0: 0x80000eee (0x000066ad) c.lui   a3, 0xb
core   0: 3 0x80000eee (0x66ad) x13 0x0000b000
core   0: 0x80000ef0 (0x00001ef1) c.addi  t4, -4
core   0: 3 0x80000ef0 (0x1ef1) x29 0xfffffff5
core   0: 0x80000ef2 (0x0075e6b3) or      a3, a1, t2
core   0: 3 0x80000ef2 (0x0075e6b3) x13 0x0000057b
core   0: 0x80000ef6 (0x00000b98) c.addi4spn a4, sp, 464
core   0: 3 0x80000ef6 (0x0b98) x14 0x000001da
core   0: 0x80000ef8 (0xfeaedbe3) bge     t4, a0, pc - 10
core   0: 3 0x80000ef8 (0xfeaedbe3)
core   0: 0x80000eee (0x000066ad) c.lui   a3, 0xb
core   0: 3 0x80000eee (0x66ad) x13 0x0000b000
core   0: 0x80000ef0 (0x00001ef1) c.addi  t4, -4
core   0: 3 0x80000ef0 (0x1ef1) x29 0xfffffff1
core   0: 0x80000ef2 (0x0075e6b3) or      a3, a1, t2
core   0: 3 0x80000ef2 (0x0075e6b3) x13 0x0000057b
core   0: 0x80000ef6 (0x00000b98) c.addi4spn a4, sp, 464
core   0: 3 0x80000ef6 (0x0b98) x14 0x000001da
core   0: 0x80000ef8 (0xfeaedbe3) bge     t4, a0, pc - 10
core   0: 3 0x80000ef8 (0xfeaedbe3)
core   0: 0x80000eee (0x000066ad) c.lui   a3, 0xb
core   0: 3 0x80000eee (0x66ad) x13 0x0000b000
core   0: 0x80000ef0 (0x00001ef1) c.addi  t4, -4
core   0: 3 0x80000ef0 (0x1ef1) x29 0xffffffed
core   0: 0x80000ef2 (0x0075e6b3) or      a3, a1, t2
core   0: 3 0x80000ef2 (0x0075e6b3) x13 0x0000057b
core   0: 0x80000ef6 (0x00000b98) c.addi4spn a4, sp, 464
core   0: 3 0x80000ef6 (0x0b98) x14 0x000001da
core   0: 0x80000ef8 (0xfeaedbe3) bge     t4, a0, pc - 10
core   0: 3 0x80000ef8 (0xfeaedbe3)
core   0: 0x80000efc (0x02bde333) rem     t1, s11, a1
core   0: 3 0x80000efc (0x02bde333) x 6 0x80022e64
core   0: 0x80000f00 (0xfbcc7ae3) bgeu    s8, t3, pc - 76
core   0: 3 0x80000f00 (0xfbcc7ae3)
core   0: 0x80000f04 (0x02d36cb3) rem     s9, t1, a3
core   0: 3 0x80000f04 (0x02d36cb3) x25 0xffffffa1
core   0: 0x80000f08 (0xff900513) li      a0, -7
core   0: 3 0x80000f08 (0xff900513) x10 0xfffffff9
core   0: 0x80000f0c (0x00008c8d) c.sub   s1, a1
core   0: 3 0x80000f0c (0x8c8d) x 9 0x000003ca
core   0: 0x80000f0e (0x00000a19) c.addi  s4, 6
core   0: 3 0x80000f0e (0x0a19) x20 0x00000006
core   0: 0x80000f10 (0x408587b3) sub     a5, a1, s0
core   0: 3 0x80000f10 (0x408587b3) x15 0x00000000
core   0: 0x80000f14 (0x00000a52) c.slli  s4, 20
core   0: 3 0x80000f14 (0x0a52) x20 0x00600000
core   0: 0x80000f16 (0x4074de93) srai    t4, s1, 7
core   0: 3 0x80000f16 (0x4074de93) x29 0x00000007
core   0: 0x80000f1a (0x4977f893) andi    a7, a5, 1175
core   0: 3 0x80000f1a (0x4977f893) x17 0x00000000
core   0: 0x80000f1e (0xd9cc3613) sltiu   a2, s8, -612
core   0: 3 0x80000f1e (0xd9cc3613) x12 0x00000001
core   0: 0x80000f22 (0x00000001) c.nop
core   0: 3 0x80000f22 (0x0001)
core   0: 0x80000f24 (0x002e6333) or      t1, t3, sp
core   0: 3 0x80000f24 (0x002e6333) x 6 0x0000000b
core   0: 0x80000f28 (0x00008f99) c.sub   a5, a4
core   0: 3 0x80000f28 (0x8f99) x15 0xfffffe26
core   0: 0x80000f2a (0x41b65193) srai    gp, a2, 27
core   0: 3 0x80000f2a (0x41b65193) x 3 0x00000000
core   0: 0x80000f2e (0x00000505) c.addi  a0, 1
core   0: 3 0x80000f2e (0x0505) x10 0xfffffffa
core   0: 0x80000f30 (0x024b4c33) div     s8, s6, tp
core   0: 3 0x80000f30 (0x024b4c33) x24 0xffffffff
core   0: 0x80000f34 (0x0ff0000f) fence   iorw,iorw
core   0: 3 0x80000f34 (0x0ff0000f)
core   0: 0x80000f38 (0x021300b3) mul     ra, t1, ra
core   0: 3 0x80000f38 (0x021300b3) x 1 0x00000000
core   0: 0x80000f3c (0x00004d15) c.li    s10, 5
core   0: 3 0x80000f3c (0x4d15) x26 0x00000005
core   0: 0x80000f3e (0x00006139) c.addi16sp sp, 448
core   0: 3 0x80000f3e (0x6139) x 2 0x000001ca
core   0: 0x80000f40 (0x0000f175) c.bnez  a0, pc - 28
core   0: 3 0x80000f40 (0xf175)
core   0: 0x80000f24 (0x002e6333) or      t1, t3, sp
core   0: 3 0x80000f24 (0x002e6333) x 6 0x000001cb
core   0: 0x80000f28 (0x00008f99) c.sub   a5, a4
core   0: 3 0x80000f28 (0x8f99) x15 0xfffffc4c
core   0: 0x80000f2a (0x41b65193) srai    gp, a2, 27
core   0: 3 0x80000f2a (0x41b65193) x 3 0x00000000
core   0: 0x80000f2e (0x00000505) c.addi  a0, 1
core   0: 3 0x80000f2e (0x0505) x10 0xfffffffb
core   0: 0x80000f30 (0x024b4c33) div     s8, s6, tp
core   0: 3 0x80000f30 (0x024b4c33) x24 0xffffffff
core   0: 0x80000f34 (0x0ff0000f) fence   iorw,iorw
core   0: 3 0x80000f34 (0x0ff0000f)
core   0: 0x80000f38 (0x021300b3) mul     ra, t1, ra
core   0: 3 0x80000f38 (0x021300b3) x 1 0x00000000
core   0: 0x80000f3c (0x00004d15) c.li    s10, 5
core   0: 3 0x80000f3c (0x4d15) x26 0x00000005
core   0: 0x80000f3e (0x00006139) c.addi16sp sp, 448
core   0: 3 0x80000f3e (0x6139) x 2 0x0000038a
core   0: 0x80000f40 (0x0000f175) c.bnez  a0, pc - 28
core   0: 3 0x80000f40 (0xf175)
core   0: 0x80000f24 (0x002e6333) or      t1, t3, sp
core   0: 3 0x80000f24 (0x002e6333) x 6 0x0000038b
core   0: 0x80000f28 (0x00008f99) c.sub   a5, a4
core   0: 3 0x80000f28 (0x8f99) x15 0xfffffa72
core   0: 0x80000f2a (0x41b65193) srai    gp, a2, 27
core   0: 3 0x80000f2a (0x41b65193) x 3 0x00000000
core   0: 0x80000f2e (0x00000505) c.addi  a0, 1
core   0: 3 0x80000f2e (0x0505) x10 0xfffffffc
core   0: 0x80000f30 (0x024b4c33) div     s8, s6, tp
core   0: 3 0x80000f30 (0x024b4c33) x24 0xffffffff
core   0: 0x80000f34 (0x0ff0000f) fence   iorw,iorw
core   0: 3 0x80000f34 (0x0ff0000f)
core   0: 0x80000f38 (0x021300b3) mul     ra, t1, ra
core   0: 3 0x80000f38 (0x021300b3) x 1 0x00000000
core   0: 0x80000f3c (0x00004d15) c.li    s10, 5
core   0: 3 0x80000f3c (0x4d15) x26 0x00000005
core   0: 0x80000f3e (0x00006139) c.addi16sp sp, 448
core   0: 3 0x80000f3e (0x6139) x 2 0x0000054a
core   0: 0x80000f40 (0x0000f175) c.bnez  a0, pc - 28
core   0: 3 0x80000f40 (0xf175)
core   0: 0x80000f24 (0x002e6333) or      t1, t3, sp
core   0: 3 0x80000f24 (0x002e6333) x 6 0x0000054b
core   0: 0x80000f28 (0x00008f99) c.sub   a5, a4
core   0: 3 0x80000f28 (0x8f99) x15 0xfffff898
core   0: 0x80000f2a (0x41b65193) srai    gp, a2, 27
core   0: 3 0x80000f2a (0x41b65193) x 3 0x00000000
core   0: 0x80000f2e (0x00000505) c.addi  a0, 1
core   0: 3 0x80000f2e (0x0505) x10 0xfffffffd
core   0: 0x80000f30 (0x024b4c33) div     s8, s6, tp
core   0: 3 0x80000f30 (0x024b4c33) x24 0xffffffff
core   0: 0x80000f34 (0x0ff0000f) fence   iorw,iorw
core   0: 3 0x80000f34 (0x0ff0000f)
core   0: 0x80000f38 (0x021300b3) mul     ra, t1, ra
core   0: 3 0x80000f38 (0x021300b3) x 1 0x00000000
core   0: 0x80000f3c (0x00004d15) c.li    s10, 5
core   0: 3 0x80000f3c (0x4d15) x26 0x00000005
core   0: 0x80000f3e (0x00006139) c.addi16sp sp, 448
core   0: 3 0x80000f3e (0x6139) x 2 0x0000070a
core   0: 0x80000f40 (0x0000f175) c.bnez  a0, pc - 28
core   0: 3 0x80000f40 (0xf175)
core   0: 0x80000f24 (0x002e6333) or      t1, t3, sp
core   0: 3 0x80000f24 (0x002e6333) x 6 0x0000070b
core   0: 0x80000f28 (0x00008f99) c.sub   a5, a4
core   0: 3 0x80000f28 (0x8f99) x15 0xfffff6be
core   0: 0x80000f2a (0x41b65193) srai    gp, a2, 27
core   0: 3 0x80000f2a (0x41b65193) x 3 0x00000000
core   0: 0x80000f2e (0x00000505) c.addi  a0, 1
core   0: 3 0x80000f2e (0x0505) x10 0xfffffffe
core   0: 0x80000f30 (0x024b4c33) div     s8, s6, tp
core   0: 3 0x80000f30 (0x024b4c33) x24 0xffffffff
core   0: 0x80000f34 (0x0ff0000f) fence   iorw,iorw
core   0: 3 0x80000f34 (0x0ff0000f)
core   0: 0x80000f38 (0x021300b3) mul     ra, t1, ra
core   0: 3 0x80000f38 (0x021300b3) x 1 0x00000000
core   0: 0x80000f3c (0x00004d15) c.li    s10, 5
core   0: 3 0x80000f3c (0x4d15) x26 0x00000005
core   0: 0x80000f3e (0x00006139) c.addi16sp sp, 448
core   0: 3 0x80000f3e (0x6139) x 2 0x000008ca
core   0: 0x80000f40 (0x0000f175) c.bnez  a0, pc - 28
core   0: 3 0x80000f40 (0xf175)
core   0: 0x80000f24 (0x002e6333) or      t1, t3, sp
core   0: 3 0x80000f24 (0x002e6333) x 6 0x000008cb
core   0: 0x80000f28 (0x00008f99) c.sub   a5, a4
core   0: 3 0x80000f28 (0x8f99) x15 0xfffff4e4
core   0: 0x80000f2a (0x41b65193) srai    gp, a2, 27
core   0: 3 0x80000f2a (0x41b65193) x 3 0x00000000
core   0: 0x80000f2e (0x00000505) c.addi  a0, 1
core   0: 3 0x80000f2e (0x0505) x10 0xffffffff
core   0: 0x80000f30 (0x024b4c33) div     s8, s6, tp
core   0: 3 0x80000f30 (0x024b4c33) x24 0xffffffff
core   0: 0x80000f34 (0x0ff0000f) fence   iorw,iorw
core   0: 3 0x80000f34 (0x0ff0000f)
core   0: 0x80000f38 (0x021300b3) mul     ra, t1, ra
core   0: 3 0x80000f38 (0x021300b3) x 1 0x00000000
core   0: 0x80000f3c (0x00004d15) c.li    s10, 5
core   0: 3 0x80000f3c (0x4d15) x26 0x00000005
core   0: 0x80000f3e (0x00006139) c.addi16sp sp, 448
core   0: 3 0x80000f3e (0x6139) x 2 0x00000a8a
core   0: 0x80000f40 (0x0000f175) c.bnez  a0, pc - 28
core   0: 3 0x80000f40 (0xf175)
core   0: 0x80000f24 (0x002e6333) or      t1, t3, sp
core   0: 3 0x80000f24 (0x002e6333) x 6 0x00000a8b
core   0: 0x80000f28 (0x00008f99) c.sub   a5, a4
core   0: 3 0x80000f28 (0x8f99) x15 0xfffff30a
core   0: 0x80000f2a (0x41b65193) srai    gp, a2, 27
core   0: 3 0x80000f2a (0x41b65193) x 3 0x00000000
core   0: 0x80000f2e (0x00000505) c.addi  a0, 1
core   0: 3 0x80000f2e (0x0505) x10 0x00000000
core   0: 0x80000f30 (0x024b4c33) div     s8, s6, tp
core   0: 3 0x80000f30 (0x024b4c33) x24 0xffffffff
core   0: 0x80000f34 (0x0ff0000f) fence   iorw,iorw
core   0: 3 0x80000f34 (0x0ff0000f)
core   0: 0x80000f38 (0x021300b3) mul     ra, t1, ra
core   0: 3 0x80000f38 (0x021300b3) x 1 0x00000000
core   0: 0x80000f3c (0x00004d15) c.li    s10, 5
core   0: 3 0x80000f3c (0x4d15) x26 0x00000005
core   0: 0x80000f3e (0x00006139) c.addi16sp sp, 448
core   0: 3 0x80000f3e (0x6139) x 2 0x00000c4a
core   0: 0x80000f40 (0x0000f175) c.bnez  a0, pc - 28
core   0: 3 0x80000f40 (0xf175)
core   0: 0x80000f42 (0x0159de93) srli    t4, s3, 21
core   0: 3 0x80000f42 (0x0159de93) x29 0x00000000
core   0: 0x80000f46 (0xffd00693) li      a3, -3
core   0: 3 0x80000f46 (0xffd00693) x13 0xfffffffd
core   0: 0x80000f4a (0x00400593) li      a1, 4
core   0: 3 0x80000f4a (0x00400593) x11 0x00000004
core   0: 0x80000f4e (0x0c37f613) andi    a2, a5, 195
core   0: 3 0x80000f4e (0x0c37f613) x12 0x00000002
core   0: 0x80000f52 (0x00000685) c.addi  a3, 1
core   0: 3 0x80000f52 (0x0685) x13 0xfffffffe
core   0: 0x80000f54 (0xfeb68de3) beq     a3, a1, pc - 6
core   0: 3 0x80000f54 (0xfeb68de3)
core   0: 0x80000f58 (0x0331f4b3) remu    s1, gp, s3
core   0: 3 0x80000f58 (0x0331f4b3) x 9 0x00000000
core   0: 0x80000f5c (0x00700593) li      a1, 7
core   0: 3 0x80000f5c (0x00700593) x11 0x00000007
core   0: 0x80000f60 (0x00000001) c.nop
core   0: 3 0x80000f60 (0x0001)
core   0: 0x80000f62 (0x00008ead) c.xor   a3, a1
core   0: 3 0x80000f62 (0x8ead) x13 0xfffffff9
core   0: 0x80000f64 (0x00008e79) c.and   a2, a4
core   0: 3 0x80000f64 (0x8e79) x12 0x00000002
core   0: 0x80000f66 (0x0000997d) c.andi  a0, -1
core   0: 3 0x80000f66 (0x997d) x10 0x00000000
core   0: 0x80000f68 (0x000010fd) c.addi  ra, -1
core   0: 3 0x80000f68 (0x10fd) x 1 0xffffffff
core   0: 0x80000f6a (0x000015e5) c.addi  a1, -7
core   0: 3 0x80000f6a (0x15e5) x11 0x00000000
core   0: 0x80000f6c (0xe2946493) ori     s1, s0, -471
core   0: 3 0x80000f6c (0xe2946493) x 9 0xfffffe29
core   0: 0x80000f70 (0x00375113) srli    sp, a4, 3
core   0: 3 0x80000f70 (0x00375113) x 2 0x0000003b
core   0: 0x80000f74 (0x00a00713) li      a4, 10
core   0: 3 0x80000f74 (0x00a00713) x14 0x0000000a
core   0: 0x80000f78 (0x01011c33) sll     s8, sp, a6
core   0: 3 0x80000f78 (0x01011c33) x24 0x00000076
core   0: 0x80000f7c (0x000096a2) c.add   a3, s0
core   0: 3 0x80000f7c (0x96a2) x13 0xfffffff9
core   0: 0x80000f7e (0x00400f93) li      t6, 4
core   0: 3 0x80000f7e (0x00400f93) x31 0x00000004
core   0: 0x80000f82 (0x00005a7d) c.li    s4, -1
core   0: 3 0x80000f82 (0x5a7d) x20 0xffffffff
core   0: 0x80000f84 (0x00178f33) add     t5, a5, ra
core   0: 3 0x80000f84 (0x00178f33) x30 0xfffff309
core   0: 0x80000f88 (0x4171d813) srai    a6, gp, 23
core   0: 3 0x80000f88 (0x4171d813) x16 0x00000000
core   0: 0x80000f8c (0x0000100f) fence.i
core   0: 3 0x80000f8c (0x0000100f)
core   0: 0x80000f90 (0x00001775) c.addi  a4, -3
core   0: 3 0x80000f90 (0x1775) x14 0x00000007
core   0: 0x80000f92 (0x020440b3) div     ra, s0, zero
core   0: 3 0x80000f92 (0x020440b3) x 1 0xffffffff
core   0: 0x80000f96 (0xfff717e3) bne     a4, t6, pc - 18
core   0: 3 0x80000f96 (0xfff717e3)
core   0: 0x80000f84 (0x00178f33) add     t5, a5, ra
core   0: 3 0x80000f84 (0x00178f33) x30 0xfffff309
core   0: 0x80000f88 (0x4171d813) srai    a6, gp, 23
core   0: 3 0x80000f88 (0x4171d813) x16 0x00000000
core   0: 0x80000f8c (0x0000100f) fence.i
core   0: 3 0x80000f8c (0x0000100f)
core   0: 0x80000f90 (0x00001775) c.addi  a4, -3
core   0: 3 0x80000f90 (0x1775) x14 0x00000004
core   0: 0x80000f92 (0x020440b3) div     ra, s0, zero
core   0: 3 0x80000f92 (0x020440b3) x 1 0xffffffff
core   0: 0x80000f96 (0xfff717e3) bne     a4, t6, pc - 18
core   0: 3 0x80000f96 (0xfff717e3)
core   0: 0x80000f9a (0x0000f5f1) c.bnez  a1, pc - 52
core   0: 3 0x80000f9a (0xf5f1)
core   0: 0x80000f9c (0x01d59493) slli    s1, a1, 29
core   0: 3 0x80000f9c (0x01d59493) x 9 0x00000000
core   0: 0x80000fa0 (0x00000193) li      gp, 0
core   0: 3 0x80000fa0 (0x00000193) x 3 0x00000000
core   0: 0x80000fa4 (0x0000717d) c.addi16sp sp, -16
core   0: 3 0x80000fa4 (0x717d) x 2 0x0000002b
core   0: 0x80000fa6 (0x6721cb13) xori    s6, gp, 1650
core   0: 3 0x80000fa6 (0x6721cb13) x22 0x00000672
core   0: 0x80000faa (0x00ef5b33) srl     s6, t5, a4
core   0: 3 0x80000faa (0x00ef5b33) x22 0x0fffff30
core   0: 0x80000fae (0x000081c1) c.srli  a1, 16
core   0: 3 0x80000fae (0x81c1) x11 0x00000000
core   0: 0x80000fb0 (0x00000001) c.nop
core   0: 3 0x80000fb0 (0x0001)
core   0: 0x80000fb2 (0x00215eb3) srl     t4, sp, sp
core   0: 3 0x80000fb2 (0x00215eb3) x29 0x00000000
core   0: 0x80000fb6 (0x00008d25) c.xor   a0, s1
core   0: 3 0x80000fb6 (0x8d25) x10 0x00000000
core   0: 0x80000fb8 (0x00000001) c.nop
core   0: 3 0x80000fb8 (0x0001)
core   0: 0x80000fba (0x0000969a) c.add   a3, t1
core   0: 3 0x80000fba (0x969a) x13 0x00000a84
core   0: 0x80000fbc (0x00008f2d) c.xor   a4, a1
core   0: 3 0x80000fbc (0x8f2d) x14 0x00000004
core   0: 0x80000fbe (0x00d00a93) li      s5, 13
core   0: 3 0x80000fbe (0x00d00a93) x21 0x0000000d
core   0: 0x80000fc2 (0x019dc6b3) xor     a3, s11, s9
core   0: 3 0x80000fc2 (0x019dc6b3) x13 0x7ffdd1c5
core   0: 0x80000fc6 (0x000001a9) c.addi  gp, 10
core   0: 3 0x80000fc6 (0x01a9) x 3 0x0000000a
core   0: 0x80000fc8 (0x5521e013) ori     zero, gp, 1362
core   0: 3 0x80000fc8 (0x5521e013)
core   0: 0x80000fcc (0x00a00613) li      a2, 10
core   0: 3 0x80000fcc (0x00a00613) x12 0x0000000a
core   0: 0x80000fd0 (0x004a1d13) slli    s10, s4, 4
core   0: 3 0x80000fd0 (0x004a1d13) x26 0xfffffff0
core   0: 0x80000fd4 (0x44f47397) auipc   t2, 0x44f47
core   0: 3 0x80000fd4 (0x44f47397) x 7 0xc4f47fd4
core   0: 0x80000fd8 (0x011813b3) sll     t2, a6, a7
core   0: 3 0x80000fd8 (0x011813b3) x 7 0x00000000
core   0: 0x80000fdc (0x2ee33593) sltiu   a1, t1, 750
core   0: 3 0x80000fdc (0x2ee33593) x11 0x00000000
core   0: 0x80000fe0 (0x00000001) c.nop
core   0: 3 0x80000fe0 (0x0001)
core   0: 0x80000fe2 (0x01f41213) slli    tp, s0, 31
core   0: 3 0x80000fe2 (0x01f41213) x 4 0x00000000
core   0: 0x80000fe6 (0xb4e87213) andi    tp, a6, -1202
core   0: 3 0x80000fe6 (0xb4e87213) x 4 0x00000000
core   0: 0x80000fea (0x00b00493) li      s1, 11
core   0: 3 0x80000fea (0x00b00493) x 9 0x0000000b
core   0: 0x80000fee (0x13a6ba13) sltiu   s4, a3, 314
core   0: 3 0x80000fee (0x13a6ba13) x20 0x00000000
core   0: 0x80000ff2 (0x00000001) c.nop
core   0: 3 0x80000ff2 (0x0001)
core   0: 0x80000ff4 (0x0000100f) fence.i
core   0: 3 0x80000ff4 (0x0000100f)
core   0: 0x80000ff8 (0x00000629) c.addi  a2, 10
core   0: 3 0x80000ff8 (0x0629) x12 0x00000014
core   0: 0x80000ffa (0x00008185) c.srli  a1, 1
core   0: 3 0x80000ffa (0x8185) x11 0x00000000
core   0: 0x80000ffc (0x0ff0000f) fence   iorw,iorw
core   0: 3 0x80000ffc (0x0ff0000f)
core   0: 0x80001000 (0xfe9669e3) bltu    a2, s1, pc - 14
core   0: 3 0x80001000 (0xfe9669e3)
core   0: 0x80001004 (0x0267aa33) mulhsu  s4, a5, t1
core   0: 3 0x80001004 (0x0267aa33) x20 0xffffffff
core   0: 0x80001008 (0x0000717d) c.addi16sp sp, -16
core   0: 3 0x80001008 (0x717d) x 2 0x0000001b
core   0: 0x8000100a (0xfb51cce3) blt     gp, s5, pc - 72
core   0: 3 0x8000100a (0xfb51cce3)
core   0: 0x80000fc2 (0x019dc6b3) xor     a3, s11, s9
core   0: 3 0x80000fc2 (0x019dc6b3) x13 0x7ffdd1c5
core   0: 0x80000fc6 (0x000001a9) c.addi  gp, 10
core   0: 3 0x80000fc6 (0x01a9) x 3 0x00000014
core   0: 0x80000fc8 (0x5521e013) ori     zero, gp, 1362
core   0: 3 0x80000fc8 (0x5521e013)
core   0: 0x80000fcc (0x00a00613) li      a2, 10
core   0: 3 0x80000fcc (0x00a00613) x12 0x0000000a
core   0: 0x80000fd0 (0x004a1d13) slli    s10, s4, 4
core   0: 3 0x80000fd0 (0x004a1d13) x26 0xfffffff0
core   0: 0x80000fd4 (0x44f47397) auipc   t2, 0x44f47
core   0: 3 0x80000fd4 (0x44f47397) x 7 0xc4f47fd4
core   0: 0x80000fd8 (0x011813b3) sll     t2, a6, a7
core   0: 3 0x80000fd8 (0x011813b3) x 7 0x00000000
core   0: 0x80000fdc (0x2ee33593) sltiu   a1, t1, 750
core   0: 3 0x80000fdc (0x2ee33593) x11 0x00000000
core   0: 0x80000fe0 (0x00000001) c.nop
core   0: 3 0x80000fe0 (0x0001)
core   0: 0x80000fe2 (0x01f41213) slli    tp, s0, 31
core   0: 3 0x80000fe2 (0x01f41213) x 4 0x00000000
core   0: 0x80000fe6 (0xb4e87213) andi    tp, a6, -1202
core   0: 3 0x80000fe6 (0xb4e87213) x 4 0x00000000
core   0: 0x80000fea (0x00b00493) li      s1, 11
core   0: 3 0x80000fea (0x00b00493) x 9 0x0000000b
core   0: 0x80000fee (0x13a6ba13) sltiu   s4, a3, 314
core   0: 3 0x80000fee (0x13a6ba13) x20 0x00000000
core   0: 0x80000ff2 (0x00000001) c.nop
core   0: 3 0x80000ff2 (0x0001)
core   0: 0x80000ff4 (0x0000100f) fence.i
core   0: 3 0x80000ff4 (0x0000100f)
core   0: 0x80000ff8 (0x00000629) c.addi  a2, 10
core   0: 3 0x80000ff8 (0x0629) x12 0x00000014
core   0: 0x80000ffa (0x00008185) c.srli  a1, 1
core   0: 3 0x80000ffa (0x8185) x11 0x00000000
core   0: 0x80000ffc (0x0ff0000f) fence   iorw,iorw
core   0: 3 0x80000ffc (0x0ff0000f)
core   0: 0x80001000 (0xfe9669e3) bltu    a2, s1, pc - 14
core   0: 3 0x80001000 (0xfe9669e3)
core   0: 0x80001004 (0x0267aa33) mulhsu  s4, a5, t1
core   0: 3 0x80001004 (0x0267aa33) x20 0xffffffff
core   0: 0x80001008 (0x0000717d) c.addi16sp sp, -16
core   0: 3 0x80001008 (0x717d) x 2 0x0000000b
core   0: 0x8000100a (0xfb51cce3) blt     gp, s5, pc - 72
core   0: 3 0x8000100a (0xfb51cce3)
core   0: 0x8000100e (0x68964e93) xori    t4, a2, 1673
core   0: 3 0x8000100e (0x68964e93) x29 0x0000069d
core   0: 0x80001012 (0x00a00493) li      s1, 10
core   0: 3 0x80001012 (0x00a00493) x 9 0x0000000a
core   0: 0x80001016 (0x024d0fb3) mul     t6, s10, tp
core   0: 3 0x80001016 (0x024d0fb3) x31 0x00000000
core   0: 0x8000101a (0xffb00e13) li      t3, -5
core   0: 3 0x8000101a (0xffb00e13) x28 0xfffffffb
core   0: 0x8000101e (0x01ef2633) slt     a2, t5, t5
core   0: 3 0x8000101e (0x01ef2633) x12 0x00000000
core   0: 0x80001022 (0xfbb77597) auipc   a1, 0xfbb77
core   0: 3 0x80001022 (0xfbb77597) x11 0x7bb78022
core   0: 0x80001026 (0x015b93b3) sll     t2, s7, s5
core   0: 3 0x80001026 (0x015b93b3) x 7 0x00000000
core   0: 0x8000102a (0x000014ed) c.addi  s1, -5
core   0: 3 0x8000102a (0x14ed) x 9 0x00000005
core   0: 0x8000102c (0x00000001) c.nop
core   0: 3 0x8000102c (0x0001)
core   0: 0x8000102e (0x0ff0000f) fence   iorw,iorw
core   0: 3 0x8000102e (0x0ff0000f)
core   0: 0x80001032 (0xffc496e3) bne     s1, t3, pc - 20
core   0: 3 0x80001032 (0xffc496e3)
core   0: 0x8000101e (0x01ef2633) slt     a2, t5, t5
core   0: 3 0x8000101e (0x01ef2633) x12 0x00000000
core   0: 0x80001022 (0xfbb77597) auipc   a1, 0xfbb77
core   0: 3 0x80001022 (0xfbb77597) x11 0x7bb78022
core   0: 0x80001026 (0x015b93b3) sll     t2, s7, s5
core   0: 3 0x80001026 (0x015b93b3) x 7 0x00000000
core   0: 0x8000102a (0x000014ed) c.addi  s1, -5
core   0: 3 0x8000102a (0x14ed) x 9 0x00000000
core   0: 0x8000102c (0x00000001) c.nop
core   0: 3 0x8000102c (0x0001)
core   0: 0x8000102e (0x0ff0000f) fence   iorw,iorw
core   0: 3 0x8000102e (0x0ff0000f)
core   0: 0x80001032 (0xffc496e3) bne     s1, t3, pc - 20
core   0: 3 0x80001032 (0xffc496e3)
core   0: 0x8000101e (0x01ef2633) slt     a2, t5, t5
core   0: 3 0x8000101e (0x01ef2633) x12 0x00000000
core   0: 0x80001022 (0xfbb77597) auipc   a1, 0xfbb77
core   0: 3 0x80001022 (0xfbb77597) x11 0x7bb78022
core   0: 0x80001026 (0x015b93b3) sll     t2, s7, s5
core   0: 3 0x80001026 (0x015b93b3) x 7 0x00000000
core   0: 0x8000102a (0x000014ed) c.addi  s1, -5
core   0: 3 0x8000102a (0x14ed) x 9 0xfffffffb
core   0: 0x8000102c (0x00000001) c.nop
core   0: 3 0x8000102c (0x0001)
core   0: 0x8000102e (0x0ff0000f) fence   iorw,iorw
core   0: 3 0x8000102e (0x0ff0000f)
core   0: 0x80001032 (0xffc496e3) bne     s1, t3, pc - 20
core   0: 3 0x80001032 (0xffc496e3)
core   0: 0x80001036 (0x00261713) slli    a4, a2, 2
core   0: 3 0x80001036 (0x00261713) x14 0x00000000
core   0: 0x8000103a (0x00700513) li      a0, 7
core   0: 3 0x8000103a (0x00700513) x10 0x00000007
core   0: 0x8000103e (0x00000001) c.nop
core   0: 3 0x8000103e (0x0001)
core   0: 0x80001040 (0x00009a86) c.add   s5, ra
core   0: 3 0x80001040 (0x9a86) x21 0x0000000c
core   0: 0x80001042 (0x00001565) c.addi  a0, -7
core   0: 3 0x80001042 (0x1565) x10 0x00000000
core   0: 0x80001044 (0x00600793) li      a5, 6
core   0: 3 0x80001044 (0x00600793) x15 0x00000006
core   0: 0x80001048 (0x00800213) li      tp, 8
core   0: 3 0x80001048 (0x00800213) x 4 0x00000008
core   0: 0x8000104c (0x0000100f) fence.i
core   0: 3 0x8000104c (0x0000100f)
core   0: 0x80001050 (0x412d8bb3) sub     s7, s11, s2
core   0: 3 0x80001050 (0x412d8bb3) x23 0xffffc180
core   0: 0x80001054 (0x000007a9) c.addi  a5, 10
core   0: 3 0x80001054 (0x07a9) x15 0x00000010
core   0: 0x80001056 (0x02645bb3) divu    s7, s0, t1
core   0: 3 0x80001056 (0x02645bb3) x23 0x00000000
core   0: 0x8000105a (0xfe47ebe3) bltu    a5, tp, pc - 10
core   0: 3 0x8000105a (0xfe47ebe3)
core   0: 0x8000105e (0x0000d16d) c.beqz  a0, pc - 30
core   0: 3 0x8000105e (0xd16d)
core   0: 0x80001040 (0x00009a86) c.add   s5, ra
core   0: 3 0x80001040 (0x9a86) x21 0x0000000b
core   0: 0x80001042 (0x00001565) c.addi  a0, -7
core   0: 3 0x80001042 (0x1565) x10 0xfffffff9
core   0: 0x80001044 (0x00600793) li      a5, 6
core   0: 3 0x80001044 (0x00600793) x15 0x00000006
core   0: 0x80001048 (0x00800213) li      tp, 8
core   0: 3 0x80001048 (0x00800213) x 4 0x00000008
core   0: 0x8000104c (0x0000100f) fence.i
core   0: 3 0x8000104c (0x0000100f)
core   0: 0x80001050 (0x412d8bb3) sub     s7, s11, s2
core   0: 3 0x80001050 (0x412d8bb3) x23 0xffffc180
core   0: 0x80001054 (0x000007a9) c.addi  a5, 10
core   0: 3 0x80001054 (0x07a9) x15 0x00000010
core   0: 0x80001056 (0x02645bb3) divu    s7, s0, t1
core   0: 3 0x80001056 (0x02645bb3) x23 0x00000000
core   0: 0x8000105a (0xfe47ebe3) bltu    a5, tp, pc - 10
core   0: 3 0x8000105a (0xfe47ebe3)
core   0: 0x8000105e (0x0000d16d) c.beqz  a0, pc - 30
core   0: 3 0x8000105e (0xd16d)
core   0: 0x80001060 (0x00009b7d) c.andi  a4, -1
core   0: 3 0x80001060 (0x9b7d) x14 0x00000000
core   0: 0x80001062 (0x00500593) li      a1, 5
core   0: 3 0x80001062 (0x00500593) x11 0x00000005
core   0: 0x80001066 (0x000084cd) c.srai  s1, 19
core   0: 3 0x80001066 (0x84cd) x 9 0xffffffff
core   0: 0x80001068 (0x019c1113) slli    sp, s8, 25
core   0: 3 0x80001068 (0x019c1113) x 2 0xec000000
core   0: 0x8000106c (0x03a976b3) remu    a3, s2, s10
core   0: 3 0x8000106c (0x03a976b3) x13 0x80026ce4
core   0: 0x80001070 (0xffc00b93) li      s7, -4
core   0: 3 0x80001070 (0xffc00b93) x23 0xfffffffc
core   0: 0x80001074 (0x036d62b3) rem     t0, s10, s6
core   0: 3 0x80001074 (0x036d62b3) x 5 0xfffffff0
core   0: 0x80001078 (0x00008365) c.srli  a4, 25
core   0: 3 0x80001078 (0x8365) x14 0x00000000
core   0: 0x8000107a (0x000015dd) c.addi  a1, -9
core   0: 3 0x8000107a (0x15dd) x11 0xfffffffc
core   0: 0x8000107c (0x000084d1) c.srai  s1, 20
core   0: 3 0x8000107c (0x84d1) x 9 0xffffffff
core   0: 0x8000107e (0x02d968b3) rem     a7, s2, a3
core   0: 3 0x8000107e (0x02d968b3) x17 0x00000000
core   0: 0x80001082 (0x00900513) li      a0, 9
core   0: 3 0x80001082 (0x00900513) x10 0x00000009
core   0: 0x80001086 (0x00001f10) c.addi4spn a2, sp, 944
core   0: 3 0x80001086 (0x1f10) x12 0xec0003b0
core   0: 0x80001088 (0x00800793) li      a5, 8
core   0: 3 0x80001088 (0x00800793) x15 0x00000008
core   0: 0x8000108c (0x036b1633) mulh    a2, s6, s6
core   0: 3 0x8000108c (0x036b1633) x12 0x00ffffe6
core   0: 0x80001090 (0x02742233) mulhsu  tp, s0, t2
core   0: 3 0x80001090 (0x02742233) x 4 0x00000000
core   0: 0x80001094 (0x00006149) c.addi16sp sp, 144
core   0: 3 0x80001094 (0x6149) x 2 0xec000090
core   0: 0x80001096 (0x03dcf3b3) remu    t2, s9, t4
core   0: 3 0x80001096 (0x03dcf3b3) x 7 0x00000244
core   0: 0x8000109a (0x00000001) c.nop
core   0: 3 0x8000109a (0x0001)
core   0: 0x8000109c (0x00e28033) add     zero, t0, a4
core   0: 3 0x8000109c (0x00e28033)
core   0: 0x800010a0 (0x408e5e13) srai    t3, t3, 8
core   0: 3 0x800010a0 (0x408e5e13) x28 0xffffffff
core   0: 0x800010a4 (0x00005ffd) c.li    t6, -1
core   0: 3 0x800010a4 (0x5ffd) x31 0xffffffff
core   0: 0x800010a6 (0x0000156d) c.addi  a0, -5
core   0: 3 0x800010a6 (0x156d) x10 0x00000004
core   0: 0x800010a8 (0xfef577e3) bgeu    a0, a5, pc - 18
core   0: 3 0x800010a8 (0xfef577e3)
core   0: 0x800010ac (0x000083ee) c.mv    t2, s11
core   0: 3 0x800010ac (0x83ee) x 7 0x80022e64
core   0: 0x800010ae (0xfd7593e3) bne     a1, s7, pc - 58
core   0: 3 0x800010ae (0xfd7593e3)
core   0: 0x800010b2 (0x00008cf9) c.and   s1, a4
core   0: 3 0x800010b2 (0x8cf9) x 9 0x00000000
core   0: 0x800010b4 (0x00800513) li      a0, 8
core   0: 3 0x800010b4 (0x00800513) x10 0x00000008
core   0: 0x800010b8 (0x033a2f33) mulhsu  t5, s4, s3
core   0: 3 0x800010b8 (0x033a2f33) x30 0x00000000
core   0: 0x800010bc (0x034f1333) mulh    t1, t5, s4
core   0: 3 0x800010bc (0x034f1333) x 6 0x00000000
core   0: 0x800010c0 (0xffe00093) li      ra, -2
core   0: 3 0x800010c0 (0xffe00093) x 1 0xfffffffe
core   0: 0x800010c4 (0x006a4a33) xor     s4, s4, t1
core   0: 3 0x800010c4 (0x006a4a33) x20 0xffffffff
core   0: 0x800010c8 (0x00001579) c.addi  a0, -2
core   0: 3 0x800010c8 (0x1579) x10 0x00000006
core   0: 0x800010ca (0x0156efb3) or      t6, a3, s5
core   0: 3 0x800010ca (0x0156efb3) x31 0x80026cef
core   0: 0x800010ce (0x490bad17) auipc   s10, 0x490ba
core   0: 3 0x800010ce (0x490bad17) x26 0xc90bb0ce
core   0: 0x800010d2 (0xffc00693) li      a3, -4
core   0: 3 0x800010d2 (0xffc00693) x13 0xfffffffc
core   0: 0x800010d6 (0x00000001) c.nop
core   0: 3 0x800010d6 (0x0001)
core   0: 0x800010d8 (0x00001b18) c.addi4spn a4, sp, 432
core   0: 3 0x800010d8 (0x1b18) x14 0xec000240
core   0: 0x800010da (0xba0b7893) andi    a7, s6, -1120
core   0: 3 0x800010da (0xba0b7893) x17 0x0ffffb20
core   0: 0x800010de (0x004b9133) sll     sp, s7, tp
core   0: 3 0x800010de (0x004b9133) x 2 0xfffffffc
core   0: 0x800010e2 (0x0000100f) fence.i
core   0: 3 0x800010e2 (0x0000100f)
core   0: 0x800010e6 (0x00000885) c.addi  a7, 1
core   0: 3 0x800010e6 (0x0885) x17 0x0ffffb21
core   0: 0x800010e8 (0x02fb83b3) mul     t2, s7, a5
core   0: 3 0x800010e8 (0x02fb83b3) x 7 0xffffffe0
core   0: 0x800010ec (0x41165f93) srai    t6, a2, 17
core   0: 3 0x800010ec (0x41165f93) x31 0x0000007f
core   0: 0x800010f0 (0x00000685) c.addi  a3, 1
core   0: 3 0x800010f0 (0x0685) x13 0xfffffffd
core   0: 0x800010f2 (0x0000faf5) c.bnez  a3, pc - 12
core   0: 3 0x800010f2 (0xfaf5)
core   0: 0x800010e6 (0x00000885) c.addi  a7, 1
core   0: 3 0x800010e6 (0x0885) x17 0x0ffffb22
core   0: 0x800010e8 (0x02fb83b3) mul     t2, s7, a5
core   0: 3 0x800010e8 (0x02fb83b3) x 7 0xffffffe0
core   0: 0x800010ec (0x41165f93) srai    t6, a2, 17
core   0: 3 0x800010ec (0x41165f93) x31 0x0000007f
core   0: 0x800010f0 (0x00000685) c.addi  a3, 1
core   0: 3 0x800010f0 (0x0685) x13 0xfffffffe
core   0: 0x800010f2 (0x0000faf5) c.bnez  a3, pc - 12
core   0: 3 0x800010f2 (0xfaf5)
core   0: 0x800010e6 (0x00000885) c.addi  a7, 1
core   0: 3 0x800010e6 (0x0885) x17 0x0ffffb23
core   0: 0x800010e8 (0x02fb83b3) mul     t2, s7, a5
core   0: 3 0x800010e8 (0x02fb83b3) x 7 0xffffffe0
core   0: 0x800010ec (0x41165f93) srai    t6, a2, 17
core   0: 3 0x800010ec (0x41165f93) x31 0x0000007f
core   0: 0x800010f0 (0x00000685) c.addi  a3, 1
core   0: 3 0x800010f0 (0x0685) x13 0xffffffff
core   0: 0x800010f2 (0x0000faf5) c.bnez  a3, pc - 12
core   0: 3 0x800010f2 (0xfaf5)
core   0: 0x800010e6 (0x00000885) c.addi  a7, 1
core   0: 3 0x800010e6 (0x0885) x17 0x0ffffb24
core   0: 0x800010e8 (0x02fb83b3) mul     t2, s7, a5
core   0: 3 0x800010e8 (0x02fb83b3) x 7 0xffffffe0
core   0: 0x800010ec (0x41165f93) srai    t6, a2, 17
core   0: 3 0x800010ec (0x41165f93) x31 0x0000007f
core   0: 0x800010f0 (0x00000685) c.addi  a3, 1
core   0: 3 0x800010f0 (0x0685) x13 0x00000000
core   0: 0x800010f2 (0x0000faf5) c.bnez  a3, pc - 12
core   0: 3 0x800010f2 (0xfaf5)
core   0: 0x800010f4 (0x40fd5333) sra     t1, s10, a5
core   0: 3 0x800010f4 (0x40fd5333) x 6 0xffc90bb0
core   0: 0x800010f8 (0x02c05eb3) divu    t4, zero, a2
core   0: 3 0x800010f8 (0x02c05eb3) x29 0x00000000
core   0: 0x800010fc (0xfc1554e3) bge     a0, ra, pc - 56
core   0: 3 0x800010fc (0xfc1554e3)
core   0: 0x800010c4 (0x006a4a33) xor     s4, s4, t1
core   0: 3 0x800010c4 (0x006a4a33) x20 0x0036f44f
core   0: 0x800010c8 (0x00001579) c.addi  a0, -2
core   0: 3 0x800010c8 (0x1579) x10 0x00000004
core   0: 0x800010ca (0x0156efb3) or      t6, a3, s5
core   0: 3 0x800010ca (0x0156efb3) x31 0x0000000b
core   0: 0x800010ce (0x490bad17) auipc   s10, 0x490ba
core   0: 3 0x800010ce (0x490bad17) x26 0xc90bb0ce
core   0: 0x800010d2 (0xffc00693) li      a3, -4
core   0: 3 0x800010d2 (0xffc00693) x13 0xfffffffc
core   0: 0x800010d6 (0x00000001) c.nop
core   0: 3 0x800010d6 (0x0001)
core   0: 0x800010d8 (0x00001b18) c.addi4spn a4, sp, 432
core   0: 3 0x800010d8 (0x1b18) x14 0x000001ac
core   0: 0x800010da (0xba0b7893) andi    a7, s6, -1120
core   0: 3 0x800010da (0xba0b7893) x17 0x0ffffb20
core   0: 0x800010de (0x004b9133) sll     sp, s7, tp
core   0: 3 0x800010de (0x004b9133) x 2 0xfffffffc
core   0: 0x800010e2 (0x0000100f) fence.i
core   0: 3 0x800010e2 (0x0000100f)
core   0: 0x800010e6 (0x00000885) c.addi  a7, 1
core   0: 3 0x800010e6 (0x0885) x17 0x0ffffb21
core   0: 0x800010e8 (0x02fb83b3) mul     t2, s7, a5
core   0: 3 0x800010e8 (0x02fb83b3) x 7 0xffffffe0
core   0: 0x800010ec (0x41165f93) srai    t6, a2, 17
core   0: 3 0x800010ec (0x41165f93) x31 0x0000007f
core   0: 0x800010f0 (0x00000685) c.addi  a3, 1
core   0: 3 0x800010f0 (0x0685) x13 0xfffffffd
core   0: 0x800010f2 (0x0000faf5) c.bnez  a3, pc - 12
core   0: 3 0x800010f2 (0xfaf5)
core   0: 0x800010e6 (0x00000885) c.addi  a7, 1
core   0: 3 0x800010e6 (0x0885) x17 0x0ffffb22
core   0: 0x800010e8 (0x02fb83b3) mul     t2, s7, a5
core   0: 3 0x800010e8 (0x02fb83b3) x 7 0xffffffe0
core   0: 0x800010ec (0x41165f93) srai    t6, a2, 17
core   0: 3 0x800010ec (0x41165f93) x31 0x0000007f
core   0: 0x800010f0 (0x00000685) c.addi  a3, 1
core   0: 3 0x800010f0 (0x0685) x13 0xfffffffe
core   0: 0x800010f2 (0x0000faf5) c.bnez  a3, pc - 12
core   0: 3 0x800010f2 (0xfaf5)
core   0: 0x800010e6 (0x00000885) c.addi  a7, 1
core   0: 3 0x800010e6 (0x0885) x17 0x0ffffb23
core   0: 0x800010e8 (0x02fb83b3) mul     t2, s7, a5
core   0: 3 0x800010e8 (0x02fb83b3) x 7 0xffffffe0
core   0: 0x800010ec (0x41165f93) srai    t6, a2, 17
core   0: 3 0x800010ec (0x41165f93) x31 0x0000007f
core   0: 0x800010f0 (0x00000685) c.addi  a3, 1
core   0: 3 0x800010f0 (0x0685) x13 0xffffffff
core   0: 0x800010f2 (0x0000faf5) c.bnez  a3, pc - 12
core   0: 3 0x800010f2 (0xfaf5)
core   0: 0x800010e6 (0x00000885) c.addi  a7, 1
core   0: 3 0x800010e6 (0x0885) x17 0x0ffffb24
core   0: 0x800010e8 (0x02fb83b3) mul     t2, s7, a5
core   0: 3 0x800010e8 (0x02fb83b3) x 7 0xffffffe0
core   0: 0x800010ec (0x41165f93) srai    t6, a2, 17
core   0: 3 0x800010ec (0x41165f93) x31 0x0000007f
core   0: 0x800010f0 (0x00000685) c.addi  a3, 1
core   0: 3 0x800010f0 (0x0685) x13 0x00000000
core   0: 0x800010f2 (0x0000faf5) c.bnez  a3, pc - 12
core   0: 3 0x800010f2 (0xfaf5)
core   0: 0x800010f4 (0x40fd5333) sra     t1, s10, a5
core   0: 3 0x800010f4 (0x40fd5333) x 6 0xffc90bb0
core   0: 0x800010f8 (0x02c05eb3) divu    t4, zero, a2
core   0: 3 0x800010f8 (0x02c05eb3) x29 0x00000000
core   0: 0x800010fc (0xfc1554e3) bge     a0, ra, pc - 56
core   0: 3 0x800010fc (0xfc1554e3)
core   0: 0x800010c4 (0x006a4a33) xor     s4, s4, t1
core   0: 3 0x800010c4 (0x006a4a33) x20 0xffffffff
core   0: 0x800010c8 (0x00001579) c.addi  a0, -2
core   0: 3 0x800010c8 (0x1579) x10 0x00000002
core   0: 0x800010ca (0x0156efb3) or      t6, a3, s5
core   0: 3 0x800010ca (0x0156efb3) x31 0x0000000b
core   0: 0x800010ce (0x490bad17) auipc   s10, 0x490ba
core   0: 3 0x800010ce (0x490bad17) x26 0xc90bb0ce
core   0: 0x800010d2 (0xffc00693) li      a3, -4
core   0: 3 0x800010d2 (0xffc00693) x13 0xfffffffc
core   0: 0x800010d6 (0x00000001) c.nop
core   0: 3 0x800010d6 (0x0001)
core   0: 0x800010d8 (0x00001b18) c.addi4spn a4, sp, 432
core   0: 3 0x800010d8 (0x1b18) x14 0x000001ac
core   0: 0x800010da (0xba0b7893) andi    a7, s6, -1120
core   0: 3 0x800010da (0xba0b7893) x17 0x0ffffb20
core   0: 0x800010de (0x004b9133) sll     sp, s7, tp
core   0: 3 0x800010de (0x004b9133) x 2 0xfffffffc
core   0: 0x800010e2 (0x0000100f) fence.i
core   0: 3 0x800010e2 (0x0000100f)
core   0: 0x800010e6 (0x00000885) c.addi  a7, 1
core   0: 3 0x800010e6 (0x0885) x17 0x0ffffb21
core   0: 0x800010e8 (0x02fb83b3) mul     t2, s7, a5
core   0: 3 0x800010e8 (0x02fb83b3) x 7 0xffffffe0
core   0: 0x800010ec (0x41165f93) srai    t6, a2, 17
core   0: 3 0x800010ec (0x41165f93) x31 0x0000007f
core   0: 0x800010f0 (0x00000685) c.addi  a3, 1
core   0: 3 0x800010f0 (0x0685) x13 0xfffffffd
core   0: 0x800010f2 (0x0000faf5) c.bnez  a3, pc - 12
core   0: 3 0x800010f2 (0xfaf5)
core   0: 0x800010e6 (0x00000885) c.addi  a7, 1
core   0: 3 0x800010e6 (0x0885) x17 0x0ffffb22
core   0: 0x800010e8 (0x02fb83b3) mul     t2, s7, a5
core   0: 3 0x800010e8 (0x02fb83b3) x 7 0xffffffe0
core   0: 0x800010ec (0x41165f93) srai    t6, a2, 17
core   0: 3 0x800010ec (0x41165f93) x31 0x0000007f
core   0: 0x800010f0 (0x00000685) c.addi  a3, 1
core   0: 3 0x800010f0 (0x0685) x13 0xfffffffe
core   0: 0x800010f2 (0x0000faf5) c.bnez  a3, pc - 12
core   0: 3 0x800010f2 (0xfaf5)
core   0: 0x800010e6 (0x00000885) c.addi  a7, 1
core   0: 3 0x800010e6 (0x0885) x17 0x0ffffb23
core   0: 0x800010e8 (0x02fb83b3) mul     t2, s7, a5
core   0: 3 0x800010e8 (0x02fb83b3) x 7 0xffffffe0
core   0: 0x800010ec (0x41165f93) srai    t6, a2, 17
core   0: 3 0x800010ec (0x41165f93) x31 0x0000007f
core   0: 0x800010f0 (0x00000685) c.addi  a3, 1
core   0: 3 0x800010f0 (0x0685) x13 0xffffffff
core   0: 0x800010f2 (0x0000faf5) c.bnez  a3, pc - 12
core   0: 3 0x800010f2 (0xfaf5)
core   0: 0x800010e6 (0x00000885) c.addi  a7, 1
core   0: 3 0x800010e6 (0x0885) x17 0x0ffffb24
core   0: 0x800010e8 (0x02fb83b3) mul     t2, s7, a5
core   0: 3 0x800010e8 (0x02fb83b3) x 7 0xffffffe0
core   0: 0x800010ec (0x41165f93) srai    t6, a2, 17
core   0: 3 0x800010ec (0x41165f93) x31 0x0000007f
core   0: 0x800010f0 (0x00000685) c.addi  a3, 1
core   0: 3 0x800010f0 (0x0685) x13 0x00000000
core   0: 0x800010f2 (0x0000faf5) c.bnez  a3, pc - 12
core   0: 3 0x800010f2 (0xfaf5)
core   0: 0x800010f4 (0x40fd5333) sra     t1, s10, a5
core   0: 3 0x800010f4 (0x40fd5333) x 6 0xffc90bb0
core   0: 0x800010f8 (0x02c05eb3) divu    t4, zero, a2
core   0: 3 0x800010f8 (0x02c05eb3) x29 0x00000000
core   0: 0x800010fc (0xfc1554e3) bge     a0, ra, pc - 56
core   0: 3 0x800010fc (0xfc1554e3)
core   0: 0x800010c4 (0x006a4a33) xor     s4, s4, t1
core   0: 3 0x800010c4 (0x006a4a33) x20 0x0036f44f
core   0: 0x800010c8 (0x00001579) c.addi  a0, -2
core   0: 3 0x800010c8 (0x1579) x10 0x00000000
core   0: 0x800010ca (0x0156efb3) or      t6, a3, s5
core   0: 3 0x800010ca (0x0156efb3) x31 0x0000000b
core   0: 0x800010ce (0x490bad17) auipc   s10, 0x490ba
core   0: 3 0x800010ce (0x490bad17) x26 0xc90bb0ce
core   0: 0x800010d2 (0xffc00693) li      a3, -4
core   0: 3 0x800010d2 (0xffc00693) x13 0xfffffffc
core   0: 0x800010d6 (0x00000001) c.nop
core   0: 3 0x800010d6 (0x0001)
core   0: 0x800010d8 (0x00001b18) c.addi4spn a4, sp, 432
core   0: 3 0x800010d8 (0x1b18) x14 0x000001ac
core   0: 0x800010da (0xba0b7893) andi    a7, s6, -1120
core   0: 3 0x800010da (0xba0b7893) x17 0x0ffffb20
core   0: 0x800010de (0x004b9133) sll     sp, s7, tp
core   0: 3 0x800010de (0x004b9133) x 2 0xfffffffc
core   0: 0x800010e2 (0x0000100f) fence.i
core   0: 3 0x800010e2 (0x0000100f)
core   0: 0x800010e6 (0x00000885) c.addi  a7, 1
core   0: 3 0x800010e6 (0x0885) x17 0x0ffffb21
core   0: 0x800010e8 (0x02fb83b3) mul     t2, s7, a5
core   0: 3 0x800010e8 (0x02fb83b3) x 7 0xffffffe0
core   0: 0x800010ec (0x41165f93) srai    t6, a2, 17
core   0: 3 0x800010ec (0x41165f93) x31 0x0000007f
core   0: 0x800010f0 (0x00000685) c.addi  a3, 1
core   0: 3 0x800010f0 (0x0685) x13 0xfffffffd
core   0: 0x800010f2 (0x0000faf5) c.bnez  a3, pc - 12
core   0: 3 0x800010f2 (0xfaf5)
core   0: 0x800010e6 (0x00000885) c.addi  a7, 1
core   0: 3 0x800010e6 (0x0885) x17 0x0ffffb22
core   0: 0x800010e8 (0x02fb83b3) mul     t2, s7, a5
core   0: 3 0x800010e8 (0x02fb83b3) x 7 0xffffffe0
core   0: 0x800010ec (0x41165f93) srai    t6, a2, 17
core   0: 3 0x800010ec (0x41165f93) x31 0x0000007f
core   0: 0x800010f0 (0x00000685) c.addi  a3, 1
core   0: 3 0x800010f0 (0x0685) x13 0xfffffffe
core   0: 0x800010f2 (0x0000faf5) c.bnez  a3, pc - 12
core   0: 3 0x800010f2 (0xfaf5)
core   0: 0x800010e6 (0x00000885) c.addi  a7, 1
core   0: 3 0x800010e6 (0x0885) x17 0x0ffffb23
core   0: 0x800010e8 (0x02fb83b3) mul     t2, s7, a5
core   0: 3 0x800010e8 (0x02fb83b3) x 7 0xffffffe0
core   0: 0x800010ec (0x41165f93) srai    t6, a2, 17
core   0: 3 0x800010ec (0x41165f93) x31 0x0000007f
core   0: 0x800010f0 (0x00000685) c.addi  a3, 1
core   0: 3 0x800010f0 (0x0685) x13 0xffffffff
core   0: 0x800010f2 (0x0000faf5) c.bnez  a3, pc - 12
core   0: 3 0x800010f2 (0xfaf5)
core   0: 0x800010e6 (0x00000885) c.addi  a7, 1
core   0: 3 0x800010e6 (0x0885) x17 0x0ffffb24
core   0: 0x800010e8 (0x02fb83b3) mul     t2, s7, a5
core   0: 3 0x800010e8 (0x02fb83b3) x 7 0xffffffe0
core   0: 0x800010ec (0x41165f93) srai    t6, a2, 17
core   0: 3 0x800010ec (0x41165f93) x31 0x0000007f
core   0: 0x800010f0 (0x00000685) c.addi  a3, 1
core   0: 3 0x800010f0 (0x0685) x13 0x00000000
core   0: 0x800010f2 (0x0000faf5) c.bnez  a3, pc - 12
core   0: 3 0x800010f2 (0xfaf5)
core   0: 0x800010f4 (0x40fd5333) sra     t1, s10, a5
core   0: 3 0x800010f4 (0x40fd5333) x 6 0xffc90bb0
core   0: 0x800010f8 (0x02c05eb3) divu    t4, zero, a2
core   0: 3 0x800010f8 (0x02c05eb3) x29 0x00000000
core   0: 0x800010fc (0xfc1554e3) bge     a0, ra, pc - 56
core   0: 3 0x800010fc (0xfc1554e3)
core   0: 0x800010c4 (0x006a4a33) xor     s4, s4, t1
core   0: 3 0x800010c4 (0x006a4a33) x20 0xffffffff
core   0: 0x800010c8 (0x00001579) c.addi  a0, -2
core   0: 3 0x800010c8 (0x1579) x10 0xfffffffe
core   0: 0x800010ca (0x0156efb3) or      t6, a3, s5
core   0: 3 0x800010ca (0x0156efb3) x31 0x0000000b
core   0: 0x800010ce (0x490bad17) auipc   s10, 0x490ba
core   0: 3 0x800010ce (0x490bad17) x26 0xc90bb0ce
core   0: 0x800010d2 (0xffc00693) li      a3, -4
core   0: 3 0x800010d2 (0xffc00693) x13 0xfffffffc
core   0: 0x800010d6 (0x00000001) c.nop
core   0: 3 0x800010d6 (0x0001)
core   0: 0x800010d8 (0x00001b18) c.addi4spn a4, sp, 432
core   0: 3 0x800010d8 (0x1b18) x14 0x000001ac
core   0: 0x800010da (0xba0b7893) andi    a7, s6, -1120
core   0: 3 0x800010da (0xba0b7893) x17 0x0ffffb20
core   0: 0x800010de (0x004b9133) sll     sp, s7, tp
core   0: 3 0x800010de (0x004b9133) x 2 0xfffffffc
core   0: 0x800010e2 (0x0000100f) fence.i
core   0: 3 0x800010e2 (0x0000100f)
core   0: 0x800010e6 (0x00000885) c.addi  a7, 1
core   0: 3 0x800010e6 (0x0885) x17 0x0ffffb21
core   0: 0x800010e8 (0x02fb83b3) mul     t2, s7, a5
core   0: 3 0x800010e8 (0x02fb83b3) x 7 0xffffffe0
core   0: 0x800010ec (0x41165f93) srai    t6, a2, 17
core   0: 3 0x800010ec (0x41165f93) x31 0x0000007f
core   0: 0x800010f0 (0x00000685) c.addi  a3, 1
core   0: 3 0x800010f0 (0x0685) x13 0xfffffffd
core   0: 0x800010f2 (0x0000faf5) c.bnez  a3, pc - 12
core   0: 3 0x800010f2 (0xfaf5)
core   0: 0x800010e6 (0x00000885) c.addi  a7, 1
core   0: 3 0x800010e6 (0x0885) x17 0x0ffffb22
core   0: 0x800010e8 (0x02fb83b3) mul     t2, s7, a5
core   0: 3 0x800010e8 (0x02fb83b3) x 7 0xffffffe0
core   0: 0x800010ec (0x41165f93) srai    t6, a2, 17
core   0: 3 0x800010ec (0x41165f93) x31 0x0000007f
core   0: 0x800010f0 (0x00000685) c.addi  a3, 1
core   0: 3 0x800010f0 (0x0685) x13 0xfffffffe
core   0: 0x800010f2 (0x0000faf5) c.bnez  a3, pc - 12
core   0: 3 0x800010f2 (0xfaf5)
core   0: 0x800010e6 (0x00000885) c.addi  a7, 1
core   0: 3 0x800010e6 (0x0885) x17 0x0ffffb23
core   0: 0x800010e8 (0x02fb83b3) mul     t2, s7, a5
core   0: 3 0x800010e8 (0x02fb83b3) x 7 0xffffffe0
core   0: 0x800010ec (0x41165f93) srai    t6, a2, 17
core   0: 3 0x800010ec (0x41165f93) x31 0x0000007f
core   0: 0x800010f0 (0x00000685) c.addi  a3, 1
core   0: 3 0x800010f0 (0x0685) x13 0xffffffff
core   0: 0x800010f2 (0x0000faf5) c.bnez  a3, pc - 12
core   0: 3 0x800010f2 (0xfaf5)
core   0: 0x800010e6 (0x00000885) c.addi  a7, 1
core   0: 3 0x800010e6 (0x0885) x17 0x0ffffb24
core   0: 0x800010e8 (0x02fb83b3) mul     t2, s7, a5
core   0: 3 0x800010e8 (0x02fb83b3) x 7 0xffffffe0
core   0: 0x800010ec (0x41165f93) srai    t6, a2, 17
core   0: 3 0x800010ec (0x41165f93) x31 0x0000007f
core   0: 0x800010f0 (0x00000685) c.addi  a3, 1
core   0: 3 0x800010f0 (0x0685) x13 0x00000000
core   0: 0x800010f2 (0x0000faf5) c.bnez  a3, pc - 12
core   0: 3 0x800010f2 (0xfaf5)
core   0: 0x800010f4 (0x40fd5333) sra     t1, s10, a5
core   0: 3 0x800010f4 (0x40fd5333) x 6 0xffc90bb0
core   0: 0x800010f8 (0x02c05eb3) divu    t4, zero, a2
core   0: 3 0x800010f8 (0x02c05eb3) x29 0x00000000
core   0: 0x800010fc (0xfc1554e3) bge     a0, ra, pc - 56
core   0: 3 0x800010fc (0xfc1554e3)
core   0: 0x800010c4 (0x006a4a33) xor     s4, s4, t1
core   0: 3 0x800010c4 (0x006a4a33) x20 0x0036f44f
core   0: 0x800010c8 (0x00001579) c.addi  a0, -2
core   0: 3 0x800010c8 (0x1579) x10 0xfffffffc
core   0: 0x800010ca (0x0156efb3) or      t6, a3, s5
core   0: 3 0x800010ca (0x0156efb3) x31 0x0000000b
core   0: 0x800010ce (0x490bad17) auipc   s10, 0x490ba
core   0: 3 0x800010ce (0x490bad17) x26 0xc90bb0ce
core   0: 0x800010d2 (0xffc00693) li      a3, -4
core   0: 3 0x800010d2 (0xffc00693) x13 0xfffffffc
core   0: 0x800010d6 (0x00000001) c.nop
core   0: 3 0x800010d6 (0x0001)
core   0: 0x800010d8 (0x00001b18) c.addi4spn a4, sp, 432
core   0: 3 0x800010d8 (0x1b18) x14 0x000001ac
core   0: 0x800010da (0xba0b7893) andi    a7, s6, -1120
core   0: 3 0x800010da (0xba0b7893) x17 0x0ffffb20
core   0: 0x800010de (0x004b9133) sll     sp, s7, tp
core   0: 3 0x800010de (0x004b9133) x 2 0xfffffffc
core   0: 0x800010e2 (0x0000100f) fence.i
core   0: 3 0x800010e2 (0x0000100f)
core   0: 0x800010e6 (0x00000885) c.addi  a7, 1
core   0: 3 0x800010e6 (0x0885) x17 0x0ffffb21
core   0: 0x800010e8 (0x02fb83b3) mul     t2, s7, a5
core   0: 3 0x800010e8 (0x02fb83b3) x 7 0xffffffe0
core   0: 0x800010ec (0x41165f93) srai    t6, a2, 17
core   0: 3 0x800010ec (0x41165f93) x31 0x0000007f
core   0: 0x800010f0 (0x00000685) c.addi  a3, 1
core   0: 3 0x800010f0 (0x0685) x13 0xfffffffd
core   0: 0x800010f2 (0x0000faf5) c.bnez  a3, pc - 12
core   0: 3 0x800010f2 (0xfaf5)
core   0: 0x800010e6 (0x00000885) c.addi  a7, 1
core   0: 3 0x800010e6 (0x0885) x17 0x0ffffb22
core   0: 0x800010e8 (0x02fb83b3) mul     t2, s7, a5
core   0: 3 0x800010e8 (0x02fb83b3) x 7 0xffffffe0
core   0: 0x800010ec (0x41165f93) srai    t6, a2, 17
core   0: 3 0x800010ec (0x41165f93) x31 0x0000007f
core   0: 0x800010f0 (0x00000685) c.addi  a3, 1
core   0: 3 0x800010f0 (0x0685) x13 0xfffffffe
core   0: 0x800010f2 (0x0000faf5) c.bnez  a3, pc - 12
core   0: 3 0x800010f2 (0xfaf5)
core   0: 0x800010e6 (0x00000885) c.addi  a7, 1
core   0: 3 0x800010e6 (0x0885) x17 0x0ffffb23
core   0: 0x800010e8 (0x02fb83b3) mul     t2, s7, a5
core   0: 3 0x800010e8 (0x02fb83b3) x 7 0xffffffe0
core   0: 0x800010ec (0x41165f93) srai    t6, a2, 17
core   0: 3 0x800010ec (0x41165f93) x31 0x0000007f
core   0: 0x800010f0 (0x00000685) c.addi  a3, 1
core   0: 3 0x800010f0 (0x0685) x13 0xffffffff
core   0: 0x800010f2 (0x0000faf5) c.bnez  a3, pc - 12
core   0: 3 0x800010f2 (0xfaf5)
core   0: 0x800010e6 (0x00000885) c.addi  a7, 1
core   0: 3 0x800010e6 (0x0885) x17 0x0ffffb24
core   0: 0x800010e8 (0x02fb83b3) mul     t2, s7, a5
core   0: 3 0x800010e8 (0x02fb83b3) x 7 0xffffffe0
core   0: 0x800010ec (0x41165f93) srai    t6, a2, 17
core   0: 3 0x800010ec (0x41165f93) x31 0x0000007f
core   0: 0x800010f0 (0x00000685) c.addi  a3, 1
core   0: 3 0x800010f0 (0x0685) x13 0x00000000
core   0: 0x800010f2 (0x0000faf5) c.bnez  a3, pc - 12
core   0: 3 0x800010f2 (0xfaf5)
core   0: 0x800010f4 (0x40fd5333) sra     t1, s10, a5
core   0: 3 0x800010f4 (0x40fd5333) x 6 0xffc90bb0
core   0: 0x800010f8 (0x02c05eb3) divu    t4, zero, a2
core   0: 3 0x800010f8 (0x02c05eb3) x29 0x00000000
core   0: 0x800010fc (0xfc1554e3) bge     a0, ra, pc - 56
core   0: 3 0x800010fc (0xfc1554e3)
core   0: 0x80001100 (0x031537b3) mulhu   a5, a0, a7
core   0: 3 0x80001100 (0x031537b3) x15 0x0ffffb23
core   0: 0x80001104 (0xff600993) li      s3, -10
core   0: 3 0x80001104 (0xff600993) x19 0xfffffff6
core   0: 0x80001108 (0x02ff52b3) divu    t0, t5, a5
core   0: 3 0x80001108 (0x02ff52b3) x 5 0x00000000
core   0: 0x8000110c (0x01000693) li      a3, 16
core   0: 3 0x8000110c (0x01000693) x13 0x00000010
core   0: 0x80001110 (0x00008da5) c.xor   a1, s1
core   0: 3 0x80001110 (0x8da5) x11 0xfffffffc
core   0: 0x80001112 (0x0056d213) srli    tp, a3, 5
core   0: 3 0x80001112 (0x0056d213) x 4 0x00000000
core   0: 0x80001116 (0x000098fd) c.andi  s1, -1
core   0: 3 0x80001116 (0x98fd) x 9 0x00000000
core   0: 0x80001118 (0x0000099d) c.addi  s3, 7
core   0: 3 0x80001118 (0x099d) x19 0xfffffffd
core   0: 0x8000111a (0x00008d75) c.and   a0, a3
core   0: 3 0x8000111a (0x8d75) x10 0x00000010
core   0: 0x8000111c (0x735efa13) andi    s4, t4, 1845
core   0: 3 0x8000111c (0x735efa13) x20 0x00000000
core   0: 0x80001120 (0xffd00a93) li      s5, -3
core   0: 3 0x80001120 (0xffd00a93) x21 0xfffffffd
core   0: 0x80001124 (0x00200893) li      a7, 2
core   0: 3 0x80001124 (0x00200893) x17 0x00000002
core   0: 0x80001128 (0xccc8b493) sltiu   s1, a7, -820
core   0: 3 0x80001128 (0xccc8b493) x 9 0x00000001
core   0: 0x8000112c (0x01152d33) slt     s10, a0, a7
core   0: 3 0x8000112c (0x01152d33) x26 0x00000000
core   0: 0x80001130 (0x00000a85) c.addi  s5, 1
core   0: 3 0x80001130 (0x0a85) x21 0xfffffffe
core   0: 0x80001132 (0xff1a9be3) bne     s5, a7, pc - 10
core   0: 3 0x80001132 (0xff1a9be3)
core   0: 0x80001128 (0xccc8b493) sltiu   s1, a7, -820
core   0: 3 0x80001128 (0xccc8b493) x 9 0x00000001
core   0: 0x8000112c (0x01152d33) slt     s10, a0, a7
core   0: 3 0x8000112c (0x01152d33) x26 0x00000000
core   0: 0x80001130 (0x00000a85) c.addi  s5, 1
core   0: 3 0x80001130 (0x0a85) x21 0xffffffff
core   0: 0x80001132 (0xff1a9be3) bne     s5, a7, pc - 10
core   0: 3 0x80001132 (0xff1a9be3)
core   0: 0x80001128 (0xccc8b493) sltiu   s1, a7, -820
core   0: 3 0x80001128 (0xccc8b493) x 9 0x00000001
core   0: 0x8000112c (0x01152d33) slt     s10, a0, a7
core   0: 3 0x8000112c (0x01152d33) x26 0x00000000
core   0: 0x80001130 (0x00000a85) c.addi  s5, 1
core   0: 3 0x80001130 (0x0a85) x21 0x00000000
core   0: 0x80001132 (0xff1a9be3) bne     s5, a7, pc - 10
core   0: 3 0x80001132 (0xff1a9be3)
core   0: 0x80001128 (0xccc8b493) sltiu   s1, a7, -820
core   0: 3 0x80001128 (0xccc8b493) x 9 0x00000001
core   0: 0x8000112c (0x01152d33) slt     s10, a0, a7
core   0: 3 0x8000112c (0x01152d33) x26 0x00000000
core   0: 0x80001130 (0x00000a85) c.addi  s5, 1
core   0: 3 0x80001130 (0x0a85) x21 0x00000001
core   0: 0x80001132 (0xff1a9be3) bne     s5, a7, pc - 10
core   0: 3 0x80001132 (0xff1a9be3)
core   0: 0x80001128 (0xccc8b493) sltiu   s1, a7, -820
core   0: 3 0x80001128 (0xccc8b493) x 9 0x00000001
core   0: 0x8000112c (0x01152d33) slt     s10, a0, a7
core   0: 3 0x8000112c (0x01152d33) x26 0x00000000
core   0: 0x80001130 (0x00000a85) c.addi  s5, 1
core   0: 3 0x80001130 (0x0a85) x21 0x00000002
core   0: 0x80001132 (0xff1a9be3) bne     s5, a7, pc - 10
core   0: 3 0x80001132 (0xff1a9be3)
core   0: 0x80001136 (0x016b1833) sll     a6, s6, s6
core   0: 3 0x80001136 (0x016b1833) x16 0xff300000
core   0: 0x8000113a (0x03b5a033) mulhsu  zero, a1, s11
core   0: 3 0x8000113a (0x03b5a033)
core   0: 0x8000113e (0xfcd9cce3) blt     s3, a3, pc - 40
core   0: 3 0x8000113e (0xfcd9cce3)
core   0: 0x80001116 (0x000098fd) c.andi  s1, -1
core   0: 3 0x80001116 (0x98fd) x 9 0x00000001
core   0: 0x80001118 (0x0000099d) c.addi  s3, 7
core   0: 3 0x80001118 (0x099d) x19 0x00000004
core   0: 0x8000111a (0x00008d75) c.and   a0, a3
core   0: 3 0x8000111a (0x8d75) x10 0x00000010
core   0: 0x8000111c (0x735efa13) andi    s4, t4, 1845
core   0: 3 0x8000111c (0x735efa13) x20 0x00000000
core   0: 0x80001120 (0xffd00a93) li      s5, -3
core   0: 3 0x80001120 (0xffd00a93) x21 0xfffffffd
core   0: 0x80001124 (0x00200893) li      a7, 2
core   0: 3 0x80001124 (0x00200893) x17 0x00000002
core   0: 0x80001128 (0xccc8b493) sltiu   s1, a7, -820
core   0: 3 0x80001128 (0xccc8b493) x 9 0x00000001
core   0: 0x8000112c (0x01152d33) slt     s10, a0, a7
core   0: 3 0x8000112c (0x01152d33) x26 0x00000000
core   0: 0x80001130 (0x00000a85) c.addi  s5, 1
core   0: 3 0x80001130 (0x0a85) x21 0xfffffffe
core   0: 0x80001132 (0xff1a9be3) bne     s5, a7, pc - 10
core   0: 3 0x80001132 (0xff1a9be3)
core   0: 0x80001128 (0xccc8b493) sltiu   s1, a7, -820
core   0: 3 0x80001128 (0xccc8b493) x 9 0x00000001
core   0: 0x8000112c (0x01152d33) slt     s10, a0, a7
core   0: 3 0x8000112c (0x01152d33) x26 0x00000000
core   0: 0x80001130 (0x00000a85) c.addi  s5, 1
core   0: 3 0x80001130 (0x0a85) x21 0xffffffff
core   0: 0x80001132 (0xff1a9be3) bne     s5, a7, pc - 10
core   0: 3 0x80001132 (0xff1a9be3)
core   0: 0x80001128 (0xccc8b493) sltiu   s1, a7, -820
core   0: 3 0x80001128 (0xccc8b493) x 9 0x00000001
core   0: 0x8000112c (0x01152d33) slt     s10, a0, a7
core   0: 3 0x8000112c (0x01152d33) x26 0x00000000
core   0: 0x80001130 (0x00000a85) c.addi  s5, 1
core   0: 3 0x80001130 (0x0a85) x21 0x00000000
core   0: 0x80001132 (0xff1a9be3) bne     s5, a7, pc - 10
core   0: 3 0x80001132 (0xff1a9be3)
core   0: 0x80001128 (0xccc8b493) sltiu   s1, a7, -820
core   0: 3 0x80001128 (0xccc8b493) x 9 0x00000001
core   0: 0x8000112c (0x01152d33) slt     s10, a0, a7
core   0: 3 0x8000112c (0x01152d33) x26 0x00000000
core   0: 0x80001130 (0x00000a85) c.addi  s5, 1
core   0: 3 0x80001130 (0x0a85) x21 0x00000001
core   0: 0x80001132 (0xff1a9be3) bne     s5, a7, pc - 10
core   0: 3 0x80001132 (0xff1a9be3)
core   0: 0x80001128 (0xccc8b493) sltiu   s1, a7, -820
core   0: 3 0x80001128 (0xccc8b493) x 9 0x00000001
core   0: 0x8000112c (0x01152d33) slt     s10, a0, a7
core   0: 3 0x8000112c (0x01152d33) x26 0x00000000
core   0: 0x80001130 (0x00000a85) c.addi  s5, 1
core   0: 3 0x80001130 (0x0a85) x21 0x00000002
core   0: 0x80001132 (0xff1a9be3) bne     s5, a7, pc - 10
core   0: 3 0x80001132 (0xff1a9be3)
core   0: 0x80001136 (0x016b1833) sll     a6, s6, s6
core   0: 3 0x80001136 (0x016b1833) x16 0xff300000
core   0: 0x8000113a (0x03b5a033) mulhsu  zero, a1, s11
core   0: 3 0x8000113a (0x03b5a033)
core   0: 0x8000113e (0xfcd9cce3) blt     s3, a3, pc - 40
core   0: 3 0x8000113e (0xfcd9cce3)
core   0: 0x80001116 (0x000098fd) c.andi  s1, -1
core   0: 3 0x80001116 (0x98fd) x 9 0x00000001
core   0: 0x80001118 (0x0000099d) c.addi  s3, 7
core   0: 3 0x80001118 (0x099d) x19 0x0000000b
core   0: 0x8000111a (0x00008d75) c.and   a0, a3
core   0: 3 0x8000111a (0x8d75) x10 0x00000010
core   0: 0x8000111c (0x735efa13) andi    s4, t4, 1845
core   0: 3 0x8000111c (0x735efa13) x20 0x00000000
core   0: 0x80001120 (0xffd00a93) li      s5, -3
core   0: 3 0x80001120 (0xffd00a93) x21 0xfffffffd
core   0: 0x80001124 (0x00200893) li      a7, 2
core   0: 3 0x80001124 (0x00200893) x17 0x00000002
core   0: 0x80001128 (0xccc8b493) sltiu   s1, a7, -820
core   0: 3 0x80001128 (0xccc8b493) x 9 0x00000001
core   0: 0x8000112c (0x01152d33) slt     s10, a0, a7
core   0: 3 0x8000112c (0x01152d33) x26 0x00000000
core   0: 0x80001130 (0x00000a85) c.addi  s5, 1
core   0: 3 0x80001130 (0x0a85) x21 0xfffffffe
core   0: 0x80001132 (0xff1a9be3) bne     s5, a7, pc - 10
core   0: 3 0x80001132 (0xff1a9be3)
core   0: 0x80001128 (0xccc8b493) sltiu   s1, a7, -820
core   0: 3 0x80001128 (0xccc8b493) x 9 0x00000001
core   0: 0x8000112c (0x01152d33) slt     s10, a0, a7
core   0: 3 0x8000112c (0x01152d33) x26 0x00000000
core   0: 0x80001130 (0x00000a85) c.addi  s5, 1
core   0: 3 0x80001130 (0x0a85) x21 0xffffffff
core   0: 0x80001132 (0xff1a9be3) bne     s5, a7, pc - 10
core   0: 3 0x80001132 (0xff1a9be3)
core   0: 0x80001128 (0xccc8b493) sltiu   s1, a7, -820
core   0: 3 0x80001128 (0xccc8b493) x 9 0x00000001
core   0: 0x8000112c (0x01152d33) slt     s10, a0, a7
core   0: 3 0x8000112c (0x01152d33) x26 0x00000000
core   0: 0x80001130 (0x00000a85) c.addi  s5, 1
core   0: 3 0x80001130 (0x0a85) x21 0x00000000
core   0: 0x80001132 (0xff1a9be3) bne     s5, a7, pc - 10
core   0: 3 0x80001132 (0xff1a9be3)
core   0: 0x80001128 (0xccc8b493) sltiu   s1, a7, -820
core   0: 3 0x80001128 (0xccc8b493) x 9 0x00000001
core   0: 0x8000112c (0x01152d33) slt     s10, a0, a7
core   0: 3 0x8000112c (0x01152d33) x26 0x00000000
core   0: 0x80001130 (0x00000a85) c.addi  s5, 1
core   0: 3 0x80001130 (0x0a85) x21 0x00000001
core   0: 0x80001132 (0xff1a9be3) bne     s5, a7, pc - 10
core   0: 3 0x80001132 (0xff1a9be3)
core   0: 0x80001128 (0xccc8b493) sltiu   s1, a7, -820
core   0: 3 0x80001128 (0xccc8b493) x 9 0x00000001
core   0: 0x8000112c (0x01152d33) slt     s10, a0, a7
core   0: 3 0x8000112c (0x01152d33) x26 0x00000000
core   0: 0x80001130 (0x00000a85) c.addi  s5, 1
core   0: 3 0x80001130 (0x0a85) x21 0x00000002
core   0: 0x80001132 (0xff1a9be3) bne     s5, a7, pc - 10
core   0: 3 0x80001132 (0xff1a9be3)
core   0: 0x80001136 (0x016b1833) sll     a6, s6, s6
core   0: 3 0x80001136 (0x016b1833) x16 0xff300000
core   0: 0x8000113a (0x03b5a033) mulhsu  zero, a1, s11
core   0: 3 0x8000113a (0x03b5a033)
core   0: 0x8000113e (0xfcd9cce3) blt     s3, a3, pc - 40
core   0: 3 0x8000113e (0xfcd9cce3)
core   0: 0x80001116 (0x000098fd) c.andi  s1, -1
core   0: 3 0x80001116 (0x98fd) x 9 0x00000001
core   0: 0x80001118 (0x0000099d) c.addi  s3, 7
core   0: 3 0x80001118 (0x099d) x19 0x00000012
core   0: 0x8000111a (0x00008d75) c.and   a0, a3
core   0: 3 0x8000111a (0x8d75) x10 0x00000010
core   0: 0x8000111c (0x735efa13) andi    s4, t4, 1845
core   0: 3 0x8000111c (0x735efa13) x20 0x00000000
core   0: 0x80001120 (0xffd00a93) li      s5, -3
core   0: 3 0x80001120 (0xffd00a93) x21 0xfffffffd
core   0: 0x80001124 (0x00200893) li      a7, 2
core   0: 3 0x80001124 (0x00200893) x17 0x00000002
core   0: 0x80001128 (0xccc8b493) sltiu   s1, a7, -820
core   0: 3 0x80001128 (0xccc8b493) x 9 0x00000001
core   0: 0x8000112c (0x01152d33) slt     s10, a0, a7
core   0: 3 0x8000112c (0x01152d33) x26 0x00000000
core   0: 0x80001130 (0x00000a85) c.addi  s5, 1
core   0: 3 0x80001130 (0x0a85) x21 0xfffffffe
core   0: 0x80001132 (0xff1a9be3) bne     s5, a7, pc - 10
core   0: 3 0x80001132 (0xff1a9be3)
core   0: 0x80001128 (0xccc8b493) sltiu   s1, a7, -820
core   0: 3 0x80001128 (0xccc8b493) x 9 0x00000001
core   0: 0x8000112c (0x01152d33) slt     s10, a0, a7
core   0: 3 0x8000112c (0x01152d33) x26 0x00000000
core   0: 0x80001130 (0x00000a85) c.addi  s5, 1
core   0: 3 0x80001130 (0x0a85) x21 0xffffffff
core   0: 0x80001132 (0xff1a9be3) bne     s5, a7, pc - 10
core   0: 3 0x80001132 (0xff1a9be3)
core   0: 0x80001128 (0xccc8b493) sltiu   s1, a7, -820
core   0: 3 0x80001128 (0xccc8b493) x 9 0x00000001
core   0: 0x8000112c (0x01152d33) slt     s10, a0, a7
core   0: 3 0x8000112c (0x01152d33) x26 0x00000000
core   0: 0x80001130 (0x00000a85) c.addi  s5, 1
core   0: 3 0x80001130 (0x0a85) x21 0x00000000
core   0: 0x80001132 (0xff1a9be3) bne     s5, a7, pc - 10
core   0: 3 0x80001132 (0xff1a9be3)
core   0: 0x80001128 (0xccc8b493) sltiu   s1, a7, -820
core   0: 3 0x80001128 (0xccc8b493) x 9 0x00000001
core   0: 0x8000112c (0x01152d33) slt     s10, a0, a7
core   0: 3 0x8000112c (0x01152d33) x26 0x00000000
core   0: 0x80001130 (0x00000a85) c.addi  s5, 1
core   0: 3 0x80001130 (0x0a85) x21 0x00000001
core   0: 0x80001132 (0xff1a9be3) bne     s5, a7, pc - 10
core   0: 3 0x80001132 (0xff1a9be3)
core   0: 0x80001128 (0xccc8b493) sltiu   s1, a7, -820
core   0: 3 0x80001128 (0xccc8b493) x 9 0x00000001
core   0: 0x8000112c (0x01152d33) slt     s10, a0, a7
core   0: 3 0x8000112c (0x01152d33) x26 0x00000000
core   0: 0x80001130 (0x00000a85) c.addi  s5, 1
core   0: 3 0x80001130 (0x0a85) x21 0x00000002
core   0: 0x80001132 (0xff1a9be3) bne     s5, a7, pc - 10
core   0: 3 0x80001132 (0xff1a9be3)
core   0: 0x80001136 (0x016b1833) sll     a6, s6, s6
core   0: 3 0x80001136 (0x016b1833) x16 0xff300000
core   0: 0x8000113a (0x03b5a033) mulhsu  zero, a1, s11
core   0: 3 0x8000113a (0x03b5a033)
core   0: 0x8000113e (0xfcd9cce3) blt     s3, a3, pc - 40
core   0: 3 0x8000113e (0xfcd9cce3)
core   0: 0x80001142 (0x017e07b3) add     a5, t3, s7
core   0: 3 0x80001142 (0x017e07b3) x15 0xfffffffb
core   0: 0x80001146 (0xffc00293) li      t0, -4
core   0: 3 0x80001146 (0xffc00293) x 5 0xfffffffc
core   0: 0x8000114a (0x00009a7d) c.andi  a2, -1
core   0: 3 0x8000114a (0x9a7d) x12 0x00ffffe6
core   0: 0x8000114c (0x000085f9) c.srai  a1, 30
core   0: 3 0x8000114c (0x85f9) x11 0xffffffff
core   0: 0x8000114e (0xfec00713) li      a4, -20
core   0: 3 0x8000114e (0xfec00713) x14 0xffffffec
core   0: 0x80001152 (0x02ef5f33) divu    t5, t5, a4
core   0: 3 0x80001152 (0x02ef5f33) x30 0x00000000
core   0: 0x80001156 (0x00001510) c.addi4spn a2, sp, 672
core   0: 3 0x80001156 (0x1510) x12 0x0000029c
core   0: 0x80001158 (0x000012d9) c.addi  t0, -10
core   0: 3 0x80001158 (0x12d9) x 5 0xfffffff2
core   0: 0x8000115a (0x00700993) li      s3, 7
core   0: 3 0x8000115a (0x00700993) x19 0x00000007
core   0: 0x8000115e (0x0000717d) c.addi16sp sp, -16
core   0: 3 0x8000115e (0x717d) x 2 0xffffffec
core   0: 0x80001160 (0x0000100f) fence.i
core   0: 3 0x80001160 (0x0000100f)
core   0: 0x80001164 (0x01ef4233) xor     tp, t5, t5
core   0: 3 0x80001164 (0x01ef4233) x 4 0x00000000
core   0: 0x80001168 (0x00400093) li      ra, 4
core   0: 3 0x80001168 (0x00400093) x 1 0x00000004
core   0: 0x8000116c (0x000063e9) c.lui   t2, 0x1a
core   0: 3 0x8000116c (0x63e9) x 7 0x0001a000
core   0: 0x8000116e (0x00000001) c.nop
core   0: 3 0x8000116e (0x0001)
core   0: 0x80001170 (0x000019f5) c.addi  s3, -3
core   0: 3 0x80001170 (0x19f5) x19 0x00000004
core   0: 0x80001172 (0x003e7f33) and     t5, t3, gp
core   0: 3 0x80001172 (0x003e7f33) x30 0x00000014
core   0: 0x80001176 (0xfe19fbe3) bgeu    s3, ra, pc - 10
core   0: 3 0x80001176 (0xfe19fbe3)
core   0: 0x8000116c (0x000063e9) c.lui   t2, 0x1a
core   0: 3 0x8000116c (0x63e9) x 7 0x0001a000
core   0: 0x8000116e (0x00000001) c.nop
core   0: 3 0x8000116e (0x0001)
core   0: 0x80001170 (0x000019f5) c.addi  s3, -3
core   0: 3 0x80001170 (0x19f5) x19 0x00000001
core   0: 0x80001172 (0x003e7f33) and     t5, t3, gp
core   0: 3 0x80001172 (0x003e7f33) x30 0x00000014
core   0: 0x80001176 (0xfe19fbe3) bgeu    s3, ra, pc - 10
core   0: 3 0x80001176 (0xfe19fbe3)
core   0: 0x8000117a (0xfce2dee3) bge     t0, a4, pc - 36
core   0: 3 0x8000117a (0xfce2dee3)
core   0: 0x80001156 (0x00001510) c.addi4spn a2, sp, 672
core   0: 3 0x80001156 (0x1510) x12 0x0000028c
core   0: 0x80001158 (0x000012d9) c.addi  t0, -10
core   0: 3 0x80001158 (0x12d9) x 5 0xffffffe8
core   0: 0x8000115a (0x00700993) li      s3, 7
core   0: 3 0x8000115a (0x00700993) x19 0x00000007
core   0: 0x8000115e (0x0000717d) c.addi16sp sp, -16
core   0: 3 0x8000115e (0x717d) x 2 0xffffffdc
core   0: 0x80001160 (0x0000100f) fence.i
core   0: 3 0x80001160 (0x0000100f)
core   0: 0x80001164 (0x01ef4233) xor     tp, t5, t5
core   0: 3 0x80001164 (0x01ef4233) x 4 0x00000000
core   0: 0x80001168 (0x00400093) li      ra, 4
core   0: 3 0x80001168 (0x00400093) x 1 0x00000004
core   0: 0x8000116c (0x000063e9) c.lui   t2, 0x1a
core   0: 3 0x8000116c (0x63e9) x 7 0x0001a000
core   0: 0x8000116e (0x00000001) c.nop
core   0: 3 0x8000116e (0x0001)
core   0: 0x80001170 (0x000019f5) c.addi  s3, -3
core   0: 3 0x80001170 (0x19f5) x19 0x00000004
core   0: 0x80001172 (0x003e7f33) and     t5, t3, gp
core   0: 3 0x80001172 (0x003e7f33) x30 0x00000014
core   0: 0x80001176 (0xfe19fbe3) bgeu    s3, ra, pc - 10
core   0: 3 0x80001176 (0xfe19fbe3)
core   0: 0x8000116c (0x000063e9) c.lui   t2, 0x1a
core   0: 3 0x8000116c (0x63e9) x 7 0x0001a000
core   0: 0x8000116e (0x00000001) c.nop
core   0: 3 0x8000116e (0x0001)
core   0: 0x80001170 (0x000019f5) c.addi  s3, -3
core   0: 3 0x80001170 (0x19f5) x19 0x00000001
core   0: 0x80001172 (0x003e7f33) and     t5, t3, gp
core   0: 3 0x80001172 (0x003e7f33) x30 0x00000014
core   0: 0x80001176 (0xfe19fbe3) bgeu    s3, ra, pc - 10
core   0: 3 0x80001176 (0xfe19fbe3)
core   0: 0x8000117a (0xfce2dee3) bge     t0, a4, pc - 36
core   0: 3 0x8000117a (0xfce2dee3)
core   0: 0x8000117e (0x00008fc9) c.or    a5, a0
core   0: 3 0x8000117e (0x8fc9) x15 0xfffffffb
core   0: 0x80001180 (0x00900213) li      tp, 9
core   0: 3 0x80001180 (0x00900213) x 4 0x00000009
core   0: 0x80001184 (0x03a566b3) rem     a3, a0, s10
core   0: 3 0x80001184 (0x03a566b3) x13 0x00000010
core   0: 0x80001188 (0x40b086b3) sub     a3, ra, a1
core   0: 3 0x80001188 (0x40b086b3) x13 0x00000005
core   0: 0x8000118c (0x00700893) li      a7, 7
core   0: 3 0x8000118c (0x00700893) x17 0x00000007
core   0: 0x80001190 (0x0000612d) c.addi16sp sp, 224
core   0: 3 0x80001190 (0x612d) x 2 0x000000bc
core   0: 0x80001192 (0x41818633) sub     a2, gp, s8
core   0: 3 0x80001192 (0x41818633) x12 0xffffff9e
core   0: 0x80001196 (0x035f69b3) rem     s3, t5, s5
core   0: 3 0x80001196 (0x035f69b3) x19 0x00000000
core   0: 0x8000119a (0x00008a89) c.andi  a3, 2
core   0: 3 0x8000119a (0x8a89) x13 0x00000000
core   0: 0x8000119c (0x02ff06b3) mul     a3, t5, a5
core   0: 3 0x8000119c (0x02ff06b3) x13 0xffffff9c
core   0: 0x800011a0 (0x00001269) c.addi  tp, -6
core   0: 3 0x800011a0 (0x1269) x 4 0x00000003
core   0: 0x800011a2 (0x0000985e) c.add   a6, s7
core   0: 3 0x800011a2 (0x985e) x16 0xff2ffffc
core   0: 0x800011a4 (0x0000717d) c.addi16sp sp, -16
core   0: 3 0x800011a4 (0x717d) x 2 0x000000ac
core   0: 0x800011a6 (0x02243733) mulhu   a4, s0, sp
core   0: 3 0x800011a6 (0x02243733) x14 0x00000000
core   0: 0x800011aa (0x00600493) li      s1, 6
core   0: 3 0x800011aa (0x00600493) x 9 0x00000006
core   0: 0x800011ae (0x000057fd) c.li    a5, -1
core   0: 3 0x800011ae (0x57fd) x15 0xffffffff
core   0: 0x800011b0 (0x00008d8d) c.sub   a1, a1
core   0: 3 0x800011b0 (0x8d8d) x11 0x00000000
core   0: 0x800011b2 (0xff800313) li      t1, -8
core   0: 3 0x800011b2 (0xff800313) x 6 0xfffffff8
core   0: 0x800011b6 (0xeb15a613) slti    a2, a1, -335
core   0: 3 0x800011b6 (0xeb15a613) x12 0x00000000
core   0: 0x800011ba (0x037f3c33) mulhu   s8, t5, s7
core   0: 3 0x800011ba (0x037f3c33) x24 0x00000013
core   0: 0x800011be (0x007c9393) slli    t2, s9, 7
core   0: 3 0x800011be (0x007c9393) x 7 0xffffd080
core   0: 0x800011c2 (0x7f39e297) auipc   t0, 0x7f39e
core   0: 3 0x800011c2 (0x7f39e297) x 5 0xff39f1c2
core   0: 0x800011c6 (0x023da2b3) mulhsu  t0, s11, gp
core   0: 3 0x800011c6 (0x023da2b3) x 5 0xfffffff6
core   0: 0x800011ca (0x40875993) srai    s3, a4, 8
core   0: 3 0x800011ca (0x40875993) x19 0x00000000
core   0: 0x800011ce (0x00000bfd) c.addi  s7, 31
core   0: 3 0x800011ce (0x0bfd) x23 0x0000001b
core   0: 0x800011d0 (0x000014e5) c.addi  s1, -7
core   0: 3 0x800011d0 (0x14e5) x 9 0xffffffff
core   0: 0x800011d2 (0x008192b3) sll     t0, gp, s0
core   0: 3 0x800011d2 (0x008192b3) x 5 0x00000014
core   0: 0x800011d6 (0x00000ad6) c.slli  s5, 21
core   0: 3 0x800011d6 (0x0ad6) x21 0x00400000
core   0: 0x800011d8 (0xfe6485e3) beq     s1, t1, pc - 22
core   0: 3 0x800011d8 (0xfe6485e3)
core   0: 0x800011dc (0x00008d81) c.sub   a1, s0
core   0: 3 0x800011dc (0x8d81) x11 0x00000000
core   0: 0x800011de (0x00351e33) sll     t3, a0, gp
core   0: 3 0x800011de (0x00351e33) x28 0x01000000
core   0: 0x800011e2 (0x0000868e) c.mv    a3, gp
core   0: 3 0x800011e2 (0x868e) x13 0x00000014
core   0: 0x800011e4 (0xfb1279e3) bgeu    tp, a7, pc - 78
core   0: 3 0x800011e4 (0xfb1279e3)
core   0: 0x800011e8 (0x000085d5) c.srai  a1, 21
core   0: 3 0x800011e8 (0x85d5) x11 0x00000000
core   0: 0x800011ea (0x00a00513) li      a0, 10
core   0: 3 0x800011ea (0x00a00513) x10 0x0000000a
core   0: 0x800011ee (0x00006131) c.addi16sp sp, 320
core   0: 3 0x800011ee (0x6131) x 2 0x000001ec
core   0: 0x800011f0 (0x013bad33) slt     s10, s7, s3
core   0: 3 0x800011f0 (0x013bad33) x26 0x00000000
core   0: 0x800011f4 (0x00000271) c.addi  tp, 28
core   0: 3 0x800011f4 (0x0271) x 4 0x0000001f
core   0: 0x800011f6 (0x00009f8e) c.add   t6, gp
core   0: 3 0x800011f6 (0x9f8e) x31 0x00000093
core   0: 0x800011f8 (0x00600b13) li      s6, 6
core   0: 3 0x800011f8 (0x00600b13) x22 0x00000006
core   0: 0x800011fc (0x0016b8b3) sltu    a7, a3, ra
core   0: 3 0x800011fc (0x0016b8b3) x17 0x00000000
core   0: 0x80001200 (0x0000156d) c.addi  a0, -5
core   0: 3 0x80001200 (0x156d) x10 0x00000005
core   0: 0x80001202 (0x01eb5e33) srl     t3, s6, t5
core   0: 3 0x80001202 (0x01eb5e33) x28 0x00000000
core   0: 0x80001206 (0x03dacc33) div     s8, s5, t4
core   0: 3 0x80001206 (0x03dacc33) x24 0xffffffff
core   0: 0x8000120a (0x00008f05) c.sub   a4, s1
core   0: 3 0x8000120a (0x8f05) x14 0x00000001
core   0: 0x8000120c (0xffe00593) li      a1, -2
core   0: 3 0x8000120c (0xffe00593) x11 0xfffffffe
core   0: 0x80001210 (0x00008f29) c.xor   a4, a0
core   0: 3 0x80001210 (0x8f29) x14 0x00000004
core   0: 0x80001212 (0x40bb5c13) srai    s8, s6, 11
core   0: 3 0x80001212 (0x40bb5c13) x24 0x00000000
core   0: 0x80001216 (0x009d2833) slt     a6, s10, s1
core   0: 3 0x80001216 (0x009d2833) x16 0x00000000
core   0: 0x8000121a (0x0000717d) c.addi16sp sp, -16
core   0: 3 0x8000121a (0x717d) x 2 0x000001dc
core   0: 0x8000121c (0x00083733) sltu    a4, a6, zero
core   0: 3 0x8000121c (0x00083733) x14 0x00000000
core   0: 0x80001220 (0x00000001) c.nop
core   0: 3 0x80001220 (0x0001)
core   0: 0x80001222 (0x020cf6b3) remu    a3, s9, zero
core   0: 3 0x80001222 (0x020cf6b3) x13 0xffffffa1
core   0: 0x80001226 (0x00008b35) c.andi  a4, 13
core   0: 3 0x80001226 (0x8b35) x14 0x00000000
core   0: 0x80001228 (0x01d6dc33) srl     s8, a3, t4
core   0: 3 0x80001228 (0x01d6dc33) x24 0xffffffa1
core   0: 0x8000122c (0x00000585) c.addi  a1, 1
core   0: 3 0x8000122c (0x0585) x11 0xffffffff
core   0: 0x8000122e (0x000083a5) c.srli  a5, 9
core   0: 3 0x8000122e (0x83a5) x15 0x007fffff
core   0: 0x80001230 (0x00008cc1) c.or    s1, s0
core   0: 3 0x80001230 (0x8cc1) x 9 0xffffffff
core   0: 0x80001232 (0x004516b3) sll     a3, a0, tp
core   0: 3 0x80001232 (0x004516b3) x13 0x80000000
core   0: 0x80001236 (0x03ff30b3) mulhu   ra, t5, t6
core   0: 3 0x80001236 (0x03ff30b3) x 1 0x00000000
core   0: 0x8000123a (0x0000d5e5) c.beqz  a1, pc - 24
core   0: 3 0x8000123a (0xd5e5)
core   0: 0x8000123c (0x027b83b3) mul     t2, s7, t2
core   0: 3 0x8000123c (0x027b83b3) x 7 0xfffafd80
core   0: 0x80001240 (0xfb657ee3) bgeu    a0, s6, pc - 68
core   0: 3 0x80001240 (0xfb657ee3)
core   0: 0x80001244 (0x00000918) c.addi4spn a4, sp, 144
core   0: 3 0x80001244 (0x0918) x14 0x0000026c
core   0: 0x80001246 (0xff800c93) li      s9, -8
core   0: 3 0x80001246 (0xff800c93) x25 0xfffffff8
core   0: 0x8000124a (0x00000001) c.nop
core   0: 3 0x8000124a (0x0001)
core   0: 0x8000124c (0x02303333) mulhu   t1, zero, gp
core   0: 3 0x8000124c (0x02303333) x 6 0x00000000
core   0: 0x80001250 (0xff900f13) li      t5, -7
core   0: 3 0x80001250 (0xff900f13) x30 0xfffffff9
core   0: 0x80001254 (0x00001498) c.addi4spn a4, sp, 608
core   0: 3 0x80001254 (0x1498) x14 0x0000043c
core   0: 0x80001256 (0x00000001) c.nop
core   0: 3 0x80001256 (0x0001)
core   0: 0x80001258 (0x02afe733) rem     a4, t6, a0
core   0: 3 0x80001258 (0x02afe733) x14 0x00000002
core   0: 0x8000125c (0x0ff0000f) fence   iorw,iorw
core   0: 3 0x8000125c (0x0ff0000f)
core   0: 0x80001260 (0x00008ea1) c.xor   a3, s0
core   0: 3 0x80001260 (0x8ea1) x13 0x80000000
core   0: 0x80001262 (0x0285ceb3) div     t4, a1, s0
core   0: 3 0x80001262 (0x0285ceb3) x29 0xffffffff
core   0: 0x80001266 (0x0000910e) c.add   sp, gp
core   0: 3 0x80001266 (0x910e) x 2 0x000001f0
core   0: 0x80001268 (0x13483e93) sltiu   t4, a6, 308
core   0: 3 0x80001268 (0x13483e93) x29 0x00000001
core   0: 0x8000126c (0x00000ca1) c.addi  s9, 8
core   0: 3 0x8000126c (0x0ca1) x25 0x00000000
core   0: 0x8000126e (0x02d9b5b3) mulhu   a1, s3, a3
core   0: 3 0x8000126e (0x02d9b5b3) x11 0x00000000
core   0: 0x80001272 (0x00f108b3) add     a7, sp, a5
core   0: 3 0x80001272 (0x00f108b3) x17 0x008001ef
core   0: 0x80001276 (0x00600493) li      s1, 6
core   0: 3 0x80001276 (0x00600493) x 9 0x00000006
core   0: 0x8000127a (0xc07d8b93) addi    s7, s11, -1017
core   0: 3 0x8000127a (0xc07d8b93) x23 0x80022a6b
core   0: 0x8000127e (0x00000001) c.nop
core   0: 3 0x8000127e (0x0001)
core   0: 0x80001280 (0x0ff0000f) fence   iorw,iorw
core   0: 3 0x80001280 (0x0ff0000f)
core   0: 0x80001284 (0xc92e43b7) lui     t2, 0xc92e4
core   0: 3 0x80001284 (0xc92e43b7) x 7 0xc92e4000
core   0: 0x80001288 (0x63b7a593) slti    a1, a5, 1595
core   0: 3 0x80001288 (0x63b7a593) x11 0x00000000
core   0: 0x8000128c (0x4a66a393) slti    t2, a3, 1190
core   0: 3 0x8000128c (0x4a66a393) x 7 0x00000001
core   0: 0x80001290 (0x000014f5) c.addi  s1, -3
core   0: 3 0x80001290 (0x14f5) x 9 0x00000003
core   0: 0x80001292 (0x0000dced) c.beqz  s1, pc - 6
core   0: 3 0x80001292 (0xdced)
core   0: 0x80001294 (0x58c1a893) slti    a7, gp, 1420
core   0: 3 0x80001294 (0x58c1a893) x17 0x00000001
core   0: 0x80001298 (0x5fcc6a13) ori     s4, s8, 1532
core   0: 3 0x80001298 (0x5fcc6a13) x20 0xfffffffd
core   0: 0x8000129c (0x0000100f) fence.i
core   0: 3 0x8000129c (0x0000100f)
core   0: 0x800012a0 (0x4a2fe117) auipc   sp, 0x4a2fe
core   0: 3 0x800012a0 (0x4a2fe117) x 2 0xca2ff2a0
core   0: 0x800012a4 (0xfbecc9e3) blt     s9, t5, pc - 78
core   0: 3 0x800012a4 (0xfbecc9e3)
core   0: 0x800012a8 (0x03d836b3) mulhu   a3, a6, t4
core   0: 3 0x800012a8 (0x03d836b3) x13 0x00000000
core   0: 0x800012ac (0x00000c13) li      s8, 0
core   0: 3 0x800012ac (0x00000c13) x24 0x00000000
core   0: 0x800012b0 (0x011d4233) xor     tp, s10, a7
core   0: 3 0x800012b0 (0x011d4233) x 4 0x00000001
core   0: 0x800012b4 (0x00100f13) li      t5, 1
core   0: 3 0x800012b4 (0x00100f13) x30 0x00000001
core   0: 0x800012b8 (0x01421f93) slli    t6, tp, 20
core   0: 3 0x800012b8 (0x01421f93) x31 0x00100000
core   0: 0x800012bc (0x0068b033) sltu    zero, a7, t1
core   0: 3 0x800012bc (0x0068b033)
core   0: 0x800012c0 (0x00704333) xor     t1, zero, t2
core   0: 3 0x800012c0 (0x00704333) x 6 0x00000001
core   0: 0x800012c4 (0x00008e45) c.or    a2, s1
core   0: 3 0x800012c4 (0x8e45) x12 0x00000003
core   0: 0x800012c6 (0x03aa3e33) mulhu   t3, s4, s10
core   0: 3 0x800012c6 (0x03aa3e33) x28 0x00000000
core   0: 0x800012ca (0x00000c05) c.addi  s8, 1
core   0: 3 0x800012ca (0x0c05) x24 0x00000001
core   0: 0x800012cc (0x0ff0000f) fence   iorw,iorw
core   0: 3 0x800012cc (0x0ff0000f)
core   0: 0x800012d0 (0x02cc3b33) mulhu   s6, s8, a2
core   0: 3 0x800012d0 (0x02cc3b33) x22 0x00000000
core   0: 0x800012d4 (0x00500713) li      a4, 5
core   0: 3 0x800012d4 (0x00500713) x14 0x00000005
core   0: 0x800012d8 (0x00c06b33) or      s6, zero, a2
core   0: 3 0x800012d8 (0x00c06b33) x22 0x00000003
core   0: 0x800012dc (0x00d00493) li      s1, 13
core   0: 3 0x800012dc (0x00d00493) x 9 0x0000000d
core   0: 0x800012e0 (0x40b0af93) slti    t6, ra, 1035
core   0: 3 0x800012e0 (0x40b0af93) x31 0x00000001
core   0: 0x800012e4 (0x00000515) c.addi  a0, 5
core   0: 3 0x800012e4 (0x0515) x10 0x0000000a
core   0: 0x800012e6 (0x0000071d) c.addi  a4, 7
core   0: 3 0x800012e6 (0x071d) x14 0x0000000c
core   0: 0x800012e8 (0x00008fc1) c.or    a5, s0
core   0: 3 0x800012e8 (0x8fc1) x15 0x007fffff
core   0: 0x800012ea (0x000005be) c.slli  a1, 15
core   0: 3 0x800012ea (0x05be) x11 0x00000000
core   0: 0x800012ec (0x038ae9b3) rem     s3, s5, s8
core   0: 3 0x800012ec (0x038ae9b3) x19 0x00000000
core   0: 0x800012f0 (0x03dc0333) mul     t1, s8, t4
core   0: 3 0x800012f0 (0x03dc0333) x 6 0x00000001
core   0: 0x800012f4 (0x02526bb3) rem     s7, tp, t0
core   0: 3 0x800012f4 (0x02526bb3) x23 0x00000001
core   0: 0x800012f8 (0xfe9746e3) blt     a4, s1, pc - 20
core   0: 3 0x800012f8 (0xfe9746e3)
core   0: 0x800012e4 (0x00000515) c.addi  a0, 5
core   0: 3 0x800012e4 (0x0515) x10 0x0000000f
core   0: 0x800012e6 (0x0000071d) c.addi  a4, 7
core   0: 3 0x800012e6 (0x071d) x14 0x00000013
core   0: 0x800012e8 (0x00008fc1) c.or    a5, s0
core   0: 3 0x800012e8 (0x8fc1) x15 0x007fffff
core   0: 0x800012ea (0x000005be) c.slli  a1, 15
core   0: 3 0x800012ea (0x05be) x11 0x00000000
core   0: 0x800012ec (0x038ae9b3) rem     s3, s5, s8
core   0: 3 0x800012ec (0x038ae9b3) x19 0x00000000
core   0: 0x800012f0 (0x03dc0333) mul     t1, s8, t4
core   0: 3 0x800012f0 (0x03dc0333) x 6 0x00000001
core   0: 0x800012f4 (0x02526bb3) rem     s7, tp, t0
core   0: 3 0x800012f4 (0x02526bb3) x23 0x00000001
core   0: 0x800012f8 (0xfe9746e3) blt     a4, s1, pc - 20
core   0: 3 0x800012f8 (0xfe9746e3)
core   0: 0x800012fc (0x0000717d) c.addi16sp sp, -16
core   0: 3 0x800012fc (0x717d) x 2 0xca2ff290
core   0: 0x800012fe (0x000002f6) c.slli  t0, 29
core   0: 3 0x800012fe (0x02f6) x 5 0x80000000
core   0: 0x80001300 (0xfbec4ee3) blt     s8, t5, pc - 68
core   0: 3 0x80001300 (0xfbec4ee3)
core   0: 0x80001304 (0x004e69b3) or      s3, t3, tp
core   0: 3 0x80001304 (0x004e69b3) x19 0x00000001
core   0: 0x80001308 (0xff700513) li      a0, -9
core   0: 3 0x80001308 (0xff700513) x10 0xfffffff7
core   0: 0x8000130c (0x8dbcc713) xori    a4, s9, -1829
core   0: 3 0x8000130c (0x8dbcc713) x14 0xfffff8db
core   0: 0x80001310 (0x6ce6f793) andi    a5, a3, 1742
core   0: 3 0x80001310 (0x6ce6f793) x15 0x00000000
core   0: 0x80001314 (0x0000717d) c.addi16sp sp, -16
core   0: 3 0x80001314 (0x717d) x 2 0xca2ff280
core   0: 0x80001316 (0x00000001) c.nop
core   0: 3 0x80001316 (0x0001)
core   0: 0x80001318 (0x0000866a) c.mv    a2, s10
core   0: 3 0x80001318 (0x866a) x12 0x00000000
core   0: 0x8000131a (0x03bc4eb3) div     t4, s8, s11
core   0: 3 0x8000131a (0x03bc4eb3) x29 0x00000000
core   0: 0x8000131e (0x0000050d) c.addi  a0, 3
core   0: 3 0x8000131e (0x050d) x10 0xfffffffa
core   0: 0x80001320 (0x000005a2) c.slli  a1, 8
core   0: 3 0x80001320 (0x05a2) x11 0x00000000
core   0: 0x80001322 (0x11b23c93) sltiu   s9, tp, 283
core   0: 3 0x80001322 (0x11b23c93) x25 0x00000001
core   0: 0x80001326 (0x00004fa1) c.li    t6, 8
core   0: 3 0x80001326 (0x4fa1) x31 0x00000008
core   0: 0x80001328 (0x0251aa33) mulhsu  s4, gp, t0
core   0: 3 0x80001328 (0x0251aa33) x20 0x0000000a
core   0: 0x8000132c (0xffe00493) li      s1, -2
core   0: 3 0x8000132c (0xffe00493) x 9 0xfffffffe
core   0: 0x80001330 (0x00005bfd) c.li    s7, -1
core   0: 3 0x80001330 (0x5bfd) x23 0xffffffff
core   0: 0x80001332 (0xff700f13) li      t5, -9
core   0: 3 0x80001332 (0xff700f13) x30 0xfffffff7
core   0: 0x80001336 (0x00004805) c.li    a6, 1
core   0: 3 0x80001336 (0x4805) x16 0x00000001
core   0: 0x80001338 (0x6aca0e97) auipc   t4, 0x6aca0
core   0: 3 0x80001338 (0x6aca0e97) x29 0xeaca1338
core   0: 0x8000133c (0x02a39a33) mulh    s4, t2, a0
core   0: 3 0x8000133c (0x02a39a33) x20 0xffffffff
core   0: 0x80001340 (0x08797893) andi    a7, s2, 135
core   0: 3 0x80001340 (0x08797893) x17 0x00000084
core   0: 0x80001344 (0x000014e5) c.addi  s1, -7
core   0: 3 0x80001344 (0x14e5) x 9 0xfffffff7
core   0: 0x80001346 (0xffe49be3) bne     s1, t5, pc - 10
core   0: 3 0x80001346 (0xffe49be3)
core   0: 0x8000134a (0x00009152) c.add   sp, s4
core   0: 3 0x8000134a (0x9152) x 2 0xca2ff27f
core   0: 0x8000134c (0x0000f579) c.bnez  a0, pc - 50
core   0: 3 0x8000134c (0xf579)
core   0: 0x8000131a (0x03bc4eb3) div     t4, s8, s11
core   0: 3 0x8000131a (0x03bc4eb3) x29 0x00000000
core   0: 0x8000131e (0x0000050d) c.addi  a0, 3
core   0: 3 0x8000131e (0x050d) x10 0xfffffffd
core   0: 0x80001320 (0x000005a2) c.slli  a1, 8
core   0: 3 0x80001320 (0x05a2) x11 0x00000000
core   0: 0x80001322 (0x11b23c93) sltiu   s9, tp, 283
core   0: 3 0x80001322 (0x11b23c93) x25 0x00000001
core   0: 0x80001326 (0x00004fa1) c.li    t6, 8
core   0: 3 0x80001326 (0x4fa1) x31 0x00000008
core   0: 0x80001328 (0x0251aa33) mulhsu  s4, gp, t0
core   0: 3 0x80001328 (0x0251aa33) x20 0x0000000a
core   0: 0x8000132c (0xffe00493) li      s1, -2
core   0: 3 0x8000132c (0xffe00493) x 9 0xfffffffe
core   0: 0x80001330 (0x00005bfd) c.li    s7, -1
core   0: 3 0x80001330 (0x5bfd) x23 0xffffffff
core   0: 0x80001332 (0xff700f13) li      t5, -9
core   0: 3 0x80001332 (0xff700f13) x30 0xfffffff7
core   0: 0x80001336 (0x00004805) c.li    a6, 1
core   0: 3 0x80001336 (0x4805) x16 0x00000001
core   0: 0x80001338 (0x6aca0e97) auipc   t4, 0x6aca0
core   0: 3 0x80001338 (0x6aca0e97) x29 0xeaca1338
core   0: 0x8000133c (0x02a39a33) mulh    s4, t2, a0
core   0: 3 0x8000133c (0x02a39a33) x20 0xffffffff
core   0: 0x80001340 (0x08797893) andi    a7, s2, 135
core   0: 3 0x80001340 (0x08797893) x17 0x00000084
core   0: 0x80001344 (0x000014e5) c.addi  s1, -7
core   0: 3 0x80001344 (0x14e5) x 9 0xfffffff7
core   0: 0x80001346 (0xffe49be3) bne     s1, t5, pc - 10
core   0: 3 0x80001346 (0xffe49be3)
core   0: 0x8000134a (0x00009152) c.add   sp, s4
core   0: 3 0x8000134a (0x9152) x 2 0xca2ff27e
core   0: 0x8000134c (0x0000f579) c.bnez  a0, pc - 50
core   0: 3 0x8000134c (0xf579)
core   0: 0x8000131a (0x03bc4eb3) div     t4, s8, s11
core   0: 3 0x8000131a (0x03bc4eb3) x29 0x00000000
core   0: 0x8000131e (0x0000050d) c.addi  a0, 3
core   0: 3 0x8000131e (0x050d) x10 0x00000000
core   0: 0x80001320 (0x000005a2) c.slli  a1, 8
core   0: 3 0x80001320 (0x05a2) x11 0x00000000
core   0: 0x80001322 (0x11b23c93) sltiu   s9, tp, 283
core   0: 3 0x80001322 (0x11b23c93) x25 0x00000001
core   0: 0x80001326 (0x00004fa1) c.li    t6, 8
core   0: 3 0x80001326 (0x4fa1) x31 0x00000008
core   0: 0x80001328 (0x0251aa33) mulhsu  s4, gp, t0
core   0: 3 0x80001328 (0x0251aa33) x20 0x0000000a
core   0: 0x8000132c (0xffe00493) li      s1, -2
core   0: 3 0x8000132c (0xffe00493) x 9 0xfffffffe
core   0: 0x80001330 (0x00005bfd) c.li    s7, -1
core   0: 3 0x80001330 (0x5bfd) x23 0xffffffff
core   0: 0x80001332 (0xff700f13) li      t5, -9
core   0: 3 0x80001332 (0xff700f13) x30 0xfffffff7
core   0: 0x80001336 (0x00004805) c.li    a6, 1
core   0: 3 0x80001336 (0x4805) x16 0x00000001
core   0: 0x80001338 (0x6aca0e97) auipc   t4, 0x6aca0
core   0: 3 0x80001338 (0x6aca0e97) x29 0xeaca1338
core   0: 0x8000133c (0x02a39a33) mulh    s4, t2, a0
core   0: 3 0x8000133c (0x02a39a33) x20 0x00000000
core   0: 0x80001340 (0x08797893) andi    a7, s2, 135
core   0: 3 0x80001340 (0x08797893) x17 0x00000084
core   0: 0x80001344 (0x000014e5) c.addi  s1, -7
core   0: 3 0x80001344 (0x14e5) x 9 0xfffffff7
core   0: 0x80001346 (0xffe49be3) bne     s1, t5, pc - 10
core   0: 3 0x80001346 (0xffe49be3)
core   0: 0x8000134a (0x00009152) c.add   sp, s4
core   0: 3 0x8000134a (0x9152) x 2 0xca2ff27e
core   0: 0x8000134c (0x0000f579) c.bnez  a0, pc - 50
core   0: 3 0x8000134c (0xf579)
core   0: 0x8000134e (0x00001c7d) c.addi  s8, -1
core   0: 3 0x8000134e (0x1c7d) x24 0x00000000
core   0: 0x80001350 (0x00900293) li      t0, 9
core   0: 3 0x80001350 (0x00900293) x 5 0x00000009
core   0: 0x80001354 (0x00900113) li      sp, 9
core   0: 3 0x80001354 (0x00900113) x 2 0x00000009
core   0: 0x80001358 (0x00009d4a) c.add   s10, s2
core   0: 3 0x80001358 (0x9d4a) x26 0x80026ce4
core   0: 0x8000135a (0x000012f1) c.addi  t0, -4
core   0: 3 0x8000135a (0x12f1) x 5 0x00000005
core   0: 0x8000135c (0xfff00793) li      a5, -1
core   0: 3 0x8000135c (0xfff00793) x15 0xffffffff
core   0: 0x80001360 (0x00000001) c.nop
core   0: 3 0x80001360 (0x0001)
core   0: 0x80001362 (0x000065c5) c.lui   a1, 0x11
core   0: 3 0x80001362 (0x65c5) x11 0x00011000
core   0: 0x80001364 (0x00000785) c.addi  a5, 1
core   0: 3 0x80001364 (0x0785) x15 0x00000000
core   0: 0x80001366 (0x0000fff5) c.bnez  a5, pc - 4
core   0: 3 0x80001366 (0xfff5)
core   0: 0x80001368 (0xfe22f8e3) bgeu    t0, sp, pc - 16
core   0: 3 0x80001368 (0xfe22f8e3)
core   0: 0x8000136c (0x36cd2893) slti    a7, s10, 876
core   0: 3 0x8000136c (0x36cd2893) x17 0x00000001
core   0: 0x80001370 (0x00500513) li      a0, 5
core   0: 3 0x80001370 (0x00500513) x10 0x00000005
core   0: 0x80001374 (0x00c28ab3) add     s5, t0, a2
core   0: 3 0x80001374 (0x00c28ab3) x21 0x00000005
core   0: 0x80001378 (0x0ff0000f) fence   iorw,iorw
core   0: 3 0x80001378 (0x0ff0000f)
core   0: 0x8000137c (0xfec00613) li      a2, -20
core   0: 3 0x8000137c (0xfec00613) x12 0xffffffec
core   0: 0x80001380 (0x00bb31b3) sltu    gp, s6, a1
core   0: 3 0x80001380 (0x00bb31b3) x 3 0x00000001
core   0: 0x80001384 (0x004b2eb3) slt     t4, s6, tp
core   0: 3 0x80001384 (0x004b2eb3) x29 0x00000000
core   0: 0x80001388 (0x9e7ee193) ori     gp, t4, -1561
core   0: 3 0x80001388 (0x9e7ee193) x 3 0xfffff9e7
core   0: 0x8000138c (0x5e8e8713) addi    a4, t4, 1512
core   0: 3 0x8000138c (0x5e8e8713) x14 0x000005e8
core   0: 0x80001390 (0x0000157d) c.addi  a0, -1
core   0: 3 0x80001390 (0x157d) x10 0x00000004
core   0: 0x80001392 (0x000062a5) c.lui   t0, 0x9
core   0: 3 0x80001392 (0x62a5) x 5 0x00009000
core   0: 0x80001394 (0x00006b69) c.lui   s6, 0x1a
core   0: 3 0x80001394 (0x6b69) x22 0x0001a000
core   0: 0x80001396 (0x41cc5333) sra     t1, s8, t3
core   0: 3 0x80001396 (0x41cc5333) x 6 0x00000000
core   0: 0x8000139a (0x026fa3b3) mulhsu  t2, t6, t1
core   0: 3 0x8000139a (0x026fa3b3) x 7 0x00000000
core   0: 0x8000139e (0x00c60d33) add     s10, a2, a2
core   0: 3 0x8000139e (0x00c60d33) x26 0xffffffd8
core   0: 0x800013a2 (0x015b9a13) slli    s4, s7, 21
core   0: 3 0x800013a2 (0x015b9a13) x20 0xffe00000
core   0: 0x800013a6 (0x0122c333) xor     t1, t0, s2
core   0: 3 0x800013a6 (0x0122c333) x 6 0x8002fce4
core   0: 0x800013aa (0xfcc50be3) beq     a0, a2, pc - 42
core   0: 3 0x800013aa (0xfcc50be3)
core   0: 0x800013ae (0xe6132193) slti    gp, t1, -415
core   0: 3 0x800013ae (0xe6132193) x 3 0x00000001
core   0: 0x800013b2 (0x00900713) li      a4, 9
core   0: 3 0x800013b2 (0x00900713) x14 0x00000009
core   0: 0x800013b6 (0x00600d13) li      s10, 6
core   0: 3 0x800013b6 (0x00600d13) x26 0x00000006
core   0: 0x800013ba (0x036e05b3) mul     a1, t3, s6
core   0: 3 0x800013ba (0x036e05b3) x11 0x00000000
core   0: 0x800013be (0x408808b3) sub     a7, a6, s0
core   0: 3 0x800013be (0x408808b3) x17 0x00000001
core   0: 0x800013c2 (0x00001779) c.addi  a4, -2
core   0: 3 0x800013c2 (0x1779) x14 0x00000007
core   0: 0x800013c4 (0x03822233) mulhsu  tp, tp, s8
core   0: 3 0x800013c4 (0x03822233) x 4 0x00000000
core   0: 0x800013c8 (0x40c40eb3) sub     t4, s0, a2
core   0: 3 0x800013c8 (0x40c40eb3) x29 0x00000014
core   0: 0x800013cc (0x00008d1d) c.sub   a0, a5
core   0: 3 0x800013cc (0x8d1d) x10 0x00000004
core   0: 0x800013ce (0xff800493) li      s1, -8
core   0: 3 0x800013ce (0xff800493) x 9 0xfffffff8
core   0: 0x800013d2 (0x00100a93) li      s5, 1
core   0: 3 0x800013d2 (0x00100a93) x21 0x00000001
core   0: 0x800013d6 (0xb9dbc113) xori    sp, s7, -1123
core   0: 3 0x800013d6 (0xb9dbc113) x 2 0x00000462
core   0: 0x800013da (0x02265c33) divu    s8, a2, sp
core   0: 3 0x800013da (0x02265c33) x24 0x003a68f4
core   0: 0x800013de (0x0000816d) c.srli  a0, 27
core   0: 3 0x800013de (0x816d) x10 0x00000000
core   0: 0x800013e0 (0x000004a9) c.addi  s1, 10
core   0: 3 0x800013e0 (0x04a9) x 9 0x00000002
core   0: 0x800013e2 (0x8fc84993) xori    s3, a6, -1796
core   0: 3 0x800013e2 (0x8fc84993) x19 0xfffff8fd
core   0: 0x800013e6 (0x03adf9b3) remu    s3, s11, s10
core   0: 3 0x800013e6 (0x03adf9b3) x19 0x00000000
core   0: 0x800013ea (0xff54c6e3) blt     s1, s5, pc - 20
core   0: 3 0x800013ea (0xff54c6e3)
core   0: 0x800013ee (0x00000a16) c.slli  s4, 5
core   0: 3 0x800013ee (0x0a16) x20 0xfc000000
core   0: 0x800013f0 (0x0270a033) mulhsu  zero, ra, t2
core   0: 3 0x800013f0 (0x0270a033)
core   0: 0x800013f4 (0xfda775e3) bgeu    a4, s10, pc - 54
core   0: 3 0x800013f4 (0xfda775e3)
core   0: 0x800013be (0x408808b3) sub     a7, a6, s0
core   0: 3 0x800013be (0x408808b3) x17 0x00000001
core   0: 0x800013c2 (0x00001779) c.addi  a4, -2
core   0: 3 0x800013c2 (0x1779) x14 0x00000005
core   0: 0x800013c4 (0x03822233) mulhsu  tp, tp, s8
core   0: 3 0x800013c4 (0x03822233) x 4 0x00000000
core   0: 0x800013c8 (0x40c40eb3) sub     t4, s0, a2
core   0: 3 0x800013c8 (0x40c40eb3) x29 0x00000014
core   0: 0x800013cc (0x00008d1d) c.sub   a0, a5
core   0: 3 0x800013cc (0x8d1d) x10 0x00000000
core   0: 0x800013ce (0xff800493) li      s1, -8
core   0: 3 0x800013ce (0xff800493) x 9 0xfffffff8
core   0: 0x800013d2 (0x00100a93) li      s5, 1
core   0: 3 0x800013d2 (0x00100a93) x21 0x00000001
core   0: 0x800013d6 (0xb9dbc113) xori    sp, s7, -1123
core   0: 3 0x800013d6 (0xb9dbc113) x 2 0x00000462
core   0: 0x800013da (0x02265c33) divu    s8, a2, sp
core   0: 3 0x800013da (0x02265c33) x24 0x003a68f4
core   0: 0x800013de (0x0000816d) c.srli  a0, 27
core   0: 3 0x800013de (0x816d) x10 0x00000000
core   0: 0x800013e0 (0x000004a9) c.addi  s1, 10
core   0: 3 0x800013e0 (0x04a9) x 9 0x00000002
core   0: 0x800013e2 (0x8fc84993) xori    s3, a6, -1796
core   0: 3 0x800013e2 (0x8fc84993) x19 0xfffff8fd
core   0: 0x800013e6 (0x03adf9b3) remu    s3, s11, s10
core   0: 3 0x800013e6 (0x03adf9b3) x19 0x00000000
core   0: 0x800013ea (0xff54c6e3) blt     s1, s5, pc - 20
core   0: 3 0x800013ea (0xff54c6e3)
core   0: 0x800013ee (0x00000a16) c.slli  s4, 5
core   0: 3 0x800013ee (0x0a16) x20 0x80000000
core   0: 0x800013f0 (0x0270a033) mulhsu  zero, ra, t2
core   0: 3 0x800013f0 (0x0270a033)
core   0: 0x800013f4 (0xfda775e3) bgeu    a4, s10, pc - 54
core   0: 3 0x800013f4 (0xfda775e3)
core   0: 0x800013f8 (0x000008be) c.slli  a7, 15
core   0: 3 0x800013f8 (0x08be) x17 0x00008000
core   0: 0x800013fa (0x00a00113) li      sp, 10
core   0: 3 0x800013fa (0x00a00113) x 2 0x0000000a
core   0: 0x800013fe (0x0cbe4213) xori    tp, t3, 203
core   0: 3 0x800013fe (0x0cbe4213) x 4 0x000000cb
core   0: 0x80001402 (0x010b6cb3) or      s9, s6, a6
core   0: 3 0x80001402 (0x010b6cb3) x25 0x0001a001
core   0: 0x80001406 (0x00008f0d) c.sub   a4, a1
core   0: 3 0x80001406 (0x8f0d) x14 0x00000005
core   0: 0x80001408 (0xc9a10b93) addi    s7, sp, -870
core   0: 3 0x80001408 (0xc9a10b93) x23 0xfffffca4
core   0: 0x8000140c (0x00a00893) li      a7, 10
core   0: 3 0x8000140c (0x00a00893) x17 0x0000000a
core   0: 0x80001410 (0x0122de93) srli    t4, t0, 18
core   0: 3 0x80001410 (0x0122de93) x29 0x00000000
core   0: 0x80001414 (0x0000100f) fence.i
core   0: 3 0x80001414 (0x0000100f)
core   0: 0x80001418 (0x00008cd9) c.or    s1, a4
core   0: 3 0x80001418 (0x8cd9) x 9 0x00000007
core   0: 0x8000141a (0x02d0b1b3) mulhu   gp, ra, a3
core   0: 3 0x8000141a (0x02d0b1b3) x 3 0x00000000
core   0: 0x8000141e (0x69b87c93) andi    s9, a6, 1691
core   0: 3 0x8000141e (0x69b87c93) x25 0x00000001
core   0: 0x80001422 (0x00008ebd) c.xor   a3, a5
core   0: 3 0x80001422 (0x8ebd) x13 0x00000000
core   0: 0x80001424 (0x00001179) c.addi  sp, -2
core   0: 3 0x80001424 (0x1179) x 2 0x00000008
core   0: 0x80001426 (0x00008fed) c.and   a5, a1
core   0: 3 0x80001426 (0x8fed) x15 0x00000000
core   0: 0x80001428 (0x0209ebb3) rem     s7, s3, zero
core   0: 3 0x80001428 (0x0209ebb3) x23 0x00000000
core   0: 0x8000142c (0x76e6c613) xori    a2, a3, 1902
core   0: 3 0x8000142c (0x76e6c613) x12 0x0000076e
core   0: 0x80001430 (0x00008e35) c.xor   a2, a3
core   0: 3 0x80001430 (0x8e35) x12 0x0000076e
core   0: 0x80001432 (0x03bd74b3) remu    s1, s10, s11
core   0: 3 0x80001432 (0x03bd74b3) x 9 0x00000006
core   0: 0x80001436 (0x0000623d) c.lui   tp, 0xf
core   0: 3 0x80001436 (0x623d) x 4 0x0000f000
core   0: 0x80001438 (0x00d69493) slli    s1, a3, 13
core   0: 3 0x80001438 (0x00d69493) x 9 0x00000000
core   0: 0x8000143c (0x000099fd) c.andi  a1, -1
core   0: 3 0x8000143c (0x99fd) x11 0x00000000
core   0: 0x8000143e (0x02bf3f33) mulhu   t5, t5, a1
core   0: 3 0x8000143e (0x02bf3f33) x30 0x00000000
core   0: 0x80001442 (0xa79f4297) auipc   t0, 0xa79f4
core   0: 3 0x80001442 (0xa79f4297) x 5 0x279f5442
core   0: 0x80001446 (0x00001d7d) c.addi  s10, -1
core   0: 3 0x80001446 (0x1d7d) x26 0x00000005
core   0: 0x80001448 (0x000003e5) c.addi  t2, 25
core   0: 3 0x80001448 (0x03e5) x 7 0x00000019
core   0: 0x8000144a (0xfd1178e3) bgeu    sp, a7, pc - 48
core   0: 3 0x8000144a (0xfd1178e3)
core   0: 0x8000144e (0x03abfeb3) remu    t4, s7, s10
core   0: 3 0x8000144e (0x03abfeb3) x29 0x00000000
core   0: 0x80001452 (0x00200713) li      a4, 2
core   0: 3 0x80001452 (0x00200713) x14 0x00000002
core   0: 0x80001456 (0x031b19b3) mulh    s3, s6, a7
core   0: 3 0x80001456 (0x031b19b3) x19 0x00000000
core   0: 0x8000145a (0x010accb3) xor     s9, s5, a6
core   0: 3 0x8000145a (0x010accb3) x25 0x00000000
core   0: 0x8000145e (0x00001f88) c.addi4spn a0, sp, 1008
core   0: 3 0x8000145e (0x1f88) x10 0x000003f8
core   0: 0x80001460 (0x00d00593) li      a1, 13
core   0: 3 0x80001460 (0x00d00593) x11 0x0000000d
core   0: 0x80001464 (0x00efd7b3) srl     a5, t6, a4
core   0: 3 0x80001464 (0x00efd7b3) x15 0x00000002
core   0: 0x80001468 (0x01d4db13) srli    s6, s1, 29
core   0: 3 0x80001468 (0x01d4db13) x22 0x00000000
core   0: 0x8000146c (0xbceaea13) ori     s4, s5, -1074
core   0: 3 0x8000146c (0xbceaea13) x20 0xfffffbcf
core   0: 0x80001470 (0x03157a33) remu    s4, a0, a7
core   0: 3 0x80001470 (0x03157a33) x20 0x00000006
core   0: 0x80001474 (0x00001510) c.addi4spn a2, sp, 672
core   0: 3 0x80001474 (0x1510) x12 0x000002a8
core   0: 0x80001476 (0x000061ad) c.lui   gp, 0xb
core   0: 3 0x80001476 (0x61ad) x 3 0x0000b000
core   0: 0x80001478 (0x00008cc5) c.or    s1, s1
core   0: 3 0x80001478 (0x8cc5) x 9 0x00000000
core   0: 0x8000147a (0x00bb6eb3) or      t4, s6, a1
core   0: 3 0x8000147a (0x00bb6eb3) x29 0x0000000d
core   0: 0x8000147e (0x00008c99) c.sub   s1, a4
core   0: 3 0x8000147e (0x8c99) x 9 0xfffffffe
core   0: 0x80001480 (0x00bb5a13) srli    s4, s6, 11
core   0: 3 0x80001480 (0x00bb5a13) x20 0x00000000
core   0: 0x80001484 (0x18627613) andi    a2, tp, 390
core   0: 3 0x80001484 (0x18627613) x12 0x00000000
core   0: 0x80001488 (0x00000705) c.addi  a4, 1
core   0: 3 0x80001488 (0x0705) x14 0x00000003
core   0: 0x8000148a (0x00629993) slli    s3, t0, 6
core   0: 3 0x8000148a (0x00629993) x19 0xe7d51080
core   0: 0x8000148e (0x0035d093) srli    ra, a1, 3
core   0: 3 0x8000148e (0x0035d093) x 1 0x00000001
core   0: 0x80001492 (0xe16322b7) lui     t0, 0xe1632
core   0: 3 0x80001492 (0xe16322b7) x 5 0xe1632000
core   0: 0x80001496 (0x00008c95) c.sub   s1, a3
core   0: 3 0x80001496 (0x8c95) x 9 0xfffffffe
core   0: 0x80001498 (0x03c5a033) mulhsu  zero, a1, t3
core   0: 3 0x80001498 (0x03c5a033)
core   0: 0x8000149c (0xfcb70ee3) beq     a4, a1, pc - 36
core   0: 3 0x8000149c (0xfcb70ee3)
core   0: 0x800014a0 (0x005e1f93) slli    t6, t3, 5
core   0: 3 0x800014a0 (0x005e1f93) x31 0x00000000
core   0: 0x800014a4 (0x00600c13) li      s8, 6
core   0: 3 0x800014a4 (0x00600c13) x24 0x00000006
core   0: 0x800014a8 (0x03c448b3) div     a7, s0, t3
core   0: 3 0x800014a8 (0x03c448b3) x17 0xffffffff
core   0: 0x800014ac (0x00b7d813) srli    a6, a5, 11
core   0: 3 0x800014ac (0x00b7d813) x16 0x00000000
core   0: 0x800014b0 (0x3085ae13) slti    t3, a1, 776
core   0: 3 0x800014b0 (0x3085ae13) x28 0x00000001
core   0: 0x800014b4 (0x44afed37) lui     s10, 0x44afe
core   0: 3 0x800014b4 (0x44afed37) x26 0x44afe000
core   0: 0x800014b8 (0x0000717d) c.addi16sp sp, -16
core   0: 3 0x800014b8 (0x717d) x 2 0xfffffff8
core   0: 0x800014ba (0x00008095) c.srli  s1, 5
core   0: 3 0x800014ba (0x8095) x 9 0x07ffffff
core   0: 0x800014bc (0x01000093) li      ra, 16
core   0: 3 0x800014bc (0x01000093) x 1 0x00000010
core   0: 0x800014c0 (0x000064b5) c.lui   s1, 0xd
core   0: 3 0x800014c0 (0x64b5) x 9 0x0000d000
core   0: 0x800014c2 (0x01aec2b3) xor     t0, t4, s10
core   0: 3 0x800014c2 (0x01aec2b3) x 5 0x44afe00d
core   0: 0x800014c6 (0x00006199) c.lui   gp, 0x6
core   0: 3 0x800014c6 (0x6199) x 3 0x00006000
core   0: 0x800014c8 (0x41dc5693) srai    a3, s8, 29
core   0: 3 0x800014c8 (0x41dc5693) x13 0x00000000
core   0: 0x800014cc (0x00000001) c.nop
core   0: 3 0x800014cc (0x0001)
core   0: 0x800014ce (0x2419e793) ori     a5, s3, 577
core   0: 3 0x800014ce (0x2419e793) x15 0xe7d512c1
core   0: 0x800014d2 (0x0366c4b3) div     s1, a3, s6
core   0: 3 0x800014d2 (0x0366c4b3) x 9 0xffffffff
core   0: 0x800014d6 (0x00006561) c.lui   a0, 0x18
core   0: 3 0x800014d6 (0x6561) x10 0x00018000
core   0: 0x800014d8 (0x00000001) c.nop
core   0: 3 0x800014d8 (0x0001)
core   0: 0x800014da (0x00000001) c.nop
core   0: 3 0x800014da (0x0001)
core   0: 0x800014dc (0x40315233) sra     tp, sp, gp
core   0: 3 0x800014dc (0x40315233) x 4 0xfffffff8
core   0: 0x800014e0 (0x00000c1d) c.addi  s8, 7
core   0: 3 0x800014e0 (0x0c1d) x24 0x0000000d
core   0: 0x800014e2 (0x02ed87b3) mul     a5, s11, a4
core   0: 3 0x800014e2 (0x02ed87b3) x15 0x80068b2c
core   0: 0x800014e6 (0x027bae33) mulhsu  t3, s7, t2
core   0: 3 0x800014e6 (0x027bae33) x28 0x00000000
core   0: 0x800014ea (0x0044d833) srl     a6, s1, tp
core   0: 3 0x800014ea (0x0044d833) x16 0x000000ff
core   0: 0x800014ee (0x0000085a) c.slli  a6, 22
core   0: 3 0x800014ee (0x085a) x16 0x3fc00000
core   0: 0x800014f0 (0x00893833) sltu    a6, s2, s0
core   0: 3 0x800014f0 (0x00893833) x16 0x00000000
core   0: 0x800014f4 (0x40a286b3) sub     a3, t0, a0
core   0: 3 0x800014f4 (0x40a286b3) x13 0x44ae600d
core   0: 0x800014f8 (0x024ee3b3) rem     t2, t4, tp
core   0: 3 0x800014f8 (0x024ee3b3) x 7 0x00000005
core   0: 0x800014fc (0xfc1c4be3) blt     s8, ra, pc - 42
core   0: 3 0x800014fc (0xfc1c4be3)
core   0: 0x800014d2 (0x0366c4b3) div     s1, a3, s6
core   0: 3 0x800014d2 (0x0366c4b3) x 9 0xffffffff
core   0: 0x800014d6 (0x00006561) c.lui   a0, 0x18
core   0: 3 0x800014d6 (0x6561) x10 0x00018000
core   0: 0x800014d8 (0x00000001) c.nop
core   0: 3 0x800014d8 (0x0001)
core   0: 0x800014da (0x00000001) c.nop
core   0: 3 0x800014da (0x0001)
core   0: 0x800014dc (0x40315233) sra     tp, sp, gp
core   0: 3 0x800014dc (0x40315233) x 4 0xfffffff8
core   0: 0x800014e0 (0x00000c1d) c.addi  s8, 7
core   0: 3 0x800014e0 (0x0c1d) x24 0x00000014
core   0: 0x800014e2 (0x02ed87b3) mul     a5, s11, a4
core   0: 3 0x800014e2 (0x02ed87b3) x15 0x80068b2c
core   0: 0x800014e6 (0x027bae33) mulhsu  t3, s7, t2
core   0: 3 0x800014e6 (0x027bae33) x28 0x00000000
core   0: 0x800014ea (0x0044d833) srl     a6, s1, tp
core   0: 3 0x800014ea (0x0044d833) x16 0x000000ff
core   0: 0x800014ee (0x0000085a) c.slli  a6, 22
core   0: 3 0x800014ee (0x085a) x16 0x3fc00000
core   0: 0x800014f0 (0x00893833) sltu    a6, s2, s0
core   0: 3 0x800014f0 (0x00893833) x16 0x00000000
core   0: 0x800014f4 (0x40a286b3) sub     a3, t0, a0
core   0: 3 0x800014f4 (0x40a286b3) x13 0x44ae600d
core   0: 0x800014f8 (0x024ee3b3) rem     t2, t4, tp
core   0: 3 0x800014f8 (0x024ee3b3) x 7 0x00000005
core   0: 0x800014fc (0xfc1c4be3) blt     s8, ra, pc - 42
core   0: 3 0x800014fc (0xfc1c4be3)
core   0: 0x80001500 (0x03cbf3b3) remu    t2, s7, t3
core   0: 3 0x80001500 (0x03cbf3b3) x 7 0x00000000
core   0: 0x80001504 (0x00400813) li      a6, 4
core   0: 3 0x80001504 (0x00400813) x16 0x00000004
core   0: 0x80001508 (0xffb00c93) li      s9, -5
core   0: 3 0x80001508 (0xffb00c93) x25 0xfffffffb
core   0: 0x8000150c (0x00004b15) c.li    s6, 5
core   0: 3 0x8000150c (0x4b15) x22 0x00000005
core   0: 0x8000150e (0x01281ab3) sll     s5, a6, s2
core   0: 3 0x8000150e (0x01281ab3) x21 0x00000040
core   0: 0x80001512 (0x000000d6) c.slli  ra, 21
core   0: 3 0x80001512 (0x00d6) x 1 0x02000000
core   0: 0x80001514 (0x028df0b3) remu    ra, s11, s0
core   0: 3 0x80001514 (0x028df0b3) x 1 0x80022e64
core   0: 0x80001518 (0x3e996193) ori     gp, s2, 1001
core   0: 3 0x80001518 (0x3e996193) x 3 0x80026fed
core   0: 0x8000151c (0x015edb93) srli    s7, t4, 21
core   0: 3 0x8000151c (0x015edb93) x23 0x00000000
core   0: 0x80001520 (0x00008ed5) c.or    a3, a3
core   0: 3 0x80001520 (0x8ed5) x13 0x44ae600d
core   0: 0x80001522 (0x00009afd) c.andi  a3, -1
core   0: 3 0x80001522 (0x9afd) x13 0x44ae600d
core   0: 0x80001524 (0x02469c33) mulh    s8, a3, tp
core   0: 3 0x80001524 (0x02469c33) x24 0xfffffffd
core   0: 0x80001528 (0x022d5333) divu    t1, s10, sp
core   0: 3 0x80001528 (0x022d5333) x 6 0x00000000
core   0: 0x8000152c (0x00000001) c.nop
core   0: 3 0x8000152c (0x0001)
core   0: 0x8000152e (0x0000185d) c.addi  a6, -9
core   0: 3 0x8000152e (0x185d) x16 0xfffffffb
core   0: 0x80001530 (0xe21d8993) addi    s3, s11, -479
core   0: 3 0x80001530 (0xe21d8993) x19 0x80022c85
core   0: 0x80001534 (0x007cb533) sltu    a0, s9, t2
core   0: 3 0x80001534 (0x007cb533) x10 0x00000000
core   0: 0x80001538 (0xffd00493) li      s1, -3
core   0: 3 0x80001538 (0xffd00493) x 9 0xfffffffd
core   0: 0x8000153c (0x001fbb33) sltu    s6, t6, ra
core   0: 3 0x8000153c (0x001fbb33) x22 0x00000001
core   0: 0x80001540 (0x00372e33) slt     t3, a4, gp
core   0: 3 0x80001540 (0x00372e33) x28 0x00000000
core   0: 0x80001544 (0x000097aa) c.add   a5, a0
core   0: 3 0x80001544 (0x97aa) x15 0x80068b2c
core   0: 0x80001546 (0x00000001) c.nop
core   0: 3 0x80001546 (0x0001)
core   0: 0x80001548 (0x0000100f) fence.i
core   0: 3 0x80001548 (0x0000100f)
core   0: 0x8000154c (0x0160b7b3) sltu    a5, ra, s6
core   0: 3 0x8000154c (0x0160b7b3) x15 0x00000000
core   0: 0x80001550 (0x000041b1) c.li    gp, 12
core   0: 3 0x80001550 (0x41b1) x 3 0x0000000c
core   0: 0x80001552 (0x00000001) c.nop
core   0: 3 0x80001552 (0x0001)
core   0: 0x80001554 (0x00000001) c.nop
core   0: 3 0x80001554 (0x0001)
core   0: 0x80001556 (0x0000048d) c.addi  s1, 3
core   0: 3 0x80001556 (0x048d) x 9 0x00000000
core   0: 0x80001558 (0x0000fce5) c.bnez  s1, pc - 8
core   0: 3 0x80001558 (0xfce5)
core   0: 0x8000155a (0x01fe0c33) add     s8, t3, t6
core   0: 3 0x8000155a (0x01fe0c33) x24 0x00000000
core   0: 0x8000155e (0x00009afd) c.andi  a3, -1
core   0: 3 0x8000155e (0x9afd) x13 0x44ae600d
core   0: 0x80001560 (0x00008dd5) c.or    a1, a3
core   0: 3 0x80001560 (0x8dd5) x11 0x44ae600d
core   0: 0x80001562 (0x01cc5b13) srli    s6, s8, 28
core   0: 3 0x80001562 (0x01cc5b13) x22 0x00000000
core   0: 0x80001566 (0xfb980fe3) beq     a6, s9, pc - 66
core   0: 3 0x80001566 (0xfb980fe3)
core   0: 0x80001524 (0x02469c33) mulh    s8, a3, tp
core   0: 3 0x80001524 (0x02469c33) x24 0xfffffffd
core   0: 0x80001528 (0x022d5333) divu    t1, s10, sp
core   0: 3 0x80001528 (0x022d5333) x 6 0x00000000
core   0: 0x8000152c (0x00000001) c.nop
core   0: 3 0x8000152c (0x0001)
core   0: 0x8000152e (0x0000185d) c.addi  a6, -9
core   0: 3 0x8000152e (0x185d) x16 0xfffffff2
core   0: 0x80001530 (0xe21d8993) addi    s3, s11, -479
core   0: 3 0x80001530 (0xe21d8993) x19 0x80022c85
core   0: 0x80001534 (0x007cb533) sltu    a0, s9, t2
core   0: 3 0x80001534 (0x007cb533) x10 0x00000000
core   0: 0x80001538 (0xffd00493) li      s1, -3
core   0: 3 0x80001538 (0xffd00493) x 9 0xfffffffd
core   0: 0x8000153c (0x001fbb33) sltu    s6, t6, ra
core   0: 3 0x8000153c (0x001fbb33) x22 0x00000001
core   0: 0x80001540 (0x00372e33) slt     t3, a4, gp
core   0: 3 0x80001540 (0x00372e33) x28 0x00000001
core   0: 0x80001544 (0x000097aa) c.add   a5, a0
core   0: 3 0x80001544 (0x97aa) x15 0x00000000
core   0: 0x80001546 (0x00000001) c.nop
core   0: 3 0x80001546 (0x0001)
core   0: 0x80001548 (0x0000100f) fence.i
core   0: 3 0x80001548 (0x0000100f)
core   0: 0x8000154c (0x0160b7b3) sltu    a5, ra, s6
core   0: 3 0x8000154c (0x0160b7b3) x15 0x00000000
core   0: 0x80001550 (0x000041b1) c.li    gp, 12
core   0: 3 0x80001550 (0x41b1) x 3 0x0000000c
core   0: 0x80001552 (0x00000001) c.nop
core   0: 3 0x80001552 (0x0001)
core   0: 0x80001554 (0x00000001) c.nop
core   0: 3 0x80001554 (0x0001)
core   0: 0x80001556 (0x0000048d) c.addi  s1, 3
core   0: 3 0x80001556 (0x048d) x 9 0x00000000
core   0: 0x80001558 (0x0000fce5) c.bnez  s1, pc - 8
core   0: 3 0x80001558 (0xfce5)
core   0: 0x8000155a (0x01fe0c33) add     s8, t3, t6
core   0: 3 0x8000155a (0x01fe0c33) x24 0x00000001
core   0: 0x8000155e (0x00009afd) c.andi  a3, -1
core   0: 3 0x8000155e (0x9afd) x13 0x44ae600d
core   0: 0x80001560 (0x00008dd5) c.or    a1, a3
core   0: 3 0x80001560 (0x8dd5) x11 0x44ae600d
core   0: 0x80001562 (0x01cc5b13) srli    s6, s8, 28
core   0: 3 0x80001562 (0x01cc5b13) x22 0x00000000
core   0: 0x80001566 (0xfb980fe3) beq     a6, s9, pc - 66
core   0: 3 0x80001566 (0xfb980fe3)
core   0: 0x8000156a (0x03f37a33) remu    s4, t1, t6
core   0: 3 0x8000156a (0x03f37a33) x20 0x00000000
core   0: 0x8000156e (0xff800e93) li      t4, -8
core   0: 3 0x8000156e (0xff800e93) x29 0xfffffff8
core   0: 0x80001572 (0x005503b3) add     t2, a0, t0
core   0: 3 0x80001572 (0x005503b3) x 7 0x44afe00d
core   0: 0x80001576 (0x00008da9) c.xor   a1, a0
core   0: 3 0x80001576 (0x8da9) x11 0x44ae600d
core   0: 0x80001578 (0x02f63233) mulhu   tp, a2, a5
core   0: 3 0x80001578 (0x02f63233) x 4 0x00000000
core   0: 0x8000157c (0x00e57633) and     a2, a0, a4
core   0: 3 0x8000157c (0x00e57633) x12 0x00000000
core   0: 0x80001580 (0x41350033) sub     zero, a0, s3
core   0: 3 0x80001580 (0x41350033)
core   0: 0x80001584 (0x00008d05) c.sub   a0, s1
core   0: 3 0x80001584 (0x8d05) x10 0x00000000
core   0: 0x80001586 (0x0000824d) c.srli  a2, 19
core   0: 3 0x80001586 (0x824d) x12 0x00000000
core   0: 0x80001588 (0xff600693) li      a3, -10
core   0: 3 0x80001588 (0xff600693) x13 0xfffffff6
core   0: 0x8000158c (0x01cb57b3) srl     a5, s6, t3
core   0: 3 0x8000158c (0x01cb57b3) x15 0x00000000
core   0: 0x80001590 (0x00000665) c.addi  a2, 25
core   0: 3 0x80001590 (0x0665) x12 0x00000019
core   0: 0x80001592 (0x03b3aab3) mulhsu  s5, t2, s11
core   0: 3 0x80001592 (0x03b3aab3) x21 0x225885d8
core   0: 0x80001596 (0x01cd27b3) slt     a5, s10, t3
core   0: 3 0x80001596 (0x01cd27b3) x15 0x00000000
core   0: 0x8000159a (0x003e3033) sltu    zero, t3, gp
core   0: 3 0x8000159a (0x003e3033)
core   0: 0x8000159e (0x01ddc4b3) xor     s1, s11, t4
core   0: 3 0x8000159e (0x01ddc4b3) x 9 0x7ffdd19c
core   0: 0x800015a2 (0x000091e2) c.add   gp, s8
core   0: 3 0x800015a2 (0x91e2) x 3 0x0000000d
core   0: 0x800015a4 (0x00001efd) c.addi  t4, -1
core   0: 3 0x800015a4 (0x1efd) x29 0xfffffff7
core   0: 0x800015a6 (0x40905793) srai    a5, zero, 9
core   0: 3 0x800015a6 (0x40905793) x15 0x00000000
core   0: 0x800015aa (0x03576133) rem     sp, a4, s5
core   0: 3 0x800015aa (0x03576133) x 2 0x00000003
core   0: 0x800015ae (0x011c2e33) slt     t3, s8, a7
core   0: 3 0x800015ae (0x011c2e33) x28 0x00000000
core   0: 0x800015b2 (0x45523793) sltiu   a5, tp, 1109
core   0: 3 0x800015b2 (0x45523793) x15 0x00000001
core   0: 0x800015b6 (0x00c719b3) sll     s3, a4, a2
core   0: 3 0x800015b6 (0x00c719b3) x19 0x06000000
core   0: 0x800015ba (0x0ff0000f) fence   iorw,iorw
core   0: 3 0x800015ba (0x0ff0000f)
core   0: 0x800015be (0x00000506) c.slli  a0, 1
core   0: 3 0x800015be (0x0506) x10 0x00000000
core   0: 0x800015c0 (0xfcde9be3) bne     t4, a3, pc - 42
core   0: 3 0x800015c0 (0xfcde9be3)
core   0: 0x80001596 (0x01cd27b3) slt     a5, s10, t3
core   0: 3 0x80001596 (0x01cd27b3) x15 0x00000000
core   0: 0x8000159a (0x003e3033) sltu    zero, t3, gp
core   0: 3 0x8000159a (0x003e3033)
core   0: 0x8000159e (0x01ddc4b3) xor     s1, s11, t4
core   0: 3 0x8000159e (0x01ddc4b3) x 9 0x7ffdd193
core   0: 0x800015a2 (0x000091e2) c.add   gp, s8
core   0: 3 0x800015a2 (0x91e2) x 3 0x0000000e
core   0: 0x800015a4 (0x00001efd) c.addi  t4, -1
core   0: 3 0x800015a4 (0x1efd) x29 0xfffffff6
core   0: 0x800015a6 (0x40905793) srai    a5, zero, 9
core   0: 3 0x800015a6 (0x40905793) x15 0x00000000
core   0: 0x800015aa (0x03576133) rem     sp, a4, s5
core   0: 3 0x800015aa (0x03576133) x 2 0x00000003
core   0: 0x800015ae (0x011c2e33) slt     t3, s8, a7
core   0: 3 0x800015ae (0x011c2e33) x28 0x00000000
core   0: 0x800015b2 (0x45523793) sltiu   a5, tp, 1109
core   0: 3 0x800015b2 (0x45523793) x15 0x00000001
core   0: 0x800015b6 (0x00c719b3) sll     s3, a4, a2
core   0: 3 0x800015b6 (0x00c719b3) x19 0x06000000
core   0: 0x800015ba (0x0ff0000f) fence   iorw,iorw
core   0: 3 0x800015ba (0x0ff0000f)
core   0: 0x800015be (0x00000506) c.slli  a0, 1
core   0: 3 0x800015be (0x0506) x10 0x00000000
core   0: 0x800015c0 (0xfcde9be3) bne     t4, a3, pc - 42
core   0: 3 0x800015c0 (0xfcde9be3)
core   0: 0x800015c4 (0x00000001) c.nop
core   0: 3 0x800015c4 (0x0001)
core   0: 0x800015c6 (0x00a00513) li      a0, 10
core   0: 3 0x800015c6 (0x00a00513) x10 0x0000000a
core   0: 0x800015ca (0x0393bd33) mulhu   s10, t2, s9
core   0: 3 0x800015ca (0x0393bd33) x26 0x44afe00b
core   0: 0x800015ce (0x00008e79) c.and   a2, a4
core   0: 3 0x800015ce (0x8e79) x12 0x00000001
core   0: 0x800015d0 (0x00a00393) li      t2, 10
core   0: 3 0x800015d0 (0x00a00393) x 7 0x0000000a
core   0: 0x800015d4 (0x00008ed5) c.or    a3, a3
core   0: 3 0x800015d4 (0x8ed5) x13 0xfffffff6
core   0: 0x800015d6 (0x00009fda) c.add   t6, s6
core   0: 3 0x800015d6 (0x9fda) x31 0x00000000
core   0: 0x800015d8 (0x4173dc33) sra     s8, t2, s7
core   0: 3 0x800015d8 (0x4173dc33) x24 0x0000000a
core   0: 0x800015dc (0x000086c1) c.srai  a3, 16
core   0: 3 0x800015dc (0x86c1) x13 0xffffffff
core   0: 0x800015de (0x0000887a) c.mv    a6, t5
core   0: 3 0x800015de (0x887a) x16 0x00000000
core   0: 0x800015e0 (0x0000155d) c.addi  a0, -9
core   0: 3 0x800015e0 (0x155d) x10 0x00000001
core   0: 0x800015e2 (0x0a028237) lui     tp, 0xa028
core   0: 3 0x800015e2 (0x0a028237) x 4 0x0a028000
core   0: 0x800015e6 (0x00000c7a) c.slli  s8, 30
core   0: 3 0x800015e6 (0x0c7a) x24 0x80000000
core   0: 0x800015e8 (0x02a76c33) rem     s8, a4, a0
core   0: 3 0x800015e8 (0x02a76c33) x24 0x00000000
core   0: 0x800015ec (0xff700e93) li      t4, -9
core   0: 3 0x800015ec (0xff700e93) x29 0xfffffff7
core   0: 0x800015f0 (0x00008ccd) c.or    s1, a1
core   0: 3 0x800015f0 (0x8ccd) x 9 0x7ffff19f
core   0: 0x800015f2 (0x03790fb3) mul     t6, s2, s7
core   0: 3 0x800015f2 (0x03790fb3) x31 0x00000000
core   0: 0x800015f6 (0x000acab3) xor     s5, s5, zero
core   0: 3 0x800015f6 (0x000acab3) x21 0x225885d8
core   0: 0x800015fa (0xf0072d13) slti    s10, a4, -256
core   0: 3 0x800015fa (0xf0072d13) x26 0x00000000
core   0: 0x800015fe (0x00e7b333) sltu    t1, a5, a4
core   0: 3 0x800015fe (0x00e7b333) x 6 0x00000001
core   0: 0x80001602 (0xff200f13) li      t5, -14
core   0: 3 0x80001602 (0xff200f13) x30 0xfffffff2
core   0: 0x80001606 (0x0000100f) fence.i
core   0: 3 0x80001606 (0x0000100f)
core   0: 0x8000160a (0x028e7c33) remu    s8, t3, s0
core   0: 3 0x8000160a (0x028e7c33) x24 0x00000000
core   0: 0x8000160e (0x0ff0000f) fence   iorw,iorw
core   0: 3 0x8000160e (0x0ff0000f)
core   0: 0x80001612 (0x00008f41) c.or    a4, s0
core   0: 3 0x80001612 (0x8f41) x14 0x00000003
core   0: 0x80001614 (0x00001eed) c.addi  t4, -5
core   0: 3 0x80001614 (0x1eed) x29 0xfffffff2
core   0: 0x80001616 (0x00cf7c33) and     s8, t5, a2
core   0: 3 0x80001616 (0x00cf7c33) x24 0x00000000
core   0: 0x8000161a (0x00005cfd) c.li    s9, -1
core   0: 3 0x8000161a (0x5cfd) x25 0xffffffff
core   0: 0x8000161c (0xffeed7e3) bge     t4, t5, pc - 18
core   0: 3 0x8000161c (0xffeed7e3)
core   0: 0x8000160a (0x028e7c33) remu    s8, t3, s0
core   0: 3 0x8000160a (0x028e7c33) x24 0x00000000
core   0: 0x8000160e (0x0ff0000f) fence   iorw,iorw
core   0: 3 0x8000160e (0x0ff0000f)
core   0: 0x80001612 (0x00008f41) c.or    a4, s0
core   0: 3 0x80001612 (0x8f41) x14 0x00000003
core   0: 0x80001614 (0x00001eed) c.addi  t4, -5
core   0: 3 0x80001614 (0x1eed) x29 0xffffffed
core   0: 0x80001616 (0x00cf7c33) and     s8, t5, a2
core   0: 3 0x80001616 (0x00cf7c33) x24 0x00000000
core   0: 0x8000161a (0x00005cfd) c.li    s9, -1
core   0: 3 0x8000161a (0x5cfd) x25 0xffffffff
core   0: 0x8000161c (0xffeed7e3) bge     t4, t5, pc - 18
core   0: 3 0x8000161c (0xffeed7e3)
core   0: 0x80001620 (0x01071193) slli    gp, a4, 16
core   0: 3 0x80001620 (0x01071193) x 3 0x00030000
core   0: 0x80001624 (0xfa757de3) bgeu    a0, t2, pc - 70
core   0: 3 0x80001624 (0xfa757de3)
core   0: 0x80001628 (0x000085fd) c.srai  a1, 31
core   0: 3 0x80001628 (0x85fd) x11 0x00000000
core   0: 0x8000162a (0x00a00493) li      s1, 10
core   0: 3 0x8000162a (0x00a00493) x 9 0x0000000a
core   0: 0x8000162e (0x001f1c33) sll     s8, t5, ra
core   0: 3 0x8000162e (0x001f1c33) x24 0xffffff20
core   0: 0x80001632 (0x01559fb3) sll     t6, a1, s5
core   0: 3 0x80001632 (0x01559fb3) x31 0x00000000
core   0: 0x80001636 (0x01ecb5b3) sltu    a1, s9, t5
core   0: 3 0x80001636 (0x01ecb5b3) x11 0x00000000
core   0: 0x8000163a (0x0000812a) c.mv    sp, a0
core   0: 3 0x8000163a (0x812a) x 2 0x00000001
core   0: 0x8000163c (0x00000001) c.nop
core   0: 3 0x8000163c (0x0001)
core   0: 0x8000163e (0x02bce833) rem     a6, s9, a1
core   0: 3 0x8000163e (0x02bce833) x16 0xffffffff
core   0: 0x80001642 (0x40fb8133) sub     sp, s7, a5
core   0: 3 0x80001642 (0x40fb8133) x 2 0xffffffff
core   0: 0x80001646 (0x00009bfd) c.andi  a5, -1
core   0: 3 0x80001646 (0x9bfd) x15 0x00000001
core   0: 0x80001648 (0x00847133) and     sp, s0, s0
core   0: 3 0x80001648 (0x00847133) x 2 0x00000000
core   0: 0x8000164c (0xdabc0613) addi    a2, s8, -597
core   0: 3 0x8000164c (0xdabc0613) x12 0xfffffccb
core   0: 0x80001650 (0x0000460d) c.li    a2, 3
core   0: 3 0x80001650 (0x460d) x12 0x00000003
core   0: 0x80001652 (0x0363d5b3) divu    a1, t2, s6
core   0: 3 0x80001652 (0x0363d5b3) x11 0xffffffff
core   0: 0x80001656 (0x000014d9) c.addi  s1, -10
core   0: 3 0x80001656 (0x14d9) x 9 0x00000000
core   0: 0x80001658 (0x256caf17) auipc   t5, 0x256ca
core   0: 3 0x80001658 (0x256caf17) x30 0xa56cb658
core   0: 0x8000165c (0x00500693) li      a3, 5
core   0: 3 0x8000165c (0x00500693) x13 0x00000005
core   0: 0x80001660 (0x01800633) add     a2, zero, s8
core   0: 3 0x80001660 (0x01800633) x12 0xffffff20
core   0: 0x80001664 (0x41445813) srai    a6, s0, 20
core   0: 3 0x80001664 (0x41445813) x16 0x00000000
core   0: 0x80001668 (0x01400213) li      tp, 20
core   0: 3 0x80001668 (0x01400213) x 4 0x00000014
core   0: 0x8000166c (0x02bfc1b3) div     gp, t6, a1
core   0: 3 0x8000166c (0x02bfc1b3) x 3 0x00000000
core   0: 0x80001670 (0x00000695) c.addi  a3, 5
core   0: 3 0x80001670 (0x0695) x13 0x0000000a
core   0: 0x80001672 (0x401cd5b3) sra     a1, s9, ra
core   0: 3 0x80001672 (0x401cd5b3) x11 0xffffffff
core   0: 0x80001676 (0xfe468be3) beq     a3, tp, pc - 10
core   0: 3 0x80001676 (0xfe468be3)
core   0: 0x8000167a (0x4c984a37) lui     s4, 0x4c984
core   0: 3 0x8000167a (0x4c984a37) x20 0x4c984000
core   0: 0x8000167e (0x0000100f) fence.i
core   0: 3 0x8000167e (0x0000100f)
core   0: 0x80001682 (0x03d19cb3) mulh    s9, gp, t4
core   0: 3 0x80001682 (0x03d19cb3) x25 0x00000000
core   0: 0x80001686 (0x00000001) c.nop
core   0: 3 0x80001686 (0x0001)
core   0: 0x80001688 (0x0000d0e1) c.beqz  s1, pc - 64
core   0: 3 0x80001688 (0xd0e1)
core   0: 0x80001648 (0x00847133) and     sp, s0, s0
core   0: 3 0x80001648 (0x00847133) x 2 0x00000000
core   0: 0x8000164c (0xdabc0613) addi    a2, s8, -597
core   0: 3 0x8000164c (0xdabc0613) x12 0xfffffccb
core   0: 0x80001650 (0x0000460d) c.li    a2, 3
core   0: 3 0x80001650 (0x460d) x12 0x00000003
core   0: 0x80001652 (0x0363d5b3) divu    a1, t2, s6
core   0: 3 0x80001652 (0x0363d5b3) x11 0xffffffff
core   0: 0x80001656 (0x000014d9) c.addi  s1, -10
core   0: 3 0x80001656 (0x14d9) x 9 0xfffffff6
core   0: 0x80001658 (0x256caf17) auipc   t5, 0x256ca
core   0: 3 0x80001658 (0x256caf17) x30 0xa56cb658
core   0: 0x8000165c (0x00500693) li      a3, 5
core   0: 3 0x8000165c (0x00500693) x13 0x00000005
core   0: 0x80001660 (0x01800633) add     a2, zero, s8
core   0: 3 0x80001660 (0x01800633) x12 0xffffff20
core   0: 0x80001664 (0x41445813) srai    a6, s0, 20
core   0: 3 0x80001664 (0x41445813) x16 0x00000000
core   0: 0x80001668 (0x01400213) li      tp, 20
core   0: 3 0x80001668 (0x01400213) x 4 0x00000014
core   0: 0x8000166c (0x02bfc1b3) div     gp, t6, a1
core   0: 3 0x8000166c (0x02bfc1b3) x 3 0x00000000
core   0: 0x80001670 (0x00000695) c.addi  a3, 5
core   0: 3 0x80001670 (0x0695) x13 0x0000000a
core   0: 0x80001672 (0x401cd5b3) sra     a1, s9, ra
core   0: 3 0x80001672 (0x401cd5b3) x11 0x00000000
core   0: 0x80001676 (0xfe468be3) beq     a3, tp, pc - 10
core   0: 3 0x80001676 (0xfe468be3)
core   0: 0x8000167a (0x4c984a37) lui     s4, 0x4c984
core   0: 3 0x8000167a (0x4c984a37) x20 0x4c984000
core   0: 0x8000167e (0x0000100f) fence.i
core   0: 3 0x8000167e (0x0000100f)
core   0: 0x80001682 (0x03d19cb3) mulh    s9, gp, t4
core   0: 3 0x80001682 (0x03d19cb3) x25 0x00000000
core   0: 0x80001686 (0x00000001) c.nop
core   0: 3 0x80001686 (0x0001)
core   0: 0x80001688 (0x0000d0e1) c.beqz  s1, pc - 64
core   0: 3 0x80001688 (0xd0e1)
core   0: 0x8000168a (0x005d6d33) or      s10, s10, t0
core   0: 3 0x8000168a (0x005d6d33) x26 0x44afe00d
core   0: 0x8000168e (0x00a00493) li      s1, 10
core   0: 3 0x8000168e (0x00a00493) x 9 0x0000000a
core   0: 0x80001692 (0x0000863d) c.srai  a2, 15
core   0: 3 0x80001692 (0x863d) x12 0xffffffff
core   0: 0x80001694 (0x00006ef1) c.lui   t4, 0x1c
core   0: 3 0x80001694 (0x6ef1) x29 0x0001c000
core   0: 0x80001696 (0x00008161) c.srli  a0, 24
core   0: 3 0x80001696 (0x8161) x10 0x00000000
core   0: 0x80001698 (0xf8f07017) auipc   zero, 0xf8f07
core   0: 3 0x80001698 (0xf8f07017)
core   0: 0x8000169c (0x413e0fb3) sub     t6, t3, s3
core   0: 3 0x8000169c (0x413e0fb3) x31 0xfa000000
core   0: 0x800016a0 (0x00a00793) li      a5, 10
core   0: 3 0x800016a0 (0x00a00793) x15 0x0000000a
core   0: 0x800016a4 (0x4158dab3) sra     s5, a7, s5
core   0: 3 0x800016a4 (0x4158dab3) x21 0xffffffff
core   0: 0x800016a8 (0x021bbb33) mulhu   s6, s7, ra
core   0: 3 0x800016a8 (0x021bbb33) x22 0x00000000
core   0: 0x800016ac (0x01880d33) add     s10, a6, s8
core   0: 3 0x800016ac (0x01880d33) x26 0xffffff20
core   0: 0x800016b0 (0x00008369) c.srli  a4, 26
core   0: 3 0x800016b0 (0x8369) x14 0x00000000
core   0: 0x800016b2 (0x00008edd) c.or    a3, a5
core   0: 3 0x800016b2 (0x8edd) x13 0x0000000a
core   0: 0x800016b4 (0x00006e1d) c.lui   t3, 0x7
core   0: 3 0x800016b4 (0x6e1d) x28 0x00007000
core   0: 0x800016b6 (0x8d8122b7) lui     t0, 0x8d812
core   0: 3 0x800016b6 (0x8d8122b7) x 5 0x8d812000
core   0: 0x800016ba (0x000083ae) c.mv    t2, a1
core   0: 3 0x800016ba (0x83ae) x 7 0x00000000
core   0: 0x800016bc (0x000082de) c.mv    t0, s7
core   0: 3 0x800016bc (0x82de) x 5 0x00000000
core   0: 0x800016be (0x00860d33) add     s10, a2, s0
core   0: 3 0x800016be (0x00860d33) x26 0xffffffff
core   0: 0x800016c2 (0x000014f5) c.addi  s1, -3
core   0: 3 0x800016c2 (0x14f5) x 9 0x00000007
core   0: 0x800016c4 (0xa5256537) lui     a0, 0xa5256
core   0: 3 0x800016c4 (0xa5256537) x10 0xa5256000
core   0: 0x800016c8 (0x000d4bb3) xor     s7, s10, zero
core   0: 3 0x800016c8 (0x000d4bb3) x23 0xffffffff
core   0: 0x800016cc (0xfef4f5e3) bgeu    s1, a5, pc - 22
core   0: 3 0x800016cc (0xfef4f5e3)
core   0: 0x800016d0 (0x00fa2c33) slt     s8, s4, a5
core   0: 3 0x800016d0 (0x00fa2c33) x24 0x00000000
core   0: 0x800016d4 (0xff700593) li      a1, -9
core   0: 3 0x800016d4 (0xff700593) x11 0xfffffff7
core   0: 0x800016d8 (0x00008e1d) c.sub   a2, a5
core   0: 3 0x800016d8 (0x8e1d) x12 0xfffffff5
core   0: 0x800016da (0x00000001) c.nop
core   0: 3 0x800016da (0x0001)
core   0: 0x800016dc (0x00008655) c.srai  a2, 21
core   0: 3 0x800016dc (0x8655) x12 0xffffffff
core   0: 0x800016de (0x0000862d) c.srai  a2, 11
core   0: 3 0x800016de (0x862d) x12 0xffffffff
core   0: 0x800016e0 (0x02f30ab3) mul     s5, t1, a5
core   0: 3 0x800016e0 (0x02f30ab3) x21 0x0000000a
core   0: 0x800016e4 (0x00008fba) c.mv    t6, a4
core   0: 3 0x800016e4 (0x8fba) x31 0x00000000
core   0: 0x800016e6 (0x0000100f) fence.i
core   0: 3 0x800016e6 (0x0000100f)
core   0: 0x800016ea (0x000082c9) c.srli  a3, 18
core   0: 3 0x800016ea (0x82c9) x13 0x00000000
core   0: 0x800016ec (0x000066b1) c.lui   a3, 0xc
core   0: 3 0x800016ec (0x66b1) x13 0x0000c000
core   0: 0x800016ee (0x03c19fb3) mulh    t6, gp, t3
core   0: 3 0x800016ee (0x03c19fb3) x31 0x00000000
core   0: 0x800016f2 (0x00000585) c.addi  a1, 1
core   0: 3 0x800016f2 (0x0585) x11 0xfffffff8
core   0: 0x800016f4 (0x40fad133) sra     sp, s5, a5
core   0: 3 0x800016f4 (0x40fad133) x 2 0x00000000
core   0: 0x800016f8 (0x00400193) li      gp, 4
core   0: 3 0x800016f8 (0x00400193) x 3 0x00000004
core   0: 0x800016fc (0x01c19c13) slli    s8, gp, 28
core   0: 3 0x800016fc (0x01c19c13) x24 0x40000000
core   0: 0x80001700 (0x02b23fb3) mulhu   t6, tp, a1
core   0: 3 0x80001700 (0x02b23fb3) x31 0x00000013
core   0: 0x80001704 (0x00500393) li      t2, 5
core   0: 3 0x80001704 (0x00500393) x 7 0x00000005
core   0: 0x80001708 (0x0321b233) mulhu   tp, gp, s2
core   0: 3 0x80001708 (0x0321b233) x 4 0x00000002
core   0: 0x8000170c (0x4139dfb3) sra     t6, s3, s3
core   0: 3 0x8000170c (0x4139dfb3) x31 0x06000000
core   0: 0x80001710 (0x000097c6) c.add   a5, a7
core   0: 3 0x80001710 (0x97c6) x15 0x00000009
core   0: 0x80001712 (0x000001a5) c.addi  gp, 9
core   0: 3 0x80001712 (0x01a5) x 3 0x0000000d
core   0: 0x80001714 (0x01257833) and     a6, a0, s2
core   0: 3 0x80001714 (0x01257833) x16 0x80006000
core   0: 0x80001718 (0xfe71cce3) blt     gp, t2, pc - 8
core   0: 3 0x80001718 (0xfe71cce3)
core   0: 0x8000171c (0x00000001) c.nop
core   0: 3 0x8000171c (0x0001)
core   0: 0x8000171e (0x000086dd) c.srai  a3, 23
core   0: 3 0x8000171e (0x86dd) x13 0x00000000
core   0: 0x80001720 (0x02e74333) div     t1, a4, a4
core   0: 3 0x80001720 (0x02e74333) x 6 0xffffffff
core   0: 0x80001724 (0x0000d1e1) c.beqz  a1, pc - 64
core   0: 3 0x80001724 (0xd1e1)
core   0: 0x80001726 (0x00008cb9) c.xor   s1, a4
core   0: 3 0x80001726 (0x8cb9) x 9 0x00000007
core   0: 0x80001728 (0x00400493) li      s1, 4
core   0: 3 0x80001728 (0x00400493) x 9 0x00000004
core   0: 0x8000172c (0x00008e81) c.sub   a3, s0
core   0: 3 0x8000172c (0x8e81) x13 0x00000000
core   0: 0x8000172e (0x9af14517) auipc   a0, 0x9af14
core   0: 3 0x8000172e (0x9af14517) x10 0x1af1572e
core   0: 0x80001732 (0x0351dc33) divu    s8, gp, s5
core   0: 3 0x80001732 (0x0351dc33) x24 0x00000001
core   0: 0x80001736 (0x000081c6) c.mv    gp, a7
core   0: 3 0x80001736 (0x81c6) x 3 0xffffffff
core   0: 0x80001738 (0x00000001) c.nop
core   0: 3 0x80001738 (0x0001)
core   0: 0x8000173a (0xba2e7593) andi    a1, t3, -1118
core   0: 3 0x8000173a (0xba2e7593) x11 0x00007000
core   0: 0x8000173e (0x0094e633) or      a2, s1, s1
core   0: 3 0x8000173e (0x0094e633) x12 0x00000004
core   0: 0x80001742 (0x49ffe593) ori     a1, t6, 1183
core   0: 3 0x80001742 (0x49ffe593) x11 0x0600049f
core   0: 0x80001746 (0x0000030c) c.addi4spn a1, sp, 384
core   0: 3 0x80001746 (0x030c) x11 0x00000180
core   0: 0x80001748 (0x00001b8c) c.addi4spn a1, sp, 496
core   0: 3 0x80001748 (0x1b8c) x11 0x000001f0
core   0: 0x8000174a (0xc6b42213) slti    tp, s0, -917
core   0: 3 0x8000174a (0xc6b42213) x 4 0x00000000
core   0: 0x8000174e (0x000085b5) c.srai  a1, 13
core   0: 3 0x8000174e (0x85b5) x11 0x00000000
core   0: 0x80001750 (0x00009bfd) c.andi  a5, -1
core   0: 3 0x80001750 (0x9bfd) x15 0x00000009
core   0: 0x80001752 (0x000014f1) c.addi  s1, -4
core   0: 3 0x80001752 (0x14f1) x 9 0x00000000
core   0: 0x80001754 (0x000396b3) sll     a3, t2, zero
core   0: 3 0x80001754 (0x000396b3) x13 0x00000005
core   0: 0x80001758 (0x00500f93) li      t6, 5
core   0: 3 0x80001758 (0x00500f93) x31 0x00000005
core   0: 0x8000175c (0x00008fd1) c.or    a5, a2
core   0: 3 0x8000175c (0x8fd1) x15 0x0000000d
core   0: 0x8000175e (0xffd00293) li      t0, -3
core   0: 3 0x8000175e (0xffd00293) x 5 0xfffffffd
core   0: 0x80001762 (0x01631b13) slli    s6, t1, 22
core   0: 3 0x80001762 (0x01631b13) x22 0xffc00000
core   0: 0x80001766 (0x2c584e93) xori    t4, a6, 709
core   0: 3 0x80001766 (0x2c584e93) x29 0x800062c5
core   0: 0x8000176a (0x00001fe1) c.addi  t6, -8
core   0: 3 0x8000176a (0x1fe1) x31 0xfffffffd
core   0: 0x8000176c (0x00008f4d) c.or    a4, a1
core   0: 3 0x8000176c (0x8f4d) x14 0x00000000
core   0: 0x8000176e (0xfe5f9ce3) bne     t6, t0, pc - 8
core   0: 3 0x8000176e (0xfe5f9ce3)
core   0: 0x80001772 (0x00000001) c.nop
core   0: 3 0x80001772 (0x0001)
core   0: 0x80001774 (0x0000d4e9) c.beqz  s1, pc - 54
core   0: 3 0x80001774 (0xd4e9)
core   0: 0x8000173e (0x0094e633) or      a2, s1, s1
core   0: 3 0x8000173e (0x0094e633) x12 0x00000000
core   0: 0x80001742 (0x49ffe593) ori     a1, t6, 1183
core   0: 3 0x80001742 (0x49ffe593) x11 0xffffffff
core   0: 0x80001746 (0x0000030c) c.addi4spn a1, sp, 384
core   0: 3 0x80001746 (0x030c) x11 0x00000180
core   0: 0x80001748 (0x00001b8c) c.addi4spn a1, sp, 496
core   0: 3 0x80001748 (0x1b8c) x11 0x000001f0
core   0: 0x8000174a (0xc6b42213) slti    tp, s0, -917
core   0: 3 0x8000174a (0xc6b42213) x 4 0x00000000
core   0: 0x8000174e (0x000085b5) c.srai  a1, 13
core   0: 3 0x8000174e (0x85b5) x11 0x00000000
core   0: 0x80001750 (0x00009bfd) c.andi  a5, -1
core   0: 3 0x80001750 (0x9bfd) x15 0x0000000d
core   0: 0x80001752 (0x000014f1) c.addi  s1, -4
core   0: 3 0x80001752 (0x14f1) x 9 0xfffffffc
core   0: 0x80001754 (0x000396b3) sll     a3, t2, zero
core   0: 3 0x80001754 (0x000396b3) x13 0x00000005
core   0: 0x80001758 (0x00500f93) li      t6, 5
core   0: 3 0x80001758 (0x00500f93) x31 0x00000005
core   0: 0x8000175c (0x00008fd1) c.or    a5, a2
core   0: 3 0x8000175c (0x8fd1) x15 0x0000000d
core   0: 0x8000175e (0xffd00293) li      t0, -3
core   0: 3 0x8000175e (0xffd00293) x 5 0xfffffffd
core   0: 0x80001762 (0x01631b13) slli    s6, t1, 22
core   0: 3 0x80001762 (0x01631b13) x22 0xffc00000
core   0: 0x80001766 (0x2c584e93) xori    t4, a6, 709
core   0: 3 0x80001766 (0x2c584e93) x29 0x800062c5
core   0: 0x8000176a (0x00001fe1) c.addi  t6, -8
core   0: 3 0x8000176a (0x1fe1) x31 0xfffffffd
core   0: 0x8000176c (0x00008f4d) c.or    a4, a1
core   0: 3 0x8000176c (0x8f4d) x14 0x00000000
core   0: 0x8000176e (0xfe5f9ce3) bne     t6, t0, pc - 8
core   0: 3 0x8000176e (0xfe5f9ce3)
core   0: 0x80001772 (0x00000001) c.nop
core   0: 3 0x80001772 (0x0001)
core   0: 0x80001774 (0x0000d4e9) c.beqz  s1, pc - 54
core   0: 3 0x80001774 (0xd4e9)
core   0: 0x80001776 (0x0000100f) fence.i
core   0: 3 0x80001776 (0x0000100f)
core   0: 0x8000177a (0xff600593) li      a1, -10
core   0: 3 0x8000177a (0xff600593) x11 0xfffffff6
core   0: 0x8000177e (0x031a98b3) mulh    a7, s5, a7
core   0: 3 0x8000177e (0x031a98b3) x17 0xffffffff
core   0: 0x80001782 (0x00005ffd) c.li    t6, -1
core   0: 3 0x80001782 (0x5ffd) x31 0xffffffff
core   0: 0x80001784 (0x00d00493) li      s1, 13
core   0: 3 0x80001784 (0x00d00493) x 9 0x0000000d
core   0: 0x80001788 (0x000083fd) c.srli  a5, 31
core   0: 3 0x80001788 (0x83fd) x15 0x00000000
core   0: 0x8000178a (0x44086817) auipc   a6, 0x44086
core   0: 3 0x8000178a (0x44086817) x16 0xc408778a
core   0: 0x8000178e (0xcf5ac613) xori    a2, s5, -779
core   0: 3 0x8000178e (0xcf5ac613) x12 0xfffffcff
core   0: 0x80001792 (0x00006119) c.addi16sp sp, 384
core   0: 3 0x80001792 (0x6119) x 2 0x00000180
core   0: 0x80001794 (0x00008ff5) c.and   a5, a3
core   0: 3 0x80001794 (0x8ff5) x15 0x00000000
core   0: 0x80001796 (0x00000585) c.addi  a1, 1
core   0: 3 0x80001796 (0x0585) x11 0xfffffff7
core   0: 0x80001798 (0x00008111) c.srli  a0, 4
core   0: 3 0x80001798 (0x8111) x10 0x01af1572
core   0: 0x8000179a (0x39af79b7) lui     s3, 0x39af7
core   0: 3 0x8000179a (0x39af79b7) x19 0x39af7000
core   0: 0x8000179e (0xfe95e6e3) bltu    a1, s1, pc - 20
core   0: 3 0x8000179e (0xfe95e6e3)
core   0: 0x800017a2 (0x1cdfc137) lui     sp, 0x1cdfc
core   0: 3 0x800017a2 (0x1cdfc137) x 2 0x1cdfc000
core   0: 0x800017a6 (0x00600493) li      s1, 6
core   0: 3 0x800017a6 (0x00600493) x 9 0x00000006
core   0: 0x800017aa (0x00c00113) li      sp, 12
core   0: 3 0x800017aa (0x00c00113) x 2 0x0000000c
core   0: 0x800017ae (0x0197b2b3) sltu    t0, a5, s9
core   0: 3 0x800017ae (0x0197b2b3) x 5 0x00000000
core   0: 0x800017b2 (0x00008f31) c.xor   a4, a2
core   0: 3 0x800017b2 (0x8f31) x14 0xfffffcff
core   0: 0x800017b4 (0x000004a1) c.addi  s1, 8
core   0: 3 0x800017b4 (0x04a1) x 9 0x0000000e
core   0: 0x800017b6 (0xfff00693) li      a3, -1
core   0: 3 0x800017b6 (0xfff00693) x13 0xffffffff
core   0: 0x800017ba (0x00000001) c.nop
core   0: 3 0x800017ba (0x0001)
core   0: 0x800017bc (0x74f069b7) lui     s3, 0x74f06
core   0: 3 0x800017bc (0x74f069b7) x19 0x74f06000
core   0: 0x800017c0 (0xcde8b093) sltiu   ra, a7, -802
core   0: 3 0x800017c0 (0xcde8b093) x 1 0x00000000
core   0: 0x800017c4 (0x03f1d633) divu    a2, gp, t6
core   0: 3 0x800017c4 (0x03f1d633) x12 0x00000001
core   0: 0x800017c8 (0x00000685) c.addi  a3, 1
core   0: 3 0x800017c8 (0x0685) x13 0x00000000
core   0: 0x800017ca (0x01b739b3) sltu    s3, a4, s11
core   0: 3 0x800017ca (0x01b739b3) x19 0x00000000
core   0: 0x800017ce (0x0000dafd) c.beqz  a3, pc - 10
core   0: 3 0x800017ce (0xdafd)
core   0: 0x800017c4 (0x03f1d633) divu    a2, gp, t6
core   0: 3 0x800017c4 (0x03f1d633) x12 0x00000001
core   0: 0x800017c8 (0x00000685) c.addi  a3, 1
core   0: 3 0x800017c8 (0x0685) x13 0x00000001
core   0: 0x800017ca (0x01b739b3) sltu    s3, a4, s11
core   0: 3 0x800017ca (0x01b739b3) x19 0x00000000
core   0: 0x800017ce (0x0000dafd) c.beqz  a3, pc - 10
core   0: 3 0x800017ce (0xdafd)
core   0: 0x800017d0 (0xfc24efe3) bltu    s1, sp, pc - 34
core   0: 3 0x800017d0 (0xfc24efe3)
core   0: 0x800017d4 (0x00004ac9) c.li    s5, 18
core   0: 3 0x800017d4 (0x4ac9) x21 0x00000012
core   0: 0x800017d6 (0x00a00193) li      gp, 10
core   0: 3 0x800017d6 (0x00a00193) x 3 0x0000000a
core   0: 0x800017da (0x03505833) divu    a6, zero, s5
core   0: 3 0x800017da (0x03505833) x16 0x00000000
core   0: 0x800017de (0x00008e19) c.sub   a2, a4
core   0: 3 0x800017de (0x8e19) x12 0x00000302
core   0: 0x800017e0 (0x00a00b93) li      s7, 10
core   0: 3 0x800017e0 (0x00a00b93) x23 0x0000000a
core   0: 0x800017e4 (0x028a5533) divu    a0, s4, s0
core   0: 3 0x800017e4 (0x028a5533) x10 0xffffffff
core   0: 0x800017e8 (0x00006cad) c.lui   s9, 0xb
core   0: 3 0x800017e8 (0x6cad) x25 0x0000b000
core   0: 0x800017ea (0x026fa5b3) mulhsu  a1, t6, t1
core   0: 3 0x800017ea (0x026fa5b3) x11 0xffffffff
core   0: 0x800017ee (0x00008a65) c.andi  a2, 25
core   0: 3 0x800017ee (0x8a65) x12 0x00000000
core   0: 0x800017f0 (0x0ff0000f) fence   iorw,iorw
core   0: 3 0x800017f0 (0x0ff0000f)
core   0: 0x800017f4 (0x000011dd) c.addi  gp, -9
core   0: 3 0x800017f4 (0x11dd) x 3 0x00000001
core   0: 0x800017f6 (0x00a00893) li      a7, 10
core   0: 3 0x800017f6 (0x00a00893) x17 0x0000000a
core   0: 0x800017fa (0x000063b9) c.lui   t2, 0xe
core   0: 3 0x800017fa (0x63b9) x 7 0x0000e000
core   0: 0x800017fc (0x01100313) li      t1, 17
core   0: 3 0x800017fc (0x01100313) x 6 0x00000011
core   0: 0x80001800 (0x00f9a0b3) slt     ra, s3, a5
core   0: 3 0x80001800 (0x00f9a0b3) x 1 0x00000000
core   0: 0x80001804 (0x403f8e33) sub     t3, t6, gp
core   0: 3 0x80001804 (0x403f8e33) x28 0xfffffffe
core   0: 0x80001808 (0x0000089d) c.addi  a7, 7
core   0: 3 0x80001808 (0x089d) x17 0x00000011
core   0: 0x8000180a (0xfe68cbe3) blt     a7, t1, pc - 10
core   0: 3 0x8000180a (0xfe68cbe3)
core   0: 0x8000180e (0x0126d833) srl     a6, a3, s2
core   0: 3 0x8000180e (0x0126d833) x16 0x00000000
core   0: 0x80001812 (0x00009a0a) c.add   s4, sp
core   0: 3 0x80001812 (0x9a0a) x20 0x4c98400c
core   0: 0x80001814 (0x00008cb5) c.xor   s1, a3
core   0: 3 0x80001814 (0x8cb5) x 9 0x0000000f
core   0: 0x80001816 (0x0ff0000f) fence   iorw,iorw
core   0: 3 0x80001816 (0x0ff0000f)
core   0: 0x8000181a (0x01906f33) or      t5, zero, s9
core   0: 3 0x8000181a (0x01906f33) x30 0x0000b000
core   0: 0x8000181e (0x00008cf9) c.and   s1, a4
core   0: 3 0x8000181e (0x8cf9) x 9 0x0000000f
core   0: 0x80001820 (0x02679e33) mulh    t3, a5, t1
core   0: 3 0x80001820 (0x02679e33) x28 0x00000000
core   0: 0x80001824 (0x0000857d) c.srai  a0, 31
core   0: 3 0x80001824 (0x857d) x10 0xffffffff
core   0: 0x80001826 (0x0000927e) c.add   tp, t6
core   0: 3 0x80001826 (0x927e) x 4 0xffffffff
core   0: 0x80001828 (0xfd71f3e3) bgeu    gp, s7, pc - 58
core   0: 3 0x80001828 (0xfd71f3e3)
core   0: 0x8000182c (0x000084c9) c.srai  s1, 18
core   0: 3 0x8000182c (0x84c9) x 9 0x00000000
core   0: 0x8000182e (0x00000893) li      a7, 0
core   0: 3 0x8000182e (0x00000893) x17 0x00000000
core   0: 0x80001832 (0x02a5cd33) div     s10, a1, a0
core   0: 3 0x80001832 (0x02a5cd33) x26 0x00000001
core   0: 0x80001836 (0x02b43f33) mulhu   t5, s0, a1
core   0: 3 0x80001836 (0x02b43f33) x30 0x00000000
core   0: 0x8000183a (0x000081de) c.mv    gp, s7
core   0: 3 0x8000183a (0x81de) x 3 0x0000000a
core   0: 0x8000183c (0xfee00a93) li      s5, -18
core   0: 3 0x8000183c (0xfee00a93) x21 0xffffffee
core   0: 0x80001840 (0x162bad13) slti    s10, s7, 354
core   0: 3 0x80001840 (0x162bad13) x26 0x00000001
core   0: 0x80001844 (0x48cc6013) ori     zero, s8, 1164
core   0: 3 0x80001844 (0x48cc6013)
core   0: 0x80001848 (0x00009afd) c.andi  a3, -1
core   0: 3 0x80001848 (0x9afd) x13 0x00000001
core   0: 0x8000184a (0x00000c2a) c.slli  s8, 10
core   0: 3 0x8000184a (0x0c2a) x24 0x00000400
core   0: 0x8000184c (0x000018f5) c.addi  a7, -3
core   0: 3 0x8000184c (0x18f5) x17 0xfffffffd
core   0: 0x8000184e (0xff589de3) bne     a7, s5, pc - 6
core   0: 3 0x8000184e (0xff589de3)
core   0: 0x80001848 (0x00009afd) c.andi  a3, -1
core   0: 3 0x80001848 (0x9afd) x13 0x00000001
core   0: 0x8000184a (0x00000c2a) c.slli  s8, 10
core   0: 3 0x8000184a (0x0c2a) x24 0x00100000
core   0: 0x8000184c (0x000018f5) c.addi  a7, -3
core   0: 3 0x8000184c (0x18f5) x17 0xfffffffa
core   0: 0x8000184e (0xff589de3) bne     a7, s5, pc - 6
core   0: 3 0x8000184e (0xff589de3)
core   0: 0x80001848 (0x00009afd) c.andi  a3, -1
core   0: 3 0x80001848 (0x9afd) x13 0x00000001
core   0: 0x8000184a (0x00000c2a) c.slli  s8, 10
core   0: 3 0x8000184a (0x0c2a) x24 0x40000000
core   0: 0x8000184c (0x000018f5) c.addi  a7, -3
core   0: 3 0x8000184c (0x18f5) x17 0xfffffff7
core   0: 0x8000184e (0xff589de3) bne     a7, s5, pc - 6
core   0: 3 0x8000184e (0xff589de3)
core   0: 0x80001848 (0x00009afd) c.andi  a3, -1
core   0: 3 0x80001848 (0x9afd) x13 0x00000001
core   0: 0x8000184a (0x00000c2a) c.slli  s8, 10
core   0: 3 0x8000184a (0x0c2a) x24 0x00000000
core   0: 0x8000184c (0x000018f5) c.addi  a7, -3
core   0: 3 0x8000184c (0x18f5) x17 0xfffffff4
core   0: 0x8000184e (0xff589de3) bne     a7, s5, pc - 6
core   0: 3 0x8000184e (0xff589de3)
core   0: 0x80001848 (0x00009afd) c.andi  a3, -1
core   0: 3 0x80001848 (0x9afd) x13 0x00000001
core   0: 0x8000184a (0x00000c2a) c.slli  s8, 10
core   0: 3 0x8000184a (0x0c2a) x24 0x00000000
core   0: 0x8000184c (0x000018f5) c.addi  a7, -3
core   0: 3 0x8000184c (0x18f5) x17 0xfffffff1
core   0: 0x8000184e (0xff589de3) bne     a7, s5, pc - 6
core   0: 3 0x8000184e (0xff589de3)
core   0: 0x80001848 (0x00009afd) c.andi  a3, -1
core   0: 3 0x80001848 (0x9afd) x13 0x00000001
core   0: 0x8000184a (0x00000c2a) c.slli  s8, 10
core   0: 3 0x8000184a (0x0c2a) x24 0x00000000
core   0: 0x8000184c (0x000018f5) c.addi  a7, -3
core   0: 3 0x8000184c (0x18f5) x17 0xffffffee
core   0: 0x8000184e (0xff589de3) bne     a7, s5, pc - 6
core   0: 3 0x8000184e (0xff589de3)
core   0: 0x80001852 (0x00000f42) c.slli  t5, 16
core   0: 3 0x80001852 (0x0f42) x30 0x00000000
core   0: 0x80001854 (0xff700513) li      a0, -9
core   0: 3 0x80001854 (0xff700513) x10 0xfffffff7
core   0: 0x80001858 (0x01f483b3) add     t2, s1, t6
core   0: 3 0x80001858 (0x01f483b3) x 7 0xffffffff
core   0: 0x8000185c (0x025e73b3) remu    t2, t3, t0
core   0: 3 0x8000185c (0x025e73b3) x 7 0x00000000
core   0: 0x80001860 (0x00000001) c.nop
core   0: 3 0x80001860 (0x0001)
core   0: 0x80001862 (0x7d976293) ori     t0, a4, 2009
core   0: 3 0x80001862 (0x7d976293) x 5 0xffffffff
core   0: 0x80001866 (0x00e35cb3) srl     s9, t1, a4
core   0: 3 0x80001866 (0x00e35cb3) x25 0x00000000
core   0: 0x8000186a (0x00000525) c.addi  a0, 9
core   0: 3 0x8000186a (0x0525) x10 0x00000000
core   0: 0x8000186c (0x406407b3) sub     a5, s0, t1
core   0: 3 0x8000186c (0x406407b3) x15 0xffffffef
core   0: 0x80001870 (0xffa00713) li      a4, -6
core   0: 3 0x80001870 (0xffa00713) x14 0xfffffffa
core   0: 0x80001874 (0x00008dad) c.xor   a1, a1
core   0: 3 0x80001874 (0x8dad) x11 0x00000000
core   0: 0x80001876 (0x01000a93) li      s5, 16
core   0: 3 0x80001876 (0x01000a93) x21 0x00000010
core   0: 0x8000187a (0x0000100f) fence.i
core   0: 3 0x8000187a (0x0000100f)
core   0: 0x8000187e (0x000064fd) c.lui   s1, 0x1f
core   0: 3 0x8000187e (0x64fd) x 9 0x0001f000
core   0: 0x80001880 (0x00000711) c.addi  a4, 4
core   0: 3 0x80001880 (0x0711) x14 0xfffffffe
core   0: 0x80001882 (0xff574ee3) blt     a4, s5, pc - 4
core   0: 3 0x80001882 (0xff574ee3)
core   0: 0x8000187e (0x000064fd) c.lui   s1, 0x1f
core   0: 3 0x8000187e (0x64fd) x 9 0x0001f000
core   0: 0x80001880 (0x00000711) c.addi  a4, 4
core   0: 3 0x80001880 (0x0711) x14 0x00000002
core   0: 0x80001882 (0xff574ee3) blt     a4, s5, pc - 4
core   0: 3 0x80001882 (0xff574ee3)
core   0: 0x8000187e (0x000064fd) c.lui   s1, 0x1f
core   0: 3 0x8000187e (0x64fd) x 9 0x0001f000
core   0: 0x80001880 (0x00000711) c.addi  a4, 4
core   0: 3 0x80001880 (0x0711) x14 0x00000006
core   0: 0x80001882 (0xff574ee3) blt     a4, s5, pc - 4
core   0: 3 0x80001882 (0xff574ee3)
core   0: 0x8000187e (0x000064fd) c.lui   s1, 0x1f
core   0: 3 0x8000187e (0x64fd) x 9 0x0001f000
core   0: 0x80001880 (0x00000711) c.addi  a4, 4
core   0: 3 0x80001880 (0x0711) x14 0x0000000a
core   0: 0x80001882 (0xff574ee3) blt     a4, s5, pc - 4
core   0: 3 0x80001882 (0xff574ee3)
core   0: 0x8000187e (0x000064fd) c.lui   s1, 0x1f
core   0: 3 0x8000187e (0x64fd) x 9 0x0001f000
core   0: 0x80001880 (0x00000711) c.addi  a4, 4
core   0: 3 0x80001880 (0x0711) x14 0x0000000e
core   0: 0x80001882 (0xff574ee3) blt     a4, s5, pc - 4
core   0: 3 0x80001882 (0xff574ee3)
core   0: 0x8000187e (0x000064fd) c.lui   s1, 0x1f
core   0: 3 0x8000187e (0x64fd) x 9 0x0001f000
core   0: 0x80001880 (0x00000711) c.addi  a4, 4
core   0: 3 0x80001880 (0x0711) x14 0x00000012
core   0: 0x80001882 (0xff574ee3) blt     a4, s5, pc - 4
core   0: 3 0x80001882 (0xff574ee3)
core   0: 0x80001886 (0x038f22b3) mulhsu  t0, t5, s8
core   0: 3 0x80001886 (0x038f22b3) x 5 0x00000000
core   0: 0x8000188a (0x0ff0000f) fence   iorw,iorw
core   0: 3 0x8000188a (0x0ff0000f)
core   0: 0x8000188e (0x0000819d) c.srli  a1, 7
core   0: 3 0x8000188e (0x819d) x11 0x00000000
core   0: 0x80001890 (0x0000f969) c.bnez  a0, pc - 46
core   0: 3 0x80001890 (0xf969)
core   0: 0x80001892 (0x038637b3) mulhu   a5, a2, s8
core   0: 3 0x80001892 (0x038637b3) x15 0x00000000
core   0: 0x80001896 (0x00500613) li      a2, 5
core   0: 3 0x80001896 (0x00500613) x12 0x00000005
core   0: 0x8000189a (0x01300513) li      a0, 19
core   0: 3 0x8000189a (0x01300513) x10 0x00000013
core   0: 0x8000189e (0x02f84d33) div     s10, a6, a5
core   0: 3 0x8000189e (0x02f84d33) x26 0xffffffff
core   0: 0x800018a2 (0x03926333) rem     t1, tp, s9
core   0: 3 0x800018a2 (0x03926333) x 6 0xffffffff
core   0: 0x800018a6 (0x03593eb3) mulhu   t4, s2, s5
core   0: 3 0x800018a6 (0x03593eb3) x29 0x00000008
core   0: 0x800018aa (0x00000001) c.nop
core   0: 3 0x800018aa (0x0001)
core   0: 0x800018ac (0x00000629) c.addi  a2, 10
core   0: 3 0x800018ac (0x0629) x12 0x0000000f
core   0: 0x800018ae (0x00008fd1) c.or    a5, a2
core   0: 3 0x800018ae (0x8fd1) x15 0x0000000f
core   0: 0x800018b0 (0xffe00493) li      s1, -2
core   0: 3 0x800018b0 (0xffe00493) x 9 0xfffffffe
core   0: 0x800018b4 (0x00004749) c.li    a4, 18
core   0: 3 0x800018b4 (0x4749) x14 0x00000012
core   0: 0x800018b6 (0x00008ddd) c.or    a1, a5
core   0: 3 0x800018b6 (0x8ddd) x11 0x0000000f
core   0: 0x800018b8 (0x00000001) c.nop
core   0: 3 0x800018b8 (0x0001)
core   0: 0x800018ba (0x0ff0000f) fence   iorw,iorw
core   0: 3 0x800018ba (0x0ff0000f)
core   0: 0x800018be (0x00000001) c.nop
core   0: 3 0x800018be (0x0001)
core   0: 0x800018c0 (0x41bf06b3) sub     a3, t5, s11
core   0: 3 0x800018c0 (0x41bf06b3) x13 0x7ffdd19c
core   0: 0x800018c4 (0x00000485) c.addi  s1, 1
core   0: 3 0x800018c4 (0x0485) x 9 0xffffffff
core   0: 0x800018c6 (0x03e37d33) remu    s10, t1, t5
core   0: 3 0x800018c6 (0x03e37d33) x26 0xffffffff
core   0: 0x800018ca (0x0000d8f5) c.beqz  s1, pc - 12
core   0: 3 0x800018ca (0xd8f5)
core   0: 0x800018cc (0x5542ca93) xori    s5, t0, 1364
core   0: 3 0x800018cc (0x5542ca93) x21 0x00000554
core   0: 0x800018d0 (0x02ecc5b3) div     a1, s9, a4
core   0: 3 0x800018d0 (0x02ecc5b3) x11 0x00000000
core   0: 0x800018d4 (0x000066bd) c.lui   a3, 0xf
core   0: 3 0x800018d4 (0x66bd) x13 0x0000f000
core   0: 0x800018d6 (0xfca648e3) blt     a2, a0, pc - 48
core   0: 3 0x800018d6 (0xfca648e3)
core   0: 0x800018a6 (0x03593eb3) mulhu   t4, s2, s5
core   0: 3 0x800018a6 (0x03593eb3) x29 0x000002aa
core   0: 0x800018aa (0x00000001) c.nop
core   0: 3 0x800018aa (0x0001)
core   0: 0x800018ac (0x00000629) c.addi  a2, 10
core   0: 3 0x800018ac (0x0629) x12 0x00000019
core   0: 0x800018ae (0x00008fd1) c.or    a5, a2
core   0: 3 0x800018ae (0x8fd1) x15 0x0000001f
core   0: 0x800018b0 (0xffe00493) li      s1, -2
core   0: 3 0x800018b0 (0xffe00493) x 9 0xfffffffe
core   0: 0x800018b4 (0x00004749) c.li    a4, 18
core   0: 3 0x800018b4 (0x4749) x14 0x00000012
core   0: 0x800018b6 (0x00008ddd) c.or    a1, a5
core   0: 3 0x800018b6 (0x8ddd) x11 0x0000001f
core   0: 0x800018b8 (0x00000001) c.nop
core   0: 3 0x800018b8 (0x0001)
core   0: 0x800018ba (0x0ff0000f) fence   iorw,iorw
core   0: 3 0x800018ba (0x0ff0000f)
core   0: 0x800018be (0x00000001) c.nop
core   0: 3 0x800018be (0x0001)
core   0: 0x800018c0 (0x41bf06b3) sub     a3, t5, s11
core   0: 3 0x800018c0 (0x41bf06b3) x13 0x7ffdd19c
core   0: 0x800018c4 (0x00000485) c.addi  s1, 1
core   0: 3 0x800018c4 (0x0485) x 9 0xffffffff
core   0: 0x800018c6 (0x03e37d33) remu    s10, t1, t5
core   0: 3 0x800018c6 (0x03e37d33) x26 0xffffffff
core   0: 0x800018ca (0x0000d8f5) c.beqz  s1, pc - 12
core   0: 3 0x800018ca (0xd8f5)
core   0: 0x800018cc (0x5542ca93) xori    s5, t0, 1364
core   0: 3 0x800018cc (0x5542ca93) x21 0x00000554
core   0: 0x800018d0 (0x02ecc5b3) div     a1, s9, a4
core   0: 3 0x800018d0 (0x02ecc5b3) x11 0x00000000
core   0: 0x800018d4 (0x000066bd) c.lui   a3, 0xf
core   0: 3 0x800018d4 (0x66bd) x13 0x0000f000
core   0: 0x800018d6 (0xfca648e3) blt     a2, a0, pc - 48
core   0: 3 0x800018d6 (0xfca648e3)
core   0: 0x800018da (0x00008339) c.srli  a4, 14
core   0: 3 0x800018da (0x8339) x14 0x00000000
core   0: 0x800018dc (0x00700e93) li      t4, 7
core   0: 3 0x800018dc (0x00700e93) x29 0x00000007
core   0: 0x800018e0 (0x0000100f) fence.i
core   0: 3 0x800018e0 (0x0000100f)
core   0: 0x800018e4 (0xffe00113) li      sp, -2
core   0: 3 0x800018e4 (0xffe00113) x 2 0xfffffffe
core   0: 0x800018e8 (0x00008d05) c.sub   a0, s1
core   0: 3 0x800018e8 (0x8d05) x10 0x00000014
core   0: 0x800018ea (0x00008cf1) c.and   s1, a2
core   0: 3 0x800018ea (0x8cf1) x 9 0x00000019
core   0: 0x800018ec (0x000061bd) c.lui   gp, 0xf
core   0: 3 0x800018ec (0x61bd) x 3 0x0000f000
core   0: 0x800018ee (0x00008a69) c.andi  a2, 26
core   0: 3 0x800018ee (0x8a69) x12 0x00000018
core   0: 0x800018f0 (0x00001edd) c.addi  t4, -9
core   0: 3 0x800018f0 (0x1edd) x29 0xfffffffe
core   0: 0x800018f2 (0x00009d46) c.add   s10, a7
core   0: 3 0x800018f2 (0x9d46) x26 0xffffffed
core   0: 0x800018f4 (0xfe2e9de3) bne     t4, sp, pc - 6
core   0: 3 0x800018f4 (0xfe2e9de3)
core   0: 0x800018f8 (0x38de7493) andi    s1, t3, 909
core   0: 3 0x800018f8 (0x38de7493) x 9 0x00000000
core   0: 0x800018fc (0xff700693) li      a3, -9
core   0: 3 0x800018fc (0xff700693) x13 0xfffffff7
core   0: 0x80001900 (0xc8a66013) ori     zero, a2, -886
core   0: 3 0x80001900 (0xc8a66013)
core   0: 0x80001904 (0x00bed5b3) srl     a1, t4, a1
core   0: 3 0x80001904 (0x00bed5b3) x11 0xfffffffe
core   0: 0x80001908 (0xffa00a93) li      s5, -6
core   0: 3 0x80001908 (0xffa00a93) x21 0xfffffffa
core   0: 0x8000190c (0x0088b533) sltu    a0, a7, s0
core   0: 3 0x8000190c (0x0088b533) x10 0x00000000
core   0: 0x80001910 (0x01fc9013) slli    zero, s9, 31
core   0: 3 0x80001910 (0x01fc9013)
core   0: 0x80001914 (0x00000685) c.addi  a3, 1
core   0: 3 0x80001914 (0x0685) x13 0xfffffff8
core   0: 0x80001916 (0x01325cb3) srl     s9, tp, s3
core   0: 3 0x80001916 (0x01325cb3) x25 0xffffffff
core   0: 0x8000191a (0x000003be) c.slli  t2, 15
core   0: 3 0x8000191a (0x03be) x 7 0x00000000
core   0: 0x8000191c (0x00a00793) li      a5, 10
core   0: 3 0x8000191c (0x00a00793) x15 0x0000000a
core   0: 0x80001920 (0x00000001) c.nop
core   0: 3 0x80001920 (0x0001)
core   0: 0x80001922 (0x000098fd) c.andi  s1, -1
core   0: 3 0x80001922 (0x98fd) x 9 0x00000000
core   0: 0x80001924 (0x000002ba) c.slli  t0, 14
core   0: 3 0x80001924 (0x02ba) x 5 0x00000000
core   0: 0x80001926 (0x00800c13) li      s8, 8
core   0: 3 0x80001926 (0x00800c13) x24 0x00000008
core   0: 0x8000192a (0x0ff0000f) fence   iorw,iorw
core   0: 3 0x8000192a (0x0ff0000f)
core   0: 0x8000192e (0x00008f0d) c.sub   a4, a1
core   0: 3 0x8000192e (0x8f0d) x14 0x00000002
core   0: 0x80001930 (0x00008725) c.srai  a4, 9
core   0: 3 0x80001930 (0x8725) x14 0x00000000
core   0: 0x80001932 (0x000017f1) c.addi  a5, -4
core   0: 3 0x80001932 (0x17f1) x15 0x00000006
core   0: 0x80001934 (0xff87fde3) bgeu    a5, s8, pc - 6
core   0: 3 0x80001934 (0xff87fde3)
core   0: 0x80001938 (0xfd568ae3) beq     a3, s5, pc - 44
core   0: 3 0x80001938 (0xfd568ae3)
core   0: 0x8000193c (0x000085b5) c.srai  a1, 13
core   0: 3 0x8000193c (0x85b5) x11 0xffffffff
core   0: 0x8000193e (0x00800713) li      a4, 8
core   0: 3 0x8000193e (0x00800713) x14 0x00000008
core   0: 0x80001942 (0xff9b1f17) auipc   t5, 0xff9b1
core   0: 3 0x80001942 (0xff9b1f17) x30 0x7f9b2942
core   0: 0x80001946 (0x02f50233) mul     tp, a0, a5
core   0: 3 0x80001946 (0x02f50233) x 4 0x00000000
core   0: 0x8000194a (0x0230a1b3) mulhsu  gp, ra, gp
core   0: 3 0x8000194a (0x0230a1b3) x 3 0x00000000
core   0: 0x8000194e (0x0000857d) c.srai  a0, 31
core   0: 3 0x8000194e (0x857d) x10 0x00000000
core   0: 0x80001950 (0x027c2633) mulhsu  a2, s8, t2
core   0: 3 0x80001950 (0x027c2633) x12 0x00000000
core   0: 0x80001954 (0x408bdab3) sra     s5, s7, s0
core   0: 3 0x80001954 (0x408bdab3) x21 0x0000000a
core   0: 0x80001958 (0x0ff0000f) fence   iorw,iorw
core   0: 3 0x80001958 (0x0ff0000f)
core   0: 0x8000195c (0x00000001) c.nop
core   0: 3 0x8000195c (0x0001)
core   0: 0x8000195e (0x00800793) li      a5, 8
core   0: 3 0x8000195e (0x00800793) x15 0x00000008
core   0: 0x80001962 (0x002fa3b3) slt     t2, t6, sp
core   0: 3 0x80001962 (0x002fa3b3) x 7 0x00000000
core   0: 0x80001966 (0x02c97b33) remu    s6, s2, a2
core   0: 3 0x80001966 (0x02c97b33) x22 0x80026ce4
core   0: 0x8000196a (0xcac0cc13) xori    s8, ra, -852
core   0: 3 0x8000196a (0xcac0cc13) x24 0xfffffcac
core   0: 0x8000196e (0x00004c85) c.li    s9, 1
core   0: 3 0x8000196e (0x4c85) x25 0x00000001
core   0: 0x80001970 (0x00001765) c.addi  a4, -7
core   0: 3 0x80001970 (0x1765) x14 0x00000001
core   0: 0x80001972 (0x00d01f93) slli    t6, zero, 13
core   0: 3 0x80001972 (0x00d01f93) x31 0x00000000
core   0: 0x80001976 (0x412dd3b3) sra     t2, s11, s2
core   0: 3 0x80001976 (0x412dd3b3) x 7 0xf80022e6
core   0: 0x8000197a (0x000052fd) c.li    t0, -1
core   0: 3 0x8000197a (0x52fd) x 5 0xffffffff
core   0: 0x8000197c (0x00000f11) c.addi  t5, 4
core   0: 3 0x8000197c (0x0f11) x30 0x7f9b2946
core   0: 0x8000197e (0x00006111) c.addi16sp sp, 256
core   0: 3 0x8000197e (0x6111) x 2 0x000000fe
core   0: 0x80001980 (0xfef775e3) bgeu    a4, a5, pc - 22
core   0: 3 0x80001980 (0xfef775e3)
core   0: 0x80001984 (0x02246633) rem     a2, s0, sp
core   0: 3 0x80001984 (0x02246633) x12 0x00000000
core   0: 0x80001988 (0x00900613) li      a2, 9
core   0: 3 0x80001988 (0x00900613) x12 0x00000009
core   0: 0x8000198c (0x3682e093) ori     ra, t0, 872
core   0: 3 0x8000198c (0x3682e093) x 1 0xffffffff
core   0: 0x80001990 (0x00008ef1) c.and   a3, a2
core   0: 3 0x80001990 (0x8ef1) x13 0x00000008
core   0: 0x80001992 (0x00400293) li      t0, 4
core   0: 3 0x80001992 (0x00400293) x 5 0x00000004
core   0: 0x80001996 (0x000a1eb3) sll     t4, s4, zero
core   0: 3 0x80001996 (0x000a1eb3) x29 0x4c98400c
core   0: 0x8000199a (0x00000001) c.nop
core   0: 3 0x8000199a (0x0001)
core   0: 0x8000199c (0x0000016d) c.addi  sp, 27
core   0: 3 0x8000199c (0x016d) x 2 0x00000119
core   0: 0x8000199e (0x00008539) c.srai  a0, 14
core   0: 3 0x8000199e (0x8539) x10 0x00000000
core   0: 0x800019a0 (0x00001675) c.addi  a2, -3
core   0: 3 0x800019a0 (0x1675) x12 0x00000006
core   0: 0x800019a2 (0x00700713) li      a4, 7
core   0: 3 0x800019a2 (0x00700713) x14 0x00000007
core   0: 0x800019a6 (0x14e4c193) xori    gp, s1, 334
core   0: 3 0x800019a6 (0x14e4c193) x 3 0x0000014e
core   0: 0x800019aa (0x00000001) c.nop
core   0: 3 0x800019aa (0x0001)
core   0: 0x800019ac (0x00000001) c.nop
core   0: 3 0x800019ac (0x0001)
core   0: 0x800019ae (0x649e3237) lui     tp, 0x649e3
core   0: 3 0x800019ae (0x649e3237) x 4 0x649e3000
core   0: 0x800019b2 (0x00001765) c.addi  a4, -7
core   0: 3 0x800019b2 (0x1765) x14 0x00000000
core   0: 0x800019b4 (0x00008d35) c.xor   a0, a3
core   0: 3 0x800019b4 (0x8d35) x10 0x00000008
core   0: 0x800019b6 (0x00008ff1) c.and   a5, a2
core   0: 3 0x800019b6 (0x8ff1) x15 0x00000000
core   0: 0x800019b8 (0x00e18d33) add     s10, gp, a4
core   0: 3 0x800019b8 (0x00e18d33) x26 0x0000014e
core   0: 0x800019bc (0x41085093) srai    ra, a6, 16
core   0: 3 0x800019bc (0x41085093) x 1 0x00000000
core   0: 0x800019c0 (0x00000001) c.nop
core   0: 3 0x800019c0 (0x0001)
core   0: 0x800019c2 (0x0000717d) c.addi16sp sp, -16
core   0: 3 0x800019c2 (0x717d) x 2 0x00000109
core   0: 0x800019c4 (0x0000850d) c.srai  a0, 3
core   0: 3 0x800019c4 (0x850d) x10 0x00000001
core   0: 0x800019c6 (0x014d8233) add     tp, s11, s4
core   0: 3 0x800019c6 (0x014d8233) x 4 0xcc9a6e70
core   0: 0x800019ca (0x01bf5233) srl     tp, t5, s11
core   0: 3 0x800019ca (0x01bf5233) x 4 0x07f9b294
core   0: 0x800019ce (0x0000811d) c.srli  a0, 7
core   0: 3 0x800019ce (0x811d) x10 0x00000000
core   0: 0x800019d0 (0x02b6bf33) mulhu   t5, a3, a1
core   0: 3 0x800019d0 (0x02b6bf33) x30 0x00000007
core   0: 0x800019d4 (0x000081e1) c.srli  a1, 24
core   0: 3 0x800019d4 (0x81e1) x11 0x000000ff
core   0: 0x800019d6 (0x0000db79) c.beqz  a4, pc - 42
core   0: 3 0x800019d6 (0xdb79)
core   0: 0x800019ac (0x00000001) c.nop
core   0: 3 0x800019ac (0x0001)
core   0: 0x800019ae (0x649e3237) lui     tp, 0x649e3
core   0: 3 0x800019ae (0x649e3237) x 4 0x649e3000
core   0: 0x800019b2 (0x00001765) c.addi  a4, -7
core   0: 3 0x800019b2 (0x1765) x14 0xfffffff9
core   0: 0x800019b4 (0x00008d35) c.xor   a0, a3
core   0: 3 0x800019b4 (0x8d35) x10 0x00000008
core   0: 0x800019b6 (0x00008ff1) c.and   a5, a2
core   0: 3 0x800019b6 (0x8ff1) x15 0x00000000
core   0: 0x800019b8 (0x00e18d33) add     s10, gp, a4
core   0: 3 0x800019b8 (0x00e18d33) x26 0x00000147
core   0: 0x800019bc (0x41085093) srai    ra, a6, 16
core   0: 3 0x800019bc (0x41085093) x 1 0x00000000
core   0: 0x800019c0 (0x00000001) c.nop
core   0: 3 0x800019c0 (0x0001)
core   0: 0x800019c2 (0x0000717d) c.addi16sp sp, -16
core   0: 3 0x800019c2 (0x717d) x 2 0x000000f9
core   0: 0x800019c4 (0x0000850d) c.srai  a0, 3
core   0: 3 0x800019c4 (0x850d) x10 0x00000001
core   0: 0x800019c6 (0x014d8233) add     tp, s11, s4
core   0: 3 0x800019c6 (0x014d8233) x 4 0xcc9a6e70
core   0: 0x800019ca (0x01bf5233) srl     tp, t5, s11
core   0: 3 0x800019ca (0x01bf5233) x 4 0x00000000
core   0: 0x800019ce (0x0000811d) c.srli  a0, 7
core   0: 3 0x800019ce (0x811d) x10 0x00000000
core   0: 0x800019d0 (0x02b6bf33) mulhu   t5, a3, a1
core   0: 3 0x800019d0 (0x02b6bf33) x30 0x00000000
core   0: 0x800019d4 (0x000081e1) c.srli  a1, 24
core   0: 3 0x800019d4 (0x81e1) x11 0x00000000
core   0: 0x800019d6 (0x0000db79) c.beqz  a4, pc - 42
core   0: 3 0x800019d6 (0xdb79)
core   0: 0x800019d8 (0x00008fc5) c.or    a5, s1
core   0: 3 0x800019d8 (0x8fc5) x15 0x00000000
core   0: 0x800019da (0x00000194) c.addi4spn a3, sp, 192
core   0: 3 0x800019da (0x0194) x13 0x000001b9
core   0: 0x800019dc (0x002ffb33) and     s6, t6, sp
core   0: 3 0x800019dc (0x002ffb33) x22 0x00000000
core   0: 0x800019e0 (0xfa567ee3) bgeu    a2, t0, pc - 68
core   0: 3 0x800019e0 (0xfa567ee3)
core   0: 0x8000199c (0x0000016d) c.addi  sp, 27
core   0: 3 0x8000199c (0x016d) x 2 0x00000114
core   0: 0x8000199e (0x00008539) c.srai  a0, 14
core   0: 3 0x8000199e (0x8539) x10 0x00000000
core   0: 0x800019a0 (0x00001675) c.addi  a2, -3
core   0: 3 0x800019a0 (0x1675) x12 0x00000003
core   0: 0x800019a2 (0x00700713) li      a4, 7
core   0: 3 0x800019a2 (0x00700713) x14 0x00000007
core   0: 0x800019a6 (0x14e4c193) xori    gp, s1, 334
core   0: 3 0x800019a6 (0x14e4c193) x 3 0x0000014e
core   0: 0x800019aa (0x00000001) c.nop
core   0: 3 0x800019aa (0x0001)
core   0: 0x800019ac (0x00000001) c.nop
core   0: 3 0x800019ac (0x0001)
core   0: 0x800019ae (0x649e3237) lui     tp, 0x649e3
core   0: 3 0x800019ae (0x649e3237) x 4 0x649e3000
core   0: 0x800019b2 (0x00001765) c.addi  a4, -7
core   0: 3 0x800019b2 (0x1765) x14 0x00000000
core   0: 0x800019b4 (0x00008d35) c.xor   a0, a3
core   0: 3 0x800019b4 (0x8d35) x10 0x000001b9
core   0: 0x800019b6 (0x00008ff1) c.and   a5, a2
core   0: 3 0x800019b6 (0x8ff1) x15 0x00000000
core   0: 0x800019b8 (0x00e18d33) add     s10, gp, a4
core   0: 3 0x800019b8 (0x00e18d33) x26 0x0000014e
core   0: 0x800019bc (0x41085093) srai    ra, a6, 16
core   0: 3 0x800019bc (0x41085093) x 1 0x00000000
core   0: 0x800019c0 (0x00000001) c.nop
core   0: 3 0x800019c0 (0x0001)
core   0: 0x800019c2 (0x0000717d) c.addi16sp sp, -16
core   0: 3 0x800019c2 (0x717d) x 2 0x00000104
core   0: 0x800019c4 (0x0000850d) c.srai  a0, 3
core   0: 3 0x800019c4 (0x850d) x10 0x00000037
core   0: 0x800019c6 (0x014d8233) add     tp, s11, s4
core   0: 3 0x800019c6 (0x014d8233) x 4 0xcc9a6e70
core   0: 0x800019ca (0x01bf5233) srl     tp, t5, s11
core   0: 3 0x800019ca (0x01bf5233) x 4 0x00000000
core   0: 0x800019ce (0x0000811d) c.srli  a0, 7
core   0: 3 0x800019ce (0x811d) x10 0x00000000
core   0: 0x800019d0 (0x02b6bf33) mulhu   t5, a3, a1
core   0: 3 0x800019d0 (0x02b6bf33) x30 0x00000000
core   0: 0x800019d4 (0x000081e1) c.srli  a1, 24
core   0: 3 0x800019d4 (0x81e1) x11 0x00000000
core   0: 0x800019d6 (0x0000db79) c.beqz  a4, pc - 42
core   0: 3 0x800019d6 (0xdb79)
core   0: 0x800019ac (0x00000001) c.nop
core   0: 3 0x800019ac (0x0001)
core   0: 0x800019ae (0x649e3237) lui     tp, 0x649e3
core   0: 3 0x800019ae (0x649e3237) x 4 0x649e3000
core   0: 0x800019b2 (0x00001765) c.addi  a4, -7
core   0: 3 0x800019b2 (0x1765) x14 0xfffffff9
core   0: 0x800019b4 (0x00008d35) c.xor   a0, a3
core   0: 3 0x800019b4 (0x8d35) x10 0x000001b9
core   0: 0x800019b6 (0x00008ff1) c.and   a5, a2
core   0: 3 0x800019b6 (0x8ff1) x15 0x00000000
core   0: 0x800019b8 (0x00e18d33) add     s10, gp, a4
core   0: 3 0x800019b8 (0x00e18d33) x26 0x00000147
core   0: 0x800019bc (0x41085093) srai    ra, a6, 16
core   0: 3 0x800019bc (0x41085093) x 1 0x00000000
core   0: 0x800019c0 (0x00000001) c.nop
core   0: 3 0x800019c0 (0x0001)
core   0: 0x800019c2 (0x0000717d) c.addi16sp sp, -16
core   0: 3 0x800019c2 (0x717d) x 2 0x000000f4
core   0: 0x800019c4 (0x0000850d) c.srai  a0, 3
core   0: 3 0x800019c4 (0x850d) x10 0x00000037
core   0: 0x800019c6 (0x014d8233) add     tp, s11, s4
core   0: 3 0x800019c6 (0x014d8233) x 4 0xcc9a6e70
core   0: 0x800019ca (0x01bf5233) srl     tp, t5, s11
core   0: 3 0x800019ca (0x01bf5233) x 4 0x00000000
core   0: 0x800019ce (0x0000811d) c.srli  a0, 7
core   0: 3 0x800019ce (0x811d) x10 0x00000000
core   0: 0x800019d0 (0x02b6bf33) mulhu   t5, a3, a1
core   0: 3 0x800019d0 (0x02b6bf33) x30 0x00000000
core   0: 0x800019d4 (0x000081e1) c.srli  a1, 24
core   0: 3 0x800019d4 (0x81e1) x11 0x00000000
core   0: 0x800019d6 (0x0000db79) c.beqz  a4, pc - 42
core   0: 3 0x800019d6 (0xdb79)
core   0: 0x800019d8 (0x00008fc5) c.or    a5, s1
core   0: 3 0x800019d8 (0x8fc5) x15 0x00000000
core   0: 0x800019da (0x00000194) c.addi4spn a3, sp, 192
core   0: 3 0x800019da (0x0194) x13 0x000001b4
core   0: 0x800019dc (0x002ffb33) and     s6, t6, sp
core   0: 3 0x800019dc (0x002ffb33) x22 0x00000000
core   0: 0x800019e0 (0xfa567ee3) bgeu    a2, t0, pc - 68
core   0: 3 0x800019e0 (0xfa567ee3)
core   0: 0x800019e4 (0x03232533) mulhsu  a0, t1, s2
core   0: 3 0x800019e4 (0x03232533) x10 0xffffffff
core   0: 0x800019e8 (0x00200593) li      a1, 2
core   0: 3 0x800019e8 (0x00200593) x11 0x00000002
core   0: 0x800019ec (0x01400c93) li      s9, 20
core   0: 3 0x800019ec (0x01400c93) x25 0x00000014
core   0: 0x800019f0 (0x01dc8533) add     a0, s9, t4
core   0: 3 0x800019f0 (0x01dc8533) x10 0x4c984020
core   0: 0x800019f4 (0x000005a5) c.addi  a1, 9
core   0: 3 0x800019f4 (0x05a5) x11 0x0000000b
core   0: 0x800019f6 (0x00800d13) li      s10, 8
core   0: 3 0x800019f6 (0x00800d13) x26 0x00000008
core   0: 0x800019fa (0x00500813) li      a6, 5
core   0: 3 0x800019fa (0x00500813) x16 0x00000005
core   0: 0x800019fe (0x6ce76e97) auipc   t4, 0x6ce76
core   0: 3 0x800019fe (0x6ce76e97) x29 0xece779fe
core   0: 0x80001a02 (0x00001d75) c.addi  s10, -3
core   0: 3 0x80001a02 (0x1d75) x26 0x00000005
core   0: 0x80001a04 (0xff0d7de3) bgeu    s10, a6, pc - 6
core   0: 3 0x80001a04 (0xff0d7de3)
core   0: 0x800019fe (0x6ce76e97) auipc   t4, 0x6ce76
core   0: 3 0x800019fe (0x6ce76e97) x29 0xece779fe
core   0: 0x80001a02 (0x00001d75) c.addi  s10, -3
core   0: 3 0x80001a02 (0x1d75) x26 0x00000002
core   0: 0x80001a04 (0xff0d7de3) bgeu    s10, a6, pc - 6
core   0: 3 0x80001a04 (0xff0d7de3)
core   0: 0x80001a08 (0xff9594e3) bne     a1, s9, pc - 24
core   0: 3 0x80001a08 (0xff9594e3)
core   0: 0x800019f0 (0x01dc8533) add     a0, s9, t4
core   0: 3 0x800019f0 (0x01dc8533) x10 0xece77a12
core   0: 0x800019f4 (0x000005a5) c.addi  a1, 9
core   0: 3 0x800019f4 (0x05a5) x11 0x00000014
core   0: 0x800019f6 (0x00800d13) li      s10, 8
core   0: 3 0x800019f6 (0x00800d13) x26 0x00000008
core   0: 0x800019fa (0x00500813) li      a6, 5
core   0: 3 0x800019fa (0x00500813) x16 0x00000005
core   0: 0x800019fe (0x6ce76e97) auipc   t4, 0x6ce76
core   0: 3 0x800019fe (0x6ce76e97) x29 0xece779fe
core   0: 0x80001a02 (0x00001d75) c.addi  s10, -3
core   0: 3 0x80001a02 (0x1d75) x26 0x00000005
core   0: 0x80001a04 (0xff0d7de3) bgeu    s10, a6, pc - 6
core   0: 3 0x80001a04 (0xff0d7de3)
core   0: 0x800019fe (0x6ce76e97) auipc   t4, 0x6ce76
core   0: 3 0x800019fe (0x6ce76e97) x29 0xece779fe
core   0: 0x80001a02 (0x00001d75) c.addi  s10, -3
core   0: 3 0x80001a02 (0x1d75) x26 0x00000002
core   0: 0x80001a04 (0xff0d7de3) bgeu    s10, a6, pc - 6
core   0: 3 0x80001a04 (0xff0d7de3)
core   0: 0x80001a08 (0xff9594e3) bne     a1, s9, pc - 24
core   0: 3 0x80001a08 (0xff9594e3)
core   0: 0x80001a0c (0x015047b3) xor     a5, zero, s5
core   0: 3 0x80001a0c (0x015047b3) x15 0x0000000a
core   0: 0x80001a10 (0x00a00b93) li      s7, 10
core   0: 3 0x80001a10 (0x00a00b93) x23 0x0000000a
core   0: 0x80001a14 (0x02386833) rem     a6, a6, gp
core   0: 3 0x80001a14 (0x02386833) x16 0x00000005
core   0: 0x80001a18 (0x00a00313) li      t1, 10
core   0: 3 0x80001a18 (0x00a00313) x 6 0x0000000a
core   0: 0x80001a1c (0x022a0533) mul     a0, s4, sp
core   0: 3 0x80001a1c (0x022a0533) x10 0x011d0b70
core   0: 0x80001a20 (0x4479c393) xori    t2, s3, 1095
core   0: 3 0x80001a20 (0x4479c393) x 7 0x00000447
core   0: 0x80001a24 (0x00001bdd) c.addi  s7, -9
core   0: 3 0x80001a24 (0x1bdd) x23 0x00000001
core   0: 0x80001a26 (0x01b608b3) add     a7, a2, s11
core   0: 3 0x80001a26 (0x01b608b3) x17 0x80022e67
core   0: 0x80001a2a (0xfe6bf9e3) bgeu    s7, t1, pc - 14
core   0: 3 0x80001a2a (0xfe6bf9e3)
core   0: 0x80001a2e (0x000007f2) c.slli  a5, 28
core   0: 3 0x80001a2e (0x07f2) x15 0xa0000000
core   0: 0x80001a30 (0xff600293) li      t0, -10
core   0: 3 0x80001a30 (0xff600293) x 5 0xfffffff6
core   0: 0x80001a34 (0x00008635) c.srai  a2, 13
core   0: 3 0x80001a34 (0x8635) x12 0x00000000
core   0: 0x80001a36 (0x00008f65) c.and   a4, s1
core   0: 3 0x80001a36 (0x8f65) x14 0x00000000
core   0: 0x80001a38 (0x00000d13) li      s10, 0
core   0: 3 0x80001a38 (0x00000d13) x26 0x00000000
core   0: 0x80001a3c (0x00001bfd) c.addi  s7, -1
core   0: 3 0x80001a3c (0x1bfd) x23 0x00000000
core   0: 0x80001a3e (0x733d4113) xori    sp, s10, 1843
core   0: 3 0x80001a3e (0x733d4113) x 2 0x00000733
core   0: 0x80001a42 (0x036bcfb3) div     t6, s7, s6
core   0: 3 0x80001a42 (0x036bcfb3) x31 0xffffffff
core   0: 0x80001a46 (0x2dd78a13) addi    s4, a5, 733
core   0: 3 0x80001a46 (0x2dd78a13) x20 0xa00002dd
core   0: 0x80001a4a (0x03d93fb3) mulhu   t6, s2, t4
core   0: 3 0x80001a4a (0x03d93fb3) x31 0x7675fb92
core   0: 0x80001a4e (0x00009826) c.add   a6, s1
core   0: 3 0x80001a4e (0x9826) x16 0x00000005
core   0: 0x80001a50 (0x405689b3) sub     s3, a3, t0
core   0: 3 0x80001a50 (0x405689b3) x19 0x000001be
core   0: 0x80001a54 (0x59b67993) andi    s3, a2, 1435
core   0: 3 0x80001a54 (0x59b67993) x19 0x00000000
core   0: 0x80001a58 (0x00006165) c.addi16sp sp, 112
core   0: 3 0x80001a58 (0x6165) x 2 0x000007a3
core   0: 0x80001a5a (0x0000848d) c.srai  s1, 3
core   0: 3 0x80001a5a (0x848d) x 9 0x00000000
core   0: 0x80001a5c (0x008c8233) add     tp, s9, s0
core   0: 3 0x80001a5c (0x008c8233) x 4 0x00000014
core   0: 0x80001a60 (0x00000295) c.addi  t0, 5
core   0: 3 0x80001a60 (0x0295) x 5 0xfffffffb
core   0: 0x80001a62 (0x017a73b3) and     t2, s4, s7
core   0: 3 0x80001a62 (0x017a73b3) x 7 0x00000000
core   0: 0x80001a66 (0x0ff0000f) fence   iorw,iorw
core   0: 3 0x80001a66 (0x0ff0000f)
core   0: 0x80001a6a (0x00008106) c.mv    sp, ra
core   0: 3 0x80001a6a (0x8106) x 2 0x00000000
core   0: 0x80001a6c (0x00008c91) c.sub   s1, a2
core   0: 3 0x80001a6c (0x8c91) x 9 0x00000000
core   0: 0x80001a6e (0x0000875a) c.mv    a4, s6
core   0: 3 0x80001a6e (0x875a) x14 0x00000000
core   0: 0x80001a70 (0x00d281b3) add     gp, t0, a3
core   0: 3 0x80001a70 (0x00d281b3) x 3 0x000001af
core   0: 0x80001a74 (0x6002a493) slti    s1, t0, 1536
core   0: 3 0x80001a74 (0x6002a493) x 9 0x00000001
core   0: 0x80001a78 (0xfda285e3) beq     t0, s10, pc - 54
core   0: 3 0x80001a78 (0xfda285e3)
core   0: 0x80001a7c (0x0168de13) srli    t3, a7, 22
core   0: 3 0x80001a7c (0x0168de13) x28 0x00000200
core   0: 0x80001a80 (0xffe00513) li      a0, -2
core   0: 3 0x80001a80 (0xffe00513) x10 0xfffffffe
core   0: 0x80001a84 (0xd3192993) slti    s3, s2, -719
core   0: 3 0x80001a84 (0xd3192993) x19 0x00000001
core   0: 0x80001a88 (0x0000100f) fence.i
core   0: 3 0x80001a88 (0x0000100f)
core   0: 0x80001a8c (0x02b0f833) remu    a6, ra, a1
core   0: 3 0x80001a8c (0x02b0f833) x16 0x00000000
core   0: 0x80001a90 (0xba1ad137) lui     sp, 0xba1ad
core   0: 3 0x80001a90 (0xba1ad137) x 2 0xba1ad000
core   0: 0x80001a94 (0x72a40613) addi    a2, s0, 1834
core   0: 3 0x80001a94 (0x72a40613) x12 0x0000072a
core   0: 0x80001a98 (0x01ac8e33) add     t3, s9, s10
core   0: 3 0x80001a98 (0x01ac8e33) x28 0x00000014
core   0: 0x80001a9c (0x00000001) c.nop
core   0: 3 0x80001a9c (0x0001)
core   0: 0x80001a9e (0x00008cdd) c.or    s1, a5
core   0: 3 0x80001a9e (0x8cdd) x 9 0xa0000001
core   0: 0x80001aa0 (0xcd1a8393) addi    t2, s5, -815
core   0: 3 0x80001aa0 (0xcd1a8393) x 7 0xfffffcdb
core   0: 0x80001aa4 (0x00008c5a) c.mv    s8, s6
core   0: 3 0x80001aa4 (0x8c5a) x24 0x00000000
core   0: 0x80001aa6 (0x01fed2b3) srl     t0, t4, t6
core   0: 3 0x80001aa6 (0x01fed2b3) x 5 0x00003b39
core   0: 0x80001aaa (0x00000c79) c.addi  s8, 30
core   0: 3 0x80001aaa (0x0c79) x24 0x0000001e
core   0: 0x80001aac (0x00000505) c.addi  a0, 1
core   0: 3 0x80001aac (0x0505) x10 0xffffffff
core   0: 0x80001aae (0x02dab7b3) mulhu   a5, s5, a3
core   0: 3 0x80001aae (0x02dab7b3) x15 0x00000000
core   0: 0x80001ab2 (0x00001198) c.addi4spn a4, sp, 224
core   0: 3 0x80001ab2 (0x1198) x14 0xba1ad0e0
core   0: 0x80001ab4 (0x00beab33) slt     s6, t4, a1
core   0: 3 0x80001ab4 (0x00beab33) x22 0x00000001
core   0: 0x80001ab8 (0x7e91c213) xori    tp, gp, 2025
core   0: 3 0x80001ab8 (0x7e91c213) x 4 0x00000646
core   0: 0x80001abc (0x0000f175) c.bnez  a0, pc - 28
core   0: 3 0x80001abc (0xf175)
core   0: 0x80001aa0 (0xcd1a8393) addi    t2, s5, -815
core   0: 3 0x80001aa0 (0xcd1a8393) x 7 0xfffffcdb
core   0: 0x80001aa4 (0x00008c5a) c.mv    s8, s6
core   0: 3 0x80001aa4 (0x8c5a) x24 0x00000001
core   0: 0x80001aa6 (0x01fed2b3) srl     t0, t4, t6
core   0: 3 0x80001aa6 (0x01fed2b3) x 5 0x00003b39
core   0: 0x80001aaa (0x00000c79) c.addi  s8, 30
core   0: 3 0x80001aaa (0x0c79) x24 0x0000001f
core   0: 0x80001aac (0x00000505) c.addi  a0, 1
core   0: 3 0x80001aac (0x0505) x10 0x00000000
core   0: 0x80001aae (0x02dab7b3) mulhu   a5, s5, a3
core   0: 3 0x80001aae (0x02dab7b3) x15 0x00000000
core   0: 0x80001ab2 (0x00001198) c.addi4spn a4, sp, 224
core   0: 3 0x80001ab2 (0x1198) x14 0xba1ad0e0
core   0: 0x80001ab4 (0x00beab33) slt     s6, t4, a1
core   0: 3 0x80001ab4 (0x00beab33) x22 0x00000001
core   0: 0x80001ab8 (0x7e91c213) xori    tp, gp, 2025
core   0: 3 0x80001ab8 (0x7e91c213) x 4 0x00000646
core   0: 0x80001abc (0x0000f175) c.bnez  a0, pc - 28
core   0: 3 0x80001abc (0xf175)
core   0: 0x80001abe (0x00c0dd33) srl     s10, ra, a2
core   0: 3 0x80001abe (0x00c0dd33) x26 0x00000000
core   0: 0x80001ac2 (0x00800793) li      a5, 8
core   0: 3 0x80001ac2 (0x00800793) x15 0x00000008
core   0: 0x80001ac6 (0x02816833) rem     a6, sp, s0
core   0: 3 0x80001ac6 (0x02816833) x16 0xba1ad000
core   0: 0x80001aca (0x01b11333) sll     t1, sp, s11
core   0: 3 0x80001aca (0x01b11333) x 6 0xa1ad0000
core   0: 0x80001ace (0x01b79e13) slli    t3, a5, 27
core   0: 3 0x80001ace (0x01b79e13) x28 0x40000000
core   0: 0x80001ad2 (0x00e00c93) li      s9, 14
core   0: 3 0x80001ad2 (0x00e00c93) x25 0x0000000e
core   0: 0x80001ad6 (0x03a28ab3) mul     s5, t0, s10
core   0: 3 0x80001ad6 (0x03a28ab3) x21 0x00000000
core   0: 0x80001ada (0x00009b7d) c.andi  a4, -1
core   0: 3 0x80001ada (0x9b7d) x14 0xba1ad0e0
core   0: 0x80001adc (0x00008d61) c.and   a0, s0
core   0: 3 0x80001adc (0x8d61) x10 0x00000000
core   0: 0x80001ade (0x00000799) c.addi  a5, 6
core   0: 3 0x80001ade (0x0799) x15 0x0000000e
core   0: 0x80001ae0 (0x00000001) c.nop
core   0: 3 0x80001ae0 (0x0001)
core   0: 0x80001ae2 (0x00001118) c.addi4spn a4, sp, 160
core   0: 3 0x80001ae2 (0x1118) x14 0xba1ad0a0
core   0: 0x80001ae4 (0x027e41b3) div     gp, t3, t2
core   0: 3 0x80001ae4 (0x027e41b3) x 3 0xffeba5b0
core   0: 0x80001ae8 (0x0101d693) srli    a3, gp, 16
core   0: 3 0x80001ae8 (0x0101d693) x13 0x0000ffeb
core   0: 0x80001aec (0xf7592013) slti    zero, s2, -139
core   0: 3 0x80001aec (0xf7592013)
core   0: 0x80001af0 (0x61b724b7) lui     s1, 0x61b72
core   0: 3 0x80001af0 (0x61b724b7) x 9 0x61b72000
core   0: 0x80001af4 (0xff9791e3) bne     a5, s9, pc - 30
core   0: 3 0x80001af4 (0xff9791e3)
core   0: 0x80001af8 (0x3e91e513) ori     a0, gp, 1001
core   0: 3 0x80001af8 (0x3e91e513) x10 0xffeba7f9
core   0: 0x80001afc (0x00600e13) li      t3, 6
core   0: 3 0x80001afc (0x00600e13) x28 0x00000006
core   0: 0x80001b00 (0x00a00a13) li      s4, 10
core   0: 3 0x80001b00 (0x00a00a13) x20 0x0000000a
core   0: 0x80001b04 (0xc6913793) sltiu   a5, sp, -919
core   0: 3 0x80001b04 (0xc6913793) x15 0x00000001
core   0: 0x80001b08 (0x039f1d33) mulh    s10, t5, s9
core   0: 3 0x80001b08 (0x039f1d33) x26 0x00000000
core   0: 0x80001b0c (0x00000e05) c.addi  t3, 1
core   0: 3 0x80001b0c (0x0e05) x28 0x00000007
core   0: 0x80001b0e (0xff4e1de3) bne     t3, s4, pc - 6
core   0: 3 0x80001b0e (0xff4e1de3)
core   0: 0x80001b08 (0x039f1d33) mulh    s10, t5, s9
core   0: 3 0x80001b08 (0x039f1d33) x26 0x00000000
core   0: 0x80001b0c (0x00000e05) c.addi  t3, 1
core   0: 3 0x80001b0c (0x0e05) x28 0x00000008
core   0: 0x80001b0e (0xff4e1de3) bne     t3, s4, pc - 6
core   0: 3 0x80001b0e (0xff4e1de3)
core   0: 0x80001b08 (0x039f1d33) mulh    s10, t5, s9
core   0: 3 0x80001b08 (0x039f1d33) x26 0x00000000
core   0: 0x80001b0c (0x00000e05) c.addi  t3, 1
core   0: 3 0x80001b0c (0x0e05) x28 0x00000009
core   0: 0x80001b0e (0xff4e1de3) bne     t3, s4, pc - 6
core   0: 3 0x80001b0e (0xff4e1de3)
core   0: 0x80001b08 (0x039f1d33) mulh    s10, t5, s9
core   0: 3 0x80001b08 (0x039f1d33) x26 0x00000000
core   0: 0x80001b0c (0x00000e05) c.addi  t3, 1
core   0: 3 0x80001b0c (0x0e05) x28 0x0000000a
core   0: 0x80001b0e (0xff4e1de3) bne     t3, s4, pc - 6
core   0: 3 0x80001b0e (0xff4e1de3)
core   0: 0x80001b12 (0x01d893b3) sll     t2, a7, t4
core   0: 3 0x80001b12 (0x01d893b3) x 7 0xc0000000
core   0: 0x80001b16 (0x00900493) li      s1, 9
core   0: 3 0x80001b16 (0x00900493) x 9 0x00000009
core   0: 0x80001b1a (0x00300613) li      a2, 3
core   0: 3 0x80001b1a (0x00300613) x12 0x00000003
core   0: 0x80001b1e (0x19600113) li      sp, 406
core   0: 3 0x80001b1e (0x19600113) x 2 0x00000196
core   0: 0x80001b22 (0x000014f9) c.addi  s1, -2
core   0: 3 0x80001b22 (0x14f9) x 9 0x00000007
core   0: 0x80001b24 (0xff700b93) li      s7, -9
core   0: 3 0x80001b24 (0xff700b93) x23 0xfffffff7
core   0: 0x80001b28 (0xff800f93) li      t6, -8
core   0: 3 0x80001b28 (0xff800f93) x31 0xfffffff8
core   0: 0x80001b2c (0x00000001) c.nop
core   0: 3 0x80001b2c (0x0001)
core   0: 0x80001b2e (0x00000b85) c.addi  s7, 1
core   0: 3 0x80001b2e (0x0b85) x23 0xfffffff8
core   0: 0x80001b30 (0xfffb9ee3) bne     s7, t6, pc - 4
core   0: 3 0x80001b30 (0xfffb9ee3)
core   0: 0x80001b34 (0xfec4f5e3) bgeu    s1, a2, pc - 22
core   0: 3 0x80001b34 (0xfec4f5e3)
core   0: 0x80001b1e (0x19600113) li      sp, 406
core   0: 3 0x80001b1e (0x19600113) x 2 0x00000196
core   0: 0x80001b22 (0x000014f9) c.addi  s1, -2
core   0: 3 0x80001b22 (0x14f9) x 9 0x00000005
core   0: 0x80001b24 (0xff700b93) li      s7, -9
core   0: 3 0x80001b24 (0xff700b93) x23 0xfffffff7
core   0: 0x80001b28 (0xff800f93) li      t6, -8
core   0: 3 0x80001b28 (0xff800f93) x31 0xfffffff8
core   0: 0x80001b2c (0x00000001) c.nop
core   0: 3 0x80001b2c (0x0001)
core   0: 0x80001b2e (0x00000b85) c.addi  s7, 1
core   0: 3 0x80001b2e (0x0b85) x23 0xfffffff8
core   0: 0x80001b30 (0xfffb9ee3) bne     s7, t6, pc - 4
core   0: 3 0x80001b30 (0xfffb9ee3)
core   0: 0x80001b34 (0xfec4f5e3) bgeu    s1, a2, pc - 22
core   0: 3 0x80001b34 (0xfec4f5e3)
core   0: 0x80001b1e (0x19600113) li      sp, 406
core   0: 3 0x80001b1e (0x19600113) x 2 0x00000196
core   0: 0x80001b22 (0x000014f9) c.addi  s1, -2
core   0: 3 0x80001b22 (0x14f9) x 9 0x00000003
core   0: 0x80001b24 (0xff700b93) li      s7, -9
core   0: 3 0x80001b24 (0xff700b93) x23 0xfffffff7
core   0: 0x80001b28 (0xff800f93) li      t6, -8
core   0: 3 0x80001b28 (0xff800f93) x31 0xfffffff8
core   0: 0x80001b2c (0x00000001) c.nop
core   0: 3 0x80001b2c (0x0001)
core   0: 0x80001b2e (0x00000b85) c.addi  s7, 1
core   0: 3 0x80001b2e (0x0b85) x23 0xfffffff8
core   0: 0x80001b30 (0xfffb9ee3) bne     s7, t6, pc - 4
core   0: 3 0x80001b30 (0xfffb9ee3)
core   0: 0x80001b34 (0xfec4f5e3) bgeu    s1, a2, pc - 22
core   0: 3 0x80001b34 (0xfec4f5e3)
core   0: 0x80001b1e (0x19600113) li      sp, 406
core   0: 3 0x80001b1e (0x19600113) x 2 0x00000196
core   0: 0x80001b22 (0x000014f9) c.addi  s1, -2
core   0: 3 0x80001b22 (0x14f9) x 9 0x00000001
core   0: 0x80001b24 (0xff700b93) li      s7, -9
core   0: 3 0x80001b24 (0xff700b93) x23 0xfffffff7
core   0: 0x80001b28 (0xff800f93) li      t6, -8
core   0: 3 0x80001b28 (0xff800f93) x31 0xfffffff8
core   0: 0x80001b2c (0x00000001) c.nop
core   0: 3 0x80001b2c (0x0001)
core   0: 0x80001b2e (0x00000b85) c.addi  s7, 1
core   0: 3 0x80001b2e (0x0b85) x23 0xfffffff8
core   0: 0x80001b30 (0xfffb9ee3) bne     s7, t6, pc - 4
core   0: 3 0x80001b30 (0xfffb9ee3)
core   0: 0x80001b34 (0xfec4f5e3) bgeu    s1, a2, pc - 22
core   0: 3 0x80001b34 (0xfec4f5e3)
core   0: 0x80001b38 (0x00318f33) add     t5, gp, gp
core   0: 3 0x80001b38 (0x00318f33) x30 0xffd74b60
core   0: 0x80001b3c (0x00a00b93) li      s7, 10
core   0: 3 0x80001b3c (0x00a00b93) x23 0x0000000a
core   0: 0x80001b40 (0x00d00993) li      s3, 13
core   0: 3 0x80001b40 (0x00d00993) x19 0x0000000d
core   0: 0x80001b44 (0xc7359237) lui     tp, 0xc7359
core   0: 3 0x80001b44 (0xc7359237) x 4 0xc7359000
core   0: 0x80001b48 (0x00000b8d) c.addi  s7, 3
core   0: 3 0x80001b48 (0x0b8d) x23 0x0000000d
core   0: 0x80001b4a (0x00000613) li      a2, 0
core   0: 3 0x80001b4a (0x00000613) x12 0x00000000
core   0: 0x80001b4e (0x00d00693) li      a3, 13
core   0: 3 0x80001b4e (0x00d00693) x13 0x0000000d
core   0: 0x80001b52 (0x025b21b3) mulhsu  gp, s6, t0
core   0: 3 0x80001b52 (0x025b21b3) x 3 0x00000000
core   0: 0x80001b56 (0x00000621) c.addi  a2, 8
core   0: 3 0x80001b56 (0x0621) x12 0x00000008
core   0: 0x80001b58 (0xfed66de3) bltu    a2, a3, pc - 6
core   0: 3 0x80001b58 (0xfed66de3)
core   0: 0x80001b52 (0x025b21b3) mulhsu  gp, s6, t0
core   0: 3 0x80001b52 (0x025b21b3) x 3 0x00000000
core   0: 0x80001b56 (0x00000621) c.addi  a2, 8
core   0: 3 0x80001b56 (0x0621) x12 0x00000010
core   0: 0x80001b58 (0xfed66de3) bltu    a2, a3, pc - 6
core   0: 3 0x80001b58 (0xfed66de3)
core   0: 0x80001b5c (0xff3bc4e3) blt     s7, s3, pc - 24
core   0: 3 0x80001b5c (0xff3bc4e3)
core   0: 0x80001b60 (0x02992fb3) mulhsu  t6, s2, s1
core   0: 3 0x80001b60 (0x02992fb3) x31 0xffffffff
core   0: 0x80001b64 (0xfff00c13) li      s8, -1
core   0: 3 0x80001b64 (0xfff00c13) x24 0xffffffff
core   0: 0x80001b68 (0x1d014497) auipc   s1, 0x1d014
core   0: 3 0x80001b68 (0x1d014497) x 9 0x9d015b68
core   0: 0x80001b6c (0x00700193) li      gp, 7
core   0: 3 0x80001b6c (0x00700193) x 3 0x00000007
core   0: 0x80001b70 (0x48428d13) addi    s10, t0, 1156
core   0: 3 0x80001b70 (0x48428d13) x26 0x00003fbd
core   0: 0x80001b74 (0x00008a95) c.andi  a3, 5
core   0: 3 0x80001b74 (0x8a95) x13 0x00000005
core   0: 0x80001b76 (0x00000c21) c.addi  s8, 8
core   0: 3 0x80001b76 (0x0c21) x24 0x00000007
core   0: 0x80001b78 (0x0197c733) xor     a4, a5, s9
core   0: 3 0x80001b78 (0x0197c733) x14 0x0000000f
core   0: 0x80001b7c (0xfe3c4ae3) blt     s8, gp, pc - 12
core   0: 3 0x80001b7c (0xfe3c4ae3)
core   0: 0x80001b80 (0x000062c1) c.lui   t0, 0x10
core   0: 3 0x80001b80 (0x62c1) x 5 0x00010000
core   0: 0x80001b82 (0xffd00713) li      a4, -3
core   0: 3 0x80001b82 (0xffd00713) x14 0xfffffffd
core   0: 0x80001b86 (0x00eb9e13) slli    t3, s7, 14
core   0: 3 0x80001b86 (0x00eb9e13) x28 0x00034000
core   0: 0x80001b8a (0x027c29b3) mulhsu  s3, s8, t2
core   0: 3 0x80001b8a (0x027c29b3) x19 0x00000005
core   0: 0x80001b8e (0x41788d33) sub     s10, a7, s7
core   0: 3 0x80001b8e (0x41788d33) x26 0x80022e5a
core   0: 0x80001b92 (0x01eb6133) or      sp, s6, t5
core   0: 3 0x80001b92 (0x01eb6133) x 2 0xffd74b61
core   0: 0x80001b96 (0x00000001) c.nop
core   0: 3 0x80001b96 (0x0001)
core   0: 0x80001b98 (0x00000c79) c.addi  s8, 30
core   0: 3 0x80001b98 (0x0c79) x24 0x00000025
core   0: 0x80001b9a (0xff600893) li      a7, -10
core   0: 3 0x80001b9a (0xff600893) x17 0xfffffff6
core   0: 0x80001b9e (0x0356b133) mulhu   sp, a3, s5
core   0: 3 0x80001b9e (0x0356b133) x 2 0x00000000
core   0: 0x80001ba2 (0x00000c88) c.addi4spn a0, sp, 592
core   0: 3 0x80001ba2 (0x0c88) x10 0x00000250
core   0: 0x80001ba4 (0x00001765) c.addi  a4, -7
core   0: 3 0x80001ba4 (0x1765) x14 0xfffffff6
core   0: 0x80001ba6 (0xff800593) li      a1, -8
core   0: 3 0x80001ba6 (0xff800593) x11 0xfffffff8
core   0: 0x80001baa (0x6aab1997) auipc   s3, 0x6aab1
core   0: 3 0x80001baa (0x6aab1997) x19 0xeaab2baa
core   0: 0x80001bae (0x003f8f33) add     t5, t6, gp
core   0: 3 0x80001bae (0x003f8f33) x30 0x00000006
core   0: 0x80001bb2 (0x00000001) c.nop
core   0: 3 0x80001bb2 (0x0001)
core   0: 0x80001bb4 (0x00000001) c.nop
core   0: 3 0x80001bb4 (0x0001)
core   0: 0x80001bb6 (0x00008bde) c.mv    s7, s7
core   0: 3 0x80001bb6 (0x8bde) x23 0x0000000d
core   0: 0x80001bb8 (0x00000001) c.nop
core   0: 3 0x80001bb8 (0x0001)
core   0: 0x80001bba (0x000005a1) c.addi  a1, 8
core   0: 3 0x80001bba (0x05a1) x11 0x00000000
core   0: 0x80001bbc (0x01a003b3) add     t2, zero, s10
core   0: 3 0x80001bbc (0x01a003b3) x 7 0x80022e5a
core   0: 0x80001bc0 (0x0000d9f5) c.beqz  a1, pc - 12
core   0: 3 0x80001bc0 (0xd9f5)
core   0: 0x80001bb4 (0x00000001) c.nop
core   0: 3 0x80001bb4 (0x0001)
core   0: 0x80001bb6 (0x00008bde) c.mv    s7, s7
core   0: 3 0x80001bb6 (0x8bde) x23 0x0000000d
core   0: 0x80001bb8 (0x00000001) c.nop
core   0: 3 0x80001bb8 (0x0001)
core   0: 0x80001bba (0x000005a1) c.addi  a1, 8
core   0: 3 0x80001bba (0x05a1) x11 0x00000008
core   0: 0x80001bbc (0x01a003b3) add     t2, zero, s10
core   0: 3 0x80001bbc (0x01a003b3) x 7 0x80022e5a
core   0: 0x80001bc0 (0x0000d9f5) c.beqz  a1, pc - 12
core   0: 3 0x80001bc0 (0xd9f5)
core   0: 0x80001bc2 (0x0378c3b3) div     t2, a7, s7
core   0: 3 0x80001bc2 (0x0378c3b3) x 7 0x00000000
core   0: 0x80001bc6 (0x00005d7d) c.li    s10, -1
core   0: 3 0x80001bc6 (0x5d7d) x26 0xffffffff
core   0: 0x80001bc8 (0x000000c9) c.addi  ra, 18
core   0: 3 0x80001bc8 (0x00c9) x 1 0x00000012
core   0: 0x80001bca (0x000080a5) c.srli  s1, 9
core   0: 3 0x80001bca (0x80a5) x 9 0x004e80ad
core   0: 0x80001bcc (0x408d8d33) sub     s10, s11, s0
core   0: 3 0x80001bcc (0x408d8d33) x26 0x80022e64
core   0: 0x80001bd0 (0xeec60b13) addi    s6, a2, -276
core   0: 3 0x80001bd0 (0xeec60b13) x22 0xfffffefc
core   0: 0x80001bd4 (0xfdeaf113) andi    sp, s5, -34
core   0: 3 0x80001bd4 (0xfdeaf113) x 2 0x00000000
core   0: 0x80001bd8 (0x0000100f) fence.i
core   0: 3 0x80001bd8 (0x0000100f)
core   0: 0x80001bdc (0x00cd5393) srli    t2, s10, 12
core   0: 3 0x80001bdc (0x00cd5393) x 7 0x00080022
core   0: 0x80001be0 (0xfd1711e3) bne     a4, a7, pc - 62
core   0: 3 0x80001be0 (0xfd1711e3)
core   0: 0x80001be4 (0x022e99b3) mulh    s3, t4, sp
core   0: 3 0x80001be4 (0x022e99b3) x19 0x00000000
core   0: 0x80001be8 (0x012cda63) bge     s9, s2, pc + 20
core   0: 3 0x80001be8 (0x012cda63)
core   0: 0x80001bfc (0x034d1633) mulh    a2, s10, s4
core   0: 3 0x80001bfc (0x034d1633) x12 0xfffffffb
core   0: 0x80001c00 (0x00ce72b3) and     t0, t3, a2
core   0: 3 0x80001c00 (0x00ce72b3) x 5 0x00034000
core   0: 0x80001c04 (0x0000825d) c.srli  a2, 23
core   0: 3 0x80001c04 (0x825d) x12 0x000001ff
core   0: 0x80001c06 (0x4a418713) addi    a4, gp, 1188
core   0: 3 0x80001c06 (0x4a418713) x14 0x000004ab
core   0: 0x80001c0a (0x00008e65) c.and   a2, s1
core   0: 3 0x80001c0a (0x8e65) x12 0x000000ad
core   0: 0x80001c0c (0x013f4bb3) xor     s7, t5, s3
core   0: 3 0x80001c0c (0x013f4bb3) x23 0x00000006
core   0: 0x80001c10 (0x001c9f93) slli    t6, s9, 1
core   0: 3 0x80001c10 (0x001c9f93) x31 0x0000001c
core   0: 0x80001c14 (0x0000833a) c.mv    t1, a4
core   0: 3 0x80001c14 (0x833a) x 6 0x000004ab
core   0: 0x80001c16 (0x0000100f) fence.i
core   0: 3 0x80001c16 (0x0000100f)
core   0: 0x80001c1a (0x0136eab3) or      s5, a3, s3
core   0: 3 0x80001c1a (0x0136eab3) x21 0x00000005
core   0: 0x80001c1e (0x4492a693) slti    a3, t0, 1097
core   0: 3 0x80001c1e (0x4492a693) x13 0x00000000
core   0: 0x80001c22 (0x00001308) c.addi4spn a0, sp, 416
core   0: 3 0x80001c22 (0x1308) x10 0x000001a0
core   0: 0x80001c24 (0x0308f9b3) remu    s3, a7, a6
core   0: 3 0x80001c24 (0x0308f9b3) x19 0x45e52ff6
core   0: 0x80001c28 (0x00005a17) auipc   s4, 0x5
core   0: 3 0x80001c28 (0x00005a17) x20 0x80006c28
core   0: 0x80001c2c (0x7faa0a13) addi    s4, s4, 2042
core   0: 3 0x80001c2c (0x7faa0a13) x20 0x80007422
core   0: 0x80001c30 (0x00009b7e) c.add   s6, t6
core   0: 3 0x80001c30 (0x9b7e) x22 0xffffff18
core   0: 0x80001c32 (0x006b3133) sltu    sp, s6, t1
core   0: 3 0x80001c32 (0x006b3133) x 2 0x00000000
core   0: 0x80001c36 (0xd7fa0a13) addi    s4, s4, -641
core   0: 3 0x80001c36 (0xd7fa0a13) x20 0x800071a1
core   0: 0x80001c3a (0x00008cb9) c.xor   s1, a4
core   0: 3 0x80001c3a (0x8cb9) x 9 0x004e8406
core   0: 0x80001c3c (0x00008899) c.andi  s1, 6
core   0: 3 0x80001c3c (0x8899) x 9 0x00000006
core   0: 0x80001c3e (0x0380cc33) div     s8, ra, s8
core   0: 3 0x80001c3e (0x0380cc33) x24 0x00000000
core   0: 0x80001c42 (0x0000100f) fence.i
core   0: 3 0x80001c42 (0x0000100f)
core   0: 0x80001c46 (0x0000459d) c.li    a1, 7
core   0: 3 0x80001c46 (0x459d) x11 0x00000007
core   0: 0x80001c48 (0x01561c93) slli    s9, a2, 21
core   0: 3 0x80001c48 (0x01561c93) x25 0x15a00000
core   0: 0x80001c4c (0x281a0367) jalr    t1, s4, 641
core   0: 3 0x80001c4c (0x281a0367) x 6 0x80001c50
core   0: 0x80007422 (0x00008cd9) c.or    s1, a4
core   0: 3 0x80007422 (0x8cd9) x 9 0x000004af
core   0: 0x80007424 (0x40525733) sra     a4, tp, t0
core   0: 3 0x80007424 (0x40525733) x14 0xc7359000
core   0: 0x80007428 (0x0000100f) fence.i
core   0: 3 0x80007428 (0x0000100f)
core   0: 0x8000742c (0x02fc58b3) divu    a7, s8, a5
core   0: 3 0x8000742c (0x02fc58b3) x17 0x00000000
core   0: 0x80007430 (0x01d1f263) bgeu    gp, t4, pc + 4
core   0: 3 0x80007430 (0x01d1f263)
core   0: 0x80007434 (0xfc0d8d93) addi    s11, s11, -64
core   0: 3 0x80007434 (0xfc0d8d93) x27 0x80022e24
core   0: 0x80007438 (0x00000001) c.nop
core   0: 3 0x80007438 (0x0001)
core   0: 0x8000743a (0x006da223) sw      t1, 4(s11)
core   0: 3 0x8000743a (0x006da223) mem 0x80022e28 0x80001c50
core   0: 0x8000743e (0x00b51f33) sll     t5, a0, a1
core   0: 3 0x8000743e (0x00b51f33) x30 0x0000d000
core   0: 0x80007442 (0x01eca033) slt     zero, s9, t5
core   0: 3 0x80007442 (0x01eca033)
core   0: 0x80007446 (0x00006169) c.addi16sp sp, 208
core   0: 3 0x80007446 (0x6169) x 2 0x000000d0
core   0: 0x80007448 (0x00000cc9) c.addi  s9, 18
core   0: 3 0x80007448 (0x0cc9) x25 0x15a00012
core   0: 0x8000744a (0xffb00613) li      a2, -5
core   0: 3 0x8000744a (0xffb00613) x12 0xfffffffb
core   0: 0x8000744e (0x01300193) li      gp, 19
core   0: 3 0x8000744e (0x01300193) x 3 0x00000013
core   0: 0x80007452 (0x79b52f13) slti    t5, a0, 1947
core   0: 3 0x80007452 (0x79b52f13) x30 0x00000001
core   0: 0x80007456 (0x65976c93) ori     s9, a4, 1625
core   0: 3 0x80007456 (0x65976c93) x25 0xc7359659
core   0: 0x8000745a (0x0000060d) c.addi  a2, 3
core   0: 3 0x8000745a (0x060d) x12 0xfffffffe
core   0: 0x8000745c (0x40b38233) sub     tp, t2, a1
core   0: 3 0x8000745c (0x40b38233) x 4 0x0008001b
core   0: 0x80007460 (0xfe361be3) bne     a2, gp, pc - 10
core   0: 3 0x80007460 (0xfe361be3)
core   0: 0x80007456 (0x65976c93) ori     s9, a4, 1625
core   0: 3 0x80007456 (0x65976c93) x25 0xc7359659
core   0: 0x8000745a (0x0000060d) c.addi  a2, 3
core   0: 3 0x8000745a (0x060d) x12 0x00000001
core   0: 0x8000745c (0x40b38233) sub     tp, t2, a1
core   0: 3 0x8000745c (0x40b38233) x 4 0x0008001b
core   0: 0x80007460 (0xfe361be3) bne     a2, gp, pc - 10
core   0: 3 0x80007460 (0xfe361be3)
core   0: 0x80007456 (0x65976c93) ori     s9, a4, 1625
core   0: 3 0x80007456 (0x65976c93) x25 0xc7359659
core   0: 0x8000745a (0x0000060d) c.addi  a2, 3
core   0: 3 0x8000745a (0x060d) x12 0x00000004
core   0: 0x8000745c (0x40b38233) sub     tp, t2, a1
core   0: 3 0x8000745c (0x40b38233) x 4 0x0008001b
core   0: 0x80007460 (0xfe361be3) bne     a2, gp, pc - 10
core   0: 3 0x80007460 (0xfe361be3)
core   0: 0x80007456 (0x65976c93) ori     s9, a4, 1625
core   0: 3 0x80007456 (0x65976c93) x25 0xc7359659
core   0: 0x8000745a (0x0000060d) c.addi  a2, 3
core   0: 3 0x8000745a (0x060d) x12 0x00000007
core   0: 0x8000745c (0x40b38233) sub     tp, t2, a1
core   0: 3 0x8000745c (0x40b38233) x 4 0x0008001b
core   0: 0x80007460 (0xfe361be3) bne     a2, gp, pc - 10
core   0: 3 0x80007460 (0xfe361be3)
core   0: 0x80007456 (0x65976c93) ori     s9, a4, 1625
core   0: 3 0x80007456 (0x65976c93) x25 0xc7359659
core   0: 0x8000745a (0x0000060d) c.addi  a2, 3
core   0: 3 0x8000745a (0x060d) x12 0x0000000a
core   0: 0x8000745c (0x40b38233) sub     tp, t2, a1
core   0: 3 0x8000745c (0x40b38233) x 4 0x0008001b
core   0: 0x80007460 (0xfe361be3) bne     a2, gp, pc - 10
core   0: 3 0x80007460 (0xfe361be3)
core   0: 0x80007456 (0x65976c93) ori     s9, a4, 1625
core   0: 3 0x80007456 (0x65976c93) x25 0xc7359659
core   0: 0x8000745a (0x0000060d) c.addi  a2, 3
core   0: 3 0x8000745a (0x060d) x12 0x0000000d
core   0: 0x8000745c (0x40b38233) sub     tp, t2, a1
core   0: 3 0x8000745c (0x40b38233) x 4 0x0008001b
core   0: 0x80007460 (0xfe361be3) bne     a2, gp, pc - 10
core   0: 3 0x80007460 (0xfe361be3)
core   0: 0x80007456 (0x65976c93) ori     s9, a4, 1625
core   0: 3 0x80007456 (0x65976c93) x25 0xc7359659
core   0: 0x8000745a (0x0000060d) c.addi  a2, 3
core   0: 3 0x8000745a (0x060d) x12 0x00000010
core   0: 0x8000745c (0x40b38233) sub     tp, t2, a1
core   0: 3 0x8000745c (0x40b38233) x 4 0x0008001b
core   0: 0x80007460 (0xfe361be3) bne     a2, gp, pc - 10
core   0: 3 0x80007460 (0xfe361be3)
core   0: 0x80007456 (0x65976c93) ori     s9, a4, 1625
core   0: 3 0x80007456 (0x65976c93) x25 0xc7359659
core   0: 0x8000745a (0x0000060d) c.addi  a2, 3
core   0: 3 0x8000745a (0x060d) x12 0x00000013
core   0: 0x8000745c (0x40b38233) sub     tp, t2, a1
core   0: 3 0x8000745c (0x40b38233) x 4 0x0008001b
core   0: 0x80007460 (0xfe361be3) bne     a2, gp, pc - 10
core   0: 3 0x80007460 (0xfe361be3)
core   0: 0x80007464 (0x032fe833) rem     a6, t6, s2
core   0: 3 0x80007464 (0x032fe833) x16 0x0000001c
core   0: 0x80007468 (0xffb00513) li      a0, -5
core   0: 3 0x80007468 (0xffb00513) x10 0xfffffffb
core   0: 0x8000746c (0x03084633) div     a2, a6, a6
core   0: 3 0x8000746c (0x03084633) x12 0x00000001
core   0: 0x80007470 (0x02968333) mul     t1, a3, s1
core   0: 3 0x80007470 (0x02968333) x 6 0x00000000
core   0: 0x80007474 (0x0000717d) c.addi16sp sp, -16
core   0: 3 0x80007474 (0x717d) x 2 0x000000c0
core   0: 0x80007476 (0x03ce3a33) mulhu   s4, t3, t3
core   0: 3 0x80007476 (0x03ce3a33) x20 0x0000000a
core   0: 0x8000747a (0x00008616) c.mv    a2, t0
core   0: 3 0x8000747a (0x8616) x12 0x00034000
core   0: 0x8000747c (0xff900b93) li      s7, -7
core   0: 3 0x8000747c (0xff900b93) x23 0xfffffff9
core   0: 0x80007480 (0x28621c17) auipc   s8, 0x28621
core   0: 3 0x80007480 (0x28621c17) x24 0xa8628480
core   0: 0x80007484 (0xfa9af393) andi    t2, s5, -87
core   0: 3 0x80007484 (0xfa9af393) x 7 0x00000001
core   0: 0x80007488 (0x00008e69) c.and   a2, a0
core   0: 3 0x80007488 (0x8e69) x12 0x00034000
core   0: 0x8000748a (0x00008e6d) c.and   a2, a1
core   0: 3 0x8000748a (0x8e6d) x12 0x00000000
core   0: 0x8000748c (0x00001561) c.addi  a0, -8
core   0: 3 0x8000748c (0x1561) x10 0xfffffff3
core   0: 0x8000748e (0x0398d1b3) divu    gp, a7, s9
core   0: 3 0x8000748e (0x0398d1b3) x 3 0x00000000
core   0: 0x80007492 (0x00000001) c.nop
core   0: 3 0x80007492 (0x0001)
core   0: 0x80007494 (0x0000616d) c.addi16sp sp, 240
core   0: 3 0x80007494 (0x616d) x 2 0x000001b0
core   0: 0x80007496 (0x80154613) xori    a2, a0, -2047
core   0: 3 0x80007496 (0x80154613) x12 0x000007f2
core   0: 0x8000749a (0x00008261) c.srli  a2, 24
core   0: 3 0x8000749a (0x8261) x12 0x00000000
core   0: 0x8000749c (0xff7552e3) bge     a0, s7, pc - 28
core   0: 3 0x8000749c (0xff7552e3)
core   0: 0x800074a0 (0xe17db313) sltiu   t1, s11, -489
core   0: 3 0x800074a0 (0xe17db313) x 6 0x00000001
core   0: 0x800074a4 (0xffd00493) li      s1, -3
core   0: 3 0x800074a4 (0xffd00493) x 9 0xfffffffd
core   0: 0x800074a8 (0x00d3bcb3) sltu    s9, t2, a3
core   0: 3 0x800074a8 (0x00d3bcb3) x25 0x00000000
core   0: 0x800074ac (0x00000001) c.nop
core   0: 3 0x800074ac (0x0001)
core   0: 0x800074ae (0x29b0dcb7) lui     s9, 0x29b0d
core   0: 3 0x800074ae (0x29b0dcb7) x25 0x29b0d000
core   0: 0x800074b2 (0x00008fe9) c.and   a5, a0
core   0: 3 0x800074b2 (0x8fe9) x15 0x00000001
core   0: 0x800074b4 (0x0058f733) and     a4, a7, t0
core   0: 3 0x800074b4 (0x0058f733) x14 0x00000000
core   0: 0x800074b8 (0x3847ca93) xori    s5, a5, 900
core   0: 3 0x800074b8 (0x3847ca93) x21 0x00000385
core   0: 0x800074bc (0x00000001) c.nop
core   0: 3 0x800074bc (0x0001)
core   0: 0x800074be (0x00000576) c.slli  a0, 29
core   0: 3 0x800074be (0x0576) x10 0x60000000
core   0: 0x800074c0 (0x00c2e1b3) or      gp, t0, a2
core   0: 3 0x800074c0 (0x00c2e1b3) x 3 0x00034000
core   0: 0x800074c4 (0x000089a2) c.mv    s3, s0
core   0: 3 0x800074c4 (0x89a2) x19 0x00000000
core   0: 0x800074c6 (0x02404ab3) div     s5, zero, tp
core   0: 3 0x800074c6 (0x02404ab3) x21 0x00000000
core   0: 0x800074ca (0x000009e1) c.addi  s3, 24
core   0: 3 0x800074ca (0x09e1) x19 0x00000018
core   0: 0x800074cc (0x0000883e) c.mv    a6, a5
core   0: 3 0x800074cc (0x883e) x16 0x00000001
core   0: 0x800074ce (0x00000485) c.addi  s1, 1
core   0: 3 0x800074ce (0x0485) x 9 0xfffffffe
core   0: 0x800074d0 (0x0000f8f5) c.bnez  s1, pc - 12
core   0: 3 0x800074d0 (0xf8f5)
core   0: 0x800074c4 (0x000089a2) c.mv    s3, s0
core   0: 3 0x800074c4 (0x89a2) x19 0x00000000
core   0: 0x800074c6 (0x02404ab3) div     s5, zero, tp
core   0: 3 0x800074c6 (0x02404ab3) x21 0x00000000
core   0: 0x800074ca (0x000009e1) c.addi  s3, 24
core   0: 3 0x800074ca (0x09e1) x19 0x00000018
core   0: 0x800074cc (0x0000883e) c.mv    a6, a5
core   0: 3 0x800074cc (0x883e) x16 0x00000001
core   0: 0x800074ce (0x00000485) c.addi  s1, 1
core   0: 3 0x800074ce (0x0485) x 9 0xffffffff
core   0: 0x800074d0 (0x0000f8f5) c.bnez  s1, pc - 12
core   0: 3 0x800074d0 (0xf8f5)
core   0: 0x800074c4 (0x000089a2) c.mv    s3, s0
core   0: 3 0x800074c4 (0x89a2) x19 0x00000000
core   0: 0x800074c6 (0x02404ab3) div     s5, zero, tp
core   0: 3 0x800074c6 (0x02404ab3) x21 0x00000000
core   0: 0x800074ca (0x000009e1) c.addi  s3, 24
core   0: 3 0x800074ca (0x09e1) x19 0x00000018
core   0: 0x800074cc (0x0000883e) c.mv    a6, a5
core   0: 3 0x800074cc (0x883e) x16 0x00000001
core   0: 0x800074ce (0x00000485) c.addi  s1, 1
core   0: 3 0x800074ce (0x0485) x 9 0x00000000
core   0: 0x800074d0 (0x0000f8f5) c.bnez  s1, pc - 12
core   0: 3 0x800074d0 (0xf8f5)
core   0: 0x800074d2 (0x00de0333) add     t1, t3, a3
core   0: 3 0x800074d2 (0x00de0333) x 6 0x00034000
core   0: 0x800074d6 (0x00600613) li      a2, 6
core   0: 3 0x800074d6 (0x00600613) x12 0x00000006
core   0: 0x800074da (0x000081cd) c.srli  a1, 19
core   0: 3 0x800074da (0x81cd) x11 0x00000000
core   0: 0x800074dc (0x00000001) c.nop
core   0: 3 0x800074dc (0x0001)
core   0: 0x800074de (0x00000001) c.nop
core   0: 3 0x800074de (0x0001)
core   0: 0x800074e0 (0x00454eb3) xor     t4, a0, tp
core   0: 3 0x800074e0 (0x00454eb3) x29 0x6008001b
core   0: 0x800074e4 (0x00008f39) c.xor   a4, a4
core   0: 3 0x800074e4 (0x8f39) x14 0x00000000
core   0: 0x800074e6 (0x07f77b97) auipc   s7, 0x7f77
core   0: 3 0x800074e6 (0x07f77b97) x23 0x87f7e4e6
core   0: 0x800074ea (0x01f1de93) srli    t4, gp, 31
core   0: 3 0x800074ea (0x01f1de93) x29 0x00000000
core   0: 0x800074ee (0x00008dad) c.xor   a1, a1
core   0: 3 0x800074ee (0x8dad) x11 0x00000000
core   0: 0x800074f0 (0x00009d22) c.add   s10, s0
core   0: 3 0x800074f0 (0x9d22) x26 0x80022e64
core   0: 0x800074f2 (0x02d71533) mulh    a0, a4, a3
core   0: 3 0x800074f2 (0x02d71533) x10 0x00000000
core   0: 0x800074f6 (0x02075a33) divu    s4, a4, zero
core   0: 3 0x800074f6 (0x02075a33) x20 0xffffffff
core   0: 0x800074fa (0x000008aa) c.slli  a7, 10
core   0: 3 0x800074fa (0x08aa) x17 0x00000000
core   0: 0x800074fc (0x00008d75) c.and   a0, a3
core   0: 3 0x800074fc (0x8d75) x10 0x00000000
core   0: 0x800074fe (0x93bba217) auipc   tp, 0x93bba
core   0: 3 0x800074fe (0x93bba217) x 4 0x13bc14fe
core   0: 0x80007502 (0x01528133) add     sp, t0, s5
core   0: 3 0x80007502 (0x01528133) x 2 0x00034000
core   0: 0x80007506 (0x41145733) sra     a4, s0, a7
core   0: 3 0x80007506 (0x41145733) x14 0x00000000
core   0: 0x8000750a (0x40958b33) sub     s6, a1, s1
core   0: 3 0x8000750a (0x40958b33) x22 0x00000000
core   0: 0x8000750e (0x0000167d) c.addi  a2, -1
core   0: 3 0x8000750e (0x167d) x12 0x00000005
core   0: 0x80007510 (0x00000001) c.nop
core   0: 3 0x80007510 (0x0001)
core   0: 0x80007512 (0x03765c33) divu    s8, a2, s7
core   0: 3 0x80007512 (0x03765c33) x24 0x00000000
core   0: 0x80007516 (0x03b3fb33) remu    s6, t2, s11
core   0: 3 0x80007516 (0x03b3fb33) x22 0x00000001
core   0: 0x8000751a (0x0000f279) c.bnez  a2, pc - 58
core   0: 3 0x8000751a (0xf279)
core   0: 0x800074e0 (0x00454eb3) xor     t4, a0, tp
core   0: 3 0x800074e0 (0x00454eb3) x29 0x13bc14fe
core   0: 0x800074e4 (0x00008f39) c.xor   a4, a4
core   0: 3 0x800074e4 (0x8f39) x14 0x00000000
core   0: 0x800074e6 (0x07f77b97) auipc   s7, 0x7f77
core   0: 3 0x800074e6 (0x07f77b97) x23 0x87f7e4e6
core   0: 0x800074ea (0x01f1de93) srli    t4, gp, 31
core   0: 3 0x800074ea (0x01f1de93) x29 0x00000000
core   0: 0x800074ee (0x00008dad) c.xor   a1, a1
core   0: 3 0x800074ee (0x8dad) x11 0x00000000
core   0: 0x800074f0 (0x00009d22) c.add   s10, s0
core   0: 3 0x800074f0 (0x9d22) x26 0x80022e64
core   0: 0x800074f2 (0x02d71533) mulh    a0, a4, a3
core   0: 3 0x800074f2 (0x02d71533) x10 0x00000000
core   0: 0x800074f6 (0x02075a33) divu    s4, a4, zero
core   0: 3 0x800074f6 (0x02075a33) x20 0xffffffff
core   0: 0x800074fa (0x000008aa) c.slli  a7, 10
core   0: 3 0x800074fa (0x08aa) x17 0x00000000
core   0: 0x800074fc (0x00008d75) c.and   a0, a3
core   0: 3 0x800074fc (0x8d75) x10 0x00000000
core   0: 0x800074fe (0x93bba217) auipc   tp, 0x93bba
core   0: 3 0x800074fe (0x93bba217) x 4 0x13bc14fe
core   0: 0x80007502 (0x01528133) add     sp, t0, s5
core   0: 3 0x80007502 (0x01528133) x 2 0x00034000
core   0: 0x80007506 (0x41145733) sra     a4, s0, a7
core   0: 3 0x80007506 (0x41145733) x14 0x00000000
core   0: 0x8000750a (0x40958b33) sub     s6, a1, s1
core   0: 3 0x8000750a (0x40958b33) x22 0x00000000
core   0: 0x8000750e (0x0000167d) c.addi  a2, -1
core   0: 3 0x8000750e (0x167d) x12 0x00000004
core   0: 0x80007510 (0x00000001) c.nop
core   0: 3 0x80007510 (0x0001)
core   0: 0x80007512 (0x03765c33) divu    s8, a2, s7
core   0: 3 0x80007512 (0x03765c33) x24 0x00000000
core   0: 0x80007516 (0x03b3fb33) remu    s6, t2, s11
core   0: 3 0x80007516 (0x03b3fb33) x22 0x00000001
core   0: 0x8000751a (0x0000f279) c.bnez  a2, pc - 58
core   0: 3 0x8000751a (0xf279)
core   0: 0x800074e0 (0x00454eb3) xor     t4, a0, tp
core   0: 3 0x800074e0 (0x00454eb3) x29 0x13bc14fe
core   0: 0x800074e4 (0x00008f39) c.xor   a4, a4
core   0: 3 0x800074e4 (0x8f39) x14 0x00000000
core   0: 0x800074e6 (0x07f77b97) auipc   s7, 0x7f77
core   0: 3 0x800074e6 (0x07f77b97) x23 0x87f7e4e6
core   0: 0x800074ea (0x01f1de93) srli    t4, gp, 31
core   0: 3 0x800074ea (0x01f1de93) x29 0x00000000
core   0: 0x800074ee (0x00008dad) c.xor   a1, a1
core   0: 3 0x800074ee (0x8dad) x11 0x00000000
core   0: 0x800074f0 (0x00009d22) c.add   s10, s0
core   0: 3 0x800074f0 (0x9d22) x26 0x80022e64
core   0: 0x800074f2 (0x02d71533) mulh    a0, a4, a3
core   0: 3 0x800074f2 (0x02d71533) x10 0x00000000
core   0: 0x800074f6 (0x02075a33) divu    s4, a4, zero
core   0: 3 0x800074f6 (0x02075a33) x20 0xffffffff
core   0: 0x800074fa (0x000008aa) c.slli  a7, 10
core   0: 3 0x800074fa (0x08aa) x17 0x00000000
core   0: 0x800074fc (0x00008d75) c.and   a0, a3
core   0: 3 0x800074fc (0x8d75) x10 0x00000000
core   0: 0x800074fe (0x93bba217) auipc   tp, 0x93bba
core   0: 3 0x800074fe (0x93bba217) x 4 0x13bc14fe
core   0: 0x80007502 (0x01528133) add     sp, t0, s5
core   0: 3 0x80007502 (0x01528133) x 2 0x00034000
core   0: 0x80007506 (0x41145733) sra     a4, s0, a7
core   0: 3 0x80007506 (0x41145733) x14 0x00000000
core   0: 0x8000750a (0x40958b33) sub     s6, a1, s1
core   0: 3 0x8000750a (0x40958b33) x22 0x00000000
core   0: 0x8000750e (0x0000167d) c.addi  a2, -1
core   0: 3 0x8000750e (0x167d) x12 0x00000003
core   0: 0x80007510 (0x00000001) c.nop
core   0: 3 0x80007510 (0x0001)
core   0: 0x80007512 (0x03765c33) divu    s8, a2, s7
core   0: 3 0x80007512 (0x03765c33) x24 0x00000000
core   0: 0x80007516 (0x03b3fb33) remu    s6, t2, s11
core   0: 3 0x80007516 (0x03b3fb33) x22 0x00000001
core   0: 0x8000751a (0x0000f279) c.bnez  a2, pc - 58
core   0: 3 0x8000751a (0xf279)
core   0: 0x800074e0 (0x00454eb3) xor     t4, a0, tp
core   0: 3 0x800074e0 (0x00454eb3) x29 0x13bc14fe
core   0: 0x800074e4 (0x00008f39) c.xor   a4, a4
core   0: 3 0x800074e4 (0x8f39) x14 0x00000000
core   0: 0x800074e6 (0x07f77b97) auipc   s7, 0x7f77
core   0: 3 0x800074e6 (0x07f77b97) x23 0x87f7e4e6
core   0: 0x800074ea (0x01f1de93) srli    t4, gp, 31
core   0: 3 0x800074ea (0x01f1de93) x29 0x00000000
core   0: 0x800074ee (0x00008dad) c.xor   a1, a1
core   0: 3 0x800074ee (0x8dad) x11 0x00000000
core   0: 0x800074f0 (0x00009d22) c.add   s10, s0
core   0: 3 0x800074f0 (0x9d22) x26 0x80022e64
core   0: 0x800074f2 (0x02d71533) mulh    a0, a4, a3
core   0: 3 0x800074f2 (0x02d71533) x10 0x00000000
core   0: 0x800074f6 (0x02075a33) divu    s4, a4, zero
core   0: 3 0x800074f6 (0x02075a33) x20 0xffffffff
core   0: 0x800074fa (0x000008aa) c.slli  a7, 10
core   0: 3 0x800074fa (0x08aa) x17 0x00000000
core   0: 0x800074fc (0x00008d75) c.and   a0, a3
core   0: 3 0x800074fc (0x8d75) x10 0x00000000
core   0: 0x800074fe (0x93bba217) auipc   tp, 0x93bba
core   0: 3 0x800074fe (0x93bba217) x 4 0x13bc14fe
core   0: 0x80007502 (0x01528133) add     sp, t0, s5
core   0: 3 0x80007502 (0x01528133) x 2 0x00034000
core   0: 0x80007506 (0x41145733) sra     a4, s0, a7
core   0: 3 0x80007506 (0x41145733) x14 0x00000000
core   0: 0x8000750a (0x40958b33) sub     s6, a1, s1
core   0: 3 0x8000750a (0x40958b33) x22 0x00000000
core   0: 0x8000750e (0x0000167d) c.addi  a2, -1
core   0: 3 0x8000750e (0x167d) x12 0x00000002
core   0: 0x80007510 (0x00000001) c.nop
core   0: 3 0x80007510 (0x0001)
core   0: 0x80007512 (0x03765c33) divu    s8, a2, s7
core   0: 3 0x80007512 (0x03765c33) x24 0x00000000
core   0: 0x80007516 (0x03b3fb33) remu    s6, t2, s11
core   0: 3 0x80007516 (0x03b3fb33) x22 0x00000001
core   0: 0x8000751a (0x0000f279) c.bnez  a2, pc - 58
core   0: 3 0x8000751a (0xf279)
core   0: 0x800074e0 (0x00454eb3) xor     t4, a0, tp
core   0: 3 0x800074e0 (0x00454eb3) x29 0x13bc14fe
core   0: 0x800074e4 (0x00008f39) c.xor   a4, a4
core   0: 3 0x800074e4 (0x8f39) x14 0x00000000
core   0: 0x800074e6 (0x07f77b97) auipc   s7, 0x7f77
core   0: 3 0x800074e6 (0x07f77b97) x23 0x87f7e4e6
core   0: 0x800074ea (0x01f1de93) srli    t4, gp, 31
core   0: 3 0x800074ea (0x01f1de93) x29 0x00000000
core   0: 0x800074ee (0x00008dad) c.xor   a1, a1
core   0: 3 0x800074ee (0x8dad) x11 0x00000000
core   0: 0x800074f0 (0x00009d22) c.add   s10, s0
core   0: 3 0x800074f0 (0x9d22) x26 0x80022e64
core   0: 0x800074f2 (0x02d71533) mulh    a0, a4, a3
core   0: 3 0x800074f2 (0x02d71533) x10 0x00000000
core   0: 0x800074f6 (0x02075a33) divu    s4, a4, zero
core   0: 3 0x800074f6 (0x02075a33) x20 0xffffffff
core   0: 0x800074fa (0x000008aa) c.slli  a7, 10
core   0: 3 0x800074fa (0x08aa) x17 0x00000000
core   0: 0x800074fc (0x00008d75) c.and   a0, a3
core   0: 3 0x800074fc (0x8d75) x10 0x00000000
core   0: 0x800074fe (0x93bba217) auipc   tp, 0x93bba
core   0: 3 0x800074fe (0x93bba217) x 4 0x13bc14fe
core   0: 0x80007502 (0x01528133) add     sp, t0, s5
core   0: 3 0x80007502 (0x01528133) x 2 0x00034000
core   0: 0x80007506 (0x41145733) sra     a4, s0, a7
core   0: 3 0x80007506 (0x41145733) x14 0x00000000
core   0: 0x8000750a (0x40958b33) sub     s6, a1, s1
core   0: 3 0x8000750a (0x40958b33) x22 0x00000000
core   0: 0x8000750e (0x0000167d) c.addi  a2, -1
core   0: 3 0x8000750e (0x167d) x12 0x00000001
core   0: 0x80007510 (0x00000001) c.nop
core   0: 3 0x80007510 (0x0001)
core   0: 0x80007512 (0x03765c33) divu    s8, a2, s7
core   0: 3 0x80007512 (0x03765c33) x24 0x00000000
core   0: 0x80007516 (0x03b3fb33) remu    s6, t2, s11
core   0: 3 0x80007516 (0x03b3fb33) x22 0x00000001
core   0: 0x8000751a (0x0000f279) c.bnez  a2, pc - 58
core   0: 3 0x8000751a (0xf279)
core   0: 0x800074e0 (0x00454eb3) xor     t4, a0, tp
core   0: 3 0x800074e0 (0x00454eb3) x29 0x13bc14fe
core   0: 0x800074e4 (0x00008f39) c.xor   a4, a4
core   0: 3 0x800074e4 (0x8f39) x14 0x00000000
core   0: 0x800074e6 (0x07f77b97) auipc   s7, 0x7f77
core   0: 3 0x800074e6 (0x07f77b97) x23 0x87f7e4e6
core   0: 0x800074ea (0x01f1de93) srli    t4, gp, 31
core   0: 3 0x800074ea (0x01f1de93) x29 0x00000000
core   0: 0x800074ee (0x00008dad) c.xor   a1, a1
core   0: 3 0x800074ee (0x8dad) x11 0x00000000
core   0: 0x800074f0 (0x00009d22) c.add   s10, s0
core   0: 3 0x800074f0 (0x9d22) x26 0x80022e64
core   0: 0x800074f2 (0x02d71533) mulh    a0, a4, a3
core   0: 3 0x800074f2 (0x02d71533) x10 0x00000000
core   0: 0x800074f6 (0x02075a33) divu    s4, a4, zero
core   0: 3 0x800074f6 (0x02075a33) x20 0xffffffff
core   0: 0x800074fa (0x000008aa) c.slli  a7, 10
core   0: 3 0x800074fa (0x08aa) x17 0x00000000
core   0: 0x800074fc (0x00008d75) c.and   a0, a3
core   0: 3 0x800074fc (0x8d75) x10 0x00000000
core   0: 0x800074fe (0x93bba217) auipc   tp, 0x93bba
core   0: 3 0x800074fe (0x93bba217) x 4 0x13bc14fe
core   0: 0x80007502 (0x01528133) add     sp, t0, s5
core   0: 3 0x80007502 (0x01528133) x 2 0x00034000
core   0: 0x80007506 (0x41145733) sra     a4, s0, a7
core   0: 3 0x80007506 (0x41145733) x14 0x00000000
core   0: 0x8000750a (0x40958b33) sub     s6, a1, s1
core   0: 3 0x8000750a (0x40958b33) x22 0x00000000
core   0: 0x8000750e (0x0000167d) c.addi  a2, -1
core   0: 3 0x8000750e (0x167d) x12 0x00000000
core   0: 0x80007510 (0x00000001) c.nop
core   0: 3 0x80007510 (0x0001)
core   0: 0x80007512 (0x03765c33) divu    s8, a2, s7
core   0: 3 0x80007512 (0x03765c33) x24 0x00000000
core   0: 0x80007516 (0x03b3fb33) remu    s6, t2, s11
core   0: 3 0x80007516 (0x03b3fb33) x22 0x00000001
core   0: 0x8000751a (0x0000f279) c.bnez  a2, pc - 58
core   0: 3 0x8000751a (0xf279)
core   0: 0x8000751c (0x0000100f) fence.i
core   0: 3 0x8000751c (0x0000100f)
core   0: 0x80007520 (0xff700493) li      s1, -9
core   0: 3 0x80007520 (0xff700493) x 9 0xfffffff7
core   0: 0x80007524 (0x00100f13) li      t5, 1
core   0: 3 0x80007524 (0x00100f13) x30 0x00000001
core   0: 0x80007528 (0x03f6f333) remu    t1, a3, t6
core   0: 3 0x80007528 (0x03f6f333) x 6 0x00000000
core   0: 0x8000752c (0x02f71d33) mulh    s10, a4, a5
core   0: 3 0x8000752c (0x02f71d33) x26 0x00000000
core   0: 0x80007530 (0x00000489) c.addi  s1, 2
core   0: 3 0x80007530 (0x0489) x 9 0xfffffff9
core   0: 0x80007532 (0x031523b3) mulhsu  t2, a0, a7
core   0: 3 0x80007532 (0x031523b3) x 7 0x00000000
core   0: 0x80007536 (0x414b5593) srai    a1, s6, 20
core   0: 3 0x80007536 (0x414b5593) x11 0x00000000
core   0: 0x8000753a (0x00a00c93) li      s9, 10
core   0: 3 0x8000753a (0x00a00c93) x25 0x0000000a
core   0: 0x8000753e (0x00100793) li      a5, 1
core   0: 3 0x8000753e (0x00100793) x15 0x00000001
core   0: 0x80007542 (0x0ff0000f) fence   iorw,iorw
core   0: 3 0x80007542 (0x0ff0000f)
core   0: 0x80007546 (0x02cfc533) div     a0, t6, a2
core   0: 3 0x80007546 (0x02cfc533) x10 0xffffffff
core   0: 0x8000754a (0x033c86b3) mul     a3, s9, s3
core   0: 3 0x8000754a (0x033c86b3) x13 0x000000f0
core   0: 0x8000754e (0x00001cf5) c.addi  s9, -3
core   0: 3 0x8000754e (0x1cf5) x25 0x00000007
core   0: 0x80007550 (0xfefc9be3) bne     s9, a5, pc - 10
core   0: 3 0x80007550 (0xfefc9be3)
core   0: 0x80007546 (0x02cfc533) div     a0, t6, a2
core   0: 3 0x80007546 (0x02cfc533) x10 0xffffffff
core   0: 0x8000754a (0x033c86b3) mul     a3, s9, s3
core   0: 3 0x8000754a (0x033c86b3) x13 0x000000a8
core   0: 0x8000754e (0x00001cf5) c.addi  s9, -3
core   0: 3 0x8000754e (0x1cf5) x25 0x00000004
core   0: 0x80007550 (0xfefc9be3) bne     s9, a5, pc - 10
core   0: 3 0x80007550 (0xfefc9be3)
core   0: 0x80007546 (0x02cfc533) div     a0, t6, a2
core   0: 3 0x80007546 (0x02cfc533) x10 0xffffffff
core   0: 0x8000754a (0x033c86b3) mul     a3, s9, s3
core   0: 3 0x8000754a (0x033c86b3) x13 0x00000060
core   0: 0x8000754e (0x00001cf5) c.addi  s9, -3
core   0: 3 0x8000754e (0x1cf5) x25 0x00000001
core   0: 0x80007550 (0xfefc9be3) bne     s9, a5, pc - 10
core   0: 3 0x80007550 (0xfefc9be3)
core   0: 0x80007554 (0x01ef6133) or      sp, t5, t5
core   0: 3 0x80007554 (0x01ef6133) x 2 0x00000001
core   0: 0x80007558 (0xfde498e3) bne     s1, t5, pc - 48
core   0: 3 0x80007558 (0xfde498e3)
core   0: 0x80007528 (0x03f6f333) remu    t1, a3, t6
core   0: 3 0x80007528 (0x03f6f333) x 6 0x0000000c
core   0: 0x8000752c (0x02f71d33) mulh    s10, a4, a5
core   0: 3 0x8000752c (0x02f71d33) x26 0x00000000
core   0: 0x80007530 (0x00000489) c.addi  s1, 2
core   0: 3 0x80007530 (0x0489) x 9 0xfffffffb
core   0: 0x80007532 (0x031523b3) mulhsu  t2, a0, a7
core   0: 3 0x80007532 (0x031523b3) x 7 0x00000000
core   0: 0x80007536 (0x414b5593) srai    a1, s6, 20
core   0: 3 0x80007536 (0x414b5593) x11 0x00000000
core   0: 0x8000753a (0x00a00c93) li      s9, 10
core   0: 3 0x8000753a (0x00a00c93) x25 0x0000000a
core   0: 0x8000753e (0x00100793) li      a5, 1
core   0: 3 0x8000753e (0x00100793) x15 0x00000001
core   0: 0x80007542 (0x0ff0000f) fence   iorw,iorw
core   0: 3 0x80007542 (0x0ff0000f)
core   0: 0x80007546 (0x02cfc533) div     a0, t6, a2
core   0: 3 0x80007546 (0x02cfc533) x10 0xffffffff
core   0: 0x8000754a (0x033c86b3) mul     a3, s9, s3
core   0: 3 0x8000754a (0x033c86b3) x13 0x000000f0
core   0: 0x8000754e (0x00001cf5) c.addi  s9, -3
core   0: 3 0x8000754e (0x1cf5) x25 0x00000007
core   0: 0x80007550 (0xfefc9be3) bne     s9, a5, pc - 10
core   0: 3 0x80007550 (0xfefc9be3)
core   0: 0x80007546 (0x02cfc533) div     a0, t6, a2
core   0: 3 0x80007546 (0x02cfc533) x10 0xffffffff
core   0: 0x8000754a (0x033c86b3) mul     a3, s9, s3
core   0: 3 0x8000754a (0x033c86b3) x13 0x000000a8
core   0: 0x8000754e (0x00001cf5) c.addi  s9, -3
core   0: 3 0x8000754e (0x1cf5) x25 0x00000004
core   0: 0x80007550 (0xfefc9be3) bne     s9, a5, pc - 10
core   0: 3 0x80007550 (0xfefc9be3)
core   0: 0x80007546 (0x02cfc533) div     a0, t6, a2
core   0: 3 0x80007546 (0x02cfc533) x10 0xffffffff
core   0: 0x8000754a (0x033c86b3) mul     a3, s9, s3
core   0: 3 0x8000754a (0x033c86b3) x13 0x00000060
core   0: 0x8000754e (0x00001cf5) c.addi  s9, -3
core   0: 3 0x8000754e (0x1cf5) x25 0x00000001
core   0: 0x80007550 (0xfefc9be3) bne     s9, a5, pc - 10
core   0: 3 0x80007550 (0xfefc9be3)
core   0: 0x80007554 (0x01ef6133) or      sp, t5, t5
core   0: 3 0x80007554 (0x01ef6133) x 2 0x00000001
core   0: 0x80007558 (0xfde498e3) bne     s1, t5, pc - 48
core   0: 3 0x80007558 (0xfde498e3)
core   0: 0x80007528 (0x03f6f333) remu    t1, a3, t6
core   0: 3 0x80007528 (0x03f6f333) x 6 0x0000000c
core   0: 0x8000752c (0x02f71d33) mulh    s10, a4, a5
core   0: 3 0x8000752c (0x02f71d33) x26 0x00000000
core   0: 0x80007530 (0x00000489) c.addi  s1, 2
core   0: 3 0x80007530 (0x0489) x 9 0xfffffffd
core   0: 0x80007532 (0x031523b3) mulhsu  t2, a0, a7
core   0: 3 0x80007532 (0x031523b3) x 7 0x00000000
core   0: 0x80007536 (0x414b5593) srai    a1, s6, 20
core   0: 3 0x80007536 (0x414b5593) x11 0x00000000
core   0: 0x8000753a (0x00a00c93) li      s9, 10
core   0: 3 0x8000753a (0x00a00c93) x25 0x0000000a
core   0: 0x8000753e (0x00100793) li      a5, 1
core   0: 3 0x8000753e (0x00100793) x15 0x00000001
core   0: 0x80007542 (0x0ff0000f) fence   iorw,iorw
core   0: 3 0x80007542 (0x0ff0000f)
core   0: 0x80007546 (0x02cfc533) div     a0, t6, a2
core   0: 3 0x80007546 (0x02cfc533) x10 0xffffffff
core   0: 0x8000754a (0x033c86b3) mul     a3, s9, s3
core   0: 3 0x8000754a (0x033c86b3) x13 0x000000f0
core   0: 0x8000754e (0x00001cf5) c.addi  s9, -3
core   0: 3 0x8000754e (0x1cf5) x25 0x00000007
core   0: 0x80007550 (0xfefc9be3) bne     s9, a5, pc - 10
core   0: 3 0x80007550 (0xfefc9be3)
core   0: 0x80007546 (0x02cfc533) div     a0, t6, a2
core   0: 3 0x80007546 (0x02cfc533) x10 0xffffffff
core   0: 0x8000754a (0x033c86b3) mul     a3, s9, s3
core   0: 3 0x8000754a (0x033c86b3) x13 0x000000a8
core   0: 0x8000754e (0x00001cf5) c.addi  s9, -3
core   0: 3 0x8000754e (0x1cf5) x25 0x00000004
core   0: 0x80007550 (0xfefc9be3) bne     s9, a5, pc - 10
core   0: 3 0x80007550 (0xfefc9be3)
core   0: 0x80007546 (0x02cfc533) div     a0, t6, a2
core   0: 3 0x80007546 (0x02cfc533) x10 0xffffffff
core   0: 0x8000754a (0x033c86b3) mul     a3, s9, s3
core   0: 3 0x8000754a (0x033c86b3) x13 0x00000060
core   0: 0x8000754e (0x00001cf5) c.addi  s9, -3
core   0: 3 0x8000754e (0x1cf5) x25 0x00000001
core   0: 0x80007550 (0xfefc9be3) bne     s9, a5, pc - 10
core   0: 3 0x80007550 (0xfefc9be3)
core   0: 0x80007554 (0x01ef6133) or      sp, t5, t5
core   0: 3 0x80007554 (0x01ef6133) x 2 0x00000001
core   0: 0x80007558 (0xfde498e3) bne     s1, t5, pc - 48
core   0: 3 0x80007558 (0xfde498e3)
core   0: 0x80007528 (0x03f6f333) remu    t1, a3, t6
core   0: 3 0x80007528 (0x03f6f333) x 6 0x0000000c
core   0: 0x8000752c (0x02f71d33) mulh    s10, a4, a5
core   0: 3 0x8000752c (0x02f71d33) x26 0x00000000
core   0: 0x80007530 (0x00000489) c.addi  s1, 2
core   0: 3 0x80007530 (0x0489) x 9 0xffffffff
core   0: 0x80007532 (0x031523b3) mulhsu  t2, a0, a7
core   0: 3 0x80007532 (0x031523b3) x 7 0x00000000
core   0: 0x80007536 (0x414b5593) srai    a1, s6, 20
core   0: 3 0x80007536 (0x414b5593) x11 0x00000000
core   0: 0x8000753a (0x00a00c93) li      s9, 10
core   0: 3 0x8000753a (0x00a00c93) x25 0x0000000a
core   0: 0x8000753e (0x00100793) li      a5, 1
core   0: 3 0x8000753e (0x00100793) x15 0x00000001
core   0: 0x80007542 (0x0ff0000f) fence   iorw,iorw
core   0: 3 0x80007542 (0x0ff0000f)
core   0: 0x80007546 (0x02cfc533) div     a0, t6, a2
core   0: 3 0x80007546 (0x02cfc533) x10 0xffffffff
core   0: 0x8000754a (0x033c86b3) mul     a3, s9, s3
core   0: 3 0x8000754a (0x033c86b3) x13 0x000000f0
core   0: 0x8000754e (0x00001cf5) c.addi  s9, -3
core   0: 3 0x8000754e (0x1cf5) x25 0x00000007
core   0: 0x80007550 (0xfefc9be3) bne     s9, a5, pc - 10
core   0: 3 0x80007550 (0xfefc9be3)
core   0: 0x80007546 (0x02cfc533) div     a0, t6, a2
core   0: 3 0x80007546 (0x02cfc533) x10 0xffffffff
core   0: 0x8000754a (0x033c86b3) mul     a3, s9, s3
core   0: 3 0x8000754a (0x033c86b3) x13 0x000000a8
core   0: 0x8000754e (0x00001cf5) c.addi  s9, -3
core   0: 3 0x8000754e (0x1cf5) x25 0x00000004
core   0: 0x80007550 (0xfefc9be3) bne     s9, a5, pc - 10
core   0: 3 0x80007550 (0xfefc9be3)
core   0: 0x80007546 (0x02cfc533) div     a0, t6, a2
core   0: 3 0x80007546 (0x02cfc533) x10 0xffffffff
core   0: 0x8000754a (0x033c86b3) mul     a3, s9, s3
core   0: 3 0x8000754a (0x033c86b3) x13 0x00000060
core   0: 0x8000754e (0x00001cf5) c.addi  s9, -3
core   0: 3 0x8000754e (0x1cf5) x25 0x00000001
core   0: 0x80007550 (0xfefc9be3) bne     s9, a5, pc - 10
core   0: 3 0x80007550 (0xfefc9be3)
core   0: 0x80007554 (0x01ef6133) or      sp, t5, t5
core   0: 3 0x80007554 (0x01ef6133) x 2 0x00000001
core   0: 0x80007558 (0xfde498e3) bne     s1, t5, pc - 48
core   0: 3 0x80007558 (0xfde498e3)
core   0: 0x80007528 (0x03f6f333) remu    t1, a3, t6
core   0: 3 0x80007528 (0x03f6f333) x 6 0x0000000c
core   0: 0x8000752c (0x02f71d33) mulh    s10, a4, a5
core   0: 3 0x8000752c (0x02f71d33) x26 0x00000000
core   0: 0x80007530 (0x00000489) c.addi  s1, 2
core   0: 3 0x80007530 (0x0489) x 9 0x00000001
core   0: 0x80007532 (0x031523b3) mulhsu  t2, a0, a7
core   0: 3 0x80007532 (0x031523b3) x 7 0x00000000
core   0: 0x80007536 (0x414b5593) srai    a1, s6, 20
core   0: 3 0x80007536 (0x414b5593) x11 0x00000000
core   0: 0x8000753a (0x00a00c93) li      s9, 10
core   0: 3 0x8000753a (0x00a00c93) x25 0x0000000a
core   0: 0x8000753e (0x00100793) li      a5, 1
core   0: 3 0x8000753e (0x00100793) x15 0x00000001
core   0: 0x80007542 (0x0ff0000f) fence   iorw,iorw
core   0: 3 0x80007542 (0x0ff0000f)
core   0: 0x80007546 (0x02cfc533) div     a0, t6, a2
core   0: 3 0x80007546 (0x02cfc533) x10 0xffffffff
core   0: 0x8000754a (0x033c86b3) mul     a3, s9, s3
core   0: 3 0x8000754a (0x033c86b3) x13 0x000000f0
core   0: 0x8000754e (0x00001cf5) c.addi  s9, -3
core   0: 3 0x8000754e (0x1cf5) x25 0x00000007
core   0: 0x80007550 (0xfefc9be3) bne     s9, a5, pc - 10
core   0: 3 0x80007550 (0xfefc9be3)
core   0: 0x80007546 (0x02cfc533) div     a0, t6, a2
core   0: 3 0x80007546 (0x02cfc533) x10 0xffffffff
core   0: 0x8000754a (0x033c86b3) mul     a3, s9, s3
core   0: 3 0x8000754a (0x033c86b3) x13 0x000000a8
core   0: 0x8000754e (0x00001cf5) c.addi  s9, -3
core   0: 3 0x8000754e (0x1cf5) x25 0x00000004
core   0: 0x80007550 (0xfefc9be3) bne     s9, a5, pc - 10
core   0: 3 0x80007550 (0xfefc9be3)
core   0: 0x80007546 (0x02cfc533) div     a0, t6, a2
core   0: 3 0x80007546 (0x02cfc533) x10 0xffffffff
core   0: 0x8000754a (0x033c86b3) mul     a3, s9, s3
core   0: 3 0x8000754a (0x033c86b3) x13 0x00000060
core   0: 0x8000754e (0x00001cf5) c.addi  s9, -3
core   0: 3 0x8000754e (0x1cf5) x25 0x00000001
core   0: 0x80007550 (0xfefc9be3) bne     s9, a5, pc - 10
core   0: 3 0x80007550 (0xfefc9be3)
core   0: 0x80007554 (0x01ef6133) or      sp, t5, t5
core   0: 3 0x80007554 (0x01ef6133) x 2 0x00000001
core   0: 0x80007558 (0xfde498e3) bne     s1, t5, pc - 48
core   0: 3 0x80007558 (0xfde498e3)
core   0: 0x8000755c (0x0ff0000f) fence   iorw,iorw
core   0: 3 0x8000755c (0x0ff0000f)
core   0: 0x80007560 (0x00300793) li      a5, 3
core   0: 3 0x80007560 (0x00300793) x15 0x00000003
core   0: 0x80007564 (0x012e9713) slli    a4, t4, 18
core   0: 3 0x80007564 (0x012e9713) x14 0x00000000
core   0: 0x80007568 (0x00008e81) c.sub   a3, s0
core   0: 3 0x80007568 (0x8e81) x13 0x00000060
core   0: 0x8000756a (0x41c1d6b3) sra     a3, gp, t3
core   0: 3 0x8000756a (0x41c1d6b3) x13 0x00034000
core   0: 0x8000756e (0x00008ee9) c.and   a3, a0
core   0: 3 0x8000756e (0x8ee9) x13 0x00034000
core   0: 0x80007570 (0x00008ce9) c.and   s1, a0
core   0: 3 0x80007570 (0x8ce9) x 9 0x00000001
core   0: 0x80007572 (0x0000614d) c.addi16sp sp, 176
core   0: 3 0x80007572 (0x614d) x 2 0x000000b1
core   0: 0x80007574 (0xff500613) li      a2, -11
core   0: 3 0x80007574 (0xff500613) x12 0xfffffff5
core   0: 0x80007578 (0x00dd76b3) and     a3, s10, a3
core   0: 3 0x80007578 (0x00dd76b3) x13 0x00000000
core   0: 0x8000757c (0x000013fd) c.addi  t2, -1
core   0: 3 0x8000757c (0x13fd) x 7 0xffffffff
core   0: 0x8000757e (0x03fdd8b3) divu    a7, s11, t6
core   0: 3 0x8000757e (0x03fdd8b3) x17 0x04925d13
core   0: 0x80007582 (0x000086a9) c.srai  a3, 10
core   0: 3 0x80007582 (0x86a9) x13 0x00000000
core   0: 0x80007584 (0xfd600537) lui     a0, 0xfd600
core   0: 3 0x80007584 (0xfd600537) x10 0xfd600000
core   0: 0x80007588 (0x019b5733) srl     a4, s6, s9
core   0: 3 0x80007588 (0x019b5733) x14 0x00000000
core   0: 0x8000758c (0x0ff0000f) fence   iorw,iorw
core   0: 3 0x8000758c (0x0ff0000f)
core   0: 0x80007590 (0x01ee7333) and     t1, t3, t5
core   0: 3 0x80007590 (0x01ee7333) x 6 0x00000000
core   0: 0x80007594 (0x0259fab3) remu    s5, s3, t0
core   0: 3 0x80007594 (0x0259fab3) x21 0x00000018
core   0: 0x80007598 (0x000017f9) c.addi  a5, -2
core   0: 3 0x80007598 (0x17f9) x15 0x00000001
core   0: 0x8000759a (0x0000833a) c.mv    t1, a4
core   0: 3 0x8000759a (0x833a) x 6 0x00000000
core   0: 0x8000759c (0x00008cf5) c.and   s1, a3
core   0: 3 0x8000759c (0x8cf5) x 9 0x00000000
core   0: 0x8000759e (0x0171a1b3) slt     gp, gp, s7
core   0: 3 0x8000759e (0x0171a1b3) x 3 0x00000000
core   0: 0x800075a2 (0x02679333) mulh    t1, a5, t1
core   0: 3 0x800075a2 (0x02679333) x 6 0x00000000
core   0: 0x800075a6 (0xfcc78ce3) beq     a5, a2, pc - 40
core   0: 3 0x800075a6 (0xfcc78ce3)
core   0: 0x800075aa (0x000ce333) or      t1, s9, zero
core   0: 3 0x800075aa (0x000ce333) x 6 0x00000001
core   0: 0x800075ae (0x00100393) li      t2, 1
core   0: 3 0x800075ae (0x00100393) x 7 0x00000001
core   0: 0x800075b2 (0x000082e1) c.srli  a3, 24
core   0: 3 0x800075b2 (0x82e1) x13 0x00000000
core   0: 0x800075b4 (0xea9ccd13) xori    s10, s9, -343
core   0: 3 0x800075b4 (0xea9ccd13) x26 0xfffffea8
core   0: 0x800075b8 (0x022d4133) div     sp, s10, sp
core   0: 3 0x800075b8 (0x022d4133) x 2 0xffffffff
core   0: 0x800075bc (0x00000b1e) c.slli  s6, 7
core   0: 3 0x800075bc (0x0b1e) x22 0x00000080
core   0: 0x800075be (0x007ddf93) srli    t6, s11, 7
core   0: 3 0x800075be (0x007ddf93) x31 0x0100045c
core   0: 0x800075c2 (0x40185733) sra     a4, a6, ra
core   0: 3 0x800075c2 (0x40185733) x14 0x00000000
core   0: 0x800075c6 (0x00000001) c.nop
core   0: 3 0x800075c6 (0x0001)
core   0: 0x800075c8 (0x01300e93) li      t4, 19
core   0: 3 0x800075c8 (0x01300e93) x29 0x00000013
core   0: 0x800075cc (0x406c0633) sub     a2, s8, t1
core   0: 3 0x800075cc (0x406c0633) x12 0xffffffff
core   0: 0x800075d0 (0x00000001) c.nop
core   0: 3 0x800075d0 (0x0001)
core   0: 0x800075d2 (0x000087b9) c.srai  a5, 14
core   0: 3 0x800075d2 (0x87b9) x15 0x00000000
core   0: 0x800075d4 (0xdeab2a97) auipc   s5, 0xdeab2
core   0: 3 0x800075d4 (0xdeab2a97) x21 0x5eab95d4
core   0: 0x800075d8 (0x02fff8b3) remu    a7, t6, a5
core   0: 3 0x800075d8 (0x02fff8b3) x17 0x0100045c
core   0: 0x800075dc (0x00000399) c.addi  t2, 6
core   0: 3 0x800075dc (0x0399) x 7 0x00000007
core   0: 0x800075de (0x00008a15) c.andi  a2, 5
core   0: 3 0x800075de (0x8a15) x12 0x00000005
core   0: 0x800075e0 (0x00400493) li      s1, 4
core   0: 3 0x800075e0 (0x00400493) x 9 0x00000004
core   0: 0x800075e4 (0x00008349) c.srli  a4, 18
core   0: 3 0x800075e4 (0x8349) x14 0x00000000
core   0: 0x800075e6 (0x00200593) li      a1, 2
core   0: 3 0x800075e6 (0x00200593) x11 0x00000002
core   0: 0x800075ea (0x0292ffb3) remu    t6, t0, s1
core   0: 3 0x800075ea (0x0292ffb3) x31 0x00000000
core   0: 0x800075ee (0x01599693) slli    a3, s3, 21
core   0: 3 0x800075ee (0x01599693) x13 0x03000000
core   0: 0x800075f2 (0x00008f19) c.sub   a4, a4
core   0: 3 0x800075f2 (0x8f19) x14 0x00000000
core   0: 0x800075f4 (0x00008615) c.srai  a2, 5
core   0: 3 0x800075f4 (0x8615) x12 0x00000000
core   0: 0x800075f6 (0x011bc9b3) xor     s3, s7, a7
core   0: 3 0x800075f6 (0x011bc9b3) x19 0x86f7e0ba
core   0: 0x800075fa (0x000014fd) c.addi  s1, -1
core   0: 3 0x800075fa (0x14fd) x 9 0x00000003
core   0: 0x800075fc (0xfeb4fbe3) bgeu    s1, a1, pc - 10
core   0: 3 0x800075fc (0xfeb4fbe3)
core   0: 0x800075f2 (0x00008f19) c.sub   a4, a4
core   0: 3 0x800075f2 (0x8f19) x14 0x00000000
core   0: 0x800075f4 (0x00008615) c.srai  a2, 5
core   0: 3 0x800075f4 (0x8615) x12 0x00000000
core   0: 0x800075f6 (0x011bc9b3) xor     s3, s7, a7
core   0: 3 0x800075f6 (0x011bc9b3) x19 0x86f7e0ba
core   0: 0x800075fa (0x000014fd) c.addi  s1, -1
core   0: 3 0x800075fa (0x14fd) x 9 0x00000002
core   0: 0x800075fc (0xfeb4fbe3) bgeu    s1, a1, pc - 10
core   0: 3 0x800075fc (0xfeb4fbe3)
core   0: 0x800075f2 (0x00008f19) c.sub   a4, a4
core   0: 3 0x800075f2 (0x8f19) x14 0x00000000
core   0: 0x800075f4 (0x00008615) c.srai  a2, 5
core   0: 3 0x800075f4 (0x8615) x12 0x00000000
core   0: 0x800075f6 (0x011bc9b3) xor     s3, s7, a7
core   0: 3 0x800075f6 (0x011bc9b3) x19 0x86f7e0ba
core   0: 0x800075fa (0x000014fd) c.addi  s1, -1
core   0: 3 0x800075fa (0x14fd) x 9 0x00000001
core   0: 0x800075fc (0xfeb4fbe3) bgeu    s1, a1, pc - 10
core   0: 3 0x800075fc (0xfeb4fbe3)
core   0: 0x80007600 (0x01531a93) slli    s5, t1, 21
core   0: 3 0x80007600 (0x01531a93) x21 0x00200000
core   0: 0x80007604 (0x15176e13) ori     t3, a4, 337
core   0: 3 0x80007604 (0x15176e13) x28 0x00000151
core   0: 0x80007608 (0xfdd3c6e3) blt     t2, t4, pc - 52
core   0: 3 0x80007608 (0xfdd3c6e3)
core   0: 0x800075d4 (0xdeab2a97) auipc   s5, 0xdeab2
core   0: 3 0x800075d4 (0xdeab2a97) x21 0x5eab95d4
core   0: 0x800075d8 (0x02fff8b3) remu    a7, t6, a5
core   0: 3 0x800075d8 (0x02fff8b3) x17 0x00000000
core   0: 0x800075dc (0x00000399) c.addi  t2, 6
core   0: 3 0x800075dc (0x0399) x 7 0x0000000d
core   0: 0x800075de (0x00008a15) c.andi  a2, 5
core   0: 3 0x800075de (0x8a15) x12 0x00000000
core   0: 0x800075e0 (0x00400493) li      s1, 4
core   0: 3 0x800075e0 (0x00400493) x 9 0x00000004
core   0: 0x800075e4 (0x00008349) c.srli  a4, 18
core   0: 3 0x800075e4 (0x8349) x14 0x00000000
core   0: 0x800075e6 (0x00200593) li      a1, 2
core   0: 3 0x800075e6 (0x00200593) x11 0x00000002
core   0: 0x800075ea (0x0292ffb3) remu    t6, t0, s1
core   0: 3 0x800075ea (0x0292ffb3) x31 0x00000000
core   0: 0x800075ee (0x01599693) slli    a3, s3, 21
core   0: 3 0x800075ee (0x01599693) x13 0x17400000
core   0: 0x800075f2 (0x00008f19) c.sub   a4, a4
core   0: 3 0x800075f2 (0x8f19) x14 0x00000000
core   0: 0x800075f4 (0x00008615) c.srai  a2, 5
core   0: 3 0x800075f4 (0x8615) x12 0x00000000
core   0: 0x800075f6 (0x011bc9b3) xor     s3, s7, a7
core   0: 3 0x800075f6 (0x011bc9b3) x19 0x87f7e4e6
core   0: 0x800075fa (0x000014fd) c.addi  s1, -1
core   0: 3 0x800075fa (0x14fd) x 9 0x00000003
core   0: 0x800075fc (0xfeb4fbe3) bgeu    s1, a1, pc - 10
core   0: 3 0x800075fc (0xfeb4fbe3)
core   0: 0x800075f2 (0x00008f19) c.sub   a4, a4
core   0: 3 0x800075f2 (0x8f19) x14 0x00000000
core   0: 0x800075f4 (0x00008615) c.srai  a2, 5
core   0: 3 0x800075f4 (0x8615) x12 0x00000000
core   0: 0x800075f6 (0x011bc9b3) xor     s3, s7, a7
core   0: 3 0x800075f6 (0x011bc9b3) x19 0x87f7e4e6
core   0: 0x800075fa (0x000014fd) c.addi  s1, -1
core   0: 3 0x800075fa (0x14fd) x 9 0x00000002
core   0: 0x800075fc (0xfeb4fbe3) bgeu    s1, a1, pc - 10
core   0: 3 0x800075fc (0xfeb4fbe3)
core   0: 0x800075f2 (0x00008f19) c.sub   a4, a4
core   0: 3 0x800075f2 (0x8f19) x14 0x00000000
core   0: 0x800075f4 (0x00008615) c.srai  a2, 5
core   0: 3 0x800075f4 (0x8615) x12 0x00000000
core   0: 0x800075f6 (0x011bc9b3) xor     s3, s7, a7
core   0: 3 0x800075f6 (0x011bc9b3) x19 0x87f7e4e6
core   0: 0x800075fa (0x000014fd) c.addi  s1, -1
core   0: 3 0x800075fa (0x14fd) x 9 0x00000001
core   0: 0x800075fc (0xfeb4fbe3) bgeu    s1, a1, pc - 10
core   0: 3 0x800075fc (0xfeb4fbe3)
core   0: 0x80007600 (0x01531a93) slli    s5, t1, 21
core   0: 3 0x80007600 (0x01531a93) x21 0x00200000
core   0: 0x80007604 (0x15176e13) ori     t3, a4, 337
core   0: 3 0x80007604 (0x15176e13) x28 0x00000151
core   0: 0x80007608 (0xfdd3c6e3) blt     t2, t4, pc - 52
core   0: 3 0x80007608 (0xfdd3c6e3)
core   0: 0x800075d4 (0xdeab2a97) auipc   s5, 0xdeab2
core   0: 3 0x800075d4 (0xdeab2a97) x21 0x5eab95d4
core   0: 0x800075d8 (0x02fff8b3) remu    a7, t6, a5
core   0: 3 0x800075d8 (0x02fff8b3) x17 0x00000000
core   0: 0x800075dc (0x00000399) c.addi  t2, 6
core   0: 3 0x800075dc (0x0399) x 7 0x00000013
core   0: 0x800075de (0x00008a15) c.andi  a2, 5
core   0: 3 0x800075de (0x8a15) x12 0x00000000
core   0: 0x800075e0 (0x00400493) li      s1, 4
core   0: 3 0x800075e0 (0x00400493) x 9 0x00000004
core   0: 0x800075e4 (0x00008349) c.srli  a4, 18
core   0: 3 0x800075e4 (0x8349) x14 0x00000000
core   0: 0x800075e6 (0x00200593) li      a1, 2
core   0: 3 0x800075e6 (0x00200593) x11 0x00000002
core   0: 0x800075ea (0x0292ffb3) remu    t6, t0, s1
core   0: 3 0x800075ea (0x0292ffb3) x31 0x00000000
core   0: 0x800075ee (0x01599693) slli    a3, s3, 21
core   0: 3 0x800075ee (0x01599693) x13 0x9cc00000
core   0: 0x800075f2 (0x00008f19) c.sub   a4, a4
core   0: 3 0x800075f2 (0x8f19) x14 0x00000000
core   0: 0x800075f4 (0x00008615) c.srai  a2, 5
core   0: 3 0x800075f4 (0x8615) x12 0x00000000
core   0: 0x800075f6 (0x011bc9b3) xor     s3, s7, a7
core   0: 3 0x800075f6 (0x011bc9b3) x19 0x87f7e4e6
core   0: 0x800075fa (0x000014fd) c.addi  s1, -1
core   0: 3 0x800075fa (0x14fd) x 9 0x00000003
core   0: 0x800075fc (0xfeb4fbe3) bgeu    s1, a1, pc - 10
core   0: 3 0x800075fc (0xfeb4fbe3)
core   0: 0x800075f2 (0x00008f19) c.sub   a4, a4
core   0: 3 0x800075f2 (0x8f19) x14 0x00000000
core   0: 0x800075f4 (0x00008615) c.srai  a2, 5
core   0: 3 0x800075f4 (0x8615) x12 0x00000000
core   0: 0x800075f6 (0x011bc9b3) xor     s3, s7, a7
core   0: 3 0x800075f6 (0x011bc9b3) x19 0x87f7e4e6
core   0: 0x800075fa (0x000014fd) c.addi  s1, -1
core   0: 3 0x800075fa (0x14fd) x 9 0x00000002
core   0: 0x800075fc (0xfeb4fbe3) bgeu    s1, a1, pc - 10
core   0: 3 0x800075fc (0xfeb4fbe3)
core   0: 0x800075f2 (0x00008f19) c.sub   a4, a4
core   0: 3 0x800075f2 (0x8f19) x14 0x00000000
core   0: 0x800075f4 (0x00008615) c.srai  a2, 5
core   0: 3 0x800075f4 (0x8615) x12 0x00000000
core   0: 0x800075f6 (0x011bc9b3) xor     s3, s7, a7
core   0: 3 0x800075f6 (0x011bc9b3) x19 0x87f7e4e6
core   0: 0x800075fa (0x000014fd) c.addi  s1, -1
core   0: 3 0x800075fa (0x14fd) x 9 0x00000001
core   0: 0x800075fc (0xfeb4fbe3) bgeu    s1, a1, pc - 10
core   0: 3 0x800075fc (0xfeb4fbe3)
core   0: 0x80007600 (0x01531a93) slli    s5, t1, 21
core   0: 3 0x80007600 (0x01531a93) x21 0x00200000
core   0: 0x80007604 (0x15176e13) ori     t3, a4, 337
core   0: 3 0x80007604 (0x15176e13) x28 0x00000151
core   0: 0x80007608 (0xfdd3c6e3) blt     t2, t4, pc - 52
core   0: 3 0x80007608 (0xfdd3c6e3)
core   0: 0x8000760c (0x209ec293) xori    t0, t4, 521
core   0: 3 0x8000760c (0x209ec293) x 5 0x0000021a
core   0: 0x80007610 (0xff900993) li      s3, -7
core   0: 3 0x80007610 (0xff900993) x19 0xfffffff9
core   0: 0x80007614 (0x03999d33) mulh    s10, s3, s9
core   0: 3 0x80007614 (0x03999d33) x26 0xffffffff
core   0: 0x80007618 (0x01ea3fb3) sltu    t6, s4, t5
core   0: 3 0x80007618 (0x01ea3fb3) x31 0x00000000
core   0: 0x8000761c (0xff700b13) li      s6, -9
core   0: 3 0x8000761c (0xff700b13) x22 0xfffffff7
core   0: 0x80007620 (0x00009bae) c.add   s7, a1
core   0: 3 0x80007620 (0x9bae) x23 0x87f7e4e8
core   0: 0x80007622 (0x01d84bb3) xor     s7, a6, t4
core   0: 3 0x80007622 (0x01d84bb3) x23 0x00000012
core   0: 0x80007626 (0x00008f91) c.sub   a5, a2
core   0: 3 0x80007626 (0x8f91) x15 0x00000000
core   0: 0x80007628 (0x000095c2) c.add   a1, a6
core   0: 3 0x80007628 (0x95c2) x11 0x00000003
core   0: 0x8000762a (0x40c7d813) srai    a6, a5, 12
core   0: 3 0x8000762a (0x40c7d813) x16 0x00000000
core   0: 0x8000762e (0x0128b8b3) sltu    a7, a7, s2
core   0: 3 0x8000762e (0x0128b8b3) x17 0x00000001
core   0: 0x80007632 (0x000019f9) c.addi  s3, -2
core   0: 3 0x80007632 (0x19f9) x19 0xfffffff7
core   0: 0x80007634 (0x00009afd) c.andi  a3, -1
core   0: 3 0x80007634 (0x9afd) x13 0x9cc00000
core   0: 0x80007636 (0x00600713) li      a4, 6
core   0: 3 0x80007636 (0x00600713) x14 0x00000006
core   0: 0x8000763a (0x42636893) ori     a7, t1, 1062
core   0: 3 0x8000763a (0x42636893) x17 0x00000427
core   0: 0x8000763e (0x4114d533) sra     a0, s1, a7
core   0: 3 0x8000763e (0x4114d533) x10 0x00000000
core   0: 0x80007642 (0x0000855d) c.srai  a0, 23
core   0: 3 0x80007642 (0x855d) x10 0x00000000
core   0: 0x80007644 (0x0000068e) c.slli  a3, 3
core   0: 3 0x80007644 (0x068e) x13 0xe6000000
core   0: 0x80007646 (0x00008e75) c.and   a2, a3
core   0: 3 0x80007646 (0x8e75) x12 0x00000000
core   0: 0x80007648 (0xff600f13) li      t5, -10
core   0: 3 0x80007648 (0xff600f13) x30 0xfffffff6
core   0: 0x8000764c (0x00004895) c.li    a7, 5
core   0: 3 0x8000764c (0x4895) x17 0x00000005
core   0: 0x8000764e (0x03309bb3) mulh    s7, ra, s3
core   0: 3 0x8000764e (0x03309bb3) x23 0xffffffff
core   0: 0x80007652 (0x0000951e) c.add   a0, t2
core   0: 3 0x80007652 (0x951e) x10 0x00000013
core   0: 0x80007654 (0x00001771) c.addi  a4, -4
core   0: 3 0x80007654 (0x1771) x14 0x00000002
core   0: 0x80007656 (0x6c19be93) sltiu   t4, s3, 1729
core   0: 3 0x80007656 (0x6c19be93) x29 0x00000000
core   0: 0x8000765a (0x41715d33) sra     s10, sp, s7
core   0: 3 0x8000765a (0x41715d33) x26 0xffffffff
core   0: 0x8000765e (0xffe717e3) bne     a4, t5, pc - 18
core   0: 3 0x8000765e (0xffe717e3)
core   0: 0x8000764c (0x00004895) c.li    a7, 5
core   0: 3 0x8000764c (0x4895) x17 0x00000005
core   0: 0x8000764e (0x03309bb3) mulh    s7, ra, s3
core   0: 3 0x8000764e (0x03309bb3) x23 0xffffffff
core   0: 0x80007652 (0x0000951e) c.add   a0, t2
core   0: 3 0x80007652 (0x951e) x10 0x00000026
core   0: 0x80007654 (0x00001771) c.addi  a4, -4
core   0: 3 0x80007654 (0x1771) x14 0xfffffffe
core   0: 0x80007656 (0x6c19be93) sltiu   t4, s3, 1729
core   0: 3 0x80007656 (0x6c19be93) x29 0x00000000
core   0: 0x8000765a (0x41715d33) sra     s10, sp, s7
core   0: 3 0x8000765a (0x41715d33) x26 0xffffffff
core   0: 0x8000765e (0xffe717e3) bne     a4, t5, pc - 18
core   0: 3 0x8000765e (0xffe717e3)
core   0: 0x8000764c (0x00004895) c.li    a7, 5
core   0: 3 0x8000764c (0x4895) x17 0x00000005
core   0: 0x8000764e (0x03309bb3) mulh    s7, ra, s3
core   0: 3 0x8000764e (0x03309bb3) x23 0xffffffff
core   0: 0x80007652 (0x0000951e) c.add   a0, t2
core   0: 3 0x80007652 (0x951e) x10 0x00000039
core   0: 0x80007654 (0x00001771) c.addi  a4, -4
core   0: 3 0x80007654 (0x1771) x14 0xfffffffa
core   0: 0x80007656 (0x6c19be93) sltiu   t4, s3, 1729
core   0: 3 0x80007656 (0x6c19be93) x29 0x00000000
core   0: 0x8000765a (0x41715d33) sra     s10, sp, s7
core   0: 3 0x8000765a (0x41715d33) x26 0xffffffff
core   0: 0x8000765e (0xffe717e3) bne     a4, t5, pc - 18
core   0: 3 0x8000765e (0xffe717e3)
core   0: 0x8000764c (0x00004895) c.li    a7, 5
core   0: 3 0x8000764c (0x4895) x17 0x00000005
core   0: 0x8000764e (0x03309bb3) mulh    s7, ra, s3
core   0: 3 0x8000764e (0x03309bb3) x23 0xffffffff
core   0: 0x80007652 (0x0000951e) c.add   a0, t2
core   0: 3 0x80007652 (0x951e) x10 0x0000004c
core   0: 0x80007654 (0x00001771) c.addi  a4, -4
core   0: 3 0x80007654 (0x1771) x14 0xfffffff6
core   0: 0x80007656 (0x6c19be93) sltiu   t4, s3, 1729
core   0: 3 0x80007656 (0x6c19be93) x29 0x00000000
core   0: 0x8000765a (0x41715d33) sra     s10, sp, s7
core   0: 3 0x8000765a (0x41715d33) x26 0xffffffff
core   0: 0x8000765e (0xffe717e3) bne     a4, t5, pc - 18
core   0: 3 0x8000765e (0xffe717e3)
core   0: 0x80007662 (0x00000f84) c.addi4spn s1, sp, 976
core   0: 3 0x80007662 (0x0f84) x 9 0x000003cf
core   0: 0x80007664 (0x000083b5) c.srli  a5, 13
core   0: 3 0x80007664 (0x83b5) x15 0x00000000
core   0: 0x80007666 (0xfb699de3) bne     s3, s6, pc - 70
core   0: 3 0x80007666 (0xfb699de3)
core   0: 0x8000766a (0x008ac633) xor     a2, s5, s0
core   0: 3 0x8000766a (0x008ac633) x12 0x00200000
core   0: 0x8000766e (0x00900393) li      t2, 9
core   0: 3 0x8000766e (0x00900393) x 7 0x00000009
core   0: 0x80007672 (0xff800b93) li      s7, -8
core   0: 3 0x80007672 (0xff800b93) x23 0xfffffff8
core   0: 0x80007676 (0x0000187d) c.addi  a6, -1
core   0: 3 0x80007676 (0x187d) x16 0xffffffff
core   0: 0x80007678 (0x00008f79) c.and   a4, a4
core   0: 3 0x80007678 (0x8f79) x14 0xfffffff6
core   0: 0x8000767a (0x0000100f) fence.i
core   0: 3 0x8000767a (0x0000100f)
core   0: 0x8000767e (0x000013fd) c.addi  t2, -1
core   0: 3 0x8000767e (0x13fd) x 7 0x00000008
core   0: 0x80007680 (0xff73dce3) bge     t2, s7, pc - 8
core   0: 3 0x80007680 (0xff73dce3)
core   0: 0x80007678 (0x00008f79) c.and   a4, a4
core   0: 3 0x80007678 (0x8f79) x14 0xfffffff6
core   0: 0x8000767a (0x0000100f) fence.i
core   0: 3 0x8000767a (0x0000100f)
core   0: 0x8000767e (0x000013fd) c.addi  t2, -1
core   0: 3 0x8000767e (0x13fd) x 7 0x00000007
core   0: 0x80007680 (0xff73dce3) bge     t2, s7, pc - 8
core   0: 3 0x80007680 (0xff73dce3)
core   0: 0x80007678 (0x00008f79) c.and   a4, a4
core   0: 3 0x80007678 (0x8f79) x14 0xfffffff6
core   0: 0x8000767a (0x0000100f) fence.i
core   0: 3 0x8000767a (0x0000100f)
core   0: 0x8000767e (0x000013fd) c.addi  t2, -1
core   0: 3 0x8000767e (0x13fd) x 7 0x00000006
core   0: 0x80007680 (0xff73dce3) bge     t2, s7, pc - 8
core   0: 3 0x80007680 (0xff73dce3)
core   0: 0x80007678 (0x00008f79) c.and   a4, a4
core   0: 3 0x80007678 (0x8f79) x14 0xfffffff6
core   0: 0x8000767a (0x0000100f) fence.i
core   0: 3 0x8000767a (0x0000100f)
core   0: 0x8000767e (0x000013fd) c.addi  t2, -1
core   0: 3 0x8000767e (0x13fd) x 7 0x00000005
core   0: 0x80007680 (0xff73dce3) bge     t2, s7, pc - 8
core   0: 3 0x80007680 (0xff73dce3)
core   0: 0x80007678 (0x00008f79) c.and   a4, a4
core   0: 3 0x80007678 (0x8f79) x14 0xfffffff6
core   0: 0x8000767a (0x0000100f) fence.i
core   0: 3 0x8000767a (0x0000100f)
core   0: 0x8000767e (0x000013fd) c.addi  t2, -1
core   0: 3 0x8000767e (0x13fd) x 7 0x00000004
core   0: 0x80007680 (0xff73dce3) bge     t2, s7, pc - 8
core   0: 3 0x80007680 (0xff73dce3)
core   0: 0x80007678 (0x00008f79) c.and   a4, a4
core   0: 3 0x80007678 (0x8f79) x14 0xfffffff6
core   0: 0x8000767a (0x0000100f) fence.i
core   0: 3 0x8000767a (0x0000100f)
core   0: 0x8000767e (0x000013fd) c.addi  t2, -1
core   0: 3 0x8000767e (0x13fd) x 7 0x00000003
core   0: 0x80007680 (0xff73dce3) bge     t2, s7, pc - 8
core   0: 3 0x80007680 (0xff73dce3)
core   0: 0x80007678 (0x00008f79) c.and   a4, a4
core   0: 3 0x80007678 (0x8f79) x14 0xfffffff6
core   0: 0x8000767a (0x0000100f) fence.i
core   0: 3 0x8000767a (0x0000100f)
core   0: 0x8000767e (0x000013fd) c.addi  t2, -1
core   0: 3 0x8000767e (0x13fd) x 7 0x00000002
core   0: 0x80007680 (0xff73dce3) bge     t2, s7, pc - 8
core   0: 3 0x80007680 (0xff73dce3)
core   0: 0x80007678 (0x00008f79) c.and   a4, a4
core   0: 3 0x80007678 (0x8f79) x14 0xfffffff6
core   0: 0x8000767a (0x0000100f) fence.i
core   0: 3 0x8000767a (0x0000100f)
core   0: 0x8000767e (0x000013fd) c.addi  t2, -1
core   0: 3 0x8000767e (0x13fd) x 7 0x00000001
core   0: 0x80007680 (0xff73dce3) bge     t2, s7, pc - 8
core   0: 3 0x80007680 (0xff73dce3)
core   0: 0x80007678 (0x00008f79) c.and   a4, a4
core   0: 3 0x80007678 (0x8f79) x14 0xfffffff6
core   0: 0x8000767a (0x0000100f) fence.i
core   0: 3 0x8000767a (0x0000100f)
core   0: 0x8000767e (0x000013fd) c.addi  t2, -1
core   0: 3 0x8000767e (0x13fd) x 7 0x00000000
core   0: 0x80007680 (0xff73dce3) bge     t2, s7, pc - 8
core   0: 3 0x80007680 (0xff73dce3)
core   0: 0x80007678 (0x00008f79) c.and   a4, a4
core   0: 3 0x80007678 (0x8f79) x14 0xfffffff6
core   0: 0x8000767a (0x0000100f) fence.i
core   0: 3 0x8000767a (0x0000100f)
core   0: 0x8000767e (0x000013fd) c.addi  t2, -1
core   0: 3 0x8000767e (0x13fd) x 7 0xffffffff
core   0: 0x80007680 (0xff73dce3) bge     t2, s7, pc - 8
core   0: 3 0x80007680 (0xff73dce3)
core   0: 0x80007678 (0x00008f79) c.and   a4, a4
core   0: 3 0x80007678 (0x8f79) x14 0xfffffff6
core   0: 0x8000767a (0x0000100f) fence.i
core   0: 3 0x8000767a (0x0000100f)
core   0: 0x8000767e (0x000013fd) c.addi  t2, -1
core   0: 3 0x8000767e (0x13fd) x 7 0xfffffffe
core   0: 0x80007680 (0xff73dce3) bge     t2, s7, pc - 8
core   0: 3 0x80007680 (0xff73dce3)
core   0: 0x80007678 (0x00008f79) c.and   a4, a4
core   0: 3 0x80007678 (0x8f79) x14 0xfffffff6
core   0: 0x8000767a (0x0000100f) fence.i
core   0: 3 0x8000767a (0x0000100f)
core   0: 0x8000767e (0x000013fd) c.addi  t2, -1
core   0: 3 0x8000767e (0x13fd) x 7 0xfffffffd
core   0: 0x80007680 (0xff73dce3) bge     t2, s7, pc - 8
core   0: 3 0x80007680 (0xff73dce3)
core   0: 0x80007678 (0x00008f79) c.and   a4, a4
core   0: 3 0x80007678 (0x8f79) x14 0xfffffff6
core   0: 0x8000767a (0x0000100f) fence.i
core   0: 3 0x8000767a (0x0000100f)
core   0: 0x8000767e (0x000013fd) c.addi  t2, -1
core   0: 3 0x8000767e (0x13fd) x 7 0xfffffffc
core   0: 0x80007680 (0xff73dce3) bge     t2, s7, pc - 8
core   0: 3 0x80007680 (0xff73dce3)
core   0: 0x80007678 (0x00008f79) c.and   a4, a4
core   0: 3 0x80007678 (0x8f79) x14 0xfffffff6
core   0: 0x8000767a (0x0000100f) fence.i
core   0: 3 0x8000767a (0x0000100f)
core   0: 0x8000767e (0x000013fd) c.addi  t2, -1
core   0: 3 0x8000767e (0x13fd) x 7 0xfffffffb
core   0: 0x80007680 (0xff73dce3) bge     t2, s7, pc - 8
core   0: 3 0x80007680 (0xff73dce3)
core   0: 0x80007678 (0x00008f79) c.and   a4, a4
core   0: 3 0x80007678 (0x8f79) x14 0xfffffff6
core   0: 0x8000767a (0x0000100f) fence.i
core   0: 3 0x8000767a (0x0000100f)
core   0: 0x8000767e (0x000013fd) c.addi  t2, -1
core   0: 3 0x8000767e (0x13fd) x 7 0xfffffffa
core   0: 0x80007680 (0xff73dce3) bge     t2, s7, pc - 8
core   0: 3 0x80007680 (0xff73dce3)
core   0: 0x80007678 (0x00008f79) c.and   a4, a4
core   0: 3 0x80007678 (0x8f79) x14 0xfffffff6
core   0: 0x8000767a (0x0000100f) fence.i
core   0: 3 0x8000767a (0x0000100f)
core   0: 0x8000767e (0x000013fd) c.addi  t2, -1
core   0: 3 0x8000767e (0x13fd) x 7 0xfffffff9
core   0: 0x80007680 (0xff73dce3) bge     t2, s7, pc - 8
core   0: 3 0x80007680 (0xff73dce3)
core   0: 0x80007678 (0x00008f79) c.and   a4, a4
core   0: 3 0x80007678 (0x8f79) x14 0xfffffff6
core   0: 0x8000767a (0x0000100f) fence.i
core   0: 3 0x8000767a (0x0000100f)
core   0: 0x8000767e (0x000013fd) c.addi  t2, -1
core   0: 3 0x8000767e (0x13fd) x 7 0xfffffff8
core   0: 0x80007680 (0xff73dce3) bge     t2, s7, pc - 8
core   0: 3 0x80007680 (0xff73dce3)
core   0: 0x80007678 (0x00008f79) c.and   a4, a4
core   0: 3 0x80007678 (0x8f79) x14 0xfffffff6
core   0: 0x8000767a (0x0000100f) fence.i
core   0: 3 0x8000767a (0x0000100f)
core   0: 0x8000767e (0x000013fd) c.addi  t2, -1
core   0: 3 0x8000767e (0x13fd) x 7 0xfffffff7
core   0: 0x80007680 (0xff73dce3) bge     t2, s7, pc - 8
core   0: 3 0x80007680 (0xff73dce3)
core   0: 0x80007684 (0x00d3a7b3) slt     a5, t2, a3
core   0: 3 0x80007684 (0x00d3a7b3) x15 0x00000000
core   0: 0x80007688 (0x00700a13) li      s4, 7
core   0: 3 0x80007688 (0x00700a13) x20 0x00000007
core   0: 0x8000768c (0x00790633) add     a2, s2, t2
core   0: 3 0x8000768c (0x00790633) x12 0x80026cdb
core   0: 0x80007690 (0x0018f333) and     t1, a7, ra
core   0: 3 0x80007690 (0x0018f333) x 6 0x00000000
core   0: 0x80007694 (0x000018fd) c.addi  a7, -1
core   0: 3 0x80007694 (0x18fd) x17 0x00000004
core   0: 0x80007696 (0x00008e8d) c.sub   a3, a1
core   0: 3 0x80007696 (0x8e8d) x13 0xe5fffffd
core   0: 0x80007698 (0x0136afb3) slt     t6, a3, s3
core   0: 3 0x80007698 (0x0136afb3) x31 0x00000001
core   0: 0x8000769c (0x7191e713) ori     a4, gp, 1817
core   0: 3 0x8000769c (0x7191e713) x14 0x00000719
core   0: 0x800076a0 (0x3f7c6593) ori     a1, s8, 1015
core   0: 3 0x800076a0 (0x3f7c6593) x11 0x000003f7
core   0: 0x800076a4 (0xff900e13) li      t3, -7
core   0: 3 0x800076a4 (0xff900e13) x28 0xfffffff9
core   0: 0x800076a8 (0x4936ed13) ori     s10, a3, 1171
core   0: 3 0x800076a8 (0x4936ed13) x26 0xe5ffffff
core   0: 0x800076ac (0x004e1fb3) sll     t6, t3, tp
core   0: 3 0x800076ac (0x004e1fb3) x31 0x40000000
core   0: 0x800076b0 (0x0000717d) c.addi16sp sp, -16
core   0: 3 0x800076b0 (0x717d) x 2 0xffffffef
core   0: 0x800076b2 (0x01d53133) sltu    sp, a0, t4
core   0: 3 0x800076b2 (0x01d53133) x 2 0x00000000
core   0: 0x800076b6 (0x411ad7b3) sra     a5, s5, a7
core   0: 3 0x800076b6 (0x411ad7b3) x15 0x00020000
core   0: 0x800076ba (0x02fe7133) remu    sp, t3, a5
core   0: 3 0x800076ba (0x02fe7133) x 2 0x0001fff9
core   0: 0x800076be (0x01649bb3) sll     s7, s1, s6
core   0: 3 0x800076be (0x01649bb3) x23 0xe7800000
core   0: 0x800076c2 (0x4109d513) srai    a0, s3, 16
core   0: 3 0x800076c2 (0x4109d513) x10 0xffffffff
core   0: 0x800076c6 (0x0162afb3) slt     t6, t0, s6
core   0: 3 0x800076c6 (0x0162afb3) x31 0x00000000
core   0: 0x800076ca (0x01b6f7b3) and     a5, a3, s11
core   0: 3 0x800076ca (0x01b6f7b3) x15 0x80022e24
core   0: 0x800076ce (0x00009516) c.add   a0, t0
core   0: 3 0x800076ce (0x9516) x10 0x00000219
core   0: 0x800076d0 (0x000014fd) c.addi  s1, -1
core   0: 3 0x800076d0 (0x14fd) x 9 0x000003ce
core   0: 0x800076d2 (0xea077093) andi    ra, a4, -352
core   0: 3 0x800076d2 (0xea077093) x 1 0x00000600
core   0: 0x800076d6 (0x00d36fb3) or      t6, t1, a3
core   0: 3 0x800076d6 (0x00d36fb3) x31 0xe5fffffd
core   0: 0x800076da (0x01e552b3) srl     t0, a0, t5
core   0: 3 0x800076da (0x01e552b3) x 5 0x00000000
core   0: 0x800076de (0x00001a65) c.addi  s4, -7
core   0: 3 0x800076de (0x1a65) x20 0x00000000
core   0: 0x800076e0 (0x758da137) lui     sp, 0x758da
core   0: 3 0x800076e0 (0x758da137) x 2 0x758da000
core   0: 0x800076e4 (0x983d3313) sltiu   t1, s10, -1661
core   0: 3 0x800076e4 (0x983d3313) x 6 0x00000001
core   0: 0x800076e8 (0x01b88633) add     a2, a7, s11
core   0: 3 0x800076e8 (0x01b88633) x12 0x80022e28
core   0: 0x800076ec (0xfdca0fe3) beq     s4, t3, pc - 34
core   0: 3 0x800076ec (0xfdca0fe3)
core   0: 0x800076f0 (0x02a287b3) mul     a5, t0, a0
core   0: 3 0x800076f0 (0x02a287b3) x15 0x00000000
core   0: 0x800076f4 (0xff600f93) li      t6, -10
core   0: 3 0x800076f4 (0xff600f93) x31 0xfffffff6
core   0: 0x800076f8 (0x50138513) addi    a0, t2, 1281
core   0: 3 0x800076f8 (0x50138513) x10 0x000004f8
core   0: 0x800076fc (0x00000a7a) c.slli  s4, 30
core   0: 3 0x800076fc (0x0a7a) x20 0x00000000
core   0: 0x800076fe (0x00dc46b3) xor     a3, s8, a3
core   0: 3 0x800076fe (0x00dc46b3) x13 0xe5fffffd
core   0: 0x80007702 (0x00a00113) li      sp, 10
core   0: 3 0x80007702 (0x00a00113) x 2 0x0000000a
core   0: 0x80007706 (0x02c63ab3) mulhu   s5, a2, a2
core   0: 3 0x80007706 (0x02c63ab3) x21 0x40022e2c
core   0: 0x8000770a (0x00000001) c.nop
core   0: 3 0x8000770a (0x0001)
core   0: 0x8000770c (0x00008dad) c.xor   a1, a1
core   0: 3 0x8000770c (0x8dad) x11 0x00000000
core   0: 0x8000770e (0x0b96f993) andi    s3, a3, 185
core   0: 3 0x8000770e (0x0b96f993) x19 0x000000b9
core   0: 0x80007712 (0x00000fa9) c.addi  t6, 10
core   0: 3 0x80007712 (0x0fa9) x31 0x00000000
core   0: 0x80007714 (0x008c7633) and     a2, s8, s0
core   0: 3 0x80007714 (0x008c7633) x12 0x00000000
core   0: 0x80007718 (0x03043233) mulhu   tp, s0, a6
core   0: 3 0x80007718 (0x03043233) x 4 0x00000000
core   0: 0x8000771c (0xfe2fc9e3) blt     t6, sp, pc - 14
core   0: 3 0x8000771c (0xfe2fc9e3)
core   0: 0x8000770e (0x0b96f993) andi    s3, a3, 185
core   0: 3 0x8000770e (0x0b96f993) x19 0x000000b9
core   0: 0x80007712 (0x00000fa9) c.addi  t6, 10
core   0: 3 0x80007712 (0x0fa9) x31 0x0000000a
core   0: 0x80007714 (0x008c7633) and     a2, s8, s0
core   0: 3 0x80007714 (0x008c7633) x12 0x00000000
core   0: 0x80007718 (0x03043233) mulhu   tp, s0, a6
core   0: 3 0x80007718 (0x03043233) x 4 0x00000000
core   0: 0x8000771c (0xfe2fc9e3) blt     t6, sp, pc - 14
core   0: 3 0x8000771c (0xfe2fc9e3)
core   0: 0x80007720 (0x00ba3d33) sltu    s10, s4, a1
core   0: 3 0x80007720 (0x00ba3d33) x26 0x00000000
core   0: 0x80007724 (0x00500513) li      a0, 5
core   0: 3 0x80007724 (0x00500513) x10 0x00000005
core   0: 0x80007728 (0x00006c89) c.lui   s9, 0x2
core   0: 3 0x80007728 (0x6c89) x25 0x00002000
core   0: 0x8000772a (0x00000001) c.nop
core   0: 3 0x8000772a (0x0001)
core   0: 0x8000772c (0x4dca3a13) sltiu   s4, s4, 1244
core   0: 3 0x8000772c (0x4dca3a13) x20 0x00000001
core   0: 0x80007730 (0x495ccc13) xori    s8, s9, 1173
core   0: 3 0x80007730 (0x495ccc13) x24 0x00002495
core   0: 0x80007734 (0x013bbab3) sltu    s5, s7, s3
core   0: 3 0x80007734 (0x013bbab3) x21 0x00000000
core   0: 0x80007738 (0x036c1333) mulh    t1, s8, s6
core   0: 3 0x80007738 (0x036c1333) x 6 0xffffffff
core   0: 0x8000773c (0x0000157d) c.addi  a0, -1
core   0: 3 0x8000773c (0x157d) x10 0x00000004
core   0: 0x8000773e (0xf14a34b7) lui     s1, 0xf14a3
core   0: 3 0x8000773e (0xf14a34b7) x 9 0xf14a3000
core   0: 0x80007742 (0x6e88a593) slti    a1, a7, 1768
core   0: 3 0x80007742 (0x6e88a593) x11 0x00000001
core   0: 0x80007746 (0x000085dd) c.srai  a1, 23
core   0: 3 0x80007746 (0x85dd) x11 0x00000000
core   0: 0x80007748 (0x00a00b93) li      s7, 10
core   0: 3 0x80007748 (0x00a00b93) x23 0x0000000a
core   0: 0x8000774c (0x01f99133) sll     sp, s3, t6
core   0: 3 0x8000774c (0x01f99133) x 2 0x0002e400
core   0: 0x80007750 (0x00700193) li      gp, 7
core   0: 3 0x80007750 (0x00700193) x 3 0x00000007
core   0: 0x80007754 (0x1430ec93) ori     s9, ra, 323
core   0: 3 0x80007754 (0x1430ec93) x25 0x00000743
core   0: 0x80007758 (0x00001918) c.addi4spn a4, sp, 176
core   0: 3 0x80007758 (0x1918) x14 0x0002e4b0
core   0: 0x8000775a (0x00006861) c.lui   a6, 0x18
core   0: 3 0x8000775a (0x6861) x16 0x00018000
core   0: 0x8000775c (0xfbc6a093) slti    ra, a3, -68
core   0: 3 0x8000775c (0xfbc6a093) x 1 0x00000001
core   0: 0x80007760 (0x00008fa9) c.xor   a5, a0
core   0: 3 0x80007760 (0x8fa9) x15 0x00000004
core   0: 0x80007762 (0x00008e09) c.sub   a2, a0
core   0: 3 0x80007762 (0x8e09) x12 0xfffffffc
core   0: 0x80007764 (0x93047813) andi    a6, s0, -1744
core   0: 3 0x80007764 (0x93047813) x16 0x00000000
core   0: 0x80007768 (0x00000001) c.nop
core   0: 3 0x80007768 (0x0001)
core   0: 0x8000776a (0x0ff0000f) fence   iorw,iorw
core   0: 3 0x8000776a (0x0ff0000f)
core   0: 0x8000776e (0x00001be9) c.addi  s7, -6
core   0: 3 0x8000776e (0x1be9) x23 0x00000004
core   0: 0x80007770 (0xfe3bfae3) bgeu    s7, gp, pc - 12
core   0: 3 0x80007770 (0xfe3bfae3)
core   0: 0x80007774 (0x0000f161) c.bnez  a0, pc - 64
core   0: 3 0x80007774 (0xf161)
core   0: 0x80007734 (0x013bbab3) sltu    s5, s7, s3
core   0: 3 0x80007734 (0x013bbab3) x21 0x00000001
core   0: 0x80007738 (0x036c1333) mulh    t1, s8, s6
core   0: 3 0x80007738 (0x036c1333) x 6 0xffffffff
core   0: 0x8000773c (0x0000157d) c.addi  a0, -1
core   0: 3 0x8000773c (0x157d) x10 0x00000003
core   0: 0x8000773e (0xf14a34b7) lui     s1, 0xf14a3
core   0: 3 0x8000773e (0xf14a34b7) x 9 0xf14a3000
core   0: 0x80007742 (0x6e88a593) slti    a1, a7, 1768
core   0: 3 0x80007742 (0x6e88a593) x11 0x00000001
core   0: 0x80007746 (0x000085dd) c.srai  a1, 23
core   0: 3 0x80007746 (0x85dd) x11 0x00000000
core   0: 0x80007748 (0x00a00b93) li      s7, 10
core   0: 3 0x80007748 (0x00a00b93) x23 0x0000000a
core   0: 0x8000774c (0x01f99133) sll     sp, s3, t6
core   0: 3 0x8000774c (0x01f99133) x 2 0x0002e400
core   0: 0x80007750 (0x00700193) li      gp, 7
core   0: 3 0x80007750 (0x00700193) x 3 0x00000007
core   0: 0x80007754 (0x1430ec93) ori     s9, ra, 323
core   0: 3 0x80007754 (0x1430ec93) x25 0x00000143
core   0: 0x80007758 (0x00001918) c.addi4spn a4, sp, 176
core   0: 3 0x80007758 (0x1918) x14 0x0002e4b0
core   0: 0x8000775a (0x00006861) c.lui   a6, 0x18
core   0: 3 0x8000775a (0x6861) x16 0x00018000
core   0: 0x8000775c (0xfbc6a093) slti    ra, a3, -68
core   0: 3 0x8000775c (0xfbc6a093) x 1 0x00000001
core   0: 0x80007760 (0x00008fa9) c.xor   a5, a0
core   0: 3 0x80007760 (0x8fa9) x15 0x00000007
core   0: 0x80007762 (0x00008e09) c.sub   a2, a0
core   0: 3 0x80007762 (0x8e09) x12 0xfffffff9
core   0: 0x80007764 (0x93047813) andi    a6, s0, -1744
core   0: 3 0x80007764 (0x93047813) x16 0x00000000
core   0: 0x80007768 (0x00000001) c.nop
core   0: 3 0x80007768 (0x0001)
core   0: 0x8000776a (0x0ff0000f) fence   iorw,iorw
core   0: 3 0x8000776a (0x0ff0000f)
core   0: 0x8000776e (0x00001be9) c.addi  s7, -6
core   0: 3 0x8000776e (0x1be9) x23 0x00000004
core   0: 0x80007770 (0xfe3bfae3) bgeu    s7, gp, pc - 12
core   0: 3 0x80007770 (0xfe3bfae3)
core   0: 0x80007774 (0x0000f161) c.bnez  a0, pc - 64
core   0: 3 0x80007774 (0xf161)
core   0: 0x80007734 (0x013bbab3) sltu    s5, s7, s3
core   0: 3 0x80007734 (0x013bbab3) x21 0x00000001
core   0: 0x80007738 (0x036c1333) mulh    t1, s8, s6
core   0: 3 0x80007738 (0x036c1333) x 6 0xffffffff
core   0: 0x8000773c (0x0000157d) c.addi  a0, -1
core   0: 3 0x8000773c (0x157d) x10 0x00000002
core   0: 0x8000773e (0xf14a34b7) lui     s1, 0xf14a3
core   0: 3 0x8000773e (0xf14a34b7) x 9 0xf14a3000
core   0: 0x80007742 (0x6e88a593) slti    a1, a7, 1768
core   0: 3 0x80007742 (0x6e88a593) x11 0x00000001
core   0: 0x80007746 (0x000085dd) c.srai  a1, 23
core   0: 3 0x80007746 (0x85dd) x11 0x00000000
core   0: 0x80007748 (0x00a00b93) li      s7, 10
core   0: 3 0x80007748 (0x00a00b93) x23 0x0000000a
core   0: 0x8000774c (0x01f99133) sll     sp, s3, t6
core   0: 3 0x8000774c (0x01f99133) x 2 0x0002e400
core   0: 0x80007750 (0x00700193) li      gp, 7
core   0: 3 0x80007750 (0x00700193) x 3 0x00000007
core   0: 0x80007754 (0x1430ec93) ori     s9, ra, 323
core   0: 3 0x80007754 (0x1430ec93) x25 0x00000143
core   0: 0x80007758 (0x00001918) c.addi4spn a4, sp, 176
core   0: 3 0x80007758 (0x1918) x14 0x0002e4b0
core   0: 0x8000775a (0x00006861) c.lui   a6, 0x18
core   0: 3 0x8000775a (0x6861) x16 0x00018000
core   0: 0x8000775c (0xfbc6a093) slti    ra, a3, -68
core   0: 3 0x8000775c (0xfbc6a093) x 1 0x00000001
core   0: 0x80007760 (0x00008fa9) c.xor   a5, a0
core   0: 3 0x80007760 (0x8fa9) x15 0x00000005
core   0: 0x80007762 (0x00008e09) c.sub   a2, a0
core   0: 3 0x80007762 (0x8e09) x12 0xfffffff7
core   0: 0x80007764 (0x93047813) andi    a6, s0, -1744
core   0: 3 0x80007764 (0x93047813) x16 0x00000000
core   0: 0x80007768 (0x00000001) c.nop
core   0: 3 0x80007768 (0x0001)
core   0: 0x8000776a (0x0ff0000f) fence   iorw,iorw
core   0: 3 0x8000776a (0x0ff0000f)
core   0: 0x8000776e (0x00001be9) c.addi  s7, -6
core   0: 3 0x8000776e (0x1be9) x23 0x00000004
core   0: 0x80007770 (0xfe3bfae3) bgeu    s7, gp, pc - 12
core   0: 3 0x80007770 (0xfe3bfae3)
core   0: 0x80007774 (0x0000f161) c.bnez  a0, pc - 64
core   0: 3 0x80007774 (0xf161)
core   0: 0x80007734 (0x013bbab3) sltu    s5, s7, s3
core   0: 3 0x80007734 (0x013bbab3) x21 0x00000001
core   0: 0x80007738 (0x036c1333) mulh    t1, s8, s6
core   0: 3 0x80007738 (0x036c1333) x 6 0xffffffff
core   0: 0x8000773c (0x0000157d) c.addi  a0, -1
core   0: 3 0x8000773c (0x157d) x10 0x00000001
core   0: 0x8000773e (0xf14a34b7) lui     s1, 0xf14a3
core   0: 3 0x8000773e (0xf14a34b7) x 9 0xf14a3000
core   0: 0x80007742 (0x6e88a593) slti    a1, a7, 1768
core   0: 3 0x80007742 (0x6e88a593) x11 0x00000001
core   0: 0x80007746 (0x000085dd) c.srai  a1, 23
core   0: 3 0x80007746 (0x85dd) x11 0x00000000
core   0: 0x80007748 (0x00a00b93) li      s7, 10
core   0: 3 0x80007748 (0x00a00b93) x23 0x0000000a
core   0: 0x8000774c (0x01f99133) sll     sp, s3, t6
core   0: 3 0x8000774c (0x01f99133) x 2 0x0002e400
core   0: 0x80007750 (0x00700193) li      gp, 7
core   0: 3 0x80007750 (0x00700193) x 3 0x00000007
core   0: 0x80007754 (0x1430ec93) ori     s9, ra, 323
core   0: 3 0x80007754 (0x1430ec93) x25 0x00000143
core   0: 0x80007758 (0x00001918) c.addi4spn a4, sp, 176
core   0: 3 0x80007758 (0x1918) x14 0x0002e4b0
core   0: 0x8000775a (0x00006861) c.lui   a6, 0x18
core   0: 3 0x8000775a (0x6861) x16 0x00018000
core   0: 0x8000775c (0xfbc6a093) slti    ra, a3, -68
core   0: 3 0x8000775c (0xfbc6a093) x 1 0x00000001
core   0: 0x80007760 (0x00008fa9) c.xor   a5, a0
core   0: 3 0x80007760 (0x8fa9) x15 0x00000004
core   0: 0x80007762 (0x00008e09) c.sub   a2, a0
core   0: 3 0x80007762 (0x8e09) x12 0xfffffff6
core   0: 0x80007764 (0x93047813) andi    a6, s0, -1744
core   0: 3 0x80007764 (0x93047813) x16 0x00000000
core   0: 0x80007768 (0x00000001) c.nop
core   0: 3 0x80007768 (0x0001)
core   0: 0x8000776a (0x0ff0000f) fence   iorw,iorw
core   0: 3 0x8000776a (0x0ff0000f)
core   0: 0x8000776e (0x00001be9) c.addi  s7, -6
core   0: 3 0x8000776e (0x1be9) x23 0x00000004
core   0: 0x80007770 (0xfe3bfae3) bgeu    s7, gp, pc - 12
core   0: 3 0x80007770 (0xfe3bfae3)
core   0: 0x80007774 (0x0000f161) c.bnez  a0, pc - 64
core   0: 3 0x80007774 (0xf161)
core   0: 0x80007734 (0x013bbab3) sltu    s5, s7, s3
core   0: 3 0x80007734 (0x013bbab3) x21 0x00000001
core   0: 0x80007738 (0x036c1333) mulh    t1, s8, s6
core   0: 3 0x80007738 (0x036c1333) x 6 0xffffffff
core   0: 0x8000773c (0x0000157d) c.addi  a0, -1
core   0: 3 0x8000773c (0x157d) x10 0x00000000
core   0: 0x8000773e (0xf14a34b7) lui     s1, 0xf14a3
core   0: 3 0x8000773e (0xf14a34b7) x 9 0xf14a3000
core   0: 0x80007742 (0x6e88a593) slti    a1, a7, 1768
core   0: 3 0x80007742 (0x6e88a593) x11 0x00000001
core   0: 0x80007746 (0x000085dd) c.srai  a1, 23
core   0: 3 0x80007746 (0x85dd) x11 0x00000000
core   0: 0x80007748 (0x00a00b93) li      s7, 10
core   0: 3 0x80007748 (0x00a00b93) x23 0x0000000a
core   0: 0x8000774c (0x01f99133) sll     sp, s3, t6
core   0: 3 0x8000774c (0x01f99133) x 2 0x0002e400
core   0: 0x80007750 (0x00700193) li      gp, 7
core   0: 3 0x80007750 (0x00700193) x 3 0x00000007
core   0: 0x80007754 (0x1430ec93) ori     s9, ra, 323
core   0: 3 0x80007754 (0x1430ec93) x25 0x00000143
core   0: 0x80007758 (0x00001918) c.addi4spn a4, sp, 176
core   0: 3 0x80007758 (0x1918) x14 0x0002e4b0
core   0: 0x8000775a (0x00006861) c.lui   a6, 0x18
core   0: 3 0x8000775a (0x6861) x16 0x00018000
core   0: 0x8000775c (0xfbc6a093) slti    ra, a3, -68
core   0: 3 0x8000775c (0xfbc6a093) x 1 0x00000001
core   0: 0x80007760 (0x00008fa9) c.xor   a5, a0
core   0: 3 0x80007760 (0x8fa9) x15 0x00000004
core   0: 0x80007762 (0x00008e09) c.sub   a2, a0
core   0: 3 0x80007762 (0x8e09) x12 0xfffffff6
core   0: 0x80007764 (0x93047813) andi    a6, s0, -1744
core   0: 3 0x80007764 (0x93047813) x16 0x00000000
core   0: 0x80007768 (0x00000001) c.nop
core   0: 3 0x80007768 (0x0001)
core   0: 0x8000776a (0x0ff0000f) fence   iorw,iorw
core   0: 3 0x8000776a (0x0ff0000f)
core   0: 0x8000776e (0x00001be9) c.addi  s7, -6
core   0: 3 0x8000776e (0x1be9) x23 0x00000004
core   0: 0x80007770 (0xfe3bfae3) bgeu    s7, gp, pc - 12
core   0: 3 0x80007770 (0xfe3bfae3)
core   0: 0x80007774 (0x0000f161) c.bnez  a0, pc - 64
core   0: 3 0x80007774 (0xf161)
core   0: 0x80007776 (0x40aed7b3) sra     a5, t4, a0
core   0: 3 0x80007776 (0x40aed7b3) x15 0x00000000
core   0: 0x8000777a (0x00900d13) li      s10, 9
core   0: 3 0x8000777a (0x00900d13) x26 0x00000009
core   0: 0x8000777e (0x02ba2733) mulhsu  a4, s4, a1
core   0: 3 0x8000777e (0x02ba2733) x14 0x00000000
core   0: 0x80007782 (0x00300f13) li      t5, 3
core   0: 3 0x80007782 (0x00300f13) x30 0x00000003
core   0: 0x80007786 (0x00c0ec33) or      s8, ra, a2
core   0: 3 0x80007786 (0x00c0ec33) x24 0xfffffff7
core   0: 0x8000778a (0x00009bfd) c.andi  a5, -1
core   0: 3 0x8000778a (0x9bfd) x15 0x00000000
core   0: 0x8000778c (0x593ab113) sltiu   sp, s5, 1427
core   0: 3 0x8000778c (0x593ab113) x 2 0x00000001
core   0: 0x80007790 (0x01d04b33) xor     s6, zero, t4
core   0: 3 0x80007790 (0x01d04b33) x22 0x00000000
core   0: 0x80007794 (0x018460b3) or      ra, s0, s8
core   0: 3 0x80007794 (0x018460b3) x 1 0xfffffff7
core   0: 0x80007798 (0x00001d7d) c.addi  s10, -1
core   0: 3 0x80007798 (0x1d7d) x26 0x00000008
core   0: 0x8000779a (0x0247f233) remu    tp, a5, tp
core   0: 3 0x8000779a (0x0247f233) x 4 0x00000000
core   0: 0x8000779e (0x00008cc1) c.or    s1, s0
core   0: 3 0x8000779e (0x8cc1) x 9 0xf14a3000
core   0: 0x800077a0 (0xaaf5fa93) andi    s5, a1, -1361
core   0: 3 0x800077a0 (0xaaf5fa93) x21 0x00000000
core   0: 0x800077a4 (0x00008be1) c.andi  a5, 24
core   0: 3 0x800077a4 (0x8be1) x15 0x00000000
core   0: 0x800077a6 (0xff900513) li      a0, -7
core   0: 3 0x800077a6 (0xff900513) x10 0xfffffff9
core   0: 0x800077aa (0x00000001) c.nop
core   0: 3 0x800077aa (0x0001)
core   0: 0x800077ac (0x00000293) li      t0, 0
core   0: 3 0x800077ac (0x00000293) x 5 0x00000000
core   0: 0x800077b0 (0x015f1113) slli    sp, t5, 21
core   0: 3 0x800077b0 (0x015f1113) x 2 0x00600000
core   0: 0x800077b4 (0x01929633) sll     a2, t0, s9
core   0: 3 0x800077b4 (0x01929633) x12 0x00000000
core   0: 0x800077b8 (0x012027b3) slt     a5, zero, s2
core   0: 3 0x800077b8 (0x012027b3) x15 0x00000000
core   0: 0x800077bc (0x22acf793) andi    a5, s9, 554
core   0: 3 0x800077bc (0x22acf793) x15 0x00000002
core   0: 0x800077c0 (0x00000001) c.nop
core   0: 3 0x800077c0 (0x0001)
core   0: 0x800077c2 (0x00000505) c.addi  a0, 1
core   0: 3 0x800077c2 (0x0505) x10 0xfffffffa
core   0: 0x800077c4 (0x00004119) c.li    sp, 6
core   0: 3 0x800077c4 (0x4119) x 2 0x00000006
core   0: 0x800077c6 (0xfe5509e3) beq     a0, t0, pc - 14
core   0: 3 0x800077c6 (0xfe5509e3)
core   0: 0x800077ca (0x416706b3) sub     a3, a4, s6
core   0: 3 0x800077ca (0x416706b3) x13 0x00000000
core   0: 0x800077ce (0x00942633) slt     a2, s0, s1
core   0: 3 0x800077ce (0x00942633) x12 0x00000000
core   0: 0x800077d2 (0x00fbdc13) srli    s8, s7, 15
core   0: 3 0x800077d2 (0x00fbdc13) x24 0x00000000
core   0: 0x800077d6 (0x117b4a97) auipc   s5, 0x117b4
core   0: 3 0x800077d6 (0x117b4a97) x21 0x917bb7d6
core   0: 0x800077da (0x007a0c33) add     s8, s4, t2
core   0: 3 0x800077da (0x007a0c33) x24 0xfffffff8
core   0: 0x800077de (0x041c3013) sltiu   zero, s8, 65
core   0: 3 0x800077de (0x041c3013)
core   0: 0x800077e2 (0x00008f25) c.xor   a4, s1
core   0: 3 0x800077e2 (0x8f25) x14 0xf14a3000
core   0: 0x800077e4 (0x00000001) c.nop
core   0: 3 0x800077e4 (0x0001)
core   0: 0x800077e6 (0xfbed75e3) bgeu    s10, t5, pc - 86
core   0: 3 0x800077e6 (0xfbed75e3)
core   0: 0x80007790 (0x01d04b33) xor     s6, zero, t4
core   0: 3 0x80007790 (0x01d04b33) x22 0x00000000
core   0: 0x80007794 (0x018460b3) or      ra, s0, s8
core   0: 3 0x80007794 (0x018460b3) x 1 0xfffffff8
core   0: 0x80007798 (0x00001d7d) c.addi  s10, -1
core   0: 3 0x80007798 (0x1d7d) x26 0x00000007
core   0: 0x8000779a (0x0247f233) remu    tp, a5, tp
core   0: 3 0x8000779a (0x0247f233) x 4 0x00000002
core   0: 0x8000779e (0x00008cc1) c.or    s1, s0
core   0: 3 0x8000779e (0x8cc1) x 9 0xf14a3000
core   0: 0x800077a0 (0xaaf5fa93) andi    s5, a1, -1361
core   0: 3 0x800077a0 (0xaaf5fa93) x21 0x00000000
core   0: 0x800077a4 (0x00008be1) c.andi  a5, 24
core   0: 3 0x800077a4 (0x8be1) x15 0x00000000
core   0: 0x800077a6 (0xff900513) li      a0, -7
core   0: 3 0x800077a6 (0xff900513) x10 0xfffffff9
core   0: 0x800077aa (0x00000001) c.nop
core   0: 3 0x800077aa (0x0001)
core   0: 0x800077ac (0x00000293) li      t0, 0
core   0: 3 0x800077ac (0x00000293) x 5 0x00000000
core   0: 0x800077b0 (0x015f1113) slli    sp, t5, 21
core   0: 3 0x800077b0 (0x015f1113) x 2 0x00600000
core   0: 0x800077b4 (0x01929633) sll     a2, t0, s9
core   0: 3 0x800077b4 (0x01929633) x12 0x00000000
core   0: 0x800077b8 (0x012027b3) slt     a5, zero, s2
core   0: 3 0x800077b8 (0x012027b3) x15 0x00000000
core   0: 0x800077bc (0x22acf793) andi    a5, s9, 554
core   0: 3 0x800077bc (0x22acf793) x15 0x00000002
core   0: 0x800077c0 (0x00000001) c.nop
core   0: 3 0x800077c0 (0x0001)
core   0: 0x800077c2 (0x00000505) c.addi  a0, 1
core   0: 3 0x800077c2 (0x0505) x10 0xfffffffa
core   0: 0x800077c4 (0x00004119) c.li    sp, 6
core   0: 3 0x800077c4 (0x4119) x 2 0x00000006
core   0: 0x800077c6 (0xfe5509e3) beq     a0, t0, pc - 14
core   0: 3 0x800077c6 (0xfe5509e3)
core   0: 0x800077ca (0x416706b3) sub     a3, a4, s6
core   0: 3 0x800077ca (0x416706b3) x13 0xf14a3000
core   0: 0x800077ce (0x00942633) slt     a2, s0, s1
core   0: 3 0x800077ce (0x00942633) x12 0x00000000
core   0: 0x800077d2 (0x00fbdc13) srli    s8, s7, 15
core   0: 3 0x800077d2 (0x00fbdc13) x24 0x00000000
core   0: 0x800077d6 (0x117b4a97) auipc   s5, 0x117b4
core   0: 3 0x800077d6 (0x117b4a97) x21 0x917bb7d6
core   0: 0x800077da (0x007a0c33) add     s8, s4, t2
core   0: 3 0x800077da (0x007a0c33) x24 0xfffffff8
core   0: 0x800077de (0x041c3013) sltiu   zero, s8, 65
core   0: 3 0x800077de (0x041c3013)
core   0: 0x800077e2 (0x00008f25) c.xor   a4, s1
core   0: 3 0x800077e2 (0x8f25) x14 0x00000000
core   0: 0x800077e4 (0x00000001) c.nop
core   0: 3 0x800077e4 (0x0001)
core   0: 0x800077e6 (0xfbed75e3) bgeu    s10, t5, pc - 86
core   0: 3 0x800077e6 (0xfbed75e3)
core   0: 0x80007790 (0x01d04b33) xor     s6, zero, t4
core   0: 3 0x80007790 (0x01d04b33) x22 0x00000000
core   0: 0x80007794 (0x018460b3) or      ra, s0, s8
core   0: 3 0x80007794 (0x018460b3) x 1 0xfffffff8
core   0: 0x80007798 (0x00001d7d) c.addi  s10, -1
core   0: 3 0x80007798 (0x1d7d) x26 0x00000006
core   0: 0x8000779a (0x0247f233) remu    tp, a5, tp
core   0: 3 0x8000779a (0x0247f233) x 4 0x00000000
core   0: 0x8000779e (0x00008cc1) c.or    s1, s0
core   0: 3 0x8000779e (0x8cc1) x 9 0xf14a3000
core   0: 0x800077a0 (0xaaf5fa93) andi    s5, a1, -1361
core   0: 3 0x800077a0 (0xaaf5fa93) x21 0x00000000
core   0: 0x800077a4 (0x00008be1) c.andi  a5, 24
core   0: 3 0x800077a4 (0x8be1) x15 0x00000000
core   0: 0x800077a6 (0xff900513) li      a0, -7
core   0: 3 0x800077a6 (0xff900513) x10 0xfffffff9
core   0: 0x800077aa (0x00000001) c.nop
core   0: 3 0x800077aa (0x0001)
core   0: 0x800077ac (0x00000293) li      t0, 0
core   0: 3 0x800077ac (0x00000293) x 5 0x00000000
core   0: 0x800077b0 (0x015f1113) slli    sp, t5, 21
core   0: 3 0x800077b0 (0x015f1113) x 2 0x00600000
core   0: 0x800077b4 (0x01929633) sll     a2, t0, s9
core   0: 3 0x800077b4 (0x01929633) x12 0x00000000
core   0: 0x800077b8 (0x012027b3) slt     a5, zero, s2
core   0: 3 0x800077b8 (0x012027b3) x15 0x00000000
core   0: 0x800077bc (0x22acf793) andi    a5, s9, 554
core   0: 3 0x800077bc (0x22acf793) x15 0x00000002
core   0: 0x800077c0 (0x00000001) c.nop
core   0: 3 0x800077c0 (0x0001)
core   0: 0x800077c2 (0x00000505) c.addi  a0, 1
core   0: 3 0x800077c2 (0x0505) x10 0xfffffffa
core   0: 0x800077c4 (0x00004119) c.li    sp, 6
core   0: 3 0x800077c4 (0x4119) x 2 0x00000006
core   0: 0x800077c6 (0xfe5509e3) beq     a0, t0, pc - 14
core   0: 3 0x800077c6 (0xfe5509e3)
core   0: 0x800077ca (0x416706b3) sub     a3, a4, s6
core   0: 3 0x800077ca (0x416706b3) x13 0x00000000
core   0: 0x800077ce (0x00942633) slt     a2, s0, s1
core   0: 3 0x800077ce (0x00942633) x12 0x00000000
core   0: 0x800077d2 (0x00fbdc13) srli    s8, s7, 15
core   0: 3 0x800077d2 (0x00fbdc13) x24 0x00000000
core   0: 0x800077d6 (0x117b4a97) auipc   s5, 0x117b4
core   0: 3 0x800077d6 (0x117b4a97) x21 0x917bb7d6
core   0: 0x800077da (0x007a0c33) add     s8, s4, t2
core   0: 3 0x800077da (0x007a0c33) x24 0xfffffff8
core   0: 0x800077de (0x041c3013) sltiu   zero, s8, 65
core   0: 3 0x800077de (0x041c3013)
core   0: 0x800077e2 (0x00008f25) c.xor   a4, s1
core   0: 3 0x800077e2 (0x8f25) x14 0xf14a3000
core   0: 0x800077e4 (0x00000001) c.nop
core   0: 3 0x800077e4 (0x0001)
core   0: 0x800077e6 (0xfbed75e3) bgeu    s10, t5, pc - 86
core   0: 3 0x800077e6 (0xfbed75e3)
core   0: 0x80007790 (0x01d04b33) xor     s6, zero, t4
core   0: 3 0x80007790 (0x01d04b33) x22 0x00000000
core   0: 0x80007794 (0x018460b3) or      ra, s0, s8
core   0: 3 0x80007794 (0x018460b3) x 1 0xfffffff8
core   0: 0x80007798 (0x00001d7d) c.addi  s10, -1
core   0: 3 0x80007798 (0x1d7d) x26 0x00000005
core   0: 0x8000779a (0x0247f233) remu    tp, a5, tp
core   0: 3 0x8000779a (0x0247f233) x 4 0x00000002
core   0: 0x8000779e (0x00008cc1) c.or    s1, s0
core   0: 3 0x8000779e (0x8cc1) x 9 0xf14a3000
core   0: 0x800077a0 (0xaaf5fa93) andi    s5, a1, -1361
core   0: 3 0x800077a0 (0xaaf5fa93) x21 0x00000000
core   0: 0x800077a4 (0x00008be1) c.andi  a5, 24
core   0: 3 0x800077a4 (0x8be1) x15 0x00000000
core   0: 0x800077a6 (0xff900513) li      a0, -7
core   0: 3 0x800077a6 (0xff900513) x10 0xfffffff9
core   0: 0x800077aa (0x00000001) c.nop
core   0: 3 0x800077aa (0x0001)
core   0: 0x800077ac (0x00000293) li      t0, 0
core   0: 3 0x800077ac (0x00000293) x 5 0x00000000
core   0: 0x800077b0 (0x015f1113) slli    sp, t5, 21
core   0: 3 0x800077b0 (0x015f1113) x 2 0x00600000
core   0: 0x800077b4 (0x01929633) sll     a2, t0, s9
core   0: 3 0x800077b4 (0x01929633) x12 0x00000000
core   0: 0x800077b8 (0x012027b3) slt     a5, zero, s2
core   0: 3 0x800077b8 (0x012027b3) x15 0x00000000
core   0: 0x800077bc (0x22acf793) andi    a5, s9, 554
core   0: 3 0x800077bc (0x22acf793) x15 0x00000002
core   0: 0x800077c0 (0x00000001) c.nop
core   0: 3 0x800077c0 (0x0001)
core   0: 0x800077c2 (0x00000505) c.addi  a0, 1
core   0: 3 0x800077c2 (0x0505) x10 0xfffffffa
core   0: 0x800077c4 (0x00004119) c.li    sp, 6
core   0: 3 0x800077c4 (0x4119) x 2 0x00000006
core   0: 0x800077c6 (0xfe5509e3) beq     a0, t0, pc - 14
core   0: 3 0x800077c6 (0xfe5509e3)
core   0: 0x800077ca (0x416706b3) sub     a3, a4, s6
core   0: 3 0x800077ca (0x416706b3) x13 0xf14a3000
core   0: 0x800077ce (0x00942633) slt     a2, s0, s1
core   0: 3 0x800077ce (0x00942633) x12 0x00000000
core   0: 0x800077d2 (0x00fbdc13) srli    s8, s7, 15
core   0: 3 0x800077d2 (0x00fbdc13) x24 0x00000000
core   0: 0x800077d6 (0x117b4a97) auipc   s5, 0x117b4
core   0: 3 0x800077d6 (0x117b4a97) x21 0x917bb7d6
core   0: 0x800077da (0x007a0c33) add     s8, s4, t2
core   0: 3 0x800077da (0x007a0c33) x24 0xfffffff8
core   0: 0x800077de (0x041c3013) sltiu   zero, s8, 65
core   0: 3 0x800077de (0x041c3013)
core   0: 0x800077e2 (0x00008f25) c.xor   a4, s1
core   0: 3 0x800077e2 (0x8f25) x14 0x00000000
core   0: 0x800077e4 (0x00000001) c.nop
core   0: 3 0x800077e4 (0x0001)
core   0: 0x800077e6 (0xfbed75e3) bgeu    s10, t5, pc - 86
core   0: 3 0x800077e6 (0xfbed75e3)
core   0: 0x80007790 (0x01d04b33) xor     s6, zero, t4
core   0: 3 0x80007790 (0x01d04b33) x22 0x00000000
core   0: 0x80007794 (0x018460b3) or      ra, s0, s8
core   0: 3 0x80007794 (0x018460b3) x 1 0xfffffff8
core   0: 0x80007798 (0x00001d7d) c.addi  s10, -1
core   0: 3 0x80007798 (0x1d7d) x26 0x00000004
core   0: 0x8000779a (0x0247f233) remu    tp, a5, tp
core   0: 3 0x8000779a (0x0247f233) x 4 0x00000000
core   0: 0x8000779e (0x00008cc1) c.or    s1, s0
core   0: 3 0x8000779e (0x8cc1) x 9 0xf14a3000
core   0: 0x800077a0 (0xaaf5fa93) andi    s5, a1, -1361
core   0: 3 0x800077a0 (0xaaf5fa93) x21 0x00000000
core   0: 0x800077a4 (0x00008be1) c.andi  a5, 24
core   0: 3 0x800077a4 (0x8be1) x15 0x00000000
core   0: 0x800077a6 (0xff900513) li      a0, -7
core   0: 3 0x800077a6 (0xff900513) x10 0xfffffff9
core   0: 0x800077aa (0x00000001) c.nop
core   0: 3 0x800077aa (0x0001)
core   0: 0x800077ac (0x00000293) li      t0, 0
core   0: 3 0x800077ac (0x00000293) x 5 0x00000000
core   0: 0x800077b0 (0x015f1113) slli    sp, t5, 21
core   0: 3 0x800077b0 (0x015f1113) x 2 0x00600000
core   0: 0x800077b4 (0x01929633) sll     a2, t0, s9
core   0: 3 0x800077b4 (0x01929633) x12 0x00000000
core   0: 0x800077b8 (0x012027b3) slt     a5, zero, s2
core   0: 3 0x800077b8 (0x012027b3) x15 0x00000000
core   0: 0x800077bc (0x22acf793) andi    a5, s9, 554
core   0: 3 0x800077bc (0x22acf793) x15 0x00000002
core   0: 0x800077c0 (0x00000001) c.nop
core   0: 3 0x800077c0 (0x0001)
core   0: 0x800077c2 (0x00000505) c.addi  a0, 1
core   0: 3 0x800077c2 (0x0505) x10 0xfffffffa
core   0: 0x800077c4 (0x00004119) c.li    sp, 6
core   0: 3 0x800077c4 (0x4119) x 2 0x00000006
core   0: 0x800077c6 (0xfe5509e3) beq     a0, t0, pc - 14
core   0: 3 0x800077c6 (0xfe5509e3)
core   0: 0x800077ca (0x416706b3) sub     a3, a4, s6
core   0: 3 0x800077ca (0x416706b3) x13 0x00000000
core   0: 0x800077ce (0x00942633) slt     a2, s0, s1
core   0: 3 0x800077ce (0x00942633) x12 0x00000000
core   0: 0x800077d2 (0x00fbdc13) srli    s8, s7, 15
core   0: 3 0x800077d2 (0x00fbdc13) x24 0x00000000
core   0: 0x800077d6 (0x117b4a97) auipc   s5, 0x117b4
core   0: 3 0x800077d6 (0x117b4a97) x21 0x917bb7d6
core   0: 0x800077da (0x007a0c33) add     s8, s4, t2
core   0: 3 0x800077da (0x007a0c33) x24 0xfffffff8
core   0: 0x800077de (0x041c3013) sltiu   zero, s8, 65
core   0: 3 0x800077de (0x041c3013)
core   0: 0x800077e2 (0x00008f25) c.xor   a4, s1
core   0: 3 0x800077e2 (0x8f25) x14 0xf14a3000
core   0: 0x800077e4 (0x00000001) c.nop
core   0: 3 0x800077e4 (0x0001)
core   0: 0x800077e6 (0xfbed75e3) bgeu    s10, t5, pc - 86
core   0: 3 0x800077e6 (0xfbed75e3)
core   0: 0x80007790 (0x01d04b33) xor     s6, zero, t4
core   0: 3 0x80007790 (0x01d04b33) x22 0x00000000
core   0: 0x80007794 (0x018460b3) or      ra, s0, s8
core   0: 3 0x80007794 (0x018460b3) x 1 0xfffffff8
core   0: 0x80007798 (0x00001d7d) c.addi  s10, -1
core   0: 3 0x80007798 (0x1d7d) x26 0x00000003
core   0: 0x8000779a (0x0247f233) remu    tp, a5, tp
core   0: 3 0x8000779a (0x0247f233) x 4 0x00000002
core   0: 0x8000779e (0x00008cc1) c.or    s1, s0
core   0: 3 0x8000779e (0x8cc1) x 9 0xf14a3000
core   0: 0x800077a0 (0xaaf5fa93) andi    s5, a1, -1361
core   0: 3 0x800077a0 (0xaaf5fa93) x21 0x00000000
core   0: 0x800077a4 (0x00008be1) c.andi  a5, 24
core   0: 3 0x800077a4 (0x8be1) x15 0x00000000
core   0: 0x800077a6 (0xff900513) li      a0, -7
core   0: 3 0x800077a6 (0xff900513) x10 0xfffffff9
core   0: 0x800077aa (0x00000001) c.nop
core   0: 3 0x800077aa (0x0001)
core   0: 0x800077ac (0x00000293) li      t0, 0
core   0: 3 0x800077ac (0x00000293) x 5 0x00000000
core   0: 0x800077b0 (0x015f1113) slli    sp, t5, 21
core   0: 3 0x800077b0 (0x015f1113) x 2 0x00600000
core   0: 0x800077b4 (0x01929633) sll     a2, t0, s9
core   0: 3 0x800077b4 (0x01929633) x12 0x00000000
core   0: 0x800077b8 (0x012027b3) slt     a5, zero, s2
core   0: 3 0x800077b8 (0x012027b3) x15 0x00000000
core   0: 0x800077bc (0x22acf793) andi    a5, s9, 554
core   0: 3 0x800077bc (0x22acf793) x15 0x00000002
core   0: 0x800077c0 (0x00000001) c.nop
core   0: 3 0x800077c0 (0x0001)
core   0: 0x800077c2 (0x00000505) c.addi  a0, 1
core   0: 3 0x800077c2 (0x0505) x10 0xfffffffa
core   0: 0x800077c4 (0x00004119) c.li    sp, 6
core   0: 3 0x800077c4 (0x4119) x 2 0x00000006
core   0: 0x800077c6 (0xfe5509e3) beq     a0, t0, pc - 14
core   0: 3 0x800077c6 (0xfe5509e3)
core   0: 0x800077ca (0x416706b3) sub     a3, a4, s6
core   0: 3 0x800077ca (0x416706b3) x13 0xf14a3000
core   0: 0x800077ce (0x00942633) slt     a2, s0, s1
core   0: 3 0x800077ce (0x00942633) x12 0x00000000
core   0: 0x800077d2 (0x00fbdc13) srli    s8, s7, 15
core   0: 3 0x800077d2 (0x00fbdc13) x24 0x00000000
core   0: 0x800077d6 (0x117b4a97) auipc   s5, 0x117b4
core   0: 3 0x800077d6 (0x117b4a97) x21 0x917bb7d6
core   0: 0x800077da (0x007a0c33) add     s8, s4, t2
core   0: 3 0x800077da (0x007a0c33) x24 0xfffffff8
core   0: 0x800077de (0x041c3013) sltiu   zero, s8, 65
core   0: 3 0x800077de (0x041c3013)
core   0: 0x800077e2 (0x00008f25) c.xor   a4, s1
core   0: 3 0x800077e2 (0x8f25) x14 0x00000000
core   0: 0x800077e4 (0x00000001) c.nop
core   0: 3 0x800077e4 (0x0001)
core   0: 0x800077e6 (0xfbed75e3) bgeu    s10, t5, pc - 86
core   0: 3 0x800077e6 (0xfbed75e3)
core   0: 0x80007790 (0x01d04b33) xor     s6, zero, t4
core   0: 3 0x80007790 (0x01d04b33) x22 0x00000000
core   0: 0x80007794 (0x018460b3) or      ra, s0, s8
core   0: 3 0x80007794 (0x018460b3) x 1 0xfffffff8
core   0: 0x80007798 (0x00001d7d) c.addi  s10, -1
core   0: 3 0x80007798 (0x1d7d) x26 0x00000002
core   0: 0x8000779a (0x0247f233) remu    tp, a5, tp
core   0: 3 0x8000779a (0x0247f233) x 4 0x00000000
core   0: 0x8000779e (0x00008cc1) c.or    s1, s0
core   0: 3 0x8000779e (0x8cc1) x 9 0xf14a3000
core   0: 0x800077a0 (0xaaf5fa93) andi    s5, a1, -1361
core   0: 3 0x800077a0 (0xaaf5fa93) x21 0x00000000
core   0: 0x800077a4 (0x00008be1) c.andi  a5, 24
core   0: 3 0x800077a4 (0x8be1) x15 0x00000000
core   0: 0x800077a6 (0xff900513) li      a0, -7
core   0: 3 0x800077a6 (0xff900513) x10 0xfffffff9
core   0: 0x800077aa (0x00000001) c.nop
core   0: 3 0x800077aa (0x0001)
core   0: 0x800077ac (0x00000293) li      t0, 0
core   0: 3 0x800077ac (0x00000293) x 5 0x00000000
core   0: 0x800077b0 (0x015f1113) slli    sp, t5, 21
core   0: 3 0x800077b0 (0x015f1113) x 2 0x00600000
core   0: 0x800077b4 (0x01929633) sll     a2, t0, s9
core   0: 3 0x800077b4 (0x01929633) x12 0x00000000
core   0: 0x800077b8 (0x012027b3) slt     a5, zero, s2
core   0: 3 0x800077b8 (0x012027b3) x15 0x00000000
core   0: 0x800077bc (0x22acf793) andi    a5, s9, 554
core   0: 3 0x800077bc (0x22acf793) x15 0x00000002
core   0: 0x800077c0 (0x00000001) c.nop
core   0: 3 0x800077c0 (0x0001)
core   0: 0x800077c2 (0x00000505) c.addi  a0, 1
core   0: 3 0x800077c2 (0x0505) x10 0xfffffffa
core   0: 0x800077c4 (0x00004119) c.li    sp, 6
core   0: 3 0x800077c4 (0x4119) x 2 0x00000006
core   0: 0x800077c6 (0xfe5509e3) beq     a0, t0, pc - 14
core   0: 3 0x800077c6 (0xfe5509e3)
core   0: 0x800077ca (0x416706b3) sub     a3, a4, s6
core   0: 3 0x800077ca (0x416706b3) x13 0x00000000
core   0: 0x800077ce (0x00942633) slt     a2, s0, s1
core   0: 3 0x800077ce (0x00942633) x12 0x00000000
core   0: 0x800077d2 (0x00fbdc13) srli    s8, s7, 15
core   0: 3 0x800077d2 (0x00fbdc13) x24 0x00000000
core   0: 0x800077d6 (0x117b4a97) auipc   s5, 0x117b4
core   0: 3 0x800077d6 (0x117b4a97) x21 0x917bb7d6
core   0: 0x800077da (0x007a0c33) add     s8, s4, t2
core   0: 3 0x800077da (0x007a0c33) x24 0xfffffff8
core   0: 0x800077de (0x041c3013) sltiu   zero, s8, 65
core   0: 3 0x800077de (0x041c3013)
core   0: 0x800077e2 (0x00008f25) c.xor   a4, s1
core   0: 3 0x800077e2 (0x8f25) x14 0xf14a3000
core   0: 0x800077e4 (0x00000001) c.nop
core   0: 3 0x800077e4 (0x0001)
core   0: 0x800077e6 (0xfbed75e3) bgeu    s10, t5, pc - 86
core   0: 3 0x800077e6 (0xfbed75e3)
core   0: 0x800077ea (0x00009e5a) c.add   t3, s6
core   0: 3 0x800077ea (0x9e5a) x28 0xfffffff9
core   0: 0x800077ec (0xff600713) li      a4, -10
core   0: 3 0x800077ec (0xff600713) x14 0xfffffff6
core   0: 0x800077f0 (0x22c63793) sltiu   a5, a2, 556
core   0: 3 0x800077f0 (0x22c63793) x15 0x00000001
core   0: 0x800077f4 (0xff700393) li      t2, -9
core   0: 3 0x800077f4 (0xff700393) x 7 0xfffffff7
core   0: 0x800077f8 (0x011efd33) and     s10, t4, a7
core   0: 3 0x800077f8 (0x011efd33) x26 0x00000000
core   0: 0x800077fc (0x00008a6e) c.mv    s4, s11
core   0: 3 0x800077fc (0x8a6e) x20 0x80022e24
core   0: 0x800077fe (0x034d09b3) mul     s3, s10, s4
core   0: 3 0x800077fe (0x034d09b3) x19 0x00000000
core   0: 0x80007802 (0x00000721) c.addi  a4, 8
core   0: 3 0x80007802 (0x0721) x14 0xfffffffe
core   0: 0x80007804 (0x00a00213) li      tp, 10
core   0: 3 0x80007804 (0x00a00213) x 4 0x0000000a
core   0: 0x80007808 (0x05444c93) xori    s9, s0, 84
core   0: 3 0x80007808 (0x05444c93) x25 0x00000054
core   0: 0x8000780c (0x9c820f93) addi    t6, tp, -1592
core   0: 3 0x8000780c (0x9c820f93) x31 0xfffff9d2
core   0: 0x80007810 (0x003412b3) sll     t0, s0, gp
core   0: 3 0x80007810 (0x003412b3) x 5 0x00000000
core   0: 0x80007814 (0x037196b3) mulh    a3, gp, s7
core   0: 3 0x80007814 (0x037196b3) x13 0x00000000
core   0: 0x80007818 (0xff800613) li      a2, -8
core   0: 3 0x80007818 (0xff800613) x12 0xfffffff8
core   0: 0x8000781c (0x0356e5b3) rem     a1, a3, s5
core   0: 3 0x8000781c (0x0356e5b3) x11 0x00000000
core   0: 0x80007820 (0x03bc6eb3) rem     t4, s8, s11
core   0: 3 0x80007820 (0x03bc6eb3) x29 0xfffffff8
core   0: 0x80007824 (0x0000059c) c.addi4spn a5, sp, 704
core   0: 3 0x80007824 (0x059c) x15 0x000002c6
core   0: 0x80007826 (0x00008bdd) c.andi  a5, 23
core   0: 3 0x80007826 (0x8bdd) x15 0x00000006
core   0: 0x80007828 (0x03430e33) mul     t3, t1, s4
core   0: 3 0x80007828 (0x03430e33) x28 0x7ffdd1dc
core   0: 0x8000782c (0x00001259) c.addi  tp, -10
core   0: 3 0x8000782c (0x1259) x 4 0x00000000
core   0: 0x8000782e (0x0194fab3) and     s5, s1, s9
core   0: 3 0x8000782e (0x0194fab3) x21 0x00000000
core   0: 0x80007832 (0xfec259e3) bge     tp, a2, pc - 14
core   0: 3 0x80007832 (0xfec259e3)
core   0: 0x80007824 (0x0000059c) c.addi4spn a5, sp, 704
core   0: 3 0x80007824 (0x059c) x15 0x000002c6
core   0: 0x80007826 (0x00008bdd) c.andi  a5, 23
core   0: 3 0x80007826 (0x8bdd) x15 0x00000006
core   0: 0x80007828 (0x03430e33) mul     t3, t1, s4
core   0: 3 0x80007828 (0x03430e33) x28 0x7ffdd1dc
core   0: 0x8000782c (0x00001259) c.addi  tp, -10
core   0: 3 0x8000782c (0x1259) x 4 0xfffffff6
core   0: 0x8000782e (0x0194fab3) and     s5, s1, s9
core   0: 3 0x8000782e (0x0194fab3) x21 0x00000000
core   0: 0x80007832 (0xfec259e3) bge     tp, a2, pc - 14
core   0: 3 0x80007832 (0xfec259e3)
core   0: 0x80007836 (0x00d926b3) slt     a3, s2, a3
core   0: 3 0x80007836 (0x00d926b3) x13 0x00000001
core   0: 0x8000783a (0x008c4d33) xor     s10, s8, s0
core   0: 3 0x8000783a (0x008c4d33) x26 0xfffffff8
core   0: 0x8000783e (0x01399a13) slli    s4, s3, 19
core   0: 3 0x8000783e (0x01399a13) x20 0x00000000
core   0: 0x80007842 (0xfa774de3) blt     a4, t2, pc - 70
core   0: 3 0x80007842 (0xfa774de3)
core   0: 0x80007846 (0xed707793) andi    a5, zero, -297
core   0: 3 0x80007846 (0xed707793) x15 0x00000000
core   0: 0x8000784a (0x00000c93) li      s9, 0
core   0: 3 0x8000784a (0x00000c93) x25 0x00000000
core   0: 0x8000784e (0x00900513) li      a0, 9
core   0: 3 0x8000784e (0x00900513) x10 0x00000009
core   0: 0x80007852 (0x7c61e713) ori     a4, gp, 1990
core   0: 3 0x80007852 (0x7c61e713) x14 0x000007c7
core   0: 0x80007856 (0x00000c85) c.addi  s9, 1
core   0: 3 0x80007856 (0x0c85) x25 0x00000001
core   0: 0x80007858 (0x19ce4713) xori    a4, t3, 412
core   0: 3 0x80007858 (0x19ce4713) x14 0x7ffdd040
core   0: 0x8000785c (0x00400f93) li      t6, 4
core   0: 3 0x8000785c (0x00400f93) x31 0x00000004
core   0: 0x80007860 (0x0255c2b3) div     t0, a1, t0
core   0: 3 0x80007860 (0x0255c2b3) x 5 0xffffffff
core   0: 0x80007864 (0x00400f13) li      t5, 4
core   0: 3 0x80007864 (0x00400f13) x30 0x00000004
core   0: 0x80007868 (0x03a04a33) div     s4, zero, s10
core   0: 3 0x80007868 (0x03a04a33) x20 0x00000000
core   0: 0x8000786c (0x01bbf233) and     tp, s7, s11
core   0: 3 0x8000786c (0x01bbf233) x 4 0x00000004
core   0: 0x80007870 (0x00001ff5) c.addi  t6, -3
core   0: 3 0x80007870 (0x1ff5) x31 0x00000001
core   0: 0x80007872 (0xffeffbe3) bgeu    t6, t5, pc - 10
core   0: 3 0x80007872 (0xffeffbe3)
core   0: 0x80007876 (0xfcac9ee3) bne     s9, a0, pc - 36
core   0: 3 0x80007876 (0xfcac9ee3)
core   0: 0x80007852 (0x7c61e713) ori     a4, gp, 1990
core   0: 3 0x80007852 (0x7c61e713) x14 0x000007c7
core   0: 0x80007856 (0x00000c85) c.addi  s9, 1
core   0: 3 0x80007856 (0x0c85) x25 0x00000002
core   0: 0x80007858 (0x19ce4713) xori    a4, t3, 412
core   0: 3 0x80007858 (0x19ce4713) x14 0x7ffdd040
core   0: 0x8000785c (0x00400f93) li      t6, 4
core   0: 3 0x8000785c (0x00400f93) x31 0x00000004
core   0: 0x80007860 (0x0255c2b3) div     t0, a1, t0
core   0: 3 0x80007860 (0x0255c2b3) x 5 0x00000000
core   0: 0x80007864 (0x00400f13) li      t5, 4
core   0: 3 0x80007864 (0x00400f13) x30 0x00000004
core   0: 0x80007868 (0x03a04a33) div     s4, zero, s10
core   0: 3 0x80007868 (0x03a04a33) x20 0x00000000
core   0: 0x8000786c (0x01bbf233) and     tp, s7, s11
core   0: 3 0x8000786c (0x01bbf233) x 4 0x00000004
core   0: 0x80007870 (0x00001ff5) c.addi  t6, -3
core   0: 3 0x80007870 (0x1ff5) x31 0x00000001
core   0: 0x80007872 (0xffeffbe3) bgeu    t6, t5, pc - 10
core   0: 3 0x80007872 (0xffeffbe3)
core   0: 0x80007876 (0xfcac9ee3) bne     s9, a0, pc - 36
core   0: 3 0x80007876 (0xfcac9ee3)
core   0: 0x80007852 (0x7c61e713) ori     a4, gp, 1990
core   0: 3 0x80007852 (0x7c61e713) x14 0x000007c7
core   0: 0x80007856 (0x00000c85) c.addi  s9, 1
core   0: 3 0x80007856 (0x0c85) x25 0x00000003
core   0: 0x80007858 (0x19ce4713) xori    a4, t3, 412
core   0: 3 0x80007858 (0x19ce4713) x14 0x7ffdd040
core   0: 0x8000785c (0x00400f93) li      t6, 4
core   0: 3 0x8000785c (0x00400f93) x31 0x00000004
core   0: 0x80007860 (0x0255c2b3) div     t0, a1, t0
core   0: 3 0x80007860 (0x0255c2b3) x 5 0xffffffff
core   0: 0x80007864 (0x00400f13) li      t5, 4
core   0: 3 0x80007864 (0x00400f13) x30 0x00000004
core   0: 0x80007868 (0x03a04a33) div     s4, zero, s10
core   0: 3 0x80007868 (0x03a04a33) x20 0x00000000
core   0: 0x8000786c (0x01bbf233) and     tp, s7, s11
core   0: 3 0x8000786c (0x01bbf233) x 4 0x00000004
core   0: 0x80007870 (0x00001ff5) c.addi  t6, -3
core   0: 3 0x80007870 (0x1ff5) x31 0x00000001
core   0: 0x80007872 (0xffeffbe3) bgeu    t6, t5, pc - 10
core   0: 3 0x80007872 (0xffeffbe3)
core   0: 0x80007876 (0xfcac9ee3) bne     s9, a0, pc - 36
core   0: 3 0x80007876 (0xfcac9ee3)
core   0: 0x80007852 (0x7c61e713) ori     a4, gp, 1990
core   0: 3 0x80007852 (0x7c61e713) x14 0x000007c7
core   0: 0x80007856 (0x00000c85) c.addi  s9, 1
core   0: 3 0x80007856 (0x0c85) x25 0x00000004
core   0: 0x80007858 (0x19ce4713) xori    a4, t3, 412
core   0: 3 0x80007858 (0x19ce4713) x14 0x7ffdd040
core   0: 0x8000785c (0x00400f93) li      t6, 4
core   0: 3 0x8000785c (0x00400f93) x31 0x00000004
core   0: 0x80007860 (0x0255c2b3) div     t0, a1, t0
core   0: 3 0x80007860 (0x0255c2b3) x 5 0x00000000
core   0: 0x80007864 (0x00400f13) li      t5, 4
core   0: 3 0x80007864 (0x00400f13) x30 0x00000004
core   0: 0x80007868 (0x03a04a33) div     s4, zero, s10
core   0: 3 0x80007868 (0x03a04a33) x20 0x00000000
core   0: 0x8000786c (0x01bbf233) and     tp, s7, s11
core   0: 3 0x8000786c (0x01bbf233) x 4 0x00000004
core   0: 0x80007870 (0x00001ff5) c.addi  t6, -3
core   0: 3 0x80007870 (0x1ff5) x31 0x00000001
core   0: 0x80007872 (0xffeffbe3) bgeu    t6, t5, pc - 10
core   0: 3 0x80007872 (0xffeffbe3)
core   0: 0x80007876 (0xfcac9ee3) bne     s9, a0, pc - 36
core   0: 3 0x80007876 (0xfcac9ee3)
core   0: 0x80007852 (0x7c61e713) ori     a4, gp, 1990
core   0: 3 0x80007852 (0x7c61e713) x14 0x000007c7
core   0: 0x80007856 (0x00000c85) c.addi  s9, 1
core   0: 3 0x80007856 (0x0c85) x25 0x00000005
core   0: 0x80007858 (0x19ce4713) xori    a4, t3, 412
core   0: 3 0x80007858 (0x19ce4713) x14 0x7ffdd040
core   0: 0x8000785c (0x00400f93) li      t6, 4
core   0: 3 0x8000785c (0x00400f93) x31 0x00000004
core   0: 0x80007860 (0x0255c2b3) div     t0, a1, t0
core   0: 3 0x80007860 (0x0255c2b3) x 5 0xffffffff
core   0: 0x80007864 (0x00400f13) li      t5, 4
core   0: 3 0x80007864 (0x00400f13) x30 0x00000004
core   0: 0x80007868 (0x03a04a33) div     s4, zero, s10
core   0: 3 0x80007868 (0x03a04a33) x20 0x00000000
core   0: 0x8000786c (0x01bbf233) and     tp, s7, s11
core   0: 3 0x8000786c (0x01bbf233) x 4 0x00000004
core   0: 0x80007870 (0x00001ff5) c.addi  t6, -3
core   0: 3 0x80007870 (0x1ff5) x31 0x00000001
core   0: 0x80007872 (0xffeffbe3) bgeu    t6, t5, pc - 10
core   0: 3 0x80007872 (0xffeffbe3)
core   0: 0x80007876 (0xfcac9ee3) bne     s9, a0, pc - 36
core   0: 3 0x80007876 (0xfcac9ee3)
core   0: 0x80007852 (0x7c61e713) ori     a4, gp, 1990
core   0: 3 0x80007852 (0x7c61e713) x14 0x000007c7
core   0: 0x80007856 (0x00000c85) c.addi  s9, 1
core   0: 3 0x80007856 (0x0c85) x25 0x00000006
core   0: 0x80007858 (0x19ce4713) xori    a4, t3, 412
core   0: 3 0x80007858 (0x19ce4713) x14 0x7ffdd040
core   0: 0x8000785c (0x00400f93) li      t6, 4
core   0: 3 0x8000785c (0x00400f93) x31 0x00000004
core   0: 0x80007860 (0x0255c2b3) div     t0, a1, t0
core   0: 3 0x80007860 (0x0255c2b3) x 5 0x00000000
core   0: 0x80007864 (0x00400f13) li      t5, 4
core   0: 3 0x80007864 (0x00400f13) x30 0x00000004
core   0: 0x80007868 (0x03a04a33) div     s4, zero, s10
core   0: 3 0x80007868 (0x03a04a33) x20 0x00000000
core   0: 0x8000786c (0x01bbf233) and     tp, s7, s11
core   0: 3 0x8000786c (0x01bbf233) x 4 0x00000004
core   0: 0x80007870 (0x00001ff5) c.addi  t6, -3
core   0: 3 0x80007870 (0x1ff5) x31 0x00000001
core   0: 0x80007872 (0xffeffbe3) bgeu    t6, t5, pc - 10
core   0: 3 0x80007872 (0xffeffbe3)
core   0: 0x80007876 (0xfcac9ee3) bne     s9, a0, pc - 36
core   0: 3 0x80007876 (0xfcac9ee3)
core   0: 0x80007852 (0x7c61e713) ori     a4, gp, 1990
core   0: 3 0x80007852 (0x7c61e713) x14 0x000007c7
core   0: 0x80007856 (0x00000c85) c.addi  s9, 1
core   0: 3 0x80007856 (0x0c85) x25 0x00000007
core   0: 0x80007858 (0x19ce4713) xori    a4, t3, 412
core   0: 3 0x80007858 (0x19ce4713) x14 0x7ffdd040
core   0: 0x8000785c (0x00400f93) li      t6, 4
core   0: 3 0x8000785c (0x00400f93) x31 0x00000004
core   0: 0x80007860 (0x0255c2b3) div     t0, a1, t0
core   0: 3 0x80007860 (0x0255c2b3) x 5 0xffffffff
core   0: 0x80007864 (0x00400f13) li      t5, 4
core   0: 3 0x80007864 (0x00400f13) x30 0x00000004
core   0: 0x80007868 (0x03a04a33) div     s4, zero, s10
core   0: 3 0x80007868 (0x03a04a33) x20 0x00000000
core   0: 0x8000786c (0x01bbf233) and     tp, s7, s11
core   0: 3 0x8000786c (0x01bbf233) x 4 0x00000004
core   0: 0x80007870 (0x00001ff5) c.addi  t6, -3
core   0: 3 0x80007870 (0x1ff5) x31 0x00000001
core   0: 0x80007872 (0xffeffbe3) bgeu    t6, t5, pc - 10
core   0: 3 0x80007872 (0xffeffbe3)
core   0: 0x80007876 (0xfcac9ee3) bne     s9, a0, pc - 36
core   0: 3 0x80007876 (0xfcac9ee3)
core   0: 0x80007852 (0x7c61e713) ori     a4, gp, 1990
core   0: 3 0x80007852 (0x7c61e713) x14 0x000007c7
core   0: 0x80007856 (0x00000c85) c.addi  s9, 1
core   0: 3 0x80007856 (0x0c85) x25 0x00000008
core   0: 0x80007858 (0x19ce4713) xori    a4, t3, 412
core   0: 3 0x80007858 (0x19ce4713) x14 0x7ffdd040
core   0: 0x8000785c (0x00400f93) li      t6, 4
core   0: 3 0x8000785c (0x00400f93) x31 0x00000004
core   0: 0x80007860 (0x0255c2b3) div     t0, a1, t0
core   0: 3 0x80007860 (0x0255c2b3) x 5 0x00000000
core   0: 0x80007864 (0x00400f13) li      t5, 4
core   0: 3 0x80007864 (0x00400f13) x30 0x00000004
core   0: 0x80007868 (0x03a04a33) div     s4, zero, s10
core   0: 3 0x80007868 (0x03a04a33) x20 0x00000000
core   0: 0x8000786c (0x01bbf233) and     tp, s7, s11
core   0: 3 0x8000786c (0x01bbf233) x 4 0x00000004
core   0: 0x80007870 (0x00001ff5) c.addi  t6, -3
core   0: 3 0x80007870 (0x1ff5) x31 0x00000001
core   0: 0x80007872 (0xffeffbe3) bgeu    t6, t5, pc - 10
core   0: 3 0x80007872 (0xffeffbe3)
core   0: 0x80007876 (0xfcac9ee3) bne     s9, a0, pc - 36
core   0: 3 0x80007876 (0xfcac9ee3)
core   0: 0x80007852 (0x7c61e713) ori     a4, gp, 1990
core   0: 3 0x80007852 (0x7c61e713) x14 0x000007c7
core   0: 0x80007856 (0x00000c85) c.addi  s9, 1
core   0: 3 0x80007856 (0x0c85) x25 0x00000009
core   0: 0x80007858 (0x19ce4713) xori    a4, t3, 412
core   0: 3 0x80007858 (0x19ce4713) x14 0x7ffdd040
core   0: 0x8000785c (0x00400f93) li      t6, 4
core   0: 3 0x8000785c (0x00400f93) x31 0x00000004
core   0: 0x80007860 (0x0255c2b3) div     t0, a1, t0
core   0: 3 0x80007860 (0x0255c2b3) x 5 0xffffffff
core   0: 0x80007864 (0x00400f13) li      t5, 4
core   0: 3 0x80007864 (0x00400f13) x30 0x00000004
core   0: 0x80007868 (0x03a04a33) div     s4, zero, s10
core   0: 3 0x80007868 (0x03a04a33) x20 0x00000000
core   0: 0x8000786c (0x01bbf233) and     tp, s7, s11
core   0: 3 0x8000786c (0x01bbf233) x 4 0x00000004
core   0: 0x80007870 (0x00001ff5) c.addi  t6, -3
core   0: 3 0x80007870 (0x1ff5) x31 0x00000001
core   0: 0x80007872 (0xffeffbe3) bgeu    t6, t5, pc - 10
core   0: 3 0x80007872 (0xffeffbe3)
core   0: 0x80007876 (0xfcac9ee3) bne     s9, a0, pc - 36
core   0: 3 0x80007876 (0xfcac9ee3)
core   0: 0x8000787a (0x0000717d) c.addi16sp sp, -16
core   0: 3 0x8000787a (0x717d) x 2 0xfffffff6
core   0: 0x8000787c (0xffa00713) li      a4, -6
core   0: 3 0x8000787c (0xffa00713) x14 0xfffffffa
core   0: 0x80007880 (0x00e01133) sll     sp, zero, a4
core   0: 3 0x80007880 (0x00e01133) x 2 0x00000000
core   0: 0x80007884 (0x00008d6d) c.and   a0, a1
core   0: 3 0x80007884 (0x8d6d) x10 0x00000000
core   0: 0x80007886 (0x0000100f) fence.i
core   0: 3 0x80007886 (0x0000100f)
core   0: 0x8000788a (0x00001b0c) c.addi4spn a1, sp, 432
core   0: 3 0x8000788a (0x1b0c) x11 0x000001b0
core   0: 0x8000788c (0x00000001) c.nop
core   0: 3 0x8000788c (0x0001)
core   0: 0x8000788e (0x000082e6) c.mv    t0, s9
core   0: 3 0x8000788e (0x82e6) x 5 0x00000009
core   0: 0x80007890 (0x000019fd) c.addi  s3, -1
core   0: 3 0x80007890 (0x19fd) x19 0xffffffff
core   0: 0x80007892 (0x0ff0000f) fence   iorw,iorw
core   0: 3 0x80007892 (0x0ff0000f)
core   0: 0x80007896 (0x02f7e3b3) rem     t2, a5, a5
core   0: 3 0x80007896 (0x02f7e3b3) x 7 0x00000000
core   0: 0x8000789a (0x53d68517) auipc   a0, 0x53d68
core   0: 3 0x8000789a (0x53d68517) x10 0xd3d6f89a
core   0: 0x8000789e (0x0ff0000f) fence   iorw,iorw
core   0: 3 0x8000789e (0x0ff0000f)
core   0: 0x800078a2 (0x00c3ff13) andi    t5, t2, 12
core   0: 3 0x800078a2 (0x00c3ff13) x30 0x00000000
core   0: 0x800078a6 (0x007cf9b3) and     s3, s9, t2
core   0: 3 0x800078a6 (0x007cf9b3) x19 0x00000000
core   0: 0x800078aa (0x00000709) c.addi  a4, 2
core   0: 3 0x800078aa (0x0709) x14 0xfffffffc
core   0: 0x800078ac (0x00009a6a) c.add   s4, s10
core   0: 3 0x800078ac (0x9a6a) x20 0xfffffff8
core   0: 0x800078ae (0xc3a48093) addi    ra, s1, -966
core   0: 3 0x800078ae (0xc3a48093) x 1 0xf14a2c3a
core   0: 0x800078b2 (0x00008cd5) c.or    s1, a3
core   0: 3 0x800078b2 (0x8cd5) x 9 0xf14a3001
core   0: 0x800078b4 (0x03553833) mulhu   a6, a0, s5
core   0: 3 0x800078b4 (0x03553833) x16 0x00000000
core   0: 0x800078b8 (0x0095de93) srli    t4, a1, 9
core   0: 3 0x800078b8 (0x0095de93) x29 0x00000000
core   0: 0x800078bc (0x0000f37d) c.bnez  a4, pc - 26
core   0: 3 0x800078bc (0xf37d)
core   0: 0x800078a2 (0x00c3ff13) andi    t5, t2, 12
core   0: 3 0x800078a2 (0x00c3ff13) x30 0x00000000
core   0: 0x800078a6 (0x007cf9b3) and     s3, s9, t2
core   0: 3 0x800078a6 (0x007cf9b3) x19 0x00000000
core   0: 0x800078aa (0x00000709) c.addi  a4, 2
core   0: 3 0x800078aa (0x0709) x14 0xfffffffe
core   0: 0x800078ac (0x00009a6a) c.add   s4, s10
core   0: 3 0x800078ac (0x9a6a) x20 0xfffffff0
core   0: 0x800078ae (0xc3a48093) addi    ra, s1, -966
core   0: 3 0x800078ae (0xc3a48093) x 1 0xf14a2c3b
core   0: 0x800078b2 (0x00008cd5) c.or    s1, a3
core   0: 3 0x800078b2 (0x8cd5) x 9 0xf14a3001
core   0: 0x800078b4 (0x03553833) mulhu   a6, a0, s5
core   0: 3 0x800078b4 (0x03553833) x16 0x00000000
core   0: 0x800078b8 (0x0095de93) srli    t4, a1, 9
core   0: 3 0x800078b8 (0x0095de93) x29 0x00000000
core   0: 0x800078bc (0x0000f37d) c.bnez  a4, pc - 26
core   0: 3 0x800078bc (0xf37d)
core   0: 0x800078a2 (0x00c3ff13) andi    t5, t2, 12
core   0: 3 0x800078a2 (0x00c3ff13) x30 0x00000000
core   0: 0x800078a6 (0x007cf9b3) and     s3, s9, t2
core   0: 3 0x800078a6 (0x007cf9b3) x19 0x00000000
core   0: 0x800078aa (0x00000709) c.addi  a4, 2
core   0: 3 0x800078aa (0x0709) x14 0x00000000
core   0: 0x800078ac (0x00009a6a) c.add   s4, s10
core   0: 3 0x800078ac (0x9a6a) x20 0xffffffe8
core   0: 0x800078ae (0xc3a48093) addi    ra, s1, -966
core   0: 3 0x800078ae (0xc3a48093) x 1 0xf14a2c3b
core   0: 0x800078b2 (0x00008cd5) c.or    s1, a3
core   0: 3 0x800078b2 (0x8cd5) x 9 0xf14a3001
core   0: 0x800078b4 (0x03553833) mulhu   a6, a0, s5
core   0: 3 0x800078b4 (0x03553833) x16 0x00000000
core   0: 0x800078b8 (0x0095de93) srli    t4, a1, 9
core   0: 3 0x800078b8 (0x0095de93) x29 0x00000000
core   0: 0x800078bc (0x0000f37d) c.bnez  a4, pc - 26
core   0: 3 0x800078bc (0xf37d)
core   0: 0x800078be (0x00008625) c.srai  a2, 9
core   0: 3 0x800078be (0x8625) x12 0xffffffff
core   0: 0x800078c0 (0x00100213) li      tp, 1
core   0: 3 0x800078c0 (0x00100213) x 4 0x00000001
core   0: 0x800078c4 (0x00800c13) li      s8, 8
core   0: 3 0x800078c4 (0x00800c13) x24 0x00000008
core   0: 0x800078c8 (0x0090b533) sltu    a0, ra, s1
core   0: 3 0x800078c8 (0x0090b533) x10 0x00000001
core   0: 0x800078cc (0x00008dbd) c.xor   a1, a5
core   0: 3 0x800078cc (0x8dbd) x11 0x000001b0
core   0: 0x800078ce (0x7acce013) ori     zero, s9, 1964
core   0: 3 0x800078ce (0x7acce013)
core   0: 0x800078d2 (0x00008cc5) c.or    s1, s1
core   0: 3 0x800078d2 (0x8cc5) x 9 0xf14a3001
core   0: 0x800078d4 (0x02c26033) rem     zero, tp, a2
core   0: 3 0x800078d4 (0x02c26033)
core   0: 0x800078d8 (0x021052b3) divu    t0, zero, ra
core   0: 3 0x800078d8 (0x021052b3) x 5 0x00000000
core   0: 0x800078dc (0x04c5aa13) slti    s4, a1, 76
core   0: 3 0x800078dc (0x04c5aa13) x20 0x00000000
core   0: 0x800078e0 (0x26b00b93) li      s7, 619
core   0: 3 0x800078e0 (0x26b00b93) x23 0x0000026b
core   0: 0x800078e4 (0x00008095) c.srli  s1, 5
core   0: 3 0x800078e4 (0x8095) x 9 0x078a5180
core   0: 0x800078e6 (0xdb69e893) ori     a7, s3, -586
core   0: 3 0x800078e6 (0xdb69e893) x17 0xfffffdb6
core   0: 0x800078ea (0x01d06fb3) or      t6, zero, t4
core   0: 3 0x800078ea (0x01d06fb3) x31 0x00000000
core   0: 0x800078ee (0xefd92e13) slti    t3, s2, -259
core   0: 3 0x800078ee (0xefd92e13) x28 0x00000001
core   0: 0x800078f2 (0x0235dd33) divu    s10, a1, gp
core   0: 3 0x800078f2 (0x0235dd33) x26 0x0000003d
core   0: 0x800078f6 (0x01341813) slli    a6, s0, 19
core   0: 3 0x800078f6 (0x01341813) x16 0x00000000
core   0: 0x800078fa (0x00008e05) c.sub   a2, s1
core   0: 3 0x800078fa (0x8e05) x12 0xf875ae7f
core   0: 0x800078fc (0x0124b3b3) sltu    t2, s1, s2
core   0: 3 0x800078fc (0x0124b3b3) x 7 0x00000001
core   0: 0x80007900 (0x00006d61) c.lui   s10, 0x18
core   0: 3 0x80007900 (0x6d61) x26 0x00018000
core   0: 0x80007902 (0xf4edfa13) andi    s4, s11, -178
core   0: 3 0x80007902 (0xf4edfa13) x20 0x80022e04
core   0: 0x80007906 (0x01549533) sll     a0, s1, s5
core   0: 3 0x80007906 (0x01549533) x10 0x078a5180
core   0: 0x8000790a (0x00000205) c.addi  tp, 1
core   0: 3 0x8000790a (0x0205) x 4 0x00000002
core   0: 0x8000790c (0x02cc26b3) mulhsu  a3, s8, a2
core   0: 3 0x8000790c (0x02cc26b3) x13 0x00000007
core   0: 0x80007910 (0x00008fa1) c.xor   a5, s0
core   0: 3 0x80007910 (0x8fa1) x15 0x00000000
core   0: 0x80007912 (0x00008f7d) c.and   a4, a5
core   0: 3 0x80007912 (0x8f7d) x14 0x00000000
core   0: 0x80007914 (0xd562c093) xori    ra, t0, -682
core   0: 3 0x80007914 (0xd562c093) x 1 0xfffffd56
core   0: 0x80007918 (0x40430bb3) sub     s7, t1, tp
core   0: 3 0x80007918 (0x40430bb3) x23 0xfffffffd
core   0: 0x8000791c (0xfb821ce3) bne     tp, s8, pc - 72
core   0: 3 0x8000791c (0xfb821ce3)
core   0: 0x800078d4 (0x02c26033) rem     zero, tp, a2
core   0: 3 0x800078d4 (0x02c26033)
core   0: 0x800078d8 (0x021052b3) divu    t0, zero, ra
core   0: 3 0x800078d8 (0x021052b3) x 5 0x00000000
core   0: 0x800078dc (0x04c5aa13) slti    s4, a1, 76
core   0: 3 0x800078dc (0x04c5aa13) x20 0x00000000
core   0: 0x800078e0 (0x26b00b93) li      s7, 619
core   0: 3 0x800078e0 (0x26b00b93) x23 0x0000026b
core   0: 0x800078e4 (0x00008095) c.srli  s1, 5
core   0: 3 0x800078e4 (0x8095) x 9 0x003c528c
core   0: 0x800078e6 (0xdb69e893) ori     a7, s3, -586
core   0: 3 0x800078e6 (0xdb69e893) x17 0xfffffdb6
core   0: 0x800078ea (0x01d06fb3) or      t6, zero, t4
core   0: 3 0x800078ea (0x01d06fb3) x31 0x00000000
core   0: 0x800078ee (0xefd92e13) slti    t3, s2, -259
core   0: 3 0x800078ee (0xefd92e13) x28 0x00000001
core   0: 0x800078f2 (0x0235dd33) divu    s10, a1, gp
core   0: 3 0x800078f2 (0x0235dd33) x26 0x0000003d
core   0: 0x800078f6 (0x01341813) slli    a6, s0, 19
core   0: 3 0x800078f6 (0x01341813) x16 0x00000000
core   0: 0x800078fa (0x00008e05) c.sub   a2, s1
core   0: 3 0x800078fa (0x8e05) x12 0xf8395bf3
core   0: 0x800078fc (0x0124b3b3) sltu    t2, s1, s2
core   0: 3 0x800078fc (0x0124b3b3) x 7 0x00000001
core   0: 0x80007900 (0x00006d61) c.lui   s10, 0x18
core   0: 3 0x80007900 (0x6d61) x26 0x00018000
core   0: 0x80007902 (0xf4edfa13) andi    s4, s11, -178
core   0: 3 0x80007902 (0xf4edfa13) x20 0x80022e04
core   0: 0x80007906 (0x01549533) sll     a0, s1, s5
core   0: 3 0x80007906 (0x01549533) x10 0x003c528c
core   0: 0x8000790a (0x00000205) c.addi  tp, 1
core   0: 3 0x8000790a (0x0205) x 4 0x00000003
core   0: 0x8000790c (0x02cc26b3) mulhsu  a3, s8, a2
core   0: 3 0x8000790c (0x02cc26b3) x13 0x00000007
core   0: 0x80007910 (0x00008fa1) c.xor   a5, s0
core   0: 3 0x80007910 (0x8fa1) x15 0x00000000
core   0: 0x80007912 (0x00008f7d) c.and   a4, a5
core   0: 3 0x80007912 (0x8f7d) x14 0x00000000
core   0: 0x80007914 (0xd562c093) xori    ra, t0, -682
core   0: 3 0x80007914 (0xd562c093) x 1 0xfffffd56
core   0: 0x80007918 (0x40430bb3) sub     s7, t1, tp
core   0: 3 0x80007918 (0x40430bb3) x23 0xfffffffc
core   0: 0x8000791c (0xfb821ce3) bne     tp, s8, pc - 72
core   0: 3 0x8000791c (0xfb821ce3)
core   0: 0x800078d4 (0x02c26033) rem     zero, tp, a2
core   0: 3 0x800078d4 (0x02c26033)
core   0: 0x800078d8 (0x021052b3) divu    t0, zero, ra
core   0: 3 0x800078d8 (0x021052b3) x 5 0x00000000
core   0: 0x800078dc (0x04c5aa13) slti    s4, a1, 76
core   0: 3 0x800078dc (0x04c5aa13) x20 0x00000000
core   0: 0x800078e0 (0x26b00b93) li      s7, 619
core   0: 3 0x800078e0 (0x26b00b93) x23 0x0000026b
core   0: 0x800078e4 (0x00008095) c.srli  s1, 5
core   0: 3 0x800078e4 (0x8095) x 9 0x0001e294
core   0: 0x800078e6 (0xdb69e893) ori     a7, s3, -586
core   0: 3 0x800078e6 (0xdb69e893) x17 0xfffffdb6
core   0: 0x800078ea (0x01d06fb3) or      t6, zero, t4
core   0: 3 0x800078ea (0x01d06fb3) x31 0x00000000
core   0: 0x800078ee (0xefd92e13) slti    t3, s2, -259
core   0: 3 0x800078ee (0xefd92e13) x28 0x00000001
core   0: 0x800078f2 (0x0235dd33) divu    s10, a1, gp
core   0: 3 0x800078f2 (0x0235dd33) x26 0x0000003d
core   0: 0x800078f6 (0x01341813) slli    a6, s0, 19
core   0: 3 0x800078f6 (0x01341813) x16 0x00000000
core   0: 0x800078fa (0x00008e05) c.sub   a2, s1
core   0: 3 0x800078fa (0x8e05) x12 0xf837795f
core   0: 0x800078fc (0x0124b3b3) sltu    t2, s1, s2
core   0: 3 0x800078fc (0x0124b3b3) x 7 0x00000001
core   0: 0x80007900 (0x00006d61) c.lui   s10, 0x18
core   0: 3 0x80007900 (0x6d61) x26 0x00018000
core   0: 0x80007902 (0xf4edfa13) andi    s4, s11, -178
core   0: 3 0x80007902 (0xf4edfa13) x20 0x80022e04
core   0: 0x80007906 (0x01549533) sll     a0, s1, s5
core   0: 3 0x80007906 (0x01549533) x10 0x0001e294
core   0: 0x8000790a (0x00000205) c.addi  tp, 1
core   0: 3 0x8000790a (0x0205) x 4 0x00000004
core   0: 0x8000790c (0x02cc26b3) mulhsu  a3, s8, a2
core   0: 3 0x8000790c (0x02cc26b3) x13 0x00000007
core   0: 0x80007910 (0x00008fa1) c.xor   a5, s0
core   0: 3 0x80007910 (0x8fa1) x15 0x00000000
core   0: 0x80007912 (0x00008f7d) c.and   a4, a5
core   0: 3 0x80007912 (0x8f7d) x14 0x00000000
core   0: 0x80007914 (0xd562c093) xori    ra, t0, -682
core   0: 3 0x80007914 (0xd562c093) x 1 0xfffffd56
core   0: 0x80007918 (0x40430bb3) sub     s7, t1, tp
core   0: 3 0x80007918 (0x40430bb3) x23 0xfffffffb
core   0: 0x8000791c (0xfb821ce3) bne     tp, s8, pc - 72
core   0: 3 0x8000791c (0xfb821ce3)
core   0: 0x800078d4 (0x02c26033) rem     zero, tp, a2
core   0: 3 0x800078d4 (0x02c26033)
core   0: 0x800078d8 (0x021052b3) divu    t0, zero, ra
core   0: 3 0x800078d8 (0x021052b3) x 5 0x00000000
core   0: 0x800078dc (0x04c5aa13) slti    s4, a1, 76
core   0: 3 0x800078dc (0x04c5aa13) x20 0x00000000
core   0: 0x800078e0 (0x26b00b93) li      s7, 619
core   0: 3 0x800078e0 (0x26b00b93) x23 0x0000026b
core   0: 0x800078e4 (0x00008095) c.srli  s1, 5
core   0: 3 0x800078e4 (0x8095) x 9 0x00000f14
core   0: 0x800078e6 (0xdb69e893) ori     a7, s3, -586
core   0: 3 0x800078e6 (0xdb69e893) x17 0xfffffdb6
core   0: 0x800078ea (0x01d06fb3) or      t6, zero, t4
core   0: 3 0x800078ea (0x01d06fb3) x31 0x00000000
core   0: 0x800078ee (0xefd92e13) slti    t3, s2, -259
core   0: 3 0x800078ee (0xefd92e13) x28 0x00000001
core   0: 0x800078f2 (0x0235dd33) divu    s10, a1, gp
core   0: 3 0x800078f2 (0x0235dd33) x26 0x0000003d
core   0: 0x800078f6 (0x01341813) slli    a6, s0, 19
core   0: 3 0x800078f6 (0x01341813) x16 0x00000000
core   0: 0x800078fa (0x00008e05) c.sub   a2, s1
core   0: 3 0x800078fa (0x8e05) x12 0xf8376a4b
core   0: 0x800078fc (0x0124b3b3) sltu    t2, s1, s2
core   0: 3 0x800078fc (0x0124b3b3) x 7 0x00000001
core   0: 0x80007900 (0x00006d61) c.lui   s10, 0x18
core   0: 3 0x80007900 (0x6d61) x26 0x00018000
core   0: 0x80007902 (0xf4edfa13) andi    s4, s11, -178
core   0: 3 0x80007902 (0xf4edfa13) x20 0x80022e04
core   0: 0x80007906 (0x01549533) sll     a0, s1, s5
core   0: 3 0x80007906 (0x01549533) x10 0x00000f14
core   0: 0x8000790a (0x00000205) c.addi  tp, 1
core   0: 3 0x8000790a (0x0205) x 4 0x00000005
core   0: 0x8000790c (0x02cc26b3) mulhsu  a3, s8, a2
core   0: 3 0x8000790c (0x02cc26b3) x13 0x00000007
core   0: 0x80007910 (0x00008fa1) c.xor   a5, s0
core   0: 3 0x80007910 (0x8fa1) x15 0x00000000
core   0: 0x80007912 (0x00008f7d) c.and   a4, a5
core   0: 3 0x80007912 (0x8f7d) x14 0x00000000
core   0: 0x80007914 (0xd562c093) xori    ra, t0, -682
core   0: 3 0x80007914 (0xd562c093) x 1 0xfffffd56
core   0: 0x80007918 (0x40430bb3) sub     s7, t1, tp
core   0: 3 0x80007918 (0x40430bb3) x23 0xfffffffa
core   0: 0x8000791c (0xfb821ce3) bne     tp, s8, pc - 72
core   0: 3 0x8000791c (0xfb821ce3)
core   0: 0x800078d4 (0x02c26033) rem     zero, tp, a2
core   0: 3 0x800078d4 (0x02c26033)
core   0: 0x800078d8 (0x021052b3) divu    t0, zero, ra
core   0: 3 0x800078d8 (0x021052b3) x 5 0x00000000
core   0: 0x800078dc (0x04c5aa13) slti    s4, a1, 76
core   0: 3 0x800078dc (0x04c5aa13) x20 0x00000000
core   0: 0x800078e0 (0x26b00b93) li      s7, 619
core   0: 3 0x800078e0 (0x26b00b93) x23 0x0000026b
core   0: 0x800078e4 (0x00008095) c.srli  s1, 5
core   0: 3 0x800078e4 (0x8095) x 9 0x00000078
core   0: 0x800078e6 (0xdb69e893) ori     a7, s3, -586
core   0: 3 0x800078e6 (0xdb69e893) x17 0xfffffdb6
core   0: 0x800078ea (0x01d06fb3) or      t6, zero, t4
core   0: 3 0x800078ea (0x01d06fb3) x31 0x00000000
core   0: 0x800078ee (0xefd92e13) slti    t3, s2, -259
core   0: 3 0x800078ee (0xefd92e13) x28 0x00000001
core   0: 0x800078f2 (0x0235dd33) divu    s10, a1, gp
core   0: 3 0x800078f2 (0x0235dd33) x26 0x0000003d
core   0: 0x800078f6 (0x01341813) slli    a6, s0, 19
core   0: 3 0x800078f6 (0x01341813) x16 0x00000000
core   0: 0x800078fa (0x00008e05) c.sub   a2, s1
core   0: 3 0x800078fa (0x8e05) x12 0xf83769d3
core   0: 0x800078fc (0x0124b3b3) sltu    t2, s1, s2
core   0: 3 0x800078fc (0x0124b3b3) x 7 0x00000001
core   0: 0x80007900 (0x00006d61) c.lui   s10, 0x18
core   0: 3 0x80007900 (0x6d61) x26 0x00018000
core   0: 0x80007902 (0xf4edfa13) andi    s4, s11, -178
core   0: 3 0x80007902 (0xf4edfa13) x20 0x80022e04
core   0: 0x80007906 (0x01549533) sll     a0, s1, s5
core   0: 3 0x80007906 (0x01549533) x10 0x00000078
core   0: 0x8000790a (0x00000205) c.addi  tp, 1
core   0: 3 0x8000790a (0x0205) x 4 0x00000006
core   0: 0x8000790c (0x02cc26b3) mulhsu  a3, s8, a2
core   0: 3 0x8000790c (0x02cc26b3) x13 0x00000007
core   0: 0x80007910 (0x00008fa1) c.xor   a5, s0
core   0: 3 0x80007910 (0x8fa1) x15 0x00000000
core   0: 0x80007912 (0x00008f7d) c.and   a4, a5
core   0: 3 0x80007912 (0x8f7d) x14 0x00000000
core   0: 0x80007914 (0xd562c093) xori    ra, t0, -682
core   0: 3 0x80007914 (0xd562c093) x 1 0xfffffd56
core   0: 0x80007918 (0x40430bb3) sub     s7, t1, tp
core   0: 3 0x80007918 (0x40430bb3) x23 0xfffffff9
core   0: 0x8000791c (0xfb821ce3) bne     tp, s8, pc - 72
core   0: 3 0x8000791c (0xfb821ce3)
core   0: 0x800078d4 (0x02c26033) rem     zero, tp, a2
core   0: 3 0x800078d4 (0x02c26033)
core   0: 0x800078d8 (0x021052b3) divu    t0, zero, ra
core   0: 3 0x800078d8 (0x021052b3) x 5 0x00000000
core   0: 0x800078dc (0x04c5aa13) slti    s4, a1, 76
core   0: 3 0x800078dc (0x04c5aa13) x20 0x00000000
core   0: 0x800078e0 (0x26b00b93) li      s7, 619
core   0: 3 0x800078e0 (0x26b00b93) x23 0x0000026b
core   0: 0x800078e4 (0x00008095) c.srli  s1, 5
core   0: 3 0x800078e4 (0x8095) x 9 0x00000003
core   0: 0x800078e6 (0xdb69e893) ori     a7, s3, -586
core   0: 3 0x800078e6 (0xdb69e893) x17 0xfffffdb6
core   0: 0x800078ea (0x01d06fb3) or      t6, zero, t4
core   0: 3 0x800078ea (0x01d06fb3) x31 0x00000000
core   0: 0x800078ee (0xefd92e13) slti    t3, s2, -259
core   0: 3 0x800078ee (0xefd92e13) x28 0x00000001
core   0: 0x800078f2 (0x0235dd33) divu    s10, a1, gp
core   0: 3 0x800078f2 (0x0235dd33) x26 0x0000003d
core   0: 0x800078f6 (0x01341813) slli    a6, s0, 19
core   0: 3 0x800078f6 (0x01341813) x16 0x00000000
core   0: 0x800078fa (0x00008e05) c.sub   a2, s1
core   0: 3 0x800078fa (0x8e05) x12 0xf83769d0
core   0: 0x800078fc (0x0124b3b3) sltu    t2, s1, s2
core   0: 3 0x800078fc (0x0124b3b3) x 7 0x00000001
core   0: 0x80007900 (0x00006d61) c.lui   s10, 0x18
core   0: 3 0x80007900 (0x6d61) x26 0x00018000
core   0: 0x80007902 (0xf4edfa13) andi    s4, s11, -178
core   0: 3 0x80007902 (0xf4edfa13) x20 0x80022e04
core   0: 0x80007906 (0x01549533) sll     a0, s1, s5
core   0: 3 0x80007906 (0x01549533) x10 0x00000003
core   0: 0x8000790a (0x00000205) c.addi  tp, 1
core   0: 3 0x8000790a (0x0205) x 4 0x00000007
core   0: 0x8000790c (0x02cc26b3) mulhsu  a3, s8, a2
core   0: 3 0x8000790c (0x02cc26b3) x13 0x00000007
core   0: 0x80007910 (0x00008fa1) c.xor   a5, s0
core   0: 3 0x80007910 (0x8fa1) x15 0x00000000
core   0: 0x80007912 (0x00008f7d) c.and   a4, a5
core   0: 3 0x80007912 (0x8f7d) x14 0x00000000
core   0: 0x80007914 (0xd562c093) xori    ra, t0, -682
core   0: 3 0x80007914 (0xd562c093) x 1 0xfffffd56
core   0: 0x80007918 (0x40430bb3) sub     s7, t1, tp
core   0: 3 0x80007918 (0x40430bb3) x23 0xfffffff8
core   0: 0x8000791c (0xfb821ce3) bne     tp, s8, pc - 72
core   0: 3 0x8000791c (0xfb821ce3)
core   0: 0x800078d4 (0x02c26033) rem     zero, tp, a2
core   0: 3 0x800078d4 (0x02c26033)
core   0: 0x800078d8 (0x021052b3) divu    t0, zero, ra
core   0: 3 0x800078d8 (0x021052b3) x 5 0x00000000
core   0: 0x800078dc (0x04c5aa13) slti    s4, a1, 76
core   0: 3 0x800078dc (0x04c5aa13) x20 0x00000000
core   0: 0x800078e0 (0x26b00b93) li      s7, 619
core   0: 3 0x800078e0 (0x26b00b93) x23 0x0000026b
core   0: 0x800078e4 (0x00008095) c.srli  s1, 5
core   0: 3 0x800078e4 (0x8095) x 9 0x00000000
core   0: 0x800078e6 (0xdb69e893) ori     a7, s3, -586
core   0: 3 0x800078e6 (0xdb69e893) x17 0xfffffdb6
core   0: 0x800078ea (0x01d06fb3) or      t6, zero, t4
core   0: 3 0x800078ea (0x01d06fb3) x31 0x00000000
core   0: 0x800078ee (0xefd92e13) slti    t3, s2, -259
core   0: 3 0x800078ee (0xefd92e13) x28 0x00000001
core   0: 0x800078f2 (0x0235dd33) divu    s10, a1, gp
core   0: 3 0x800078f2 (0x0235dd33) x26 0x0000003d
core   0: 0x800078f6 (0x01341813) slli    a6, s0, 19
core   0: 3 0x800078f6 (0x01341813) x16 0x00000000
core   0: 0x800078fa (0x00008e05) c.sub   a2, s1
core   0: 3 0x800078fa (0x8e05) x12 0xf83769d0
core   0: 0x800078fc (0x0124b3b3) sltu    t2, s1, s2
core   0: 3 0x800078fc (0x0124b3b3) x 7 0x00000001
core   0: 0x80007900 (0x00006d61) c.lui   s10, 0x18
core   0: 3 0x80007900 (0x6d61) x26 0x00018000
core   0: 0x80007902 (0xf4edfa13) andi    s4, s11, -178
core   0: 3 0x80007902 (0xf4edfa13) x20 0x80022e04
core   0: 0x80007906 (0x01549533) sll     a0, s1, s5
core   0: 3 0x80007906 (0x01549533) x10 0x00000000
core   0: 0x8000790a (0x00000205) c.addi  tp, 1
core   0: 3 0x8000790a (0x0205) x 4 0x00000008
core   0: 0x8000790c (0x02cc26b3) mulhsu  a3, s8, a2
core   0: 3 0x8000790c (0x02cc26b3) x13 0x00000007
core   0: 0x80007910 (0x00008fa1) c.xor   a5, s0
core   0: 3 0x80007910 (0x8fa1) x15 0x00000000
core   0: 0x80007912 (0x00008f7d) c.and   a4, a5
core   0: 3 0x80007912 (0x8f7d) x14 0x00000000
core   0: 0x80007914 (0xd562c093) xori    ra, t0, -682
core   0: 3 0x80007914 (0xd562c093) x 1 0xfffffd56
core   0: 0x80007918 (0x40430bb3) sub     s7, t1, tp
core   0: 3 0x80007918 (0x40430bb3) x23 0xfffffff7
core   0: 0x8000791c (0xfb821ce3) bne     tp, s8, pc - 72
core   0: 3 0x8000791c (0xfb821ce3)
core   0: 0x80007920 (0x00008e3d) c.xor   a2, a5
core   0: 3 0x80007920 (0x8e3d) x12 0xf83769d0
core   0: 0x80007922 (0x00000001) c.nop
core   0: 3 0x80007922 (0x0001)
core   0: 0x80007924 (0x037ed363) bge     t4, s7, pc + 38
core   0: 3 0x80007924 (0x037ed363)
core   0: 0x8000794a (0x00b59233) sll     tp, a1, a1
core   0: 3 0x8000794a (0x00b59233) x 4 0x01b00000
core   0: 0x8000794e (0x35b8b493) sltiu   s1, a7, 859
core   0: 3 0x8000794e (0x35b8b493) x 9 0x00000000
core   0: 0x80007952 (0x0096ba33) sltu    s4, a3, s1
core   0: 3 0x80007952 (0x0096ba33) x20 0x00000000
core   0: 0x80007956 (0x00005e7d) c.li    t3, -1
core   0: 3 0x80007956 (0x5e7d) x28 0xffffffff
core   0: 0x80007958 (0xd66cbf93) sltiu   t6, s9, -666
core   0: 3 0x80007958 (0xd66cbf93) x31 0x00000001
core   0: 0x8000795c (0x00000516) c.slli  a0, 5
core   0: 3 0x8000795c (0x0516) x10 0x00000000
core   0: 0x8000795e (0x86fe2137) lui     sp, 0x86fe2
core   0: 3 0x8000795e (0x86fe2137) x 2 0x86fe2000
core   0: 0x80007962 (0x01657263) bgeu    a0, s6, pc + 4
core   0: 3 0x80007962 (0x01657263)
core   0: 0x80007966 (0x0000100f) fence.i
core   0: 3 0x80007966 (0x0000100f)
core   0: 0x8000796a (0x0000138c) c.addi4spn a1, sp, 480
core   0: 3 0x8000796a (0x138c) x11 0x86fe21e0
core   0: 0x8000796c (0x00008fa5) c.xor   a5, s1
core   0: 3 0x8000796c (0x8fa5) x15 0x00000000
core   0: 0x8000796e (0x00a1cab3) xor     s5, gp, a0
core   0: 3 0x8000796e (0x00a1cab3) x21 0x00000007
core   0: 0x80007972 (0x027202b3) mul     t0, tp, t2
core   0: 3 0x80007972 (0x027202b3) x 5 0x01b00000
core   0: 0x80007976 (0x0000ee89) c.bnez  a3, pc + 26
core   0: 3 0x80007976 (0xee89)
core   0: 0x80007990 (0x00276c33) or      s8, a4, sp
core   0: 3 0x80007990 (0x00276c33) x24 0x86fe2000
core   0: 0x80007994 (0x00cf0463) beq     t5, a2, pc + 8
core   0: 3 0x80007994 (0x00cf0463)
core   0: 0x80007998 (0x02032ab3) mulhsu  s5, t1, zero
core   0: 3 0x80007998 (0x02032ab3) x21 0x00000000
core   0: 0x8000799c (0x00008d79) c.and   a0, a4
core   0: 3 0x8000799c (0x8d79) x10 0x00000000
core   0: 0x8000799e (0x02369163) bne     a3, gp, pc + 34
core   0: 3 0x8000799e (0x02369163)
core   0: 0x800079a2 (0xa9b2ca93) xori    s5, t0, -1381
core   0: 3 0x800079a2 (0xa9b2ca93) x21 0xfe4ffa9b
core   0: 0x800079a6 (0xc352b893) sltiu   a7, t0, -971
core   0: 3 0x800079a6 (0xc352b893) x17 0x00000001
core   0: 0x800079aa (0x02556f33) rem     t5, a0, t0
core   0: 3 0x800079aa (0x02556f33) x30 0x00000000
core   0: 0x800079ae (0x00000001) c.nop
core   0: 3 0x800079ae (0x0001)
core   0: 0x800079b0 (0x00383133) sltu    sp, a6, gp
core   0: 3 0x800079b0 (0x00383133) x 2 0x00000001
core   0: 0x800079b4 (0x0000100f) fence.i
core   0: 3 0x800079b4 (0x0000100f)
core   0: 0x800079b8 (0x03790eb3) mul     t4, s2, s7
core   0: 3 0x800079b8 (0x03790eb3) x29 0x7fea2bfc
core   0: 0x800079bc (0x00000d05) c.addi  s10, 1
core   0: 3 0x800079bc (0x0d05) x26 0x00018001
core   0: 0x800079be (0x00000001) c.nop
core   0: 3 0x800079be (0x0001)
core   0: 0x800079c0 (0x00000001) c.nop
core   0: 3 0x800079c0 (0x0001)
core   0: 0x800079c2 (0x72e50c13) addi    s8, a0, 1838
core   0: 3 0x800079c2 (0x72e50c13) x24 0x0000072e
core   0: 0x800079c6 (0x022862b3) rem     t0, a6, sp
core   0: 3 0x800079c6 (0x022862b3) x 5 0x00000000
core   0: 0x800079ca (0x00008b92) c.mv    s7, tp
core   0: 3 0x800079ca (0x8b92) x23 0x01b00000
core   0: 0x800079cc (0x009e44b3) xor     s1, t3, s1
core   0: 3 0x800079cc (0x009e44b3) x 9 0xffffffff
core   0: 0x800079d0 (0x00001a7d) c.addi  s4, -1
core   0: 3 0x800079d0 (0x1a7d) x20 0xffffffff
core   0: 0x800079d2 (0x006e9993) slli    s3, t4, 6
core   0: 3 0x800079d2 (0x006e9993) x19 0xfa8aff00
core   0: 0x800079d6 (0x4a8af717) auipc   a4, 0x4a8af
core   0: 3 0x800079d6 (0x4a8af717) x14 0xca8b69d6
core   0: 0x800079da (0x037af3b3) remu    t2, s5, s7
core   0: 3 0x800079da (0x037af3b3) x 7 0x012ffa9b
core   0: 0x800079de (0x03b56863) bltu    a0, s11, pc + 48
core   0: 3 0x800079de (0x03b56863)
core   0: 0x80007a0e (0x0000070e) c.slli  a4, 3
core   0: 3 0x80007a0e (0x070e) x14 0x545b4eb0
core   0: 0x80007a10 (0x40d9da93) srai    s5, s3, 13
core   0: 3 0x80007a10 (0x40d9da93) x21 0xffffd457
core   0: 0x80007a14 (0x00006261) c.lui   tp, 0x18
core   0: 3 0x80007a14 (0x6261) x 4 0x00018000
core   0: 0x80007a16 (0x51a6c797) auipc   a5, 0x51a6c
core   0: 3 0x80007a16 (0x51a6c797) x15 0xd1a73a16
core   0: 0x80007a1a (0x00008e71) c.and   a2, a2
core   0: 3 0x80007a1a (0x8e71) x12 0xf83769d0
core   0: 0x80007a1c (0x02a65b63) bge     a2, a0, pc + 54
core   0: 3 0x80007a1c (0x02a65b63)
core   0: 0x80007a20 (0x0029ebb3) or      s7, s3, sp
core   0: 3 0x80007a20 (0x0029ebb3) x23 0xfa8aff01
core   0: 0x80007a24 (0x0133a133) slt     sp, t2, s3
core   0: 3 0x80007a24 (0x0133a133) x 2 0x00000000
core   0: 0x80007a28 (0x0000838d) c.srli  a5, 3
core   0: 3 0x80007a28 (0x838d) x15 0x1a34e742
core   0: 0x80007a2a (0x02c0bf33) mulhu   t5, ra, a2
core   0: 3 0x80007a2a (0x02c0bf33) x30 0xf837673a
core   0: 0x80007a2e (0x41388233) sub     tp, a7, s3
core   0: 3 0x80007a2e (0x41388233) x 4 0x05750101
core   0: 0x80007a32 (0x82da8013) addi    zero, s5, -2003
core   0: 3 0x80007a32 (0x82da8013)
core   0: 0x80007a36 (0x000006fe) c.slli  a3, 31
core   0: 3 0x80007a36 (0x06fe) x13 0x80000000
core   0: 0x80007a38 (0x00000001) c.nop
core   0: 3 0x80007a38 (0x0001)
core   0: 0x80007a3a (0x034fbeb3) mulhu   t4, t6, s4
core   0: 3 0x80007a3a (0x034fbeb3) x29 0x00000000
core   0: 0x80007a3e (0x00000001) c.nop
core   0: 3 0x80007a3e (0x0001)
core   0: 0x80007a40 (0x00008efd) c.and   a3, a5
core   0: 3 0x80007a40 (0x8efd) x13 0x00000000
core   0: 0x80007a42 (0x04947d63) bgeu    s0, s1, pc + 90
core   0: 3 0x80007a42 (0x04947d63)
core   0: 0x80007a46 (0x011736b3) sltu    a3, a4, a7
core   0: 3 0x80007a46 (0x011736b3) x13 0x00000000
core   0: 0x80007a4a (0x05855363) bge     a0, s8, pc + 70
core   0: 3 0x80007a4a (0x05855363)
core   0: 0x80007a4e (0xb9393cb7) lui     s9, 0xb9393
core   0: 3 0x80007a4e (0xb9393cb7) x25 0xb9393000
core   0: 0x80007a52 (0x000012fd) c.addi  t0, -1
core   0: 3 0x80007a52 (0x12fd) x 5 0xffffffff
core   0: 0x80007a54 (0x00008f75) c.and   a4, a3
core   0: 3 0x80007a54 (0x8f75) x14 0x00000000
core   0: 0x80007a56 (0x00000001) c.nop
core   0: 3 0x80007a56 (0x0001)
core   0: 0x80007a58 (0x5a75b193) sltiu   gp, a1, 1447
core   0: 3 0x80007a58 (0x5a75b193) x 3 0x00000000
core   0: 0x80007a5c (0x006beb33) or      s6, s7, t1
core   0: 3 0x80007a5c (0x006beb33) x22 0xffffffff
core   0: 0x80007a60 (0x6845c693) xori    a3, a1, 1668
core   0: 3 0x80007a60 (0x6845c693) x13 0x86fe2764
core   0: 0x80007a64 (0x00008c9d) c.sub   s1, a5
core   0: 3 0x80007a64 (0x8c9d) x 9 0xe5cb18bd
core   0: 0x80007a66 (0xb5c9e293) ori     t0, s3, -1188
core   0: 3 0x80007a66 (0xb5c9e293) x 5 0xffffff5c
core   0: 0x80007a6a (0x00900493) li      s1, 9
core   0: 3 0x80007a6a (0x00900493) x 9 0x00000009
core   0: 0x80007a6e (0x01715a93) srli    s5, sp, 23
core   0: 3 0x80007a6e (0x01715a93) x21 0x00000000
core   0: 0x80007a72 (0x00000001) c.nop
core   0: 3 0x80007a72 (0x0001)
core   0: 0x80007a74 (0x00701233) sll     tp, zero, t2
core   0: 3 0x80007a74 (0x00701233) x 4 0x00000000
core   0: 0x80007a78 (0x00008d0d) c.sub   a0, a1
core   0: 3 0x80007a78 (0x8d0d) x10 0x7901de20
core   0: 0x80007a7a (0x000014f5) c.addi  s1, -3
core   0: 3 0x80007a7a (0x14f5) x 9 0x00000006
core   0: 0x80007a7c (0x00000001) c.nop
core   0: 3 0x80007a7c (0x0001)
core   0: 0x80007a7e (0x41495b33) sra     s6, s2, s4
core   0: 3 0x80007a7e (0x41495b33) x22 0xffffffff
core   0: 0x80007a82 (0x0000f8fd) c.bnez  s1, pc - 10
core   0: 3 0x80007a82 (0xf8fd)
core   0: 0x80007a78 (0x00008d0d) c.sub   a0, a1
core   0: 3 0x80007a78 (0x8d0d) x10 0xf203bc40
core   0: 0x80007a7a (0x000014f5) c.addi  s1, -3
core   0: 3 0x80007a7a (0x14f5) x 9 0x00000003
core   0: 0x80007a7c (0x00000001) c.nop
core   0: 3 0x80007a7c (0x0001)
core   0: 0x80007a7e (0x41495b33) sra     s6, s2, s4
core   0: 3 0x80007a7e (0x41495b33) x22 0xffffffff
core   0: 0x80007a82 (0x0000f8fd) c.bnez  s1, pc - 10
core   0: 3 0x80007a82 (0xf8fd)
core   0: 0x80007a78 (0x00008d0d) c.sub   a0, a1
core   0: 3 0x80007a78 (0x8d0d) x10 0x6b059a60
core   0: 0x80007a7a (0x000014f5) c.addi  s1, -3
core   0: 3 0x80007a7a (0x14f5) x 9 0x00000000
core   0: 0x80007a7c (0x00000001) c.nop
core   0: 3 0x80007a7c (0x0001)
core   0: 0x80007a7e (0x41495b33) sra     s6, s2, s4
core   0: 3 0x80007a7e (0x41495b33) x22 0xffffffff
core   0: 0x80007a82 (0x0000f8fd) c.bnez  s1, pc - 10
core   0: 3 0x80007a82 (0xf8fd)
core   0: 0x80007a84 (0x00008ee1) c.and   a3, s0
core   0: 3 0x80007a84 (0x8ee1) x13 0x00000000
core   0: 0x80007a86 (0x00000001) c.nop
core   0: 3 0x80007a86 (0x0001)
core   0: 0x80007a88 (0x00008cfd) c.and   s1, a5
core   0: 3 0x80007a88 (0x8cfd) x 9 0x00000000
core   0: 0x80007a8a (0x408f82b3) sub     t0, t6, s0
core   0: 3 0x80007a8a (0x408f82b3) x 5 0x00000001
core   0: 0x80007a8e (0x00008e55) c.or    a2, a3
core   0: 3 0x80007a8e (0x8e55) x12 0xf83769d0
core   0: 0x80007a90 (0x42feec17) auipc   s8, 0x42fee
core   0: 3 0x80007a90 (0x42feec17) x24 0xc2ff5a90
core   0: 0x80007a94 (0x031988b3) mul     a7, s3, a7
core   0: 3 0x80007a94 (0x031988b3) x17 0xfa8aff00
core   0: 0x80007a98 (0xa8808513) addi    a0, ra, -1400
core   0: 3 0x80007a98 (0xa8808513) x10 0xfffff7de
core   0: 0x80007a9c (0x03145cb3) divu    s9, s0, a7
core   0: 3 0x80007a9c (0x03145cb3) x25 0x00000000
core   0: 0x80007aa0 (0x01392bb3) slt     s7, s2, s3
core   0: 3 0x80007aa0 (0x01392bb3) x23 0x00000001
core   0: 0x80007aa4 (0x41f28d33) sub     s10, t0, t6
core   0: 3 0x80007aa4 (0x41f28d33) x26 0x00000000
core   0: 0x80007aa8 (0x000090e2) c.add   ra, s8
core   0: 3 0x80007aa8 (0x90e2) x 1 0xc2ff57e6
core   0: 0x80007aaa (0x01e08f63) beq     ra, t5, pc + 30
core   0: 3 0x80007aaa (0x01e08f63)
core   0: 0x80007aae (0x019c5593) srli    a1, s8, 25
core   0: 3 0x80007aae (0x019c5593) x11 0x00000061
core   0: 0x80007ab2 (0x0346abb3) mulhsu  s7, a3, s4
core   0: 3 0x80007ab2 (0x0346abb3) x23 0x00000000
core   0: 0x80007ab6 (0x00006829) c.lui   a6, 0xa
core   0: 3 0x80007ab6 (0x6829) x16 0x0000a000
core   0: 0x80007ab8 (0x0387df33) divu    t5, a5, s8
core   0: 3 0x80007ab8 (0x0387df33) x30 0x00000000
core   0: 0x80007abc (0xecb56f93) ori     t6, a0, -309
core   0: 3 0x80007abc (0xecb56f93) x31 0xffffffdf
core   0: 0x80007ac0 (0x00f16ab3) or      s5, sp, a5
core   0: 3 0x80007ac0 (0x00f16ab3) x21 0x1a34e742
core   0: 0x80007ac4 (0x0000e919) c.bnez  a0, pc + 22
core   0: 3 0x80007ac4 (0xe919)
core   0: 0x80007ada (0x0000856d) c.srai  a0, 27
core   0: 3 0x80007ada (0x856d) x10 0xffffffff
core   0: 0x80007adc (0x40958633) sub     a2, a1, s1
core   0: 3 0x80007adc (0x40958633) x12 0x00000061
core   0: 0x80007ae0 (0x40150733) sub     a4, a0, ra
core   0: 3 0x80007ae0 (0x40150733) x14 0x3d00a819
core   0: 0x80007ae4 (0x00008dbd) c.xor   a1, a5
core   0: 3 0x80007ae4 (0x8dbd) x11 0x1a34e723
core   0: 0x80007ae6 (0x0ff0000f) fence   iorw,iorw
core   0: 3 0x80007ae6 (0x0ff0000f)
core   0: 0x80007aea (0x014f39b3) sltu    s3, t5, s4
core   0: 3 0x80007aea (0x014f39b3) x19 0x00000001
core   0: 0x80007aee (0x002b0233) add     tp, s6, sp
core   0: 3 0x80007aee (0x002b0233) x 4 0xffffffff
core   0: 0x80007af2 (0x0203c1b3) div     gp, t2, zero
core   0: 3 0x80007af2 (0x0203c1b3) x 3 0xffffffff
core   0: 0x80007af6 (0x0236eb33) rem     s6, a3, gp
core   0: 3 0x80007af6 (0x0236eb33) x22 0x00000000
core   0: 0x80007afa (0x02707263) bgeu    zero, t2, pc + 36
core   0: 3 0x80007afa (0x02707263)
core   0: 0x80007afe (0x014d27b3) slt     a5, s10, s4
core   0: 3 0x80007afe (0x014d27b3) x15 0x00000000
core   0: 0x80007b02 (0x0152fc63) bgeu    t0, s5, pc + 24
core   0: 3 0x80007b02 (0x0152fc63)
core   0: 0x80007b06 (0x00e4ba33) sltu    s4, s1, a4
core   0: 3 0x80007b06 (0x00e4ba33) x20 0x00000001
core   0: 0x80007b0a (0xf3762d17) auipc   s10, 0xf3762
core   0: 3 0x80007b0a (0xf3762d17) x26 0x73769b0a
core   0: 0x80007b0e (0x03e4b3b3) mulhu   t2, s1, t5
core   0: 3 0x80007b0e (0x03e4b3b3) x 7 0x00000000
core   0: 0x80007b12 (0x008a4863) blt     s4, s0, pc + 16
core   0: 3 0x80007b12 (0x008a4863)
core   0: 0x80007b16 (0x016380b3) add     ra, t2, s6
core   0: 3 0x80007b16 (0x016380b3) x 1 0x00000000
core   0: 0x80007b1a (0x029655b3) divu    a1, a2, s1
core   0: 3 0x80007b1a (0x029655b3) x11 0xffffffff
core   0: 0x80007b1e (0x009a4eb3) xor     t4, s4, s1
core   0: 3 0x80007b1e (0x009a4eb3) x29 0x00000001
core   0: 0x80007b22 (0x40b350b3) sra     ra, t1, a1
core   0: 3 0x80007b22 (0x40b350b3) x 1 0xffffffff
core   0: 0x80007b26 (0x089ea813) slti    a6, t4, 137
core   0: 3 0x80007b26 (0x089ea813) x16 0x00000001
core   0: 0x80007b2a (0x00080c33) add     s8, a6, zero
core   0: 3 0x80007b2a (0x00080c33) x24 0x00000001
core   0: 0x80007b2e (0x02478333) mul     t1, a5, tp
core   0: 3 0x80007b2e (0x02478333) x 6 0x00000000
core   0: 0x80007b32 (0x01531c33) sll     s8, t1, s5
core   0: 3 0x80007b32 (0x01531c33) x24 0x00000000
core   0: 0x80007b36 (0x00113cb3) sltu    s9, sp, ra
core   0: 3 0x80007b36 (0x00113cb3) x25 0x00000001
core   0: 0x80007b3a (0x02d77a63) bgeu    a4, a3, pc + 52
core   0: 3 0x80007b3a (0x02d77a63)
core   0: 0x80007b6e (0x41d9db93) srai    s7, s3, 29
core   0: 3 0x80007b6e (0x41d9db93) x23 0x00000000
core   0: 0x80007b72 (0x00781e13) slli    t3, a6, 7
core   0: 3 0x80007b72 (0x00781e13) x28 0x00000080
core   0: 0x80007b76 (0x02d56563) bltu    a0, a3, pc + 42
core   0: 3 0x80007b76 (0x02d56563)
core   0: 0x80007b7a (0x0387a5b3) mulhsu  a1, a5, s8
core   0: 3 0x80007b7a (0x0387a5b3) x11 0x00000000
core   0: 0x80007b7e (0x00008e71) c.and   a2, a2
core   0: 3 0x80007b7e (0x8e71) x12 0x00000061
core   0: 0x80007b80 (0x582a2513) slti    a0, s4, 1410
core   0: 3 0x80007b80 (0x582a2513) x10 0x00000001
core   0: 0x80007b84 (0x00bbd993) srli    s3, s7, 11
core   0: 3 0x80007b84 (0x00bbd993) x19 0x00000000
core   0: 0x80007b88 (0x00008dc9) c.or    a1, a0
core   0: 3 0x80007b88 (0x8dc9) x11 0x00000001
core   0: 0x80007b8a (0x00008e55) c.or    a2, a3
core   0: 3 0x80007b8a (0x8e55) x12 0x00000061
core   0: 0x80007b8c (0x000046a5) c.li    a3, 9
core   0: 3 0x80007b8c (0x46a5) x13 0x00000009
core   0: 0x80007b8e (0x029cbb33) mulhu   s6, s9, s1
core   0: 3 0x80007b8e (0x029cbb33) x22 0x00000000
core   0: 0x80007b92 (0x026b9e33) mulh    t3, s7, t1
core   0: 3 0x80007b92 (0x026b9e33) x28 0x00000000
core   0: 0x80007b96 (0xfaa3a313) slti    t1, t2, -86
core   0: 3 0x80007b96 (0xfaa3a313) x 6 0x00000000
core   0: 0x80007b9a (0x00008ecd) c.or    a3, a1
core   0: 3 0x80007b9a (0x8ecd) x13 0x00000009
core   0: 0x80007b9c (0x02c3fcb3) remu    s9, t2, a2
core   0: 3 0x80007b9c (0x02c3fcb3) x25 0x00000000
core   0: 0x80007ba0 (0x013ca6b3) slt     a3, s9, s3
core   0: 3 0x80007ba0 (0x013ca6b3) x13 0x00000000
core   0: 0x80007ba4 (0x00006ec9) c.lui   t4, 0x12
core   0: 3 0x80007ba4 (0x6ec9) x29 0x00012000
core   0: 0x80007ba6 (0x00008e99) c.sub   a3, a4
core   0: 3 0x80007ba6 (0x8e99) x13 0xc2ff57e7
core   0: 0x80007ba8 (0x0000717d) c.addi16sp sp, -16
core   0: 3 0x80007ba8 (0x717d) x 2 0xfffffff0
core   0: 0x80007baa (0x011e65b3) or      a1, t3, a7
core   0: 3 0x80007baa (0x011e65b3) x11 0xfa8aff00
core   0: 0x80007bae (0xdb95c713) xori    a4, a1, -583
core   0: 3 0x80007bae (0xdb95c713) x14 0x057502b9
core   0: 0x80007bb2 (0x0000100f) fence.i
core   0: 3 0x80007bb2 (0x0000100f)
core   0: 0x80007bb6 (0x01c246b3) xor     a3, tp, t3
core   0: 3 0x80007bb6 (0x01c246b3) x13 0xffffffff
core   0: 0x80007bba (0x5fbcbc93) sltiu   s9, s9, 1531
core   0: 3 0x80007bba (0x5fbcbc93) x25 0x00000001
core   0: 0x80007bbe (0x00000001) c.nop
core   0: 3 0x80007bbe (0x0001)
core   0: 0x80007bc0 (0x03d96bb3) rem     s7, s2, t4
core   0: 3 0x80007bc0 (0x03d96bb3) x23 0xfffeece4
core   0: 0x80007bc4 (0x002ccb63) blt     s9, sp, pc + 22
core   0: 3 0x80007bc4 (0x002ccb63)
core   0: 0x80007bc8 (0x02e4a733) mulhsu  a4, s1, a4
core   0: 3 0x80007bc8 (0x02e4a733) x14 0x00000000
core   0: 0x80007bcc (0x03fba033) mulhsu  zero, s7, t6
core   0: 3 0x80007bcc (0x03fba033)
core   0: 0x80007bd0 (0x0a58b313) sltiu   t1, a7, 165
core   0: 3 0x80007bd0 (0x0a58b313) x 6 0x00000000
core   0: 0x80007bd4 (0x0000e185) c.bnez  a1, pc + 32
core   0: 3 0x80007bd4 (0xe185)
core   0: 0x80007bf4 (0x00008192) c.mv    gp, tp
core   0: 3 0x80007bf4 (0x8192) x 3 0xffffffff
core   0: 0x80007bf6 (0x41245293) srai    t0, s0, 18
core   0: 3 0x80007bf6 (0x41245293) x 5 0x00000000
core   0: 0x80007bfa (0x04308363) beq     ra, gp, pc + 70
core   0: 3 0x80007bfa (0x04308363)
core   0: 0x80007c40 (0xd2ed7d13) andi    s10, s10, -722
core   0: 3 0x80007c40 (0xd2ed7d13) x26 0x7376990a
core   0: 0x80007c44 (0x00001e7d) c.addi  t3, -1
core   0: 3 0x80007c44 (0x1e7d) x28 0xffffffff
core   0: 0x80007c46 (0x0108d993) srli    s3, a7, 16
core   0: 3 0x80007c46 (0x0108d993) x19 0x0000fa8a
core   0: 0x80007c4a (0x014a5033) srl     zero, s4, s4
core   0: 3 0x80007c4a (0x014a5033)
core   0: 0x80007c4e (0x015bf833) and     a6, s7, s5
core   0: 3 0x80007c4e (0x015bf833) x16 0x1a34e440
core   0: 0x80007c52 (0x9b2cac93) slti    s9, s9, -1614
core   0: 3 0x80007c52 (0x9b2cac93) x25 0x00000000
core   0: 0x80007c56 (0x005e7863) bgeu    t3, t0, pc + 16
core   0: 3 0x80007c56 (0x005e7863)
core   0: 0x80007c66 (0xa4cc7693) andi    a3, s8, -1460
core   0: 3 0x80007c66 (0xa4cc7693) x13 0x00000000
core   0: 0x80007c6a (0xc4d47593) andi    a1, s0, -947
core   0: 3 0x80007c6a (0xc4d47593) x11 0x00000000
core   0: 0x80007c6e (0x002957b3) srl     a5, s2, sp
core   0: 3 0x80007c6e (0x002957b3) x15 0x00008002
core   0: 0x80007c72 (0x018e0033) add     zero, t3, s8
core   0: 3 0x80007c72 (0x018e0033)
core   0: 0x80007c76 (0x01ddc9b3) xor     s3, s11, t4
core   0: 3 0x80007c76 (0x01ddc9b3) x19 0x80030e24
core   0: 0x80007c7a (0x00008616) c.mv    a2, t0
core   0: 3 0x80007c7a (0x8616) x12 0x00000000
core   0: 0x80007c7c (0x021de363) bltu    s11, ra, pc + 38
core   0: 3 0x80007c7c (0x021de363)
core   0: 0x80007ca2 (0xa231fc93) andi    s9, gp, -1501
core   0: 3 0x80007ca2 (0xa231fc93) x25 0xfffffa23
core   0: 0x80007ca6 (0x40fcdcb3) sra     s9, s9, a5
core   0: 3 0x80007ca6 (0x40fcdcb3) x25 0xfffffe88
core   0: 0x80007caa (0x77af7637) lui     a2, 0x77af7
core   0: 3 0x80007caa (0x77af7637) x12 0x77af7000
core   0: 0x80007cae (0x0138c1b3) xor     gp, a7, s3
core   0: 3 0x80007cae (0x0138c1b3) x 3 0x7a89f124
core   0: 0x80007cb2 (0x97c34097) auipc   ra, 0x97c34
core   0: 3 0x80007cb2 (0x97c34097) x 1 0x17c3bcb2
core   0: 0x80007cb6 (0x014a9763) bne     s5, s4, pc + 14
core   0: 3 0x80007cb6 (0x014a9763)
core   0: 0x80007cc4 (0x00008a0a) c.mv    s4, sp
core   0: 3 0x80007cc4 (0x8a0a) x20 0xfffffff0
core   0: 0x80007cc6 (0x00008d31) c.xor   a0, a2
core   0: 3 0x80007cc6 (0x8d31) x10 0x77af7001
core   0: 0x80007cc8 (0x0000c74d) c.beqz  a4, pc + 170
core   0: 3 0x80007cc8 (0xc74d)
core   0: 0x80007d72 (0x037f5f63) bge     t5, s7, pc + 62
core   0: 3 0x80007d72 (0x037f5f63)
core   0: 0x80007db0 (0x90de0597) auipc   a1, 0x90de0
core   0: 3 0x80007db0 (0x90de0597) x11 0x10de7db0
core   0: 0x80007db4 (0x41785b93) srai    s7, a6, 23
core   0: 3 0x80007db4 (0x41785b93) x23 0x00000034
core   0: 0x80007db8 (0x00008db5) c.xor   a1, a3
core   0: 3 0x80007db8 (0x8db5) x11 0x10de7db0
core   0: 0x80007dba (0x01affe33) and     t3, t6, s10
core   0: 3 0x80007dba (0x01affe33) x28 0x7376990a
core   0: 0x80007dbe (0x000089f6) c.mv    s3, t4
core   0: 3 0x80007dbe (0x89f6) x19 0x00012000
core   0: 0x80007dc0 (0x02038c63) beqz    t2, pc + 56
core   0: 3 0x80007dc0 (0x02038c63)
core   0: 0x80007df8 (0x034c5333) divu    t1, s8, s4
core   0: 3 0x80007df8 (0x034c5333) x 6 0x00000000
core   0: 0x80007dfc (0x00008db9) c.xor   a1, a4
core   0: 3 0x80007dfc (0x8db9) x11 0x10de7db0
core   0: 0x80007dfe (0x019d7d33) and     s10, s10, s9
core   0: 3 0x80007dfe (0x019d7d33) x26 0x73769808
core   0: 0x80007e02 (0x00008e59) c.or    a2, a4
core   0: 3 0x80007e02 (0x8e59) x12 0x77af7000
core   0: 0x80007e04 (0x00008a22) c.mv    s4, s0
core   0: 3 0x80007e04 (0x8a22) x20 0x00000000
core   0: 0x80007e06 (0x0000039a) c.slli  t2, 6
core   0: 3 0x80007e06 (0x039a) x 7 0x00000000
core   0: 0x80007e08 (0x0000100f) fence.i
core   0: 3 0x80007e08 (0x0000100f)
core   0: 0x80007e0c (0x0ff0000f) fence   iorw,iorw
core   0: 3 0x80007e0c (0x0ff0000f)
core   0: 0x80007e10 (0x0000ea11) c.bnez  a2, pc + 20
core   0: 3 0x80007e10 (0xea11)
core   0: 0x80007e24 (0x04cebb17) auipc   s6, 0x4ceb
core   0: 3 0x80007e24 (0x04cebb17) x22 0x84cf2e24
core   0: 0x80007e28 (0x00e9cf33) xor     t5, s3, a4
core   0: 3 0x80007e28 (0x00e9cf33) x30 0x00012000
core   0: 0x80007e2c (0x000080d1) c.srli  s1, 20
core   0: 3 0x80007e2c (0x80d1) x 9 0x00000000
core   0: 0x80007e2e (0x27f9ce13) xori    t3, s3, 639
core   0: 3 0x80007e2e (0x27f9ce13) x28 0x0001227f
core   0: 0x80007e32 (0x00008795) c.srai  a5, 5
core   0: 3 0x80007e32 (0x8795) x15 0x00000400
core   0: 0x80007e34 (0x00004af9) c.li    s5, 30
core   0: 3 0x80007e34 (0x4af9) x21 0x0000001e
core   0: 0x80007e36 (0x00008d35) c.xor   a0, a3
core   0: 3 0x80007e36 (0x8d35) x10 0x77af7001
core   0: 0x80007e38 (0x030a1563) bne     s4, a6, pc + 42
core   0: 3 0x80007e38 (0x030a1563)
core   0: 0x80007e62 (0x0000100f) fence.i
core   0: 3 0x80007e62 (0x0000100f)
core   0: 0x80007e66 (0x00000001) c.nop
core   0: 3 0x80007e66 (0x0001)
core   0: 0x80007e68 (0x01a68c33) add     s8, a3, s10
core   0: 3 0x80007e68 (0x01a68c33) x24 0x73769808
core   0: 0x80007e6c (0xbb503117) auipc   sp, 0xbb503
core   0: 3 0x80007e6c (0xbb503117) x 2 0x3b50ae6c
core   0: 0x80007e70 (0x039c2533) mulhsu  a0, s8, s9
core   0: 3 0x80007e70 (0x039c2533) x10 0x7376975e
core   0: 0x80007e74 (0x0000100f) fence.i
core   0: 3 0x80007e74 (0x0000100f)
core   0: 0x80007e78 (0x311b3e13) sltiu   t3, s6, 785
core   0: 3 0x80007e78 (0x311b3e13) x28 0x00000000
core   0: 0x80007e7c (0x5921ce13) xori    t3, gp, 1426
core   0: 3 0x80007e7c (0x5921ce13) x28 0x7a89f4b6
core   0: 0x80007e80 (0x00000122) c.slli  sp, 8
core   0: 3 0x80007e80 (0x0122) x 2 0x50ae6c00
core   0: 0x80007e82 (0x00006839) c.lui   a6, 0xe
core   0: 3 0x80007e82 (0x6839) x16 0x0000e000
core   0: 0x80007e84 (0x5706c513) xori    a0, a3, 1392
core   0: 3 0x80007e84 (0x5706c513) x10 0x00000570
core   0: 0x80007e88 (0x0000c299) c.beqz  a3, pc + 6
core   0: 3 0x80007e88 (0xc299)
core   0: 0x80007e8e (0x0000c88d) c.beqz  s1, pc + 50
core   0: 3 0x80007e8e (0xc88d)
core   0: 0x80007ec0 (0xe5f56193) ori     gp, a0, -417
core   0: 3 0x80007ec0 (0xe5f56193) x 3 0xffffff7f
core   0: 0x80007ec4 (0x0000677d) c.lui   a4, 0x1f
core   0: 3 0x80007ec4 (0x677d) x14 0x0001f000
core   0: 0x80007ec6 (0x01861493) slli    s1, a2, 24
core   0: 3 0x80007ec6 (0x01861493) x 9 0x00000000
core   0: 0x80007eca (0x00524a33) xor     s4, tp, t0
core   0: 3 0x80007eca (0x00524a33) x20 0xffffffff
core   0: 0x80007ece (0x42dbb093) sltiu   ra, s7, 1069
core   0: 3 0x80007ece (0x42dbb093) x 1 0x00000001
core   0: 0x80007ed2 (0x00000b6a) c.slli  s6, 26
core   0: 3 0x80007ed2 (0x0b6a) x22 0x90000000
core   0: 0x80007ed4 (0x000009de) c.slli  s3, 23
core   0: 3 0x80007ed4 (0x09de) x19 0x00000000
core   0: 0x80007ed6 (0x41678bb3) sub     s7, a5, s6
core   0: 3 0x80007ed6 (0x41678bb3) x23 0x70000400
core   0: 0x80007eda (0x01988e63) beq     a7, s9, pc + 28
core   0: 3 0x80007eda (0x01988e63)
core   0: 0x80007ede (0x00000001) c.nop
core   0: 3 0x80007ede (0x0001)
core   0: 0x80007ee0 (0x02e51963) bne     a0, a4, pc + 50
core   0: 3 0x80007ee0 (0x02e51963)
core   0: 0x80007f12 (0x02530133) mul     sp, t1, t0
core   0: 3 0x80007f12 (0x02530133) x 2 0x00000000
core   0: 0x80007f16 (0x00008271) c.srli  a2, 28
core   0: 3 0x80007f16 (0x8271) x12 0x00000007
core   0: 0x80007f18 (0x0596e063) bltu    a3, s9, pc + 64
core   0: 3 0x80007f18 (0x0596e063)
core   0: 0x80007f58 (0x01a55633) srl     a2, a0, s10
core   0: 3 0x80007f58 (0x01a55633) x12 0x00000005
core   0: 0x80007f5c (0x000095f6) c.add   a1, t4
core   0: 3 0x80007f5c (0x95f6) x11 0x10df9db0
core   0: 0x80007f5e (0x00008d75) c.and   a0, a3
core   0: 3 0x80007f5e (0x8d75) x10 0x00000000
core   0: 0x80007f60 (0x0297f633) remu    a2, a5, s1
core   0: 3 0x80007f60 (0x0297f633) x12 0x00000400
core   0: 0x80007f64 (0x033378b3) remu    a7, t1, s3
core   0: 3 0x80007f64 (0x033378b3) x17 0x00000000
core   0: 0x80007f68 (0x000089f5) c.andi  a1, 29
core   0: 3 0x80007f68 (0x89f5) x11 0x00000010
core   0: 0x80007f6a (0x8bc0cd13) xori    s10, ra, -1860
core   0: 3 0x80007f6a (0x8bc0cd13) x26 0xfffff8bd
core   0: 0x80007f6e (0x01186d63) bltu    a6, a7, pc + 26
core   0: 3 0x80007f6e (0x01186d63)
core   0: 0x80007f72 (0x0000c601) c.beqz  a2, pc + 8
core   0: 3 0x80007f72 (0xc601)
core   0: 0x80007f74 (0x00001590) c.addi4spn a2, sp, 736
core   0: 3 0x80007f74 (0x1590) x12 0x000002e0
core   0: 0x80007f76 (0x039dffb3) remu    t6, s11, s9
core   0: 3 0x80007f76 (0x039dffb3) x31 0x80022e24
core   0: 0x80007f7a (0x6d3ed037) lui     zero, 0x6d3ed
core   0: 3 0x80007f7a (0x6d3ed037)
core   0: 0x80007f7e (0x00008f46) c.mv    t5, a7
core   0: 3 0x80007f7e (0x8f46) x30 0x00000000
core   0: 0x80007f80 (0x00d81e33) sll     t3, a6, a3
core   0: 3 0x80007f80 (0x00d81e33) x28 0x0000e000
core   0: 0x80007f84 (0x0000486d) c.li    a6, 27
core   0: 3 0x80007f84 (0x486d) x16 0x0000001b
core   0: 0x80007f86 (0x000085a9) c.srai  a1, 10
core   0: 3 0x80007f86 (0x85a9) x11 0x00000000
core   0: 0x80007f88 (0x014f9693) slli    a3, t6, 20
core   0: 3 0x80007f88 (0x014f9693) x13 0xe2400000
core   0: 0x80007f8c (0x000080b5) c.srli  s1, 13
core   0: 3 0x80007f8c (0x80b5) x 9 0x00000000
core   0: 0x80007f8e (0x00008ed1) c.or    a3, a2
core   0: 3 0x80007f8e (0x8ed1) x13 0xe24002e0
core   0: 0x80007f90 (0x7b9bfe13) andi    t3, s7, 1977
core   0: 3 0x80007f90 (0x7b9bfe13) x28 0x00000400
core   0: 0x80007f94 (0x02789e33) mulh    t3, a7, t2
core   0: 3 0x80007f94 (0x02789e33) x28 0x00000000
core   0: 0x80007f98 (0x024669b3) rem     s3, a2, tp
core   0: 3 0x80007f98 (0x024669b3) x19 0x00000000
core   0: 0x80007f9c (0x03f89833) mulh    a6, a7, t6
core   0: 3 0x80007f9c (0x03f89833) x16 0x00000000
core   0: 0x80007fa0 (0x0374e963) bltu    s1, s7, pc + 50
core   0: 3 0x80007fa0 (0x0374e963)
core   0: 0x80007fd2 (0x0000ed1d) c.bnez  a0, pc + 62
core   0: 3 0x80007fd2 (0xed1d)
core   0: 0x80007fd4 (0x038ead33) mulhsu  s10, t4, s8
core   0: 3 0x80007fd4 (0x038ead33) x26 0x000081e5
core   0: 0x80007fd8 (0x00e79763) bne     a5, a4, pc + 14
core   0: 3 0x80007fd8 (0x00e79763)
core   0: 0x80007fe6 (0x416cd633) sra     a2, s9, s6
core   0: 3 0x80007fe6 (0x416cd633) x12 0xfffffe88
core   0: 0x80007fea (0x0000e511) c.bnez  a0, pc + 12
core   0: 3 0x80007fea (0xe511)
core   0: 0x80007fec (0x00008e8d) c.sub   a3, a1
core   0: 3 0x80007fec (0x8e8d) x13 0xe24002e0
core   0: 0x80007fee (0x00009b1a) c.add   s6, t1
core   0: 3 0x80007fee (0x9b1a) x22 0x90000000
core   0: 0x80007ff0 (0x00008c12) c.mv    s8, tp
core   0: 3 0x80007ff0 (0x8c12) x24 0xffffffff
core   0: 0x80007ff2 (0x00006159) c.addi16sp sp, 400
core   0: 3 0x80007ff2 (0x6159) x 2 0x00000190
core   0: 0x80007ff4 (0x00001108) c.addi4spn a0, sp, 160
core   0: 3 0x80007ff4 (0x1108) x10 0x00000230
core   0: 0x80007ff6 (0x0028b033) sltu    zero, a7, sp
core   0: 3 0x80007ff6 (0x0028b033)
core   0: 0x80007ffa (0x00bed193) srli    gp, t4, 11
core   0: 3 0x80007ffa (0x00bed193) x 3 0x00000024
core   0: 0x80007ffe (0x02f917b3) mulh    a5, s2, a5
core   0: 3 0x80007ffe (0x02f917b3) x15 0xfffffe00
core   0: 0x80008002 (0x03aa0a33) mul     s4, s4, s10
core   0: 3 0x80008002 (0x03aa0a33) x20 0xffff7e1b
core   0: 0x80008006 (0x030ab633) mulhu   a2, s5, a6
core   0: 3 0x80008006 (0x030ab633) x12 0x00000000
core   0: 0x8000800a (0x00008ef1) c.and   a3, a2
core   0: 3 0x8000800a (0x8ef1) x13 0x00000000
core   0: 0x8000800c (0x3d9fe213) ori     tp, t6, 985
core   0: 3 0x8000800c (0x3d9fe213) x 4 0x80022ffd
core   0: 0x80008010 (0x01d00d33) add     s10, zero, t4
core   0: 3 0x80008010 (0x01d00d33) x26 0x00012000
core   0: 0x80008014 (0x0317d463) bge     a5, a7, pc + 40
core   0: 3 0x80008014 (0x0317d463)
core   0: 0x80008018 (0x00009c46) c.add   s8, a7
core   0: 3 0x80008018 (0x9c46) x24 0xffffffff
core   0: 0x8000801a (0x012fe963) bltu    t6, s2, pc + 18
core   0: 3 0x8000801a (0x012fe963)
core   0: 0x8000802c (0x0000c229) c.beqz  a2, pc + 66
core   0: 3 0x8000802c (0xc229)
core   0: 0x8000806e (0xb9364a13) xori    s4, a2, -1133
core   0: 3 0x8000806e (0xb9364a13) x20 0xfffffb93
core   0: 0x80008072 (0x03c96a33) rem     s4, s2, t3
core   0: 3 0x80008072 (0x03c96a33) x20 0x80026ce4
core   0: 0x80008076 (0x0000717d) c.addi16sp sp, -16
core   0: 3 0x80008076 (0x717d) x 2 0x00000180
core   0: 0x80008078 (0x00008c99) c.sub   s1, a4
core   0: 3 0x80008078 (0x8c99) x 9 0xfffe1000
core   0: 0x8000807a (0x00000001) c.nop
core   0: 3 0x8000807a (0x0001)
core   0: 0x8000807c (0x4145df13) srai    t5, a1, 20
core   0: 3 0x8000807c (0x4145df13) x30 0x00000000
core   0: 0x80008080 (0x0000eb85) c.bnez  a5, pc + 48
core   0: 3 0x80008080 (0xeb85)
core   0: 0x800080b0 (0x0000e61d) c.bnez  a2, pc + 46
core   0: 3 0x800080b0 (0xe61d)
core   0: 0x800080b2 (0x010d98b3) sll     a7, s11, a6
core   0: 3 0x800080b2 (0x010d98b3) x17 0x80022e24
core   0: 0x800080b6 (0x0000157d) c.addi  a0, -1
core   0: 3 0x800080b6 (0x157d) x10 0x0000022f
core   0: 0x800080b8 (0x01b0c663) blt     ra, s11, pc + 12
core   0: 3 0x800080b8 (0x01b0c663)
core   0: 0x800080bc (0x00008d31) c.xor   a0, a2
core   0: 3 0x800080bc (0x8d31) x10 0x0000022f
core   0: 0x800080be (0x028c5b63) bge     s8, s0, pc + 54
core   0: 3 0x800080be (0x028c5b63)
core   0: 0x800080c2 (0x00006161) c.addi16sp sp, 80
core   0: 3 0x800080c2 (0x6161) x 2 0x000001d0
core   0: 0x800080c4 (0x03887f63) bgeu    a6, s8, pc + 62
core   0: 3 0x800080c4 (0x03887f63)
core   0: 0x800080c8 (0x00008981) c.andi  a1, 0
core   0: 3 0x800080c8 (0x8981) x11 0x00000000
core   0: 0x800080ca (0x01e43833) sltu    a6, s0, t5
core   0: 3 0x800080ca (0x01e43833) x16 0x00000000
core   0: 0x800080ce (0x00e7cc33) xor     s8, a5, a4
core   0: 3 0x800080ce (0x00e7cc33) x24 0xfffe0e00
core   0: 0x800080d2 (0x0365f063) bgeu    a1, s6, pc + 32
core   0: 3 0x800080d2 (0x0365f063)
core   0: 0x800080d6 (0x0eb12193) slti    gp, sp, 235
core   0: 3 0x800080d6 (0x0eb12193) x 3 0x00000000
core   0: 0x800080da (0x035d5663) bge     s10, s5, pc + 44
core   0: 3 0x800080da (0x035d5663)
core   0: 0x80008106 (0x019d1e63) bne     s10, s9, pc + 28
core   0: 3 0x80008106 (0x019d1e63)
core   0: 0x80008122 (0x01855013) srli    zero, a0, 24
core   0: 3 0x80008122 (0x01855013)
core   0: 0x80008126 (0x022dad33) mulhsu  s10, s11, sp
core   0: 3 0x80008126 (0x022dad33) x26 0xffffff18
core   0: 0x8000812a (0x54f90c93) addi    s9, s2, 1359
core   0: 3 0x8000812a (0x54f90c93) x25 0x80027233
core   0: 0x8000812e (0x00000001) c.nop
core   0: 3 0x8000812e (0x0001)
core   0: 0x80008130 (0xdf573d17) auipc   s10, 0xdf573
core   0: 3 0x80008130 (0xdf573d17) x26 0x5f57b130
core   0: 0x80008134 (0x0000ca89) c.beqz  a3, pc + 18
core   0: 3 0x80008134 (0xca89)
core   0: 0x80008146 (0x0000e791) c.bnez  a5, pc + 12
core   0: 3 0x80008146 (0xe791)
core   0: 0x80008152 (0x02961833) mulh    a6, a2, s1
core   0: 3 0x80008152 (0x02961833) x16 0x00000000
core   0: 0x80008156 (0x03bff733) remu    a4, t6, s11
core   0: 3 0x80008156 (0x03bff733) x14 0x00000000
core   0: 0x8000815a (0x41095233) sra     tp, s2, a6
core   0: 3 0x8000815a (0x41095233) x 4 0x80026ce4
core   0: 0x8000815e (0x012c93b3) sll     t2, s9, s2
core   0: 3 0x8000815e (0x012c93b3) x 7 0x00272330
core   0: 0x80008162 (0x4187dd33) sra     s10, a5, s8
core   0: 3 0x80008162 (0x4187dd33) x26 0xfffffe00
core   0: 0x80008166 (0xea31a313) slti    t1, gp, -349
core   0: 3 0x80008166 (0xea31a313) x 6 0x00000000
core   0: 0x8000816a (0xae928b13) addi    s6, t0, -1303
core   0: 3 0x8000816a (0xae928b13) x22 0xfffffae9
core   0: 0x8000816e (0x0000c62d) c.beqz  a2, pc + 106
core   0: 3 0x8000816e (0xc62d)
core   0: 0x800081d8 (0x0000823d) c.srli  a2, 15
core   0: 3 0x800081d8 (0x823d) x12 0x00000000
core   0: 0x800081da (0xc2a56e93) ori     t4, a0, -982
core   0: 3 0x800081da (0xc2a56e93) x29 0xfffffe2f
core   0: 0x800081de (0x418e5693) srai    a3, t3, 24
core   0: 3 0x800081de (0x418e5693) x13 0x00000000
core   0: 0x800081e2 (0x0322f6b3) remu    a3, t0, s2
core   0: 3 0x800081e2 (0x0322f6b3) x13 0x00000000
core   0: 0x800081e6 (0x00000eea) c.slli  t4, 26
core   0: 3 0x800081e6 (0x0eea) x29 0xbc000000
core   0: 0x800081e8 (0x01b5fc63) bgeu    a1, s11, pc + 24
core   0: 3 0x800081e8 (0x01b5fc63)
core   0: 0x800081ec (0x0d918793) addi    a5, gp, 217
core   0: 3 0x800081ec (0x0d918793) x15 0x000000d9
core   0: 0x800081f0 (0x019c91b3) sll     gp, s9, s9
core   0: 3 0x800081f0 (0x019c91b3) x 3 0x91980000
core   0: 0x800081f4 (0x0000717d) c.addi16sp sp, -16
core   0: 3 0x800081f4 (0x717d) x 2 0x000001c0
core   0: 0x800081f6 (0x034d60b3) rem     ra, s10, s4
core   0: 3 0x800081f6 (0x034d60b3) x 1 0xfffffe00
core   0: 0x800081fa (0x9d1fa637) lui     a2, 0x9d1fa
core   0: 3 0x800081fa (0x9d1fa637) x12 0x9d1fa000
core   0: 0x800081fe (0x00006f4d) c.lui   t5, 0x13
core   0: 3 0x800081fe (0x6f4d) x30 0x00013000
core   0: 0x80008200 (0x0302fe33) remu    t3, t0, a6
core   0: 3 0x80008200 (0x0302fe33) x28 0x00000000
core   0: 0x80008204 (0x39c43213) sltiu   tp, s0, 924
core   0: 3 0x80008204 (0x39c43213) x 4 0x00000001
core   0: 0x80008208 (0x012c5e13) srli    t3, s8, 18
core   0: 3 0x80008208 (0x012c5e13) x28 0x00003fff
core   0: 0x8000820c (0x0567d063) bge     a5, s6, pc + 64
core   0: 3 0x8000820c (0x0567d063)
core   0: 0x8000824c (0xc866f193) andi    gp, a3, -890
core   0: 3 0x8000824c (0xc866f193) x 3 0x00000000
core   0: 0x80008250 (0x00008f81) c.sub   a5, s0
core   0: 3 0x80008250 (0x8f81) x15 0x000000d9
core   0: 0x80008252 (0x009a5ab3) srl     s5, s4, s1
core   0: 3 0x80008252 (0x009a5ab3) x21 0x80026ce4
core   0: 0x80008256 (0x03605f33) divu    t5, zero, s6
core   0: 3 0x80008256 (0x03605f33) x30 0x00000000
core   0: 0x8000825a (0x40a6d293) srai    t0, a3, 10
core   0: 3 0x8000825a (0x40a6d293) x 5 0x00000000
core   0: 0x8000825e (0x00000b04) c.addi4spn s1, sp, 400
core   0: 3 0x8000825e (0x0b04) x 9 0x00000350
core   0: 0x80008260 (0x0000537d) c.li    t1, -1
core   0: 3 0x80008260 (0x537d) x 6 0xffffffff
core   0: 0x80008262 (0x000006a2) c.slli  a3, 8
core   0: 3 0x80008262 (0x06a2) x13 0x00000000
core   0: 0x80008264 (0x01544663) blt     s0, s5, pc + 12
core   0: 3 0x80008264 (0x01544663)
core   0: 0x80008268 (0x01239713) slli    a4, t2, 18
core   0: 3 0x80008268 (0x01239713) x14 0x8cc00000
core   0: 0x8000826c (0x000000c1) c.addi  ra, 16
core   0: 3 0x8000826c (0x00c1) x 1 0xfffffe10
core   0: 0x8000826e (0x000085f2) c.mv    a1, t3
core   0: 3 0x8000826e (0x85f2) x11 0x00003fff
core   0: 0x80008270 (0x03f4d9b3) divu    s3, s1, t6
core   0: 3 0x80008270 (0x03f4d9b3) x19 0x00000000
core   0: 0x80008274 (0x03834ab3) div     s5, t1, s8
core   0: 3 0x80008274 (0x03834ab3) x21 0x00000000
core   0: 0x80008278 (0x00008f69) c.and   a4, a0
core   0: 3 0x80008278 (0x8f69) x14 0x00000000
core   0: 0x8000827a (0x0000100f) fence.i
core   0: 3 0x8000827a (0x0000100f)
core   0: 0x8000827e (0x0146a9b3) slt     s3, a3, s4
core   0: 3 0x8000827e (0x0146a9b3) x19 0x00000000
core   0: 0x80008282 (0x015fd633) srl     a2, t6, s5
core   0: 3 0x80008282 (0x015fd633) x12 0x80022e24
core   0: 0x80008286 (0x03aa3533) mulhu   a0, s4, s10
core   0: 3 0x80008286 (0x03aa3533) x10 0x80026be3
core   0: 0x8000828a (0x003e0233) add     tp, t3, gp
core   0: 3 0x8000828a (0x003e0233) x 4 0x00003fff
core   0: 0x8000828e (0x00008771) c.srai  a4, 28
core   0: 3 0x8000828e (0x8771) x14 0x00000000
core   0: 0x80008290 (0x00008cf9) c.and   s1, a4
core   0: 3 0x80008290 (0x8cf9) x 9 0x00000000
core   0: 0x80008292 (0x02aa6a33) rem     s4, s4, a0
core   0: 3 0x80008292 (0x02aa6a33) x20 0x80026ce4
core   0: 0x80008296 (0x05da1763) bne     s4, t4, pc + 78
core   0: 3 0x80008296 (0x05da1763)
core   0: 0x800082e4 (0x33e6a037) lui     zero, 0x33e6a
core   0: 3 0x800082e4 (0x33e6a037)
core   0: 0x800082e8 (0xce033893) sltiu   a7, t1, -800
core   0: 3 0x800082e8 (0xce033893) x17 0x00000000
core   0: 0x800082ec (0x7c18b513) sltiu   a0, a7, 1985
core   0: 3 0x800082ec (0x7c18b513) x10 0x00000001
core   0: 0x800082f0 (0x0323e9b3) rem     s3, t2, s2
core   0: 3 0x800082f0 (0x0323e9b3) x19 0x00272330
core   0: 0x800082f4 (0x00008f15) c.sub   a4, a3
core   0: 3 0x800082f4 (0x8f15) x14 0x00000000
core   0: 0x800082f6 (0xe628a493) slti    s1, a7, -414
core   0: 3 0x800082f6 (0xe628a493) x 9 0x00000000
core   0: 0x800082fa (0x00514eb3) xor     t4, sp, t0
core   0: 3 0x800082fa (0x00514eb3) x29 0x000001c0
core   0: 0x800082fe (0x0000717d) c.addi16sp sp, -16
core   0: 3 0x800082fe (0x717d) x 2 0x000001b0
core   0: 0x80008300 (0x41c78833) sub     a6, a5, t3
core   0: 3 0x80008300 (0x41c78833) x16 0xffffc0da
core   0: 0x80008304 (0x6baba293) slti    t0, s7, 1722
core   0: 3 0x80008304 (0x6baba293) x 5 0x00000000
core   0: 0x80008308 (0x03cc42b3) div     t0, s8, t3
core   0: 3 0x80008308 (0x03cc42b3) x 5 0xfffffff9
core   0: 0x8000830c (0x93f500b7) lui     ra, 0x93f50
core   0: 3 0x8000830c (0x93f500b7) x 1 0x93f50000
core   0: 0x80008310 (0x00004349) c.li    t1, 18
core   0: 3 0x80008310 (0x4349) x 6 0x00000012
core   0: 0x80008312 (0x0158fcb3) and     s9, a7, s5
core   0: 3 0x80008312 (0x0158fcb3) x25 0x00000000
core   0: 0x80008316 (0x84ab9537) lui     a0, 0x84ab9
core   0: 3 0x80008316 (0x84ab9537) x10 0x84ab9000
core   0: 0x8000831a (0xf2666393) ori     t2, a2, -218
core   0: 3 0x8000831a (0xf2666393) x 7 0xffffff26
core   0: 0x8000831e (0x031164b3) rem     s1, sp, a7
core   0: 3 0x8000831e (0x031164b3) x 9 0x000001b0
core   0: 0x80008322 (0x40e08bb3) sub     s7, ra, a4
core   0: 3 0x80008322 (0x40e08bb3) x23 0x93f50000
core   0: 0x80008326 (0x032a0733) mul     a4, s4, s2
core   0: 3 0x80008326 (0x032a0733) x14 0xe1e12b10
core   0: 0x8000832a (0x01cf1113) slli    sp, t5, 28
core   0: 3 0x8000832a (0x01cf1113) x 2 0x00000000
core   0: 0x8000832e (0x01f5ebb3) or      s7, a1, t6
core   0: 3 0x8000832e (0x01f5ebb3) x23 0x80023fff
core   0: 0x80008332 (0x0000cd19) c.beqz  a0, pc + 30
core   0: 3 0x80008332 (0xcd19)
core   0: 0x80008334 (0x021279b3) remu    s3, tp, ra
core   0: 3 0x80008334 (0x021279b3) x19 0x00003fff
core   0: 0x80008338 (0xf9ebdfb7) lui     t6, 0xf9ebd
core   0: 3 0x80008338 (0xf9ebdfb7) x31 0xf9ebd000
core   0: 0x8000833c (0x0ff0000f) fence   iorw,iorw
core   0: 3 0x8000833c (0x0ff0000f)
core   0: 0x80008340 (0x017424b3) slt     s1, s0, s7
core   0: 3 0x80008340 (0x017424b3) x 9 0x00000000
core   0: 0x80008344 (0x399a4613) xori    a2, s4, 921
core   0: 3 0x80008344 (0x399a4613) x12 0x80026f7d
core   0: 0x80008348 (0x00008c4e) c.mv    s8, s3
core   0: 3 0x80008348 (0x8c4e) x24 0x00003fff
core   0: 0x8000834a (0x0000717d) c.addi16sp sp, -16
core   0: 3 0x8000834a (0x717d) x 2 0xfffffff0
core   0: 0x8000834c (0x39ed0e13) addi    t3, s10, 926
core   0: 3 0x8000834c (0x39ed0e13) x28 0x0000019e
core   0: 0x80008350 (0x0369b533) mulhu   a0, s3, s6
core   0: 3 0x80008350 (0x0369b533) x10 0x00003ffe
core   0: 0x80008354 (0x00176a63) bltu    a4, ra, pc + 20
core   0: 3 0x80008354 (0x00176a63)
core   0: 0x80008358 (0x01ce5d33) srl     s10, t3, t3
core   0: 3 0x80008358 (0x01ce5d33) x26 0x00000000
core   0: 0x8000835c (0x02b9f9b3) remu    s3, s3, a1
core   0: 3 0x8000835c (0x02b9f9b3) x19 0x00000000
core   0: 0x80008360 (0x02f336b3) mulhu   a3, t1, a5
core   0: 3 0x80008360 (0x02f336b3) x13 0x00000000
core   0: 0x80008364 (0x6d000993) li      s3, 1744
core   0: 3 0x80008364 (0x6d000993) x19 0x000006d0
core   0: 0x80008368 (0x00006695) c.lui   a3, 0x5
core   0: 3 0x80008368 (0x6695) x13 0x00005000
core   0: 0x8000836a (0x0000829d) c.srli  a3, 7
core   0: 3 0x8000836a (0x829d) x13 0x000000a0
core   0: 0x8000836c (0x03198833) mul     a6, s3, a7
core   0: 3 0x8000836c (0x03198833) x16 0x00000000
core   0: 0x80008370 (0x00c59713) slli    a4, a1, 12
core   0: 3 0x80008370 (0x00c59713) x14 0x03fff000
core   0: 0x80008374 (0x028df4b3) remu    s1, s11, s0
core   0: 3 0x80008374 (0x028df4b3) x 9 0x80022e24
core   0: 0x80008378 (0x001e52b3) srl     t0, t3, ra
core   0: 3 0x80008378 (0x001e52b3) x 5 0x0000019e
core   0: 0x8000837c (0x00cedb13) srli    s6, t4, 12
core   0: 3 0x8000837c (0x00cedb13) x22 0x00000000
core   0: 0x80008380 (0x0000ca25) c.beqz  a2, pc + 112
core   0: 3 0x80008380 (0xca25)
core   0: 0x80008382 (0x02fc6633) rem     a2, s8, a5
core   0: 3 0x80008382 (0x02fc6633) x12 0x0000006c
core   0: 0x80008386 (0x0580ed63) bltu    ra, s8, pc + 90
core   0: 3 0x80008386 (0x0580ed63)
core   0: 0x8000838a (0x076c1363) bne     s8, s6, pc + 102
core   0: 3 0x8000838a (0x076c1363)
core   0: 0x800083f0 (0x026872b3) remu    t0, a6, t1
core   0: 3 0x800083f0 (0x026872b3) x 5 0x00000000
core   0: 0x800083f4 (0xc91c1697) auipc   a3, 0xc91c1
core   0: 3 0x800083f4 (0xc91c1697) x13 0x491c93f4
core   0: 0x800083f8 (0x75be4593) xori    a1, t3, 1883
core   0: 3 0x800083f8 (0x75be4593) x11 0x000006c5
core   0: 0x800083fc (0x019a9cb3) sll     s9, s5, s9
core   0: 3 0x800083fc (0x019a9cb3) x25 0x00000000
core   0: 0x80008400 (0x0ff0000f) fence   iorw,iorw
core   0: 3 0x80008400 (0x0ff0000f)
core   0: 0x80008404 (0x000082e9) c.srli  a3, 26
core   0: 3 0x80008404 (0x82e9) x13 0x00000012
core   0: 0x80008406 (0x0000567d) c.li    a2, -1
core   0: 3 0x80008406 (0x567d) x12 0xffffffff
core   0: 0x80008408 (0x00008d91) c.sub   a1, a2
core   0: 3 0x80008408 (0x8d91) x11 0x000006c6
core   0: 0x8000840a (0x00004c01) c.li    s8, 0
core   0: 3 0x8000840a (0x4c01) x24 0x00000000
core   0: 0x8000840c (0x0000071d) c.addi  a4, 7
core   0: 3 0x8000840c (0x071d) x14 0x03fff007
core   0: 0x8000840e (0x03c480b3) mul     ra, s1, t3
core   0: 3 0x8000840e (0x03c480b3) x 1 0x03869e38
core   0: 0x80008412 (0x0ff0000f) fence   iorw,iorw
core   0: 3 0x80008412 (0x0ff0000f)
core   0: 0x80008416 (0x02d48863) beq     s1, a3, pc + 48
core   0: 3 0x80008416 (0x02d48863)
core   0: 0x8000841a (0x2717c313) xori    t1, a5, 625
core   0: 3 0x8000841a (0x2717c313) x 6 0x000002a8
core   0: 0x8000841e (0x00bd38b3) sltu    a7, s10, a1
core   0: 3 0x8000841e (0x00bd38b3) x17 0x00000001
core   0: 0x80008422 (0x000002c2) c.slli  t0, 16
core   0: 3 0x80008422 (0x02c2) x 5 0x00000000
core   0: 0x80008424 (0x00affeb3) and     t4, t6, a0
core   0: 3 0x80008424 (0x00affeb3) x29 0x00001000
core   0: 0x80008428 (0x00008291) c.srli  a3, 4
core   0: 3 0x80008428 (0x8291) x13 0x00000001
core   0: 0x8000842a (0x99654517) auipc   a0, 0x99654
core   0: 3 0x8000842a (0x99654517) x10 0x1965c42a
core   0: 0x8000842e (0x95cc4c17) auipc   s8, 0x95cc4
core   0: 3 0x8000842e (0x95cc4c17) x24 0x15ccc42e
core   0: 0x80008432 (0x41618133) sub     sp, gp, s6
core   0: 3 0x80008432 (0x41618133) x 2 0x00000000
core   0: 0x80008436 (0x0ff0000f) fence   iorw,iorw
core   0: 3 0x80008436 (0x0ff0000f)
core   0: 0x8000843a (0xa085ab13) slti    s6, a1, -1528
core   0: 3 0x8000843a (0xa085ab13) x22 0x00000000
core   0: 0x8000843e (0x00008f15) c.sub   a4, a3
core   0: 3 0x8000843e (0x8f15) x14 0x03fff006
core   0: 0x80008440 (0x02bd9633) mulh    a2, s11, a1
core   0: 3 0x80008440 (0x02bd9633) x12 0xfffffc9d
core   0: 0x80008444 (0x00008f91) c.sub   a5, a2
core   0: 3 0x80008444 (0x8f91) x15 0x0000043c
core   0: 0x80008446 (0x000086d5) c.srai  a3, 21
core   0: 3 0x80008446 (0x86d5) x13 0x00000000
core   0: 0x80008448 (0x007d05b3) add     a1, s10, t2
core   0: 3 0x80008448 (0x007d05b3) x11 0xffffff26
core   0: 0x8000844c (0x00008f21) c.xor   a4, s0
core   0: 3 0x8000844c (0x8f21) x14 0x03fff006
core   0: 0x8000844e (0x011076b3) and     a3, zero, a7
core   0: 3 0x8000844e (0x011076b3) x13 0x00000000
core   0: 0x80008452 (0x0ff0000f) fence   iorw,iorw
core   0: 3 0x80008452 (0x0ff0000f)
core   0: 0x80008456 (0x0000816e) c.mv    sp, s11
core   0: 3 0x80008456 (0x816e) x 2 0x80022e24
core   0: 0x80008458 (0x00705a93) srli    s5, zero, 7
core   0: 3 0x80008458 (0x00705a93) x21 0x00000000
core   0: 0x8000845c (0x1a5f2f13) slti    t5, t5, 421
core   0: 3 0x8000845c (0x1a5f2f13) x30 0x00000001
core   0: 0x80008460 (0x01085c63) bge     a6, a6, pc + 24
core   0: 3 0x80008460 (0x01085c63)
core   0: 0x80008478 (0x000047e1) c.li    a5, 24
core   0: 3 0x80008478 (0x47e1) x15 0x00000018
core   0: 0x8000847a (0x032b4c33) div     s8, s6, s2
core   0: 3 0x8000847a (0x032b4c33) x24 0x00000000
core   0: 0x8000847e (0x51402293) slti    t0, zero, 1300
core   0: 3 0x8000847e (0x51402293) x 5 0x00000001
core   0: 0x80008482 (0xa346b693) sltiu   a3, a3, -1484
core   0: 3 0x80008482 (0xa346b693) x13 0x00000001
core   0: 0x80008486 (0x03d69333) mulh    t1, a3, t4
core   0: 3 0x80008486 (0x03d69333) x 6 0x00000000
core   0: 0x8000848a (0x02ad5733) divu    a4, s10, a0
core   0: 3 0x8000848a (0x02ad5733) x14 0x00000000
core   0: 0x8000848e (0x00008e0d) c.sub   a2, a1
core   0: 3 0x8000848e (0x8e0d) x12 0xfffffd77
core   0: 0x80008490 (0x003075b3) and     a1, zero, gp
core   0: 3 0x80008490 (0x003075b3) x11 0x00000000
core   0: 0x80008494 (0x05d33493) sltiu   s1, t1, 93
core   0: 3 0x80008494 (0x05d33493) x 9 0x00000001
core   0: 0x80008498 (0x0037a0b3) slt     ra, a5, gp
core   0: 3 0x80008498 (0x0037a0b3) x 1 0x00000000
core   0: 0x8000849c (0x000089e9) c.andi  a1, 26
core   0: 3 0x8000849c (0x89e9) x11 0x00000000
core   0: 0x8000849e (0x00008fe5) c.and   a5, s1
core   0: 3 0x8000849e (0x8fe5) x15 0x00000000
core   0: 0x800084a0 (0xbd67ef13) ori     t5, a5, -1066
core   0: 3 0x800084a0 (0xbd67ef13) x30 0xfffffbd6
core   0: 0x800084a4 (0x83f50393) addi    t2, a0, -1985
core   0: 3 0x800084a4 (0x83f50393) x 7 0x1965bc69
core   0: 0x800084a8 (0x00001f1c) c.addi4spn a5, sp, 944
core   0: 3 0x800084a8 (0x1f1c) x15 0x800231d4
core   0: 0x800084aa (0x01a8cb63) blt     a7, s10, pc + 22
core   0: 3 0x800084aa (0x01a8cb63)
core   0: 0x800084ae (0x406fda93) srai    s5, t6, 6
core   0: 3 0x800084ae (0x406fda93) x21 0xffe7af40
core   0: 0x800084b2 (0x4151d013) srai    zero, gp, 21
core   0: 3 0x800084b2 (0x4151d013)
core   0: 0x800084b6 (0x0181f833) and     a6, gp, s8
core   0: 3 0x800084b6 (0x0181f833) x16 0x00000000
core   0: 0x800084ba (0x00008125) c.srli  a0, 9
core   0: 3 0x800084ba (0x8125) x10 0x000cb2e2
core   0: 0x800084bc (0xb7bfc217) auipc   tp, 0xb7bfc
core   0: 3 0x800084bc (0xb7bfc217) x 4 0x37c044bc
core   0: 0x800084c0 (0x018efa63) bgeu    t4, s8, pc + 20
core   0: 3 0x800084c0 (0x018efa63)
core   0: 0x800084d4 (0x0000100f) fence.i
core   0: 3 0x800084d4 (0x0000100f)
core   0: 0x800084d8 (0x00349e13) slli    t3, s1, 3
core   0: 3 0x800084d8 (0x00349e13) x28 0x00000008
core   0: 0x800084dc (0x75f50e13) addi    t3, a0, 1887
core   0: 3 0x800084dc (0x75f50e13) x28 0x000cba41
core   0: 0x800084e0 (0x0038de13) srli    t3, a7, 3
core   0: 3 0x800084e0 (0x0038de13) x28 0x00000000
core   0: 0x800084e4 (0x00008a2d) c.andi  a2, 11
core   0: 3 0x800084e4 (0x8a2d) x12 0x00000003
core   0: 0x800084e6 (0x03696a33) rem     s4, s2, s6
core   0: 3 0x800084e6 (0x03696a33) x20 0x80026ce4
core   0: 0x800084ea (0x0000717d) c.addi16sp sp, -16
core   0: 3 0x800084ea (0x717d) x 2 0x80022e14
core   0: 0x800084ec (0x09416d13) ori     s10, sp, 148
core   0: 3 0x800084ec (0x09416d13) x26 0x80022e94
core   0: 0x800084f0 (0x00f49263) bne     s1, a5, pc + 4
core   0: 3 0x800084f0 (0x00f49263)
core   0: 0x800084f4 (0x03971b33) mulh    s6, a4, s9
core   0: 3 0x800084f4 (0x03971b33) x22 0x00000000
core   0: 0x800084f8 (0x0000ef05) c.bnez  a4, pc + 56
core   0: 3 0x800084f8 (0xef05)
core   0: 0x800084fa (0x86ffc393) xori    t2, t6, -1937
core   0: 3 0x800084fa (0x86ffc393) x 7 0x0614286f
core   0: 0x800084fe (0x00006631) c.lui   a2, 0xc
core   0: 3 0x800084fe (0x6631) x12 0x0000c000
core   0: 0x80008500 (0x01918e33) add     t3, gp, s9
core   0: 3 0x80008500 (0x01918e33) x28 0x00000000
core   0: 0x80008504 (0x02766d33) rem     s10, a2, t2
core   0: 3 0x80008504 (0x02766d33) x26 0x0000c000
core   0: 0x80008508 (0x00008e05) c.sub   a2, s1
core   0: 3 0x80008508 (0x8e05) x12 0x0000bfff
core   0: 0x8000850a (0x00702b33) slt     s6, zero, t2
core   0: 3 0x8000850a (0x00702b33) x22 0x00000001
core   0: 0x8000850e (0x00008b9a) c.mv    s7, t1
core   0: 3 0x8000850e (0x8b9a) x23 0x00000000
core   0: 0x80008510 (0x0000587d) c.li    a6, -1
core   0: 3 0x80008510 (0x587d) x16 0xffffffff
core   0: 0x80008512 (0x41290cb3) sub     s9, s2, s2
core   0: 3 0x80008512 (0x41290cb3) x25 0x00000000
core   0: 0x80008516 (0x0000ce09) c.beqz  a2, pc + 26
core   0: 3 0x80008516 (0xce09)
core   0: 0x80008518 (0x406ed533) sra     a0, t4, t1
core   0: 3 0x80008518 (0x406ed533) x10 0x00001000
core   0: 0x8000851c (0x413902b3) sub     t0, s2, s3
core   0: 3 0x8000851c (0x413902b3) x 5 0x80026614
core   0: 0x80008520 (0x00989013) slli    zero, a7, 9
core   0: 3 0x80008520 (0x00989013)
core   0: 0x80008524 (0x00008cf1) c.and   s1, a2
core   0: 3 0x80008524 (0x8cf1) x 9 0x00000001
core   0: 0x80008526 (0x02106d33) rem     s10, zero, ra
core   0: 3 0x80008526 (0x02106d33) x26 0x00000000
core   0: 0x8000852a (0x00008209) c.srli  a2, 2
core   0: 3 0x8000852a (0x8209) x12 0x00002fff
core   0: 0x8000852c (0x0000ce05) c.beqz  a2, pc + 56
core   0: 3 0x8000852c (0xce05)
core   0: 0x8000852e (0x0000054a) c.slli  a0, 18
core   0: 3 0x8000852e (0x054a) x10 0x40000000
core   0: 0x80008530 (0x01991993) slli    s3, s2, 25
core   0: 3 0x80008530 (0x01991993) x19 0xc8000000
core   0: 0x80008534 (0x41235e13) srai    t3, t1, 18
core   0: 3 0x80008534 (0x41235e13) x28 0x00000000
core   0: 0x80008538 (0x0000614d) c.addi16sp sp, 176
core   0: 3 0x80008538 (0x614d) x 2 0x80022ec4
core   0: 0x8000853a (0x8947cc13) xori    s8, a5, -1900
core   0: 3 0x8000853a (0x8947cc13) x24 0x7ffdc940
core   0: 0x8000853e (0x00008ea9) c.xor   a3, a0
core   0: 3 0x8000853e (0x8ea9) x13 0x40000001
core   0: 0x80008540 (0x00008dc9) c.or    a1, a0
core   0: 3 0x80008540 (0x8dc9) x11 0x40000000
core   0: 0x80008542 (0x00f40633) add     a2, s0, a5
core   0: 3 0x80008542 (0x00f40633) x12 0x800231d4
core   0: 0x80008546 (0x00008f55) c.or    a4, a3
core   0: 3 0x80008546 (0x8f55) x14 0x40000001
core   0: 0x80008548 (0x02854cb3) div     s9, a0, s0
core   0: 3 0x80008548 (0x02854cb3) x25 0xffffffff
core   0: 0x8000854c (0x00006641) c.lui   a2, 0x10
core   0: 3 0x8000854c (0x6641) x12 0x00010000
core   0: 0x8000854e (0x02bbb1b3) mulhu   gp, s7, a1
core   0: 3 0x8000854e (0x02bbb1b3) x 3 0x00000000
core   0: 0x80008552 (0x01d9db33) srl     s6, s3, t4
core   0: 3 0x80008552 (0x01d9db33) x22 0xc8000000
core   0: 0x80008556 (0x2a25d697) auipc   a3, 0x2a25d
core   0: 3 0x80008556 (0x2a25d697) x13 0xaa265556
core   0: 0x8000855a (0x012c18b3) sll     a7, s8, s2
core   0: 3 0x8000855a (0x012c18b3) x17 0xffdc9400
core   0: 0x8000855e (0xde918893) addi    a7, gp, -535
core   0: 3 0x8000855e (0xde918893) x17 0xfffffde9
core   0: 0x80008562 (0x00000c8e) c.slli  s9, 3
core   0: 3 0x80008562 (0x0c8e) x25 0xfffffff8
core   0: 0x80008564 (0x00006141) c.addi16sp sp, 16
core   0: 3 0x80008564 (0x6141) x 2 0x80022ed4
core   0: 0x80008566 (0x00667a33) and     s4, a2, t1
core   0: 3 0x80008566 (0x00667a33) x20 0x00000000
core   0: 0x8000856a (0x81ea8a93) addi    s5, s5, -2018
core   0: 3 0x8000856a (0x81ea8a93) x21 0xffe7a75e
core   0: 0x8000856e (0x00004739) c.li    a4, 14
core   0: 3 0x8000856e (0x4739) x14 0x0000000e
core   0: 0x80008570 (0x00000001) c.nop
core   0: 3 0x80008570 (0x0001)
core   0: 0x80008572 (0x41ca5fb3) sra     t6, s4, t3
core   0: 3 0x80008572 (0x41ca5fb3) x31 0x00000000
core   0: 0x80008576 (0x0ff0000f) fence   iorw,iorw
core   0: 3 0x80008576 (0x0ff0000f)
core   0: 0x8000857a (0x0052db93) srli    s7, t0, 5
core   0: 3 0x8000857a (0x0052db93) x23 0x04001330
core   0: 0x8000857e (0x00008195) c.srli  a1, 5
core   0: 3 0x8000857e (0x8195) x11 0x02000000
core   0: 0x80008580 (0x00006899) c.lui   a7, 0x6
core   0: 3 0x80008580 (0x6899) x17 0x00006000
core   0: 0x80008582 (0x03db9263) bne     s7, t4, pc + 36
core   0: 3 0x80008582 (0x03db9263)
core   0: 0x800085a6 (0x0216c033) div     zero, a3, ra
core   0: 3 0x800085a6 (0x0216c033)
core   0: 0x800085aa (0x0000972a) c.add   a4, a0
core   0: 3 0x800085aa (0x972a) x14 0x4000000e
core   0: 0x800085ac (0x00009a6a) c.add   s4, s10
core   0: 3 0x800085ac (0x9a6a) x20 0x00000000
core   0: 0x800085ae (0x00000796) c.slli  a5, 5
core   0: 3 0x800085ae (0x0796) x15 0x00463a80
core   0: 0x800085b0 (0x00008d95) c.sub   a1, a3
core   0: 3 0x800085b0 (0x8d95) x11 0x57d9aaaa
core   0: 0x800085b2 (0x00000d2a) c.slli  s10, 10
core   0: 3 0x800085b2 (0x0d2a) x26 0x00000000
core   0: 0x800085b4 (0xb860f593) andi    a1, ra, -1146
core   0: 3 0x800085b4 (0xb860f593) x11 0x00000000
core   0: 0x800085b8 (0x00006175) c.addi16sp sp, 368
core   0: 3 0x800085b8 (0x6175) x 2 0x80023044
core   0: 0x800085ba (0x2f824e13) xori    t3, tp, 760
core   0: 3 0x800085ba (0x2f824e13) x28 0x37c04644
core   0: 0x800085be (0x02d66063) bltu    a2, a3, pc + 32
core   0: 3 0x800085be (0x02d66063)
core   0: 0x800085de (0x419e0ab3) sub     s5, t3, s9
core   0: 3 0x800085de (0x419e0ab3) x21 0x37c0464c
core   0: 0x800085e2 (0xfa5df993) andi    s3, s11, -91
core   0: 3 0x800085e2 (0xfa5df993) x19 0x80022e24
core   0: 0x800085e6 (0x000081b9) c.srli  a1, 14
core   0: 3 0x800085e6 (0x81b9) x11 0x00000000
core   0: 0x800085e8 (0x697fe693) ori     a3, t6, 1687
core   0: 3 0x800085e8 (0x697fe693) x13 0x00000697
core   0: 0x800085ec (0x0000c619) c.beqz  a2, pc + 14
core   0: 3 0x800085ec (0xc619)
core   0: 0x800085ee (0x020837b3) mulhu   a5, a6, zero
core   0: 3 0x800085ee (0x020837b3) x15 0x00000000
core   0: 0x800085f2 (0x03d43f33) mulhu   t5, s0, t4
core   0: 3 0x800085f2 (0x03d43f33) x30 0x00000000
core   0: 0x800085f6 (0x00f8c7b3) xor     a5, a7, a5
core   0: 3 0x800085f6 (0x00f8c7b3) x15 0x00006000
core   0: 0x800085fa (0x00aa1563) bne     s4, a0, pc + 10
core   0: 3 0x800085fa (0x00aa1563)
core   0: 0x80008604 (0x03a33633) mulhu   a2, t1, s10
core   0: 3 0x80008604 (0x03a33633) x12 0x00000000
core   0: 0x80008608 (0x00c1f533) and     a0, gp, a2
core   0: 3 0x80008608 (0x00c1f533) x10 0x00000000
core   0: 0x8000860c (0x8c0f2993) slti    s3, t5, -1856
core   0: 3 0x8000860c (0x8c0f2993) x19 0x00000000
core   0: 0x80008610 (0x05790063) beq     s2, s7, pc + 64
core   0: 3 0x80008610 (0x05790063)
core   0: 0x80008614 (0x00001e88) c.addi4spn a0, sp, 880
core   0: 3 0x80008614 (0x1e88) x10 0x800233b4
core   0: 0x80008616 (0x0000c49d) c.beqz  s1, pc + 46
core   0: 3 0x80008616 (0xc49d)
core   0: 0x80008618 (0x419e0fb3) sub     t6, t3, s9
core   0: 3 0x80008618 (0x419e0fb3) x31 0x37c0464c
core   0: 0x8000861c (0x0218be33) mulhu   t3, a7, ra
core   0: 3 0x8000861c (0x0218be33) x28 0x00000000
core   0: 0x80008620 (0x4798ba13) sltiu   s4, a7, 1145
core   0: 3 0x80008620 (0x4798ba13) x20 0x00000000
core   0: 0x80008624 (0x00008ee5) c.and   a3, s1
core   0: 3 0x80008624 (0x8ee5) x13 0x00000001
core   0: 0x80008626 (0x030bd533) divu    a0, s7, a6
core   0: 3 0x80008626 (0x030bd533) x10 0x00000000
core   0: 0x8000862a (0x00008f49) c.or    a4, a0
core   0: 3 0x8000862a (0x8f49) x14 0x4000000e
core   0: 0x8000862c (0x6b453e13) sltiu   t3, a0, 1716
core   0: 3 0x8000862c (0x6b453e13) x28 0x00000001
core   0: 0x80008630 (0x00008615) c.srai  a2, 5
core   0: 3 0x80008630 (0x8615) x12 0x00000000
core   0: 0x80008632 (0x01f11f93) slli    t6, sp, 31
core   0: 3 0x80008632 (0x01f11f93) x31 0x00000000
core   0: 0x80008636 (0x03ca81b3) mul     gp, s5, t3
core   0: 3 0x80008636 (0x03ca81b3) x 3 0x37c0464c
core   0: 0x8000863a (0x01e50b33) add     s6, a0, t5
core   0: 3 0x8000863a (0x01e50b33) x22 0x00000000
core   0: 0x8000863e (0x00008ca9) c.xor   s1, a0
core   0: 3 0x8000863e (0x8ca9) x 9 0x00000001
core   0: 0x80008640 (0xfc046197) auipc   gp, 0xfc046
core   0: 3 0x80008640 (0xfc046197) x 3 0x7c04e640
core   0: 0x80008644 (0xa21e7893) andi    a7, t3, -1503
core   0: 3 0x80008644 (0xa21e7893) x17 0x00000001
core   0: 0x80008648 (0x03cda133) mulhsu  sp, s11, t3
core   0: 3 0x80008648 (0x03cda133) x 2 0xffffffff
core   0: 0x8000864c (0x0007b8b3) sltu    a7, a5, zero
core   0: 3 0x8000864c (0x0007b8b3) x17 0x00000000
core   0: 0x80008650 (0x415700b3) sub     ra, a4, s5
core   0: 3 0x80008650 (0x415700b3) x 1 0x083fb9c2
core   0: 0x80008654 (0x0000952a) c.add   a0, a0
core   0: 3 0x80008654 (0x952a) x10 0x00000000
core   0: 0x80008656 (0x0173db63) bge     t2, s7, pc + 22
core   0: 3 0x80008656 (0x0173db63)
core   0: 0x8000866c (0x54e1ea93) ori     s5, gp, 1358
core   0: 3 0x8000866c (0x54e1ea93) x21 0x7c04e74e
core   0: 0x80008670 (0x0000100f) fence.i
core   0: 3 0x80008670 (0x0000100f)
core   0: 0x80008674 (0x00008af5) c.andi  a3, 29
core   0: 3 0x80008674 (0x8af5) x13 0x00000001
core   0: 0x80008676 (0x00008e89) c.sub   a3, a0
core   0: 3 0x80008676 (0x8e89) x13 0x00000001
core   0: 0x80008678 (0x00008c81) c.sub   s1, s0
core   0: 3 0x80008678 (0x8c81) x 9 0x00000001
core   0: 0x8000867a (0x41878bb3) sub     s7, a5, s8
core   0: 3 0x8000867a (0x41878bb3) x23 0x800296c0
core   0: 0x8000867e (0x02b26633) rem     a2, tp, a1
core   0: 3 0x8000867e (0x02b26633) x12 0x37c044bc
core   0: 0x80008682 (0x00008b05) c.andi  a4, 1
core   0: 3 0x80008682 (0x8b05) x14 0x00000000
core   0: 0x80008684 (0x01068633) add     a2, a3, a6
core   0: 3 0x80008684 (0x01068633) x12 0x00000000
core   0: 0x80008688 (0x010ee233) or      tp, t4, a6
core   0: 3 0x80008688 (0x010ee233) x 4 0xffffffff
core   0: 0x8000868c (0x56540d13) addi    s10, s0, 1381
core   0: 3 0x8000868c (0x56540d13) x26 0x00000565
core   0: 0x80008690 (0x00000b52) c.slli  s6, 20
core   0: 3 0x80008690 (0x0b52) x22 0x00000000
core   0: 0x80008692 (0xdfaa8293) addi    t0, s5, -518
core   0: 3 0x80008692 (0xdfaa8293) x 5 0x7c04e548
core   0: 0x80008696 (0x000001dd) c.addi  gp, 23
core   0: 3 0x80008696 (0x01dd) x 3 0x7c04e657
core   0: 0x80008698 (0x0000870a) c.mv    a4, sp
core   0: 3 0x80008698 (0x870a) x14 0xffffffff
core   0: 0x8000869a (0x00e2ba33) sltu    s4, t0, a4
core   0: 3 0x8000869a (0x00e2ba33) x20 0x00000001
core   0: 0x8000869e (0x00000001) c.nop
core   0: 3 0x8000869e (0x0001)
core   0: 0x800086a0 (0x0000e399) c.bnez  a5, pc + 6
core   0: 3 0x800086a0 (0xe399)
core   0: 0x800086a6 (0x8c730b93) addi    s7, t1, -1849
core   0: 3 0x800086a6 (0x8c730b93) x23 0xfffff8c7
core   0: 0x800086aa (0x00008e29) c.xor   a2, a0
core   0: 3 0x800086aa (0x8e29) x12 0x00000000
core   0: 0x800086ac (0x4dd12813) slti    a6, sp, 1245
core   0: 3 0x800086ac (0x4dd12813) x16 0x00000001
core   0: 0x800086b0 (0x00008f05) c.sub   a4, s1
core   0: 3 0x800086b0 (0x8f05) x14 0xfffffffe
core   0: 0x800086b2 (0x40a65333) sra     t1, a2, a0
core   0: 3 0x800086b2 (0x40a65333) x 6 0x00000000
core   0: 0x800086b6 (0x03223833) mulhu   a6, tp, s2
core   0: 3 0x800086b6 (0x03223833) x16 0x80026ce3
core   0: 0x800086ba (0x083f8137) lui     sp, 0x83f8
core   0: 3 0x800086ba (0x083f8137) x 2 0x083f8000
core   0: 0x800086be (0x03502b33) mulhsu  s6, zero, s5
core   0: 3 0x800086be (0x03502b33) x22 0x00000000
core   0: 0x800086c2 (0x004719b3) sll     s3, a4, tp
core   0: 3 0x800086c2 (0x004719b3) x19 0x00000000
core   0: 0x800086c6 (0x02ae1d63) bne     t3, a0, pc + 58
core   0: 3 0x800086c6 (0x02ae1d63)
core   0: 0x80008700 (0x001eceb3) xor     t4, t4, ra
core   0: 3 0x80008700 (0x001eceb3) x29 0x083fa9c2
core   0: 0x80008704 (0x42017eb7) lui     t4, 0x42017
core   0: 3 0x80008704 (0x42017eb7) x29 0x42017000
core   0: 0x80008708 (0x0010c563) blt     ra, ra, pc + 10
core   0: 3 0x80008708 (0x0010c563)
core   0: 0x8000870c (0x00afae33) slt     t3, t6, a0
core   0: 3 0x8000870c (0x00afae33) x28 0x00000000
core   0: 0x80008710 (0x00008e09) c.sub   a2, a0
core   0: 3 0x80008710 (0x8e09) x12 0x00000000
core   0: 0x80008712 (0x00008fe9) c.and   a5, a0
core   0: 3 0x80008712 (0x8fe9) x15 0x00000000
core   0: 0x80008714 (0x00008edd) c.or    a3, a5
core   0: 3 0x80008714 (0x8edd) x13 0x00000001
core   0: 0x80008716 (0x00b2d713) srli    a4, t0, 11
core   0: 3 0x80008716 (0x00b2d713) x14 0x000f809c
core   0: 0x8000871a (0xd132ab93) slti    s7, t0, -749
core   0: 3 0x8000871a (0xd132ab93) x23 0x00000000
core   0: 0x8000871e (0x00008e25) c.xor   a2, s1
core   0: 3 0x8000871e (0x8e25) x12 0x00000001
core   0: 0x80008720 (0x029cacb3) mulhsu  s9, s9, s1
core   0: 3 0x80008720 (0x029cacb3) x25 0xffffffff
core   0: 0x80008724 (0x008a0c63) beq     s4, s0, pc + 24
core   0: 3 0x80008724 (0x008a0c63)
core   0: 0x80008728 (0xfd7d6797) auipc   a5, 0xfd7d6
core   0: 3 0x80008728 (0xfd7d6797) x15 0x7d7de728
core   0: 0x8000872c (0x413a55b3) sra     a1, s4, s3
core   0: 3 0x8000872c (0x413a55b3) x11 0x00000001
core   0: 0x80008730 (0x99ba0f13) addi    t5, s4, -1637
core   0: 3 0x80008730 (0x99ba0f13) x30 0xfffff99c
core   0: 0x80008734 (0x0ff0000f) fence   iorw,iorw
core   0: 3 0x80008734 (0x0ff0000f)
core   0: 0x80008738 (0x01da9a63) bne     s5, t4, pc + 20
core   0: 3 0x80008738 (0x01da9a63)
core   0: 0x8000874c (0x00009eb6) c.add   t4, a3
core   0: 3 0x8000874c (0x9eb6) x29 0x42017001
core   0: 0x8000874e (0xeb93e497) auipc   s1, 0xeb93e
core   0: 3 0x8000874e (0xeb93e497) x 9 0x6b94674e
core   0: 0x80008752 (0x01acdeb3) srl     t4, s9, s10
core   0: 3 0x80008752 (0x01acdeb3) x29 0x07ffffff
core   0: 0x80008756 (0x00008275) c.srli  a2, 29
core   0: 3 0x80008756 (0x8275) x12 0x00000000
core   0: 0x80008758 (0x02a6dbb3) divu    s7, a3, a0
core   0: 3 0x80008758 (0x02a6dbb3) x23 0xffffffff
core   0: 0x8000875c (0x017fb9b3) sltu    s3, t6, s7
core   0: 3 0x8000875c (0x017fb9b3) x19 0x00000001
core   0: 0x80008760 (0x41800b33) sub     s6, zero, s8
core   0: 3 0x80008760 (0x41800b33) x22 0x800236c0
core   0: 0x80008764 (0x0000e60d) c.bnez  a2, pc + 42
core   0: 3 0x80008764 (0xe60d)
core   0: 0x80008766 (0x00008ec1) c.or    a3, s0
core   0: 3 0x80008766 (0x8ec1) x13 0x00000001
core   0: 0x80008768 (0x000050fd) c.li    ra, -1
core   0: 3 0x80008768 (0x50fd) x 1 0xffffffff
core   0: 0x8000876a (0x000010fd) c.addi  ra, -1
core   0: 3 0x8000876a (0x10fd) x 1 0xfffffffe
core   0: 0x8000876c (0x012d9393) slli    t2, s11, 18
core   0: 3 0x8000876c (0x012d9393) x 7 0xb8900000
core   0: 0x80008770 (0x00006171) c.addi16sp sp, 336
core   0: 3 0x80008770 (0x6171) x 2 0x083f8150
core   0: 0x80008772 (0xd752c213) xori    tp, t0, -651
core   0: 3 0x80008772 (0xd752c213) x 4 0x83fb183d
core   0: 0x80008776 (0x026b2fb3) mulhsu  t6, s6, t1
core   0: 3 0x80008776 (0x026b2fb3) x31 0x00000000
core   0: 0x8000877a (0x134f2593) slti    a1, t5, 308
core   0: 3 0x8000877a (0x134f2593) x11 0x00000001
core   0: 0x8000877e (0x000005d6) c.slli  a1, 21
core   0: 3 0x8000877e (0x05d6) x11 0x00200000
core   0: 0x80008780 (0x02597e63) bgeu    s2, t0, pc + 60
core   0: 3 0x80008780 (0x02597e63)
core   0: 0x800087bc (0x000aafb3) slt     t6, s5, zero
core   0: 3 0x800087bc (0x000aafb3) x31 0x00000000
core   0: 0x800087c0 (0x03e5a5b3) mulhsu  a1, a1, t5
core   0: 3 0x800087c0 (0x03e5a5b3) x11 0x001fffff
core   0: 0x800087c4 (0x00006089) c.lui   ra, 0x2
core   0: 3 0x800087c4 (0x6089) x 1 0x00002000
core   0: 0x800087c6 (0x00000001) c.nop
core   0: 3 0x800087c6 (0x0001)
core   0: 0x800087c8 (0x416a5813) srai    a6, s4, 22
core   0: 3 0x800087c8 (0x416a5813) x16 0x00000000
core   0: 0x800087cc (0xe9e07693) andi    a3, zero, -354
core   0: 3 0x800087cc (0xe9e07693) x13 0x00000000
core   0: 0x800087d0 (0xbf017693) andi    a3, sp, -1040
core   0: 3 0x800087d0 (0xbf017693) x13 0x083f8150
core   0: 0x800087d4 (0x000099ca) c.add   s3, s2
core   0: 3 0x800087d4 (0x99ca) x19 0x80026ce5
core   0: 0x800087d6 (0x00001ffd) c.addi  t6, -1
core   0: 3 0x800087d6 (0x1ffd) x31 0xffffffff
core   0: 0x800087d8 (0x00008ca9) c.xor   s1, a0
core   0: 3 0x800087d8 (0x8ca9) x 9 0x6b94674e
core   0: 0x800087da (0x000081d9) c.srli  a1, 22
core   0: 3 0x800087da (0x81d9) x11 0x00000000
core   0: 0x800087dc (0x40d88bb3) sub     s7, a7, a3
core   0: 3 0x800087dc (0x40d88bb3) x23 0xf7c07eb0
core   0: 0x800087e0 (0x01252233) slt     tp, a0, s2
core   0: 3 0x800087e0 (0x01252233) x 4 0x00000000
core   0: 0x800087e4 (0x01cea0b3) slt     ra, t4, t3
core   0: 3 0x800087e4 (0x01cea0b3) x 1 0x00000000
core   0: 0x800087e8 (0x039c8cb3) mul     s9, s9, s9
core   0: 3 0x800087e8 (0x039c8cb3) x25 0x00000001
core   0: 0x800087ec (0x00a00693) li      a3, 10
core   0: 3 0x800087ec (0x00a00693) x13 0x0000000a
core   0: 0x800087f0 (0xddcd8793) addi    a5, s11, -548
core   0: 3 0x800087f0 (0xddcd8793) x15 0x80022c00
core   0: 0x800087f4 (0x014a4333) xor     t1, s4, s4
core   0: 3 0x800087f4 (0x014a4333) x 6 0x00000000
core   0: 0x800087f8 (0x00800093) li      ra, 8
core   0: 3 0x800087f8 (0x00800093) x 1 0x00000008
core   0: 0x800087fc (0x000015fd) c.addi  a1, -1
core   0: 3 0x800087fc (0x15fd) x11 0xffffffff
core   0: 0x800087fe (0x4184d393) srai    t2, s1, 24
core   0: 3 0x800087fe (0x4184d393) x 7 0x0000006b
core   0: 0x80008802 (0x000016e1) c.addi  a3, -8
core   0: 3 0x80008802 (0x16e1) x13 0x00000002
core   0: 0x80008804 (0xff800713) li      a4, -8
core   0: 3 0x80008804 (0xff800713) x14 0xfffffff8
core   0: 0x80008808 (0x00000001) c.nop
core   0: 3 0x80008808 (0x0001)
core   0: 0x8000880a (0x00000c8d) c.addi  s9, 3
core   0: 3 0x8000880a (0x0c8d) x25 0x00000004
core   0: 0x8000880c (0x0279a533) mulhsu  a0, s3, t2
core   0: 3 0x8000880c (0x0279a533) x10 0xffffffca
core   0: 0x80008810 (0x031137b3) mulhu   a5, sp, a7
core   0: 3 0x80008810 (0x031137b3) x15 0x00000000
core   0: 0x80008814 (0x025f6eb3) rem     t4, t5, t0
core   0: 3 0x80008814 (0x025f6eb3) x29 0xfffff99c
core   0: 0x80008818 (0x00000711) c.addi  a4, 4
core   0: 3 0x80008818 (0x0711) x14 0xfffffffc
core   0: 0x8000881a (0x0000fb7d) c.bnez  a4, pc - 10
core   0: 3 0x8000881a (0xfb7d)
core   0: 0x80008810 (0x031137b3) mulhu   a5, sp, a7
core   0: 3 0x80008810 (0x031137b3) x15 0x00000000
core   0: 0x80008814 (0x025f6eb3) rem     t4, t5, t0
core   0: 3 0x80008814 (0x025f6eb3) x29 0xfffff99c
core   0: 0x80008818 (0x00000711) c.addi  a4, 4
core   0: 3 0x80008818 (0x0711) x14 0x00000000
core   0: 0x8000881a (0x0000fb7d) c.bnez  a4, pc - 10
core   0: 3 0x8000881a (0xfb7d)
core   0: 0x8000881c (0x25540513) addi    a0, s0, 597
core   0: 3 0x8000881c (0x25540513) x10 0x00000255
core   0: 0x80008820 (0x00000f1a) c.slli  t5, 6
core   0: 3 0x80008820 (0x0f1a) x30 0xfffe6700
core   0: 0x80008822 (0x00006f89) c.lui   t6, 0x2
core   0: 3 0x80008822 (0x6f89) x31 0x00002000
core   0: 0x80008824 (0x004334b3) sltu    s1, t1, tp
core   0: 3 0x80008824 (0x004334b3) x 9 0x00000000
core   0: 0x80008828 (0x000041d1) c.li    gp, 20
core   0: 3 0x80008828 (0x41d1) x 3 0x00000014
core   0: 0x8000882a (0x0000822d) c.srli  a2, 11
core   0: 3 0x8000882a (0x822d) x12 0x00000000
core   0: 0x8000882c (0xfc16d8e3) bge     a3, ra, pc - 48
core   0: 3 0x8000882c (0xfc16d8e3)
core   0: 0x80008830 (0x00008d11) c.sub   a0, a2
core   0: 3 0x80008830 (0x8d11) x10 0x00000255
core   0: 0x80008832 (0x0270a233) mulhsu  tp, ra, t2
core   0: 3 0x80008832 (0x0270a233) x 4 0x00000000
core   0: 0x80008836 (0xfb0c0113) addi    sp, s8, -80
core   0: 3 0x80008836 (0xfb0c0113) x 2 0x7ffdc8f0
core   0: 0x8000883a (0x00000001) c.nop
core   0: 3 0x8000883a (0x0001)
core   0: 0x8000883c (0x00000001) c.nop
core   0: 3 0x8000883c (0x0001)
core   0: 0x8000883e (0x0000e121) c.bnez  a0, pc + 64
core   0: 3 0x8000883e (0xe121)
core   0: 0x8000887e (0x021a8633) mul     a2, s5, ra
core   0: 3 0x8000887e (0x021a8633) x12 0xe0273a70
core   0: 0x80008882 (0x02bedc33) divu    s8, t4, a1
core   0: 3 0x80008882 (0x02bedc33) x24 0x00000000
core   0: 0x80008886 (0x000081f5) c.srli  a1, 29
core   0: 3 0x80008886 (0x81f5) x11 0x00000007
core   0: 0x80008888 (0x00008e6d) c.and   a2, a1
core   0: 3 0x80008888 (0x8e6d) x12 0x00000000
core   0: 0x8000888a (0x00445113) srli    sp, s0, 4
core   0: 3 0x8000888a (0x00445113) x 2 0x00000000
core   0: 0x8000888e (0x03674cb3) div     s9, a4, s6
core   0: 3 0x8000888e (0x03674cb3) x25 0x00000000
core   0: 0x80008892 (0xe7b86c93) ori     s9, a6, -389
core   0: 3 0x80008892 (0xe7b86c93) x25 0xfffffe7b
core   0: 0x80008896 (0x00000001) c.nop
core   0: 3 0x80008896 (0x0001)
core   0: 0x80008898 (0x0000717d) c.addi16sp sp, -16
core   0: 3 0x80008898 (0x717d) x 2 0xfffffff0
core   0: 0x8000889a (0x00008d19) c.sub   a0, a4
core   0: 3 0x8000889a (0x8d19) x10 0x00000255
core   0: 0x8000889c (0x00008ec5) c.or    a3, s1
core   0: 3 0x8000889c (0x8ec5) x13 0x00000002
core   0: 0x8000889e (0x00009b4a) c.add   s6, s2
core   0: 3 0x8000889e (0x9b4a) x22 0x0004a3a4
core   0: 0x800088a0 (0x000050fd) c.li    ra, -1
core   0: 3 0x800088a0 (0x50fd) x 1 0xffffffff
core   0: 0x800088a2 (0x00008349) c.srli  a4, 18
core   0: 3 0x800088a2 (0x8349) x14 0x00000000
core   0: 0x800088a4 (0x03f44763) blt     s0, t6, pc + 46
core   0: 3 0x800088a4 (0x03f44763)
core   0: 0x800088d2 (0x001ddeb3) srl     t4, s11, ra
core   0: 3 0x800088d2 (0x001ddeb3) x29 0x00000001
core   0: 0x800088d6 (0x40595633) sra     a2, s2, t0
core   0: 3 0x800088d6 (0x40595633) x12 0xff80026c
core   0: 0x800088da (0x003330b3) sltu    ra, t1, gp
core   0: 3 0x800088da (0x003330b3) x 1 0x00000001
core   0: 0x800088de (0x0ff0000f) fence   iorw,iorw
core   0: 3 0x800088de (0x0ff0000f)
core   0: 0x800088e2 (0x00000001) c.nop
core   0: 3 0x800088e2 (0x0001)
core   0: 0x800088e4 (0x010452b3) srl     t0, s0, a6
core   0: 3 0x800088e4 (0x010452b3) x 5 0x00000000
core   0: 0x800088e8 (0x0296e733) rem     a4, a3, s1
core   0: 3 0x800088e8 (0x0296e733) x14 0x00000002
core   0: 0x800088ec (0x00000ac9) c.addi  s5, 18
core   0: 3 0x800088ec (0x0ac9) x21 0x7c04e760
core   0: 0x800088ee (0x000080ce) c.mv    ra, s3
core   0: 3 0x800088ee (0x80ce) x 1 0x80026ce5
core   0: 0x800088f0 (0x03a9e5b3) rem     a1, s3, s10
core   0: 3 0x800088f0 (0x03a9e5b3) x11 0xfffffc82
core   0: 0x800088f4 (0x50f06713) ori     a4, zero, 1295
core   0: 3 0x800088f4 (0x50f06713) x14 0x0000050f
core   0: 0x800088f8 (0x0ff0000f) fence   iorw,iorw
core   0: 3 0x800088f8 (0x0ff0000f)
core   0: 0x800088fc (0x00009c6a) c.add   s8, s10
core   0: 3 0x800088fc (0x9c6a) x24 0x00000565
core   0: 0x800088fe (0x00a12733) slt     a4, sp, a0
core   0: 3 0x800088fe (0x00a12733) x14 0x00000001
core   0: 0x80008902 (0x00000001) c.nop
core   0: 3 0x80008902 (0x0001)
core   0: 0x80008904 (0x024e8333) mul     t1, t4, tp
core   0: 3 0x80008904 (0x024e8333) x 6 0x00000000
core   0: 0x80008908 (0x00a748b3) xor     a7, a4, a0
core   0: 3 0x80008908 (0x00a748b3) x17 0x00000254
core   0: 0x8000890c (0x0ff0000f) fence   iorw,iorw
core   0: 3 0x8000890c (0x0ff0000f)
core   0: 0x80008910 (0x0000100f) fence.i
core   0: 3 0x80008910 (0x0000100f)
core   0: 0x80008914 (0x03550463) beq     a0, s5, pc + 40
core   0: 3 0x80008914 (0x03550463)
core   0: 0x80008918 (0x00000001) c.nop
core   0: 3 0x80008918 (0x0001)
core   0: 0x8000891a (0x018e7d63) bgeu    t3, s8, pc + 26
core   0: 3 0x8000891a (0x018e7d63)
core   0: 0x8000891e (0x0000072a) c.slli  a4, 10
core   0: 3 0x8000891e (0x072a) x14 0x00000400
core   0: 0x80008920 (0x098f6163) bltu    t5, s8, pc + 130
core   0: 3 0x80008920 (0x098f6163)
core   0: 0x80008924 (0x07224063) blt     tp, s2, pc + 96
core   0: 3 0x80008924 (0x07224063)
core   0: 0x80008928 (0x00ab1293) slli    t0, s6, 10
core   0: 3 0x80008928 (0x00ab1293) x 5 0x128e9000
core   0: 0x8000892c (0x413b5893) srai    a7, s6, 19
core   0: 3 0x8000892c (0x413b5893) x17 0x00000000
core   0: 0x80008930 (0x037274b3) remu    s1, tp, s7
core   0: 3 0x80008930 (0x037274b3) x 9 0x00000000
core   0: 0x80008934 (0x40e75e13) srai    t3, a4, 14
core   0: 3 0x80008934 (0x40e75e13) x28 0x00000000
core   0: 0x80008938 (0x0000937a) c.add   t1, t5
core   0: 3 0x80008938 (0x937a) x 6 0xfffe6700
core   0: 0x8000893a (0x00000716) c.slli  a4, 5
core   0: 3 0x8000893a (0x0716) x14 0x00008000
core   0: 0x8000893c (0x00008dfd) c.and   a1, a5
core   0: 3 0x8000893c (0x8dfd) x11 0x00000000
core   0: 0x8000893e (0xffe00613) li      a2, -2
core   0: 3 0x8000893e (0xffe00613) x12 0xfffffffe
core   0: 0x80008942 (0x00006175) c.addi16sp sp, 368
core   0: 3 0x80008942 (0x6175) x 2 0x00000160
core   0: 0x80008944 (0x0ff0000f) fence   iorw,iorw
core   0: 3 0x80008944 (0x0ff0000f)
core   0: 0x80008948 (0x01731693) slli    a3, t1, 23
core   0: 3 0x80008948 (0x01731693) x13 0x80000000
core   0: 0x8000894c (0x00008ca5) c.xor   s1, s1
core   0: 3 0x8000894c (0x8ca5) x 9 0x00000000
core   0: 0x8000894e (0x01400c93) li      s9, 20
core   0: 3 0x8000894e (0x01400c93) x25 0x00000014
core   0: 0x80008952 (0x01966333) or      t1, a2, s9
core   0: 3 0x80008952 (0x01966333) x 6 0xfffffffe
core   0: 0x80008956 (0x0296a2b3) mulhsu  t0, a3, s1
core   0: 3 0x80008956 (0x0296a2b3) x 5 0x00000000
core   0: 0x8000895a (0x000081ee) c.mv    gp, s11
core   0: 3 0x8000895a (0x81ee) x 3 0x80022e24
core   0: 0x8000895c (0x23d37513) andi    a0, t1, 573
core   0: 3 0x8000895c (0x23d37513) x10 0x0000023c
core   0: 0x80008960 (0xc2c9b117) auipc   sp, 0xc2c9b
core   0: 3 0x80008960 (0xc2c9b117) x 2 0x42ca3960
core   0: 0x80008964 (0x000000c2) c.slli  ra, 16
core   0: 3 0x80008964 (0x00c2) x 1 0x6ce50000
core   0: 0x80008966 (0x00000625) c.addi  a2, 9
core   0: 3 0x80008966 (0x0625) x12 0x00000007
core   0: 0x80008968 (0x02d92833) mulhsu  a6, s2, a3
core   0: 3 0x80008968 (0x02d92833) x16 0xc0013672
core   0: 0x8000896c (0x02d155b3) divu    a1, sp, a3
core   0: 3 0x8000896c (0x02d155b3) x11 0x00000000
core   0: 0x80008970 (0x0000100f) fence.i
core   0: 3 0x80008970 (0x0000100f)
core   0: 0x80008974 (0x66983493) sltiu   s1, a6, 1641
core   0: 3 0x80008974 (0x66983493) x 9 0x00000000
core   0: 0x80008978 (0x00008f9d) c.sub   a5, a5
core   0: 3 0x80008978 (0x8f9d) x15 0x00000000
core   0: 0x8000897a (0xff9660e3) bltu    a2, s9, pc - 32
core   0: 3 0x8000897a (0xff9660e3)
core   0: 0x8000895a (0x000081ee) c.mv    gp, s11
core   0: 3 0x8000895a (0x81ee) x 3 0x80022e24
core   0: 0x8000895c (0x23d37513) andi    a0, t1, 573
core   0: 3 0x8000895c (0x23d37513) x10 0x0000023c
core   0: 0x80008960 (0xc2c9b117) auipc   sp, 0xc2c9b
core   0: 3 0x80008960 (0xc2c9b117) x 2 0x42ca3960
core   0: 0x80008964 (0x000000c2) c.slli  ra, 16
core   0: 3 0x80008964 (0x00c2) x 1 0x00000000
core   0: 0x80008966 (0x00000625) c.addi  a2, 9
core   0: 3 0x80008966 (0x0625) x12 0x00000010
core   0: 0x80008968 (0x02d92833) mulhsu  a6, s2, a3
core   0: 3 0x80008968 (0x02d92833) x16 0xc0013672
core   0: 0x8000896c (0x02d155b3) divu    a1, sp, a3
core   0: 3 0x8000896c (0x02d155b3) x11 0x00000000
core   0: 0x80008970 (0x0000100f) fence.i
core   0: 3 0x80008970 (0x0000100f)
core   0: 0x80008974 (0x66983493) sltiu   s1, a6, 1641
core   0: 3 0x80008974 (0x66983493) x 9 0x00000000
core   0: 0x80008978 (0x00008f9d) c.sub   a5, a5
core   0: 3 0x80008978 (0x8f9d) x15 0x00000000
core   0: 0x8000897a (0xff9660e3) bltu    a2, s9, pc - 32
core   0: 3 0x8000897a (0xff9660e3)
core   0: 0x8000895a (0x000081ee) c.mv    gp, s11
core   0: 3 0x8000895a (0x81ee) x 3 0x80022e24
core   0: 0x8000895c (0x23d37513) andi    a0, t1, 573
core   0: 3 0x8000895c (0x23d37513) x10 0x0000023c
core   0: 0x80008960 (0xc2c9b117) auipc   sp, 0xc2c9b
core   0: 3 0x80008960 (0xc2c9b117) x 2 0x42ca3960
core   0: 0x80008964 (0x000000c2) c.slli  ra, 16
core   0: 3 0x80008964 (0x00c2) x 1 0x00000000
core   0: 0x80008966 (0x00000625) c.addi  a2, 9
core   0: 3 0x80008966 (0x0625) x12 0x00000019
core   0: 0x80008968 (0x02d92833) mulhsu  a6, s2, a3
core   0: 3 0x80008968 (0x02d92833) x16 0xc0013672
core   0: 0x8000896c (0x02d155b3) divu    a1, sp, a3
core   0: 3 0x8000896c (0x02d155b3) x11 0x00000000
core   0: 0x80008970 (0x0000100f) fence.i
core   0: 3 0x80008970 (0x0000100f)
core   0: 0x80008974 (0x66983493) sltiu   s1, a6, 1641
core   0: 3 0x80008974 (0x66983493) x 9 0x00000000
core   0: 0x80008978 (0x00008f9d) c.sub   a5, a5
core   0: 3 0x80008978 (0x8f9d) x15 0x00000000
core   0: 0x8000897a (0xff9660e3) bltu    a2, s9, pc - 32
core   0: 3 0x8000897a (0xff9660e3)
core   0: 0x8000897e (0x00215113) srli    sp, sp, 2
core   0: 3 0x8000897e (0x00215113) x 2 0x10b28e58
core   0: 0x80008982 (0x000082ed) c.srli  a3, 27
core   0: 3 0x80008982 (0x82ed) x13 0x00000010
core   0: 0x80008984 (0x409c0ab3) sub     s5, s8, s1
core   0: 3 0x80008984 (0x409c0ab3) x21 0x00000565
core   0: 0x80008988 (0x0142e733) or      a4, t0, s4
core   0: 3 0x80008988 (0x0142e733) x14 0x00000001
core   0: 0x8000898c (0x0ff0000f) fence   iorw,iorw
core   0: 3 0x8000898c (0x0ff0000f)
core   0: 0x80008990 (0x000006da) c.slli  a3, 22
core   0: 3 0x80008990 (0x06da) x13 0x04000000
core   0: 0x80008992 (0x01e291b3) sll     gp, t0, t5
core   0: 3 0x80008992 (0x01e291b3) x 3 0x00000000
core   0: 0x80008996 (0x0061beb3) sltu    t4, gp, t1
core   0: 3 0x80008996 (0x0061beb3) x29 0x00000001
core   0: 0x8000899a (0x0000100f) fence.i
core   0: 3 0x8000899a (0x0000100f)
core   0: 0x8000899e (0x0000100f) fence.i
core   0: 3 0x8000899e (0x0000100f)
core   0: 0x800089a2 (0x003d69b3) or      s3, s10, gp
core   0: 3 0x800089a2 (0x003d69b3) x19 0x00000565
core   0: 0x800089a6 (0x03df7d33) remu    s10, t5, t4
core   0: 3 0x800089a6 (0x03df7d33) x26 0x00000000
core   0: 0x800089aa (0x01c06f63) bltu    zero, t3, pc + 30
core   0: 3 0x800089aa (0x01c06f63)
core   0: 0x800089ae (0x02df3233) mulhu   tp, t5, a3
core   0: 3 0x800089ae (0x02df3233) x 4 0x03fff99c
core   0: 0x800089b2 (0x00815d13) srli    s10, sp, 8
core   0: 3 0x800089b2 (0x00815d13) x26 0x0010b28e
core   0: 0x800089b6 (0x00008ba5) c.andi  a5, 9
core   0: 3 0x800089b6 (0x8ba5) x15 0x00000000
core   0: 0x800089b8 (0x0335ea33) rem     s4, a1, s3
core   0: 3 0x800089b8 (0x0335ea33) x20 0x00000000
core   0: 0x800089bc (0x005e7c33) and     s8, t3, t0
core   0: 3 0x800089bc (0x005e7c33) x24 0x00000000
core   0: 0x800089c0 (0x00008f75) c.and   a4, a3
core   0: 3 0x800089c0 (0x8f75) x14 0x00000000
core   0: 0x800089c2 (0x00008d21) c.xor   a0, s0
core   0: 3 0x800089c2 (0x8d21) x10 0x0000023c
core   0: 0x800089c4 (0x020dd2b3) divu    t0, s11, zero
core   0: 3 0x800089c4 (0x020dd2b3) x 5 0xffffffff
core   0: 0x800089c8 (0x00100663) beq     zero, ra, pc + 12
core   0: 3 0x800089c8 (0x00100663)
core   0: 0x800089d4 (0x0062d663) bge     t0, t1, pc + 12
core   0: 3 0x800089d4 (0x0062d663)
core   0: 0x800089e0 (0x01b75c13) srli    s8, a4, 27
core   0: 3 0x800089e0 (0x01b75c13) x24 0x00000000
core   0: 0x800089e4 (0x037017b3) mulh    a5, zero, s7
core   0: 3 0x800089e4 (0x037017b3) x15 0x00000000
core   0: 0x800089e8 (0x01605b93) srli    s7, zero, 22
core   0: 3 0x800089e8 (0x01605b93) x23 0x00000000
core   0: 0x800089ec (0x000007e9) c.addi  a5, 26
core   0: 3 0x800089ec (0x07e9) x15 0x0000001a
core   0: 0x800089ee (0x00001a94) c.addi4spn a3, sp, 368
core   0: 3 0x800089ee (0x1a94) x13 0x10b28fc8
core   0: 0x800089f0 (0x030414b3) mulh    s1, s0, a6
core   0: 3 0x800089f0 (0x030414b3) x 9 0x00000000
core   0: 0x800089f4 (0x00865013) srli    zero, a2, 8
core   0: 3 0x800089f4 (0x00865013)
core   0: 0x800089f8 (0x00006175) c.addi16sp sp, 368
core   0: 3 0x800089f8 (0x6175) x 2 0x10b28fc8
core   0: 0x800089fa (0x02ca4733) div     a4, s4, a2
core   0: 3 0x800089fa (0x02ca4733) x14 0x00000000
core   0: 0x800089fe (0x00000001) c.nop
core   0: 3 0x800089fe (0x0001)
core   0: 0x80008a00 (0x0000717d) c.addi16sp sp, -16
core   0: 3 0x80008a00 (0x717d) x 2 0x10b28fb8
core   0: 0x80008a02 (0x4027d7b3) sra     a5, a5, sp
core   0: 3 0x80008a02 (0x4027d7b3) x15 0x00000000
core   0: 0x80008a06 (0x000063c5) c.lui   t2, 0x11
core   0: 3 0x80008a06 (0x63c5) x 7 0x00011000
core   0: 0x80008a08 (0x00008671) c.srai  a2, 28
core   0: 3 0x80008a08 (0x8671) x12 0x00000000
core   0: 0x80008a0a (0x03259563) bne     a1, s2, pc + 42
core   0: 3 0x80008a0a (0x03259563)
core   0: 0x80008a34 (0x000081b9) c.srli  a1, 14
core   0: 3 0x80008a34 (0x81b9) x11 0x00000000
core   0: 0x80008a36 (0x00008da9) c.xor   a1, a0
core   0: 3 0x80008a36 (0x8da9) x11 0x0000023c
core   0: 0x80008a38 (0x0164c363) blt     s1, s6, pc + 6
core   0: 3 0x80008a38 (0x0164c363)
core   0: 0x80008a3e (0x00008fce) c.mv    t6, s3
core   0: 3 0x80008a3e (0x8fce) x31 0x00000565
core   0: 0x80008a40 (0x40cc0bb3) sub     s7, s8, a2
core   0: 3 0x80008a40 (0x40cc0bb3) x23 0x00000000
core   0: 0x80008a44 (0x00005a7d) c.li    s4, -1
core   0: 3 0x80008a44 (0x5a7d) x20 0xffffffff
core   0: 0x80008a46 (0x012e2c33) slt     s8, t3, s2
core   0: 3 0x80008a46 (0x012e2c33) x24 0x00000000
core   0: 0x80008a4a (0x00008895) c.andi  s1, 5
core   0: 3 0x80008a4a (0x8895) x 9 0x00000000
core   0: 0x80008a4c (0x00001e10) c.addi4spn a2, sp, 816
core   0: 3 0x80008a4c (0x1e10) x12 0x10b292e8
core   0: 0x80008a4e (0x03628d33) mul     s10, t0, s6
core   0: 3 0x80008a4e (0x03628d33) x26 0xfffb5c5c
core   0: 0x80008a52 (0x02fd8e63) beq     s11, a5, pc + 60
core   0: 3 0x80008a52 (0x02fd8e63)
core   0: 0x80008a56 (0x00d19593) slli    a1, gp, 13
core   0: 3 0x80008a56 (0x00d19593) x11 0x00000000
core   0: 0x80008a5a (0x000083d1) c.srli  a5, 20
core   0: 3 0x80008a5a (0x83d1) x15 0x00000000
core   0: 0x80008a5c (0x0000872d) c.srai  a4, 11
core   0: 3 0x80008a5c (0x872d) x14 0x00000000
core   0: 0x80008a5e (0x4050dfb3) sra     t6, ra, t0
core   0: 3 0x80008a5e (0x4050dfb3) x31 0x00000000
core   0: 0x80008a62 (0x025d0033) mul     zero, s10, t0
core   0: 3 0x80008a62 (0x025d0033)
core   0: 0x80008a66 (0x02914e33) div     t3, sp, s1
core   0: 3 0x80008a66 (0x02914e33) x28 0xffffffff
core   0: 0x80008a6a (0x00008dd5) c.or    a1, a3
core   0: 3 0x80008a6a (0x8dd5) x11 0x10b28fc8
core   0: 0x80008a6c (0x000092be) c.add   t0, a5
core   0: 3 0x80008a6c (0x92be) x 5 0xffffffff
core   0: 0x80008a6e (0x0ff0000f) fence   iorw,iorw
core   0: 3 0x80008a6e (0x0ff0000f)
core   0: 0x80008a72 (0x00000996) c.slli  s3, 5
core   0: 3 0x80008a72 (0x0996) x19 0x0000aca0
core   0: 0x80008a74 (0x000004ee) c.slli  s1, 27
core   0: 3 0x80008a74 (0x04ee) x 9 0x00000000
core   0: 0x80008a76 (0x05877263) bgeu    a4, s8, pc + 68
core   0: 3 0x80008a76 (0x05877263)
core   0: 0x80008aba (0xfeee4213) xori    tp, t3, -18
core   0: 3 0x80008aba (0xfeee4213) x 4 0x00000011
core   0: 0x80008abe (0x01b402b3) add     t0, s0, s11
core   0: 3 0x80008abe (0x01b402b3) x 5 0x80022e24
core   0: 0x80008ac2 (0x8b8cc893) xori    a7, s9, -1864
core   0: 3 0x80008ac2 (0x8b8cc893) x17 0xfffff8ac
core   0: 0x80008ac6 (0x0000609d) c.lui   ra, 0x7
core   0: 3 0x80008ac6 (0x609d) x 1 0x00007000
core   0: 0x80008ac8 (0x01ad1e63) bne     s10, s10, pc + 28
core   0: 3 0x80008ac8 (0x01ad1e63)
core   0: 0x80008acc (0x00008215) c.srli  a2, 5
core   0: 3 0x80008acc (0x8215) x12 0x00859497
core   0: 0x80008ace (0x00008125) c.srli  a0, 9
core   0: 3 0x80008ace (0x8125) x10 0x00000001
core   0: 0x80008ad0 (0x01632133) slt     sp, t1, s6
core   0: 3 0x80008ad0 (0x01632133) x 2 0x00000001
core   0: 0x80008ad4 (0x032fbab3) mulhu   s5, t6, s2
core   0: 3 0x80008ad4 (0x032fbab3) x21 0x00000000
core   0: 0x80008ad8 (0xcc9f9c97) auipc   s9, 0xcc9f9
core   0: 3 0x80008ad8 (0xcc9f9c97) x25 0x4ca01ad8
core   0: 0x80008adc (0x00987bb3) and     s7, a6, s1
core   0: 3 0x80008adc (0x00987bb3) x23 0x00000000
core   0: 0x80008ae0 (0x00008fd5) c.or    a5, a3
core   0: 3 0x80008ae0 (0x8fd5) x15 0x10b28fc8
core   0: 0x80008ae2 (0x00004af5) c.li    s5, 29
core   0: 3 0x80008ae2 (0x4af5) x21 0x0000001d
core   0: 0x80008ae4 (0x03edf533) remu    a0, s11, t5
core   0: 3 0x80008ae4 (0x03edf533) x10 0x80022e24
core   0: 0x80008ae8 (0x759ac897) auipc   a7, 0x759ac
core   0: 3 0x80008ae8 (0x759ac897) x17 0xf59b4ae8
core   0: 0x80008aec (0xce707293) andi    t0, zero, -793
core   0: 3 0x80008aec (0xce707293) x 5 0x00000000
core   0: 0x80008af0 (0x009b2133) slt     sp, s6, s1
core   0: 3 0x80008af0 (0x009b2133) x 2 0x00000000
core   0: 0x80008af4 (0x000087ce) c.mv    a5, s3
core   0: 3 0x80008af4 (0x87ce) x15 0x0000aca0
core   0: 0x80008af6 (0x03075fb3) divu    t6, a4, a6
core   0: 3 0x80008af6 (0x03075fb3) x31 0x00000000
core   0: 0x80008afa (0x00006105) c.addi16sp sp, 32
core   0: 3 0x80008afa (0x6105) x 2 0x00000020
core   0: 0x80008afc (0x089ff263) bgeu    t6, s1, pc + 132
core   0: 3 0x80008afc (0x089ff263)
core   0: 0x80008b80 (0x41295213) srai    tp, s2, 18
core   0: 3 0x80008b80 (0x41295213) x 4 0xffffe000
core   0: 0x80008b84 (0x0298cd33) div     s10, a7, s1
core   0: 3 0x80008b84 (0x0298cd33) x26 0xffffffff
core   0: 0x80008b88 (0x0000100f) fence.i
core   0: 3 0x80008b88 (0x0000100f)
core   0: 0x80008b8c (0x026d7cb3) remu    s9, s10, t1
core   0: 3 0x80008b8c (0x026d7cb3) x25 0x00000001
core   0: 0x80008b90 (0x022451b3) divu    gp, s0, sp
core   0: 3 0x80008b90 (0x022451b3) x 3 0x00000000
core   0: 0x80008b94 (0x690dbc93) sltiu   s9, s11, 1680
core   0: 3 0x80008b94 (0x690dbc93) x25 0x00000000
core   0: 0x80008b98 (0x073daa13) slti    s4, s11, 115
core   0: 3 0x80008b98 (0x073daa13) x20 0x00000001
core   0: 0x80008b9c (0x01f6e9b3) or      s3, a3, t6
core   0: 3 0x80008b9c (0x01f6e9b3) x19 0x10b28fc8
core   0: 0x80008ba0 (0x004da303) lw      t1, 4(s11)
core   0: 3 0x80008ba0 (0x004da303) x 6 0x80001c50 mem 0x80022e28
core   0: 0x80008ba4 (0x040d8d93) addi    s11, s11, 64
core   0: 3 0x80008ba4 (0x040d8d93) x27 0x80022e64
core   0: 0x80008ba8 (0xfc13ea93) ori     s5, t2, -63
core   0: 3 0x80008ba8 (0xfc13ea93) x21 0xffffffc1
core   0: 0x80008bac (0x00008cad) c.xor   s1, a1
core   0: 3 0x80008bac (0x8cad) x 9 0x10b28fc8
core   0: 0x80008bae (0x00cf5613) srli    a2, t5, 12
core   0: 3 0x80008bae (0x00cf5613) x12 0x000fffe6
core   0: 0x80008bb2 (0x00005a7d) c.li    s4, -1
core   0: 3 0x80008bb2 (0x5a7d) x20 0xffffffff
core   0: 0x80008bb4 (0x00030e13) mv      t3, t1
core   0: 3 0x80008bb4 (0x00030e13) x28 0x80001c50
core   0: 0x80008bb8 (0x00009e02) c.jalr  t3
core   0: 3 0x80008bb8 (0x9e02) x 1 0x80008bba
core   0: 0x80001c50 (0x00008ecd) c.or    a3, a1
core   0: 3 0x80001c50 (0x8ecd) x13 0x10b28fc8
core   0: 0x80001c52 (0x02a09eb3) mulh    t4, ra, a0
core   0: 3 0x80001c52 (0x02a09eb3) x29 0x3ffea312
core   0: 0x80001c56 (0x03e48163) beq     s1, t5, pc + 34
core   0: 3 0x80001c56 (0x03e48163)
core   0: 0x80001c5a (0x00008395) c.srli  a5, 5
core   0: 3 0x80001c5a (0x8395) x15 0x00000565
core   0: 0x80001c5c (0xf98ee393) ori     t2, t4, -104
core   0: 3 0x80001c5c (0xf98ee393) x 7 0xffffff9a
core   0: 0x80001c60 (0x6cbf4397) auipc   t2, 0x6cbf4
core   0: 3 0x80001c60 (0x6cbf4397) x 7 0xecbf5c60
core   0: 0x80001c64 (0x00008136) c.mv    sp, a3
core   0: 3 0x80001c64 (0x8136) x 2 0x10b28fc8
core   0: 0x80001c66 (0x02b21c33) mulh    s8, tp, a1
core   0: 3 0x80001c66 (0x02b21c33) x24 0xfffffde9
core   0: 0x80001c6a (0x16136f13) ori     t5, t1, 353
core   0: 3 0x80001c6a (0x16136f13) x30 0x80001d71
core   0: 0x80001c6e (0x00000761) c.addi  a4, 24
core   0: 3 0x80001c6e (0x0761) x14 0x00000018
core   0: 0x80001c70 (0x01a75763) bge     a4, s10, pc + 14
core   0: 3 0x80001c70 (0x01a75763)
core   0: 0x80001c7e (0x022df763) bgeu    s11, sp, pc + 46
core   0: 3 0x80001c7e (0x022df763)
core   0: 0x80001cac (0x0ff0000f) fence   iorw,iorw
core   0: 3 0x80001cac (0x0ff0000f)
core   0: 0x80001cb0 (0x00008e71) c.and   a2, a2
core   0: 3 0x80001cb0 (0x8e71) x12 0x000fffe6
core   0: 0x80001cb2 (0x023407b3) mul     a5, s0, gp
core   0: 3 0x80001cb2 (0x023407b3) x15 0x00000000
core   0: 0x80001cb6 (0x00006be5) c.lui   s7, 0x19
core   0: 3 0x80001cb6 (0x6be5) x23 0x00019000
core   0: 0x80001cb8 (0x027a1a33) mulh    s4, s4, t2
core   0: 3 0x80001cb8 (0x027a1a33) x20 0x00000000
core   0: 0x80001cbc (0x01d3fb33) and     s6, t2, t4
core   0: 3 0x80001cbc (0x01d3fb33) x22 0x2cbe0000
core   0: 0x80001cc0 (0x031027b3) mulhsu  a5, zero, a7
core   0: 3 0x80001cc0 (0x031027b3) x15 0x00000000
core   0: 0x80001cc4 (0x000084d5) c.srai  s1, 21
core   0: 3 0x80001cc4 (0x84d5) x 9 0x00000085
core   0: 0x80001cc6 (0x00008f91) c.sub   a5, a2
core   0: 3 0x80001cc6 (0x8f91) x15 0xfff0001a
core   0: 0x80001cc8 (0x8c31f813) andi    a6, gp, -1853
core   0: 3 0x80001cc8 (0x8c31f813) x16 0x00000000
core   0: 0x80001ccc (0x037e3b33) mulhu   s6, t3, s7
core   0: 3 0x80001ccc (0x037e3b33) x22 0x0000c800
core   0: 0x80001cd0 (0x034ac3b3) div     t2, s5, s4
core   0: 3 0x80001cd0 (0x034ac3b3) x 7 0xffffffff
core   0: 0x80001cd4 (0x03f9d9b3) divu    s3, s3, t6
core   0: 3 0x80001cd4 (0x03f9d9b3) x19 0xffffffff
core   0: 0x80001cd8 (0x01f495b3) sll     a1, s1, t6
core   0: 3 0x80001cd8 (0x01f495b3) x11 0x00000085
core   0: 0x80001cdc (0x0000100f) fence.i
core   0: 3 0x80001cdc (0x0000100f)
core   0: 0x80001ce0 (0xcc39ca93) xori    s5, s3, -829
core   0: 3 0x80001ce0 (0xcc39ca93) x21 0x0000033c
core   0: 0x80001ce4 (0x0000823d) c.srli  a2, 15
core   0: 3 0x80001ce4 (0x823d) x12 0x0000001f
core   0: 0x80001ce6 (0x1eb0f693) andi    a3, ra, 491
core   0: 3 0x80001ce6 (0x1eb0f693) x13 0x000001aa
core   0: 0x80001cea (0x41cd5eb3) sra     t4, s10, t3
core   0: 3 0x80001cea (0x41cd5eb3) x29 0xffffffff
core   0: 0x80001cee (0x00006839) c.lui   a6, 0xe
core   0: 3 0x80001cee (0x6839) x16 0x0000e000
core   0: 0x80001cf0 (0x0000611d) c.addi16sp sp, 416
core   0: 3 0x80001cf0 (0x611d) x 2 0x10b29168
core   0: 0x80001cf2 (0x00009486) c.add   s1, ra
core   0: 3 0x80001cf2 (0x9486) x 9 0x80008c3f
core   0: 0x80001cf4 (0x00008f51) c.or    a4, a2
core   0: 3 0x80001cf4 (0x8f51) x14 0x0000001f
core   0: 0x80001cf6 (0x00000d06) c.slli  s10, 1
core   0: 3 0x80001cf6 (0x0d06) x26 0xfffffffe
core   0: 0x80001cf8 (0x0165bfb3) sltu    t6, a1, s6
core   0: 3 0x80001cf8 (0x0165bfb3) x31 0x00000001
core   0: 0x80001cfc (0x0303e363) bltu    t2, a6, pc + 38
core   0: 3 0x80001cfc (0x0303e363)
core   0: 0x80001d00 (0x009be6b3) or      a3, s7, s1
core   0: 3 0x80001d00 (0x009be6b3) x13 0x80019c3f
core   0: 0x80001d04 (0x00008a89) c.andi  a3, 2
core   0: 3 0x80001d04 (0x8a89) x13 0x00000002
core   0: 0x80001d06 (0x00008625) c.srai  a2, 9
core   0: 3 0x80001d06 (0x8625) x12 0x00000000
core   0: 0x80001d08 (0x018a4fb3) xor     t6, s4, s8
core   0: 3 0x80001d08 (0x018a4fb3) x31 0xfffffde9
core   0: 0x80001d0c (0x00b8f233) and     tp, a7, a1
core   0: 3 0x80001d0c (0x00b8f233) x 4 0x00000080
core   0: 0x80001d10 (0x00000cea) c.slli  s9, 26
core   0: 3 0x80001d10 (0x0cea) x25 0x00000000
core   0: 0x80001d12 (0x407b5c33) sra     s8, s6, t2
core   0: 3 0x80001d12 (0x407b5c33) x24 0x00000000
core   0: 0x80001d16 (0x03559363) bne     a1, s5, pc + 38
core   0: 3 0x80001d16 (0x03559363)
core   0: 0x80001d3c (0x034df9b3) remu    s3, s11, s4
core   0: 3 0x80001d3c (0x034df9b3) x19 0x80022e64
core   0: 0x80001d40 (0x02fb1f63) bne     s6, a5, pc + 62
core   0: 3 0x80001d40 (0x02fb1f63)
core   0: 0x80001d7e (0xfcf34a13) xori    s4, t1, -49
core   0: 3 0x80001d7e (0xfcf34a13) x20 0x7fffe39f
core   0: 0x80001d82 (0x03f545b3) div     a1, a0, t6
core   0: 3 0x80001d82 (0x03f545b3) x11 0x003d3e99
core   0: 0x80001d86 (0x01e21893) slli    a7, tp, 30
core   0: 3 0x80001d86 (0x01e21893) x17 0x00000000
core   0: 0x80001d8a (0x03e47863) bgeu    s0, t5, pc + 48
core   0: 3 0x80001d8a (0x03e47863)
core   0: 0x80001d8e (0x7787e793) ori     a5, a5, 1912
core   0: 3 0x80001d8e (0x7787e793) x15 0xfff0077a
core   0: 0x80001d92 (0xb8434f93) xori    t6, t1, -1148
core   0: 3 0x80001d92 (0xb8434f93) x31 0x7fffe7d4
core   0: 0x80001d96 (0x000006d6) c.slli  a3, 21
core   0: 3 0x80001d96 (0x06d6) x13 0x00400000
core   0: 0x80001d98 (0x00008d15) c.sub   a0, a3
core   0: 3 0x80001d98 (0x8d15) x10 0x7fc22e24
core   0: 0x80001d9a (0x01e0a133) slt     sp, ra, t5
core   0: 3 0x80001d9a (0x01e0a133) x 2 0x00000000
core   0: 0x80001d9e (0x05040363) beq     s0, a6, pc + 70
core   0: 3 0x80001d9e (0x05040363)
core   0: 0x80001da2 (0xe471be13) sltiu   t3, gp, -441
core   0: 3 0x80001da2 (0xe471be13) x28 0x00000001
core   0: 0x80001da6 (0x00008cc5) c.or    s1, s1
core   0: 3 0x80001da6 (0x8cc5) x 9 0x80008c3f
core   0: 0x80001da8 (0x0000717d) c.addi16sp sp, -16
core   0: 3 0x80001da8 (0x717d) x 2 0xfffffff0
core   0: 0x80001daa (0x0173d313) srli    t1, t2, 23
core   0: 3 0x80001daa (0x0173d313) x 6 0x000001ff
core   0: 0x80001dae (0x843928b7) lui     a7, 0x84392
core   0: 3 0x80001dae (0x843928b7) x17 0x84392000
core   0: 0x80001db2 (0x00b7c3b3) xor     t2, a5, a1
core   0: 3 0x80001db2 (0x00b7c3b3) x 7 0xffcd39e3
core   0: 0x80001db6 (0x0228ea63) bltu    a7, sp, pc + 52
core   0: 3 0x80001db6 (0x0228ea63)
core   0: 0x80001dea (0x02c97033) remu    zero, s2, a2
core   0: 3 0x80001dea (0x02c97033)
core   0: 0x80001dee (0x00008812) c.mv    a6, tp
core   0: 3 0x80001dee (0x8812) x16 0x00000080
core   0: 0x80001df0 (0x00008d39) c.xor   a0, a4
core   0: 3 0x80001df0 (0x8d39) x10 0x7fc22e3b
core   0: 0x80001df2 (0x00008315) c.srli  a4, 5
core   0: 3 0x80001df2 (0x8315) x14 0x00000000
core   0: 0x80001df4 (0x00008d0d) c.sub   a0, a1
core   0: 3 0x80001df4 (0x8d0d) x10 0x7f84efa2
core   0: 0x80001df6 (0x001d9a13) slli    s4, s11, 1
core   0: 3 0x80001df6 (0x001d9a13) x20 0x00045cc8
core   0: 0x80001dfa (0x01d03733) snez    a4, t4
core   0: 3 0x80001dfa (0x01d03733) x14 0x00000001
core   0: 0x80001dfe (0x00008dd1) c.or    a1, a2
core   0: 3 0x80001dfe (0x8dd1) x11 0x003d3e99
core   0: 0x80001e00 (0xd1271f37) lui     t5, 0xd1271
core   0: 3 0x80001e00 (0xd1271f37) x30 0xd1271000
core   0: 0x80001e04 (0x00008e7d) c.and   a2, a5
core   0: 3 0x80001e04 (0x8e7d) x12 0x00000000
core   0: 0x80001e06 (0x0178ca33) xor     s4, a7, s7
core   0: 3 0x80001e06 (0x0178ca33) x20 0x8438b000
core   0: 0x80001e0a (0x00001e10) c.addi4spn a2, sp, 816
core   0: 3 0x80001e0a (0x1e10) x12 0x00000320
core   0: 0x80001e0c (0x01200d33) add     s10, zero, s2
core   0: 3 0x80001e0c (0x01200d33) x26 0x80026ce4
core   0: 0x80001e10 (0x032d5d63) bge     s10, s2, pc + 58
core   0: 3 0x80001e10 (0x032d5d63)
core   0: 0x80001e4a (0xd5cacd37) lui     s10, 0xd5cac
core   0: 3 0x80001e4a (0xd5cacd37) x26 0xd5cac000
core   0: 0x80001e4e (0xaa48f697) auipc   a3, 0xaa48f
core   0: 3 0x80001e4e (0xaa48f697) x13 0x2a490e4e
core   0: 0x80001e52 (0x01033033) sltu    zero, t1, a6
core   0: 3 0x80001e52 (0x01033033)
core   0: 0x80001e56 (0x03f36033) rem     zero, t1, t6
core   0: 3 0x80001e56 (0x03f36033)
core   0: 0x80001e5a (0x0000951a) c.add   a0, t1
core   0: 3 0x80001e5a (0x951a) x10 0x7f84f1a1
core   0: 0x80001e5c (0x02fc7193) andi    gp, s8, 47
core   0: 3 0x80001e5c (0x02fc7193) x 3 0x00000000
core   0: 0x80001e60 (0x01471e63) bne     a4, s4, pc + 28
core   0: 3 0x80001e60 (0x01471e63)
core   0: 0x80001e7c (0x038571b3) remu    gp, a0, s8
core   0: 3 0x80001e7c (0x038571b3) x 3 0x7f84f1a1
core   0: 0x80001e80 (0x0000100f) fence.i
core   0: 3 0x80001e80 (0x0000100f)
core   0: 0x80001e84 (0x28b13213) sltiu   tp, sp, 651
core   0: 3 0x80001e84 (0x28b13213) x 4 0x00000000
core   0: 0x80001e88 (0x013f1f33) sll     t5, t5, s3
core   0: 3 0x80001e88 (0x013f1f33) x30 0x12710000
core   0: 0x80001e8c (0x03ca39b3) mulhu   s3, s4, t3
core   0: 3 0x80001e8c (0x03ca39b3) x19 0x00000000
core   0: 0x80001e90 (0xf9c2bc93) sltiu   s9, t0, -100
core   0: 3 0x80001e90 (0xf9c2bc93) x25 0x00000001
core   0: 0x80001e94 (0x01bea4b3) slt     s1, t4, s11
core   0: 3 0x80001e94 (0x01bea4b3) x 9 0x00000000
core   0: 0x80001e98 (0x031a0633) mul     a2, s4, a7
core   0: 3 0x80001e98 (0x031a0633) x12 0x46000000
core   0: 0x80001e9c (0x03181233) mulh    tp, a6, a7
core   0: 3 0x80001e9c (0x03181233) x 4 0xffffffc2
core   0: 0x80001ea0 (0x0179fb63) bgeu    s3, s7, pc + 22
core   0: 3 0x80001ea0 (0x0179fb63)
core   0: 0x80001ea4 (0xc19cf713) andi    a4, s9, -999
core   0: 3 0x80001ea4 (0xc19cf713) x14 0x00000001
core   0: 0x80001ea8 (0x000008e6) c.slli  a7, 25
core   0: 3 0x80001ea8 (0x08e6) x17 0x00000000
core   0: 0x80001eaa (0x00008d31) c.xor   a0, a2
core   0: 3 0x80001eaa (0x8d31) x10 0x3984f1a1
core   0: 0x80001eac (0x819e6593) ori     a1, t3, -2023
core   0: 3 0x80001eac (0x819e6593) x11 0xfffff819
core   0: 0x80001eb0 (0x01d70963) beq     a4, t4, pc + 18
core   0: 3 0x80001eb0 (0x01d70963)
core   0: 0x80001eb4 (0x00008729) c.srai  a4, 10
core   0: 3 0x80001eb4 (0x8729) x14 0x00000000
core   0: 0x80001eb6 (0x00cb9c63) bne     s7, a2, pc + 24
core   0: 3 0x80001eb6 (0x00cb9c63)
core   0: 0x80001ece (0x01f35393) srli    t2, t1, 31
core   0: 3 0x80001ece (0x01f35393) x 7 0x00000000
core   0: 0x80001ed2 (0x3759ca97) auipc   s5, 0x3759c
core   0: 3 0x80001ed2 (0x3759ca97) x21 0xb759ded2
core   0: 0x80001ed6 (0xf2923c93) sltiu   s9, tp, -215
core   0: 3 0x80001ed6 (0xf2923c93) x25 0x00000000
core   0: 0x80001eda (0x0ff0000f) fence   iorw,iorw
core   0: 3 0x80001eda (0x0ff0000f)
core   0: 0x80001ede (0x00008d99) c.sub   a1, a4
core   0: 3 0x80001ede (0x8d99) x11 0xfffff819
core   0: 0x80001ee0 (0x00001f98) c.addi4spn a4, sp, 1008
core   0: 3 0x80001ee0 (0x1f98) x14 0x000003e0
core   0: 0x80001ee2 (0x019a44b3) xor     s1, s4, s9
core   0: 3 0x80001ee2 (0x019a44b3) x 9 0x8438b000
core   0: 0x80001ee6 (0x0281f133) remu    sp, gp, s0
core   0: 3 0x80001ee6 (0x0281f133) x 2 0x7f84f1a1
core   0: 0x80001eea (0x0000836a) c.mv    t1, s10
core   0: 3 0x80001eea (0x836a) x 6 0xd5cac000
core   0: 0x80001eec (0x00800613) li      a2, 8
core   0: 3 0x80001eec (0x00800613) x12 0x00000008
core   0: 0x80001ef0 (0x00009b7d) c.andi  a4, -1
core   0: 3 0x80001ef0 (0x9b7d) x14 0x000003e0
core   0: 0x80001ef2 (0x0002d013) srli    zero, t0, 0
core   0: 3 0x80001ef2 (0x0002d013)
core   0: 0x80001ef6 (0x00700093) li      ra, 7
core   0: 3 0x80001ef6 (0x00700093) x 1 0x00000007
core   0: 0x80001efa (0x00008a5a) c.mv    s4, s6
core   0: 3 0x80001efa (0x8a5a) x20 0x0000c800
core   0: 0x80001efc (0x0000166d) c.addi  a2, -5
core   0: 3 0x80001efc (0x166d) x12 0x00000003
core   0: 0x80001efe (0xfe167ee3) bgeu    a2, ra, pc - 4
core   0: 3 0x80001efe (0xfe167ee3)
core   0: 0x80001f02 (0x000086a9) c.srai  a3, 10
core   0: 3 0x80001f02 (0x86a9) x13 0x000a9243
core   0: 0x80001f04 (0x97476513) ori     a0, a4, -1676
core   0: 3 0x80001f04 (0x97476513) x10 0xfffffbf4
core   0: 0x80001f08 (0x00008e6a) c.mv    t3, s10
core   0: 3 0x80001f08 (0x8e6a) x28 0xd5cac000
core   0: 0x80001f0a (0x00008e71) c.and   a2, a2
core   0: 3 0x80001f0a (0x8e71) x12 0x00000003
core   0: 0x80001f0c (0x016136b3) sltu    a3, sp, s6
core   0: 3 0x80001f0c (0x016136b3) x13 0x00000000
core   0: 0x80001f10 (0x0000100f) fence.i
core   0: 3 0x80001f10 (0x0000100f)
core   0: 0x80001f14 (0x00b65b93) srli    s7, a2, 11
core   0: 3 0x80001f14 (0x00b65b93) x23 0x00000000
core   0: 0x80001f18 (0x0000c491) c.beqz  s1, pc + 12
core   0: 3 0x80001f18 (0xc491)
core   0: 0x80001f1a (0x00001284) c.addi4spn s1, sp, 352
core   0: 3 0x80001f1a (0x1284) x 9 0x7f84f301
core   0: 0x80001f1c (0x40375733) sra     a4, a4, gp
core   0: 3 0x80001f1c (0x40375733) x14 0x000001f0
core   0: 0x80001f20 (0xd3947d13) andi    s10, s0, -711
core   0: 3 0x80001f20 (0xd3947d13) x26 0x00000000
core   0: 0x80001f24 (0x003bef63) bltu    s7, gp, pc + 30
core   0: 3 0x80001f24 (0x003bef63)
core   0: 0x80001f42 (0x0309cf63) blt     s3, a6, pc + 62
core   0: 3 0x80001f42 (0x0309cf63)
core   0: 0x80001f80 (0x02254063) blt     a0, sp, pc + 32
core   0: 3 0x80001f80 (0x02254063)
core   0: 0x80001fa0 (0x11f6c593) xori    a1, a3, 287
core   0: 3 0x80001fa0 (0x11f6c593) x11 0x0000011f
core   0: 0x80001fa4 (0x0000717d) c.addi16sp sp, -16
core   0: 3 0x80001fa4 (0x717d) x 2 0x7f84f191
core   0: 0x80001fa6 (0x0ff0000f) fence   iorw,iorw
core   0: 3 0x80001fa6 (0x0ff0000f)
core   0: 0x80001faa (0x00e9f133) and     sp, s3, a4
core   0: 3 0x80001faa (0x00e9f133) x 2 0x00000000
core   0: 0x80001fae (0x00897533) and     a0, s2, s0
core   0: 3 0x80001fae (0x00897533) x10 0x00000000
core   0: 0x80001fb2 (0x035b8e33) mul     t3, s7, s5
core   0: 3 0x80001fb2 (0x035b8e33) x28 0x00000000
core   0: 0x80001fb6 (0x402981b3) sub     gp, s3, sp
core   0: 3 0x80001fb6 (0x402981b3) x 3 0x00000000
core   0: 0x80001fba (0x212be793) ori     a5, s7, 530
core   0: 3 0x80001fba (0x212be793) x15 0x00000212
core   0: 0x80001fbe (0x014adf33) srl     t5, s5, s4
core   0: 3 0x80001fbe (0x014adf33) x30 0xb759ded2
core   0: 0x80001fc2 (0x00000001) c.nop
core   0: 3 0x80001fc2 (0x0001)
core   0: 0x80001fc4 (0x031a5063) bge     s4, a7, pc + 32
core   0: 3 0x80001fc4 (0x031a5063)
core   0: 0x80001fe4 (0xe978b093) sltiu   ra, a7, -361
core   0: 3 0x80001fe4 (0xe978b093) x 1 0x00000001
core   0: 0x80001fe8 (0x02fa6c63) bltu    s4, a5, pc + 56
core   0: 3 0x80001fe8 (0x02fa6c63)
core   0: 0x80001fec (0x0ff0000f) fence   iorw,iorw
core   0: 3 0x80001fec (0x0ff0000f)
core   0: 0x80001ff0 (0x01815513) srli    a0, sp, 24
core   0: 3 0x80001ff0 (0x01815513) x10 0x00000000
core   0: 0x80001ff4 (0x3b1c6693) ori     a3, s8, 945
core   0: 3 0x80001ff4 (0x3b1c6693) x13 0x000003b1
core   0: 0x80001ff8 (0x011ad493) srli    s1, s5, 17
core   0: 3 0x80001ff8 (0x011ad493) x 9 0x00005bac
core   0: 0x80001ffc (0x00006169) c.addi16sp sp, 208
core   0: 3 0x80001ffc (0x6169) x 2 0x000000d0
core   0: 0x80001ffe (0x00a2dd63) bge     t0, a0, pc + 26
core   0: 3 0x80001ffe (0x00a2dd63)
core   0: 0x80002018 (0x00008cb9) c.xor   s1, a4
core   0: 3 0x80002018 (0x8cb9) x 9 0x00005a5c
core   0: 0x8000201a (0x00000001) c.nop
core   0: 3 0x8000201a (0x0001)
core   0: 0x8000201c (0x00008891) c.andi  s1, 4
core   0: 3 0x8000201c (0x8891) x 9 0x00000004
core   0: 0x8000201e (0x00008f5d) c.or    a4, a5
core   0: 3 0x8000201e (0x8f5d) x14 0x000003f2
core   0: 0x80002020 (0x0000e69d) c.bnez  a3, pc + 46
core   0: 3 0x80002020 (0xe69d)
core   0: 0x8000204e (0x001fd1b3) srl     gp, t6, ra
core   0: 3 0x8000204e (0x001fd1b3) x 3 0x3ffff3ea
core   0: 0x80002052 (0xc75bc093) xori    ra, s7, -907
core   0: 3 0x80002052 (0xc75bc093) x 1 0xfffffc75
core   0: 0x80002056 (0x034c99b3) mulh    s3, s9, s4
core   0: 3 0x80002056 (0x034c99b3) x19 0x00000000
core   0: 0x8000205a (0x00fdd9b3) srl     s3, s11, a5
core   0: 3 0x8000205a (0x00fdd9b3) x19 0x00002000
core   0: 0x8000205e (0x5d64ff17) auipc   t5, 0x5d64f
core   0: 3 0x8000205e (0x5d64ff17) x30 0xdd65105e
core   0: 0x80002062 (0x0000c529) c.beqz  a0, pc + 74
core   0: 3 0x80002062 (0xc529)
core   0: 0x800020ac (0x0247deb3) divu    t4, a5, tp
core   0: 3 0x800020ac (0x0247deb3) x29 0x00000000
core   0: 0x800020b0 (0x00008996) c.mv    s3, t0
core   0: 3 0x800020b0 (0x8996) x19 0x00000000
core   0: 0x800020b2 (0x0000ca11) c.beqz  a2, pc + 20
core   0: 3 0x800020b2 (0xca11)
core   0: 0x800020b4 (0x00000001) c.nop
core   0: 3 0x800020b4 (0x0001)
core   0: 0x800020b6 (0x00000cb6) c.slli  s9, 13
core   0: 3 0x800020b6 (0x0cb6) x25 0x00000000
core   0: 0x800020b8 (0x03151d33) mulh    s10, a0, a7
core   0: 3 0x800020b8 (0x03151d33) x26 0x00000000
core   0: 0x800020bc (0x01c6c033) xor     zero, a3, t3
core   0: 3 0x800020bc (0x01c6c033)
core   0: 0x800020c0 (0x00008d21) c.xor   a0, s0
core   0: 3 0x800020c0 (0x8d21) x10 0x00000000
core   0: 0x800020c2 (0x40508f33) sub     t5, ra, t0
core   0: 3 0x800020c2 (0x40508f33) x30 0xfffffc75
core   0: 0x800020c6 (0x037e4563) blt     t3, s7, pc + 42
core   0: 3 0x800020c6 (0x037e4563)
core   0: 0x800020ca (0x0000517d) c.li    sp, -1
core   0: 3 0x800020ca (0x517d) x 2 0xffffffff
core   0: 0x800020cc (0x40c788b3) sub     a7, a5, a2
core   0: 3 0x800020cc (0x40c788b3) x17 0x0000020f
core   0: 0x800020d0 (0x00004a51) c.li    s4, 20
core   0: 3 0x800020d0 (0x4a51) x20 0x00000014
core   0: 0x800020d2 (0x1351ad13) slti    s10, gp, 309
core   0: 3 0x800020d2 (0x1351ad13) x26 0x00000000
core   0: 0x800020d6 (0x03b5fd33) remu    s10, a1, s11
core   0: 3 0x800020d6 (0x03b5fd33) x26 0x0000011f
core   0: 0x800020da (0x01518d63) beq     gp, s5, pc + 26
core   0: 3 0x800020da (0x01518d63)
core   0: 0x800020de (0x00a41893) slli    a7, s0, 10
core   0: 3 0x800020de (0x00a41893) x17 0x00000000
core   0: 0x800020e2 (0x01ef5c93) srli    s9, t5, 30
core   0: 3 0x800020e2 (0x01ef5c93) x25 0x00000003
core   0: 0x800020e6 (0x001aa733) slt     a4, s5, ra
core   0: 3 0x800020e6 (0x001aa733) x14 0x00000001
core   0: 0x800020ea (0x037539b3) mulhu   s3, a0, s7
core   0: 3 0x800020ea (0x037539b3) x19 0x00000000
core   0: 0x800020ee (0x000098fd) c.andi  s1, -1
core   0: 3 0x800020ee (0x98fd) x 9 0x00000004
core   0: 0x800020f0 (0x008d0eb3) add     t4, s10, s0
core   0: 3 0x800020f0 (0x008d0eb3) x29 0x0000011f
core   0: 0x800020f4 (0x021a8563) beq     s5, ra, pc + 42
core   0: 3 0x800020f4 (0x021a8563)
core   0: 0x800020f8 (0x59312d13) slti    s10, sp, 1427
core   0: 3 0x800020f8 (0x59312d13) x26 0x00000001
core   0: 0x800020fc (0x002dbcb3) sltu    s9, s11, sp
core   0: 3 0x800020fc (0x002dbcb3) x25 0x00000001
core   0: 0x80002100 (0x00000001) c.nop
core   0: 3 0x80002100 (0x0001)
core   0: 0x80002102 (0x00005cfd) c.li    s9, -1
core   0: 3 0x80002102 (0x5cfd) x25 0xffffffff
core   0: 0x80002104 (0x025a3fb3) mulhu   t6, s4, t0
core   0: 3 0x80002104 (0x025a3fb3) x31 0x00000000
core   0: 0x80002108 (0x04ccd063) bge     s9, a2, pc + 64
core   0: 3 0x80002108 (0x04ccd063)
core   0: 0x8000210c (0x00008d25) c.xor   a0, s1
core   0: 3 0x8000210c (0x8d25) x10 0x00000004
core   0: 0x8000210e (0x00000001) c.nop
core   0: 3 0x8000210e (0x0001)
core   0: 0x80002110 (0xa72fb213) sltiu   tp, t6, -1422
core   0: 3 0x80002110 (0xa72fb213) x 4 0x00000001
core   0: 0x80002114 (0x00cf90b3) sll     ra, t6, a2
core   0: 3 0x80002114 (0x00cf90b3) x 1 0x00000000
core   0: 0x80002118 (0x00006ff9) c.lui   t6, 0x1e
core   0: 3 0x80002118 (0x6ff9) x31 0x0001e000
core   0: 0x8000211a (0x1023ac13) slti    s8, t2, 258
core   0: 3 0x8000211a (0x1023ac13) x24 0x00000001
core   0: 0x8000211e (0x019edb63) bge     t4, s9, pc + 22
core   0: 3 0x8000211e (0x019edb63)
core   0: 0x80002134 (0x410353b3) sra     t2, t1, a6
core   0: 3 0x80002134 (0x410353b3) x 7 0xd5cac000
core   0: 0x80002138 (0x0237a3b3) mulhsu  t2, a5, gp
core   0: 3 0x80002138 (0x0237a3b3) x 7 0x00000084
core   0: 0x8000213c (0x00006169) c.addi16sp sp, 208
core   0: 3 0x8000213c (0x6169) x 2 0x000000cf
core   0: 0x8000213e (0x00610d33) add     s10, sp, t1
core   0: 3 0x8000213e (0x00610d33) x26 0xd5cac0cf
core   0: 0x80002142 (0x0000717d) c.addi16sp sp, -16
core   0: 3 0x80002142 (0x717d) x 2 0x000000bf
core   0: 0x80002144 (0xa441ae93) slti    t4, gp, -1468
core   0: 3 0x80002144 (0xa441ae93) x29 0x00000000
core   0: 0x80002148 (0x0316e333) rem     t1, a3, a7
core   0: 3 0x80002148 (0x0316e333) x 6 0x000003b1
core   0: 0x8000214c (0x231060b7) lui     ra, 0x23106
core   0: 3 0x8000214c (0x231060b7) x 1 0x23106000
core   0: 0x80002150 (0x00008e09) c.sub   a2, a0
core   0: 3 0x80002150 (0x8e09) x12 0xffffffff
core   0: 0x80002152 (0x000089ea) c.mv    s3, s10
core   0: 3 0x80002152 (0x89ea) x19 0xd5cac0cf
core   0: 0x80002154 (0x00871eb3) sll     t4, a4, s0
core   0: 3 0x80002154 (0x00871eb3) x29 0x00000001
core   0: 0x80002158 (0x021d4eb3) div     t4, s10, ra
core   0: 3 0x80002158 (0x021d4eb3) x29 0xffffffff
core   0: 0x8000215c (0x023354b3) divu    s1, t1, gp
core   0: 3 0x8000215c (0x023354b3) x 9 0x00000000
core   0: 0x80002160 (0x00008495) c.srai  s1, 5
core   0: 3 0x80002160 (0x8495) x 9 0x00000000
core   0: 0x80002162 (0x02fe49b3) div     s3, t3, a5
core   0: 3 0x80002162 (0x02fe49b3) x19 0x00000000
core   0: 0x80002166 (0x03289063) bne     a7, s2, pc + 32
core   0: 3 0x80002166 (0x03289063)
core   0: 0x80002186 (0x00000001) c.nop
core   0: 3 0x80002186 (0x0001)
core   0: 0x80002188 (0x007a1b33) sll     s6, s4, t2
core   0: 3 0x80002188 (0x007a1b33) x22 0x00000140
core   0: 0x8000218c (0x00008e75) c.and   a2, a3
core   0: 3 0x8000218c (0x8e75) x12 0x000003b1
core   0: 0x8000218e (0x00008fe9) c.and   a5, a0
core   0: 3 0x8000218e (0x8fe9) x15 0x00000000
core   0: 0x80002190 (0x3d7dfcb7) lui     s9, 0x3d7df
core   0: 3 0x80002190 (0x3d7dfcb7) x25 0x3d7df000
core   0: 0x80002194 (0x00004241) c.li    tp, 16
core   0: 3 0x80002194 (0x4241) x 4 0x00000010
core   0: 0x80002196 (0xb8856513) ori     a0, a0, -1144
core   0: 3 0x80002196 (0xb8856513) x10 0xfffffb8c
core   0: 0x8000219a (0x0000717d) c.addi16sp sp, -16
core   0: 3 0x8000219a (0x717d) x 2 0x000000af
core   0: 0x8000219c (0x00674f63) blt     a4, t1, pc + 30
core   0: 3 0x8000219c (0x00674f63)
core   0: 0x800021ba (0x41c15d33) sra     s10, sp, t3
core   0: 3 0x800021ba (0x41c15d33) x26 0x000000af
core   0: 0x800021be (0x015c9eb3) sll     t4, s9, s5
core   0: 3 0x800021be (0x015c9eb3) x29 0xc0000000
core   0: 0x800021c2 (0x000059fd) c.li    s3, -1
core   0: 3 0x800021c2 (0x59fd) x19 0xffffffff
core   0: 0x800021c4 (0x000017fd) c.addi  a5, -1
core   0: 3 0x800021c4 (0x17fd) x15 0xffffffff
core   0: 0x800021c6 (0x01fef763) bgeu    t4, t6, pc + 14
core   0: 3 0x800021c6 (0x01fef763)
core   0: 0x800021d4 (0x0062d763) bge     t0, t1, pc + 14
core   0: 3 0x800021d4 (0x0062d763)
core   0: 0x800021d8 (0x0000e615) c.bnez  a2, pc + 44
core   0: 3 0x800021d8 (0xe615)
core   0: 0x80002204 (0x0000cf01) c.beqz  a4, pc + 24
core   0: 3 0x80002204 (0xcf01)
core   0: 0x80002206 (0x0000717d) c.addi16sp sp, -16
core   0: 3 0x80002206 (0x717d) x 2 0x0000009f
core   0: 0x80002208 (0x0000170c) c.addi4spn a1, sp, 928
core   0: 3 0x80002208 (0x170c) x11 0x0000043f
core   0: 0x8000220a (0x00008a5d) c.andi  a2, 23
core   0: 3 0x8000220a (0x8a5d) x12 0x00000011
core   0: 0x8000220c (0x41398d33) sub     s10, s3, s3
core   0: 3 0x8000220c (0x41398d33) x26 0x00000000
core   0: 0x80002210 (0x96c99eb7) lui     t4, 0x96c99
core   0: 3 0x80002210 (0x96c99eb7) x29 0x96c99000
core   0: 0x80002214 (0x02d9c363) blt     s3, a3, pc + 38
core   0: 3 0x80002214 (0x02d9c363)
core   0: 0x8000223a (0x406f85b3) sub     a1, t6, t1
core   0: 3 0x8000223a (0x406f85b3) x11 0x0001dc4f
core   0: 0x8000223e (0x00008dfd) c.and   a1, a5
core   0: 3 0x8000223e (0x8dfd) x11 0x0001dc4f
core   0: 0x80002240 (0x00008f19) c.sub   a4, a4
core   0: 3 0x80002240 (0x8f19) x14 0x00000000
core   0: 0x80002242 (0x04e85163) bge     a6, a4, pc + 66
core   0: 3 0x80002242 (0x04e85163)
core   0: 0x80002284 (0x000089d5) c.andi  a1, 21
core   0: 3 0x80002284 (0x89d5) x11 0x00000005
core   0: 0x80002286 (0x00008ec5) c.or    a3, s1
core   0: 3 0x80002286 (0x8ec5) x13 0x000003b1
core   0: 0x80002288 (0x0000717d) c.addi16sp sp, -16
core   0: 3 0x80002288 (0x717d) x 2 0x0000008f
core   0: 0x8000228a (0x0ff0000f) fence   iorw,iorw
core   0: 3 0x8000228a (0x0ff0000f)
core   0: 0x8000228e (0x03bf7c33) remu    s8, t5, s11
core   0: 3 0x8000228e (0x03bf7c33) x24 0x7ffdce11
core   0: 0x80002292 (0xbc4a29b7) lui     s3, 0xbc4a2
core   0: 3 0x80002292 (0xbc4a29b7) x19 0xbc4a2000
core   0: 0x80002296 (0x338a2637) lui     a2, 0x338a2
core   0: 3 0x80002296 (0x338a2637) x12 0x338a2000
core   0: 0x8000229a (0x007a1293) slli    t0, s4, 7
core   0: 3 0x8000229a (0x007a1293) x 5 0x00000a00
core   0: 0x8000229e (0x00005d7d) c.li    s10, -1
core   0: 3 0x8000229e (0x5d7d) x26 0xffffffff
core   0: 0x800022a0 (0x0007d213) srli    tp, a5, 0
core   0: 3 0x800022a0 (0x0007d213) x 4 0xffffffff
core   0: 0x800022a4 (0x41150533) sub     a0, a0, a7
core   0: 3 0x800022a4 (0x41150533) x10 0xfffffb8c
core   0: 0x800022a8 (0x00fa2fb3) slt     t6, s4, a5
core   0: 3 0x800022a8 (0x00fa2fb3) x31 0x00000000
core   0: 0x800022ac (0x000086b5) c.srai  a3, 13
core   0: 3 0x800022ac (0x86b5) x13 0x00000000
core   0: 0x800022ae (0x00000b36) c.slli  s6, 13
core   0: 3 0x800022ae (0x0b36) x22 0x00280000
core   0: 0x800022b0 (0x02e0a5b3) mulhsu  a1, ra, a4
core   0: 3 0x800022b0 (0x02e0a5b3) x11 0x00000000
core   0: 0x800022b4 (0x00935713) srli    a4, t1, 9
core   0: 3 0x800022b4 (0x00935713) x14 0x00000001
core   0: 0x800022b8 (0x038a2eb3) mulhsu  t4, s4, s8
core   0: 3 0x800022b8 (0x038a2eb3) x29 0x00000009
core   0: 0x800022bc (0x00008d06) c.mv    s10, ra
core   0: 3 0x800022bc (0x8d06) x26 0x23106000
core   0: 0x800022be (0x012d5f93) srli    t6, s10, 18
core   0: 3 0x800022be (0x012d5f93) x31 0x000008c4
core   0: 0x800022c2 (0x8933dbb7) lui     s7, 0x8933d
core   0: 3 0x800022c2 (0x8933dbb7) x23 0x8933d000
core   0: 0x800022c6 (0x0000049a) c.slli  s1, 6
core   0: 3 0x800022c6 (0x049a) x 9 0x00000000
core   0: 0x800022c8 (0x0000100f) fence.i
core   0: 3 0x800022c8 (0x0000100f)
core   0: 0x800022cc (0x00b04963) blt     zero, a1, pc + 18
core   0: 3 0x800022cc (0x00b04963)
core   0: 0x800022d0 (0x0000ec85) c.bnez  s1, pc + 56
core   0: 3 0x800022d0 (0xec85)
core   0: 0x800022d2 (0x01ce4f63) blt     t3, t3, pc + 30
core   0: 3 0x800022d2 (0x01ce4f63)
core   0: 0x800022d6 (0x00008239) c.srli  a2, 14
core   0: 3 0x800022d6 (0x8239) x12 0x0000ce28
core   0: 0x800022d8 (0x00008cd9) c.or    s1, a4
core   0: 3 0x800022d8 (0x8cd9) x 9 0x00000001
core   0: 0x800022da (0x02532133) mulhsu  sp, t1, t0
core   0: 3 0x800022da (0x02532133) x 2 0x00000000
core   0: 0x800022de (0x01937633) and     a2, t1, s9
core   0: 3 0x800022de (0x01937633) x12 0x00000000
core   0: 0x800022e2 (0x01be4833) xor     a6, t3, s11
core   0: 3 0x800022e2 (0x01be4833) x16 0x80022e64
core   0: 0x800022e6 (0x00008db9) c.xor   a1, a4
core   0: 3 0x800022e6 (0x8db9) x11 0x00000001
core   0: 0x800022e8 (0x00008d51) c.or    a0, a2
core   0: 3 0x800022e8 (0x8d51) x10 0xfffffb8c
core   0: 0x800022ea (0xe28ce793) ori     a5, s9, -472
core   0: 3 0x800022ea (0xe28ce793) x15 0xfffffe28
core   0: 0x800022ee (0x00008f85) c.sub   a5, s1
core   0: 3 0x800022ee (0x8f85) x15 0xfffffe27
core   0: 0x800022f0 (0x026fdd33) divu    s10, t6, t1
core   0: 3 0x800022f0 (0x026fdd33) x26 0x00000002
core   0: 0x800022f4 (0x01ec4233) xor     tp, s8, t5
core   0: 3 0x800022f4 (0x01ec4233) x 4 0x80023264
core   0: 0x800022f8 (0x0000eb85) c.bnez  a5, pc + 48
core   0: 3 0x800022f8 (0xeb85)
core   0: 0x80002328 (0x417e5c33) sra     s8, t3, s7
core   0: 3 0x80002328 (0x417e5c33) x24 0x00000000
core   0: 0x8000232c (0x0000ce95) c.beqz  a3, pc + 60
core   0: 3 0x8000232c (0xce95)
core   0: 0x80002368 (0x03b7d8b3) divu    a7, a5, s11
core   0: 3 0x80002368 (0x03b7d8b3) x17 0x00000001
core   0: 0x8000236c (0x0000079a) c.slli  a5, 6
core   0: 3 0x8000236c (0x079a) x15 0xffff89c0
core   0: 0x8000236e (0x000083fd) c.srli  a5, 31
core   0: 3 0x8000236e (0x83fd) x15 0x00000001
core   0: 0x80002370 (0x00000001) c.nop
core   0: 3 0x80002370 (0x0001)
core   0: 0x80002372 (0x00008fad) c.xor   a5, a1
core   0: 3 0x80002372 (0x8fad) x15 0x00000000
core   0: 0x80002374 (0x011f1663) bne     t5, a7, pc + 12
core   0: 3 0x80002374 (0x011f1663)
core   0: 0x80002380 (0x002c90b3) sll     ra, s9, sp
core   0: 3 0x80002380 (0x002c90b3) x 1 0x3d7df000
core   0: 0x80002384 (0x00008d6d) c.and   a0, a1
core   0: 3 0x80002384 (0x8d6d) x10 0x00000000
core   0: 0x80002386 (0x00008d31) c.xor   a0, a2
core   0: 3 0x80002386 (0x8d31) x10 0x00000000
core   0: 0x80002388 (0x00d06f63) bltu    zero, a3, pc + 30
core   0: 3 0x80002388 (0x00d06f63)
core   0: 0x8000238c (0x021a7fb3) remu    t6, s4, ra
core   0: 3 0x8000238c (0x021a7fb3) x31 0x00000014
core   0: 0x80002390 (0x00008a15) c.andi  a2, 5
core   0: 3 0x80002390 (0x8a15) x12 0x00000000
core   0: 0x80002392 (0x03df90b3) mulh    ra, t6, t4
core   0: 3 0x80002392 (0x03df90b3) x 1 0x00000000
core   0: 0x80002396 (0x00bb5e13) srli    t3, s6, 11
core   0: 3 0x80002396 (0x00bb5e13) x28 0x00000500
core   0: 0x8000239a (0x011fa0b3) slt     ra, t6, a7
core   0: 3 0x8000239a (0x011fa0b3) x 1 0x00000000
core   0: 0x8000239e (0x91fc2013) slti    zero, s8, -1761
core   0: 3 0x8000239e (0x91fc2013)
core   0: 0x800023a2 (0x00004109) c.li    sp, 2
core   0: 3 0x800023a2 (0x4109) x 2 0x00000002
core   0: 0x800023a4 (0x00005bfd) c.li    s7, -1
core   0: 3 0x800023a4 (0x5bfd) x23 0xffffffff
core   0: 0x800023a6 (0x40b20533) sub     a0, tp, a1
core   0: 3 0x800023a6 (0x40b20533) x10 0x80023263
core   0: 0x800023aa (0x20e3fa13) andi    s4, t2, 526
core   0: 3 0x800023aa (0x20e3fa13) x20 0x00000004
core   0: 0x800023ae (0x0000ef09) c.bnez  a4, pc + 26
core   0: 3 0x800023ae (0xef09)
core   0: 0x800023c8 (0x00009a7d) c.andi  a2, -1
core   0: 3 0x800023c8 (0x9a7d) x12 0x00000000
core   0: 0x800023ca (0x00008dfd) c.and   a1, a5
core   0: 3 0x800023ca (0x8dfd) x11 0x00000000
core   0: 0x800023cc (0x4e73ee13) ori     t3, t2, 1255
core   0: 3 0x800023cc (0x4e73ee13) x28 0x000004e7
core   0: 0x800023d0 (0x00006559) c.lui   a0, 0x16
core   0: 3 0x800023d0 (0x6559) x10 0x00016000
core   0: 0x800023d2 (0xa1ccb593) sltiu   a1, s9, -1508
core   0: 3 0x800023d2 (0xa1ccb593) x11 0x00000001
core   0: 0x800023d6 (0x02e52eb3) mulhsu  t4, a0, a4
core   0: 3 0x800023d6 (0x02e52eb3) x29 0x00000000
core   0: 0x800023da (0x00000486) c.slli  s1, 1
core   0: 3 0x800023da (0x0486) x 9 0x00000002
core   0: 0x800023dc (0x028a0533) mul     a0, s4, s0
core   0: 3 0x800023dc (0x028a0533) x10 0x00000000
core   0: 0x800023e0 (0x41b2d513) srai    a0, t0, 27
core   0: 3 0x800023e0 (0x41b2d513) x10 0x00000000
core   0: 0x800023e4 (0x2ec36e13) ori     t3, t1, 748
core   0: 3 0x800023e4 (0x2ec36e13) x28 0x000003fd
core   0: 0x800023e8 (0x01c8d763) bge     a7, t3, pc + 14
core   0: 3 0x800023e8 (0x01c8d763)
core   0: 0x800023ec (0x00000001) c.nop
core   0: 3 0x800023ec (0x0001)
core   0: 0x800023ee (0x0070fc63) bgeu    ra, t2, pc + 24
core   0: 3 0x800023ee (0x0070fc63)
core   0: 0x800023f2 (0x40db5e33) sra     t3, s6, a3
core   0: 3 0x800023f2 (0x40db5e33) x28 0x00280000
core   0: 0x800023f6 (0x004c01b3) add     gp, s8, tp
core   0: 3 0x800023f6 (0x004c01b3) x 3 0x80023264
core   0: 0x800023fa (0x022f80b3) mul     ra, t6, sp
core   0: 3 0x800023fa (0x022f80b3) x 1 0x00000028
core   0: 0x800023fe (0x0000cf09) c.beqz  a4, pc + 26
core   0: 3 0x800023fe (0xcf09)
core   0: 0x80002400 (0x00e48c33) add     s8, s1, a4
core   0: 3 0x80002400 (0x00e48c33) x24 0x00000003
core   0: 0x80002404 (0x0000c215) c.beqz  a2, pc + 36
core   0: 3 0x80002404 (0xc215)
core   0: 0x80002428 (0x24e85337) lui     t1, 0x24e85
core   0: 3 0x80002428 (0x24e85337) x 6 0x24e85000
core   0: 0x8000242c (0x000059fd) c.li    s3, -1
core   0: 3 0x8000242c (0x59fd) x19 0xffffffff
core   0: 0x8000242e (0x0000e491) c.bnez  s1, pc + 12
core   0: 3 0x8000242e (0xe491)
core   0: 0x8000243a (0x00946e63) bltu    s0, s1, pc + 28
core   0: 3 0x8000243a (0x00946e63)
core   0: 0x80002456 (0x0000100f) fence.i
core   0: 3 0x80002456 (0x0000100f)
core   0: 0x8000245a (0x00ba6c63) bltu    s4, a1, pc + 24
core   0: 3 0x8000245a (0x00ba6c63)
core   0: 0x8000245e (0x00008f99) c.sub   a5, a4
core   0: 3 0x8000245e (0x8f99) x15 0xffffffff
core   0: 0x80002460 (0x014b1b93) slli    s7, s6, 20
core   0: 3 0x80002460 (0x014b1b93) x23 0x00000000
core   0: 0x80002464 (0x00000001) c.nop
core   0: 3 0x80002464 (0x0001)
core   0: 0x80002466 (0x0000820d) c.srli  a2, 3
core   0: 3 0x80002466 (0x820d) x12 0x00000000
core   0: 0x80002468 (0xaa7c6713) ori     a4, s8, -1369
core   0: 3 0x80002468 (0xaa7c6713) x14 0xfffffaa7
core   0: 0x8000246c (0x02c6f563) bgeu    a3, a2, pc + 42
core   0: 3 0x8000246c (0x02c6f563)
core   0: 0x80002496 (0x00000001) c.nop
core   0: 3 0x80002496 (0x0001)
core   0: 0x80002498 (0x56fff613) andi    a2, t6, 1391
core   0: 3 0x80002498 (0x56fff613) x12 0x00000004
core   0: 0x8000249c (0x0ff0000f) fence   iorw,iorw
core   0: 3 0x8000249c (0x0ff0000f)
core   0: 0x800024a0 (0x02d6c333) div     t1, a3, a3
core   0: 3 0x800024a0 (0x02d6c333) x 6 0xffffffff
core   0: 0x800024a4 (0x8c1afe17) auipc   t3, 0x8c1af
core   0: 3 0x800024a4 (0x8c1afe17) x28 0x0c1b14a4
core   0: 0x800024a8 (0x12aa0c13) addi    s8, s4, 298
core   0: 3 0x800024a8 (0x12aa0c13) x24 0x0000012e
core   0: 0x800024ac (0x07cbfc63) bgeu    s7, t3, pc + 120
core   0: 3 0x800024ac (0x07cbfc63)
core   0: 0x800024b0 (0x00008d55) c.or    a0, a3
core   0: 3 0x800024b0 (0x8d55) x10 0x00000000
core   0: 0x800024b2 (0x3699c813) xori    a6, s3, 873
core   0: 3 0x800024b2 (0x3699c813) x16 0xfffffc96
core   0: 0x800024b6 (0x01ef87b3) add     a5, t6, t5
core   0: 3 0x800024b6 (0x01ef87b3) x15 0xfffffc89
core   0: 0x800024ba (0xe45b8b17) auipc   s6, 0xe45b8
core   0: 3 0x800024ba (0xe45b8b17) x22 0x645ba4ba
core   0: 0x800024be (0x00000bc5) c.addi  s7, 17
core   0: 3 0x800024be (0x0bc5) x23 0x00000011
core   0: 0x800024c0 (0x00008db1) c.xor   a1, a2
core   0: 3 0x800024c0 (0x8db1) x11 0x00000005
core   0: 0x800024c2 (0x00000e88) c.addi4spn a0, sp, 848
core   0: 3 0x800024c2 (0x0e88) x10 0x00000352
core   0: 0x800024c4 (0x0000717d) c.addi16sp sp, -16
core   0: 3 0x800024c4 (0x717d) x 2 0xfffffff2
core   0: 0x800024c6 (0x00000001) c.nop
core   0: 3 0x800024c6 (0x0001)
core   0: 0x800024c8 (0x000000aa) c.slli  ra, 10
core   0: 3 0x800024c8 (0x00aa) x 1 0x0000a000
core   0: 0x800024ca (0x02e39a33) mulh    s4, t2, a4
core   0: 3 0x800024ca (0x02e39a33) x20 0xffffffff
core   0: 0x800024ce (0x017d0a63) beq     s10, s7, pc + 20
core   0: 3 0x800024ce (0x017d0a63)
core   0: 0x800024d2 (0x00776133) or      sp, a4, t2
core   0: 3 0x800024d2 (0x00776133) x 2 0xfffffaa7
core   0: 0x800024d6 (0x00008ccd) c.or    s1, a1
core   0: 3 0x800024d6 (0x8ccd) x 9 0x00000007
core   0: 0x800024d8 (0x0585ea63) bltu    a1, s8, pc + 84
core   0: 3 0x800024d8 (0x0585ea63)
core   0: 0x8000252c (0xeeadf993) andi    s3, s11, -278
core   0: 3 0x8000252c (0xeeadf993) x19 0x80022e60
core   0: 0x80002530 (0x0ff0000f) fence   iorw,iorw
core   0: 3 0x80002530 (0x0ff0000f)
core   0: 0x80002534 (0x03407133) remu    sp, zero, s4
core   0: 3 0x80002534 (0x03407133) x 2 0x00000000
core   0: 0x80002538 (0x038aa5b3) mulhsu  a1, s5, s8
core   0: 3 0x80002538 (0x038aa5b3) x11 0xffffffaa
core   0: 0x8000253c (0x000056fd) c.li    a3, -1
core   0: 3 0x8000253c (0x56fd) x13 0xffffffff
core   0: 0x8000253e (0x0293b233) mulhu   tp, t2, s1
core   0: 3 0x8000253e (0x0293b233) x 4 0x00000000
core   0: 0x80002542 (0x000064a1) c.lui   s1, 0x8
core   0: 3 0x80002542 (0x64a1) x 9 0x00008000
core   0: 0x80002544 (0x00000001) c.nop
core   0: 3 0x80002544 (0x0001)
core   0: 0x80002546 (0x0000717d) c.addi16sp sp, -16
core   0: 3 0x80002546 (0x717d) x 2 0xfffffff0
core   0: 0x80002548 (0x01f0a2b3) slt     t0, ra, t6
core   0: 3 0x80002548 (0x01f0a2b3) x 5 0x00000000
core   0: 0x8000254c (0x0000717d) c.addi16sp sp, -16
core   0: 3 0x8000254c (0x717d) x 2 0xffffffe0
core   0: 0x8000254e (0x00000001) c.nop
core   0: 3 0x8000254e (0x0001)
core   0: 0x80002550 (0x70836f97) auipc   t6, 0x70836
core   0: 3 0x80002550 (0x70836f97) x31 0xf0838550
core   0: 0x80002554 (0x40a80533) sub     a0, a6, a0
core   0: 3 0x80002554 (0x40a80533) x10 0xfffff944
core   0: 0x80002558 (0xefe7b093) sltiu   ra, a5, -258
core   0: 3 0x80002558 (0xefe7b093) x 1 0x00000001
core   0: 0x8000255c (0x00000001) c.nop
core   0: 3 0x8000255c (0x0001)
core   0: 0x8000255e (0x00938c63) beq     t2, s1, pc + 24
core   0: 3 0x8000255e (0x00938c63)
core   0: 0x80002562 (0x004f5763) bge     t5, tp, pc + 14
core   0: 3 0x80002562 (0x004f5763)
core   0: 0x80002566 (0x01f7fc63) bgeu    a5, t6, pc + 24
core   0: 3 0x80002566 (0x01f7fc63)
core   0: 0x8000257e (0x0000e2c9) c.bnez  a3, pc + 130
core   0: 3 0x8000257e (0xe2c9)
core   0: 0x80002600 (0x0000e395) c.bnez  a5, pc + 36
core   0: 3 0x80002600 (0xe395)
core   0: 0x80002624 (0x00000001) c.nop
core   0: 3 0x80002624 (0x0001)
core   0: 0x80002626 (0x03c6fc33) remu    s8, a3, t3
core   0: 3 0x80002626 (0x03c6fc33) x24 0x01c74e8b
core   0: 0x8000262a (0x00001f04) c.addi4spn s1, sp, 944
core   0: 3 0x8000262a (0x1f04) x 9 0x00000390
core   0: 0x8000262c (0x43567237) lui     tp, 0x43567
core   0: 3 0x8000262c (0x43567237) x 4 0x43567000
core   0: 0x80002630 (0x0000c715) c.beqz  a4, pc + 44
core   0: 3 0x80002630 (0xc715)
core   0: 0x80002632 (0x01bc5b13) srli    s6, s8, 27
core   0: 3 0x80002632 (0x01bc5b13) x22 0x00000000
core   0: 0x80002636 (0x00008179) c.srli  a0, 30
core   0: 3 0x80002636 (0x8179) x10 0x00000003
core   0: 0x80002638 (0x027891b3) mulh    gp, a7, t2
core   0: 3 0x80002638 (0x027891b3) x 3 0x00000000
core   0: 0x8000263c (0x00000808) c.addi4spn a0, sp, 16
core   0: 3 0x8000263c (0x0808) x10 0xfffffff0
core   0: 0x8000263e (0xb5e2e213) ori     tp, t0, -1186
core   0: 3 0x8000263e (0xb5e2e213) x 4 0xfffffb5e
core   0: 0x80002642 (0x03836633) rem     a2, t1, s8
core   0: 3 0x80002642 (0x03836633) x12 0xffffffff
core   0: 0x80002646 (0x01ade233) or      tp, s11, s10
core   0: 3 0x80002646 (0x01ade233) x 4 0x80022e66
core   0: 0x8000264a (0x020c9133) mulh    sp, s9, zero
core   0: 3 0x8000264a (0x020c9133) x 2 0x00000000
core   0: 0x8000264e (0x032075b3) remu    a1, zero, s2
core   0: 3 0x8000264e (0x032075b3) x11 0x00000000
core   0: 0x80002652 (0x007d3633) sltu    a2, s10, t2
core   0: 3 0x80002652 (0x007d3633) x12 0x00000001
core   0: 0x80002656 (0x00a98a33) add     s4, s3, a0
core   0: 3 0x80002656 (0x00a98a33) x20 0x80022e50
core   0: 0x8000265a (0x00008f1d) c.sub   a4, a5
core   0: 3 0x8000265a (0x8f1d) x14 0xfffffe1e
core   0: 0x8000265c (0x02b7e633) rem     a2, a5, a1
core   0: 3 0x8000265c (0x02b7e633) x12 0xfffffc89
core   0: 0x80002660 (0x41b6d3b3) sra     t2, a3, s11
core   0: 3 0x80002660 (0x41b6d3b3) x 7 0xffffffff
core   0: 0x80002664 (0x05d9ff93) andi    t6, s3, 93
core   0: 3 0x80002664 (0x05d9ff93) x31 0x00000040
core   0: 0x80002668 (0x00000001) c.nop
core   0: 3 0x80002668 (0x0001)
core   0: 0x8000266a (0x01f15133) srl     sp, sp, t6
core   0: 3 0x8000266a (0x01f15133) x 2 0x00000000
core   0: 0x8000266e (0x00008e8d) c.sub   a3, a1
core   0: 3 0x8000266e (0x8e8d) x13 0xffffffff
core   0: 0x80002670 (0x0000ce0d) c.beqz  a2, pc + 58
core   0: 3 0x80002670 (0xce0d)
core   0: 0x80002672 (0xed1a9217) auipc   tp, 0xed1a9
core   0: 3 0x80002672 (0xed1a9217) x 4 0x6d1ab672
core   0: 0x80002676 (0x10adc4b7) lui     s1, 0x10adc
core   0: 3 0x80002676 (0x10adc4b7) x 9 0x10adc000
core   0: 0x8000267a (0x00535793) srli    a5, t1, 5
core   0: 3 0x8000267a (0x00535793) x15 0x07ffffff
core   0: 0x8000267e (0x02e53d33) mulhu   s10, a0, a4
core   0: 3 0x8000267e (0x02e53d33) x26 0xfffffe0e
core   0: 0x80002682 (0x00a30633) add     a2, t1, a0
core   0: 3 0x80002682 (0x00a30633) x12 0xffffffef
core   0: 0x80002686 (0x000099fd) c.andi  a1, -1
core   0: 3 0x80002686 (0x99fd) x11 0x00000000
core   0: 0x80002688 (0x00006edd) c.lui   t4, 0x17
core   0: 3 0x80002688 (0x6edd) x29 0x00017000
core   0: 0x8000268a (0x0000168c) c.addi4spn a1, sp, 864
core   0: 3 0x8000268a (0x168c) x11 0x00000360
core   0: 0x8000268c (0x03cc40b3) div     ra, s8, t3
core   0: 3 0x8000268c (0x03cc40b3) x 1 0x00000000
core   0: 0x80002690 (0x0000187d) c.addi  a6, -1
core   0: 3 0x80002690 (0x187d) x16 0xfffffc95
core   0: 0x80002692 (0x019c1f63) bne     s8, s9, pc + 30
core   0: 3 0x80002692 (0x019c1f63)
core   0: 0x800026b0 (0x0001aa33) slt     s4, gp, zero
core   0: 3 0x800026b0 (0x0001aa33) x20 0x00000000
core   0: 0x800026b4 (0x005c1093) slli    ra, s8, 5
core   0: 3 0x800026b4 (0x005c1093) x 1 0x38e9d160
core   0: 0x800026b8 (0x000013fd) c.addi  t2, -1
core   0: 3 0x800026b8 (0x13fd) x 7 0xfffffffe
core   0: 0x800026ba (0x00006125) c.addi16sp sp, 96
core   0: 3 0x800026ba (0x6125) x 2 0x00000060
core   0: 0x800026bc (0x40aadeb3) sra     t4, s5, a0
core   0: 3 0x800026bc (0x40aadeb3) x29 0xffffb759
core   0: 0x800026c0 (0x000004aa) c.slli  s1, 10
core   0: 3 0x800026c0 (0x04aa) x 9 0xb7000000
core   0: 0x800026c2 (0x41bedb93) srai    s7, t4, 27
core   0: 3 0x800026c2 (0x41bedb93) x23 0xffffffff
core   0: 0x800026c6 (0x17182897) auipc   a7, 0x17182
core   0: 3 0x800026c6 (0x17182897) x17 0x971846c6
core   0: 0x800026ca (0x00008f8a) c.mv    t6, sp
core   0: 3 0x800026ca (0x8f8a) x31 0x00000060
core   0: 0x800026cc (0x009981b3) add     gp, s3, s1
core   0: 3 0x800026cc (0x009981b3) x 3 0x37022e60
core   0: 0x800026d0 (0x02419333) mulh    t1, gp, tp
core   0: 3 0x800026d0 (0x02419333) x 6 0x1771ab2b
core   0: 0x800026d4 (0x40e7dc33) sra     s8, a5, a4
core   0: 3 0x800026d4 (0x40e7dc33) x24 0x00000000
core   0: 0x800026d8 (0x03d7e063) bltu    a5, t4, pc + 32
core   0: 3 0x800026d8 (0x03d7e063)
core   0: 0x800026f8 (0x41fe0733) sub     a4, t3, t6
core   0: 3 0x800026f8 (0x41fe0733) x14 0x0c1b1444
core   0: 0x800026fc (0x00006115) c.addi16sp sp, 288
core   0: 3 0x800026fc (0x6115) x 2 0x00000180
core   0: 0x800026fe (0x402ed713) srai    a4, t4, 2
core   0: 3 0x800026fe (0x402ed713) x14 0xffffedd6
core   0: 0x80002702 (0x01f19993) slli    s3, gp, 31
core   0: 3 0x80002702 (0x01f19993) x19 0x00000000
core   0: 0x80002706 (0x00000a84) c.addi4spn s1, sp, 336
core   0: 3 0x80002706 (0x0a84) x 9 0x000002d0
core   0: 0x80002708 (0x416156b3) sra     a3, sp, s6
core   0: 3 0x80002708 (0x416156b3) x13 0x00000180
core   0: 0x8000270c (0x7d27d7b7) lui     a5, 0x7d27d
core   0: 3 0x8000270c (0x7d27d7b7) x15 0x7d27d000
core   0: 0x80002710 (0x03880163) beq     a6, s8, pc + 34
core   0: 3 0x80002710 (0x03880163)
core   0: 0x80002714 (0x00521833) sll     a6, tp, t0
core   0: 3 0x80002714 (0x00521833) x16 0x6d1ab672
core   0: 0x80002718 (0x01e3fa33) and     s4, t2, t5
core   0: 3 0x80002718 (0x01e3fa33) x20 0xfffffc74
core   0: 0x8000271c (0x00008fcd) c.or    a5, a1
core   0: 3 0x8000271c (0x8fcd) x15 0x7d27d360
core   0: 0x8000271e (0x026359b3) divu    s3, t1, t1
core   0: 3 0x8000271e (0x026359b3) x19 0x00000001
core   0: 0x80002722 (0x02a48663) beq     s1, a0, pc + 44
core   0: 3 0x80002722 (0x02a48663)
core   0: 0x80002726 (0x01931e13) slli    t3, t1, 25
core   0: 3 0x80002726 (0x01931e13) x28 0x56000000
core   0: 0x8000272a (0x01f0ee63) bltu    ra, t6, pc + 28
core   0: 3 0x8000272a (0x01f0ee63)
core   0: 0x8000272e (0x00008d16) c.mv    s10, t0
core   0: 3 0x8000272e (0x8d16) x26 0x00000000
core   0: 0x80002730 (0x00008f65) c.and   a4, s1
core   0: 3 0x80002730 (0x8f65) x14 0x000000d0
core   0: 0x80002732 (0x00008e95) c.sub   a3, a3
core   0: 3 0x80002732 (0x8e95) x13 0x00000000
core   0: 0x80002734 (0x001b4733) xor     a4, s6, ra
core   0: 3 0x80002734 (0x001b4733) x14 0x38e9d160
core   0: 0x80002738 (0x00006145) c.addi16sp sp, 48
core   0: 3 0x80002738 (0x6145) x 2 0x000001b0
core   0: 0x8000273a (0x70f2e513) ori     a0, t0, 1807
core   0: 3 0x8000273a (0x70f2e513) x10 0x0000070f
core   0: 0x8000273e (0x01d7ef63) bltu    a5, t4, pc + 30
core   0: 3 0x8000273e (0x01d7ef63)
core   0: 0x8000275c (0x033783b3) mul     t2, a5, s3
core   0: 3 0x8000275c (0x033783b3) x 7 0x7d27d360
core   0: 0x80002760 (0x01c19217) auipc   tp, 0x1c19
core   0: 3 0x80002760 (0x01c19217) x 4 0x81c1b760
core   0: 0x80002764 (0x00000304) c.addi4spn s1, sp, 384
core   0: 3 0x80002764 (0x0304) x 9 0x00000330
core   0: 0x80002766 (0x048f8163) beq     t6, s0, pc + 66
core   0: 3 0x80002766 (0x048f8163)
core   0: 0x8000276a (0x00008e65) c.and   a2, s1
core   0: 3 0x8000276a (0x8e65) x12 0x00000320
core   0: 0x8000276c (0x016d5633) srl     a2, s10, s6
core   0: 3 0x8000276c (0x016d5633) x12 0x00000000
core   0: 0x80002770 (0x01e2e963) bltu    t0, t5, pc + 18
core   0: 3 0x80002770 (0x01e2e963)
core   0: 0x80002782 (0x03c8c533) div     a0, a7, t3
core   0: 3 0x80002782 (0x03c8c533) x10 0xffffffff
core   0: 0x80002786 (0x02e33e33) mulhu   t3, t1, a4
core   0: 3 0x80002786 (0x02e33e33) x28 0x05364712
core   0: 0x8000278a (0xaf468a93) addi    s5, a3, -1292
core   0: 3 0x8000278a (0xaf468a93) x21 0xfffffaf4
core   0: 0x8000278e (0x01824033) xor     zero, tp, s8
core   0: 3 0x8000278e (0x01824033)
core   0: 0x80002792 (0x05205163) bge     zero, s2, pc + 66
core   0: 3 0x80002792 (0x05205163)
core   0: 0x800027d4 (0x89a9fb13) andi    s6, s3, -1894
core   0: 3 0x800027d4 (0x89a9fb13) x22 0x00000000
core   0: 0x800027d8 (0x0000cd09) c.beqz  a0, pc + 26
core   0: 3 0x800027d8 (0xcd09)
core   0: 0x800027da (0xf9a13613) sltiu   a2, sp, -102
core   0: 3 0x800027da (0xf9a13613) x12 0x00000001
core   0: 0x800027de (0x01541d33) sll     s10, s0, s5
core   0: 3 0x800027de (0x01541d33) x26 0x00000000
core   0: 0x800027e2 (0x01840fb3) add     t6, s0, s8
core   0: 3 0x800027e2 (0x01840fb3) x31 0x00000000
core   0: 0x800027e6 (0x0ff0000f) fence   iorw,iorw
core   0: 3 0x800027e6 (0x0ff0000f)
core   0: 0x800027ea (0xdaba3f17) auipc   t5, 0xdaba3
core   0: 3 0x800027ea (0xdaba3f17) x30 0x5aba57ea
core   0: 0x800027ee (0x41240c33) sub     s8, s0, s2
core   0: 3 0x800027ee (0x41240c33) x24 0x7ffd931c
core   0: 0x800027f2 (0x000085f2) c.mv    a1, t3
core   0: 3 0x800027f2 (0x85f2) x11 0x05364712
core   0: 0x800027f4 (0x315dc213) xori    tp, s11, 789
core   0: 3 0x800027f4 (0x315dc213) x 4 0x80022d71
core   0: 0x800027f8 (0x023214b3) mulh    s1, tp, gp
core   0: 3 0x800027f8 (0x023214b3) x 9 0xe47f6098
core   0: 0x800027fc (0x02bbaa33) mulhsu  s4, s7, a1
core   0: 3 0x800027fc (0x02bbaa33) x20 0xffffffff
core   0: 0x80002800 (0x0ff0000f) fence   iorw,iorw
core   0: 3 0x80002800 (0x0ff0000f)
core   0: 0x80002804 (0x0184d563) bge     s1, s8, pc + 10
core   0: 3 0x80002804 (0x0184d563)
core   0: 0x80002808 (0x00008ed9) c.or    a3, a4
core   0: 3 0x80002808 (0x8ed9) x13 0x38e9d160
core   0: 0x8000280a (0x006685b3) add     a1, a3, t1
core   0: 3 0x8000280a (0x006685b3) x11 0x505b7c8b
core   0: 0x8000280e (0xafe58037) lui     zero, 0xafe58
core   0: 3 0x8000280e (0xafe58037)
core   0: 0x80002812 (0x02bad163) bge     s5, a1, pc + 34
core   0: 3 0x80002812 (0x02bad163)
core   0: 0x80002816 (0x00ad5763) bge     s10, a0, pc + 14
core   0: 3 0x80002816 (0x00ad5763)
core   0: 0x80002824 (0x27b8e613) ori     a2, a7, 635
core   0: 3 0x80002824 (0x27b8e613) x12 0x971846ff
core   0: 0x80002828 (0x0ff0000f) fence   iorw,iorw
core   0: 3 0x80002828 (0x0ff0000f)
core   0: 0x8000282c (0x000084d1) c.srai  s1, 20
core   0: 3 0x8000282c (0x84d1) x 9 0xfffffe47
core   0: 0x8000282e (0xd6b1cb13) xori    s6, gp, -661
core   0: 3 0x8000282e (0xd6b1cb13) x22 0xc8fdd30b
core   0: 0x80002832 (0x00008fe9) c.and   a5, a0
core   0: 3 0x80002832 (0x8fe9) x15 0x7d27d360
core   0: 0x80002834 (0x01d66c33) or      s8, a2, t4
core   0: 3 0x80002834 (0x01d66c33) x24 0xfffff7ff
core   0: 0x80002838 (0x0250fd33) remu    s10, ra, t0
core   0: 3 0x80002838 (0x0250fd33) x26 0x38e9d160
core   0: 0x8000283c (0x9691a713) slti    a4, gp, -1687
core   0: 3 0x8000283c (0x9691a713) x14 0x00000000
core   0: 0x80002840 (0x00000001) c.nop
core   0: 3 0x80002840 (0x0001)
core   0: 0x80002842 (0x0391b833) mulhu   a6, gp, s9
core   0: 3 0x80002842 (0x0391b833) x16 0x0d3694af
core   0: 0x80002846 (0x0364e1b3) rem     gp, s1, s6
core   0: 3 0x80002846 (0x0364e1b3) x 3 0xfffffe47
core   0: 0x8000284a (0x013335b3) sltu    a1, t1, s3
core   0: 3 0x8000284a (0x013335b3) x11 0x00000000
core   0: 0x8000284e (0x7d98b137) lui     sp, 0x7d98b
core   0: 3 0x8000284e (0x7d98b137) x 2 0x7d98b000
core   0: 0x80002852 (0x6035b813) sltiu   a6, a1, 1539
core   0: 3 0x80002852 (0x6035b813) x16 0x00000001
core   0: 0x80002856 (0x01564d33) xor     s10, a2, s5
core   0: 3 0x80002856 (0x01564d33) x26 0x68e7bc0b
core   0: 0x8000285a (0x02295863) bge     s2, sp, pc + 48
core   0: 3 0x8000285a (0x02295863)
core   0: 0x8000285e (0x012a72b3) and     t0, s4, s2
core   0: 3 0x8000285e (0x012a72b3) x 5 0x80026ce4
core   0: 0x80002862 (0x0135c963) blt     a1, s3, pc + 18
core   0: 3 0x80002862 (0x0135c963)
core   0: 0x80002874 (0x035a1fb3) mulh    t6, s4, s5
core   0: 3 0x80002874 (0x035a1fb3) x31 0x00000000
core   0: 0x80002878 (0x03559f33) mulh    t5, a1, s5
core   0: 3 0x80002878 (0x03559f33) x30 0x00000000
core   0: 0x8000287c (0x9cc0ca93) xori    s5, ra, -1588
core   0: 3 0x8000287c (0x9cc0ca93) x21 0xc71628ac
core   0: 0x80002880 (0x000088c9) c.andi  s1, 18
core   0: 3 0x80002880 (0x88c9) x 9 0x00000002
core   0: 0x80002882 (0x0179b733) sltu    a4, s3, s7
core   0: 3 0x80002882 (0x0179b733) x14 0x00000001
core   0: 0x80002886 (0x021e5a33) divu    s4, t3, ra
core   0: 3 0x80002886 (0x021e5a33) x20 0x00000000
core   0: 0x8000288a (0x038623b3) mulhsu  t2, a2, s8
core   0: 3 0x8000288a (0x038623b3) x 7 0x97184a46
core   0: 0x8000288e (0xe96e8513) addi    a0, t4, -362
core   0: 3 0x8000288e (0xe96e8513) x10 0xffffb5ef
core   0: 0x80002892 (0xfdf97f93) andi    t6, s2, -33
core   0: 3 0x80002892 (0xfdf97f93) x31 0x80026cc4
core   0: 0x80002896 (0x00009d4a) c.add   s10, s2
core   0: 3 0x80002896 (0x9d4a) x26 0xe8ea28ef
core   0: 0x80002898 (0x000019fd) c.addi  s3, -1
core   0: 3 0x80002898 (0x19fd) x19 0x00000000
core   0: 0x8000289a (0x032a7a33) remu    s4, s4, s2
core   0: 3 0x8000289a (0x032a7a33) x20 0x00000000
core   0: 0x8000289e (0xe17fb693) sltiu   a3, t6, -489
core   0: 3 0x8000289e (0xe17fb693) x13 0x00000001
core   0: 0x800028a2 (0x027b4833) div     a6, s6, t2
core   0: 3 0x800028a2 (0x027b4833) x16 0x00000000
core   0: 0x800028a6 (0x00000001) c.nop
core   0: 3 0x800028a6 (0x0001)
core   0: 0x800028a8 (0x87233f13) sltiu   t5, t1, -1934
core   0: 3 0x800028a8 (0x87233f13) x30 0x00000001
core   0: 0x800028ac (0x5d62f693) andi    a3, t0, 1494
core   0: 3 0x800028ac (0x5d62f693) x13 0x000004c4
core   0: 0x800028b0 (0x01ea1763) bne     s4, t5, pc + 14
core   0: 3 0x800028b0 (0x01ea1763)
core   0: 0x800028be (0x000050fd) c.li    ra, -1
core   0: 3 0x800028be (0x50fd) x 1 0xffffffff
core   0: 0x800028c0 (0x02930cb3) mul     s9, t1, s1
core   0: 3 0x800028c0 (0x02930cb3) x25 0x2ee35656
core   0: 0x800028c4 (0x00000e1a) c.slli  t3, 6
core   0: 3 0x800028c4 (0x0e1a) x28 0x4d91c480
core   0: 0x800028c6 (0x0000149c) c.addi4spn a5, sp, 608
core   0: 3 0x800028c6 (0x149c) x15 0x7d98b260
core   0: 0x800028c8 (0x008a6d63) bltu    s4, s0, pc + 26
core   0: 3 0x800028c8 (0x008a6d63)
core   0: 0x800028cc (0x00b91d13) slli    s10, s2, 11
core   0: 3 0x800028cc (0x00b91d13) x26 0x13672000
core   0: 0x800028d0 (0x0000e701) c.bnez  a4, pc + 8
core   0: 3 0x800028d0 (0xe701)
core   0: 0x800028d8 (0x00d9bab3) sltu    s5, s3, a3
core   0: 3 0x800028d8 (0x00d9bab3) x21 0x00000001
core   0: 0x800028dc (0x00008621) c.srai  a2, 8
core   0: 3 0x800028dc (0x8621) x12 0xff971846
core   0: 0x800028de (0x0092deb3) srl     t4, t0, s1
core   0: 3 0x800028de (0x0092deb3) x29 0x20009b39
core   0: 0x800028e2 (0x0000e50d) c.bnez  a0, pc + 42
core   0: 3 0x800028e2 (0xe50d)
core   0: 0x8000290c (0x0ff0000f) fence   iorw,iorw
core   0: 3 0x8000290c (0x0ff0000f)
core   0: 0x80002910 (0x02978d33) mul     s10, a5, s1
core   0: 3 0x80002910 (0x02978d33) x26 0xfb3164c0
core   0: 0x80002914 (0x00008ca9) c.xor   s1, a0
core   0: 3 0x80002914 (0x8ca9) x 9 0xffffb5ed
core   0: 0x80002916 (0x01ba7633) and     a2, s4, s11
core   0: 3 0x80002916 (0x01ba7633) x12 0x00000000
core   0: 0x8000291a (0x000069f1) c.lui   s3, 0x1c
core   0: 3 0x8000291a (0x69f1) x19 0x0001c000
core   0: 0x8000291c (0x00008755) c.srai  a4, 21
core   0: 3 0x8000291c (0x8755) x14 0x00000000
core   0: 0x8000291e (0x022b6d33) rem     s10, s6, sp
core   0: 3 0x8000291e (0x022b6d33) x26 0xc8fdd30b
core   0: 0x80002922 (0xb91e4a13) xori    s4, t3, -1135
core   0: 3 0x80002922 (0xb91e4a13) x20 0xb26e3f11
core   0: 0x80002926 (0x0f8af093) andi    ra, s5, 248
core   0: 3 0x80002926 (0x0f8af093) x 1 0x00000000
core   0: 0x8000292a (0x00000001) c.nop
core   0: 3 0x8000292a (0x0001)
core   0: 0x8000292c (0x02fecd63) blt     t4, a5, pc + 58
core   0: 3 0x8000292c (0x02fecd63)
core   0: 0x80002966 (0x20857013) andi    zero, a0, 520
core   0: 3 0x80002966 (0x20857013)
core   0: 0x8000296a (0x8204ae13) slti    t3, s1, -2016
core   0: 3 0x8000296a (0x8204ae13) x28 0x00000001
core   0: 0x8000296e (0x02ad7f63) bgeu    s10, a0, pc + 62
core   0: 3 0x8000296e (0x02ad7f63)
core   0: 0x80002972 (0x0ff0000f) fence   iorw,iorw
core   0: 3 0x80002972 (0x0ff0000f)
core   0: 0x80002976 (0x028c0763) beq     s8, s0, pc + 46
core   0: 3 0x80002976 (0x028c0763)
core   0: 0x8000297a (0x000016fd) c.addi  a3, -1
core   0: 3 0x8000297a (0x16fd) x13 0x000004c3
core   0: 0x8000297c (0x0080eeb3) or      t4, ra, s0
core   0: 3 0x8000297c (0x0080eeb3) x29 0x00000000
core   0: 0x80002980 (0x035f22b3) mulhsu  t0, t5, s5
core   0: 3 0x80002980 (0x035f22b3) x 5 0x00000000
core   0: 0x80002984 (0x81c48593) addi    a1, s1, -2020
core   0: 3 0x80002984 (0x81c48593) x11 0xffffae09
core   0: 0x80002988 (0x0000717d) c.addi16sp sp, -16
core   0: 3 0x80002988 (0x717d) x 2 0x7d98aff0
core   0: 0x8000298a (0x0000100f) fence.i
core   0: 3 0x8000298a (0x0000100f)
core   0: 0x8000298e (0x0ff0000f) fence   iorw,iorw
core   0: 3 0x8000298e (0x0ff0000f)
core   0: 0x80002992 (0x006a2233) slt     tp, s4, t1
core   0: 3 0x80002992 (0x006a2233) x 4 0x00000001
core   0: 0x80002996 (0x00008ee5) c.and   a3, s1
core   0: 3 0x80002996 (0x8ee5) x13 0x000004c1
core   0: 0x80002998 (0x027dab33) mulhsu  s6, s11, t2
core   0: 3 0x80002998 (0x027dab33) x22 0xb475246e
core   0: 0x8000299c (0x00008da5) c.xor   a1, s1
core   0: 3 0x8000299c (0x8da5) x11 0x00001be4
core   0: 0x8000299e (0x0000100f) fence.i
core   0: 3 0x8000299e (0x0000100f)
core   0: 0x800029a2 (0x00006091) c.lui   ra, 0x4
core   0: 3 0x800029a2 (0x6091) x 1 0x00004000
core   0: 0x800029a4 (0x0078ed63) bltu    a7, t2, pc + 26
core   0: 3 0x800029a4 (0x0078ed63)
core   0: 0x800029be (0x00000001) c.nop
core   0: 3 0x800029be (0x0001)
core   0: 0x800029c0 (0x34f1c793) xori    a5, gp, 847
core   0: 3 0x800029c0 (0x34f1c793) x15 0xfffffd08
core   0: 0x800029c4 (0x03e044b3) div     s1, zero, t5
core   0: 3 0x800029c4 (0x03e044b3) x 9 0x00000000
core   0: 0x800029c8 (0x02bd8063) beq     s11, a1, pc + 32
core   0: 3 0x800029c8 (0x02bd8063)
core   0: 0x800029cc (0x40945113) srai    sp, s0, 9
core   0: 3 0x800029cc (0x40945113) x 2 0x00000000
core   0: 0x800029d0 (0x00008981) c.andi  a1, 0
core   0: 3 0x800029d0 (0x8981) x11 0x00000000
core   0: 0x800029d2 (0x0261b6b3) mulhu   a3, gp, t1
core   0: 3 0x800029d2 (0x0261b6b3) x13 0x1771ab02
core   0: 0x800029d6 (0x004b1693) slli    a3, s6, 4
core   0: 3 0x800029d6 (0x004b1693) x13 0x475246e0
core   0: 0x800029da (0x01c55eb3) srl     t4, a0, t3
core   0: 3 0x800029da (0x01c55eb3) x29 0x7fffdaf7
core   0: 0x800029de (0x414755b3) sra     a1, a4, s4
core   0: 3 0x800029de (0x414755b3) x11 0x00000000
core   0: 0x800029e2 (0x010766b3) or      a3, a4, a6
core   0: 3 0x800029e2 (0x010766b3) x13 0x00000000
core   0: 0x800029e6 (0x00000001) c.nop
core   0: 3 0x800029e6 (0x0001)
core   0: 0x800029e8 (0x0172e7b3) or      a5, t0, s7
core   0: 3 0x800029e8 (0x0172e7b3) x15 0xffffffff
core   0: 0x800029ec (0x00008f1d) c.sub   a4, a5
core   0: 3 0x800029ec (0x8f1d) x14 0x00000001
core   0: 0x800029ee (0x000015fd) c.addi  a1, -1
core   0: 3 0x800029ee (0x15fd) x11 0xffffffff
core   0: 0x800029f0 (0x000085b2) c.mv    a1, a2
core   0: 3 0x800029f0 (0x85b2) x11 0x00000000
core   0: 0x800029f2 (0x02307833) remu    a6, zero, gp
core   0: 3 0x800029f2 (0x02307833) x16 0x00000000
core   0: 0x800029f6 (0x41b959b3) sra     s3, s2, s11
core   0: 3 0x800029f6 (0x41b959b3) x19 0xf80026ce
core   0: 0x800029fa (0x00dad013) srli    zero, s5, 13
core   0: 3 0x800029fa (0x00dad013)
core   0: 0x800029fe (0x00008e8d) c.sub   a3, a1
core   0: 3 0x800029fe (0x8e8d) x13 0x00000000
core   0: 0x80002a00 (0x0172ed63) bltu    t0, s7, pc + 26
core   0: 3 0x80002a00 (0x0172ed63)
core   0: 0x80002a1a (0x0000934a) c.add   t1, s2
core   0: 3 0x80002a1a (0x934a) x 6 0x9774180f
core   0: 0x80002a1c (0x00008961) c.andi  a0, 24
core   0: 3 0x80002a1c (0x8961) x10 0x00000008
core   0: 0x80002a1e (0x030f7d33) remu    s10, t5, a6
core   0: 3 0x80002a1e (0x030f7d33) x26 0x00000001
core   0: 0x80002a22 (0x0078b1b3) sltu    gp, a7, t2
core   0: 3 0x80002a22 (0x0078b1b3) x 3 0x00000001
core   0: 0x80002a26 (0x02e64463) blt     a2, a4, pc + 40
core   0: 3 0x80002a26 (0x02e64463)
core   0: 0x80002a4e (0x0374b7b3) mulhu   a5, s1, s7
core   0: 3 0x80002a4e (0x0374b7b3) x15 0x00000000
core   0: 0x80002a52 (0x0000c28d) c.beqz  a3, pc + 34
core   0: 3 0x80002a52 (0xc28d)
core   0: 0x80002a74 (0x02d04ab3) div     s5, zero, a3
core   0: 3 0x80002a74 (0x02d04ab3) x21 0xffffffff
core   0: 0x80002a78 (0x003e2fb3) slt     t6, t3, gp
core   0: 3 0x80002a78 (0x003e2fb3) x31 0x00000000
core   0: 0x80002a7c (0xb4307013) andi    zero, zero, -1213
core   0: 3 0x80002a7c (0xb4307013)
core   0: 0x80002a80 (0x020759b3) divu    s3, a4, zero
core   0: 3 0x80002a80 (0x020759b3) x19 0xffffffff
core   0: 0x80002a84 (0x0065c8b3) xor     a7, a1, t1
core   0: 3 0x80002a84 (0x0065c8b3) x17 0x9774180f
core   0: 0x80002a88 (0x069f6813) ori     a6, t5, 105
core   0: 3 0x80002a88 (0x069f6813) x16 0x00000069
core   0: 0x80002a8c (0x00d6d093) srli    ra, a3, 13
core   0: 3 0x80002a8c (0x00d6d093) x 1 0x00000000
core   0: 0x80002a90 (0xffb42a13) slti    s4, s0, -5
core   0: 3 0x80002a90 (0xffb42a13) x20 0x00000000
core   0: 0x80002a94 (0x02585863) bge     a6, t0, pc + 48
core   0: 3 0x80002a94 (0x02585863)
core   0: 0x80002ac4 (0x00008d9d) c.sub   a1, a5
core   0: 3 0x80002ac4 (0x8d9d) x11 0x00000000
core   0: 0x80002ac6 (0x02ef69b3) rem     s3, t5, a4
core   0: 3 0x80002ac6 (0x02ef69b3) x19 0x00000000
core   0: 0x80002aca (0x0140fd63) bgeu    ra, s4, pc + 26
core   0: 3 0x80002aca (0x0140fd63)
core   0: 0x80002ae4 (0x02654733) div     a4, a0, t1
core   0: 3 0x80002ae4 (0x02654733) x14 0x00000000
core   0: 0x80002ae8 (0x57174c93) xori    s9, a4, 1393
core   0: 3 0x80002ae8 (0x57174c93) x25 0x00000571
core   0: 0x80002aec (0x00000001) c.nop
core   0: 3 0x80002aec (0x0001)
core   0: 0x80002aee (0x00de3f33) sltu    t5, t3, a3
core   0: 3 0x80002aee (0x00de3f33) x30 0x00000000
core   0: 0x80002af2 (0x0228bab3) mulhu   s5, a7, sp
core   0: 3 0x80002af2 (0x0228bab3) x21 0x00000000
core   0: 0x80002af6 (0x01af9513) slli    a0, t6, 26
core   0: 3 0x80002af6 (0x01af9513) x10 0x00000000
core   0: 0x80002afa (0x03e8fab3) remu    s5, a7, t5
core   0: 3 0x80002afa (0x03e8fab3) x21 0x9774180f
core   0: 0x80002afe (0x259ebd13) sltiu   s10, t4, 601
core   0: 3 0x80002afe (0x259ebd13) x26 0x00000000
core   0: 0x80002b02 (0x01d79713) slli    a4, a5, 29
core   0: 3 0x80002b02 (0x01d79713) x14 0x00000000
core   0: 0x80002b06 (0xffb00593) li      a1, -5
core   0: 3 0x80002b06 (0xffb00593) x11 0xfffffffb
core   0: 0x80002b0a (0x00008e5d) c.or    a2, a5
core   0: 3 0x80002b0a (0x8e5d) x12 0x00000000
core   0: 0x80002b0c (0x00008a8d) c.andi  a3, 3
core   0: 3 0x80002b0c (0x8a8d) x13 0x00000000
core   0: 0x80002b0e (0x00008e35) c.xor   a2, a3
core   0: 3 0x80002b0e (0x8e35) x12 0x00000000
core   0: 0x80002b10 (0x021a5133) divu    sp, s4, ra
core   0: 3 0x80002b10 (0x021a5133) x 2 0xffffffff
core   0: 0x80002b14 (0x00008efd) c.and   a3, a5
core   0: 3 0x80002b14 (0x8efd) x13 0x00000000
core   0: 0x80002b16 (0x40080c33) sub     s8, a6, zero
core   0: 3 0x80002b16 (0x40080c33) x24 0x00000069
core   0: 0x80002b1a (0x00008d7d) c.and   a0, a5
core   0: 3 0x80002b1a (0x8d7d) x10 0x00000000
core   0: 0x80002b1c (0x0065c6b3) xor     a3, a1, t1
core   0: 3 0x80002b1c (0x0065c6b3) x13 0x688be7f4
core   0: 0x80002b20 (0x00bf97b3) sll     a5, t6, a1
core   0: 3 0x80002b20 (0x00bf97b3) x15 0x00000000
core   0: 0x80002b24 (0x0238aeb3) mulhsu  t4, a7, gp
core   0: 3 0x80002b24 (0x0238aeb3) x29 0xffffffff
core   0: 0x80002b28 (0x1561cc37) lui     s8, 0x1561c
core   0: 3 0x80002b28 (0x1561cc37) x24 0x1561c000
core   0: 0x80002b2c (0x00900393) li      t2, 9
core   0: 3 0x80002b2c (0x00900393) x 7 0x00000009
core   0: 0x80002b30 (0x0000717d) c.addi16sp sp, -16
core   0: 3 0x80002b30 (0x717d) x 2 0xffffffef
core   0: 0x80002b32 (0x00001610) c.addi4spn a2, sp, 800
core   0: 3 0x80002b32 (0x1610) x12 0x0000030f
core   0: 0x80002b34 (0x0267c333) div     t1, a5, t1
core   0: 3 0x80002b34 (0x0267c333) x 6 0x00000000
core   0: 0x80002b38 (0x000009ad) c.addi  s3, 11
core   0: 3 0x80002b38 (0x09ad) x19 0x0000000b
core   0: 0x80002b3a (0x0132d8b3) srl     a7, t0, s3
core   0: 3 0x80002b3a (0x0132d8b3) x17 0x00000000
core   0: 0x80002b3e (0x0000059d) c.addi  a1, 7
core   0: 3 0x80002b3e (0x059d) x11 0x00000002
core   0: 0x80002b40 (0xaed58313) addi    t1, a1, -1299
core   0: 3 0x80002b40 (0xaed58313) x 6 0xfffffaef
core   0: 0x80002b44 (0x0000717d) c.addi16sp sp, -16
core   0: 3 0x80002b44 (0x717d) x 2 0xffffffdf
core   0: 0x80002b46 (0x00008c95) c.sub   s1, a3
core   0: 3 0x80002b46 (0x8c95) x 9 0x9774180c
core   0: 0x80002b48 (0x40750a37) lui     s4, 0x40750
core   0: 3 0x80002b48 (0x40750a37) x20 0x40750000
core   0: 0x80002b4c (0x4113d813) srai    a6, t2, 17
core   0: 3 0x80002b4c (0x4113d813) x16 0x00000000
core   0: 0x80002b50 (0xfe7581e3) beq     a1, t2, pc - 30
core   0: 3 0x80002b50 (0xfe7581e3)
core   0: 0x80002b54 (0x00f1d993) srli    s3, gp, 15
core   0: 3 0x80002b54 (0x00f1d993) x19 0x00000000
core   0: 0x80002b58 (0x00009a7d) c.andi  a2, -1
core   0: 3 0x80002b58 (0x9a7d) x12 0x0000030f
core   0: 0x80002b5a (0x00000f21) c.addi  t5, 8
core   0: 3 0x80002b5a (0x0f21) x30 0x00000008
core   0: 0x80002b5c (0x40bf55b3) sra     a1, t5, a1
core   0: 3 0x80002b5c (0x40bf55b3) x11 0x00000002
core   0: 0x80002b60 (0x00008e62) c.mv    t3, s8
core   0: 3 0x80002b60 (0x8e62) x28 0x1561c000
core   0: 0x80002b62 (0x00005b7d) c.li    s6, -1
core   0: 3 0x80002b62 (0x5b7d) x22 0xffffffff
core   0: 0x80002b64 (0x022c0833) mul     a6, s8, sp
core   0: 3 0x80002b64 (0x022c0833) x16 0x3e664000
core   0: 0x80002b68 (0x00008b12) c.mv    s6, tp
core   0: 3 0x80002b68 (0x8b12) x22 0x00000001
core   0: 0x80002b6a (0x05d1e263) bltu    gp, t4, pc + 68
core   0: 3 0x80002b6a (0x05d1e263)
core   0: 0x80002bae (0x01caacb3) slt     s9, s5, t3
core   0: 3 0x80002bae (0x01caacb3) x25 0x00000001
core   0: 0x80002bb2 (0x00a35793) srli    a5, t1, 10
core   0: 3 0x80002bb2 (0x00a35793) x15 0x003ffffe
core   0: 0x80002bb6 (0x0000100f) fence.i
core   0: 3 0x80002bb6 (0x0000100f)
core   0: 0x80002bba (0x00008241) c.srli  a2, 16
core   0: 3 0x80002bba (0x8241) x12 0x00000000
core   0: 0x80002bbc (0x0000883e) c.mv    a6, a5
core   0: 3 0x80002bbc (0x883e) x16 0x003ffffe
core   0: 0x80002bbe (0x00008e29) c.xor   a2, a0
core   0: 3 0x80002bbe (0x8e29) x12 0x00000000
core   0: 0x80002bc0 (0x00009f22) c.add   t5, s0
core   0: 3 0x80002bc0 (0x9f22) x30 0x00000008
core   0: 0x80002bc2 (0x002b1b63) bne     s6, sp, pc + 22
core   0: 3 0x80002bc2 (0x002b1b63)
core   0: 0x80002bd8 (0x4b6a4e93) xori    t4, s4, 1206
core   0: 3 0x80002bd8 (0x4b6a4e93) x29 0x407504b6
core   0: 0x80002bdc (0x00008cbd) c.xor   s1, a5
core   0: 3 0x80002bdc (0x8cbd) x 9 0x974be7f2
core   0: 0x80002bde (0x01c5d763) bge     a1, t3, pc + 14
core   0: 3 0x80002bde (0x01c5d763)
core   0: 0x80002be2 (0x000469b3) or      s3, s0, zero
core   0: 3 0x80002be2 (0x000469b3) x19 0x00000000
core   0: 0x80002be6 (0x41988bb3) sub     s7, a7, s9
core   0: 3 0x80002be6 (0x41988bb3) x23 0xffffffff
core   0: 0x80002bea (0x00006169) c.addi16sp sp, 208
core   0: 3 0x80002bea (0x6169) x 2 0x000000af
core   0: 0x80002bec (0x02a42833) mulhsu  a6, s0, a0
core   0: 3 0x80002bec (0x02a42833) x16 0x00000000
core   0: 0x80002bf0 (0x853fb613) sltiu   a2, t6, -1965
core   0: 3 0x80002bf0 (0x853fb613) x12 0x00000001
core   0: 0x80002bf4 (0x0000997d) c.andi  a0, -1
core   0: 3 0x80002bf4 (0x997d) x10 0x00000000
core   0: 0x80002bf6 (0x0000100f) fence.i
core   0: 3 0x80002bf6 (0x0000100f)
core   0: 0x80002bfa (0x002918b3) sll     a7, s2, sp
core   0: 3 0x80002bfa (0x002918b3) x17 0x36720000
core   0: 0x80002bfe (0x03cde3b3) rem     t2, s11, t3
core   0: 3 0x80002bfe (0x03cde3b3) x 7 0xeaeaee64
core   0: 0x80002c02 (0x01d6dd13) srli    s10, a3, 29
core   0: 3 0x80002c02 (0x01d6dd13) x26 0x00000003
core   0: 0x80002c06 (0x000063cd) c.lui   t2, 0x13
core   0: 3 0x80002c06 (0x63cd) x 7 0x00013000
core   0: 0x80002c08 (0x00001584) c.addi4spn s1, sp, 736
core   0: 3 0x80002c08 (0x1584) x 9 0x0000038f
core   0: 0x80002c0a (0x03237b33) remu    s6, t1, s2
core   0: 3 0x80002c0a (0x03237b33) x22 0x7ffd8e0b
core   0: 0x80002c0e (0x4108de13) srai    t3, a7, 16
core   0: 3 0x80002c0e (0x4108de13) x28 0x00003672
core   0: 0x80002c12 (0x41b18633) sub     a2, gp, s11
core   0: 3 0x80002c12 (0x41b18633) x12 0x7ffdd19d
core   0: 0x80002c16 (0x011b6533) or      a0, s6, a7
core   0: 3 0x80002c16 (0x011b6533) x10 0x7fff8e0b
core   0: 0x80002c1a (0x000098fd) c.andi  s1, -1
core   0: 3 0x80002c1a (0x98fd) x 9 0x0000038f
core   0: 0x80002c1c (0x6466ec13) ori     s8, a3, 1606
core   0: 3 0x80002c1c (0x6466ec13) x24 0x688be7f6
core   0: 0x80002c20 (0x00000001) c.nop
core   0: 3 0x80002c20 (0x0001)
core   0: 0x80002c22 (0x0095cfb3) xor     t6, a1, s1
core   0: 3 0x80002c22 (0x0095cfb3) x31 0x0000038d
core   0: 0x80002c26 (0x00008485) c.srai  s1, 1
core   0: 3 0x80002c26 (0x8485) x 9 0x000001c7
core   0: 0x80002c28 (0x0000997d) c.andi  a0, -1
core   0: 3 0x80002c28 (0x997d) x10 0x7fff8e0b
core   0: 0x80002c2a (0x00008e15) c.sub   a2, a3
core   0: 3 0x80002c2a (0x8e15) x12 0x1771e9a9
core   0: 0x80002c2c (0x00000001) c.nop
core   0: 3 0x80002c2c (0x0001)
core   0: 0x80002c2e (0x02e5e763) bltu    a1, a4, pc + 46
core   0: 3 0x80002c2e (0x02e5e763)
core   0: 0x80002c32 (0x02fc56b3) divu    a3, s8, a5
core   0: 3 0x80002c32 (0x02fc56b3) x13 0x000001a2
core   0: 0x80002c36 (0x013ec7b3) xor     a5, t4, s3
core   0: 3 0x80002c36 (0x013ec7b3) x15 0x407504b6
core   0: 0x80002c3a (0xa04f0d13) addi    s10, t5, -1532
core   0: 3 0x80002c3a (0xa04f0d13) x26 0xfffffa0c
core   0: 0x80002c3e (0x00008f4d) c.or    a4, a1
core   0: 3 0x80002c3e (0x8f4d) x14 0x00000002
core   0: 0x80002c40 (0x014a8e63) beq     s5, s4, pc + 28
core   0: 3 0x80002c40 (0x014a8e63)
core   0: 0x80002c44 (0x00008d8d) c.sub   a1, a1
core   0: 3 0x80002c44 (0x8d8d) x11 0x00000000
core   0: 0x80002c46 (0xb5e5ab93) slti    s7, a1, -1186
core   0: 3 0x80002c46 (0xb5e5ab93) x23 0x00000000
core   0: 0x80002c4a (0x9fc23613) sltiu   a2, tp, -1540
core   0: 3 0x80002c4a (0x9fc23613) x12 0x00000001
core   0: 0x80002c4e (0x01e17d33) and     s10, sp, t5
core   0: 3 0x80002c4e (0x01e17d33) x26 0x00000008
core   0: 0x80002c52 (0x0000e501) c.bnez  a0, pc + 8
core   0: 3 0x80002c52 (0xe501)
core   0: 0x80002c5a (0x0000055a) c.slli  a0, 22
core   0: 3 0x80002c5a (0x055a) x10 0x82c00000
core   0: 0x80002c5c (0x00000c86) c.slli  s9, 1
core   0: 3 0x80002c5c (0x0c86) x25 0x00000002
core   0: 0x80002c5e (0x00000001) c.nop
core   0: 3 0x80002c5e (0x0001)
core   0: 0x80002c60 (0x00298663) beq     s3, sp, pc + 12
core   0: 3 0x80002c60 (0x00298663)
core   0: 0x80002c64 (0x0000187d) c.addi  a6, -1
core   0: 3 0x80002c64 (0x187d) x16 0xffffffff
core   0: 0x80002c66 (0x00009a7d) c.andi  a2, -1
core   0: 3 0x80002c66 (0x9a7d) x12 0x00000001
core   0: 0x80002c68 (0x019c7c63) bgeu    s8, s9, pc + 24
core   0: 3 0x80002c68 (0x019c7c63)
core   0: 0x80002c80 (0x00008ee9) c.and   a3, a0
core   0: 3 0x80002c80 (0x8ee9) x13 0x00000000
core   0: 0x80002c82 (0x0287fc33) remu    s8, a5, s0
core   0: 3 0x80002c82 (0x0287fc33) x24 0x407504b6
core   0: 0x80002c86 (0x0ff0000f) fence   iorw,iorw
core   0: 3 0x80002c86 (0x0ff0000f)
core   0: 0x80002c8a (0x06da7663) bgeu    s4, a3, pc + 108
core   0: 3 0x80002c8a (0x06da7663)
core   0: 0x80002cf6 (0x000099fd) c.andi  a1, -1
core   0: 3 0x80002cf6 (0x99fd) x11 0x00000000
core   0: 0x80002cf8 (0x03d9ae33) mulhsu  t3, s3, t4
core   0: 3 0x80002cf8 (0x03d9ae33) x28 0x00000000
core   0: 0x80002cfc (0x003f45b3) xor     a1, t5, gp
core   0: 3 0x80002cfc (0x003f45b3) x11 0x00000009
core   0: 0x80002d00 (0x41ccdeb3) sra     t4, s9, t3
core   0: 3 0x80002d00 (0x41ccdeb3) x29 0x00000002
core   0: 0x80002d04 (0x00009a7d) c.andi  a2, -1
core   0: 3 0x80002d04 (0x9a7d) x12 0x00000001
core   0: 0x80002d06 (0x0082cf33) xor     t5, t0, s0
core   0: 3 0x80002d06 (0x0082cf33) x30 0x00000000
core   0: 0x80002d0a (0x0000e115) c.bnez  a0, pc + 36
core   0: 3 0x80002d0a (0xe115)
core   0: 0x80002d2e (0x000090fa) c.add   ra, t5
core   0: 3 0x80002d2e (0x90fa) x 1 0x00000000
core   0: 0x80002d30 (0x016248b3) xor     a7, tp, s6
core   0: 3 0x80002d30 (0x016248b3) x17 0x7ffd8e0a
core   0: 0x80002d34 (0x00c0c733) xor     a4, ra, a2
core   0: 3 0x80002d34 (0x00c0c733) x14 0x00000001
core   0: 0x80002d38 (0x00006321) c.lui   t1, 0x8
core   0: 3 0x80002d38 (0x6321) x 6 0x00008000
core   0: 0x80002d3a (0x00009f32) c.add   t5, a2
core   0: 3 0x80002d3a (0x9f32) x30 0x00000001
core   0: 0x80002d3c (0x01490d63) beq     s2, s4, pc + 26
core   0: 3 0x80002d3c (0x01490d63)
core   0: 0x80002d40 (0x012873b3) and     t2, a6, s2
core   0: 3 0x80002d40 (0x012873b3) x 7 0x80026ce4
core   0: 0x80002d44 (0x00454f63) blt     a0, tp, pc + 30
core   0: 3 0x80002d44 (0x00454f63)
core   0: 0x80002d62 (0x00000001) c.nop
core   0: 3 0x80002d62 (0x0001)
core   0: 0x80002d64 (0x02145333) divu    t1, s0, ra
core   0: 3 0x80002d64 (0x02145333) x 6 0xffffffff
core   0: 0x80002d68 (0x038e26b3) mulhsu  a3, t3, s8
core   0: 3 0x80002d68 (0x038e26b3) x13 0x00000000
core   0: 0x80002d6c (0x00008d4d) c.or    a0, a1
core   0: 3 0x80002d6c (0x8d4d) x10 0x82c00009
core   0: 0x80002d6e (0x340ace37) lui     t3, 0x340ac
core   0: 3 0x80002d6e (0x340ace37) x28 0x340ac000
core   0: 0x80002d72 (0x00008df9) c.and   a1, a4
core   0: 3 0x80002d72 (0x8df9) x11 0x00000001
core   0: 0x80002d74 (0x024d3e33) mulhu   t3, s10, tp
core   0: 3 0x80002d74 (0x024d3e33) x28 0x00000000
core   0: 0x80002d78 (0x03da4f63) blt     s4, t4, pc + 62
core   0: 3 0x80002d78 (0x03da4f63)
core   0: 0x80002d7c (0x03fbb6b3) mulhu   a3, s7, t6
core   0: 3 0x80002d7c (0x03fbb6b3) x13 0x00000000
core   0: 0x80002d80 (0xa1fea993) slti    s3, t4, -1505
core   0: 3 0x80002d80 (0xa1fea993) x19 0x00000000
core   0: 0x80002d84 (0x0189a3b3) slt     t2, s3, s8
core   0: 3 0x80002d84 (0x0189a3b3) x 7 0x00000001
core   0: 0x80002d88 (0x028360b3) rem     ra, t1, s0
core   0: 3 0x80002d88 (0x028360b3) x 1 0xffffffff
core   0: 0x80002d8c (0x037f41b3) div     gp, t5, s7
core   0: 3 0x80002d8c (0x037f41b3) x 3 0xffffffff
core   0: 0x80002d90 (0x037f1863) bne     t5, s7, pc + 48
core   0: 3 0x80002d90 (0x037f1863)
core   0: 0x80002dc0 (0x00524c33) xor     s8, tp, t0
core   0: 3 0x80002dc0 (0x00524c33) x24 0x00000001
core   0: 0x80002dc4 (0x00008fd1) c.or    a5, a2
core   0: 3 0x80002dc4 (0x8fd1) x15 0x407504b7
core   0: 0x80002dc6 (0x00009306) c.add   t1, ra
core   0: 3 0x80002dc6 (0x9306) x 6 0xfffffffe
core   0: 0x80002dc8 (0x00aacb33) xor     s6, s5, a0
core   0: 3 0x80002dc8 (0x00aacb33) x22 0x15b41806
core   0: 0x80002dcc (0x225aaa17) auipc   s4, 0x225aa
core   0: 3 0x80002dcc (0x225aaa17) x20 0xa25acdcc
core   0: 0x80002dd0 (0x358c6a93) ori     s5, s8, 856
core   0: 3 0x80002dd0 (0x358c6a93) x21 0x00000359
core   0: 0x80002dd4 (0x0ff0000f) fence   iorw,iorw
core   0: 3 0x80002dd4 (0x0ff0000f)
core   0: 0x80002dd8 (0x00400c93) li      s9, 4
core   0: 3 0x80002dd8 (0x00400c93) x25 0x00000004
core   0: 0x80002ddc (0xf826bb13) sltiu   s6, a3, -126
core   0: 3 0x80002ddc (0xf826bb13) x22 0x00000001
core   0: 0x80002de0 (0x000066d1) c.lui   a3, 0x14
core   0: 3 0x80002de0 (0x66d1) x13 0x00014000
core   0: 0x80002de2 (0x00006be1) c.lui   s7, 0x18
core   0: 3 0x80002de2 (0x6be1) x23 0x00018000
core   0: 0x80002de4 (0x00000876) c.slli  a6, 29
core   0: 3 0x80002de4 (0x0876) x16 0xe0000000
core   0: 0x80002de6 (0x00004c2d) c.li    s8, 11
core   0: 3 0x80002de6 (0x4c2d) x24 0x0000000b
core   0: 0x80002de8 (0x6b833a93) sltiu   s5, t1, 1720
core   0: 3 0x80002de8 (0x6b833a93) x21 0x00000000
core   0: 0x80002dec (0x00aa1533) sll     a0, s4, a0
core   0: 3 0x80002dec (0x00aa1533) x10 0xb59b9800
core   0: 0x80002df0 (0xfec00a13) li      s4, -20
core   0: 3 0x80002df0 (0xfec00a13) x20 0xffffffec
core   0: 0x80002df4 (0x00008cc1) c.or    s1, s0
core   0: 3 0x80002df4 (0x8cc1) x 9 0x000001c7
core   0: 0x80002df6 (0x00008d51) c.or    a0, a2
core   0: 3 0x80002df6 (0x8d51) x10 0xb59b9801
core   0: 0x80002df8 (0x00008886) c.mv    a7, ra
core   0: 3 0x80002df8 (0x8886) x17 0xffffffff
core   0: 0x80002dfa (0x03c26533) rem     a0, tp, t3
core   0: 3 0x80002dfa (0x03c26533) x10 0x00000001
core   0: 0x80002dfe (0x0ff0000f) fence   iorw,iorw
core   0: 3 0x80002dfe (0x0ff0000f)
core   0: 0x80002e02 (0x00000001) c.nop
core   0: 3 0x80002e02 (0x0001)
core   0: 0x80002e04 (0x00001ce1) c.addi  s9, -8
core   0: 3 0x80002e04 (0x1ce1) x25 0xfffffffc
core   0: 0x80002e06 (0x01c9d713) srli    a4, s3, 28
core   0: 3 0x80002e06 (0x01c9d713) x14 0x00000000
core   0: 0x80002e0a (0x03220833) mul     a6, tp, s2
core   0: 3 0x80002e0a (0x03220833) x16 0x80026ce4
core   0: 0x80002e0e (0xff4c83e3) beq     s9, s4, pc - 26
core   0: 3 0x80002e0e (0xff4c83e3)
core   0: 0x80002e12 (0x01dc5833) srl     a6, s8, t4
core   0: 3 0x80002e12 (0x01dc5833) x16 0x00000002
core   0: 0x80002e16 (0x012a6bb3) or      s7, s4, s2
core   0: 3 0x80002e16 (0x012a6bb3) x23 0xffffffec
core   0: 0x80002e1a (0x000081a1) c.srli  a1, 8
core   0: 3 0x80002e1a (0x81a1) x11 0x00000000
core   0: 0x80002e1c (0x00005b7d) c.li    s6, -1
core   0: 3 0x80002e1c (0x5b7d) x22 0xffffffff
core   0: 0x80002e1e (0x00008ef9) c.and   a3, a4
core   0: 3 0x80002e1e (0x8ef9) x13 0x00000000
core   0: 0x80002e20 (0x02ae55b3) divu    a1, t3, a0
core   0: 3 0x80002e20 (0x02ae55b3) x11 0x00000000
core   0: 0x80002e24 (0x00008f81) c.sub   a5, s0
core   0: 3 0x80002e24 (0x8f81) x15 0x407504b7
core   0: 0x80002e26 (0x034cee33) rem     t3, s9, s4
core   0: 3 0x80002e26 (0x034cee33) x28 0xfffffffc
core   0: 0x80002e2a (0x0000100f) fence.i
core   0: 3 0x80002e2a (0x0000100f)
core   0: 0x80002e2e (0x00569013) slli    zero, a3, 5
core   0: 3 0x80002e2e (0x00569013)
core   0: 0x80002e32 (0x00005e7d) c.li    t3, -1
core   0: 3 0x80002e32 (0x5e7d) x28 0xffffffff
core   0: 0x80002e34 (0x0000997d) c.andi  a0, -1
core   0: 3 0x80002e34 (0x997d) x10 0x00000001
core   0: 0x80002e36 (0x0000100f) fence.i
core   0: 3 0x80002e36 (0x0000100f)
core   0: 0x80002e3a (0x01be04b3) add     s1, t3, s11
core   0: 3 0x80002e3a (0x01be04b3) x 9 0x80022e63
core   0: 0x80002e3e (0x000087be) c.mv    a5, a5
core   0: 3 0x80002e3e (0x87be) x15 0x407504b7
core   0: 0x80002e40 (0x00e5eb63) bltu    a1, a4, pc + 22
core   0: 3 0x80002e40 (0x00e5eb63)
core   0: 0x80002e44 (0x0000c789) c.beqz  a5, pc + 10
core   0: 3 0x80002e44 (0xc789)
core   0: 0x80002e46 (0x004b5613) srli    a2, s6, 4
core   0: 3 0x80002e46 (0x004b5613) x12 0x0fffffff
core   0: 0x80002e4a (0x00829113) slli    sp, t0, 8
core   0: 3 0x80002e4a (0x00829113) x 2 0x00000000
core   0: 0x80002e4e (0x018521b3) slt     gp, a0, s8
core   0: 3 0x80002e4e (0x018521b3) x 3 0x00000001
core   0: 0x80002e52 (0x0254e063) bltu    s1, t0, pc + 32
core   0: 3 0x80002e52 (0x0254e063)
core   0: 0x80002e56 (0xdf608113) addi    sp, ra, -522
core   0: 3 0x80002e56 (0xdf608113) x 2 0xfffffdf5
core   0: 0x80002e5a (0x00005d7d) c.li    s10, -1
core   0: 3 0x80002e5a (0x5d7d) x26 0xffffffff
core   0: 0x80002e5c (0x01479193) slli    gp, a5, 20
core   0: 3 0x80002e5c (0x01479193) x 3 0x4b700000
core   0: 0x80002e60 (0x0195a833) slt     a6, a1, s9
core   0: 3 0x80002e60 (0x0195a833) x16 0x00000000
core   0: 0x80002e64 (0x405187b3) sub     a5, gp, t0
core   0: 3 0x80002e64 (0x405187b3) x15 0x4b700000
core   0: 0x80002e68 (0x000a9e63) bnez    s5, pc + 28
core   0: 3 0x80002e68 (0x000a9e63)
core   0: 0x80002e6c (0x00008559) c.srai  a0, 22
core   0: 3 0x80002e6c (0x8559) x10 0x00000000
core   0: 0x80002e6e (0x00677b63) bgeu    a4, t1, pc + 22
core   0: 3 0x80002e6e (0x00677b63)
core   0: 0x80002e72 (0x00f75013) srli    zero, a4, 15
core   0: 3 0x80002e72 (0x00f75013)
core   0: 0x80002e76 (0x41ced8b3) sra     a7, t4, t3
core   0: 3 0x80002e76 (0x41ced8b3) x17 0x00000000
core   0: 0x80002e7a (0x027129b3) mulhsu  s3, sp, t2
core   0: 3 0x80002e7a (0x027129b3) x19 0xffffffff
core   0: 0x80002e7e (0x00008f56) c.mv    t5, s5
core   0: 3 0x80002e7e (0x8f56) x30 0x00000000
core   0: 0x80002e80 (0x0000ea09) c.bnez  a2, pc + 18
core   0: 3 0x80002e80 (0xea09)
core   0: 0x80002e92 (0x0000662d) c.lui   a2, 0xb
core   0: 3 0x80002e92 (0x662d) x12 0x0000b000
core   0: 0x80002e94 (0x0083df93) srli    t6, t2, 8
core   0: 3 0x80002e94 (0x0083df93) x31 0x00000000
core   0: 0x80002e98 (0x0554c363) blt     s1, s5, pc + 70
core   0: 3 0x80002e98 (0x0554c363)
core   0: 0x80002ede (0x001c9813) slli    a6, s9, 1
core   0: 3 0x80002ede (0x001c9813) x16 0xfffffff8
core   0: 0x80002ee2 (0x02850163) beq     a0, s0, pc + 34
core   0: 3 0x80002ee2 (0x02850163)
core   0: 0x80002f04 (0x00c99293) slli    t0, s3, 12
core   0: 3 0x80002f04 (0x00c99293) x 5 0xfffff000
core   0: 0x80002f08 (0xcb35c393) xori    t2, a1, -845
core   0: 3 0x80002f08 (0xcb35c393) x 7 0xfffffcb3
core   0: 0x80002f0c (0x00008e45) c.or    a2, s1
core   0: 3 0x80002f0c (0x8e45) x12 0x8002be63
core   0: 0x80002f0e (0x03265533) divu    a0, a2, s2
core   0: 3 0x80002f0e (0x03265533) x10 0x00000001
core   0: 0x80002f12 (0x00ea1663) bne     s4, a4, pc + 12
core   0: 3 0x80002f12 (0x00ea1663)
core   0: 0x80002f1e (0x40f05cb3) sra     s9, zero, a5
core   0: 3 0x80002f1e (0x40f05cb3) x25 0x00000000
core   0: 0x80002f22 (0x0000997d) c.andi  a0, -1
core   0: 3 0x80002f22 (0x997d) x10 0x00000001
core   0: 0x80002f24 (0x00008ff1) c.and   a5, a2
core   0: 3 0x80002f24 (0x8ff1) x15 0x00000000
core   0: 0x80002f26 (0x03ccd8b3) divu    a7, s9, t3
core   0: 3 0x80002f26 (0x03ccd8b3) x17 0x00000000
core   0: 0x80002f2a (0x000008a9) c.addi  a7, 10
core   0: 3 0x80002f2a (0x08a9) x17 0x0000000a
core   0: 0x80002f2c (0x02dde233) rem     tp, s11, a3
core   0: 3 0x80002f2c (0x02dde233) x 4 0x80022e64
core   0: 0x80002f30 (0x01909d63) bne     ra, s9, pc + 26
core   0: 3 0x80002f30 (0x01909d63)
core   0: 0x80002f4a (0x6a7e88b7) lui     a7, 0x6a7e8
core   0: 3 0x80002f4a (0x6a7e88b7) x17 0x6a7e8000
core   0: 0x80002f4e (0x000009b6) c.slli  s3, 13
core   0: 3 0x80002f4e (0x09b6) x19 0xffffe000
core   0: 0x80002f50 (0x0321e163) bltu    gp, s2, pc + 34
core   0: 3 0x80002f50 (0x0321e163)
core   0: 0x80002f72 (0x03f35cb3) divu    s9, t1, t6
core   0: 3 0x80002f72 (0x03f35cb3) x25 0xffffffff
core   0: 0x80002f76 (0x00001a10) c.addi4spn a2, sp, 304
core   0: 3 0x80002f76 (0x1a10) x12 0xffffff25
core   0: 0x80002f78 (0x01b9b1b3) sltu    gp, s3, s11
core   0: 3 0x80002f78 (0x01b9b1b3) x 3 0x00000000
core   0: 0x80002f7c (0x41cf82b3) sub     t0, t6, t3
core   0: 3 0x80002f7c (0x41cf82b3) x 5 0x00000001
core   0: 0x80002f80 (0x686b7193) andi    gp, s6, 1670
core   0: 3 0x80002f80 (0x686b7193) x 3 0x00000686
core   0: 0x80002f84 (0x41f0d633) sra     a2, ra, t6
core   0: 3 0x80002f84 (0x41f0d633) x12 0xffffffff
core   0: 0x80002f88 (0x0166ad33) slt     s10, a3, s6
core   0: 3 0x80002f88 (0x0166ad33) x26 0x00000000
core   0: 0x80002f8c (0x00008f91) c.sub   a5, a2
core   0: 3 0x80002f8c (0x8f91) x15 0x00000001
core   0: 0x80002f8e (0x000016fd) c.addi  a3, -1
core   0: 3 0x80002f8e (0x16fd) x13 0xffffffff
core   0: 0x80002f90 (0x00008f9a) c.mv    t6, t1
core   0: 3 0x80002f90 (0x8f9a) x31 0xfffffffe
core   0: 0x80002f92 (0x02b9c563) blt     s3, a1, pc + 42
core   0: 3 0x80002f92 (0x02b9c563)
core   0: 0x80002fbc (0x00008ff6) c.mv    t6, t4
core   0: 3 0x80002fbc (0x8ff6) x31 0x00000002
core   0: 0x80002fbe (0x00009f66) c.add   t5, s9
core   0: 3 0x80002fbe (0x9f66) x30 0xffffffff
core   0: 0x80002fc0 (0x01158e63) beq     a1, a7, pc + 28
core   0: 3 0x80002fc0 (0x01158e63)
core   0: 0x80002fc4 (0x0000117d) c.addi  sp, -1
core   0: 3 0x80002fc4 (0x117d) x 2 0xfffffdf4
core   0: 0x80002fc6 (0x41df8a33) sub     s4, t6, t4
core   0: 3 0x80002fc6 (0x41df8a33) x20 0x00000000
core   0: 0x80002fca (0x02b95663) bge     s2, a1, pc + 44
core   0: 3 0x80002fca (0x02b95663)
core   0: 0x80002fce (0x008fea33) or      s4, t6, s0
core   0: 3 0x80002fce (0x008fea33) x20 0x00000002
core   0: 0x80002fd2 (0x0000100f) fence.i
core   0: 3 0x80002fd2 (0x0000100f)
core   0: 0x80002fd6 (0x000044e9) c.li    s1, 26
core   0: 3 0x80002fd6 (0x44e9) x 9 0x0000001a
core   0: 0x80002fd8 (0x000085fa) c.mv    a1, t5
core   0: 3 0x80002fd8 (0x85fa) x11 0xffffffff
core   0: 0x80002fda (0x0000015a) c.slli  sp, 22
core   0: 3 0x80002fda (0x015a) x 2 0x7d000000
core   0: 0x80002fdc (0x00d8f893) andi    a7, a7, 13
core   0: 3 0x80002fdc (0x00d8f893) x17 0x00000000
core   0: 0x80002fe0 (0x001f48b3) xor     a7, t5, ra
core   0: 3 0x80002fe0 (0x001f48b3) x17 0x00000000
core   0: 0x80002fe4 (0x00001f7d) c.addi  t5, -1
core   0: 3 0x80002fe4 (0x1f7d) x30 0xfffffffe
core   0: 0x80002fe6 (0x418fd8b3) sra     a7, t6, s8
core   0: 3 0x80002fe6 (0x418fd8b3) x17 0x00000000
core   0: 0x80002fea (0x00c18d33) add     s10, gp, a2
core   0: 3 0x80002fea (0x00c18d33) x26 0x00000685
core   0: 0x80002fee (0x4c483f93) sltiu   t6, a6, 1220
core   0: 3 0x80002fee (0x4c483f93) x31 0x00000000
core   0: 0x80002ff2 (0x4196d513) srai    a0, a3, 25
core   0: 3 0x80002ff2 (0x4196d513) x10 0xffffffff
core   0: 0x80002ff6 (0xa82b0113) addi    sp, s6, -1406
core   0: 3 0x80002ff6 (0xa82b0113) x 2 0xfffffa81
core   0: 0x80002ffa (0x00c0cd33) xor     s10, ra, a2
core   0: 3 0x80002ffa (0x00c0cd33) x26 0x00000000
core   0: 0x80002ffe (0x00bab233) sltu    tp, s5, a1
core   0: 3 0x80002ffe (0x00bab233) x 4 0x00000001
core   0: 0x80003002 (0x00f5ca33) xor     s4, a1, a5
core   0: 3 0x80003002 (0x00f5ca33) x20 0xfffffffe
core   0: 0x80003006 (0x00e51c13) slli    s8, a0, 14
core   0: 3 0x80003006 (0x00e51c13) x24 0xffffc000
core   0: 0x8000300a (0x0000717d) c.addi16sp sp, -16
core   0: 3 0x8000300a (0x717d) x 2 0xfffffa71
core   0: 0x8000300c (0x026aba33) mulhu   s4, s5, t1
core   0: 3 0x8000300c (0x026aba33) x20 0x00000000
core   0: 0x80003010 (0x00e3dc63) bge     t2, a4, pc + 24
core   0: 3 0x80003010 (0x00e3dc63)
core   0: 0x80003014 (0x0026c233) xor     tp, a3, sp
core   0: 3 0x80003014 (0x0026c233) x 4 0x0000058e
core   0: 0x80003018 (0x0000e799) c.bnez  a5, pc + 14
core   0: 3 0x80003018 (0xe799)
core   0: 0x80003026 (0x0000e795) c.bnez  a5, pc + 44
core   0: 3 0x80003026 (0xe795)
core   0: 0x80003052 (0x7e4e7613) andi    a2, t3, 2020
core   0: 3 0x80003052 (0x7e4e7613) x12 0x000007e4
core   0: 0x80003056 (0x01c8d013) srli    zero, a7, 28
core   0: 3 0x80003056 (0x01c8d013)
core   0: 0x8000305a (0x02ea4b63) blt     s4, a4, pc + 54
core   0: 3 0x8000305a (0x02ea4b63)
core   0: 0x8000305e (0x00009e26) c.add   t3, s1
core   0: 3 0x8000305e (0x9e26) x28 0x00000019
core   0: 0x80003060 (0x0000100f) fence.i
core   0: 3 0x80003060 (0x0000100f)
core   0: 0x80003064 (0x00008e75) c.and   a2, a3
core   0: 3 0x80003064 (0x8e75) x12 0x000007e4
core   0: 0x80003066 (0x00000001) c.nop
core   0: 3 0x80003066 (0x0001)
core   0: 0x80003068 (0x000082fd) c.srli  a3, 31
core   0: 3 0x80003068 (0x82fd) x13 0x00000001
core   0: 0x8000306a (0x00000532) c.slli  a0, 12
core   0: 3 0x8000306a (0x0532) x10 0xfffff000
core   0: 0x8000306c (0xaa36cf93) xori    t6, a3, -1373
core   0: 3 0x8000306c (0xaa36cf93) x31 0xfffffaa2
core   0: 0x80003070 (0x01c000b3) add     ra, zero, t3
core   0: 3 0x80003070 (0x01c000b3) x 1 0x00000019
core   0: 0x80003074 (0x00001e7d) c.addi  t3, -1
core   0: 3 0x80003074 (0x1e7d) x28 0x00000018
core   0: 0x80003076 (0x00008f1d) c.sub   a4, a5
core   0: 3 0x80003076 (0x8f1d) x14 0xffffffff
core   0: 0x80003078 (0x40bcd2b3) sra     t0, s9, a1
core   0: 3 0x80003078 (0x40bcd2b3) x 5 0xffffffff
core   0: 0x8000307c (0x03e41463) bne     s0, t5, pc + 40
core   0: 3 0x8000307c (0x03e41463)
core   0: 0x800030a4 (0x031e89b3) mul     s3, t4, a7
core   0: 3 0x800030a4 (0x031e89b3) x19 0x00000000
core   0: 0x800030a8 (0x02cfa9b3) mulhsu  s3, t6, a2
core   0: 3 0x800030a8 (0x02cfa9b3) x19 0xffffffff
core   0: 0x800030ac (0x8b8dbf97) auipc   t6, 0x8b8db
core   0: 3 0x800030ac (0x8b8dbf97) x31 0x0b8de0ac
core   0: 0x800030b0 (0x12b4bb13) sltiu   s6, s1, 299
core   0: 3 0x800030b0 (0x12b4bb13) x22 0x00000001
core   0: 0x800030b4 (0x00008d4d) c.or    a0, a1
core   0: 3 0x800030b4 (0x8d4d) x10 0xffffffff
core   0: 0x800030b6 (0x0000617d) c.addi16sp sp, 496
core   0: 3 0x800030b6 (0x617d) x 2 0xfffffc61
core   0: 0x800030b8 (0x00008d3d) c.xor   a0, a5
core   0: 3 0x800030b8 (0x8d3d) x10 0xfffffffe
core   0: 0x800030ba (0x03716063) bltu    sp, s7, pc + 32
core   0: 3 0x800030ba (0x03716063)
core   0: 0x800030da (0x00006f29) c.lui   t5, 0xa
core   0: 3 0x800030da (0x6f29) x30 0x0000a000
core   0: 0x800030dc (0x017a8a63) beq     s5, s7, pc + 20
core   0: 3 0x800030dc (0x017a8a63)
core   0: 0x800030e0 (0x01c0d333) srl     t1, ra, t3
core   0: 3 0x800030e0 (0x01c0d333) x 6 0x00000000
core   0: 0x800030e4 (0x000064e9) c.lui   s1, 0x1a
core   0: 3 0x800030e4 (0x64e9) x 9 0x0001a000
core   0: 0x800030e6 (0x0000100f) fence.i
core   0: 3 0x800030e6 (0x0000100f)
core   0: 0x800030ea (0x01f0da33) srl     s4, ra, t6
core   0: 3 0x800030ea (0x01f0da33) x20 0x00000000
core   0: 0x800030ee (0x00009a7d) c.andi  a2, -1
core   0: 3 0x800030ee (0x9a7d) x12 0x000007e4
core   0: 0x800030f0 (0x004ce333) or      t1, s9, tp
core   0: 3 0x800030f0 (0x004ce333) x 6 0xffffffff
core   0: 0x800030f4 (0x004e1493) slli    s1, t3, 4
core   0: 3 0x800030f4 (0x004e1493) x 9 0x00000180
core   0: 0x800030f8 (0x001d9633) sll     a2, s11, ra
core   0: 3 0x800030f8 (0x001d9633) x12 0xc8000000
core   0: 0x800030fc (0x03eb56b3) divu    a3, s6, t5
core   0: 3 0x800030fc (0x03eb56b3) x13 0x00000000
core   0: 0x80003100 (0x405b01b3) sub     gp, s6, t0
core   0: 3 0x80003100 (0x405b01b3) x 3 0x00000002
core   0: 0x80003104 (0x41edd993) srai    s3, s11, 30
core   0: 3 0x80003104 (0x41edd993) x19 0xfffffffe
core   0: 0x80003108 (0x00008ec5) c.or    a3, s1
core   0: 3 0x80003108 (0x8ec5) x13 0x00000180
core   0: 0x8000310a (0x2b509ab7) lui     s5, 0x2b509
core   0: 3 0x8000310a (0x2b509ab7) x21 0x2b509000
core   0: 0x8000310e (0x000098e6) c.add   a7, s9
core   0: 3 0x8000310e (0x98e6) x17 0xffffffff
core   0: 0x80003110 (0x0000834a) c.mv    t1, s2
core   0: 3 0x80003110 (0x834a) x 6 0x80026ce4
core   0: 0x80003112 (0x0012c033) xor     zero, t0, ra
core   0: 3 0x80003112 (0x0012c033)
core   0: 0x80003116 (0x4014d6b3) sra     a3, s1, ra
core   0: 3 0x80003116 (0x4014d6b3) x13 0x00000000
core   0: 0x8000311a (0x00008eb1) c.xor   a3, a2
core   0: 3 0x8000311a (0x8eb1) x13 0xc8000000
core   0: 0x8000311c (0x03184eb3) div     t4, a6, a7
core   0: 3 0x8000311c (0x03184eb3) x29 0x00000008
core   0: 0x80003120 (0x0000828d) c.srli  a3, 3
core   0: 3 0x80003120 (0x828d) x13 0x19000000
core   0: 0x80003122 (0xbf41ac93) slti    s9, gp, -1036
core   0: 3 0x80003122 (0xbf41ac93) x25 0x00000000
core   0: 0x80003126 (0x88e3a2b7) lui     t0, 0x88e3a
core   0: 3 0x80003126 (0x88e3a2b7) x 5 0x88e3a000
core   0: 0x8000312a (0x005fa033) slt     zero, t6, t0
core   0: 3 0x8000312a (0x005fa033)
core   0: 0x8000312e (0x039e8763) beq     t4, s9, pc + 46
core   0: 3 0x8000312e (0x039e8763)
core   0: 0x80003132 (0x00961813) slli    a6, a2, 9
core   0: 3 0x80003132 (0x00961813) x16 0x00000000
core   0: 0x80003136 (0x0033cb33) xor     s6, t2, gp
core   0: 3 0x80003136 (0x0033cb33) x22 0xfffffcb1
core   0: 0x8000313a (0x00000cda) c.slli  s9, 22
core   0: 3 0x8000313a (0x0cda) x25 0x00000000
core   0: 0x8000313c (0x00000cda) c.slli  s9, 22
core   0: 3 0x8000313c (0x0cda) x25 0x00000000
core   0: 0x8000313e (0x01258333) add     t1, a1, s2
core   0: 3 0x8000313e (0x01258333) x 6 0x80026ce3
core   0: 0x80003142 (0x00001908) c.addi4spn a0, sp, 176
core   0: 3 0x80003142 (0x1908) x10 0xfffffd11
core   0: 0x80003144 (0x039b06b3) mul     a3, s6, s9
core   0: 3 0x80003144 (0x039b06b3) x13 0x00000000
core   0: 0x80003148 (0x03eeb7b3) mulhu   a5, t4, t5
core   0: 3 0x80003148 (0x03eeb7b3) x15 0x00000000
core   0: 0x8000314c (0x40f85e93) srai    t4, a6, 15
core   0: 3 0x8000314c (0x40f85e93) x29 0x00000000
core   0: 0x80003150 (0x01b0b233) sltu    tp, ra, s11
core   0: 3 0x80003150 (0x01b0b233) x 4 0x00000001
core   0: 0x80003154 (0x00008e65) c.and   a2, s1
core   0: 3 0x80003154 (0x8e65) x12 0x00000000
core   0: 0x80003156 (0x0328bcb3) mulhu   s9, a7, s2
core   0: 3 0x80003156 (0x0328bcb3) x25 0x80026ce3
core   0: 0x8000315a (0x00008cb9) c.xor   s1, a4
core   0: 3 0x8000315a (0x8cb9) x 9 0xfffffe7f
core   0: 0x8000315c (0x00008ec1) c.or    a3, s0
core   0: 3 0x8000315c (0x8ec1) x13 0x00000000
core   0: 0x8000315e (0x00008de5) c.and   a1, s1
core   0: 3 0x8000315e (0x8de5) x11 0xfffffe7f
core   0: 0x80003160 (0xd0aedf37) lui     t5, 0xd0aed
core   0: 3 0x80003160 (0xd0aedf37) x30 0xd0aed000
core   0: 0x80003164 (0x000087f1) c.srai  a5, 28
core   0: 3 0x80003164 (0x87f1) x15 0x00000000
core   0: 0x80003166 (0x00ef9fb3) sll     t6, t6, a4
core   0: 3 0x80003166 (0x00ef9fb3) x31 0x00000000
core   0: 0x8000316a (0x00008ff9) c.and   a5, a4
core   0: 3 0x8000316a (0x8ff9) x15 0x00000000
core   0: 0x8000316c (0x6e224a93) xori    s5, tp, 1762
core   0: 3 0x8000316c (0x6e224a93) x21 0x000006e3
core   0: 0x80003170 (0x00008a5d) c.andi  a2, 23
core   0: 3 0x80003170 (0x8a5d) x12 0x00000000
core   0: 0x80003172 (0x00004099) c.li    ra, 6
core   0: 3 0x80003172 (0x4099) x 1 0x00000006
core   0: 0x80003174 (0x039bce33) div     t3, s7, s9
core   0: 3 0x80003174 (0x039bce33) x28 0x00000000
core   0: 0x80003178 (0x00008f41) c.or    a4, s0
core   0: 3 0x80003178 (0x8f41) x14 0xffffffff
core   0: 0x8000317a (0x006a5f63) bge     s4, t1, pc + 30
core   0: 3 0x8000317a (0x006a5f63)
core   0: 0x80003198 (0x00006159) c.addi16sp sp, 400
core   0: 3 0x80003198 (0x6159) x 2 0xfffffdf1
core   0: 0x8000319a (0x000087d1) c.srai  a5, 20
core   0: 3 0x8000319a (0x87d1) x15 0x00000000
core   0: 0x8000319c (0x0332b533) mulhu   a0, t0, s3
core   0: 3 0x8000319c (0x0332b533) x10 0x88e39ffe
core   0: 0x800031a0 (0x00008f95) c.sub   a5, a3
core   0: 3 0x800031a0 (0x8f95) x15 0x00000000
core   0: 0x800031a2 (0x0094e333) or      t1, s1, s1
core   0: 3 0x800031a2 (0x0094e333) x 6 0xfffffe7f
core   0: 0x800031a6 (0x00009d0a) c.add   s10, sp
core   0: 3 0x800031a6 (0x9d0a) x26 0xfffffdf1
core   0: 0x800031a8 (0x0ff0000f) fence   iorw,iorw
core   0: 3 0x800031a8 (0x0ff0000f)
core   0: 0x800031ac (0x000085cd) c.srai  a1, 19
core   0: 3 0x800031ac (0x85cd) x11 0xffffffff
core   0: 0x800031ae (0x01cda8b3) slt     a7, s11, t3
core   0: 3 0x800031ae (0x01cda8b3) x17 0x00000001
core   0: 0x800031b2 (0x039bd833) divu    a6, s7, s9
core   0: 3 0x800031b2 (0x039bd833) x16 0x00000001
core   0: 0x800031b6 (0x00008ee9) c.and   a3, a0
core   0: 3 0x800031b6 (0x8ee9) x13 0x00000000
core   0: 0x800031b8 (0x413b5b13) srai    s6, s6, 19
core   0: 3 0x800031b8 (0x413b5b13) x22 0xffffffff
core   0: 0x800031bc (0x015d76b3) and     a3, s10, s5
core   0: 3 0x800031bc (0x015d76b3) x13 0x000004e1
core   0: 0x800031c0 (0x0ff0000f) fence   iorw,iorw
core   0: 3 0x800031c0 (0x0ff0000f)
core   0: 0x800031c4 (0x00008f95) c.sub   a5, a3
core   0: 3 0x800031c4 (0x8f95) x15 0xfffffb1f
core   0: 0x800031c6 (0x02575033) divu    zero, a4, t0
core   0: 3 0x800031c6 (0x02575033)
core   0: 0x800031ca (0x0000020d) c.addi  tp, 3
core   0: 3 0x800031ca (0x020d) x 4 0x00000004
core   0: 0x800031cc (0x03e807b3) mul     a5, a6, t5
core   0: 3 0x800031cc (0x03e807b3) x15 0xd0aed000
core   0: 0x800031d0 (0x00001f10) c.addi4spn a2, sp, 944
core   0: 3 0x800031d0 (0x1f10) x12 0x000001a1
core   0: 0x800031d2 (0x00008395) c.srli  a5, 5
core   0: 3 0x800031d2 (0x8395) x15 0x06857680
core   0: 0x800031d4 (0x0000100f) fence.i
core   0: 3 0x800031d4 (0x0000100f)
core   0: 0x800031d8 (0x00000710) c.addi4spn a2, sp, 896
core   0: 3 0x800031d8 (0x0710) x12 0x00000171
core   0: 0x800031da (0x019a1eb3) sll     t4, s4, s9
core   0: 3 0x800031da (0x019a1eb3) x29 0x00000000
core   0: 0x800031de (0x000081a6) c.mv    gp, s1
core   0: 3 0x800031de (0x81a6) x 3 0xfffffe7f
core   0: 0x800031e0 (0x0000e98d) c.bnez  a1, pc + 50
core   0: 3 0x800031e0 (0xe98d)
core   0: 0x80003212 (0x0000815d) c.srli  a0, 23
core   0: 3 0x80003212 (0x815d) x10 0x00000111
core   0: 0x80003214 (0x000080e1) c.srli  s1, 24
core   0: 3 0x80003214 (0x80e1) x 9 0x000000ff
core   0: 0x80003216 (0x028b03b3) mul     t2, s6, s0
core   0: 3 0x80003216 (0x028b03b3) x 7 0x00000000
core   0: 0x8000321a (0x0102c733) xor     a4, t0, a6
core   0: 3 0x8000321a (0x0102c733) x14 0x88e3a001
core   0: 0x8000321e (0x0000031d) c.addi  t1, 7
core   0: 3 0x8000321e (0x031d) x 6 0xfffffe86
core   0: 0x80003220 (0x03f4fab3) remu    s5, s1, t6
core   0: 3 0x80003220 (0x03f4fab3) x21 0x000000ff
core   0: 0x80003224 (0x000087f9) c.srai  a5, 30
core   0: 3 0x80003224 (0x87f9) x15 0x00000000
core   0: 0x80003226 (0x00781e63) bne     a6, t2, pc + 28
core   0: 3 0x80003226 (0x00781e63)
core   0: 0x80003242 (0x02f7bd33) mulhu   s10, a5, a5
core   0: 3 0x80003242 (0x02f7bd33) x26 0x00000000
core   0: 0x80003246 (0x00009f36) c.add   t5, a3
core   0: 3 0x80003246 (0x9f36) x30 0xd0aed4e1
core   0: 0x80003248 (0x00ae1693) slli    a3, t3, 10
core   0: 3 0x80003248 (0x00ae1693) x13 0x00000000
core   0: 0x8000324c (0x02dd69b3) rem     s3, s10, a3
core   0: 3 0x8000324c (0x02dd69b3) x19 0x00000000
core   0: 0x80003250 (0x419a5133) sra     sp, s4, s9
core   0: 3 0x80003250 (0x419a5133) x 2 0x00000000
core   0: 0x80003254 (0x0212aa33) mulhsu  s4, t0, ra
core   0: 3 0x80003254 (0x0212aa33) x20 0xfffffffd
core   0: 0x80003258 (0x01aa1c63) bne     s4, s10, pc + 24
core   0: 3 0x80003258 (0x01aa1c63)
core   0: 0x80003270 (0x0082e733) or      a4, t0, s0
core   0: 3 0x80003270 (0x0082e733) x14 0x88e3a000
core   0: 0x80003274 (0x00000991) c.addi  s3, 4
core   0: 3 0x80003274 (0x0991) x19 0x00000004
core   0: 0x80003276 (0x00a73633) sltu    a2, a4, a0
core   0: 3 0x80003276 (0x00a73633) x12 0x00000000
core   0: 0x8000327a (0x402dd713) srai    a4, s11, 2
core   0: 3 0x8000327a (0x402dd713) x14 0xe0008b99
core   0: 0x8000327e (0x61ab6613) ori     a2, s6, 1562
core   0: 3 0x8000327e (0x61ab6613) x12 0xffffffff
core   0: 0x80003282 (0x01b3f5b3) and     a1, t2, s11
core   0: 3 0x80003282 (0x01b3f5b3) x11 0x00000000
core   0: 0x80003286 (0x0073b533) sltu    a0, t2, t2
core   0: 3 0x80003286 (0x0073b533) x10 0x00000000
core   0: 0x8000328a (0x37787393) andi    t2, a6, 887
core   0: 3 0x8000328a (0x37787393) x 7 0x00000001
core   0: 0x8000328e (0x00000159) c.addi  sp, 22
core   0: 3 0x8000328e (0x0159) x 2 0x00000016
core   0: 0x80003290 (0x023ce9b3) rem     s3, s9, gp
core   0: 3 0x80003290 (0x023ce9b3) x19 0xfffffedd
core   0: 0x80003294 (0x01d86a63) bltu    a6, t4, pc + 20
core   0: 3 0x80003294 (0x01d86a63)
core   0: 0x80003298 (0x0000c701) c.beqz  a4, pc + 8
core   0: 3 0x80003298 (0xc701)
core   0: 0x8000329a (0x00008d36) c.mv    s10, a3
core   0: 3 0x8000329a (0x8d36) x26 0x00000000
core   0: 0x8000329c (0x41835b13) srai    s6, t1, 24
core   0: 3 0x8000329c (0x41835b13) x22 0xffffffff
core   0: 0x800032a0 (0x0145b1b3) sltu    gp, a1, s4
core   0: 3 0x800032a0 (0x0145b1b3) x 3 0x00000001
core   0: 0x800032a4 (0x00008d01) c.sub   a0, s0
core   0: 3 0x800032a4 (0x8d01) x10 0x00000000
core   0: 0x800032a6 (0x0000c515) c.beqz  a0, pc + 44
core   0: 3 0x800032a6 (0xc515)
core   0: 0x800032d2 (0x0258dc33) divu    s8, a7, t0
core   0: 3 0x800032d2 (0x0258dc33) x24 0x00000000
core   0: 0x800032d6 (0x01918763) beq     gp, s9, pc + 14
core   0: 3 0x800032d6 (0x01918763)
core   0: 0x800032da (0x003dd1b3) srl     gp, s11, gp
core   0: 3 0x800032da (0x003dd1b3) x 3 0x40011732
core   0: 0x800032de (0x00000822) c.slli  a6, 8
core   0: 3 0x800032de (0x0822) x16 0x00000100
core   0: 0x800032e0 (0x008ed313) srli    t1, t4, 8
core   0: 3 0x800032e0 (0x008ed313) x 6 0x00000000
core   0: 0x800032e4 (0x0000829e) c.mv    t0, t2
core   0: 3 0x800032e4 (0x829e) x 5 0x00000001
core   0: 0x800032e6 (0x01fcff63) bgeu    s9, t6, pc + 30
core   0: 3 0x800032e6 (0x01fcff63)
core   0: 0x80003304 (0x005025b3) slt     a1, zero, t0
core   0: 3 0x80003304 (0x005025b3) x11 0x00000001
core   0: 0x80003308 (0x00008d05) c.sub   a0, s1
core   0: 3 0x80003308 (0x8d05) x10 0xffffff01
core   0: 0x8000330a (0x40cf0d33) sub     s10, t5, a2
core   0: 3 0x8000330a (0x40cf0d33) x26 0xd0aed4e2
core   0: 0x8000330e (0x038c9263) bne     s9, s8, pc + 36
core   0: 3 0x8000330e (0x038c9263)
core   0: 0x80003332 (0x00008ff9) c.and   a5, a4
core   0: 3 0x80003332 (0x8ff9) x15 0x00000000
core   0: 0x80003334 (0x0000ed29) c.bnez  a0, pc + 90
core   0: 3 0x80003334 (0xed29)
core   0: 0x8000338e (0x40de8b33) sub     s6, t4, a3
core   0: 3 0x8000338e (0x40de8b33) x22 0x00000000
core   0: 0x80003392 (0x0e097137) lui     sp, 0xe097
core   0: 3 0x80003392 (0x0e097137) x 2 0x0e097000
core   0: 0x80003396 (0x00008f17) auipc   t5, 0x8
core   0: 3 0x80003396 (0x00008f17) x30 0x8000b396
core   0: 0x8000339a (0x4f8f0f13) addi    t5, t5, 1272
core   0: 3 0x8000339a (0x4f8f0f13) x30 0x8000b88e
core   0: 0x8000339e (0x00006669) c.lui   a2, 0x1a
core   0: 3 0x8000339e (0x6669) x12 0x0001a000
core   0: 0x800033a0 (0x60236113) ori     sp, t1, 1538
core   0: 3 0x800033a0 (0x60236113) x 2 0x00000602
core   0: 0x800033a4 (0x00000001) c.nop
core   0: 3 0x800033a4 (0x0001)
core   0: 0x800033a6 (0x00008cf5) c.and   s1, a3
core   0: 3 0x800033a6 (0x8cf5) x 9 0x00000000
core   0: 0x800033a8 (0xd3868313) addi    t1, a3, -712
core   0: 3 0x800033a8 (0xd3868313) x 6 0xfffffd38
core   0: 0x800033ac (0x00000001) c.nop
core   0: 3 0x800033ac (0x0001)
core   0: 0x800033ae (0x019b7d33) and     s10, s6, s9
core   0: 3 0x800033ae (0x019b7d33) x26 0x00000000
core   0: 0x800033b2 (0x41005533) sra     a0, zero, a6
core   0: 3 0x800033b2 (0x41005533) x10 0x00000000
core   0: 0x800033b6 (0x01d062b3) or      t0, zero, t4
core   0: 3 0x800033b6 (0x01d062b3) x 5 0x00000000
core   0: 0x800033ba (0xfd3f0f13) addi    t5, t5, -45
core   0: 3 0x800033ba (0xfd3f0f13) x30 0x8000b861
core   0: 0x800033be (0x015b6463) bltu    s6, s5, pc + 8
core   0: 3 0x800033be (0x015b6463)
core   0: 0x800033c6 (0x02df0367) jalr    t1, t5, 45
core   0: 3 0x800033c6 (0x02df0367) x 6 0x800033ca
core   0: 0x8000b88e (0x00001db1) c.addi  s11, -20
core   0: 3 0x8000b88e (0x1db1) x27 0x80022e50
core   0: 0x8000b890 (0x00ae3c33) sltu    s8, t3, a0
core   0: 3 0x8000b890 (0x00ae3c33) x24 0x00000000
core   0: 0x8000b894 (0x409c5f13) srai    t5, s8, 9
core   0: 3 0x8000b894 (0x409c5f13) x30 0x00000000
core   0: 0x8000b898 (0x006da223) sw      t1, 4(s11)
core   0: 3 0x8000b898 (0x006da223) mem 0x80022e54 0x800033ca
core   0: 0x8000b89c (0x53ee8b93) addi    s7, t4, 1342
core   0: 3 0x8000b89c (0x53ee8b93) x23 0x0000053e
core   0: 0x8000b8a0 (0x0000088d) c.addi  a7, 3
core   0: 3 0x8000b8a0 (0x088d) x17 0x00000004
core   0: 0x8000b8a2 (0x5139c397) auipc   t2, 0x5139c
core   0: 3 0x8000b8a2 (0x5139c397) x 7 0xd13a78a2
core   0: 0x8000b8a6 (0x00000001) c.nop
core   0: 3 0x8000b8a6 (0x0001)
core   0: 0x8000b8a8 (0x00000001) c.nop
core   0: 3 0x8000b8a8 (0x0001)
core   0: 0x8000b8aa (0x00000001) c.nop
core   0: 3 0x8000b8aa (0x0001)
core   0: 0x8000b8ac (0x001f5b33) srl     s6, t5, ra
core   0: 3 0x8000b8ac (0x001f5b33) x22 0x00000000
core   0: 0x8000b8b0 (0xff700513) li      a0, -9
core   0: 3 0x8000b8b0 (0xff700513) x10 0xfffffff7
core   0: 0x8000b8b4 (0x00000001) c.nop
core   0: 3 0x8000b8b4 (0x0001)
core   0: 0x8000b8b6 (0x00008c89) c.sub   s1, a0
core   0: 3 0x8000b8b6 (0x8c89) x 9 0x00000009
core   0: 0x8000b8b8 (0x00008f59) c.or    a4, a4
core   0: 3 0x8000b8b8 (0x8f59) x14 0xe0008b99
core   0: 0x8000b8ba (0x00000505) c.addi  a0, 1
core   0: 3 0x8000b8ba (0x0505) x10 0xfffffff8
core   0: 0x8000b8bc (0x0000dd75) c.beqz  a0, pc - 4
core   0: 3 0x8000b8bc (0xdd75)
core   0: 0x8000b8be (0x00008cb1) c.xor   s1, a2
core   0: 3 0x8000b8be (0x8cb1) x 9 0x0001a009
core   0: 0x8000b8c0 (0x00008e2d) c.xor   a2, a1
core   0: 3 0x8000b8c0 (0x8e2d) x12 0x0001a001
core   0: 0x8000b8c2 (0x0000617d) c.addi16sp sp, 496
core   0: 3 0x8000b8c2 (0x617d) x 2 0x000007f2
core   0: 0x8000b8c4 (0x52917713) andi    a4, sp, 1321
core   0: 3 0x8000b8c4 (0x52917713) x14 0x00000520
core   0: 0x8000b8c8 (0x000099e2) c.add   s3, s8
core   0: 3 0x8000b8c8 (0x99e2) x19 0xfffffedd
core   0: 0x8000b8ca (0x0000cc8d) c.beqz  s1, pc + 58
core   0: 3 0x8000b8ca (0xcc8d)
core   0: 0x8000b8cc (0x03872333) mulhsu  t1, a4, s8
core   0: 3 0x8000b8cc (0x03872333) x 6 0x00000000
core   0: 0x8000b8d0 (0x414488b3) sub     a7, s1, s4
core   0: 3 0x8000b8d0 (0x414488b3) x17 0x0001a00c
core   0: 0x8000b8d4 (0x0000ee91) c.bnez  a3, pc + 28
core   0: 3 0x8000b8d4 (0xee91)
core   0: 0x8000b8d6 (0x02154eb3) div     t4, a0, ra
core   0: 3 0x8000b8d6 (0x02154eb3) x29 0xffffffff
core   0: 0x8000b8da (0x00008e39) c.xor   a2, a4
core   0: 3 0x8000b8da (0x8e39) x12 0x0001a521
core   0: 0x8000b8dc (0x00b91c13) slli    s8, s2, 11
core   0: 3 0x8000b8dc (0x00b91c13) x24 0x13672000
core   0: 0x8000b8e0 (0x00c20463) beq     tp, a2, pc + 8
core   0: 3 0x8000b8e0 (0x00c20463)
core   0: 0x8000b8e4 (0x00008549) c.srai  a0, 18
core   0: 3 0x8000b8e4 (0x8549) x10 0xffffffff
core   0: 0x8000b8e6 (0x00008bb6) c.mv    s7, a3
core   0: 3 0x8000b8e6 (0x8bb6) x23 0x00000000
core   0: 0x8000b8e8 (0x01953c33) sltu    s8, a0, s9
core   0: 3 0x8000b8e8 (0x01953c33) x24 0x00000000
core   0: 0x8000b8ec (0x004c74b3) and     s1, s8, tp
core   0: 3 0x8000b8ec (0x004c74b3) x 9 0x00000000
core   0: 0x8000b8f0 (0x027b7063) bgeu    s6, t2, pc + 32
core   0: 3 0x8000b8f0 (0x027b7063)
core   0: 0x8000b8f4 (0x02ec81b3) mul     gp, s9, a4
core   0: 3 0x8000b8f4 (0x02ec81b3) x 3 0x0c6e0b60
core   0: 0x8000b8f8 (0x00008cd9) c.or    s1, a4
core   0: 3 0x8000b8f8 (0x8cd9) x 9 0x00000520
core   0: 0x8000b8fa (0x56040c17) auipc   s8, 0x56040
core   0: 3 0x8000b8fa (0x56040c17) x24 0xd604b8fa
core   0: 0x8000b8fe (0x0183c3b3) xor     t2, t2, s8
core   0: 3 0x8000b8fe (0x0183c3b3) x 7 0x073ec058
core   0: 0x8000b902 (0x000086e5) c.srai  a3, 25
core   0: 3 0x8000b902 (0x86e5) x13 0x00000000
core   0: 0x8000b904 (0x00008fed) c.and   a5, a1
core   0: 3 0x8000b904 (0x8fed) x15 0x00000000
core   0: 0x8000b906 (0x00008615) c.srai  a2, 5
core   0: 3 0x8000b906 (0x8615) x12 0x00000d29
core   0: 0x8000b908 (0x009fab33) slt     s6, t6, s1
core   0: 3 0x8000b908 (0x009fab33) x22 0x00000001
core   0: 0x8000b90c (0x41ec5f93) srai    t6, s8, 30
core   0: 3 0x8000b90c (0x41ec5f93) x31 0xffffffff
core   0: 0x8000b910 (0x009f4663) blt     t5, s1, pc + 12
core   0: 3 0x8000b910 (0x009f4663)
core   0: 0x8000b91c (0xd531ab13) slti    s6, gp, -685
core   0: 3 0x8000b91c (0xd531ab13) x22 0x00000000
core   0: 0x8000b920 (0x00008d1d) c.sub   a0, a5
core   0: 3 0x8000b920 (0x8d1d) x10 0xffffffff
core   0: 0x8000b922 (0x02ef28b3) mulhsu  a7, t5, a4
core   0: 3 0x8000b922 (0x02ef28b3) x17 0x00000000
core   0: 0x8000b926 (0x00008ee5) c.and   a3, s1
core   0: 3 0x8000b926 (0x8ee5) x13 0x00000000
core   0: 0x8000b928 (0x0000ca0d) c.beqz  a2, pc + 50
core   0: 3 0x8000b928 (0xca0d)
core   0: 0x8000b92a (0xfe55c993) xori    s3, a1, -27
core   0: 3 0x8000b92a (0xfe55c993) x19 0xffffffe4
core   0: 0x8000b92e (0x00008ee6) c.mv    t4, s9
core   0: 3 0x8000b92e (0x8ee6) x29 0x80026ce3
core   0: 0x8000b930 (0x00129a63) bne     t0, ra, pc + 20
core   0: 3 0x8000b930 (0x00129a63)
core   0: 0x8000b944 (0x00000001) c.nop
core   0: 3 0x8000b944 (0x0001)
core   0: 0x8000b946 (0x00008e55) c.or    a2, a3
core   0: 3 0x8000b946 (0x8e55) x12 0x00000d29
core   0: 0x8000b948 (0x40998cb3) sub     s9, s3, s1
core   0: 3 0x8000b948 (0x40998cb3) x25 0xfffffac4
core   0: 0x8000b94c (0x00aab033) sltu    zero, s5, a0
core   0: 3 0x8000b94c (0x00aab033)
core   0: 0x8000b950 (0x00008c99) c.sub   s1, a4
core   0: 3 0x8000b950 (0x8c99) x 9 0x00000000
core   0: 0x8000b952 (0xe479ef13) ori     t5, s3, -441
core   0: 3 0x8000b952 (0xe479ef13) x30 0xffffffe7
core   0: 0x8000b956 (0x01e115b3) sll     a1, sp, t5
core   0: 3 0x8000b956 (0x01e115b3) x11 0x0003f900
core   0: 0x8000b95a (0x010a0ab3) add     s5, s4, a6
core   0: 3 0x8000b95a (0x010a0ab3) x21 0x000000fd
core   0: 0x8000b95e (0x004da303) lw      t1, 4(s11)
core   0: 3 0x8000b95e (0x004da303) x 6 0x800033ca mem 0x80022e54
core   0: 0x8000b962 (0x00008e9a) c.mv    t4, t1
core   0: 3 0x8000b962 (0x8e9a) x29 0x800033ca
core   0: 0x8000b964 (0x4097d033) sra     zero, a5, s1
core   0: 3 0x8000b964 (0x4097d033)
core   0: 0x8000b968 (0x034ddf33) divu    t5, s11, s4
core   0: 3 0x8000b968 (0x034ddf33) x30 0x00000000
core   0: 0x8000b96c (0x0eb0e613) ori     a2, ra, 235
core   0: 3 0x8000b96c (0x0eb0e613) x12 0x000000ef
core   0: 0x8000b970 (0x03ed1833) mulh    a6, s10, t5
core   0: 3 0x8000b970 (0x03ed1833) x16 0x00000000
core   0: 0x8000b974 (0x41f20d33) sub     s10, tp, t6
core   0: 3 0x8000b974 (0x41f20d33) x26 0x00000005
core   0: 0x8000b978 (0x00000dd1) c.addi  s11, 20
core   0: 3 0x8000b978 (0x0dd1) x27 0x80022e64
core   0: 0x8000b97a (0x02507533) remu    a0, zero, t0
core   0: 3 0x8000b97a (0x02507533) x10 0x00000000
core   0: 0x8000b97e (0x00130c93) addi    s9, t1, 1
core   0: 3 0x8000b97e (0x00130c93) x25 0x800033cb
core   0: 0x8000b982 (0x00009c82) c.jalr  s9
core   0: 3 0x8000b982 (0x9c82) x 1 0x8000b984
core   0: 0x800033ca (0x00740233) add     tp, s0, t2
core   0: 3 0x800033ca (0x00740233) x 4 0x073ec058
core   0: 0x800033ce (0x003485b3) add     a1, s1, gp
core   0: 3 0x800033ce (0x003485b3) x11 0x0c6e0b60
core   0: 0x800033d2 (0x001550b3) srl     ra, a0, ra
core   0: 3 0x800033d2 (0x001550b3) x 1 0x00000000
core   0: 0x800033d6 (0x00d70033) add     zero, a4, a3
core   0: 3 0x800033d6 (0x00d70033)
core   0: 0x800033da (0x0000127d) c.addi  tp, -1
core   0: 3 0x800033da (0x127d) x 4 0x073ec057
core   0: 0x800033dc (0x02add063) bge     s11, a0, pc + 32
core   0: 3 0x800033dc (0x02add063)
core   0: 0x800033e0 (0x0000e195) c.bnez  a1, pc + 36
core   0: 3 0x800033e0 (0xe195)
core   0: 0x80003404 (0x00008d45) c.or    a0, s1
core   0: 3 0x80003404 (0x8d45) x10 0x00000000
core   0: 0x80003406 (0x00000001) c.nop
core   0: 3 0x80003406 (0x0001)
core   0: 0x80003408 (0x00008d89) c.sub   a1, a0
core   0: 3 0x80003408 (0x8d89) x11 0x0c6e0b60
core   0: 0x8000340a (0x1c47a813) slti    a6, a5, 452
core   0: 3 0x8000340a (0x1c47a813) x16 0x00000001
core   0: 0x8000340e (0x000083d5) c.srli  a5, 21
core   0: 3 0x8000340e (0x83d5) x15 0x00000000
core   0: 0x80003410 (0x0155df33) srl     t5, a1, s5
core   0: 3 0x80003410 (0x0155df33) x30 0x00000000
core   0: 0x80003414 (0x00009afd) c.andi  a3, -1
core   0: 3 0x80003414 (0x9afd) x13 0x00000000
core   0: 0x80003416 (0x01fdb0b3) sltu    ra, s11, t6
core   0: 3 0x80003416 (0x01fdb0b3) x 1 0x00000001
core   0: 0x8000341a (0x00008e25) c.xor   a2, s1
core   0: 3 0x8000341a (0x8e25) x12 0x000000ef
core   0: 0x8000341c (0x00000001) c.nop
core   0: 3 0x8000341c (0x0001)
core   0: 0x8000341e (0x00008fb1) c.xor   a5, a2
core   0: 3 0x8000341e (0x8fb1) x15 0x000000ef
core   0: 0x80003420 (0x00008d2d) c.xor   a0, a1
core   0: 3 0x80003420 (0x8d2d) x10 0x0c6e0b60
core   0: 0x80003422 (0x02fd66b3) rem     a3, s10, a5
core   0: 3 0x80003422 (0x02fd66b3) x13 0x00000005
core   0: 0x80003426 (0x01b6dcb3) srl     s9, a3, s11
core   0: 3 0x80003426 (0x01b6dcb3) x25 0x00000000
core   0: 0x8000342a (0xe3e2a193) slti    gp, t0, -450
core   0: 3 0x8000342a (0xe3e2a193) x 3 0x00000000
core   0: 0x8000342e (0x014fe2b3) or      t0, t6, s4
core   0: 3 0x8000342e (0x014fe2b3) x 5 0xffffffff
core   0: 0x80003432 (0x023a55b3) divu    a1, s4, gp
core   0: 3 0x80003432 (0x023a55b3) x11 0xffffffff
core   0: 0x80003436 (0x0000037d) c.addi  t1, 31
core   0: 3 0x80003436 (0x037d) x 6 0x800033e9
core   0: 0x80003438 (0x0ff0000f) fence   iorw,iorw
core   0: 3 0x80003438 (0x0ff0000f)
core   0: 0x8000343c (0x02fdf863) bgeu    s11, a5, pc + 48
core   0: 3 0x8000343c (0x02fdf863)
core   0: 0x8000346c (0x00eca5b3) slt     a1, s9, a4
core   0: 3 0x8000346c (0x00eca5b3) x11 0x00000001
core   0: 0x80003470 (0x0236a7b3) mulhsu  a5, a3, gp
core   0: 3 0x80003470 (0x0236a7b3) x15 0x00000000
core   0: 0x80003474 (0x1ba36c13) ori     s8, t1, 442
core   0: 3 0x80003474 (0x1ba36c13) x24 0x800033fb
core   0: 0x80003478 (0x00616533) or      a0, sp, t1
core   0: 3 0x80003478 (0x00616533) x10 0x800037fb
core   0: 0x8000347c (0x00008d85) c.sub   a1, s1
core   0: 3 0x8000347c (0x8d85) x11 0x00000001
core   0: 0x8000347e (0x418a09b3) sub     s3, s4, s8
core   0: 3 0x8000347e (0x418a09b3) x19 0x7fffcc02
core   0: 0x80003482 (0x00005c7d) c.li    s8, -1
core   0: 3 0x80003482 (0x5c7d) x24 0xffffffff
core   0: 0x80003484 (0x00000799) c.addi  a5, 6
core   0: 3 0x80003484 (0x0799) x15 0x00000006
core   0: 0x80003486 (0x0175d993) srli    s3, a1, 23
core   0: 3 0x80003486 (0x0175d993) x19 0x00000000
core   0: 0x8000348a (0x00000001) c.nop
core   0: 3 0x8000348a (0x0001)
core   0: 0x8000348c (0x000080f9) c.srli  s1, 30
core   0: 3 0x8000348c (0x80f9) x 9 0x00000000
core   0: 0x8000348e (0x00009baa) c.add   s7, a0
core   0: 3 0x8000348e (0x9baa) x23 0x800037fb
core   0: 0x80003490 (0x02546eb3) rem     t4, s0, t0
core   0: 3 0x80003490 (0x02546eb3) x29 0x00000000
core   0: 0x80003494 (0x04eed263) bge     t4, a4, pc + 68
core   0: 3 0x80003494 (0x04eed263)
core   0: 0x80003498 (0x00000001) c.nop
core   0: 3 0x80003498 (0x0001)
core   0: 0x8000349a (0x01e9fe63) bgeu    s3, t5, pc + 28
core   0: 3 0x8000349a (0x01e9fe63)
core   0: 0x800034b6 (0x034276b3) remu    a3, tp, s4
core   0: 3 0x800034b6 (0x034276b3) x13 0x073ec057
core   0: 0x800034ba (0x0177c6b3) xor     a3, a5, s7
core   0: 3 0x800034ba (0x0177c6b3) x13 0x800037fd
core   0: 0x800034be (0x00000001) c.nop
core   0: 3 0x800034be (0x0001)
core   0: 0x800034c0 (0x007f7863) bgeu    t5, t2, pc + 16
core   0: 3 0x800034c0 (0x007f7863)
core   0: 0x800034c4 (0x0118bd33) sltu    s10, a7, a7
core   0: 3 0x800034c4 (0x0118bd33) x26 0x00000000
core   0: 0x800034c8 (0x00675c33) srl     s8, a4, t1
core   0: 3 0x800034c8 (0x00675c33) x24 0x00000002
core   0: 0x800034cc (0x003e5d33) srl     s10, t3, gp
core   0: 3 0x800034cc (0x003e5d33) x26 0x00000000
core   0: 0x800034d0 (0x00006c49) c.lui   s8, 0x12
core   0: 3 0x800034d0 (0x6c49) x24 0x00012000
core   0: 0x800034d2 (0x029eda33) divu    s4, t4, s1
core   0: 3 0x800034d2 (0x029eda33) x20 0xffffffff
core   0: 0x800034d6 (0x00009a36) c.add   s4, a3
core   0: 3 0x800034d6 (0x9a36) x20 0x800037fc
core   0: 0x800034d8 (0x02984533) div     a0, a6, s1
core   0: 3 0x800034d8 (0x02984533) x10 0xffffffff
core   0: 0x800034dc (0x0120b8b3) sltu    a7, ra, s2
core   0: 3 0x800034dc (0x0120b8b3) x17 0x00000001
core   0: 0x800034e0 (0x00008151) c.srli  a0, 20
core   0: 3 0x800034e0 (0x8151) x10 0x00000fff
core   0: 0x800034e2 (0x00004cb5) c.li    s9, 13
core   0: 3 0x800034e2 (0x4cb5) x25 0x0000000d
core   0: 0x800034e4 (0x001739b3) sltu    s3, a4, ra
core   0: 3 0x800034e4 (0x001739b3) x19 0x00000000
core   0: 0x800034e8 (0x00008ed5) c.or    a3, a3
core   0: 3 0x800034e8 (0x8ed5) x13 0x800037fd
core   0: 0x800034ea (0x007f9ab3) sll     s5, t6, t2
core   0: 3 0x800034ea (0x007f9ab3) x21 0xff000000
core   0: 0x800034ee (0x0ff0000f) fence   iorw,iorw
core   0: 3 0x800034ee (0x0ff0000f)
core   0: 0x800034f2 (0x00006f2d) c.lui   t5, 0xb
core   0: 3 0x800034f2 (0x6f2d) x30 0x0000b000
core   0: 0x800034f4 (0x02bd99b3) mulh    s3, s11, a1
core   0: 3 0x800034f4 (0x02bd99b3) x19 0xffffffff
core   0: 0x800034f8 (0x00001c0c) c.addi4spn a1, sp, 560
core   0: 3 0x800034f8 (0x1c0c) x11 0x00000a22
core   0: 0x800034fa (0x02a66d33) rem     s10, a2, a0
core   0: 3 0x800034fa (0x02a66d33) x26 0x000000ef
core   0: 0x800034fe (0xc32e3313) sltiu   t1, t3, -974
core   0: 3 0x800034fe (0xc32e3313) x 6 0x00000001
core   0: 0x80003502 (0x000088e1) c.andi  s1, 24
core   0: 3 0x80003502 (0x88e1) x 9 0x00000000
core   0: 0x80003504 (0x00161f93) slli    t6, a2, 1
core   0: 3 0x80003504 (0x00161f93) x31 0x000001de
core   0: 0x80003508 (0x0000100f) fence.i
core   0: 3 0x80003508 (0x0000100f)
core   0: 0x8000350c (0x00000f88) c.addi4spn a0, sp, 976
core   0: 3 0x8000350c (0x0f88) x10 0x00000bc2
core   0: 0x8000350e (0x0000ec81) c.bnez  s1, pc + 24
core   0: 3 0x8000350e (0xec81)
core   0: 0x80003510 (0x038f8963) beq     t6, s8, pc + 50
core   0: 3 0x80003510 (0x038f8963)
core   0: 0x80003514 (0x73512c93) slti    s9, sp, 1845
core   0: 3 0x80003514 (0x73512c93) x25 0x00000000
core   0: 0x80003518 (0x00d6dbb3) srl     s7, a3, a3
core   0: 3 0x80003518 (0x00d6dbb3) x23 0x00000004
core   0: 0x8000351c (0x00135113) srli    sp, t1, 1
core   0: 3 0x8000351c (0x00135113) x 2 0x00000000
core   0: 0x80003520 (0x00008cdd) c.or    s1, a5
core   0: 3 0x80003520 (0x8cdd) x 9 0x00000006
core   0: 0x80003522 (0x00cf7f33) and     t5, t5, a2
core   0: 3 0x80003522 (0x00cf7f33) x30 0x00000000
core   0: 0x80003526 (0xaec47017) auipc   zero, 0xaec47
core   0: 3 0x80003526 (0xaec47017)
core   0: 0x8000352a (0x77caf097) auipc   ra, 0x77caf
core   0: 3 0x8000352a (0x77caf097) x 1 0xf7cb252a
core   0: 0x8000352e (0x41addf13) srai    t5, s11, 26
core   0: 3 0x8000352e (0x41addf13) x30 0xffffffe0
core   0: 0x80003532 (0x00d51e93) slli    t4, a0, 13
core   0: 3 0x80003532 (0x00d51e93) x29 0x01784000
core   0: 0x80003536 (0x00008add) c.andi  a3, 23
core   0: 3 0x80003536 (0x8add) x13 0x00000015
core   0: 0x80003538 (0x0000e589) c.bnez  a1, pc + 10
core   0: 3 0x80003538 (0xe589)
core   0: 0x80003542 (0x0000913e) c.add   sp, a5
core   0: 3 0x80003542 (0x913e) x 2 0x00000006
core   0: 0x80003544 (0xda99a893) slti    a7, s3, -599
core   0: 3 0x80003544 (0xda99a893) x17 0x00000000
core   0: 0x80003548 (0x00000001) c.nop
core   0: 3 0x80003548 (0x0001)
core   0: 0x8000354a (0x02f24b63) blt     tp, a5, pc + 54
core   0: 3 0x8000354a (0x02f24b63)
core   0: 0x8000354e (0x41dbd593) srai    a1, s7, 29
core   0: 3 0x8000354e (0x41dbd593) x11 0x00000000
core   0: 0x80003552 (0xbdc03c13) sltiu   s8, zero, -1060
core   0: 3 0x80003552 (0xbdc03c13) x24 0x00000001
core   0: 0x80003556 (0x0226a6b3) mulhsu  a3, a3, sp
core   0: 3 0x80003556 (0x0226a6b3) x13 0x00000000
core   0: 0x8000355a (0x00216f63) bltu    sp, sp, pc + 30
core   0: 3 0x8000355a (0x00216f63)
core   0: 0x8000355e (0x00e2ef33) or      t5, t0, a4
core   0: 3 0x8000355e (0x00e2ef33) x30 0xffffffff
core   0: 0x80003562 (0xa5e94813) xori    a6, s2, -1442
core   0: 3 0x80003562 (0xa5e94813) x16 0x7ffd96ba
core   0: 0x80003566 (0x003511b3) sll     gp, a0, gp
core   0: 3 0x80003566 (0x003511b3) x 3 0x00000bc2
core   0: 0x8000356a (0x025e1e33) mulh    t3, t3, t0
core   0: 3 0x8000356a (0x025e1e33) x28 0x00000000
core   0: 0x8000356e (0x0227eab3) rem     s5, a5, sp
core   0: 3 0x8000356e (0x0227eab3) x21 0x00000000
core   0: 0x80003572 (0x00000e19) c.addi  t3, 6
core   0: 3 0x80003572 (0x0e19) x28 0x00000006
core   0: 0x80003574 (0x013ccb33) xor     s6, s9, s3
core   0: 3 0x80003574 (0x013ccb33) x22 0xffffffff
core   0: 0x80003578 (0x00008159) c.srli  a0, 22
core   0: 3 0x80003578 (0x8159) x10 0x00000000
core   0: 0x8000357a (0x00008ee6) c.mv    t4, s9
core   0: 3 0x8000357a (0x8ee6) x29 0x00000000
core   0: 0x8000357c (0x01350a33) add     s4, a0, s3
core   0: 3 0x8000357c (0x01350a33) x20 0xffffffff
core   0: 0x80003580 (0x00c73133) sltu    sp, a4, a2
core   0: 3 0x80003580 (0x00c73133) x 2 0x00000000
core   0: 0x80003584 (0x00682633) slt     a2, a6, t1
core   0: 3 0x80003584 (0x00682633) x12 0x00000000
core   0: 0x80003588 (0x0b83a713) slti    a4, t2, 184
core   0: 3 0x80003588 (0x0b83a713) x14 0x00000000
core   0: 0x8000358c (0x0000e4a1) c.bnez  s1, pc + 72
core   0: 3 0x8000358c (0xe4a1)
core   0: 0x800035d4 (0x037f16b3) mulh    a3, t5, s7
core   0: 3 0x800035d4 (0x037f16b3) x13 0xffffffff
core   0: 0x800035d8 (0x02c10f63) beq     sp, a2, pc + 62
core   0: 3 0x800035d8 (0x02c10f63)
core   0: 0x80003616 (0x0ff0000f) fence   iorw,iorw
core   0: 3 0x80003616 (0x0ff0000f)
core   0: 0x8000361a (0x00008332) c.mv    t1, a2
core   0: 3 0x8000361a (0x8332) x 6 0x00000000
core   0: 0x8000361c (0x0000c095) c.beqz  s1, pc + 36
core   0: 3 0x8000361c (0xc095)
core   0: 0x8000361e (0x00008e2a) c.mv    t3, a0
core   0: 3 0x8000361e (0x8e2a) x28 0x00000000
core   0: 0x80003620 (0x0ff0000f) fence   iorw,iorw
core   0: 3 0x80003620 (0x0ff0000f)
core   0: 0x80003624 (0x0000e919) c.bnez  a0, pc + 22
core   0: 3 0x80003624 (0xe919)
core   0: 0x80003626 (0x01069493) slli    s1, a3, 16
core   0: 3 0x80003626 (0x01069493) x 9 0xffff0000
core   0: 0x8000362a (0x00008519) c.srai  a0, 6
core   0: 3 0x8000362a (0x8519) x10 0x00000000
core   0: 0x8000362c (0x0287ff33) remu    t5, a5, s0
core   0: 3 0x8000362c (0x0287ff33) x30 0x00000006
core   0: 0x80003630 (0x0042dcb3) srl     s9, t0, tp
core   0: 3 0x80003630 (0x0042dcb3) x25 0x000001ff
core   0: 0x80003634 (0x00000001) c.nop
core   0: 3 0x80003634 (0x0001)
core   0: 0x80003636 (0x03211163) bne     sp, s2, pc + 34
core   0: 3 0x80003636 (0x03211163)
core   0: 0x80003658 (0x03fc94b3) mulh    s1, s9, t6
core   0: 3 0x80003658 (0x03fc94b3) x 9 0x00000000
core   0: 0x8000365c (0x474b4493) xori    s1, s6, 1140
core   0: 3 0x8000365c (0x474b4493) x 9 0xfffffb8b
core   0: 0x80003660 (0x01914463) blt     sp, s9, pc + 8
core   0: 3 0x80003660 (0x01914463)
core   0: 0x80003668 (0x0192dfb3) srl     t6, t0, s9
core   0: 3 0x80003668 (0x0192dfb3) x31 0x00000001
core   0: 0x8000366c (0x742b7313) andi    t1, s6, 1858
core   0: 3 0x8000366c (0x742b7313) x 6 0x00000742
core   0: 0x80003670 (0x00001204) c.addi4spn s1, sp, 288
core   0: 3 0x80003670 (0x1204) x 9 0x00000120
core   0: 0x80003672 (0x0000c911) c.beqz  a0, pc + 20
core   0: 3 0x80003672 (0xc911)
core   0: 0x80003686 (0x0000cc81) c.beqz  s1, pc + 24
core   0: 3 0x80003686 (0xcc81)
core   0: 0x80003688 (0x00008cd1) c.or    s1, a2
core   0: 3 0x80003688 (0x8cd1) x 9 0x00000120
core   0: 0x8000368a (0x01038d63) beq     t2, a6, pc + 26
core   0: 3 0x8000368a (0x01038d63)
core   0: 0x8000368e (0x00709293) slli    t0, ra, 7
core   0: 3 0x8000368e (0x00709293) x 5 0xe5929500
core   0: 0x80003692 (0x70644113) xori    sp, s0, 1798
core   0: 3 0x80003692 (0x70644113) x 2 0x00000706
core   0: 0x80003696 (0x0000ee11) c.bnez  a2, pc + 28
core   0: 3 0x80003696 (0xee11)
core   0: 0x80003698 (0x00008e2d) c.xor   a2, a1
core   0: 3 0x80003698 (0x8e2d) x12 0x00000000
core   0: 0x8000369a (0x00683a33) sltu    s4, a6, t1
core   0: 3 0x8000369a (0x00683a33) x20 0x00000000
core   0: 0x8000369e (0x1b154817) auipc   a6, 0x1b154
core   0: 3 0x8000369e (0x1b154817) x16 0x9b15769e
core   0: 0x800036a2 (0x0000e505) c.bnez  a0, pc + 40
core   0: 3 0x800036a2 (0xe505)
core   0: 0x800036a4 (0x40b401b3) sub     gp, s0, a1
core   0: 3 0x800036a4 (0x40b401b3) x 3 0x00000000
core   0: 0x800036a8 (0x6f5a2a93) slti    s5, s4, 1781
core   0: 3 0x800036a8 (0x6f5a2a93) x21 0x00000001
core   0: 0x800036ac (0x00008cd9) c.or    s1, a4
core   0: 3 0x800036ac (0x8cd9) x 9 0x00000120
core   0: 0x800036ae (0x010e8c33) add     s8, t4, a6
core   0: 3 0x800036ae (0x010e8c33) x24 0x9b15769e
core   0: 0x800036b2 (0x001df663) bgeu    s11, ra, pc + 12
core   0: 3 0x800036b2 (0x001df663)
core   0: 0x800036b6 (0x00000001) c.nop
core   0: 3 0x800036b6 (0x0001)
core   0: 0x800036b8 (0x00001b10) c.addi4spn a2, sp, 432
core   0: 3 0x800036b8 (0x1b10) x12 0x000008b6
core   0: 0x800036ba (0x0000100f) fence.i
core   0: 3 0x800036ba (0x0000100f)
core   0: 0x800036be (0x036e99b3) mulh    s3, t4, s6
core   0: 3 0x800036be (0x036e99b3) x19 0x00000000
core   0: 0x800036c2 (0x02a356b3) divu    a3, t1, a0
core   0: 3 0x800036c2 (0x02a356b3) x13 0xffffffff
core   0: 0x800036c6 (0x00009b7d) c.andi  a4, -1
core   0: 3 0x800036c6 (0x9b7d) x14 0x00000000
core   0: 0x800036c8 (0x0000614d) c.addi16sp sp, 176
core   0: 3 0x800036c8 (0x614d) x 2 0x000007b6
core   0: 0x800036ca (0x01e29c33) sll     s8, t0, t5
core   0: 3 0x800036ca (0x01e29c33) x24 0x64a54000
core   0: 0x800036ce (0x00000001) c.nop
core   0: 3 0x800036ce (0x0001)
core   0: 0x800036d0 (0x02e9cab3) div     s5, s3, a4
core   0: 3 0x800036d0 (0x02e9cab3) x21 0xffffffff
core   0: 0x800036d4 (0x415fd2b3) sra     t0, t6, s5
core   0: 3 0x800036d4 (0x415fd2b3) x 5 0x00000000
core   0: 0x800036d8 (0x05cbd163) bge     s7, t3, pc + 66
core   0: 3 0x800036d8 (0x05cbd163)
core   0: 0x8000371a (0x000059fd) c.li    s3, -1
core   0: 3 0x8000371a (0x59fd) x19 0xffffffff
core   0: 0x8000371c (0x0000eb0d) c.bnez  a4, pc + 50
core   0: 3 0x8000371c (0xeb0d)
core   0: 0x8000371e (0x7bc4f213) andi    tp, s1, 1980
core   0: 3 0x8000371e (0x7bc4f213) x 4 0x00000120
core   0: 0x80003722 (0x00008fe9) c.and   a5, a0
core   0: 3 0x80003722 (0x8fe9) x15 0x00000000
core   0: 0x80003724 (0x02af3f33) mulhu   t5, t5, a0
core   0: 3 0x80003724 (0x02af3f33) x30 0x00000000
core   0: 0x80003728 (0x9346c117) auipc   sp, 0x9346c
core   0: 3 0x80003728 (0x9346c117) x 2 0x1346f728
core   0: 0x8000372c (0x029c6cb3) rem     s9, s8, s1
core   0: 3 0x8000372c (0x029c6cb3) x25 0x000000e0
core   0: 0x80003730 (0x00b379b3) and     s3, t1, a1
core   0: 3 0x80003730 (0x00b379b3) x19 0x00000000
core   0: 0x80003734 (0x00d50033) add     zero, a0, a3
core   0: 3 0x80003734 (0x00d50033)
core   0: 0x80003738 (0x000057fd) c.li    a5, -1
core   0: 3 0x80003738 (0x57fd) x15 0xffffffff
core   0: 0x8000373a (0x00008671) c.srai  a2, 28
core   0: 3 0x8000373a (0x8671) x12 0x00000000
core   0: 0x8000373c (0x0093c663) blt     t2, s1, pc + 12
core   0: 3 0x8000373c (0x0093c663)
core   0: 0x80003740 (0x02e11163) bne     sp, a4, pc + 34
core   0: 3 0x80003740 (0x02e11163)
core   0: 0x80003762 (0x00008c89) c.sub   s1, a0
core   0: 3 0x80003762 (0x8c89) x 9 0x00000120
core   0: 0x80003764 (0x2479ee97) auipc   t4, 0x2479e
core   0: 3 0x80003764 (0x2479ee97) x29 0xa47a1764
core   0: 0x80003768 (0x03ff7633) remu    a2, t5, t6
core   0: 3 0x80003768 (0x03ff7633) x12 0x00000000
core   0: 0x8000376c (0x40ca8d33) sub     s10, s5, a2
core   0: 3 0x8000376c (0x40ca8d33) x26 0xffffffff
core   0: 0x80003770 (0x000099ea) c.add   s3, s10
core   0: 3 0x80003770 (0x99ea) x19 0xffffffff
core   0: 0x80003772 (0xddb6a593) slti    a1, a3, -549
core   0: 3 0x80003772 (0xddb6a593) x11 0x00000000
core   0: 0x80003776 (0x00508bb3) add     s7, ra, t0
core   0: 3 0x80003776 (0x00508bb3) x23 0xf7cb252a
core   0: 0x8000377a (0x00008c1e) c.mv    s8, t2
core   0: 3 0x8000377a (0x8c1e) x24 0x073ec058
core   0: 0x8000377c (0x000081a1) c.srli  a1, 8
core   0: 3 0x8000377c (0x81a1) x11 0x00000000
core   0: 0x8000377e (0x03beeb63) bltu    t4, s11, pc + 54
core   0: 3 0x8000377e (0x03beeb63)
core   0: 0x80003782 (0xf469a493) slti    s1, s3, -186
core   0: 3 0x80003782 (0xf469a493) x 9 0x00000000
core   0: 0x80003786 (0x0395c8b3) div     a7, a1, s9
core   0: 3 0x80003786 (0x0395c8b3) x17 0x00000000
core   0: 0x8000378a (0x00d99f33) sll     t5, s3, a3
core   0: 3 0x8000378a (0x00d99f33) x30 0x80000000
core   0: 0x8000378e (0x0000717d) c.addi16sp sp, -16
core   0: 3 0x8000378e (0x717d) x 2 0x1346f718
core   0: 0x80003790 (0x03774233) div     tp, a4, s7
core   0: 3 0x80003790 (0x03774233) x 4 0x00000000
core   0: 0x80003794 (0x02fa86b3) mul     a3, s5, a5
core   0: 3 0x80003794 (0x02fa86b3) x13 0x00000001
core   0: 0x80003798 (0x0324b733) mulhu   a4, s1, s2
core   0: 3 0x80003798 (0x0324b733) x14 0x00000000
core   0: 0x8000379c (0x0ff0000f) fence   iorw,iorw
core   0: 3 0x8000379c (0x0ff0000f)
core   0: 0x800037a0 (0x02038333) mul     t1, t2, zero
core   0: 3 0x800037a0 (0x02038333) x 6 0x00000000
core   0: 0x800037a4 (0x00dc38b3) sltu    a7, s8, a3
core   0: 3 0x800037a4 (0x00dc38b3) x17 0x00000000
core   0: 0x800037a8 (0x0000c21d) c.beqz  a2, pc + 38
core   0: 3 0x800037a8 (0xc21d)
core   0: 0x800037ce (0x01adccb3) xor     s9, s11, s10
core   0: 3 0x800037ce (0x01adccb3) x25 0x7ffdd19b
core   0: 0x800037d2 (0x00ddde93) srli    t4, s11, 13
core   0: 3 0x800037d2 (0x00ddde93) x29 0x00040011
core   0: 0x800037d6 (0x00169c13) slli    s8, a3, 1
core   0: 3 0x800037d6 (0x00169c13) x24 0x00000002
core   0: 0x800037da (0x02775533) divu    a0, a4, t2
core   0: 3 0x800037da (0x02775533) x10 0x00000000
core   0: 0x800037de (0x41afd813) srai    a6, t6, 26
core   0: 3 0x800037de (0x41afd813) x16 0x00000000
core   0: 0x800037e2 (0x00008e5d) c.or    a2, a5
core   0: 3 0x800037e2 (0x8e5d) x12 0xffffffff
core   0: 0x800037e4 (0x00005cfd) c.li    s9, -1
core   0: 3 0x800037e4 (0x5cfd) x25 0xffffffff
core   0: 0x800037e6 (0x035c15b3) mulh    a1, s8, s5
core   0: 3 0x800037e6 (0x035c15b3) x11 0xffffffff
core   0: 0x800037ea (0x022c0463) beq     s8, sp, pc + 40
core   0: 3 0x800037ea (0x022c0463)
core   0: 0x800037ee (0x0ff0000f) fence   iorw,iorw
core   0: 3 0x800037ee (0x0ff0000f)
core   0: 0x800037f2 (0x000084f6) c.mv    s1, t4
core   0: 3 0x800037f2 (0x84f6) x 9 0x00040011
core   0: 0x800037f4 (0x02efad33) mulhsu  s10, t6, a4
core   0: 3 0x800037f4 (0x02efad33) x26 0x00000000
core   0: 0x800037f8 (0x01eaf6b3) and     a3, s5, t5
core   0: 3 0x800037f8 (0x01eaf6b3) x13 0x80000000
core   0: 0x800037fc (0x0047d6b3) srl     a3, a5, tp
core   0: 3 0x800037fc (0x0047d6b3) x13 0xffffffff
core   0: 0x80003800 (0x00ad7a63) bgeu    s10, a0, pc + 20
core   0: 3 0x80003800 (0x00ad7a63)
core   0: 0x80003814 (0xf60b8897) auipc   a7, 0xf60b8
core   0: 3 0x80003814 (0xf60b8897) x17 0x760bb814
core   0: 0x80003818 (0x01f8aa33) slt     s4, a7, t6
core   0: 3 0x80003818 (0x01f8aa33) x20 0x00000000
core   0: 0x8000381c (0x00009b7d) c.andi  a4, -1
core   0: 3 0x8000381c (0x9b7d) x14 0x00000000
core   0: 0x8000381e (0x01b8f3b3) and     t2, a7, s11
core   0: 3 0x8000381e (0x01b8f3b3) x 7 0x00022804
core   0: 0x80003822 (0x6a046ab7) lui     s5, 0x6a046
core   0: 3 0x80003822 (0x6a046ab7) x21 0x6a046000
core   0: 0x80003826 (0xfcc4c293) xori    t0, s1, -52
core   0: 3 0x80003826 (0xfcc4c293) x 5 0xfffbffdd
core   0: 0x8000382a (0x00687533) and     a0, a6, t1
core   0: 3 0x8000382a (0x00687533) x10 0x00000000
core   0: 0x8000382e (0x00008911) c.andi  a0, 4
core   0: 3 0x8000382e (0x8911) x10 0x00000000
core   0: 0x80003830 (0x9acd3c97) auipc   s9, 0x9acd3
core   0: 3 0x80003830 (0x9acd3c97) x25 0x1acd6830
core   0: 0x80003834 (0x00ec7a63) bgeu    s8, a4, pc + 20
core   0: 3 0x80003834 (0x00ec7a63)
core   0: 0x80003848 (0x00000001) c.nop
core   0: 3 0x80003848 (0x0001)
core   0: 0x8000384a (0x010a8863) beq     s5, a6, pc + 16
core   0: 3 0x8000384a (0x010a8863)
core   0: 0x8000384e (0x02d1db33) divu    s6, gp, a3
core   0: 3 0x8000384e (0x02d1db33) x22 0x00000000
core   0: 0x80003852 (0x029e5463) bge     t3, s1, pc + 40
core   0: 3 0x80003852 (0x029e5463)
core   0: 0x80003856 (0x01bb4563) blt     s6, s11, pc + 10
core   0: 3 0x80003856 (0x01bb4563)
core   0: 0x8000385a (0x0000587d) c.li    a6, -1
core   0: 3 0x8000385a (0x587d) x16 0xffffffff
core   0: 0x8000385c (0x01795493) srli    s1, s2, 23
core   0: 3 0x8000385c (0x01795493) x 9 0x00000100
core   0: 0x80003860 (0x00000001) c.nop
core   0: 3 0x80003860 (0x0001)
core   0: 0x80003862 (0x00af2d33) slt     s10, t5, a0
core   0: 3 0x80003862 (0x00af2d33) x26 0x00000001
core   0: 0x80003866 (0x0000e5a1) c.bnez  a1, pc + 72
core   0: 3 0x80003866 (0xe5a1)
core   0: 0x800038ae (0xffd8a993) slti    s3, a7, -3
core   0: 3 0x800038ae (0xffd8a993) x19 0x00000000
core   0: 0x800038b2 (0x00008262) c.mv    tp, s8
core   0: 3 0x800038b2 (0x8262) x 4 0x00000002
core   0: 0x800038b4 (0xc7468b13) addi    s6, a3, -908
core   0: 3 0x800038b4 (0xc7468b13) x22 0xfffffc73
core   0: 0x800038b8 (0xcf7cfd13) andi    s10, s9, -777
core   0: 3 0x800038b8 (0xcf7cfd13) x26 0x1acd6830
core   0: 0x800038bc (0x00008105) c.srli  a0, 1
core   0: 3 0x800038bc (0x8105) x10 0x00000000
core   0: 0x800038be (0x01a75763) bge     a4, s10, pc + 14
core   0: 3 0x800038be (0x01a75763)
core   0: 0x800038c2 (0x00008da9) c.xor   a1, a0
core   0: 3 0x800038c2 (0x8da9) x11 0xffffffff
core   0: 0x800038c4 (0x01547133) and     sp, s0, s5
core   0: 3 0x800038c4 (0x01547133) x 2 0x00000000
core   0: 0x800038c8 (0x0000100f) fence.i
core   0: 3 0x800038c8 (0x0000100f)
core   0: 0x800038cc (0xeebe2cb7) lui     s9, 0xeebe2
core   0: 3 0x800038cc (0xeebe2cb7) x25 0xeebe2000
core   0: 0x800038d0 (0x0000100f) fence.i
core   0: 3 0x800038d0 (0x0000100f)
core   0: 0x800038d4 (0x41cadcb3) sra     s9, s5, t3
core   0: 3 0x800038d4 (0x41cadcb3) x25 0x6a046000
core   0: 0x800038d8 (0x02ef1733) mulh    a4, t5, a4
core   0: 3 0x800038d8 (0x02ef1733) x14 0x00000000
core   0: 0x800038dc (0x00008d71) c.and   a0, a2
core   0: 3 0x800038dc (0x8d71) x10 0x00000000
core   0: 0x800038de (0x024b8f63) beq     s7, tp, pc + 62
core   0: 3 0x800038de (0x024b8f63)
core   0: 0x800038e2 (0x00b294b3) sll     s1, t0, a1
core   0: 3 0x800038e2 (0x00b294b3) x 9 0x80000000
core   0: 0x800038e6 (0x00c328b3) slt     a7, t1, a2
core   0: 3 0x800038e6 (0x00c328b3) x17 0x00000000
core   0: 0x800038ea (0x41735513) srai    a0, t1, 23
core   0: 3 0x800038ea (0x41735513) x10 0x00000000
core   0: 0x800038ee (0x01985213) srli    tp, a6, 25
core   0: 3 0x800038ee (0x01985213) x 4 0x0000007f
core   0: 0x800038f2 (0x41798e33) sub     t3, s3, s7
core   0: 3 0x800038f2 (0x41798e33) x28 0x0834dad6
core   0: 0x800038f6 (0x0023a9b3) slt     s3, t2, sp
core   0: 3 0x800038f6 (0x0023a9b3) x19 0x00000000
core   0: 0x800038fa (0x038732b3) mulhu   t0, a4, s8
core   0: 3 0x800038fa (0x038732b3) x 5 0x00000000
core   0: 0x800038fe (0x013623b3) slt     t2, a2, s3
core   0: 3 0x800038fe (0x013623b3) x 7 0x00000001
core   0: 0x80003902 (0x03ff5363) bge     t5, t6, pc + 38
core   0: 3 0x80003902 (0x03ff5363)
core   0: 0x80003906 (0x00c3dd63) bge     t2, a2, pc + 26
core   0: 3 0x80003906 (0x00c3dd63)
core   0: 0x80003920 (0x360ea113) slti    sp, t4, 864
core   0: 3 0x80003920 (0x360ea113) x 2 0x00000000
core   0: 0x80003924 (0xef867513) andi    a0, a2, -264
core   0: 3 0x80003924 (0xef867513) x10 0xfffffef8
core   0: 0x80003928 (0x01cd7663) bgeu    s10, t3, pc + 12
core   0: 3 0x80003928 (0x01cd7663)
core   0: 0x80003934 (0xf07b3b13) sltiu   s6, s6, -249
core   0: 3 0x80003934 (0xf07b3b13) x22 0x00000001
core   0: 0x80003938 (0x03e16bb3) rem     s7, sp, t5
core   0: 3 0x80003938 (0x03e16bb3) x23 0x00000000
core   0: 0x8000393c (0x034ff2b3) remu    t0, t6, s4
core   0: 3 0x8000393c (0x034ff2b3) x 5 0x00000001
core   0: 0x80003940 (0x000069f1) c.lui   s3, 0x1c
core   0: 3 0x80003940 (0x69f1) x19 0x0001c000
core   0: 0x80003942 (0x000080b5) c.srli  s1, 13
core   0: 3 0x80003942 (0x80b5) x 9 0x00040000
core   0: 0x80003944 (0x01e89f63) bne     a7, t5, pc + 30
core   0: 3 0x80003944 (0x01e89f63)
core   0: 0x80003962 (0x05f33293) sltiu   t0, t1, 95
core   0: 3 0x80003962 (0x05f33293) x 5 0x00000001
core   0: 0x80003966 (0x000001f1) c.addi  gp, 28
core   0: 3 0x80003966 (0x01f1) x 3 0x0000001c
core   0: 0x80003968 (0x93c4a113) slti    sp, s1, -1732
core   0: 3 0x80003968 (0x93c4a113) x 2 0x00000000
core   0: 0x8000396c (0x00bf1d13) slli    s10, t5, 11
core   0: 3 0x8000396c (0x00bf1d13) x26 0x00000000
core   0: 0x80003970 (0xd6bc8c13) addi    s8, s9, -661
core   0: 3 0x80003970 (0xd6bc8c13) x24 0x6a045d6b
core   0: 0x80003974 (0x0381f233) remu    tp, gp, s8
core   0: 3 0x80003974 (0x0381f233) x 4 0x0000001c
core   0: 0x80003978 (0x0a0ff613) andi    a2, t6, 160
core   0: 3 0x80003978 (0x0a0ff613) x12 0x00000000
core   0: 0x8000397c (0x0000100f) fence.i
core   0: 3 0x8000397c (0x0000100f)
core   0: 0x80003980 (0x00008d61) c.and   a0, s0
core   0: 3 0x80003980 (0x8d61) x10 0x00000000
core   0: 0x80003982 (0x0000923e) c.add   tp, a5
core   0: 3 0x80003982 (0x923e) x 4 0x0000001b
core   0: 0x80003984 (0x018059b3) srl     s3, zero, s8
core   0: 3 0x80003984 (0x018059b3) x19 0x00000000
core   0: 0x80003988 (0x350c7e13) andi    t3, s8, 848
core   0: 3 0x80003988 (0x350c7e13) x28 0x00000140
core   0: 0x8000398c (0x00da45b3) xor     a1, s4, a3
core   0: 3 0x8000398c (0x00da45b3) x11 0xffffffff
core   0: 0x80003990 (0x00008e85) c.sub   a3, s1
core   0: 3 0x80003990 (0x8e85) x13 0xfffbffff
core   0: 0x80003992 (0x000084b2) c.mv    s1, a2
core   0: 3 0x80003992 (0x84b2) x 9 0x00000000
core   0: 0x80003994 (0x00c5cb63) blt     a1, a2, pc + 22
core   0: 3 0x80003994 (0x00c5cb63)
core   0: 0x800039aa (0x41a45813) srai    a6, s0, 26
core   0: 3 0x800039aa (0x41a45813) x16 0x00000000
core   0: 0x800039ae (0x01a71f63) bne     a4, s10, pc + 30
core   0: 3 0x800039ae (0x01a71f63)
core   0: 0x800039b2 (0x01889013) slli    zero, a7, 24
core   0: 3 0x800039b2 (0x01889013)
core   0: 0x800039b6 (0x40845813) srai    a6, s0, 8
core   0: 3 0x800039b6 (0x40845813) x16 0x00000000
core   0: 0x800039ba (0x01cc0733) add     a4, s8, t3
core   0: 3 0x800039ba (0x01cc0733) x14 0x6a045eab
core   0: 0x800039be (0x40cb55b3) sra     a1, s6, a2
core   0: 3 0x800039be (0x40cb55b3) x11 0x00000001
core   0: 0x800039c2 (0x41765c93) srai    s9, a2, 23
core   0: 3 0x800039c2 (0x41765c93) x25 0x00000000
core   0: 0x800039c6 (0x0000717d) c.addi16sp sp, -16
core   0: 3 0x800039c6 (0x717d) x 2 0xfffffff0
core   0: 0x800039c8 (0x00b102b3) add     t0, sp, a1
core   0: 3 0x800039c8 (0x00b102b3) x 5 0xfffffff1
core   0: 0x800039cc (0x01dfdf33) srl     t5, t6, t4
core   0: 3 0x800039cc (0x01dfdf33) x30 0x00000000
core   0: 0x800039d0 (0x009ad133) srl     sp, s5, s1
core   0: 3 0x800039d0 (0x009ad133) x 2 0x6a046000
core   0: 0x800039d4 (0x00008f69) c.and   a4, a0
core   0: 3 0x800039d4 (0x8f69) x14 0x00000000
core   0: 0x800039d6 (0x0000ed81) c.bnez  a1, pc + 24
core   0: 3 0x800039d6 (0xed81)
core   0: 0x800039ee (0x022b2f33) mulhsu  t5, s6, sp
core   0: 3 0x800039ee (0x022b2f33) x30 0x00000000
core   0: 0x800039f2 (0x0000cd8d) c.beqz  a1, pc + 58
core   0: 3 0x800039f2 (0xcd8d)
core   0: 0x800039f4 (0x00000394) c.addi4spn a3, sp, 448
core   0: 3 0x800039f4 (0x0394) x13 0x6a0461c0
core   0: 0x800039f6 (0x40b854b3) sra     s1, a6, a1
core   0: 3 0x800039f6 (0x40b854b3) x 9 0x00000000
core   0: 0x800039fa (0x0000717d) c.addi16sp sp, -16
core   0: 3 0x800039fa (0x717d) x 2 0x6a045ff0
core   0: 0x800039fc (0x41bcd4b3) sra     s1, s9, s11
core   0: 3 0x800039fc (0x41bcd4b3) x 9 0x00000000
core   0: 0x80003a00 (0xc2790013) addi    zero, s2, -985
core   0: 3 0x80003a00 (0xc2790013)
core   0: 0x80003a04 (0x0325f833) remu    a6, a1, s2
core   0: 3 0x80003a04 (0x0325f833) x16 0x00000001
core   0: 0x80003a08 (0x00008ca1) c.xor   s1, s0
core   0: 3 0x80003a08 (0x8ca1) x 9 0x00000000
core   0: 0x80003a0a (0x04105063) bge     zero, ra, pc + 64
core   0: 3 0x80003a0a (0x04105063)
core   0: 0x80003a4a (0x004e5d63) bge     t3, tp, pc + 26
core   0: 3 0x80003a4a (0x004e5d63)
core   0: 0x80003a64 (0x0000100f) fence.i
core   0: 3 0x80003a64 (0x0000100f)
core   0: 0x80003a68 (0x0000c51d) c.beqz  a0, pc + 46
core   0: 3 0x80003a68 (0xc51d)
core   0: 0x80003a96 (0x0137eab3) or      s5, a5, s3
core   0: 3 0x80003a96 (0x0137eab3) x21 0xffffffff
core   0: 0x80003a9a (0x893f0793) addi    a5, t5, -1901
core   0: 3 0x80003a9a (0x893f0793) x15 0xfffff893
core   0: 0x80003a9e (0x00000001) c.nop
core   0: 3 0x80003a9e (0x0001)
core   0: 0x80003aa0 (0x41ae0533) sub     a0, t3, s10
core   0: 3 0x80003aa0 (0x41ae0533) x10 0x00000140
core   0: 0x80003aa4 (0x00008df1) c.and   a1, a2
core   0: 3 0x80003aa4 (0x8df1) x11 0x00000000
core   0: 0x80003aa6 (0x01d34a33) xor     s4, t1, t4
core   0: 3 0x80003aa6 (0x01d34a33) x20 0x00040011
core   0: 0x80003aaa (0x00008d5d) c.or    a0, a5
core   0: 3 0x80003aaa (0x8d5d) x10 0xfffff9d3
core   0: 0x80003aac (0x0ff0000f) fence   iorw,iorw
core   0: 3 0x80003aac (0x0ff0000f)
core   0: 0x80003ab0 (0x000b9ab3) sll     s5, s7, zero
core   0: 3 0x80003ab0 (0x000b9ab3) x21 0x00000000
core   0: 0x80003ab4 (0x006ba833) slt     a6, s7, t1
core   0: 3 0x80003ab4 (0x006ba833) x16 0x00000000
core   0: 0x80003ab8 (0x00004611) c.li    a2, 4
core   0: 3 0x80003ab8 (0x4611) x12 0x00000004
core   0: 0x80003aba (0x03ccd263) bge     s9, t3, pc + 36
core   0: 3 0x80003aba (0x03ccd263)
core   0: 0x80003abe (0x012cebb3) or      s7, s9, s2
core   0: 3 0x80003abe (0x012cebb3) x23 0x80026ce4
core   0: 0x80003ac2 (0x0ff0000f) fence   iorw,iorw
core   0: 3 0x80003ac2 (0x0ff0000f)
core   0: 0x80003ac6 (0x01cf9993) slli    s3, t6, 28
core   0: 3 0x80003ac6 (0x01cf9993) x19 0x10000000
core   0: 0x80003aca (0x007ff633) and     a2, t6, t2
core   0: 3 0x80003aca (0x007ff633) x12 0x00000001
core   0: 0x80003ace (0x00008c72) c.mv    s8, t3
core   0: 3 0x80003ace (0x8c72) x24 0x00000140
core   0: 0x80003ad0 (0x000085b1) c.srai  a1, 12
core   0: 3 0x80003ad0 (0x85b1) x11 0x00000000
core   0: 0x80003ad2 (0x026edcb3) divu    s9, t4, t1
core   0: 3 0x80003ad2 (0x026edcb3) x25 0xffffffff
core   0: 0x80003ad6 (0x009cc1b3) xor     gp, s9, s1
core   0: 3 0x80003ad6 (0x009cc1b3) x 3 0xffffffff
core   0: 0x80003ada (0x000068b9) c.lui   a7, 0xe
core   0: 3 0x80003ada (0x68b9) x17 0x0000e000
core   0: 0x80003adc (0x000000a9) c.addi  ra, 10
core   0: 3 0x80003adc (0x00a9) x 1 0xf7cb2534
core   0: 0x80003ade (0x00008f41) c.or    a4, s0
core   0: 3 0x80003ade (0x8f41) x14 0x00000000
core   0: 0x80003ae0 (0x929a8297) auipc   t0, 0x929a8
core   0: 3 0x80003ae0 (0x929a8297) x 5 0x129abae0
core   0: 0x80003ae4 (0x02e82ab3) mulhsu  s5, a6, a4
core   0: 3 0x80003ae4 (0x02e82ab3) x21 0x00000000
core   0: 0x80003ae8 (0x0000c909) c.beqz  a0, pc + 18
core   0: 3 0x80003ae8 (0xc909)
core   0: 0x80003aea (0x000062ad) c.lui   t0, 0xb
core   0: 3 0x80003aea (0x62ad) x 5 0x0000b000
core   0: 0x80003aec (0x0000137d) c.addi  t1, -1
core   0: 3 0x80003aec (0x137d) x 6 0xffffffff
core   0: 0x80003aee (0x0165f8b3) and     a7, a1, s6
core   0: 3 0x80003aee (0x0165f8b3) x17 0x00000000
core   0: 0x80003af2 (0x001669b3) or      s3, a2, ra
core   0: 3 0x80003af2 (0x001669b3) x19 0xf7cb2535
core   0: 0x80003af6 (0x00009b26) c.add   s6, s1
core   0: 3 0x80003af6 (0x9b26) x22 0x00000001
core   0: 0x80003af8 (0x00001c7d) c.addi  s8, -1
core   0: 3 0x80003af8 (0x1c7d) x24 0x0000013f
core   0: 0x80003afa (0x00000001) c.nop
core   0: 3 0x80003afa (0x0001)
core   0: 0x80003afc (0x0eae3cb7) lui     s9, 0xeae3
core   0: 3 0x80003afc (0x0eae3cb7) x25 0x0eae3000
core   0: 0x80003b00 (0x0706f593) andi    a1, a3, 112
core   0: 3 0x80003b00 (0x0706f593) x11 0x00000040
core   0: 0x80003b04 (0x439cab13) slti    s6, s9, 1081
core   0: 3 0x80003b04 (0x439cab13) x22 0x00000000
core   0: 0x80003b08 (0x1793bd13) sltiu   s10, t2, 377
core   0: 3 0x80003b08 (0x1793bd13) x26 0x00000001
core   0: 0x80003b0c (0x0060a7b3) slt     a5, ra, t1
core   0: 3 0x80003b0c (0x0060a7b3) x15 0x00000001
core   0: 0x80003b10 (0x01bcd3b3) srl     t2, s9, s11
core   0: 3 0x80003b10 (0x01bcd3b3) x 7 0x00eae300
core   0: 0x80003b14 (0xfa944513) xori    a0, s0, -87
core   0: 3 0x80003b14 (0xfa944513) x10 0xffffffa9
core   0: 0x80003b18 (0xd2a6aa93) slti    s5, a3, -726
core   0: 3 0x80003b18 (0xd2a6aa93) x21 0x00000000
core   0: 0x80003b1c (0x000087c5) c.srai  a5, 17
core   0: 3 0x80003b1c (0x87c5) x15 0x00000000
core   0: 0x80003b1e (0x00000001) c.nop
core   0: 3 0x80003b1e (0x0001)
core   0: 0x80003b20 (0x03a28263) beq     t0, s10, pc + 36
core   0: 3 0x80003b20 (0x03a28263)
core   0: 0x80003b24 (0x0000100f) fence.i
core   0: 3 0x80003b24 (0x0000100f)
core   0: 0x80003b28 (0x02e24b63) blt     tp, a4, pc + 54
core   0: 3 0x80003b28 (0x02e24b63)
core   0: 0x80003b2c (0x88b51217) auipc   tp, 0x88b51
core   0: 3 0x80003b2c (0x88b51217) x 4 0x08b54b2c
core   0: 0x80003b30 (0x00000001) c.nop
core   0: 3 0x80003b30 (0x0001)
core   0: 0x80003b32 (0x00631013) slli    zero, t1, 6
core   0: 3 0x80003b32 (0x00631013)
core   0: 0x80003b36 (0x01759213) slli    tp, a1, 23
core   0: 3 0x80003b36 (0x01759213) x 4 0x20000000
core   0: 0x80003b3a (0x0144db33) srl     s6, s1, s4
core   0: 3 0x80003b3a (0x0144db33) x22 0x00000000
core   0: 0x80003b3e (0x00000e94) c.addi4spn a3, sp, 848
core   0: 3 0x80003b3e (0x0e94) x13 0x6a046340
core   0: 0x80003b40 (0x41a301b3) sub     gp, t1, s10
core   0: 3 0x80003b40 (0x41a301b3) x 3 0xfffffffe
core   0: 0x80003b44 (0x05d94063) blt     s2, t4, pc + 64
core   0: 3 0x80003b44 (0x05d94063)
core   0: 0x80003b84 (0x403e08b3) sub     a7, t3, gp
core   0: 3 0x80003b84 (0x403e08b3) x17 0x00000142
core   0: 0x80003b88 (0x000000aa) c.slli  ra, 10
core   0: 3 0x80003b88 (0x00aa) x 1 0x2c94d000
core   0: 0x80003b8a (0x03e662b3) rem     t0, a2, t5
core   0: 3 0x80003b8a (0x03e662b3) x 5 0x00000001
core   0: 0x80003b8e (0x01bed7b3) srl     a5, t4, s11
core   0: 3 0x80003b8e (0x01bed7b3) x15 0x00004001
core   0: 0x80003b92 (0x03156033) rem     zero, a0, a7
core   0: 3 0x80003b92 (0x03156033)
core   0: 0x80003b96 (0x01115093) srli    ra, sp, 17
core   0: 3 0x80003b96 (0x01115093) x 1 0x00003502
core   0: 0x80003b9a (0x00008e61) c.and   a2, s0
core   0: 3 0x80003b9a (0x8e61) x12 0x00000000
core   0: 0x80003b9c (0x02cbe2b3) rem     t0, s7, a2
core   0: 3 0x80003b9c (0x02cbe2b3) x 5 0x80026ce4
core   0: 0x80003ba0 (0x00008f61) c.and   a4, s0
core   0: 3 0x80003ba0 (0x8f61) x14 0x00000000
core   0: 0x80003ba2 (0x40c15593) srai    a1, sp, 12
core   0: 3 0x80003ba2 (0x40c15593) x11 0x0006a045
core   0: 0x80003ba6 (0x00008e7e) c.mv    t3, t6
core   0: 3 0x80003ba6 (0x8e7e) x28 0x00000001
core   0: 0x80003ba8 (0x03c40a33) mul     s4, s0, t3
core   0: 3 0x80003ba8 (0x03c40a33) x20 0x00000000
core   0: 0x80003bac (0x41ef8d33) sub     s10, t6, t5
core   0: 3 0x80003bac (0x41ef8d33) x26 0x00000001
core   0: 0x80003bb0 (0x02b30633) mul     a2, t1, a1
core   0: 3 0x80003bb0 (0x02b30633) x12 0xfff95fbb
core   0: 0x80003bb4 (0x01776c33) or      s8, a4, s7
core   0: 3 0x80003bb4 (0x01776c33) x24 0x80026ce4
core   0: 0x80003bb8 (0x01a9d3b3) srl     t2, s3, s10
core   0: 3 0x80003bb8 (0x01a9d3b3) x 7 0x7be5929a
core   0: 0x80003bbc (0xaae34c13) xori    s8, t1, -1362
core   0: 3 0x80003bbc (0xaae34c13) x24 0x00000551
core   0: 0x80003bc0 (0x013a77b3) and     a5, s4, s3
core   0: 3 0x80003bc0 (0x013a77b3) x15 0x00000000
core   0: 0x80003bc4 (0x011a5b93) srli    s7, s4, 17
core   0: 3 0x80003bc4 (0x011a5b93) x23 0x00000000
core   0: 0x80003bc8 (0x4b074b13) xori    s6, a4, 1200
core   0: 3 0x80003bc8 (0x4b074b13) x22 0x000004b0
core   0: 0x80003bcc (0x00008e5d) c.or    a2, a5
core   0: 3 0x80003bcc (0x8e5d) x12 0xfff95fbb
core   0: 0x80003bce (0x01994e63) blt     s2, s9, pc + 28
core   0: 3 0x80003bce (0x01994e63)
core   0: 0x80003bea (0x00008f79) c.and   a4, a4
core   0: 3 0x80003bea (0x8f79) x14 0x00000000
core   0: 0x80003bec (0x0000100f) fence.i
core   0: 3 0x80003bec (0x0000100f)
core   0: 0x80003bf0 (0x005e36b3) sltu    a3, t3, t0
core   0: 3 0x80003bf0 (0x005e36b3) x13 0x00000001
core   0: 0x80003bf4 (0x00008e6d) c.and   a2, a1
core   0: 3 0x80003bf4 (0x8e6d) x12 0x00000001
core   0: 0x80003bf6 (0x03d11163) bne     sp, t4, pc + 34
core   0: 3 0x80003bf6 (0x03d11163)
core   0: 0x80003c18 (0x03d7c533) div     a0, a5, t4
core   0: 3 0x80003c18 (0x03d7c533) x10 0x00000000
core   0: 0x80003c1c (0xbd1d5b97) auipc   s7, 0xbd1d5
core   0: 3 0x80003c1c (0xbd1d5b97) x23 0x3d1d8c1c
core   0: 0x80003c20 (0x0000958a) c.add   a1, sp
core   0: 3 0x80003c20 (0x958a) x11 0x6a0b0035
core   0: 0x80003c22 (0x00b59513) slli    a0, a1, 11
core   0: 3 0x80003c22 (0x00b59513) x10 0x5801a800
core   0: 0x80003c26 (0x000e19b3) sll     s3, t3, zero
core   0: 3 0x80003c26 (0x000e19b3) x19 0x00000001
core   0: 0x80003c2a (0x03278b33) mul     s6, a5, s2
core   0: 3 0x80003c2a (0x03278b33) x22 0x00000000
core   0: 0x80003c2e (0x03609663) bne     ra, s6, pc + 44
core   0: 3 0x80003c2e (0x03609663)
core   0: 0x80003c5a (0xcc5201b7) lui     gp, 0xcc520
core   0: 3 0x80003c5a (0xcc5201b7) x 3 0xcc520000
core   0: 0x80003c5e (0x00008fd5) c.or    a5, a3
core   0: 3 0x80003c5e (0x8fd5) x15 0x00000001
core   0: 0x80003c60 (0x0000100f) fence.i
core   0: 3 0x80003c60 (0x0000100f)
core   0: 0x80003c64 (0x0000e19d) c.bnez  a1, pc + 38
core   0: 3 0x80003c64 (0xe19d)
core   0: 0x80003c8a (0x0000852d) c.srai  a0, 11
core   0: 3 0x80003c8a (0x852d) x10 0x000b0035
core   0: 0x80003c8c (0x00000001) c.nop
core   0: 3 0x80003c8c (0x0001)
core   0: 0x80003c8e (0x0000997d) c.andi  a0, -1
core   0: 3 0x80003c8e (0x997d) x10 0x000b0035
core   0: 0x80003c90 (0x00000f7e) c.slli  t5, 31
core   0: 3 0x80003c90 (0x0f7e) x30 0x00000000
core   0: 0x80003c92 (0x03f845b3) div     a1, a6, t6
core   0: 3 0x80003c92 (0x03f845b3) x11 0x00000000
core   0: 0x80003c96 (0x0362d063) bge     t0, s6, pc + 32
core   0: 3 0x80003c96 (0x0362d063)
core   0: 0x80003c9a (0x00008dd9) c.or    a1, a4
core   0: 3 0x80003c9a (0x8dd9) x11 0x00000000
core   0: 0x80003c9c (0x5f103f17) auipc   t5, 0x5f103
core   0: 3 0x80003c9c (0x5f103f17) x30 0xdf106c9c
core   0: 0x80003ca0 (0x02827263) bgeu    tp, s0, pc + 36
core   0: 3 0x80003ca0 (0x02827263)
core   0: 0x80003cc4 (0x0000889d) c.andi  s1, 7
core   0: 3 0x80003cc4 (0x889d) x 9 0x00000000
core   0: 0x80003cc6 (0x282e2b93) slti    s7, t3, 642
core   0: 3 0x80003cc6 (0x282e2b93) x23 0x00000001
core   0: 0x80003cca (0x79ea6813) ori     a6, s4, 1950
core   0: 3 0x80003cca (0x79ea6813) x16 0x0000079e
core   0: 0x80003cce (0x018379b3) and     s3, t1, s8
core   0: 3 0x80003cce (0x018379b3) x19 0x00000551
core   0: 0x80003cd2 (0x032506b3) mul     a3, a0, s2
core   0: 3 0x80003cd2 (0x032506b3) x13 0x2e4c8b34
core   0: 0x80003cd6 (0x00006135) c.addi16sp sp, 352
core   0: 3 0x80003cd6 (0x6135) x 2 0x6a046150
core   0: 0x80003cd8 (0x00a93ab3) sltu    s5, s2, a0
core   0: 3 0x80003cd8 (0x00a93ab3) x21 0x00000000
core   0: 0x80003cdc (0x00100d13) li      s10, 1
core   0: 3 0x80003cdc (0x00100d13) x26 0x00000001
core   0: 0x80003ce0 (0x0000836d) c.srli  a4, 27
core   0: 3 0x80003ce0 (0x836d) x14 0x00000000
core   0: 0x80003ce2 (0x4171d3b3) sra     t2, gp, s7
core   0: 3 0x80003ce2 (0x4171d3b3) x 7 0xe6290000
core   0: 0x80003ce6 (0x00f05c93) srli    s9, zero, 15
core   0: 3 0x80003ce6 (0x00f05c93) x25 0x00000000
core   0: 0x80003cea (0x0331ef33) rem     t5, gp, s3
core   0: 3 0x80003cea (0x0331ef33) x30 0xfffffb15
core   0: 0x80003cee (0x020439b3) mulhu   s3, s0, zero
core   0: 3 0x80003cee (0x020439b3) x19 0x00000000
core   0: 0x80003cf2 (0x00008e8e) c.mv    t4, gp
core   0: 3 0x80003cf2 (0x8e8e) x29 0xcc520000
core   0: 0x80003cf4 (0x01b47fb3) and     t6, s0, s11
core   0: 3 0x80003cf4 (0x01b47fb3) x31 0x00000000
core   0: 0x80003cf8 (0x02ff9f33) mulh    t5, t6, a5
core   0: 3 0x80003cf8 (0x02ff9f33) x30 0x00000000
core   0: 0x80003cfc (0x0000819d) c.srli  a1, 7
core   0: 3 0x80003cfc (0x819d) x11 0x00000000
core   0: 0x80003cfe (0xffb00113) li      sp, -5
core   0: 3 0x80003cfe (0xffb00113) x 2 0xfffffffb
core   0: 0x80003d02 (0x037a44b3) div     s1, s4, s7
core   0: 3 0x80003d02 (0x037a44b3) x 9 0x00000000
core   0: 0x80003d06 (0x03c5e4b3) rem     s1, a1, t3
core   0: 3 0x80003d06 (0x03c5e4b3) x 9 0x00000000
core   0: 0x80003d0a (0x0000979e) c.add   a5, t2
core   0: 3 0x80003d0a (0x979e) x15 0xe6290001
core   0: 0x80003d0c (0x02a261b3) rem     gp, tp, a0
core   0: 3 0x80003d0c (0x02a261b3) x 3 0x000765f8
core   0: 0x80003d10 (0x5da67537) lui     a0, 0x5da67
core   0: 3 0x80003d10 (0x5da67537) x10 0x5da67000
core   0: 0x80003d14 (0x021a9333) mulh    t1, s5, ra
core   0: 3 0x80003d14 (0x021a9333) x 6 0x00000000
core   0: 0x80003d18 (0x017035b3) snez    a1, s7
core   0: 3 0x80003d18 (0x017035b3) x11 0x00000001
core   0: 0x80003d1c (0x0000025a) c.slli  tp, 22
core   0: 3 0x80003d1c (0x025a) x 4 0x00000000
core   0: 0x80003d1e (0x01f6af33) slt     t5, a3, t6
core   0: 3 0x80003d1e (0x01f6af33) x30 0x00000000
core   0: 0x80003d22 (0x000006aa) c.slli  a3, 10
core   0: 3 0x80003d22 (0x06aa) x13 0x322cd000
core   0: 0x80003d24 (0x0000100f) fence.i
core   0: 3 0x80003d24 (0x0000100f)
core   0: 0x80003d28 (0x1c942e13) slti    t3, s0, 457
core   0: 3 0x80003d28 (0x1c942e13) x28 0x00000001
core   0: 0x80003d2c (0x000084ad) c.srai  s1, 11
core   0: 3 0x80003d2c (0x84ad) x 9 0x00000000
core   0: 0x80003d2e (0x00001d69) c.addi  s10, -6
core   0: 3 0x80003d2e (0x1d69) x26 0xfffffffb
core   0: 0x80003d30 (0xb3e03c93) sltiu   s9, zero, -1218
core   0: 3 0x80003d30 (0xb3e03c93) x25 0x00000001
core   0: 0x80003d34 (0x039aecb3) rem     s9, s5, s9
core   0: 3 0x80003d34 (0x039aecb3) x25 0x00000000
core   0: 0x80003d38 (0xfc2d55e3) bge     s10, sp, pc - 54
core   0: 3 0x80003d38 (0xfc2d55e3)
core   0: 0x80003d02 (0x037a44b3) div     s1, s4, s7
core   0: 3 0x80003d02 (0x037a44b3) x 9 0x00000000
core   0: 0x80003d06 (0x03c5e4b3) rem     s1, a1, t3
core   0: 3 0x80003d06 (0x03c5e4b3) x 9 0x00000000
core   0: 0x80003d0a (0x0000979e) c.add   a5, t2
core   0: 3 0x80003d0a (0x979e) x15 0xcc520001
core   0: 0x80003d0c (0x02a261b3) rem     gp, tp, a0
core   0: 3 0x80003d0c (0x02a261b3) x 3 0x00000000
core   0: 0x80003d10 (0x5da67537) lui     a0, 0x5da67
core   0: 3 0x80003d10 (0x5da67537) x10 0x5da67000
core   0: 0x80003d14 (0x021a9333) mulh    t1, s5, ra
core   0: 3 0x80003d14 (0x021a9333) x 6 0x00000000
core   0: 0x80003d18 (0x017035b3) snez    a1, s7
core   0: 3 0x80003d18 (0x017035b3) x11 0x00000001
core   0: 0x80003d1c (0x0000025a) c.slli  tp, 22
core   0: 3 0x80003d1c (0x025a) x 4 0x00000000
core   0: 0x80003d1e (0x01f6af33) slt     t5, a3, t6
core   0: 3 0x80003d1e (0x01f6af33) x30 0x00000000
core   0: 0x80003d22 (0x000006aa) c.slli  a3, 10
core   0: 3 0x80003d22 (0x06aa) x13 0xb3400000
core   0: 0x80003d24 (0x0000100f) fence.i
core   0: 3 0x80003d24 (0x0000100f)
core   0: 0x80003d28 (0x1c942e13) slti    t3, s0, 457
core   0: 3 0x80003d28 (0x1c942e13) x28 0x00000001
core   0: 0x80003d2c (0x000084ad) c.srai  s1, 11
core   0: 3 0x80003d2c (0x84ad) x 9 0x00000000
core   0: 0x80003d2e (0x00001d69) c.addi  s10, -6
core   0: 3 0x80003d2e (0x1d69) x26 0xfffffff5
core   0: 0x80003d30 (0xb3e03c93) sltiu   s9, zero, -1218
core   0: 3 0x80003d30 (0xb3e03c93) x25 0x00000001
core   0: 0x80003d34 (0x039aecb3) rem     s9, s5, s9
core   0: 3 0x80003d34 (0x039aecb3) x25 0x00000000
core   0: 0x80003d38 (0xfc2d55e3) bge     s10, sp, pc - 54
core   0: 3 0x80003d38 (0xfc2d55e3)
core   0: 0x80003d3c (0x01925fb3) srl     t6, tp, s9
core   0: 3 0x80003d3c (0x01925fb3) x31 0x00000000
core   0: 0x80003d40 (0x00008ce1) c.and   s1, s0
core   0: 3 0x80003d40 (0x8ce1) x 9 0x00000000
core   0: 0x80003d42 (0x003438b3) sltu    a7, s0, gp
core   0: 3 0x80003d42 (0x003438b3) x17 0x00000000
core   0: 0x80003d46 (0x6ede28b7) lui     a7, 0x6ede2
core   0: 3 0x80003d46 (0x6ede28b7) x17 0x6ede2000
core   0: 0x80003d4a (0xcdd24313) xori    t1, tp, -803
core   0: 3 0x80003d4a (0xcdd24313) x 6 0xfffffcdd
core   0: 0x80003d4e (0x00917c63) bgeu    sp, s1, pc + 24
core   0: 3 0x80003d4e (0x00917c63)
core   0: 0x80003d66 (0x40e1da33) sra     s4, gp, a4
core   0: 3 0x80003d66 (0x40e1da33) x20 0x00000000
core   0: 0x80003d6a (0x0000100f) fence.i
core   0: 3 0x80003d6a (0x0000100f)
core   0: 0x80003d6e (0x0000717d) c.addi16sp sp, -16
core   0: 3 0x80003d6e (0x717d) x 2 0xffffffeb
core   0: 0x80003d70 (0x03320063) beq     tp, s3, pc + 32
core   0: 3 0x80003d70 (0x03320063)
core   0: 0x80003d90 (0xcb8ce593) ori     a1, s9, -840
core   0: 3 0x80003d90 (0xcb8ce593) x11 0xfffffcb8
core   0: 0x80003d94 (0x0000ea8d) c.bnez  a3, pc + 50
core   0: 3 0x80003d94 (0xea8d)
core   0: 0x80003dc6 (0x00622fb3) slt     t6, tp, t1
core   0: 3 0x80003dc6 (0x00622fb3) x31 0x00000000
core   0: 0x80003dca (0x00000001) c.nop
core   0: 3 0x80003dca (0x0001)
core   0: 0x80003dcc (0xc3394113) xori    sp, s2, -973
core   0: 3 0x80003dcc (0xc3394113) x 2 0x7ffd90d7
core   0: 0x80003dd0 (0x05bfc063) blt     t6, s11, pc + 64
core   0: 3 0x80003dd0 (0x05bfc063)
core   0: 0x80003dd4 (0x0000717d) c.addi16sp sp, -16
core   0: 3 0x80003dd4 (0x717d) x 2 0x7ffd90c7
core   0: 0x80003dd6 (0x407cd193) srai    gp, s9, 7
core   0: 3 0x80003dd6 (0x407cd193) x 3 0x00000000
core   0: 0x80003dda (0x01d97d33) and     s10, s2, t4
core   0: 3 0x80003dda (0x01d97d33) x26 0x80020000
core   0: 0x80003dde (0x00008091) c.srli  s1, 4
core   0: 3 0x80003dde (0x8091) x 9 0x00000000
core   0: 0x80003de0 (0x000008fd) c.addi  a7, 31
core   0: 3 0x80003de0 (0x08fd) x17 0x6ede201f
core   0: 0x80003de2 (0x00008131) c.srli  a0, 12
core   0: 3 0x80003de2 (0x8131) x10 0x0005da67
core   0: 0x80003de4 (0x01980b63) beq     a6, s9, pc + 22
core   0: 3 0x80003de4 (0x01980b63)
core   0: 0x80003de8 (0x03b9a133) mulhsu  sp, s3, s11
core   0: 3 0x80003de8 (0x03b9a133) x 2 0x00000000
core   0: 0x80003dec (0x0000613d) c.addi16sp sp, 480
core   0: 3 0x80003dec (0x613d) x 2 0x000001e0
core   0: 0x80003dee (0x006ea6b3) slt     a3, t4, t1
core   0: 3 0x80003dee (0x006ea6b3) x13 0x00000001
core   0: 0x80003df2 (0x00309b63) bne     ra, gp, pc + 22
core   0: 3 0x80003df2 (0x00309b63)
core   0: 0x80003e08 (0x0029a9b3) slt     s3, s3, sp
core   0: 3 0x80003e08 (0x0029a9b3) x19 0x00000001
core   0: 0x80003e0c (0x0000100f) fence.i
core   0: 3 0x80003e0c (0x0000100f)
core   0: 0x80003e10 (0x016b7863) bgeu    s6, s6, pc + 16
core   0: 3 0x80003e10 (0x016b7863)
core   0: 0x80003e20 (0x41de5a13) srai    s4, t3, 29
core   0: 3 0x80003e20 (0x41de5a13) x20 0x00000000
core   0: 0x80003e24 (0x02a10463) beq     sp, a0, pc + 40
core   0: 3 0x80003e24 (0x02a10463)
core   0: 0x80003e28 (0x00000001) c.nop
core   0: 3 0x80003e28 (0x0001)
core   0: 0x80003e2a (0x00001f94) c.addi4spn a3, sp, 1008
core   0: 3 0x80003e2a (0x1f94) x13 0x000005d0
core   0: 0x80003e2c (0x03edaab3) mulhsu  s5, s11, t5
core   0: 3 0x80003e2c (0x03edaab3) x21 0x00000000
core   0: 0x80003e30 (0x00000001) c.nop
core   0: 3 0x80003e30 (0x0001)
core   0: 0x80003e32 (0x2162aa97) auipc   s5, 0x2162a
core   0: 3 0x80003e32 (0x2162aa97) x21 0xa162de32
core   0: 0x80003e36 (0x000091d6) c.add   gp, s5
core   0: 3 0x80003e36 (0x91d6) x 3 0xa162de32
core   0: 0x80003e38 (0x012d4f33) xor     t5, s10, s2
core   0: 3 0x80003e38 (0x012d4f33) x30 0x00006ce4
core   0: 0x80003e3c (0x00005b7d) c.li    s6, -1
core   0: 3 0x80003e3c (0x5b7d) x22 0xffffffff
core   0: 0x80003e3e (0x1fcd2113) slti    sp, s10, 508
core   0: 3 0x80003e3e (0x1fcd2113) x 2 0x00000001
core   0: 0x80003e42 (0x00008e35) c.xor   a2, a3
core   0: 3 0x80003e42 (0x8e35) x12 0x000005d1
core   0: 0x80003e44 (0x0312ff33) remu    t5, t0, a7
core   0: 3 0x80003e44 (0x0312ff33) x30 0x11244cc5
core   0: 0x80003e48 (0x00d55033) srl     zero, a0, a3
core   0: 3 0x80003e48 (0x00d55033)
core   0: 0x80003e4c (0x654a6f93) ori     t6, s4, 1620
core   0: 3 0x80003e4c (0x654a6f93) x31 0x00000654
core   0: 0x80003e50 (0x03bb2bb3) mulhsu  s7, s6, s11
core   0: 3 0x80003e50 (0x03bb2bb3) x23 0xffffffff
core   0: 0x80003e54 (0x86eba393) slti    t2, s7, -1938
core   0: 3 0x80003e54 (0x86eba393) x 7 0x00000000
core   0: 0x80003e58 (0x00361813) slli    a6, a2, 3
core   0: 3 0x80003e58 (0x00361813) x16 0x00002e88
core   0: 0x80003e5c (0x6ab80b37) lui     s6, 0x6ab80
core   0: 3 0x80003e5c (0x6ab80b37) x22 0x6ab80000
core   0: 0x80003e60 (0x02049eb3) mulh    t4, s1, zero
core   0: 3 0x80003e60 (0x02049eb3) x29 0x00000000
core   0: 0x80003e64 (0x00000fda) c.slli  t6, 22
core   0: 3 0x80003e64 (0x0fda) x31 0x95000000
core   0: 0x80003e66 (0x03d795b3) mulh    a1, a5, t4
core   0: 3 0x80003e66 (0x03d795b3) x11 0x00000000
core   0: 0x80003e6a (0x015130b3) sltu    ra, sp, s5
core   0: 3 0x80003e6a (0x015130b3) x 1 0x00000001
core   0: 0x80003e6e (0x02c77cb3) remu    s9, a4, a2
core   0: 3 0x80003e6e (0x02c77cb3) x25 0x00000000
core   0: 0x80003e72 (0x00c79a63) bne     a5, a2, pc + 20
core   0: 3 0x80003e72 (0x00c79a63)
core   0: 0x80003e86 (0x01489313) slli    t1, a7, 20
core   0: 3 0x80003e86 (0x01489313) x 6 0x01f00000
core   0: 0x80003e8a (0x01401d63) bne     zero, s4, pc + 26
core   0: 3 0x80003e8a (0x01401d63)
core   0: 0x80003e8e (0x000090c6) c.add   ra, a7
core   0: 3 0x80003e8e (0x90c6) x 1 0x6ede2020
core   0: 0x80003e90 (0x029edc33) divu    s8, t4, s1
core   0: 3 0x80003e90 (0x029edc33) x24 0xffffffff
core   0: 0x80003e94 (0x00217333) and     t1, sp, sp
core   0: 3 0x80003e94 (0x00217333) x 6 0x00000001
core   0: 0x80003e98 (0x00009bce) c.add   s7, s3
core   0: 3 0x80003e98 (0x9bce) x23 0x00000000
core   0: 0x80003e9a (0x41648d33) sub     s10, s1, s6
core   0: 3 0x80003e9a (0x41648d33) x26 0x95480000
core   0: 0x80003e9e (0x00008d6d) c.and   a0, a1
core   0: 3 0x80003e9e (0x8d6d) x10 0x00000000
core   0: 0x80003ea0 (0x40990033) sub     zero, s2, s1
core   0: 3 0x80003ea0 (0x40990033)
core   0: 0x80003ea4 (0x41b58a33) sub     s4, a1, s11
core   0: 3 0x80003ea4 (0x41b58a33) x20 0x7ffdd19c
core   0: 0x80003ea8 (0x0000717d) c.addi16sp sp, -16
core   0: 3 0x80003ea8 (0x717d) x 2 0xfffffff1
core   0: 0x80003eaa (0x029ef563) bgeu    t4, s1, pc + 42
core   0: 3 0x80003eaa (0x029ef563)
core   0: 0x80003ed4 (0x02aa1f63) bne     s4, a0, pc + 62
core   0: 3 0x80003ed4 (0x02aa1f63)
core   0: 0x80003f12 (0x0ff0000f) fence   iorw,iorw
core   0: 3 0x80003f12 (0x0ff0000f)
core   0: 0x80003f16 (0xd9103f37) lui     t5, 0xd9103
core   0: 3 0x80003f16 (0xd9103f37) x30 0xd9103000
core   0: 0x80003f1a (0x00000001) c.nop
core   0: 3 0x80003f1a (0x0001)
core   0: 0x80003f1c (0x0000e605) c.bnez  a2, pc + 40
core   0: 3 0x80003f1c (0xe605)
core   0: 0x80003f44 (0x00008f01) c.sub   a4, s0
core   0: 3 0x80003f44 (0x8f01) x14 0x00000000
core   0: 0x80003f46 (0xaeb3a613) slti    a2, t2, -1301
core   0: 3 0x80003f46 (0xaeb3a613) x12 0x00000000
core   0: 0x80003f4a (0x012a1013) slli    zero, s4, 18
core   0: 3 0x80003f4a (0x012a1013)
core   0: 0x80003f4e (0xde34b113) sltiu   sp, s1, -541
core   0: 3 0x80003f4e (0xde34b113) x 2 0x00000001
core   0: 0x80003f52 (0x00008d4d) c.or    a0, a1
core   0: 3 0x80003f52 (0x8d4d) x10 0x00000000
core   0: 0x80003f54 (0x000000e6) c.slli  ra, 25
core   0: 3 0x80003f54 (0x00e6) x 1 0x40000000
core   0: 0x80003f56 (0x00008e35) c.xor   a2, a3
core   0: 3 0x80003f56 (0x8e35) x12 0x000005d0
core   0: 0x80003f58 (0x01399a13) slli    s4, s3, 19
core   0: 3 0x80003f58 (0x01399a13) x20 0x00080000
core   0: 0x80003f5c (0x00a503b3) add     t2, a0, a0
core   0: 3 0x80003f5c (0x00a503b3) x 7 0x00000000
core   0: 0x80003f60 (0x014362b3) or      t0, t1, s4
core   0: 3 0x80003f60 (0x014362b3) x 5 0x00080001
core   0: 0x80003f64 (0x01067533) and     a0, a2, a6
core   0: 3 0x80003f64 (0x01067533) x10 0x00000480
core   0: 0x80003f68 (0x036a2633) mulhsu  a2, s4, s6
core   0: 3 0x80003f68 (0x036a2633) x12 0x000355c0
core   0: 0x80003f6c (0x401fd897) auipc   a7, 0x401fd
core   0: 3 0x80003f6c (0x401fd897) x17 0xc0200f6c
core   0: 0x80003f70 (0x00008f39) c.xor   a4, a4
core   0: 3 0x80003f70 (0x8f39) x14 0x00000000
core   0: 0x80003f72 (0xad3baf97) auipc   t6, 0xad3ba
core   0: 3 0x80003f72 (0xad3baf97) x31 0x2d3bdf72
core   0: 0x80003f76 (0x02b8e463) bltu    a7, a1, pc + 40
core   0: 3 0x80003f76 (0x02b8e463)
core   0: 0x80003f7a (0x028e1263) bne     t3, s0, pc + 36
core   0: 3 0x80003f7a (0x028e1263)
core   0: 0x80003f9e (0x00e29d33) sll     s10, t0, a4
core   0: 3 0x80003f9e (0x00e29d33) x26 0x00080001
core   0: 0x80003fa2 (0x41c30133) sub     sp, t1, t3
core   0: 3 0x80003fa2 (0x41c30133) x 2 0x00000000
core   0: 0x80003fa6 (0x02989e63) bne     a7, s1, pc + 60
core   0: 3 0x80003fa6 (0x02989e63)
core   0: 0x80003fe2 (0x00008e69) c.and   a2, a0
core   0: 3 0x80003fe2 (0x8e69) x12 0x00000480
core   0: 0x80003fe4 (0x77aee393) ori     t2, t4, 1914
core   0: 3 0x80003fe4 (0x77aee393) x 7 0x0000077a
core   0: 0x80003fe8 (0x65e8e093) ori     ra, a7, 1630
core   0: 3 0x80003fe8 (0x65e8e093) x 1 0xc0200f7e
core   0: 0x80003fec (0x02b04eb3) div     t4, zero, a1
core   0: 3 0x80003fec (0x02b04eb3) x29 0xffffffff
core   0: 0x80003ff0 (0x6d23ee13) ori     t3, t2, 1746
core   0: 3 0x80003ff0 (0x6d23ee13) x28 0x000007fa
core   0: 0x80003ff4 (0x00000001) c.nop
core   0: 3 0x80003ff4 (0x0001)
core   0: 0x80003ff6 (0x0ff0000f) fence   iorw,iorw
core   0: 3 0x80003ff6 (0x0ff0000f)
core   0: 0x80003ffa (0x00006111) c.addi16sp sp, 256
core   0: 3 0x80003ffa (0x6111) x 2 0x00000100
core   0: 0x80003ffc (0x03f8c533) div     a0, a7, t6
core   0: 3 0x80003ffc (0x03f8c533) x10 0xffffffff
core   0: 0x80004000 (0x02d65633) divu    a2, a2, a3
core   0: 3 0x80004000 (0x02d65633) x12 0x00000000
core   0: 0x80004004 (0x004f4763) blt     t5, tp, pc + 14
core   0: 3 0x80004004 (0x004f4763)
core   0: 0x80004012 (0x0000e79d) c.bnez  a5, pc + 46
core   0: 3 0x80004012 (0xe79d)
core   0: 0x80004040 (0x01ed5c63) bge     s10, t5, pc + 24
core   0: 3 0x80004040 (0x01ed5c63)
core   0: 0x80004058 (0x021940b3) div     ra, s2, ra
core   0: 3 0x80004058 (0x021940b3) x 1 0x00000002
core   0: 0x8000405c (0x00000892) c.slli  a7, 4
core   0: 3 0x8000405c (0x0892) x17 0x0200f6c0
core   0: 0x8000405e (0x000045dd) c.li    a1, 23
core   0: 3 0x8000405e (0x45dd) x11 0x00000017
core   0: 0x80004060 (0x0000819d) c.srli  a1, 7
core   0: 3 0x80004060 (0x819d) x11 0x00000000
core   0: 0x80004062 (0x003d4633) xor     a2, s10, gp
core   0: 3 0x80004062 (0x003d4633) x12 0xa16ade33
core   0: 0x80004066 (0x6335a593) slti    a1, a1, 1587
core   0: 3 0x80004066 (0x6335a593) x11 0x00000001
core   0: 0x8000406a (0x0ff0000f) fence   iorw,iorw
core   0: 3 0x8000406a (0x0ff0000f)
core   0: 0x8000406e (0x0000861a) c.mv    a2, t1
core   0: 3 0x8000406e (0x861a) x12 0x00000001
core   0: 0x80004070 (0x03c8d633) divu    a2, a7, t3
core   0: 3 0x80004070 (0x03c8d633) x12 0x0000404f
core   0: 0x80004074 (0x013449b3) xor     s3, s0, s3
core   0: 3 0x80004074 (0x013449b3) x19 0x00000001
core   0: 0x80004078 (0x0000089d) c.addi  a7, 7
core   0: 3 0x80004078 (0x089d) x17 0x0200f6c7
core   0: 0x8000407a (0x04797063) bgeu    s2, t2, pc + 64
core   0: 3 0x8000407a (0x04797063)
core   0: 0x800040ba (0x00946133) or      sp, s0, s1
core   0: 3 0x800040ba (0x00946133) x 2 0x00000000
core   0: 0x800040be (0x412c56b3) sra     a3, s8, s2
core   0: 3 0x800040be (0x412c56b3) x13 0xffffffff
core   0: 0x800040c2 (0x00008695) c.srai  a3, 5
core   0: 3 0x800040c2 (0x8695) x13 0xffffffff
core   0: 0x800040c4 (0x026431b3) mulhu   gp, s0, t1
core   0: 3 0x800040c4 (0x026431b3) x 3 0x00000000
core   0: 0x800040c8 (0x00006f65) c.lui   t5, 0x19
core   0: 3 0x800040c8 (0x6f65) x30 0x00019000
core   0: 0x800040ca (0x03cfec33) rem     s8, t6, t3
core   0: 3 0x800040ca (0x03cfec33) x24 0x000005da
core   0: 0x800040ce (0x6f6dc313) xori    t1, s11, 1782
core   0: 3 0x800040ce (0x6f6dc313) x 6 0x80022892
core   0: 0x800040d2 (0xe3a7f7b7) lui     a5, 0xe3a7f
core   0: 3 0x800040d2 (0xe3a7f7b7) x15 0xe3a7f000
core   0: 0x800040d6 (0x03e9b633) mulhu   a2, s3, t5
core   0: 3 0x800040d6 (0x03e9b633) x12 0x00000000
core   0: 0x800040da (0x41875513) srai    a0, a4, 24
core   0: 3 0x800040da (0x41875513) x10 0x00000000
core   0: 0x800040de (0x00008e51) c.or    a2, a2
core   0: 3 0x800040de (0x8e51) x12 0x00000000
core   0: 0x800040e0 (0x0099afb3) slt     t6, s3, s1
core   0: 3 0x800040e0 (0x0099afb3) x31 0x00000000
core   0: 0x800040e4 (0x41565113) srai    sp, a2, 21
core   0: 3 0x800040e4 (0x41565113) x 2 0x00000000
core   0: 0x800040e8 (0x0000100f) fence.i
core   0: 3 0x800040e8 (0x0000100f)
core   0: 0x800040ec (0x01738cb3) add     s9, t2, s7
core   0: 3 0x800040ec (0x01738cb3) x25 0x0000077a
core   0: 0x800040f0 (0xef46f113) andi    sp, a3, -268
core   0: 3 0x800040f0 (0xef46f113) x 2 0xfffffef4
core   0: 0x800040f4 (0x00000001) c.nop
core   0: 3 0x800040f4 (0x0001)
core   0: 0x800040f6 (0x02568b33) mul     s6, a3, t0
core   0: 3 0x800040f6 (0x02568b33) x22 0xfff7ffff
core   0: 0x800040fa (0x01f7e763) bltu    a5, t6, pc + 14
core   0: 3 0x800040fa (0x01f7e763)
core   0: 0x800040fe (0x00008ec1) c.or    a3, s0
core   0: 3 0x800040fe (0x8ec1) x13 0xffffffff
core   0: 0x80004100 (0xabef3c13) sltiu   s8, t5, -1346
core   0: 3 0x80004100 (0xabef3c13) x24 0x00000001
core   0: 0x80004104 (0x95fd0493) addi    s1, s10, -1697
core   0: 3 0x80004104 (0x95fd0493) x 9 0x0007f960
core   0: 0x80004108 (0x00000a9d) c.addi  s5, 7
core   0: 3 0x80004108 (0x0a9d) x21 0xa162de39
core   0: 0x8000410a (0x030fe863) bltu    t6, a6, pc + 48
core   0: 3 0x8000410a (0x030fe863)
core   0: 0x8000413a (0x00008d05) c.sub   a0, s1
core   0: 3 0x8000413a (0x8d05) x10 0xfff806a0
core   0: 0x8000413c (0x02494c33) div     s8, s2, tp
core   0: 3 0x8000413c (0x02494c33) x24 0xffffffff
core   0: 0x80004140 (0x000011fd) c.addi  gp, -1
core   0: 3 0x80004140 (0x11fd) x 3 0xffffffff
core   0: 0x80004142 (0xc72d2397) auipc   t2, 0xc72d2
core   0: 3 0x80004142 (0xc72d2397) x 7 0x472d6142
core   0: 0x80004146 (0x019ee563) bltu    t4, s9, pc + 10
core   0: 3 0x80004146 (0x019ee563)
core   0: 0x8000414a (0x000088e5) c.andi  s1, 25
core   0: 3 0x8000414a (0x88e5) x 9 0x00000000
core   0: 0x8000414c (0x0000e59d) c.bnez  a1, pc + 46
core   0: 3 0x8000414c (0xe59d)
core   0: 0x8000417a (0xd8b1ee93) ori     t4, gp, -629
core   0: 3 0x8000417a (0xd8b1ee93) x29 0xffffffff
core   0: 0x8000417e (0x0374a6b3) mulhsu  a3, s1, s7
core   0: 3 0x8000417e (0x0374a6b3) x13 0x00000000
core   0: 0x80004182 (0x4c56ee13) ori     t3, a3, 1221
core   0: 3 0x80004182 (0x4c56ee13) x28 0x000004c5
core   0: 0x80004186 (0x01bedab3) srl     s5, t4, s11
core   0: 3 0x80004186 (0x01bedab3) x21 0x0fffffff
core   0: 0x8000418a (0x00000001) c.nop
core   0: 3 0x8000418a (0x0001)
core   0: 0x8000418c (0x012a9713) slli    a4, s5, 18
core   0: 3 0x8000418c (0x012a9713) x14 0xfffc0000
core   0: 0x80004190 (0x902b4393) xori    t2, s6, -1790
core   0: 3 0x80004190 (0x902b4393) x 7 0x000806fd
core   0: 0x80004194 (0x00008f85) c.sub   a5, s1
core   0: 3 0x80004194 (0x8f85) x15 0xe3a7f000
core   0: 0x80004196 (0x033f54b3) divu    s1, t5, s3
core   0: 3 0x80004196 (0x033f54b3) x 9 0x00019000
core   0: 0x8000419a (0x00005afd) c.li    s5, -1
core   0: 3 0x8000419a (0x5afd) x21 0xffffffff
core   0: 0x8000419c (0x6e1cb293) sltiu   t0, s9, 1761
core   0: 3 0x8000419c (0x6e1cb293) x 5 0x00000000
core   0: 0x800041a0 (0x00004c3d) c.li    s8, 15
core   0: 3 0x800041a0 (0x4c3d) x24 0x0000000f
core   0: 0x800041a2 (0x016b9e63) bne     s7, s6, pc + 28
core   0: 3 0x800041a2 (0x016b9e63)
core   0: 0x800041be (0x00008e2d) c.xor   a2, a1
core   0: 3 0x800041be (0x8e2d) x12 0x00000001
core   0: 0x800041c0 (0xd7710a13) addi    s4, sp, -649
core   0: 3 0x800041c0 (0xd7710a13) x20 0xfffffc6b
core   0: 0x800041c4 (0x01bcce63) blt     s9, s11, pc + 28
core   0: 3 0x800041c4 (0x01bcce63)
core   0: 0x800041c8 (0x00001384) c.addi4spn s1, sp, 480
core   0: 3 0x800041c8 (0x1384) x 9 0x000000d4
core   0: 0x800041ca (0x00008dc9) c.or    a1, a0
core   0: 3 0x800041ca (0x8dc9) x11 0xfff806a1
core   0: 0x800041cc (0x0000100f) fence.i
core   0: 3 0x800041cc (0x0000100f)
core   0: 0x800041d0 (0x00008e6d) c.and   a2, a1
core   0: 3 0x800041d0 (0x8e6d) x12 0x00000001
core   0: 0x800041d2 (0x00cd0963) beq     s10, a2, pc + 18
core   0: 3 0x800041d2 (0x00cd0963)
core   0: 0x800041d6 (0x02eb91b3) mulh    gp, s7, a4
core   0: 3 0x800041d6 (0x02eb91b3) x 3 0x00000000
core   0: 0x800041da (0x00000001) c.nop
core   0: 3 0x800041da (0x0001)
core   0: 0x800041dc (0x0000cd0d) c.beqz  a0, pc + 58
core   0: 3 0x800041dc (0xcd0d)
core   0: 0x800041de (0x00008d15) c.sub   a0, a3
core   0: 3 0x800041de (0x8d15) x10 0xfff806a0
core   0: 0x800041e0 (0x0000cb19) c.beqz  a4, pc + 22
core   0: 3 0x800041e0 (0xcb19)
core   0: 0x800041e2 (0x00000001) c.nop
core   0: 3 0x800041e2 (0x0001)
core   0: 0x800041e4 (0x00000001) c.nop
core   0: 3 0x800041e4 (0x0001)
core   0: 0x800041e6 (0x01663d33) sltu    s10, a2, s6
core   0: 3 0x800041e6 (0x01663d33) x26 0x00000001
core   0: 0x800041ea (0x03c75b33) divu    s6, a4, t3
core   0: 3 0x800041ea (0x03c75b33) x22 0x0035abb7
core   0: 0x800041ee (0x00251793) slli    a5, a0, 2
core   0: 3 0x800041ee (0x00251793) x15 0xffe01a80
core   0: 0x800041f2 (0x2aeea693) slti    a3, t4, 686
core   0: 3 0x800041f2 (0x2aeea693) x13 0x00000001
core   0: 0x800041f6 (0x00008ae9) c.andi  a3, 26
core   0: 3 0x800041f6 (0x8ae9) x13 0x00000000
core   0: 0x800041f8 (0x02ae9d33) mulh    s10, t4, a0
core   0: 3 0x800041f8 (0x02ae9d33) x26 0x00000000
core   0: 0x800041fc (0x9ea46093) ori     ra, s0, -1558
core   0: 3 0x800041fc (0x9ea46093) x 1 0xfffff9ea
core   0: 0x80004200 (0x026ab333) mulhu   t1, s5, t1
core   0: 3 0x80004200 (0x026ab333) x 6 0x80022891
core   0: 0x80004204 (0x000080f1) c.srli  s1, 28
core   0: 3 0x80004204 (0x80f1) x 9 0x00000000
core   0: 0x80004206 (0x0000c08d) c.beqz  s1, pc + 34
core   0: 3 0x80004206 (0xc08d)
core   0: 0x80004228 (0x00b04eb3) xor     t4, zero, a1
core   0: 3 0x80004228 (0x00b04eb3) x29 0xfff806a1
core   0: 0x8000422c (0x0000823a) c.mv    tp, a4
core   0: 3 0x8000422c (0x823a) x 4 0xfffc0000
core   0: 0x8000422e (0x00008e31) c.xor   a2, a2
core   0: 3 0x8000422e (0x8e31) x12 0x00000000
core   0: 0x80004230 (0x04f7f163) bgeu    a5, a5, pc + 66
core   0: 3 0x80004230 (0x04f7f163)
core   0: 0x80004272 (0x00008fa5) c.xor   a5, s1
core   0: 3 0x80004272 (0x8fa5) x15 0xffe01a80
core   0: 0x80004274 (0x00001c7d) c.addi  s8, -1
core   0: 3 0x80004274 (0x1c7d) x24 0x0000000e
core   0: 0x80004276 (0x7d943d13) sltiu   s10, s0, 2009
core   0: 3 0x80004276 (0x7d943d13) x26 0x00000001
core   0: 0x8000427a (0x00000001) c.nop
core   0: 3 0x8000427a (0x0001)
core   0: 0x8000427c (0x01721c13) slli    s8, tp, 23
core   0: 3 0x8000427c (0x01721c13) x24 0x00000000
core   0: 0x80004280 (0xef5851b7) lui     gp, 0xef585
core   0: 3 0x80004280 (0xef5851b7) x 3 0xef585000
core   0: 0x80004284 (0x016e48b3) xor     a7, t3, s6
core   0: 3 0x80004284 (0x016e48b3) x17 0x0035af72
core   0: 0x80004288 (0x00758833) add     a6, a1, t2
core   0: 3 0x80004288 (0x00758833) x16 0x00000d9e
core   0: 0x8000428c (0x000083cd) c.srli  a5, 19
core   0: 3 0x8000428c (0x83cd) x15 0x00001ffc
core   0: 0x8000428e (0x07f4ba13) sltiu   s4, s1, 127
core   0: 3 0x8000428e (0x07f4ba13) x20 0x00000001
core   0: 0x80004292 (0x0031a9b3) slt     s3, gp, gp
core   0: 3 0x80004292 (0x0031a9b3) x19 0x00000000
core   0: 0x80004296 (0x00008ff9) c.and   a5, a4
core   0: 3 0x80004296 (0x8ff9) x15 0x00000000
core   0: 0x80004298 (0x00009252) c.add   tp, s4
core   0: 3 0x80004298 (0x9252) x 4 0xfffc0001
core   0: 0x8000429a (0x027c4463) blt     s8, t2, pc + 40
core   0: 3 0x8000429a (0x027c4463)
core   0: 0x800042c2 (0x00008535) c.srai  a0, 13
core   0: 3 0x800042c2 (0x8535) x10 0xffffffc0
core   0: 0x800042c4 (0x03286c33) rem     s8, a6, s2
core   0: 3 0x800042c4 (0x03286c33) x24 0x00000d9e
core   0: 0x800042c8 (0x00e85563) bge     a6, a4, pc + 10
core   0: 3 0x800042c8 (0x00e85563)
core   0: 0x800042d2 (0x036259b3) divu    s3, tp, s6
core   0: 3 0x800042d2 (0x036259b3) x19 0x000004c5
core   0: 0x800042d6 (0x01166eb3) or      t4, a2, a7
core   0: 3 0x800042d6 (0x01166eb3) x29 0x0035af72
core   0: 0x800042da (0xe34bb3b7) lui     t2, 0xe34bb
core   0: 3 0x800042da (0xe34bb3b7) x 7 0xe34bb000
core   0: 0x800042de (0x03e16a63) bltu    sp, t5, pc + 52
core   0: 3 0x800042de (0x03e16a63)
core   0: 0x800042e2 (0x015c6bb3) or      s7, s8, s5
core   0: 3 0x800042e2 (0x015c6bb3) x23 0xffffffff
core   0: 0x800042e6 (0x00a17563) bgeu    sp, a0, pc + 10
core   0: 3 0x800042e6 (0x00a17563)
core   0: 0x800042ea (0x00008f1d) c.sub   a4, a5
core   0: 3 0x800042ea (0x8f1d) x14 0xfffc0000
core   0: 0x800042ec (0x845402b7) lui     t0, 0x84540
core   0: 3 0x800042ec (0x845402b7) x 5 0x84540000
core   0: 0x800042f0 (0x00008d3d) c.xor   a0, a5
core   0: 3 0x800042f0 (0x8d3d) x10 0xffffffc0
core   0: 0x800042f2 (0x000084d5) c.srai  s1, 21
core   0: 3 0x800042f2 (0x84d5) x 9 0x00000000
core   0: 0x800042f4 (0x00009bb6) c.add   s7, a3
core   0: 3 0x800042f4 (0x9bb6) x23 0xffffffff
core   0: 0x800042f6 (0x03fc4b33) div     s6, s8, t6
core   0: 3 0x800042f6 (0x03fc4b33) x22 0xffffffff
core   0: 0x800042fa (0x01a5d693) srli    a3, a1, 26
core   0: 3 0x800042fa (0x01a5d693) x13 0x0000003f
core   0: 0x800042fe (0x00f39513) slli    a0, t2, 15
core   0: 3 0x800042fe (0x00f39513) x10 0xd8000000
core   0: 0x80004302 (0x01537533) and     a0, t1, s5
core   0: 3 0x80004302 (0x01537533) x10 0x80022891
core   0: 0x80004306 (0xb726ac97) auipc   s9, 0xb726a
core   0: 3 0x80004306 (0xb726ac97) x25 0x3726e306
core   0: 0x8000430a (0x8978cb93) xori    s7, a7, -1897
core   0: 3 0x8000430a (0x8978cb93) x23 0xffca57e5
core   0: 0x8000430e (0xf6b3a893) slti    a7, t2, -149
core   0: 3 0x8000430e (0xf6b3a893) x17 0x00000001
core   0: 0x80004312 (0x0124ed63) bltu    s1, s2, pc + 26
core   0: 3 0x80004312 (0x0124ed63)
core   0: 0x8000432c (0x00008d22) c.mv    s10, s0
core   0: 3 0x8000432c (0x8d22) x26 0x00000000
core   0: 0x8000432e (0x026d1a63) bne     s10, t1, pc + 52
core   0: 3 0x8000432e (0x026d1a63)
core   0: 0x80004362 (0x000055fd) c.li    a1, -1
core   0: 3 0x80004362 (0x55fd) x11 0xffffffff
core   0: 0x80004364 (0x0000854e) c.mv    a0, s3
core   0: 3 0x80004364 (0x854e) x10 0x000004c5
core   0: 0x80004366 (0x0ff0000f) fence   iorw,iorw
core   0: 3 0x80004366 (0x0ff0000f)
core   0: 0x8000436a (0x03ec9d33) mulh    s10, s9, t5
core   0: 3 0x8000436a (0x03ec9d33) x26 0x0000562c
core   0: 0x8000436e (0x00001888) c.addi4spn a0, sp, 112
core   0: 3 0x8000436e (0x1888) x10 0xffffff64
core   0: 0x80004370 (0x00001810) c.addi4spn a2, sp, 48
core   0: 3 0x80004370 (0x1810) x12 0xffffff24
core   0: 0x80004372 (0xd6b4ec13) ori     s8, s1, -661
core   0: 3 0x80004372 (0xd6b4ec13) x24 0xfffffd6b
core   0: 0x80004376 (0x021a77b3) remu    a5, s4, ra
core   0: 3 0x80004376 (0x021a77b3) x15 0x00000001
core   0: 0x8000437a (0x0270c133) div     sp, ra, t2
core   0: 3 0x8000437a (0x0270c133) x 2 0x00000000
core   0: 0x8000437e (0x0000833d) c.srli  a4, 15
core   0: 3 0x8000437e (0x833d) x14 0x0001fff8
core   0: 0x80004380 (0x000099c2) c.add   s3, a6
core   0: 3 0x80004380 (0x99c2) x19 0x00001263
core   0: 0x80004382 (0x0248ff33) remu    t5, a7, tp
core   0: 3 0x80004382 (0x0248ff33) x30 0x00000001
core   0: 0x80004386 (0x0000835d) c.srli  a4, 23
core   0: 3 0x80004386 (0x835d) x14 0x00000000
core   0: 0x80004388 (0x876fa1b7) lui     gp, 0x876fa
core   0: 3 0x80004388 (0x876fa1b7) x 3 0x876fa000
core   0: 0x8000438c (0x0ff0000f) fence   iorw,iorw
core   0: 3 0x8000438c (0x0ff0000f)
core   0: 0x80004390 (0x0000ea99) c.bnez  a3, pc + 22
core   0: 3 0x80004390 (0xea99)
core   0: 0x800043a6 (0x0000717d) c.addi16sp sp, -16
core   0: 3 0x800043a6 (0x717d) x 2 0xfffffff0
core   0: 0x800043a8 (0x411bd333) sra     t1, s7, a7
core   0: 3 0x800043a8 (0x411bd333) x 6 0xffe52bf2
core   0: 0x800043ac (0x00000001) c.nop
core   0: 3 0x800043ac (0x0001)
core   0: 0x800043ae (0x00008c56) c.mv    s8, s5
core   0: 3 0x800043ae (0x8c56) x24 0xffffffff
core   0: 0x800043b0 (0x00008f1d) c.sub   a4, a5
core   0: 3 0x800043b0 (0x8f1d) x14 0xffffffff
core   0: 0x800043b2 (0x000081cd) c.srli  a1, 19
core   0: 3 0x800043b2 (0x81cd) x11 0x00001fff
core   0: 0x800043b4 (0x0ff0000f) fence   iorw,iorw
core   0: 3 0x800043b4 (0x0ff0000f)
core   0: 0x800043b8 (0x02a9f2b3) remu    t0, s3, a0
core   0: 3 0x800043b8 (0x02a9f2b3) x 5 0x00001263
core   0: 0x800043bc (0x00141193) slli    gp, s0, 1
core   0: 3 0x800043bc (0x00141193) x 3 0x00000000
core   0: 0x800043c0 (0x00000888) c.addi4spn a0, sp, 80
core   0: 3 0x800043c0 (0x0888) x10 0x00000040
core   0: 0x800043c2 (0x00008c99) c.sub   s1, a4
core   0: 3 0x800043c2 (0x8c99) x 9 0x00000001
core   0: 0x800043c4 (0x00000001) c.nop
core   0: 3 0x800043c4 (0x0001)
core   0: 0x800043c6 (0x02acd563) bge     s9, a0, pc + 42
core   0: 3 0x800043c6 (0x02acd563)
core   0: 0x800043f0 (0x00000b96) c.slli  s7, 5
core   0: 3 0x800043f0 (0x0b96) x23 0xf94afca0
core   0: 0x800043f2 (0x003483b3) add     t2, s1, gp
core   0: 3 0x800043f2 (0x003483b3) x 7 0x00000001
core   0: 0x800043f6 (0x9f64b293) sltiu   t0, s1, -1546
core   0: 3 0x800043f6 (0x9f64b293) x 5 0x00000001
core   0: 0x800043fa (0x03975cb3) divu    s9, a4, s9
core   0: 3 0x800043fa (0x03975cb3) x25 0x00000004
core   0: 0x800043fe (0x00bdc233) xor     tp, s11, a1
core   0: 3 0x800043fe (0x00bdc233) x 4 0x8002319b
core   0: 0x80004402 (0x0000481d) c.li    a6, 7
core   0: 3 0x80004402 (0x481d) x16 0x00000007
core   0: 0x80004404 (0x02ac8763) beq     s9, a0, pc + 46
core   0: 3 0x80004404 (0x02ac8763)
core   0: 0x80004408 (0x015fe3b3) or      t2, t6, s5
core   0: 3 0x80004408 (0x015fe3b3) x 7 0xffffffff
core   0: 0x8000440c (0x00006c79) c.lui   s8, 0x1e
core   0: 3 0x8000440c (0x6c79) x24 0x0001e000
core   0: 0x8000440e (0x0000ee19) c.bnez  a2, pc + 30
core   0: 3 0x8000440e (0xee19)
core   0: 0x8000442c (0x00b9abb3) slt     s7, s3, a1
core   0: 3 0x8000442c (0x00b9abb3) x23 0x00000001
core   0: 0x80004430 (0x00008df5) c.and   a1, a3
core   0: 3 0x80004430 (0x8df5) x11 0x0000003f
core   0: 0x80004432 (0x00008779) c.srai  a4, 30
core   0: 3 0x80004432 (0x8779) x14 0xffffffff
core   0: 0x80004434 (0x03b43833) mulhu   a6, s0, s11
core   0: 3 0x80004434 (0x03b43833) x16 0x00000000
core   0: 0x80004438 (0x00008fba) c.mv    t6, a4
core   0: 3 0x80004438 (0x8fba) x31 0xffffffff
core   0: 0x8000443a (0x014a1393) slli    t2, s4, 20
core   0: 3 0x8000443a (0x014a1393) x 7 0x00100000
core   0: 0x8000443e (0x000061a1) c.lui   gp, 0x8
core   0: 3 0x8000443e (0x61a1) x 3 0x00008000
core   0: 0x80004440 (0x01ec8333) add     t1, s9, t5
core   0: 3 0x80004440 (0x01ec8333) x 6 0x00000005
core   0: 0x80004444 (0x769dcd17) auipc   s10, 0x769dc
core   0: 3 0x80004444 (0x769dcd17) x26 0xf69e0444
core   0: 0x80004448 (0xabfe3513) sltiu   a0, t3, -1345
core   0: 3 0x80004448 (0xabfe3513) x10 0x00000001
core   0: 0x8000444c (0x00008fb5) c.xor   a5, a3
core   0: 3 0x8000444c (0x8fb5) x15 0x0000003e
core   0: 0x8000444e (0xf24ef493) andi    s1, t4, -220
core   0: 3 0x8000444e (0xf24ef493) x 9 0x0035af20
core   0: 0x80004452 (0x0000e531) c.bnez  a0, pc + 76
core   0: 3 0x80004452 (0xe531)
core   0: 0x8000449e (0x01833cb3) sltu    s9, t1, s8
core   0: 3 0x8000449e (0x01833cb3) x25 0x00000001
core   0: 0x800044a2 (0x401fd7b3) sra     a5, t6, ra
core   0: 3 0x800044a2 (0x401fd7b3) x15 0xffffffff
core   0: 0x800044a6 (0x0000c611) c.beqz  a2, pc + 12
core   0: 3 0x800044a6 (0xc611)
core   0: 0x800044a8 (0x00008f65) c.and   a4, s1
core   0: 3 0x800044a8 (0x8f65) x14 0x0035af20
core   0: 0x800044aa (0x01beed63) bltu    t4, s11, pc + 26
core   0: 3 0x800044aa (0x01beed63)
core   0: 0x800044c4 (0x029ebc33) mulhu   s8, t4, s1
core   0: 3 0x800044c4 (0x029ebc33) x24 0x00000b42
core   0: 0x800044c8 (0x02029333) mulh    t1, t0, zero
core   0: 3 0x800044c8 (0x02029333) x 6 0x00000000
core   0: 0x800044cc (0x41150633) sub     a2, a0, a7
core   0: 3 0x800044cc (0x41150633) x12 0x00000000
core   0: 0x800044d0 (0x00008d71) c.and   a0, a2
core   0: 3 0x800044d0 (0x8d71) x10 0x00000000
core   0: 0x800044d2 (0x004474b3) and     s1, s0, tp
core   0: 3 0x800044d2 (0x004474b3) x 9 0x00000000
core   0: 0x800044d6 (0x9c8f8f93) addi    t6, t6, -1592
core   0: 3 0x800044d6 (0x9c8f8f93) x31 0xfffff9c7
core   0: 0x800044da (0x01829763) bne     t0, s8, pc + 14
core   0: 3 0x800044da (0x01829763)
core   0: 0x800044e8 (0x01019b63) bne     gp, a6, pc + 22
core   0: 3 0x800044e8 (0x01019b63)
core   0: 0x800044fe (0x00008f61) c.and   a4, s0
core   0: 3 0x800044fe (0x8f61) x14 0x00000000
core   0: 0x80004500 (0x92da6b13) ori     s6, s4, -1747
core   0: 3 0x80004500 (0x92da6b13) x22 0xfffff92d
core   0: 0x80004504 (0x000009b6) c.slli  s3, 13
core   0: 3 0x80004504 (0x09b6) x19 0x024c6000
core   0: 0x80004506 (0x0218bfb3) mulhu   t6, a7, ra
core   0: 3 0x80004506 (0x0218bfb3) x31 0x00000000
core   0: 0x8000450a (0x03bb0533) mul     a0, s6, s11
core   0: 3 0x8000450a (0x03bb0533) x10 0x711d6b94
core   0: 0x8000450e (0x02e81063) bne     a6, a4, pc + 32
core   0: 3 0x8000450e (0x02e81063)
core   0: 0x80004512 (0x02ec8b63) beq     s9, a4, pc + 54
core   0: 3 0x80004512 (0x02ec8b63)
core   0: 0x80004516 (0x01e09a63) bne     ra, t5, pc + 20
core   0: 3 0x80004516 (0x01e09a63)
core   0: 0x8000452a (0x00006ecd) c.lui   t4, 0x13
core   0: 3 0x8000452a (0x6ecd) x29 0x00013000
core   0: 0x8000452c (0x00008a2d) c.andi  a2, 11
core   0: 3 0x8000452c (0x8a2d) x12 0x00000000
core   0: 0x8000452e (0x000046b1) c.li    a3, 12
core   0: 3 0x8000452e (0x46b1) x13 0x0000000c
core   0: 0x80004530 (0x00000001) c.nop
core   0: 3 0x80004530 (0x0001)
core   0: 0x80004532 (0xf4562493) slti    s1, a2, -187
core   0: 3 0x80004532 (0xf4562493) x 9 0x00000000
core   0: 0x80004536 (0x02fb0163) beq     s6, a5, pc + 34
core   0: 3 0x80004536 (0x02fb0163)
core   0: 0x8000453a (0xd9840c13) addi    s8, s0, -616
core   0: 3 0x8000453a (0xd9840c13) x24 0xfffffd98
core   0: 0x8000453e (0x0000826d) c.srli  a2, 27
core   0: 3 0x8000453e (0x826d) x12 0x00000000
core   0: 0x80004540 (0x00919613) slli    a2, gp, 9
core   0: 3 0x80004540 (0x00919613) x12 0x01000000
core   0: 0x80004544 (0x029ccfb3) div     t6, s9, s1
core   0: 3 0x80004544 (0x029ccfb3) x31 0xffffffff
core   0: 0x80004548 (0x015da633) slt     a2, s11, s5
core   0: 3 0x80004548 (0x015da633) x12 0x00000001
core   0: 0x8000454c (0x010e43b3) xor     t2, t3, a6
core   0: 3 0x8000454c (0x010e43b3) x 7 0x000004c5
core   0: 0x80004550 (0x00008d5d) c.or    a0, a5
core   0: 3 0x80004550 (0x8d5d) x10 0xffffffff
core   0: 0x80004552 (0x0000061a) c.slli  a2, 6
core   0: 3 0x80004552 (0x061a) x12 0x00000040
core   0: 0x80004554 (0x4953f793) andi    a5, t2, 1173
core   0: 3 0x80004554 (0x4953f793) x15 0x00000485
core   0: 0x80004558 (0x03c60963) beq     a2, t3, pc + 50
core   0: 3 0x80004558 (0x03c60963)
core   0: 0x8000455c (0x00009a7d) c.andi  a2, -1
core   0: 3 0x8000455c (0x9a7d) x12 0x00000040
core   0: 0x8000455e (0x00004239) c.li    tp, 14
core   0: 3 0x8000455e (0x4239) x 4 0x0000000e
core   0: 0x80004560 (0x00008e2d) c.xor   a2, a1
core   0: 3 0x80004560 (0x8e2d) x12 0x0000007f
core   0: 0x80004562 (0x000061e9) c.lui   gp, 0x1a
core   0: 3 0x80004562 (0x61e9) x 3 0x0001a000
core   0: 0x80004564 (0x0000100f) fence.i
core   0: 3 0x80004564 (0x0000100f)
core   0: 0x80004568 (0x00794bb3) xor     s7, s2, t2
core   0: 3 0x80004568 (0x00794bb3) x23 0x80026821
core   0: 0x8000456c (0x40420b33) sub     s6, tp, tp
core   0: 3 0x8000456c (0x40420b33) x22 0x00000000
core   0: 0x80004570 (0x03b6c163) blt     a3, s11, pc + 34
core   0: 3 0x80004570 (0x03b6c163)
core   0: 0x80004574 (0x00000001) c.nop
core   0: 3 0x80004574 (0x0001)
core   0: 0x80004576 (0x011ffe63) bgeu    t6, a7, pc + 28
core   0: 3 0x80004576 (0x011ffe63)
core   0: 0x80004592 (0x4142d9b3) sra     s3, t0, s4
core   0: 3 0x80004592 (0x4142d9b3) x19 0x00000000
core   0: 0x80004596 (0x00004aa1) c.li    s5, 8
core   0: 3 0x80004596 (0x4aa1) x21 0x00000008
core   0: 0x80004598 (0x00009afd) c.andi  a3, -1
core   0: 3 0x80004598 (0x9afd) x13 0x0000000c
core   0: 0x8000459a (0x409ed193) srai    gp, t4, 9
core   0: 3 0x8000459a (0x409ed193) x 3 0x00000098
core   0: 0x8000459e (0x41bcd993) srai    s3, s9, 27
core   0: 3 0x8000459e (0x41bcd993) x19 0x00000000
core   0: 0x800045a2 (0x41d2df13) srai    t5, t0, 29
core   0: 3 0x800045a2 (0x41d2df13) x30 0x00000000
core   0: 0x800045a6 (0x059e1163) bne     t3, s9, pc + 66
core   0: 3 0x800045a6 (0x059e1163)
core   0: 0x800045e8 (0x2de52013) slti    zero, a0, 734
core   0: 3 0x800045e8 (0x2de52013)
core   0: 0x800045ec (0x00001318) c.addi4spn a4, sp, 416
core   0: 3 0x800045ec (0x1318) x14 0x00000190
core   0: 0x800045ee (0x00000001) c.nop
core   0: 3 0x800045ee (0x0001)
core   0: 0x800045f0 (0x0000127d) c.addi  tp, -1
core   0: 3 0x800045f0 (0x127d) x 4 0x0000000d
core   0: 0x800045f2 (0x01c3a1b3) slt     gp, t2, t3
core   0: 3 0x800045f2 (0x01c3a1b3) x 3 0x00000000
core   0: 0x800045f6 (0x0000c715) c.beqz  a4, pc + 44
core   0: 3 0x800045f6 (0xc715)
core   0: 0x800045f8 (0x004c2633) slt     a2, s8, tp
core   0: 3 0x800045f8 (0x004c2633) x12 0x00000001
core   0: 0x800045fc (0xd5e28193) addi    gp, t0, -674
core   0: 3 0x800045fc (0xd5e28193) x 3 0xfffffd5f
core   0: 0x80004600 (0x01d3b3b3) sltu    t2, t2, t4
core   0: 3 0x80004600 (0x01d3b3b3) x 7 0x00000001
core   0: 0x80004604 (0x00000c90) c.addi4spn a2, sp, 592
core   0: 3 0x80004604 (0x0c90) x12 0x00000240
core   0: 0x80004606 (0x03dacd63) blt     s5, t4, pc + 58
core   0: 3 0x80004606 (0x03dacd63)
core   0: 0x80004640 (0x0000924a) c.add   tp, s2
core   0: 3 0x80004640 (0x924a) x 4 0x80026cf1
core   0: 0x80004642 (0x0000c605) c.beqz  a2, pc + 40
core   0: 3 0x80004642 (0xc605)
core   0: 0x80004644 (0x02b1fb33) remu    s6, gp, a1
core   0: 3 0x80004644 (0x02b1fb33) x22 0x00000018
core   0: 0x80004648 (0x023ce9b3) rem     s3, s9, gp
core   0: 3 0x80004648 (0x023ce9b3) x19 0x00000001
core   0: 0x8000464c (0x00eeaf33) slt     t5, t4, a4
core   0: 3 0x8000464c (0x00eeaf33) x30 0x00000000
core   0: 0x80004650 (0x00001784) c.addi4spn s1, sp, 992
core   0: 3 0x80004650 (0x1784) x 9 0x000003d0
core   0: 0x80004652 (0x000085a1) c.srai  a1, 8
core   0: 3 0x80004652 (0x85a1) x11 0x00000000
core   0: 0x80004654 (0x0000098d) c.addi  s3, 3
core   0: 3 0x80004654 (0x098d) x19 0x00000004
core   0: 0x80004656 (0x00008d95) c.sub   a1, a3
core   0: 3 0x80004656 (0x8d95) x11 0xfffffff4
core   0: 0x80004658 (0x000015fd) c.addi  a1, -1
core   0: 3 0x80004658 (0x15fd) x11 0xfffffff3
core   0: 0x8000465a (0x02535133) divu    sp, t1, t0
core   0: 3 0x8000465a (0x02535133) x 2 0x00000000
core   0: 0x8000465e (0x01d75a63) bge     a4, t4, pc + 20
core   0: 3 0x8000465e (0x01d75a63)
core   0: 0x80004662 (0x0ff0000f) fence   iorw,iorw
core   0: 3 0x80004662 (0x0ff0000f)
core   0: 0x80004666 (0x016f9d13) slli    s10, t6, 22
core   0: 3 0x80004666 (0x016f9d13) x26 0xffc00000
core   0: 0x8000466a (0x00006251) c.lui   tp, 0x14
core   0: 3 0x8000466a (0x6251) x 4 0x00014000
core   0: 0x8000466c (0x00008cf1) c.and   s1, a2
core   0: 3 0x8000466c (0x8cf1) x 9 0x00000240
core   0: 0x8000466e (0x25818513) addi    a0, gp, 600
core   0: 3 0x8000466e (0x25818513) x10 0xffffffb7
core   0: 0x80004672 (0x0000100f) fence.i
core   0: 3 0x80004672 (0x0000100f)
core   0: 0x80004676 (0x009a87b3) add     a5, s5, s1
core   0: 3 0x80004676 (0x009a87b3) x15 0x00000248
core   0: 0x8000467a (0x0000987e) c.add   a6, t6
core   0: 3 0x8000467a (0x987e) x16 0xffffffff
core   0: 0x8000467c (0x00fe8963) beq     t4, a5, pc + 18
core   0: 3 0x8000467c (0x00fe8963)
core   0: 0x80004680 (0x00000001) c.nop
core   0: 3 0x80004680 (0x0001)
core   0: 0x80004682 (0x0000ef01) c.bnez  a4, pc + 24
core   0: 3 0x80004682 (0xef01)
core   0: 0x8000469a (0x012a0b63) beq     s4, s2, pc + 22
core   0: 3 0x8000469a (0x012a0b63)
core   0: 0x8000469e (0x00a6ff63) bgeu    a3, a0, pc + 30
core   0: 3 0x8000469e (0x00a6ff63)
core   0: 0x800046a2 (0x00006c55) c.lui   s8, 0x15
core   0: 3 0x800046a2 (0x6c55) x24 0x00015000
core   0: 0x800046a4 (0x0000cd19) c.beqz  a0, pc + 30
core   0: 3 0x800046a4 (0xcd19)
core   0: 0x800046a6 (0x00008d19) c.sub   a0, a4
core   0: 3 0x800046a6 (0x8d19) x10 0xfffffe27
core   0: 0x800046a8 (0x009beb33) or      s6, s7, s1
core   0: 3 0x800046a8 (0x009beb33) x22 0x80026a61
core   0: 0x800046ac (0x40fad0b3) sra     ra, s5, a5
core   0: 3 0x800046ac (0x40fad0b3) x 1 0x00000000
core   0: 0x800046b0 (0x00000715) c.addi  a4, 5
core   0: 3 0x800046b0 (0x0715) x14 0x00000195
core   0: 0x800046b2 (0x01ea67b3) or      a5, s4, t5
core   0: 3 0x800046b2 (0x01ea67b3) x15 0x00000001
core   0: 0x800046b6 (0x00004755) c.li    a4, 21
core   0: 3 0x800046b6 (0x4755) x14 0x00000015
core   0: 0x800046b8 (0x8504d497) auipc   s1, 0x8504d
core   0: 3 0x800046b8 (0x8504d497) x 9 0x050516b8
core   0: 0x800046bc (0x00006b71) c.lui   s6, 0x1c
core   0: 3 0x800046bc (0x6b71) x22 0x0001c000
core   0: 0x800046be (0x00008241) c.srli  a2, 16
core   0: 3 0x800046be (0x8241) x12 0x00000000
core   0: 0x800046c0 (0x000086e1) c.srai  a3, 24
core   0: 3 0x800046c0 (0x86e1) x13 0x00000000
core   0: 0x800046c2 (0x01a2eb63) bltu    t0, s10, pc + 22
core   0: 3 0x800046c2 (0x01a2eb63)
core   0: 0x800046d8 (0x02e11cb3) mulh    s9, sp, a4
core   0: 3 0x800046d8 (0x02e11cb3) x25 0x00000000
core   0: 0x800046dc (0x00001718) c.addi4spn a4, sp, 928
core   0: 3 0x800046dc (0x1718) x14 0x000003a0
core   0: 0x800046de (0x024a5533) divu    a0, s4, tp
core   0: 3 0x800046de (0x024a5533) x10 0x00000000
core   0: 0x800046e2 (0x000099de) c.add   s3, s7
core   0: 3 0x800046e2 (0x99de) x19 0x80026825
core   0: 0x800046e4 (0x00125693) srli    a3, tp, 1
core   0: 3 0x800046e4 (0x00125693) x13 0x0000a000
core   0: 0x800046e8 (0x000085c5) c.srai  a1, 17
core   0: 3 0x800046e8 (0x85c5) x11 0xffffffff
core   0: 0x800046ea (0x00008e19) c.sub   a2, a4
core   0: 3 0x800046ea (0x8e19) x12 0xfffffc60
core   0: 0x800046ec (0x000063e9) c.lui   t2, 0x1a
core   0: 3 0x800046ec (0x63e9) x 7 0x0001a000
core   0: 0x800046ee (0xf7f1f317) auipc   t1, 0xf7f1f
core   0: 3 0x800046ee (0xf7f1f317) x 6 0x77f236ee
core   0: 0x800046f2 (0x024c2ab3) mulhsu  s5, s8, tp
core   0: 3 0x800046f2 (0x024c2ab3) x21 0x00000001
core   0: 0x800046f6 (0x00008d25) c.xor   a0, s1
core   0: 3 0x800046f6 (0x8d25) x10 0x050516b8
core   0: 0x800046f8 (0x02376d33) rem     s10, a4, gp
core   0: 3 0x800046f8 (0x02376d33) x26 0x000000ff
core   0: 0x800046fc (0x0298ebb3) rem     s7, a7, s1
core   0: 3 0x800046fc (0x0298ebb3) x23 0x00000001
core   0: 0x80004700 (0x0ff0000f) fence   iorw,iorw
core   0: 3 0x80004700 (0x0ff0000f)
core   0: 0x80004704 (0x038be033) rem     zero, s7, s8
core   0: 3 0x80004704 (0x038be033)
core   0: 0x80004708 (0x006cd693) srli    a3, s9, 6
core   0: 3 0x80004708 (0x006cd693) x13 0x00000000
core   0: 0x8000470c (0x00008319) c.srli  a4, 6
core   0: 3 0x8000470c (0x8319) x14 0x0000000e
core   0: 0x8000470e (0x03a6c563) blt     a3, s10, pc + 42
core   0: 3 0x8000470e (0x03a6c563)
core   0: 0x80004738 (0xcea48bb7) lui     s7, 0xcea48
core   0: 3 0x80004738 (0xcea48bb7) x23 0xcea48000
core   0: 0x8000473c (0x0ff0000f) fence   iorw,iorw
core   0: 3 0x8000473c (0x0ff0000f)
core   0: 0x80004740 (0x00009532) c.add   a0, a2
core   0: 3 0x80004740 (0x9532) x10 0x05051318
core   0: 0x80004742 (0x0290c8b3) div     a7, ra, s1
core   0: 3 0x80004742 (0x0290c8b3) x17 0x00000000
core   0: 0x80004746 (0x024baa33) mulhsu  s4, s7, tp
core   0: 3 0x80004746 (0x024baa33) x20 0xffffc24d
core   0: 0x8000474a (0x0109fa63) bgeu    s3, a6, pc + 20
core   0: 3 0x8000474a (0x0109fa63)
core   0: 0x8000474e (0x0000617d) c.addi16sp sp, 496
core   0: 3 0x8000474e (0x617d) x 2 0x000001f0
core   0: 0x80004750 (0x00008d7d) c.and   a0, a5
core   0: 3 0x80004750 (0x8d7d) x10 0x00000000
core   0: 0x80004752 (0x00008cc9) c.or    s1, a0
core   0: 3 0x80004752 (0x8cc9) x 9 0x050516b8
core   0: 0x80004754 (0x006121b3) slt     gp, sp, t1
core   0: 3 0x80004754 (0x006121b3) x 3 0x00000001
core   0: 0x80004758 (0x00006a09) c.lui   s4, 0x2
core   0: 3 0x80004758 (0x6a09) x20 0x00002000
core   0: 0x8000475a (0x02148233) mul     tp, s1, ra
core   0: 3 0x8000475a (0x02148233) x 4 0x00000000
core   0: 0x8000475e (0x00de1e63) bne     t3, a3, pc + 28
core   0: 3 0x8000475e (0x00de1e63)
core   0: 0x8000477a (0x5cd36b13) ori     s6, t1, 1485
core   0: 3 0x8000477a (0x5cd36b13) x22 0x77f237ef
core   0: 0x8000477e (0x0000854e) c.mv    a0, s3
core   0: 3 0x8000477e (0x854e) x10 0x80026825
core   0: 0x80004780 (0x00900693) li      a3, 9
core   0: 3 0x80004780 (0x00900693) x13 0x00000009
core   0: 0x80004784 (0x00008fed) c.and   a5, a1
core   0: 3 0x80004784 (0x8fed) x15 0x00000001
core   0: 0x80004786 (0x00006f4d) c.lui   t5, 0x13
core   0: 3 0x80004786 (0x6f4d) x30 0x00013000
core   0: 0x80004788 (0x00008729) c.srai  a4, 10
core   0: 3 0x80004788 (0x8729) x14 0x00000000
core   0: 0x8000478a (0x029d81b3) mul     gp, s11, s1
core   0: 3 0x8000478a (0x029d81b3) x 3 0x0d81efe0
core   0: 0x8000478e (0x01d937b3) sltu    a5, s2, t4
core   0: 3 0x8000478e (0x01d937b3) x15 0x00000000
core   0: 0x80004792 (0x00000001) c.nop
core   0: 3 0x80004792 (0x0001)
core   0: 0x80004794 (0x00d00e13) li      t3, 13
core   0: 3 0x80004794 (0x00d00e13) x28 0x0000000d
core   0: 0x80004798 (0x00008525) c.srai  a0, 9
core   0: 3 0x80004798 (0x8525) x10 0xffc00134
core   0: 0x8000479a (0x19833717) auipc   a4, 0x19833
core   0: 3 0x8000479a (0x19833717) x14 0x9983779a
core   0: 0x8000479e (0x40ffdb13) srai    s6, t6, 15
core   0: 3 0x8000479e (0x40ffdb13) x22 0xffffffff
core   0: 0x800047a2 (0x02c9a7b3) mulhsu  a5, s3, a2
core   0: 3 0x800047a2 (0x02c9a7b3) x15 0x800269f4
core   0: 0x800047a6 (0x0ff0000f) fence   iorw,iorw
core   0: 3 0x800047a6 (0x0ff0000f)
core   0: 0x800047aa (0x00fc8b33) add     s6, s9, a5
core   0: 3 0x800047aa (0x00fc8b33) x22 0x800269f4
core   0: 0x800047ae (0x0000717d) c.addi16sp sp, -16
core   0: 3 0x800047ae (0x717d) x 2 0x000001e0
core   0: 0x800047b0 (0x00008d4d) c.or    a0, a1
core   0: 3 0x800047b0 (0x8d4d) x10 0xffffffff
core   0: 0x800047b2 (0x0319f4b3) remu    s1, s3, a7
core   0: 3 0x800047b2 (0x0319f4b3) x 9 0x80026825
core   0: 0x800047b6 (0x40946b93) ori     s7, s0, 1033
core   0: 3 0x800047b6 (0x40946b93) x23 0x00000409
core   0: 0x800047ba (0xceb18f93) addi    t6, gp, -789
core   0: 3 0x800047ba (0xceb18f93) x31 0x0d81eccb
core   0: 0x800047be (0x00000001) c.nop
core   0: 3 0x800047be (0x0001)
core   0: 0x800047c0 (0x00000001) c.nop
core   0: 3 0x800047c0 (0x0001)
core   0: 0x800047c2 (0x00000689) c.addi  a3, 2
core   0: 3 0x800047c2 (0x0689) x13 0x0000000b
core   0: 0x800047c4 (0x00008cb5) c.xor   s1, a3
core   0: 3 0x800047c4 (0x8cb5) x 9 0x8002682e
core   0: 0x800047c6 (0x00f79713) slli    a4, a5, 15
core   0: 3 0x800047c6 (0x00f79713) x14 0x34fa0000
core   0: 0x800047ca (0xffc684e3) beq     a3, t3, pc - 24
core   0: 3 0x800047ca (0xffc684e3)
core   0: 0x800047ce (0x00008e25) c.xor   a2, s1
core   0: 3 0x800047ce (0x8e25) x12 0x7ffd944e
core   0: 0x800047d0 (0xab989d37) lui     s10, 0xab989
core   0: 3 0x800047d0 (0xab989d37) x26 0xab989000
core   0: 0x800047d4 (0x0000100f) fence.i
core   0: 3 0x800047d4 (0x0000100f)
core   0: 0x800047d8 (0x00008fad) c.xor   a5, a1
core   0: 3 0x800047d8 (0x8fad) x15 0x7ffd960b
core   0: 0x800047da (0x03ec6e63) bltu    s8, t5, pc + 60
core   0: 3 0x800047da (0x03ec6e63)
core   0: 0x800047de (0x020689b3) mul     s3, a3, zero
core   0: 3 0x800047de (0x020689b3) x19 0x00000000
core   0: 0x800047e2 (0x000089d2) c.mv    s3, s4
core   0: 3 0x800047e2 (0x89d2) x19 0x00002000
core   0: 0x800047e4 (0x0000e509) c.bnez  a0, pc + 10
core   0: 3 0x800047e4 (0xe509)
core   0: 0x800047ee (0x00008d15) c.sub   a0, a3
core   0: 3 0x800047ee (0x8d15) x10 0xfffffff4
core   0: 0x800047f0 (0x000081da) c.mv    gp, s6
core   0: 3 0x800047f0 (0x81da) x 3 0x800269f4
core   0: 0x800047f2 (0x02413c33) mulhu   s8, sp, tp
core   0: 3 0x800047f2 (0x02413c33) x24 0x00000000
core   0: 0x800047f6 (0x0000c611) c.beqz  a2, pc + 12
core   0: 3 0x800047f6 (0xc611)
core   0: 0x800047f8 (0x0371b1b3) mulhu   gp, gp, s7
core   0: 3 0x800047f8 (0x0371b1b3) x 3 0x00000204
core   0: 0x800047fc (0x000080a5) c.srli  s1, 9
core   0: 3 0x800047fc (0x80a5) x 9 0x00400134
core   0: 0x800047fe (0x00cf8f63) beq     t6, a2, pc + 30
core   0: 3 0x800047fe (0x00cf8f63)
core   0: 0x80004802 (0x0000cd89) c.beqz  a1, pc + 26
core   0: 3 0x80004802 (0xcd89)
core   0: 0x80004804 (0x9a886e93) ori     t4, a6, -1624
core   0: 3 0x80004804 (0x9a886e93) x29 0xffffffff
core   0: 0x80004808 (0x00006171) c.addi16sp sp, 336
core   0: 3 0x80004808 (0x6171) x 2 0x00000330
core   0: 0x8000480a (0x0161b633) sltu    a2, gp, s6
core   0: 3 0x8000480a (0x0161b633) x12 0x00000001
core   0: 0x8000480e (0x16ba2e93) slti    t4, s4, 363
core   0: 3 0x8000480e (0x16ba2e93) x29 0x00000000
core   0: 0x80004812 (0x3fa5e993) ori     s3, a1, 1018
core   0: 3 0x80004812 (0x3fa5e993) x19 0xffffffff
core   0: 0x80004816 (0x00008ff1) c.and   a5, a2
core   0: 3 0x80004816 (0x8ff1) x15 0x00000001
core   0: 0x80004818 (0xe6487893) andi    a7, a6, -412
core   0: 3 0x80004818 (0xe6487893) x17 0xfffffe64
core   0: 0x8000481c (0x8c026c93) ori     s9, tp, -1856
core   0: 3 0x8000481c (0x8c026c93) x25 0xfffff8c0
core   0: 0x80004820 (0x0000100f) fence.i
core   0: 3 0x80004820 (0x0000100f)
core   0: 0x80004824 (0x004c7133) and     sp, s8, tp
core   0: 3 0x80004824 (0x004c7133) x 2 0x00000000
core   0: 0x80004828 (0x00000001) c.nop
core   0: 3 0x80004828 (0x0001)
core   0: 0x8000482a (0x01e1db63) bge     gp, t5, pc + 22
core   0: 3 0x8000482a (0x01e1db63)
core   0: 0x8000482e (0x20ba4a93) xori    s5, s4, 523
core   0: 3 0x8000482e (0x20ba4a93) x21 0x0000220b
core   0: 0x80004832 (0x0350a333) mulhsu  t1, ra, s5
core   0: 3 0x80004832 (0x0350a333) x 6 0x00000000
core   0: 0x80004836 (0x000088dd) c.andi  s1, 23
core   0: 3 0x80004836 (0x88dd) x 9 0x00000014
core   0: 0x80004838 (0x000049e5) c.li    s3, 25
core   0: 3 0x80004838 (0x49e5) x19 0x00000019
core   0: 0x8000483a (0x0000ee99) c.bnez  a3, pc + 30
core   0: 3 0x8000483a (0xee99)
core   0: 0x80004858 (0x00d76663) bltu    a4, a3, pc + 12
core   0: 3 0x80004858 (0x00d76663)
core   0: 0x8000485c (0x0172d0b3) srl     ra, t0, s7
core   0: 3 0x8000485c (0x0172d0b3) x 1 0x00000000
core   0: 0x80004860 (0x0000c919) c.beqz  a0, pc + 22
core   0: 3 0x80004860 (0xc919)
core   0: 0x80004862 (0x00008f29) c.xor   a4, a0
core   0: 3 0x80004862 (0x8f29) x14 0xcb05fff4
core   0: 0x80004864 (0xdd82a093) slti    ra, t0, -552
core   0: 3 0x80004864 (0xdd82a093) x 1 0x00000000
core   0: 0x80004868 (0x01985f93) srli    t6, a6, 25
core   0: 3 0x80004868 (0x01985f93) x31 0x0000007f
core   0: 0x8000486c (0x00001604) c.addi4spn s1, sp, 800
core   0: 3 0x8000486c (0x1604) x 9 0x00000320
core   0: 0x8000486e (0x000098f6) c.add   a7, t4
core   0: 3 0x8000486e (0x98f6) x17 0xfffffe64
core   0: 0x80004870 (0x0000e185) c.bnez  a1, pc + 32
core   0: 3 0x80004870 (0xe185)
core   0: 0x80004890 (0x03e9b033) mulhu   zero, s3, t5
core   0: 3 0x80004890 (0x03e9b033)
core   0: 0x80004894 (0xb9f9e393) ori     t2, s3, -1121
core   0: 3 0x80004894 (0xb9f9e393) x 7 0xfffffb9f
core   0: 0x80004898 (0x008a0133) add     sp, s4, s0
core   0: 3 0x80004898 (0x008a0133) x 2 0x00002000
core   0: 0x8000489c (0x000092b6) c.add   t0, a3
core   0: 3 0x8000489c (0x92b6) x 5 0x0000000c
core   0: 0x8000489e (0x0000860d) c.srai  a2, 3
core   0: 3 0x8000489e (0x860d) x12 0x00000000
core   0: 0x800048a0 (0x00789013) slli    zero, a7, 7
core   0: 3 0x800048a0 (0x00789013)
core   0: 0x800048a4 (0x0ff0000f) fence   iorw,iorw
core   0: 3 0x800048a4 (0x0ff0000f)
core   0: 0x800048a8 (0x00008571) c.srai  a0, 28
core   0: 3 0x800048a8 (0x8571) x10 0xffffffff
core   0: 0x800048aa (0x01ffbfb3) sltu    t6, t6, t6
core   0: 3 0x800048aa (0x01ffbfb3) x31 0x00000000
core   0: 0x800048ae (0x00000001) c.nop
core   0: 3 0x800048ae (0x0001)
core   0: 0x800048b0 (0x8dc1ab93) slti    s7, gp, -1828
core   0: 3 0x800048b0 (0x8dc1ab93) x23 0x00000000
core   0: 0x800048b4 (0x02e2f163) bgeu    t0, a4, pc + 34
core   0: 3 0x800048b4 (0x02e2f163)
core   0: 0x800048b8 (0x0127d133) srl     sp, a5, s2
core   0: 3 0x800048b8 (0x0127d133) x 2 0x00000000
core   0: 0x800048bc (0x0cbf7193) andi    gp, t5, 203
core   0: 3 0x800048bc (0x0cbf7193) x 3 0x00000000
core   0: 0x800048c0 (0x00000001) c.nop
core   0: 3 0x800048c0 (0x0001)
core   0: 0x800048c2 (0x00a9fb63) bgeu    s3, a0, pc + 22
core   0: 3 0x800048c2 (0x00a9fb63)
core   0: 0x800048c6 (0x00001188) c.addi4spn a0, sp, 224
core   0: 3 0x800048c6 (0x1188) x10 0x000000e0
core   0: 0x800048c8 (0x00008ec1) c.or    a3, s0
core   0: 3 0x800048c8 (0x8ec1) x13 0x0000000b
core   0: 0x800048ca (0x01bc1d33) sll     s10, s8, s11
core   0: 3 0x800048ca (0x01bc1d33) x26 0x00000000
core   0: 0x800048ce (0x02eec763) blt     t4, a4, pc + 46
core   0: 3 0x800048ce (0x02eec763)
core   0: 0x800048d2 (0x04600163) beq     zero, t1, pc + 66
core   0: 3 0x800048d2 (0x04600163)
core   0: 0x80004914 (0x007cc5b3) xor     a1, s9, t2
core   0: 3 0x80004914 (0x007cc5b3) x11 0x0000035f
core   0: 0x80004918 (0x00001ffd) c.addi  t6, -1
core   0: 3 0x80004918 (0x1ffd) x31 0xffffffff
core   0: 0x8000491a (0x41285893) srai    a7, a6, 18
core   0: 3 0x8000491a (0x41285893) x17 0xffffffff
core   0: 0x8000491e (0x00008269) c.srli  a2, 26
core   0: 3 0x8000491e (0x8269) x12 0x00000000
core   0: 0x80004920 (0x62befe13) andi    t3, t4, 1579
core   0: 3 0x80004920 (0x62befe13) x28 0x00000000
core   0: 0x80004924 (0x01fb5793) srli    a5, s6, 31
core   0: 3 0x80004924 (0x01fb5793) x15 0x00000001
core   0: 0x80004928 (0x00ef5613) srli    a2, t5, 14
core   0: 3 0x80004928 (0x00ef5613) x12 0x00000004
core   0: 0x8000492c (0x05b9f363) bgeu    s3, s11, pc + 70
core   0: 3 0x8000492c (0x05b9f363)
core   0: 0x80004930 (0x031e69b3) rem     s3, t3, a7
core   0: 3 0x80004930 (0x031e69b3) x19 0x00000000
core   0: 0x80004934 (0x00000001) c.nop
core   0: 3 0x80004934 (0x0001)
core   0: 0x80004936 (0x000081e1) c.srli  a1, 24
core   0: 3 0x80004936 (0x81e1) x11 0x00000000
core   0: 0x80004938 (0x008ee563) bltu    t4, s0, pc + 10
core   0: 3 0x80004938 (0x008ee563)
core   0: 0x8000493c (0x03b5c133) div     sp, a1, s11
core   0: 3 0x8000493c (0x03b5c133) x 2 0x00000000
core   0: 0x80004940 (0x00008b96) c.mv    s7, t0
core   0: 3 0x80004940 (0x8b96) x23 0x0000000c
core   0: 0x80004942 (0x0000100f) fence.i
core   0: 3 0x80004942 (0x0000100f)
core   0: 0x80004946 (0x00fc5833) srl     a6, s8, a5
core   0: 3 0x80004946 (0x00fc5833) x16 0x00000000
core   0: 0x8000494a (0x00e84233) xor     tp, a6, a4
core   0: 3 0x8000494a (0x00e84233) x 4 0xcb05fff4
core   0: 0x8000494e (0x00000001) c.nop
core   0: 3 0x8000494e (0x0001)
core   0: 0x80004950 (0x401fd0b3) sra     ra, t6, ra
core   0: 3 0x80004950 (0x401fd0b3) x 1 0xffffffff
core   0: 0x80004954 (0x00008755) c.srai  a4, 21
core   0: 3 0x80004954 (0x8755) x14 0xfffffe58
core   0: 0x80004956 (0x00ce3bb3) sltu    s7, t3, a2
core   0: 3 0x80004956 (0x00ce3bb3) x23 0x00000001
core   0: 0x8000495a (0x01c36133) or      sp, t1, t3
core   0: 3 0x8000495a (0x01c36133) x 2 0x00000000
core   0: 0x8000495e (0x01474d33) xor     s10, a4, s4
core   0: 3 0x8000495e (0x01474d33) x26 0xffffde58
core   0: 0x80004962 (0x01e8e333) or      t1, a7, t5
core   0: 3 0x80004962 (0x01e8e333) x 6 0xffffffff
core   0: 0x80004966 (0x410b0833) sub     a6, s6, a6
core   0: 3 0x80004966 (0x410b0833) x16 0x800269f4
core   0: 0x8000496a (0x8df0fb17) auipc   s6, 0x8df0f
core   0: 3 0x8000496a (0x8df0fb17) x22 0x0df1396a
core   0: 0x8000496e (0x01b0d293) srli    t0, ra, 27
core   0: 3 0x8000496e (0x01b0d293) x 5 0x0000001f
core   0: 0x80004972 (0x03907c33) remu    s8, zero, s9
core   0: 3 0x80004972 (0x03907c33) x24 0x00000000
core   0: 0x80004976 (0x00008cdd) c.or    s1, a5
core   0: 3 0x80004976 (0x8cdd) x 9 0x00000321
core   0: 0x80004978 (0x0bcf2d17) auipc   s10, 0xbcf2
core   0: 3 0x80004978 (0x0bcf2d17) x26 0x8bcf6978
core   0: 0x8000497c (0x0171db33) srl     s6, gp, s7
core   0: 3 0x8000497c (0x0171db33) x22 0x00000000
core   0: 0x80004980 (0x00008735) c.srai  a4, 13
core   0: 3 0x80004980 (0x8735) x14 0xffffffff
core   0: 0x80004982 (0x00225cb3) srl     s9, tp, sp
core   0: 3 0x80004982 (0x00225cb3) x25 0xcb05fff4
core   0: 0x80004986 (0x0000717d) c.addi16sp sp, -16
core   0: 3 0x80004986 (0x717d) x 2 0xfffffff0
core   0: 0x80004988 (0x418d5e93) srai    t4, s10, 24
core   0: 3 0x80004988 (0x418d5e93) x29 0xffffff8b
core   0: 0x8000498c (0x000080ca) c.mv    ra, s2
core   0: 3 0x8000498c (0x80ca) x 1 0x80026ce4
core   0: 0x8000498e (0x02cf0233) mul     tp, t5, a2
core   0: 3 0x8000498e (0x02cf0233) x 4 0x0004c000
core   0: 0x80004992 (0x01af1b63) bne     t5, s10, pc + 22
core   0: 3 0x80004992 (0x01af1b63)
core   0: 0x800049a8 (0x00d14eb3) xor     t4, sp, a3
core   0: 3 0x800049a8 (0x00d14eb3) x29 0xfffffffb
core   0: 0x800049ac (0x00000001) c.nop
core   0: 3 0x800049ac (0x0001)
core   0: 0x800049ae (0x7c9cea13) ori     s4, s9, 1993
core   0: 3 0x800049ae (0x7c9cea13) x20 0xcb05fffd
core   0: 0x800049b2 (0x02fecd33) div     s10, t4, a5
core   0: 3 0x800049b2 (0x02fecd33) x26 0xfffffffb
core   0: 0x800049b6 (0x000064bd) c.lui   s1, 0xf
core   0: 3 0x800049b6 (0x64bd) x 9 0x0000f000
core   0: 0x800049b8 (0x5af60813) addi    a6, a2, 1455
core   0: 3 0x800049b8 (0x5af60813) x16 0x000005b3
core   0: 0x800049bc (0x0050fe63) bgeu    ra, t0, pc + 28
core   0: 3 0x800049bc (0x0050fe63)
core   0: 0x800049d8 (0x0000ed91) c.bnez  a1, pc + 28
core   0: 3 0x800049d8 (0xed91)
core   0: 0x800049da (0x407e5bb3) sra     s7, t3, t2
core   0: 3 0x800049da (0x407e5bb3) x23 0x00000000
core   0: 0x800049de (0x00008f15) c.sub   a4, a3
core   0: 3 0x800049de (0x8f15) x14 0xfffffff4
core   0: 0x800049e0 (0x48d2e293) ori     t0, t0, 1165
core   0: 3 0x800049e0 (0x48d2e293) x 5 0x0000049f
core   0: 0x800049e4 (0x0000100f) fence.i
core   0: 3 0x800049e4 (0x0000100f)
core   0: 0x800049e8 (0x00008af5) c.andi  a3, 29
core   0: 3 0x800049e8 (0x8af5) x13 0x00000009
core   0: 0x800049ea (0x015eaf33) slt     t5, t4, s5
core   0: 3 0x800049ea (0x015eaf33) x30 0x00000001
core   0: 0x800049ee (0x034b4633) div     a2, s6, s4
core   0: 3 0x800049ee (0x034b4633) x12 0x00000000
core   0: 0x800049f2 (0x0000863d) c.srai  a2, 15
core   0: 3 0x800049f2 (0x863d) x12 0x00000000
core   0: 0x800049f4 (0xaa232337) lui     t1, 0xaa232
core   0: 3 0x800049f4 (0xaa232337) x 6 0xaa232000
core   0: 0x800049f8 (0x00009a7d) c.andi  a2, -1
core   0: 3 0x800049f8 (0x9a7d) x12 0x00000000
core   0: 0x800049fa (0x032b8533) mul     a0, s7, s2
core   0: 3 0x800049fa (0x032b8533) x10 0x00000000
core   0: 0x800049fe (0x408a5a93) srai    s5, s4, 8
core   0: 3 0x800049fe (0x408a5a93) x21 0xffcb05ff
core   0: 0x80004a02 (0x00008fe9) c.and   a5, a0
core   0: 3 0x80004a02 (0x8fe9) x15 0x00000000
core   0: 0x80004a04 (0x03bbfa33) remu    s4, s7, s11
core   0: 3 0x80004a04 (0x03bbfa33) x20 0x00000000
core   0: 0x80004a08 (0x00008db9) c.xor   a1, a4
core   0: 3 0x80004a08 (0x8db9) x11 0xfffffff4
core   0: 0x80004a0a (0x00a0f763) bgeu    ra, a0, pc + 14
core   0: 3 0x80004a0a (0x00a0f763)
core   0: 0x80004a18 (0x000090f2) c.add   ra, t3
core   0: 3 0x80004a18 (0x90f2) x 1 0x80026ce4
core   0: 0x80004a1a (0x40b903b3) sub     t2, s2, a1
core   0: 3 0x80004a1a (0x40b903b3) x 7 0x80026cf0
core   0: 0x80004a1e (0x0ff0000f) fence   iorw,iorw
core   0: 3 0x80004a1e (0x0ff0000f)
core   0: 0x80004a22 (0x0118aab3) slt     s5, a7, a7
core   0: 3 0x80004a22 (0x0118aab3) x21 0x00000000
core   0: 0x80004a26 (0x037895b3) mulh    a1, a7, s7
core   0: 3 0x80004a26 (0x037895b3) x11 0x00000000
core   0: 0x80004a2a (0x41c981b3) sub     gp, s3, t3
core   0: 3 0x80004a2a (0x41c981b3) x 3 0x00000000
core   0: 0x80004a2e (0x00008901) c.andi  a0, 0
core   0: 3 0x80004a2e (0x8901) x10 0x00000000
core   0: 0x80004a30 (0x02e7b233) mulhu   tp, a5, a4
core   0: 3 0x80004a30 (0x02e7b233) x 4 0x00000000
core   0: 0x80004a34 (0x01e5ca33) xor     s4, a1, t5
core   0: 3 0x80004a34 (0x01e5ca33) x20 0x00000001
core   0: 0x80004a38 (0x290d3893) sltiu   a7, s10, 656
core   0: 3 0x80004a38 (0x290d3893) x17 0x00000000
core   0: 0x80004a3c (0x05aad063) bge     s5, s10, pc + 64
core   0: 3 0x80004a3c (0x05aad063)
core   0: 0x80004a7c (0x037b4b63) blt     s6, s7, pc + 54
core   0: 3 0x80004a7c (0x037b4b63)
core   0: 0x80004a80 (0x0045c533) xor     a0, a1, tp
core   0: 3 0x80004a80 (0x0045c533) x10 0x00000000
core   0: 0x80004a84 (0x021e8cb3) mul     s9, t4, ra
core   0: 3 0x80004a84 (0x021e8cb3) x25 0x7ff3df8c
core   0: 0x80004a88 (0x000058fd) c.li    a7, -1
core   0: 3 0x80004a88 (0x58fd) x17 0xffffffff
core   0: 0x80004a8a (0x00000001) c.nop
core   0: 3 0x80004a8a (0x0001)
core   0: 0x80004a8c (0x00c2ad33) slt     s10, t0, a2
core   0: 3 0x80004a8c (0x00c2ad33) x26 0x00000000
core   0: 0x80004a90 (0xbab7a793) slti    a5, a5, -1109
core   0: 3 0x80004a90 (0xbab7a793) x15 0x00000000
core   0: 0x80004a94 (0x026e17b3) mulh    a5, t3, t1
core   0: 3 0x80004a94 (0x026e17b3) x15 0x00000000
core   0: 0x80004a98 (0x02d99363) bne     s3, a3, pc + 38
core   0: 3 0x80004a98 (0x02d99363)
core   0: 0x80004abe (0x01e71293) slli    t0, a4, 30
core   0: 3 0x80004abe (0x01e71293) x 5 0x00000000
core   0: 0x80004ac2 (0x00000001) c.nop
core   0: 3 0x80004ac2 (0x0001)
core   0: 0x80004ac4 (0x001c0e63) beq     s8, ra, pc + 28
core   0: 3 0x80004ac4 (0x001c0e63)
core   0: 0x80004ac8 (0x01700bb3) add     s7, zero, s7
core   0: 3 0x80004ac8 (0x01700bb3) x23 0x00000000
core   0: 0x80004acc (0x03cb9f63) bne     s7, t3, pc + 62
core   0: 3 0x80004acc (0x03cb9f63)
core   0: 0x80004ad0 (0x00976d33) or      s10, a4, s1
core   0: 3 0x80004ad0 (0x00976d33) x26 0xfffffff4
core   0: 0x80004ad4 (0x0325fd33) remu    s10, a1, s2
core   0: 3 0x80004ad4 (0x0325fd33) x26 0x00000000
core   0: 0x80004ad8 (0x02739e33) mulh    t3, t2, t2
core   0: 3 0x80004ad8 (0x02739e33) x28 0x3ffd9315
core   0: 0x80004adc (0x26d44c37) lui     s8, 0x26d44
core   0: 3 0x80004adc (0x26d44c37) x24 0x26d44000
core   0: 0x80004ae0 (0x0000098a) c.slli  s3, 2
core   0: 3 0x80004ae0 (0x098a) x19 0x00000000
core   0: 0x80004ae2 (0x00008629) c.srai  a2, 10
core   0: 3 0x80004ae2 (0x8629) x12 0x00000000
core   0: 0x80004ae4 (0xff353593) sltiu   a1, a0, -13
core   0: 3 0x80004ae4 (0xff353593) x11 0x00000001
core   0: 0x80004ae8 (0x0000928e) c.add   t0, gp
core   0: 3 0x80004ae8 (0x928e) x 5 0x00000000
core   0: 0x80004aea (0x0000839d) c.srli  a5, 7
core   0: 3 0x80004aea (0x839d) x15 0x00000000
core   0: 0x80004aec (0xfdd2ad13) slti    s10, t0, -35
core   0: 3 0x80004aec (0xfdd2ad13) x26 0x00000000
core   0: 0x80004af0 (0x000087b9) c.srai  a5, 14
core   0: 3 0x80004af0 (0x87b9) x15 0x00000000
core   0: 0x80004af2 (0x014eb517) auipc   a0, 0x14eb
core   0: 3 0x80004af2 (0x014eb517) x10 0x814efaf2
core   0: 0x80004af6 (0x028d1663) bne     s10, s0, pc + 44
core   0: 3 0x80004af6 (0x028d1663)
core   0: 0x80004afa (0x00008fb9) c.xor   a5, a4
core   0: 3 0x80004afa (0x8fb9) x15 0xfffffff4
core   0: 0x80004afc (0x000007f6) c.slli  a5, 29
core   0: 3 0x80004afc (0x07f6) x15 0x80000000
core   0: 0x80004afe (0x00008d49) c.or    a0, a0
core   0: 3 0x80004afe (0x8d49) x10 0x814efaf2
core   0: 0x80004b00 (0x03868b33) mul     s6, a3, s8
core   0: 3 0x80004b00 (0x03868b33) x22 0x5d764000
core   0: 0x80004b04 (0x02520163) beq     tp, t0, pc + 34
core   0: 3 0x80004b04 (0x02520163)
core   0: 0x80004b26 (0x47ea0113) addi    sp, s4, 1150
core   0: 3 0x80004b26 (0x47ea0113) x 2 0x0000047f
core   0: 0x80004b2a (0x006b76b3) and     a3, s6, t1
core   0: 3 0x80004b2a (0x006b76b3) x13 0x08220000
core   0: 0x80004b2e (0x02935633) divu    a2, t1, s1
core   0: 3 0x80004b2e (0x02935633) x12 0x0000b57a
core   0: 0x80004b32 (0x00008fe5) c.and   a5, s1
core   0: 3 0x80004b32 (0x8fe5) x15 0x00000000
core   0: 0x80004b34 (0x00006c1d) c.lui   s8, 0x7
core   0: 3 0x80004b34 (0x6c1d) x24 0x00007000
core   0: 0x80004b36 (0x00591c13) slli    s8, s2, 5
core   0: 3 0x80004b36 (0x00591c13) x24 0x004d9c80
core   0: 0x80004b3a (0x00008fd5) c.or    a5, a3
core   0: 3 0x80004b3a (0x8fd5) x15 0x08220000
core   0: 0x80004b3c (0x92500593) li      a1, -1755
core   0: 3 0x80004b3c (0x92500593) x11 0xfffff925
core   0: 0x80004b40 (0x03b39963) bne     t2, s11, pc + 50
core   0: 3 0x80004b40 (0x03b39963)
core   0: 0x80004b72 (0x00000001) c.nop
core   0: 3 0x80004b72 (0x0001)
core   0: 0x80004b74 (0x000097f6) c.add   a5, t4
core   0: 3 0x80004b74 (0x97f6) x15 0x0821fffb
core   0: 0x80004b76 (0x00008c9d) c.sub   s1, a5
core   0: 3 0x80004b76 (0x8c9d) x 9 0xf7def005
core   0: 0x80004b78 (0x0000717d) c.addi16sp sp, -16
core   0: 3 0x80004b78 (0x717d) x 2 0x0000046f
core   0: 0x80004b7a (0x008e5593) srli    a1, t3, 8
core   0: 3 0x80004b7a (0x008e5593) x11 0x003ffd93
core   0: 0x80004b7e (0x03969fb3) mulh    t6, a3, s9
core   0: 3 0x80004b7e (0x03969fb3) x31 0x04109d60
core   0: 0x80004b82 (0x01b01e33) sll     t3, zero, s11
core   0: 3 0x80004b82 (0x01b01e33) x28 0x00000000
core   0: 0x80004b86 (0xa91a4f13) xori    t5, s4, -1391
core   0: 3 0x80004b86 (0xa91a4f13) x30 0xfffffa90
core   0: 0x80004b8a (0x0000c481) c.beqz  s1, pc + 8
core   0: 3 0x80004b8a (0xc481)
core   0: 0x80004b8c (0x00000001) c.nop
core   0: 3 0x80004b8c (0x0001)
core   0: 0x80004b8e (0xa1c8f193) andi    gp, a7, -1508
core   0: 3 0x80004b8e (0xa1c8f193) x 3 0xfffffa1c
core   0: 0x80004b92 (0x0000ec91) c.bnez  s1, pc + 28
core   0: 3 0x80004b92 (0xec91)
core   0: 0x80004bae (0x4002dcb3) sra     s9, t0, zero
core   0: 3 0x80004bae (0x4002dcb3) x25 0x00000000
core   0: 0x80004bb2 (0x024a38b3) mulhu   a7, s4, tp
core   0: 3 0x80004bb2 (0x024a38b3) x17 0x00000000
core   0: 0x80004bb6 (0x03d3e163) bltu    t2, t4, pc + 34
core   0: 3 0x80004bb6 (0x03d3e163)
core   0: 0x80004bd8 (0x006c3fb3) sltu    t6, s8, t1
core   0: 3 0x80004bd8 (0x006c3fb3) x31 0x00000001
core   0: 0x80004bdc (0x00008cc9) c.or    s1, a0
core   0: 3 0x80004bdc (0x8cc9) x 9 0xf7defaf7
core   0: 0x80004bde (0x0000610d) c.addi16sp sp, 160
core   0: 3 0x80004bde (0x610d) x 2 0x0000050f
core   0: 0x80004be0 (0x01228e63) beq     t0, s2, pc + 28
core   0: 3 0x80004be0 (0x01228e63)
core   0: 0x80004be4 (0x902b2b13) slti    s6, s6, -1790
core   0: 3 0x80004be4 (0x902b2b13) x22 0x00000000
core   0: 0x80004be8 (0x00006d39) c.lui   s10, 0xe
core   0: 3 0x80004be8 (0x6d39) x26 0x0000e000
core   0: 0x80004bea (0x01300733) add     a4, zero, s3
core   0: 3 0x80004bea (0x01300733) x14 0x00000000
core   0: 0x80004bee (0x0000654d) c.lui   a0, 0x13
core   0: 3 0x80004bee (0x654d) x10 0x00013000
core   0: 0x80004bf0 (0x00008161) c.srli  a0, 24
core   0: 3 0x80004bf0 (0x8161) x10 0x00000000
core   0: 0x80004bf2 (0x0000e489) c.bnez  s1, pc + 10
core   0: 3 0x80004bf2 (0xe489)
core   0: 0x80004bfc (0x00008ca1) c.xor   s1, s0
core   0: 3 0x80004bfc (0x8ca1) x 9 0xf7defaf7
core   0: 0x80004bfe (0x01bd8763) beq     s11, s11, pc + 14
core   0: 3 0x80004bfe (0x01bd8763)
core   0: 0x80004c0c (0x000063ed) c.lui   t2, 0x1b
core   0: 3 0x80004c0c (0x63ed) x 7 0x0001b000
core   0: 0x80004c0e (0x01646fb3) or      t6, s0, s6
core   0: 3 0x80004c0e (0x01646fb3) x31 0x00000000
core   0: 0x80004c12 (0x038fd163) bge     t6, s8, pc + 34
core   0: 3 0x80004c12 (0x038fd163)
core   0: 0x80004c16 (0x01ba0f63) beq     s4, s11, pc + 30
core   0: 3 0x80004c16 (0x01ba0f63)
core   0: 0x80004c1a (0x00008cc1) c.or    s1, s0
core   0: 3 0x80004c1a (0x8cc1) x 9 0xf7defaf7
core   0: 0x80004c1c (0x028da7b3) mulhsu  a5, s11, s0
core   0: 3 0x80004c1c (0x028da7b3) x15 0x00000000
core   0: 0x80004c20 (0x02eca5b3) mulhsu  a1, s9, a4
core   0: 3 0x80004c20 (0x02eca5b3) x11 0x00000000
core   0: 0x80004c24 (0x0000864d) c.srai  a2, 19
core   0: 3 0x80004c24 (0x864d) x12 0x00000000
core   0: 0x80004c26 (0x00008e39) c.xor   a2, a4
core   0: 3 0x80004c26 (0x8e39) x12 0x00000000
core   0: 0x80004c28 (0x02a412b3) mulh    t0, s0, a0
core   0: 3 0x80004c28 (0x02a412b3) x 5 0x00000000
core   0: 0x80004c2c (0x05070263) beq     a4, a6, pc + 68
core   0: 3 0x80004c2c (0x05070263)
core   0: 0x80004c30 (0x0325f663) bgeu    a1, s2, pc + 44
core   0: 3 0x80004c30 (0x0325f663)
core   0: 0x80004c34 (0x0290b8b3) mulhu   a7, ra, s1
core   0: 3 0x80004c34 (0x0290b8b3) x17 0x7bf1d6a8
core   0: 0x80004c38 (0x03263833) mulhu   a6, a2, s2
core   0: 3 0x80004c38 (0x03263833) x16 0x00000000
core   0: 0x80004c3c (0x00a95763) bge     s2, a0, pc + 14
core   0: 3 0x80004c3c (0x00a95763)
core   0: 0x80004c40 (0x01c46663) bltu    s0, t3, pc + 12
core   0: 3 0x80004c40 (0x01c46663)
core   0: 0x80004c44 (0x0150a033) slt     zero, ra, s5
core   0: 3 0x80004c44 (0x0150a033)
core   0: 0x80004c48 (0x00004cad) c.li    s9, 11
core   0: 3 0x80004c48 (0x4cad) x25 0x0000000b
core   0: 0x80004c4a (0x00008639) c.srai  a2, 14
core   0: 3 0x80004c4a (0x8639) x12 0x00000000
core   0: 0x80004c4c (0x00000808) c.addi4spn a0, sp, 16
core   0: 3 0x80004c4c (0x0808) x10 0x0000051f
core   0: 0x80004c4e (0x01f87fb3) and     t6, a6, t6
core   0: 3 0x80004c4e (0x01f87fb3) x31 0x00000000
core   0: 0x80004c52 (0x00008e31) c.xor   a2, a2
core   0: 3 0x80004c52 (0x8e31) x12 0x00000000
core   0: 0x80004c54 (0x1dbc1d37) lui     s10, 0x1dbc1
core   0: 3 0x80004c54 (0x1dbc1d37) x26 0x1dbc1000
core   0: 0x80004c58 (0x405905b3) sub     a1, s2, t0
core   0: 3 0x80004c58 (0x405905b3) x11 0x80026ce4
core   0: 0x80004c5c (0x0310d733) divu    a4, ra, a7
core   0: 3 0x80004c5c (0x0310d733) x14 0x00000001
core   0: 0x80004c60 (0xc20a08b7) lui     a7, 0xc20a0
core   0: 3 0x80004c60 (0xc20a08b7) x17 0xc20a0000
core   0: 0x80004c64 (0x0231d6b3) divu    a3, gp, gp
core   0: 3 0x80004c64 (0x0231d6b3) x13 0x00000001
core   0: 0x80004c68 (0x00008ce1) c.and   s1, s0
core   0: 3 0x80004c68 (0x8ce1) x 9 0x00000000
core   0: 0x80004c6a (0x00638963) beq     t2, t1, pc + 18
core   0: 3 0x80004c6a (0x00638963)
core   0: 0x80004c6e (0x00008c8d) c.sub   s1, a1
core   0: 3 0x80004c6e (0x8c8d) x 9 0x7ffd931c
core   0: 0x80004c70 (0x0000677d) c.lui   a4, 0x1f
core   0: 3 0x80004c70 (0x677d) x14 0x0001f000
core   0: 0x80004c72 (0x00b21f63) bne     tp, a1, pc + 30
core   0: 3 0x80004c72 (0x00b21f63)
core   0: 0x80004c90 (0x00ba9633) sll     a2, s5, a1
core   0: 3 0x80004c90 (0x00ba9633) x12 0x00000000
core   0: 0x80004c94 (0x0ff0000f) fence   iorw,iorw
core   0: 3 0x80004c94 (0x0ff0000f)
core   0: 0x80004c98 (0x00008f2d) c.xor   a4, a1
core   0: 3 0x80004c98 (0x8f2d) x14 0x80039ce4
core   0: 0x80004c9a (0x01729133) sll     sp, t0, s7
core   0: 3 0x80004c9a (0x01729133) x 2 0x00000000
core   0: 0x80004c9e (0x00008d59) c.or    a0, a4
core   0: 3 0x80004c9e (0x8d59) x10 0x80039dff
core   0: 0x80004ca0 (0x00008d25) c.xor   a0, s1
core   0: 3 0x80004ca0 (0x8d25) x10 0xfffe0ee3
core   0: 0x80004ca2 (0x00000e9c) c.addi4spn a5, sp, 848
core   0: 3 0x80004ca2 (0x0e9c) x15 0x00000350
core   0: 0x80004ca4 (0x00008f51) c.or    a4, a2
core   0: 3 0x80004ca4 (0x8f51) x14 0x80039ce4
core   0: 0x80004ca6 (0xbd118d17) auipc   s10, 0xbd118
core   0: 3 0x80004ca6 (0xbd118d17) x26 0x3d11cca6
core   0: 0x80004caa (0x0000100f) fence.i
core   0: 3 0x80004caa (0x0000100f)
core   0: 0x80004cae (0x00008f59) c.or    a4, a4
core   0: 3 0x80004cae (0x8f59) x14 0x80039ce4
core   0: 0x80004cb0 (0x0000910e) c.add   sp, gp
core   0: 3 0x80004cb0 (0x910e) x 2 0xfffffa1c
core   0: 0x80004cb2 (0x12d8aa13) slti    s4, a7, 301
core   0: 3 0x80004cb2 (0x12d8aa13) x20 0x00000001
core   0: 0x80004cb6 (0x0066d663) bge     a3, t1, pc + 12
core   0: 3 0x80004cb6 (0x0066d663)
core   0: 0x80004cc2 (0x022a4533) div     a0, s4, sp
core   0: 3 0x80004cc2 (0x022a4533) x10 0x00000000
core   0: 0x80004cc6 (0x038c4863) blt     s8, s8, pc + 48
core   0: 3 0x80004cc6 (0x038c4863)
core   0: 0x80004cca (0xda550b93) addi    s7, a0, -603
core   0: 3 0x80004cca (0xda550b93) x23 0xfffffda5
core   0: 0x80004cce (0x7147b613) sltiu   a2, a5, 1812
core   0: 3 0x80004cce (0x7147b613) x12 0x00000001
core   0: 0x80004cd2 (0x0000910e) c.add   sp, gp
core   0: 3 0x80004cd2 (0x910e) x 2 0xfffff438
core   0: 0x80004cd4 (0x00c4d6b3) srl     a3, s1, a2
core   0: 3 0x80004cd4 (0x00c4d6b3) x13 0x3ffec98e
core   0: 0x80004cd8 (0x00008e4d) c.or    a2, a1
core   0: 3 0x80004cd8 (0x8e4d) x12 0x80026ce5
core   0: 0x80004cda (0x01811563) bne     sp, s8, pc + 10
core   0: 3 0x80004cda (0x01811563)
core   0: 0x80004ce4 (0x348d6993) ori     s3, s10, 840
core   0: 3 0x80004ce4 (0x348d6993) x19 0x3d11cfee
core   0: 0x80004ce8 (0x00008d1e) c.mv    s10, t2
core   0: 3 0x80004ce8 (0x8d1e) x26 0x0001b000
core   0: 0x80004cea (0x001d5d63) bge     s10, ra, pc + 26
core   0: 3 0x80004cea (0x001d5d63)
core   0: 0x80004d04 (0x00001694) c.addi4spn a3, sp, 864
core   0: 3 0x80004d04 (0x1694) x13 0xfffff798
core   0: 0x80004d06 (0x00300e13) li      t3, 3
core   0: 3 0x80004d06 (0x00300e13) x28 0x00000003
core   0: 0x80004d0a (0x031717b3) mulh    a5, a4, a7
core   0: 3 0x80004d0a (0x031717b3) x15 0x1efa2024
core   0: 0x80004d0e (0x00008d11) c.sub   a0, a2
core   0: 3 0x80004d0e (0x8d11) x10 0x7ffd931b
core   0: 0x80004d10 (0x00c00493) li      s1, 12
core   0: 3 0x80004d10 (0x00c00493) x 9 0x0000000c
core   0: 0x80004d14 (0x00008d55) c.or    a0, a3
core   0: 3 0x80004d14 (0x8d55) x10 0xfffff79b
core   0: 0x80004d16 (0x006dc6b3) xor     a3, s11, t1
core   0: 3 0x80004d16 (0x006dc6b3) x13 0x2a210e64
core   0: 0x80004d1a (0x032b9333) mulh    t1, s7, s2
core   0: 3 0x80004d1a (0x032b9333) x 6 0x0000012d
core   0: 0x80004d1e (0x00006375) c.lui   t1, 0x1d
core   0: 3 0x80004d1e (0x6375) x 6 0x0001d000
core   0: 0x80004d20 (0x0000853e) c.mv    a0, a5
core   0: 3 0x80004d20 (0x853e) x10 0x1efa2024
core   0: 0x80004d22 (0x00000e0d) c.addi  t3, 3
core   0: 3 0x80004d22 (0x0e0d) x28 0x00000006
core   0: 0x80004d24 (0x00b2dbb3) srl     s7, t0, a1
core   0: 3 0x80004d24 (0x00b2dbb3) x23 0x00000000
core   0: 0x80004d28 (0x00600093) li      ra, 6
core   0: 3 0x80004d28 (0x00600093) x 1 0x00000006
core   0: 0x80004d2c (0xf515c793) xori    a5, a1, -175
core   0: 3 0x80004d2c (0xf515c793) x15 0x7ffd93b5
core   0: 0x80004d30 (0x00400293) li      t0, 4
core   0: 3 0x80004d30 (0x00400293) x 5 0x00000004
core   0: 0x80004d34 (0x000057fd) c.li    a5, -1
core   0: 3 0x80004d34 (0x57fd) x15 0xffffffff
core   0: 0x80004d36 (0x0ff0000f) fence   iorw,iorw
core   0: 3 0x80004d36 (0x0ff0000f)
core   0: 0x80004d3a (0x00402233) slt     tp, zero, tp
core   0: 3 0x80004d3a (0x00402233) x 4 0x00000000
core   0: 0x80004d3e (0x00008d91) c.sub   a1, a2
core   0: 3 0x80004d3e (0x8d91) x11 0xffffffff
core   0: 0x80004d40 (0x00000165) c.addi  sp, 25
core   0: 3 0x80004d40 (0x0165) x 2 0xfffff451
core   0: 0x80004d42 (0x00008dfd) c.and   a1, a5
core   0: 3 0x80004d42 (0x8dfd) x11 0xffffffff
core   0: 0x80004d44 (0x0000892d) c.andi  a0, 11
core   0: 3 0x80004d44 (0x892d) x10 0x00000000
core   0: 0x80004d46 (0x00008d5a) c.mv    s10, s6
core   0: 3 0x80004d46 (0x8d5a) x26 0x00000000
core   0: 0x80004d48 (0x40c6d5b3) sra     a1, a3, a2
core   0: 3 0x80004d48 (0x40c6d5b3) x11 0x01510873
core   0: 0x80004d4c (0x00008595) c.srai  a1, 5
core   0: 3 0x80004d4c (0x8595) x11 0x000a8843
core   0: 0x80004d4e (0x000010f5) c.addi  ra, -3
core   0: 3 0x80004d4e (0x10f5) x 1 0x00000003
core   0: 0x80004d50 (0xfe50fbe3) bgeu    ra, t0, pc - 10
core   0: 3 0x80004d50 (0xfe50fbe3)
core   0: 0x80004d54 (0x03c47833) remu    a6, s0, t3
core   0: 3 0x80004d54 (0x03c47833) x16 0x00000000
core   0: 0x80004d58 (0x0ff0000f) fence   iorw,iorw
core   0: 3 0x80004d58 (0x0ff0000f)
core   0: 0x80004d5c (0x00008f8d) c.sub   a5, a1
core   0: 3 0x80004d5c (0x8f8d) x15 0xfff577bc
core   0: 0x80004d5e (0xac193593) sltiu   a1, s2, -1343
core   0: 3 0x80004d5e (0xac193593) x11 0x00000001
core   0: 0x80004d62 (0xa728b213) sltiu   tp, a7, -1422
core   0: 3 0x80004d62 (0xa728b213) x 4 0x00000001
core   0: 0x80004d66 (0xfa9e4ae3) blt     t3, s1, pc - 76
core   0: 3 0x80004d66 (0xfa9e4ae3)
core   0: 0x80004d1a (0x032b9333) mulh    t1, s7, s2
core   0: 3 0x80004d1a (0x032b9333) x 6 0x00000000
core   0: 0x80004d1e (0x00006375) c.lui   t1, 0x1d
core   0: 3 0x80004d1e (0x6375) x 6 0x0001d000
core   0: 0x80004d20 (0x0000853e) c.mv    a0, a5
core   0: 3 0x80004d20 (0x853e) x10 0xfff577bc
core   0: 0x80004d22 (0x00000e0d) c.addi  t3, 3
core   0: 3 0x80004d22 (0x0e0d) x28 0x00000009
core   0: 0x80004d24 (0x00b2dbb3) srl     s7, t0, a1
core   0: 3 0x80004d24 (0x00b2dbb3) x23 0x00000002
core   0: 0x80004d28 (0x00600093) li      ra, 6
core   0: 3 0x80004d28 (0x00600093) x 1 0x00000006
core   0: 0x80004d2c (0xf515c793) xori    a5, a1, -175
core   0: 3 0x80004d2c (0xf515c793) x15 0xffffff50
core   0: 0x80004d30 (0x00400293) li      t0, 4
core   0: 3 0x80004d30 (0x00400293) x 5 0x00000004
core   0: 0x80004d34 (0x000057fd) c.li    a5, -1
core   0: 3 0x80004d34 (0x57fd) x15 0xffffffff
core   0: 0x80004d36 (0x0ff0000f) fence   iorw,iorw
core   0: 3 0x80004d36 (0x0ff0000f)
core   0: 0x80004d3a (0x00402233) slt     tp, zero, tp
core   0: 3 0x80004d3a (0x00402233) x 4 0x00000001
core   0: 0x80004d3e (0x00008d91) c.sub   a1, a2
core   0: 3 0x80004d3e (0x8d91) x11 0x7ffd931c
core   0: 0x80004d40 (0x00000165) c.addi  sp, 25
core   0: 3 0x80004d40 (0x0165) x 2 0xfffff46a
core   0: 0x80004d42 (0x00008dfd) c.and   a1, a5
core   0: 3 0x80004d42 (0x8dfd) x11 0x7ffd931c
core   0: 0x80004d44 (0x0000892d) c.andi  a0, 11
core   0: 3 0x80004d44 (0x892d) x10 0x00000008
core   0: 0x80004d46 (0x00008d5a) c.mv    s10, s6
core   0: 3 0x80004d46 (0x8d5a) x26 0x00000000
core   0: 0x80004d48 (0x40c6d5b3) sra     a1, a3, a2
core   0: 3 0x80004d48 (0x40c6d5b3) x11 0x01510873
core   0: 0x80004d4c (0x00008595) c.srai  a1, 5
core   0: 3 0x80004d4c (0x8595) x11 0x000a8843
core   0: 0x80004d4e (0x000010f5) c.addi  ra, -3
core   0: 3 0x80004d4e (0x10f5) x 1 0x00000003
core   0: 0x80004d50 (0xfe50fbe3) bgeu    ra, t0, pc - 10
core   0: 3 0x80004d50 (0xfe50fbe3)
core   0: 0x80004d54 (0x03c47833) remu    a6, s0, t3
core   0: 3 0x80004d54 (0x03c47833) x16 0x00000000
core   0: 0x80004d58 (0x0ff0000f) fence   iorw,iorw
core   0: 3 0x80004d58 (0x0ff0000f)
core   0: 0x80004d5c (0x00008f8d) c.sub   a5, a1
core   0: 3 0x80004d5c (0x8f8d) x15 0xfff577bc
core   0: 0x80004d5e (0xac193593) sltiu   a1, s2, -1343
core   0: 3 0x80004d5e (0xac193593) x11 0x00000001
core   0: 0x80004d62 (0xa728b213) sltiu   tp, a7, -1422
core   0: 3 0x80004d62 (0xa728b213) x 4 0x00000001
core   0: 0x80004d66 (0xfa9e4ae3) blt     t3, s1, pc - 76
core   0: 3 0x80004d66 (0xfa9e4ae3)
core   0: 0x80004d1a (0x032b9333) mulh    t1, s7, s2
core   0: 3 0x80004d1a (0x032b9333) x 6 0xffffffff
core   0: 0x80004d1e (0x00006375) c.lui   t1, 0x1d
core   0: 3 0x80004d1e (0x6375) x 6 0x0001d000
core   0: 0x80004d20 (0x0000853e) c.mv    a0, a5
core   0: 3 0x80004d20 (0x853e) x10 0xfff577bc
core   0: 0x80004d22 (0x00000e0d) c.addi  t3, 3
core   0: 3 0x80004d22 (0x0e0d) x28 0x0000000c
core   0: 0x80004d24 (0x00b2dbb3) srl     s7, t0, a1
core   0: 3 0x80004d24 (0x00b2dbb3) x23 0x00000002
core   0: 0x80004d28 (0x00600093) li      ra, 6
core   0: 3 0x80004d28 (0x00600093) x 1 0x00000006
core   0: 0x80004d2c (0xf515c793) xori    a5, a1, -175
core   0: 3 0x80004d2c (0xf515c793) x15 0xffffff50
core   0: 0x80004d30 (0x00400293) li      t0, 4
core   0: 3 0x80004d30 (0x00400293) x 5 0x00000004
core   0: 0x80004d34 (0x000057fd) c.li    a5, -1
core   0: 3 0x80004d34 (0x57fd) x15 0xffffffff
core   0: 0x80004d36 (0x0ff0000f) fence   iorw,iorw
core   0: 3 0x80004d36 (0x0ff0000f)
core   0: 0x80004d3a (0x00402233) slt     tp, zero, tp
core   0: 3 0x80004d3a (0x00402233) x 4 0x00000001
core   0: 0x80004d3e (0x00008d91) c.sub   a1, a2
core   0: 3 0x80004d3e (0x8d91) x11 0x7ffd931c
core   0: 0x80004d40 (0x00000165) c.addi  sp, 25
core   0: 3 0x80004d40 (0x0165) x 2 0xfffff483
core   0: 0x80004d42 (0x00008dfd) c.and   a1, a5
core   0: 3 0x80004d42 (0x8dfd) x11 0x7ffd931c
core   0: 0x80004d44 (0x0000892d) c.andi  a0, 11
core   0: 3 0x80004d44 (0x892d) x10 0x00000008
core   0: 0x80004d46 (0x00008d5a) c.mv    s10, s6
core   0: 3 0x80004d46 (0x8d5a) x26 0x00000000
core   0: 0x80004d48 (0x40c6d5b3) sra     a1, a3, a2
core   0: 3 0x80004d48 (0x40c6d5b3) x11 0x01510873
core   0: 0x80004d4c (0x00008595) c.srai  a1, 5
core   0: 3 0x80004d4c (0x8595) x11 0x000a8843
core   0: 0x80004d4e (0x000010f5) c.addi  ra, -3
core   0: 3 0x80004d4e (0x10f5) x 1 0x00000003
core   0: 0x80004d50 (0xfe50fbe3) bgeu    ra, t0, pc - 10
core   0: 3 0x80004d50 (0xfe50fbe3)
core   0: 0x80004d54 (0x03c47833) remu    a6, s0, t3
core   0: 3 0x80004d54 (0x03c47833) x16 0x00000000
core   0: 0x80004d58 (0x0ff0000f) fence   iorw,iorw
core   0: 3 0x80004d58 (0x0ff0000f)
core   0: 0x80004d5c (0x00008f8d) c.sub   a5, a1
core   0: 3 0x80004d5c (0x8f8d) x15 0xfff577bc
core   0: 0x80004d5e (0xac193593) sltiu   a1, s2, -1343
core   0: 3 0x80004d5e (0xac193593) x11 0x00000001
core   0: 0x80004d62 (0xa728b213) sltiu   tp, a7, -1422
core   0: 3 0x80004d62 (0xa728b213) x 4 0x00000001
core   0: 0x80004d66 (0xfa9e4ae3) blt     t3, s1, pc - 76
core   0: 3 0x80004d66 (0xfa9e4ae3)
core   0: 0x80004d6a (0x0ff0000f) fence   iorw,iorw
core   0: 3 0x80004d6a (0x0ff0000f)
core   0: 0x80004d6e (0x000001a5) c.addi  gp, 9
core   0: 3 0x80004d6e (0x01a5) x 3 0xfffffa25
core   0: 0x80004d70 (0x00008c95) c.sub   s1, a3
core   0: 3 0x80004d70 (0x8c95) x 9 0xd5def1a8
core   0: 0x80004d72 (0x0520f163) bgeu    ra, s2, pc + 66
core   0: 3 0x80004d72 (0x0520f163)
core   0: 0x80004d76 (0x0000717d) c.addi16sp sp, -16
core   0: 3 0x80004d76 (0x717d) x 2 0xfffff473
core   0: 0x80004d78 (0x0148b233) sltu    tp, a7, s4
core   0: 3 0x80004d78 (0x0148b233) x 4 0x00000000
core   0: 0x80004d7c (0x011ff533) and     a0, t6, a7
core   0: 3 0x80004d7c (0x011ff533) x10 0x00000000
core   0: 0x80004d80 (0x01683533) sltu    a0, a6, s6
core   0: 3 0x80004d80 (0x01683533) x10 0x00000000
core   0: 0x80004d84 (0x000013fd) c.addi  t2, -1
core   0: 3 0x80004d84 (0x13fd) x 7 0x0001afff
core   0: 0x80004d86 (0x40905e93) srai    t4, zero, 9
core   0: 3 0x80004d86 (0x40905e93) x29 0x00000000
core   0: 0x80004d8a (0x14bb0c93) addi    s9, s6, 331
core   0: 3 0x80004d8a (0x14bb0c93) x25 0x0000014b
core   0: 0x80004d8e (0x000092e6) c.add   t0, s9
core   0: 3 0x80004d8e (0x92e6) x 5 0x0000014f
core   0: 0x80004d90 (0x03ca29b3) mulhsu  s3, s4, t3
core   0: 3 0x80004d90 (0x03ca29b3) x19 0x00000000
core   0: 0x80004d94 (0x8f187eb7) lui     t4, 0x8f187
core   0: 3 0x80004d94 (0x8f187eb7) x29 0x8f187000
core   0: 0x80004d98 (0x40be09b3) sub     s3, t3, a1
core   0: 3 0x80004d98 (0x40be09b3) x19 0x0000000b
core   0: 0x80004d9c (0x0000e385) c.bnez  a5, pc + 32
core   0: 3 0x80004d9c (0xe385)
core   0: 0x80004dbc (0x00008e89) c.sub   a3, a0
core   0: 3 0x80004dbc (0x8e89) x13 0x2a210e64
core   0: 0x80004dbe (0x021c9bb3) mulh    s7, s9, ra
core   0: 3 0x80004dbe (0x021c9bb3) x23 0x00000000
core   0: 0x80004dc2 (0x035782b3) mul     t0, a5, s5
core   0: 3 0x80004dc2 (0x035782b3) x 5 0x00000000
core   0: 0x80004dc6 (0x00000d06) c.slli  s10, 1
core   0: 3 0x80004dc6 (0x0d06) x26 0x00000000
core   0: 0x80004dc8 (0x844c1737) lui     a4, 0x844c1
core   0: 3 0x80004dc8 (0x844c1737) x14 0x844c1000
core   0: 0x80004dcc (0x41e1dc13) srai    s8, gp, 30
core   0: 3 0x80004dcc (0x41e1dc13) x24 0xffffffff
core   0: 0x80004dd0 (0x00008d35) c.xor   a0, a3
core   0: 3 0x80004dd0 (0x8d35) x10 0x2a210e64
core   0: 0x80004dd2 (0x000056fd) c.li    a3, -1
core   0: 3 0x80004dd2 (0x56fd) x13 0xffffffff
core   0: 0x80004dd4 (0x02c25263) bge     tp, a2, pc + 36
core   0: 3 0x80004dd4 (0x02c25263)
core   0: 0x80004df8 (0x01d430b3) sltu    ra, s0, t4
core   0: 3 0x80004df8 (0x01d430b3) x 1 0x00000001
core   0: 0x80004dfc (0x0000eb99) c.bnez  a5, pc + 22
core   0: 3 0x80004dfc (0xeb99)
core   0: 0x80004e12 (0x5a896017) auipc   zero, 0x5a896
core   0: 3 0x80004e12 (0x5a896017)
core   0: 0x80004e16 (0x41310233) sub     tp, sp, s3
core   0: 3 0x80004e16 (0x41310233) x 4 0xfffff468
core   0: 0x80004e1a (0xf75f2593) slti    a1, t5, -139
core   0: 3 0x80004e1a (0xf75f2593) x11 0x00000001
core   0: 0x80004e1e (0x8e1a0393) addi    t2, s4, -1823
core   0: 3 0x80004e1e (0x8e1a0393) x 7 0xfffff8e2
core   0: 0x80004e22 (0x00000001) c.nop
core   0: 3 0x80004e22 (0x0001)
core   0: 0x80004e24 (0x00bfd213) srli    tp, t6, 11
core   0: 3 0x80004e24 (0x00bfd213) x 4 0x00000000
core   0: 0x80004e28 (0x0316c563) blt     a3, a7, pc + 42
core   0: 3 0x80004e28 (0x0316c563)
core   0: 0x80004e2c (0x4aa56a93) ori     s5, a0, 1194
core   0: 3 0x80004e2c (0x4aa56a93) x21 0x2a210eee
core   0: 0x80004e30 (0x02bd26b3) mulhsu  a3, s10, a1
core   0: 3 0x80004e30 (0x02bd26b3) x13 0x00000000
core   0: 0x80004e34 (0x003bdd63) bge     s7, gp, pc + 26
core   0: 3 0x80004e34 (0x003bdd63)
core   0: 0x80004e4e (0x02d4c233) div     tp, s1, a3
core   0: 3 0x80004e4e (0x02d4c233) x 4 0xffffffff
core   0: 0x80004e52 (0x008320b3) slt     ra, t1, s0
core   0: 3 0x80004e52 (0x008320b3) x 1 0x00000000
core   0: 0x80004e56 (0x020a7133) remu    sp, s4, zero
core   0: 3 0x80004e56 (0x020a7133) x 2 0x00000001
core   0: 0x80004e5a (0x021cfc33) remu    s8, s9, ra
core   0: 3 0x80004e5a (0x021cfc33) x24 0x0000014b
core   0: 0x80004e5e (0xe4803693) sltiu   a3, zero, -440
core   0: 3 0x80004e5e (0xe4803693) x13 0x00000001
core   0: 0x80004e62 (0x000010fd) c.addi  ra, -1
core   0: 3 0x80004e62 (0x10fd) x 1 0xffffffff
core   0: 0x80004e64 (0x000090da) c.add   ra, s6
core   0: 3 0x80004e64 (0x90da) x 1 0xffffffff
core   0: 0x80004e66 (0x02924063) blt     tp, s1, pc + 32
core   0: 3 0x80004e66 (0x02924063)
core   0: 0x80004e6a (0x00880b63) beq     a6, s0, pc + 22
core   0: 3 0x80004e6a (0x00880b63)
core   0: 0x80004e80 (0x0098c533) xor     a0, a7, s1
core   0: 3 0x80004e80 (0x0098c533) x10 0x17d4f1a8
core   0: 0x80004e84 (0x00008189) c.srli  a1, 2
core   0: 3 0x80004e84 (0x8189) x11 0x00000000
core   0: 0x80004e86 (0x0a780c17) auipc   s8, 0xa780
core   0: 3 0x80004e86 (0x0a780c17) x24 0x8a784e86
core   0: 0x80004e8a (0x0a3a2313) slti    t1, s4, 163
core   0: 3 0x80004e8a (0x0a3a2313) x 6 0x00000001
core   0: 0x80004e8e (0x00000001) c.nop
core   0: 3 0x80004e8e (0x0001)
core   0: 0x80004e90 (0x00fc1bb3) sll     s7, s8, a5
core   0: 3 0x80004e90 (0x00fc1bb3) x23 0x60000000
core   0: 0x80004e94 (0x03b380b3) mul     ra, t2, s11
core   0: 3 0x80004e94 (0x03b380b3) x 1 0xf079d448
core   0: 0x80004e98 (0x01ce3c33) sltu    s8, t3, t3
core   0: 3 0x80004e98 (0x01ce3c33) x24 0x00000000
core   0: 0x80004e9c (0xe92a4b93) xori    s7, s4, -366
core   0: 3 0x80004e9c (0xe92a4b93) x23 0xfffffe93
core   0: 0x80004ea0 (0x07d3e563) bltu    t2, t4, pc + 106
core   0: 3 0x80004ea0 (0x07d3e563)
core   0: 0x80004ea4 (0x0000412d) c.li    sp, 11
core   0: 3 0x80004ea4 (0x412d) x 2 0x0000000b
core   0: 0x80004ea6 (0x0209e333) rem     t1, s3, zero
core   0: 3 0x80004ea6 (0x0209e333) x 6 0x0000000b
core   0: 0x80004eaa (0x008d43b3) xor     t2, s10, s0
core   0: 3 0x80004eaa (0x008d43b3) x 7 0x00000000
core   0: 0x80004eae (0x0000e135) c.bnez  a0, pc + 100
core   0: 3 0x80004eae (0xe135)
core   0: 0x80004f12 (0x037088b3) mul     a7, ra, s7
core   0: 3 0x80004f12 (0x037088b3) x17 0x224c5558
core   0: 0x80004f16 (0x00000804) c.addi4spn s1, sp, 16
core   0: 3 0x80004f16 (0x0804) x 9 0x0000001b
core   0: 0x80004f18 (0xcecd4d13) xori    s10, s10, -788
core   0: 3 0x80004f18 (0xcecd4d13) x26 0xfffffcec
core   0: 0x80004f1c (0x00fd4633) xor     a2, s10, a5
core   0: 3 0x80004f1c (0x00fd4633) x12 0x000a8b50
core   0: 0x80004f20 (0x00008f7d) c.and   a4, a5
core   0: 3 0x80004f20 (0x8f7d) x14 0x84441000
core   0: 0x80004f22 (0x02f26e33) rem     t3, tp, a5
core   0: 3 0x80004f22 (0x02f26e33) x28 0xffffffff
core   0: 0x80004f26 (0x0085ff13) andi    t5, a1, 8
core   0: 3 0x80004f26 (0x0085ff13) x30 0x00000000
core   0: 0x80004f2a (0xaa11a513) slti    a0, gp, -1375
core   0: 3 0x80004f2a (0xaa11a513) x10 0x00000001
core   0: 0x80004f2e (0x81c2bc13) sltiu   s8, t0, -2020
core   0: 3 0x80004f2e (0x81c2bc13) x24 0x00000001
core   0: 0x80004f32 (0x00000001) c.nop
core   0: 3 0x80004f32 (0x0001)
core   0: 0x80004f34 (0x01d3e1b3) or      gp, t2, t4
core   0: 3 0x80004f34 (0x01d3e1b3) x 3 0x8f187000
core   0: 0x80004f38 (0x5d10ac13) slti    s8, ra, 1489
core   0: 3 0x80004f38 (0x5d10ac13) x24 0x00000001
core   0: 0x80004f3c (0xe4256f97) auipc   t6, 0xe4256
core   0: 3 0x80004f3c (0xe4256f97) x31 0x6425af3c
core   0: 0x80004f40 (0x03dc5e63) bge     s8, t4, pc + 60
core   0: 3 0x80004f40 (0x03dc5e63)
core   0: 0x80004f7c (0x0022f663) bgeu    t0, sp, pc + 12
core   0: 3 0x80004f7c (0x0022f663)
core   0: 0x80004f80 (0x0000c4a5) c.beqz  s1, pc + 104
core   0: 3 0x80004f80 (0xc4a5)
core   0: 0x80004f82 (0x00008f61) c.and   a4, s0
core   0: 3 0x80004f82 (0x8f61) x14 0x00000000
core   0: 0x80004f84 (0x037270b3) remu    ra, tp, s7
core   0: 3 0x80004f84 (0x037270b3) x 1 0x0000016c
core   0: 0x80004f88 (0x4195dcb3) sra     s9, a1, s9
core   0: 3 0x80004f88 (0x4195dcb3) x25 0x00000000
core   0: 0x80004f8c (0x0000c22d) c.beqz  a2, pc + 98
core   0: 3 0x80004f8c (0xc22d)
core   0: 0x80004f8e (0xd16b2c93) slti    s9, s6, -746
core   0: 3 0x80004f8e (0xd16b2c93) x25 0x00000000
core   0: 0x80004f92 (0xffa00693) li      a3, -6
core   0: 3 0x80004f92 (0xffa00693) x13 0xfffffffa
core   0: 0x80004f96 (0x755f6517) auipc   a0, 0x755f6
core   0: 3 0x80004f96 (0x755f6517) x10 0xf55faf96
core   0: 0x80004f9a (0x00009e52) c.add   t3, s4
core   0: 3 0x80004f9a (0x9e52) x28 0x00000000
core   0: 0x80004f9c (0x00000261) c.addi  tp, 24
core   0: 3 0x80004f9c (0x0261) x 4 0x00000017
core   0: 0x80004f9e (0x0000854a) c.mv    a0, s2
core   0: 3 0x80004f9e (0x854a) x10 0x80026ce4
core   0: 0x80004fa0 (0x00000001) c.nop
core   0: 3 0x80004fa0 (0x0001)
core   0: 0x80004fa2 (0x00009a7d) c.andi  a2, -1
core   0: 3 0x80004fa2 (0x9a7d) x12 0x000a8b50
core   0: 0x80004fa4 (0x0000100f) fence.i
core   0: 3 0x80004fa4 (0x0000100f)
core   0: 0x80004fa8 (0x03903c33) mulhu   s8, zero, s9
core   0: 3 0x80004fa8 (0x03903c33) x24 0x00000000
core   0: 0x80004fac (0x0378b3b3) mulhu   t2, a7, s7
core   0: 3 0x80004fac (0x0378b3b3) x 7 0x224c5527
core   0: 0x80004fb0 (0x000098fd) c.andi  s1, -1
core   0: 3 0x80004fb0 (0x98fd) x 9 0x0000001b
core   0: 0x80004fb2 (0x00000001) c.nop
core   0: 3 0x80004fb2 (0x0001)
core   0: 0x80004fb4 (0x5e9d3597) auipc   a1, 0x5e9d3
core   0: 3 0x80004fb4 (0x5e9d3597) x11 0xde9d7fb4
core   0: 0x80004fb8 (0x000c09b3) add     s3, s8, zero
core   0: 3 0x80004fb8 (0x000c09b3) x19 0x00000000
core   0: 0x80004fbc (0x1e5daa93) slti    s5, s11, 485
core   0: 3 0x80004fbc (0x1e5daa93) x21 0x00000001
core   0: 0x80004fc0 (0x00005f7d) c.li    t5, -1
core   0: 3 0x80004fc0 (0x5f7d) x30 0xffffffff
core   0: 0x80004fc2 (0x039eb5b3) mulhu   a1, t4, s9
core   0: 3 0x80004fc2 (0x039eb5b3) x11 0x00000000
core   0: 0x80004fc6 (0x00000699) c.addi  a3, 6
core   0: 3 0x80004fc6 (0x0699) x13 0x00000000
core   0: 0x80004fc8 (0x00aa3133) sltu    sp, s4, a0
core   0: 3 0x80004fc8 (0x00aa3133) x 2 0x00000001
core   0: 0x80004fcc (0x01142c33) slt     s8, s0, a7
core   0: 3 0x80004fcc (0x01142c33) x24 0x00000001
core   0: 0x80004fd0 (0x02ab8eb3) mul     t4, s7, a0
core   0: 3 0x80004fd0 (0x02ab8eb3) x29 0x7c8abeec
core   0: 0x80004fd4 (0x00008bd9) c.andi  a5, 22
core   0: 3 0x80004fd4 (0x8bd9) x15 0x00000014
core   0: 0x80004fd6 (0x0042c0b3) xor     ra, t0, tp
core   0: 3 0x80004fd6 (0x0042c0b3) x 1 0x00000017
core   0: 0x80004fda (0x00000001) c.nop
core   0: 3 0x80004fda (0x0001)
core   0: 0x80004fdc (0x0000d2e5) c.beqz  a3, pc - 32
core   0: 3 0x80004fdc (0xd2e5)
core   0: 0x80004fbc (0x1e5daa93) slti    s5, s11, 485
core   0: 3 0x80004fbc (0x1e5daa93) x21 0x00000001
core   0: 0x80004fc0 (0x00005f7d) c.li    t5, -1
core   0: 3 0x80004fc0 (0x5f7d) x30 0xffffffff
core   0: 0x80004fc2 (0x039eb5b3) mulhu   a1, t4, s9
core   0: 3 0x80004fc2 (0x039eb5b3) x11 0x00000000
core   0: 0x80004fc6 (0x00000699) c.addi  a3, 6
core   0: 3 0x80004fc6 (0x0699) x13 0x00000006
core   0: 0x80004fc8 (0x00aa3133) sltu    sp, s4, a0
core   0: 3 0x80004fc8 (0x00aa3133) x 2 0x00000001
core   0: 0x80004fcc (0x01142c33) slt     s8, s0, a7
core   0: 3 0x80004fcc (0x01142c33) x24 0x00000001
core   0: 0x80004fd0 (0x02ab8eb3) mul     t4, s7, a0
core   0: 3 0x80004fd0 (0x02ab8eb3) x29 0x7c8abeec
core   0: 0x80004fd4 (0x00008bd9) c.andi  a5, 22
core   0: 3 0x80004fd4 (0x8bd9) x15 0x00000014
core   0: 0x80004fd6 (0x0042c0b3) xor     ra, t0, tp
core   0: 3 0x80004fd6 (0x0042c0b3) x 1 0x00000017
core   0: 0x80004fda (0x00000001) c.nop
core   0: 3 0x80004fda (0x0001)
core   0: 0x80004fdc (0x0000d2e5) c.beqz  a3, pc - 32
core   0: 3 0x80004fdc (0xd2e5)
core   0: 0x80004fde (0x00008fa1) c.xor   a5, s0
core   0: 3 0x80004fde (0x8fa1) x15 0x00000014
core   0: 0x80004fe0 (0x00008651) c.srai  a2, 20
core   0: 3 0x80004fe0 (0x8651) x12 0x00000000
core   0: 0x80004fe2 (0x0000eb1d) c.bnez  a4, pc + 54
core   0: 3 0x80004fe2 (0xeb1d)
core   0: 0x80004fe4 (0xf0310393) addi    t2, sp, -253
core   0: 3 0x80004fe4 (0xf0310393) x 7 0xffffff04
core   0: 0x80004fe8 (0xcaa52a93) slti    s5, a0, -854
core   0: 3 0x80004fe8 (0xcaa52a93) x21 0x00000001
core   0: 0x80004fec (0x00006809) c.lui   a6, 0x2
core   0: 3 0x80004fec (0x6809) x16 0x00002000
core   0: 0x80004fee (0x00f95993) srli    s3, s2, 15
core   0: 3 0x80004fee (0x00f95993) x19 0x00010004
core   0: 0x80004ff2 (0x00207863) bgeu    zero, sp, pc + 16
core   0: 3 0x80004ff2 (0x00207863)
core   0: 0x80004ff6 (0x016f1c93) slli    s9, t5, 22
core   0: 3 0x80004ff6 (0x016f1c93) x25 0xffc00000
core   0: 0x80004ffa (0x02376ab3) rem     s5, a4, gp
core   0: 3 0x80004ffa (0x02376ab3) x21 0x00000000
core   0: 0x80004ffe (0x005faab3) slt     s5, t6, t0
core   0: 3 0x80004ffe (0x005faab3) x21 0x00000000
core   0: 0x80005002 (0x3a5cbe97) auipc   t4, 0x3a5cb
core   0: 3 0x80005002 (0x3a5cbe97) x29 0xba5d0002
core   0: 0x80005006 (0x00008cf9) c.and   s1, a4
core   0: 3 0x80005006 (0x8cf9) x 9 0x00000000
core   0: 0x80005008 (0x017b00b3) add     ra, s6, s7
core   0: 3 0x80005008 (0x017b00b3) x 1 0xfffffe93
core   0: 0x8000500c (0x01bec0b3) xor     ra, t4, s11
core   0: 3 0x8000500c (0x01bec0b3) x 1 0x3a5f2e66
core   0: 0x80005010 (0x01261633) sll     a2, a2, s2
core   0: 3 0x80005010 (0x01261633) x12 0x00000000
core   0: 0x80005014 (0x00799b63) bne     s3, t2, pc + 22
core   0: 3 0x80005014 (0x00799b63)
core   0: 0x8000502a (0x01748f63) beq     s1, s7, pc + 30
core   0: 3 0x8000502a (0x01748f63)
core   0: 0x8000502e (0x0ff0000f) fence   iorw,iorw
core   0: 3 0x8000502e (0x0ff0000f)
core   0: 0x80005032 (0x00000ccd) c.addi  s9, 19
core   0: 3 0x80005032 (0x0ccd) x25 0xffc00013
core   0: 0x80005034 (0x02d115b3) mulh    a1, sp, a3
core   0: 3 0x80005034 (0x02d115b3) x11 0x00000000
core   0: 0x80005038 (0x00008661) c.srai  a2, 24
core   0: 3 0x80005038 (0x8661) x12 0x00000000
core   0: 0x8000503a (0x0000820d) c.srli  a2, 3
core   0: 3 0x8000503a (0x820d) x12 0x00000000
core   0: 0x8000503c (0x02676063) bltu    a4, t1, pc + 32
core   0: 3 0x8000503c (0x02676063)
core   0: 0x8000505c (0x01281b33) sll     s6, a6, s2
core   0: 3 0x8000505c (0x01281b33) x22 0x00020000
core   0: 0x80005060 (0x00009ff2) c.add   t6, t3
core   0: 3 0x80005060 (0x9ff2) x31 0x6425af3c
core   0: 0x80005062 (0x02a7a833) mulhsu  a6, a5, a0
core   0: 3 0x80005062 (0x02a7a833) x16 0x0000000a
core   0: 0x80005066 (0x019f9663) bne     t6, s9, pc + 12
core   0: 3 0x80005066 (0x019f9663)
core   0: 0x80005072 (0x88d9ca17) auipc   s4, 0x88d9c
core   0: 3 0x80005072 (0x88d9ca17) x20 0x08da1072
core   0: 0x80005076 (0x8e047097) auipc   ra, 0x8e047
core   0: 3 0x80005076 (0x8e047097) x 1 0x0e04c076
core   0: 0x8000507a (0x8f450e93) addi    t4, a0, -1804
core   0: 3 0x8000507a (0x8f450e93) x29 0x800265d8
core   0: 0x8000507e (0x00c30833) add     a6, t1, a2
core   0: 3 0x8000507e (0x00c30833) x16 0x0000000b
core   0: 0x80005082 (0x2cb7f793) andi    a5, a5, 715
core   0: 3 0x80005082 (0x2cb7f793) x15 0x00000000
core   0: 0x80005086 (0x00008eda) c.mv    t4, s6
core   0: 3 0x80005086 (0x8eda) x29 0x00020000
core   0: 0x80005088 (0x02231c33) mulh    s8, t1, sp
core   0: 3 0x80005088 (0x02231c33) x24 0x00000000
core   0: 0x8000508c (0x021b02b3) mul     t0, s6, ra
core   0: 3 0x8000508c (0x021b02b3) x 5 0x80ec0000
core   0: 0x80005090 (0x03078f63) beq     a5, a6, pc + 62
core   0: 3 0x80005090 (0x03078f63)
core   0: 0x80005094 (0x054f4163) blt     t5, s4, pc + 66
core   0: 3 0x80005094 (0x054f4163)
core   0: 0x800050d6 (0x010948b3) xor     a7, s2, a6
core   0: 3 0x800050d6 (0x010948b3) x17 0x80026cef
core   0: 0x800050da (0x0000426d) c.li    tp, 27
core   0: 3 0x800050da (0x426d) x 4 0x0000001b
core   0: 0x800050dc (0x01468b33) add     s6, a3, s4
core   0: 3 0x800050dc (0x01468b33) x22 0x08da1078
core   0: 0x800050e0 (0x000069bd) c.lui   s3, 0xf
core   0: 3 0x800050e0 (0x69bd) x19 0x0000f000
core   0: 0x800050e2 (0x0255fb33) remu    s6, a1, t0
core   0: 3 0x800050e2 (0x0255fb33) x22 0x00000000
core   0: 0x800050e6 (0x008342b3) xor     t0, t1, s0
core   0: 3 0x800050e6 (0x008342b3) x 5 0x0000000b
core   0: 0x800050ea (0x00008ce5) c.and   s1, s1
core   0: 3 0x800050ea (0x8ce5) x 9 0x00000000
core   0: 0x800050ec (0x00006105) c.addi16sp sp, 32
core   0: 3 0x800050ec (0x6105) x 2 0x00000021
core   0: 0x800050ee (0x0035ea63) bltu    a1, gp, pc + 20
core   0: 3 0x800050ee (0x0035ea63)
core   0: 0x80005102 (0x00006835) c.lui   a6, 0xd
core   0: 3 0x80005102 (0x6835) x16 0x0000d000
core   0: 0x80005104 (0x00639833) sll     a6, t2, t1
core   0: 3 0x80005104 (0x00639833) x16 0xfff82000
core   0: 0x80005108 (0x032af633) remu    a2, s5, s2
core   0: 3 0x80005108 (0x032af633) x12 0x00000000
core   0: 0x8000510c (0x02167a63) bgeu    a2, ra, pc + 52
core   0: 3 0x8000510c (0x02167a63)
core   0: 0x80005110 (0x419edc93) srai    s9, t4, 25
core   0: 3 0x80005110 (0x419edc93) x25 0x00000000
core   0: 0x80005114 (0x03419533) mulh    a0, gp, s4
core   0: 3 0x80005114 (0x03419533) x10 0xfc18970e
core   0: 0x80005118 (0xedd2ac93) slti    s9, t0, -291
core   0: 3 0x80005118 (0xedd2ac93) x25 0x00000000
core   0: 0x8000511c (0x41d8da13) srai    s4, a7, 29
core   0: 3 0x8000511c (0x41d8da13) x20 0xfffffffc
core   0: 0x80005120 (0x00009aea) c.add   s5, s10
core   0: 3 0x80005120 (0x9aea) x21 0xfffffcec
core   0: 0x80005122 (0x00008ff1) c.and   a5, a2
core   0: 3 0x80005122 (0x8ff1) x15 0x00000000
core   0: 0x80005124 (0x708a7a13) andi    s4, s4, 1800
core   0: 3 0x80005124 (0x708a7a13) x20 0x00000708
core   0: 0x80005128 (0x1644a493) slti    s1, s1, 356
core   0: 3 0x80005128 (0x1644a493) x 9 0x00000001
core   0: 0x8000512c (0x00008e4d) c.or    a2, a1
core   0: 3 0x8000512c (0x8e4d) x12 0x00000000
core   0: 0x8000512e (0x00009bfd) c.andi  a5, -1
core   0: 3 0x8000512e (0x9bfd) x15 0x00000000
core   0: 0x80005130 (0x15742493) slti    s1, s0, 343
core   0: 3 0x80005130 (0x15742493) x 9 0x00000001
core   0: 0x80005134 (0x02da9463) bne     s5, a3, pc + 40
core   0: 3 0x80005134 (0x02da9463)
core   0: 0x8000515c (0x03e5e833) rem     a6, a1, t5
core   0: 3 0x8000515c (0x03e5e833) x16 0x00000000
core   0: 0x80005160 (0x01f67663) bgeu    a2, t6, pc + 12
core   0: 3 0x80005160 (0x01f67663)
core   0: 0x80005164 (0xdac97613) andi    a2, s2, -596
core   0: 3 0x80005164 (0xdac97613) x12 0x80026ca4
core   0: 0x80005168 (0x005ca2b3) slt     t0, s9, t0
core   0: 3 0x80005168 (0x005ca2b3) x 5 0x00000001
core   0: 0x8000516c (0x01aca7b3) slt     a5, s9, s10
core   0: 3 0x8000516c (0x01aca7b3) x15 0x00000000
core   0: 0x80005170 (0x017e80b3) add     ra, t4, s7
core   0: 3 0x80005170 (0x017e80b3) x 1 0x0001fe93
core   0: 0x80005174 (0x032b67b3) rem     a5, s6, s2
core   0: 3 0x80005174 (0x032b67b3) x15 0x00000000
core   0: 0x80005178 (0x0097a9b3) slt     s3, a5, s1
core   0: 3 0x80005178 (0x0097a9b3) x19 0x00000001
core   0: 0x8000517c (0x00ca1ab3) sll     s5, s4, a2
core   0: 3 0x8000517c (0x00ca1ab3) x21 0x00007080
core   0: 0x80005180 (0x02985663) bge     a6, s1, pc + 44
core   0: 3 0x80005180 (0x02985663)
core   0: 0x80005184 (0x014d7633) and     a2, s10, s4
core   0: 3 0x80005184 (0x014d7633) x12 0x00000408
core   0: 0x80005188 (0x00000001) c.nop
core   0: 3 0x80005188 (0x0001)
core   0: 0x8000518a (0x00000694) c.addi4spn a3, sp, 832
core   0: 3 0x8000518a (0x0694) x13 0x00000361
core   0: 0x8000518c (0x02b3e833) rem     a6, t2, a1
core   0: 3 0x8000518c (0x02b3e833) x16 0xffffff04
core   0: 0x80005190 (0x00aecc63) blt     t4, a0, pc + 24
core   0: 3 0x80005190 (0x00aecc63)
core   0: 0x80005194 (0x0267d833) divu    a6, a5, t1
core   0: 3 0x80005194 (0x0267d833) x16 0x00000000
core   0: 0x80005198 (0xc8aa7d13) andi    s10, s4, -886
core   0: 3 0x80005198 (0xc8aa7d13) x26 0x00000408
core   0: 0x8000519c (0x00000c71) c.addi  s8, 28
core   0: 3 0x8000519c (0x0c71) x24 0x0000001c
core   0: 0x8000519e (0x00000001) c.nop
core   0: 3 0x8000519e (0x0001)
core   0: 0x800051a0 (0x02a9ebb3) rem     s7, s3, a0
core   0: 3 0x800051a0 (0x02a9ebb3) x23 0x00000001
core   0: 0x800051a4 (0x004e6d33) or      s10, t3, tp
core   0: 3 0x800051a4 (0x004e6d33) x26 0x0000001b
core   0: 0x800051a8 (0x02480363) beq     a6, tp, pc + 38
core   0: 3 0x800051a8 (0x02480363)
core   0: 0x800051ac (0x0000972a) c.add   a4, a0
core   0: 3 0x800051ac (0x972a) x14 0xfc18970e
core   0: 0x800051ae (0x41725833) sra     a6, tp, s7
core   0: 3 0x800051ae (0x41725833) x16 0x0000000d
core   0: 0x800051b2 (0x02115f33) divu    t5, sp, ra
core   0: 3 0x800051b2 (0x02115f33) x30 0x00000000
core   0: 0x800051b6 (0x0000e891) c.bnez  s1, pc + 20
core   0: 3 0x800051b6 (0xe891)
core   0: 0x800051ca (0x02b677b3) remu    a5, a2, a1
core   0: 3 0x800051ca (0x02b677b3) x15 0x00000408
core   0: 0x800051ce (0x013fce33) xor     t3, t6, s3
core   0: 3 0x800051ce (0x013fce33) x28 0x6425af3d
core   0: 0x800051d2 (0x02387c33) remu    s8, a6, gp
core   0: 3 0x800051d2 (0x02387c33) x24 0x0000000d
core   0: 0x800051d6 (0x0180dc33) srl     s8, ra, s8
core   0: 3 0x800051d6 (0x0180dc33) x24 0x0000000f
core   0: 0x800051da (0x40170bb3) sub     s7, a4, ra
core   0: 3 0x800051da (0x40170bb3) x23 0xfc16987b
core   0: 0x800051de (0x5aa53793) sltiu   a5, a0, 1450
core   0: 3 0x800051de (0x5aa53793) x15 0x00000000
core   0: 0x800051e2 (0x00008fd5) c.or    a5, a3
core   0: 3 0x800051e2 (0x8fd5) x15 0x00000361
core   0: 0x800051e4 (0x000004da) c.slli  s1, 22
core   0: 3 0x800051e4 (0x04da) x 9 0x00400000
core   0: 0x800051e6 (0x0000c08d) c.beqz  s1, pc + 34
core   0: 3 0x800051e6 (0xc08d)
core   0: 0x800051e8 (0x0000717d) c.addi16sp sp, -16
core   0: 3 0x800051e8 (0x717d) x 2 0x00000011
core   0: 0x800051ea (0x0240f5b3) remu    a1, ra, tp
core   0: 3 0x800051ea (0x0240f5b3) x11 0x00000000
core   0: 0x800051ee (0x08a56617) auipc   a2, 0x8a56
core   0: 3 0x800051ee (0x08a56617) x12 0x88a5b1ee
core   0: 0x800051f2 (0x036adfb3) divu    t6, s5, s6
core   0: 3 0x800051f2 (0x036adfb3) x31 0xffffffff
core   0: 0x800051f6 (0x02c88cb3) mul     s9, a7, a2
core   0: 3 0x800051f6 (0x02c88cb3) x25 0xdd9d8532
core   0: 0x800051fa (0x0137e333) or      t1, a5, s3
core   0: 3 0x800051fa (0x0137e333) x 6 0x00000361
core   0: 0x800051fe (0x00008d1d) c.sub   a0, a5
core   0: 3 0x800051fe (0x8d1d) x10 0xfc1893ad
core   0: 0x80005200 (0x41ed0233) sub     tp, s10, t5
core   0: 3 0x80005200 (0x41ed0233) x 4 0x0000001b
core   0: 0x80005204 (0x02a20063) beq     tp, a0, pc + 32
core   0: 3 0x80005204 (0x02a20063)
core   0: 0x80005208 (0x007b5513) srli    a0, s6, 7
core   0: 3 0x80005208 (0x007b5513) x10 0x00000000
core   0: 0x8000520c (0x01ec7c63) bgeu    s8, t5, pc + 24
core   0: 3 0x8000520c (0x01ec7c63)
core   0: 0x80005224 (0x0000ed19) c.bnez  a0, pc + 30
core   0: 3 0x80005224 (0xed19)
core   0: 0x80005226 (0x03358fb3) mul     t6, a1, s3
core   0: 3 0x80005226 (0x03358fb3) x31 0x00000000
core   0: 0x8000522a (0x00000ba5) c.addi  s7, 9
core   0: 3 0x8000522a (0x0ba5) x23 0xfc169884
core   0: 0x8000522c (0x00000a86) c.slli  s5, 1
core   0: 3 0x8000522c (0x0a86) x21 0x0000e100
core   0: 0x8000522e (0x03194cb3) div     s9, s2, a7
core   0: 3 0x8000522e (0x03194cb3) x25 0x00000001
core   0: 0x80005232 (0x00d7ccb3) xor     s9, a5, a3
core   0: 3 0x80005232 (0x00d7ccb3) x25 0x00000000
core   0: 0x80005236 (0x41855c13) srai    s8, a0, 24
core   0: 3 0x80005236 (0x41855c13) x24 0x00000000
core   0: 0x8000523a (0x01c7d733) srl     a4, a5, t3
core   0: 3 0x8000523a (0x01c7d733) x14 0x00000000
core   0: 0x8000523e (0x02a1c963) blt     gp, a0, pc + 50
core   0: 3 0x8000523e (0x02a1c963)
core   0: 0x80005270 (0x00000f56) c.slli  t5, 21
core   0: 3 0x80005270 (0x0f56) x30 0x00000000
core   0: 0x80005272 (0x01265033) srl     zero, a2, s2
core   0: 3 0x80005272 (0x01265033)
core   0: 0x80005276 (0x0ff0000f) fence   iorw,iorw
core   0: 3 0x80005276 (0x0ff0000f)
core   0: 0x8000527a (0x03c56e33) rem     t3, a0, t3
core   0: 3 0x8000527a (0x03c56e33) x28 0x00000000
core   0: 0x8000527e (0x71530c13) addi    s8, t1, 1813
core   0: 3 0x8000527e (0x71530c13) x24 0x00000a76
core   0: 0x80005282 (0x060d2597) auipc   a1, 0x60d2
core   0: 3 0x80005282 (0x060d2597) x11 0x860d7282
core   0: 0x80005286 (0x6b580e13) addi    t3, a6, 1717
core   0: 3 0x80005286 (0x6b580e13) x28 0x000006c2
core   0: 0x8000528a (0x0118deb3) srl     t4, a7, a7
core   0: 3 0x8000528a (0x0118deb3) x29 0x00010004
core   0: 0x8000528e (0x00e53fb3) sltu    t6, a0, a4
core   0: 3 0x8000528e (0x00e53fb3) x31 0x00000000
core   0: 0x80005292 (0xf1398113) addi    sp, s3, -237
core   0: 3 0x80005292 (0xf1398113) x 2 0xffffff14
core   0: 0x80005296 (0x00e91193) slli    gp, s2, 14
core   0: 3 0x80005296 (0x00e91193) x 3 0x9b390000
core   0: 0x8000529a (0x01f90a33) add     s4, s2, t6
core   0: 3 0x8000529a (0x01f90a33) x20 0x80026ce4
core   0: 0x8000529e (0x00008255) c.srli  a2, 21
core   0: 3 0x8000529e (0x8255) x12 0x00000445
core   0: 0x800052a0 (0x00008e55) c.or    a2, a3
core   0: 3 0x800052a0 (0x8e55) x12 0x00000765
core   0: 0x800052a2 (0x03cdf833) remu    a6, s11, t3
core   0: 3 0x800052a2 (0x03cdf833) x16 0x00000470
core   0: 0x800052a6 (0x010ece63) blt     t4, a6, pc + 28
core   0: 3 0x800052a6 (0x010ece63)
core   0: 0x800052aa (0x00000001) c.nop
core   0: 3 0x800052aa (0x0001)
core   0: 0x800052ac (0x00008559) c.srai  a0, 22
core   0: 3 0x800052ac (0x8559) x10 0x00000000
core   0: 0x800052ae (0x023c1363) bne     s8, gp, pc + 38
core   0: 3 0x800052ae (0x023c1363)
core   0: 0x800052d4 (0x0ff0000f) fence   iorw,iorw
core   0: 3 0x800052d4 (0x0ff0000f)
core   0: 0x800052d8 (0x416b5293) srai    t0, s6, 22
core   0: 3 0x800052d8 (0x416b5293) x 5 0x00000000
core   0: 0x800052dc (0x01d81833) sll     a6, a6, t4
core   0: 3 0x800052dc (0x01d81833) x16 0x00004700
core   0: 0x800052e0 (0x0ff0000f) fence   iorw,iorw
core   0: 3 0x800052e0 (0x0ff0000f)
core   0: 0x800052e4 (0xa9160513) addi    a0, a2, -1391
core   0: 3 0x800052e4 (0xa9160513) x10 0x000001f6
core   0: 0x800052e8 (0xff878593) addi    a1, a5, -8
core   0: 3 0x800052e8 (0xff878593) x11 0x00000359
core   0: 0x800052ec (0x01235833) srl     a6, t1, s2
core   0: 3 0x800052ec (0x01235833) x16 0x00000036
core   0: 0x800052f0 (0x03a1d633) divu    a2, gp, s10
core   0: 3 0x800052f0 (0x03a1d633) x12 0x05bfbda1
core   0: 0x800052f4 (0xcf6cfd13) andi    s10, s9, -778
core   0: 3 0x800052f4 (0xcf6cfd13) x26 0x00000000
core   0: 0x800052f8 (0x0000810a) c.mv    sp, sp
core   0: 3 0x800052f8 (0x810a) x 2 0xffffff14
core   0: 0x800052fa (0x029bb633) mulhu   a2, s7, s1
core   0: 3 0x800052fa (0x029bb633) x12 0x003f05a6
core   0: 0x800052fe (0x00000762) c.slli  a4, 24
core   0: 3 0x800052fe (0x0762) x14 0x00000000
core   0: 0x80005300 (0x00008f51) c.or    a4, a2
core   0: 3 0x80005300 (0x8f51) x14 0x003f05a6
core   0: 0x80005302 (0x00008799) c.srai  a5, 6
core   0: 3 0x80005302 (0x8799) x15 0x0000000d
core   0: 0x80005304 (0x793acf37) lui     t5, 0x793ac
core   0: 3 0x80005304 (0x793acf37) x30 0x793ac000
core   0: 0x80005308 (0x00001614) c.addi4spn a3, sp, 800
core   0: 3 0x80005308 (0x1614) x13 0x00000234
core   0: 0x8000530a (0x0a5bbe13) sltiu   t3, s7, 165
core   0: 3 0x8000530a (0x0a5bbe13) x28 0x00000000
core   0: 0x8000530e (0x006da333) slt     t1, s11, t1
core   0: 3 0x8000530e (0x006da333) x 6 0x00000001
core   0: 0x80005312 (0x033cf3b3) remu    t2, s9, s3
core   0: 3 0x80005312 (0x033cf3b3) x 7 0x00000000
core   0: 0x80005316 (0x00009bf2) c.add   s7, t3
core   0: 3 0x80005316 (0x9bf2) x23 0xfc169884
core   0: 0x80005318 (0xca2fa117) auipc   sp, 0xca2fa
core   0: 3 0x80005318 (0xca2fa117) x 2 0x4a2ff318
core   0: 0x8000531c (0x01a099b3) sll     s3, ra, s10
core   0: 3 0x8000531c (0x01a099b3) x19 0x0001fe93
core   0: 0x80005320 (0x00004c89) c.li    s9, 2
core   0: 3 0x80005320 (0x4c89) x25 0x00000002
core   0: 0x80005322 (0x01bd5333) srl     t1, s10, s11
core   0: 3 0x80005322 (0x01bd5333) x 6 0x00000000
core   0: 0x80005326 (0x0000e315) c.bnez  a4, pc + 36
core   0: 3 0x80005326 (0xe315)
core   0: 0x8000534a (0x002e04b3) add     s1, t3, sp
core   0: 3 0x8000534a (0x002e04b3) x 9 0x4a2ff318
core   0: 0x8000534e (0x01efeb33) or      s6, t6, t5
core   0: 3 0x8000534e (0x01efeb33) x22 0x793ac000
core   0: 0x80005352 (0x68d43817) auipc   a6, 0x68d43
core   0: 3 0x80005352 (0x68d43817) x16 0xe8d48352
core   0: 0x80005356 (0x00241833) sll     a6, s0, sp
core   0: 3 0x80005356 (0x00241833) x16 0x00000000
core   0: 0x8000535a (0x0ff0000f) fence   iorw,iorw
core   0: 3 0x8000535a (0x0ff0000f)
core   0: 0x8000535e (0x0350b7b3) mulhu   a5, ra, s5
core   0: 3 0x8000535e (0x0350b7b3) x15 0x00000001
core   0: 0x80005362 (0x00008edd) c.or    a3, a5
core   0: 3 0x80005362 (0x8edd) x13 0x00000235
core   0: 0x80005364 (0x009b5993) srli    s3, s6, 9
core   0: 3 0x80005364 (0x009b5993) x19 0x003c9d60
core   0: 0x80005368 (0x03728833) mul     a6, t0, s7
core   0: 3 0x80005368 (0x03728833) x16 0x00000000
core   0: 0x8000536c (0x0000100f) fence.i
core   0: 3 0x8000536c (0x0000100f)
core   0: 0x80005370 (0x3986b217) auipc   tp, 0x3986b
core   0: 3 0x80005370 (0x3986b217) x 4 0xb9870370
core   0: 0x80005374 (0x01c95633) srl     a2, s2, t3
core   0: 3 0x80005374 (0x01c95633) x12 0x80026ce4
core   0: 0x80005378 (0x01c91e13) slli    t3, s2, 28
core   0: 3 0x80005378 (0x01c91e13) x28 0x40000000
core   0: 0x8000537c (0x03c62c33) mulhsu  s8, a2, t3
core   0: 3 0x8000537c (0x03c62c33) x24 0xe0009b39
core   0: 0x80005380 (0x4193de33) sra     t3, t2, s9
core   0: 3 0x80005380 (0x4193de33) x28 0x00000000
core   0: 0x80005384 (0x00008cf1) c.and   s1, a2
core   0: 3 0x80005384 (0x8cf1) x 9 0x00026000
core   0: 0x80005386 (0x40475633) sra     a2, a4, tp
core   0: 3 0x80005386 (0x40475633) x12 0x0000003f
core   0: 0x8000538a (0x000098aa) c.add   a7, a0
core   0: 3 0x8000538a (0x98aa) x17 0x80026ee5
core   0: 0x8000538c (0x0000100f) fence.i
core   0: 3 0x8000538c (0x0000100f)
core   0: 0x80005390 (0xf62f5997) auipc   s3, 0xf62f5
core   0: 3 0x80005390 (0xf62f5997) x19 0x762fa390
core   0: 0x80005394 (0x00cc0bb3) add     s7, s8, a2
core   0: 3 0x80005394 (0x00cc0bb3) x23 0xe0009b78
core   0: 0x80005398 (0x000082f9) c.srli  a3, 30
core   0: 3 0x80005398 (0x82f9) x13 0x00000000
core   0: 0x8000539a (0x01554563) blt     a0, s5, pc + 10
core   0: 3 0x8000539a (0x01554563)
core   0: 0x800053a4 (0x6609ca93) xori    s5, s3, 1632
core   0: 3 0x800053a4 (0x6609ca93) x21 0x762fa5f0
core   0: 0x800053a8 (0x02ef8b63) beq     t6, a4, pc + 54
core   0: 3 0x800053a8 (0x02ef8b63)
core   0: 0x800053ac (0x0000e489) c.bnez  s1, pc + 10
core   0: 3 0x800053ac (0xe489)
core   0: 0x800053b6 (0x016f19b3) sll     s3, t5, s6
core   0: 3 0x800053b6 (0x016f19b3) x19 0x793ac000
core   0: 0x800053ba (0x0000816a) c.mv    sp, s10
core   0: 3 0x800053ba (0x816a) x 2 0x00000000
core   0: 0x800053bc (0x006c1e33) sll     t3, s8, t1
core   0: 3 0x800053bc (0x006c1e33) x28 0xe0009b39
core   0: 0x800053c0 (0x14ed3a93) sltiu   s5, s10, 334
core   0: 3 0x800053c0 (0x14ed3a93) x21 0x00000001
core   0: 0x800053c4 (0x0000e10d) c.bnez  a0, pc + 34
core   0: 3 0x800053c4 (0xe10d)
core   0: 0x800053e6 (0x0ff0000f) fence   iorw,iorw
core   0: 3 0x800053e6 (0x0ff0000f)
core   0: 0x800053ea (0x01df0533) add     a0, t5, t4
core   0: 3 0x800053ea (0x01df0533) x10 0x793bc004
core   0: 0x800053ee (0x0014f5b3) and     a1, s1, ra
core   0: 3 0x800053ee (0x0014f5b3) x11 0x00006000
core   0: 0x800053f2 (0x0027b8b3) sltu    a7, a5, sp
core   0: 3 0x800053f2 (0x0027b8b3) x17 0x00000000
core   0: 0x800053f6 (0x00d46133) or      sp, s0, a3
core   0: 3 0x800053f6 (0x00d46133) x 2 0x00000000
core   0: 0x800053fa (0x65086313) ori     t1, a6, 1616
core   0: 3 0x800053fa (0x65086313) x 6 0x00000650
core   0: 0x800053fe (0x022c9633) mulh    a2, s9, sp
core   0: 3 0x800053fe (0x022c9633) x12 0x00000000
core   0: 0x80005402 (0xf68ce313) ori     t1, s9, -152
core   0: 3 0x80005402 (0xf68ce313) x 6 0xffffff6a
core   0: 0x80005406 (0x026364b3) rem     s1, t1, t1
core   0: 3 0x80005406 (0x026364b3) x 9 0x00000000
core   0: 0x8000540a (0x00000001) c.nop
core   0: 3 0x8000540a (0x0001)
core   0: 0x8000540c (0x0261b5b3) mulhu   a1, gp, t1
core   0: 3 0x8000540c (0x0261b5b3) x11 0x9b38ffa5
core   0: 0x80005410 (0x00008f3d) c.xor   a4, a5
core   0: 3 0x80005410 (0x8f3d) x14 0x003f05a7
core   0: 0x80005412 (0x00787e63) bgeu    a6, t2, pc + 28
core   0: 3 0x80005412 (0x00787e63)
core   0: 0x8000542e (0x00180f63) beq     a6, ra, pc + 30
core   0: 3 0x8000542e (0x00180f63)
core   0: 0x80005432 (0x0000100f) fence.i
core   0: 3 0x80005432 (0x0000100f)
core   0: 0x80005436 (0x02d24a33) div     s4, tp, a3
core   0: 3 0x80005436 (0x02d24a33) x20 0xffffffff
core   0: 0x8000543a (0x40b40b33) sub     s6, s0, a1
core   0: 3 0x8000543a (0x40b40b33) x22 0x64c7005b
core   0: 0x8000543e (0x7e25cb93) xori    s7, a1, 2018
core   0: 3 0x8000543e (0x7e25cb93) x23 0x9b38f847
core   0: 0x80005442 (0x000085b9) c.srai  a1, 14
core   0: 3 0x80005442 (0x85b9) x11 0xfffe6ce3
core   0: 0x80005444 (0x00008be1) c.andi  a5, 24
core   0: 3 0x80005444 (0x8be1) x15 0x00000000
core   0: 0x80005446 (0x00008dcd) c.or    a1, a1
core   0: 3 0x80005446 (0x8dcd) x11 0xfffe6ce3
core   0: 0x80005448 (0xe532ef97) auipc   t6, 0xe532e
core   0: 3 0x80005448 (0xe532ef97) x31 0x65333448
core   0: 0x8000544c (0x00008d15) c.sub   a0, a3
core   0: 3 0x8000544c (0x8d15) x10 0x793bc004
core   0: 0x8000544e (0x00008145) c.srli  a0, 17
core   0: 3 0x8000544e (0x8145) x10 0x00003c9d
core   0: 0x80005450 (0x415dda93) srai    s5, s11, 21
core   0: 3 0x80005450 (0x415dda93) x21 0xfffffc00
core   0: 0x80005454 (0x0000717d) c.addi16sp sp, -16
core   0: 3 0x80005454 (0x717d) x 2 0xfffffff0
core   0: 0x80005456 (0x000083f1) c.srli  a5, 28
core   0: 3 0x80005456 (0x83f1) x15 0x00000000
core   0: 0x80005458 (0x00000af6) c.slli  s5, 29
core   0: 3 0x80005458 (0x0af6) x21 0x00000000
core   0: 0x8000545a (0x000047fd) c.li    a5, 31
core   0: 3 0x8000545a (0x47fd) x15 0x0000001f
core   0: 0x8000545c (0x0000e685) c.bnez  a3, pc + 40
core   0: 3 0x8000545c (0xe685)
core   0: 0x8000545e (0x020a64b3) rem     s1, s4, zero
core   0: 3 0x8000545e (0x020a64b3) x 9 0xffffffff
core   0: 0x80005462 (0x019f3e33) sltu    t3, t5, s9
core   0: 3 0x80005462 (0x019f3e33) x28 0x00000000
core   0: 0x80005466 (0x00008745) c.srai  a4, 17
core   0: 3 0x80005466 (0x8745) x14 0x0000001f
core   0: 0x80005468 (0x009dc563) blt     s11, s1, pc + 10
core   0: 3 0x80005468 (0x009dc563)
core   0: 0x80005472 (0x000018fd) c.addi  a7, -1
core   0: 3 0x80005472 (0x18fd) x17 0xffffffff
core   0: 0x80005474 (0xe7003193) sltiu   gp, zero, -400
core   0: 3 0x80005474 (0xe7003193) x 3 0x00000001
core   0: 0x80005478 (0x02f423b3) mulhsu  t2, s0, a5
core   0: 3 0x80005478 (0x02f423b3) x 7 0x00000000
core   0: 0x8000547c (0xb8a13f13) sltiu   t5, sp, -1142
core   0: 3 0x8000547c (0xb8a13f13) x30 0x00000000
core   0: 0x80005480 (0x41e68ab3) sub     s5, a3, t5
core   0: 3 0x80005480 (0x41e68ab3) x21 0x00000000
core   0: 0x80005484 (0x307fca13) xori    s4, t6, 775
core   0: 3 0x80005484 (0x307fca13) x20 0x6533374f
core   0: 0x80005488 (0x00000001) c.nop
core   0: 3 0x80005488 (0x0001)
core   0: 0x8000548a (0x02982133) mulhsu  sp, a6, s1
core   0: 3 0x8000548a (0x02982133) x 2 0x00000000
core   0: 0x8000548e (0x417f86b3) sub     a3, t6, s7
core   0: 3 0x8000548e (0x417f86b3) x13 0xc9fa3c01
core   0: 0x80005492 (0x00006af9) c.lui   s5, 0x1e
core   0: 3 0x80005492 (0x6af9) x21 0x0001e000
core   0: 0x80005494 (0x41f689b3) sub     s3, a3, t6
core   0: 3 0x80005494 (0x41f689b3) x19 0x64c707b9
core   0: 0x80005498 (0x1c012493) slti    s1, sp, 448
core   0: 3 0x80005498 (0x1c012493) x 9 0x00000001
core   0: 0x8000549c (0x0375eeb3) rem     t4, a1, s7
core   0: 3 0x8000549c (0x0375eeb3) x29 0xfffe6ce3
core   0: 0x800054a0 (0x0251ad33) mulhsu  s10, gp, t0
core   0: 3 0x800054a0 (0x0251ad33) x26 0x00000000
core   0: 0x800054a4 (0x00000272) c.slli  tp, 28
core   0: 3 0x800054a4 (0x0272) x 4 0x00000000
core   0: 0x800054a6 (0x01984563) blt     a6, s9, pc + 10
core   0: 3 0x800054a6 (0x01984563)
core   0: 0x800054b0 (0x009fa4b3) slt     s1, t6, s1
core   0: 3 0x800054b0 (0x009fa4b3) x 9 0x00000000
core   0: 0x800054b4 (0x0000e12d) c.bnez  a0, pc + 98
core   0: 3 0x800054b4 (0xe12d)
core   0: 0x80005516 (0x0000e615) c.bnez  a2, pc + 44
core   0: 3 0x80005516 (0xe615)
core   0: 0x80005518 (0x00008c2e) c.mv    s8, a1
core   0: 3 0x80005518 (0x8c2e) x24 0xfffe6ce3
core   0: 0x8000551a (0x00008cfd) c.and   s1, a5
core   0: 3 0x8000551a (0x8cfd) x 9 0x00000000
core   0: 0x8000551c (0xfb6d6193) ori     gp, s10, -74
core   0: 3 0x8000551c (0xfb6d6193) x 3 0xffffffb6
core   0: 0x80005520 (0x00000c26) c.slli  s8, 9
core   0: 3 0x80005520 (0x0c26) x24 0xfcd9c600
core   0: 0x80005522 (0x01b98033) add     zero, s3, s11
core   0: 3 0x80005522 (0x01b98033)
core   0: 0x80005526 (0x0222e633) rem     a2, t0, sp
core   0: 3 0x80005526 (0x0222e633) x12 0x00000000
core   0: 0x8000552a (0x0000100f) fence.i
core   0: 3 0x8000552a (0x0000100f)
core   0: 0x8000552e (0x0000100f) fence.i
core   0: 3 0x8000552e (0x0000100f)
core   0: 0x80005532 (0x0000100f) fence.i
core   0: 3 0x80005532 (0x0000100f)
core   0: 0x80005536 (0xe87d19b7) lui     s3, 0xe87d1
core   0: 3 0x80005536 (0xe87d19b7) x19 0xe87d1000
core   0: 0x8000553a (0x0000c795) c.beqz  a5, pc + 44
core   0: 3 0x8000553a (0xc795)
core   0: 0x8000553c (0x00008fbd) c.xor   a5, a5
core   0: 3 0x8000553c (0x8fbd) x15 0x00000000
core   0: 0x8000553e (0x01d26fb3) or      t6, tp, t4
core   0: 3 0x8000553e (0x01d26fb3) x31 0xfffe6ce3
core   0: 0x80005542 (0x0058a533) slt     a0, a7, t0
core   0: 3 0x80005542 (0x0058a533) x10 0x00000001
core   0: 0x80005546 (0x02406c33) rem     s8, zero, tp
core   0: 3 0x80005546 (0x02406c33) x24 0x00000000
core   0: 0x8000554a (0x00008cb6) c.mv    s9, a3
core   0: 3 0x8000554a (0x8cb6) x25 0xc9fa3c01
core   0: 0x8000554c (0x0085a233) slt     tp, a1, s0
core   0: 3 0x8000554c (0x0085a233) x 4 0x00000001
core   0: 0x80005550 (0x00008e71) c.and   a2, a2
core   0: 3 0x80005550 (0x8e71) x12 0x00000000
core   0: 0x80005552 (0x0038d993) srli    s3, a7, 3
core   0: 3 0x80005552 (0x0038d993) x19 0x1fffffff
core   0: 0x80005556 (0x031672b3) remu    t0, a2, a7
core   0: 3 0x80005556 (0x031672b3) x 5 0x00000000
core   0: 0x8000555a (0x03401c63) bne     zero, s4, pc + 56
core   0: 3 0x8000555a (0x03401c63)
core   0: 0x80005592 (0x4156d393) srai    t2, a3, 21
core   0: 3 0x80005592 (0x4156d393) x 7 0xfffffe4f
core   0: 0x80005596 (0x000052fd) c.li    t0, -1
core   0: 3 0x80005596 (0x52fd) x 5 0xffffffff
core   0: 0x80005598 (0x00008216) c.mv    tp, t0
core   0: 3 0x80005598 (0x8216) x 4 0xffffffff
core   0: 0x8000559a (0xcf89e013) ori     zero, s3, -776
core   0: 3 0x8000559a (0xcf89e013)
core   0: 0x8000559e (0x00008df5) c.and   a1, a3
core   0: 3 0x8000559e (0x8df5) x11 0xc9fa2c01
core   0: 0x800055a0 (0x01c7dd63) bge     a5, t3, pc + 26
core   0: 3 0x800055a0 (0x01c7dd63)
core   0: 0x800055ba (0x03437d33) remu    s10, t1, s4
core   0: 3 0x800055ba (0x03437d33) x26 0x359990cc
core   0: 0x800055be (0x03eac463) blt     s5, t5, pc + 40
core   0: 3 0x800055be (0x03eac463)
core   0: 0x800055c2 (0x8e300a93) li      s5, -1821
core   0: 3 0x800055c2 (0x8e300a93) x21 0xfffff8e3
core   0: 0x800055c6 (0x0075cbb3) xor     s7, a1, t2
core   0: 3 0x800055c6 (0x0075cbb3) x23 0x3605d24e
core   0: 0x800055ca (0x02b7fb33) remu    s6, a5, a1
core   0: 3 0x800055ca (0x02b7fb33) x22 0x00000000
core   0: 0x800055ce (0x407fd533) sra     a0, t6, t2
core   0: 3 0x800055ce (0x407fd533) x10 0xfffffffc
core   0: 0x800055d2 (0x024d1063) bne     s10, tp, pc + 32
core   0: 3 0x800055d2 (0x024d1063)
core   0: 0x800055f2 (0x414bd613) srai    a2, s7, 20
core   0: 3 0x800055f2 (0x414bd613) x12 0x00000360
core   0: 0x800055f6 (0x013019b3) sll     s3, zero, s3
core   0: 3 0x800055f6 (0x013019b3) x19 0x00000000
core   0: 0x800055fa (0x00008ff1) c.and   a5, a2
core   0: 3 0x800055fa (0x8ff1) x15 0x00000000
core   0: 0x800055fc (0x00008a05) c.andi  a2, 1
core   0: 3 0x800055fc (0x8a05) x12 0x00000000
core   0: 0x800055fe (0xf92fb613) sltiu   a2, t6, -110
core   0: 3 0x800055fe (0xf92fb613) x12 0x00000001
core   0: 0x80005602 (0x029e54b3) divu    s1, t3, s1
core   0: 3 0x80005602 (0x029e54b3) x 9 0xffffffff
core   0: 0x80005606 (0x00000001) c.nop
core   0: 3 0x80005606 (0x0001)
core   0: 0x80005608 (0x028d3a33) mulhu   s4, s10, s0
core   0: 3 0x80005608 (0x028d3a33) x20 0x00000000
core   0: 0x8000560c (0x01b95f33) srl     t5, s2, s11
core   0: 3 0x8000560c (0x01b95f33) x30 0x080026ce
core   0: 0x80005610 (0x10c23297) auipc   t0, 0x10c23
core   0: 3 0x80005610 (0x10c23297) x 5 0x90c28610
core   0: 0x80005614 (0x021535b3) mulhu   a1, a0, ra
core   0: 3 0x80005614 (0x021535b3) x11 0x0001fe92
core   0: 0x80005618 (0x41e18e33) sub     t3, gp, t5
core   0: 3 0x80005618 (0x41e18e33) x28 0xf7ffd8e8
core   0: 0x8000561c (0x01221113) slli    sp, tp, 18
core   0: 3 0x8000561c (0x01221113) x 2 0xfffc0000
core   0: 0x80005620 (0x02660d33) mul     s10, a2, t1
core   0: 3 0x80005620 (0x02660d33) x26 0xffffff6a
core   0: 0x80005624 (0x697747b7) lui     a5, 0x69774
core   0: 3 0x80005624 (0x697747b7) x15 0x69774000
core   0: 0x80005628 (0x0000e231) c.bnez  a2, pc + 68
core   0: 3 0x80005628 (0xe231)
core   0: 0x8000566c (0x0000517d) c.li    sp, -1
core   0: 3 0x8000566c (0x517d) x 2 0xffffffff
core   0: 0x8000566e (0xdfeaa713) slti    a4, s5, -514
core   0: 3 0x8000566e (0xdfeaa713) x14 0x00000001
core   0: 0x80005672 (0x00008ed9) c.or    a3, a4
core   0: 3 0x80005672 (0x8ed9) x13 0xc9fa3c01
core   0: 0x80005674 (0x011b6533) or      a0, s6, a7
core   0: 3 0x80005674 (0x011b6533) x10 0xffffffff
core   0: 0x80005678 (0x408800b3) sub     ra, a6, s0
core   0: 3 0x80005678 (0x408800b3) x 1 0x00000000
core   0: 0x8000567c (0x038e3033) mulhu   zero, t3, s8
core   0: 3 0x8000567c (0x038e3033)
core   0: 0x80005680 (0x0000c609) c.beqz  a2, pc + 10
core   0: 3 0x80005680 (0xc609)
core   0: 0x80005682 (0x7439fd17) auipc   s10, 0x7439f
core   0: 3 0x80005682 (0x7439fd17) x26 0xf43a4682
core   0: 0x80005686 (0x00a07d33) and     s10, zero, a0
core   0: 3 0x80005686 (0x00a07d33) x26 0x00000000
core   0: 0x8000568a (0x039bc463) blt     s7, s9, pc + 40
core   0: 3 0x8000568a (0x039bc463)
core   0: 0x8000568e (0x01c469b3) or      s3, s0, t3
core   0: 3 0x8000568e (0x01c469b3) x19 0xf7ffd8e8
core   0: 0x80005692 (0x21f3e393) ori     t2, t2, 543
core   0: 3 0x80005692 (0x21f3e393) x 7 0xfffffe5f
core   0: 0x80005696 (0xddd5ef37) lui     t5, 0xddd5e
core   0: 3 0x80005696 (0xddd5ef37) x30 0xddd5e000
core   0: 0x8000569a (0xa2042e93) slti    t4, s0, -1504
core   0: 3 0x8000569a (0xa2042e93) x29 0x00000000
core   0: 0x8000569e (0x02f0ec33) rem     s8, ra, a5
core   0: 3 0x8000569e (0x02f0ec33) x24 0x00000000
core   0: 0x800056a2 (0x03e7f7b3) remu    a5, a5, t5
core   0: 3 0x800056a2 (0x03e7f7b3) x15 0x69774000
core   0: 0x800056a6 (0x0000100f) fence.i
core   0: 3 0x800056a6 (0x0000100f)
core   0: 0x800056aa (0x68dc2d13) slti    s10, s8, 1677
core   0: 3 0x800056aa (0x68dc2d13) x26 0x00000001
core   0: 0x800056ae (0x0ff0000f) fence   iorw,iorw
core   0: 3 0x800056ae (0x0ff0000f)
core   0: 0x800056b2 (0x02e01b33) mulh    s6, zero, a4
core   0: 3 0x800056b2 (0x02e01b33) x22 0x00000000
core   0: 0x800056b6 (0x00864d63) blt     a2, s0, pc + 26
core   0: 3 0x800056b6 (0x00864d63)
core   0: 0x800056ba (0x00109863) bne     ra, ra, pc + 16
core   0: 3 0x800056ba (0x00109863)
core   0: 0x800056be (0xd31e4e93) xori    t4, t3, -719
core   0: 3 0x800056be (0xd31e4e93) x29 0x080025d9
core   0: 0x800056c2 (0x00e1ed33) or      s10, gp, a4
core   0: 3 0x800056c2 (0x00e1ed33) x26 0xffffffb7
core   0: 0x800056c6 (0x0083d563) bge     t2, s0, pc + 10
core   0: 3 0x800056c6 (0x0083d563)
core   0: 0x800056ca (0x03d96c63) bltu    s2, t4, pc + 56
core   0: 3 0x800056ca (0x03d96c63)
core   0: 0x800056ce (0x00008e19) c.sub   a2, a4
core   0: 3 0x800056ce (0x8e19) x12 0x00000000
core   0: 0x800056d0 (0x0000c629) c.beqz  a2, pc + 74
core   0: 3 0x800056d0 (0xc629)
core   0: 0x8000571a (0x00924e33) xor     t3, tp, s1
core   0: 3 0x8000571a (0x00924e33) x28 0x00000000
core   0: 0x8000571e (0x00006251) c.lui   tp, 0x14
core   0: 3 0x8000571e (0x6251) x 4 0x00014000
core   0: 0x80005720 (0x02e29b33) mulh    s6, t0, a4
core   0: 3 0x80005720 (0x02e29b33) x22 0xffffffff
core   0: 0x80005724 (0x00008ec5) c.or    a3, s1
core   0: 3 0x80005724 (0x8ec5) x13 0xffffffff
core   0: 0x80005726 (0x00919733) sll     a4, gp, s1
core   0: 3 0x80005726 (0x00919733) x14 0x00000000
core   0: 0x8000572a (0x000090aa) c.add   ra, a0
core   0: 3 0x8000572a (0x90aa) x 1 0xffffffff
core   0: 0x8000572c (0x013c8d63) beq     s9, s3, pc + 26
core   0: 3 0x8000572c (0x013c8d63)
core   0: 0x80005730 (0x000049f5) c.li    s3, 29
core   0: 3 0x80005730 (0x49f5) x19 0x0000001d
core   0: 0x80005732 (0x006be1b3) or      gp, s7, t1
core   0: 3 0x80005732 (0x006be1b3) x 3 0xffffff6e
core   0: 0x80005736 (0x00008fc9) c.or    a5, a0
core   0: 3 0x80005736 (0x8fc9) x15 0xffffffff
core   0: 0x80005738 (0x00006b0d) c.lui   s6, 0x3
core   0: 3 0x80005738 (0x6b0d) x22 0x00003000
core   0: 0x8000573a (0x007e92b3) sll     t0, t4, t2
core   0: 3 0x8000573a (0x007e92b3) x 5 0x80000000
core   0: 0x8000573e (0x9f2df793) andi    a5, s11, -1550
core   0: 3 0x8000573e (0x9f2df793) x15 0x80022860
core   0: 0x80005742 (0x00afa8b3) slt     a7, t6, a0
core   0: 3 0x80005742 (0x00afa8b3) x17 0x00000001
core   0: 0x80005746 (0x41d206b3) sub     a3, tp, t4
core   0: 3 0x80005746 (0x41d206b3) x13 0xf8011a27
core   0: 0x8000574a (0x02f57233) remu    tp, a0, a5
core   0: 3 0x8000574a (0x02f57233) x 4 0x7ffdd79f
core   0: 0x8000574e (0x03d39fb3) mulh    t6, t2, t4
core   0: 3 0x8000574e (0x03d39fb3) x31 0xfffffff2
core   0: 0x80005752 (0x00009846) c.add   a6, a7
core   0: 3 0x80005752 (0x9846) x16 0x00000001
core   0: 0x80005754 (0x021cc033) div     zero, s9, ra
core   0: 3 0x80005754 (0x021cc033)
core   0: 0x80005758 (0x024d5fb3) divu    t6, s10, tp
core   0: 3 0x80005758 (0x024d5fb3) x31 0x00000002
core   0: 0x8000575c (0x03dcf133) remu    sp, s9, t4
core   0: 3 0x8000575c (0x03dcf133) x 2 0x01f689d0
core   0: 0x80005760 (0x00245f63) bge     s0, sp, pc + 30
core   0: 3 0x80005760 (0x00245f63)
core   0: 0x80005764 (0x0084e333) or      t1, s1, s0
core   0: 3 0x80005764 (0x0084e333) x 6 0xffffffff
core   0: 0x80005768 (0x00000394) c.addi4spn a3, sp, 448
core   0: 3 0x80005768 (0x0394) x13 0x01f68b90
core   0: 0x8000576a (0x03320133) mul     sp, tp, s3
core   0: 3 0x8000576a (0x03320133) x 2 0x7fc16d03
core   0: 0x8000576e (0x0000c991) c.beqz  a1, pc + 20
core   0: 3 0x8000576e (0xc991)
core   0: 0x80005770 (0x0308e963) bltu    a7, a6, pc + 50
core   0: 3 0x80005770 (0x0308e963)
core   0: 0x80005774 (0x00008ebd) c.xor   a3, a5
core   0: 3 0x80005774 (0x8ebd) x13 0x81f4a3f0
core   0: 0x80005776 (0x01c45fb3) srl     t6, s0, t3
core   0: 3 0x80005776 (0x01c45fb3) x31 0x00000000
core   0: 0x8000577a (0x4017df93) srai    t6, a5, 1
core   0: 3 0x8000577a (0x4017df93) x31 0xc0011430
core   0: 0x8000577e (0x00d4d033) srl     zero, s1, a3
core   0: 3 0x8000577e (0x00d4d033)
core   0: 0x80005782 (0x000005e2) c.slli  a1, 24
core   0: 3 0x80005782 (0x05e2) x11 0x92000000
core   0: 0x80005784 (0x003b5b13) srli    s6, s6, 3
core   0: 3 0x80005784 (0x003b5b13) x22 0x00000600
core   0: 0x80005788 (0x00000001) c.nop
core   0: 3 0x80005788 (0x0001)
core   0: 0x8000578a (0x0085cc63) blt     a1, s0, pc + 24
core   0: 3 0x8000578a (0x0085cc63)
core   0: 0x800057a2 (0x0000e491) c.bnez  s1, pc + 12
core   0: 3 0x800057a2 (0xe491)
core   0: 0x800057ae (0x000088f1) c.andi  s1, 28
core   0: 3 0x800057ae (0x88f1) x 9 0x0000001c
core   0: 0x800057b0 (0x016819b3) sll     s3, a6, s6
core   0: 3 0x800057b0 (0x016819b3) x19 0x00000001
core   0: 0x800057b4 (0x00e2c033) xor     zero, t0, a4
core   0: 3 0x800057b4 (0x00e2c033)
core   0: 0x800057b8 (0x00000001) c.nop
core   0: 3 0x800057b8 (0x0001)
core   0: 0x800057ba (0x01265c13) srli    s8, a2, 18
core   0: 3 0x800057ba (0x01265c13) x24 0x00000000
core   0: 0x800057be (0xc6f53f13) sltiu   t5, a0, -913
core   0: 3 0x800057be (0xc6f53f13) x30 0x00000000
core   0: 0x800057c2 (0x00009ef2) c.add   t4, t3
core   0: 3 0x800057c2 (0x9ef2) x29 0x080025d9
core   0: 0x800057c4 (0x00006611) c.lui   a2, 0x4
core   0: 3 0x800057c4 (0x6611) x12 0x00004000
core   0: 0x800057c6 (0x0000717d) c.addi16sp sp, -16
core   0: 3 0x800057c6 (0x717d) x 2 0x7fc16cf3
core   0: 0x800057c8 (0xff522137) lui     sp, 0xff522
core   0: 3 0x800057c8 (0xff522137) x 2 0xff522000
core   0: 0x800057cc (0x413c80b3) sub     ra, s9, s3
core   0: 3 0x800057cc (0x413c80b3) x 1 0xc9fa3c00
core   0: 0x800057d0 (0x015e8533) add     a0, t4, s5
core   0: 3 0x800057d0 (0x015e8533) x10 0x08001ebc
core   0: 0x800057d4 (0x00e69093) slli    ra, a3, 14
core   0: 3 0x800057d4 (0x00e69093) x 1 0x28fc0000
core   0: 0x800057d8 (0x7ef30a13) addi    s4, t1, 2031
core   0: 3 0x800057d8 (0x7ef30a13) x20 0x000007ee
core   0: 0x800057dc (0x0000637d) c.lui   t1, 0x1f
core   0: 3 0x800057dc (0x637d) x 6 0x0001f000
core   0: 0x800057de (0x00008ce1) c.and   s1, s0
core   0: 3 0x800057de (0x8ce1) x 9 0x00000000
core   0: 0x800057e0 (0x417dd633) sra     a2, s11, s7
core   0: 3 0x800057e0 (0x417dd633) x12 0xfffe0008
core   0: 0x800057e4 (0x87a1ac93) slti    s9, gp, -1926
core   0: 3 0x800057e4 (0x87a1ac93) x25 0x00000000
core   0: 0x800057e8 (0x0000ef81) c.bnez  a5, pc + 24
core   0: 3 0x800057e8 (0xef81)
core   0: 0x80005800 (0x00000001) c.nop
core   0: 3 0x80005800 (0x0001)
core   0: 0x80005802 (0x01bb5133) srl     sp, s6, s11
core   0: 3 0x80005802 (0x01bb5133) x 2 0x00000060
core   0: 0x80005806 (0x00000001) c.nop
core   0: 3 0x80005806 (0x0001)
core   0: 0x80005808 (0x45ba7113) andi    sp, s4, 1115
core   0: 3 0x80005808 (0x45ba7113) x 2 0x0000044a
core   0: 0x8000580c (0x41b509b3) sub     s3, a0, s11
core   0: 3 0x8000580c (0x41b509b3) x19 0x87fdf058
core   0: 0x80005810 (0xad1e0237) lui     tp, 0xad1e0
core   0: 3 0x80005810 (0xad1e0237) x 4 0xad1e0000
core   0: 0x80005814 (0x00008f75) c.and   a4, a3
core   0: 3 0x80005814 (0x8f75) x14 0x00000000
core   0: 0x80005816 (0x20312b13) slti    s6, sp, 515
core   0: 3 0x80005816 (0x20312b13) x22 0x00000000
core   0: 0x8000581a (0x0000cf01) c.beqz  a4, pc + 24
core   0: 3 0x8000581a (0xcf01)
core   0: 0x80005832 (0x5e7d2693) slti    a3, s10, 1511
core   0: 3 0x80005832 (0x5e7d2693) x13 0x00000001
core   0: 0x80005836 (0x01e2d6b3) srl     a3, t0, t5
core   0: 3 0x80005836 (0x01e2d6b3) x13 0x80000000
core   0: 0x8000583a (0x003fa9b3) slt     s3, t6, gp
core   0: 3 0x8000583a (0x003fa9b3) x19 0x00000001
core   0: 0x8000583e (0xa09a7093) andi    ra, s4, -1527
core   0: 3 0x8000583e (0xa09a7093) x 1 0x00000208
core   0: 0x80005842 (0x8e07a493) slti    s1, a5, -1824
core   0: 3 0x80005842 (0x8e07a493) x 9 0x00000001
core   0: 0x80005846 (0x0318aeb3) mulhsu  t4, a7, a7
core   0: 3 0x80005846 (0x0318aeb3) x29 0x00000000
core   0: 0x8000584a (0x0000c695) c.beqz  a3, pc + 44
core   0: 3 0x8000584a (0xc695)
core   0: 0x8000584c (0x00700f93) li      t6, 7
core   0: 3 0x8000584c (0x00700f93) x31 0x00000007
core   0: 0x80005850 (0xffb00513) li      a0, -5
core   0: 3 0x80005850 (0xffb00513) x10 0xfffffffb
core   0: 0x80005854 (0x4768ccb7) lui     s9, 0x4768c
core   0: 3 0x80005854 (0x4768ccb7) x25 0x4768c000
core   0: 0x80005858 (0x00008345) c.srli  a4, 17
core   0: 3 0x80005858 (0x8345) x14 0x00000000
core   0: 0x8000585a (0x01e1a633) slt     a2, gp, t5
core   0: 3 0x8000585a (0x01e1a633) x12 0x00000001
core   0: 0x8000585e (0x00001ff1) c.addi  t6, -4
core   0: 3 0x8000585e (0x1ff1) x31 0x00000003
core   0: 0x80005860 (0x00000001) c.nop
core   0: 3 0x80005860 (0x0001)
core   0: 0x80005862 (0x000045f9) c.li    a1, 30
core   0: 3 0x80005862 (0x45f9) x11 0x0000001e
core   0: 0x80005864 (0x020e7c33) remu    s8, t3, zero
core   0: 3 0x80005864 (0x020e7c33) x24 0x00000000
core   0: 0x80005868 (0xfeafd6e3) bge     t6, a0, pc - 20
core   0: 3 0x80005868 (0xfeafd6e3)
core   0: 0x80005854 (0x4768ccb7) lui     s9, 0x4768c
core   0: 3 0x80005854 (0x4768ccb7) x25 0x4768c000
core   0: 0x80005858 (0x00008345) c.srli  a4, 17
core   0: 3 0x80005858 (0x8345) x14 0x00000000
core   0: 0x8000585a (0x01e1a633) slt     a2, gp, t5
core   0: 3 0x8000585a (0x01e1a633) x12 0x00000001
core   0: 0x8000585e (0x00001ff1) c.addi  t6, -4
core   0: 3 0x8000585e (0x1ff1) x31 0xffffffff
core   0: 0x80005860 (0x00000001) c.nop
core   0: 3 0x80005860 (0x0001)
core   0: 0x80005862 (0x000045f9) c.li    a1, 30
core   0: 3 0x80005862 (0x45f9) x11 0x0000001e
core   0: 0x80005864 (0x020e7c33) remu    s8, t3, zero
core   0: 3 0x80005864 (0x020e7c33) x24 0x00000000
core   0: 0x80005868 (0xfeafd6e3) bge     t6, a0, pc - 20
core   0: 3 0x80005868 (0xfeafd6e3)
core   0: 0x80005854 (0x4768ccb7) lui     s9, 0x4768c
core   0: 3 0x80005854 (0x4768ccb7) x25 0x4768c000
core   0: 0x80005858 (0x00008345) c.srli  a4, 17
core   0: 3 0x80005858 (0x8345) x14 0x00000000
core   0: 0x8000585a (0x01e1a633) slt     a2, gp, t5
core   0: 3 0x8000585a (0x01e1a633) x12 0x00000001
core   0: 0x8000585e (0x00001ff1) c.addi  t6, -4
core   0: 3 0x8000585e (0x1ff1) x31 0xfffffffb
core   0: 0x80005860 (0x00000001) c.nop
core   0: 3 0x80005860 (0x0001)
core   0: 0x80005862 (0x000045f9) c.li    a1, 30
core   0: 3 0x80005862 (0x45f9) x11 0x0000001e
core   0: 0x80005864 (0x020e7c33) remu    s8, t3, zero
core   0: 3 0x80005864 (0x020e7c33) x24 0x00000000
core   0: 0x80005868 (0xfeafd6e3) bge     t6, a0, pc - 20
core   0: 3 0x80005868 (0xfeafd6e3)
core   0: 0x80005854 (0x4768ccb7) lui     s9, 0x4768c
core   0: 3 0x80005854 (0x4768ccb7) x25 0x4768c000
core   0: 0x80005858 (0x00008345) c.srli  a4, 17
core   0: 3 0x80005858 (0x8345) x14 0x00000000
core   0: 0x8000585a (0x01e1a633) slt     a2, gp, t5
core   0: 3 0x8000585a (0x01e1a633) x12 0x00000001
core   0: 0x8000585e (0x00001ff1) c.addi  t6, -4
core   0: 3 0x8000585e (0x1ff1) x31 0xfffffff7
core   0: 0x80005860 (0x00000001) c.nop
core   0: 3 0x80005860 (0x0001)
core   0: 0x80005862 (0x000045f9) c.li    a1, 30
core   0: 3 0x80005862 (0x45f9) x11 0x0000001e
core   0: 0x80005864 (0x020e7c33) remu    s8, t3, zero
core   0: 3 0x80005864 (0x020e7c33) x24 0x00000000
core   0: 0x80005868 (0xfeafd6e3) bge     t6, a0, pc - 20
core   0: 3 0x80005868 (0xfeafd6e3)
core   0: 0x8000586c (0x02826133) rem     sp, tp, s0
core   0: 3 0x8000586c (0x02826133) x 2 0xad1e0000
core   0: 0x80005870 (0x0000895d) c.andi  a0, 23
core   0: 3 0x80005870 (0x895d) x10 0x00000013
core   0: 0x80005872 (0x01add6b3) srl     a3, s11, s10
core   0: 3 0x80005872 (0x01add6b3) x13 0x00000100
core   0: 0x80005876 (0x00008dd9) c.or    a1, a4
core   0: 3 0x80005876 (0x8dd9) x11 0x0000001e
core   0: 0x80005878 (0x019ff763) bgeu    t6, s9, pc + 14
core   0: 3 0x80005878 (0x019ff763)
core   0: 0x80005886 (0x0173c633) xor     a2, t2, s7
core   0: 3 0x80005886 (0x0173c633) x12 0xc9fa2c11
core   0: 0x8000588a (0x01e78033) add     zero, a5, t5
core   0: 3 0x8000588a (0x01e78033)
core   0: 0x8000588e (0xb4f58b17) auipc   s6, 0xb4f58
core   0: 3 0x8000588e (0xb4f58b17) x22 0x34f5d88e
core   0: 0x80005892 (0x00008e25) c.xor   a2, s1
core   0: 3 0x80005892 (0x8e25) x12 0xc9fa2c10
core   0: 0x80005894 (0x032d3133) mulhu   sp, s10, s2
core   0: 3 0x80005894 (0x032d3133) x 2 0x80026cbf
core   0: 0x80005898 (0xb21de613) ori     a2, s11, -1247
core   0: 3 0x80005898 (0xb21de613) x12 0xffffff65
core   0: 0x8000589c (0x00008086) c.mv    ra, ra
core   0: 3 0x8000589c (0x8086) x 1 0x00000208
core   0: 0x8000589e (0x00c4b233) sltu    tp, s1, a2
core   0: 3 0x8000589e (0x00c4b233) x 4 0x00000001
core   0: 0x800058a2 (0x03720863) beq     tp, s7, pc + 48
core   0: 3 0x800058a2 (0x03720863)
core   0: 0x800058a6 (0x0364c3b3) div     t2, s1, s6
core   0: 3 0x800058a6 (0x0364c3b3) x 7 0x00000000
core   0: 0x800058aa (0x00ed14b3) sll     s1, s10, a4
core   0: 3 0x800058aa (0x00ed14b3) x 9 0xffffffb7
core   0: 0x800058ae (0x00008ff5) c.and   a5, a3
core   0: 3 0x800058ae (0x8ff5) x15 0x00000000
core   0: 0x800058b0 (0x0ff0000f) fence   iorw,iorw
core   0: 3 0x800058b0 (0x0ff0000f)
core   0: 0x800058b4 (0x40225f93) srai    t6, tp, 2
core   0: 3 0x800058b4 (0x40225f93) x31 0x00000000
core   0: 0x800058b8 (0x02171fb3) mulh    t6, a4, ra
core   0: 3 0x800058b8 (0x02171fb3) x31 0x00000000
core   0: 0x800058bc (0x00008ad2) c.mv    s5, s4
core   0: 3 0x800058bc (0x8ad2) x21 0x000007ee
core   0: 0x800058be (0x00008d61) c.and   a0, s0
core   0: 3 0x800058be (0x8d61) x10 0x00000000
core   0: 0x800058c0 (0x00000001) c.nop
core   0: 3 0x800058c0 (0x0001)
core   0: 0x800058c2 (0x0202c033) div     zero, t0, zero
core   0: 3 0x800058c2 (0x0202c033)
core   0: 0x800058c6 (0x000011fd) c.addi  gp, -1
core   0: 3 0x800058c6 (0x11fd) x 3 0xffffff6d
core   0: 0x800058c8 (0x01895813) srli    a6, s2, 24
core   0: 3 0x800058c8 (0x01895813) x16 0x00000080
core   0: 0x800058cc (0x000088f2) c.mv    a7, t3
core   0: 3 0x800058cc (0x88f2) x17 0x00000000
core   0: 0x800058ce (0x000e9f93) slli    t6, t4, 0
core   0: 3 0x800058ce (0x000e9f93) x31 0x00000000
core   0: 0x800058d2 (0x0000168c) c.addi4spn a1, sp, 864
core   0: 3 0x800058d2 (0x168c) x11 0x8002701f
core   0: 0x800058d4 (0x4159dd13) srai    s10, s3, 21
core   0: 3 0x800058d4 (0x4159dd13) x26 0x00000000
core   0: 0x800058d8 (0x00008ec9) c.or    a3, a0
core   0: 3 0x800058d8 (0x8ec9) x13 0x00000100
core   0: 0x800058da (0x0000824d) c.srli  a2, 19
core   0: 3 0x800058da (0x824d) x12 0x00001fff
core   0: 0x800058dc (0x01dc0033) add     zero, s8, t4
core   0: 3 0x800058dc (0x01dc0033)
core   0: 0x800058e0 (0x0058c233) xor     tp, a7, t0
core   0: 3 0x800058e0 (0x0058c233) x 4 0x80000000
core   0: 0x800058e4 (0x02ac9363) bne     s9, a0, pc + 38
core   0: 3 0x800058e4 (0x02ac9363)
core   0: 0x8000590a (0x9b027717) auipc   a4, 0x9b027
core   0: 3 0x8000590a (0x9b027717) x14 0x1b02c90a
core   0: 0x8000590e (0x00000bda) c.slli  s7, 22
core   0: 3 0x8000590e (0x0bda) x23 0x93800000
core   0: 0x80005910 (0x00008ebd) c.xor   a3, a5
core   0: 3 0x80005910 (0x8ebd) x13 0x00000100
core   0: 0x80005912 (0x404d0833) sub     a6, s10, tp
core   0: 3 0x80005912 (0x404d0833) x16 0x80000000
core   0: 0x80005916 (0x40578633) sub     a2, a5, t0
core   0: 3 0x80005916 (0x40578633) x12 0x80000000
core   0: 0x8000591a (0x085b4597) auipc   a1, 0x85b4
core   0: 3 0x8000591a (0x085b4597) x11 0x885b991a
core   0: 0x8000591e (0x00008555) c.srai  a0, 21
core   0: 3 0x8000591e (0x8555) x10 0x00000000
core   0: 0x80005920 (0x002d6563) bltu    s10, sp, pc + 10
core   0: 3 0x80005920 (0x002d6563)
core   0: 0x8000592a (0x00000001) c.nop
core   0: 3 0x8000592a (0x0001)
core   0: 0x8000592c (0x405984b3) sub     s1, s3, t0
core   0: 3 0x8000592c (0x405984b3) x 9 0x80000001
core   0: 0x80005930 (0x01be1f93) slli    t6, t3, 27
core   0: 3 0x80005930 (0x01be1f93) x31 0x00000000
core   0: 0x80005934 (0x026ea333) mulhsu  t1, t4, t1
core   0: 3 0x80005934 (0x026ea333) x 6 0x00000000
core   0: 0x80005938 (0x416e8d33) sub     s10, t4, s6
core   0: 3 0x80005938 (0x416e8d33) x26 0xcb0a2772
core   0: 0x8000593c (0x025c7163) bgeu    s8, t0, pc + 34
core   0: 3 0x8000593c (0x025c7163)
core   0: 0x80005940 (0x026f6833) rem     a6, t5, t1
core   0: 3 0x80005940 (0x026f6833) x16 0x00000000
core   0: 0x80005944 (0x00000001) c.nop
core   0: 3 0x80005944 (0x0001)
core   0: 0x80005946 (0x00000e04) c.addi4spn s1, sp, 784
core   0: 3 0x80005946 (0x0e04) x 9 0x80026fcf
core   0: 0x80005948 (0x0153f533) and     a0, t2, s5
core   0: 3 0x80005948 (0x0153f533) x10 0x00000000
core   0: 0x8000594c (0x00917963) bgeu    sp, s1, pc + 18
core   0: 3 0x8000594c (0x00917963)
core   0: 0x80005950 (0x000098fd) c.andi  s1, -1
core   0: 3 0x80005950 (0x98fd) x 9 0x80026fcf
core   0: 0x80005952 (0x000080d9) c.srli  s1, 22
core   0: 3 0x80005952 (0x80d9) x 9 0x00000200
core   0: 0x80005954 (0x9c37ee93) ori     t4, a5, -1597
core   0: 3 0x80005954 (0x9c37ee93) x29 0xfffff9c3
core   0: 0x80005958 (0x00000390) c.addi4spn a2, sp, 448
core   0: 3 0x80005958 (0x0390) x12 0x80026e7f
core   0: 0x8000595a (0x00677c63) bgeu    a4, t1, pc + 24
core   0: 3 0x8000595a (0x00677c63)
core   0: 0x80005972 (0xe857bf17) auipc   t5, 0xe857b
core   0: 3 0x80005972 (0xe857bf17) x30 0x68580972
core   0: 0x80005976 (0x00000d51) c.addi  s10, 20
core   0: 3 0x80005976 (0x0d51) x26 0xcb0a2786
core   0: 0x80005978 (0x00398e63) beq     s3, gp, pc + 28
core   0: 3 0x80005978 (0x00398e63)
core   0: 0x8000597c (0x03adf133) remu    sp, s11, s10
core   0: 3 0x8000597c (0x03adf133) x 2 0x80022e64
core   0: 0x80005980 (0x00937333) and     t1, t1, s1
core   0: 3 0x80005980 (0x00937333) x 6 0x00000000
core   0: 0x80005984 (0x01f63d33) sltu    s10, a2, t6
core   0: 3 0x80005984 (0x01f63d33) x26 0x00000000
core   0: 0x80005988 (0x0000862d) c.srai  a2, 11
core   0: 3 0x80005988 (0x862d) x12 0xfff0004d
core   0: 0x8000598a (0x3dad0eb7) lui     t4, 0x3dad0
core   0: 3 0x8000598a (0x3dad0eb7) x29 0x3dad0000
core   0: 0x8000598e (0x00008e25) c.xor   a2, s1
core   0: 3 0x8000598e (0x8e25) x12 0xfff0024d
core   0: 0x80005990 (0xb6c1e213) ori     tp, gp, -1172
core   0: 3 0x80005990 (0xb6c1e213) x 4 0xffffff6d
core   0: 0x80005994 (0x27b2ec93) ori     s9, t0, 635
core   0: 3 0x80005994 (0x27b2ec93) x25 0x8000027b
core   0: 0x80005998 (0x00000c4e) c.slli  s8, 19
core   0: 3 0x80005998 (0x0c4e) x24 0x00000000
core   0: 0x8000599a (0x01e4fb63) bgeu    s1, t5, pc + 22
core   0: 3 0x8000599a (0x01e4fb63)
core   0: 0x8000599e (0x00008e31) c.xor   a2, a2
core   0: 3 0x8000599e (0x8e31) x12 0x00000000
core   0: 0x800059a0 (0x02a69663) bne     a3, a0, pc + 44
core   0: 3 0x800059a0 (0x02a69663)
core   0: 0x800059cc (0x0000e899) c.bnez  s1, pc + 22
core   0: 3 0x800059cc (0xe899)
core   0: 0x800059e2 (0x03c91133) mulh    sp, s2, t3
core   0: 3 0x800059e2 (0x03c91133) x 2 0x00000000
core   0: 0x800059e6 (0x00001f88) c.addi4spn a0, sp, 1008
core   0: 3 0x800059e6 (0x1f88) x10 0x000003f0
core   0: 0x800059e8 (0x00000001) c.nop
core   0: 3 0x800059e8 (0x0001)
core   0: 0x800059ea (0x000087a1) c.srai  a5, 8
core   0: 3 0x800059ea (0x87a1) x15 0x00000000
core   0: 0x800059ec (0x023dc163) blt     s11, gp, pc + 34
core   0: 3 0x800059ec (0x023dc163)
core   0: 0x80005a0e (0x0000ee89) c.bnez  a3, pc + 26
core   0: 3 0x80005a0e (0xee89)
core   0: 0x80005a28 (0x40245693) srai    a3, s0, 2
core   0: 3 0x80005a28 (0x40245693) x13 0x00000000
core   0: 0x80005a2c (0x00008579) c.srai  a0, 30
core   0: 3 0x80005a2c (0x8579) x10 0x00000000
core   0: 0x80005a2e (0x00009be6) c.add   s7, s9
core   0: 3 0x80005a2e (0x9be6) x23 0x1380027b
core   0: 0x80005a30 (0x0309d033) divu    zero, s3, a6
core   0: 3 0x80005a30 (0x0309d033)
core   0: 0x80005a34 (0x00efdd13) srli    s10, t6, 14
core   0: 3 0x80005a34 (0x00efdd13) x26 0x00000000
core   0: 0x80005a38 (0x026669b3) rem     s3, a2, t1
core   0: 3 0x80005a38 (0x026669b3) x19 0x00000000
core   0: 0x80005a3c (0x0ff0000f) fence   iorw,iorw
core   0: 3 0x80005a3c (0x0ff0000f)
core   0: 0x80005a40 (0x40b55bb3) sra     s7, a0, a1
core   0: 3 0x80005a40 (0x40b55bb3) x23 0x00000000
core   0: 0x80005a44 (0x023c93b3) mulh    t2, s9, gp
core   0: 3 0x80005a44 (0x023c93b3) x 7 0x00000049
core   0: 0x80005a48 (0x09d7a813) slti    a6, a5, 157
core   0: 3 0x80005a48 (0x09d7a813) x16 0x00000001
core   0: 0x80005a4c (0x023a31b3) mulhu   gp, s4, gp
core   0: 3 0x80005a4c (0x023a31b3) x 3 0x000007ed
core   0: 0x80005a50 (0x038098b3) mulh    a7, ra, s8
core   0: 3 0x80005a50 (0x038098b3) x17 0x00000000
core   0: 0x80005a54 (0x40658bb3) sub     s7, a1, t1
core   0: 3 0x80005a54 (0x40658bb3) x23 0x885b991a
core   0: 0x80005a58 (0x0267e163) bltu    a5, t1, pc + 34
core   0: 3 0x80005a58 (0x0267e163)
core   0: 0x80005a5c (0x02aaf863) bgeu    s5, a0, pc + 48
core   0: 3 0x80005a5c (0x02aaf863)
core   0: 0x80005a8c (0x0000517d) c.li    sp, -1
core   0: 3 0x80005a8c (0x517d) x 2 0xffffffff
core   0: 0x80005a8e (0xed872717) auipc   a4, 0xed872
core   0: 3 0x80005a8e (0xed872717) x14 0x6d877a8e
core   0: 0x80005a92 (0x00f25233) srl     tp, tp, a5
core   0: 3 0x80005a92 (0x00f25233) x 4 0xffffff6d
core   0: 0x80005a96 (0x00008491) c.srai  s1, 4
core   0: 3 0x80005a96 (0x8491) x 9 0x00000020
core   0: 0x80005a98 (0x000084dd) c.srai  s1, 23
core   0: 3 0x80005a98 (0x84dd) x 9 0x00000000
core   0: 0x80005a9a (0x018f6533) or      a0, t5, s8
core   0: 3 0x80005a9a (0x018f6533) x10 0x68580972
core   0: 0x80005a9e (0x00000001) c.nop
core   0: 3 0x80005a9e (0x0001)
core   0: 0x80005aa0 (0x0000e729) c.bnez  a4, pc + 74
core   0: 3 0x80005aa0 (0xe729)
core   0: 0x80005aea (0x402781b3) sub     gp, a5, sp
core   0: 3 0x80005aea (0x402781b3) x 3 0x00000001
core   0: 0x80005aee (0x00008cdd) c.or    s1, a5
core   0: 3 0x80005aee (0x8cdd) x 9 0x00000000
core   0: 0x80005af0 (0x00d01b63) bne     zero, a3, pc + 22
core   0: 3 0x80005af0 (0x00d01b63)
core   0: 0x80005af4 (0x00b95313) srli    t1, s2, 11
core   0: 3 0x80005af4 (0x00b95313) x 6 0x0010004d
core   0: 0x80005af8 (0x0359d7b3) divu    a5, s3, s5
core   0: 3 0x80005af8 (0x0359d7b3) x15 0x00000000
core   0: 0x80005afc (0x000091fe) c.add   gp, t6
core   0: 3 0x80005afc (0x91fe) x 3 0x00000001
core   0: 0x80005afe (0x00000001) c.nop
core   0: 3 0x80005afe (0x0001)
core   0: 0x80005b00 (0x00e6cfb3) xor     t6, a3, a4
core   0: 3 0x80005b00 (0x00e6cfb3) x31 0x6d877a8e
core   0: 0x80005b04 (0x00008c52) c.mv    s8, s4
core   0: 3 0x80005b04 (0x8c52) x24 0x000007ee
core   0: 0x80005b06 (0x02de8f63) beq     t4, a3, pc + 62
core   0: 3 0x80005b06 (0x02de8f63)
core   0: 0x80005b0a (0x0225c8b3) div     a7, a1, sp
core   0: 3 0x80005b0a (0x0225c8b3) x17 0x77a466e6
core   0: 0x80005b0e (0x000049ed) c.li    s3, 27
core   0: 3 0x80005b0e (0x49ed) x19 0x0000001b
core   0: 0x80005b10 (0x00000001) c.nop
core   0: 3 0x80005b10 (0x0001)
core   0: 0x80005b12 (0x00009bfd) c.andi  a5, -1
core   0: 3 0x80005b12 (0x9bfd) x15 0x00000000
core   0: 0x80005b14 (0x6e3bf313) andi    t1, s7, 1763
core   0: 3 0x80005b14 (0x6e3bf313) x 6 0x00000002
core   0: 0x80005b18 (0x00f368b3) or      a7, t1, a5
core   0: 3 0x80005b18 (0x00f368b3) x17 0x00000002
core   0: 0x80005b1c (0x00005ffd) c.li    t6, -1
core   0: 3 0x80005b1c (0x5ffd) x31 0xffffffff
core   0: 0x80005b1e (0x0000717d) c.addi16sp sp, -16
core   0: 3 0x80005b1e (0x717d) x 2 0xffffffef
core   0: 0x80005b20 (0x0ff0000f) fence   iorw,iorw
core   0: 3 0x80005b20 (0x0ff0000f)
core   0: 0x80005b24 (0x00000001) c.nop
core   0: 3 0x80005b24 (0x0001)
core   0: 0x80005b26 (0x0000e589) c.bnez  a1, pc + 10
core   0: 3 0x80005b26 (0xe589)
core   0: 0x80005b30 (0x02186163) bltu    a6, ra, pc + 34
core   0: 3 0x80005b30 (0x02186163)
core   0: 0x80005b52 (0x00008eed) c.and   a3, a1
core   0: 3 0x80005b52 (0x8eed) x13 0x00000000
core   0: 0x80005b54 (0x00008ce9) c.and   s1, a0
core   0: 3 0x80005b54 (0x8ce9) x 9 0x00000000
core   0: 0x80005b56 (0x00008c89) c.sub   s1, a0
core   0: 3 0x80005b56 (0x8c89) x 9 0x97a7f68e
core   0: 0x80005b58 (0x00004b11) c.li    s6, 4
core   0: 3 0x80005b58 (0x4b11) x22 0x00000004
core   0: 0x80005b5a (0x03939833) mulh    a6, t2, s9
core   0: 3 0x80005b5a (0x03939833) x16 0xffffffdb
core   0: 0x80005b5e (0x00008dfd) c.and   a1, a5
core   0: 3 0x80005b5e (0x8dfd) x11 0x00000000
core   0: 0x80005b60 (0x00000001) c.nop
core   0: 3 0x80005b60 (0x0001)
core   0: 0x80005b62 (0x5e160c13) addi    s8, a2, 1505
core   0: 3 0x80005b62 (0x5e160c13) x24 0x000005e1
core   0: 0x80005b66 (0x0a8aeb13) ori     s6, s5, 168
core   0: 3 0x80005b66 (0x0a8aeb13) x22 0x000007ee
core   0: 0x80005b6a (0x02801f33) mulh    t5, zero, s0
core   0: 3 0x80005b6a (0x02801f33) x30 0x00000000
core   0: 0x80005b6e (0x008ffb63) bgeu    t6, s0, pc + 22
core   0: 3 0x80005b6e (0x008ffb63)
core   0: 0x80005b84 (0x026c5363) bge     s8, t1, pc + 38
core   0: 3 0x80005b84 (0x026c5363)
core   0: 0x80005baa (0x00000c11) c.addi  s8, 4
core   0: 3 0x80005baa (0x0c11) x24 0x000005e5
core   0: 0x80005bac (0x01831a93) slli    s5, t1, 24
core   0: 3 0x80005bac (0x01831a93) x21 0x02000000
core   0: 0x80005bb0 (0x003e5d63) bge     t3, gp, pc + 26
core   0: 3 0x80005bb0 (0x003e5d63)
core   0: 0x80005bb4 (0x02d815b3) mulh    a1, a6, a3
core   0: 3 0x80005bb4 (0x02d815b3) x11 0x00000000
core   0: 0x80005bb8 (0x00000001) c.nop
core   0: 3 0x80005bb8 (0x0001)
core   0: 0x80005bba (0x016db4b3) sltu    s1, s11, s6
core   0: 3 0x80005bba (0x016db4b3) x 9 0x00000000
core   0: 0x80005bbe (0x01da22b3) slt     t0, s4, t4
core   0: 3 0x80005bbe (0x01da22b3) x 5 0x00000001
core   0: 0x80005bc2 (0x0f9c2337) lui     t1, 0xf9c2
core   0: 3 0x80005bc2 (0x0f9c2337) x 6 0x0f9c2000
core   0: 0x80005bc6 (0x0000100f) fence.i
core   0: 3 0x80005bc6 (0x0000100f)
core   0: 0x80005bca (0x0ff0000f) fence   iorw,iorw
core   0: 3 0x80005bca (0x0ff0000f)
core   0: 0x80005bce (0x00000001) c.nop
core   0: 3 0x80005bce (0x0001)
core   0: 0x80005bd0 (0x00008f26) c.mv    t5, s1
core   0: 3 0x80005bd0 (0x8f26) x30 0x00000000
core   0: 0x80005bd2 (0x021b6633) rem     a2, s6, ra
core   0: 3 0x80005bd2 (0x021b6633) x12 0x000001d6
core   0: 0x80005bd6 (0x02755363) bge     a0, t2, pc + 38
core   0: 3 0x80005bd6 (0x02755363)
core   0: 0x80005bfc (0x00008ea9) c.xor   a3, a0
core   0: 3 0x80005bfc (0x8ea9) x13 0x68580972
core   0: 0x80005bfe (0x000004ea) c.slli  s1, 26
core   0: 3 0x80005bfe (0x04ea) x 9 0x00000000
core   0: 0x80005c00 (0x010eda13) srli    s4, t4, 16
core   0: 3 0x80005c00 (0x010eda13) x20 0x00003dad
core   0: 0x80005c04 (0x02e32ab3) mulhsu  s5, t1, a4
core   0: 3 0x80005c04 (0x02e32ab3) x21 0x06adbc6d
core   0: 0x80005c08 (0x00008d61) c.and   a0, s0
core   0: 3 0x80005c08 (0x8d61) x10 0x00000000
core   0: 0x80005c0a (0x00006131) c.addi16sp sp, 320
core   0: 3 0x80005c0a (0x6131) x 2 0x0000012f
core   0: 0x80005c0c (0x015927b3) slt     a5, s2, s5
core   0: 3 0x80005c0c (0x015927b3) x15 0x00000001
core   0: 0x80005c10 (0x03e975b3) remu    a1, s2, t5
core   0: 3 0x80005c10 (0x03e975b3) x11 0x80026ce4
core   0: 0x80005c14 (0x00001708) c.addi4spn a0, sp, 928
core   0: 3 0x80005c14 (0x1708) x10 0x000004cf
core   0: 0x80005c16 (0x001636b3) sltu    a3, a2, ra
core   0: 3 0x80005c16 (0x001636b3) x13 0x00000001
core   0: 0x80005c1a (0x090feb13) ori     s6, t6, 144
core   0: 3 0x80005c1a (0x090feb13) x22 0xffffffff
core   0: 0x80005c1e (0x01f110b3) sll     ra, sp, t6
core   0: 3 0x80005c1e (0x01f110b3) x 1 0x80000000
core   0: 0x80005c22 (0x042c8463) beq     s9, sp, pc + 72
core   0: 3 0x80005c22 (0x042c8463)
core   0: 0x80005c26 (0x0000c71d) c.beqz  a4, pc + 46
core   0: 3 0x80005c26 (0xc71d)
core   0: 0x80005c28 (0x024f6063) bltu    t5, tp, pc + 32
core   0: 3 0x80005c28 (0x024f6063)
core   0: 0x80005c48 (0xda144313) xori    t1, s0, -607
core   0: 3 0x80005c48 (0xda144313) x 6 0xfffffda1
core   0: 0x80005c4c (0x034324b3) mulhsu  s1, t1, s4
core   0: 3 0x80005c4c (0x034324b3) x 9 0xffffffff
core   0: 0x80005c50 (0x01b8a5b3) slt     a1, a7, s11
core   0: 3 0x80005c50 (0x01b8a5b3) x11 0x00000000
core   0: 0x80005c54 (0x037f4733) div     a4, t5, s7
core   0: 3 0x80005c54 (0x037f4733) x14 0x00000000
core   0: 0x80005c58 (0x0000c719) c.beqz  a4, pc + 14
core   0: 3 0x80005c58 (0xc719)
core   0: 0x80005c66 (0x00bf8033) add     zero, t6, a1
core   0: 3 0x80005c66 (0x00bf8033)
core   0: 0x80005c6a (0x01b368b3) or      a7, t1, s11
core   0: 3 0x80005c6a (0x01b368b3) x17 0xffffffe5
core   0: 0x80005c6e (0x000091e2) c.add   gp, s8
core   0: 3 0x80005c6e (0x91e2) x 3 0x000005e6
core   0: 0x80005c70 (0x00000001) c.nop
core   0: 3 0x80005c70 (0x0001)
core   0: 0x80005c72 (0x0000100f) fence.i
core   0: 3 0x80005c72 (0x0000100f)
core   0: 0x80005c76 (0x00000001) c.nop
core   0: 3 0x80005c76 (0x0001)
core   0: 0x80005c78 (0x03e36763) bltu    t1, t5, pc + 46
core   0: 3 0x80005c78 (0x03e36763)
core   0: 0x80005c7c (0x02526163) bltu    tp, t0, pc + 34
core   0: 3 0x80005c7c (0x02526163)
core   0: 0x80005c80 (0x019c5d63) bge     s8, s9, pc + 26
core   0: 3 0x80005c80 (0x019c5d63)
core   0: 0x80005c9a (0x00008f95) c.sub   a5, a3
core   0: 3 0x80005c9a (0x8f95) x15 0x00000000
core   0: 0x80005c9c (0x00008d01) c.sub   a0, s0
core   0: 3 0x80005c9c (0x8d01) x10 0x000004cf
core   0: 0x80005c9e (0x00000001) c.nop
core   0: 3 0x80005c9e (0x0001)
core   0: 0x80005ca0 (0x008540b3) xor     ra, a0, s0
core   0: 3 0x80005ca0 (0x008540b3) x 1 0x000004cf
core   0: 0x80005ca4 (0x0000cb19) c.beqz  a4, pc + 22
core   0: 3 0x80005ca4 (0xcb19)
core   0: 0x80005cba (0x03a2aa33) mulhsu  s4, t0, s10
core   0: 3 0x80005cba (0x03a2aa33) x20 0x00000000
core   0: 0x80005cbe (0x000005ae) c.slli  a1, 11
core   0: 3 0x80005cbe (0x05ae) x11 0x00000000
core   0: 0x80005cc0 (0x00008d45) c.or    a0, s1
core   0: 3 0x80005cc0 (0x8d45) x10 0xffffffff
core   0: 0x80005cc2 (0x00000001) c.nop
core   0: 3 0x80005cc2 (0x0001)
core   0: 0x80005cc4 (0x0ff0000f) fence   iorw,iorw
core   0: 3 0x80005cc4 (0x0ff0000f)
core   0: 0x80005cc8 (0x0000e51d) c.bnez  a0, pc + 46
core   0: 3 0x80005cc8 (0xe51d)
core   0: 0x80005cf6 (0x00008ca5) c.xor   s1, s1
core   0: 3 0x80005cf6 (0x8ca5) x 9 0x00000000
core   0: 0x80005cf8 (0xffa00613) li      a2, -6
core   0: 3 0x80005cf8 (0xffa00613) x12 0xfffffffa
core   0: 0x80005cfc (0x00008506) c.mv    a0, ra
core   0: 3 0x80005cfc (0x8506) x10 0x000004cf
core   0: 0x80005cfe (0xffb00c13) li      s8, -5
core   0: 3 0x80005cfe (0xffb00c13) x24 0xfffffffb
core   0: 0x80005d02 (0x62744c93) xori    s9, s0, 1575
core   0: 3 0x80005d02 (0x62744c93) x25 0x00000627
core   0: 0x80005d06 (0x02e3c5b3) div     a1, t2, a4
core   0: 3 0x80005d06 (0x02e3c5b3) x11 0xffffffff
core   0: 0x80005d0a (0x00000605) c.addi  a2, 1
core   0: 3 0x80005d0a (0x0605) x12 0xfffffffb
core   0: 0x80005d0c (0x00008d61) c.and   a0, s0
core   0: 3 0x80005d0c (0x8d61) x10 0x00000000
core   0: 0x80005d0e (0xff861ae3) bne     a2, s8, pc - 12
core   0: 3 0x80005d0e (0xff861ae3)
core   0: 0x80005d12 (0x00c5afb3) slt     t6, a1, a2
core   0: 3 0x80005d12 (0x00c5afb3) x31 0x00000000
core   0: 0x80005d16 (0x06381563) bne     a6, gp, pc + 106
core   0: 3 0x80005d16 (0x06381563)
core   0: 0x80005d80 (0x0dfd8893) addi    a7, s11, 223
core   0: 3 0x80005d80 (0x0dfd8893) x17 0x80022f43
core   0: 0x80005d84 (0x00004b99) c.li    s7, 6
core   0: 3 0x80005d84 (0x4b99) x23 0x00000006
core   0: 0x80005d86 (0x415fd813) srai    a6, t6, 21
core   0: 3 0x80005d86 (0x415fd813) x16 0x00000000
core   0: 0x80005d8a (0x00000001) c.nop
core   0: 3 0x80005d8a (0x0001)
core   0: 0x80005d8c (0x03360863) beq     a2, s3, pc + 48
core   0: 3 0x80005d8c (0x03360863)
core   0: 0x80005d90 (0x037b2ab3) mulhsu  s5, s6, s7
core   0: 3 0x80005d90 (0x037b2ab3) x21 0xffffffff
core   0: 0x80005d94 (0x03d7e0b3) rem     ra, a5, t4
core   0: 3 0x80005d94 (0x03d7e0b3) x 1 0x00000000
core   0: 0x80005d98 (0x00008d7d) c.and   a0, a5
core   0: 3 0x80005d98 (0x8d7d) x10 0x00000000
core   0: 0x80005d9a (0x02731e33) mulh    t3, t1, t2
core   0: 3 0x80005d9a (0x02731e33) x28 0xffffffff
core   0: 0x80005d9e (0x43cc6613) ori     a2, s8, 1084
core   0: 3 0x80005d9e (0x43cc6613) x12 0xffffffff
core   0: 0x80005da2 (0x00000f18) c.addi4spn a4, sp, 912
core   0: 3 0x80005da2 (0x0f18) x14 0x000004bf
core   0: 0x80005da4 (0x15ea9137) lui     sp, 0x15ea9
core   0: 3 0x80005da4 (0x15ea9137) x 2 0x15ea9000
core   0: 0x80005da8 (0x01001f33) sll     t5, zero, a6
core   0: 3 0x80005da8 (0x01001f33) x30 0x00000000
core   0: 0x80005dac (0x40afd1b3) sra     gp, t6, a0
core   0: 3 0x80005dac (0x40afd1b3) x 3 0x00000000
core   0: 0x80005db0 (0x00006211) c.lui   tp, 0x4
core   0: 3 0x80005db0 (0x6211) x 4 0x00004000
core   0: 0x80005db2 (0x000083a2) c.mv    t2, s0
core   0: 3 0x80005db2 (0x83a2) x 7 0x00000000
core   0: 0x80005db4 (0x01175c63) bge     a4, a7, pc + 24
core   0: 3 0x80005db4 (0x01175c63)
core   0: 0x80005dcc (0x0014ecb3) or      s9, s1, ra
core   0: 3 0x80005dcc (0x0014ecb3) x25 0x00000000
core   0: 0x80005dd0 (0x40d85613) srai    a2, a6, 13
core   0: 3 0x80005dd0 (0x40d85613) x12 0x00000000
core   0: 0x80005dd4 (0x00b38563) beq     t2, a1, pc + 10
core   0: 3 0x80005dd4 (0x00b38563)
core   0: 0x80005dd8 (0x5e13c013) xori    zero, t2, 1505
core   0: 3 0x80005dd8 (0x5e13c013)
core   0: 0x80005ddc (0x0000517d) c.li    sp, -1
core   0: 3 0x80005ddc (0x517d) x 2 0xffffffff
core   0: 0x80005dde (0x00000001) c.nop
core   0: 3 0x80005dde (0x0001)
core   0: 0x80005de0 (0x00006fb1) c.lui   t6, 0xc
core   0: 3 0x80005de0 (0x6fb1) x31 0x0000c000
core   0: 0x80005de2 (0x19cae813) ori     a6, s5, 412
core   0: 3 0x80005de2 (0x19cae813) x16 0xffffffff
core   0: 0x80005de6 (0x004c5663) bge     s8, tp, pc + 12
core   0: 3 0x80005de6 (0x004c5663)
core   0: 0x80005dea (0x000092fa) c.add   t0, t5
core   0: 3 0x80005dea (0x92fa) x 5 0x00000001
core   0: 0x80005dec (0x019d8233) add     tp, s11, s9
core   0: 3 0x80005dec (0x019d8233) x 4 0x80022e64
core   0: 0x80005df0 (0x00006f49) c.lui   t5, 0x12
core   0: 3 0x80005df0 (0x6f49) x30 0x00012000
core   0: 0x80005df2 (0x000055fd) c.li    a1, -1
core   0: 3 0x80005df2 (0x55fd) x11 0xffffffff
core   0: 0x80005df4 (0x00af0b63) beq     t5, a0, pc + 22
core   0: 3 0x80005df4 (0x00af0b63)
core   0: 0x80005df8 (0x7face893) ori     a7, s9, 2042
core   0: 3 0x80005df8 (0x7face893) x17 0x000007fa
core   0: 0x80005dfc (0x0000029c) c.addi4spn a5, sp, 320
core   0: 3 0x80005dfc (0x029c) x15 0x0000013f
core   0: 0x80005dfe (0x00008db9) c.xor   a1, a4
core   0: 3 0x80005dfe (0x8db9) x11 0xfffffb40
core   0: 0x80005e00 (0x017204b3) add     s1, tp, s7
core   0: 3 0x80005e00 (0x017204b3) x 9 0x80022e6a
core   0: 0x80005e04 (0x030b7f63) bgeu    s6, a6, pc + 62
core   0: 3 0x80005e04 (0x030b7f63)
core   0: 0x80005e42 (0x03755d33) divu    s10, a0, s7
core   0: 3 0x80005e42 (0x03755d33) x26 0x00000000
core   0: 0x80005e46 (0x00008ebd) c.xor   a3, a5
core   0: 3 0x80005e46 (0x8ebd) x13 0x0000013e
core   0: 0x80005e48 (0xd6557293) andi    t0, a0, -667
core   0: 3 0x80005e48 (0xd6557293) x 5 0x00000000
core   0: 0x80005e4c (0x412ad393) srai    t2, s5, 18
core   0: 3 0x80005e4c (0x412ad393) x 7 0xffffffff
core   0: 0x80005e50 (0x0000984a) c.add   a6, s2
core   0: 3 0x80005e50 (0x984a) x16 0x80026ce3
core   0: 0x80005e52 (0x00004f6d) c.li    t5, 27
core   0: 3 0x80005e52 (0x4f6d) x30 0x0000001b
core   0: 0x80005e54 (0x01876b63) bltu    a4, s8, pc + 22
core   0: 3 0x80005e54 (0x01876b63)
core   0: 0x80005e6a (0x0024e2b3) or      t0, s1, sp
core   0: 3 0x80005e6a (0x0024e2b3) x 5 0xffffffff
core   0: 0x80005e6e (0x000061fd) c.lui   gp, 0x1f
core   0: 3 0x80005e6e (0x61fd) x 3 0x0001f000
core   0: 0x80005e70 (0x00000001) c.nop
core   0: 3 0x80005e70 (0x0001)
core   0: 0x80005e72 (0x00000001) c.nop
core   0: 3 0x80005e72 (0x0001)
core   0: 0x80005e74 (0x00006171) c.addi16sp sp, 336
core   0: 3 0x80005e74 (0x6171) x 2 0x0000014f
core   0: 0x80005e76 (0x00008e89) c.sub   a3, a0
core   0: 3 0x80005e76 (0x8e89) x13 0x0000013e
core   0: 0x80005e78 (0x02b8dc33) divu    s8, a7, a1
core   0: 3 0x80005e78 (0x02b8dc33) x24 0x00000000
core   0: 0x80005e7c (0x010d9833) sll     a6, s11, a6
core   0: 3 0x80005e7c (0x010d9833) x16 0x00117320
core   0: 0x80005e80 (0x00008ff1) c.and   a5, a2
core   0: 3 0x80005e80 (0x8ff1) x15 0x00000000
core   0: 0x80005e82 (0x00008195) c.srli  a1, 5
core   0: 3 0x80005e82 (0x8195) x11 0x07ffffda
core   0: 0x80005e84 (0x40a2d393) srai    t2, t0, 10
core   0: 3 0x80005e84 (0x40a2d393) x 7 0xffffffff
core   0: 0x80005e88 (0x01692e33) slt     t3, s2, s6
core   0: 3 0x80005e88 (0x01692e33) x28 0x00000001
core   0: 0x80005e8c (0x00000001) c.nop
core   0: 3 0x80005e8c (0x0001)
core   0: 0x80005e8e (0x01d33633) sltu    a2, t1, t4
core   0: 3 0x80005e8e (0x01d33633) x12 0x00000000
core   0: 0x80005e92 (0x0326a233) mulhsu  tp, a3, s2
core   0: 3 0x80005e92 (0x0326a233) x 4 0x0000009f
core   0: 0x80005e96 (0x0398ec63) bltu    a7, s9, pc + 56
core   0: 3 0x80005e96 (0x0398ec63)
core   0: 0x80005e9a (0x00009bc2) c.add   s7, a6
core   0: 3 0x80005e9a (0x9bc2) x23 0x00117326
core   0: 0x80005e9c (0x036457b3) divu    a5, s0, s6
core   0: 3 0x80005e9c (0x036457b3) x15 0x00000000
core   0: 0x80005ea0 (0x000084b2) c.mv    s1, a2
core   0: 3 0x80005ea0 (0x84b2) x 9 0x00000000
core   0: 0x80005ea2 (0x02bb7b33) remu    s6, s6, a1
core   0: 3 0x80005ea2 (0x02bb7b33) x22 0x000004bf
core   0: 0x80005ea6 (0x00006149) c.addi16sp sp, 144
core   0: 3 0x80005ea6 (0x6149) x 2 0x000001df
core   0: 0x80005ea8 (0xa1fa0b93) addi    s7, s4, -1505
core   0: 3 0x80005ea8 (0xa1fa0b93) x23 0xfffffa1f
core   0: 0x80005eac (0x00008dc1) c.or    a1, s0
core   0: 3 0x80005eac (0x8dc1) x11 0x07ffffda
core   0: 0x80005eae (0x00008d69) c.and   a0, a0
core   0: 3 0x80005eae (0x8d69) x10 0x00000000
core   0: 0x80005eb0 (0x02e0c033) div     zero, ra, a4
core   0: 3 0x80005eb0 (0x02e0c033)
core   0: 0x80005eb4 (0x00008d0d) c.sub   a0, a1
core   0: 3 0x80005eb4 (0x8d0d) x10 0xf8000026
core   0: 0x80005eb6 (0x00a785b3) add     a1, a5, a0
core   0: 3 0x80005eb6 (0x00a785b3) x11 0xf8000026
core   0: 0x80005eba (0x022033b3) mulhu   t2, zero, sp
core   0: 3 0x80005eba (0x022033b3) x 7 0x00000000
core   0: 0x80005ebe (0x00008d01) c.sub   a0, s0
core   0: 3 0x80005ebe (0x8d01) x10 0xf8000026
core   0: 0x80005ec0 (0x7f660b93) addi    s7, a2, 2038
core   0: 3 0x80005ec0 (0x7f660b93) x23 0x000007f6
core   0: 0x80005ec4 (0x012f9693) slli    a3, t6, 18
core   0: 3 0x80005ec4 (0x012f9693) x13 0x00000000
core   0: 0x80005ec8 (0x177d9d17) auipc   s10, 0x177d9
core   0: 3 0x80005ec8 (0x177d9d17) x26 0x977deec8
core   0: 0x80005ecc (0x00008c76) c.mv    s8, t4
core   0: 3 0x80005ecc (0x8c76) x24 0x3dad0000
core   0: 0x80005ece (0x011d1c63) bne     s10, a7, pc + 24
core   0: 3 0x80005ece (0x011d1c63)
core   0: 0x80005ee6 (0x0000717d) c.addi16sp sp, -16
core   0: 3 0x80005ee6 (0x717d) x 2 0x000001cf
core   0: 0x80005ee8 (0x00009b0e) c.add   s6, gp
core   0: 3 0x80005ee8 (0x9b0e) x22 0x0001f4bf
core   0: 0x80005eea (0x006267b3) or      a5, tp, t1
core   0: 3 0x80005eea (0x006267b3) x15 0xfffffdbf
core   0: 0x80005eee (0x01a87e63) bgeu    a6, s10, pc + 28
core   0: 3 0x80005eee (0x01a87e63)
core   0: 0x80005ef2 (0x09ed0d13) addi    s10, s10, 158
core   0: 3 0x80005ef2 (0x09ed0d13) x26 0x977def66
core   0: 0x80005ef6 (0x99f77393) andi    t2, a4, -1633
core   0: 3 0x80005ef6 (0x99f77393) x 7 0x0000009f
core   0: 0x80005efa (0x00008ff1) c.and   a5, a2
core   0: 3 0x80005efa (0x8ff1) x15 0x00000000
core   0: 0x80005efc (0x012b9bb3) sll     s7, s7, s2
core   0: 3 0x80005efc (0x012b9bb3) x23 0x00007f60
core   0: 0x80005f00 (0x0073f563) bgeu    t2, t2, pc + 10
core   0: 3 0x80005f00 (0x0073f563)
core   0: 0x80005f0a (0x00008fc1) c.or    a5, s0
core   0: 3 0x80005f0a (0x8fc1) x15 0x00000000
core   0: 0x80005f0c (0x403c87b3) sub     a5, s9, gp
core   0: 3 0x80005f0c (0x403c87b3) x15 0xfffe1000
core   0: 0x80005f10 (0x0000e98d) c.bnez  a1, pc + 50
core   0: 3 0x80005f10 (0xe98d)
core   0: 0x80005f42 (0x00001494) c.addi4spn a3, sp, 608
core   0: 3 0x80005f42 (0x1494) x13 0x0000042f
core   0: 0x80005f44 (0x00008285) c.srli  a3, 1
core   0: 3 0x80005f44 (0x8285) x13 0x00000217
core   0: 0x80005f46 (0x000066cd) c.lui   a3, 0x13
core   0: 3 0x80005f46 (0x66cd) x13 0x00013000
core   0: 0x80005f48 (0xb0d6cc13) xori    s8, a3, -1267
core   0: 3 0x80005f48 (0xb0d6cc13) x24 0xfffecb0d
core   0: 0x80005f4c (0x000084f5) c.srai  s1, 29
core   0: 3 0x80005f4c (0x84f5) x 9 0x00000000
core   0: 0x80005f4e (0x00000988) c.addi4spn a0, sp, 208
core   0: 3 0x80005f4e (0x0988) x10 0x0000029f
core   0: 0x80005f50 (0x01ffec33) or      s8, t6, t6
core   0: 3 0x80005f50 (0x01ffec33) x24 0x0000c000
core   0: 0x80005f54 (0x021a1f63) bne     s4, ra, pc + 62
core   0: 3 0x80005f54 (0x021a1f63)
core   0: 0x80005f58 (0x02cc3633) mulhu   a2, s8, a2
core   0: 3 0x80005f58 (0x02cc3633) x12 0x00000000
core   0: 0x80005f5c (0x000056fd) c.li    a3, -1
core   0: 3 0x80005f5c (0x56fd) x13 0xffffffff
core   0: 0x80005f5e (0x124d0593) addi    a1, s10, 292
core   0: 3 0x80005f5e (0x124d0593) x11 0x977df08a
core   0: 0x80005f62 (0x00a41233) sll     tp, s0, a0
core   0: 3 0x80005f62 (0x00a41233) x 4 0x00000000
core   0: 0x80005f66 (0x01ef0cb3) add     s9, t5, t5
core   0: 3 0x80005f66 (0x01ef0cb3) x25 0x00000036
core   0: 0x80005f6a (0x00008cc5) c.or    s1, s1
core   0: 3 0x80005f6a (0x8cc5) x 9 0x00000000
core   0: 0x80005f6c (0x0000850e) c.mv    a0, gp
core   0: 3 0x80005f6c (0x850e) x10 0x0001f000
core   0: 0x80005f6e (0x01735a93) srli    s5, t1, 23
core   0: 3 0x80005f6e (0x01735a93) x21 0x000001ff
core   0: 0x80005f72 (0x034b0633) mul     a2, s6, s4
core   0: 3 0x80005f72 (0x034b0633) x12 0x00000000
core   0: 0x80005f76 (0x0001dd33) srl     s10, gp, zero
core   0: 3 0x80005f76 (0x0001dd33) x26 0x0001f000
core   0: 0x80005f7a (0x00008ded) c.and   a1, a1
core   0: 3 0x80005f7a (0x8ded) x11 0x977df08a
core   0: 0x80005f7c (0x019c5613) srli    a2, s8, 25
core   0: 3 0x80005f7c (0x019c5613) x12 0x00000000
core   0: 0x80005f80 (0x0000100f) fence.i
core   0: 3 0x80005f80 (0x0000100f)
core   0: 0x80005f84 (0x02ef4633) div     a2, t5, a4
core   0: 3 0x80005f84 (0x02ef4633) x12 0x00000000
core   0: 0x80005f88 (0x00000001) c.nop
core   0: 3 0x80005f88 (0x0001)
core   0: 0x80005f8a (0x40f75f93) srai    t6, a4, 15
core   0: 3 0x80005f8a (0x40f75f93) x31 0x00000000
core   0: 0x80005f8e (0x039ad9b3) divu    s3, s5, s9
core   0: 3 0x80005f8e (0x039ad9b3) x19 0x00000009
core   0: 0x80005f92 (0x00009a7d) c.andi  a2, -1
core   0: 3 0x80005f92 (0x9a7d) x12 0x00000000
core   0: 0x80005f94 (0x0277deb3) divu    t4, a5, t2
core   0: 3 0x80005f94 (0x0277deb3) x29 0x019c29f6
core   0: 0x80005f98 (0x00000001) c.nop
core   0: 3 0x80005f98 (0x0001)
core   0: 0x80005f9a (0xc42f4213) xori    tp, t5, -958
core   0: 3 0x80005f9a (0xc42f4213) x 4 0xfffffc59
core   0: 0x80005f9e (0x00004621) c.li    a2, 8
core   0: 3 0x80005f9e (0x4621) x12 0x00000008
core   0: 0x80005fa0 (0x0000878d) c.srai  a5, 3
core   0: 3 0x80005fa0 (0x878d) x15 0xffffc200
core   0: 0x80005fa2 (0x00000886) c.slli  a7, 1
core   0: 3 0x80005fa2 (0x0886) x17 0x00000ff4
core   0: 0x80005fa4 (0x00000001) c.nop
core   0: 3 0x80005fa4 (0x0001)
core   0: 0x80005fa6 (0x0357f3b3) remu    t2, a5, s5
core   0: 3 0x80005fa6 (0x0357f3b3) x 7 0x00000001
core   0: 0x80005faa (0x00008375) c.srli  a4, 29
core   0: 3 0x80005faa (0x8375) x14 0x00000000
core   0: 0x80005fac (0x0000c20d) c.beqz  a2, pc + 34
core   0: 3 0x80005fac (0xc20d)
core   0: 0x80005fae (0x00001410) c.addi4spn a2, sp, 544
core   0: 3 0x80005fae (0x1410) x12 0x000003ef
core   0: 0x80005fb0 (0x009d7ab3) and     s5, s10, s1
core   0: 3 0x80005fb0 (0x009d7ab3) x21 0x00000000
core   0: 0x80005fb4 (0x019146b3) xor     a3, sp, s9
core   0: 3 0x80005fb4 (0x019146b3) x13 0x000001f9
core   0: 0x80005fb8 (0x0ff0000f) fence   iorw,iorw
core   0: 3 0x80005fb8 (0x0ff0000f)
core   0: 0x80005fbc (0x406c03b3) sub     t2, s8, t1
core   0: 3 0x80005fbc (0x406c03b3) x 7 0x0000c25f
core   0: 0x80005fc0 (0x000098fd) c.andi  s1, -1
core   0: 3 0x80005fc0 (0x98fd) x 9 0x00000000
core   0: 0x80005fc2 (0x00008a49) c.andi  a2, 18
core   0: 3 0x80005fc2 (0x8a49) x12 0x00000002
core   0: 0x80005fc4 (0x00001bfd) c.addi  s7, -1
core   0: 3 0x80005fc4 (0x1bfd) x23 0x00007f5f
core   0: 0x80005fc6 (0x0ff0000f) fence   iorw,iorw
core   0: 3 0x80005fc6 (0x0ff0000f)
core   0: 0x80005fca (0x01759a93) slli    s5, a1, 23
core   0: 3 0x80005fca (0x01759a93) x21 0x45000000
core   0: 0x80005fce (0x000098fd) c.andi  s1, -1
core   0: 3 0x80005fce (0x98fd) x 9 0x00000000
core   0: 0x80005fd0 (0x88f94c93) xori    s9, s2, -1905
core   0: 3 0x80005fd0 (0x88f94c93) x25 0x7ffd946b
core   0: 0x80005fd4 (0x011535b3) sltu    a1, a0, a7
core   0: 3 0x80005fd4 (0x011535b3) x11 0x00000000
core   0: 0x80005fd8 (0x00008e71) c.and   a2, a2
core   0: 3 0x80005fd8 (0x8e71) x12 0x00000002
core   0: 0x80005fda (0xa1a36f93) ori     t6, t1, -1510
core   0: 3 0x80005fda (0xa1a36f93) x31 0xffffffbb
core   0: 0x80005fde (0x00008e0d) c.sub   a2, a1
core   0: 3 0x80005fde (0x8e0d) x12 0x00000002
core   0: 0x80005fe0 (0x03f47833) remu    a6, s0, t6
core   0: 3 0x80005fe0 (0x03f47833) x16 0x00000000
core   0: 0x80005fe4 (0x00000fd6) c.slli  t6, 21
core   0: 3 0x80005fe4 (0x0fd6) x31 0xf7600000
core   0: 0x80005fe6 (0x00438e33) add     t3, t2, tp
core   0: 3 0x80005fe6 (0x00438e33) x28 0x0000beb8
core   0: 0x80005fea (0x0000100f) fence.i
core   0: 3 0x80005fea (0x0000100f)
core   0: 0x80005fee (0x01501133) sll     sp, zero, s5
core   0: 3 0x80005fee (0x01501133) x 2 0x00000000
core   0: 0x80005ff2 (0x03343d33) mulhu   s10, s0, s3
core   0: 3 0x80005ff2 (0x03343d33) x26 0x00000000
core   0: 0x80005ff6 (0x00000001) c.nop
core   0: 3 0x80005ff6 (0x0001)
core   0: 0x80005ff8 (0x00008219) c.srli  a2, 6
core   0: 3 0x80005ff8 (0x8219) x12 0x00000000
core   0: 0x80005ffa (0x0286e8b3) rem     a7, a3, s0
core   0: 3 0x80005ffa (0x0286e8b3) x17 0x000001f9
core   0: 0x80005ffe (0x02a51b33) mulh    s6, a0, a0
core   0: 3 0x80005ffe (0x02a51b33) x22 0x00000003
core   0: 0x80006002 (0xf7eaaf93) slti    t6, s5, -130
core   0: 3 0x80006002 (0xf7eaaf93) x31 0x00000000
core   0: 0x80006006 (0x00008d99) c.sub   a1, a4
core   0: 3 0x80006006 (0x8d99) x11 0x00000000
core   0: 0x80006008 (0x3c69e993) ori     s3, s3, 966
core   0: 3 0x80006008 (0x3c69e993) x19 0x000003cf
core   0: 0x8000600c (0x025be163) bltu    s7, t0, pc + 34
core   0: 3 0x8000600c (0x025be163)
core   0: 0x8000602e (0x00005bfd) c.li    s7, -1
core   0: 3 0x8000602e (0x5bfd) x23 0xffffffff
core   0: 0x80006030 (0x01273f33) sltu    t5, a4, s2
core   0: 3 0x80006030 (0x01273f33) x30 0x00000001
core   0: 0x80006034 (0x00000694) c.addi4spn a3, sp, 832
core   0: 3 0x80006034 (0x0694) x13 0x00000340
core   0: 0x80006036 (0x03458533) mul     a0, a1, s4
core   0: 3 0x80006036 (0x03458533) x10 0x00000000
core   0: 0x8000603a (0x01030e33) add     t3, t1, a6
core   0: 3 0x8000603a (0x01030e33) x28 0xfffffda1
core   0: 0x8000603e (0x036e0263) beq     t3, s6, pc + 36
core   0: 3 0x8000603e (0x036e0263)
core   0: 0x80006042 (0x49593213) sltiu   tp, s2, 1173
core   0: 3 0x80006042 (0x49593213) x 4 0x00000000
core   0: 0x80006046 (0x996f9897) auipc   a7, 0x996f9
core   0: 3 0x80006046 (0x996f9897) x17 0x196ff046
core   0: 0x8000604a (0x034e8463) beq     t4, s4, pc + 40
core   0: 3 0x8000604a (0x034e8463)
core   0: 0x8000604e (0x20b3bab7) lui     s5, 0x20b3b
core   0: 3 0x8000604e (0x20b3bab7) x21 0x20b3b000
core   0: 0x80006052 (0x00000001) c.nop
core   0: 3 0x80006052 (0x0001)
core   0: 0x80006054 (0x02d4c563) blt     s1, a3, pc + 42
core   0: 3 0x80006054 (0x02d4c563)
core   0: 0x8000607e (0x00d113b3) sll     t2, sp, a3
core   0: 3 0x8000607e (0x00d113b3) x 7 0x00000000
core   0: 0x80006082 (0x00000f96) c.slli  t6, 5
core   0: 3 0x80006082 (0x0f96) x31 0x00000000
core   0: 0x80006084 (0x00001a08) c.addi4spn a0, sp, 304
core   0: 3 0x80006084 (0x1a08) x10 0x00000130
core   0: 0x80006086 (0x000083f9) c.srli  a5, 30
core   0: 3 0x80006086 (0x83f9) x15 0x00000003
core   0: 0x80006088 (0x0ff0000f) fence   iorw,iorw
core   0: 3 0x80006088 (0x0ff0000f)
core   0: 0x8000608c (0xb95feb13) ori     s6, t6, -1131
core   0: 3 0x8000608c (0xb95feb13) x22 0xfffffb95
core   0: 0x80006090 (0x01ff9b93) slli    s7, t6, 31
core   0: 3 0x80006090 (0x01ff9b93) x23 0x00000000
core   0: 0x80006094 (0x0000717d) c.addi16sp sp, -16
core   0: 3 0x80006094 (0x717d) x 2 0xfffffff0
core   0: 0x80006096 (0x4163da13) srai    s4, t2, 22
core   0: 3 0x80006096 (0x4163da13) x20 0x00000000
core   0: 0x8000609a (0x00008da1) c.xor   a1, s0
core   0: 3 0x8000609a (0x8da1) x11 0x00000000
core   0: 0x8000609c (0x418b5e33) sra     t3, s6, s8
core   0: 3 0x8000609c (0x418b5e33) x28 0xfffffb95
core   0: 0x800060a0 (0x408502b3) sub     t0, a0, s0
core   0: 3 0x800060a0 (0x408502b3) x 5 0x00000130
core   0: 0x800060a4 (0x00b9c9b3) xor     s3, s3, a1
core   0: 3 0x800060a4 (0x00b9c9b3) x19 0x000003cf
core   0: 0x800060a8 (0xf0d63593) sltiu   a1, a2, -243
core   0: 3 0x800060a8 (0xf0d63593) x11 0x00000001
core   0: 0x800060ac (0x000058fd) c.li    a7, -1
core   0: 3 0x800060ac (0x58fd) x17 0xffffffff
core   0: 0x800060ae (0x00008c99) c.sub   s1, a4
core   0: 3 0x800060ae (0x8c99) x 9 0x00000000
core   0: 0x800060b0 (0x1193ca97) auipc   s5, 0x1193c
core   0: 3 0x800060b0 (0x1193ca97) x21 0x919420b0
core   0: 0x800060b4 (0x01b8d533) srl     a0, a7, s11
core   0: 3 0x800060b4 (0x01b8d533) x10 0x0fffffff
core   0: 0x800060b8 (0x00004d21) c.li    s10, 8
core   0: 3 0x800060b8 (0x4d21) x26 0x00000008
core   0: 0x800060ba (0x01cc1d63) bne     s8, t3, pc + 26
core   0: 3 0x800060ba (0x01cc1d63)
core   0: 0x800060d4 (0x00008eb9) c.xor   a3, a4
core   0: 3 0x800060d4 (0x8eb9) x13 0x00000340
core   0: 0x800060d6 (0x006785b3) add     a1, a5, t1
core   0: 3 0x800060d6 (0x006785b3) x11 0xfffffda4
core   0: 0x800060da (0x03e7f9b3) remu    s3, a5, t5
core   0: 3 0x800060da (0x03e7f9b3) x19 0x00000000
core   0: 0x800060de (0x000083e1) c.srli  a5, 24
core   0: 3 0x800060de (0x83e1) x15 0x00000000
core   0: 0x800060e0 (0x02ac21b3) mulhsu  gp, s8, a0
core   0: 3 0x800060e0 (0x02ac21b3) x 3 0x00000bff
core   0: 0x800060e4 (0x030762b3) rem     t0, a4, a6
core   0: 3 0x800060e4 (0x030762b3) x 5 0x00000000
core   0: 0x800060e8 (0x00ca1993) slli    s3, s4, 12
core   0: 3 0x800060e8 (0x00ca1993) x19 0x00000000
core   0: 0x800060ec (0x01611593) slli    a1, sp, 22
core   0: 3 0x800060ec (0x01611593) x11 0xfc000000
core   0: 0x800060f0 (0x039a8d33) mul     s10, s5, s9
core   0: 3 0x800060f0 (0x039a8d33) x26 0x19bf6990
core   0: 0x800060f4 (0x01777f33) and     t5, a4, s7
core   0: 3 0x800060f4 (0x01777f33) x30 0x00000000
core   0: 0x800060f8 (0x01d808b3) add     a7, a6, t4
core   0: 3 0x800060f8 (0x01d808b3) x17 0x019c29f6
core   0: 0x800060fc (0x40635833) sra     a6, t1, t1
core   0: 3 0x800060fc (0x40635833) x16 0xfffffed0
core   0: 0x80006100 (0x00f34633) xor     a2, t1, a5
core   0: 3 0x80006100 (0x00f34633) x12 0xfffffda1
core   0: 0x80006104 (0x0000717d) c.addi16sp sp, -16
core   0: 3 0x80006104 (0x717d) x 2 0xffffffe0
core   0: 0x80006106 (0x00008c81) c.sub   s1, s0
core   0: 3 0x80006106 (0x8c81) x 9 0x00000000
core   0: 0x80006108 (0x0026c033) xor     zero, a3, sp
core   0: 3 0x80006108 (0x0026c033)
core   0: 0x8000610c (0x00008de9) c.and   a1, a0
core   0: 3 0x8000610c (0x8de9) x11 0x0c000000
core   0: 0x8000610e (0x00900e93) li      t4, 9
core   0: 3 0x8000610e (0x00900e93) x29 0x00000009
core   0: 0x80006112 (0x008409b3) add     s3, s0, s0
core   0: 3 0x80006112 (0x008409b3) x19 0x00000000
core   0: 0x80006116 (0x00900e13) li      t3, 9
core   0: 3 0x80006116 (0x00900e13) x28 0x00000009
core   0: 0x8000611a (0xdb5d3f93) sltiu   t6, s10, -587
core   0: 3 0x8000611a (0xdb5d3f93) x31 0x00000001
core   0: 0x8000611e (0x00008db1) c.xor   a1, a2
core   0: 3 0x8000611e (0x8db1) x11 0xf3fffda1
core   0: 0x80006120 (0x03890f33) mul     t5, s2, s8
core   0: 3 0x80006120 (0x03890f33) x30 0xd1ab0000
core   0: 0x80006124 (0x02541633) mulh    a2, s0, t0
core   0: 3 0x80006124 (0x02541633) x12 0x00000000
core   0: 0x80006128 (0x00001eed) c.addi  t4, -5
core   0: 3 0x80006128 (0x1eed) x29 0x00000004
core   0: 0x8000612a (0x3f450a13) addi    s4, a0, 1012
core   0: 3 0x8000612a (0x3f450a13) x20 0x100003f3
core   0: 0x8000612e (0xff900713) li      a4, -7
core   0: 3 0x8000612e (0xff900713) x14 0xfffffff9
core   0: 0x80006132 (0x00008fa5) c.xor   a5, s1
core   0: 3 0x80006132 (0x8fa5) x15 0x00000000
core   0: 0x80006134 (0x00f00213) li      tp, 15
core   0: 3 0x80006134 (0x00f00213) x 4 0x0000000f
core   0: 0x80006138 (0x01060033) add     zero, a2, a6
core   0: 3 0x80006138 (0x01060033)
core   0: 0x8000613c (0x02f8b833) mulhu   a6, a7, a5
core   0: 3 0x8000613c (0x02f8b833) x16 0x00000000
core   0: 0x80006140 (0x00000569) c.addi  a0, 26
core   0: 3 0x80006140 (0x0569) x10 0x10000019
core   0: 0x80006142 (0x032dfd33) remu    s10, s11, s2
core   0: 3 0x80006142 (0x032dfd33) x26 0x80022e64
core   0: 0x80006146 (0x00008669) c.srai  a2, 26
core   0: 3 0x80006146 (0x8669) x12 0x00000000
core   0: 0x80006148 (0x00000729) c.addi  a4, 10
core   0: 3 0x80006148 (0x0729) x14 0x00000003
core   0: 0x8000614a (0x0290f633) remu    a2, ra, s1
core   0: 3 0x8000614a (0x0290f633) x12 0x00000000
core   0: 0x8000614e (0xfe474ae3) blt     a4, tp, pc - 12
core   0: 3 0x8000614e (0xfe474ae3)
core   0: 0x80006142 (0x032dfd33) remu    s10, s11, s2
core   0: 3 0x80006142 (0x032dfd33) x26 0x80022e64
core   0: 0x80006146 (0x00008669) c.srai  a2, 26
core   0: 3 0x80006146 (0x8669) x12 0x00000000
core   0: 0x80006148 (0x00000729) c.addi  a4, 10
core   0: 3 0x80006148 (0x0729) x14 0x0000000d
core   0: 0x8000614a (0x0290f633) remu    a2, ra, s1
core   0: 3 0x8000614a (0x0290f633) x12 0x00000000
core   0: 0x8000614e (0xfe474ae3) blt     a4, tp, pc - 12
core   0: 3 0x8000614e (0xfe474ae3)
core   0: 0x80006142 (0x032dfd33) remu    s10, s11, s2
core   0: 3 0x80006142 (0x032dfd33) x26 0x80022e64
core   0: 0x80006146 (0x00008669) c.srai  a2, 26
core   0: 3 0x80006146 (0x8669) x12 0x00000000
core   0: 0x80006148 (0x00000729) c.addi  a4, 10
core   0: 3 0x80006148 (0x0729) x14 0x00000017
core   0: 0x8000614a (0x0290f633) remu    a2, ra, s1
core   0: 3 0x8000614a (0x0290f633) x12 0x00000000
core   0: 0x8000614e (0xfe474ae3) blt     a4, tp, pc - 12
core   0: 3 0x8000614e (0xfe474ae3)
core   0: 0x80006152 (0x0ff0000f) fence   iorw,iorw
core   0: 3 0x80006152 (0x0ff0000f)
core   0: 0x80006156 (0x0ff0000f) fence   iorw,iorw
core   0: 3 0x80006156 (0x0ff0000f)
core   0: 0x8000615a (0x00625333) srl     t1, tp, t1
core   0: 3 0x8000615a (0x00625333) x 6 0x00000007
core   0: 0x8000615e (0x0000809d) c.srli  s1, 7
core   0: 3 0x8000615e (0x809d) x 9 0x00000000
core   0: 0x80006160 (0x00004d4d) c.li    s10, 19
core   0: 3 0x80006160 (0x4d4d) x26 0x00000013
core   0: 0x80006162 (0x02a71a33) mulh    s4, a4, a0
core   0: 3 0x80006162 (0x02a71a33) x20 0x00000001
core   0: 0x80006166 (0x01ef5a33) srl     s4, t5, t5
core   0: 3 0x80006166 (0x01ef5a33) x20 0xd1ab0000
core   0: 0x8000616a (0xfbcefae3) bgeu    t4, t3, pc - 76
core   0: 3 0x8000616a (0xfbcefae3)
core   0: 0x8000616e (0x00008ffd) c.and   a5, a5
core   0: 3 0x8000616e (0x8ffd) x15 0x00000000
core   0: 0x80006170 (0x000212b3) sll     t0, tp, zero
core   0: 3 0x80006170 (0x000212b3) x 5 0x0000000f
core   0: 0x80006174 (0x01d36a33) or      s4, t1, t4
core   0: 3 0x80006174 (0x01d36a33) x20 0x00000007
core   0: 0x80006178 (0x00008d69) c.and   a0, a0
core   0: 3 0x80006178 (0x8d69) x10 0x10000019
core   0: 0x8000617a (0x0000e505) c.bnez  a0, pc + 40
core   0: 3 0x8000617a (0xe505)
core   0: 0x800061a2 (0x01d549b3) xor     s3, a0, t4
core   0: 3 0x800061a2 (0x01d549b3) x19 0x1000001d
core   0: 0x800061a6 (0xb974fc93) andi    s9, s1, -1129
core   0: 3 0x800061a6 (0xb974fc93) x25 0x00000000
core   0: 0x800061aa (0x00fa0f33) add     t5, s4, a5
core   0: 3 0x800061aa (0x00fa0f33) x30 0x00000007
core   0: 0x800061ae (0x037cf5b3) remu    a1, s9, s7
core   0: 3 0x800061ae (0x037cf5b3) x11 0x00000000
core   0: 0x800061b2 (0xd9892793) slti    a5, s2, -616
core   0: 3 0x800061b2 (0xd9892793) x15 0x00000001
core   0: 0x800061b6 (0x00008d09) c.sub   a0, a0
core   0: 3 0x800061b6 (0x8d09) x10 0x00000000
core   0: 0x800061b8 (0x000081e5) c.srli  a1, 25
core   0: 3 0x800061b8 (0x81e5) x11 0x00000000
core   0: 0x800061ba (0x04fbfd13) andi    s10, s7, 79
core   0: 3 0x800061ba (0x04fbfd13) x26 0x00000000
core   0: 0x800061be (0xdda5ad13) slti    s10, a1, -550
core   0: 3 0x800061be (0xdda5ad13) x26 0x00000000
core   0: 0x800061c2 (0x00f5a333) slt     t1, a1, a5
core   0: 3 0x800061c2 (0x00f5a333) x 6 0x00000001
core   0: 0x800061c6 (0x19578793) addi    a5, a5, 405
core   0: 3 0x800061c6 (0x19578793) x15 0x00000196
core   0: 0x800061ca (0x00001c7d) c.addi  s8, -1
core   0: 3 0x800061ca (0x1c7d) x24 0x0000bfff
core   0: 0x800061cc (0x025e60b3) rem     ra, t3, t0
core   0: 3 0x800061cc (0x025e60b3) x 1 0x00000009
core   0: 0x800061d0 (0x016e8d63) beq     t4, s6, pc + 26
core   0: 3 0x800061d0 (0x016e8d63)
core   0: 0x800061d4 (0x0000865d) c.srai  a2, 23
core   0: 3 0x800061d4 (0x865d) x12 0x00000000
core   0: 0x800061d6 (0x011350b3) srl     ra, t1, a7
core   0: 3 0x800061d6 (0x011350b3) x 1 0x00000000
core   0: 0x800061da (0x02c071b3) remu    gp, zero, a2
core   0: 3 0x800061da (0x02c071b3) x 3 0x00000000
core   0: 0x800061de (0x00000d41) c.addi  s10, 16
core   0: 3 0x800061de (0x0d41) x26 0x00000010
core   0: 0x800061e0 (0x02ff55b3) divu    a1, t5, a5
core   0: 3 0x800061e0 (0x02ff55b3) x11 0x00000000
core   0: 0x800061e4 (0x000063b1) c.lui   t2, 0xc
core   0: 3 0x800061e4 (0x63b1) x 7 0x0000c000
core   0: 0x800061e6 (0x02680733) mul     a4, a6, t1
core   0: 3 0x800061e6 (0x02680733) x14 0x00000000
core   0: 0x800061ea (0x036ced33) rem     s10, s9, s6
core   0: 3 0x800061ea (0x036ced33) x26 0x00000000
core   0: 0x800061ee (0x028387b3) mul     a5, t2, s0
core   0: 3 0x800061ee (0x028387b3) x15 0x00000000
core   0: 0x800061f2 (0x00000284) c.addi4spn s1, sp, 320
core   0: 3 0x800061f2 (0x0284) x 9 0x00000120
core   0: 0x800061f4 (0x241ea113) slti    sp, t4, 577
core   0: 3 0x800061f4 (0x241ea113) x 2 0x00000001
core   0: 0x800061f8 (0x038f7033) remu    zero, t5, s8
core   0: 3 0x800061f8 (0x038f7033)
core   0: 0x800061fc (0x48872b13) slti    s6, a4, 1160
core   0: 3 0x800061fc (0x48872b13) x22 0x00000001
core   0: 0x80006200 (0xe2d40313) addi    t1, s0, -467
core   0: 3 0x80006200 (0xe2d40313) x 6 0xfffffe2d
core   0: 0x80006204 (0x39f36793) ori     a5, t1, 927
core   0: 3 0x80006204 (0x39f36793) x15 0xffffffbf
core   0: 0x80006208 (0x119a4d13) xori    s10, s4, 281
core   0: 3 0x80006208 (0x119a4d13) x26 0x0000011e
core   0: 0x8000620c (0x00e68f63) beq     a3, a4, pc + 30
core   0: 3 0x8000620c (0x00e68f63)
core   0: 0x80006210 (0x000063e5) c.lui   t2, 0x19
core   0: 3 0x80006210 (0x63e5) x 7 0x00019000
core   0: 0x80006212 (0x000084b9) c.srai  s1, 14
core   0: 3 0x80006212 (0x84b9) x 9 0x00000000
core   0: 0x80006214 (0x07461263) bne     a2, s4, pc + 100
core   0: 3 0x80006214 (0x07461263)
core   0: 0x80006278 (0xc0b104b7) lui     s1, 0xc0b10
core   0: 3 0x80006278 (0xc0b104b7) x 9 0xc0b10000
core   0: 0x8000627c (0x034f8a63) beq     t6, s4, pc + 52
core   0: 3 0x8000627c (0x034f8a63)
core   0: 0x80006280 (0x00a13533) sltu    a0, sp, a0
core   0: 3 0x80006280 (0x00a13533) x10 0x00000000
core   0: 0x80006284 (0x020198b3) mulh    a7, gp, zero
core   0: 3 0x80006284 (0x020198b3) x17 0x00000000
core   0: 0x80006288 (0x00006c3d) c.lui   s8, 0xf
core   0: 3 0x80006288 (0x6c3d) x24 0x0000f000
core   0: 0x8000628a (0x03a8c163) blt     a7, s10, pc + 34
core   0: 3 0x8000628a (0x03a8c163)
core   0: 0x800062ac (0x4fd84513) xori    a0, a6, 1277
core   0: 3 0x800062ac (0x4fd84513) x10 0x000004fd
core   0: 0x800062b0 (0x0051aab3) slt     s5, gp, t0
core   0: 3 0x800062b0 (0x0051aab3) x21 0x00000001
core   0: 0x800062b4 (0x01b19233) sll     tp, gp, s11
core   0: 3 0x800062b4 (0x01b19233) x 4 0x00000000
core   0: 0x800062b8 (0x00000001) c.nop
core   0: 3 0x800062b8 (0x0001)
core   0: 0x800062ba (0x03534363) blt     t1, s5, pc + 38
core   0: 3 0x800062ba (0x03534363)
core   0: 0x800062e0 (0x000003d5) c.addi  t2, 21
core   0: 3 0x800062e0 (0x03d5) x 7 0x00019015
core   0: 0x800062e2 (0x00000001) c.nop
core   0: 3 0x800062e2 (0x0001)
core   0: 0x800062e4 (0x415cd9b3) sra     s3, s9, s5
core   0: 3 0x800062e4 (0x415cd9b3) x19 0x00000000
core   0: 0x800062e8 (0x00000001) c.nop
core   0: 3 0x800062e8 (0x0001)
core   0: 0x800062ea (0x0ff0000f) fence   iorw,iorw
core   0: 3 0x800062ea (0x0ff0000f)
core   0: 0x800062ee (0x69c3af13) slti    t5, t2, 1692
core   0: 3 0x800062ee (0x69c3af13) x30 0x00000000
core   0: 0x800062f2 (0x07d5d763) bge     a1, t4, pc + 110
core   0: 3 0x800062f2 (0x07d5d763)
core   0: 0x800062f6 (0x099ac963) blt     s5, s9, pc + 146
core   0: 3 0x800062f6 (0x099ac963)
core   0: 0x800062fa (0xffe00d13) li      s10, -2
core   0: 3 0x800062fa (0xffe00d13) x26 0xfffffffe
core   0: 0x800062fe (0x00008219) c.srli  a2, 6
core   0: 3 0x800062fe (0x8219) x12 0x00000000
core   0: 0x80006300 (0x02d40633) mul     a2, s0, a3
core   0: 3 0x80006300 (0x02d40633) x12 0x00000000
core   0: 0x80006304 (0xff400a93) li      s5, -12
core   0: 3 0x80006304 (0xff400a93) x21 0xfffffff4
core   0: 0x80006308 (0x00006519) c.lui   a0, 0x6
core   0: 3 0x80006308 (0x6519) x10 0x00006000
core   0: 0x8000630a (0x0000100f) fence.i
core   0: 3 0x8000630a (0x0000100f)
core   0: 0x8000630e (0x01f24533) xor     a0, tp, t6
core   0: 3 0x8000630e (0x01f24533) x10 0x00000001
core   0: 0x80006312 (0x000080c9) c.srli  s1, 18
core   0: 3 0x80006312 (0x80c9) x 9 0x0000302c
core   0: 0x80006314 (0x404a89b3) sub     s3, s5, tp
core   0: 3 0x80006314 (0x404a89b3) x19 0xfffffff4
core   0: 0x80006318 (0x00008f2d) c.xor   a4, a1
core   0: 3 0x80006318 (0x8f2d) x14 0x00000000
core   0: 0x8000631a (0x00001d6d) c.addi  s10, -5
core   0: 3 0x8000631a (0x1d6d) x26 0xfffffff9
core   0: 0x8000631c (0x40900fb3) sub     t6, zero, s1
core   0: 3 0x8000631c (0x40900fb3) x31 0xffffcfd4
core   0: 0x80006320 (0x00800393) li      t2, 8
core   0: 3 0x80006320 (0x00800393) x 7 0x00000008
core   0: 0x80006324 (0x001b2cb3) slt     s9, s6, ra
core   0: 3 0x80006324 (0x001b2cb3) x25 0x00000000
core   0: 0x80006328 (0x000091ea) c.add   gp, s10
core   0: 3 0x80006328 (0x91ea) x 3 0xfffffff9
core   0: 0x8000632a (0x00006129) c.addi16sp sp, 192
core   0: 3 0x8000632a (0x6129) x 2 0x000000c1
core   0: 0x8000632c (0x00006155) c.addi16sp sp, 304
core   0: 3 0x8000632c (0x6155) x 2 0x000001f1
core   0: 0x8000632e (0x00600893) li      a7, 6
core   0: 3 0x8000632e (0x00600893) x17 0x00000006
core   0: 0x80006332 (0x4096dc13) srai    s8, a3, 9
core   0: 3 0x80006332 (0x4096dc13) x24 0x00000001
core   0: 0x80006336 (0x40ff89b3) sub     s3, t6, a5
core   0: 3 0x80006336 (0x40ff89b3) x19 0xffffd015
core   0: 0x8000633a (0x000013ed) c.addi  t2, -5
core   0: 3 0x8000633a (0x13ed) x 7 0x00000003
core   0: 0x8000633c (0x000085d1) c.srai  a1, 20
core   0: 3 0x8000633c (0x85d1) x11 0x00000000
core   0: 0x8000633e (0xff13fce3) bgeu    t2, a7, pc - 8
core   0: 3 0x8000633e (0xff13fce3)
core   0: 0x80006342 (0x00000001) c.nop
core   0: 3 0x80006342 (0x0001)
core   0: 0x80006344 (0x02484033) div     zero, a6, tp
core   0: 3 0x80006344 (0x02484033)
core   0: 0x80006348 (0x00008e55) c.or    a2, a3
core   0: 3 0x80006348 (0x8e55) x12 0x00000340
core   0: 0x8000634a (0x0fe14e13) xori    t3, sp, 254
core   0: 3 0x8000634a (0x0fe14e13) x28 0x0000010f
core   0: 0x8000634e (0x0000927e) c.add   tp, t6
core   0: 3 0x8000634e (0x927e) x 4 0xffffcfd4
core   0: 0x80006350 (0xfb5d1fe3) bne     s10, s5, pc - 66
core   0: 3 0x80006350 (0xfb5d1fe3)
core   0: 0x8000630e (0x01f24533) xor     a0, tp, t6
core   0: 3 0x8000630e (0x01f24533) x10 0x00000000
core   0: 0x80006312 (0x000080c9) c.srli  s1, 18
core   0: 3 0x80006312 (0x80c9) x 9 0x00000000
core   0: 0x80006314 (0x404a89b3) sub     s3, s5, tp
core   0: 3 0x80006314 (0x404a89b3) x19 0x00003020
core   0: 0x80006318 (0x00008f2d) c.xor   a4, a1
core   0: 3 0x80006318 (0x8f2d) x14 0x00000000
core   0: 0x8000631a (0x00001d6d) c.addi  s10, -5
core   0: 3 0x8000631a (0x1d6d) x26 0xfffffff4
core   0: 0x8000631c (0x40900fb3) sub     t6, zero, s1
core   0: 3 0x8000631c (0x40900fb3) x31 0x00000000
core   0: 0x80006320 (0x00800393) li      t2, 8
core   0: 3 0x80006320 (0x00800393) x 7 0x00000008
core   0: 0x80006324 (0x001b2cb3) slt     s9, s6, ra
core   0: 3 0x80006324 (0x001b2cb3) x25 0x00000000
core   0: 0x80006328 (0x000091ea) c.add   gp, s10
core   0: 3 0x80006328 (0x91ea) x 3 0xffffffed
core   0: 0x8000632a (0x00006129) c.addi16sp sp, 192
core   0: 3 0x8000632a (0x6129) x 2 0x000002b1
core   0: 0x8000632c (0x00006155) c.addi16sp sp, 304
core   0: 3 0x8000632c (0x6155) x 2 0x000003e1
core   0: 0x8000632e (0x00600893) li      a7, 6
core   0: 3 0x8000632e (0x00600893) x17 0x00000006
core   0: 0x80006332 (0x4096dc13) srai    s8, a3, 9
core   0: 3 0x80006332 (0x4096dc13) x24 0x00000001
core   0: 0x80006336 (0x40ff89b3) sub     s3, t6, a5
core   0: 3 0x80006336 (0x40ff89b3) x19 0x00000041
core   0: 0x8000633a (0x000013ed) c.addi  t2, -5
core   0: 3 0x8000633a (0x13ed) x 7 0x00000003
core   0: 0x8000633c (0x000085d1) c.srai  a1, 20
core   0: 3 0x8000633c (0x85d1) x11 0x00000000
core   0: 0x8000633e (0xff13fce3) bgeu    t2, a7, pc - 8
core   0: 3 0x8000633e (0xff13fce3)
core   0: 0x80006342 (0x00000001) c.nop
core   0: 3 0x80006342 (0x0001)
core   0: 0x80006344 (0x02484033) div     zero, a6, tp
core   0: 3 0x80006344 (0x02484033)
core   0: 0x80006348 (0x00008e55) c.or    a2, a3
core   0: 3 0x80006348 (0x8e55) x12 0x00000340
core   0: 0x8000634a (0x0fe14e13) xori    t3, sp, 254
core   0: 3 0x8000634a (0x0fe14e13) x28 0x0000031f
core   0: 0x8000634e (0x0000927e) c.add   tp, t6
core   0: 3 0x8000634e (0x927e) x 4 0xffffcfd4
core   0: 0x80006350 (0xfb5d1fe3) bne     s10, s5, pc - 66
core   0: 3 0x80006350 (0xfb5d1fe3)
core   0: 0x80006354 (0x41b25a13) srai    s4, tp, 27
core   0: 3 0x80006354 (0x41b25a13) x20 0xffffffff
core   0: 0x80006358 (0xec480a13) addi    s4, a6, -316
core   0: 3 0x80006358 (0xec480a13) x20 0xfffffec4
core   0: 0x8000635c (0x0354d963) bge     s1, s5, pc + 50
core   0: 3 0x8000635c (0x0354d963)
core   0: 0x8000638e (0x75130c13) addi    s8, t1, 1873
core   0: 3 0x8000638e (0x75130c13) x24 0x0000057e
core   0: 0x80006392 (0x01fe6833) or      a6, t3, t6
core   0: 3 0x80006392 (0x01fe6833) x16 0x0000031f
core   0: 0x80006396 (0x00c2ed63) bltu    t0, a2, pc + 26
core   0: 3 0x80006396 (0x00c2ed63)
core   0: 0x800063b0 (0x01ebc033) xor     zero, s7, t5
core   0: 3 0x800063b0 (0x01ebc033)
core   0: 0x800063b4 (0x01f41313) slli    t1, s0, 31
core   0: 3 0x800063b4 (0x01f41313) x 6 0x00000000
core   0: 0x800063b8 (0x0000100f) fence.i
core   0: 3 0x800063b8 (0x0000100f)
core   0: 0x800063bc (0x03ccd5b3) divu    a1, s9, t3
core   0: 3 0x800063bc (0x03ccd5b3) x11 0x00000000
core   0: 0x800063c0 (0x04d7f363) bgeu    a5, a3, pc + 70
core   0: 3 0x800063c0 (0x04d7f363)
core   0: 0x80006406 (0x00008629) c.srai  a2, 10
core   0: 3 0x80006406 (0x8629) x12 0x00000000
core   0: 0x80006408 (0x00001690) c.addi4spn a2, sp, 864
core   0: 3 0x80006408 (0x1690) x12 0x00000741
core   0: 0x8000640a (0x3da98f93) addi    t6, s3, 986
core   0: 3 0x8000640a (0x3da98f93) x31 0x0000041b
core   0: 0x8000640e (0xb4b46813) ori     a6, s0, -1205
core   0: 3 0x8000640e (0xb4b46813) x16 0xfffffb4b
core   0: 0x80006412 (0x02c53633) mulhu   a2, a0, a2
core   0: 3 0x80006412 (0x02c53633) x12 0x00000000
core   0: 0x80006416 (0x000008a5) c.addi  a7, 9
core   0: 3 0x80006416 (0x08a5) x17 0x0000000f
core   0: 0x80006418 (0x00008335) c.srli  a4, 13
core   0: 3 0x80006418 (0x8335) x14 0x00000000
core   0: 0x8000641a (0x000086c5) c.srai  a3, 17
core   0: 3 0x8000641a (0x86c5) x13 0x00000000
core   0: 0x8000641c (0x62dee113) ori     sp, t4, 1581
core   0: 3 0x8000641c (0x62dee113) x 2 0x0000062d
core   0: 0x80006420 (0x3655e113) ori     sp, a1, 869
core   0: 3 0x80006420 (0x3655e113) x 2 0x00000365
core   0: 0x80006424 (0x2f404293) xori    t0, zero, 756
core   0: 3 0x80006424 (0x2f404293) x 5 0x000002f4
core   0: 0x80006428 (0x00008e55) c.or    a2, a3
core   0: 3 0x80006428 (0x8e55) x12 0x00000000
core   0: 0x8000642a (0x00008e6d) c.and   a2, a1
core   0: 3 0x8000642a (0x8e6d) x12 0x00000000
core   0: 0x8000642c (0x009f0533) add     a0, t5, s1
core   0: 3 0x8000642c (0x009f0533) x10 0x00000000
core   0: 0x80006430 (0x02fba333) mulhsu  t1, s7, a5
core   0: 3 0x80006430 (0x02fba333) x 6 0x00000000
core   0: 0x80006434 (0x0000567d) c.li    a2, -1
core   0: 3 0x80006434 (0x567d) x12 0xffffffff
core   0: 0x80006436 (0x00008f75) c.and   a4, a3
core   0: 3 0x80006436 (0x8f75) x14 0x00000000
core   0: 0x80006438 (0x00006ee5) c.lui   t4, 0x19
core   0: 3 0x80006438 (0x6ee5) x29 0x00019000
core   0: 0x8000643a (0x00008709) c.srai  a4, 2
core   0: 3 0x8000643a (0x8709) x14 0x00000000
core   0: 0x8000643c (0x00eb0663) beq     s6, a4, pc + 12
core   0: 3 0x8000643c (0x00eb0663)
core   0: 0x80006440 (0x0000ec95) c.bnez  s1, pc + 60
core   0: 3 0x80006440 (0xec95)
core   0: 0x80006442 (0x0000850d) c.srai  a0, 3
core   0: 3 0x80006442 (0x850d) x10 0x00000000
core   0: 0x80006444 (0x031d09b3) mul     s3, s10, a7
core   0: 3 0x80006444 (0x031d09b3) x19 0xffffff4c
core   0: 0x80006448 (0x01d9ab33) slt     s6, s3, t4
core   0: 3 0x80006448 (0x01d9ab33) x22 0x00000001
core   0: 0x8000644c (0x03616263) bltu    sp, s6, pc + 36
core   0: 3 0x8000644c (0x03616263)
core   0: 0x80006450 (0x0ff0000f) fence   iorw,iorw
core   0: 3 0x80006450 (0x0ff0000f)
core   0: 0x80006454 (0x00000001) c.nop
core   0: 3 0x80006454 (0x0001)
core   0: 0x80006456 (0x22497f13) andi    t5, s2, 548
core   0: 3 0x80006456 (0x22497f13) x30 0x00000024
core   0: 0x8000645a (0x00008b3a) c.mv    s6, a4
core   0: 3 0x8000645a (0x8b3a) x22 0x00000000
core   0: 0x8000645c (0x00000485) c.addi  s1, 1
core   0: 3 0x8000645c (0x0485) x 9 0x00000001
core   0: 0x8000645e (0x003cbf33) sltu    t5, s9, gp
core   0: 3 0x8000645e (0x003cbf33) x30 0x00000001
core   0: 0x80006462 (0x02ba99b3) mulh    s3, s5, a1
core   0: 3 0x80006462 (0x02ba99b3) x19 0x00000000
core   0: 0x80006466 (0x047c8463) beq     s9, t2, pc + 72
core   0: 3 0x80006466 (0x047c8463)
core   0: 0x8000646a (0x004fb4b3) sltu    s1, t6, tp
core   0: 3 0x8000646a (0x004fb4b3) x 9 0x00000001
core   0: 0x8000646e (0x00008db5) c.xor   a1, a3
core   0: 3 0x8000646e (0x8db5) x11 0x00000000
core   0: 0x80006470 (0x0110e133) or      sp, ra, a7
core   0: 3 0x80006470 (0x0110e133) x 2 0x0000000f
core   0: 0x80006474 (0x0000100f) fence.i
core   0: 3 0x80006474 (0x0000100f)
core   0: 0x80006478 (0x00c18f63) beq     gp, a2, pc + 30
core   0: 3 0x80006478 (0x00c18f63)
core   0: 0x8000647c (0x00008dc5) c.or    a1, s1
core   0: 3 0x8000647c (0x8dc5) x11 0x00000001
core   0: 0x8000647e (0x00000001) c.nop
core   0: 3 0x8000647e (0x0001)
core   0: 0x80006480 (0x9ce54f93) xori    t6, a0, -1586
core   0: 3 0x80006480 (0x9ce54f93) x31 0xfffff9ce
core   0: 0x80006484 (0x0ff0000f) fence   iorw,iorw
core   0: 3 0x80006484 (0x0ff0000f)
core   0: 0x80006488 (0x0000100f) fence.i
core   0: 3 0x80006488 (0x0000100f)
core   0: 0x8000648c (0xc54c8597) auipc   a1, 0xc54c8
core   0: 3 0x8000648c (0xc54c8597) x11 0x454ce48c
core   0: 0x80006490 (0x0001bd33) sltu    s10, gp, zero
core   0: 3 0x80006490 (0x0001bd33) x26 0x00000000
core   0: 0x80006494 (0x0000e919) c.bnez  a0, pc + 22
core   0: 3 0x80006494 (0xe919)
core   0: 0x80006496 (0x0283efb3) rem     t6, t2, s0
core   0: 3 0x80006496 (0x0283efb3) x31 0x00000003
core   0: 0x8000649a (0x03375cb3) divu    s9, a4, s3
core   0: 3 0x8000649a (0x03375cb3) x25 0xffffffff
core   0: 0x8000649e (0x01afd4b3) srl     s1, t6, s10
core   0: 3 0x8000649e (0x01afd4b3) x 9 0x00000003
core   0: 0x800064a2 (0x01704ab3) xor     s5, zero, s7
core   0: 3 0x800064a2 (0x01704ab3) x21 0x00000000
core   0: 0x800064a6 (0x031d5163) bge     s10, a7, pc + 34
core   0: 3 0x800064a6 (0x031d5163)
core   0: 0x800064aa (0x414286b3) sub     a3, t0, s4
core   0: 3 0x800064aa (0x414286b3) x13 0x00000430
core   0: 0x800064ae (0x0018e563) bltu    a7, ra, pc + 10
core   0: 3 0x800064ae (0x0018e563)
core   0: 0x800064b2 (0x00000001) c.nop
core   0: 3 0x800064b2 (0x0001)
core   0: 0x800064b4 (0x00a287b3) add     a5, t0, a0
core   0: 3 0x800064b4 (0x00a287b3) x15 0x000002f4
core   0: 0x800064b8 (0x03edbb33) mulhu   s6, s11, t5
core   0: 3 0x800064b8 (0x03edbb33) x22 0x00000000
core   0: 0x800064bc (0x036bc3b3) div     t2, s7, s6
core   0: 3 0x800064bc (0x036bc3b3) x 7 0xffffffff
core   0: 0x800064c0 (0xbfe56693) ori     a3, a0, -1026
core   0: 3 0x800064c0 (0xbfe56693) x13 0xfffffbfe
core   0: 0x800064c4 (0x2e74ae93) slti    t4, s1, 743
core   0: 3 0x800064c4 (0x2e74ae93) x29 0x00000001
core   0: 0x800064c8 (0x03d15a33) divu    s4, sp, t4
core   0: 3 0x800064c8 (0x03d15a33) x20 0x0000000f
core   0: 0x800064cc (0x000094d6) c.add   s1, s5
core   0: 3 0x800064cc (0x94d6) x 9 0x00000003
core   0: 0x800064ce (0x41055b33) sra     s6, a0, a6
core   0: 3 0x800064ce (0x41055b33) x22 0x00000000
core   0: 0x800064d2 (0x405f5c13) srai    s8, t5, 5
core   0: 3 0x800064d2 (0x405f5c13) x24 0x00000000
core   0: 0x800064d6 (0x00000f10) c.addi4spn a2, sp, 912
core   0: 3 0x800064d6 (0x0f10) x12 0x0000039f
core   0: 0x800064d8 (0x00009bfd) c.andi  a5, -1
core   0: 3 0x800064d8 (0x9bfd) x15 0x000002f4
core   0: 0x800064da (0x01851a33) sll     s4, a0, s8
core   0: 3 0x800064da (0x01851a33) x20 0x00000000
core   0: 0x800064de (0x0055dfb3) srl     t6, a1, t0
core   0: 3 0x800064de (0x0055dfb3) x31 0x00000454
core   0: 0x800064e2 (0x02340333) mul     t1, s0, gp
core   0: 3 0x800064e2 (0x02340333) x 6 0x00000000
core   0: 0x800064e6 (0x4104d313) srai    t1, s1, 16
core   0: 3 0x800064e6 (0x4104d313) x 6 0x00000000
core   0: 0x800064ea (0x01d17bb3) and     s7, sp, t4
core   0: 3 0x800064ea (0x01d17bb3) x23 0x00000001
core   0: 0x800064ee (0x03fd5cb3) divu    s9, s10, t6
core   0: 3 0x800064ee (0x03fd5cb3) x25 0x00000000
core   0: 0x800064f2 (0xdd49ef93) ori     t6, s3, -556
core   0: 3 0x800064f2 (0xdd49ef93) x31 0xfffffdd4
core   0: 0x800064f6 (0x00008af1) c.andi  a3, 28
core   0: 3 0x800064f6 (0x8af1) x13 0x0000001c
core   0: 0x800064f8 (0x01581333) sll     t1, a6, s5
core   0: 3 0x800064f8 (0x01581333) x 6 0xfffffb4b
core   0: 0x800064fc (0xd0ae6713) ori     a4, t3, -758
core   0: 3 0x800064fc (0xd0ae6713) x14 0xffffff1f
core   0: 0x80006500 (0x40005333) sra     t1, zero, zero
core   0: 3 0x80006500 (0x40005333) x 6 0x00000000
core   0: 0x80006504 (0x0000100f) fence.i
core   0: 3 0x80006504 (0x0000100f)
core   0: 0x80006508 (0x00500093) li      ra, 5
core   0: 3 0x80006508 (0x00500093) x 1 0x00000005
core   0: 0x8000650c (0xff300613) li      a2, -13
core   0: 3 0x8000650c (0xff300613) x12 0xfffffff3
core   0: 0x80006510 (0x0000180c) c.addi4spn a1, sp, 48
core   0: 3 0x80006510 (0x180c) x11 0x0000003f
core   0: 0x80006512 (0x00001afd) c.addi  s5, -1
core   0: 3 0x80006512 (0x1afd) x21 0xffffffff
core   0: 0x80006514 (0x448e8a93) addi    s5, t4, 1096
core   0: 3 0x80006514 (0x448e8a93) x21 0x00000449
core   0: 0x80006518 (0x000010f9) c.addi  ra, -2
core   0: 3 0x80006518 (0x10f9) x 1 0x00000003
core   0: 0x8000651a (0x00100693) li      a3, 1
core   0: 3 0x8000651a (0x00100693) x13 0x00000001
core   0: 0x8000651e (0x000704b3) add     s1, a4, zero
core   0: 3 0x8000651e (0x000704b3) x 9 0xffffff1f
core   0: 0x80006522 (0xbd5f0217) auipc   tp, 0xbd5f0
core   0: 3 0x80006522 (0xbd5f0217) x 4 0x3d5f6522
core   0: 0x80006526 (0xfee00393) li      t2, -18
core   0: 3 0x80006526 (0xfee00393) x 7 0xffffffee
core   0: 0x8000652a (0x0268abb3) mulhsu  s7, a7, t1
core   0: 3 0x8000652a (0x0268abb3) x23 0x00000000
core   0: 0x8000652e (0x017f4733) xor     a4, t5, s7
core   0: 3 0x8000652e (0x017f4733) x14 0x00000001
core   0: 0x80006532 (0x000016d9) c.addi  a3, -10
core   0: 3 0x80006532 (0x16d9) x13 0xfffffff7
core   0: 0x80006534 (0x00008cc9) c.or    s1, a0
core   0: 3 0x80006534 (0x8cc9) x 9 0xffffff1f
core   0: 0x80006536 (0xfe76dae3) bge     a3, t2, pc - 12
core   0: 3 0x80006536 (0xfe76dae3)
core   0: 0x8000652a (0x0268abb3) mulhsu  s7, a7, t1
core   0: 3 0x8000652a (0x0268abb3) x23 0x00000000
core   0: 0x8000652e (0x017f4733) xor     a4, t5, s7
core   0: 3 0x8000652e (0x017f4733) x14 0x00000001
core   0: 0x80006532 (0x000016d9) c.addi  a3, -10
core   0: 3 0x80006532 (0x16d9) x13 0xffffffed
core   0: 0x80006534 (0x00008cc9) c.or    s1, a0
core   0: 3 0x80006534 (0x8cc9) x 9 0xffffff1f
core   0: 0x80006536 (0xfe76dae3) bge     a3, t2, pc - 12
core   0: 3 0x80006536 (0xfe76dae3)
core   0: 0x8000653a (0x02bf64b3) rem     s1, t5, a1
core   0: 3 0x8000653a (0x02bf64b3) x 9 0x00000001
core   0: 0x8000653e (0x00fd1333) sll     t1, s10, a5
core   0: 3 0x8000653e (0x00fd1333) x 6 0x00000000
core   0: 0x80006542 (0xfcc099e3) bne     ra, a2, pc - 46
core   0: 3 0x80006542 (0xfcc099e3)
core   0: 0x80006514 (0x448e8a93) addi    s5, t4, 1096
core   0: 3 0x80006514 (0x448e8a93) x21 0x00000449
core   0: 0x80006518 (0x000010f9) c.addi  ra, -2
core   0: 3 0x80006518 (0x10f9) x 1 0x00000001
core   0: 0x8000651a (0x00100693) li      a3, 1
core   0: 3 0x8000651a (0x00100693) x13 0x00000001
core   0: 0x8000651e (0x000704b3) add     s1, a4, zero
core   0: 3 0x8000651e (0x000704b3) x 9 0x00000001
core   0: 0x80006522 (0xbd5f0217) auipc   tp, 0xbd5f0
core   0: 3 0x80006522 (0xbd5f0217) x 4 0x3d5f6522
core   0: 0x80006526 (0xfee00393) li      t2, -18
core   0: 3 0x80006526 (0xfee00393) x 7 0xffffffee
core   0: 0x8000652a (0x0268abb3) mulhsu  s7, a7, t1
core   0: 3 0x8000652a (0x0268abb3) x23 0x00000000
core   0: 0x8000652e (0x017f4733) xor     a4, t5, s7
core   0: 3 0x8000652e (0x017f4733) x14 0x00000001
core   0: 0x80006532 (0x000016d9) c.addi  a3, -10
core   0: 3 0x80006532 (0x16d9) x13 0xfffffff7
core   0: 0x80006534 (0x00008cc9) c.or    s1, a0
core   0: 3 0x80006534 (0x8cc9) x 9 0x00000001
core   0: 0x80006536 (0xfe76dae3) bge     a3, t2, pc - 12
core   0: 3 0x80006536 (0xfe76dae3)
core   0: 0x8000652a (0x0268abb3) mulhsu  s7, a7, t1
core   0: 3 0x8000652a (0x0268abb3) x23 0x00000000
core   0: 0x8000652e (0x017f4733) xor     a4, t5, s7
core   0: 3 0x8000652e (0x017f4733) x14 0x00000001
core   0: 0x80006532 (0x000016d9) c.addi  a3, -10
core   0: 3 0x80006532 (0x16d9) x13 0xffffffed
core   0: 0x80006534 (0x00008cc9) c.or    s1, a0
core   0: 3 0x80006534 (0x8cc9) x 9 0x00000001
core   0: 0x80006536 (0xfe76dae3) bge     a3, t2, pc - 12
core   0: 3 0x80006536 (0xfe76dae3)
core   0: 0x8000653a (0x02bf64b3) rem     s1, t5, a1
core   0: 3 0x8000653a (0x02bf64b3) x 9 0x00000001
core   0: 0x8000653e (0x00fd1333) sll     t1, s10, a5
core   0: 3 0x8000653e (0x00fd1333) x 6 0x00000000
core   0: 0x80006542 (0xfcc099e3) bne     ra, a2, pc - 46
core   0: 3 0x80006542 (0xfcc099e3)
core   0: 0x80006514 (0x448e8a93) addi    s5, t4, 1096
core   0: 3 0x80006514 (0x448e8a93) x21 0x00000449
core   0: 0x80006518 (0x000010f9) c.addi  ra, -2
core   0: 3 0x80006518 (0x10f9) x 1 0xffffffff
core   0: 0x8000651a (0x00100693) li      a3, 1
core   0: 3 0x8000651a (0x00100693) x13 0x00000001
core   0: 0x8000651e (0x000704b3) add     s1, a4, zero
core   0: 3 0x8000651e (0x000704b3) x 9 0x00000001
core   0: 0x80006522 (0xbd5f0217) auipc   tp, 0xbd5f0
core   0: 3 0x80006522 (0xbd5f0217) x 4 0x3d5f6522
core   0: 0x80006526 (0xfee00393) li      t2, -18
core   0: 3 0x80006526 (0xfee00393) x 7 0xffffffee
core   0: 0x8000652a (0x0268abb3) mulhsu  s7, a7, t1
core   0: 3 0x8000652a (0x0268abb3) x23 0x00000000
core   0: 0x8000652e (0x017f4733) xor     a4, t5, s7
core   0: 3 0x8000652e (0x017f4733) x14 0x00000001
core   0: 0x80006532 (0x000016d9) c.addi  a3, -10
core   0: 3 0x80006532 (0x16d9) x13 0xfffffff7
core   0: 0x80006534 (0x00008cc9) c.or    s1, a0
core   0: 3 0x80006534 (0x8cc9) x 9 0x00000001
core   0: 0x80006536 (0xfe76dae3) bge     a3, t2, pc - 12
core   0: 3 0x80006536 (0xfe76dae3)
core   0: 0x8000652a (0x0268abb3) mulhsu  s7, a7, t1
core   0: 3 0x8000652a (0x0268abb3) x23 0x00000000
core   0: 0x8000652e (0x017f4733) xor     a4, t5, s7
core   0: 3 0x8000652e (0x017f4733) x14 0x00000001
core   0: 0x80006532 (0x000016d9) c.addi  a3, -10
core   0: 3 0x80006532 (0x16d9) x13 0xffffffed
core   0: 0x80006534 (0x00008cc9) c.or    s1, a0
core   0: 3 0x80006534 (0x8cc9) x 9 0x00000001
core   0: 0x80006536 (0xfe76dae3) bge     a3, t2, pc - 12
core   0: 3 0x80006536 (0xfe76dae3)
core   0: 0x8000653a (0x02bf64b3) rem     s1, t5, a1
core   0: 3 0x8000653a (0x02bf64b3) x 9 0x00000001
core   0: 0x8000653e (0x00fd1333) sll     t1, s10, a5
core   0: 3 0x8000653e (0x00fd1333) x 6 0x00000000
core   0: 0x80006542 (0xfcc099e3) bne     ra, a2, pc - 46
core   0: 3 0x80006542 (0xfcc099e3)
core   0: 0x80006514 (0x448e8a93) addi    s5, t4, 1096
core   0: 3 0x80006514 (0x448e8a93) x21 0x00000449
core   0: 0x80006518 (0x000010f9) c.addi  ra, -2
core   0: 3 0x80006518 (0x10f9) x 1 0xfffffffd
core   0: 0x8000651a (0x00100693) li      a3, 1
core   0: 3 0x8000651a (0x00100693) x13 0x00000001
core   0: 0x8000651e (0x000704b3) add     s1, a4, zero
core   0: 3 0x8000651e (0x000704b3) x 9 0x00000001
core   0: 0x80006522 (0xbd5f0217) auipc   tp, 0xbd5f0
core   0: 3 0x80006522 (0xbd5f0217) x 4 0x3d5f6522
core   0: 0x80006526 (0xfee00393) li      t2, -18
core   0: 3 0x80006526 (0xfee00393) x 7 0xffffffee
core   0: 0x8000652a (0x0268abb3) mulhsu  s7, a7, t1
core   0: 3 0x8000652a (0x0268abb3) x23 0x00000000
core   0: 0x8000652e (0x017f4733) xor     a4, t5, s7
core   0: 3 0x8000652e (0x017f4733) x14 0x00000001
core   0: 0x80006532 (0x000016d9) c.addi  a3, -10
core   0: 3 0x80006532 (0x16d9) x13 0xfffffff7
core   0: 0x80006534 (0x00008cc9) c.or    s1, a0
core   0: 3 0x80006534 (0x8cc9) x 9 0x00000001
core   0: 0x80006536 (0xfe76dae3) bge     a3, t2, pc - 12
core   0: 3 0x80006536 (0xfe76dae3)
core   0: 0x8000652a (0x0268abb3) mulhsu  s7, a7, t1
core   0: 3 0x8000652a (0x0268abb3) x23 0x00000000
core   0: 0x8000652e (0x017f4733) xor     a4, t5, s7
core   0: 3 0x8000652e (0x017f4733) x14 0x00000001
core   0: 0x80006532 (0x000016d9) c.addi  a3, -10
core   0: 3 0x80006532 (0x16d9) x13 0xffffffed
core   0: 0x80006534 (0x00008cc9) c.or    s1, a0
core   0: 3 0x80006534 (0x8cc9) x 9 0x00000001
core   0: 0x80006536 (0xfe76dae3) bge     a3, t2, pc - 12
core   0: 3 0x80006536 (0xfe76dae3)
core   0: 0x8000653a (0x02bf64b3) rem     s1, t5, a1
core   0: 3 0x8000653a (0x02bf64b3) x 9 0x00000001
core   0: 0x8000653e (0x00fd1333) sll     t1, s10, a5
core   0: 3 0x8000653e (0x00fd1333) x 6 0x00000000
core   0: 0x80006542 (0xfcc099e3) bne     ra, a2, pc - 46
core   0: 3 0x80006542 (0xfcc099e3)
core   0: 0x80006514 (0x448e8a93) addi    s5, t4, 1096
core   0: 3 0x80006514 (0x448e8a93) x21 0x00000449
core   0: 0x80006518 (0x000010f9) c.addi  ra, -2
core   0: 3 0x80006518 (0x10f9) x 1 0xfffffffb
core   0: 0x8000651a (0x00100693) li      a3, 1
core   0: 3 0x8000651a (0x00100693) x13 0x00000001
core   0: 0x8000651e (0x000704b3) add     s1, a4, zero
core   0: 3 0x8000651e (0x000704b3) x 9 0x00000001
core   0: 0x80006522 (0xbd5f0217) auipc   tp, 0xbd5f0
core   0: 3 0x80006522 (0xbd5f0217) x 4 0x3d5f6522
core   0: 0x80006526 (0xfee00393) li      t2, -18
core   0: 3 0x80006526 (0xfee00393) x 7 0xffffffee
core   0: 0x8000652a (0x0268abb3) mulhsu  s7, a7, t1
core   0: 3 0x8000652a (0x0268abb3) x23 0x00000000
core   0: 0x8000652e (0x017f4733) xor     a4, t5, s7
core   0: 3 0x8000652e (0x017f4733) x14 0x00000001
core   0: 0x80006532 (0x000016d9) c.addi  a3, -10
core   0: 3 0x80006532 (0x16d9) x13 0xfffffff7
core   0: 0x80006534 (0x00008cc9) c.or    s1, a0
core   0: 3 0x80006534 (0x8cc9) x 9 0x00000001
core   0: 0x80006536 (0xfe76dae3) bge     a3, t2, pc - 12
core   0: 3 0x80006536 (0xfe76dae3)
core   0: 0x8000652a (0x0268abb3) mulhsu  s7, a7, t1
core   0: 3 0x8000652a (0x0268abb3) x23 0x00000000
core   0: 0x8000652e (0x017f4733) xor     a4, t5, s7
core   0: 3 0x8000652e (0x017f4733) x14 0x00000001
core   0: 0x80006532 (0x000016d9) c.addi  a3, -10
core   0: 3 0x80006532 (0x16d9) x13 0xffffffed
core   0: 0x80006534 (0x00008cc9) c.or    s1, a0
core   0: 3 0x80006534 (0x8cc9) x 9 0x00000001
core   0: 0x80006536 (0xfe76dae3) bge     a3, t2, pc - 12
core   0: 3 0x80006536 (0xfe76dae3)
core   0: 0x8000653a (0x02bf64b3) rem     s1, t5, a1
core   0: 3 0x8000653a (0x02bf64b3) x 9 0x00000001
core   0: 0x8000653e (0x00fd1333) sll     t1, s10, a5
core   0: 3 0x8000653e (0x00fd1333) x 6 0x00000000
core   0: 0x80006542 (0xfcc099e3) bne     ra, a2, pc - 46
core   0: 3 0x80006542 (0xfcc099e3)
core   0: 0x80006514 (0x448e8a93) addi    s5, t4, 1096
core   0: 3 0x80006514 (0x448e8a93) x21 0x00000449
core   0: 0x80006518 (0x000010f9) c.addi  ra, -2
core   0: 3 0x80006518 (0x10f9) x 1 0xfffffff9
core   0: 0x8000651a (0x00100693) li      a3, 1
core   0: 3 0x8000651a (0x00100693) x13 0x00000001
core   0: 0x8000651e (0x000704b3) add     s1, a4, zero
core   0: 3 0x8000651e (0x000704b3) x 9 0x00000001
core   0: 0x80006522 (0xbd5f0217) auipc   tp, 0xbd5f0
core   0: 3 0x80006522 (0xbd5f0217) x 4 0x3d5f6522
core   0: 0x80006526 (0xfee00393) li      t2, -18
core   0: 3 0x80006526 (0xfee00393) x 7 0xffffffee
core   0: 0x8000652a (0x0268abb3) mulhsu  s7, a7, t1
core   0: 3 0x8000652a (0x0268abb3) x23 0x00000000
core   0: 0x8000652e (0x017f4733) xor     a4, t5, s7
core   0: 3 0x8000652e (0x017f4733) x14 0x00000001
core   0: 0x80006532 (0x000016d9) c.addi  a3, -10
core   0: 3 0x80006532 (0x16d9) x13 0xfffffff7
core   0: 0x80006534 (0x00008cc9) c.or    s1, a0
core   0: 3 0x80006534 (0x8cc9) x 9 0x00000001
core   0: 0x80006536 (0xfe76dae3) bge     a3, t2, pc - 12
core   0: 3 0x80006536 (0xfe76dae3)
core   0: 0x8000652a (0x0268abb3) mulhsu  s7, a7, t1
core   0: 3 0x8000652a (0x0268abb3) x23 0x00000000
core   0: 0x8000652e (0x017f4733) xor     a4, t5, s7
core   0: 3 0x8000652e (0x017f4733) x14 0x00000001
core   0: 0x80006532 (0x000016d9) c.addi  a3, -10
core   0: 3 0x80006532 (0x16d9) x13 0xffffffed
core   0: 0x80006534 (0x00008cc9) c.or    s1, a0
core   0: 3 0x80006534 (0x8cc9) x 9 0x00000001
core   0: 0x80006536 (0xfe76dae3) bge     a3, t2, pc - 12
core   0: 3 0x80006536 (0xfe76dae3)
core   0: 0x8000653a (0x02bf64b3) rem     s1, t5, a1
core   0: 3 0x8000653a (0x02bf64b3) x 9 0x00000001
core   0: 0x8000653e (0x00fd1333) sll     t1, s10, a5
core   0: 3 0x8000653e (0x00fd1333) x 6 0x00000000
core   0: 0x80006542 (0xfcc099e3) bne     ra, a2, pc - 46
core   0: 3 0x80006542 (0xfcc099e3)
core   0: 0x80006514 (0x448e8a93) addi    s5, t4, 1096
core   0: 3 0x80006514 (0x448e8a93) x21 0x00000449
core   0: 0x80006518 (0x000010f9) c.addi  ra, -2
core   0: 3 0x80006518 (0x10f9) x 1 0xfffffff7
core   0: 0x8000651a (0x00100693) li      a3, 1
core   0: 3 0x8000651a (0x00100693) x13 0x00000001
core   0: 0x8000651e (0x000704b3) add     s1, a4, zero
core   0: 3 0x8000651e (0x000704b3) x 9 0x00000001
core   0: 0x80006522 (0xbd5f0217) auipc   tp, 0xbd5f0
core   0: 3 0x80006522 (0xbd5f0217) x 4 0x3d5f6522
core   0: 0x80006526 (0xfee00393) li      t2, -18
core   0: 3 0x80006526 (0xfee00393) x 7 0xffffffee
core   0: 0x8000652a (0x0268abb3) mulhsu  s7, a7, t1
core   0: 3 0x8000652a (0x0268abb3) x23 0x00000000
core   0: 0x8000652e (0x017f4733) xor     a4, t5, s7
core   0: 3 0x8000652e (0x017f4733) x14 0x00000001
core   0: 0x80006532 (0x000016d9) c.addi  a3, -10
core   0: 3 0x80006532 (0x16d9) x13 0xfffffff7
core   0: 0x80006534 (0x00008cc9) c.or    s1, a0
core   0: 3 0x80006534 (0x8cc9) x 9 0x00000001
core   0: 0x80006536 (0xfe76dae3) bge     a3, t2, pc - 12
core   0: 3 0x80006536 (0xfe76dae3)
core   0: 0x8000652a (0x0268abb3) mulhsu  s7, a7, t1
core   0: 3 0x8000652a (0x0268abb3) x23 0x00000000
core   0: 0x8000652e (0x017f4733) xor     a4, t5, s7
core   0: 3 0x8000652e (0x017f4733) x14 0x00000001
core   0: 0x80006532 (0x000016d9) c.addi  a3, -10
core   0: 3 0x80006532 (0x16d9) x13 0xffffffed
core   0: 0x80006534 (0x00008cc9) c.or    s1, a0
core   0: 3 0x80006534 (0x8cc9) x 9 0x00000001
core   0: 0x80006536 (0xfe76dae3) bge     a3, t2, pc - 12
core   0: 3 0x80006536 (0xfe76dae3)
core   0: 0x8000653a (0x02bf64b3) rem     s1, t5, a1
core   0: 3 0x8000653a (0x02bf64b3) x 9 0x00000001
core   0: 0x8000653e (0x00fd1333) sll     t1, s10, a5
core   0: 3 0x8000653e (0x00fd1333) x 6 0x00000000
core   0: 0x80006542 (0xfcc099e3) bne     ra, a2, pc - 46
core   0: 3 0x80006542 (0xfcc099e3)
core   0: 0x80006514 (0x448e8a93) addi    s5, t4, 1096
core   0: 3 0x80006514 (0x448e8a93) x21 0x00000449
core   0: 0x80006518 (0x000010f9) c.addi  ra, -2
core   0: 3 0x80006518 (0x10f9) x 1 0xfffffff5
core   0: 0x8000651a (0x00100693) li      a3, 1
core   0: 3 0x8000651a (0x00100693) x13 0x00000001
core   0: 0x8000651e (0x000704b3) add     s1, a4, zero
core   0: 3 0x8000651e (0x000704b3) x 9 0x00000001
core   0: 0x80006522 (0xbd5f0217) auipc   tp, 0xbd5f0
core   0: 3 0x80006522 (0xbd5f0217) x 4 0x3d5f6522
core   0: 0x80006526 (0xfee00393) li      t2, -18
core   0: 3 0x80006526 (0xfee00393) x 7 0xffffffee
core   0: 0x8000652a (0x0268abb3) mulhsu  s7, a7, t1
core   0: 3 0x8000652a (0x0268abb3) x23 0x00000000
core   0: 0x8000652e (0x017f4733) xor     a4, t5, s7
core   0: 3 0x8000652e (0x017f4733) x14 0x00000001
core   0: 0x80006532 (0x000016d9) c.addi  a3, -10
core   0: 3 0x80006532 (0x16d9) x13 0xfffffff7
core   0: 0x80006534 (0x00008cc9) c.or    s1, a0
core   0: 3 0x80006534 (0x8cc9) x 9 0x00000001
core   0: 0x80006536 (0xfe76dae3) bge     a3, t2, pc - 12
core   0: 3 0x80006536 (0xfe76dae3)
core   0: 0x8000652a (0x0268abb3) mulhsu  s7, a7, t1
core   0: 3 0x8000652a (0x0268abb3) x23 0x00000000
core   0: 0x8000652e (0x017f4733) xor     a4, t5, s7
core   0: 3 0x8000652e (0x017f4733) x14 0x00000001
core   0: 0x80006532 (0x000016d9) c.addi  a3, -10
core   0: 3 0x80006532 (0x16d9) x13 0xffffffed
core   0: 0x80006534 (0x00008cc9) c.or    s1, a0
core   0: 3 0x80006534 (0x8cc9) x 9 0x00000001
core   0: 0x80006536 (0xfe76dae3) bge     a3, t2, pc - 12
core   0: 3 0x80006536 (0xfe76dae3)
core   0: 0x8000653a (0x02bf64b3) rem     s1, t5, a1
core   0: 3 0x8000653a (0x02bf64b3) x 9 0x00000001
core   0: 0x8000653e (0x00fd1333) sll     t1, s10, a5
core   0: 3 0x8000653e (0x00fd1333) x 6 0x00000000
core   0: 0x80006542 (0xfcc099e3) bne     ra, a2, pc - 46
core   0: 3 0x80006542 (0xfcc099e3)
core   0: 0x80006514 (0x448e8a93) addi    s5, t4, 1096
core   0: 3 0x80006514 (0x448e8a93) x21 0x00000449
core   0: 0x80006518 (0x000010f9) c.addi  ra, -2
core   0: 3 0x80006518 (0x10f9) x 1 0xfffffff3
core   0: 0x8000651a (0x00100693) li      a3, 1
core   0: 3 0x8000651a (0x00100693) x13 0x00000001
core   0: 0x8000651e (0x000704b3) add     s1, a4, zero
core   0: 3 0x8000651e (0x000704b3) x 9 0x00000001
core   0: 0x80006522 (0xbd5f0217) auipc   tp, 0xbd5f0
core   0: 3 0x80006522 (0xbd5f0217) x 4 0x3d5f6522
core   0: 0x80006526 (0xfee00393) li      t2, -18
core   0: 3 0x80006526 (0xfee00393) x 7 0xffffffee
core   0: 0x8000652a (0x0268abb3) mulhsu  s7, a7, t1
core   0: 3 0x8000652a (0x0268abb3) x23 0x00000000
core   0: 0x8000652e (0x017f4733) xor     a4, t5, s7
core   0: 3 0x8000652e (0x017f4733) x14 0x00000001
core   0: 0x80006532 (0x000016d9) c.addi  a3, -10
core   0: 3 0x80006532 (0x16d9) x13 0xfffffff7
core   0: 0x80006534 (0x00008cc9) c.or    s1, a0
core   0: 3 0x80006534 (0x8cc9) x 9 0x00000001
core   0: 0x80006536 (0xfe76dae3) bge     a3, t2, pc - 12
core   0: 3 0x80006536 (0xfe76dae3)
core   0: 0x8000652a (0x0268abb3) mulhsu  s7, a7, t1
core   0: 3 0x8000652a (0x0268abb3) x23 0x00000000
core   0: 0x8000652e (0x017f4733) xor     a4, t5, s7
core   0: 3 0x8000652e (0x017f4733) x14 0x00000001
core   0: 0x80006532 (0x000016d9) c.addi  a3, -10
core   0: 3 0x80006532 (0x16d9) x13 0xffffffed
core   0: 0x80006534 (0x00008cc9) c.or    s1, a0
core   0: 3 0x80006534 (0x8cc9) x 9 0x00000001
core   0: 0x80006536 (0xfe76dae3) bge     a3, t2, pc - 12
core   0: 3 0x80006536 (0xfe76dae3)
core   0: 0x8000653a (0x02bf64b3) rem     s1, t5, a1
core   0: 3 0x8000653a (0x02bf64b3) x 9 0x00000001
core   0: 0x8000653e (0x00fd1333) sll     t1, s10, a5
core   0: 3 0x8000653e (0x00fd1333) x 6 0x00000000
core   0: 0x80006542 (0xfcc099e3) bne     ra, a2, pc - 46
core   0: 3 0x80006542 (0xfcc099e3)
core   0: 0x80006546 (0x000080ad) c.srli  s1, 11
core   0: 3 0x80006546 (0x80ad) x 9 0x00000000
core   0: 0x80006548 (0x0190cc63) blt     ra, s9, pc + 24
core   0: 3 0x80006548 (0x0190cc63)
core   0: 0x80006560 (0xf7fc4e93) xori    t4, s8, -129
core   0: 3 0x80006560 (0xf7fc4e93) x29 0xffffff7f
core   0: 0x80006564 (0x401cd033) sra     zero, s9, ra
core   0: 3 0x80006564 (0x401cd033)
core   0: 0x80006568 (0x00008fd9) c.or    a5, a4
core   0: 3 0x80006568 (0x8fd9) x15 0x000002f5
core   0: 0x8000656a (0x0109dc33) srl     s8, s3, a6
core   0: 3 0x8000656a (0x0109dc33) x24 0x00000000
core   0: 0x8000656e (0x0000611d) c.addi16sp sp, 416
core   0: 3 0x8000656e (0x611d) x 2 0x000001af
core   0: 0x80006570 (0x0000ed11) c.bnez  a0, pc + 28
core   0: 3 0x80006570 (0xed11)
core   0: 0x80006572 (0x052e8263) beq     t4, s2, pc + 68
core   0: 3 0x80006572 (0x052e8263)
core   0: 0x80006576 (0x0000c985) c.beqz  a1, pc + 48
core   0: 3 0x80006576 (0xc985)
core   0: 0x80006578 (0x0000100f) fence.i
core   0: 3 0x80006578 (0x0000100f)
core   0: 0x8000657c (0xd4b17d13) andi    s10, sp, -693
core   0: 3 0x8000657c (0xd4b17d13) x26 0x0000010b
core   0: 0x80006580 (0x0000127d) c.addi  tp, -1
core   0: 3 0x80006580 (0x127d) x 4 0x3d5f6521
core   0: 0x80006582 (0x57ac4613) xori    a2, s8, 1402
core   0: 3 0x80006582 (0x57ac4613) x12 0x0000057a
core   0: 0x80006586 (0x08794a13) xori    s4, s2, 135
core   0: 3 0x80006586 (0x08794a13) x20 0x80026c63
core   0: 0x8000658a (0x0000717d) c.addi16sp sp, -16
core   0: 3 0x8000658a (0x717d) x 2 0x0000019f
core   0: 0x8000658c (0x00006141) c.addi16sp sp, 16
core   0: 3 0x8000658c (0x6141) x 2 0x000001af
core   0: 0x8000658e (0x00645f63) bge     s0, t1, pc + 30
core   0: 3 0x8000658e (0x00645f63)
core   0: 0x800065ac (0x00ffa133) slt     sp, t6, a5
core   0: 3 0x800065ac (0x00ffa133) x 2 0x00000001
core   0: 0x800065b0 (0x00008f09) c.sub   a4, a0
core   0: 3 0x800065b0 (0x8f09) x14 0x00000001
core   0: 0x800065b2 (0x16d7c113) xori    sp, a5, 365
core   0: 3 0x800065b2 (0x16d7c113) x 2 0x00000398
core   0: 0x800065b6 (0x01a38b63) beq     t2, s10, pc + 22
core   0: 3 0x800065b6 (0x01a38b63)
core   0: 0x800065ba (0x02829463) bne     t0, s0, pc + 40
core   0: 3 0x800065ba (0x02829463)
core   0: 0x800065e2 (0x03a458b3) divu    a7, s0, s10
core   0: 3 0x800065e2 (0x03a458b3) x17 0x00000000
core   0: 0x800065e6 (0x00b50d33) add     s10, a0, a1
core   0: 3 0x800065e6 (0x00b50d33) x26 0x0000003f
core   0: 0x800065ea (0x02097233) remu    tp, s2, zero
core   0: 3 0x800065ea (0x02097233) x 4 0x80026ce4
core   0: 0x800065ee (0x00009afd) c.andi  a3, -1
core   0: 3 0x800065ee (0x9afd) x13 0xffffffed
core   0: 0x800065f0 (0x0ce3a513) slti    a0, t2, 206
core   0: 3 0x800065f0 (0x0ce3a513) x10 0x00000001
core   0: 0x800065f4 (0x255b0597) auipc   a1, 0x255b0
core   0: 3 0x800065f4 (0x255b0597) x11 0xa55b65f4
core   0: 0x800065f8 (0x03717ab3) remu    s5, sp, s7
core   0: 3 0x800065f8 (0x03717ab3) x21 0x00000398
core   0: 0x800065fc (0x00008d9d) c.sub   a1, a5
core   0: 3 0x800065fc (0x8d9d) x11 0xa55b62ff
core   0: 0x800065fe (0x4c8abf13) sltiu   t5, s5, 1224
core   0: 3 0x800065fe (0x4c8abf13) x30 0x00000001
core   0: 0x80006602 (0x00008bfd) c.andi  a5, 31
core   0: 3 0x80006602 (0x8bfd) x15 0x00000015
core   0: 0x80006604 (0x41915693) srai    a3, sp, 25
core   0: 3 0x80006604 (0x41915693) x13 0x00000000
core   0: 0x80006608 (0x00008cf5) c.and   s1, a3
core   0: 3 0x80006608 (0x8cf5) x 9 0x00000000
core   0: 0x8000660a (0x000062d5) c.lui   t0, 0x15
core   0: 3 0x8000660a (0x62d5) x 5 0x00015000
core   0: 0x8000660c (0xff600513) li      a0, -10
core   0: 3 0x8000660c (0xff600513) x10 0xfffffff6
core   0: 0x80006610 (0xe2f1cc17) auipc   s8, 0xe2f1c
core   0: 3 0x80006610 (0xe2f1cc17) x24 0x62f22610
core   0: 0x80006614 (0x00000001) c.nop
core   0: 3 0x80006614 (0x0001)
core   0: 0x80006616 (0x00000245) c.addi  tp, 17
core   0: 3 0x80006616 (0x0245) x 4 0x80026cf5
core   0: 0x80006618 (0x00262d33) slt     s10, a2, sp
core   0: 3 0x80006618 (0x00262d33) x26 0x00000000
core   0: 0x8000661c (0x02bc83b3) mul     t2, s9, a1
core   0: 3 0x8000661c (0x02bc83b3) x 7 0x00000000
core   0: 0x80006620 (0x02f8dcb3) divu    s9, a7, a5
core   0: 3 0x80006620 (0x02f8dcb3) x25 0x00000000
core   0: 0x80006624 (0x2f18bc13) sltiu   s8, a7, 753
core   0: 3 0x80006624 (0x2f18bc13) x24 0x00000001
core   0: 0x80006628 (0x03e35cb3) divu    s9, t1, t5
core   0: 3 0x80006628 (0x03e35cb3) x25 0x00000000
core   0: 0x8000662c (0x00006265) c.lui   tp, 0x19
core   0: 3 0x8000662c (0x6265) x 4 0x00019000
core   0: 0x8000662e (0x40ca59b3) sra     s3, s4, a2
core   0: 3 0x8000662e (0x40ca59b3) x19 0xffffffe0
core   0: 0x80006632 (0x00000505) c.addi  a0, 1
core   0: 3 0x80006632 (0x0505) x10 0xfffffff7
core   0: 0x80006634 (0x2b04c593) xori    a1, s1, 688
core   0: 3 0x80006634 (0x2b04c593) x11 0x000002b0
core   0: 0x80006638 (0x00000001) c.nop
core   0: 3 0x80006638 (0x0001)
core   0: 0x8000663a (0x00004205) c.li    tp, 1
core   0: 3 0x8000663a (0x4205) x 4 0x00000001
core   0: 0x8000663c (0x00004169) c.li    sp, 26
core   0: 3 0x8000663c (0x4169) x 2 0x0000001a
core   0: 0x8000663e (0x00008ed5) c.or    a3, a3
core   0: 3 0x8000663e (0x8ed5) x13 0x00000000
core   0: 0x80006640 (0x4029d4b3) sra     s1, s3, sp
core   0: 3 0x80006640 (0x4029d4b3) x 9 0xffffffff
core   0: 0x80006644 (0xff900893) li      a7, -7
core   0: 3 0x80006644 (0xff900893) x17 0xfffffff9
core   0: 0x80006648 (0xff300793) li      a5, -13
core   0: 3 0x80006648 (0xff300793) x15 0xfffffff3
core   0: 0x8000664c (0xd5357c13) andi    s8, a0, -685
core   0: 3 0x8000664c (0xd5357c13) x24 0xfffffd53
core   0: 0x80006650 (0x01d560b3) or      ra, a0, t4
core   0: 3 0x80006650 (0x01d560b3) x 1 0xffffffff
core   0: 0x80006654 (0x000018dd) c.addi  a7, -9
core   0: 3 0x80006654 (0x18dd) x17 0xfffffff0
core   0: 0x80006656 (0x01204eb3) xor     t4, zero, s2
core   0: 3 0x80006656 (0x01204eb3) x29 0x80026ce4
core   0: 0x8000665a (0xfef8dbe3) bge     a7, a5, pc - 10
core   0: 3 0x8000665a (0xfef8dbe3)
core   0: 0x8000665e (0x0000848d) c.srai  s1, 3
core   0: 3 0x8000665e (0x848d) x 9 0xffffffff
core   0: 0x80006660 (0x00008db5) c.xor   a1, a3
core   0: 3 0x80006660 (0x8db5) x11 0x000002b0
core   0: 0x80006662 (0x7dabe093) ori     ra, s7, 2010
core   0: 3 0x80006662 (0x7dabe093) x 1 0x000007da
core   0: 0x80006666 (0x0000d95d) c.beqz  a0, pc - 74
core   0: 3 0x80006666 (0xd95d)
core   0: 0x80006668 (0x2d0de493) ori     s1, s11, 720
core   0: 3 0x80006668 (0x2d0de493) x 9 0x80022ef4
core   0: 0x8000666c (0x00000001) c.nop
core   0: 3 0x8000666c (0x0001)
core   0: 0x8000666e (0x00434233) xor     tp, t1, tp
core   0: 3 0x8000666e (0x00434233) x 4 0x00000001
core   0: 0x80006672 (0x00008fa1) c.xor   a5, s0
core   0: 3 0x80006672 (0x8fa1) x15 0xfffffff3
core   0: 0x80006674 (0x00001a7d) c.addi  s4, -1
core   0: 3 0x80006674 (0x1a7d) x20 0x80026c62
core   0: 0x80006676 (0x02abac33) mulhsu  s8, s7, a0
core   0: 3 0x80006676 (0x02abac33) x24 0x00000000
core   0: 0x8000667a (0xa72af393) andi    t2, s5, -1422
core   0: 3 0x8000667a (0xa72af393) x 7 0x00000210
core   0: 0x8000667e (0x01cd37b3) sltu    a5, s10, t3
core   0: 3 0x8000667e (0x01cd37b3) x15 0x00000001
core   0: 0x80006682 (0x00ee1d33) sll     s10, t3, a4
core   0: 3 0x80006682 (0x00ee1d33) x26 0x0000063e
core   0: 0x80006686 (0x00006f75) c.lui   t5, 0x1d
core   0: 3 0x80006686 (0x6f75) x30 0x0001d000
core   0: 0x80006688 (0x00009afd) c.andi  a3, -1
core   0: 3 0x80006688 (0x9afd) x13 0x00000000
core   0: 0x8000668a (0x00000001) c.nop
core   0: 3 0x8000668a (0x0001)
core   0: 0x8000668c (0x030350b3) divu    ra, t1, a6
core   0: 3 0x8000668c (0x030350b3) x 1 0x00000000
core   0: 0x80006690 (0x000000c6) c.slli  ra, 17
core   0: 3 0x80006690 (0x00c6) x 1 0x00000000
core   0: 0x80006692 (0x01cf38b3) sltu    a7, t5, t3
core   0: 3 0x80006692 (0x01cf38b3) x17 0x00000000
core   0: 0x80006696 (0x00008dfd) c.and   a1, a5
core   0: 3 0x80006696 (0x8dfd) x11 0x00000000
core   0: 0x80006698 (0x00000001) c.nop
core   0: 3 0x80006698 (0x0001)
core   0: 0x8000669a (0x000080a5) c.srli  s1, 9
core   0: 3 0x8000669a (0x80a5) x 9 0x00400117
core   0: 0x8000669c (0x2b4fe893) ori     a7, t6, 692
core   0: 3 0x8000669c (0x2b4fe893) x17 0xfffffff4
core   0: 0x800066a0 (0x037ce2b3) rem     t0, s9, s7
core   0: 3 0x800066a0 (0x037ce2b3) x 5 0x00000000
core   0: 0x800066a4 (0x0000c511) c.beqz  a0, pc + 12
core   0: 3 0x800066a4 (0xc511)
core   0: 0x800066a6 (0x00643133) sltu    sp, s0, t1
core   0: 3 0x800066a6 (0x00643133) x 2 0x00000000
core   0: 0x800066aa (0x0000717d) c.addi16sp sp, -16
core   0: 3 0x800066aa (0x717d) x 2 0xfffffff0
core   0: 0x800066ac (0x03967f63) bgeu    a2, s9, pc + 62
core   0: 3 0x800066ac (0x03967f63)
core   0: 0x800066ea (0x01289e63) bne     a7, s2, pc + 28
core   0: 3 0x800066ea (0x01289e63)
core   0: 0x80006706 (0x0092cfb3) xor     t6, t0, s1
core   0: 3 0x80006706 (0x0092cfb3) x31 0x00400117
core   0: 0x8000670a (0x0000909e) c.add   ra, t2
core   0: 3 0x8000670a (0x909e) x 1 0x00000210
core   0: 0x8000670c (0x01d84f63) blt     a6, t4, pc + 30
core   0: 3 0x8000670c (0x01d84f63)
core   0: 0x80006710 (0x0398a4b3) mulhsu  s1, a7, s9
core   0: 3 0x80006710 (0x0398a4b3) x 9 0x00000000
core   0: 0x80006714 (0x00141f63) bne     s0, ra, pc + 30
core   0: 3 0x80006714 (0x00141f63)
core   0: 0x80006732 (0x00008e41) c.or    a2, s0
core   0: 3 0x80006732 (0x8e41) x12 0x0000057a
core   0: 0x80006734 (0x00006999) c.lui   s3, 0x6
core   0: 3 0x80006734 (0x6999) x19 0x00006000
core   0: 0x80006736 (0x40b7d5b3) sra     a1, a5, a1
core   0: 3 0x80006736 (0x40b7d5b3) x11 0x00000001
core   0: 0x8000673a (0x008bc4b3) xor     s1, s7, s0
core   0: 3 0x8000673a (0x008bc4b3) x 9 0x00000000
core   0: 0x8000673e (0x00008522) c.mv    a0, s0
core   0: 3 0x8000673e (0x8522) x10 0x00000000
core   0: 0x80006740 (0x020a9233) mulh    tp, s5, zero
core   0: 3 0x80006740 (0x020a9233) x 4 0x00000000
core   0: 0x80006744 (0xb22f6593) ori     a1, t5, -1246
core   0: 3 0x80006744 (0xb22f6593) x11 0xfffffb22
core   0: 0x80006748 (0x00000001) c.nop
core   0: 3 0x80006748 (0x0001)
core   0: 0x8000674a (0x00008b11) c.andi  a4, 4
core   0: 3 0x8000674a (0x8b11) x14 0x00000000
core   0: 0x8000674c (0xaf906c37) lui     s8, 0xaf906
core   0: 3 0x8000674c (0xaf906c37) x24 0xaf906000
core   0: 0x80006750 (0x00000232) c.slli  tp, 12
core   0: 3 0x80006750 (0x0232) x 4 0x00000000
core   0: 0x80006752 (0x077d6063) bltu    s10, s7, pc + 96
core   0: 3 0x80006752 (0x077d6063)
core   0: 0x80006756 (0xfeda8a13) addi    s4, s5, -19
core   0: 3 0x80006756 (0xfeda8a13) x20 0x00000385
core   0: 0x8000675a (0x00008e19) c.sub   a2, a4
core   0: 3 0x8000675a (0x8e19) x12 0x0000057a
core   0: 0x8000675c (0x00009c7e) c.add   s8, t6
core   0: 3 0x8000675c (0x9c7e) x24 0xafd06117
core   0: 0x8000675e (0x04bec363) blt     t4, a1, pc + 70
core   0: 3 0x8000675e (0x04bec363)
core   0: 0x800067a4 (0x0000ea09) c.bnez  a2, pc + 18
core   0: 3 0x800067a4 (0xea09)
core   0: 0x800067b6 (0x018a9733) sll     a4, s5, s8
core   0: 3 0x800067b6 (0x018a9733) x14 0xcc000000
core   0: 0x800067ba (0x00000001) c.nop
core   0: 3 0x800067ba (0x0001)
core   0: 0x800067bc (0x01486fb3) or      t6, a6, s4
core   0: 3 0x800067bc (0x01486fb3) x31 0xfffffbcf
core   0: 0x800067c0 (0x0000c38d) c.beqz  a5, pc + 34
core   0: 3 0x800067c0 (0xc38d)
core   0: 0x800067c2 (0x01f2e1b3) or      gp, t0, t6
core   0: 3 0x800067c2 (0x01f2e1b3) x 3 0xfffffbcf
core   0: 0x800067c6 (0x000082b9) c.srli  a3, 14
core   0: 3 0x800067c6 (0x82b9) x13 0x00000000
core   0: 0x800067c8 (0x0351f063) bgeu    gp, s5, pc + 32
core   0: 3 0x800067c8 (0x0351f063)
core   0: 0x800067e8 (0x40a703b3) sub     t2, a4, a0
core   0: 3 0x800067e8 (0x40a703b3) x 7 0xcc000000
core   0: 0x800067ec (0x4a4ffb93) andi    s7, t6, 1188
core   0: 3 0x800067ec (0x4a4ffb93) x23 0x00000084
core   0: 0x800067f0 (0x0000717d) c.addi16sp sp, -16
core   0: 3 0x800067f0 (0x717d) x 2 0xffffffe0
core   0: 0x800067f2 (0x6bdb7093) andi    ra, s6, 1725
core   0: 3 0x800067f2 (0x6bdb7093) x 1 0x00000000
core   0: 0x800067f6 (0x415a5ab3) sra     s5, s4, s5
core   0: 3 0x800067f6 (0x415a5ab3) x21 0x00000000
core   0: 0x800067fa (0x0000ee01) c.bnez  a2, pc + 24
core   0: 3 0x800067fa (0xee01)
core   0: 0x80006812 (0x000084b5) c.srai  s1, 13
core   0: 3 0x80006812 (0x84b5) x 9 0x00000000
core   0: 0x80006814 (0x006a4333) xor     t1, s4, t1
core   0: 3 0x80006814 (0x006a4333) x 6 0x00000385
core   0: 0x80006818 (0x91053013) sltiu   zero, a0, -1776
core   0: 3 0x80006818 (0x91053013)
core   0: 0x8000681c (0x3acdc893) xori    a7, s11, 940
core   0: 3 0x8000681c (0x3acdc893) x17 0x80022dc8
core   0: 0x80006820 (0x33ffe717) auipc   a4, 0x33ffe
core   0: 3 0x80006820 (0x33ffe717) x14 0xb4004820
core   0: 0x80006824 (0x013e5833) srl     a6, t3, s3
core   0: 3 0x80006824 (0x013e5833) x16 0x0000031f
core   0: 0x80006828 (0x8ee33493) sltiu   s1, t1, -1810
core   0: 3 0x80006828 (0x8ee33493) x 9 0x00000001
core   0: 0x8000682c (0x00009a7d) c.andi  a2, -1
core   0: 3 0x8000682c (0x9a7d) x12 0x0000057a
core   0: 0x8000682e (0x00000001) c.nop
core   0: 3 0x8000682e (0x0001)
core   0: 0x80006830 (0x038993b3) mulh    t2, s3, s8
core   0: 3 0x80006830 (0x038993b3) x 7 0xffffe1ee
core   0: 0x80006834 (0x03e5ee33) rem     t3, a1, t5
core   0: 3 0x80006834 (0x03e5ee33) x28 0xfffffb22
core   0: 0x80006838 (0x5b782a93) slti    s5, a6, 1463
core   0: 3 0x80006838 (0x5b782a93) x21 0x00000001
core   0: 0x8000683c (0x00000686) c.slli  a3, 1
core   0: 3 0x8000683c (0x0686) x13 0x00000000
core   0: 0x8000683e (0x00008c8d) c.sub   s1, a1
core   0: 3 0x8000683e (0x8c8d) x 9 0x000004df
core   0: 0x80006840 (0x00000001) c.nop
core   0: 3 0x80006840 (0x0001)
core   0: 0x80006842 (0x009d0533) add     a0, s10, s1
core   0: 3 0x80006842 (0x009d0533) x10 0x00000b1d
core   0: 0x80006846 (0xe30f3493) sltiu   s1, t5, -464
core   0: 3 0x80006846 (0xe30f3493) x 9 0x00000001
core   0: 0x8000684a (0x00e8cab3) xor     s5, a7, a4
core   0: 3 0x8000684a (0x00e8cab3) x21 0x340265e8
core   0: 0x8000684e (0x00fb7a63) bgeu    s6, a5, pc + 20
core   0: 3 0x8000684e (0x00fb7a63)
core   0: 0x80006852 (0x000097ae) c.add   a5, a1
core   0: 3 0x80006852 (0x97ae) x15 0xfffffb23
core   0: 0x80006854 (0x00dc9c33) sll     s8, s9, a3
core   0: 3 0x80006854 (0x00dc9c33) x24 0x00000000
core   0: 0x80006858 (0x03a87763) bgeu    a6, s10, pc + 46
core   0: 3 0x80006858 (0x03a87763)
core   0: 0x8000685c (0x009bdb93) srli    s7, s7, 9
core   0: 3 0x8000685c (0x009bdb93) x23 0x00000000
core   0: 0x80006860 (0x0000c709) c.beqz  a4, pc + 10
core   0: 3 0x80006860 (0xc709)
core   0: 0x80006862 (0x4097de93) srai    t4, a5, 9
core   0: 3 0x80006862 (0x4097de93) x29 0xfffffffd
core   0: 0x80006866 (0x00009c42) c.add   s8, a6
core   0: 3 0x80006866 (0x9c42) x24 0x0000031f
core   0: 0x80006868 (0x0000cb21) c.beqz  a4, pc + 80
core   0: 3 0x80006868 (0xcb21)
core   0: 0x8000686a (0x02c34033) div     zero, t1, a2
core   0: 3 0x8000686a (0x02c34033)
core   0: 0x8000686e (0x406a8533) sub     a0, s5, t1
core   0: 3 0x8000686e (0x406a8533) x10 0x34026263
core   0: 0x80006872 (0xd64ab813) sltiu   a6, s5, -668
core   0: 3 0x80006872 (0xd64ab813) x16 0x00000001
core   0: 0x80006876 (0x0b28a213) slti    tp, a7, 178
core   0: 3 0x80006876 (0x0b28a213) x 4 0x00000001
core   0: 0x8000687a (0x0355e0b3) rem     ra, a1, s5
core   0: 3 0x8000687a (0x0355e0b3) x 1 0xfffffb22
core   0: 0x8000687e (0x03628fb3) mul     t6, t0, s6
core   0: 3 0x8000687e (0x03628fb3) x31 0x00000000
core   0: 0x80006882 (0x05f86463) bltu    a6, t6, pc + 72
core   0: 3 0x80006882 (0x05f86463)
core   0: 0x80006886 (0x00006539) c.lui   a0, 0xe
core   0: 3 0x80006886 (0x6539) x10 0x0000e000
core   0: 0x80006888 (0x0000ee05) c.bnez  a2, pc + 56
core   0: 3 0x80006888 (0xee05)
core   0: 0x800068c0 (0xeafbce93) xori    t4, s7, -337
core   0: 3 0x800068c0 (0xeafbce93) x29 0xfffffeaf
core   0: 0x800068c4 (0x00006e59) c.lui   t3, 0x16
core   0: 3 0x800068c4 (0x6e59) x28 0x00016000
core   0: 0x800068c6 (0x807ead13) slti    s10, t4, -2041
core   0: 3 0x800068c6 (0x807ead13) x26 0x00000000
core   0: 0x800068ca (0x00005efd) c.li    t4, -1
core   0: 3 0x800068ca (0x5efd) x29 0xffffffff
core   0: 0x800068cc (0x00000eda) c.slli  t4, 22
core   0: 3 0x800068cc (0x0eda) x29 0xffc00000
core   0: 0x800068ce (0x01c5c733) xor     a4, a1, t3
core   0: 3 0x800068ce (0x01c5c733) x14 0xfffe9b22
core   0: 0x800068d2 (0x00008ace) c.mv    s5, s3
core   0: 3 0x800068d2 (0x8ace) x21 0x00006000
core   0: 0x800068d4 (0x000063a9) c.lui   t2, 0xa
core   0: 3 0x800068d4 (0x63a9) x 7 0x0000a000
core   0: 0x800068d6 (0x6d812993) slti    s3, sp, 1752
core   0: 3 0x800068d6 (0x6d812993) x19 0x00000001
core   0: 0x800068da (0x01b31093) slli    ra, t1, 27
core   0: 3 0x800068da (0x01b31093) x 1 0x28000000
core   0: 0x800068de (0x00000001) c.nop
core   0: 3 0x800068de (0x0001)
core   0: 0x800068e0 (0x00729a93) slli    s5, t0, 7
core   0: 3 0x800068e0 (0x00729a93) x21 0x00000000
core   0: 0x800068e4 (0x0000100f) fence.i
core   0: 3 0x800068e4 (0x0000100f)
core   0: 0x800068e8 (0x000003c9) c.addi  t2, 18
core   0: 3 0x800068e8 (0x03c9) x 7 0x0000a012
core   0: 0x800068ea (0x0000100f) fence.i
core   0: 3 0x800068ea (0x0000100f)
core   0: 0x800068ee (0x0000cdbd) c.beqz  a1, pc + 126
core   0: 3 0x800068ee (0xcdbd)
core   0: 0x800068f0 (0x78808c93) addi    s9, ra, 1928
core   0: 3 0x800068f0 (0x78808c93) x25 0x28000788
core   0: 0x800068f4 (0x0304bbb3) mulhu   s7, s1, a6
core   0: 3 0x800068f4 (0x0304bbb3) x23 0x00000000
core   0: 0x800068f8 (0x0319e633) rem     a2, s3, a7
core   0: 3 0x800068f8 (0x0319e633) x12 0x00000001
core   0: 0x800068fc (0x24ae5ab7) lui     s5, 0x24ae5
core   0: 3 0x800068fc (0x24ae5ab7) x21 0x24ae5000
core   0: 0x80006900 (0x01322033) slt     zero, tp, s3
core   0: 3 0x80006900 (0x01322033)
core   0: 0x80006904 (0x08ac9063) bne     s9, a0, pc + 128
core   0: 3 0x80006904 (0x08ac9063)
core   0: 0x80006984 (0x00a17663) bgeu    sp, a0, pc + 12
core   0: 3 0x80006984 (0x00a17663)
core   0: 0x80006990 (0x00008235) c.srli  a2, 13
core   0: 3 0x80006990 (0x8235) x12 0x00000000
core   0: 0x80006992 (0x41dddc13) srai    s8, s11, 29
core   0: 3 0x80006992 (0x41dddc13) x24 0xfffffffc
core   0: 0x80006996 (0x0000717d) c.addi16sp sp, -16
core   0: 3 0x80006996 (0x717d) x 2 0xffffffd0
core   0: 0x80006998 (0x00c7a2b3) slt     t0, a5, a2
core   0: 3 0x80006998 (0x00c7a2b3) x 5 0x00000001
core   0: 0x8000699c (0x019cee33) or      t3, s9, s9
core   0: 3 0x8000699c (0x019cee33) x28 0x28000788
core   0: 0x800069a0 (0x00c21a33) sll     s4, tp, a2
core   0: 3 0x800069a0 (0x00c21a33) x20 0x00000001
core   0: 0x800069a4 (0x013842b3) xor     t0, a6, s3
core   0: 3 0x800069a4 (0x013842b3) x 5 0x00000000
core   0: 0x800069a8 (0x0221ba33) mulhu   s4, gp, sp
core   0: 3 0x800069a8 (0x0221ba33) x20 0xfffffb9f
core   0: 0x800069ac (0x00008dc1) c.or    a1, s0
core   0: 3 0x800069ac (0x8dc1) x11 0xfffffb22
core   0: 0x800069ae (0x00008bbe) c.mv    s7, a5
core   0: 3 0x800069ae (0x8bbe) x23 0xfffffb23
core   0: 0x800069b0 (0x0000100f) fence.i
core   0: 3 0x800069b0 (0x0000100f)
core   0: 0x800069b4 (0x00000510) c.addi4spn a2, sp, 640
core   0: 3 0x800069b4 (0x0510) x12 0x00000250
core   0: 0x800069b6 (0x8789e813) ori     a6, s3, -1928
core   0: 3 0x800069b6 (0x8789e813) x16 0xfffff879
core   0: 0x800069ba (0x0044ce63) blt     s1, tp, pc + 28
core   0: 3 0x800069ba (0x0044ce63)
core   0: 0x800069be (0x00008e15) c.sub   a2, a3
core   0: 3 0x800069be (0x8e15) x12 0x00000250
core   0: 0x800069c0 (0x0387a333) mulhsu  t1, a5, s8
core   0: 3 0x800069c0 (0x0387a333) x 6 0xfffffb23
core   0: 0x800069c4 (0x0000c499) c.beqz  s1, pc + 14
core   0: 3 0x800069c4 (0xc499)
core   0: 0x800069c6 (0x0388cbb3) div     s7, a7, s8
core   0: 3 0x800069c6 (0x0388cbb3) x23 0x1fff748e
core   0: 0x800069ca (0xfb44ad13) slti    s10, s1, -76
core   0: 3 0x800069ca (0xfb44ad13) x26 0x00000000
core   0: 0x800069ce (0x0000100f) fence.i
core   0: 3 0x800069ce (0x0000100f)
core   0: 0x800069d2 (0xe4b40d13) addi    s10, s0, -437
core   0: 3 0x800069d2 (0xe4b40d13) x26 0xfffffe4b
core   0: 0x800069d6 (0x00000001) c.nop
core   0: 3 0x800069d6 (0x0001)
core   0: 0x800069d8 (0x0000997d) c.andi  a0, -1
core   0: 3 0x800069d8 (0x997d) x10 0x0000e000
core   0: 0x800069da (0x0000100f) fence.i
core   0: 3 0x800069da (0x0000100f)
core   0: 0x800069de (0x0000829d) c.srli  a3, 7
core   0: 3 0x800069de (0x829d) x13 0x00000000
core   0: 0x800069e0 (0x41685c13) srai    s8, a6, 22
core   0: 3 0x800069e0 (0x41685c13) x24 0xffffffff
core   0: 0x800069e4 (0x02bd7063) bgeu    s10, a1, pc + 32
core   0: 3 0x800069e4 (0x02bd7063)
core   0: 0x80006a04 (0x1d2a3d37) lui     s10, 0x1d2a3
core   0: 3 0x80006a04 (0x1d2a3d37) x26 0x1d2a3000
core   0: 0x80006a08 (0x00a495b3) sll     a1, s1, a0
core   0: 3 0x80006a08 (0x00a495b3) x11 0x00000001
core   0: 0x80006a0c (0x02a04bb3) div     s7, zero, a0
core   0: 3 0x80006a0c (0x02a04bb3) x23 0x00000000
core   0: 0x80006a10 (0x000060bd) c.lui   ra, 0xf
core   0: 3 0x80006a10 (0x60bd) x 1 0x0000f000
core   0: 0x80006a12 (0x00698563) beq     s3, t1, pc + 10
core   0: 3 0x80006a12 (0x00698563)
core   0: 0x80006a16 (0x00008dd1) c.or    a1, a2
core   0: 3 0x80006a16 (0x8dd1) x11 0x00000251
core   0: 0x80006a18 (0x03841763) bne     s0, s8, pc + 46
core   0: 3 0x80006a18 (0x03841763)
core   0: 0x80006a46 (0x1430ba93) sltiu   s5, ra, 323
core   0: 3 0x80006a46 (0x1430ba93) x21 0x00000000
core   0: 0x80006a4a (0x0000e295) c.bnez  a3, pc + 36
core   0: 3 0x80006a4a (0xe295)
core   0: 0x80006a4c (0x01329533) sll     a0, t0, s3
core   0: 3 0x80006a4c (0x01329533) x10 0x00000000
core   0: 0x80006a50 (0x0164ea33) or      s4, s1, s6
core   0: 3 0x80006a50 (0x0164ea33) x20 0x00000001
core   0: 0x80006a54 (0x40ab5693) srai    a3, s6, 10
core   0: 3 0x80006a54 (0x40ab5693) x13 0x00000000
core   0: 0x80006a58 (0x03fcb033) mulhu   zero, s9, t6
core   0: 3 0x80006a58 (0x03fcb033)
core   0: 0x80006a5c (0x02807e33) remu    t3, zero, s0
core   0: 3 0x80006a5c (0x02807e33) x28 0x00000000
core   0: 0x80006a60 (0x0000717d) c.addi16sp sp, -16
core   0: 3 0x80006a60 (0x717d) x 2 0xffffffc0
core   0: 0x80006a62 (0x02bbfe63) bgeu    s7, a1, pc + 60
core   0: 3 0x80006a62 (0x02bbfe63)
core   0: 0x80006a66 (0x00000001) c.nop
core   0: 3 0x80006a66 (0x0001)
core   0: 0x80006a68 (0x406b0233) sub     tp, s6, t1
core   0: 3 0x80006a68 (0x406b0233) x 4 0x000004dd
core   0: 0x80006a6c (0x000005de) c.slli  a1, 23
core   0: 3 0x80006a6c (0x05de) x11 0x28800000
core   0: 0x80006a6e (0x013e1663) bne     t3, s3, pc + 12
core   0: 3 0x80006a6e (0x013e1663)
core   0: 0x80006a7a (0x04af4263) blt     t5, a0, pc + 68
core   0: 3 0x80006a7a (0x04af4263)
core   0: 0x80006a7e (0x00008dcd) c.or    a1, a1
core   0: 3 0x80006a7e (0x8dcd) x11 0x28800000
core   0: 0x80006a80 (0x039cfeb3) remu    t4, s9, s9
core   0: 3 0x80006a80 (0x039cfeb3) x29 0x00000000
core   0: 0x80006a84 (0x0000537d) c.li    t1, -1
core   0: 3 0x80006a84 (0x537d) x 6 0xffffffff
core   0: 0x80006a86 (0x00495d13) srli    s10, s2, 4
core   0: 3 0x80006a86 (0x00495d13) x26 0x080026ce
core   0: 0x80006a8a (0x02b15cb3) divu    s9, sp, a1
core   0: 3 0x80006a8a (0x02b15cb3) x25 0x00000006
core   0: 0x80006a8e (0xf1669397) auipc   t2, 0xf1669
core   0: 3 0x80006a8e (0xf1669397) x 7 0x7166fa8e
core   0: 0x80006a92 (0x00008db5) c.xor   a1, a3
core   0: 3 0x80006a92 (0x8db5) x11 0x28800000
core   0: 0x80006a94 (0x02be69b3) rem     s3, t3, a1
core   0: 3 0x80006a94 (0x02be69b3) x19 0x00000000
core   0: 0x80006a98 (0x0000557d) c.li    a0, -1
core   0: 3 0x80006a98 (0x557d) x10 0xffffffff
core   0: 0x80006a9a (0x02d83333) mulhu   t1, a6, a3
core   0: 3 0x80006a9a (0x02d83333) x 6 0x00000000
core   0: 0x80006a9e (0x019be833) or      a6, s7, s9
core   0: 3 0x80006a9e (0x019be833) x16 0x00000006
core   0: 0x80006aa2 (0x000085ed) c.srai  a1, 27
core   0: 3 0x80006aa2 (0x85ed) x11 0x00000005
core   0: 0x80006aa4 (0x41245713) srai    a4, s0, 18
core   0: 3 0x80006aa4 (0x41245713) x14 0x00000000
core   0: 0x80006aa8 (0x027829b3) mulhsu  s3, a6, t2
core   0: 3 0x80006aa8 (0x027829b3) x19 0x00000002
core   0: 0x80006aac (0x02922833) mulhsu  a6, tp, s1
core   0: 3 0x80006aac (0x02922833) x16 0x00000000
core   0: 0x80006ab0 (0x00364a33) xor     s4, a2, gp
core   0: 3 0x80006ab0 (0x00364a33) x20 0xfffff99f
core   0: 0x80006ab4 (0x01cc9fb3) sll     t6, s9, t3
core   0: 3 0x80006ab4 (0x01cc9fb3) x31 0x00000006
core   0: 0x80006ab8 (0x00000f9e) c.slli  t6, 7
core   0: 3 0x80006ab8 (0x0f9e) x31 0x00000300
core   0: 0x80006aba (0x1b84f313) andi    t1, s1, 440
core   0: 3 0x80006aba (0x1b84f313) x 6 0x00000000
core   0: 0x80006abe (0x02246463) bltu    s0, sp, pc + 40
core   0: 3 0x80006abe (0x02246463)
core   0: 0x80006ae6 (0x00008d95) c.sub   a1, a3
core   0: 3 0x80006ae6 (0x8d95) x11 0x00000005
core   0: 0x80006ae8 (0x00000001) c.nop
core   0: 3 0x80006ae8 (0x0001)
core   0: 0x80006aea (0x00b644b3) xor     s1, a2, a1
core   0: 3 0x80006aea (0x00b644b3) x 9 0x00000255
core   0: 0x80006aee (0x00000001) c.nop
core   0: 3 0x80006aee (0x0001)
core   0: 0x80006af0 (0x0265c4b3) div     s1, a1, t1
core   0: 3 0x80006af0 (0x0265c4b3) x 9 0xffffffff
core   0: 0x80006af4 (0x00008cc1) c.or    s1, s0
core   0: 3 0x80006af4 (0x8cc1) x 9 0xffffffff
core   0: 0x80006af6 (0x00be14b3) sll     s1, t3, a1
core   0: 3 0x80006af6 (0x00be14b3) x 9 0x00000000
core   0: 0x80006afa (0x037f4bb3) div     s7, t5, s7
core   0: 3 0x80006afa (0x037f4bb3) x23 0xffffffff
core   0: 0x80006afe (0x02b88ab3) mul     s5, a7, a1
core   0: 3 0x80006afe (0x02b88ab3) x21 0x800ae4e8
core   0: 0x80006b02 (0x013c27b3) slt     a5, s8, s3
core   0: 3 0x80006b02 (0x013c27b3) x15 0x00000001
core   0: 0x80006b06 (0x00000001) c.nop
core   0: 3 0x80006b06 (0x0001)
core   0: 0x80006b08 (0x00008e11) c.sub   a2, a2
core   0: 3 0x80006b08 (0x8e11) x12 0x00000000
core   0: 0x80006b0a (0x40bc52b3) sra     t0, s8, a1
core   0: 3 0x80006b0a (0x40bc52b3) x 5 0xffffffff
core   0: 0x80006b0e (0x0000824d) c.srli  a2, 19
core   0: 3 0x80006b0e (0x824d) x12 0x00000000
core   0: 0x80006b10 (0x5852c013) xori    zero, t0, 1413
core   0: 3 0x80006b10 (0x5852c013)
core   0: 0x80006b14 (0x0002bfb3) sltu    t6, t0, zero
core   0: 3 0x80006b14 (0x0002bfb3) x31 0x00000000
core   0: 0x80006b18 (0x3a16a813) slti    a6, a3, 929
core   0: 3 0x80006b18 (0x3a16a813) x16 0x00000001
core   0: 0x80006b1c (0x00403033) snez    zero, tp
core   0: 3 0x80006b1c (0x00403033)
core   0: 0x80006b20 (0x41eb5193) srai    gp, s6, 30
core   0: 3 0x80006b20 (0x41eb5193) x 3 0x00000000
core   0: 0x80006b24 (0x00000001) c.nop
core   0: 3 0x80006b24 (0x0001)
core   0: 0x80006b26 (0x32200713) li      a4, 802
core   0: 3 0x80006b26 (0x32200713) x14 0x00000322
core   0: 0x80006b2a (0x032a7d63) bgeu    s4, s2, pc + 58
core   0: 3 0x80006b2a (0x032a7d63)
core   0: 0x80006b64 (0x00de1113) slli    sp, t3, 13
core   0: 3 0x80006b64 (0x00de1113) x 2 0x00000000
core   0: 0x80006b68 (0x02631263) bne     t1, t1, pc + 36
core   0: 3 0x80006b68 (0x02631263)
core   0: 0x80006b6c (0xc2476513) ori     a0, a4, -988
core   0: 3 0x80006b6c (0xc2476513) x10 0xffffff26
core   0: 0x80006b70 (0x03c88a63) beq     a7, t3, pc + 52
core   0: 3 0x80006b70 (0x03c88a63)
core   0: 0x80006b74 (0x00006f45) c.lui   t5, 0x11
core   0: 3 0x80006b74 (0x6f45) x30 0x00011000
core   0: 0x80006b76 (0x02628763) beq     t0, t1, pc + 46
core   0: 3 0x80006b76 (0x02628763)
core   0: 0x80006b7a (0x00b4e833) or      a6, s1, a1
core   0: 3 0x80006b7a (0x00b4e833) x16 0x00000005
core   0: 0x80006b7e (0x000056fd) c.li    a3, -1
core   0: 3 0x80006b7e (0x56fd) x13 0xffffffff
core   0: 0x80006b80 (0x005ccfb3) xor     t6, s9, t0
core   0: 3 0x80006b80 (0x005ccfb3) x31 0xfffffff9
core   0: 0x80006b84 (0x000086a5) c.srai  a3, 9
core   0: 3 0x80006b84 (0x86a5) x13 0xffffffff
core   0: 0x80006b86 (0x00006185) c.lui   gp, 0x1
core   0: 3 0x80006b86 (0x6185) x 3 0x00001000
core   0: 0x80006b88 (0x01f6f2b3) and     t0, a3, t6
core   0: 3 0x80006b88 (0x01f6f2b3) x 5 0xfffffff9
core   0: 0x80006b8c (0xb657c537) lui     a0, 0xb657c
core   0: 3 0x80006b8c (0xb657c537) x10 0xb657c000
core   0: 0x80006b90 (0x01891a33) sll     s4, s2, s8
core   0: 3 0x80006b90 (0x01891a33) x20 0x00000000
core   0: 0x80006b94 (0x41205d13) srai    s10, zero, 18
core   0: 3 0x80006b94 (0x41205d13) x26 0x00000000
core   0: 0x80006b98 (0x004ddcb3) srl     s9, s11, tp
core   0: 3 0x80006b98 (0x004ddcb3) x25 0x00000004
core   0: 0x80006b9c (0x03c482b3) mul     t0, s1, t3
core   0: 3 0x80006b9c (0x03c482b3) x 5 0x00000000
core   0: 0x80006ba0 (0x9c63ea17) auipc   s4, 0x9c63e
core   0: 3 0x80006ba0 (0x9c63ea17) x20 0x1c644ba0
core   0: 0x80006ba4 (0x419a85b3) sub     a1, s5, s9
core   0: 3 0x80006ba4 (0x419a85b3) x11 0x800ae4e4
core   0: 0x80006ba8 (0x00008f7d) c.and   a4, a5
core   0: 3 0x80006ba8 (0x8f7d) x14 0x00000000
core   0: 0x80006baa (0x31f320b7) lui     ra, 0x31f32
core   0: 3 0x80006baa (0x31f320b7) x 1 0x31f32000
core   0: 0x80006bae (0x0000100f) fence.i
core   0: 3 0x80006bae (0x0000100f)
core   0: 0x80006bb2 (0x00008d79) c.and   a0, a4
core   0: 3 0x80006bb2 (0x8d79) x10 0x00000000
core   0: 0x80006bb4 (0x01e89593) slli    a1, a7, 30
core   0: 3 0x80006bb4 (0x01e89593) x11 0x00000000
core   0: 0x80006bb8 (0x00b219b3) sll     s3, tp, a1
core   0: 3 0x80006bb8 (0x00b219b3) x19 0x000004dd
core   0: 0x80006bbc (0x002c3a93) sltiu   s5, s8, 2
core   0: 3 0x80006bbc (0x002c3a93) x21 0x00000000
core   0: 0x80006bc0 (0x00008dc5) c.or    a1, s1
core   0: 3 0x80006bc0 (0x8dc5) x11 0x00000000
core   0: 0x80006bc2 (0x41ca09b3) sub     s3, s4, t3
core   0: 3 0x80006bc2 (0x41ca09b3) x19 0x1c644ba0
core   0: 0x80006bc6 (0x019b9cb3) sll     s9, s7, s9
core   0: 3 0x80006bc6 (0x019b9cb3) x25 0xfffffff0
core   0: 0x80006bca (0x00f70533) add     a0, a4, a5
core   0: 3 0x80006bca (0x00f70533) x10 0x00000001
core   0: 0x80006bce (0x034107b3) mul     a5, sp, s4
core   0: 3 0x80006bce (0x034107b3) x15 0x00000000
core   0: 0x80006bd2 (0x014fdb33) srl     s6, t6, s4
core   0: 3 0x80006bd2 (0x014fdb33) x22 0xfffffff9
core   0: 0x80006bd6 (0x0000e205) c.bnez  a2, pc + 32
core   0: 3 0x80006bd6 (0xe205)
core   0: 0x80006bd8 (0x00009bfa) c.add   s7, t5
core   0: 3 0x80006bd8 (0x9bfa) x23 0x00010fff
core   0: 0x80006bda (0x3fc50393) addi    t2, a0, 1020
core   0: 3 0x80006bda (0x3fc50393) x 7 0x000003fd
core   0: 0x80006bde (0x03ec6833) rem     a6, s8, t5
core   0: 3 0x80006bde (0x03ec6833) x16 0xffffffff
core   0: 0x80006be2 (0x02eeb633) mulhu   a2, t4, a4
core   0: 3 0x80006be2 (0x02eeb633) x12 0x00000000
core   0: 0x80006be6 (0x00ccf7b3) and     a5, s9, a2
core   0: 3 0x80006be6 (0x00ccf7b3) x15 0x00000000
core   0: 0x80006bea (0x036762b3) rem     t0, a4, s6
core   0: 3 0x80006bea (0x036762b3) x 5 0x00000000
core   0: 0x80006bee (0x00000e69) c.addi  t3, 26
core   0: 3 0x80006bee (0x0e69) x28 0x0000001a
core   0: 0x80006bf0 (0x013ab833) sltu    a6, s5, s3
core   0: 3 0x80006bf0 (0x013ab833) x16 0x00000001
core   0: 0x80006bf4 (0x0000e919) c.bnez  a0, pc + 22
core   0: 3 0x80006bf4 (0xe919)
core   0: 0x80006c0a (0x00006349) c.lui   t1, 0x12
core   0: 3 0x80006c0a (0x6349) x 6 0x00012000
core   0: 0x80006c0c (0x01f97c33) and     s8, s2, t6
core   0: 3 0x80006c0c (0x01f97c33) x24 0x80026ce0
core   0: 0x80006c10 (0x00996133) or      sp, s2, s1
core   0: 3 0x80006c10 (0x00996133) x 2 0x80026ce4
core   0: 0x80006c14 (0x017bff63) bgeu    s7, s7, pc + 30
core   0: 3 0x80006c14 (0x017bff63)
core   0: 0x80006c32 (0x000000ca) c.slli  ra, 18
core   0: 3 0x80006c32 (0x00ca) x 1 0x80000000
core   0: 0x80006c34 (0x00008d1d) c.sub   a0, a5
core   0: 3 0x80006c34 (0x8d1d) x10 0x00000001
core   0: 0x80006c36 (0x01eaa833) slt     a6, s5, t5
core   0: 3 0x80006c36 (0x01eaa833) x16 0x00000001
core   0: 0x80006c3a (0x00008375) c.srli  a4, 29
core   0: 3 0x80006c3a (0x8375) x14 0x00000000
core   0: 0x80006c3c (0x0000717d) c.addi16sp sp, -16
core   0: 3 0x80006c3c (0x717d) x 2 0x80026cd4
core   0: 0x80006c3e (0x02ea1733) mulh    a4, s4, a4
core   0: 3 0x80006c3e (0x02ea1733) x14 0x00000000
core   0: 0x80006c42 (0x0000e295) c.bnez  a3, pc + 36
core   0: 3 0x80006c42 (0xe295)
core   0: 0x80006c66 (0x01661e63) bne     a2, s6, pc + 28
core   0: 3 0x80006c66 (0x01661e63)
core   0: 0x80006c82 (0x03c039b3) mulhu   s3, zero, t3
core   0: 3 0x80006c82 (0x03c039b3) x19 0x00000000
core   0: 0x80006c86 (0x00000595) c.addi  a1, 5
core   0: 3 0x80006c86 (0x0595) x11 0x00000005
core   0: 0x80006c88 (0x00eb5e63) bge     s6, a4, pc + 28
core   0: 3 0x80006c88 (0x00eb5e63)
core   0: 0x80006c8c (0x0238bcb3) mulhu   s9, a7, gp
core   0: 3 0x80006c8c (0x0238bcb3) x25 0x00000800
core   0: 0x80006c90 (0x0143ee63) bltu    t2, s4, pc + 28
core   0: 3 0x80006c90 (0x0143ee63)
core   0: 0x80006cac (0x00000266) c.slli  tp, 25
core   0: 3 0x80006cac (0x0266) x 4 0xba000000
core   0: 0x80006cae (0x02ce96b3) mulh    a3, t4, a2
core   0: 3 0x80006cae (0x02ce96b3) x13 0x00000000
core   0: 0x80006cb2 (0x01a44d63) blt     s0, s10, pc + 26
core   0: 3 0x80006cb2 (0x01a44d63)
core   0: 0x80006cb6 (0x03879263) bne     a5, s8, pc + 36
core   0: 3 0x80006cb6 (0x03879263)
core   0: 0x80006cda (0x00000e0a) c.slli  t3, 2
core   0: 3 0x80006cda (0x0e0a) x28 0x00000068
core   0: 0x80006cdc (0x00008cad) c.xor   s1, a1
core   0: 3 0x80006cdc (0x8cad) x 9 0x00000005
core   0: 0x80006cde (0x415509b3) sub     s3, a0, s5
core   0: 3 0x80006cde (0x415509b3) x19 0x00000001
core   0: 0x80006ce2 (0x03a1e333) rem     t1, gp, s10
core   0: 3 0x80006ce2 (0x03a1e333) x 6 0x00001000
core   0: 0x80006ce6 (0x73f6be97) auipc   t4, 0x73f6b
core   0: 3 0x80006ce6 (0x73f6be97) x29 0xf3f71ce6
core   0: 0x80006cea (0x021c1f63) bne     s8, ra, pc + 62
core   0: 3 0x80006cea (0x021c1f63)
core   0: 0x80006d28 (0x03507fb3) remu    t6, zero, s5
core   0: 3 0x80006d28 (0x03507fb3) x31 0x00000000
core   0: 0x80006d2c (0x82de8293) addi    t0, t4, -2003
core   0: 3 0x80006d2c (0x82de8293) x 5 0xf3f71513
core   0: 0x80006d30 (0x01cf5193) srli    gp, t5, 28
core   0: 3 0x80006d30 (0x01cf5193) x 3 0x00000000
core   0: 0x80006d34 (0x01511213) slli    tp, sp, 21
core   0: 3 0x80006d34 (0x01511213) x 4 0x9a800000
core   0: 0x80006d38 (0x046d8063) beq     s11, t1, pc + 64
core   0: 3 0x80006d38 (0x046d8063)
core   0: 0x80006d3c (0x00000599) c.addi  a1, 6
core   0: 3 0x80006d3c (0x0599) x11 0x0000000b
core   0: 0x80006d3e (0x02aadb63) bge     s5, a0, pc + 54
core   0: 3 0x80006d3e (0x02aadb63)
core   0: 0x80006d42 (0x02640963) beq     s0, t1, pc + 50
core   0: 3 0x80006d42 (0x02640963)
core   0: 0x80006d46 (0xfa336713) ori     a4, t1, -93
core   0: 3 0x80006d46 (0xfa336713) x14 0xffffffa3
core   0: 0x80006d4a (0x0000658d) c.lui   a1, 0x3
core   0: 3 0x80006d4a (0x658d) x11 0x00003000
core   0: 0x80006d4c (0x000017fd) c.addi  a5, -1
core   0: 3 0x80006d4c (0x17fd) x15 0xffffffff
core   0: 0x80006d4e (0x00008cd5) c.or    s1, a3
core   0: 3 0x80006d4e (0x8cd5) x 9 0x00000005
core   0: 0x80006d50 (0x01149533) sll     a0, s1, a7
core   0: 3 0x80006d50 (0x01149533) x10 0x00000500
core   0: 0x80006d54 (0x000dd293) srli    t0, s11, 0
core   0: 3 0x80006d54 (0x000dd293) x 5 0x80022e64
core   0: 0x80006d58 (0x008af663) bgeu    s5, s0, pc + 12
core   0: 3 0x80006d58 (0x008af663)
core   0: 0x80006d64 (0x41e90533) sub     a0, s2, t5
core   0: 3 0x80006d64 (0x41e90533) x10 0x80015ce4
core   0: 0x80006d68 (0x40845733) sra     a4, s0, s0
core   0: 3 0x80006d68 (0x40845733) x14 0x00000000
core   0: 0x80006d6c (0x00fdefb3) or      t6, s11, a5
core   0: 3 0x80006d6c (0x00fdefb3) x31 0xffffffff
core   0: 0x80006d70 (0xdbbafe93) andi    t4, s5, -581
core   0: 3 0x80006d70 (0xdbbafe93) x29 0x00000000
core   0: 0x80006d74 (0x676ebf97) auipc   t6, 0x676eb
core   0: 3 0x80006d74 (0x676ebf97) x31 0xe76f1d74
core   0: 0x80006d78 (0x00e5cbb3) xor     s7, a1, a4
core   0: 3 0x80006d78 (0x00e5cbb3) x23 0x00003000
core   0: 0x80006d7c (0x405dd693) srai    a3, s11, 5
core   0: 3 0x80006d7c (0x405dd693) x13 0xfc001173
core   0: 0x80006d80 (0x0000717d) c.addi16sp sp, -16
core   0: 3 0x80006d80 (0x717d) x 2 0x80026cc4
core   0: 0x80006d82 (0xe6c92e37) lui     t3, 0xe6c92
core   0: 3 0x80006d82 (0xe6c92e37) x28 0xe6c92000
core   0: 0x80006d86 (0x0000100f) fence.i
core   0: 3 0x80006d86 (0x0000100f)
core   0: 0x80006d8a (0x00004ebd) c.li    t4, 15
core   0: 3 0x80006d8a (0x4ebd) x29 0x0000000f
core   0: 0x80006d8c (0x00008db1) c.xor   a1, a2
core   0: 3 0x80006d8c (0x8db1) x11 0x00003000
core   0: 0x80006d8e (0x40218c33) sub     s8, gp, sp
core   0: 3 0x80006d8e (0x40218c33) x24 0x7ffd933c
core   0: 0x80006d92 (0x03875cb7) lui     s9, 0x3875
core   0: 3 0x80006d92 (0x03875cb7) x25 0x03875000
core   0: 0x80006d96 (0x0191e8b3) or      a7, gp, s9
core   0: 3 0x80006d96 (0x0191e8b3) x17 0x03875000
core   0: 0x80006d9a (0x02e437b3) mulhu   a5, s0, a4
core   0: 3 0x80006d9a (0x02e437b3) x15 0x00000000
core   0: 0x80006d9e (0x028bbeb3) mulhu   t4, s7, s0
core   0: 3 0x80006d9e (0x028bbeb3) x29 0x00000000
core   0: 0x80006da2 (0x03e885b3) mul     a1, a7, t5
core   0: 3 0x80006da2 (0x03e885b3) x11 0xc5000000
core   0: 0x80006da6 (0x00000001) c.nop
core   0: 3 0x80006da6 (0x0001)
core   0: 0x80006da8 (0xba4d6697) auipc   a3, 0xba4d6
core   0: 3 0x80006da8 (0xba4d6697) x13 0x3a4dcda8
core   0: 0x80006dac (0x40df0eb3) sub     t4, t5, a3
core   0: 3 0x80006dac (0x40df0eb3) x29 0xc5b34258
core   0: 0x80006db0 (0x037d6833) rem     a6, s10, s7
core   0: 3 0x80006db0 (0x037d6833) x16 0x00000000
core   0: 0x80006db4 (0x00008db1) c.xor   a1, a2
core   0: 3 0x80006db4 (0x8db1) x11 0xc5000000
core   0: 0x80006db6 (0x00f41713) slli    a4, s0, 15
core   0: 3 0x80006db6 (0x00f41713) x14 0x00000000
core   0: 0x80006dba (0x00f45c93) srli    s9, s0, 15
core   0: 3 0x80006dba (0x00f45c93) x25 0x00000000
core   0: 0x80006dbe (0x007e9513) slli    a0, t4, 7
core   0: 3 0x80006dbe (0x007e9513) x10 0xd9a12c00
core   0: 0x80006dc2 (0x00008e01) c.sub   a2, s0
core   0: 3 0x80006dc2 (0x8e01) x12 0x00000000
core   0: 0x80006dc4 (0x02f24233) div     tp, tp, a5
core   0: 3 0x80006dc4 (0x02f24233) x 4 0xffffffff
core   0: 0x80006dc8 (0x40de00b3) sub     ra, t3, a3
core   0: 3 0x80006dc8 (0x40de00b3) x 1 0xac7b5258
core   0: 0x80006dcc (0x000066a9) c.lui   a3, 0xa
core   0: 3 0x80006dcc (0x66a9) x13 0x0000a000
core   0: 0x80006dce (0x0000ef91) c.bnez  a5, pc + 28
core   0: 3 0x80006dce (0xef91)
core   0: 0x80006dd0 (0x00000001) c.nop
core   0: 3 0x80006dd0 (0x0001)
core   0: 0x80006dd2 (0x40005013) srai    zero, zero, 0
core   0: 3 0x80006dd2 (0x40005013)
core   0: 0x80006dd6 (0x0000577d) c.li    a4, -1
core   0: 3 0x80006dd6 (0x577d) x14 0xffffffff
core   0: 0x80006dd8 (0x000088b9) c.andi  s1, 14
core   0: 3 0x80006dd8 (0x88b9) x 9 0x00000004
core   0: 0x80006dda (0x0043e5b3) or      a1, t2, tp
core   0: 3 0x80006dda (0x0043e5b3) x11 0xffffffff
core   0: 0x80006dde (0x03fc1633) mulh    a2, s8, t6
core   0: 3 0x80006dde (0x03fc1633) x12 0xf3b7ca4b
core   0: 0x80006de2 (0x03e02533) mulhsu  a0, zero, t5
core   0: 3 0x80006de2 (0x03e02533) x10 0x00000000
core   0: 0x80006de6 (0x000098fd) c.andi  s1, -1
core   0: 3 0x80006de6 (0x98fd) x 9 0x00000004
core   0: 0x80006de8 (0x00000001) c.nop
core   0: 3 0x80006de8 (0x0001)
core   0: 0x80006dea (0x01ad4663) blt     s10, s10, pc + 12
core   0: 3 0x80006dea (0x01ad4663)
core   0: 0x80006dee (0x419e52b3) sra     t0, t3, s9
core   0: 3 0x80006dee (0x419e52b3) x 5 0xe6c92000
core   0: 0x80006df2 (0x8a632797) auipc   a5, 0x8a632
core   0: 3 0x80006df2 (0x8a632797) x15 0x0a638df2
core   0: 0x80006df6 (0x41400cb3) sub     s9, zero, s4
core   0: 3 0x80006df6 (0x41400cb3) x25 0xe39bb460
core   0: 0x80006dfa (0x03c705b3) mul     a1, a4, t3
core   0: 3 0x80006dfa (0x03c705b3) x11 0x1936e000
core   0: 0x80006dfe (0x0000ef1d) c.bnez  a4, pc + 62
core   0: 3 0x80006dfe (0xef1d)
core   0: 0x80006e3c (0x00ca0b63) beq     s4, a2, pc + 22
core   0: 3 0x80006e3c (0x00ca0b63)
core   0: 0x80006e40 (0x00001704) c.addi4spn s1, sp, 928
core   0: 3 0x80006e40 (0x1704) x 9 0x80027064
core   0: 0x80006e42 (0x02711bb3) mulh    s7, sp, t2
core   0: 3 0x80006e42 (0x02711bb3) x23 0xfffffe01
core   0: 0x80006e46 (0x00009e4e) c.add   t3, s3
core   0: 3 0x80006e46 (0x9e4e) x28 0xe6c92001
core   0: 0x80006e48 (0x007a1c63) bne     s4, t2, pc + 24
core   0: 3 0x80006e48 (0x007a1c63)
core   0: 0x80006e60 (0x00008de5) c.and   a1, s1
core   0: 3 0x80006e60 (0x8de5) x11 0x00026000
core   0: 0x80006e62 (0x001bf1b3) and     gp, s7, ra
core   0: 3 0x80006e62 (0x001bf1b3) x 3 0xac7b5200
core   0: 0x80006e66 (0x000066c5) c.lui   a3, 0x11
core   0: 3 0x80006e66 (0x66c5) x13 0x00011000
core   0: 0x80006e68 (0x02d3c5b3) div     a1, t2, a3
core   0: 3 0x80006e68 (0x02d3c5b3) x11 0x00000000
core   0: 0x80006e6c (0x00008cd5) c.or    s1, a3
core   0: 3 0x80006e6c (0x8cd5) x 9 0x80037064
core   0: 0x80006e6e (0x0000e491) c.bnez  s1, pc + 12
core   0: 3 0x80006e6e (0xe491)
core   0: 0x80006e7a (0x015dd6b3) srl     a3, s11, s5
core   0: 3 0x80006e7a (0x015dd6b3) x13 0x80022e64
core   0: 0x80006e7e (0xa61e3e13) sltiu   t3, t3, -1439
core   0: 3 0x80006e7e (0xa61e3e13) x28 0x00000001
core   0: 0x80006e82 (0x00008d7d) c.and   a0, a5
core   0: 3 0x80006e82 (0x8d7d) x10 0x00000000
core   0: 0x80006e84 (0x0000100f) fence.i
core   0: 3 0x80006e84 (0x0000100f)
core   0: 0x80006e88 (0x02b758b3) divu    a7, a4, a1
core   0: 3 0x80006e88 (0x02b758b3) x17 0xffffffff
core   0: 0x80006e8c (0x0000100f) fence.i
core   0: 3 0x80006e8c (0x0000100f)
core   0: 0x80006e90 (0x0000872d) c.srai  a4, 11
core   0: 3 0x80006e90 (0x872d) x14 0xffffffff
core   0: 0x80006e92 (0x03fe30b3) mulhu   ra, t3, t6
core   0: 3 0x80006e92 (0x03fe30b3) x 1 0x00000000
core   0: 0x80006e96 (0x00008da1) c.xor   a1, s0
core   0: 3 0x80006e96 (0x8da1) x11 0x00000000
core   0: 0x80006e98 (0x0074a733) slt     a4, s1, t2
core   0: 3 0x80006e98 (0x0074a733) x14 0x00000001
core   0: 0x80006e9c (0x00006ab9) c.lui   s5, 0xe
core   0: 3 0x80006e9c (0x6ab9) x21 0x0000e000
core   0: 0x80006e9e (0x01e39c33) sll     s8, t2, t5
core   0: 3 0x80006e9e (0x01e39c33) x24 0x000003fd
core   0: 0x80006ea2 (0x000010fd) c.addi  ra, -1
core   0: 3 0x80006ea2 (0x10fd) x 1 0xffffffff
core   0: 0x80006ea4 (0x41602e97) auipc   t4, 0x41602
core   0: 3 0x80006ea4 (0x41602e97) x29 0xc1608ea4
core   0: 0x80006ea8 (0x02e72533) mulhsu  a0, a4, a4
core   0: 3 0x80006ea8 (0x02e72533) x10 0x00000000
core   0: 0x80006eac (0x02075133) divu    sp, a4, zero
core   0: 3 0x80006eac (0x02075133) x 2 0xffffffff
core   0: 0x80006eb0 (0x2596ff93) andi    t6, a3, 601
core   0: 3 0x80006eb0 (0x2596ff93) x31 0x00000240
core   0: 0x80006eb4 (0x00008735) c.srai  a4, 13
core   0: 3 0x80006eb4 (0x8735) x14 0x00000000
core   0: 0x80006eb6 (0x01b6ff33) and     t5, a3, s11
core   0: 3 0x80006eb6 (0x01b6ff33) x30 0x80022e64
core   0: 0x80006eba (0x0000eb19) c.bnez  a4, pc + 22
core   0: 3 0x80006eba (0xeb19)
core   0: 0x80006ebc (0x0126df63) bge     a3, s2, pc + 30
core   0: 3 0x80006ebc (0x0126df63)
core   0: 0x80006ec0 (0x03cc84b3) mul     s1, s9, t3
core   0: 3 0x80006ec0 (0x03cc84b3) x 9 0xe39bb460
core   0: 0x80006ec4 (0x01f0f033) and     zero, ra, t6
core   0: 3 0x80006ec4 (0x01f0f033)
core   0: 0x80006ec8 (0x417858b3) sra     a7, a6, s7
core   0: 3 0x80006ec8 (0x417858b3) x17 0x00000000
core   0: 0x80006ecc (0x00008f99) c.sub   a5, a4
core   0: 3 0x80006ecc (0x8f99) x15 0x0a638df2
core   0: 0x80006ece (0x0000717d) c.addi16sp sp, -16
core   0: 3 0x80006ece (0x717d) x 2 0xffffffef
core   0: 0x80006ed0 (0x00c06b63) bltu    zero, a2, pc + 22
core   0: 3 0x80006ed0 (0x00c06b63)
core   0: 0x80006ee6 (0x6a7b4293) xori    t0, s6, 1703
core   0: 3 0x80006ee6 (0x6a7b4293) x 5 0xfffff95e
core   0: 0x80006eea (0x01381a13) slli    s4, a6, 19
core   0: 3 0x80006eea (0x01381a13) x20 0x00000000
core   0: 0x80006eee (0x013006b3) add     a3, zero, s3
core   0: 3 0x80006eee (0x013006b3) x13 0x00000001
core   0: 0x80006ef2 (0x00001108) c.addi4spn a0, sp, 160
core   0: 3 0x80006ef2 (0x1108) x10 0x0000008f
core   0: 0x80006ef4 (0x00008f25) c.xor   a4, s1
core   0: 3 0x80006ef4 (0x8f25) x14 0xe39bb460
core   0: 0x80006ef6 (0x0000050c) c.addi4spn a1, sp, 640
core   0: 3 0x80006ef6 (0x050c) x11 0x0000026f
core   0: 0x80006ef8 (0x0ff0000f) fence   iorw,iorw
core   0: 3 0x80006ef8 (0x0ff0000f)
core   0: 0x80006efc (0x00000001) c.nop
core   0: 3 0x80006efc (0x0001)
core   0: 0x80006efe (0x6fe5a213) slti    tp, a1, 1790
core   0: 3 0x80006efe (0x6fe5a213) x 4 0x00000001
core   0: 0x80006f02 (0x01e1b833) sltu    a6, gp, t5
core   0: 3 0x80006f02 (0x01e1b833) x16 0x00000000
core   0: 0x80006f06 (0x0000cd09) c.beqz  a0, pc + 26
core   0: 3 0x80006f06 (0xcd09)
core   0: 0x80006f08 (0x00009806) c.add   a6, ra
core   0: 3 0x80006f08 (0x9806) x16 0xffffffff
core   0: 0x80006f0a (0x8cf73493) sltiu   s1, a4, -1841
core   0: 3 0x80006f0a (0x8cf73493) x 9 0x00000001
core   0: 0x80006f0e (0x00506033) or      zero, zero, t0
core   0: 3 0x80006f0e (0x00506033)
core   0: 0x80006f12 (0x00000290) c.addi4spn a2, sp, 320
core   0: 3 0x80006f12 (0x0290) x12 0x0000012f
core   0: 0x80006f14 (0xbf5c2513) slti    a0, s8, -1035
core   0: 3 0x80006f14 (0xbf5c2513) x10 0x00000000
core   0: 0x80006f18 (0x417500b3) sub     ra, a0, s7
core   0: 3 0x80006f18 (0x417500b3) x 1 0x000001ff
core   0: 0x80006f1c (0x0573f263) bgeu    t2, s7, pc + 68
core   0: 3 0x80006f1c (0x0573f263)
core   0: 0x80006f20 (0x01ac4033) xor     zero, s8, s10
core   0: 3 0x80006f20 (0x01ac4033)
core   0: 0x80006f24 (0x00008e29) c.xor   a2, a0
core   0: 3 0x80006f24 (0x8e29) x12 0x0000012f
core   0: 0x80006f26 (0x41fddf93) srai    t6, s11, 31
core   0: 3 0x80006f26 (0x41fddf93) x31 0xffffffff
core   0: 0x80006f2a (0x93e02617) auipc   a2, 0x93e02
core   0: 3 0x80006f2a (0x93e02617) x12 0x13e08f2a
core   0: 0x80006f2e (0x017ace63) blt     s5, s7, pc + 28
core   0: 3 0x80006f2e (0x017ace63)
core   0: 0x80006f32 (0x02315833) divu    a6, sp, gp
core   0: 3 0x80006f32 (0x02315833) x16 0x00000001
core   0: 0x80006f36 (0x0005dab3) srl     s5, a1, zero
core   0: 3 0x80006f36 (0x0005dab3) x21 0x0000026f
core   0: 0x80006f3a (0x01c37b33) and     s6, t1, t3
core   0: 3 0x80006f3a (0x01c37b33) x22 0x00000000
core   0: 0x80006f3e (0x0000c19d) c.beqz  a1, pc + 38
core   0: 3 0x80006f3e (0xc19d)
core   0: 0x80006f40 (0x00006151) c.addi16sp sp, 272
core   0: 3 0x80006f40 (0x6151) x 2 0x000000ff
core   0: 0x80006f42 (0x02ab0563) beq     s6, a0, pc + 42
core   0: 3 0x80006f42 (0x02ab0563)
core   0: 0x80006f6c (0x0351b7b3) mulhu   a5, gp, s5
core   0: 3 0x80006f6c (0x0351b7b3) x15 0x000001a3
core   0: 0x80006f70 (0xec71e513) ori     a0, gp, -313
core   0: 3 0x80006f70 (0xec71e513) x10 0xfffffec7
core   0: 0x80006f74 (0x0ff0000f) fence   iorw,iorw
core   0: 3 0x80006f74 (0x0ff0000f)
core   0: 0x80006f78 (0x00825c33) srl     s8, tp, s0
core   0: 3 0x80006f78 (0x00825c33) x24 0x00000001
core   0: 0x80006f7c (0x02787563) bgeu    a6, t2, pc + 42
core   0: 3 0x80006f7c (0x02787563)
core   0: 0x80006f80 (0x5a70ffb7) lui     t6, 0x5a70f
core   0: 3 0x80006f80 (0x5a70ffb7) x31 0x5a70f000
core   0: 0x80006f84 (0x01562fb3) slt     t6, a2, s5
core   0: 3 0x80006f84 (0x01562fb3) x31 0x00000000
core   0: 0x80006f88 (0x000d19b3) sll     s3, s10, zero
core   0: 3 0x80006f88 (0x000d19b3) x19 0x00000000
core   0: 0x80006f8c (0x02768cb3) mul     s9, a3, t2
core   0: 3 0x80006f8c (0x02768cb3) x25 0x000003fd
core   0: 0x80006f90 (0x03a99d33) mulh    s10, s3, s10
core   0: 3 0x80006f90 (0x03a99d33) x26 0x00000000
core   0: 0x80006f94 (0x00dace33) xor     t3, s5, a3
core   0: 3 0x80006f94 (0x00dace33) x28 0x0000026e
core   0: 0x80006f98 (0x008c78b3) and     a7, s8, s0
core   0: 3 0x80006f98 (0x008c78b3) x17 0x00000000
core   0: 0x80006f9c (0x02da98b3) mulh    a7, s5, a3
core   0: 3 0x80006f9c (0x02da98b3) x17 0x00000000
core   0: 0x80006fa0 (0x00006b1d) c.lui   s6, 0x7
core   0: 3 0x80006fa0 (0x6b1d) x22 0x00007000
core   0: 0x80006fa2 (0x02c0f863) bgeu    ra, a2, pc + 48
core   0: 3 0x80006fa2 (0x02c0f863)
core   0: 0x80006fa6 (0x00000bcd) c.addi  s7, 19
core   0: 3 0x80006fa6 (0x0bcd) x23 0xfffffe14
core   0: 0x80006fa8 (0x00008da1) c.xor   a1, s0
core   0: 3 0x80006fa8 (0x8da1) x11 0x0000026f
core   0: 0x80006faa (0x016675b3) and     a1, a2, s6
core   0: 3 0x80006faa (0x016675b3) x11 0x00000000
core   0: 0x80006fae (0x00000001) c.nop
core   0: 3 0x80006fae (0x0001)
core   0: 0x80006fb0 (0x0000051a) c.slli  a0, 6
core   0: 3 0x80006fb0 (0x051a) x10 0xffffb1c0
core   0: 0x80006fb2 (0x00000001) c.nop
core   0: 3 0x80006fb2 (0x0001)
core   0: 0x80006fb4 (0x00008135) c.srli  a0, 13
core   0: 3 0x80006fb4 (0x8135) x10 0x0007fffd
core   0: 0x80006fb6 (0x5fd06d17) auipc   s10, 0x5fd06
core   0: 3 0x80006fb6 (0x5fd06d17) x26 0xdfd0cfb6
core   0: 0x80006fba (0x00006165) c.addi16sp sp, 112
core   0: 3 0x80006fba (0x6165) x 2 0x0000016f
core   0: 0x80006fbc (0x00000322) c.slli  t1, 8
core   0: 3 0x80006fbc (0x0322) x 6 0x00100000
core   0: 0x80006fbe (0x01a6d663) bge     a3, s10, pc + 12
core   0: 3 0x80006fbe (0x01a6d663)
core   0: 0x80006fca (0x00008f29) c.xor   a4, a0
core   0: 3 0x80006fca (0x8f29) x14 0xe39c4b9d
core   0: 0x80006fcc (0x00008e6d) c.and   a2, a1
core   0: 3 0x80006fcc (0x8e6d) x12 0x00000000
core   0: 0x80006fce (0x012429b3) slt     s3, s0, s2
core   0: 3 0x80006fce (0x012429b3) x19 0x00000000
core   0: 0x80006fd2 (0x00000001) c.nop
core   0: 3 0x80006fd2 (0x0001)
core   0: 0x80006fd4 (0x00008db5) c.xor   a1, a3
core   0: 3 0x80006fd4 (0x8db5) x11 0x00000001
core   0: 0x80006fd6 (0x021c18b3) mulh    a7, s8, ra
core   0: 3 0x80006fd6 (0x021c18b3) x17 0x00000000
core   0: 0x80006fda (0x91b64f93) xori    t6, a2, -1765
core   0: 3 0x80006fda (0x91b64f93) x31 0xfffff91b
core   0: 0x80006fde (0x029c4a33) div     s4, s8, s1
core   0: 3 0x80006fde (0x029c4a33) x20 0x00000001
core   0: 0x80006fe2 (0x03c21c33) mulh    s8, tp, t3
core   0: 3 0x80006fe2 (0x03c21c33) x24 0x00000000
core   0: 0x80006fe6 (0x07358a63) beq     a1, s3, pc + 116
core   0: 3 0x80006fe6 (0x07358a63)
core   0: 0x80006fea (0x5860bb13) sltiu   s6, ra, 1414
core   0: 3 0x80006fea (0x5860bb13) x22 0x00000001
core   0: 0x80006fee (0x038e02b3) mul     t0, t3, s8
core   0: 3 0x80006fee (0x038e02b3) x 5 0x00000000
core   0: 0x80006ff2 (0x00009d76) c.add   s10, t4
core   0: 3 0x80006ff2 (0x9d76) x26 0xa1315e5a
core   0: 0x80006ff4 (0x01bbcfb3) xor     t6, s7, s11
core   0: 3 0x80006ff4 (0x01bbcfb3) x31 0x7ffdd070
core   0: 0x80006ff8 (0x0000100f) fence.i
core   0: 3 0x80006ff8 (0x0000100f)
core   0: 0x80006ffc (0x00000001) c.nop
core   0: 3 0x80006ffc (0x0001)
core   0: 0x80006ffe (0x0000100f) fence.i
core   0: 3 0x80006ffe (0x0000100f)
core   0: 0x80007002 (0x000081a1) c.srli  a1, 8
core   0: 3 0x80007002 (0x81a1) x11 0x00000000
core   0: 0x80007004 (0x012f1493) slli    s1, t5, 18
core   0: 3 0x80007004 (0x012f1493) x 9 0xb9900000
core   0: 0x80007008 (0x00700713) li      a4, 7
core   0: 3 0x80007008 (0x00700713) x14 0x00000007
core   0: 0x8000700c (0x00008e71) c.and   a2, a2
core   0: 3 0x8000700c (0x8e71) x12 0x00000000
core   0: 0x8000700e (0xfee00513) li      a0, -18
core   0: 3 0x8000700e (0xfee00513) x10 0xffffffee
core   0: 0x80007012 (0x034316b3) mulh    a3, t1, s4
core   0: 3 0x80007012 (0x034316b3) x13 0x00000000
core   0: 0x80007016 (0x0f9f6d37) lui     s10, 0xf9f6
core   0: 3 0x80007016 (0x0f9f6d37) x26 0x0f9f6000
core   0: 0x8000701a (0x0000664d) c.lui   a2, 0x13
core   0: 3 0x8000701a (0x664d) x12 0x00013000
core   0: 0x8000701c (0x0000176d) c.addi  a4, -5
core   0: 3 0x8000701c (0x176d) x14 0x00000002
core   0: 0x8000701e (0x00008ff5) c.and   a5, a3
core   0: 3 0x8000701e (0x8ff5) x15 0x00000000
core   0: 0x80007020 (0x00900193) li      gp, 9
core   0: 3 0x80007020 (0x00900193) x 3 0x00000009
core   0: 0x80007024 (0x020113b3) mulh    t2, sp, zero
core   0: 3 0x80007024 (0x020113b3) x 7 0x00000000
core   0: 0x80007028 (0x00000b0c) c.addi4spn a1, sp, 400
core   0: 3 0x80007028 (0x0b0c) x11 0x000002ff
core   0: 0x8000702a (0x01300293) li      t0, 19
core   0: 3 0x8000702a (0x01300293) x 5 0x00000013
core   0: 0x8000702e (0x00d4fab3) and     s5, s1, a3
core   0: 3 0x8000702e (0x00d4fab3) x21 0x00000000
core   0: 0x80007032 (0x00000199) c.addi  gp, 6
core   0: 3 0x80007032 (0x0199) x 3 0x0000000f
core   0: 0x80007034 (0x00008cc9) c.or    s1, a0
core   0: 3 0x80007034 (0x8cc9) x 9 0xffffffee
core   0: 0x80007036 (0xfe51cce3) blt     gp, t0, pc - 8
core   0: 3 0x80007036 (0xfe51cce3)
core   0: 0x8000702e (0x00d4fab3) and     s5, s1, a3
core   0: 3 0x8000702e (0x00d4fab3) x21 0x00000000
core   0: 0x80007032 (0x00000199) c.addi  gp, 6
core   0: 3 0x80007032 (0x0199) x 3 0x00000015
core   0: 0x80007034 (0x00008cc9) c.or    s1, a0
core   0: 3 0x80007034 (0x8cc9) x 9 0xffffffee
core   0: 0x80007036 (0xfe51cce3) blt     gp, t0, pc - 8
core   0: 3 0x80007036 (0xfe51cce3)
core   0: 0x8000703a (0xfca70ce3) beq     a4, a0, pc - 40
core   0: 3 0x8000703a (0xfca70ce3)
core   0: 0x8000703e (0x01a5d013) srli    zero, a1, 26
core   0: 3 0x8000703e (0x01a5d013)
core   0: 0x80007042 (0x00001184) c.addi4spn s1, sp, 224
core   0: 3 0x80007042 (0x1184) x 9 0x0000024f
core   0: 0x80007044 (0x00c95cb3) srl     s9, s2, a2
core   0: 3 0x80007044 (0x00c95cb3) x25 0x80026ce4
core   0: 0x80007048 (0x0ff0000f) fence   iorw,iorw
core   0: 3 0x80007048 (0x0ff0000f)
core   0: 0x8000704c (0x4076dd33) sra     s10, a3, t2
core   0: 3 0x8000704c (0x4076dd33) x26 0x00000000
core   0: 0x80007050 (0x00257463) bgeu    a0, sp, pc + 8
core   0: 3 0x80007050 (0x00257463)
core   0: 0x80007058 (0x0000537d) c.li    t1, -1
core   0: 3 0x80007058 (0x537d) x 6 0xffffffff
core   0: 0x8000705a (0x016839b3) sltu    s3, a6, s6
core   0: 3 0x8000705a (0x016839b3) x19 0x00000000
core   0: 0x8000705e (0x0ff0000f) fence   iorw,iorw
core   0: 3 0x8000705e (0x0ff0000f)
core   0: 0x80007062 (0x00525893) srli    a7, tp, 5
core   0: 3 0x80007062 (0x00525893) x17 0x00000000
core   0: 0x80007066 (0x00008f8d) c.sub   a5, a1
core   0: 3 0x80007066 (0x8f8d) x15 0xfffffd01
core   0: 0x80007068 (0x6c487537) lui     a0, 0x6c487
core   0: 3 0x80007068 (0x6c487537) x10 0x6c487000
core   0: 0x8000706c (0xabec4113) xori    sp, s8, -1346
core   0: 3 0x8000706c (0xabec4113) x 2 0xfffffabe
core   0: 0x80007070 (0x00be38b3) sltu    a7, t3, a1
core   0: 3 0x80007070 (0x00be38b3) x17 0x00000001
core   0: 0x80007074 (0x02a10533) mul     a0, sp, a0
core   0: 3 0x80007074 (0x02a10533) x10 0xab232000
core   0: 0x80007078 (0x00000001) c.nop
core   0: 3 0x80007078 (0x0001)
core   0: 0x8000707a (0x0000ea89) c.bnez  a3, pc + 18
core   0: 3 0x8000707a (0xea89)
core   0: 0x8000707c (0x020e04b3) mul     s1, t3, zero
core   0: 3 0x8000707c (0x020e04b3) x 9 0x00000000
core   0: 0x80007080 (0x02c4a1b3) mulhsu  gp, s1, a2
core   0: 3 0x80007080 (0x02c4a1b3) x 3 0x00000000
core   0: 0x80007084 (0x00004645) c.li    a2, 17
core   0: 3 0x80007084 (0x4645) x12 0x00000011
core   0: 0x80007086 (0x00000001) c.nop
core   0: 3 0x80007086 (0x0001)
core   0: 0x80007088 (0x006d7c33) and     s8, s10, t1
core   0: 3 0x80007088 (0x006d7c33) x24 0x00000000
core   0: 0x8000708c (0x029b5fb3) divu    t6, s6, s1
core   0: 3 0x8000708c (0x029b5fb3) x31 0xffffffff
core   0: 0x80007090 (0x038822b3) mulhsu  t0, a6, s8
core   0: 3 0x80007090 (0x038822b3) x 5 0x00000000
core   0: 0x80007094 (0x03aa4ab3) div     s5, s4, s10
core   0: 3 0x80007094 (0x03aa4ab3) x21 0xffffffff
core   0: 0x80007098 (0x00000b04) c.addi4spn s1, sp, 400
core   0: 3 0x80007098 (0x0b04) x 9 0xfffffc4e
core   0: 0x8000709a (0x02dd1633) mulh    a2, s10, a3
core   0: 3 0x8000709a (0x02dd1633) x12 0x00000000
core   0: 0x8000709e (0x0000858a) c.mv    a1, sp
core   0: 3 0x8000709e (0x858a) x11 0xfffffabe
core   0: 0x800070a0 (0x0068c9b3) xor     s3, a7, t1
core   0: 3 0x800070a0 (0x0068c9b3) x19 0xfffffffe
core   0: 0x800070a4 (0x5bfd3693) sltiu   a3, s10, 1471
core   0: 3 0x800070a4 (0x5bfd3693) x13 0x00000001
core   0: 0x800070a8 (0x0000881e) c.mv    a6, t2
core   0: 3 0x800070a8 (0x881e) x16 0x00000000
core   0: 0x800070aa (0x00000371) c.addi  t1, 28
core   0: 3 0x800070aa (0x0371) x 6 0x0000001b
core   0: 0x800070ac (0xa9544c93) xori    s9, s0, -1387
core   0: 3 0x800070ac (0xa9544c93) x25 0xfffffa95
core   0: 0x800070b0 (0x0000c785) c.beqz  a5, pc + 40
core   0: 3 0x800070b0 (0xc785)
core   0: 0x800070b2 (0x00678fb3) add     t6, a5, t1
core   0: 3 0x800070b2 (0x00678fb3) x31 0xfffffd1c
core   0: 0x800070b6 (0x8f36ea93) ori     s5, a3, -1805
core   0: 3 0x800070b6 (0x8f36ea93) x21 0xfffff8f3
core   0: 0x800070ba (0x00008489) c.srai  s1, 2
core   0: 3 0x800070ba (0x8489) x 9 0xffffff13
core   0: 0x800070bc (0x03637063) bgeu    t1, s6, pc + 32
core   0: 3 0x800070bc (0x03637063)
core   0: 0x800070dc (0x03db7eb3) remu    t4, s6, t4
core   0: 3 0x800070dc (0x03db7eb3) x29 0x00000001
core   0: 0x800070e0 (0x0ff0000f) fence   iorw,iorw
core   0: 3 0x800070e0 (0x0ff0000f)
core   0: 0x800070e4 (0x034879b3) remu    s3, a6, s4
core   0: 3 0x800070e4 (0x034879b3) x19 0x00000000
core   0: 0x800070e8 (0x00d6dd13) srli    s10, a3, 13
core   0: 3 0x800070e8 (0x00d6dd13) x26 0x00000000
core   0: 0x800070ec (0x00006149) c.addi16sp sp, 144
core   0: 3 0x800070ec (0x6149) x 2 0xfffffb4e
core   0: 0x800070ee (0x0ff0000f) fence   iorw,iorw
core   0: 3 0x800070ee (0x0ff0000f)
core   0: 0x800070f2 (0x03fc5133) divu    sp, s8, t6
core   0: 3 0x800070f2 (0x03fc5133) x 2 0x00000000
core   0: 0x800070f6 (0x0000cc91) c.beqz  s1, pc + 28
core   0: 3 0x800070f6 (0xcc91)
core   0: 0x800070f8 (0x00009086) c.add   ra, ra
core   0: 3 0x800070f8 (0x9086) x 1 0x000003fe
core   0: 0x800070fa (0x00444733) xor     a4, s0, tp
core   0: 3 0x800070fa (0x00444733) x14 0x00000001
core   0: 0x800070fe (0x000087f2) c.mv    a5, t3
core   0: 3 0x800070fe (0x87f2) x15 0x0000026e
core   0: 0x80007100 (0x41cbd7b3) sra     a5, s7, t3
core   0: 3 0x80007100 (0x41cbd7b3) x15 0xffffffff
core   0: 0x80007104 (0x0d467c13) andi    s8, a2, 212
core   0: 3 0x80007104 (0x0d467c13) x24 0x00000000
core   0: 0x80007108 (0x0034a3b3) slt     t2, s1, gp
core   0: 3 0x80007108 (0x0034a3b3) x 7 0x00000001
core   0: 0x8000710c (0x00008ed1) c.or    a3, a2
core   0: 3 0x8000710c (0x8ed1) x13 0x00000001
core   0: 0x8000710e (0x268f0693) addi    a3, t5, 616
core   0: 3 0x8000710e (0x268f0693) x13 0x800230cc
core   0: 0x80007112 (0x0000c985) c.beqz  a1, pc + 48
core   0: 3 0x80007112 (0xc985)
core   0: 0x80007114 (0x41f85513) srai    a0, a6, 31
core   0: 3 0x80007114 (0x41f85513) x10 0x00000000
core   0: 0x80007118 (0x6b08f813) andi    a6, a7, 1712
core   0: 3 0x80007118 (0x6b08f813) x16 0x00000000
core   0: 0x8000711c (0x000065e9) c.lui   a1, 0x1a
core   0: 3 0x8000711c (0x65e9) x11 0x0001a000
core   0: 0x8000711e (0x0000100f) fence.i
core   0: 3 0x8000711e (0x0000100f)
core   0: 0x80007122 (0x0152cc33) xor     s8, t0, s5
core   0: 3 0x80007122 (0x0152cc33) x24 0xfffff8f3
core   0: 0x80007126 (0x20a73313) sltiu   t1, a4, 522
core   0: 3 0x80007126 (0x20a73313) x 6 0x00000001
core   0: 0x8000712a (0x023d7a63) bgeu    s10, gp, pc + 52
core   0: 3 0x8000712a (0x023d7a63)
core   0: 0x8000715e (0x01677fb3) and     t6, a4, s6
core   0: 3 0x8000715e (0x01677fb3) x31 0x00000001
core   0: 0x80007162 (0x00008d25) c.xor   a0, s1
core   0: 3 0x80007162 (0x8d25) x10 0xffffff13
core   0: 0x80007164 (0x0000187d) c.addi  a6, -1
core   0: 3 0x80007164 (0x187d) x16 0xffffffff
core   0: 0x80007166 (0x000085c9) c.srai  a1, 18
core   0: 3 0x80007166 (0x85c9) x11 0x00000000
core   0: 0x80007168 (0x00008e5d) c.or    a2, a5
core   0: 3 0x80007168 (0x8e5d) x12 0xffffffff
core   0: 0x8000716a (0x86f97693) andi    a3, s2, -1937
core   0: 3 0x8000716a (0x86f97693) x13 0x80026864
core   0: 0x8000716e (0x00008ecd) c.or    a3, a1
core   0: 3 0x8000716e (0x8ecd) x13 0x80026864
core   0: 0x80007170 (0x000084e9) c.srai  s1, 26
core   0: 3 0x80007170 (0x84e9) x 9 0xffffffff
core   0: 0x80007172 (0x010b7bb3) and     s7, s6, a6
core   0: 3 0x80007172 (0x010b7bb3) x23 0x00000001
core   0: 0x80007176 (0x00000001) c.nop
core   0: 3 0x80007176 (0x0001)
core   0: 0x80007178 (0x01a44863) blt     s0, s10, pc + 16
core   0: 3 0x80007178 (0x01a44863)
core   0: 0x8000717c (0x03c2c563) blt     t0, t3, pc + 42
core   0: 3 0x8000717c (0x03c2c563)
core   0: 0x800071a6 (0x03e970b3) remu    ra, s2, t5
core   0: 3 0x800071a6 (0x03e970b3) x 1 0x00003e80
core   0: 0x800071aa (0x01c8ff63) bgeu    a7, t3, pc + 30
core   0: 3 0x800071aa (0x01c8ff63)
core   0: 0x800071ae (0x0153ed33) or      s10, t2, s5
core   0: 3 0x800071ae (0x0153ed33) x26 0xfffff8f3
core   0: 0x800071b2 (0x00000516) c.slli  a0, 5
core   0: 3 0x800071b2 (0x0516) x10 0xffffe260
core   0: 0x800071b4 (0xcd6e0a93) addi    s5, t3, -810
core   0: 3 0x800071b4 (0xcd6e0a93) x21 0xffffff44
core   0: 0x800071b8 (0x0208f833) remu    a6, a7, zero
core   0: 3 0x800071b8 (0x0208f833) x16 0x00000001
core   0: 0x800071bc (0x003805b3) add     a1, a6, gp
core   0: 3 0x800071bc (0x003805b3) x11 0x00000001
core   0: 0x800071c0 (0x031086b3) mul     a3, ra, a7
core   0: 3 0x800071c0 (0x031086b3) x13 0x00003e80
core   0: 0x800071c4 (0x02c5fc33) remu    s8, a1, a2
core   0: 3 0x800071c4 (0x02c5fc33) x24 0x00000001
core   0: 0x800071c8 (0x40fadf93) srai    t6, s5, 15
core   0: 3 0x800071c8 (0x40fadf93) x31 0xffffffff
core   0: 0x800071cc (0x05a1c063) blt     gp, s10, pc + 64
core   0: 3 0x800071cc (0x05a1c063)
core   0: 0x800071d0 (0x417806b3) sub     a3, a6, s7
core   0: 3 0x800071d0 (0x417806b3) x13 0x00000000
core   0: 0x800071d4 (0x000089d2) c.mv    s3, s4
core   0: 3 0x800071d4 (0x89d2) x19 0x00000001
core   0: 0x800071d6 (0x00000c4a) c.slli  s8, 18
core   0: 3 0x800071d6 (0x0c4a) x24 0x00040000
core   0: 0x800071d8 (0x002fda13) srli    s4, t6, 2
core   0: 3 0x800071d8 (0x002fda13) x20 0x3fffffff
core   0: 0x800071dc (0x6830c197) auipc   gp, 0x6830c
core   0: 3 0x800071dc (0x6830c197) x 3 0xe83131dc
core   0: 0x800071e0 (0x05f30063) beq     t1, t6, pc + 64
core   0: 3 0x800071e0 (0x05f30063)
core   0: 0x800071e4 (0x021068b3) rem     a7, zero, ra
core   0: 3 0x800071e4 (0x021068b3) x17 0x00000000
core   0: 0x800071e8 (0x017022b3) slt     t0, zero, s7
core   0: 3 0x800071e8 (0x017022b3) x 5 0x00000001
core   0: 0x800071ec (0x00008cdd) c.or    s1, a5
core   0: 3 0x800071ec (0x8cdd) x 9 0xffffffff
core   0: 0x800071ee (0x00581233) sll     tp, a6, t0
core   0: 3 0x800071ee (0x00581233) x 4 0x00000002
core   0: 0x800071f2 (0x00000c99) c.addi  s9, 6
core   0: 3 0x800071f2 (0x0c99) x25 0xfffffa9b
core   0: 0x800071f4 (0x00008191) c.srli  a1, 4
core   0: 3 0x800071f4 (0x8191) x11 0x00000000
core   0: 0x800071f6 (0x0000141c) c.addi4spn a5, sp, 544
core   0: 3 0x800071f6 (0x141c) x15 0x00000220
core   0: 0x800071f8 (0x0000622d) c.lui   tp, 0xb
core   0: 3 0x800071f8 (0x622d) x 4 0x0000b000
core   0: 0x800071fa (0x41028a33) sub     s4, t0, a6
core   0: 3 0x800071fa (0x41028a33) x20 0x00000000
core   0: 0x800071fe (0x08969a63) bne     a3, s1, pc + 148
core   0: 3 0x800071fe (0x08969a63)
core   0: 0x80007292 (0x75d78013) addi    zero, a5, 1885
core   0: 3 0x80007292 (0x75d78013)
core   0: 0x80007296 (0x02b134b3) mulhu   s1, sp, a1
core   0: 3 0x80007296 (0x02b134b3) x 9 0x00000000
core   0: 0x8000729a (0x386cae93) slti    t4, s9, 902
core   0: 3 0x8000729a (0x386cae93) x29 0x00000001
core   0: 0x8000729e (0x038c9363) bne     s9, s8, pc + 38
core   0: 3 0x8000729e (0x038c9363)
core   0: 0x800072c4 (0x02ff6963) bltu    t5, a5, pc + 50
core   0: 3 0x800072c4 (0x02ff6963)
core   0: 0x800072c8 (0x003c4bb3) xor     s7, s8, gp
core   0: 3 0x800072c8 (0x003c4bb3) x23 0xe83531dc
core   0: 0x800072cc (0x00008e79) c.and   a2, a4
core   0: 3 0x800072cc (0x8e79) x12 0x00000001
core   0: 0x800072ce (0x02508eb3) mul     t4, ra, t0
core   0: 3 0x800072ce (0x02508eb3) x29 0x00003e80
core   0: 0x800072d2 (0x032a59b3) divu    s3, s4, s2
core   0: 3 0x800072d2 (0x032a59b3) x19 0x00000000
core   0: 0x800072d6 (0x281ff313) andi    t1, t6, 641
core   0: 3 0x800072d6 (0x281ff313) x 6 0x00000281
core   0: 0x800072da (0xba23b517) auipc   a0, 0xba23b
core   0: 3 0x800072da (0xba23b517) x10 0x3a2422da
core   0: 0x800072de (0x00006105) c.addi16sp sp, 32
core   0: 3 0x800072de (0x6105) x 2 0x00000020
core   0: 0x800072e0 (0x10027f13) andi    t5, tp, 256
core   0: 3 0x800072e0 (0x10027f13) x30 0x00000000
core   0: 0x800072e4 (0x01e10663) beq     sp, t5, pc + 12
core   0: 3 0x800072e4 (0x01e10663)
core   0: 0x800072e8 (0x00009e1a) c.add   t3, t1
core   0: 3 0x800072e8 (0x9e1a) x28 0x000004ef
core   0: 0x800072ea (0x000084d5) c.srai  s1, 21
core   0: 3 0x800072ea (0x84d5) x 9 0x00000000
core   0: 0x800072ec (0x0293f7b3) remu    a5, t2, s1
core   0: 3 0x800072ec (0x0293f7b3) x15 0x00000001
core   0: 0x800072f0 (0x00001b90) c.addi4spn a2, sp, 496
core   0: 3 0x800072f0 (0x1b90) x12 0x00000210
core   0: 0x800072f2 (0x00ca6663) bltu    s4, a2, pc + 12
core   0: 3 0x800072f2 (0x00ca6663)
core   0: 0x800072fe (0xda99ac13) slti    s8, s3, -599
core   0: 3 0x800072fe (0xda99ac13) x24 0x00000000
core   0: 0x80007302 (0x0000100f) fence.i
core   0: 3 0x80007302 (0x0000100f)
core   0: 0x80007306 (0x036b04b3) mul     s1, s6, s6
core   0: 3 0x80007306 (0x036b04b3) x 9 0x00000001
core   0: 0x8000730a (0x01377d63) bgeu    a4, s3, pc + 26
core   0: 3 0x8000730a (0x01377d63)
core   0: 0x80007324 (0x00055963) bgez    a0, pc + 18
core   0: 3 0x80007324 (0x00055963)
core   0: 0x80007336 (0x03456b63) bltu    a0, s4, pc + 54
core   0: 3 0x80007336 (0x03456b63)
core   0: 0x8000733a (0x03856d33) rem     s10, a0, s8
core   0: 3 0x8000733a (0x03856d33) x26 0x3a2422da
core   0: 0x8000733e (0x00008ff5) c.and   a5, a3
core   0: 3 0x8000733e (0x8ff5) x15 0x00000000
core   0: 0x80007340 (0x00bf9133) sll     sp, t6, a1
core   0: 3 0x80007340 (0x00bf9133) x 2 0xffffffff
core   0: 0x80007344 (0x000094ce) c.add   s1, s3
core   0: 3 0x80007344 (0x94ce) x 9 0x00000001
core   0: 0x80007346 (0x00000001) c.nop
core   0: 3 0x80007346 (0x0001)
core   0: 0x80007348 (0x8c232293) slti    t0, t1, -1854
core   0: 3 0x80007348 (0x8c232293) x 5 0x00000000
core   0: 0x8000734c (0x01799d13) slli    s10, s3, 23
core   0: 3 0x8000734c (0x01799d13) x26 0x00000000
core   0: 0x80007350 (0x03a814b3) mulh    s1, a6, s10
core   0: 3 0x80007350 (0x03a814b3) x 9 0x00000000
core   0: 0x80007354 (0x0000e095) c.bnez  s1, pc + 36
core   0: 3 0x80007354 (0xe095)
core   0: 0x80007356 (0xf37fef93) ori     t6, t6, -201
core   0: 3 0x80007356 (0xf37fef93) x31 0xffffffff
core   0: 0x8000735a (0x00000001) c.nop
core   0: 3 0x8000735a (0x0001)
core   0: 0x8000735c (0x00008999) c.andi  a1, 6
core   0: 3 0x8000735c (0x8999) x11 0x00000000
core   0: 0x8000735e (0x0000051c) c.addi4spn a5, sp, 640
core   0: 3 0x8000735e (0x051c) x15 0x0000027f
core   0: 0x80007360 (0x032b4063) blt     s6, s2, pc + 32
core   0: 3 0x80007360 (0x032b4063)
core   0: 0x80007364 (0xa3c90e13) addi    t3, s2, -1476
core   0: 3 0x80007364 (0xa3c90e13) x28 0x80026720
core   0: 0x80007368 (0x00006811) c.lui   a6, 0x4
core   0: 3 0x80007368 (0x6811) x16 0x00004000
core   0: 0x8000736a (0x00008c81) c.sub   s1, s0
core   0: 3 0x8000736a (0x8c81) x 9 0x00000000
core   0: 0x8000736c (0x00091393) slli    t2, s2, 0
core   0: 3 0x8000736c (0x00091393) x 7 0x80026ce4
core   0: 0x80007370 (0x01676a33) or      s4, a4, s6
core   0: 3 0x80007370 (0x01676a33) x20 0x00000001
core   0: 0x80007374 (0xdf43e713) ori     a4, t2, -524
core   0: 3 0x80007374 (0xdf43e713) x14 0xfffffdf4
core   0: 0x80007378 (0x005b6fb3) or      t6, s6, t0
core   0: 3 0x80007378 (0x005b6fb3) x31 0x00000001
core   0: 0x8000737c (0x01022f33) slt     t5, tp, a6
core   0: 3 0x8000737c (0x01022f33) x30 0x00000000
core   0: 0x80007380 (0x03e0b533) mulhu   a0, ra, t5
core   0: 3 0x80007380 (0x03e0b533) x10 0x00000000
core   0: 0x80007384 (0xb2b2ad13) slti    s10, t0, -1237
core   0: 3 0x80007384 (0xb2b2ad13) x26 0x00000000
core   0: 0x80007388 (0x00e5d5b3) srl     a1, a1, a4
core   0: 3 0x80007388 (0x00e5d5b3) x11 0x00000000
core   0: 0x8000738c (0x00009fa2) c.add   t6, s0
core   0: 3 0x8000738c (0x9fa2) x31 0x00000001
core   0: 0x8000738e (0x00000a0e) c.slli  s4, 3
core   0: 3 0x8000738e (0x0a0e) x20 0x00000008
core   0: 0x80007390 (0x409c08b3) sub     a7, s8, s1
core   0: 3 0x80007390 (0x409c08b3) x17 0x00000000
core   0: 0x80007394 (0x00008fbd) c.xor   a5, a5
core   0: 3 0x80007394 (0x8fbd) x15 0x00000000
core   0: 0x80007396 (0x0e31bc13) sltiu   s8, gp, 227
core   0: 3 0x80007396 (0x0e31bc13) x24 0x00000000
core   0: 0x8000739a (0x00001c7d) c.addi  s8, -1
core   0: 3 0x8000739a (0x1c7d) x24 0xffffffff
core   0: 0x8000739c (0x036d9663) bne     s11, s6, pc + 44
core   0: 3 0x8000739c (0x036d9663)
core   0: 0x800073c8 (0x02f41063) bne     s0, a5, pc + 32
core   0: 3 0x800073c8 (0x02f41063)
core   0: 0x800073cc (0x000080d1) c.srli  s1, 20
core   0: 3 0x800073cc (0x80d1) x 9 0x00000000
core   0: 0x800073ce (0x01983eb3) sltu    t4, a6, s9
core   0: 3 0x800073ce (0x01983eb3) x29 0x00000001
core   0: 0x800073d2 (0x00800b63) beq     zero, s0, pc + 22
core   0: 3 0x800073d2 (0x00800b63)
core   0: 0x800073e8 (0x34b34e93) xori    t4, t1, 843
core   0: 3 0x800073e8 (0x34b34e93) x29 0x000001ca
core   0: 0x800073ec (0x03a259b3) divu    s3, tp, s10
core   0: 3 0x800073ec (0x03a259b3) x19 0xffffffff
core   0: 0x800073f0 (0x03abcf33) div     t5, s7, s10
core   0: 3 0x800073f0 (0x03abcf33) x30 0xffffffff
core   0: 0x800073f4 (0x02d80cb3) mul     s9, a6, a3
core   0: 3 0x800073f4 (0x02d80cb3) x25 0x00000000
core   0: 0x800073f8 (0x00031893) slli    a7, t1, 0
core   0: 3 0x800073f8 (0x00031893) x17 0x00000281
core   0: 0x800073fc (0x01468863) beq     a3, s4, pc + 16
core   0: 3 0x800073fc (0x01468863)
core   0: 0x80007400 (0x00e0d663) bge     ra, a4, pc + 12
core   0: 3 0x80007400 (0x00e0d663)
core   0: 0x8000740c (0x037188b3) mul     a7, gp, s7
core   0: 3 0x8000740c (0x037188b3) x17 0xa75df510
core   0: 0x80007410 (0x00000417) auipc   s0, 0x0
core   0: 3 0x80007410 (0x00000417) x 8 0x80007410
core   0: 0x80007414 (0x00c40413) addi    s0, s0, 12
core   0: 3 0x80007414 (0x00c40413) x 8 0x8000741c
core   0: 0x80007418 (0x00040067) jr      s0
core   0: 3 0x80007418 (0x00040067)
core   0: 0x8000741c (0x00004185) c.li    gp, 1
core   0: 3 0x8000741c (0x4185) x 3 0x00000001
core   0: 0x8000741e (0x00000073) ecall
core   0: exception trap_machine_ecall, epc 0x8000741e
core   0: >>>>  mtvec_handler
core   0: 0x8000c380 (0x0400006f) j       pc + 0x40
core   0: 3 0x8000c380 (0x0400006f)
core   0: 0x8000c3c0 (0x00001971) c.addi  s2, -4
core   0: 3 0x8000c3c0 (0x1971) x18 0x80026ce0
core   0: 0x8000c3c2 (0x01b92023) sw      s11, 0(s2)
core   0: 3 0x8000c3c2 (0x01b92023) mem 0x80026ce0 0x80022e64
core   0: 0x8000c3c6 (0x00090db3) add     s11, s2, zero
core   0: 3 0x8000c3c6 (0x00090db3) x27 0x80026ce0
core   0: 0x8000c3ca (0xf80d8d93) addi    s11, s11, -128
core   0: 3 0x8000c3ca (0xf80d8d93) x27 0x80026c60
core   0: 0x8000c3ce (0x001da223) sw      ra, 4(s11)
core   0: 3 0x8000c3ce (0x001da223) mem 0x80026c64 0x00003e80
core   0: 0x8000c3d2 (0x002da423) sw      sp, 8(s11)
core   0: 3 0x8000c3d2 (0x002da423) mem 0x80026c68 0xffffffff
core   0: 0x8000c3d6 (0x003da623) sw      gp, 12(s11)
core   0: 3 0x8000c3d6 (0x003da623) mem 0x80026c6c 0x00000001
core   0: 0x8000c3da (0x004da823) sw      tp, 16(s11)
core   0: 3 0x8000c3da (0x004da823) mem 0x80026c70 0x0000b000
core   0: 0x8000c3de (0x005daa23) sw      t0, 20(s11)
core   0: 3 0x8000c3de (0x005daa23) mem 0x80026c74 0x00000000
core   0: 0x8000c3e2 (0x006dac23) sw      t1, 24(s11)
core   0: 3 0x8000c3e2 (0x006dac23) mem 0x80026c78 0x00000281
core   0: 0x8000c3e6 (0x007dae23) sw      t2, 28(s11)
core   0: 3 0x8000c3e6 (0x007dae23) mem 0x80026c7c 0x80026ce4
core   0: 0x8000c3ea (0x028da023) sw      s0, 32(s11)
core   0: 3 0x8000c3ea (0x028da023) mem 0x80026c80 0x8000741c
core   0: 0x8000c3ee (0x029da223) sw      s1, 36(s11)
core   0: 3 0x8000c3ee (0x029da223) mem 0x80026c84 0x00000000
core   0: 0x8000c3f2 (0x02ada423) sw      a0, 40(s11)
core   0: 3 0x8000c3f2 (0x02ada423) mem 0x80026c88 0x00000000
core   0: 0x8000c3f6 (0x02bda623) sw      a1, 44(s11)
core   0: 3 0x8000c3f6 (0x02bda623) mem 0x80026c8c 0x00000000
core   0: 0x8000c3fa (0x02cda823) sw      a2, 48(s11)
core   0: 3 0x8000c3fa (0x02cda823) mem 0x80026c90 0x00000210
core   0: 0x8000c3fe (0x02ddaa23) sw      a3, 52(s11)
core   0: 3 0x8000c3fe (0x02ddaa23) mem 0x80026c94 0x00000000
core   0: 0x8000c402 (0x02edac23) sw      a4, 56(s11)
core   0: 3 0x8000c402 (0x02edac23) mem 0x80026c98 0xfffffdf4
core   0: 0x8000c406 (0x02fdae23) sw      a5, 60(s11)
core   0: 3 0x8000c406 (0x02fdae23) mem 0x80026c9c 0x00000000
core   0: 0x8000c40a (0x050da023) sw      a6, 64(s11)
core   0: 3 0x8000c40a (0x050da023) mem 0x80026ca0 0x00004000
core   0: 0x8000c40e (0x051da223) sw      a7, 68(s11)
core   0: 3 0x8000c40e (0x051da223) mem 0x80026ca4 0xa75df510
core   0: 0x8000c412 (0x052da423) sw      s2, 72(s11)
core   0: 3 0x8000c412 (0x052da423) mem 0x80026ca8 0x80026ce0
core   0: 0x8000c416 (0x053da623) sw      s3, 76(s11)
core   0: 3 0x8000c416 (0x053da623) mem 0x80026cac 0xffffffff
core   0: 0x8000c41a (0x054da823) sw      s4, 80(s11)
core   0: 3 0x8000c41a (0x054da823) mem 0x80026cb0 0x00000008
core   0: 0x8000c41e (0x055daa23) sw      s5, 84(s11)
core   0: 3 0x8000c41e (0x055daa23) mem 0x80026cb4 0xffffff44
core   0: 0x8000c422 (0x056dac23) sw      s6, 88(s11)
core   0: 3 0x8000c422 (0x056dac23) mem 0x80026cb8 0x00000001
core   0: 0x8000c426 (0x057dae23) sw      s7, 92(s11)
core   0: 3 0x8000c426 (0x057dae23) mem 0x80026cbc 0xe83531dc
core   0: 0x8000c42a (0x078da023) sw      s8, 96(s11)
core   0: 3 0x8000c42a (0x078da023) mem 0x80026cc0 0xffffffff
core   0: 0x8000c42e (0x079da223) sw      s9, 100(s11)
core   0: 3 0x8000c42e (0x079da223) mem 0x80026cc4 0x00000000
core   0: 0x8000c432 (0x07ada423) sw      s10, 104(s11)
core   0: 3 0x8000c432 (0x07ada423) mem 0x80026cc8 0x00000000
core   0: 0x8000c436 (0x07bda623) sw      s11, 108(s11)
core   0: 3 0x8000c436 (0x07bda623) mem 0x80026ccc 0x80026c60
core   0: 0x8000c43a (0x07cda823) sw      t3, 112(s11)
core   0: 3 0x8000c43a (0x07cda823) mem 0x80026cd0 0x80026720
core   0: 0x8000c43e (0x07ddaa23) sw      t4, 116(s11)
core   0: 3 0x8000c43e (0x07ddaa23) mem 0x80026cd4 0x000001ca
core   0: 0x8000c442 (0x07edac23) sw      t5, 120(s11)
core   0: 3 0x8000c442 (0x07edac23) mem 0x80026cd8 0xffffffff
core   0: 0x8000c446 (0x07fdae23) sw      t6, 124(s11)
core   0: 3 0x8000c446 (0x07fdae23) mem 0x80026cdc 0x00000001
core   0: 0x8000c44a (0x000d8933) add     s2, s11, zero
core   0: 3 0x8000c44a (0x000d8933) x18 0x80026c60
core   0: 0x8000c44e (0x34102b73) csrr    s6, mepc
core   0: 3 0x8000c44e (0x34102b73) x22 0x8000741e
core   0: 0x8000c452 (0x34202b73) csrr    s6, mcause
core   0: 3 0x8000c452 (0x34202b73) x22 0x0000000b
core   0: 0x8000c456 (0x00004e8d) c.li    t4, 3
core   0: 3 0x8000c456 (0x4e8d) x29 0x00000003
core   0: 0x8000c458 (0x29db0d63) beq     s6, t4, pc + 666
core   0: 3 0x8000c458 (0x29db0d63)
core   0: 0x8000c45c (0x00004ea1) c.li    t4, 8
core   0: 3 0x8000c45c (0x4ea1) x29 0x00000008
core   0: 0x8000c45e (0x05db0563) beq     s6, t4, pc + 74
core   0: 3 0x8000c45e (0x05db0563)
core   0: 0x8000c462 (0x00004ea5) c.li    t4, 9
core   0: 3 0x8000c462 (0x4ea5) x29 0x00000009
core   0: 0x8000c464 (0x05db0263) beq     s6, t4, pc + 68
core   0: 3 0x8000c464 (0x05db0263)
core   0: 0x8000c468 (0x00004ead) c.li    t4, 11
core   0: 3 0x8000c468 (0x4ead) x29 0x0000000b
core   0: 0x8000c46a (0x03db0f63) beq     s6, t4, pc + 62
core   0: 3 0x8000c46a (0x03db0f63)
core   0: 0x8000c4a8 (0xffff4b17) auipc   s6, 0xffff4
core   0: 3 0x8000c4a8 (0xffff4b17) x22 0x800004a8
core   0: 0x8000c4ac (0xb58b0b13) addi    s6, s6, -1192
core   0: 3 0x8000c4ac (0xb58b0b13) x22 0x80000000
core   0: 0x8000c4b0 (0x000b2023) sw      zero, 0(s6)
core   0: 3 0x8000c4b0 (0x000b2023) mem 0x80000000 0x00000000
core   0: 0x8000c4b4 (0x001b2223) sw      ra, 4(s6)
core   0: 3 0x8000c4b4 (0x001b2223) mem 0x80000004 0x00003e80
core   0: 0x8000c4b8 (0x002b2423) sw      sp, 8(s6)
core   0: 3 0x8000c4b8 (0x002b2423) mem 0x80000008 0xffffffff
core   0: 0x8000c4bc (0x003b2623) sw      gp, 12(s6)
core   0: 3 0x8000c4bc (0x003b2623) mem 0x8000000c 0x00000001
core   0: 0x8000c4c0 (0x004b2823) sw      tp, 16(s6)
core   0: 3 0x8000c4c0 (0x004b2823) mem 0x80000010 0x0000b000
core   0: 0x8000c4c4 (0x005b2a23) sw      t0, 20(s6)
core   0: 3 0x8000c4c4 (0x005b2a23) mem 0x80000014 0x00000000
core   0: 0x8000c4c8 (0x006b2c23) sw      t1, 24(s6)
core   0: 3 0x8000c4c8 (0x006b2c23) mem 0x80000018 0x00000281
core   0: 0x8000c4cc (0x007b2e23) sw      t2, 28(s6)
core   0: 3 0x8000c4cc (0x007b2e23) mem 0x8000001c 0x80026ce4
core   0: 0x8000c4d0 (0x028b2023) sw      s0, 32(s6)
core   0: 3 0x8000c4d0 (0x028b2023) mem 0x80000020 0x8000741c
core   0: 0x8000c4d4 (0x029b2223) sw      s1, 36(s6)
core   0: 3 0x8000c4d4 (0x029b2223) mem 0x80000024 0x00000000
core   0: 0x8000c4d8 (0x02ab2423) sw      a0, 40(s6)
core   0: 3 0x8000c4d8 (0x02ab2423) mem 0x80000028 0x00000000
core   0: 0x8000c4dc (0x02bb2623) sw      a1, 44(s6)
core   0: 3 0x8000c4dc (0x02bb2623) mem 0x8000002c 0x00000000
core   0: 0x8000c4e0 (0x02cb2823) sw      a2, 48(s6)
core   0: 3 0x8000c4e0 (0x02cb2823) mem 0x80000030 0x00000210
core   0: 0x8000c4e4 (0x02db2a23) sw      a3, 52(s6)
core   0: 3 0x8000c4e4 (0x02db2a23) mem 0x80000034 0x00000000
core   0: 0x8000c4e8 (0x02eb2c23) sw      a4, 56(s6)
core   0: 3 0x8000c4e8 (0x02eb2c23) mem 0x80000038 0xfffffdf4
core   0: 0x8000c4ec (0x02fb2e23) sw      a5, 60(s6)
core   0: 3 0x8000c4ec (0x02fb2e23) mem 0x8000003c 0x00000000
core   0: 0x8000c4f0 (0x050b2023) sw      a6, 64(s6)
core   0: 3 0x8000c4f0 (0x050b2023) mem 0x80000040 0x00004000
core   0: 0x8000c4f4 (0x051b2223) sw      a7, 68(s6)
core   0: 3 0x8000c4f4 (0x051b2223) mem 0x80000044 0xa75df510
core   0: 0x8000c4f8 (0x052b2423) sw      s2, 72(s6)
core   0: 3 0x8000c4f8 (0x052b2423) mem 0x80000048 0x80026c60
core   0: 0x8000c4fc (0x053b2623) sw      s3, 76(s6)
core   0: 3 0x8000c4fc (0x053b2623) mem 0x8000004c 0xffffffff
core   0: 0x8000c500 (0x054b2823) sw      s4, 80(s6)
core   0: 3 0x8000c500 (0x054b2823) mem 0x80000050 0x00000008
core   0: 0x8000c504 (0x055b2a23) sw      s5, 84(s6)
core   0: 3 0x8000c504 (0x055b2a23) mem 0x80000054 0xffffff44
core   0: 0x8000c508 (0x056b2c23) sw      s6, 88(s6)
core   0: 3 0x8000c508 (0x056b2c23) mem 0x80000058 0x80000000
core   0: 0x8000c50c (0x057b2e23) sw      s7, 92(s6)
core   0: 3 0x8000c50c (0x057b2e23) mem 0x8000005c 0xe83531dc
core   0: 0x8000c510 (0x078b2023) sw      s8, 96(s6)
core   0: 3 0x8000c510 (0x078b2023) mem 0x80000060 0xffffffff
core   0: 0x8000c514 (0x079b2223) sw      s9, 100(s6)
core   0: 3 0x8000c514 (0x079b2223) mem 0x80000064 0x00000000
core   0: 0x8000c518 (0x07ab2423) sw      s10, 104(s6)
core   0: 3 0x8000c518 (0x07ab2423) mem 0x80000068 0x00000000
core   0: 0x8000c51c (0x07bb2623) sw      s11, 108(s6)
core   0: 3 0x8000c51c (0x07bb2623) mem 0x8000006c 0x80026c60
core   0: 0x8000c520 (0x07cb2823) sw      t3, 112(s6)
core   0: 3 0x8000c520 (0x07cb2823) mem 0x80000070 0x80026720
core   0: 0x8000c524 (0x07db2a23) sw      t4, 116(s6)
core   0: 3 0x8000c524 (0x07db2a23) mem 0x80000074 0x0000000b
core   0: 0x8000c528 (0x07eb2c23) sw      t5, 120(s6)
core   0: 3 0x8000c528 (0x07eb2c23) mem 0x80000078 0xffffffff
core   0: 0x8000c52c (0x07fb2e23) sw      t6, 124(s6)
core   0: 3 0x8000c52c (0x07fb2e23) mem 0x8000007c 0x00000001
core   0: 0x8000c530 (0xfffff417) auipc   s0, 0xfffff
core   0: 3 0x8000c530 (0xfffff417) x 8 0x8000b530
core   0: 0x8000c534 (0x45440413) addi    s0, s0, 1108
core   0: 3 0x8000c534 (0x45440413) x 8 0x8000b984
core   0: 0x8000c538 (0x00040067) jr      s0
core   0: 3 0x8000c538 (0x00040067)
core   0: 0x8000b984 (0x00001f17) auipc   t5, 0x1
core   0: 3 0x8000b984 (0x00001f17) x30 0x8000c984
core   0: 0x8000b988 (0x663f2e23) sw      gp, 1660(t5)
core   0: 3 0x8000b988 (0x663f2e23) mem 0x8000d000 0x00000001
core   0: 0x8000b98c (0x0000bfe5) c.j     pc - 8
core   0: 3 0x8000b98c (0xbfe5)
core   0: 0x8000b984 (0x00001f17) auipc   t5, 0x1
core   0: 3 0x8000b984 (0x00001f17) x30 0x8000c984
core   0: 0x8000b988 (0x663f2e23) sw      gp, 1660(t5)
core   0: 3 0x8000b988 (0x663f2e23) mem 0x8000d000 0x00000001
core   0: 0x8000b98c (0x0000bfe5) c.j     pc - 8
core   0: 3 0x8000b98c (0xbfe5)
core   0: 0x8000b984 (0x00001f17) auipc   t5, 0x1
core   0: 3 0x8000b984 (0x00001f17) x30 0x8000c984
core   0: 0x8000b988 (0x663f2e23) sw      gp, 1660(t5)
core   0: 3 0x8000b988 (0x663f2e23) mem 0x8000d000 0x00000001
core   0: 0x8000b98c (0x0000bfe5) c.j     pc - 8
core   0: 3 0x8000b98c (0xbfe5)
core   0: 0x8000b984 (0x00001f17) auipc   t5, 0x1
core   0: 3 0x8000b984 (0x00001f17) x30 0x8000c984
core   0: 0x8000b988 (0x663f2e23) sw      gp, 1660(t5)
core   0: 3 0x8000b988 (0x663f2e23) mem 0x8000d000 0x00000001
core   0: 0x8000b98c (0x0000bfe5) c.j     pc - 8
core   0: 3 0x8000b98c (0xbfe5)
core   0: 0x8000b984 (0x00001f17) auipc   t5, 0x1
core   0: 3 0x8000b984 (0x00001f17) x30 0x8000c984
core   0: 0x8000b988 (0x663f2e23) sw      gp, 1660(t5)
core   0: 3 0x8000b988 (0x663f2e23) mem 0x8000d000 0x00000001
core   0: 0x8000b98c (0x0000bfe5) c.j     pc - 8
core   0: 3 0x8000b98c (0xbfe5)
core   0: 0x8000b984 (0x00001f17) auipc   t5, 0x1
core   0: 3 0x8000b984 (0x00001f17) x30 0x8000c984
core   0: 0x8000b988 (0x663f2e23) sw      gp, 1660(t5)
core   0: 3 0x8000b988 (0x663f2e23) mem 0x8000d000 0x00000001
core   0: 0x8000b98c (0x0000bfe5) c.j     pc - 8
core   0: 3 0x8000b98c (0xbfe5)
core   0: 0x8000b984 (0x00001f17) auipc   t5, 0x1
core   0: 3 0x8000b984 (0x00001f17) x30 0x8000c984
core   0: 0x8000b988 (0x663f2e23) sw      gp, 1660(t5)
core   0: 3 0x8000b988 (0x663f2e23) mem 0x8000d000 0x00000001
core   0: 0x8000b98c (0x0000bfe5) c.j     pc - 8
core   0: 3 0x8000b98c (0xbfe5)
core   0: 0x8000b984 (0x00001f17) auipc   t5, 0x1
core   0: 3 0x8000b984 (0x00001f17) x30 0x8000c984
core   0: 0x8000b988 (0x663f2e23) sw      gp, 1660(t5)
core   0: 3 0x8000b988 (0x663f2e23) mem 0x8000d000 0x00000001
core   0: 0x8000b98c (0x0000bfe5) c.j     pc - 8
core   0: 3 0x8000b98c (0xbfe5)
core   0: 0x8000b984 (0x00001f17) auipc   t5, 0x1
core   0: 3 0x8000b984 (0x00001f17) x30 0x8000c984
core   0: 0x8000b988 (0x663f2e23) sw      gp, 1660(t5)
core   0: 3 0x8000b988 (0x663f2e23) mem 0x8000d000 0x00000001
core   0: 0x8000b98c (0x0000bfe5) c.j     pc - 8
core   0: 3 0x8000b98c (0xbfe5)
core   0: 0x8000b984 (0x00001f17) auipc   t5, 0x1
core   0: 3 0x8000b984 (0x00001f17) x30 0x8000c984
core   0: 0x8000b988 (0x663f2e23) sw      gp, 1660(t5)
core   0: 3 0x8000b988 (0x663f2e23) mem 0x8000d000 0x00000001
core   0: 0x8000b98c (0x0000bfe5) c.j     pc - 8
core   0: 3 0x8000b98c (0xbfe5)
core   0: 0x8000b984 (0x00001f17) auipc   t5, 0x1
core   0: 3 0x8000b984 (0x00001f17) x30 0x8000c984
core   0: 0x8000b988 (0x663f2e23) sw      gp, 1660(t5)
core   0: 3 0x8000b988 (0x663f2e23) mem 0x8000d000 0x00000001
core   0: 0x8000b98c (0x0000bfe5) c.j     pc - 8
core   0: 3 0x8000b98c (0xbfe5)
core   0: 0x8000b984 (0x00001f17) auipc   t5, 0x1
core   0: 3 0x8000b984 (0x00001f17) x30 0x8000c984
core   0: 0x8000b988 (0x663f2e23) sw      gp, 1660(t5)
core   0: 3 0x8000b988 (0x663f2e23) mem 0x8000d000 0x00000001
core   0: 0x8000b98c (0x0000bfe5) c.j     pc - 8
core   0: 3 0x8000b98c (0xbfe5)
core   0: 0x8000b984 (0x00001f17) auipc   t5, 0x1
core   0: 3 0x8000b984 (0x00001f17) x30 0x8000c984
core   0: 0x8000b988 (0x663f2e23) sw      gp, 1660(t5)
core   0: 3 0x8000b988 (0x663f2e23) mem 0x8000d000 0x00000001
core   0: 0x8000b98c (0x0000bfe5) c.j     pc - 8
core   0: 3 0x8000b98c (0xbfe5)
core   0: 0x8000b984 (0x00001f17) auipc   t5, 0x1
core   0: 3 0x8000b984 (0x00001f17) x30 0x8000c984
core   0: 0x8000b988 (0x663f2e23) sw      gp, 1660(t5)
core   0: 3 0x8000b988 (0x663f2e23) mem 0x8000d000 0x00000001
core   0: 0x8000b98c (0x0000bfe5) c.j     pc - 8
core   0: 3 0x8000b98c (0xbfe5)
core   0: 0x8000b984 (0x00001f17) auipc   t5, 0x1
core   0: 3 0x8000b984 (0x00001f17) x30 0x8000c984
core   0: 0x8000b988 (0x663f2e23) sw      gp, 1660(t5)
core   0: 3 0x8000b988 (0x663f2e23) mem 0x8000d000 0x00000001
core   0: 0x8000b98c (0x0000bfe5) c.j     pc - 8
core   0: 3 0x8000b98c (0xbfe5)
core   0: 0x8000b984 (0x00001f17) auipc   t5, 0x1
core   0: 3 0x8000b984 (0x00001f17) x30 0x8000c984
core   0: 0x8000b988 (0x663f2e23) sw      gp, 1660(t5)
core   0: 3 0x8000b988 (0x663f2e23) mem 0x8000d000 0x00000001
core   0: 0x8000b98c (0x0000bfe5) c.j     pc - 8
core   0: 3 0x8000b98c (0xbfe5)
core   0: 0x8000b984 (0x00001f17) auipc   t5, 0x1
core   0: 3 0x8000b984 (0x00001f17) x30 0x8000c984
core   0: 0x8000b988 (0x663f2e23) sw      gp, 1660(t5)
core   0: 3 0x8000b988 (0x663f2e23) mem 0x8000d000 0x00000001
core   0: 0x8000b98c (0x0000bfe5) c.j     pc - 8
core   0: 3 0x8000b98c (0xbfe5)
core   0: 0x8000b984 (0x00001f17) auipc   t5, 0x1
core   0: 3 0x8000b984 (0x00001f17) x30 0x8000c984
core   0: 0x8000b988 (0x663f2e23) sw      gp, 1660(t5)
core   0: 3 0x8000b988 (0x663f2e23) mem 0x8000d000 0x00000001
core   0: 0x8000b98c (0x0000bfe5) c.j     pc - 8
core   0: 3 0x8000b98c (0xbfe5)
core   0: 0x8000b984 (0x00001f17) auipc   t5, 0x1
core   0: 3 0x8000b984 (0x00001f17) x30 0x8000c984
core   0: 0x8000b988 (0x663f2e23) sw      gp, 1660(t5)
core   0: 3 0x8000b988 (0x663f2e23) mem 0x8000d000 0x00000001
core   0: 0x8000b98c (0x0000bfe5) c.j     pc - 8
core   0: 3 0x8000b98c (0xbfe5)
core   0: 0x8000b984 (0x00001f17) auipc   t5, 0x1
core   0: 3 0x8000b984 (0x00001f17) x30 0x8000c984
core   0: 0x8000b988 (0x663f2e23) sw      gp, 1660(t5)
core   0: 3 0x8000b988 (0x663f2e23) mem 0x8000d000 0x00000001
core   0: 0x8000b98c (0x0000bfe5) c.j     pc - 8
core   0: 3 0x8000b98c (0xbfe5)
core   0: 0x8000b984 (0x00001f17) auipc   t5, 0x1
core   0: 3 0x8000b984 (0x00001f17) x30 0x8000c984
core   0: 0x8000b988 (0x663f2e23) sw      gp, 1660(t5)
core   0: 3 0x8000b988 (0x663f2e23) mem 0x8000d000 0x00000001
core   0: 0x8000b98c (0x0000bfe5) c.j     pc - 8
core   0: 3 0x8000b98c (0xbfe5)
core   0: 0x8000b984 (0x00001f17) auipc   t5, 0x1
core   0: 3 0x8000b984 (0x00001f17) x30 0x8000c984
core   0: 0x8000b988 (0x663f2e23) sw      gp, 1660(t5)
core   0: 3 0x8000b988 (0x663f2e23) mem 0x8000d000 0x00000001
core   0: 0x8000b98c (0x0000bfe5) c.j     pc - 8
core   0: 3 0x8000b98c (0xbfe5)
core   0: 0x8000b984 (0x00001f17) auipc   t5, 0x1
core   0: 3 0x8000b984 (0x00001f17) x30 0x8000c984
core   0: 0x8000b988 (0x663f2e23) sw      gp, 1660(t5)
core   0: 3 0x8000b988 (0x663f2e23) mem 0x8000d000 0x00000001
core   0: 0x8000b98c (0x0000bfe5) c.j     pc - 8
core   0: 3 0x8000b98c (0xbfe5)
core   0: 0x8000b984 (0x00001f17) auipc   t5, 0x1
core   0: 3 0x8000b984 (0x00001f17) x30 0x8000c984
core   0: 0x8000b988 (0x663f2e23) sw      gp, 1660(t5)
core   0: 3 0x8000b988 (0x663f2e23) mem 0x8000d000 0x00000001
core   0: 0x8000b98c (0x0000bfe5) c.j     pc - 8
core   0: 3 0x8000b98c (0xbfe5)
core   0: 0x8000b984 (0x00001f17) auipc   t5, 0x1
core   0: 3 0x8000b984 (0x00001f17) x30 0x8000c984
core   0: 0x8000b988 (0x663f2e23) sw      gp, 1660(t5)
core   0: 3 0x8000b988 (0x663f2e23) mem 0x8000d000 0x00000001
core   0: 0x8000b98c (0x0000bfe5) c.j     pc - 8
core   0: 3 0x8000b98c (0xbfe5)
core   0: 0x8000b984 (0x00001f17) auipc   t5, 0x1
core   0: 3 0x8000b984 (0x00001f17) x30 0x8000c984
core   0: 0x8000b988 (0x663f2e23) sw      gp, 1660(t5)
core   0: 3 0x8000b988 (0x663f2e23) mem 0x8000d000 0x00000001
core   0: 0x8000b98c (0x0000bfe5) c.j     pc - 8
core   0: 3 0x8000b98c (0xbfe5)
core   0: 0x8000b984 (0x00001f17) auipc   t5, 0x1
core   0: 3 0x8000b984 (0x00001f17) x30 0x8000c984
core   0: 0x8000b988 (0x663f2e23) sw      gp, 1660(t5)
core   0: 3 0x8000b988 (0x663f2e23) mem 0x8000d000 0x00000001
core   0: 0x8000b98c (0x0000bfe5) c.j     pc - 8
core   0: 3 0x8000b98c (0xbfe5)
core   0: 0x8000b984 (0x00001f17) auipc   t5, 0x1
core   0: 3 0x8000b984 (0x00001f17) x30 0x8000c984
core   0: 0x8000b988 (0x663f2e23) sw      gp, 1660(t5)
core   0: 3 0x8000b988 (0x663f2e23) mem 0x8000d000 0x00000001
core   0: 0x8000b98c (0x0000bfe5) c.j     pc - 8
core   0: 3 0x8000b98c (0xbfe5)
core   0: 0x8000b984 (0x00001f17) auipc   t5, 0x1
core   0: 3 0x8000b984 (0x00001f17) x30 0x8000c984
core   0: 0x8000b988 (0x663f2e23) sw      gp, 1660(t5)
core   0: 3 0x8000b988 (0x663f2e23) mem 0x8000d000 0x00000001
core   0: 0x8000b98c (0x0000bfe5) c.j     pc - 8
core   0: 3 0x8000b98c (0xbfe5)
core   0: 0x8000b984 (0x00001f17) auipc   t5, 0x1
core   0: 3 0x8000b984 (0x00001f17) x30 0x8000c984
core   0: 0x8000b988 (0x663f2e23) sw      gp, 1660(t5)
core   0: 3 0x8000b988 (0x663f2e23) mem 0x8000d000 0x00000001
core   0: 0x8000b98c (0x0000bfe5) c.j     pc - 8
core   0: 3 0x8000b98c (0xbfe5)
core   0: 0x8000b984 (0x00001f17) auipc   t5, 0x1
core   0: 3 0x8000b984 (0x00001f17) x30 0x8000c984
core   0: 0x8000b988 (0x663f2e23) sw      gp, 1660(t5)
core   0: 3 0x8000b988 (0x663f2e23) mem 0x8000d000 0x00000001
core   0: 0x8000b98c (0x0000bfe5) c.j     pc - 8
core   0: 3 0x8000b98c (0xbfe5)
core   0: 0x8000b984 (0x00001f17) auipc   t5, 0x1
core   0: 3 0x8000b984 (0x00001f17) x30 0x8000c984
core   0: 0x8000b988 (0x663f2e23) sw      gp, 1660(t5)
core   0: 3 0x8000b988 (0x663f2e23) mem 0x8000d000 0x00000001
core   0: 0x8000b98c (0x0000bfe5) c.j     pc - 8
core   0: 3 0x8000b98c (0xbfe5)
core   0: 0x8000b984 (0x00001f17) auipc   t5, 0x1
core   0: 3 0x8000b984 (0x00001f17) x30 0x8000c984
core   0: 0x8000b988 (0x663f2e23) sw      gp, 1660(t5)
core   0: 3 0x8000b988 (0x663f2e23) mem 0x8000d000 0x00000001
core   0: 0x8000b98c (0x0000bfe5) c.j     pc - 8
core   0: 3 0x8000b98c (0xbfe5)
core   0: 0x8000b984 (0x00001f17) auipc   t5, 0x1
core   0: 3 0x8000b984 (0x00001f17) x30 0x8000c984
core   0: 0x8000b988 (0x663f2e23) sw      gp, 1660(t5)
core   0: 3 0x8000b988 (0x663f2e23) mem 0x8000d000 0x00000001
core   0: 0x8000b98c (0x0000bfe5) c.j     pc - 8
core   0: 3 0x8000b98c (0xbfe5)
core   0: 0x8000b984 (0x00001f17) auipc   t5, 0x1
core   0: 3 0x8000b984 (0x00001f17) x30 0x8000c984
core   0: 0x8000b988 (0x663f2e23) sw      gp, 1660(t5)
core   0: 3 0x8000b988 (0x663f2e23) mem 0x8000d000 0x00000001
core   0: 0x8000b98c (0x0000bfe5) c.j     pc - 8
core   0: 3 0x8000b98c (0xbfe5)
core   0: 0x8000b984 (0x00001f17) auipc   t5, 0x1
core   0: 3 0x8000b984 (0x00001f17) x30 0x8000c984
core   0: 0x8000b988 (0x663f2e23) sw      gp, 1660(t5)
core   0: 3 0x8000b988 (0x663f2e23) mem 0x8000d000 0x00000001
core   0: 0x8000b98c (0x0000bfe5) c.j     pc - 8
core   0: 3 0x8000b98c (0xbfe5)
core   0: 0x8000b984 (0x00001f17) auipc   t5, 0x1
core   0: 3 0x8000b984 (0x00001f17) x30 0x8000c984
core   0: 0x8000b988 (0x663f2e23) sw      gp, 1660(t5)
core   0: 3 0x8000b988 (0x663f2e23) mem 0x8000d000 0x00000001
core   0: 0x8000b98c (0x0000bfe5) c.j     pc - 8
core   0: 3 0x8000b98c (0xbfe5)
core   0: 0x8000b984 (0x00001f17) auipc   t5, 0x1
core   0: 3 0x8000b984 (0x00001f17) x30 0x8000c984
core   0: 0x8000b988 (0x663f2e23) sw      gp, 1660(t5)
core   0: 3 0x8000b988 (0x663f2e23) mem 0x8000d000 0x00000001
core   0: 0x8000b98c (0x0000bfe5) c.j     pc - 8
core   0: 3 0x8000b98c (0xbfe5)
core   0: 0x8000b984 (0x00001f17) auipc   t5, 0x1
core   0: 3 0x8000b984 (0x00001f17) x30 0x8000c984
core   0: 0x8000b988 (0x663f2e23) sw      gp, 1660(t5)
core   0: 3 0x8000b988 (0x663f2e23) mem 0x8000d000 0x00000001
core   0: 0x8000b98c (0x0000bfe5) c.j     pc - 8
core   0: 3 0x8000b98c (0xbfe5)
core   0: 0x8000b984 (0x00001f17) auipc   t5, 0x1
core   0: 3 0x8000b984 (0x00001f17) x30 0x8000c984
core   0: 0x8000b988 (0x663f2e23) sw      gp, 1660(t5)
core   0: 3 0x8000b988 (0x663f2e23) mem 0x8000d000 0x00000001
core   0: 0x8000b98c (0x0000bfe5) c.j     pc - 8
core   0: 3 0x8000b98c (0xbfe5)
core   0: 0x8000b984 (0x00001f17) auipc   t5, 0x1
core   0: 3 0x8000b984 (0x00001f17) x30 0x8000c984
core   0: 0x8000b988 (0x663f2e23) sw      gp, 1660(t5)
core   0: 3 0x8000b988 (0x663f2e23) mem 0x8000d000 0x00000001
core   0: 0x8000b98c (0x0000bfe5) c.j     pc - 8
core   0: 3 0x8000b98c (0xbfe5)
core   0: 0x8000b984 (0x00001f17) auipc   t5, 0x1
core   0: 3 0x8000b984 (0x00001f17) x30 0x8000c984
core   0: 0x8000b988 (0x663f2e23) sw      gp, 1660(t5)
core   0: 3 0x8000b988 (0x663f2e23) mem 0x8000d000 0x00000001
core   0: 0x8000b98c (0x0000bfe5) c.j     pc - 8
core   0: 3 0x8000b98c (0xbfe5)
core   0: 0x8000b984 (0x00001f17) auipc   t5, 0x1
core   0: 3 0x8000b984 (0x00001f17) x30 0x8000c984
core   0: 0x8000b988 (0x663f2e23) sw      gp, 1660(t5)
core   0: 3 0x8000b988 (0x663f2e23) mem 0x8000d000 0x00000001
core   0: 0x8000b98c (0x0000bfe5) c.j     pc - 8
core   0: 3 0x8000b98c (0xbfe5)
core   0: 0x8000b984 (0x00001f17) auipc   t5, 0x1
core   0: 3 0x8000b984 (0x00001f17) x30 0x8000c984
core   0: 0x8000b988 (0x663f2e23) sw      gp, 1660(t5)
core   0: 3 0x8000b988 (0x663f2e23) mem 0x8000d000 0x00000001
core   0: 0x8000b98c (0x0000bfe5) c.j     pc - 8
core   0: 3 0x8000b98c (0xbfe5)
core   0: 0x8000b984 (0x00001f17) auipc   t5, 0x1
core   0: 3 0x8000b984 (0x00001f17) x30 0x8000c984
core   0: 0x8000b988 (0x663f2e23) sw      gp, 1660(t5)
core   0: 3 0x8000b988 (0x663f2e23) mem 0x8000d000 0x00000001
core   0: 0x8000b98c (0x0000bfe5) c.j     pc - 8
core   0: 3 0x8000b98c (0xbfe5)
core   0: 0x8000b984 (0x00001f17) auipc   t5, 0x1
core   0: 3 0x8000b984 (0x00001f17) x30 0x8000c984
core   0: 0x8000b988 (0x663f2e23) sw      gp, 1660(t5)
core   0: 3 0x8000b988 (0x663f2e23) mem 0x8000d000 0x00000001
core   0: 0x8000b98c (0x0000bfe5) c.j     pc - 8
core   0: 3 0x8000b98c (0xbfe5)
core   0: 0x8000b984 (0x00001f17) auipc   t5, 0x1
core   0: 3 0x8000b984 (0x00001f17) x30 0x8000c984
core   0: 0x8000b988 (0x663f2e23) sw      gp, 1660(t5)
core   0: 3 0x8000b988 (0x663f2e23) mem 0x8000d000 0x00000001
core   0: 0x8000b98c (0x0000bfe5) c.j     pc - 8
core   0: 3 0x8000b98c (0xbfe5)
core   0: 0x8000b984 (0x00001f17) auipc   t5, 0x1
core   0: 3 0x8000b984 (0x00001f17) x30 0x8000c984
core   0: 0x8000b988 (0x663f2e23) sw      gp, 1660(t5)
core   0: 3 0x8000b988 (0x663f2e23) mem 0x8000d000 0x00000001
core   0: 0x8000b98c (0x0000bfe5) c.j     pc - 8
core   0: 3 0x8000b98c (0xbfe5)
core   0: 0x8000b984 (0x00001f17) auipc   t5, 0x1
core   0: 3 0x8000b984 (0x00001f17) x30 0x8000c984
core   0: 0x8000b988 (0x663f2e23) sw      gp, 1660(t5)
core   0: 3 0x8000b988 (0x663f2e23) mem 0x8000d000 0x00000001
core   0: 0x8000b98c (0x0000bfe5) c.j     pc - 8
core   0: 3 0x8000b98c (0xbfe5)
core   0: 0x8000b984 (0x00001f17) auipc   t5, 0x1
core   0: 3 0x8000b984 (0x00001f17) x30 0x8000c984
core   0: 0x8000b988 (0x663f2e23) sw      gp, 1660(t5)
core   0: 3 0x8000b988 (0x663f2e23) mem 0x8000d000 0x00000001
core   0: 0x8000b98c (0x0000bfe5) c.j     pc - 8
core   0: 3 0x8000b98c (0xbfe5)
core   0: 0x8000b984 (0x00001f17) auipc   t5, 0x1
core   0: 3 0x8000b984 (0x00001f17) x30 0x8000c984
core   0: 0x8000b988 (0x663f2e23) sw      gp, 1660(t5)
core   0: 3 0x8000b988 (0x663f2e23) mem 0x8000d000 0x00000001
core   0: 0x8000b98c (0x0000bfe5) c.j     pc - 8
core   0: 3 0x8000b98c (0xbfe5)
core   0: 0x8000b984 (0x00001f17) auipc   t5, 0x1
core   0: 3 0x8000b984 (0x00001f17) x30 0x8000c984
core   0: 0x8000b988 (0x663f2e23) sw      gp, 1660(t5)
core   0: 3 0x8000b988 (0x663f2e23) mem 0x8000d000 0x00000001
core   0: 0x8000b98c (0x0000bfe5) c.j     pc - 8
core   0: 3 0x8000b98c (0xbfe5)
core   0: 0x8000b984 (0x00001f17) auipc   t5, 0x1
core   0: 3 0x8000b984 (0x00001f17) x30 0x8000c984
core   0: 0x8000b988 (0x663f2e23) sw      gp, 1660(t5)
core   0: 3 0x8000b988 (0x663f2e23) mem 0x8000d000 0x00000001
core   0: 0x8000b98c (0x0000bfe5) c.j     pc - 8
core   0: 3 0x8000b98c (0xbfe5)
core   0: 0x8000b984 (0x00001f17) auipc   t5, 0x1
core   0: 3 0x8000b984 (0x00001f17) x30 0x8000c984
core   0: 0x8000b988 (0x663f2e23) sw      gp, 1660(t5)
core   0: 3 0x8000b988 (0x663f2e23) mem 0x8000d000 0x00000001
core   0: 0x8000b98c (0x0000bfe5) c.j     pc - 8
core   0: 3 0x8000b98c (0xbfe5)
core   0: 0x8000b984 (0x00001f17) auipc   t5, 0x1
core   0: 3 0x8000b984 (0x00001f17) x30 0x8000c984
core   0: 0x8000b988 (0x663f2e23) sw      gp, 1660(t5)
core   0: 3 0x8000b988 (0x663f2e23) mem 0x8000d000 0x00000001
core   0: 0x8000b98c (0x0000bfe5) c.j     pc - 8
core   0: 3 0x8000b98c (0xbfe5)
core   0: 0x8000b984 (0x00001f17) auipc   t5, 0x1
core   0: 3 0x8000b984 (0x00001f17) x30 0x8000c984
core   0: 0x8000b988 (0x663f2e23) sw      gp, 1660(t5)
core   0: 3 0x8000b988 (0x663f2e23) mem 0x8000d000 0x00000001
core   0: 0x8000b98c (0x0000bfe5) c.j     pc - 8
core   0: 3 0x8000b98c (0xbfe5)
core   0: 0x8000b984 (0x00001f17) auipc   t5, 0x1
core   0: 3 0x8000b984 (0x00001f17) x30 0x8000c984
core   0: 0x8000b988 (0x663f2e23) sw      gp, 1660(t5)
core   0: 3 0x8000b988 (0x663f2e23) mem 0x8000d000 0x00000001
core   0: 0x8000b98c (0x0000bfe5) c.j     pc - 8
core   0: 3 0x8000b98c (0xbfe5)
core   0: 0x8000b984 (0x00001f17) auipc   t5, 0x1
core   0: 3 0x8000b984 (0x00001f17) x30 0x8000c984
core   0: 0x8000b988 (0x663f2e23) sw      gp, 1660(t5)
core   0: 3 0x8000b988 (0x663f2e23) mem 0x8000d000 0x00000001
core   0: 0x8000b98c (0x0000bfe5) c.j     pc - 8
core   0: 3 0x8000b98c (0xbfe5)
core   0: 0x8000b984 (0x00001f17) auipc   t5, 0x1
core   0: 3 0x8000b984 (0x00001f17) x30 0x8000c984
core   0: 0x8000b988 (0x663f2e23) sw      gp, 1660(t5)
core   0: 3 0x8000b988 (0x663f2e23) mem 0x8000d000 0x00000001
core   0: 0x8000b98c (0x0000bfe5) c.j     pc - 8
core   0: 3 0x8000b98c (0xbfe5)
core   0: 0x8000b984 (0x00001f17) auipc   t5, 0x1
core   0: 3 0x8000b984 (0x00001f17) x30 0x8000c984
core   0: 0x8000b988 (0x663f2e23) sw      gp, 1660(t5)
core   0: 3 0x8000b988 (0x663f2e23) mem 0x8000d000 0x00000001
core   0: 0x8000b98c (0x0000bfe5) c.j     pc - 8
core   0: 3 0x8000b98c (0xbfe5)
core   0: 0x8000b984 (0x00001f17) auipc   t5, 0x1
core   0: 3 0x8000b984 (0x00001f17) x30 0x8000c984
core   0: 0x8000b988 (0x663f2e23) sw      gp, 1660(t5)
core   0: 3 0x8000b988 (0x663f2e23) mem 0x8000d000 0x00000001
core   0: 0x8000b98c (0x0000bfe5) c.j     pc - 8
core   0: 3 0x8000b98c (0xbfe5)
core   0: 0x8000b984 (0x00001f17) auipc   t5, 0x1
core   0: 3 0x8000b984 (0x00001f17) x30 0x8000c984
core   0: 0x8000b988 (0x663f2e23) sw      gp, 1660(t5)
core   0: 3 0x8000b988 (0x663f2e23) mem 0x8000d000 0x00000001
core   0: 0x8000b98c (0x0000bfe5) c.j     pc - 8
core   0: 3 0x8000b98c (0xbfe5)
core   0: 0x8000b984 (0x00001f17) auipc   t5, 0x1
core   0: 3 0x8000b984 (0x00001f17) x30 0x8000c984
core   0: 0x8000b988 (0x663f2e23) sw      gp, 1660(t5)
core   0: 3 0x8000b988 (0x663f2e23) mem 0x8000d000 0x00000001
core   0: 0x8000b98c (0x0000bfe5) c.j     pc - 8
core   0: 3 0x8000b98c (0xbfe5)
core   0: 0x8000b984 (0x00001f17) auipc   t5, 0x1
core   0: 3 0x8000b984 (0x00001f17) x30 0x8000c984
core   0: 0x8000b988 (0x663f2e23) sw      gp, 1660(t5)
core   0: 3 0x8000b988 (0x663f2e23) mem 0x8000d000 0x00000001
core   0: 0x8000b98c (0x0000bfe5) c.j     pc - 8
core   0: 3 0x8000b98c (0xbfe5)
core   0: 0x8000b984 (0x00001f17) auipc   t5, 0x1
core   0: 3 0x8000b984 (0x00001f17) x30 0x8000c984
core   0: 0x8000b988 (0x663f2e23) sw      gp, 1660(t5)
core   0: 3 0x8000b988 (0x663f2e23) mem 0x8000d000 0x00000001
core   0: 0x8000b98c (0x0000bfe5) c.j     pc - 8
core   0: 3 0x8000b98c (0xbfe5)
core   0: 0x8000b984 (0x00001f17) auipc   t5, 0x1
core   0: 3 0x8000b984 (0x00001f17) x30 0x8000c984
core   0: 0x8000b988 (0x663f2e23) sw      gp, 1660(t5)
core   0: 3 0x8000b988 (0x663f2e23) mem 0x8000d000 0x00000001
core   0: 0x8000b98c (0x0000bfe5) c.j     pc - 8
core   0: 3 0x8000b98c (0xbfe5)
core   0: 0x8000b984 (0x00001f17) auipc   t5, 0x1
core   0: 3 0x8000b984 (0x00001f17) x30 0x8000c984
core   0: 0x8000b988 (0x663f2e23) sw      gp, 1660(t5)
core   0: 3 0x8000b988 (0x663f2e23) mem 0x8000d000 0x00000001
core   0: 0x8000b98c (0x0000bfe5) c.j     pc - 8
core   0: 3 0x8000b98c (0xbfe5)
core   0: 0x8000b984 (0x00001f17) auipc   t5, 0x1
core   0: 3 0x8000b984 (0x00001f17) x30 0x8000c984
core   0: 0x8000b988 (0x663f2e23) sw      gp, 1660(t5)
core   0: 3 0x8000b988 (0x663f2e23) mem 0x8000d000 0x00000001
core   0: 0x8000b98c (0x0000bfe5) c.j     pc - 8
core   0: 3 0x8000b98c (0xbfe5)
core   0: 0x8000b984 (0x00001f17) auipc   t5, 0x1
core   0: 3 0x8000b984 (0x00001f17) x30 0x8000c984
core   0: 0x8000b988 (0x663f2e23) sw      gp, 1660(t5)
core   0: 3 0x8000b988 (0x663f2e23) mem 0x8000d000 0x00000001
core   0: 0x8000b98c (0x0000bfe5) c.j     pc - 8
core   0: 3 0x8000b98c (0xbfe5)
core   0: 0x8000b984 (0x00001f17) auipc   t5, 0x1
core   0: 3 0x8000b984 (0x00001f17) x30 0x8000c984
core   0: 0x8000b988 (0x663f2e23) sw      gp, 1660(t5)
core   0: 3 0x8000b988 (0x663f2e23) mem 0x8000d000 0x00000001
core   0: 0x8000b98c (0x0000bfe5) c.j     pc - 8
core   0: 3 0x8000b98c (0xbfe5)
core   0: 0x8000b984 (0x00001f17) auipc   t5, 0x1
core   0: 3 0x8000b984 (0x00001f17) x30 0x8000c984
core   0: 0x8000b988 (0x663f2e23) sw      gp, 1660(t5)
core   0: 3 0x8000b988 (0x663f2e23) mem 0x8000d000 0x00000001
core   0: 0x8000b98c (0x0000bfe5) c.j     pc - 8
core   0: 3 0x8000b98c (0xbfe5)
core   0: 0x8000b984 (0x00001f17) auipc   t5, 0x1
core   0: 3 0x8000b984 (0x00001f17) x30 0x8000c984
core   0: 0x8000b988 (0x663f2e23) sw      gp, 1660(t5)
core   0: 3 0x8000b988 (0x663f2e23) mem 0x8000d000 0x00000001
core   0: 0x8000b98c (0x0000bfe5) c.j     pc - 8
core   0: 3 0x8000b98c (0xbfe5)
core   0: 0x8000b984 (0x00001f17) auipc   t5, 0x1
core   0: 3 0x8000b984 (0x00001f17) x30 0x8000c984
core   0: 0x8000b988 (0x663f2e23) sw      gp, 1660(t5)
core   0: 3 0x8000b988 (0x663f2e23) mem 0x8000d000 0x00000001
core   0: 0x8000b98c (0x0000bfe5) c.j     pc - 8
core   0: 3 0x8000b98c (0xbfe5)
core   0: 0x8000b984 (0x00001f17) auipc   t5, 0x1
core   0: 3 0x8000b984 (0x00001f17) x30 0x8000c984
core   0: 0x8000b988 (0x663f2e23) sw      gp, 1660(t5)
core   0: 3 0x8000b988 (0x663f2e23) mem 0x8000d000 0x00000001
core   0: 0x8000b98c (0x0000bfe5) c.j     pc - 8
core   0: 3 0x8000b98c (0xbfe5)
core   0: 0x8000b984 (0x00001f17) auipc   t5, 0x1
core   0: 3 0x8000b984 (0x00001f17) x30 0x8000c984
core   0: 0x8000b988 (0x663f2e23) sw      gp, 1660(t5)
core   0: 3 0x8000b988 (0x663f2e23) mem 0x8000d000 0x00000001
core   0: 0x8000b98c (0x0000bfe5) c.j     pc - 8
core   0: 3 0x8000b98c (0xbfe5)
core   0: 0x8000b984 (0x00001f17) auipc   t5, 0x1
core   0: 3 0x8000b984 (0x00001f17) x30 0x8000c984
core   0: 0x8000b988 (0x663f2e23) sw      gp, 1660(t5)
core   0: 3 0x8000b988 (0x663f2e23) mem 0x8000d000 0x00000001
core   0: 0x8000b98c (0x0000bfe5) c.j     pc - 8
core   0: 3 0x8000b98c (0xbfe5)
core   0: 0x8000b984 (0x00001f17) auipc   t5, 0x1
core   0: 3 0x8000b984 (0x00001f17) x30 0x8000c984
core   0: 0x8000b988 (0x663f2e23) sw      gp, 1660(t5)
core   0: 3 0x8000b988 (0x663f2e23) mem 0x8000d000 0x00000001
core   0: 0x8000b98c (0x0000bfe5) c.j     pc - 8
core   0: 3 0x8000b98c (0xbfe5)
core   0: 0x8000b984 (0x00001f17) auipc   t5, 0x1
core   0: 3 0x8000b984 (0x00001f17) x30 0x8000c984
core   0: 0x8000b988 (0x663f2e23) sw      gp, 1660(t5)
core   0: 3 0x8000b988 (0x663f2e23) mem 0x8000d000 0x00000001
core   0: 0x8000b98c (0x0000bfe5) c.j     pc - 8
core   0: 3 0x8000b98c (0xbfe5)
core   0: 0x8000b984 (0x00001f17) auipc   t5, 0x1
core   0: 3 0x8000b984 (0x00001f17) x30 0x8000c984
core   0: 0x8000b988 (0x663f2e23) sw      gp, 1660(t5)
core   0: 3 0x8000b988 (0x663f2e23) mem 0x8000d000 0x00000001
core   0: 0x8000b98c (0x0000bfe5) c.j     pc - 8
core   0: 3 0x8000b98c (0xbfe5)
core   0: 0x8000b984 (0x00001f17) auipc   t5, 0x1
core   0: 3 0x8000b984 (0x00001f17) x30 0x8000c984
core   0: 0x8000b988 (0x663f2e23) sw      gp, 1660(t5)
core   0: 3 0x8000b988 (0x663f2e23) mem 0x8000d000 0x00000001
core   0: 0x8000b98c (0x0000bfe5) c.j     pc - 8
core   0: 3 0x8000b98c (0xbfe5)
core   0: 0x8000b984 (0x00001f17) auipc   t5, 0x1
core   0: 3 0x8000b984 (0x00001f17) x30 0x8000c984
core   0: 0x8000b988 (0x663f2e23) sw      gp, 1660(t5)
core   0: 3 0x8000b988 (0x663f2e23) mem 0x8000d000 0x00000001
core   0: 0x8000b98c (0x0000bfe5) c.j     pc - 8
core   0: 3 0x8000b98c (0xbfe5)
core   0: 0x8000b984 (0x00001f17) auipc   t5, 0x1
core   0: 3 0x8000b984 (0x00001f17) x30 0x8000c984
core   0: 0x8000b988 (0x663f2e23) sw      gp, 1660(t5)
core   0: 3 0x8000b988 (0x663f2e23) mem 0x8000d000 0x00000001
core   0: 0x8000b98c (0x0000bfe5) c.j     pc - 8
core   0: 3 0x8000b98c (0xbfe5)
core   0: 0x8000b984 (0x00001f17) auipc   t5, 0x1
core   0: 3 0x8000b984 (0x00001f17) x30 0x8000c984
core   0: 0x8000b988 (0x663f2e23) sw      gp, 1660(t5)
core   0: 3 0x8000b988 (0x663f2e23) mem 0x8000d000 0x00000001
core   0: 0x8000b98c (0x0000bfe5) c.j     pc - 8
core   0: 3 0x8000b98c (0xbfe5)
core   0: 0x8000b984 (0x00001f17) auipc   t5, 0x1
core   0: 3 0x8000b984 (0x00001f17) x30 0x8000c984
core   0: 0x8000b988 (0x663f2e23) sw      gp, 1660(t5)
core   0: 3 0x8000b988 (0x663f2e23) mem 0x8000d000 0x00000001
core   0: 0x8000b98c (0x0000bfe5) c.j     pc - 8
core   0: 3 0x8000b98c (0xbfe5)
core   0: 0x8000b984 (0x00001f17) auipc   t5, 0x1
core   0: 3 0x8000b984 (0x00001f17) x30 0x8000c984
core   0: 0x8000b988 (0x663f2e23) sw      gp, 1660(t5)
core   0: 3 0x8000b988 (0x663f2e23) mem 0x8000d000 0x00000001
core   0: 0x8000b98c (0x0000bfe5) c.j     pc - 8
core   0: 3 0x8000b98c (0xbfe5)
core   0: 0x8000b984 (0x00001f17) auipc   t5, 0x1
core   0: 3 0x8000b984 (0x00001f17) x30 0x8000c984
core   0: 0x8000b988 (0x663f2e23) sw      gp, 1660(t5)
core   0: 3 0x8000b988 (0x663f2e23) mem 0x8000d000 0x00000001
core   0: 0x8000b98c (0x0000bfe5) c.j     pc - 8
core   0: 3 0x8000b98c (0xbfe5)
core   0: 0x8000b984 (0x00001f17) auipc   t5, 0x1
core   0: 3 0x8000b984 (0x00001f17) x30 0x8000c984
core   0: 0x8000b988 (0x663f2e23) sw      gp, 1660(t5)
core   0: 3 0x8000b988 (0x663f2e23) mem 0x8000d000 0x00000001
core   0: 0x8000b98c (0x0000bfe5) c.j     pc - 8
core   0: 3 0x8000b98c (0xbfe5)
core   0: 0x8000b984 (0x00001f17) auipc   t5, 0x1
core   0: 3 0x8000b984 (0x00001f17) x30 0x8000c984
core   0: 0x8000b988 (0x663f2e23) sw      gp, 1660(t5)
core   0: 3 0x8000b988 (0x663f2e23) mem 0x8000d000 0x00000001
core   0: 0x8000b98c (0x0000bfe5) c.j     pc - 8
core   0: 3 0x8000b98c (0xbfe5)
core   0: 0x8000b984 (0x00001f17) auipc   t5, 0x1
core   0: 3 0x8000b984 (0x00001f17) x30 0x8000c984
core   0: 0x8000b988 (0x663f2e23) sw      gp, 1660(t5)
core   0: 3 0x8000b988 (0x663f2e23) mem 0x8000d000 0x00000001
core   0: 0x8000b98c (0x0000bfe5) c.j     pc - 8
core   0: 3 0x8000b98c (0xbfe5)
core   0: 0x8000b984 (0x00001f17) auipc   t5, 0x1
core   0: 3 0x8000b984 (0x00001f17) x30 0x8000c984
core   0: 0x8000b988 (0x663f2e23) sw      gp, 1660(t5)
core   0: 3 0x8000b988 (0x663f2e23) mem 0x8000d000 0x00000001
core   0: 0x8000b98c (0x0000bfe5) c.j     pc - 8
core   0: 3 0x8000b98c (0xbfe5)
core   0: 0x8000b984 (0x00001f17) auipc   t5, 0x1
core   0: 3 0x8000b984 (0x00001f17) x30 0x8000c984
core   0: 0x8000b988 (0x663f2e23) sw      gp, 1660(t5)
core   0: 3 0x8000b988 (0x663f2e23) mem 0x8000d000 0x00000001
core   0: 0x8000b98c (0x0000bfe5) c.j     pc - 8
core   0: 3 0x8000b98c (0xbfe5)
core   0: 0x8000b984 (0x00001f17) auipc   t5, 0x1
core   0: 3 0x8000b984 (0x00001f17) x30 0x8000c984
core   0: 0x8000b988 (0x663f2e23) sw      gp, 1660(t5)
core   0: 3 0x8000b988 (0x663f2e23) mem 0x8000d000 0x00000001
core   0: 0x8000b98c (0x0000bfe5) c.j     pc - 8
core   0: 3 0x8000b98c (0xbfe5)
core   0: 0x8000b984 (0x00001f17) auipc   t5, 0x1
core   0: 3 0x8000b984 (0x00001f17) x30 0x8000c984
core   0: 0x8000b988 (0x663f2e23) sw      gp, 1660(t5)
core   0: 3 0x8000b988 (0x663f2e23) mem 0x8000d000 0x00000001
core   0: 0x8000b98c (0x0000bfe5) c.j     pc - 8
core   0: 3 0x8000b98c (0xbfe5)
core   0: 0x8000b984 (0x00001f17) auipc   t5, 0x1
core   0: 3 0x8000b984 (0x00001f17) x30 0x8000c984
core   0: 0x8000b988 (0x663f2e23) sw      gp, 1660(t5)
core   0: 3 0x8000b988 (0x663f2e23) mem 0x8000d000 0x00000001
core   0: 0x8000b98c (0x0000bfe5) c.j     pc - 8
core   0: 3 0x8000b98c (0xbfe5)
core   0: 0x8000b984 (0x00001f17) auipc   t5, 0x1
core   0: 3 0x8000b984 (0x00001f17) x30 0x8000c984
core   0: 0x8000b988 (0x663f2e23) sw      gp, 1660(t5)
core   0: 3 0x8000b988 (0x663f2e23) mem 0x8000d000 0x00000001
core   0: 0x8000b98c (0x0000bfe5) c.j     pc - 8
core   0: 3 0x8000b98c (0xbfe5)
core   0: 0x8000b984 (0x00001f17) auipc   t5, 0x1
core   0: 3 0x8000b984 (0x00001f17) x30 0x8000c984
core   0: 0x8000b988 (0x663f2e23) sw      gp, 1660(t5)
core   0: 3 0x8000b988 (0x663f2e23) mem 0x8000d000 0x00000001
core   0: 0x8000b98c (0x0000bfe5) c.j     pc - 8
core   0: 3 0x8000b98c (0xbfe5)
core   0: 0x8000b984 (0x00001f17) auipc   t5, 0x1
core   0: 3 0x8000b984 (0x00001f17) x30 0x8000c984
core   0: 0x8000b988 (0x663f2e23) sw      gp, 1660(t5)
core   0: 3 0x8000b988 (0x663f2e23) mem 0x8000d000 0x00000001
core   0: 0x8000b98c (0x0000bfe5) c.j     pc - 8
core   0: 3 0x8000b98c (0xbfe5)
core   0: 0x8000b984 (0x00001f17) auipc   t5, 0x1
core   0: 3 0x8000b984 (0x00001f17) x30 0x8000c984
core   0: 0x8000b988 (0x663f2e23) sw      gp, 1660(t5)
core   0: 3 0x8000b988 (0x663f2e23) mem 0x8000d000 0x00000001
core   0: 0x8000b98c (0x0000bfe5) c.j     pc - 8
core   0: 3 0x8000b98c (0xbfe5)
core   0: 0x8000b984 (0x00001f17) auipc   t5, 0x1
core   0: 3 0x8000b984 (0x00001f17) x30 0x8000c984
core   0: 0x8000b988 (0x663f2e23) sw      gp, 1660(t5)
core   0: 3 0x8000b988 (0x663f2e23) mem 0x8000d000 0x00000001
core   0: 0x8000b98c (0x0000bfe5) c.j     pc - 8
core   0: 3 0x8000b98c (0xbfe5)
core   0: 0x8000b984 (0x00001f17) auipc   t5, 0x1
core   0: 3 0x8000b984 (0x00001f17) x30 0x8000c984
core   0: 0x8000b988 (0x663f2e23) sw      gp, 1660(t5)
core   0: 3 0x8000b988 (0x663f2e23) mem 0x8000d000 0x00000001
core   0: 0x8000b98c (0x0000bfe5) c.j     pc - 8
core   0: 3 0x8000b98c (0xbfe5)
core   0: 0x8000b984 (0x00001f17) auipc   t5, 0x1
core   0: 3 0x8000b984 (0x00001f17) x30 0x8000c984
core   0: 0x8000b988 (0x663f2e23) sw      gp, 1660(t5)
core   0: 3 0x8000b988 (0x663f2e23) mem 0x8000d000 0x00000001
core   0: 0x8000b98c (0x0000bfe5) c.j     pc - 8
core   0: 3 0x8000b98c (0xbfe5)
core   0: 0x8000b984 (0x00001f17) auipc   t5, 0x1
core   0: 3 0x8000b984 (0x00001f17) x30 0x8000c984
core   0: 0x8000b988 (0x663f2e23) sw      gp, 1660(t5)
core   0: 3 0x8000b988 (0x663f2e23) mem 0x8000d000 0x00000001
core   0: 0x8000b98c (0x0000bfe5) c.j     pc - 8
core   0: 3 0x8000b98c (0xbfe5)
core   0: 0x8000b984 (0x00001f17) auipc   t5, 0x1
core   0: 3 0x8000b984 (0x00001f17) x30 0x8000c984
core   0: 0x8000b988 (0x663f2e23) sw      gp, 1660(t5)
core   0: 3 0x8000b988 (0x663f2e23) mem 0x8000d000 0x00000001
core   0: 0x8000b98c (0x0000bfe5) c.j     pc - 8
core   0: 3 0x8000b98c (0xbfe5)
core   0: 0x8000b984 (0x00001f17) auipc   t5, 0x1
core   0: 3 0x8000b984 (0x00001f17) x30 0x8000c984
core   0: 0x8000b988 (0x663f2e23) sw      gp, 1660(t5)
core   0: 3 0x8000b988 (0x663f2e23) mem 0x8000d000 0x00000001
core   0: 0x8000b98c (0x0000bfe5) c.j     pc - 8
core   0: 3 0x8000b98c (0xbfe5)
core   0: 0x8000b984 (0x00001f17) auipc   t5, 0x1
core   0: 3 0x8000b984 (0x00001f17) x30 0x8000c984
core   0: 0x8000b988 (0x663f2e23) sw      gp, 1660(t5)
core   0: 3 0x8000b988 (0x663f2e23) mem 0x8000d000 0x00000001
core   0: 0x8000b98c (0x0000bfe5) c.j     pc - 8
core   0: 3 0x8000b98c (0xbfe5)
core   0: 0x8000b984 (0x00001f17) auipc   t5, 0x1
core   0: 3 0x8000b984 (0x00001f17) x30 0x8000c984
core   0: 0x8000b988 (0x663f2e23) sw      gp, 1660(t5)
core   0: 3 0x8000b988 (0x663f2e23) mem 0x8000d000 0x00000001
core   0: 0x8000b98c (0x0000bfe5) c.j     pc - 8
core   0: 3 0x8000b98c (0xbfe5)
core   0: 0x8000b984 (0x00001f17) auipc   t5, 0x1
core   0: 3 0x8000b984 (0x00001f17) x30 0x8000c984
core   0: 0x8000b988 (0x663f2e23) sw      gp, 1660(t5)
core   0: 3 0x8000b988 (0x663f2e23) mem 0x8000d000 0x00000001
core   0: 0x8000b98c (0x0000bfe5) c.j     pc - 8
core   0: 3 0x8000b98c (0xbfe5)
core   0: 0x8000b984 (0x00001f17) auipc   t5, 0x1
core   0: 3 0x8000b984 (0x00001f17) x30 0x8000c984
core   0: 0x8000b988 (0x663f2e23) sw      gp, 1660(t5)
core   0: 3 0x8000b988 (0x663f2e23) mem 0x8000d000 0x00000001
core   0: 0x8000b98c (0x0000bfe5) c.j     pc - 8
core   0: 3 0x8000b98c (0xbfe5)
core   0: 0x8000b984 (0x00001f17) auipc   t5, 0x1
core   0: 3 0x8000b984 (0x00001f17) x30 0x8000c984
core   0: 0x8000b988 (0x663f2e23) sw      gp, 1660(t5)
core   0: 3 0x8000b988 (0x663f2e23) mem 0x8000d000 0x00000001
core   0: 0x8000b98c (0x0000bfe5) c.j     pc - 8
core   0: 3 0x8000b98c (0xbfe5)
core   0: 0x8000b984 (0x00001f17) auipc   t5, 0x1
core   0: 3 0x8000b984 (0x00001f17) x30 0x8000c984
core   0: 0x8000b988 (0x663f2e23) sw      gp, 1660(t5)
core   0: 3 0x8000b988 (0x663f2e23) mem 0x8000d000 0x00000001
core   0: 0x8000b98c (0x0000bfe5) c.j     pc - 8
core   0: 3 0x8000b98c (0xbfe5)
core   0: 0x8000b984 (0x00001f17) auipc   t5, 0x1
core   0: 3 0x8000b984 (0x00001f17) x30 0x8000c984
core   0: 0x8000b988 (0x663f2e23) sw      gp, 1660(t5)
core   0: 3 0x8000b988 (0x663f2e23) mem 0x8000d000 0x00000001
core   0: 0x8000b98c (0x0000bfe5) c.j     pc - 8
core   0: 3 0x8000b98c (0xbfe5)
core   0: 0x8000b984 (0x00001f17) auipc   t5, 0x1
core   0: 3 0x8000b984 (0x00001f17) x30 0x8000c984
core   0: 0x8000b988 (0x663f2e23) sw      gp, 1660(t5)
core   0: 3 0x8000b988 (0x663f2e23) mem 0x8000d000 0x00000001
core   0: 0x8000b98c (0x0000bfe5) c.j     pc - 8
core   0: 3 0x8000b98c (0xbfe5)
core   0: 0x8000b984 (0x00001f17) auipc   t5, 0x1
core   0: 3 0x8000b984 (0x00001f17) x30 0x8000c984
core   0: 0x8000b988 (0x663f2e23) sw      gp, 1660(t5)
core   0: 3 0x8000b988 (0x663f2e23) mem 0x8000d000 0x00000001
core   0: 0x8000b98c (0x0000bfe5) c.j     pc - 8
core   0: 3 0x8000b98c (0xbfe5)
core   0: 0x8000b984 (0x00001f17) auipc   t5, 0x1
core   0: 3 0x8000b984 (0x00001f17) x30 0x8000c984
core   0: 0x8000b988 (0x663f2e23) sw      gp, 1660(t5)
core   0: 3 0x8000b988 (0x663f2e23) mem 0x8000d000 0x00000001
core   0: 0x8000b98c (0x0000bfe5) c.j     pc - 8
core   0: 3 0x8000b98c (0xbfe5)
core   0: 0x8000b984 (0x00001f17) auipc   t5, 0x1
core   0: 3 0x8000b984 (0x00001f17) x30 0x8000c984
core   0: 0x8000b988 (0x663f2e23) sw      gp, 1660(t5)
core   0: 3 0x8000b988 (0x663f2e23) mem 0x8000d000 0x00000001
core   0: 0x8000b98c (0x0000bfe5) c.j     pc - 8
core   0: 3 0x8000b98c (0xbfe5)
core   0: 0x8000b984 (0x00001f17) auipc   t5, 0x1
core   0: 3 0x8000b984 (0x00001f17) x30 0x8000c984
core   0: 0x8000b988 (0x663f2e23) sw      gp, 1660(t5)
core   0: 3 0x8000b988 (0x663f2e23) mem 0x8000d000 0x00000001
core   0: 0x8000b98c (0x0000bfe5) c.j     pc - 8
core   0: 3 0x8000b98c (0xbfe5)
core   0: 0x8000b984 (0x00001f17) auipc   t5, 0x1
core   0: 3 0x8000b984 (0x00001f17) x30 0x8000c984
core   0: 0x8000b988 (0x663f2e23) sw      gp, 1660(t5)
core   0: 3 0x8000b988 (0x663f2e23) mem 0x8000d000 0x00000001
core   0: 0x8000b98c (0x0000bfe5) c.j     pc - 8
core   0: 3 0x8000b98c (0xbfe5)
core   0: 0x8000b984 (0x00001f17) auipc   t5, 0x1
core   0: 3 0x8000b984 (0x00001f17) x30 0x8000c984
core   0: 0x8000b988 (0x663f2e23) sw      gp, 1660(t5)
core   0: 3 0x8000b988 (0x663f2e23) mem 0x8000d000 0x00000001
core   0: 0x8000b98c (0x0000bfe5) c.j     pc - 8
core   0: 3 0x8000b98c (0xbfe5)
core   0: 0x8000b984 (0x00001f17) auipc   t5, 0x1
core   0: 3 0x8000b984 (0x00001f17) x30 0x8000c984
core   0: 0x8000b988 (0x663f2e23) sw      gp, 1660(t5)
core   0: 3 0x8000b988 (0x663f2e23) mem 0x8000d000 0x00000001
core   0: 0x8000b98c (0x0000bfe5) c.j     pc - 8
core   0: 3 0x8000b98c (0xbfe5)
core   0: 0x8000b984 (0x00001f17) auipc   t5, 0x1
core   0: 3 0x8000b984 (0x00001f17) x30 0x8000c984
core   0: 0x8000b988 (0x663f2e23) sw      gp, 1660(t5)
core   0: 3 0x8000b988 (0x663f2e23) mem 0x8000d000 0x00000001
core   0: 0x8000b98c (0x0000bfe5) c.j     pc - 8
core   0: 3 0x8000b98c (0xbfe5)
core   0: 0x8000b984 (0x00001f17) auipc   t5, 0x1
core   0: 3 0x8000b984 (0x00001f17) x30 0x8000c984
core   0: 0x8000b988 (0x663f2e23) sw      gp, 1660(t5)
core   0: 3 0x8000b988 (0x663f2e23) mem 0x8000d000 0x00000001
core   0: 0x8000b98c (0x0000bfe5) c.j     pc - 8
core   0: 3 0x8000b98c (0xbfe5)
core   0: 0x8000b984 (0x00001f17) auipc   t5, 0x1
core   0: 3 0x8000b984 (0x00001f17) x30 0x8000c984
core   0: 0x8000b988 (0x663f2e23) sw      gp, 1660(t5)
core   0: 3 0x8000b988 (0x663f2e23) mem 0x8000d000 0x00000001
core   0: 0x8000b98c (0x0000bfe5) c.j     pc - 8
core   0: 3 0x8000b98c (0xbfe5)
core   0: 0x8000b984 (0x00001f17) auipc   t5, 0x1
core   0: 3 0x8000b984 (0x00001f17) x30 0x8000c984
core   0: 0x8000b988 (0x663f2e23) sw      gp, 1660(t5)
core   0: 3 0x8000b988 (0x663f2e23) mem 0x8000d000 0x00000001
core   0: 0x8000b98c (0x0000bfe5) c.j     pc - 8
core   0: 3 0x8000b98c (0xbfe5)
core   0: 0x8000b984 (0x00001f17) auipc   t5, 0x1
core   0: 3 0x8000b984 (0x00001f17) x30 0x8000c984
core   0: 0x8000b988 (0x663f2e23) sw      gp, 1660(t5)
core   0: 3 0x8000b988 (0x663f2e23) mem 0x8000d000 0x00000001
core   0: 0x8000b98c (0x0000bfe5) c.j     pc - 8
core   0: 3 0x8000b98c (0xbfe5)
core   0: 0x8000b984 (0x00001f17) auipc   t5, 0x1
core   0: 3 0x8000b984 (0x00001f17) x30 0x8000c984
core   0: 0x8000b988 (0x663f2e23) sw      gp, 1660(t5)
core   0: 3 0x8000b988 (0x663f2e23) mem 0x8000d000 0x00000001
core   0: 0x8000b98c (0x0000bfe5) c.j     pc - 8
core   0: 3 0x8000b98c (0xbfe5)
core   0: 0x8000b984 (0x00001f17) auipc   t5, 0x1
core   0: 3 0x8000b984 (0x00001f17) x30 0x8000c984
core   0: 0x8000b988 (0x663f2e23) sw      gp, 1660(t5)
core   0: 3 0x8000b988 (0x663f2e23) mem 0x8000d000 0x00000001
core   0: 0x8000b98c (0x0000bfe5) c.j     pc - 8
core   0: 3 0x8000b98c (0xbfe5)
core   0: 0x8000b984 (0x00001f17) auipc   t5, 0x1
core   0: 3 0x8000b984 (0x00001f17) x30 0x8000c984
core   0: 0x8000b988 (0x663f2e23) sw      gp, 1660(t5)
core   0: 3 0x8000b988 (0x663f2e23) mem 0x8000d000 0x00000001
core   0: 0x8000b98c (0x0000bfe5) c.j     pc - 8
core   0: 3 0x8000b98c (0xbfe5)
core   0: 0x8000b984 (0x00001f17) auipc   t5, 0x1
core   0: 3 0x8000b984 (0x00001f17) x30 0x8000c984
core   0: 0x8000b988 (0x663f2e23) sw      gp, 1660(t5)
core   0: 3 0x8000b988 (0x663f2e23) mem 0x8000d000 0x00000001
core   0: 0x8000b98c (0x0000bfe5) c.j     pc - 8
core   0: 3 0x8000b98c (0xbfe5)
core   0: 0x8000b984 (0x00001f17) auipc   t5, 0x1
core   0: 3 0x8000b984 (0x00001f17) x30 0x8000c984
core   0: 0x8000b988 (0x663f2e23) sw      gp, 1660(t5)
core   0: 3 0x8000b988 (0x663f2e23) mem 0x8000d000 0x00000001
core   0: 0x8000b98c (0x0000bfe5) c.j     pc - 8
core   0: 3 0x8000b98c (0xbfe5)
core   0: 0x8000b984 (0x00001f17) auipc   t5, 0x1
core   0: 3 0x8000b984 (0x00001f17) x30 0x8000c984
core   0: 0x8000b988 (0x663f2e23) sw      gp, 1660(t5)
core   0: 3 0x8000b988 (0x663f2e23) mem 0x8000d000 0x00000001
core   0: 0x8000b98c (0x0000bfe5) c.j     pc - 8
core   0: 3 0x8000b98c (0xbfe5)
core   0: 0x8000b984 (0x00001f17) auipc   t5, 0x1
core   0: 3 0x8000b984 (0x00001f17) x30 0x8000c984
core   0: 0x8000b988 (0x663f2e23) sw      gp, 1660(t5)
core   0: 3 0x8000b988 (0x663f2e23) mem 0x8000d000 0x00000001
core   0: 0x8000b98c (0x0000bfe5) c.j     pc - 8
core   0: 3 0x8000b98c (0xbfe5)
core   0: 0x8000b984 (0x00001f17) auipc   t5, 0x1
core   0: 3 0x8000b984 (0x00001f17) x30 0x8000c984
core   0: 0x8000b988 (0x663f2e23) sw      gp, 1660(t5)
core   0: 3 0x8000b988 (0x663f2e23) mem 0x8000d000 0x00000001
core   0: 0x8000b98c (0x0000bfe5) c.j     pc - 8
core   0: 3 0x8000b98c (0xbfe5)
core   0: 0x8000b984 (0x00001f17) auipc   t5, 0x1
core   0: 3 0x8000b984 (0x00001f17) x30 0x8000c984
core   0: 0x8000b988 (0x663f2e23) sw      gp, 1660(t5)
core   0: 3 0x8000b988 (0x663f2e23) mem 0x8000d000 0x00000001
core   0: 0x8000b98c (0x0000bfe5) c.j     pc - 8
core   0: 3 0x8000b98c (0xbfe5)
core   0: 0x8000b984 (0x00001f17) auipc   t5, 0x1
core   0: 3 0x8000b984 (0x00001f17) x30 0x8000c984
core   0: 0x8000b988 (0x663f2e23) sw      gp, 1660(t5)
core   0: 3 0x8000b988 (0x663f2e23) mem 0x8000d000 0x00000001
core   0: 0x8000b98c (0x0000bfe5) c.j     pc - 8
core   0: 3 0x8000b98c (0xbfe5)
core   0: 0x8000b984 (0x00001f17) auipc   t5, 0x1
core   0: 3 0x8000b984 (0x00001f17) x30 0x8000c984
core   0: 0x8000b988 (0x663f2e23) sw      gp, 1660(t5)
core   0: 3 0x8000b988 (0x663f2e23) mem 0x8000d000 0x00000001
core   0: 0x8000b98c (0x0000bfe5) c.j     pc - 8
core   0: 3 0x8000b98c (0xbfe5)
core   0: 0x8000b984 (0x00001f17) auipc   t5, 0x1
core   0: 3 0x8000b984 (0x00001f17) x30 0x8000c984
core   0: 0x8000b988 (0x663f2e23) sw      gp, 1660(t5)
core   0: 3 0x8000b988 (0x663f2e23) mem 0x8000d000 0x00000001
core   0: 0x8000b98c (0x0000bfe5) c.j     pc - 8
core   0: 3 0x8000b98c (0xbfe5)
core   0: 0x8000b984 (0x00001f17) auipc   t5, 0x1
core   0: 3 0x8000b984 (0x00001f17) x30 0x8000c984
core   0: 0x8000b988 (0x663f2e23) sw      gp, 1660(t5)
core   0: 3 0x8000b988 (0x663f2e23) mem 0x8000d000 0x00000001
core   0: 0x8000b98c (0x0000bfe5) c.j     pc - 8
core   0: 3 0x8000b98c (0xbfe5)
core   0: 0x8000b984 (0x00001f17) auipc   t5, 0x1
core   0: 3 0x8000b984 (0x00001f17) x30 0x8000c984
core   0: 0x8000b988 (0x663f2e23) sw      gp, 1660(t5)
core   0: 3 0x8000b988 (0x663f2e23) mem 0x8000d000 0x00000001
core   0: 0x8000b98c (0x0000bfe5) c.j     pc - 8
core   0: 3 0x8000b98c (0xbfe5)
core   0: 0x8000b984 (0x00001f17) auipc   t5, 0x1
core   0: 3 0x8000b984 (0x00001f17) x30 0x8000c984
core   0: 0x8000b988 (0x663f2e23) sw      gp, 1660(t5)
core   0: 3 0x8000b988 (0x663f2e23) mem 0x8000d000 0x00000001
core   0: 0x8000b98c (0x0000bfe5) c.j     pc - 8
core   0: 3 0x8000b98c (0xbfe5)
core   0: 0x8000b984 (0x00001f17) auipc   t5, 0x1
core   0: 3 0x8000b984 (0x00001f17) x30 0x8000c984
core   0: 0x8000b988 (0x663f2e23) sw      gp, 1660(t5)
core   0: 3 0x8000b988 (0x663f2e23) mem 0x8000d000 0x00000001
core   0: 0x8000b98c (0x0000bfe5) c.j     pc - 8
core   0: 3 0x8000b98c (0xbfe5)
core   0: 0x8000b984 (0x00001f17) auipc   t5, 0x1
core   0: 3 0x8000b984 (0x00001f17) x30 0x8000c984
core   0: 0x8000b988 (0x663f2e23) sw      gp, 1660(t5)
core   0: 3 0x8000b988 (0x663f2e23) mem 0x8000d000 0x00000001
core   0: 0x8000b98c (0x0000bfe5) c.j     pc - 8
core   0: 3 0x8000b98c (0xbfe5)
core   0: 0x8000b984 (0x00001f17) auipc   t5, 0x1
core   0: 3 0x8000b984 (0x00001f17) x30 0x8000c984
core   0: 0x8000b988 (0x663f2e23) sw      gp, 1660(t5)
core   0: 3 0x8000b988 (0x663f2e23) mem 0x8000d000 0x00000001
core   0: 0x8000b98c (0x0000bfe5) c.j     pc - 8
core   0: 3 0x8000b98c (0xbfe5)
core   0: 0x8000b984 (0x00001f17) auipc   t5, 0x1
core   0: 3 0x8000b984 (0x00001f17) x30 0x8000c984
core   0: 0x8000b988 (0x663f2e23) sw      gp, 1660(t5)
core   0: 3 0x8000b988 (0x663f2e23) mem 0x8000d000 0x00000001
core   0: 0x8000b98c (0x0000bfe5) c.j     pc - 8
core   0: 3 0x8000b98c (0xbfe5)
core   0: 0x8000b984 (0x00001f17) auipc   t5, 0x1
core   0: 3 0x8000b984 (0x00001f17) x30 0x8000c984
core   0: 0x8000b988 (0x663f2e23) sw      gp, 1660(t5)
core   0: 3 0x8000b988 (0x663f2e23) mem 0x8000d000 0x00000001
core   0: 0x8000b98c (0x0000bfe5) c.j     pc - 8
core   0: 3 0x8000b98c (0xbfe5)
core   0: 0x8000b984 (0x00001f17) auipc   t5, 0x1
core   0: 3 0x8000b984 (0x00001f17) x30 0x8000c984
core   0: 0x8000b988 (0x663f2e23) sw      gp, 1660(t5)
core   0: 3 0x8000b988 (0x663f2e23) mem 0x8000d000 0x00000001
core   0: 0x8000b98c (0x0000bfe5) c.j     pc - 8
core   0: 3 0x8000b98c (0xbfe5)
core   0: 0x8000b984 (0x00001f17) auipc   t5, 0x1
core   0: 3 0x8000b984 (0x00001f17) x30 0x8000c984
core   0: 0x8000b988 (0x663f2e23) sw      gp, 1660(t5)
core   0: 3 0x8000b988 (0x663f2e23) mem 0x8000d000 0x00000001
core   0: 0x8000b98c (0x0000bfe5) c.j     pc - 8
core   0: 3 0x8000b98c (0xbfe5)
core   0: 0x8000b984 (0x00001f17) auipc   t5, 0x1
core   0: 3 0x8000b984 (0x00001f17) x30 0x8000c984
core   0: 0x8000b988 (0x663f2e23) sw      gp, 1660(t5)
core   0: 3 0x8000b988 (0x663f2e23) mem 0x8000d000 0x00000001
core   0: 0x8000b98c (0x0000bfe5) c.j     pc - 8
core   0: 3 0x8000b98c (0xbfe5)
core   0: 0x8000b984 (0x00001f17) auipc   t5, 0x1
core   0: 3 0x8000b984 (0x00001f17) x30 0x8000c984
core   0: 0x8000b988 (0x663f2e23) sw      gp, 1660(t5)
core   0: 3 0x8000b988 (0x663f2e23) mem 0x8000d000 0x00000001
core   0: 0x8000b98c (0x0000bfe5) c.j     pc - 8
core   0: 3 0x8000b98c (0xbfe5)
core   0: 0x8000b984 (0x00001f17) auipc   t5, 0x1
core   0: 3 0x8000b984 (0x00001f17) x30 0x8000c984
core   0: 0x8000b988 (0x663f2e23) sw      gp, 1660(t5)
core   0: 3 0x8000b988 (0x663f2e23) mem 0x8000d000 0x00000001
core   0: 0x8000b98c (0x0000bfe5) c.j     pc - 8
core   0: 3 0x8000b98c (0xbfe5)
core   0: 0x8000b984 (0x00001f17) auipc   t5, 0x1
core   0: 3 0x8000b984 (0x00001f17) x30 0x8000c984
core   0: 0x8000b988 (0x663f2e23) sw      gp, 1660(t5)
core   0: 3 0x8000b988 (0x663f2e23) mem 0x8000d000 0x00000001
core   0: 0x8000b98c (0x0000bfe5) c.j     pc - 8
core   0: 3 0x8000b98c (0xbfe5)
core   0: 0x8000b984 (0x00001f17) auipc   t5, 0x1
core   0: 3 0x8000b984 (0x00001f17) x30 0x8000c984
core   0: 0x8000b988 (0x663f2e23) sw      gp, 1660(t5)
core   0: 3 0x8000b988 (0x663f2e23) mem 0x8000d000 0x00000001
core   0: 0x8000b98c (0x0000bfe5) c.j     pc - 8
core   0: 3 0x8000b98c (0xbfe5)
core   0: 0x8000b984 (0x00001f17) auipc   t5, 0x1
core   0: 3 0x8000b984 (0x00001f17) x30 0x8000c984
core   0: 0x8000b988 (0x663f2e23) sw      gp, 1660(t5)
core   0: 3 0x8000b988 (0x663f2e23) mem 0x8000d000 0x00000001
core   0: 0x8000b98c (0x0000bfe5) c.j     pc - 8
core   0: 3 0x8000b98c (0xbfe5)
core   0: 0x8000b984 (0x00001f17) auipc   t5, 0x1
core   0: 3 0x8000b984 (0x00001f17) x30 0x8000c984
core   0: 0x8000b988 (0x663f2e23) sw      gp, 1660(t5)
core   0: 3 0x8000b988 (0x663f2e23) mem 0x8000d000 0x00000001
core   0: 0x8000b98c (0x0000bfe5) c.j     pc - 8
core   0: 3 0x8000b98c (0xbfe5)
core   0: 0x8000b984 (0x00001f17) auipc   t5, 0x1
core   0: 3 0x8000b984 (0x00001f17) x30 0x8000c984
core   0: 0x8000b988 (0x663f2e23) sw      gp, 1660(t5)
core   0: 3 0x8000b988 (0x663f2e23) mem 0x8000d000 0x00000001
core   0: 0x8000b98c (0x0000bfe5) c.j     pc - 8
core   0: 3 0x8000b98c (0xbfe5)
core   0: 0x8000b984 (0x00001f17) auipc   t5, 0x1
core   0: 3 0x8000b984 (0x00001f17) x30 0x8000c984
core   0: 0x8000b988 (0x663f2e23) sw      gp, 1660(t5)
core   0: 3 0x8000b988 (0x663f2e23) mem 0x8000d000 0x00000001
core   0: 0x8000b98c (0x0000bfe5) c.j     pc - 8
core   0: 3 0x8000b98c (0xbfe5)
core   0: 0x8000b984 (0x00001f17) auipc   t5, 0x1
core   0: 3 0x8000b984 (0x00001f17) x30 0x8000c984
core   0: 0x8000b988 (0x663f2e23) sw      gp, 1660(t5)
core   0: 3 0x8000b988 (0x663f2e23) mem 0x8000d000 0x00000001
core   0: 0x8000b98c (0x0000bfe5) c.j     pc - 8
core   0: 3 0x8000b98c (0xbfe5)
core   0: 0x8000b984 (0x00001f17) auipc   t5, 0x1
core   0: 3 0x8000b984 (0x00001f17) x30 0x8000c984
core   0: 0x8000b988 (0x663f2e23) sw      gp, 1660(t5)
core   0: 3 0x8000b988 (0x663f2e23) mem 0x8000d000 0x00000001
core   0: 0x8000b98c (0x0000bfe5) c.j     pc - 8
core   0: 3 0x8000b98c (0xbfe5)
core   0: 0x8000b984 (0x00001f17) auipc   t5, 0x1
core   0: 3 0x8000b984 (0x00001f17) x30 0x8000c984
core   0: 0x8000b988 (0x663f2e23) sw      gp, 1660(t5)
core   0: 3 0x8000b988 (0x663f2e23) mem 0x8000d000 0x00000001
core   0: 0x8000b98c (0x0000bfe5) c.j     pc - 8
core   0: 3 0x8000b98c (0xbfe5)
core   0: 0x8000b984 (0x00001f17) auipc   t5, 0x1
core   0: 3 0x8000b984 (0x00001f17) x30 0x8000c984
core   0: 0x8000b988 (0x663f2e23) sw      gp, 1660(t5)
core   0: 3 0x8000b988 (0x663f2e23) mem 0x8000d000 0x00000001
core   0: 0x8000b98c (0x0000bfe5) c.j     pc - 8
core   0: 3 0x8000b98c (0xbfe5)
core   0: 0x8000b984 (0x00001f17) auipc   t5, 0x1
core   0: 3 0x8000b984 (0x00001f17) x30 0x8000c984
core   0: 0x8000b988 (0x663f2e23) sw      gp, 1660(t5)
core   0: 3 0x8000b988 (0x663f2e23) mem 0x8000d000 0x00000001
core   0: 0x8000b98c (0x0000bfe5) c.j     pc - 8
core   0: 3 0x8000b98c (0xbfe5)
core   0: 0x8000b984 (0x00001f17) auipc   t5, 0x1
core   0: 3 0x8000b984 (0x00001f17) x30 0x8000c984
core   0: 0x8000b988 (0x663f2e23) sw      gp, 1660(t5)
core   0: 3 0x8000b988 (0x663f2e23) mem 0x8000d000 0x00000001
core   0: 0x8000b98c (0x0000bfe5) c.j     pc - 8
core   0: 3 0x8000b98c (0xbfe5)
core   0: 0x8000b984 (0x00001f17) auipc   t5, 0x1
core   0: 3 0x8000b984 (0x00001f17) x30 0x8000c984
core   0: 0x8000b988 (0x663f2e23) sw      gp, 1660(t5)
core   0: 3 0x8000b988 (0x663f2e23) mem 0x8000d000 0x00000001
core   0: 0x8000b98c (0x0000bfe5) c.j     pc - 8
core   0: 3 0x8000b98c (0xbfe5)
core   0: 0x8000b984 (0x00001f17) auipc   t5, 0x1
core   0: 3 0x8000b984 (0x00001f17) x30 0x8000c984
core   0: 0x8000b988 (0x663f2e23) sw      gp, 1660(t5)
core   0: 3 0x8000b988 (0x663f2e23) mem 0x8000d000 0x00000001
core   0: 0x8000b98c (0x0000bfe5) c.j     pc - 8
core   0: 3 0x8000b98c (0xbfe5)
core   0: 0x8000b984 (0x00001f17) auipc   t5, 0x1
core   0: 3 0x8000b984 (0x00001f17) x30 0x8000c984
core   0: 0x8000b988 (0x663f2e23) sw      gp, 1660(t5)
core   0: 3 0x8000b988 (0x663f2e23) mem 0x8000d000 0x00000001
core   0: 0x8000b98c (0x0000bfe5) c.j     pc - 8
core   0: 3 0x8000b98c (0xbfe5)
core   0: 0x8000b984 (0x00001f17) auipc   t5, 0x1
core   0: 3 0x8000b984 (0x00001f17) x30 0x8000c984
core   0: 0x8000b988 (0x663f2e23) sw      gp, 1660(t5)
core   0: 3 0x8000b988 (0x663f2e23) mem 0x8000d000 0x00000001
core   0: 0x8000b98c (0x0000bfe5) c.j     pc - 8
core   0: 3 0x8000b98c (0xbfe5)
core   0: 0x8000b984 (0x00001f17) auipc   t5, 0x1
core   0: 3 0x8000b984 (0x00001f17) x30 0x8000c984
core   0: 0x8000b988 (0x663f2e23) sw      gp, 1660(t5)
core   0: 3 0x8000b988 (0x663f2e23) mem 0x8000d000 0x00000001
core   0: 0x8000b98c (0x0000bfe5) c.j     pc - 8
core   0: 3 0x8000b98c (0xbfe5)
core   0: 0x8000b984 (0x00001f17) auipc   t5, 0x1
core   0: 3 0x8000b984 (0x00001f17) x30 0x8000c984
core   0: 0x8000b988 (0x663f2e23) sw      gp, 1660(t5)
core   0: 3 0x8000b988 (0x663f2e23) mem 0x8000d000 0x00000001
core   0: 0x8000b98c (0x0000bfe5) c.j     pc - 8
core   0: 3 0x8000b98c (0xbfe5)
core   0: 0x8000b984 (0x00001f17) auipc   t5, 0x1
core   0: 3 0x8000b984 (0x00001f17) x30 0x8000c984
core   0: 0x8000b988 (0x663f2e23) sw      gp, 1660(t5)
core   0: 3 0x8000b988 (0x663f2e23) mem 0x8000d000 0x00000001
core   0: 0x8000b98c (0x0000bfe5) c.j     pc - 8
core   0: 3 0x8000b98c (0xbfe5)
core   0: 0x8000b984 (0x00001f17) auipc   t5, 0x1
core   0: 3 0x8000b984 (0x00001f17) x30 0x8000c984
core   0: 0x8000b988 (0x663f2e23) sw      gp, 1660(t5)
core   0: 3 0x8000b988 (0x663f2e23) mem 0x8000d000 0x00000001
core   0: 0x8000b98c (0x0000bfe5) c.j     pc - 8
core   0: 3 0x8000b98c (0xbfe5)
core   0: 0x8000b984 (0x00001f17) auipc   t5, 0x1
core   0: 3 0x8000b984 (0x00001f17) x30 0x8000c984
core   0: 0x8000b988 (0x663f2e23) sw      gp, 1660(t5)
core   0: 3 0x8000b988 (0x663f2e23) mem 0x8000d000 0x00000001
core   0: 0x8000b98c (0x0000bfe5) c.j     pc - 8
core   0: 3 0x8000b98c (0xbfe5)
core   0: 0x8000b984 (0x00001f17) auipc   t5, 0x1
core   0: 3 0x8000b984 (0x00001f17) x30 0x8000c984
core   0: 0x8000b988 (0x663f2e23) sw      gp, 1660(t5)
core   0: 3 0x8000b988 (0x663f2e23) mem 0x8000d000 0x00000001
core   0: 0x8000b98c (0x0000bfe5) c.j     pc - 8
core   0: 3 0x8000b98c (0xbfe5)
core   0: 0x8000b984 (0x00001f17) auipc   t5, 0x1
core   0: 3 0x8000b984 (0x00001f17) x30 0x8000c984
core   0: 0x8000b988 (0x663f2e23) sw      gp, 1660(t5)
core   0: 3 0x8000b988 (0x663f2e23) mem 0x8000d000 0x00000001
core   0: 0x8000b98c (0x0000bfe5) c.j     pc - 8
core   0: 3 0x8000b98c (0xbfe5)
core   0: 0x8000b984 (0x00001f17) auipc   t5, 0x1
core   0: 3 0x8000b984 (0x00001f17) x30 0x8000c984
core   0: 0x8000b988 (0x663f2e23) sw      gp, 1660(t5)
core   0: 3 0x8000b988 (0x663f2e23) mem 0x8000d000 0x00000001
core   0: 0x8000b98c (0x0000bfe5) c.j     pc - 8
core   0: 3 0x8000b98c (0xbfe5)
core   0: 0x8000b984 (0x00001f17) auipc   t5, 0x1
core   0: 3 0x8000b984 (0x00001f17) x30 0x8000c984
core   0: 0x8000b988 (0x663f2e23) sw      gp, 1660(t5)
core   0: 3 0x8000b988 (0x663f2e23) mem 0x8000d000 0x00000001
core   0: 0x8000b98c (0x0000bfe5) c.j     pc - 8
core   0: 3 0x8000b98c (0xbfe5)
core   0: 0x8000b984 (0x00001f17) auipc   t5, 0x1
core   0: 3 0x8000b984 (0x00001f17) x30 0x8000c984
core   0: 0x8000b988 (0x663f2e23) sw      gp, 1660(t5)
core   0: 3 0x8000b988 (0x663f2e23) mem 0x8000d000 0x00000001
core   0: 0x8000b98c (0x0000bfe5) c.j     pc - 8
core   0: 3 0x8000b98c (0xbfe5)
core   0: 0x8000b984 (0x00001f17) auipc   t5, 0x1
core   0: 3 0x8000b984 (0x00001f17) x30 0x8000c984
core   0: 0x8000b988 (0x663f2e23) sw      gp, 1660(t5)
core   0: 3 0x8000b988 (0x663f2e23) mem 0x8000d000 0x00000001
core   0: 0x8000b98c (0x0000bfe5) c.j     pc - 8
core   0: 3 0x8000b98c (0xbfe5)
core   0: 0x8000b984 (0x00001f17) auipc   t5, 0x1
core   0: 3 0x8000b984 (0x00001f17) x30 0x8000c984
core   0: 0x8000b988 (0x663f2e23) sw      gp, 1660(t5)
core   0: 3 0x8000b988 (0x663f2e23) mem 0x8000d000 0x00000001
core   0: 0x8000b98c (0x0000bfe5) c.j     pc - 8
core   0: 3 0x8000b98c (0xbfe5)
core   0: 0x8000b984 (0x00001f17) auipc   t5, 0x1
core   0: 3 0x8000b984 (0x00001f17) x30 0x8000c984
core   0: 0x8000b988 (0x663f2e23) sw      gp, 1660(t5)
core   0: 3 0x8000b988 (0x663f2e23) mem 0x8000d000 0x00000001
core   0: 0x8000b98c (0x0000bfe5) c.j     pc - 8
core   0: 3 0x8000b98c (0xbfe5)
core   0: 0x8000b984 (0x00001f17) auipc   t5, 0x1
core   0: 3 0x8000b984 (0x00001f17) x30 0x8000c984
core   0: 0x8000b988 (0x663f2e23) sw      gp, 1660(t5)
core   0: 3 0x8000b988 (0x663f2e23) mem 0x8000d000 0x00000001
core   0: 0x8000b98c (0x0000bfe5) c.j     pc - 8
core   0: 3 0x8000b98c (0xbfe5)
core   0: 0x8000b984 (0x00001f17) auipc   t5, 0x1
core   0: 3 0x8000b984 (0x00001f17) x30 0x8000c984
core   0: 0x8000b988 (0x663f2e23) sw      gp, 1660(t5)
core   0: 3 0x8000b988 (0x663f2e23) mem 0x8000d000 0x00000001
core   0: 0x8000b98c (0x0000bfe5) c.j     pc - 8
core   0: 3 0x8000b98c (0xbfe5)
core   0: 0x8000b984 (0x00001f17) auipc   t5, 0x1
core   0: 3 0x8000b984 (0x00001f17) x30 0x8000c984
core   0: 0x8000b988 (0x663f2e23) sw      gp, 1660(t5)
core   0: 3 0x8000b988 (0x663f2e23) mem 0x8000d000 0x00000001
core   0: 0x8000b98c (0x0000bfe5) c.j     pc - 8
core   0: 3 0x8000b98c (0xbfe5)
core   0: 0x8000b984 (0x00001f17) auipc   t5, 0x1
core   0: 3 0x8000b984 (0x00001f17) x30 0x8000c984
core   0: 0x8000b988 (0x663f2e23) sw      gp, 1660(t5)
core   0: 3 0x8000b988 (0x663f2e23) mem 0x8000d000 0x00000001
core   0: 0x8000b98c (0x0000bfe5) c.j     pc - 8
core   0: 3 0x8000b98c (0xbfe5)
core   0: 0x8000b984 (0x00001f17) auipc   t5, 0x1
core   0: 3 0x8000b984 (0x00001f17) x30 0x8000c984
core   0: 0x8000b988 (0x663f2e23) sw      gp, 1660(t5)
core   0: 3 0x8000b988 (0x663f2e23) mem 0x8000d000 0x00000001
core   0: 0x8000b98c (0x0000bfe5) c.j     pc - 8
core   0: 3 0x8000b98c (0xbfe5)
core   0: 0x8000b984 (0x00001f17) auipc   t5, 0x1
core   0: 3 0x8000b984 (0x00001f17) x30 0x8000c984
core   0: 0x8000b988 (0x663f2e23) sw      gp, 1660(t5)
core   0: 3 0x8000b988 (0x663f2e23) mem 0x8000d000 0x00000001
core   0: 0x8000b98c (0x0000bfe5) c.j     pc - 8
core   0: 3 0x8000b98c (0xbfe5)
core   0: 0x8000b984 (0x00001f17) auipc   t5, 0x1
core   0: 3 0x8000b984 (0x00001f17) x30 0x8000c984
core   0: 0x8000b988 (0x663f2e23) sw      gp, 1660(t5)
core   0: 3 0x8000b988 (0x663f2e23) mem 0x8000d000 0x00000001
core   0: 0x8000b98c (0x0000bfe5) c.j     pc - 8
core   0: 3 0x8000b98c (0xbfe5)
core   0: 0x8000b984 (0x00001f17) auipc   t5, 0x1
core   0: 3 0x8000b984 (0x00001f17) x30 0x8000c984
core   0: 0x8000b988 (0x663f2e23) sw      gp, 1660(t5)
core   0: 3 0x8000b988 (0x663f2e23) mem 0x8000d000 0x00000001
core   0: 0x8000b98c (0x0000bfe5) c.j     pc - 8
core   0: 3 0x8000b98c (0xbfe5)
core   0: 0x8000b984 (0x00001f17) auipc   t5, 0x1
core   0: 3 0x8000b984 (0x00001f17) x30 0x8000c984
core   0: 0x8000b988 (0x663f2e23) sw      gp, 1660(t5)
core   0: 3 0x8000b988 (0x663f2e23) mem 0x8000d000 0x00000001
core   0: 0x8000b98c (0x0000bfe5) c.j     pc - 8
core   0: 3 0x8000b98c (0xbfe5)
core   0: 0x8000b984 (0x00001f17) auipc   t5, 0x1
core   0: 3 0x8000b984 (0x00001f17) x30 0x8000c984
core   0: 0x8000b988 (0x663f2e23) sw      gp, 1660(t5)
core   0: 3 0x8000b988 (0x663f2e23) mem 0x8000d000 0x00000001
core   0: 0x8000b98c (0x0000bfe5) c.j     pc - 8
core   0: 3 0x8000b98c (0xbfe5)
core   0: 0x8000b984 (0x00001f17) auipc   t5, 0x1
core   0: 3 0x8000b984 (0x00001f17) x30 0x8000c984
core   0: 0x8000b988 (0x663f2e23) sw      gp, 1660(t5)
core   0: 3 0x8000b988 (0x663f2e23) mem 0x8000d000 0x00000001
core   0: 0x8000b98c (0x0000bfe5) c.j     pc - 8
core   0: 3 0x8000b98c (0xbfe5)
core   0: 0x8000b984 (0x00001f17) auipc   t5, 0x1
core   0: 3 0x8000b984 (0x00001f17) x30 0x8000c984
core   0: 0x8000b988 (0x663f2e23) sw      gp, 1660(t5)
core   0: 3 0x8000b988 (0x663f2e23) mem 0x8000d000 0x00000001
core   0: 0x8000b98c (0x0000bfe5) c.j     pc - 8
core   0: 3 0x8000b98c (0xbfe5)
core   0: 0x8000b984 (0x00001f17) auipc   t5, 0x1
core   0: 3 0x8000b984 (0x00001f17) x30 0x8000c984
core   0: 0x8000b988 (0x663f2e23) sw      gp, 1660(t5)
core   0: 3 0x8000b988 (0x663f2e23) mem 0x8000d000 0x00000001
core   0: 0x8000b98c (0x0000bfe5) c.j     pc - 8
core   0: 3 0x8000b98c (0xbfe5)
core   0: 0x8000b984 (0x00001f17) auipc   t5, 0x1
core   0: 3 0x8000b984 (0x00001f17) x30 0x8000c984
core   0: 0x8000b988 (0x663f2e23) sw      gp, 1660(t5)
core   0: 3 0x8000b988 (0x663f2e23) mem 0x8000d000 0x00000001
core   0: 0x8000b98c (0x0000bfe5) c.j     pc - 8
core   0: 3 0x8000b98c (0xbfe5)
core   0: 0x8000b984 (0x00001f17) auipc   t5, 0x1
core   0: 3 0x8000b984 (0x00001f17) x30 0x8000c984
core   0: 0x8000b988 (0x663f2e23) sw      gp, 1660(t5)
core   0: 3 0x8000b988 (0x663f2e23) mem 0x8000d000 0x00000001
core   0: 0x8000b98c (0x0000bfe5) c.j     pc - 8
core   0: 3 0x8000b98c (0xbfe5)
core   0: 0x8000b984 (0x00001f17) auipc   t5, 0x1
core   0: 3 0x8000b984 (0x00001f17) x30 0x8000c984
core   0: 0x8000b988 (0x663f2e23) sw      gp, 1660(t5)
core   0: 3 0x8000b988 (0x663f2e23) mem 0x8000d000 0x00000001
core   0: 0x8000b98c (0x0000bfe5) c.j     pc - 8
core   0: 3 0x8000b98c (0xbfe5)
core   0: 0x8000b984 (0x00001f17) auipc   t5, 0x1
core   0: 3 0x8000b984 (0x00001f17) x30 0x8000c984
core   0: 0x8000b988 (0x663f2e23) sw      gp, 1660(t5)
core   0: 3 0x8000b988 (0x663f2e23) mem 0x8000d000 0x00000001
core   0: 0x8000b98c (0x0000bfe5) c.j     pc - 8
core   0: 3 0x8000b98c (0xbfe5)
core   0: 0x8000b984 (0x00001f17) auipc   t5, 0x1
core   0: 3 0x8000b984 (0x00001f17) x30 0x8000c984
core   0: 0x8000b988 (0x663f2e23) sw      gp, 1660(t5)
core   0: 3 0x8000b988 (0x663f2e23) mem 0x8000d000 0x00000001
core   0: 0x8000b98c (0x0000bfe5) c.j     pc - 8
core   0: 3 0x8000b98c (0xbfe5)
core   0: 0x8000b984 (0x00001f17) auipc   t5, 0x1
core   0: 3 0x8000b984 (0x00001f17) x30 0x8000c984
core   0: 0x8000b988 (0x663f2e23) sw      gp, 1660(t5)
core   0: 3 0x8000b988 (0x663f2e23) mem 0x8000d000 0x00000001
core   0: 0x8000b98c (0x0000bfe5) c.j     pc - 8
core   0: 3 0x8000b98c (0xbfe5)
core   0: 0x8000b984 (0x00001f17) auipc   t5, 0x1
core   0: 3 0x8000b984 (0x00001f17) x30 0x8000c984
core   0: 0x8000b988 (0x663f2e23) sw      gp, 1660(t5)
core   0: 3 0x8000b988 (0x663f2e23) mem 0x8000d000 0x00000001
core   0: 0x8000b98c (0x0000bfe5) c.j     pc - 8
core   0: 3 0x8000b98c (0xbfe5)
core   0: 0x8000b984 (0x00001f17) auipc   t5, 0x1
core   0: 3 0x8000b984 (0x00001f17) x30 0x8000c984
core   0: 0x8000b988 (0x663f2e23) sw      gp, 1660(t5)
core   0: 3 0x8000b988 (0x663f2e23) mem 0x8000d000 0x00000001
core   0: 0x8000b98c (0x0000bfe5) c.j     pc - 8
core   0: 3 0x8000b98c (0xbfe5)
core   0: 0x8000b984 (0x00001f17) auipc   t5, 0x1
core   0: 3 0x8000b984 (0x00001f17) x30 0x8000c984
core   0: 0x8000b988 (0x663f2e23) sw      gp, 1660(t5)
core   0: 3 0x8000b988 (0x663f2e23) mem 0x8000d000 0x00000001
core   0: 0x8000b98c (0x0000bfe5) c.j     pc - 8
core   0: 3 0x8000b98c (0xbfe5)
core   0: 0x8000b984 (0x00001f17) auipc   t5, 0x1
core   0: 3 0x8000b984 (0x00001f17) x30 0x8000c984
core   0: 0x8000b988 (0x663f2e23) sw      gp, 1660(t5)
core   0: 3 0x8000b988 (0x663f2e23) mem 0x8000d000 0x00000001
core   0: 0x8000b98c (0x0000bfe5) c.j     pc - 8
core   0: 3 0x8000b98c (0xbfe5)
core   0: 0x8000b984 (0x00001f17) auipc   t5, 0x1
core   0: 3 0x8000b984 (0x00001f17) x30 0x8000c984
core   0: 0x8000b988 (0x663f2e23) sw      gp, 1660(t5)
core   0: 3 0x8000b988 (0x663f2e23) mem 0x8000d000 0x00000001
core   0: 0x8000b98c (0x0000bfe5) c.j     pc - 8
core   0: 3 0x8000b98c (0xbfe5)
core   0: 0x8000b984 (0x00001f17) auipc   t5, 0x1
core   0: 3 0x8000b984 (0x00001f17) x30 0x8000c984
core   0: 0x8000b988 (0x663f2e23) sw      gp, 1660(t5)
core   0: 3 0x8000b988 (0x663f2e23) mem 0x8000d000 0x00000001
core   0: 0x8000b98c (0x0000bfe5) c.j     pc - 8
core   0: 3 0x8000b98c (0xbfe5)
core   0: 0x8000b984 (0x00001f17) auipc   t5, 0x1
core   0: 3 0x8000b984 (0x00001f17) x30 0x8000c984
core   0: 0x8000b988 (0x663f2e23) sw      gp, 1660(t5)
core   0: 3 0x8000b988 (0x663f2e23) mem 0x8000d000 0x00000001
core   0: 0x8000b98c (0x0000bfe5) c.j     pc - 8
core   0: 3 0x8000b98c (0xbfe5)
core   0: 0x8000b984 (0x00001f17) auipc   t5, 0x1
core   0: 3 0x8000b984 (0x00001f17) x30 0x8000c984
core   0: 0x8000b988 (0x663f2e23) sw      gp, 1660(t5)
core   0: 3 0x8000b988 (0x663f2e23) mem 0x8000d000 0x00000001
core   0: 0x8000b98c (0x0000bfe5) c.j     pc - 8
core   0: 3 0x8000b98c (0xbfe5)
core   0: 0x8000b984 (0x00001f17) auipc   t5, 0x1
core   0: 3 0x8000b984 (0x00001f17) x30 0x8000c984
core   0: 0x8000b988 (0x663f2e23) sw      gp, 1660(t5)
core   0: 3 0x8000b988 (0x663f2e23) mem 0x8000d000 0x00000001
core   0: 0x8000b98c (0x0000bfe5) c.j     pc - 8
core   0: 3 0x8000b98c (0xbfe5)
core   0: 0x8000b984 (0x00001f17) auipc   t5, 0x1
core   0: 3 0x8000b984 (0x00001f17) x30 0x8000c984
core   0: 0x8000b988 (0x663f2e23) sw      gp, 1660(t5)
core   0: 3 0x8000b988 (0x663f2e23) mem 0x8000d000 0x00000001
core   0: 0x8000b98c (0x0000bfe5) c.j     pc - 8
core   0: 3 0x8000b98c (0xbfe5)
core   0: 0x8000b984 (0x00001f17) auipc   t5, 0x1
core   0: 3 0x8000b984 (0x00001f17) x30 0x8000c984
core   0: 0x8000b988 (0x663f2e23) sw      gp, 1660(t5)
core   0: 3 0x8000b988 (0x663f2e23) mem 0x8000d000 0x00000001
core   0: 0x8000b98c (0x0000bfe5) c.j     pc - 8
core   0: 3 0x8000b98c (0xbfe5)
core   0: 0x8000b984 (0x00001f17) auipc   t5, 0x1
core   0: 3 0x8000b984 (0x00001f17) x30 0x8000c984
core   0: 0x8000b988 (0x663f2e23) sw      gp, 1660(t5)
core   0: 3 0x8000b988 (0x663f2e23) mem 0x8000d000 0x00000001
core   0: 0x8000b98c (0x0000bfe5) c.j     pc - 8
core   0: 3 0x8000b98c (0xbfe5)
core   0: 0x8000b984 (0x00001f17) auipc   t5, 0x1
core   0: 3 0x8000b984 (0x00001f17) x30 0x8000c984
core   0: 0x8000b988 (0x663f2e23) sw      gp, 1660(t5)
core   0: 3 0x8000b988 (0x663f2e23) mem 0x8000d000 0x00000001
core   0: 0x8000b98c (0x0000bfe5) c.j     pc - 8
core   0: 3 0x8000b98c (0xbfe5)
core   0: 0x8000b984 (0x00001f17) auipc   t5, 0x1
core   0: 3 0x8000b984 (0x00001f17) x30 0x8000c984
core   0: 0x8000b988 (0x663f2e23) sw      gp, 1660(t5)
core   0: 3 0x8000b988 (0x663f2e23) mem 0x8000d000 0x00000001
core   0: 0x8000b98c (0x0000bfe5) c.j     pc - 8
core   0: 3 0x8000b98c (0xbfe5)
core   0: 0x8000b984 (0x00001f17) auipc   t5, 0x1
core   0: 3 0x8000b984 (0x00001f17) x30 0x8000c984
core   0: 0x8000b988 (0x663f2e23) sw      gp, 1660(t5)
core   0: 3 0x8000b988 (0x663f2e23) mem 0x8000d000 0x00000001
core   0: 0x8000b98c (0x0000bfe5) c.j     pc - 8
core   0: 3 0x8000b98c (0xbfe5)
core   0: 0x8000b984 (0x00001f17) auipc   t5, 0x1
core   0: 3 0x8000b984 (0x00001f17) x30 0x8000c984
core   0: 0x8000b988 (0x663f2e23) sw      gp, 1660(t5)
core   0: 3 0x8000b988 (0x663f2e23) mem 0x8000d000 0x00000001
core   0: 0x8000b98c (0x0000bfe5) c.j     pc - 8
core   0: 3 0x8000b98c (0xbfe5)
core   0: 0x8000b984 (0x00001f17) auipc   t5, 0x1
core   0: 3 0x8000b984 (0x00001f17) x30 0x8000c984
core   0: 0x8000b988 (0x663f2e23) sw      gp, 1660(t5)
core   0: 3 0x8000b988 (0x663f2e23) mem 0x8000d000 0x00000001
core   0: 0x8000b98c (0x0000bfe5) c.j     pc - 8
core   0: 3 0x8000b98c (0xbfe5)
core   0: 0x8000b984 (0x00001f17) auipc   t5, 0x1
core   0: 3 0x8000b984 (0x00001f17) x30 0x8000c984
core   0: 0x8000b988 (0x663f2e23) sw      gp, 1660(t5)
core   0: 3 0x8000b988 (0x663f2e23) mem 0x8000d000 0x00000001
core   0: 0x8000b98c (0x0000bfe5) c.j     pc - 8
core   0: 3 0x8000b98c (0xbfe5)
core   0: 0x8000b984 (0x00001f17) auipc   t5, 0x1
core   0: 3 0x8000b984 (0x00001f17) x30 0x8000c984
core   0: 0x8000b988 (0x663f2e23) sw      gp, 1660(t5)
core   0: 3 0x8000b988 (0x663f2e23) mem 0x8000d000 0x00000001
core   0: 0x8000b98c (0x0000bfe5) c.j     pc - 8
core   0: 3 0x8000b98c (0xbfe5)
core   0: 0x8000b984 (0x00001f17) auipc   t5, 0x1
core   0: 3 0x8000b984 (0x00001f17) x30 0x8000c984
core   0: 0x8000b988 (0x663f2e23) sw      gp, 1660(t5)
core   0: 3 0x8000b988 (0x663f2e23) mem 0x8000d000 0x00000001
core   0: 0x8000b98c (0x0000bfe5) c.j     pc - 8
core   0: 3 0x8000b98c (0xbfe5)
core   0: 0x8000b984 (0x00001f17) auipc   t5, 0x1
core   0: 3 0x8000b984 (0x00001f17) x30 0x8000c984
core   0: 0x8000b988 (0x663f2e23) sw      gp, 1660(t5)
core   0: 3 0x8000b988 (0x663f2e23) mem 0x8000d000 0x00000001
core   0: 0x8000b98c (0x0000bfe5) c.j     pc - 8
core   0: 3 0x8000b98c (0xbfe5)
core   0: 0x8000b984 (0x00001f17) auipc   t5, 0x1
core   0: 3 0x8000b984 (0x00001f17) x30 0x8000c984
core   0: 0x8000b988 (0x663f2e23) sw      gp, 1660(t5)
core   0: 3 0x8000b988 (0x663f2e23) mem 0x8000d000 0x00000001
core   0: 0x8000b98c (0x0000bfe5) c.j     pc - 8
core   0: 3 0x8000b98c (0xbfe5)
core   0: 0x8000b984 (0x00001f17) auipc   t5, 0x1
core   0: 3 0x8000b984 (0x00001f17) x30 0x8000c984
core   0: 0x8000b988 (0x663f2e23) sw      gp, 1660(t5)
core   0: 3 0x8000b988 (0x663f2e23) mem 0x8000d000 0x00000001
core   0: 0x8000b98c (0x0000bfe5) c.j     pc - 8
core   0: 3 0x8000b98c (0xbfe5)
core   0: 0x8000b984 (0x00001f17) auipc   t5, 0x1
core   0: 3 0x8000b984 (0x00001f17) x30 0x8000c984
core   0: 0x8000b988 (0x663f2e23) sw      gp, 1660(t5)
core   0: 3 0x8000b988 (0x663f2e23) mem 0x8000d000 0x00000001
core   0: 0x8000b98c (0x0000bfe5) c.j     pc - 8
core   0: 3 0x8000b98c (0xbfe5)
core   0: 0x8000b984 (0x00001f17) auipc   t5, 0x1
core   0: 3 0x8000b984 (0x00001f17) x30 0x8000c984
core   0: 0x8000b988 (0x663f2e23) sw      gp, 1660(t5)
core   0: 3 0x8000b988 (0x663f2e23) mem 0x8000d000 0x00000001
core   0: 0x8000b98c (0x0000bfe5) c.j     pc - 8
core   0: 3 0x8000b98c (0xbfe5)
core   0: 0x8000b984 (0x00001f17) auipc   t5, 0x1
core   0: 3 0x8000b984 (0x00001f17) x30 0x8000c984
core   0: 0x8000b988 (0x663f2e23) sw      gp, 1660(t5)
core   0: 3 0x8000b988 (0x663f2e23) mem 0x8000d000 0x00000001
core   0: 0x8000b98c (0x0000bfe5) c.j     pc - 8
core   0: 3 0x8000b98c (0xbfe5)
core   0: 0x8000b984 (0x00001f17) auipc   t5, 0x1
core   0: 3 0x8000b984 (0x00001f17) x30 0x8000c984
core   0: 0x8000b988 (0x663f2e23) sw      gp, 1660(t5)
core   0: 3 0x8000b988 (0x663f2e23) mem 0x8000d000 0x00000001
core   0: 0x8000b98c (0x0000bfe5) c.j     pc - 8
core   0: 3 0x8000b98c (0xbfe5)
core   0: 0x8000b984 (0x00001f17) auipc   t5, 0x1
core   0: 3 0x8000b984 (0x00001f17) x30 0x8000c984
core   0: 0x8000b988 (0x663f2e23) sw      gp, 1660(t5)
core   0: 3 0x8000b988 (0x663f2e23) mem 0x8000d000 0x00000001
core   0: 0x8000b98c (0x0000bfe5) c.j     pc - 8
core   0: 3 0x8000b98c (0xbfe5)
core   0: 0x8000b984 (0x00001f17) auipc   t5, 0x1
core   0: 3 0x8000b984 (0x00001f17) x30 0x8000c984
core   0: 0x8000b988 (0x663f2e23) sw      gp, 1660(t5)
core   0: 3 0x8000b988 (0x663f2e23) mem 0x8000d000 0x00000001
core   0: 0x8000b98c (0x0000bfe5) c.j     pc - 8
core   0: 3 0x8000b98c (0xbfe5)
core   0: 0x8000b984 (0x00001f17) auipc   t5, 0x1
core   0: 3 0x8000b984 (0x00001f17) x30 0x8000c984
core   0: 0x8000b988 (0x663f2e23) sw      gp, 1660(t5)
core   0: 3 0x8000b988 (0x663f2e23) mem 0x8000d000 0x00000001
core   0: 0x8000b98c (0x0000bfe5) c.j     pc - 8
core   0: 3 0x8000b98c (0xbfe5)
core   0: 0x8000b984 (0x00001f17) auipc   t5, 0x1
core   0: 3 0x8000b984 (0x00001f17) x30 0x8000c984
core   0: 0x8000b988 (0x663f2e23) sw      gp, 1660(t5)
core   0: 3 0x8000b988 (0x663f2e23) mem 0x8000d000 0x00000001
core   0: 0x8000b98c (0x0000bfe5) c.j     pc - 8
core   0: 3 0x8000b98c (0xbfe5)
core   0: 0x8000b984 (0x00001f17) auipc   t5, 0x1
core   0: 3 0x8000b984 (0x00001f17) x30 0x8000c984
core   0: 0x8000b988 (0x663f2e23) sw      gp, 1660(t5)
core   0: 3 0x8000b988 (0x663f2e23) mem 0x8000d000 0x00000001
core   0: 0x8000b98c (0x0000bfe5) c.j     pc - 8
core   0: 3 0x8000b98c (0xbfe5)
core   0: 0x8000b984 (0x00001f17) auipc   t5, 0x1
core   0: 3 0x8000b984 (0x00001f17) x30 0x8000c984
core   0: 0x8000b988 (0x663f2e23) sw      gp, 1660(t5)
core   0: 3 0x8000b988 (0x663f2e23) mem 0x8000d000 0x00000001
core   0: 0x8000b98c (0x0000bfe5) c.j     pc - 8
core   0: 3 0x8000b98c (0xbfe5)
core   0: 0x8000b984 (0x00001f17) auipc   t5, 0x1
core   0: 3 0x8000b984 (0x00001f17) x30 0x8000c984
core   0: 0x8000b988 (0x663f2e23) sw      gp, 1660(t5)
core   0: 3 0x8000b988 (0x663f2e23) mem 0x8000d000 0x00000001
core   0: 0x8000b98c (0x0000bfe5) c.j     pc - 8
core   0: 3 0x8000b98c (0xbfe5)
core   0: 0x8000b984 (0x00001f17) auipc   t5, 0x1
core   0: 3 0x8000b984 (0x00001f17) x30 0x8000c984
core   0: 0x8000b988 (0x663f2e23) sw      gp, 1660(t5)
core   0: 3 0x8000b988 (0x663f2e23) mem 0x8000d000 0x00000001
core   0: 0x8000b98c (0x0000bfe5) c.j     pc - 8
core   0: 3 0x8000b98c (0xbfe5)
core   0: 0x8000b984 (0x00001f17) auipc   t5, 0x1
core   0: 3 0x8000b984 (0x00001f17) x30 0x8000c984
core   0: 0x8000b988 (0x663f2e23) sw      gp, 1660(t5)
core   0: 3 0x8000b988 (0x663f2e23) mem 0x8000d000 0x00000001
core   0: 0x8000b98c (0x0000bfe5) c.j     pc - 8
core   0: 3 0x8000b98c (0xbfe5)
core   0: 0x8000b984 (0x00001f17) auipc   t5, 0x1
core   0: 3 0x8000b984 (0x00001f17) x30 0x8000c984
core   0: 0x8000b988 (0x663f2e23) sw      gp, 1660(t5)
core   0: 3 0x8000b988 (0x663f2e23) mem 0x8000d000 0x00000001
core   0: 0x8000b98c (0x0000bfe5) c.j     pc - 8
core   0: 3 0x8000b98c (0xbfe5)
core   0: 0x8000b984 (0x00001f17) auipc   t5, 0x1
core   0: 3 0x8000b984 (0x00001f17) x30 0x8000c984
core   0: 0x8000b988 (0x663f2e23) sw      gp, 1660(t5)
core   0: 3 0x8000b988 (0x663f2e23) mem 0x8000d000 0x00000001
core   0: 0x8000b98c (0x0000bfe5) c.j     pc - 8
core   0: 3 0x8000b98c (0xbfe5)
core   0: 0x8000b984 (0x00001f17) auipc   t5, 0x1
core   0: 3 0x8000b984 (0x00001f17) x30 0x8000c984
core   0: 0x8000b988 (0x663f2e23) sw      gp, 1660(t5)
core   0: 3 0x8000b988 (0x663f2e23) mem 0x8000d000 0x00000001
core   0: 0x8000b98c (0x0000bfe5) c.j     pc - 8
core   0: 3 0x8000b98c (0xbfe5)
core   0: 0x8000b984 (0x00001f17) auipc   t5, 0x1
core   0: 3 0x8000b984 (0x00001f17) x30 0x8000c984
core   0: 0x8000b988 (0x663f2e23) sw      gp, 1660(t5)
core   0: 3 0x8000b988 (0x663f2e23) mem 0x8000d000 0x00000001
core   0: 0x8000b98c (0x0000bfe5) c.j     pc - 8
core   0: 3 0x8000b98c (0xbfe5)
core   0: 0x8000b984 (0x00001f17) auipc   t5, 0x1
core   0: 3 0x8000b984 (0x00001f17) x30 0x8000c984
core   0: 0x8000b988 (0x663f2e23) sw      gp, 1660(t5)
core   0: 3 0x8000b988 (0x663f2e23) mem 0x8000d000 0x00000001
core   0: 0x8000b98c (0x0000bfe5) c.j     pc - 8
core   0: 3 0x8000b98c (0xbfe5)
core   0: 0x8000b984 (0x00001f17) auipc   t5, 0x1
core   0: 3 0x8000b984 (0x00001f17) x30 0x8000c984
core   0: 0x8000b988 (0x663f2e23) sw      gp, 1660(t5)
core   0: 3 0x8000b988 (0x663f2e23) mem 0x8000d000 0x00000001
core   0: 0x8000b98c (0x0000bfe5) c.j     pc - 8
core   0: 3 0x8000b98c (0xbfe5)
core   0: 0x8000b984 (0x00001f17) auipc   t5, 0x1
core   0: 3 0x8000b984 (0x00001f17) x30 0x8000c984
core   0: 0x8000b988 (0x663f2e23) sw      gp, 1660(t5)
core   0: 3 0x8000b988 (0x663f2e23) mem 0x8000d000 0x00000001
core   0: 0x8000b98c (0x0000bfe5) c.j     pc - 8
core   0: 3 0x8000b98c (0xbfe5)
core   0: 0x8000b984 (0x00001f17) auipc   t5, 0x1
core   0: 3 0x8000b984 (0x00001f17) x30 0x8000c984
core   0: 0x8000b988 (0x663f2e23) sw      gp, 1660(t5)
core   0: 3 0x8000b988 (0x663f2e23) mem 0x8000d000 0x00000001
core   0: 0x8000b98c (0x0000bfe5) c.j     pc - 8
core   0: 3 0x8000b98c (0xbfe5)
core   0: 0x8000b984 (0x00001f17) auipc   t5, 0x1
core   0: 3 0x8000b984 (0x00001f17) x30 0x8000c984
core   0: 0x8000b988 (0x663f2e23) sw      gp, 1660(t5)
core   0: 3 0x8000b988 (0x663f2e23) mem 0x8000d000 0x00000001
core   0: 0x8000b98c (0x0000bfe5) c.j     pc - 8
core   0: 3 0x8000b98c (0xbfe5)
core   0: 0x8000b984 (0x00001f17) auipc   t5, 0x1
core   0: 3 0x8000b984 (0x00001f17) x30 0x8000c984
core   0: 0x8000b988 (0x663f2e23) sw      gp, 1660(t5)
core   0: 3 0x8000b988 (0x663f2e23) mem 0x8000d000 0x00000001
core   0: 0x8000b98c (0x0000bfe5) c.j     pc - 8
core   0: 3 0x8000b98c (0xbfe5)
core   0: 0x8000b984 (0x00001f17) auipc   t5, 0x1
core   0: 3 0x8000b984 (0x00001f17) x30 0x8000c984
core   0: 0x8000b988 (0x663f2e23) sw      gp, 1660(t5)
core   0: 3 0x8000b988 (0x663f2e23) mem 0x8000d000 0x00000001
core   0: 0x8000b98c (0x0000bfe5) c.j     pc - 8
core   0: 3 0x8000b98c (0xbfe5)
core   0: 0x8000b984 (0x00001f17) auipc   t5, 0x1
core   0: 3 0x8000b984 (0x00001f17) x30 0x8000c984
core   0: 0x8000b988 (0x663f2e23) sw      gp, 1660(t5)
core   0: 3 0x8000b988 (0x663f2e23) mem 0x8000d000 0x00000001
core   0: 0x8000b98c (0x0000bfe5) c.j     pc - 8
core   0: 3 0x8000b98c (0xbfe5)
core   0: 0x8000b984 (0x00001f17) auipc   t5, 0x1
core   0: 3 0x8000b984 (0x00001f17) x30 0x8000c984
core   0: 0x8000b988 (0x663f2e23) sw      gp, 1660(t5)
core   0: 3 0x8000b988 (0x663f2e23) mem 0x8000d000 0x00000001
core   0: 0x8000b98c (0x0000bfe5) c.j     pc - 8
core   0: 3 0x8000b98c (0xbfe5)
core   0: 0x8000b984 (0x00001f17) auipc   t5, 0x1
core   0: 3 0x8000b984 (0x00001f17) x30 0x8000c984
core   0: 0x8000b988 (0x663f2e23) sw      gp, 1660(t5)
core   0: 3 0x8000b988 (0x663f2e23) mem 0x8000d000 0x00000001
core   0: 0x8000b98c (0x0000bfe5) c.j     pc - 8
core   0: 3 0x8000b98c (0xbfe5)
core   0: 0x8000b984 (0x00001f17) auipc   t5, 0x1
core   0: 3 0x8000b984 (0x00001f17) x30 0x8000c984
core   0: 0x8000b988 (0x663f2e23) sw      gp, 1660(t5)
core   0: 3 0x8000b988 (0x663f2e23) mem 0x8000d000 0x00000001
core   0: 0x8000b98c (0x0000bfe5) c.j     pc - 8
core   0: 3 0x8000b98c (0xbfe5)
core   0: 0x8000b984 (0x00001f17) auipc   t5, 0x1
core   0: 3 0x8000b984 (0x00001f17) x30 0x8000c984
core   0: 0x8000b988 (0x663f2e23) sw      gp, 1660(t5)
core   0: 3 0x8000b988 (0x663f2e23) mem 0x8000d000 0x00000001
core   0: 0x8000b98c (0x0000bfe5) c.j     pc - 8
core   0: 3 0x8000b98c (0xbfe5)
core   0: 0x8000b984 (0x00001f17) auipc   t5, 0x1
core   0: 3 0x8000b984 (0x00001f17) x30 0x8000c984
core   0: 0x8000b988 (0x663f2e23) sw      gp, 1660(t5)
core   0: 3 0x8000b988 (0x663f2e23) mem 0x8000d000 0x00000001
core   0: 0x8000b98c (0x0000bfe5) c.j     pc - 8
core   0: 3 0x8000b98c (0xbfe5)
core   0: 0x8000b984 (0x00001f17) auipc   t5, 0x1
core   0: 3 0x8000b984 (0x00001f17) x30 0x8000c984
core   0: 0x8000b988 (0x663f2e23) sw      gp, 1660(t5)
core   0: 3 0x8000b988 (0x663f2e23) mem 0x8000d000 0x00000001
core   0: 0x8000b98c (0x0000bfe5) c.j     pc - 8
core   0: 3 0x8000b98c (0xbfe5)
core   0: 0x8000b984 (0x00001f17) auipc   t5, 0x1
core   0: 3 0x8000b984 (0x00001f17) x30 0x8000c984
core   0: 0x8000b988 (0x663f2e23) sw      gp, 1660(t5)
core   0: 3 0x8000b988 (0x663f2e23) mem 0x8000d000 0x00000001
core   0: 0x8000b98c (0x0000bfe5) c.j     pc - 8
core   0: 3 0x8000b98c (0xbfe5)
core   0: 0x8000b984 (0x00001f17) auipc   t5, 0x1
core   0: 3 0x8000b984 (0x00001f17) x30 0x8000c984
core   0: 0x8000b988 (0x663f2e23) sw      gp, 1660(t5)
core   0: 3 0x8000b988 (0x663f2e23) mem 0x8000d000 0x00000001
core   0: 0x8000b98c (0x0000bfe5) c.j     pc - 8
core   0: 3 0x8000b98c (0xbfe5)
core   0: 0x8000b984 (0x00001f17) auipc   t5, 0x1
core   0: 3 0x8000b984 (0x00001f17) x30 0x8000c984
core   0: 0x8000b988 (0x663f2e23) sw      gp, 1660(t5)
core   0: 3 0x8000b988 (0x663f2e23) mem 0x8000d000 0x00000001
core   0: 0x8000b98c (0x0000bfe5) c.j     pc - 8
core   0: 3 0x8000b98c (0xbfe5)
core   0: 0x8000b984 (0x00001f17) auipc   t5, 0x1
core   0: 3 0x8000b984 (0x00001f17) x30 0x8000c984
core   0: 0x8000b988 (0x663f2e23) sw      gp, 1660(t5)
core   0: 3 0x8000b988 (0x663f2e23) mem 0x8000d000 0x00000001
core   0: 0x8000b98c (0x0000bfe5) c.j     pc - 8
core   0: 3 0x8000b98c (0xbfe5)
core   0: 0x8000b984 (0x00001f17) auipc   t5, 0x1
core   0: 3 0x8000b984 (0x00001f17) x30 0x8000c984
core   0: 0x8000b988 (0x663f2e23) sw      gp, 1660(t5)
core   0: 3 0x8000b988 (0x663f2e23) mem 0x8000d000 0x00000001
core   0: 0x8000b98c (0x0000bfe5) c.j     pc - 8
core   0: 3 0x8000b98c (0xbfe5)
core   0: 0x8000b984 (0x00001f17) auipc   t5, 0x1
core   0: 3 0x8000b984 (0x00001f17) x30 0x8000c984
core   0: 0x8000b988 (0x663f2e23) sw      gp, 1660(t5)
core   0: 3 0x8000b988 (0x663f2e23) mem 0x8000d000 0x00000001
core   0: 0x8000b98c (0x0000bfe5) c.j     pc - 8
core   0: 3 0x8000b98c (0xbfe5)
core   0: 0x8000b984 (0x00001f17) auipc   t5, 0x1
core   0: 3 0x8000b984 (0x00001f17) x30 0x8000c984
core   0: 0x8000b988 (0x663f2e23) sw      gp, 1660(t5)
core   0: 3 0x8000b988 (0x663f2e23) mem 0x8000d000 0x00000001
core   0: 0x8000b98c (0x0000bfe5) c.j     pc - 8
core   0: 3 0x8000b98c (0xbfe5)
core   0: 0x8000b984 (0x00001f17) auipc   t5, 0x1
core   0: 3 0x8000b984 (0x00001f17) x30 0x8000c984
core   0: 0x8000b988 (0x663f2e23) sw      gp, 1660(t5)
core   0: 3 0x8000b988 (0x663f2e23) mem 0x8000d000 0x00000001
core   0: 0x8000b98c (0x0000bfe5) c.j     pc - 8
core   0: 3 0x8000b98c (0xbfe5)
core   0: 0x8000b984 (0x00001f17) auipc   t5, 0x1
core   0: 3 0x8000b984 (0x00001f17) x30 0x8000c984
core   0: 0x8000b988 (0x663f2e23) sw      gp, 1660(t5)
core   0: 3 0x8000b988 (0x663f2e23) mem 0x8000d000 0x00000001
core   0: 0x8000b98c (0x0000bfe5) c.j     pc - 8
core   0: 3 0x8000b98c (0xbfe5)
core   0: 0x8000b984 (0x00001f17) auipc   t5, 0x1
core   0: 3 0x8000b984 (0x00001f17) x30 0x8000c984
core   0: 0x8000b988 (0x663f2e23) sw      gp, 1660(t5)
core   0: 3 0x8000b988 (0x663f2e23) mem 0x8000d000 0x00000001
core   0: 0x8000b98c (0x0000bfe5) c.j     pc - 8
core   0: 3 0x8000b98c (0xbfe5)
core   0: 0x8000b984 (0x00001f17) auipc   t5, 0x1
core   0: 3 0x8000b984 (0x00001f17) x30 0x8000c984
core   0: 0x8000b988 (0x663f2e23) sw      gp, 1660(t5)
core   0: 3 0x8000b988 (0x663f2e23) mem 0x8000d000 0x00000001
core   0: 0x8000b98c (0x0000bfe5) c.j     pc - 8
core   0: 3 0x8000b98c (0xbfe5)
core   0: 0x8000b984 (0x00001f17) auipc   t5, 0x1
core   0: 3 0x8000b984 (0x00001f17) x30 0x8000c984
core   0: 0x8000b988 (0x663f2e23) sw      gp, 1660(t5)
core   0: 3 0x8000b988 (0x663f2e23) mem 0x8000d000 0x00000001
core   0: 0x8000b98c (0x0000bfe5) c.j     pc - 8
core   0: 3 0x8000b98c (0xbfe5)
core   0: 0x8000b984 (0x00001f17) auipc   t5, 0x1
core   0: 3 0x8000b984 (0x00001f17) x30 0x8000c984
core   0: 0x8000b988 (0x663f2e23) sw      gp, 1660(t5)
core   0: 3 0x8000b988 (0x663f2e23) mem 0x8000d000 0x00000001
core   0: 0x8000b98c (0x0000bfe5) c.j     pc - 8
core   0: 3 0x8000b98c (0xbfe5)
core   0: 0x8000b984 (0x00001f17) auipc   t5, 0x1
core   0: 3 0x8000b984 (0x00001f17) x30 0x8000c984
core   0: 0x8000b988 (0x663f2e23) sw      gp, 1660(t5)
core   0: 3 0x8000b988 (0x663f2e23) mem 0x8000d000 0x00000001
core   0: 0x8000b98c (0x0000bfe5) c.j     pc - 8
core   0: 3 0x8000b98c (0xbfe5)
core   0: 0x8000b984 (0x00001f17) auipc   t5, 0x1
core   0: 3 0x8000b984 (0x00001f17) x30 0x8000c984
core   0: 0x8000b988 (0x663f2e23) sw      gp, 1660(t5)
core   0: 3 0x8000b988 (0x663f2e23) mem 0x8000d000 0x00000001
core   0: 0x8000b98c (0x0000bfe5) c.j     pc - 8
core   0: 3 0x8000b98c (0xbfe5)
core   0: 0x8000b984 (0x00001f17) auipc   t5, 0x1
core   0: 3 0x8000b984 (0x00001f17) x30 0x8000c984
core   0: 0x8000b988 (0x663f2e23) sw      gp, 1660(t5)
core   0: 3 0x8000b988 (0x663f2e23) mem 0x8000d000 0x00000001
core   0: 0x8000b98c (0x0000bfe5) c.j     pc - 8
core   0: 3 0x8000b98c (0xbfe5)
core   0: 0x8000b984 (0x00001f17) auipc   t5, 0x1
core   0: 3 0x8000b984 (0x00001f17) x30 0x8000c984
core   0: 0x8000b988 (0x663f2e23) sw      gp, 1660(t5)
core   0: 3 0x8000b988 (0x663f2e23) mem 0x8000d000 0x00000001
core   0: 0x8000b98c (0x0000bfe5) c.j     pc - 8
core   0: 3 0x8000b98c (0xbfe5)
core   0: 0x8000b984 (0x00001f17) auipc   t5, 0x1
core   0: 3 0x8000b984 (0x00001f17) x30 0x8000c984
core   0: 0x8000b988 (0x663f2e23) sw      gp, 1660(t5)
core   0: 3 0x8000b988 (0x663f2e23) mem 0x8000d000 0x00000001
core   0: 0x8000b98c (0x0000bfe5) c.j     pc - 8
core   0: 3 0x8000b98c (0xbfe5)
core   0: 0x8000b984 (0x00001f17) auipc   t5, 0x1
core   0: 3 0x8000b984 (0x00001f17) x30 0x8000c984
core   0: 0x8000b988 (0x663f2e23) sw      gp, 1660(t5)
core   0: 3 0x8000b988 (0x663f2e23) mem 0x8000d000 0x00000001
core   0: 0x8000b98c (0x0000bfe5) c.j     pc - 8
core   0: 3 0x8000b98c (0xbfe5)
core   0: 0x8000b984 (0x00001f17) auipc   t5, 0x1
core   0: 3 0x8000b984 (0x00001f17) x30 0x8000c984
core   0: 0x8000b988 (0x663f2e23) sw      gp, 1660(t5)
core   0: 3 0x8000b988 (0x663f2e23) mem 0x8000d000 0x00000001
core   0: 0x8000b98c (0x0000bfe5) c.j     pc - 8
core   0: 3 0x8000b98c (0xbfe5)
core   0: 0x8000b984 (0x00001f17) auipc   t5, 0x1
core   0: 3 0x8000b984 (0x00001f17) x30 0x8000c984
core   0: 0x8000b988 (0x663f2e23) sw      gp, 1660(t5)
core   0: 3 0x8000b988 (0x663f2e23) mem 0x8000d000 0x00000001
core   0: 0x8000b98c (0x0000bfe5) c.j     pc - 8
core   0: 3 0x8000b98c (0xbfe5)
core   0: 0x8000b984 (0x00001f17) auipc   t5, 0x1
core   0: 3 0x8000b984 (0x00001f17) x30 0x8000c984
core   0: 0x8000b988 (0x663f2e23) sw      gp, 1660(t5)
core   0: 3 0x8000b988 (0x663f2e23) mem 0x8000d000 0x00000001
core   0: 0x8000b98c (0x0000bfe5) c.j     pc - 8
core   0: 3 0x8000b98c (0xbfe5)
core   0: 0x8000b984 (0x00001f17) auipc   t5, 0x1
core   0: 3 0x8000b984 (0x00001f17) x30 0x8000c984
core   0: 0x8000b988 (0x663f2e23) sw      gp, 1660(t5)
core   0: 3 0x8000b988 (0x663f2e23) mem 0x8000d000 0x00000001
core   0: 0x8000b98c (0x0000bfe5) c.j     pc - 8
core   0: 3 0x8000b98c (0xbfe5)
core   0: 0x8000b984 (0x00001f17) auipc   t5, 0x1
core   0: 3 0x8000b984 (0x00001f17) x30 0x8000c984
core   0: 0x8000b988 (0x663f2e23) sw      gp, 1660(t5)
core   0: 3 0x8000b988 (0x663f2e23) mem 0x8000d000 0x00000001
core   0: 0x8000b98c (0x0000bfe5) c.j     pc - 8
core   0: 3 0x8000b98c (0xbfe5)
core   0: 0x8000b984 (0x00001f17) auipc   t5, 0x1
core   0: 3 0x8000b984 (0x00001f17) x30 0x8000c984
core   0: 0x8000b988 (0x663f2e23) sw      gp, 1660(t5)
core   0: 3 0x8000b988 (0x663f2e23) mem 0x8000d000 0x00000001
core   0: 0x8000b98c (0x0000bfe5) c.j     pc - 8
core   0: 3 0x8000b98c (0xbfe5)
core   0: 0x8000b984 (0x00001f17) auipc   t5, 0x1
core   0: 3 0x8000b984 (0x00001f17) x30 0x8000c984
core   0: 0x8000b988 (0x663f2e23) sw      gp, 1660(t5)
core   0: 3 0x8000b988 (0x663f2e23) mem 0x8000d000 0x00000001
core   0: 0x8000b98c (0x0000bfe5) c.j     pc - 8
core   0: 3 0x8000b98c (0xbfe5)
core   0: 0x8000b984 (0x00001f17) auipc   t5, 0x1
core   0: 3 0x8000b984 (0x00001f17) x30 0x8000c984
core   0: 0x8000b988 (0x663f2e23) sw      gp, 1660(t5)
core   0: 3 0x8000b988 (0x663f2e23) mem 0x8000d000 0x00000001
core   0: 0x8000b98c (0x0000bfe5) c.j     pc - 8
core   0: 3 0x8000b98c (0xbfe5)
core   0: 0x8000b984 (0x00001f17) auipc   t5, 0x1
core   0: 3 0x8000b984 (0x00001f17) x30 0x8000c984
core   0: 0x8000b988 (0x663f2e23) sw      gp, 1660(t5)
core   0: 3 0x8000b988 (0x663f2e23) mem 0x8000d000 0x00000001
core   0: 0x8000b98c (0x0000bfe5) c.j     pc - 8
core   0: 3 0x8000b98c (0xbfe5)
core   0: 0x8000b984 (0x00001f17) auipc   t5, 0x1
core   0: 3 0x8000b984 (0x00001f17) x30 0x8000c984
core   0: 0x8000b988 (0x663f2e23) sw      gp, 1660(t5)
core   0: 3 0x8000b988 (0x663f2e23) mem 0x8000d000 0x00000001
core   0: 0x8000b98c (0x0000bfe5) c.j     pc - 8
core   0: 3 0x8000b98c (0xbfe5)
core   0: 0x8000b984 (0x00001f17) auipc   t5, 0x1
core   0: 3 0x8000b984 (0x00001f17) x30 0x8000c984
core   0: 0x8000b988 (0x663f2e23) sw      gp, 1660(t5)
core   0: 3 0x8000b988 (0x663f2e23) mem 0x8000d000 0x00000001
core   0: 0x8000b98c (0x0000bfe5) c.j     pc - 8
core   0: 3 0x8000b98c (0xbfe5)
core   0: 0x8000b984 (0x00001f17) auipc   t5, 0x1
core   0: 3 0x8000b984 (0x00001f17) x30 0x8000c984
core   0: 0x8000b988 (0x663f2e23) sw      gp, 1660(t5)
core   0: 3 0x8000b988 (0x663f2e23) mem 0x8000d000 0x00000001
core   0: 0x8000b98c (0x0000bfe5) c.j     pc - 8
core   0: 3 0x8000b98c (0xbfe5)
core   0: 0x8000b984 (0x00001f17) auipc   t5, 0x1
core   0: 3 0x8000b984 (0x00001f17) x30 0x8000c984
core   0: 0x8000b988 (0x663f2e23) sw      gp, 1660(t5)
core   0: 3 0x8000b988 (0x663f2e23) mem 0x8000d000 0x00000001
core   0: 0x8000b98c (0x0000bfe5) c.j     pc - 8
core   0: 3 0x8000b98c (0xbfe5)
core   0: 0x8000b984 (0x00001f17) auipc   t5, 0x1
core   0: 3 0x8000b984 (0x00001f17) x30 0x8000c984
core   0: 0x8000b988 (0x663f2e23) sw      gp, 1660(t5)
core   0: 3 0x8000b988 (0x663f2e23) mem 0x8000d000 0x00000001
core   0: 0x8000b98c (0x0000bfe5) c.j     pc - 8
core   0: 3 0x8000b98c (0xbfe5)
core   0: 0x8000b984 (0x00001f17) auipc   t5, 0x1
core   0: 3 0x8000b984 (0x00001f17) x30 0x8000c984
core   0: 0x8000b988 (0x663f2e23) sw      gp, 1660(t5)
core   0: 3 0x8000b988 (0x663f2e23) mem 0x8000d000 0x00000001
core   0: 0x8000b98c (0x0000bfe5) c.j     pc - 8
core   0: 3 0x8000b98c (0xbfe5)
core   0: 0x8000b984 (0x00001f17) auipc   t5, 0x1
core   0: 3 0x8000b984 (0x00001f17) x30 0x8000c984
core   0: 0x8000b988 (0x663f2e23) sw      gp, 1660(t5)
core   0: 3 0x8000b988 (0x663f2e23) mem 0x8000d000 0x00000001
core   0: 0x8000b98c (0x0000bfe5) c.j     pc - 8
core   0: 3 0x8000b98c (0xbfe5)
core   0: 0x8000b984 (0x00001f17) auipc   t5, 0x1
core   0: 3 0x8000b984 (0x00001f17) x30 0x8000c984
core   0: 0x8000b988 (0x663f2e23) sw      gp, 1660(t5)
core   0: 3 0x8000b988 (0x663f2e23) mem 0x8000d000 0x00000001
core   0: 0x8000b98c (0x0000bfe5) c.j     pc - 8
core   0: 3 0x8000b98c (0xbfe5)
core   0: 0x8000b984 (0x00001f17) auipc   t5, 0x1
core   0: 3 0x8000b984 (0x00001f17) x30 0x8000c984
core   0: 0x8000b988 (0x663f2e23) sw      gp, 1660(t5)
core   0: 3 0x8000b988 (0x663f2e23) mem 0x8000d000 0x00000001
core   0: 0x8000b98c (0x0000bfe5) c.j     pc - 8
core   0: 3 0x8000b98c (0xbfe5)
core   0: 0x8000b984 (0x00001f17) auipc   t5, 0x1
core   0: 3 0x8000b984 (0x00001f17) x30 0x8000c984
core   0: 0x8000b988 (0x663f2e23) sw      gp, 1660(t5)
core   0: 3 0x8000b988 (0x663f2e23) mem 0x8000d000 0x00000001
core   0: 0x8000b98c (0x0000bfe5) c.j     pc - 8
core   0: 3 0x8000b98c (0xbfe5)
core   0: 0x8000b984 (0x00001f17) auipc   t5, 0x1
core   0: 3 0x8000b984 (0x00001f17) x30 0x8000c984
core   0: 0x8000b988 (0x663f2e23) sw      gp, 1660(t5)
core   0: 3 0x8000b988 (0x663f2e23) mem 0x8000d000 0x00000001
core   0: 0x8000b98c (0x0000bfe5) c.j     pc - 8
core   0: 3 0x8000b98c (0xbfe5)
core   0: 0x8000b984 (0x00001f17) auipc   t5, 0x1
core   0: 3 0x8000b984 (0x00001f17) x30 0x8000c984
core   0: 0x8000b988 (0x663f2e23) sw      gp, 1660(t5)
core   0: 3 0x8000b988 (0x663f2e23) mem 0x8000d000 0x00000001
core   0: 0x8000b98c (0x0000bfe5) c.j     pc - 8
core   0: 3 0x8000b98c (0xbfe5)
core   0: 0x8000b984 (0x00001f17) auipc   t5, 0x1
core   0: 3 0x8000b984 (0x00001f17) x30 0x8000c984
core   0: 0x8000b988 (0x663f2e23) sw      gp, 1660(t5)
core   0: 3 0x8000b988 (0x663f2e23) mem 0x8000d000 0x00000001
core   0: 0x8000b98c (0x0000bfe5) c.j     pc - 8
core   0: 3 0x8000b98c (0xbfe5)
core   0: 0x8000b984 (0x00001f17) auipc   t5, 0x1
core   0: 3 0x8000b984 (0x00001f17) x30 0x8000c984
core   0: 0x8000b988 (0x663f2e23) sw      gp, 1660(t5)
core   0: 3 0x8000b988 (0x663f2e23) mem 0x8000d000 0x00000001
core   0: 0x8000b98c (0x0000bfe5) c.j     pc - 8
core   0: 3 0x8000b98c (0xbfe5)
core   0: 0x8000b984 (0x00001f17) auipc   t5, 0x1
core   0: 3 0x8000b984 (0x00001f17) x30 0x8000c984
core   0: 0x8000b988 (0x663f2e23) sw      gp, 1660(t5)
core   0: 3 0x8000b988 (0x663f2e23) mem 0x8000d000 0x00000001
core   0: 0x8000b98c (0x0000bfe5) c.j     pc - 8
core   0: 3 0x8000b98c (0xbfe5)
core   0: 0x8000b984 (0x00001f17) auipc   t5, 0x1
core   0: 3 0x8000b984 (0x00001f17) x30 0x8000c984
core   0: 0x8000b988 (0x663f2e23) sw      gp, 1660(t5)
core   0: 3 0x8000b988 (0x663f2e23) mem 0x8000d000 0x00000001
core   0: 0x8000b98c (0x0000bfe5) c.j     pc - 8
core   0: 3 0x8000b98c (0xbfe5)
core   0: 0x8000b984 (0x00001f17) auipc   t5, 0x1
core   0: 3 0x8000b984 (0x00001f17) x30 0x8000c984
core   0: 0x8000b988 (0x663f2e23) sw      gp, 1660(t5)
core   0: 3 0x8000b988 (0x663f2e23) mem 0x8000d000 0x00000001
core   0: 0x8000b98c (0x0000bfe5) c.j     pc - 8
core   0: 3 0x8000b98c (0xbfe5)
core   0: 0x8000b984 (0x00001f17) auipc   t5, 0x1
core   0: 3 0x8000b984 (0x00001f17) x30 0x8000c984
core   0: 0x8000b988 (0x663f2e23) sw      gp, 1660(t5)
core   0: 3 0x8000b988 (0x663f2e23) mem 0x8000d000 0x00000001
core   0: 0x8000b98c (0x0000bfe5) c.j     pc - 8
core   0: 3 0x8000b98c (0xbfe5)
core   0: 0x8000b984 (0x00001f17) auipc   t5, 0x1
core   0: 3 0x8000b984 (0x00001f17) x30 0x8000c984
core   0: 0x8000b988 (0x663f2e23) sw      gp, 1660(t5)
core   0: 3 0x8000b988 (0x663f2e23) mem 0x8000d000 0x00000001
core   0: 0x8000b98c (0x0000bfe5) c.j     pc - 8
core   0: 3 0x8000b98c (0xbfe5)
core   0: 0x8000b984 (0x00001f17) auipc   t5, 0x1
core   0: 3 0x8000b984 (0x00001f17) x30 0x8000c984
core   0: 0x8000b988 (0x663f2e23) sw      gp, 1660(t5)
core   0: 3 0x8000b988 (0x663f2e23) mem 0x8000d000 0x00000001
core   0: 0x8000b98c (0x0000bfe5) c.j     pc - 8
core   0: 3 0x8000b98c (0xbfe5)
core   0: 0x8000b984 (0x00001f17) auipc   t5, 0x1
core   0: 3 0x8000b984 (0x00001f17) x30 0x8000c984
core   0: 0x8000b988 (0x663f2e23) sw      gp, 1660(t5)
core   0: 3 0x8000b988 (0x663f2e23) mem 0x8000d000 0x00000001
core   0: 0x8000b98c (0x0000bfe5) c.j     pc - 8
core   0: 3 0x8000b98c (0xbfe5)
core   0: 0x8000b984 (0x00001f17) auipc   t5, 0x1
core   0: 3 0x8000b984 (0x00001f17) x30 0x8000c984
core   0: 0x8000b988 (0x663f2e23) sw      gp, 1660(t5)
core   0: 3 0x8000b988 (0x663f2e23) mem 0x8000d000 0x00000001
core   0: 0x8000b98c (0x0000bfe5) c.j     pc - 8
core   0: 3 0x8000b98c (0xbfe5)
core   0: 0x8000b984 (0x00001f17) auipc   t5, 0x1
core   0: 3 0x8000b984 (0x00001f17) x30 0x8000c984
core   0: 0x8000b988 (0x663f2e23) sw      gp, 1660(t5)
core   0: 3 0x8000b988 (0x663f2e23) mem 0x8000d000 0x00000001
core   0: 0x8000b98c (0x0000bfe5) c.j     pc - 8
core   0: 3 0x8000b98c (0xbfe5)
core   0: 0x8000b984 (0x00001f17) auipc   t5, 0x1
core   0: 3 0x8000b984 (0x00001f17) x30 0x8000c984
core   0: 0x8000b988 (0x663f2e23) sw      gp, 1660(t5)
core   0: 3 0x8000b988 (0x663f2e23) mem 0x8000d000 0x00000001
core   0: 0x8000b98c (0x0000bfe5) c.j     pc - 8
core   0: 3 0x8000b98c (0xbfe5)
core   0: 0x8000b984 (0x00001f17) auipc   t5, 0x1
core   0: 3 0x8000b984 (0x00001f17) x30 0x8000c984
core   0: 0x8000b988 (0x663f2e23) sw      gp, 1660(t5)
core   0: 3 0x8000b988 (0x663f2e23) mem 0x8000d000 0x00000001
core   0: 0x8000b98c (0x0000bfe5) c.j     pc - 8
core   0: 3 0x8000b98c (0xbfe5)
core   0: 0x8000b984 (0x00001f17) auipc   t5, 0x1
core   0: 3 0x8000b984 (0x00001f17) x30 0x8000c984
core   0: 0x8000b988 (0x663f2e23) sw      gp, 1660(t5)
core   0: 3 0x8000b988 (0x663f2e23) mem 0x8000d000 0x00000001
core   0: 0x8000b98c (0x0000bfe5) c.j     pc - 8
core   0: 3 0x8000b98c (0xbfe5)
core   0: 0x8000b984 (0x00001f17) auipc   t5, 0x1
core   0: 3 0x8000b984 (0x00001f17) x30 0x8000c984
core   0: 0x8000b988 (0x663f2e23) sw      gp, 1660(t5)
core   0: 3 0x8000b988 (0x663f2e23) mem 0x8000d000 0x00000001
core   0: 0x8000b98c (0x0000bfe5) c.j     pc - 8
core   0: 3 0x8000b98c (0xbfe5)
core   0: 0x8000b984 (0x00001f17) auipc   t5, 0x1
core   0: 3 0x8000b984 (0x00001f17) x30 0x8000c984
core   0: 0x8000b988 (0x663f2e23) sw      gp, 1660(t5)
core   0: 3 0x8000b988 (0x663f2e23) mem 0x8000d000 0x00000001
core   0: 0x8000b98c (0x0000bfe5) c.j     pc - 8
core   0: 3 0x8000b98c (0xbfe5)
core   0: 0x8000b984 (0x00001f17) auipc   t5, 0x1
core   0: 3 0x8000b984 (0x00001f17) x30 0x8000c984
core   0: 0x8000b988 (0x663f2e23) sw      gp, 1660(t5)
core   0: 3 0x8000b988 (0x663f2e23) mem 0x8000d000 0x00000001
core   0: 0x8000b98c (0x0000bfe5) c.j     pc - 8
core   0: 3 0x8000b98c (0xbfe5)
core   0: 0x8000b984 (0x00001f17) auipc   t5, 0x1
core   0: 3 0x8000b984 (0x00001f17) x30 0x8000c984
core   0: 0x8000b988 (0x663f2e23) sw      gp, 1660(t5)
core   0: 3 0x8000b988 (0x663f2e23) mem 0x8000d000 0x00000001
core   0: 0x8000b98c (0x0000bfe5) c.j     pc - 8
core   0: 3 0x8000b98c (0xbfe5)
core   0: 0x8000b984 (0x00001f17) auipc   t5, 0x1
core   0: 3 0x8000b984 (0x00001f17) x30 0x8000c984
core   0: 0x8000b988 (0x663f2e23) sw      gp, 1660(t5)
core   0: 3 0x8000b988 (0x663f2e23) mem 0x8000d000 0x00000001
core   0: 0x8000b98c (0x0000bfe5) c.j     pc - 8
core   0: 3 0x8000b98c (0xbfe5)
core   0: 0x8000b984 (0x00001f17) auipc   t5, 0x1
core   0: 3 0x8000b984 (0x00001f17) x30 0x8000c984
core   0: 0x8000b988 (0x663f2e23) sw      gp, 1660(t5)
core   0: 3 0x8000b988 (0x663f2e23) mem 0x8000d000 0x00000001
core   0: 0x8000b98c (0x0000bfe5) c.j     pc - 8
core   0: 3 0x8000b98c (0xbfe5)
core   0: 0x8000b984 (0x00001f17) auipc   t5, 0x1
core   0: 3 0x8000b984 (0x00001f17) x30 0x8000c984
core   0: 0x8000b988 (0x663f2e23) sw      gp, 1660(t5)
core   0: 3 0x8000b988 (0x663f2e23) mem 0x8000d000 0x00000001
core   0: 0x8000b98c (0x0000bfe5) c.j     pc - 8
core   0: 3 0x8000b98c (0xbfe5)
core   0: 0x8000b984 (0x00001f17) auipc   t5, 0x1
core   0: 3 0x8000b984 (0x00001f17) x30 0x8000c984
core   0: 0x8000b988 (0x663f2e23) sw      gp, 1660(t5)
core   0: 3 0x8000b988 (0x663f2e23) mem 0x8000d000 0x00000001
core   0: 0x8000b98c (0x0000bfe5) c.j     pc - 8
core   0: 3 0x8000b98c (0xbfe5)
core   0: 0x8000b984 (0x00001f17) auipc   t5, 0x1
core   0: 3 0x8000b984 (0x00001f17) x30 0x8000c984
core   0: 0x8000b988 (0x663f2e23) sw      gp, 1660(t5)
core   0: 3 0x8000b988 (0x663f2e23) mem 0x8000d000 0x00000001
core   0: 0x8000b98c (0x0000bfe5) c.j     pc - 8
core   0: 3 0x8000b98c (0xbfe5)
core   0: 0x8000b984 (0x00001f17) auipc   t5, 0x1
core   0: 3 0x8000b984 (0x00001f17) x30 0x8000c984
core   0: 0x8000b988 (0x663f2e23) sw      gp, 1660(t5)
core   0: 3 0x8000b988 (0x663f2e23) mem 0x8000d000 0x00000001
core   0: 0x8000b98c (0x0000bfe5) c.j     pc - 8
core   0: 3 0x8000b98c (0xbfe5)
core   0: 0x8000b984 (0x00001f17) auipc   t5, 0x1
core   0: 3 0x8000b984 (0x00001f17) x30 0x8000c984
core   0: 0x8000b988 (0x663f2e23) sw      gp, 1660(t5)
core   0: 3 0x8000b988 (0x663f2e23) mem 0x8000d000 0x00000001
core   0: 0x8000b98c (0x0000bfe5) c.j     pc - 8
core   0: 3 0x8000b98c (0xbfe5)
core   0: 0x8000b984 (0x00001f17) auipc   t5, 0x1
core   0: 3 0x8000b984 (0x00001f17) x30 0x8000c984
core   0: 0x8000b988 (0x663f2e23) sw      gp, 1660(t5)
core   0: 3 0x8000b988 (0x663f2e23) mem 0x8000d000 0x00000001
core   0: 0x8000b98c (0x0000bfe5) c.j     pc - 8
core   0: 3 0x8000b98c (0xbfe5)
core   0: 0x8000b984 (0x00001f17) auipc   t5, 0x1
core   0: 3 0x8000b984 (0x00001f17) x30 0x8000c984
core   0: 0x8000b988 (0x663f2e23) sw      gp, 1660(t5)
core   0: 3 0x8000b988 (0x663f2e23) mem 0x8000d000 0x00000001
core   0: 0x8000b98c (0x0000bfe5) c.j     pc - 8
core   0: 3 0x8000b98c (0xbfe5)
core   0: 0x8000b984 (0x00001f17) auipc   t5, 0x1
core   0: 3 0x8000b984 (0x00001f17) x30 0x8000c984
core   0: 0x8000b988 (0x663f2e23) sw      gp, 1660(t5)
core   0: 3 0x8000b988 (0x663f2e23) mem 0x8000d000 0x00000001
core   0: 0x8000b98c (0x0000bfe5) c.j     pc - 8
core   0: 3 0x8000b98c (0xbfe5)
core   0: 0x8000b984 (0x00001f17) auipc   t5, 0x1
core   0: 3 0x8000b984 (0x00001f17) x30 0x8000c984
core   0: 0x8000b988 (0x663f2e23) sw      gp, 1660(t5)
core   0: 3 0x8000b988 (0x663f2e23) mem 0x8000d000 0x00000001
core   0: 0x8000b98c (0x0000bfe5) c.j     pc - 8
core   0: 3 0x8000b98c (0xbfe5)
core   0: 0x8000b984 (0x00001f17) auipc   t5, 0x1
core   0: 3 0x8000b984 (0x00001f17) x30 0x8000c984
core   0: 0x8000b988 (0x663f2e23) sw      gp, 1660(t5)
core   0: 3 0x8000b988 (0x663f2e23) mem 0x8000d000 0x00000001
core   0: 0x8000b98c (0x0000bfe5) c.j     pc - 8
core   0: 3 0x8000b98c (0xbfe5)
core   0: 0x8000b984 (0x00001f17) auipc   t5, 0x1
core   0: 3 0x8000b984 (0x00001f17) x30 0x8000c984
core   0: 0x8000b988 (0x663f2e23) sw      gp, 1660(t5)
core   0: 3 0x8000b988 (0x663f2e23) mem 0x8000d000 0x00000001
core   0: 0x8000b98c (0x0000bfe5) c.j     pc - 8
core   0: 3 0x8000b98c (0xbfe5)
core   0: 0x8000b984 (0x00001f17) auipc   t5, 0x1
core   0: 3 0x8000b984 (0x00001f17) x30 0x8000c984
core   0: 0x8000b988 (0x663f2e23) sw      gp, 1660(t5)
core   0: 3 0x8000b988 (0x663f2e23) mem 0x8000d000 0x00000001
core   0: 0x8000b98c (0x0000bfe5) c.j     pc - 8
core   0: 3 0x8000b98c (0xbfe5)
core   0: 0x8000b984 (0x00001f17) auipc   t5, 0x1
core   0: 3 0x8000b984 (0x00001f17) x30 0x8000c984
core   0: 0x8000b988 (0x663f2e23) sw      gp, 1660(t5)
core   0: 3 0x8000b988 (0x663f2e23) mem 0x8000d000 0x00000001
core   0: 0x8000b98c (0x0000bfe5) c.j     pc - 8
core   0: 3 0x8000b98c (0xbfe5)
core   0: 0x8000b984 (0x00001f17) auipc   t5, 0x1
core   0: 3 0x8000b984 (0x00001f17) x30 0x8000c984
core   0: 0x8000b988 (0x663f2e23) sw      gp, 1660(t5)
core   0: 3 0x8000b988 (0x663f2e23) mem 0x8000d000 0x00000001
core   0: 0x8000b98c (0x0000bfe5) c.j     pc - 8
core   0: 3 0x8000b98c (0xbfe5)
core   0: 0x8000b984 (0x00001f17) auipc   t5, 0x1
core   0: 3 0x8000b984 (0x00001f17) x30 0x8000c984
core   0: 0x8000b988 (0x663f2e23) sw      gp, 1660(t5)
core   0: 3 0x8000b988 (0x663f2e23) mem 0x8000d000 0x00000001
core   0: 0x8000b98c (0x0000bfe5) c.j     pc - 8
core   0: 3 0x8000b98c (0xbfe5)
core   0: 0x8000b984 (0x00001f17) auipc   t5, 0x1
core   0: 3 0x8000b984 (0x00001f17) x30 0x8000c984
core   0: 0x8000b988 (0x663f2e23) sw      gp, 1660(t5)
core   0: 3 0x8000b988 (0x663f2e23) mem 0x8000d000 0x00000001
core   0: 0x8000b98c (0x0000bfe5) c.j     pc - 8
core   0: 3 0x8000b98c (0xbfe5)
core   0: 0x8000b984 (0x00001f17) auipc   t5, 0x1
core   0: 3 0x8000b984 (0x00001f17) x30 0x8000c984
core   0: 0x8000b988 (0x663f2e23) sw      gp, 1660(t5)
core   0: 3 0x8000b988 (0x663f2e23) mem 0x8000d000 0x00000001
core   0: 0x8000b98c (0x0000bfe5) c.j     pc - 8
core   0: 3 0x8000b98c (0xbfe5)
core   0: 0x8000b984 (0x00001f17) auipc   t5, 0x1
core   0: 3 0x8000b984 (0x00001f17) x30 0x8000c984
core   0: 0x8000b988 (0x663f2e23) sw      gp, 1660(t5)
core   0: 3 0x8000b988 (0x663f2e23) mem 0x8000d000 0x00000001
core   0: 0x8000b98c (0x0000bfe5) c.j     pc - 8
core   0: 3 0x8000b98c (0xbfe5)
core   0: 0x8000b984 (0x00001f17) auipc   t5, 0x1
core   0: 3 0x8000b984 (0x00001f17) x30 0x8000c984
core   0: 0x8000b988 (0x663f2e23) sw      gp, 1660(t5)
core   0: 3 0x8000b988 (0x663f2e23) mem 0x8000d000 0x00000001
core   0: 0x8000b98c (0x0000bfe5) c.j     pc - 8
core   0: 3 0x8000b98c (0xbfe5)
core   0: 0x8000b984 (0x00001f17) auipc   t5, 0x1
core   0: 3 0x8000b984 (0x00001f17) x30 0x8000c984
core   0: 0x8000b988 (0x663f2e23) sw      gp, 1660(t5)
core   0: 3 0x8000b988 (0x663f2e23) mem 0x8000d000 0x00000001
core   0: 0x8000b98c (0x0000bfe5) c.j     pc - 8
core   0: 3 0x8000b98c (0xbfe5)
core   0: 0x8000b984 (0x00001f17) auipc   t5, 0x1
core   0: 3 0x8000b984 (0x00001f17) x30 0x8000c984
core   0: 0x8000b988 (0x663f2e23) sw      gp, 1660(t5)
core   0: 3 0x8000b988 (0x663f2e23) mem 0x8000d000 0x00000001
core   0: 0x8000b98c (0x0000bfe5) c.j     pc - 8
core   0: 3 0x8000b98c (0xbfe5)
core   0: 0x8000b984 (0x00001f17) auipc   t5, 0x1
core   0: 3 0x8000b984 (0x00001f17) x30 0x8000c984
core   0: 0x8000b988 (0x663f2e23) sw      gp, 1660(t5)
core   0: 3 0x8000b988 (0x663f2e23) mem 0x8000d000 0x00000001
core   0: 0x8000b98c (0x0000bfe5) c.j     pc - 8
core   0: 3 0x8000b98c (0xbfe5)
core   0: 0x8000b984 (0x00001f17) auipc   t5, 0x1
core   0: 3 0x8000b984 (0x00001f17) x30 0x8000c984
core   0: 0x8000b988 (0x663f2e23) sw      gp, 1660(t5)
core   0: 3 0x8000b988 (0x663f2e23) mem 0x8000d000 0x00000001
core   0: 0x8000b98c (0x0000bfe5) c.j     pc - 8
core   0: 3 0x8000b98c (0xbfe5)
core   0: 0x8000b984 (0x00001f17) auipc   t5, 0x1
core   0: 3 0x8000b984 (0x00001f17) x30 0x8000c984
core   0: 0x8000b988 (0x663f2e23) sw      gp, 1660(t5)
core   0: 3 0x8000b988 (0x663f2e23) mem 0x8000d000 0x00000001
core   0: 0x8000b98c (0x0000bfe5) c.j     pc - 8
core   0: 3 0x8000b98c (0xbfe5)
core   0: 0x8000b984 (0x00001f17) auipc   t5, 0x1
core   0: 3 0x8000b984 (0x00001f17) x30 0x8000c984
core   0: 0x8000b988 (0x663f2e23) sw      gp, 1660(t5)
core   0: 3 0x8000b988 (0x663f2e23) mem 0x8000d000 0x00000001
core   0: 0x8000b98c (0x0000bfe5) c.j     pc - 8
core   0: 3 0x8000b98c (0xbfe5)
core   0: 0x8000b984 (0x00001f17) auipc   t5, 0x1
core   0: 3 0x8000b984 (0x00001f17) x30 0x8000c984
core   0: 0x8000b988 (0x663f2e23) sw      gp, 1660(t5)
core   0: 3 0x8000b988 (0x663f2e23) mem 0x8000d000 0x00000001
core   0: 0x8000b98c (0x0000bfe5) c.j     pc - 8
core   0: 3 0x8000b98c (0xbfe5)
core   0: 0x8000b984 (0x00001f17) auipc   t5, 0x1
core   0: 3 0x8000b984 (0x00001f17) x30 0x8000c984
core   0: 0x8000b988 (0x663f2e23) sw      gp, 1660(t5)
core   0: 3 0x8000b988 (0x663f2e23) mem 0x8000d000 0x00000001
core   0: 0x8000b98c (0x0000bfe5) c.j     pc - 8
core   0: 3 0x8000b98c (0xbfe5)
core   0: 0x8000b984 (0x00001f17) auipc   t5, 0x1
core   0: 3 0x8000b984 (0x00001f17) x30 0x8000c984
core   0: 0x8000b988 (0x663f2e23) sw      gp, 1660(t5)
core   0: 3 0x8000b988 (0x663f2e23) mem 0x8000d000 0x00000001
core   0: 0x8000b98c (0x0000bfe5) c.j     pc - 8
core   0: 3 0x8000b98c (0xbfe5)
core   0: 0x8000b984 (0x00001f17) auipc   t5, 0x1
core   0: 3 0x8000b984 (0x00001f17) x30 0x8000c984
core   0: 0x8000b988 (0x663f2e23) sw      gp, 1660(t5)
core   0: 3 0x8000b988 (0x663f2e23) mem 0x8000d000 0x00000001
core   0: 0x8000b98c (0x0000bfe5) c.j     pc - 8
core   0: 3 0x8000b98c (0xbfe5)
core   0: 0x8000b984 (0x00001f17) auipc   t5, 0x1
core   0: 3 0x8000b984 (0x00001f17) x30 0x8000c984
core   0: 0x8000b988 (0x663f2e23) sw      gp, 1660(t5)
core   0: 3 0x8000b988 (0x663f2e23) mem 0x8000d000 0x00000001
core   0: 0x8000b98c (0x0000bfe5) c.j     pc - 8
core   0: 3 0x8000b98c (0xbfe5)
core   0: 0x8000b984 (0x00001f17) auipc   t5, 0x1
core   0: 3 0x8000b984 (0x00001f17) x30 0x8000c984
core   0: 0x8000b988 (0x663f2e23) sw      gp, 1660(t5)
core   0: 3 0x8000b988 (0x663f2e23) mem 0x8000d000 0x00000001
core   0: 0x8000b98c (0x0000bfe5) c.j     pc - 8
core   0: 3 0x8000b98c (0xbfe5)
core   0: 0x8000b984 (0x00001f17) auipc   t5, 0x1
core   0: 3 0x8000b984 (0x00001f17) x30 0x8000c984
core   0: 0x8000b988 (0x663f2e23) sw      gp, 1660(t5)
core   0: 3 0x8000b988 (0x663f2e23) mem 0x8000d000 0x00000001
core   0: 0x8000b98c (0x0000bfe5) c.j     pc - 8
core   0: 3 0x8000b98c (0xbfe5)
core   0: 0x8000b984 (0x00001f17) auipc   t5, 0x1
core   0: 3 0x8000b984 (0x00001f17) x30 0x8000c984
core   0: 0x8000b988 (0x663f2e23) sw      gp, 1660(t5)
core   0: 3 0x8000b988 (0x663f2e23) mem 0x8000d000 0x00000001
core   0: 0x8000b98c (0x0000bfe5) c.j     pc - 8
core   0: 3 0x8000b98c (0xbfe5)
core   0: 0x8000b984 (0x00001f17) auipc   t5, 0x1
core   0: 3 0x8000b984 (0x00001f17) x30 0x8000c984
core   0: 0x8000b988 (0x663f2e23) sw      gp, 1660(t5)
core   0: 3 0x8000b988 (0x663f2e23) mem 0x8000d000 0x00000001
core   0: 0x8000b98c (0x0000bfe5) c.j     pc - 8
core   0: 3 0x8000b98c (0xbfe5)
core   0: 0x8000b984 (0x00001f17) auipc   t5, 0x1
core   0: 3 0x8000b984 (0x00001f17) x30 0x8000c984
core   0: 0x8000b988 (0x663f2e23) sw      gp, 1660(t5)
core   0: 3 0x8000b988 (0x663f2e23) mem 0x8000d000 0x00000001
core   0: 0x8000b98c (0x0000bfe5) c.j     pc - 8
core   0: 3 0x8000b98c (0xbfe5)
core   0: 0x8000b984 (0x00001f17) auipc   t5, 0x1
core   0: 3 0x8000b984 (0x00001f17) x30 0x8000c984
core   0: 0x8000b988 (0x663f2e23) sw      gp, 1660(t5)
core   0: 3 0x8000b988 (0x663f2e23) mem 0x8000d000 0x00000001
core   0: 0x8000b98c (0x0000bfe5) c.j     pc - 8
core   0: 3 0x8000b98c (0xbfe5)
core   0: 0x8000b984 (0x00001f17) auipc   t5, 0x1
core   0: 3 0x8000b984 (0x00001f17) x30 0x8000c984
core   0: 0x8000b988 (0x663f2e23) sw      gp, 1660(t5)
core   0: 3 0x8000b988 (0x663f2e23) mem 0x8000d000 0x00000001
core   0: 0x8000b98c (0x0000bfe5) c.j     pc - 8
core   0: 3 0x8000b98c (0xbfe5)
core   0: 0x8000b984 (0x00001f17) auipc   t5, 0x1
core   0: 3 0x8000b984 (0x00001f17) x30 0x8000c984
core   0: 0x8000b988 (0x663f2e23) sw      gp, 1660(t5)
core   0: 3 0x8000b988 (0x663f2e23) mem 0x8000d000 0x00000001
core   0: 0x8000b98c (0x0000bfe5) c.j     pc - 8
core   0: 3 0x8000b98c (0xbfe5)
core   0: 0x8000b984 (0x00001f17) auipc   t5, 0x1
core   0: 3 0x8000b984 (0x00001f17) x30 0x8000c984
core   0: 0x8000b988 (0x663f2e23) sw      gp, 1660(t5)
core   0: 3 0x8000b988 (0x663f2e23) mem 0x8000d000 0x00000001
core   0: 0x8000b98c (0x0000bfe5) c.j     pc - 8
core   0: 3 0x8000b98c (0xbfe5)
core   0: 0x8000b984 (0x00001f17) auipc   t5, 0x1
core   0: 3 0x8000b984 (0x00001f17) x30 0x8000c984
core   0: 0x8000b988 (0x663f2e23) sw      gp, 1660(t5)
core   0: 3 0x8000b988 (0x663f2e23) mem 0x8000d000 0x00000001
core   0: 0x8000b98c (0x0000bfe5) c.j     pc - 8
core   0: 3 0x8000b98c (0xbfe5)
core   0: 0x8000b984 (0x00001f17) auipc   t5, 0x1
core   0: 3 0x8000b984 (0x00001f17) x30 0x8000c984
core   0: 0x8000b988 (0x663f2e23) sw      gp, 1660(t5)
core   0: 3 0x8000b988 (0x663f2e23) mem 0x8000d000 0x00000001
core   0: 0x8000b98c (0x0000bfe5) c.j     pc - 8
core   0: 3 0x8000b98c (0xbfe5)
core   0: 0x8000b984 (0x00001f17) auipc   t5, 0x1
core   0: 3 0x8000b984 (0x00001f17) x30 0x8000c984
core   0: 0x8000b988 (0x663f2e23) sw      gp, 1660(t5)
core   0: 3 0x8000b988 (0x663f2e23) mem 0x8000d000 0x00000001
core   0: 0x8000b98c (0x0000bfe5) c.j     pc - 8
core   0: 3 0x8000b98c (0xbfe5)
core   0: 0x8000b984 (0x00001f17) auipc   t5, 0x1
core   0: 3 0x8000b984 (0x00001f17) x30 0x8000c984
core   0: 0x8000b988 (0x663f2e23) sw      gp, 1660(t5)
core   0: 3 0x8000b988 (0x663f2e23) mem 0x8000d000 0x00000001
core   0: 0x8000b98c (0x0000bfe5) c.j     pc - 8
core   0: 3 0x8000b98c (0xbfe5)
core   0: 0x8000b984 (0x00001f17) auipc   t5, 0x1
core   0: 3 0x8000b984 (0x00001f17) x30 0x8000c984
core   0: 0x8000b988 (0x663f2e23) sw      gp, 1660(t5)
core   0: 3 0x8000b988 (0x663f2e23) mem 0x8000d000 0x00000001
core   0: 0x8000b98c (0x0000bfe5) c.j     pc - 8
core   0: 3 0x8000b98c (0xbfe5)
core   0: 0x8000b984 (0x00001f17) auipc   t5, 0x1
core   0: 3 0x8000b984 (0x00001f17) x30 0x8000c984
core   0: 0x8000b988 (0x663f2e23) sw      gp, 1660(t5)
core   0: 3 0x8000b988 (0x663f2e23) mem 0x8000d000 0x00000001
core   0: 0x8000b98c (0x0000bfe5) c.j     pc - 8
core   0: 3 0x8000b98c (0xbfe5)
core   0: 0x8000b984 (0x00001f17) auipc   t5, 0x1
core   0: 3 0x8000b984 (0x00001f17) x30 0x8000c984
core   0: 0x8000b988 (0x663f2e23) sw      gp, 1660(t5)
core   0: 3 0x8000b988 (0x663f2e23) mem 0x8000d000 0x00000001
core   0: 0x8000b98c (0x0000bfe5) c.j     pc - 8
core   0: 3 0x8000b98c (0xbfe5)
core   0: 0x8000b984 (0x00001f17) auipc   t5, 0x1
core   0: 3 0x8000b984 (0x00001f17) x30 0x8000c984
core   0: 0x8000b988 (0x663f2e23) sw      gp, 1660(t5)
core   0: 3 0x8000b988 (0x663f2e23) mem 0x8000d000 0x00000001
core   0: 0x8000b98c (0x0000bfe5) c.j     pc - 8
core   0: 3 0x8000b98c (0xbfe5)
core   0: 0x8000b984 (0x00001f17) auipc   t5, 0x1
core   0: 3 0x8000b984 (0x00001f17) x30 0x8000c984
core   0: 0x8000b988 (0x663f2e23) sw      gp, 1660(t5)
core   0: 3 0x8000b988 (0x663f2e23) mem 0x8000d000 0x00000001
core   0: 0x8000b98c (0x0000bfe5) c.j     pc - 8
core   0: 3 0x8000b98c (0xbfe5)
core   0: 0x8000b984 (0x00001f17) auipc   t5, 0x1
core   0: 3 0x8000b984 (0x00001f17) x30 0x8000c984
core   0: 0x8000b988 (0x663f2e23) sw      gp, 1660(t5)
core   0: 3 0x8000b988 (0x663f2e23) mem 0x8000d000 0x00000001
core   0: 0x8000b98c (0x0000bfe5) c.j     pc - 8
core   0: 3 0x8000b98c (0xbfe5)
core   0: 0x8000b984 (0x00001f17) auipc   t5, 0x1
core   0: 3 0x8000b984 (0x00001f17) x30 0x8000c984
core   0: 0x8000b988 (0x663f2e23) sw      gp, 1660(t5)
core   0: 3 0x8000b988 (0x663f2e23) mem 0x8000d000 0x00000001
core   0: 0x8000b98c (0x0000bfe5) c.j     pc - 8
core   0: 3 0x8000b98c (0xbfe5)
core   0: 0x8000b984 (0x00001f17) auipc   t5, 0x1
core   0: 3 0x8000b984 (0x00001f17) x30 0x8000c984
core   0: 0x8000b988 (0x663f2e23) sw      gp, 1660(t5)
core   0: 3 0x8000b988 (0x663f2e23) mem 0x8000d000 0x00000001
core   0: 0x8000b98c (0x0000bfe5) c.j     pc - 8
core   0: 3 0x8000b98c (0xbfe5)
core   0: 0x8000b984 (0x00001f17) auipc   t5, 0x1
core   0: 3 0x8000b984 (0x00001f17) x30 0x8000c984
core   0: 0x8000b988 (0x663f2e23) sw      gp, 1660(t5)
core   0: 3 0x8000b988 (0x663f2e23) mem 0x8000d000 0x00000001
core   0: 0x8000b98c (0x0000bfe5) c.j     pc - 8
core   0: 3 0x8000b98c (0xbfe5)
core   0: 0x8000b984 (0x00001f17) auipc   t5, 0x1
core   0: 3 0x8000b984 (0x00001f17) x30 0x8000c984
core   0: 0x8000b988 (0x663f2e23) sw      gp, 1660(t5)
core   0: 3 0x8000b988 (0x663f2e23) mem 0x8000d000 0x00000001
core   0: 0x8000b98c (0x0000bfe5) c.j     pc - 8
core   0: 3 0x8000b98c (0xbfe5)
core   0: 0x8000b984 (0x00001f17) auipc   t5, 0x1
core   0: 3 0x8000b984 (0x00001f17) x30 0x8000c984
core   0: 0x8000b988 (0x663f2e23) sw      gp, 1660(t5)
core   0: 3 0x8000b988 (0x663f2e23) mem 0x8000d000 0x00000001
core   0: 0x8000b98c (0x0000bfe5) c.j     pc - 8
core   0: 3 0x8000b98c (0xbfe5)
core   0: 0x8000b984 (0x00001f17) auipc   t5, 0x1
core   0: 3 0x8000b984 (0x00001f17) x30 0x8000c984
core   0: 0x8000b988 (0x663f2e23) sw      gp, 1660(t5)
core   0: 3 0x8000b988 (0x663f2e23) mem 0x8000d000 0x00000001
core   0: 0x8000b98c (0x0000bfe5) c.j     pc - 8
core   0: 3 0x8000b98c (0xbfe5)
core   0: 0x8000b984 (0x00001f17) auipc   t5, 0x1
core   0: 3 0x8000b984 (0x00001f17) x30 0x8000c984
core   0: 0x8000b988 (0x663f2e23) sw      gp, 1660(t5)
core   0: 3 0x8000b988 (0x663f2e23) mem 0x8000d000 0x00000001
core   0: 0x8000b98c (0x0000bfe5) c.j     pc - 8
core   0: 3 0x8000b98c (0xbfe5)
core   0: 0x8000b984 (0x00001f17) auipc   t5, 0x1
core   0: 3 0x8000b984 (0x00001f17) x30 0x8000c984
core   0: 0x8000b988 (0x663f2e23) sw      gp, 1660(t5)
core   0: 3 0x8000b988 (0x663f2e23) mem 0x8000d000 0x00000001
core   0: 0x8000b98c (0x0000bfe5) c.j     pc - 8
core   0: 3 0x8000b98c (0xbfe5)
core   0: 0x8000b984 (0x00001f17) auipc   t5, 0x1
core   0: 3 0x8000b984 (0x00001f17) x30 0x8000c984
core   0: 0x8000b988 (0x663f2e23) sw      gp, 1660(t5)
core   0: 3 0x8000b988 (0x663f2e23) mem 0x8000d000 0x00000001
core   0: 0x8000b98c (0x0000bfe5) c.j     pc - 8
core   0: 3 0x8000b98c (0xbfe5)
core   0: 0x8000b984 (0x00001f17) auipc   t5, 0x1
core   0: 3 0x8000b984 (0x00001f17) x30 0x8000c984
core   0: 0x8000b988 (0x663f2e23) sw      gp, 1660(t5)
core   0: 3 0x8000b988 (0x663f2e23) mem 0x8000d000 0x00000001
core   0: 0x8000b98c (0x0000bfe5) c.j     pc - 8
core   0: 3 0x8000b98c (0xbfe5)
core   0: 0x8000b984 (0x00001f17) auipc   t5, 0x1
core   0: 3 0x8000b984 (0x00001f17) x30 0x8000c984
core   0: 0x8000b988 (0x663f2e23) sw      gp, 1660(t5)
core   0: 3 0x8000b988 (0x663f2e23) mem 0x8000d000 0x00000001
core   0: 0x8000b98c (0x0000bfe5) c.j     pc - 8
core   0: 3 0x8000b98c (0xbfe5)
core   0: 0x8000b984 (0x00001f17) auipc   t5, 0x1
core   0: 3 0x8000b984 (0x00001f17) x30 0x8000c984
core   0: 0x8000b988 (0x663f2e23) sw      gp, 1660(t5)
core   0: 3 0x8000b988 (0x663f2e23) mem 0x8000d000 0x00000001
core   0: 0x8000b98c (0x0000bfe5) c.j     pc - 8
core   0: 3 0x8000b98c (0xbfe5)
core   0: 0x8000b984 (0x00001f17) auipc   t5, 0x1
core   0: 3 0x8000b984 (0x00001f17) x30 0x8000c984
core   0: 0x8000b988 (0x663f2e23) sw      gp, 1660(t5)
core   0: 3 0x8000b988 (0x663f2e23) mem 0x8000d000 0x00000001
core   0: 0x8000b98c (0x0000bfe5) c.j     pc - 8
core   0: 3 0x8000b98c (0xbfe5)
core   0: 0x8000b984 (0x00001f17) auipc   t5, 0x1
core   0: 3 0x8000b984 (0x00001f17) x30 0x8000c984
core   0: 0x8000b988 (0x663f2e23) sw      gp, 1660(t5)
core   0: 3 0x8000b988 (0x663f2e23) mem 0x8000d000 0x00000001
core   0: 0x8000b98c (0x0000bfe5) c.j     pc - 8
core   0: 3 0x8000b98c (0xbfe5)
core   0: 0x8000b984 (0x00001f17) auipc   t5, 0x1
core   0: 3 0x8000b984 (0x00001f17) x30 0x8000c984
core   0: 0x8000b988 (0x663f2e23) sw      gp, 1660(t5)
core   0: 3 0x8000b988 (0x663f2e23) mem 0x8000d000 0x00000001
core   0: 0x8000b98c (0x0000bfe5) c.j     pc - 8
core   0: 3 0x8000b98c (0xbfe5)
core   0: 0x8000b984 (0x00001f17) auipc   t5, 0x1
core   0: 3 0x8000b984 (0x00001f17) x30 0x8000c984
core   0: 0x8000b988 (0x663f2e23) sw      gp, 1660(t5)
core   0: 3 0x8000b988 (0x663f2e23) mem 0x8000d000 0x00000001
core   0: 0x8000b98c (0x0000bfe5) c.j     pc - 8
core   0: 3 0x8000b98c (0xbfe5)
core   0: 0x8000b984 (0x00001f17) auipc   t5, 0x1
core   0: 3 0x8000b984 (0x00001f17) x30 0x8000c984
core   0: 0x8000b988 (0x663f2e23) sw      gp, 1660(t5)
core   0: 3 0x8000b988 (0x663f2e23) mem 0x8000d000 0x00000001
core   0: 0x8000b98c (0x0000bfe5) c.j     pc - 8
core   0: 3 0x8000b98c (0xbfe5)
core   0: 0x8000b984 (0x00001f17) auipc   t5, 0x1
core   0: 3 0x8000b984 (0x00001f17) x30 0x8000c984
core   0: 0x8000b988 (0x663f2e23) sw      gp, 1660(t5)
core   0: 3 0x8000b988 (0x663f2e23) mem 0x8000d000 0x00000001
core   0: 0x8000b98c (0x0000bfe5) c.j     pc - 8
core   0: 3 0x8000b98c (0xbfe5)
core   0: 0x8000b984 (0x00001f17) auipc   t5, 0x1
core   0: 3 0x8000b984 (0x00001f17) x30 0x8000c984
core   0: 0x8000b988 (0x663f2e23) sw      gp, 1660(t5)
core   0: 3 0x8000b988 (0x663f2e23) mem 0x8000d000 0x00000001
core   0: 0x8000b98c (0x0000bfe5) c.j     pc - 8
core   0: 3 0x8000b98c (0xbfe5)
core   0: 0x8000b984 (0x00001f17) auipc   t5, 0x1
core   0: 3 0x8000b984 (0x00001f17) x30 0x8000c984
core   0: 0x8000b988 (0x663f2e23) sw      gp, 1660(t5)
core   0: 3 0x8000b988 (0x663f2e23) mem 0x8000d000 0x00000001
core   0: 0x8000b98c (0x0000bfe5) c.j     pc - 8
core   0: 3 0x8000b98c (0xbfe5)
core   0: 0x8000b984 (0x00001f17) auipc   t5, 0x1
core   0: 3 0x8000b984 (0x00001f17) x30 0x8000c984
core   0: 0x8000b988 (0x663f2e23) sw      gp, 1660(t5)
core   0: 3 0x8000b988 (0x663f2e23) mem 0x8000d000 0x00000001
core   0: 0x8000b98c (0x0000bfe5) c.j     pc - 8
core   0: 3 0x8000b98c (0xbfe5)
core   0: 0x8000b984 (0x00001f17) auipc   t5, 0x1
core   0: 3 0x8000b984 (0x00001f17) x30 0x8000c984
core   0: 0x8000b988 (0x663f2e23) sw      gp, 1660(t5)
core   0: 3 0x8000b988 (0x663f2e23) mem 0x8000d000 0x00000001
core   0: 0x8000b98c (0x0000bfe5) c.j     pc - 8
core   0: 3 0x8000b98c (0xbfe5)
core   0: 0x8000b984 (0x00001f17) auipc   t5, 0x1
core   0: 3 0x8000b984 (0x00001f17) x30 0x8000c984
core   0: 0x8000b988 (0x663f2e23) sw      gp, 1660(t5)
core   0: 3 0x8000b988 (0x663f2e23) mem 0x8000d000 0x00000001
core   0: 0x8000b98c (0x0000bfe5) c.j     pc - 8
core   0: 3 0x8000b98c (0xbfe5)
core   0: 0x8000b984 (0x00001f17) auipc   t5, 0x1
core   0: 3 0x8000b984 (0x00001f17) x30 0x8000c984
core   0: 0x8000b988 (0x663f2e23) sw      gp, 1660(t5)
core   0: 3 0x8000b988 (0x663f2e23) mem 0x8000d000 0x00000001
core   0: 0x8000b98c (0x0000bfe5) c.j     pc - 8
core   0: 3 0x8000b98c (0xbfe5)
core   0: 0x8000b984 (0x00001f17) auipc   t5, 0x1
core   0: 3 0x8000b984 (0x00001f17) x30 0x8000c984
core   0: 0x8000b988 (0x663f2e23) sw      gp, 1660(t5)
core   0: 3 0x8000b988 (0x663f2e23) mem 0x8000d000 0x00000001
core   0: 0x8000b98c (0x0000bfe5) c.j     pc - 8
core   0: 3 0x8000b98c (0xbfe5)
core   0: 0x8000b984 (0x00001f17) auipc   t5, 0x1
core   0: 3 0x8000b984 (0x00001f17) x30 0x8000c984
core   0: 0x8000b988 (0x663f2e23) sw      gp, 1660(t5)
core   0: 3 0x8000b988 (0x663f2e23) mem 0x8000d000 0x00000001
core   0: 0x8000b98c (0x0000bfe5) c.j     pc - 8
core   0: 3 0x8000b98c (0xbfe5)
core   0: 0x8000b984 (0x00001f17) auipc   t5, 0x1
core   0: 3 0x8000b984 (0x00001f17) x30 0x8000c984
core   0: 0x8000b988 (0x663f2e23) sw      gp, 1660(t5)
core   0: 3 0x8000b988 (0x663f2e23) mem 0x8000d000 0x00000001
core   0: 0x8000b98c (0x0000bfe5) c.j     pc - 8
core   0: 3 0x8000b98c (0xbfe5)
core   0: 0x8000b984 (0x00001f17) auipc   t5, 0x1
core   0: 3 0x8000b984 (0x00001f17) x30 0x8000c984
core   0: 0x8000b988 (0x663f2e23) sw      gp, 1660(t5)
core   0: 3 0x8000b988 (0x663f2e23) mem 0x8000d000 0x00000001
core   0: 0x8000b98c (0x0000bfe5) c.j     pc - 8
core   0: 3 0x8000b98c (0xbfe5)
core   0: 0x8000b984 (0x00001f17) auipc   t5, 0x1
core   0: 3 0x8000b984 (0x00001f17) x30 0x8000c984
core   0: 0x8000b988 (0x663f2e23) sw      gp, 1660(t5)
core   0: 3 0x8000b988 (0x663f2e23) mem 0x8000d000 0x00000001
core   0: 0x8000b98c (0x0000bfe5) c.j     pc - 8
core   0: 3 0x8000b98c (0xbfe5)
core   0: 0x8000b984 (0x00001f17) auipc   t5, 0x1
core   0: 3 0x8000b984 (0x00001f17) x30 0x8000c984
core   0: 0x8000b988 (0x663f2e23) sw      gp, 1660(t5)
core   0: 3 0x8000b988 (0x663f2e23) mem 0x8000d000 0x00000001
core   0: 0x8000b98c (0x0000bfe5) c.j     pc - 8
core   0: 3 0x8000b98c (0xbfe5)
core   0: 0x8000b984 (0x00001f17) auipc   t5, 0x1
core   0: 3 0x8000b984 (0x00001f17) x30 0x8000c984
core   0: 0x8000b988 (0x663f2e23) sw      gp, 1660(t5)
core   0: 3 0x8000b988 (0x663f2e23) mem 0x8000d000 0x00000001
core   0: 0x8000b98c (0x0000bfe5) c.j     pc - 8
core   0: 3 0x8000b98c (0xbfe5)
core   0: 0x8000b984 (0x00001f17) auipc   t5, 0x1
core   0: 3 0x8000b984 (0x00001f17) x30 0x8000c984
core   0: 0x8000b988 (0x663f2e23) sw      gp, 1660(t5)
core   0: 3 0x8000b988 (0x663f2e23) mem 0x8000d000 0x00000001
core   0: 0x8000b98c (0x0000bfe5) c.j     pc - 8
core   0: 3 0x8000b98c (0xbfe5)
core   0: 0x8000b984 (0x00001f17) auipc   t5, 0x1
core   0: 3 0x8000b984 (0x00001f17) x30 0x8000c984
core   0: 0x8000b988 (0x663f2e23) sw      gp, 1660(t5)
core   0: 3 0x8000b988 (0x663f2e23) mem 0x8000d000 0x00000001
core   0: 0x8000b98c (0x0000bfe5) c.j     pc - 8
core   0: 3 0x8000b98c (0xbfe5)
core   0: 0x8000b984 (0x00001f17) auipc   t5, 0x1
core   0: 3 0x8000b984 (0x00001f17) x30 0x8000c984
core   0: 0x8000b988 (0x663f2e23) sw      gp, 1660(t5)
core   0: 3 0x8000b988 (0x663f2e23) mem 0x8000d000 0x00000001
core   0: 0x8000b98c (0x0000bfe5) c.j     pc - 8
core   0: 3 0x8000b98c (0xbfe5)
core   0: 0x8000b984 (0x00001f17) auipc   t5, 0x1
core   0: 3 0x8000b984 (0x00001f17) x30 0x8000c984
core   0: 0x8000b988 (0x663f2e23) sw      gp, 1660(t5)
core   0: 3 0x8000b988 (0x663f2e23) mem 0x8000d000 0x00000001
core   0: 0x8000b98c (0x0000bfe5) c.j     pc - 8
core   0: 3 0x8000b98c (0xbfe5)
core   0: 0x8000b984 (0x00001f17) auipc   t5, 0x1
core   0: 3 0x8000b984 (0x00001f17) x30 0x8000c984
core   0: 0x8000b988 (0x663f2e23) sw      gp, 1660(t5)
core   0: 3 0x8000b988 (0x663f2e23) mem 0x8000d000 0x00000001
core   0: 0x8000b98c (0x0000bfe5) c.j     pc - 8
core   0: 3 0x8000b98c (0xbfe5)
core   0: 0x8000b984 (0x00001f17) auipc   t5, 0x1
core   0: 3 0x8000b984 (0x00001f17) x30 0x8000c984
core   0: 0x8000b988 (0x663f2e23) sw      gp, 1660(t5)
core   0: 3 0x8000b988 (0x663f2e23) mem 0x8000d000 0x00000001
core   0: 0x8000b98c (0x0000bfe5) c.j     pc - 8
core   0: 3 0x8000b98c (0xbfe5)
core   0: 0x8000b984 (0x00001f17) auipc   t5, 0x1
core   0: 3 0x8000b984 (0x00001f17) x30 0x8000c984
core   0: 0x8000b988 (0x663f2e23) sw      gp, 1660(t5)
core   0: 3 0x8000b988 (0x663f2e23) mem 0x8000d000 0x00000001
core   0: 0x8000b98c (0x0000bfe5) c.j     pc - 8
core   0: 3 0x8000b98c (0xbfe5)
core   0: 0x8000b984 (0x00001f17) auipc   t5, 0x1
core   0: 3 0x8000b984 (0x00001f17) x30 0x8000c984
core   0: 0x8000b988 (0x663f2e23) sw      gp, 1660(t5)
core   0: 3 0x8000b988 (0x663f2e23) mem 0x8000d000 0x00000001
core   0: 0x8000b98c (0x0000bfe5) c.j     pc - 8
core   0: 3 0x8000b98c (0xbfe5)
core   0: 0x8000b984 (0x00001f17) auipc   t5, 0x1
core   0: 3 0x8000b984 (0x00001f17) x30 0x8000c984
core   0: 0x8000b988 (0x663f2e23) sw      gp, 1660(t5)
core   0: 3 0x8000b988 (0x663f2e23) mem 0x8000d000 0x00000001
core   0: 0x8000b98c (0x0000bfe5) c.j     pc - 8
core   0: 3 0x8000b98c (0xbfe5)
core   0: 0x8000b984 (0x00001f17) auipc   t5, 0x1
core   0: 3 0x8000b984 (0x00001f17) x30 0x8000c984
core   0: 0x8000b988 (0x663f2e23) sw      gp, 1660(t5)
core   0: 3 0x8000b988 (0x663f2e23) mem 0x8000d000 0x00000001
core   0: 0x8000b98c (0x0000bfe5) c.j     pc - 8
core   0: 3 0x8000b98c (0xbfe5)
core   0: 0x8000b984 (0x00001f17) auipc   t5, 0x1
core   0: 3 0x8000b984 (0x00001f17) x30 0x8000c984
core   0: 0x8000b988 (0x663f2e23) sw      gp, 1660(t5)
core   0: 3 0x8000b988 (0x663f2e23) mem 0x8000d000 0x00000001
core   0: 0x8000b98c (0x0000bfe5) c.j     pc - 8
core   0: 3 0x8000b98c (0xbfe5)
core   0: 0x8000b984 (0x00001f17) auipc   t5, 0x1
core   0: 3 0x8000b984 (0x00001f17) x30 0x8000c984
core   0: 0x8000b988 (0x663f2e23) sw      gp, 1660(t5)
core   0: 3 0x8000b988 (0x663f2e23) mem 0x8000d000 0x00000001
core   0: 0x8000b98c (0x0000bfe5) c.j     pc - 8
core   0: 3 0x8000b98c (0xbfe5)
core   0: 0x8000b984 (0x00001f17) auipc   t5, 0x1
core   0: 3 0x8000b984 (0x00001f17) x30 0x8000c984
core   0: 0x8000b988 (0x663f2e23) sw      gp, 1660(t5)
core   0: 3 0x8000b988 (0x663f2e23) mem 0x8000d000 0x00000001
core   0: 0x8000b98c (0x0000bfe5) c.j     pc - 8
core   0: 3 0x8000b98c (0xbfe5)
core   0: 0x8000b984 (0x00001f17) auipc   t5, 0x1
core   0: 3 0x8000b984 (0x00001f17) x30 0x8000c984
core   0: 0x8000b988 (0x663f2e23) sw      gp, 1660(t5)
core   0: 3 0x8000b988 (0x663f2e23) mem 0x8000d000 0x00000001
core   0: 0x8000b98c (0x0000bfe5) c.j     pc - 8
core   0: 3 0x8000b98c (0xbfe5)
core   0: 0x8000b984 (0x00001f17) auipc   t5, 0x1
core   0: 3 0x8000b984 (0x00001f17) x30 0x8000c984
core   0: 0x8000b988 (0x663f2e23) sw      gp, 1660(t5)
core   0: 3 0x8000b988 (0x663f2e23) mem 0x8000d000 0x00000001
core   0: 0x8000b98c (0x0000bfe5) c.j     pc - 8
core   0: 3 0x8000b98c (0xbfe5)
core   0: 0x8000b984 (0x00001f17) auipc   t5, 0x1
core   0: 3 0x8000b984 (0x00001f17) x30 0x8000c984
core   0: 0x8000b988 (0x663f2e23) sw      gp, 1660(t5)
core   0: 3 0x8000b988 (0x663f2e23) mem 0x8000d000 0x00000001
core   0: 0x8000b98c (0x0000bfe5) c.j     pc - 8
core   0: 3 0x8000b98c (0xbfe5)
core   0: 0x8000b984 (0x00001f17) auipc   t5, 0x1
core   0: 3 0x8000b984 (0x00001f17) x30 0x8000c984
core   0: 0x8000b988 (0x663f2e23) sw      gp, 1660(t5)
core   0: 3 0x8000b988 (0x663f2e23) mem 0x8000d000 0x00000001
core   0: 0x8000b98c (0x0000bfe5) c.j     pc - 8
core   0: 3 0x8000b98c (0xbfe5)
core   0: 0x8000b984 (0x00001f17) auipc   t5, 0x1
core   0: 3 0x8000b984 (0x00001f17) x30 0x8000c984
core   0: 0x8000b988 (0x663f2e23) sw      gp, 1660(t5)
core   0: 3 0x8000b988 (0x663f2e23) mem 0x8000d000 0x00000001
core   0: 0x8000b98c (0x0000bfe5) c.j     pc - 8
core   0: 3 0x8000b98c (0xbfe5)
core   0: 0x8000b984 (0x00001f17) auipc   t5, 0x1
core   0: 3 0x8000b984 (0x00001f17) x30 0x8000c984
core   0: 0x8000b988 (0x663f2e23) sw      gp, 1660(t5)
core   0: 3 0x8000b988 (0x663f2e23) mem 0x8000d000 0x00000001
core   0: 0x8000b98c (0x0000bfe5) c.j     pc - 8
core   0: 3 0x8000b98c (0xbfe5)
core   0: 0x8000b984 (0x00001f17) auipc   t5, 0x1
core   0: 3 0x8000b984 (0x00001f17) x30 0x8000c984
core   0: 0x8000b988 (0x663f2e23) sw      gp, 1660(t5)
core   0: 3 0x8000b988 (0x663f2e23) mem 0x8000d000 0x00000001
core   0: 0x8000b98c (0x0000bfe5) c.j     pc - 8
core   0: 3 0x8000b98c (0xbfe5)
core   0: 0x8000b984 (0x00001f17) auipc   t5, 0x1
core   0: 3 0x8000b984 (0x00001f17) x30 0x8000c984
core   0: 0x8000b988 (0x663f2e23) sw      gp, 1660(t5)
core   0: 3 0x8000b988 (0x663f2e23) mem 0x8000d000 0x00000001
core   0: 0x8000b98c (0x0000bfe5) c.j     pc - 8
core   0: 3 0x8000b98c (0xbfe5)
core   0: 0x8000b984 (0x00001f17) auipc   t5, 0x1
core   0: 3 0x8000b984 (0x00001f17) x30 0x8000c984
core   0: 0x8000b988 (0x663f2e23) sw      gp, 1660(t5)
core   0: 3 0x8000b988 (0x663f2e23) mem 0x8000d000 0x00000001
core   0: 0x8000b98c (0x0000bfe5) c.j     pc - 8
core   0: 3 0x8000b98c (0xbfe5)
core   0: 0x8000b984 (0x00001f17) auipc   t5, 0x1
core   0: 3 0x8000b984 (0x00001f17) x30 0x8000c984
core   0: 0x8000b988 (0x663f2e23) sw      gp, 1660(t5)
core   0: 3 0x8000b988 (0x663f2e23) mem 0x8000d000 0x00000001
core   0: 0x8000b98c (0x0000bfe5) c.j     pc - 8
core   0: 3 0x8000b98c (0xbfe5)
core   0: 0x8000b984 (0x00001f17) auipc   t5, 0x1
core   0: 3 0x8000b984 (0x00001f17) x30 0x8000c984
core   0: 0x8000b988 (0x663f2e23) sw      gp, 1660(t5)
core   0: 3 0x8000b988 (0x663f2e23) mem 0x8000d000 0x00000001
core   0: 0x8000b98c (0x0000bfe5) c.j     pc - 8
core   0: 3 0x8000b98c (0xbfe5)
core   0: 0x8000b984 (0x00001f17) auipc   t5, 0x1
core   0: 3 0x8000b984 (0x00001f17) x30 0x8000c984
core   0: 0x8000b988 (0x663f2e23) sw      gp, 1660(t5)
core   0: 3 0x8000b988 (0x663f2e23) mem 0x8000d000 0x00000001
core   0: 0x8000b98c (0x0000bfe5) c.j     pc - 8
core   0: 3 0x8000b98c (0xbfe5)
core   0: 0x8000b984 (0x00001f17) auipc   t5, 0x1
core   0: 3 0x8000b984 (0x00001f17) x30 0x8000c984
core   0: 0x8000b988 (0x663f2e23) sw      gp, 1660(t5)
core   0: 3 0x8000b988 (0x663f2e23) mem 0x8000d000 0x00000001
core   0: 0x8000b98c (0x0000bfe5) c.j     pc - 8
core   0: 3 0x8000b98c (0xbfe5)
core   0: 0x8000b984 (0x00001f17) auipc   t5, 0x1
core   0: 3 0x8000b984 (0x00001f17) x30 0x8000c984
core   0: 0x8000b988 (0x663f2e23) sw      gp, 1660(t5)
core   0: 3 0x8000b988 (0x663f2e23) mem 0x8000d000 0x00000001
core   0: 0x8000b98c (0x0000bfe5) c.j     pc - 8
core   0: 3 0x8000b98c (0xbfe5)
core   0: 0x8000b984 (0x00001f17) auipc   t5, 0x1
core   0: 3 0x8000b984 (0x00001f17) x30 0x8000c984
core   0: 0x8000b988 (0x663f2e23) sw      gp, 1660(t5)
core   0: 3 0x8000b988 (0x663f2e23) mem 0x8000d000 0x00000001
core   0: 0x8000b98c (0x0000bfe5) c.j     pc - 8
core   0: 3 0x8000b98c (0xbfe5)
core   0: 0x8000b984 (0x00001f17) auipc   t5, 0x1
core   0: 3 0x8000b984 (0x00001f17) x30 0x8000c984
core   0: 0x8000b988 (0x663f2e23) sw      gp, 1660(t5)
core   0: 3 0x8000b988 (0x663f2e23) mem 0x8000d000 0x00000001
core   0: 0x8000b98c (0x0000bfe5) c.j     pc - 8
core   0: 3 0x8000b98c (0xbfe5)
core   0: 0x8000b984 (0x00001f17) auipc   t5, 0x1
core   0: 3 0x8000b984 (0x00001f17) x30 0x8000c984
core   0: 0x8000b988 (0x663f2e23) sw      gp, 1660(t5)
core   0: 3 0x8000b988 (0x663f2e23) mem 0x8000d000 0x00000001
core   0: 0x8000b98c (0x0000bfe5) c.j     pc - 8
core   0: 3 0x8000b98c (0xbfe5)
core   0: 0x8000b984 (0x00001f17) auipc   t5, 0x1
core   0: 3 0x8000b984 (0x00001f17) x30 0x8000c984
core   0: 0x8000b988 (0x663f2e23) sw      gp, 1660(t5)
core   0: 3 0x8000b988 (0x663f2e23) mem 0x8000d000 0x00000001
core   0: 0x8000b98c (0x0000bfe5) c.j     pc - 8
core   0: 3 0x8000b98c (0xbfe5)
core   0: 0x8000b984 (0x00001f17) auipc   t5, 0x1
core   0: 3 0x8000b984 (0x00001f17) x30 0x8000c984
core   0: 0x8000b988 (0x663f2e23) sw      gp, 1660(t5)
core   0: 3 0x8000b988 (0x663f2e23) mem 0x8000d000 0x00000001
core   0: 0x8000b98c (0x0000bfe5) c.j     pc - 8
core   0: 3 0x8000b98c (0xbfe5)
core   0: 0x8000b984 (0x00001f17) auipc   t5, 0x1
core   0: 3 0x8000b984 (0x00001f17) x30 0x8000c984
core   0: 0x8000b988 (0x663f2e23) sw      gp, 1660(t5)
core   0: 3 0x8000b988 (0x663f2e23) mem 0x8000d000 0x00000001
core   0: 0x8000b98c (0x0000bfe5) c.j     pc - 8
core   0: 3 0x8000b98c (0xbfe5)
core   0: 0x8000b984 (0x00001f17) auipc   t5, 0x1
core   0: 3 0x8000b984 (0x00001f17) x30 0x8000c984
core   0: 0x8000b988 (0x663f2e23) sw      gp, 1660(t5)
core   0: 3 0x8000b988 (0x663f2e23) mem 0x8000d000 0x00000001
core   0: 0x8000b98c (0x0000bfe5) c.j     pc - 8
core   0: 3 0x8000b98c (0xbfe5)
core   0: 0x8000b984 (0x00001f17) auipc   t5, 0x1
core   0: 3 0x8000b984 (0x00001f17) x30 0x8000c984
core   0: 0x8000b988 (0x663f2e23) sw      gp, 1660(t5)
core   0: 3 0x8000b988 (0x663f2e23) mem 0x8000d000 0x00000001
core   0: 0x8000b98c (0x0000bfe5) c.j     pc - 8
core   0: 3 0x8000b98c (0xbfe5)
core   0: 0x8000b984 (0x00001f17) auipc   t5, 0x1
core   0: 3 0x8000b984 (0x00001f17) x30 0x8000c984
core   0: 0x8000b988 (0x663f2e23) sw      gp, 1660(t5)
core   0: 3 0x8000b988 (0x663f2e23) mem 0x8000d000 0x00000001
core   0: 0x8000b98c (0x0000bfe5) c.j     pc - 8
core   0: 3 0x8000b98c (0xbfe5)
core   0: 0x8000b984 (0x00001f17) auipc   t5, 0x1
core   0: 3 0x8000b984 (0x00001f17) x30 0x8000c984
core   0: 0x8000b988 (0x663f2e23) sw      gp, 1660(t5)
core   0: 3 0x8000b988 (0x663f2e23) mem 0x8000d000 0x00000001
core   0: 0x8000b98c (0x0000bfe5) c.j     pc - 8
core   0: 3 0x8000b98c (0xbfe5)
core   0: 0x8000b984 (0x00001f17) auipc   t5, 0x1
core   0: 3 0x8000b984 (0x00001f17) x30 0x8000c984
core   0: 0x8000b988 (0x663f2e23) sw      gp, 1660(t5)
core   0: 3 0x8000b988 (0x663f2e23) mem 0x8000d000 0x00000001
core   0: 0x8000b98c (0x0000bfe5) c.j     pc - 8
core   0: 3 0x8000b98c (0xbfe5)
core   0: 0x8000b984 (0x00001f17) auipc   t5, 0x1
core   0: 3 0x8000b984 (0x00001f17) x30 0x8000c984
core   0: 0x8000b988 (0x663f2e23) sw      gp, 1660(t5)
core   0: 3 0x8000b988 (0x663f2e23) mem 0x8000d000 0x00000001
core   0: 0x8000b98c (0x0000bfe5) c.j     pc - 8
core   0: 3 0x8000b98c (0xbfe5)
core   0: 0x8000b984 (0x00001f17) auipc   t5, 0x1
core   0: 3 0x8000b984 (0x00001f17) x30 0x8000c984
core   0: 0x8000b988 (0x663f2e23) sw      gp, 1660(t5)
core   0: 3 0x8000b988 (0x663f2e23) mem 0x8000d000 0x00000001
core   0: 0x8000b98c (0x0000bfe5) c.j     pc - 8
core   0: 3 0x8000b98c (0xbfe5)
core   0: 0x8000b984 (0x00001f17) auipc   t5, 0x1
core   0: 3 0x8000b984 (0x00001f17) x30 0x8000c984
core   0: 0x8000b988 (0x663f2e23) sw      gp, 1660(t5)
core   0: 3 0x8000b988 (0x663f2e23) mem 0x8000d000 0x00000001
core   0: 0x8000b98c (0x0000bfe5) c.j     pc - 8
core   0: 3 0x8000b98c (0xbfe5)
core   0: 0x8000b984 (0x00001f17) auipc   t5, 0x1
core   0: 3 0x8000b984 (0x00001f17) x30 0x8000c984
core   0: 0x8000b988 (0x663f2e23) sw      gp, 1660(t5)
core   0: 3 0x8000b988 (0x663f2e23) mem 0x8000d000 0x00000001
core   0: 0x8000b98c (0x0000bfe5) c.j     pc - 8
core   0: 3 0x8000b98c (0xbfe5)
core   0: 0x8000b984 (0x00001f17) auipc   t5, 0x1
core   0: 3 0x8000b984 (0x00001f17) x30 0x8000c984
core   0: 0x8000b988 (0x663f2e23) sw      gp, 1660(t5)
core   0: 3 0x8000b988 (0x663f2e23) mem 0x8000d000 0x00000001
core   0: 0x8000b98c (0x0000bfe5) c.j     pc - 8
core   0: 3 0x8000b98c (0xbfe5)
core   0: 0x8000b984 (0x00001f17) auipc   t5, 0x1
core   0: 3 0x8000b984 (0x00001f17) x30 0x8000c984
core   0: 0x8000b988 (0x663f2e23) sw      gp, 1660(t5)
core   0: 3 0x8000b988 (0x663f2e23) mem 0x8000d000 0x00000001
core   0: 0x8000b98c (0x0000bfe5) c.j     pc - 8
core   0: 3 0x8000b98c (0xbfe5)
core   0: 0x8000b984 (0x00001f17) auipc   t5, 0x1
core   0: 3 0x8000b984 (0x00001f17) x30 0x8000c984
core   0: 0x8000b988 (0x663f2e23) sw      gp, 1660(t5)
core   0: 3 0x8000b988 (0x663f2e23) mem 0x8000d000 0x00000001
core   0: 0x8000b98c (0x0000bfe5) c.j     pc - 8
core   0: 3 0x8000b98c (0xbfe5)
core   0: 0x8000b984 (0x00001f17) auipc   t5, 0x1
core   0: 3 0x8000b984 (0x00001f17) x30 0x8000c984
core   0: 0x8000b988 (0x663f2e23) sw      gp, 1660(t5)
core   0: 3 0x8000b988 (0x663f2e23) mem 0x8000d000 0x00000001
core   0: 0x8000b98c (0x0000bfe5) c.j     pc - 8
core   0: 3 0x8000b98c (0xbfe5)
core   0: 0x8000b984 (0x00001f17) auipc   t5, 0x1
core   0: 3 0x8000b984 (0x00001f17) x30 0x8000c984
core   0: 0x8000b988 (0x663f2e23) sw      gp, 1660(t5)
core   0: 3 0x8000b988 (0x663f2e23) mem 0x8000d000 0x00000001
core   0: 0x8000b98c (0x0000bfe5) c.j     pc - 8
core   0: 3 0x8000b98c (0xbfe5)
core   0: 0x8000b984 (0x00001f17) auipc   t5, 0x1
core   0: 3 0x8000b984 (0x00001f17) x30 0x8000c984
core   0: 0x8000b988 (0x663f2e23) sw      gp, 1660(t5)
core   0: 3 0x8000b988 (0x663f2e23) mem 0x8000d000 0x00000001
core   0: 0x8000b98c (0x0000bfe5) c.j     pc - 8
core   0: 3 0x8000b98c (0xbfe5)
core   0: 0x8000b984 (0x00001f17) auipc   t5, 0x1
core   0: 3 0x8000b984 (0x00001f17) x30 0x8000c984
core   0: 0x8000b988 (0x663f2e23) sw      gp, 1660(t5)
core   0: 3 0x8000b988 (0x663f2e23) mem 0x8000d000 0x00000001
core   0: 0x8000b98c (0x0000bfe5) c.j     pc - 8
core   0: 3 0x8000b98c (0xbfe5)
core   0: 0x8000b984 (0x00001f17) auipc   t5, 0x1
core   0: 3 0x8000b984 (0x00001f17) x30 0x8000c984
core   0: 0x8000b988 (0x663f2e23) sw      gp, 1660(t5)
core   0: 3 0x8000b988 (0x663f2e23) mem 0x8000d000 0x00000001
core   0: 0x8000b98c (0x0000bfe5) c.j     pc - 8
core   0: 3 0x8000b98c (0xbfe5)
core   0: 0x8000b984 (0x00001f17) auipc   t5, 0x1
core   0: 3 0x8000b984 (0x00001f17) x30 0x8000c984
core   0: 0x8000b988 (0x663f2e23) sw      gp, 1660(t5)
core   0: 3 0x8000b988 (0x663f2e23) mem 0x8000d000 0x00000001
core   0: 0x8000b98c (0x0000bfe5) c.j     pc - 8
core   0: 3 0x8000b98c (0xbfe5)
core   0: 0x8000b984 (0x00001f17) auipc   t5, 0x1
core   0: 3 0x8000b984 (0x00001f17) x30 0x8000c984
core   0: 0x8000b988 (0x663f2e23) sw      gp, 1660(t5)
core   0: 3 0x8000b988 (0x663f2e23) mem 0x8000d000 0x00000001
core   0: 0x8000b98c (0x0000bfe5) c.j     pc - 8
core   0: 3 0x8000b98c (0xbfe5)
core   0: 0x8000b984 (0x00001f17) auipc   t5, 0x1
core   0: 3 0x8000b984 (0x00001f17) x30 0x8000c984
core   0: 0x8000b988 (0x663f2e23) sw      gp, 1660(t5)
core   0: 3 0x8000b988 (0x663f2e23) mem 0x8000d000 0x00000001
core   0: 0x8000b98c (0x0000bfe5) c.j     pc - 8
core   0: 3 0x8000b98c (0xbfe5)
core   0: 0x8000b984 (0x00001f17) auipc   t5, 0x1
core   0: 3 0x8000b984 (0x00001f17) x30 0x8000c984
core   0: 0x8000b988 (0x663f2e23) sw      gp, 1660(t5)
core   0: 3 0x8000b988 (0x663f2e23) mem 0x8000d000 0x00000001
core   0: 0x8000b98c (0x0000bfe5) c.j     pc - 8
core   0: 3 0x8000b98c (0xbfe5)
core   0: 0x8000b984 (0x00001f17) auipc   t5, 0x1
core   0: 3 0x8000b984 (0x00001f17) x30 0x8000c984
core   0: 0x8000b988 (0x663f2e23) sw      gp, 1660(t5)
core   0: 3 0x8000b988 (0x663f2e23) mem 0x8000d000 0x00000001
core   0: 0x8000b98c (0x0000bfe5) c.j     pc - 8
core   0: 3 0x8000b98c (0xbfe5)
core   0: 0x8000b984 (0x00001f17) auipc   t5, 0x1
core   0: 3 0x8000b984 (0x00001f17) x30 0x8000c984
core   0: 0x8000b988 (0x663f2e23) sw      gp, 1660(t5)
core   0: 3 0x8000b988 (0x663f2e23) mem 0x8000d000 0x00000001
core   0: 0x8000b98c (0x0000bfe5) c.j     pc - 8
core   0: 3 0x8000b98c (0xbfe5)
core   0: 0x8000b984 (0x00001f17) auipc   t5, 0x1
core   0: 3 0x8000b984 (0x00001f17) x30 0x8000c984
core   0: 0x8000b988 (0x663f2e23) sw      gp, 1660(t5)
core   0: 3 0x8000b988 (0x663f2e23) mem 0x8000d000 0x00000001
core   0: 0x8000b98c (0x0000bfe5) c.j     pc - 8
core   0: 3 0x8000b98c (0xbfe5)
core   0: 0x8000b984 (0x00001f17) auipc   t5, 0x1
core   0: 3 0x8000b984 (0x00001f17) x30 0x8000c984
core   0: 0x8000b988 (0x663f2e23) sw      gp, 1660(t5)
core   0: 3 0x8000b988 (0x663f2e23) mem 0x8000d000 0x00000001
core   0: 0x8000b98c (0x0000bfe5) c.j     pc - 8
core   0: 3 0x8000b98c (0xbfe5)
core   0: 0x8000b984 (0x00001f17) auipc   t5, 0x1
core   0: 3 0x8000b984 (0x00001f17) x30 0x8000c984
core   0: 0x8000b988 (0x663f2e23) sw      gp, 1660(t5)
core   0: 3 0x8000b988 (0x663f2e23) mem 0x8000d000 0x00000001
core   0: 0x8000b98c (0x0000bfe5) c.j     pc - 8
core   0: 3 0x8000b98c (0xbfe5)
core   0: 0x8000b984 (0x00001f17) auipc   t5, 0x1
core   0: 3 0x8000b984 (0x00001f17) x30 0x8000c984
core   0: 0x8000b988 (0x663f2e23) sw      gp, 1660(t5)
core   0: 3 0x8000b988 (0x663f2e23) mem 0x8000d000 0x00000001
core   0: 0x8000b98c (0x0000bfe5) c.j     pc - 8
core   0: 3 0x8000b98c (0xbfe5)
core   0: 0x8000b984 (0x00001f17) auipc   t5, 0x1
core   0: 3 0x8000b984 (0x00001f17) x30 0x8000c984
core   0: 0x8000b988 (0x663f2e23) sw      gp, 1660(t5)
core   0: 3 0x8000b988 (0x663f2e23) mem 0x8000d000 0x00000001
core   0: 0x8000b98c (0x0000bfe5) c.j     pc - 8
core   0: 3 0x8000b98c (0xbfe5)
core   0: 0x8000b984 (0x00001f17) auipc   t5, 0x1
core   0: 3 0x8000b984 (0x00001f17) x30 0x8000c984
core   0: 0x8000b988 (0x663f2e23) sw      gp, 1660(t5)
core   0: 3 0x8000b988 (0x663f2e23) mem 0x8000d000 0x00000001
core   0: 0x8000b98c (0x0000bfe5) c.j     pc - 8
core   0: 3 0x8000b98c (0xbfe5)
core   0: 0x8000b984 (0x00001f17) auipc   t5, 0x1
core   0: 3 0x8000b984 (0x00001f17) x30 0x8000c984
core   0: 0x8000b988 (0x663f2e23) sw      gp, 1660(t5)
core   0: 3 0x8000b988 (0x663f2e23) mem 0x8000d000 0x00000001
core   0: 0x8000b98c (0x0000bfe5) c.j     pc - 8
core   0: 3 0x8000b98c (0xbfe5)
core   0: 0x8000b984 (0x00001f17) auipc   t5, 0x1
core   0: 3 0x8000b984 (0x00001f17) x30 0x8000c984
core   0: 0x8000b988 (0x663f2e23) sw      gp, 1660(t5)
core   0: 3 0x8000b988 (0x663f2e23) mem 0x8000d000 0x00000001
core   0: 0x8000b98c (0x0000bfe5) c.j     pc - 8
core   0: 3 0x8000b98c (0xbfe5)
core   0: 0x8000b984 (0x00001f17) auipc   t5, 0x1
core   0: 3 0x8000b984 (0x00001f17) x30 0x8000c984
core   0: 0x8000b988 (0x663f2e23) sw      gp, 1660(t5)
core   0: 3 0x8000b988 (0x663f2e23) mem 0x8000d000 0x00000001
core   0: 0x8000b98c (0x0000bfe5) c.j     pc - 8
core   0: 3 0x8000b98c (0xbfe5)
core   0: 0x8000b984 (0x00001f17) auipc   t5, 0x1
core   0: 3 0x8000b984 (0x00001f17) x30 0x8000c984
core   0: 0x8000b988 (0x663f2e23) sw      gp, 1660(t5)
core   0: 3 0x8000b988 (0x663f2e23) mem 0x8000d000 0x00000001
core   0: 0x8000b98c (0x0000bfe5) c.j     pc - 8
core   0: 3 0x8000b98c (0xbfe5)
core   0: 0x8000b984 (0x00001f17) auipc   t5, 0x1
core   0: 3 0x8000b984 (0x00001f17) x30 0x8000c984
core   0: 0x8000b988 (0x663f2e23) sw      gp, 1660(t5)
core   0: 3 0x8000b988 (0x663f2e23) mem 0x8000d000 0x00000001
core   0: 0x8000b98c (0x0000bfe5) c.j     pc - 8
core   0: 3 0x8000b98c (0xbfe5)
core   0: 0x8000b984 (0x00001f17) auipc   t5, 0x1
core   0: 3 0x8000b984 (0x00001f17) x30 0x8000c984
core   0: 0x8000b988 (0x663f2e23) sw      gp, 1660(t5)
core   0: 3 0x8000b988 (0x663f2e23) mem 0x8000d000 0x00000001
core   0: 0x8000b98c (0x0000bfe5) c.j     pc - 8
core   0: 3 0x8000b98c (0xbfe5)
core   0: 0x8000b984 (0x00001f17) auipc   t5, 0x1
core   0: 3 0x8000b984 (0x00001f17) x30 0x8000c984
core   0: 0x8000b988 (0x663f2e23) sw      gp, 1660(t5)
core   0: 3 0x8000b988 (0x663f2e23) mem 0x8000d000 0x00000001
core   0: 0x8000b98c (0x0000bfe5) c.j     pc - 8
core   0: 3 0x8000b98c (0xbfe5)
core   0: 0x8000b984 (0x00001f17) auipc   t5, 0x1
core   0: 3 0x8000b984 (0x00001f17) x30 0x8000c984
core   0: 0x8000b988 (0x663f2e23) sw      gp, 1660(t5)
core   0: 3 0x8000b988 (0x663f2e23) mem 0x8000d000 0x00000001
core   0: 0x8000b98c (0x0000bfe5) c.j     pc - 8
core   0: 3 0x8000b98c (0xbfe5)
core   0: 0x8000b984 (0x00001f17) auipc   t5, 0x1
core   0: 3 0x8000b984 (0x00001f17) x30 0x8000c984
core   0: 0x8000b988 (0x663f2e23) sw      gp, 1660(t5)
core   0: 3 0x8000b988 (0x663f2e23) mem 0x8000d000 0x00000001
core   0: 0x8000b98c (0x0000bfe5) c.j     pc - 8
core   0: 3 0x8000b98c (0xbfe5)
core   0: 0x8000b984 (0x00001f17) auipc   t5, 0x1
core   0: 3 0x8000b984 (0x00001f17) x30 0x8000c984
core   0: 0x8000b988 (0x663f2e23) sw      gp, 1660(t5)
core   0: 3 0x8000b988 (0x663f2e23) mem 0x8000d000 0x00000001
core   0: 0x8000b98c (0x0000bfe5) c.j     pc - 8
core   0: 3 0x8000b98c (0xbfe5)
core   0: 0x8000b984 (0x00001f17) auipc   t5, 0x1
core   0: 3 0x8000b984 (0x00001f17) x30 0x8000c984
core   0: 0x8000b988 (0x663f2e23) sw      gp, 1660(t5)
core   0: 3 0x8000b988 (0x663f2e23) mem 0x8000d000 0x00000001
core   0: 0x8000b98c (0x0000bfe5) c.j     pc - 8
core   0: 3 0x8000b98c (0xbfe5)
core   0: 0x8000b984 (0x00001f17) auipc   t5, 0x1
core   0: 3 0x8000b984 (0x00001f17) x30 0x8000c984
core   0: 0x8000b988 (0x663f2e23) sw      gp, 1660(t5)
core   0: 3 0x8000b988 (0x663f2e23) mem 0x8000d000 0x00000001
core   0: 0x8000b98c (0x0000bfe5) c.j     pc - 8
core   0: 3 0x8000b98c (0xbfe5)
core   0: 0x8000b984 (0x00001f17) auipc   t5, 0x1
core   0: 3 0x8000b984 (0x00001f17) x30 0x8000c984
core   0: 0x8000b988 (0x663f2e23) sw      gp, 1660(t5)
core   0: 3 0x8000b988 (0x663f2e23) mem 0x8000d000 0x00000001
core   0: 0x8000b98c (0x0000bfe5) c.j     pc - 8
core   0: 3 0x8000b98c (0xbfe5)
core   0: 0x8000b984 (0x00001f17) auipc   t5, 0x1
core   0: 3 0x8000b984 (0x00001f17) x30 0x8000c984
core   0: 0x8000b988 (0x663f2e23) sw      gp, 1660(t5)
core   0: 3 0x8000b988 (0x663f2e23) mem 0x8000d000 0x00000001
core   0: 0x8000b98c (0x0000bfe5) c.j     pc - 8
core   0: 3 0x8000b98c (0xbfe5)
core   0: 0x8000b984 (0x00001f17) auipc   t5, 0x1
core   0: 3 0x8000b984 (0x00001f17) x30 0x8000c984
core   0: 0x8000b988 (0x663f2e23) sw      gp, 1660(t5)
core   0: 3 0x8000b988 (0x663f2e23) mem 0x8000d000 0x00000001
core   0: 0x8000b98c (0x0000bfe5) c.j     pc - 8
core   0: 3 0x8000b98c (0xbfe5)
core   0: 0x8000b984 (0x00001f17) auipc   t5, 0x1
core   0: 3 0x8000b984 (0x00001f17) x30 0x8000c984
core   0: 0x8000b988 (0x663f2e23) sw      gp, 1660(t5)
core   0: 3 0x8000b988 (0x663f2e23) mem 0x8000d000 0x00000001
core   0: 0x8000b98c (0x0000bfe5) c.j     pc - 8
core   0: 3 0x8000b98c (0xbfe5)
core   0: 0x8000b984 (0x00001f17) auipc   t5, 0x1
core   0: 3 0x8000b984 (0x00001f17) x30 0x8000c984
core   0: 0x8000b988 (0x663f2e23) sw      gp, 1660(t5)
core   0: 3 0x8000b988 (0x663f2e23) mem 0x8000d000 0x00000001
core   0: 0x8000b98c (0x0000bfe5) c.j     pc - 8
core   0: 3 0x8000b98c (0xbfe5)
core   0: 0x8000b984 (0x00001f17) auipc   t5, 0x1
core   0: 3 0x8000b984 (0x00001f17) x30 0x8000c984
core   0: 0x8000b988 (0x663f2e23) sw      gp, 1660(t5)
core   0: 3 0x8000b988 (0x663f2e23) mem 0x8000d000 0x00000001
core   0: 0x8000b98c (0x0000bfe5) c.j     pc - 8
core   0: 3 0x8000b98c (0xbfe5)
core   0: 0x8000b984 (0x00001f17) auipc   t5, 0x1
core   0: 3 0x8000b984 (0x00001f17) x30 0x8000c984
core   0: 0x8000b988 (0x663f2e23) sw      gp, 1660(t5)
core   0: 3 0x8000b988 (0x663f2e23) mem 0x8000d000 0x00000001
core   0: 0x8000b98c (0x0000bfe5) c.j     pc - 8
core   0: 3 0x8000b98c (0xbfe5)
core   0: 0x8000b984 (0x00001f17) auipc   t5, 0x1
core   0: 3 0x8000b984 (0x00001f17) x30 0x8000c984
core   0: 0x8000b988 (0x663f2e23) sw      gp, 1660(t5)
core   0: 3 0x8000b988 (0x663f2e23) mem 0x8000d000 0x00000001
core   0: 0x8000b98c (0x0000bfe5) c.j     pc - 8
core   0: 3 0x8000b98c (0xbfe5)
core   0: 0x8000b984 (0x00001f17) auipc   t5, 0x1
core   0: 3 0x8000b984 (0x00001f17) x30 0x8000c984
core   0: 0x8000b988 (0x663f2e23) sw      gp, 1660(t5)
core   0: 3 0x8000b988 (0x663f2e23) mem 0x8000d000 0x00000001
core   0: 0x8000b98c (0x0000bfe5) c.j     pc - 8
core   0: 3 0x8000b98c (0xbfe5)
core   0: 0x8000b984 (0x00001f17) auipc   t5, 0x1
core   0: 3 0x8000b984 (0x00001f17) x30 0x8000c984
core   0: 0x8000b988 (0x663f2e23) sw      gp, 1660(t5)
core   0: 3 0x8000b988 (0x663f2e23) mem 0x8000d000 0x00000001
core   0: 0x8000b98c (0x0000bfe5) c.j     pc - 8
core   0: 3 0x8000b98c (0xbfe5)
core   0: 0x8000b984 (0x00001f17) auipc   t5, 0x1
core   0: 3 0x8000b984 (0x00001f17) x30 0x8000c984
core   0: 0x8000b988 (0x663f2e23) sw      gp, 1660(t5)
core   0: 3 0x8000b988 (0x663f2e23) mem 0x8000d000 0x00000001
core   0: 0x8000b98c (0x0000bfe5) c.j     pc - 8
core   0: 3 0x8000b98c (0xbfe5)
core   0: 0x8000b984 (0x00001f17) auipc   t5, 0x1
core   0: 3 0x8000b984 (0x00001f17) x30 0x8000c984
core   0: 0x8000b988 (0x663f2e23) sw      gp, 1660(t5)
core   0: 3 0x8000b988 (0x663f2e23) mem 0x8000d000 0x00000001
core   0: 0x8000b98c (0x0000bfe5) c.j     pc - 8
core   0: 3 0x8000b98c (0xbfe5)
core   0: 0x8000b984 (0x00001f17) auipc   t5, 0x1
core   0: 3 0x8000b984 (0x00001f17) x30 0x8000c984
core   0: 0x8000b988 (0x663f2e23) sw      gp, 1660(t5)
core   0: 3 0x8000b988 (0x663f2e23) mem 0x8000d000 0x00000001
core   0: 0x8000b98c (0x0000bfe5) c.j     pc - 8
core   0: 3 0x8000b98c (0xbfe5)
core   0: 0x8000b984 (0x00001f17) auipc   t5, 0x1
core   0: 3 0x8000b984 (0x00001f17) x30 0x8000c984
core   0: 0x8000b988 (0x663f2e23) sw      gp, 1660(t5)
core   0: 3 0x8000b988 (0x663f2e23) mem 0x8000d000 0x00000001
core   0: 0x8000b98c (0x0000bfe5) c.j     pc - 8
core   0: 3 0x8000b98c (0xbfe5)
core   0: 0x8000b984 (0x00001f17) auipc   t5, 0x1
core   0: 3 0x8000b984 (0x00001f17) x30 0x8000c984
core   0: 0x8000b988 (0x663f2e23) sw      gp, 1660(t5)
core   0: 3 0x8000b988 (0x663f2e23) mem 0x8000d000 0x00000001
core   0: 0x8000b98c (0x0000bfe5) c.j     pc - 8
core   0: 3 0x8000b98c (0xbfe5)
core   0: 0x8000b984 (0x00001f17) auipc   t5, 0x1
core   0: 3 0x8000b984 (0x00001f17) x30 0x8000c984
core   0: 0x8000b988 (0x663f2e23) sw      gp, 1660(t5)
core   0: 3 0x8000b988 (0x663f2e23) mem 0x8000d000 0x00000001
core   0: 0x8000b98c (0x0000bfe5) c.j     pc - 8
core   0: 3 0x8000b98c (0xbfe5)
core   0: 0x8000b984 (0x00001f17) auipc   t5, 0x1
core   0: 3 0x8000b984 (0x00001f17) x30 0x8000c984
core   0: 0x8000b988 (0x663f2e23) sw      gp, 1660(t5)
core   0: 3 0x8000b988 (0x663f2e23) mem 0x8000d000 0x00000001
core   0: 0x8000b98c (0x0000bfe5) c.j     pc - 8
core   0: 3 0x8000b98c (0xbfe5)
core   0: 0x8000b984 (0x00001f17) auipc   t5, 0x1
core   0: 3 0x8000b984 (0x00001f17) x30 0x8000c984
core   0: 0x8000b988 (0x663f2e23) sw      gp, 1660(t5)
core   0: 3 0x8000b988 (0x663f2e23) mem 0x8000d000 0x00000001
core   0: 0x8000b98c (0x0000bfe5) c.j     pc - 8
core   0: 3 0x8000b98c (0xbfe5)
core   0: 0x8000b984 (0x00001f17) auipc   t5, 0x1
core   0: 3 0x8000b984 (0x00001f17) x30 0x8000c984
core   0: 0x8000b988 (0x663f2e23) sw      gp, 1660(t5)
core   0: 3 0x8000b988 (0x663f2e23) mem 0x8000d000 0x00000001
core   0: 0x8000b98c (0x0000bfe5) c.j     pc - 8
core   0: 3 0x8000b98c (0xbfe5)
core   0: 0x8000b984 (0x00001f17) auipc   t5, 0x1
core   0: 3 0x8000b984 (0x00001f17) x30 0x8000c984
core   0: 0x8000b988 (0x663f2e23) sw      gp, 1660(t5)
core   0: 3 0x8000b988 (0x663f2e23) mem 0x8000d000 0x00000001
core   0: 0x8000b98c (0x0000bfe5) c.j     pc - 8
core   0: 3 0x8000b98c (0xbfe5)
core   0: 0x8000b984 (0x00001f17) auipc   t5, 0x1
core   0: 3 0x8000b984 (0x00001f17) x30 0x8000c984
core   0: 0x8000b988 (0x663f2e23) sw      gp, 1660(t5)
core   0: 3 0x8000b988 (0x663f2e23) mem 0x8000d000 0x00000001
core   0: 0x8000b98c (0x0000bfe5) c.j     pc - 8
core   0: 3 0x8000b98c (0xbfe5)
core   0: 0x8000b984 (0x00001f17) auipc   t5, 0x1
core   0: 3 0x8000b984 (0x00001f17) x30 0x8000c984
core   0: 0x8000b988 (0x663f2e23) sw      gp, 1660(t5)
core   0: 3 0x8000b988 (0x663f2e23) mem 0x8000d000 0x00000001
core   0: 0x8000b98c (0x0000bfe5) c.j     pc - 8
core   0: 3 0x8000b98c (0xbfe5)
core   0: 0x8000b984 (0x00001f17) auipc   t5, 0x1
core   0: 3 0x8000b984 (0x00001f17) x30 0x8000c984
core   0: 0x8000b988 (0x663f2e23) sw      gp, 1660(t5)
core   0: 3 0x8000b988 (0x663f2e23) mem 0x8000d000 0x00000001
core   0: 0x8000b98c (0x0000bfe5) c.j     pc - 8
core   0: 3 0x8000b98c (0xbfe5)
core   0: 0x8000b984 (0x00001f17) auipc   t5, 0x1
core   0: 3 0x8000b984 (0x00001f17) x30 0x8000c984
core   0: 0x8000b988 (0x663f2e23) sw      gp, 1660(t5)
core   0: 3 0x8000b988 (0x663f2e23) mem 0x8000d000 0x00000001
core   0: 0x8000b98c (0x0000bfe5) c.j     pc - 8
core   0: 3 0x8000b98c (0xbfe5)
core   0: 0x8000b984 (0x00001f17) auipc   t5, 0x1
core   0: 3 0x8000b984 (0x00001f17) x30 0x8000c984
core   0: 0x8000b988 (0x663f2e23) sw      gp, 1660(t5)
core   0: 3 0x8000b988 (0x663f2e23) mem 0x8000d000 0x00000001
core   0: 0x8000b98c (0x0000bfe5) c.j     pc - 8
core   0: 3 0x8000b98c (0xbfe5)
core   0: 0x8000b984 (0x00001f17) auipc   t5, 0x1
core   0: 3 0x8000b984 (0x00001f17) x30 0x8000c984
core   0: 0x8000b988 (0x663f2e23) sw      gp, 1660(t5)
core   0: 3 0x8000b988 (0x663f2e23) mem 0x8000d000 0x00000001
core   0: 0x8000b98c (0x0000bfe5) c.j     pc - 8
core   0: 3 0x8000b98c (0xbfe5)
core   0: 0x8000b984 (0x00001f17) auipc   t5, 0x1
core   0: 3 0x8000b984 (0x00001f17) x30 0x8000c984
core   0: 0x8000b988 (0x663f2e23) sw      gp, 1660(t5)
core   0: 3 0x8000b988 (0x663f2e23) mem 0x8000d000 0x00000001
core   0: 0x8000b98c (0x0000bfe5) c.j     pc - 8
core   0: 3 0x8000b98c (0xbfe5)
core   0: 0x8000b984 (0x00001f17) auipc   t5, 0x1
core   0: 3 0x8000b984 (0x00001f17) x30 0x8000c984
core   0: 0x8000b988 (0x663f2e23) sw      gp, 1660(t5)
core   0: 3 0x8000b988 (0x663f2e23) mem 0x8000d000 0x00000001
core   0: 0x8000b98c (0x0000bfe5) c.j     pc - 8
core   0: 3 0x8000b98c (0xbfe5)
core   0: 0x8000b984 (0x00001f17) auipc   t5, 0x1
core   0: 3 0x8000b984 (0x00001f17) x30 0x8000c984
core   0: 0x8000b988 (0x663f2e23) sw      gp, 1660(t5)
core   0: 3 0x8000b988 (0x663f2e23) mem 0x8000d000 0x00000001
core   0: 0x8000b98c (0x0000bfe5) c.j     pc - 8
core   0: 3 0x8000b98c (0xbfe5)
core   0: 0x8000b984 (0x00001f17) auipc   t5, 0x1
core   0: 3 0x8000b984 (0x00001f17) x30 0x8000c984
core   0: 0x8000b988 (0x663f2e23) sw      gp, 1660(t5)
core   0: 3 0x8000b988 (0x663f2e23) mem 0x8000d000 0x00000001
core   0: 0x8000b98c (0x0000bfe5) c.j     pc - 8
core   0: 3 0x8000b98c (0xbfe5)
core   0: 0x8000b984 (0x00001f17) auipc   t5, 0x1
core   0: 3 0x8000b984 (0x00001f17) x30 0x8000c984
core   0: 0x8000b988 (0x663f2e23) sw      gp, 1660(t5)
core   0: 3 0x8000b988 (0x663f2e23) mem 0x8000d000 0x00000001
core   0: 0x8000b98c (0x0000bfe5) c.j     pc - 8
core   0: 3 0x8000b98c (0xbfe5)
core   0: 0x8000b984 (0x00001f17) auipc   t5, 0x1
core   0: 3 0x8000b984 (0x00001f17) x30 0x8000c984
core   0: 0x8000b988 (0x663f2e23) sw      gp, 1660(t5)
core   0: 3 0x8000b988 (0x663f2e23) mem 0x8000d000 0x00000001
core   0: 0x8000b98c (0x0000bfe5) c.j     pc - 8
core   0: 3 0x8000b98c (0xbfe5)
core   0: 0x8000b984 (0x00001f17) auipc   t5, 0x1
core   0: 3 0x8000b984 (0x00001f17) x30 0x8000c984
core   0: 0x8000b988 (0x663f2e23) sw      gp, 1660(t5)
core   0: 3 0x8000b988 (0x663f2e23) mem 0x8000d000 0x00000001
core   0: 0x8000b98c (0x0000bfe5) c.j     pc - 8
core   0: 3 0x8000b98c (0xbfe5)
core   0: 0x8000b984 (0x00001f17) auipc   t5, 0x1
core   0: 3 0x8000b984 (0x00001f17) x30 0x8000c984
core   0: 0x8000b988 (0x663f2e23) sw      gp, 1660(t5)
core   0: 3 0x8000b988 (0x663f2e23) mem 0x8000d000 0x00000001
core   0: 0x8000b98c (0x0000bfe5) c.j     pc - 8
core   0: 3 0x8000b98c (0xbfe5)
core   0: 0x8000b984 (0x00001f17) auipc   t5, 0x1
core   0: 3 0x8000b984 (0x00001f17) x30 0x8000c984
core   0: 0x8000b988 (0x663f2e23) sw      gp, 1660(t5)
core   0: 3 0x8000b988 (0x663f2e23) mem 0x8000d000 0x00000001
core   0: 0x8000b98c (0x0000bfe5) c.j     pc - 8
core   0: 3 0x8000b98c (0xbfe5)
core   0: 0x8000b984 (0x00001f17) auipc   t5, 0x1
core   0: 3 0x8000b984 (0x00001f17) x30 0x8000c984
core   0: 0x8000b988 (0x663f2e23) sw      gp, 1660(t5)
core   0: 3 0x8000b988 (0x663f2e23) mem 0x8000d000 0x00000001
core   0: 0x8000b98c (0x0000bfe5) c.j     pc - 8
core   0: 3 0x8000b98c (0xbfe5)
core   0: 0x8000b984 (0x00001f17) auipc   t5, 0x1
core   0: 3 0x8000b984 (0x00001f17) x30 0x8000c984
core   0: 0x8000b988 (0x663f2e23) sw      gp, 1660(t5)
core   0: 3 0x8000b988 (0x663f2e23) mem 0x8000d000 0x00000001
core   0: 0x8000b98c (0x0000bfe5) c.j     pc - 8
core   0: 3 0x8000b98c (0xbfe5)
core   0: 0x8000b984 (0x00001f17) auipc   t5, 0x1
core   0: 3 0x8000b984 (0x00001f17) x30 0x8000c984
core   0: 0x8000b988 (0x663f2e23) sw      gp, 1660(t5)
core   0: 3 0x8000b988 (0x663f2e23) mem 0x8000d000 0x00000001
core   0: 0x8000b98c (0x0000bfe5) c.j     pc - 8
core   0: 3 0x8000b98c (0xbfe5)
core   0: 0x8000b984 (0x00001f17) auipc   t5, 0x1
core   0: 3 0x8000b984 (0x00001f17) x30 0x8000c984
core   0: 0x8000b988 (0x663f2e23) sw      gp, 1660(t5)
core   0: 3 0x8000b988 (0x663f2e23) mem 0x8000d000 0x00000001
core   0: 0x8000b98c (0x0000bfe5) c.j     pc - 8
core   0: 3 0x8000b98c (0xbfe5)
core   0: 0x8000b984 (0x00001f17) auipc   t5, 0x1
core   0: 3 0x8000b984 (0x00001f17) x30 0x8000c984
core   0: 0x8000b988 (0x663f2e23) sw      gp, 1660(t5)
core   0: 3 0x8000b988 (0x663f2e23) mem 0x8000d000 0x00000001
core   0: 0x8000b98c (0x0000bfe5) c.j     pc - 8
core   0: 3 0x8000b98c (0xbfe5)
core   0: 0x8000b984 (0x00001f17) auipc   t5, 0x1
core   0: 3 0x8000b984 (0x00001f17) x30 0x8000c984
core   0: 0x8000b988 (0x663f2e23) sw      gp, 1660(t5)
core   0: 3 0x8000b988 (0x663f2e23) mem 0x8000d000 0x00000001
core   0: 0x8000b98c (0x0000bfe5) c.j     pc - 8
core   0: 3 0x8000b98c (0xbfe5)
core   0: 0x8000b984 (0x00001f17) auipc   t5, 0x1
core   0: 3 0x8000b984 (0x00001f17) x30 0x8000c984
core   0: 0x8000b988 (0x663f2e23) sw      gp, 1660(t5)
core   0: 3 0x8000b988 (0x663f2e23) mem 0x8000d000 0x00000001
core   0: 0x8000b98c (0x0000bfe5) c.j     pc - 8
core   0: 3 0x8000b98c (0xbfe5)
core   0: 0x8000b984 (0x00001f17) auipc   t5, 0x1
core   0: 3 0x8000b984 (0x00001f17) x30 0x8000c984
core   0: 0x8000b988 (0x663f2e23) sw      gp, 1660(t5)
core   0: 3 0x8000b988 (0x663f2e23) mem 0x8000d000 0x00000001
core   0: 0x8000b98c (0x0000bfe5) c.j     pc - 8
core   0: 3 0x8000b98c (0xbfe5)
core   0: 0x8000b984 (0x00001f17) auipc   t5, 0x1
core   0: 3 0x8000b984 (0x00001f17) x30 0x8000c984
core   0: 0x8000b988 (0x663f2e23) sw      gp, 1660(t5)
core   0: 3 0x8000b988 (0x663f2e23) mem 0x8000d000 0x00000001
core   0: 0x8000b98c (0x0000bfe5) c.j     pc - 8
core   0: 3 0x8000b98c (0xbfe5)
core   0: 0x8000b984 (0x00001f17) auipc   t5, 0x1
core   0: 3 0x8000b984 (0x00001f17) x30 0x8000c984
core   0: 0x8000b988 (0x663f2e23) sw      gp, 1660(t5)
core   0: 3 0x8000b988 (0x663f2e23) mem 0x8000d000 0x00000001
core   0: 0x8000b98c (0x0000bfe5) c.j     pc - 8
core   0: 3 0x8000b98c (0xbfe5)
core   0: 0x8000b984 (0x00001f17) auipc   t5, 0x1
core   0: 3 0x8000b984 (0x00001f17) x30 0x8000c984
core   0: 0x8000b988 (0x663f2e23) sw      gp, 1660(t5)
core   0: 3 0x8000b988 (0x663f2e23) mem 0x8000d000 0x00000001
core   0: 0x8000b98c (0x0000bfe5) c.j     pc - 8
core   0: 3 0x8000b98c (0xbfe5)
core   0: 0x8000b984 (0x00001f17) auipc   t5, 0x1
core   0: 3 0x8000b984 (0x00001f17) x30 0x8000c984
core   0: 0x8000b988 (0x663f2e23) sw      gp, 1660(t5)
core   0: 3 0x8000b988 (0x663f2e23) mem 0x8000d000 0x00000001
core   0: 0x8000b98c (0x0000bfe5) c.j     pc - 8
core   0: 3 0x8000b98c (0xbfe5)
core   0: 0x8000b984 (0x00001f17) auipc   t5, 0x1
core   0: 3 0x8000b984 (0x00001f17) x30 0x8000c984
core   0: 0x8000b988 (0x663f2e23) sw      gp, 1660(t5)
core   0: 3 0x8000b988 (0x663f2e23) mem 0x8000d000 0x00000001
core   0: 0x8000b98c (0x0000bfe5) c.j     pc - 8
core   0: 3 0x8000b98c (0xbfe5)
core   0: 0x8000b984 (0x00001f17) auipc   t5, 0x1
core   0: 3 0x8000b984 (0x00001f17) x30 0x8000c984
core   0: 0x8000b988 (0x663f2e23) sw      gp, 1660(t5)
core   0: 3 0x8000b988 (0x663f2e23) mem 0x8000d000 0x00000001
core   0: 0x8000b98c (0x0000bfe5) c.j     pc - 8
core   0: 3 0x8000b98c (0xbfe5)
core   0: 0x8000b984 (0x00001f17) auipc   t5, 0x1
core   0: 3 0x8000b984 (0x00001f17) x30 0x8000c984
core   0: 0x8000b988 (0x663f2e23) sw      gp, 1660(t5)
core   0: 3 0x8000b988 (0x663f2e23) mem 0x8000d000 0x00000001
core   0: 0x8000b98c (0x0000bfe5) c.j     pc - 8
core   0: 3 0x8000b98c (0xbfe5)
core   0: 0x8000b984 (0x00001f17) auipc   t5, 0x1
core   0: 3 0x8000b984 (0x00001f17) x30 0x8000c984
core   0: 0x8000b988 (0x663f2e23) sw      gp, 1660(t5)
core   0: 3 0x8000b988 (0x663f2e23) mem 0x8000d000 0x00000001
core   0: 0x8000b98c (0x0000bfe5) c.j     pc - 8
core   0: 3 0x8000b98c (0xbfe5)
core   0: 0x8000b984 (0x00001f17) auipc   t5, 0x1
core   0: 3 0x8000b984 (0x00001f17) x30 0x8000c984
core   0: 0x8000b988 (0x663f2e23) sw      gp, 1660(t5)
core   0: 3 0x8000b988 (0x663f2e23) mem 0x8000d000 0x00000001
core   0: 0x8000b98c (0x0000bfe5) c.j     pc - 8
core   0: 3 0x8000b98c (0xbfe5)
core   0: 0x8000b984 (0x00001f17) auipc   t5, 0x1
core   0: 3 0x8000b984 (0x00001f17) x30 0x8000c984
core   0: 0x8000b988 (0x663f2e23) sw      gp, 1660(t5)
core   0: 3 0x8000b988 (0x663f2e23) mem 0x8000d000 0x00000001
core   0: 0x8000b98c (0x0000bfe5) c.j     pc - 8
core   0: 3 0x8000b98c (0xbfe5)
core   0: 0x8000b984 (0x00001f17) auipc   t5, 0x1
core   0: 3 0x8000b984 (0x00001f17) x30 0x8000c984
core   0: 0x8000b988 (0x663f2e23) sw      gp, 1660(t5)
core   0: 3 0x8000b988 (0x663f2e23) mem 0x8000d000 0x00000001
core   0: 0x8000b98c (0x0000bfe5) c.j     pc - 8
core   0: 3 0x8000b98c (0xbfe5)
core   0: 0x8000b984 (0x00001f17) auipc   t5, 0x1
core   0: 3 0x8000b984 (0x00001f17) x30 0x8000c984
core   0: 0x8000b988 (0x663f2e23) sw      gp, 1660(t5)
core   0: 3 0x8000b988 (0x663f2e23) mem 0x8000d000 0x00000001
core   0: 0x8000b98c (0x0000bfe5) c.j     pc - 8
core   0: 3 0x8000b98c (0xbfe5)
core   0: 0x8000b984 (0x00001f17) auipc   t5, 0x1
core   0: 3 0x8000b984 (0x00001f17) x30 0x8000c984
core   0: 0x8000b988 (0x663f2e23) sw      gp, 1660(t5)
core   0: 3 0x8000b988 (0x663f2e23) mem 0x8000d000 0x00000001
core   0: 0x8000b98c (0x0000bfe5) c.j     pc - 8
core   0: 3 0x8000b98c (0xbfe5)
core   0: 0x8000b984 (0x00001f17) auipc   t5, 0x1
core   0: 3 0x8000b984 (0x00001f17) x30 0x8000c984
core   0: 0x8000b988 (0x663f2e23) sw      gp, 1660(t5)
core   0: 3 0x8000b988 (0x663f2e23) mem 0x8000d000 0x00000001
core   0: 0x8000b98c (0x0000bfe5) c.j     pc - 8
core   0: 3 0x8000b98c (0xbfe5)
core   0: 0x8000b984 (0x00001f17) auipc   t5, 0x1
core   0: 3 0x8000b984 (0x00001f17) x30 0x8000c984
core   0: 0x8000b988 (0x663f2e23) sw      gp, 1660(t5)
core   0: 3 0x8000b988 (0x663f2e23) mem 0x8000d000 0x00000001
core   0: 0x8000b98c (0x0000bfe5) c.j     pc - 8
core   0: 3 0x8000b98c (0xbfe5)
core   0: 0x8000b984 (0x00001f17) auipc   t5, 0x1
core   0: 3 0x8000b984 (0x00001f17) x30 0x8000c984
core   0: 0x8000b988 (0x663f2e23) sw      gp, 1660(t5)
core   0: 3 0x8000b988 (0x663f2e23) mem 0x8000d000 0x00000001
core   0: 0x8000b98c (0x0000bfe5) c.j     pc - 8
core   0: 3 0x8000b98c (0xbfe5)
core   0: 0x8000b984 (0x00001f17) auipc   t5, 0x1
core   0: 3 0x8000b984 (0x00001f17) x30 0x8000c984
core   0: 0x8000b988 (0x663f2e23) sw      gp, 1660(t5)
core   0: 3 0x8000b988 (0x663f2e23) mem 0x8000d000 0x00000001
core   0: 0x8000b98c (0x0000bfe5) c.j     pc - 8
core   0: 3 0x8000b98c (0xbfe5)
core   0: 0x8000b984 (0x00001f17) auipc   t5, 0x1
core   0: 3 0x8000b984 (0x00001f17) x30 0x8000c984
core   0: 0x8000b988 (0x663f2e23) sw      gp, 1660(t5)
core   0: 3 0x8000b988 (0x663f2e23) mem 0x8000d000 0x00000001
core   0: 0x8000b98c (0x0000bfe5) c.j     pc - 8
core   0: 3 0x8000b98c (0xbfe5)
core   0: 0x8000b984 (0x00001f17) auipc   t5, 0x1
core   0: 3 0x8000b984 (0x00001f17) x30 0x8000c984
core   0: 0x8000b988 (0x663f2e23) sw      gp, 1660(t5)
core   0: 3 0x8000b988 (0x663f2e23) mem 0x8000d000 0x00000001
core   0: 0x8000b98c (0x0000bfe5) c.j     pc - 8
core   0: 3 0x8000b98c (0xbfe5)
core   0: 0x8000b984 (0x00001f17) auipc   t5, 0x1
core   0: 3 0x8000b984 (0x00001f17) x30 0x8000c984
core   0: 0x8000b988 (0x663f2e23) sw      gp, 1660(t5)
core   0: 3 0x8000b988 (0x663f2e23) mem 0x8000d000 0x00000001
core   0: 0x8000b98c (0x0000bfe5) c.j     pc - 8
core   0: 3 0x8000b98c (0xbfe5)
core   0: 0x8000b984 (0x00001f17) auipc   t5, 0x1
core   0: 3 0x8000b984 (0x00001f17) x30 0x8000c984
core   0: 0x8000b988 (0x663f2e23) sw      gp, 1660(t5)
core   0: 3 0x8000b988 (0x663f2e23) mem 0x8000d000 0x00000001
core   0: 0x8000b98c (0x0000bfe5) c.j     pc - 8
core   0: 3 0x8000b98c (0xbfe5)
core   0: 0x8000b984 (0x00001f17) auipc   t5, 0x1
core   0: 3 0x8000b984 (0x00001f17) x30 0x8000c984
core   0: 0x8000b988 (0x663f2e23) sw      gp, 1660(t5)
core   0: 3 0x8000b988 (0x663f2e23) mem 0x8000d000 0x00000001
core   0: 0x8000b98c (0x0000bfe5) c.j     pc - 8
core   0: 3 0x8000b98c (0xbfe5)
core   0: 0x8000b984 (0x00001f17) auipc   t5, 0x1
core   0: 3 0x8000b984 (0x00001f17) x30 0x8000c984
core   0: 0x8000b988 (0x663f2e23) sw      gp, 1660(t5)
core   0: 3 0x8000b988 (0x663f2e23) mem 0x8000d000 0x00000001
core   0: 0x8000b98c (0x0000bfe5) c.j     pc - 8
core   0: 3 0x8000b98c (0xbfe5)
core   0: 0x8000b984 (0x00001f17) auipc   t5, 0x1
core   0: 3 0x8000b984 (0x00001f17) x30 0x8000c984
core   0: 0x8000b988 (0x663f2e23) sw      gp, 1660(t5)
core   0: 3 0x8000b988 (0x663f2e23) mem 0x8000d000 0x00000001
core   0: 0x8000b98c (0x0000bfe5) c.j     pc - 8
core   0: 3 0x8000b98c (0xbfe5)
core   0: 0x8000b984 (0x00001f17) auipc   t5, 0x1
core   0: 3 0x8000b984 (0x00001f17) x30 0x8000c984
core   0: 0x8000b988 (0x663f2e23) sw      gp, 1660(t5)
core   0: 3 0x8000b988 (0x663f2e23) mem 0x8000d000 0x00000001
core   0: 0x8000b98c (0x0000bfe5) c.j     pc - 8
core   0: 3 0x8000b98c (0xbfe5)
core   0: 0x8000b984 (0x00001f17) auipc   t5, 0x1
core   0: 3 0x8000b984 (0x00001f17) x30 0x8000c984
core   0: 0x8000b988 (0x663f2e23) sw      gp, 1660(t5)
core   0: 3 0x8000b988 (0x663f2e23) mem 0x8000d000 0x00000001
core   0: 0x8000b98c (0x0000bfe5) c.j     pc - 8
core   0: 3 0x8000b98c (0xbfe5)
core   0: 0x8000b984 (0x00001f17) auipc   t5, 0x1
core   0: 3 0x8000b984 (0x00001f17) x30 0x8000c984
core   0: 0x8000b988 (0x663f2e23) sw      gp, 1660(t5)
core   0: 3 0x8000b988 (0x663f2e23) mem 0x8000d000 0x00000001
core   0: 0x8000b98c (0x0000bfe5) c.j     pc - 8
core   0: 3 0x8000b98c (0xbfe5)
core   0: 0x8000b984 (0x00001f17) auipc   t5, 0x1
core   0: 3 0x8000b984 (0x00001f17) x30 0x8000c984
core   0: 0x8000b988 (0x663f2e23) sw      gp, 1660(t5)
core   0: 3 0x8000b988 (0x663f2e23) mem 0x8000d000 0x00000001
core   0: 0x8000b98c (0x0000bfe5) c.j     pc - 8
core   0: 3 0x8000b98c (0xbfe5)
core   0: 0x8000b984 (0x00001f17) auipc   t5, 0x1
core   0: 3 0x8000b984 (0x00001f17) x30 0x8000c984
core   0: 0x8000b988 (0x663f2e23) sw      gp, 1660(t5)
core   0: 3 0x8000b988 (0x663f2e23) mem 0x8000d000 0x00000001
core   0: 0x8000b98c (0x0000bfe5) c.j     pc - 8
core   0: 3 0x8000b98c (0xbfe5)
core   0: 0x8000b984 (0x00001f17) auipc   t5, 0x1
core   0: 3 0x8000b984 (0x00001f17) x30 0x8000c984
core   0: 0x8000b988 (0x663f2e23) sw      gp, 1660(t5)
core   0: 3 0x8000b988 (0x663f2e23) mem 0x8000d000 0x00000001
core   0: 0x8000b98c (0x0000bfe5) c.j     pc - 8
core   0: 3 0x8000b98c (0xbfe5)
core   0: 0x8000b984 (0x00001f17) auipc   t5, 0x1
core   0: 3 0x8000b984 (0x00001f17) x30 0x8000c984
core   0: 0x8000b988 (0x663f2e23) sw      gp, 1660(t5)
core   0: 3 0x8000b988 (0x663f2e23) mem 0x8000d000 0x00000001
core   0: 0x8000b98c (0x0000bfe5) c.j     pc - 8
core   0: 3 0x8000b98c (0xbfe5)
core   0: 0x8000b984 (0x00001f17) auipc   t5, 0x1
core   0: 3 0x8000b984 (0x00001f17) x30 0x8000c984
core   0: 0x8000b988 (0x663f2e23) sw      gp, 1660(t5)
core   0: 3 0x8000b988 (0x663f2e23) mem 0x8000d000 0x00000001
core   0: 0x8000b98c (0x0000bfe5) c.j     pc - 8
core   0: 3 0x8000b98c (0xbfe5)
core   0: 0x8000b984 (0x00001f17) auipc   t5, 0x1
core   0: 3 0x8000b984 (0x00001f17) x30 0x8000c984
core   0: 0x8000b988 (0x663f2e23) sw      gp, 1660(t5)
core   0: 3 0x8000b988 (0x663f2e23) mem 0x8000d000 0x00000001
core   0: 0x8000b98c (0x0000bfe5) c.j     pc - 8
core   0: 3 0x8000b98c (0xbfe5)
core   0: 0x8000b984 (0x00001f17) auipc   t5, 0x1
core   0: 3 0x8000b984 (0x00001f17) x30 0x8000c984
core   0: 0x8000b988 (0x663f2e23) sw      gp, 1660(t5)
core   0: 3 0x8000b988 (0x663f2e23) mem 0x8000d000 0x00000001
core   0: 0x8000b98c (0x0000bfe5) c.j     pc - 8
core   0: 3 0x8000b98c (0xbfe5)
core   0: 0x8000b984 (0x00001f17) auipc   t5, 0x1
core   0: 3 0x8000b984 (0x00001f17) x30 0x8000c984
core   0: 0x8000b988 (0x663f2e23) sw      gp, 1660(t5)
core   0: 3 0x8000b988 (0x663f2e23) mem 0x8000d000 0x00000001
core   0: 0x8000b98c (0x0000bfe5) c.j     pc - 8
core   0: 3 0x8000b98c (0xbfe5)
core   0: 0x8000b984 (0x00001f17) auipc   t5, 0x1
core   0: 3 0x8000b984 (0x00001f17) x30 0x8000c984
core   0: 0x8000b988 (0x663f2e23) sw      gp, 1660(t5)
core   0: 3 0x8000b988 (0x663f2e23) mem 0x8000d000 0x00000001
core   0: 0x8000b98c (0x0000bfe5) c.j     pc - 8
core   0: 3 0x8000b98c (0xbfe5)
core   0: 0x8000b984 (0x00001f17) auipc   t5, 0x1
core   0: 3 0x8000b984 (0x00001f17) x30 0x8000c984
core   0: 0x8000b988 (0x663f2e23) sw      gp, 1660(t5)
core   0: 3 0x8000b988 (0x663f2e23) mem 0x8000d000 0x00000001
core   0: 0x8000b98c (0x0000bfe5) c.j     pc - 8
core   0: 3 0x8000b98c (0xbfe5)
core   0: 0x8000b984 (0x00001f17) auipc   t5, 0x1
core   0: 3 0x8000b984 (0x00001f17) x30 0x8000c984
core   0: 0x8000b988 (0x663f2e23) sw      gp, 1660(t5)
core   0: 3 0x8000b988 (0x663f2e23) mem 0x8000d000 0x00000001
core   0: 0x8000b98c (0x0000bfe5) c.j     pc - 8
core   0: 3 0x8000b98c (0xbfe5)
core   0: 0x8000b984 (0x00001f17) auipc   t5, 0x1
core   0: 3 0x8000b984 (0x00001f17) x30 0x8000c984
core   0: 0x8000b988 (0x663f2e23) sw      gp, 1660(t5)
core   0: 3 0x8000b988 (0x663f2e23) mem 0x8000d000 0x00000001
core   0: 0x8000b98c (0x0000bfe5) c.j     pc - 8
core   0: 3 0x8000b98c (0xbfe5)
core   0: 0x8000b984 (0x00001f17) auipc   t5, 0x1
core   0: 3 0x8000b984 (0x00001f17) x30 0x8000c984
core   0: 0x8000b988 (0x663f2e23) sw      gp, 1660(t5)
core   0: 3 0x8000b988 (0x663f2e23) mem 0x8000d000 0x00000001
core   0: 0x8000b98c (0x0000bfe5) c.j     pc - 8
core   0: 3 0x8000b98c (0xbfe5)
core   0: 0x8000b984 (0x00001f17) auipc   t5, 0x1
core   0: 3 0x8000b984 (0x00001f17) x30 0x8000c984
core   0: 0x8000b988 (0x663f2e23) sw      gp, 1660(t5)
core   0: 3 0x8000b988 (0x663f2e23) mem 0x8000d000 0x00000001
core   0: 0x8000b98c (0x0000bfe5) c.j     pc - 8
core   0: 3 0x8000b98c (0xbfe5)
core   0: 0x8000b984 (0x00001f17) auipc   t5, 0x1
core   0: 3 0x8000b984 (0x00001f17) x30 0x8000c984
core   0: 0x8000b988 (0x663f2e23) sw      gp, 1660(t5)
core   0: 3 0x8000b988 (0x663f2e23) mem 0x8000d000 0x00000001
core   0: 0x8000b98c (0x0000bfe5) c.j     pc - 8
core   0: 3 0x8000b98c (0xbfe5)
core   0: 0x8000b984 (0x00001f17) auipc   t5, 0x1
core   0: 3 0x8000b984 (0x00001f17) x30 0x8000c984
core   0: 0x8000b988 (0x663f2e23) sw      gp, 1660(t5)
core   0: 3 0x8000b988 (0x663f2e23) mem 0x8000d000 0x00000001
core   0: 0x8000b98c (0x0000bfe5) c.j     pc - 8
core   0: 3 0x8000b98c (0xbfe5)
core   0: 0x8000b984 (0x00001f17) auipc   t5, 0x1
core   0: 3 0x8000b984 (0x00001f17) x30 0x8000c984
core   0: 0x8000b988 (0x663f2e23) sw      gp, 1660(t5)
core   0: 3 0x8000b988 (0x663f2e23) mem 0x8000d000 0x00000001
core   0: 0x8000b98c (0x0000bfe5) c.j     pc - 8
core   0: 3 0x8000b98c (0xbfe5)
core   0: 0x8000b984 (0x00001f17) auipc   t5, 0x1
core   0: 3 0x8000b984 (0x00001f17) x30 0x8000c984
core   0: 0x8000b988 (0x663f2e23) sw      gp, 1660(t5)
core   0: 3 0x8000b988 (0x663f2e23) mem 0x8000d000 0x00000001
core   0: 0x8000b98c (0x0000bfe5) c.j     pc - 8
core   0: 3 0x8000b98c (0xbfe5)
core   0: 0x8000b984 (0x00001f17) auipc   t5, 0x1
core   0: 3 0x8000b984 (0x00001f17) x30 0x8000c984
core   0: 0x8000b988 (0x663f2e23) sw      gp, 1660(t5)
core   0: 3 0x8000b988 (0x663f2e23) mem 0x8000d000 0x00000001
core   0: 0x8000b98c (0x0000bfe5) c.j     pc - 8
core   0: 3 0x8000b98c (0xbfe5)
core   0: 0x8000b984 (0x00001f17) auipc   t5, 0x1
core   0: 3 0x8000b984 (0x00001f17) x30 0x8000c984
core   0: 0x8000b988 (0x663f2e23) sw      gp, 1660(t5)
core   0: 3 0x8000b988 (0x663f2e23) mem 0x8000d000 0x00000001
core   0: 0x8000b98c (0x0000bfe5) c.j     pc - 8
core   0: 3 0x8000b98c (0xbfe5)
core   0: 0x8000b984 (0x00001f17) auipc   t5, 0x1
core   0: 3 0x8000b984 (0x00001f17) x30 0x8000c984
core   0: 0x8000b988 (0x663f2e23) sw      gp, 1660(t5)
core   0: 3 0x8000b988 (0x663f2e23) mem 0x8000d000 0x00000001
core   0: 0x8000b98c (0x0000bfe5) c.j     pc - 8
core   0: 3 0x8000b98c (0xbfe5)
core   0: 0x8000b984 (0x00001f17) auipc   t5, 0x1
core   0: 3 0x8000b984 (0x00001f17) x30 0x8000c984
core   0: 0x8000b988 (0x663f2e23) sw      gp, 1660(t5)
core   0: 3 0x8000b988 (0x663f2e23) mem 0x8000d000 0x00000001
core   0: 0x8000b98c (0x0000bfe5) c.j     pc - 8
core   0: 3 0x8000b98c (0xbfe5)
core   0: 0x8000b984 (0x00001f17) auipc   t5, 0x1
core   0: 3 0x8000b984 (0x00001f17) x30 0x8000c984
core   0: 0x8000b988 (0x663f2e23) sw      gp, 1660(t5)
core   0: 3 0x8000b988 (0x663f2e23) mem 0x8000d000 0x00000001
core   0: 0x8000b98c (0x0000bfe5) c.j     pc - 8
core   0: 3 0x8000b98c (0xbfe5)
core   0: 0x8000b984 (0x00001f17) auipc   t5, 0x1
core   0: 3 0x8000b984 (0x00001f17) x30 0x8000c984
core   0: 0x8000b988 (0x663f2e23) sw      gp, 1660(t5)
core   0: 3 0x8000b988 (0x663f2e23) mem 0x8000d000 0x00000001
core   0: 0x8000b98c (0x0000bfe5) c.j     pc - 8
core   0: 3 0x8000b98c (0xbfe5)
core   0: 0x8000b984 (0x00001f17) auipc   t5, 0x1
core   0: 3 0x8000b984 (0x00001f17) x30 0x8000c984
core   0: 0x8000b988 (0x663f2e23) sw      gp, 1660(t5)
core   0: 3 0x8000b988 (0x663f2e23) mem 0x8000d000 0x00000001
core   0: 0x8000b98c (0x0000bfe5) c.j     pc - 8
core   0: 3 0x8000b98c (0xbfe5)
core   0: 0x8000b984 (0x00001f17) auipc   t5, 0x1
core   0: 3 0x8000b984 (0x00001f17) x30 0x8000c984
core   0: 0x8000b988 (0x663f2e23) sw      gp, 1660(t5)
core   0: 3 0x8000b988 (0x663f2e23) mem 0x8000d000 0x00000001
core   0: 0x8000b98c (0x0000bfe5) c.j     pc - 8
core   0: 3 0x8000b98c (0xbfe5)
core   0: 0x8000b984 (0x00001f17) auipc   t5, 0x1
core   0: 3 0x8000b984 (0x00001f17) x30 0x8000c984
core   0: 0x8000b988 (0x663f2e23) sw      gp, 1660(t5)
core   0: 3 0x8000b988 (0x663f2e23) mem 0x8000d000 0x00000001
core   0: 0x8000b98c (0x0000bfe5) c.j     pc - 8
core   0: 3 0x8000b98c (0xbfe5)
core   0: 0x8000b984 (0x00001f17) auipc   t5, 0x1
core   0: 3 0x8000b984 (0x00001f17) x30 0x8000c984
core   0: 0x8000b988 (0x663f2e23) sw      gp, 1660(t5)
core   0: 3 0x8000b988 (0x663f2e23) mem 0x8000d000 0x00000001
core   0: 0x8000b98c (0x0000bfe5) c.j     pc - 8
core   0: 3 0x8000b98c (0xbfe5)
core   0: 0x8000b984 (0x00001f17) auipc   t5, 0x1
core   0: 3 0x8000b984 (0x00001f17) x30 0x8000c984
core   0: 0x8000b988 (0x663f2e23) sw      gp, 1660(t5)
core   0: 3 0x8000b988 (0x663f2e23) mem 0x8000d000 0x00000001
core   0: 0x8000b98c (0x0000bfe5) c.j     pc - 8
core   0: 3 0x8000b98c (0xbfe5)
core   0: 0x8000b984 (0x00001f17) auipc   t5, 0x1
core   0: 3 0x8000b984 (0x00001f17) x30 0x8000c984
core   0: 0x8000b988 (0x663f2e23) sw      gp, 1660(t5)
core   0: 3 0x8000b988 (0x663f2e23) mem 0x8000d000 0x00000001
core   0: 0x8000b98c (0x0000bfe5) c.j     pc - 8
core   0: 3 0x8000b98c (0xbfe5)
core   0: 0x8000b984 (0x00001f17) auipc   t5, 0x1
core   0: 3 0x8000b984 (0x00001f17) x30 0x8000c984
core   0: 0x8000b988 (0x663f2e23) sw      gp, 1660(t5)
core   0: 3 0x8000b988 (0x663f2e23) mem 0x8000d000 0x00000001
core   0: 0x8000b98c (0x0000bfe5) c.j     pc - 8
core   0: 3 0x8000b98c (0xbfe5)
core   0: 0x8000b984 (0x00001f17) auipc   t5, 0x1
core   0: 3 0x8000b984 (0x00001f17) x30 0x8000c984
core   0: 0x8000b988 (0x663f2e23) sw      gp, 1660(t5)
core   0: 3 0x8000b988 (0x663f2e23) mem 0x8000d000 0x00000001
core   0: 0x8000b98c (0x0000bfe5) c.j     pc - 8
core   0: 3 0x8000b98c (0xbfe5)
core   0: 0x8000b984 (0x00001f17) auipc   t5, 0x1
core   0: 3 0x8000b984 (0x00001f17) x30 0x8000c984
core   0: 0x8000b988 (0x663f2e23) sw      gp, 1660(t5)
core   0: 3 0x8000b988 (0x663f2e23) mem 0x8000d000 0x00000001
core   0: 0x8000b98c (0x0000bfe5) c.j     pc - 8
core   0: 3 0x8000b98c (0xbfe5)
core   0: 0x8000b984 (0x00001f17) auipc   t5, 0x1
core   0: 3 0x8000b984 (0x00001f17) x30 0x8000c984
core   0: 0x8000b988 (0x663f2e23) sw      gp, 1660(t5)
core   0: 3 0x8000b988 (0x663f2e23) mem 0x8000d000 0x00000001
core   0: 0x8000b98c (0x0000bfe5) c.j     pc - 8
core   0: 3 0x8000b98c (0xbfe5)
core   0: 0x8000b984 (0x00001f17) auipc   t5, 0x1
core   0: 3 0x8000b984 (0x00001f17) x30 0x8000c984
core   0: 0x8000b988 (0x663f2e23) sw      gp, 1660(t5)
core   0: 3 0x8000b988 (0x663f2e23) mem 0x8000d000 0x00000001
core   0: 0x8000b98c (0x0000bfe5) c.j     pc - 8
core   0: 3 0x8000b98c (0xbfe5)
core   0: 0x8000b984 (0x00001f17) auipc   t5, 0x1
core   0: 3 0x8000b984 (0x00001f17) x30 0x8000c984
core   0: 0x8000b988 (0x663f2e23) sw      gp, 1660(t5)
core   0: 3 0x8000b988 (0x663f2e23) mem 0x8000d000 0x00000001
core   0: 0x8000b98c (0x0000bfe5) c.j     pc - 8
core   0: 3 0x8000b98c (0xbfe5)
core   0: 0x8000b984 (0x00001f17) auipc   t5, 0x1
core   0: 3 0x8000b984 (0x00001f17) x30 0x8000c984
core   0: 0x8000b988 (0x663f2e23) sw      gp, 1660(t5)
core   0: 3 0x8000b988 (0x663f2e23) mem 0x8000d000 0x00000001
core   0: 0x8000b98c (0x0000bfe5) c.j     pc - 8
core   0: 3 0x8000b98c (0xbfe5)
core   0: 0x8000b984 (0x00001f17) auipc   t5, 0x1
core   0: 3 0x8000b984 (0x00001f17) x30 0x8000c984
core   0: 0x8000b988 (0x663f2e23) sw      gp, 1660(t5)
core   0: 3 0x8000b988 (0x663f2e23) mem 0x8000d000 0x00000001
core   0: 0x8000b98c (0x0000bfe5) c.j     pc - 8
core   0: 3 0x8000b98c (0xbfe5)
core   0: 0x8000b984 (0x00001f17) auipc   t5, 0x1
core   0: 3 0x8000b984 (0x00001f17) x30 0x8000c984
core   0: 0x8000b988 (0x663f2e23) sw      gp, 1660(t5)
core   0: 3 0x8000b988 (0x663f2e23) mem 0x8000d000 0x00000001
core   0: 0x8000b98c (0x0000bfe5) c.j     pc - 8
core   0: 3 0x8000b98c (0xbfe5)
core   0: 0x8000b984 (0x00001f17) auipc   t5, 0x1
core   0: 3 0x8000b984 (0x00001f17) x30 0x8000c984
core   0: 0x8000b988 (0x663f2e23) sw      gp, 1660(t5)
core   0: 3 0x8000b988 (0x663f2e23) mem 0x8000d000 0x00000001
core   0: 0x8000b98c (0x0000bfe5) c.j     pc - 8
core   0: 3 0x8000b98c (0xbfe5)
core   0: 0x8000b984 (0x00001f17) auipc   t5, 0x1
core   0: 3 0x8000b984 (0x00001f17) x30 0x8000c984
core   0: 0x8000b988 (0x663f2e23) sw      gp, 1660(t5)
core   0: 3 0x8000b988 (0x663f2e23) mem 0x8000d000 0x00000001
core   0: 0x8000b98c (0x0000bfe5) c.j     pc - 8
core   0: 3 0x8000b98c (0xbfe5)
core   0: 0x8000b984 (0x00001f17) auipc   t5, 0x1
core   0: 3 0x8000b984 (0x00001f17) x30 0x8000c984
core   0: 0x8000b988 (0x663f2e23) sw      gp, 1660(t5)
core   0: 3 0x8000b988 (0x663f2e23) mem 0x8000d000 0x00000001
core   0: 0x8000b98c (0x0000bfe5) c.j     pc - 8
core   0: 3 0x8000b98c (0xbfe5)
core   0: 0x8000b984 (0x00001f17) auipc   t5, 0x1
core   0: 3 0x8000b984 (0x00001f17) x30 0x8000c984
core   0: 0x8000b988 (0x663f2e23) sw      gp, 1660(t5)
core   0: 3 0x8000b988 (0x663f2e23) mem 0x8000d000 0x00000001
core   0: 0x8000b98c (0x0000bfe5) c.j     pc - 8
core   0: 3 0x8000b98c (0xbfe5)
core   0: 0x8000b984 (0x00001f17) auipc   t5, 0x1
core   0: 3 0x8000b984 (0x00001f17) x30 0x8000c984
core   0: 0x8000b988 (0x663f2e23) sw      gp, 1660(t5)
core   0: 3 0x8000b988 (0x663f2e23) mem 0x8000d000 0x00000001
core   0: 0x8000b98c (0x0000bfe5) c.j     pc - 8
core   0: 3 0x8000b98c (0xbfe5)
core   0: 0x8000b984 (0x00001f17) auipc   t5, 0x1
core   0: 3 0x8000b984 (0x00001f17) x30 0x8000c984
core   0: 0x8000b988 (0x663f2e23) sw      gp, 1660(t5)
core   0: 3 0x8000b988 (0x663f2e23) mem 0x8000d000 0x00000001
core   0: 0x8000b98c (0x0000bfe5) c.j     pc - 8
core   0: 3 0x8000b98c (0xbfe5)
core   0: 0x8000b984 (0x00001f17) auipc   t5, 0x1
core   0: 3 0x8000b984 (0x00001f17) x30 0x8000c984
core   0: 0x8000b988 (0x663f2e23) sw      gp, 1660(t5)
core   0: 3 0x8000b988 (0x663f2e23) mem 0x8000d000 0x00000001
core   0: 0x8000b98c (0x0000bfe5) c.j     pc - 8
core   0: 3 0x8000b98c (0xbfe5)
core   0: 0x8000b984 (0x00001f17) auipc   t5, 0x1
core   0: 3 0x8000b984 (0x00001f17) x30 0x8000c984
core   0: 0x8000b988 (0x663f2e23) sw      gp, 1660(t5)
core   0: 3 0x8000b988 (0x663f2e23) mem 0x8000d000 0x00000001
core   0: 0x8000b98c (0x0000bfe5) c.j     pc - 8
core   0: 3 0x8000b98c (0xbfe5)
core   0: 0x8000b984 (0x00001f17) auipc   t5, 0x1
core   0: 3 0x8000b984 (0x00001f17) x30 0x8000c984
core   0: 0x8000b988 (0x663f2e23) sw      gp, 1660(t5)
core   0: 3 0x8000b988 (0x663f2e23) mem 0x8000d000 0x00000001
core   0: 0x8000b98c (0x0000bfe5) c.j     pc - 8
core   0: 3 0x8000b98c (0xbfe5)
core   0: 0x8000b984 (0x00001f17) auipc   t5, 0x1
core   0: 3 0x8000b984 (0x00001f17) x30 0x8000c984
core   0: 0x8000b988 (0x663f2e23) sw      gp, 1660(t5)
core   0: 3 0x8000b988 (0x663f2e23) mem 0x8000d000 0x00000001
core   0: 0x8000b98c (0x0000bfe5) c.j     pc - 8
core   0: 3 0x8000b98c (0xbfe5)
core   0: 0x8000b984 (0x00001f17) auipc   t5, 0x1
core   0: 3 0x8000b984 (0x00001f17) x30 0x8000c984
core   0: 0x8000b988 (0x663f2e23) sw      gp, 1660(t5)
core   0: 3 0x8000b988 (0x663f2e23) mem 0x8000d000 0x00000001
core   0: 0x8000b98c (0x0000bfe5) c.j     pc - 8
core   0: 3 0x8000b98c (0xbfe5)
core   0: 0x8000b984 (0x00001f17) auipc   t5, 0x1
core   0: 3 0x8000b984 (0x00001f17) x30 0x8000c984
core   0: 0x8000b988 (0x663f2e23) sw      gp, 1660(t5)
core   0: 3 0x8000b988 (0x663f2e23) mem 0x8000d000 0x00000001
core   0: 0x8000b98c (0x0000bfe5) c.j     pc - 8
core   0: 3 0x8000b98c (0xbfe5)
core   0: 0x8000b984 (0x00001f17) auipc   t5, 0x1
core   0: 3 0x8000b984 (0x00001f17) x30 0x8000c984
core   0: 0x8000b988 (0x663f2e23) sw      gp, 1660(t5)
core   0: 3 0x8000b988 (0x663f2e23) mem 0x8000d000 0x00000001
core   0: 0x8000b98c (0x0000bfe5) c.j     pc - 8
core   0: 3 0x8000b98c (0xbfe5)
core   0: 0x8000b984 (0x00001f17) auipc   t5, 0x1
core   0: 3 0x8000b984 (0x00001f17) x30 0x8000c984
core   0: 0x8000b988 (0x663f2e23) sw      gp, 1660(t5)
core   0: 3 0x8000b988 (0x663f2e23) mem 0x8000d000 0x00000001
core   0: 0x8000b98c (0x0000bfe5) c.j     pc - 8
core   0: 3 0x8000b98c (0xbfe5)
core   0: 0x8000b984 (0x00001f17) auipc   t5, 0x1
core   0: 3 0x8000b984 (0x00001f17) x30 0x8000c984
core   0: 0x8000b988 (0x663f2e23) sw      gp, 1660(t5)
core   0: 3 0x8000b988 (0x663f2e23) mem 0x8000d000 0x00000001
core   0: 0x8000b98c (0x0000bfe5) c.j     pc - 8
core   0: 3 0x8000b98c (0xbfe5)
core   0: 0x8000b984 (0x00001f17) auipc   t5, 0x1
core   0: 3 0x8000b984 (0x00001f17) x30 0x8000c984
core   0: 0x8000b988 (0x663f2e23) sw      gp, 1660(t5)
core   0: 3 0x8000b988 (0x663f2e23) mem 0x8000d000 0x00000001
core   0: 0x8000b98c (0x0000bfe5) c.j     pc - 8
core   0: 3 0x8000b98c (0xbfe5)
core   0: 0x8000b984 (0x00001f17) auipc   t5, 0x1
core   0: 3 0x8000b984 (0x00001f17) x30 0x8000c984
core   0: 0x8000b988 (0x663f2e23) sw      gp, 1660(t5)
core   0: 3 0x8000b988 (0x663f2e23) mem 0x8000d000 0x00000001
core   0: 0x8000b98c (0x0000bfe5) c.j     pc - 8
core   0: 3 0x8000b98c (0xbfe5)
core   0: 0x8000b984 (0x00001f17) auipc   t5, 0x1
core   0: 3 0x8000b984 (0x00001f17) x30 0x8000c984
core   0: 0x8000b988 (0x663f2e23) sw      gp, 1660(t5)
core   0: 3 0x8000b988 (0x663f2e23) mem 0x8000d000 0x00000001
core   0: 0x8000b98c (0x0000bfe5) c.j     pc - 8
core   0: 3 0x8000b98c (0xbfe5)
core   0: 0x8000b984 (0x00001f17) auipc   t5, 0x1
core   0: 3 0x8000b984 (0x00001f17) x30 0x8000c984
core   0: 0x8000b988 (0x663f2e23) sw      gp, 1660(t5)
core   0: 3 0x8000b988 (0x663f2e23) mem 0x8000d000 0x00000001
core   0: 0x8000b98c (0x0000bfe5) c.j     pc - 8
core   0: 3 0x8000b98c (0xbfe5)
core   0: 0x8000b984 (0x00001f17) auipc   t5, 0x1
core   0: 3 0x8000b984 (0x00001f17) x30 0x8000c984
core   0: 0x8000b988 (0x663f2e23) sw      gp, 1660(t5)
core   0: 3 0x8000b988 (0x663f2e23) mem 0x8000d000 0x00000001
core   0: 0x8000b98c (0x0000bfe5) c.j     pc - 8
core   0: 3 0x8000b98c (0xbfe5)
core   0: 0x8000b984 (0x00001f17) auipc   t5, 0x1
core   0: 3 0x8000b984 (0x00001f17) x30 0x8000c984
core   0: 0x8000b988 (0x663f2e23) sw      gp, 1660(t5)
core   0: 3 0x8000b988 (0x663f2e23) mem 0x8000d000 0x00000001
core   0: 0x8000b98c (0x0000bfe5) c.j     pc - 8
core   0: 3 0x8000b98c (0xbfe5)
core   0: 0x8000b984 (0x00001f17) auipc   t5, 0x1
core   0: 3 0x8000b984 (0x00001f17) x30 0x8000c984
core   0: 0x8000b988 (0x663f2e23) sw      gp, 1660(t5)
core   0: 3 0x8000b988 (0x663f2e23) mem 0x8000d000 0x00000001
core   0: 0x8000b98c (0x0000bfe5) c.j     pc - 8
core   0: 3 0x8000b98c (0xbfe5)
core   0: 0x8000b984 (0x00001f17) auipc   t5, 0x1
core   0: 3 0x8000b984 (0x00001f17) x30 0x8000c984
core   0: 0x8000b988 (0x663f2e23) sw      gp, 1660(t5)
core   0: 3 0x8000b988 (0x663f2e23) mem 0x8000d000 0x00000001
core   0: 0x8000b98c (0x0000bfe5) c.j     pc - 8
core   0: 3 0x8000b98c (0xbfe5)
core   0: 0x8000b984 (0x00001f17) auipc   t5, 0x1
core   0: 3 0x8000b984 (0x00001f17) x30 0x8000c984
core   0: 0x8000b988 (0x663f2e23) sw      gp, 1660(t5)
core   0: 3 0x8000b988 (0x663f2e23) mem 0x8000d000 0x00000001
core   0: 0x8000b98c (0x0000bfe5) c.j     pc - 8
core   0: 3 0x8000b98c (0xbfe5)
core   0: 0x8000b984 (0x00001f17) auipc   t5, 0x1
core   0: 3 0x8000b984 (0x00001f17) x30 0x8000c984
core   0: 0x8000b988 (0x663f2e23) sw      gp, 1660(t5)
core   0: 3 0x8000b988 (0x663f2e23) mem 0x8000d000 0x00000001
core   0: 0x8000b98c (0x0000bfe5) c.j     pc - 8
core   0: 3 0x8000b98c (0xbfe5)
core   0: 0x8000b984 (0x00001f17) auipc   t5, 0x1
core   0: 3 0x8000b984 (0x00001f17) x30 0x8000c984
core   0: 0x8000b988 (0x663f2e23) sw      gp, 1660(t5)
core   0: 3 0x8000b988 (0x663f2e23) mem 0x8000d000 0x00000001
core   0: 0x8000b98c (0x0000bfe5) c.j     pc - 8
core   0: 3 0x8000b98c (0xbfe5)
core   0: 0x8000b984 (0x00001f17) auipc   t5, 0x1
core   0: 3 0x8000b984 (0x00001f17) x30 0x8000c984
core   0: 0x8000b988 (0x663f2e23) sw      gp, 1660(t5)
core   0: 3 0x8000b988 (0x663f2e23) mem 0x8000d000 0x00000001
core   0: 0x8000b98c (0x0000bfe5) c.j     pc - 8
core   0: 3 0x8000b98c (0xbfe5)
core   0: 0x8000b984 (0x00001f17) auipc   t5, 0x1
core   0: 3 0x8000b984 (0x00001f17) x30 0x8000c984
core   0: 0x8000b988 (0x663f2e23) sw      gp, 1660(t5)
core   0: 3 0x8000b988 (0x663f2e23) mem 0x8000d000 0x00000001
core   0: 0x8000b98c (0x0000bfe5) c.j     pc - 8
core   0: 3 0x8000b98c (0xbfe5)
core   0: 0x8000b984 (0x00001f17) auipc   t5, 0x1
core   0: 3 0x8000b984 (0x00001f17) x30 0x8000c984
core   0: 0x8000b988 (0x663f2e23) sw      gp, 1660(t5)
core   0: 3 0x8000b988 (0x663f2e23) mem 0x8000d000 0x00000001
core   0: 0x8000b98c (0x0000bfe5) c.j     pc - 8
core   0: 3 0x8000b98c (0xbfe5)
core   0: 0x8000b984 (0x00001f17) auipc   t5, 0x1
core   0: 3 0x8000b984 (0x00001f17) x30 0x8000c984
core   0: 0x8000b988 (0x663f2e23) sw      gp, 1660(t5)
core   0: 3 0x8000b988 (0x663f2e23) mem 0x8000d000 0x00000001
core   0: 0x8000b98c (0x0000bfe5) c.j     pc - 8
core   0: 3 0x8000b98c (0xbfe5)
core   0: 0x8000b984 (0x00001f17) auipc   t5, 0x1
core   0: 3 0x8000b984 (0x00001f17) x30 0x8000c984
core   0: 0x8000b988 (0x663f2e23) sw      gp, 1660(t5)
core   0: 3 0x8000b988 (0x663f2e23) mem 0x8000d000 0x00000001
core   0: 0x8000b98c (0x0000bfe5) c.j     pc - 8
core   0: 3 0x8000b98c (0xbfe5)
core   0: 0x8000b984 (0x00001f17) auipc   t5, 0x1
core   0: 3 0x8000b984 (0x00001f17) x30 0x8000c984
core   0: 0x8000b988 (0x663f2e23) sw      gp, 1660(t5)
core   0: 3 0x8000b988 (0x663f2e23) mem 0x8000d000 0x00000001
core   0: 0x8000b98c (0x0000bfe5) c.j     pc - 8
core   0: 3 0x8000b98c (0xbfe5)
core   0: 0x8000b984 (0x00001f17) auipc   t5, 0x1
core   0: 3 0x8000b984 (0x00001f17) x30 0x8000c984
core   0: 0x8000b988 (0x663f2e23) sw      gp, 1660(t5)
core   0: 3 0x8000b988 (0x663f2e23) mem 0x8000d000 0x00000001
core   0: 0x8000b98c (0x0000bfe5) c.j     pc - 8
core   0: 3 0x8000b98c (0xbfe5)
core   0: 0x8000b984 (0x00001f17) auipc   t5, 0x1
core   0: 3 0x8000b984 (0x00001f17) x30 0x8000c984
core   0: 0x8000b988 (0x663f2e23) sw      gp, 1660(t5)
core   0: 3 0x8000b988 (0x663f2e23) mem 0x8000d000 0x00000001
core   0: 0x8000b98c (0x0000bfe5) c.j     pc - 8
core   0: 3 0x8000b98c (0xbfe5)
core   0: 0x8000b984 (0x00001f17) auipc   t5, 0x1
core   0: 3 0x8000b984 (0x00001f17) x30 0x8000c984
core   0: 0x8000b988 (0x663f2e23) sw      gp, 1660(t5)
core   0: 3 0x8000b988 (0x663f2e23) mem 0x8000d000 0x00000001
core   0: 0x8000b98c (0x0000bfe5) c.j     pc - 8
core   0: 3 0x8000b98c (0xbfe5)
core   0: 0x8000b984 (0x00001f17) auipc   t5, 0x1
core   0: 3 0x8000b984 (0x00001f17) x30 0x8000c984
core   0: 0x8000b988 (0x663f2e23) sw      gp, 1660(t5)
core   0: 3 0x8000b988 (0x663f2e23) mem 0x8000d000 0x00000001
core   0: 0x8000b98c (0x0000bfe5) c.j     pc - 8
core   0: 3 0x8000b98c (0xbfe5)
core   0: 0x8000b984 (0x00001f17) auipc   t5, 0x1
core   0: 3 0x8000b984 (0x00001f17) x30 0x8000c984
core   0: 0x8000b988 (0x663f2e23) sw      gp, 1660(t5)
core   0: 3 0x8000b988 (0x663f2e23) mem 0x8000d000 0x00000001
core   0: 0x8000b98c (0x0000bfe5) c.j     pc - 8
core   0: 3 0x8000b98c (0xbfe5)
core   0: 0x8000b984 (0x00001f17) auipc   t5, 0x1
core   0: 3 0x8000b984 (0x00001f17) x30 0x8000c984
core   0: 0x8000b988 (0x663f2e23) sw      gp, 1660(t5)
core   0: 3 0x8000b988 (0x663f2e23) mem 0x8000d000 0x00000001
core   0: 0x8000b98c (0x0000bfe5) c.j     pc - 8
core   0: 3 0x8000b98c (0xbfe5)
core   0: 0x8000b984 (0x00001f17) auipc   t5, 0x1
core   0: 3 0x8000b984 (0x00001f17) x30 0x8000c984
core   0: 0x8000b988 (0x663f2e23) sw      gp, 1660(t5)
core   0: 3 0x8000b988 (0x663f2e23) mem 0x8000d000 0x00000001
core   0: 0x8000b98c (0x0000bfe5) c.j     pc - 8
core   0: 3 0x8000b98c (0xbfe5)
core   0: 0x8000b984 (0x00001f17) auipc   t5, 0x1
core   0: 3 0x8000b984 (0x00001f17) x30 0x8000c984
core   0: 0x8000b988 (0x663f2e23) sw      gp, 1660(t5)
core   0: 3 0x8000b988 (0x663f2e23) mem 0x8000d000 0x00000001
core   0: 0x8000b98c (0x0000bfe5) c.j     pc - 8
core   0: 3 0x8000b98c (0xbfe5)
core   0: 0x8000b984 (0x00001f17) auipc   t5, 0x1
core   0: 3 0x8000b984 (0x00001f17) x30 0x8000c984
core   0: 0x8000b988 (0x663f2e23) sw      gp, 1660(t5)
core   0: 3 0x8000b988 (0x663f2e23) mem 0x8000d000 0x00000001
core   0: 0x8000b98c (0x0000bfe5) c.j     pc - 8
core   0: 3 0x8000b98c (0xbfe5)
core   0: 0x8000b984 (0x00001f17) auipc   t5, 0x1
core   0: 3 0x8000b984 (0x00001f17) x30 0x8000c984
core   0: 0x8000b988 (0x663f2e23) sw      gp, 1660(t5)
core   0: 3 0x8000b988 (0x663f2e23) mem 0x8000d000 0x00000001
core   0: 0x8000b98c (0x0000bfe5) c.j     pc - 8
core   0: 3 0x8000b98c (0xbfe5)
core   0: 0x8000b984 (0x00001f17) auipc   t5, 0x1
core   0: 3 0x8000b984 (0x00001f17) x30 0x8000c984
core   0: 0x8000b988 (0x663f2e23) sw      gp, 1660(t5)
core   0: 3 0x8000b988 (0x663f2e23) mem 0x8000d000 0x00000001
core   0: 0x8000b98c (0x0000bfe5) c.j     pc - 8
core   0: 3 0x8000b98c (0xbfe5)
core   0: 0x8000b984 (0x00001f17) auipc   t5, 0x1
core   0: 3 0x8000b984 (0x00001f17) x30 0x8000c984
core   0: 0x8000b988 (0x663f2e23) sw      gp, 1660(t5)
core   0: 3 0x8000b988 (0x663f2e23) mem 0x8000d000 0x00000001
core   0: 0x8000b98c (0x0000bfe5) c.j     pc - 8
core   0: 3 0x8000b98c (0xbfe5)
core   0: 0x8000b984 (0x00001f17) auipc   t5, 0x1
core   0: 3 0x8000b984 (0x00001f17) x30 0x8000c984
core   0: 0x8000b988 (0x663f2e23) sw      gp, 1660(t5)
core   0: 3 0x8000b988 (0x663f2e23) mem 0x8000d000 0x00000001
core   0: 0x8000b98c (0x0000bfe5) c.j     pc - 8
core   0: 3 0x8000b98c (0xbfe5)
core   0: 0x8000b984 (0x00001f17) auipc   t5, 0x1
core   0: 3 0x8000b984 (0x00001f17) x30 0x8000c984
core   0: 0x8000b988 (0x663f2e23) sw      gp, 1660(t5)
core   0: 3 0x8000b988 (0x663f2e23) mem 0x8000d000 0x00000001
core   0: 0x8000b98c (0x0000bfe5) c.j     pc - 8
core   0: 3 0x8000b98c (0xbfe5)
core   0: 0x8000b984 (0x00001f17) auipc   t5, 0x1
core   0: 3 0x8000b984 (0x00001f17) x30 0x8000c984
core   0: 0x8000b988 (0x663f2e23) sw      gp, 1660(t5)
core   0: 3 0x8000b988 (0x663f2e23) mem 0x8000d000 0x00000001
core   0: 0x8000b98c (0x0000bfe5) c.j     pc - 8
core   0: 3 0x8000b98c (0xbfe5)
core   0: 0x8000b984 (0x00001f17) auipc   t5, 0x1
core   0: 3 0x8000b984 (0x00001f17) x30 0x8000c984
core   0: 0x8000b988 (0x663f2e23) sw      gp, 1660(t5)
core   0: 3 0x8000b988 (0x663f2e23) mem 0x8000d000 0x00000001
core   0: 0x8000b98c (0x0000bfe5) c.j     pc - 8
core   0: 3 0x8000b98c (0xbfe5)
core   0: 0x8000b984 (0x00001f17) auipc   t5, 0x1
core   0: 3 0x8000b984 (0x00001f17) x30 0x8000c984
core   0: 0x8000b988 (0x663f2e23) sw      gp, 1660(t5)
core   0: 3 0x8000b988 (0x663f2e23) mem 0x8000d000 0x00000001
core   0: 0x8000b98c (0x0000bfe5) c.j     pc - 8
core   0: 3 0x8000b98c (0xbfe5)
core   0: 0x8000b984 (0x00001f17) auipc   t5, 0x1
core   0: 3 0x8000b984 (0x00001f17) x30 0x8000c984
core   0: 0x8000b988 (0x663f2e23) sw      gp, 1660(t5)
core   0: 3 0x8000b988 (0x663f2e23) mem 0x8000d000 0x00000001
core   0: 0x8000b98c (0x0000bfe5) c.j     pc - 8
core   0: 3 0x8000b98c (0xbfe5)
core   0: 0x8000b984 (0x00001f17) auipc   t5, 0x1
core   0: 3 0x8000b984 (0x00001f17) x30 0x8000c984
core   0: 0x8000b988 (0x663f2e23) sw      gp, 1660(t5)
core   0: 3 0x8000b988 (0x663f2e23) mem 0x8000d000 0x00000001
core   0: 0x8000b98c (0x0000bfe5) c.j     pc - 8
core   0: 3 0x8000b98c (0xbfe5)
core   0: 0x8000b984 (0x00001f17) auipc   t5, 0x1
core   0: 3 0x8000b984 (0x00001f17) x30 0x8000c984
core   0: 0x8000b988 (0x663f2e23) sw      gp, 1660(t5)
core   0: 3 0x8000b988 (0x663f2e23) mem 0x8000d000 0x00000001
core   0: 0x8000b98c (0x0000bfe5) c.j     pc - 8
core   0: 3 0x8000b98c (0xbfe5)
core   0: 0x8000b984 (0x00001f17) auipc   t5, 0x1
core   0: 3 0x8000b984 (0x00001f17) x30 0x8000c984
core   0: 0x8000b988 (0x663f2e23) sw      gp, 1660(t5)
core   0: 3 0x8000b988 (0x663f2e23) mem 0x8000d000 0x00000001
core   0: 0x8000b98c (0x0000bfe5) c.j     pc - 8
core   0: 3 0x8000b98c (0xbfe5)
core   0: 0x8000b984 (0x00001f17) auipc   t5, 0x1
core   0: 3 0x8000b984 (0x00001f17) x30 0x8000c984
core   0: 0x8000b988 (0x663f2e23) sw      gp, 1660(t5)
core   0: 3 0x8000b988 (0x663f2e23) mem 0x8000d000 0x00000001
core   0: 0x8000b98c (0x0000bfe5) c.j     pc - 8
core   0: 3 0x8000b98c (0xbfe5)
core   0: 0x8000b984 (0x00001f17) auipc   t5, 0x1
core   0: 3 0x8000b984 (0x00001f17) x30 0x8000c984
core   0: 0x8000b988 (0x663f2e23) sw      gp, 1660(t5)
core   0: 3 0x8000b988 (0x663f2e23) mem 0x8000d000 0x00000001
core   0: 0x8000b98c (0x0000bfe5) c.j     pc - 8
core   0: 3 0x8000b98c (0xbfe5)
core   0: 0x8000b984 (0x00001f17) auipc   t5, 0x1
core   0: 3 0x8000b984 (0x00001f17) x30 0x8000c984
core   0: 0x8000b988 (0x663f2e23) sw      gp, 1660(t5)
core   0: 3 0x8000b988 (0x663f2e23) mem 0x8000d000 0x00000001
core   0: 0x8000b98c (0x0000bfe5) c.j     pc - 8
core   0: 3 0x8000b98c (0xbfe5)
core   0: 0x8000b984 (0x00001f17) auipc   t5, 0x1
core   0: 3 0x8000b984 (0x00001f17) x30 0x8000c984
core   0: 0x8000b988 (0x663f2e23) sw      gp, 1660(t5)
core   0: 3 0x8000b988 (0x663f2e23) mem 0x8000d000 0x00000001
core   0: 0x8000b98c (0x0000bfe5) c.j     pc - 8
core   0: 3 0x8000b98c (0xbfe5)
core   0: 0x8000b984 (0x00001f17) auipc   t5, 0x1
core   0: 3 0x8000b984 (0x00001f17) x30 0x8000c984
core   0: 0x8000b988 (0x663f2e23) sw      gp, 1660(t5)
core   0: 3 0x8000b988 (0x663f2e23) mem 0x8000d000 0x00000001
core   0: 0x8000b98c (0x0000bfe5) c.j     pc - 8
core   0: 3 0x8000b98c (0xbfe5)
core   0: 0x8000b984 (0x00001f17) auipc   t5, 0x1
core   0: 3 0x8000b984 (0x00001f17) x30 0x8000c984
core   0: 0x8000b988 (0x663f2e23) sw      gp, 1660(t5)
core   0: 3 0x8000b988 (0x663f2e23) mem 0x8000d000 0x00000001
core   0: 0x8000b98c (0x0000bfe5) c.j     pc - 8
core   0: 3 0x8000b98c (0xbfe5)
core   0: 0x8000b984 (0x00001f17) auipc   t5, 0x1
core   0: 3 0x8000b984 (0x00001f17) x30 0x8000c984
core   0: 0x8000b988 (0x663f2e23) sw      gp, 1660(t5)
core   0: 3 0x8000b988 (0x663f2e23) mem 0x8000d000 0x00000001
core   0: 0x8000b98c (0x0000bfe5) c.j     pc - 8
core   0: 3 0x8000b98c (0xbfe5)
core   0: 0x8000b984 (0x00001f17) auipc   t5, 0x1
core   0: 3 0x8000b984 (0x00001f17) x30 0x8000c984
core   0: 0x8000b988 (0x663f2e23) sw      gp, 1660(t5)
core   0: 3 0x8000b988 (0x663f2e23) mem 0x8000d000 0x00000001
core   0: 0x8000b98c (0x0000bfe5) c.j     pc - 8
core   0: 3 0x8000b98c (0xbfe5)
core   0: 0x8000b984 (0x00001f17) auipc   t5, 0x1
core   0: 3 0x8000b984 (0x00001f17) x30 0x8000c984
core   0: 0x8000b988 (0x663f2e23) sw      gp, 1660(t5)
core   0: 3 0x8000b988 (0x663f2e23) mem 0x8000d000 0x00000001
core   0: 0x8000b98c (0x0000bfe5) c.j     pc - 8
core   0: 3 0x8000b98c (0xbfe5)
core   0: 0x8000b984 (0x00001f17) auipc   t5, 0x1
core   0: 3 0x8000b984 (0x00001f17) x30 0x8000c984
core   0: 0x8000b988 (0x663f2e23) sw      gp, 1660(t5)
core   0: 3 0x8000b988 (0x663f2e23) mem 0x8000d000 0x00000001
core   0: 0x8000b98c (0x0000bfe5) c.j     pc - 8
core   0: 3 0x8000b98c (0xbfe5)
core   0: 0x8000b984 (0x00001f17) auipc   t5, 0x1
core   0: 3 0x8000b984 (0x00001f17) x30 0x8000c984
core   0: 0x8000b988 (0x663f2e23) sw      gp, 1660(t5)
core   0: 3 0x8000b988 (0x663f2e23) mem 0x8000d000 0x00000001
core   0: 0x8000b98c (0x0000bfe5) c.j     pc - 8
core   0: 3 0x8000b98c (0xbfe5)
core   0: 0x8000b984 (0x00001f17) auipc   t5, 0x1
core   0: 3 0x8000b984 (0x00001f17) x30 0x8000c984
core   0: 0x8000b988 (0x663f2e23) sw      gp, 1660(t5)
core   0: 3 0x8000b988 (0x663f2e23) mem 0x8000d000 0x00000001
core   0: 0x8000b98c (0x0000bfe5) c.j     pc - 8
core   0: 3 0x8000b98c (0xbfe5)
core   0: 0x8000b984 (0x00001f17) auipc   t5, 0x1
core   0: 3 0x8000b984 (0x00001f17) x30 0x8000c984
core   0: 0x8000b988 (0x663f2e23) sw      gp, 1660(t5)
core   0: 3 0x8000b988 (0x663f2e23) mem 0x8000d000 0x00000001
core   0: 0x8000b98c (0x0000bfe5) c.j     pc - 8
core   0: 3 0x8000b98c (0xbfe5)
core   0: 0x8000b984 (0x00001f17) auipc   t5, 0x1
core   0: 3 0x8000b984 (0x00001f17) x30 0x8000c984
core   0: 0x8000b988 (0x663f2e23) sw      gp, 1660(t5)
core   0: 3 0x8000b988 (0x663f2e23) mem 0x8000d000 0x00000001
core   0: 0x8000b98c (0x0000bfe5) c.j     pc - 8
core   0: 3 0x8000b98c (0xbfe5)
core   0: 0x8000b984 (0x00001f17) auipc   t5, 0x1
core   0: 3 0x8000b984 (0x00001f17) x30 0x8000c984
core   0: 0x8000b988 (0x663f2e23) sw      gp, 1660(t5)
core   0: 3 0x8000b988 (0x663f2e23) mem 0x8000d000 0x00000001
core   0: 0x8000b98c (0x0000bfe5) c.j     pc - 8
core   0: 3 0x8000b98c (0xbfe5)
core   0: 0x8000b984 (0x00001f17) auipc   t5, 0x1
core   0: 3 0x8000b984 (0x00001f17) x30 0x8000c984
core   0: 0x8000b988 (0x663f2e23) sw      gp, 1660(t5)
core   0: 3 0x8000b988 (0x663f2e23) mem 0x8000d000 0x00000001
core   0: 0x8000b98c (0x0000bfe5) c.j     pc - 8
core   0: 3 0x8000b98c (0xbfe5)
core   0: 0x8000b984 (0x00001f17) auipc   t5, 0x1
core   0: 3 0x8000b984 (0x00001f17) x30 0x8000c984
core   0: 0x8000b988 (0x663f2e23) sw      gp, 1660(t5)
core   0: 3 0x8000b988 (0x663f2e23) mem 0x8000d000 0x00000001
core   0: 0x8000b98c (0x0000bfe5) c.j     pc - 8
core   0: 3 0x8000b98c (0xbfe5)
core   0: 0x8000b984 (0x00001f17) auipc   t5, 0x1
core   0: 3 0x8000b984 (0x00001f17) x30 0x8000c984
core   0: 0x8000b988 (0x663f2e23) sw      gp, 1660(t5)
core   0: 3 0x8000b988 (0x663f2e23) mem 0x8000d000 0x00000001
core   0: 0x8000b98c (0x0000bfe5) c.j     pc - 8
core   0: 3 0x8000b98c (0xbfe5)
core   0: 0x8000b984 (0x00001f17) auipc   t5, 0x1
core   0: 3 0x8000b984 (0x00001f17) x30 0x8000c984
core   0: 0x8000b988 (0x663f2e23) sw      gp, 1660(t5)
core   0: 3 0x8000b988 (0x663f2e23) mem 0x8000d000 0x00000001
core   0: 0x8000b98c (0x0000bfe5) c.j     pc - 8
core   0: 3 0x8000b98c (0xbfe5)
core   0: 0x8000b984 (0x00001f17) auipc   t5, 0x1
core   0: 3 0x8000b984 (0x00001f17) x30 0x8000c984
core   0: 0x8000b988 (0x663f2e23) sw      gp, 1660(t5)
core   0: 3 0x8000b988 (0x663f2e23) mem 0x8000d000 0x00000001
core   0: 0x8000b98c (0x0000bfe5) c.j     pc - 8
core   0: 3 0x8000b98c (0xbfe5)
core   0: 0x8000b984 (0x00001f17) auipc   t5, 0x1
core   0: 3 0x8000b984 (0x00001f17) x30 0x8000c984
core   0: 0x8000b988 (0x663f2e23) sw      gp, 1660(t5)
core   0: 3 0x8000b988 (0x663f2e23) mem 0x8000d000 0x00000001
core   0: 0x8000b98c (0x0000bfe5) c.j     pc - 8
core   0: 3 0x8000b98c (0xbfe5)
core   0: 0x8000b984 (0x00001f17) auipc   t5, 0x1
core   0: 3 0x8000b984 (0x00001f17) x30 0x8000c984
core   0: 0x8000b988 (0x663f2e23) sw      gp, 1660(t5)
core   0: 3 0x8000b988 (0x663f2e23) mem 0x8000d000 0x00000001
core   0: 0x8000b98c (0x0000bfe5) c.j     pc - 8
core   0: 3 0x8000b98c (0xbfe5)
core   0: 0x8000b984 (0x00001f17) auipc   t5, 0x1
core   0: 3 0x8000b984 (0x00001f17) x30 0x8000c984
core   0: 0x8000b988 (0x663f2e23) sw      gp, 1660(t5)
core   0: 3 0x8000b988 (0x663f2e23) mem 0x8000d000 0x00000001
core   0: 0x8000b98c (0x0000bfe5) c.j     pc - 8
core   0: 3 0x8000b98c (0xbfe5)
core   0: 0x8000b984 (0x00001f17) auipc   t5, 0x1
core   0: 3 0x8000b984 (0x00001f17) x30 0x8000c984
core   0: 0x8000b988 (0x663f2e23) sw      gp, 1660(t5)
core   0: 3 0x8000b988 (0x663f2e23) mem 0x8000d000 0x00000001
core   0: 0x8000b98c (0x0000bfe5) c.j     pc - 8
core   0: 3 0x8000b98c (0xbfe5)
core   0: 0x8000b984 (0x00001f17) auipc   t5, 0x1
core   0: 3 0x8000b984 (0x00001f17) x30 0x8000c984
core   0: 0x8000b988 (0x663f2e23) sw      gp, 1660(t5)
core   0: 3 0x8000b988 (0x663f2e23) mem 0x8000d000 0x00000001
core   0: 0x8000b98c (0x0000bfe5) c.j     pc - 8
core   0: 3 0x8000b98c (0xbfe5)
core   0: 0x8000b984 (0x00001f17) auipc   t5, 0x1
core   0: 3 0x8000b984 (0x00001f17) x30 0x8000c984
core   0: 0x8000b988 (0x663f2e23) sw      gp, 1660(t5)
core   0: 3 0x8000b988 (0x663f2e23) mem 0x8000d000 0x00000001
core   0: 0x8000b98c (0x0000bfe5) c.j     pc - 8
core   0: 3 0x8000b98c (0xbfe5)
core   0: 0x8000b984 (0x00001f17) auipc   t5, 0x1
core   0: 3 0x8000b984 (0x00001f17) x30 0x8000c984
core   0: 0x8000b988 (0x663f2e23) sw      gp, 1660(t5)
core   0: 3 0x8000b988 (0x663f2e23) mem 0x8000d000 0x00000001
core   0: 0x8000b98c (0x0000bfe5) c.j     pc - 8
core   0: 3 0x8000b98c (0xbfe5)
core   0: 0x8000b984 (0x00001f17) auipc   t5, 0x1
core   0: 3 0x8000b984 (0x00001f17) x30 0x8000c984
core   0: 0x8000b988 (0x663f2e23) sw      gp, 1660(t5)
core   0: 3 0x8000b988 (0x663f2e23) mem 0x8000d000 0x00000001
core   0: 0x8000b98c (0x0000bfe5) c.j     pc - 8
core   0: 3 0x8000b98c (0xbfe5)
core   0: 0x8000b984 (0x00001f17) auipc   t5, 0x1
core   0: 3 0x8000b984 (0x00001f17) x30 0x8000c984
core   0: 0x8000b988 (0x663f2e23) sw      gp, 1660(t5)
core   0: 3 0x8000b988 (0x663f2e23) mem 0x8000d000 0x00000001
core   0: 0x8000b98c (0x0000bfe5) c.j     pc - 8
core   0: 3 0x8000b98c (0xbfe5)
core   0: 0x8000b984 (0x00001f17) auipc   t5, 0x1
core   0: 3 0x8000b984 (0x00001f17) x30 0x8000c984
core   0: 0x8000b988 (0x663f2e23) sw      gp, 1660(t5)
core   0: 3 0x8000b988 (0x663f2e23) mem 0x8000d000 0x00000001
core   0: 0x8000b98c (0x0000bfe5) c.j     pc - 8
core   0: 3 0x8000b98c (0xbfe5)
core   0: 0x8000b984 (0x00001f17) auipc   t5, 0x1
core   0: 3 0x8000b984 (0x00001f17) x30 0x8000c984
core   0: 0x8000b988 (0x663f2e23) sw      gp, 1660(t5)
core   0: 3 0x8000b988 (0x663f2e23) mem 0x8000d000 0x00000001
core   0: 0x8000b98c (0x0000bfe5) c.j     pc - 8
core   0: 3 0x8000b98c (0xbfe5)
core   0: 0x8000b984 (0x00001f17) auipc   t5, 0x1
core   0: 3 0x8000b984 (0x00001f17) x30 0x8000c984
core   0: 0x8000b988 (0x663f2e23) sw      gp, 1660(t5)
core   0: 3 0x8000b988 (0x663f2e23) mem 0x8000d000 0x00000001
core   0: 0x8000b98c (0x0000bfe5) c.j     pc - 8
core   0: 3 0x8000b98c (0xbfe5)
core   0: 0x8000b984 (0x00001f17) auipc   t5, 0x1
core   0: 3 0x8000b984 (0x00001f17) x30 0x8000c984
core   0: 0x8000b988 (0x663f2e23) sw      gp, 1660(t5)
core   0: 3 0x8000b988 (0x663f2e23) mem 0x8000d000 0x00000001
core   0: 0x8000b98c (0x0000bfe5) c.j     pc - 8
core   0: 3 0x8000b98c (0xbfe5)
core   0: 0x8000b984 (0x00001f17) auipc   t5, 0x1
core   0: 3 0x8000b984 (0x00001f17) x30 0x8000c984
core   0: 0x8000b988 (0x663f2e23) sw      gp, 1660(t5)
core   0: 3 0x8000b988 (0x663f2e23) mem 0x8000d000 0x00000001
core   0: 0x8000b98c (0x0000bfe5) c.j     pc - 8
core   0: 3 0x8000b98c (0xbfe5)
core   0: 0x8000b984 (0x00001f17) auipc   t5, 0x1
core   0: 3 0x8000b984 (0x00001f17) x30 0x8000c984
core   0: 0x8000b988 (0x663f2e23) sw      gp, 1660(t5)
core   0: 3 0x8000b988 (0x663f2e23) mem 0x8000d000 0x00000001
core   0: 0x8000b98c (0x0000bfe5) c.j     pc - 8
core   0: 3 0x8000b98c (0xbfe5)
core   0: 0x8000b984 (0x00001f17) auipc   t5, 0x1
core   0: 3 0x8000b984 (0x00001f17) x30 0x8000c984
core   0: 0x8000b988 (0x663f2e23) sw      gp, 1660(t5)
core   0: 3 0x8000b988 (0x663f2e23) mem 0x8000d000 0x00000001
core   0: 0x8000b98c (0x0000bfe5) c.j     pc - 8
core   0: 3 0x8000b98c (0xbfe5)
core   0: 0x8000b984 (0x00001f17) auipc   t5, 0x1
core   0: 3 0x8000b984 (0x00001f17) x30 0x8000c984
core   0: 0x8000b988 (0x663f2e23) sw      gp, 1660(t5)
core   0: 3 0x8000b988 (0x663f2e23) mem 0x8000d000 0x00000001
core   0: 0x8000b98c (0x0000bfe5) c.j     pc - 8
core   0: 3 0x8000b98c (0xbfe5)
core   0: 0x8000b984 (0x00001f17) auipc   t5, 0x1
core   0: 3 0x8000b984 (0x00001f17) x30 0x8000c984
core   0: 0x8000b988 (0x663f2e23) sw      gp, 1660(t5)
core   0: 3 0x8000b988 (0x663f2e23) mem 0x8000d000 0x00000001
core   0: 0x8000b98c (0x0000bfe5) c.j     pc - 8
core   0: 3 0x8000b98c (0xbfe5)
core   0: 0x8000b984 (0x00001f17) auipc   t5, 0x1
core   0: 3 0x8000b984 (0x00001f17) x30 0x8000c984
core   0: 0x8000b988 (0x663f2e23) sw      gp, 1660(t5)
core   0: 3 0x8000b988 (0x663f2e23) mem 0x8000d000 0x00000001
core   0: 0x8000b98c (0x0000bfe5) c.j     pc - 8
core   0: 3 0x8000b98c (0xbfe5)
core   0: 0x8000b984 (0x00001f17) auipc   t5, 0x1
core   0: 3 0x8000b984 (0x00001f17) x30 0x8000c984
core   0: 0x8000b988 (0x663f2e23) sw      gp, 1660(t5)
core   0: 3 0x8000b988 (0x663f2e23) mem 0x8000d000 0x00000001
core   0: 0x8000b98c (0x0000bfe5) c.j     pc - 8
core   0: 3 0x8000b98c (0xbfe5)
core   0: 0x8000b984 (0x00001f17) auipc   t5, 0x1
core   0: 3 0x8000b984 (0x00001f17) x30 0x8000c984
core   0: 0x8000b988 (0x663f2e23) sw      gp, 1660(t5)
core   0: 3 0x8000b988 (0x663f2e23) mem 0x8000d000 0x00000001
core   0: 0x8000b98c (0x0000bfe5) c.j     pc - 8
core   0: 3 0x8000b98c (0xbfe5)
core   0: 0x8000b984 (0x00001f17) auipc   t5, 0x1
core   0: 3 0x8000b984 (0x00001f17) x30 0x8000c984
core   0: 0x8000b988 (0x663f2e23) sw      gp, 1660(t5)
core   0: 3 0x8000b988 (0x663f2e23) mem 0x8000d000 0x00000001
core   0: 0x8000b98c (0x0000bfe5) c.j     pc - 8
core   0: 3 0x8000b98c (0xbfe5)
core   0: 0x8000b984 (0x00001f17) auipc   t5, 0x1
core   0: 3 0x8000b984 (0x00001f17) x30 0x8000c984
core   0: 0x8000b988 (0x663f2e23) sw      gp, 1660(t5)
core   0: 3 0x8000b988 (0x663f2e23) mem 0x8000d000 0x00000001
core   0: 0x8000b98c (0x0000bfe5) c.j     pc - 8
core   0: 3 0x8000b98c (0xbfe5)
core   0: 0x8000b984 (0x00001f17) auipc   t5, 0x1
core   0: 3 0x8000b984 (0x00001f17) x30 0x8000c984
core   0: 0x8000b988 (0x663f2e23) sw      gp, 1660(t5)
core   0: 3 0x8000b988 (0x663f2e23) mem 0x8000d000 0x00000001
core   0: 0x8000b98c (0x0000bfe5) c.j     pc - 8
core   0: 3 0x8000b98c (0xbfe5)
core   0: 0x8000b984 (0x00001f17) auipc   t5, 0x1
core   0: 3 0x8000b984 (0x00001f17) x30 0x8000c984
core   0: 0x8000b988 (0x663f2e23) sw      gp, 1660(t5)
core   0: 3 0x8000b988 (0x663f2e23) mem 0x8000d000 0x00000001
core   0: 0x8000b98c (0x0000bfe5) c.j     pc - 8
core   0: 3 0x8000b98c (0xbfe5)
core   0: 0x8000b984 (0x00001f17) auipc   t5, 0x1
core   0: 3 0x8000b984 (0x00001f17) x30 0x8000c984
core   0: 0x8000b988 (0x663f2e23) sw      gp, 1660(t5)
core   0: 3 0x8000b988 (0x663f2e23) mem 0x8000d000 0x00000001
core   0: 0x8000b98c (0x0000bfe5) c.j     pc - 8
core   0: 3 0x8000b98c (0xbfe5)
core   0: 0x8000b984 (0x00001f17) auipc   t5, 0x1
core   0: 3 0x8000b984 (0x00001f17) x30 0x8000c984
core   0: 0x8000b988 (0x663f2e23) sw      gp, 1660(t5)
core   0: 3 0x8000b988 (0x663f2e23) mem 0x8000d000 0x00000001
core   0: 0x8000b98c (0x0000bfe5) c.j     pc - 8
core   0: 3 0x8000b98c (0xbfe5)
core   0: 0x8000b984 (0x00001f17) auipc   t5, 0x1
core   0: 3 0x8000b984 (0x00001f17) x30 0x8000c984
core   0: 0x8000b988 (0x663f2e23) sw      gp, 1660(t5)
core   0: 3 0x8000b988 (0x663f2e23) mem 0x8000d000 0x00000001
core   0: 0x8000b98c (0x0000bfe5) c.j     pc - 8
core   0: 3 0x8000b98c (0xbfe5)
core   0: 0x8000b984 (0x00001f17) auipc   t5, 0x1
core   0: 3 0x8000b984 (0x00001f17) x30 0x8000c984
core   0: 0x8000b988 (0x663f2e23) sw      gp, 1660(t5)
core   0: 3 0x8000b988 (0x663f2e23) mem 0x8000d000 0x00000001
core   0: 0x8000b98c (0x0000bfe5) c.j     pc - 8
core   0: 3 0x8000b98c (0xbfe5)
core   0: 0x8000b984 (0x00001f17) auipc   t5, 0x1
core   0: 3 0x8000b984 (0x00001f17) x30 0x8000c984
core   0: 0x8000b988 (0x663f2e23) sw      gp, 1660(t5)
core   0: 3 0x8000b988 (0x663f2e23) mem 0x8000d000 0x00000001
core   0: 0x8000b98c (0x0000bfe5) c.j     pc - 8
core   0: 3 0x8000b98c (0xbfe5)
core   0: 0x8000b984 (0x00001f17) auipc   t5, 0x1
core   0: 3 0x8000b984 (0x00001f17) x30 0x8000c984
core   0: 0x8000b988 (0x663f2e23) sw      gp, 1660(t5)
core   0: 3 0x8000b988 (0x663f2e23) mem 0x8000d000 0x00000001
core   0: 0x8000b98c (0x0000bfe5) c.j     pc - 8
core   0: 3 0x8000b98c (0xbfe5)
core   0: 0x8000b984 (0x00001f17) auipc   t5, 0x1
core   0: 3 0x8000b984 (0x00001f17) x30 0x8000c984
core   0: 0x8000b988 (0x663f2e23) sw      gp, 1660(t5)
core   0: 3 0x8000b988 (0x663f2e23) mem 0x8000d000 0x00000001
core   0: 0x8000b98c (0x0000bfe5) c.j     pc - 8
core   0: 3 0x8000b98c (0xbfe5)
core   0: 0x8000b984 (0x00001f17) auipc   t5, 0x1
core   0: 3 0x8000b984 (0x00001f17) x30 0x8000c984
core   0: 0x8000b988 (0x663f2e23) sw      gp, 1660(t5)
core   0: 3 0x8000b988 (0x663f2e23) mem 0x8000d000 0x00000001
core   0: 0x8000b98c (0x0000bfe5) c.j     pc - 8
core   0: 3 0x8000b98c (0xbfe5)
core   0: 0x8000b984 (0x00001f17) auipc   t5, 0x1
core   0: 3 0x8000b984 (0x00001f17) x30 0x8000c984
core   0: 0x8000b988 (0x663f2e23) sw      gp, 1660(t5)
core   0: 3 0x8000b988 (0x663f2e23) mem 0x8000d000 0x00000001
core   0: 0x8000b98c (0x0000bfe5) c.j     pc - 8
core   0: 3 0x8000b98c (0xbfe5)
core   0: 0x8000b984 (0x00001f17) auipc   t5, 0x1
core   0: 3 0x8000b984 (0x00001f17) x30 0x8000c984
core   0: 0x8000b988 (0x663f2e23) sw      gp, 1660(t5)
core   0: 3 0x8000b988 (0x663f2e23) mem 0x8000d000 0x00000001
core   0: 0x8000b98c (0x0000bfe5) c.j     pc - 8
core   0: 3 0x8000b98c (0xbfe5)
core   0: 0x8000b984 (0x00001f17) auipc   t5, 0x1
core   0: 3 0x8000b984 (0x00001f17) x30 0x8000c984
core   0: 0x8000b988 (0x663f2e23) sw      gp, 1660(t5)
core   0: 3 0x8000b988 (0x663f2e23) mem 0x8000d000 0x00000001
core   0: 0x8000b98c (0x0000bfe5) c.j     pc - 8
core   0: 3 0x8000b98c (0xbfe5)
core   0: 0x8000b984 (0x00001f17) auipc   t5, 0x1
core   0: 3 0x8000b984 (0x00001f17) x30 0x8000c984
core   0: 0x8000b988 (0x663f2e23) sw      gp, 1660(t5)
core   0: 3 0x8000b988 (0x663f2e23) mem 0x8000d000 0x00000001
core   0: 0x8000b98c (0x0000bfe5) c.j     pc - 8
core   0: 3 0x8000b98c (0xbfe5)
core   0: 0x8000b984 (0x00001f17) auipc   t5, 0x1
core   0: 3 0x8000b984 (0x00001f17) x30 0x8000c984
core   0: 0x8000b988 (0x663f2e23) sw      gp, 1660(t5)
core   0: 3 0x8000b988 (0x663f2e23) mem 0x8000d000 0x00000001
core   0: 0x8000b98c (0x0000bfe5) c.j     pc - 8
core   0: 3 0x8000b98c (0xbfe5)
core   0: 0x8000b984 (0x00001f17) auipc   t5, 0x1
core   0: 3 0x8000b984 (0x00001f17) x30 0x8000c984
core   0: 0x8000b988 (0x663f2e23) sw      gp, 1660(t5)
core   0: 3 0x8000b988 (0x663f2e23) mem 0x8000d000 0x00000001
core   0: 0x8000b98c (0x0000bfe5) c.j     pc - 8
core   0: 3 0x8000b98c (0xbfe5)
core   0: 0x8000b984 (0x00001f17) auipc   t5, 0x1
core   0: 3 0x8000b984 (0x00001f17) x30 0x8000c984
core   0: 0x8000b988 (0x663f2e23) sw      gp, 1660(t5)
core   0: 3 0x8000b988 (0x663f2e23) mem 0x8000d000 0x00000001
core   0: 0x8000b98c (0x0000bfe5) c.j     pc - 8
core   0: 3 0x8000b98c (0xbfe5)
core   0: 0x8000b984 (0x00001f17) auipc   t5, 0x1
core   0: 3 0x8000b984 (0x00001f17) x30 0x8000c984
core   0: 0x8000b988 (0x663f2e23) sw      gp, 1660(t5)
core   0: 3 0x8000b988 (0x663f2e23) mem 0x8000d000 0x00000001
core   0: 0x8000b98c (0x0000bfe5) c.j     pc - 8
core   0: 3 0x8000b98c (0xbfe5)
core   0: 0x8000b984 (0x00001f17) auipc   t5, 0x1
core   0: 3 0x8000b984 (0x00001f17) x30 0x8000c984
core   0: 0x8000b988 (0x663f2e23) sw      gp, 1660(t5)
core   0: 3 0x8000b988 (0x663f2e23) mem 0x8000d000 0x00000001
core   0: 0x8000b98c (0x0000bfe5) c.j     pc - 8
core   0: 3 0x8000b98c (0xbfe5)
core   0: 0x8000b984 (0x00001f17) auipc   t5, 0x1
core   0: 3 0x8000b984 (0x00001f17) x30 0x8000c984
core   0: 0x8000b988 (0x663f2e23) sw      gp, 1660(t5)
core   0: 3 0x8000b988 (0x663f2e23) mem 0x8000d000 0x00000001
core   0: 0x8000b98c (0x0000bfe5) c.j     pc - 8
core   0: 3 0x8000b98c (0xbfe5)
core   0: 0x8000b984 (0x00001f17) auipc   t5, 0x1
core   0: 3 0x8000b984 (0x00001f17) x30 0x8000c984
core   0: 0x8000b988 (0x663f2e23) sw      gp, 1660(t5)
core   0: 3 0x8000b988 (0x663f2e23) mem 0x8000d000 0x00000001
core   0: 0x8000b98c (0x0000bfe5) c.j     pc - 8
core   0: 3 0x8000b98c (0xbfe5)
core   0: 0x8000b984 (0x00001f17) auipc   t5, 0x1
core   0: 3 0x8000b984 (0x00001f17) x30 0x8000c984
core   0: 0x8000b988 (0x663f2e23) sw      gp, 1660(t5)
core   0: 3 0x8000b988 (0x663f2e23) mem 0x8000d000 0x00000001
core   0: 0x8000b98c (0x0000bfe5) c.j     pc - 8
core   0: 3 0x8000b98c (0xbfe5)
core   0: 0x8000b984 (0x00001f17) auipc   t5, 0x1
core   0: 3 0x8000b984 (0x00001f17) x30 0x8000c984
core   0: 0x8000b988 (0x663f2e23) sw      gp, 1660(t5)
core   0: 3 0x8000b988 (0x663f2e23) mem 0x8000d000 0x00000001
core   0: 0x8000b98c (0x0000bfe5) c.j     pc - 8
core   0: 3 0x8000b98c (0xbfe5)
core   0: 0x8000b984 (0x00001f17) auipc   t5, 0x1
core   0: 3 0x8000b984 (0x00001f17) x30 0x8000c984
core   0: 0x8000b988 (0x663f2e23) sw      gp, 1660(t5)
core   0: 3 0x8000b988 (0x663f2e23) mem 0x8000d000 0x00000001
core   0: 0x8000b98c (0x0000bfe5) c.j     pc - 8
core   0: 3 0x8000b98c (0xbfe5)
core   0: 0x8000b984 (0x00001f17) auipc   t5, 0x1
core   0: 3 0x8000b984 (0x00001f17) x30 0x8000c984
core   0: 0x8000b988 (0x663f2e23) sw      gp, 1660(t5)
core   0: 3 0x8000b988 (0x663f2e23) mem 0x8000d000 0x00000001
core   0: 0x8000b98c (0x0000bfe5) c.j     pc - 8
core   0: 3 0x8000b98c (0xbfe5)
core   0: 0x8000b984 (0x00001f17) auipc   t5, 0x1
core   0: 3 0x8000b984 (0x00001f17) x30 0x8000c984
core   0: 0x8000b988 (0x663f2e23) sw      gp, 1660(t5)
core   0: 3 0x8000b988 (0x663f2e23) mem 0x8000d000 0x00000001
core   0: 0x8000b98c (0x0000bfe5) c.j     pc - 8
core   0: 3 0x8000b98c (0xbfe5)
core   0: 0x8000b984 (0x00001f17) auipc   t5, 0x1
core   0: 3 0x8000b984 (0x00001f17) x30 0x8000c984
core   0: 0x8000b988 (0x663f2e23) sw      gp, 1660(t5)
core   0: 3 0x8000b988 (0x663f2e23) mem 0x8000d000 0x00000001
core   0: 0x8000b98c (0x0000bfe5) c.j     pc - 8
core   0: 3 0x8000b98c (0xbfe5)
core   0: 0x8000b984 (0x00001f17) auipc   t5, 0x1
core   0: 3 0x8000b984 (0x00001f17) x30 0x8000c984
core   0: 0x8000b988 (0x663f2e23) sw      gp, 1660(t5)
core   0: 3 0x8000b988 (0x663f2e23) mem 0x8000d000 0x00000001
core   0: 0x8000b98c (0x0000bfe5) c.j     pc - 8
core   0: 3 0x8000b98c (0xbfe5)
core   0: 0x8000b984 (0x00001f17) auipc   t5, 0x1
core   0: 3 0x8000b984 (0x00001f17) x30 0x8000c984
core   0: 0x8000b988 (0x663f2e23) sw      gp, 1660(t5)
core   0: 3 0x8000b988 (0x663f2e23) mem 0x8000d000 0x00000001
core   0: 0x8000b98c (0x0000bfe5) c.j     pc - 8
core   0: 3 0x8000b98c (0xbfe5)
core   0: 0x8000b984 (0x00001f17) auipc   t5, 0x1
core   0: 3 0x8000b984 (0x00001f17) x30 0x8000c984
core   0: 0x8000b988 (0x663f2e23) sw      gp, 1660(t5)
core   0: 3 0x8000b988 (0x663f2e23) mem 0x8000d000 0x00000001
core   0: 0x8000b98c (0x0000bfe5) c.j     pc - 8
core   0: 3 0x8000b98c (0xbfe5)
core   0: 0x8000b984 (0x00001f17) auipc   t5, 0x1
core   0: 3 0x8000b984 (0x00001f17) x30 0x8000c984
core   0: 0x8000b988 (0x663f2e23) sw      gp, 1660(t5)
core   0: 3 0x8000b988 (0x663f2e23) mem 0x8000d000 0x00000001
core   0: 0x8000b98c (0x0000bfe5) c.j     pc - 8
core   0: 3 0x8000b98c (0xbfe5)
core   0: 0x8000b984 (0x00001f17) auipc   t5, 0x1
core   0: 3 0x8000b984 (0x00001f17) x30 0x8000c984
core   0: 0x8000b988 (0x663f2e23) sw      gp, 1660(t5)
core   0: 3 0x8000b988 (0x663f2e23) mem 0x8000d000 0x00000001
core   0: 0x8000b98c (0x0000bfe5) c.j     pc - 8
core   0: 3 0x8000b98c (0xbfe5)
core   0: 0x8000b984 (0x00001f17) auipc   t5, 0x1
core   0: 3 0x8000b984 (0x00001f17) x30 0x8000c984
core   0: 0x8000b988 (0x663f2e23) sw      gp, 1660(t5)
core   0: 3 0x8000b988 (0x663f2e23) mem 0x8000d000 0x00000001
core   0: 0x8000b98c (0x0000bfe5) c.j     pc - 8
core   0: 3 0x8000b98c (0xbfe5)
core   0: 0x8000b984 (0x00001f17) auipc   t5, 0x1
core   0: 3 0x8000b984 (0x00001f17) x30 0x8000c984
core   0: 0x8000b988 (0x663f2e23) sw      gp, 1660(t5)
core   0: 3 0x8000b988 (0x663f2e23) mem 0x8000d000 0x00000001
core   0: 0x8000b98c (0x0000bfe5) c.j     pc - 8
core   0: 3 0x8000b98c (0xbfe5)
core   0: 0x8000b984 (0x00001f17) auipc   t5, 0x1
core   0: 3 0x8000b984 (0x00001f17) x30 0x8000c984
core   0: 0x8000b988 (0x663f2e23) sw      gp, 1660(t5)
core   0: 3 0x8000b988 (0x663f2e23) mem 0x8000d000 0x00000001
core   0: 0x8000b98c (0x0000bfe5) c.j     pc - 8
core   0: 3 0x8000b98c (0xbfe5)
core   0: 0x8000b984 (0x00001f17) auipc   t5, 0x1
core   0: 3 0x8000b984 (0x00001f17) x30 0x8000c984
core   0: 0x8000b988 (0x663f2e23) sw      gp, 1660(t5)
core   0: 3 0x8000b988 (0x663f2e23) mem 0x8000d000 0x00000001
core   0: 0x8000b98c (0x0000bfe5) c.j     pc - 8
core   0: 3 0x8000b98c (0xbfe5)
core   0: 0x8000b984 (0x00001f17) auipc   t5, 0x1
core   0: 3 0x8000b984 (0x00001f17) x30 0x8000c984
core   0: 0x8000b988 (0x663f2e23) sw      gp, 1660(t5)
core   0: 3 0x8000b988 (0x663f2e23) mem 0x8000d000 0x00000001
core   0: 0x8000b98c (0x0000bfe5) c.j     pc - 8
core   0: 3 0x8000b98c (0xbfe5)
core   0: 0x8000b984 (0x00001f17) auipc   t5, 0x1
core   0: 3 0x8000b984 (0x00001f17) x30 0x8000c984
core   0: 0x8000b988 (0x663f2e23) sw      gp, 1660(t5)
core   0: 3 0x8000b988 (0x663f2e23) mem 0x8000d000 0x00000001
core   0: 0x8000b98c (0x0000bfe5) c.j     pc - 8
core   0: 3 0x8000b98c (0xbfe5)
core   0: 0x8000b984 (0x00001f17) auipc   t5, 0x1
core   0: 3 0x8000b984 (0x00001f17) x30 0x8000c984
core   0: 0x8000b988 (0x663f2e23) sw      gp, 1660(t5)
core   0: 3 0x8000b988 (0x663f2e23) mem 0x8000d000 0x00000001
core   0: 0x8000b98c (0x0000bfe5) c.j     pc - 8
core   0: 3 0x8000b98c (0xbfe5)
core   0: 0x8000b984 (0x00001f17) auipc   t5, 0x1
core   0: 3 0x8000b984 (0x00001f17) x30 0x8000c984
core   0: 0x8000b988 (0x663f2e23) sw      gp, 1660(t5)
core   0: 3 0x8000b988 (0x663f2e23) mem 0x8000d000 0x00000001
core   0: 0x8000b98c (0x0000bfe5) c.j     pc - 8
core   0: 3 0x8000b98c (0xbfe5)
core   0: 0x8000b984 (0x00001f17) auipc   t5, 0x1
core   0: 3 0x8000b984 (0x00001f17) x30 0x8000c984
core   0: 0x8000b988 (0x663f2e23) sw      gp, 1660(t5)
core   0: 3 0x8000b988 (0x663f2e23) mem 0x8000d000 0x00000001
core   0: 0x8000b98c (0x0000bfe5) c.j     pc - 8
core   0: 3 0x8000b98c (0xbfe5)
core   0: 0x8000b984 (0x00001f17) auipc   t5, 0x1
core   0: 3 0x8000b984 (0x00001f17) x30 0x8000c984
core   0: 0x8000b988 (0x663f2e23) sw      gp, 1660(t5)
core   0: 3 0x8000b988 (0x663f2e23) mem 0x8000d000 0x00000001
core   0: 0x8000b98c (0x0000bfe5) c.j     pc - 8
core   0: 3 0x8000b98c (0xbfe5)
core   0: 0x8000b984 (0x00001f17) auipc   t5, 0x1
core   0: 3 0x8000b984 (0x00001f17) x30 0x8000c984
core   0: 0x8000b988 (0x663f2e23) sw      gp, 1660(t5)
core   0: 3 0x8000b988 (0x663f2e23) mem 0x8000d000 0x00000001
core   0: 0x8000b98c (0x0000bfe5) c.j     pc - 8
core   0: 3 0x8000b98c (0xbfe5)
core   0: 0x8000b984 (0x00001f17) auipc   t5, 0x1
core   0: 3 0x8000b984 (0x00001f17) x30 0x8000c984
core   0: 0x8000b988 (0x663f2e23) sw      gp, 1660(t5)
core   0: 3 0x8000b988 (0x663f2e23) mem 0x8000d000 0x00000001
core   0: 0x8000b98c (0x0000bfe5) c.j     pc - 8
core   0: 3 0x8000b98c (0xbfe5)
core   0: 0x8000b984 (0x00001f17) auipc   t5, 0x1
core   0: 3 0x8000b984 (0x00001f17) x30 0x8000c984
core   0: 0x8000b988 (0x663f2e23) sw      gp, 1660(t5)
core   0: 3 0x8000b988 (0x663f2e23) mem 0x8000d000 0x00000001
core   0: 0x8000b98c (0x0000bfe5) c.j     pc - 8
core   0: 3 0x8000b98c (0xbfe5)
core   0: 0x8000b984 (0x00001f17) auipc   t5, 0x1
core   0: 3 0x8000b984 (0x00001f17) x30 0x8000c984
core   0: 0x8000b988 (0x663f2e23) sw      gp, 1660(t5)
core   0: 3 0x8000b988 (0x663f2e23) mem 0x8000d000 0x00000001
core   0: 0x8000b98c (0x0000bfe5) c.j     pc - 8
core   0: 3 0x8000b98c (0xbfe5)
core   0: 0x8000b984 (0x00001f17) auipc   t5, 0x1
core   0: 3 0x8000b984 (0x00001f17) x30 0x8000c984
core   0: 0x8000b988 (0x663f2e23) sw      gp, 1660(t5)
core   0: 3 0x8000b988 (0x663f2e23) mem 0x8000d000 0x00000001
core   0: 0x8000b98c (0x0000bfe5) c.j     pc - 8
core   0: 3 0x8000b98c (0xbfe5)
core   0: 0x8000b984 (0x00001f17) auipc   t5, 0x1
core   0: 3 0x8000b984 (0x00001f17) x30 0x8000c984
core   0: 0x8000b988 (0x663f2e23) sw      gp, 1660(t5)
core   0: 3 0x8000b988 (0x663f2e23) mem 0x8000d000 0x00000001
core   0: 0x8000b98c (0x0000bfe5) c.j     pc - 8
core   0: 3 0x8000b98c (0xbfe5)
core   0: 0x8000b984 (0x00001f17) auipc   t5, 0x1
core   0: 3 0x8000b984 (0x00001f17) x30 0x8000c984
core   0: 0x8000b988 (0x663f2e23) sw      gp, 1660(t5)
core   0: 3 0x8000b988 (0x663f2e23) mem 0x8000d000 0x00000001
core   0: 0x8000b98c (0x0000bfe5) c.j     pc - 8
core   0: 3 0x8000b98c (0xbfe5)
core   0: 0x8000b984 (0x00001f17) auipc   t5, 0x1
core   0: 3 0x8000b984 (0x00001f17) x30 0x8000c984
core   0: 0x8000b988 (0x663f2e23) sw      gp, 1660(t5)
core   0: 3 0x8000b988 (0x663f2e23) mem 0x8000d000 0x00000001
core   0: 0x8000b98c (0x0000bfe5) c.j     pc - 8
core   0: 3 0x8000b98c (0xbfe5)
core   0: 0x8000b984 (0x00001f17) auipc   t5, 0x1
core   0: 3 0x8000b984 (0x00001f17) x30 0x8000c984
core   0: 0x8000b988 (0x663f2e23) sw      gp, 1660(t5)
core   0: 3 0x8000b988 (0x663f2e23) mem 0x8000d000 0x00000001
core   0: 0x8000b98c (0x0000bfe5) c.j     pc - 8
core   0: 3 0x8000b98c (0xbfe5)
core   0: 0x8000b984 (0x00001f17) auipc   t5, 0x1
core   0: 3 0x8000b984 (0x00001f17) x30 0x8000c984
core   0: 0x8000b988 (0x663f2e23) sw      gp, 1660(t5)
core   0: 3 0x8000b988 (0x663f2e23) mem 0x8000d000 0x00000001
core   0: 0x8000b98c (0x0000bfe5) c.j     pc - 8
core   0: 3 0x8000b98c (0xbfe5)
core   0: 0x8000b984 (0x00001f17) auipc   t5, 0x1
core   0: 3 0x8000b984 (0x00001f17) x30 0x8000c984
core   0: 0x8000b988 (0x663f2e23) sw      gp, 1660(t5)
core   0: 3 0x8000b988 (0x663f2e23) mem 0x8000d000 0x00000001
core   0: 0x8000b98c (0x0000bfe5) c.j     pc - 8
core   0: 3 0x8000b98c (0xbfe5)
core   0: 0x8000b984 (0x00001f17) auipc   t5, 0x1
core   0: 3 0x8000b984 (0x00001f17) x30 0x8000c984
core   0: 0x8000b988 (0x663f2e23) sw      gp, 1660(t5)
core   0: 3 0x8000b988 (0x663f2e23) mem 0x8000d000 0x00000001
core   0: 0x8000b98c (0x0000bfe5) c.j     pc - 8
core   0: 3 0x8000b98c (0xbfe5)
core   0: 0x8000b984 (0x00001f17) auipc   t5, 0x1
core   0: 3 0x8000b984 (0x00001f17) x30 0x8000c984
core   0: 0x8000b988 (0x663f2e23) sw      gp, 1660(t5)
core   0: 3 0x8000b988 (0x663f2e23) mem 0x8000d000 0x00000001
core   0: 0x8000b98c (0x0000bfe5) c.j     pc - 8
core   0: 3 0x8000b98c (0xbfe5)
core   0: 0x8000b984 (0x00001f17) auipc   t5, 0x1
core   0: 3 0x8000b984 (0x00001f17) x30 0x8000c984
core   0: 0x8000b988 (0x663f2e23) sw      gp, 1660(t5)
core   0: 3 0x8000b988 (0x663f2e23) mem 0x8000d000 0x00000001
core   0: 0x8000b98c (0x0000bfe5) c.j     pc - 8
core   0: 3 0x8000b98c (0xbfe5)
core   0: 0x8000b984 (0x00001f17) auipc   t5, 0x1
core   0: 3 0x8000b984 (0x00001f17) x30 0x8000c984
core   0: 0x8000b988 (0x663f2e23) sw      gp, 1660(t5)
core   0: 3 0x8000b988 (0x663f2e23) mem 0x8000d000 0x00000001
core   0: 0x8000b98c (0x0000bfe5) c.j     pc - 8
core   0: 3 0x8000b98c (0xbfe5)
core   0: 0x8000b984 (0x00001f17) auipc   t5, 0x1
core   0: 3 0x8000b984 (0x00001f17) x30 0x8000c984
core   0: 0x8000b988 (0x663f2e23) sw      gp, 1660(t5)
core   0: 3 0x8000b988 (0x663f2e23) mem 0x8000d000 0x00000001
core   0: 0x8000b98c (0x0000bfe5) c.j     pc - 8
core   0: 3 0x8000b98c (0xbfe5)
core   0: 0x8000b984 (0x00001f17) auipc   t5, 0x1
core   0: 3 0x8000b984 (0x00001f17) x30 0x8000c984
core   0: 0x8000b988 (0x663f2e23) sw      gp, 1660(t5)
core   0: 3 0x8000b988 (0x663f2e23) mem 0x8000d000 0x00000001
core   0: 0x8000b98c (0x0000bfe5) c.j     pc - 8
core   0: 3 0x8000b98c (0xbfe5)
core   0: 0x8000b984 (0x00001f17) auipc   t5, 0x1
core   0: 3 0x8000b984 (0x00001f17) x30 0x8000c984
core   0: 0x8000b988 (0x663f2e23) sw      gp, 1660(t5)
core   0: 3 0x8000b988 (0x663f2e23) mem 0x8000d000 0x00000001
core   0: 0x8000b98c (0x0000bfe5) c.j     pc - 8
core   0: 3 0x8000b98c (0xbfe5)
core   0: 0x8000b984 (0x00001f17) auipc   t5, 0x1
core   0: 3 0x8000b984 (0x00001f17) x30 0x8000c984
core   0: 0x8000b988 (0x663f2e23) sw      gp, 1660(t5)
core   0: 3 0x8000b988 (0x663f2e23) mem 0x8000d000 0x00000001
core   0: 0x8000b98c (0x0000bfe5) c.j     pc - 8
core   0: 3 0x8000b98c (0xbfe5)
core   0: 0x8000b984 (0x00001f17) auipc   t5, 0x1
core   0: 3 0x8000b984 (0x00001f17) x30 0x8000c984
core   0: 0x8000b988 (0x663f2e23) sw      gp, 1660(t5)
core   0: 3 0x8000b988 (0x663f2e23) mem 0x8000d000 0x00000001
core   0: 0x8000b98c (0x0000bfe5) c.j     pc - 8
core   0: 3 0x8000b98c (0xbfe5)
core   0: 0x8000b984 (0x00001f17) auipc   t5, 0x1
core   0: 3 0x8000b984 (0x00001f17) x30 0x8000c984
core   0: 0x8000b988 (0x663f2e23) sw      gp, 1660(t5)
core   0: 3 0x8000b988 (0x663f2e23) mem 0x8000d000 0x00000001
core   0: 0x8000b98c (0x0000bfe5) c.j     pc - 8
core   0: 3 0x8000b98c (0xbfe5)
core   0: 0x8000b984 (0x00001f17) auipc   t5, 0x1
core   0: 3 0x8000b984 (0x00001f17) x30 0x8000c984
core   0: 0x8000b988 (0x663f2e23) sw      gp, 1660(t5)
core   0: 3 0x8000b988 (0x663f2e23) mem 0x8000d000 0x00000001
core   0: 0x8000b98c (0x0000bfe5) c.j     pc - 8
core   0: 3 0x8000b98c (0xbfe5)
core   0: 0x8000b984 (0x00001f17) auipc   t5, 0x1
core   0: 3 0x8000b984 (0x00001f17) x30 0x8000c984
core   0: 0x8000b988 (0x663f2e23) sw      gp, 1660(t5)
core   0: 3 0x8000b988 (0x663f2e23) mem 0x8000d000 0x00000001
core   0: 0x8000b98c (0x0000bfe5) c.j     pc - 8
core   0: 3 0x8000b98c (0xbfe5)
core   0: 0x8000b984 (0x00001f17) auipc   t5, 0x1
core   0: 3 0x8000b984 (0x00001f17) x30 0x8000c984
core   0: 0x8000b988 (0x663f2e23) sw      gp, 1660(t5)
core   0: 3 0x8000b988 (0x663f2e23) mem 0x8000d000 0x00000001
core   0: 0x8000b98c (0x0000bfe5) c.j     pc - 8
core   0: 3 0x8000b98c (0xbfe5)
core   0: 0x8000b984 (0x00001f17) auipc   t5, 0x1
core   0: 3 0x8000b984 (0x00001f17) x30 0x8000c984
core   0: 0x8000b988 (0x663f2e23) sw      gp, 1660(t5)
core   0: 3 0x8000b988 (0x663f2e23) mem 0x8000d000 0x00000001
core   0: 0x8000b98c (0x0000bfe5) c.j     pc - 8
core   0: 3 0x8000b98c (0xbfe5)
core   0: 0x8000b984 (0x00001f17) auipc   t5, 0x1
core   0: 3 0x8000b984 (0x00001f17) x30 0x8000c984
core   0: 0x8000b988 (0x663f2e23) sw      gp, 1660(t5)
core   0: 3 0x8000b988 (0x663f2e23) mem 0x8000d000 0x00000001
core   0: 0x8000b98c (0x0000bfe5) c.j     pc - 8
core   0: 3 0x8000b98c (0xbfe5)
core   0: 0x8000b984 (0x00001f17) auipc   t5, 0x1
core   0: 3 0x8000b984 (0x00001f17) x30 0x8000c984
core   0: 0x8000b988 (0x663f2e23) sw      gp, 1660(t5)
core   0: 3 0x8000b988 (0x663f2e23) mem 0x8000d000 0x00000001
core   0: 0x8000b98c (0x0000bfe5) c.j     pc - 8
core   0: 3 0x8000b98c (0xbfe5)
core   0: 0x8000b984 (0x00001f17) auipc   t5, 0x1
core   0: 3 0x8000b984 (0x00001f17) x30 0x8000c984
core   0: 0x8000b988 (0x663f2e23) sw      gp, 1660(t5)
core   0: 3 0x8000b988 (0x663f2e23) mem 0x8000d000 0x00000001
core   0: 0x8000b98c (0x0000bfe5) c.j     pc - 8
core   0: 3 0x8000b98c (0xbfe5)
core   0: 0x8000b984 (0x00001f17) auipc   t5, 0x1
core   0: 3 0x8000b984 (0x00001f17) x30 0x8000c984
core   0: 0x8000b988 (0x663f2e23) sw      gp, 1660(t5)
core   0: 3 0x8000b988 (0x663f2e23) mem 0x8000d000 0x00000001
core   0: 0x8000b98c (0x0000bfe5) c.j     pc - 8
core   0: 3 0x8000b98c (0xbfe5)
core   0: 0x8000b984 (0x00001f17) auipc   t5, 0x1
core   0: 3 0x8000b984 (0x00001f17) x30 0x8000c984
core   0: 0x8000b988 (0x663f2e23) sw      gp, 1660(t5)
core   0: 3 0x8000b988 (0x663f2e23) mem 0x8000d000 0x00000001
core   0: 0x8000b98c (0x0000bfe5) c.j     pc - 8
core   0: 3 0x8000b98c (0xbfe5)
core   0: 0x8000b984 (0x00001f17) auipc   t5, 0x1
core   0: 3 0x8000b984 (0x00001f17) x30 0x8000c984
core   0: 0x8000b988 (0x663f2e23) sw      gp, 1660(t5)
core   0: 3 0x8000b988 (0x663f2e23) mem 0x8000d000 0x00000001
core   0: 0x8000b98c (0x0000bfe5) c.j     pc - 8
core   0: 3 0x8000b98c (0xbfe5)
core   0: 0x8000b984 (0x00001f17) auipc   t5, 0x1
core   0: 3 0x8000b984 (0x00001f17) x30 0x8000c984
core   0: 0x8000b988 (0x663f2e23) sw      gp, 1660(t5)
core   0: 3 0x8000b988 (0x663f2e23) mem 0x8000d000 0x00000001
core   0: 0x8000b98c (0x0000bfe5) c.j     pc - 8
core   0: 3 0x8000b98c (0xbfe5)
core   0: 0x8000b984 (0x00001f17) auipc   t5, 0x1
core   0: 3 0x8000b984 (0x00001f17) x30 0x8000c984
core   0: 0x8000b988 (0x663f2e23) sw      gp, 1660(t5)
core   0: 3 0x8000b988 (0x663f2e23) mem 0x8000d000 0x00000001
core   0: 0x8000b98c (0x0000bfe5) c.j     pc - 8
core   0: 3 0x8000b98c (0xbfe5)
core   0: 0x8000b984 (0x00001f17) auipc   t5, 0x1
core   0: 3 0x8000b984 (0x00001f17) x30 0x8000c984
core   0: 0x8000b988 (0x663f2e23) sw      gp, 1660(t5)
core   0: 3 0x8000b988 (0x663f2e23) mem 0x8000d000 0x00000001
core   0: 0x8000b98c (0x0000bfe5) c.j     pc - 8
core   0: 3 0x8000b98c (0xbfe5)
core   0: 0x8000b984 (0x00001f17) auipc   t5, 0x1
core   0: 3 0x8000b984 (0x00001f17) x30 0x8000c984
core   0: 0x8000b988 (0x663f2e23) sw      gp, 1660(t5)
core   0: 3 0x8000b988 (0x663f2e23) mem 0x8000d000 0x00000001
core   0: 0x8000b98c (0x0000bfe5) c.j     pc - 8
core   0: 3 0x8000b98c (0xbfe5)
core   0: 0x8000b984 (0x00001f17) auipc   t5, 0x1
core   0: 3 0x8000b984 (0x00001f17) x30 0x8000c984
core   0: 0x8000b988 (0x663f2e23) sw      gp, 1660(t5)
core   0: 3 0x8000b988 (0x663f2e23) mem 0x8000d000 0x00000001
core   0: 0x8000b98c (0x0000bfe5) c.j     pc - 8
core   0: 3 0x8000b98c (0xbfe5)
core   0: 0x8000b984 (0x00001f17) auipc   t5, 0x1
core   0: 3 0x8000b984 (0x00001f17) x30 0x8000c984
core   0: 0x8000b988 (0x663f2e23) sw      gp, 1660(t5)
core   0: 3 0x8000b988 (0x663f2e23) mem 0x8000d000 0x00000001
core   0: 0x8000b98c (0x0000bfe5) c.j     pc - 8
core   0: 3 0x8000b98c (0xbfe5)
core   0: 0x8000b984 (0x00001f17) auipc   t5, 0x1
core   0: 3 0x8000b984 (0x00001f17) x30 0x8000c984
core   0: 0x8000b988 (0x663f2e23) sw      gp, 1660(t5)
core   0: 3 0x8000b988 (0x663f2e23) mem 0x8000d000 0x00000001
core   0: 0x8000b98c (0x0000bfe5) c.j     pc - 8
core   0: 3 0x8000b98c (0xbfe5)
core   0: 0x8000b984 (0x00001f17) auipc   t5, 0x1
core   0: 3 0x8000b984 (0x00001f17) x30 0x8000c984
core   0: 0x8000b988 (0x663f2e23) sw      gp, 1660(t5)
core   0: 3 0x8000b988 (0x663f2e23) mem 0x8000d000 0x00000001
core   0: 0x8000b98c (0x0000bfe5) c.j     pc - 8
core   0: 3 0x8000b98c (0xbfe5)
core   0: 0x8000b984 (0x00001f17) auipc   t5, 0x1
core   0: 3 0x8000b984 (0x00001f17) x30 0x8000c984
core   0: 0x8000b988 (0x663f2e23) sw      gp, 1660(t5)
core   0: 3 0x8000b988 (0x663f2e23) mem 0x8000d000 0x00000001
core   0: 0x8000b98c (0x0000bfe5) c.j     pc - 8
core   0: 3 0x8000b98c (0xbfe5)
core   0: 0x8000b984 (0x00001f17) auipc   t5, 0x1
core   0: 3 0x8000b984 (0x00001f17) x30 0x8000c984
core   0: 0x8000b988 (0x663f2e23) sw      gp, 1660(t5)
core   0: 3 0x8000b988 (0x663f2e23) mem 0x8000d000 0x00000001
core   0: 0x8000b98c (0x0000bfe5) c.j     pc - 8
core   0: 3 0x8000b98c (0xbfe5)
core   0: 0x8000b984 (0x00001f17) auipc   t5, 0x1
core   0: 3 0x8000b984 (0x00001f17) x30 0x8000c984
core   0: 0x8000b988 (0x663f2e23) sw      gp, 1660(t5)
core   0: 3 0x8000b988 (0x663f2e23) mem 0x8000d000 0x00000001
core   0: 0x8000b98c (0x0000bfe5) c.j     pc - 8
core   0: 3 0x8000b98c (0xbfe5)
core   0: 0x8000b984 (0x00001f17) auipc   t5, 0x1
core   0: 3 0x8000b984 (0x00001f17) x30 0x8000c984
core   0: 0x8000b988 (0x663f2e23) sw      gp, 1660(t5)
core   0: 3 0x8000b988 (0x663f2e23) mem 0x8000d000 0x00000001
core   0: 0x8000b98c (0x0000bfe5) c.j     pc - 8
core   0: 3 0x8000b98c (0xbfe5)
core   0: 0x8000b984 (0x00001f17) auipc   t5, 0x1
core   0: 3 0x8000b984 (0x00001f17) x30 0x8000c984
core   0: 0x8000b988 (0x663f2e23) sw      gp, 1660(t5)
core   0: 3 0x8000b988 (0x663f2e23) mem 0x8000d000 0x00000001
core   0: 0x8000b98c (0x0000bfe5) c.j     pc - 8
core   0: 3 0x8000b98c (0xbfe5)
core   0: 0x8000b984 (0x00001f17) auipc   t5, 0x1
core   0: 3 0x8000b984 (0x00001f17) x30 0x8000c984
core   0: 0x8000b988 (0x663f2e23) sw      gp, 1660(t5)
core   0: 3 0x8000b988 (0x663f2e23) mem 0x8000d000 0x00000001
core   0: 0x8000b98c (0x0000bfe5) c.j     pc - 8
core   0: 3 0x8000b98c (0xbfe5)
core   0: 0x8000b984 (0x00001f17) auipc   t5, 0x1
core   0: 3 0x8000b984 (0x00001f17) x30 0x8000c984
core   0: 0x8000b988 (0x663f2e23) sw      gp, 1660(t5)
core   0: 3 0x8000b988 (0x663f2e23) mem 0x8000d000 0x00000001
core   0: 0x8000b98c (0x0000bfe5) c.j     pc - 8
core   0: 3 0x8000b98c (0xbfe5)
core   0: 0x8000b984 (0x00001f17) auipc   t5, 0x1
core   0: 3 0x8000b984 (0x00001f17) x30 0x8000c984
core   0: 0x8000b988 (0x663f2e23) sw      gp, 1660(t5)
core   0: 3 0x8000b988 (0x663f2e23) mem 0x8000d000 0x00000001
core   0: 0x8000b98c (0x0000bfe5) c.j     pc - 8
core   0: 3 0x8000b98c (0xbfe5)
core   0: 0x8000b984 (0x00001f17) auipc   t5, 0x1
core   0: 3 0x8000b984 (0x00001f17) x30 0x8000c984
core   0: 0x8000b988 (0x663f2e23) sw      gp, 1660(t5)
core   0: 3 0x8000b988 (0x663f2e23) mem 0x8000d000 0x00000001
core   0: 0x8000b98c (0x0000bfe5) c.j     pc - 8
core   0: 3 0x8000b98c (0xbfe5)
core   0: 0x8000b984 (0x00001f17) auipc   t5, 0x1
core   0: 3 0x8000b984 (0x00001f17) x30 0x8000c984
core   0: 0x8000b988 (0x663f2e23) sw      gp, 1660(t5)
core   0: 3 0x8000b988 (0x663f2e23) mem 0x8000d000 0x00000001
core   0: 0x8000b98c (0x0000bfe5) c.j     pc - 8
core   0: 3 0x8000b98c (0xbfe5)
core   0: 0x8000b984 (0x00001f17) auipc   t5, 0x1
core   0: 3 0x8000b984 (0x00001f17) x30 0x8000c984
core   0: 0x8000b988 (0x663f2e23) sw      gp, 1660(t5)
core   0: 3 0x8000b988 (0x663f2e23) mem 0x8000d000 0x00000001
core   0: 0x8000b98c (0x0000bfe5) c.j     pc - 8
core   0: 3 0x8000b98c (0xbfe5)
core   0: 0x8000b984 (0x00001f17) auipc   t5, 0x1
core   0: 3 0x8000b984 (0x00001f17) x30 0x8000c984
core   0: 0x8000b988 (0x663f2e23) sw      gp, 1660(t5)
core   0: 3 0x8000b988 (0x663f2e23) mem 0x8000d000 0x00000001
core   0: 0x8000b98c (0x0000bfe5) c.j     pc - 8
core   0: 3 0x8000b98c (0xbfe5)
core   0: 0x8000b984 (0x00001f17) auipc   t5, 0x1
core   0: 3 0x8000b984 (0x00001f17) x30 0x8000c984
core   0: 0x8000b988 (0x663f2e23) sw      gp, 1660(t5)
core   0: 3 0x8000b988 (0x663f2e23) mem 0x8000d000 0x00000001
core   0: 0x8000b98c (0x0000bfe5) c.j     pc - 8
core   0: 3 0x8000b98c (0xbfe5)
core   0: 0x8000b984 (0x00001f17) auipc   t5, 0x1
core   0: 3 0x8000b984 (0x00001f17) x30 0x8000c984
core   0: 0x8000b988 (0x663f2e23) sw      gp, 1660(t5)
core   0: 3 0x8000b988 (0x663f2e23) mem 0x8000d000 0x00000001
core   0: 0x8000b98c (0x0000bfe5) c.j     pc - 8
core   0: 3 0x8000b98c (0xbfe5)
core   0: 0x8000b984 (0x00001f17) auipc   t5, 0x1
core   0: 3 0x8000b984 (0x00001f17) x30 0x8000c984
core   0: 0x8000b988 (0x663f2e23) sw      gp, 1660(t5)
core   0: 3 0x8000b988 (0x663f2e23) mem 0x8000d000 0x00000001
core   0: 0x8000b98c (0x0000bfe5) c.j     pc - 8
core   0: 3 0x8000b98c (0xbfe5)
core   0: 0x8000b984 (0x00001f17) auipc   t5, 0x1
core   0: 3 0x8000b984 (0x00001f17) x30 0x8000c984
core   0: 0x8000b988 (0x663f2e23) sw      gp, 1660(t5)
core   0: 3 0x8000b988 (0x663f2e23) mem 0x8000d000 0x00000001
core   0: 0x8000b98c (0x0000bfe5) c.j     pc - 8
core   0: 3 0x8000b98c (0xbfe5)
core   0: 0x8000b984 (0x00001f17) auipc   t5, 0x1
core   0: 3 0x8000b984 (0x00001f17) x30 0x8000c984
core   0: 0x8000b988 (0x663f2e23) sw      gp, 1660(t5)
core   0: 3 0x8000b988 (0x663f2e23) mem 0x8000d000 0x00000001
core   0: 0x8000b98c (0x0000bfe5) c.j     pc - 8
core   0: 3 0x8000b98c (0xbfe5)
core   0: 0x8000b984 (0x00001f17) auipc   t5, 0x1
core   0: 3 0x8000b984 (0x00001f17) x30 0x8000c984
core   0: 0x8000b988 (0x663f2e23) sw      gp, 1660(t5)
core   0: 3 0x8000b988 (0x663f2e23) mem 0x8000d000 0x00000001
core   0: 0x8000b98c (0x0000bfe5) c.j     pc - 8
core   0: 3 0x8000b98c (0xbfe5)
core   0: 0x8000b984 (0x00001f17) auipc   t5, 0x1
core   0: 3 0x8000b984 (0x00001f17) x30 0x8000c984
core   0: 0x8000b988 (0x663f2e23) sw      gp, 1660(t5)
core   0: 3 0x8000b988 (0x663f2e23) mem 0x8000d000 0x00000001
core   0: 0x8000b98c (0x0000bfe5) c.j     pc - 8
core   0: 3 0x8000b98c (0xbfe5)
core   0: 0x8000b984 (0x00001f17) auipc   t5, 0x1
core   0: 3 0x8000b984 (0x00001f17) x30 0x8000c984
core   0: 0x8000b988 (0x663f2e23) sw      gp, 1660(t5)
core   0: 3 0x8000b988 (0x663f2e23) mem 0x8000d000 0x00000001
core   0: 0x8000b98c (0x0000bfe5) c.j     pc - 8
core   0: 3 0x8000b98c (0xbfe5)
core   0: 0x8000b984 (0x00001f17) auipc   t5, 0x1
core   0: 3 0x8000b984 (0x00001f17) x30 0x8000c984
core   0: 0x8000b988 (0x663f2e23) sw      gp, 1660(t5)
core   0: 3 0x8000b988 (0x663f2e23) mem 0x8000d000 0x00000001
core   0: 0x8000b98c (0x0000bfe5) c.j     pc - 8
core   0: 3 0x8000b98c (0xbfe5)
core   0: 0x8000b984 (0x00001f17) auipc   t5, 0x1
core   0: 3 0x8000b984 (0x00001f17) x30 0x8000c984
core   0: 0x8000b988 (0x663f2e23) sw      gp, 1660(t5)
core   0: 3 0x8000b988 (0x663f2e23) mem 0x8000d000 0x00000001
core   0: 0x8000b98c (0x0000bfe5) c.j     pc - 8
core   0: 3 0x8000b98c (0xbfe5)
core   0: 0x8000b984 (0x00001f17) auipc   t5, 0x1
core   0: 3 0x8000b984 (0x00001f17) x30 0x8000c984
core   0: 0x8000b988 (0x663f2e23) sw      gp, 1660(t5)
core   0: 3 0x8000b988 (0x663f2e23) mem 0x8000d000 0x00000001
core   0: 0x8000b98c (0x0000bfe5) c.j     pc - 8
core   0: 3 0x8000b98c (0xbfe5)
core   0: 0x8000b984 (0x00001f17) auipc   t5, 0x1
core   0: 3 0x8000b984 (0x00001f17) x30 0x8000c984
core   0: 0x8000b988 (0x663f2e23) sw      gp, 1660(t5)
core   0: 3 0x8000b988 (0x663f2e23) mem 0x8000d000 0x00000001
core   0: 0x8000b98c (0x0000bfe5) c.j     pc - 8
core   0: 3 0x8000b98c (0xbfe5)
core   0: 0x8000b984 (0x00001f17) auipc   t5, 0x1
core   0: 3 0x8000b984 (0x00001f17) x30 0x8000c984
core   0: 0x8000b988 (0x663f2e23) sw      gp, 1660(t5)
core   0: 3 0x8000b988 (0x663f2e23) mem 0x8000d000 0x00000001
core   0: 0x8000b98c (0x0000bfe5) c.j     pc - 8
core   0: 3 0x8000b98c (0xbfe5)
core   0: 0x8000b984 (0x00001f17) auipc   t5, 0x1
core   0: 3 0x8000b984 (0x00001f17) x30 0x8000c984
core   0: 0x8000b988 (0x663f2e23) sw      gp, 1660(t5)
core   0: 3 0x8000b988 (0x663f2e23) mem 0x8000d000 0x00000001
core   0: 0x8000b98c (0x0000bfe5) c.j     pc - 8
core   0: 3 0x8000b98c (0xbfe5)
core   0: 0x8000b984 (0x00001f17) auipc   t5, 0x1
core   0: 3 0x8000b984 (0x00001f17) x30 0x8000c984
core   0: 0x8000b988 (0x663f2e23) sw      gp, 1660(t5)
core   0: 3 0x8000b988 (0x663f2e23) mem 0x8000d000 0x00000001
core   0: 0x8000b98c (0x0000bfe5) c.j     pc - 8
core   0: 3 0x8000b98c (0xbfe5)
core   0: 0x8000b984 (0x00001f17) auipc   t5, 0x1
core   0: 3 0x8000b984 (0x00001f17) x30 0x8000c984
core   0: 0x8000b988 (0x663f2e23) sw      gp, 1660(t5)
core   0: 3 0x8000b988 (0x663f2e23) mem 0x8000d000 0x00000001
core   0: 0x8000b98c (0x0000bfe5) c.j     pc - 8
core   0: 3 0x8000b98c (0xbfe5)
core   0: 0x8000b984 (0x00001f17) auipc   t5, 0x1
core   0: 3 0x8000b984 (0x00001f17) x30 0x8000c984
core   0: 0x8000b988 (0x663f2e23) sw      gp, 1660(t5)
core   0: 3 0x8000b988 (0x663f2e23) mem 0x8000d000 0x00000001
core   0: 0x8000b98c (0x0000bfe5) c.j     pc - 8
core   0: 3 0x8000b98c (0xbfe5)
core   0: 0x8000b984 (0x00001f17) auipc   t5, 0x1
core   0: 3 0x8000b984 (0x00001f17) x30 0x8000c984
core   0: 0x8000b988 (0x663f2e23) sw      gp, 1660(t5)
core   0: 3 0x8000b988 (0x663f2e23) mem 0x8000d000 0x00000001
core   0: 0x8000b98c (0x0000bfe5) c.j     pc - 8
core   0: 3 0x8000b98c (0xbfe5)
core   0: 0x8000b984 (0x00001f17) auipc   t5, 0x1
core   0: 3 0x8000b984 (0x00001f17) x30 0x8000c984
core   0: 0x8000b988 (0x663f2e23) sw      gp, 1660(t5)
core   0: 3 0x8000b988 (0x663f2e23) mem 0x8000d000 0x00000001
core   0: 0x8000b98c (0x0000bfe5) c.j     pc - 8
core   0: 3 0x8000b98c (0xbfe5)
core   0: 0x8000b984 (0x00001f17) auipc   t5, 0x1
core   0: 3 0x8000b984 (0x00001f17) x30 0x8000c984
core   0: 0x8000b988 (0x663f2e23) sw      gp, 1660(t5)
core   0: 3 0x8000b988 (0x663f2e23) mem 0x8000d000 0x00000001
core   0: 0x8000b98c (0x0000bfe5) c.j     pc - 8
core   0: 3 0x8000b98c (0xbfe5)
core   0: 0x8000b984 (0x00001f17) auipc   t5, 0x1
core   0: 3 0x8000b984 (0x00001f17) x30 0x8000c984
core   0: 0x8000b988 (0x663f2e23) sw      gp, 1660(t5)
core   0: 3 0x8000b988 (0x663f2e23) mem 0x8000d000 0x00000001
core   0: 0x8000b98c (0x0000bfe5) c.j     pc - 8
core   0: 3 0x8000b98c (0xbfe5)
core   0: 0x8000b984 (0x00001f17) auipc   t5, 0x1
core   0: 3 0x8000b984 (0x00001f17) x30 0x8000c984
core   0: 0x8000b988 (0x663f2e23) sw      gp, 1660(t5)
core   0: 3 0x8000b988 (0x663f2e23) mem 0x8000d000 0x00000001
core   0: 0x8000b98c (0x0000bfe5) c.j     pc - 8
core   0: 3 0x8000b98c (0xbfe5)
core   0: 0x8000b984 (0x00001f17) auipc   t5, 0x1
core   0: 3 0x8000b984 (0x00001f17) x30 0x8000c984
core   0: 0x8000b988 (0x663f2e23) sw      gp, 1660(t5)
core   0: 3 0x8000b988 (0x663f2e23) mem 0x8000d000 0x00000001
core   0: 0x8000b98c (0x0000bfe5) c.j     pc - 8
core   0: 3 0x8000b98c (0xbfe5)
core   0: 0x8000b984 (0x00001f17) auipc   t5, 0x1
core   0: 3 0x8000b984 (0x00001f17) x30 0x8000c984
core   0: 0x8000b988 (0x663f2e23) sw      gp, 1660(t5)
core   0: 3 0x8000b988 (0x663f2e23) mem 0x8000d000 0x00000001
core   0: 0x8000b98c (0x0000bfe5) c.j     pc - 8
core   0: 3 0x8000b98c (0xbfe5)
core   0: 0x8000b984 (0x00001f17) auipc   t5, 0x1
core   0: 3 0x8000b984 (0x00001f17) x30 0x8000c984
core   0: 0x8000b988 (0x663f2e23) sw      gp, 1660(t5)
core   0: 3 0x8000b988 (0x663f2e23) mem 0x8000d000 0x00000001
core   0: 0x8000b98c (0x0000bfe5) c.j     pc - 8
core   0: 3 0x8000b98c (0xbfe5)
core   0: 0x8000b984 (0x00001f17) auipc   t5, 0x1
core   0: 3 0x8000b984 (0x00001f17) x30 0x8000c984
core   0: 0x8000b988 (0x663f2e23) sw      gp, 1660(t5)
core   0: 3 0x8000b988 (0x663f2e23) mem 0x8000d000 0x00000001
core   0: 0x8000b98c (0x0000bfe5) c.j     pc - 8
core   0: 3 0x8000b98c (0xbfe5)
core   0: 0x8000b984 (0x00001f17) auipc   t5, 0x1
core   0: 3 0x8000b984 (0x00001f17) x30 0x8000c984
core   0: 0x8000b988 (0x663f2e23) sw      gp, 1660(t5)
core   0: 3 0x8000b988 (0x663f2e23) mem 0x8000d000 0x00000001
core   0: 0x8000b98c (0x0000bfe5) c.j     pc - 8
core   0: 3 0x8000b98c (0xbfe5)
core   0: 0x8000b984 (0x00001f17) auipc   t5, 0x1
core   0: 3 0x8000b984 (0x00001f17) x30 0x8000c984
core   0: 0x8000b988 (0x663f2e23) sw      gp, 1660(t5)
core   0: 3 0x8000b988 (0x663f2e23) mem 0x8000d000 0x00000001
core   0: 0x8000b98c (0x0000bfe5) c.j     pc - 8
core   0: 3 0x8000b98c (0xbfe5)
core   0: 0x8000b984 (0x00001f17) auipc   t5, 0x1
core   0: 3 0x8000b984 (0x00001f17) x30 0x8000c984
core   0: 0x8000b988 (0x663f2e23) sw      gp, 1660(t5)
core   0: 3 0x8000b988 (0x663f2e23) mem 0x8000d000 0x00000001
core   0: 0x8000b98c (0x0000bfe5) c.j     pc - 8
core   0: 3 0x8000b98c (0xbfe5)
core   0: 0x8000b984 (0x00001f17) auipc   t5, 0x1
core   0: 3 0x8000b984 (0x00001f17) x30 0x8000c984
core   0: 0x8000b988 (0x663f2e23) sw      gp, 1660(t5)
core   0: 3 0x8000b988 (0x663f2e23) mem 0x8000d000 0x00000001
core   0: 0x8000b98c (0x0000bfe5) c.j     pc - 8
core   0: 3 0x8000b98c (0xbfe5)
core   0: 0x8000b984 (0x00001f17) auipc   t5, 0x1
core   0: 3 0x8000b984 (0x00001f17) x30 0x8000c984
core   0: 0x8000b988 (0x663f2e23) sw      gp, 1660(t5)
core   0: 3 0x8000b988 (0x663f2e23) mem 0x8000d000 0x00000001
core   0: 0x8000b98c (0x0000bfe5) c.j     pc - 8
core   0: 3 0x8000b98c (0xbfe5)
core   0: 0x8000b984 (0x00001f17) auipc   t5, 0x1
core   0: 3 0x8000b984 (0x00001f17) x30 0x8000c984
core   0: 0x8000b988 (0x663f2e23) sw      gp, 1660(t5)
core   0: 3 0x8000b988 (0x663f2e23) mem 0x8000d000 0x00000001
core   0: 0x8000b98c (0x0000bfe5) c.j     pc - 8
core   0: 3 0x8000b98c (0xbfe5)
core   0: 0x8000b984 (0x00001f17) auipc   t5, 0x1
core   0: 3 0x8000b984 (0x00001f17) x30 0x8000c984
core   0: 0x8000b988 (0x663f2e23) sw      gp, 1660(t5)
core   0: 3 0x8000b988 (0x663f2e23) mem 0x8000d000 0x00000001
core   0: 0x8000b98c (0x0000bfe5) c.j     pc - 8
core   0: 3 0x8000b98c (0xbfe5)
core   0: 0x8000b984 (0x00001f17) auipc   t5, 0x1
core   0: 3 0x8000b984 (0x00001f17) x30 0x8000c984
core   0: 0x8000b988 (0x663f2e23) sw      gp, 1660(t5)
core   0: 3 0x8000b988 (0x663f2e23) mem 0x8000d000 0x00000001
core   0: 0x8000b98c (0x0000bfe5) c.j     pc - 8
core   0: 3 0x8000b98c (0xbfe5)
core   0: 0x8000b984 (0x00001f17) auipc   t5, 0x1
core   0: 3 0x8000b984 (0x00001f17) x30 0x8000c984
core   0: 0x8000b988 (0x663f2e23) sw      gp, 1660(t5)
core   0: 3 0x8000b988 (0x663f2e23) mem 0x8000d000 0x00000001
core   0: 0x8000b98c (0x0000bfe5) c.j     pc - 8
core   0: 3 0x8000b98c (0xbfe5)
core   0: 0x8000b984 (0x00001f17) auipc   t5, 0x1
core   0: 3 0x8000b984 (0x00001f17) x30 0x8000c984
core   0: 0x8000b988 (0x663f2e23) sw      gp, 1660(t5)
core   0: 3 0x8000b988 (0x663f2e23) mem 0x8000d000 0x00000001
core   0: 0x8000b98c (0x0000bfe5) c.j     pc - 8
core   0: 3 0x8000b98c (0xbfe5)
core   0: 0x8000b984 (0x00001f17) auipc   t5, 0x1
core   0: 3 0x8000b984 (0x00001f17) x30 0x8000c984
core   0: 0x8000b988 (0x663f2e23) sw      gp, 1660(t5)
core   0: 3 0x8000b988 (0x663f2e23) mem 0x8000d000 0x00000001
core   0: 0x8000b98c (0x0000bfe5) c.j     pc - 8
core   0: 3 0x8000b98c (0xbfe5)
core   0: 0x8000b984 (0x00001f17) auipc   t5, 0x1
core   0: 3 0x8000b984 (0x00001f17) x30 0x8000c984
core   0: 0x8000b988 (0x663f2e23) sw      gp, 1660(t5)
core   0: 3 0x8000b988 (0x663f2e23) mem 0x8000d000 0x00000001
core   0: 0x8000b98c (0x0000bfe5) c.j     pc - 8
core   0: 3 0x8000b98c (0xbfe5)
core   0: 0x8000b984 (0x00001f17) auipc   t5, 0x1
core   0: 3 0x8000b984 (0x00001f17) x30 0x8000c984
core   0: 0x8000b988 (0x663f2e23) sw      gp, 1660(t5)
core   0: 3 0x8000b988 (0x663f2e23) mem 0x8000d000 0x00000001
core   0: 0x8000b98c (0x0000bfe5) c.j     pc - 8
core   0: 3 0x8000b98c (0xbfe5)
core   0: 0x8000b984 (0x00001f17) auipc   t5, 0x1
core   0: 3 0x8000b984 (0x00001f17) x30 0x8000c984
core   0: 0x8000b988 (0x663f2e23) sw      gp, 1660(t5)
core   0: 3 0x8000b988 (0x663f2e23) mem 0x8000d000 0x00000001
core   0: 0x8000b98c (0x0000bfe5) c.j     pc - 8
core   0: 3 0x8000b98c (0xbfe5)
core   0: 0x8000b984 (0x00001f17) auipc   t5, 0x1
core   0: 3 0x8000b984 (0x00001f17) x30 0x8000c984
core   0: 0x8000b988 (0x663f2e23) sw      gp, 1660(t5)
core   0: 3 0x8000b988 (0x663f2e23) mem 0x8000d000 0x00000001
core   0: 0x8000b98c (0x0000bfe5) c.j     pc - 8
core   0: 3 0x8000b98c (0xbfe5)
core   0: 0x8000b984 (0x00001f17) auipc   t5, 0x1
core   0: 3 0x8000b984 (0x00001f17) x30 0x8000c984
core   0: 0x8000b988 (0x663f2e23) sw      gp, 1660(t5)
core   0: 3 0x8000b988 (0x663f2e23) mem 0x8000d000 0x00000001
core   0: 0x8000b98c (0x0000bfe5) c.j     pc - 8
core   0: 3 0x8000b98c (0xbfe5)
core   0: 0x8000b984 (0x00001f17) auipc   t5, 0x1
core   0: 3 0x8000b984 (0x00001f17) x30 0x8000c984
core   0: 0x8000b988 (0x663f2e23) sw      gp, 1660(t5)
core   0: 3 0x8000b988 (0x663f2e23) mem 0x8000d000 0x00000001
core   0: 0x8000b98c (0x0000bfe5) c.j     pc - 8
core   0: 3 0x8000b98c (0xbfe5)
core   0: 0x8000b984 (0x00001f17) auipc   t5, 0x1
core   0: 3 0x8000b984 (0x00001f17) x30 0x8000c984
core   0: 0x8000b988 (0x663f2e23) sw      gp, 1660(t5)
core   0: 3 0x8000b988 (0x663f2e23) mem 0x8000d000 0x00000001
core   0: 0x8000b98c (0x0000bfe5) c.j     pc - 8
core   0: 3 0x8000b98c (0xbfe5)
core   0: 0x8000b984 (0x00001f17) auipc   t5, 0x1
core   0: 3 0x8000b984 (0x00001f17) x30 0x8000c984
core   0: 0x8000b988 (0x663f2e23) sw      gp, 1660(t5)
core   0: 3 0x8000b988 (0x663f2e23) mem 0x8000d000 0x00000001
core   0: 0x8000b98c (0x0000bfe5) c.j     pc - 8
core   0: 3 0x8000b98c (0xbfe5)
core   0: 0x8000b984 (0x00001f17) auipc   t5, 0x1
core   0: 3 0x8000b984 (0x00001f17) x30 0x8000c984
core   0: 0x8000b988 (0x663f2e23) sw      gp, 1660(t5)
core   0: 3 0x8000b988 (0x663f2e23) mem 0x8000d000 0x00000001
core   0: 0x8000b98c (0x0000bfe5) c.j     pc - 8
core   0: 3 0x8000b98c (0xbfe5)
core   0: 0x8000b984 (0x00001f17) auipc   t5, 0x1
core   0: 3 0x8000b984 (0x00001f17) x30 0x8000c984
core   0: 0x8000b988 (0x663f2e23) sw      gp, 1660(t5)
core   0: 3 0x8000b988 (0x663f2e23) mem 0x8000d000 0x00000001
core   0: 0x8000b98c (0x0000bfe5) c.j     pc - 8
core   0: 3 0x8000b98c (0xbfe5)
core   0: 0x8000b984 (0x00001f17) auipc   t5, 0x1
core   0: 3 0x8000b984 (0x00001f17) x30 0x8000c984
core   0: 0x8000b988 (0x663f2e23) sw      gp, 1660(t5)
core   0: 3 0x8000b988 (0x663f2e23) mem 0x8000d000 0x00000001
core   0: 0x8000b98c (0x0000bfe5) c.j     pc - 8
core   0: 3 0x8000b98c (0xbfe5)
core   0: 0x8000b984 (0x00001f17) auipc   t5, 0x1
core   0: 3 0x8000b984 (0x00001f17) x30 0x8000c984
core   0: 0x8000b988 (0x663f2e23) sw      gp, 1660(t5)
core   0: 3 0x8000b988 (0x663f2e23) mem 0x8000d000 0x00000001
core   0: 0x8000b98c (0x0000bfe5) c.j     pc - 8
core   0: 3 0x8000b98c (0xbfe5)
core   0: 0x8000b984 (0x00001f17) auipc   t5, 0x1
core   0: 3 0x8000b984 (0x00001f17) x30 0x8000c984
core   0: 0x8000b988 (0x663f2e23) sw      gp, 1660(t5)
core   0: 3 0x8000b988 (0x663f2e23) mem 0x8000d000 0x00000001
core   0: 0x8000b98c (0x0000bfe5) c.j     pc - 8
core   0: 3 0x8000b98c (0xbfe5)
core   0: 0x8000b984 (0x00001f17) auipc   t5, 0x1
core   0: 3 0x8000b984 (0x00001f17) x30 0x8000c984
core   0: 0x8000b988 (0x663f2e23) sw      gp, 1660(t5)
core   0: 3 0x8000b988 (0x663f2e23) mem 0x8000d000 0x00000001
core   0: 0x8000b98c (0x0000bfe5) c.j     pc - 8
core   0: 3 0x8000b98c (0xbfe5)
core   0: 0x8000b984 (0x00001f17) auipc   t5, 0x1
core   0: 3 0x8000b984 (0x00001f17) x30 0x8000c984
core   0: 0x8000b988 (0x663f2e23) sw      gp, 1660(t5)
core   0: 3 0x8000b988 (0x663f2e23) mem 0x8000d000 0x00000001
core   0: 0x8000b98c (0x0000bfe5) c.j     pc - 8
core   0: 3 0x8000b98c (0xbfe5)
core   0: 0x8000b984 (0x00001f17) auipc   t5, 0x1
core   0: 3 0x8000b984 (0x00001f17) x30 0x8000c984
core   0: 0x8000b988 (0x663f2e23) sw      gp, 1660(t5)
core   0: 3 0x8000b988 (0x663f2e23) mem 0x8000d000 0x00000001
core   0: 0x8000b98c (0x0000bfe5) c.j     pc - 8
core   0: 3 0x8000b98c (0xbfe5)
core   0: 0x8000b984 (0x00001f17) auipc   t5, 0x1
core   0: 3 0x8000b984 (0x00001f17) x30 0x8000c984
core   0: 0x8000b988 (0x663f2e23) sw      gp, 1660(t5)
core   0: 3 0x8000b988 (0x663f2e23) mem 0x8000d000 0x00000001
core   0: 0x8000b98c (0x0000bfe5) c.j     pc - 8
core   0: 3 0x8000b98c (0xbfe5)
core   0: 0x8000b984 (0x00001f17) auipc   t5, 0x1
core   0: 3 0x8000b984 (0x00001f17) x30 0x8000c984
core   0: 0x8000b988 (0x663f2e23) sw      gp, 1660(t5)
core   0: 3 0x8000b988 (0x663f2e23) mem 0x8000d000 0x00000001
core   0: 0x8000b98c (0x0000bfe5) c.j     pc - 8
core   0: 3 0x8000b98c (0xbfe5)
core   0: 0x8000b984 (0x00001f17) auipc   t5, 0x1
core   0: 3 0x8000b984 (0x00001f17) x30 0x8000c984
core   0: 0x8000b988 (0x663f2e23) sw      gp, 1660(t5)
core   0: 3 0x8000b988 (0x663f2e23) mem 0x8000d000 0x00000001
core   0: 0x8000b98c (0x0000bfe5) c.j     pc - 8
core   0: 3 0x8000b98c (0xbfe5)
core   0: 0x8000b984 (0x00001f17) auipc   t5, 0x1
core   0: 3 0x8000b984 (0x00001f17) x30 0x8000c984
core   0: 0x8000b988 (0x663f2e23) sw      gp, 1660(t5)
core   0: 3 0x8000b988 (0x663f2e23) mem 0x8000d000 0x00000001
core   0: 0x8000b98c (0x0000bfe5) c.j     pc - 8
core   0: 3 0x8000b98c (0xbfe5)
core   0: 0x8000b984 (0x00001f17) auipc   t5, 0x1
core   0: 3 0x8000b984 (0x00001f17) x30 0x8000c984
core   0: 0x8000b988 (0x663f2e23) sw      gp, 1660(t5)
core   0: 3 0x8000b988 (0x663f2e23) mem 0x8000d000 0x00000001
core   0: 0x8000b98c (0x0000bfe5) c.j     pc - 8
core   0: 3 0x8000b98c (0xbfe5)
core   0: 0x8000b984 (0x00001f17) auipc   t5, 0x1
core   0: 3 0x8000b984 (0x00001f17) x30 0x8000c984
core   0: 0x8000b988 (0x663f2e23) sw      gp, 1660(t5)
core   0: 3 0x8000b988 (0x663f2e23) mem 0x8000d000 0x00000001
core   0: 0x8000b98c (0x0000bfe5) c.j     pc - 8
core   0: 3 0x8000b98c (0xbfe5)
core   0: 0x8000b984 (0x00001f17) auipc   t5, 0x1
core   0: 3 0x8000b984 (0x00001f17) x30 0x8000c984
core   0: 0x8000b988 (0x663f2e23) sw      gp, 1660(t5)
core   0: 3 0x8000b988 (0x663f2e23) mem 0x8000d000 0x00000001
core   0: 0x8000b98c (0x0000bfe5) c.j     pc - 8
core   0: 3 0x8000b98c (0xbfe5)
core   0: 0x8000b984 (0x00001f17) auipc   t5, 0x1
core   0: 3 0x8000b984 (0x00001f17) x30 0x8000c984
core   0: 0x8000b988 (0x663f2e23) sw      gp, 1660(t5)
core   0: 3 0x8000b988 (0x663f2e23) mem 0x8000d000 0x00000001
core   0: 0x8000b98c (0x0000bfe5) c.j     pc - 8
core   0: 3 0x8000b98c (0xbfe5)
core   0: 0x8000b984 (0x00001f17) auipc   t5, 0x1
core   0: 3 0x8000b984 (0x00001f17) x30 0x8000c984
core   0: 0x8000b988 (0x663f2e23) sw      gp, 1660(t5)
core   0: 3 0x8000b988 (0x663f2e23) mem 0x8000d000 0x00000001
core   0: 0x8000b98c (0x0000bfe5) c.j     pc - 8
core   0: 3 0x8000b98c (0xbfe5)
core   0: 0x8000b984 (0x00001f17) auipc   t5, 0x1
core   0: 3 0x8000b984 (0x00001f17) x30 0x8000c984
core   0: 0x8000b988 (0x663f2e23) sw      gp, 1660(t5)
core   0: 3 0x8000b988 (0x663f2e23) mem 0x8000d000 0x00000001
core   0: 0x8000b98c (0x0000bfe5) c.j     pc - 8
core   0: 3 0x8000b98c (0xbfe5)
core   0: 0x8000b984 (0x00001f17) auipc   t5, 0x1
core   0: 3 0x8000b984 (0x00001f17) x30 0x8000c984
core   0: 0x8000b988 (0x663f2e23) sw      gp, 1660(t5)
core   0: 3 0x8000b988 (0x663f2e23) mem 0x8000d000 0x00000001
core   0: 0x8000b98c (0x0000bfe5) c.j     pc - 8
core   0: 3 0x8000b98c (0xbfe5)
core   0: 0x8000b984 (0x00001f17) auipc   t5, 0x1
core   0: 3 0x8000b984 (0x00001f17) x30 0x8000c984
core   0: 0x8000b988 (0x663f2e23) sw      gp, 1660(t5)
core   0: 3 0x8000b988 (0x663f2e23) mem 0x8000d000 0x00000001
core   0: 0x8000b98c (0x0000bfe5) c.j     pc - 8
core   0: 3 0x8000b98c (0xbfe5)
core   0: 0x8000b984 (0x00001f17) auipc   t5, 0x1
core   0: 3 0x8000b984 (0x00001f17) x30 0x8000c984
core   0: 0x8000b988 (0x663f2e23) sw      gp, 1660(t5)
core   0: 3 0x8000b988 (0x663f2e23) mem 0x8000d000 0x00000001
core   0: 0x8000b98c (0x0000bfe5) c.j     pc - 8
core   0: 3 0x8000b98c (0xbfe5)
core   0: 0x8000b984 (0x00001f17) auipc   t5, 0x1
core   0: 3 0x8000b984 (0x00001f17) x30 0x8000c984
core   0: 0x8000b988 (0x663f2e23) sw      gp, 1660(t5)
core   0: 3 0x8000b988 (0x663f2e23) mem 0x8000d000 0x00000001
core   0: 0x8000b98c (0x0000bfe5) c.j     pc - 8
core   0: 3 0x8000b98c (0xbfe5)
core   0: 0x8000b984 (0x00001f17) auipc   t5, 0x1
core   0: 3 0x8000b984 (0x00001f17) x30 0x8000c984
core   0: 0x8000b988 (0x663f2e23) sw      gp, 1660(t5)
core   0: 3 0x8000b988 (0x663f2e23) mem 0x8000d000 0x00000001
core   0: 0x8000b98c (0x0000bfe5) c.j     pc - 8
core   0: 3 0x8000b98c (0xbfe5)
core   0: 0x8000b984 (0x00001f17) auipc   t5, 0x1
core   0: 3 0x8000b984 (0x00001f17) x30 0x8000c984
core   0: 0x8000b988 (0x663f2e23) sw      gp, 1660(t5)
core   0: 3 0x8000b988 (0x663f2e23) mem 0x8000d000 0x00000001
core   0: 0x8000b98c (0x0000bfe5) c.j     pc - 8
core   0: 3 0x8000b98c (0xbfe5)
core   0: 0x8000b984 (0x00001f17) auipc   t5, 0x1
core   0: 3 0x8000b984 (0x00001f17) x30 0x8000c984
core   0: 0x8000b988 (0x663f2e23) sw      gp, 1660(t5)
core   0: 3 0x8000b988 (0x663f2e23) mem 0x8000d000 0x00000001
core   0: 0x8000b98c (0x0000bfe5) c.j     pc - 8
core   0: 3 0x8000b98c (0xbfe5)
core   0: 0x8000b984 (0x00001f17) auipc   t5, 0x1
core   0: 3 0x8000b984 (0x00001f17) x30 0x8000c984
core   0: 0x8000b988 (0x663f2e23) sw      gp, 1660(t5)
core   0: 3 0x8000b988 (0x663f2e23) mem 0x8000d000 0x00000001
core   0: 0x8000b98c (0x0000bfe5) c.j     pc - 8
core   0: 3 0x8000b98c (0xbfe5)
core   0: 0x8000b984 (0x00001f17) auipc   t5, 0x1
core   0: 3 0x8000b984 (0x00001f17) x30 0x8000c984
core   0: 0x8000b988 (0x663f2e23) sw      gp, 1660(t5)
core   0: 3 0x8000b988 (0x663f2e23) mem 0x8000d000 0x00000001
core   0: 0x8000b98c (0x0000bfe5) c.j     pc - 8
core   0: 3 0x8000b98c (0xbfe5)
core   0: 0x8000b984 (0x00001f17) auipc   t5, 0x1
core   0: 3 0x8000b984 (0x00001f17) x30 0x8000c984
core   0: 0x8000b988 (0x663f2e23) sw      gp, 1660(t5)
core   0: 3 0x8000b988 (0x663f2e23) mem 0x8000d000 0x00000001
core   0: 0x8000b98c (0x0000bfe5) c.j     pc - 8
core   0: 3 0x8000b98c (0xbfe5)
core   0: 0x8000b984 (0x00001f17) auipc   t5, 0x1
core   0: 3 0x8000b984 (0x00001f17) x30 0x8000c984
core   0: 0x8000b988 (0x663f2e23) sw      gp, 1660(t5)
core   0: 3 0x8000b988 (0x663f2e23) mem 0x8000d000 0x00000001
core   0: 0x8000b98c (0x0000bfe5) c.j     pc - 8
core   0: 3 0x8000b98c (0xbfe5)
core   0: 0x8000b984 (0x00001f17) auipc   t5, 0x1
core   0: 3 0x8000b984 (0x00001f17) x30 0x8000c984
core   0: 0x8000b988 (0x663f2e23) sw      gp, 1660(t5)
core   0: 3 0x8000b988 (0x663f2e23) mem 0x8000d000 0x00000001
core   0: 0x8000b98c (0x0000bfe5) c.j     pc - 8
core   0: 3 0x8000b98c (0xbfe5)
core   0: 0x8000b984 (0x00001f17) auipc   t5, 0x1
core   0: 3 0x8000b984 (0x00001f17) x30 0x8000c984
core   0: 0x8000b988 (0x663f2e23) sw      gp, 1660(t5)
core   0: 3 0x8000b988 (0x663f2e23) mem 0x8000d000 0x00000001
core   0: 0x8000b98c (0x0000bfe5) c.j     pc - 8
core   0: 3 0x8000b98c (0xbfe5)
core   0: 0x8000b984 (0x00001f17) auipc   t5, 0x1
core   0: 3 0x8000b984 (0x00001f17) x30 0x8000c984
core   0: 0x8000b988 (0x663f2e23) sw      gp, 1660(t5)
core   0: 3 0x8000b988 (0x663f2e23) mem 0x8000d000 0x00000001
core   0: 0x8000b98c (0x0000bfe5) c.j     pc - 8
core   0: 3 0x8000b98c (0xbfe5)
core   0: 0x8000b984 (0x00001f17) auipc   t5, 0x1
core   0: 3 0x8000b984 (0x00001f17) x30 0x8000c984
core   0: 0x8000b988 (0x663f2e23) sw      gp, 1660(t5)
core   0: 3 0x8000b988 (0x663f2e23) mem 0x8000d000 0x00000001
core   0: 0x8000b98c (0x0000bfe5) c.j     pc - 8
core   0: 3 0x8000b98c (0xbfe5)
core   0: 0x8000b984 (0x00001f17) auipc   t5, 0x1
core   0: 3 0x8000b984 (0x00001f17) x30 0x8000c984
core   0: 0x8000b988 (0x663f2e23) sw      gp, 1660(t5)
core   0: 3 0x8000b988 (0x663f2e23) mem 0x8000d000 0x00000001
core   0: 0x8000b98c (0x0000bfe5) c.j     pc - 8
core   0: 3 0x8000b98c (0xbfe5)
core   0: 0x8000b984 (0x00001f17) auipc   t5, 0x1
core   0: 3 0x8000b984 (0x00001f17) x30 0x8000c984
core   0: 0x8000b988 (0x663f2e23) sw      gp, 1660(t5)
core   0: 3 0x8000b988 (0x663f2e23) mem 0x8000d000 0x00000001
core   0: 0x8000b98c (0x0000bfe5) c.j     pc - 8
core   0: 3 0x8000b98c (0xbfe5)
core   0: 0x8000b984 (0x00001f17) auipc   t5, 0x1
core   0: 3 0x8000b984 (0x00001f17) x30 0x8000c984
core   0: 0x8000b988 (0x663f2e23) sw      gp, 1660(t5)
core   0: 3 0x8000b988 (0x663f2e23) mem 0x8000d000 0x00000001
core   0: 0x8000b98c (0x0000bfe5) c.j     pc - 8
core   0: 3 0x8000b98c (0xbfe5)
core   0: 0x8000b984 (0x00001f17) auipc   t5, 0x1
core   0: 3 0x8000b984 (0x00001f17) x30 0x8000c984
core   0: 0x8000b988 (0x663f2e23) sw      gp, 1660(t5)
core   0: 3 0x8000b988 (0x663f2e23) mem 0x8000d000 0x00000001
core   0: 0x8000b98c (0x0000bfe5) c.j     pc - 8
core   0: 3 0x8000b98c (0xbfe5)
core   0: 0x8000b984 (0x00001f17) auipc   t5, 0x1
core   0: 3 0x8000b984 (0x00001f17) x30 0x8000c984
core   0: 0x8000b988 (0x663f2e23) sw      gp, 1660(t5)
core   0: 3 0x8000b988 (0x663f2e23) mem 0x8000d000 0x00000001
core   0: 0x8000b98c (0x0000bfe5) c.j     pc - 8
core   0: 3 0x8000b98c (0xbfe5)
core   0: 0x8000b984 (0x00001f17) auipc   t5, 0x1
core   0: 3 0x8000b984 (0x00001f17) x30 0x8000c984
core   0: 0x8000b988 (0x663f2e23) sw      gp, 1660(t5)
core   0: 3 0x8000b988 (0x663f2e23) mem 0x8000d000 0x00000001
core   0: 0x8000b98c (0x0000bfe5) c.j     pc - 8
core   0: 3 0x8000b98c (0xbfe5)
core   0: 0x8000b984 (0x00001f17) auipc   t5, 0x1
core   0: 3 0x8000b984 (0x00001f17) x30 0x8000c984
core   0: 0x8000b988 (0x663f2e23) sw      gp, 1660(t5)
core   0: 3 0x8000b988 (0x663f2e23) mem 0x8000d000 0x00000001
core   0: 0x8000b98c (0x0000bfe5) c.j     pc - 8
core   0: 3 0x8000b98c (0xbfe5)
core   0: 0x8000b984 (0x00001f17) auipc   t5, 0x1
core   0: 3 0x8000b984 (0x00001f17) x30 0x8000c984
core   0: 0x8000b988 (0x663f2e23) sw      gp, 1660(t5)
core   0: 3 0x8000b988 (0x663f2e23) mem 0x8000d000 0x00000001
core   0: 0x8000b98c (0x0000bfe5) c.j     pc - 8
core   0: 3 0x8000b98c (0xbfe5)
core   0: 0x8000b984 (0x00001f17) auipc   t5, 0x1
core   0: 3 0x8000b984 (0x00001f17) x30 0x8000c984
core   0: 0x8000b988 (0x663f2e23) sw      gp, 1660(t5)
core   0: 3 0x8000b988 (0x663f2e23) mem 0x8000d000 0x00000001
core   0: 0x8000b98c (0x0000bfe5) c.j     pc - 8
core   0: 3 0x8000b98c (0xbfe5)
core   0: 0x8000b984 (0x00001f17) auipc   t5, 0x1
core   0: 3 0x8000b984 (0x00001f17) x30 0x8000c984
core   0: 0x8000b988 (0x663f2e23) sw      gp, 1660(t5)
core   0: 3 0x8000b988 (0x663f2e23) mem 0x8000d000 0x00000001
core   0: 0x8000b98c (0x0000bfe5) c.j     pc - 8
core   0: 3 0x8000b98c (0xbfe5)
core   0: 0x8000b984 (0x00001f17) auipc   t5, 0x1
core   0: 3 0x8000b984 (0x00001f17) x30 0x8000c984
core   0: 0x8000b988 (0x663f2e23) sw      gp, 1660(t5)
core   0: 3 0x8000b988 (0x663f2e23) mem 0x8000d000 0x00000001
core   0: 0x8000b98c (0x0000bfe5) c.j     pc - 8
core   0: 3 0x8000b98c (0xbfe5)
core   0: 0x8000b984 (0x00001f17) auipc   t5, 0x1
core   0: 3 0x8000b984 (0x00001f17) x30 0x8000c984
core   0: 0x8000b988 (0x663f2e23) sw      gp, 1660(t5)
core   0: 3 0x8000b988 (0x663f2e23) mem 0x8000d000 0x00000001
core   0: 0x8000b98c (0x0000bfe5) c.j     pc - 8
core   0: 3 0x8000b98c (0xbfe5)
core   0: 0x8000b984 (0x00001f17) auipc   t5, 0x1
core   0: 3 0x8000b984 (0x00001f17) x30 0x8000c984
core   0: 0x8000b988 (0x663f2e23) sw      gp, 1660(t5)
core   0: 3 0x8000b988 (0x663f2e23) mem 0x8000d000 0x00000001
core   0: 0x8000b98c (0x0000bfe5) c.j     pc - 8
core   0: 3 0x8000b98c (0xbfe5)
core   0: 0x8000b984 (0x00001f17) auipc   t5, 0x1
core   0: 3 0x8000b984 (0x00001f17) x30 0x8000c984
core   0: 0x8000b988 (0x663f2e23) sw      gp, 1660(t5)
core   0: 3 0x8000b988 (0x663f2e23) mem 0x8000d000 0x00000001
core   0: 0x8000b98c (0x0000bfe5) c.j     pc - 8
core   0: 3 0x8000b98c (0xbfe5)
core   0: 0x8000b984 (0x00001f17) auipc   t5, 0x1
core   0: 3 0x8000b984 (0x00001f17) x30 0x8000c984
core   0: 0x8000b988 (0x663f2e23) sw      gp, 1660(t5)
core   0: 3 0x8000b988 (0x663f2e23) mem 0x8000d000 0x00000001
core   0: 0x8000b98c (0x0000bfe5) c.j     pc - 8
core   0: 3 0x8000b98c (0xbfe5)
core   0: 0x8000b984 (0x00001f17) auipc   t5, 0x1
core   0: 3 0x8000b984 (0x00001f17) x30 0x8000c984
core   0: 0x8000b988 (0x663f2e23) sw      gp, 1660(t5)
core   0: 3 0x8000b988 (0x663f2e23) mem 0x8000d000 0x00000001
core   0: 0x8000b98c (0x0000bfe5) c.j     pc - 8
core   0: 3 0x8000b98c (0xbfe5)
core   0: 0x8000b984 (0x00001f17) auipc   t5, 0x1
core   0: 3 0x8000b984 (0x00001f17) x30 0x8000c984
core   0: 0x8000b988 (0x663f2e23) sw      gp, 1660(t5)
core   0: 3 0x8000b988 (0x663f2e23) mem 0x8000d000 0x00000001
core   0: 0x8000b98c (0x0000bfe5) c.j     pc - 8
core   0: 3 0x8000b98c (0xbfe5)
core   0: 0x8000b984 (0x00001f17) auipc   t5, 0x1
core   0: 3 0x8000b984 (0x00001f17) x30 0x8000c984
core   0: 0x8000b988 (0x663f2e23) sw      gp, 1660(t5)
core   0: 3 0x8000b988 (0x663f2e23) mem 0x8000d000 0x00000001
core   0: 0x8000b98c (0x0000bfe5) c.j     pc - 8
core   0: 3 0x8000b98c (0xbfe5)
core   0: 0x8000b984 (0x00001f17) auipc   t5, 0x1
core   0: 3 0x8000b984 (0x00001f17) x30 0x8000c984
core   0: 0x8000b988 (0x663f2e23) sw      gp, 1660(t5)
core   0: 3 0x8000b988 (0x663f2e23) mem 0x8000d000 0x00000001
core   0: 0x8000b98c (0x0000bfe5) c.j     pc - 8
core   0: 3 0x8000b98c (0xbfe5)
core   0: 0x8000b984 (0x00001f17) auipc   t5, 0x1
core   0: 3 0x8000b984 (0x00001f17) x30 0x8000c984
core   0: 0x8000b988 (0x663f2e23) sw      gp, 1660(t5)
core   0: 3 0x8000b988 (0x663f2e23) mem 0x8000d000 0x00000001
core   0: 0x8000b98c (0x0000bfe5) c.j     pc - 8
core   0: 3 0x8000b98c (0xbfe5)
core   0: 0x8000b984 (0x00001f17) auipc   t5, 0x1
core   0: 3 0x8000b984 (0x00001f17) x30 0x8000c984
core   0: 0x8000b988 (0x663f2e23) sw      gp, 1660(t5)
core   0: 3 0x8000b988 (0x663f2e23) mem 0x8000d000 0x00000001
core   0: 0x8000b98c (0x0000bfe5) c.j     pc - 8
core   0: 3 0x8000b98c (0xbfe5)
core   0: 0x8000b984 (0x00001f17) auipc   t5, 0x1
core   0: 3 0x8000b984 (0x00001f17) x30 0x8000c984
core   0: 0x8000b988 (0x663f2e23) sw      gp, 1660(t5)
core   0: 3 0x8000b988 (0x663f2e23) mem 0x8000d000 0x00000001
core   0: 0x8000b98c (0x0000bfe5) c.j     pc - 8
core   0: 3 0x8000b98c (0xbfe5)
core   0: 0x8000b984 (0x00001f17) auipc   t5, 0x1
core   0: 3 0x8000b984 (0x00001f17) x30 0x8000c984
core   0: 0x8000b988 (0x663f2e23) sw      gp, 1660(t5)
core   0: 3 0x8000b988 (0x663f2e23) mem 0x8000d000 0x00000001
core   0: 0x8000b98c (0x0000bfe5) c.j     pc - 8
core   0: 3 0x8000b98c (0xbfe5)
core   0: 0x8000b984 (0x00001f17) auipc   t5, 0x1
core   0: 3 0x8000b984 (0x00001f17) x30 0x8000c984
core   0: 0x8000b988 (0x663f2e23) sw      gp, 1660(t5)
core   0: 3 0x8000b988 (0x663f2e23) mem 0x8000d000 0x00000001
core   0: 0x8000b98c (0x0000bfe5) c.j     pc - 8
core   0: 3 0x8000b98c (0xbfe5)
core   0: 0x8000b984 (0x00001f17) auipc   t5, 0x1
core   0: 3 0x8000b984 (0x00001f17) x30 0x8000c984
core   0: 0x8000b988 (0x663f2e23) sw      gp, 1660(t5)
core   0: 3 0x8000b988 (0x663f2e23) mem 0x8000d000 0x00000001
core   0: 0x8000b98c (0x0000bfe5) c.j     pc - 8
core   0: 3 0x8000b98c (0xbfe5)
core   0: 0x8000b984 (0x00001f17) auipc   t5, 0x1
core   0: 3 0x8000b984 (0x00001f17) x30 0x8000c984
core   0: 0x8000b988 (0x663f2e23) sw      gp, 1660(t5)
core   0: 3 0x8000b988 (0x663f2e23) mem 0x8000d000 0x00000001
core   0: 0x8000b98c (0x0000bfe5) c.j     pc - 8
core   0: 3 0x8000b98c (0xbfe5)
core   0: 0x8000b984 (0x00001f17) auipc   t5, 0x1
core   0: 3 0x8000b984 (0x00001f17) x30 0x8000c984
core   0: 0x8000b988 (0x663f2e23) sw      gp, 1660(t5)
core   0: 3 0x8000b988 (0x663f2e23) mem 0x8000d000 0x00000001
core   0: 0x8000b98c (0x0000bfe5) c.j     pc - 8
core   0: 3 0x8000b98c (0xbfe5)
core   0: 0x8000b984 (0x00001f17) auipc   t5, 0x1
core   0: 3 0x8000b984 (0x00001f17) x30 0x8000c984
core   0: 0x8000b988 (0x663f2e23) sw      gp, 1660(t5)
core   0: 3 0x8000b988 (0x663f2e23) mem 0x8000d000 0x00000001
core   0: 0x8000b98c (0x0000bfe5) c.j     pc - 8
core   0: 3 0x8000b98c (0xbfe5)
core   0: 0x8000b984 (0x00001f17) auipc   t5, 0x1
core   0: 3 0x8000b984 (0x00001f17) x30 0x8000c984
core   0: 0x8000b988 (0x663f2e23) sw      gp, 1660(t5)
core   0: 3 0x8000b988 (0x663f2e23) mem 0x8000d000 0x00000001
core   0: 0x8000b98c (0x0000bfe5) c.j     pc - 8
core   0: 3 0x8000b98c (0xbfe5)
core   0: 0x8000b984 (0x00001f17) auipc   t5, 0x1
core   0: 3 0x8000b984 (0x00001f17) x30 0x8000c984
core   0: 0x8000b988 (0x663f2e23) sw      gp, 1660(t5)
core   0: 3 0x8000b988 (0x663f2e23) mem 0x8000d000 0x00000001
core   0: 0x8000b98c (0x0000bfe5) c.j     pc - 8
core   0: 3 0x8000b98c (0xbfe5)
core   0: 0x8000b984 (0x00001f17) auipc   t5, 0x1
core   0: 3 0x8000b984 (0x00001f17) x30 0x8000c984
core   0: 0x8000b988 (0x663f2e23) sw      gp, 1660(t5)
core   0: 3 0x8000b988 (0x663f2e23) mem 0x8000d000 0x00000001
core   0: 0x8000b98c (0x0000bfe5) c.j     pc - 8
core   0: 3 0x8000b98c (0xbfe5)
core   0: 0x8000b984 (0x00001f17) auipc   t5, 0x1
core   0: 3 0x8000b984 (0x00001f17) x30 0x8000c984
core   0: 0x8000b988 (0x663f2e23) sw      gp, 1660(t5)
core   0: 3 0x8000b988 (0x663f2e23) mem 0x8000d000 0x00000001
core   0: 0x8000b98c (0x0000bfe5) c.j     pc - 8
core   0: 3 0x8000b98c (0xbfe5)
core   0: 0x8000b984 (0x00001f17) auipc   t5, 0x1
core   0: 3 0x8000b984 (0x00001f17) x30 0x8000c984
core   0: 0x8000b988 (0x663f2e23) sw      gp, 1660(t5)
core   0: 3 0x8000b988 (0x663f2e23) mem 0x8000d000 0x00000001
core   0: 0x8000b98c (0x0000bfe5) c.j     pc - 8
core   0: 3 0x8000b98c (0xbfe5)
core   0: 0x8000b984 (0x00001f17) auipc   t5, 0x1
core   0: 3 0x8000b984 (0x00001f17) x30 0x8000c984
core   0: 0x8000b988 (0x663f2e23) sw      gp, 1660(t5)
core   0: 3 0x8000b988 (0x663f2e23) mem 0x8000d000 0x00000001
core   0: 0x8000b98c (0x0000bfe5) c.j     pc - 8
core   0: 3 0x8000b98c (0xbfe5)
core   0: 0x8000b984 (0x00001f17) auipc   t5, 0x1
core   0: 3 0x8000b984 (0x00001f17) x30 0x8000c984
core   0: 0x8000b988 (0x663f2e23) sw      gp, 1660(t5)
core   0: 3 0x8000b988 (0x663f2e23) mem 0x8000d000 0x00000001
core   0: 0x8000b98c (0x0000bfe5) c.j     pc - 8
core   0: 3 0x8000b98c (0xbfe5)
core   0: 0x8000b984 (0x00001f17) auipc   t5, 0x1
core   0: 3 0x8000b984 (0x00001f17) x30 0x8000c984
core   0: 0x8000b988 (0x663f2e23) sw      gp, 1660(t5)
core   0: 3 0x8000b988 (0x663f2e23) mem 0x8000d000 0x00000001
core   0: 0x8000b98c (0x0000bfe5) c.j     pc - 8
core   0: 3 0x8000b98c (0xbfe5)
core   0: 0x8000b984 (0x00001f17) auipc   t5, 0x1
core   0: 3 0x8000b984 (0x00001f17) x30 0x8000c984
core   0: 0x8000b988 (0x663f2e23) sw      gp, 1660(t5)
core   0: 3 0x8000b988 (0x663f2e23) mem 0x8000d000 0x00000001
core   0: 0x8000b98c (0x0000bfe5) c.j     pc - 8
core   0: 3 0x8000b98c (0xbfe5)
core   0: 0x8000b984 (0x00001f17) auipc   t5, 0x1
core   0: 3 0x8000b984 (0x00001f17) x30 0x8000c984
core   0: 0x8000b988 (0x663f2e23) sw      gp, 1660(t5)
core   0: 3 0x8000b988 (0x663f2e23) mem 0x8000d000 0x00000001
core   0: 0x8000b98c (0x0000bfe5) c.j     pc - 8
core   0: 3 0x8000b98c (0xbfe5)
core   0: 0x8000b984 (0x00001f17) auipc   t5, 0x1
core   0: 3 0x8000b984 (0x00001f17) x30 0x8000c984
core   0: 0x8000b988 (0x663f2e23) sw      gp, 1660(t5)
core   0: 3 0x8000b988 (0x663f2e23) mem 0x8000d000 0x00000001
core   0: 0x8000b98c (0x0000bfe5) c.j     pc - 8
core   0: 3 0x8000b98c (0xbfe5)
core   0: 0x8000b984 (0x00001f17) auipc   t5, 0x1
core   0: 3 0x8000b984 (0x00001f17) x30 0x8000c984
core   0: 0x8000b988 (0x663f2e23) sw      gp, 1660(t5)
core   0: 3 0x8000b988 (0x663f2e23) mem 0x8000d000 0x00000001
core   0: 0x8000b98c (0x0000bfe5) c.j     pc - 8
core   0: 3 0x8000b98c (0xbfe5)
core   0: 0x8000b984 (0x00001f17) auipc   t5, 0x1
core   0: 3 0x8000b984 (0x00001f17) x30 0x8000c984
core   0: 0x8000b988 (0x663f2e23) sw      gp, 1660(t5)
core   0: 3 0x8000b988 (0x663f2e23) mem 0x8000d000 0x00000001
core   0: 0x8000b98c (0x0000bfe5) c.j     pc - 8
core   0: 3 0x8000b98c (0xbfe5)
core   0: 0x8000b984 (0x00001f17) auipc   t5, 0x1
core   0: 3 0x8000b984 (0x00001f17) x30 0x8000c984
core   0: 0x8000b988 (0x663f2e23) sw      gp, 1660(t5)
core   0: 3 0x8000b988 (0x663f2e23) mem 0x8000d000 0x00000001
core   0: 0x8000b98c (0x0000bfe5) c.j     pc - 8
core   0: 3 0x8000b98c (0xbfe5)
core   0: 0x8000b984 (0x00001f17) auipc   t5, 0x1
core   0: 3 0x8000b984 (0x00001f17) x30 0x8000c984
core   0: 0x8000b988 (0x663f2e23) sw      gp, 1660(t5)
core   0: 3 0x8000b988 (0x663f2e23) mem 0x8000d000 0x00000001
core   0: 0x8000b98c (0x0000bfe5) c.j     pc - 8
core   0: 3 0x8000b98c (0xbfe5)
core   0: 0x8000b984 (0x00001f17) auipc   t5, 0x1
core   0: 3 0x8000b984 (0x00001f17) x30 0x8000c984
core   0: 0x8000b988 (0x663f2e23) sw      gp, 1660(t5)
core   0: 3 0x8000b988 (0x663f2e23) mem 0x8000d000 0x00000001
core   0: 0x8000b98c (0x0000bfe5) c.j     pc - 8
core   0: 3 0x8000b98c (0xbfe5)
core   0: 0x8000b984 (0x00001f17) auipc   t5, 0x1
core   0: 3 0x8000b984 (0x00001f17) x30 0x8000c984
core   0: 0x8000b988 (0x663f2e23) sw      gp, 1660(t5)
core   0: 3 0x8000b988 (0x663f2e23) mem 0x8000d000 0x00000001
core   0: 0x8000b98c (0x0000bfe5) c.j     pc - 8
core   0: 3 0x8000b98c (0xbfe5)
core   0: 0x8000b984 (0x00001f17) auipc   t5, 0x1
core   0: 3 0x8000b984 (0x00001f17) x30 0x8000c984
core   0: 0x8000b988 (0x663f2e23) sw      gp, 1660(t5)
core   0: 3 0x8000b988 (0x663f2e23) mem 0x8000d000 0x00000001
core   0: 0x8000b98c (0x0000bfe5) c.j     pc - 8
core   0: 3 0x8000b98c (0xbfe5)
core   0: 0x8000b984 (0x00001f17) auipc   t5, 0x1
core   0: 3 0x8000b984 (0x00001f17) x30 0x8000c984
core   0: 0x8000b988 (0x663f2e23) sw      gp, 1660(t5)
core   0: 3 0x8000b988 (0x663f2e23) mem 0x8000d000 0x00000001
core   0: 0x8000b98c (0x0000bfe5) c.j     pc - 8
core   0: 3 0x8000b98c (0xbfe5)
core   0: 0x8000b984 (0x00001f17) auipc   t5, 0x1
core   0: 3 0x8000b984 (0x00001f17) x30 0x8000c984
core   0: 0x8000b988 (0x663f2e23) sw      gp, 1660(t5)
core   0: 3 0x8000b988 (0x663f2e23) mem 0x8000d000 0x00000001
core   0: 0x8000b98c (0x0000bfe5) c.j     pc - 8
core   0: 3 0x8000b98c (0xbfe5)
core   0: 0x8000b984 (0x00001f17) auipc   t5, 0x1
core   0: 3 0x8000b984 (0x00001f17) x30 0x8000c984
core   0: 0x8000b988 (0x663f2e23) sw      gp, 1660(t5)
core   0: 3 0x8000b988 (0x663f2e23) mem 0x8000d000 0x00000001
core   0: 0x8000b98c (0x0000bfe5) c.j     pc - 8
core   0: 3 0x8000b98c (0xbfe5)
core   0: 0x8000b984 (0x00001f17) auipc   t5, 0x1
core   0: 3 0x8000b984 (0x00001f17) x30 0x8000c984
core   0: 0x8000b988 (0x663f2e23) sw      gp, 1660(t5)
core   0: 3 0x8000b988 (0x663f2e23) mem 0x8000d000 0x00000001
core   0: 0x8000b98c (0x0000bfe5) c.j     pc - 8
core   0: 3 0x8000b98c (0xbfe5)
core   0: 0x8000b984 (0x00001f17) auipc   t5, 0x1
core   0: 3 0x8000b984 (0x00001f17) x30 0x8000c984
core   0: 0x8000b988 (0x663f2e23) sw      gp, 1660(t5)
core   0: 3 0x8000b988 (0x663f2e23) mem 0x8000d000 0x00000001
core   0: 0x8000b98c (0x0000bfe5) c.j     pc - 8
core   0: 3 0x8000b98c (0xbfe5)
core   0: 0x8000b984 (0x00001f17) auipc   t5, 0x1
core   0: 3 0x8000b984 (0x00001f17) x30 0x8000c984
core   0: 0x8000b988 (0x663f2e23) sw      gp, 1660(t5)
core   0: 3 0x8000b988 (0x663f2e23) mem 0x8000d000 0x00000001
core   0: 0x8000b98c (0x0000bfe5) c.j     pc - 8
core   0: 3 0x8000b98c (0xbfe5)
core   0: 0x8000b984 (0x00001f17) auipc   t5, 0x1
core   0: 3 0x8000b984 (0x00001f17) x30 0x8000c984
core   0: 0x8000b988 (0x663f2e23) sw      gp, 1660(t5)
core   0: 3 0x8000b988 (0x663f2e23) mem 0x8000d000 0x00000001
core   0: 0x8000b98c (0x0000bfe5) c.j     pc - 8
core   0: 3 0x8000b98c (0xbfe5)
core   0: 0x8000b984 (0x00001f17) auipc   t5, 0x1
core   0: 3 0x8000b984 (0x00001f17) x30 0x8000c984
core   0: 0x8000b988 (0x663f2e23) sw      gp, 1660(t5)
core   0: 3 0x8000b988 (0x663f2e23) mem 0x8000d000 0x00000001
core   0: 0x8000b98c (0x0000bfe5) c.j     pc - 8
core   0: 3 0x8000b98c (0xbfe5)
core   0: 0x8000b984 (0x00001f17) auipc   t5, 0x1
core   0: 3 0x8000b984 (0x00001f17) x30 0x8000c984
core   0: 0x8000b988 (0x663f2e23) sw      gp, 1660(t5)
core   0: 3 0x8000b988 (0x663f2e23) mem 0x8000d000 0x00000001
core   0: 0x8000b98c (0x0000bfe5) c.j     pc - 8
core   0: 3 0x8000b98c (0xbfe5)
core   0: 0x8000b984 (0x00001f17) auipc   t5, 0x1
core   0: 3 0x8000b984 (0x00001f17) x30 0x8000c984
core   0: 0x8000b988 (0x663f2e23) sw      gp, 1660(t5)
core   0: 3 0x8000b988 (0x663f2e23) mem 0x8000d000 0x00000001
core   0: 0x8000b98c (0x0000bfe5) c.j     pc - 8
core   0: 3 0x8000b98c (0xbfe5)
core   0: 0x8000b984 (0x00001f17) auipc   t5, 0x1
core   0: 3 0x8000b984 (0x00001f17) x30 0x8000c984
core   0: 0x8000b988 (0x663f2e23) sw      gp, 1660(t5)
core   0: 3 0x8000b988 (0x663f2e23) mem 0x8000d000 0x00000001
core   0: 0x8000b98c (0x0000bfe5) c.j     pc - 8
core   0: 3 0x8000b98c (0xbfe5)
core   0: 0x8000b984 (0x00001f17) auipc   t5, 0x1
core   0: 3 0x8000b984 (0x00001f17) x30 0x8000c984
core   0: 0x8000b988 (0x663f2e23) sw      gp, 1660(t5)
core   0: 3 0x8000b988 (0x663f2e23) mem 0x8000d000 0x00000001
core   0: 0x8000b98c (0x0000bfe5) c.j     pc - 8
core   0: 3 0x8000b98c (0xbfe5)
core   0: 0x8000b984 (0x00001f17) auipc   t5, 0x1
core   0: 3 0x8000b984 (0x00001f17) x30 0x8000c984
core   0: 0x8000b988 (0x663f2e23) sw      gp, 1660(t5)
core   0: 3 0x8000b988 (0x663f2e23) mem 0x8000d000 0x00000001
core   0: 0x8000b98c (0x0000bfe5) c.j     pc - 8
core   0: 3 0x8000b98c (0xbfe5)
core   0: 0x8000b984 (0x00001f17) auipc   t5, 0x1
core   0: 3 0x8000b984 (0x00001f17) x30 0x8000c984
core   0: 0x8000b988 (0x663f2e23) sw      gp, 1660(t5)
core   0: 3 0x8000b988 (0x663f2e23) mem 0x8000d000 0x00000001
core   0: 0x8000b98c (0x0000bfe5) c.j     pc - 8
core   0: 3 0x8000b98c (0xbfe5)
core   0: 0x8000b984 (0x00001f17) auipc   t5, 0x1
core   0: 3 0x8000b984 (0x00001f17) x30 0x8000c984
core   0: 0x8000b988 (0x663f2e23) sw      gp, 1660(t5)
core   0: 3 0x8000b988 (0x663f2e23) mem 0x8000d000 0x00000001
core   0: 0x8000b98c (0x0000bfe5) c.j     pc - 8
core   0: 3 0x8000b98c (0xbfe5)
core   0: 0x8000b984 (0x00001f17) auipc   t5, 0x1
core   0: 3 0x8000b984 (0x00001f17) x30 0x8000c984
core   0: 0x8000b988 (0x663f2e23) sw      gp, 1660(t5)
core   0: 3 0x8000b988 (0x663f2e23) mem 0x8000d000 0x00000001
core   0: 0x8000b98c (0x0000bfe5) c.j     pc - 8
core   0: 3 0x8000b98c (0xbfe5)
core   0: 0x8000b984 (0x00001f17) auipc   t5, 0x1
core   0: 3 0x8000b984 (0x00001f17) x30 0x8000c984
core   0: 0x8000b988 (0x663f2e23) sw      gp, 1660(t5)
core   0: 3 0x8000b988 (0x663f2e23) mem 0x8000d000 0x00000001
core   0: 0x8000b98c (0x0000bfe5) c.j     pc - 8
core   0: 3 0x8000b98c (0xbfe5)
core   0: 0x8000b984 (0x00001f17) auipc   t5, 0x1
core   0: 3 0x8000b984 (0x00001f17) x30 0x8000c984
core   0: 0x8000b988 (0x663f2e23) sw      gp, 1660(t5)
core   0: 3 0x8000b988 (0x663f2e23) mem 0x8000d000 0x00000001
core   0: 0x8000b98c (0x0000bfe5) c.j     pc - 8
core   0: 3 0x8000b98c (0xbfe5)
core   0: 0x8000b984 (0x00001f17) auipc   t5, 0x1
core   0: 3 0x8000b984 (0x00001f17) x30 0x8000c984
core   0: 0x8000b988 (0x663f2e23) sw      gp, 1660(t5)
core   0: 3 0x8000b988 (0x663f2e23) mem 0x8000d000 0x00000001
core   0: 0x8000b98c (0x0000bfe5) c.j     pc - 8
core   0: 3 0x8000b98c (0xbfe5)
core   0: 0x8000b984 (0x00001f17) auipc   t5, 0x1
core   0: 3 0x8000b984 (0x00001f17) x30 0x8000c984
core   0: 0x8000b988 (0x663f2e23) sw      gp, 1660(t5)
core   0: 3 0x8000b988 (0x663f2e23) mem 0x8000d000 0x00000001
core   0: 0x8000b98c (0x0000bfe5) c.j     pc - 8
core   0: 3 0x8000b98c (0xbfe5)
core   0: 0x8000b984 (0x00001f17) auipc   t5, 0x1
core   0: 3 0x8000b984 (0x00001f17) x30 0x8000c984
core   0: 0x8000b988 (0x663f2e23) sw      gp, 1660(t5)
core   0: 3 0x8000b988 (0x663f2e23) mem 0x8000d000 0x00000001
core   0: 0x8000b98c (0x0000bfe5) c.j     pc - 8
core   0: 3 0x8000b98c (0xbfe5)
core   0: 0x8000b984 (0x00001f17) auipc   t5, 0x1
core   0: 3 0x8000b984 (0x00001f17) x30 0x8000c984
core   0: 0x8000b988 (0x663f2e23) sw      gp, 1660(t5)
core   0: 3 0x8000b988 (0x663f2e23) mem 0x8000d000 0x00000001
core   0: 0x8000b98c (0x0000bfe5) c.j     pc - 8
core   0: 3 0x8000b98c (0xbfe5)
core   0: 0x8000b984 (0x00001f17) auipc   t5, 0x1
core   0: 3 0x8000b984 (0x00001f17) x30 0x8000c984
core   0: 0x8000b988 (0x663f2e23) sw      gp, 1660(t5)
core   0: 3 0x8000b988 (0x663f2e23) mem 0x8000d000 0x00000001
core   0: 0x8000b98c (0x0000bfe5) c.j     pc - 8
core   0: 3 0x8000b98c (0xbfe5)
core   0: 0x8000b984 (0x00001f17) auipc   t5, 0x1
core   0: 3 0x8000b984 (0x00001f17) x30 0x8000c984
core   0: 0x8000b988 (0x663f2e23) sw      gp, 1660(t5)
core   0: 3 0x8000b988 (0x663f2e23) mem 0x8000d000 0x00000001
core   0: 0x8000b98c (0x0000bfe5) c.j     pc - 8
core   0: 3 0x8000b98c (0xbfe5)
core   0: 0x8000b984 (0x00001f17) auipc   t5, 0x1
core   0: 3 0x8000b984 (0x00001f17) x30 0x8000c984
core   0: 0x8000b988 (0x663f2e23) sw      gp, 1660(t5)
core   0: 3 0x8000b988 (0x663f2e23) mem 0x8000d000 0x00000001
core   0: 0x8000b98c (0x0000bfe5) c.j     pc - 8
core   0: 3 0x8000b98c (0xbfe5)
core   0: 0x8000b984 (0x00001f17) auipc   t5, 0x1
core   0: 3 0x8000b984 (0x00001f17) x30 0x8000c984
core   0: 0x8000b988 (0x663f2e23) sw      gp, 1660(t5)
core   0: 3 0x8000b988 (0x663f2e23) mem 0x8000d000 0x00000001
core   0: 0x8000b98c (0x0000bfe5) c.j     pc - 8
core   0: 3 0x8000b98c (0xbfe5)
core   0: 0x8000b984 (0x00001f17) auipc   t5, 0x1
core   0: 3 0x8000b984 (0x00001f17) x30 0x8000c984
core   0: 0x8000b988 (0x663f2e23) sw      gp, 1660(t5)
core   0: 3 0x8000b988 (0x663f2e23) mem 0x8000d000 0x00000001
core   0: 0x8000b98c (0x0000bfe5) c.j     pc - 8
core   0: 3 0x8000b98c (0xbfe5)
core   0: 0x8000b984 (0x00001f17) auipc   t5, 0x1
core   0: 3 0x8000b984 (0x00001f17) x30 0x8000c984
core   0: 0x8000b988 (0x663f2e23) sw      gp, 1660(t5)
core   0: 3 0x8000b988 (0x663f2e23) mem 0x8000d000 0x00000001
core   0: 0x8000b98c (0x0000bfe5) c.j     pc - 8
core   0: 3 0x8000b98c (0xbfe5)
core   0: 0x8000b984 (0x00001f17) auipc   t5, 0x1
core   0: 3 0x8000b984 (0x00001f17) x30 0x8000c984
core   0: 0x8000b988 (0x663f2e23) sw      gp, 1660(t5)
core   0: 3 0x8000b988 (0x663f2e23) mem 0x8000d000 0x00000001
core   0: 0x8000b98c (0x0000bfe5) c.j     pc - 8
core   0: 3 0x8000b98c (0xbfe5)
core   0: 0x8000b984 (0x00001f17) auipc   t5, 0x1
core   0: 3 0x8000b984 (0x00001f17) x30 0x8000c984
core   0: 0x8000b988 (0x663f2e23) sw      gp, 1660(t5)
core   0: 3 0x8000b988 (0x663f2e23) mem 0x8000d000 0x00000001
core   0: 0x8000b98c (0x0000bfe5) c.j     pc - 8
core   0: 3 0x8000b98c (0xbfe5)
core   0: 0x8000b984 (0x00001f17) auipc   t5, 0x1
core   0: 3 0x8000b984 (0x00001f17) x30 0x8000c984
core   0: 0x8000b988 (0x663f2e23) sw      gp, 1660(t5)
core   0: 3 0x8000b988 (0x663f2e23) mem 0x8000d000 0x00000001
core   0: 0x8000b98c (0x0000bfe5) c.j     pc - 8
core   0: 3 0x8000b98c (0xbfe5)
core   0: 0x8000b984 (0x00001f17) auipc   t5, 0x1
core   0: 3 0x8000b984 (0x00001f17) x30 0x8000c984
core   0: 0x8000b988 (0x663f2e23) sw      gp, 1660(t5)
core   0: 3 0x8000b988 (0x663f2e23) mem 0x8000d000 0x00000001
core   0: 0x8000b98c (0x0000bfe5) c.j     pc - 8
core   0: 3 0x8000b98c (0xbfe5)
core   0: 0x8000b984 (0x00001f17) auipc   t5, 0x1
core   0: 3 0x8000b984 (0x00001f17) x30 0x8000c984
core   0: 0x8000b988 (0x663f2e23) sw      gp, 1660(t5)
core   0: 3 0x8000b988 (0x663f2e23) mem 0x8000d000 0x00000001
core   0: 0x8000b98c (0x0000bfe5) c.j     pc - 8
core   0: 3 0x8000b98c (0xbfe5)
core   0: 0x8000b984 (0x00001f17) auipc   t5, 0x1
core   0: 3 0x8000b984 (0x00001f17) x30 0x8000c984
core   0: 0x8000b988 (0x663f2e23) sw      gp, 1660(t5)
core   0: 3 0x8000b988 (0x663f2e23) mem 0x8000d000 0x00000001
core   0: 0x8000b98c (0x0000bfe5) c.j     pc - 8
core   0: 3 0x8000b98c (0xbfe5)
core   0: 0x8000b984 (0x00001f17) auipc   t5, 0x1
core   0: 3 0x8000b984 (0x00001f17) x30 0x8000c984
core   0: 0x8000b988 (0x663f2e23) sw      gp, 1660(t5)
core   0: 3 0x8000b988 (0x663f2e23) mem 0x8000d000 0x00000001
core   0: 0x8000b98c (0x0000bfe5) c.j     pc - 8
core   0: 3 0x8000b98c (0xbfe5)
core   0: 0x8000b984 (0x00001f17) auipc   t5, 0x1
core   0: 3 0x8000b984 (0x00001f17) x30 0x8000c984
core   0: 0x8000b988 (0x663f2e23) sw      gp, 1660(t5)
core   0: 3 0x8000b988 (0x663f2e23) mem 0x8000d000 0x00000001
core   0: 0x8000b98c (0x0000bfe5) c.j     pc - 8
core   0: 3 0x8000b98c (0xbfe5)
core   0: 0x8000b984 (0x00001f17) auipc   t5, 0x1
core   0: 3 0x8000b984 (0x00001f17) x30 0x8000c984
core   0: 0x8000b988 (0x663f2e23) sw      gp, 1660(t5)
core   0: 3 0x8000b988 (0x663f2e23) mem 0x8000d000 0x00000001
core   0: 0x8000b98c (0x0000bfe5) c.j     pc - 8
core   0: 3 0x8000b98c (0xbfe5)
core   0: 0x8000b984 (0x00001f17) auipc   t5, 0x1
core   0: 3 0x8000b984 (0x00001f17) x30 0x8000c984
core   0: 0x8000b988 (0x663f2e23) sw      gp, 1660(t5)
core   0: 3 0x8000b988 (0x663f2e23) mem 0x8000d000 0x00000001
core   0: 0x8000b98c (0x0000bfe5) c.j     pc - 8
core   0: 3 0x8000b98c (0xbfe5)
core   0: 0x8000b984 (0x00001f17) auipc   t5, 0x1
core   0: 3 0x8000b984 (0x00001f17) x30 0x8000c984
core   0: 0x8000b988 (0x663f2e23) sw      gp, 1660(t5)
core   0: 3 0x8000b988 (0x663f2e23) mem 0x8000d000 0x00000001
core   0: 0x8000b98c (0x0000bfe5) c.j     pc - 8
core   0: 3 0x8000b98c (0xbfe5)
core   0: 0x8000b984 (0x00001f17) auipc   t5, 0x1
core   0: 3 0x8000b984 (0x00001f17) x30 0x8000c984
core   0: 0x8000b988 (0x663f2e23) sw      gp, 1660(t5)
core   0: 3 0x8000b988 (0x663f2e23) mem 0x8000d000 0x00000001
core   0: 0x8000b98c (0x0000bfe5) c.j     pc - 8
core   0: 3 0x8000b98c (0xbfe5)
core   0: 0x8000b984 (0x00001f17) auipc   t5, 0x1
core   0: 3 0x8000b984 (0x00001f17) x30 0x8000c984
core   0: 0x8000b988 (0x663f2e23) sw      gp, 1660(t5)
core   0: 3 0x8000b988 (0x663f2e23) mem 0x8000d000 0x00000001
core   0: 0x8000b98c (0x0000bfe5) c.j     pc - 8
core   0: 3 0x8000b98c (0xbfe5)
core   0: 0x8000b984 (0x00001f17) auipc   t5, 0x1
core   0: 3 0x8000b984 (0x00001f17) x30 0x8000c984
core   0: 0x8000b988 (0x663f2e23) sw      gp, 1660(t5)
core   0: 3 0x8000b988 (0x663f2e23) mem 0x8000d000 0x00000001
core   0: 0x8000b98c (0x0000bfe5) c.j     pc - 8
core   0: 3 0x8000b98c (0xbfe5)
core   0: 0x8000b984 (0x00001f17) auipc   t5, 0x1
core   0: 3 0x8000b984 (0x00001f17) x30 0x8000c984
core   0: 0x8000b988 (0x663f2e23) sw      gp, 1660(t5)
core   0: 3 0x8000b988 (0x663f2e23) mem 0x8000d000 0x00000001
core   0: 0x8000b98c (0x0000bfe5) c.j     pc - 8
core   0: 3 0x8000b98c (0xbfe5)
core   0: 0x8000b984 (0x00001f17) auipc   t5, 0x1
core   0: 3 0x8000b984 (0x00001f17) x30 0x8000c984
core   0: 0x8000b988 (0x663f2e23) sw      gp, 1660(t5)
core   0: 3 0x8000b988 (0x663f2e23) mem 0x8000d000 0x00000001
core   0: 0x8000b98c (0x0000bfe5) c.j     pc - 8
core   0: 3 0x8000b98c (0xbfe5)
core   0: 0x8000b984 (0x00001f17) auipc   t5, 0x1
core   0: 3 0x8000b984 (0x00001f17) x30 0x8000c984
core   0: 0x8000b988 (0x663f2e23) sw      gp, 1660(t5)
core   0: 3 0x8000b988 (0x663f2e23) mem 0x8000d000 0x00000001
core   0: 0x8000b98c (0x0000bfe5) c.j     pc - 8
core   0: 3 0x8000b98c (0xbfe5)
core   0: 0x8000b984 (0x00001f17) auipc   t5, 0x1
core   0: 3 0x8000b984 (0x00001f17) x30 0x8000c984
core   0: 0x8000b988 (0x663f2e23) sw      gp, 1660(t5)
core   0: 3 0x8000b988 (0x663f2e23) mem 0x8000d000 0x00000001
core   0: 0x8000b98c (0x0000bfe5) c.j     pc - 8
core   0: 3 0x8000b98c (0xbfe5)
core   0: 0x8000b984 (0x00001f17) auipc   t5, 0x1
core   0: 3 0x8000b984 (0x00001f17) x30 0x8000c984
core   0: 0x8000b988 (0x663f2e23) sw      gp, 1660(t5)
core   0: 3 0x8000b988 (0x663f2e23) mem 0x8000d000 0x00000001
core   0: 0x8000b98c (0x0000bfe5) c.j     pc - 8
core   0: 3 0x8000b98c (0xbfe5)
core   0: 0x8000b984 (0x00001f17) auipc   t5, 0x1
core   0: 3 0x8000b984 (0x00001f17) x30 0x8000c984
core   0: 0x8000b988 (0x663f2e23) sw      gp, 1660(t5)
core   0: 3 0x8000b988 (0x663f2e23) mem 0x8000d000 0x00000001
core   0: 0x8000b98c (0x0000bfe5) c.j     pc - 8
core   0: 3 0x8000b98c (0xbfe5)
core   0: 0x8000b984 (0x00001f17) auipc   t5, 0x1
core   0: 3 0x8000b984 (0x00001f17) x30 0x8000c984
core   0: 0x8000b988 (0x663f2e23) sw      gp, 1660(t5)
core   0: 3 0x8000b988 (0x663f2e23) mem 0x8000d000 0x00000001
core   0: 0x8000b98c (0x0000bfe5) c.j     pc - 8
core   0: 3 0x8000b98c (0xbfe5)
core   0: 0x8000b984 (0x00001f17) auipc   t5, 0x1
core   0: 3 0x8000b984 (0x00001f17) x30 0x8000c984
core   0: 0x8000b988 (0x663f2e23) sw      gp, 1660(t5)
core   0: 3 0x8000b988 (0x663f2e23) mem 0x8000d000 0x00000001
core   0: 0x8000b98c (0x0000bfe5) c.j     pc - 8
core   0: 3 0x8000b98c (0xbfe5)
core   0: 0x8000b984 (0x00001f17) auipc   t5, 0x1
core   0: 3 0x8000b984 (0x00001f17) x30 0x8000c984
core   0: 0x8000b988 (0x663f2e23) sw      gp, 1660(t5)
core   0: 3 0x8000b988 (0x663f2e23) mem 0x8000d000 0x00000001
core   0: 0x8000b98c (0x0000bfe5) c.j     pc - 8
core   0: 3 0x8000b98c (0xbfe5)
core   0: 0x8000b984 (0x00001f17) auipc   t5, 0x1
core   0: 3 0x8000b984 (0x00001f17) x30 0x8000c984
core   0: 0x8000b988 (0x663f2e23) sw      gp, 1660(t5)
core   0: 3 0x8000b988 (0x663f2e23) mem 0x8000d000 0x00000001
core   0: 0x8000b98c (0x0000bfe5) c.j     pc - 8
core   0: 3 0x8000b98c (0xbfe5)
core   0: 0x8000b984 (0x00001f17) auipc   t5, 0x1
core   0: 3 0x8000b984 (0x00001f17) x30 0x8000c984
core   0: 0x8000b988 (0x663f2e23) sw      gp, 1660(t5)
core   0: 3 0x8000b988 (0x663f2e23) mem 0x8000d000 0x00000001
core   0: 0x8000b98c (0x0000bfe5) c.j     pc - 8
core   0: 3 0x8000b98c (0xbfe5)
core   0: 0x8000b984 (0x00001f17) auipc   t5, 0x1
core   0: 3 0x8000b984 (0x00001f17) x30 0x8000c984
core   0: 0x8000b988 (0x663f2e23) sw      gp, 1660(t5)
core   0: 3 0x8000b988 (0x663f2e23) mem 0x8000d000 0x00000001
core   0: 0x8000b98c (0x0000bfe5) c.j     pc - 8
core   0: 3 0x8000b98c (0xbfe5)
core   0: 0x8000b984 (0x00001f17) auipc   t5, 0x1
core   0: 3 0x8000b984 (0x00001f17) x30 0x8000c984
core   0: 0x8000b988 (0x663f2e23) sw      gp, 1660(t5)
core   0: 3 0x8000b988 (0x663f2e23) mem 0x8000d000 0x00000001
core   0: 0x8000b98c (0x0000bfe5) c.j     pc - 8
core   0: 3 0x8000b98c (0xbfe5)
core   0: 0x8000b984 (0x00001f17) auipc   t5, 0x1
core   0: 3 0x8000b984 (0x00001f17) x30 0x8000c984
core   0: 0x8000b988 (0x663f2e23) sw      gp, 1660(t5)
core   0: 3 0x8000b988 (0x663f2e23) mem 0x8000d000 0x00000001
core   0: 0x8000b98c (0x0000bfe5) c.j     pc - 8
core   0: 3 0x8000b98c (0xbfe5)
core   0: 0x8000b984 (0x00001f17) auipc   t5, 0x1
core   0: 3 0x8000b984 (0x00001f17) x30 0x8000c984
core   0: 0x8000b988 (0x663f2e23) sw      gp, 1660(t5)
core   0: 3 0x8000b988 (0x663f2e23) mem 0x8000d000 0x00000001
core   0: 0x8000b98c (0x0000bfe5) c.j     pc - 8
core   0: 3 0x8000b98c (0xbfe5)
core   0: 0x8000b984 (0x00001f17) auipc   t5, 0x1
core   0: 3 0x8000b984 (0x00001f17) x30 0x8000c984
core   0: 0x8000b988 (0x663f2e23) sw      gp, 1660(t5)
core   0: 3 0x8000b988 (0x663f2e23) mem 0x8000d000 0x00000001
core   0: 0x8000b98c (0x0000bfe5) c.j     pc - 8
core   0: 3 0x8000b98c (0xbfe5)
core   0: 0x8000b984 (0x00001f17) auipc   t5, 0x1
core   0: 3 0x8000b984 (0x00001f17) x30 0x8000c984
core   0: 0x8000b988 (0x663f2e23) sw      gp, 1660(t5)
core   0: 3 0x8000b988 (0x663f2e23) mem 0x8000d000 0x00000001
core   0: 0x8000b98c (0x0000bfe5) c.j     pc - 8
core   0: 3 0x8000b98c (0xbfe5)
core   0: 0x8000b984 (0x00001f17) auipc   t5, 0x1
core   0: 3 0x8000b984 (0x00001f17) x30 0x8000c984
core   0: 0x8000b988 (0x663f2e23) sw      gp, 1660(t5)
core   0: 3 0x8000b988 (0x663f2e23) mem 0x8000d000 0x00000001
core   0: 0x8000b98c (0x0000bfe5) c.j     pc - 8
core   0: 3 0x8000b98c (0xbfe5)
core   0: 0x8000b984 (0x00001f17) auipc   t5, 0x1
core   0: 3 0x8000b984 (0x00001f17) x30 0x8000c984
core   0: 0x8000b988 (0x663f2e23) sw      gp, 1660(t5)
core   0: 3 0x8000b988 (0x663f2e23) mem 0x8000d000 0x00000001
core   0: 0x8000b98c (0x0000bfe5) c.j     pc - 8
core   0: 3 0x8000b98c (0xbfe5)
core   0: 0x8000b984 (0x00001f17) auipc   t5, 0x1
core   0: 3 0x8000b984 (0x00001f17) x30 0x8000c984
core   0: 0x8000b988 (0x663f2e23) sw      gp, 1660(t5)
core   0: 3 0x8000b988 (0x663f2e23) mem 0x8000d000 0x00000001
core   0: 0x8000b98c (0x0000bfe5) c.j     pc - 8
core   0: 3 0x8000b98c (0xbfe5)
core   0: 0x8000b984 (0x00001f17) auipc   t5, 0x1
core   0: 3 0x8000b984 (0x00001f17) x30 0x8000c984
core   0: 0x8000b988 (0x663f2e23) sw      gp, 1660(t5)
core   0: 3 0x8000b988 (0x663f2e23) mem 0x8000d000 0x00000001
core   0: 0x8000b98c (0x0000bfe5) c.j     pc - 8
core   0: 3 0x8000b98c (0xbfe5)
core   0: 0x8000b984 (0x00001f17) auipc   t5, 0x1
core   0: 3 0x8000b984 (0x00001f17) x30 0x8000c984
core   0: 0x8000b988 (0x663f2e23) sw      gp, 1660(t5)
core   0: 3 0x8000b988 (0x663f2e23) mem 0x8000d000 0x00000001
core   0: 0x8000b98c (0x0000bfe5) c.j     pc - 8
core   0: 3 0x8000b98c (0xbfe5)
core   0: 0x8000b984 (0x00001f17) auipc   t5, 0x1
core   0: 3 0x8000b984 (0x00001f17) x30 0x8000c984
core   0: 0x8000b988 (0x663f2e23) sw      gp, 1660(t5)
core   0: 3 0x8000b988 (0x663f2e23) mem 0x8000d000 0x00000001
core   0: 0x8000b98c (0x0000bfe5) c.j     pc - 8
core   0: 3 0x8000b98c (0xbfe5)
core   0: 0x8000b984 (0x00001f17) auipc   t5, 0x1
core   0: 3 0x8000b984 (0x00001f17) x30 0x8000c984
core   0: 0x8000b988 (0x663f2e23) sw      gp, 1660(t5)
core   0: 3 0x8000b988 (0x663f2e23) mem 0x8000d000 0x00000001
core   0: 0x8000b98c (0x0000bfe5) c.j     pc - 8
core   0: 3 0x8000b98c (0xbfe5)
core   0: 0x8000b984 (0x00001f17) auipc   t5, 0x1
core   0: 3 0x8000b984 (0x00001f17) x30 0x8000c984
core   0: 0x8000b988 (0x663f2e23) sw      gp, 1660(t5)
core   0: 3 0x8000b988 (0x663f2e23) mem 0x8000d000 0x00000001
core   0: 0x8000b98c (0x0000bfe5) c.j     pc - 8
core   0: 3 0x8000b98c (0xbfe5)
core   0: 0x8000b984 (0x00001f17) auipc   t5, 0x1
core   0: 3 0x8000b984 (0x00001f17) x30 0x8000c984
core   0: 0x8000b988 (0x663f2e23) sw      gp, 1660(t5)
core   0: 3 0x8000b988 (0x663f2e23) mem 0x8000d000 0x00000001
core   0: 0x8000b98c (0x0000bfe5) c.j     pc - 8
core   0: 3 0x8000b98c (0xbfe5)
core   0: 0x8000b984 (0x00001f17) auipc   t5, 0x1
core   0: 3 0x8000b984 (0x00001f17) x30 0x8000c984
core   0: 0x8000b988 (0x663f2e23) sw      gp, 1660(t5)
core   0: 3 0x8000b988 (0x663f2e23) mem 0x8000d000 0x00000001
core   0: 0x8000b98c (0x0000bfe5) c.j     pc - 8
core   0: 3 0x8000b98c (0xbfe5)
core   0: 0x8000b984 (0x00001f17) auipc   t5, 0x1
core   0: 3 0x8000b984 (0x00001f17) x30 0x8000c984
core   0: 0x8000b988 (0x663f2e23) sw      gp, 1660(t5)
core   0: 3 0x8000b988 (0x663f2e23) mem 0x8000d000 0x00000001
core   0: 0x8000b98c (0x0000bfe5) c.j     pc - 8
core   0: 3 0x8000b98c (0xbfe5)
core   0: 0x8000b984 (0x00001f17) auipc   t5, 0x1
core   0: 3 0x8000b984 (0x00001f17) x30 0x8000c984
core   0: 0x8000b988 (0x663f2e23) sw      gp, 1660(t5)
core   0: 3 0x8000b988 (0x663f2e23) mem 0x8000d000 0x00000001
core   0: 0x8000b98c (0x0000bfe5) c.j     pc - 8
core   0: 3 0x8000b98c (0xbfe5)
core   0: 0x8000b984 (0x00001f17) auipc   t5, 0x1
core   0: 3 0x8000b984 (0x00001f17) x30 0x8000c984
core   0: 0x8000b988 (0x663f2e23) sw      gp, 1660(t5)
core   0: 3 0x8000b988 (0x663f2e23) mem 0x8000d000 0x00000001
core   0: 0x8000b98c (0x0000bfe5) c.j     pc - 8
core   0: 3 0x8000b98c (0xbfe5)
core   0: 0x8000b984 (0x00001f17) auipc   t5, 0x1
core   0: 3 0x8000b984 (0x00001f17) x30 0x8000c984
core   0: 0x8000b988 (0x663f2e23) sw      gp, 1660(t5)
core   0: 3 0x8000b988 (0x663f2e23) mem 0x8000d000 0x00000001
core   0: 0x8000b98c (0x0000bfe5) c.j     pc - 8
core   0: 3 0x8000b98c (0xbfe5)
core   0: 0x8000b984 (0x00001f17) auipc   t5, 0x1
core   0: 3 0x8000b984 (0x00001f17) x30 0x8000c984
core   0: 0x8000b988 (0x663f2e23) sw      gp, 1660(t5)
core   0: 3 0x8000b988 (0x663f2e23) mem 0x8000d000 0x00000001
core   0: 0x8000b98c (0x0000bfe5) c.j     pc - 8
core   0: 3 0x8000b98c (0xbfe5)
core   0: 0x8000b984 (0x00001f17) auipc   t5, 0x1
core   0: 3 0x8000b984 (0x00001f17) x30 0x8000c984
core   0: 0x8000b988 (0x663f2e23) sw      gp, 1660(t5)
core   0: 3 0x8000b988 (0x663f2e23) mem 0x8000d000 0x00000001
core   0: 0x8000b98c (0x0000bfe5) c.j     pc - 8
core   0: 3 0x8000b98c (0xbfe5)
core   0: 0x8000b984 (0x00001f17) auipc   t5, 0x1
core   0: 3 0x8000b984 (0x00001f17) x30 0x8000c984
core   0: 0x8000b988 (0x663f2e23) sw      gp, 1660(t5)
core   0: 3 0x8000b988 (0x663f2e23) mem 0x8000d000 0x00000001
core   0: 0x8000b98c (0x0000bfe5) c.j     pc - 8
core   0: 3 0x8000b98c (0xbfe5)
core   0: 0x8000b984 (0x00001f17) auipc   t5, 0x1
core   0: 3 0x8000b984 (0x00001f17) x30 0x8000c984
core   0: 0x8000b988 (0x663f2e23) sw      gp, 1660(t5)
core   0: 3 0x8000b988 (0x663f2e23) mem 0x8000d000 0x00000001
core   0: 0x8000b98c (0x0000bfe5) c.j     pc - 8
core   0: 3 0x8000b98c (0xbfe5)
core   0: 0x8000b984 (0x00001f17) auipc   t5, 0x1
core   0: 3 0x8000b984 (0x00001f17) x30 0x8000c984
core   0: 0x8000b988 (0x663f2e23) sw      gp, 1660(t5)
core   0: 3 0x8000b988 (0x663f2e23) mem 0x8000d000 0x00000001
core   0: 0x8000b98c (0x0000bfe5) c.j     pc - 8
core   0: 3 0x8000b98c (0xbfe5)
core   0: 0x8000b984 (0x00001f17) auipc   t5, 0x1
core   0: 3 0x8000b984 (0x00001f17) x30 0x8000c984
core   0: 0x8000b988 (0x663f2e23) sw      gp, 1660(t5)
core   0: 3 0x8000b988 (0x663f2e23) mem 0x8000d000 0x00000001
core   0: 0x8000b98c (0x0000bfe5) c.j     pc - 8
core   0: 3 0x8000b98c (0xbfe5)
core   0: 0x8000b984 (0x00001f17) auipc   t5, 0x1
core   0: 3 0x8000b984 (0x00001f17) x30 0x8000c984
core   0: 0x8000b988 (0x663f2e23) sw      gp, 1660(t5)
core   0: 3 0x8000b988 (0x663f2e23) mem 0x8000d000 0x00000001
core   0: 0x8000b98c (0x0000bfe5) c.j     pc - 8
core   0: 3 0x8000b98c (0xbfe5)
core   0: 0x8000b984 (0x00001f17) auipc   t5, 0x1
core   0: 3 0x8000b984 (0x00001f17) x30 0x8000c984
core   0: 0x8000b988 (0x663f2e23) sw      gp, 1660(t5)
core   0: 3 0x8000b988 (0x663f2e23) mem 0x8000d000 0x00000001
core   0: 0x8000b98c (0x0000bfe5) c.j     pc - 8
core   0: 3 0x8000b98c (0xbfe5)
core   0: 0x8000b984 (0x00001f17) auipc   t5, 0x1
core   0: 3 0x8000b984 (0x00001f17) x30 0x8000c984
core   0: 0x8000b988 (0x663f2e23) sw      gp, 1660(t5)
core   0: 3 0x8000b988 (0x663f2e23) mem 0x8000d000 0x00000001
core   0: 0x8000b98c (0x0000bfe5) c.j     pc - 8
core   0: 3 0x8000b98c (0xbfe5)
core   0: 0x8000b984 (0x00001f17) auipc   t5, 0x1
core   0: 3 0x8000b984 (0x00001f17) x30 0x8000c984
core   0: 0x8000b988 (0x663f2e23) sw      gp, 1660(t5)
core   0: 3 0x8000b988 (0x663f2e23) mem 0x8000d000 0x00000001
core   0: 0x8000b98c (0x0000bfe5) c.j     pc - 8
core   0: 3 0x8000b98c (0xbfe5)
core   0: 0x8000b984 (0x00001f17) auipc   t5, 0x1
core   0: 3 0x8000b984 (0x00001f17) x30 0x8000c984
core   0: 0x8000b988 (0x663f2e23) sw      gp, 1660(t5)
core   0: 3 0x8000b988 (0x663f2e23) mem 0x8000d000 0x00000001
core   0: 0x8000b98c (0x0000bfe5) c.j     pc - 8
core   0: 3 0x8000b98c (0xbfe5)
core   0: 0x8000b984 (0x00001f17) auipc   t5, 0x1
core   0: 3 0x8000b984 (0x00001f17) x30 0x8000c984
core   0: 0x8000b988 (0x663f2e23) sw      gp, 1660(t5)
core   0: 3 0x8000b988 (0x663f2e23) mem 0x8000d000 0x00000001
core   0: 0x8000b98c (0x0000bfe5) c.j     pc - 8
core   0: 3 0x8000b98c (0xbfe5)
core   0: 0x8000b984 (0x00001f17) auipc   t5, 0x1
core   0: 3 0x8000b984 (0x00001f17) x30 0x8000c984
core   0: 0x8000b988 (0x663f2e23) sw      gp, 1660(t5)
core   0: 3 0x8000b988 (0x663f2e23) mem 0x8000d000 0x00000001
core   0: 0x8000b98c (0x0000bfe5) c.j     pc - 8
core   0: 3 0x8000b98c (0xbfe5)
core   0: 0x8000b984 (0x00001f17) auipc   t5, 0x1
core   0: 3 0x8000b984 (0x00001f17) x30 0x8000c984
core   0: 0x8000b988 (0x663f2e23) sw      gp, 1660(t5)
core   0: 3 0x8000b988 (0x663f2e23) mem 0x8000d000 0x00000001
core   0: 0x8000b98c (0x0000bfe5) c.j     pc - 8
core   0: 3 0x8000b98c (0xbfe5)
core   0: 0x8000b984 (0x00001f17) auipc   t5, 0x1
core   0: 3 0x8000b984 (0x00001f17) x30 0x8000c984
core   0: 0x8000b988 (0x663f2e23) sw      gp, 1660(t5)
core   0: 3 0x8000b988 (0x663f2e23) mem 0x8000d000 0x00000001
core   0: 0x8000b98c (0x0000bfe5) c.j     pc - 8
core   0: 3 0x8000b98c (0xbfe5)
core   0: 0x8000b984 (0x00001f17) auipc   t5, 0x1
core   0: 3 0x8000b984 (0x00001f17) x30 0x8000c984
core   0: 0x8000b988 (0x663f2e23) sw      gp, 1660(t5)
core   0: 3 0x8000b988 (0x663f2e23) mem 0x8000d000 0x00000001
core   0: 0x8000b98c (0x0000bfe5) c.j     pc - 8
core   0: 3 0x8000b98c (0xbfe5)
core   0: 0x8000b984 (0x00001f17) auipc   t5, 0x1
core   0: 3 0x8000b984 (0x00001f17) x30 0x8000c984
core   0: 0x8000b988 (0x663f2e23) sw      gp, 1660(t5)
core   0: 3 0x8000b988 (0x663f2e23) mem 0x8000d000 0x00000001
core   0: 0x8000b98c (0x0000bfe5) c.j     pc - 8
core   0: 3 0x8000b98c (0xbfe5)
core   0: 0x8000b984 (0x00001f17) auipc   t5, 0x1
core   0: 3 0x8000b984 (0x00001f17) x30 0x8000c984
core   0: 0x8000b988 (0x663f2e23) sw      gp, 1660(t5)
core   0: 3 0x8000b988 (0x663f2e23) mem 0x8000d000 0x00000001
core   0: 0x8000b98c (0x0000bfe5) c.j     pc - 8
core   0: 3 0x8000b98c (0xbfe5)
core   0: 0x8000b984 (0x00001f17) auipc   t5, 0x1
core   0: 3 0x8000b984 (0x00001f17) x30 0x8000c984
core   0: 0x8000b988 (0x663f2e23) sw      gp, 1660(t5)
core   0: 3 0x8000b988 (0x663f2e23) mem 0x8000d000 0x00000001
core   0: 0x8000b98c (0x0000bfe5) c.j     pc - 8
core   0: 3 0x8000b98c (0xbfe5)
core   0: 0x8000b984 (0x00001f17) auipc   t5, 0x1
core   0: 3 0x8000b984 (0x00001f17) x30 0x8000c984
core   0: 0x8000b988 (0x663f2e23) sw      gp, 1660(t5)
core   0: 3 0x8000b988 (0x663f2e23) mem 0x8000d000 0x00000001
core   0: 0x8000b98c (0x0000bfe5) c.j     pc - 8
core   0: 3 0x8000b98c (0xbfe5)
core   0: 0x8000b984 (0x00001f17) auipc   t5, 0x1
core   0: 3 0x8000b984 (0x00001f17) x30 0x8000c984
core   0: 0x8000b988 (0x663f2e23) sw      gp, 1660(t5)
core   0: 3 0x8000b988 (0x663f2e23) mem 0x8000d000 0x00000001
core   0: 0x8000b98c (0x0000bfe5) c.j     pc - 8
core   0: 3 0x8000b98c (0xbfe5)
core   0: 0x8000b984 (0x00001f17) auipc   t5, 0x1
core   0: 3 0x8000b984 (0x00001f17) x30 0x8000c984
core   0: 0x8000b988 (0x663f2e23) sw      gp, 1660(t5)
core   0: 3 0x8000b988 (0x663f2e23) mem 0x8000d000 0x00000001
core   0: 0x8000b98c (0x0000bfe5) c.j     pc - 8
core   0: 3 0x8000b98c (0xbfe5)
core   0: 0x8000b984 (0x00001f17) auipc   t5, 0x1
core   0: 3 0x8000b984 (0x00001f17) x30 0x8000c984
core   0: 0x8000b988 (0x663f2e23) sw      gp, 1660(t5)
core   0: 3 0x8000b988 (0x663f2e23) mem 0x8000d000 0x00000001
core   0: 0x8000b98c (0x0000bfe5) c.j     pc - 8
core   0: 3 0x8000b98c (0xbfe5)
core   0: 0x8000b984 (0x00001f17) auipc   t5, 0x1
core   0: 3 0x8000b984 (0x00001f17) x30 0x8000c984
core   0: 0x8000b988 (0x663f2e23) sw      gp, 1660(t5)
core   0: 3 0x8000b988 (0x663f2e23) mem 0x8000d000 0x00000001
core   0: 0x8000b98c (0x0000bfe5) c.j     pc - 8
core   0: 3 0x8000b98c (0xbfe5)
core   0: 0x8000b984 (0x00001f17) auipc   t5, 0x1
core   0: 3 0x8000b984 (0x00001f17) x30 0x8000c984
core   0: 0x8000b988 (0x663f2e23) sw      gp, 1660(t5)
core   0: 3 0x8000b988 (0x663f2e23) mem 0x8000d000 0x00000001
core   0: 0x8000b98c (0x0000bfe5) c.j     pc - 8
core   0: 3 0x8000b98c (0xbfe5)
core   0: 0x8000b984 (0x00001f17) auipc   t5, 0x1
core   0: 3 0x8000b984 (0x00001f17) x30 0x8000c984
core   0: 0x8000b988 (0x663f2e23) sw      gp, 1660(t5)
core   0: 3 0x8000b988 (0x663f2e23) mem 0x8000d000 0x00000001
core   0: 0x8000b98c (0x0000bfe5) c.j     pc - 8
core   0: 3 0x8000b98c (0xbfe5)
core   0: 0x8000b984 (0x00001f17) auipc   t5, 0x1
core   0: 3 0x8000b984 (0x00001f17) x30 0x8000c984
core   0: 0x8000b988 (0x663f2e23) sw      gp, 1660(t5)
core   0: 3 0x8000b988 (0x663f2e23) mem 0x8000d000 0x00000001
core   0: 0x8000b98c (0x0000bfe5) c.j     pc - 8
core   0: 3 0x8000b98c (0xbfe5)
core   0: 0x8000b984 (0x00001f17) auipc   t5, 0x1
core   0: 3 0x8000b984 (0x00001f17) x30 0x8000c984
core   0: 0x8000b988 (0x663f2e23) sw      gp, 1660(t5)
core   0: 3 0x8000b988 (0x663f2e23) mem 0x8000d000 0x00000001
core   0: 0x8000b98c (0x0000bfe5) c.j     pc - 8
core   0: 3 0x8000b98c (0xbfe5)
core   0: 0x8000b984 (0x00001f17) auipc   t5, 0x1
core   0: 3 0x8000b984 (0x00001f17) x30 0x8000c984
core   0: 0x8000b988 (0x663f2e23) sw      gp, 1660(t5)
core   0: 3 0x8000b988 (0x663f2e23) mem 0x8000d000 0x00000001
core   0: 0x8000b98c (0x0000bfe5) c.j     pc - 8
core   0: 3 0x8000b98c (0xbfe5)
core   0: 0x8000b984 (0x00001f17) auipc   t5, 0x1
core   0: 3 0x8000b984 (0x00001f17) x30 0x8000c984
core   0: 0x8000b988 (0x663f2e23) sw      gp, 1660(t5)
core   0: 3 0x8000b988 (0x663f2e23) mem 0x8000d000 0x00000001
core   0: 0x8000b98c (0x0000bfe5) c.j     pc - 8
core   0: 3 0x8000b98c (0xbfe5)
core   0: 0x8000b984 (0x00001f17) auipc   t5, 0x1
core   0: 3 0x8000b984 (0x00001f17) x30 0x8000c984
core   0: 0x8000b988 (0x663f2e23) sw      gp, 1660(t5)
core   0: 3 0x8000b988 (0x663f2e23) mem 0x8000d000 0x00000001
core   0: 0x8000b98c (0x0000bfe5) c.j     pc - 8
core   0: 3 0x8000b98c (0xbfe5)
core   0: 0x8000b984 (0x00001f17) auipc   t5, 0x1
core   0: 3 0x8000b984 (0x00001f17) x30 0x8000c984
core   0: 0x8000b988 (0x663f2e23) sw      gp, 1660(t5)
core   0: 3 0x8000b988 (0x663f2e23) mem 0x8000d000 0x00000001
core   0: 0x8000b98c (0x0000bfe5) c.j     pc - 8
core   0: 3 0x8000b98c (0xbfe5)
core   0: 0x8000b984 (0x00001f17) auipc   t5, 0x1
core   0: 3 0x8000b984 (0x00001f17) x30 0x8000c984
core   0: 0x8000b988 (0x663f2e23) sw      gp, 1660(t5)
core   0: 3 0x8000b988 (0x663f2e23) mem 0x8000d000 0x00000001
core   0: 0x8000b98c (0x0000bfe5) c.j     pc - 8
core   0: 3 0x8000b98c (0xbfe5)
core   0: 0x8000b984 (0x00001f17) auipc   t5, 0x1
core   0: 3 0x8000b984 (0x00001f17) x30 0x8000c984
core   0: 0x8000b988 (0x663f2e23) sw      gp, 1660(t5)
core   0: 3 0x8000b988 (0x663f2e23) mem 0x8000d000 0x00000001
core   0: 0x8000b98c (0x0000bfe5) c.j     pc - 8
core   0: 3 0x8000b98c (0xbfe5)
core   0: 0x8000b984 (0x00001f17) auipc   t5, 0x1
core   0: 3 0x8000b984 (0x00001f17) x30 0x8000c984
core   0: 0x8000b988 (0x663f2e23) sw      gp, 1660(t5)
core   0: 3 0x8000b988 (0x663f2e23) mem 0x8000d000 0x00000001
core   0: 0x8000b98c (0x0000bfe5) c.j     pc - 8
core   0: 3 0x8000b98c (0xbfe5)
core   0: 0x8000b984 (0x00001f17) auipc   t5, 0x1
core   0: 3 0x8000b984 (0x00001f17) x30 0x8000c984
core   0: 0x8000b988 (0x663f2e23) sw      gp, 1660(t5)
core   0: 3 0x8000b988 (0x663f2e23) mem 0x8000d000 0x00000001
core   0: 0x8000b98c (0x0000bfe5) c.j     pc - 8
core   0: 3 0x8000b98c (0xbfe5)
core   0: 0x8000b984 (0x00001f17) auipc   t5, 0x1
core   0: 3 0x8000b984 (0x00001f17) x30 0x8000c984
core   0: 0x8000b988 (0x663f2e23) sw      gp, 1660(t5)
core   0: 3 0x8000b988 (0x663f2e23) mem 0x8000d000 0x00000001
core   0: 0x8000b98c (0x0000bfe5) c.j     pc - 8
core   0: 3 0x8000b98c (0xbfe5)
core   0: 0x8000b984 (0x00001f17) auipc   t5, 0x1
core   0: 3 0x8000b984 (0x00001f17) x30 0x8000c984
core   0: 0x8000b988 (0x663f2e23) sw      gp, 1660(t5)
core   0: 3 0x8000b988 (0x663f2e23) mem 0x8000d000 0x00000001
core   0: 0x8000b98c (0x0000bfe5) c.j     pc - 8
core   0: 3 0x8000b98c (0xbfe5)
core   0: 0x8000b984 (0x00001f17) auipc   t5, 0x1
core   0: 3 0x8000b984 (0x00001f17) x30 0x8000c984
core   0: 0x8000b988 (0x663f2e23) sw      gp, 1660(t5)
core   0: 3 0x8000b988 (0x663f2e23) mem 0x8000d000 0x00000001
core   0: 0x8000b98c (0x0000bfe5) c.j     pc - 8
core   0: 3 0x8000b98c (0xbfe5)
core   0: 0x8000b984 (0x00001f17) auipc   t5, 0x1
core   0: 3 0x8000b984 (0x00001f17) x30 0x8000c984
core   0: 0x8000b988 (0x663f2e23) sw      gp, 1660(t5)
core   0: 3 0x8000b988 (0x663f2e23) mem 0x8000d000 0x00000001
core   0: 0x8000b98c (0x0000bfe5) c.j     pc - 8
core   0: 3 0x8000b98c (0xbfe5)
core   0: 0x8000b984 (0x00001f17) auipc   t5, 0x1
core   0: 3 0x8000b984 (0x00001f17) x30 0x8000c984
core   0: 0x8000b988 (0x663f2e23) sw      gp, 1660(t5)
core   0: 3 0x8000b988 (0x663f2e23) mem 0x8000d000 0x00000001
core   0: 0x8000b98c (0x0000bfe5) c.j     pc - 8
core   0: 3 0x8000b98c (0xbfe5)
core   0: 0x8000b984 (0x00001f17) auipc   t5, 0x1
core   0: 3 0x8000b984 (0x00001f17) x30 0x8000c984
core   0: 0x8000b988 (0x663f2e23) sw      gp, 1660(t5)
core   0: 3 0x8000b988 (0x663f2e23) mem 0x8000d000 0x00000001
core   0: 0x8000b98c (0x0000bfe5) c.j     pc - 8
core   0: 3 0x8000b98c (0xbfe5)
core   0: 0x8000b984 (0x00001f17) auipc   t5, 0x1
core   0: 3 0x8000b984 (0x00001f17) x30 0x8000c984
core   0: 0x8000b988 (0x663f2e23) sw      gp, 1660(t5)
core   0: 3 0x8000b988 (0x663f2e23) mem 0x8000d000 0x00000001
core   0: 0x8000b98c (0x0000bfe5) c.j     pc - 8
core   0: 3 0x8000b98c (0xbfe5)
core   0: 0x8000b984 (0x00001f17) auipc   t5, 0x1
core   0: 3 0x8000b984 (0x00001f17) x30 0x8000c984
core   0: 0x8000b988 (0x663f2e23) sw      gp, 1660(t5)
core   0: 3 0x8000b988 (0x663f2e23) mem 0x8000d000 0x00000001
core   0: 0x8000b98c (0x0000bfe5) c.j     pc - 8
core   0: 3 0x8000b98c (0xbfe5)
core   0: 0x8000b984 (0x00001f17) auipc   t5, 0x1
core   0: 3 0x8000b984 (0x00001f17) x30 0x8000c984
core   0: 0x8000b988 (0x663f2e23) sw      gp, 1660(t5)
core   0: 3 0x8000b988 (0x663f2e23) mem 0x8000d000 0x00000001
core   0: 0x8000b98c (0x0000bfe5) c.j     pc - 8
core   0: 3 0x8000b98c (0xbfe5)
core   0: 0x8000b984 (0x00001f17) auipc   t5, 0x1
core   0: 3 0x8000b984 (0x00001f17) x30 0x8000c984
core   0: 0x8000b988 (0x663f2e23) sw      gp, 1660(t5)
core   0: 3 0x8000b988 (0x663f2e23) mem 0x8000d000 0x00000001
core   0: 0x8000b98c (0x0000bfe5) c.j     pc - 8
core   0: 3 0x8000b98c (0xbfe5)
core   0: 0x8000b984 (0x00001f17) auipc   t5, 0x1
core   0: 3 0x8000b984 (0x00001f17) x30 0x8000c984
core   0: 0x8000b988 (0x663f2e23) sw      gp, 1660(t5)
core   0: 3 0x8000b988 (0x663f2e23) mem 0x8000d000 0x00000001
core   0: 0x8000b98c (0x0000bfe5) c.j     pc - 8
core   0: 3 0x8000b98c (0xbfe5)
core   0: 0x8000b984 (0x00001f17) auipc   t5, 0x1
core   0: 3 0x8000b984 (0x00001f17) x30 0x8000c984
core   0: 0x8000b988 (0x663f2e23) sw      gp, 1660(t5)
core   0: 3 0x8000b988 (0x663f2e23) mem 0x8000d000 0x00000001
core   0: 0x8000b98c (0x0000bfe5) c.j     pc - 8
core   0: 3 0x8000b98c (0xbfe5)
core   0: 0x8000b984 (0x00001f17) auipc   t5, 0x1
core   0: 3 0x8000b984 (0x00001f17) x30 0x8000c984
core   0: 0x8000b988 (0x663f2e23) sw      gp, 1660(t5)
core   0: 3 0x8000b988 (0x663f2e23) mem 0x8000d000 0x00000001
core   0: 0x8000b98c (0x0000bfe5) c.j     pc - 8
core   0: 3 0x8000b98c (0xbfe5)
core   0: 0x8000b984 (0x00001f17) auipc   t5, 0x1
core   0: 3 0x8000b984 (0x00001f17) x30 0x8000c984
core   0: 0x8000b988 (0x663f2e23) sw      gp, 1660(t5)
core   0: 3 0x8000b988 (0x663f2e23) mem 0x8000d000 0x00000001
core   0: 0x8000b98c (0x0000bfe5) c.j     pc - 8
core   0: 3 0x8000b98c (0xbfe5)
core   0: 0x8000b984 (0x00001f17) auipc   t5, 0x1
core   0: 3 0x8000b984 (0x00001f17) x30 0x8000c984
core   0: 0x8000b988 (0x663f2e23) sw      gp, 1660(t5)
core   0: 3 0x8000b988 (0x663f2e23) mem 0x8000d000 0x00000001
core   0: 0x8000b98c (0x0000bfe5) c.j     pc - 8
core   0: 3 0x8000b98c (0xbfe5)
core   0: 0x8000b984 (0x00001f17) auipc   t5, 0x1
core   0: 3 0x8000b984 (0x00001f17) x30 0x8000c984
core   0: 0x8000b988 (0x663f2e23) sw      gp, 1660(t5)
core   0: 3 0x8000b988 (0x663f2e23) mem 0x8000d000 0x00000001
core   0: 0x8000b98c (0x0000bfe5) c.j     pc - 8
core   0: 3 0x8000b98c (0xbfe5)
core   0: 0x8000b984 (0x00001f17) auipc   t5, 0x1
core   0: 3 0x8000b984 (0x00001f17) x30 0x8000c984
core   0: 0x8000b988 (0x663f2e23) sw      gp, 1660(t5)
core   0: 3 0x8000b988 (0x663f2e23) mem 0x8000d000 0x00000001
core   0: 0x8000b98c (0x0000bfe5) c.j     pc - 8
core   0: 3 0x8000b98c (0xbfe5)
core   0: 0x8000b984 (0x00001f17) auipc   t5, 0x1
core   0: 3 0x8000b984 (0x00001f17) x30 0x8000c984
core   0: 0x8000b988 (0x663f2e23) sw      gp, 1660(t5)
core   0: 3 0x8000b988 (0x663f2e23) mem 0x8000d000 0x00000001
core   0: 0x8000b98c (0x0000bfe5) c.j     pc - 8
core   0: 3 0x8000b98c (0xbfe5)
core   0: 0x8000b984 (0x00001f17) auipc   t5, 0x1
core   0: 3 0x8000b984 (0x00001f17) x30 0x8000c984
core   0: 0x8000b988 (0x663f2e23) sw      gp, 1660(t5)
core   0: 3 0x8000b988 (0x663f2e23) mem 0x8000d000 0x00000001
core   0: 0x8000b98c (0x0000bfe5) c.j     pc - 8
core   0: 3 0x8000b98c (0xbfe5)
core   0: 0x8000b984 (0x00001f17) auipc   t5, 0x1
core   0: 3 0x8000b984 (0x00001f17) x30 0x8000c984
core   0: 0x8000b988 (0x663f2e23) sw      gp, 1660(t5)
core   0: 3 0x8000b988 (0x663f2e23) mem 0x8000d000 0x00000001
core   0: 0x8000b98c (0x0000bfe5) c.j     pc - 8
core   0: 3 0x8000b98c (0xbfe5)
core   0: 0x8000b984 (0x00001f17) auipc   t5, 0x1
core   0: 3 0x8000b984 (0x00001f17) x30 0x8000c984
core   0: 0x8000b988 (0x663f2e23) sw      gp, 1660(t5)
core   0: 3 0x8000b988 (0x663f2e23) mem 0x8000d000 0x00000001
core   0: 0x8000b98c (0x0000bfe5) c.j     pc - 8
core   0: 3 0x8000b98c (0xbfe5)
core   0: 0x8000b984 (0x00001f17) auipc   t5, 0x1
core   0: 3 0x8000b984 (0x00001f17) x30 0x8000c984
core   0: 0x8000b988 (0x663f2e23) sw      gp, 1660(t5)
core   0: 3 0x8000b988 (0x663f2e23) mem 0x8000d000 0x00000001
core   0: 0x8000b98c (0x0000bfe5) c.j     pc - 8
core   0: 3 0x8000b98c (0xbfe5)
core   0: 0x8000b984 (0x00001f17) auipc   t5, 0x1
core   0: 3 0x8000b984 (0x00001f17) x30 0x8000c984
core   0: 0x8000b988 (0x663f2e23) sw      gp, 1660(t5)
core   0: 3 0x8000b988 (0x663f2e23) mem 0x8000d000 0x00000001
core   0: 0x8000b98c (0x0000bfe5) c.j     pc - 8
core   0: 3 0x8000b98c (0xbfe5)
core   0: 0x8000b984 (0x00001f17) auipc   t5, 0x1
core   0: 3 0x8000b984 (0x00001f17) x30 0x8000c984
core   0: 0x8000b988 (0x663f2e23) sw      gp, 1660(t5)
core   0: 3 0x8000b988 (0x663f2e23) mem 0x8000d000 0x00000001
core   0: 0x8000b98c (0x0000bfe5) c.j     pc - 8
core   0: 3 0x8000b98c (0xbfe5)
core   0: 0x8000b984 (0x00001f17) auipc   t5, 0x1
core   0: 3 0x8000b984 (0x00001f17) x30 0x8000c984
core   0: 0x8000b988 (0x663f2e23) sw      gp, 1660(t5)
core   0: 3 0x8000b988 (0x663f2e23) mem 0x8000d000 0x00000001
core   0: 0x8000b98c (0x0000bfe5) c.j     pc - 8
core   0: 3 0x8000b98c (0xbfe5)
core   0: 0x8000b984 (0x00001f17) auipc   t5, 0x1
core   0: 3 0x8000b984 (0x00001f17) x30 0x8000c984
core   0: 0x8000b988 (0x663f2e23) sw      gp, 1660(t5)
core   0: 3 0x8000b988 (0x663f2e23) mem 0x8000d000 0x00000001
core   0: 0x8000b98c (0x0000bfe5) c.j     pc - 8
core   0: 3 0x8000b98c (0xbfe5)
core   0: 0x8000b984 (0x00001f17) auipc   t5, 0x1
core   0: 3 0x8000b984 (0x00001f17) x30 0x8000c984
core   0: 0x8000b988 (0x663f2e23) sw      gp, 1660(t5)
core   0: 3 0x8000b988 (0x663f2e23) mem 0x8000d000 0x00000001
core   0: 0x8000b98c (0x0000bfe5) c.j     pc - 8
core   0: 3 0x8000b98c (0xbfe5)
core   0: 0x8000b984 (0x00001f17) auipc   t5, 0x1
core   0: 3 0x8000b984 (0x00001f17) x30 0x8000c984
core   0: 0x8000b988 (0x663f2e23) sw      gp, 1660(t5)
core   0: 3 0x8000b988 (0x663f2e23) mem 0x8000d000 0x00000001
core   0: 0x8000b98c (0x0000bfe5) c.j     pc - 8
core   0: 3 0x8000b98c (0xbfe5)
core   0: 0x8000b984 (0x00001f17) auipc   t5, 0x1
core   0: 3 0x8000b984 (0x00001f17) x30 0x8000c984
core   0: 0x8000b988 (0x663f2e23) sw      gp, 1660(t5)
core   0: 3 0x8000b988 (0x663f2e23) mem 0x8000d000 0x00000001
core   0: 0x8000b98c (0x0000bfe5) c.j     pc - 8
core   0: 3 0x8000b98c (0xbfe5)
core   0: 0x8000b984 (0x00001f17) auipc   t5, 0x1
core   0: 3 0x8000b984 (0x00001f17) x30 0x8000c984
core   0: 0x8000b988 (0x663f2e23) sw      gp, 1660(t5)
core   0: 3 0x8000b988 (0x663f2e23) mem 0x8000d000 0x00000001
core   0: 0x8000b98c (0x0000bfe5) c.j     pc - 8
core   0: 3 0x8000b98c (0xbfe5)
core   0: 0x8000b984 (0x00001f17) auipc   t5, 0x1
core   0: 3 0x8000b984 (0x00001f17) x30 0x8000c984
core   0: 0x8000b988 (0x663f2e23) sw      gp, 1660(t5)
core   0: 3 0x8000b988 (0x663f2e23) mem 0x8000d000 0x00000001
core   0: 0x8000b98c (0x0000bfe5) c.j     pc - 8
core   0: 3 0x8000b98c (0xbfe5)
core   0: 0x8000b984 (0x00001f17) auipc   t5, 0x1
core   0: 3 0x8000b984 (0x00001f17) x30 0x8000c984
core   0: 0x8000b988 (0x663f2e23) sw      gp, 1660(t5)
core   0: 3 0x8000b988 (0x663f2e23) mem 0x8000d000 0x00000001
core   0: 0x8000b98c (0x0000bfe5) c.j     pc - 8
core   0: 3 0x8000b98c (0xbfe5)
core   0: 0x8000b984 (0x00001f17) auipc   t5, 0x1
core   0: 3 0x8000b984 (0x00001f17) x30 0x8000c984
core   0: 0x8000b988 (0x663f2e23) sw      gp, 1660(t5)
core   0: 3 0x8000b988 (0x663f2e23) mem 0x8000d000 0x00000001
core   0: 0x8000b98c (0x0000bfe5) c.j     pc - 8
core   0: 3 0x8000b98c (0xbfe5)
core   0: 0x8000b984 (0x00001f17) auipc   t5, 0x1
core   0: 3 0x8000b984 (0x00001f17) x30 0x8000c984
core   0: 0x8000b988 (0x663f2e23) sw      gp, 1660(t5)
core   0: 3 0x8000b988 (0x663f2e23) mem 0x8000d000 0x00000001
core   0: 0x8000b98c (0x0000bfe5) c.j     pc - 8
core   0: 3 0x8000b98c (0xbfe5)
core   0: 0x8000b984 (0x00001f17) auipc   t5, 0x1
core   0: 3 0x8000b984 (0x00001f17) x30 0x8000c984
core   0: 0x8000b988 (0x663f2e23) sw      gp, 1660(t5)
core   0: 3 0x8000b988 (0x663f2e23) mem 0x8000d000 0x00000001
core   0: 0x8000b98c (0x0000bfe5) c.j     pc - 8
core   0: 3 0x8000b98c (0xbfe5)
core   0: 0x8000b984 (0x00001f17) auipc   t5, 0x1
core   0: 3 0x8000b984 (0x00001f17) x30 0x8000c984
core   0: 0x8000b988 (0x663f2e23) sw      gp, 1660(t5)
core   0: 3 0x8000b988 (0x663f2e23) mem 0x8000d000 0x00000001
core   0: 0x8000b98c (0x0000bfe5) c.j     pc - 8
core   0: 3 0x8000b98c (0xbfe5)
core   0: 0x8000b984 (0x00001f17) auipc   t5, 0x1
core   0: 3 0x8000b984 (0x00001f17) x30 0x8000c984
core   0: 0x8000b988 (0x663f2e23) sw      gp, 1660(t5)
core   0: 3 0x8000b988 (0x663f2e23) mem 0x8000d000 0x00000001
core   0: 0x8000b98c (0x0000bfe5) c.j     pc - 8
core   0: 3 0x8000b98c (0xbfe5)
core   0: 0x8000b984 (0x00001f17) auipc   t5, 0x1
core   0: 3 0x8000b984 (0x00001f17) x30 0x8000c984
core   0: 0x8000b988 (0x663f2e23) sw      gp, 1660(t5)
core   0: 3 0x8000b988 (0x663f2e23) mem 0x8000d000 0x00000001
core   0: 0x8000b98c (0x0000bfe5) c.j     pc - 8
core   0: 3 0x8000b98c (0xbfe5)
core   0: 0x8000b984 (0x00001f17) auipc   t5, 0x1
core   0: 3 0x8000b984 (0x00001f17) x30 0x8000c984
core   0: 0x8000b988 (0x663f2e23) sw      gp, 1660(t5)
core   0: 3 0x8000b988 (0x663f2e23) mem 0x8000d000 0x00000001
core   0: 0x8000b98c (0x0000bfe5) c.j     pc - 8
core   0: 3 0x8000b98c (0xbfe5)
core   0: 0x8000b984 (0x00001f17) auipc   t5, 0x1
core   0: 3 0x8000b984 (0x00001f17) x30 0x8000c984
core   0: 0x8000b988 (0x663f2e23) sw      gp, 1660(t5)
core   0: 3 0x8000b988 (0x663f2e23) mem 0x8000d000 0x00000001
core   0: 0x8000b98c (0x0000bfe5) c.j     pc - 8
core   0: 3 0x8000b98c (0xbfe5)
core   0: 0x8000b984 (0x00001f17) auipc   t5, 0x1
core   0: 3 0x8000b984 (0x00001f17) x30 0x8000c984
core   0: 0x8000b988 (0x663f2e23) sw      gp, 1660(t5)
core   0: 3 0x8000b988 (0x663f2e23) mem 0x8000d000 0x00000001
core   0: 0x8000b98c (0x0000bfe5) c.j     pc - 8
core   0: 3 0x8000b98c (0xbfe5)
core   0: 0x8000b984 (0x00001f17) auipc   t5, 0x1
core   0: 3 0x8000b984 (0x00001f17) x30 0x8000c984
core   0: 0x8000b988 (0x663f2e23) sw      gp, 1660(t5)
core   0: 3 0x8000b988 (0x663f2e23) mem 0x8000d000 0x00000001
core   0: 0x8000b98c (0x0000bfe5) c.j     pc - 8
core   0: 3 0x8000b98c (0xbfe5)
core   0: 0x8000b984 (0x00001f17) auipc   t5, 0x1
core   0: 3 0x8000b984 (0x00001f17) x30 0x8000c984
core   0: 0x8000b988 (0x663f2e23) sw      gp, 1660(t5)
core   0: 3 0x8000b988 (0x663f2e23) mem 0x8000d000 0x00000001
core   0: 0x8000b98c (0x0000bfe5) c.j     pc - 8
core   0: 3 0x8000b98c (0xbfe5)
core   0: 0x8000b984 (0x00001f17) auipc   t5, 0x1
core   0: 3 0x8000b984 (0x00001f17) x30 0x8000c984
core   0: 0x8000b988 (0x663f2e23) sw      gp, 1660(t5)
core   0: 3 0x8000b988 (0x663f2e23) mem 0x8000d000 0x00000001
core   0: 0x8000b98c (0x0000bfe5) c.j     pc - 8
core   0: 3 0x8000b98c (0xbfe5)
core   0: 0x8000b984 (0x00001f17) auipc   t5, 0x1
core   0: 3 0x8000b984 (0x00001f17) x30 0x8000c984
core   0: 0x8000b988 (0x663f2e23) sw      gp, 1660(t5)
core   0: 3 0x8000b988 (0x663f2e23) mem 0x8000d000 0x00000001
core   0: 0x8000b98c (0x0000bfe5) c.j     pc - 8
core   0: 3 0x8000b98c (0xbfe5)
core   0: 0x8000b984 (0x00001f17) auipc   t5, 0x1
core   0: 3 0x8000b984 (0x00001f17) x30 0x8000c984
core   0: 0x8000b988 (0x663f2e23) sw      gp, 1660(t5)
core   0: 3 0x8000b988 (0x663f2e23) mem 0x8000d000 0x00000001
core   0: 0x8000b98c (0x0000bfe5) c.j     pc - 8
core   0: 3 0x8000b98c (0xbfe5)
core   0: 0x8000b984 (0x00001f17) auipc   t5, 0x1
core   0: 3 0x8000b984 (0x00001f17) x30 0x8000c984
core   0: 0x8000b988 (0x663f2e23) sw      gp, 1660(t5)
core   0: 3 0x8000b988 (0x663f2e23) mem 0x8000d000 0x00000001
core   0: 0x8000b98c (0x0000bfe5) c.j     pc - 8
core   0: 3 0x8000b98c (0xbfe5)
core   0: 0x8000b984 (0x00001f17) auipc   t5, 0x1
core   0: 3 0x8000b984 (0x00001f17) x30 0x8000c984
core   0: 0x8000b988 (0x663f2e23) sw      gp, 1660(t5)
core   0: 3 0x8000b988 (0x663f2e23) mem 0x8000d000 0x00000001
core   0: 0x8000b98c (0x0000bfe5) c.j     pc - 8
core   0: 3 0x8000b98c (0xbfe5)
core   0: 0x8000b984 (0x00001f17) auipc   t5, 0x1
core   0: 3 0x8000b984 (0x00001f17) x30 0x8000c984
core   0: 0x8000b988 (0x663f2e23) sw      gp, 1660(t5)
core   0: 3 0x8000b988 (0x663f2e23) mem 0x8000d000 0x00000001
core   0: 0x8000b98c (0x0000bfe5) c.j     pc - 8
core   0: 3 0x8000b98c (0xbfe5)
core   0: 0x8000b984 (0x00001f17) auipc   t5, 0x1
core   0: 3 0x8000b984 (0x00001f17) x30 0x8000c984
core   0: 0x8000b988 (0x663f2e23) sw      gp, 1660(t5)
core   0: 3 0x8000b988 (0x663f2e23) mem 0x8000d000 0x00000001
core   0: 0x8000b98c (0x0000bfe5) c.j     pc - 8
core   0: 3 0x8000b98c (0xbfe5)
core   0: 0x8000b984 (0x00001f17) auipc   t5, 0x1
core   0: 3 0x8000b984 (0x00001f17) x30 0x8000c984
core   0: 0x8000b988 (0x663f2e23) sw      gp, 1660(t5)
core   0: 3 0x8000b988 (0x663f2e23) mem 0x8000d000 0x00000001
core   0: 0x8000b98c (0x0000bfe5) c.j     pc - 8
core   0: 3 0x8000b98c (0xbfe5)
core   0: 0x8000b984 (0x00001f17) auipc   t5, 0x1
core   0: 3 0x8000b984 (0x00001f17) x30 0x8000c984
core   0: 0x8000b988 (0x663f2e23) sw      gp, 1660(t5)
core   0: 3 0x8000b988 (0x663f2e23) mem 0x8000d000 0x00000001
core   0: 0x8000b98c (0x0000bfe5) c.j     pc - 8
core   0: 3 0x8000b98c (0xbfe5)
core   0: 0x8000b984 (0x00001f17) auipc   t5, 0x1
core   0: 3 0x8000b984 (0x00001f17) x30 0x8000c984
core   0: 0x8000b988 (0x663f2e23) sw      gp, 1660(t5)
core   0: 3 0x8000b988 (0x663f2e23) mem 0x8000d000 0x00000001
core   0: 0x8000b98c (0x0000bfe5) c.j     pc - 8
core   0: 3 0x8000b98c (0xbfe5)
core   0: 0x8000b984 (0x00001f17) auipc   t5, 0x1
core   0: 3 0x8000b984 (0x00001f17) x30 0x8000c984
core   0: 0x8000b988 (0x663f2e23) sw      gp, 1660(t5)
core   0: 3 0x8000b988 (0x663f2e23) mem 0x8000d000 0x00000001
core   0: 0x8000b98c (0x0000bfe5) c.j     pc - 8
core   0: 3 0x8000b98c (0xbfe5)
core   0: 0x8000b984 (0x00001f17) auipc   t5, 0x1
core   0: 3 0x8000b984 (0x00001f17) x30 0x8000c984
core   0: 0x8000b988 (0x663f2e23) sw      gp, 1660(t5)
core   0: 3 0x8000b988 (0x663f2e23) mem 0x8000d000 0x00000001
core   0: 0x8000b98c (0x0000bfe5) c.j     pc - 8
core   0: 3 0x8000b98c (0xbfe5)
core   0: 0x8000b984 (0x00001f17) auipc   t5, 0x1
core   0: 3 0x8000b984 (0x00001f17) x30 0x8000c984
core   0: 0x8000b988 (0x663f2e23) sw      gp, 1660(t5)
core   0: 3 0x8000b988 (0x663f2e23) mem 0x8000d000 0x00000001
core   0: 0x8000b98c (0x0000bfe5) c.j     pc - 8
core   0: 3 0x8000b98c (0xbfe5)
core   0: 0x8000b984 (0x00001f17) auipc   t5, 0x1
core   0: 3 0x8000b984 (0x00001f17) x30 0x8000c984
core   0: 0x8000b988 (0x663f2e23) sw      gp, 1660(t5)
core   0: 3 0x8000b988 (0x663f2e23) mem 0x8000d000 0x00000001
core   0: 0x8000b98c (0x0000bfe5) c.j     pc - 8
core   0: 3 0x8000b98c (0xbfe5)
core   0: 0x8000b984 (0x00001f17) auipc   t5, 0x1
core   0: 3 0x8000b984 (0x00001f17) x30 0x8000c984
core   0: 0x8000b988 (0x663f2e23) sw      gp, 1660(t5)
core   0: 3 0x8000b988 (0x663f2e23) mem 0x8000d000 0x00000001
core   0: 0x8000b98c (0x0000bfe5) c.j     pc - 8
core   0: 3 0x8000b98c (0xbfe5)
core   0: 0x8000b984 (0x00001f17) auipc   t5, 0x1
core   0: 3 0x8000b984 (0x00001f17) x30 0x8000c984
core   0: 0x8000b988 (0x663f2e23) sw      gp, 1660(t5)
core   0: 3 0x8000b988 (0x663f2e23) mem 0x8000d000 0x00000001
core   0: 0x8000b98c (0x0000bfe5) c.j     pc - 8
core   0: 3 0x8000b98c (0xbfe5)
core   0: 0x8000b984 (0x00001f17) auipc   t5, 0x1
core   0: 3 0x8000b984 (0x00001f17) x30 0x8000c984
core   0: 0x8000b988 (0x663f2e23) sw      gp, 1660(t5)
core   0: 3 0x8000b988 (0x663f2e23) mem 0x8000d000 0x00000001
core   0: 0x8000b98c (0x0000bfe5) c.j     pc - 8
core   0: 3 0x8000b98c (0xbfe5)
core   0: 0x8000b984 (0x00001f17) auipc   t5, 0x1
core   0: 3 0x8000b984 (0x00001f17) x30 0x8000c984
core   0: 0x8000b988 (0x663f2e23) sw      gp, 1660(t5)
core   0: 3 0x8000b988 (0x663f2e23) mem 0x8000d000 0x00000001
core   0: 0x8000b98c (0x0000bfe5) c.j     pc - 8
core   0: 3 0x8000b98c (0xbfe5)
core   0: 0x8000b984 (0x00001f17) auipc   t5, 0x1
core   0: 3 0x8000b984 (0x00001f17) x30 0x8000c984
core   0: 0x8000b988 (0x663f2e23) sw      gp, 1660(t5)
core   0: 3 0x8000b988 (0x663f2e23) mem 0x8000d000 0x00000001
core   0: 0x8000b98c (0x0000bfe5) c.j     pc - 8
core   0: 3 0x8000b98c (0xbfe5)
core   0: 0x8000b984 (0x00001f17) auipc   t5, 0x1
core   0: 3 0x8000b984 (0x00001f17) x30 0x8000c984
core   0: 0x8000b988 (0x663f2e23) sw      gp, 1660(t5)
core   0: 3 0x8000b988 (0x663f2e23) mem 0x8000d000 0x00000001
core   0: 0x8000b98c (0x0000bfe5) c.j     pc - 8
core   0: 3 0x8000b98c (0xbfe5)
core   0: 0x8000b984 (0x00001f17) auipc   t5, 0x1
core   0: 3 0x8000b984 (0x00001f17) x30 0x8000c984
core   0: 0x8000b988 (0x663f2e23) sw      gp, 1660(t5)
core   0: 3 0x8000b988 (0x663f2e23) mem 0x8000d000 0x00000001
core   0: 0x8000b98c (0x0000bfe5) c.j     pc - 8
core   0: 3 0x8000b98c (0xbfe5)
core   0: 0x8000b984 (0x00001f17) auipc   t5, 0x1
core   0: 3 0x8000b984 (0x00001f17) x30 0x8000c984
core   0: 0x8000b988 (0x663f2e23) sw      gp, 1660(t5)
core   0: 3 0x8000b988 (0x663f2e23) mem 0x8000d000 0x00000001
core   0: 0x8000b98c (0x0000bfe5) c.j     pc - 8
core   0: 3 0x8000b98c (0xbfe5)
core   0: 0x8000b984 (0x00001f17) auipc   t5, 0x1
core   0: 3 0x8000b984 (0x00001f17) x30 0x8000c984
core   0: 0x8000b988 (0x663f2e23) sw      gp, 1660(t5)
core   0: 3 0x8000b988 (0x663f2e23) mem 0x8000d000 0x00000001
core   0: 0x8000b98c (0x0000bfe5) c.j     pc - 8
core   0: 3 0x8000b98c (0xbfe5)
core   0: 0x8000b984 (0x00001f17) auipc   t5, 0x1
core   0: 3 0x8000b984 (0x00001f17) x30 0x8000c984
core   0: 0x8000b988 (0x663f2e23) sw      gp, 1660(t5)
core   0: 3 0x8000b988 (0x663f2e23) mem 0x8000d000 0x00000001
core   0: 0x8000b98c (0x0000bfe5) c.j     pc - 8
core   0: 3 0x8000b98c (0xbfe5)
core   0: 0x8000b984 (0x00001f17) auipc   t5, 0x1
core   0: 3 0x8000b984 (0x00001f17) x30 0x8000c984
core   0: 0x8000b988 (0x663f2e23) sw      gp, 1660(t5)
core   0: 3 0x8000b988 (0x663f2e23) mem 0x8000d000 0x00000001
core   0: 0x8000b98c (0x0000bfe5) c.j     pc - 8
core   0: 3 0x8000b98c (0xbfe5)
core   0: 0x8000b984 (0x00001f17) auipc   t5, 0x1
core   0: 3 0x8000b984 (0x00001f17) x30 0x8000c984
core   0: 0x8000b988 (0x663f2e23) sw      gp, 1660(t5)
core   0: 3 0x8000b988 (0x663f2e23) mem 0x8000d000 0x00000001
core   0: 0x8000b98c (0x0000bfe5) c.j     pc - 8
core   0: 3 0x8000b98c (0xbfe5)
core   0: 0x8000b984 (0x00001f17) auipc   t5, 0x1
core   0: 3 0x8000b984 (0x00001f17) x30 0x8000c984
core   0: 0x8000b988 (0x663f2e23) sw      gp, 1660(t5)
core   0: 3 0x8000b988 (0x663f2e23) mem 0x8000d000 0x00000001
core   0: 0x8000b98c (0x0000bfe5) c.j     pc - 8
core   0: 3 0x8000b98c (0xbfe5)
core   0: 0x8000b984 (0x00001f17) auipc   t5, 0x1
core   0: 3 0x8000b984 (0x00001f17) x30 0x8000c984
core   0: 0x8000b988 (0x663f2e23) sw      gp, 1660(t5)
core   0: 3 0x8000b988 (0x663f2e23) mem 0x8000d000 0x00000001
core   0: 0x8000b98c (0x0000bfe5) c.j     pc - 8
core   0: 3 0x8000b98c (0xbfe5)
core   0: 0x8000b984 (0x00001f17) auipc   t5, 0x1
core   0: 3 0x8000b984 (0x00001f17) x30 0x8000c984
core   0: 0x8000b988 (0x663f2e23) sw      gp, 1660(t5)
core   0: 3 0x8000b988 (0x663f2e23) mem 0x8000d000 0x00000001
core   0: 0x8000b98c (0x0000bfe5) c.j     pc - 8
core   0: 3 0x8000b98c (0xbfe5)
core   0: 0x8000b984 (0x00001f17) auipc   t5, 0x1
core   0: 3 0x8000b984 (0x00001f17) x30 0x8000c984
core   0: 0x8000b988 (0x663f2e23) sw      gp, 1660(t5)
core   0: 3 0x8000b988 (0x663f2e23) mem 0x8000d000 0x00000001
core   0: 0x8000b98c (0x0000bfe5) c.j     pc - 8
core   0: 3 0x8000b98c (0xbfe5)
core   0: 0x8000b984 (0x00001f17) auipc   t5, 0x1
core   0: 3 0x8000b984 (0x00001f17) x30 0x8000c984
core   0: 0x8000b988 (0x663f2e23) sw      gp, 1660(t5)
core   0: 3 0x8000b988 (0x663f2e23) mem 0x8000d000 0x00000001
core   0: 0x8000b98c (0x0000bfe5) c.j     pc - 8
core   0: 3 0x8000b98c (0xbfe5)
core   0: 0x8000b984 (0x00001f17) auipc   t5, 0x1
core   0: 3 0x8000b984 (0x00001f17) x30 0x8000c984
core   0: 0x8000b988 (0x663f2e23) sw      gp, 1660(t5)
core   0: 3 0x8000b988 (0x663f2e23) mem 0x8000d000 0x00000001
core   0: 0x8000b98c (0x0000bfe5) c.j     pc - 8
core   0: 3 0x8000b98c (0xbfe5)
core   0: 0x8000b984 (0x00001f17) auipc   t5, 0x1
core   0: 3 0x8000b984 (0x00001f17) x30 0x8000c984
core   0: 0x8000b988 (0x663f2e23) sw      gp, 1660(t5)
core   0: 3 0x8000b988 (0x663f2e23) mem 0x8000d000 0x00000001
core   0: 0x8000b98c (0x0000bfe5) c.j     pc - 8
core   0: 3 0x8000b98c (0xbfe5)
core   0: 0x8000b984 (0x00001f17) auipc   t5, 0x1
core   0: 3 0x8000b984 (0x00001f17) x30 0x8000c984
core   0: 0x8000b988 (0x663f2e23) sw      gp, 1660(t5)
core   0: 3 0x8000b988 (0x663f2e23) mem 0x8000d000 0x00000001
core   0: 0x8000b98c (0x0000bfe5) c.j     pc - 8
core   0: 3 0x8000b98c (0xbfe5)
core   0: 0x8000b984 (0x00001f17) auipc   t5, 0x1
core   0: 3 0x8000b984 (0x00001f17) x30 0x8000c984
core   0: 0x8000b988 (0x663f2e23) sw      gp, 1660(t5)
core   0: 3 0x8000b988 (0x663f2e23) mem 0x8000d000 0x00000001
core   0: 0x8000b98c (0x0000bfe5) c.j     pc - 8
core   0: 3 0x8000b98c (0xbfe5)
core   0: 0x8000b984 (0x00001f17) auipc   t5, 0x1
core   0: 3 0x8000b984 (0x00001f17) x30 0x8000c984
core   0: 0x8000b988 (0x663f2e23) sw      gp, 1660(t5)
core   0: 3 0x8000b988 (0x663f2e23) mem 0x8000d000 0x00000001
core   0: 0x8000b98c (0x0000bfe5) c.j     pc - 8
core   0: 3 0x8000b98c (0xbfe5)
core   0: 0x8000b984 (0x00001f17) auipc   t5, 0x1
core   0: 3 0x8000b984 (0x00001f17) x30 0x8000c984
core   0: 0x8000b988 (0x663f2e23) sw      gp, 1660(t5)
core   0: 3 0x8000b988 (0x663f2e23) mem 0x8000d000 0x00000001
core   0: 0x8000b98c (0x0000bfe5) c.j     pc - 8
core   0: 3 0x8000b98c (0xbfe5)
core   0: 0x8000b984 (0x00001f17) auipc   t5, 0x1
core   0: 3 0x8000b984 (0x00001f17) x30 0x8000c984
core   0: 0x8000b988 (0x663f2e23) sw      gp, 1660(t5)
core   0: 3 0x8000b988 (0x663f2e23) mem 0x8000d000 0x00000001
core   0: 0x8000b98c (0x0000bfe5) c.j     pc - 8
core   0: 3 0x8000b98c (0xbfe5)
core   0: 0x8000b984 (0x00001f17) auipc   t5, 0x1
core   0: 3 0x8000b984 (0x00001f17) x30 0x8000c984
core   0: 0x8000b988 (0x663f2e23) sw      gp, 1660(t5)
core   0: 3 0x8000b988 (0x663f2e23) mem 0x8000d000 0x00000001
core   0: 0x8000b98c (0x0000bfe5) c.j     pc - 8
core   0: 3 0x8000b98c (0xbfe5)
core   0: 0x8000b984 (0x00001f17) auipc   t5, 0x1
core   0: 3 0x8000b984 (0x00001f17) x30 0x8000c984
core   0: 0x8000b988 (0x663f2e23) sw      gp, 1660(t5)
core   0: 3 0x8000b988 (0x663f2e23) mem 0x8000d000 0x00000001
core   0: 0x8000b98c (0x0000bfe5) c.j     pc - 8
core   0: 3 0x8000b98c (0xbfe5)
core   0: 0x8000b984 (0x00001f17) auipc   t5, 0x1
core   0: 3 0x8000b984 (0x00001f17) x30 0x8000c984
core   0: 0x8000b988 (0x663f2e23) sw      gp, 1660(t5)
core   0: 3 0x8000b988 (0x663f2e23) mem 0x8000d000 0x00000001
core   0: 0x8000b98c (0x0000bfe5) c.j     pc - 8
core   0: 3 0x8000b98c (0xbfe5)
core   0: 0x8000b984 (0x00001f17) auipc   t5, 0x1
core   0: 3 0x8000b984 (0x00001f17) x30 0x8000c984
core   0: 0x8000b988 (0x663f2e23) sw      gp, 1660(t5)
core   0: 3 0x8000b988 (0x663f2e23) mem 0x8000d000 0x00000001
core   0: 0x8000b98c (0x0000bfe5) c.j     pc - 8
core   0: 3 0x8000b98c (0xbfe5)
core   0: 0x8000b984 (0x00001f17) auipc   t5, 0x1
core   0: 3 0x8000b984 (0x00001f17) x30 0x8000c984
core   0: 0x8000b988 (0x663f2e23) sw      gp, 1660(t5)
core   0: 3 0x8000b988 (0x663f2e23) mem 0x8000d000 0x00000001
core   0: 0x8000b98c (0x0000bfe5) c.j     pc - 8
core   0: 3 0x8000b98c (0xbfe5)
core   0: 0x8000b984 (0x00001f17) auipc   t5, 0x1
core   0: 3 0x8000b984 (0x00001f17) x30 0x8000c984
core   0: 0x8000b988 (0x663f2e23) sw      gp, 1660(t5)
core   0: 3 0x8000b988 (0x663f2e23) mem 0x8000d000 0x00000001
core   0: 0x8000b98c (0x0000bfe5) c.j     pc - 8
core   0: 3 0x8000b98c (0xbfe5)
core   0: 0x8000b984 (0x00001f17) auipc   t5, 0x1
core   0: 3 0x8000b984 (0x00001f17) x30 0x8000c984
core   0: 0x8000b988 (0x663f2e23) sw      gp, 1660(t5)
core   0: 3 0x8000b988 (0x663f2e23) mem 0x8000d000 0x00000001
core   0: 0x8000b98c (0x0000bfe5) c.j     pc - 8
core   0: 3 0x8000b98c (0xbfe5)
core   0: 0x8000b984 (0x00001f17) auipc   t5, 0x1
core   0: 3 0x8000b984 (0x00001f17) x30 0x8000c984
core   0: 0x8000b988 (0x663f2e23) sw      gp, 1660(t5)
core   0: 3 0x8000b988 (0x663f2e23) mem 0x8000d000 0x00000001
core   0: 0x8000b98c (0x0000bfe5) c.j     pc - 8
core   0: 3 0x8000b98c (0xbfe5)
core   0: 0x8000b984 (0x00001f17) auipc   t5, 0x1
core   0: 3 0x8000b984 (0x00001f17) x30 0x8000c984
core   0: 0x8000b988 (0x663f2e23) sw      gp, 1660(t5)
core   0: 3 0x8000b988 (0x663f2e23) mem 0x8000d000 0x00000001
core   0: 0x8000b98c (0x0000bfe5) c.j     pc - 8
core   0: 3 0x8000b98c (0xbfe5)
core   0: 0x8000b984 (0x00001f17) auipc   t5, 0x1
core   0: 3 0x8000b984 (0x00001f17) x30 0x8000c984
core   0: 0x8000b988 (0x663f2e23) sw      gp, 1660(t5)
core   0: 3 0x8000b988 (0x663f2e23) mem 0x8000d000 0x00000001
core   0: 0x8000b98c (0x0000bfe5) c.j     pc - 8
core   0: 3 0x8000b98c (0xbfe5)
core   0: 0x8000b984 (0x00001f17) auipc   t5, 0x1
core   0: 3 0x8000b984 (0x00001f17) x30 0x8000c984
core   0: 0x8000b988 (0x663f2e23) sw      gp, 1660(t5)
core   0: 3 0x8000b988 (0x663f2e23) mem 0x8000d000 0x00000001
core   0: 0x8000b98c (0x0000bfe5) c.j     pc - 8
core   0: 3 0x8000b98c (0xbfe5)
core   0: 0x8000b984 (0x00001f17) auipc   t5, 0x1
core   0: 3 0x8000b984 (0x00001f17) x30 0x8000c984
core   0: 0x8000b988 (0x663f2e23) sw      gp, 1660(t5)
core   0: 3 0x8000b988 (0x663f2e23) mem 0x8000d000 0x00000001
core   0: 0x8000b98c (0x0000bfe5) c.j     pc - 8
core   0: 3 0x8000b98c (0xbfe5)
core   0: 0x8000b984 (0x00001f17) auipc   t5, 0x1
core   0: 3 0x8000b984 (0x00001f17) x30 0x8000c984
core   0: 0x8000b988 (0x663f2e23) sw      gp, 1660(t5)
core   0: 3 0x8000b988 (0x663f2e23) mem 0x8000d000 0x00000001
core   0: 0x8000b98c (0x0000bfe5) c.j     pc - 8
core   0: 3 0x8000b98c (0xbfe5)
core   0: 0x8000b984 (0x00001f17) auipc   t5, 0x1
core   0: 3 0x8000b984 (0x00001f17) x30 0x8000c984
core   0: 0x8000b988 (0x663f2e23) sw      gp, 1660(t5)
core   0: 3 0x8000b988 (0x663f2e23) mem 0x8000d000 0x00000001
core   0: 0x8000b98c (0x0000bfe5) c.j     pc - 8
core   0: 3 0x8000b98c (0xbfe5)
core   0: 0x8000b984 (0x00001f17) auipc   t5, 0x1
core   0: 3 0x8000b984 (0x00001f17) x30 0x8000c984
core   0: 0x8000b988 (0x663f2e23) sw      gp, 1660(t5)
core   0: 3 0x8000b988 (0x663f2e23) mem 0x8000d000 0x00000001
core   0: 0x8000b98c (0x0000bfe5) c.j     pc - 8
core   0: 3 0x8000b98c (0xbfe5)
core   0: 0x8000b984 (0x00001f17) auipc   t5, 0x1
core   0: 3 0x8000b984 (0x00001f17) x30 0x8000c984
core   0: 0x8000b988 (0x663f2e23) sw      gp, 1660(t5)
core   0: 3 0x8000b988 (0x663f2e23) mem 0x8000d000 0x00000001
core   0: 0x8000b98c (0x0000bfe5) c.j     pc - 8
core   0: 3 0x8000b98c (0xbfe5)
core   0: 0x8000b984 (0x00001f17) auipc   t5, 0x1
core   0: 3 0x8000b984 (0x00001f17) x30 0x8000c984
core   0: 0x8000b988 (0x663f2e23) sw      gp, 1660(t5)
core   0: 3 0x8000b988 (0x663f2e23) mem 0x8000d000 0x00000001
core   0: 0x8000b98c (0x0000bfe5) c.j     pc - 8
core   0: 3 0x8000b98c (0xbfe5)
core   0: 0x8000b984 (0x00001f17) auipc   t5, 0x1
core   0: 3 0x8000b984 (0x00001f17) x30 0x8000c984
core   0: 0x8000b988 (0x663f2e23) sw      gp, 1660(t5)
core   0: 3 0x8000b988 (0x663f2e23) mem 0x8000d000 0x00000001
core   0: 0x8000b98c (0x0000bfe5) c.j     pc - 8
core   0: 3 0x8000b98c (0xbfe5)
core   0: 0x8000b984 (0x00001f17) auipc   t5, 0x1
core   0: 3 0x8000b984 (0x00001f17) x30 0x8000c984
core   0: 0x8000b988 (0x663f2e23) sw      gp, 1660(t5)
core   0: 3 0x8000b988 (0x663f2e23) mem 0x8000d000 0x00000001
core   0: 0x8000b98c (0x0000bfe5) c.j     pc - 8
core   0: 3 0x8000b98c (0xbfe5)
core   0: 0x8000b984 (0x00001f17) auipc   t5, 0x1
core   0: 3 0x8000b984 (0x00001f17) x30 0x8000c984
core   0: 0x8000b988 (0x663f2e23) sw      gp, 1660(t5)
core   0: 3 0x8000b988 (0x663f2e23) mem 0x8000d000 0x00000001
core   0: 0x8000b98c (0x0000bfe5) c.j     pc - 8
core   0: 3 0x8000b98c (0xbfe5)
core   0: 0x8000b984 (0x00001f17) auipc   t5, 0x1
core   0: 3 0x8000b984 (0x00001f17) x30 0x8000c984
core   0: 0x8000b988 (0x663f2e23) sw      gp, 1660(t5)
core   0: 3 0x8000b988 (0x663f2e23) mem 0x8000d000 0x00000001
core   0: 0x8000b98c (0x0000bfe5) c.j     pc - 8
core   0: 3 0x8000b98c (0xbfe5)
core   0: 0x8000b984 (0x00001f17) auipc   t5, 0x1
core   0: 3 0x8000b984 (0x00001f17) x30 0x8000c984
core   0: 0x8000b988 (0x663f2e23) sw      gp, 1660(t5)
core   0: 3 0x8000b988 (0x663f2e23) mem 0x8000d000 0x00000001
core   0: 0x8000b98c (0x0000bfe5) c.j     pc - 8
core   0: 3 0x8000b98c (0xbfe5)
core   0: 0x8000b984 (0x00001f17) auipc   t5, 0x1
core   0: 3 0x8000b984 (0x00001f17) x30 0x8000c984
core   0: 0x8000b988 (0x663f2e23) sw      gp, 1660(t5)
core   0: 3 0x8000b988 (0x663f2e23) mem 0x8000d000 0x00000001
core   0: 0x8000b98c (0x0000bfe5) c.j     pc - 8
core   0: 3 0x8000b98c (0xbfe5)
core   0: 0x8000b984 (0x00001f17) auipc   t5, 0x1
core   0: 3 0x8000b984 (0x00001f17) x30 0x8000c984
core   0: 0x8000b988 (0x663f2e23) sw      gp, 1660(t5)
core   0: 3 0x8000b988 (0x663f2e23) mem 0x8000d000 0x00000001
core   0: 0x8000b98c (0x0000bfe5) c.j     pc - 8
core   0: 3 0x8000b98c (0xbfe5)
core   0: 0x8000b984 (0x00001f17) auipc   t5, 0x1
core   0: 3 0x8000b984 (0x00001f17) x30 0x8000c984
core   0: 0x8000b988 (0x663f2e23) sw      gp, 1660(t5)
core   0: 3 0x8000b988 (0x663f2e23) mem 0x8000d000 0x00000001
core   0: 0x8000b98c (0x0000bfe5) c.j     pc - 8
core   0: 3 0x8000b98c (0xbfe5)
core   0: 0x8000b984 (0x00001f17) auipc   t5, 0x1
core   0: 3 0x8000b984 (0x00001f17) x30 0x8000c984
core   0: 0x8000b988 (0x663f2e23) sw      gp, 1660(t5)
core   0: 3 0x8000b988 (0x663f2e23) mem 0x8000d000 0x00000001
core   0: 0x8000b98c (0x0000bfe5) c.j     pc - 8
core   0: 3 0x8000b98c (0xbfe5)
core   0: 0x8000b984 (0x00001f17) auipc   t5, 0x1
core   0: 3 0x8000b984 (0x00001f17) x30 0x8000c984
core   0: 0x8000b988 (0x663f2e23) sw      gp, 1660(t5)
core   0: 3 0x8000b988 (0x663f2e23) mem 0x8000d000 0x00000001
core   0: 0x8000b98c (0x0000bfe5) c.j     pc - 8
core   0: 3 0x8000b98c (0xbfe5)
core   0: 0x8000b984 (0x00001f17) auipc   t5, 0x1
core   0: 3 0x8000b984 (0x00001f17) x30 0x8000c984
core   0: 0x8000b988 (0x663f2e23) sw      gp, 1660(t5)
core   0: 3 0x8000b988 (0x663f2e23) mem 0x8000d000 0x00000001
core   0: 0x8000b98c (0x0000bfe5) c.j     pc - 8
core   0: 3 0x8000b98c (0xbfe5)
core   0: 0x8000b984 (0x00001f17) auipc   t5, 0x1
core   0: 3 0x8000b984 (0x00001f17) x30 0x8000c984
core   0: 0x8000b988 (0x663f2e23) sw      gp, 1660(t5)
core   0: 3 0x8000b988 (0x663f2e23) mem 0x8000d000 0x00000001
core   0: 0x8000b98c (0x0000bfe5) c.j     pc - 8
core   0: 3 0x8000b98c (0xbfe5)
core   0: 0x8000b984 (0x00001f17) auipc   t5, 0x1
core   0: 3 0x8000b984 (0x00001f17) x30 0x8000c984
core   0: 0x8000b988 (0x663f2e23) sw      gp, 1660(t5)
core   0: 3 0x8000b988 (0x663f2e23) mem 0x8000d000 0x00000001
core   0: 0x8000b98c (0x0000bfe5) c.j     pc - 8
core   0: 3 0x8000b98c (0xbfe5)
core   0: 0x8000b984 (0x00001f17) auipc   t5, 0x1
core   0: 3 0x8000b984 (0x00001f17) x30 0x8000c984
core   0: 0x8000b988 (0x663f2e23) sw      gp, 1660(t5)
core   0: 3 0x8000b988 (0x663f2e23) mem 0x8000d000 0x00000001
core   0: 0x8000b98c (0x0000bfe5) c.j     pc - 8
core   0: 3 0x8000b98c (0xbfe5)
core   0: 0x8000b984 (0x00001f17) auipc   t5, 0x1
core   0: 3 0x8000b984 (0x00001f17) x30 0x8000c984
core   0: 0x8000b988 (0x663f2e23) sw      gp, 1660(t5)
core   0: 3 0x8000b988 (0x663f2e23) mem 0x8000d000 0x00000001
core   0: 0x8000b98c (0x0000bfe5) c.j     pc - 8
core   0: 3 0x8000b98c (0xbfe5)
core   0: 0x8000b984 (0x00001f17) auipc   t5, 0x1
core   0: 3 0x8000b984 (0x00001f17) x30 0x8000c984
core   0: 0x8000b988 (0x663f2e23) sw      gp, 1660(t5)
core   0: 3 0x8000b988 (0x663f2e23) mem 0x8000d000 0x00000001
core   0: 0x8000b98c (0x0000bfe5) c.j     pc - 8
core   0: 3 0x8000b98c (0xbfe5)
core   0: 0x8000b984 (0x00001f17) auipc   t5, 0x1
core   0: 3 0x8000b984 (0x00001f17) x30 0x8000c984
core   0: 0x8000b988 (0x663f2e23) sw      gp, 1660(t5)
core   0: 3 0x8000b988 (0x663f2e23) mem 0x8000d000 0x00000001
core   0: 0x8000b98c (0x0000bfe5) c.j     pc - 8
core   0: 3 0x8000b98c (0xbfe5)
core   0: 0x8000b984 (0x00001f17) auipc   t5, 0x1
core   0: 3 0x8000b984 (0x00001f17) x30 0x8000c984
core   0: 0x8000b988 (0x663f2e23) sw      gp, 1660(t5)
core   0: 3 0x8000b988 (0x663f2e23) mem 0x8000d000 0x00000001
core   0: 0x8000b98c (0x0000bfe5) c.j     pc - 8
core   0: 3 0x8000b98c (0xbfe5)
core   0: 0x8000b984 (0x00001f17) auipc   t5, 0x1
core   0: 3 0x8000b984 (0x00001f17) x30 0x8000c984
core   0: 0x8000b988 (0x663f2e23) sw      gp, 1660(t5)
core   0: 3 0x8000b988 (0x663f2e23) mem 0x8000d000 0x00000001
core   0: 0x8000b98c (0x0000bfe5) c.j     pc - 8
core   0: 3 0x8000b98c (0xbfe5)
core   0: 0x8000b984 (0x00001f17) auipc   t5, 0x1
core   0: 3 0x8000b984 (0x00001f17) x30 0x8000c984
core   0: 0x8000b988 (0x663f2e23) sw      gp, 1660(t5)
core   0: 3 0x8000b988 (0x663f2e23) mem 0x8000d000 0x00000001
core   0: 0x8000b98c (0x0000bfe5) c.j     pc - 8
core   0: 3 0x8000b98c (0xbfe5)
core   0: 0x8000b984 (0x00001f17) auipc   t5, 0x1
core   0: 3 0x8000b984 (0x00001f17) x30 0x8000c984
core   0: 0x8000b988 (0x663f2e23) sw      gp, 1660(t5)
core   0: 3 0x8000b988 (0x663f2e23) mem 0x8000d000 0x00000001
core   0: 0x8000b98c (0x0000bfe5) c.j     pc - 8
core   0: 3 0x8000b98c (0xbfe5)
core   0: 0x8000b984 (0x00001f17) auipc   t5, 0x1
core   0: 3 0x8000b984 (0x00001f17) x30 0x8000c984
core   0: 0x8000b988 (0x663f2e23) sw      gp, 1660(t5)
core   0: 3 0x8000b988 (0x663f2e23) mem 0x8000d000 0x00000001
core   0: 0x8000b98c (0x0000bfe5) c.j     pc - 8
core   0: 3 0x8000b98c (0xbfe5)
core   0: 0x8000b984 (0x00001f17) auipc   t5, 0x1
core   0: 3 0x8000b984 (0x00001f17) x30 0x8000c984
core   0: 0x8000b988 (0x663f2e23) sw      gp, 1660(t5)
core   0: 3 0x8000b988 (0x663f2e23) mem 0x8000d000 0x00000001
core   0: 0x8000b98c (0x0000bfe5) c.j     pc - 8
core   0: 3 0x8000b98c (0xbfe5)
core   0: 0x8000b984 (0x00001f17) auipc   t5, 0x1
core   0: 3 0x8000b984 (0x00001f17) x30 0x8000c984
core   0: 0x8000b988 (0x663f2e23) sw      gp, 1660(t5)
core   0: 3 0x8000b988 (0x663f2e23) mem 0x8000d000 0x00000001
core   0: 0x8000b98c (0x0000bfe5) c.j     pc - 8
core   0: 3 0x8000b98c (0xbfe5)
core   0: 0x8000b984 (0x00001f17) auipc   t5, 0x1
core   0: 3 0x8000b984 (0x00001f17) x30 0x8000c984
core   0: 0x8000b988 (0x663f2e23) sw      gp, 1660(t5)
core   0: 3 0x8000b988 (0x663f2e23) mem 0x8000d000 0x00000001
core   0: 0x8000b98c (0x0000bfe5) c.j     pc - 8
core   0: 3 0x8000b98c (0xbfe5)
core   0: 0x8000b984 (0x00001f17) auipc   t5, 0x1
core   0: 3 0x8000b984 (0x00001f17) x30 0x8000c984
core   0: 0x8000b988 (0x663f2e23) sw      gp, 1660(t5)
core   0: 3 0x8000b988 (0x663f2e23) mem 0x8000d000 0x00000001
core   0: 0x8000b98c (0x0000bfe5) c.j     pc - 8
core   0: 3 0x8000b98c (0xbfe5)
core   0: 0x8000b984 (0x00001f17) auipc   t5, 0x1
core   0: 3 0x8000b984 (0x00001f17) x30 0x8000c984
core   0: 0x8000b988 (0x663f2e23) sw      gp, 1660(t5)
core   0: 3 0x8000b988 (0x663f2e23) mem 0x8000d000 0x00000001
core   0: 0x8000b98c (0x0000bfe5) c.j     pc - 8
core   0: 3 0x8000b98c (0xbfe5)
core   0: 0x8000b984 (0x00001f17) auipc   t5, 0x1
core   0: 3 0x8000b984 (0x00001f17) x30 0x8000c984
core   0: 0x8000b988 (0x663f2e23) sw      gp, 1660(t5)
core   0: 3 0x8000b988 (0x663f2e23) mem 0x8000d000 0x00000001
core   0: 0x8000b98c (0x0000bfe5) c.j     pc - 8
core   0: 3 0x8000b98c (0xbfe5)
core   0: 0x8000b984 (0x00001f17) auipc   t5, 0x1
core   0: 3 0x8000b984 (0x00001f17) x30 0x8000c984
core   0: 0x8000b988 (0x663f2e23) sw      gp, 1660(t5)
core   0: 3 0x8000b988 (0x663f2e23) mem 0x8000d000 0x00000001
core   0: 0x8000b98c (0x0000bfe5) c.j     pc - 8
core   0: 3 0x8000b98c (0xbfe5)
core   0: 0x8000b984 (0x00001f17) auipc   t5, 0x1
core   0: 3 0x8000b984 (0x00001f17) x30 0x8000c984
core   0: 0x8000b988 (0x663f2e23) sw      gp, 1660(t5)
core   0: 3 0x8000b988 (0x663f2e23) mem 0x8000d000 0x00000001
core   0: 0x8000b98c (0x0000bfe5) c.j     pc - 8
core   0: 3 0x8000b98c (0xbfe5)
core   0: 0x8000b984 (0x00001f17) auipc   t5, 0x1
core   0: 3 0x8000b984 (0x00001f17) x30 0x8000c984
core   0: 0x8000b988 (0x663f2e23) sw      gp, 1660(t5)
core   0: 3 0x8000b988 (0x663f2e23) mem 0x8000d000 0x00000001
core   0: 0x8000b98c (0x0000bfe5) c.j     pc - 8
core   0: 3 0x8000b98c (0xbfe5)
core   0: 0x8000b984 (0x00001f17) auipc   t5, 0x1
core   0: 3 0x8000b984 (0x00001f17) x30 0x8000c984
core   0: 0x8000b988 (0x663f2e23) sw      gp, 1660(t5)
core   0: 3 0x8000b988 (0x663f2e23) mem 0x8000d000 0x00000001
core   0: 0x8000b98c (0x0000bfe5) c.j     pc - 8
core   0: 3 0x8000b98c (0xbfe5)
core   0: 0x8000b984 (0x00001f17) auipc   t5, 0x1
core   0: 3 0x8000b984 (0x00001f17) x30 0x8000c984
core   0: 0x8000b988 (0x663f2e23) sw      gp, 1660(t5)
core   0: 3 0x8000b988 (0x663f2e23) mem 0x8000d000 0x00000001
core   0: 0x8000b98c (0x0000bfe5) c.j     pc - 8
core   0: 3 0x8000b98c (0xbfe5)
core   0: 0x8000b984 (0x00001f17) auipc   t5, 0x1
core   0: 3 0x8000b984 (0x00001f17) x30 0x8000c984
core   0: 0x8000b988 (0x663f2e23) sw      gp, 1660(t5)
core   0: 3 0x8000b988 (0x663f2e23) mem 0x8000d000 0x00000001
core   0: 0x8000b98c (0x0000bfe5) c.j     pc - 8
core   0: 3 0x8000b98c (0xbfe5)
core   0: 0x8000b984 (0x00001f17) auipc   t5, 0x1
core   0: 3 0x8000b984 (0x00001f17) x30 0x8000c984
core   0: 0x8000b988 (0x663f2e23) sw      gp, 1660(t5)
core   0: 3 0x8000b988 (0x663f2e23) mem 0x8000d000 0x00000001
core   0: 0x8000b98c (0x0000bfe5) c.j     pc - 8
core   0: 3 0x8000b98c (0xbfe5)
core   0: 0x8000b984 (0x00001f17) auipc   t5, 0x1
core   0: 3 0x8000b984 (0x00001f17) x30 0x8000c984
core   0: 0x8000b988 (0x663f2e23) sw      gp, 1660(t5)
core   0: 3 0x8000b988 (0x663f2e23) mem 0x8000d000 0x00000001
core   0: 0x8000b98c (0x0000bfe5) c.j     pc - 8
core   0: 3 0x8000b98c (0xbfe5)
core   0: 0x8000b984 (0x00001f17) auipc   t5, 0x1
core   0: 3 0x8000b984 (0x00001f17) x30 0x8000c984
core   0: 0x8000b988 (0x663f2e23) sw      gp, 1660(t5)
core   0: 3 0x8000b988 (0x663f2e23) mem 0x8000d000 0x00000001
core   0: 0x8000b98c (0x0000bfe5) c.j     pc - 8
core   0: 3 0x8000b98c (0xbfe5)
core   0: 0x8000b984 (0x00001f17) auipc   t5, 0x1
core   0: 3 0x8000b984 (0x00001f17) x30 0x8000c984
core   0: 0x8000b988 (0x663f2e23) sw      gp, 1660(t5)
core   0: 3 0x8000b988 (0x663f2e23) mem 0x8000d000 0x00000001
core   0: 0x8000b98c (0x0000bfe5) c.j     pc - 8
core   0: 3 0x8000b98c (0xbfe5)
core   0: 0x8000b984 (0x00001f17) auipc   t5, 0x1
core   0: 3 0x8000b984 (0x00001f17) x30 0x8000c984
core   0: 0x8000b988 (0x663f2e23) sw      gp, 1660(t5)
core   0: 3 0x8000b988 (0x663f2e23) mem 0x8000d000 0x00000001
core   0: 0x8000b98c (0x0000bfe5) c.j     pc - 8
core   0: 3 0x8000b98c (0xbfe5)
core   0: 0x8000b984 (0x00001f17) auipc   t5, 0x1
core   0: 3 0x8000b984 (0x00001f17) x30 0x8000c984
core   0: 0x8000b988 (0x663f2e23) sw      gp, 1660(t5)
core   0: 3 0x8000b988 (0x663f2e23) mem 0x8000d000 0x00000001
core   0: 0x8000b98c (0x0000bfe5) c.j     pc - 8
core   0: 3 0x8000b98c (0xbfe5)
core   0: 0x8000b984 (0x00001f17) auipc   t5, 0x1
core   0: 3 0x8000b984 (0x00001f17) x30 0x8000c984
core   0: 0x8000b988 (0x663f2e23) sw      gp, 1660(t5)
core   0: 3 0x8000b988 (0x663f2e23) mem 0x8000d000 0x00000001
core   0: 0x8000b98c (0x0000bfe5) c.j     pc - 8
core   0: 3 0x8000b98c (0xbfe5)
core   0: 0x8000b984 (0x00001f17) auipc   t5, 0x1
core   0: 3 0x8000b984 (0x00001f17) x30 0x8000c984
core   0: 0x8000b988 (0x663f2e23) sw      gp, 1660(t5)
core   0: 3 0x8000b988 (0x663f2e23) mem 0x8000d000 0x00000001
core   0: 0x8000b98c (0x0000bfe5) c.j     pc - 8
core   0: 3 0x8000b98c (0xbfe5)
core   0: 0x8000b984 (0x00001f17) auipc   t5, 0x1
core   0: 3 0x8000b984 (0x00001f17) x30 0x8000c984
core   0: 0x8000b988 (0x663f2e23) sw      gp, 1660(t5)
core   0: 3 0x8000b988 (0x663f2e23) mem 0x8000d000 0x00000001
core   0: 0x8000b98c (0x0000bfe5) c.j     pc - 8
core   0: 3 0x8000b98c (0xbfe5)
core   0: 0x8000b984 (0x00001f17) auipc   t5, 0x1
core   0: 3 0x8000b984 (0x00001f17) x30 0x8000c984
core   0: 0x8000b988 (0x663f2e23) sw      gp, 1660(t5)
core   0: 3 0x8000b988 (0x663f2e23) mem 0x8000d000 0x00000001
core   0: 0x8000b98c (0x0000bfe5) c.j     pc - 8
core   0: 3 0x8000b98c (0xbfe5)
core   0: 0x8000b984 (0x00001f17) auipc   t5, 0x1
core   0: 3 0x8000b984 (0x00001f17) x30 0x8000c984
core   0: 0x8000b988 (0x663f2e23) sw      gp, 1660(t5)
core   0: 3 0x8000b988 (0x663f2e23) mem 0x8000d000 0x00000001
core   0: 0x8000b98c (0x0000bfe5) c.j     pc - 8
core   0: 3 0x8000b98c (0xbfe5)
core   0: 0x8000b984 (0x00001f17) auipc   t5, 0x1
core   0: 3 0x8000b984 (0x00001f17) x30 0x8000c984
core   0: 0x8000b988 (0x663f2e23) sw      gp, 1660(t5)
core   0: 3 0x8000b988 (0x663f2e23) mem 0x8000d000 0x00000001
core   0: 0x8000b98c (0x0000bfe5) c.j     pc - 8
core   0: 3 0x8000b98c (0xbfe5)
core   0: 0x8000b984 (0x00001f17) auipc   t5, 0x1
core   0: 3 0x8000b984 (0x00001f17) x30 0x8000c984
core   0: 0x8000b988 (0x663f2e23) sw      gp, 1660(t5)
core   0: 3 0x8000b988 (0x663f2e23) mem 0x8000d000 0x00000001
core   0: 0x8000b98c (0x0000bfe5) c.j     pc - 8
core   0: 3 0x8000b98c (0xbfe5)
core   0: 0x8000b984 (0x00001f17) auipc   t5, 0x1
core   0: 3 0x8000b984 (0x00001f17) x30 0x8000c984
core   0: 0x8000b988 (0x663f2e23) sw      gp, 1660(t5)
core   0: 3 0x8000b988 (0x663f2e23) mem 0x8000d000 0x00000001
core   0: 0x8000b98c (0x0000bfe5) c.j     pc - 8
core   0: 3 0x8000b98c (0xbfe5)
core   0: 0x8000b984 (0x00001f17) auipc   t5, 0x1
core   0: 3 0x8000b984 (0x00001f17) x30 0x8000c984
core   0: 0x8000b988 (0x663f2e23) sw      gp, 1660(t5)
core   0: 3 0x8000b988 (0x663f2e23) mem 0x8000d000 0x00000001
core   0: 0x8000b98c (0x0000bfe5) c.j     pc - 8
core   0: 3 0x8000b98c (0xbfe5)
core   0: 0x8000b984 (0x00001f17) auipc   t5, 0x1
core   0: 3 0x8000b984 (0x00001f17) x30 0x8000c984
core   0: 0x8000b988 (0x663f2e23) sw      gp, 1660(t5)
core   0: 3 0x8000b988 (0x663f2e23) mem 0x8000d000 0x00000001
core   0: 0x8000b98c (0x0000bfe5) c.j     pc - 8
core   0: 3 0x8000b98c (0xbfe5)
core   0: 0x8000b984 (0x00001f17) auipc   t5, 0x1
core   0: 3 0x8000b984 (0x00001f17) x30 0x8000c984
core   0: 0x8000b988 (0x663f2e23) sw      gp, 1660(t5)
core   0: 3 0x8000b988 (0x663f2e23) mem 0x8000d000 0x00000001
core   0: 0x8000b98c (0x0000bfe5) c.j     pc - 8
core   0: 3 0x8000b98c (0xbfe5)
core   0: 0x8000b984 (0x00001f17) auipc   t5, 0x1
core   0: 3 0x8000b984 (0x00001f17) x30 0x8000c984
core   0: 0x8000b988 (0x663f2e23) sw      gp, 1660(t5)
core   0: 3 0x8000b988 (0x663f2e23) mem 0x8000d000 0x00000001
core   0: 0x8000b98c (0x0000bfe5) c.j     pc - 8
core   0: 3 0x8000b98c (0xbfe5)
core   0: 0x8000b984 (0x00001f17) auipc   t5, 0x1
core   0: 3 0x8000b984 (0x00001f17) x30 0x8000c984
core   0: 0x8000b988 (0x663f2e23) sw      gp, 1660(t5)
core   0: 3 0x8000b988 (0x663f2e23) mem 0x8000d000 0x00000001
core   0: 0x8000b98c (0x0000bfe5) c.j     pc - 8
core   0: 3 0x8000b98c (0xbfe5)
core   0: 0x8000b984 (0x00001f17) auipc   t5, 0x1
core   0: 3 0x8000b984 (0x00001f17) x30 0x8000c984
core   0: 0x8000b988 (0x663f2e23) sw      gp, 1660(t5)
core   0: 3 0x8000b988 (0x663f2e23) mem 0x8000d000 0x00000001
core   0: 0x8000b98c (0x0000bfe5) c.j     pc - 8
core   0: 3 0x8000b98c (0xbfe5)
core   0: 0x8000b984 (0x00001f17) auipc   t5, 0x1
core   0: 3 0x8000b984 (0x00001f17) x30 0x8000c984
core   0: 0x8000b988 (0x663f2e23) sw      gp, 1660(t5)
core   0: 3 0x8000b988 (0x663f2e23) mem 0x8000d000 0x00000001
core   0: 0x8000b98c (0x0000bfe5) c.j     pc - 8
core   0: 3 0x8000b98c (0xbfe5)
core   0: 0x8000b984 (0x00001f17) auipc   t5, 0x1
core   0: 3 0x8000b984 (0x00001f17) x30 0x8000c984
core   0: 0x8000b988 (0x663f2e23) sw      gp, 1660(t5)
core   0: 3 0x8000b988 (0x663f2e23) mem 0x8000d000 0x00000001
core   0: 0x8000b98c (0x0000bfe5) c.j     pc - 8
core   0: 3 0x8000b98c (0xbfe5)
core   0: 0x8000b984 (0x00001f17) auipc   t5, 0x1
core   0: 3 0x8000b984 (0x00001f17) x30 0x8000c984
core   0: 0x8000b988 (0x663f2e23) sw      gp, 1660(t5)
core   0: 3 0x8000b988 (0x663f2e23) mem 0x8000d000 0x00000001
core   0: 0x8000b98c (0x0000bfe5) c.j     pc - 8
core   0: 3 0x8000b98c (0xbfe5)
core   0: 0x8000b984 (0x00001f17) auipc   t5, 0x1
core   0: 3 0x8000b984 (0x00001f17) x30 0x8000c984
core   0: 0x8000b988 (0x663f2e23) sw      gp, 1660(t5)
core   0: 3 0x8000b988 (0x663f2e23) mem 0x8000d000 0x00000001
core   0: 0x8000b98c (0x0000bfe5) c.j     pc - 8
core   0: 3 0x8000b98c (0xbfe5)
core   0: 0x8000b984 (0x00001f17) auipc   t5, 0x1
core   0: 3 0x8000b984 (0x00001f17) x30 0x8000c984
core   0: 0x8000b988 (0x663f2e23) sw      gp, 1660(t5)
core   0: 3 0x8000b988 (0x663f2e23) mem 0x8000d000 0x00000001
core   0: 0x8000b98c (0x0000bfe5) c.j     pc - 8
core   0: 3 0x8000b98c (0xbfe5)
core   0: 0x8000b984 (0x00001f17) auipc   t5, 0x1
core   0: 3 0x8000b984 (0x00001f17) x30 0x8000c984
core   0: 0x8000b988 (0x663f2e23) sw      gp, 1660(t5)
core   0: 3 0x8000b988 (0x663f2e23) mem 0x8000d000 0x00000001
core   0: 0x8000b98c (0x0000bfe5) c.j     pc - 8
core   0: 3 0x8000b98c (0xbfe5)
core   0: 0x8000b984 (0x00001f17) auipc   t5, 0x1
core   0: 3 0x8000b984 (0x00001f17) x30 0x8000c984
core   0: 0x8000b988 (0x663f2e23) sw      gp, 1660(t5)
core   0: 3 0x8000b988 (0x663f2e23) mem 0x8000d000 0x00000001
core   0: 0x8000b98c (0x0000bfe5) c.j     pc - 8
core   0: 3 0x8000b98c (0xbfe5)
core   0: 0x8000b984 (0x00001f17) auipc   t5, 0x1
core   0: 3 0x8000b984 (0x00001f17) x30 0x8000c984
core   0: 0x8000b988 (0x663f2e23) sw      gp, 1660(t5)
core   0: 3 0x8000b988 (0x663f2e23) mem 0x8000d000 0x00000001
core   0: 0x8000b98c (0x0000bfe5) c.j     pc - 8
core   0: 3 0x8000b98c (0xbfe5)
core   0: 0x8000b984 (0x00001f17) auipc   t5, 0x1
core   0: 3 0x8000b984 (0x00001f17) x30 0x8000c984
core   0: 0x8000b988 (0x663f2e23) sw      gp, 1660(t5)
core   0: 3 0x8000b988 (0x663f2e23) mem 0x8000d000 0x00000001
core   0: 0x8000b98c (0x0000bfe5) c.j     pc - 8
core   0: 3 0x8000b98c (0xbfe5)
core   0: 0x8000b984 (0x00001f17) auipc   t5, 0x1
core   0: 3 0x8000b984 (0x00001f17) x30 0x8000c984
core   0: 0x8000b988 (0x663f2e23) sw      gp, 1660(t5)
core   0: 3 0x8000b988 (0x663f2e23) mem 0x8000d000 0x00000001
core   0: 0x8000b98c (0x0000bfe5) c.j     pc - 8
core   0: 3 0x8000b98c (0xbfe5)
core   0: 0x8000b984 (0x00001f17) auipc   t5, 0x1
core   0: 3 0x8000b984 (0x00001f17) x30 0x8000c984
core   0: 0x8000b988 (0x663f2e23) sw      gp, 1660(t5)
core   0: 3 0x8000b988 (0x663f2e23) mem 0x8000d000 0x00000001
core   0: 0x8000b98c (0x0000bfe5) c.j     pc - 8
core   0: 3 0x8000b98c (0xbfe5)
core   0: 0x8000b984 (0x00001f17) auipc   t5, 0x1
core   0: 3 0x8000b984 (0x00001f17) x30 0x8000c984
core   0: 0x8000b988 (0x663f2e23) sw      gp, 1660(t5)
core   0: 3 0x8000b988 (0x663f2e23) mem 0x8000d000 0x00000001
core   0: 0x8000b98c (0x0000bfe5) c.j     pc - 8
core   0: 3 0x8000b98c (0xbfe5)
core   0: 0x8000b984 (0x00001f17) auipc   t5, 0x1
core   0: 3 0x8000b984 (0x00001f17) x30 0x8000c984
core   0: 0x8000b988 (0x663f2e23) sw      gp, 1660(t5)
core   0: 3 0x8000b988 (0x663f2e23) mem 0x8000d000 0x00000001
core   0: 0x8000b98c (0x0000bfe5) c.j     pc - 8
core   0: 3 0x8000b98c (0xbfe5)
core   0: 0x8000b984 (0x00001f17) auipc   t5, 0x1
core   0: 3 0x8000b984 (0x00001f17) x30 0x8000c984
core   0: 0x8000b988 (0x663f2e23) sw      gp, 1660(t5)
core   0: 3 0x8000b988 (0x663f2e23) mem 0x8000d000 0x00000001
core   0: 0x8000b98c (0x0000bfe5) c.j     pc - 8
core   0: 3 0x8000b98c (0xbfe5)
core   0: 0x8000b984 (0x00001f17) auipc   t5, 0x1
core   0: 3 0x8000b984 (0x00001f17) x30 0x8000c984
core   0: 0x8000b988 (0x663f2e23) sw      gp, 1660(t5)
core   0: 3 0x8000b988 (0x663f2e23) mem 0x8000d000 0x00000001
core   0: 0x8000b98c (0x0000bfe5) c.j     pc - 8
core   0: 3 0x8000b98c (0xbfe5)
core   0: 0x8000b984 (0x00001f17) auipc   t5, 0x1
core   0: 3 0x8000b984 (0x00001f17) x30 0x8000c984
core   0: 0x8000b988 (0x663f2e23) sw      gp, 1660(t5)
core   0: 3 0x8000b988 (0x663f2e23) mem 0x8000d000 0x00000001
core   0: 0x8000b98c (0x0000bfe5) c.j     pc - 8
core   0: 3 0x8000b98c (0xbfe5)
core   0: 0x8000b984 (0x00001f17) auipc   t5, 0x1
core   0: 3 0x8000b984 (0x00001f17) x30 0x8000c984
core   0: 0x8000b988 (0x663f2e23) sw      gp, 1660(t5)
core   0: 3 0x8000b988 (0x663f2e23) mem 0x8000d000 0x00000001
core   0: 0x8000b98c (0x0000bfe5) c.j     pc - 8
core   0: 3 0x8000b98c (0xbfe5)
core   0: 0x8000b984 (0x00001f17) auipc   t5, 0x1
core   0: 3 0x8000b984 (0x00001f17) x30 0x8000c984
core   0: 0x8000b988 (0x663f2e23) sw      gp, 1660(t5)
core   0: 3 0x8000b988 (0x663f2e23) mem 0x8000d000 0x00000001
core   0: 0x8000b98c (0x0000bfe5) c.j     pc - 8
core   0: 3 0x8000b98c (0xbfe5)
core   0: 0x8000b984 (0x00001f17) auipc   t5, 0x1
core   0: 3 0x8000b984 (0x00001f17) x30 0x8000c984
core   0: 0x8000b988 (0x663f2e23) sw      gp, 1660(t5)
core   0: 3 0x8000b988 (0x663f2e23) mem 0x8000d000 0x00000001
core   0: 0x8000b98c (0x0000bfe5) c.j     pc - 8
core   0: 3 0x8000b98c (0xbfe5)
core   0: 0x8000b984 (0x00001f17) auipc   t5, 0x1
core   0: 3 0x8000b984 (0x00001f17) x30 0x8000c984
core   0: 0x8000b988 (0x663f2e23) sw      gp, 1660(t5)
core   0: 3 0x8000b988 (0x663f2e23) mem 0x8000d000 0x00000001
core   0: 0x8000b98c (0x0000bfe5) c.j     pc - 8
core   0: 3 0x8000b98c (0xbfe5)
core   0: 0x8000b984 (0x00001f17) auipc   t5, 0x1
core   0: 3 0x8000b984 (0x00001f17) x30 0x8000c984
core   0: 0x8000b988 (0x663f2e23) sw      gp, 1660(t5)
core   0: 3 0x8000b988 (0x663f2e23) mem 0x8000d000 0x00000001
core   0: 0x8000b98c (0x0000bfe5) c.j     pc - 8
core   0: 3 0x8000b98c (0xbfe5)
core   0: 0x8000b984 (0x00001f17) auipc   t5, 0x1
core   0: 3 0x8000b984 (0x00001f17) x30 0x8000c984
core   0: 0x8000b988 (0x663f2e23) sw      gp, 1660(t5)
core   0: 3 0x8000b988 (0x663f2e23) mem 0x8000d000 0x00000001
core   0: 0x8000b98c (0x0000bfe5) c.j     pc - 8
core   0: 3 0x8000b98c (0xbfe5)
core   0: 0x8000b984 (0x00001f17) auipc   t5, 0x1
core   0: 3 0x8000b984 (0x00001f17) x30 0x8000c984
core   0: 0x8000b988 (0x663f2e23) sw      gp, 1660(t5)
core   0: 3 0x8000b988 (0x663f2e23) mem 0x8000d000 0x00000001
core   0: 0x8000b98c (0x0000bfe5) c.j     pc - 8
core   0: 3 0x8000b98c (0xbfe5)
core   0: 0x8000b984 (0x00001f17) auipc   t5, 0x1
core   0: 3 0x8000b984 (0x00001f17) x30 0x8000c984
core   0: 0x8000b988 (0x663f2e23) sw      gp, 1660(t5)
core   0: 3 0x8000b988 (0x663f2e23) mem 0x8000d000 0x00000001
core   0: 0x8000b98c (0x0000bfe5) c.j     pc - 8
core   0: 3 0x8000b98c (0xbfe5)
core   0: 0x8000b984 (0x00001f17) auipc   t5, 0x1
core   0: 3 0x8000b984 (0x00001f17) x30 0x8000c984
core   0: 0x8000b988 (0x663f2e23) sw      gp, 1660(t5)
core   0: 3 0x8000b988 (0x663f2e23) mem 0x8000d000 0x00000001
core   0: 0x8000b98c (0x0000bfe5) c.j     pc - 8
core   0: 3 0x8000b98c (0xbfe5)
core   0: 0x8000b984 (0x00001f17) auipc   t5, 0x1
core   0: 3 0x8000b984 (0x00001f17) x30 0x8000c984
core   0: 0x8000b988 (0x663f2e23) sw      gp, 1660(t5)
core   0: 3 0x8000b988 (0x663f2e23) mem 0x8000d000 0x00000001
core   0: 0x8000b98c (0x0000bfe5) c.j     pc - 8
core   0: 3 0x8000b98c (0xbfe5)
core   0: 0x8000b984 (0x00001f17) auipc   t5, 0x1
core   0: 3 0x8000b984 (0x00001f17) x30 0x8000c984
core   0: 0x8000b988 (0x663f2e23) sw      gp, 1660(t5)
core   0: 3 0x8000b988 (0x663f2e23) mem 0x8000d000 0x00000001
core   0: 0x8000b98c (0x0000bfe5) c.j     pc - 8
core   0: 3 0x8000b98c (0xbfe5)
core   0: 0x8000b984 (0x00001f17) auipc   t5, 0x1
core   0: 3 0x8000b984 (0x00001f17) x30 0x8000c984
core   0: 0x8000b988 (0x663f2e23) sw      gp, 1660(t5)
core   0: 3 0x8000b988 (0x663f2e23) mem 0x8000d000 0x00000001
core   0: 0x8000b98c (0x0000bfe5) c.j     pc - 8
core   0: 3 0x8000b98c (0xbfe5)
core   0: 0x8000b984 (0x00001f17) auipc   t5, 0x1
core   0: 3 0x8000b984 (0x00001f17) x30 0x8000c984
core   0: 0x8000b988 (0x663f2e23) sw      gp, 1660(t5)
core   0: 3 0x8000b988 (0x663f2e23) mem 0x8000d000 0x00000001
core   0: 0x8000b98c (0x0000bfe5) c.j     pc - 8
core   0: 3 0x8000b98c (0xbfe5)
core   0: 0x8000b984 (0x00001f17) auipc   t5, 0x1
core   0: 3 0x8000b984 (0x00001f17) x30 0x8000c984
core   0: 0x8000b988 (0x663f2e23) sw      gp, 1660(t5)
core   0: 3 0x8000b988 (0x663f2e23) mem 0x8000d000 0x00000001
core   0: 0x8000b98c (0x0000bfe5) c.j     pc - 8
core   0: 3 0x8000b98c (0xbfe5)
core   0: 0x8000b984 (0x00001f17) auipc   t5, 0x1
core   0: 3 0x8000b984 (0x00001f17) x30 0x8000c984
core   0: 0x8000b988 (0x663f2e23) sw      gp, 1660(t5)
core   0: 3 0x8000b988 (0x663f2e23) mem 0x8000d000 0x00000001
core   0: 0x8000b98c (0x0000bfe5) c.j     pc - 8
core   0: 3 0x8000b98c (0xbfe5)
core   0: 0x8000b984 (0x00001f17) auipc   t5, 0x1
core   0: 3 0x8000b984 (0x00001f17) x30 0x8000c984
core   0: 0x8000b988 (0x663f2e23) sw      gp, 1660(t5)
core   0: 3 0x8000b988 (0x663f2e23) mem 0x8000d000 0x00000001
core   0: 0x8000b98c (0x0000bfe5) c.j     pc - 8
core   0: 3 0x8000b98c (0xbfe5)
core   0: 0x8000b984 (0x00001f17) auipc   t5, 0x1
core   0: 3 0x8000b984 (0x00001f17) x30 0x8000c984
core   0: 0x8000b988 (0x663f2e23) sw      gp, 1660(t5)
core   0: 3 0x8000b988 (0x663f2e23) mem 0x8000d000 0x00000001
core   0: 0x8000b98c (0x0000bfe5) c.j     pc - 8
core   0: 3 0x8000b98c (0xbfe5)
core   0: 0x8000b984 (0x00001f17) auipc   t5, 0x1
core   0: 3 0x8000b984 (0x00001f17) x30 0x8000c984
core   0: 0x8000b988 (0x663f2e23) sw      gp, 1660(t5)
core   0: 3 0x8000b988 (0x663f2e23) mem 0x8000d000 0x00000001
core   0: 0x8000b98c (0x0000bfe5) c.j     pc - 8
core   0: 3 0x8000b98c (0xbfe5)
core   0: 0x8000b984 (0x00001f17) auipc   t5, 0x1
core   0: 3 0x8000b984 (0x00001f17) x30 0x8000c984
core   0: 0x8000b988 (0x663f2e23) sw      gp, 1660(t5)
core   0: 3 0x8000b988 (0x663f2e23) mem 0x8000d000 0x00000001
core   0: 0x8000b98c (0x0000bfe5) c.j     pc - 8
core   0: 3 0x8000b98c (0xbfe5)
core   0: 0x8000b984 (0x00001f17) auipc   t5, 0x1
core   0: 3 0x8000b984 (0x00001f17) x30 0x8000c984
core   0: 0x8000b988 (0x663f2e23) sw      gp, 1660(t5)
core   0: 3 0x8000b988 (0x663f2e23) mem 0x8000d000 0x00000001
core   0: 0x8000b98c (0x0000bfe5) c.j     pc - 8
core   0: 3 0x8000b98c (0xbfe5)
core   0: 0x8000b984 (0x00001f17) auipc   t5, 0x1
core   0: 3 0x8000b984 (0x00001f17) x30 0x8000c984
core   0: 0x8000b988 (0x663f2e23) sw      gp, 1660(t5)
core   0: 3 0x8000b988 (0x663f2e23) mem 0x8000d000 0x00000001
core   0: 0x8000b98c (0x0000bfe5) c.j     pc - 8
core   0: 3 0x8000b98c (0xbfe5)
core   0: 0x8000b984 (0x00001f17) auipc   t5, 0x1
core   0: 3 0x8000b984 (0x00001f17) x30 0x8000c984
core   0: 0x8000b988 (0x663f2e23) sw      gp, 1660(t5)
core   0: 3 0x8000b988 (0x663f2e23) mem 0x8000d000 0x00000001
core   0: 0x8000b98c (0x0000bfe5) c.j     pc - 8
core   0: 3 0x8000b98c (0xbfe5)
core   0: 0x8000b984 (0x00001f17) auipc   t5, 0x1
core   0: 3 0x8000b984 (0x00001f17) x30 0x8000c984
core   0: 0x8000b988 (0x663f2e23) sw      gp, 1660(t5)
core   0: 3 0x8000b988 (0x663f2e23) mem 0x8000d000 0x00000001
core   0: 0x8000b98c (0x0000bfe5) c.j     pc - 8
core   0: 3 0x8000b98c (0xbfe5)
core   0: 0x8000b984 (0x00001f17) auipc   t5, 0x1
core   0: 3 0x8000b984 (0x00001f17) x30 0x8000c984
core   0: 0x8000b988 (0x663f2e23) sw      gp, 1660(t5)
core   0: 3 0x8000b988 (0x663f2e23) mem 0x8000d000 0x00000001
core   0: 0x8000b98c (0x0000bfe5) c.j     pc - 8
core   0: 3 0x8000b98c (0xbfe5)
core   0: 0x8000b984 (0x00001f17) auipc   t5, 0x1
core   0: 3 0x8000b984 (0x00001f17) x30 0x8000c984
core   0: 0x8000b988 (0x663f2e23) sw      gp, 1660(t5)
core   0: 3 0x8000b988 (0x663f2e23) mem 0x8000d000 0x00000001
core   0: 0x8000b98c (0x0000bfe5) c.j     pc - 8
core   0: 3 0x8000b98c (0xbfe5)
core   0: 0x8000b984 (0x00001f17) auipc   t5, 0x1
core   0: 3 0x8000b984 (0x00001f17) x30 0x8000c984
core   0: 0x8000b988 (0x663f2e23) sw      gp, 1660(t5)
core   0: 3 0x8000b988 (0x663f2e23) mem 0x8000d000 0x00000001
core   0: 0x8000b98c (0x0000bfe5) c.j     pc - 8
core   0: 3 0x8000b98c (0xbfe5)
core   0: 0x8000b984 (0x00001f17) auipc   t5, 0x1
core   0: 3 0x8000b984 (0x00001f17) x30 0x8000c984
core   0: 0x8000b988 (0x663f2e23) sw      gp, 1660(t5)
core   0: 3 0x8000b988 (0x663f2e23) mem 0x8000d000 0x00000001
core   0: 0x8000b98c (0x0000bfe5) c.j     pc - 8
core   0: 3 0x8000b98c (0xbfe5)
core   0: 0x8000b984 (0x00001f17) auipc   t5, 0x1
core   0: 3 0x8000b984 (0x00001f17) x30 0x8000c984
core   0: 0x8000b988 (0x663f2e23) sw      gp, 1660(t5)
core   0: 3 0x8000b988 (0x663f2e23) mem 0x8000d000 0x00000001
core   0: 0x8000b98c (0x0000bfe5) c.j     pc - 8
core   0: 3 0x8000b98c (0xbfe5)
core   0: 0x8000b984 (0x00001f17) auipc   t5, 0x1
core   0: 3 0x8000b984 (0x00001f17) x30 0x8000c984
core   0: 0x8000b988 (0x663f2e23) sw      gp, 1660(t5)
core   0: 3 0x8000b988 (0x663f2e23) mem 0x8000d000 0x00000001
core   0: 0x8000b98c (0x0000bfe5) c.j     pc - 8
core   0: 3 0x8000b98c (0xbfe5)
core   0: 0x8000b984 (0x00001f17) auipc   t5, 0x1
core   0: 3 0x8000b984 (0x00001f17) x30 0x8000c984
core   0: 0x8000b988 (0x663f2e23) sw      gp, 1660(t5)
core   0: 3 0x8000b988 (0x663f2e23) mem 0x8000d000 0x00000001
core   0: 0x8000b98c (0x0000bfe5) c.j     pc - 8
core   0: 3 0x8000b98c (0xbfe5)
core   0: 0x8000b984 (0x00001f17) auipc   t5, 0x1
core   0: 3 0x8000b984 (0x00001f17) x30 0x8000c984
core   0: 0x8000b988 (0x663f2e23) sw      gp, 1660(t5)
core   0: 3 0x8000b988 (0x663f2e23) mem 0x8000d000 0x00000001
core   0: 0x8000b98c (0x0000bfe5) c.j     pc - 8
core   0: 3 0x8000b98c (0xbfe5)
core   0: 0x8000b984 (0x00001f17) auipc   t5, 0x1
core   0: 3 0x8000b984 (0x00001f17) x30 0x8000c984
core   0: 0x8000b988 (0x663f2e23) sw      gp, 1660(t5)
core   0: 3 0x8000b988 (0x663f2e23) mem 0x8000d000 0x00000001
core   0: 0x8000b98c (0x0000bfe5) c.j     pc - 8
core   0: 3 0x8000b98c (0xbfe5)
core   0: 0x8000b984 (0x00001f17) auipc   t5, 0x1
core   0: 3 0x8000b984 (0x00001f17) x30 0x8000c984
core   0: 0x8000b988 (0x663f2e23) sw      gp, 1660(t5)
core   0: 3 0x8000b988 (0x663f2e23) mem 0x8000d000 0x00000001
core   0: 0x8000b98c (0x0000bfe5) c.j     pc - 8
core   0: 3 0x8000b98c (0xbfe5)
core   0: 0x8000b984 (0x00001f17) auipc   t5, 0x1
core   0: 3 0x8000b984 (0x00001f17) x30 0x8000c984
core   0: 0x8000b988 (0x663f2e23) sw      gp, 1660(t5)
core   0: 3 0x8000b988 (0x663f2e23) mem 0x8000d000 0x00000001
core   0: 0x8000b98c (0x0000bfe5) c.j     pc - 8
core   0: 3 0x8000b98c (0xbfe5)
core   0: 0x8000b984 (0x00001f17) auipc   t5, 0x1
core   0: 3 0x8000b984 (0x00001f17) x30 0x8000c984
core   0: 0x8000b988 (0x663f2e23) sw      gp, 1660(t5)
core   0: 3 0x8000b988 (0x663f2e23) mem 0x8000d000 0x00000001
core   0: 0x8000b98c (0x0000bfe5) c.j     pc - 8
core   0: 3 0x8000b98c (0xbfe5)
core   0: 0x8000b984 (0x00001f17) auipc   t5, 0x1
core   0: 3 0x8000b984 (0x00001f17) x30 0x8000c984
core   0: 0x8000b988 (0x663f2e23) sw      gp, 1660(t5)
core   0: 3 0x8000b988 (0x663f2e23) mem 0x8000d000 0x00000001
core   0: 0x8000b98c (0x0000bfe5) c.j     pc - 8
core   0: 3 0x8000b98c (0xbfe5)
core   0: 0x8000b984 (0x00001f17) auipc   t5, 0x1
core   0: 3 0x8000b984 (0x00001f17) x30 0x8000c984
core   0: 0x8000b988 (0x663f2e23) sw      gp, 1660(t5)
core   0: 3 0x8000b988 (0x663f2e23) mem 0x8000d000 0x00000001
core   0: 0x8000b98c (0x0000bfe5) c.j     pc - 8
core   0: 3 0x8000b98c (0xbfe5)
core   0: 0x8000b984 (0x00001f17) auipc   t5, 0x1
core   0: 3 0x8000b984 (0x00001f17) x30 0x8000c984
core   0: 0x8000b988 (0x663f2e23) sw      gp, 1660(t5)
core   0: 3 0x8000b988 (0x663f2e23) mem 0x8000d000 0x00000001
core   0: 0x8000b98c (0x0000bfe5) c.j     pc - 8
core   0: 3 0x8000b98c (0xbfe5)
core   0: 0x8000b984 (0x00001f17) auipc   t5, 0x1
core   0: 3 0x8000b984 (0x00001f17) x30 0x8000c984
core   0: 0x8000b988 (0x663f2e23) sw      gp, 1660(t5)
core   0: 3 0x8000b988 (0x663f2e23) mem 0x8000d000 0x00000001
core   0: 0x8000b98c (0x0000bfe5) c.j     pc - 8
core   0: 3 0x8000b98c (0xbfe5)
core   0: 0x8000b984 (0x00001f17) auipc   t5, 0x1
core   0: 3 0x8000b984 (0x00001f17) x30 0x8000c984
core   0: 0x8000b988 (0x663f2e23) sw      gp, 1660(t5)
core   0: 3 0x8000b988 (0x663f2e23) mem 0x8000d000 0x00000001
core   0: 0x8000b98c (0x0000bfe5) c.j     pc - 8
core   0: 3 0x8000b98c (0xbfe5)
core   0: 0x8000b984 (0x00001f17) auipc   t5, 0x1
core   0: 3 0x8000b984 (0x00001f17) x30 0x8000c984
core   0: 0x8000b988 (0x663f2e23) sw      gp, 1660(t5)
core   0: 3 0x8000b988 (0x663f2e23) mem 0x8000d000 0x00000001
core   0: 0x8000b98c (0x0000bfe5) c.j     pc - 8
core   0: 3 0x8000b98c (0xbfe5)
core   0: 0x8000b984 (0x00001f17) auipc   t5, 0x1
core   0: 3 0x8000b984 (0x00001f17) x30 0x8000c984
core   0: 0x8000b988 (0x663f2e23) sw      gp, 1660(t5)
core   0: 3 0x8000b988 (0x663f2e23) mem 0x8000d000 0x00000001
core   0: 0x8000b98c (0x0000bfe5) c.j     pc - 8
core   0: 3 0x8000b98c (0xbfe5)
core   0: 0x8000b984 (0x00001f17) auipc   t5, 0x1
core   0: 3 0x8000b984 (0x00001f17) x30 0x8000c984
core   0: 0x8000b988 (0x663f2e23) sw      gp, 1660(t5)
core   0: 3 0x8000b988 (0x663f2e23) mem 0x8000d000 0x00000001
core   0: 0x8000b98c (0x0000bfe5) c.j     pc - 8
core   0: 3 0x8000b98c (0xbfe5)
core   0: 0x8000b984 (0x00001f17) auipc   t5, 0x1
core   0: 3 0x8000b984 (0x00001f17) x30 0x8000c984
core   0: 0x8000b988 (0x663f2e23) sw      gp, 1660(t5)
core   0: 3 0x8000b988 (0x663f2e23) mem 0x8000d000 0x00000001
core   0: 0x8000b98c (0x0000bfe5) c.j     pc - 8
core   0: 3 0x8000b98c (0xbfe5)
core   0: 0x8000b984 (0x00001f17) auipc   t5, 0x1
core   0: 3 0x8000b984 (0x00001f17) x30 0x8000c984
core   0: 0x8000b988 (0x663f2e23) sw      gp, 1660(t5)
core   0: 3 0x8000b988 (0x663f2e23) mem 0x8000d000 0x00000001
core   0: 0x8000b98c (0x0000bfe5) c.j     pc - 8
core   0: 3 0x8000b98c (0xbfe5)
core   0: 0x8000b984 (0x00001f17) auipc   t5, 0x1
core   0: 3 0x8000b984 (0x00001f17) x30 0x8000c984
core   0: 0x8000b988 (0x663f2e23) sw      gp, 1660(t5)
core   0: 3 0x8000b988 (0x663f2e23) mem 0x8000d000 0x00000001
core   0: 0x8000b98c (0x0000bfe5) c.j     pc - 8
core   0: 3 0x8000b98c (0xbfe5)
core   0: 0x8000b984 (0x00001f17) auipc   t5, 0x1
core   0: 3 0x8000b984 (0x00001f17) x30 0x8000c984
core   0: 0x8000b988 (0x663f2e23) sw      gp, 1660(t5)
core   0: 3 0x8000b988 (0x663f2e23) mem 0x8000d000 0x00000001
core   0: 0x8000b98c (0x0000bfe5) c.j     pc - 8
core   0: 3 0x8000b98c (0xbfe5)
core   0: 0x8000b984 (0x00001f17) auipc   t5, 0x1
core   0: 3 0x8000b984 (0x00001f17) x30 0x8000c984
core   0: 0x8000b988 (0x663f2e23) sw      gp, 1660(t5)
core   0: 3 0x8000b988 (0x663f2e23) mem 0x8000d000 0x00000001
core   0: 0x8000b98c (0x0000bfe5) c.j     pc - 8
core   0: 3 0x8000b98c (0xbfe5)
core   0: 0x8000b984 (0x00001f17) auipc   t5, 0x1
core   0: 3 0x8000b984 (0x00001f17) x30 0x8000c984
core   0: 0x8000b988 (0x663f2e23) sw      gp, 1660(t5)
core   0: 3 0x8000b988 (0x663f2e23) mem 0x8000d000 0x00000001
core   0: 0x8000b98c (0x0000bfe5) c.j     pc - 8
core   0: 3 0x8000b98c (0xbfe5)
core   0: 0x8000b984 (0x00001f17) auipc   t5, 0x1
core   0: 3 0x8000b984 (0x00001f17) x30 0x8000c984
core   0: 0x8000b988 (0x663f2e23) sw      gp, 1660(t5)
core   0: 3 0x8000b988 (0x663f2e23) mem 0x8000d000 0x00000001
core   0: 0x8000b98c (0x0000bfe5) c.j     pc - 8
core   0: 3 0x8000b98c (0xbfe5)
core   0: 0x8000b984 (0x00001f17) auipc   t5, 0x1
core   0: 3 0x8000b984 (0x00001f17) x30 0x8000c984
core   0: 0x8000b988 (0x663f2e23) sw      gp, 1660(t5)
core   0: 3 0x8000b988 (0x663f2e23) mem 0x8000d000 0x00000001
core   0: 0x8000b98c (0x0000bfe5) c.j     pc - 8
core   0: 3 0x8000b98c (0xbfe5)
core   0: 0x8000b984 (0x00001f17) auipc   t5, 0x1
core   0: 3 0x8000b984 (0x00001f17) x30 0x8000c984
core   0: 0x8000b988 (0x663f2e23) sw      gp, 1660(t5)
core   0: 3 0x8000b988 (0x663f2e23) mem 0x8000d000 0x00000001
core   0: 0x8000b98c (0x0000bfe5) c.j     pc - 8
core   0: 3 0x8000b98c (0xbfe5)
core   0: 0x8000b984 (0x00001f17) auipc   t5, 0x1
core   0: 3 0x8000b984 (0x00001f17) x30 0x8000c984
core   0: 0x8000b988 (0x663f2e23) sw      gp, 1660(t5)
core   0: 3 0x8000b988 (0x663f2e23) mem 0x8000d000 0x00000001
core   0: 0x8000b98c (0x0000bfe5) c.j     pc - 8
core   0: 3 0x8000b98c (0xbfe5)
core   0: 0x8000b984 (0x00001f17) auipc   t5, 0x1
core   0: 3 0x8000b984 (0x00001f17) x30 0x8000c984
core   0: 0x8000b988 (0x663f2e23) sw      gp, 1660(t5)
core   0: 3 0x8000b988 (0x663f2e23) mem 0x8000d000 0x00000001
core   0: 0x8000b98c (0x0000bfe5) c.j     pc - 8
core   0: 3 0x8000b98c (0xbfe5)
core   0: 0x8000b984 (0x00001f17) auipc   t5, 0x1
core   0: 3 0x8000b984 (0x00001f17) x30 0x8000c984
core   0: 0x8000b988 (0x663f2e23) sw      gp, 1660(t5)
core   0: 3 0x8000b988 (0x663f2e23) mem 0x8000d000 0x00000001
core   0: 0x8000b98c (0x0000bfe5) c.j     pc - 8
core   0: 3 0x8000b98c (0xbfe5)
core   0: 0x8000b984 (0x00001f17) auipc   t5, 0x1
core   0: 3 0x8000b984 (0x00001f17) x30 0x8000c984
core   0: 0x8000b988 (0x663f2e23) sw      gp, 1660(t5)
core   0: 3 0x8000b988 (0x663f2e23) mem 0x8000d000 0x00000001
core   0: 0x8000b98c (0x0000bfe5) c.j     pc - 8
core   0: 3 0x8000b98c (0xbfe5)
core   0: 0x8000b984 (0x00001f17) auipc   t5, 0x1
core   0: 3 0x8000b984 (0x00001f17) x30 0x8000c984
core   0: 0x8000b988 (0x663f2e23) sw      gp, 1660(t5)
core   0: 3 0x8000b988 (0x663f2e23) mem 0x8000d000 0x00000001
core   0: 0x8000b98c (0x0000bfe5) c.j     pc - 8
core   0: 3 0x8000b98c (0xbfe5)
core   0: 0x8000b984 (0x00001f17) auipc   t5, 0x1
core   0: 3 0x8000b984 (0x00001f17) x30 0x8000c984
core   0: 0x8000b988 (0x663f2e23) sw      gp, 1660(t5)
core   0: 3 0x8000b988 (0x663f2e23) mem 0x8000d000 0x00000001
core   0: 0x8000b98c (0x0000bfe5) c.j     pc - 8
core   0: 3 0x8000b98c (0xbfe5)
core   0: 0x8000b984 (0x00001f17) auipc   t5, 0x1
core   0: 3 0x8000b984 (0x00001f17) x30 0x8000c984
core   0: 0x8000b988 (0x663f2e23) sw      gp, 1660(t5)
core   0: 3 0x8000b988 (0x663f2e23) mem 0x8000d000 0x00000001
core   0: 0x8000b98c (0x0000bfe5) c.j     pc - 8
core   0: 3 0x8000b98c (0xbfe5)
core   0: 0x8000b984 (0x00001f17) auipc   t5, 0x1
core   0: 3 0x8000b984 (0x00001f17) x30 0x8000c984
core   0: 0x8000b988 (0x663f2e23) sw      gp, 1660(t5)
core   0: 3 0x8000b988 (0x663f2e23) mem 0x8000d000 0x00000001
core   0: 0x8000b98c (0x0000bfe5) c.j     pc - 8
core   0: 3 0x8000b98c (0xbfe5)
core   0: 0x8000b984 (0x00001f17) auipc   t5, 0x1
core   0: 3 0x8000b984 (0x00001f17) x30 0x8000c984
core   0: 0x8000b988 (0x663f2e23) sw      gp, 1660(t5)
core   0: 3 0x8000b988 (0x663f2e23) mem 0x8000d000 0x00000001
core   0: 0x8000b98c (0x0000bfe5) c.j     pc - 8
core   0: 3 0x8000b98c (0xbfe5)
core   0: 0x8000b984 (0x00001f17) auipc   t5, 0x1
core   0: 3 0x8000b984 (0x00001f17) x30 0x8000c984
core   0: 0x8000b988 (0x663f2e23) sw      gp, 1660(t5)
core   0: 3 0x8000b988 (0x663f2e23) mem 0x8000d000 0x00000001
core   0: 0x8000b98c (0x0000bfe5) c.j     pc - 8
core   0: 3 0x8000b98c (0xbfe5)
core   0: 0x8000b984 (0x00001f17) auipc   t5, 0x1
core   0: 3 0x8000b984 (0x00001f17) x30 0x8000c984
core   0: 0x8000b988 (0x663f2e23) sw      gp, 1660(t5)
core   0: 3 0x8000b988 (0x663f2e23) mem 0x8000d000 0x00000001
core   0: 0x8000b98c (0x0000bfe5) c.j     pc - 8
core   0: 3 0x8000b98c (0xbfe5)
core   0: 0x8000b984 (0x00001f17) auipc   t5, 0x1
core   0: 3 0x8000b984 (0x00001f17) x30 0x8000c984
core   0: 0x8000b988 (0x663f2e23) sw      gp, 1660(t5)
core   0: 3 0x8000b988 (0x663f2e23) mem 0x8000d000 0x00000001
core   0: 0x8000b98c (0x0000bfe5) c.j     pc - 8
core   0: 3 0x8000b98c (0xbfe5)
core   0: 0x8000b984 (0x00001f17) auipc   t5, 0x1
core   0: 3 0x8000b984 (0x00001f17) x30 0x8000c984
core   0: 0x8000b988 (0x663f2e23) sw      gp, 1660(t5)
core   0: 3 0x8000b988 (0x663f2e23) mem 0x8000d000 0x00000001
core   0: 0x8000b98c (0x0000bfe5) c.j     pc - 8
core   0: 3 0x8000b98c (0xbfe5)
core   0: 0x8000b984 (0x00001f17) auipc   t5, 0x1
core   0: 3 0x8000b984 (0x00001f17) x30 0x8000c984
core   0: 0x8000b988 (0x663f2e23) sw      gp, 1660(t5)
core   0: 3 0x8000b988 (0x663f2e23) mem 0x8000d000 0x00000001
core   0: 0x8000b98c (0x0000bfe5) c.j     pc - 8
core   0: 3 0x8000b98c (0xbfe5)
core   0: 0x8000b984 (0x00001f17) auipc   t5, 0x1
core   0: 3 0x8000b984 (0x00001f17) x30 0x8000c984
core   0: 0x8000b988 (0x663f2e23) sw      gp, 1660(t5)
core   0: 3 0x8000b988 (0x663f2e23) mem 0x8000d000 0x00000001
core   0: 0x8000b98c (0x0000bfe5) c.j     pc - 8
core   0: 3 0x8000b98c (0xbfe5)
core   0: 0x8000b984 (0x00001f17) auipc   t5, 0x1
core   0: 3 0x8000b984 (0x00001f17) x30 0x8000c984
core   0: 0x8000b988 (0x663f2e23) sw      gp, 1660(t5)
core   0: 3 0x8000b988 (0x663f2e23) mem 0x8000d000 0x00000001
core   0: 0x8000b98c (0x0000bfe5) c.j     pc - 8
core   0: 3 0x8000b98c (0xbfe5)
core   0: 0x8000b984 (0x00001f17) auipc   t5, 0x1
core   0: 3 0x8000b984 (0x00001f17) x30 0x8000c984
core   0: 0x8000b988 (0x663f2e23) sw      gp, 1660(t5)
core   0: 3 0x8000b988 (0x663f2e23) mem 0x8000d000 0x00000001
core   0: 0x8000b98c (0x0000bfe5) c.j     pc - 8
core   0: 3 0x8000b98c (0xbfe5)
core   0: 0x8000b984 (0x00001f17) auipc   t5, 0x1
core   0: 3 0x8000b984 (0x00001f17) x30 0x8000c984
core   0: 0x8000b988 (0x663f2e23) sw      gp, 1660(t5)
core   0: 3 0x8000b988 (0x663f2e23) mem 0x8000d000 0x00000001
core   0: 0x8000b98c (0x0000bfe5) c.j     pc - 8
core   0: 3 0x8000b98c (0xbfe5)
core   0: 0x8000b984 (0x00001f17) auipc   t5, 0x1
core   0: 3 0x8000b984 (0x00001f17) x30 0x8000c984
core   0: 0x8000b988 (0x663f2e23) sw      gp, 1660(t5)
core   0: 3 0x8000b988 (0x663f2e23) mem 0x8000d000 0x00000001
core   0: 0x8000b98c (0x0000bfe5) c.j     pc - 8
core   0: 3 0x8000b98c (0xbfe5)
core   0: 0x8000b984 (0x00001f17) auipc   t5, 0x1
core   0: 3 0x8000b984 (0x00001f17) x30 0x8000c984
core   0: 0x8000b988 (0x663f2e23) sw      gp, 1660(t5)
core   0: 3 0x8000b988 (0x663f2e23) mem 0x8000d000 0x00000001
core   0: 0x8000b98c (0x0000bfe5) c.j     pc - 8
core   0: 3 0x8000b98c (0xbfe5)
core   0: 0x8000b984 (0x00001f17) auipc   t5, 0x1
core   0: 3 0x8000b984 (0x00001f17) x30 0x8000c984
core   0: 0x8000b988 (0x663f2e23) sw      gp, 1660(t5)
core   0: 3 0x8000b988 (0x663f2e23) mem 0x8000d000 0x00000001
core   0: 0x8000b98c (0x0000bfe5) c.j     pc - 8
core   0: 3 0x8000b98c (0xbfe5)
core   0: 0x8000b984 (0x00001f17) auipc   t5, 0x1
core   0: 3 0x8000b984 (0x00001f17) x30 0x8000c984
core   0: 0x8000b988 (0x663f2e23) sw      gp, 1660(t5)
core   0: 3 0x8000b988 (0x663f2e23) mem 0x8000d000 0x00000001
core   0: 0x8000b98c (0x0000bfe5) c.j     pc - 8
core   0: 3 0x8000b98c (0xbfe5)
core   0: 0x8000b984 (0x00001f17) auipc   t5, 0x1
core   0: 3 0x8000b984 (0x00001f17) x30 0x8000c984
core   0: 0x8000b988 (0x663f2e23) sw      gp, 1660(t5)
core   0: 3 0x8000b988 (0x663f2e23) mem 0x8000d000 0x00000001
core   0: 0x8000b98c (0x0000bfe5) c.j     pc - 8
core   0: 3 0x8000b98c (0xbfe5)
core   0: 0x8000b984 (0x00001f17) auipc   t5, 0x1
core   0: 3 0x8000b984 (0x00001f17) x30 0x8000c984
core   0: 0x8000b988 (0x663f2e23) sw      gp, 1660(t5)
core   0: 3 0x8000b988 (0x663f2e23) mem 0x8000d000 0x00000001
core   0: 0x8000b98c (0x0000bfe5) c.j     pc - 8
core   0: 3 0x8000b98c (0xbfe5)
core   0: 0x8000b984 (0x00001f17) auipc   t5, 0x1
core   0: 3 0x8000b984 (0x00001f17) x30 0x8000c984
core   0: 0x8000b988 (0x663f2e23) sw      gp, 1660(t5)
core   0: 3 0x8000b988 (0x663f2e23) mem 0x8000d000 0x00000001
core   0: 0x8000b98c (0x0000bfe5) c.j     pc - 8
core   0: 3 0x8000b98c (0xbfe5)
core   0: 0x8000b984 (0x00001f17) auipc   t5, 0x1
core   0: 3 0x8000b984 (0x00001f17) x30 0x8000c984
core   0: 0x8000b988 (0x663f2e23) sw      gp, 1660(t5)
core   0: 3 0x8000b988 (0x663f2e23) mem 0x8000d000 0x00000001
core   0: 0x8000b98c (0x0000bfe5) c.j     pc - 8
core   0: 3 0x8000b98c (0xbfe5)
core   0: 0x8000b984 (0x00001f17) auipc   t5, 0x1
core   0: 3 0x8000b984 (0x00001f17) x30 0x8000c984
core   0: 0x8000b988 (0x663f2e23) sw      gp, 1660(t5)
core   0: 3 0x8000b988 (0x663f2e23) mem 0x8000d000 0x00000001
core   0: 0x8000b98c (0x0000bfe5) c.j     pc - 8
core   0: 3 0x8000b98c (0xbfe5)
core   0: 0x8000b984 (0x00001f17) auipc   t5, 0x1
core   0: 3 0x8000b984 (0x00001f17) x30 0x8000c984
core   0: 0x8000b988 (0x663f2e23) sw      gp, 1660(t5)
core   0: 3 0x8000b988 (0x663f2e23) mem 0x8000d000 0x00000001
core   0: 0x8000b98c (0x0000bfe5) c.j     pc - 8
core   0: 3 0x8000b98c (0xbfe5)
core   0: 0x8000b984 (0x00001f17) auipc   t5, 0x1
core   0: 3 0x8000b984 (0x00001f17) x30 0x8000c984
core   0: 0x8000b988 (0x663f2e23) sw      gp, 1660(t5)
core   0: 3 0x8000b988 (0x663f2e23) mem 0x8000d000 0x00000001
core   0: 0x8000b98c (0x0000bfe5) c.j     pc - 8
core   0: 3 0x8000b98c (0xbfe5)
core   0: 0x8000b984 (0x00001f17) auipc   t5, 0x1
core   0: 3 0x8000b984 (0x00001f17) x30 0x8000c984
core   0: 0x8000b988 (0x663f2e23) sw      gp, 1660(t5)
core   0: 3 0x8000b988 (0x663f2e23) mem 0x8000d000 0x00000001
core   0: 0x8000b98c (0x0000bfe5) c.j     pc - 8
core   0: 3 0x8000b98c (0xbfe5)
core   0: 0x8000b984 (0x00001f17) auipc   t5, 0x1
core   0: 3 0x8000b984 (0x00001f17) x30 0x8000c984
core   0: 0x8000b988 (0x663f2e23) sw      gp, 1660(t5)
core   0: 3 0x8000b988 (0x663f2e23) mem 0x8000d000 0x00000001
core   0: 0x8000b98c (0x0000bfe5) c.j     pc - 8
core   0: 3 0x8000b98c (0xbfe5)
core   0: 0x8000b984 (0x00001f17) auipc   t5, 0x1
core   0: 3 0x8000b984 (0x00001f17) x30 0x8000c984
core   0: 0x8000b988 (0x663f2e23) sw      gp, 1660(t5)
core   0: 3 0x8000b988 (0x663f2e23) mem 0x8000d000 0x00000001
core   0: 0x8000b98c (0x0000bfe5) c.j     pc - 8
core   0: 3 0x8000b98c (0xbfe5)
core   0: 0x8000b984 (0x00001f17) auipc   t5, 0x1
core   0: 3 0x8000b984 (0x00001f17) x30 0x8000c984
core   0: 0x8000b988 (0x663f2e23) sw      gp, 1660(t5)
core   0: 3 0x8000b988 (0x663f2e23) mem 0x8000d000 0x00000001
core   0: 0x8000b98c (0x0000bfe5) c.j     pc - 8
core   0: 3 0x8000b98c (0xbfe5)
core   0: 0x8000b984 (0x00001f17) auipc   t5, 0x1
core   0: 3 0x8000b984 (0x00001f17) x30 0x8000c984
core   0: 0x8000b988 (0x663f2e23) sw      gp, 1660(t5)
core   0: 3 0x8000b988 (0x663f2e23) mem 0x8000d000 0x00000001
core   0: 0x8000b98c (0x0000bfe5) c.j     pc - 8
core   0: 3 0x8000b98c (0xbfe5)
core   0: 0x8000b984 (0x00001f17) auipc   t5, 0x1
core   0: 3 0x8000b984 (0x00001f17) x30 0x8000c984
core   0: 0x8000b988 (0x663f2e23) sw      gp, 1660(t5)
core   0: 3 0x8000b988 (0x663f2e23) mem 0x8000d000 0x00000001
core   0: 0x8000b98c (0x0000bfe5) c.j     pc - 8
core   0: 3 0x8000b98c (0xbfe5)
core   0: 0x8000b984 (0x00001f17) auipc   t5, 0x1
core   0: 3 0x8000b984 (0x00001f17) x30 0x8000c984
core   0: 0x8000b988 (0x663f2e23) sw      gp, 1660(t5)
core   0: 3 0x8000b988 (0x663f2e23) mem 0x8000d000 0x00000001
core   0: 0x8000b98c (0x0000bfe5) c.j     pc - 8
core   0: 3 0x8000b98c (0xbfe5)
core   0: 0x8000b984 (0x00001f17) auipc   t5, 0x1
core   0: 3 0x8000b984 (0x00001f17) x30 0x8000c984
core   0: 0x8000b988 (0x663f2e23) sw      gp, 1660(t5)
core   0: 3 0x8000b988 (0x663f2e23) mem 0x8000d000 0x00000001
core   0: 0x8000b98c (0x0000bfe5) c.j     pc - 8
core   0: 3 0x8000b98c (0xbfe5)
core   0: 0x8000b984 (0x00001f17) auipc   t5, 0x1
core   0: 3 0x8000b984 (0x00001f17) x30 0x8000c984
core   0: 0x8000b988 (0x663f2e23) sw      gp, 1660(t5)
core   0: 3 0x8000b988 (0x663f2e23) mem 0x8000d000 0x00000001
core   0: 0x8000b98c (0x0000bfe5) c.j     pc - 8
core   0: 3 0x8000b98c (0xbfe5)
core   0: 0x8000b984 (0x00001f17) auipc   t5, 0x1
core   0: 3 0x8000b984 (0x00001f17) x30 0x8000c984
core   0: 0x8000b988 (0x663f2e23) sw      gp, 1660(t5)
core   0: 3 0x8000b988 (0x663f2e23) mem 0x8000d000 0x00000001
core   0: 0x8000b98c (0x0000bfe5) c.j     pc - 8
core   0: 3 0x8000b98c (0xbfe5)
core   0: 0x8000b984 (0x00001f17) auipc   t5, 0x1
core   0: 3 0x8000b984 (0x00001f17) x30 0x8000c984
core   0: 0x8000b988 (0x663f2e23) sw      gp, 1660(t5)
core   0: 3 0x8000b988 (0x663f2e23) mem 0x8000d000 0x00000001
core   0: 0x8000b98c (0x0000bfe5) c.j     pc - 8
core   0: 3 0x8000b98c (0xbfe5)
core   0: 0x8000b984 (0x00001f17) auipc   t5, 0x1
core   0: 3 0x8000b984 (0x00001f17) x30 0x8000c984
core   0: 0x8000b988 (0x663f2e23) sw      gp, 1660(t5)
core   0: 3 0x8000b988 (0x663f2e23) mem 0x8000d000 0x00000001
core   0: 0x8000b98c (0x0000bfe5) c.j     pc - 8
core   0: 3 0x8000b98c (0xbfe5)
core   0: 0x8000b984 (0x00001f17) auipc   t5, 0x1
core   0: 3 0x8000b984 (0x00001f17) x30 0x8000c984
core   0: 0x8000b988 (0x663f2e23) sw      gp, 1660(t5)
core   0: 3 0x8000b988 (0x663f2e23) mem 0x8000d000 0x00000001
core   0: 0x8000b98c (0x0000bfe5) c.j     pc - 8
core   0: 3 0x8000b98c (0xbfe5)
core   0: 0x8000b984 (0x00001f17) auipc   t5, 0x1
core   0: 3 0x8000b984 (0x00001f17) x30 0x8000c984
core   0: 0x8000b988 (0x663f2e23) sw      gp, 1660(t5)
core   0: 3 0x8000b988 (0x663f2e23) mem 0x8000d000 0x00000001
core   0: 0x8000b98c (0x0000bfe5) c.j     pc - 8
core   0: 3 0x8000b98c (0xbfe5)
core   0: 0x8000b984 (0x00001f17) auipc   t5, 0x1
core   0: 3 0x8000b984 (0x00001f17) x30 0x8000c984
core   0: 0x8000b988 (0x663f2e23) sw      gp, 1660(t5)
core   0: 3 0x8000b988 (0x663f2e23) mem 0x8000d000 0x00000001
core   0: 0x8000b98c (0x0000bfe5) c.j     pc - 8
core   0: 3 0x8000b98c (0xbfe5)
core   0: 0x8000b984 (0x00001f17) auipc   t5, 0x1
core   0: 3 0x8000b984 (0x00001f17) x30 0x8000c984
core   0: 0x8000b988 (0x663f2e23) sw      gp, 1660(t5)
core   0: 3 0x8000b988 (0x663f2e23) mem 0x8000d000 0x00000001
core   0: 0x8000b98c (0x0000bfe5) c.j     pc - 8
core   0: 3 0x8000b98c (0xbfe5)
core   0: 0x8000b984 (0x00001f17) auipc   t5, 0x1
core   0: 3 0x8000b984 (0x00001f17) x30 0x8000c984
core   0: 0x8000b988 (0x663f2e23) sw      gp, 1660(t5)
core   0: 3 0x8000b988 (0x663f2e23) mem 0x8000d000 0x00000001
core   0: 0x8000b98c (0x0000bfe5) c.j     pc - 8
core   0: 3 0x8000b98c (0xbfe5)
core   0: 0x8000b984 (0x00001f17) auipc   t5, 0x1
core   0: 3 0x8000b984 (0x00001f17) x30 0x8000c984
core   0: 0x8000b988 (0x663f2e23) sw      gp, 1660(t5)
core   0: 3 0x8000b988 (0x663f2e23) mem 0x8000d000 0x00000001
core   0: 0x8000b98c (0x0000bfe5) c.j     pc - 8
core   0: 3 0x8000b98c (0xbfe5)
core   0: 0x8000b984 (0x00001f17) auipc   t5, 0x1
core   0: 3 0x8000b984 (0x00001f17) x30 0x8000c984
core   0: 0x8000b988 (0x663f2e23) sw      gp, 1660(t5)
core   0: 3 0x8000b988 (0x663f2e23) mem 0x8000d000 0x00000001
core   0: 0x8000b98c (0x0000bfe5) c.j     pc - 8
core   0: 3 0x8000b98c (0xbfe5)
core   0: 0x8000b984 (0x00001f17) auipc   t5, 0x1
core   0: 3 0x8000b984 (0x00001f17) x30 0x8000c984
core   0: 0x8000b988 (0x663f2e23) sw      gp, 1660(t5)
core   0: 3 0x8000b988 (0x663f2e23) mem 0x8000d000 0x00000001
core   0: 0x8000b98c (0x0000bfe5) c.j     pc - 8
core   0: 3 0x8000b98c (0xbfe5)
core   0: 0x8000b984 (0x00001f17) auipc   t5, 0x1
core   0: 3 0x8000b984 (0x00001f17) x30 0x8000c984
core   0: 0x8000b988 (0x663f2e23) sw      gp, 1660(t5)
core   0: 3 0x8000b988 (0x663f2e23) mem 0x8000d000 0x00000001
core   0: 0x8000b98c (0x0000bfe5) c.j     pc - 8
core   0: 3 0x8000b98c (0xbfe5)
core   0: 0x8000b984 (0x00001f17) auipc   t5, 0x1
core   0: 3 0x8000b984 (0x00001f17) x30 0x8000c984
core   0: 0x8000b988 (0x663f2e23) sw      gp, 1660(t5)
core   0: 3 0x8000b988 (0x663f2e23) mem 0x8000d000 0x00000001
core   0: 0x8000b98c (0x0000bfe5) c.j     pc - 8
core   0: 3 0x8000b98c (0xbfe5)
core   0: 0x8000b984 (0x00001f17) auipc   t5, 0x1
core   0: 3 0x8000b984 (0x00001f17) x30 0x8000c984
core   0: 0x8000b988 (0x663f2e23) sw      gp, 1660(t5)
core   0: 3 0x8000b988 (0x663f2e23) mem 0x8000d000 0x00000001
core   0: 0x8000b98c (0x0000bfe5) c.j     pc - 8
core   0: 3 0x8000b98c (0xbfe5)
core   0: 0x8000b984 (0x00001f17) auipc   t5, 0x1
core   0: 3 0x8000b984 (0x00001f17) x30 0x8000c984
core   0: 0x8000b988 (0x663f2e23) sw      gp, 1660(t5)
core   0: 3 0x8000b988 (0x663f2e23) mem 0x8000d000 0x00000001
core   0: 0x8000b98c (0x0000bfe5) c.j     pc - 8
core   0: 3 0x8000b98c (0xbfe5)
core   0: 0x8000b984 (0x00001f17) auipc   t5, 0x1
core   0: 3 0x8000b984 (0x00001f17) x30 0x8000c984
core   0: 0x8000b988 (0x663f2e23) sw      gp, 1660(t5)
core   0: 3 0x8000b988 (0x663f2e23) mem 0x8000d000 0x00000001
core   0: 0x8000b98c (0x0000bfe5) c.j     pc - 8
core   0: 3 0x8000b98c (0xbfe5)
core   0: 0x8000b984 (0x00001f17) auipc   t5, 0x1
core   0: 3 0x8000b984 (0x00001f17) x30 0x8000c984
core   0: 0x8000b988 (0x663f2e23) sw      gp, 1660(t5)
core   0: 3 0x8000b988 (0x663f2e23) mem 0x8000d000 0x00000001
core   0: 0x8000b98c (0x0000bfe5) c.j     pc - 8
core   0: 3 0x8000b98c (0xbfe5)
core   0: 0x8000b984 (0x00001f17) auipc   t5, 0x1
core   0: 3 0x8000b984 (0x00001f17) x30 0x8000c984
core   0: 0x8000b988 (0x663f2e23) sw      gp, 1660(t5)
core   0: 3 0x8000b988 (0x663f2e23) mem 0x8000d000 0x00000001
core   0: 0x8000b98c (0x0000bfe5) c.j     pc - 8
core   0: 3 0x8000b98c (0xbfe5)
core   0: 0x8000b984 (0x00001f17) auipc   t5, 0x1
core   0: 3 0x8000b984 (0x00001f17) x30 0x8000c984
core   0: 0x8000b988 (0x663f2e23) sw      gp, 1660(t5)
core   0: 3 0x8000b988 (0x663f2e23) mem 0x8000d000 0x00000001
core   0: 0x8000b98c (0x0000bfe5) c.j     pc - 8
core   0: 3 0x8000b98c (0xbfe5)
core   0: 0x8000b984 (0x00001f17) auipc   t5, 0x1
core   0: 3 0x8000b984 (0x00001f17) x30 0x8000c984
core   0: 0x8000b988 (0x663f2e23) sw      gp, 1660(t5)
core   0: 3 0x8000b988 (0x663f2e23) mem 0x8000d000 0x00000001
core   0: 0x8000b98c (0x0000bfe5) c.j     pc - 8
core   0: 3 0x8000b98c (0xbfe5)
core   0: 0x8000b984 (0x00001f17) auipc   t5, 0x1
core   0: 3 0x8000b984 (0x00001f17) x30 0x8000c984
core   0: 0x8000b988 (0x663f2e23) sw      gp, 1660(t5)
core   0: 3 0x8000b988 (0x663f2e23) mem 0x8000d000 0x00000001
core   0: 0x8000b98c (0x0000bfe5) c.j     pc - 8
core   0: 3 0x8000b98c (0xbfe5)
core   0: 0x8000b984 (0x00001f17) auipc   t5, 0x1
core   0: 3 0x8000b984 (0x00001f17) x30 0x8000c984
core   0: 0x8000b988 (0x663f2e23) sw      gp, 1660(t5)
core   0: 3 0x8000b988 (0x663f2e23) mem 0x8000d000 0x00000001
core   0: 0x8000b98c (0x0000bfe5) c.j     pc - 8
core   0: 3 0x8000b98c (0xbfe5)
core   0: 0x8000b984 (0x00001f17) auipc   t5, 0x1
core   0: 3 0x8000b984 (0x00001f17) x30 0x8000c984
core   0: 0x8000b988 (0x663f2e23) sw      gp, 1660(t5)
core   0: 3 0x8000b988 (0x663f2e23) mem 0x8000d000 0x00000001
core   0: 0x8000b98c (0x0000bfe5) c.j     pc - 8
core   0: 3 0x8000b98c (0xbfe5)
core   0: 0x8000b984 (0x00001f17) auipc   t5, 0x1
core   0: 3 0x8000b984 (0x00001f17) x30 0x8000c984
core   0: 0x8000b988 (0x663f2e23) sw      gp, 1660(t5)
core   0: 3 0x8000b988 (0x663f2e23) mem 0x8000d000 0x00000001
core   0: 0x8000b98c (0x0000bfe5) c.j     pc - 8
core   0: 3 0x8000b98c (0xbfe5)
core   0: 0x8000b984 (0x00001f17) auipc   t5, 0x1
core   0: 3 0x8000b984 (0x00001f17) x30 0x8000c984
core   0: 0x8000b988 (0x663f2e23) sw      gp, 1660(t5)
core   0: 3 0x8000b988 (0x663f2e23) mem 0x8000d000 0x00000001
core   0: 0x8000b98c (0x0000bfe5) c.j     pc - 8
core   0: 3 0x8000b98c (0xbfe5)
core   0: 0x8000b984 (0x00001f17) auipc   t5, 0x1
core   0: 3 0x8000b984 (0x00001f17) x30 0x8000c984
core   0: 0x8000b988 (0x663f2e23) sw      gp, 1660(t5)
core   0: 3 0x8000b988 (0x663f2e23) mem 0x8000d000 0x00000001
core   0: 0x8000b98c (0x0000bfe5) c.j     pc - 8
core   0: 3 0x8000b98c (0xbfe5)
core   0: 0x8000b984 (0x00001f17) auipc   t5, 0x1
core   0: 3 0x8000b984 (0x00001f17) x30 0x8000c984
core   0: 0x8000b988 (0x663f2e23) sw      gp, 1660(t5)
core   0: 3 0x8000b988 (0x663f2e23) mem 0x8000d000 0x00000001
core   0: 0x8000b98c (0x0000bfe5) c.j     pc - 8
core   0: 3 0x8000b98c (0xbfe5)
core   0: 0x8000b984 (0x00001f17) auipc   t5, 0x1
core   0: 3 0x8000b984 (0x00001f17) x30 0x8000c984
core   0: 0x8000b988 (0x663f2e23) sw      gp, 1660(t5)
core   0: 3 0x8000b988 (0x663f2e23) mem 0x8000d000 0x00000001
core   0: 0x8000b98c (0x0000bfe5) c.j     pc - 8
core   0: 3 0x8000b98c (0xbfe5)
core   0: 0x8000b984 (0x00001f17) auipc   t5, 0x1
core   0: 3 0x8000b984 (0x00001f17) x30 0x8000c984
core   0: 0x8000b988 (0x663f2e23) sw      gp, 1660(t5)
core   0: 3 0x8000b988 (0x663f2e23) mem 0x8000d000 0x00000001
core   0: 0x8000b98c (0x0000bfe5) c.j     pc - 8
core   0: 3 0x8000b98c (0xbfe5)
core   0: 0x8000b984 (0x00001f17) auipc   t5, 0x1
core   0: 3 0x8000b984 (0x00001f17) x30 0x8000c984
core   0: 0x8000b988 (0x663f2e23) sw      gp, 1660(t5)
core   0: 3 0x8000b988 (0x663f2e23) mem 0x8000d000 0x00000001
core   0: 0x8000b98c (0x0000bfe5) c.j     pc - 8
core   0: 3 0x8000b98c (0xbfe5)
core   0: 0x8000b984 (0x00001f17) auipc   t5, 0x1
core   0: 3 0x8000b984 (0x00001f17) x30 0x8000c984
core   0: 0x8000b988 (0x663f2e23) sw      gp, 1660(t5)
core   0: 3 0x8000b988 (0x663f2e23) mem 0x8000d000 0x00000001
core   0: 0x8000b98c (0x0000bfe5) c.j     pc - 8
core   0: 3 0x8000b98c (0xbfe5)
core   0: 0x8000b984 (0x00001f17) auipc   t5, 0x1
core   0: 3 0x8000b984 (0x00001f17) x30 0x8000c984
core   0: 0x8000b988 (0x663f2e23) sw      gp, 1660(t5)
core   0: 3 0x8000b988 (0x663f2e23) mem 0x8000d000 0x00000001
core   0: 0x8000b98c (0x0000bfe5) c.j     pc - 8
core   0: 3 0x8000b98c (0xbfe5)
core   0: 0x8000b984 (0x00001f17) auipc   t5, 0x1
core   0: 3 0x8000b984 (0x00001f17) x30 0x8000c984
core   0: 0x8000b988 (0x663f2e23) sw      gp, 1660(t5)
core   0: 3 0x8000b988 (0x663f2e23) mem 0x8000d000 0x00000001
core   0: 0x8000b98c (0x0000bfe5) c.j     pc - 8
core   0: 3 0x8000b98c (0xbfe5)
core   0: 0x8000b984 (0x00001f17) auipc   t5, 0x1
core   0: 3 0x8000b984 (0x00001f17) x30 0x8000c984
core   0: 0x8000b988 (0x663f2e23) sw      gp, 1660(t5)
core   0: 3 0x8000b988 (0x663f2e23) mem 0x8000d000 0x00000001
core   0: 0x8000b98c (0x0000bfe5) c.j     pc - 8
core   0: 3 0x8000b98c (0xbfe5)
core   0: 0x8000b984 (0x00001f17) auipc   t5, 0x1
core   0: 3 0x8000b984 (0x00001f17) x30 0x8000c984
core   0: 0x8000b988 (0x663f2e23) sw      gp, 1660(t5)
core   0: 3 0x8000b988 (0x663f2e23) mem 0x8000d000 0x00000001
core   0: 0x8000b98c (0x0000bfe5) c.j     pc - 8
core   0: 3 0x8000b98c (0xbfe5)
core   0: 0x8000b984 (0x00001f17) auipc   t5, 0x1
core   0: 3 0x8000b984 (0x00001f17) x30 0x8000c984
core   0: 0x8000b988 (0x663f2e23) sw      gp, 1660(t5)
core   0: 3 0x8000b988 (0x663f2e23) mem 0x8000d000 0x00000001
core   0: 0x8000b98c (0x0000bfe5) c.j     pc - 8
core   0: 3 0x8000b98c (0xbfe5)
core   0: 0x8000b984 (0x00001f17) auipc   t5, 0x1
core   0: 3 0x8000b984 (0x00001f17) x30 0x8000c984
core   0: 0x8000b988 (0x663f2e23) sw      gp, 1660(t5)
core   0: 3 0x8000b988 (0x663f2e23) mem 0x8000d000 0x00000001
core   0: 0x8000b98c (0x0000bfe5) c.j     pc - 8
core   0: 3 0x8000b98c (0xbfe5)
core   0: 0x8000b984 (0x00001f17) auipc   t5, 0x1
core   0: 3 0x8000b984 (0x00001f17) x30 0x8000c984
core   0: 0x8000b988 (0x663f2e23) sw      gp, 1660(t5)
core   0: 3 0x8000b988 (0x663f2e23) mem 0x8000d000 0x00000001
core   0: 0x8000b98c (0x0000bfe5) c.j     pc - 8
core   0: 3 0x8000b98c (0xbfe5)
core   0: 0x8000b984 (0x00001f17) auipc   t5, 0x1
core   0: 3 0x8000b984 (0x00001f17) x30 0x8000c984
core   0: 0x8000b988 (0x663f2e23) sw      gp, 1660(t5)
core   0: 3 0x8000b988 (0x663f2e23) mem 0x8000d000 0x00000001
core   0: 0x8000b98c (0x0000bfe5) c.j     pc - 8
core   0: 3 0x8000b98c (0xbfe5)
core   0: 0x8000b984 (0x00001f17) auipc   t5, 0x1
core   0: 3 0x8000b984 (0x00001f17) x30 0x8000c984
core   0: 0x8000b988 (0x663f2e23) sw      gp, 1660(t5)
core   0: 3 0x8000b988 (0x663f2e23) mem 0x8000d000 0x00000001
core   0: 0x8000b98c (0x0000bfe5) c.j     pc - 8
core   0: 3 0x8000b98c (0xbfe5)
core   0: 0x8000b984 (0x00001f17) auipc   t5, 0x1
core   0: 3 0x8000b984 (0x00001f17) x30 0x8000c984
core   0: 0x8000b988 (0x663f2e23) sw      gp, 1660(t5)
core   0: 3 0x8000b988 (0x663f2e23) mem 0x8000d000 0x00000001
core   0: 0x8000b98c (0x0000bfe5) c.j     pc - 8
core   0: 3 0x8000b98c (0xbfe5)
core   0: 0x8000b984 (0x00001f17) auipc   t5, 0x1
core   0: 3 0x8000b984 (0x00001f17) x30 0x8000c984
core   0: 0x8000b988 (0x663f2e23) sw      gp, 1660(t5)
core   0: 3 0x8000b988 (0x663f2e23) mem 0x8000d000 0x00000001
core   0: 0x8000b98c (0x0000bfe5) c.j     pc - 8
core   0: 3 0x8000b98c (0xbfe5)
core   0: 0x8000b984 (0x00001f17) auipc   t5, 0x1
core   0: 3 0x8000b984 (0x00001f17) x30 0x8000c984
core   0: 0x8000b988 (0x663f2e23) sw      gp, 1660(t5)
core   0: 3 0x8000b988 (0x663f2e23) mem 0x8000d000 0x00000001
core   0: 0x8000b98c (0x0000bfe5) c.j     pc - 8
core   0: 3 0x8000b98c (0xbfe5)
core   0: 0x8000b984 (0x00001f17) auipc   t5, 0x1
core   0: 3 0x8000b984 (0x00001f17) x30 0x8000c984
core   0: 0x8000b988 (0x663f2e23) sw      gp, 1660(t5)
core   0: 3 0x8000b988 (0x663f2e23) mem 0x8000d000 0x00000001
core   0: 0x8000b98c (0x0000bfe5) c.j     pc - 8
core   0: 3 0x8000b98c (0xbfe5)
core   0: 0x8000b984 (0x00001f17) auipc   t5, 0x1
core   0: 3 0x8000b984 (0x00001f17) x30 0x8000c984
core   0: 0x8000b988 (0x663f2e23) sw      gp, 1660(t5)
core   0: 3 0x8000b988 (0x663f2e23) mem 0x8000d000 0x00000001
core   0: 0x8000b98c (0x0000bfe5) c.j     pc - 8
core   0: 3 0x8000b98c (0xbfe5)
core   0: 0x8000b984 (0x00001f17) auipc   t5, 0x1
core   0: 3 0x8000b984 (0x00001f17) x30 0x8000c984
core   0: 0x8000b988 (0x663f2e23) sw      gp, 1660(t5)
core   0: 3 0x8000b988 (0x663f2e23) mem 0x8000d000 0x00000001
core   0: 0x8000b98c (0x0000bfe5) c.j     pc - 8
core   0: 3 0x8000b98c (0xbfe5)
core   0: 0x8000b984 (0x00001f17) auipc   t5, 0x1
core   0: 3 0x8000b984 (0x00001f17) x30 0x8000c984
core   0: 0x8000b988 (0x663f2e23) sw      gp, 1660(t5)
core   0: 3 0x8000b988 (0x663f2e23) mem 0x8000d000 0x00000001
core   0: 0x8000b98c (0x0000bfe5) c.j     pc - 8
core   0: 3 0x8000b98c (0xbfe5)
core   0: 0x8000b984 (0x00001f17) auipc   t5, 0x1
core   0: 3 0x8000b984 (0x00001f17) x30 0x8000c984
core   0: 0x8000b988 (0x663f2e23) sw      gp, 1660(t5)
core   0: 3 0x8000b988 (0x663f2e23) mem 0x8000d000 0x00000001
core   0: 0x8000b98c (0x0000bfe5) c.j     pc - 8
core   0: 3 0x8000b98c (0xbfe5)
core   0: 0x8000b984 (0x00001f17) auipc   t5, 0x1
core   0: 3 0x8000b984 (0x00001f17) x30 0x8000c984
core   0: 0x8000b988 (0x663f2e23) sw      gp, 1660(t5)
core   0: 3 0x8000b988 (0x663f2e23) mem 0x8000d000 0x00000001
core   0: 0x8000b98c (0x0000bfe5) c.j     pc - 8
core   0: 3 0x8000b98c (0xbfe5)
core   0: 0x8000b984 (0x00001f17) auipc   t5, 0x1
core   0: 3 0x8000b984 (0x00001f17) x30 0x8000c984
core   0: 0x8000b988 (0x663f2e23) sw      gp, 1660(t5)
core   0: 3 0x8000b988 (0x663f2e23) mem 0x8000d000 0x00000001
core   0: 0x8000b98c (0x0000bfe5) c.j     pc - 8
core   0: 3 0x8000b98c (0xbfe5)
core   0: 0x8000b984 (0x00001f17) auipc   t5, 0x1
core   0: 3 0x8000b984 (0x00001f17) x30 0x8000c984
core   0: 0x8000b988 (0x663f2e23) sw      gp, 1660(t5)
core   0: 3 0x8000b988 (0x663f2e23) mem 0x8000d000 0x00000001
core   0: 0x8000b98c (0x0000bfe5) c.j     pc - 8
core   0: 3 0x8000b98c (0xbfe5)
core   0: 0x8000b984 (0x00001f17) auipc   t5, 0x1
core   0: 3 0x8000b984 (0x00001f17) x30 0x8000c984
core   0: 0x8000b988 (0x663f2e23) sw      gp, 1660(t5)
core   0: 3 0x8000b988 (0x663f2e23) mem 0x8000d000 0x00000001
core   0: 0x8000b98c (0x0000bfe5) c.j     pc - 8
core   0: 3 0x8000b98c (0xbfe5)
core   0: 0x8000b984 (0x00001f17) auipc   t5, 0x1
core   0: 3 0x8000b984 (0x00001f17) x30 0x8000c984
core   0: 0x8000b988 (0x663f2e23) sw      gp, 1660(t5)
core   0: 3 0x8000b988 (0x663f2e23) mem 0x8000d000 0x00000001
core   0: 0x8000b98c (0x0000bfe5) c.j     pc - 8
core   0: 3 0x8000b98c (0xbfe5)
core   0: 0x8000b984 (0x00001f17) auipc   t5, 0x1
core   0: 3 0x8000b984 (0x00001f17) x30 0x8000c984
core   0: 0x8000b988 (0x663f2e23) sw      gp, 1660(t5)
core   0: 3 0x8000b988 (0x663f2e23) mem 0x8000d000 0x00000001
core   0: 0x8000b98c (0x0000bfe5) c.j     pc - 8
core   0: 3 0x8000b98c (0xbfe5)
core   0: 0x8000b984 (0x00001f17) auipc   t5, 0x1
core   0: 3 0x8000b984 (0x00001f17) x30 0x8000c984
core   0: 0x8000b988 (0x663f2e23) sw      gp, 1660(t5)
core   0: 3 0x8000b988 (0x663f2e23) mem 0x8000d000 0x00000001
core   0: 0x8000b98c (0x0000bfe5) c.j     pc - 8
core   0: 3 0x8000b98c (0xbfe5)
core   0: 0x8000b984 (0x00001f17) auipc   t5, 0x1
core   0: 3 0x8000b984 (0x00001f17) x30 0x8000c984
core   0: 0x8000b988 (0x663f2e23) sw      gp, 1660(t5)
core   0: 3 0x8000b988 (0x663f2e23) mem 0x8000d000 0x00000001
core   0: 0x8000b98c (0x0000bfe5) c.j     pc - 8
core   0: 3 0x8000b98c (0xbfe5)
core   0: 0x8000b984 (0x00001f17) auipc   t5, 0x1
core   0: 3 0x8000b984 (0x00001f17) x30 0x8000c984
core   0: 0x8000b988 (0x663f2e23) sw      gp, 1660(t5)
core   0: 3 0x8000b988 (0x663f2e23) mem 0x8000d000 0x00000001
core   0: 0x8000b98c (0x0000bfe5) c.j     pc - 8
core   0: 3 0x8000b98c (0xbfe5)
core   0: 0x8000b984 (0x00001f17) auipc   t5, 0x1
core   0: 3 0x8000b984 (0x00001f17) x30 0x8000c984
core   0: 0x8000b988 (0x663f2e23) sw      gp, 1660(t5)
core   0: 3 0x8000b988 (0x663f2e23) mem 0x8000d000 0x00000001
core   0: 0x8000b98c (0x0000bfe5) c.j     pc - 8
core   0: 3 0x8000b98c (0xbfe5)
core   0: 0x8000b984 (0x00001f17) auipc   t5, 0x1
core   0: 3 0x8000b984 (0x00001f17) x30 0x8000c984
core   0: 0x8000b988 (0x663f2e23) sw      gp, 1660(t5)
core   0: 3 0x8000b988 (0x663f2e23) mem 0x8000d000 0x00000001
core   0: 0x8000b98c (0x0000bfe5) c.j     pc - 8
core   0: 3 0x8000b98c (0xbfe5)
core   0: 0x8000b984 (0x00001f17) auipc   t5, 0x1
core   0: 3 0x8000b984 (0x00001f17) x30 0x8000c984
core   0: 0x8000b988 (0x663f2e23) sw      gp, 1660(t5)
core   0: 3 0x8000b988 (0x663f2e23) mem 0x8000d000 0x00000001
core   0: 0x8000b98c (0x0000bfe5) c.j     pc - 8
core   0: 3 0x8000b98c (0xbfe5)
core   0: 0x8000b984 (0x00001f17) auipc   t5, 0x1
core   0: 3 0x8000b984 (0x00001f17) x30 0x8000c984
core   0: 0x8000b988 (0x663f2e23) sw      gp, 1660(t5)
core   0: 3 0x8000b988 (0x663f2e23) mem 0x8000d000 0x00000001
core   0: 0x8000b98c (0x0000bfe5) c.j     pc - 8
core   0: 3 0x8000b98c (0xbfe5)
core   0: 0x8000b984 (0x00001f17) auipc   t5, 0x1
core   0: 3 0x8000b984 (0x00001f17) x30 0x8000c984
core   0: 0x8000b988 (0x663f2e23) sw      gp, 1660(t5)
core   0: 3 0x8000b988 (0x663f2e23) mem 0x8000d000 0x00000001
core   0: 0x8000b98c (0x0000bfe5) c.j     pc - 8
core   0: 3 0x8000b98c (0xbfe5)
core   0: 0x8000b984 (0x00001f17) auipc   t5, 0x1
core   0: 3 0x8000b984 (0x00001f17) x30 0x8000c984
core   0: 0x8000b988 (0x663f2e23) sw      gp, 1660(t5)
core   0: 3 0x8000b988 (0x663f2e23) mem 0x8000d000 0x00000001
core   0: 0x8000b98c (0x0000bfe5) c.j     pc - 8
core   0: 3 0x8000b98c (0xbfe5)
core   0: 0x8000b984 (0x00001f17) auipc   t5, 0x1
core   0: 3 0x8000b984 (0x00001f17) x30 0x8000c984
core   0: 0x8000b988 (0x663f2e23) sw      gp, 1660(t5)
core   0: 3 0x8000b988 (0x663f2e23) mem 0x8000d000 0x00000001
core   0: 0x8000b98c (0x0000bfe5) c.j     pc - 8
core   0: 3 0x8000b98c (0xbfe5)
core   0: 0x8000b984 (0x00001f17) auipc   t5, 0x1
core   0: 3 0x8000b984 (0x00001f17) x30 0x8000c984
core   0: 0x8000b988 (0x663f2e23) sw      gp, 1660(t5)
core   0: 3 0x8000b988 (0x663f2e23) mem 0x8000d000 0x00000001
core   0: 0x8000b98c (0x0000bfe5) c.j     pc - 8
core   0: 3 0x8000b98c (0xbfe5)
core   0: 0x8000b984 (0x00001f17) auipc   t5, 0x1
core   0: 3 0x8000b984 (0x00001f17) x30 0x8000c984
core   0: 0x8000b988 (0x663f2e23) sw      gp, 1660(t5)
core   0: 3 0x8000b988 (0x663f2e23) mem 0x8000d000 0x00000001
core   0: 0x8000b98c (0x0000bfe5) c.j     pc - 8
core   0: 3 0x8000b98c (0xbfe5)
core   0: 0x8000b984 (0x00001f17) auipc   t5, 0x1
core   0: 3 0x8000b984 (0x00001f17) x30 0x8000c984
core   0: 0x8000b988 (0x663f2e23) sw      gp, 1660(t5)
core   0: 3 0x8000b988 (0x663f2e23) mem 0x8000d000 0x00000001
core   0: 0x8000b98c (0x0000bfe5) c.j     pc - 8
core   0: 3 0x8000b98c (0xbfe5)
core   0: 0x8000b984 (0x00001f17) auipc   t5, 0x1
core   0: 3 0x8000b984 (0x00001f17) x30 0x8000c984
core   0: 0x8000b988 (0x663f2e23) sw      gp, 1660(t5)
core   0: 3 0x8000b988 (0x663f2e23) mem 0x8000d000 0x00000001
core   0: 0x8000b98c (0x0000bfe5) c.j     pc - 8
core   0: 3 0x8000b98c (0xbfe5)
core   0: 0x8000b984 (0x00001f17) auipc   t5, 0x1
core   0: 3 0x8000b984 (0x00001f17) x30 0x8000c984
core   0: 0x8000b988 (0x663f2e23) sw      gp, 1660(t5)
core   0: 3 0x8000b988 (0x663f2e23) mem 0x8000d000 0x00000001
core   0: 0x8000b98c (0x0000bfe5) c.j     pc - 8
core   0: 3 0x8000b98c (0xbfe5)
core   0: 0x8000b984 (0x00001f17) auipc   t5, 0x1
core   0: 3 0x8000b984 (0x00001f17) x30 0x8000c984
core   0: 0x8000b988 (0x663f2e23) sw      gp, 1660(t5)
core   0: 3 0x8000b988 (0x663f2e23) mem 0x8000d000 0x00000001
core   0: 0x8000b98c (0x0000bfe5) c.j     pc - 8
core   0: 3 0x8000b98c (0xbfe5)
core   0: 0x8000b984 (0x00001f17) auipc   t5, 0x1
core   0: 3 0x8000b984 (0x00001f17) x30 0x8000c984
core   0: 0x8000b988 (0x663f2e23) sw      gp, 1660(t5)
core   0: 3 0x8000b988 (0x663f2e23) mem 0x8000d000 0x00000001
core   0: 0x8000b98c (0x0000bfe5) c.j     pc - 8
core   0: 3 0x8000b98c (0xbfe5)
core   0: 0x8000b984 (0x00001f17) auipc   t5, 0x1
core   0: 3 0x8000b984 (0x00001f17) x30 0x8000c984
core   0: 0x8000b988 (0x663f2e23) sw      gp, 1660(t5)
core   0: 3 0x8000b988 (0x663f2e23) mem 0x8000d000 0x00000001
core   0: 0x8000b98c (0x0000bfe5) c.j     pc - 8
core   0: 3 0x8000b98c (0xbfe5)
core   0: 0x8000b984 (0x00001f17) auipc   t5, 0x1
core   0: 3 0x8000b984 (0x00001f17) x30 0x8000c984
core   0: 0x8000b988 (0x663f2e23) sw      gp, 1660(t5)
core   0: 3 0x8000b988 (0x663f2e23) mem 0x8000d000 0x00000001
core   0: 0x8000b98c (0x0000bfe5) c.j     pc - 8
core   0: 3 0x8000b98c (0xbfe5)
core   0: 0x8000b984 (0x00001f17) auipc   t5, 0x1
core   0: 3 0x8000b984 (0x00001f17) x30 0x8000c984
core   0: 0x8000b988 (0x663f2e23) sw      gp, 1660(t5)
core   0: 3 0x8000b988 (0x663f2e23) mem 0x8000d000 0x00000001
core   0: 0x8000b98c (0x0000bfe5) c.j     pc - 8
core   0: 3 0x8000b98c (0xbfe5)
core   0: 0x8000b984 (0x00001f17) auipc   t5, 0x1
core   0: 3 0x8000b984 (0x00001f17) x30 0x8000c984
core   0: 0x8000b988 (0x663f2e23) sw      gp, 1660(t5)
core   0: 3 0x8000b988 (0x663f2e23) mem 0x8000d000 0x00000001
core   0: 0x8000b98c (0x0000bfe5) c.j     pc - 8
core   0: 3 0x8000b98c (0xbfe5)
core   0: 0x8000b984 (0x00001f17) auipc   t5, 0x1
core   0: 3 0x8000b984 (0x00001f17) x30 0x8000c984
core   0: 0x8000b988 (0x663f2e23) sw      gp, 1660(t5)
core   0: 3 0x8000b988 (0x663f2e23) mem 0x8000d000 0x00000001
core   0: 0x8000b98c (0x0000bfe5) c.j     pc - 8
core   0: 3 0x8000b98c (0xbfe5)
core   0: 0x8000b984 (0x00001f17) auipc   t5, 0x1
core   0: 3 0x8000b984 (0x00001f17) x30 0x8000c984
core   0: 0x8000b988 (0x663f2e23) sw      gp, 1660(t5)
core   0: 3 0x8000b988 (0x663f2e23) mem 0x8000d000 0x00000001
core   0: 0x8000b98c (0x0000bfe5) c.j     pc - 8
core   0: 3 0x8000b98c (0xbfe5)
core   0: 0x8000b984 (0x00001f17) auipc   t5, 0x1
core   0: 3 0x8000b984 (0x00001f17) x30 0x8000c984
core   0: 0x8000b988 (0x663f2e23) sw      gp, 1660(t5)
core   0: 3 0x8000b988 (0x663f2e23) mem 0x8000d000 0x00000001
core   0: 0x8000b98c (0x0000bfe5) c.j     pc - 8
core   0: 3 0x8000b98c (0xbfe5)
core   0: 0x8000b984 (0x00001f17) auipc   t5, 0x1
core   0: 3 0x8000b984 (0x00001f17) x30 0x8000c984
core   0: 0x8000b988 (0x663f2e23) sw      gp, 1660(t5)
core   0: 3 0x8000b988 (0x663f2e23) mem 0x8000d000 0x00000001
core   0: 0x8000b98c (0x0000bfe5) c.j     pc - 8
core   0: 3 0x8000b98c (0xbfe5)
core   0: 0x8000b984 (0x00001f17) auipc   t5, 0x1
core   0: 3 0x8000b984 (0x00001f17) x30 0x8000c984
core   0: 0x8000b988 (0x663f2e23) sw      gp, 1660(t5)
core   0: 3 0x8000b988 (0x663f2e23) mem 0x8000d000 0x00000001
core   0: 0x8000b98c (0x0000bfe5) c.j     pc - 8
core   0: 3 0x8000b98c (0xbfe5)
core   0: 0x8000b984 (0x00001f17) auipc   t5, 0x1
core   0: 3 0x8000b984 (0x00001f17) x30 0x8000c984
core   0: 0x8000b988 (0x663f2e23) sw      gp, 1660(t5)
core   0: 3 0x8000b988 (0x663f2e23) mem 0x8000d000 0x00000001
core   0: 0x8000b98c (0x0000bfe5) c.j     pc - 8
core   0: 3 0x8000b98c (0xbfe5)
core   0: 0x8000b984 (0x00001f17) auipc   t5, 0x1
core   0: 3 0x8000b984 (0x00001f17) x30 0x8000c984
core   0: 0x8000b988 (0x663f2e23) sw      gp, 1660(t5)
core   0: 3 0x8000b988 (0x663f2e23) mem 0x8000d000 0x00000001
core   0: 0x8000b98c (0x0000bfe5) c.j     pc - 8
core   0: 3 0x8000b98c (0xbfe5)
core   0: 0x8000b984 (0x00001f17) auipc   t5, 0x1
core   0: 3 0x8000b984 (0x00001f17) x30 0x8000c984
core   0: 0x8000b988 (0x663f2e23) sw      gp, 1660(t5)
core   0: 3 0x8000b988 (0x663f2e23) mem 0x8000d000 0x00000001
core   0: 0x8000b98c (0x0000bfe5) c.j     pc - 8
core   0: 3 0x8000b98c (0xbfe5)
core   0: 0x8000b984 (0x00001f17) auipc   t5, 0x1
core   0: 3 0x8000b984 (0x00001f17) x30 0x8000c984
core   0: 0x8000b988 (0x663f2e23) sw      gp, 1660(t5)
core   0: 3 0x8000b988 (0x663f2e23) mem 0x8000d000 0x00000001
core   0: 0x8000b98c (0x0000bfe5) c.j     pc - 8
core   0: 3 0x8000b98c (0xbfe5)
core   0: 0x8000b984 (0x00001f17) auipc   t5, 0x1
core   0: 3 0x8000b984 (0x00001f17) x30 0x8000c984
core   0: 0x8000b988 (0x663f2e23) sw      gp, 1660(t5)
core   0: 3 0x8000b988 (0x663f2e23) mem 0x8000d000 0x00000001
core   0: 0x8000b98c (0x0000bfe5) c.j     pc - 8
core   0: 3 0x8000b98c (0xbfe5)
core   0: 0x8000b984 (0x00001f17) auipc   t5, 0x1
core   0: 3 0x8000b984 (0x00001f17) x30 0x8000c984
core   0: 0x8000b988 (0x663f2e23) sw      gp, 1660(t5)
core   0: 3 0x8000b988 (0x663f2e23) mem 0x8000d000 0x00000001
core   0: 0x8000b98c (0x0000bfe5) c.j     pc - 8
core   0: 3 0x8000b98c (0xbfe5)
core   0: 0x8000b984 (0x00001f17) auipc   t5, 0x1
core   0: 3 0x8000b984 (0x00001f17) x30 0x8000c984
core   0: 0x8000b988 (0x663f2e23) sw      gp, 1660(t5)
core   0: 3 0x8000b988 (0x663f2e23) mem 0x8000d000 0x00000001
core   0: 0x8000b98c (0x0000bfe5) c.j     pc - 8
core   0: 3 0x8000b98c (0xbfe5)
core   0: 0x8000b984 (0x00001f17) auipc   t5, 0x1
core   0: 3 0x8000b984 (0x00001f17) x30 0x8000c984
core   0: 0x8000b988 (0x663f2e23) sw      gp, 1660(t5)
core   0: 3 0x8000b988 (0x663f2e23) mem 0x8000d000 0x00000001
core   0: 0x8000b98c (0x0000bfe5) c.j     pc - 8
core   0: 3 0x8000b98c (0xbfe5)
core   0: 0x8000b984 (0x00001f17) auipc   t5, 0x1
core   0: 3 0x8000b984 (0x00001f17) x30 0x8000c984
core   0: 0x8000b988 (0x663f2e23) sw      gp, 1660(t5)
core   0: 3 0x8000b988 (0x663f2e23) mem 0x8000d000 0x00000001
core   0: 0x8000b98c (0x0000bfe5) c.j     pc - 8
core   0: 3 0x8000b98c (0xbfe5)
core   0: 0x8000b984 (0x00001f17) auipc   t5, 0x1
core   0: 3 0x8000b984 (0x00001f17) x30 0x8000c984
core   0: 0x8000b988 (0x663f2e23) sw      gp, 1660(t5)
core   0: 3 0x8000b988 (0x663f2e23) mem 0x8000d000 0x00000001
core   0: 0x8000b98c (0x0000bfe5) c.j     pc - 8
core   0: 3 0x8000b98c (0xbfe5)
core   0: 0x8000b984 (0x00001f17) auipc   t5, 0x1
core   0: 3 0x8000b984 (0x00001f17) x30 0x8000c984
core   0: 0x8000b988 (0x663f2e23) sw      gp, 1660(t5)
core   0: 3 0x8000b988 (0x663f2e23) mem 0x8000d000 0x00000001
core   0: 0x8000b98c (0x0000bfe5) c.j     pc - 8
core   0: 3 0x8000b98c (0xbfe5)
core   0: 0x8000b984 (0x00001f17) auipc   t5, 0x1
core   0: 3 0x8000b984 (0x00001f17) x30 0x8000c984
core   0: 0x8000b988 (0x663f2e23) sw      gp, 1660(t5)
core   0: 3 0x8000b988 (0x663f2e23) mem 0x8000d000 0x00000001
core   0: 0x8000b98c (0x0000bfe5) c.j     pc - 8
core   0: 3 0x8000b98c (0xbfe5)
core   0: 0x8000b984 (0x00001f17) auipc   t5, 0x1
core   0: 3 0x8000b984 (0x00001f17) x30 0x8000c984
core   0: 0x8000b988 (0x663f2e23) sw      gp, 1660(t5)
core   0: 3 0x8000b988 (0x663f2e23) mem 0x8000d000 0x00000001
core   0: 0x8000b98c (0x0000bfe5) c.j     pc - 8
core   0: 3 0x8000b98c (0xbfe5)
core   0: 0x8000b984 (0x00001f17) auipc   t5, 0x1
core   0: 3 0x8000b984 (0x00001f17) x30 0x8000c984
core   0: 0x8000b988 (0x663f2e23) sw      gp, 1660(t5)
core   0: 3 0x8000b988 (0x663f2e23) mem 0x8000d000 0x00000001
core   0: 0x8000b98c (0x0000bfe5) c.j     pc - 8
core   0: 3 0x8000b98c (0xbfe5)
core   0: 0x8000b984 (0x00001f17) auipc   t5, 0x1
core   0: 3 0x8000b984 (0x00001f17) x30 0x8000c984
core   0: 0x8000b988 (0x663f2e23) sw      gp, 1660(t5)
core   0: 3 0x8000b988 (0x663f2e23) mem 0x8000d000 0x00000001
core   0: 0x8000b98c (0x0000bfe5) c.j     pc - 8
core   0: 3 0x8000b98c (0xbfe5)
core   0: 0x8000b984 (0x00001f17) auipc   t5, 0x1
core   0: 3 0x8000b984 (0x00001f17) x30 0x8000c984
core   0: 0x8000b988 (0x663f2e23) sw      gp, 1660(t5)
core   0: 3 0x8000b988 (0x663f2e23) mem 0x8000d000 0x00000001
core   0: 0x8000b98c (0x0000bfe5) c.j     pc - 8
core   0: 3 0x8000b98c (0xbfe5)
core   0: 0x8000b984 (0x00001f17) auipc   t5, 0x1
core   0: 3 0x8000b984 (0x00001f17) x30 0x8000c984
core   0: 0x8000b988 (0x663f2e23) sw      gp, 1660(t5)
core   0: 3 0x8000b988 (0x663f2e23) mem 0x8000d000 0x00000001
core   0: 0x8000b98c (0x0000bfe5) c.j     pc - 8
core   0: 3 0x8000b98c (0xbfe5)
core   0: 0x8000b984 (0x00001f17) auipc   t5, 0x1
core   0: 3 0x8000b984 (0x00001f17) x30 0x8000c984
core   0: 0x8000b988 (0x663f2e23) sw      gp, 1660(t5)
core   0: 3 0x8000b988 (0x663f2e23) mem 0x8000d000 0x00000001
core   0: 0x8000b98c (0x0000bfe5) c.j     pc - 8
core   0: 3 0x8000b98c (0xbfe5)
core   0: 0x8000b984 (0x00001f17) auipc   t5, 0x1
core   0: 3 0x8000b984 (0x00001f17) x30 0x8000c984
core   0: 0x8000b988 (0x663f2e23) sw      gp, 1660(t5)
core   0: 3 0x8000b988 (0x663f2e23) mem 0x8000d000 0x00000001
core   0: 0x8000b98c (0x0000bfe5) c.j     pc - 8
core   0: 3 0x8000b98c (0xbfe5)
core   0: 0x8000b984 (0x00001f17) auipc   t5, 0x1
core   0: 3 0x8000b984 (0x00001f17) x30 0x8000c984
core   0: 0x8000b988 (0x663f2e23) sw      gp, 1660(t5)
core   0: 3 0x8000b988 (0x663f2e23) mem 0x8000d000 0x00000001
core   0: 0x8000b98c (0x0000bfe5) c.j     pc - 8
core   0: 3 0x8000b98c (0xbfe5)
core   0: 0x8000b984 (0x00001f17) auipc   t5, 0x1
core   0: 3 0x8000b984 (0x00001f17) x30 0x8000c984
core   0: 0x8000b988 (0x663f2e23) sw      gp, 1660(t5)
core   0: 3 0x8000b988 (0x663f2e23) mem 0x8000d000 0x00000001
core   0: 0x8000b98c (0x0000bfe5) c.j     pc - 8
core   0: 3 0x8000b98c (0xbfe5)
core   0: 0x8000b984 (0x00001f17) auipc   t5, 0x1
core   0: 3 0x8000b984 (0x00001f17) x30 0x8000c984
core   0: 0x8000b988 (0x663f2e23) sw      gp, 1660(t5)
core   0: 3 0x8000b988 (0x663f2e23) mem 0x8000d000 0x00000001
core   0: 0x8000b98c (0x0000bfe5) c.j     pc - 8
core   0: 3 0x8000b98c (0xbfe5)
core   0: 0x8000b984 (0x00001f17) auipc   t5, 0x1
core   0: 3 0x8000b984 (0x00001f17) x30 0x8000c984
core   0: 0x8000b988 (0x663f2e23) sw      gp, 1660(t5)
core   0: 3 0x8000b988 (0x663f2e23) mem 0x8000d000 0x00000001
core   0: 0x8000b98c (0x0000bfe5) c.j     pc - 8
core   0: 3 0x8000b98c (0xbfe5)
core   0: 0x8000b984 (0x00001f17) auipc   t5, 0x1
core   0: 3 0x8000b984 (0x00001f17) x30 0x8000c984
core   0: 0x8000b988 (0x663f2e23) sw      gp, 1660(t5)
core   0: 3 0x8000b988 (0x663f2e23) mem 0x8000d000 0x00000001
core   0: 0x8000b98c (0x0000bfe5) c.j     pc - 8
core   0: 3 0x8000b98c (0xbfe5)
core   0: 0x8000b984 (0x00001f17) auipc   t5, 0x1
core   0: 3 0x8000b984 (0x00001f17) x30 0x8000c984
core   0: 0x8000b988 (0x663f2e23) sw      gp, 1660(t5)
core   0: 3 0x8000b988 (0x663f2e23) mem 0x8000d000 0x00000001
core   0: 0x8000b98c (0x0000bfe5) c.j     pc - 8
core   0: 3 0x8000b98c (0xbfe5)
core   0: 0x8000b984 (0x00001f17) auipc   t5, 0x1
core   0: 3 0x8000b984 (0x00001f17) x30 0x8000c984
core   0: 0x8000b988 (0x663f2e23) sw      gp, 1660(t5)
core   0: 3 0x8000b988 (0x663f2e23) mem 0x8000d000 0x00000001
core   0: 0x8000b98c (0x0000bfe5) c.j     pc - 8
core   0: 3 0x8000b98c (0xbfe5)
core   0: 0x8000b984 (0x00001f17) auipc   t5, 0x1
core   0: 3 0x8000b984 (0x00001f17) x30 0x8000c984
core   0: 0x8000b988 (0x663f2e23) sw      gp, 1660(t5)
core   0: 3 0x8000b988 (0x663f2e23) mem 0x8000d000 0x00000001
core   0: 0x8000b98c (0x0000bfe5) c.j     pc - 8
core   0: 3 0x8000b98c (0xbfe5)
core   0: 0x8000b984 (0x00001f17) auipc   t5, 0x1
core   0: 3 0x8000b984 (0x00001f17) x30 0x8000c984
core   0: 0x8000b988 (0x663f2e23) sw      gp, 1660(t5)
core   0: 3 0x8000b988 (0x663f2e23) mem 0x8000d000 0x00000001
core   0: 0x8000b98c (0x0000bfe5) c.j     pc - 8
core   0: 3 0x8000b98c (0xbfe5)
core   0: 0x8000b984 (0x00001f17) auipc   t5, 0x1
core   0: 3 0x8000b984 (0x00001f17) x30 0x8000c984
core   0: 0x8000b988 (0x663f2e23) sw      gp, 1660(t5)
core   0: 3 0x8000b988 (0x663f2e23) mem 0x8000d000 0x00000001
core   0: 0x8000b98c (0x0000bfe5) c.j     pc - 8
core   0: 3 0x8000b98c (0xbfe5)
core   0: 0x8000b984 (0x00001f17) auipc   t5, 0x1
core   0: 3 0x8000b984 (0x00001f17) x30 0x8000c984
core   0: 0x8000b988 (0x663f2e23) sw      gp, 1660(t5)
core   0: 3 0x8000b988 (0x663f2e23) mem 0x8000d000 0x00000001
core   0: 0x8000b98c (0x0000bfe5) c.j     pc - 8
core   0: 3 0x8000b98c (0xbfe5)
core   0: 0x8000b984 (0x00001f17) auipc   t5, 0x1
core   0: 3 0x8000b984 (0x00001f17) x30 0x8000c984
core   0: 0x8000b988 (0x663f2e23) sw      gp, 1660(t5)
core   0: 3 0x8000b988 (0x663f2e23) mem 0x8000d000 0x00000001
core   0: 0x8000b98c (0x0000bfe5) c.j     pc - 8
core   0: 3 0x8000b98c (0xbfe5)
core   0: 0x8000b984 (0x00001f17) auipc   t5, 0x1
core   0: 3 0x8000b984 (0x00001f17) x30 0x8000c984
core   0: 0x8000b988 (0x663f2e23) sw      gp, 1660(t5)
core   0: 3 0x8000b988 (0x663f2e23) mem 0x8000d000 0x00000001
core   0: 0x8000b98c (0x0000bfe5) c.j     pc - 8
core   0: 3 0x8000b98c (0xbfe5)
core   0: 0x8000b984 (0x00001f17) auipc   t5, 0x1
core   0: 3 0x8000b984 (0x00001f17) x30 0x8000c984
core   0: 0x8000b988 (0x663f2e23) sw      gp, 1660(t5)
core   0: 3 0x8000b988 (0x663f2e23) mem 0x8000d000 0x00000001
core   0: 0x8000b98c (0x0000bfe5) c.j     pc - 8
core   0: 3 0x8000b98c (0xbfe5)
core   0: 0x8000b984 (0x00001f17) auipc   t5, 0x1
core   0: 3 0x8000b984 (0x00001f17) x30 0x8000c984
core   0: 0x8000b988 (0x663f2e23) sw      gp, 1660(t5)
core   0: 3 0x8000b988 (0x663f2e23) mem 0x8000d000 0x00000001
core   0: 0x8000b98c (0x0000bfe5) c.j     pc - 8
core   0: 3 0x8000b98c (0xbfe5)
core   0: 0x8000b984 (0x00001f17) auipc   t5, 0x1
core   0: 3 0x8000b984 (0x00001f17) x30 0x8000c984
core   0: 0x8000b988 (0x663f2e23) sw      gp, 1660(t5)
core   0: 3 0x8000b988 (0x663f2e23) mem 0x8000d000 0x00000001
core   0: 0x8000b98c (0x0000bfe5) c.j     pc - 8
core   0: 3 0x8000b98c (0xbfe5)
core   0: 0x8000b984 (0x00001f17) auipc   t5, 0x1
core   0: 3 0x8000b984 (0x00001f17) x30 0x8000c984
core   0: 0x8000b988 (0x663f2e23) sw      gp, 1660(t5)
core   0: 3 0x8000b988 (0x663f2e23) mem 0x8000d000 0x00000001
core   0: 0x8000b98c (0x0000bfe5) c.j     pc - 8
core   0: 3 0x8000b98c (0xbfe5)
core   0: 0x8000b984 (0x00001f17) auipc   t5, 0x1
core   0: 3 0x8000b984 (0x00001f17) x30 0x8000c984
core   0: 0x8000b988 (0x663f2e23) sw      gp, 1660(t5)
core   0: 3 0x8000b988 (0x663f2e23) mem 0x8000d000 0x00000001
core   0: 0x8000b98c (0x0000bfe5) c.j     pc - 8
core   0: 3 0x8000b98c (0xbfe5)
core   0: 0x8000b984 (0x00001f17) auipc   t5, 0x1
core   0: 3 0x8000b984 (0x00001f17) x30 0x8000c984
core   0: 0x8000b988 (0x663f2e23) sw      gp, 1660(t5)
core   0: 3 0x8000b988 (0x663f2e23) mem 0x8000d000 0x00000001
core   0: 0x8000b98c (0x0000bfe5) c.j     pc - 8
core   0: 3 0x8000b98c (0xbfe5)
core   0: 0x8000b984 (0x00001f17) auipc   t5, 0x1
core   0: 3 0x8000b984 (0x00001f17) x30 0x8000c984
core   0: 0x8000b988 (0x663f2e23) sw      gp, 1660(t5)
core   0: 3 0x8000b988 (0x663f2e23) mem 0x8000d000 0x00000001
core   0: 0x8000b98c (0x0000bfe5) c.j     pc - 8
core   0: 3 0x8000b98c (0xbfe5)
core   0: 0x8000b984 (0x00001f17) auipc   t5, 0x1
core   0: 3 0x8000b984 (0x00001f17) x30 0x8000c984
core   0: 0x8000b988 (0x663f2e23) sw      gp, 1660(t5)
core   0: 3 0x8000b988 (0x663f2e23) mem 0x8000d000 0x00000001
core   0: 0x8000b98c (0x0000bfe5) c.j     pc - 8
core   0: 3 0x8000b98c (0xbfe5)
core   0: 0x8000b984 (0x00001f17) auipc   t5, 0x1
core   0: 3 0x8000b984 (0x00001f17) x30 0x8000c984
core   0: 0x8000b988 (0x663f2e23) sw      gp, 1660(t5)
core   0: 3 0x8000b988 (0x663f2e23) mem 0x8000d000 0x00000001
core   0: 0x8000b98c (0x0000bfe5) c.j     pc - 8
core   0: 3 0x8000b98c (0xbfe5)
core   0: 0x8000b984 (0x00001f17) auipc   t5, 0x1
core   0: 3 0x8000b984 (0x00001f17) x30 0x8000c984
core   0: 0x8000b988 (0x663f2e23) sw      gp, 1660(t5)
core   0: 3 0x8000b988 (0x663f2e23) mem 0x8000d000 0x00000001
core   0: 0x8000b98c (0x0000bfe5) c.j     pc - 8
core   0: 3 0x8000b98c (0xbfe5)
core   0: 0x8000b984 (0x00001f17) auipc   t5, 0x1
core   0: 3 0x8000b984 (0x00001f17) x30 0x8000c984
core   0: 0x8000b988 (0x663f2e23) sw      gp, 1660(t5)
core   0: 3 0x8000b988 (0x663f2e23) mem 0x8000d000 0x00000001
core   0: 0x8000b98c (0x0000bfe5) c.j     pc - 8
core   0: 3 0x8000b98c (0xbfe5)
core   0: 0x8000b984 (0x00001f17) auipc   t5, 0x1
core   0: 3 0x8000b984 (0x00001f17) x30 0x8000c984
core   0: 0x8000b988 (0x663f2e23) sw      gp, 1660(t5)
core   0: 3 0x8000b988 (0x663f2e23) mem 0x8000d000 0x00000001
core   0: 0x8000b98c (0x0000bfe5) c.j     pc - 8
core   0: 3 0x8000b98c (0xbfe5)
core   0: 0x8000b984 (0x00001f17) auipc   t5, 0x1
core   0: 3 0x8000b984 (0x00001f17) x30 0x8000c984
core   0: 0x8000b988 (0x663f2e23) sw      gp, 1660(t5)
core   0: 3 0x8000b988 (0x663f2e23) mem 0x8000d000 0x00000001
core   0: 0x8000b98c (0x0000bfe5) c.j     pc - 8
core   0: 3 0x8000b98c (0xbfe5)
core   0: 0x8000b984 (0x00001f17) auipc   t5, 0x1
core   0: 3 0x8000b984 (0x00001f17) x30 0x8000c984
core   0: 0x8000b988 (0x663f2e23) sw      gp, 1660(t5)
core   0: 3 0x8000b988 (0x663f2e23) mem 0x8000d000 0x00000001
core   0: 0x8000b98c (0x0000bfe5) c.j     pc - 8
core   0: 3 0x8000b98c (0xbfe5)
core   0: 0x8000b984 (0x00001f17) auipc   t5, 0x1
core   0: 3 0x8000b984 (0x00001f17) x30 0x8000c984
core   0: 0x8000b988 (0x663f2e23) sw      gp, 1660(t5)
core   0: 3 0x8000b988 (0x663f2e23) mem 0x8000d000 0x00000001
core   0: 0x8000b98c (0x0000bfe5) c.j     pc - 8
core   0: 3 0x8000b98c (0xbfe5)
core   0: 0x8000b984 (0x00001f17) auipc   t5, 0x1
core   0: 3 0x8000b984 (0x00001f17) x30 0x8000c984
core   0: 0x8000b988 (0x663f2e23) sw      gp, 1660(t5)
core   0: 3 0x8000b988 (0x663f2e23) mem 0x8000d000 0x00000001
core   0: 0x8000b98c (0x0000bfe5) c.j     pc - 8
core   0: 3 0x8000b98c (0xbfe5)
core   0: 0x8000b984 (0x00001f17) auipc   t5, 0x1
core   0: 3 0x8000b984 (0x00001f17) x30 0x8000c984
core   0: 0x8000b988 (0x663f2e23) sw      gp, 1660(t5)
core   0: 3 0x8000b988 (0x663f2e23) mem 0x8000d000 0x00000001
core   0: 0x8000b98c (0x0000bfe5) c.j     pc - 8
core   0: 3 0x8000b98c (0xbfe5)
core   0: 0x8000b984 (0x00001f17) auipc   t5, 0x1
core   0: 3 0x8000b984 (0x00001f17) x30 0x8000c984
core   0: 0x8000b988 (0x663f2e23) sw      gp, 1660(t5)
core   0: 3 0x8000b988 (0x663f2e23) mem 0x8000d000 0x00000001
core   0: 0x8000b98c (0x0000bfe5) c.j     pc - 8
core   0: 3 0x8000b98c (0xbfe5)
core   0: 0x8000b984 (0x00001f17) auipc   t5, 0x1
core   0: 3 0x8000b984 (0x00001f17) x30 0x8000c984
core   0: 0x8000b988 (0x663f2e23) sw      gp, 1660(t5)
core   0: 3 0x8000b988 (0x663f2e23) mem 0x8000d000 0x00000001
core   0: 0x8000b98c (0x0000bfe5) c.j     pc - 8
core   0: 3 0x8000b98c (0xbfe5)
core   0: 0x8000b984 (0x00001f17) auipc   t5, 0x1
core   0: 3 0x8000b984 (0x00001f17) x30 0x8000c984
core   0: 0x8000b988 (0x663f2e23) sw      gp, 1660(t5)
core   0: 3 0x8000b988 (0x663f2e23) mem 0x8000d000 0x00000001
core   0: 0x8000b98c (0x0000bfe5) c.j     pc - 8
core   0: 3 0x8000b98c (0xbfe5)
core   0: 0x8000b984 (0x00001f17) auipc   t5, 0x1
core   0: 3 0x8000b984 (0x00001f17) x30 0x8000c984
core   0: 0x8000b988 (0x663f2e23) sw      gp, 1660(t5)
core   0: 3 0x8000b988 (0x663f2e23) mem 0x8000d000 0x00000001
core   0: 0x8000b98c (0x0000bfe5) c.j     pc - 8
core   0: 3 0x8000b98c (0xbfe5)
core   0: 0x8000b984 (0x00001f17) auipc   t5, 0x1
core   0: 3 0x8000b984 (0x00001f17) x30 0x8000c984
core   0: 0x8000b988 (0x663f2e23) sw      gp, 1660(t5)
core   0: 3 0x8000b988 (0x663f2e23) mem 0x8000d000 0x00000001
core   0: 0x8000b98c (0x0000bfe5) c.j     pc - 8
core   0: 3 0x8000b98c (0xbfe5)
core   0: 0x8000b984 (0x00001f17) auipc   t5, 0x1
core   0: 3 0x8000b984 (0x00001f17) x30 0x8000c984
core   0: 0x8000b988 (0x663f2e23) sw      gp, 1660(t5)
core   0: 3 0x8000b988 (0x663f2e23) mem 0x8000d000 0x00000001
core   0: 0x8000b98c (0x0000bfe5) c.j     pc - 8
core   0: 3 0x8000b98c (0xbfe5)
core   0: 0x8000b984 (0x00001f17) auipc   t5, 0x1
core   0: 3 0x8000b984 (0x00001f17) x30 0x8000c984
core   0: 0x8000b988 (0x663f2e23) sw      gp, 1660(t5)
core   0: 3 0x8000b988 (0x663f2e23) mem 0x8000d000 0x00000001
core   0: 0x8000b98c (0x0000bfe5) c.j     pc - 8
core   0: 3 0x8000b98c (0xbfe5)
core   0: 0x8000b984 (0x00001f17) auipc   t5, 0x1
core   0: 3 0x8000b984 (0x00001f17) x30 0x8000c984
core   0: 0x8000b988 (0x663f2e23) sw      gp, 1660(t5)
core   0: 3 0x8000b988 (0x663f2e23) mem 0x8000d000 0x00000001
core   0: 0x8000b98c (0x0000bfe5) c.j     pc - 8
core   0: 3 0x8000b98c (0xbfe5)
core   0: 0x8000b984 (0x00001f17) auipc   t5, 0x1
core   0: 3 0x8000b984 (0x00001f17) x30 0x8000c984
core   0: 0x8000b988 (0x663f2e23) sw      gp, 1660(t5)
core   0: 3 0x8000b988 (0x663f2e23) mem 0x8000d000 0x00000001
core   0: 0x8000b98c (0x0000bfe5) c.j     pc - 8
core   0: 3 0x8000b98c (0xbfe5)
core   0: 0x8000b984 (0x00001f17) auipc   t5, 0x1
core   0: 3 0x8000b984 (0x00001f17) x30 0x8000c984
core   0: 0x8000b988 (0x663f2e23) sw      gp, 1660(t5)
core   0: 3 0x8000b988 (0x663f2e23) mem 0x8000d000 0x00000001
core   0: 0x8000b98c (0x0000bfe5) c.j     pc - 8
core   0: 3 0x8000b98c (0xbfe5)
core   0: 0x8000b984 (0x00001f17) auipc   t5, 0x1
core   0: 3 0x8000b984 (0x00001f17) x30 0x8000c984
core   0: 0x8000b988 (0x663f2e23) sw      gp, 1660(t5)
core   0: 3 0x8000b988 (0x663f2e23) mem 0x8000d000 0x00000001
core   0: 0x8000b98c (0x0000bfe5) c.j     pc - 8
core   0: 3 0x8000b98c (0xbfe5)
core   0: 0x8000b984 (0x00001f17) auipc   t5, 0x1
core   0: 3 0x8000b984 (0x00001f17) x30 0x8000c984
core   0: 0x8000b988 (0x663f2e23) sw      gp, 1660(t5)
core   0: 3 0x8000b988 (0x663f2e23) mem 0x8000d000 0x00000001
core   0: 0x8000b98c (0x0000bfe5) c.j     pc - 8
core   0: 3 0x8000b98c (0xbfe5)
core   0: 0x8000b984 (0x00001f17) auipc   t5, 0x1
core   0: 3 0x8000b984 (0x00001f17) x30 0x8000c984
core   0: 0x8000b988 (0x663f2e23) sw      gp, 1660(t5)
core   0: 3 0x8000b988 (0x663f2e23) mem 0x8000d000 0x00000001
core   0: 0x8000b98c (0x0000bfe5) c.j     pc - 8
core   0: 3 0x8000b98c (0xbfe5)
core   0: 0x8000b984 (0x00001f17) auipc   t5, 0x1
core   0: 3 0x8000b984 (0x00001f17) x30 0x8000c984
core   0: 0x8000b988 (0x663f2e23) sw      gp, 1660(t5)
core   0: 3 0x8000b988 (0x663f2e23) mem 0x8000d000 0x00000001
core   0: 0x8000b98c (0x0000bfe5) c.j     pc - 8
core   0: 3 0x8000b98c (0xbfe5)
core   0: 0x8000b984 (0x00001f17) auipc   t5, 0x1
core   0: 3 0x8000b984 (0x00001f17) x30 0x8000c984
core   0: 0x8000b988 (0x663f2e23) sw      gp, 1660(t5)
core   0: 3 0x8000b988 (0x663f2e23) mem 0x8000d000 0x00000001
core   0: 0x8000b98c (0x0000bfe5) c.j     pc - 8
core   0: 3 0x8000b98c (0xbfe5)
core   0: 0x8000b984 (0x00001f17) auipc   t5, 0x1
core   0: 3 0x8000b984 (0x00001f17) x30 0x8000c984
core   0: 0x8000b988 (0x663f2e23) sw      gp, 1660(t5)
core   0: 3 0x8000b988 (0x663f2e23) mem 0x8000d000 0x00000001
core   0: 0x8000b98c (0x0000bfe5) c.j     pc - 8
core   0: 3 0x8000b98c (0xbfe5)
core   0: 0x8000b984 (0x00001f17) auipc   t5, 0x1
core   0: 3 0x8000b984 (0x00001f17) x30 0x8000c984
core   0: 0x8000b988 (0x663f2e23) sw      gp, 1660(t5)
core   0: 3 0x8000b988 (0x663f2e23) mem 0x8000d000 0x00000001
core   0: 0x8000b98c (0x0000bfe5) c.j     pc - 8
core   0: 3 0x8000b98c (0xbfe5)
core   0: 0x8000b984 (0x00001f17) auipc   t5, 0x1
core   0: 3 0x8000b984 (0x00001f17) x30 0x8000c984
core   0: 0x8000b988 (0x663f2e23) sw      gp, 1660(t5)
core   0: 3 0x8000b988 (0x663f2e23) mem 0x8000d000 0x00000001
core   0: 0x8000b98c (0x0000bfe5) c.j     pc - 8
core   0: 3 0x8000b98c (0xbfe5)
core   0: 0x8000b984 (0x00001f17) auipc   t5, 0x1
core   0: 3 0x8000b984 (0x00001f17) x30 0x8000c984
core   0: 0x8000b988 (0x663f2e23) sw      gp, 1660(t5)
core   0: 3 0x8000b988 (0x663f2e23) mem 0x8000d000 0x00000001
core   0: 0x8000b98c (0x0000bfe5) c.j     pc - 8
core   0: 3 0x8000b98c (0xbfe5)
core   0: 0x8000b984 (0x00001f17) auipc   t5, 0x1
core   0: 3 0x8000b984 (0x00001f17) x30 0x8000c984
core   0: 0x8000b988 (0x663f2e23) sw      gp, 1660(t5)
core   0: 3 0x8000b988 (0x663f2e23) mem 0x8000d000 0x00000001
core   0: 0x8000b98c (0x0000bfe5) c.j     pc - 8
core   0: 3 0x8000b98c (0xbfe5)
core   0: 0x8000b984 (0x00001f17) auipc   t5, 0x1
core   0: 3 0x8000b984 (0x00001f17) x30 0x8000c984
core   0: 0x8000b988 (0x663f2e23) sw      gp, 1660(t5)
core   0: 3 0x8000b988 (0x663f2e23) mem 0x8000d000 0x00000001
core   0: 0x8000b98c (0x0000bfe5) c.j     pc - 8
core   0: 3 0x8000b98c (0xbfe5)
core   0: 0x8000b984 (0x00001f17) auipc   t5, 0x1
core   0: 3 0x8000b984 (0x00001f17) x30 0x8000c984
core   0: 0x8000b988 (0x663f2e23) sw      gp, 1660(t5)
core   0: 3 0x8000b988 (0x663f2e23) mem 0x8000d000 0x00000001
core   0: 0x8000b98c (0x0000bfe5) c.j     pc - 8
core   0: 3 0x8000b98c (0xbfe5)
core   0: 0x8000b984 (0x00001f17) auipc   t5, 0x1
core   0: 3 0x8000b984 (0x00001f17) x30 0x8000c984
core   0: 0x8000b988 (0x663f2e23) sw      gp, 1660(t5)
core   0: 3 0x8000b988 (0x663f2e23) mem 0x8000d000 0x00000001
core   0: 0x8000b98c (0x0000bfe5) c.j     pc - 8
core   0: 3 0x8000b98c (0xbfe5)
core   0: 0x8000b984 (0x00001f17) auipc   t5, 0x1
core   0: 3 0x8000b984 (0x00001f17) x30 0x8000c984
core   0: 0x8000b988 (0x663f2e23) sw      gp, 1660(t5)
core   0: 3 0x8000b988 (0x663f2e23) mem 0x8000d000 0x00000001
core   0: 0x8000b98c (0x0000bfe5) c.j     pc - 8
core   0: 3 0x8000b98c (0xbfe5)
core   0: 0x8000b984 (0x00001f17) auipc   t5, 0x1
core   0: 3 0x8000b984 (0x00001f17) x30 0x8000c984
core   0: 0x8000b988 (0x663f2e23) sw      gp, 1660(t5)
core   0: 3 0x8000b988 (0x663f2e23) mem 0x8000d000 0x00000001
core   0: 0x8000b98c (0x0000bfe5) c.j     pc - 8
core   0: 3 0x8000b98c (0xbfe5)
core   0: 0x8000b984 (0x00001f17) auipc   t5, 0x1
core   0: 3 0x8000b984 (0x00001f17) x30 0x8000c984
core   0: 0x8000b988 (0x663f2e23) sw      gp, 1660(t5)
core   0: 3 0x8000b988 (0x663f2e23) mem 0x8000d000 0x00000001
core   0: 0x8000b98c (0x0000bfe5) c.j     pc - 8
core   0: 3 0x8000b98c (0xbfe5)
core   0: 0x8000b984 (0x00001f17) auipc   t5, 0x1
core   0: 3 0x8000b984 (0x00001f17) x30 0x8000c984
core   0: 0x8000b988 (0x663f2e23) sw      gp, 1660(t5)
core   0: 3 0x8000b988 (0x663f2e23) mem 0x8000d000 0x00000001
core   0: 0x8000b98c (0x0000bfe5) c.j     pc - 8
core   0: 3 0x8000b98c (0xbfe5)
core   0: 0x8000b984 (0x00001f17) auipc   t5, 0x1
core   0: 3 0x8000b984 (0x00001f17) x30 0x8000c984
core   0: 0x8000b988 (0x663f2e23) sw      gp, 1660(t5)
core   0: 3 0x8000b988 (0x663f2e23) mem 0x8000d000 0x00000001
core   0: 0x8000b98c (0x0000bfe5) c.j     pc - 8
core   0: 3 0x8000b98c (0xbfe5)
core   0: 0x8000b984 (0x00001f17) auipc   t5, 0x1
core   0: 3 0x8000b984 (0x00001f17) x30 0x8000c984
core   0: 0x8000b988 (0x663f2e23) sw      gp, 1660(t5)
core   0: 3 0x8000b988 (0x663f2e23) mem 0x8000d000 0x00000001
core   0: 0x8000b98c (0x0000bfe5) c.j     pc - 8
core   0: 3 0x8000b98c (0xbfe5)
core   0: 0x8000b984 (0x00001f17) auipc   t5, 0x1
core   0: 3 0x8000b984 (0x00001f17) x30 0x8000c984
core   0: 0x8000b988 (0x663f2e23) sw      gp, 1660(t5)
core   0: 3 0x8000b988 (0x663f2e23) mem 0x8000d000 0x00000001
core   0: 0x8000b98c (0x0000bfe5) c.j     pc - 8
core   0: 3 0x8000b98c (0xbfe5)
core   0: 0x8000b984 (0x00001f17) auipc   t5, 0x1
core   0: 3 0x8000b984 (0x00001f17) x30 0x8000c984
core   0: 0x8000b988 (0x663f2e23) sw      gp, 1660(t5)
core   0: 3 0x8000b988 (0x663f2e23) mem 0x8000d000 0x00000001
core   0: 0x8000b98c (0x0000bfe5) c.j     pc - 8
core   0: 3 0x8000b98c (0xbfe5)
core   0: 0x8000b984 (0x00001f17) auipc   t5, 0x1
core   0: 3 0x8000b984 (0x00001f17) x30 0x8000c984
core   0: 0x8000b988 (0x663f2e23) sw      gp, 1660(t5)
core   0: 3 0x8000b988 (0x663f2e23) mem 0x8000d000 0x00000001
core   0: 0x8000b98c (0x0000bfe5) c.j     pc - 8
core   0: 3 0x8000b98c (0xbfe5)
core   0: 0x8000b984 (0x00001f17) auipc   t5, 0x1
core   0: 3 0x8000b984 (0x00001f17) x30 0x8000c984
core   0: 0x8000b988 (0x663f2e23) sw      gp, 1660(t5)
core   0: 3 0x8000b988 (0x663f2e23) mem 0x8000d000 0x00000001
core   0: 0x8000b98c (0x0000bfe5) c.j     pc - 8
core   0: 3 0x8000b98c (0xbfe5)
core   0: 0x8000b984 (0x00001f17) auipc   t5, 0x1
core   0: 3 0x8000b984 (0x00001f17) x30 0x8000c984
core   0: 0x8000b988 (0x663f2e23) sw      gp, 1660(t5)
core   0: 3 0x8000b988 (0x663f2e23) mem 0x8000d000 0x00000001
core   0: 0x8000b98c (0x0000bfe5) c.j     pc - 8
core   0: 3 0x8000b98c (0xbfe5)
core   0: 0x8000b984 (0x00001f17) auipc   t5, 0x1
core   0: 3 0x8000b984 (0x00001f17) x30 0x8000c984
core   0: 0x8000b988 (0x663f2e23) sw      gp, 1660(t5)
core   0: 3 0x8000b988 (0x663f2e23) mem 0x8000d000 0x00000001
core   0: 0x8000b98c (0x0000bfe5) c.j     pc - 8
core   0: 3 0x8000b98c (0xbfe5)
core   0: 0x8000b984 (0x00001f17) auipc   t5, 0x1
core   0: 3 0x8000b984 (0x00001f17) x30 0x8000c984
core   0: 0x8000b988 (0x663f2e23) sw      gp, 1660(t5)
core   0: 3 0x8000b988 (0x663f2e23) mem 0x8000d000 0x00000001
core   0: 0x8000b98c (0x0000bfe5) c.j     pc - 8
core   0: 3 0x8000b98c (0xbfe5)
core   0: 0x8000b984 (0x00001f17) auipc   t5, 0x1
core   0: 3 0x8000b984 (0x00001f17) x30 0x8000c984
core   0: 0x8000b988 (0x663f2e23) sw      gp, 1660(t5)
core   0: 3 0x8000b988 (0x663f2e23) mem 0x8000d000 0x00000001
core   0: 0x8000b98c (0x0000bfe5) c.j     pc - 8
core   0: 3 0x8000b98c (0xbfe5)
core   0: 0x8000b984 (0x00001f17) auipc   t5, 0x1
core   0: 3 0x8000b984 (0x00001f17) x30 0x8000c984
core   0: 0x8000b988 (0x663f2e23) sw      gp, 1660(t5)
core   0: 3 0x8000b988 (0x663f2e23) mem 0x8000d000 0x00000001
core   0: 0x8000b98c (0x0000bfe5) c.j     pc - 8
core   0: 3 0x8000b98c (0xbfe5)
core   0: 0x8000b984 (0x00001f17) auipc   t5, 0x1
core   0: 3 0x8000b984 (0x00001f17) x30 0x8000c984
core   0: 0x8000b988 (0x663f2e23) sw      gp, 1660(t5)
core   0: 3 0x8000b988 (0x663f2e23) mem 0x8000d000 0x00000001
core   0: 0x8000b98c (0x0000bfe5) c.j     pc - 8
core   0: 3 0x8000b98c (0xbfe5)
core   0: 0x8000b984 (0x00001f17) auipc   t5, 0x1
core   0: 3 0x8000b984 (0x00001f17) x30 0x8000c984
core   0: 0x8000b988 (0x663f2e23) sw      gp, 1660(t5)
core   0: 3 0x8000b988 (0x663f2e23) mem 0x8000d000 0x00000001
core   0: 0x8000b98c (0x0000bfe5) c.j     pc - 8
core   0: 3 0x8000b98c (0xbfe5)
core   0: 0x8000b984 (0x00001f17) auipc   t5, 0x1
core   0: 3 0x8000b984 (0x00001f17) x30 0x8000c984
core   0: 0x8000b988 (0x663f2e23) sw      gp, 1660(t5)
core   0: 3 0x8000b988 (0x663f2e23) mem 0x8000d000 0x00000001
core   0: 0x8000b98c (0x0000bfe5) c.j     pc - 8
core   0: 3 0x8000b98c (0xbfe5)
core   0: 0x8000b984 (0x00001f17) auipc   t5, 0x1
core   0: 3 0x8000b984 (0x00001f17) x30 0x8000c984
core   0: 0x8000b988 (0x663f2e23) sw      gp, 1660(t5)
core   0: 3 0x8000b988 (0x663f2e23) mem 0x8000d000 0x00000001
core   0: 0x8000b98c (0x0000bfe5) c.j     pc - 8
core   0: 3 0x8000b98c (0xbfe5)
core   0: 0x8000b984 (0x00001f17) auipc   t5, 0x1
core   0: 3 0x8000b984 (0x00001f17) x30 0x8000c984
core   0: 0x8000b988 (0x663f2e23) sw      gp, 1660(t5)
core   0: 3 0x8000b988 (0x663f2e23) mem 0x8000d000 0x00000001
core   0: 0x8000b98c (0x0000bfe5) c.j     pc - 8
core   0: 3 0x8000b98c (0xbfe5)
core   0: 0x8000b984 (0x00001f17) auipc   t5, 0x1
core   0: 3 0x8000b984 (0x00001f17) x30 0x8000c984
core   0: 0x8000b988 (0x663f2e23) sw      gp, 1660(t5)
core   0: 3 0x8000b988 (0x663f2e23) mem 0x8000d000 0x00000001
core   0: 0x8000b98c (0x0000bfe5) c.j     pc - 8
core   0: 3 0x8000b98c (0xbfe5)
core   0: 0x8000b984 (0x00001f17) auipc   t5, 0x1
core   0: 3 0x8000b984 (0x00001f17) x30 0x8000c984
core   0: 0x8000b988 (0x663f2e23) sw      gp, 1660(t5)
core   0: 3 0x8000b988 (0x663f2e23) mem 0x8000d000 0x00000001
core   0: 0x8000b98c (0x0000bfe5) c.j     pc - 8
core   0: 3 0x8000b98c (0xbfe5)
core   0: 0x8000b984 (0x00001f17) auipc   t5, 0x1
core   0: 3 0x8000b984 (0x00001f17) x30 0x8000c984
core   0: 0x8000b988 (0x663f2e23) sw      gp, 1660(t5)
core   0: 3 0x8000b988 (0x663f2e23) mem 0x8000d000 0x00000001
core   0: 0x8000b98c (0x0000bfe5) c.j     pc - 8
core   0: 3 0x8000b98c (0xbfe5)
core   0: 0x8000b984 (0x00001f17) auipc   t5, 0x1
core   0: 3 0x8000b984 (0x00001f17) x30 0x8000c984
core   0: 0x8000b988 (0x663f2e23) sw      gp, 1660(t5)
core   0: 3 0x8000b988 (0x663f2e23) mem 0x8000d000 0x00000001
core   0: 0x8000b98c (0x0000bfe5) c.j     pc - 8
core   0: 3 0x8000b98c (0xbfe5)
core   0: 0x8000b984 (0x00001f17) auipc   t5, 0x1
core   0: 3 0x8000b984 (0x00001f17) x30 0x8000c984
core   0: 0x8000b988 (0x663f2e23) sw      gp, 1660(t5)
core   0: 3 0x8000b988 (0x663f2e23) mem 0x8000d000 0x00000001
core   0: 0x8000b98c (0x0000bfe5) c.j     pc - 8
core   0: 3 0x8000b98c (0xbfe5)
core   0: 0x8000b984 (0x00001f17) auipc   t5, 0x1
core   0: 3 0x8000b984 (0x00001f17) x30 0x8000c984
core   0: 0x8000b988 (0x663f2e23) sw      gp, 1660(t5)
core   0: 3 0x8000b988 (0x663f2e23) mem 0x8000d000 0x00000001
core   0: 0x8000b98c (0x0000bfe5) c.j     pc - 8
core   0: 3 0x8000b98c (0xbfe5)
core   0: 0x8000b984 (0x00001f17) auipc   t5, 0x1
core   0: 3 0x8000b984 (0x00001f17) x30 0x8000c984
core   0: 0x8000b988 (0x663f2e23) sw      gp, 1660(t5)
core   0: 3 0x8000b988 (0x663f2e23) mem 0x8000d000 0x00000001
core   0: 0x8000b98c (0x0000bfe5) c.j     pc - 8
core   0: 3 0x8000b98c (0xbfe5)
core   0: 0x8000b984 (0x00001f17) auipc   t5, 0x1
core   0: 3 0x8000b984 (0x00001f17) x30 0x8000c984
core   0: 0x8000b988 (0x663f2e23) sw      gp, 1660(t5)
core   0: 3 0x8000b988 (0x663f2e23) mem 0x8000d000 0x00000001
core   0: 0x8000b98c (0x0000bfe5) c.j     pc - 8
core   0: 3 0x8000b98c (0xbfe5)
core   0: 0x8000b984 (0x00001f17) auipc   t5, 0x1
core   0: 3 0x8000b984 (0x00001f17) x30 0x8000c984
core   0: 0x8000b988 (0x663f2e23) sw      gp, 1660(t5)
core   0: 3 0x8000b988 (0x663f2e23) mem 0x8000d000 0x00000001
core   0: 0x8000b98c (0x0000bfe5) c.j     pc - 8
core   0: 3 0x8000b98c (0xbfe5)
core   0: 0x8000b984 (0x00001f17) auipc   t5, 0x1
core   0: 3 0x8000b984 (0x00001f17) x30 0x8000c984
core   0: 0x8000b988 (0x663f2e23) sw      gp, 1660(t5)
core   0: 3 0x8000b988 (0x663f2e23) mem 0x8000d000 0x00000001
core   0: 0x8000b98c (0x0000bfe5) c.j     pc - 8
core   0: 3 0x8000b98c (0xbfe5)
core   0: 0x8000b984 (0x00001f17) auipc   t5, 0x1
core   0: 3 0x8000b984 (0x00001f17) x30 0x8000c984
core   0: 0x8000b988 (0x663f2e23) sw      gp, 1660(t5)
core   0: 3 0x8000b988 (0x663f2e23) mem 0x8000d000 0x00000001
core   0: 0x8000b98c (0x0000bfe5) c.j     pc - 8
core   0: 3 0x8000b98c (0xbfe5)
core   0: 0x8000b984 (0x00001f17) auipc   t5, 0x1
core   0: 3 0x8000b984 (0x00001f17) x30 0x8000c984
core   0: 0x8000b988 (0x663f2e23) sw      gp, 1660(t5)
core   0: 3 0x8000b988 (0x663f2e23) mem 0x8000d000 0x00000001
core   0: 0x8000b98c (0x0000bfe5) c.j     pc - 8
core   0: 3 0x8000b98c (0xbfe5)
core   0: 0x8000b984 (0x00001f17) auipc   t5, 0x1
core   0: 3 0x8000b984 (0x00001f17) x30 0x8000c984
core   0: 0x8000b988 (0x663f2e23) sw      gp, 1660(t5)
core   0: 3 0x8000b988 (0x663f2e23) mem 0x8000d000 0x00000001
core   0: 0x8000b98c (0x0000bfe5) c.j     pc - 8
core   0: 3 0x8000b98c (0xbfe5)
core   0: 0x8000b984 (0x00001f17) auipc   t5, 0x1
core   0: 3 0x8000b984 (0x00001f17) x30 0x8000c984
core   0: 0x8000b988 (0x663f2e23) sw      gp, 1660(t5)
core   0: 3 0x8000b988 (0x663f2e23) mem 0x8000d000 0x00000001
core   0: 0x8000b98c (0x0000bfe5) c.j     pc - 8
core   0: 3 0x8000b98c (0xbfe5)
core   0: 0x8000b984 (0x00001f17) auipc   t5, 0x1
core   0: 3 0x8000b984 (0x00001f17) x30 0x8000c984
core   0: 0x8000b988 (0x663f2e23) sw      gp, 1660(t5)
core   0: 3 0x8000b988 (0x663f2e23) mem 0x8000d000 0x00000001
core   0: 0x8000b98c (0x0000bfe5) c.j     pc - 8
core   0: 3 0x8000b98c (0xbfe5)
core   0: 0x8000b984 (0x00001f17) auipc   t5, 0x1
core   0: 3 0x8000b984 (0x00001f17) x30 0x8000c984
core   0: 0x8000b988 (0x663f2e23) sw      gp, 1660(t5)
core   0: 3 0x8000b988 (0x663f2e23) mem 0x8000d000 0x00000001
core   0: 0x8000b98c (0x0000bfe5) c.j     pc - 8
core   0: 3 0x8000b98c (0xbfe5)
core   0: 0x8000b984 (0x00001f17) auipc   t5, 0x1
core   0: 3 0x8000b984 (0x00001f17) x30 0x8000c984
core   0: 0x8000b988 (0x663f2e23) sw      gp, 1660(t5)
core   0: 3 0x8000b988 (0x663f2e23) mem 0x8000d000 0x00000001
core   0: 0x8000b98c (0x0000bfe5) c.j     pc - 8
core   0: 3 0x8000b98c (0xbfe5)
core   0: 0x8000b984 (0x00001f17) auipc   t5, 0x1
core   0: 3 0x8000b984 (0x00001f17) x30 0x8000c984
core   0: 0x8000b988 (0x663f2e23) sw      gp, 1660(t5)
core   0: 3 0x8000b988 (0x663f2e23) mem 0x8000d000 0x00000001
core   0: 0x8000b98c (0x0000bfe5) c.j     pc - 8
core   0: 3 0x8000b98c (0xbfe5)
core   0: 0x8000b984 (0x00001f17) auipc   t5, 0x1
core   0: 3 0x8000b984 (0x00001f17) x30 0x8000c984
core   0: 0x8000b988 (0x663f2e23) sw      gp, 1660(t5)
core   0: 3 0x8000b988 (0x663f2e23) mem 0x8000d000 0x00000001
core   0: 0x8000b98c (0x0000bfe5) c.j     pc - 8
core   0: 3 0x8000b98c (0xbfe5)
core   0: 0x8000b984 (0x00001f17) auipc   t5, 0x1
core   0: 3 0x8000b984 (0x00001f17) x30 0x8000c984
core   0: 0x8000b988 (0x663f2e23) sw      gp, 1660(t5)
core   0: 3 0x8000b988 (0x663f2e23) mem 0x8000d000 0x00000001
core   0: 0x8000b98c (0x0000bfe5) c.j     pc - 8
core   0: 3 0x8000b98c (0xbfe5)
core   0: 0x8000b984 (0x00001f17) auipc   t5, 0x1
core   0: 3 0x8000b984 (0x00001f17) x30 0x8000c984
core   0: 0x8000b988 (0x663f2e23) sw      gp, 1660(t5)
core   0: 3 0x8000b988 (0x663f2e23) mem 0x8000d000 0x00000001
core   0: 0x8000b98c (0x0000bfe5) c.j     pc - 8
core   0: 3 0x8000b98c (0xbfe5)
core   0: 0x8000b984 (0x00001f17) auipc   t5, 0x1
core   0: 3 0x8000b984 (0x00001f17) x30 0x8000c984
core   0: 0x8000b988 (0x663f2e23) sw      gp, 1660(t5)
core   0: 3 0x8000b988 (0x663f2e23) mem 0x8000d000 0x00000001
core   0: 0x8000b98c (0x0000bfe5) c.j     pc - 8
core   0: 3 0x8000b98c (0xbfe5)
core   0: 0x8000b984 (0x00001f17) auipc   t5, 0x1
core   0: 3 0x8000b984 (0x00001f17) x30 0x8000c984
core   0: 0x8000b988 (0x663f2e23) sw      gp, 1660(t5)
core   0: 3 0x8000b988 (0x663f2e23) mem 0x8000d000 0x00000001
core   0: 0x8000b98c (0x0000bfe5) c.j     pc - 8
core   0: 3 0x8000b98c (0xbfe5)
core   0: 0x8000b984 (0x00001f17) auipc   t5, 0x1
core   0: 3 0x8000b984 (0x00001f17) x30 0x8000c984
core   0: 0x8000b988 (0x663f2e23) sw      gp, 1660(t5)
core   0: 3 0x8000b988 (0x663f2e23) mem 0x8000d000 0x00000001
core   0: 0x8000b98c (0x0000bfe5) c.j     pc - 8
core   0: 3 0x8000b98c (0xbfe5)
core   0: 0x8000b984 (0x00001f17) auipc   t5, 0x1
core   0: 3 0x8000b984 (0x00001f17) x30 0x8000c984
core   0: 0x8000b988 (0x663f2e23) sw      gp, 1660(t5)
core   0: 3 0x8000b988 (0x663f2e23) mem 0x8000d000 0x00000001
core   0: 0x8000b98c (0x0000bfe5) c.j     pc - 8
core   0: 3 0x8000b98c (0xbfe5)
core   0: 0x8000b984 (0x00001f17) auipc   t5, 0x1
core   0: 3 0x8000b984 (0x00001f17) x30 0x8000c984
core   0: 0x8000b988 (0x663f2e23) sw      gp, 1660(t5)
core   0: 3 0x8000b988 (0x663f2e23) mem 0x8000d000 0x00000001
core   0: 0x8000b98c (0x0000bfe5) c.j     pc - 8
core   0: 3 0x8000b98c (0xbfe5)
core   0: 0x8000b984 (0x00001f17) auipc   t5, 0x1
core   0: 3 0x8000b984 (0x00001f17) x30 0x8000c984
core   0: 0x8000b988 (0x663f2e23) sw      gp, 1660(t5)
core   0: 3 0x8000b988 (0x663f2e23) mem 0x8000d000 0x00000001
core   0: 0x8000b98c (0x0000bfe5) c.j     pc - 8
core   0: 3 0x8000b98c (0xbfe5)
core   0: 0x8000b984 (0x00001f17) auipc   t5, 0x1
core   0: 3 0x8000b984 (0x00001f17) x30 0x8000c984
core   0: 0x8000b988 (0x663f2e23) sw      gp, 1660(t5)
core   0: 3 0x8000b988 (0x663f2e23) mem 0x8000d000 0x00000001
core   0: 0x8000b98c (0x0000bfe5) c.j     pc - 8
core   0: 3 0x8000b98c (0xbfe5)
core   0: 0x8000b984 (0x00001f17) auipc   t5, 0x1
core   0: 3 0x8000b984 (0x00001f17) x30 0x8000c984
core   0: 0x8000b988 (0x663f2e23) sw      gp, 1660(t5)
core   0: 3 0x8000b988 (0x663f2e23) mem 0x8000d000 0x00000001
core   0: 0x8000b98c (0x0000bfe5) c.j     pc - 8
core   0: 3 0x8000b98c (0xbfe5)
core   0: 0x8000b984 (0x00001f17) auipc   t5, 0x1
core   0: 3 0x8000b984 (0x00001f17) x30 0x8000c984
core   0: 0x8000b988 (0x663f2e23) sw      gp, 1660(t5)
core   0: 3 0x8000b988 (0x663f2e23) mem 0x8000d000 0x00000001
core   0: 0x8000b98c (0x0000bfe5) c.j     pc - 8
core   0: 3 0x8000b98c (0xbfe5)
core   0: 0x8000b984 (0x00001f17) auipc   t5, 0x1
core   0: 3 0x8000b984 (0x00001f17) x30 0x8000c984
core   0: 0x8000b988 (0x663f2e23) sw      gp, 1660(t5)
core   0: 3 0x8000b988 (0x663f2e23) mem 0x8000d000 0x00000001
core   0: 0x8000b98c (0x0000bfe5) c.j     pc - 8
core   0: 3 0x8000b98c (0xbfe5)
core   0: 0x8000b984 (0x00001f17) auipc   t5, 0x1
core   0: 3 0x8000b984 (0x00001f17) x30 0x8000c984
core   0: 0x8000b988 (0x663f2e23) sw      gp, 1660(t5)
core   0: 3 0x8000b988 (0x663f2e23) mem 0x8000d000 0x00000001
core   0: 0x8000b98c (0x0000bfe5) c.j     pc - 8
core   0: 3 0x8000b98c (0xbfe5)
core   0: 0x8000b984 (0x00001f17) auipc   t5, 0x1
core   0: 3 0x8000b984 (0x00001f17) x30 0x8000c984
core   0: 0x8000b988 (0x663f2e23) sw      gp, 1660(t5)
core   0: 3 0x8000b988 (0x663f2e23) mem 0x8000d000 0x00000001
core   0: 0x8000b98c (0x0000bfe5) c.j     pc - 8
core   0: 3 0x8000b98c (0xbfe5)
core   0: 0x8000b984 (0x00001f17) auipc   t5, 0x1
core   0: 3 0x8000b984 (0x00001f17) x30 0x8000c984
core   0: 0x8000b988 (0x663f2e23) sw      gp, 1660(t5)
core   0: 3 0x8000b988 (0x663f2e23) mem 0x8000d000 0x00000001
core   0: 0x8000b98c (0x0000bfe5) c.j     pc - 8
core   0: 3 0x8000b98c (0xbfe5)
core   0: 0x8000b984 (0x00001f17) auipc   t5, 0x1
core   0: 3 0x8000b984 (0x00001f17) x30 0x8000c984
core   0: 0x8000b988 (0x663f2e23) sw      gp, 1660(t5)
core   0: 3 0x8000b988 (0x663f2e23) mem 0x8000d000 0x00000001
core   0: 0x8000b98c (0x0000bfe5) c.j     pc - 8
core   0: 3 0x8000b98c (0xbfe5)
core   0: 0x8000b984 (0x00001f17) auipc   t5, 0x1
core   0: 3 0x8000b984 (0x00001f17) x30 0x8000c984
core   0: 0x8000b988 (0x663f2e23) sw      gp, 1660(t5)
core   0: 3 0x8000b988 (0x663f2e23) mem 0x8000d000 0x00000001
core   0: 0x8000b98c (0x0000bfe5) c.j     pc - 8
core   0: 3 0x8000b98c (0xbfe5)
core   0: 0x8000b984 (0x00001f17) auipc   t5, 0x1
core   0: 3 0x8000b984 (0x00001f17) x30 0x8000c984
core   0: 0x8000b988 (0x663f2e23) sw      gp, 1660(t5)
core   0: 3 0x8000b988 (0x663f2e23) mem 0x8000d000 0x00000001
core   0: 0x8000b98c (0x0000bfe5) c.j     pc - 8
core   0: 3 0x8000b98c (0xbfe5)
core   0: 0x8000b984 (0x00001f17) auipc   t5, 0x1
core   0: 3 0x8000b984 (0x00001f17) x30 0x8000c984
core   0: 0x8000b988 (0x663f2e23) sw      gp, 1660(t5)
core   0: 3 0x8000b988 (0x663f2e23) mem 0x8000d000 0x00000001
core   0: 0x8000b98c (0x0000bfe5) c.j     pc - 8
core   0: 3 0x8000b98c (0xbfe5)
core   0: 0x8000b984 (0x00001f17) auipc   t5, 0x1
core   0: 3 0x8000b984 (0x00001f17) x30 0x8000c984
core   0: 0x8000b988 (0x663f2e23) sw      gp, 1660(t5)
core   0: 3 0x8000b988 (0x663f2e23) mem 0x8000d000 0x00000001
core   0: 0x8000b98c (0x0000bfe5) c.j     pc - 8
core   0: 3 0x8000b98c (0xbfe5)
core   0: 0x8000b984 (0x00001f17) auipc   t5, 0x1
core   0: 3 0x8000b984 (0x00001f17) x30 0x8000c984
core   0: 0x8000b988 (0x663f2e23) sw      gp, 1660(t5)
core   0: 3 0x8000b988 (0x663f2e23) mem 0x8000d000 0x00000001
core   0: 0x8000b98c (0x0000bfe5) c.j     pc - 8
core   0: 3 0x8000b98c (0xbfe5)
core   0: 0x8000b984 (0x00001f17) auipc   t5, 0x1
core   0: 3 0x8000b984 (0x00001f17) x30 0x8000c984
core   0: 0x8000b988 (0x663f2e23) sw      gp, 1660(t5)
core   0: 3 0x8000b988 (0x663f2e23) mem 0x8000d000 0x00000001
core   0: 0x8000b98c (0x0000bfe5) c.j     pc - 8
core   0: 3 0x8000b98c (0xbfe5)
core   0: 0x8000b984 (0x00001f17) auipc   t5, 0x1
core   0: 3 0x8000b984 (0x00001f17) x30 0x8000c984
core   0: 0x8000b988 (0x663f2e23) sw      gp, 1660(t5)
core   0: 3 0x8000b988 (0x663f2e23) mem 0x8000d000 0x00000001
core   0: 0x8000b98c (0x0000bfe5) c.j     pc - 8
core   0: 3 0x8000b98c (0xbfe5)
core   0: 0x8000b984 (0x00001f17) auipc   t5, 0x1
core   0: 3 0x8000b984 (0x00001f17) x30 0x8000c984
core   0: 0x8000b988 (0x663f2e23) sw      gp, 1660(t5)
core   0: 3 0x8000b988 (0x663f2e23) mem 0x8000d000 0x00000001
core   0: 0x8000b98c (0x0000bfe5) c.j     pc - 8
core   0: 3 0x8000b98c (0xbfe5)
core   0: 0x8000b984 (0x00001f17) auipc   t5, 0x1
core   0: 3 0x8000b984 (0x00001f17) x30 0x8000c984
core   0: 0x8000b988 (0x663f2e23) sw      gp, 1660(t5)
core   0: 3 0x8000b988 (0x663f2e23) mem 0x8000d000 0x00000001
core   0: 0x8000b98c (0x0000bfe5) c.j     pc - 8
core   0: 3 0x8000b98c (0xbfe5)
core   0: 0x8000b984 (0x00001f17) auipc   t5, 0x1
core   0: 3 0x8000b984 (0x00001f17) x30 0x8000c984
core   0: 0x8000b988 (0x663f2e23) sw      gp, 1660(t5)
core   0: 3 0x8000b988 (0x663f2e23) mem 0x8000d000 0x00000001
core   0: 0x8000b98c (0x0000bfe5) c.j     pc - 8
core   0: 3 0x8000b98c (0xbfe5)
core   0: 0x8000b984 (0x00001f17) auipc   t5, 0x1
core   0: 3 0x8000b984 (0x00001f17) x30 0x8000c984
core   0: 0x8000b988 (0x663f2e23) sw      gp, 1660(t5)
core   0: 3 0x8000b988 (0x663f2e23) mem 0x8000d000 0x00000001
core   0: 0x8000b98c (0x0000bfe5) c.j     pc - 8
core   0: 3 0x8000b98c (0xbfe5)
core   0: 0x8000b984 (0x00001f17) auipc   t5, 0x1
core   0: 3 0x8000b984 (0x00001f17) x30 0x8000c984
core   0: 0x8000b988 (0x663f2e23) sw      gp, 1660(t5)
core   0: 3 0x8000b988 (0x663f2e23) mem 0x8000d000 0x00000001
core   0: 0x8000b98c (0x0000bfe5) c.j     pc - 8
core   0: 3 0x8000b98c (0xbfe5)
core   0: 0x8000b984 (0x00001f17) auipc   t5, 0x1
core   0: 3 0x8000b984 (0x00001f17) x30 0x8000c984
core   0: 0x8000b988 (0x663f2e23) sw      gp, 1660(t5)
core   0: 3 0x8000b988 (0x663f2e23) mem 0x8000d000 0x00000001
core   0: 0x8000b98c (0x0000bfe5) c.j     pc - 8
core   0: 3 0x8000b98c (0xbfe5)
core   0: 0x8000b984 (0x00001f17) auipc   t5, 0x1
core   0: 3 0x8000b984 (0x00001f17) x30 0x8000c984
core   0: 0x8000b988 (0x663f2e23) sw      gp, 1660(t5)
core   0: 3 0x8000b988 (0x663f2e23) mem 0x8000d000 0x00000001
core   0: 0x8000b98c (0x0000bfe5) c.j     pc - 8
core   0: 3 0x8000b98c (0xbfe5)
core   0: 0x8000b984 (0x00001f17) auipc   t5, 0x1
core   0: 3 0x8000b984 (0x00001f17) x30 0x8000c984
core   0: 0x8000b988 (0x663f2e23) sw      gp, 1660(t5)
core   0: 3 0x8000b988 (0x663f2e23) mem 0x8000d000 0x00000001
core   0: 0x8000b98c (0x0000bfe5) c.j     pc - 8
core   0: 3 0x8000b98c (0xbfe5)
core   0: 0x8000b984 (0x00001f17) auipc   t5, 0x1
core   0: 3 0x8000b984 (0x00001f17) x30 0x8000c984
core   0: 0x8000b988 (0x663f2e23) sw      gp, 1660(t5)
core   0: 3 0x8000b988 (0x663f2e23) mem 0x8000d000 0x00000001
core   0: 0x8000b98c (0x0000bfe5) c.j     pc - 8
core   0: 3 0x8000b98c (0xbfe5)
core   0: 0x8000b984 (0x00001f17) auipc   t5, 0x1
core   0: 3 0x8000b984 (0x00001f17) x30 0x8000c984
core   0: 0x8000b988 (0x663f2e23) sw      gp, 1660(t5)
core   0: 3 0x8000b988 (0x663f2e23) mem 0x8000d000 0x00000001
core   0: 0x8000b98c (0x0000bfe5) c.j     pc - 8
core   0: 3 0x8000b98c (0xbfe5)
core   0: 0x8000b984 (0x00001f17) auipc   t5, 0x1
core   0: 3 0x8000b984 (0x00001f17) x30 0x8000c984
core   0: 0x8000b988 (0x663f2e23) sw      gp, 1660(t5)
core   0: 3 0x8000b988 (0x663f2e23) mem 0x8000d000 0x00000001
core   0: 0x8000b98c (0x0000bfe5) c.j     pc - 8
core   0: 3 0x8000b98c (0xbfe5)
core   0: 0x8000b984 (0x00001f17) auipc   t5, 0x1
core   0: 3 0x8000b984 (0x00001f17) x30 0x8000c984
core   0: 0x8000b988 (0x663f2e23) sw      gp, 1660(t5)
core   0: 3 0x8000b988 (0x663f2e23) mem 0x8000d000 0x00000001
core   0: 0x8000b98c (0x0000bfe5) c.j     pc - 8
core   0: 3 0x8000b98c (0xbfe5)
core   0: 0x8000b984 (0x00001f17) auipc   t5, 0x1
core   0: 3 0x8000b984 (0x00001f17) x30 0x8000c984
core   0: 0x8000b988 (0x663f2e23) sw      gp, 1660(t5)
core   0: 3 0x8000b988 (0x663f2e23) mem 0x8000d000 0x00000001
core   0: 0x8000b98c (0x0000bfe5) c.j     pc - 8
core   0: 3 0x8000b98c (0xbfe5)
core   0: 0x8000b984 (0x00001f17) auipc   t5, 0x1
core   0: 3 0x8000b984 (0x00001f17) x30 0x8000c984
core   0: 0x8000b988 (0x663f2e23) sw      gp, 1660(t5)
core   0: 3 0x8000b988 (0x663f2e23) mem 0x8000d000 0x00000001
core   0: 0x8000b98c (0x0000bfe5) c.j     pc - 8
core   0: 3 0x8000b98c (0xbfe5)
core   0: 0x8000b984 (0x00001f17) auipc   t5, 0x1
core   0: 3 0x8000b984 (0x00001f17) x30 0x8000c984
core   0: 0x8000b988 (0x663f2e23) sw      gp, 1660(t5)
core   0: 3 0x8000b988 (0x663f2e23) mem 0x8000d000 0x00000001
core   0: 0x8000b98c (0x0000bfe5) c.j     pc - 8
core   0: 3 0x8000b98c (0xbfe5)
core   0: 0x8000b984 (0x00001f17) auipc   t5, 0x1
core   0: 3 0x8000b984 (0x00001f17) x30 0x8000c984
core   0: 0x8000b988 (0x663f2e23) sw      gp, 1660(t5)
core   0: 3 0x8000b988 (0x663f2e23) mem 0x8000d000 0x00000001
core   0: 0x8000b98c (0x0000bfe5) c.j     pc - 8
core   0: 3 0x8000b98c (0xbfe5)
core   0: 0x8000b984 (0x00001f17) auipc   t5, 0x1
core   0: 3 0x8000b984 (0x00001f17) x30 0x8000c984
core   0: 0x8000b988 (0x663f2e23) sw      gp, 1660(t5)
core   0: 3 0x8000b988 (0x663f2e23) mem 0x8000d000 0x00000001
core   0: 0x8000b98c (0x0000bfe5) c.j     pc - 8
core   0: 3 0x8000b98c (0xbfe5)
core   0: 0x8000b984 (0x00001f17) auipc   t5, 0x1
core   0: 3 0x8000b984 (0x00001f17) x30 0x8000c984
core   0: 0x8000b988 (0x663f2e23) sw      gp, 1660(t5)
core   0: 3 0x8000b988 (0x663f2e23) mem 0x8000d000 0x00000001
core   0: 0x8000b98c (0x0000bfe5) c.j     pc - 8
core   0: 3 0x8000b98c (0xbfe5)
core   0: 0x8000b984 (0x00001f17) auipc   t5, 0x1
core   0: 3 0x8000b984 (0x00001f17) x30 0x8000c984
core   0: 0x8000b988 (0x663f2e23) sw      gp, 1660(t5)
core   0: 3 0x8000b988 (0x663f2e23) mem 0x8000d000 0x00000001
core   0: 0x8000b98c (0x0000bfe5) c.j     pc - 8
core   0: 3 0x8000b98c (0xbfe5)
core   0: 0x8000b984 (0x00001f17) auipc   t5, 0x1
core   0: 3 0x8000b984 (0x00001f17) x30 0x8000c984
core   0: 0x8000b988 (0x663f2e23) sw      gp, 1660(t5)
core   0: 3 0x8000b988 (0x663f2e23) mem 0x8000d000 0x00000001
core   0: 0x8000b98c (0x0000bfe5) c.j     pc - 8
core   0: 3 0x8000b98c (0xbfe5)
core   0: 0x8000b984 (0x00001f17) auipc   t5, 0x1
core   0: 3 0x8000b984 (0x00001f17) x30 0x8000c984
core   0: 0x8000b988 (0x663f2e23) sw      gp, 1660(t5)
core   0: 3 0x8000b988 (0x663f2e23) mem 0x8000d000 0x00000001
core   0: 0x8000b98c (0x0000bfe5) c.j     pc - 8
core   0: 3 0x8000b98c (0xbfe5)
core   0: 0x8000b984 (0x00001f17) auipc   t5, 0x1
core   0: 3 0x8000b984 (0x00001f17) x30 0x8000c984
core   0: 0x8000b988 (0x663f2e23) sw      gp, 1660(t5)
core   0: 3 0x8000b988 (0x663f2e23) mem 0x8000d000 0x00000001
core   0: 0x8000b98c (0x0000bfe5) c.j     pc - 8
core   0: 3 0x8000b98c (0xbfe5)
core   0: 0x8000b984 (0x00001f17) auipc   t5, 0x1
core   0: 3 0x8000b984 (0x00001f17) x30 0x8000c984
core   0: 0x8000b988 (0x663f2e23) sw      gp, 1660(t5)
core   0: 3 0x8000b988 (0x663f2e23) mem 0x8000d000 0x00000001
core   0: 0x8000b98c (0x0000bfe5) c.j     pc - 8
core   0: 3 0x8000b98c (0xbfe5)
core   0: 0x8000b984 (0x00001f17) auipc   t5, 0x1
core   0: 3 0x8000b984 (0x00001f17) x30 0x8000c984
core   0: 0x8000b988 (0x663f2e23) sw      gp, 1660(t5)
core   0: 3 0x8000b988 (0x663f2e23) mem 0x8000d000 0x00000001
core   0: 0x8000b98c (0x0000bfe5) c.j     pc - 8
core   0: 3 0x8000b98c (0xbfe5)
core   0: 0x8000b984 (0x00001f17) auipc   t5, 0x1
core   0: 3 0x8000b984 (0x00001f17) x30 0x8000c984
core   0: 0x8000b988 (0x663f2e23) sw      gp, 1660(t5)
core   0: 3 0x8000b988 (0x663f2e23) mem 0x8000d000 0x00000001
core   0: 0x8000b98c (0x0000bfe5) c.j     pc - 8
core   0: 3 0x8000b98c (0xbfe5)
core   0: 0x8000b984 (0x00001f17) auipc   t5, 0x1
core   0: 3 0x8000b984 (0x00001f17) x30 0x8000c984
core   0: 0x8000b988 (0x663f2e23) sw      gp, 1660(t5)
core   0: 3 0x8000b988 (0x663f2e23) mem 0x8000d000 0x00000001
core   0: 0x8000b98c (0x0000bfe5) c.j     pc - 8
core   0: 3 0x8000b98c (0xbfe5)
core   0: 0x8000b984 (0x00001f17) auipc   t5, 0x1
core   0: 3 0x8000b984 (0x00001f17) x30 0x8000c984
core   0: 0x8000b988 (0x663f2e23) sw      gp, 1660(t5)
core   0: 3 0x8000b988 (0x663f2e23) mem 0x8000d000 0x00000001
core   0: 0x8000b98c (0x0000bfe5) c.j     pc - 8
core   0: 3 0x8000b98c (0xbfe5)
core   0: 0x8000b984 (0x00001f17) auipc   t5, 0x1
core   0: 3 0x8000b984 (0x00001f17) x30 0x8000c984
core   0: 0x8000b988 (0x663f2e23) sw      gp, 1660(t5)
core   0: 3 0x8000b988 (0x663f2e23) mem 0x8000d000 0x00000001
core   0: 0x8000b98c (0x0000bfe5) c.j     pc - 8
core   0: 3 0x8000b98c (0xbfe5)
core   0: 0x8000b984 (0x00001f17) auipc   t5, 0x1
core   0: 3 0x8000b984 (0x00001f17) x30 0x8000c984
core   0: 0x8000b988 (0x663f2e23) sw      gp, 1660(t5)
core   0: 3 0x8000b988 (0x663f2e23) mem 0x8000d000 0x00000001
core   0: 0x8000b98c (0x0000bfe5) c.j     pc - 8
core   0: 3 0x8000b98c (0xbfe5)
core   0: 0x8000b984 (0x00001f17) auipc   t5, 0x1
core   0: 3 0x8000b984 (0x00001f17) x30 0x8000c984
core   0: 0x8000b988 (0x663f2e23) sw      gp, 1660(t5)
core   0: 3 0x8000b988 (0x663f2e23) mem 0x8000d000 0x00000001
core   0: 0x8000b98c (0x0000bfe5) c.j     pc - 8
core   0: 3 0x8000b98c (0xbfe5)
core   0: 0x8000b984 (0x00001f17) auipc   t5, 0x1
core   0: 3 0x8000b984 (0x00001f17) x30 0x8000c984
core   0: 0x8000b988 (0x663f2e23) sw      gp, 1660(t5)
core   0: 3 0x8000b988 (0x663f2e23) mem 0x8000d000 0x00000001
core   0: 0x8000b98c (0x0000bfe5) c.j     pc - 8
core   0: 3 0x8000b98c (0xbfe5)
core   0: 0x8000b984 (0x00001f17) auipc   t5, 0x1
core   0: 3 0x8000b984 (0x00001f17) x30 0x8000c984
core   0: 0x8000b988 (0x663f2e23) sw      gp, 1660(t5)
core   0: 3 0x8000b988 (0x663f2e23) mem 0x8000d000 0x00000001
core   0: 0x8000b98c (0x0000bfe5) c.j     pc - 8
core   0: 3 0x8000b98c (0xbfe5)
core   0: 0x8000b984 (0x00001f17) auipc   t5, 0x1
core   0: 3 0x8000b984 (0x00001f17) x30 0x8000c984
core   0: 0x8000b988 (0x663f2e23) sw      gp, 1660(t5)
core   0: 3 0x8000b988 (0x663f2e23) mem 0x8000d000 0x00000001
core   0: 0x8000b98c (0x0000bfe5) c.j     pc - 8
core   0: 3 0x8000b98c (0xbfe5)
core   0: 0x8000b984 (0x00001f17) auipc   t5, 0x1
core   0: 3 0x8000b984 (0x00001f17) x30 0x8000c984
core   0: 0x8000b988 (0x663f2e23) sw      gp, 1660(t5)
core   0: 3 0x8000b988 (0x663f2e23) mem 0x8000d000 0x00000001
core   0: 0x8000b98c (0x0000bfe5) c.j     pc - 8
core   0: 3 0x8000b98c (0xbfe5)
core   0: 0x8000b984 (0x00001f17) auipc   t5, 0x1
core   0: 3 0x8000b984 (0x00001f17) x30 0x8000c984
core   0: 0x8000b988 (0x663f2e23) sw      gp, 1660(t5)
core   0: 3 0x8000b988 (0x663f2e23) mem 0x8000d000 0x00000001
core   0: 0x8000b98c (0x0000bfe5) c.j     pc - 8
core   0: 3 0x8000b98c (0xbfe5)
core   0: 0x8000b984 (0x00001f17) auipc   t5, 0x1
core   0: 3 0x8000b984 (0x00001f17) x30 0x8000c984
core   0: 0x8000b988 (0x663f2e23) sw      gp, 1660(t5)
core   0: 3 0x8000b988 (0x663f2e23) mem 0x8000d000 0x00000001
core   0: 0x8000b98c (0x0000bfe5) c.j     pc - 8
core   0: 3 0x8000b98c (0xbfe5)
core   0: 0x8000b984 (0x00001f17) auipc   t5, 0x1
core   0: 3 0x8000b984 (0x00001f17) x30 0x8000c984
core   0: 0x8000b988 (0x663f2e23) sw      gp, 1660(t5)
core   0: 3 0x8000b988 (0x663f2e23) mem 0x8000d000 0x00000001
core   0: 0x8000b98c (0x0000bfe5) c.j     pc - 8
core   0: 3 0x8000b98c (0xbfe5)
core   0: 0x8000b984 (0x00001f17) auipc   t5, 0x1
core   0: 3 0x8000b984 (0x00001f17) x30 0x8000c984
core   0: 0x8000b988 (0x663f2e23) sw      gp, 1660(t5)
core   0: 3 0x8000b988 (0x663f2e23) mem 0x8000d000 0x00000001
core   0: 0x8000b98c (0x0000bfe5) c.j     pc - 8
core   0: 3 0x8000b98c (0xbfe5)
core   0: 0x8000b984 (0x00001f17) auipc   t5, 0x1
core   0: 3 0x8000b984 (0x00001f17) x30 0x8000c984
core   0: 0x8000b988 (0x663f2e23) sw      gp, 1660(t5)
core   0: 3 0x8000b988 (0x663f2e23) mem 0x8000d000 0x00000001
core   0: 0x8000b98c (0x0000bfe5) c.j     pc - 8
core   0: 3 0x8000b98c (0xbfe5)
core   0: 0x8000b984 (0x00001f17) auipc   t5, 0x1
core   0: 3 0x8000b984 (0x00001f17) x30 0x8000c984
core   0: 0x8000b988 (0x663f2e23) sw      gp, 1660(t5)
core   0: 3 0x8000b988 (0x663f2e23) mem 0x8000d000 0x00000001
core   0: 0x8000b98c (0x0000bfe5) c.j     pc - 8
core   0: 3 0x8000b98c (0xbfe5)
core   0: 0x8000b984 (0x00001f17) auipc   t5, 0x1
core   0: 3 0x8000b984 (0x00001f17) x30 0x8000c984
core   0: 0x8000b988 (0x663f2e23) sw      gp, 1660(t5)
core   0: 3 0x8000b988 (0x663f2e23) mem 0x8000d000 0x00000001
core   0: 0x8000b98c (0x0000bfe5) c.j     pc - 8
core   0: 3 0x8000b98c (0xbfe5)
core   0: 0x8000b984 (0x00001f17) auipc   t5, 0x1
core   0: 3 0x8000b984 (0x00001f17) x30 0x8000c984
core   0: 0x8000b988 (0x663f2e23) sw      gp, 1660(t5)
core   0: 3 0x8000b988 (0x663f2e23) mem 0x8000d000 0x00000001
core   0: 0x8000b98c (0x0000bfe5) c.j     pc - 8
core   0: 3 0x8000b98c (0xbfe5)
core   0: 0x8000b984 (0x00001f17) auipc   t5, 0x1
core   0: 3 0x8000b984 (0x00001f17) x30 0x8000c984
core   0: 0x8000b988 (0x663f2e23) sw      gp, 1660(t5)
core   0: 3 0x8000b988 (0x663f2e23) mem 0x8000d000 0x00000001
core   0: 0x8000b98c (0x0000bfe5) c.j     pc - 8
core   0: 3 0x8000b98c (0xbfe5)
core   0: 0x8000b984 (0x00001f17) auipc   t5, 0x1
core   0: 3 0x8000b984 (0x00001f17) x30 0x8000c984
core   0: 0x8000b988 (0x663f2e23) sw      gp, 1660(t5)
core   0: 3 0x8000b988 (0x663f2e23) mem 0x8000d000 0x00000001
core   0: 0x8000b98c (0x0000bfe5) c.j     pc - 8
core   0: 3 0x8000b98c (0xbfe5)
core   0: 0x8000b984 (0x00001f17) auipc   t5, 0x1
core   0: 3 0x8000b984 (0x00001f17) x30 0x8000c984
core   0: 0x8000b988 (0x663f2e23) sw      gp, 1660(t5)
core   0: 3 0x8000b988 (0x663f2e23) mem 0x8000d000 0x00000001
core   0: 0x8000b98c (0x0000bfe5) c.j     pc - 8
core   0: 3 0x8000b98c (0xbfe5)
core   0: 0x8000b984 (0x00001f17) auipc   t5, 0x1
core   0: 3 0x8000b984 (0x00001f17) x30 0x8000c984
core   0: 0x8000b988 (0x663f2e23) sw      gp, 1660(t5)
core   0: 3 0x8000b988 (0x663f2e23) mem 0x8000d000 0x00000001
core   0: 0x8000b98c (0x0000bfe5) c.j     pc - 8
core   0: 3 0x8000b98c (0xbfe5)
core   0: 0x8000b984 (0x00001f17) auipc   t5, 0x1
core   0: 3 0x8000b984 (0x00001f17) x30 0x8000c984
core   0: 0x8000b988 (0x663f2e23) sw      gp, 1660(t5)
core   0: 3 0x8000b988 (0x663f2e23) mem 0x8000d000 0x00000001
core   0: 0x8000b98c (0x0000bfe5) c.j     pc - 8
core   0: 3 0x8000b98c (0xbfe5)
core   0: 0x8000b984 (0x00001f17) auipc   t5, 0x1
core   0: 3 0x8000b984 (0x00001f17) x30 0x8000c984
core   0: 0x8000b988 (0x663f2e23) sw      gp, 1660(t5)
core   0: 3 0x8000b988 (0x663f2e23) mem 0x8000d000 0x00000001
core   0: 0x8000b98c (0x0000bfe5) c.j     pc - 8
core   0: 3 0x8000b98c (0xbfe5)
core   0: 0x8000b984 (0x00001f17) auipc   t5, 0x1
core   0: 3 0x8000b984 (0x00001f17) x30 0x8000c984
core   0: 0x8000b988 (0x663f2e23) sw      gp, 1660(t5)
core   0: 3 0x8000b988 (0x663f2e23) mem 0x8000d000 0x00000001
core   0: 0x8000b98c (0x0000bfe5) c.j     pc - 8
core   0: 3 0x8000b98c (0xbfe5)
core   0: 0x8000b984 (0x00001f17) auipc   t5, 0x1
core   0: 3 0x8000b984 (0x00001f17) x30 0x8000c984
core   0: 0x8000b988 (0x663f2e23) sw      gp, 1660(t5)
core   0: 3 0x8000b988 (0x663f2e23) mem 0x8000d000 0x00000001
core   0: 0x8000b98c (0x0000bfe5) c.j     pc - 8
core   0: 3 0x8000b98c (0xbfe5)
core   0: 0x8000b984 (0x00001f17) auipc   t5, 0x1
core   0: 3 0x8000b984 (0x00001f17) x30 0x8000c984
core   0: 0x8000b988 (0x663f2e23) sw      gp, 1660(t5)
core   0: 3 0x8000b988 (0x663f2e23) mem 0x8000d000 0x00000001
core   0: 0x8000b98c (0x0000bfe5) c.j     pc - 8
core   0: 3 0x8000b98c (0xbfe5)
core   0: 0x8000b984 (0x00001f17) auipc   t5, 0x1
core   0: 3 0x8000b984 (0x00001f17) x30 0x8000c984
core   0: 0x8000b988 (0x663f2e23) sw      gp, 1660(t5)
core   0: 3 0x8000b988 (0x663f2e23) mem 0x8000d000 0x00000001
core   0: 0x8000b98c (0x0000bfe5) c.j     pc - 8
core   0: 3 0x8000b98c (0xbfe5)
core   0: 0x8000b984 (0x00001f17) auipc   t5, 0x1
core   0: 3 0x8000b984 (0x00001f17) x30 0x8000c984
core   0: 0x8000b988 (0x663f2e23) sw      gp, 1660(t5)
core   0: 3 0x8000b988 (0x663f2e23) mem 0x8000d000 0x00000001
core   0: 0x8000b98c (0x0000bfe5) c.j     pc - 8
core   0: 3 0x8000b98c (0xbfe5)
core   0: 0x8000b984 (0x00001f17) auipc   t5, 0x1
core   0: 3 0x8000b984 (0x00001f17) x30 0x8000c984
core   0: 0x8000b988 (0x663f2e23) sw      gp, 1660(t5)
core   0: 3 0x8000b988 (0x663f2e23) mem 0x8000d000 0x00000001
core   0: 0x8000b98c (0x0000bfe5) c.j     pc - 8
core   0: 3 0x8000b98c (0xbfe5)
core   0: 0x8000b984 (0x00001f17) auipc   t5, 0x1
core   0: 3 0x8000b984 (0x00001f17) x30 0x8000c984
core   0: 0x8000b988 (0x663f2e23) sw      gp, 1660(t5)
core   0: 3 0x8000b988 (0x663f2e23) mem 0x8000d000 0x00000001
core   0: 0x8000b98c (0x0000bfe5) c.j     pc - 8
core   0: 3 0x8000b98c (0xbfe5)
core   0: 0x8000b984 (0x00001f17) auipc   t5, 0x1
core   0: 3 0x8000b984 (0x00001f17) x30 0x8000c984
core   0: 0x8000b988 (0x663f2e23) sw      gp, 1660(t5)
core   0: 3 0x8000b988 (0x663f2e23) mem 0x8000d000 0x00000001
core   0: 0x8000b98c (0x0000bfe5) c.j     pc - 8
core   0: 3 0x8000b98c (0xbfe5)
core   0: 0x8000b984 (0x00001f17) auipc   t5, 0x1
core   0: 3 0x8000b984 (0x00001f17) x30 0x8000c984
core   0: 0x8000b988 (0x663f2e23) sw      gp, 1660(t5)
core   0: 3 0x8000b988 (0x663f2e23) mem 0x8000d000 0x00000001
core   0: 0x8000b98c (0x0000bfe5) c.j     pc - 8
core   0: 3 0x8000b98c (0xbfe5)
core   0: 0x8000b984 (0x00001f17) auipc   t5, 0x1
core   0: 3 0x8000b984 (0x00001f17) x30 0x8000c984
core   0: 0x8000b988 (0x663f2e23) sw      gp, 1660(t5)
core   0: 3 0x8000b988 (0x663f2e23) mem 0x8000d000 0x00000001
core   0: 0x8000b98c (0x0000bfe5) c.j     pc - 8
core   0: 3 0x8000b98c (0xbfe5)
core   0: 0x8000b984 (0x00001f17) auipc   t5, 0x1
core   0: 3 0x8000b984 (0x00001f17) x30 0x8000c984
core   0: 0x8000b988 (0x663f2e23) sw      gp, 1660(t5)
core   0: 3 0x8000b988 (0x663f2e23) mem 0x8000d000 0x00000001
core   0: 0x8000b98c (0x0000bfe5) c.j     pc - 8
core   0: 3 0x8000b98c (0xbfe5)
core   0: 0x8000b984 (0x00001f17) auipc   t5, 0x1
core   0: 3 0x8000b984 (0x00001f17) x30 0x8000c984
core   0: 0x8000b988 (0x663f2e23) sw      gp, 1660(t5)
core   0: 3 0x8000b988 (0x663f2e23) mem 0x8000d000 0x00000001
core   0: 0x8000b98c (0x0000bfe5) c.j     pc - 8
core   0: 3 0x8000b98c (0xbfe5)
core   0: 0x8000b984 (0x00001f17) auipc   t5, 0x1
core   0: 3 0x8000b984 (0x00001f17) x30 0x8000c984
core   0: 0x8000b988 (0x663f2e23) sw      gp, 1660(t5)
core   0: 3 0x8000b988 (0x663f2e23) mem 0x8000d000 0x00000001
core   0: 0x8000b98c (0x0000bfe5) c.j     pc - 8
core   0: 3 0x8000b98c (0xbfe5)
core   0: 0x8000b984 (0x00001f17) auipc   t5, 0x1
core   0: 3 0x8000b984 (0x00001f17) x30 0x8000c984
core   0: 0x8000b988 (0x663f2e23) sw      gp, 1660(t5)
core   0: 3 0x8000b988 (0x663f2e23) mem 0x8000d000 0x00000001
core   0: 0x8000b98c (0x0000bfe5) c.j     pc - 8
core   0: 3 0x8000b98c (0xbfe5)
core   0: 0x8000b984 (0x00001f17) auipc   t5, 0x1
core   0: 3 0x8000b984 (0x00001f17) x30 0x8000c984
core   0: 0x8000b988 (0x663f2e23) sw      gp, 1660(t5)
core   0: 3 0x8000b988 (0x663f2e23) mem 0x8000d000 0x00000001
core   0: 0x8000b98c (0x0000bfe5) c.j     pc - 8
core   0: 3 0x8000b98c (0xbfe5)
core   0: 0x8000b984 (0x00001f17) auipc   t5, 0x1
core   0: 3 0x8000b984 (0x00001f17) x30 0x8000c984
core   0: 0x8000b988 (0x663f2e23) sw      gp, 1660(t5)
core   0: 3 0x8000b988 (0x663f2e23) mem 0x8000d000 0x00000001
core   0: 0x8000b98c (0x0000bfe5) c.j     pc - 8
core   0: 3 0x8000b98c (0xbfe5)
core   0: 0x8000b984 (0x00001f17) auipc   t5, 0x1
core   0: 3 0x8000b984 (0x00001f17) x30 0x8000c984
core   0: 0x8000b988 (0x663f2e23) sw      gp, 1660(t5)
core   0: 3 0x8000b988 (0x663f2e23) mem 0x8000d000 0x00000001
core   0: 0x8000b98c (0x0000bfe5) c.j     pc - 8
core   0: 3 0x8000b98c (0xbfe5)
core   0: 0x8000b984 (0x00001f17) auipc   t5, 0x1
core   0: 3 0x8000b984 (0x00001f17) x30 0x8000c984
core   0: 0x8000b988 (0x663f2e23) sw      gp, 1660(t5)
core   0: 3 0x8000b988 (0x663f2e23) mem 0x8000d000 0x00000001
core   0: 0x8000b98c (0x0000bfe5) c.j     pc - 8
core   0: 3 0x8000b98c (0xbfe5)
core   0: 0x8000b984 (0x00001f17) auipc   t5, 0x1
core   0: 3 0x8000b984 (0x00001f17) x30 0x8000c984
core   0: 0x8000b988 (0x663f2e23) sw      gp, 1660(t5)
core   0: 3 0x8000b988 (0x663f2e23) mem 0x8000d000 0x00000001
core   0: 0x8000b98c (0x0000bfe5) c.j     pc - 8
core   0: 3 0x8000b98c (0xbfe5)
core   0: 0x8000b984 (0x00001f17) auipc   t5, 0x1
core   0: 3 0x8000b984 (0x00001f17) x30 0x8000c984
core   0: 0x8000b988 (0x663f2e23) sw      gp, 1660(t5)
core   0: 3 0x8000b988 (0x663f2e23) mem 0x8000d000 0x00000001
core   0: 0x8000b98c (0x0000bfe5) c.j     pc - 8
core   0: 3 0x8000b98c (0xbfe5)
core   0: 0x8000b984 (0x00001f17) auipc   t5, 0x1
core   0: 3 0x8000b984 (0x00001f17) x30 0x8000c984
core   0: 0x8000b988 (0x663f2e23) sw      gp, 1660(t5)
core   0: 3 0x8000b988 (0x663f2e23) mem 0x8000d000 0x00000001
core   0: 0x8000b98c (0x0000bfe5) c.j     pc - 8
core   0: 3 0x8000b98c (0xbfe5)
core   0: 0x8000b984 (0x00001f17) auipc   t5, 0x1
core   0: 3 0x8000b984 (0x00001f17) x30 0x8000c984
core   0: 0x8000b988 (0x663f2e23) sw      gp, 1660(t5)
core   0: 3 0x8000b988 (0x663f2e23) mem 0x8000d000 0x00000001
core   0: 0x8000b98c (0x0000bfe5) c.j     pc - 8
core   0: 3 0x8000b98c (0xbfe5)
core   0: 0x8000b984 (0x00001f17) auipc   t5, 0x1
core   0: 3 0x8000b984 (0x00001f17) x30 0x8000c984
core   0: 0x8000b988 (0x663f2e23) sw      gp, 1660(t5)
core   0: 3 0x8000b988 (0x663f2e23) mem 0x8000d000 0x00000001
core   0: 0x8000b98c (0x0000bfe5) c.j     pc - 8
core   0: 3 0x8000b98c (0xbfe5)
core   0: 0x8000b984 (0x00001f17) auipc   t5, 0x1
core   0: 3 0x8000b984 (0x00001f17) x30 0x8000c984
core   0: 0x8000b988 (0x663f2e23) sw      gp, 1660(t5)
core   0: 3 0x8000b988 (0x663f2e23) mem 0x8000d000 0x00000001
core   0: 0x8000b98c (0x0000bfe5) c.j     pc - 8
core   0: 3 0x8000b98c (0xbfe5)
core   0: 0x8000b984 (0x00001f17) auipc   t5, 0x1
core   0: 3 0x8000b984 (0x00001f17) x30 0x8000c984
core   0: 0x8000b988 (0x663f2e23) sw      gp, 1660(t5)
core   0: 3 0x8000b988 (0x663f2e23) mem 0x8000d000 0x00000001
core   0: 0x8000b98c (0x0000bfe5) c.j     pc - 8
core   0: 3 0x8000b98c (0xbfe5)
core   0: 0x8000b984 (0x00001f17) auipc   t5, 0x1
core   0: 3 0x8000b984 (0x00001f17) x30 0x8000c984
core   0: 0x8000b988 (0x663f2e23) sw      gp, 1660(t5)
core   0: 3 0x8000b988 (0x663f2e23) mem 0x8000d000 0x00000001
core   0: 0x8000b98c (0x0000bfe5) c.j     pc - 8
core   0: 3 0x8000b98c (0xbfe5)
core   0: 0x8000b984 (0x00001f17) auipc   t5, 0x1
core   0: 3 0x8000b984 (0x00001f17) x30 0x8000c984
core   0: 0x8000b988 (0x663f2e23) sw      gp, 1660(t5)
core   0: 3 0x8000b988 (0x663f2e23) mem 0x8000d000 0x00000001
core   0: 0x8000b98c (0x0000bfe5) c.j     pc - 8
core   0: 3 0x8000b98c (0xbfe5)
core   0: 0x8000b984 (0x00001f17) auipc   t5, 0x1
core   0: 3 0x8000b984 (0x00001f17) x30 0x8000c984
core   0: 0x8000b988 (0x663f2e23) sw      gp, 1660(t5)
core   0: 3 0x8000b988 (0x663f2e23) mem 0x8000d000 0x00000001
core   0: 0x8000b98c (0x0000bfe5) c.j     pc - 8
core   0: 3 0x8000b98c (0xbfe5)
core   0: 0x8000b984 (0x00001f17) auipc   t5, 0x1
core   0: 3 0x8000b984 (0x00001f17) x30 0x8000c984
core   0: 0x8000b988 (0x663f2e23) sw      gp, 1660(t5)
core   0: 3 0x8000b988 (0x663f2e23) mem 0x8000d000 0x00000001
core   0: 0x8000b98c (0x0000bfe5) c.j     pc - 8
core   0: 3 0x8000b98c (0xbfe5)
core   0: 0x8000b984 (0x00001f17) auipc   t5, 0x1
core   0: 3 0x8000b984 (0x00001f17) x30 0x8000c984
core   0: 0x8000b988 (0x663f2e23) sw      gp, 1660(t5)
core   0: 3 0x8000b988 (0x663f2e23) mem 0x8000d000 0x00000001
core   0: 0x8000b98c (0x0000bfe5) c.j     pc - 8
core   0: 3 0x8000b98c (0xbfe5)
core   0: 0x8000b984 (0x00001f17) auipc   t5, 0x1
core   0: 3 0x8000b984 (0x00001f17) x30 0x8000c984
core   0: 0x8000b988 (0x663f2e23) sw      gp, 1660(t5)
core   0: 3 0x8000b988 (0x663f2e23) mem 0x8000d000 0x00000001
core   0: 0x8000b98c (0x0000bfe5) c.j     pc - 8
core   0: 3 0x8000b98c (0xbfe5)
core   0: 0x8000b984 (0x00001f17) auipc   t5, 0x1
core   0: 3 0x8000b984 (0x00001f17) x30 0x8000c984
core   0: 0x8000b988 (0x663f2e23) sw      gp, 1660(t5)
core   0: 3 0x8000b988 (0x663f2e23) mem 0x8000d000 0x00000001
core   0: 0x8000b98c (0x0000bfe5) c.j     pc - 8
core   0: 3 0x8000b98c (0xbfe5)
core   0: 0x8000b984 (0x00001f17) auipc   t5, 0x1
core   0: 3 0x8000b984 (0x00001f17) x30 0x8000c984
core   0: 0x8000b988 (0x663f2e23) sw      gp, 1660(t5)
core   0: 3 0x8000b988 (0x663f2e23) mem 0x8000d000 0x00000001
core   0: 0x8000b98c (0x0000bfe5) c.j     pc - 8
core   0: 3 0x8000b98c (0xbfe5)
core   0: 0x8000b984 (0x00001f17) auipc   t5, 0x1
core   0: 3 0x8000b984 (0x00001f17) x30 0x8000c984
core   0: 0x8000b988 (0x663f2e23) sw      gp, 1660(t5)
core   0: 3 0x8000b988 (0x663f2e23) mem 0x8000d000 0x00000001
core   0: 0x8000b98c (0x0000bfe5) c.j     pc - 8
core   0: 3 0x8000b98c (0xbfe5)
core   0: 0x8000b984 (0x00001f17) auipc   t5, 0x1
core   0: 3 0x8000b984 (0x00001f17) x30 0x8000c984
core   0: 0x8000b988 (0x663f2e23) sw      gp, 1660(t5)
core   0: 3 0x8000b988 (0x663f2e23) mem 0x8000d000 0x00000001
core   0: 0x8000b98c (0x0000bfe5) c.j     pc - 8
core   0: 3 0x8000b98c (0xbfe5)
core   0: 0x8000b984 (0x00001f17) auipc   t5, 0x1
core   0: 3 0x8000b984 (0x00001f17) x30 0x8000c984
core   0: 0x8000b988 (0x663f2e23) sw      gp, 1660(t5)
core   0: 3 0x8000b988 (0x663f2e23) mem 0x8000d000 0x00000001
core   0: 0x8000b98c (0x0000bfe5) c.j     pc - 8
core   0: 3 0x8000b98c (0xbfe5)
core   0: 0x8000b984 (0x00001f17) auipc   t5, 0x1
core   0: 3 0x8000b984 (0x00001f17) x30 0x8000c984
core   0: 0x8000b988 (0x663f2e23) sw      gp, 1660(t5)
core   0: 3 0x8000b988 (0x663f2e23) mem 0x8000d000 0x00000001
core   0: 0x8000b98c (0x0000bfe5) c.j     pc - 8
core   0: 3 0x8000b98c (0xbfe5)
core   0: 0x8000b984 (0x00001f17) auipc   t5, 0x1
core   0: 3 0x8000b984 (0x00001f17) x30 0x8000c984
core   0: 0x8000b988 (0x663f2e23) sw      gp, 1660(t5)
core   0: 3 0x8000b988 (0x663f2e23) mem 0x8000d000 0x00000001
core   0: 0x8000b98c (0x0000bfe5) c.j     pc - 8
core   0: 3 0x8000b98c (0xbfe5)
core   0: 0x8000b984 (0x00001f17) auipc   t5, 0x1
core   0: 3 0x8000b984 (0x00001f17) x30 0x8000c984
core   0: 0x8000b988 (0x663f2e23) sw      gp, 1660(t5)
core   0: 3 0x8000b988 (0x663f2e23) mem 0x8000d000 0x00000001
core   0: 0x8000b98c (0x0000bfe5) c.j     pc - 8
core   0: 3 0x8000b98c (0xbfe5)
core   0: 0x8000b984 (0x00001f17) auipc   t5, 0x1
core   0: 3 0x8000b984 (0x00001f17) x30 0x8000c984
core   0: 0x8000b988 (0x663f2e23) sw      gp, 1660(t5)
core   0: 3 0x8000b988 (0x663f2e23) mem 0x8000d000 0x00000001
core   0: 0x8000b98c (0x0000bfe5) c.j     pc - 8
core   0: 3 0x8000b98c (0xbfe5)
core   0: 0x8000b984 (0x00001f17) auipc   t5, 0x1
core   0: 3 0x8000b984 (0x00001f17) x30 0x8000c984
core   0: 0x8000b988 (0x663f2e23) sw      gp, 1660(t5)
core   0: 3 0x8000b988 (0x663f2e23) mem 0x8000d000 0x00000001
core   0: 0x8000b98c (0x0000bfe5) c.j     pc - 8
core   0: 3 0x8000b98c (0xbfe5)
core   0: 0x8000b984 (0x00001f17) auipc   t5, 0x1
core   0: 3 0x8000b984 (0x00001f17) x30 0x8000c984
core   0: 0x8000b988 (0x663f2e23) sw      gp, 1660(t5)
core   0: 3 0x8000b988 (0x663f2e23) mem 0x8000d000 0x00000001
core   0: 0x8000b98c (0x0000bfe5) c.j     pc - 8
core   0: 3 0x8000b98c (0xbfe5)
core   0: 0x8000b984 (0x00001f17) auipc   t5, 0x1
core   0: 3 0x8000b984 (0x00001f17) x30 0x8000c984
core   0: 0x8000b988 (0x663f2e23) sw      gp, 1660(t5)
core   0: 3 0x8000b988 (0x663f2e23) mem 0x8000d000 0x00000001
core   0: 0x8000b98c (0x0000bfe5) c.j     pc - 8
core   0: 3 0x8000b98c (0xbfe5)
core   0: 0x8000b984 (0x00001f17) auipc   t5, 0x1
core   0: 3 0x8000b984 (0x00001f17) x30 0x8000c984
core   0: 0x8000b988 (0x663f2e23) sw      gp, 1660(t5)
core   0: 3 0x8000b988 (0x663f2e23) mem 0x8000d000 0x00000001
core   0: 0x8000b98c (0x0000bfe5) c.j     pc - 8
core   0: 3 0x8000b98c (0xbfe5)
core   0: 0x8000b984 (0x00001f17) auipc   t5, 0x1
core   0: 3 0x8000b984 (0x00001f17) x30 0x8000c984
core   0: 0x8000b988 (0x663f2e23) sw      gp, 1660(t5)
core   0: 3 0x8000b988 (0x663f2e23) mem 0x8000d000 0x00000001
core   0: 0x8000b98c (0x0000bfe5) c.j     pc - 8
core   0: 3 0x8000b98c (0xbfe5)
core   0: 0x8000b984 (0x00001f17) auipc   t5, 0x1
core   0: 3 0x8000b984 (0x00001f17) x30 0x8000c984
core   0: 0x8000b988 (0x663f2e23) sw      gp, 1660(t5)
core   0: 3 0x8000b988 (0x663f2e23) mem 0x8000d000 0x00000001
core   0: 0x8000b98c (0x0000bfe5) c.j     pc - 8
core   0: 3 0x8000b98c (0xbfe5)
core   0: 0x8000b984 (0x00001f17) auipc   t5, 0x1
core   0: 3 0x8000b984 (0x00001f17) x30 0x8000c984
core   0: 0x8000b988 (0x663f2e23) sw      gp, 1660(t5)
core   0: 3 0x8000b988 (0x663f2e23) mem 0x8000d000 0x00000001
core   0: 0x8000b98c (0x0000bfe5) c.j     pc - 8
core   0: 3 0x8000b98c (0xbfe5)
core   0: 0x8000b984 (0x00001f17) auipc   t5, 0x1
core   0: 3 0x8000b984 (0x00001f17) x30 0x8000c984
core   0: 0x8000b988 (0x663f2e23) sw      gp, 1660(t5)
core   0: 3 0x8000b988 (0x663f2e23) mem 0x8000d000 0x00000001
core   0: 0x8000b98c (0x0000bfe5) c.j     pc - 8
core   0: 3 0x8000b98c (0xbfe5)
core   0: 0x8000b984 (0x00001f17) auipc   t5, 0x1
core   0: 3 0x8000b984 (0x00001f17) x30 0x8000c984
core   0: 0x8000b988 (0x663f2e23) sw      gp, 1660(t5)
core   0: 3 0x8000b988 (0x663f2e23) mem 0x8000d000 0x00000001
core   0: 0x8000b98c (0x0000bfe5) c.j     pc - 8
core   0: 3 0x8000b98c (0xbfe5)
core   0: 0x8000b984 (0x00001f17) auipc   t5, 0x1
core   0: 3 0x8000b984 (0x00001f17) x30 0x8000c984
core   0: 0x8000b988 (0x663f2e23) sw      gp, 1660(t5)
core   0: 3 0x8000b988 (0x663f2e23) mem 0x8000d000 0x00000001
core   0: 0x8000b98c (0x0000bfe5) c.j     pc - 8
core   0: 3 0x8000b98c (0xbfe5)
core   0: 0x8000b984 (0x00001f17) auipc   t5, 0x1
core   0: 3 0x8000b984 (0x00001f17) x30 0x8000c984
core   0: 0x8000b988 (0x663f2e23) sw      gp, 1660(t5)
core   0: 3 0x8000b988 (0x663f2e23) mem 0x8000d000 0x00000001
core   0: 0x8000b98c (0x0000bfe5) c.j     pc - 8
core   0: 3 0x8000b98c (0xbfe5)
core   0: 0x8000b984 (0x00001f17) auipc   t5, 0x1
core   0: 3 0x8000b984 (0x00001f17) x30 0x8000c984
core   0: 0x8000b988 (0x663f2e23) sw      gp, 1660(t5)
core   0: 3 0x8000b988 (0x663f2e23) mem 0x8000d000 0x00000001
core   0: 0x8000b98c (0x0000bfe5) c.j     pc - 8
core   0: 3 0x8000b98c (0xbfe5)
core   0: 0x8000b984 (0x00001f17) auipc   t5, 0x1
core   0: 3 0x8000b984 (0x00001f17) x30 0x8000c984
core   0: 0x8000b988 (0x663f2e23) sw      gp, 1660(t5)
core   0: 3 0x8000b988 (0x663f2e23) mem 0x8000d000 0x00000001
core   0: 0x8000b98c (0x0000bfe5) c.j     pc - 8
core   0: 3 0x8000b98c (0xbfe5)
core   0: 0x8000b984 (0x00001f17) auipc   t5, 0x1
core   0: 3 0x8000b984 (0x00001f17) x30 0x8000c984
core   0: 0x8000b988 (0x663f2e23) sw      gp, 1660(t5)
core   0: 3 0x8000b988 (0x663f2e23) mem 0x8000d000 0x00000001
core   0: 0x8000b98c (0x0000bfe5) c.j     pc - 8
core   0: 3 0x8000b98c (0xbfe5)
core   0: 0x8000b984 (0x00001f17) auipc   t5, 0x1
core   0: 3 0x8000b984 (0x00001f17) x30 0x8000c984
core   0: 0x8000b988 (0x663f2e23) sw      gp, 1660(t5)
core   0: 3 0x8000b988 (0x663f2e23) mem 0x8000d000 0x00000001
core   0: 0x8000b98c (0x0000bfe5) c.j     pc - 8
core   0: 3 0x8000b98c (0xbfe5)
core   0: 0x8000b984 (0x00001f17) auipc   t5, 0x1
core   0: 3 0x8000b984 (0x00001f17) x30 0x8000c984
core   0: 0x8000b988 (0x663f2e23) sw      gp, 1660(t5)
core   0: 3 0x8000b988 (0x663f2e23) mem 0x8000d000 0x00000001
core   0: 0x8000b98c (0x0000bfe5) c.j     pc - 8
core   0: 3 0x8000b98c (0xbfe5)
core   0: 0x8000b984 (0x00001f17) auipc   t5, 0x1
core   0: 3 0x8000b984 (0x00001f17) x30 0x8000c984
core   0: 0x8000b988 (0x663f2e23) sw      gp, 1660(t5)
core   0: 3 0x8000b988 (0x663f2e23) mem 0x8000d000 0x00000001
core   0: 0x8000b98c (0x0000bfe5) c.j     pc - 8
core   0: 3 0x8000b98c (0xbfe5)
core   0: 0x8000b984 (0x00001f17) auipc   t5, 0x1
core   0: 3 0x8000b984 (0x00001f17) x30 0x8000c984
core   0: 0x8000b988 (0x663f2e23) sw      gp, 1660(t5)
core   0: 3 0x8000b988 (0x663f2e23) mem 0x8000d000 0x00000001
core   0: 0x8000b98c (0x0000bfe5) c.j     pc - 8
core   0: 3 0x8000b98c (0xbfe5)
core   0: 0x8000b984 (0x00001f17) auipc   t5, 0x1
core   0: 3 0x8000b984 (0x00001f17) x30 0x8000c984
core   0: 0x8000b988 (0x663f2e23) sw      gp, 1660(t5)
core   0: 3 0x8000b988 (0x663f2e23) mem 0x8000d000 0x00000001
core   0: 0x8000b98c (0x0000bfe5) c.j     pc - 8
core   0: 3 0x8000b98c (0xbfe5)
core   0: 0x8000b984 (0x00001f17) auipc   t5, 0x1
core   0: 3 0x8000b984 (0x00001f17) x30 0x8000c984
core   0: 0x8000b988 (0x663f2e23) sw      gp, 1660(t5)
core   0: 3 0x8000b988 (0x663f2e23) mem 0x8000d000 0x00000001
core   0: 0x8000b98c (0x0000bfe5) c.j     pc - 8
core   0: 3 0x8000b98c (0xbfe5)
core   0: 0x8000b984 (0x00001f17) auipc   t5, 0x1
core   0: 3 0x8000b984 (0x00001f17) x30 0x8000c984
core   0: 0x8000b988 (0x663f2e23) sw      gp, 1660(t5)
core   0: 3 0x8000b988 (0x663f2e23) mem 0x8000d000 0x00000001
core   0: 0x8000b98c (0x0000bfe5) c.j     pc - 8
core   0: 3 0x8000b98c (0xbfe5)
core   0: 0x8000b984 (0x00001f17) auipc   t5, 0x1
core   0: 3 0x8000b984 (0x00001f17) x30 0x8000c984
core   0: 0x8000b988 (0x663f2e23) sw      gp, 1660(t5)
core   0: 3 0x8000b988 (0x663f2e23) mem 0x8000d000 0x00000001
core   0: 0x8000b98c (0x0000bfe5) c.j     pc - 8
core   0: 3 0x8000b98c (0xbfe5)
core   0: 0x8000b984 (0x00001f17) auipc   t5, 0x1
core   0: 3 0x8000b984 (0x00001f17) x30 0x8000c984
core   0: 0x8000b988 (0x663f2e23) sw      gp, 1660(t5)
core   0: 3 0x8000b988 (0x663f2e23) mem 0x8000d000 0x00000001
core   0: 0x8000b98c (0x0000bfe5) c.j     pc - 8
core   0: 3 0x8000b98c (0xbfe5)
core   0: 0x8000b984 (0x00001f17) auipc   t5, 0x1
core   0: 3 0x8000b984 (0x00001f17) x30 0x8000c984
core   0: 0x8000b988 (0x663f2e23) sw      gp, 1660(t5)
core   0: 3 0x8000b988 (0x663f2e23) mem 0x8000d000 0x00000001
core   0: 0x8000b98c (0x0000bfe5) c.j     pc - 8
core   0: 3 0x8000b98c (0xbfe5)
core   0: 0x8000b984 (0x00001f17) auipc   t5, 0x1
core   0: 3 0x8000b984 (0x00001f17) x30 0x8000c984
core   0: 0x8000b988 (0x663f2e23) sw      gp, 1660(t5)
core   0: 3 0x8000b988 (0x663f2e23) mem 0x8000d000 0x00000001
core   0: 0x8000b98c (0x0000bfe5) c.j     pc - 8
core   0: 3 0x8000b98c (0xbfe5)
core   0: 0x8000b984 (0x00001f17) auipc   t5, 0x1
core   0: 3 0x8000b984 (0x00001f17) x30 0x8000c984
core   0: 0x8000b988 (0x663f2e23) sw      gp, 1660(t5)
core   0: 3 0x8000b988 (0x663f2e23) mem 0x8000d000 0x00000001
core   0: 0x8000b98c (0x0000bfe5) c.j     pc - 8
core   0: 3 0x8000b98c (0xbfe5)
core   0: 0x8000b984 (0x00001f17) auipc   t5, 0x1
core   0: 3 0x8000b984 (0x00001f17) x30 0x8000c984
core   0: 0x8000b988 (0x663f2e23) sw      gp, 1660(t5)
core   0: 3 0x8000b988 (0x663f2e23) mem 0x8000d000 0x00000001
core   0: 0x8000b98c (0x0000bfe5) c.j     pc - 8
core   0: 3 0x8000b98c (0xbfe5)
core   0: 0x8000b984 (0x00001f17) auipc   t5, 0x1
core   0: 3 0x8000b984 (0x00001f17) x30 0x8000c984
core   0: 0x8000b988 (0x663f2e23) sw      gp, 1660(t5)
core   0: 3 0x8000b988 (0x663f2e23) mem 0x8000d000 0x00000001
core   0: 0x8000b98c (0x0000bfe5) c.j     pc - 8
core   0: 3 0x8000b98c (0xbfe5)
core   0: 0x8000b984 (0x00001f17) auipc   t5, 0x1
core   0: 3 0x8000b984 (0x00001f17) x30 0x8000c984
core   0: 0x8000b988 (0x663f2e23) sw      gp, 1660(t5)
core   0: 3 0x8000b988 (0x663f2e23) mem 0x8000d000 0x00000001
core   0: 0x8000b98c (0x0000bfe5) c.j     pc - 8
core   0: 3 0x8000b98c (0xbfe5)
core   0: 0x8000b984 (0x00001f17) auipc   t5, 0x1
core   0: 3 0x8000b984 (0x00001f17) x30 0x8000c984
core   0: 0x8000b988 (0x663f2e23) sw      gp, 1660(t5)
core   0: 3 0x8000b988 (0x663f2e23) mem 0x8000d000 0x00000001
core   0: 0x8000b98c (0x0000bfe5) c.j     pc - 8
core   0: 3 0x8000b98c (0xbfe5)
core   0: 0x8000b984 (0x00001f17) auipc   t5, 0x1
core   0: 3 0x8000b984 (0x00001f17) x30 0x8000c984
core   0: 0x8000b988 (0x663f2e23) sw      gp, 1660(t5)
core   0: 3 0x8000b988 (0x663f2e23) mem 0x8000d000 0x00000001
core   0: 0x8000b98c (0x0000bfe5) c.j     pc - 8
core   0: 3 0x8000b98c (0xbfe5)
core   0: 0x8000b984 (0x00001f17) auipc   t5, 0x1
core   0: 3 0x8000b984 (0x00001f17) x30 0x8000c984
core   0: 0x8000b988 (0x663f2e23) sw      gp, 1660(t5)
core   0: 3 0x8000b988 (0x663f2e23) mem 0x8000d000 0x00000001
core   0: 0x8000b98c (0x0000bfe5) c.j     pc - 8
core   0: 3 0x8000b98c (0xbfe5)
core   0: 0x8000b984 (0x00001f17) auipc   t5, 0x1
core   0: 3 0x8000b984 (0x00001f17) x30 0x8000c984
core   0: 0x8000b988 (0x663f2e23) sw      gp, 1660(t5)
core   0: 3 0x8000b988 (0x663f2e23) mem 0x8000d000 0x00000001
core   0: 0x8000b98c (0x0000bfe5) c.j     pc - 8
core   0: 3 0x8000b98c (0xbfe5)
core   0: 0x8000b984 (0x00001f17) auipc   t5, 0x1
core   0: 3 0x8000b984 (0x00001f17) x30 0x8000c984
core   0: 0x8000b988 (0x663f2e23) sw      gp, 1660(t5)
core   0: 3 0x8000b988 (0x663f2e23) mem 0x8000d000 0x00000001
core   0: 0x8000b98c (0x0000bfe5) c.j     pc - 8
core   0: 3 0x8000b98c (0xbfe5)
core   0: 0x8000b984 (0x00001f17) auipc   t5, 0x1
core   0: 3 0x8000b984 (0x00001f17) x30 0x8000c984
core   0: 0x8000b988 (0x663f2e23) sw      gp, 1660(t5)
core   0: 3 0x8000b988 (0x663f2e23) mem 0x8000d000 0x00000001
core   0: 0x8000b98c (0x0000bfe5) c.j     pc - 8
core   0: 3 0x8000b98c (0xbfe5)
core   0: 0x8000b984 (0x00001f17) auipc   t5, 0x1
core   0: 3 0x8000b984 (0x00001f17) x30 0x8000c984
core   0: 0x8000b988 (0x663f2e23) sw      gp, 1660(t5)
core   0: 3 0x8000b988 (0x663f2e23) mem 0x8000d000 0x00000001
core   0: 0x8000b98c (0x0000bfe5) c.j     pc - 8
core   0: 3 0x8000b98c (0xbfe5)
core   0: 0x8000b984 (0x00001f17) auipc   t5, 0x1
core   0: 3 0x8000b984 (0x00001f17) x30 0x8000c984
core   0: 0x8000b988 (0x663f2e23) sw      gp, 1660(t5)
core   0: 3 0x8000b988 (0x663f2e23) mem 0x8000d000 0x00000001
core   0: 0x8000b98c (0x0000bfe5) c.j     pc - 8
core   0: 3 0x8000b98c (0xbfe5)
core   0: 0x8000b984 (0x00001f17) auipc   t5, 0x1
core   0: 3 0x8000b984 (0x00001f17) x30 0x8000c984
core   0: 0x8000b988 (0x663f2e23) sw      gp, 1660(t5)
core   0: 3 0x8000b988 (0x663f2e23) mem 0x8000d000 0x00000001
core   0: 0x8000b98c (0x0000bfe5) c.j     pc - 8
core   0: 3 0x8000b98c (0xbfe5)
core   0: 0x8000b984 (0x00001f17) auipc   t5, 0x1
core   0: 3 0x8000b984 (0x00001f17) x30 0x8000c984
core   0: 0x8000b988 (0x663f2e23) sw      gp, 1660(t5)
core   0: 3 0x8000b988 (0x663f2e23) mem 0x8000d000 0x00000001
core   0: 0x8000b98c (0x0000bfe5) c.j     pc - 8
core   0: 3 0x8000b98c (0xbfe5)
core   0: 0x8000b984 (0x00001f17) auipc   t5, 0x1
core   0: 3 0x8000b984 (0x00001f17) x30 0x8000c984
core   0: 0x8000b988 (0x663f2e23) sw      gp, 1660(t5)
core   0: 3 0x8000b988 (0x663f2e23) mem 0x8000d000 0x00000001
core   0: 0x8000b98c (0x0000bfe5) c.j     pc - 8
core   0: 3 0x8000b98c (0xbfe5)
core   0: 0x8000b984 (0x00001f17) auipc   t5, 0x1
core   0: 3 0x8000b984 (0x00001f17) x30 0x8000c984
core   0: 0x8000b988 (0x663f2e23) sw      gp, 1660(t5)
core   0: 3 0x8000b988 (0x663f2e23) mem 0x8000d000 0x00000001
core   0: 0x8000b98c (0x0000bfe5) c.j     pc - 8
core   0: 3 0x8000b98c (0xbfe5)
core   0: 0x8000b984 (0x00001f17) auipc   t5, 0x1
core   0: 3 0x8000b984 (0x00001f17) x30 0x8000c984
core   0: 0x8000b988 (0x663f2e23) sw      gp, 1660(t5)
core   0: 3 0x8000b988 (0x663f2e23) mem 0x8000d000 0x00000001
core   0: 0x8000b98c (0x0000bfe5) c.j     pc - 8
core   0: 3 0x8000b98c (0xbfe5)
core   0: 0x8000b984 (0x00001f17) auipc   t5, 0x1
core   0: 3 0x8000b984 (0x00001f17) x30 0x8000c984
core   0: 0x8000b988 (0x663f2e23) sw      gp, 1660(t5)
core   0: 3 0x8000b988 (0x663f2e23) mem 0x8000d000 0x00000001
core   0: 0x8000b98c (0x0000bfe5) c.j     pc - 8
core   0: 3 0x8000b98c (0xbfe5)
core   0: 0x8000b984 (0x00001f17) auipc   t5, 0x1
core   0: 3 0x8000b984 (0x00001f17) x30 0x8000c984
core   0: 0x8000b988 (0x663f2e23) sw      gp, 1660(t5)
core   0: 3 0x8000b988 (0x663f2e23) mem 0x8000d000 0x00000001
core   0: 0x8000b98c (0x0000bfe5) c.j     pc - 8
core   0: 3 0x8000b98c (0xbfe5)
core   0: 0x8000b984 (0x00001f17) auipc   t5, 0x1
core   0: 3 0x8000b984 (0x00001f17) x30 0x8000c984
core   0: 0x8000b988 (0x663f2e23) sw      gp, 1660(t5)
core   0: 3 0x8000b988 (0x663f2e23) mem 0x8000d000 0x00000001
core   0: 0x8000b98c (0x0000bfe5) c.j     pc - 8
core   0: 3 0x8000b98c (0xbfe5)
core   0: 0x8000b984 (0x00001f17) auipc   t5, 0x1
core   0: 3 0x8000b984 (0x00001f17) x30 0x8000c984
core   0: 0x8000b988 (0x663f2e23) sw      gp, 1660(t5)
core   0: 3 0x8000b988 (0x663f2e23) mem 0x8000d000 0x00000001
core   0: 0x8000b98c (0x0000bfe5) c.j     pc - 8
core   0: 3 0x8000b98c (0xbfe5)
core   0: 0x8000b984 (0x00001f17) auipc   t5, 0x1
core   0: 3 0x8000b984 (0x00001f17) x30 0x8000c984
core   0: 0x8000b988 (0x663f2e23) sw      gp, 1660(t5)
core   0: 3 0x8000b988 (0x663f2e23) mem 0x8000d000 0x00000001
core   0: 0x8000b98c (0x0000bfe5) c.j     pc - 8
core   0: 3 0x8000b98c (0xbfe5)
core   0: 0x8000b984 (0x00001f17) auipc   t5, 0x1
core   0: 3 0x8000b984 (0x00001f17) x30 0x8000c984
core   0: 0x8000b988 (0x663f2e23) sw      gp, 1660(t5)
core   0: 3 0x8000b988 (0x663f2e23) mem 0x8000d000 0x00000001
core   0: 0x8000b98c (0x0000bfe5) c.j     pc - 8
core   0: 3 0x8000b98c (0xbfe5)
core   0: 0x8000b984 (0x00001f17) auipc   t5, 0x1
core   0: 3 0x8000b984 (0x00001f17) x30 0x8000c984
core   0: 0x8000b988 (0x663f2e23) sw      gp, 1660(t5)
core   0: 3 0x8000b988 (0x663f2e23) mem 0x8000d000 0x00000001
core   0: 0x8000b98c (0x0000bfe5) c.j     pc - 8
core   0: 3 0x8000b98c (0xbfe5)
core   0: 0x8000b984 (0x00001f17) auipc   t5, 0x1
core   0: 3 0x8000b984 (0x00001f17) x30 0x8000c984
core   0: 0x8000b988 (0x663f2e23) sw      gp, 1660(t5)
core   0: 3 0x8000b988 (0x663f2e23) mem 0x8000d000 0x00000001
core   0: 0x8000b98c (0x0000bfe5) c.j     pc - 8
core   0: 3 0x8000b98c (0xbfe5)
core   0: 0x8000b984 (0x00001f17) auipc   t5, 0x1
core   0: 3 0x8000b984 (0x00001f17) x30 0x8000c984
core   0: 0x8000b988 (0x663f2e23) sw      gp, 1660(t5)
core   0: 3 0x8000b988 (0x663f2e23) mem 0x8000d000 0x00000001
core   0: 0x8000b98c (0x0000bfe5) c.j     pc - 8
core   0: 3 0x8000b98c (0xbfe5)
core   0: 0x8000b984 (0x00001f17) auipc   t5, 0x1
core   0: 3 0x8000b984 (0x00001f17) x30 0x8000c984
core   0: 0x8000b988 (0x663f2e23) sw      gp, 1660(t5)
core   0: 3 0x8000b988 (0x663f2e23) mem 0x8000d000 0x00000001
core   0: 0x8000b98c (0x0000bfe5) c.j     pc - 8
core   0: 3 0x8000b98c (0xbfe5)
core   0: 0x8000b984 (0x00001f17) auipc   t5, 0x1
core   0: 3 0x8000b984 (0x00001f17) x30 0x8000c984
core   0: 0x8000b988 (0x663f2e23) sw      gp, 1660(t5)
core   0: 3 0x8000b988 (0x663f2e23) mem 0x8000d000 0x00000001
core   0: 0x8000b98c (0x0000bfe5) c.j     pc - 8
core   0: 3 0x8000b98c (0xbfe5)
core   0: 0x8000b984 (0x00001f17) auipc   t5, 0x1
core   0: 3 0x8000b984 (0x00001f17) x30 0x8000c984
core   0: 0x8000b988 (0x663f2e23) sw      gp, 1660(t5)
core   0: 3 0x8000b988 (0x663f2e23) mem 0x8000d000 0x00000001
core   0: 0x8000b98c (0x0000bfe5) c.j     pc - 8
core   0: 3 0x8000b98c (0xbfe5)
core   0: 0x8000b984 (0x00001f17) auipc   t5, 0x1
core   0: 3 0x8000b984 (0x00001f17) x30 0x8000c984
core   0: 0x8000b988 (0x663f2e23) sw      gp, 1660(t5)
core   0: 3 0x8000b988 (0x663f2e23) mem 0x8000d000 0x00000001
core   0: 0x8000b98c (0x0000bfe5) c.j     pc - 8
core   0: 3 0x8000b98c (0xbfe5)
core   0: 0x8000b984 (0x00001f17) auipc   t5, 0x1
core   0: 3 0x8000b984 (0x00001f17) x30 0x8000c984
core   0: 0x8000b988 (0x663f2e23) sw      gp, 1660(t5)
core   0: 3 0x8000b988 (0x663f2e23) mem 0x8000d000 0x00000001
core   0: 0x8000b98c (0x0000bfe5) c.j     pc - 8
core   0: 3 0x8000b98c (0xbfe5)
core   0: 0x8000b984 (0x00001f17) auipc   t5, 0x1
core   0: 3 0x8000b984 (0x00001f17) x30 0x8000c984
core   0: 0x8000b988 (0x663f2e23) sw      gp, 1660(t5)
core   0: 3 0x8000b988 (0x663f2e23) mem 0x8000d000 0x00000001
core   0: 0x8000b98c (0x0000bfe5) c.j     pc - 8
core   0: 3 0x8000b98c (0xbfe5)
core   0: 0x8000b984 (0x00001f17) auipc   t5, 0x1
core   0: 3 0x8000b984 (0x00001f17) x30 0x8000c984
core   0: 0x8000b988 (0x663f2e23) sw      gp, 1660(t5)
core   0: 3 0x8000b988 (0x663f2e23) mem 0x8000d000 0x00000001
core   0: 0x8000b98c (0x0000bfe5) c.j     pc - 8
core   0: 3 0x8000b98c (0xbfe5)
core   0: 0x8000b984 (0x00001f17) auipc   t5, 0x1
core   0: 3 0x8000b984 (0x00001f17) x30 0x8000c984
core   0: 0x8000b988 (0x663f2e23) sw      gp, 1660(t5)
core   0: 3 0x8000b988 (0x663f2e23) mem 0x8000d000 0x00000001
core   0: 0x8000b98c (0x0000bfe5) c.j     pc - 8
core   0: 3 0x8000b98c (0xbfe5)
core   0: 0x8000b984 (0x00001f17) auipc   t5, 0x1
core   0: 3 0x8000b984 (0x00001f17) x30 0x8000c984
core   0: 0x8000b988 (0x663f2e23) sw      gp, 1660(t5)
core   0: 3 0x8000b988 (0x663f2e23) mem 0x8000d000 0x00000001
core   0: 0x8000b98c (0x0000bfe5) c.j     pc - 8
core   0: 3 0x8000b98c (0xbfe5)
core   0: 0x8000b984 (0x00001f17) auipc   t5, 0x1
core   0: 3 0x8000b984 (0x00001f17) x30 0x8000c984
core   0: 0x8000b988 (0x663f2e23) sw      gp, 1660(t5)
core   0: 3 0x8000b988 (0x663f2e23) mem 0x8000d000 0x00000001
core   0: 0x8000b98c (0x0000bfe5) c.j     pc - 8
core   0: 3 0x8000b98c (0xbfe5)
core   0: 0x8000b984 (0x00001f17) auipc   t5, 0x1
core   0: 3 0x8000b984 (0x00001f17) x30 0x8000c984
core   0: 0x8000b988 (0x663f2e23) sw      gp, 1660(t5)
core   0: 3 0x8000b988 (0x663f2e23) mem 0x8000d000 0x00000001
core   0: 0x8000b98c (0x0000bfe5) c.j     pc - 8
core   0: 3 0x8000b98c (0xbfe5)
core   0: 0x8000b984 (0x00001f17) auipc   t5, 0x1
core   0: 3 0x8000b984 (0x00001f17) x30 0x8000c984
core   0: 0x8000b988 (0x663f2e23) sw      gp, 1660(t5)
core   0: 3 0x8000b988 (0x663f2e23) mem 0x8000d000 0x00000001
core   0: 0x8000b98c (0x0000bfe5) c.j     pc - 8
core   0: 3 0x8000b98c (0xbfe5)
core   0: 0x8000b984 (0x00001f17) auipc   t5, 0x1
core   0: 3 0x8000b984 (0x00001f17) x30 0x8000c984
core   0: 0x8000b988 (0x663f2e23) sw      gp, 1660(t5)
core   0: 3 0x8000b988 (0x663f2e23) mem 0x8000d000 0x00000001
core   0: 0x8000b98c (0x0000bfe5) c.j     pc - 8
core   0: 3 0x8000b98c (0xbfe5)
core   0: 0x8000b984 (0x00001f17) auipc   t5, 0x1
core   0: 3 0x8000b984 (0x00001f17) x30 0x8000c984
core   0: 0x8000b988 (0x663f2e23) sw      gp, 1660(t5)
core   0: 3 0x8000b988 (0x663f2e23) mem 0x8000d000 0x00000001
core   0: 0x8000b98c (0x0000bfe5) c.j     pc - 8
core   0: 3 0x8000b98c (0xbfe5)
core   0: 0x8000b984 (0x00001f17) auipc   t5, 0x1
core   0: 3 0x8000b984 (0x00001f17) x30 0x8000c984
core   0: 0x8000b988 (0x663f2e23) sw      gp, 1660(t5)
core   0: 3 0x8000b988 (0x663f2e23) mem 0x8000d000 0x00000001
core   0: 0x8000b98c (0x0000bfe5) c.j     pc - 8
core   0: 3 0x8000b98c (0xbfe5)
core   0: 0x8000b984 (0x00001f17) auipc   t5, 0x1
core   0: 3 0x8000b984 (0x00001f17) x30 0x8000c984
core   0: 0x8000b988 (0x663f2e23) sw      gp, 1660(t5)
core   0: 3 0x8000b988 (0x663f2e23) mem 0x8000d000 0x00000001
core   0: 0x8000b98c (0x0000bfe5) c.j     pc - 8
core   0: 3 0x8000b98c (0xbfe5)
core   0: 0x8000b984 (0x00001f17) auipc   t5, 0x1
core   0: 3 0x8000b984 (0x00001f17) x30 0x8000c984
core   0: 0x8000b988 (0x663f2e23) sw      gp, 1660(t5)
core   0: 3 0x8000b988 (0x663f2e23) mem 0x8000d000 0x00000001
core   0: 0x8000b98c (0x0000bfe5) c.j     pc - 8
core   0: 3 0x8000b98c (0xbfe5)
core   0: 0x8000b984 (0x00001f17) auipc   t5, 0x1
core   0: 3 0x8000b984 (0x00001f17) x30 0x8000c984
core   0: 0x8000b988 (0x663f2e23) sw      gp, 1660(t5)
core   0: 3 0x8000b988 (0x663f2e23) mem 0x8000d000 0x00000001
core   0: 0x8000b98c (0x0000bfe5) c.j     pc - 8
core   0: 3 0x8000b98c (0xbfe5)
core   0: 0x8000b984 (0x00001f17) auipc   t5, 0x1
core   0: 3 0x8000b984 (0x00001f17) x30 0x8000c984
core   0: 0x8000b988 (0x663f2e23) sw      gp, 1660(t5)
core   0: 3 0x8000b988 (0x663f2e23) mem 0x8000d000 0x00000001
core   0: 0x8000b98c (0x0000bfe5) c.j     pc - 8
core   0: 3 0x8000b98c (0xbfe5)
core   0: 0x8000b984 (0x00001f17) auipc   t5, 0x1
core   0: 3 0x8000b984 (0x00001f17) x30 0x8000c984
core   0: 0x8000b988 (0x663f2e23) sw      gp, 1660(t5)
core   0: 3 0x8000b988 (0x663f2e23) mem 0x8000d000 0x00000001
core   0: 0x8000b98c (0x0000bfe5) c.j     pc - 8
core   0: 3 0x8000b98c (0xbfe5)
core   0: 0x8000b984 (0x00001f17) auipc   t5, 0x1
core   0: 3 0x8000b984 (0x00001f17) x30 0x8000c984
core   0: 0x8000b988 (0x663f2e23) sw      gp, 1660(t5)
core   0: 3 0x8000b988 (0x663f2e23) mem 0x8000d000 0x00000001
core   0: 0x8000b98c (0x0000bfe5) c.j     pc - 8
core   0: 3 0x8000b98c (0xbfe5)
core   0: 0x8000b984 (0x00001f17) auipc   t5, 0x1
core   0: 3 0x8000b984 (0x00001f17) x30 0x8000c984
core   0: 0x8000b988 (0x663f2e23) sw      gp, 1660(t5)
core   0: 3 0x8000b988 (0x663f2e23) mem 0x8000d000 0x00000001
core   0: 0x8000b98c (0x0000bfe5) c.j     pc - 8
core   0: 3 0x8000b98c (0xbfe5)
core   0: 0x8000b984 (0x00001f17) auipc   t5, 0x1
core   0: 3 0x8000b984 (0x00001f17) x30 0x8000c984
core   0: 0x8000b988 (0x663f2e23) sw      gp, 1660(t5)
core   0: 3 0x8000b988 (0x663f2e23) mem 0x8000d000 0x00000001
core   0: 0x8000b98c (0x0000bfe5) c.j     pc - 8
core   0: 3 0x8000b98c (0xbfe5)
core   0: 0x8000b984 (0x00001f17) auipc   t5, 0x1
core   0: 3 0x8000b984 (0x00001f17) x30 0x8000c984
core   0: 0x8000b988 (0x663f2e23) sw      gp, 1660(t5)
core   0: 3 0x8000b988 (0x663f2e23) mem 0x8000d000 0x00000001
core   0: 0x8000b98c (0x0000bfe5) c.j     pc - 8
core   0: 3 0x8000b98c (0xbfe5)
core   0: 0x8000b984 (0x00001f17) auipc   t5, 0x1
core   0: 3 0x8000b984 (0x00001f17) x30 0x8000c984
core   0: 0x8000b988 (0x663f2e23) sw      gp, 1660(t5)
core   0: 3 0x8000b988 (0x663f2e23) mem 0x8000d000 0x00000001
core   0: 0x8000b98c (0x0000bfe5) c.j     pc - 8
core   0: 3 0x8000b98c (0xbfe5)
core   0: 0x8000b984 (0x00001f17) auipc   t5, 0x1
core   0: 3 0x8000b984 (0x00001f17) x30 0x8000c984
core   0: 0x8000b988 (0x663f2e23) sw      gp, 1660(t5)
core   0: 3 0x8000b988 (0x663f2e23) mem 0x8000d000 0x00000001
core   0: 0x8000b98c (0x0000bfe5) c.j     pc - 8
core   0: 3 0x8000b98c (0xbfe5)
core   0: 0x8000b984 (0x00001f17) auipc   t5, 0x1
core   0: 3 0x8000b984 (0x00001f17) x30 0x8000c984
core   0: 0x8000b988 (0x663f2e23) sw      gp, 1660(t5)
core   0: 3 0x8000b988 (0x663f2e23) mem 0x8000d000 0x00000001
core   0: 0x8000b98c (0x0000bfe5) c.j     pc - 8
core   0: 3 0x8000b98c (0xbfe5)
core   0: 0x8000b984 (0x00001f17) auipc   t5, 0x1
core   0: 3 0x8000b984 (0x00001f17) x30 0x8000c984
core   0: 0x8000b988 (0x663f2e23) sw      gp, 1660(t5)
core   0: 3 0x8000b988 (0x663f2e23) mem 0x8000d000 0x00000001
core   0: 0x8000b98c (0x0000bfe5) c.j     pc - 8
core   0: 3 0x8000b98c (0xbfe5)
core   0: 0x8000b984 (0x00001f17) auipc   t5, 0x1
core   0: 3 0x8000b984 (0x00001f17) x30 0x8000c984
core   0: 0x8000b988 (0x663f2e23) sw      gp, 1660(t5)
core   0: 3 0x8000b988 (0x663f2e23) mem 0x8000d000 0x00000001
core   0: 0x8000b98c (0x0000bfe5) c.j     pc - 8
core   0: 3 0x8000b98c (0xbfe5)
core   0: 0x8000b984 (0x00001f17) auipc   t5, 0x1
core   0: 3 0x8000b984 (0x00001f17) x30 0x8000c984
core   0: 0x8000b988 (0x663f2e23) sw      gp, 1660(t5)
core   0: 3 0x8000b988 (0x663f2e23) mem 0x8000d000 0x00000001
core   0: 0x8000b98c (0x0000bfe5) c.j     pc - 8
core   0: 3 0x8000b98c (0xbfe5)
core   0: 0x8000b984 (0x00001f17) auipc   t5, 0x1
core   0: 3 0x8000b984 (0x00001f17) x30 0x8000c984
core   0: 0x8000b988 (0x663f2e23) sw      gp, 1660(t5)
core   0: 3 0x8000b988 (0x663f2e23) mem 0x8000d000 0x00000001
core   0: 0x8000b98c (0x0000bfe5) c.j     pc - 8
core   0: 3 0x8000b98c (0xbfe5)
core   0: 0x8000b984 (0x00001f17) auipc   t5, 0x1
core   0: 3 0x8000b984 (0x00001f17) x30 0x8000c984
core   0: 0x8000b988 (0x663f2e23) sw      gp, 1660(t5)
core   0: 3 0x8000b988 (0x663f2e23) mem 0x8000d000 0x00000001
