core   0: 0x00001000 (0x00000297) auipc   t0, 0x0
core   0: 3 0x00001000 (0x00000297) x 5 0x00001000
core   0: 0x00001004 (0x02028593) addi    a1, t0, 32
core   0: 3 0x00001004 (0x02028593) x11 0x00001020
core   0: 0x00001008 (0xf1402573) csrr    a0, mhartid
core   0: 3 0x00001008 (0xf1402573) x10 0x00000000
core   0: 0x0000100c (0x0182a283) lw      t0, 24(t0)
core   0: 3 0x0000100c (0x0182a283) x 5 0x80000000 mem 0x00001018
core   0: 0x00001010 (0x00028067) jr      t0
core   0: 3 0x00001010 (0x00028067)
core   0: 0x80000000 (0xf14022f3) csrr    t0, mhartid
core   0: 3 0x80000000 (0xf14022f3) x 5 0x00000000
core   0: 0x80000004 (0x00004301) c.li    t1, 0
core   0: 3 0x80000004 (0x4301) x 6 0x00000000
core   0: 0x80000006 (0x00628263) beq     t0, t1, pc + 4
core   0: 3 0x80000006 (0x00628263)
core   0: 0x8000000a (0x00000a97) auipc   s5, 0x0
core   0: 3 0x8000000a (0x00000a97) x21 0x8000000a
core   0: 0x8000000e (0x00ca8a93) addi    s5, s5, 12
core   0: 3 0x8000000e (0x00ca8a93) x21 0x80000016
core   0: 0x80000012 (0x000a8067) jr      s5
core   0: 3 0x80000012 (0x000a8067)
core   0: 0x80000016 (0x400016b7) lui     a3, 0x40001
core   0: 3 0x80000016 (0x400016b7) x13 0x40001000
core   0: 0x8000001a (0x10468693) addi    a3, a3, 260
core   0: 3 0x8000001a (0x10468693) x13 0x40001104
core   0: 0x8000001e (0x30169073) csrw    misa, a3
core   0: 3 0x8000001e (0x30169073) c769_misa 0x40141104
core   0: 0x80000022 (0x00026d97) auipc   s11, 0x26
core   0: 3 0x80000022 (0x00026d97) x27 0x80026022
core   0: 0x80000026 (0xcc2d8d93) addi    s11, s11, -830
core   0: 3 0x80000026 (0xcc2d8d93) x27 0x80025ce4
core   0: 0x8000002a (0x0000c697) auipc   a3, 0xc
core   0: 3 0x8000002a (0x0000c697) x13 0x8000c02a
core   0: 0x8000002e (0x82e68693) addi    a3, a3, -2002
core   0: 3 0x8000002e (0x82e68693) x13 0x8000b858
core   0: 0x80000032 (0x0006e693) ori     a3, a3, 0
core   0: 3 0x80000032 (0x0006e693) x13 0x8000b858
core   0: 0x80000036 (0x30569073) csrw    mtvec, a3
core   0: 3 0x80000036 (0x30569073) c773_mtvec 0x8000b858
core   0: 0x8000003a (0x00000697) auipc   a3, 0x0
core   0: 3 0x8000003a (0x00000697) x13 0x8000003a
core   0: 0x8000003e (0x02468693) addi    a3, a3, 36
core   0: 3 0x8000003e (0x02468693) x13 0x8000005e
core   0: 0x80000042 (0x34169073) csrw    mepc, a3
core   0: 3 0x80000042 (0x34169073) c833_mepc 0x8000005e
core   0: 0x80000046 (0x00000001) c.nop
core   0: 3 0x80000046 (0x0001)
core   0: 0x80000048 (0x000026b7) lui     a3, 0x2
core   0: 3 0x80000048 (0x000026b7) x13 0x00002000
core   0: 0x8000004c (0x80068693) addi    a3, a3, -2048
core   0: 3 0x8000004c (0x80068693) x13 0x00001800
core   0: 0x80000050 (0x30069073) csrw    mstatus, a3
core   0: 3 0x80000050 (0x30069073) c768_mstatus 0x00001800
core   0: 0x80000054 (0x00004681) c.li    a3, 0
core   0: 3 0x80000054 (0x4681) x13 0x00000000
core   0: 0x80000056 (0x30469073) csrw    mie, a3
core   0: 3 0x80000056 (0x30469073) c772_mie 0x00000000
core   0: 0x8000005a (0x30200073) mret
core   0: 3 0x8000005a (0x30200073) c768_mstatus 0x00000080
core   0: >>>>  init
core   0: 0x8000005e (0x00100013) li      zero, 1
core   0: 3 0x8000005e (0x00100013)
core   0: 0x80000062 (0x800000b7) lui     ra, 0x80000
core   0: 3 0x80000062 (0x800000b7) x 1 0x80000000
core   0: 0x80000066 (0x00004125) c.li    sp, 9
core   0: 3 0x80000066 (0x4125) x 2 0x00000009
core   0: 0x80000068 (0x800001b7) lui     gp, 0x80000
core   0: 3 0x80000068 (0x800001b7) x 3 0x80000000
core   0: 0x8000006c (0x0000423d) c.li    tp, 15
core   0: 3 0x8000006c (0x423d) x 4 0x0000000f
core   0: 0x8000006e (0x00004289) c.li    t0, 2
core   0: 3 0x8000006e (0x4289) x 5 0x00000002
core   0: 0x80000070 (0xf5e36337) lui     t1, 0xf5e36
core   0: 3 0x80000070 (0xf5e36337) x 6 0xf5e36000
core   0: 0x80000074 (0xc6b30313) addi    t1, t1, -917
core   0: 3 0x80000074 (0xc6b30313) x 6 0xf5e35c6b
core   0: 0x80000078 (0xf022f3b7) lui     t2, 0xf022f
core   0: 3 0x80000078 (0xf022f3b7) x 7 0xf022f000
core   0: 0x8000007c (0x14038393) addi    t2, t2, 320
core   0: 3 0x8000007c (0x14038393) x 7 0xf022f140
core   0: 0x80000080 (0x00004405) c.li    s0, 1
core   0: 3 0x80000080 (0x4405) x 8 0x00000001
core   0: 0x80000082 (0x000044a5) c.li    s1, 9
core   0: 3 0x80000082 (0x44a5) x 9 0x00000009
core   0: 0x80000084 (0xf8a075b7) lui     a1, 0xf8a07
core   0: 3 0x80000084 (0xf8a075b7) x11 0xf8a07000
core   0: 0x80000088 (0x6f158593) addi    a1, a1, 1777
core   0: 3 0x80000088 (0x6f158593) x11 0xf8a076f1
core   0: 0x8000008c (0x76382637) lui     a2, 0x76382
core   0: 3 0x8000008c (0x76382637) x12 0x76382000
core   0: 0x80000090 (0xdfc60613) addi    a2, a2, -516
core   0: 3 0x80000090 (0xdfc60613) x12 0x76381dfc
core   0: 0x80000094 (0x66b116b7) lui     a3, 0x66b11
core   0: 3 0x80000094 (0x66b116b7) x13 0x66b11000
core   0: 0x80000098 (0x5dd68693) addi    a3, a3, 1501
core   0: 3 0x80000098 (0x5dd68693) x13 0x66b115dd
core   0: 0x8000009c (0x80000737) lui     a4, 0x80000
core   0: 3 0x8000009c (0x80000737) x14 0x80000000
core   0: 0x800000a0 (0x00004781) c.li    a5, 0
core   0: 3 0x800000a0 (0x4781) x15 0x00000000
core   0: 0x800000a2 (0xfd9ed837) lui     a6, 0xfd9ed
core   0: 3 0x800000a2 (0xfd9ed837) x16 0xfd9ed000
core   0: 0x800000a6 (0xb3b80813) addi    a6, a6, -1221
core   0: 3 0x800000a6 (0xb3b80813) x16 0xfd9ecb3b
core   0: 0x800000aa (0x001928b7) lui     a7, 0x192
core   0: 3 0x800000aa (0x001928b7) x17 0x00192000
core   0: 0x800000ae (0x91088893) addi    a7, a7, -1776
core   0: 3 0x800000ae (0x91088893) x17 0x00191910
core   0: 0x800000b2 (0x00004901) c.li    s2, 0
core   0: 3 0x800000b2 (0x4901) x18 0x00000000
core   0: 0x800000b4 (0xf096f9b7) lui     s3, 0xf096f
core   0: 3 0x800000b4 (0xf096f9b7) x19 0xf096f000
core   0: 0x800000b8 (0x54198993) addi    s3, s3, 1345
core   0: 3 0x800000b8 (0x54198993) x19 0xf096f541
core   0: 0x800000bc (0xf94c5a37) lui     s4, 0xf94c5
core   0: 3 0x800000bc (0xf94c5a37) x20 0xf94c5000
core   0: 0x800000c0 (0xbf2a0a13) addi    s4, s4, -1038
core   0: 3 0x800000c0 (0xbf2a0a13) x20 0xf94c4bf2
core   0: 0x800000c4 (0x085b6ab7) lui     s5, 0x85b6
core   0: 3 0x800000c4 (0x085b6ab7) x21 0x085b6000
core   0: 0x800000c8 (0xf20a8a93) addi    s5, s5, -224
core   0: 3 0x800000c8 (0xf20a8a93) x21 0x085b5f20
core   0: 0x800000cc (0x00004b01) c.li    s6, 0
core   0: 3 0x800000cc (0x4b01) x22 0x00000000
core   0: 0x800000ce (0x80000bb7) lui     s7, 0x80000
core   0: 3 0x800000ce (0x80000bb7) x23 0x80000000
core   0: 0x800000d2 (0xf314dc37) lui     s8, 0xf314d
core   0: 3 0x800000d2 (0xf314dc37) x24 0xf314d000
core   0: 0x800000d6 (0x986c0c13) addi    s8, s8, -1658
core   0: 3 0x800000d6 (0x986c0c13) x24 0xf314c986
core   0: 0x800000da (0x80000cb7) lui     s9, 0x80000
core   0: 3 0x800000da (0x80000cb7) x25 0x80000000
core   0: 0x800000de (0x00004d01) c.li    s10, 0
core   0: 3 0x800000de (0x4d01) x26 0x00000000
core   0: 0x800000e0 (0x80000e37) lui     t3, 0x80000
core   0: 3 0x800000e0 (0x80000e37) x28 0x80000000
core   0: 0x800000e4 (0x00004e81) c.li    t4, 0
core   0: 3 0x800000e4 (0x4e81) x29 0x00000000
core   0: 0x800000e6 (0x00004f01) c.li    t5, 0
core   0: 3 0x800000e6 (0x4f01) x30 0x00000000
core   0: 0x800000e8 (0x00004f99) c.li    t6, 6
core   0: 3 0x800000e8 (0x4f99) x31 0x00000006
core   0: 0x800000ea (0x00022517) auipc   a0, 0x22
core   0: 3 0x800000ea (0x00022517) x10 0x800220ea
core   0: 0x800000ee (0xd7a50513) addi    a0, a0, -646
core   0: 3 0x800000ee (0xd7a50513) x10 0x80021e64
core   0: 0x800000f2 (0x00001217) auipc   tp, 0x1
core   0: 3 0x800000f2 (0x00001217) x 4 0x800010f2
core   0: 0x800000f6 (0x6b820213) addi    tp, tp, 1720
core   0: 3 0x800000f6 (0x6b820213) x 4 0x800017aa
core   0: 0x800000fa (0x31320213) addi    tp, tp, 787
core   0: 3 0x800000fa (0x31320213) x 4 0x80001abd
core   0: 0x800000fe (0x02492bb3) mulhsu  s7, s2, tp
core   0: 3 0x800000fe (0x02492bb3) x23 0x00000000
core   0: 0x80000102 (0x02d68433) mul     s0, a3, a3
core   0: 3 0x80000102 (0x02d68433) x 8 0x597800c9
core   0: 0x80000106 (0x0092de13) srli    t3, t0, 9
core   0: 3 0x80000106 (0x0092de13) x28 0x00000000
core   0: 0x8000010a (0x0039d863) bge     s3, gp, pc + 16
core   0: 3 0x8000010a (0x0039d863)
core   0: 0x8000011a (0xced200e7) jalr    ra, tp, -787
core   0: 3 0x8000011a (0xced200e7) x 1 0x8000011e
core   0: 0x800017aa (0x000005d6) c.slli  a1, 21
core   0: 3 0x800017aa (0x05d6) x11 0xde200000
core   0: 0x800017ac (0x00001531) c.addi  a0, -20
core   0: 3 0x800017ac (0x1531) x10 0x80021e50
core   0: 0x800017ae (0x00008459) c.srai  s0, 22
core   0: 3 0x800017ae (0x8459) x 8 0x00000165
core   0: 0x800017b0 (0x0000100f) fence.i
core   0: 3 0x800017b0 (0x0000100f)
core   0: 0x800017b4 (0x00152223) sw      ra, 4(a0)
core   0: 3 0x800017b4 (0x00152223) mem 0x80021e54 0x8000011e
core   0: 0x800017b8 (0x027c64b3) rem     s1, s8, t2
core   0: 3 0x800017b8 (0x027c64b3) x 9 0xf314c986
core   0: 0x800017bc (0x00700193) li      gp, 7
core   0: 3 0x800017bc (0x00700193) x 3 0x00000007
core   0: 0x800017c0 (0x0ff0000f) fence   iorw,iorw
core   0: 3 0x800017c0 (0x0ff0000f)
core   0: 0x800017c4 (0x00008cb5) c.xor   s1, a3
core   0: 3 0x800017c4 (0x8cb5) x 9 0x95a5dc5b
core   0: 0x800017c6 (0x027f4c33) div     s8, t5, t2
core   0: 3 0x800017c6 (0x027f4c33) x24 0x00000000
core   0: 0x800017ca (0x00700593) li      a1, 7
core   0: 3 0x800017ca (0x00700593) x11 0x00000007
core   0: 0x800017ce (0x03d4da33) divu    s4, s1, t4
core   0: 3 0x800017ce (0x03d4da33) x20 0xffffffff
core   0: 0x800017d2 (0xc3c86393) ori     t2, a6, -964
core   0: 3 0x800017d2 (0xc3c86393) x 7 0xffffff3f
core   0: 0x800017d6 (0x00e5c0b3) xor     ra, a1, a4
core   0: 3 0x800017d6 (0x00e5c0b3) x 1 0x80000007
core   0: 0x800017da (0x004ed113) srli    sp, t4, 4
core   0: 3 0x800017da (0x004ed113) x 2 0x00000000
core   0: 0x800017de (0x0023c0b3) xor     ra, t2, sp
core   0: 3 0x800017de (0x0023c0b3) x 1 0xffffff3f
core   0: 0x800017e2 (0x0000137d) c.addi  t1, -1
core   0: 3 0x800017e2 (0x137d) x 6 0xf5e35c6a
core   0: 0x800017e4 (0x000011f9) c.addi  gp, -2
core   0: 3 0x800017e4 (0x11f9) x 3 0x00000005
core   0: 0x800017e6 (0x00008cc1) c.or    s1, s0
core   0: 3 0x800017e6 (0x8cc1) x 9 0x95a5dd7f
core   0: 0x800017e8 (0x00200413) li      s0, 2
core   0: 3 0x800017e8 (0x00200413) x 8 0x00000002
core   0: 0x800017ec (0x00000726) c.slli  a4, 9
core   0: 3 0x800017ec (0x0726) x14 0x00000000
core   0: 0x800017ee (0x00500693) li      a3, 5
core   0: 3 0x800017ee (0x00500693) x13 0x00000005
core   0: 0x800017f2 (0x01af9b93) slli    s7, t6, 26
core   0: 3 0x800017f2 (0x01af9b93) x23 0x18000000
core   0: 0x800017f6 (0x00e40b33) add     s6, s0, a4
core   0: 3 0x800017f6 (0x00e40b33) x22 0x00000002
core   0: 0x800017fa (0x00009606) c.add   a2, ra
core   0: 3 0x800017fa (0x9606) x12 0x76381d3b
core   0: 0x800017fc (0x00000405) c.addi  s0, 1
core   0: 3 0x800017fc (0x0405) x 8 0x00000003
core   0: 0x800017fe (0x00008f89) c.sub   a5, a0
core   0: 3 0x800017fe (0x8f89) x15 0x7ffde1b0
core   0: 0x80001800 (0x00008cf1) c.and   s1, a2
core   0: 3 0x80001800 (0x8cf1) x 9 0x14201d3b
core   0: 0x80001802 (0xfed40ae3) beq     s0, a3, pc - 12
core   0: 3 0x80001802 (0xfed40ae3)
core   0: 0x80001806 (0x0022d833) srl     a6, t0, sp
core   0: 3 0x80001806 (0x0022d833) x16 0x00000002
core   0: 0x8000180a (0x40388a33) sub     s4, a7, gp
core   0: 3 0x8000180a (0x40388a33) x20 0x0019190b
core   0: 0x8000180e (0xfcb1f0e3) bgeu    gp, a1, pc - 64
core   0: 3 0x8000180e (0xfcb1f0e3)
core   0: 0x80001812 (0x01217f33) and     t5, sp, s2
core   0: 3 0x80001812 (0x01217f33) x30 0x00000000
core   0: 0x80001816 (0x00500493) li      s1, 5
core   0: 3 0x80001816 (0x00500493) x 9 0x00000005
core   0: 0x8000181a (0x0000082e) c.slli  a6, 11
core   0: 3 0x8000181a (0x082e) x16 0x00001000
core   0: 0x8000181c (0xf4c66113) ori     sp, a2, -180
core   0: 3 0x8000181c (0xf4c66113) x 2 0xffffff7f
core   0: 0x80001820 (0x40dedc33) sra     s8, t4, a3
core   0: 3 0x80001820 (0x40dedc33) x24 0x00000000
core   0: 0x80001824 (0x0ff0000f) fence   iorw,iorw
core   0: 3 0x80001824 (0x0ff0000f)
core   0: 0x80001828 (0x33a3e897) auipc   a7, 0x33a3e
core   0: 3 0x80001828 (0x33a3e897) x17 0xb3a3f828
core   0: 0x8000182c (0x004023b3) slt     t2, zero, tp
core   0: 3 0x8000182c (0x004023b3) x 7 0x00000000
core   0: 0x80001830 (0x000082e9) c.srli  a3, 26
core   0: 3 0x80001830 (0x82e9) x13 0x00000000
core   0: 0x80001832 (0x00500b93) li      s7, 5
core   0: 3 0x80001832 (0x00500b93) x23 0x00000005
core   0: 0x80001836 (0x000009e2) c.slli  s3, 24
core   0: 3 0x80001836 (0x09e2) x19 0x41000000
core   0: 0x80001838 (0x41f20233) sub     tp, tp, t6
core   0: 3 0x80001838 (0x41f20233) x 4 0x80001ab7
core   0: 0x8000183c (0x00001300) c.addi4spn s0, sp, 416
core   0: 3 0x8000183c (0x1300) x 8 0x0000011f
core   0: 0x8000183e (0x000014f1) c.addi  s1, -4
core   0: 3 0x8000183e (0x14f1) x 9 0x00000001
core   0: 0x80001840 (0x016b6733) or      a4, s6, s6
core   0: 3 0x80001840 (0x016b6733) x14 0x00000002
core   0: 0x80001844 (0xff74fae3) bgeu    s1, s7, pc - 12
core   0: 3 0x80001844 (0xff74fae3)
core   0: 0x80001848 (0x00008dcd) c.or    a1, a1
core   0: 3 0x80001848 (0x8dcd) x11 0x00000007
core   0: 0x8000184a (0xffa00813) li      a6, -6
core   0: 3 0x8000184a (0xffa00813) x16 0xfffffffa
core   0: 0x8000184e (0x01721633) sll     a2, tp, s7
core   0: 3 0x8000184e (0x01721633) x12 0x000356e0
core   0: 0x80001852 (0x00000001) c.nop
core   0: 3 0x80001852 (0x0001)
core   0: 0x80001854 (0x9365ab93) slti    s7, a1, -1738
core   0: 3 0x80001854 (0x9365ab93) x23 0x00000000
core   0: 0x80001858 (0x41a60eb3) sub     t4, a2, s10
core   0: 3 0x80001858 (0x41a60eb3) x29 0x000356e0
core   0: 0x8000185c (0x00bab733) sltu    a4, s5, a1
core   0: 3 0x8000185c (0x00bab733) x14 0x00000000
core   0: 0x80001860 (0x008d5b13) srli    s6, s10, 8
core   0: 3 0x80001860 (0x008d5b13) x22 0x00000000
core   0: 0x80001864 (0x03c1f7b3) remu    a5, gp, t3
core   0: 3 0x80001864 (0x03c1f7b3) x15 0x00000005
core   0: 0x80001868 (0x40c45d13) srai    s10, s0, 12
core   0: 3 0x80001868 (0x40c45d13) x26 0x00000000
core   0: 0x8000186c (0x00400893) li      a7, 4
core   0: 3 0x8000186c (0x00400893) x17 0x00000004
core   0: 0x80001870 (0x00008c8d) c.sub   s1, a1
core   0: 3 0x80001870 (0x8c8d) x 9 0xfffffffa
core   0: 0x80001872 (0xa4564b13) xori    s6, a2, -1467
core   0: 3 0x80001872 (0xa4564b13) x22 0xfffcaca5
core   0: 0x80001876 (0x00a04a33) xor     s4, zero, a0
core   0: 3 0x80001876 (0x00a04a33) x20 0x80021e50
core   0: 0x8000187a (0x00008acd) c.andi  a3, 19
core   0: 3 0x8000187a (0x8acd) x13 0x00000000
core   0: 0x8000187c (0x01e6eb33) or      s6, a3, t5
core   0: 3 0x8000187c (0x01e6eb33) x22 0x00000000
core   0: 0x80001880 (0x03ed2fb3) mulhsu  t6, s10, t5
core   0: 3 0x80001880 (0x03ed2fb3) x31 0x00000000
core   0: 0x80001884 (0x00000805) c.addi  a6, 1
core   0: 3 0x80001884 (0x0805) x16 0xfffffffb
core   0: 0x80001886 (0x00009e8e) c.add   t4, gp
core   0: 3 0x80001886 (0x9e8e) x29 0x000356e5
core   0: 0x80001888 (0xff1849e3) blt     a6, a7, pc - 14
core   0: 3 0x80001888 (0xff1849e3)
core   0: 0x8000187a (0x00008acd) c.andi  a3, 19
core   0: 3 0x8000187a (0x8acd) x13 0x00000000
core   0: 0x8000187c (0x01e6eb33) or      s6, a3, t5
core   0: 3 0x8000187c (0x01e6eb33) x22 0x00000000
core   0: 0x80001880 (0x03ed2fb3) mulhsu  t6, s10, t5
core   0: 3 0x80001880 (0x03ed2fb3) x31 0x00000000
core   0: 0x80001884 (0x00000805) c.addi  a6, 1
core   0: 3 0x80001884 (0x0805) x16 0xfffffffc
core   0: 0x80001886 (0x00009e8e) c.add   t4, gp
core   0: 3 0x80001886 (0x9e8e) x29 0x000356ea
core   0: 0x80001888 (0xff1849e3) blt     a6, a7, pc - 14
core   0: 3 0x80001888 (0xff1849e3)
core   0: 0x8000187a (0x00008acd) c.andi  a3, 19
core   0: 3 0x8000187a (0x8acd) x13 0x00000000
core   0: 0x8000187c (0x01e6eb33) or      s6, a3, t5
core   0: 3 0x8000187c (0x01e6eb33) x22 0x00000000
core   0: 0x80001880 (0x03ed2fb3) mulhsu  t6, s10, t5
core   0: 3 0x80001880 (0x03ed2fb3) x31 0x00000000
core   0: 0x80001884 (0x00000805) c.addi  a6, 1
core   0: 3 0x80001884 (0x0805) x16 0xfffffffd
core   0: 0x80001886 (0x00009e8e) c.add   t4, gp
core   0: 3 0x80001886 (0x9e8e) x29 0x000356ef
core   0: 0x80001888 (0xff1849e3) blt     a6, a7, pc - 14
core   0: 3 0x80001888 (0xff1849e3)
core   0: 0x8000187a (0x00008acd) c.andi  a3, 19
core   0: 3 0x8000187a (0x8acd) x13 0x00000000
core   0: 0x8000187c (0x01e6eb33) or      s6, a3, t5
core   0: 3 0x8000187c (0x01e6eb33) x22 0x00000000
core   0: 0x80001880 (0x03ed2fb3) mulhsu  t6, s10, t5
core   0: 3 0x80001880 (0x03ed2fb3) x31 0x00000000
core   0: 0x80001884 (0x00000805) c.addi  a6, 1
core   0: 3 0x80001884 (0x0805) x16 0xfffffffe
core   0: 0x80001886 (0x00009e8e) c.add   t4, gp
core   0: 3 0x80001886 (0x9e8e) x29 0x000356f4
core   0: 0x80001888 (0xff1849e3) blt     a6, a7, pc - 14
core   0: 3 0x80001888 (0xff1849e3)
core   0: 0x8000187a (0x00008acd) c.andi  a3, 19
core   0: 3 0x8000187a (0x8acd) x13 0x00000000
core   0: 0x8000187c (0x01e6eb33) or      s6, a3, t5
core   0: 3 0x8000187c (0x01e6eb33) x22 0x00000000
core   0: 0x80001880 (0x03ed2fb3) mulhsu  t6, s10, t5
core   0: 3 0x80001880 (0x03ed2fb3) x31 0x00000000
core   0: 0x80001884 (0x00000805) c.addi  a6, 1
core   0: 3 0x80001884 (0x0805) x16 0xffffffff
core   0: 0x80001886 (0x00009e8e) c.add   t4, gp
core   0: 3 0x80001886 (0x9e8e) x29 0x000356f9
core   0: 0x80001888 (0xff1849e3) blt     a6, a7, pc - 14
core   0: 3 0x80001888 (0xff1849e3)
core   0: 0x8000187a (0x00008acd) c.andi  a3, 19
core   0: 3 0x8000187a (0x8acd) x13 0x00000000
core   0: 0x8000187c (0x01e6eb33) or      s6, a3, t5
core   0: 3 0x8000187c (0x01e6eb33) x22 0x00000000
core   0: 0x80001880 (0x03ed2fb3) mulhsu  t6, s10, t5
core   0: 3 0x80001880 (0x03ed2fb3) x31 0x00000000
core   0: 0x80001884 (0x00000805) c.addi  a6, 1
core   0: 3 0x80001884 (0x0805) x16 0x00000000
core   0: 0x80001886 (0x00009e8e) c.add   t4, gp
core   0: 3 0x80001886 (0x9e8e) x29 0x000356fe
core   0: 0x80001888 (0xff1849e3) blt     a6, a7, pc - 14
core   0: 3 0x80001888 (0xff1849e3)
core   0: 0x8000187a (0x00008acd) c.andi  a3, 19
core   0: 3 0x8000187a (0x8acd) x13 0x00000000
core   0: 0x8000187c (0x01e6eb33) or      s6, a3, t5
core   0: 3 0x8000187c (0x01e6eb33) x22 0x00000000
core   0: 0x80001880 (0x03ed2fb3) mulhsu  t6, s10, t5
core   0: 3 0x80001880 (0x03ed2fb3) x31 0x00000000
core   0: 0x80001884 (0x00000805) c.addi  a6, 1
core   0: 3 0x80001884 (0x0805) x16 0x00000001
core   0: 0x80001886 (0x00009e8e) c.add   t4, gp
core   0: 3 0x80001886 (0x9e8e) x29 0x00035703
core   0: 0x80001888 (0xff1849e3) blt     a6, a7, pc - 14
core   0: 3 0x80001888 (0xff1849e3)
core   0: 0x8000187a (0x00008acd) c.andi  a3, 19
core   0: 3 0x8000187a (0x8acd) x13 0x00000000
core   0: 0x8000187c (0x01e6eb33) or      s6, a3, t5
core   0: 3 0x8000187c (0x01e6eb33) x22 0x00000000
core   0: 0x80001880 (0x03ed2fb3) mulhsu  t6, s10, t5
core   0: 3 0x80001880 (0x03ed2fb3) x31 0x00000000
core   0: 0x80001884 (0x00000805) c.addi  a6, 1
core   0: 3 0x80001884 (0x0805) x16 0x00000002
core   0: 0x80001886 (0x00009e8e) c.add   t4, gp
core   0: 3 0x80001886 (0x9e8e) x29 0x00035708
core   0: 0x80001888 (0xff1849e3) blt     a6, a7, pc - 14
core   0: 3 0x80001888 (0xff1849e3)
core   0: 0x8000187a (0x00008acd) c.andi  a3, 19
core   0: 3 0x8000187a (0x8acd) x13 0x00000000
core   0: 0x8000187c (0x01e6eb33) or      s6, a3, t5
core   0: 3 0x8000187c (0x01e6eb33) x22 0x00000000
core   0: 0x80001880 (0x03ed2fb3) mulhsu  t6, s10, t5
core   0: 3 0x80001880 (0x03ed2fb3) x31 0x00000000
core   0: 0x80001884 (0x00000805) c.addi  a6, 1
core   0: 3 0x80001884 (0x0805) x16 0x00000003
core   0: 0x80001886 (0x00009e8e) c.add   t4, gp
core   0: 3 0x80001886 (0x9e8e) x29 0x0003570d
core   0: 0x80001888 (0xff1849e3) blt     a6, a7, pc - 14
core   0: 3 0x80001888 (0xff1849e3)
core   0: 0x8000187a (0x00008acd) c.andi  a3, 19
core   0: 3 0x8000187a (0x8acd) x13 0x00000000
core   0: 0x8000187c (0x01e6eb33) or      s6, a3, t5
core   0: 3 0x8000187c (0x01e6eb33) x22 0x00000000
core   0: 0x80001880 (0x03ed2fb3) mulhsu  t6, s10, t5
core   0: 3 0x80001880 (0x03ed2fb3) x31 0x00000000
core   0: 0x80001884 (0x00000805) c.addi  a6, 1
core   0: 3 0x80001884 (0x0805) x16 0x00000004
core   0: 0x80001886 (0x00009e8e) c.add   t4, gp
core   0: 3 0x80001886 (0x9e8e) x29 0x00035712
core   0: 0x80001888 (0xff1849e3) blt     a6, a7, pc - 14
core   0: 3 0x80001888 (0xff1849e3)
core   0: 0x8000188c (0x00e71293) slli    t0, a4, 14
core   0: 3 0x8000188c (0x00e71293) x 5 0x00000000
core   0: 0x80001890 (0xfff00593) li      a1, -1
core   0: 3 0x80001890 (0xfff00593) x11 0xffffffff
core   0: 0x80001894 (0x00b00393) li      t2, 11
core   0: 3 0x80001894 (0x00b00393) x 7 0x0000000b
core   0: 0x80001898 (0x6116b093) sltiu   ra, a3, 1553
core   0: 3 0x80001898 (0x6116b093) x 1 0x00000001
core   0: 0x8000189c (0x00000585) c.addi  a1, 1
core   0: 3 0x8000189c (0x0585) x11 0x00000000
core   0: 0x8000189e (0x404282b3) sub     t0, t0, tp
core   0: 3 0x8000189e (0x404282b3) x 5 0x7fffe549
core   0: 0x800018a2 (0x5bc18f97) auipc   t6, 0x5bc18
core   0: 3 0x800018a2 (0x5bc18f97) x31 0xdbc198a2
core   0: 0x800018a6 (0xfe7589e3) beq     a1, t2, pc - 14
core   0: 3 0x800018a6 (0xfe7589e3)
core   0: 0x800018aa (0x03b3b6b3) mulhu   a3, t2, s11
core   0: 3 0x800018aa (0x03b3b6b3) x13 0x00000005
core   0: 0x800018ae (0x00600693) li      a3, 6
core   0: 3 0x800018ae (0x00600693) x13 0x00000006
core   0: 0x800018b2 (0x00000986) c.slli  s3, 1
core   0: 3 0x800018b2 (0x0986) x19 0x82000000
core   0: 0x800018b4 (0xbc1c5937) lui     s2, 0xbc1c5
core   0: 3 0x800018b4 (0xbc1c5937) x18 0xbc1c5000
core   0: 0x800018b8 (0x00009fc2) c.add   t6, a6
core   0: 3 0x800018b8 (0x9fc2) x31 0xdbc198a6
core   0: 0x800018ba (0x00001cfd) c.addi  s9, -1
core   0: 3 0x800018ba (0x1cfd) x25 0x7fffffff
core   0: 0x800018bc (0x00400593) li      a1, 4
core   0: 3 0x800018bc (0x00400593) x11 0x00000004
core   0: 0x800018c0 (0x00817bb3) and     s7, sp, s0
core   0: 3 0x800018c0 (0x00817bb3) x23 0x0000011f
core   0: 0x800018c4 (0x0000100f) fence.i
core   0: 3 0x800018c4 (0x0000100f)
core   0: 0x800018c8 (0x00000001) c.nop
core   0: 3 0x800018c8 (0x0001)
core   0: 0x800018ca (0x029c9433) mulh    s0, s9, s1
core   0: 3 0x800018ca (0x029c9433) x 8 0xfffffffd
core   0: 0x800018ce (0x00008e2d) c.xor   a2, a1
core   0: 3 0x800018ce (0x8e2d) x12 0x000356e4
core   0: 0x800018d0 (0x00000001) c.nop
core   0: 3 0x800018d0 (0x0001)
core   0: 0x800018d2 (0x000016e5) c.addi  a3, -7
core   0: 3 0x800018d2 (0x16e5) x13 0xffffffff
core   0: 0x800018d4 (0x01df6f33) or      t5, t5, t4
core   0: 3 0x800018d4 (0x01df6f33) x30 0x00035712
core   0: 0x800018d8 (0x03506c33) rem     s8, zero, s5
core   0: 3 0x800018d8 (0x03506c33) x24 0x00000000
core   0: 0x800018dc (0x0000616d) c.addi16sp sp, 240
core   0: 3 0x800018dc (0x616d) x 2 0x0000006f
core   0: 0x800018de (0x00e03e33) snez    t3, a4
core   0: 3 0x800018de (0x00e03e33) x28 0x00000000
core   0: 0x800018e2 (0x000008ed) c.addi  a7, 27
core   0: 3 0x800018e2 (0x08ed) x17 0x0000001f
core   0: 0x800018e4 (0x00000276) c.slli  tp, 29
core   0: 3 0x800018e4 (0x0276) x 4 0xe0000000
core   0: 0x800018e6 (0x841f2913) slti    s2, t5, -1983
core   0: 3 0x800018e6 (0x841f2913) x18 0x00000000
core   0: 0x800018ea (0x000087a9) c.srai  a5, 10
core   0: 3 0x800018ea (0x87a9) x15 0x00000000
core   0: 0x800018ec (0x418c0633) sub     a2, s8, s8
core   0: 3 0x800018ec (0x418c0633) x12 0x00000000
core   0: 0x800018f0 (0x404a5613) srai    a2, s4, 4
core   0: 3 0x800018f0 (0x404a5613) x12 0xf80021e5
core   0: 0x800018f4 (0xfcb6dbe3) bge     a3, a1, pc - 42
core   0: 3 0x800018f4 (0xfcb6dbe3)
core   0: 0x800018f8 (0xe78d0b93) addi    s7, s10, -392
core   0: 3 0x800018f8 (0xe78d0b93) x23 0xfffffe78
core   0: 0x800018fc (0x00100593) li      a1, 1
core   0: 3 0x800018fc (0x00100593) x11 0x00000001
core   0: 0x80001900 (0x3ac80f13) addi    t5, a6, 940
core   0: 3 0x80001900 (0x3ac80f13) x30 0x000003b0
core   0: 0x80001904 (0x00fde3b3) or      t2, s11, a5
core   0: 3 0x80001904 (0x00fde3b3) x 7 0x80025ce4
core   0: 0x80001908 (0x39343293) sltiu   t0, s0, 915
core   0: 3 0x80001908 (0x39343293) x 5 0x00000000
core   0: 0x8000190c (0x00400c93) li      s9, 4
core   0: 3 0x8000190c (0x00400c93) x25 0x00000004
core   0: 0x80001910 (0x00008355) c.srli  a4, 21
core   0: 3 0x80001910 (0x8355) x14 0x00000000
core   0: 0x80001912 (0x01c83933) sltu    s2, a6, t3
core   0: 3 0x80001912 (0x01c83933) x18 0x00000000
core   0: 0x80001916 (0x02b63eb3) mulhu   t4, a2, a1
core   0: 3 0x80001916 (0x02b63eb3) x29 0x00000000
core   0: 0x8000191a (0x012f9613) slli    a2, t6, 18
core   0: 3 0x8000191a (0x012f9613) x12 0x62980000
core   0: 0x8000191e (0x0000059d) c.addi  a1, 7
core   0: 3 0x8000191e (0x059d) x11 0x00000008
core   0: 0x80001920 (0x66430993) addi    s3, t1, 1636
core   0: 3 0x80001920 (0x66430993) x19 0xf5e362ce
core   0: 0x80001924 (0x00000693) li      a3, 0
core   0: 3 0x80001924 (0x00000693) x13 0x00000000
core   0: 0x80001928 (0x00000e56) c.slli  t3, 21
core   0: 3 0x80001928 (0x0e56) x28 0x00000000
core   0: 0x8000192a (0x00d00193) li      gp, 13
core   0: 3 0x8000192a (0x00d00193) x 3 0x0000000d
core   0: 0x8000192e (0x0178b3b3) sltu    t2, a7, s7
core   0: 3 0x8000192e (0x0178b3b3) x 7 0x00000001
core   0: 0x80001932 (0x02a21bb3) mulh    s7, tp, a0
core   0: 3 0x80001932 (0x02a21bb3) x23 0x0fffbc36
core   0: 0x80001936 (0x00006121) c.addi16sp sp, 64
core   0: 3 0x80001936 (0x6121) x 2 0x000000af
core   0: 0x80001938 (0x00008f99) c.sub   a5, a4
core   0: 3 0x80001938 (0x8f99) x15 0x00000000
core   0: 0x8000193a (0x00001c00) c.addi4spn s0, sp, 560
core   0: 3 0x8000193a (0x1c00) x 8 0x000002df
core   0: 0x8000193c (0x036f8eb3) mul     t4, t6, s6
core   0: 3 0x8000193c (0x036f8eb3) x29 0x00000000
core   0: 0x80001940 (0x028482b3) mul     t0, s1, s0
core   0: 3 0x80001940 (0x028482b3) x 5 0xffffeec6
core   0: 0x80001944 (0x01cb2933) slt     s2, s6, t3
core   0: 3 0x80001944 (0x01cb2933) x18 0x00000000
core   0: 0x80001948 (0x00000691) c.addi  a3, 4
core   0: 3 0x80001948 (0x0691) x13 0x00000004
core   0: 0x8000194a (0x282df213) andi    tp, s11, 642
core   0: 3 0x8000194a (0x282df213) x 4 0x00000080
core   0: 0x8000194e (0xfe36c5e3) blt     a3, gp, pc - 22
core   0: 3 0x8000194e (0xfe36c5e3)
core   0: 0x80001938 (0x00008f99) c.sub   a5, a4
core   0: 3 0x80001938 (0x8f99) x15 0x00000000
core   0: 0x8000193a (0x00001c00) c.addi4spn s0, sp, 560
core   0: 3 0x8000193a (0x1c00) x 8 0x000002df
core   0: 0x8000193c (0x036f8eb3) mul     t4, t6, s6
core   0: 3 0x8000193c (0x036f8eb3) x29 0x00000000
core   0: 0x80001940 (0x028482b3) mul     t0, s1, s0
core   0: 3 0x80001940 (0x028482b3) x 5 0xffffeec6
core   0: 0x80001944 (0x01cb2933) slt     s2, s6, t3
core   0: 3 0x80001944 (0x01cb2933) x18 0x00000000
core   0: 0x80001948 (0x00000691) c.addi  a3, 4
core   0: 3 0x80001948 (0x0691) x13 0x00000008
core   0: 0x8000194a (0x282df213) andi    tp, s11, 642
core   0: 3 0x8000194a (0x282df213) x 4 0x00000080
core   0: 0x8000194e (0xfe36c5e3) blt     a3, gp, pc - 22
core   0: 3 0x8000194e (0xfe36c5e3)
core   0: 0x80001938 (0x00008f99) c.sub   a5, a4
core   0: 3 0x80001938 (0x8f99) x15 0x00000000
core   0: 0x8000193a (0x00001c00) c.addi4spn s0, sp, 560
core   0: 3 0x8000193a (0x1c00) x 8 0x000002df
core   0: 0x8000193c (0x036f8eb3) mul     t4, t6, s6
core   0: 3 0x8000193c (0x036f8eb3) x29 0x00000000
core   0: 0x80001940 (0x028482b3) mul     t0, s1, s0
core   0: 3 0x80001940 (0x028482b3) x 5 0xffffeec6
core   0: 0x80001944 (0x01cb2933) slt     s2, s6, t3
core   0: 3 0x80001944 (0x01cb2933) x18 0x00000000
core   0: 0x80001948 (0x00000691) c.addi  a3, 4
core   0: 3 0x80001948 (0x0691) x13 0x0000000c
core   0: 0x8000194a (0x282df213) andi    tp, s11, 642
core   0: 3 0x8000194a (0x282df213) x 4 0x00000080
core   0: 0x8000194e (0xfe36c5e3) blt     a3, gp, pc - 22
core   0: 3 0x8000194e (0xfe36c5e3)
core   0: 0x80001938 (0x00008f99) c.sub   a5, a4
core   0: 3 0x80001938 (0x8f99) x15 0x00000000
core   0: 0x8000193a (0x00001c00) c.addi4spn s0, sp, 560
core   0: 3 0x8000193a (0x1c00) x 8 0x000002df
core   0: 0x8000193c (0x036f8eb3) mul     t4, t6, s6
core   0: 3 0x8000193c (0x036f8eb3) x29 0x00000000
core   0: 0x80001940 (0x028482b3) mul     t0, s1, s0
core   0: 3 0x80001940 (0x028482b3) x 5 0xffffeec6
core   0: 0x80001944 (0x01cb2933) slt     s2, s6, t3
core   0: 3 0x80001944 (0x01cb2933) x18 0x00000000
core   0: 0x80001948 (0x00000691) c.addi  a3, 4
core   0: 3 0x80001948 (0x0691) x13 0x00000010
core   0: 0x8000194a (0x282df213) andi    tp, s11, 642
core   0: 3 0x8000194a (0x282df213) x 4 0x00000080
core   0: 0x8000194e (0xfe36c5e3) blt     a3, gp, pc - 22
core   0: 3 0x8000194e (0xfe36c5e3)
core   0: 0x80001952 (0x4889c793) xori    a5, s3, 1160
core   0: 3 0x80001952 (0x4889c793) x15 0xf5e36646
core   0: 0x80001956 (0xfd95e0e3) bltu    a1, s9, pc - 64
core   0: 3 0x80001956 (0xfd95e0e3)
core   0: 0x8000195a (0x00b8e733) or      a4, a7, a1
core   0: 3 0x8000195a (0x00b8e733) x14 0x0000001f
core   0: 0x8000195e (0x00400993) li      s3, 4
core   0: 3 0x8000195e (0x00400993) x19 0x00000004
core   0: 0x80001962 (0xcc288593) addi    a1, a7, -830
core   0: 3 0x80001962 (0xcc288593) x11 0xfffffce1
core   0: 0x80001966 (0x01b5bfb3) sltu    t6, a1, s11
core   0: 3 0x80001966 (0x01b5bfb3) x31 0x00000000
core   0: 0x8000196a (0x00001bfd) c.addi  s7, -1
core   0: 3 0x8000196a (0x1bfd) x23 0x0fffbc35
core   0: 0x8000196c (0x0ff0000f) fence   iorw,iorw
core   0: 3 0x8000196c (0x0ff0000f)
core   0: 0x80001970 (0x00004cbd) c.li    s9, 15
core   0: 3 0x80001970 (0x4cbd) x25 0x0000000f
core   0: 0x80001972 (0x056ec113) xori    sp, t4, 86
core   0: 3 0x80001972 (0x056ec113) x 2 0x00000056
core   0: 0x80001976 (0x033636b3) mulhu   a3, a2, s3
core   0: 3 0x80001976 (0x033636b3) x13 0x00000001
core   0: 0x8000197a (0x00000fca) c.slli  t6, 18
core   0: 3 0x8000197a (0x0fca) x31 0x00000000
core   0: 0x8000197c (0x000083cd) c.srli  a5, 19
core   0: 3 0x8000197c (0x83cd) x15 0x00001ebc
core   0: 0x8000197e (0x62742797) auipc   a5, 0x62742
core   0: 3 0x8000197e (0x62742797) x15 0xe274397e
core   0: 0x80001982 (0xff800c13) li      s8, -8
core   0: 3 0x80001982 (0xff800c13) x24 0xfffffff8
core   0: 0x80001986 (0x000083d5) c.srli  a5, 21
core   0: 3 0x80001986 (0x83d5) x15 0x00000713
core   0: 0x80001988 (0x00008c1d) c.sub   s0, a5
core   0: 3 0x80001988 (0x8c1d) x 8 0xfffffbcc
core   0: 0x8000198a (0x0ff0000f) fence   iorw,iorw
core   0: 3 0x8000198a (0x0ff0000f)
core   0: 0x8000198e (0x40958fb3) sub     t6, a1, s1
core   0: 3 0x8000198e (0x40958fb3) x31 0xfffffce7
core   0: 0x80001992 (0x9eecc293) xori    t0, s9, -1554
core   0: 3 0x80001992 (0x9eecc293) x 5 0xfffff9e1
core   0: 0x80001996 (0x01930133) add     sp, t1, s9
core   0: 3 0x80001996 (0x01930133) x 2 0xf5e35c79
core   0: 0x8000199a (0x000019fd) c.addi  s3, -1
core   0: 3 0x8000199a (0x19fd) x19 0x00000003
core   0: 0x8000199c (0xff898be3) beq     s3, s8, pc - 10
core   0: 3 0x8000199c (0xff898be3)
core   0: 0x800019a0 (0x00004719) c.li    a4, 6
core   0: 3 0x800019a0 (0x4719) x14 0x00000006
core   0: 0x800019a2 (0x00800693) li      a3, 8
core   0: 3 0x800019a2 (0x00800693) x13 0x00000008
core   0: 0x800019a6 (0x00000001) c.nop
core   0: 3 0x800019a6 (0x0001)
core   0: 0x800019a8 (0x00008c8d) c.sub   s1, a1
core   0: 3 0x800019a8 (0x8c8d) x 9 0x00000319
core   0: 0x800019aa (0x03a11933) mulh    s2, sp, s10
core   0: 3 0x800019aa (0x03a11933) x18 0x00000000
core   0: 0x800019ae (0x000016e1) c.addi  a3, -8
core   0: 3 0x800019ae (0x16e1) x13 0x00000000
core   0: 0x800019b0 (0x0000dee5) c.beqz  a3, pc - 8
core   0: 3 0x800019b0 (0xdee5)
core   0: 0x800019a8 (0x00008c8d) c.sub   s1, a1
core   0: 3 0x800019a8 (0x8c8d) x 9 0x00000638
core   0: 0x800019aa (0x03a11933) mulh    s2, sp, s10
core   0: 3 0x800019aa (0x03a11933) x18 0x00000000
core   0: 0x800019ae (0x000016e1) c.addi  a3, -8
core   0: 3 0x800019ae (0x16e1) x13 0xfffffff8
core   0: 0x800019b0 (0x0000dee5) c.beqz  a3, pc - 8
core   0: 3 0x800019b0 (0xdee5)
core   0: 0x800019b2 (0x40495093) srai    ra, s2, 4
core   0: 3 0x800019b2 (0x40495093) x 1 0x00000000
core   0: 0x800019b6 (0x00a00493) li      s1, 10
core   0: 3 0x800019b6 (0x00a00493) x 9 0x0000000a
core   0: 0x800019ba (0x032f9833) mulh    a6, t6, s2
core   0: 3 0x800019ba (0x032f9833) x16 0x00000000
core   0: 0x800019be (0x004261b3) or      gp, tp, tp
core   0: 3 0x800019be (0x004261b3) x 3 0x00000080
core   0: 0x800019c2 (0x014f26b3) slt     a3, t5, s4
core   0: 3 0x800019c2 (0x014f26b3) x13 0x00000000
core   0: 0x800019c6 (0x00008c75) c.and   s0, a3
core   0: 3 0x800019c6 (0x8c75) x 8 0x00000000
core   0: 0x800019c8 (0x00009226) c.add   tp, s1
core   0: 3 0x800019c8 (0x9226) x 4 0x0000008a
core   0: 0x800019ca (0x0000640d) c.lui   s0, 0x3
core   0: 3 0x800019ca (0x640d) x 8 0x00003000
core   0: 0x800019cc (0x0125e9b3) or      s3, a1, s2
core   0: 3 0x800019cc (0x0125e9b3) x19 0xfffffce1
core   0: 0x800019d0 (0x00300d13) li      s10, 3
core   0: 3 0x800019d0 (0x00300d13) x26 0x00000003
core   0: 0x800019d4 (0x03df4cb3) div     s9, t5, t4
core   0: 3 0x800019d4 (0x03df4cb3) x25 0xffffffff
core   0: 0x800019d8 (0x000051fd) c.li    gp, -1
core   0: 3 0x800019d8 (0x51fd) x 3 0xffffffff
core   0: 0x800019da (0x00f55c13) srli    s8, a0, 15
core   0: 3 0x800019da (0x00f55c13) x24 0x00010004
core   0: 0x800019de (0x72632e97) auipc   t4, 0x72632
core   0: 3 0x800019de (0x72632e97) x29 0xf26339de
core   0: 0x800019e2 (0x0000965e) c.add   a2, s7
core   0: 3 0x800019e2 (0x965e) x12 0x7297bc35
core   0: 0x800019e4 (0x02494833) div     a6, s2, tp
core   0: 3 0x800019e4 (0x02494833) x16 0x00000000
core   0: 0x800019e8 (0x1d10ce13) xori    t3, ra, 465
core   0: 3 0x800019e8 (0x1d10ce13) x28 0x000001d1
core   0: 0x800019ec (0x02ff1633) mulh    a2, t5, a5
core   0: 3 0x800019ec (0x02ff1633) x12 0x00000000
core   0: 0x800019f0 (0x021799b3) mulh    s3, a5, ra
core   0: 3 0x800019f0 (0x021799b3) x19 0x00000000
core   0: 0x800019f4 (0x000014f9) c.addi  s1, -2
core   0: 3 0x800019f4 (0x14f9) x 9 0x00000008
core   0: 0x800019f6 (0x00008afd) c.andi  a3, 31
core   0: 3 0x800019f6 (0x8afd) x13 0x00000000
core   0: 0x800019f8 (0x000083ad) c.srli  a5, 11
core   0: 3 0x800019f8 (0x83ad) x15 0x00000000
core   0: 0x800019fa (0xffa4f7e3) bgeu    s1, s10, pc - 18
core   0: 3 0x800019fa (0xffa4f7e3)
core   0: 0x800019e8 (0x1d10ce13) xori    t3, ra, 465
core   0: 3 0x800019e8 (0x1d10ce13) x28 0x000001d1
core   0: 0x800019ec (0x02ff1633) mulh    a2, t5, a5
core   0: 3 0x800019ec (0x02ff1633) x12 0x00000000
core   0: 0x800019f0 (0x021799b3) mulh    s3, a5, ra
core   0: 3 0x800019f0 (0x021799b3) x19 0x00000000
core   0: 0x800019f4 (0x000014f9) c.addi  s1, -2
core   0: 3 0x800019f4 (0x14f9) x 9 0x00000006
core   0: 0x800019f6 (0x00008afd) c.andi  a3, 31
core   0: 3 0x800019f6 (0x8afd) x13 0x00000000
core   0: 0x800019f8 (0x000083ad) c.srli  a5, 11
core   0: 3 0x800019f8 (0x83ad) x15 0x00000000
core   0: 0x800019fa (0xffa4f7e3) bgeu    s1, s10, pc - 18
core   0: 3 0x800019fa (0xffa4f7e3)
core   0: 0x800019e8 (0x1d10ce13) xori    t3, ra, 465
core   0: 3 0x800019e8 (0x1d10ce13) x28 0x000001d1
core   0: 0x800019ec (0x02ff1633) mulh    a2, t5, a5
core   0: 3 0x800019ec (0x02ff1633) x12 0x00000000
core   0: 0x800019f0 (0x021799b3) mulh    s3, a5, ra
core   0: 3 0x800019f0 (0x021799b3) x19 0x00000000
core   0: 0x800019f4 (0x000014f9) c.addi  s1, -2
core   0: 3 0x800019f4 (0x14f9) x 9 0x00000004
core   0: 0x800019f6 (0x00008afd) c.andi  a3, 31
core   0: 3 0x800019f6 (0x8afd) x13 0x00000000
core   0: 0x800019f8 (0x000083ad) c.srli  a5, 11
core   0: 3 0x800019f8 (0x83ad) x15 0x00000000
core   0: 0x800019fa (0xffa4f7e3) bgeu    s1, s10, pc - 18
core   0: 3 0x800019fa (0xffa4f7e3)
core   0: 0x800019e8 (0x1d10ce13) xori    t3, ra, 465
core   0: 3 0x800019e8 (0x1d10ce13) x28 0x000001d1
core   0: 0x800019ec (0x02ff1633) mulh    a2, t5, a5
core   0: 3 0x800019ec (0x02ff1633) x12 0x00000000
core   0: 0x800019f0 (0x021799b3) mulh    s3, a5, ra
core   0: 3 0x800019f0 (0x021799b3) x19 0x00000000
core   0: 0x800019f4 (0x000014f9) c.addi  s1, -2
core   0: 3 0x800019f4 (0x14f9) x 9 0x00000002
core   0: 0x800019f6 (0x00008afd) c.andi  a3, 31
core   0: 3 0x800019f6 (0x8afd) x13 0x00000000
core   0: 0x800019f8 (0x000083ad) c.srli  a5, 11
core   0: 3 0x800019f8 (0x83ad) x15 0x00000000
core   0: 0x800019fa (0xffa4f7e3) bgeu    s1, s10, pc - 18
core   0: 3 0x800019fa (0xffa4f7e3)
core   0: 0x800019fe (0x413c5593) srai    a1, s8, 19
core   0: 3 0x800019fe (0x413c5593) x11 0x00000000
core   0: 0x80001a02 (0x00400913) li      s2, 4
core   0: 3 0x80001a02 (0x00400913) x18 0x00000004
core   0: 0x80001a06 (0x0ff0000f) fence   iorw,iorw
core   0: 3 0x80001a06 (0x0ff0000f)
core   0: 0x80001a0a (0xeb7a95b7) lui     a1, 0xeb7a9
core   0: 3 0x80001a0a (0xeb7a95b7) x11 0xeb7a9000
core   0: 0x80001a0e (0x00500493) li      s1, 5
core   0: 3 0x80001a0e (0x00500493) x 9 0x00000005
core   0: 0x80001a12 (0x000d4033) xor     zero, s10, zero
core   0: 3 0x80001a12 (0x000d4033)
core   0: 0x80001a16 (0x0ff0000f) fence   iorw,iorw
core   0: 3 0x80001a16 (0x0ff0000f)
core   0: 0x80001a1a (0x0000877d) c.srai  a4, 31
core   0: 3 0x80001a1a (0x877d) x14 0x00000000
core   0: 0x80001a1c (0x00006ef9) c.lui   t4, 0x1e
core   0: 3 0x80001a1c (0x6ef9) x29 0x0001e000
core   0: 0x80001a1e (0x00000929) c.addi  s2, 10
core   0: 3 0x80001a1e (0x0929) x18 0x0000000e
core   0: 0x80001a20 (0x0314f133) remu    sp, s1, a7
core   0: 3 0x80001a20 (0x0314f133) x 2 0x00000005
core   0: 0x80001a24 (0xffc00b13) li      s6, -4
core   0: 3 0x80001a24 (0xffc00b13) x22 0xfffffffc
core   0: 0x80001a28 (0x00000001) c.nop
core   0: 3 0x80001a28 (0x0001)
core   0: 0x80001a2a (0x000005a1) c.addi  a1, 8
core   0: 3 0x80001a2a (0x05a1) x11 0xeb7a9008
core   0: 0x80001a2c (0x00000636) c.slli  a2, 13
core   0: 3 0x80001a2c (0x0636) x12 0x00000000
core   0: 0x80001a2e (0xff900413) li      s0, -7
core   0: 3 0x80001a2e (0xff900413) x 8 0xfffffff9
core   0: 0x80001a32 (0x0000820d) c.srli  a2, 3
core   0: 3 0x80001a32 (0x820d) x12 0x00000000
core   0: 0x80001a34 (0x0811b393) sltiu   t2, gp, 129
core   0: 3 0x80001a34 (0x0811b393) x 7 0x00000000
core   0: 0x80001a38 (0x00001b65) c.addi  s6, -7
core   0: 3 0x80001a38 (0x1b65) x22 0xfffffff5
core   0: 0x80001a3a (0x00915f93) srli    t6, sp, 9
core   0: 3 0x80001a3a (0x00915f93) x31 0x00000000
core   0: 0x80001a3e (0x00008e45) c.or    a2, s1
core   0: 3 0x80001a3e (0x8e45) x12 0x00000005
core   0: 0x80001a40 (0xfe8b5ae3) bge     s6, s0, pc - 12
core   0: 3 0x80001a40 (0xfe8b5ae3)
core   0: 0x80001a44 (0x009102b3) add     t0, sp, s1
core   0: 3 0x80001a44 (0x009102b3) x 5 0x0000000a
core   0: 0x80001a48 (0xfc9945e3) blt     s2, s1, pc - 54
core   0: 3 0x80001a48 (0xfc9945e3)
core   0: 0x80001a4c (0x00008d85) c.sub   a1, s1
core   0: 3 0x80001a4c (0x8d85) x11 0xeb7a9003
core   0: 0x80001a4e (0x00600613) li      a2, 6
core   0: 3 0x80001a4e (0x00600613) x12 0x00000006
core   0: 0x80001a52 (0x008707b3) add     a5, a4, s0
core   0: 3 0x80001a52 (0x008707b3) x15 0xfffffff9
core   0: 0x80001a56 (0x0c17ab13) slti    s6, a5, 193
core   0: 3 0x80001a56 (0x0c17ab13) x22 0x00000001
core   0: 0x80001a5a (0x01400393) li      t2, 20
core   0: 3 0x80001a5a (0x01400393) x 7 0x00000014
core   0: 0x80001a5e (0x0000848d) c.srai  s1, 3
core   0: 3 0x80001a5e (0x848d) x 9 0x00000000
core   0: 0x80001a60 (0x01498333) add     t1, s3, s4
core   0: 3 0x80001a60 (0x01498333) x 6 0x80021e50
core   0: 0x80001a64 (0x0000137d) c.addi  t1, -1
core   0: 3 0x80001a64 (0x137d) x 6 0x80021e4f
core   0: 0x80001a66 (0x00000609) c.addi  a2, 2
core   0: 3 0x80001a66 (0x0609) x12 0x00000008
core   0: 0x80001a68 (0x03833f33) mulhu   t5, t1, s8
core   0: 3 0x80001a68 (0x03833f33) x30 0x00008004
core   0: 0x80001a6c (0xffd00693) li      a3, -3
core   0: 3 0x80001a6c (0xffd00693) x13 0xfffffffd
core   0: 0x80001a70 (0x00000c13) li      s8, 0
core   0: 3 0x80001a70 (0x00000c13) x24 0x00000000
core   0: 0x80001a74 (0x014f9793) slli    a5, t6, 20
core   0: 3 0x80001a74 (0x014f9793) x15 0x00000000
core   0: 0x80001a78 (0x029be333) rem     t1, s7, s1
core   0: 3 0x80001a78 (0x029be333) x 6 0x0fffbc35
core   0: 0x80001a7c (0x414d0cb3) sub     s9, s10, s4
core   0: 3 0x80001a7c (0x414d0cb3) x25 0x7ffde1b3
core   0: 0x80001a80 (0x00000685) c.addi  a3, 1
core   0: 3 0x80001a80 (0x0685) x13 0xfffffffe
core   0: 0x80001a82 (0x036b4333) div     t1, s6, s6
core   0: 3 0x80001a82 (0x036b4333) x 6 0x00000001
core   0: 0x80001a86 (0x00000684) c.addi4spn s1, sp, 832
core   0: 3 0x80001a86 (0x0684) x 9 0x00000345
core   0: 0x80001a88 (0xff869ae3) bne     a3, s8, pc - 12
core   0: 3 0x80001a88 (0xff869ae3)
core   0: 0x80001a7c (0x414d0cb3) sub     s9, s10, s4
core   0: 3 0x80001a7c (0x414d0cb3) x25 0x7ffde1b3
core   0: 0x80001a80 (0x00000685) c.addi  a3, 1
core   0: 3 0x80001a80 (0x0685) x13 0xffffffff
core   0: 0x80001a82 (0x036b4333) div     t1, s6, s6
core   0: 3 0x80001a82 (0x036b4333) x 6 0x00000001
core   0: 0x80001a86 (0x00000684) c.addi4spn s1, sp, 832
core   0: 3 0x80001a86 (0x0684) x 9 0x00000345
core   0: 0x80001a88 (0xff869ae3) bne     a3, s8, pc - 12
core   0: 3 0x80001a88 (0xff869ae3)
core   0: 0x80001a7c (0x414d0cb3) sub     s9, s10, s4
core   0: 3 0x80001a7c (0x414d0cb3) x25 0x7ffde1b3
core   0: 0x80001a80 (0x00000685) c.addi  a3, 1
core   0: 3 0x80001a80 (0x0685) x13 0x00000000
core   0: 0x80001a82 (0x036b4333) div     t1, s6, s6
core   0: 3 0x80001a82 (0x036b4333) x 6 0x00000001
core   0: 0x80001a86 (0x00000684) c.addi4spn s1, sp, 832
core   0: 3 0x80001a86 (0x0684) x 9 0x00000345
core   0: 0x80001a88 (0xff869ae3) bne     a3, s8, pc - 12
core   0: 3 0x80001a88 (0xff869ae3)
core   0: 0x80001a8c (0xfc760ae3) beq     a2, t2, pc - 44
core   0: 3 0x80001a8c (0xfc760ae3)
core   0: 0x80001a90 (0x000098fd) c.andi  s1, -1
core   0: 3 0x80001a90 (0x98fd) x 9 0x00000345
core   0: 0x80001a92 (0x00008991) c.andi  a1, 4
core   0: 3 0x80001a92 (0x8991) x11 0x00000000
core   0: 0x80001a94 (0x85ea8a13) addi    s4, s5, -1954
core   0: 3 0x80001a94 (0x85ea8a13) x20 0x085b577e
core   0: 0x80001a98 (0x0000100f) fence.i
core   0: 3 0x80001a98 (0x0000100f)
core   0: 0x80001a9c (0x00000001) c.nop
core   0: 3 0x80001a9c (0x0001)
core   0: 0x80001a9e (0xc8fd8193) addi    gp, s11, -881
core   0: 3 0x80001a9e (0xc8fd8193) x 3 0x80025973
core   0: 0x80001aa2 (0x010792b3) sll     t0, a5, a6
core   0: 3 0x80001aa2 (0x010792b3) x 5 0x00000000
core   0: 0x80001aa6 (0x0ff0000f) fence   iorw,iorw
core   0: 3 0x80001aa6 (0x0ff0000f)
core   0: 0x80001aaa (0x404556b3) sra     a3, a0, tp
core   0: 3 0x80001aaa (0x404556b3) x13 0xffe00087
core   0: 0x80001aae (0xffe00293) li      t0, -2
core   0: 3 0x80001aae (0xffe00293) x 5 0xfffffffe
core   0: 0x80001ab2 (0x2bf4f113) andi    sp, s1, 703
core   0: 3 0x80001ab2 (0x2bf4f113) x 2 0x00000205
core   0: 0x80001ab6 (0x007a3333) sltu    t1, s4, t2
core   0: 3 0x80001ab6 (0x007a3333) x 6 0x00000000
core   0: 0x80001aba (0xb34ccf93) xori    t6, s9, -1228
core   0: 3 0x80001aba (0xb34ccf93) x31 0x80021a87
core   0: 0x80001abe (0x00c00713) li      a4, 12
core   0: 3 0x80001abe (0x00c00713) x14 0x0000000c
core   0: 0x80001ac2 (0x000097ae) c.add   a5, a1
core   0: 3 0x80001ac2 (0x97ae) x15 0x00000000
core   0: 0x80001ac4 (0x01aed213) srli    tp, t4, 26
core   0: 3 0x80001ac4 (0x01aed213) x 4 0x00000000
core   0: 0x80001ac8 (0x02b84fb3) div     t6, a6, a1
core   0: 3 0x80001ac8 (0x02b84fb3) x31 0xffffffff
core   0: 0x80001acc (0x012bdd13) srli    s10, s7, 18
core   0: 3 0x80001acc (0x012bdd13) x26 0x000003ff
core   0: 0x80001ad0 (0x63db50b7) lui     ra, 0x63db5
core   0: 3 0x80001ad0 (0x63db50b7) x 1 0x63db5000
core   0: 0x80001ad4 (0x000002a5) c.addi  t0, 9
core   0: 3 0x80001ad4 (0x02a5) x 5 0x00000007
core   0: 0x80001ad6 (0x027d2e33) mulhsu  t3, s10, t2
core   0: 3 0x80001ad6 (0x027d2e33) x28 0x00000000
core   0: 0x80001ada (0x01cc0a33) add     s4, s8, t3
core   0: 3 0x80001ada (0x01cc0a33) x20 0x00000000
core   0: 0x80001ade (0x00008fa1) c.xor   a5, s0
core   0: 3 0x80001ade (0x8fa1) x15 0xfffffff9
core   0: 0x80001ae0 (0x00000eb1) c.addi  t4, 12
core   0: 3 0x80001ae0 (0x0eb1) x29 0x0001e00c
core   0: 0x80001ae2 (0x07630f17) auipc   t5, 0x7630
core   0: 3 0x80001ae2 (0x07630f17) x30 0x87631ae2
core   0: 0x80001ae6 (0x00008e5d) c.or    a2, a5
core   0: 3 0x80001ae6 (0x8e5d) x12 0xfffffff9
core   0: 0x80001ae8 (0x0000717d) c.addi16sp sp, -16
core   0: 3 0x80001ae8 (0x717d) x 2 0x000001f5
core   0: 0x80001aea (0x418a88b3) sub     a7, s5, s8
core   0: 3 0x80001aea (0x418a88b3) x17 0x085b5f20
core   0: 0x80001aee (0xfce2ede3) bltu    t0, a4, pc - 38
core   0: 3 0x80001aee (0xfce2ede3)
core   0: 0x80001ac8 (0x02b84fb3) div     t6, a6, a1
core   0: 3 0x80001ac8 (0x02b84fb3) x31 0xffffffff
core   0: 0x80001acc (0x012bdd13) srli    s10, s7, 18
core   0: 3 0x80001acc (0x012bdd13) x26 0x000003ff
core   0: 0x80001ad0 (0x63db50b7) lui     ra, 0x63db5
core   0: 3 0x80001ad0 (0x63db50b7) x 1 0x63db5000
core   0: 0x80001ad4 (0x000002a5) c.addi  t0, 9
core   0: 3 0x80001ad4 (0x02a5) x 5 0x00000010
core   0: 0x80001ad6 (0x027d2e33) mulhsu  t3, s10, t2
core   0: 3 0x80001ad6 (0x027d2e33) x28 0x00000000
core   0: 0x80001ada (0x01cc0a33) add     s4, s8, t3
core   0: 3 0x80001ada (0x01cc0a33) x20 0x00000000
core   0: 0x80001ade (0x00008fa1) c.xor   a5, s0
core   0: 3 0x80001ade (0x8fa1) x15 0x00000000
core   0: 0x80001ae0 (0x00000eb1) c.addi  t4, 12
core   0: 3 0x80001ae0 (0x0eb1) x29 0x0001e018
core   0: 0x80001ae2 (0x07630f17) auipc   t5, 0x7630
core   0: 3 0x80001ae2 (0x07630f17) x30 0x87631ae2
core   0: 0x80001ae6 (0x00008e5d) c.or    a2, a5
core   0: 3 0x80001ae6 (0x8e5d) x12 0xfffffff9
core   0: 0x80001ae8 (0x0000717d) c.addi16sp sp, -16
core   0: 3 0x80001ae8 (0x717d) x 2 0x000001e5
core   0: 0x80001aea (0x418a88b3) sub     a7, s5, s8
core   0: 3 0x80001aea (0x418a88b3) x17 0x085b5f20
core   0: 0x80001aee (0xfce2ede3) bltu    t0, a4, pc - 38
core   0: 3 0x80001aee (0xfce2ede3)
core   0: 0x80001af2 (0x000083e9) c.srli  a5, 26
core   0: 3 0x80001af2 (0x83e9) x15 0x00000000
core   0: 0x80001af4 (0x4127d993) srai    s3, a5, 18
core   0: 3 0x80001af4 (0x4127d993) x19 0x00000000
core   0: 0x80001af8 (0x041dc363) blt     s11, ra, pc + 70
core   0: 3 0x80001af8 (0x041dc363)
core   0: 0x80001b3e (0x00a35293) srli    t0, t1, 10
core   0: 3 0x80001b3e (0x00a35293) x 5 0x00000000
core   0: 0x80001b42 (0x01cd8c33) add     s8, s11, t3
core   0: 3 0x80001b42 (0x01cd8c33) x24 0x80025ce4
core   0: 0x80001b46 (0x0000c209) c.beqz  a2, pc + 2
core   0: 3 0x80001b46 (0xc209)
core   0: 0x80001b48 (0x00e3b6b3) sltu    a3, t2, a4
core   0: 3 0x80001b48 (0x00e3b6b3) x13 0x00000000
core   0: 0x80001b4c (0xf29c6c93) ori     s9, s8, -215
core   0: 3 0x80001b4c (0xf29c6c93) x25 0xffffffed
core   0: 0x80001b50 (0x00009196) c.add   gp, t0
core   0: 3 0x80001b50 (0x9196) x 3 0x80025973
core   0: 0x80001b52 (0x02db6333) rem     t1, s6, a3
core   0: 3 0x80001b52 (0x02db6333) x 6 0x00000001
core   0: 0x80001b56 (0x0947a113) slti    sp, a5, 148
core   0: 3 0x80001b56 (0x0947a113) x 2 0x00000001
core   0: 0x80001b5a (0x024437b3) mulhu   a5, s0, tp
core   0: 3 0x80001b5a (0x024437b3) x15 0x00000000
core   0: 0x80001b5e (0x01fab1b3) sltu    gp, s5, t6
core   0: 3 0x80001b5e (0x01fab1b3) x 3 0x00000001
core   0: 0x80001b62 (0x0000717d) c.addi16sp sp, -16
core   0: 3 0x80001b62 (0x717d) x 2 0xfffffff1
core   0: 0x80001b64 (0x000096ca) c.add   a3, s2
core   0: 3 0x80001b64 (0x96ca) x13 0x0000000e
core   0: 0x80001b66 (0x02d25233) divu    tp, tp, a3
core   0: 3 0x80001b66 (0x02d25233) x 4 0x00000000
core   0: 0x80001b6a (0x014501b3) add     gp, a0, s4
core   0: 3 0x80001b6a (0x014501b3) x 3 0x80021e50
core   0: 0x80001b6e (0x84ed4e93) xori    t4, s10, -1970
core   0: 3 0x80001b6e (0x84ed4e93) x29 0xfffffbb1
core   0: 0x80001b72 (0x8e328a13) addi    s4, t0, -1821
core   0: 3 0x80001b72 (0x8e328a13) x20 0xfffff8e3
core   0: 0x80001b76 (0x41f7d4b3) sra     s1, a5, t6
core   0: 3 0x80001b76 (0x41f7d4b3) x 9 0x00000000
core   0: 0x80001b7a (0x0000e305) c.bnez  a4, pc + 32
core   0: 3 0x80001b7a (0xe305)
core   0: 0x80001b9a (0x015c8263) beq     s9, s5, pc + 4
core   0: 3 0x80001b9a (0x015c8263)
core   0: 0x80001b9e (0x03a9d433) divu    s0, s3, s10
core   0: 3 0x80001b9e (0x03a9d433) x 8 0x00000000
core   0: 0x80001ba2 (0x7f629617) auipc   a2, 0x7f629
core   0: 3 0x80001ba2 (0x7f629617) x12 0xff62aba2
core   0: 0x80001ba6 (0x01cc5793) srli    a5, s8, 28
core   0: 3 0x80001ba6 (0x01cc5793) x15 0x00000008
core   0: 0x80001baa (0x00e21f33) sll     t5, tp, a4
core   0: 3 0x80001baa (0x00e21f33) x30 0x00000000
core   0: 0x80001bae (0xb4413993) sltiu   s3, sp, -1212
core   0: 3 0x80001bae (0xb4413993) x19 0x00000000
core   0: 0x80001bb2 (0x000088bd) c.andi  s1, 15
core   0: 3 0x80001bb2 (0x88bd) x 9 0x00000000
core   0: 0x80001bb4 (0xf6b7c293) xori    t0, a5, -149
core   0: 3 0x80001bb4 (0xf6b7c293) x 5 0xffffff63
core   0: 0x80001bb8 (0x03ebd963) bge     s7, t5, pc + 50
core   0: 3 0x80001bb8 (0x03ebd963)
core   0: 0x80001bea (0x0000100f) fence.i
core   0: 3 0x80001bea (0x0000100f)
core   0: 0x80001bee (0x01330eb3) add     t4, t1, s3
core   0: 3 0x80001bee (0x01330eb3) x29 0x00000001
core   0: 0x80001bf2 (0x00009726) c.add   a4, s1
core   0: 3 0x80001bf2 (0x9726) x14 0x0000000c
core   0: 0x80001bf4 (0x00008e59) c.or    a2, a4
core   0: 3 0x80001bf4 (0x8e59) x12 0xff62abae
core   0: 0x80001bf6 (0x03710c33) mul     s8, sp, s7
core   0: 3 0x80001bf6 (0x03710c33) x24 0x1003f8e5
core   0: 0x80001bfa (0x01e48b63) beq     s1, t5, pc + 22
core   0: 3 0x80001bfa (0x01e48b63)
core   0: 0x80001c10 (0x00008c41) c.or    s0, s0
core   0: 3 0x80001c10 (0x8c41) x 8 0x00000000
core   0: 0x80001c12 (0x019b81b3) add     gp, s7, s9
core   0: 3 0x80001c12 (0x019b81b3) x 3 0x0fffbc22
core   0: 0x80001c16 (0x419a5433) sra     s0, s4, s9
core   0: 3 0x80001c16 (0x419a5433) x 8 0xffffffff
core   0: 0x80001c1a (0x004dc833) xor     a6, s11, tp
core   0: 3 0x80001c1a (0x004dc833) x16 0x80025ce4
core   0: 0x80001c1e (0x00008c4d) c.or    s0, a1
core   0: 3 0x80001c1e (0x8c4d) x 8 0xffffffff
core   0: 0x80001c20 (0x0066c933) xor     s2, a3, t1
core   0: 3 0x80001c20 (0x0066c933) x18 0x0000000f
core   0: 0x80001c24 (0x0000577d) c.li    a4, -1
core   0: 3 0x80001c24 (0x577d) x14 0xffffffff
core   0: 0x80001c26 (0x00008c55) c.or    s0, a3
core   0: 3 0x80001c26 (0x8c55) x 8 0xffffffff
core   0: 0x80001c28 (0x00008ec9) c.or    a3, a0
core   0: 3 0x80001c28 (0x8ec9) x13 0x80021e5e
core   0: 0x80001c2a (0x01182eb3) slt     t4, a6, a7
core   0: 3 0x80001c2a (0x01182eb3) x29 0x00000001
core   0: 0x80001c2e (0x408edf93) srai    t6, t4, 8
core   0: 3 0x80001c2e (0x408edf93) x31 0x00000000
core   0: 0x80001c32 (0x000087fd) c.srai  a5, 31
core   0: 3 0x80001c32 (0x87fd) x15 0x00000000
core   0: 0x80001c34 (0x4139dc93) srai    s9, s3, 19
core   0: 3 0x80001c34 (0x4139dc93) x25 0x00000000
core   0: 0x80001c38 (0x00009706) c.add   a4, ra
core   0: 3 0x80001c38 (0x9706) x14 0x63db4fff
core   0: 0x80001c3a (0x0165ca33) xor     s4, a1, s6
core   0: 3 0x80001c3a (0x0165ca33) x20 0x00000001
core   0: 0x80001c3e (0x0000887d) c.andi  s0, 31
core   0: 3 0x80001c3e (0x887d) x 8 0x0000001f
core   0: 0x80001c40 (0x162bad13) slti    s10, s7, 354
core   0: 3 0x80001c40 (0x162bad13) x26 0x00000000
core   0: 0x80001c44 (0x020fd6b3) divu    a3, t6, zero
core   0: 3 0x80001c44 (0x020fd6b3) x13 0xffffffff
core   0: 0x80001c48 (0x0039ca63) blt     s3, gp, pc + 20
core   0: 3 0x80001c48 (0x0039ca63)
core   0: 0x80001c5c (0x000004ba) c.slli  s1, 14
core   0: 3 0x80001c5c (0x04ba) x 9 0x00000000
core   0: 0x80001c5e (0x0000832e) c.mv    t1, a1
core   0: 3 0x80001c5e (0x832e) x 6 0x00000000
core   0: 0x80001c60 (0x000056fd) c.li    a3, -1
core   0: 3 0x80001c60 (0x56fd) x13 0xffffffff
core   0: 0x80001c62 (0x00744e33) xor     t3, s0, t2
core   0: 3 0x80001c62 (0x00744e33) x28 0x0000000b
core   0: 0x80001c66 (0x0000867d) c.srai  a2, 31
core   0: 3 0x80001c66 (0x867d) x12 0xffffffff
core   0: 0x80001c68 (0x02f9ecb3) rem     s9, s3, a5
core   0: 3 0x80001c68 (0x02f9ecb3) x25 0x00000000
core   0: 0x80001c6c (0x00008c61) c.and   s0, s0
core   0: 3 0x80001c6c (0x8c61) x 8 0x0000001f
core   0: 0x80001c6e (0x02e59f33) mulh    t5, a1, a4
core   0: 3 0x80001c6e (0x02e59f33) x30 0x00000000
core   0: 0x80001c72 (0xb0ae3f13) sltiu   t5, t3, -1270
core   0: 3 0x80001c72 (0xb0ae3f13) x30 0x00000001
core   0: 0x80001c76 (0x0000008e) c.slli  ra, 3
core   0: 3 0x80001c76 (0x008e) x 1 0x1eda8000
core   0: 0x80001c78 (0x00008fb1) c.xor   a5, a2
core   0: 3 0x80001c78 (0x8fb1) x15 0xffffffff
core   0: 0x80001c7a (0x01b85d33) srl     s10, a6, s11
core   0: 3 0x80001c7a (0x01b85d33) x26 0x080025ce
core   0: 0x80001c7e (0x0364c3b3) div     t2, s1, s6
core   0: 3 0x80001c7e (0x0364c3b3) x 7 0x00000000
core   0: 0x80001c82 (0x0ff0000f) fence   iorw,iorw
core   0: 3 0x80001c82 (0x0ff0000f)
core   0: 0x80001c86 (0x02919733) mulh    a4, gp, s1
core   0: 3 0x80001c86 (0x02919733) x14 0x00000000
core   0: 0x80001c8a (0x0ff0000f) fence   iorw,iorw
core   0: 3 0x80001c8a (0x0ff0000f)
core   0: 0x80001c8e (0x01c3d293) srli    t0, t2, 28
core   0: 3 0x80001c8e (0x01c3d293) x 5 0x00000000
core   0: 0x80001c92 (0x01645f93) srli    t6, s0, 22
core   0: 3 0x80001c92 (0x01645f93) x31 0x00000000
core   0: 0x80001c96 (0x00008f81) c.sub   a5, s0
core   0: 3 0x80001c96 (0x8f81) x15 0xffffffe0
core   0: 0x80001c98 (0x0000158c) c.addi4spn a1, sp, 736
core   0: 3 0x80001c98 (0x158c) x11 0x000002d1
core   0: 0x80001c9a (0x00000a16) c.slli  s4, 5
core   0: 3 0x80001c9a (0x0a16) x20 0x00000020
core   0: 0x80001c9c (0x0254eb33) rem     s6, s1, t0
core   0: 3 0x80001c9c (0x0254eb33) x22 0x00000000
core   0: 0x80001ca0 (0x03ccd2b3) divu    t0, s9, t3
core   0: 3 0x80001ca0 (0x03ccd2b3) x 5 0x00000000
core   0: 0x80001ca4 (0x0000e781) c.bnez  a5, pc + 8
core   0: 3 0x80001ca4 (0xe781)
core   0: 0x80001cac (0x000083ce) c.mv    t2, s3
core   0: 3 0x80001cac (0x83ce) x 7 0x00000000
core   0: 0x80001cae (0x074ae563) bltu    s5, s4, pc + 106
core   0: 3 0x80001cae (0x074ae563)
core   0: 0x80001cb2 (0x000009ce) c.slli  s3, 19
core   0: 3 0x80001cb2 (0x09ce) x19 0x00000000
core   0: 0x80001cb4 (0xffc00713) li      a4, -4
core   0: 3 0x80001cb4 (0xffc00713) x14 0xfffffffc
core   0: 0x80001cb8 (0x00600e13) li      t3, 6
core   0: 3 0x80001cb8 (0x00600e13) x28 0x00000006
core   0: 0x80001cbc (0x000087dd) c.srai  a5, 23
core   0: 3 0x80001cbc (0x87dd) x15 0xffffffff
core   0: 0x80001cbe (0x01328eb3) add     t4, t0, s3
core   0: 3 0x80001cbe (0x01328eb3) x29 0x00000000
core   0: 0x80001cc2 (0x00008079) c.srli  s0, 30
core   0: 3 0x80001cc2 (0x8079) x 8 0x00000000
core   0: 0x80001cc4 (0x0000100f) fence.i
core   0: 3 0x80001cc4 (0x0000100f)
core   0: 0x80001cc8 (0x011d67b3) or      a5, s10, a7
core   0: 3 0x80001cc8 (0x011d67b3) x15 0x085b7fee
core   0: 0x80001ccc (0x039a46b3) div     a3, s4, s9
core   0: 3 0x80001ccc (0x039a46b3) x13 0xffffffff
core   0: 0x80001cd0 (0x0250b433) mulhu   s0, ra, t0
core   0: 3 0x80001cd0 (0x0250b433) x 8 0x00000000
core   0: 0x80001cd4 (0x017e8033) add     zero, t4, s7
core   0: 3 0x80001cd4 (0x017e8033)
core   0: 0x80001cd8 (0x00000709) c.addi  a4, 2
core   0: 3 0x80001cd8 (0x0709) x14 0xfffffffe
core   0: 0x80001cda (0xff800493) li      s1, -8
core   0: 3 0x80001cda (0xff800493) x 9 0xfffffff8
core   0: 0x80001cde (0x0000147d) c.addi  s0, -1
core   0: 3 0x80001cde (0x147d) x 8 0xffffffff
core   0: 0x80001ce0 (0x00000001) c.nop
core   0: 3 0x80001ce0 (0x0001)
core   0: 0x80001ce2 (0x00900393) li      t2, 9
core   0: 3 0x80001ce2 (0x00900393) x 7 0x00000009
core   0: 0x80001ce6 (0x021600b3) mul     ra, a2, ra
core   0: 3 0x80001ce6 (0x021600b3) x 1 0xe1258000
core   0: 0x80001cea (0x03b90933) mul     s2, s2, s11
core   0: 3 0x80001cea (0x03b90933) x18 0x8023715c
core   0: 0x80001cee (0x03d8f8b3) remu    a7, a7, t4
core   0: 3 0x80001cee (0x03d8f8b3) x17 0x085b5f20
core   0: 0x80001cf2 (0x00000485) c.addi  s1, 1
core   0: 3 0x80001cf2 (0x0485) x 9 0xfffffff9
core   0: 0x80001cf4 (0x001b5f33) srl     t5, s6, ra
core   0: 3 0x80001cf4 (0x001b5f33) x30 0x00000000
core   0: 0x80001cf8 (0x00008fed) c.and   a5, a1
core   0: 3 0x80001cf8 (0x8fed) x15 0x000002c0
core   0: 0x80001cfa (0x417b07b3) sub     a5, s6, s7
core   0: 3 0x80001cfa (0x417b07b3) x15 0xf00043cb
core   0: 0x80001cfe (0xfe7488e3) beq     s1, t2, pc - 16
core   0: 3 0x80001cfe (0xfe7488e3)
core   0: 0x80001d02 (0xfdc765e3) bltu    a4, t3, pc - 54
core   0: 3 0x80001d02 (0xfdc765e3)
core   0: 0x80001d06 (0x03297333) remu    t1, s2, s2
core   0: 3 0x80001d06 (0x03297333) x 6 0x00000000
core   0: 0x80001d0a (0x000006e5) c.addi  a3, 25
core   0: 3 0x80001d0a (0x06e5) x13 0x00000018
core   0: 0x80001d0c (0x0000517d) c.li    sp, -1
core   0: 3 0x80001d0c (0x517d) x 2 0xffffffff
core   0: 0x80001d0e (0x41d35933) sra     s2, t1, t4
core   0: 3 0x80001d0e (0x41d35933) x18 0x00000000
core   0: 0x80001d12 (0x0000881e) c.mv    a6, t2
core   0: 3 0x80001d12 (0x881e) x16 0x00000009
core   0: 0x80001d14 (0x02e37c63) bgeu    t1, a4, pc + 56
core   0: 3 0x80001d14 (0x02e37c63)
core   0: 0x80001d18 (0x0232b633) mulhu   a2, t0, gp
core   0: 3 0x80001d18 (0x0232b633) x12 0x00000000
core   0: 0x80001d1c (0x00008bd9) c.andi  a5, 22
core   0: 3 0x80001d1c (0x8bd9) x15 0x00000002
core   0: 0x80001d1e (0x014ce3b3) or      t2, s9, s4
core   0: 3 0x80001d1e (0x014ce3b3) x 7 0x00000020
core   0: 0x80001d22 (0x00008c45) c.or    s0, s1
core   0: 3 0x80001d22 (0x8c45) x 8 0xffffffff
core   0: 0x80001d24 (0x00000325) c.addi  t1, 9
core   0: 3 0x80001d24 (0x0325) x 6 0x00000009
core   0: 0x80001d26 (0x028be563) bltu    s7, s0, pc + 42
core   0: 3 0x80001d26 (0x028be563)
core   0: 0x80001d50 (0x02d792b3) mulh    t0, a5, a3
core   0: 3 0x80001d50 (0x02d792b3) x 5 0x00000000
core   0: 0x80001d54 (0x01541e93) slli    t4, s0, 21
core   0: 3 0x80001d54 (0x01541e93) x29 0xffe00000
core   0: 0x80001d58 (0x03810263) beq     sp, s8, pc + 36
core   0: 3 0x80001d58 (0x03810263)
core   0: 0x80001d5c (0x000090de) c.add   ra, s7
core   0: 3 0x80001d5c (0x90de) x 1 0xf1253c35
core   0: 0x80001d5e (0x9781e393) ori     t2, gp, -1672
core   0: 3 0x80001d5e (0x9781e393) x 7 0xfffffd7a
core   0: 0x80001d62 (0x981e7817) auipc   a6, 0x981e7
core   0: 3 0x80001d62 (0x981e7817) x16 0x181e8d62
core   0: 0x80001d66 (0x023c7a33) remu    s4, s8, gp
core   0: 3 0x80001d66 (0x023c7a33) x20 0x00043cc3
core   0: 0x80001d6a (0x00000b80) c.addi4spn s0, sp, 464
core   0: 3 0x80001d6a (0x0b80) x 8 0x000001cf
core   0: 0x80001d6c (0xa1fb3393) sltiu   t2, s6, -1505
core   0: 3 0x80001d6c (0xa1fb3393) x 7 0x00000001
core   0: 0x80001d70 (0x343fe913) ori     s2, t6, 835
core   0: 3 0x80001d70 (0x343fe913) x18 0x00000343
core   0: 0x80001d74 (0x00000a7a) c.slli  s4, 30
core   0: 3 0x80001d74 (0x0a7a) x20 0xc0000000
core   0: 0x80001d76 (0x00000b18) c.addi4spn a4, sp, 400
core   0: 3 0x80001d76 (0x0b18) x14 0x0000018f
core   0: 0x80001d78 (0x01405c93) srli    s9, zero, 20
core   0: 3 0x80001d78 (0x01405c93) x25 0x00000000
core   0: 0x80001d7c (0x40985fb3) sra     t6, a6, s1
core   0: 3 0x80001d7c (0x40985fb3) x31 0x0000000c
core   0: 0x80001d80 (0x00688eb3) add     t4, a7, t1
core   0: 3 0x80001d80 (0x00688eb3) x29 0x085b5f29
core   0: 0x80001d84 (0x0000150c) c.addi4spn a1, sp, 672
core   0: 3 0x80001d84 (0x150c) x11 0x0000029f
core   0: 0x80001d86 (0x40c85e13) srai    t3, a6, 12
core   0: 3 0x80001d86 (0x40c85e13) x28 0x000181e8
core   0: 0x80001d8a (0x00dc7d63) bgeu    s8, a3, pc + 26
core   0: 3 0x80001d8a (0x00dc7d63)
core   0: 0x80001da4 (0x01fef833) and     a6, t4, t6
core   0: 3 0x80001da4 (0x01fef833) x16 0x00000008
core   0: 0x80001da8 (0x00c57b33) and     s6, a0, a2
core   0: 3 0x80001da8 (0x00c57b33) x22 0x00000000
core   0: 0x80001dac (0x0184db13) srli    s6, s1, 24
core   0: 3 0x80001dac (0x0184db13) x22 0x000000ff
core   0: 0x80001db0 (0x000062b9) c.lui   t0, 0xe
core   0: 3 0x80001db0 (0x62b9) x 5 0x0000e000
core   0: 0x80001db2 (0x41bf5b13) srai    s6, t5, 27
core   0: 3 0x80001db2 (0x41bf5b13) x22 0x00000000
core   0: 0x80001db6 (0x07c36963) bltu    t1, t3, pc + 114
core   0: 3 0x80001db6 (0x07c36963)
core   0: 0x80001e28 (0x03036463) bltu    t1, a6, pc + 40
core   0: 3 0x80001e28 (0x03036463)
core   0: 0x80001e2c (0x028cc263) blt     s9, s0, pc + 36
core   0: 3 0x80001e2c (0x028cc263)
core   0: 0x80001e50 (0x00e5d013) srli    zero, a1, 14
core   0: 3 0x80001e50 (0x00e5d013)
core   0: 0x80001e54 (0x00008e15) c.sub   a2, a3
core   0: 3 0x80001e54 (0x8e15) x12 0xffffffe8
core   0: 0x80001e56 (0x00000001) c.nop
core   0: 3 0x80001e56 (0x0001)
core   0: 0x80001e58 (0xcf99bc93) sltiu   s9, s3, -775
core   0: 3 0x80001e58 (0xcf99bc93) x25 0x00000001
core   0: 0x80001e5c (0x00006469) c.lui   s0, 0x1a
core   0: 3 0x80001e5c (0x6469) x 8 0x0001a000
core   0: 0x80001e5e (0x015995b3) sll     a1, s3, s5
core   0: 3 0x80001e5e (0x015995b3) x11 0x00000000
core   0: 0x80001e62 (0x00008bfd) c.andi  a5, 31
core   0: 3 0x80001e62 (0x8bfd) x15 0x00000002
core   0: 0x80001e64 (0x000089ad) c.andi  a1, 11
core   0: 3 0x80001e64 (0x89ad) x11 0x00000000
core   0: 0x80001e66 (0x013f6433) or      s0, t5, s3
core   0: 3 0x80001e66 (0x013f6433) x 8 0x00000000
core   0: 0x80001e6a (0x03d93a33) mulhu   s4, s2, t4
core   0: 3 0x80001e6a (0x03d93a33) x20 0x0000001b
core   0: 0x80001e6e (0x0000187d) c.addi  a6, -1
core   0: 3 0x80001e6e (0x187d) x16 0x00000007
core   0: 0x80001e70 (0x5a516193) ori     gp, sp, 1445
core   0: 3 0x80001e70 (0x5a516193) x 3 0xffffffff
core   0: 0x80001e74 (0x021c1363) bne     s8, ra, pc + 38
core   0: 3 0x80001e74 (0x021c1363)
core   0: 0x80001e9a (0x01905a63) bge     zero, s9, pc + 20
core   0: 3 0x80001e9a (0x01905a63)
core   0: 0x80001e9e (0x02601f33) mulh    t5, zero, t1
core   0: 3 0x80001e9e (0x02601f33) x30 0x00000000
core   0: 0x80001ea2 (0x01f25b93) srli    s7, tp, 31
core   0: 3 0x80001ea2 (0x01f25b93) x23 0x00000000
core   0: 0x80001ea6 (0x0000821d) c.srli  a2, 7
core   0: 3 0x80001ea6 (0x821d) x12 0x01ffffff
core   0: 0x80001ea8 (0x0000537d) c.li    t1, -1
core   0: 3 0x80001ea8 (0x537d) x 6 0xffffffff
core   0: 0x80001eaa (0x000095d6) c.add   a1, s5
core   0: 3 0x80001eaa (0x95d6) x11 0x085b5f20
core   0: 0x80001eac (0x00008e05) c.sub   a2, s1
core   0: 3 0x80001eac (0x8e05) x12 0x02000006
core   0: 0x80001eae (0x0000cb09) c.beqz  a4, pc + 18
core   0: 3 0x80001eae (0xcb09)
core   0: 0x80001eb0 (0x00005b7d) c.li    s6, -1
core   0: 3 0x80001eb0 (0x5b7d) x22 0xffffffff
core   0: 0x80001eb2 (0x0ff0000f) fence   iorw,iorw
core   0: 3 0x80001eb2 (0x0ff0000f)
core   0: 0x80001eb6 (0x0247cf63) blt     a5, tp, pc + 62
core   0: 3 0x80001eb6 (0x0247cf63)
core   0: 0x80001eba (0x0000cf85) c.beqz  a5, pc + 56
core   0: 3 0x80001eba (0xcf85)
core   0: 0x80001ebc (0x031fdbb3) divu    s7, t6, a7
core   0: 3 0x80001ebc (0x031fdbb3) x23 0x00000000
core   0: 0x80001ec0 (0x0000177d) c.addi  a4, -1
core   0: 3 0x80001ec0 (0x177d) x14 0x0000018e
core   0: 0x80001ec2 (0x4563f5b7) lui     a1, 0x4563f
core   0: 3 0x80001ec2 (0x4563f5b7) x11 0x4563f000
core   0: 0x80001ec6 (0x02b12333) mulhsu  t1, sp, a1
core   0: 3 0x80001ec6 (0x02b12333) x 6 0xffffffff
core   0: 0x80001eca (0x007ccd63) blt     s9, t2, pc + 26
core   0: 3 0x80001eca (0x007ccd63)
core   0: 0x80001ece (0x015bbcb3) sltu    s9, s7, s5
core   0: 3 0x80001ece (0x015bbcb3) x25 0x00000001
core   0: 0x80001ed2 (0x001c5413) srli    s0, s8, 1
core   0: 3 0x80001ed2 (0x001c5413) x 8 0x0801fc72
core   0: 0x80001ed6 (0x00008dc9) c.or    a1, a0
core   0: 3 0x80001ed6 (0x8dc9) x11 0xc563fe50
core   0: 0x80001ed8 (0x02557163) bgeu    a0, t0, pc + 34
core   0: 3 0x80001ed8 (0x02557163)
core   0: 0x80001efa (0x0000881e) c.mv    a6, t2
core   0: 3 0x80001efa (0x881e) x16 0x00000001
core   0: 0x80001efc (0x03d731b3) mulhu   gp, a4, t4
core   0: 3 0x80001efc (0x03d731b3) x 3 0x0000000c
core   0: 0x80001f00 (0x405dd933) sra     s2, s11, t0
core   0: 3 0x80001f00 (0x405dd933) x18 0x80025ce4
core   0: 0x80001f04 (0x00000001) c.nop
core   0: 3 0x80001f04 (0x0001)
core   0: 0x80001f06 (0x00000432) c.slli  s0, 12
core   0: 3 0x80001f06 (0x0432) x 8 0x1fc72000
core   0: 0x80001f08 (0x41d7db13) srai    s6, a5, 29
core   0: 3 0x80001f08 (0x41d7db13) x22 0x00000000
core   0: 0x80001f0c (0x01996a33) or      s4, s2, s9
core   0: 3 0x80001f0c (0x01996a33) x20 0x80025ce5
core   0: 0x80001f10 (0x02a0e463) bltu    ra, a0, pc + 40
core   0: 3 0x80001f10 (0x02a0e463)
core   0: 0x80001f14 (0x001baa33) slt     s4, s7, ra
core   0: 3 0x80001f14 (0x001baa33) x20 0x00000000
core   0: 0x80001f18 (0x00ddce33) xor     t3, s11, a3
core   0: 3 0x80001f18 (0x00ddce33) x28 0x80025cfc
core   0: 0x80001f1c (0x0000615d) c.addi16sp sp, 432
core   0: 3 0x80001f1c (0x615d) x 2 0x000001af
core   0: 0x80001f1e (0x0000717d) c.addi16sp sp, -16
core   0: 3 0x80001f1e (0x717d) x 2 0x0000019f
core   0: 0x80001f20 (0x0000188c) c.addi4spn a1, sp, 112
core   0: 3 0x80001f20 (0x188c) x11 0x0000020f
core   0: 0x80001f22 (0x018f4263) blt     t5, s8, pc + 4
core   0: 3 0x80001f22 (0x018f4263)
core   0: 0x80001f26 (0x0000818a) c.mv    gp, sp
core   0: 3 0x80001f26 (0x818a) x 3 0x0000019f
core   0: 0x80001f28 (0x000001ee) c.slli  gp, 27
core   0: 3 0x80001f28 (0x01ee) x 3 0xf8000000
core   0: 0x80001f2a (0x91582913) slti    s2, a6, -1771
core   0: 3 0x80001f2a (0x91582913) x18 0x00000000
core   0: 0x80001f2e (0x00008329) c.srli  a4, 10
core   0: 3 0x80001f2e (0x8329) x14 0x00000000
core   0: 0x80001f30 (0x4172d2b3) sra     t0, t0, s7
core   0: 3 0x80001f30 (0x4172d2b3) x 5 0x0000e000
core   0: 0x80001f34 (0x0ff0000f) fence   iorw,iorw
core   0: 3 0x80001f34 (0x0ff0000f)
core   0: 0x80001f38 (0x01c788b3) add     a7, a5, t3
core   0: 3 0x80001f38 (0x01c788b3) x17 0x80025cfe
core   0: 0x80001f3c (0x000007fd) c.addi  a5, 31
core   0: 3 0x80001f3c (0x07fd) x15 0x00000021
core   0: 0x80001f3e (0x0000434d) c.li    t1, 19
core   0: 3 0x80001f3e (0x434d) x 6 0x00000013
core   0: 0x80001f40 (0x000097ce) c.add   a5, s3
core   0: 3 0x80001f40 (0x97ce) x15 0x00000021
core   0: 0x80001f42 (0x009dfeb3) and     t4, s11, s1
core   0: 3 0x80001f42 (0x009dfeb3) x29 0x80025ce0
core   0: 0x80001f46 (0x037f1663) bne     t5, s7, pc + 44
core   0: 3 0x80001f46 (0x037f1663)
core   0: 0x80001f4a (0x00000fc6) c.slli  t6, 17
core   0: 3 0x80001f4a (0x0fc6) x31 0x00180000
core   0: 0x80001f4c (0x00a41a63) bne     s0, a0, pc + 20
core   0: 3 0x80001f4c (0x00a41a63)
core   0: 0x80001f60 (0x03166eb3) rem     t4, a2, a7
core   0: 3 0x80001f60 (0x03166eb3) x29 0x02000006
core   0: 0x80001f64 (0x79f4a117) auipc   sp, 0x79f4a
core   0: 3 0x80001f64 (0x79f4a117) x 2 0xf9f4bf64
core   0: 0x80001f68 (0x010ee833) or      a6, t4, a6
core   0: 3 0x80001f68 (0x010ee833) x16 0x02000007
core   0: 0x80001f6c (0x00000001) c.nop
core   0: 3 0x80001f6c (0x0001)
core   0: 0x80001f6e (0x0039fb63) bgeu    s3, gp, pc + 22
core   0: 3 0x80001f6e (0x0039fb63)
core   0: 0x80001f72 (0x000065fd) c.lui   a1, 0x1f
core   0: 3 0x80001f72 (0x65fd) x11 0x0001f000
core   0: 0x80001f74 (0x09a64a13) xori    s4, a2, 154
core   0: 3 0x80001f74 (0x09a64a13) x20 0x0200009c
core   0: 0x80001f78 (0x41e2d3b3) sra     t2, t0, t5
core   0: 3 0x80001f78 (0x41e2d3b3) x 7 0x0000e000
core   0: 0x80001f7c (0x038cec63) bltu    s9, s8, pc + 56
core   0: 3 0x80001f7c (0x038cec63)
core   0: 0x80001fb4 (0x40e50733) sub     a4, a0, a4
core   0: 3 0x80001fb4 (0x40e50733) x14 0x80021e50
core   0: 0x80001fb8 (0x01d211b3) sll     gp, tp, t4
core   0: 3 0x80001fb8 (0x01d211b3) x 3 0x00000000
core   0: 0x80001fbc (0x00008cd9) c.or    s1, a4
core   0: 3 0x80001fbc (0x8cd9) x 9 0xfffffff9
core   0: 0x80001fbe (0x0000e785) c.bnez  a5, pc + 40
core   0: 3 0x80001fbe (0xe785)
core   0: 0x80001fe6 (0x2cd03713) sltiu   a4, zero, 717
core   0: 3 0x80001fe6 (0x2cd03713) x14 0x00000001
core   0: 0x80001fea (0x0391bfb3) mulhu   t6, gp, s9
core   0: 3 0x80001fea (0x0391bfb3) x31 0x00000000
core   0: 0x80001fee (0x00008d99) c.sub   a1, a4
core   0: 3 0x80001fee (0x8d99) x11 0x0001efff
core   0: 0x80001ff0 (0x03f06a63) bltu    zero, t6, pc + 52
core   0: 3 0x80001ff0 (0x03f06a63)
core   0: 0x80001ff4 (0x02a5fd33) remu    s10, a1, a0
core   0: 3 0x80001ff4 (0x02a5fd33) x26 0x0001efff
core   0: 0x80001ff8 (0x00008a51) c.andi  a2, 20
core   0: 3 0x80001ff8 (0x8a51) x12 0x00000004
core   0: 0x80001ffa (0x0000c40d) c.beqz  s0, pc + 42
core   0: 3 0x80001ffa (0xc40d)
core   0: 0x80001ffc (0x013bb7b3) sltu    a5, s7, s3
core   0: 3 0x80001ffc (0x013bb7b3) x15 0x00000000
core   0: 0x80002000 (0x0000611d) c.addi16sp sp, 416
core   0: 3 0x80002000 (0x611d) x 2 0xf9f4c104
core   0: 0x80002002 (0x00008bc2) c.mv    s7, a6
core   0: 3 0x80002002 (0x8bc2) x23 0x02000007
core   0: 0x80002004 (0x00000001) c.nop
core   0: 3 0x80002004 (0x0001)
core   0: 0x80002006 (0x0000e589) c.bnez  a1, pc + 10
core   0: 3 0x80002006 (0xe589)
core   0: 0x80002010 (0x02a2f8b3) remu    a7, t0, a0
core   0: 3 0x80002010 (0x02a2f8b3) x17 0x0000e000
core   0: 0x80002014 (0x415bd313) srai    t1, s7, 21
core   0: 3 0x80002014 (0x415bd313) x 6 0x00000010
core   0: 0x80002018 (0x03f40433) mul     s0, s0, t6
core   0: 3 0x80002018 (0x03f40433) x 8 0x00000000
core   0: 0x8000201c (0x00958863) beq     a1, s1, pc + 16
core   0: 3 0x8000201c (0x00958863)
core   0: 0x80002020 (0x00008c1d) c.sub   s0, a5
core   0: 3 0x80002020 (0x8c1d) x 8 0x00000000
core   0: 0x80002022 (0x00008f59) c.or    a4, a4
core   0: 3 0x80002022 (0x8f59) x14 0x00000001
core   0: 0x80002024 (0x0000717d) c.addi16sp sp, -16
core   0: 3 0x80002024 (0x717d) x 2 0xf9f4c0f4
core   0: 0x80002026 (0x0000e59d) c.bnez  a1, pc + 46
core   0: 3 0x80002026 (0xe59d)
core   0: 0x80002054 (0x0ff0000f) fence   iorw,iorw
core   0: 3 0x80002054 (0x0ff0000f)
core   0: 0x80002058 (0x0000160c) c.addi4spn a1, sp, 800
core   0: 3 0x80002058 (0x160c) x11 0xf9f4c414
core   0: 0x8000205a (0x015deb63) bltu    s11, s5, pc + 22
core   0: 3 0x8000205a (0x015deb63)
core   0: 0x8000205e (0x0386e6b3) rem     a3, a3, s8
core   0: 3 0x8000205e (0x0386e6b3) x13 0x00000018
core   0: 0x80002062 (0x035b6fb3) rem     t6, s6, s5
core   0: 3 0x80002062 (0x035b6fb3) x31 0x00000000
core   0: 0x80002066 (0x009e3933) sltu    s2, t3, s1
core   0: 3 0x80002066 (0x009e3933) x18 0x00000001
core   0: 0x8000206a (0x0359e5b3) rem     a1, s3, s5
core   0: 3 0x8000206a (0x0359e5b3) x11 0x00000000
core   0: 0x8000206e (0x000086b1) c.srai  a3, 12
core   0: 3 0x8000206e (0x86b1) x13 0x00000000
core   0: 0x80002070 (0x00000001) c.nop
core   0: 3 0x80002070 (0x0001)
core   0: 0x80002072 (0x039d0fb3) mul     t6, s10, s9
core   0: 3 0x80002072 (0x039d0fb3) x31 0x0001efff
core   0: 0x80002076 (0x039c0363) beq     s8, s9, pc + 38
core   0: 3 0x80002076 (0x039c0363)
core   0: 0x8000207a (0x00008696) c.mv    a3, t0
core   0: 3 0x8000207a (0x8696) x13 0x0000e000
core   0: 0x8000207c (0x1039e713) ori     a4, s3, 259
core   0: 3 0x8000207c (0x1039e713) x14 0x00000103
core   0: 0x80002080 (0x00008f8d) c.sub   a5, a1
core   0: 3 0x80002080 (0x8f8d) x15 0x00000000
core   0: 0x80002082 (0x00009b7d) c.andi  a4, -1
core   0: 3 0x80002082 (0x9b7d) x14 0x00000103
core   0: 0x80002084 (0x4053d493) srai    s1, t2, 5
core   0: 3 0x80002084 (0x4053d493) x 9 0x00000700
core   0: 0x80002088 (0x0000100f) fence.i
core   0: 3 0x80002088 (0x0000100f)
core   0: 0x8000208c (0x00008eb1) c.xor   a3, a2
core   0: 3 0x8000208c (0x8eb1) x13 0x0000e004
core   0: 0x8000208e (0x8faef893) andi    a7, t4, -1798
core   0: 3 0x8000208e (0x8faef893) x17 0x02000002
core   0: 0x80002092 (0x00006279) c.lui   tp, 0x1e
core   0: 3 0x80002092 (0x6279) x 4 0x0001e000
core   0: 0x80002094 (0x01175313) srli    t1, a4, 17
core   0: 3 0x80002094 (0x01175313) x 6 0x00000000
core   0: 0x80002098 (0x00000d1d) c.addi  s10, 7
core   0: 3 0x80002098 (0x0d1d) x26 0x0001f006
core   0: 0x8000209a (0x000069bd) c.lui   s3, 0xf
core   0: 3 0x8000209a (0x69bd) x19 0x0000f000
core   0: 0x8000209c (0x00008e15) c.sub   a2, a3
core   0: 3 0x8000209c (0x8e15) x12 0xffff2000
core   0: 0x8000209e (0x013293b3) sll     t2, t0, s3
core   0: 3 0x8000209e (0x013293b3) x 7 0x0000e000
core   0: 0x800020a2 (0x00000001) c.nop
core   0: 3 0x800020a2 (0x0001)
core   0: 0x800020a4 (0x01a64a33) xor     s4, a2, s10
core   0: 3 0x800020a4 (0x01a64a33) x20 0xfffed006
core   0: 0x800020a8 (0xe9bec413) xori    s0, t4, -357
core   0: 3 0x800020a8 (0xe9bec413) x 8 0xfdfffe9d
core   0: 0x800020ac (0x0ff0000f) fence   iorw,iorw
core   0: 3 0x800020ac (0x0ff0000f)
core   0: 0x800020b0 (0x90f5b093) sltiu   ra, a1, -1777
core   0: 3 0x800020b0 (0x90f5b093) x 1 0x00000001
core   0: 0x800020b4 (0x01ae4a63) blt     t3, s10, pc + 20
core   0: 3 0x800020b4 (0x01ae4a63)
core   0: 0x800020c8 (0x018fc7b3) xor     a5, t6, s8
core   0: 3 0x800020c8 (0x018fc7b3) x15 0x1002171a
core   0: 0x800020cc (0x41b584b3) sub     s1, a1, s11
core   0: 3 0x800020cc (0x41b584b3) x 9 0x7ffda31c
core   0: 0x800020d0 (0x02afdb33) divu    s6, t6, a0
core   0: 3 0x800020d0 (0x02afdb33) x22 0x00000000
core   0: 0x800020d4 (0x41d48333) sub     t1, s1, t4
core   0: 3 0x800020d4 (0x41d48333) x 6 0x7dfda316
core   0: 0x800020d8 (0x07e8de63) bge     a7, t5, pc + 124
core   0: 3 0x800020d8 (0x07e8de63)
core   0: 0x80002154 (0x00008ed9) c.or    a3, a4
core   0: 3 0x80002154 (0x8ed9) x13 0x0000e107
core   0: 0x80002156 (0x00008e3d) c.xor   a2, a5
core   0: 3 0x80002156 (0x8e3d) x12 0xeffd371a
core   0: 0x80002158 (0x028e2e33) mulhsu  t3, t3, s0
core   0: 3 0x80002158 (0x028e2e33) x28 0x810258f3
core   0: 0x8000215c (0x00001d14) c.addi4spn a3, sp, 688
core   0: 3 0x8000215c (0x1d14) x13 0xf9f4c3a4
core   0: 0x8000215e (0x03f39d63) bne     t2, t6, pc + 58
core   0: 3 0x8000215e (0x03f39d63)
core   0: 0x80002198 (0x419c0f33) sub     t5, s8, s9
core   0: 3 0x80002198 (0x419c0f33) x30 0x1003f8e4
core   0: 0x8000219c (0x00008f49) c.or    a4, a0
core   0: 3 0x8000219c (0x8f49) x14 0x80021f53
core   0: 0x8000219e (0x019068b3) or      a7, zero, s9
core   0: 3 0x8000219e (0x019068b3) x17 0x00000001
core   0: 0x800021a2 (0x0000827d) c.srli  a2, 31
core   0: 3 0x800021a2 (0x827d) x12 0x00000001
core   0: 0x800021a4 (0xffc00493) li      s1, -4
core   0: 3 0x800021a4 (0xffc00493) x 9 0xfffffffc
core   0: 0x800021a8 (0x000086d9) c.srai  a3, 22
core   0: 3 0x800021a8 (0x86d9) x13 0xffffffe7
core   0: 0x800021aa (0x00000001) c.nop
core   0: 3 0x800021aa (0x0001)
core   0: 0x800021ac (0x00008c01) c.sub   s0, s0
core   0: 3 0x800021ac (0x8c01) x 8 0x00000000
core   0: 0x800021ae (0x000042cd) c.li    t0, 19
core   0: 3 0x800021ae (0x42cd) x 5 0x00000013
core   0: 0x800021b0 (0x00000001) c.nop
core   0: 3 0x800021b0 (0x0001)
core   0: 0x800021b2 (0x00000489) c.addi  s1, 2
core   0: 3 0x800021b2 (0x0489) x 9 0xfffffffe
core   0: 0x800021b4 (0x404b52b3) sra     t0, s6, tp
core   0: 3 0x800021b4 (0x404b52b3) x 5 0x00000000
core   0: 0x800021b8 (0x405205b3) sub     a1, tp, t0
core   0: 3 0x800021b8 (0x405205b3) x11 0x0001e000
core   0: 0x800021bc (0x0000197d) c.addi  s2, -1
core   0: 3 0x800021bc (0x197d) x18 0x00000000
core   0: 0x800021be (0x00008fd5) c.or    a5, a3
core   0: 3 0x800021be (0x8fd5) x15 0xffffffff
core   0: 0x800021c0 (0x00900713) li      a4, 9
core   0: 3 0x800021c0 (0x00900713) x14 0x00000009
core   0: 0x800021c4 (0x00008f81) c.sub   a5, s0
core   0: 3 0x800021c4 (0x8f81) x15 0xffffffff
core   0: 0x800021c6 (0x00500e13) li      t3, 5
core   0: 3 0x800021c6 (0x00500e13) x28 0x00000005
core   0: 0x800021ca (0x02c911b3) mulh    gp, s2, a2
core   0: 3 0x800021ca (0x02c911b3) x 3 0x00000000
core   0: 0x800021ce (0x00000001) c.nop
core   0: 3 0x800021ce (0x0001)
core   0: 0x800021d0 (0x00008795) c.srai  a5, 5
core   0: 3 0x800021d0 (0x8795) x15 0xffffffff
core   0: 0x800021d2 (0x00001b90) c.addi4spn a2, sp, 496
core   0: 3 0x800021d2 (0x1b90) x12 0xf9f4c2e4
core   0: 0x800021d4 (0x3860b6b7) lui     a3, 0x3860b
core   0: 3 0x800021d4 (0x3860b6b7) x13 0x3860b000
core   0: 0x800021d8 (0x00000001) c.nop
core   0: 3 0x800021d8 (0x0001)
core   0: 0x800021da (0x0285c2b3) div     t0, a1, s0
core   0: 3 0x800021da (0x0285c2b3) x 5 0xffffffff
core   0: 0x800021de (0x00001bfd) c.addi  s7, -1
core   0: 3 0x800021de (0x1bfd) x23 0x02000006
core   0: 0x800021e0 (0x00001771) c.addi  a4, -4
core   0: 3 0x800021e0 (0x1771) x14 0x00000005
core   0: 0x800021e2 (0x01735893) srli    a7, t1, 23
core   0: 3 0x800021e2 (0x01735893) x17 0x000000fb
core   0: 0x800021e6 (0xffc777e3) bgeu    a4, t3, pc - 18
core   0: 3 0x800021e6 (0xffc777e3)
core   0: 0x800021d4 (0x3860b6b7) lui     a3, 0x3860b
core   0: 3 0x800021d4 (0x3860b6b7) x13 0x3860b000
core   0: 0x800021d8 (0x00000001) c.nop
core   0: 3 0x800021d8 (0x0001)
core   0: 0x800021da (0x0285c2b3) div     t0, a1, s0
core   0: 3 0x800021da (0x0285c2b3) x 5 0xffffffff
core   0: 0x800021de (0x00001bfd) c.addi  s7, -1
core   0: 3 0x800021de (0x1bfd) x23 0x02000005
core   0: 0x800021e0 (0x00001771) c.addi  a4, -4
core   0: 3 0x800021e0 (0x1771) x14 0x00000001
core   0: 0x800021e2 (0x01735893) srli    a7, t1, 23
core   0: 3 0x800021e2 (0x01735893) x17 0x000000fb
core   0: 0x800021e6 (0xffc777e3) bgeu    a4, t3, pc - 18
core   0: 3 0x800021e6 (0xffc777e3)
core   0: 0x800021ea (0x404f55b3) sra     a1, t5, tp
core   0: 3 0x800021ea (0x404f55b3) x11 0x1003f8e4
core   0: 0x800021ee (0x00008d8d) c.sub   a1, a1
core   0: 3 0x800021ee (0x8d8d) x11 0x00000000
core   0: 0x800021f0 (0x02aa6833) rem     a6, s4, a0
core   0: 3 0x800021f0 (0x02aa6833) x16 0xfffed006
core   0: 0x800021f4 (0x0000dccd) c.beqz  s1, pc - 70
core   0: 3 0x800021f4 (0xdccd)
core   0: 0x800021f6 (0x00008ff1) c.and   a5, a2
core   0: 3 0x800021f6 (0x8ff1) x15 0xf9f4c2e4
core   0: 0x800021f8 (0x02327fb3) remu    t6, tp, gp
core   0: 3 0x800021f8 (0x02327fb3) x31 0x0001e000
core   0: 0x800021fc (0x03351163) bne     a0, s3, pc + 34
core   0: 3 0x800021fc (0x03351163)
core   0: 0x8000221e (0x02c4c3b3) div     t2, s1, a2
core   0: 3 0x8000221e (0x02c4c3b3) x 7 0x00000000
core   0: 0x80002222 (0x8fe58893) addi    a7, a1, -1794
core   0: 3 0x80002222 (0x8fe58893) x17 0xfffff8fe
core   0: 0x80002226 (0x998d3093) sltiu   ra, s10, -1640
core   0: 3 0x80002226 (0x998d3093) x 1 0x00000001
core   0: 0x8000222a (0x00008e39) c.xor   a2, a4
core   0: 3 0x8000222a (0x8e39) x12 0xf9f4c2e5
core   0: 0x8000222c (0x00314d33) xor     s10, sp, gp
core   0: 3 0x8000222c (0x00314d33) x26 0xf9f4c0f4
core   0: 0x80002230 (0x02e67463) bgeu    a2, a4, pc + 40
core   0: 3 0x80002230 (0x02e67463)
core   0: 0x80002258 (0x00000001) c.nop
core   0: 3 0x80002258 (0x0001)
core   0: 0x8000225a (0x010e1a13) slli    s4, t3, 16
core   0: 3 0x8000225a (0x010e1a13) x20 0x00050000
core   0: 0x8000225e (0xe95b2393) slti    t2, s6, -363
core   0: 3 0x8000225e (0xe95b2393) x 7 0x00000000
core   0: 0x80002262 (0x41385f93) srai    t6, a6, 19
core   0: 3 0x80002262 (0x41385f93) x31 0xffffffff
core   0: 0x80002266 (0x017c67b3) or      a5, s8, s7
core   0: 3 0x80002266 (0x017c67b3) x15 0x1203f8e5
core   0: 0x8000226a (0x00008735) c.srai  a4, 13
core   0: 3 0x8000226a (0x8735) x14 0x00000000
core   0: 0x8000226c (0xb3dad197) auipc   gp, 0xb3dad
core   0: 3 0x8000226c (0xb3dad197) x 3 0x33daf26c
core   0: 0x80002270 (0x036e17b3) mulh    a5, t3, s6
core   0: 3 0x80002270 (0x036e17b3) x15 0x00000000
core   0: 0x80002274 (0x00001bfd) c.addi  s7, -1
core   0: 3 0x80002274 (0x1bfd) x23 0x02000004
core   0: 0x80002276 (0xc57fe913) ori     s2, t6, -937
core   0: 3 0x80002276 (0xc57fe913) x18 0xffffffff
core   0: 0x8000227a (0x2ed28793) addi    a5, t0, 749
core   0: 3 0x8000227a (0x2ed28793) x15 0x000002ec
core   0: 0x8000227e (0x00008c39) c.xor   s0, a4
core   0: 3 0x8000227e (0x8c39) x 8 0x00000000
core   0: 0x80002280 (0x00618a33) add     s4, gp, t1
core   0: 3 0x80002280 (0x00618a33) x20 0xb1d89582
core   0: 0x80002284 (0x037a9933) mulh    s2, s5, s7
core   0: 3 0x80002284 (0x037a9933) x18 0x0010b6be
core   0: 0x80002288 (0x4199d4b3) sra     s1, s3, s9
core   0: 3 0x80002288 (0x4199d4b3) x 9 0x00007800
core   0: 0x8000228c (0xe6501eb7) lui     t4, 0xe6501
core   0: 3 0x8000228c (0xe6501eb7) x29 0xe6501000
core   0: 0x80002290 (0x01a60cb3) add     s9, a2, s10
core   0: 3 0x80002290 (0x01a60cb3) x25 0xf3e983d9
core   0: 0x80002294 (0x00008332) c.mv    t1, a2
core   0: 3 0x80002294 (0x8332) x 6 0xf9f4c2e5
core   0: 0x80002296 (0xd63e3a13) sltiu   s4, t3, -669
core   0: 3 0x80002296 (0xd63e3a13) x20 0x00000001
core   0: 0x8000229a (0x0000cc8d) c.beqz  s1, pc + 58
core   0: 3 0x8000229a (0xcc8d)
core   0: 0x8000229c (0x5a153793) sltiu   a5, a0, 1441
core   0: 3 0x8000229c (0x5a153793) x15 0x00000000
core   0: 0x800022a0 (0x40e158b3) sra     a7, sp, a4
core   0: 3 0x800022a0 (0x40e158b3) x17 0xf9f4c0f4
core   0: 0x800022a4 (0x000c5c63) bgez    s8, pc + 24
core   0: 3 0x800022a4 (0x000c5c63)
core   0: 0x800022bc (0x03a20763) beq     tp, s10, pc + 46
core   0: 3 0x800022bc (0x03a20763)
core   0: 0x800022c0 (0x408cd3b3) sra     t2, s9, s0
core   0: 3 0x800022c0 (0x408cd3b3) x 7 0xf3e983d9
core   0: 0x800022c4 (0x038b5fb3) divu    t6, s6, s8
core   0: 3 0x800022c4 (0x038b5fb3) x31 0x00000000
core   0: 0x800022c8 (0x8d1f2993) slti    s3, t5, -1839
core   0: 3 0x800022c8 (0x8d1f2993) x19 0x00000000
core   0: 0x800022cc (0xb3ca7993) andi    s3, s4, -1220
core   0: 3 0x800022cc (0xb3ca7993) x19 0x00000000
core   0: 0x800022d0 (0x00009bea) c.add   s7, s10
core   0: 3 0x800022d0 (0x9bea) x23 0xfbf4c0f8
core   0: 0x800022d2 (0x00008009) c.srli  s0, 2
core   0: 3 0x800022d2 (0x8009) x 8 0x00000000
core   0: 0x800022d4 (0x000008b2) c.slli  a7, 12
core   0: 3 0x800022d4 (0x08b2) x17 0x4c0f4000
core   0: 0x800022d6 (0x0000100f) fence.i
core   0: 3 0x800022d6 (0x0000100f)
core   0: 0x800022da (0x00008269) c.srli  a2, 26
core   0: 3 0x800022da (0x8269) x12 0x0000003e
core   0: 0x800022dc (0x000040d5) c.li    ra, 21
core   0: 3 0x800022dc (0x40d5) x 1 0x00000015
core   0: 0x800022de (0x00000001) c.nop
core   0: 3 0x800022de (0x0001)
core   0: 0x800022e0 (0x018a5013) srli    zero, s4, 24
core   0: 3 0x800022e0 (0x018a5013)
core   0: 0x800022e4 (0x00000955) c.addi  s2, 21
core   0: 3 0x800022e4 (0x0955) x18 0x0010b6d3
core   0: 0x800022e6 (0x00009a7d) c.andi  a2, -1
core   0: 3 0x800022e6 (0x9a7d) x12 0x0000003e
core   0: 0x800022e8 (0x00008859) c.andi  s0, 22
core   0: 3 0x800022e8 (0x8859) x 8 0x00000000
core   0: 0x800022ea (0x00001bfd) c.addi  s7, -1
core   0: 3 0x800022ea (0x1bfd) x23 0xfbf4c0f7
core   0: 0x800022ec (0x010c5933) srl     s2, s8, a6
core   0: 3 0x800022ec (0x010c5933) x18 0x00400fe3
core   0: 0x800022f0 (0x039a9033) mulh    zero, s5, s9
core   0: 3 0x800022f0 (0x039a9033)
core   0: 0x800022f4 (0x000096fe) c.add   a3, t6
core   0: 3 0x800022f4 (0x96fe) x13 0x3860b000
core   0: 0x800022f6 (0x021ec233) div     tp, t4, ra
core   0: 3 0x800022f6 (0x021ec233) x 4 0xfec6dc31
core   0: 0x800022fa (0x0000120c) c.addi4spn a1, sp, 288
core   0: 3 0x800022fa (0x120c) x11 0xf9f4c214
core   0: 0x800022fc (0x025ebbb3) mulhu   s7, t4, t0
core   0: 3 0x800022fc (0x025ebbb3) x23 0xe6500fff
core   0: 0x80002300 (0x00001c0c) c.addi4spn a1, sp, 560
core   0: 3 0x80002300 (0x1c0c) x11 0xf9f4c324
core   0: 0x80002302 (0x000084a5) c.srai  s1, 9
core   0: 3 0x80002302 (0x84a5) x 9 0x0000003c
core   0: 0x80002304 (0xb3f7ef93) ori     t6, a5, -1217
core   0: 3 0x80002304 (0xb3f7ef93) x31 0xfffffb3f
core   0: 0x80002308 (0x02eb5763) bge     s6, a4, pc + 46
core   0: 3 0x80002308 (0x02eb5763)
core   0: 0x80002336 (0x0000ea91) c.bnez  a3, pc + 20
core   0: 3 0x80002336 (0xea91)
core   0: 0x8000234a (0x01d3f8b3) and     a7, t2, t4
core   0: 3 0x8000234a (0x01d3f8b3) x17 0xe2400000
core   0: 0x8000234e (0x0000c209) c.beqz  a2, pc + 2
core   0: 3 0x8000234e (0xc209)
core   0: 0x80002350 (0x00835f13) srli    t5, t1, 8
core   0: 3 0x80002350 (0x00835f13) x30 0x00f9f4c2
core   0: 0x80002354 (0x00009e2a) c.add   t3, a0
core   0: 3 0x80002354 (0x9e2a) x28 0x80021e55
core   0: 0x80002356 (0x00c1c0b3) xor     ra, gp, a2
core   0: 3 0x80002356 (0x00c1c0b3) x 1 0x33daf252
core   0: 0x8000235a (0x409ed893) srai    a7, t4, 9
core   0: 3 0x8000235a (0x409ed893) x17 0xfff32808
core   0: 0x8000235e (0x00008025) c.srli  s0, 9
core   0: 3 0x8000235e (0x8025) x 8 0x00000000
core   0: 0x80002360 (0x00008fb9) c.xor   a5, a4
core   0: 3 0x80002360 (0x8fb9) x15 0x00000000
core   0: 0x80002362 (0x01949313) slli    t1, s1, 25
core   0: 3 0x80002362 (0x01949313) x 6 0x78000000
core   0: 0x80002366 (0x00001500) c.addi4spn s0, sp, 672
core   0: 3 0x80002366 (0x1500) x 8 0xf9f4c394
core   0: 0x80002368 (0x00fd8bb3) add     s7, s11, a5
core   0: 3 0x80002368 (0x00fd8bb3) x23 0x80025ce4
core   0: 0x8000236c (0x00a245b3) xor     a1, tp, a0
core   0: 3 0x8000236c (0x00a245b3) x11 0x7ec4c261
core   0: 0x80002370 (0xe3433697) auipc   a3, 0xe3433
core   0: 3 0x80002370 (0xe3433697) x13 0x63435370
core   0: 0x80002374 (0x03894263) blt     s2, s8, pc + 36
core   0: 3 0x80002374 (0x03894263)
core   0: 0x80002398 (0x0018abb3) slt     s7, a7, ra
core   0: 3 0x80002398 (0x0018abb3) x23 0x00000001
core   0: 0x8000239c (0x408e5a13) srai    s4, t3, 8
core   0: 3 0x8000239c (0x408e5a13) x20 0xff80021e
core   0: 0x800023a0 (0x03fa4c63) blt     s4, t6, pc + 56
core   0: 3 0x800023a0 (0x03fa4c63)
core   0: 0x800023d8 (0x0000068c) c.addi4spn a1, sp, 832
core   0: 3 0x800023d8 (0x068c) x11 0xf9f4c434
core   0: 0x800023da (0x00a7c2b3) xor     t0, a5, a0
core   0: 3 0x800023da (0x00a7c2b3) x 5 0x80021e50
core   0: 0x800023de (0x00009a7d) c.andi  a2, -1
core   0: 3 0x800023de (0x9a7d) x12 0x0000003e
core   0: 0x800023e0 (0x6e2248b7) lui     a7, 0x6e224
core   0: 3 0x800023e0 (0x6e2248b7) x17 0x6e224000
core   0: 0x800023e4 (0x00000001) c.nop
core   0: 3 0x800023e4 (0x0001)
core   0: 0x800023e6 (0x875d6e93) ori     t4, s10, -1931
core   0: 3 0x800023e6 (0x875d6e93) x29 0xfffff8f5
core   0: 0x800023ea (0x02b702b3) mul     t0, a4, a1
core   0: 3 0x800023ea (0x02b702b3) x 5 0x00000000
core   0: 0x800023ee (0x0336a833) mulhsu  a6, a3, s3
core   0: 3 0x800023ee (0x0336a833) x16 0x00000000
core   0: 0x800023f2 (0x034c5463) bge     s8, s4, pc + 40
core   0: 3 0x800023f2 (0x034c5463)
core   0: 0x8000241a (0x019dbeb3) sltu    t4, s11, s9
core   0: 3 0x8000241a (0x019dbeb3) x29 0x00000001
core   0: 0x8000241e (0x40f1dc13) srai    s8, gp, 15
core   0: 3 0x8000241e (0x40f1dc13) x24 0x000067b5
core   0: 0x80002422 (0x00000001) c.nop
core   0: 3 0x80002422 (0x0001)
core   0: 0x80002424 (0x0ff0000f) fence   iorw,iorw
core   0: 3 0x80002424 (0x0ff0000f)
core   0: 0x80002428 (0x0e972193) slti    gp, a4, 233
core   0: 3 0x80002428 (0x0e972193) x 3 0x00000001
core   0: 0x8000242c (0x03751fb3) mulh    t6, a0, s7
core   0: 3 0x8000242c (0x03751fb3) x31 0xffffffff
core   0: 0x80002430 (0x00ed6d33) or      s10, s10, a4
core   0: 3 0x80002430 (0x00ed6d33) x26 0xf9f4c0f4
core   0: 0x80002434 (0x00009b7d) c.andi  a4, -1
core   0: 3 0x80002434 (0x9b7d) x14 0x00000000
core   0: 0x80002436 (0x051f1163) bne     t5, a7, pc + 66
core   0: 3 0x80002436 (0x051f1163)
core   0: 0x80002478 (0x4078d133) sra     sp, a7, t2
core   0: 3 0x80002478 (0x4078d133) x 2 0x00000037
core   0: 0x8000247c (0x0342d963) bge     t0, s4, pc + 50
core   0: 3 0x8000247c (0x0342d963)
core   0: 0x800024ae (0x40a185b3) sub     a1, gp, a0
core   0: 3 0x800024ae (0x40a185b3) x11 0x7ffde1b1
core   0: 0x800024b2 (0x00000001) c.nop
core   0: 3 0x800024b2 (0x0001)
core   0: 0x800024b4 (0x003ff1b3) and     gp, t6, gp
core   0: 3 0x800024b4 (0x003ff1b3) x 3 0x00000001
core   0: 0x800024b8 (0xff68ef93) ori     t6, a7, -10
core   0: 3 0x800024b8 (0xff68ef93) x31 0xfffffff6
core   0: 0x800024bc (0x402c5133) sra     sp, s8, sp
core   0: 3 0x800024bc (0x402c5133) x 2 0x00000000
core   0: 0x800024c0 (0x41fbdd33) sra     s10, s7, t6
core   0: 3 0x800024c0 (0x41fbdd33) x26 0x00000000
core   0: 0x800024c4 (0x00008fcd) c.or    a5, a1
core   0: 3 0x800024c4 (0x8fcd) x15 0x7ffde1b1
core   0: 0x800024c6 (0x4173dfb3) sra     t6, t2, s7
core   0: 3 0x800024c6 (0x4173dfb3) x31 0xf9f4c1ec
core   0: 0x800024ca (0x035a6133) rem     sp, s4, s5
core   0: 3 0x800024ca (0x035a6133) x 2 0xff80021e
core   0: 0x800024ce (0x03e67063) bgeu    a2, t5, pc + 32
core   0: 3 0x800024ce (0x03e67063)
core   0: 0x800024d2 (0x039fc433) div     s0, t6, s9
core   0: 3 0x800024d2 (0x039fc433) x 8 0x00000000
core   0: 0x800024d6 (0x00008dbd) c.xor   a1, a5
core   0: 3 0x800024d6 (0x8dbd) x11 0x00000000
core   0: 0x800024d8 (0x00c21693) slli    a3, tp, 12
core   0: 3 0x800024d8 (0x00c21693) x13 0x6dc31000
core   0: 0x800024dc (0x0340d863) bge     ra, s4, pc + 48
core   0: 3 0x800024dc (0x0340d863)
core   0: 0x8000250c (0x41ac5593) srai    a1, s8, 26
core   0: 3 0x8000250c (0x41ac5593) x11 0x00000000
core   0: 0x80002510 (0x41f35633) sra     a2, t1, t6
core   0: 3 0x80002510 (0x41f35633) x12 0x00078000
core   0: 0x80002514 (0x1ce0bfb7) lui     t6, 0x1ce0b
core   0: 3 0x80002514 (0x1ce0bfb7) x31 0x1ce0b000
core   0: 0x80002518 (0x015e84b3) add     s1, t4, s5
core   0: 3 0x80002518 (0x015e84b3) x 9 0x085b5f21
core   0: 0x8000251c (0x0000c385) c.beqz  a5, pc + 32
core   0: 3 0x8000251c (0xc385)
core   0: 0x8000251e (0x029752b3) divu    t0, a4, s1
core   0: 3 0x8000251e (0x029752b3) x 5 0x00000000
core   0: 0x80002522 (0x03b403b3) mul     t2, s0, s11
core   0: 3 0x80002522 (0x03b403b3) x 7 0x00000000
core   0: 0x80002526 (0x03c99a63) bne     s3, t3, pc + 52
core   0: 3 0x80002526 (0x03c99a63)
core   0: 0x8000255a (0x028b0c33) mul     s8, s6, s0
core   0: 3 0x8000255a (0x028b0c33) x24 0x00000000
core   0: 0x8000255e (0x00008605) c.srai  a2, 1
core   0: 3 0x8000255e (0x8605) x12 0x0003c000
core   0: 0x80002560 (0x00000f10) c.addi4spn a2, sp, 912
core   0: 3 0x80002560 (0x0f10) x12 0xff8005ae
core   0: 0x80002562 (0xa04e1897) auipc   a7, 0xa04e1
core   0: 3 0x80002562 (0xa04e1897) x17 0x204e3562
core   0: 0x80002566 (0x00a06c33) or      s8, zero, a0
core   0: 3 0x80002566 (0x00a06c33) x24 0x80021e50
core   0: 0x8000256a (0x0000c809) c.beqz  s0, pc + 18
core   0: 3 0x8000256a (0xc809)
core   0: 0x8000257c (0x00008ec9) c.or    a3, a0
core   0: 3 0x8000257c (0x8ec9) x13 0xedc31e50
core   0: 0x8000257e (0x00000cda) c.slli  s9, 22
core   0: 3 0x8000257e (0x0cda) x25 0xf6400000
core   0: 0x80002580 (0x0000082a) c.slli  a6, 10
core   0: 3 0x80002580 (0x082a) x16 0x00000000
core   0: 0x80002582 (0x41d300b3) sub     ra, t1, t4
core   0: 3 0x80002582 (0x41d300b3) x 1 0x77ffffff
core   0: 0x80002586 (0x008803b3) add     t2, a6, s0
core   0: 3 0x80002586 (0x008803b3) x 7 0x00000000
core   0: 0x8000258a (0x027275b3) remu    a1, tp, t2
core   0: 3 0x8000258a (0x027275b3) x11 0xfec6dc31
core   0: 0x8000258e (0x038c6f33) rem     t5, s8, s8
core   0: 3 0x8000258e (0x038c6f33) x30 0x00000000
core   0: 0x80002592 (0x405bd133) sra     sp, s7, t0
core   0: 3 0x80002592 (0x405bd133) x 2 0x00000001
core   0: 0x80002596 (0x02bd85b3) mul     a1, s11, a1
core   0: 3 0x80002596 (0x02bd85b3) x11 0x989fb7a4
core   0: 0x8000259a (0x00b7bbb3) sltu    s7, a5, a1
core   0: 3 0x8000259a (0x00b7bbb3) x23 0x00000001
core   0: 0x8000259e (0x4cbb2013) slti    zero, s6, 1227
core   0: 3 0x8000259e (0x4cbb2013)
core   0: 0x800025a2 (0x029fc763) blt     t6, s1, pc + 46
core   0: 3 0x800025a2 (0x029fc763)
core   0: 0x800025a6 (0x0000100f) fence.i
core   0: 3 0x800025a6 (0x0000100f)
core   0: 0x800025aa (0x01dad9b3) srl     s3, s5, t4
core   0: 3 0x800025aa (0x01dad9b3) x19 0x042daf90
core   0: 0x800025ae (0x00004f99) c.li    t6, 6
core   0: 3 0x800025ae (0x4f99) x31 0x00000006
core   0: 0x800025b0 (0x00001990) c.addi4spn a2, sp, 240
core   0: 3 0x800025b0 (0x1990) x12 0x000000f1
core   0: 0x800025b2 (0x004cb7b3) sltu    a5, s9, tp
core   0: 3 0x800025b2 (0x004cb7b3) x15 0x00000001
core   0: 0x800025b6 (0x01544733) xor     a4, s0, s5
core   0: 3 0x800025b6 (0x01544733) x14 0x085b5f20
core   0: 0x800025ba (0x4192d233) sra     tp, t0, s9
core   0: 3 0x800025ba (0x4192d233) x 4 0x00000000
core   0: 0x800025be (0x0110d9b3) srl     s3, ra, a7
core   0: 3 0x800025be (0x0110d9b3) x19 0x1dffffff
core   0: 0x800025c2 (0x00000001) c.nop
core   0: 3 0x800025c2 (0x0001)
core   0: 0x800025c4 (0xf1b80293) addi    t0, a6, -229
core   0: 3 0x800025c4 (0xf1b80293) x 5 0xffffff1b
core   0: 0x800025c8 (0x026b5eb3) divu    t4, s6, t1
core   0: 3 0x800025c8 (0x026b5eb3) x29 0x00000000
core   0: 0x800025cc (0x00008dc9) c.or    a1, a0
core   0: 3 0x800025cc (0x8dc9) x11 0x989fbff4
core   0: 0x800025ce (0x00000001) c.nop
core   0: 3 0x800025ce (0x0001)
core   0: 0x800025d0 (0x03ddb7b3) mulhu   a5, s11, t4
core   0: 3 0x800025d0 (0x03ddb7b3) x15 0x00000000
core   0: 0x800025d4 (0x000067e9) c.lui   a5, 0x1a
core   0: 3 0x800025d4 (0x67e9) x15 0x0001a000
core   0: 0x800025d6 (0x0000078d) c.addi  a5, 3
core   0: 3 0x800025d6 (0x078d) x15 0x0001a003
core   0: 0x800025d8 (0x00e857b3) srl     a5, a6, a4
core   0: 3 0x800025d8 (0x00e857b3) x15 0x00000000
core   0: 0x800025dc (0x00008dd9) c.or    a1, a4
core   0: 3 0x800025dc (0x8dd9) x11 0x98dffff4
core   0: 0x800025de (0x00009f6e) c.add   t5, s11
core   0: 3 0x800025de (0x9f6e) x30 0x80025ce4
core   0: 0x800025e0 (0x0000717d) c.addi16sp sp, -16
core   0: 3 0x800025e0 (0x717d) x 2 0xfffffff1
core   0: 0x800025e2 (0xded7cd13) xori    s10, a5, -531
core   0: 3 0x800025e2 (0xded7cd13) x26 0xfffffded
core   0: 0x800025e6 (0x0076cf33) xor     t5, a3, t2
core   0: 3 0x800025e6 (0x0076cf33) x30 0xedc31e50
core   0: 0x800025ea (0x00006a61) c.lui   s4, 0x18
core   0: 3 0x800025ea (0x6a61) x20 0x00018000
core   0: 0x800025ec (0x01a25893) srli    a7, tp, 26
core   0: 3 0x800025ec (0x01a25893) x17 0x00000000
core   0: 0x800025f0 (0x00006171) c.addi16sp sp, 336
core   0: 3 0x800025f0 (0x6171) x 2 0x00000141
core   0: 0x800025f2 (0x1182e293) ori     t0, t0, 280
core   0: 3 0x800025f2 (0x1182e293) x 5 0xffffff1b
core   0: 0x800025f6 (0x5ec4b617) auipc   a2, 0x5ec4b
core   0: 3 0x800025f6 (0x5ec4b617) x12 0xdec4d5f6
core   0: 0x800025fa (0x03225f33) divu    t5, tp, s2
core   0: 3 0x800025fa (0x03225f33) x30 0x00000000
core   0: 0x800025fe (0x00d68263) beq     a3, a3, pc + 4
core   0: 3 0x800025fe (0x00d68263)
core   0: 0x80002602 (0x00000fea) c.slli  t6, 26
core   0: 3 0x80002602 (0x0fea) x31 0x18000000
core   0: 0x80002604 (0x000096ba) c.add   a3, a4
core   0: 3 0x80002604 (0x96ba) x13 0xf61e7d70
core   0: 0x80002606 (0x01ebe133) or      sp, s7, t5
core   0: 3 0x80002606 (0x01ebe133) x 2 0x00000001
core   0: 0x8000260a (0x03c00c63) beq     zero, t3, pc + 56
core   0: 3 0x8000260a (0x03c00c63)
core   0: 0x8000260e (0x0102f9b3) and     s3, t0, a6
core   0: 3 0x8000260e (0x0102f9b3) x19 0x00000000
core   0: 0x80002612 (0x01f45c13) srli    s8, s0, 31
core   0: 3 0x80002612 (0x01f45c13) x24 0x00000000
core   0: 0x80002616 (0x992a8813) addi    a6, s5, -1646
core   0: 3 0x80002616 (0x992a8813) x16 0x085b58b2
core   0: 0x8000261a (0x02407333) remu    t1, zero, tp
core   0: 3 0x8000261a (0x02407333) x 6 0x00000000
core   0: 0x8000261e (0x039a6963) bltu    s4, s9, pc + 50
core   0: 3 0x8000261e (0x039a6963)
core   0: 0x80002650 (0x0000c095) c.beqz  s1, pc + 36
core   0: 3 0x80002650 (0xc095)
core   0: 0x80002652 (0x00899113) slli    sp, s3, 8
core   0: 3 0x80002652 (0x00899113) x 2 0x00000000
core   0: 0x80002656 (0x000084dd) c.srai  s1, 23
core   0: 3 0x80002656 (0x84dd) x 9 0x00000010
core   0: 0x80002658 (0x03879fb3) mulh    t6, a5, s8
core   0: 3 0x80002658 (0x03879fb3) x31 0x00000000
core   0: 0x8000265c (0x00008ce1) c.and   s1, s0
core   0: 3 0x8000265c (0x8ce1) x 9 0x00000000
core   0: 0x8000265e (0xfae7fd17) auipc   s10, 0xfae7f
core   0: 3 0x8000265e (0xfae7fd17) x26 0x7ae8165e
core   0: 0x80002662 (0x201b7393) andi    t2, s6, 513
core   0: 3 0x80002662 (0x201b7393) x 7 0x00000000
core   0: 0x80002666 (0x3a8cf713) andi    a4, s9, 936
core   0: 3 0x80002666 (0x3a8cf713) x14 0x00000000
core   0: 0x8000266a (0x026276b3) remu    a3, tp, t1
core   0: 3 0x8000266a (0x026276b3) x13 0x00000000
core   0: 0x8000266e (0x00006161) c.addi16sp sp, 80
core   0: 3 0x8000266e (0x6161) x 2 0x00000050
core   0: 0x80002670 (0x0316bbb3) mulhu   s7, a3, a7
core   0: 3 0x80002670 (0x0316bbb3) x23 0x00000000
core   0: 0x80002674 (0x00000806) c.slli  a6, 1
core   0: 3 0x80002674 (0x0806) x16 0x10b6b164
core   0: 0x80002676 (0x00452083) lw      ra, 4(a0)
core   0: 3 0x80002676 (0x00452083) x 1 0x8000011e mem 0x80021e54
core   0: 0x8000267a (0xdb554e93) xori    t4, a0, -587
core   0: 3 0x8000267a (0xdb554e93) x29 0x7ffde3e5
core   0: 0x8000267e (0x00000551) c.addi  a0, 20
core   0: 3 0x8000267e (0x0551) x10 0x80021e64
core   0: 0x80002680 (0x806cfb93) andi    s7, s9, -2042
core   0: 3 0x80002680 (0x806cfb93) x23 0xf6400000
core   0: 0x80002684 (0x018e0333) add     t1, t3, s8
core   0: 3 0x80002684 (0x018e0333) x 6 0x80021e55
core   0: 0x80002688 (0x00008c93) mv      s9, ra
core   0: 3 0x80002688 (0x00008c93) x25 0x8000011e
core   0: 0x8000268c (0x000c8ce7) jalr    s9, s9, 0
core   0: 3 0x8000268c (0x000c8ce7) x25 0x80002690
core   0: 0x8000011e (0x00001d14) c.addi4spn a3, sp, 688
core   0: 3 0x8000011e (0x1d14) x13 0x00000300
core   0: 0x80000120 (0x00003b97) auipc   s7, 0x3
core   0: 3 0x80000120 (0x00003b97) x23 0x80003120
core   0: 0x80000124 (0xd76b8b93) addi    s7, s7, -650
core   0: 3 0x80000124 (0xd76b8b93) x23 0x80002e96
core   0: 0x80000128 (0x00000001) c.nop
core   0: 3 0x80000128 (0x0001)
core   0: 0x8000012a (0x4095dc93) srai    s9, a1, 9
core   0: 3 0x8000012a (0x4095dc93) x25 0xffcc6fff
core   0: 0x8000012e (0xddcb8b93) addi    s7, s7, -548
core   0: 3 0x8000012e (0xddcb8b93) x23 0x80002c72
core   0: 0x80000132 (0x01a36963) bltu    t1, s10, pc + 18
core   0: 3 0x80000132 (0x01a36963)
core   0: 0x80000136 (0x39af7e13) andi    t3, t5, 922
core   0: 3 0x80000136 (0x39af7e13) x28 0x00000000
core   0: 0x8000013a (0x95bd6b13) ori     s6, s10, -1701
core   0: 3 0x8000013a (0x95bd6b13) x22 0xffffff5f
core   0: 0x8000013e (0x00008f91) c.sub   a5, a2
core   0: 3 0x8000013e (0x8f91) x15 0x213b2a0a
core   0: 0x80000140 (0xf7f58b13) addi    s6, a1, -129
core   0: 3 0x80000140 (0xf7f58b13) x22 0x98dfff73
core   0: 0x80000144 (0x224b80e7) jalr    ra, s7, 548
core   0: 3 0x80000144 (0x224b80e7) x 1 0x80000148
core   0: 0x80002e96 (0x018ed263) bge     t4, s8, pc + 4
core   0: 3 0x80002e96 (0x018ed263)
core   0: 0x80002e9a (0xfd850513) addi    a0, a0, -40
core   0: 3 0x80002e9a (0xfd850513) x10 0x80021e3c
core   0: 0x80002e9e (0xd4406e97) auipc   t4, 0xd4406
core   0: 3 0x80002e9e (0xd4406e97) x29 0x54408e9e
core   0: 0x80002ea2 (0x0000072a) c.slli  a4, 10
core   0: 3 0x80002ea2 (0x072a) x14 0x00000000
core   0: 0x80002ea4 (0x00152223) sw      ra, 4(a0)
core   0: 3 0x80002ea4 (0x00152223) mem 0x80021e40 0x80000148
core   0: 0x80002ea8 (0x00006d39) c.lui   s10, 0xe
core   0: 3 0x80002ea8 (0x6d39) x26 0x0000e000
core   0: 0x80002eaa (0x00900213) li      tp, 9
core   0: 3 0x80002eaa (0x00900213) x 4 0x00000009
core   0: 0x80002eae (0x03318eb3) mul     t4, gp, s3
core   0: 3 0x80002eae (0x03318eb3) x29 0x00000000
core   0: 0x80002eb2 (0x03f6ae33) mulhsu  t3, a3, t6
core   0: 3 0x80002eb2 (0x03f6ae33) x28 0x00000000
core   0: 0x80002eb6 (0x0000858a) c.mv    a1, sp
core   0: 3 0x80002eb6 (0x858a) x11 0x00000050
core   0: 0x80002eb8 (0x00009b92) c.add   s7, tp
core   0: 3 0x80002eb8 (0x9b92) x23 0x80002c7b
core   0: 0x80002eba (0x0000100f) fence.i
core   0: 3 0x80002eba (0x0000100f)
core   0: 0x80002ebe (0x01b54a33) xor     s4, a0, s11
core   0: 3 0x80002ebe (0x01b54a33) x20 0x000042d8
core   0: 0x80002ec2 (0x00000462) c.slli  s0, 24
core   0: 3 0x80002ec2 (0x0462) x 8 0x00000000
core   0: 0x80002ec4 (0x00000001) c.nop
core   0: 3 0x80002ec4 (0x0001)
core   0: 0x80002ec6 (0xa3562593) slti    a1, a2, -1483
core   0: 3 0x80002ec6 (0xa3562593) x11 0x00000001
core   0: 0x80002eca (0x00200d13) li      s10, 2
core   0: 3 0x80002eca (0x00200d13) x26 0x00000002
core   0: 0x80002ece (0x00008c5d) c.or    s0, a5
core   0: 3 0x80002ece (0x8c5d) x 8 0x213b2a0a
core   0: 0x80002ed0 (0x02be26b3) mulhsu  a3, t3, a1
core   0: 3 0x80002ed0 (0x02be26b3) x13 0x00000000
core   0: 0x80002ed4 (0x01eb2933) slt     s2, s6, t5
core   0: 3 0x80002ed4 (0x01eb2933) x18 0x00000001
core   0: 0x80002ed8 (0x00001271) c.addi  tp, -4
core   0: 3 0x80002ed8 (0x1271) x 4 0x00000005
core   0: 0x80002eda (0x00a00113) li      sp, 10
core   0: 3 0x80002eda (0x00a00113) x 2 0x0000000a
core   0: 0x80002ede (0x01007c33) and     s8, zero, a6
core   0: 3 0x80002ede (0x01007c33) x24 0x00000000
core   0: 0x80002ee2 (0x02cf39b3) mulhu   s3, t5, a2
core   0: 3 0x80002ee2 (0x02cf39b3) x19 0x00000000
core   0: 0x80002ee6 (0x00008b35) c.andi  a4, 13
core   0: 3 0x80002ee6 (0x8b35) x14 0x00000000
core   0: 0x80002ee8 (0x00a00393) li      t2, 10
core   0: 3 0x80002ee8 (0x00a00393) x 7 0x0000000a
core   0: 0x80002eec (0x035ed333) divu    t1, t4, s5
core   0: 3 0x80002eec (0x035ed333) x 6 0x00000000
core   0: 0x80002ef0 (0x00008445) c.srai  s0, 17
core   0: 3 0x80002ef0 (0x8445) x 8 0x0000109d
core   0: 0x80002ef2 (0xd6a7a793) slti    a5, a5, -662
core   0: 3 0x80002ef2 (0xd6a7a793) x15 0x00000000
core   0: 0x80002ef6 (0x0000116d) c.addi  sp, -5
core   0: 3 0x80002ef6 (0x116d) x 2 0x00000005
core   0: 0x80002ef8 (0xfe717ae3) bgeu    sp, t2, pc - 12
core   0: 3 0x80002ef8 (0xfe717ae3)
core   0: 0x80002efc (0x02b3a933) mulhsu  s2, t2, a1
core   0: 3 0x80002efc (0x02b3a933) x18 0x00000000
core   0: 0x80002f00 (0x018b3933) sltu    s2, s6, s8
core   0: 3 0x80002f00 (0x018b3933) x18 0x00000000
core   0: 0x80002f04 (0x00000001) c.nop
core   0: 3 0x80002f04 (0x0001)
core   0: 0x80002f06 (0xfda255e3) bge     tp, s10, pc - 54
core   0: 3 0x80002f06 (0xfda255e3)
core   0: 0x80002ed0 (0x02be26b3) mulhsu  a3, t3, a1
core   0: 3 0x80002ed0 (0x02be26b3) x13 0x00000000
core   0: 0x80002ed4 (0x01eb2933) slt     s2, s6, t5
core   0: 3 0x80002ed4 (0x01eb2933) x18 0x00000001
core   0: 0x80002ed8 (0x00001271) c.addi  tp, -4
core   0: 3 0x80002ed8 (0x1271) x 4 0x00000001
core   0: 0x80002eda (0x00a00113) li      sp, 10
core   0: 3 0x80002eda (0x00a00113) x 2 0x0000000a
core   0: 0x80002ede (0x01007c33) and     s8, zero, a6
core   0: 3 0x80002ede (0x01007c33) x24 0x00000000
core   0: 0x80002ee2 (0x02cf39b3) mulhu   s3, t5, a2
core   0: 3 0x80002ee2 (0x02cf39b3) x19 0x00000000
core   0: 0x80002ee6 (0x00008b35) c.andi  a4, 13
core   0: 3 0x80002ee6 (0x8b35) x14 0x00000000
core   0: 0x80002ee8 (0x00a00393) li      t2, 10
core   0: 3 0x80002ee8 (0x00a00393) x 7 0x0000000a
core   0: 0x80002eec (0x035ed333) divu    t1, t4, s5
core   0: 3 0x80002eec (0x035ed333) x 6 0x00000000
core   0: 0x80002ef0 (0x00008445) c.srai  s0, 17
core   0: 3 0x80002ef0 (0x8445) x 8 0x00000000
core   0: 0x80002ef2 (0xd6a7a793) slti    a5, a5, -662
core   0: 3 0x80002ef2 (0xd6a7a793) x15 0x00000000
core   0: 0x80002ef6 (0x0000116d) c.addi  sp, -5
core   0: 3 0x80002ef6 (0x116d) x 2 0x00000005
core   0: 0x80002ef8 (0xfe717ae3) bgeu    sp, t2, pc - 12
core   0: 3 0x80002ef8 (0xfe717ae3)
core   0: 0x80002efc (0x02b3a933) mulhsu  s2, t2, a1
core   0: 3 0x80002efc (0x02b3a933) x18 0x00000000
core   0: 0x80002f00 (0x018b3933) sltu    s2, s6, s8
core   0: 3 0x80002f00 (0x018b3933) x18 0x00000000
core   0: 0x80002f04 (0x00000001) c.nop
core   0: 3 0x80002f04 (0x0001)
core   0: 0x80002f06 (0xfda255e3) bge     tp, s10, pc - 54
core   0: 3 0x80002f06 (0xfda255e3)
core   0: 0x80002f0a (0x407bdf93) srai    t6, s7, 7
core   0: 3 0x80002f0a (0x407bdf93) x31 0xff000058
core   0: 0x80002f0e (0xff600493) li      s1, -10
core   0: 3 0x80002f0e (0xff600493) x 9 0xfffffff6
core   0: 0x80002f12 (0x020f5b33) divu    s6, t5, zero
core   0: 3 0x80002f12 (0x020f5b33) x22 0xffffffff
core   0: 0x80002f16 (0x205decb7) lui     s9, 0x205de
core   0: 3 0x80002f16 (0x205decb7) x25 0x205de000
core   0: 0x80002f1a (0x4092d013) srai    zero, t0, 9
core   0: 3 0x80002f1a (0x4092d013)
core   0: 0x80002f1e (0x03deee33) rem     t3, t4, t4
core   0: 3 0x80002f1e (0x03deee33) x28 0x00000000
core   0: 0x80002f22 (0xfed00813) li      a6, -19
core   0: 3 0x80002f22 (0xfed00813) x16 0xffffffed
core   0: 0x80002f26 (0x00001380) c.addi4spn s0, sp, 480
core   0: 3 0x80002f26 (0x1380) x 8 0x000001e5
core   0: 0x80002f28 (0x02734d33) div     s10, t1, t2
core   0: 3 0x80002f28 (0x02734d33) x26 0x00000000
core   0: 0x80002f2c (0x0252d433) divu    s0, t0, t0
core   0: 3 0x80002f2c (0x0252d433) x 8 0x00000001
core   0: 0x80002f30 (0x02cddc33) divu    s8, s11, a2
core   0: 3 0x80002f30 (0x02cddc33) x24 0x00000000
core   0: 0x80002f34 (0x000014f5) c.addi  s1, -3
core   0: 3 0x80002f34 (0x14f5) x 9 0xfffffff3
core   0: 0x80002f36 (0x00900613) li      a2, 9
core   0: 3 0x80002f36 (0x00900613) x12 0x00000009
core   0: 0x80002f3a (0x00006fa1) c.lui   t6, 0x8
core   0: 3 0x80002f3a (0x6fa1) x31 0x00008000
core   0: 0x80002f3c (0x00900a13) li      s4, 9
core   0: 3 0x80002f3c (0x00900a13) x20 0x00000009
core   0: 0x80002f40 (0x000081a5) c.srli  a1, 9
core   0: 3 0x80002f40 (0x81a5) x11 0x00000000
core   0: 0x80002f42 (0x01832f33) slt     t5, t1, s8
core   0: 3 0x80002f42 (0x01832f33) x30 0x00000000
core   0: 0x80002f46 (0x00fd61b3) or      gp, s10, a5
core   0: 3 0x80002f46 (0x00fd61b3) x 3 0x00000000
core   0: 0x80002f4a (0xe2626213) ori     tp, tp, -474
core   0: 3 0x80002f4a (0xe2626213) x 4 0xfffffe27
core   0: 0x80002f4e (0x00001661) c.addi  a2, -8
core   0: 3 0x80002f4e (0x1661) x12 0x00000001
core   0: 0x80002f50 (0x3aee9117) auipc   sp, 0x3aee9
core   0: 3 0x80002f50 (0x3aee9117) x 2 0xbaeebf50
core   0: 0x80002f54 (0x0304ed33) rem     s10, s1, a6
core   0: 3 0x80002f54 (0x0304ed33) x26 0xfffffff3
core   0: 0x80002f58 (0x0327f6b3) remu    a3, a5, s2
core   0: 3 0x80002f58 (0x0327f6b3) x13 0x00000000
core   0: 0x80002f5c (0x00008e0e) c.mv    t3, gp
core   0: 3 0x80002f5c (0x8e0e) x28 0x00000000
core   0: 0x80002f5e (0xff4652e3) bge     a2, s4, pc - 28
core   0: 3 0x80002f5e (0xff4652e3)
core   0: 0x80002f62 (0xfd04d5e3) bge     s1, a6, pc - 54
core   0: 3 0x80002f62 (0xfd04d5e3)
core   0: 0x80002f2c (0x0252d433) divu    s0, t0, t0
core   0: 3 0x80002f2c (0x0252d433) x 8 0x00000001
core   0: 0x80002f30 (0x02cddc33) divu    s8, s11, a2
core   0: 3 0x80002f30 (0x02cddc33) x24 0x80025ce4
core   0: 0x80002f34 (0x000014f5) c.addi  s1, -3
core   0: 3 0x80002f34 (0x14f5) x 9 0xfffffff0
core   0: 0x80002f36 (0x00900613) li      a2, 9
core   0: 3 0x80002f36 (0x00900613) x12 0x00000009
core   0: 0x80002f3a (0x00006fa1) c.lui   t6, 0x8
core   0: 3 0x80002f3a (0x6fa1) x31 0x00008000
core   0: 0x80002f3c (0x00900a13) li      s4, 9
core   0: 3 0x80002f3c (0x00900a13) x20 0x00000009
core   0: 0x80002f40 (0x000081a5) c.srli  a1, 9
core   0: 3 0x80002f40 (0x81a5) x11 0x00000000
core   0: 0x80002f42 (0x01832f33) slt     t5, t1, s8
core   0: 3 0x80002f42 (0x01832f33) x30 0x00000000
core   0: 0x80002f46 (0x00fd61b3) or      gp, s10, a5
core   0: 3 0x80002f46 (0x00fd61b3) x 3 0xfffffff3
core   0: 0x80002f4a (0xe2626213) ori     tp, tp, -474
core   0: 3 0x80002f4a (0xe2626213) x 4 0xfffffe27
core   0: 0x80002f4e (0x00001661) c.addi  a2, -8
core   0: 3 0x80002f4e (0x1661) x12 0x00000001
core   0: 0x80002f50 (0x3aee9117) auipc   sp, 0x3aee9
core   0: 3 0x80002f50 (0x3aee9117) x 2 0xbaeebf50
core   0: 0x80002f54 (0x0304ed33) rem     s10, s1, a6
core   0: 3 0x80002f54 (0x0304ed33) x26 0xfffffff0
core   0: 0x80002f58 (0x0327f6b3) remu    a3, a5, s2
core   0: 3 0x80002f58 (0x0327f6b3) x13 0x00000000
core   0: 0x80002f5c (0x00008e0e) c.mv    t3, gp
core   0: 3 0x80002f5c (0x8e0e) x28 0xfffffff3
core   0: 0x80002f5e (0xff4652e3) bge     a2, s4, pc - 28
core   0: 3 0x80002f5e (0xff4652e3)
core   0: 0x80002f62 (0xfd04d5e3) bge     s1, a6, pc - 54
core   0: 3 0x80002f62 (0xfd04d5e3)
core   0: 0x80002f2c (0x0252d433) divu    s0, t0, t0
core   0: 3 0x80002f2c (0x0252d433) x 8 0x00000001
core   0: 0x80002f30 (0x02cddc33) divu    s8, s11, a2
core   0: 3 0x80002f30 (0x02cddc33) x24 0x80025ce4
core   0: 0x80002f34 (0x000014f5) c.addi  s1, -3
core   0: 3 0x80002f34 (0x14f5) x 9 0xffffffed
core   0: 0x80002f36 (0x00900613) li      a2, 9
core   0: 3 0x80002f36 (0x00900613) x12 0x00000009
core   0: 0x80002f3a (0x00006fa1) c.lui   t6, 0x8
core   0: 3 0x80002f3a (0x6fa1) x31 0x00008000
core   0: 0x80002f3c (0x00900a13) li      s4, 9
core   0: 3 0x80002f3c (0x00900a13) x20 0x00000009
core   0: 0x80002f40 (0x000081a5) c.srli  a1, 9
core   0: 3 0x80002f40 (0x81a5) x11 0x00000000
core   0: 0x80002f42 (0x01832f33) slt     t5, t1, s8
core   0: 3 0x80002f42 (0x01832f33) x30 0x00000000
core   0: 0x80002f46 (0x00fd61b3) or      gp, s10, a5
core   0: 3 0x80002f46 (0x00fd61b3) x 3 0xfffffff0
core   0: 0x80002f4a (0xe2626213) ori     tp, tp, -474
core   0: 3 0x80002f4a (0xe2626213) x 4 0xfffffe27
core   0: 0x80002f4e (0x00001661) c.addi  a2, -8
core   0: 3 0x80002f4e (0x1661) x12 0x00000001
core   0: 0x80002f50 (0x3aee9117) auipc   sp, 0x3aee9
core   0: 3 0x80002f50 (0x3aee9117) x 2 0xbaeebf50
core   0: 0x80002f54 (0x0304ed33) rem     s10, s1, a6
core   0: 3 0x80002f54 (0x0304ed33) x26 0x00000000
core   0: 0x80002f58 (0x0327f6b3) remu    a3, a5, s2
core   0: 3 0x80002f58 (0x0327f6b3) x13 0x00000000
core   0: 0x80002f5c (0x00008e0e) c.mv    t3, gp
core   0: 3 0x80002f5c (0x8e0e) x28 0xfffffff0
core   0: 0x80002f5e (0xff4652e3) bge     a2, s4, pc - 28
core   0: 3 0x80002f5e (0xff4652e3)
core   0: 0x80002f62 (0xfd04d5e3) bge     s1, a6, pc - 54
core   0: 3 0x80002f62 (0xfd04d5e3)
core   0: 0x80002f2c (0x0252d433) divu    s0, t0, t0
core   0: 3 0x80002f2c (0x0252d433) x 8 0x00000001
core   0: 0x80002f30 (0x02cddc33) divu    s8, s11, a2
core   0: 3 0x80002f30 (0x02cddc33) x24 0x80025ce4
core   0: 0x80002f34 (0x000014f5) c.addi  s1, -3
core   0: 3 0x80002f34 (0x14f5) x 9 0xffffffea
core   0: 0x80002f36 (0x00900613) li      a2, 9
core   0: 3 0x80002f36 (0x00900613) x12 0x00000009
core   0: 0x80002f3a (0x00006fa1) c.lui   t6, 0x8
core   0: 3 0x80002f3a (0x6fa1) x31 0x00008000
core   0: 0x80002f3c (0x00900a13) li      s4, 9
core   0: 3 0x80002f3c (0x00900a13) x20 0x00000009
core   0: 0x80002f40 (0x000081a5) c.srli  a1, 9
core   0: 3 0x80002f40 (0x81a5) x11 0x00000000
core   0: 0x80002f42 (0x01832f33) slt     t5, t1, s8
core   0: 3 0x80002f42 (0x01832f33) x30 0x00000000
core   0: 0x80002f46 (0x00fd61b3) or      gp, s10, a5
core   0: 3 0x80002f46 (0x00fd61b3) x 3 0x00000000
core   0: 0x80002f4a (0xe2626213) ori     tp, tp, -474
core   0: 3 0x80002f4a (0xe2626213) x 4 0xfffffe27
core   0: 0x80002f4e (0x00001661) c.addi  a2, -8
core   0: 3 0x80002f4e (0x1661) x12 0x00000001
core   0: 0x80002f50 (0x3aee9117) auipc   sp, 0x3aee9
core   0: 3 0x80002f50 (0x3aee9117) x 2 0xbaeebf50
core   0: 0x80002f54 (0x0304ed33) rem     s10, s1, a6
core   0: 3 0x80002f54 (0x0304ed33) x26 0xfffffffd
core   0: 0x80002f58 (0x0327f6b3) remu    a3, a5, s2
core   0: 3 0x80002f58 (0x0327f6b3) x13 0x00000000
core   0: 0x80002f5c (0x00008e0e) c.mv    t3, gp
core   0: 3 0x80002f5c (0x8e0e) x28 0x00000000
core   0: 0x80002f5e (0xff4652e3) bge     a2, s4, pc - 28
core   0: 3 0x80002f5e (0xff4652e3)
core   0: 0x80002f62 (0xfd04d5e3) bge     s1, a6, pc - 54
core   0: 3 0x80002f62 (0xfd04d5e3)
core   0: 0x80002f66 (0x0000941a) c.add   s0, t1
core   0: 3 0x80002f66 (0x941a) x 8 0x00000001
core   0: 0x80002f68 (0xffd00113) li      sp, -3
core   0: 3 0x80002f68 (0xffd00113) x 2 0xfffffffd
core   0: 0x80002f6c (0x00009692) c.add   a3, tp
core   0: 3 0x80002f6c (0x9692) x13 0xfffffe27
core   0: 0x80002f6e (0x01300f13) li      t5, 19
core   0: 3 0x80002f6e (0x01300f13) x30 0x00000013
core   0: 0x80002f72 (0x00008c41) c.or    s0, s0
core   0: 3 0x80002f72 (0x8c41) x 8 0x00000001
core   0: 0x80002f74 (0x00000001) c.nop
core   0: 3 0x80002f74 (0x0001)
core   0: 0x80002f76 (0x00000119) c.addi  sp, 6
core   0: 3 0x80002f76 (0x0119) x 2 0x00000003
core   0: 0x80002f78 (0x00293033) sltu    zero, s2, sp
core   0: 3 0x80002f78 (0x00293033)
core   0: 0x80002f7c (0x00008f1d) c.sub   a4, a5
core   0: 3 0x80002f7c (0x8f1d) x14 0x00000000
core   0: 0x80002f7e (0xffe16be3) bltu    sp, t5, pc - 10
core   0: 3 0x80002f7e (0xffe16be3)
core   0: 0x80002f74 (0x00000001) c.nop
core   0: 3 0x80002f74 (0x0001)
core   0: 0x80002f76 (0x00000119) c.addi  sp, 6
core   0: 3 0x80002f76 (0x0119) x 2 0x00000009
core   0: 0x80002f78 (0x00293033) sltu    zero, s2, sp
core   0: 3 0x80002f78 (0x00293033)
core   0: 0x80002f7c (0x00008f1d) c.sub   a4, a5
core   0: 3 0x80002f7c (0x8f1d) x14 0x00000000
core   0: 0x80002f7e (0xffe16be3) bltu    sp, t5, pc - 10
core   0: 3 0x80002f7e (0xffe16be3)
core   0: 0x80002f74 (0x00000001) c.nop
core   0: 3 0x80002f74 (0x0001)
core   0: 0x80002f76 (0x00000119) c.addi  sp, 6
core   0: 3 0x80002f76 (0x0119) x 2 0x0000000f
core   0: 0x80002f78 (0x00293033) sltu    zero, s2, sp
core   0: 3 0x80002f78 (0x00293033)
core   0: 0x80002f7c (0x00008f1d) c.sub   a4, a5
core   0: 3 0x80002f7c (0x8f1d) x14 0x00000000
core   0: 0x80002f7e (0xffe16be3) bltu    sp, t5, pc - 10
core   0: 3 0x80002f7e (0xffe16be3)
core   0: 0x80002f74 (0x00000001) c.nop
core   0: 3 0x80002f74 (0x0001)
core   0: 0x80002f76 (0x00000119) c.addi  sp, 6
core   0: 3 0x80002f76 (0x0119) x 2 0x00000015
core   0: 0x80002f78 (0x00293033) sltu    zero, s2, sp
core   0: 3 0x80002f78 (0x00293033)
core   0: 0x80002f7c (0x00008f1d) c.sub   a4, a5
core   0: 3 0x80002f7c (0x8f1d) x14 0x00000000
core   0: 0x80002f7e (0xffe16be3) bltu    sp, t5, pc - 10
core   0: 3 0x80002f7e (0xffe16be3)
core   0: 0x80002f82 (0x00008ed9) c.or    a3, a4
core   0: 3 0x80002f82 (0x8ed9) x13 0xfffffe27
core   0: 0x80002f84 (0x00a00493) li      s1, 10
core   0: 3 0x80002f84 (0x00a00493) x 9 0x0000000a
core   0: 0x80002f88 (0x01d6c233) xor     tp, a3, t4
core   0: 3 0x80002f88 (0x01d6c233) x 4 0xfffffe27
core   0: 0x80002f8c (0x00a00593) li      a1, 10
core   0: 3 0x80002f8c (0x00a00593) x11 0x0000000a
core   0: 0x80002f90 (0x5496ed17) auipc   s10, 0x5496e
core   0: 3 0x80002f90 (0x5496ed17) x26 0xd4970f90
core   0: 0x80002f94 (0x000059fd) c.li    s3, -1
core   0: 3 0x80002f94 (0x59fd) x19 0xffffffff
core   0: 0x80002f96 (0x000014dd) c.addi  s1, -9
core   0: 3 0x80002f96 (0x14dd) x 9 0x00000001
core   0: 0x80002f98 (0x00008f05) c.sub   a4, s1
core   0: 3 0x80002f98 (0x8f05) x14 0xffffffff
core   0: 0x80002f9a (0x00000776) c.slli  a4, 29
core   0: 3 0x80002f9a (0x0776) x14 0xe0000000
core   0: 0x80002f9c (0x00000001) c.nop
core   0: 3 0x80002f9c (0x0001)
core   0: 0x80002f9e (0x000052fd) c.li    t0, -1
core   0: 3 0x80002f9e (0x52fd) x 5 0xffffffff
core   0: 0x80002fa0 (0xfeb4f8e3) bgeu    s1, a1, pc - 16
core   0: 3 0x80002fa0 (0xfeb4f8e3)
core   0: 0x80002fa4 (0x00009956) c.add   s2, s5
core   0: 3 0x80002fa4 (0x9956) x18 0x085b5f20
core   0: 0x80002fa6 (0x00700693) li      a3, 7
core   0: 3 0x80002fa6 (0x00700693) x13 0x00000007
core   0: 0x80002faa (0xffd00813) li      a6, -3
core   0: 3 0x80002faa (0xffd00813) x16 0xfffffffd
core   0: 0x80002fae (0xd0fa6c93) ori     s9, s4, -753
core   0: 3 0x80002fae (0xd0fa6c93) x25 0xfffffd0f
core   0: 0x80002fb2 (0x000016ed) c.addi  a3, -5
core   0: 3 0x80002fb2 (0x16ed) x13 0x00000002
core   0: 0x80002fb4 (0x00700713) li      a4, 7
core   0: 3 0x80002fb4 (0x00700713) x14 0x00000007
core   0: 0x80002fb8 (0xfef00d13) li      s10, -17
core   0: 3 0x80002fb8 (0xfef00d13) x26 0xffffffef
core   0: 0x80002fbc (0x001b4933) xor     s2, s6, ra
core   0: 3 0x80002fbc (0x001b4933) x18 0x7ffffeb7
core   0: 0x80002fc0 (0x00001771) c.addi  a4, -4
core   0: 3 0x80002fc0 (0x1771) x14 0x00000003
core   0: 0x80002fc2 (0xffa71de3) bne     a4, s10, pc - 6
core   0: 3 0x80002fc2 (0xffa71de3)
core   0: 0x80002fbc (0x001b4933) xor     s2, s6, ra
core   0: 3 0x80002fbc (0x001b4933) x18 0x7ffffeb7
core   0: 0x80002fc0 (0x00001771) c.addi  a4, -4
core   0: 3 0x80002fc0 (0x1771) x14 0xffffffff
core   0: 0x80002fc2 (0xffa71de3) bne     a4, s10, pc - 6
core   0: 3 0x80002fc2 (0xffa71de3)
core   0: 0x80002fbc (0x001b4933) xor     s2, s6, ra
core   0: 3 0x80002fbc (0x001b4933) x18 0x7ffffeb7
core   0: 0x80002fc0 (0x00001771) c.addi  a4, -4
core   0: 3 0x80002fc0 (0x1771) x14 0xfffffffb
core   0: 0x80002fc2 (0xffa71de3) bne     a4, s10, pc - 6
core   0: 3 0x80002fc2 (0xffa71de3)
core   0: 0x80002fbc (0x001b4933) xor     s2, s6, ra
core   0: 3 0x80002fbc (0x001b4933) x18 0x7ffffeb7
core   0: 0x80002fc0 (0x00001771) c.addi  a4, -4
core   0: 3 0x80002fc0 (0x1771) x14 0xfffffff7
core   0: 0x80002fc2 (0xffa71de3) bne     a4, s10, pc - 6
core   0: 3 0x80002fc2 (0xffa71de3)
core   0: 0x80002fbc (0x001b4933) xor     s2, s6, ra
core   0: 3 0x80002fbc (0x001b4933) x18 0x7ffffeb7
core   0: 0x80002fc0 (0x00001771) c.addi  a4, -4
core   0: 3 0x80002fc0 (0x1771) x14 0xfffffff3
core   0: 0x80002fc2 (0xffa71de3) bne     a4, s10, pc - 6
core   0: 3 0x80002fc2 (0xffa71de3)
core   0: 0x80002fbc (0x001b4933) xor     s2, s6, ra
core   0: 3 0x80002fbc (0x001b4933) x18 0x7ffffeb7
core   0: 0x80002fc0 (0x00001771) c.addi  a4, -4
core   0: 3 0x80002fc0 (0x1771) x14 0xffffffef
core   0: 0x80002fc2 (0xffa71de3) bne     a4, s10, pc - 6
core   0: 3 0x80002fc2 (0xffa71de3)
core   0: 0x80002fc6 (0x03507eb3) remu    t4, zero, s5
core   0: 3 0x80002fc6 (0x03507eb3) x29 0x00000000
core   0: 0x80002fca (0xff0692e3) bne     a3, a6, pc - 28
core   0: 3 0x80002fca (0xff0692e3)
core   0: 0x80002fae (0xd0fa6c93) ori     s9, s4, -753
core   0: 3 0x80002fae (0xd0fa6c93) x25 0xfffffd0f
core   0: 0x80002fb2 (0x000016ed) c.addi  a3, -5
core   0: 3 0x80002fb2 (0x16ed) x13 0xfffffffd
core   0: 0x80002fb4 (0x00700713) li      a4, 7
core   0: 3 0x80002fb4 (0x00700713) x14 0x00000007
core   0: 0x80002fb8 (0xfef00d13) li      s10, -17
core   0: 3 0x80002fb8 (0xfef00d13) x26 0xffffffef
core   0: 0x80002fbc (0x001b4933) xor     s2, s6, ra
core   0: 3 0x80002fbc (0x001b4933) x18 0x7ffffeb7
core   0: 0x80002fc0 (0x00001771) c.addi  a4, -4
core   0: 3 0x80002fc0 (0x1771) x14 0x00000003
core   0: 0x80002fc2 (0xffa71de3) bne     a4, s10, pc - 6
core   0: 3 0x80002fc2 (0xffa71de3)
core   0: 0x80002fbc (0x001b4933) xor     s2, s6, ra
core   0: 3 0x80002fbc (0x001b4933) x18 0x7ffffeb7
core   0: 0x80002fc0 (0x00001771) c.addi  a4, -4
core   0: 3 0x80002fc0 (0x1771) x14 0xffffffff
core   0: 0x80002fc2 (0xffa71de3) bne     a4, s10, pc - 6
core   0: 3 0x80002fc2 (0xffa71de3)
core   0: 0x80002fbc (0x001b4933) xor     s2, s6, ra
core   0: 3 0x80002fbc (0x001b4933) x18 0x7ffffeb7
core   0: 0x80002fc0 (0x00001771) c.addi  a4, -4
core   0: 3 0x80002fc0 (0x1771) x14 0xfffffffb
core   0: 0x80002fc2 (0xffa71de3) bne     a4, s10, pc - 6
core   0: 3 0x80002fc2 (0xffa71de3)
core   0: 0x80002fbc (0x001b4933) xor     s2, s6, ra
core   0: 3 0x80002fbc (0x001b4933) x18 0x7ffffeb7
core   0: 0x80002fc0 (0x00001771) c.addi  a4, -4
core   0: 3 0x80002fc0 (0x1771) x14 0xfffffff7
core   0: 0x80002fc2 (0xffa71de3) bne     a4, s10, pc - 6
core   0: 3 0x80002fc2 (0xffa71de3)
core   0: 0x80002fbc (0x001b4933) xor     s2, s6, ra
core   0: 3 0x80002fbc (0x001b4933) x18 0x7ffffeb7
core   0: 0x80002fc0 (0x00001771) c.addi  a4, -4
core   0: 3 0x80002fc0 (0x1771) x14 0xfffffff3
core   0: 0x80002fc2 (0xffa71de3) bne     a4, s10, pc - 6
core   0: 3 0x80002fc2 (0xffa71de3)
core   0: 0x80002fbc (0x001b4933) xor     s2, s6, ra
core   0: 3 0x80002fbc (0x001b4933) x18 0x7ffffeb7
core   0: 0x80002fc0 (0x00001771) c.addi  a4, -4
core   0: 3 0x80002fc0 (0x1771) x14 0xffffffef
core   0: 0x80002fc2 (0xffa71de3) bne     a4, s10, pc - 6
core   0: 3 0x80002fc2 (0xffa71de3)
core   0: 0x80002fc6 (0x03507eb3) remu    t4, zero, s5
core   0: 3 0x80002fc6 (0x03507eb3) x29 0x00000000
core   0: 0x80002fca (0xff0692e3) bne     a3, a6, pc - 28
core   0: 3 0x80002fca (0xff0692e3)
core   0: 0x80002fce (0x00008f2e) c.mv    t5, a1
core   0: 3 0x80002fce (0x8f2e) x30 0x0000000a
core   0: 0x80002fd0 (0x00800613) li      a2, 8
core   0: 3 0x80002fd0 (0x00800613) x12 0x00000008
core   0: 0x80002fd4 (0x01558133) add     sp, a1, s5
core   0: 3 0x80002fd4 (0x01558133) x 2 0x085b5f2a
core   0: 0x80002fd8 (0x00300393) li      t2, 3
core   0: 3 0x80002fd8 (0x00300393) x 7 0x00000003
core   0: 0x80002fdc (0x007882b3) add     t0, a7, t2
core   0: 3 0x80002fdc (0x007882b3) x 5 0x00000003
core   0: 0x80002fe0 (0x01486e33) or      t3, a6, s4
core   0: 3 0x80002fe0 (0x01486e33) x28 0xfffffffd
core   0: 0x80002fe4 (0x0000166d) c.addi  a2, -5
core   0: 3 0x80002fe4 (0x166d) x12 0x00000003
core   0: 0x80002fe6 (0x00008ffd) c.and   a5, a5
core   0: 3 0x80002fe6 (0x8ffd) x15 0x00000000
core   0: 0x80002fe8 (0x00500593) li      a1, 5
core   0: 3 0x80002fe8 (0x00500593) x11 0x00000005
core   0: 0x80002fec (0x00500f13) li      t5, 5
core   0: 3 0x80002fec (0x00500f13) x30 0x00000005
core   0: 0x80002ff0 (0x41ac5993) srai    s3, s8, 26
core   0: 3 0x80002ff0 (0x41ac5993) x19 0xffffffe0
core   0: 0x80002ff4 (0x00009246) c.add   tp, a7
core   0: 3 0x80002ff4 (0x9246) x 4 0xfffffe27
core   0: 0x80002ff6 (0x000015f9) c.addi  a1, -2
core   0: 3 0x80002ff6 (0x15f9) x11 0x00000003
core   0: 0x80002ff8 (0xffe5fee3) bgeu    a1, t5, pc - 4
core   0: 3 0x80002ff8 (0xffe5fee3)
core   0: 0x80002ffc (0xfe7600e3) beq     a2, t2, pc - 32
core   0: 3 0x80002ffc (0xfe7600e3)
core   0: 0x80002fdc (0x007882b3) add     t0, a7, t2
core   0: 3 0x80002fdc (0x007882b3) x 5 0x00000003
core   0: 0x80002fe0 (0x01486e33) or      t3, a6, s4
core   0: 3 0x80002fe0 (0x01486e33) x28 0xfffffffd
core   0: 0x80002fe4 (0x0000166d) c.addi  a2, -5
core   0: 3 0x80002fe4 (0x166d) x12 0xfffffffe
core   0: 0x80002fe6 (0x00008ffd) c.and   a5, a5
core   0: 3 0x80002fe6 (0x8ffd) x15 0x00000000
core   0: 0x80002fe8 (0x00500593) li      a1, 5
core   0: 3 0x80002fe8 (0x00500593) x11 0x00000005
core   0: 0x80002fec (0x00500f13) li      t5, 5
core   0: 3 0x80002fec (0x00500f13) x30 0x00000005
core   0: 0x80002ff0 (0x41ac5993) srai    s3, s8, 26
core   0: 3 0x80002ff0 (0x41ac5993) x19 0xffffffe0
core   0: 0x80002ff4 (0x00009246) c.add   tp, a7
core   0: 3 0x80002ff4 (0x9246) x 4 0xfffffe27
core   0: 0x80002ff6 (0x000015f9) c.addi  a1, -2
core   0: 3 0x80002ff6 (0x15f9) x11 0x00000003
core   0: 0x80002ff8 (0xffe5fee3) bgeu    a1, t5, pc - 4
core   0: 3 0x80002ff8 (0xffe5fee3)
core   0: 0x80002ffc (0xfe7600e3) beq     a2, t2, pc - 32
core   0: 3 0x80002ffc (0xfe7600e3)
core   0: 0x80003000 (0xcf64b913) sltiu   s2, s1, -778
core   0: 3 0x80003000 (0xcf64b913) x18 0x00000001
core   0: 0x80003004 (0xff800713) li      a4, -8
core   0: 3 0x80003004 (0xff800713) x14 0xfffffff8
core   0: 0x80003008 (0x00253eb3) sltu    t4, a0, sp
core   0: 3 0x80003008 (0x00253eb3) x29 0x00000000
core   0: 0x8000300c (0x000032b3) snez    t0, zero
core   0: 3 0x8000300c (0x000032b3) x 5 0x00000000
core   0: 0x80003010 (0x00000001) c.nop
core   0: 3 0x80003010 (0x0001)
core   0: 0x80003012 (0x009ef633) and     a2, t4, s1
core   0: 3 0x80003012 (0x009ef633) x12 0x00000000
core   0: 0x80003016 (0x4076d133) sra     sp, a3, t2
core   0: 3 0x80003016 (0x4076d133) x 2 0xffffffff
core   0: 0x8000301a (0x03ee98b3) mulh    a7, t4, t5
core   0: 3 0x8000301a (0x03ee98b3) x17 0x00000000
core   0: 0x8000301e (0x01dbdcb3) srl     s9, s7, t4
core   0: 3 0x8000301e (0x01dbdcb3) x25 0x80002c7b
core   0: 0x80003022 (0xe291a613) slti    a2, gp, -471
core   0: 3 0x80003022 (0xe291a613) x12 0x00000000
core   0: 0x80003026 (0x00008e26) c.mv    t3, s1
core   0: 3 0x80003026 (0x8e26) x28 0x00000001
core   0: 0x80003028 (0x00009a06) c.add   s4, ra
core   0: 3 0x80003028 (0x9a06) x20 0x80000151
core   0: 0x8000302a (0x00008221) c.srli  a2, 8
core   0: 3 0x8000302a (0x8221) x12 0x00000000
core   0: 0x8000302c (0x412d8bb3) sub     s7, s11, s2
core   0: 3 0x8000302c (0x412d8bb3) x23 0x80025ce3
core   0: 0x80003030 (0x1578e993) ori     s3, a7, 343
core   0: 3 0x80003030 (0x1578e993) x19 0x00000157
core   0: 0x80003034 (0x00000705) c.addi  a4, 1
core   0: 3 0x80003034 (0x0705) x14 0xfffffff9
core   0: 0x80003036 (0xe3222f13) slti    t5, tp, -462
core   0: 3 0x80003036 (0xe3222f13) x30 0x00000001
core   0: 0x8000303a (0x0358cc33) div     s8, a7, s5
core   0: 3 0x8000303a (0x0358cc33) x24 0x00000000
core   0: 0x8000303e (0x00001d90) c.addi4spn a2, sp, 752
core   0: 3 0x8000303e (0x1d90) x12 0x000002ef
core   0: 0x80003040 (0x85900b93) li      s7, -1959
core   0: 3 0x80003040 (0x85900b93) x23 0xfffff859
core   0: 0x80003044 (0x013cafb3) slt     t6, s9, s3
core   0: 3 0x80003044 (0x013cafb3) x31 0x00000001
core   0: 0x80003048 (0x00008f5a) c.mv    t5, s6
core   0: 3 0x80003048 (0x8f5a) x30 0xffffffff
core   0: 0x8000304a (0x0000181c) c.addi4spn a5, sp, 48
core   0: 3 0x8000304a (0x181c) x15 0x0000002f
core   0: 0x8000304c (0x0172bf33) sltu    t5, t0, s7
core   0: 3 0x8000304c (0x0172bf33) x30 0x00000001
core   0: 0x80003050 (0x022c05b3) mul     a1, s8, sp
core   0: 3 0x80003050 (0x022c05b3) x11 0x00000000
core   0: 0x80003054 (0x0000f379) c.bnez  a4, pc - 58
core   0: 3 0x80003054 (0xf379)
core   0: 0x8000301a (0x03ee98b3) mulh    a7, t4, t5
core   0: 3 0x8000301a (0x03ee98b3) x17 0x00000000
core   0: 0x8000301e (0x01dbdcb3) srl     s9, s7, t4
core   0: 3 0x8000301e (0x01dbdcb3) x25 0xfffff859
core   0: 0x80003022 (0xe291a613) slti    a2, gp, -471
core   0: 3 0x80003022 (0xe291a613) x12 0x00000000
core   0: 0x80003026 (0x00008e26) c.mv    t3, s1
core   0: 3 0x80003026 (0x8e26) x28 0x00000001
core   0: 0x80003028 (0x00009a06) c.add   s4, ra
core   0: 3 0x80003028 (0x9a06) x20 0x00000299
core   0: 0x8000302a (0x00008221) c.srli  a2, 8
core   0: 3 0x8000302a (0x8221) x12 0x00000000
core   0: 0x8000302c (0x412d8bb3) sub     s7, s11, s2
core   0: 3 0x8000302c (0x412d8bb3) x23 0x80025ce3
core   0: 0x80003030 (0x1578e993) ori     s3, a7, 343
core   0: 3 0x80003030 (0x1578e993) x19 0x00000157
core   0: 0x80003034 (0x00000705) c.addi  a4, 1
core   0: 3 0x80003034 (0x0705) x14 0xfffffffa
core   0: 0x80003036 (0xe3222f13) slti    t5, tp, -462
core   0: 3 0x80003036 (0xe3222f13) x30 0x00000001
core   0: 0x8000303a (0x0358cc33) div     s8, a7, s5
core   0: 3 0x8000303a (0x0358cc33) x24 0x00000000
core   0: 0x8000303e (0x00001d90) c.addi4spn a2, sp, 752
core   0: 3 0x8000303e (0x1d90) x12 0x000002ef
core   0: 0x80003040 (0x85900b93) li      s7, -1959
core   0: 3 0x80003040 (0x85900b93) x23 0xfffff859
core   0: 0x80003044 (0x013cafb3) slt     t6, s9, s3
core   0: 3 0x80003044 (0x013cafb3) x31 0x00000001
core   0: 0x80003048 (0x00008f5a) c.mv    t5, s6
core   0: 3 0x80003048 (0x8f5a) x30 0xffffffff
core   0: 0x8000304a (0x0000181c) c.addi4spn a5, sp, 48
core   0: 3 0x8000304a (0x181c) x15 0x0000002f
core   0: 0x8000304c (0x0172bf33) sltu    t5, t0, s7
core   0: 3 0x8000304c (0x0172bf33) x30 0x00000001
core   0: 0x80003050 (0x022c05b3) mul     a1, s8, sp
core   0: 3 0x80003050 (0x022c05b3) x11 0x00000000
core   0: 0x80003054 (0x0000f379) c.bnez  a4, pc - 58
core   0: 3 0x80003054 (0xf379)
core   0: 0x8000301a (0x03ee98b3) mulh    a7, t4, t5
core   0: 3 0x8000301a (0x03ee98b3) x17 0x00000000
core   0: 0x8000301e (0x01dbdcb3) srl     s9, s7, t4
core   0: 3 0x8000301e (0x01dbdcb3) x25 0xfffff859
core   0: 0x80003022 (0xe291a613) slti    a2, gp, -471
core   0: 3 0x80003022 (0xe291a613) x12 0x00000000
core   0: 0x80003026 (0x00008e26) c.mv    t3, s1
core   0: 3 0x80003026 (0x8e26) x28 0x00000001
core   0: 0x80003028 (0x00009a06) c.add   s4, ra
core   0: 3 0x80003028 (0x9a06) x20 0x800003e1
core   0: 0x8000302a (0x00008221) c.srli  a2, 8
core   0: 3 0x8000302a (0x8221) x12 0x00000000
core   0: 0x8000302c (0x412d8bb3) sub     s7, s11, s2
core   0: 3 0x8000302c (0x412d8bb3) x23 0x80025ce3
core   0: 0x80003030 (0x1578e993) ori     s3, a7, 343
core   0: 3 0x80003030 (0x1578e993) x19 0x00000157
core   0: 0x80003034 (0x00000705) c.addi  a4, 1
core   0: 3 0x80003034 (0x0705) x14 0xfffffffb
core   0: 0x80003036 (0xe3222f13) slti    t5, tp, -462
core   0: 3 0x80003036 (0xe3222f13) x30 0x00000001
core   0: 0x8000303a (0x0358cc33) div     s8, a7, s5
core   0: 3 0x8000303a (0x0358cc33) x24 0x00000000
core   0: 0x8000303e (0x00001d90) c.addi4spn a2, sp, 752
core   0: 3 0x8000303e (0x1d90) x12 0x000002ef
core   0: 0x80003040 (0x85900b93) li      s7, -1959
core   0: 3 0x80003040 (0x85900b93) x23 0xfffff859
core   0: 0x80003044 (0x013cafb3) slt     t6, s9, s3
core   0: 3 0x80003044 (0x013cafb3) x31 0x00000001
core   0: 0x80003048 (0x00008f5a) c.mv    t5, s6
core   0: 3 0x80003048 (0x8f5a) x30 0xffffffff
core   0: 0x8000304a (0x0000181c) c.addi4spn a5, sp, 48
core   0: 3 0x8000304a (0x181c) x15 0x0000002f
core   0: 0x8000304c (0x0172bf33) sltu    t5, t0, s7
core   0: 3 0x8000304c (0x0172bf33) x30 0x00000001
core   0: 0x80003050 (0x022c05b3) mul     a1, s8, sp
core   0: 3 0x80003050 (0x022c05b3) x11 0x00000000
core   0: 0x80003054 (0x0000f379) c.bnez  a4, pc - 58
core   0: 3 0x80003054 (0xf379)
core   0: 0x8000301a (0x03ee98b3) mulh    a7, t4, t5
core   0: 3 0x8000301a (0x03ee98b3) x17 0x00000000
core   0: 0x8000301e (0x01dbdcb3) srl     s9, s7, t4
core   0: 3 0x8000301e (0x01dbdcb3) x25 0xfffff859
core   0: 0x80003022 (0xe291a613) slti    a2, gp, -471
core   0: 3 0x80003022 (0xe291a613) x12 0x00000000
core   0: 0x80003026 (0x00008e26) c.mv    t3, s1
core   0: 3 0x80003026 (0x8e26) x28 0x00000001
core   0: 0x80003028 (0x00009a06) c.add   s4, ra
core   0: 3 0x80003028 (0x9a06) x20 0x00000529
core   0: 0x8000302a (0x00008221) c.srli  a2, 8
core   0: 3 0x8000302a (0x8221) x12 0x00000000
core   0: 0x8000302c (0x412d8bb3) sub     s7, s11, s2
core   0: 3 0x8000302c (0x412d8bb3) x23 0x80025ce3
core   0: 0x80003030 (0x1578e993) ori     s3, a7, 343
core   0: 3 0x80003030 (0x1578e993) x19 0x00000157
core   0: 0x80003034 (0x00000705) c.addi  a4, 1
core   0: 3 0x80003034 (0x0705) x14 0xfffffffc
core   0: 0x80003036 (0xe3222f13) slti    t5, tp, -462
core   0: 3 0x80003036 (0xe3222f13) x30 0x00000001
core   0: 0x8000303a (0x0358cc33) div     s8, a7, s5
core   0: 3 0x8000303a (0x0358cc33) x24 0x00000000
core   0: 0x8000303e (0x00001d90) c.addi4spn a2, sp, 752
core   0: 3 0x8000303e (0x1d90) x12 0x000002ef
core   0: 0x80003040 (0x85900b93) li      s7, -1959
core   0: 3 0x80003040 (0x85900b93) x23 0xfffff859
core   0: 0x80003044 (0x013cafb3) slt     t6, s9, s3
core   0: 3 0x80003044 (0x013cafb3) x31 0x00000001
core   0: 0x80003048 (0x00008f5a) c.mv    t5, s6
core   0: 3 0x80003048 (0x8f5a) x30 0xffffffff
core   0: 0x8000304a (0x0000181c) c.addi4spn a5, sp, 48
core   0: 3 0x8000304a (0x181c) x15 0x0000002f
core   0: 0x8000304c (0x0172bf33) sltu    t5, t0, s7
core   0: 3 0x8000304c (0x0172bf33) x30 0x00000001
core   0: 0x80003050 (0x022c05b3) mul     a1, s8, sp
core   0: 3 0x80003050 (0x022c05b3) x11 0x00000000
core   0: 0x80003054 (0x0000f379) c.bnez  a4, pc - 58
core   0: 3 0x80003054 (0xf379)
core   0: 0x8000301a (0x03ee98b3) mulh    a7, t4, t5
core   0: 3 0x8000301a (0x03ee98b3) x17 0x00000000
core   0: 0x8000301e (0x01dbdcb3) srl     s9, s7, t4
core   0: 3 0x8000301e (0x01dbdcb3) x25 0xfffff859
core   0: 0x80003022 (0xe291a613) slti    a2, gp, -471
core   0: 3 0x80003022 (0xe291a613) x12 0x00000000
core   0: 0x80003026 (0x00008e26) c.mv    t3, s1
core   0: 3 0x80003026 (0x8e26) x28 0x00000001
core   0: 0x80003028 (0x00009a06) c.add   s4, ra
core   0: 3 0x80003028 (0x9a06) x20 0x80000671
core   0: 0x8000302a (0x00008221) c.srli  a2, 8
core   0: 3 0x8000302a (0x8221) x12 0x00000000
core   0: 0x8000302c (0x412d8bb3) sub     s7, s11, s2
core   0: 3 0x8000302c (0x412d8bb3) x23 0x80025ce3
core   0: 0x80003030 (0x1578e993) ori     s3, a7, 343
core   0: 3 0x80003030 (0x1578e993) x19 0x00000157
core   0: 0x80003034 (0x00000705) c.addi  a4, 1
core   0: 3 0x80003034 (0x0705) x14 0xfffffffd
core   0: 0x80003036 (0xe3222f13) slti    t5, tp, -462
core   0: 3 0x80003036 (0xe3222f13) x30 0x00000001
core   0: 0x8000303a (0x0358cc33) div     s8, a7, s5
core   0: 3 0x8000303a (0x0358cc33) x24 0x00000000
core   0: 0x8000303e (0x00001d90) c.addi4spn a2, sp, 752
core   0: 3 0x8000303e (0x1d90) x12 0x000002ef
core   0: 0x80003040 (0x85900b93) li      s7, -1959
core   0: 3 0x80003040 (0x85900b93) x23 0xfffff859
core   0: 0x80003044 (0x013cafb3) slt     t6, s9, s3
core   0: 3 0x80003044 (0x013cafb3) x31 0x00000001
core   0: 0x80003048 (0x00008f5a) c.mv    t5, s6
core   0: 3 0x80003048 (0x8f5a) x30 0xffffffff
core   0: 0x8000304a (0x0000181c) c.addi4spn a5, sp, 48
core   0: 3 0x8000304a (0x181c) x15 0x0000002f
core   0: 0x8000304c (0x0172bf33) sltu    t5, t0, s7
core   0: 3 0x8000304c (0x0172bf33) x30 0x00000001
core   0: 0x80003050 (0x022c05b3) mul     a1, s8, sp
core   0: 3 0x80003050 (0x022c05b3) x11 0x00000000
core   0: 0x80003054 (0x0000f379) c.bnez  a4, pc - 58
core   0: 3 0x80003054 (0xf379)
core   0: 0x8000301a (0x03ee98b3) mulh    a7, t4, t5
core   0: 3 0x8000301a (0x03ee98b3) x17 0x00000000
core   0: 0x8000301e (0x01dbdcb3) srl     s9, s7, t4
core   0: 3 0x8000301e (0x01dbdcb3) x25 0xfffff859
core   0: 0x80003022 (0xe291a613) slti    a2, gp, -471
core   0: 3 0x80003022 (0xe291a613) x12 0x00000000
core   0: 0x80003026 (0x00008e26) c.mv    t3, s1
core   0: 3 0x80003026 (0x8e26) x28 0x00000001
core   0: 0x80003028 (0x00009a06) c.add   s4, ra
core   0: 3 0x80003028 (0x9a06) x20 0x000007b9
core   0: 0x8000302a (0x00008221) c.srli  a2, 8
core   0: 3 0x8000302a (0x8221) x12 0x00000000
core   0: 0x8000302c (0x412d8bb3) sub     s7, s11, s2
core   0: 3 0x8000302c (0x412d8bb3) x23 0x80025ce3
core   0: 0x80003030 (0x1578e993) ori     s3, a7, 343
core   0: 3 0x80003030 (0x1578e993) x19 0x00000157
core   0: 0x80003034 (0x00000705) c.addi  a4, 1
core   0: 3 0x80003034 (0x0705) x14 0xfffffffe
core   0: 0x80003036 (0xe3222f13) slti    t5, tp, -462
core   0: 3 0x80003036 (0xe3222f13) x30 0x00000001
core   0: 0x8000303a (0x0358cc33) div     s8, a7, s5
core   0: 3 0x8000303a (0x0358cc33) x24 0x00000000
core   0: 0x8000303e (0x00001d90) c.addi4spn a2, sp, 752
core   0: 3 0x8000303e (0x1d90) x12 0x000002ef
core   0: 0x80003040 (0x85900b93) li      s7, -1959
core   0: 3 0x80003040 (0x85900b93) x23 0xfffff859
core   0: 0x80003044 (0x013cafb3) slt     t6, s9, s3
core   0: 3 0x80003044 (0x013cafb3) x31 0x00000001
core   0: 0x80003048 (0x00008f5a) c.mv    t5, s6
core   0: 3 0x80003048 (0x8f5a) x30 0xffffffff
core   0: 0x8000304a (0x0000181c) c.addi4spn a5, sp, 48
core   0: 3 0x8000304a (0x181c) x15 0x0000002f
core   0: 0x8000304c (0x0172bf33) sltu    t5, t0, s7
core   0: 3 0x8000304c (0x0172bf33) x30 0x00000001
core   0: 0x80003050 (0x022c05b3) mul     a1, s8, sp
core   0: 3 0x80003050 (0x022c05b3) x11 0x00000000
core   0: 0x80003054 (0x0000f379) c.bnez  a4, pc - 58
core   0: 3 0x80003054 (0xf379)
core   0: 0x8000301a (0x03ee98b3) mulh    a7, t4, t5
core   0: 3 0x8000301a (0x03ee98b3) x17 0x00000000
core   0: 0x8000301e (0x01dbdcb3) srl     s9, s7, t4
core   0: 3 0x8000301e (0x01dbdcb3) x25 0xfffff859
core   0: 0x80003022 (0xe291a613) slti    a2, gp, -471
core   0: 3 0x80003022 (0xe291a613) x12 0x00000000
core   0: 0x80003026 (0x00008e26) c.mv    t3, s1
core   0: 3 0x80003026 (0x8e26) x28 0x00000001
core   0: 0x80003028 (0x00009a06) c.add   s4, ra
core   0: 3 0x80003028 (0x9a06) x20 0x80000901
core   0: 0x8000302a (0x00008221) c.srli  a2, 8
core   0: 3 0x8000302a (0x8221) x12 0x00000000
core   0: 0x8000302c (0x412d8bb3) sub     s7, s11, s2
core   0: 3 0x8000302c (0x412d8bb3) x23 0x80025ce3
core   0: 0x80003030 (0x1578e993) ori     s3, a7, 343
core   0: 3 0x80003030 (0x1578e993) x19 0x00000157
core   0: 0x80003034 (0x00000705) c.addi  a4, 1
core   0: 3 0x80003034 (0x0705) x14 0xffffffff
core   0: 0x80003036 (0xe3222f13) slti    t5, tp, -462
core   0: 3 0x80003036 (0xe3222f13) x30 0x00000001
core   0: 0x8000303a (0x0358cc33) div     s8, a7, s5
core   0: 3 0x8000303a (0x0358cc33) x24 0x00000000
core   0: 0x8000303e (0x00001d90) c.addi4spn a2, sp, 752
core   0: 3 0x8000303e (0x1d90) x12 0x000002ef
core   0: 0x80003040 (0x85900b93) li      s7, -1959
core   0: 3 0x80003040 (0x85900b93) x23 0xfffff859
core   0: 0x80003044 (0x013cafb3) slt     t6, s9, s3
core   0: 3 0x80003044 (0x013cafb3) x31 0x00000001
core   0: 0x80003048 (0x00008f5a) c.mv    t5, s6
core   0: 3 0x80003048 (0x8f5a) x30 0xffffffff
core   0: 0x8000304a (0x0000181c) c.addi4spn a5, sp, 48
core   0: 3 0x8000304a (0x181c) x15 0x0000002f
core   0: 0x8000304c (0x0172bf33) sltu    t5, t0, s7
core   0: 3 0x8000304c (0x0172bf33) x30 0x00000001
core   0: 0x80003050 (0x022c05b3) mul     a1, s8, sp
core   0: 3 0x80003050 (0x022c05b3) x11 0x00000000
core   0: 0x80003054 (0x0000f379) c.bnez  a4, pc - 58
core   0: 3 0x80003054 (0xf379)
core   0: 0x8000301a (0x03ee98b3) mulh    a7, t4, t5
core   0: 3 0x8000301a (0x03ee98b3) x17 0x00000000
core   0: 0x8000301e (0x01dbdcb3) srl     s9, s7, t4
core   0: 3 0x8000301e (0x01dbdcb3) x25 0xfffff859
core   0: 0x80003022 (0xe291a613) slti    a2, gp, -471
core   0: 3 0x80003022 (0xe291a613) x12 0x00000000
core   0: 0x80003026 (0x00008e26) c.mv    t3, s1
core   0: 3 0x80003026 (0x8e26) x28 0x00000001
core   0: 0x80003028 (0x00009a06) c.add   s4, ra
core   0: 3 0x80003028 (0x9a06) x20 0x00000a49
core   0: 0x8000302a (0x00008221) c.srli  a2, 8
core   0: 3 0x8000302a (0x8221) x12 0x00000000
core   0: 0x8000302c (0x412d8bb3) sub     s7, s11, s2
core   0: 3 0x8000302c (0x412d8bb3) x23 0x80025ce3
core   0: 0x80003030 (0x1578e993) ori     s3, a7, 343
core   0: 3 0x80003030 (0x1578e993) x19 0x00000157
core   0: 0x80003034 (0x00000705) c.addi  a4, 1
core   0: 3 0x80003034 (0x0705) x14 0x00000000
core   0: 0x80003036 (0xe3222f13) slti    t5, tp, -462
core   0: 3 0x80003036 (0xe3222f13) x30 0x00000001
core   0: 0x8000303a (0x0358cc33) div     s8, a7, s5
core   0: 3 0x8000303a (0x0358cc33) x24 0x00000000
core   0: 0x8000303e (0x00001d90) c.addi4spn a2, sp, 752
core   0: 3 0x8000303e (0x1d90) x12 0x000002ef
core   0: 0x80003040 (0x85900b93) li      s7, -1959
core   0: 3 0x80003040 (0x85900b93) x23 0xfffff859
core   0: 0x80003044 (0x013cafb3) slt     t6, s9, s3
core   0: 3 0x80003044 (0x013cafb3) x31 0x00000001
core   0: 0x80003048 (0x00008f5a) c.mv    t5, s6
core   0: 3 0x80003048 (0x8f5a) x30 0xffffffff
core   0: 0x8000304a (0x0000181c) c.addi4spn a5, sp, 48
core   0: 3 0x8000304a (0x181c) x15 0x0000002f
core   0: 0x8000304c (0x0172bf33) sltu    t5, t0, s7
core   0: 3 0x8000304c (0x0172bf33) x30 0x00000001
core   0: 0x80003050 (0x022c05b3) mul     a1, s8, sp
core   0: 3 0x80003050 (0x022c05b3) x11 0x00000000
core   0: 0x80003054 (0x0000f379) c.bnez  a4, pc - 58
core   0: 3 0x80003054 (0xf379)
core   0: 0x80003056 (0x03c37293) andi    t0, t1, 60
core   0: 3 0x80003056 (0x03c37293) x 5 0x00000000
core   0: 0x8000305a (0x00900613) li      a2, 9
core   0: 3 0x8000305a (0x00900613) x12 0x00000009
core   0: 0x8000305e (0x000012fd) c.addi  t0, -1
core   0: 3 0x8000305e (0x12fd) x 5 0xffffffff
core   0: 0x80003060 (0x01fffe33) and     t3, t6, t6
core   0: 3 0x80003060 (0x01fffe33) x28 0x00000001
core   0: 0x80003064 (0x000015fd) c.addi  a1, -1
core   0: 3 0x80003064 (0x15fd) x11 0xffffffff
core   0: 0x80003066 (0x005da1b3) slt     gp, s11, t0
core   0: 3 0x80003066 (0x005da1b3) x 3 0x00000001
core   0: 0x8000306a (0x670b8917) auipc   s2, 0x670b8
core   0: 3 0x8000306a (0x670b8917) x18 0xe70bb06a
core   0: 0x8000306e (0x031e2d33) mulhsu  s10, t3, a7
core   0: 3 0x8000306e (0x031e2d33) x26 0x00000000
core   0: 0x80003072 (0x00900393) li      t2, 9
core   0: 3 0x80003072 (0x00900393) x 7 0x00000009
core   0: 0x80003076 (0x0002bbb3) sltu    s7, t0, zero
core   0: 3 0x80003076 (0x0002bbb3) x23 0x00000000
core   0: 0x8000307a (0x00008f29) c.xor   a4, a0
core   0: 3 0x8000307a (0x8f29) x14 0x80021e3c
core   0: 0x8000307c (0x02f8ccb3) div     s9, a7, a5
core   0: 3 0x8000307c (0x02f8ccb3) x25 0x00000000
core   0: 0x80003080 (0x024214b3) mulh    s1, tp, tp
core   0: 3 0x80003080 (0x024214b3) x 9 0x00000000
core   0: 0x80003084 (0x00008c75) c.and   s0, a3
core   0: 3 0x80003084 (0x8c75) x 8 0x00000001
core   0: 0x80003086 (0x00001665) c.addi  a2, -7
core   0: 3 0x80003086 (0x1665) x12 0x00000002
core   0: 0x80003088 (0xc7a36313) ori     t1, t1, -902
core   0: 3 0x80003088 (0xc7a36313) x 6 0xfffffc7a
core   0: 0x8000308c (0xfe7677e3) bgeu    a2, t2, pc - 18
core   0: 3 0x8000308c (0xfe7677e3)
core   0: 0x80003090 (0xaa232793) slti    a5, t1, -1374
core   0: 3 0x80003090 (0xaa232793) x15 0x00000000
core   0: 0x80003094 (0xfff00793) li      a5, -1
core   0: 3 0x80003094 (0xfff00793) x15 0xffffffff
core   0: 0x80003098 (0x03fcce33) div     t3, s9, t6
core   0: 3 0x80003098 (0x03fcce33) x28 0x00000000
core   0: 0x8000309c (0x00000001) c.nop
core   0: 3 0x8000309c (0x0001)
core   0: 0x8000309e (0x88de3813) sltiu   a6, t3, -1907
core   0: 3 0x8000309e (0x88de3813) x16 0x00000001
core   0: 0x800030a2 (0x01634133) xor     sp, t1, s6
core   0: 3 0x800030a2 (0x01634133) x 2 0x00000385
core   0: 0x800030a6 (0x03122eb3) mulhsu  t4, tp, a7
core   0: 3 0x800030a6 (0x03122eb3) x29 0x00000000
core   0: 0x800030aa (0x00000785) c.addi  a5, 1
core   0: 3 0x800030aa (0x0785) x15 0x00000000
core   0: 0x800030ac (0x03fd3d33) mulhu   s10, s10, t6
core   0: 3 0x800030ac (0x03fd3d33) x26 0x00000000
core   0: 0x800030b0 (0x03c6a433) mulhsu  s0, a3, t3
core   0: 3 0x800030b0 (0x03c6a433) x 8 0x00000000
core   0: 0x800030b4 (0x415d8133) sub     sp, s11, s5
core   0: 3 0x800030b4 (0x415d8133) x 2 0x77a6fdc4
core   0: 0x800030b8 (0x00009fde) c.add   t6, s7
core   0: 3 0x800030b8 (0x9fde) x31 0x00000001
core   0: 0x800030ba (0xff900593) li      a1, -7
core   0: 3 0x800030ba (0xff900593) x11 0xfffffff9
core   0: 0x800030be (0x00008cc9) c.or    s1, a0
core   0: 3 0x800030be (0x8cc9) x 9 0x80021e3c
core   0: 0x800030c0 (0x00600993) li      s3, 6
core   0: 3 0x800030c0 (0x00600993) x19 0x00000006
core   0: 0x800030c4 (0x018b00b3) add     ra, s6, s8
core   0: 3 0x800030c4 (0x018b00b3) x 1 0xffffffff
core   0: 0x800030c8 (0x00008c99) c.sub   s1, a4
core   0: 3 0x800030c8 (0x8c99) x 9 0x00000000
core   0: 0x800030ca (0x00000001) c.nop
core   0: 3 0x800030ca (0x0001)
core   0: 0x800030cc (0x00000001) c.nop
core   0: 3 0x800030cc (0x0001)
core   0: 0x800030ce (0x03e5a433) mulhsu  s0, a1, t5
core   0: 3 0x800030ce (0x03e5a433) x 8 0xffffffff
core   0: 0x800030d2 (0xfc6f7d13) andi    s10, t5, -58
core   0: 3 0x800030d2 (0xfc6f7d13) x26 0x00000000
core   0: 0x800030d6 (0x0000802d) c.srli  s0, 11
core   0: 3 0x800030d6 (0x802d) x 8 0x001fffff
core   0: 0x800030d8 (0x0000648d) c.lui   s1, 0x3
core   0: 3 0x800030d8 (0x648d) x 9 0x00003000
core   0: 0x800030da (0x00000595) c.addi  a1, 5
core   0: 3 0x800030da (0x0595) x11 0xfffffffe
core   0: 0x800030dc (0x110b4c93) xori    s9, s6, 272
core   0: 3 0x800030dc (0x110b4c93) x25 0xfffffeef
core   0: 0x800030e0 (0x00000eaa) c.slli  t4, 10
core   0: 3 0x800030e0 (0x0eaa) x29 0x00000000
core   0: 0x800030e2 (0x01c97e33) and     t3, s2, t3
core   0: 3 0x800030e2 (0x01c97e33) x28 0x00000000
core   0: 0x800030e6 (0x035c3d33) mulhu   s10, s8, s5
core   0: 3 0x800030e6 (0x035c3d33) x26 0x00000000
core   0: 0x800030ea (0xff35e2e3) bltu    a1, s3, pc - 28
core   0: 3 0x800030ea (0xff35e2e3)
core   0: 0x800030ee (0x00c1dd33) srl     s10, gp, a2
core   0: 3 0x800030ee (0x00c1dd33) x26 0x00000000
core   0: 0x800030f2 (0x000048d9) c.li    a7, 22
core   0: 3 0x800030f2 (0x48d9) x17 0x00000016
core   0: 0x800030f4 (0x9f1a4913) xori    s2, s4, -1551
core   0: 3 0x800030f4 (0x9f1a4913) x18 0xfffff3b8
core   0: 0x800030f8 (0x00008a95) c.andi  a3, 5
core   0: 3 0x800030f8 (0x8a95) x13 0x00000005
core   0: 0x800030fa (0x01e72633) slt     a2, a4, t5
core   0: 3 0x800030fa (0x01e72633) x12 0x00000001
core   0: 0x800030fe (0x0000d3d5) c.beqz  a5, pc - 92
core   0: 3 0x800030fe (0xd3d5)
core   0: 0x800030a2 (0x01634133) xor     sp, t1, s6
core   0: 3 0x800030a2 (0x01634133) x 2 0x00000385
core   0: 0x800030a6 (0x03122eb3) mulhsu  t4, tp, a7
core   0: 3 0x800030a6 (0x03122eb3) x29 0xffffffff
core   0: 0x800030aa (0x00000785) c.addi  a5, 1
core   0: 3 0x800030aa (0x0785) x15 0x00000001
core   0: 0x800030ac (0x03fd3d33) mulhu   s10, s10, t6
core   0: 3 0x800030ac (0x03fd3d33) x26 0x00000000
core   0: 0x800030b0 (0x03c6a433) mulhsu  s0, a3, t3
core   0: 3 0x800030b0 (0x03c6a433) x 8 0x00000000
core   0: 0x800030b4 (0x415d8133) sub     sp, s11, s5
core   0: 3 0x800030b4 (0x415d8133) x 2 0x77a6fdc4
core   0: 0x800030b8 (0x00009fde) c.add   t6, s7
core   0: 3 0x800030b8 (0x9fde) x31 0x00000001
core   0: 0x800030ba (0xff900593) li      a1, -7
core   0: 3 0x800030ba (0xff900593) x11 0xfffffff9
core   0: 0x800030be (0x00008cc9) c.or    s1, a0
core   0: 3 0x800030be (0x8cc9) x 9 0x80023e3c
core   0: 0x800030c0 (0x00600993) li      s3, 6
core   0: 3 0x800030c0 (0x00600993) x19 0x00000006
core   0: 0x800030c4 (0x018b00b3) add     ra, s6, s8
core   0: 3 0x800030c4 (0x018b00b3) x 1 0xffffffff
core   0: 0x800030c8 (0x00008c99) c.sub   s1, a4
core   0: 3 0x800030c8 (0x8c99) x 9 0x00002000
core   0: 0x800030ca (0x00000001) c.nop
core   0: 3 0x800030ca (0x0001)
core   0: 0x800030cc (0x00000001) c.nop
core   0: 3 0x800030cc (0x0001)
core   0: 0x800030ce (0x03e5a433) mulhsu  s0, a1, t5
core   0: 3 0x800030ce (0x03e5a433) x 8 0xffffffff
core   0: 0x800030d2 (0xfc6f7d13) andi    s10, t5, -58
core   0: 3 0x800030d2 (0xfc6f7d13) x26 0x00000000
core   0: 0x800030d6 (0x0000802d) c.srli  s0, 11
core   0: 3 0x800030d6 (0x802d) x 8 0x001fffff
core   0: 0x800030d8 (0x0000648d) c.lui   s1, 0x3
core   0: 3 0x800030d8 (0x648d) x 9 0x00003000
core   0: 0x800030da (0x00000595) c.addi  a1, 5
core   0: 3 0x800030da (0x0595) x11 0xfffffffe
core   0: 0x800030dc (0x110b4c93) xori    s9, s6, 272
core   0: 3 0x800030dc (0x110b4c93) x25 0xfffffeef
core   0: 0x800030e0 (0x00000eaa) c.slli  t4, 10
core   0: 3 0x800030e0 (0x0eaa) x29 0xfffffc00
core   0: 0x800030e2 (0x01c97e33) and     t3, s2, t3
core   0: 3 0x800030e2 (0x01c97e33) x28 0x00000000
core   0: 0x800030e6 (0x035c3d33) mulhu   s10, s8, s5
core   0: 3 0x800030e6 (0x035c3d33) x26 0x00000000
core   0: 0x800030ea (0xff35e2e3) bltu    a1, s3, pc - 28
core   0: 3 0x800030ea (0xff35e2e3)
core   0: 0x800030ee (0x00c1dd33) srl     s10, gp, a2
core   0: 3 0x800030ee (0x00c1dd33) x26 0x00000000
core   0: 0x800030f2 (0x000048d9) c.li    a7, 22
core   0: 3 0x800030f2 (0x48d9) x17 0x00000016
core   0: 0x800030f4 (0x9f1a4913) xori    s2, s4, -1551
core   0: 3 0x800030f4 (0x9f1a4913) x18 0xfffff3b8
core   0: 0x800030f8 (0x00008a95) c.andi  a3, 5
core   0: 3 0x800030f8 (0x8a95) x13 0x00000005
core   0: 0x800030fa (0x01e72633) slt     a2, a4, t5
core   0: 3 0x800030fa (0x01e72633) x12 0x00000001
core   0: 0x800030fe (0x0000d3d5) c.beqz  a5, pc - 92
core   0: 3 0x800030fe (0xd3d5)
core   0: 0x80003100 (0x02226b33) rem     s6, tp, sp
core   0: 3 0x80003100 (0x02226b33) x22 0xfffffe27
core   0: 0x80003104 (0xffa00893) li      a7, -6
core   0: 3 0x80003104 (0xffa00893) x17 0xfffffffa
core   0: 0x80003108 (0x9d1b0737) lui     a4, 0x9d1b0
core   0: 3 0x80003108 (0x9d1b0737) x14 0x9d1b0000
core   0: 0x8000310c (0xffd00913) li      s2, -3
core   0: 3 0x8000310c (0xffd00913) x18 0xfffffffd
core   0: 0x80003110 (0x0ff0000f) fence   iorw,iorw
core   0: 3 0x80003110 (0x0ff0000f)
core   0: 0x80003114 (0x00000799) c.addi  a5, 6
core   0: 3 0x80003114 (0x0799) x15 0x00000007
core   0: 0x80003116 (0x002fb2b3) sltu    t0, t6, sp
core   0: 3 0x80003116 (0x002fb2b3) x 5 0x00000001
core   0: 0x8000311a (0x00000001) c.nop
core   0: 3 0x8000311a (0x0001)
core   0: 0x8000311c (0x5bd0c337) lui     t1, 0x5bd0c
core   0: 3 0x8000311c (0x5bd0c337) x 6 0x5bd0c000
core   0: 0x80003120 (0x0000088d) c.addi  a7, 3
core   0: 3 0x80003120 (0x088d) x17 0xfffffffd
core   0: 0x80003122 (0xffc00493) li      s1, -4
core   0: 3 0x80003122 (0xffc00493) x 9 0xfffffffc
core   0: 0x80003126 (0x011a2f93) slti    t6, s4, 17
core   0: 3 0x80003126 (0x011a2f93) x31 0x00000000
core   0: 0x8000312a (0x0304b133) mulhu   sp, s1, a6
core   0: 3 0x8000312a (0x0304b133) x 2 0x00000000
core   0: 0x8000312e (0x00000001) c.nop
core   0: 3 0x8000312e (0x0001)
core   0: 0x80003130 (0x011a1e93) slli    t4, s4, 17
core   0: 3 0x80003130 (0x011a1e93) x29 0x14920000
core   0: 0x80003134 (0x40ef0fb3) sub     t6, t5, a4
core   0: 3 0x80003134 (0x40ef0fb3) x31 0x62e50001
core   0: 0x80003138 (0x000005ea) c.slli  a1, 26
core   0: 3 0x80003138 (0x05ea) x11 0xf8000000
core   0: 0x8000313a (0x0000100f) fence.i
core   0: 3 0x8000313a (0x0000100f)
core   0: 0x8000313e (0x03897f33) remu    t5, s2, s8
core   0: 3 0x8000313e (0x03897f33) x30 0xfffffffd
core   0: 0x80003142 (0x01761113) slli    sp, a2, 23
core   0: 3 0x80003142 (0x01761113) x 2 0x00800000
core   0: 0x80003146 (0x00008c39) c.xor   s0, a4
core   0: 3 0x80003146 (0x8c39) x 8 0x9d04ffff
core   0: 0x80003148 (0x00008291) c.srli  a3, 4
core   0: 3 0x80003148 (0x8291) x13 0x00000000
core   0: 0x8000314a (0x00000485) c.addi  s1, 1
core   0: 3 0x8000314a (0x0485) x 9 0xfffffffd
core   0: 0x8000314c (0x0000fced) c.bnez  s1, pc - 6
core   0: 3 0x8000314c (0xfced)
core   0: 0x80003146 (0x00008c39) c.xor   s0, a4
core   0: 3 0x80003146 (0x8c39) x 8 0x001fffff
core   0: 0x80003148 (0x00008291) c.srli  a3, 4
core   0: 3 0x80003148 (0x8291) x13 0x00000000
core   0: 0x8000314a (0x00000485) c.addi  s1, 1
core   0: 3 0x8000314a (0x0485) x 9 0xfffffffe
core   0: 0x8000314c (0x0000fced) c.bnez  s1, pc - 6
core   0: 3 0x8000314c (0xfced)
core   0: 0x80003146 (0x00008c39) c.xor   s0, a4
core   0: 3 0x80003146 (0x8c39) x 8 0x9d04ffff
core   0: 0x80003148 (0x00008291) c.srli  a3, 4
core   0: 3 0x80003148 (0x8291) x13 0x00000000
core   0: 0x8000314a (0x00000485) c.addi  s1, 1
core   0: 3 0x8000314a (0x0485) x 9 0xffffffff
core   0: 0x8000314c (0x0000fced) c.bnez  s1, pc - 6
core   0: 3 0x8000314c (0xfced)
core   0: 0x80003146 (0x00008c39) c.xor   s0, a4
core   0: 3 0x80003146 (0x8c39) x 8 0x001fffff
core   0: 0x80003148 (0x00008291) c.srli  a3, 4
core   0: 3 0x80003148 (0x8291) x13 0x00000000
core   0: 0x8000314a (0x00000485) c.addi  s1, 1
core   0: 3 0x8000314a (0x0485) x 9 0x00000000
core   0: 0x8000314c (0x0000fced) c.bnez  s1, pc - 6
core   0: 3 0x8000314c (0xfced)
core   0: 0x8000314e (0xfd2893e3) bne     a7, s2, pc - 58
core   0: 3 0x8000314e (0xfd2893e3)
core   0: 0x80003152 (0x00737c33) and     s8, t1, t2
core   0: 3 0x80003152 (0x00737c33) x24 0x00000000
core   0: 0x80003156 (0xff800493) li      s1, -8
core   0: 3 0x80003156 (0xff800493) x 9 0xfffffff8
core   0: 0x8000315a (0x414ed1b3) sra     gp, t4, s4
core   0: 3 0x8000315a (0x414ed1b3) x 3 0x000a4900
core   0: 0x8000315e (0x00100593) li      a1, 1
core   0: 3 0x8000315e (0x00100593) x11 0x00000001
core   0: 0x80003162 (0x00000e80) c.addi4spn s0, sp, 848
core   0: 3 0x80003162 (0x0e80) x 8 0x00800350
core   0: 0x80003164 (0x00004f25) c.li    t5, 9
core   0: 3 0x80003164 (0x4f25) x30 0x00000009
core   0: 0x80003166 (0x6c1ce293) ori     t0, s9, 1729
core   0: 3 0x80003166 (0x6c1ce293) x 5 0xfffffeef
core   0: 0x8000316a (0x000008fd) c.addi  a7, 31
core   0: 3 0x8000316a (0x08fd) x17 0x0000001c
core   0: 0x8000316c (0x7e7c3e97) auipc   t4, 0x7e7c3
core   0: 3 0x8000316c (0x7e7c3e97) x29 0xfe7c616c
core   0: 0x80003170 (0x00008e25) c.xor   a2, s1
core   0: 3 0x80003170 (0x8e25) x12 0xfffffff9
core   0: 0x80003172 (0x004d13b3) sll     t2, s10, tp
core   0: 3 0x80003172 (0x004d13b3) x 7 0x00000000
core   0: 0x80003176 (0x00001610) c.addi4spn a2, sp, 800
core   0: 3 0x80003176 (0x1610) x12 0x00800320
core   0: 0x80003178 (0x00000485) c.addi  s1, 1
core   0: 3 0x80003178 (0x0485) x 9 0xfffffff9
core   0: 0x8000317a (0x00100993) li      s3, 1
core   0: 3 0x8000317a (0x00100993) x19 0x00000001
core   0: 0x8000317e (0x00008615) c.srai  a2, 5
core   0: 3 0x8000317e (0x8615) x12 0x00040019
core   0: 0x80003180 (0x0000177d) c.addi  a4, -1
core   0: 3 0x80003180 (0x177d) x14 0x9d1affff
core   0: 0x80003182 (0x03b158b3) divu    a7, sp, s11
core   0: 3 0x80003182 (0x03b158b3) x17 0x00000000
core   0: 0x80003186 (0x00b00c93) li      s9, 11
core   0: 3 0x80003186 (0x00b00c93) x25 0x0000000b
core   0: 0x8000318a (0x0ff0000f) fence   iorw,iorw
core   0: 3 0x8000318a (0x0ff0000f)
core   0: 0x8000318e (0x40cf0d33) sub     s10, t5, a2
core   0: 3 0x8000318e (0x40cf0d33) x26 0xfffbfff0
core   0: 0x80003192 (0x03a79933) mulh    s2, a5, s10
core   0: 3 0x80003192 (0x03a79933) x18 0xffffffff
core   0: 0x80003196 (0x00008e81) c.sub   a3, s0
core   0: 3 0x80003196 (0x8e81) x13 0xff7ffcb0
core   0: 0x80003198 (0x2e5bad13) slti    s10, s7, 741
core   0: 3 0x80003198 (0x2e5bad13) x26 0x00000001
core   0: 0x8000319c (0x00000991) c.addi  s3, 4
core   0: 3 0x8000319c (0x0991) x19 0x00000005
core   0: 0x8000319e (0x000058fd) c.li    a7, -1
core   0: 3 0x8000319e (0x58fd) x17 0xffffffff
core   0: 0x800031a0 (0xff99c9e3) blt     s3, s9, pc - 14
core   0: 3 0x800031a0 (0xff99c9e3)
core   0: 0x80003192 (0x03a79933) mulh    s2, a5, s10
core   0: 3 0x80003192 (0x03a79933) x18 0x00000000
core   0: 0x80003196 (0x00008e81) c.sub   a3, s0
core   0: 3 0x80003196 (0x8e81) x13 0xfefff960
core   0: 0x80003198 (0x2e5bad13) slti    s10, s7, 741
core   0: 3 0x80003198 (0x2e5bad13) x26 0x00000001
core   0: 0x8000319c (0x00000991) c.addi  s3, 4
core   0: 3 0x8000319c (0x0991) x19 0x00000009
core   0: 0x8000319e (0x000058fd) c.li    a7, -1
core   0: 3 0x8000319e (0x58fd) x17 0xffffffff
core   0: 0x800031a0 (0xff99c9e3) blt     s3, s9, pc - 14
core   0: 3 0x800031a0 (0xff99c9e3)
core   0: 0x80003192 (0x03a79933) mulh    s2, a5, s10
core   0: 3 0x80003192 (0x03a79933) x18 0x00000000
core   0: 0x80003196 (0x00008e81) c.sub   a3, s0
core   0: 3 0x80003196 (0x8e81) x13 0xfe7ff610
core   0: 0x80003198 (0x2e5bad13) slti    s10, s7, 741
core   0: 3 0x80003198 (0x2e5bad13) x26 0x00000001
core   0: 0x8000319c (0x00000991) c.addi  s3, 4
core   0: 3 0x8000319c (0x0991) x19 0x0000000d
core   0: 0x8000319e (0x000058fd) c.li    a7, -1
core   0: 3 0x8000319e (0x58fd) x17 0xffffffff
core   0: 0x800031a0 (0xff99c9e3) blt     s3, s9, pc - 14
core   0: 3 0x800031a0 (0xff99c9e3)
core   0: 0x800031a4 (0x005eed33) or      s10, t4, t0
core   0: 3 0x800031a4 (0x005eed33) x26 0xffffffef
core   0: 0x800031a8 (0x00d04333) xor     t1, zero, a3
core   0: 3 0x800031a8 (0x00d04333) x 6 0xfe7ff610
core   0: 0x800031ac (0x0008beb3) sltu    t4, a7, zero
core   0: 3 0x800031ac (0x0008beb3) x29 0x00000000
core   0: 0x800031b0 (0xfab489e3) beq     s1, a1, pc - 78
core   0: 3 0x800031b0 (0xfab489e3)
core   0: 0x800031b4 (0xb170eb13) ori     s6, ra, -1257
core   0: 3 0x800031b4 (0xb170eb13) x22 0xffffffff
core   0: 0x800031b8 (0xff600293) li      t0, -10
core   0: 3 0x800031b8 (0xff600293) x 5 0xfffffff6
core   0: 0x800031bc (0x0009f433) and     s0, s3, zero
core   0: 3 0x800031bc (0x0009f433) x 8 0x00000000
core   0: 0x800031c0 (0x000014fd) c.addi  s1, -1
core   0: 3 0x800031c0 (0x14fd) x 9 0xfffffff8
core   0: 0x800031c2 (0x0316c8b3) div     a7, a3, a7
core   0: 3 0x800031c2 (0x0316c8b3) x17 0x018009f0
core   0: 0x800031c6 (0x6795eb93) ori     s7, a1, 1657
core   0: 3 0x800031c6 (0x6795eb93) x23 0x00000679
core   0: 0x800031ca (0x0000960a) c.add   a2, sp
core   0: 3 0x800031ca (0x960a) x12 0x00840019
core   0: 0x800031cc (0x00000252) c.slli  tp, 20
core   0: 3 0x800031cc (0x0252) x 4 0xe2700000
core   0: 0x800031ce (0x00001380) c.addi4spn s0, sp, 480
core   0: 3 0x800031ce (0x1380) x 8 0x008001e0
core   0: 0x800031d0 (0x00001c0c) c.addi4spn a1, sp, 560
core   0: 3 0x800031d0 (0x1c0c) x11 0x00800230
core   0: 0x800031d2 (0x0139b833) sltu    a6, s3, s3
core   0: 3 0x800031d2 (0x0139b833) x16 0x00000000
core   0: 0x800031d6 (0x00000001) c.nop
core   0: 3 0x800031d6 (0x0001)
core   0: 0x800031d8 (0x00500e93) li      t4, 5
core   0: 3 0x800031d8 (0x00500e93) x29 0x00000005
core   0: 0x800031dc (0x00008da1) c.xor   a1, s0
core   0: 3 0x800031dc (0x8da1) x11 0x000003d0
core   0: 0x800031de (0x00008c19) c.sub   s0, a4
core   0: 3 0x800031de (0x8c19) x 8 0x636501e1
core   0: 0x800031e0 (0x0000717d) c.addi16sp sp, -16
core   0: 3 0x800031e0 (0x717d) x 2 0x007ffff0
core   0: 0x800031e2 (0x0ff0000f) fence   iorw,iorw
core   0: 3 0x800031e2 (0x0ff0000f)
core   0: 0x800031e6 (0x00893433) sltu    s0, s2, s0
core   0: 3 0x800031e6 (0x00893433) x 8 0x00000001
core   0: 0x800031ea (0x0000137d) c.addi  t1, -1
core   0: 3 0x800031ea (0x137d) x 6 0xfe7ff60f
core   0: 0x800031ec (0x0000717d) c.addi16sp sp, -16
core   0: 3 0x800031ec (0x717d) x 2 0x007fffe0
core   0: 0x800031ee (0x000002a5) c.addi  t0, 9
core   0: 3 0x800031ee (0x02a5) x 5 0xffffffff
core   0: 0x800031f0 (0x0222c8b3) div     a7, t0, sp
core   0: 3 0x800031f0 (0x0222c8b3) x17 0x00000000
core   0: 0x800031f4 (0x00000001) c.nop
core   0: 3 0x800031f4 (0x0001)
core   0: 0x800031f6 (0x414d5433) sra     s0, s10, s4
core   0: 3 0x800031f6 (0x414d5433) x 8 0xffffffff
core   0: 0x800031fa (0x016bd433) srl     s0, s7, s6
core   0: 3 0x800031fa (0x016bd433) x 8 0x00000000
core   0: 0x800031fe (0x005f9e33) sll     t3, t6, t0
core   0: 3 0x800031fe (0x005f9e33) x28 0x80000000
core   0: 0x80003202 (0x00004979) c.li    s2, 30
core   0: 3 0x80003202 (0x4979) x18 0x0000001e
core   0: 0x80003204 (0xc4718593) addi    a1, gp, -953
core   0: 3 0x80003204 (0xc4718593) x11 0x000a4547
core   0: 0x80003208 (0x000089a5) c.andi  a1, 9
core   0: 3 0x80003208 (0x89a5) x11 0x00000001
core   0: 0x8000320a (0xfdd2cae3) blt     t0, t4, pc - 44
core   0: 3 0x8000320a (0xfdd2cae3)
core   0: 0x800031de (0x00008c19) c.sub   s0, a4
core   0: 3 0x800031de (0x8c19) x 8 0x62e50001
core   0: 0x800031e0 (0x0000717d) c.addi16sp sp, -16
core   0: 3 0x800031e0 (0x717d) x 2 0x007fffd0
core   0: 0x800031e2 (0x0ff0000f) fence   iorw,iorw
core   0: 3 0x800031e2 (0x0ff0000f)
core   0: 0x800031e6 (0x00893433) sltu    s0, s2, s0
core   0: 3 0x800031e6 (0x00893433) x 8 0x00000001
core   0: 0x800031ea (0x0000137d) c.addi  t1, -1
core   0: 3 0x800031ea (0x137d) x 6 0xfe7ff60e
core   0: 0x800031ec (0x0000717d) c.addi16sp sp, -16
core   0: 3 0x800031ec (0x717d) x 2 0x007fffc0
core   0: 0x800031ee (0x000002a5) c.addi  t0, 9
core   0: 3 0x800031ee (0x02a5) x 5 0x00000008
core   0: 0x800031f0 (0x0222c8b3) div     a7, t0, sp
core   0: 3 0x800031f0 (0x0222c8b3) x17 0x00000000
core   0: 0x800031f4 (0x00000001) c.nop
core   0: 3 0x800031f4 (0x0001)
core   0: 0x800031f6 (0x414d5433) sra     s0, s10, s4
core   0: 3 0x800031f6 (0x414d5433) x 8 0xffffffff
core   0: 0x800031fa (0x016bd433) srl     s0, s7, s6
core   0: 3 0x800031fa (0x016bd433) x 8 0x00000000
core   0: 0x800031fe (0x005f9e33) sll     t3, t6, t0
core   0: 3 0x800031fe (0x005f9e33) x28 0xe5000100
core   0: 0x80003202 (0x00004979) c.li    s2, 30
core   0: 3 0x80003202 (0x4979) x18 0x0000001e
core   0: 0x80003204 (0xc4718593) addi    a1, gp, -953
core   0: 3 0x80003204 (0xc4718593) x11 0x000a4547
core   0: 0x80003208 (0x000089a5) c.andi  a1, 9
core   0: 3 0x80003208 (0x89a5) x11 0x00000001
core   0: 0x8000320a (0xfdd2cae3) blt     t0, t4, pc - 44
core   0: 3 0x8000320a (0xfdd2cae3)
core   0: 0x8000320e (0x0000872d) c.srai  a4, 11
core   0: 3 0x8000320e (0x872d) x14 0xfff3a35f
core   0: 0x80003210 (0xfff00593) li      a1, -1
core   0: 3 0x80003210 (0xfff00593) x11 0xffffffff
core   0: 0x80003214 (0x00f950b3) srl     ra, s2, a5
core   0: 3 0x80003214 (0x00f950b3) x 1 0x00000000
core   0: 0x80003218 (0x28277893) andi    a7, a4, 642
core   0: 3 0x80003218 (0x28277893) x17 0x00000202
core   0: 0x8000321c (0x00008fcd) c.or    a5, a1
core   0: 3 0x8000321c (0x8fcd) x15 0xffffffff
core   0: 0x8000321e (0x0185cc33) xor     s8, a1, s8
core   0: 3 0x8000321e (0x0185cc33) x24 0xffffffff
core   0: 0x80003222 (0x00009c22) c.add   s8, s0
core   0: 3 0x80003222 (0x9c22) x24 0xffffffff
core   0: 0x80003224 (0x01b30eb3) add     t4, t1, s11
core   0: 3 0x80003224 (0x01b30eb3) x29 0x7e8252f2
core   0: 0x80003228 (0x00001bfd) c.addi  s7, -1
core   0: 3 0x80003228 (0x1bfd) x23 0x00000678
core   0: 0x8000322a (0x01be58b3) srl     a7, t3, s11
core   0: 3 0x8000322a (0x01be58b3) x17 0x0e500010
core   0: 0x8000322e (0x039a74b3) remu    s1, s4, s9
core   0: 3 0x8000322e (0x039a74b3) x 9 0x00000004
core   0: 0x80003232 (0xa7a58993) addi    s3, a1, -1414
core   0: 3 0x80003232 (0xa7a58993) x19 0xfffffa79
core   0: 0x80003236 (0x40040833) sub     a6, s0, zero
core   0: 3 0x80003236 (0x40040833) x16 0x00000000
core   0: 0x8000323a (0x00000001) c.nop
core   0: 3 0x8000323a (0x0001)
core   0: 0x8000323c (0x00000001) c.nop
core   0: 3 0x8000323c (0x0001)
core   0: 0x8000323e (0x00000d16) c.slli  s10, 5
core   0: 3 0x8000323e (0x0d16) x26 0xfffffde0
core   0: 0x80003240 (0x01eaa433) slt     s0, s5, t5
core   0: 3 0x80003240 (0x01eaa433) x 8 0x00000000
core   0: 0x80003244 (0x00006149) c.addi16sp sp, 144
core   0: 3 0x80003244 (0x6149) x 2 0x00800050
core   0: 0x80003246 (0x00000585) c.addi  a1, 1
core   0: 3 0x80003246 (0x0585) x11 0x00000000
core   0: 0x80003248 (0x000044b5) c.li    s1, 13
core   0: 3 0x80003248 (0x44b5) x 9 0x0000000d
core   0: 0x8000324a (0x000086fd) c.srai  a3, 31
core   0: 3 0x8000324a (0x86fd) x13 0xffffffff
core   0: 0x8000324c (0x0000577d) c.li    a4, -1
core   0: 3 0x8000324c (0x577d) x14 0xffffffff
core   0: 0x8000324e (0x01198c33) add     s8, s3, a7
core   0: 3 0x8000324e (0x01198c33) x24 0x0e4ffa89
core   0: 0x80003252 (0x0000f5ed) c.bnez  a1, pc - 22
core   0: 3 0x80003252 (0xf5ed)
core   0: 0x80003254 (0x00000001) c.nop
core   0: 3 0x80003254 (0x0001)
core   0: 0x80003256 (0x00700293) li      t0, 7
core   0: 3 0x80003256 (0x00700293) x 5 0x00000007
core   0: 0x8000325a (0x00700d13) li      s10, 7
core   0: 3 0x8000325a (0x00700d13) x26 0x00000007
core   0: 0x8000325e (0x0000527d) c.li    tp, -1
core   0: 3 0x8000325e (0x527d) x 4 0xffffffff
core   0: 0x80003260 (0x000c5b13) srli    s6, s8, 0
core   0: 3 0x80003260 (0x000c5b13) x22 0x0e4ffa89
core   0: 0x80003264 (0x000090ca) c.add   ra, s2
core   0: 3 0x80003264 (0x90ca) x 1 0x0000001e
core   0: 0x80003266 (0x0000100f) fence.i
core   0: 3 0x80003266 (0x0000100f)
core   0: 0x8000326a (0x0000100f) fence.i
core   0: 3 0x8000326a (0x0000100f)
core   0: 0x8000326e (0x0ff0000f) fence   iorw,iorw
core   0: 3 0x8000326e (0x0ff0000f)
core   0: 0x80003272 (0x00008ddd) c.or    a1, a5
core   0: 3 0x80003272 (0x8ddd) x11 0xffffffff
core   0: 0x80003274 (0x03479a33) mulh    s4, a5, s4
core   0: 3 0x80003274 (0x03479a33) x20 0xffffffff
core   0: 0x80003278 (0x000004b1) c.addi  s1, 12
core   0: 3 0x80003278 (0x04b1) x 9 0x00000019
core   0: 0x8000327a (0x0000100f) fence.i
core   0: 3 0x8000327a (0x0000100f)
core   0: 0x8000327e (0x4176c493) xori    s1, a3, 1047
core   0: 3 0x8000327e (0x4176c493) x 9 0xfffffbe8
core   0: 0x80003282 (0x000012f5) c.addi  t0, -3
core   0: 3 0x80003282 (0x12f5) x 5 0x00000004
core   0: 0x80003284 (0x0d32fc93) andi    s9, t0, 211
core   0: 3 0x80003284 (0x0d32fc93) x25 0x00000000
core   0: 0x80003288 (0x02390933) mul     s2, s2, gp
core   0: 3 0x80003288 (0x02390933) x18 0x01348e00
core   0: 0x8000328c (0xfda2fce3) bgeu    t0, s10, pc - 40
core   0: 3 0x8000328c (0xfda2fce3)
core   0: 0x80003290 (0x00008c31) c.xor   s0, a2
core   0: 3 0x80003290 (0x8c31) x 8 0x00840019
core   0: 0x80003292 (0x00a00793) li      a5, 10
core   0: 3 0x80003292 (0x00a00793) x15 0x0000000a
core   0: 0x80003296 (0x00a00913) li      s2, 10
core   0: 3 0x80003296 (0x00a00913) x18 0x0000000a
core   0: 0x8000329a (0x01514633) xor     a2, sp, s5
core   0: 3 0x8000329a (0x01514633) x12 0x08db5f70
core   0: 0x8000329e (0x00581213) slli    tp, a6, 5
core   0: 3 0x8000329e (0x00581213) x 4 0x00000000
core   0: 0x800032a2 (0x000058fd) c.li    a7, -1
core   0: 3 0x800032a2 (0x58fd) x17 0xffffffff
core   0: 0x800032a4 (0x013978b3) and     a7, s2, s3
core   0: 3 0x800032a4 (0x013978b3) x17 0x00000008
core   0: 0x800032a8 (0x000017dd) c.addi  a5, -9
core   0: 3 0x800032a8 (0x17dd) x15 0x00000001
core   0: 0x800032aa (0x00000425) c.addi  s0, 9
core   0: 3 0x800032aa (0x0425) x 8 0x00840022
core   0: 0x800032ac (0x035bcd33) div     s10, s7, s5
core   0: 3 0x800032ac (0x035bcd33) x26 0x00000000
core   0: 0x800032b0 (0xd0968193) addi    gp, a3, -759
core   0: 3 0x800032b0 (0xd0968193) x 3 0xfffffd08
core   0: 0x800032b4 (0x01659093) slli    ra, a1, 22
core   0: 3 0x800032b4 (0x01659093) x 1 0xffc00000
core   0: 0x800032b8 (0xfff00493) li      s1, -1
core   0: 3 0x800032b8 (0xfff00493) x 9 0xffffffff
core   0: 0x800032bc (0x876b4193) xori    gp, s6, -1930
core   0: 3 0x800032bc (0x876b4193) x 3 0xf1b002ff
core   0: 0x800032c0 (0x01629c33) sll     s8, t0, s6
core   0: 3 0x800032c0 (0x01629c33) x24 0x00000800
core   0: 0x800032c4 (0x004adeb3) srl     t4, s5, tp
core   0: 3 0x800032c4 (0x004adeb3) x29 0x085b5f20
core   0: 0x800032c8 (0xd78d3613) sltiu   a2, s10, -648
core   0: 3 0x800032c8 (0xd78d3613) x12 0x00000001
core   0: 0x800032cc (0x00008469) c.srai  s0, 26
core   0: 3 0x800032cc (0x8469) x 8 0x00000000
core   0: 0x800032ce (0x00000001) c.nop
core   0: 3 0x800032ce (0x0001)
core   0: 0x800032d0 (0x81f53e93) sltiu   t4, a0, -2017
core   0: 3 0x800032d0 (0x81f53e93) x29 0x00000001
core   0: 0x800032d4 (0x00000001) c.nop
core   0: 3 0x800032d4 (0x0001)
core   0: 0x800032d6 (0x00000485) c.addi  s1, 1
core   0: 3 0x800032d6 (0x0485) x 9 0x00000000
core   0: 0x800032d8 (0x0000dce5) c.beqz  s1, pc - 8
core   0: 3 0x800032d8 (0xdce5)
core   0: 0x800032d0 (0x81f53e93) sltiu   t4, a0, -2017
core   0: 3 0x800032d0 (0x81f53e93) x29 0x00000001
core   0: 0x800032d4 (0x00000001) c.nop
core   0: 3 0x800032d4 (0x0001)
core   0: 0x800032d6 (0x00000485) c.addi  s1, 1
core   0: 3 0x800032d6 (0x0485) x 9 0x00000001
core   0: 0x800032d8 (0x0000dce5) c.beqz  s1, pc - 8
core   0: 3 0x800032d8 (0xdce5)
core   0: 0x800032da (0x59714a13) xori    s4, sp, 1431
core   0: 3 0x800032da (0x59714a13) x20 0x008005c7
core   0: 0x800032de (0x02babe33) mulhu   t3, s5, a1
core   0: 3 0x800032de (0x02babe33) x28 0x085b5f1f
core   0: 0x800032e2 (0xc1576293) ori     t0, a4, -1003
core   0: 3 0x800032e2 (0xc1576293) x 5 0xffffffff
core   0: 0x800032e6 (0xfb27fee3) bgeu    a5, s2, pc - 68
core   0: 3 0x800032e6 (0xfb27fee3)
core   0: 0x800032ea (0x0085fd33) and     s10, a1, s0
core   0: 3 0x800032ea (0x0085fd33) x26 0x00000000
core   0: 0x800032ee (0x0000987d) c.andi  s0, -1
core   0: 3 0x800032ee (0x987d) x 8 0x00000000
core   0: 0x800032f0 (0x021113b3) mulh    t2, sp, ra
core   0: 3 0x800032f0 (0x021113b3) x 7 0xffffdfff
core   0: 0x800032f4 (0x057e6b63) bltu    t3, s7, pc + 86
core   0: 3 0x800032f4 (0x057e6b63)
core   0: 0x800032f8 (0x51df7013) andi    zero, t5, 1309
core   0: 3 0x800032f8 (0x51df7013)
core   0: 0x800032fc (0x026dca33) div     s4, s11, t1
core   0: 3 0x800032fc (0x026dca33) x20 0x00000055
core   0: 0x80003300 (0x03bcf9b3) remu    s3, s9, s11
core   0: 3 0x80003300 (0x03bcf9b3) x19 0x00000000
core   0: 0x80003304 (0x02545eb3) divu    t4, s0, t0
core   0: 3 0x80003304 (0x02545eb3) x29 0x00000000
core   0: 0x80003308 (0x00000001) c.nop
core   0: 3 0x80003308 (0x0001)
core   0: 0x8000330a (0x01c4fb33) and     s6, s1, t3
core   0: 3 0x8000330a (0x01c4fb33) x22 0x00000001
core   0: 0x8000330e (0x003d4133) xor     sp, s10, gp
core   0: 3 0x8000330e (0x003d4133) x 2 0xf1b002ff
core   0: 0x80003312 (0x40e00033) sub     zero, zero, a4
core   0: 3 0x80003312 (0x40e00033)
core   0: 0x80003316 (0x00006105) c.addi16sp sp, 32
core   0: 3 0x80003316 (0x6105) x 2 0xf1b0031f
core   0: 0x80003318 (0xdd91ff13) andi    t5, gp, -551
core   0: 3 0x80003318 (0xdd91ff13) x30 0xf1b000d9
core   0: 0x8000331c (0x00c777b3) and     a5, a4, a2
core   0: 3 0x8000331c (0x00c777b3) x15 0x00000001
core   0: 0x80003320 (0x00000b26) c.slli  s6, 9
core   0: 3 0x80003320 (0x0b26) x22 0x00000200
core   0: 0x80003322 (0x41315293) srai    t0, sp, 19
core   0: 3 0x80003322 (0x41315293) x 5 0xfffffe36
core   0: 0x80003326 (0x00a00593) li      a1, 10
core   0: 3 0x80003326 (0x00a00593) x11 0x0000000a
core   0: 0x8000332a (0x026b8333) mul     t1, s7, t1
core   0: 3 0x8000332a (0x026b8333) x 6 0x4bbfaa90
core   0: 0x8000332e (0x012ca1b3) slt     gp, s9, s2
core   0: 3 0x8000332e (0x012ca1b3) x 3 0x00000001
core   0: 0x80003332 (0x00a00b13) li      s6, 10
core   0: 3 0x80003332 (0x00a00b13) x22 0x0000000a
core   0: 0x80003336 (0x4118d8b3) sra     a7, a7, a7
core   0: 3 0x80003336 (0x4118d8b3) x17 0x00000000
core   0: 0x8000333a (0x00008ce5) c.and   s1, s1
core   0: 3 0x8000333a (0x8ce5) x 9 0x00000001
core   0: 0x8000333c (0x000015dd) c.addi  a1, -9
core   0: 3 0x8000333c (0x15dd) x11 0x00000001
core   0: 0x8000333e (0xff65fee3) bgeu    a1, s6, pc - 4
core   0: 3 0x8000333e (0xff65fee3)
core   0: 0x80003342 (0x00b933b3) sltu    t2, s2, a1
core   0: 3 0x80003342 (0x00b933b3) x 7 0x00000000
core   0: 0x80003346 (0x01764433) xor     s0, a2, s7
core   0: 3 0x80003346 (0x01764433) x 8 0x00000679
core   0: 0x8000334a (0x0000059d) c.addi  a1, 7
core   0: 3 0x8000334a (0x059d) x11 0x00000008
core   0: 0x8000334c (0x00cbf0b3) and     ra, s7, a2
core   0: 3 0x8000334c (0x00cbf0b3) x 1 0x00000000
core   0: 0x80003350 (0x408b0233) sub     tp, s6, s0
core   0: 3 0x80003350 (0x408b0233) x 4 0xfffff991
core   0: 0x80003354 (0x02568663) beq     a3, t0, pc + 44
core   0: 3 0x80003354 (0x02568663)
core   0: 0x80003358 (0x00000a36) c.slli  s4, 13
core   0: 3 0x80003358 (0x0a36) x20 0x000aa000
core   0: 0x8000335a (0x7f50f793) andi    a5, ra, 2037
core   0: 3 0x8000335a (0x7f50f793) x15 0x00000000
core   0: 0x8000335e (0xaa5a4293) xori    t0, s4, -1371
core   0: 3 0x8000335e (0xaa5a4293) x 5 0xfff55aa5
core   0: 0x80003362 (0x00008e49) c.or    a2, a0
core   0: 3 0x80003362 (0x8e49) x12 0x80021e3d
core   0: 0x80003364 (0x03256563) bltu    a0, s2, pc + 42
core   0: 3 0x80003364 (0x03256563)
core   0: 0x80003368 (0x00008b55) c.andi  a4, 21
core   0: 3 0x80003368 (0x8b55) x14 0x00000015
core   0: 0x8000336a (0x02c64933) div     s2, a2, a2
core   0: 3 0x8000336a (0x02c64933) x18 0x00000001
core   0: 0x8000336e (0x01445863) bge     s0, s4, pc + 16
core   0: 3 0x8000336e (0x01445863)
core   0: 0x80003372 (0x02a59933) mulh    s2, a1, a0
core   0: 3 0x80003372 (0x02a59933) x18 0xfffffffc
core   0: 0x80003376 (0x00008d81) c.sub   a1, s0
core   0: 3 0x80003376 (0x8d81) x11 0xfffff98f
core   0: 0x80003378 (0x00000001) c.nop
core   0: 3 0x80003378 (0x0001)
core   0: 0x8000337a (0x00d3e763) bltu    t2, a3, pc + 14
core   0: 3 0x8000337a (0x00d3e763)
core   0: 0x80003388 (0x00008dd9) c.or    a1, a4
core   0: 3 0x80003388 (0x8dd9) x11 0xfffff99f
core   0: 0x8000338a (0x02150c63) beq     a0, ra, pc + 56
core   0: 3 0x8000338a (0x02150c63)
core   0: 0x8000338e (0x00000001) c.nop
core   0: 3 0x8000338e (0x0001)
core   0: 0x80003390 (0x4159df93) srai    t6, s3, 21
core   0: 3 0x80003390 (0x4159df93) x31 0x00000000
core   0: 0x80003394 (0x11d76613) ori     a2, a4, 285
core   0: 3 0x80003394 (0x11d76613) x12 0x0000011d
core   0: 0x80003398 (0x00001698) c.addi4spn a4, sp, 864
core   0: 3 0x80003398 (0x1698) x14 0xf1b0067f
core   0: 0x8000339a (0x01b6cc63) blt     a3, s11, pc + 24
core   0: 3 0x8000339a (0x01b6cc63)
core   0: 0x8000339e (0x000086cd) c.srai  a3, 19
core   0: 3 0x8000339e (0x86cd) x13 0xffffffff
core   0: 0x800033a0 (0x0000c48d) c.beqz  s1, pc + 42
core   0: 3 0x800033a0 (0xc48d)
core   0: 0x800033a2 (0x0000087e) c.slli  a6, 31
core   0: 3 0x800033a2 (0x087e) x16 0x00000000
core   0: 0x800033a4 (0x00008f39) c.xor   a4, a4
core   0: 3 0x800033a4 (0x8f39) x14 0x00000000
core   0: 0x800033a6 (0x741ab613) sltiu   a2, s5, 1857
core   0: 3 0x800033a6 (0x741ab613) x12 0x00000000
core   0: 0x800033aa (0x0241f0b3) remu    ra, gp, tp
core   0: 3 0x800033aa (0x0241f0b3) x 1 0x00000001
core   0: 0x800033ae (0x00080763) beqz    a6, pc + 14
core   0: 3 0x800033ae (0x00080763)
core   0: 0x800033bc (0x000008ba) c.slli  a7, 14
core   0: 3 0x800033bc (0x08ba) x17 0x00000000
core   0: 0x800033be (0x000cceb3) xor     t4, s9, zero
core   0: 3 0x800033be (0x000cceb3) x29 0x00000000
core   0: 0x800033c2 (0x00008c69) c.and   s0, a0
core   0: 3 0x800033c2 (0x8c69) x 8 0x00000638
core   0: 0x800033c4 (0x031b91b3) mulh    gp, s7, a7
core   0: 3 0x800033c4 (0x031b91b3) x 3 0x00000000
core   0: 0x800033c8 (0x00008f09) c.sub   a4, a0
core   0: 3 0x800033c8 (0x8f09) x14 0x7ffde1c4
core   0: 0x800033ca (0x03457bb3) remu    s7, a0, s4
core   0: 3 0x800033ca (0x03457bb3) x23 0x00029e3c
core   0: 0x800033ce (0x01c68733) add     a4, a3, t3
core   0: 3 0x800033ce (0x01c68733) x14 0x085b5f1e
core   0: 0x800033d2 (0x0057bcb3) sltu    s9, a5, t0
core   0: 3 0x800033d2 (0x0057bcb3) x25 0x00000001
core   0: 0x800033d6 (0x00005b7d) c.li    s6, -1
core   0: 3 0x800033d6 (0x5b7d) x22 0xffffffff
core   0: 0x800033d8 (0x0000018c) c.addi4spn a1, sp, 192
core   0: 3 0x800033d8 (0x018c) x11 0xf1b003df
core   0: 0x800033da (0x00000001) c.nop
core   0: 3 0x800033da (0x0001)
core   0: 0x800033dc (0x01d055b3) srl     a1, zero, t4
core   0: 3 0x800033dc (0x01d055b3) x11 0x00000000
core   0: 0x800033e0 (0x03a32cb3) mulhsu  s9, t1, s10
core   0: 3 0x800033e0 (0x03a32cb3) x25 0x00000000
core   0: 0x800033e4 (0x0010ab33) slt     s6, ra, ra
core   0: 3 0x800033e4 (0x0010ab33) x22 0x00000000
core   0: 0x800033e8 (0x015f05b3) add     a1, t5, s5
core   0: 3 0x800033e8 (0x015f05b3) x11 0xfa0b5ff9
core   0: 0x800033ec (0x0000177d) c.addi  a4, -1
core   0: 3 0x800033ec (0x177d) x14 0x085b5f1d
core   0: 0x800033ee (0x00005d7d) c.li    s10, -1
core   0: 3 0x800033ee (0x5d7d) x26 0xffffffff
core   0: 0x800033f0 (0x0000100c) c.addi4spn a1, sp, 32
core   0: 3 0x800033f0 (0x100c) x11 0xf1b0033f
core   0: 0x800033f2 (0x01847033) and     zero, s0, s8
core   0: 3 0x800033f2 (0x01847033)
core   0: 0x800033f6 (0xf61d3f13) sltiu   t5, s10, -159
core   0: 3 0x800033f6 (0xf61d3f13) x30 0x00000000
core   0: 0x800033fa (0x01e86233) or      tp, a6, t5
core   0: 3 0x800033fa (0x01e86233) x 4 0x00000000
core   0: 0x800033fe (0x01e07093) andi    ra, zero, 30
core   0: 3 0x800033fe (0x01e07093) x 1 0x00000000
core   0: 0x80003402 (0x01145793) srli    a5, s0, 17
core   0: 3 0x80003402 (0x01145793) x15 0x00000000
core   0: 0x80003406 (0x63290213) addi    tp, s2, 1586
core   0: 3 0x80003406 (0x63290213) x 4 0x0000062e
core   0: 0x8000340a (0x000d89b3) add     s3, s11, zero
core   0: 3 0x8000340a (0x000d89b3) x19 0x80025ce4
core   0: 0x8000340e (0x0000808d) c.srli  s1, 3
core   0: 3 0x8000340e (0x808d) x 9 0x00000000
core   0: 0x80003410 (0x02a6f133) remu    sp, a3, a0
core   0: 3 0x80003410 (0x02a6f133) x 2 0x7ffde1c3
core   0: 0x80003414 (0x000000b1) c.addi  ra, 12
core   0: 3 0x80003414 (0x00b1) x 1 0x0000000c
core   0: 0x80003416 (0x01e790b3) sll     ra, a5, t5
core   0: 3 0x80003416 (0x01e790b3) x 1 0x00000000
core   0: 0x8000341a (0x007a7033) and     zero, s4, t2
core   0: 3 0x8000341a (0x007a7033)
core   0: 0x8000341e (0x0000c495) c.beqz  s1, pc + 44
core   0: 3 0x8000341e (0xc495)
core   0: 0x8000344a (0x000069f5) c.lui   s3, 0x1d
core   0: 3 0x8000344a (0x69f5) x19 0x0001d000
core   0: 0x8000344c (0x01be4233) xor     tp, t3, s11
core   0: 3 0x8000344c (0x01be4233) x 4 0x885903fb
core   0: 0x80003450 (0x000061c5) c.lui   gp, 0x11
core   0: 3 0x80003450 (0x61c5) x 3 0x00011000
core   0: 0x80003452 (0x0289e063) bltu    s3, s0, pc + 32
core   0: 3 0x80003452 (0x0289e063)
core   0: 0x80003456 (0x016f72b3) and     t0, t5, s6
core   0: 3 0x80003456 (0x016f72b3) x 5 0x00000000
core   0: 0x8000345a (0x0000c711) c.beqz  a4, pc + 12
core   0: 3 0x8000345a (0xc711)
core   0: 0x8000345c (0x02d56c33) rem     s8, a0, a3
core   0: 3 0x8000345c (0x02d56c33) x24 0x00000000
core   0: 0x80003460 (0x038a4163) blt     s4, s8, pc + 34
core   0: 3 0x80003460 (0x038a4163)
core   0: 0x80003464 (0x00008efd) c.and   a3, a5
core   0: 3 0x80003464 (0x8efd) x13 0x00000000
core   0: 0x80003466 (0x0291f433) remu    s0, gp, s1
core   0: 3 0x80003466 (0x0291f433) x 8 0x00011000
core   0: 0x8000346a (0x02155cb3) divu    s9, a0, ra
core   0: 3 0x8000346a (0x02155cb3) x25 0xffffffff
core   0: 0x8000346e (0x029ce0b3) rem     ra, s9, s1
core   0: 3 0x8000346e (0x029ce0b3) x 1 0xffffffff
core   0: 0x80003472 (0x01f40633) add     a2, s0, t6
core   0: 3 0x80003472 (0x01f40633) x12 0x00011000
core   0: 0x80003476 (0x0000914a) c.add   sp, s2
core   0: 3 0x80003476 (0x914a) x 2 0x7ffde1bf
core   0: 0x80003478 (0x1617e013) ori     zero, a5, 353
core   0: 3 0x80003478 (0x1617e013)
core   0: 0x8000347c (0x00008da5) c.xor   a1, s1
core   0: 3 0x8000347c (0x8da5) x11 0xf1b0033f
core   0: 0x8000347e (0x02504fb3) div     t6, zero, t0
core   0: 3 0x8000347e (0x02504fb3) x31 0xffffffff
core   0: 0x80003482 (0x03f9df33) divu    t5, s3, t6
core   0: 3 0x80003482 (0x03f9df33) x30 0x00000000
core   0: 0x80003486 (0x031795b3) mulh    a1, a5, a7
core   0: 3 0x80003486 (0x031795b3) x11 0x00000000
core   0: 0x8000348a (0x00fc68b3) or      a7, s8, a5
core   0: 3 0x8000348a (0x00fc68b3) x17 0x00000000
core   0: 0x8000348e (0x056b5063) bge     s6, s6, pc + 64
core   0: 3 0x8000348e (0x056b5063)
core   0: 0x800034ce (0x018eaeb3) slt     t4, t4, s8
core   0: 3 0x800034ce (0x018eaeb3) x29 0x00000000
core   0: 0x800034d2 (0x000083f1) c.srli  a5, 28
core   0: 3 0x800034d2 (0x83f1) x15 0x00000000
core   0: 0x800034d4 (0x000b1f33) sll     t5, s6, zero
core   0: 3 0x800034d4 (0x000b1f33) x30 0x00000000
core   0: 0x800034d8 (0x00008fed) c.and   a5, a1
core   0: 3 0x800034d8 (0x8fed) x15 0x00000000
core   0: 0x800034da (0x017d0433) add     s0, s10, s7
core   0: 3 0x800034da (0x017d0433) x 8 0x00029e3b
core   0: 0x800034de (0x00008f65) c.and   a4, s1
core   0: 3 0x800034de (0x8f65) x14 0x00000000
core   0: 0x800034e0 (0x000084ed) c.srai  s1, 27
core   0: 3 0x800034e0 (0x84ed) x 9 0x00000000
core   0: 0x800034e2 (0x00000001) c.nop
core   0: 3 0x800034e2 (0x0001)
core   0: 0x800034e4 (0x0540f063) bgeu    ra, s4, pc + 64
core   0: 3 0x800034e4 (0x0540f063)
core   0: 0x80003524 (0x024d9a33) mulh    s4, s11, tp
core   0: 3 0x80003524 (0x024d9a33) x20 0x3bd26349
core   0: 0x80003528 (0x01cfff63) bgeu    t6, t3, pc + 30
core   0: 3 0x80003528 (0x01cfff63)
core   0: 0x80003546 (0x007663b3) or      t2, a2, t2
core   0: 3 0x80003546 (0x007663b3) x 7 0x00011000
core   0: 0x8000354a (0x00548bb3) add     s7, s1, t0
core   0: 3 0x8000354a (0x00548bb3) x23 0x00000000
core   0: 0x8000354e (0x00009afd) c.andi  a3, -1
core   0: 3 0x8000354e (0x9afd) x13 0x00000000
core   0: 0x80003550 (0x03386e33) rem     t3, a6, s3
core   0: 3 0x80003550 (0x03386e33) x28 0x00000000
core   0: 0x80003554 (0x00008cf5) c.and   s1, a3
core   0: 3 0x80003554 (0x8cf5) x 9 0x00000000
core   0: 0x80003556 (0xbd7b7e13) andi    t3, s6, -1065
core   0: 3 0x80003556 (0xbd7b7e13) x28 0x00000000
core   0: 0x8000355a (0x00f422b3) slt     t0, s0, a5
core   0: 3 0x8000355a (0x00f422b3) x 5 0x00000000
core   0: 0x8000355e (0xa1482297) auipc   t0, 0xa1482
core   0: 3 0x8000355e (0xa1482297) x 5 0x2148555e
core   0: 0x80003562 (0x0152d193) srli    gp, t0, 21
core   0: 3 0x80003562 (0x0152d193) x 3 0x0000010a
core   0: 0x80003566 (0x01196f63) bltu    s2, a7, pc + 30
core   0: 3 0x80003566 (0x01196f63)
core   0: 0x8000356a (0x00006131) c.addi16sp sp, 320
core   0: 3 0x8000356a (0x6131) x 2 0x7ffde2ff
core   0: 0x8000356c (0x02939233) mulh    tp, t2, s1
core   0: 3 0x8000356c (0x02939233) x 4 0x00000000
core   0: 0x80003570 (0x01bf8363) beq     t6, s11, pc + 6
core   0: 3 0x80003570 (0x01bf8363)
core   0: 0x80003574 (0x00009e9e) c.add   t4, t2
core   0: 3 0x80003574 (0x9e9e) x29 0x00011000
core   0: 0x80003576 (0x00630663) beq     t1, t1, pc + 12
core   0: 3 0x80003576 (0x00630663)
core   0: 0x80003582 (0x0000cc89) c.beqz  s1, pc + 26
core   0: 3 0x80003582 (0xcc89)
core   0: 0x8000359c (0x00008031) c.srli  s0, 12
core   0: 3 0x8000359c (0x8031) x 8 0x00000029
core   0: 0x8000359e (0x027538b3) mulhu   a7, a0, t2
core   0: 3 0x8000359e (0x027538b3) x17 0x00008802
core   0: 0x800035a2 (0x000084c5) c.srai  s1, 17
core   0: 3 0x800035a2 (0x84c5) x 9 0x00000000
core   0: 0x800035a4 (0x01011cb3) sll     s9, sp, a6
core   0: 3 0x800035a4 (0x01011cb3) x25 0x7ffde2ff
core   0: 0x800035a8 (0x0000e205) c.bnez  a2, pc + 32
core   0: 3 0x800035a8 (0xe205)
core   0: 0x800035c8 (0x012c1e63) bne     s8, s2, pc + 28
core   0: 3 0x800035c8 (0x012c1e63)
core   0: 0x800035e4 (0x03945c33) divu    s8, s0, s9
core   0: 3 0x800035e4 (0x03945c33) x24 0x00000000
core   0: 0x800035e8 (0x01ac9f13) slli    t5, s9, 26
core   0: 3 0x800035e8 (0x01ac9f13) x30 0xfc000000
core   0: 0x800035ec (0x007d9093) slli    ra, s11, 7
core   0: 3 0x800035ec (0x007d9093) x 1 0x012e7200
core   0: 0x800035f0 (0x8b8ee597) auipc   a1, 0x8b8ee
core   0: 3 0x800035f0 (0x8b8ee597) x11 0x0b8f15f0
core   0: 0x800035f4 (0x014b8133) add     sp, s7, s4
core   0: 3 0x800035f4 (0x014b8133) x 2 0x3bd26349
core   0: 0x800035f8 (0xe5eeb093) sltiu   ra, t4, -418
core   0: 3 0x800035f8 (0xe5eeb093) x 1 0x00000001
core   0: 0x800035fc (0x00000001) c.nop
core   0: 3 0x800035fc (0x0001)
core   0: 0x800035fe (0x000003e6) c.slli  t2, 25
core   0: 3 0x800035fe (0x03e6) x 7 0x00000000
core   0: 0x80003600 (0x02fb2433) mulhsu  s0, s6, a5
core   0: 3 0x80003600 (0x02fb2433) x 8 0x00000000
core   0: 0x80003604 (0x00d45d13) srli    s10, s0, 13
core   0: 3 0x80003604 (0x00d45d13) x26 0x00000000
core   0: 0x80003608 (0x000089fa) c.mv    s3, t5
core   0: 3 0x80003608 (0x89fa) x19 0xfc000000
core   0: 0x8000360a (0x021ac8b3) div     a7, s5, ra
core   0: 3 0x8000360a (0x021ac8b3) x17 0x085b5f20
core   0: 0x8000360e (0x03b863b3) rem     t2, a6, s11
core   0: 3 0x8000360e (0x03b863b3) x 7 0x00000000
core   0: 0x80003612 (0x00008cdd) c.or    s1, a5
core   0: 3 0x80003612 (0x8cdd) x 9 0x00000000
core   0: 0x80003614 (0x02895363) bge     s2, s0, pc + 38
core   0: 3 0x80003614 (0x02895363)
core   0: 0x80003618 (0x41d25e13) srai    t3, tp, 29
core   0: 3 0x80003618 (0x41d25e13) x28 0x00000000
core   0: 0x8000361c (0x03f99633) mulh    a2, s3, t6
core   0: 3 0x8000361c (0x03f99633) x12 0x00000000
core   0: 0x80003620 (0xc75ab993) sltiu   s3, s5, -907
core   0: 3 0x80003620 (0xc75ab993) x19 0x00000001
core   0: 0x80003624 (0x8284e097) auipc   ra, 0x8284e
core   0: 3 0x80003624 (0x8284e097) x 1 0x02851624
core   0: 0x80003628 (0x0139c4b3) xor     s1, s3, s3
core   0: 3 0x80003628 (0x0139c4b3) x 9 0x00000000
core   0: 0x8000362c (0x00008e2d) c.xor   a2, a1
core   0: 3 0x8000362c (0x8e2d) x12 0x0b8f15f0
core   0: 0x8000362e (0xb31c6a13) ori     s4, s8, -1231
core   0: 3 0x8000362e (0xb31c6a13) x20 0xfffffb31
core   0: 0x80003632 (0x00a75963) bge     a4, a0, pc + 18
core   0: 3 0x80003632 (0x00a75963)
core   0: 0x80003644 (0x01d672b3) and     t0, a2, t4
core   0: 3 0x80003644 (0x01d672b3) x 5 0x00011000
core   0: 0x80003648 (0x00004b2d) c.li    s6, 11
core   0: 3 0x80003648 (0x4b2d) x22 0x0000000b
core   0: 0x8000364a (0x40d6d133) sra     sp, a3, a3
core   0: 3 0x8000364a (0x40d6d133) x 2 0x00000000
core   0: 0x8000364e (0x03c85333) divu    t1, a6, t3
core   0: 3 0x8000364e (0x03c85333) x 6 0xffffffff
core   0: 0x80003652 (0x01dee6b3) or      a3, t4, t4
core   0: 3 0x80003652 (0x01dee6b3) x13 0x00011000
core   0: 0x80003656 (0x01334833) xor     a6, t1, s3
core   0: 3 0x80003656 (0x01334833) x16 0xfffffffe
core   0: 0x8000365a (0x029e42b3) div     t0, t3, s1
core   0: 3 0x8000365a (0x029e42b3) x 5 0xffffffff
core   0: 0x8000365e (0x00008f09) c.sub   a4, a0
core   0: 3 0x8000365e (0x8f09) x14 0x7ffde1c4
core   0: 0x80003660 (0xb23a6213) ori     tp, s4, -1245
core   0: 3 0x80003660 (0xb23a6213) x 4 0xfffffb33
core   0: 0x80003664 (0x00b586b3) add     a3, a1, a1
core   0: 3 0x80003664 (0x00b586b3) x13 0x171e2be0
core   0: 0x80003668 (0x02ee5933) divu    s2, t3, a4
core   0: 3 0x80003668 (0x02ee5933) x18 0x00000000
core   0: 0x8000366c (0x282b6c93) ori     s9, s6, 642
core   0: 3 0x8000366c (0x282b6c93) x25 0x0000028b
core   0: 0x80003670 (0x03eeba33) mulhu   s4, t4, t5
core   0: 3 0x80003670 (0x03eeba33) x20 0x00010bc0
core   0: 0x80003674 (0x0000137d) c.addi  t1, -1
core   0: 3 0x80003674 (0x137d) x 6 0xfffffffe
core   0: 0x80003676 (0x027ceeb3) rem     t4, s9, t2
core   0: 3 0x80003676 (0x027ceeb3) x29 0x0000028b
core   0: 0x8000367a (0x00008c05) c.sub   s0, s1
core   0: 3 0x8000367a (0x8c05) x 8 0x00000000
core   0: 0x8000367c (0x003e3b33) sltu    s6, t3, gp
core   0: 3 0x8000367c (0x003e3b33) x22 0x00000001
core   0: 0x80003680 (0x00cd4d33) xor     s10, s10, a2
core   0: 3 0x80003680 (0x00cd4d33) x26 0x0b8f15f0
core   0: 0x80003684 (0x021d4563) blt     s10, ra, pc + 42
core   0: 3 0x80003684 (0x021d4563)
core   0: 0x80003688 (0x00005a7d) c.li    s4, -1
core   0: 3 0x80003688 (0x5a7d) x20 0xffffffff
core   0: 0x8000368a (0x0000717d) c.addi16sp sp, -16
core   0: 3 0x8000368a (0x717d) x 2 0xfffffff0
core   0: 0x8000368c (0x00008711) c.srai  a4, 4
core   0: 3 0x8000368c (0x8711) x14 0x07ffde1c
core   0: 0x8000368e (0x0004dd33) srl     s10, s1, zero
core   0: 3 0x8000368e (0x0004dd33) x26 0x00000000
core   0: 0x80003692 (0x035e43b3) div     t2, t3, s5
core   0: 3 0x80003692 (0x035e43b3) x 7 0x00000000
core   0: 0x80003696 (0x00008e45) c.or    a2, s1
core   0: 3 0x80003696 (0x8e45) x12 0x0b8f15f0
core   0: 0x80003698 (0x00195963) bge     s2, ra, pc + 18
core   0: 3 0x80003698 (0x00195963)
core   0: 0x8000369c (0x02e7e433) rem     s0, a5, a4
core   0: 3 0x8000369c (0x02e7e433) x 8 0x00000000
core   0: 0x800036a0 (0x0000c58d) c.beqz  a1, pc + 42
core   0: 3 0x800036a0 (0xc58d)
core   0: 0x800036a2 (0x008aa6b3) slt     a3, s5, s0
core   0: 3 0x800036a2 (0x008aa6b3) x13 0x00000000
core   0: 0x800036a6 (0x75b28893) addi    a7, t0, 1883
core   0: 3 0x800036a6 (0x75b28893) x17 0x0000075a
core   0: 0x800036aa (0x03325a63) bge     tp, s3, pc + 52
core   0: 3 0x800036aa (0x03325a63)
core   0: 0x800036ae (0x00008d99) c.sub   a1, a4
core   0: 3 0x800036ae (0x8d99) x11 0x038f37d4
core   0: 0x800036b0 (0x0000100f) fence.i
core   0: 3 0x800036b0 (0x0000100f)
core   0: 0x800036b4 (0x00009432) c.add   s0, a2
core   0: 3 0x800036b4 (0x9432) x 8 0x0b8f15f0
core   0: 0x800036b6 (0x009e7363) bgeu    t3, s1, pc + 6
core   0: 3 0x800036b6 (0x009e7363)
core   0: 0x800036bc (0x03e14c33) div     s8, sp, t5
core   0: 3 0x800036bc (0x03e14c33) x24 0x00000000
core   0: 0x800036c0 (0x037e1733) mulh    a4, t3, s7
core   0: 3 0x800036c0 (0x037e1733) x14 0x00000000
core   0: 0x800036c4 (0x00008f61) c.and   a4, s0
core   0: 3 0x800036c4 (0x8f61) x14 0x00000000
core   0: 0x800036c6 (0x00008721) c.srai  a4, 8
core   0: 3 0x800036c6 (0x8721) x14 0x00000000
core   0: 0x800036c8 (0x0000ee01) c.bnez  a2, pc + 24
core   0: 3 0x800036c8 (0xee01)
core   0: 0x800036e0 (0x01a8ee33) or      t3, a7, s10
core   0: 3 0x800036e0 (0x01a8ee33) x28 0x0000075a
core   0: 0x800036e4 (0x0373c563) blt     t2, s7, pc + 42
core   0: 3 0x800036e4 (0x0373c563)
core   0: 0x800036e8 (0x0000cd91) c.beqz  a1, pc + 28
core   0: 3 0x800036e8 (0xcd91)
core   0: 0x800036ea (0x03297433) remu    s0, s2, s2
core   0: 3 0x800036ea (0x03297433) x 8 0x00000000
core   0: 0x800036ee (0x00292f33) slt     t5, s2, sp
core   0: 3 0x800036ee (0x00292f33) x30 0x00000000
core   0: 0x800036f2 (0x1cb85cb7) lui     s9, 0x1cb85
core   0: 3 0x800036f2 (0x1cb85cb7) x25 0x1cb85000
core   0: 0x800036f6 (0xe1337a17) auipc   s4, 0xe1337
core   0: 3 0x800036f6 (0xe1337a17) x20 0x6133a6f6
core   0: 0x800036fa (0x9c903313) sltiu   t1, zero, -1591
core   0: 3 0x800036fa (0x9c903313) x 6 0x00000001
core   0: 0x800036fe (0x00000e94) c.addi4spn a3, sp, 848
core   0: 3 0x800036fe (0x0e94) x13 0x00000340
core   0: 0x80003700 (0x03292bb3) mulhsu  s7, s2, s2
core   0: 3 0x80003700 (0x03292bb3) x23 0x00000000
core   0: 0x80003704 (0x0316b5b3) mulhu   a1, a3, a7
core   0: 3 0x80003704 (0x0316b5b3) x11 0x00000000
core   0: 0x80003708 (0x00ab9b13) slli    s6, s7, 10
core   0: 3 0x80003708 (0x00ab9b13) x22 0x00000000
core   0: 0x8000370c (0x00008c25) c.xor   s0, s1
core   0: 3 0x8000370c (0x8c25) x 8 0x00000000
core   0: 0x8000370e (0x0000081a) c.slli  a6, 6
core   0: 3 0x8000370e (0x081a) x16 0xffffff80
core   0: 0x80003710 (0x41855413) srai    s0, a0, 24
core   0: 3 0x80003710 (0x41855413) x 8 0xffffff80
core   0: 0x80003714 (0xb2958493) addi    s1, a1, -1239
core   0: 3 0x80003714 (0xb2958493) x 9 0xfffffb29
core   0: 0x80003718 (0x00008c51) c.or    s0, a2
core   0: 3 0x80003718 (0x8c51) x 8 0xfffffff0
core   0: 0x8000371a (0xab1fc993) xori    s3, t6, -1359
core   0: 3 0x8000371a (0xab1fc993) x19 0x0000054e
core   0: 0x8000371e (0x00f17d33) and     s10, sp, a5
core   0: 3 0x8000371e (0x00f17d33) x26 0x00000000
core   0: 0x80003722 (0x0000834d) c.srli  a4, 19
core   0: 3 0x80003722 (0x834d) x14 0x00000000
core   0: 0x80003724 (0x00008ecd) c.or    a3, a1
core   0: 3 0x80003724 (0x8ecd) x13 0x00000340
core   0: 0x80003726 (0x00008ca1) c.xor   s1, s0
core   0: 3 0x80003726 (0x8ca1) x 9 0x000004d9
core   0: 0x80003728 (0x000061a5) c.lui   gp, 0x9
core   0: 3 0x80003728 (0x61a5) x 3 0x00009000
core   0: 0x8000372a (0x0000ca15) c.beqz  a2, pc + 52
core   0: 3 0x8000372a (0xca15)
core   0: 0x8000372c (0x00006229) c.lui   tp, 0xa
core   0: 3 0x8000372c (0x6229) x 4 0x0000a000
core   0: 0x8000372e (0x028af3b3) remu    t2, s5, s0
core   0: 3 0x8000372e (0x028af3b3) x 7 0x085b5f20
core   0: 0x80003732 (0x01e29d63) bne     t0, t5, pc + 26
core   0: 3 0x80003732 (0x01e29d63)
core   0: 0x8000374c (0x02996bb3) rem     s7, s2, s1
core   0: 3 0x8000374c (0x02996bb3) x23 0x00000000
core   0: 0x80003750 (0x00211d63) bne     sp, sp, pc + 26
core   0: 3 0x80003750 (0x00211d63)
core   0: 0x80003754 (0x0000100f) fence.i
core   0: 3 0x80003754 (0x0000100f)
core   0: 0x80003758 (0x00009442) c.add   s0, a6
core   0: 3 0x80003758 (0x9442) x 8 0xffffff70
core   0: 0x8000375a (0x00519b93) slli    s7, gp, 5
core   0: 3 0x8000375a (0x00519b93) x23 0x00120000
core   0: 0x8000375e (0x02aae963) bltu    s5, a0, pc + 50
core   0: 3 0x8000375e (0x02aae963)
core   0: 0x80003790 (0x806d0337) lui     t1, 0x806d0
core   0: 3 0x80003790 (0x806d0337) x 6 0x806d0000
core   0: 0x80003794 (0x03fc9b63) bne     s9, t6, pc + 54
core   0: 3 0x80003794 (0x03fc9b63)
core   0: 0x800037ca (0x03571233) mulh    tp, a4, s5
core   0: 3 0x800037ca (0x03571233) x 4 0x00000000
core   0: 0x800037ce (0x03beae33) mulhsu  t3, t4, s11
core   0: 3 0x800037ce (0x03beae33) x28 0x00000145
core   0: 0x800037d2 (0x036b40b3) div     ra, s6, s6
core   0: 3 0x800037d2 (0x036b40b3) x 1 0xffffffff
core   0: 0x800037d6 (0x6599f917) auipc   s2, 0x6599f
core   0: 3 0x800037d6 (0x6599f917) x18 0xe59a27d6
core   0: 0x800037da (0x05c8d263) bge     a7, t3, pc + 68
core   0: 3 0x800037da (0x05c8d263)
core   0: 0x8000381e (0x030181b3) mul     gp, gp, a6
core   0: 3 0x8000381e (0x030181b3) x 3 0xffb80000
core   0: 0x80003822 (0x00008e1d) c.sub   a2, a5
core   0: 3 0x80003822 (0x8e1d) x12 0x0b8f15f0
core   0: 0x80003824 (0x65438213) addi    tp, t2, 1620
core   0: 3 0x80003824 (0x65438213) x 4 0x085b6574
core   0: 0x80003828 (0x00f4ab33) slt     s6, s1, a5
core   0: 3 0x80003828 (0x00f4ab33) x22 0x00000000
core   0: 0x8000382c (0x038f3d33) mulhu   s10, t5, s8
core   0: 3 0x8000382c (0x038f3d33) x26 0x00000000
core   0: 0x80003830 (0x00c08763) beq     ra, a2, pc + 14
core   0: 3 0x80003830 (0x00c08763)
core   0: 0x80003834 (0x00008c39) c.xor   s0, a4
core   0: 3 0x80003834 (0x8c39) x 8 0xffffff70
core   0: 0x80003836 (0x0000100f) fence.i
core   0: 3 0x80003836 (0x0000100f)
core   0: 0x8000383a (0x037e49b3) div     s3, t3, s7
core   0: 3 0x8000383a (0x037e49b3) x19 0x00000000
core   0: 0x8000383e (0x41258733) sub     a4, a1, s2
core   0: 3 0x8000383e (0x41258733) x14 0x1a65d82a
core   0: 0x80003842 (0x039d8bb3) mul     s7, s11, s9
core   0: 3 0x80003842 (0x039d8bb3) x23 0x70e74000
core   0: 0x80003846 (0xfa77ff93) andi    t6, a5, -89
core   0: 3 0x80003846 (0xfa77ff93) x31 0x00000000
core   0: 0x8000384a (0x0131c6b3) xor     a3, gp, s3
core   0: 3 0x8000384a (0x0131c6b3) x13 0xffb80000
core   0: 0x8000384e (0x00008ee9) c.and   a3, a0
core   0: 3 0x8000384e (0x8ee9) x13 0x80000000
core   0: 0x80003850 (0x037f7763) bgeu    t5, s7, pc + 46
core   0: 3 0x80003850 (0x037f7763)
core   0: 0x80003854 (0x00009b7d) c.andi  a4, -1
core   0: 3 0x80003854 (0x9b7d) x14 0x1a65d82a
core   0: 0x80003856 (0x00008f25) c.xor   a4, s1
core   0: 3 0x80003856 (0x8f25) x14 0x1a65dcf3
core   0: 0x80003858 (0x026f0463) beq     t5, t1, pc + 40
core   0: 3 0x80003858 (0x026f0463)
core   0: 0x8000385c (0x021bbc33) mulhu   s8, s7, ra
core   0: 3 0x8000385c (0x021bbc33) x24 0x70e73fff
core   0: 0x80003860 (0x0151a633) slt     a2, gp, s5
core   0: 3 0x80003860 (0x0151a633) x12 0x00000001
core   0: 0x80003864 (0x019d1463) bne     s10, s9, pc + 8
core   0: 3 0x80003864 (0x019d1463)
core   0: 0x8000386c (0x031e6233) rem     tp, t3, a7
core   0: 3 0x8000386c (0x031e6233) x 4 0x00000145
core   0: 0x80003870 (0x00daa5b3) slt     a1, s5, a3
core   0: 3 0x80003870 (0x00daa5b3) x11 0x00000000
core   0: 0x80003874 (0x02f18863) beq     gp, a5, pc + 48
core   0: 3 0x80003874 (0x02f18863)
core   0: 0x80003878 (0x40105833) sra     a6, zero, ra
core   0: 3 0x80003878 (0x40105833) x16 0x00000000
core   0: 0x8000387c (0x0000079c) c.addi4spn a5, sp, 960
core   0: 3 0x8000387c (0x079c) x15 0x000003b0
core   0: 0x8000387e (0x00000001) c.nop
core   0: 3 0x8000387e (0x0001)
core   0: 0x80003880 (0x0ff0000f) fence   iorw,iorw
core   0: 3 0x80003880 (0x0ff0000f)
core   0: 0x80003884 (0x0df08737) lui     a4, 0xdf08
core   0: 3 0x80003884 (0x0df08737) x14 0x0df08000
core   0: 0x80003888 (0x01df0d33) add     s10, t5, t4
core   0: 3 0x80003888 (0x01df0d33) x26 0x0000028b
core   0: 0x8000388c (0x035e4863) blt     t3, s5, pc + 48
core   0: 3 0x8000388c (0x035e4863)
core   0: 0x800038bc (0x03b24e63) blt     tp, s11, pc + 60
core   0: 3 0x800038bc (0x03b24e63)
core   0: 0x800038c0 (0xfe8cbcb7) lui     s9, 0xfe8cb
core   0: 3 0x800038c0 (0xfe8cbcb7) x25 0xfe8cb000
core   0: 0x800038c4 (0x05932237) lui     tp, 0x5932
core   0: 3 0x800038c4 (0x05932237) x 4 0x05932000
core   0: 0x800038c8 (0x00070833) add     a6, a4, zero
core   0: 3 0x800038c8 (0x00070833) x16 0x0df08000
core   0: 0x800038cc (0x025957b3) divu    a5, s2, t0
core   0: 3 0x800038cc (0x025957b3) x15 0x00000000
core   0: 0x800038d0 (0x000005b5) c.addi  a1, 13
core   0: 3 0x800038d0 (0x05b5) x11 0x0000000d
core   0: 0x800038d2 (0x00006989) c.lui   s3, 0x2
core   0: 3 0x800038d2 (0x6989) x19 0x00002000
core   0: 0x800038d4 (0x0000717d) c.addi16sp sp, -16
core   0: 3 0x800038d4 (0x717d) x 2 0xffffffe0
core   0: 0x800038d6 (0x0304f763) bgeu    s1, a6, pc + 46
core   0: 3 0x800038d6 (0x0304f763)
core   0: 0x800038da (0x00b09433) sll     s0, ra, a1
core   0: 3 0x800038da (0x00b09433) x 8 0xffffe000
core   0: 0x800038de (0x0000e98d) c.bnez  a1, pc + 50
core   0: 3 0x800038de (0xe98d)
core   0: 0x80003910 (0x0064a6b3) slt     a3, s1, t1
core   0: 3 0x80003910 (0x0064a6b3) x13 0x00000000
core   0: 0x80003914 (0x0000c00d) c.beqz  s0, pc + 34
core   0: 3 0x80003914 (0xc00d)
core   0: 0x80003916 (0x0ff0000f) fence   iorw,iorw
core   0: 3 0x80003916 (0x0ff0000f)
core   0: 0x8000391a (0x00000c2a) c.slli  s8, 10
core   0: 3 0x8000391a (0x0c2a) x24 0x9cfffc00
core   0: 0x8000391c (0x0027dc93) srli    s9, a5, 2
core   0: 3 0x8000391c (0x0027dc93) x25 0x00000000
core   0: 0x80003920 (0xef28cc13) xori    s8, a7, -270
core   0: 3 0x80003920 (0xef28cc13) x24 0xfffff9a8
core   0: 0x80003924 (0x4f526593) ori     a1, tp, 1269
core   0: 3 0x80003924 (0x4f526593) x11 0x059324f5
core   0: 0x80003928 (0x0000cf19) c.beqz  a4, pc + 30
core   0: 3 0x80003928 (0xcf19)
core   0: 0x8000392a (0x010db1b3) sltu    gp, s11, a6
core   0: 3 0x8000392a (0x010db1b3) x 3 0x00000000
core   0: 0x8000392e (0x0ff0000f) fence   iorw,iorw
core   0: 3 0x8000392e (0x0ff0000f)
core   0: 0x80003932 (0x001cd9b3) srl     s3, s9, ra
core   0: 3 0x80003932 (0x001cd9b3) x19 0x00000000
core   0: 0x80003936 (0x00e817b3) sll     a5, a6, a4
core   0: 3 0x80003936 (0x00e817b3) x15 0x0df08000
core   0: 0x8000393a (0xe72367b7) lui     a5, 0xe7236
core   0: 3 0x8000393a (0xe72367b7) x15 0xe7236000
core   0: 0x8000393e (0x00316663) bltu    sp, gp, pc + 12
core   0: 3 0x8000393e (0x00316663)
core   0: 0x80003942 (0xd0b1f693) andi    a3, gp, -757
core   0: 3 0x80003942 (0xd0b1f693) x13 0x00000000
core   0: 0x80003946 (0x000082d1) c.srli  a3, 20
core   0: 3 0x80003946 (0x82d1) x13 0x00000000
core   0: 0x80003948 (0x000007da) c.slli  a5, 22
core   0: 3 0x80003948 (0x07da) x15 0x00000000
core   0: 0x8000394a (0x000099fd) c.andi  a1, -1
core   0: 3 0x8000394a (0x99fd) x11 0x059324f5
core   0: 0x8000394c (0xa6574193) xori    gp, a4, -1435
core   0: 3 0x8000394c (0xa6574193) x 3 0xf20f7a65
core   0: 0x80003950 (0x00000001) c.nop
core   0: 3 0x80003950 (0x0001)
core   0: 0x80003952 (0x02ad8d63) beq     s11, a0, pc + 58
core   0: 3 0x80003952 (0x02ad8d63)
core   0: 0x80003956 (0x41a1d6b3) sra     a3, gp, s10
core   0: 3 0x80003956 (0x41a1d6b3) x13 0xfffe41ef
core   0: 0x8000395a (0xca9332b7) lui     t0, 0xca933
core   0: 3 0x8000395a (0xca9332b7) x 5 0xca933000
core   0: 0x8000395e (0x007490b3) sll     ra, s1, t2
core   0: 3 0x8000395e (0x007490b3) x 1 0x000004d9
core   0: 0x80003962 (0x00000001) c.nop
core   0: 3 0x80003962 (0x0001)
core   0: 0x80003964 (0x7a6213b7) lui     t2, 0x7a621
core   0: 3 0x80003964 (0x7a6213b7) x 7 0x7a621000
core   0: 0x80003968 (0x00fd5b13) srli    s6, s10, 15
core   0: 3 0x80003968 (0x00fd5b13) x22 0x00000000
core   0: 0x8000396c (0x01883b33) sltu    s6, a6, s8
core   0: 3 0x8000396c (0x01883b33) x22 0x00000001
core   0: 0x80003970 (0x00008cb9) c.xor   s1, a4
core   0: 3 0x80003970 (0x8cb9) x 9 0x0df084d9
core   0: 0x80003972 (0x03a91cb3) mulh    s9, s2, s10
core   0: 3 0x80003972 (0x03a91cb3) x25 0xffffffbc
core   0: 0x80003976 (0x0000048a) c.slli  s1, 2
core   0: 3 0x80003976 (0x048a) x 9 0x37c21364
core   0: 0x80003978 (0x00006159) c.addi16sp sp, 400
core   0: 3 0x80003978 (0x6159) x 2 0x00000170
core   0: 0x8000397a (0x0ff0000f) fence   iorw,iorw
core   0: 3 0x8000397a (0x0ff0000f)
core   0: 0x8000397e (0x03863733) mulhu   a4, a2, s8
core   0: 3 0x8000397e (0x03863733) x14 0x00000000
core   0: 0x80003982 (0x016ee463) bltu    t4, s6, pc + 8
core   0: 3 0x80003982 (0x016ee463)
core   0: 0x80003986 (0x0089c763) blt     s3, s0, pc + 14
core   0: 3 0x80003986 (0x0089c763)
core   0: 0x8000398a (0x00000001) c.nop
core   0: 3 0x8000398a (0x0001)
core   0: 0x8000398c (0xdef0ce93) xori    t4, ra, -529
core   0: 3 0x8000398c (0xdef0ce93) x29 0xfffff936
core   0: 0x80003990 (0x41cc89b3) sub     s3, s9, t3
core   0: 3 0x80003990 (0x41cc89b3) x19 0xfffffe77
core   0: 0x80003994 (0x02f71a33) mulh    s4, a4, a5
core   0: 3 0x80003994 (0x02f71a33) x20 0x00000000
core   0: 0x80003998 (0x0000ed91) c.bnez  a1, pc + 28
core   0: 3 0x80003998 (0xed91)
core   0: 0x800039b4 (0x000060e1) c.lui   ra, 0x18
core   0: 3 0x800039b4 (0x60e1) x 1 0x00018000
core   0: 0x800039b6 (0x02fdd433) divu    s0, s11, a5
core   0: 3 0x800039b6 (0x02fdd433) x 8 0xffffffff
core   0: 0x800039ba (0x0000119c) c.addi4spn a5, sp, 224
core   0: 3 0x800039ba (0x119c) x15 0x00000250
core   0: 0x800039bc (0x00004711) c.li    a4, 4
core   0: 3 0x800039bc (0x4711) x14 0x00000004
core   0: 0x800039be (0x01660863) beq     a2, s6, pc + 16
core   0: 3 0x800039be (0x01660863)
core   0: 0x800039ce (0x00008f41) c.or    a4, s0
core   0: 3 0x800039ce (0x8f41) x14 0xffffffff
core   0: 0x800039d0 (0x00000790) c.addi4spn a2, sp, 960
core   0: 3 0x800039d0 (0x0790) x12 0x00000530
core   0: 0x800039d2 (0x00001398) c.addi4spn a4, sp, 480
core   0: 3 0x800039d2 (0x1398) x14 0x00000350
core   0: 0x800039d4 (0x0000cb91) c.beqz  a5, pc + 20
core   0: 3 0x800039d4 (0xcb91)
core   0: 0x800039d6 (0x41d68b33) sub     s6, a3, t4
core   0: 3 0x800039d6 (0x41d68b33) x22 0xfffe48b9
core   0: 0x800039da (0x40a6d293) srai    t0, a3, 10
core   0: 3 0x800039da (0x40a6d293) x 5 0xffffff90
core   0: 0x800039de (0x00000932) c.slli  s2, 12
core   0: 3 0x800039de (0x0932) x18 0xa27d6000
core   0: 0x800039e0 (0x413a5593) srai    a1, s4, 19
core   0: 3 0x800039e0 (0x413a5593) x11 0x00000000
core   0: 0x800039e4 (0x000088b5) c.andi  s1, 13
core   0: 3 0x800039e4 (0x88b5) x 9 0x00000004
core   0: 0x800039e6 (0x00006a19) c.lui   s4, 0x6
core   0: 3 0x800039e6 (0x6a19) x20 0x00006000
core   0: 0x800039e8 (0x0000931a) c.add   t1, t1
core   0: 3 0x800039e8 (0x931a) x 6 0x00da0000
core   0: 0x800039ea (0x036e4d33) div     s10, t3, s6
core   0: 3 0x800039ea (0x036e4d33) x26 0x00000000
core   0: 0x800039ee (0x00005d7d) c.li    s10, -1
core   0: 3 0x800039ee (0x5d7d) x26 0xffffffff
core   0: 0x800039f0 (0x0ec47213) andi    tp, s0, 236
core   0: 3 0x800039f0 (0x0ec47213) x 4 0x000000ec
core   0: 0x800039f4 (0xa504c113) xori    sp, s1, -1456
core   0: 3 0x800039f4 (0xa504c113) x 2 0xfffffa54
core   0: 0x800039f8 (0x4118deb3) sra     t4, a7, a7
core   0: 3 0x800039f8 (0x4118deb3) x29 0x00000000
core   0: 0x800039fc (0x016859b3) srl     s3, a6, s6
core   0: 3 0x800039fc (0x016859b3) x19 0x00000006
core   0: 0x80003a00 (0x01d0d5b3) srl     a1, ra, t4
core   0: 3 0x80003a00 (0x01d0d5b3) x11 0x00018000
core   0: 0x80003a04 (0x00008c6d) c.and   s0, a1
core   0: 3 0x80003a04 (0x8c6d) x 8 0x00018000
core   0: 0x80003a06 (0x0ff0000f) fence   iorw,iorw
core   0: 3 0x80003a06 (0x0ff0000f)
core   0: 0x80003a0a (0x00000c12) c.slli  s8, 4
core   0: 3 0x80003a0a (0x0c12) x24 0xffff9a80
core   0: 0x80003a0c (0x41fc0133) sub     sp, s8, t6
core   0: 3 0x80003a0c (0x41fc0133) x 2 0xffff9a80
core   0: 0x80003a10 (0x416e5593) srai    a1, t3, 22
core   0: 3 0x80003a10 (0x416e5593) x11 0x00000000
core   0: 0x80003a14 (0x01bdc963) blt     s11, s11, pc + 18
core   0: 3 0x80003a14 (0x01bdc963)
core   0: 0x80003a18 (0x003e96b3) sll     a3, t4, gp
core   0: 3 0x80003a18 (0x003e96b3) x13 0x00000000
core   0: 0x80003a1c (0x01e4eb33) or      s6, s1, t5
core   0: 3 0x80003a1c (0x01e4eb33) x22 0x00000004
core   0: 0x80003a20 (0x00008025) c.srli  s0, 9
core   0: 3 0x80003a20 (0x8025) x 8 0x000000c0
core   0: 0x80003a22 (0x022d9563) bne     s11, sp, pc + 42
core   0: 3 0x80003a22 (0x022d9563)
core   0: 0x80003a4c (0x005712b3) sll     t0, a4, t0
core   0: 3 0x80003a4c (0x005712b3) x 5 0x03500000
core   0: 0x80003a50 (0x000001f9) c.addi  gp, 30
core   0: 3 0x80003a50 (0x01f9) x 3 0xf20f7a83
core   0: 0x80003a52 (0x00008ced) c.and   s1, a1
core   0: 3 0x80003a52 (0x8ced) x 9 0x00000000
core   0: 0x80003a54 (0x0000614d) c.addi16sp sp, 176
core   0: 3 0x80003a54 (0x614d) x 2 0xffff9b30
core   0: 0x80003a56 (0x01aec1b3) xor     gp, t4, s10
core   0: 3 0x80003a56 (0x01aec1b3) x 3 0xffffffff
core   0: 0x80003a5a (0x41b4d113) srai    sp, s1, 27
core   0: 3 0x80003a5a (0x41b4d113) x 2 0x00000000
core   0: 0x80003a5e (0x01211693) slli    a3, sp, 18
core   0: 3 0x80003a5e (0x01211693) x13 0x00000000
core   0: 0x80003a62 (0x0040b433) sltu    s0, ra, tp
core   0: 3 0x80003a62 (0x0040b433) x 8 0x00000000
core   0: 0x80003a66 (0x01421e63) bne     tp, s4, pc + 28
core   0: 3 0x80003a66 (0x01421e63)
core   0: 0x80003a82 (0x019da0b3) slt     ra, s11, s9
core   0: 3 0x80003a82 (0x019da0b3) x 1 0x00000001
core   0: 0x80003a86 (0x41747b93) andi    s7, s0, 1047
core   0: 3 0x80003a86 (0x41747b93) x23 0x00000000
core   0: 0x80003a8a (0x00008459) c.srai  s0, 22
core   0: 3 0x80003a8a (0x8459) x 8 0x00000000
core   0: 0x80003a8c (0x0370a633) mulhsu  a2, ra, s7
core   0: 3 0x80003a8c (0x0370a633) x12 0x00000000
core   0: 0x80003a90 (0x032226b3) mulhsu  a3, tp, s2
core   0: 3 0x80003a90 (0x032226b3) x13 0x00000095
core   0: 0x80003a94 (0x010c1193) slli    gp, s8, 16
core   0: 3 0x80003a94 (0x010c1193) x 3 0x9a800000
core   0: 0x80003a98 (0x0ff0000f) fence   iorw,iorw
core   0: 3 0x80003a98 (0x0ff0000f)
core   0: 0x80003a9c (0x0000439d) c.li    t2, 7
core   0: 3 0x80003a9c (0x439d) x 7 0x00000007
core   0: 0x80003a9e (0x000019fd) c.addi  s3, -1
core   0: 3 0x80003a9e (0x19fd) x19 0x00000005
core   0: 0x80003aa0 (0x01e3aa33) slt     s4, t2, t5
core   0: 3 0x80003aa0 (0x01e3aa33) x20 0x00000000
core   0: 0x80003aa4 (0x0000ef89) c.bnez  a5, pc + 26
core   0: 3 0x80003aa4 (0xef89)
core   0: 0x80003abe (0x00008fe1) c.and   a5, s0
core   0: 3 0x80003abe (0x8fe1) x15 0x00000000
core   0: 0x80003ac0 (0x40c8d233) sra     tp, a7, a2
core   0: 3 0x80003ac0 (0x40c8d233) x 4 0x0000075a
core   0: 0x80003ac4 (0x411c5f93) srai    t6, s8, 17
core   0: 3 0x80003ac4 (0x411c5f93) x31 0xffffffff
core   0: 0x80003ac8 (0x023311b3) mulh    gp, t1, gp
core   0: 3 0x80003ac8 (0x023311b3) x 3 0xffa99100
core   0: 0x80003acc (0x4d6423b7) lui     t2, 0x4d642
core   0: 3 0x80003acc (0x4d6423b7) x 7 0x4d642000
core   0: 0x80003ad0 (0x02f6f963) bgeu    a3, a5, pc + 50
core   0: 3 0x80003ad0 (0x02f6f963)
core   0: 0x80003b02 (0x02e199b3) mulh    s3, gp, a4
core   0: 3 0x80003b02 (0x02e199b3) x19 0xfffffffe
core   0: 0x80003b06 (0x403b5cb3) sra     s9, s6, gp
core   0: 3 0x80003b06 (0x403b5cb3) x25 0x00000004
core   0: 0x80003b0a (0x9db10913) addi    s2, sp, -1573
core   0: 3 0x80003b0a (0x9db10913) x18 0xfffff9db
core   0: 0x80003b0e (0x00000001) c.nop
core   0: 3 0x80003b0e (0x0001)
core   0: 0x80003b10 (0x00ac9893) slli    a7, s9, 10
core   0: 3 0x80003b10 (0x00ac9893) x17 0x00001000
core   0: 0x80003b14 (0x7685c5b7) lui     a1, 0x7685c
core   0: 3 0x80003b14 (0x7685c5b7) x11 0x7685c000
core   0: 0x80003b18 (0x00008c35) c.xor   s0, a3
core   0: 3 0x80003b18 (0x8c35) x 8 0x00000095
core   0: 0x80003b1a (0x00009afd) c.andi  a3, -1
core   0: 3 0x80003b1a (0x9afd) x13 0x00000095
core   0: 0x80003b1c (0x0000c711) c.beqz  a4, pc + 12
core   0: 3 0x80003b1c (0xc711)
core   0: 0x80003b1e (0x01a1f463) bgeu    gp, s10, pc + 8
core   0: 3 0x80003b1e (0x01a1f463)
core   0: 0x80003b22 (0x1aea8717) auipc   a4, 0x1aea8
core   0: 3 0x80003b22 (0x1aea8717) x14 0x9aeabb22
core   0: 0x80003b26 (0x00008291) c.srli  a3, 4
core   0: 3 0x80003b26 (0x8291) x13 0x00000009
core   0: 0x80003b28 (0x000043a1) c.li    t2, 8
core   0: 3 0x80003b28 (0x43a1) x 7 0x00000008
core   0: 0x80003b2a (0x00566463) bltu    a2, t0, pc + 8
core   0: 3 0x80003b2a (0x00566463)
core   0: 0x80003b32 (0x007f5713) srli    a4, t5, 7
core   0: 3 0x80003b32 (0x007f5713) x14 0x00000000
core   0: 0x80003b36 (0x00000105) c.addi  sp, 1
core   0: 3 0x80003b36 (0x0105) x 2 0x00000001
core   0: 0x80003b38 (0x020169b3) rem     s3, sp, zero
core   0: 3 0x80003b38 (0x020169b3) x19 0x00000001
core   0: 0x80003b3c (0x00006125) c.addi16sp sp, 96
core   0: 3 0x80003b3c (0x6125) x 2 0x00000061
core   0: 0x80003b3e (0x038bbd33) mulhu   s10, s7, s8
core   0: 3 0x80003b3e (0x038bbd33) x26 0x00000000
core   0: 0x80003b42 (0x03094063) blt     s2, a6, pc + 32
core   0: 3 0x80003b42 (0x03094063)
core   0: 0x80003b62 (0x03b70133) mul     sp, a4, s11
core   0: 3 0x80003b62 (0x03b70133) x 2 0x00000000
core   0: 0x80003b66 (0x41925313) srai    t1, tp, 25
core   0: 3 0x80003b66 (0x41925313) x 6 0x00000000
core   0: 0x80003b6a (0x0000e021) c.bnez  s0, pc + 64
core   0: 3 0x80003b6a (0xe021)
core   0: 0x80003baa (0x03b5f933) remu    s2, a1, s11
core   0: 3 0x80003baa (0x03b5f933) x18 0x7685c000
core   0: 0x80003bae (0x00001600) c.addi4spn s0, sp, 800
core   0: 3 0x80003bae (0x1600) x 8 0x00000320
core   0: 0x80003bb0 (0xb2c7b393) sltiu   t2, a5, -1236
core   0: 3 0x80003bb0 (0xb2c7b393) x 7 0x00000001
core   0: 0x80003bb4 (0x0000818d) c.srli  a1, 3
core   0: 3 0x80003bb4 (0x818d) x11 0x0ed0b800
core   0: 0x80003bb6 (0x1f8daf93) slti    t6, s11, 504
core   0: 3 0x80003bb6 (0x1f8daf93) x31 0x00000001
core   0: 0x80003bba (0x000000ca) c.slli  ra, 18
core   0: 3 0x80003bba (0x00ca) x 1 0x00040000
core   0: 0x80003bbc (0xd95e6d13) ori     s10, t3, -619
core   0: 3 0x80003bbc (0xd95e6d13) x26 0xfffffdd5
core   0: 0x80003bc0 (0x0000517d) c.li    sp, -1
core   0: 3 0x80003bc0 (0x517d) x 2 0xffffffff
core   0: 0x80003bc2 (0x1a0bcf13) xori    t5, s7, 416
core   0: 3 0x80003bc2 (0x1a0bcf13) x30 0x000001a0
core   0: 0x80003bc6 (0x409ad633) sra     a2, s5, s1
core   0: 3 0x80003bc6 (0x409ad633) x12 0x085b5f20
core   0: 0x80003bca (0x03184eb3) div     t4, a6, a7
core   0: 3 0x80003bca (0x03184eb3) x29 0x0000df08
core   0: 0x80003bce (0x00960563) beq     a2, s1, pc + 10
core   0: 3 0x80003bce (0x00960563)
core   0: 0x80003bd2 (0x0000e585) c.bnez  a1, pc + 40
core   0: 3 0x80003bd2 (0xe585)
core   0: 0x80003bfa (0x0058d213) srli    tp, a7, 5
core   0: 3 0x80003bfa (0x0058d213) x 4 0x00000080
core   0: 0x80003bfe (0x02bff433) remu    s0, t6, a1
core   0: 3 0x80003bfe (0x02bff433) x 8 0x00000001
core   0: 0x80003c02 (0xdbebeb13) ori     s6, s7, -578
core   0: 3 0x80003c02 (0xdbebeb13) x22 0xfffffdbe
core   0: 0x80003c06 (0x01720a33) add     s4, tp, s7
core   0: 3 0x80003c06 (0x01720a33) x20 0x00000080
core   0: 0x80003c0a (0xb8aff837) lui     a6, 0xb8aff
core   0: 3 0x80003c0a (0xb8aff837) x16 0xb8aff000
core   0: 0x80003c0e (0x00008755) c.srai  a4, 21
core   0: 3 0x80003c0e (0x8755) x14 0x00000000
core   0: 0x80003c10 (0x000057fd) c.li    a5, -1
core   0: 3 0x80003c10 (0x57fd) x15 0xffffffff
core   0: 0x80003c12 (0x4019d033) sra     zero, s3, ra
core   0: 3 0x80003c12 (0x4019d033)
core   0: 0x80003c16 (0x23ed4f93) xori    t6, s10, 574
core   0: 3 0x80003c16 (0x23ed4f93) x31 0xffffffeb
core   0: 0x80003c1a (0x00008685) c.srai  a3, 1
core   0: 3 0x80003c1a (0x8685) x13 0x00000004
core   0: 0x80003c1c (0x00008e75) c.and   a2, a3
core   0: 3 0x80003c1c (0x8e75) x12 0x00000000
core   0: 0x80003c1e (0x0000527d) c.li    tp, -1
core   0: 3 0x80003c1e (0x527d) x 4 0xffffffff
core   0: 0x80003c20 (0x0021c733) xor     a4, gp, sp
core   0: 3 0x80003c20 (0x0021c733) x14 0x00566eff
core   0: 0x80003c24 (0x017dc933) xor     s2, s11, s7
core   0: 3 0x80003c24 (0x017dc933) x18 0x80025ce4
core   0: 0x80003c28 (0x25b8e793) ori     a5, a7, 603
core   0: 3 0x80003c28 (0x25b8e793) x15 0x0000125b
core   0: 0x80003c2c (0x03399a33) mulh    s4, s3, s3
core   0: 3 0x80003c2c (0x03399a33) x20 0x00000000
core   0: 0x80003c30 (0x037d2eb3) mulhsu  t4, s10, s7
core   0: 3 0x80003c30 (0x037d2eb3) x29 0x00000000
core   0: 0x80003c34 (0x00000d61) c.addi  s10, 24
core   0: 3 0x80003c34 (0x0d61) x26 0xfffffded
core   0: 0x80003c36 (0x025550b3) divu    ra, a0, t0
core   0: 3 0x80003c36 (0x025550b3) x 1 0x00000026
core   0: 0x80003c3a (0x01bd4963) blt     s10, s11, pc + 18
core   0: 3 0x80003c3a (0x01bd4963)
core   0: 0x80003c3e (0x41aed413) srai    s0, t4, 26
core   0: 3 0x80003c3e (0x41aed413) x 8 0x00000000
core   0: 0x80003c42 (0x409382b3) sub     t0, t2, s1
core   0: 3 0x80003c42 (0x409382b3) x 5 0x00000001
core   0: 0x80003c46 (0x71f8c013) xori    zero, a7, 1823
core   0: 3 0x80003c46 (0x71f8c013)
core   0: 0x80003c4a (0x0000cc09) c.beqz  s0, pc + 26
core   0: 3 0x80003c4a (0xcc09)
core   0: 0x80003c64 (0x000086ed) c.srai  a3, 27
core   0: 3 0x80003c64 (0x86ed) x13 0x00000000
core   0: 0x80003c66 (0x00000f9c) c.addi4spn a5, sp, 976
core   0: 3 0x80003c66 (0x0f9c) x15 0x000003cf
core   0: 0x80003c68 (0x000088a1) c.andi  s1, 8
core   0: 3 0x80003c68 (0x88a1) x 9 0x00000000
core   0: 0x80003c6a (0x00852c33) slt     s8, a0, s0
core   0: 3 0x80003c6a (0x00852c33) x24 0x00000001
core   0: 0x80003c6e (0x6b833913) sltiu   s2, t1, 1720
core   0: 3 0x80003c6e (0x6b833913) x18 0x00000001
core   0: 0x80003c72 (0x016d4fb3) xor     t6, s10, s6
core   0: 3 0x80003c72 (0x016d4fb3) x31 0x00000053
core   0: 0x80003c76 (0x018e4bb3) xor     s7, t3, s8
core   0: 3 0x80003c76 (0x018e4bb3) x23 0x00000144
core   0: 0x80003c7a (0x00008f1d) c.sub   a4, a5
core   0: 3 0x80003c7a (0x8f1d) x14 0x00566b30
core   0: 0x80003c7c (0x00006bb5) c.lui   s7, 0xd
core   0: 3 0x80003c7c (0x6bb5) x23 0x0000d000
core   0: 0x80003c7e (0x00008cc9) c.or    s1, a0
core   0: 3 0x80003c7e (0x8cc9) x 9 0x80021e3c
core   0: 0x80003c80 (0xcb19e393) ori     t2, s3, -847
core   0: 3 0x80003c80 (0xcb19e393) x 7 0xfffffcb1
core   0: 0x80003c84 (0x003e6763) bltu    t3, gp, pc + 14
core   0: 3 0x80003c84 (0x003e6763)
core   0: 0x80003c92 (0x01223733) sltu    a4, tp, s2
core   0: 3 0x80003c92 (0x01223733) x14 0x00000000
core   0: 0x80003c96 (0x03707633) remu    a2, zero, s7
core   0: 3 0x80003c96 (0x03707633) x12 0x00000000
core   0: 0x80003c9a (0x00bd8733) add     a4, s11, a1
core   0: 3 0x80003c9a (0x00bd8733) x14 0x8ed314e4
core   0: 0x80003c9e (0x0000c61d) c.beqz  a2, pc + 46
core   0: 3 0x80003c9e (0xc61d)
core   0: 0x80003ccc (0x00000322) c.slli  t1, 8
core   0: 3 0x80003ccc (0x0322) x 6 0x00000000
core   0: 0x80003cce (0x021172b3) remu    t0, sp, ra
core   0: 3 0x80003cce (0x021172b3) x 5 0x00000005
core   0: 0x80003cd2 (0x4056d813) srai    a6, a3, 5
core   0: 3 0x80003cd2 (0x4056d813) x16 0x00000000
core   0: 0x80003cd6 (0x03e7e163) bltu    a5, t5, pc + 34
core   0: 3 0x80003cd6 (0x03e7e163)
core   0: 0x80003cda (0x00000001) c.nop
core   0: 3 0x80003cda (0x0001)
core   0: 0x80003cdc (0x01e71413) slli    s0, a4, 30
core   0: 3 0x80003cdc (0x01e71413) x 8 0x00000000
core   0: 0x80003ce0 (0x000014fd) c.addi  s1, -1
core   0: 3 0x80003ce0 (0x14fd) x 9 0x80021e3b
core   0: 0x80003ce2 (0x006fff33) and     t5, t6, t1
core   0: 3 0x80003ce2 (0x006fff33) x30 0x00000000
core   0: 0x80003ce6 (0x02a9b2b3) mulhu   t0, s3, a0
core   0: 3 0x80003ce6 (0x02a9b2b3) x 5 0x00000000
core   0: 0x80003cea (0x03b42fb3) mulhsu  t6, s0, s11
core   0: 3 0x80003cea (0x03b42fb3) x31 0x00000000
core   0: 0x80003cee (0x01dc39b3) sltu    s3, s8, t4
core   0: 3 0x80003cee (0x01dc39b3) x19 0x00000000
core   0: 0x80003cf2 (0xbf770f93) addi    t6, a4, -1033
core   0: 3 0x80003cf2 (0xbf770f93) x31 0x8ed310db
core   0: 0x80003cf6 (0x00001cfd) c.addi  s9, -1
core   0: 3 0x80003cf6 (0x1cfd) x25 0x00000003
core   0: 0x80003cf8 (0x00006321) c.lui   t1, 0x8
core   0: 3 0x80003cf8 (0x6321) x 6 0x00008000
core   0: 0x80003cfa (0x02c2e863) bltu    t0, a2, pc + 48
core   0: 3 0x80003cfa (0x02c2e863)
core   0: 0x80003cfe (0x000086c9) c.srai  a3, 18
core   0: 3 0x80003cfe (0x86c9) x13 0x00000000
core   0: 0x80003d00 (0x03e12e33) mulhsu  t3, sp, t5
core   0: 3 0x80003d00 (0x03e12e33) x28 0x00000000
core   0: 0x80003d04 (0x009ff763) bgeu    t6, s1, pc + 14
core   0: 3 0x80003d04 (0x009ff763)
core   0: 0x80003d12 (0x0280e563) bltu    ra, s0, pc + 42
core   0: 3 0x80003d12 (0x0280e563)
core   0: 0x80003d16 (0x012fa433) slt     s0, t6, s2
core   0: 3 0x80003d16 (0x012fa433) x 8 0x00000001
core   0: 0x80003d1a (0x020ed963) bgez    t4, pc + 50
core   0: 3 0x80003d1a (0x020ed963)
core   0: 0x80003d4c (0x0168abb3) slt     s7, a7, s6
core   0: 3 0x80003d4c (0x0168abb3) x23 0x00000000
core   0: 0x80003d50 (0xbfa10893) addi    a7, sp, -1030
core   0: 3 0x80003d50 (0xbfa10893) x17 0xfffffbf9
core   0: 0x80003d54 (0x00008421) c.srai  s0, 8
core   0: 3 0x80003d54 (0x8421) x 8 0x00000000
core   0: 0x80003d56 (0x7f2b2613) slti    a2, s6, 2034
core   0: 3 0x80003d56 (0x7f2b2613) x12 0x00000001
core   0: 0x80003d5a (0x02be2933) mulhsu  s2, t3, a1
core   0: 3 0x80003d5a (0x02be2933) x18 0x00000000
core   0: 0x80003d5e (0x021c2e33) mulhsu  t3, s8, ra
core   0: 3 0x80003d5e (0x021c2e33) x28 0x00000000
core   0: 0x80003d62 (0x5c0fde97) auipc   t4, 0x5c0fd
core   0: 3 0x80003d62 (0x5c0fde97) x29 0xdc100d62
core   0: 0x80003d66 (0xfbe05017) auipc   zero, 0xfbe05
core   0: 3 0x80003d66 (0xfbe05017)
core   0: 0x80003d6a (0x000087f2) c.mv    a5, t3
core   0: 3 0x80003d6a (0x87f2) x15 0x00000000
core   0: 0x80003d6c (0x03da53b3) divu    t2, s4, t4
core   0: 3 0x80003d6c (0x03da53b3) x 7 0x00000000
core   0: 0x80003d70 (0x02ec7b63) bgeu    s8, a4, pc + 54
core   0: 3 0x80003d70 (0x02ec7b63)
core   0: 0x80003d74 (0x0341b133) mulhu   sp, gp, s4
core   0: 3 0x80003d74 (0x0341b133) x 2 0x00000000
core   0: 0x80003d78 (0x00000001) c.nop
core   0: 3 0x80003d78 (0x0001)
core   0: 0x80003d7a (0x000084d1) c.srai  s1, 20
core   0: 3 0x80003d7a (0x84d1) x 9 0xfffff800
core   0: 0x80003d7c (0x00000001) c.nop
core   0: 3 0x80003d7c (0x0001)
core   0: 0x80003d7e (0x000081f5) c.srli  a1, 29
core   0: 3 0x80003d7e (0x81f5) x11 0x00000000
core   0: 0x80003d80 (0x00008e8d) c.sub   a3, a1
core   0: 3 0x80003d80 (0x8e8d) x13 0x00000000
core   0: 0x80003d82 (0x26bf3413) sltiu   s0, t5, 619
core   0: 3 0x80003d82 (0x26bf3413) x 8 0x00000001
core   0: 0x80003d86 (0x015b01b3) add     gp, s6, s5
core   0: 3 0x80003d86 (0x015b01b3) x 3 0x085b5cde
core   0: 0x80003d8a (0x000001bd) c.addi  gp, 15
core   0: 3 0x80003d8a (0x01bd) x 3 0x085b5ced
core   0: 0x80003d8c (0x00001c8c) c.addi4spn a1, sp, 624
core   0: 3 0x80003d8c (0x1c8c) x11 0x00000270
core   0: 0x80003d8e (0x02cee033) rem     zero, t4, a2
core   0: 3 0x80003d8e (0x02cee033)
core   0: 0x80003d92 (0x03720433) mul     s0, tp, s7
core   0: 3 0x80003d92 (0x03720433) x 8 0x00000000
core   0: 0x80003d96 (0x0326e163) bltu    a3, s2, pc + 34
core   0: 3 0x80003d96 (0x0326e163)
core   0: 0x80003d9a (0x00008ff1) c.and   a5, a2
core   0: 3 0x80003d9a (0x8ff1) x15 0x00000000
core   0: 0x80003d9c (0x03620a33) mul     s4, tp, s6
core   0: 3 0x80003d9c (0x03620a33) x20 0x00000242
core   0: 0x80003da0 (0x00009afd) c.andi  a3, -1
core   0: 3 0x80003da0 (0x9afd) x13 0x00000000
core   0: 0x80003da2 (0x015bd963) bge     s7, s5, pc + 18
core   0: 3 0x80003da2 (0x015bd963)
core   0: 0x80003da6 (0x0000cc1d) c.beqz  s0, pc + 62
core   0: 3 0x80003da6 (0xcc1d)
core   0: 0x80003de4 (0x02fbf563) bgeu    s7, a5, pc + 42
core   0: 3 0x80003de4 (0x02fbf563)
core   0: 0x80003e0e (0x76664f93) xori    t6, a2, 1894
core   0: 3 0x80003e0e (0x76664f93) x31 0x00000767
core   0: 0x80003e12 (0x4112da33) sra     s4, t0, a7
core   0: 3 0x80003e12 (0x4112da33) x20 0x00000000
core   0: 0x80003e16 (0x00001110) c.addi4spn a2, sp, 160
core   0: 3 0x80003e16 (0x1110) x12 0x000000a0
core   0: 0x80003e18 (0x00000d3e) c.slli  s10, 15
core   0: 3 0x80003e18 (0x0d3e) x26 0xfef68000
core   0: 0x80003e1a (0x00009a7d) c.andi  a2, -1
core   0: 3 0x80003e1a (0x9a7d) x12 0x000000a0
core   0: 0x80003e1c (0x00452083) lw      ra, 4(a0)
core   0: 3 0x80003e1c (0x00452083) x 1 0x80000148 mem 0x80021e40
core   0: 0x80003e20 (0x00008675) c.srai  a2, 29
core   0: 3 0x80003e20 (0x8675) x12 0x00000000
core   0: 0x80003e22 (0x00000001) c.nop
core   0: 3 0x80003e22 (0x0001)
core   0: 0x80003e24 (0x0234f333) remu    t1, s1, gp
core   0: 3 0x80003e24 (0x0234f333) x 6 0x054b143a
core   0: 0x80003e28 (0xac0ef893) andi    a7, t4, -1344
core   0: 3 0x80003e28 (0xac0ef893) x17 0xdc100840
core   0: 0x80003e2c (0x02850513) addi    a0, a0, 40
core   0: 3 0x80003e2c (0x02850513) x10 0x80021e64
core   0: 0x80003e30 (0x00c905b3) add     a1, s2, a2
core   0: 3 0x80003e30 (0x00c905b3) x11 0x00000000
core   0: 0x80003e34 (0x00000085) c.addi  ra, 1
core   0: 3 0x80003e34 (0x0085) x 1 0x80000149
core   0: 0x80003e36 (0x00008082) ret
core   0: 3 0x80003e36 (0x8082)
core   0: 0x80000148 (0x00900213) li      tp, 9
core   0: 3 0x80000148 (0x00900213) x 4 0x00000009
core   0: 0x8000014c (0x00500093) li      ra, 5
core   0: 3 0x8000014c (0x00500093) x 1 0x00000005
core   0: 0x80000150 (0x00000001) c.nop
core   0: 3 0x80000150 (0x0001)
core   0: 0x80000152 (0x00000d18) c.addi4spn a4, sp, 656
core   0: 3 0x80000152 (0x0d18) x14 0x00000290
core   0: 0x80000154 (0x00001279) c.addi  tp, -2
core   0: 3 0x80000154 (0x1279) x 4 0x00000007
core   0: 0x80000156 (0x03c608b3) mul     a7, a2, t3
core   0: 3 0x80000156 (0x03c608b3) x17 0x00000000
core   0: 0x8000015a (0x01dff9b3) and     s3, t6, t4
core   0: 3 0x8000015a (0x01dff9b3) x19 0x00000562
core   0: 0x8000015e (0xfe127ae3) bgeu    tp, ra, pc - 12
core   0: 3 0x8000015e (0xfe127ae3)
core   0: 0x80000152 (0x00000d18) c.addi4spn a4, sp, 656
core   0: 3 0x80000152 (0x0d18) x14 0x00000290
core   0: 0x80000154 (0x00001279) c.addi  tp, -2
core   0: 3 0x80000154 (0x1279) x 4 0x00000005
core   0: 0x80000156 (0x03c608b3) mul     a7, a2, t3
core   0: 3 0x80000156 (0x03c608b3) x17 0x00000000
core   0: 0x8000015a (0x01dff9b3) and     s3, t6, t4
core   0: 3 0x8000015a (0x01dff9b3) x19 0x00000562
core   0: 0x8000015e (0xfe127ae3) bgeu    tp, ra, pc - 12
core   0: 3 0x8000015e (0xfe127ae3)
core   0: 0x80000152 (0x00000d18) c.addi4spn a4, sp, 656
core   0: 3 0x80000152 (0x0d18) x14 0x00000290
core   0: 0x80000154 (0x00001279) c.addi  tp, -2
core   0: 3 0x80000154 (0x1279) x 4 0x00000003
core   0: 0x80000156 (0x03c608b3) mul     a7, a2, t3
core   0: 3 0x80000156 (0x03c608b3) x17 0x00000000
core   0: 0x8000015a (0x01dff9b3) and     s3, t6, t4
core   0: 3 0x8000015a (0x01dff9b3) x19 0x00000562
core   0: 0x8000015e (0xfe127ae3) bgeu    tp, ra, pc - 12
core   0: 3 0x8000015e (0xfe127ae3)
core   0: 0x80000162 (0x0248dbb3) divu    s7, a7, tp
core   0: 3 0x80000162 (0x0248dbb3) x23 0x00000000
core   0: 0x80000166 (0x00900893) li      a7, 9
core   0: 3 0x80000166 (0x00900893) x17 0x00000009
core   0: 0x8000016a (0x0000100f) fence.i
core   0: 3 0x8000016a (0x0000100f)
core   0: 0x8000016e (0xa487a393) slti    t2, a5, -1464
core   0: 3 0x8000016e (0xa487a393) x 7 0x00000000
core   0: 0x80000172 (0x00900793) li      a5, 9
core   0: 3 0x80000172 (0x00900793) x15 0x00000009
core   0: 0x80000176 (0x015ca5b3) slt     a1, s9, s5
core   0: 3 0x80000176 (0x015ca5b3) x11 0x00000001
core   0: 0x8000017a (0x0282e5b3) rem     a1, t0, s0
core   0: 3 0x8000017a (0x0282e5b3) x11 0x00000000
core   0: 0x8000017e (0x011aeb33) or      s6, s5, a7
core   0: 3 0x8000017e (0x011aeb33) x22 0x085b5f29
core   0: 0x80000182 (0x0027d993) srli    s3, a5, 2
core   0: 3 0x80000182 (0x0027d993) x19 0x00000002
core   0: 0x80000186 (0x000018f5) c.addi  a7, -3
core   0: 3 0x80000186 (0x18f5) x17 0x00000006
core   0: 0x80000188 (0x402e8333) sub     t1, t4, sp
core   0: 3 0x80000188 (0x402e8333) x 6 0xdc100d62
core   0: 0x8000018c (0x00008c59) c.or    s0, a4
core   0: 3 0x8000018c (0x8c59) x 8 0x00000290
core   0: 0x8000018e (0x0094fa33) and     s4, s1, s1
core   0: 3 0x8000018e (0x0094fa33) x20 0xfffff800
core   0: 0x80000192 (0xffe00613) li      a2, -2
core   0: 3 0x80000192 (0xffe00613) x12 0xfffffffe
core   0: 0x80000196 (0x416c09b3) sub     s3, s8, s6
core   0: 3 0x80000196 (0x416c09b3) x19 0xf7a4a0d8
core   0: 0x8000019a (0x038db433) mulhu   s0, s11, s8
core   0: 3 0x8000019a (0x038db433) x 8 0x00000000
core   0: 0x8000019e (0x01300e13) li      t3, 19
core   0: 3 0x8000019e (0x01300e13) x28 0x00000013
core   0: 0x800001a2 (0x02308eb3) mul     t4, ra, gp
core   0: 3 0x800001a2 (0x02308eb3) x29 0x29c8d0a1
core   0: 0x800001a6 (0x02ef3fb3) mulhu   t6, t5, a4
core   0: 3 0x800001a6 (0x02ef3fb3) x31 0x00000000
core   0: 0x800001aa (0x41a15933) sra     s2, sp, s10
core   0: 3 0x800001aa (0x41a15933) x18 0x00000000
core   0: 0x800001ae (0x00000605) c.addi  a2, 1
core   0: 3 0x800001ae (0x0605) x12 0xffffffff
core   0: 0x800001b0 (0x40725f93) srai    t6, tp, 7
core   0: 3 0x800001b0 (0x40725f93) x31 0x00000000
core   0: 0x800001b4 (0x00518133) add     sp, gp, t0
core   0: 3 0x800001b4 (0x00518133) x 2 0x085b5ced
core   0: 0x800001b8 (0xffc607e3) beq     a2, t3, pc - 18
core   0: 3 0x800001b8 (0xffc607e3)
core   0: 0x800001bc (0x01998733) add     a4, s3, s9
core   0: 3 0x800001bc (0x01998733) x14 0xf7a4a0db
core   0: 0x800001c0 (0xfaf8ffe3) bgeu    a7, a5, pc - 66
core   0: 3 0x800001c0 (0xfaf8ffe3)
core   0: 0x800001c4 (0x01b719b3) sll     s3, a4, s11
core   0: 3 0x800001c4 (0x01b719b3) x19 0x7a4a0db0
core   0: 0x800001c8 (0xff600413) li      s0, -10
core   0: 3 0x800001c8 (0xff600413) x 8 0xfffffff6
core   0: 0x800001cc (0x0000665d) c.lui   a2, 0x17
core   0: 3 0x800001cc (0x665d) x12 0x00017000
core   0: 0x800001ce (0x0ff0000f) fence   iorw,iorw
core   0: 3 0x800001ce (0x0ff0000f)
core   0: 0x800001d2 (0x00008ca1) c.xor   s1, s0
core   0: 3 0x800001d2 (0x8ca1) x 9 0x000007f6
core   0: 0x800001d4 (0x12057c93) andi    s9, a0, 288
core   0: 3 0x800001d4 (0x12057c93) x25 0x00000020
core   0: 0x800001d8 (0x00000b84) c.addi4spn s1, sp, 464
core   0: 3 0x800001d8 (0x0b84) x 9 0x085b5ebd
core   0: 0x800001da (0x01a534b3) sltu    s1, a0, s10
core   0: 3 0x800001da (0x01a534b3) x 9 0x00000001
core   0: 0x800001de (0x5d664113) xori    sp, a2, 1494
core   0: 3 0x800001de (0x5d664113) x 2 0x000175d6
core   0: 0x800001e2 (0x00000001) c.nop
core   0: 3 0x800001e2 (0x0001)
core   0: 0x800001e4 (0x00000001) c.nop
core   0: 3 0x800001e4 (0x0001)
core   0: 0x800001e6 (0x013e1293) slli    t0, t3, 19
core   0: 3 0x800001e6 (0x013e1293) x 5 0x00980000
core   0: 0x800001ea (0x00ef2833) slt     a6, t5, a4
core   0: 3 0x800001ea (0x00ef2833) x16 0x00000000
core   0: 0x800001ee (0x36c52f93) slti    t6, a0, 876
core   0: 3 0x800001ee (0x36c52f93) x31 0x00000001
core   0: 0x800001f2 (0x009660b3) or      ra, a2, s1
core   0: 3 0x800001f2 (0x009660b3) x 1 0x00017001
core   0: 0x800001f6 (0x00000736) c.slli  a4, 13
core   0: 3 0x800001f6 (0x0736) x14 0x941b6000
core   0: 0x800001f8 (0x00008a8d) c.andi  a3, 3
core   0: 3 0x800001f8 (0x8a8d) x13 0x00000000
core   0: 0x800001fa (0x02241bb3) mulh    s7, s0, sp
core   0: 3 0x800001fa (0x02241bb3) x23 0xffffffff
core   0: 0x800001fe (0x00009eb2) c.add   t4, a2
core   0: 3 0x800001fe (0x9eb2) x29 0x29ca40a1
core   0: 0x80000200 (0x03741a33) mulh    s4, s0, s7
core   0: 3 0x80000200 (0x03741a33) x20 0x00000000
core   0: 0x80000204 (0x00008321) c.srli  a4, 8
core   0: 3 0x80000204 (0x8321) x14 0x00941b60
core   0: 0x80000206 (0x00000409) c.addi  s0, 2
core   0: 3 0x80000206 (0x0409) x 8 0xfffffff8
core   0: 0x80000208 (0x14806d13) ori     s10, zero, 328
core   0: 3 0x80000208 (0x14806d13) x26 0x00000148
core   0: 0x8000020c (0x000003fa) c.slli  t2, 30
core   0: 3 0x8000020c (0x03fa) x 7 0x00000000
core   0: 0x8000020e (0x0000dc71) c.beqz  s0, pc - 36
core   0: 3 0x8000020e (0xdc71)
core   0: 0x80000210 (0x41745bb3) sra     s7, s0, s7
core   0: 3 0x80000210 (0x41745bb3) x23 0xffffffff
core   0: 0x80000214 (0xff800913) li      s2, -8
core   0: 3 0x80000214 (0xff800913) x18 0xfffffff8
core   0: 0x80000218 (0x00008671) c.srai  a2, 28
core   0: 3 0x80000218 (0x8671) x12 0x00000000
core   0: 0x8000021a (0xffd00c93) li      s9, -3
core   0: 3 0x8000021a (0xffd00c93) x25 0xfffffffd
core   0: 0x8000021e (0x00001590) c.addi4spn a2, sp, 736
core   0: 3 0x8000021e (0x1590) x12 0x000178b6
core   0: 0x80000220 (0x000086e5) c.srai  a3, 25
core   0: 3 0x80000220 (0x86e5) x13 0x00000000
core   0: 0x80000222 (0x000085c1) c.srai  a1, 16
core   0: 3 0x80000222 (0x85c1) x11 0x00000000
core   0: 0x80000224 (0x89447fb7) lui     t6, 0x89447
core   0: 3 0x80000224 (0x89447fb7) x31 0x89447000
core   0: 0x80000228 (0x00000001) c.nop
core   0: 3 0x80000228 (0x0001)
core   0: 0x8000022a (0x00000905) c.addi  s2, 1
core   0: 3 0x8000022a (0x0905) x18 0xfffffff9
core   0: 0x8000022c (0xff991ce3) bne     s2, s9, pc - 8
core   0: 3 0x8000022c (0xff991ce3)
core   0: 0x80000224 (0x89447fb7) lui     t6, 0x89447
core   0: 3 0x80000224 (0x89447fb7) x31 0x89447000
core   0: 0x80000228 (0x00000001) c.nop
core   0: 3 0x80000228 (0x0001)
core   0: 0x8000022a (0x00000905) c.addi  s2, 1
core   0: 3 0x8000022a (0x0905) x18 0xfffffffa
core   0: 0x8000022c (0xff991ce3) bne     s2, s9, pc - 8
core   0: 3 0x8000022c (0xff991ce3)
core   0: 0x80000224 (0x89447fb7) lui     t6, 0x89447
core   0: 3 0x80000224 (0x89447fb7) x31 0x89447000
core   0: 0x80000228 (0x00000001) c.nop
core   0: 3 0x80000228 (0x0001)
core   0: 0x8000022a (0x00000905) c.addi  s2, 1
core   0: 3 0x8000022a (0x0905) x18 0xfffffffb
core   0: 0x8000022c (0xff991ce3) bne     s2, s9, pc - 8
core   0: 3 0x8000022c (0xff991ce3)
core   0: 0x80000224 (0x89447fb7) lui     t6, 0x89447
core   0: 3 0x80000224 (0x89447fb7) x31 0x89447000
core   0: 0x80000228 (0x00000001) c.nop
core   0: 3 0x80000228 (0x0001)
core   0: 0x8000022a (0x00000905) c.addi  s2, 1
core   0: 3 0x8000022a (0x0905) x18 0xfffffffc
core   0: 0x8000022c (0xff991ce3) bne     s2, s9, pc - 8
core   0: 3 0x8000022c (0xff991ce3)
core   0: 0x80000224 (0x89447fb7) lui     t6, 0x89447
core   0: 3 0x80000224 (0x89447fb7) x31 0x89447000
core   0: 0x80000228 (0x00000001) c.nop
core   0: 3 0x80000228 (0x0001)
core   0: 0x8000022a (0x00000905) c.addi  s2, 1
core   0: 3 0x8000022a (0x0905) x18 0xfffffffd
core   0: 0x8000022c (0xff991ce3) bne     s2, s9, pc - 8
core   0: 3 0x8000022c (0xff991ce3)
core   0: 0x80000230 (0x0000014e) c.slli  sp, 19
core   0: 3 0x80000230 (0x014e) x 2 0xaeb00000
core   0: 0x80000232 (0xff700493) li      s1, -9
core   0: 3 0x80000232 (0xff700493) x 9 0xfffffff7
core   0: 0x80000236 (0x00000001) c.nop
core   0: 3 0x80000236 (0x0001)
core   0: 0x80000238 (0x66648f37) lui     t5, 0x66648
core   0: 3 0x80000238 (0x66648f37) x30 0x66648000
core   0: 0x8000023c (0x7e2b2b93) slti    s7, s6, 2018
core   0: 3 0x8000023c (0x7e2b2b93) x23 0x00000000
core   0: 0x80000240 (0x34cbbd37) lui     s10, 0x34cbb
core   0: 3 0x80000240 (0x34cbbd37) x26 0x34cbb000
core   0: 0x80000244 (0x00c00893) li      a7, 12
core   0: 3 0x80000244 (0x00c00893) x17 0x0000000c
core   0: 0x80000248 (0xe38b3313) sltiu   t1, s6, -456
core   0: 3 0x80000248 (0xe38b3313) x 6 0x00000001
core   0: 0x8000024c (0x0000430d) c.li    t1, 3
core   0: 3 0x8000024c (0x430d) x 6 0x00000003
core   0: 0x8000024e (0x007670b3) and     ra, a2, t2
core   0: 3 0x8000024e (0x007670b3) x 1 0x00000000
core   0: 0x80000252 (0x00006ba9) c.lui   s7, 0xa
core   0: 3 0x80000252 (0x6ba9) x23 0x0000a000
core   0: 0x80000254 (0x0382e833) rem     a6, t0, s8
core   0: 3 0x80000254 (0x0382e833) x16 0x00000000
core   0: 0x80000258 (0x00000001) c.nop
core   0: 3 0x80000258 (0x0001)
core   0: 0x8000025a (0x00008e51) c.or    a2, a2
core   0: 3 0x8000025a (0x8e51) x12 0x000178b6
core   0: 0x8000025c (0x002532b3) sltu    t0, a0, sp
core   0: 3 0x8000025c (0x002532b3) x 5 0x00000001
core   0: 0x80000260 (0x0000049d) c.addi  s1, 7
core   0: 3 0x80000260 (0x049d) x 9 0xfffffffe
core   0: 0x80000262 (0xffe00713) li      a4, -2
core   0: 3 0x80000262 (0xffe00713) x14 0xfffffffe
core   0: 0x80000266 (0x000006e6) c.slli  a3, 25
core   0: 3 0x80000266 (0x06e6) x13 0x00000000
core   0: 0x80000268 (0x6b97a297) auipc   t0, 0x6b97a
core   0: 3 0x80000268 (0x6b97a297) x 5 0xeb97a268
core   0: 0x8000026c (0x00000001) c.nop
core   0: 3 0x8000026c (0x0001)
core   0: 0x8000026e (0x01cd2c33) slt     s8, s10, t3
core   0: 3 0x8000026e (0x01cd2c33) x24 0x00000000
core   0: 0x80000272 (0x4ff73213) sltiu   tp, a4, 1279
core   0: 3 0x80000272 (0x4ff73213) x 4 0x00000000
core   0: 0x80000276 (0x00000705) c.addi  a4, 1
core   0: 3 0x80000276 (0x0705) x14 0xffffffff
core   0: 0x80000278 (0x02a0d233) divu    tp, ra, a0
core   0: 3 0x80000278 (0x02a0d233) x 4 0x00000000
core   0: 0x8000027c (0x0000db7d) c.beqz  a4, pc - 10
core   0: 3 0x8000027c (0xdb7d)
core   0: 0x8000027e (0xa1d96e13) ori     t3, s2, -1507
core   0: 3 0x8000027e (0xa1d96e13) x28 0xfffffffd
core   0: 0x80000282 (0x01418133) add     sp, gp, s4
core   0: 3 0x80000282 (0x01418133) x 2 0x085b5ced
core   0: 0x80000286 (0x40300933) sub     s2, zero, gp
core   0: 3 0x80000286 (0x40300933) x18 0xf7a4a313
core   0: 0x8000028a (0xfd14c7e3) blt     s1, a7, pc - 50
core   0: 3 0x8000028a (0xfd14c7e3)
core   0: 0x80000258 (0x00000001) c.nop
core   0: 3 0x80000258 (0x0001)
core   0: 0x8000025a (0x00008e51) c.or    a2, a2
core   0: 3 0x8000025a (0x8e51) x12 0x000178b6
core   0: 0x8000025c (0x002532b3) sltu    t0, a0, sp
core   0: 3 0x8000025c (0x002532b3) x 5 0x00000000
core   0: 0x80000260 (0x0000049d) c.addi  s1, 7
core   0: 3 0x80000260 (0x049d) x 9 0x00000005
core   0: 0x80000262 (0xffe00713) li      a4, -2
core   0: 3 0x80000262 (0xffe00713) x14 0xfffffffe
core   0: 0x80000266 (0x000006e6) c.slli  a3, 25
core   0: 3 0x80000266 (0x06e6) x13 0x00000000
core   0: 0x80000268 (0x6b97a297) auipc   t0, 0x6b97a
core   0: 3 0x80000268 (0x6b97a297) x 5 0xeb97a268
core   0: 0x8000026c (0x00000001) c.nop
core   0: 3 0x8000026c (0x0001)
core   0: 0x8000026e (0x01cd2c33) slt     s8, s10, t3
core   0: 3 0x8000026e (0x01cd2c33) x24 0x00000000
core   0: 0x80000272 (0x4ff73213) sltiu   tp, a4, 1279
core   0: 3 0x80000272 (0x4ff73213) x 4 0x00000000
core   0: 0x80000276 (0x00000705) c.addi  a4, 1
core   0: 3 0x80000276 (0x0705) x14 0xffffffff
core   0: 0x80000278 (0x02a0d233) divu    tp, ra, a0
core   0: 3 0x80000278 (0x02a0d233) x 4 0x00000000
core   0: 0x8000027c (0x0000db7d) c.beqz  a4, pc - 10
core   0: 3 0x8000027c (0xdb7d)
core   0: 0x8000027e (0xa1d96e13) ori     t3, s2, -1507
core   0: 3 0x8000027e (0xa1d96e13) x28 0xfffffb1f
core   0: 0x80000282 (0x01418133) add     sp, gp, s4
core   0: 3 0x80000282 (0x01418133) x 2 0x085b5ced
core   0: 0x80000286 (0x40300933) sub     s2, zero, gp
core   0: 3 0x80000286 (0x40300933) x18 0xf7a4a313
core   0: 0x8000028a (0xfd14c7e3) blt     s1, a7, pc - 50
core   0: 3 0x8000028a (0xfd14c7e3)
core   0: 0x80000258 (0x00000001) c.nop
core   0: 3 0x80000258 (0x0001)
core   0: 0x8000025a (0x00008e51) c.or    a2, a2
core   0: 3 0x8000025a (0x8e51) x12 0x000178b6
core   0: 0x8000025c (0x002532b3) sltu    t0, a0, sp
core   0: 3 0x8000025c (0x002532b3) x 5 0x00000000
core   0: 0x80000260 (0x0000049d) c.addi  s1, 7
core   0: 3 0x80000260 (0x049d) x 9 0x0000000c
core   0: 0x80000262 (0xffe00713) li      a4, -2
core   0: 3 0x80000262 (0xffe00713) x14 0xfffffffe
core   0: 0x80000266 (0x000006e6) c.slli  a3, 25
core   0: 3 0x80000266 (0x06e6) x13 0x00000000
core   0: 0x80000268 (0x6b97a297) auipc   t0, 0x6b97a
core   0: 3 0x80000268 (0x6b97a297) x 5 0xeb97a268
core   0: 0x8000026c (0x00000001) c.nop
core   0: 3 0x8000026c (0x0001)
core   0: 0x8000026e (0x01cd2c33) slt     s8, s10, t3
core   0: 3 0x8000026e (0x01cd2c33) x24 0x00000000
core   0: 0x80000272 (0x4ff73213) sltiu   tp, a4, 1279
core   0: 3 0x80000272 (0x4ff73213) x 4 0x00000000
core   0: 0x80000276 (0x00000705) c.addi  a4, 1
core   0: 3 0x80000276 (0x0705) x14 0xffffffff
core   0: 0x80000278 (0x02a0d233) divu    tp, ra, a0
core   0: 3 0x80000278 (0x02a0d233) x 4 0x00000000
core   0: 0x8000027c (0x0000db7d) c.beqz  a4, pc - 10
core   0: 3 0x8000027c (0xdb7d)
core   0: 0x8000027e (0xa1d96e13) ori     t3, s2, -1507
core   0: 3 0x8000027e (0xa1d96e13) x28 0xfffffb1f
core   0: 0x80000282 (0x01418133) add     sp, gp, s4
core   0: 3 0x80000282 (0x01418133) x 2 0x085b5ced
core   0: 0x80000286 (0x40300933) sub     s2, zero, gp
core   0: 3 0x80000286 (0x40300933) x18 0xf7a4a313
core   0: 0x8000028a (0xfd14c7e3) blt     s1, a7, pc - 50
core   0: 3 0x8000028a (0xfd14c7e3)
core   0: 0x8000028e (0x00000e5a) c.slli  t3, 22
core   0: 3 0x8000028e (0x0e5a) x28 0xc7c00000
core   0: 0x80000290 (0xffd00413) li      s0, -3
core   0: 3 0x80000290 (0xffd00413) x 8 0xfffffffd
core   0: 0x80000294 (0x00008cc9) c.or    s1, a0
core   0: 3 0x80000294 (0x8cc9) x 9 0x80021e6c
core   0: 0x80000296 (0x01b603b3) add     t2, a2, s11
core   0: 3 0x80000296 (0x01b603b3) x 7 0x8003d59a
core   0: 0x8000029a (0x038af5b3) remu    a1, s5, s8
core   0: 3 0x8000029a (0x038af5b3) x11 0x085b5f20
core   0: 0x8000029e (0x012f52b3) srl     t0, t5, s2
core   0: 3 0x8000029e (0x012f52b3) x 5 0x00000ccc
core   0: 0x800002a2 (0x0000471d) c.li    a4, 7
core   0: 3 0x800002a2 (0x471d) x14 0x00000007
core   0: 0x800002a4 (0x03b257b3) divu    a5, tp, s11
core   0: 3 0x800002a4 (0x03b257b3) x15 0x00000000
core   0: 0x800002a8 (0x01eecfb3) xor     t6, t4, t5
core   0: 3 0x800002a8 (0x01eecfb3) x31 0x4faec0a1
core   0: 0x800002ac (0x00008e81) c.sub   a3, s0
core   0: 3 0x800002ac (0x8e81) x13 0x00000003
core   0: 0x800002ae (0x01400e93) li      t4, 20
core   0: 3 0x800002ae (0x01400e93) x29 0x00000014
core   0: 0x800002b2 (0x03f214b3) mulh    s1, tp, t6
core   0: 3 0x800002b2 (0x03f214b3) x 9 0x00000000
core   0: 0x800002b6 (0x2a99e913) ori     s2, s3, 681
core   0: 3 0x800002b6 (0x2a99e913) x18 0x7a4a0fb9
core   0: 0x800002ba (0x010d9993) slli    s3, s11, 16
core   0: 3 0x800002ba (0x010d9993) x19 0x5ce40000
core   0: 0x800002be (0x000000d6) c.slli  ra, 21
core   0: 3 0x800002be (0x00d6) x 1 0x00000000
core   0: 0x800002c0 (0x00000f2e) c.slli  t5, 11
core   0: 3 0x800002c0 (0x0f2e) x30 0x24000000
core   0: 0x800002c2 (0x032f9cb3) mulh    s9, t6, s2
core   0: 3 0x800002c2 (0x032f9cb3) x25 0x26105535
core   0: 0x800002c6 (0xb17bc693) xori    a3, s7, -1257
core   0: 3 0x800002c6 (0xb17bc693) x13 0xffff5b17
core   0: 0x800002ca (0x00008fd2) c.mv    t6, s4
core   0: 3 0x800002ca (0x8fd2) x31 0x00000000
core   0: 0x800002cc (0x00000405) c.addi  s0, 1
core   0: 3 0x800002cc (0x0405) x 8 0xfffffffe
core   0: 0x800002ce (0x02fbe133) rem     sp, s7, a5
core   0: 3 0x800002ce (0x02fbe133) x 2 0x0000a000
core   0: 0x800002d2 (0x00006905) c.lui   s2, 0x1
core   0: 3 0x800002d2 (0x6905) x18 0x00001000
core   0: 0x800002d4 (0xffd469e3) bltu    s0, t4, pc - 14
core   0: 3 0x800002d4 (0xffd469e3)
core   0: 0x800002d8 (0x00ff1933) sll     s2, t5, a5
core   0: 3 0x800002d8 (0x00ff1933) x18 0x24000000
core   0: 0x800002dc (0x00200693) li      a3, 2
core   0: 3 0x800002dc (0x00200693) x13 0x00000002
core   0: 0x800002e0 (0x00000001) c.nop
core   0: 3 0x800002e0 (0x0001)
core   0: 0x800002e2 (0x01268733) add     a4, a3, s2
core   0: 3 0x800002e2 (0x01268733) x14 0x24000002
core   0: 0x800002e6 (0x01f17f33) and     t5, sp, t6
core   0: 3 0x800002e6 (0x01f17f33) x30 0x00000000
core   0: 0x800002ea (0x000016f9) c.addi  a3, -2
core   0: 3 0x800002ea (0x16f9) x13 0x00000000
core   0: 0x800002ec (0x00a00a13) li      s4, 10
core   0: 3 0x800002ec (0x00a00a13) x20 0x0000000a
core   0: 0x800002f0 (0x01100613) li      a2, 17
core   0: 3 0x800002f0 (0x01100613) x12 0x00000011
core   0: 0x800002f4 (0x03cc71b3) remu    gp, s8, t3
core   0: 3 0x800002f4 (0x03cc71b3) x 3 0x00000000
core   0: 0x800002f8 (0x00000a05) c.addi  s4, 1
core   0: 3 0x800002f8 (0x0a05) x20 0x0000000b
core   0: 0x800002fa (0xfeca1de3) bne     s4, a2, pc - 6
core   0: 3 0x800002fa (0xfeca1de3)
core   0: 0x800002f4 (0x03cc71b3) remu    gp, s8, t3
core   0: 3 0x800002f4 (0x03cc71b3) x 3 0x00000000
core   0: 0x800002f8 (0x00000a05) c.addi  s4, 1
core   0: 3 0x800002f8 (0x0a05) x20 0x0000000c
core   0: 0x800002fa (0xfeca1de3) bne     s4, a2, pc - 6
core   0: 3 0x800002fa (0xfeca1de3)
core   0: 0x800002f4 (0x03cc71b3) remu    gp, s8, t3
core   0: 3 0x800002f4 (0x03cc71b3) x 3 0x00000000
core   0: 0x800002f8 (0x00000a05) c.addi  s4, 1
core   0: 3 0x800002f8 (0x0a05) x20 0x0000000d
core   0: 0x800002fa (0xfeca1de3) bne     s4, a2, pc - 6
core   0: 3 0x800002fa (0xfeca1de3)
core   0: 0x800002f4 (0x03cc71b3) remu    gp, s8, t3
core   0: 3 0x800002f4 (0x03cc71b3) x 3 0x00000000
core   0: 0x800002f8 (0x00000a05) c.addi  s4, 1
core   0: 3 0x800002f8 (0x0a05) x20 0x0000000e
core   0: 0x800002fa (0xfeca1de3) bne     s4, a2, pc - 6
core   0: 3 0x800002fa (0xfeca1de3)
core   0: 0x800002f4 (0x03cc71b3) remu    gp, s8, t3
core   0: 3 0x800002f4 (0x03cc71b3) x 3 0x00000000
core   0: 0x800002f8 (0x00000a05) c.addi  s4, 1
core   0: 3 0x800002f8 (0x0a05) x20 0x0000000f
core   0: 0x800002fa (0xfeca1de3) bne     s4, a2, pc - 6
core   0: 3 0x800002fa (0xfeca1de3)
core   0: 0x800002f4 (0x03cc71b3) remu    gp, s8, t3
core   0: 3 0x800002f4 (0x03cc71b3) x 3 0x00000000
core   0: 0x800002f8 (0x00000a05) c.addi  s4, 1
core   0: 3 0x800002f8 (0x0a05) x20 0x00000010
core   0: 0x800002fa (0xfeca1de3) bne     s4, a2, pc - 6
core   0: 3 0x800002fa (0xfeca1de3)
core   0: 0x800002f4 (0x03cc71b3) remu    gp, s8, t3
core   0: 3 0x800002f4 (0x03cc71b3) x 3 0x00000000
core   0: 0x800002f8 (0x00000a05) c.addi  s4, 1
core   0: 3 0x800002f8 (0x0a05) x20 0x00000011
core   0: 0x800002fa (0xfeca1de3) bne     s4, a2, pc - 6
core   0: 3 0x800002fa (0xfeca1de3)
core   0: 0x800002fe (0x0000d6e5) c.beqz  a3, pc - 24
core   0: 3 0x800002fe (0xd6e5)
core   0: 0x800002e6 (0x01f17f33) and     t5, sp, t6
core   0: 3 0x800002e6 (0x01f17f33) x30 0x00000000
core   0: 0x800002ea (0x000016f9) c.addi  a3, -2
core   0: 3 0x800002ea (0x16f9) x13 0xfffffffe
core   0: 0x800002ec (0x00a00a13) li      s4, 10
core   0: 3 0x800002ec (0x00a00a13) x20 0x0000000a
core   0: 0x800002f0 (0x01100613) li      a2, 17
core   0: 3 0x800002f0 (0x01100613) x12 0x00000011
core   0: 0x800002f4 (0x03cc71b3) remu    gp, s8, t3
core   0: 3 0x800002f4 (0x03cc71b3) x 3 0x00000000
core   0: 0x800002f8 (0x00000a05) c.addi  s4, 1
core   0: 3 0x800002f8 (0x0a05) x20 0x0000000b
core   0: 0x800002fa (0xfeca1de3) bne     s4, a2, pc - 6
core   0: 3 0x800002fa (0xfeca1de3)
core   0: 0x800002f4 (0x03cc71b3) remu    gp, s8, t3
core   0: 3 0x800002f4 (0x03cc71b3) x 3 0x00000000
core   0: 0x800002f8 (0x00000a05) c.addi  s4, 1
core   0: 3 0x800002f8 (0x0a05) x20 0x0000000c
core   0: 0x800002fa (0xfeca1de3) bne     s4, a2, pc - 6
core   0: 3 0x800002fa (0xfeca1de3)
core   0: 0x800002f4 (0x03cc71b3) remu    gp, s8, t3
core   0: 3 0x800002f4 (0x03cc71b3) x 3 0x00000000
core   0: 0x800002f8 (0x00000a05) c.addi  s4, 1
core   0: 3 0x800002f8 (0x0a05) x20 0x0000000d
core   0: 0x800002fa (0xfeca1de3) bne     s4, a2, pc - 6
core   0: 3 0x800002fa (0xfeca1de3)
core   0: 0x800002f4 (0x03cc71b3) remu    gp, s8, t3
core   0: 3 0x800002f4 (0x03cc71b3) x 3 0x00000000
core   0: 0x800002f8 (0x00000a05) c.addi  s4, 1
core   0: 3 0x800002f8 (0x0a05) x20 0x0000000e
core   0: 0x800002fa (0xfeca1de3) bne     s4, a2, pc - 6
core   0: 3 0x800002fa (0xfeca1de3)
core   0: 0x800002f4 (0x03cc71b3) remu    gp, s8, t3
core   0: 3 0x800002f4 (0x03cc71b3) x 3 0x00000000
core   0: 0x800002f8 (0x00000a05) c.addi  s4, 1
core   0: 3 0x800002f8 (0x0a05) x20 0x0000000f
core   0: 0x800002fa (0xfeca1de3) bne     s4, a2, pc - 6
core   0: 3 0x800002fa (0xfeca1de3)
core   0: 0x800002f4 (0x03cc71b3) remu    gp, s8, t3
core   0: 3 0x800002f4 (0x03cc71b3) x 3 0x00000000
core   0: 0x800002f8 (0x00000a05) c.addi  s4, 1
core   0: 3 0x800002f8 (0x0a05) x20 0x00000010
core   0: 0x800002fa (0xfeca1de3) bne     s4, a2, pc - 6
core   0: 3 0x800002fa (0xfeca1de3)
core   0: 0x800002f4 (0x03cc71b3) remu    gp, s8, t3
core   0: 3 0x800002f4 (0x03cc71b3) x 3 0x00000000
core   0: 0x800002f8 (0x00000a05) c.addi  s4, 1
core   0: 3 0x800002f8 (0x0a05) x20 0x00000011
core   0: 0x800002fa (0xfeca1de3) bne     s4, a2, pc - 6
core   0: 3 0x800002fa (0xfeca1de3)
core   0: 0x800002fe (0x0000d6e5) c.beqz  a3, pc - 24
core   0: 3 0x800002fe (0xd6e5)
core   0: 0x80000300 (0x0ff0000f) fence   iorw,iorw
core   0: 3 0x80000300 (0x0ff0000f)
core   0: 0x80000304 (0x00000ea1) c.addi  t4, 8
core   0: 3 0x80000304 (0x0ea1) x29 0x0000001c
core   0: 0x80000306 (0x007b6eb3) or      t4, s6, t2
core   0: 3 0x80000306 (0x007b6eb3) x29 0x885bdfbb
core   0: 0x8000030a (0xbc57f913) andi    s2, a5, -1083
core   0: 3 0x8000030a (0xbc57f913) x18 0x00000000
core   0: 0x8000030e (0x0121b8b3) sltu    a7, gp, s2
core   0: 3 0x8000030e (0x0121b8b3) x17 0x00000000
core   0: 0x80000312 (0x00009c66) c.add   s8, s9
core   0: 3 0x80000312 (0x9c66) x24 0x26105535
core   0: 0x80000314 (0x00bf8eb3) add     t4, t6, a1
core   0: 3 0x80000314 (0x00bf8eb3) x29 0x085b5f20
core   0: 0x80000318 (0x01029d33) sll     s10, t0, a6
core   0: 3 0x80000318 (0x01029d33) x26 0x00000ccc
core   0: 0x8000031c (0x0362ca63) blt     t0, s6, pc + 52
core   0: 3 0x8000031c (0x0362ca63)
core   0: 0x80000350 (0x004739b3) sltu    s3, a4, tp
core   0: 3 0x80000350 (0x004739b3) x19 0x00000000
core   0: 0x80000354 (0x00009086) c.add   ra, ra
core   0: 3 0x80000354 (0x9086) x 1 0x00000000
core   0: 0x80000356 (0x91103913) sltiu   s2, zero, -1775
core   0: 3 0x80000356 (0x91103913) x18 0x00000001
core   0: 0x8000035a (0x00008f39) c.xor   a4, a4
core   0: 3 0x8000035a (0x8f39) x14 0x00000000
core   0: 0x8000035c (0x0239d3b3) divu    t2, s3, gp
core   0: 3 0x8000035c (0x0239d3b3) x 7 0xffffffff
core   0: 0x80000360 (0x0002dfb3) srl     t6, t0, zero
core   0: 3 0x80000360 (0x0002dfb3) x31 0x00000ccc
core   0: 0x80000364 (0x00aa5e63) bge     s4, a0, pc + 28
core   0: 3 0x80000364 (0x00aa5e63)
core   0: 0x80000380 (0x03d1ffb3) remu    t6, gp, t4
core   0: 3 0x80000380 (0x03d1ffb3) x31 0x00000000
core   0: 0x80000384 (0x02b56c63) bltu    a0, a1, pc + 56
core   0: 3 0x80000384 (0x02b56c63)
core   0: 0x80000388 (0x00008eb5) c.xor   a3, a3
core   0: 3 0x80000388 (0x8eb5) x13 0x00000000
core   0: 0x8000038a (0x41fb57b3) sra     a5, s6, t6
core   0: 3 0x8000038a (0x41fb57b3) x15 0x085b5f29
core   0: 0x8000038e (0x015f7a63) bgeu    t5, s5, pc + 20
core   0: 3 0x8000038e (0x015f7a63)
core   0: 0x80000392 (0x0000717d) c.addi16sp sp, -16
core   0: 3 0x80000392 (0x717d) x 2 0x00009ff0
core   0: 0x80000394 (0x01207233) and     tp, zero, s2
core   0: 3 0x80000394 (0x01207233) x 4 0x00000000
core   0: 0x80000398 (0xf7637113) andi    sp, t1, -138
core   0: 3 0x80000398 (0xf7637113) x 2 0x00000002
core   0: 0x8000039c (0x0ff0000f) fence   iorw,iorw
core   0: 3 0x8000039c (0x0ff0000f)
core   0: 0x800003a0 (0x0000e3a1) c.bnez  a5, pc + 64
core   0: 3 0x800003a0 (0xe3a1)
core   0: 0x800003e0 (0x01301e33) sll     t3, zero, s3
core   0: 3 0x800003e0 (0x01301e33) x28 0x00000000
core   0: 0x800003e4 (0x4062d5b3) sra     a1, t0, t1
core   0: 3 0x800003e4 (0x4062d5b3) x11 0x00000199
core   0: 0x800003e8 (0x0000c889) c.beqz  s1, pc + 18
core   0: 3 0x800003e8 (0xc889)
core   0: 0x800003fa (0xd9300593) li      a1, -621
core   0: 3 0x800003fa (0xd9300593) x11 0xfffffd93
core   0: 0x800003fe (0x00006fc5) c.lui   t6, 0x11
core   0: 3 0x800003fe (0x6fc5) x31 0x00011000
core   0: 0x80000400 (0x00008dfd) c.and   a1, a5
core   0: 3 0x80000400 (0x8dfd) x11 0x085b5d01
core   0: 0x80000402 (0x0000100f) fence.i
core   0: 3 0x80000402 (0x0000100f)
core   0: 0x80000406 (0x03a83e33) mulhu   t3, a6, s10
core   0: 3 0x80000406 (0x03a83e33) x28 0x00000000
core   0: 0x8000040a (0xc5b27813) andi    a6, tp, -933
core   0: 3 0x8000040a (0xc5b27813) x16 0x00000000
core   0: 0x8000040e (0x00008239) c.srli  a2, 14
core   0: 3 0x8000040e (0x8239) x12 0x00000000
core   0: 0x80000410 (0xbc983a13) sltiu   s4, a6, -1079
core   0: 3 0x80000410 (0xbc983a13) x20 0x00000001
core   0: 0x80000414 (0x011478b3) and     a7, s0, a7
core   0: 3 0x80000414 (0x011478b3) x17 0x00000000
core   0: 0x80000418 (0x00008156) c.mv    sp, s5
core   0: 3 0x80000418 (0x8156) x 2 0x085b5f20
core   0: 0x8000041a (0xa985f613) andi    a2, a1, -1384
core   0: 3 0x8000041a (0xa985f613) x12 0x085b5800
core   0: 0x8000041e (0x02262c33) mulhsu  s8, a2, sp
core   0: 3 0x8000041e (0x02262c33) x24 0x0045d653
core   0: 0x80000422 (0x020f5fb3) divu    t6, t5, zero
core   0: 3 0x80000422 (0x020f5fb3) x31 0xffffffff
core   0: 0x80000426 (0x00008e29) c.xor   a2, a0
core   0: 3 0x80000426 (0x8e29) x12 0x88594664
core   0: 0x80000428 (0x0000616d) c.addi16sp sp, 240
core   0: 3 0x80000428 (0x616d) x 2 0x085b6010
core   0: 0x8000042a (0x00000001) c.nop
core   0: 3 0x8000042a (0x0001)
core   0: 0x8000042c (0x9a2d1417) auipc   s0, 0x9a2d1
core   0: 3 0x8000042c (0x9a2d1417) x 8 0x1a2d142c
core   0: 0x80000430 (0x015d4cb3) xor     s9, s10, s5
core   0: 3 0x80000430 (0x015d4cb3) x25 0x085b53ec
core   0: 0x80000434 (0x40545cb3) sra     s9, s0, t0
core   0: 3 0x80000434 (0x40545cb3) x25 0x0001a2d1
core   0: 0x80000438 (0x0209bc33) mulhu   s8, s3, zero
core   0: 3 0x80000438 (0x0209bc33) x24 0x00000000
core   0: 0x8000043c (0x00008dc9) c.or    a1, a0
core   0: 3 0x8000043c (0x8dc9) x11 0x885b5f65
core   0: 0x8000043e (0x01949a33) sll     s4, s1, s9
core   0: 3 0x8000043e (0x01949a33) x20 0x00000000
core   0: 0x80000442 (0xbe6fc593) xori    a1, t6, -1050
core   0: 3 0x80000442 (0xbe6fc593) x11 0x00000419
core   0: 0x80000446 (0x00000a98) c.addi4spn a4, sp, 336
core   0: 3 0x80000446 (0x0a98) x14 0x085b6160
core   0: 0x80000448 (0x02a38333) mul     t1, t2, a0
core   0: 3 0x80000448 (0x02a38333) x 6 0x7ffde19c
core   0: 0x8000044c (0x00004397) auipc   t2, 0x4
core   0: 3 0x8000044c (0x00004397) x 7 0x8000444c
core   0: 0x80000450 (0x9ec38393) addi    t2, t2, -1556
core   0: 3 0x80000450 (0x9ec38393) x 7 0x80003e38
core   0: 0x80000454 (0x95a63d13) sltiu   s10, a2, -1702
core   0: 3 0x80000454 (0x95a63d13) x26 0x00000001
core   0: 0x80000458 (0xf0f50613) addi    a2, a0, -241
core   0: 3 0x80000458 (0xf0f50613) x12 0x80021d73
core   0: 0x8000045c (0xa76cb617) auipc   a2, 0xa76cb
core   0: 3 0x8000045c (0xa76cb617) x12 0x276cb45c
core   0: 0x80000460 (0x000088d6) c.mv    a7, s5
core   0: 3 0x80000460 (0x88d6) x17 0x085b5f20
core   0: 0x80000462 (0x00008745) c.srai  a4, 17
core   0: 3 0x80000462 (0x8745) x14 0x0000042d
core   0: 0x80000464 (0x13238393) addi    t2, t2, 306
core   0: 3 0x80000464 (0x13238393) x 7 0x80003f6a
core   0: 0x80000468 (0x4166dc93) srai    s9, a3, 22
core   0: 3 0x80000468 (0x4166dc93) x25 0x00000000
core   0: 0x8000046c (0x00479663) bne     a5, tp, pc + 12
core   0: 3 0x8000046c (0x00479663)
core   0: 0x80000478 (0xece380e7) jalr    ra, t2, -306
core   0: 3 0x80000478 (0xece380e7) x 1 0x8000047c
core   0: 0x80003e38 (0x01f10963) beq     sp, t6, pc + 18
core   0: 3 0x80003e38 (0x01f10963)
core   0: 0x80003e3c (0x03dddb33) divu    s6, s11, t4
core   0: 3 0x80003e3c (0x03dddb33) x22 0x0000000f
core   0: 0x80003e40 (0x000b4033) xor     zero, s6, zero
core   0: 3 0x80003e40 (0x000b4033)
core   0: 0x80003e44 (0x01ac6233) or      tp, s8, s10
core   0: 3 0x80003e44 (0x01ac6233) x 4 0x00000001
core   0: 0x80003e48 (0x00000001) c.nop
core   0: 3 0x80003e48 (0x0001)
core   0: 0x80003e4a (0xfc850513) addi    a0, a0, -56
core   0: 3 0x80003e4a (0xfc850513) x10 0x80021e2c
core   0: 0x80003e4e (0x00152223) sw      ra, 4(a0)
core   0: 3 0x80003e4e (0x00152223) mem 0x80021e30 0x8000047c
core   0: 0x80003e52 (0x00008fe5) c.and   a5, s1
core   0: 3 0x80003e52 (0x8fe5) x15 0x00000000
core   0: 0x80003e54 (0x00008ded) c.and   a1, a1
core   0: 3 0x80003e54 (0x8ded) x11 0x00000419
core   0: 0x80003e56 (0x41098733) sub     a4, s3, a6
core   0: 3 0x80003e56 (0x41098733) x14 0x00000000
core   0: 0x80003e5a (0x00500313) li      t1, 5
core   0: 3 0x80003e5a (0x00500313) x 6 0x00000005
core   0: 0x80003e5e (0x007d8933) add     s2, s11, t2
core   0: 3 0x80003e5e (0x007d8933) x18 0x00029c4e
core   0: 0x80003e62 (0x00006c99) c.lui   s9, 0x6
core   0: 3 0x80003e62 (0x6c99) x25 0x00006000
core   0: 0x80003e64 (0xfee00593) li      a1, -18
core   0: 3 0x80003e64 (0xfee00593) x11 0xffffffee
core   0: 0x80003e68 (0x003c0933) add     s2, s8, gp
core   0: 3 0x80003e68 (0x003c0933) x18 0x00000000
core   0: 0x80003e6c (0x56743f93) sltiu   t6, s0, 1383
core   0: 3 0x80003e6c (0x56743f93) x31 0x00000000
core   0: 0x80003e70 (0x0000137d) c.addi  t1, -1
core   0: 3 0x80003e70 (0x137d) x 6 0x00000004
core   0: 0x80003e72 (0x0000100f) fence.i
core   0: 3 0x80003e72 (0x0000100f)
core   0: 0x80003e76 (0x00000001) c.nop
core   0: 3 0x80003e76 (0x0001)
core   0: 0x80003e78 (0x0192d0b3) srl     ra, t0, s9
core   0: 3 0x80003e78 (0x0192d0b3) x 1 0x00000ccc
core   0: 0x80003e7c (0x41628633) sub     a2, t0, s6
core   0: 3 0x80003e7c (0x41628633) x12 0x00000cbd
core   0: 0x80003e80 (0x00000001) c.nop
core   0: 3 0x80003e80 (0x0001)
core   0: 0x80003e82 (0xfeb305e3) beq     t1, a1, pc - 22
core   0: 3 0x80003e82 (0xfeb305e3)
core   0: 0x80003e86 (0x0359f8b3) remu    a7, s3, s5
core   0: 3 0x80003e86 (0x0359f8b3) x17 0x00000000
core   0: 0x80003e8a (0xff800d13) li      s10, -8
core   0: 3 0x80003e8a (0xff800d13) x26 0xfffffff8
core   0: 0x80003e8e (0x00006b11) c.lui   s6, 0x4
core   0: 3 0x80003e8e (0x6b11) x22 0x00004000
core   0: 0x80003e90 (0x00900e93) li      t4, 9
core   0: 3 0x80003e90 (0x00900e93) x29 0x00000009
core   0: 0x80003e94 (0x00cbe0b3) or      ra, s7, a2
core   0: 3 0x80003e94 (0x00cbe0b3) x 1 0x0000acbd
core   0: 0x80003e98 (0x404b56b3) sra     a3, s6, tp
core   0: 3 0x80003e98 (0x404b56b3) x13 0x00002000
core   0: 0x80003e9c (0x00008ccd) c.or    s1, a1
core   0: 3 0x80003e9c (0x8ccd) x 9 0xffffffee
core   0: 0x80003e9e (0x0000100f) fence.i
core   0: 3 0x80003e9e (0x0000100f)
core   0: 0x80003ea2 (0x012c1093) slli    ra, s8, 18
core   0: 3 0x80003ea2 (0x012c1093) x 1 0x00000000
core   0: 0x80003ea6 (0x33f6a193) slti    gp, a3, 831
core   0: 3 0x80003ea6 (0x33f6a193) x 3 0x00000000
core   0: 0x80003eaa (0xdec1b293) sltiu   t0, gp, -532
core   0: 3 0x80003eaa (0xdec1b293) x 5 0x00000001
core   0: 0x80003eae (0x00000d05) c.addi  s10, 1
core   0: 3 0x80003eae (0x0d05) x26 0xfffffff9
core   0: 0x80003eb0 (0x01016833) or      a6, sp, a6
core   0: 3 0x80003eb0 (0x01016833) x16 0x085b6010
core   0: 0x80003eb4 (0xa454bf13) sltiu   t5, s1, -1467
core   0: 3 0x80003eb4 (0xa454bf13) x30 0x00000000
core   0: 0x80003eb8 (0x00400713) li      a4, 4
core   0: 3 0x80003eb8 (0x00400713) x14 0x00000004
core   0: 0x80003ebc (0x00000001) c.nop
core   0: 3 0x80003ebc (0x0001)
core   0: 0x80003ebe (0x000069d1) c.lui   s3, 0x14
core   0: 3 0x80003ebe (0x69d1) x19 0x00014000
core   0: 0x80003ec0 (0x0000158c) c.addi4spn a1, sp, 736
core   0: 3 0x80003ec0 (0x158c) x11 0x085b62f0
core   0: 0x80003ec2 (0x0ff0000f) fence   iorw,iorw
core   0: 3 0x80003ec2 (0x0ff0000f)
core   0: 0x80003ec6 (0x01b85193) srli    gp, a6, 27
core   0: 3 0x80003ec6 (0x01b85193) x 3 0x00000001
core   0: 0x80003eca (0x00001779) c.addi  a4, -2
core   0: 3 0x80003eca (0x1779) x14 0x00000002
core   0: 0x80003ecc (0x4bc00b97) auipc   s7, 0x4bc00
core   0: 3 0x80003ecc (0x4bc00b97) x23 0xcbc03ecc
core   0: 0x80003ed0 (0x0000db65) c.beqz  a4, pc - 16
core   0: 3 0x80003ed0 (0xdb65)
core   0: 0x80003ed2 (0xf076cf13) xori    t5, a3, -249
core   0: 3 0x80003ed2 (0xf076cf13) x30 0xffffdf07
core   0: 0x80003ed6 (0xfddd0ae3) beq     s10, t4, pc - 44
core   0: 3 0x80003ed6 (0xfddd0ae3)
core   0: 0x80003eda (0x40d28bb3) sub     s7, t0, a3
core   0: 3 0x80003eda (0x40d28bb3) x23 0xffffe001
core   0: 0x80003ede (0x00200393) li      t2, 2
core   0: 3 0x80003ede (0x00200393) x 7 0x00000002
core   0: 0x80003ee2 (0x01075c33) srl     s8, a4, a6
core   0: 3 0x80003ee2 (0x01075c33) x24 0x00000000
core   0: 0x80003ee6 (0x00006929) c.lui   s2, 0xa
core   0: 3 0x80003ee6 (0x6929) x18 0x0000a000
core   0: 0x80003ee8 (0x03d40eb3) mul     t4, s0, t4
core   0: 3 0x80003ee8 (0x03d40eb3) x29 0xeb95b58c
core   0: 0x80003eec (0x00000993) li      s3, 0
core   0: 3 0x80003eec (0x00000993) x19 0x00000000
core   0: 0x80003ef0 (0x78fa7d37) lui     s10, 0x78fa7
core   0: 3 0x80003ef0 (0x78fa7d37) x26 0x78fa7000
core   0: 0x80003ef4 (0x00000086) c.slli  ra, 1
core   0: 3 0x80003ef4 (0x0086) x 1 0x00000000
core   0: 0x80003ef6 (0x03a45bb3) divu    s7, s0, s10
core   0: 3 0x80003ef6 (0x03a45bb3) x23 0x00000000
core   0: 0x80003efa (0x0000987d) c.andi  s0, -1
core   0: 3 0x80003efa (0x987d) x 8 0x1a2d142c
core   0: 0x80003efc (0x404e8133) sub     sp, t4, tp
core   0: 3 0x80003efc (0x404e8133) x 2 0xeb95b58b
core   0: 0x80003f00 (0x0000058e) c.slli  a1, 3
core   0: 3 0x80003f00 (0x058e) x11 0x42db1780
core   0: 0x80003f02 (0x000013e5) c.addi  t2, -7
core   0: 3 0x80003f02 (0x13e5) x 7 0xfffffffb
core   0: 0x80003f04 (0x00004e91) c.li    t4, 4
core   0: 3 0x80003f04 (0x4e91) x29 0x00000004
core   0: 0x80003f06 (0x000058fd) c.li    a7, -1
core   0: 3 0x80003f06 (0x58fd) x17 0xffffffff
core   0: 0x80003f08 (0x0000100f) fence.i
core   0: 3 0x80003f08 (0x0000100f)
core   0: 0x80003f0c (0xff33d5e3) bge     t2, s3, pc - 22
core   0: 3 0x80003f0c (0xff33d5e3)
core   0: 0x80003f10 (0x00008266) c.mv    tp, s9
core   0: 3 0x80003f10 (0x8266) x 4 0x00006000
core   0: 0x80003f12 (0x00200e93) li      t4, 2
core   0: 3 0x80003f12 (0x00200e93) x29 0x00000002
core   0: 0x80003f16 (0x00008c1e) c.mv    s8, t2
core   0: 3 0x80003f16 (0x8c1e) x24 0xfffffffb
core   0: 0x80003f18 (0x00013e33) sltu    t3, sp, zero
core   0: 3 0x80003f18 (0x00013e33) x28 0x00000000
core   0: 0x80003f1c (0x00000001) c.nop
core   0: 3 0x80003f1c (0x0001)
core   0: 0x80003f1e (0x00001994) c.addi4spn a3, sp, 240
core   0: 3 0x80003f1e (0x1994) x13 0xeb95b67b
core   0: 0x80003f20 (0x00400713) li      a4, 4
core   0: 3 0x80003f20 (0x00400713) x14 0x00000004
core   0: 0x80003f24 (0x0000881d) c.andi  s0, 7
core   0: 3 0x80003f24 (0x881d) x 8 0x00000004
core   0: 0x80003f26 (0x014e8b33) add     s6, t4, s4
core   0: 3 0x80003f26 (0x014e8b33) x22 0x00000002
core   0: 0x80003f2a (0x00000ea5) c.addi  t4, 9
core   0: 3 0x80003f2a (0x0ea5) x29 0x0000000b
core   0: 0x80003f2c (0x00008021) c.srli  s0, 8
core   0: 3 0x80003f2c (0x8021) x 8 0x00000000
core   0: 0x80003f2e (0x00009412) c.add   s0, tp
core   0: 3 0x80003f2e (0x9412) x 8 0x00006000
core   0: 0x80003f30 (0x00001f14) c.addi4spn a3, sp, 944
core   0: 3 0x80003f30 (0x1f14) x13 0xeb95b93b
core   0: 0x80003f32 (0x732dc313) xori    t1, s11, 1842
core   0: 3 0x80003f32 (0x732dc313) x 6 0x80025bd6
core   0: 0x80003f36 (0x7df5f113) andi    sp, a1, 2015
core   0: 3 0x80003f36 (0x7df5f113) x 2 0x00000780
core   0: 0x80003f3a (0xfeeee6e3) bltu    t4, a4, pc - 20
core   0: 3 0x80003f3a (0xfeeee6e3)
core   0: 0x80003f3e (0x00006e05) c.lui   t3, 0x1
core   0: 3 0x80003f3e (0x6e05) x28 0x00001000
core   0: 0x80003f40 (0xffb00593) li      a1, -5
core   0: 3 0x80003f40 (0xffb00593) x11 0xfffffffb
core   0: 0x80003f44 (0x00008e85) c.sub   a3, s1
core   0: 3 0x80003f44 (0x8e85) x13 0xeb95b94d
core   0: 0x80003f46 (0x00000001) c.nop
core   0: 3 0x80003f46 (0x0001)
core   0: 0x80003f48 (0x46941697) auipc   a3, 0x46941
core   0: 3 0x80003f48 (0x46941697) x13 0xc6944f48
core   0: 0x80003f4c (0x65e76293) ori     t0, a4, 1630
core   0: 3 0x80003f4c (0x65e76293) x 5 0x0000065e
core   0: 0x80003f50 (0x016f5433) srl     s0, t5, s6
core   0: 3 0x80003f50 (0x016f5433) x 8 0x3ffff7c1
core   0: 0x80003f54 (0x01768833) add     a6, a3, s7
core   0: 3 0x80003f54 (0x01768833) x16 0xc6944f48
core   0: 0x80003f58 (0x41978833) sub     a6, a5, s9
core   0: 3 0x80003f58 (0x41978833) x16 0xffffa000
core   0: 0x80003f5c (0x00000595) c.addi  a1, 5
core   0: 3 0x80003f5c (0x0595) x11 0x00000000
core   0: 0x80003f5e (0x011fa333) slt     t1, t6, a7
core   0: 3 0x80003f5e (0x011fa333) x 6 0x00000000
core   0: 0x80003f62 (0x000007d9) c.addi  a5, 22
core   0: 3 0x80003f62 (0x07d9) x15 0x00000016
core   0: 0x80003f64 (0x0014bcb3) sltu    s9, s1, ra
core   0: 3 0x80003f64 (0x0014bcb3) x25 0x00000000
core   0: 0x80003f68 (0x0ca9f9b7) lui     s3, 0xca9f
core   0: 3 0x80003f68 (0x0ca9f9b7) x19 0x0ca9f000
core   0: 0x80003f6c (0x00a00a13) li      s4, 10
core   0: 3 0x80003f6c (0x00a00a13) x20 0x0000000a
core   0: 0x80003f70 (0x01f23d33) sltu    s10, tp, t6
core   0: 3 0x80003f70 (0x01f23d33) x26 0x00000000
core   0: 0x80003f74 (0x00000001) c.nop
core   0: 3 0x80003f74 (0x0001)
core   0: 0x80003f76 (0x00400913) li      s2, 4
core   0: 3 0x80003f76 (0x00400913) x18 0x00000004
core   0: 0x80003f7a (0x0354bd33) mulhu   s10, s1, s5
core   0: 3 0x80003f7a (0x0354bd33) x26 0x085b5f1f
core   0: 0x80003f7e (0x00000cc5) c.addi  s9, 17
core   0: 3 0x80003f7e (0x0cc5) x25 0x00000011
core   0: 0x80003f80 (0x0000100f) fence.i
core   0: 3 0x80003f80 (0x0000100f)
core   0: 0x80003f84 (0x00001a79) c.addi  s4, -2
core   0: 3 0x80003f84 (0x1a79) x20 0x00000008
core   0: 0x80003f86 (0x004333b3) sltu    t2, t1, tp
core   0: 3 0x80003f86 (0x004333b3) x 7 0x00000001
core   0: 0x80003f8a (0x0000100f) fence.i
core   0: 3 0x80003f8a (0x0000100f)
core   0: 0x80003f8e (0x034f3fb3) mulhu   t6, t5, s4
core   0: 3 0x80003f8e (0x034f3fb3) x31 0x00000007
core   0: 0x80003f92 (0x00008fa9) c.xor   a5, a0
core   0: 3 0x80003f92 (0x8fa9) x15 0x80021e3a
core   0: 0x80003f94 (0x0372c9b3) div     s3, t0, s7
core   0: 3 0x80003f94 (0x0372c9b3) x19 0xffffffff
core   0: 0x80003f98 (0xff2a73e3) bgeu    s4, s2, pc - 26
core   0: 3 0x80003f98 (0xff2a73e3)
core   0: 0x80003f7e (0x00000cc5) c.addi  s9, 17
core   0: 3 0x80003f7e (0x0cc5) x25 0x00000022
core   0: 0x80003f80 (0x0000100f) fence.i
core   0: 3 0x80003f80 (0x0000100f)
core   0: 0x80003f84 (0x00001a79) c.addi  s4, -2
core   0: 3 0x80003f84 (0x1a79) x20 0x00000006
core   0: 0x80003f86 (0x004333b3) sltu    t2, t1, tp
core   0: 3 0x80003f86 (0x004333b3) x 7 0x00000001
core   0: 0x80003f8a (0x0000100f) fence.i
core   0: 3 0x80003f8a (0x0000100f)
core   0: 0x80003f8e (0x034f3fb3) mulhu   t6, t5, s4
core   0: 3 0x80003f8e (0x034f3fb3) x31 0x00000005
core   0: 0x80003f92 (0x00008fa9) c.xor   a5, a0
core   0: 3 0x80003f92 (0x8fa9) x15 0x00000016
core   0: 0x80003f94 (0x0372c9b3) div     s3, t0, s7
core   0: 3 0x80003f94 (0x0372c9b3) x19 0xffffffff
core   0: 0x80003f98 (0xff2a73e3) bgeu    s4, s2, pc - 26
core   0: 3 0x80003f98 (0xff2a73e3)
core   0: 0x80003f7e (0x00000cc5) c.addi  s9, 17
core   0: 3 0x80003f7e (0x0cc5) x25 0x00000033
core   0: 0x80003f80 (0x0000100f) fence.i
core   0: 3 0x80003f80 (0x0000100f)
core   0: 0x80003f84 (0x00001a79) c.addi  s4, -2
core   0: 3 0x80003f84 (0x1a79) x20 0x00000004
core   0: 0x80003f86 (0x004333b3) sltu    t2, t1, tp
core   0: 3 0x80003f86 (0x004333b3) x 7 0x00000001
core   0: 0x80003f8a (0x0000100f) fence.i
core   0: 3 0x80003f8a (0x0000100f)
core   0: 0x80003f8e (0x034f3fb3) mulhu   t6, t5, s4
core   0: 3 0x80003f8e (0x034f3fb3) x31 0x00000003
core   0: 0x80003f92 (0x00008fa9) c.xor   a5, a0
core   0: 3 0x80003f92 (0x8fa9) x15 0x80021e3a
core   0: 0x80003f94 (0x0372c9b3) div     s3, t0, s7
core   0: 3 0x80003f94 (0x0372c9b3) x19 0xffffffff
core   0: 0x80003f98 (0xff2a73e3) bgeu    s4, s2, pc - 26
core   0: 3 0x80003f98 (0xff2a73e3)
core   0: 0x80003f7e (0x00000cc5) c.addi  s9, 17
core   0: 3 0x80003f7e (0x0cc5) x25 0x00000044
core   0: 0x80003f80 (0x0000100f) fence.i
core   0: 3 0x80003f80 (0x0000100f)
core   0: 0x80003f84 (0x00001a79) c.addi  s4, -2
core   0: 3 0x80003f84 (0x1a79) x20 0x00000002
core   0: 0x80003f86 (0x004333b3) sltu    t2, t1, tp
core   0: 3 0x80003f86 (0x004333b3) x 7 0x00000001
core   0: 0x80003f8a (0x0000100f) fence.i
core   0: 3 0x80003f8a (0x0000100f)
core   0: 0x80003f8e (0x034f3fb3) mulhu   t6, t5, s4
core   0: 3 0x80003f8e (0x034f3fb3) x31 0x00000001
core   0: 0x80003f92 (0x00008fa9) c.xor   a5, a0
core   0: 3 0x80003f92 (0x8fa9) x15 0x00000016
core   0: 0x80003f94 (0x0372c9b3) div     s3, t0, s7
core   0: 3 0x80003f94 (0x0372c9b3) x19 0xffffffff
core   0: 0x80003f98 (0xff2a73e3) bgeu    s4, s2, pc - 26
core   0: 3 0x80003f98 (0xff2a73e3)
core   0: 0x80003f9c (0x0000100f) fence.i
core   0: 3 0x80003f9c (0x0000100f)
core   0: 0x80003fa0 (0x0000f5c5) c.bnez  a1, pc - 88
core   0: 3 0x80003fa0 (0xf5c5)
core   0: 0x80003fa2 (0x039dbeb3) mulhu   t4, s11, s9
core   0: 3 0x80003fa2 (0x039dbeb3) x29 0x00000022
core   0: 0x80003fa6 (0x00a00913) li      s2, 10
core   0: 3 0x80003fa6 (0x00a00913) x18 0x0000000a
core   0: 0x80003faa (0x00000b59) c.addi  s6, 22
core   0: 3 0x80003faa (0x0b59) x22 0x00000018
core   0: 0x80003fac (0x03f767b3) rem     a5, a4, t6
core   0: 3 0x80003fac (0x03f767b3) x15 0x00000000
core   0: 0x80003fb0 (0x00b41e93) slli    t4, s0, 11
core   0: 3 0x80003fb0 (0x00b41e93) x29 0xffbe0800
core   0: 0x80003fb4 (0x412ade13) srai    t3, s5, 18
core   0: 3 0x80003fb4 (0x412ade13) x28 0x00000216
core   0: 0x80003fb8 (0x00a00293) li      t0, 10
core   0: 3 0x80003fb8 (0x00a00293) x 5 0x0000000a
core   0: 0x80003fbc (0x00e5f3b3) and     t2, a1, a4
core   0: 3 0x80003fbc (0x00e5f3b3) x 7 0x00000000
core   0: 0x80003fc0 (0x00009afd) c.andi  a3, -1
core   0: 3 0x80003fc0 (0x9afd) x13 0xc6944f48
core   0: 0x80003fc2 (0x00001975) c.addi  s2, -3
core   0: 3 0x80003fc2 (0x1975) x18 0x00000007
core   0: 0x80003fc4 (0x569ea593) slti    a1, t4, 1385
core   0: 3 0x80003fc4 (0x569ea593) x11 0x00000001
core   0: 0x80003fc8 (0x00000001) c.nop
core   0: 3 0x80003fc8 (0x0001)
core   0: 0x80003fca (0x0000577d) c.li    a4, -1
core   0: 3 0x80003fca (0x577d) x14 0xffffffff
core   0: 0x80003fcc (0x00000001) c.nop
core   0: 3 0x80003fcc (0x0001)
core   0: 0x80003fce (0x41058f33) sub     t5, a1, a6
core   0: 3 0x80003fce (0x41058f33) x30 0x00006001
core   0: 0x80003fd2 (0xfe5977e3) bgeu    s2, t0, pc - 18
core   0: 3 0x80003fd2 (0xfe5977e3)
core   0: 0x80003fd6 (0x0237ce33) div     t3, a5, gp
core   0: 3 0x80003fd6 (0x0237ce33) x28 0x00000000
core   0: 0x80003fda (0xff600a13) li      s4, -10
core   0: 3 0x80003fda (0xff600a13) x20 0xfffffff6
core   0: 0x80003fde (0xbef3b613) sltiu   a2, t2, -1041
core   0: 3 0x80003fde (0xbef3b613) x12 0x00000001
core   0: 0x80003fe2 (0x03e61f33) mulh    t5, a2, t5
core   0: 3 0x80003fe2 (0x03e61f33) x30 0x00000000
core   0: 0x80003fe6 (0x00000001) c.nop
core   0: 3 0x80003fe6 (0x0001)
core   0: 0x80003fe8 (0x00c5a033) slt     zero, a1, a2
core   0: 3 0x80003fe8 (0x00c5a033)
core   0: 0x80003fec (0xfff00e93) li      t4, -1
core   0: 3 0x80003fec (0xfff00e93) x29 0xffffffff
core   0: 0x80003ff0 (0x02d587b3) mul     a5, a1, a3
core   0: 3 0x80003ff0 (0x02d587b3) x15 0xc6944f48
core   0: 0x80003ff4 (0x02169933) mulh    s2, a3, ra
core   0: 3 0x80003ff4 (0x02169933) x18 0x00000000
core   0: 0x80003ff8 (0x009454b3) srl     s1, s0, s1
core   0: 3 0x80003ff8 (0x009454b3) x 9 0x0000ffff
core   0: 0x80003ffc (0x00000a0d) c.addi  s4, 3
core   0: 3 0x80003ffc (0x0a0d) x20 0xfffffff9
core   0: 0x80003ffe (0x00000001) c.nop
core   0: 3 0x80003ffe (0x0001)
core   0: 0x80004000 (0x00008eb9) c.xor   a3, a4
core   0: 3 0x80004000 (0x8eb9) x13 0x396bb0b7
core   0: 0x80004002 (0x41e4db33) sra     s6, s1, t5
core   0: 3 0x80004002 (0x41e4db33) x22 0x0000ffff
core   0: 0x80004006 (0x0000179c) c.addi4spn a5, sp, 992
core   0: 3 0x80004006 (0x179c) x15 0x00000b60
core   0: 0x80004008 (0x00008e8d) c.sub   a3, a1
core   0: 3 0x80004008 (0x8e8d) x13 0x396bb0b6
core   0: 0x8000400a (0xffda43e3) blt     s4, t4, pc - 26
core   0: 3 0x8000400a (0xffda43e3)
core   0: 0x80003ff0 (0x02d587b3) mul     a5, a1, a3
core   0: 3 0x80003ff0 (0x02d587b3) x15 0x396bb0b6
core   0: 0x80003ff4 (0x02169933) mulh    s2, a3, ra
core   0: 3 0x80003ff4 (0x02169933) x18 0x00000000
core   0: 0x80003ff8 (0x009454b3) srl     s1, s0, s1
core   0: 3 0x80003ff8 (0x009454b3) x 9 0x00000000
core   0: 0x80003ffc (0x00000a0d) c.addi  s4, 3
core   0: 3 0x80003ffc (0x0a0d) x20 0xfffffffc
core   0: 0x80003ffe (0x00000001) c.nop
core   0: 3 0x80003ffe (0x0001)
core   0: 0x80004000 (0x00008eb9) c.xor   a3, a4
core   0: 3 0x80004000 (0x8eb9) x13 0xc6944f49
core   0: 0x80004002 (0x41e4db33) sra     s6, s1, t5
core   0: 3 0x80004002 (0x41e4db33) x22 0x00000000
core   0: 0x80004006 (0x0000179c) c.addi4spn a5, sp, 992
core   0: 3 0x80004006 (0x179c) x15 0x00000b60
core   0: 0x80004008 (0x00008e8d) c.sub   a3, a1
core   0: 3 0x80004008 (0x8e8d) x13 0xc6944f48
core   0: 0x8000400a (0xffda43e3) blt     s4, t4, pc - 26
core   0: 3 0x8000400a (0xffda43e3)
core   0: 0x80003ff0 (0x02d587b3) mul     a5, a1, a3
core   0: 3 0x80003ff0 (0x02d587b3) x15 0xc6944f48
core   0: 0x80003ff4 (0x02169933) mulh    s2, a3, ra
core   0: 3 0x80003ff4 (0x02169933) x18 0x00000000
core   0: 0x80003ff8 (0x009454b3) srl     s1, s0, s1
core   0: 3 0x80003ff8 (0x009454b3) x 9 0x3ffff7c1
core   0: 0x80003ffc (0x00000a0d) c.addi  s4, 3
core   0: 3 0x80003ffc (0x0a0d) x20 0xffffffff
core   0: 0x80003ffe (0x00000001) c.nop
core   0: 3 0x80003ffe (0x0001)
core   0: 0x80004000 (0x00008eb9) c.xor   a3, a4
core   0: 3 0x80004000 (0x8eb9) x13 0x396bb0b7
core   0: 0x80004002 (0x41e4db33) sra     s6, s1, t5
core   0: 3 0x80004002 (0x41e4db33) x22 0x3ffff7c1
core   0: 0x80004006 (0x0000179c) c.addi4spn a5, sp, 992
core   0: 3 0x80004006 (0x179c) x15 0x00000b60
core   0: 0x80004008 (0x00008e8d) c.sub   a3, a1
core   0: 3 0x80004008 (0x8e8d) x13 0x396bb0b6
core   0: 0x8000400a (0xffda43e3) blt     s4, t4, pc - 26
core   0: 3 0x8000400a (0xffda43e3)
core   0: 0x8000400e (0x0269f933) remu    s2, s3, t1
core   0: 3 0x8000400e (0x0269f933) x18 0xffffffff
core   0: 0x80004012 (0xffc00613) li      a2, -4
core   0: 3 0x80004012 (0xffc00613) x12 0xfffffffc
core   0: 0x80004016 (0x00001580) c.addi4spn s0, sp, 736
core   0: 3 0x80004016 (0x1580) x 8 0x00000a60
core   0: 0x80004018 (0x00008c09) c.sub   s0, a0
core   0: 3 0x80004018 (0x8c09) x 8 0x7ffdec34
core   0: 0x8000401a (0x00a00f93) li      t6, 10
core   0: 3 0x8000401a (0x00a00f93) x31 0x0000000a
core   0: 0x8000401e (0x00000241) c.addi  tp, 16
core   0: 3 0x8000401e (0x0241) x 4 0x00006010
core   0: 0x80004020 (0x0000060d) c.addi  a2, 3
core   0: 3 0x80004020 (0x060d) x12 0xffffffff
core   0: 0x80004022 (0xfff64ee3) blt     a2, t6, pc - 4
core   0: 3 0x80004022 (0xfff64ee3)
core   0: 0x8000401e (0x00000241) c.addi  tp, 16
core   0: 3 0x8000401e (0x0241) x 4 0x00006020
core   0: 0x80004020 (0x0000060d) c.addi  a2, 3
core   0: 3 0x80004020 (0x060d) x12 0x00000002
core   0: 0x80004022 (0xfff64ee3) blt     a2, t6, pc - 4
core   0: 3 0x80004022 (0xfff64ee3)
core   0: 0x8000401e (0x00000241) c.addi  tp, 16
core   0: 3 0x8000401e (0x0241) x 4 0x00006030
core   0: 0x80004020 (0x0000060d) c.addi  a2, 3
core   0: 3 0x80004020 (0x060d) x12 0x00000005
core   0: 0x80004022 (0xfff64ee3) blt     a2, t6, pc - 4
core   0: 3 0x80004022 (0xfff64ee3)
core   0: 0x8000401e (0x00000241) c.addi  tp, 16
core   0: 3 0x8000401e (0x0241) x 4 0x00006040
core   0: 0x80004020 (0x0000060d) c.addi  a2, 3
core   0: 3 0x80004020 (0x060d) x12 0x00000008
core   0: 0x80004022 (0xfff64ee3) blt     a2, t6, pc - 4
core   0: 3 0x80004022 (0xfff64ee3)
core   0: 0x8000401e (0x00000241) c.addi  tp, 16
core   0: 3 0x8000401e (0x0241) x 4 0x00006050
core   0: 0x80004020 (0x0000060d) c.addi  a2, 3
core   0: 3 0x80004020 (0x060d) x12 0x0000000b
core   0: 0x80004022 (0xfff64ee3) blt     a2, t6, pc - 4
core   0: 3 0x80004022 (0xfff64ee3)
core   0: 0x80004026 (0x00008ec9) c.or    a3, a0
core   0: 3 0x80004026 (0x8ec9) x13 0xb96bbebe
core   0: 0x80004028 (0x00500713) li      a4, 5
core   0: 3 0x80004028 (0x00500713) x14 0x00000005
core   0: 0x8000402c (0x00000001) c.nop
core   0: 3 0x8000402c (0x0001)
core   0: 0x8000402e (0x00005d7d) c.li    s10, -1
core   0: 3 0x8000402e (0x5d7d) x26 0xffffffff
core   0: 0x80004030 (0x02042333) mulhsu  t1, s0, zero
core   0: 3 0x80004030 (0x02042333) x 6 0x00000000
core   0: 0x80004034 (0x0000177d) c.addi  a4, -1
core   0: 3 0x80004034 (0x177d) x14 0x00000004
core   0: 0x80004036 (0x00900913) li      s2, 9
core   0: 3 0x80004036 (0x00900913) x18 0x00000009
core   0: 0x8000403a (0x00a00393) li      t2, 10
core   0: 3 0x8000403a (0x00a00393) x 7 0x0000000a
core   0: 0x8000403e (0x104c7f13) andi    t5, s8, 260
core   0: 3 0x8000403e (0x104c7f13) x30 0x00000100
core   0: 0x80004042 (0x00000919) c.addi  s2, 6
core   0: 3 0x80004042 (0x0919) x18 0x0000000f
core   0: 0x80004044 (0xfe794de3) blt     s2, t2, pc - 6
core   0: 3 0x80004044 (0xfe794de3)
core   0: 0x80004048 (0x0000f37d) c.bnez  a4, pc - 26
core   0: 3 0x80004048 (0xf37d)
core   0: 0x8000402e (0x00005d7d) c.li    s10, -1
core   0: 3 0x8000402e (0x5d7d) x26 0xffffffff
core   0: 0x80004030 (0x02042333) mulhsu  t1, s0, zero
core   0: 3 0x80004030 (0x02042333) x 6 0x00000000
core   0: 0x80004034 (0x0000177d) c.addi  a4, -1
core   0: 3 0x80004034 (0x177d) x14 0x00000003
core   0: 0x80004036 (0x00900913) li      s2, 9
core   0: 3 0x80004036 (0x00900913) x18 0x00000009
core   0: 0x8000403a (0x00a00393) li      t2, 10
core   0: 3 0x8000403a (0x00a00393) x 7 0x0000000a
core   0: 0x8000403e (0x104c7f13) andi    t5, s8, 260
core   0: 3 0x8000403e (0x104c7f13) x30 0x00000100
core   0: 0x80004042 (0x00000919) c.addi  s2, 6
core   0: 3 0x80004042 (0x0919) x18 0x0000000f
core   0: 0x80004044 (0xfe794de3) blt     s2, t2, pc - 6
core   0: 3 0x80004044 (0xfe794de3)
core   0: 0x80004048 (0x0000f37d) c.bnez  a4, pc - 26
core   0: 3 0x80004048 (0xf37d)
core   0: 0x8000402e (0x00005d7d) c.li    s10, -1
core   0: 3 0x8000402e (0x5d7d) x26 0xffffffff
core   0: 0x80004030 (0x02042333) mulhsu  t1, s0, zero
core   0: 3 0x80004030 (0x02042333) x 6 0x00000000
core   0: 0x80004034 (0x0000177d) c.addi  a4, -1
core   0: 3 0x80004034 (0x177d) x14 0x00000002
core   0: 0x80004036 (0x00900913) li      s2, 9
core   0: 3 0x80004036 (0x00900913) x18 0x00000009
core   0: 0x8000403a (0x00a00393) li      t2, 10
core   0: 3 0x8000403a (0x00a00393) x 7 0x0000000a
core   0: 0x8000403e (0x104c7f13) andi    t5, s8, 260
core   0: 3 0x8000403e (0x104c7f13) x30 0x00000100
core   0: 0x80004042 (0x00000919) c.addi  s2, 6
core   0: 3 0x80004042 (0x0919) x18 0x0000000f
core   0: 0x80004044 (0xfe794de3) blt     s2, t2, pc - 6
core   0: 3 0x80004044 (0xfe794de3)
core   0: 0x80004048 (0x0000f37d) c.bnez  a4, pc - 26
core   0: 3 0x80004048 (0xf37d)
core   0: 0x8000402e (0x00005d7d) c.li    s10, -1
core   0: 3 0x8000402e (0x5d7d) x26 0xffffffff
core   0: 0x80004030 (0x02042333) mulhsu  t1, s0, zero
core   0: 3 0x80004030 (0x02042333) x 6 0x00000000
core   0: 0x80004034 (0x0000177d) c.addi  a4, -1
core   0: 3 0x80004034 (0x177d) x14 0x00000001
core   0: 0x80004036 (0x00900913) li      s2, 9
core   0: 3 0x80004036 (0x00900913) x18 0x00000009
core   0: 0x8000403a (0x00a00393) li      t2, 10
core   0: 3 0x8000403a (0x00a00393) x 7 0x0000000a
core   0: 0x8000403e (0x104c7f13) andi    t5, s8, 260
core   0: 3 0x8000403e (0x104c7f13) x30 0x00000100
core   0: 0x80004042 (0x00000919) c.addi  s2, 6
core   0: 3 0x80004042 (0x0919) x18 0x0000000f
core   0: 0x80004044 (0xfe794de3) blt     s2, t2, pc - 6
core   0: 3 0x80004044 (0xfe794de3)
core   0: 0x80004048 (0x0000f37d) c.bnez  a4, pc - 26
core   0: 3 0x80004048 (0xf37d)
core   0: 0x8000402e (0x00005d7d) c.li    s10, -1
core   0: 3 0x8000402e (0x5d7d) x26 0xffffffff
core   0: 0x80004030 (0x02042333) mulhsu  t1, s0, zero
core   0: 3 0x80004030 (0x02042333) x 6 0x00000000
core   0: 0x80004034 (0x0000177d) c.addi  a4, -1
core   0: 3 0x80004034 (0x177d) x14 0x00000000
core   0: 0x80004036 (0x00900913) li      s2, 9
core   0: 3 0x80004036 (0x00900913) x18 0x00000009
core   0: 0x8000403a (0x00a00393) li      t2, 10
core   0: 3 0x8000403a (0x00a00393) x 7 0x0000000a
core   0: 0x8000403e (0x104c7f13) andi    t5, s8, 260
core   0: 3 0x8000403e (0x104c7f13) x30 0x00000100
core   0: 0x80004042 (0x00000919) c.addi  s2, 6
core   0: 3 0x80004042 (0x0919) x18 0x0000000f
core   0: 0x80004044 (0xfe794de3) blt     s2, t2, pc - 6
core   0: 3 0x80004044 (0xfe794de3)
core   0: 0x80004048 (0x0000f37d) c.bnez  a4, pc - 26
core   0: 3 0x80004048 (0xf37d)
core   0: 0x8000404a (0x00008615) c.srai  a2, 5
core   0: 3 0x8000404a (0x8615) x12 0x00000000
core   0: 0x8000404c (0x00700413) li      s0, 7
core   0: 3 0x8000404c (0x00700413) x 8 0x00000007
core   0: 0x80004050 (0x00300f93) li      t6, 3
core   0: 3 0x80004050 (0x00300f93) x31 0x00000003
core   0: 0x80004054 (0x0000197d) c.addi  s2, -1
core   0: 3 0x80004054 (0x197d) x18 0x0000000e
core   0: 0x80004056 (0x00001479) c.addi  s0, -2
core   0: 3 0x80004056 (0x1479) x 8 0x00000005
core   0: 0x80004058 (0x00800613) li      a2, 8
core   0: 3 0x80004058 (0x00800613) x12 0x00000008
core   0: 0x8000405c (0x0304d133) divu    sp, s1, a6
core   0: 3 0x8000405c (0x0304d133) x 2 0x00000000
core   0: 0x80004060 (0x00300393) li      t2, 3
core   0: 3 0x80004060 (0x00300393) x 7 0x00000003
core   0: 0x80004064 (0x00009e1e) c.add   t3, t2
core   0: 3 0x80004064 (0x9e1e) x28 0x00000003
core   0: 0x80004066 (0x0000167d) c.addi  a2, -1
core   0: 3 0x80004066 (0x167d) x12 0x00000007
core   0: 0x80004068 (0xfe767ee3) bgeu    a2, t2, pc - 4
core   0: 3 0x80004068 (0xfe767ee3)
core   0: 0x80004064 (0x00009e1e) c.add   t3, t2
core   0: 3 0x80004064 (0x9e1e) x28 0x00000006
core   0: 0x80004066 (0x0000167d) c.addi  a2, -1
core   0: 3 0x80004066 (0x167d) x12 0x00000006
core   0: 0x80004068 (0xfe767ee3) bgeu    a2, t2, pc - 4
core   0: 3 0x80004068 (0xfe767ee3)
core   0: 0x80004064 (0x00009e1e) c.add   t3, t2
core   0: 3 0x80004064 (0x9e1e) x28 0x00000009
core   0: 0x80004066 (0x0000167d) c.addi  a2, -1
core   0: 3 0x80004066 (0x167d) x12 0x00000005
core   0: 0x80004068 (0xfe767ee3) bgeu    a2, t2, pc - 4
core   0: 3 0x80004068 (0xfe767ee3)
core   0: 0x80004064 (0x00009e1e) c.add   t3, t2
core   0: 3 0x80004064 (0x9e1e) x28 0x0000000c
core   0: 0x80004066 (0x0000167d) c.addi  a2, -1
core   0: 3 0x80004066 (0x167d) x12 0x00000004
core   0: 0x80004068 (0xfe767ee3) bgeu    a2, t2, pc - 4
core   0: 3 0x80004068 (0xfe767ee3)
core   0: 0x80004064 (0x00009e1e) c.add   t3, t2
core   0: 3 0x80004064 (0x9e1e) x28 0x0000000f
core   0: 0x80004066 (0x0000167d) c.addi  a2, -1
core   0: 3 0x80004066 (0x167d) x12 0x00000003
core   0: 0x80004068 (0xfe767ee3) bgeu    a2, t2, pc - 4
core   0: 3 0x80004068 (0xfe767ee3)
core   0: 0x80004064 (0x00009e1e) c.add   t3, t2
core   0: 3 0x80004064 (0x9e1e) x28 0x00000012
core   0: 0x80004066 (0x0000167d) c.addi  a2, -1
core   0: 3 0x80004066 (0x167d) x12 0x00000002
core   0: 0x80004068 (0xfe767ee3) bgeu    a2, t2, pc - 4
core   0: 3 0x80004068 (0xfe767ee3)
core   0: 0x8000406c (0xfff474e3) bgeu    s0, t6, pc - 24
core   0: 3 0x8000406c (0xfff474e3)
core   0: 0x80004054 (0x0000197d) c.addi  s2, -1
core   0: 3 0x80004054 (0x197d) x18 0x0000000d
core   0: 0x80004056 (0x00001479) c.addi  s0, -2
core   0: 3 0x80004056 (0x1479) x 8 0x00000003
core   0: 0x80004058 (0x00800613) li      a2, 8
core   0: 3 0x80004058 (0x00800613) x12 0x00000008
core   0: 0x8000405c (0x0304d133) divu    sp, s1, a6
core   0: 3 0x8000405c (0x0304d133) x 2 0x00000000
core   0: 0x80004060 (0x00300393) li      t2, 3
core   0: 3 0x80004060 (0x00300393) x 7 0x00000003
core   0: 0x80004064 (0x00009e1e) c.add   t3, t2
core   0: 3 0x80004064 (0x9e1e) x28 0x00000015
core   0: 0x80004066 (0x0000167d) c.addi  a2, -1
core   0: 3 0x80004066 (0x167d) x12 0x00000007
core   0: 0x80004068 (0xfe767ee3) bgeu    a2, t2, pc - 4
core   0: 3 0x80004068 (0xfe767ee3)
core   0: 0x80004064 (0x00009e1e) c.add   t3, t2
core   0: 3 0x80004064 (0x9e1e) x28 0x00000018
core   0: 0x80004066 (0x0000167d) c.addi  a2, -1
core   0: 3 0x80004066 (0x167d) x12 0x00000006
core   0: 0x80004068 (0xfe767ee3) bgeu    a2, t2, pc - 4
core   0: 3 0x80004068 (0xfe767ee3)
core   0: 0x80004064 (0x00009e1e) c.add   t3, t2
core   0: 3 0x80004064 (0x9e1e) x28 0x0000001b
core   0: 0x80004066 (0x0000167d) c.addi  a2, -1
core   0: 3 0x80004066 (0x167d) x12 0x00000005
core   0: 0x80004068 (0xfe767ee3) bgeu    a2, t2, pc - 4
core   0: 3 0x80004068 (0xfe767ee3)
core   0: 0x80004064 (0x00009e1e) c.add   t3, t2
core   0: 3 0x80004064 (0x9e1e) x28 0x0000001e
core   0: 0x80004066 (0x0000167d) c.addi  a2, -1
core   0: 3 0x80004066 (0x167d) x12 0x00000004
core   0: 0x80004068 (0xfe767ee3) bgeu    a2, t2, pc - 4
core   0: 3 0x80004068 (0xfe767ee3)
core   0: 0x80004064 (0x00009e1e) c.add   t3, t2
core   0: 3 0x80004064 (0x9e1e) x28 0x00000021
core   0: 0x80004066 (0x0000167d) c.addi  a2, -1
core   0: 3 0x80004066 (0x167d) x12 0x00000003
core   0: 0x80004068 (0xfe767ee3) bgeu    a2, t2, pc - 4
core   0: 3 0x80004068 (0xfe767ee3)
core   0: 0x80004064 (0x00009e1e) c.add   t3, t2
core   0: 3 0x80004064 (0x9e1e) x28 0x00000024
core   0: 0x80004066 (0x0000167d) c.addi  a2, -1
core   0: 3 0x80004066 (0x167d) x12 0x00000002
core   0: 0x80004068 (0xfe767ee3) bgeu    a2, t2, pc - 4
core   0: 3 0x80004068 (0xfe767ee3)
core   0: 0x8000406c (0xfff474e3) bgeu    s0, t6, pc - 24
core   0: 3 0x8000406c (0xfff474e3)
core   0: 0x80004054 (0x0000197d) c.addi  s2, -1
core   0: 3 0x80004054 (0x197d) x18 0x0000000c
core   0: 0x80004056 (0x00001479) c.addi  s0, -2
core   0: 3 0x80004056 (0x1479) x 8 0x00000001
core   0: 0x80004058 (0x00800613) li      a2, 8
core   0: 3 0x80004058 (0x00800613) x12 0x00000008
core   0: 0x8000405c (0x0304d133) divu    sp, s1, a6
core   0: 3 0x8000405c (0x0304d133) x 2 0x00000000
core   0: 0x80004060 (0x00300393) li      t2, 3
core   0: 3 0x80004060 (0x00300393) x 7 0x00000003
core   0: 0x80004064 (0x00009e1e) c.add   t3, t2
core   0: 3 0x80004064 (0x9e1e) x28 0x00000027
core   0: 0x80004066 (0x0000167d) c.addi  a2, -1
core   0: 3 0x80004066 (0x167d) x12 0x00000007
core   0: 0x80004068 (0xfe767ee3) bgeu    a2, t2, pc - 4
core   0: 3 0x80004068 (0xfe767ee3)
core   0: 0x80004064 (0x00009e1e) c.add   t3, t2
core   0: 3 0x80004064 (0x9e1e) x28 0x0000002a
core   0: 0x80004066 (0x0000167d) c.addi  a2, -1
core   0: 3 0x80004066 (0x167d) x12 0x00000006
core   0: 0x80004068 (0xfe767ee3) bgeu    a2, t2, pc - 4
core   0: 3 0x80004068 (0xfe767ee3)
core   0: 0x80004064 (0x00009e1e) c.add   t3, t2
core   0: 3 0x80004064 (0x9e1e) x28 0x0000002d
core   0: 0x80004066 (0x0000167d) c.addi  a2, -1
core   0: 3 0x80004066 (0x167d) x12 0x00000005
core   0: 0x80004068 (0xfe767ee3) bgeu    a2, t2, pc - 4
core   0: 3 0x80004068 (0xfe767ee3)
core   0: 0x80004064 (0x00009e1e) c.add   t3, t2
core   0: 3 0x80004064 (0x9e1e) x28 0x00000030
core   0: 0x80004066 (0x0000167d) c.addi  a2, -1
core   0: 3 0x80004066 (0x167d) x12 0x00000004
core   0: 0x80004068 (0xfe767ee3) bgeu    a2, t2, pc - 4
core   0: 3 0x80004068 (0xfe767ee3)
core   0: 0x80004064 (0x00009e1e) c.add   t3, t2
core   0: 3 0x80004064 (0x9e1e) x28 0x00000033
core   0: 0x80004066 (0x0000167d) c.addi  a2, -1
core   0: 3 0x80004066 (0x167d) x12 0x00000003
core   0: 0x80004068 (0xfe767ee3) bgeu    a2, t2, pc - 4
core   0: 3 0x80004068 (0xfe767ee3)
core   0: 0x80004064 (0x00009e1e) c.add   t3, t2
core   0: 3 0x80004064 (0x9e1e) x28 0x00000036
core   0: 0x80004066 (0x0000167d) c.addi  a2, -1
core   0: 3 0x80004066 (0x167d) x12 0x00000002
core   0: 0x80004068 (0xfe767ee3) bgeu    a2, t2, pc - 4
core   0: 3 0x80004068 (0xfe767ee3)
core   0: 0x8000406c (0xfff474e3) bgeu    s0, t6, pc - 24
core   0: 3 0x8000406c (0xfff474e3)
core   0: 0x80004070 (0x302d3c93) sltiu   s9, s10, 770
core   0: 3 0x80004070 (0x302d3c93) x25 0x00000000
core   0: 0x80004074 (0xff700593) li      a1, -9
core   0: 3 0x80004074 (0xff700593) x11 0xfffffff7
core   0: 0x80004078 (0x00008c3d) c.xor   s0, a5
core   0: 3 0x80004078 (0x8c3d) x 8 0x00000b61
core   0: 0x8000407a (0x0000717d) c.addi16sp sp, -16
core   0: 3 0x8000407a (0x717d) x 2 0xfffffff0
core   0: 0x8000407c (0x00600293) li      t0, 6
core   0: 3 0x8000407c (0x00600293) x 5 0x00000006
core   0: 0x80004080 (0x00009afd) c.andi  a3, -1
core   0: 3 0x80004080 (0x9afd) x13 0xb96bbebe
core   0: 0x80004082 (0x7b56a413) slti    s0, a3, 1973
core   0: 3 0x80004082 (0x7b56a413) x 8 0x00000001
core   0: 0x80004086 (0x02442a33) mulhsu  s4, s0, tp
core   0: 3 0x80004086 (0x02442a33) x20 0x00000000
core   0: 0x8000408a (0x0000058d) c.addi  a1, 3
core   0: 3 0x8000408a (0x058d) x11 0xfffffffa
core   0: 0x8000408c (0x0081c233) xor     tp, gp, s0
core   0: 3 0x8000408c (0x0081c233) x 4 0x00000000
core   0: 0x80004090 (0x0000100f) fence.i
core   0: 3 0x80004090 (0x0000100f)
core   0: 0x80004094 (0x8beb8f93) addi    t6, s7, -1858
core   0: 3 0x80004094 (0x8beb8f93) x31 0xfffff8be
core   0: 0x80004098 (0x00d22633) slt     a2, tp, a3
core   0: 3 0x80004098 (0x00d22633) x12 0x00000000
core   0: 0x8000409c (0xfe5592e3) bne     a1, t0, pc - 28
core   0: 3 0x8000409c (0xfe5592e3)
core   0: 0x80004080 (0x00009afd) c.andi  a3, -1
core   0: 3 0x80004080 (0x9afd) x13 0xb96bbebe
core   0: 0x80004082 (0x7b56a413) slti    s0, a3, 1973
core   0: 3 0x80004082 (0x7b56a413) x 8 0x00000001
core   0: 0x80004086 (0x02442a33) mulhsu  s4, s0, tp
core   0: 3 0x80004086 (0x02442a33) x20 0x00000000
core   0: 0x8000408a (0x0000058d) c.addi  a1, 3
core   0: 3 0x8000408a (0x058d) x11 0xfffffffd
core   0: 0x8000408c (0x0081c233) xor     tp, gp, s0
core   0: 3 0x8000408c (0x0081c233) x 4 0x00000000
core   0: 0x80004090 (0x0000100f) fence.i
core   0: 3 0x80004090 (0x0000100f)
core   0: 0x80004094 (0x8beb8f93) addi    t6, s7, -1858
core   0: 3 0x80004094 (0x8beb8f93) x31 0xfffff8be
core   0: 0x80004098 (0x00d22633) slt     a2, tp, a3
core   0: 3 0x80004098 (0x00d22633) x12 0x00000000
core   0: 0x8000409c (0xfe5592e3) bne     a1, t0, pc - 28
core   0: 3 0x8000409c (0xfe5592e3)
core   0: 0x80004080 (0x00009afd) c.andi  a3, -1
core   0: 3 0x80004080 (0x9afd) x13 0xb96bbebe
core   0: 0x80004082 (0x7b56a413) slti    s0, a3, 1973
core   0: 3 0x80004082 (0x7b56a413) x 8 0x00000001
core   0: 0x80004086 (0x02442a33) mulhsu  s4, s0, tp
core   0: 3 0x80004086 (0x02442a33) x20 0x00000000
core   0: 0x8000408a (0x0000058d) c.addi  a1, 3
core   0: 3 0x8000408a (0x058d) x11 0x00000000
core   0: 0x8000408c (0x0081c233) xor     tp, gp, s0
core   0: 3 0x8000408c (0x0081c233) x 4 0x00000000
core   0: 0x80004090 (0x0000100f) fence.i
core   0: 3 0x80004090 (0x0000100f)
core   0: 0x80004094 (0x8beb8f93) addi    t6, s7, -1858
core   0: 3 0x80004094 (0x8beb8f93) x31 0xfffff8be
core   0: 0x80004098 (0x00d22633) slt     a2, tp, a3
core   0: 3 0x80004098 (0x00d22633) x12 0x00000000
core   0: 0x8000409c (0xfe5592e3) bne     a1, t0, pc - 28
core   0: 3 0x8000409c (0xfe5592e3)
core   0: 0x80004080 (0x00009afd) c.andi  a3, -1
core   0: 3 0x80004080 (0x9afd) x13 0xb96bbebe
core   0: 0x80004082 (0x7b56a413) slti    s0, a3, 1973
core   0: 3 0x80004082 (0x7b56a413) x 8 0x00000001
core   0: 0x80004086 (0x02442a33) mulhsu  s4, s0, tp
core   0: 3 0x80004086 (0x02442a33) x20 0x00000000
core   0: 0x8000408a (0x0000058d) c.addi  a1, 3
core   0: 3 0x8000408a (0x058d) x11 0x00000003
core   0: 0x8000408c (0x0081c233) xor     tp, gp, s0
core   0: 3 0x8000408c (0x0081c233) x 4 0x00000000
core   0: 0x80004090 (0x0000100f) fence.i
core   0: 3 0x80004090 (0x0000100f)
core   0: 0x80004094 (0x8beb8f93) addi    t6, s7, -1858
core   0: 3 0x80004094 (0x8beb8f93) x31 0xfffff8be
core   0: 0x80004098 (0x00d22633) slt     a2, tp, a3
core   0: 3 0x80004098 (0x00d22633) x12 0x00000000
core   0: 0x8000409c (0xfe5592e3) bne     a1, t0, pc - 28
core   0: 3 0x8000409c (0xfe5592e3)
core   0: 0x80004080 (0x00009afd) c.andi  a3, -1
core   0: 3 0x80004080 (0x9afd) x13 0xb96bbebe
core   0: 0x80004082 (0x7b56a413) slti    s0, a3, 1973
core   0: 3 0x80004082 (0x7b56a413) x 8 0x00000001
core   0: 0x80004086 (0x02442a33) mulhsu  s4, s0, tp
core   0: 3 0x80004086 (0x02442a33) x20 0x00000000
core   0: 0x8000408a (0x0000058d) c.addi  a1, 3
core   0: 3 0x8000408a (0x058d) x11 0x00000006
core   0: 0x8000408c (0x0081c233) xor     tp, gp, s0
core   0: 3 0x8000408c (0x0081c233) x 4 0x00000000
core   0: 0x80004090 (0x0000100f) fence.i
core   0: 3 0x80004090 (0x0000100f)
core   0: 0x80004094 (0x8beb8f93) addi    t6, s7, -1858
core   0: 3 0x80004094 (0x8beb8f93) x31 0xfffff8be
core   0: 0x80004098 (0x00d22633) slt     a2, tp, a3
core   0: 3 0x80004098 (0x00d22633) x12 0x00000000
core   0: 0x8000409c (0xfe5592e3) bne     a1, t0, pc - 28
core   0: 3 0x8000409c (0xfe5592e3)
core   0: 0x800040a0 (0x00000d18) c.addi4spn a4, sp, 656
core   0: 3 0x800040a0 (0x0d18) x14 0x00000280
core   0: 0x800040a2 (0x00600793) li      a5, 6
core   0: 3 0x800040a2 (0x00600793) x15 0x00000006
core   0: 0x800040a6 (0x0287e333) rem     t1, a5, s0
core   0: 3 0x800040a6 (0x0287e333) x 6 0x00000000
core   0: 0x800040aa (0x0000100f) fence.i
core   0: 3 0x800040aa (0x0000100f)
core   0: 0x800040ae (0x00008d9d) c.sub   a1, a5
core   0: 3 0x800040ae (0x8d9d) x11 0x00000000
core   0: 0x800040b0 (0x8a1f2013) slti    zero, t5, -1887
core   0: 3 0x800040b0 (0x8a1f2013)
core   0: 0x800040b4 (0x022faa33) mulhsu  s4, t6, sp
core   0: 3 0x800040b4 (0x022faa33) x20 0xfffff8be
core   0: 0x800040b8 (0x00900293) li      t0, 9
core   0: 3 0x800040b8 (0x00900293) x 5 0x00000009
core   0: 0x800040bc (0x00001b94) c.addi4spn a3, sp, 496
core   0: 3 0x800040bc (0x1b94) x13 0x000001e0
core   0: 0x800040be (0x50052393) slti    t2, a0, 1280
core   0: 3 0x800040be (0x50052393) x 7 0x00000001
core   0: 0x800040c2 (0x03203333) mulhu   t1, zero, s2
core   0: 3 0x800040c2 (0x03203333) x 6 0x00000000
core   0: 0x800040c6 (0x5fe8b213) sltiu   tp, a7, 1534
core   0: 3 0x800040c6 (0x5fe8b213) x 4 0x00000000
core   0: 0x800040ca (0x00008dcd) c.or    a1, a1
core   0: 3 0x800040ca (0x8dcd) x11 0x00000000
core   0: 0x800040cc (0x000006e2) c.slli  a3, 24
core   0: 3 0x800040cc (0x06e2) x13 0xe0000000
core   0: 0x800040ce (0x0000567d) c.li    a2, -1
core   0: 3 0x800040ce (0x567d) x12 0xffffffff
core   0: 0x800040d0 (0x00000a51) c.addi  s4, 20
core   0: 3 0x800040d0 (0x0a51) x20 0xfffff8d2
core   0: 0x800040d2 (0x032493b3) mulh    t2, s1, s2
core   0: 3 0x800040d2 (0x032493b3) x 7 0x00000002
core   0: 0x800040d6 (0x000096c6) c.add   a3, a7
core   0: 3 0x800040d6 (0x96c6) x13 0xdfffffff
core   0: 0x800040d8 (0x019678b3) and     a7, a2, s9
core   0: 3 0x800040d8 (0x019678b3) x17 0x00000000
core   0: 0x800040dc (0x0c166c93) ori     s9, a2, 193
core   0: 3 0x800040dc (0x0c166c93) x25 0xffffffff
core   0: 0x800040e0 (0x00000a94) c.addi4spn a3, sp, 336
core   0: 3 0x800040e0 (0x0a94) x13 0x00000140
core   0: 0x800040e2 (0x0000078d) c.addi  a5, 3
core   0: 3 0x800040e2 (0x078d) x15 0x00000009
core   0: 0x800040e4 (0x0330c3b3) div     t2, ra, s3
core   0: 3 0x800040e4 (0x0330c3b3) x 7 0x00000000
core   0: 0x800040e8 (0x0351f5b3) remu    a1, gp, s5
core   0: 3 0x800040e8 (0x0351f5b3) x11 0x00000001
core   0: 0x800040ec (0x00000001) c.nop
core   0: 3 0x800040ec (0x0001)
core   0: 0x800040ee (0x00c6d133) srl     sp, a3, a2
core   0: 3 0x800040ee (0x00c6d133) x 2 0x00000000
core   0: 0x800040f2 (0x02b993b3) mulh    t2, s3, a1
core   0: 3 0x800040f2 (0x02b993b3) x 7 0xffffffff
core   0: 0x800040f6 (0x34998e17) auipc   t3, 0x34998
core   0: 3 0x800040f6 (0x34998e17) x28 0xb499c0f6
core   0: 0x800040fa (0xfc57ece3) bltu    a5, t0, pc - 40
core   0: 3 0x800040fa (0xfc57ece3)
core   0: 0x800040fe (0x0081dc33) srl     s8, gp, s0
core   0: 3 0x800040fe (0x0081dc33) x24 0x00000000
core   0: 0x80004102 (0x00100093) li      ra, 1
core   0: 3 0x80004102 (0x00100093) x 1 0x00000001
core   0: 0x80004106 (0x00009496) c.add   s1, t0
core   0: 3 0x80004106 (0x9496) x 9 0x3ffff7ca
core   0: 0x80004108 (0x6aede3b7) lui     t2, 0x6aede
core   0: 3 0x80004108 (0x6aede3b7) x 7 0x6aede000
core   0: 0x8000410c (0xfef00b13) li      s6, -17
core   0: 3 0x8000410c (0xfef00b13) x22 0xffffffef
core   0: 0x80004110 (0x0235a3b3) mulhsu  t2, a1, gp
core   0: 3 0x80004110 (0x0235a3b3) x 7 0x00000000
core   0: 0x80004114 (0x005c6733) or      a4, s8, t0
core   0: 3 0x80004114 (0x005c6733) x14 0x00000009
core   0: 0x80004118 (0x000010f9) c.addi  ra, -2
core   0: 3 0x80004118 (0x10f9) x 1 0xffffffff
core   0: 0x8000411a (0x00008ff5) c.and   a5, a3
core   0: 3 0x8000411a (0x8ff5) x15 0x00000000
core   0: 0x8000411c (0x0000100f) fence.i
core   0: 3 0x8000411c (0x0000100f)
core   0: 0x80004120 (0xff609ae3) bne     ra, s6, pc - 12
core   0: 3 0x80004120 (0xff609ae3)
core   0: 0x80004114 (0x005c6733) or      a4, s8, t0
core   0: 3 0x80004114 (0x005c6733) x14 0x00000009
core   0: 0x80004118 (0x000010f9) c.addi  ra, -2
core   0: 3 0x80004118 (0x10f9) x 1 0xfffffffd
core   0: 0x8000411a (0x00008ff5) c.and   a5, a3
core   0: 3 0x8000411a (0x8ff5) x15 0x00000000
core   0: 0x8000411c (0x0000100f) fence.i
core   0: 3 0x8000411c (0x0000100f)
core   0: 0x80004120 (0xff609ae3) bne     ra, s6, pc - 12
core   0: 3 0x80004120 (0xff609ae3)
core   0: 0x80004114 (0x005c6733) or      a4, s8, t0
core   0: 3 0x80004114 (0x005c6733) x14 0x00000009
core   0: 0x80004118 (0x000010f9) c.addi  ra, -2
core   0: 3 0x80004118 (0x10f9) x 1 0xfffffffb
core   0: 0x8000411a (0x00008ff5) c.and   a5, a3
core   0: 3 0x8000411a (0x8ff5) x15 0x00000000
core   0: 0x8000411c (0x0000100f) fence.i
core   0: 3 0x8000411c (0x0000100f)
core   0: 0x80004120 (0xff609ae3) bne     ra, s6, pc - 12
core   0: 3 0x80004120 (0xff609ae3)
core   0: 0x80004114 (0x005c6733) or      a4, s8, t0
core   0: 3 0x80004114 (0x005c6733) x14 0x00000009
core   0: 0x80004118 (0x000010f9) c.addi  ra, -2
core   0: 3 0x80004118 (0x10f9) x 1 0xfffffff9
core   0: 0x8000411a (0x00008ff5) c.and   a5, a3
core   0: 3 0x8000411a (0x8ff5) x15 0x00000000
core   0: 0x8000411c (0x0000100f) fence.i
core   0: 3 0x8000411c (0x0000100f)
core   0: 0x80004120 (0xff609ae3) bne     ra, s6, pc - 12
core   0: 3 0x80004120 (0xff609ae3)
core   0: 0x80004114 (0x005c6733) or      a4, s8, t0
core   0: 3 0x80004114 (0x005c6733) x14 0x00000009
core   0: 0x80004118 (0x000010f9) c.addi  ra, -2
core   0: 3 0x80004118 (0x10f9) x 1 0xfffffff7
core   0: 0x8000411a (0x00008ff5) c.and   a5, a3
core   0: 3 0x8000411a (0x8ff5) x15 0x00000000
core   0: 0x8000411c (0x0000100f) fence.i
core   0: 3 0x8000411c (0x0000100f)
core   0: 0x80004120 (0xff609ae3) bne     ra, s6, pc - 12
core   0: 3 0x80004120 (0xff609ae3)
core   0: 0x80004114 (0x005c6733) or      a4, s8, t0
core   0: 3 0x80004114 (0x005c6733) x14 0x00000009
core   0: 0x80004118 (0x000010f9) c.addi  ra, -2
core   0: 3 0x80004118 (0x10f9) x 1 0xfffffff5
core   0: 0x8000411a (0x00008ff5) c.and   a5, a3
core   0: 3 0x8000411a (0x8ff5) x15 0x00000000
core   0: 0x8000411c (0x0000100f) fence.i
core   0: 3 0x8000411c (0x0000100f)
core   0: 0x80004120 (0xff609ae3) bne     ra, s6, pc - 12
core   0: 3 0x80004120 (0xff609ae3)
core   0: 0x80004114 (0x005c6733) or      a4, s8, t0
core   0: 3 0x80004114 (0x005c6733) x14 0x00000009
core   0: 0x80004118 (0x000010f9) c.addi  ra, -2
core   0: 3 0x80004118 (0x10f9) x 1 0xfffffff3
core   0: 0x8000411a (0x00008ff5) c.and   a5, a3
core   0: 3 0x8000411a (0x8ff5) x15 0x00000000
core   0: 0x8000411c (0x0000100f) fence.i
core   0: 3 0x8000411c (0x0000100f)
core   0: 0x80004120 (0xff609ae3) bne     ra, s6, pc - 12
core   0: 3 0x80004120 (0xff609ae3)
core   0: 0x80004114 (0x005c6733) or      a4, s8, t0
core   0: 3 0x80004114 (0x005c6733) x14 0x00000009
core   0: 0x80004118 (0x000010f9) c.addi  ra, -2
core   0: 3 0x80004118 (0x10f9) x 1 0xfffffff1
core   0: 0x8000411a (0x00008ff5) c.and   a5, a3
core   0: 3 0x8000411a (0x8ff5) x15 0x00000000
core   0: 0x8000411c (0x0000100f) fence.i
core   0: 3 0x8000411c (0x0000100f)
core   0: 0x80004120 (0xff609ae3) bne     ra, s6, pc - 12
core   0: 3 0x80004120 (0xff609ae3)
core   0: 0x80004114 (0x005c6733) or      a4, s8, t0
core   0: 3 0x80004114 (0x005c6733) x14 0x00000009
core   0: 0x80004118 (0x000010f9) c.addi  ra, -2
core   0: 3 0x80004118 (0x10f9) x 1 0xffffffef
core   0: 0x8000411a (0x00008ff5) c.and   a5, a3
core   0: 3 0x8000411a (0x8ff5) x15 0x00000000
core   0: 0x8000411c (0x0000100f) fence.i
core   0: 3 0x8000411c (0x0000100f)
core   0: 0x80004120 (0xff609ae3) bne     ra, s6, pc - 12
core   0: 3 0x80004120 (0xff609ae3)
core   0: 0x80004124 (0x413e5413) srai    s0, t3, 19
core   0: 3 0x80004124 (0x413e5413) x 8 0xfffff693
core   0: 0x80004128 (0xffa00413) li      s0, -6
core   0: 3 0x80004128 (0xffa00413) x 8 0xfffffffa
core   0: 0x8000412c (0x0ff0000f) fence   iorw,iorw
core   0: 3 0x8000412c (0x0ff0000f)
core   0: 0x80004130 (0x00008e15) c.sub   a2, a3
core   0: 3 0x80004130 (0x8e15) x12 0xfffffebf
core   0: 0x80004132 (0x03d5da33) divu    s4, a1, t4
core   0: 3 0x80004132 (0x03d5da33) x20 0x00000000
core   0: 0x80004136 (0x4034d213) srai    tp, s1, 3
core   0: 3 0x80004136 (0x4034d213) x 4 0x07fffef9
core   0: 0x8000413a (0x00008ecd) c.or    a3, a1
core   0: 3 0x8000413a (0x8ecd) x13 0x00000141
core   0: 0x8000413c (0x012224b3) slt     s1, tp, s2
core   0: 3 0x8000413c (0x012224b3) x 9 0x00000000
core   0: 0x80004140 (0x00000001) c.nop
core   0: 3 0x80004140 (0x0001)
core   0: 0x80004142 (0x00000001) c.nop
core   0: 3 0x80004142 (0x0001)
core   0: 0x80004144 (0x0ff0000f) fence   iorw,iorw
core   0: 3 0x80004144 (0x0ff0000f)
core   0: 0x80004148 (0x00000405) c.addi  s0, 1
core   0: 3 0x80004148 (0x0405) x 8 0xfffffffb
core   0: 0x8000414a (0x08ce8993) addi    s3, t4, 140
core   0: 3 0x8000414a (0x08ce8993) x19 0x0000008b
core   0: 0x8000414e (0x6b4f8213) addi    tp, t6, 1716
core   0: 3 0x8000414e (0x6b4f8213) x 4 0xffffff72
core   0: 0x80004152 (0x00008c99) c.sub   s1, a4
core   0: 3 0x80004152 (0x8c99) x 9 0xfffffff7
core   0: 0x80004154 (0x00008266) c.mv    tp, s9
core   0: 3 0x80004154 (0x8266) x 4 0xffffffff
core   0: 0x80004156 (0x01ddabb3) slt     s7, s11, t4
core   0: 3 0x80004156 (0x01ddabb3) x23 0x00000001
core   0: 0x8000415a (0x00001f90) c.addi4spn a2, sp, 1008
core   0: 3 0x8000415a (0x1f90) x12 0x000003f0
core   0: 0x8000415c (0x0000d07d) c.beqz  s0, pc - 26
core   0: 3 0x8000415c (0xd07d)
core   0: 0x8000415e (0x00008c22) c.mv    s8, s0
core   0: 3 0x8000415e (0x8c22) x24 0xfffffffb
core   0: 0x80004160 (0xff700613) li      a2, -9
core   0: 3 0x80004160 (0xff700613) x12 0xfffffff7
core   0: 0x80004164 (0x00f00913) li      s2, 15
core   0: 3 0x80004164 (0x00f00913) x18 0x0000000f
core   0: 0x80004168 (0x00008b01) c.andi  a4, 0
core   0: 3 0x80004168 (0x8b01) x14 0x00000000
core   0: 0x8000416a (0x00008769) c.srai  a4, 26
core   0: 3 0x8000416a (0x8769) x14 0x00000000
core   0: 0x8000416c (0x00000629) c.addi  a2, 10
core   0: 3 0x8000416c (0x0629) x12 0x00000001
core   0: 0x8000416e (0x00a00593) li      a1, 10
core   0: 3 0x8000416e (0x00a00593) x11 0x0000000a
core   0: 0x80004172 (0x00700993) li      s3, 7
core   0: 3 0x80004172 (0x00700993) x19 0x00000007
core   0: 0x80004176 (0x037170b3) remu    ra, sp, s7
core   0: 3 0x80004176 (0x037170b3) x 1 0x00000000
core   0: 0x8000417a (0x00d75b33) srl     s6, a4, a3
core   0: 3 0x8000417a (0x00d75b33) x22 0x00000000
core   0: 0x8000417e (0x000015ed) c.addi  a1, -5
core   0: 3 0x8000417e (0x15ed) x11 0x00000005
core   0: 0x80004180 (0xff35fbe3) bgeu    a1, s3, pc - 10
core   0: 3 0x80004180 (0xff35fbe3)
core   0: 0x80004184 (0xff2662e3) bltu    a2, s2, pc - 28
core   0: 3 0x80004184 (0xff2662e3)
core   0: 0x80004168 (0x00008b01) c.andi  a4, 0
core   0: 3 0x80004168 (0x8b01) x14 0x00000000
core   0: 0x8000416a (0x00008769) c.srai  a4, 26
core   0: 3 0x8000416a (0x8769) x14 0x00000000
core   0: 0x8000416c (0x00000629) c.addi  a2, 10
core   0: 3 0x8000416c (0x0629) x12 0x0000000b
core   0: 0x8000416e (0x00a00593) li      a1, 10
core   0: 3 0x8000416e (0x00a00593) x11 0x0000000a
core   0: 0x80004172 (0x00700993) li      s3, 7
core   0: 3 0x80004172 (0x00700993) x19 0x00000007
core   0: 0x80004176 (0x037170b3) remu    ra, sp, s7
core   0: 3 0x80004176 (0x037170b3) x 1 0x00000000
core   0: 0x8000417a (0x00d75b33) srl     s6, a4, a3
core   0: 3 0x8000417a (0x00d75b33) x22 0x00000000
core   0: 0x8000417e (0x000015ed) c.addi  a1, -5
core   0: 3 0x8000417e (0x15ed) x11 0x00000005
core   0: 0x80004180 (0xff35fbe3) bgeu    a1, s3, pc - 10
core   0: 3 0x80004180 (0xff35fbe3)
core   0: 0x80004184 (0xff2662e3) bltu    a2, s2, pc - 28
core   0: 3 0x80004184 (0xff2662e3)
core   0: 0x80004168 (0x00008b01) c.andi  a4, 0
core   0: 3 0x80004168 (0x8b01) x14 0x00000000
core   0: 0x8000416a (0x00008769) c.srai  a4, 26
core   0: 3 0x8000416a (0x8769) x14 0x00000000
core   0: 0x8000416c (0x00000629) c.addi  a2, 10
core   0: 3 0x8000416c (0x0629) x12 0x00000015
core   0: 0x8000416e (0x00a00593) li      a1, 10
core   0: 3 0x8000416e (0x00a00593) x11 0x0000000a
core   0: 0x80004172 (0x00700993) li      s3, 7
core   0: 3 0x80004172 (0x00700993) x19 0x00000007
core   0: 0x80004176 (0x037170b3) remu    ra, sp, s7
core   0: 3 0x80004176 (0x037170b3) x 1 0x00000000
core   0: 0x8000417a (0x00d75b33) srl     s6, a4, a3
core   0: 3 0x8000417a (0x00d75b33) x22 0x00000000
core   0: 0x8000417e (0x000015ed) c.addi  a1, -5
core   0: 3 0x8000417e (0x15ed) x11 0x00000005
core   0: 0x80004180 (0xff35fbe3) bgeu    a1, s3, pc - 10
core   0: 3 0x80004180 (0xff35fbe3)
core   0: 0x80004184 (0xff2662e3) bltu    a2, s2, pc - 28
core   0: 3 0x80004184 (0xff2662e3)
core   0: 0x80004188 (0x00004b01) c.li    s6, 0
core   0: 3 0x80004188 (0x4b01) x22 0x00000000
core   0: 0x8000418a (0x00700e13) li      t3, 7
core   0: 3 0x8000418a (0x00700e13) x28 0x00000007
core   0: 0x8000418e (0x00700b93) li      s7, 7
core   0: 3 0x8000418e (0x00700b93) x23 0x00000007
core   0: 0x80004192 (0x00aaca33) xor     s4, s5, a0
core   0: 3 0x80004192 (0x00aaca33) x20 0x8859410c
core   0: 0x80004196 (0x00005f7d) c.li    t5, -1
core   0: 3 0x80004196 (0x5f7d) x30 0xffffffff
core   0: 0x80004198 (0x4acccc93) xori    s9, s9, 1196
core   0: 3 0x80004198 (0x4acccc93) x25 0xfffffb53
core   0: 0x8000419c (0x00001e79) c.addi  t3, -2
core   0: 3 0x8000419c (0x1e79) x28 0x00000005
core   0: 0x8000419e (0x023684b3) mul     s1, a3, gp
core   0: 3 0x8000419e (0x023684b3) x 9 0x00000141
core   0: 0x800041a2 (0xff900893) li      a7, -7
core   0: 3 0x800041a2 (0xff900893) x17 0xfffffff9
core   0: 0x800041a6 (0x0170a1b3) slt     gp, ra, s7
core   0: 3 0x800041a6 (0x0170a1b3) x 3 0x00000001
core   0: 0x800041aa (0x01300c13) li      s8, 19
core   0: 3 0x800041aa (0x01300c13) x24 0x00000013
core   0: 0x800041ae (0xc0c94117) auipc   sp, 0xc0c94
core   0: 3 0x800041ae (0xc0c94117) x 2 0x40c981ae
core   0: 0x800041b2 (0x0000088d) c.addi  a7, 3
core   0: 3 0x800041b2 (0x088d) x17 0xfffffffc
core   0: 0x800041b4 (0x57d16393) ori     t2, sp, 1405
core   0: 3 0x800041b4 (0x57d16393) x 7 0x40c985ff
core   0: 0x800041b8 (0x02346933) rem     s2, s0, gp
core   0: 3 0x800041b8 (0x02346933) x18 0x00000000
core   0: 0x800041bc (0xff88e9e3) bltu    a7, s8, pc - 14
core   0: 3 0x800041bc (0xff88e9e3)
core   0: 0x800041c0 (0x00008e5d) c.or    a2, a5
core   0: 3 0x800041c0 (0x8e5d) x12 0x00000015
core   0: 0x800041c2 (0xb441f413) andi    s0, gp, -1212
core   0: 3 0x800041c2 (0xb441f413) x 8 0x00000000
core   0: 0x800041c6 (0xfd7e58e3) bge     t3, s7, pc - 48
core   0: 3 0x800041c6 (0xfd7e58e3)
core   0: 0x800041ca (0x0325ccb3) div     s9, a1, s2
core   0: 3 0x800041ca (0x0325ccb3) x25 0xffffffff
core   0: 0x800041ce (0x00900d13) li      s10, 9
core   0: 3 0x800041ce (0x00900d13) x26 0x00000009
core   0: 0x800041d2 (0x00008fd5) c.or    a5, a3
core   0: 3 0x800041d2 (0x8fd5) x15 0x00000141
core   0: 0x800041d4 (0x00900393) li      t2, 9
core   0: 3 0x800041d4 (0x00900393) x 7 0x00000009
core   0: 0x800041d8 (0x4c998c93) addi    s9, s3, 1225
core   0: 3 0x800041d8 (0x4c998c93) x25 0x000004d0
core   0: 0x800041dc (0x02512fb3) mulhsu  t6, sp, t0
core   0: 3 0x800041dc (0x02512fb3) x31 0x00000002
core   0: 0x800041e0 (0x00000001) c.nop
core   0: 3 0x800041e0 (0x0001)
core   0: 0x800041e2 (0x011aeb33) or      s6, s5, a7
core   0: 3 0x800041e2 (0x011aeb33) x22 0xfffffffc
core   0: 0x800041e6 (0x00000001) c.nop
core   0: 3 0x800041e6 (0x0001)
core   0: 0x800041e8 (0xd7839b37) lui     s6, 0xd7839
core   0: 3 0x800041e8 (0xd7839b37) x22 0xd7839000
core   0: 0x800041ec (0x000060ad) c.lui   ra, 0xb
core   0: 3 0x800041ec (0x60ad) x 1 0x0000b000
core   0: 0x800041ee (0x710455b7) lui     a1, 0x71045
core   0: 3 0x800041ee (0x710455b7) x11 0x71045000
core   0: 0x800041f2 (0xa2aa25b7) lui     a1, 0xa2aa2
core   0: 3 0x800041f2 (0xa2aa25b7) x11 0xa2aa2000
core   0: 0x800041f6 (0x000081ad) c.srli  a1, 11
core   0: 3 0x800041f6 (0x81ad) x11 0x00145544
core   0: 0x800041f8 (0x00001d61) c.addi  s10, -8
core   0: 3 0x800041f8 (0x1d61) x26 0x00000001
core   0: 0x800041fa (0x00cacfb3) xor     t6, s5, a2
core   0: 3 0x800041fa (0x00cacfb3) x31 0x085b5f35
core   0: 0x800041fe (0x0000697d) c.lui   s2, 0x1f
core   0: 3 0x800041fe (0x697d) x18 0x0001f000
core   0: 0x80004200 (0x41ac5eb3) sra     t4, s8, s10
core   0: 3 0x80004200 (0x41ac5eb3) x29 0x00000009
core   0: 0x80004204 (0xa668e293) ori     t0, a7, -1434
core   0: 3 0x80004204 (0xa668e293) x 5 0xfffffffe
core   0: 0x80004208 (0x418b5eb3) sra     t4, s6, s8
core   0: 3 0x80004208 (0x418b5eb3) x29 0xfffffaf0
core   0: 0x8000420c (0x00008876) c.mv    a6, t4
core   0: 3 0x8000420c (0x8876) x16 0xfffffaf0
core   0: 0x8000420e (0xfc7d7ae3) bgeu    s10, t2, pc - 44
core   0: 3 0x8000420e (0xfc7d7ae3)
core   0: 0x80004212 (0x00006131) c.addi16sp sp, 320
core   0: 3 0x80004212 (0x6131) x 2 0x40c982ee
core   0: 0x80004214 (0xffb00593) li      a1, -5
core   0: 3 0x80004214 (0xffb00593) x11 0xfffffffb
core   0: 0x80004218 (0xfba58e93) addi    t4, a1, -70
core   0: 3 0x80004218 (0xfba58e93) x29 0xffffffb5
core   0: 0x8000421c (0x0ff0000f) fence   iorw,iorw
core   0: 3 0x8000421c (0x0ff0000f)
core   0: 0x80004220 (0x00559633) sll     a2, a1, t0
core   0: 3 0x80004220 (0x00559633) x12 0xc0000000
core   0: 0x80004224 (0x00000001) c.nop
core   0: 3 0x80004224 (0x0001)
core   0: 0x80004226 (0x00008ea2) c.mv    t4, s0
core   0: 3 0x80004226 (0x8ea2) x29 0x00000000
core   0: 0x80004228 (0xb1934fb7) lui     t6, 0xb1934
core   0: 3 0x80004228 (0xb1934fb7) x31 0xb1934000
core   0: 0x8000422c (0x7eb66893) ori     a7, a2, 2027
core   0: 3 0x8000422c (0x7eb66893) x17 0xc00007eb
core   0: 0x80004230 (0x023f56b3) divu    a3, t5, gp
core   0: 3 0x80004230 (0x023f56b3) x13 0xffffffff
core   0: 0x80004234 (0x00008ea9) c.xor   a3, a0
core   0: 3 0x80004234 (0x8ea9) x13 0x7ffde1d3
core   0: 0x80004236 (0x000098fd) c.andi  s1, -1
core   0: 3 0x80004236 (0x98fd) x 9 0x00000141
core   0: 0x80004238 (0x00009b7d) c.andi  a4, -1
core   0: 3 0x80004238 (0x9b7d) x14 0x00000000
core   0: 0x8000423a (0x00000d7a) c.slli  s10, 30
core   0: 3 0x8000423a (0x0d7a) x26 0x40000000
core   0: 0x8000423c (0x00000001) c.nop
core   0: 3 0x8000423c (0x0001)
core   0: 0x8000423e (0x00008f01) c.sub   a4, s0
core   0: 3 0x8000423e (0x8f01) x14 0x00000000
core   0: 0x80004240 (0x01705993) srli    s3, zero, 23
core   0: 3 0x80004240 (0x01705993) x19 0x00000000
core   0: 0x80004244 (0x00008885) c.andi  s1, 1
core   0: 3 0x80004244 (0x8885) x 9 0x00000001
core   0: 0x80004246 (0x03046333) rem     t1, s0, a6
core   0: 3 0x80004246 (0x03046333) x 6 0x00000000
core   0: 0x8000424a (0x00008c65) c.and   s0, s1
core   0: 3 0x8000424a (0x8c65) x 8 0x00000000
core   0: 0x8000424c (0x00000595) c.addi  a1, 5
core   0: 3 0x8000424c (0x0595) x11 0x00000000
core   0: 0x8000424e (0x00bcb633) sltu    a2, s9, a1
core   0: 3 0x8000424e (0x00bcb633) x12 0x00000000
core   0: 0x80004252 (0x0195d333) srl     t1, a1, s9
core   0: 3 0x80004252 (0x0195d333) x 6 0x00000000
core   0: 0x80004256 (0x00008c71) c.and   s0, a2
core   0: 3 0x80004256 (0x8c71) x 8 0x00000000
core   0: 0x80004258 (0x012d0eb3) add     t4, s10, s2
core   0: 3 0x80004258 (0x012d0eb3) x29 0x4001f000
core   0: 0x8000425c (0x02c32cb3) mulhsu  s9, t1, a2
core   0: 3 0x8000425c (0x02c32cb3) x25 0x00000000
core   0: 0x80004260 (0x02cf7333) remu    t1, t5, a2
core   0: 3 0x80004260 (0x02cf7333) x 6 0xffffffff
core   0: 0x80004264 (0x00008f4d) c.or    a4, a1
core   0: 3 0x80004264 (0x8f4d) x14 0x00000000
core   0: 0x80004266 (0x000084d2) c.mv    s1, s4
core   0: 3 0x80004266 (0x84d2) x 9 0x8859410c
core   0: 0x80004268 (0x0000f1ed) c.bnez  a1, pc - 30
core   0: 3 0x80004268 (0xf1ed)
core   0: 0x8000426a (0x413a53b3) sra     t2, s4, s3
core   0: 3 0x8000426a (0x413a53b3) x 7 0x8859410c
core   0: 0x8000426e (0x00800493) li      s1, 8
core   0: 3 0x8000426e (0x00800493) x 9 0x00000008
core   0: 0x80004272 (0x00700613) li      a2, 7
core   0: 3 0x80004272 (0x00700613) x12 0x00000007
core   0: 0x80004276 (0x0084d9b3) srl     s3, s1, s0
core   0: 3 0x80004276 (0x0084d9b3) x19 0x00000008
core   0: 0x8000427a (0x0000100f) fence.i
core   0: 3 0x8000427a (0x0000100f)
core   0: 0x8000427e (0x41218fb3) sub     t6, gp, s2
core   0: 3 0x8000427e (0x41218fb3) x31 0xfffe1001
core   0: 0x80004282 (0x00b65f13) srli    t5, a2, 11
core   0: 3 0x80004282 (0x00b65f13) x30 0x00000000
core   0: 0x80004286 (0x000014fd) c.addi  s1, -1
core   0: 3 0x80004286 (0x14fd) x 9 0x00000007
core   0: 0x80004288 (0xee872d37) lui     s10, 0xee872
core   0: 3 0x80004288 (0xee872d37) x26 0xee872000
core   0: 0x8000428c (0xfd54f393) andi    t2, s1, -43
core   0: 3 0x8000428c (0xfd54f393) x 7 0x00000005
core   0: 0x80004290 (0xfec4f7e3) bgeu    s1, a2, pc - 18
core   0: 3 0x80004290 (0xfec4f7e3)
core   0: 0x8000427e (0x41218fb3) sub     t6, gp, s2
core   0: 3 0x8000427e (0x41218fb3) x31 0xfffe1001
core   0: 0x80004282 (0x00b65f13) srli    t5, a2, 11
core   0: 3 0x80004282 (0x00b65f13) x30 0x00000000
core   0: 0x80004286 (0x000014fd) c.addi  s1, -1
core   0: 3 0x80004286 (0x14fd) x 9 0x00000006
core   0: 0x80004288 (0xee872d37) lui     s10, 0xee872
core   0: 3 0x80004288 (0xee872d37) x26 0xee872000
core   0: 0x8000428c (0xfd54f393) andi    t2, s1, -43
core   0: 3 0x8000428c (0xfd54f393) x 7 0x00000004
core   0: 0x80004290 (0xfec4f7e3) bgeu    s1, a2, pc - 18
core   0: 3 0x80004290 (0xfec4f7e3)
core   0: 0x80004294 (0x024f9fb3) mulh    t6, t6, tp
core   0: 3 0x80004294 (0x024f9fb3) x31 0x00000000
core   0: 0x80004298 (0xffc00413) li      s0, -4
core   0: 3 0x80004298 (0xffc00413) x 8 0xfffffffc
core   0: 0x8000429c (0x00000001) c.nop
core   0: 3 0x8000429c (0x0001)
core   0: 0x8000429e (0x00000001) c.nop
core   0: 3 0x8000429e (0x0001)
core   0: 0x800042a0 (0x00000405) c.addi  s0, 1
core   0: 3 0x800042a0 (0x0405) x 8 0xfffffffd
core   0: 0x800042a2 (0xffd00113) li      sp, -3
core   0: 3 0x800042a2 (0xffd00113) x 2 0xfffffffd
core   0: 0x800042a6 (0x40765f93) srai    t6, a2, 7
core   0: 3 0x800042a6 (0x40765f93) x31 0x00000000
core   0: 0x800042aa (0x00600913) li      s2, 6
core   0: 3 0x800042aa (0x00600913) x18 0x00000006
core   0: 0x800042ae (0x00b125b3) slt     a1, sp, a1
core   0: 3 0x800042ae (0x00b125b3) x11 0x00000001
core   0: 0x800042b2 (0x00000125) c.addi  sp, 9
core   0: 3 0x800042b2 (0x0125) x 2 0x00000006
core   0: 0x800042b4 (0xff210de3) beq     sp, s2, pc - 6
core   0: 3 0x800042b4 (0xff210de3)
core   0: 0x800042ae (0x00b125b3) slt     a1, sp, a1
core   0: 3 0x800042ae (0x00b125b3) x11 0x00000000
core   0: 0x800042b2 (0x00000125) c.addi  sp, 9
core   0: 3 0x800042b2 (0x0125) x 2 0x0000000f
core   0: 0x800042b4 (0xff210de3) beq     sp, s2, pc - 6
core   0: 3 0x800042b4 (0xff210de3)
core   0: 0x800042b8 (0x0000f07d) c.bnez  s0, pc - 26
core   0: 3 0x800042b8 (0xf07d)
core   0: 0x8000429e (0x00000001) c.nop
core   0: 3 0x8000429e (0x0001)
core   0: 0x800042a0 (0x00000405) c.addi  s0, 1
core   0: 3 0x800042a0 (0x0405) x 8 0xfffffffe
core   0: 0x800042a2 (0xffd00113) li      sp, -3
core   0: 3 0x800042a2 (0xffd00113) x 2 0xfffffffd
core   0: 0x800042a6 (0x40765f93) srai    t6, a2, 7
core   0: 3 0x800042a6 (0x40765f93) x31 0x00000000
core   0: 0x800042aa (0x00600913) li      s2, 6
core   0: 3 0x800042aa (0x00600913) x18 0x00000006
core   0: 0x800042ae (0x00b125b3) slt     a1, sp, a1
core   0: 3 0x800042ae (0x00b125b3) x11 0x00000001
core   0: 0x800042b2 (0x00000125) c.addi  sp, 9
core   0: 3 0x800042b2 (0x0125) x 2 0x00000006
core   0: 0x800042b4 (0xff210de3) beq     sp, s2, pc - 6
core   0: 3 0x800042b4 (0xff210de3)
core   0: 0x800042ae (0x00b125b3) slt     a1, sp, a1
core   0: 3 0x800042ae (0x00b125b3) x11 0x00000000
core   0: 0x800042b2 (0x00000125) c.addi  sp, 9
core   0: 3 0x800042b2 (0x0125) x 2 0x0000000f
core   0: 0x800042b4 (0xff210de3) beq     sp, s2, pc - 6
core   0: 3 0x800042b4 (0xff210de3)
core   0: 0x800042b8 (0x0000f07d) c.bnez  s0, pc - 26
core   0: 3 0x800042b8 (0xf07d)
core   0: 0x8000429e (0x00000001) c.nop
core   0: 3 0x8000429e (0x0001)
core   0: 0x800042a0 (0x00000405) c.addi  s0, 1
core   0: 3 0x800042a0 (0x0405) x 8 0xffffffff
core   0: 0x800042a2 (0xffd00113) li      sp, -3
core   0: 3 0x800042a2 (0xffd00113) x 2 0xfffffffd
core   0: 0x800042a6 (0x40765f93) srai    t6, a2, 7
core   0: 3 0x800042a6 (0x40765f93) x31 0x00000000
core   0: 0x800042aa (0x00600913) li      s2, 6
core   0: 3 0x800042aa (0x00600913) x18 0x00000006
core   0: 0x800042ae (0x00b125b3) slt     a1, sp, a1
core   0: 3 0x800042ae (0x00b125b3) x11 0x00000001
core   0: 0x800042b2 (0x00000125) c.addi  sp, 9
core   0: 3 0x800042b2 (0x0125) x 2 0x00000006
core   0: 0x800042b4 (0xff210de3) beq     sp, s2, pc - 6
core   0: 3 0x800042b4 (0xff210de3)
core   0: 0x800042ae (0x00b125b3) slt     a1, sp, a1
core   0: 3 0x800042ae (0x00b125b3) x11 0x00000000
core   0: 0x800042b2 (0x00000125) c.addi  sp, 9
core   0: 3 0x800042b2 (0x0125) x 2 0x0000000f
core   0: 0x800042b4 (0xff210de3) beq     sp, s2, pc - 6
core   0: 3 0x800042b4 (0xff210de3)
core   0: 0x800042b8 (0x0000f07d) c.bnez  s0, pc - 26
core   0: 3 0x800042b8 (0xf07d)
core   0: 0x8000429e (0x00000001) c.nop
core   0: 3 0x8000429e (0x0001)
core   0: 0x800042a0 (0x00000405) c.addi  s0, 1
core   0: 3 0x800042a0 (0x0405) x 8 0x00000000
core   0: 0x800042a2 (0xffd00113) li      sp, -3
core   0: 3 0x800042a2 (0xffd00113) x 2 0xfffffffd
core   0: 0x800042a6 (0x40765f93) srai    t6, a2, 7
core   0: 3 0x800042a6 (0x40765f93) x31 0x00000000
core   0: 0x800042aa (0x00600913) li      s2, 6
core   0: 3 0x800042aa (0x00600913) x18 0x00000006
core   0: 0x800042ae (0x00b125b3) slt     a1, sp, a1
core   0: 3 0x800042ae (0x00b125b3) x11 0x00000001
core   0: 0x800042b2 (0x00000125) c.addi  sp, 9
core   0: 3 0x800042b2 (0x0125) x 2 0x00000006
core   0: 0x800042b4 (0xff210de3) beq     sp, s2, pc - 6
core   0: 3 0x800042b4 (0xff210de3)
core   0: 0x800042ae (0x00b125b3) slt     a1, sp, a1
core   0: 3 0x800042ae (0x00b125b3) x11 0x00000000
core   0: 0x800042b2 (0x00000125) c.addi  sp, 9
core   0: 3 0x800042b2 (0x0125) x 2 0x0000000f
core   0: 0x800042b4 (0xff210de3) beq     sp, s2, pc - 6
core   0: 3 0x800042b4 (0xff210de3)
core   0: 0x800042b8 (0x0000f07d) c.bnez  s0, pc - 26
core   0: 3 0x800042b8 (0xf07d)
core   0: 0x800042ba (0x00008e75) c.and   a2, a3
core   0: 3 0x800042ba (0x8e75) x12 0x00000003
core   0: 0x800042bc (0x00600c13) li      s8, 6
core   0: 3 0x800042bc (0x00600c13) x24 0x00000006
core   0: 0x800042c0 (0x00800d13) li      s10, 8
core   0: 3 0x800042c0 (0x00800d13) x26 0x00000008
core   0: 0x800042c4 (0x03fda433) mulhsu  s0, s11, t6
core   0: 3 0x800042c4 (0x03fda433) x 8 0x00000000
core   0: 0x800042c8 (0x00000c05) c.addi  s8, 1
core   0: 3 0x800042c8 (0x0c05) x24 0x00000007
core   0: 0x800042ca (0xffac6de3) bltu    s8, s10, pc - 6
core   0: 3 0x800042ca (0xffac6de3)
core   0: 0x800042c4 (0x03fda433) mulhsu  s0, s11, t6
core   0: 3 0x800042c4 (0x03fda433) x 8 0x00000000
core   0: 0x800042c8 (0x00000c05) c.addi  s8, 1
core   0: 3 0x800042c8 (0x0c05) x24 0x00000008
core   0: 0x800042ca (0xffac6de3) bltu    s8, s10, pc - 6
core   0: 3 0x800042ca (0xffac6de3)
core   0: 0x800042ce (0x00001d1c) c.addi4spn a5, sp, 688
core   0: 3 0x800042ce (0x1d1c) x15 0x000002bf
core   0: 0x800042d0 (0x00300713) li      a4, 3
core   0: 3 0x800042d0 (0x00300713) x14 0x00000003
core   0: 0x800042d4 (0xffa00b13) li      s6, -6
core   0: 3 0x800042d4 (0xffa00b13) x22 0xfffffffa
core   0: 0x800042d8 (0x00000001) c.nop
core   0: 3 0x800042d8 (0x0001)
core   0: 0x800042da (0x0000175d) c.addi  a4, -9
core   0: 3 0x800042da (0x175d) x14 0xfffffffa
core   0: 0x800042dc (0x00219e33) sll     t3, gp, sp
core   0: 3 0x800042dc (0x00219e33) x28 0x00008000
core   0: 0x800042e0 (0xff671ce3) bne     a4, s6, pc - 8
core   0: 3 0x800042e0 (0xff671ce3)
core   0: 0x800042e4 (0x00008cb5) c.xor   s1, a3
core   0: 3 0x800042e4 (0x8cb5) x 9 0x7ffde1d5
core   0: 0x800042e6 (0x00400593) li      a1, 4
core   0: 3 0x800042e6 (0x00400593) x11 0x00000004
core   0: 0x800042ea (0x003de433) or      s0, s11, gp
core   0: 3 0x800042ea (0x003de433) x 8 0x80025ce5
core   0: 0x800042ee (0x00000001) c.nop
core   0: 3 0x800042ee (0x0001)
core   0: 0x800042f0 (0x0000868a) c.mv    a3, sp
core   0: 3 0x800042f0 (0x868a) x13 0x0000000f
core   0: 0x800042f2 (0x000017fd) c.addi  a5, -1
core   0: 3 0x800042f2 (0x17fd) x15 0x000002be
core   0: 0x800042f4 (0x000007d2) c.slli  a5, 20
core   0: 3 0x800042f4 (0x07d2) x15 0x2be00000
core   0: 0x800042f6 (0x0ff0000f) fence   iorw,iorw
core   0: 3 0x800042f6 (0x0ff0000f)
core   0: 0x800042fa (0xffd00713) li      a4, -3
core   0: 3 0x800042fa (0xffd00713) x14 0xfffffffd
core   0: 0x800042fe (0x00008e6d) c.and   a2, a1
core   0: 3 0x800042fe (0x8e6d) x12 0x00000000
core   0: 0x80004300 (0x26270613) addi    a2, a4, 610
core   0: 3 0x80004300 (0x26270613) x12 0x0000025f
core   0: 0x80004304 (0x01531c33) sll     s8, t1, s5
core   0: 3 0x80004304 (0x01531c33) x24 0xffffffff
core   0: 0x80004308 (0x000015e5) c.addi  a1, -7
core   0: 3 0x80004308 (0x15e5) x11 0xfffffffd
core   0: 0x8000430a (0x00000162) c.slli  sp, 24
core   0: 3 0x8000430a (0x0162) x 2 0x0f000000
core   0: 0x8000430c (0x00a00193) li      gp, 10
core   0: 3 0x8000430c (0x00a00193) x 3 0x0000000a
core   0: 0x80004310 (0x00559c13) slli    s8, a1, 5
core   0: 3 0x80004310 (0x00559c13) x24 0xffffffa0
core   0: 0x80004314 (0x0156c3b3) xor     t2, a3, s5
core   0: 3 0x80004314 (0x0156c3b3) x 7 0x085b5f2f
core   0: 0x80004318 (0x00a00993) li      s3, 10
core   0: 3 0x80004318 (0x00a00993) x19 0x0000000a
core   0: 0x8000431c (0x035d07b3) mul     a5, s10, s5
core   0: 3 0x8000431c (0x035d07b3) x15 0x42daf900
core   0: 0x80004320 (0x9b9bb793) sltiu   a5, s7, -1607
core   0: 3 0x80004320 (0x9b9bb793) x15 0x00000001
core   0: 0x80004324 (0x017bf8b3) and     a7, s7, s7
core   0: 3 0x80004324 (0x017bf8b3) x17 0x00000007
core   0: 0x80004328 (0x00b8d493) srli    s1, a7, 11
core   0: 3 0x80004328 (0x00b8d493) x 9 0x00000000
core   0: 0x8000432c (0x000011f9) c.addi  gp, -2
core   0: 3 0x8000432c (0x11f9) x 3 0x00000008
core   0: 0x8000432e (0x2433a413) slti    s0, t2, 579
core   0: 3 0x8000432e (0x2433a413) x 8 0x00000000
core   0: 0x80004332 (0xff31f7e3) bgeu    gp, s3, pc - 18
core   0: 3 0x80004332 (0xff31f7e3)
core   0: 0x80004336 (0xd7077f13) andi    t5, a4, -656
core   0: 3 0x80004336 (0xd7077f13) x30 0xfffffd70
core   0: 0x8000433a (0x00247033) and     zero, s0, sp
core   0: 3 0x8000433a (0x00247033)
core   0: 0x8000433e (0x002b6833) or      a6, s6, sp
core   0: 3 0x8000433e (0x002b6833) x16 0xfffffffa
core   0: 0x80004342 (0x0289f793) andi    a5, s3, 40
core   0: 3 0x80004342 (0x0289f793) x15 0x00000008
core   0: 0x80004346 (0xfae5dce3) bge     a1, a4, pc - 72
core   0: 3 0x80004346 (0xfae5dce3)
core   0: 0x800042fe (0x00008e6d) c.and   a2, a1
core   0: 3 0x800042fe (0x8e6d) x12 0x0000025d
core   0: 0x80004300 (0x26270613) addi    a2, a4, 610
core   0: 3 0x80004300 (0x26270613) x12 0x0000025f
core   0: 0x80004304 (0x01531c33) sll     s8, t1, s5
core   0: 3 0x80004304 (0x01531c33) x24 0xffffffff
core   0: 0x80004308 (0x000015e5) c.addi  a1, -7
core   0: 3 0x80004308 (0x15e5) x11 0xfffffff6
core   0: 0x8000430a (0x00000162) c.slli  sp, 24
core   0: 3 0x8000430a (0x0162) x 2 0x00000000
core   0: 0x8000430c (0x00a00193) li      gp, 10
core   0: 3 0x8000430c (0x00a00193) x 3 0x0000000a
core   0: 0x80004310 (0x00559c13) slli    s8, a1, 5
core   0: 3 0x80004310 (0x00559c13) x24 0xfffffec0
core   0: 0x80004314 (0x0156c3b3) xor     t2, a3, s5
core   0: 3 0x80004314 (0x0156c3b3) x 7 0x085b5f2f
core   0: 0x80004318 (0x00a00993) li      s3, 10
core   0: 3 0x80004318 (0x00a00993) x19 0x0000000a
core   0: 0x8000431c (0x035d07b3) mul     a5, s10, s5
core   0: 3 0x8000431c (0x035d07b3) x15 0x42daf900
core   0: 0x80004320 (0x9b9bb793) sltiu   a5, s7, -1607
core   0: 3 0x80004320 (0x9b9bb793) x15 0x00000001
core   0: 0x80004324 (0x017bf8b3) and     a7, s7, s7
core   0: 3 0x80004324 (0x017bf8b3) x17 0x00000007
core   0: 0x80004328 (0x00b8d493) srli    s1, a7, 11
core   0: 3 0x80004328 (0x00b8d493) x 9 0x00000000
core   0: 0x8000432c (0x000011f9) c.addi  gp, -2
core   0: 3 0x8000432c (0x11f9) x 3 0x00000008
core   0: 0x8000432e (0x2433a413) slti    s0, t2, 579
core   0: 3 0x8000432e (0x2433a413) x 8 0x00000000
core   0: 0x80004332 (0xff31f7e3) bgeu    gp, s3, pc - 18
core   0: 3 0x80004332 (0xff31f7e3)
core   0: 0x80004336 (0xd7077f13) andi    t5, a4, -656
core   0: 3 0x80004336 (0xd7077f13) x30 0xfffffd70
core   0: 0x8000433a (0x00247033) and     zero, s0, sp
core   0: 3 0x8000433a (0x00247033)
core   0: 0x8000433e (0x002b6833) or      a6, s6, sp
core   0: 3 0x8000433e (0x002b6833) x16 0xfffffffa
core   0: 0x80004342 (0x0289f793) andi    a5, s3, 40
core   0: 3 0x80004342 (0x0289f793) x15 0x00000008
core   0: 0x80004346 (0xfae5dce3) bge     a1, a4, pc - 72
core   0: 3 0x80004346 (0xfae5dce3)
core   0: 0x8000434a (0x01ca1433) sll     s0, s4, t3
core   0: 3 0x8000434a (0x01ca1433) x 8 0x8859410c
core   0: 0x8000434e (0x00700e93) li      t4, 7
core   0: 3 0x8000434e (0x00700e93) x29 0x00000007
core   0: 0x80004352 (0xff800b13) li      s6, -8
core   0: 3 0x80004352 (0xff800b13) x22 0xfffffff8
core   0: 0x80004356 (0x00000001) c.nop
core   0: 3 0x80004356 (0x0001)
core   0: 0x80004358 (0x01ede1b3) or      gp, s11, t5
core   0: 3 0x80004358 (0x01ede1b3) x 3 0xfffffdf4
core   0: 0x8000435c (0x020e9033) mulh    zero, t4, zero
core   0: 3 0x8000435c (0x020e9033)
core   0: 0x80004360 (0x40f28413) addi    s0, t0, 1039
core   0: 3 0x80004360 (0x40f28413) x 8 0x0000040d
core   0: 0x80004364 (0x000081de) c.mv    gp, s7
core   0: 3 0x80004364 (0x81de) x 3 0x00000007
core   0: 0x80004366 (0x00001edd) c.addi  t4, -9
core   0: 3 0x80004366 (0x1edd) x29 0xfffffffe
core   0: 0x80004368 (0xffc00613) li      a2, -4
core   0: 3 0x80004368 (0xffc00613) x12 0xfffffffc
core   0: 0x8000436c (0xff800493) li      s1, -8
core   0: 3 0x8000436c (0xff800493) x 9 0xfffffff8
core   0: 0x80004370 (0x00627433) and     s0, tp, t1
core   0: 3 0x80004370 (0x00627433) x 8 0xffffffff
core   0: 0x80004374 (0x00b4f0b3) and     ra, s1, a1
core   0: 3 0x80004374 (0x00b4f0b3) x 1 0xfffffff0
core   0: 0x80004378 (0x019c5993) srli    s3, s8, 25
core   0: 3 0x80004378 (0x019c5993) x19 0x0000007f
core   0: 0x8000437c (0x4d657993) andi    s3, a0, 1238
core   0: 3 0x8000437c (0x4d657993) x19 0x00000404
core   0: 0x80004380 (0x0000717d) c.addi16sp sp, -16
core   0: 3 0x80004380 (0x717d) x 2 0xfffffff0
core   0: 0x80004382 (0x00008fe9) c.and   a5, a0
core   0: 3 0x80004382 (0x8fe9) x15 0x00000008
core   0: 0x80004384 (0x00001671) c.addi  a2, -4
core   0: 3 0x80004384 (0x1671) x12 0xfffffff8
core   0: 0x80004386 (0x537f2d13) slti    s10, t5, 1335
core   0: 3 0x80004386 (0x537f2d13) x26 0x00000001
core   0: 0x8000438a (0xfe9605e3) beq     a2, s1, pc - 22
core   0: 3 0x8000438a (0xfe9605e3)
core   0: 0x80004374 (0x00b4f0b3) and     ra, s1, a1
core   0: 3 0x80004374 (0x00b4f0b3) x 1 0xfffffff0
core   0: 0x80004378 (0x019c5993) srli    s3, s8, 25
core   0: 3 0x80004378 (0x019c5993) x19 0x0000007f
core   0: 0x8000437c (0x4d657993) andi    s3, a0, 1238
core   0: 3 0x8000437c (0x4d657993) x19 0x00000404
core   0: 0x80004380 (0x0000717d) c.addi16sp sp, -16
core   0: 3 0x80004380 (0x717d) x 2 0xffffffe0
core   0: 0x80004382 (0x00008fe9) c.and   a5, a0
core   0: 3 0x80004382 (0x8fe9) x15 0x00000008
core   0: 0x80004384 (0x00001671) c.addi  a2, -4
core   0: 3 0x80004384 (0x1671) x12 0xfffffff4
core   0: 0x80004386 (0x537f2d13) slti    s10, t5, 1335
core   0: 3 0x80004386 (0x537f2d13) x26 0x00000001
core   0: 0x8000438a (0xfe9605e3) beq     a2, s1, pc - 22
core   0: 3 0x8000438a (0xfe9605e3)
core   0: 0x8000438e (0x658d2737) lui     a4, 0x658d2
core   0: 3 0x8000438e (0x658d2737) x14 0x658d2000
core   0: 0x80004392 (0x00008c1d) c.sub   s0, a5
core   0: 3 0x80004392 (0x8c1d) x 8 0xfffffff7
core   0: 0x80004394 (0x795e1bb7) lui     s7, 0x795e1
core   0: 3 0x80004394 (0x795e1bb7) x23 0x795e1000
core   0: 0x80004398 (0x41e25c93) srai    s9, tp, 30
core   0: 3 0x80004398 (0x41e25c93) x25 0xffffffff
core   0: 0x8000439c (0xfb6edee3) bge     t4, s6, pc - 68
core   0: 3 0x8000439c (0xfb6edee3)
core   0: 0x80004358 (0x01ede1b3) or      gp, s11, t5
core   0: 3 0x80004358 (0x01ede1b3) x 3 0xfffffdf4
core   0: 0x8000435c (0x020e9033) mulh    zero, t4, zero
core   0: 3 0x8000435c (0x020e9033)
core   0: 0x80004360 (0x40f28413) addi    s0, t0, 1039
core   0: 3 0x80004360 (0x40f28413) x 8 0x0000040d
core   0: 0x80004364 (0x000081de) c.mv    gp, s7
core   0: 3 0x80004364 (0x81de) x 3 0x795e1000
core   0: 0x80004366 (0x00001edd) c.addi  t4, -9
core   0: 3 0x80004366 (0x1edd) x29 0xfffffff5
core   0: 0x80004368 (0xffc00613) li      a2, -4
core   0: 3 0x80004368 (0xffc00613) x12 0xfffffffc
core   0: 0x8000436c (0xff800493) li      s1, -8
core   0: 3 0x8000436c (0xff800493) x 9 0xfffffff8
core   0: 0x80004370 (0x00627433) and     s0, tp, t1
core   0: 3 0x80004370 (0x00627433) x 8 0xffffffff
core   0: 0x80004374 (0x00b4f0b3) and     ra, s1, a1
core   0: 3 0x80004374 (0x00b4f0b3) x 1 0xfffffff0
core   0: 0x80004378 (0x019c5993) srli    s3, s8, 25
core   0: 3 0x80004378 (0x019c5993) x19 0x0000007f
core   0: 0x8000437c (0x4d657993) andi    s3, a0, 1238
core   0: 3 0x8000437c (0x4d657993) x19 0x00000404
core   0: 0x80004380 (0x0000717d) c.addi16sp sp, -16
core   0: 3 0x80004380 (0x717d) x 2 0xffffffd0
core   0: 0x80004382 (0x00008fe9) c.and   a5, a0
core   0: 3 0x80004382 (0x8fe9) x15 0x00000008
core   0: 0x80004384 (0x00001671) c.addi  a2, -4
core   0: 3 0x80004384 (0x1671) x12 0xfffffff8
core   0: 0x80004386 (0x537f2d13) slti    s10, t5, 1335
core   0: 3 0x80004386 (0x537f2d13) x26 0x00000001
core   0: 0x8000438a (0xfe9605e3) beq     a2, s1, pc - 22
core   0: 3 0x8000438a (0xfe9605e3)
core   0: 0x80004374 (0x00b4f0b3) and     ra, s1, a1
core   0: 3 0x80004374 (0x00b4f0b3) x 1 0xfffffff0
core   0: 0x80004378 (0x019c5993) srli    s3, s8, 25
core   0: 3 0x80004378 (0x019c5993) x19 0x0000007f
core   0: 0x8000437c (0x4d657993) andi    s3, a0, 1238
core   0: 3 0x8000437c (0x4d657993) x19 0x00000404
core   0: 0x80004380 (0x0000717d) c.addi16sp sp, -16
core   0: 3 0x80004380 (0x717d) x 2 0xffffffc0
core   0: 0x80004382 (0x00008fe9) c.and   a5, a0
core   0: 3 0x80004382 (0x8fe9) x15 0x00000008
core   0: 0x80004384 (0x00001671) c.addi  a2, -4
core   0: 3 0x80004384 (0x1671) x12 0xfffffff4
core   0: 0x80004386 (0x537f2d13) slti    s10, t5, 1335
core   0: 3 0x80004386 (0x537f2d13) x26 0x00000001
core   0: 0x8000438a (0xfe9605e3) beq     a2, s1, pc - 22
core   0: 3 0x8000438a (0xfe9605e3)
core   0: 0x8000438e (0x658d2737) lui     a4, 0x658d2
core   0: 3 0x8000438e (0x658d2737) x14 0x658d2000
core   0: 0x80004392 (0x00008c1d) c.sub   s0, a5
core   0: 3 0x80004392 (0x8c1d) x 8 0xfffffff7
core   0: 0x80004394 (0x795e1bb7) lui     s7, 0x795e1
core   0: 3 0x80004394 (0x795e1bb7) x23 0x795e1000
core   0: 0x80004398 (0x41e25c93) srai    s9, tp, 30
core   0: 3 0x80004398 (0x41e25c93) x25 0xffffffff
core   0: 0x8000439c (0xfb6edee3) bge     t4, s6, pc - 68
core   0: 3 0x8000439c (0xfb6edee3)
core   0: 0x800043a0 (0x00009b7d) c.andi  a4, -1
core   0: 3 0x800043a0 (0x9b7d) x14 0x658d2000
core   0: 0x800043a2 (0xffb00593) li      a1, -5
core   0: 3 0x800043a2 (0xffb00593) x11 0xfffffffb
core   0: 0x800043a6 (0x00500813) li      a6, 5
core   0: 3 0x800043a6 (0x00500813) x16 0x00000005
core   0: 0x800043aa (0x00009cd6) c.add   s9, s5
core   0: 3 0x800043aa (0x9cd6) x25 0x085b5f1f
core   0: 0x800043ac (0x000005a9) c.addi  a1, 10
core   0: 3 0x800043ac (0x05a9) x11 0x00000005
core   0: 0x800043ae (0xff800493) li      s1, -8
core   0: 3 0x800043ae (0xff800493) x 9 0xfffffff8
core   0: 0x800043b2 (0x008fecb3) or      s9, t6, s0
core   0: 3 0x800043b2 (0x008fecb3) x25 0xfffffff7
core   0: 0x800043b6 (0x00000001) c.nop
core   0: 3 0x800043b6 (0x0001)
core   0: 0x800043b8 (0x00009262) c.add   tp, s8
core   0: 3 0x800043b8 (0x9262) x 4 0xfffffebf
core   0: 0x800043ba (0x0000935a) c.add   t1, s6
core   0: 3 0x800043ba (0x935a) x 6 0xfffffff7
core   0: 0x800043bc (0x00000485) c.addi  s1, 1
core   0: 3 0x800043bc (0x0485) x 9 0xfffffff9
core   0: 0x800043be (0x0000fced) c.bnez  s1, pc - 6
core   0: 3 0x800043be (0xfced)
core   0: 0x800043b8 (0x00009262) c.add   tp, s8
core   0: 3 0x800043b8 (0x9262) x 4 0xfffffd7f
core   0: 0x800043ba (0x0000935a) c.add   t1, s6
core   0: 3 0x800043ba (0x935a) x 6 0xffffffef
core   0: 0x800043bc (0x00000485) c.addi  s1, 1
core   0: 3 0x800043bc (0x0485) x 9 0xfffffffa
core   0: 0x800043be (0x0000fced) c.bnez  s1, pc - 6
core   0: 3 0x800043be (0xfced)
core   0: 0x800043b8 (0x00009262) c.add   tp, s8
core   0: 3 0x800043b8 (0x9262) x 4 0xfffffc3f
core   0: 0x800043ba (0x0000935a) c.add   t1, s6
core   0: 3 0x800043ba (0x935a) x 6 0xffffffe7
core   0: 0x800043bc (0x00000485) c.addi  s1, 1
core   0: 3 0x800043bc (0x0485) x 9 0xfffffffb
core   0: 0x800043be (0x0000fced) c.bnez  s1, pc - 6
core   0: 3 0x800043be (0xfced)
core   0: 0x800043b8 (0x00009262) c.add   tp, s8
core   0: 3 0x800043b8 (0x9262) x 4 0xfffffaff
core   0: 0x800043ba (0x0000935a) c.add   t1, s6
core   0: 3 0x800043ba (0x935a) x 6 0xffffffdf
core   0: 0x800043bc (0x00000485) c.addi  s1, 1
core   0: 3 0x800043bc (0x0485) x 9 0xfffffffc
core   0: 0x800043be (0x0000fced) c.bnez  s1, pc - 6
core   0: 3 0x800043be (0xfced)
core   0: 0x800043b8 (0x00009262) c.add   tp, s8
core   0: 3 0x800043b8 (0x9262) x 4 0xfffff9bf
core   0: 0x800043ba (0x0000935a) c.add   t1, s6
core   0: 3 0x800043ba (0x935a) x 6 0xffffffd7
core   0: 0x800043bc (0x00000485) c.addi  s1, 1
core   0: 3 0x800043bc (0x0485) x 9 0xfffffffd
core   0: 0x800043be (0x0000fced) c.bnez  s1, pc - 6
core   0: 3 0x800043be (0xfced)
core   0: 0x800043b8 (0x00009262) c.add   tp, s8
core   0: 3 0x800043b8 (0x9262) x 4 0xfffff87f
core   0: 0x800043ba (0x0000935a) c.add   t1, s6
core   0: 3 0x800043ba (0x935a) x 6 0xffffffcf
core   0: 0x800043bc (0x00000485) c.addi  s1, 1
core   0: 3 0x800043bc (0x0485) x 9 0xfffffffe
core   0: 0x800043be (0x0000fced) c.bnez  s1, pc - 6
core   0: 3 0x800043be (0xfced)
core   0: 0x800043b8 (0x00009262) c.add   tp, s8
core   0: 3 0x800043b8 (0x9262) x 4 0xfffff73f
core   0: 0x800043ba (0x0000935a) c.add   t1, s6
core   0: 3 0x800043ba (0x935a) x 6 0xffffffc7
core   0: 0x800043bc (0x00000485) c.addi  s1, 1
core   0: 3 0x800043bc (0x0485) x 9 0xffffffff
core   0: 0x800043be (0x0000fced) c.bnez  s1, pc - 6
core   0: 3 0x800043be (0xfced)
core   0: 0x800043b8 (0x00009262) c.add   tp, s8
core   0: 3 0x800043b8 (0x9262) x 4 0xfffff5ff
core   0: 0x800043ba (0x0000935a) c.add   t1, s6
core   0: 3 0x800043ba (0x935a) x 6 0xffffffbf
core   0: 0x800043bc (0x00000485) c.addi  s1, 1
core   0: 3 0x800043bc (0x0485) x 9 0x00000000
core   0: 0x800043be (0x0000fced) c.bnez  s1, pc - 6
core   0: 3 0x800043be (0xfced)
core   0: 0x800043c0 (0xff05c5e3) blt     a1, a6, pc - 22
core   0: 3 0x800043c0 (0xff05c5e3)
core   0: 0x800043c4 (0x026ddbb3) divu    s7, s11, t1
core   0: 3 0x800043c4 (0x026ddbb3) x23 0x00000000
core   0: 0x800043c8 (0xffe00793) li      a5, -2
core   0: 3 0x800043c8 (0xffe00793) x15 0xfffffffe
core   0: 0x800043cc (0x0000100f) fence.i
core   0: 3 0x800043cc (0x0000100f)
core   0: 0x800043d0 (0x00008ead) c.xor   a3, a1
core   0: 3 0x800043d0 (0x8ead) x13 0x0000000a
core   0: 0x800043d2 (0x00008df1) c.and   a1, a2
core   0: 3 0x800043d2 (0x8df1) x11 0x00000004
core   0: 0x800043d4 (0x02da6833) rem     a6, s4, a3
core   0: 3 0x800043d4 (0x02da6833) x16 0xfffffffc
core   0: 0x800043d8 (0x41660f33) sub     t5, a2, s6
core   0: 3 0x800043d8 (0x41660f33) x30 0xfffffffc
core   0: 0x800043dc (0x024550b3) divu    ra, a0, tp
core   0: 3 0x800043dc (0x024550b3) x 1 0x00000000
core   0: 0x800043e0 (0x011b1893) slli    a7, s6, 17
core   0: 3 0x800043e0 (0x011b1893) x17 0xfff00000
core   0: 0x800043e4 (0x00300193) li      gp, 3
core   0: 3 0x800043e4 (0x00300193) x 3 0x00000003
core   0: 0x800043e8 (0x00226f33) or      t5, tp, sp
core   0: 3 0x800043e8 (0x00226f33) x30 0xffffffff
core   0: 0x800043ec (0x00001018) c.addi4spn a4, sp, 32
core   0: 3 0x800043ec (0x1018) x14 0xffffffe0
core   0: 0x800043ee (0x003b5cb3) srl     s9, s6, gp
core   0: 3 0x800043ee (0x003b5cb3) x25 0x1fffffff
core   0: 0x800043f2 (0x00000785) c.addi  a5, 1
core   0: 3 0x800043f2 (0x0785) x15 0xffffffff
core   0: 0x800043f4 (0x0000612d) c.addi16sp sp, 224
core   0: 3 0x800043f4 (0x612d) x 2 0x000000a0
core   0: 0x800043f6 (0xfe379be3) bne     a5, gp, pc - 10
core   0: 3 0x800043f6 (0xfe379be3)
core   0: 0x800043ec (0x00001018) c.addi4spn a4, sp, 32
core   0: 3 0x800043ec (0x1018) x14 0x000000c0
core   0: 0x800043ee (0x003b5cb3) srl     s9, s6, gp
core   0: 3 0x800043ee (0x003b5cb3) x25 0x1fffffff
core   0: 0x800043f2 (0x00000785) c.addi  a5, 1
core   0: 3 0x800043f2 (0x0785) x15 0x00000000
core   0: 0x800043f4 (0x0000612d) c.addi16sp sp, 224
core   0: 3 0x800043f4 (0x612d) x 2 0x00000180
core   0: 0x800043f6 (0xfe379be3) bne     a5, gp, pc - 10
core   0: 3 0x800043f6 (0xfe379be3)
core   0: 0x800043ec (0x00001018) c.addi4spn a4, sp, 32
core   0: 3 0x800043ec (0x1018) x14 0x000001a0
core   0: 0x800043ee (0x003b5cb3) srl     s9, s6, gp
core   0: 3 0x800043ee (0x003b5cb3) x25 0x1fffffff
core   0: 0x800043f2 (0x00000785) c.addi  a5, 1
core   0: 3 0x800043f2 (0x0785) x15 0x00000001
core   0: 0x800043f4 (0x0000612d) c.addi16sp sp, 224
core   0: 3 0x800043f4 (0x612d) x 2 0x00000260
core   0: 0x800043f6 (0xfe379be3) bne     a5, gp, pc - 10
core   0: 3 0x800043f6 (0xfe379be3)
core   0: 0x800043ec (0x00001018) c.addi4spn a4, sp, 32
core   0: 3 0x800043ec (0x1018) x14 0x00000280
core   0: 0x800043ee (0x003b5cb3) srl     s9, s6, gp
core   0: 3 0x800043ee (0x003b5cb3) x25 0x1fffffff
core   0: 0x800043f2 (0x00000785) c.addi  a5, 1
core   0: 3 0x800043f2 (0x0785) x15 0x00000002
core   0: 0x800043f4 (0x0000612d) c.addi16sp sp, 224
core   0: 3 0x800043f4 (0x612d) x 2 0x00000340
core   0: 0x800043f6 (0xfe379be3) bne     a5, gp, pc - 10
core   0: 3 0x800043f6 (0xfe379be3)
core   0: 0x800043ec (0x00001018) c.addi4spn a4, sp, 32
core   0: 3 0x800043ec (0x1018) x14 0x00000360
core   0: 0x800043ee (0x003b5cb3) srl     s9, s6, gp
core   0: 3 0x800043ee (0x003b5cb3) x25 0x1fffffff
core   0: 0x800043f2 (0x00000785) c.addi  a5, 1
core   0: 3 0x800043f2 (0x0785) x15 0x00000003
core   0: 0x800043f4 (0x0000612d) c.addi16sp sp, 224
core   0: 3 0x800043f4 (0x612d) x 2 0x00000420
core   0: 0x800043f6 (0xfe379be3) bne     a5, gp, pc - 10
core   0: 3 0x800043f6 (0xfe379be3)
core   0: 0x800043fa (0x00000e05) c.addi  t3, 1
core   0: 3 0x800043fa (0x0e05) x28 0x00008001
core   0: 0x800043fc (0xffe00593) li      a1, -2
core   0: 3 0x800043fc (0xffe00593) x11 0xfffffffe
core   0: 0x80004400 (0x007aabb3) slt     s7, s5, t2
core   0: 3 0x80004400 (0x007aabb3) x23 0x00000001
core   0: 0x80004404 (0x00000001) c.nop
core   0: 3 0x80004404 (0x0001)
core   0: 0x80004406 (0x02ad72b3) remu    t0, s10, a0
core   0: 3 0x80004406 (0x02ad72b3) x 5 0x00000001
core   0: 0x8000440a (0x00f54733) xor     a4, a0, a5
core   0: 3 0x8000440a (0x00f54733) x14 0x80021e2f
core   0: 0x8000440e (0x787d8e37) lui     t3, 0x787d8
core   0: 3 0x8000440e (0x787d8e37) x28 0x787d8000
core   0: 0x80004412 (0x00799d33) sll     s10, s3, t2
core   0: 3 0x80004412 (0x00799d33) x26 0x02020000
core   0: 0x80004416 (0x00000585) c.addi  a1, 1
core   0: 3 0x80004416 (0x0585) x11 0xffffffff
core   0: 0x80004418 (0x57dae413) ori     s0, s5, 1405
core   0: 3 0x80004418 (0x57dae413) x 8 0x085b5f7d
core   0: 0x8000441c (0x03d22933) mulhsu  s2, tp, t4
core   0: 3 0x8000441c (0x03d22933) x18 0xfffff5ff
core   0: 0x80004420 (0x4085db93) srai    s7, a1, 8
core   0: 3 0x80004420 (0x4085db93) x23 0xffffffff
core   0: 0x80004424 (0x00a00613) li      a2, 10
core   0: 3 0x80004424 (0x00a00613) x12 0x0000000a
core   0: 0x80004428 (0x00400213) li      tp, 4
core   0: 3 0x80004428 (0x00400213) x 4 0x00000004
core   0: 0x8000442c (0x023687b3) mul     a5, a3, gp
core   0: 3 0x8000442c (0x023687b3) x15 0x0000001e
core   0: 0x80004430 (0x419d00b3) sub     ra, s10, s9
core   0: 3 0x80004430 (0x419d00b3) x 1 0xe2020001
core   0: 0x80004434 (0x00001679) c.addi  a2, -2
core   0: 3 0x80004434 (0x1679) x12 0x00000008
core   0: 0x80004436 (0x28e87193) andi    gp, a6, 654
core   0: 3 0x80004436 (0x28e87193) x 3 0x0000028c
core   0: 0x8000443a (0xfe467be3) bgeu    a2, tp, pc - 10
core   0: 3 0x8000443a (0xfe467be3)
core   0: 0x80004430 (0x419d00b3) sub     ra, s10, s9
core   0: 3 0x80004430 (0x419d00b3) x 1 0xe2020001
core   0: 0x80004434 (0x00001679) c.addi  a2, -2
core   0: 3 0x80004434 (0x1679) x12 0x00000006
core   0: 0x80004436 (0x28e87193) andi    gp, a6, 654
core   0: 3 0x80004436 (0x28e87193) x 3 0x0000028c
core   0: 0x8000443a (0xfe467be3) bgeu    a2, tp, pc - 10
core   0: 3 0x8000443a (0xfe467be3)
core   0: 0x80004430 (0x419d00b3) sub     ra, s10, s9
core   0: 3 0x80004430 (0x419d00b3) x 1 0xe2020001
core   0: 0x80004434 (0x00001679) c.addi  a2, -2
core   0: 3 0x80004434 (0x1679) x12 0x00000004
core   0: 0x80004436 (0x28e87193) andi    gp, a6, 654
core   0: 3 0x80004436 (0x28e87193) x 3 0x0000028c
core   0: 0x8000443a (0xfe467be3) bgeu    a2, tp, pc - 10
core   0: 3 0x8000443a (0xfe467be3)
core   0: 0x80004430 (0x419d00b3) sub     ra, s10, s9
core   0: 3 0x80004430 (0x419d00b3) x 1 0xe2020001
core   0: 0x80004434 (0x00001679) c.addi  a2, -2
core   0: 3 0x80004434 (0x1679) x12 0x00000002
core   0: 0x80004436 (0x28e87193) andi    gp, a6, 654
core   0: 3 0x80004436 (0x28e87193) x 3 0x0000028c
core   0: 0x8000443a (0xfe467be3) bgeu    a2, tp, pc - 10
core   0: 3 0x8000443a (0xfe467be3)
core   0: 0x8000443e (0x00008c01) c.sub   s0, s0
core   0: 3 0x8000443e (0x8c01) x 8 0x00000000
core   0: 0x80004440 (0x00000001) c.nop
core   0: 3 0x80004440 (0x0001)
core   0: 0x80004442 (0x02a6ad33) mulhsu  s10, a3, a0
core   0: 3 0x80004442 (0x02a6ad33) x26 0x00000005
core   0: 0x80004446 (0x000082c5) c.srli  a3, 17
core   0: 3 0x80004446 (0x82c5) x13 0x00000000
core   0: 0x80004448 (0x021e78b3) remu    a7, t3, ra
core   0: 3 0x80004448 (0x021e78b3) x17 0x787d8000
core   0: 0x8000444c (0x00008c35) c.xor   s0, a3
core   0: 3 0x8000444c (0x8c35) x 8 0x00000000
core   0: 0x8000444e (0x0000100f) fence.i
core   0: 3 0x8000444e (0x0000100f)
core   0: 0x80004452 (0x405106b3) sub     a3, sp, t0
core   0: 3 0x80004452 (0x405106b3) x13 0x0000041f
core   0: 0x80004456 (0x00008c65) c.and   s0, s1
core   0: 3 0x80004456 (0x8c65) x 8 0x00000000
core   0: 0x80004458 (0x0000071c) c.addi4spn a5, sp, 896
core   0: 3 0x80004458 (0x071c) x15 0x000007a0
core   0: 0x8000445a (0x00008edd) c.or    a3, a5
core   0: 3 0x8000445a (0x8edd) x13 0x000007bf
core   0: 0x8000445c (0x0000d9cd) c.beqz  a1, pc - 78
core   0: 3 0x8000445c (0xd9cd)
core   0: 0x8000445e (0x00008469) c.srai  s0, 26
core   0: 3 0x8000445e (0x8469) x 8 0x00000000
core   0: 0x80004460 (0xffc00793) li      a5, -4
core   0: 3 0x80004460 (0xffc00793) x15 0xfffffffc
core   0: 0x80004464 (0x41095d33) sra     s10, s2, a6
core   0: 3 0x80004464 (0x41095d33) x26 0xffffffff
core   0: 0x80004468 (0x01000c93) li      s9, 16
core   0: 3 0x80004468 (0x01000c93) x25 0x00000010
core   0: 0x8000446c (0x0385a333) mulhsu  t1, a1, s8
core   0: 3 0x8000446c (0x0385a333) x 6 0xffffffff
core   0: 0x80004470 (0x000048ad) c.li    a7, 11
core   0: 3 0x80004470 (0x48ad) x17 0x0000000b
core   0: 0x80004472 (0x00000795) c.addi  a5, 5
core   0: 3 0x80004472 (0x0795) x15 0x00000001
core   0: 0x80004474 (0x1e49b597) auipc   a1, 0x1e49b
core   0: 3 0x80004474 (0x1e49b597) x11 0x9e49f474
core   0: 0x80004478 (0x00000001) c.nop
core   0: 3 0x80004478 (0x0001)
core   0: 0x8000447a (0x0000717d) c.addi16sp sp, -16
core   0: 3 0x8000447a (0x717d) x 2 0x00000410
core   0: 0x8000447c (0x0129d733) srl     a4, s3, s2
core   0: 3 0x8000447c (0x0129d733) x14 0x00000000
core   0: 0x80004480 (0xff9786e3) beq     a5, s9, pc - 20
core   0: 3 0x80004480 (0xff9786e3)
core   0: 0x80004484 (0x00008ef9) c.and   a3, a4
core   0: 3 0x80004484 (0x8ef9) x13 0x00000000
core   0: 0x80004486 (0xffc00493) li      s1, -4
core   0: 3 0x80004486 (0xffc00493) x 9 0xfffffffc
core   0: 0x8000448a (0x00005b7d) c.li    s6, -1
core   0: 3 0x8000448a (0x5b7d) x22 0xffffffff
core   0: 0x8000448c (0x011d1893) slli    a7, s10, 17
core   0: 3 0x8000448c (0x011d1893) x17 0xfffe0000
core   0: 0x80004490 (0x00000001) c.nop
core   0: 3 0x80004490 (0x0001)
core   0: 0x80004492 (0x41dc5b93) srai    s7, s8, 29
core   0: 3 0x80004492 (0x41dc5b93) x23 0xffffffff
core   0: 0x80004496 (0x0311ba33) mulhu   s4, gp, a7
core   0: 3 0x80004496 (0x0311ba33) x20 0x0000028b
core   0: 0x8000449a (0x01e78e33) add     t3, a5, t5
core   0: 3 0x8000449a (0x01e78e33) x28 0x00000000
core   0: 0x8000449e (0x000085c1) c.srai  a1, 16
core   0: 3 0x8000449e (0x85c1) x11 0xffff9e49
core   0: 0x800044a0 (0x03afa9b3) mulhsu  s3, t6, s10
core   0: 3 0x800044a0 (0x03afa9b3) x19 0x00000000
core   0: 0x800044a4 (0x027dd5b3) divu    a1, s11, t2
core   0: 3 0x800044a4 (0x027dd5b3) x11 0x0000000f
core   0: 0x800044a8 (0x00008a65) c.andi  a2, 25
core   0: 3 0x800044a8 (0x8a65) x12 0x00000000
core   0: 0x800044aa (0x0000717d) c.addi16sp sp, -16
core   0: 3 0x800044aa (0x717d) x 2 0x00000400
core   0: 0x800044ac (0x00000485) c.addi  s1, 1
core   0: 3 0x800044ac (0x0485) x 9 0xfffffffd
core   0: 0x800044ae (0x00008b96) c.mv    s7, t0
core   0: 3 0x800044ae (0x8b96) x23 0x00000001
core   0: 0x800044b0 (0x000089c5) c.andi  a1, 17
core   0: 3 0x800044b0 (0x89c5) x11 0x00000001
core   0: 0x800044b2 (0x00008fd1) c.or    a5, a2
core   0: 3 0x800044b2 (0x8fd1) x15 0x00000001
core   0: 0x800044b4 (0x0000d0fd) c.beqz  s1, pc - 26
core   0: 3 0x800044b4 (0xd0fd)
core   0: 0x800044b6 (0x41a9d813) srai    a6, s3, 26
core   0: 3 0x800044b6 (0x41a9d813) x16 0x00000000
core   0: 0x800044ba (0x00800493) li      s1, 8
core   0: 3 0x800044ba (0x00800493) x 9 0x00000008
core   0: 0x800044be (0x00100293) li      t0, 1
core   0: 3 0x800044be (0x00100293) x 5 0x00000001
core   0: 0x800044c2 (0x000055fd) c.li    a1, -1
core   0: 3 0x800044c2 (0x55fd) x11 0xffffffff
core   0: 0x800044c4 (0x000014fd) c.addi  s1, -1
core   0: 3 0x800044c4 (0x14fd) x 9 0x00000007
core   0: 0x800044c6 (0x00008c79) c.and   s0, a4
core   0: 3 0x800044c6 (0x8c79) x 8 0x00000000
core   0: 0x800044c8 (0xfe54dde3) bge     s1, t0, pc - 6
core   0: 3 0x800044c8 (0xfe54dde3)
core   0: 0x800044c2 (0x000055fd) c.li    a1, -1
core   0: 3 0x800044c2 (0x55fd) x11 0xffffffff
core   0: 0x800044c4 (0x000014fd) c.addi  s1, -1
core   0: 3 0x800044c4 (0x14fd) x 9 0x00000006
core   0: 0x800044c6 (0x00008c79) c.and   s0, a4
core   0: 3 0x800044c6 (0x8c79) x 8 0x00000000
core   0: 0x800044c8 (0xfe54dde3) bge     s1, t0, pc - 6
core   0: 3 0x800044c8 (0xfe54dde3)
core   0: 0x800044c2 (0x000055fd) c.li    a1, -1
core   0: 3 0x800044c2 (0x55fd) x11 0xffffffff
core   0: 0x800044c4 (0x000014fd) c.addi  s1, -1
core   0: 3 0x800044c4 (0x14fd) x 9 0x00000005
core   0: 0x800044c6 (0x00008c79) c.and   s0, a4
core   0: 3 0x800044c6 (0x8c79) x 8 0x00000000
core   0: 0x800044c8 (0xfe54dde3) bge     s1, t0, pc - 6
core   0: 3 0x800044c8 (0xfe54dde3)
core   0: 0x800044c2 (0x000055fd) c.li    a1, -1
core   0: 3 0x800044c2 (0x55fd) x11 0xffffffff
core   0: 0x800044c4 (0x000014fd) c.addi  s1, -1
core   0: 3 0x800044c4 (0x14fd) x 9 0x00000004
core   0: 0x800044c6 (0x00008c79) c.and   s0, a4
core   0: 3 0x800044c6 (0x8c79) x 8 0x00000000
core   0: 0x800044c8 (0xfe54dde3) bge     s1, t0, pc - 6
core   0: 3 0x800044c8 (0xfe54dde3)
core   0: 0x800044c2 (0x000055fd) c.li    a1, -1
core   0: 3 0x800044c2 (0x55fd) x11 0xffffffff
core   0: 0x800044c4 (0x000014fd) c.addi  s1, -1
core   0: 3 0x800044c4 (0x14fd) x 9 0x00000003
core   0: 0x800044c6 (0x00008c79) c.and   s0, a4
core   0: 3 0x800044c6 (0x8c79) x 8 0x00000000
core   0: 0x800044c8 (0xfe54dde3) bge     s1, t0, pc - 6
core   0: 3 0x800044c8 (0xfe54dde3)
core   0: 0x800044c2 (0x000055fd) c.li    a1, -1
core   0: 3 0x800044c2 (0x55fd) x11 0xffffffff
core   0: 0x800044c4 (0x000014fd) c.addi  s1, -1
core   0: 3 0x800044c4 (0x14fd) x 9 0x00000002
core   0: 0x800044c6 (0x00008c79) c.and   s0, a4
core   0: 3 0x800044c6 (0x8c79) x 8 0x00000000
core   0: 0x800044c8 (0xfe54dde3) bge     s1, t0, pc - 6
core   0: 3 0x800044c8 (0xfe54dde3)
core   0: 0x800044c2 (0x000055fd) c.li    a1, -1
core   0: 3 0x800044c2 (0x55fd) x11 0xffffffff
core   0: 0x800044c4 (0x000014fd) c.addi  s1, -1
core   0: 3 0x800044c4 (0x14fd) x 9 0x00000001
core   0: 0x800044c6 (0x00008c79) c.and   s0, a4
core   0: 3 0x800044c6 (0x8c79) x 8 0x00000000
core   0: 0x800044c8 (0xfe54dde3) bge     s1, t0, pc - 6
core   0: 3 0x800044c8 (0xfe54dde3)
core   0: 0x800044c2 (0x000055fd) c.li    a1, -1
core   0: 3 0x800044c2 (0x55fd) x11 0xffffffff
core   0: 0x800044c4 (0x000014fd) c.addi  s1, -1
core   0: 3 0x800044c4 (0x14fd) x 9 0x00000000
core   0: 0x800044c6 (0x00008c79) c.and   s0, a4
core   0: 3 0x800044c6 (0x8c79) x 8 0x00000000
core   0: 0x800044c8 (0xfe54dde3) bge     s1, t0, pc - 6
core   0: 3 0x800044c8 (0xfe54dde3)
core   0: 0x800044cc (0x004cc0b3) xor     ra, s9, tp
core   0: 3 0x800044cc (0x004cc0b3) x 1 0x00000014
core   0: 0x800044d0 (0xffc00e13) li      t3, -4
core   0: 3 0x800044d0 (0xffc00e13) x28 0xfffffffc
core   0: 0x800044d4 (0x026bdd33) divu    s10, s7, t1
core   0: 3 0x800044d4 (0x026bdd33) x26 0x00000000
core   0: 0x800044d8 (0xcde72717) auipc   a4, 0xcde72
core   0: 3 0x800044d8 (0xcde72717) x14 0x4de764d8
core   0: 0x800044dc (0x003738b3) sltu    a7, a4, gp
core   0: 3 0x800044dc (0x003738b3) x17 0x00000000
core   0: 0x800044e0 (0xff900c13) li      s8, -7
core   0: 3 0x800044e0 (0xff900c13) x24 0xfffffff9
core   0: 0x800044e4 (0x00008f05) c.sub   a4, s1
core   0: 3 0x800044e4 (0x8f05) x14 0x4de764d8
core   0: 0x800044e6 (0x00008275) c.srli  a2, 29
core   0: 3 0x800044e6 (0x8275) x12 0x00000000
core   0: 0x800044e8 (0x00001e75) c.addi  t3, -3
core   0: 3 0x800044e8 (0x1e75) x28 0xfffffff9
core   0: 0x800044ea (0x0366ccb3) div     s9, a3, s6
core   0: 3 0x800044ea (0x0366ccb3) x25 0x00000000
core   0: 0x800044ee (0x00000001) c.nop
core   0: 3 0x800044ee (0x0001)
core   0: 0x800044f0 (0x00006769) c.lui   a4, 0x1a
core   0: 3 0x800044f0 (0x6769) x14 0x0001a000
core   0: 0x800044f2 (0x00004d7d) c.li    s10, 31
core   0: 3 0x800044f2 (0x4d7d) x26 0x0000001f
core   0: 0x800044f4 (0x00000e0c) c.addi4spn a1, sp, 784
core   0: 3 0x800044f4 (0x0e0c) x11 0x00000710
core   0: 0x800044f6 (0xff8e57e3) bge     t3, s8, pc - 18
core   0: 3 0x800044f6 (0xff8e57e3)
core   0: 0x800044e4 (0x00008f05) c.sub   a4, s1
core   0: 3 0x800044e4 (0x8f05) x14 0x0001a000
core   0: 0x800044e6 (0x00008275) c.srli  a2, 29
core   0: 3 0x800044e6 (0x8275) x12 0x00000000
core   0: 0x800044e8 (0x00001e75) c.addi  t3, -3
core   0: 3 0x800044e8 (0x1e75) x28 0xfffffff6
core   0: 0x800044ea (0x0366ccb3) div     s9, a3, s6
core   0: 3 0x800044ea (0x0366ccb3) x25 0x00000000
core   0: 0x800044ee (0x00000001) c.nop
core   0: 3 0x800044ee (0x0001)
core   0: 0x800044f0 (0x00006769) c.lui   a4, 0x1a
core   0: 3 0x800044f0 (0x6769) x14 0x0001a000
core   0: 0x800044f2 (0x00004d7d) c.li    s10, 31
core   0: 3 0x800044f2 (0x4d7d) x26 0x0000001f
core   0: 0x800044f4 (0x00000e0c) c.addi4spn a1, sp, 784
core   0: 3 0x800044f4 (0x0e0c) x11 0x00000710
core   0: 0x800044f6 (0xff8e57e3) bge     t3, s8, pc - 18
core   0: 3 0x800044f6 (0xff8e57e3)
core   0: 0x800044fa (0x00346d33) or      s10, s0, gp
core   0: 3 0x800044fa (0x00346d33) x26 0x0000028c
core   0: 0x800044fe (0x00a00713) li      a4, 10
core   0: 3 0x800044fe (0x00a00713) x14 0x0000000a
core   0: 0x80004502 (0x0182df13) srli    t5, t0, 24
core   0: 3 0x80004502 (0x0182df13) x30 0x00000000
core   0: 0x80004506 (0x00000001) c.nop
core   0: 3 0x80004506 (0x0001)
core   0: 0x80004508 (0x01300e13) li      t3, 19
core   0: 3 0x80004508 (0x01300e13) x28 0x00000013
core   0: 0x8000450c (0xd565a313) slti    t1, a1, -682
core   0: 3 0x8000450c (0xd565a313) x 6 0x00000000
core   0: 0x80004510 (0x000098fd) c.andi  s1, -1
core   0: 3 0x80004510 (0x98fd) x 9 0x00000000
core   0: 0x80004512 (0x00000719) c.addi  a4, 6
core   0: 3 0x80004512 (0x0719) x14 0x00000010
core   0: 0x80004514 (0x00000001) c.nop
core   0: 3 0x80004514 (0x0001)
core   0: 0x80004516 (0x03392833) mulhsu  a6, s2, s3
core   0: 3 0x80004516 (0x03392833) x16 0x00000000
core   0: 0x8000451a (0x000094ba) c.add   s1, a4
core   0: 3 0x8000451a (0x94ba) x 9 0x00000010
core   0: 0x8000451c (0xffc768e3) bltu    a4, t3, pc - 16
core   0: 3 0x8000451c (0xffc768e3)
core   0: 0x8000450c (0xd565a313) slti    t1, a1, -682
core   0: 3 0x8000450c (0xd565a313) x 6 0x00000000
core   0: 0x80004510 (0x000098fd) c.andi  s1, -1
core   0: 3 0x80004510 (0x98fd) x 9 0x00000010
core   0: 0x80004512 (0x00000719) c.addi  a4, 6
core   0: 3 0x80004512 (0x0719) x14 0x00000016
core   0: 0x80004514 (0x00000001) c.nop
core   0: 3 0x80004514 (0x0001)
core   0: 0x80004516 (0x03392833) mulhsu  a6, s2, s3
core   0: 3 0x80004516 (0x03392833) x16 0x00000000
core   0: 0x8000451a (0x000094ba) c.add   s1, a4
core   0: 3 0x8000451a (0x94ba) x 9 0x00000026
core   0: 0x8000451c (0xffc768e3) bltu    a4, t3, pc - 16
core   0: 3 0x8000451c (0xffc768e3)
core   0: 0x80004520 (0x00008da5) c.xor   a1, s1
core   0: 3 0x80004520 (0x8da5) x11 0x00000736
core   0: 0x80004522 (0x00a00093) li      ra, 10
core   0: 3 0x80004522 (0x00a00093) x 1 0x0000000a
core   0: 0x80004526 (0x00b00b93) li      s7, 11
core   0: 3 0x80004526 (0x00b00b93) x23 0x0000000b
core   0: 0x8000452a (0x01b765b3) or      a1, a4, s11
core   0: 3 0x8000452a (0x01b765b3) x11 0x80025cf6
core   0: 0x8000452e (0x34ce8e13) addi    t3, t4, 844
core   0: 3 0x8000452e (0x34ce8e13) x28 0x00000341
core   0: 0x80004532 (0x416c5f93) srai    t6, s8, 22
core   0: 3 0x80004532 (0x416c5f93) x31 0xffffffff
core   0: 0x80004536 (0x00000085) c.addi  ra, 1
core   0: 3 0x80004536 (0x0085) x 1 0x0000000b
core   0: 0x80004538 (0xff900613) li      a2, -7
core   0: 3 0x80004538 (0xff900613) x12 0xfffffff9
core   0: 0x8000453c (0x008dd133) srl     sp, s11, s0
core   0: 3 0x8000453c (0x008dd133) x 2 0x80025ce4
core   0: 0x80004540 (0x00000001) c.nop
core   0: 3 0x80004540 (0x0001)
core   0: 0x80004542 (0x01921113) slli    sp, tp, 25
core   0: 3 0x80004542 (0x01921113) x 2 0x08000000
core   0: 0x80004546 (0x00008725) c.srai  a4, 9
core   0: 3 0x80004546 (0x8725) x14 0x00000000
core   0: 0x80004548 (0x00008c41) c.or    s0, s0
core   0: 3 0x80004548 (0x8c41) x 8 0x00000000
core   0: 0x8000454a (0x0000984a) c.add   a6, s2
core   0: 3 0x8000454a (0x984a) x16 0xfffff5ff
core   0: 0x8000454c (0x00000605) c.addi  a2, 1
core   0: 3 0x8000454c (0x0605) x12 0xfffffffa
core   0: 0x8000454e (0x0000de6d) c.beqz  a2, pc - 6
core   0: 3 0x8000454e (0xde6d)
core   0: 0x80004550 (0x026242b3) div     t0, tp, t1
core   0: 3 0x80004550 (0x026242b3) x 5 0xffffffff
core   0: 0x80004554 (0x00000001) c.nop
core   0: 3 0x80004554 (0x0001)
core   0: 0x80004556 (0xfd70ece3) bltu    ra, s7, pc - 40
core   0: 3 0x80004556 (0xfd70ece3)
core   0: 0x8000455a (0x01cb7e33) and     t3, s6, t3
core   0: 3 0x8000455a (0x01cb7e33) x28 0x00000341
core   0: 0x8000455e (0xff900313) li      t1, -7
core   0: 3 0x8000455e (0xff900313) x 6 0xfffffff9
core   0: 0x80004562 (0x00005d7d) c.li    s10, -1
core   0: 3 0x80004562 (0x5d7d) x26 0xffffffff
core   0: 0x80004564 (0x00008cad) c.xor   s1, a1
core   0: 3 0x80004564 (0x8cad) x 9 0x80025cd0
core   0: 0x80004566 (0x40388b33) sub     s6, a7, gp
core   0: 3 0x80004566 (0x40388b33) x22 0xfffffd74
core   0: 0x8000456a (0x000fa9b3) slt     s3, t6, zero
core   0: 3 0x8000456a (0x000fa9b3) x19 0x00000001
core   0: 0x8000456e (0x41fedd33) sra     s10, t4, t6
core   0: 3 0x8000456e (0x41fedd33) x26 0xffffffff
core   0: 0x80004572 (0x00008e15) c.sub   a2, a3
core   0: 3 0x80004572 (0x8e15) x12 0xfffffffa
core   0: 0x80004574 (0x00008cb9) c.xor   s1, a4
core   0: 3 0x80004574 (0x8cb9) x 9 0x80025cd0
core   0: 0x80004576 (0x0000100f) fence.i
core   0: 3 0x80004576 (0x0000100f)
core   0: 0x8000457a (0x02809e33) mulh    t3, ra, s0
core   0: 3 0x8000457a (0x02809e33) x28 0x00000000
core   0: 0x8000457e (0x00008351) c.srli  a4, 20
core   0: 3 0x8000457e (0x8351) x14 0x00000000
core   0: 0x80004580 (0x00008f11) c.sub   a4, a2
core   0: 3 0x80004580 (0x8f11) x14 0x00000006
core   0: 0x80004582 (0x0000717d) c.addi16sp sp, -16
core   0: 3 0x80004582 (0x717d) x 2 0x07fffff0
core   0: 0x80004584 (0x4103d9b3) sra     s3, t2, a6
core   0: 3 0x80004584 (0x4103d9b3) x19 0x00000000
core   0: 0x80004588 (0x01200a13) li      s4, 18
core   0: 3 0x80004588 (0x01200a13) x20 0x00000012
core   0: 0x8000458c (0x41235793) srai    a5, t1, 18
core   0: 3 0x8000458c (0x41235793) x15 0xffffffff
core   0: 0x80004590 (0x00000001) c.nop
core   0: 3 0x80004590 (0x0001)
core   0: 0x80004592 (0x034d7d33) remu    s10, s10, s4
core   0: 3 0x80004592 (0x034d7d33) x26 0x00000003
core   0: 0x80004596 (0x00008c21) c.xor   s0, s0
core   0: 3 0x80004596 (0x8c21) x 8 0x00000000
core   0: 0x80004598 (0x00008285) c.srli  a3, 1
core   0: 3 0x80004598 (0x8285) x13 0x00000000
core   0: 0x8000459a (0x00000325) c.addi  t1, 9
core   0: 3 0x8000459a (0x0325) x 6 0x00000002
core   0: 0x8000459c (0x01285113) srli    sp, a6, 18
core   0: 3 0x8000459c (0x01285113) x 2 0x00003fff
core   0: 0x800045a0 (0x000003aa) c.slli  t2, 10
core   0: 3 0x800045a0 (0x03aa) x 7 0x6d7cbc00
core   0: 0x800045a2 (0x4082d633) sra     a2, t0, s0
core   0: 3 0x800045a2 (0x4082d633) x12 0xffffffff
core   0: 0x800045a6 (0x00008619) c.srai  a2, 6
core   0: 3 0x800045a6 (0x8619) x12 0xffffffff
core   0: 0x800045a8 (0x00000b1c) c.addi4spn a5, sp, 400
core   0: 3 0x800045a8 (0x0b1c) x15 0x0000418f
core   0: 0x800045aa (0xff4343e3) blt     t1, s4, pc - 26
core   0: 3 0x800045aa (0xff4343e3)
core   0: 0x80004590 (0x00000001) c.nop
core   0: 3 0x80004590 (0x0001)
core   0: 0x80004592 (0x034d7d33) remu    s10, s10, s4
core   0: 3 0x80004592 (0x034d7d33) x26 0x00000003
core   0: 0x80004596 (0x00008c21) c.xor   s0, s0
core   0: 3 0x80004596 (0x8c21) x 8 0x00000000
core   0: 0x80004598 (0x00008285) c.srli  a3, 1
core   0: 3 0x80004598 (0x8285) x13 0x00000000
core   0: 0x8000459a (0x00000325) c.addi  t1, 9
core   0: 3 0x8000459a (0x0325) x 6 0x0000000b
core   0: 0x8000459c (0x01285113) srli    sp, a6, 18
core   0: 3 0x8000459c (0x01285113) x 2 0x00003fff
core   0: 0x800045a0 (0x000003aa) c.slli  t2, 10
core   0: 3 0x800045a0 (0x03aa) x 7 0xf2f00000
core   0: 0x800045a2 (0x4082d633) sra     a2, t0, s0
core   0: 3 0x800045a2 (0x4082d633) x12 0xffffffff
core   0: 0x800045a6 (0x00008619) c.srai  a2, 6
core   0: 3 0x800045a6 (0x8619) x12 0xffffffff
core   0: 0x800045a8 (0x00000b1c) c.addi4spn a5, sp, 400
core   0: 3 0x800045a8 (0x0b1c) x15 0x0000418f
core   0: 0x800045aa (0xff4343e3) blt     t1, s4, pc - 26
core   0: 3 0x800045aa (0xff4343e3)
core   0: 0x80004590 (0x00000001) c.nop
core   0: 3 0x80004590 (0x0001)
core   0: 0x80004592 (0x034d7d33) remu    s10, s10, s4
core   0: 3 0x80004592 (0x034d7d33) x26 0x00000003
core   0: 0x80004596 (0x00008c21) c.xor   s0, s0
core   0: 3 0x80004596 (0x8c21) x 8 0x00000000
core   0: 0x80004598 (0x00008285) c.srli  a3, 1
core   0: 3 0x80004598 (0x8285) x13 0x00000000
core   0: 0x8000459a (0x00000325) c.addi  t1, 9
core   0: 3 0x8000459a (0x0325) x 6 0x00000014
core   0: 0x8000459c (0x01285113) srli    sp, a6, 18
core   0: 3 0x8000459c (0x01285113) x 2 0x00003fff
core   0: 0x800045a0 (0x000003aa) c.slli  t2, 10
core   0: 3 0x800045a0 (0x03aa) x 7 0xc0000000
core   0: 0x800045a2 (0x4082d633) sra     a2, t0, s0
core   0: 3 0x800045a2 (0x4082d633) x12 0xffffffff
core   0: 0x800045a6 (0x00008619) c.srai  a2, 6
core   0: 3 0x800045a6 (0x8619) x12 0xffffffff
core   0: 0x800045a8 (0x00000b1c) c.addi4spn a5, sp, 400
core   0: 3 0x800045a8 (0x0b1c) x15 0x0000418f
core   0: 0x800045aa (0xff4343e3) blt     t1, s4, pc - 26
core   0: 3 0x800045aa (0xff4343e3)
core   0: 0x800045ae (0x40b05013) srai    zero, zero, 11
core   0: 3 0x800045ae (0x40b05013)
core   0: 0x800045b2 (0x00600093) li      ra, 6
core   0: 3 0x800045b2 (0x00600093) x 1 0x00000006
core   0: 0x800045b6 (0x0155c133) xor     sp, a1, s5
core   0: 3 0x800045b6 (0x0155c133) x 2 0x885903d6
core   0: 0x800045ba (0x29213493) sltiu   s1, sp, 658
core   0: 3 0x800045ba (0x29213493) x 9 0x00000000
core   0: 0x800045be (0x00500c13) li      s8, 5
core   0: 3 0x800045be (0x00500c13) x24 0x00000005
core   0: 0x800045c2 (0x00008441) c.srai  s0, 16
core   0: 3 0x800045c2 (0x8441) x 8 0x00000000
core   0: 0x800045c4 (0x00004815) c.li    a6, 5
core   0: 3 0x800045c4 (0x4815) x16 0x00000005
core   0: 0x800045c6 (0xc4d7cc93) xori    s9, a5, -947
core   0: 3 0x800045c6 (0xc4d7cc93) x25 0xffffbdc2
core   0: 0x800045ca (0x000010fd) c.addi  ra, -1
core   0: 3 0x800045ca (0x10fd) x 1 0x00000005
core   0: 0x800045cc (0x00008c29) c.xor   s0, a0
core   0: 3 0x800045cc (0x8c29) x 8 0x80021e2c
core   0: 0x800045ce (0x00100593) li      a1, 1
core   0: 3 0x800045ce (0x00100593) x11 0x00000001
core   0: 0x800045d2 (0x02700cb3) mul     s9, zero, t2
core   0: 3 0x800045d2 (0x02700cb3) x25 0x00000000
core   0: 0x800045d6 (0x00000001) c.nop
core   0: 3 0x800045d6 (0x0001)
core   0: 0x800045d8 (0x64c29117) auipc   sp, 0x64c29
core   0: 3 0x800045d8 (0x64c29117) x 2 0xe4c2d5d8
core   0: 0x800045dc (0x00008fc1) c.or    a5, s0
core   0: 3 0x800045dc (0x8fc1) x15 0x80025faf
core   0: 0x800045de (0x00008b45) c.andi  a4, 17
core   0: 3 0x800045de (0x8b45) x14 0x00000000
core   0: 0x800045e0 (0x4003d113) srai    sp, t2, 0
core   0: 3 0x800045e0 (0x4003d113) x 2 0xc0000000
core   0: 0x800045e4 (0x01ce9133) sll     sp, t4, t3
core   0: 3 0x800045e4 (0x01ce9133) x 2 0xfffffff5
core   0: 0x800045e8 (0x00f411b3) sll     gp, s0, a5
core   0: 3 0x800045e8 (0x00f411b3) x 3 0x0f160000
core   0: 0x800045ec (0x009e5d33) srl     s10, t3, s1
core   0: 3 0x800045ec (0x009e5d33) x26 0x00000000
core   0: 0x800045f0 (0x412cd233) sra     tp, s9, s2
core   0: 3 0x800045f0 (0x412cd233) x 4 0x00000000
core   0: 0x800045f4 (0x0ca76d13) ori     s10, a4, 202
core   0: 3 0x800045f4 (0x0ca76d13) x26 0x000000ca
core   0: 0x800045f8 (0x000015fd) c.addi  a1, -1
core   0: 3 0x800045f8 (0x15fd) x11 0x00000000
core   0: 0x800045fa (0x00603113) sltiu   sp, zero, 6
core   0: 3 0x800045fa (0x00603113) x 2 0x00000001
core   0: 0x800045fe (0x0000ddf9) c.beqz  a1, pc - 34
core   0: 3 0x800045fe (0xddf9)
core   0: 0x800045dc (0x00008fc1) c.or    a5, s0
core   0: 3 0x800045dc (0x8fc1) x15 0x80025faf
core   0: 0x800045de (0x00008b45) c.andi  a4, 17
core   0: 3 0x800045de (0x8b45) x14 0x00000000
core   0: 0x800045e0 (0x4003d113) srai    sp, t2, 0
core   0: 3 0x800045e0 (0x4003d113) x 2 0xc0000000
core   0: 0x800045e4 (0x01ce9133) sll     sp, t4, t3
core   0: 3 0x800045e4 (0x01ce9133) x 2 0xfffffff5
core   0: 0x800045e8 (0x00f411b3) sll     gp, s0, a5
core   0: 3 0x800045e8 (0x00f411b3) x 3 0x0f160000
core   0: 0x800045ec (0x009e5d33) srl     s10, t3, s1
core   0: 3 0x800045ec (0x009e5d33) x26 0x00000000
core   0: 0x800045f0 (0x412cd233) sra     tp, s9, s2
core   0: 3 0x800045f0 (0x412cd233) x 4 0x00000000
core   0: 0x800045f4 (0x0ca76d13) ori     s10, a4, 202
core   0: 3 0x800045f4 (0x0ca76d13) x26 0x000000ca
core   0: 0x800045f8 (0x000015fd) c.addi  a1, -1
core   0: 3 0x800045f8 (0x15fd) x11 0xffffffff
core   0: 0x800045fa (0x00603113) sltiu   sp, zero, 6
core   0: 3 0x800045fa (0x00603113) x 2 0x00000001
core   0: 0x800045fe (0x0000ddf9) c.beqz  a1, pc - 34
core   0: 3 0x800045fe (0xddf9)
core   0: 0x80004600 (0x0000466d) c.li    a2, 27
core   0: 3 0x80004600 (0x466d) x12 0x0000001b
core   0: 0x80004602 (0xfd80f1e3) bgeu    ra, s8, pc - 62
core   0: 3 0x80004602 (0xfd80f1e3)
core   0: 0x800045c4 (0x00004815) c.li    a6, 5
core   0: 3 0x800045c4 (0x4815) x16 0x00000005
core   0: 0x800045c6 (0xc4d7cc93) xori    s9, a5, -947
core   0: 3 0x800045c6 (0xc4d7cc93) x25 0x7ffda3e2
core   0: 0x800045ca (0x000010fd) c.addi  ra, -1
core   0: 3 0x800045ca (0x10fd) x 1 0x00000004
core   0: 0x800045cc (0x00008c29) c.xor   s0, a0
core   0: 3 0x800045cc (0x8c29) x 8 0x00000000
core   0: 0x800045ce (0x00100593) li      a1, 1
core   0: 3 0x800045ce (0x00100593) x11 0x00000001
core   0: 0x800045d2 (0x02700cb3) mul     s9, zero, t2
core   0: 3 0x800045d2 (0x02700cb3) x25 0x00000000
core   0: 0x800045d6 (0x00000001) c.nop
core   0: 3 0x800045d6 (0x0001)
core   0: 0x800045d8 (0x64c29117) auipc   sp, 0x64c29
core   0: 3 0x800045d8 (0x64c29117) x 2 0xe4c2d5d8
core   0: 0x800045dc (0x00008fc1) c.or    a5, s0
core   0: 3 0x800045dc (0x8fc1) x15 0x80025faf
core   0: 0x800045de (0x00008b45) c.andi  a4, 17
core   0: 3 0x800045de (0x8b45) x14 0x00000000
core   0: 0x800045e0 (0x4003d113) srai    sp, t2, 0
core   0: 3 0x800045e0 (0x4003d113) x 2 0xc0000000
core   0: 0x800045e4 (0x01ce9133) sll     sp, t4, t3
core   0: 3 0x800045e4 (0x01ce9133) x 2 0xfffffff5
core   0: 0x800045e8 (0x00f411b3) sll     gp, s0, a5
core   0: 3 0x800045e8 (0x00f411b3) x 3 0x00000000
core   0: 0x800045ec (0x009e5d33) srl     s10, t3, s1
core   0: 3 0x800045ec (0x009e5d33) x26 0x00000000
core   0: 0x800045f0 (0x412cd233) sra     tp, s9, s2
core   0: 3 0x800045f0 (0x412cd233) x 4 0x00000000
core   0: 0x800045f4 (0x0ca76d13) ori     s10, a4, 202
core   0: 3 0x800045f4 (0x0ca76d13) x26 0x000000ca
core   0: 0x800045f8 (0x000015fd) c.addi  a1, -1
core   0: 3 0x800045f8 (0x15fd) x11 0x00000000
core   0: 0x800045fa (0x00603113) sltiu   sp, zero, 6
core   0: 3 0x800045fa (0x00603113) x 2 0x00000001
core   0: 0x800045fe (0x0000ddf9) c.beqz  a1, pc - 34
core   0: 3 0x800045fe (0xddf9)
core   0: 0x800045dc (0x00008fc1) c.or    a5, s0
core   0: 3 0x800045dc (0x8fc1) x15 0x80025faf
core   0: 0x800045de (0x00008b45) c.andi  a4, 17
core   0: 3 0x800045de (0x8b45) x14 0x00000000
core   0: 0x800045e0 (0x4003d113) srai    sp, t2, 0
core   0: 3 0x800045e0 (0x4003d113) x 2 0xc0000000
core   0: 0x800045e4 (0x01ce9133) sll     sp, t4, t3
core   0: 3 0x800045e4 (0x01ce9133) x 2 0xfffffff5
core   0: 0x800045e8 (0x00f411b3) sll     gp, s0, a5
core   0: 3 0x800045e8 (0x00f411b3) x 3 0x00000000
core   0: 0x800045ec (0x009e5d33) srl     s10, t3, s1
core   0: 3 0x800045ec (0x009e5d33) x26 0x00000000
core   0: 0x800045f0 (0x412cd233) sra     tp, s9, s2
core   0: 3 0x800045f0 (0x412cd233) x 4 0x00000000
core   0: 0x800045f4 (0x0ca76d13) ori     s10, a4, 202
core   0: 3 0x800045f4 (0x0ca76d13) x26 0x000000ca
core   0: 0x800045f8 (0x000015fd) c.addi  a1, -1
core   0: 3 0x800045f8 (0x15fd) x11 0xffffffff
core   0: 0x800045fa (0x00603113) sltiu   sp, zero, 6
core   0: 3 0x800045fa (0x00603113) x 2 0x00000001
core   0: 0x800045fe (0x0000ddf9) c.beqz  a1, pc - 34
core   0: 3 0x800045fe (0xddf9)
core   0: 0x80004600 (0x0000466d) c.li    a2, 27
core   0: 3 0x80004600 (0x466d) x12 0x0000001b
core   0: 0x80004602 (0xfd80f1e3) bgeu    ra, s8, pc - 62
core   0: 3 0x80004602 (0xfd80f1e3)
core   0: 0x80004606 (0x018b4b33) xor     s6, s6, s8
core   0: 3 0x80004606 (0x018b4b33) x22 0xfffffd71
core   0: 0x8000460a (0xffb00413) li      s0, -5
core   0: 3 0x8000460a (0xffb00413) x 8 0xfffffffb
core   0: 0x8000460e (0x03c3c8b3) div     a7, t2, t3
core   0: 3 0x8000460e (0x03c3c8b3) x17 0xffffffff
core   0: 0x80004612 (0x11ebe893) ori     a7, s7, 286
core   0: 3 0x80004612 (0x11ebe893) x17 0x0000011f
core   0: 0x80004616 (0x0000862d) c.srai  a2, 11
core   0: 3 0x80004616 (0x862d) x12 0x00000000
core   0: 0x80004618 (0x00000001) c.nop
core   0: 3 0x80004618 (0x0001)
core   0: 0x8000461a (0x00008fc5) c.or    a5, s1
core   0: 3 0x8000461a (0x8fc5) x15 0x80025faf
core   0: 0x8000461c (0x00008205) c.srli  a2, 1
core   0: 3 0x8000461c (0x8205) x12 0x00000000
core   0: 0x8000461e (0x6be14a13) xori    s4, sp, 1726
core   0: 3 0x8000461e (0x6be14a13) x20 0x000006bf
core   0: 0x80004622 (0x00000405) c.addi  s0, 1
core   0: 3 0x80004622 (0x0405) x 8 0xfffffffc
core   0: 0x80004624 (0x00008e2d) c.xor   a2, a1
core   0: 3 0x80004624 (0x8e2d) x12 0xffffffff
core   0: 0x80004626 (0x00700693) li      a3, 7
core   0: 3 0x80004626 (0x00700693) x13 0x00000007
core   0: 0x8000462a (0xfef00593) li      a1, -17
core   0: 3 0x8000462a (0xfef00593) x11 0xffffffef
core   0: 0x8000462e (0x0322b2b3) mulhu   t0, t0, s2
core   0: 3 0x8000462e (0x0322b2b3) x 5 0xfffff5fe
core   0: 0x80004632 (0x291e3113) sltiu   sp, t3, 657
core   0: 3 0x80004632 (0x291e3113) x 2 0x00000001
core   0: 0x80004636 (0x000016e9) c.addi  a3, -6
core   0: 3 0x80004636 (0x16e9) x13 0x00000001
core   0: 0x80004638 (0xfeb69be3) bne     a3, a1, pc - 10
core   0: 3 0x80004638 (0xfeb69be3)
core   0: 0x8000462e (0x0322b2b3) mulhu   t0, t0, s2
core   0: 3 0x8000462e (0x0322b2b3) x 5 0xffffebfd
core   0: 0x80004632 (0x291e3113) sltiu   sp, t3, 657
core   0: 3 0x80004632 (0x291e3113) x 2 0x00000001
core   0: 0x80004636 (0x000016e9) c.addi  a3, -6
core   0: 3 0x80004636 (0x16e9) x13 0xfffffffb
core   0: 0x80004638 (0xfeb69be3) bne     a3, a1, pc - 10
core   0: 3 0x80004638 (0xfeb69be3)
core   0: 0x8000462e (0x0322b2b3) mulhu   t0, t0, s2
core   0: 3 0x8000462e (0x0322b2b3) x 5 0xffffe1fc
core   0: 0x80004632 (0x291e3113) sltiu   sp, t3, 657
core   0: 3 0x80004632 (0x291e3113) x 2 0x00000001
core   0: 0x80004636 (0x000016e9) c.addi  a3, -6
core   0: 3 0x80004636 (0x16e9) x13 0xfffffff5
core   0: 0x80004638 (0xfeb69be3) bne     a3, a1, pc - 10
core   0: 3 0x80004638 (0xfeb69be3)
core   0: 0x8000462e (0x0322b2b3) mulhu   t0, t0, s2
core   0: 3 0x8000462e (0x0322b2b3) x 5 0xffffd7fb
core   0: 0x80004632 (0x291e3113) sltiu   sp, t3, 657
core   0: 3 0x80004632 (0x291e3113) x 2 0x00000001
core   0: 0x80004636 (0x000016e9) c.addi  a3, -6
core   0: 3 0x80004636 (0x16e9) x13 0xffffffef
core   0: 0x80004638 (0xfeb69be3) bne     a3, a1, pc - 10
core   0: 3 0x80004638 (0xfeb69be3)
core   0: 0x8000463c (0x01823233) sltu    tp, tp, s8
core   0: 3 0x8000463c (0x01823233) x 4 0x00000001
core   0: 0x80004640 (0x02de32b3) mulhu   t0, t3, a3
core   0: 3 0x80004640 (0x02de32b3) x 5 0x00000000
core   0: 0x80004644 (0x40325133) sra     sp, tp, gp
core   0: 3 0x80004644 (0x40325133) x 2 0x00000001
core   0: 0x80004648 (0x010c51b3) srl     gp, s8, a6
core   0: 3 0x80004648 (0x010c51b3) x 3 0x00000000
core   0: 0x8000464c (0xfa05a193) slti    gp, a1, -96
core   0: 3 0x8000464c (0xfa05a193) x 3 0x00000000
core   0: 0x80004650 (0x0000d479) c.beqz  s0, pc - 50
core   0: 3 0x80004650 (0xd479)
core   0: 0x80004652 (0x00000a32) c.slli  s4, 12
core   0: 3 0x80004652 (0x0a32) x20 0x006bf000
core   0: 0x80004654 (0xff800e93) li      t4, -8
core   0: 3 0x80004654 (0xff800e93) x29 0xfffffff8
core   0: 0x80004658 (0x00000001) c.nop
core   0: 3 0x80004658 (0x0001)
core   0: 0x8000465a (0x47fdc613) xori    a2, s11, 1151
core   0: 3 0x8000465a (0x47fdc613) x12 0x8002589b
core   0: 0x8000465e (0x00900c13) li      s8, 9
core   0: 3 0x8000465e (0x00900c13) x24 0x00000009
core   0: 0x80004662 (0x41cb8d33) sub     s10, s7, t3
core   0: 3 0x80004662 (0x41cb8d33) x26 0x0000000b
core   0: 0x80004666 (0x03127b33) remu    s6, tp, a7
core   0: 3 0x80004666 (0x03127b33) x22 0x00000001
core   0: 0x8000466a (0x2956ea13) ori     s4, a3, 661
core   0: 3 0x8000466a (0x2956ea13) x20 0xffffffff
core   0: 0x8000466e (0x007ae033) or      zero, s5, t2
core   0: 3 0x8000466e (0x007ae033)
core   0: 0x80004672 (0x0000100f) fence.i
core   0: 3 0x80004672 (0x0000100f)
core   0: 0x80004676 (0x00000e8d) c.addi  t4, 3
core   0: 3 0x80004676 (0x0e8d) x29 0xfffffffb
core   0: 0x80004678 (0x038158b3) divu    a7, sp, s8
core   0: 3 0x80004678 (0x038158b3) x17 0x00000000
core   0: 0x8000467c (0x00a00293) li      t0, 10
core   0: 3 0x8000467c (0x00a00293) x 5 0x0000000a
core   0: 0x80004680 (0x007698b3) sll     a7, a3, t2
core   0: 3 0x80004680 (0x007698b3) x17 0xffffffef
core   0: 0x80004684 (0x00008df9) c.and   a1, a4
core   0: 3 0x80004684 (0x8df9) x11 0x00000000
core   0: 0x80004686 (0x664fa413) slti    s0, t6, 1636
core   0: 3 0x80004686 (0x664fa413) x 8 0x00000001
core   0: 0x8000468a (0x01400093) li      ra, 20
core   0: 3 0x8000468a (0x01400093) x 1 0x00000014
core   0: 0x8000468e (0x000069b3) or      s3, zero, zero
core   0: 3 0x8000468e (0x000069b3) x19 0x00000000
core   0: 0x80004692 (0x00785133) srl     sp, a6, t2
core   0: 3 0x80004692 (0x00785133) x 2 0x00000005
core   0: 0x80004696 (0x00000285) c.addi  t0, 1
core   0: 3 0x80004696 (0x0285) x 5 0x0000000b
core   0: 0x80004698 (0x00008ef5) c.and   a3, a3
core   0: 3 0x80004698 (0x8ef5) x13 0xffffffef
core   0: 0x8000469a (0xfe129ae3) bne     t0, ra, pc - 12
core   0: 3 0x8000469a (0xfe129ae3)
core   0: 0x8000468e (0x000069b3) or      s3, zero, zero
core   0: 3 0x8000468e (0x000069b3) x19 0x00000000
core   0: 0x80004692 (0x00785133) srl     sp, a6, t2
core   0: 3 0x80004692 (0x00785133) x 2 0x00000005
core   0: 0x80004696 (0x00000285) c.addi  t0, 1
core   0: 3 0x80004696 (0x0285) x 5 0x0000000c
core   0: 0x80004698 (0x00008ef5) c.and   a3, a3
core   0: 3 0x80004698 (0x8ef5) x13 0xffffffef
core   0: 0x8000469a (0xfe129ae3) bne     t0, ra, pc - 12
core   0: 3 0x8000469a (0xfe129ae3)
core   0: 0x8000468e (0x000069b3) or      s3, zero, zero
core   0: 3 0x8000468e (0x000069b3) x19 0x00000000
core   0: 0x80004692 (0x00785133) srl     sp, a6, t2
core   0: 3 0x80004692 (0x00785133) x 2 0x00000005
core   0: 0x80004696 (0x00000285) c.addi  t0, 1
core   0: 3 0x80004696 (0x0285) x 5 0x0000000d
core   0: 0x80004698 (0x00008ef5) c.and   a3, a3
core   0: 3 0x80004698 (0x8ef5) x13 0xffffffef
core   0: 0x8000469a (0xfe129ae3) bne     t0, ra, pc - 12
core   0: 3 0x8000469a (0xfe129ae3)
core   0: 0x8000468e (0x000069b3) or      s3, zero, zero
core   0: 3 0x8000468e (0x000069b3) x19 0x00000000
core   0: 0x80004692 (0x00785133) srl     sp, a6, t2
core   0: 3 0x80004692 (0x00785133) x 2 0x00000005
core   0: 0x80004696 (0x00000285) c.addi  t0, 1
core   0: 3 0x80004696 (0x0285) x 5 0x0000000e
core   0: 0x80004698 (0x00008ef5) c.and   a3, a3
core   0: 3 0x80004698 (0x8ef5) x13 0xffffffef
core   0: 0x8000469a (0xfe129ae3) bne     t0, ra, pc - 12
core   0: 3 0x8000469a (0xfe129ae3)
core   0: 0x8000468e (0x000069b3) or      s3, zero, zero
core   0: 3 0x8000468e (0x000069b3) x19 0x00000000
core   0: 0x80004692 (0x00785133) srl     sp, a6, t2
core   0: 3 0x80004692 (0x00785133) x 2 0x00000005
core   0: 0x80004696 (0x00000285) c.addi  t0, 1
core   0: 3 0x80004696 (0x0285) x 5 0x0000000f
core   0: 0x80004698 (0x00008ef5) c.and   a3, a3
core   0: 3 0x80004698 (0x8ef5) x13 0xffffffef
core   0: 0x8000469a (0xfe129ae3) bne     t0, ra, pc - 12
core   0: 3 0x8000469a (0xfe129ae3)
core   0: 0x8000468e (0x000069b3) or      s3, zero, zero
core   0: 3 0x8000468e (0x000069b3) x19 0x00000000
core   0: 0x80004692 (0x00785133) srl     sp, a6, t2
core   0: 3 0x80004692 (0x00785133) x 2 0x00000005
core   0: 0x80004696 (0x00000285) c.addi  t0, 1
core   0: 3 0x80004696 (0x0285) x 5 0x00000010
core   0: 0x80004698 (0x00008ef5) c.and   a3, a3
core   0: 3 0x80004698 (0x8ef5) x13 0xffffffef
core   0: 0x8000469a (0xfe129ae3) bne     t0, ra, pc - 12
core   0: 3 0x8000469a (0xfe129ae3)
core   0: 0x8000468e (0x000069b3) or      s3, zero, zero
core   0: 3 0x8000468e (0x000069b3) x19 0x00000000
core   0: 0x80004692 (0x00785133) srl     sp, a6, t2
core   0: 3 0x80004692 (0x00785133) x 2 0x00000005
core   0: 0x80004696 (0x00000285) c.addi  t0, 1
core   0: 3 0x80004696 (0x0285) x 5 0x00000011
core   0: 0x80004698 (0x00008ef5) c.and   a3, a3
core   0: 3 0x80004698 (0x8ef5) x13 0xffffffef
core   0: 0x8000469a (0xfe129ae3) bne     t0, ra, pc - 12
core   0: 3 0x8000469a (0xfe129ae3)
core   0: 0x8000468e (0x000069b3) or      s3, zero, zero
core   0: 3 0x8000468e (0x000069b3) x19 0x00000000
core   0: 0x80004692 (0x00785133) srl     sp, a6, t2
core   0: 3 0x80004692 (0x00785133) x 2 0x00000005
core   0: 0x80004696 (0x00000285) c.addi  t0, 1
core   0: 3 0x80004696 (0x0285) x 5 0x00000012
core   0: 0x80004698 (0x00008ef5) c.and   a3, a3
core   0: 3 0x80004698 (0x8ef5) x13 0xffffffef
core   0: 0x8000469a (0xfe129ae3) bne     t0, ra, pc - 12
core   0: 3 0x8000469a (0xfe129ae3)
core   0: 0x8000468e (0x000069b3) or      s3, zero, zero
core   0: 3 0x8000468e (0x000069b3) x19 0x00000000
core   0: 0x80004692 (0x00785133) srl     sp, a6, t2
core   0: 3 0x80004692 (0x00785133) x 2 0x00000005
core   0: 0x80004696 (0x00000285) c.addi  t0, 1
core   0: 3 0x80004696 (0x0285) x 5 0x00000013
core   0: 0x80004698 (0x00008ef5) c.and   a3, a3
core   0: 3 0x80004698 (0x8ef5) x13 0xffffffef
core   0: 0x8000469a (0xfe129ae3) bne     t0, ra, pc - 12
core   0: 3 0x8000469a (0xfe129ae3)
core   0: 0x8000468e (0x000069b3) or      s3, zero, zero
core   0: 3 0x8000468e (0x000069b3) x19 0x00000000
core   0: 0x80004692 (0x00785133) srl     sp, a6, t2
core   0: 3 0x80004692 (0x00785133) x 2 0x00000005
core   0: 0x80004696 (0x00000285) c.addi  t0, 1
core   0: 3 0x80004696 (0x0285) x 5 0x00000014
core   0: 0x80004698 (0x00008ef5) c.and   a3, a3
core   0: 3 0x80004698 (0x8ef5) x13 0xffffffef
core   0: 0x8000469a (0xfe129ae3) bne     t0, ra, pc - 12
core   0: 3 0x8000469a (0xfe129ae3)
core   0: 0x8000469e (0x000001e6) c.slli  gp, 25
core   0: 3 0x8000469e (0x01e6) x 3 0x00000000
core   0: 0x800046a0 (0x024e91b3) mulh    gp, t4, tp
core   0: 3 0x800046a0 (0x024e91b3) x 3 0xffffffff
core   0: 0x800046a4 (0x000006ee) c.slli  a3, 27
core   0: 3 0x800046a4 (0x06ee) x13 0x78000000
core   0: 0x800046a6 (0xfd8ec0e3) blt     t4, s8, pc - 64
core   0: 3 0x800046a6 (0xfd8ec0e3)
core   0: 0x80004666 (0x03127b33) remu    s6, tp, a7
core   0: 3 0x80004666 (0x03127b33) x22 0x00000001
core   0: 0x8000466a (0x2956ea13) ori     s4, a3, 661
core   0: 3 0x8000466a (0x2956ea13) x20 0x78000295
core   0: 0x8000466e (0x007ae033) or      zero, s5, t2
core   0: 3 0x8000466e (0x007ae033)
core   0: 0x80004672 (0x0000100f) fence.i
core   0: 3 0x80004672 (0x0000100f)
core   0: 0x80004676 (0x00000e8d) c.addi  t4, 3
core   0: 3 0x80004676 (0x0e8d) x29 0xfffffffe
core   0: 0x80004678 (0x038158b3) divu    a7, sp, s8
core   0: 3 0x80004678 (0x038158b3) x17 0x00000000
core   0: 0x8000467c (0x00a00293) li      t0, 10
core   0: 3 0x8000467c (0x00a00293) x 5 0x0000000a
core   0: 0x80004680 (0x007698b3) sll     a7, a3, t2
core   0: 3 0x80004680 (0x007698b3) x17 0x78000000
core   0: 0x80004684 (0x00008df9) c.and   a1, a4
core   0: 3 0x80004684 (0x8df9) x11 0x00000000
core   0: 0x80004686 (0x664fa413) slti    s0, t6, 1636
core   0: 3 0x80004686 (0x664fa413) x 8 0x00000001
core   0: 0x8000468a (0x01400093) li      ra, 20
core   0: 3 0x8000468a (0x01400093) x 1 0x00000014
core   0: 0x8000468e (0x000069b3) or      s3, zero, zero
core   0: 3 0x8000468e (0x000069b3) x19 0x00000000
core   0: 0x80004692 (0x00785133) srl     sp, a6, t2
core   0: 3 0x80004692 (0x00785133) x 2 0x00000005
core   0: 0x80004696 (0x00000285) c.addi  t0, 1
core   0: 3 0x80004696 (0x0285) x 5 0x0000000b
core   0: 0x80004698 (0x00008ef5) c.and   a3, a3
core   0: 3 0x80004698 (0x8ef5) x13 0x78000000
core   0: 0x8000469a (0xfe129ae3) bne     t0, ra, pc - 12
core   0: 3 0x8000469a (0xfe129ae3)
core   0: 0x8000468e (0x000069b3) or      s3, zero, zero
core   0: 3 0x8000468e (0x000069b3) x19 0x00000000
core   0: 0x80004692 (0x00785133) srl     sp, a6, t2
core   0: 3 0x80004692 (0x00785133) x 2 0x00000005
core   0: 0x80004696 (0x00000285) c.addi  t0, 1
core   0: 3 0x80004696 (0x0285) x 5 0x0000000c
core   0: 0x80004698 (0x00008ef5) c.and   a3, a3
core   0: 3 0x80004698 (0x8ef5) x13 0x78000000
core   0: 0x8000469a (0xfe129ae3) bne     t0, ra, pc - 12
core   0: 3 0x8000469a (0xfe129ae3)
core   0: 0x8000468e (0x000069b3) or      s3, zero, zero
core   0: 3 0x8000468e (0x000069b3) x19 0x00000000
core   0: 0x80004692 (0x00785133) srl     sp, a6, t2
core   0: 3 0x80004692 (0x00785133) x 2 0x00000005
core   0: 0x80004696 (0x00000285) c.addi  t0, 1
core   0: 3 0x80004696 (0x0285) x 5 0x0000000d
core   0: 0x80004698 (0x00008ef5) c.and   a3, a3
core   0: 3 0x80004698 (0x8ef5) x13 0x78000000
core   0: 0x8000469a (0xfe129ae3) bne     t0, ra, pc - 12
core   0: 3 0x8000469a (0xfe129ae3)
core   0: 0x8000468e (0x000069b3) or      s3, zero, zero
core   0: 3 0x8000468e (0x000069b3) x19 0x00000000
core   0: 0x80004692 (0x00785133) srl     sp, a6, t2
core   0: 3 0x80004692 (0x00785133) x 2 0x00000005
core   0: 0x80004696 (0x00000285) c.addi  t0, 1
core   0: 3 0x80004696 (0x0285) x 5 0x0000000e
core   0: 0x80004698 (0x00008ef5) c.and   a3, a3
core   0: 3 0x80004698 (0x8ef5) x13 0x78000000
core   0: 0x8000469a (0xfe129ae3) bne     t0, ra, pc - 12
core   0: 3 0x8000469a (0xfe129ae3)
core   0: 0x8000468e (0x000069b3) or      s3, zero, zero
core   0: 3 0x8000468e (0x000069b3) x19 0x00000000
core   0: 0x80004692 (0x00785133) srl     sp, a6, t2
core   0: 3 0x80004692 (0x00785133) x 2 0x00000005
core   0: 0x80004696 (0x00000285) c.addi  t0, 1
core   0: 3 0x80004696 (0x0285) x 5 0x0000000f
core   0: 0x80004698 (0x00008ef5) c.and   a3, a3
core   0: 3 0x80004698 (0x8ef5) x13 0x78000000
core   0: 0x8000469a (0xfe129ae3) bne     t0, ra, pc - 12
core   0: 3 0x8000469a (0xfe129ae3)
core   0: 0x8000468e (0x000069b3) or      s3, zero, zero
core   0: 3 0x8000468e (0x000069b3) x19 0x00000000
core   0: 0x80004692 (0x00785133) srl     sp, a6, t2
core   0: 3 0x80004692 (0x00785133) x 2 0x00000005
core   0: 0x80004696 (0x00000285) c.addi  t0, 1
core   0: 3 0x80004696 (0x0285) x 5 0x00000010
core   0: 0x80004698 (0x00008ef5) c.and   a3, a3
core   0: 3 0x80004698 (0x8ef5) x13 0x78000000
core   0: 0x8000469a (0xfe129ae3) bne     t0, ra, pc - 12
core   0: 3 0x8000469a (0xfe129ae3)
core   0: 0x8000468e (0x000069b3) or      s3, zero, zero
core   0: 3 0x8000468e (0x000069b3) x19 0x00000000
core   0: 0x80004692 (0x00785133) srl     sp, a6, t2
core   0: 3 0x80004692 (0x00785133) x 2 0x00000005
core   0: 0x80004696 (0x00000285) c.addi  t0, 1
core   0: 3 0x80004696 (0x0285) x 5 0x00000011
core   0: 0x80004698 (0x00008ef5) c.and   a3, a3
core   0: 3 0x80004698 (0x8ef5) x13 0x78000000
core   0: 0x8000469a (0xfe129ae3) bne     t0, ra, pc - 12
core   0: 3 0x8000469a (0xfe129ae3)
core   0: 0x8000468e (0x000069b3) or      s3, zero, zero
core   0: 3 0x8000468e (0x000069b3) x19 0x00000000
core   0: 0x80004692 (0x00785133) srl     sp, a6, t2
core   0: 3 0x80004692 (0x00785133) x 2 0x00000005
core   0: 0x80004696 (0x00000285) c.addi  t0, 1
core   0: 3 0x80004696 (0x0285) x 5 0x00000012
core   0: 0x80004698 (0x00008ef5) c.and   a3, a3
core   0: 3 0x80004698 (0x8ef5) x13 0x78000000
core   0: 0x8000469a (0xfe129ae3) bne     t0, ra, pc - 12
core   0: 3 0x8000469a (0xfe129ae3)
core   0: 0x8000468e (0x000069b3) or      s3, zero, zero
core   0: 3 0x8000468e (0x000069b3) x19 0x00000000
core   0: 0x80004692 (0x00785133) srl     sp, a6, t2
core   0: 3 0x80004692 (0x00785133) x 2 0x00000005
core   0: 0x80004696 (0x00000285) c.addi  t0, 1
core   0: 3 0x80004696 (0x0285) x 5 0x00000013
core   0: 0x80004698 (0x00008ef5) c.and   a3, a3
core   0: 3 0x80004698 (0x8ef5) x13 0x78000000
core   0: 0x8000469a (0xfe129ae3) bne     t0, ra, pc - 12
core   0: 3 0x8000469a (0xfe129ae3)
core   0: 0x8000468e (0x000069b3) or      s3, zero, zero
core   0: 3 0x8000468e (0x000069b3) x19 0x00000000
core   0: 0x80004692 (0x00785133) srl     sp, a6, t2
core   0: 3 0x80004692 (0x00785133) x 2 0x00000005
core   0: 0x80004696 (0x00000285) c.addi  t0, 1
core   0: 3 0x80004696 (0x0285) x 5 0x00000014
core   0: 0x80004698 (0x00008ef5) c.and   a3, a3
core   0: 3 0x80004698 (0x8ef5) x13 0x78000000
core   0: 0x8000469a (0xfe129ae3) bne     t0, ra, pc - 12
core   0: 3 0x8000469a (0xfe129ae3)
core   0: 0x8000469e (0x000001e6) c.slli  gp, 25
core   0: 3 0x8000469e (0x01e6) x 3 0xfe000000
core   0: 0x800046a0 (0x024e91b3) mulh    gp, t4, tp
core   0: 3 0x800046a0 (0x024e91b3) x 3 0xffffffff
core   0: 0x800046a4 (0x000006ee) c.slli  a3, 27
core   0: 3 0x800046a4 (0x06ee) x13 0x00000000
core   0: 0x800046a6 (0xfd8ec0e3) blt     t4, s8, pc - 64
core   0: 3 0x800046a6 (0xfd8ec0e3)
core   0: 0x80004666 (0x03127b33) remu    s6, tp, a7
core   0: 3 0x80004666 (0x03127b33) x22 0x00000001
core   0: 0x8000466a (0x2956ea13) ori     s4, a3, 661
core   0: 3 0x8000466a (0x2956ea13) x20 0x00000295
core   0: 0x8000466e (0x007ae033) or      zero, s5, t2
core   0: 3 0x8000466e (0x007ae033)
core   0: 0x80004672 (0x0000100f) fence.i
core   0: 3 0x80004672 (0x0000100f)
core   0: 0x80004676 (0x00000e8d) c.addi  t4, 3
core   0: 3 0x80004676 (0x0e8d) x29 0x00000001
core   0: 0x80004678 (0x038158b3) divu    a7, sp, s8
core   0: 3 0x80004678 (0x038158b3) x17 0x00000000
core   0: 0x8000467c (0x00a00293) li      t0, 10
core   0: 3 0x8000467c (0x00a00293) x 5 0x0000000a
core   0: 0x80004680 (0x007698b3) sll     a7, a3, t2
core   0: 3 0x80004680 (0x007698b3) x17 0x00000000
core   0: 0x80004684 (0x00008df9) c.and   a1, a4
core   0: 3 0x80004684 (0x8df9) x11 0x00000000
core   0: 0x80004686 (0x664fa413) slti    s0, t6, 1636
core   0: 3 0x80004686 (0x664fa413) x 8 0x00000001
core   0: 0x8000468a (0x01400093) li      ra, 20
core   0: 3 0x8000468a (0x01400093) x 1 0x00000014
core   0: 0x8000468e (0x000069b3) or      s3, zero, zero
core   0: 3 0x8000468e (0x000069b3) x19 0x00000000
core   0: 0x80004692 (0x00785133) srl     sp, a6, t2
core   0: 3 0x80004692 (0x00785133) x 2 0x00000005
core   0: 0x80004696 (0x00000285) c.addi  t0, 1
core   0: 3 0x80004696 (0x0285) x 5 0x0000000b
core   0: 0x80004698 (0x00008ef5) c.and   a3, a3
core   0: 3 0x80004698 (0x8ef5) x13 0x00000000
core   0: 0x8000469a (0xfe129ae3) bne     t0, ra, pc - 12
core   0: 3 0x8000469a (0xfe129ae3)
core   0: 0x8000468e (0x000069b3) or      s3, zero, zero
core   0: 3 0x8000468e (0x000069b3) x19 0x00000000
core   0: 0x80004692 (0x00785133) srl     sp, a6, t2
core   0: 3 0x80004692 (0x00785133) x 2 0x00000005
core   0: 0x80004696 (0x00000285) c.addi  t0, 1
core   0: 3 0x80004696 (0x0285) x 5 0x0000000c
core   0: 0x80004698 (0x00008ef5) c.and   a3, a3
core   0: 3 0x80004698 (0x8ef5) x13 0x00000000
core   0: 0x8000469a (0xfe129ae3) bne     t0, ra, pc - 12
core   0: 3 0x8000469a (0xfe129ae3)
core   0: 0x8000468e (0x000069b3) or      s3, zero, zero
core   0: 3 0x8000468e (0x000069b3) x19 0x00000000
core   0: 0x80004692 (0x00785133) srl     sp, a6, t2
core   0: 3 0x80004692 (0x00785133) x 2 0x00000005
core   0: 0x80004696 (0x00000285) c.addi  t0, 1
core   0: 3 0x80004696 (0x0285) x 5 0x0000000d
core   0: 0x80004698 (0x00008ef5) c.and   a3, a3
core   0: 3 0x80004698 (0x8ef5) x13 0x00000000
core   0: 0x8000469a (0xfe129ae3) bne     t0, ra, pc - 12
core   0: 3 0x8000469a (0xfe129ae3)
core   0: 0x8000468e (0x000069b3) or      s3, zero, zero
core   0: 3 0x8000468e (0x000069b3) x19 0x00000000
core   0: 0x80004692 (0x00785133) srl     sp, a6, t2
core   0: 3 0x80004692 (0x00785133) x 2 0x00000005
core   0: 0x80004696 (0x00000285) c.addi  t0, 1
core   0: 3 0x80004696 (0x0285) x 5 0x0000000e
core   0: 0x80004698 (0x00008ef5) c.and   a3, a3
core   0: 3 0x80004698 (0x8ef5) x13 0x00000000
core   0: 0x8000469a (0xfe129ae3) bne     t0, ra, pc - 12
core   0: 3 0x8000469a (0xfe129ae3)
core   0: 0x8000468e (0x000069b3) or      s3, zero, zero
core   0: 3 0x8000468e (0x000069b3) x19 0x00000000
core   0: 0x80004692 (0x00785133) srl     sp, a6, t2
core   0: 3 0x80004692 (0x00785133) x 2 0x00000005
core   0: 0x80004696 (0x00000285) c.addi  t0, 1
core   0: 3 0x80004696 (0x0285) x 5 0x0000000f
core   0: 0x80004698 (0x00008ef5) c.and   a3, a3
core   0: 3 0x80004698 (0x8ef5) x13 0x00000000
core   0: 0x8000469a (0xfe129ae3) bne     t0, ra, pc - 12
core   0: 3 0x8000469a (0xfe129ae3)
core   0: 0x8000468e (0x000069b3) or      s3, zero, zero
core   0: 3 0x8000468e (0x000069b3) x19 0x00000000
core   0: 0x80004692 (0x00785133) srl     sp, a6, t2
core   0: 3 0x80004692 (0x00785133) x 2 0x00000005
core   0: 0x80004696 (0x00000285) c.addi  t0, 1
core   0: 3 0x80004696 (0x0285) x 5 0x00000010
core   0: 0x80004698 (0x00008ef5) c.and   a3, a3
core   0: 3 0x80004698 (0x8ef5) x13 0x00000000
core   0: 0x8000469a (0xfe129ae3) bne     t0, ra, pc - 12
core   0: 3 0x8000469a (0xfe129ae3)
core   0: 0x8000468e (0x000069b3) or      s3, zero, zero
core   0: 3 0x8000468e (0x000069b3) x19 0x00000000
core   0: 0x80004692 (0x00785133) srl     sp, a6, t2
core   0: 3 0x80004692 (0x00785133) x 2 0x00000005
core   0: 0x80004696 (0x00000285) c.addi  t0, 1
core   0: 3 0x80004696 (0x0285) x 5 0x00000011
core   0: 0x80004698 (0x00008ef5) c.and   a3, a3
core   0: 3 0x80004698 (0x8ef5) x13 0x00000000
core   0: 0x8000469a (0xfe129ae3) bne     t0, ra, pc - 12
core   0: 3 0x8000469a (0xfe129ae3)
core   0: 0x8000468e (0x000069b3) or      s3, zero, zero
core   0: 3 0x8000468e (0x000069b3) x19 0x00000000
core   0: 0x80004692 (0x00785133) srl     sp, a6, t2
core   0: 3 0x80004692 (0x00785133) x 2 0x00000005
core   0: 0x80004696 (0x00000285) c.addi  t0, 1
core   0: 3 0x80004696 (0x0285) x 5 0x00000012
core   0: 0x80004698 (0x00008ef5) c.and   a3, a3
core   0: 3 0x80004698 (0x8ef5) x13 0x00000000
core   0: 0x8000469a (0xfe129ae3) bne     t0, ra, pc - 12
core   0: 3 0x8000469a (0xfe129ae3)
core   0: 0x8000468e (0x000069b3) or      s3, zero, zero
core   0: 3 0x8000468e (0x000069b3) x19 0x00000000
core   0: 0x80004692 (0x00785133) srl     sp, a6, t2
core   0: 3 0x80004692 (0x00785133) x 2 0x00000005
core   0: 0x80004696 (0x00000285) c.addi  t0, 1
core   0: 3 0x80004696 (0x0285) x 5 0x00000013
core   0: 0x80004698 (0x00008ef5) c.and   a3, a3
core   0: 3 0x80004698 (0x8ef5) x13 0x00000000
core   0: 0x8000469a (0xfe129ae3) bne     t0, ra, pc - 12
core   0: 3 0x8000469a (0xfe129ae3)
core   0: 0x8000468e (0x000069b3) or      s3, zero, zero
core   0: 3 0x8000468e (0x000069b3) x19 0x00000000
core   0: 0x80004692 (0x00785133) srl     sp, a6, t2
core   0: 3 0x80004692 (0x00785133) x 2 0x00000005
core   0: 0x80004696 (0x00000285) c.addi  t0, 1
core   0: 3 0x80004696 (0x0285) x 5 0x00000014
core   0: 0x80004698 (0x00008ef5) c.and   a3, a3
core   0: 3 0x80004698 (0x8ef5) x13 0x00000000
core   0: 0x8000469a (0xfe129ae3) bne     t0, ra, pc - 12
core   0: 3 0x8000469a (0xfe129ae3)
core   0: 0x8000469e (0x000001e6) c.slli  gp, 25
core   0: 3 0x8000469e (0x01e6) x 3 0xfe000000
core   0: 0x800046a0 (0x024e91b3) mulh    gp, t4, tp
core   0: 3 0x800046a0 (0x024e91b3) x 3 0x00000000
core   0: 0x800046a4 (0x000006ee) c.slli  a3, 27
core   0: 3 0x800046a4 (0x06ee) x13 0x00000000
core   0: 0x800046a6 (0xfd8ec0e3) blt     t4, s8, pc - 64
core   0: 3 0x800046a6 (0xfd8ec0e3)
core   0: 0x80004666 (0x03127b33) remu    s6, tp, a7
core   0: 3 0x80004666 (0x03127b33) x22 0x00000001
core   0: 0x8000466a (0x2956ea13) ori     s4, a3, 661
core   0: 3 0x8000466a (0x2956ea13) x20 0x00000295
core   0: 0x8000466e (0x007ae033) or      zero, s5, t2
core   0: 3 0x8000466e (0x007ae033)
core   0: 0x80004672 (0x0000100f) fence.i
core   0: 3 0x80004672 (0x0000100f)
core   0: 0x80004676 (0x00000e8d) c.addi  t4, 3
core   0: 3 0x80004676 (0x0e8d) x29 0x00000004
core   0: 0x80004678 (0x038158b3) divu    a7, sp, s8
core   0: 3 0x80004678 (0x038158b3) x17 0x00000000
core   0: 0x8000467c (0x00a00293) li      t0, 10
core   0: 3 0x8000467c (0x00a00293) x 5 0x0000000a
core   0: 0x80004680 (0x007698b3) sll     a7, a3, t2
core   0: 3 0x80004680 (0x007698b3) x17 0x00000000
core   0: 0x80004684 (0x00008df9) c.and   a1, a4
core   0: 3 0x80004684 (0x8df9) x11 0x00000000
core   0: 0x80004686 (0x664fa413) slti    s0, t6, 1636
core   0: 3 0x80004686 (0x664fa413) x 8 0x00000001
core   0: 0x8000468a (0x01400093) li      ra, 20
core   0: 3 0x8000468a (0x01400093) x 1 0x00000014
core   0: 0x8000468e (0x000069b3) or      s3, zero, zero
core   0: 3 0x8000468e (0x000069b3) x19 0x00000000
core   0: 0x80004692 (0x00785133) srl     sp, a6, t2
core   0: 3 0x80004692 (0x00785133) x 2 0x00000005
core   0: 0x80004696 (0x00000285) c.addi  t0, 1
core   0: 3 0x80004696 (0x0285) x 5 0x0000000b
core   0: 0x80004698 (0x00008ef5) c.and   a3, a3
core   0: 3 0x80004698 (0x8ef5) x13 0x00000000
core   0: 0x8000469a (0xfe129ae3) bne     t0, ra, pc - 12
core   0: 3 0x8000469a (0xfe129ae3)
core   0: 0x8000468e (0x000069b3) or      s3, zero, zero
core   0: 3 0x8000468e (0x000069b3) x19 0x00000000
core   0: 0x80004692 (0x00785133) srl     sp, a6, t2
core   0: 3 0x80004692 (0x00785133) x 2 0x00000005
core   0: 0x80004696 (0x00000285) c.addi  t0, 1
core   0: 3 0x80004696 (0x0285) x 5 0x0000000c
core   0: 0x80004698 (0x00008ef5) c.and   a3, a3
core   0: 3 0x80004698 (0x8ef5) x13 0x00000000
core   0: 0x8000469a (0xfe129ae3) bne     t0, ra, pc - 12
core   0: 3 0x8000469a (0xfe129ae3)
core   0: 0x8000468e (0x000069b3) or      s3, zero, zero
core   0: 3 0x8000468e (0x000069b3) x19 0x00000000
core   0: 0x80004692 (0x00785133) srl     sp, a6, t2
core   0: 3 0x80004692 (0x00785133) x 2 0x00000005
core   0: 0x80004696 (0x00000285) c.addi  t0, 1
core   0: 3 0x80004696 (0x0285) x 5 0x0000000d
core   0: 0x80004698 (0x00008ef5) c.and   a3, a3
core   0: 3 0x80004698 (0x8ef5) x13 0x00000000
core   0: 0x8000469a (0xfe129ae3) bne     t0, ra, pc - 12
core   0: 3 0x8000469a (0xfe129ae3)
core   0: 0x8000468e (0x000069b3) or      s3, zero, zero
core   0: 3 0x8000468e (0x000069b3) x19 0x00000000
core   0: 0x80004692 (0x00785133) srl     sp, a6, t2
core   0: 3 0x80004692 (0x00785133) x 2 0x00000005
core   0: 0x80004696 (0x00000285) c.addi  t0, 1
core   0: 3 0x80004696 (0x0285) x 5 0x0000000e
core   0: 0x80004698 (0x00008ef5) c.and   a3, a3
core   0: 3 0x80004698 (0x8ef5) x13 0x00000000
core   0: 0x8000469a (0xfe129ae3) bne     t0, ra, pc - 12
core   0: 3 0x8000469a (0xfe129ae3)
core   0: 0x8000468e (0x000069b3) or      s3, zero, zero
core   0: 3 0x8000468e (0x000069b3) x19 0x00000000
core   0: 0x80004692 (0x00785133) srl     sp, a6, t2
core   0: 3 0x80004692 (0x00785133) x 2 0x00000005
core   0: 0x80004696 (0x00000285) c.addi  t0, 1
core   0: 3 0x80004696 (0x0285) x 5 0x0000000f
core   0: 0x80004698 (0x00008ef5) c.and   a3, a3
core   0: 3 0x80004698 (0x8ef5) x13 0x00000000
core   0: 0x8000469a (0xfe129ae3) bne     t0, ra, pc - 12
core   0: 3 0x8000469a (0xfe129ae3)
core   0: 0x8000468e (0x000069b3) or      s3, zero, zero
core   0: 3 0x8000468e (0x000069b3) x19 0x00000000
core   0: 0x80004692 (0x00785133) srl     sp, a6, t2
core   0: 3 0x80004692 (0x00785133) x 2 0x00000005
core   0: 0x80004696 (0x00000285) c.addi  t0, 1
core   0: 3 0x80004696 (0x0285) x 5 0x00000010
core   0: 0x80004698 (0x00008ef5) c.and   a3, a3
core   0: 3 0x80004698 (0x8ef5) x13 0x00000000
core   0: 0x8000469a (0xfe129ae3) bne     t0, ra, pc - 12
core   0: 3 0x8000469a (0xfe129ae3)
core   0: 0x8000468e (0x000069b3) or      s3, zero, zero
core   0: 3 0x8000468e (0x000069b3) x19 0x00000000
core   0: 0x80004692 (0x00785133) srl     sp, a6, t2
core   0: 3 0x80004692 (0x00785133) x 2 0x00000005
core   0: 0x80004696 (0x00000285) c.addi  t0, 1
core   0: 3 0x80004696 (0x0285) x 5 0x00000011
core   0: 0x80004698 (0x00008ef5) c.and   a3, a3
core   0: 3 0x80004698 (0x8ef5) x13 0x00000000
core   0: 0x8000469a (0xfe129ae3) bne     t0, ra, pc - 12
core   0: 3 0x8000469a (0xfe129ae3)
core   0: 0x8000468e (0x000069b3) or      s3, zero, zero
core   0: 3 0x8000468e (0x000069b3) x19 0x00000000
core   0: 0x80004692 (0x00785133) srl     sp, a6, t2
core   0: 3 0x80004692 (0x00785133) x 2 0x00000005
core   0: 0x80004696 (0x00000285) c.addi  t0, 1
core   0: 3 0x80004696 (0x0285) x 5 0x00000012
core   0: 0x80004698 (0x00008ef5) c.and   a3, a3
core   0: 3 0x80004698 (0x8ef5) x13 0x00000000
core   0: 0x8000469a (0xfe129ae3) bne     t0, ra, pc - 12
core   0: 3 0x8000469a (0xfe129ae3)
core   0: 0x8000468e (0x000069b3) or      s3, zero, zero
core   0: 3 0x8000468e (0x000069b3) x19 0x00000000
core   0: 0x80004692 (0x00785133) srl     sp, a6, t2
core   0: 3 0x80004692 (0x00785133) x 2 0x00000005
core   0: 0x80004696 (0x00000285) c.addi  t0, 1
core   0: 3 0x80004696 (0x0285) x 5 0x00000013
core   0: 0x80004698 (0x00008ef5) c.and   a3, a3
core   0: 3 0x80004698 (0x8ef5) x13 0x00000000
core   0: 0x8000469a (0xfe129ae3) bne     t0, ra, pc - 12
core   0: 3 0x8000469a (0xfe129ae3)
core   0: 0x8000468e (0x000069b3) or      s3, zero, zero
core   0: 3 0x8000468e (0x000069b3) x19 0x00000000
core   0: 0x80004692 (0x00785133) srl     sp, a6, t2
core   0: 3 0x80004692 (0x00785133) x 2 0x00000005
core   0: 0x80004696 (0x00000285) c.addi  t0, 1
core   0: 3 0x80004696 (0x0285) x 5 0x00000014
core   0: 0x80004698 (0x00008ef5) c.and   a3, a3
core   0: 3 0x80004698 (0x8ef5) x13 0x00000000
core   0: 0x8000469a (0xfe129ae3) bne     t0, ra, pc - 12
core   0: 3 0x8000469a (0xfe129ae3)
core   0: 0x8000469e (0x000001e6) c.slli  gp, 25
core   0: 3 0x8000469e (0x01e6) x 3 0x00000000
core   0: 0x800046a0 (0x024e91b3) mulh    gp, t4, tp
core   0: 3 0x800046a0 (0x024e91b3) x 3 0x00000000
core   0: 0x800046a4 (0x000006ee) c.slli  a3, 27
core   0: 3 0x800046a4 (0x06ee) x13 0x00000000
core   0: 0x800046a6 (0xfd8ec0e3) blt     t4, s8, pc - 64
core   0: 3 0x800046a6 (0xfd8ec0e3)
core   0: 0x80004666 (0x03127b33) remu    s6, tp, a7
core   0: 3 0x80004666 (0x03127b33) x22 0x00000001
core   0: 0x8000466a (0x2956ea13) ori     s4, a3, 661
core   0: 3 0x8000466a (0x2956ea13) x20 0x00000295
core   0: 0x8000466e (0x007ae033) or      zero, s5, t2
core   0: 3 0x8000466e (0x007ae033)
core   0: 0x80004672 (0x0000100f) fence.i
core   0: 3 0x80004672 (0x0000100f)
core   0: 0x80004676 (0x00000e8d) c.addi  t4, 3
core   0: 3 0x80004676 (0x0e8d) x29 0x00000007
core   0: 0x80004678 (0x038158b3) divu    a7, sp, s8
core   0: 3 0x80004678 (0x038158b3) x17 0x00000000
core   0: 0x8000467c (0x00a00293) li      t0, 10
core   0: 3 0x8000467c (0x00a00293) x 5 0x0000000a
core   0: 0x80004680 (0x007698b3) sll     a7, a3, t2
core   0: 3 0x80004680 (0x007698b3) x17 0x00000000
core   0: 0x80004684 (0x00008df9) c.and   a1, a4
core   0: 3 0x80004684 (0x8df9) x11 0x00000000
core   0: 0x80004686 (0x664fa413) slti    s0, t6, 1636
core   0: 3 0x80004686 (0x664fa413) x 8 0x00000001
core   0: 0x8000468a (0x01400093) li      ra, 20
core   0: 3 0x8000468a (0x01400093) x 1 0x00000014
core   0: 0x8000468e (0x000069b3) or      s3, zero, zero
core   0: 3 0x8000468e (0x000069b3) x19 0x00000000
core   0: 0x80004692 (0x00785133) srl     sp, a6, t2
core   0: 3 0x80004692 (0x00785133) x 2 0x00000005
core   0: 0x80004696 (0x00000285) c.addi  t0, 1
core   0: 3 0x80004696 (0x0285) x 5 0x0000000b
core   0: 0x80004698 (0x00008ef5) c.and   a3, a3
core   0: 3 0x80004698 (0x8ef5) x13 0x00000000
core   0: 0x8000469a (0xfe129ae3) bne     t0, ra, pc - 12
core   0: 3 0x8000469a (0xfe129ae3)
core   0: 0x8000468e (0x000069b3) or      s3, zero, zero
core   0: 3 0x8000468e (0x000069b3) x19 0x00000000
core   0: 0x80004692 (0x00785133) srl     sp, a6, t2
core   0: 3 0x80004692 (0x00785133) x 2 0x00000005
core   0: 0x80004696 (0x00000285) c.addi  t0, 1
core   0: 3 0x80004696 (0x0285) x 5 0x0000000c
core   0: 0x80004698 (0x00008ef5) c.and   a3, a3
core   0: 3 0x80004698 (0x8ef5) x13 0x00000000
core   0: 0x8000469a (0xfe129ae3) bne     t0, ra, pc - 12
core   0: 3 0x8000469a (0xfe129ae3)
core   0: 0x8000468e (0x000069b3) or      s3, zero, zero
core   0: 3 0x8000468e (0x000069b3) x19 0x00000000
core   0: 0x80004692 (0x00785133) srl     sp, a6, t2
core   0: 3 0x80004692 (0x00785133) x 2 0x00000005
core   0: 0x80004696 (0x00000285) c.addi  t0, 1
core   0: 3 0x80004696 (0x0285) x 5 0x0000000d
core   0: 0x80004698 (0x00008ef5) c.and   a3, a3
core   0: 3 0x80004698 (0x8ef5) x13 0x00000000
core   0: 0x8000469a (0xfe129ae3) bne     t0, ra, pc - 12
core   0: 3 0x8000469a (0xfe129ae3)
core   0: 0x8000468e (0x000069b3) or      s3, zero, zero
core   0: 3 0x8000468e (0x000069b3) x19 0x00000000
core   0: 0x80004692 (0x00785133) srl     sp, a6, t2
core   0: 3 0x80004692 (0x00785133) x 2 0x00000005
core   0: 0x80004696 (0x00000285) c.addi  t0, 1
core   0: 3 0x80004696 (0x0285) x 5 0x0000000e
core   0: 0x80004698 (0x00008ef5) c.and   a3, a3
core   0: 3 0x80004698 (0x8ef5) x13 0x00000000
core   0: 0x8000469a (0xfe129ae3) bne     t0, ra, pc - 12
core   0: 3 0x8000469a (0xfe129ae3)
core   0: 0x8000468e (0x000069b3) or      s3, zero, zero
core   0: 3 0x8000468e (0x000069b3) x19 0x00000000
core   0: 0x80004692 (0x00785133) srl     sp, a6, t2
core   0: 3 0x80004692 (0x00785133) x 2 0x00000005
core   0: 0x80004696 (0x00000285) c.addi  t0, 1
core   0: 3 0x80004696 (0x0285) x 5 0x0000000f
core   0: 0x80004698 (0x00008ef5) c.and   a3, a3
core   0: 3 0x80004698 (0x8ef5) x13 0x00000000
core   0: 0x8000469a (0xfe129ae3) bne     t0, ra, pc - 12
core   0: 3 0x8000469a (0xfe129ae3)
core   0: 0x8000468e (0x000069b3) or      s3, zero, zero
core   0: 3 0x8000468e (0x000069b3) x19 0x00000000
core   0: 0x80004692 (0x00785133) srl     sp, a6, t2
core   0: 3 0x80004692 (0x00785133) x 2 0x00000005
core   0: 0x80004696 (0x00000285) c.addi  t0, 1
core   0: 3 0x80004696 (0x0285) x 5 0x00000010
core   0: 0x80004698 (0x00008ef5) c.and   a3, a3
core   0: 3 0x80004698 (0x8ef5) x13 0x00000000
core   0: 0x8000469a (0xfe129ae3) bne     t0, ra, pc - 12
core   0: 3 0x8000469a (0xfe129ae3)
core   0: 0x8000468e (0x000069b3) or      s3, zero, zero
core   0: 3 0x8000468e (0x000069b3) x19 0x00000000
core   0: 0x80004692 (0x00785133) srl     sp, a6, t2
core   0: 3 0x80004692 (0x00785133) x 2 0x00000005
core   0: 0x80004696 (0x00000285) c.addi  t0, 1
core   0: 3 0x80004696 (0x0285) x 5 0x00000011
core   0: 0x80004698 (0x00008ef5) c.and   a3, a3
core   0: 3 0x80004698 (0x8ef5) x13 0x00000000
core   0: 0x8000469a (0xfe129ae3) bne     t0, ra, pc - 12
core   0: 3 0x8000469a (0xfe129ae3)
core   0: 0x8000468e (0x000069b3) or      s3, zero, zero
core   0: 3 0x8000468e (0x000069b3) x19 0x00000000
core   0: 0x80004692 (0x00785133) srl     sp, a6, t2
core   0: 3 0x80004692 (0x00785133) x 2 0x00000005
core   0: 0x80004696 (0x00000285) c.addi  t0, 1
core   0: 3 0x80004696 (0x0285) x 5 0x00000012
core   0: 0x80004698 (0x00008ef5) c.and   a3, a3
core   0: 3 0x80004698 (0x8ef5) x13 0x00000000
core   0: 0x8000469a (0xfe129ae3) bne     t0, ra, pc - 12
core   0: 3 0x8000469a (0xfe129ae3)
core   0: 0x8000468e (0x000069b3) or      s3, zero, zero
core   0: 3 0x8000468e (0x000069b3) x19 0x00000000
core   0: 0x80004692 (0x00785133) srl     sp, a6, t2
core   0: 3 0x80004692 (0x00785133) x 2 0x00000005
core   0: 0x80004696 (0x00000285) c.addi  t0, 1
core   0: 3 0x80004696 (0x0285) x 5 0x00000013
core   0: 0x80004698 (0x00008ef5) c.and   a3, a3
core   0: 3 0x80004698 (0x8ef5) x13 0x00000000
core   0: 0x8000469a (0xfe129ae3) bne     t0, ra, pc - 12
core   0: 3 0x8000469a (0xfe129ae3)
core   0: 0x8000468e (0x000069b3) or      s3, zero, zero
core   0: 3 0x8000468e (0x000069b3) x19 0x00000000
core   0: 0x80004692 (0x00785133) srl     sp, a6, t2
core   0: 3 0x80004692 (0x00785133) x 2 0x00000005
core   0: 0x80004696 (0x00000285) c.addi  t0, 1
core   0: 3 0x80004696 (0x0285) x 5 0x00000014
core   0: 0x80004698 (0x00008ef5) c.and   a3, a3
core   0: 3 0x80004698 (0x8ef5) x13 0x00000000
core   0: 0x8000469a (0xfe129ae3) bne     t0, ra, pc - 12
core   0: 3 0x8000469a (0xfe129ae3)
core   0: 0x8000469e (0x000001e6) c.slli  gp, 25
core   0: 3 0x8000469e (0x01e6) x 3 0x00000000
core   0: 0x800046a0 (0x024e91b3) mulh    gp, t4, tp
core   0: 3 0x800046a0 (0x024e91b3) x 3 0x00000000
core   0: 0x800046a4 (0x000006ee) c.slli  a3, 27
core   0: 3 0x800046a4 (0x06ee) x13 0x00000000
core   0: 0x800046a6 (0xfd8ec0e3) blt     t4, s8, pc - 64
core   0: 3 0x800046a6 (0xfd8ec0e3)
core   0: 0x80004666 (0x03127b33) remu    s6, tp, a7
core   0: 3 0x80004666 (0x03127b33) x22 0x00000001
core   0: 0x8000466a (0x2956ea13) ori     s4, a3, 661
core   0: 3 0x8000466a (0x2956ea13) x20 0x00000295
core   0: 0x8000466e (0x007ae033) or      zero, s5, t2
core   0: 3 0x8000466e (0x007ae033)
core   0: 0x80004672 (0x0000100f) fence.i
core   0: 3 0x80004672 (0x0000100f)
core   0: 0x80004676 (0x00000e8d) c.addi  t4, 3
core   0: 3 0x80004676 (0x0e8d) x29 0x0000000a
core   0: 0x80004678 (0x038158b3) divu    a7, sp, s8
core   0: 3 0x80004678 (0x038158b3) x17 0x00000000
core   0: 0x8000467c (0x00a00293) li      t0, 10
core   0: 3 0x8000467c (0x00a00293) x 5 0x0000000a
core   0: 0x80004680 (0x007698b3) sll     a7, a3, t2
core   0: 3 0x80004680 (0x007698b3) x17 0x00000000
core   0: 0x80004684 (0x00008df9) c.and   a1, a4
core   0: 3 0x80004684 (0x8df9) x11 0x00000000
core   0: 0x80004686 (0x664fa413) slti    s0, t6, 1636
core   0: 3 0x80004686 (0x664fa413) x 8 0x00000001
core   0: 0x8000468a (0x01400093) li      ra, 20
core   0: 3 0x8000468a (0x01400093) x 1 0x00000014
core   0: 0x8000468e (0x000069b3) or      s3, zero, zero
core   0: 3 0x8000468e (0x000069b3) x19 0x00000000
core   0: 0x80004692 (0x00785133) srl     sp, a6, t2
core   0: 3 0x80004692 (0x00785133) x 2 0x00000005
core   0: 0x80004696 (0x00000285) c.addi  t0, 1
core   0: 3 0x80004696 (0x0285) x 5 0x0000000b
core   0: 0x80004698 (0x00008ef5) c.and   a3, a3
core   0: 3 0x80004698 (0x8ef5) x13 0x00000000
core   0: 0x8000469a (0xfe129ae3) bne     t0, ra, pc - 12
core   0: 3 0x8000469a (0xfe129ae3)
core   0: 0x8000468e (0x000069b3) or      s3, zero, zero
core   0: 3 0x8000468e (0x000069b3) x19 0x00000000
core   0: 0x80004692 (0x00785133) srl     sp, a6, t2
core   0: 3 0x80004692 (0x00785133) x 2 0x00000005
core   0: 0x80004696 (0x00000285) c.addi  t0, 1
core   0: 3 0x80004696 (0x0285) x 5 0x0000000c
core   0: 0x80004698 (0x00008ef5) c.and   a3, a3
core   0: 3 0x80004698 (0x8ef5) x13 0x00000000
core   0: 0x8000469a (0xfe129ae3) bne     t0, ra, pc - 12
core   0: 3 0x8000469a (0xfe129ae3)
core   0: 0x8000468e (0x000069b3) or      s3, zero, zero
core   0: 3 0x8000468e (0x000069b3) x19 0x00000000
core   0: 0x80004692 (0x00785133) srl     sp, a6, t2
core   0: 3 0x80004692 (0x00785133) x 2 0x00000005
core   0: 0x80004696 (0x00000285) c.addi  t0, 1
core   0: 3 0x80004696 (0x0285) x 5 0x0000000d
core   0: 0x80004698 (0x00008ef5) c.and   a3, a3
core   0: 3 0x80004698 (0x8ef5) x13 0x00000000
core   0: 0x8000469a (0xfe129ae3) bne     t0, ra, pc - 12
core   0: 3 0x8000469a (0xfe129ae3)
core   0: 0x8000468e (0x000069b3) or      s3, zero, zero
core   0: 3 0x8000468e (0x000069b3) x19 0x00000000
core   0: 0x80004692 (0x00785133) srl     sp, a6, t2
core   0: 3 0x80004692 (0x00785133) x 2 0x00000005
core   0: 0x80004696 (0x00000285) c.addi  t0, 1
core   0: 3 0x80004696 (0x0285) x 5 0x0000000e
core   0: 0x80004698 (0x00008ef5) c.and   a3, a3
core   0: 3 0x80004698 (0x8ef5) x13 0x00000000
core   0: 0x8000469a (0xfe129ae3) bne     t0, ra, pc - 12
core   0: 3 0x8000469a (0xfe129ae3)
core   0: 0x8000468e (0x000069b3) or      s3, zero, zero
core   0: 3 0x8000468e (0x000069b3) x19 0x00000000
core   0: 0x80004692 (0x00785133) srl     sp, a6, t2
core   0: 3 0x80004692 (0x00785133) x 2 0x00000005
core   0: 0x80004696 (0x00000285) c.addi  t0, 1
core   0: 3 0x80004696 (0x0285) x 5 0x0000000f
core   0: 0x80004698 (0x00008ef5) c.and   a3, a3
core   0: 3 0x80004698 (0x8ef5) x13 0x00000000
core   0: 0x8000469a (0xfe129ae3) bne     t0, ra, pc - 12
core   0: 3 0x8000469a (0xfe129ae3)
core   0: 0x8000468e (0x000069b3) or      s3, zero, zero
core   0: 3 0x8000468e (0x000069b3) x19 0x00000000
core   0: 0x80004692 (0x00785133) srl     sp, a6, t2
core   0: 3 0x80004692 (0x00785133) x 2 0x00000005
core   0: 0x80004696 (0x00000285) c.addi  t0, 1
core   0: 3 0x80004696 (0x0285) x 5 0x00000010
core   0: 0x80004698 (0x00008ef5) c.and   a3, a3
core   0: 3 0x80004698 (0x8ef5) x13 0x00000000
core   0: 0x8000469a (0xfe129ae3) bne     t0, ra, pc - 12
core   0: 3 0x8000469a (0xfe129ae3)
core   0: 0x8000468e (0x000069b3) or      s3, zero, zero
core   0: 3 0x8000468e (0x000069b3) x19 0x00000000
core   0: 0x80004692 (0x00785133) srl     sp, a6, t2
core   0: 3 0x80004692 (0x00785133) x 2 0x00000005
core   0: 0x80004696 (0x00000285) c.addi  t0, 1
core   0: 3 0x80004696 (0x0285) x 5 0x00000011
core   0: 0x80004698 (0x00008ef5) c.and   a3, a3
core   0: 3 0x80004698 (0x8ef5) x13 0x00000000
core   0: 0x8000469a (0xfe129ae3) bne     t0, ra, pc - 12
core   0: 3 0x8000469a (0xfe129ae3)
core   0: 0x8000468e (0x000069b3) or      s3, zero, zero
core   0: 3 0x8000468e (0x000069b3) x19 0x00000000
core   0: 0x80004692 (0x00785133) srl     sp, a6, t2
core   0: 3 0x80004692 (0x00785133) x 2 0x00000005
core   0: 0x80004696 (0x00000285) c.addi  t0, 1
core   0: 3 0x80004696 (0x0285) x 5 0x00000012
core   0: 0x80004698 (0x00008ef5) c.and   a3, a3
core   0: 3 0x80004698 (0x8ef5) x13 0x00000000
core   0: 0x8000469a (0xfe129ae3) bne     t0, ra, pc - 12
core   0: 3 0x8000469a (0xfe129ae3)
core   0: 0x8000468e (0x000069b3) or      s3, zero, zero
core   0: 3 0x8000468e (0x000069b3) x19 0x00000000
core   0: 0x80004692 (0x00785133) srl     sp, a6, t2
core   0: 3 0x80004692 (0x00785133) x 2 0x00000005
core   0: 0x80004696 (0x00000285) c.addi  t0, 1
core   0: 3 0x80004696 (0x0285) x 5 0x00000013
core   0: 0x80004698 (0x00008ef5) c.and   a3, a3
core   0: 3 0x80004698 (0x8ef5) x13 0x00000000
core   0: 0x8000469a (0xfe129ae3) bne     t0, ra, pc - 12
core   0: 3 0x8000469a (0xfe129ae3)
core   0: 0x8000468e (0x000069b3) or      s3, zero, zero
core   0: 3 0x8000468e (0x000069b3) x19 0x00000000
core   0: 0x80004692 (0x00785133) srl     sp, a6, t2
core   0: 3 0x80004692 (0x00785133) x 2 0x00000005
core   0: 0x80004696 (0x00000285) c.addi  t0, 1
core   0: 3 0x80004696 (0x0285) x 5 0x00000014
core   0: 0x80004698 (0x00008ef5) c.and   a3, a3
core   0: 3 0x80004698 (0x8ef5) x13 0x00000000
core   0: 0x8000469a (0xfe129ae3) bne     t0, ra, pc - 12
core   0: 3 0x8000469a (0xfe129ae3)
core   0: 0x8000469e (0x000001e6) c.slli  gp, 25
core   0: 3 0x8000469e (0x01e6) x 3 0x00000000
core   0: 0x800046a0 (0x024e91b3) mulh    gp, t4, tp
core   0: 3 0x800046a0 (0x024e91b3) x 3 0x00000000
core   0: 0x800046a4 (0x000006ee) c.slli  a3, 27
core   0: 3 0x800046a4 (0x06ee) x13 0x00000000
core   0: 0x800046a6 (0xfd8ec0e3) blt     t4, s8, pc - 64
core   0: 3 0x800046a6 (0xfd8ec0e3)
core   0: 0x800046aa (0x00008f49) c.or    a4, a0
core   0: 3 0x800046aa (0x8f49) x14 0x80021e2c
core   0: 0x800046ac (0x00a00993) li      s3, 10
core   0: 3 0x800046ac (0x00a00993) x19 0x0000000a
core   0: 0x800046b0 (0x033d3a33) mulhu   s4, s10, s3
core   0: 3 0x800046b0 (0x033d3a33) x20 0x00000000
core   0: 0x800046b4 (0xc4f4f093) andi    ra, s1, -945
core   0: 3 0x800046b4 (0xc4f4f093) x 1 0x00000000
core   0: 0x800046b8 (0x00008b75) c.andi  a4, 29
core   0: 3 0x800046b8 (0x8b75) x14 0x0000000c
core   0: 0x800046ba (0x00008f29) c.xor   a4, a0
core   0: 3 0x800046ba (0x8f29) x14 0x80021e20
core   0: 0x800046bc (0x4d142613) slti    a2, s0, 1233
core   0: 3 0x800046bc (0x4d142613) x12 0x00000001
core   0: 0x800046c0 (0x01300c13) li      s8, 19
core   0: 3 0x800046c0 (0x01300c13) x24 0x00000013
core   0: 0x800046c4 (0x00008ff1) c.and   a5, a2
core   0: 3 0x800046c4 (0x8ff1) x15 0x00000001
core   0: 0x800046c6 (0x000009a1) c.addi  s3, 8
core   0: 3 0x800046c6 (0x09a1) x19 0x00000012
core   0: 0x800046c8 (0x00008e01) c.sub   a2, s0
core   0: 3 0x800046c8 (0x8e01) x12 0x00000000
core   0: 0x800046ca (0x01771933) sll     s2, a4, s7
core   0: 3 0x800046ca (0x01771933) x18 0x10f10000
core   0: 0x800046ce (0xff89cbe3) blt     s3, s8, pc - 10
core   0: 3 0x800046ce (0xff89cbe3)
core   0: 0x800046c4 (0x00008ff1) c.and   a5, a2
core   0: 3 0x800046c4 (0x8ff1) x15 0x00000000
core   0: 0x800046c6 (0x000009a1) c.addi  s3, 8
core   0: 3 0x800046c6 (0x09a1) x19 0x0000001a
core   0: 0x800046c8 (0x00008e01) c.sub   a2, s0
core   0: 3 0x800046c8 (0x8e01) x12 0xffffffff
core   0: 0x800046ca (0x01771933) sll     s2, a4, s7
core   0: 3 0x800046ca (0x01771933) x18 0x10f10000
core   0: 0x800046ce (0xff89cbe3) blt     s3, s8, pc - 10
core   0: 3 0x800046ce (0xff89cbe3)
core   0: 0x800046d2 (0x01f4b033) sltu    zero, s1, t6
core   0: 3 0x800046d2 (0x01f4b033)
core   0: 0x800046d6 (0xff800493) li      s1, -8
core   0: 3 0x800046d6 (0xff800493) x 9 0xfffffff8
core   0: 0x800046da (0x01d8d5b3) srl     a1, a7, t4
core   0: 3 0x800046da (0x01d8d5b3) x11 0x00000000
core   0: 0x800046de (0x00000001) c.nop
core   0: 3 0x800046de (0x0001)
core   0: 0x800046e0 (0x00000001) c.nop
core   0: 3 0x800046e0 (0x0001)
core   0: 0x800046e2 (0x41878fb3) sub     t6, a5, s8
core   0: 3 0x800046e2 (0x41878fb3) x31 0xffffffed
core   0: 0x800046e6 (0x000065a9) c.lui   a1, 0xa
core   0: 3 0x800046e6 (0x65a9) x11 0x0000a000
core   0: 0x800046e8 (0x012c7fb3) and     t6, s8, s2
core   0: 3 0x800046e8 (0x012c7fb3) x31 0x00000000
core   0: 0x800046ec (0x00000485) c.addi  s1, 1
core   0: 3 0x800046ec (0x0485) x 9 0xfffffff9
core   0: 0x800046ee (0x000d22b3) slt     t0, s10, zero
core   0: 3 0x800046ee (0x000d22b3) x 5 0x00000000
core   0: 0x800046f2 (0x00900413) li      s0, 9
core   0: 3 0x800046f2 (0x00900413) x 8 0x00000009
core   0: 0x800046f6 (0x03ebea33) rem     s4, s7, t5
core   0: 3 0x800046f6 (0x03ebea33) x20 0x0000000b
core   0: 0x800046fa (0xffb00693) li      a3, -5
core   0: 3 0x800046fa (0xffb00693) x13 0xfffffffb
core   0: 0x800046fe (0x0088e5b3) or      a1, a7, s0
core   0: 3 0x800046fe (0x0088e5b3) x11 0x00000009
core   0: 0x80004702 (0x0000145d) c.addi  s0, -9
core   0: 3 0x80004702 (0x145d) x 8 0x00000000
core   0: 0x80004704 (0x0000100f) fence.i
core   0: 3 0x80004704 (0x0000100f)
core   0: 0x80004708 (0xfed45be3) bge     s0, a3, pc - 10
core   0: 3 0x80004708 (0xfed45be3)
core   0: 0x800046fe (0x0088e5b3) or      a1, a7, s0
core   0: 3 0x800046fe (0x0088e5b3) x11 0x00000000
core   0: 0x80004702 (0x0000145d) c.addi  s0, -9
core   0: 3 0x80004702 (0x145d) x 8 0xfffffff7
core   0: 0x80004704 (0x0000100f) fence.i
core   0: 3 0x80004704 (0x0000100f)
core   0: 0x80004708 (0xfed45be3) bge     s0, a3, pc - 10
core   0: 3 0x80004708 (0xfed45be3)
core   0: 0x8000470c (0xce86bd13) sltiu   s10, a3, -792
core   0: 3 0x8000470c (0xce86bd13) x26 0x00000000
core   0: 0x80004710 (0x00000001) c.nop
core   0: 3 0x80004710 (0x0001)
core   0: 0x80004712 (0x025e37b3) mulhu   a5, t3, t0
core   0: 3 0x80004712 (0x025e37b3) x15 0x00000000
core   0: 0x80004716 (0x016fd213) srli    tp, t6, 22
core   0: 3 0x80004716 (0x016fd213) x 4 0x00000000
core   0: 0x8000471a (0x0000f4f1) c.bnez  s1, pc - 52
core   0: 3 0x8000471a (0xf4f1)
core   0: 0x800046e6 (0x000065a9) c.lui   a1, 0xa
core   0: 3 0x800046e6 (0x65a9) x11 0x0000a000
core   0: 0x800046e8 (0x012c7fb3) and     t6, s8, s2
core   0: 3 0x800046e8 (0x012c7fb3) x31 0x00000000
core   0: 0x800046ec (0x00000485) c.addi  s1, 1
core   0: 3 0x800046ec (0x0485) x 9 0xfffffffa
core   0: 0x800046ee (0x000d22b3) slt     t0, s10, zero
core   0: 3 0x800046ee (0x000d22b3) x 5 0x00000000
core   0: 0x800046f2 (0x00900413) li      s0, 9
core   0: 3 0x800046f2 (0x00900413) x 8 0x00000009
core   0: 0x800046f6 (0x03ebea33) rem     s4, s7, t5
core   0: 3 0x800046f6 (0x03ebea33) x20 0x0000000b
core   0: 0x800046fa (0xffb00693) li      a3, -5
core   0: 3 0x800046fa (0xffb00693) x13 0xfffffffb
core   0: 0x800046fe (0x0088e5b3) or      a1, a7, s0
core   0: 3 0x800046fe (0x0088e5b3) x11 0x00000009
core   0: 0x80004702 (0x0000145d) c.addi  s0, -9
core   0: 3 0x80004702 (0x145d) x 8 0x00000000
core   0: 0x80004704 (0x0000100f) fence.i
core   0: 3 0x80004704 (0x0000100f)
core   0: 0x80004708 (0xfed45be3) bge     s0, a3, pc - 10
core   0: 3 0x80004708 (0xfed45be3)
core   0: 0x800046fe (0x0088e5b3) or      a1, a7, s0
core   0: 3 0x800046fe (0x0088e5b3) x11 0x00000000
core   0: 0x80004702 (0x0000145d) c.addi  s0, -9
core   0: 3 0x80004702 (0x145d) x 8 0xfffffff7
core   0: 0x80004704 (0x0000100f) fence.i
core   0: 3 0x80004704 (0x0000100f)
core   0: 0x80004708 (0xfed45be3) bge     s0, a3, pc - 10
core   0: 3 0x80004708 (0xfed45be3)
core   0: 0x8000470c (0xce86bd13) sltiu   s10, a3, -792
core   0: 3 0x8000470c (0xce86bd13) x26 0x00000000
core   0: 0x80004710 (0x00000001) c.nop
core   0: 3 0x80004710 (0x0001)
core   0: 0x80004712 (0x025e37b3) mulhu   a5, t3, t0
core   0: 3 0x80004712 (0x025e37b3) x15 0x00000000
core   0: 0x80004716 (0x016fd213) srli    tp, t6, 22
core   0: 3 0x80004716 (0x016fd213) x 4 0x00000000
core   0: 0x8000471a (0x0000f4f1) c.bnez  s1, pc - 52
core   0: 3 0x8000471a (0xf4f1)
core   0: 0x800046e6 (0x000065a9) c.lui   a1, 0xa
core   0: 3 0x800046e6 (0x65a9) x11 0x0000a000
core   0: 0x800046e8 (0x012c7fb3) and     t6, s8, s2
core   0: 3 0x800046e8 (0x012c7fb3) x31 0x00000000
core   0: 0x800046ec (0x00000485) c.addi  s1, 1
core   0: 3 0x800046ec (0x0485) x 9 0xfffffffb
core   0: 0x800046ee (0x000d22b3) slt     t0, s10, zero
core   0: 3 0x800046ee (0x000d22b3) x 5 0x00000000
core   0: 0x800046f2 (0x00900413) li      s0, 9
core   0: 3 0x800046f2 (0x00900413) x 8 0x00000009
core   0: 0x800046f6 (0x03ebea33) rem     s4, s7, t5
core   0: 3 0x800046f6 (0x03ebea33) x20 0x0000000b
core   0: 0x800046fa (0xffb00693) li      a3, -5
core   0: 3 0x800046fa (0xffb00693) x13 0xfffffffb
core   0: 0x800046fe (0x0088e5b3) or      a1, a7, s0
core   0: 3 0x800046fe (0x0088e5b3) x11 0x00000009
core   0: 0x80004702 (0x0000145d) c.addi  s0, -9
core   0: 3 0x80004702 (0x145d) x 8 0x00000000
core   0: 0x80004704 (0x0000100f) fence.i
core   0: 3 0x80004704 (0x0000100f)
core   0: 0x80004708 (0xfed45be3) bge     s0, a3, pc - 10
core   0: 3 0x80004708 (0xfed45be3)
core   0: 0x800046fe (0x0088e5b3) or      a1, a7, s0
core   0: 3 0x800046fe (0x0088e5b3) x11 0x00000000
core   0: 0x80004702 (0x0000145d) c.addi  s0, -9
core   0: 3 0x80004702 (0x145d) x 8 0xfffffff7
core   0: 0x80004704 (0x0000100f) fence.i
core   0: 3 0x80004704 (0x0000100f)
core   0: 0x80004708 (0xfed45be3) bge     s0, a3, pc - 10
core   0: 3 0x80004708 (0xfed45be3)
core   0: 0x8000470c (0xce86bd13) sltiu   s10, a3, -792
core   0: 3 0x8000470c (0xce86bd13) x26 0x00000000
core   0: 0x80004710 (0x00000001) c.nop
core   0: 3 0x80004710 (0x0001)
core   0: 0x80004712 (0x025e37b3) mulhu   a5, t3, t0
core   0: 3 0x80004712 (0x025e37b3) x15 0x00000000
core   0: 0x80004716 (0x016fd213) srli    tp, t6, 22
core   0: 3 0x80004716 (0x016fd213) x 4 0x00000000
core   0: 0x8000471a (0x0000f4f1) c.bnez  s1, pc - 52
core   0: 3 0x8000471a (0xf4f1)
core   0: 0x800046e6 (0x000065a9) c.lui   a1, 0xa
core   0: 3 0x800046e6 (0x65a9) x11 0x0000a000
core   0: 0x800046e8 (0x012c7fb3) and     t6, s8, s2
core   0: 3 0x800046e8 (0x012c7fb3) x31 0x00000000
core   0: 0x800046ec (0x00000485) c.addi  s1, 1
core   0: 3 0x800046ec (0x0485) x 9 0xfffffffc
core   0: 0x800046ee (0x000d22b3) slt     t0, s10, zero
core   0: 3 0x800046ee (0x000d22b3) x 5 0x00000000
core   0: 0x800046f2 (0x00900413) li      s0, 9
core   0: 3 0x800046f2 (0x00900413) x 8 0x00000009
core   0: 0x800046f6 (0x03ebea33) rem     s4, s7, t5
core   0: 3 0x800046f6 (0x03ebea33) x20 0x0000000b
core   0: 0x800046fa (0xffb00693) li      a3, -5
core   0: 3 0x800046fa (0xffb00693) x13 0xfffffffb
core   0: 0x800046fe (0x0088e5b3) or      a1, a7, s0
core   0: 3 0x800046fe (0x0088e5b3) x11 0x00000009
core   0: 0x80004702 (0x0000145d) c.addi  s0, -9
core   0: 3 0x80004702 (0x145d) x 8 0x00000000
core   0: 0x80004704 (0x0000100f) fence.i
core   0: 3 0x80004704 (0x0000100f)
core   0: 0x80004708 (0xfed45be3) bge     s0, a3, pc - 10
core   0: 3 0x80004708 (0xfed45be3)
core   0: 0x800046fe (0x0088e5b3) or      a1, a7, s0
core   0: 3 0x800046fe (0x0088e5b3) x11 0x00000000
core   0: 0x80004702 (0x0000145d) c.addi  s0, -9
core   0: 3 0x80004702 (0x145d) x 8 0xfffffff7
core   0: 0x80004704 (0x0000100f) fence.i
core   0: 3 0x80004704 (0x0000100f)
core   0: 0x80004708 (0xfed45be3) bge     s0, a3, pc - 10
core   0: 3 0x80004708 (0xfed45be3)
core   0: 0x8000470c (0xce86bd13) sltiu   s10, a3, -792
core   0: 3 0x8000470c (0xce86bd13) x26 0x00000000
core   0: 0x80004710 (0x00000001) c.nop
core   0: 3 0x80004710 (0x0001)
core   0: 0x80004712 (0x025e37b3) mulhu   a5, t3, t0
core   0: 3 0x80004712 (0x025e37b3) x15 0x00000000
core   0: 0x80004716 (0x016fd213) srli    tp, t6, 22
core   0: 3 0x80004716 (0x016fd213) x 4 0x00000000
core   0: 0x8000471a (0x0000f4f1) c.bnez  s1, pc - 52
core   0: 3 0x8000471a (0xf4f1)
core   0: 0x800046e6 (0x000065a9) c.lui   a1, 0xa
core   0: 3 0x800046e6 (0x65a9) x11 0x0000a000
core   0: 0x800046e8 (0x012c7fb3) and     t6, s8, s2
core   0: 3 0x800046e8 (0x012c7fb3) x31 0x00000000
core   0: 0x800046ec (0x00000485) c.addi  s1, 1
core   0: 3 0x800046ec (0x0485) x 9 0xfffffffd
core   0: 0x800046ee (0x000d22b3) slt     t0, s10, zero
core   0: 3 0x800046ee (0x000d22b3) x 5 0x00000000
core   0: 0x800046f2 (0x00900413) li      s0, 9
core   0: 3 0x800046f2 (0x00900413) x 8 0x00000009
core   0: 0x800046f6 (0x03ebea33) rem     s4, s7, t5
core   0: 3 0x800046f6 (0x03ebea33) x20 0x0000000b
core   0: 0x800046fa (0xffb00693) li      a3, -5
core   0: 3 0x800046fa (0xffb00693) x13 0xfffffffb
core   0: 0x800046fe (0x0088e5b3) or      a1, a7, s0
core   0: 3 0x800046fe (0x0088e5b3) x11 0x00000009
core   0: 0x80004702 (0x0000145d) c.addi  s0, -9
core   0: 3 0x80004702 (0x145d) x 8 0x00000000
core   0: 0x80004704 (0x0000100f) fence.i
core   0: 3 0x80004704 (0x0000100f)
core   0: 0x80004708 (0xfed45be3) bge     s0, a3, pc - 10
core   0: 3 0x80004708 (0xfed45be3)
core   0: 0x800046fe (0x0088e5b3) or      a1, a7, s0
core   0: 3 0x800046fe (0x0088e5b3) x11 0x00000000
core   0: 0x80004702 (0x0000145d) c.addi  s0, -9
core   0: 3 0x80004702 (0x145d) x 8 0xfffffff7
core   0: 0x80004704 (0x0000100f) fence.i
core   0: 3 0x80004704 (0x0000100f)
core   0: 0x80004708 (0xfed45be3) bge     s0, a3, pc - 10
core   0: 3 0x80004708 (0xfed45be3)
core   0: 0x8000470c (0xce86bd13) sltiu   s10, a3, -792
core   0: 3 0x8000470c (0xce86bd13) x26 0x00000000
core   0: 0x80004710 (0x00000001) c.nop
core   0: 3 0x80004710 (0x0001)
core   0: 0x80004712 (0x025e37b3) mulhu   a5, t3, t0
core   0: 3 0x80004712 (0x025e37b3) x15 0x00000000
core   0: 0x80004716 (0x016fd213) srli    tp, t6, 22
core   0: 3 0x80004716 (0x016fd213) x 4 0x00000000
core   0: 0x8000471a (0x0000f4f1) c.bnez  s1, pc - 52
core   0: 3 0x8000471a (0xf4f1)
core   0: 0x800046e6 (0x000065a9) c.lui   a1, 0xa
core   0: 3 0x800046e6 (0x65a9) x11 0x0000a000
core   0: 0x800046e8 (0x012c7fb3) and     t6, s8, s2
core   0: 3 0x800046e8 (0x012c7fb3) x31 0x00000000
core   0: 0x800046ec (0x00000485) c.addi  s1, 1
core   0: 3 0x800046ec (0x0485) x 9 0xfffffffe
core   0: 0x800046ee (0x000d22b3) slt     t0, s10, zero
core   0: 3 0x800046ee (0x000d22b3) x 5 0x00000000
core   0: 0x800046f2 (0x00900413) li      s0, 9
core   0: 3 0x800046f2 (0x00900413) x 8 0x00000009
core   0: 0x800046f6 (0x03ebea33) rem     s4, s7, t5
core   0: 3 0x800046f6 (0x03ebea33) x20 0x0000000b
core   0: 0x800046fa (0xffb00693) li      a3, -5
core   0: 3 0x800046fa (0xffb00693) x13 0xfffffffb
core   0: 0x800046fe (0x0088e5b3) or      a1, a7, s0
core   0: 3 0x800046fe (0x0088e5b3) x11 0x00000009
core   0: 0x80004702 (0x0000145d) c.addi  s0, -9
core   0: 3 0x80004702 (0x145d) x 8 0x00000000
core   0: 0x80004704 (0x0000100f) fence.i
core   0: 3 0x80004704 (0x0000100f)
core   0: 0x80004708 (0xfed45be3) bge     s0, a3, pc - 10
core   0: 3 0x80004708 (0xfed45be3)
core   0: 0x800046fe (0x0088e5b3) or      a1, a7, s0
core   0: 3 0x800046fe (0x0088e5b3) x11 0x00000000
core   0: 0x80004702 (0x0000145d) c.addi  s0, -9
core   0: 3 0x80004702 (0x145d) x 8 0xfffffff7
core   0: 0x80004704 (0x0000100f) fence.i
core   0: 3 0x80004704 (0x0000100f)
core   0: 0x80004708 (0xfed45be3) bge     s0, a3, pc - 10
core   0: 3 0x80004708 (0xfed45be3)
core   0: 0x8000470c (0xce86bd13) sltiu   s10, a3, -792
core   0: 3 0x8000470c (0xce86bd13) x26 0x00000000
core   0: 0x80004710 (0x00000001) c.nop
core   0: 3 0x80004710 (0x0001)
core   0: 0x80004712 (0x025e37b3) mulhu   a5, t3, t0
core   0: 3 0x80004712 (0x025e37b3) x15 0x00000000
core   0: 0x80004716 (0x016fd213) srli    tp, t6, 22
core   0: 3 0x80004716 (0x016fd213) x 4 0x00000000
core   0: 0x8000471a (0x0000f4f1) c.bnez  s1, pc - 52
core   0: 3 0x8000471a (0xf4f1)
core   0: 0x800046e6 (0x000065a9) c.lui   a1, 0xa
core   0: 3 0x800046e6 (0x65a9) x11 0x0000a000
core   0: 0x800046e8 (0x012c7fb3) and     t6, s8, s2
core   0: 3 0x800046e8 (0x012c7fb3) x31 0x00000000
core   0: 0x800046ec (0x00000485) c.addi  s1, 1
core   0: 3 0x800046ec (0x0485) x 9 0xffffffff
core   0: 0x800046ee (0x000d22b3) slt     t0, s10, zero
core   0: 3 0x800046ee (0x000d22b3) x 5 0x00000000
core   0: 0x800046f2 (0x00900413) li      s0, 9
core   0: 3 0x800046f2 (0x00900413) x 8 0x00000009
core   0: 0x800046f6 (0x03ebea33) rem     s4, s7, t5
core   0: 3 0x800046f6 (0x03ebea33) x20 0x0000000b
core   0: 0x800046fa (0xffb00693) li      a3, -5
core   0: 3 0x800046fa (0xffb00693) x13 0xfffffffb
core   0: 0x800046fe (0x0088e5b3) or      a1, a7, s0
core   0: 3 0x800046fe (0x0088e5b3) x11 0x00000009
core   0: 0x80004702 (0x0000145d) c.addi  s0, -9
core   0: 3 0x80004702 (0x145d) x 8 0x00000000
core   0: 0x80004704 (0x0000100f) fence.i
core   0: 3 0x80004704 (0x0000100f)
core   0: 0x80004708 (0xfed45be3) bge     s0, a3, pc - 10
core   0: 3 0x80004708 (0xfed45be3)
core   0: 0x800046fe (0x0088e5b3) or      a1, a7, s0
core   0: 3 0x800046fe (0x0088e5b3) x11 0x00000000
core   0: 0x80004702 (0x0000145d) c.addi  s0, -9
core   0: 3 0x80004702 (0x145d) x 8 0xfffffff7
core   0: 0x80004704 (0x0000100f) fence.i
core   0: 3 0x80004704 (0x0000100f)
core   0: 0x80004708 (0xfed45be3) bge     s0, a3, pc - 10
core   0: 3 0x80004708 (0xfed45be3)
core   0: 0x8000470c (0xce86bd13) sltiu   s10, a3, -792
core   0: 3 0x8000470c (0xce86bd13) x26 0x00000000
core   0: 0x80004710 (0x00000001) c.nop
core   0: 3 0x80004710 (0x0001)
core   0: 0x80004712 (0x025e37b3) mulhu   a5, t3, t0
core   0: 3 0x80004712 (0x025e37b3) x15 0x00000000
core   0: 0x80004716 (0x016fd213) srli    tp, t6, 22
core   0: 3 0x80004716 (0x016fd213) x 4 0x00000000
core   0: 0x8000471a (0x0000f4f1) c.bnez  s1, pc - 52
core   0: 3 0x8000471a (0xf4f1)
core   0: 0x800046e6 (0x000065a9) c.lui   a1, 0xa
core   0: 3 0x800046e6 (0x65a9) x11 0x0000a000
core   0: 0x800046e8 (0x012c7fb3) and     t6, s8, s2
core   0: 3 0x800046e8 (0x012c7fb3) x31 0x00000000
core   0: 0x800046ec (0x00000485) c.addi  s1, 1
core   0: 3 0x800046ec (0x0485) x 9 0x00000000
core   0: 0x800046ee (0x000d22b3) slt     t0, s10, zero
core   0: 3 0x800046ee (0x000d22b3) x 5 0x00000000
core   0: 0x800046f2 (0x00900413) li      s0, 9
core   0: 3 0x800046f2 (0x00900413) x 8 0x00000009
core   0: 0x800046f6 (0x03ebea33) rem     s4, s7, t5
core   0: 3 0x800046f6 (0x03ebea33) x20 0x0000000b
core   0: 0x800046fa (0xffb00693) li      a3, -5
core   0: 3 0x800046fa (0xffb00693) x13 0xfffffffb
core   0: 0x800046fe (0x0088e5b3) or      a1, a7, s0
core   0: 3 0x800046fe (0x0088e5b3) x11 0x00000009
core   0: 0x80004702 (0x0000145d) c.addi  s0, -9
core   0: 3 0x80004702 (0x145d) x 8 0x00000000
core   0: 0x80004704 (0x0000100f) fence.i
core   0: 3 0x80004704 (0x0000100f)
core   0: 0x80004708 (0xfed45be3) bge     s0, a3, pc - 10
core   0: 3 0x80004708 (0xfed45be3)
core   0: 0x800046fe (0x0088e5b3) or      a1, a7, s0
core   0: 3 0x800046fe (0x0088e5b3) x11 0x00000000
core   0: 0x80004702 (0x0000145d) c.addi  s0, -9
core   0: 3 0x80004702 (0x145d) x 8 0xfffffff7
core   0: 0x80004704 (0x0000100f) fence.i
core   0: 3 0x80004704 (0x0000100f)
core   0: 0x80004708 (0xfed45be3) bge     s0, a3, pc - 10
core   0: 3 0x80004708 (0xfed45be3)
core   0: 0x8000470c (0xce86bd13) sltiu   s10, a3, -792
core   0: 3 0x8000470c (0xce86bd13) x26 0x00000000
core   0: 0x80004710 (0x00000001) c.nop
core   0: 3 0x80004710 (0x0001)
core   0: 0x80004712 (0x025e37b3) mulhu   a5, t3, t0
core   0: 3 0x80004712 (0x025e37b3) x15 0x00000000
core   0: 0x80004716 (0x016fd213) srli    tp, t6, 22
core   0: 3 0x80004716 (0x016fd213) x 4 0x00000000
core   0: 0x8000471a (0x0000f4f1) c.bnez  s1, pc - 52
core   0: 3 0x8000471a (0xf4f1)
core   0: 0x8000471c (0xa6d96593) ori     a1, s2, -1427
core   0: 3 0x8000471c (0xa6d96593) x11 0xfffffa6d
core   0: 0x80004720 (0xffb00d13) li      s10, -5
core   0: 3 0x80004720 (0xffb00d13) x26 0xfffffffb
core   0: 0x80004724 (0xd1d08793) addi    a5, ra, -739
core   0: 3 0x80004724 (0xd1d08793) x15 0xfffffd1d
core   0: 0x80004728 (0x00400093) li      ra, 4
core   0: 3 0x80004728 (0x00400093) x 1 0x00000004
core   0: 0x8000472c (0x01159733) sll     a4, a1, a7
core   0: 3 0x8000472c (0x01159733) x14 0xfffffa6d
core   0: 0x80004730 (0x413d59b3) sra     s3, s10, s3
core   0: 3 0x80004730 (0x413d59b3) x19 0xffffffff
core   0: 0x80004734 (0x4192d193) srai    gp, t0, 25
core   0: 3 0x80004734 (0x4192d193) x 3 0x00000000
core   0: 0x80004738 (0x022f95b3) mulh    a1, t6, sp
core   0: 3 0x80004738 (0x022f95b3) x11 0x00000000
core   0: 0x8000473c (0x62ff3437) lui     s0, 0x62ff3
core   0: 3 0x8000473c (0x62ff3437) x 8 0x62ff3000
core   0: 0x80004740 (0x00000d25) c.addi  s10, 9
core   0: 3 0x80004740 (0x0d25) x26 0x00000004
core   0: 0x80004742 (0xff900213) li      tp, -7
core   0: 3 0x80004742 (0xff900213) x 4 0xfffffff9
core   0: 0x80004746 (0x01400893) li      a7, 20
core   0: 3 0x80004746 (0x01400893) x17 0x00000014
core   0: 0x8000474a (0xf96b7c93) andi    s9, s6, -106
core   0: 3 0x8000474a (0xf96b7c93) x25 0x00000000
core   0: 0x8000474e (0x00000001) c.nop
core   0: 3 0x8000474e (0x0001)
core   0: 0x80004750 (0x000086d9) c.srai  a3, 22
core   0: 3 0x80004750 (0x86d9) x13 0xffffffff
core   0: 0x80004752 (0x000002ba) c.slli  t0, 14
core   0: 3 0x80004752 (0x02ba) x 5 0x00000000
core   0: 0x80004754 (0x0000020d) c.addi  tp, 3
core   0: 3 0x80004754 (0x020d) x 4 0xfffffffc
core   0: 0x80004756 (0x01096c33) or      s8, s2, a6
core   0: 3 0x80004756 (0x01096c33) x24 0x10f10005
core   0: 0x8000475a (0x03a94fb3) div     t6, s2, s10
core   0: 3 0x8000475a (0x03a94fb3) x31 0x043c4000
core   0: 0x8000475e (0xff1246e3) blt     tp, a7, pc - 20
core   0: 3 0x8000475e (0xff1246e3)
core   0: 0x8000474a (0xf96b7c93) andi    s9, s6, -106
core   0: 3 0x8000474a (0xf96b7c93) x25 0x00000000
core   0: 0x8000474e (0x00000001) c.nop
core   0: 3 0x8000474e (0x0001)
core   0: 0x80004750 (0x000086d9) c.srai  a3, 22
core   0: 3 0x80004750 (0x86d9) x13 0xffffffff
core   0: 0x80004752 (0x000002ba) c.slli  t0, 14
core   0: 3 0x80004752 (0x02ba) x 5 0x00000000
core   0: 0x80004754 (0x0000020d) c.addi  tp, 3
core   0: 3 0x80004754 (0x020d) x 4 0xffffffff
core   0: 0x80004756 (0x01096c33) or      s8, s2, a6
core   0: 3 0x80004756 (0x01096c33) x24 0x10f10005
core   0: 0x8000475a (0x03a94fb3) div     t6, s2, s10
core   0: 3 0x8000475a (0x03a94fb3) x31 0x043c4000
core   0: 0x8000475e (0xff1246e3) blt     tp, a7, pc - 20
core   0: 3 0x8000475e (0xff1246e3)
core   0: 0x8000474a (0xf96b7c93) andi    s9, s6, -106
core   0: 3 0x8000474a (0xf96b7c93) x25 0x00000000
core   0: 0x8000474e (0x00000001) c.nop
core   0: 3 0x8000474e (0x0001)
core   0: 0x80004750 (0x000086d9) c.srai  a3, 22
core   0: 3 0x80004750 (0x86d9) x13 0xffffffff
core   0: 0x80004752 (0x000002ba) c.slli  t0, 14
core   0: 3 0x80004752 (0x02ba) x 5 0x00000000
core   0: 0x80004754 (0x0000020d) c.addi  tp, 3
core   0: 3 0x80004754 (0x020d) x 4 0x00000002
core   0: 0x80004756 (0x01096c33) or      s8, s2, a6
core   0: 3 0x80004756 (0x01096c33) x24 0x10f10005
core   0: 0x8000475a (0x03a94fb3) div     t6, s2, s10
core   0: 3 0x8000475a (0x03a94fb3) x31 0x043c4000
core   0: 0x8000475e (0xff1246e3) blt     tp, a7, pc - 20
core   0: 3 0x8000475e (0xff1246e3)
core   0: 0x8000474a (0xf96b7c93) andi    s9, s6, -106
core   0: 3 0x8000474a (0xf96b7c93) x25 0x00000000
core   0: 0x8000474e (0x00000001) c.nop
core   0: 3 0x8000474e (0x0001)
core   0: 0x80004750 (0x000086d9) c.srai  a3, 22
core   0: 3 0x80004750 (0x86d9) x13 0xffffffff
core   0: 0x80004752 (0x000002ba) c.slli  t0, 14
core   0: 3 0x80004752 (0x02ba) x 5 0x00000000
core   0: 0x80004754 (0x0000020d) c.addi  tp, 3
core   0: 3 0x80004754 (0x020d) x 4 0x00000005
core   0: 0x80004756 (0x01096c33) or      s8, s2, a6
core   0: 3 0x80004756 (0x01096c33) x24 0x10f10005
core   0: 0x8000475a (0x03a94fb3) div     t6, s2, s10
core   0: 3 0x8000475a (0x03a94fb3) x31 0x043c4000
core   0: 0x8000475e (0xff1246e3) blt     tp, a7, pc - 20
core   0: 3 0x8000475e (0xff1246e3)
core   0: 0x8000474a (0xf96b7c93) andi    s9, s6, -106
core   0: 3 0x8000474a (0xf96b7c93) x25 0x00000000
core   0: 0x8000474e (0x00000001) c.nop
core   0: 3 0x8000474e (0x0001)
core   0: 0x80004750 (0x000086d9) c.srai  a3, 22
core   0: 3 0x80004750 (0x86d9) x13 0xffffffff
core   0: 0x80004752 (0x000002ba) c.slli  t0, 14
core   0: 3 0x80004752 (0x02ba) x 5 0x00000000
core   0: 0x80004754 (0x0000020d) c.addi  tp, 3
core   0: 3 0x80004754 (0x020d) x 4 0x00000008
core   0: 0x80004756 (0x01096c33) or      s8, s2, a6
core   0: 3 0x80004756 (0x01096c33) x24 0x10f10005
core   0: 0x8000475a (0x03a94fb3) div     t6, s2, s10
core   0: 3 0x8000475a (0x03a94fb3) x31 0x043c4000
core   0: 0x8000475e (0xff1246e3) blt     tp, a7, pc - 20
core   0: 3 0x8000475e (0xff1246e3)
core   0: 0x8000474a (0xf96b7c93) andi    s9, s6, -106
core   0: 3 0x8000474a (0xf96b7c93) x25 0x00000000
core   0: 0x8000474e (0x00000001) c.nop
core   0: 3 0x8000474e (0x0001)
core   0: 0x80004750 (0x000086d9) c.srai  a3, 22
core   0: 3 0x80004750 (0x86d9) x13 0xffffffff
core   0: 0x80004752 (0x000002ba) c.slli  t0, 14
core   0: 3 0x80004752 (0x02ba) x 5 0x00000000
core   0: 0x80004754 (0x0000020d) c.addi  tp, 3
core   0: 3 0x80004754 (0x020d) x 4 0x0000000b
core   0: 0x80004756 (0x01096c33) or      s8, s2, a6
core   0: 3 0x80004756 (0x01096c33) x24 0x10f10005
core   0: 0x8000475a (0x03a94fb3) div     t6, s2, s10
core   0: 3 0x8000475a (0x03a94fb3) x31 0x043c4000
core   0: 0x8000475e (0xff1246e3) blt     tp, a7, pc - 20
core   0: 3 0x8000475e (0xff1246e3)
core   0: 0x8000474a (0xf96b7c93) andi    s9, s6, -106
core   0: 3 0x8000474a (0xf96b7c93) x25 0x00000000
core   0: 0x8000474e (0x00000001) c.nop
core   0: 3 0x8000474e (0x0001)
core   0: 0x80004750 (0x000086d9) c.srai  a3, 22
core   0: 3 0x80004750 (0x86d9) x13 0xffffffff
core   0: 0x80004752 (0x000002ba) c.slli  t0, 14
core   0: 3 0x80004752 (0x02ba) x 5 0x00000000
core   0: 0x80004754 (0x0000020d) c.addi  tp, 3
core   0: 3 0x80004754 (0x020d) x 4 0x0000000e
core   0: 0x80004756 (0x01096c33) or      s8, s2, a6
core   0: 3 0x80004756 (0x01096c33) x24 0x10f10005
core   0: 0x8000475a (0x03a94fb3) div     t6, s2, s10
core   0: 3 0x8000475a (0x03a94fb3) x31 0x043c4000
core   0: 0x8000475e (0xff1246e3) blt     tp, a7, pc - 20
core   0: 3 0x8000475e (0xff1246e3)
core   0: 0x8000474a (0xf96b7c93) andi    s9, s6, -106
core   0: 3 0x8000474a (0xf96b7c93) x25 0x00000000
core   0: 0x8000474e (0x00000001) c.nop
core   0: 3 0x8000474e (0x0001)
core   0: 0x80004750 (0x000086d9) c.srai  a3, 22
core   0: 3 0x80004750 (0x86d9) x13 0xffffffff
core   0: 0x80004752 (0x000002ba) c.slli  t0, 14
core   0: 3 0x80004752 (0x02ba) x 5 0x00000000
core   0: 0x80004754 (0x0000020d) c.addi  tp, 3
core   0: 3 0x80004754 (0x020d) x 4 0x00000011
core   0: 0x80004756 (0x01096c33) or      s8, s2, a6
core   0: 3 0x80004756 (0x01096c33) x24 0x10f10005
core   0: 0x8000475a (0x03a94fb3) div     t6, s2, s10
core   0: 3 0x8000475a (0x03a94fb3) x31 0x043c4000
core   0: 0x8000475e (0xff1246e3) blt     tp, a7, pc - 20
core   0: 3 0x8000475e (0xff1246e3)
core   0: 0x8000474a (0xf96b7c93) andi    s9, s6, -106
core   0: 3 0x8000474a (0xf96b7c93) x25 0x00000000
core   0: 0x8000474e (0x00000001) c.nop
core   0: 3 0x8000474e (0x0001)
core   0: 0x80004750 (0x000086d9) c.srai  a3, 22
core   0: 3 0x80004750 (0x86d9) x13 0xffffffff
core   0: 0x80004752 (0x000002ba) c.slli  t0, 14
core   0: 3 0x80004752 (0x02ba) x 5 0x00000000
core   0: 0x80004754 (0x0000020d) c.addi  tp, 3
core   0: 3 0x80004754 (0x020d) x 4 0x00000014
core   0: 0x80004756 (0x01096c33) or      s8, s2, a6
core   0: 3 0x80004756 (0x01096c33) x24 0x10f10005
core   0: 0x8000475a (0x03a94fb3) div     t6, s2, s10
core   0: 3 0x8000475a (0x03a94fb3) x31 0x043c4000
core   0: 0x8000475e (0xff1246e3) blt     tp, a7, pc - 20
core   0: 3 0x8000475e (0xff1246e3)
core   0: 0x80004762 (0x0000091e) c.slli  s2, 7
core   0: 3 0x80004762 (0x091e) x18 0x78800000
core   0: 0x80004764 (0x97d13193) sltiu   gp, sp, -1667
core   0: 3 0x80004764 (0x97d13193) x 3 0x00000001
core   0: 0x80004768 (0xfc1d68e3) bltu    s10, ra, pc - 48
core   0: 3 0x80004768 (0xfc1d68e3)
core   0: 0x8000476c (0x00000a22) c.slli  s4, 8
core   0: 3 0x8000476c (0x0a22) x20 0x00000b00
core   0: 0x8000476e (0xff900413) li      s0, -7
core   0: 3 0x8000476e (0xff900413) x 8 0xfffffff9
core   0: 0x80004772 (0x01400793) li      a5, 20
core   0: 3 0x80004772 (0x01400793) x15 0x00000014
core   0: 0x80004776 (0x00008ac1) c.andi  a3, 16
core   0: 3 0x80004776 (0x8ac1) x13 0x00000010
core   0: 0x80004778 (0x414e5913) srai    s2, t3, 20
core   0: 3 0x80004778 (0x414e5913) x18 0x00000000
core   0: 0x8000477c (0x3107b197) auipc   gp, 0x3107b
core   0: 3 0x8000477c (0x3107b197) x 3 0xb107f77c
core   0: 0x80004780 (0x403548b7) lui     a7, 0x40354
core   0: 3 0x80004780 (0x403548b7) x17 0x40354000
core   0: 0x80004784 (0x000089a1) c.andi  a1, 8
core   0: 3 0x80004784 (0x89a1) x11 0x00000000
core   0: 0x80004786 (0x0000717d) c.addi16sp sp, -16
core   0: 3 0x80004786 (0x717d) x 2 0xfffffff5
core   0: 0x80004788 (0x00a47cb3) and     s9, s0, a0
core   0: 3 0x80004788 (0x00a47cb3) x25 0x80021e28
core   0: 0x8000478c (0x8de8f997) auipc   s3, 0x8de8f
core   0: 3 0x8000478c (0x8de8f997) x19 0x0de9378c
core   0: 0x80004790 (0x01ac6d33) or      s10, s8, s10
core   0: 3 0x80004790 (0x01ac6d33) x26 0x10f10005
core   0: 0x80004794 (0x00009752) c.add   a4, s4
core   0: 3 0x80004794 (0x9752) x14 0x0000056d
core   0: 0x80004796 (0x0000717d) c.addi16sp sp, -16
core   0: 3 0x80004796 (0x717d) x 2 0xffffffe5
core   0: 0x80004798 (0x00009116) c.add   sp, t0
core   0: 3 0x80004798 (0x9116) x 2 0xffffffe5
core   0: 0x8000479a (0x00000425) c.addi  s0, 9
core   0: 3 0x8000479a (0x0425) x 8 0x00000002
core   0: 0x8000479c (0x000085a9) c.srai  a1, 10
core   0: 3 0x8000479c (0x85a9) x11 0x00000000
core   0: 0x8000479e (0x060401b7) lui     gp, 0x6040
core   0: 3 0x8000479e (0x060401b7) x 3 0x06040000
core   0: 0x800047a2 (0xb5c7f297) auipc   t0, 0xb5c7f
core   0: 3 0x800047a2 (0xb5c7f297) x 5 0x35c837a2
core   0: 0x800047a6 (0x01a51213) slli    tp, a0, 26
core   0: 3 0x800047a6 (0x01a51213) x 4 0xb0000000
core   0: 0x800047aa (0xfef405e3) beq     s0, a5, pc - 22
core   0: 3 0x800047aa (0xfef405e3)
core   0: 0x800047ae (0x03f8d5b3) divu    a1, a7, t6
core   0: 3 0x800047ae (0x03f8d5b3) x11 0x0000000f
core   0: 0x800047b2 (0x00700413) li      s0, 7
core   0: 3 0x800047b2 (0x00700413) x 8 0x00000007
core   0: 0x800047b6 (0x02556933) rem     s2, a0, t0
core   0: 3 0x800047b6 (0x02556933) x18 0xeb928d70
core   0: 0x800047ba (0x402755b3) sra     a1, a4, sp
core   0: 3 0x800047ba (0x402755b3) x11 0x0000002b
core   0: 0x800047be (0x00f4cc33) xor     s8, s1, a5
core   0: 3 0x800047be (0x00f4cc33) x24 0x00000014
core   0: 0x800047c2 (0x00008fd5) c.or    a5, a3
core   0: 3 0x800047c2 (0x8fd5) x15 0x00000014
core   0: 0x800047c4 (0x00006495) c.lui   s1, 0x5
core   0: 3 0x800047c4 (0x6495) x 9 0x00005000
core   0: 0x800047c6 (0xe1b70693) addi    a3, a4, -485
core   0: 3 0x800047c6 (0xe1b70693) x13 0x00000388
core   0: 0x800047ca (0x41e107b3) sub     a5, sp, t5
core   0: 3 0x800047ca (0x41e107b3) x15 0xffffffe5
core   0: 0x800047ce (0x40208f33) sub     t5, ra, sp
core   0: 3 0x800047ce (0x40208f33) x30 0x0000001f
core   0: 0x800047d2 (0x0381b2b3) mulhu   t0, gp, s8
core   0: 3 0x800047d2 (0x0381b2b3) x 5 0x00000000
core   0: 0x800047d6 (0x0ff0000f) fence   iorw,iorw
core   0: 3 0x800047d6 (0x0ff0000f)
core   0: 0x800047da (0x00009496) c.add   s1, t0
core   0: 3 0x800047da (0x9496) x 9 0x00005000
core   0: 0x800047dc (0x02814c33) div     s8, sp, s0
core   0: 3 0x800047dc (0x02814c33) x24 0xfffffffd
core   0: 0x800047e0 (0x00000001) c.nop
core   0: 3 0x800047e0 (0x0001)
core   0: 0x800047e2 (0x000090f6) c.add   ra, t4
core   0: 3 0x800047e2 (0x90f6) x 1 0x0000000e
core   0: 0x800047e4 (0x0116c0b3) xor     ra, a3, a7
core   0: 3 0x800047e4 (0x0116c0b3) x 1 0x40354388
core   0: 0x800047e8 (0x035e6a33) rem     s4, t3, s5
core   0: 3 0x800047e8 (0x035e6a33) x20 0x00000000
core   0: 0x800047ec (0x0000587d) c.li    a6, -1
core   0: 3 0x800047ec (0x587d) x16 0xffffffff
core   0: 0x800047ee (0x0000147d) c.addi  s0, -1
core   0: 3 0x800047ee (0x147d) x 8 0x00000006
core   0: 0x800047f0 (0x0000834e) c.mv    t1, s3
core   0: 3 0x800047f0 (0x834e) x 6 0x0de9378c
core   0: 0x800047f2 (0x003c6fb3) or      t6, s8, gp
core   0: 3 0x800047f2 (0x003c6fb3) x31 0xfffffffd
core   0: 0x800047f6 (0x039cde33) divu    t3, s9, s9
core   0: 3 0x800047f6 (0x039cde33) x28 0x00000001
core   0: 0x800047fa (0x0000d47d) c.beqz  s0, pc - 18
core   0: 3 0x800047fa (0xd47d)
core   0: 0x800047fc (0x00006835) c.lui   a6, 0xd
core   0: 3 0x800047fc (0x6835) x16 0x0000d000
core   0: 0x800047fe (0xfff00493) li      s1, -1
core   0: 3 0x800047fe (0xfff00493) x 9 0xffffffff
core   0: 0x80004802 (0x000017fd) c.addi  a5, -1
core   0: 3 0x80004802 (0x17fd) x15 0xffffffe4
core   0: 0x80004804 (0x8736d7b7) lui     a5, 0x8736d
core   0: 3 0x80004804 (0x8736d7b7) x15 0x8736d000
core   0: 0x80004808 (0xffd00813) li      a6, -3
core   0: 3 0x80004808 (0xffd00813) x16 0xfffffffd
core   0: 0x8000480c (0x8bc3e593) ori     a1, t2, -1860
core   0: 3 0x8000480c (0x8bc3e593) x11 0xfffff8bc
core   0: 0x80004810 (0x0000717d) c.addi16sp sp, -16
core   0: 3 0x80004810 (0x717d) x 2 0xffffffd5
core   0: 0x80004812 (0x00009bfd) c.andi  a5, -1
core   0: 3 0x80004812 (0x9bfd) x15 0x8736d000
core   0: 0x80004814 (0x0362f0b3) remu    ra, t0, s6
core   0: 3 0x80004814 (0x0362f0b3) x 1 0x00000000
core   0: 0x80004818 (0xf60ee793) ori     a5, t4, -160
core   0: 3 0x80004818 (0xf60ee793) x15 0xffffff6a
core   0: 0x8000481c (0x019621b3) slt     gp, a2, s9
core   0: 3 0x8000481c (0x019621b3) x 3 0x00000000
core   0: 0x80004820 (0x02ca3d33) mulhu   s10, s4, a2
core   0: 3 0x80004820 (0x02ca3d33) x26 0x00000000
core   0: 0x80004824 (0x000014f9) c.addi  s1, -2
core   0: 3 0x80004824 (0x14f9) x 9 0xfffffffd
core   0: 0x80004826 (0x01ee5313) srli    t1, t3, 30
core   0: 3 0x80004826 (0x01ee5313) x 6 0x00000000
core   0: 0x8000482a (0xff0487e3) beq     s1, a6, pc - 18
core   0: 3 0x8000482a (0xff0487e3)
core   0: 0x80004818 (0xf60ee793) ori     a5, t4, -160
core   0: 3 0x80004818 (0xf60ee793) x15 0xffffff6a
core   0: 0x8000481c (0x019621b3) slt     gp, a2, s9
core   0: 3 0x8000481c (0x019621b3) x 3 0x00000000
core   0: 0x80004820 (0x02ca3d33) mulhu   s10, s4, a2
core   0: 3 0x80004820 (0x02ca3d33) x26 0x00000000
core   0: 0x80004824 (0x000014f9) c.addi  s1, -2
core   0: 3 0x80004824 (0x14f9) x 9 0xfffffffb
core   0: 0x80004826 (0x01ee5313) srli    t1, t3, 30
core   0: 3 0x80004826 (0x01ee5313) x 6 0x00000000
core   0: 0x8000482a (0xff0487e3) beq     s1, a6, pc - 18
core   0: 3 0x8000482a (0xff0487e3)
core   0: 0x8000482e (0x02a30fb3) mul     t6, t1, a0
core   0: 3 0x8000482e (0x02a30fb3) x31 0x00000000
core   0: 0x80004832 (0xff900693) li      a3, -7
core   0: 3 0x80004832 (0xff900693) x13 0xfffffff9
core   0: 0x80004836 (0x00006809) c.lui   a6, 0x2
core   0: 3 0x80004836 (0x6809) x16 0x00002000
core   0: 0x80004838 (0x000080c5) c.srli  s1, 17
core   0: 3 0x80004838 (0x80c5) x 9 0x00007fff
core   0: 0x8000483a (0xfff00b93) li      s7, -1
core   0: 3 0x8000483a (0xfff00b93) x23 0xffffffff
core   0: 0x8000483e (0x00004605) c.li    a2, 1
core   0: 3 0x8000483e (0x4605) x12 0x00000001
core   0: 0x80004840 (0x00001680) c.addi4spn s0, sp, 864
core   0: 3 0x80004840 (0x1680) x 8 0x00000335
core   0: 0x80004842 (0x013c74b3) and     s1, s8, s3
core   0: 3 0x80004842 (0x013c74b3) x 9 0x0de9378c
core   0: 0x80004846 (0x40290eb3) sub     t4, s2, sp
core   0: 3 0x80004846 (0x40290eb3) x29 0xeb928d9b
core   0: 0x8000484a (0x000006a9) c.addi  a3, 10
core   0: 3 0x8000484a (0x06a9) x13 0x00000003
core   0: 0x8000484c (0x03c9be33) mulhu   t3, s3, t3
core   0: 3 0x8000484c (0x03c9be33) x28 0x00000000
core   0: 0x80004850 (0xff76c8e3) blt     a3, s7, pc - 16
core   0: 3 0x80004850 (0xff76c8e3)
core   0: 0x80004854 (0x01df5713) srli    a4, t5, 29
core   0: 3 0x80004854 (0x01df5713) x14 0x00000000
core   0: 0x80004858 (0xff600c13) li      s8, -10
core   0: 3 0x80004858 (0xff600c13) x24 0xfffffff6
core   0: 0x8000485c (0x031bdbb3) divu    s7, s7, a7
core   0: 3 0x8000485c (0x031bdbb3) x23 0x00000003
core   0: 0x80004860 (0x0244d633) divu    a2, s1, tp
core   0: 3 0x80004860 (0x0244d633) x12 0x00000000
core   0: 0x80004864 (0xff200b13) li      s6, -14
core   0: 3 0x80004864 (0xff200b13) x22 0xfffffff2
core   0: 0x80004868 (0x0000843d) c.srai  s0, 15
core   0: 3 0x80004868 (0x843d) x 8 0x00000000
core   0: 0x8000486a (0x00008de5) c.and   a1, s1
core   0: 3 0x8000486a (0x8de5) x11 0x0de9308c
core   0: 0x8000486c (0xe7cc3f93) sltiu   t6, s8, -388
core   0: 3 0x8000486c (0xe7cc3f93) x31 0x00000000
core   0: 0x80004870 (0x000095de) c.add   a1, s7
core   0: 3 0x80004870 (0x95de) x11 0x0de9308f
core   0: 0x80004872 (0x000046f9) c.li    a3, 30
core   0: 3 0x80004872 (0x46f9) x13 0x0000001e
core   0: 0x80004874 (0x00001c6d) c.addi  s8, -5
core   0: 3 0x80004874 (0x1c6d) x24 0xfffffff1
core   0: 0x80004876 (0x40595713) srai    a4, s2, 5
core   0: 3 0x80004876 (0x40595713) x14 0xff5c946b
core   0: 0x8000487a (0x00000001) c.nop
core   0: 3 0x8000487a (0x0001)
core   0: 0x8000487c (0x00009912) c.add   s2, tp
core   0: 3 0x8000487c (0x9912) x18 0x9b928d70
core   0: 0x8000487e (0x03646833) rem     a6, s0, s6
core   0: 3 0x8000487e (0x03646833) x16 0x00000000
core   0: 0x80004882 (0xff6c55e3) bge     s8, s6, pc - 22
core   0: 3 0x80004882 (0xff6c55e3)
core   0: 0x80004886 (0x018328b3) slt     a7, t1, s8
core   0: 3 0x80004886 (0x018328b3) x17 0x00000000
core   0: 0x8000488a (0xffe00293) li      t0, -2
core   0: 3 0x8000488a (0xffe00293) x 5 0xfffffffe
core   0: 0x8000488e (0x01200913) li      s2, 18
core   0: 3 0x8000488e (0x01200913) x18 0x00000012
core   0: 0x80004892 (0x00008e65) c.and   a2, s1
core   0: 3 0x80004892 (0x8e65) x12 0x00000000
core   0: 0x80004894 (0x03162033) mulhsu  zero, a2, a7
core   0: 3 0x80004894 (0x03162033)
core   0: 0x80004898 (0x000009e5) c.addi  s3, 25
core   0: 3 0x80004898 (0x09e5) x19 0x0de937a5
core   0: 0x8000489a (0x00000621) c.addi  a2, 8
core   0: 3 0x8000489a (0x0621) x12 0x00000008
core   0: 0x8000489c (0x00380a33) add     s4, a6, gp
core   0: 3 0x8000489c (0x00380a33) x20 0x00000000
core   0: 0x800048a0 (0x00000289) c.addi  t0, 2
core   0: 3 0x800048a0 (0x0289) x 5 0x00000000
core   0: 0x800048a2 (0x000083e1) c.srli  a5, 24
core   0: 3 0x800048a2 (0x83e1) x15 0x000000ff
core   0: 0x800048a4 (0x00000001) c.nop
core   0: 3 0x800048a4 (0x0001)
core   0: 0x800048a6 (0x00008259) c.srli  a2, 22
core   0: 3 0x800048a6 (0x8259) x12 0x00000000
core   0: 0x800048a8 (0x0349fbb3) remu    s7, s3, s4
core   0: 3 0x800048a8 (0x0349fbb3) x23 0x0de937a5
core   0: 0x800048ac (0x01851a13) slli    s4, a0, 24
core   0: 3 0x800048ac (0x01851a13) x20 0x2c000000
core   0: 0x800048b0 (0x00008a39) c.andi  a2, 14
core   0: 3 0x800048b0 (0x8a39) x12 0x00000000
core   0: 0x800048b2 (0x0000960a) c.add   a2, sp
core   0: 3 0x800048b2 (0x960a) x12 0xffffffd5
core   0: 0x800048b4 (0x00400c13) li      s8, 4
core   0: 3 0x800048b4 (0x00400c13) x24 0x00000004
core   0: 0x800048b8 (0xff600713) li      a4, -10
core   0: 3 0x800048b8 (0xff600713) x14 0xfffffff6
core   0: 0x800048bc (0x006e2433) slt     s0, t3, t1
core   0: 3 0x800048bc (0x006e2433) x 8 0x00000000
core   0: 0x800048c0 (0x0000045a) c.slli  s0, 22
core   0: 3 0x800048c0 (0x045a) x 8 0x00000000
core   0: 0x800048c2 (0x01b36133) or      sp, t1, s11
core   0: 3 0x800048c2 (0x01b36133) x 2 0x80025ce4
core   0: 0x800048c6 (0x0000840d) c.srai  s0, 3
core   0: 3 0x800048c6 (0x840d) x 8 0x00000000
core   0: 0x800048c8 (0x02beb3b3) mulhu   t2, t4, a1
core   0: 3 0x800048c8 (0x02beb3b3) x 7 0x0ccd0642
core   0: 0x800048cc (0x03927bb3) remu    s7, tp, s9
core   0: 3 0x800048cc (0x03927bb3) x23 0x2ffde1d8
core   0: 0x800048d0 (0x00006d69) c.lui   s10, 0x1a
core   0: 3 0x800048d0 (0x6d69) x26 0x0001a000
core   0: 0x800048d2 (0x00001c65) c.addi  s8, -7
core   0: 3 0x800048d2 (0x1c65) x24 0xfffffffd
core   0: 0x800048d4 (0x00008ea5) c.xor   a3, s1
core   0: 3 0x800048d4 (0x8ea5) x13 0x0de93792
core   0: 0x800048d6 (0xfeec1de3) bne     s8, a4, pc - 6
core   0: 3 0x800048d6 (0xfeec1de3)
core   0: 0x800048d0 (0x00006d69) c.lui   s10, 0x1a
core   0: 3 0x800048d0 (0x6d69) x26 0x0001a000
core   0: 0x800048d2 (0x00001c65) c.addi  s8, -7
core   0: 3 0x800048d2 (0x1c65) x24 0xfffffff6
core   0: 0x800048d4 (0x00008ea5) c.xor   a3, s1
core   0: 3 0x800048d4 (0x8ea5) x13 0x0000001e
core   0: 0x800048d6 (0xfeec1de3) bne     s8, a4, pc - 6
core   0: 3 0x800048d6 (0xfeec1de3)
core   0: 0x800048da (0x39ae0313) addi    t1, t3, 922
core   0: 3 0x800048da (0x39ae0313) x 6 0x0000039a
core   0: 0x800048de (0x0000916e) c.add   sp, s11
core   0: 3 0x800048de (0x916e) x 2 0x0004b9c8
core   0: 0x800048e0 (0x00000001) c.nop
core   0: 3 0x800048e0 (0x0001)
core   0: 0x800048e2 (0x00008d95) c.sub   a1, a3
core   0: 3 0x800048e2 (0x8d95) x11 0x0de93071
core   0: 0x800048e4 (0xfb229ae3) bne     t0, s2, pc - 76
core   0: 3 0x800048e4 (0xfb229ae3)
core   0: 0x80004898 (0x000009e5) c.addi  s3, 25
core   0: 3 0x80004898 (0x09e5) x19 0x0de937be
core   0: 0x8000489a (0x00000621) c.addi  a2, 8
core   0: 3 0x8000489a (0x0621) x12 0xffffffdd
core   0: 0x8000489c (0x00380a33) add     s4, a6, gp
core   0: 3 0x8000489c (0x00380a33) x20 0x00000000
core   0: 0x800048a0 (0x00000289) c.addi  t0, 2
core   0: 3 0x800048a0 (0x0289) x 5 0x00000002
core   0: 0x800048a2 (0x000083e1) c.srli  a5, 24
core   0: 3 0x800048a2 (0x83e1) x15 0x00000000
core   0: 0x800048a4 (0x00000001) c.nop
core   0: 3 0x800048a4 (0x0001)
core   0: 0x800048a6 (0x00008259) c.srli  a2, 22
core   0: 3 0x800048a6 (0x8259) x12 0x000003ff
core   0: 0x800048a8 (0x0349fbb3) remu    s7, s3, s4
core   0: 3 0x800048a8 (0x0349fbb3) x23 0x0de937be
core   0: 0x800048ac (0x01851a13) slli    s4, a0, 24
core   0: 3 0x800048ac (0x01851a13) x20 0x2c000000
core   0: 0x800048b0 (0x00008a39) c.andi  a2, 14
core   0: 3 0x800048b0 (0x8a39) x12 0x0000000e
core   0: 0x800048b2 (0x0000960a) c.add   a2, sp
core   0: 3 0x800048b2 (0x960a) x12 0x0004b9d6
core   0: 0x800048b4 (0x00400c13) li      s8, 4
core   0: 3 0x800048b4 (0x00400c13) x24 0x00000004
core   0: 0x800048b8 (0xff600713) li      a4, -10
core   0: 3 0x800048b8 (0xff600713) x14 0xfffffff6
core   0: 0x800048bc (0x006e2433) slt     s0, t3, t1
core   0: 3 0x800048bc (0x006e2433) x 8 0x00000001
core   0: 0x800048c0 (0x0000045a) c.slli  s0, 22
core   0: 3 0x800048c0 (0x045a) x 8 0x00400000
core   0: 0x800048c2 (0x01b36133) or      sp, t1, s11
core   0: 3 0x800048c2 (0x01b36133) x 2 0x80025ffe
core   0: 0x800048c6 (0x0000840d) c.srai  s0, 3
core   0: 3 0x800048c6 (0x840d) x 8 0x00080000
core   0: 0x800048c8 (0x02beb3b3) mulhu   t2, t4, a1
core   0: 3 0x800048c8 (0x02beb3b3) x 7 0x0ccd0627
core   0: 0x800048cc (0x03927bb3) remu    s7, tp, s9
core   0: 3 0x800048cc (0x03927bb3) x23 0x2ffde1d8
core   0: 0x800048d0 (0x00006d69) c.lui   s10, 0x1a
core   0: 3 0x800048d0 (0x6d69) x26 0x0001a000
core   0: 0x800048d2 (0x00001c65) c.addi  s8, -7
core   0: 3 0x800048d2 (0x1c65) x24 0xfffffffd
core   0: 0x800048d4 (0x00008ea5) c.xor   a3, s1
core   0: 3 0x800048d4 (0x8ea5) x13 0x0de93792
core   0: 0x800048d6 (0xfeec1de3) bne     s8, a4, pc - 6
core   0: 3 0x800048d6 (0xfeec1de3)
core   0: 0x800048d0 (0x00006d69) c.lui   s10, 0x1a
core   0: 3 0x800048d0 (0x6d69) x26 0x0001a000
core   0: 0x800048d2 (0x00001c65) c.addi  s8, -7
core   0: 3 0x800048d2 (0x1c65) x24 0xfffffff6
core   0: 0x800048d4 (0x00008ea5) c.xor   a3, s1
core   0: 3 0x800048d4 (0x8ea5) x13 0x0000001e
core   0: 0x800048d6 (0xfeec1de3) bne     s8, a4, pc - 6
core   0: 3 0x800048d6 (0xfeec1de3)
core   0: 0x800048da (0x39ae0313) addi    t1, t3, 922
core   0: 3 0x800048da (0x39ae0313) x 6 0x0000039a
core   0: 0x800048de (0x0000916e) c.add   sp, s11
core   0: 3 0x800048de (0x916e) x 2 0x0004bce2
core   0: 0x800048e0 (0x00000001) c.nop
core   0: 3 0x800048e0 (0x0001)
core   0: 0x800048e2 (0x00008d95) c.sub   a1, a3
core   0: 3 0x800048e2 (0x8d95) x11 0x0de93053
core   0: 0x800048e4 (0xfb229ae3) bne     t0, s2, pc - 76
core   0: 3 0x800048e4 (0xfb229ae3)
core   0: 0x80004898 (0x000009e5) c.addi  s3, 25
core   0: 3 0x80004898 (0x09e5) x19 0x0de937d7
core   0: 0x8000489a (0x00000621) c.addi  a2, 8
core   0: 3 0x8000489a (0x0621) x12 0x0004b9de
core   0: 0x8000489c (0x00380a33) add     s4, a6, gp
core   0: 3 0x8000489c (0x00380a33) x20 0x00000000
core   0: 0x800048a0 (0x00000289) c.addi  t0, 2
core   0: 3 0x800048a0 (0x0289) x 5 0x00000004
core   0: 0x800048a2 (0x000083e1) c.srli  a5, 24
core   0: 3 0x800048a2 (0x83e1) x15 0x00000000
core   0: 0x800048a4 (0x00000001) c.nop
core   0: 3 0x800048a4 (0x0001)
core   0: 0x800048a6 (0x00008259) c.srli  a2, 22
core   0: 3 0x800048a6 (0x8259) x12 0x00000000
core   0: 0x800048a8 (0x0349fbb3) remu    s7, s3, s4
core   0: 3 0x800048a8 (0x0349fbb3) x23 0x0de937d7
core   0: 0x800048ac (0x01851a13) slli    s4, a0, 24
core   0: 3 0x800048ac (0x01851a13) x20 0x2c000000
core   0: 0x800048b0 (0x00008a39) c.andi  a2, 14
core   0: 3 0x800048b0 (0x8a39) x12 0x00000000
core   0: 0x800048b2 (0x0000960a) c.add   a2, sp
core   0: 3 0x800048b2 (0x960a) x12 0x0004bce2
core   0: 0x800048b4 (0x00400c13) li      s8, 4
core   0: 3 0x800048b4 (0x00400c13) x24 0x00000004
core   0: 0x800048b8 (0xff600713) li      a4, -10
core   0: 3 0x800048b8 (0xff600713) x14 0xfffffff6
core   0: 0x800048bc (0x006e2433) slt     s0, t3, t1
core   0: 3 0x800048bc (0x006e2433) x 8 0x00000001
core   0: 0x800048c0 (0x0000045a) c.slli  s0, 22
core   0: 3 0x800048c0 (0x045a) x 8 0x00400000
core   0: 0x800048c2 (0x01b36133) or      sp, t1, s11
core   0: 3 0x800048c2 (0x01b36133) x 2 0x80025ffe
core   0: 0x800048c6 (0x0000840d) c.srai  s0, 3
core   0: 3 0x800048c6 (0x840d) x 8 0x00080000
core   0: 0x800048c8 (0x02beb3b3) mulhu   t2, t4, a1
core   0: 3 0x800048c8 (0x02beb3b3) x 7 0x0ccd060b
core   0: 0x800048cc (0x03927bb3) remu    s7, tp, s9
core   0: 3 0x800048cc (0x03927bb3) x23 0x2ffde1d8
core   0: 0x800048d0 (0x00006d69) c.lui   s10, 0x1a
core   0: 3 0x800048d0 (0x6d69) x26 0x0001a000
core   0: 0x800048d2 (0x00001c65) c.addi  s8, -7
core   0: 3 0x800048d2 (0x1c65) x24 0xfffffffd
core   0: 0x800048d4 (0x00008ea5) c.xor   a3, s1
core   0: 3 0x800048d4 (0x8ea5) x13 0x0de93792
core   0: 0x800048d6 (0xfeec1de3) bne     s8, a4, pc - 6
core   0: 3 0x800048d6 (0xfeec1de3)
core   0: 0x800048d0 (0x00006d69) c.lui   s10, 0x1a
core   0: 3 0x800048d0 (0x6d69) x26 0x0001a000
core   0: 0x800048d2 (0x00001c65) c.addi  s8, -7
core   0: 3 0x800048d2 (0x1c65) x24 0xfffffff6
core   0: 0x800048d4 (0x00008ea5) c.xor   a3, s1
core   0: 3 0x800048d4 (0x8ea5) x13 0x0000001e
core   0: 0x800048d6 (0xfeec1de3) bne     s8, a4, pc - 6
core   0: 3 0x800048d6 (0xfeec1de3)
core   0: 0x800048da (0x39ae0313) addi    t1, t3, 922
core   0: 3 0x800048da (0x39ae0313) x 6 0x0000039a
core   0: 0x800048de (0x0000916e) c.add   sp, s11
core   0: 3 0x800048de (0x916e) x 2 0x0004bce2
core   0: 0x800048e0 (0x00000001) c.nop
core   0: 3 0x800048e0 (0x0001)
core   0: 0x800048e2 (0x00008d95) c.sub   a1, a3
core   0: 3 0x800048e2 (0x8d95) x11 0x0de93035
core   0: 0x800048e4 (0xfb229ae3) bne     t0, s2, pc - 76
core   0: 3 0x800048e4 (0xfb229ae3)
core   0: 0x80004898 (0x000009e5) c.addi  s3, 25
core   0: 3 0x80004898 (0x09e5) x19 0x0de937f0
core   0: 0x8000489a (0x00000621) c.addi  a2, 8
core   0: 3 0x8000489a (0x0621) x12 0x0004bcea
core   0: 0x8000489c (0x00380a33) add     s4, a6, gp
core   0: 3 0x8000489c (0x00380a33) x20 0x00000000
core   0: 0x800048a0 (0x00000289) c.addi  t0, 2
core   0: 3 0x800048a0 (0x0289) x 5 0x00000006
core   0: 0x800048a2 (0x000083e1) c.srli  a5, 24
core   0: 3 0x800048a2 (0x83e1) x15 0x00000000
core   0: 0x800048a4 (0x00000001) c.nop
core   0: 3 0x800048a4 (0x0001)
core   0: 0x800048a6 (0x00008259) c.srli  a2, 22
core   0: 3 0x800048a6 (0x8259) x12 0x00000000
core   0: 0x800048a8 (0x0349fbb3) remu    s7, s3, s4
core   0: 3 0x800048a8 (0x0349fbb3) x23 0x0de937f0
core   0: 0x800048ac (0x01851a13) slli    s4, a0, 24
core   0: 3 0x800048ac (0x01851a13) x20 0x2c000000
core   0: 0x800048b0 (0x00008a39) c.andi  a2, 14
core   0: 3 0x800048b0 (0x8a39) x12 0x00000000
core   0: 0x800048b2 (0x0000960a) c.add   a2, sp
core   0: 3 0x800048b2 (0x960a) x12 0x0004bce2
core   0: 0x800048b4 (0x00400c13) li      s8, 4
core   0: 3 0x800048b4 (0x00400c13) x24 0x00000004
core   0: 0x800048b8 (0xff600713) li      a4, -10
core   0: 3 0x800048b8 (0xff600713) x14 0xfffffff6
core   0: 0x800048bc (0x006e2433) slt     s0, t3, t1
core   0: 3 0x800048bc (0x006e2433) x 8 0x00000001
core   0: 0x800048c0 (0x0000045a) c.slli  s0, 22
core   0: 3 0x800048c0 (0x045a) x 8 0x00400000
core   0: 0x800048c2 (0x01b36133) or      sp, t1, s11
core   0: 3 0x800048c2 (0x01b36133) x 2 0x80025ffe
core   0: 0x800048c6 (0x0000840d) c.srai  s0, 3
core   0: 3 0x800048c6 (0x840d) x 8 0x00080000
core   0: 0x800048c8 (0x02beb3b3) mulhu   t2, t4, a1
core   0: 3 0x800048c8 (0x02beb3b3) x 7 0x0ccd05f0
core   0: 0x800048cc (0x03927bb3) remu    s7, tp, s9
core   0: 3 0x800048cc (0x03927bb3) x23 0x2ffde1d8
core   0: 0x800048d0 (0x00006d69) c.lui   s10, 0x1a
core   0: 3 0x800048d0 (0x6d69) x26 0x0001a000
core   0: 0x800048d2 (0x00001c65) c.addi  s8, -7
core   0: 3 0x800048d2 (0x1c65) x24 0xfffffffd
core   0: 0x800048d4 (0x00008ea5) c.xor   a3, s1
core   0: 3 0x800048d4 (0x8ea5) x13 0x0de93792
core   0: 0x800048d6 (0xfeec1de3) bne     s8, a4, pc - 6
core   0: 3 0x800048d6 (0xfeec1de3)
core   0: 0x800048d0 (0x00006d69) c.lui   s10, 0x1a
core   0: 3 0x800048d0 (0x6d69) x26 0x0001a000
core   0: 0x800048d2 (0x00001c65) c.addi  s8, -7
core   0: 3 0x800048d2 (0x1c65) x24 0xfffffff6
core   0: 0x800048d4 (0x00008ea5) c.xor   a3, s1
core   0: 3 0x800048d4 (0x8ea5) x13 0x0000001e
core   0: 0x800048d6 (0xfeec1de3) bne     s8, a4, pc - 6
core   0: 3 0x800048d6 (0xfeec1de3)
core   0: 0x800048da (0x39ae0313) addi    t1, t3, 922
core   0: 3 0x800048da (0x39ae0313) x 6 0x0000039a
core   0: 0x800048de (0x0000916e) c.add   sp, s11
core   0: 3 0x800048de (0x916e) x 2 0x0004bce2
core   0: 0x800048e0 (0x00000001) c.nop
core   0: 3 0x800048e0 (0x0001)
core   0: 0x800048e2 (0x00008d95) c.sub   a1, a3
core   0: 3 0x800048e2 (0x8d95) x11 0x0de93017
core   0: 0x800048e4 (0xfb229ae3) bne     t0, s2, pc - 76
core   0: 3 0x800048e4 (0xfb229ae3)
core   0: 0x80004898 (0x000009e5) c.addi  s3, 25
core   0: 3 0x80004898 (0x09e5) x19 0x0de93809
core   0: 0x8000489a (0x00000621) c.addi  a2, 8
core   0: 3 0x8000489a (0x0621) x12 0x0004bcea
core   0: 0x8000489c (0x00380a33) add     s4, a6, gp
core   0: 3 0x8000489c (0x00380a33) x20 0x00000000
core   0: 0x800048a0 (0x00000289) c.addi  t0, 2
core   0: 3 0x800048a0 (0x0289) x 5 0x00000008
core   0: 0x800048a2 (0x000083e1) c.srli  a5, 24
core   0: 3 0x800048a2 (0x83e1) x15 0x00000000
core   0: 0x800048a4 (0x00000001) c.nop
core   0: 3 0x800048a4 (0x0001)
core   0: 0x800048a6 (0x00008259) c.srli  a2, 22
core   0: 3 0x800048a6 (0x8259) x12 0x00000000
core   0: 0x800048a8 (0x0349fbb3) remu    s7, s3, s4
core   0: 3 0x800048a8 (0x0349fbb3) x23 0x0de93809
core   0: 0x800048ac (0x01851a13) slli    s4, a0, 24
core   0: 3 0x800048ac (0x01851a13) x20 0x2c000000
core   0: 0x800048b0 (0x00008a39) c.andi  a2, 14
core   0: 3 0x800048b0 (0x8a39) x12 0x00000000
core   0: 0x800048b2 (0x0000960a) c.add   a2, sp
core   0: 3 0x800048b2 (0x960a) x12 0x0004bce2
core   0: 0x800048b4 (0x00400c13) li      s8, 4
core   0: 3 0x800048b4 (0x00400c13) x24 0x00000004
core   0: 0x800048b8 (0xff600713) li      a4, -10
core   0: 3 0x800048b8 (0xff600713) x14 0xfffffff6
core   0: 0x800048bc (0x006e2433) slt     s0, t3, t1
core   0: 3 0x800048bc (0x006e2433) x 8 0x00000001
core   0: 0x800048c0 (0x0000045a) c.slli  s0, 22
core   0: 3 0x800048c0 (0x045a) x 8 0x00400000
core   0: 0x800048c2 (0x01b36133) or      sp, t1, s11
core   0: 3 0x800048c2 (0x01b36133) x 2 0x80025ffe
core   0: 0x800048c6 (0x0000840d) c.srai  s0, 3
core   0: 3 0x800048c6 (0x840d) x 8 0x00080000
core   0: 0x800048c8 (0x02beb3b3) mulhu   t2, t4, a1
core   0: 3 0x800048c8 (0x02beb3b3) x 7 0x0ccd05d4
core   0: 0x800048cc (0x03927bb3) remu    s7, tp, s9
core   0: 3 0x800048cc (0x03927bb3) x23 0x2ffde1d8
core   0: 0x800048d0 (0x00006d69) c.lui   s10, 0x1a
core   0: 3 0x800048d0 (0x6d69) x26 0x0001a000
core   0: 0x800048d2 (0x00001c65) c.addi  s8, -7
core   0: 3 0x800048d2 (0x1c65) x24 0xfffffffd
core   0: 0x800048d4 (0x00008ea5) c.xor   a3, s1
core   0: 3 0x800048d4 (0x8ea5) x13 0x0de93792
core   0: 0x800048d6 (0xfeec1de3) bne     s8, a4, pc - 6
core   0: 3 0x800048d6 (0xfeec1de3)
core   0: 0x800048d0 (0x00006d69) c.lui   s10, 0x1a
core   0: 3 0x800048d0 (0x6d69) x26 0x0001a000
core   0: 0x800048d2 (0x00001c65) c.addi  s8, -7
core   0: 3 0x800048d2 (0x1c65) x24 0xfffffff6
core   0: 0x800048d4 (0x00008ea5) c.xor   a3, s1
core   0: 3 0x800048d4 (0x8ea5) x13 0x0000001e
core   0: 0x800048d6 (0xfeec1de3) bne     s8, a4, pc - 6
core   0: 3 0x800048d6 (0xfeec1de3)
core   0: 0x800048da (0x39ae0313) addi    t1, t3, 922
core   0: 3 0x800048da (0x39ae0313) x 6 0x0000039a
core   0: 0x800048de (0x0000916e) c.add   sp, s11
core   0: 3 0x800048de (0x916e) x 2 0x0004bce2
core   0: 0x800048e0 (0x00000001) c.nop
core   0: 3 0x800048e0 (0x0001)
core   0: 0x800048e2 (0x00008d95) c.sub   a1, a3
core   0: 3 0x800048e2 (0x8d95) x11 0x0de92ff9
core   0: 0x800048e4 (0xfb229ae3) bne     t0, s2, pc - 76
core   0: 3 0x800048e4 (0xfb229ae3)
core   0: 0x80004898 (0x000009e5) c.addi  s3, 25
core   0: 3 0x80004898 (0x09e5) x19 0x0de93822
core   0: 0x8000489a (0x00000621) c.addi  a2, 8
core   0: 3 0x8000489a (0x0621) x12 0x0004bcea
core   0: 0x8000489c (0x00380a33) add     s4, a6, gp
core   0: 3 0x8000489c (0x00380a33) x20 0x00000000
core   0: 0x800048a0 (0x00000289) c.addi  t0, 2
core   0: 3 0x800048a0 (0x0289) x 5 0x0000000a
core   0: 0x800048a2 (0x000083e1) c.srli  a5, 24
core   0: 3 0x800048a2 (0x83e1) x15 0x00000000
core   0: 0x800048a4 (0x00000001) c.nop
core   0: 3 0x800048a4 (0x0001)
core   0: 0x800048a6 (0x00008259) c.srli  a2, 22
core   0: 3 0x800048a6 (0x8259) x12 0x00000000
core   0: 0x800048a8 (0x0349fbb3) remu    s7, s3, s4
core   0: 3 0x800048a8 (0x0349fbb3) x23 0x0de93822
core   0: 0x800048ac (0x01851a13) slli    s4, a0, 24
core   0: 3 0x800048ac (0x01851a13) x20 0x2c000000
core   0: 0x800048b0 (0x00008a39) c.andi  a2, 14
core   0: 3 0x800048b0 (0x8a39) x12 0x00000000
core   0: 0x800048b2 (0x0000960a) c.add   a2, sp
core   0: 3 0x800048b2 (0x960a) x12 0x0004bce2
core   0: 0x800048b4 (0x00400c13) li      s8, 4
core   0: 3 0x800048b4 (0x00400c13) x24 0x00000004
core   0: 0x800048b8 (0xff600713) li      a4, -10
core   0: 3 0x800048b8 (0xff600713) x14 0xfffffff6
core   0: 0x800048bc (0x006e2433) slt     s0, t3, t1
core   0: 3 0x800048bc (0x006e2433) x 8 0x00000001
core   0: 0x800048c0 (0x0000045a) c.slli  s0, 22
core   0: 3 0x800048c0 (0x045a) x 8 0x00400000
core   0: 0x800048c2 (0x01b36133) or      sp, t1, s11
core   0: 3 0x800048c2 (0x01b36133) x 2 0x80025ffe
core   0: 0x800048c6 (0x0000840d) c.srai  s0, 3
core   0: 3 0x800048c6 (0x840d) x 8 0x00080000
core   0: 0x800048c8 (0x02beb3b3) mulhu   t2, t4, a1
core   0: 3 0x800048c8 (0x02beb3b3) x 7 0x0ccd05b8
core   0: 0x800048cc (0x03927bb3) remu    s7, tp, s9
core   0: 3 0x800048cc (0x03927bb3) x23 0x2ffde1d8
core   0: 0x800048d0 (0x00006d69) c.lui   s10, 0x1a
core   0: 3 0x800048d0 (0x6d69) x26 0x0001a000
core   0: 0x800048d2 (0x00001c65) c.addi  s8, -7
core   0: 3 0x800048d2 (0x1c65) x24 0xfffffffd
core   0: 0x800048d4 (0x00008ea5) c.xor   a3, s1
core   0: 3 0x800048d4 (0x8ea5) x13 0x0de93792
core   0: 0x800048d6 (0xfeec1de3) bne     s8, a4, pc - 6
core   0: 3 0x800048d6 (0xfeec1de3)
core   0: 0x800048d0 (0x00006d69) c.lui   s10, 0x1a
core   0: 3 0x800048d0 (0x6d69) x26 0x0001a000
core   0: 0x800048d2 (0x00001c65) c.addi  s8, -7
core   0: 3 0x800048d2 (0x1c65) x24 0xfffffff6
core   0: 0x800048d4 (0x00008ea5) c.xor   a3, s1
core   0: 3 0x800048d4 (0x8ea5) x13 0x0000001e
core   0: 0x800048d6 (0xfeec1de3) bne     s8, a4, pc - 6
core   0: 3 0x800048d6 (0xfeec1de3)
core   0: 0x800048da (0x39ae0313) addi    t1, t3, 922
core   0: 3 0x800048da (0x39ae0313) x 6 0x0000039a
core   0: 0x800048de (0x0000916e) c.add   sp, s11
core   0: 3 0x800048de (0x916e) x 2 0x0004bce2
core   0: 0x800048e0 (0x00000001) c.nop
core   0: 3 0x800048e0 (0x0001)
core   0: 0x800048e2 (0x00008d95) c.sub   a1, a3
core   0: 3 0x800048e2 (0x8d95) x11 0x0de92fdb
core   0: 0x800048e4 (0xfb229ae3) bne     t0, s2, pc - 76
core   0: 3 0x800048e4 (0xfb229ae3)
core   0: 0x80004898 (0x000009e5) c.addi  s3, 25
core   0: 3 0x80004898 (0x09e5) x19 0x0de9383b
core   0: 0x8000489a (0x00000621) c.addi  a2, 8
core   0: 3 0x8000489a (0x0621) x12 0x0004bcea
core   0: 0x8000489c (0x00380a33) add     s4, a6, gp
core   0: 3 0x8000489c (0x00380a33) x20 0x00000000
core   0: 0x800048a0 (0x00000289) c.addi  t0, 2
core   0: 3 0x800048a0 (0x0289) x 5 0x0000000c
core   0: 0x800048a2 (0x000083e1) c.srli  a5, 24
core   0: 3 0x800048a2 (0x83e1) x15 0x00000000
core   0: 0x800048a4 (0x00000001) c.nop
core   0: 3 0x800048a4 (0x0001)
core   0: 0x800048a6 (0x00008259) c.srli  a2, 22
core   0: 3 0x800048a6 (0x8259) x12 0x00000000
core   0: 0x800048a8 (0x0349fbb3) remu    s7, s3, s4
core   0: 3 0x800048a8 (0x0349fbb3) x23 0x0de9383b
core   0: 0x800048ac (0x01851a13) slli    s4, a0, 24
core   0: 3 0x800048ac (0x01851a13) x20 0x2c000000
core   0: 0x800048b0 (0x00008a39) c.andi  a2, 14
core   0: 3 0x800048b0 (0x8a39) x12 0x00000000
core   0: 0x800048b2 (0x0000960a) c.add   a2, sp
core   0: 3 0x800048b2 (0x960a) x12 0x0004bce2
core   0: 0x800048b4 (0x00400c13) li      s8, 4
core   0: 3 0x800048b4 (0x00400c13) x24 0x00000004
core   0: 0x800048b8 (0xff600713) li      a4, -10
core   0: 3 0x800048b8 (0xff600713) x14 0xfffffff6
core   0: 0x800048bc (0x006e2433) slt     s0, t3, t1
core   0: 3 0x800048bc (0x006e2433) x 8 0x00000001
core   0: 0x800048c0 (0x0000045a) c.slli  s0, 22
core   0: 3 0x800048c0 (0x045a) x 8 0x00400000
core   0: 0x800048c2 (0x01b36133) or      sp, t1, s11
core   0: 3 0x800048c2 (0x01b36133) x 2 0x80025ffe
core   0: 0x800048c6 (0x0000840d) c.srai  s0, 3
core   0: 3 0x800048c6 (0x840d) x 8 0x00080000
core   0: 0x800048c8 (0x02beb3b3) mulhu   t2, t4, a1
core   0: 3 0x800048c8 (0x02beb3b3) x 7 0x0ccd059d
core   0: 0x800048cc (0x03927bb3) remu    s7, tp, s9
core   0: 3 0x800048cc (0x03927bb3) x23 0x2ffde1d8
core   0: 0x800048d0 (0x00006d69) c.lui   s10, 0x1a
core   0: 3 0x800048d0 (0x6d69) x26 0x0001a000
core   0: 0x800048d2 (0x00001c65) c.addi  s8, -7
core   0: 3 0x800048d2 (0x1c65) x24 0xfffffffd
core   0: 0x800048d4 (0x00008ea5) c.xor   a3, s1
core   0: 3 0x800048d4 (0x8ea5) x13 0x0de93792
core   0: 0x800048d6 (0xfeec1de3) bne     s8, a4, pc - 6
core   0: 3 0x800048d6 (0xfeec1de3)
core   0: 0x800048d0 (0x00006d69) c.lui   s10, 0x1a
core   0: 3 0x800048d0 (0x6d69) x26 0x0001a000
core   0: 0x800048d2 (0x00001c65) c.addi  s8, -7
core   0: 3 0x800048d2 (0x1c65) x24 0xfffffff6
core   0: 0x800048d4 (0x00008ea5) c.xor   a3, s1
core   0: 3 0x800048d4 (0x8ea5) x13 0x0000001e
core   0: 0x800048d6 (0xfeec1de3) bne     s8, a4, pc - 6
core   0: 3 0x800048d6 (0xfeec1de3)
core   0: 0x800048da (0x39ae0313) addi    t1, t3, 922
core   0: 3 0x800048da (0x39ae0313) x 6 0x0000039a
core   0: 0x800048de (0x0000916e) c.add   sp, s11
core   0: 3 0x800048de (0x916e) x 2 0x0004bce2
core   0: 0x800048e0 (0x00000001) c.nop
core   0: 3 0x800048e0 (0x0001)
core   0: 0x800048e2 (0x00008d95) c.sub   a1, a3
core   0: 3 0x800048e2 (0x8d95) x11 0x0de92fbd
core   0: 0x800048e4 (0xfb229ae3) bne     t0, s2, pc - 76
core   0: 3 0x800048e4 (0xfb229ae3)
core   0: 0x80004898 (0x000009e5) c.addi  s3, 25
core   0: 3 0x80004898 (0x09e5) x19 0x0de93854
core   0: 0x8000489a (0x00000621) c.addi  a2, 8
core   0: 3 0x8000489a (0x0621) x12 0x0004bcea
core   0: 0x8000489c (0x00380a33) add     s4, a6, gp
core   0: 3 0x8000489c (0x00380a33) x20 0x00000000
core   0: 0x800048a0 (0x00000289) c.addi  t0, 2
core   0: 3 0x800048a0 (0x0289) x 5 0x0000000e
core   0: 0x800048a2 (0x000083e1) c.srli  a5, 24
core   0: 3 0x800048a2 (0x83e1) x15 0x00000000
core   0: 0x800048a4 (0x00000001) c.nop
core   0: 3 0x800048a4 (0x0001)
core   0: 0x800048a6 (0x00008259) c.srli  a2, 22
core   0: 3 0x800048a6 (0x8259) x12 0x00000000
core   0: 0x800048a8 (0x0349fbb3) remu    s7, s3, s4
core   0: 3 0x800048a8 (0x0349fbb3) x23 0x0de93854
core   0: 0x800048ac (0x01851a13) slli    s4, a0, 24
core   0: 3 0x800048ac (0x01851a13) x20 0x2c000000
core   0: 0x800048b0 (0x00008a39) c.andi  a2, 14
core   0: 3 0x800048b0 (0x8a39) x12 0x00000000
core   0: 0x800048b2 (0x0000960a) c.add   a2, sp
core   0: 3 0x800048b2 (0x960a) x12 0x0004bce2
core   0: 0x800048b4 (0x00400c13) li      s8, 4
core   0: 3 0x800048b4 (0x00400c13) x24 0x00000004
core   0: 0x800048b8 (0xff600713) li      a4, -10
core   0: 3 0x800048b8 (0xff600713) x14 0xfffffff6
core   0: 0x800048bc (0x006e2433) slt     s0, t3, t1
core   0: 3 0x800048bc (0x006e2433) x 8 0x00000001
core   0: 0x800048c0 (0x0000045a) c.slli  s0, 22
core   0: 3 0x800048c0 (0x045a) x 8 0x00400000
core   0: 0x800048c2 (0x01b36133) or      sp, t1, s11
core   0: 3 0x800048c2 (0x01b36133) x 2 0x80025ffe
core   0: 0x800048c6 (0x0000840d) c.srai  s0, 3
core   0: 3 0x800048c6 (0x840d) x 8 0x00080000
core   0: 0x800048c8 (0x02beb3b3) mulhu   t2, t4, a1
core   0: 3 0x800048c8 (0x02beb3b3) x 7 0x0ccd0581
core   0: 0x800048cc (0x03927bb3) remu    s7, tp, s9
core   0: 3 0x800048cc (0x03927bb3) x23 0x2ffde1d8
core   0: 0x800048d0 (0x00006d69) c.lui   s10, 0x1a
core   0: 3 0x800048d0 (0x6d69) x26 0x0001a000
core   0: 0x800048d2 (0x00001c65) c.addi  s8, -7
core   0: 3 0x800048d2 (0x1c65) x24 0xfffffffd
core   0: 0x800048d4 (0x00008ea5) c.xor   a3, s1
core   0: 3 0x800048d4 (0x8ea5) x13 0x0de93792
core   0: 0x800048d6 (0xfeec1de3) bne     s8, a4, pc - 6
core   0: 3 0x800048d6 (0xfeec1de3)
core   0: 0x800048d0 (0x00006d69) c.lui   s10, 0x1a
core   0: 3 0x800048d0 (0x6d69) x26 0x0001a000
core   0: 0x800048d2 (0x00001c65) c.addi  s8, -7
core   0: 3 0x800048d2 (0x1c65) x24 0xfffffff6
core   0: 0x800048d4 (0x00008ea5) c.xor   a3, s1
core   0: 3 0x800048d4 (0x8ea5) x13 0x0000001e
core   0: 0x800048d6 (0xfeec1de3) bne     s8, a4, pc - 6
core   0: 3 0x800048d6 (0xfeec1de3)
core   0: 0x800048da (0x39ae0313) addi    t1, t3, 922
core   0: 3 0x800048da (0x39ae0313) x 6 0x0000039a
core   0: 0x800048de (0x0000916e) c.add   sp, s11
core   0: 3 0x800048de (0x916e) x 2 0x0004bce2
core   0: 0x800048e0 (0x00000001) c.nop
core   0: 3 0x800048e0 (0x0001)
core   0: 0x800048e2 (0x00008d95) c.sub   a1, a3
core   0: 3 0x800048e2 (0x8d95) x11 0x0de92f9f
core   0: 0x800048e4 (0xfb229ae3) bne     t0, s2, pc - 76
core   0: 3 0x800048e4 (0xfb229ae3)
core   0: 0x80004898 (0x000009e5) c.addi  s3, 25
core   0: 3 0x80004898 (0x09e5) x19 0x0de9386d
core   0: 0x8000489a (0x00000621) c.addi  a2, 8
core   0: 3 0x8000489a (0x0621) x12 0x0004bcea
core   0: 0x8000489c (0x00380a33) add     s4, a6, gp
core   0: 3 0x8000489c (0x00380a33) x20 0x00000000
core   0: 0x800048a0 (0x00000289) c.addi  t0, 2
core   0: 3 0x800048a0 (0x0289) x 5 0x00000010
core   0: 0x800048a2 (0x000083e1) c.srli  a5, 24
core   0: 3 0x800048a2 (0x83e1) x15 0x00000000
core   0: 0x800048a4 (0x00000001) c.nop
core   0: 3 0x800048a4 (0x0001)
core   0: 0x800048a6 (0x00008259) c.srli  a2, 22
core   0: 3 0x800048a6 (0x8259) x12 0x00000000
core   0: 0x800048a8 (0x0349fbb3) remu    s7, s3, s4
core   0: 3 0x800048a8 (0x0349fbb3) x23 0x0de9386d
core   0: 0x800048ac (0x01851a13) slli    s4, a0, 24
core   0: 3 0x800048ac (0x01851a13) x20 0x2c000000
core   0: 0x800048b0 (0x00008a39) c.andi  a2, 14
core   0: 3 0x800048b0 (0x8a39) x12 0x00000000
core   0: 0x800048b2 (0x0000960a) c.add   a2, sp
core   0: 3 0x800048b2 (0x960a) x12 0x0004bce2
core   0: 0x800048b4 (0x00400c13) li      s8, 4
core   0: 3 0x800048b4 (0x00400c13) x24 0x00000004
core   0: 0x800048b8 (0xff600713) li      a4, -10
core   0: 3 0x800048b8 (0xff600713) x14 0xfffffff6
core   0: 0x800048bc (0x006e2433) slt     s0, t3, t1
core   0: 3 0x800048bc (0x006e2433) x 8 0x00000001
core   0: 0x800048c0 (0x0000045a) c.slli  s0, 22
core   0: 3 0x800048c0 (0x045a) x 8 0x00400000
core   0: 0x800048c2 (0x01b36133) or      sp, t1, s11
core   0: 3 0x800048c2 (0x01b36133) x 2 0x80025ffe
core   0: 0x800048c6 (0x0000840d) c.srai  s0, 3
core   0: 3 0x800048c6 (0x840d) x 8 0x00080000
core   0: 0x800048c8 (0x02beb3b3) mulhu   t2, t4, a1
core   0: 3 0x800048c8 (0x02beb3b3) x 7 0x0ccd0565
core   0: 0x800048cc (0x03927bb3) remu    s7, tp, s9
core   0: 3 0x800048cc (0x03927bb3) x23 0x2ffde1d8
core   0: 0x800048d0 (0x00006d69) c.lui   s10, 0x1a
core   0: 3 0x800048d0 (0x6d69) x26 0x0001a000
core   0: 0x800048d2 (0x00001c65) c.addi  s8, -7
core   0: 3 0x800048d2 (0x1c65) x24 0xfffffffd
core   0: 0x800048d4 (0x00008ea5) c.xor   a3, s1
core   0: 3 0x800048d4 (0x8ea5) x13 0x0de93792
core   0: 0x800048d6 (0xfeec1de3) bne     s8, a4, pc - 6
core   0: 3 0x800048d6 (0xfeec1de3)
core   0: 0x800048d0 (0x00006d69) c.lui   s10, 0x1a
core   0: 3 0x800048d0 (0x6d69) x26 0x0001a000
core   0: 0x800048d2 (0x00001c65) c.addi  s8, -7
core   0: 3 0x800048d2 (0x1c65) x24 0xfffffff6
core   0: 0x800048d4 (0x00008ea5) c.xor   a3, s1
core   0: 3 0x800048d4 (0x8ea5) x13 0x0000001e
core   0: 0x800048d6 (0xfeec1de3) bne     s8, a4, pc - 6
core   0: 3 0x800048d6 (0xfeec1de3)
core   0: 0x800048da (0x39ae0313) addi    t1, t3, 922
core   0: 3 0x800048da (0x39ae0313) x 6 0x0000039a
core   0: 0x800048de (0x0000916e) c.add   sp, s11
core   0: 3 0x800048de (0x916e) x 2 0x0004bce2
core   0: 0x800048e0 (0x00000001) c.nop
core   0: 3 0x800048e0 (0x0001)
core   0: 0x800048e2 (0x00008d95) c.sub   a1, a3
core   0: 3 0x800048e2 (0x8d95) x11 0x0de92f81
core   0: 0x800048e4 (0xfb229ae3) bne     t0, s2, pc - 76
core   0: 3 0x800048e4 (0xfb229ae3)
core   0: 0x80004898 (0x000009e5) c.addi  s3, 25
core   0: 3 0x80004898 (0x09e5) x19 0x0de93886
core   0: 0x8000489a (0x00000621) c.addi  a2, 8
core   0: 3 0x8000489a (0x0621) x12 0x0004bcea
core   0: 0x8000489c (0x00380a33) add     s4, a6, gp
core   0: 3 0x8000489c (0x00380a33) x20 0x00000000
core   0: 0x800048a0 (0x00000289) c.addi  t0, 2
core   0: 3 0x800048a0 (0x0289) x 5 0x00000012
core   0: 0x800048a2 (0x000083e1) c.srli  a5, 24
core   0: 3 0x800048a2 (0x83e1) x15 0x00000000
core   0: 0x800048a4 (0x00000001) c.nop
core   0: 3 0x800048a4 (0x0001)
core   0: 0x800048a6 (0x00008259) c.srli  a2, 22
core   0: 3 0x800048a6 (0x8259) x12 0x00000000
core   0: 0x800048a8 (0x0349fbb3) remu    s7, s3, s4
core   0: 3 0x800048a8 (0x0349fbb3) x23 0x0de93886
core   0: 0x800048ac (0x01851a13) slli    s4, a0, 24
core   0: 3 0x800048ac (0x01851a13) x20 0x2c000000
core   0: 0x800048b0 (0x00008a39) c.andi  a2, 14
core   0: 3 0x800048b0 (0x8a39) x12 0x00000000
core   0: 0x800048b2 (0x0000960a) c.add   a2, sp
core   0: 3 0x800048b2 (0x960a) x12 0x0004bce2
core   0: 0x800048b4 (0x00400c13) li      s8, 4
core   0: 3 0x800048b4 (0x00400c13) x24 0x00000004
core   0: 0x800048b8 (0xff600713) li      a4, -10
core   0: 3 0x800048b8 (0xff600713) x14 0xfffffff6
core   0: 0x800048bc (0x006e2433) slt     s0, t3, t1
core   0: 3 0x800048bc (0x006e2433) x 8 0x00000001
core   0: 0x800048c0 (0x0000045a) c.slli  s0, 22
core   0: 3 0x800048c0 (0x045a) x 8 0x00400000
core   0: 0x800048c2 (0x01b36133) or      sp, t1, s11
core   0: 3 0x800048c2 (0x01b36133) x 2 0x80025ffe
core   0: 0x800048c6 (0x0000840d) c.srai  s0, 3
core   0: 3 0x800048c6 (0x840d) x 8 0x00080000
core   0: 0x800048c8 (0x02beb3b3) mulhu   t2, t4, a1
core   0: 3 0x800048c8 (0x02beb3b3) x 7 0x0ccd054a
core   0: 0x800048cc (0x03927bb3) remu    s7, tp, s9
core   0: 3 0x800048cc (0x03927bb3) x23 0x2ffde1d8
core   0: 0x800048d0 (0x00006d69) c.lui   s10, 0x1a
core   0: 3 0x800048d0 (0x6d69) x26 0x0001a000
core   0: 0x800048d2 (0x00001c65) c.addi  s8, -7
core   0: 3 0x800048d2 (0x1c65) x24 0xfffffffd
core   0: 0x800048d4 (0x00008ea5) c.xor   a3, s1
core   0: 3 0x800048d4 (0x8ea5) x13 0x0de93792
core   0: 0x800048d6 (0xfeec1de3) bne     s8, a4, pc - 6
core   0: 3 0x800048d6 (0xfeec1de3)
core   0: 0x800048d0 (0x00006d69) c.lui   s10, 0x1a
core   0: 3 0x800048d0 (0x6d69) x26 0x0001a000
core   0: 0x800048d2 (0x00001c65) c.addi  s8, -7
core   0: 3 0x800048d2 (0x1c65) x24 0xfffffff6
core   0: 0x800048d4 (0x00008ea5) c.xor   a3, s1
core   0: 3 0x800048d4 (0x8ea5) x13 0x0000001e
core   0: 0x800048d6 (0xfeec1de3) bne     s8, a4, pc - 6
core   0: 3 0x800048d6 (0xfeec1de3)
core   0: 0x800048da (0x39ae0313) addi    t1, t3, 922
core   0: 3 0x800048da (0x39ae0313) x 6 0x0000039a
core   0: 0x800048de (0x0000916e) c.add   sp, s11
core   0: 3 0x800048de (0x916e) x 2 0x0004bce2
core   0: 0x800048e0 (0x00000001) c.nop
core   0: 3 0x800048e0 (0x0001)
core   0: 0x800048e2 (0x00008d95) c.sub   a1, a3
core   0: 3 0x800048e2 (0x8d95) x11 0x0de92f63
core   0: 0x800048e4 (0xfb229ae3) bne     t0, s2, pc - 76
core   0: 3 0x800048e4 (0xfb229ae3)
core   0: 0x800048e8 (0x00008de5) c.and   a1, s1
core   0: 3 0x800048e8 (0x8de5) x11 0x0de92700
core   0: 0x800048ea (0x00100493) li      s1, 1
core   0: 3 0x800048ea (0x00100493) x 9 0x00000001
core   0: 0x800048ee (0x00671e93) slli    t4, a4, 6
core   0: 3 0x800048ee (0x00671e93) x29 0xfffffd80
core   0: 0x800048f2 (0x01dcdb13) srli    s6, s9, 29
core   0: 3 0x800048f2 (0x01dcdb13) x22 0x00000004
core   0: 0x800048f6 (0x01000693) li      a3, 16
core   0: 3 0x800048f6 (0x01000693) x13 0x00000010
core   0: 0x800048fa (0x72b3e0b7) lui     ra, 0x72b3e
core   0: 3 0x800048fa (0x72b3e0b7) x 1 0x72b3e000
core   0: 0x800048fe (0x000004a9) c.addi  s1, 10
core   0: 3 0x800048fe (0x04a9) x 9 0x0000000b
core   0: 0x80004900 (0x00000bc1) c.addi  s7, 16
core   0: 3 0x80004900 (0x0bc1) x23 0x2ffde1e8
core   0: 0x80004902 (0xffb00713) li      a4, -5
core   0: 3 0x80004902 (0xffb00713) x14 0xfffffffb
core   0: 0x80004906 (0x40598933) sub     s2, s3, t0
core   0: 3 0x80004906 (0x40598933) x18 0x0de93874
core   0: 0x8000490a (0x02028f33) mul     t5, t0, zero
core   0: 3 0x8000490a (0x02028f33) x30 0x00000000
core   0: 0x8000490e (0x00000001) c.nop
core   0: 3 0x8000490e (0x0001)
core   0: 0x80004910 (0x00008e01) c.sub   a2, s0
core   0: 3 0x80004910 (0x8e01) x12 0xfffcbce2
core   0: 0x80004912 (0x00000705) c.addi  a4, 1
core   0: 3 0x80004912 (0x0705) x14 0xfffffffc
core   0: 0x80004914 (0x00008c61) c.and   s0, s0
core   0: 3 0x80004914 (0x8c61) x 8 0x00080000
core   0: 0x80004916 (0x0000ff6d) c.bnez  a4, pc - 6
core   0: 3 0x80004916 (0xff6d)
core   0: 0x80004910 (0x00008e01) c.sub   a2, s0
core   0: 3 0x80004910 (0x8e01) x12 0xfff4bce2
core   0: 0x80004912 (0x00000705) c.addi  a4, 1
core   0: 3 0x80004912 (0x0705) x14 0xfffffffd
core   0: 0x80004914 (0x00008c61) c.and   s0, s0
core   0: 3 0x80004914 (0x8c61) x 8 0x00080000
core   0: 0x80004916 (0x0000ff6d) c.bnez  a4, pc - 6
core   0: 3 0x80004916 (0xff6d)
core   0: 0x80004910 (0x00008e01) c.sub   a2, s0
core   0: 3 0x80004910 (0x8e01) x12 0xffecbce2
core   0: 0x80004912 (0x00000705) c.addi  a4, 1
core   0: 3 0x80004912 (0x0705) x14 0xfffffffe
core   0: 0x80004914 (0x00008c61) c.and   s0, s0
core   0: 3 0x80004914 (0x8c61) x 8 0x00080000
core   0: 0x80004916 (0x0000ff6d) c.bnez  a4, pc - 6
core   0: 3 0x80004916 (0xff6d)
core   0: 0x80004910 (0x00008e01) c.sub   a2, s0
core   0: 3 0x80004910 (0x8e01) x12 0xffe4bce2
core   0: 0x80004912 (0x00000705) c.addi  a4, 1
core   0: 3 0x80004912 (0x0705) x14 0xffffffff
core   0: 0x80004914 (0x00008c61) c.and   s0, s0
core   0: 3 0x80004914 (0x8c61) x 8 0x00080000
core   0: 0x80004916 (0x0000ff6d) c.bnez  a4, pc - 6
core   0: 3 0x80004916 (0xff6d)
core   0: 0x80004910 (0x00008e01) c.sub   a2, s0
core   0: 3 0x80004910 (0x8e01) x12 0xffdcbce2
core   0: 0x80004912 (0x00000705) c.addi  a4, 1
core   0: 3 0x80004912 (0x0705) x14 0x00000000
core   0: 0x80004914 (0x00008c61) c.and   s0, s0
core   0: 3 0x80004914 (0x8c61) x 8 0x00080000
core   0: 0x80004916 (0x0000ff6d) c.bnez  a4, pc - 6
core   0: 3 0x80004916 (0xff6d)
core   0: 0x80004918 (0xfed4c1e3) blt     s1, a3, pc - 30
core   0: 3 0x80004918 (0xfed4c1e3)
core   0: 0x800048fa (0x72b3e0b7) lui     ra, 0x72b3e
core   0: 3 0x800048fa (0x72b3e0b7) x 1 0x72b3e000
core   0: 0x800048fe (0x000004a9) c.addi  s1, 10
core   0: 3 0x800048fe (0x04a9) x 9 0x00000015
core   0: 0x80004900 (0x00000bc1) c.addi  s7, 16
core   0: 3 0x80004900 (0x0bc1) x23 0x2ffde1f8
core   0: 0x80004902 (0xffb00713) li      a4, -5
core   0: 3 0x80004902 (0xffb00713) x14 0xfffffffb
core   0: 0x80004906 (0x40598933) sub     s2, s3, t0
core   0: 3 0x80004906 (0x40598933) x18 0x0de93874
core   0: 0x8000490a (0x02028f33) mul     t5, t0, zero
core   0: 3 0x8000490a (0x02028f33) x30 0x00000000
core   0: 0x8000490e (0x00000001) c.nop
core   0: 3 0x8000490e (0x0001)
core   0: 0x80004910 (0x00008e01) c.sub   a2, s0
core   0: 3 0x80004910 (0x8e01) x12 0xffd4bce2
core   0: 0x80004912 (0x00000705) c.addi  a4, 1
core   0: 3 0x80004912 (0x0705) x14 0xfffffffc
core   0: 0x80004914 (0x00008c61) c.and   s0, s0
core   0: 3 0x80004914 (0x8c61) x 8 0x00080000
core   0: 0x80004916 (0x0000ff6d) c.bnez  a4, pc - 6
core   0: 3 0x80004916 (0xff6d)
core   0: 0x80004910 (0x00008e01) c.sub   a2, s0
core   0: 3 0x80004910 (0x8e01) x12 0xffccbce2
core   0: 0x80004912 (0x00000705) c.addi  a4, 1
core   0: 3 0x80004912 (0x0705) x14 0xfffffffd
core   0: 0x80004914 (0x00008c61) c.and   s0, s0
core   0: 3 0x80004914 (0x8c61) x 8 0x00080000
core   0: 0x80004916 (0x0000ff6d) c.bnez  a4, pc - 6
core   0: 3 0x80004916 (0xff6d)
core   0: 0x80004910 (0x00008e01) c.sub   a2, s0
core   0: 3 0x80004910 (0x8e01) x12 0xffc4bce2
core   0: 0x80004912 (0x00000705) c.addi  a4, 1
core   0: 3 0x80004912 (0x0705) x14 0xfffffffe
core   0: 0x80004914 (0x00008c61) c.and   s0, s0
core   0: 3 0x80004914 (0x8c61) x 8 0x00080000
core   0: 0x80004916 (0x0000ff6d) c.bnez  a4, pc - 6
core   0: 3 0x80004916 (0xff6d)
core   0: 0x80004910 (0x00008e01) c.sub   a2, s0
core   0: 3 0x80004910 (0x8e01) x12 0xffbcbce2
core   0: 0x80004912 (0x00000705) c.addi  a4, 1
core   0: 3 0x80004912 (0x0705) x14 0xffffffff
core   0: 0x80004914 (0x00008c61) c.and   s0, s0
core   0: 3 0x80004914 (0x8c61) x 8 0x00080000
core   0: 0x80004916 (0x0000ff6d) c.bnez  a4, pc - 6
core   0: 3 0x80004916 (0xff6d)
core   0: 0x80004910 (0x00008e01) c.sub   a2, s0
core   0: 3 0x80004910 (0x8e01) x12 0xffb4bce2
core   0: 0x80004912 (0x00000705) c.addi  a4, 1
core   0: 3 0x80004912 (0x0705) x14 0x00000000
core   0: 0x80004914 (0x00008c61) c.and   s0, s0
core   0: 3 0x80004914 (0x8c61) x 8 0x00080000
core   0: 0x80004916 (0x0000ff6d) c.bnez  a4, pc - 6
core   0: 3 0x80004916 (0xff6d)
core   0: 0x80004918 (0xfed4c1e3) blt     s1, a3, pc - 30
core   0: 3 0x80004918 (0xfed4c1e3)
core   0: 0x8000491c (0x00006121) c.addi16sp sp, 64
core   0: 3 0x8000491c (0x6121) x 2 0x0004bd22
core   0: 0x8000491e (0x00600493) li      s1, 6
core   0: 3 0x8000491e (0x00600493) x 9 0x00000006
core   0: 0x80004922 (0x00001398) c.addi4spn a4, sp, 480
core   0: 3 0x80004922 (0x1398) x14 0x0004bf02
core   0: 0x80004924 (0x00009b7d) c.andi  a4, -1
core   0: 3 0x80004924 (0x9b7d) x14 0x0004bf02
core   0: 0x80004926 (0x0275d9b3) divu    s3, a1, t2
core   0: 3 0x80004926 (0x0275d9b3) x19 0x00000001
core   0: 0x8000492a (0x00000a14) c.addi4spn a3, sp, 272
core   0: 3 0x8000492a (0x0a14) x13 0x0004be32
core   0: 0x8000492c (0x14d3f413) andi    s0, t2, 333
core   0: 3 0x8000492c (0x14d3f413) x 8 0x00000148
core   0: 0x80004930 (0x00008775) c.srai  a4, 29
core   0: 3 0x80004930 (0x8775) x14 0x00000000
core   0: 0x80004932 (0xffc00793) li      a5, -4
core   0: 3 0x80004932 (0xffc00793) x15 0xfffffffc
core   0: 0x80004936 (0x00008285) c.srli  a3, 1
core   0: 3 0x80004936 (0x8285) x13 0x00025f19
core   0: 0x80004938 (0x0103ac33) slt     s8, t2, a6
core   0: 3 0x80004938 (0x0103ac33) x24 0x00000000
core   0: 0x8000493c (0x00008d36) c.mv    s10, a3
core   0: 3 0x8000493c (0x8d36) x26 0x00025f19
core   0: 0x8000493e (0x00008659) c.srai  a2, 22
core   0: 3 0x8000493e (0x8659) x12 0xfffffffe
core   0: 0x80004940 (0xdce4a693) slti    a3, s1, -562
core   0: 3 0x80004940 (0xdce4a693) x13 0x00000000
core   0: 0x80004944 (0x0000110c) c.addi4spn a1, sp, 160
core   0: 3 0x80004944 (0x110c) x11 0x0004bdc2
core   0: 0x80004946 (0x34bee593) ori     a1, t4, 843
core   0: 3 0x80004946 (0x34bee593) x11 0xffffffcb
core   0: 0x8000494a (0x00e146b3) xor     a3, sp, a4
core   0: 3 0x8000494a (0x00e146b3) x13 0x0004bd22
core   0: 0x8000494e (0x000014d9) c.addi  s1, -10
core   0: 3 0x8000494e (0x14d9) x 9 0xfffffffc
core   0: 0x80004950 (0x0315cfb3) div     t6, a1, a7
core   0: 3 0x80004950 (0x0315cfb3) x31 0xffffffff
core   0: 0x80004954 (0x0000987d) c.andi  s0, -1
core   0: 3 0x80004954 (0x987d) x 8 0x00000148
core   0: 0x80004956 (0x0000862d) c.srai  a2, 11
core   0: 3 0x80004956 (0x862d) x12 0xffffffff
core   0: 0x80004958 (0x03221c33) mulh    s8, tp, s2
core   0: 3 0x80004958 (0x03221c33) x24 0xfba71e5b
core   0: 0x8000495c (0x017dccb3) xor     s9, s11, s7
core   0: 3 0x8000495c (0x017dccb3) x25 0xafffbd1c
core   0: 0x80004960 (0x011a3d33) sltu    s10, s4, a7
core   0: 3 0x80004960 (0x011a3d33) x26 0x00000000
core   0: 0x80004964 (0x3fa4c313) xori    t1, s1, 1018
core   0: 3 0x80004964 (0x3fa4c313) x 6 0xfffffc06
core   0: 0x80004968 (0x020dd733) divu    a4, s11, zero
core   0: 3 0x80004968 (0x020dd733) x14 0xffffffff
core   0: 0x8000496c (0x00008589) c.srai  a1, 2
core   0: 3 0x8000496c (0x8589) x11 0xfffffff2
core   0: 0x8000496e (0x0ff0000f) fence   iorw,iorw
core   0: 3 0x8000496e (0x0ff0000f)
core   0: 0x80004972 (0xfcf48ce3) beq     s1, a5, pc - 40
core   0: 3 0x80004972 (0xfcf48ce3)
core   0: 0x8000494a (0x00e146b3) xor     a3, sp, a4
core   0: 3 0x8000494a (0x00e146b3) x13 0xfffb42dd
core   0: 0x8000494e (0x000014d9) c.addi  s1, -10
core   0: 3 0x8000494e (0x14d9) x 9 0xfffffff2
core   0: 0x80004950 (0x0315cfb3) div     t6, a1, a7
core   0: 3 0x80004950 (0x0315cfb3) x31 0xffffffff
core   0: 0x80004954 (0x0000987d) c.andi  s0, -1
core   0: 3 0x80004954 (0x987d) x 8 0x00000148
core   0: 0x80004956 (0x0000862d) c.srai  a2, 11
core   0: 3 0x80004956 (0x862d) x12 0xffffffff
core   0: 0x80004958 (0x03221c33) mulh    s8, tp, s2
core   0: 3 0x80004958 (0x03221c33) x24 0xfba71e5b
core   0: 0x8000495c (0x017dccb3) xor     s9, s11, s7
core   0: 3 0x8000495c (0x017dccb3) x25 0xafffbd1c
core   0: 0x80004960 (0x011a3d33) sltu    s10, s4, a7
core   0: 3 0x80004960 (0x011a3d33) x26 0x00000000
core   0: 0x80004964 (0x3fa4c313) xori    t1, s1, 1018
core   0: 3 0x80004964 (0x3fa4c313) x 6 0xfffffc08
core   0: 0x80004968 (0x020dd733) divu    a4, s11, zero
core   0: 3 0x80004968 (0x020dd733) x14 0xffffffff
core   0: 0x8000496c (0x00008589) c.srai  a1, 2
core   0: 3 0x8000496c (0x8589) x11 0xfffffffc
core   0: 0x8000496e (0x0ff0000f) fence   iorw,iorw
core   0: 3 0x8000496e (0x0ff0000f)
core   0: 0x80004972 (0xfcf48ce3) beq     s1, a5, pc - 40
core   0: 3 0x80004972 (0xfcf48ce3)
core   0: 0x80004976 (0x0282d933) divu    s2, t0, s0
core   0: 3 0x80004976 (0x0282d933) x18 0x00000000
core   0: 0x8000497a (0xff900713) li      a4, -7
core   0: 3 0x8000497a (0xff900713) x14 0xfffffff9
core   0: 0x8000497e (0x02a10133) mul     sp, sp, a0
core   0: 3 0x8000497e (0x02a10133) x 2 0x093e7dd8
core   0: 0x80004982 (0xff000f13) li      t5, -16
core   0: 3 0x80004982 (0xff000f13) x30 0xfffffff0
core   0: 0x80004986 (0x00005d7d) c.li    s10, -1
core   0: 3 0x80004986 (0x5d7d) x26 0xffffffff
core   0: 0x80004988 (0x00000d5d) c.addi  s10, 23
core   0: 3 0x80004988 (0x0d5d) x26 0x00000016
core   0: 0x8000498a (0x00000001) c.nop
core   0: 3 0x8000498a (0x0001)
core   0: 0x8000498c (0x02e95933) divu    s2, s2, a4
core   0: 3 0x8000498c (0x02e95933) x18 0x00000000
core   0: 0x80004990 (0x8711c893) xori    a7, gp, -1935
core   0: 3 0x80004990 (0x8711c893) x17 0xfffff871
core   0: 0x80004994 (0x00008641) c.srai  a2, 16
core   0: 3 0x80004994 (0x8641) x12 0xffffffff
core   0: 0x80004996 (0x03bd5833) divu    a6, s10, s11
core   0: 3 0x80004996 (0x03bd5833) x16 0x00000000
core   0: 0x8000499a (0x0000826e) c.mv    tp, s11
core   0: 3 0x8000499a (0x826e) x 4 0x80025ce4
core   0: 0x8000499c (0x03f45133) divu    sp, s0, t6
core   0: 3 0x8000499c (0x03f45133) x 2 0x00000000
core   0: 0x800049a0 (0x0000069c) c.addi4spn a5, sp, 832
core   0: 3 0x800049a0 (0x069c) x15 0x00000340
core   0: 0x800049a2 (0x00001775) c.addi  a4, -3
core   0: 3 0x800049a2 (0x1775) x14 0xfffffff6
core   0: 0x800049a4 (0x00900293) li      t0, 9
core   0: 3 0x800049a4 (0x00900293) x 5 0x00000009
core   0: 0x800049a8 (0x000099de) c.add   s3, s7
core   0: 3 0x800049a8 (0x99de) x19 0x2ffde1f9
core   0: 0x800049aa (0x410b0433) sub     s0, s6, a6
core   0: 3 0x800049aa (0x410b0433) x 8 0x00000004
core   0: 0x800049ae (0xd7201a17) auipc   s4, 0xd7201
core   0: 3 0x800049ae (0xd7201a17) x20 0x572059ae
core   0: 0x800049b2 (0x00600c93) li      s9, 6
core   0: 3 0x800049b2 (0x00600c93) x25 0x00000006
core   0: 0x800049b6 (0x016ffc33) and     s8, t6, s6
core   0: 3 0x800049b6 (0x016ffc33) x24 0x00000004
core   0: 0x800049ba (0x27333c17) auipc   s8, 0x27333
core   0: 3 0x800049ba (0x27333c17) x24 0xa73379ba
core   0: 0x800049be (0x0000862a) c.mv    a2, a0
core   0: 3 0x800049be (0x862a) x12 0x80021e2c
core   0: 0x800049c0 (0x00009a76) c.add   s4, t4
core   0: 3 0x800049c0 (0x9a76) x20 0x5720572e
core   0: 0x800049c2 (0x00008f89) c.sub   a5, a0
core   0: 3 0x800049c2 (0x8f89) x15 0x7ffde514
core   0: 0x800049c4 (0x032eeeb3) rem     t4, t4, s2
core   0: 3 0x800049c4 (0x032eeeb3) x29 0xfffffd80
core   0: 0x800049c8 (0x000012f5) c.addi  t0, -3
core   0: 3 0x800049c8 (0x12f5) x 5 0x00000006
core   0: 0x800049ca (0x0000616d) c.addi16sp sp, 240
core   0: 3 0x800049ca (0x616d) x 2 0x000000f0
core   0: 0x800049cc (0x0ff0000f) fence   iorw,iorw
core   0: 3 0x800049cc (0x0ff0000f)
core   0: 0x800049d0 (0xff9287e3) beq     t0, s9, pc - 18
core   0: 3 0x800049d0 (0xff9287e3)
core   0: 0x800049be (0x0000862a) c.mv    a2, a0
core   0: 3 0x800049be (0x862a) x12 0x80021e2c
core   0: 0x800049c0 (0x00009a76) c.add   s4, t4
core   0: 3 0x800049c0 (0x9a76) x20 0x572054ae
core   0: 0x800049c2 (0x00008f89) c.sub   a5, a0
core   0: 3 0x800049c2 (0x8f89) x15 0xfffbc6e8
core   0: 0x800049c4 (0x032eeeb3) rem     t4, t4, s2
core   0: 3 0x800049c4 (0x032eeeb3) x29 0xfffffd80
core   0: 0x800049c8 (0x000012f5) c.addi  t0, -3
core   0: 3 0x800049c8 (0x12f5) x 5 0x00000003
core   0: 0x800049ca (0x0000616d) c.addi16sp sp, 240
core   0: 3 0x800049ca (0x616d) x 2 0x000001e0
core   0: 0x800049cc (0x0ff0000f) fence   iorw,iorw
core   0: 3 0x800049cc (0x0ff0000f)
core   0: 0x800049d0 (0xff9287e3) beq     t0, s9, pc - 18
core   0: 3 0x800049d0 (0xff9287e3)
core   0: 0x800049d4 (0x00008da9) c.xor   a1, a0
core   0: 3 0x800049d4 (0x8da9) x11 0x7ffde1d0
core   0: 0x800049d6 (0xfbe71be3) bne     a4, t5, pc - 74
core   0: 3 0x800049d6 (0xfbe71be3)
core   0: 0x8000498c (0x02e95933) divu    s2, s2, a4
core   0: 3 0x8000498c (0x02e95933) x18 0x00000000
core   0: 0x80004990 (0x8711c893) xori    a7, gp, -1935
core   0: 3 0x80004990 (0x8711c893) x17 0xfffff871
core   0: 0x80004994 (0x00008641) c.srai  a2, 16
core   0: 3 0x80004994 (0x8641) x12 0xffff8002
core   0: 0x80004996 (0x03bd5833) divu    a6, s10, s11
core   0: 3 0x80004996 (0x03bd5833) x16 0x00000000
core   0: 0x8000499a (0x0000826e) c.mv    tp, s11
core   0: 3 0x8000499a (0x826e) x 4 0x80025ce4
core   0: 0x8000499c (0x03f45133) divu    sp, s0, t6
core   0: 3 0x8000499c (0x03f45133) x 2 0x00000000
core   0: 0x800049a0 (0x0000069c) c.addi4spn a5, sp, 832
core   0: 3 0x800049a0 (0x069c) x15 0x00000340
core   0: 0x800049a2 (0x00001775) c.addi  a4, -3
core   0: 3 0x800049a2 (0x1775) x14 0xfffffff3
core   0: 0x800049a4 (0x00900293) li      t0, 9
core   0: 3 0x800049a4 (0x00900293) x 5 0x00000009
core   0: 0x800049a8 (0x000099de) c.add   s3, s7
core   0: 3 0x800049a8 (0x99de) x19 0x5ffbc3f1
core   0: 0x800049aa (0x410b0433) sub     s0, s6, a6
core   0: 3 0x800049aa (0x410b0433) x 8 0x00000004
core   0: 0x800049ae (0xd7201a17) auipc   s4, 0xd7201
core   0: 3 0x800049ae (0xd7201a17) x20 0x572059ae
core   0: 0x800049b2 (0x00600c93) li      s9, 6
core   0: 3 0x800049b2 (0x00600c93) x25 0x00000006
core   0: 0x800049b6 (0x016ffc33) and     s8, t6, s6
core   0: 3 0x800049b6 (0x016ffc33) x24 0x00000004
core   0: 0x800049ba (0x27333c17) auipc   s8, 0x27333
core   0: 3 0x800049ba (0x27333c17) x24 0xa73379ba
core   0: 0x800049be (0x0000862a) c.mv    a2, a0
core   0: 3 0x800049be (0x862a) x12 0x80021e2c
core   0: 0x800049c0 (0x00009a76) c.add   s4, t4
core   0: 3 0x800049c0 (0x9a76) x20 0x5720572e
core   0: 0x800049c2 (0x00008f89) c.sub   a5, a0
core   0: 3 0x800049c2 (0x8f89) x15 0x7ffde514
core   0: 0x800049c4 (0x032eeeb3) rem     t4, t4, s2
core   0: 3 0x800049c4 (0x032eeeb3) x29 0xfffffd80
core   0: 0x800049c8 (0x000012f5) c.addi  t0, -3
core   0: 3 0x800049c8 (0x12f5) x 5 0x00000006
core   0: 0x800049ca (0x0000616d) c.addi16sp sp, 240
core   0: 3 0x800049ca (0x616d) x 2 0x000000f0
core   0: 0x800049cc (0x0ff0000f) fence   iorw,iorw
core   0: 3 0x800049cc (0x0ff0000f)
core   0: 0x800049d0 (0xff9287e3) beq     t0, s9, pc - 18
core   0: 3 0x800049d0 (0xff9287e3)
core   0: 0x800049be (0x0000862a) c.mv    a2, a0
core   0: 3 0x800049be (0x862a) x12 0x80021e2c
core   0: 0x800049c0 (0x00009a76) c.add   s4, t4
core   0: 3 0x800049c0 (0x9a76) x20 0x572054ae
core   0: 0x800049c2 (0x00008f89) c.sub   a5, a0
core   0: 3 0x800049c2 (0x8f89) x15 0xfffbc6e8
core   0: 0x800049c4 (0x032eeeb3) rem     t4, t4, s2
core   0: 3 0x800049c4 (0x032eeeb3) x29 0xfffffd80
core   0: 0x800049c8 (0x000012f5) c.addi  t0, -3
core   0: 3 0x800049c8 (0x12f5) x 5 0x00000003
core   0: 0x800049ca (0x0000616d) c.addi16sp sp, 240
core   0: 3 0x800049ca (0x616d) x 2 0x000001e0
core   0: 0x800049cc (0x0ff0000f) fence   iorw,iorw
core   0: 3 0x800049cc (0x0ff0000f)
core   0: 0x800049d0 (0xff9287e3) beq     t0, s9, pc - 18
core   0: 3 0x800049d0 (0xff9287e3)
core   0: 0x800049d4 (0x00008da9) c.xor   a1, a0
core   0: 3 0x800049d4 (0x8da9) x11 0xfffffffc
core   0: 0x800049d6 (0xfbe71be3) bne     a4, t5, pc - 74
core   0: 3 0x800049d6 (0xfbe71be3)
core   0: 0x8000498c (0x02e95933) divu    s2, s2, a4
core   0: 3 0x8000498c (0x02e95933) x18 0x00000000
core   0: 0x80004990 (0x8711c893) xori    a7, gp, -1935
core   0: 3 0x80004990 (0x8711c893) x17 0xfffff871
core   0: 0x80004994 (0x00008641) c.srai  a2, 16
core   0: 3 0x80004994 (0x8641) x12 0xffff8002
core   0: 0x80004996 (0x03bd5833) divu    a6, s10, s11
core   0: 3 0x80004996 (0x03bd5833) x16 0x00000000
core   0: 0x8000499a (0x0000826e) c.mv    tp, s11
core   0: 3 0x8000499a (0x826e) x 4 0x80025ce4
core   0: 0x8000499c (0x03f45133) divu    sp, s0, t6
core   0: 3 0x8000499c (0x03f45133) x 2 0x00000000
core   0: 0x800049a0 (0x0000069c) c.addi4spn a5, sp, 832
core   0: 3 0x800049a0 (0x069c) x15 0x00000340
core   0: 0x800049a2 (0x00001775) c.addi  a4, -3
core   0: 3 0x800049a2 (0x1775) x14 0xfffffff0
core   0: 0x800049a4 (0x00900293) li      t0, 9
core   0: 3 0x800049a4 (0x00900293) x 5 0x00000009
core   0: 0x800049a8 (0x000099de) c.add   s3, s7
core   0: 3 0x800049a8 (0x99de) x19 0x8ff9a5e9
core   0: 0x800049aa (0x410b0433) sub     s0, s6, a6
core   0: 3 0x800049aa (0x410b0433) x 8 0x00000004
core   0: 0x800049ae (0xd7201a17) auipc   s4, 0xd7201
core   0: 3 0x800049ae (0xd7201a17) x20 0x572059ae
core   0: 0x800049b2 (0x00600c93) li      s9, 6
core   0: 3 0x800049b2 (0x00600c93) x25 0x00000006
core   0: 0x800049b6 (0x016ffc33) and     s8, t6, s6
core   0: 3 0x800049b6 (0x016ffc33) x24 0x00000004
core   0: 0x800049ba (0x27333c17) auipc   s8, 0x27333
core   0: 3 0x800049ba (0x27333c17) x24 0xa73379ba
core   0: 0x800049be (0x0000862a) c.mv    a2, a0
core   0: 3 0x800049be (0x862a) x12 0x80021e2c
core   0: 0x800049c0 (0x00009a76) c.add   s4, t4
core   0: 3 0x800049c0 (0x9a76) x20 0x5720572e
core   0: 0x800049c2 (0x00008f89) c.sub   a5, a0
core   0: 3 0x800049c2 (0x8f89) x15 0x7ffde514
core   0: 0x800049c4 (0x032eeeb3) rem     t4, t4, s2
core   0: 3 0x800049c4 (0x032eeeb3) x29 0xfffffd80
core   0: 0x800049c8 (0x000012f5) c.addi  t0, -3
core   0: 3 0x800049c8 (0x12f5) x 5 0x00000006
core   0: 0x800049ca (0x0000616d) c.addi16sp sp, 240
core   0: 3 0x800049ca (0x616d) x 2 0x000000f0
core   0: 0x800049cc (0x0ff0000f) fence   iorw,iorw
core   0: 3 0x800049cc (0x0ff0000f)
core   0: 0x800049d0 (0xff9287e3) beq     t0, s9, pc - 18
core   0: 3 0x800049d0 (0xff9287e3)
core   0: 0x800049be (0x0000862a) c.mv    a2, a0
core   0: 3 0x800049be (0x862a) x12 0x80021e2c
core   0: 0x800049c0 (0x00009a76) c.add   s4, t4
core   0: 3 0x800049c0 (0x9a76) x20 0x572054ae
core   0: 0x800049c2 (0x00008f89) c.sub   a5, a0
core   0: 3 0x800049c2 (0x8f89) x15 0xfffbc6e8
core   0: 0x800049c4 (0x032eeeb3) rem     t4, t4, s2
core   0: 3 0x800049c4 (0x032eeeb3) x29 0xfffffd80
core   0: 0x800049c8 (0x000012f5) c.addi  t0, -3
core   0: 3 0x800049c8 (0x12f5) x 5 0x00000003
core   0: 0x800049ca (0x0000616d) c.addi16sp sp, 240
core   0: 3 0x800049ca (0x616d) x 2 0x000001e0
core   0: 0x800049cc (0x0ff0000f) fence   iorw,iorw
core   0: 3 0x800049cc (0x0ff0000f)
core   0: 0x800049d0 (0xff9287e3) beq     t0, s9, pc - 18
core   0: 3 0x800049d0 (0xff9287e3)
core   0: 0x800049d4 (0x00008da9) c.xor   a1, a0
core   0: 3 0x800049d4 (0x8da9) x11 0x7ffde1d0
core   0: 0x800049d6 (0xfbe71be3) bne     a4, t5, pc - 74
core   0: 3 0x800049d6 (0xfbe71be3)
core   0: 0x800049da (0x000080b5) c.srli  s1, 13
core   0: 3 0x800049da (0x80b5) x 9 0x0007ffff
core   0: 0x800049dc (0xff600b93) li      s7, -10
core   0: 3 0x800049dc (0xff600b93) x23 0xfffffff6
core   0: 0x800049e0 (0x00009986) c.add   s3, ra
core   0: 3 0x800049e0 (0x9986) x19 0x02ad85e9
core   0: 0x800049e2 (0x038ec033) div     zero, t4, s8
core   0: 3 0x800049e2 (0x038ec033)
core   0: 0x800049e6 (0x4a5ef493) andi    s1, t4, 1189
core   0: 3 0x800049e6 (0x4a5ef493) x 9 0x00000480
core   0: 0x800049ea (0x0131d3b3) srl     t2, gp, s3
core   0: 3 0x800049ea (0x0131d3b3) x 7 0x00000000
core   0: 0x800049ee (0xfec00893) li      a7, -20
core   0: 3 0x800049ee (0xfec00893) x17 0xffffffec
core   0: 0x800049f2 (0x4064d193) srai    gp, s1, 6
core   0: 3 0x800049f2 (0x4064d193) x 3 0x00000012
core   0: 0x800049f6 (0x000069f5) c.lui   s3, 0x1d
core   0: 3 0x800049f6 (0x69f5) x19 0x0001d000
core   0: 0x800049f8 (0x8a916413) ori     s0, sp, -1879
core   0: 3 0x800049f8 (0x8a916413) x 8 0xfffff9e9
core   0: 0x800049fc (0x00001bed) c.addi  s7, -5
core   0: 3 0x800049fc (0x1bed) x23 0xfffffff1
core   0: 0x800049fe (0x00000001) c.nop
core   0: 3 0x800049fe (0x0001)
core   0: 0x80004a00 (0xff900093) li      ra, -7
core   0: 3 0x80004a00 (0xff900093) x 1 0xfffffff9
core   0: 0x80004a04 (0x00900793) li      a5, 9
core   0: 3 0x80004a04 (0x00900793) x15 0x00000009
core   0: 0x80004a08 (0x00008ef1) c.and   a3, a2
core   0: 3 0x80004a08 (0x8ef1) x13 0x8002020c
core   0: 0x80004a0a (0x00164a33) xor     s4, a2, ra
core   0: 3 0x80004a0a (0x00164a33) x20 0x7ffde1d5
core   0: 0x80004a0e (0x092e2213) slti    tp, t3, 146
core   0: 3 0x80004a0e (0x092e2213) x 4 0x00000001
core   0: 0x80004a12 (0x00000099) c.addi  ra, 6
core   0: 3 0x80004a12 (0x0099) x 1 0xffffffff
core   0: 0x80004a14 (0xfef0cbe3) blt     ra, a5, pc - 10
core   0: 3 0x80004a14 (0xfef0cbe3)
core   0: 0x80004a0a (0x00164a33) xor     s4, a2, ra
core   0: 3 0x80004a0a (0x00164a33) x20 0x7ffde1d3
core   0: 0x80004a0e (0x092e2213) slti    tp, t3, 146
core   0: 3 0x80004a0e (0x092e2213) x 4 0x00000001
core   0: 0x80004a12 (0x00000099) c.addi  ra, 6
core   0: 3 0x80004a12 (0x0099) x 1 0x00000005
core   0: 0x80004a14 (0xfef0cbe3) blt     ra, a5, pc - 10
core   0: 3 0x80004a14 (0xfef0cbe3)
core   0: 0x80004a0a (0x00164a33) xor     s4, a2, ra
core   0: 3 0x80004a0a (0x00164a33) x20 0x80021e29
core   0: 0x80004a0e (0x092e2213) slti    tp, t3, 146
core   0: 3 0x80004a0e (0x092e2213) x 4 0x00000001
core   0: 0x80004a12 (0x00000099) c.addi  ra, 6
core   0: 3 0x80004a12 (0x0099) x 1 0x0000000b
core   0: 0x80004a14 (0xfef0cbe3) blt     ra, a5, pc - 10
core   0: 3 0x80004a14 (0xfef0cbe3)
core   0: 0x80004a18 (0x41cc05b3) sub     a1, s8, t3
core   0: 3 0x80004a18 (0x41cc05b3) x11 0xa73379ba
core   0: 0x80004a1c (0x00008f11) c.sub   a4, a2
core   0: 3 0x80004a1c (0x8f11) x14 0x7ffde1c4
core   0: 0x80004a1e (0xfd1bdce3) bge     s7, a7, pc - 40
core   0: 3 0x80004a1e (0xfd1bdce3)
core   0: 0x800049f6 (0x000069f5) c.lui   s3, 0x1d
core   0: 3 0x800049f6 (0x69f5) x19 0x0001d000
core   0: 0x800049f8 (0x8a916413) ori     s0, sp, -1879
core   0: 3 0x800049f8 (0x8a916413) x 8 0xfffff9e9
core   0: 0x800049fc (0x00001bed) c.addi  s7, -5
core   0: 3 0x800049fc (0x1bed) x23 0xffffffec
core   0: 0x800049fe (0x00000001) c.nop
core   0: 3 0x800049fe (0x0001)
core   0: 0x80004a00 (0xff900093) li      ra, -7
core   0: 3 0x80004a00 (0xff900093) x 1 0xfffffff9
core   0: 0x80004a04 (0x00900793) li      a5, 9
core   0: 3 0x80004a04 (0x00900793) x15 0x00000009
core   0: 0x80004a08 (0x00008ef1) c.and   a3, a2
core   0: 3 0x80004a08 (0x8ef1) x13 0x8002020c
core   0: 0x80004a0a (0x00164a33) xor     s4, a2, ra
core   0: 3 0x80004a0a (0x00164a33) x20 0x7ffde1d5
core   0: 0x80004a0e (0x092e2213) slti    tp, t3, 146
core   0: 3 0x80004a0e (0x092e2213) x 4 0x00000001
core   0: 0x80004a12 (0x00000099) c.addi  ra, 6
core   0: 3 0x80004a12 (0x0099) x 1 0xffffffff
core   0: 0x80004a14 (0xfef0cbe3) blt     ra, a5, pc - 10
core   0: 3 0x80004a14 (0xfef0cbe3)
core   0: 0x80004a0a (0x00164a33) xor     s4, a2, ra
core   0: 3 0x80004a0a (0x00164a33) x20 0x7ffde1d3
core   0: 0x80004a0e (0x092e2213) slti    tp, t3, 146
core   0: 3 0x80004a0e (0x092e2213) x 4 0x00000001
core   0: 0x80004a12 (0x00000099) c.addi  ra, 6
core   0: 3 0x80004a12 (0x0099) x 1 0x00000005
core   0: 0x80004a14 (0xfef0cbe3) blt     ra, a5, pc - 10
core   0: 3 0x80004a14 (0xfef0cbe3)
core   0: 0x80004a0a (0x00164a33) xor     s4, a2, ra
core   0: 3 0x80004a0a (0x00164a33) x20 0x80021e29
core   0: 0x80004a0e (0x092e2213) slti    tp, t3, 146
core   0: 3 0x80004a0e (0x092e2213) x 4 0x00000001
core   0: 0x80004a12 (0x00000099) c.addi  ra, 6
core   0: 3 0x80004a12 (0x0099) x 1 0x0000000b
core   0: 0x80004a14 (0xfef0cbe3) blt     ra, a5, pc - 10
core   0: 3 0x80004a14 (0xfef0cbe3)
core   0: 0x80004a18 (0x41cc05b3) sub     a1, s8, t3
core   0: 3 0x80004a18 (0x41cc05b3) x11 0xa73379ba
core   0: 0x80004a1c (0x00008f11) c.sub   a4, a2
core   0: 3 0x80004a1c (0x8f11) x14 0xfffbc398
core   0: 0x80004a1e (0xfd1bdce3) bge     s7, a7, pc - 40
core   0: 3 0x80004a1e (0xfd1bdce3)
core   0: 0x800049f6 (0x000069f5) c.lui   s3, 0x1d
core   0: 3 0x800049f6 (0x69f5) x19 0x0001d000
core   0: 0x800049f8 (0x8a916413) ori     s0, sp, -1879
core   0: 3 0x800049f8 (0x8a916413) x 8 0xfffff9e9
core   0: 0x800049fc (0x00001bed) c.addi  s7, -5
core   0: 3 0x800049fc (0x1bed) x23 0xffffffe7
core   0: 0x800049fe (0x00000001) c.nop
core   0: 3 0x800049fe (0x0001)
core   0: 0x80004a00 (0xff900093) li      ra, -7
core   0: 3 0x80004a00 (0xff900093) x 1 0xfffffff9
core   0: 0x80004a04 (0x00900793) li      a5, 9
core   0: 3 0x80004a04 (0x00900793) x15 0x00000009
core   0: 0x80004a08 (0x00008ef1) c.and   a3, a2
core   0: 3 0x80004a08 (0x8ef1) x13 0x8002020c
core   0: 0x80004a0a (0x00164a33) xor     s4, a2, ra
core   0: 3 0x80004a0a (0x00164a33) x20 0x7ffde1d5
core   0: 0x80004a0e (0x092e2213) slti    tp, t3, 146
core   0: 3 0x80004a0e (0x092e2213) x 4 0x00000001
core   0: 0x80004a12 (0x00000099) c.addi  ra, 6
core   0: 3 0x80004a12 (0x0099) x 1 0xffffffff
core   0: 0x80004a14 (0xfef0cbe3) blt     ra, a5, pc - 10
core   0: 3 0x80004a14 (0xfef0cbe3)
core   0: 0x80004a0a (0x00164a33) xor     s4, a2, ra
core   0: 3 0x80004a0a (0x00164a33) x20 0x7ffde1d3
core   0: 0x80004a0e (0x092e2213) slti    tp, t3, 146
core   0: 3 0x80004a0e (0x092e2213) x 4 0x00000001
core   0: 0x80004a12 (0x00000099) c.addi  ra, 6
core   0: 3 0x80004a12 (0x0099) x 1 0x00000005
core   0: 0x80004a14 (0xfef0cbe3) blt     ra, a5, pc - 10
core   0: 3 0x80004a14 (0xfef0cbe3)
core   0: 0x80004a0a (0x00164a33) xor     s4, a2, ra
core   0: 3 0x80004a0a (0x00164a33) x20 0x80021e29
core   0: 0x80004a0e (0x092e2213) slti    tp, t3, 146
core   0: 3 0x80004a0e (0x092e2213) x 4 0x00000001
core   0: 0x80004a12 (0x00000099) c.addi  ra, 6
core   0: 3 0x80004a12 (0x0099) x 1 0x0000000b
core   0: 0x80004a14 (0xfef0cbe3) blt     ra, a5, pc - 10
core   0: 3 0x80004a14 (0xfef0cbe3)
core   0: 0x80004a18 (0x41cc05b3) sub     a1, s8, t3
core   0: 3 0x80004a18 (0x41cc05b3) x11 0xa73379ba
core   0: 0x80004a1c (0x00008f11) c.sub   a4, a2
core   0: 3 0x80004a1c (0x8f11) x14 0x7ff9a56c
core   0: 0x80004a1e (0xfd1bdce3) bge     s7, a7, pc - 40
core   0: 3 0x80004a1e (0xfd1bdce3)
core   0: 0x80004a22 (0x0158f5b3) and     a1, a7, s5
core   0: 3 0x80004a22 (0x0158f5b3) x11 0x085b5f20
core   0: 0x80004a26 (0xff600613) li      a2, -10
core   0: 3 0x80004a26 (0xff600613) x12 0xfffffff6
core   0: 0x80004a2a (0x00000001) c.nop
core   0: 3 0x80004a2a (0x0001)
core   0: 0x80004a2c (0x0246aeb3) mulhsu  t4, a3, tp
core   0: 3 0x80004a2c (0x0246aeb3) x29 0xffffffff
core   0: 0x80004a30 (0x00008fd2) c.mv    t6, s4
core   0: 3 0x80004a30 (0x8fd2) x31 0x80021e29
core   0: 0x80004a32 (0x039679b3) remu    s3, a2, s9
core   0: 3 0x80004a32 (0x039679b3) x19 0x00000000
core   0: 0x80004a36 (0x0000100f) fence.i
core   0: 3 0x80004a36 (0x0000100f)
core   0: 0x80004a3a (0x00000609) c.addi  a2, 2
core   0: 3 0x80004a3a (0x0609) x12 0xfffffff8
core   0: 0x80004a3c (0x0105fb33) and     s6, a1, a6
core   0: 3 0x80004a3c (0x0105fb33) x22 0x00000000
core   0: 0x80004a40 (0x0000d675) c.beqz  a2, pc - 20
core   0: 3 0x80004a40 (0xd675)
core   0: 0x80004a42 (0x5cb921b7) lui     gp, 0x5cb92
core   0: 3 0x80004a42 (0x5cb921b7) x 3 0x5cb92000
core   0: 0x80004a46 (0x00300713) li      a4, 3
core   0: 3 0x80004a46 (0x00300713) x14 0x00000003
core   0: 0x80004a4a (0x01300893) li      a7, 19
core   0: 3 0x80004a4a (0x01300893) x17 0x00000013
core   0: 0x80004a4e (0x01280333) add     t1, a6, s2
core   0: 3 0x80004a4e (0x01280333) x 6 0x00000000
core   0: 0x80004a52 (0x123bdcb7) lui     s9, 0x123bd
core   0: 3 0x80004a52 (0x123bdcb7) x25 0x123bd000
core   0: 0x80004a56 (0x00009a7e) c.add   s4, t6
core   0: 3 0x80004a56 (0x9a7e) x20 0x00043c52
core   0: 0x80004a58 (0x00000d32) c.slli  s10, 12
core   0: 3 0x80004a58 (0x0d32) x26 0x00016000
core   0: 0x80004a5a (0x00679113) slli    sp, a5, 6
core   0: 3 0x80004a5a (0x00679113) x 2 0x00000240
core   0: 0x80004a5e (0x1860ff97) auipc   t6, 0x1860f
core   0: 3 0x80004a5e (0x1860ff97) x31 0x98613a5e
core   0: 0x80004a62 (0x00000709) c.addi  a4, 2
core   0: 3 0x80004a62 (0x0709) x14 0x00000005
core   0: 0x80004a64 (0x00000001) c.nop
core   0: 3 0x80004a64 (0x0001)
core   0: 0x80004a66 (0x0000547d) c.li    s0, -1
core   0: 3 0x80004a66 (0x547d) x 8 0xffffffff
core   0: 0x80004a68 (0x01c2bcb3) sltu    s9, t0, t3
core   0: 3 0x80004a68 (0x01c2bcb3) x25 0x00000000
core   0: 0x80004a6c (0x000080e9) c.srli  s1, 26
core   0: 3 0x80004a6c (0x80e9) x 9 0x00000000
core   0: 0x80004a6e (0x00009a1a) c.add   s4, t1
core   0: 3 0x80004a6e (0x9a1a) x20 0x00043c52
core   0: 0x80004a70 (0xff1743e3) blt     a4, a7, pc - 26
core   0: 3 0x80004a70 (0xff1743e3)
core   0: 0x80004a56 (0x00009a7e) c.add   s4, t6
core   0: 3 0x80004a56 (0x9a7e) x20 0x986576b0
core   0: 0x80004a58 (0x00000d32) c.slli  s10, 12
core   0: 3 0x80004a58 (0x0d32) x26 0x16000000
core   0: 0x80004a5a (0x00679113) slli    sp, a5, 6
core   0: 3 0x80004a5a (0x00679113) x 2 0x00000240
core   0: 0x80004a5e (0x1860ff97) auipc   t6, 0x1860f
core   0: 3 0x80004a5e (0x1860ff97) x31 0x98613a5e
core   0: 0x80004a62 (0x00000709) c.addi  a4, 2
core   0: 3 0x80004a62 (0x0709) x14 0x00000007
core   0: 0x80004a64 (0x00000001) c.nop
core   0: 3 0x80004a64 (0x0001)
core   0: 0x80004a66 (0x0000547d) c.li    s0, -1
core   0: 3 0x80004a66 (0x547d) x 8 0xffffffff
core   0: 0x80004a68 (0x01c2bcb3) sltu    s9, t0, t3
core   0: 3 0x80004a68 (0x01c2bcb3) x25 0x00000000
core   0: 0x80004a6c (0x000080e9) c.srli  s1, 26
core   0: 3 0x80004a6c (0x80e9) x 9 0x00000000
core   0: 0x80004a6e (0x00009a1a) c.add   s4, t1
core   0: 3 0x80004a6e (0x9a1a) x20 0x986576b0
core   0: 0x80004a70 (0xff1743e3) blt     a4, a7, pc - 26
core   0: 3 0x80004a70 (0xff1743e3)
core   0: 0x80004a56 (0x00009a7e) c.add   s4, t6
core   0: 3 0x80004a56 (0x9a7e) x20 0x30c6b10e
core   0: 0x80004a58 (0x00000d32) c.slli  s10, 12
core   0: 3 0x80004a58 (0x0d32) x26 0x00000000
core   0: 0x80004a5a (0x00679113) slli    sp, a5, 6
core   0: 3 0x80004a5a (0x00679113) x 2 0x00000240
core   0: 0x80004a5e (0x1860ff97) auipc   t6, 0x1860f
core   0: 3 0x80004a5e (0x1860ff97) x31 0x98613a5e
core   0: 0x80004a62 (0x00000709) c.addi  a4, 2
core   0: 3 0x80004a62 (0x0709) x14 0x00000009
core   0: 0x80004a64 (0x00000001) c.nop
core   0: 3 0x80004a64 (0x0001)
core   0: 0x80004a66 (0x0000547d) c.li    s0, -1
core   0: 3 0x80004a66 (0x547d) x 8 0xffffffff
core   0: 0x80004a68 (0x01c2bcb3) sltu    s9, t0, t3
core   0: 3 0x80004a68 (0x01c2bcb3) x25 0x00000000
core   0: 0x80004a6c (0x000080e9) c.srli  s1, 26
core   0: 3 0x80004a6c (0x80e9) x 9 0x00000000
core   0: 0x80004a6e (0x00009a1a) c.add   s4, t1
core   0: 3 0x80004a6e (0x9a1a) x20 0x30c6b10e
core   0: 0x80004a70 (0xff1743e3) blt     a4, a7, pc - 26
core   0: 3 0x80004a70 (0xff1743e3)
core   0: 0x80004a56 (0x00009a7e) c.add   s4, t6
core   0: 3 0x80004a56 (0x9a7e) x20 0xc927eb6c
core   0: 0x80004a58 (0x00000d32) c.slli  s10, 12
core   0: 3 0x80004a58 (0x0d32) x26 0x00000000
core   0: 0x80004a5a (0x00679113) slli    sp, a5, 6
core   0: 3 0x80004a5a (0x00679113) x 2 0x00000240
core   0: 0x80004a5e (0x1860ff97) auipc   t6, 0x1860f
core   0: 3 0x80004a5e (0x1860ff97) x31 0x98613a5e
core   0: 0x80004a62 (0x00000709) c.addi  a4, 2
core   0: 3 0x80004a62 (0x0709) x14 0x0000000b
core   0: 0x80004a64 (0x00000001) c.nop
core   0: 3 0x80004a64 (0x0001)
core   0: 0x80004a66 (0x0000547d) c.li    s0, -1
core   0: 3 0x80004a66 (0x547d) x 8 0xffffffff
core   0: 0x80004a68 (0x01c2bcb3) sltu    s9, t0, t3
core   0: 3 0x80004a68 (0x01c2bcb3) x25 0x00000000
core   0: 0x80004a6c (0x000080e9) c.srli  s1, 26
core   0: 3 0x80004a6c (0x80e9) x 9 0x00000000
core   0: 0x80004a6e (0x00009a1a) c.add   s4, t1
core   0: 3 0x80004a6e (0x9a1a) x20 0xc927eb6c
core   0: 0x80004a70 (0xff1743e3) blt     a4, a7, pc - 26
core   0: 3 0x80004a70 (0xff1743e3)
core   0: 0x80004a56 (0x00009a7e) c.add   s4, t6
core   0: 3 0x80004a56 (0x9a7e) x20 0x618925ca
core   0: 0x80004a58 (0x00000d32) c.slli  s10, 12
core   0: 3 0x80004a58 (0x0d32) x26 0x00000000
core   0: 0x80004a5a (0x00679113) slli    sp, a5, 6
core   0: 3 0x80004a5a (0x00679113) x 2 0x00000240
core   0: 0x80004a5e (0x1860ff97) auipc   t6, 0x1860f
core   0: 3 0x80004a5e (0x1860ff97) x31 0x98613a5e
core   0: 0x80004a62 (0x00000709) c.addi  a4, 2
core   0: 3 0x80004a62 (0x0709) x14 0x0000000d
core   0: 0x80004a64 (0x00000001) c.nop
core   0: 3 0x80004a64 (0x0001)
core   0: 0x80004a66 (0x0000547d) c.li    s0, -1
core   0: 3 0x80004a66 (0x547d) x 8 0xffffffff
core   0: 0x80004a68 (0x01c2bcb3) sltu    s9, t0, t3
core   0: 3 0x80004a68 (0x01c2bcb3) x25 0x00000000
core   0: 0x80004a6c (0x000080e9) c.srli  s1, 26
core   0: 3 0x80004a6c (0x80e9) x 9 0x00000000
core   0: 0x80004a6e (0x00009a1a) c.add   s4, t1
core   0: 3 0x80004a6e (0x9a1a) x20 0x618925ca
core   0: 0x80004a70 (0xff1743e3) blt     a4, a7, pc - 26
core   0: 3 0x80004a70 (0xff1743e3)
core   0: 0x80004a56 (0x00009a7e) c.add   s4, t6
core   0: 3 0x80004a56 (0x9a7e) x20 0xf9ea6028
core   0: 0x80004a58 (0x00000d32) c.slli  s10, 12
core   0: 3 0x80004a58 (0x0d32) x26 0x00000000
core   0: 0x80004a5a (0x00679113) slli    sp, a5, 6
core   0: 3 0x80004a5a (0x00679113) x 2 0x00000240
core   0: 0x80004a5e (0x1860ff97) auipc   t6, 0x1860f
core   0: 3 0x80004a5e (0x1860ff97) x31 0x98613a5e
core   0: 0x80004a62 (0x00000709) c.addi  a4, 2
core   0: 3 0x80004a62 (0x0709) x14 0x0000000f
core   0: 0x80004a64 (0x00000001) c.nop
core   0: 3 0x80004a64 (0x0001)
core   0: 0x80004a66 (0x0000547d) c.li    s0, -1
core   0: 3 0x80004a66 (0x547d) x 8 0xffffffff
core   0: 0x80004a68 (0x01c2bcb3) sltu    s9, t0, t3
core   0: 3 0x80004a68 (0x01c2bcb3) x25 0x00000000
core   0: 0x80004a6c (0x000080e9) c.srli  s1, 26
core   0: 3 0x80004a6c (0x80e9) x 9 0x00000000
core   0: 0x80004a6e (0x00009a1a) c.add   s4, t1
core   0: 3 0x80004a6e (0x9a1a) x20 0xf9ea6028
core   0: 0x80004a70 (0xff1743e3) blt     a4, a7, pc - 26
core   0: 3 0x80004a70 (0xff1743e3)
core   0: 0x80004a56 (0x00009a7e) c.add   s4, t6
core   0: 3 0x80004a56 (0x9a7e) x20 0x924b9a86
core   0: 0x80004a58 (0x00000d32) c.slli  s10, 12
core   0: 3 0x80004a58 (0x0d32) x26 0x00000000
core   0: 0x80004a5a (0x00679113) slli    sp, a5, 6
core   0: 3 0x80004a5a (0x00679113) x 2 0x00000240
core   0: 0x80004a5e (0x1860ff97) auipc   t6, 0x1860f
core   0: 3 0x80004a5e (0x1860ff97) x31 0x98613a5e
core   0: 0x80004a62 (0x00000709) c.addi  a4, 2
core   0: 3 0x80004a62 (0x0709) x14 0x00000011
core   0: 0x80004a64 (0x00000001) c.nop
core   0: 3 0x80004a64 (0x0001)
core   0: 0x80004a66 (0x0000547d) c.li    s0, -1
core   0: 3 0x80004a66 (0x547d) x 8 0xffffffff
core   0: 0x80004a68 (0x01c2bcb3) sltu    s9, t0, t3
core   0: 3 0x80004a68 (0x01c2bcb3) x25 0x00000000
core   0: 0x80004a6c (0x000080e9) c.srli  s1, 26
core   0: 3 0x80004a6c (0x80e9) x 9 0x00000000
core   0: 0x80004a6e (0x00009a1a) c.add   s4, t1
core   0: 3 0x80004a6e (0x9a1a) x20 0x924b9a86
core   0: 0x80004a70 (0xff1743e3) blt     a4, a7, pc - 26
core   0: 3 0x80004a70 (0xff1743e3)
core   0: 0x80004a56 (0x00009a7e) c.add   s4, t6
core   0: 3 0x80004a56 (0x9a7e) x20 0x2aacd4e4
core   0: 0x80004a58 (0x00000d32) c.slli  s10, 12
core   0: 3 0x80004a58 (0x0d32) x26 0x00000000
core   0: 0x80004a5a (0x00679113) slli    sp, a5, 6
core   0: 3 0x80004a5a (0x00679113) x 2 0x00000240
core   0: 0x80004a5e (0x1860ff97) auipc   t6, 0x1860f
core   0: 3 0x80004a5e (0x1860ff97) x31 0x98613a5e
core   0: 0x80004a62 (0x00000709) c.addi  a4, 2
core   0: 3 0x80004a62 (0x0709) x14 0x00000013
core   0: 0x80004a64 (0x00000001) c.nop
core   0: 3 0x80004a64 (0x0001)
core   0: 0x80004a66 (0x0000547d) c.li    s0, -1
core   0: 3 0x80004a66 (0x547d) x 8 0xffffffff
core   0: 0x80004a68 (0x01c2bcb3) sltu    s9, t0, t3
core   0: 3 0x80004a68 (0x01c2bcb3) x25 0x00000000
core   0: 0x80004a6c (0x000080e9) c.srli  s1, 26
core   0: 3 0x80004a6c (0x80e9) x 9 0x00000000
core   0: 0x80004a6e (0x00009a1a) c.add   s4, t1
core   0: 3 0x80004a6e (0x9a1a) x20 0x2aacd4e4
core   0: 0x80004a70 (0xff1743e3) blt     a4, a7, pc - 26
core   0: 3 0x80004a70 (0xff1743e3)
core   0: 0x80004a74 (0x0000717d) c.addi16sp sp, -16
core   0: 3 0x80004a74 (0x717d) x 2 0x00000230
core   0: 0x80004a76 (0xff900593) li      a1, -7
core   0: 3 0x80004a76 (0xff900593) x11 0xfffffff9
core   0: 0x80004a7a (0x0146d093) srli    ra, a3, 20
core   0: 3 0x80004a7a (0x0146d093) x 1 0x00000800
core   0: 0x80004a7e (0x00008c79) c.and   s0, a4
core   0: 3 0x80004a7e (0x8c79) x 8 0x00000013
core   0: 0x80004a80 (0x41205eb3) sra     t4, zero, s2
core   0: 3 0x80004a80 (0x41205eb3) x29 0x00000000
core   0: 0x80004a84 (0x03f2b8b3) mulhu   a7, t0, t6
core   0: 3 0x80004a84 (0x03f2b8b3) x17 0x00000001
core   0: 0x80004a88 (0x0219fa33) remu    s4, s3, ra
core   0: 3 0x80004a88 (0x0219fa33) x20 0x00000000
core   0: 0x80004a8c (0x00008e31) c.xor   a2, a2
core   0: 3 0x80004a8c (0x8e31) x12 0x00000000
core   0: 0x80004a8e (0x01f4d633) srl     a2, s1, t6
core   0: 3 0x80004a8e (0x01f4d633) x12 0x00000000
core   0: 0x80004a92 (0x41b784b3) sub     s1, a5, s11
core   0: 3 0x80004a92 (0x41b784b3) x 9 0x7ffda325
core   0: 0x80004a96 (0x000080f5) c.srli  s1, 29
core   0: 3 0x80004a96 (0x80f5) x 9 0x00000003
core   0: 0x80004a98 (0x0000648d) c.lui   s1, 0x3
core   0: 3 0x80004a98 (0x648d) x 9 0x00003000
core   0: 0x80004a9a (0x00000001) c.nop
core   0: 3 0x80004a9a (0x0001)
core   0: 0x80004a9c (0x00008e89) c.sub   a3, a0
core   0: 3 0x80004a9c (0x8e89) x13 0xffffe3e0
core   0: 0x80004a9e (0x5d839c17) auipc   s8, 0x5d839
core   0: 3 0x80004a9e (0x5d839c17) x24 0xdd83da9e
core   0: 0x80004aa2 (0x00008c65) c.and   s0, s1
core   0: 3 0x80004aa2 (0x8c65) x 8 0x00000000
core   0: 0x80004aa4 (0x0009f8b3) and     a7, s3, zero
core   0: 3 0x80004aa4 (0x0009f8b3) x17 0x00000000
core   0: 0x80004aa8 (0x00e00113) li      sp, 14
core   0: 3 0x80004aa8 (0x00e00113) x 2 0x0000000e
core   0: 0x80004aac (0x03d96c33) rem     s8, s2, t4
core   0: 3 0x80004aac (0x03d96c33) x24 0x00000000
core   0: 0x80004ab0 (0x0889eeb7) lui     t4, 0x889e
core   0: 3 0x80004ab0 (0x0889eeb7) x29 0x0889e000
core   0: 0x80004ab4 (0x00000001) c.nop
core   0: 3 0x80004ab4 (0x0001)
core   0: 0x80004ab6 (0x00000f85) c.addi  t6, 1
core   0: 3 0x80004ab6 (0x0f85) x31 0x98613a5f
core   0: 0x80004ab8 (0x00000591) c.addi  a1, 4
core   0: 3 0x80004ab8 (0x0591) x11 0xfffffffd
core   0: 0x80004aba (0x00008ecd) c.or    a3, a1
core   0: 3 0x80004aba (0x8ecd) x13 0xfffffffd
core   0: 0x80004abc (0xfe25cce3) blt     a1, sp, pc - 8
core   0: 3 0x80004abc (0xfe25cce3)
core   0: 0x80004ab4 (0x00000001) c.nop
core   0: 3 0x80004ab4 (0x0001)
core   0: 0x80004ab6 (0x00000f85) c.addi  t6, 1
core   0: 3 0x80004ab6 (0x0f85) x31 0x98613a60
core   0: 0x80004ab8 (0x00000591) c.addi  a1, 4
core   0: 3 0x80004ab8 (0x0591) x11 0x00000001
core   0: 0x80004aba (0x00008ecd) c.or    a3, a1
core   0: 3 0x80004aba (0x8ecd) x13 0xfffffffd
core   0: 0x80004abc (0xfe25cce3) blt     a1, sp, pc - 8
core   0: 3 0x80004abc (0xfe25cce3)
core   0: 0x80004ab4 (0x00000001) c.nop
core   0: 3 0x80004ab4 (0x0001)
core   0: 0x80004ab6 (0x00000f85) c.addi  t6, 1
core   0: 3 0x80004ab6 (0x0f85) x31 0x98613a61
core   0: 0x80004ab8 (0x00000591) c.addi  a1, 4
core   0: 3 0x80004ab8 (0x0591) x11 0x00000005
core   0: 0x80004aba (0x00008ecd) c.or    a3, a1
core   0: 3 0x80004aba (0x8ecd) x13 0xfffffffd
core   0: 0x80004abc (0xfe25cce3) blt     a1, sp, pc - 8
core   0: 3 0x80004abc (0xfe25cce3)
core   0: 0x80004ab4 (0x00000001) c.nop
core   0: 3 0x80004ab4 (0x0001)
core   0: 0x80004ab6 (0x00000f85) c.addi  t6, 1
core   0: 3 0x80004ab6 (0x0f85) x31 0x98613a62
core   0: 0x80004ab8 (0x00000591) c.addi  a1, 4
core   0: 3 0x80004ab8 (0x0591) x11 0x00000009
core   0: 0x80004aba (0x00008ecd) c.or    a3, a1
core   0: 3 0x80004aba (0x8ecd) x13 0xfffffffd
core   0: 0x80004abc (0xfe25cce3) blt     a1, sp, pc - 8
core   0: 3 0x80004abc (0xfe25cce3)
core   0: 0x80004ab4 (0x00000001) c.nop
core   0: 3 0x80004ab4 (0x0001)
core   0: 0x80004ab6 (0x00000f85) c.addi  t6, 1
core   0: 3 0x80004ab6 (0x0f85) x31 0x98613a63
core   0: 0x80004ab8 (0x00000591) c.addi  a1, 4
core   0: 3 0x80004ab8 (0x0591) x11 0x0000000d
core   0: 0x80004aba (0x00008ecd) c.or    a3, a1
core   0: 3 0x80004aba (0x8ecd) x13 0xfffffffd
core   0: 0x80004abc (0xfe25cce3) blt     a1, sp, pc - 8
core   0: 3 0x80004abc (0xfe25cce3)
core   0: 0x80004ab4 (0x00000001) c.nop
core   0: 3 0x80004ab4 (0x0001)
core   0: 0x80004ab6 (0x00000f85) c.addi  t6, 1
core   0: 3 0x80004ab6 (0x0f85) x31 0x98613a64
core   0: 0x80004ab8 (0x00000591) c.addi  a1, 4
core   0: 3 0x80004ab8 (0x0591) x11 0x00000011
core   0: 0x80004aba (0x00008ecd) c.or    a3, a1
core   0: 3 0x80004aba (0x8ecd) x13 0xfffffffd
core   0: 0x80004abc (0xfe25cce3) blt     a1, sp, pc - 8
core   0: 3 0x80004abc (0xfe25cce3)
core   0: 0x80004ac0 (0x00008cc1) c.or    s1, s0
core   0: 3 0x80004ac0 (0x8cc1) x 9 0x00003000
core   0: 0x80004ac2 (0xffd00713) li      a4, -3
core   0: 3 0x80004ac2 (0xffd00713) x14 0xfffffffd
core   0: 0x80004ac6 (0x02526933) rem     s2, tp, t0
core   0: 3 0x80004ac6 (0x02526933) x18 0x00000001
core   0: 0x80004aca (0x0000100f) fence.i
core   0: 3 0x80004aca (0x0000100f)
core   0: 0x80004ace (0x4108dd33) sra     s10, a7, a6
core   0: 3 0x80004ace (0x4108dd33) x26 0x00000000
core   0: 0x80004ad2 (0xd6f24493) xori    s1, tp, -657
core   0: 3 0x80004ad2 (0xd6f24493) x 9 0xfffffd6e
core   0: 0x80004ad6 (0x00900693) li      a3, 9
core   0: 3 0x80004ad6 (0x00900693) x13 0x00000009
core   0: 0x80004ada (0x00008189) c.srli  a1, 2
core   0: 3 0x80004ada (0x8189) x11 0x00000004
core   0: 0x80004adc (0xeabb8813) addi    a6, s7, -341
core   0: 3 0x80004adc (0xeabb8813) x16 0xfffffe92
core   0: 0x80004ae0 (0x0036e433) or      s0, a3, gp
core   0: 3 0x80004ae0 (0x0036e433) x 8 0x5cb92009
core   0: 0x80004ae4 (0x4196d2b3) sra     t0, a3, s9
core   0: 3 0x80004ae4 (0x4196d2b3) x 5 0x00000009
core   0: 0x80004ae8 (0x0014c033) xor     zero, s1, ra
core   0: 3 0x80004ae8 (0x0014c033)
core   0: 0x80004aec (0x00000711) c.addi  a4, 4
core   0: 3 0x80004aec (0x0711) x14 0x00000001
core   0: 0x80004aee (0x00008dd1) c.or    a1, a2
core   0: 3 0x80004aee (0x8dd1) x11 0x00000004
core   0: 0x80004af0 (0x41fad313) srai    t1, s5, 31
core   0: 3 0x80004af0 (0x41fad313) x 6 0x00000000
core   0: 0x80004af4 (0xfed71ae3) bne     a4, a3, pc - 12
core   0: 3 0x80004af4 (0xfed71ae3)
core   0: 0x80004ae8 (0x0014c033) xor     zero, s1, ra
core   0: 3 0x80004ae8 (0x0014c033)
core   0: 0x80004aec (0x00000711) c.addi  a4, 4
core   0: 3 0x80004aec (0x0711) x14 0x00000005
core   0: 0x80004aee (0x00008dd1) c.or    a1, a2
core   0: 3 0x80004aee (0x8dd1) x11 0x00000004
core   0: 0x80004af0 (0x41fad313) srai    t1, s5, 31
core   0: 3 0x80004af0 (0x41fad313) x 6 0x00000000
core   0: 0x80004af4 (0xfed71ae3) bne     a4, a3, pc - 12
core   0: 3 0x80004af4 (0xfed71ae3)
core   0: 0x80004ae8 (0x0014c033) xor     zero, s1, ra
core   0: 3 0x80004ae8 (0x0014c033)
core   0: 0x80004aec (0x00000711) c.addi  a4, 4
core   0: 3 0x80004aec (0x0711) x14 0x00000009
core   0: 0x80004aee (0x00008dd1) c.or    a1, a2
core   0: 3 0x80004aee (0x8dd1) x11 0x00000004
core   0: 0x80004af0 (0x41fad313) srai    t1, s5, 31
core   0: 3 0x80004af0 (0x41fad313) x 6 0x00000000
core   0: 0x80004af4 (0xfed71ae3) bne     a4, a3, pc - 12
core   0: 3 0x80004af4 (0xfed71ae3)
core   0: 0x80004af8 (0x00000d3e) c.slli  s10, 15
core   0: 3 0x80004af8 (0x0d3e) x26 0x00000000
core   0: 0x80004afa (0x00000613) li      a2, 0
core   0: 3 0x80004afa (0x00000613) x12 0x00000000
core   0: 0x80004afe (0x00500b13) li      s6, 5
core   0: 3 0x80004afe (0x00500b13) x22 0x00000005
core   0: 0x80004b02 (0x00008b71) c.andi  a4, 28
core   0: 3 0x80004b02 (0x8b71) x14 0x00000008
core   0: 0x80004b04 (0x00008c2a) c.mv    s8, a0
core   0: 3 0x80004b04 (0x8c2a) x24 0x80021e2c
core   0: 0x80004b06 (0x0000061d) c.addi  a2, 7
core   0: 3 0x80004b06 (0x061d) x12 0x00000007
core   0: 0x80004b08 (0x01dd4d33) xor     s10, s10, t4
core   0: 3 0x80004b08 (0x01dd4d33) x26 0x0889e000
core   0: 0x80004b0c (0x000083b9) c.srli  a5, 14
core   0: 3 0x80004b0c (0x83b9) x15 0x00000000
core   0: 0x80004b0e (0x00800413) li      s0, 8
core   0: 3 0x80004b0e (0x00800413) x 8 0x00000008
core   0: 0x80004b12 (0x00700393) li      t2, 7
core   0: 3 0x80004b12 (0x00700393) x 7 0x00000007
core   0: 0x80004b16 (0x035ab9b3) mulhu   s3, s5, s5
core   0: 3 0x80004b16 (0x035ab9b3) x19 0x0045d68e
core   0: 0x80004b1a (0x0000717d) c.addi16sp sp, -16
core   0: 3 0x80004b1a (0x717d) x 2 0xfffffffe
core   0: 0x80004b1c (0x00001475) c.addi  s0, -3
core   0: 3 0x80004b1c (0x1475) x 8 0x00000005
core   0: 0x80004b1e (0x00009afd) c.andi  a3, -1
core   0: 3 0x80004b1e (0x9afd) x13 0x00000009
core   0: 0x80004b20 (0xfe747be3) bgeu    s0, t2, pc - 10
core   0: 3 0x80004b20 (0xfe747be3)
core   0: 0x80004b24 (0xfd664fe3) blt     a2, s6, pc - 34
core   0: 3 0x80004b24 (0xfd664fe3)
core   0: 0x80004b28 (0x01fe12b3) sll     t0, t3, t6
core   0: 3 0x80004b28 (0x01fe12b3) x 5 0x00000000
core   0: 0x80004b2c (0x00600413) li      s0, 6
core   0: 3 0x80004b2c (0x00600413) x 8 0x00000006
core   0: 0x80004b30 (0x00000001) c.nop
core   0: 3 0x80004b30 (0x0001)
core   0: 0x80004b32 (0x000008e1) c.addi  a7, 24
core   0: 3 0x80004b32 (0x08e1) x17 0x00000018
core   0: 0x80004b34 (0x0000517d) c.li    sp, -1
core   0: 3 0x80004b34 (0x517d) x 2 0xffffffff
core   0: 0x80004b36 (0x00000001) c.nop
core   0: 3 0x80004b36 (0x0001)
core   0: 0x80004b38 (0x02da07b3) mul     a5, s4, a3
core   0: 3 0x80004b38 (0x02da07b3) x15 0x00000000
core   0: 0x80004b3c (0x00008499) c.srai  s1, 6
core   0: 3 0x80004b3c (0x8499) x 9 0xfffffff5
core   0: 0x80004b3e (0x00006135) c.addi16sp sp, 352
core   0: 3 0x80004b3e (0x6135) x 2 0x0000015f
core   0: 0x80004b40 (0x00008631) c.srai  a2, 12
core   0: 3 0x80004b40 (0x8631) x12 0x00000000
core   0: 0x80004b42 (0x00001475) c.addi  s0, -3
core   0: 3 0x80004b42 (0x1475) x 8 0x00000003
core   0: 0x80004b44 (0x00008de1) c.and   a1, s0
core   0: 3 0x80004b44 (0x8de1) x11 0x00000000
core   0: 0x80004b46 (0x00008a39) c.andi  a2, 14
core   0: 3 0x80004b46 (0x8a39) x12 0x00000000
core   0: 0x80004b48 (0x00000001) c.nop
core   0: 3 0x80004b48 (0x0001)
core   0: 0x80004b4a (0x0000717d) c.addi16sp sp, -16
core   0: 3 0x80004b4a (0x717d) x 2 0x0000014f
core   0: 0x80004b4c (0xff900c13) li      s8, -7
core   0: 3 0x80004b4c (0xff900c13) x24 0xfffffff9
core   0: 0x80004b50 (0x000068b5) c.lui   a7, 0xd
core   0: 3 0x80004b50 (0x68b5) x17 0x0000d000
core   0: 0x80004b52 (0x037ec3b3) div     t2, t4, s7
core   0: 3 0x80004b52 (0x037ec3b3) x 7 0xffa890a4
core   0: 0x80004b56 (0xd539ac97) auipc   s9, 0xd539a
core   0: 3 0x80004b56 (0xd539ac97) x25 0x5539eb56
core   0: 0x80004b5a (0x00300093) li      ra, 3
core   0: 3 0x80004b5a (0x00300093) x 1 0x00000003
core   0: 0x80004b5e (0x000068d9) c.lui   a7, 0x16
core   0: 3 0x80004b5e (0x68d9) x17 0x00016000
core   0: 0x80004b60 (0xd8265717) auipc   a4, 0xd8265
core   0: 3 0x80004b60 (0xd8265717) x14 0x58269b60
core   0: 0x80004b64 (0x02cf6833) rem     a6, t5, a2
core   0: 3 0x80004b64 (0x02cf6833) x16 0xfffffff0
core   0: 0x80004b68 (0x01d61133) sll     sp, a2, t4
core   0: 3 0x80004b68 (0x01d61133) x 2 0x00000000
core   0: 0x80004b6c (0x00000c29) c.addi  s8, 10
core   0: 3 0x80004b6c (0x0c29) x24 0x00000003
core   0: 0x80004b6e (0x003b4333) xor     t1, s6, gp
core   0: 3 0x80004b6e (0x003b4333) x 6 0x5cb92005
core   0: 0x80004b72 (0x00008fa9) c.xor   a5, a0
core   0: 3 0x80004b72 (0x8fa9) x15 0x80021e2c
core   0: 0x80004b74 (0xfe1c45e3) blt     s8, ra, pc - 22
core   0: 3 0x80004b74 (0xfe1c45e3)
core   0: 0x80004b78 (0x0000611d) c.addi16sp sp, 416
core   0: 3 0x80004b78 (0x611d) x 2 0x000001a0
core   0: 0x80004b7a (0x009cf1b3) and     gp, s9, s1
core   0: 3 0x80004b7a (0x009cf1b3) x 3 0x5539eb54
core   0: 0x80004b7e (0x0000fc4d) c.bnez  s0, pc - 70
core   0: 3 0x80004b7e (0xfc4d)
core   0: 0x80004b38 (0x02da07b3) mul     a5, s4, a3
core   0: 3 0x80004b38 (0x02da07b3) x15 0x00000000
core   0: 0x80004b3c (0x00008499) c.srai  s1, 6
core   0: 3 0x80004b3c (0x8499) x 9 0xffffffff
core   0: 0x80004b3e (0x00006135) c.addi16sp sp, 352
core   0: 3 0x80004b3e (0x6135) x 2 0x00000300
core   0: 0x80004b40 (0x00008631) c.srai  a2, 12
core   0: 3 0x80004b40 (0x8631) x12 0x00000000
core   0: 0x80004b42 (0x00001475) c.addi  s0, -3
core   0: 3 0x80004b42 (0x1475) x 8 0x00000000
core   0: 0x80004b44 (0x00008de1) c.and   a1, s0
core   0: 3 0x80004b44 (0x8de1) x11 0x00000000
core   0: 0x80004b46 (0x00008a39) c.andi  a2, 14
core   0: 3 0x80004b46 (0x8a39) x12 0x00000000
core   0: 0x80004b48 (0x00000001) c.nop
core   0: 3 0x80004b48 (0x0001)
core   0: 0x80004b4a (0x0000717d) c.addi16sp sp, -16
core   0: 3 0x80004b4a (0x717d) x 2 0x000002f0
core   0: 0x80004b4c (0xff900c13) li      s8, -7
core   0: 3 0x80004b4c (0xff900c13) x24 0xfffffff9
core   0: 0x80004b50 (0x000068b5) c.lui   a7, 0xd
core   0: 3 0x80004b50 (0x68b5) x17 0x0000d000
core   0: 0x80004b52 (0x037ec3b3) div     t2, t4, s7
core   0: 3 0x80004b52 (0x037ec3b3) x 7 0xffa890a4
core   0: 0x80004b56 (0xd539ac97) auipc   s9, 0xd539a
core   0: 3 0x80004b56 (0xd539ac97) x25 0x5539eb56
core   0: 0x80004b5a (0x00300093) li      ra, 3
core   0: 3 0x80004b5a (0x00300093) x 1 0x00000003
core   0: 0x80004b5e (0x000068d9) c.lui   a7, 0x16
core   0: 3 0x80004b5e (0x68d9) x17 0x00016000
core   0: 0x80004b60 (0xd8265717) auipc   a4, 0xd8265
core   0: 3 0x80004b60 (0xd8265717) x14 0x58269b60
core   0: 0x80004b64 (0x02cf6833) rem     a6, t5, a2
core   0: 3 0x80004b64 (0x02cf6833) x16 0xfffffff0
core   0: 0x80004b68 (0x01d61133) sll     sp, a2, t4
core   0: 3 0x80004b68 (0x01d61133) x 2 0x00000000
core   0: 0x80004b6c (0x00000c29) c.addi  s8, 10
core   0: 3 0x80004b6c (0x0c29) x24 0x00000003
core   0: 0x80004b6e (0x003b4333) xor     t1, s6, gp
core   0: 3 0x80004b6e (0x003b4333) x 6 0x5539eb51
core   0: 0x80004b72 (0x00008fa9) c.xor   a5, a0
core   0: 3 0x80004b72 (0x8fa9) x15 0x80021e2c
core   0: 0x80004b74 (0xfe1c45e3) blt     s8, ra, pc - 22
core   0: 3 0x80004b74 (0xfe1c45e3)
core   0: 0x80004b78 (0x0000611d) c.addi16sp sp, 416
core   0: 3 0x80004b78 (0x611d) x 2 0x000001a0
core   0: 0x80004b7a (0x009cf1b3) and     gp, s9, s1
core   0: 3 0x80004b7a (0x009cf1b3) x 3 0x5539eb56
core   0: 0x80004b7e (0x0000fc4d) c.bnez  s0, pc - 70
core   0: 3 0x80004b7e (0xfc4d)
core   0: 0x80004b80 (0x00001d98) c.addi4spn a4, sp, 752
core   0: 3 0x80004b80 (0x1d98) x14 0x00000490
core   0: 0x80004b82 (0xffe00693) li      a3, -2
core   0: 3 0x80004b82 (0xffe00693) x13 0xfffffffe
core   0: 0x80004b86 (0x00006d0d) c.lui   s10, 0x3
core   0: 3 0x80004b86 (0x6d0d) x26 0x00003000
core   0: 0x80004b88 (0x00000001) c.nop
core   0: 3 0x80004b88 (0x0001)
core   0: 0x80004b8a (0x4030d813) srai    a6, ra, 3
core   0: 3 0x80004b8a (0x4030d813) x16 0x00000000
core   0: 0x80004b8e (0x003ea7b3) slt     a5, t4, gp
core   0: 3 0x80004b8e (0x003ea7b3) x15 0x00000001
core   0: 0x80004b92 (0x00000001) c.nop
core   0: 3 0x80004b92 (0x0001)
core   0: 0x80004b94 (0x00000001) c.nop
core   0: 3 0x80004b94 (0x0001)
core   0: 0x80004b96 (0x00000685) c.addi  a3, 1
core   0: 3 0x80004b96 (0x0685) x13 0xffffffff
core   0: 0x80004b98 (0x00800413) li      s0, 8
core   0: 3 0x80004b98 (0x00800413) x 8 0x00000008
core   0: 0x80004b9c (0x000098fd) c.andi  s1, -1
core   0: 3 0x80004b9c (0x98fd) x 9 0xffffffff
core   0: 0x80004b9e (0x00200093) li      ra, 2
core   0: 3 0x80004b9e (0x00200093) x 1 0x00000002
core   0: 0x80004ba2 (0x03243b33) mulhu   s6, s0, s2
core   0: 3 0x80004ba2 (0x03243b33) x22 0x00000000
core   0: 0x80004ba6 (0x000084b2) c.mv    s1, a2
core   0: 3 0x80004ba6 (0x84b2) x 9 0x00000000
core   0: 0x80004ba8 (0x00001469) c.addi  s0, -6
core   0: 3 0x80004ba8 (0x1469) x 8 0x00000002
core   0: 0x80004baa (0xfe140ce3) beq     s0, ra, pc - 8
core   0: 3 0x80004baa (0xfe140ce3)
core   0: 0x80004ba2 (0x03243b33) mulhu   s6, s0, s2
core   0: 3 0x80004ba2 (0x03243b33) x22 0x00000000
core   0: 0x80004ba6 (0x000084b2) c.mv    s1, a2
core   0: 3 0x80004ba6 (0x84b2) x 9 0x00000000
core   0: 0x80004ba8 (0x00001469) c.addi  s0, -6
core   0: 3 0x80004ba8 (0x1469) x 8 0xfffffffc
core   0: 0x80004baa (0xfe140ce3) beq     s0, ra, pc - 8
core   0: 3 0x80004baa (0xfe140ce3)
core   0: 0x80004bae (0x03ed0233) mul     tp, s10, t5
core   0: 3 0x80004bae (0x03ed0233) x 4 0xfffd0000
core   0: 0x80004bb2 (0xc1ac7a13) andi    s4, s8, -998
core   0: 3 0x80004bb2 (0xc1ac7a13) x20 0x00000002
core   0: 0x80004bb6 (0x01e7cd33) xor     s10, a5, t5
core   0: 3 0x80004bb6 (0x01e7cd33) x26 0xfffffff1
core   0: 0x80004bba (0x0000faf1) c.bnez  a3, pc - 44
core   0: 3 0x80004bba (0xfaf1)
core   0: 0x80004b8e (0x003ea7b3) slt     a5, t4, gp
core   0: 3 0x80004b8e (0x003ea7b3) x15 0x00000001
core   0: 0x80004b92 (0x00000001) c.nop
core   0: 3 0x80004b92 (0x0001)
core   0: 0x80004b94 (0x00000001) c.nop
core   0: 3 0x80004b94 (0x0001)
core   0: 0x80004b96 (0x00000685) c.addi  a3, 1
core   0: 3 0x80004b96 (0x0685) x13 0x00000000
core   0: 0x80004b98 (0x00800413) li      s0, 8
core   0: 3 0x80004b98 (0x00800413) x 8 0x00000008
core   0: 0x80004b9c (0x000098fd) c.andi  s1, -1
core   0: 3 0x80004b9c (0x98fd) x 9 0x00000000
core   0: 0x80004b9e (0x00200093) li      ra, 2
core   0: 3 0x80004b9e (0x00200093) x 1 0x00000002
core   0: 0x80004ba2 (0x03243b33) mulhu   s6, s0, s2
core   0: 3 0x80004ba2 (0x03243b33) x22 0x00000000
core   0: 0x80004ba6 (0x000084b2) c.mv    s1, a2
core   0: 3 0x80004ba6 (0x84b2) x 9 0x00000000
core   0: 0x80004ba8 (0x00001469) c.addi  s0, -6
core   0: 3 0x80004ba8 (0x1469) x 8 0x00000002
core   0: 0x80004baa (0xfe140ce3) beq     s0, ra, pc - 8
core   0: 3 0x80004baa (0xfe140ce3)
core   0: 0x80004ba2 (0x03243b33) mulhu   s6, s0, s2
core   0: 3 0x80004ba2 (0x03243b33) x22 0x00000000
core   0: 0x80004ba6 (0x000084b2) c.mv    s1, a2
core   0: 3 0x80004ba6 (0x84b2) x 9 0x00000000
core   0: 0x80004ba8 (0x00001469) c.addi  s0, -6
core   0: 3 0x80004ba8 (0x1469) x 8 0xfffffffc
core   0: 0x80004baa (0xfe140ce3) beq     s0, ra, pc - 8
core   0: 3 0x80004baa (0xfe140ce3)
core   0: 0x80004bae (0x03ed0233) mul     tp, s10, t5
core   0: 3 0x80004bae (0x03ed0233) x 4 0x000000f0
core   0: 0x80004bb2 (0xc1ac7a13) andi    s4, s8, -998
core   0: 3 0x80004bb2 (0xc1ac7a13) x20 0x00000002
core   0: 0x80004bb6 (0x01e7cd33) xor     s10, a5, t5
core   0: 3 0x80004bb6 (0x01e7cd33) x26 0xfffffff1
core   0: 0x80004bba (0x0000faf1) c.bnez  a3, pc - 44
core   0: 3 0x80004bba (0xfaf1)
core   0: 0x80004bbc (0x54858993) addi    s3, a1, 1352
core   0: 3 0x80004bbc (0x54858993) x19 0x00000548
core   0: 0x80004bc0 (0x00800c93) li      s9, 8
core   0: 3 0x80004bc0 (0x00800c93) x25 0x00000008
core   0: 0x80004bc4 (0x000086a9) c.srai  a3, 10
core   0: 3 0x80004bc4 (0x86a9) x13 0x00000000
core   0: 0x80004bc6 (0x034d1033) mulh    zero, s10, s4
core   0: 3 0x80004bc6 (0x034d1033)
core   0: 0x80004bca (0x00800313) li      t1, 8
core   0: 3 0x80004bca (0x00800313) x 6 0x00000008
core   0: 0x80004bce (0x00008c41) c.or    s0, s0
core   0: 3 0x80004bce (0x8c41) x 8 0xfffffffc
core   0: 0x80004bd0 (0x754d3893) sltiu   a7, s10, 1876
core   0: 3 0x80004bd0 (0x754d3893) x17 0x00000000
core   0: 0x80004bd4 (0x000013fd) c.addi  t2, -1
core   0: 3 0x80004bd4 (0x13fd) x 7 0xffa890a3
core   0: 0x80004bd6 (0x03ba6d33) rem     s10, s4, s11
core   0: 3 0x80004bd6 (0x03ba6d33) x26 0x00000002
core   0: 0x80004bda (0x00001cf9) c.addi  s9, -2
core   0: 3 0x80004bda (0x1cf9) x25 0x00000006
core   0: 0x80004bdc (0xffc00713) li      a4, -4
core   0: 3 0x80004bdc (0xffc00713) x14 0xfffffffc
core   0: 0x80004be0 (0xf7f0f8b7) lui     a7, 0xf7f0f
core   0: 3 0x80004be0 (0xf7f0f8b7) x17 0xf7f0f000
core   0: 0x80004be4 (0x0000848e) c.mv    s1, gp
core   0: 3 0x80004be4 (0x848e) x 9 0x5539eb56
core   0: 0x80004be6 (0x00400213) li      tp, 4
core   0: 3 0x80004be6 (0x00400213) x 4 0x00000004
core   0: 0x80004bea (0x020cb7b3) mulhu   a5, s9, zero
core   0: 3 0x80004bea (0x020cb7b3) x15 0x00000000
core   0: 0x80004bee (0x018d7c33) and     s8, s10, s8
core   0: 3 0x80004bee (0x018d7c33) x24 0x00000002
core   0: 0x80004bf2 (0x00216133) or      sp, sp, sp
core   0: 3 0x80004bf2 (0x00216133) x 2 0x000001a0
core   0: 0x80004bf6 (0x03864b33) div     s6, a2, s8
core   0: 3 0x80004bf6 (0x03864b33) x22 0x00000000
core   0: 0x80004bfa (0x00000705) c.addi  a4, 1
core   0: 3 0x80004bfa (0x0705) x14 0xfffffffd
core   0: 0x80004bfc (0x00001600) c.addi4spn s0, sp, 800
core   0: 3 0x80004bfc (0x1600) x 8 0x000004c0
core   0: 0x80004bfe (0xfe4708e3) beq     a4, tp, pc - 16
core   0: 3 0x80004bfe (0xfe4708e3)
core   0: 0x80004c02 (0x65877bb7) lui     s7, 0x65877
core   0: 3 0x80004c02 (0x65877bb7) x23 0x65877000
core   0: 0x80004c06 (0xfc6cf5e3) bgeu    s9, t1, pc - 54
core   0: 3 0x80004c06 (0xfc6cf5e3)
core   0: 0x80004c0a (0x01d32fb3) slt     t6, t1, t4
core   0: 3 0x80004c0a (0x01d32fb3) x31 0x00000001
core   0: 0x80004c0e (0xff600893) li      a7, -10
core   0: 3 0x80004c0e (0xff600893) x17 0xfffffff6
core   0: 0x80004c12 (0x02ee8a33) mul     s4, t4, a4
core   0: 3 0x80004c12 (0x02ee8a33) x20 0xe6626000
core   0: 0x80004c16 (0x0324cfb3) div     t6, s1, s2
core   0: 3 0x80004c16 (0x0324cfb3) x31 0x5539eb56
core   0: 0x80004c1a (0x00000c80) c.addi4spn s0, sp, 592
core   0: 3 0x80004c1a (0x0c80) x 8 0x000003f0
core   0: 0x80004c1c (0x00008a66) c.mv    s4, s9
core   0: 3 0x80004c1c (0x8a66) x20 0x00000006
core   0: 0x80004c1e (0x00400b13) li      s6, 4
core   0: 3 0x80004c1e (0x00400b13) x22 0x00000004
core   0: 0x80004c22 (0x0000100f) fence.i
core   0: 3 0x80004c22 (0x0000100f)
core   0: 0x80004c26 (0x0000100f) fence.i
core   0: 3 0x80004c26 (0x0000100f)
core   0: 0x80004c2a (0x013effb3) and     t6, t4, s3
core   0: 3 0x80004c2a (0x013effb3) x31 0x00000000
core   0: 0x80004c2e (0x0000089d) c.addi  a7, 7
core   0: 3 0x80004c2e (0x089d) x17 0xfffffffd
core   0: 0x80004c30 (0x01510e33) add     t3, sp, s5
core   0: 3 0x80004c30 (0x01510e33) x28 0x085b60c0
core   0: 0x80004c34 (0x017ed4b3) srl     s1, t4, s7
core   0: 3 0x80004c34 (0x017ed4b3) x 9 0x0889e000
core   0: 0x80004c38 (0x0368c3b3) div     t2, a7, s6
core   0: 3 0x80004c38 (0x0368c3b3) x 7 0x00000000
core   0: 0x80004c3c (0xffb00713) li      a4, -5
core   0: 3 0x80004c3c (0xffb00713) x14 0xfffffffb
core   0: 0x80004c40 (0x00000001) c.nop
core   0: 3 0x80004c40 (0x0001)
core   0: 0x80004c42 (0x31636193) ori     gp, t1, 790
core   0: 3 0x80004c42 (0x31636193) x 3 0x0000031e
core   0: 0x80004c46 (0x000085d1) c.srai  a1, 20
core   0: 3 0x80004c46 (0x85d1) x11 0x00000000
core   0: 0x80004c48 (0x00008a1a) c.mv    s4, t1
core   0: 3 0x80004c48 (0x8a1a) x20 0x00000008
core   0: 0x80004c4a (0x000080e9) c.srli  s1, 26
core   0: 3 0x80004c4a (0x80e9) x 9 0x00000002
core   0: 0x80004c4c (0x406e85b3) sub     a1, t4, t1
core   0: 3 0x80004c4c (0x406e85b3) x11 0x0889dff8
core   0: 0x80004c50 (0x0018fbb3) and     s7, a7, ra
core   0: 3 0x80004c50 (0x0018fbb3) x23 0x00000000
core   0: 0x80004c54 (0x0000100f) fence.i
core   0: 3 0x80004c54 (0x0000100f)
core   0: 0x80004c58 (0x000084a1) c.srai  s1, 8
core   0: 3 0x80004c58 (0x84a1) x 9 0x00000000
core   0: 0x80004c5a (0x8489f613) andi    a2, s3, -1976
core   0: 3 0x80004c5a (0x8489f613) x12 0x00000048
core   0: 0x80004c5e (0x60c2a637) lui     a2, 0x60c2a
core   0: 3 0x80004c5e (0x60c2a637) x12 0x60c2a000
core   0: 0x80004c62 (0x027cdfb3) divu    t6, s9, t2
core   0: 3 0x80004c62 (0x027cdfb3) x31 0xffffffff
core   0: 0x80004c66 (0x0000100f) fence.i
core   0: 3 0x80004c66 (0x0000100f)
core   0: 0x80004c6a (0x7087dbb7) lui     s7, 0x7087d
core   0: 3 0x80004c6a (0x7087dbb7) x23 0x7087d000
core   0: 0x80004c6e (0x00006109) c.addi16sp sp, 128
core   0: 3 0x80004c6e (0x6109) x 2 0x00000220
core   0: 0x80004c70 (0x00009426) c.add   s0, s1
core   0: 3 0x80004c70 (0x9426) x 8 0x000003f0
core   0: 0x80004c72 (0x00000705) c.addi  a4, 1
core   0: 3 0x80004c72 (0x0705) x14 0xfffffffc
core   0: 0x80004c74 (0x0000f77d) c.bnez  a4, pc - 18
core   0: 3 0x80004c74 (0xf77d)
core   0: 0x80004c62 (0x027cdfb3) divu    t6, s9, t2
core   0: 3 0x80004c62 (0x027cdfb3) x31 0xffffffff
core   0: 0x80004c66 (0x0000100f) fence.i
core   0: 3 0x80004c66 (0x0000100f)
core   0: 0x80004c6a (0x7087dbb7) lui     s7, 0x7087d
core   0: 3 0x80004c6a (0x7087dbb7) x23 0x7087d000
core   0: 0x80004c6e (0x00006109) c.addi16sp sp, 128
core   0: 3 0x80004c6e (0x6109) x 2 0x000002a0
core   0: 0x80004c70 (0x00009426) c.add   s0, s1
core   0: 3 0x80004c70 (0x9426) x 8 0x000003f0
core   0: 0x80004c72 (0x00000705) c.addi  a4, 1
core   0: 3 0x80004c72 (0x0705) x14 0xfffffffd
core   0: 0x80004c74 (0x0000f77d) c.bnez  a4, pc - 18
core   0: 3 0x80004c74 (0xf77d)
core   0: 0x80004c62 (0x027cdfb3) divu    t6, s9, t2
core   0: 3 0x80004c62 (0x027cdfb3) x31 0xffffffff
core   0: 0x80004c66 (0x0000100f) fence.i
core   0: 3 0x80004c66 (0x0000100f)
core   0: 0x80004c6a (0x7087dbb7) lui     s7, 0x7087d
core   0: 3 0x80004c6a (0x7087dbb7) x23 0x7087d000
core   0: 0x80004c6e (0x00006109) c.addi16sp sp, 128
core   0: 3 0x80004c6e (0x6109) x 2 0x00000320
core   0: 0x80004c70 (0x00009426) c.add   s0, s1
core   0: 3 0x80004c70 (0x9426) x 8 0x000003f0
core   0: 0x80004c72 (0x00000705) c.addi  a4, 1
core   0: 3 0x80004c72 (0x0705) x14 0xfffffffe
core   0: 0x80004c74 (0x0000f77d) c.bnez  a4, pc - 18
core   0: 3 0x80004c74 (0xf77d)
core   0: 0x80004c62 (0x027cdfb3) divu    t6, s9, t2
core   0: 3 0x80004c62 (0x027cdfb3) x31 0xffffffff
core   0: 0x80004c66 (0x0000100f) fence.i
core   0: 3 0x80004c66 (0x0000100f)
core   0: 0x80004c6a (0x7087dbb7) lui     s7, 0x7087d
core   0: 3 0x80004c6a (0x7087dbb7) x23 0x7087d000
core   0: 0x80004c6e (0x00006109) c.addi16sp sp, 128
core   0: 3 0x80004c6e (0x6109) x 2 0x000003a0
core   0: 0x80004c70 (0x00009426) c.add   s0, s1
core   0: 3 0x80004c70 (0x9426) x 8 0x000003f0
core   0: 0x80004c72 (0x00000705) c.addi  a4, 1
core   0: 3 0x80004c72 (0x0705) x14 0xffffffff
core   0: 0x80004c74 (0x0000f77d) c.bnez  a4, pc - 18
core   0: 3 0x80004c74 (0xf77d)
core   0: 0x80004c62 (0x027cdfb3) divu    t6, s9, t2
core   0: 3 0x80004c62 (0x027cdfb3) x31 0xffffffff
core   0: 0x80004c66 (0x0000100f) fence.i
core   0: 3 0x80004c66 (0x0000100f)
core   0: 0x80004c6a (0x7087dbb7) lui     s7, 0x7087d
core   0: 3 0x80004c6a (0x7087dbb7) x23 0x7087d000
core   0: 0x80004c6e (0x00006109) c.addi16sp sp, 128
core   0: 3 0x80004c6e (0x6109) x 2 0x00000420
core   0: 0x80004c70 (0x00009426) c.add   s0, s1
core   0: 3 0x80004c70 (0x9426) x 8 0x000003f0
core   0: 0x80004c72 (0x00000705) c.addi  a4, 1
core   0: 3 0x80004c72 (0x0705) x14 0x00000000
core   0: 0x80004c74 (0x0000f77d) c.bnez  a4, pc - 18
core   0: 3 0x80004c74 (0xf77d)
core   0: 0x80004c76 (0x00008c05) c.sub   s0, s1
core   0: 3 0x80004c76 (0x8c05) x 8 0x000003f0
core   0: 0x80004c78 (0xfb6889e3) beq     a7, s6, pc - 78
core   0: 3 0x80004c78 (0xfb6889e3)
core   0: 0x80004c7c (0x00000001) c.nop
core   0: 3 0x80004c7c (0x0001)
core   0: 0x80004c7e (0xff900793) li      a5, -7
core   0: 3 0x80004c7e (0xff900793) x15 0xfffffff9
core   0: 0x80004c82 (0x00000c98) c.addi4spn a4, sp, 592
core   0: 3 0x80004c82 (0x0c98) x14 0x00000670
core   0: 0x80004c84 (0x0000717d) c.addi16sp sp, -16
core   0: 3 0x80004c84 (0x717d) x 2 0x00000410
core   0: 0x80004c86 (0x50cc2913) slti    s2, s8, 1292
core   0: 3 0x80004c86 (0x50cc2913) x18 0x00000001
core   0: 0x80004c8a (0x025bbf33) mulhu   t5, s7, t0
core   0: 3 0x80004c8a (0x025bbf33) x30 0x00000000
core   0: 0x80004c8e (0xfff00e93) li      t4, -1
core   0: 3 0x80004c8e (0xfff00e93) x29 0xffffffff
core   0: 0x80004c92 (0x41800b33) sub     s6, zero, s8
core   0: 3 0x80004c92 (0x41800b33) x22 0xfffffffe
core   0: 0x80004c96 (0x41278a33) sub     s4, a5, s2
core   0: 3 0x80004c96 (0x41278a33) x20 0xfffffff8
core   0: 0x80004c9a (0x00000799) c.addi  a5, 6
core   0: 3 0x80004c9a (0x0799) x15 0xffffffff
core   0: 0x80004c9c (0x01f37133) and     sp, t1, t6
core   0: 3 0x80004c9c (0x01f37133) x 2 0x00000008
core   0: 0x80004ca0 (0xffd00f93) li      t6, -3
core   0: 3 0x80004ca0 (0xffd00f93) x31 0xfffffffd
core   0: 0x80004ca4 (0x0211f0b3) remu    ra, gp, ra
core   0: 3 0x80004ca4 (0x0211f0b3) x 1 0x00000000
core   0: 0x80004ca8 (0x02d6f2b3) remu    t0, a3, a3
core   0: 3 0x80004ca8 (0x02d6f2b3) x 5 0x00000000
core   0: 0x80004cac (0x000099fd) c.andi  a1, -1
core   0: 3 0x80004cac (0x99fd) x11 0x0889dff8
core   0: 0x80004cae (0x00f082b3) add     t0, ra, a5
core   0: 3 0x80004cae (0x00f082b3) x 5 0xffffffff
core   0: 0x80004cb2 (0x5fa32713) slti    a4, t1, 1530
core   0: 3 0x80004cb2 (0x5fa32713) x14 0x00000001
core   0: 0x80004cb6 (0x00008f31) c.xor   a4, a2
core   0: 3 0x80004cb6 (0x8f31) x14 0x60c2a001
core   0: 0x80004cb8 (0x00000001) c.nop
core   0: 3 0x80004cb8 (0x0001)
core   0: 0x80004cba (0x00f00213) li      tp, 15
core   0: 3 0x80004cba (0x00f00213) x 4 0x0000000f
core   0: 0x80004cbe (0x00008ed5) c.or    a3, a3
core   0: 3 0x80004cbe (0x8ed5) x13 0x00000000
core   0: 0x80004cc0 (0x900ba293) slti    t0, s7, -1792
core   0: 3 0x80004cc0 (0x900ba293) x 5 0x00000000
core   0: 0x80004cc4 (0x00000001) c.nop
core   0: 3 0x80004cc4 (0x0001)
core   0: 0x80004cc6 (0x00000001) c.nop
core   0: 3 0x80004cc6 (0x0001)
core   0: 0x80004cc8 (0x00000f8d) c.addi  t6, 3
core   0: 3 0x80004cc8 (0x0f8d) x31 0x00000000
core   0: 0x80004cca (0x54587893) andi    a7, a6, 1349
core   0: 3 0x80004cca (0x54587893) x17 0x00000000
core   0: 0x80004cce (0xfe4fe9e3) bltu    t6, tp, pc - 14
core   0: 3 0x80004cce (0xfe4fe9e3)
core   0: 0x80004cc0 (0x900ba293) slti    t0, s7, -1792
core   0: 3 0x80004cc0 (0x900ba293) x 5 0x00000000
core   0: 0x80004cc4 (0x00000001) c.nop
core   0: 3 0x80004cc4 (0x0001)
core   0: 0x80004cc6 (0x00000001) c.nop
core   0: 3 0x80004cc6 (0x0001)
core   0: 0x80004cc8 (0x00000f8d) c.addi  t6, 3
core   0: 3 0x80004cc8 (0x0f8d) x31 0x00000003
core   0: 0x80004cca (0x54587893) andi    a7, a6, 1349
core   0: 3 0x80004cca (0x54587893) x17 0x00000000
core   0: 0x80004cce (0xfe4fe9e3) bltu    t6, tp, pc - 14
core   0: 3 0x80004cce (0xfe4fe9e3)
core   0: 0x80004cc0 (0x900ba293) slti    t0, s7, -1792
core   0: 3 0x80004cc0 (0x900ba293) x 5 0x00000000
core   0: 0x80004cc4 (0x00000001) c.nop
core   0: 3 0x80004cc4 (0x0001)
core   0: 0x80004cc6 (0x00000001) c.nop
core   0: 3 0x80004cc6 (0x0001)
core   0: 0x80004cc8 (0x00000f8d) c.addi  t6, 3
core   0: 3 0x80004cc8 (0x0f8d) x31 0x00000006
core   0: 0x80004cca (0x54587893) andi    a7, a6, 1349
core   0: 3 0x80004cca (0x54587893) x17 0x00000000
core   0: 0x80004cce (0xfe4fe9e3) bltu    t6, tp, pc - 14
core   0: 3 0x80004cce (0xfe4fe9e3)
core   0: 0x80004cc0 (0x900ba293) slti    t0, s7, -1792
core   0: 3 0x80004cc0 (0x900ba293) x 5 0x00000000
core   0: 0x80004cc4 (0x00000001) c.nop
core   0: 3 0x80004cc4 (0x0001)
core   0: 0x80004cc6 (0x00000001) c.nop
core   0: 3 0x80004cc6 (0x0001)
core   0: 0x80004cc8 (0x00000f8d) c.addi  t6, 3
core   0: 3 0x80004cc8 (0x0f8d) x31 0x00000009
core   0: 0x80004cca (0x54587893) andi    a7, a6, 1349
core   0: 3 0x80004cca (0x54587893) x17 0x00000000
core   0: 0x80004cce (0xfe4fe9e3) bltu    t6, tp, pc - 14
core   0: 3 0x80004cce (0xfe4fe9e3)
core   0: 0x80004cc0 (0x900ba293) slti    t0, s7, -1792
core   0: 3 0x80004cc0 (0x900ba293) x 5 0x00000000
core   0: 0x80004cc4 (0x00000001) c.nop
core   0: 3 0x80004cc4 (0x0001)
core   0: 0x80004cc6 (0x00000001) c.nop
core   0: 3 0x80004cc6 (0x0001)
core   0: 0x80004cc8 (0x00000f8d) c.addi  t6, 3
core   0: 3 0x80004cc8 (0x0f8d) x31 0x0000000c
core   0: 0x80004cca (0x54587893) andi    a7, a6, 1349
core   0: 3 0x80004cca (0x54587893) x17 0x00000000
core   0: 0x80004cce (0xfe4fe9e3) bltu    t6, tp, pc - 14
core   0: 3 0x80004cce (0xfe4fe9e3)
core   0: 0x80004cc0 (0x900ba293) slti    t0, s7, -1792
core   0: 3 0x80004cc0 (0x900ba293) x 5 0x00000000
core   0: 0x80004cc4 (0x00000001) c.nop
core   0: 3 0x80004cc4 (0x0001)
core   0: 0x80004cc6 (0x00000001) c.nop
core   0: 3 0x80004cc6 (0x0001)
core   0: 0x80004cc8 (0x00000f8d) c.addi  t6, 3
core   0: 3 0x80004cc8 (0x0f8d) x31 0x0000000f
core   0: 0x80004cca (0x54587893) andi    a7, a6, 1349
core   0: 3 0x80004cca (0x54587893) x17 0x00000000
core   0: 0x80004cce (0xfe4fe9e3) bltu    t6, tp, pc - 14
core   0: 3 0x80004cce (0xfe4fe9e3)
core   0: 0x80004cd2 (0x000064f1) c.lui   s1, 0x1c
core   0: 3 0x80004cd2 (0x64f1) x 9 0x0001c000
core   0: 0x80004cd4 (0x02ad09b3) mul     s3, s10, a0
core   0: 3 0x80004cd4 (0x02ad09b3) x19 0x00043c58
core   0: 0x80004cd8 (0xfbd78fe3) beq     a5, t4, pc - 66
core   0: 3 0x80004cd8 (0xfbd78fe3)
core   0: 0x80004c96 (0x41278a33) sub     s4, a5, s2
core   0: 3 0x80004c96 (0x41278a33) x20 0xfffffffe
core   0: 0x80004c9a (0x00000799) c.addi  a5, 6
core   0: 3 0x80004c9a (0x0799) x15 0x00000005
core   0: 0x80004c9c (0x01f37133) and     sp, t1, t6
core   0: 3 0x80004c9c (0x01f37133) x 2 0x00000008
core   0: 0x80004ca0 (0xffd00f93) li      t6, -3
core   0: 3 0x80004ca0 (0xffd00f93) x31 0xfffffffd
core   0: 0x80004ca4 (0x0211f0b3) remu    ra, gp, ra
core   0: 3 0x80004ca4 (0x0211f0b3) x 1 0x0000031e
core   0: 0x80004ca8 (0x02d6f2b3) remu    t0, a3, a3
core   0: 3 0x80004ca8 (0x02d6f2b3) x 5 0x00000000
core   0: 0x80004cac (0x000099fd) c.andi  a1, -1
core   0: 3 0x80004cac (0x99fd) x11 0x0889dff8
core   0: 0x80004cae (0x00f082b3) add     t0, ra, a5
core   0: 3 0x80004cae (0x00f082b3) x 5 0x00000323
core   0: 0x80004cb2 (0x5fa32713) slti    a4, t1, 1530
core   0: 3 0x80004cb2 (0x5fa32713) x14 0x00000001
core   0: 0x80004cb6 (0x00008f31) c.xor   a4, a2
core   0: 3 0x80004cb6 (0x8f31) x14 0x60c2a001
core   0: 0x80004cb8 (0x00000001) c.nop
core   0: 3 0x80004cb8 (0x0001)
core   0: 0x80004cba (0x00f00213) li      tp, 15
core   0: 3 0x80004cba (0x00f00213) x 4 0x0000000f
core   0: 0x80004cbe (0x00008ed5) c.or    a3, a3
core   0: 3 0x80004cbe (0x8ed5) x13 0x00000000
core   0: 0x80004cc0 (0x900ba293) slti    t0, s7, -1792
core   0: 3 0x80004cc0 (0x900ba293) x 5 0x00000000
core   0: 0x80004cc4 (0x00000001) c.nop
core   0: 3 0x80004cc4 (0x0001)
core   0: 0x80004cc6 (0x00000001) c.nop
core   0: 3 0x80004cc6 (0x0001)
core   0: 0x80004cc8 (0x00000f8d) c.addi  t6, 3
core   0: 3 0x80004cc8 (0x0f8d) x31 0x00000000
core   0: 0x80004cca (0x54587893) andi    a7, a6, 1349
core   0: 3 0x80004cca (0x54587893) x17 0x00000000
core   0: 0x80004cce (0xfe4fe9e3) bltu    t6, tp, pc - 14
core   0: 3 0x80004cce (0xfe4fe9e3)
core   0: 0x80004cc0 (0x900ba293) slti    t0, s7, -1792
core   0: 3 0x80004cc0 (0x900ba293) x 5 0x00000000
core   0: 0x80004cc4 (0x00000001) c.nop
core   0: 3 0x80004cc4 (0x0001)
core   0: 0x80004cc6 (0x00000001) c.nop
core   0: 3 0x80004cc6 (0x0001)
core   0: 0x80004cc8 (0x00000f8d) c.addi  t6, 3
core   0: 3 0x80004cc8 (0x0f8d) x31 0x00000003
core   0: 0x80004cca (0x54587893) andi    a7, a6, 1349
core   0: 3 0x80004cca (0x54587893) x17 0x00000000
core   0: 0x80004cce (0xfe4fe9e3) bltu    t6, tp, pc - 14
core   0: 3 0x80004cce (0xfe4fe9e3)
core   0: 0x80004cc0 (0x900ba293) slti    t0, s7, -1792
core   0: 3 0x80004cc0 (0x900ba293) x 5 0x00000000
core   0: 0x80004cc4 (0x00000001) c.nop
core   0: 3 0x80004cc4 (0x0001)
core   0: 0x80004cc6 (0x00000001) c.nop
core   0: 3 0x80004cc6 (0x0001)
core   0: 0x80004cc8 (0x00000f8d) c.addi  t6, 3
core   0: 3 0x80004cc8 (0x0f8d) x31 0x00000006
core   0: 0x80004cca (0x54587893) andi    a7, a6, 1349
core   0: 3 0x80004cca (0x54587893) x17 0x00000000
core   0: 0x80004cce (0xfe4fe9e3) bltu    t6, tp, pc - 14
core   0: 3 0x80004cce (0xfe4fe9e3)
core   0: 0x80004cc0 (0x900ba293) slti    t0, s7, -1792
core   0: 3 0x80004cc0 (0x900ba293) x 5 0x00000000
core   0: 0x80004cc4 (0x00000001) c.nop
core   0: 3 0x80004cc4 (0x0001)
core   0: 0x80004cc6 (0x00000001) c.nop
core   0: 3 0x80004cc6 (0x0001)
core   0: 0x80004cc8 (0x00000f8d) c.addi  t6, 3
core   0: 3 0x80004cc8 (0x0f8d) x31 0x00000009
core   0: 0x80004cca (0x54587893) andi    a7, a6, 1349
core   0: 3 0x80004cca (0x54587893) x17 0x00000000
core   0: 0x80004cce (0xfe4fe9e3) bltu    t6, tp, pc - 14
core   0: 3 0x80004cce (0xfe4fe9e3)
core   0: 0x80004cc0 (0x900ba293) slti    t0, s7, -1792
core   0: 3 0x80004cc0 (0x900ba293) x 5 0x00000000
core   0: 0x80004cc4 (0x00000001) c.nop
core   0: 3 0x80004cc4 (0x0001)
core   0: 0x80004cc6 (0x00000001) c.nop
core   0: 3 0x80004cc6 (0x0001)
core   0: 0x80004cc8 (0x00000f8d) c.addi  t6, 3
core   0: 3 0x80004cc8 (0x0f8d) x31 0x0000000c
core   0: 0x80004cca (0x54587893) andi    a7, a6, 1349
core   0: 3 0x80004cca (0x54587893) x17 0x00000000
core   0: 0x80004cce (0xfe4fe9e3) bltu    t6, tp, pc - 14
core   0: 3 0x80004cce (0xfe4fe9e3)
core   0: 0x80004cc0 (0x900ba293) slti    t0, s7, -1792
core   0: 3 0x80004cc0 (0x900ba293) x 5 0x00000000
core   0: 0x80004cc4 (0x00000001) c.nop
core   0: 3 0x80004cc4 (0x0001)
core   0: 0x80004cc6 (0x00000001) c.nop
core   0: 3 0x80004cc6 (0x0001)
core   0: 0x80004cc8 (0x00000f8d) c.addi  t6, 3
core   0: 3 0x80004cc8 (0x0f8d) x31 0x0000000f
core   0: 0x80004cca (0x54587893) andi    a7, a6, 1349
core   0: 3 0x80004cca (0x54587893) x17 0x00000000
core   0: 0x80004cce (0xfe4fe9e3) bltu    t6, tp, pc - 14
core   0: 3 0x80004cce (0xfe4fe9e3)
core   0: 0x80004cd2 (0x000064f1) c.lui   s1, 0x1c
core   0: 3 0x80004cd2 (0x64f1) x 9 0x0001c000
core   0: 0x80004cd4 (0x02ad09b3) mul     s3, s10, a0
core   0: 3 0x80004cd4 (0x02ad09b3) x19 0x00043c58
core   0: 0x80004cd8 (0xfbd78fe3) beq     a5, t4, pc - 66
core   0: 3 0x80004cd8 (0xfbd78fe3)
core   0: 0x80004cdc (0x00008f45) c.or    a4, s1
core   0: 3 0x80004cdc (0x8f45) x14 0x60c3e001
core   0: 0x80004cde (0xffc00713) li      a4, -4
core   0: 3 0x80004cde (0xffc00713) x14 0xfffffffc
core   0: 0x80004ce2 (0x00000622) c.slli  a2, 8
core   0: 3 0x80004ce2 (0x0622) x12 0xc2a00000
core   0: 0x80004ce4 (0x4067d0b3) sra     ra, a5, t1
core   0: 3 0x80004ce4 (0x4067d0b3) x 1 0x00000000
core   0: 0x80004ce8 (0x414958b3) sra     a7, s2, s4
core   0: 3 0x80004ce8 (0x414958b3) x17 0x00000000
core   0: 0x80004cec (0x00000001) c.nop
core   0: 3 0x80004cec (0x0001)
core   0: 0x80004cee (0x000085a9) c.srai  a1, 10
core   0: 3 0x80004cee (0x85a9) x11 0x00022277
core   0: 0x80004cf0 (0x00f438b3) sltu    a7, s0, a5
core   0: 3 0x80004cf0 (0x00f438b3) x17 0x00000000
core   0: 0x80004cf4 (0x00008c61) c.and   s0, s0
core   0: 3 0x80004cf4 (0x8c61) x 8 0x000003f0
core   0: 0x80004cf6 (0x00000711) c.addi  a4, 4
core   0: 3 0x80004cf6 (0x0711) x14 0x00000000
core   0: 0x80004cf8 (0x026fb333) mulhu   t1, t6, t1
core   0: 3 0x80004cf8 (0x026fb333) x 6 0x00000000
core   0: 0x80004cfc (0x00008286) c.mv    t0, ra
core   0: 3 0x80004cfc (0x8286) x 5 0x00000000
core   0: 0x80004cfe (0xffc00e93) li      t4, -4
core   0: 3 0x80004cfe (0xffc00e93) x29 0xfffffffc
core   0: 0x80004d02 (0x000000c9) c.addi  ra, 18
core   0: 3 0x80004d02 (0x00c9) x 1 0x00000012
core   0: 0x80004d04 (0xff600993) li      s3, -10
core   0: 3 0x80004d04 (0xff600993) x19 0xfffffff6
core   0: 0x80004d08 (0x0365b8b3) mulhu   a7, a1, s6
core   0: 3 0x80004d08 (0x0365b8b3) x17 0x00022276
core   0: 0x80004d0c (0xf3144493) xori    s1, s0, -207
core   0: 3 0x80004d0c (0xf3144493) x 9 0xfffffcc1
core   0: 0x80004d10 (0x00008ab5) c.andi  a3, 13
core   0: 3 0x80004d10 (0x8ab5) x13 0x00000000
core   0: 0x80004d12 (0x00001ee1) c.addi  t4, -8
core   0: 3 0x80004d12 (0x1ee1) x29 0xfffffff4
core   0: 0x80004d14 (0x00006965) c.lui   s2, 0x19
core   0: 3 0x80004d14 (0x6965) x18 0x00019000
core   0: 0x80004d16 (0xff3edbe3) bge     t4, s3, pc - 10
core   0: 3 0x80004d16 (0xff3edbe3)
core   0: 0x80004d1a (0x0000df69) c.beqz  a4, pc - 38
core   0: 3 0x80004d1a (0xdf69)
core   0: 0x80004cf4 (0x00008c61) c.and   s0, s0
core   0: 3 0x80004cf4 (0x8c61) x 8 0x000003f0
core   0: 0x80004cf6 (0x00000711) c.addi  a4, 4
core   0: 3 0x80004cf6 (0x0711) x14 0x00000004
core   0: 0x80004cf8 (0x026fb333) mulhu   t1, t6, t1
core   0: 3 0x80004cf8 (0x026fb333) x 6 0x00000000
core   0: 0x80004cfc (0x00008286) c.mv    t0, ra
core   0: 3 0x80004cfc (0x8286) x 5 0x00000012
core   0: 0x80004cfe (0xffc00e93) li      t4, -4
core   0: 3 0x80004cfe (0xffc00e93) x29 0xfffffffc
core   0: 0x80004d02 (0x000000c9) c.addi  ra, 18
core   0: 3 0x80004d02 (0x00c9) x 1 0x00000024
core   0: 0x80004d04 (0xff600993) li      s3, -10
core   0: 3 0x80004d04 (0xff600993) x19 0xfffffff6
core   0: 0x80004d08 (0x0365b8b3) mulhu   a7, a1, s6
core   0: 3 0x80004d08 (0x0365b8b3) x17 0x00022276
core   0: 0x80004d0c (0xf3144493) xori    s1, s0, -207
core   0: 3 0x80004d0c (0xf3144493) x 9 0xfffffcc1
core   0: 0x80004d10 (0x00008ab5) c.andi  a3, 13
core   0: 3 0x80004d10 (0x8ab5) x13 0x00000000
core   0: 0x80004d12 (0x00001ee1) c.addi  t4, -8
core   0: 3 0x80004d12 (0x1ee1) x29 0xfffffff4
core   0: 0x80004d14 (0x00006965) c.lui   s2, 0x19
core   0: 3 0x80004d14 (0x6965) x18 0x00019000
core   0: 0x80004d16 (0xff3edbe3) bge     t4, s3, pc - 10
core   0: 3 0x80004d16 (0xff3edbe3)
core   0: 0x80004d1a (0x0000df69) c.beqz  a4, pc - 38
core   0: 3 0x80004d1a (0xdf69)
core   0: 0x80004d1c (0x0070d593) srli    a1, ra, 7
core   0: 3 0x80004d1c (0x0070d593) x11 0x00000000
core   0: 0x80004d20 (0x00600713) li      a4, 6
core   0: 3 0x80004d20 (0x00600713) x14 0x00000006
core   0: 0x80004d24 (0x036bb6b3) mulhu   a3, s7, s6
core   0: 3 0x80004d24 (0x036bb6b3) x13 0x7087cfff
core   0: 0x80004d28 (0x00008fe5) c.and   a5, s1
core   0: 3 0x80004d28 (0x8fe5) x15 0x00000001
core   0: 0x80004d2a (0x00000001) c.nop
core   0: 3 0x80004d2a (0x0001)
core   0: 0x80004d2c (0x0081b1b3) sltu    gp, gp, s0
core   0: 3 0x80004d2c (0x0081b1b3) x 3 0x00000001
core   0: 0x80004d30 (0x000084d9) c.srai  s1, 22
core   0: 3 0x80004d30 (0x84d9) x 9 0xffffffff
core   0: 0x80004d32 (0x005c1d13) slli    s10, s8, 5
core   0: 3 0x80004d32 (0x005c1d13) x26 0x00000040
core   0: 0x80004d36 (0x02ef81b3) mul     gp, t6, a4
core   0: 3 0x80004d36 (0x02ef81b3) x 3 0x0000005a
core   0: 0x80004d3a (0x00008ee5) c.and   a3, s1
core   0: 3 0x80004d3a (0x8ee5) x13 0x7087cfff
core   0: 0x80004d3c (0x00008ed5) c.or    a3, a3
core   0: 3 0x80004d3c (0x8ed5) x13 0x7087cfff
core   0: 0x80004d3e (0x88f2ce93) xori    t4, t0, -1905
core   0: 3 0x80004d3e (0x88f2ce93) x29 0xfffff89d
core   0: 0x80004d42 (0x0309d8b3) divu    a7, s3, a6
core   0: 3 0x80004d42 (0x0309d8b3) x17 0xffffffff
core   0: 0x80004d46 (0x01f9d593) srli    a1, s3, 31
core   0: 3 0x80004d46 (0x01f9d593) x11 0x00000001
core   0: 0x80004d4a (0x039ddcb3) divu    s9, s11, s9
core   0: 3 0x80004d4a (0x039ddcb3) x25 0x1555ba26
core   0: 0x80004d4e (0x000065a1) c.lui   a1, 0x8
core   0: 3 0x80004d4e (0x65a1) x11 0x00008000
core   0: 0x80004d50 (0x414c5a13) srai    s4, s8, 20
core   0: 3 0x80004d50 (0x414c5a13) x20 0x00000000
core   0: 0x80004d54 (0x00001775) c.addi  a4, -3
core   0: 3 0x80004d54 (0x1775) x14 0x00000003
core   0: 0x80004d56 (0x00500413) li      s0, 5
core   0: 3 0x80004d56 (0x00500413) x 8 0x00000005
core   0: 0x80004d5a (0x418108b3) sub     a7, sp, s8
core   0: 3 0x80004d5a (0x418108b3) x17 0x00000006
core   0: 0x80004d5e (0x020c6f33) rem     t5, s8, zero
core   0: 3 0x80004d5e (0x020c6f33) x30 0x00000002
core   0: 0x80004d62 (0x02780633) mul     a2, a6, t2
core   0: 3 0x80004d62 (0x02780633) x12 0x00000000
core   0: 0x80004d66 (0xff600b93) li      s7, -10
core   0: 3 0x80004d66 (0xff600b93) x23 0xfffffff6
core   0: 0x80004d6a (0x0227b833) mulhu   a6, a5, sp
core   0: 3 0x80004d6a (0x0227b833) x16 0x00000000
core   0: 0x80004d6e (0x0012eeb3) or      t4, t0, ra
core   0: 3 0x80004d6e (0x0012eeb3) x29 0x00000036
core   0: 0x80004d72 (0x033844b3) div     s1, a6, s3
core   0: 3 0x80004d72 (0x033844b3) x 9 0x00000000
core   0: 0x80004d76 (0x00001479) c.addi  s0, -2
core   0: 3 0x80004d76 (0x1479) x 8 0x00000003
core   0: 0x80004d78 (0x00008d5e) c.mv    s10, s7
core   0: 3 0x80004d78 (0x8d5e) x26 0xfffffff6
core   0: 0x80004d7a (0x00539eb3) sll     t4, t2, t0
core   0: 3 0x80004d7a (0x00539eb3) x29 0x00000000
core   0: 0x80004d7e (0xff7458e3) bge     s0, s7, pc - 16
core   0: 3 0x80004d7e (0xff7458e3)
core   0: 0x80004d6e (0x0012eeb3) or      t4, t0, ra
core   0: 3 0x80004d6e (0x0012eeb3) x29 0x00000036
core   0: 0x80004d72 (0x033844b3) div     s1, a6, s3
core   0: 3 0x80004d72 (0x033844b3) x 9 0x00000000
core   0: 0x80004d76 (0x00001479) c.addi  s0, -2
core   0: 3 0x80004d76 (0x1479) x 8 0x00000001
core   0: 0x80004d78 (0x00008d5e) c.mv    s10, s7
core   0: 3 0x80004d78 (0x8d5e) x26 0xfffffff6
core   0: 0x80004d7a (0x00539eb3) sll     t4, t2, t0
core   0: 3 0x80004d7a (0x00539eb3) x29 0x00000000
core   0: 0x80004d7e (0xff7458e3) bge     s0, s7, pc - 16
core   0: 3 0x80004d7e (0xff7458e3)
core   0: 0x80004d6e (0x0012eeb3) or      t4, t0, ra
core   0: 3 0x80004d6e (0x0012eeb3) x29 0x00000036
core   0: 0x80004d72 (0x033844b3) div     s1, a6, s3
core   0: 3 0x80004d72 (0x033844b3) x 9 0x00000000
core   0: 0x80004d76 (0x00001479) c.addi  s0, -2
core   0: 3 0x80004d76 (0x1479) x 8 0xffffffff
core   0: 0x80004d78 (0x00008d5e) c.mv    s10, s7
core   0: 3 0x80004d78 (0x8d5e) x26 0xfffffff6
core   0: 0x80004d7a (0x00539eb3) sll     t4, t2, t0
core   0: 3 0x80004d7a (0x00539eb3) x29 0x00000000
core   0: 0x80004d7e (0xff7458e3) bge     s0, s7, pc - 16
core   0: 3 0x80004d7e (0xff7458e3)
core   0: 0x80004d6e (0x0012eeb3) or      t4, t0, ra
core   0: 3 0x80004d6e (0x0012eeb3) x29 0x00000036
core   0: 0x80004d72 (0x033844b3) div     s1, a6, s3
core   0: 3 0x80004d72 (0x033844b3) x 9 0x00000000
core   0: 0x80004d76 (0x00001479) c.addi  s0, -2
core   0: 3 0x80004d76 (0x1479) x 8 0xfffffffd
core   0: 0x80004d78 (0x00008d5e) c.mv    s10, s7
core   0: 3 0x80004d78 (0x8d5e) x26 0xfffffff6
core   0: 0x80004d7a (0x00539eb3) sll     t4, t2, t0
core   0: 3 0x80004d7a (0x00539eb3) x29 0x00000000
core   0: 0x80004d7e (0xff7458e3) bge     s0, s7, pc - 16
core   0: 3 0x80004d7e (0xff7458e3)
core   0: 0x80004d6e (0x0012eeb3) or      t4, t0, ra
core   0: 3 0x80004d6e (0x0012eeb3) x29 0x00000036
core   0: 0x80004d72 (0x033844b3) div     s1, a6, s3
core   0: 3 0x80004d72 (0x033844b3) x 9 0x00000000
core   0: 0x80004d76 (0x00001479) c.addi  s0, -2
core   0: 3 0x80004d76 (0x1479) x 8 0xfffffffb
core   0: 0x80004d78 (0x00008d5e) c.mv    s10, s7
core   0: 3 0x80004d78 (0x8d5e) x26 0xfffffff6
core   0: 0x80004d7a (0x00539eb3) sll     t4, t2, t0
core   0: 3 0x80004d7a (0x00539eb3) x29 0x00000000
core   0: 0x80004d7e (0xff7458e3) bge     s0, s7, pc - 16
core   0: 3 0x80004d7e (0xff7458e3)
core   0: 0x80004d6e (0x0012eeb3) or      t4, t0, ra
core   0: 3 0x80004d6e (0x0012eeb3) x29 0x00000036
core   0: 0x80004d72 (0x033844b3) div     s1, a6, s3
core   0: 3 0x80004d72 (0x033844b3) x 9 0x00000000
core   0: 0x80004d76 (0x00001479) c.addi  s0, -2
core   0: 3 0x80004d76 (0x1479) x 8 0xfffffff9
core   0: 0x80004d78 (0x00008d5e) c.mv    s10, s7
core   0: 3 0x80004d78 (0x8d5e) x26 0xfffffff6
core   0: 0x80004d7a (0x00539eb3) sll     t4, t2, t0
core   0: 3 0x80004d7a (0x00539eb3) x29 0x00000000
core   0: 0x80004d7e (0xff7458e3) bge     s0, s7, pc - 16
core   0: 3 0x80004d7e (0xff7458e3)
core   0: 0x80004d6e (0x0012eeb3) or      t4, t0, ra
core   0: 3 0x80004d6e (0x0012eeb3) x29 0x00000036
core   0: 0x80004d72 (0x033844b3) div     s1, a6, s3
core   0: 3 0x80004d72 (0x033844b3) x 9 0x00000000
core   0: 0x80004d76 (0x00001479) c.addi  s0, -2
core   0: 3 0x80004d76 (0x1479) x 8 0xfffffff7
core   0: 0x80004d78 (0x00008d5e) c.mv    s10, s7
core   0: 3 0x80004d78 (0x8d5e) x26 0xfffffff6
core   0: 0x80004d7a (0x00539eb3) sll     t4, t2, t0
core   0: 3 0x80004d7a (0x00539eb3) x29 0x00000000
core   0: 0x80004d7e (0xff7458e3) bge     s0, s7, pc - 16
core   0: 3 0x80004d7e (0xff7458e3)
core   0: 0x80004d6e (0x0012eeb3) or      t4, t0, ra
core   0: 3 0x80004d6e (0x0012eeb3) x29 0x00000036
core   0: 0x80004d72 (0x033844b3) div     s1, a6, s3
core   0: 3 0x80004d72 (0x033844b3) x 9 0x00000000
core   0: 0x80004d76 (0x00001479) c.addi  s0, -2
core   0: 3 0x80004d76 (0x1479) x 8 0xfffffff5
core   0: 0x80004d78 (0x00008d5e) c.mv    s10, s7
core   0: 3 0x80004d78 (0x8d5e) x26 0xfffffff6
core   0: 0x80004d7a (0x00539eb3) sll     t4, t2, t0
core   0: 3 0x80004d7a (0x00539eb3) x29 0x00000000
core   0: 0x80004d7e (0xff7458e3) bge     s0, s7, pc - 16
core   0: 3 0x80004d7e (0xff7458e3)
core   0: 0x80004d82 (0x0000df45) c.beqz  a4, pc - 72
core   0: 3 0x80004d82 (0xdf45)
core   0: 0x80004d84 (0xe7d3fb37) lui     s6, 0xe7d3f
core   0: 3 0x80004d84 (0xe7d3fb37) x22 0xe7d3f000
core   0: 0x80004d88 (0x00500793) li      a5, 5
core   0: 3 0x80004d88 (0x00500793) x15 0x00000005
core   0: 0x80004d8c (0x00400593) li      a1, 4
core   0: 3 0x80004d8c (0x00400593) x11 0x00000004
core   0: 0x80004d90 (0x00008769) c.srai  a4, 26
core   0: 3 0x80004d90 (0x8769) x14 0x00000000
core   0: 0x80004d92 (0x00008c01) c.sub   s0, s0
core   0: 3 0x80004d92 (0x8c01) x 8 0x00000000
core   0: 0x80004d94 (0x000017f9) c.addi  a5, -2
core   0: 3 0x80004d94 (0x17f9) x15 0x00000003
core   0: 0x80004d96 (0x02ce6c33) rem     s8, t3, a2
core   0: 3 0x80004d96 (0x02ce6c33) x24 0x085b60c0
core   0: 0x80004d9a (0xfeb7fce3) bgeu    a5, a1, pc - 8
core   0: 3 0x80004d9a (0xfeb7fce3)
core   0: 0x80004d9e (0x0000100f) fence.i
core   0: 3 0x80004d9e (0x0000100f)
core   0: 0x80004da2 (0x00700413) li      s0, 7
core   0: 3 0x80004da2 (0x00700413) x 8 0x00000007
core   0: 0x80004da6 (0x00cd09b3) add     s3, s10, a2
core   0: 3 0x80004da6 (0x00cd09b3) x19 0xfffffff6
core   0: 0x80004daa (0x01985bb3) srl     s7, a6, s9
core   0: 3 0x80004daa (0x01985bb3) x23 0x00000000
core   0: 0x80004dae (0xa83cfd17) auipc   s10, 0xa83cf
core   0: 3 0x80004dae (0xa83cfd17) x26 0x283d3dae
core   0: 0x80004db2 (0x038aafb3) mulhsu  t6, s5, s8
core   0: 3 0x80004db2 (0x038aafb3) x31 0x0045d69c
core   0: 0x80004db6 (0xff100113) li      sp, -15
core   0: 3 0x80004db6 (0xff100113) x 2 0xfffffff1
core   0: 0x80004dba (0x00008fd5) c.or    a5, a3
core   0: 3 0x80004dba (0x8fd5) x15 0x7087cfff
core   0: 0x80004dbc (0x089e3bb7) lui     s7, 0x89e3
core   0: 3 0x80004dbc (0x089e3bb7) x23 0x089e3000
core   0: 0x80004dc0 (0x309c9997) auipc   s3, 0x309c9
core   0: 3 0x80004dc0 (0x309c9997) x19 0xb09cddc0
core   0: 0x80004dc4 (0x00001461) c.addi  s0, -8
core   0: 3 0x80004dc4 (0x1461) x 8 0xffffffff
core   0: 0x80004dc6 (0x03d16cb3) rem     s9, sp, t4
core   0: 3 0x80004dc6 (0x03d16cb3) x25 0xfffffff1
core   0: 0x80004dca (0x0ff0000f) fence   iorw,iorw
core   0: 3 0x80004dca (0x0ff0000f)
core   0: 0x80004dce (0x00008495) c.srai  s1, 5
core   0: 3 0x80004dce (0x8495) x 9 0x00000000
core   0: 0x80004dd0 (0x00800a13) li      s4, 8
core   0: 3 0x80004dd0 (0x00800a13) x20 0x00000008
core   0: 0x80004dd4 (0x013d1213) slli    tp, s10, 19
core   0: 3 0x80004dd4 (0x013d1213) x 4 0xed700000
core   0: 0x80004dd8 (0x037c5733) divu    a4, s8, s7
core   0: 3 0x80004dd8 (0x037c5733) x14 0x00000000
core   0: 0x80004ddc (0x029691b3) mulh    gp, a3, s1
core   0: 3 0x80004ddc (0x029691b3) x 3 0x00000000
core   0: 0x80004de0 (0x00300893) li      a7, 3
core   0: 3 0x80004de0 (0x00300893) x17 0x00000003
core   0: 0x80004de4 (0x03fe72b3) remu    t0, t3, t6
core   0: 3 0x80004de4 (0x03fe72b3) x 5 0x002c3a78
core   0: 0x80004de8 (0x000099c6) c.add   s3, a7
core   0: 3 0x80004de8 (0x99c6) x19 0xb09cddc3
core   0: 0x80004dea (0x00008241) c.srli  a2, 16
core   0: 3 0x80004dea (0x8241) x12 0x00000000
core   0: 0x80004dec (0x00001a79) c.addi  s4, -2
core   0: 3 0x80004dec (0x1a79) x20 0x00000006
core   0: 0x80004dee (0xff1a7de3) bgeu    s4, a7, pc - 6
core   0: 3 0x80004dee (0xff1a7de3)
core   0: 0x80004de8 (0x000099c6) c.add   s3, a7
core   0: 3 0x80004de8 (0x99c6) x19 0xb09cddc6
core   0: 0x80004dea (0x00008241) c.srli  a2, 16
core   0: 3 0x80004dea (0x8241) x12 0x00000000
core   0: 0x80004dec (0x00001a79) c.addi  s4, -2
core   0: 3 0x80004dec (0x1a79) x20 0x00000004
core   0: 0x80004dee (0xff1a7de3) bgeu    s4, a7, pc - 6
core   0: 3 0x80004dee (0xff1a7de3)
core   0: 0x80004de8 (0x000099c6) c.add   s3, a7
core   0: 3 0x80004de8 (0x99c6) x19 0xb09cddc9
core   0: 0x80004dea (0x00008241) c.srli  a2, 16
core   0: 3 0x80004dea (0x8241) x12 0x00000000
core   0: 0x80004dec (0x00001a79) c.addi  s4, -2
core   0: 3 0x80004dec (0x1a79) x20 0x00000002
core   0: 0x80004dee (0xff1a7de3) bgeu    s4, a7, pc - 6
core   0: 3 0x80004dee (0xff1a7de3)
core   0: 0x80004df2 (0x0055d233) srl     tp, a1, t0
core   0: 3 0x80004df2 (0x0055d233) x 4 0x00000000
core   0: 0x80004df6 (0x00008fd9) c.or    a5, a4
core   0: 3 0x80004df6 (0x8fd9) x15 0x7087cfff
core   0: 0x80004df8 (0x00008b65) c.andi  a4, 25
core   0: 3 0x80004df8 (0x8b65) x14 0x00000000
core   0: 0x80004dfa (0x413902b3) sub     t0, s2, s3
core   0: 3 0x80004dfa (0x413902b3) x 5 0x4f64b237
core   0: 0x80004dfe (0x6d308493) addi    s1, ra, 1747
core   0: 3 0x80004dfe (0x6d308493) x 9 0x000006f7
core   0: 0x80004e02 (0x02545e33) divu    t3, s0, t0
core   0: 3 0x80004e02 (0x02545e33) x28 0x00000003
core   0: 0x80004e06 (0x00008295) c.srli  a3, 5
core   0: 3 0x80004e06 (0x8295) x13 0x03843e7f
core   0: 0x80004e08 (0x010f41b3) xor     gp, t5, a6
core   0: 3 0x80004e08 (0x010f41b3) x 3 0x00000002
core   0: 0x80004e0c (0x55c5ef13) ori     t5, a1, 1372
core   0: 3 0x80004e0c (0x55c5ef13) x30 0x0000055c
core   0: 0x80004e10 (0xfa2456e3) bge     s0, sp, pc - 84
core   0: 3 0x80004e10 (0xfa2456e3)
core   0: 0x80004dbc (0x089e3bb7) lui     s7, 0x89e3
core   0: 3 0x80004dbc (0x089e3bb7) x23 0x089e3000
core   0: 0x80004dc0 (0x309c9997) auipc   s3, 0x309c9
core   0: 3 0x80004dc0 (0x309c9997) x19 0xb09cddc0
core   0: 0x80004dc4 (0x00001461) c.addi  s0, -8
core   0: 3 0x80004dc4 (0x1461) x 8 0xfffffff7
core   0: 0x80004dc6 (0x03d16cb3) rem     s9, sp, t4
core   0: 3 0x80004dc6 (0x03d16cb3) x25 0xfffffff1
core   0: 0x80004dca (0x0ff0000f) fence   iorw,iorw
core   0: 3 0x80004dca (0x0ff0000f)
core   0: 0x80004dce (0x00008495) c.srai  s1, 5
core   0: 3 0x80004dce (0x8495) x 9 0x00000037
core   0: 0x80004dd0 (0x00800a13) li      s4, 8
core   0: 3 0x80004dd0 (0x00800a13) x20 0x00000008
core   0: 0x80004dd4 (0x013d1213) slli    tp, s10, 19
core   0: 3 0x80004dd4 (0x013d1213) x 4 0xed700000
core   0: 0x80004dd8 (0x037c5733) divu    a4, s8, s7
core   0: 3 0x80004dd8 (0x037c5733) x14 0x00000000
core   0: 0x80004ddc (0x029691b3) mulh    gp, a3, s1
core   0: 3 0x80004ddc (0x029691b3) x 3 0x00000000
core   0: 0x80004de0 (0x00300893) li      a7, 3
core   0: 3 0x80004de0 (0x00300893) x17 0x00000003
core   0: 0x80004de4 (0x03fe72b3) remu    t0, t3, t6
core   0: 3 0x80004de4 (0x03fe72b3) x 5 0x00000003
core   0: 0x80004de8 (0x000099c6) c.add   s3, a7
core   0: 3 0x80004de8 (0x99c6) x19 0xb09cddc3
core   0: 0x80004dea (0x00008241) c.srli  a2, 16
core   0: 3 0x80004dea (0x8241) x12 0x00000000
core   0: 0x80004dec (0x00001a79) c.addi  s4, -2
core   0: 3 0x80004dec (0x1a79) x20 0x00000006
core   0: 0x80004dee (0xff1a7de3) bgeu    s4, a7, pc - 6
core   0: 3 0x80004dee (0xff1a7de3)
core   0: 0x80004de8 (0x000099c6) c.add   s3, a7
core   0: 3 0x80004de8 (0x99c6) x19 0xb09cddc6
core   0: 0x80004dea (0x00008241) c.srli  a2, 16
core   0: 3 0x80004dea (0x8241) x12 0x00000000
core   0: 0x80004dec (0x00001a79) c.addi  s4, -2
core   0: 3 0x80004dec (0x1a79) x20 0x00000004
core   0: 0x80004dee (0xff1a7de3) bgeu    s4, a7, pc - 6
core   0: 3 0x80004dee (0xff1a7de3)
core   0: 0x80004de8 (0x000099c6) c.add   s3, a7
core   0: 3 0x80004de8 (0x99c6) x19 0xb09cddc9
core   0: 0x80004dea (0x00008241) c.srli  a2, 16
core   0: 3 0x80004dea (0x8241) x12 0x00000000
core   0: 0x80004dec (0x00001a79) c.addi  s4, -2
core   0: 3 0x80004dec (0x1a79) x20 0x00000002
core   0: 0x80004dee (0xff1a7de3) bgeu    s4, a7, pc - 6
core   0: 3 0x80004dee (0xff1a7de3)
core   0: 0x80004df2 (0x0055d233) srl     tp, a1, t0
core   0: 3 0x80004df2 (0x0055d233) x 4 0x00000000
core   0: 0x80004df6 (0x00008fd9) c.or    a5, a4
core   0: 3 0x80004df6 (0x8fd9) x15 0x7087cfff
core   0: 0x80004df8 (0x00008b65) c.andi  a4, 25
core   0: 3 0x80004df8 (0x8b65) x14 0x00000000
core   0: 0x80004dfa (0x413902b3) sub     t0, s2, s3
core   0: 3 0x80004dfa (0x413902b3) x 5 0x4f64b237
core   0: 0x80004dfe (0x6d308493) addi    s1, ra, 1747
core   0: 3 0x80004dfe (0x6d308493) x 9 0x000006f7
core   0: 0x80004e02 (0x02545e33) divu    t3, s0, t0
core   0: 3 0x80004e02 (0x02545e33) x28 0x00000003
core   0: 0x80004e06 (0x00008295) c.srli  a3, 5
core   0: 3 0x80004e06 (0x8295) x13 0x001c21f3
core   0: 0x80004e08 (0x010f41b3) xor     gp, t5, a6
core   0: 3 0x80004e08 (0x010f41b3) x 3 0x0000055c
core   0: 0x80004e0c (0x55c5ef13) ori     t5, a1, 1372
core   0: 3 0x80004e0c (0x55c5ef13) x30 0x0000055c
core   0: 0x80004e10 (0xfa2456e3) bge     s0, sp, pc - 84
core   0: 3 0x80004e10 (0xfa2456e3)
core   0: 0x80004dbc (0x089e3bb7) lui     s7, 0x89e3
core   0: 3 0x80004dbc (0x089e3bb7) x23 0x089e3000
core   0: 0x80004dc0 (0x309c9997) auipc   s3, 0x309c9
core   0: 3 0x80004dc0 (0x309c9997) x19 0xb09cddc0
core   0: 0x80004dc4 (0x00001461) c.addi  s0, -8
core   0: 3 0x80004dc4 (0x1461) x 8 0xffffffef
core   0: 0x80004dc6 (0x03d16cb3) rem     s9, sp, t4
core   0: 3 0x80004dc6 (0x03d16cb3) x25 0xfffffff1
core   0: 0x80004dca (0x0ff0000f) fence   iorw,iorw
core   0: 3 0x80004dca (0x0ff0000f)
core   0: 0x80004dce (0x00008495) c.srai  s1, 5
core   0: 3 0x80004dce (0x8495) x 9 0x00000037
core   0: 0x80004dd0 (0x00800a13) li      s4, 8
core   0: 3 0x80004dd0 (0x00800a13) x20 0x00000008
core   0: 0x80004dd4 (0x013d1213) slli    tp, s10, 19
core   0: 3 0x80004dd4 (0x013d1213) x 4 0xed700000
core   0: 0x80004dd8 (0x037c5733) divu    a4, s8, s7
core   0: 3 0x80004dd8 (0x037c5733) x14 0x00000000
core   0: 0x80004ddc (0x029691b3) mulh    gp, a3, s1
core   0: 3 0x80004ddc (0x029691b3) x 3 0x00000000
core   0: 0x80004de0 (0x00300893) li      a7, 3
core   0: 3 0x80004de0 (0x00300893) x17 0x00000003
core   0: 0x80004de4 (0x03fe72b3) remu    t0, t3, t6
core   0: 3 0x80004de4 (0x03fe72b3) x 5 0x00000003
core   0: 0x80004de8 (0x000099c6) c.add   s3, a7
core   0: 3 0x80004de8 (0x99c6) x19 0xb09cddc3
core   0: 0x80004dea (0x00008241) c.srli  a2, 16
core   0: 3 0x80004dea (0x8241) x12 0x00000000
core   0: 0x80004dec (0x00001a79) c.addi  s4, -2
core   0: 3 0x80004dec (0x1a79) x20 0x00000006
core   0: 0x80004dee (0xff1a7de3) bgeu    s4, a7, pc - 6
core   0: 3 0x80004dee (0xff1a7de3)
core   0: 0x80004de8 (0x000099c6) c.add   s3, a7
core   0: 3 0x80004de8 (0x99c6) x19 0xb09cddc6
core   0: 0x80004dea (0x00008241) c.srli  a2, 16
core   0: 3 0x80004dea (0x8241) x12 0x00000000
core   0: 0x80004dec (0x00001a79) c.addi  s4, -2
core   0: 3 0x80004dec (0x1a79) x20 0x00000004
core   0: 0x80004dee (0xff1a7de3) bgeu    s4, a7, pc - 6
core   0: 3 0x80004dee (0xff1a7de3)
core   0: 0x80004de8 (0x000099c6) c.add   s3, a7
core   0: 3 0x80004de8 (0x99c6) x19 0xb09cddc9
core   0: 0x80004dea (0x00008241) c.srli  a2, 16
core   0: 3 0x80004dea (0x8241) x12 0x00000000
core   0: 0x80004dec (0x00001a79) c.addi  s4, -2
core   0: 3 0x80004dec (0x1a79) x20 0x00000002
core   0: 0x80004dee (0xff1a7de3) bgeu    s4, a7, pc - 6
core   0: 3 0x80004dee (0xff1a7de3)
core   0: 0x80004df2 (0x0055d233) srl     tp, a1, t0
core   0: 3 0x80004df2 (0x0055d233) x 4 0x00000000
core   0: 0x80004df6 (0x00008fd9) c.or    a5, a4
core   0: 3 0x80004df6 (0x8fd9) x15 0x7087cfff
core   0: 0x80004df8 (0x00008b65) c.andi  a4, 25
core   0: 3 0x80004df8 (0x8b65) x14 0x00000000
core   0: 0x80004dfa (0x413902b3) sub     t0, s2, s3
core   0: 3 0x80004dfa (0x413902b3) x 5 0x4f64b237
core   0: 0x80004dfe (0x6d308493) addi    s1, ra, 1747
core   0: 3 0x80004dfe (0x6d308493) x 9 0x000006f7
core   0: 0x80004e02 (0x02545e33) divu    t3, s0, t0
core   0: 3 0x80004e02 (0x02545e33) x28 0x00000003
core   0: 0x80004e06 (0x00008295) c.srli  a3, 5
core   0: 3 0x80004e06 (0x8295) x13 0x0000e10f
core   0: 0x80004e08 (0x010f41b3) xor     gp, t5, a6
core   0: 3 0x80004e08 (0x010f41b3) x 3 0x0000055c
core   0: 0x80004e0c (0x55c5ef13) ori     t5, a1, 1372
core   0: 3 0x80004e0c (0x55c5ef13) x30 0x0000055c
core   0: 0x80004e10 (0xfa2456e3) bge     s0, sp, pc - 84
core   0: 3 0x80004e10 (0xfa2456e3)
core   0: 0x80004e14 (0x2a757793) andi    a5, a0, 679
core   0: 3 0x80004e14 (0x2a757793) x15 0x00000224
core   0: 0x80004e18 (0x00800693) li      a3, 8
core   0: 3 0x80004e18 (0x00800693) x13 0x00000008
core   0: 0x80004e1c (0x00e00413) li      s0, 14
core   0: 3 0x80004e1c (0x00e00413) x 8 0x0000000e
core   0: 0x80004e20 (0x00605f13) srli    t5, zero, 6
core   0: 3 0x80004e20 (0x00605f13) x30 0x00000000
core   0: 0x80004e24 (0x01aac3b3) xor     t2, s5, s10
core   0: 3 0x80004e24 (0x01aac3b3) x 7 0x2066628e
core   0: 0x80004e28 (0x000006a1) c.addi  a3, 8
core   0: 3 0x80004e28 (0x06a1) x13 0x00000010
core   0: 0x80004e2a (0xfe86ede3) bltu    a3, s0, pc - 6
core   0: 3 0x80004e2a (0xfe86ede3)
core   0: 0x80004e2e (0x413387b3) sub     a5, t2, s3
core   0: 3 0x80004e2e (0x413387b3) x15 0x6fc984c5
core   0: 0x80004e32 (0x00000f13) li      t5, 0
core   0: 3 0x80004e32 (0x00000f13) x30 0x00000000
core   0: 0x80004e36 (0x000080f5) c.srli  s1, 29
core   0: 3 0x80004e36 (0x80f5) x 9 0x00000000
core   0: 0x80004e38 (0x01045813) srli    a6, s0, 16
core   0: 3 0x80004e38 (0x01045813) x16 0x00000000
core   0: 0x80004e3c (0x17b0f737) lui     a4, 0x17b0f
core   0: 3 0x80004e3c (0x17b0f737) x14 0x17b0f000
core   0: 0x80004e40 (0x00600693) li      a3, 6
core   0: 3 0x80004e40 (0x00600693) x13 0x00000006
core   0: 0x80004e44 (0x00000001) c.nop
core   0: 3 0x80004e44 (0x0001)
core   0: 0x80004e46 (0x00000f19) c.addi  t5, 6
core   0: 3 0x80004e46 (0x0f19) x30 0x00000006
core   0: 0x80004e48 (0x0000100f) fence.i
core   0: 3 0x80004e48 (0x0000100f)
core   0: 0x80004e4c (0x00400193) li      gp, 4
core   0: 3 0x80004e4c (0x00400193) x 3 0x00000004
core   0: 0x80004e50 (0x89b12e37) lui     t3, 0x89b12
core   0: 3 0x80004e50 (0x89b12e37) x28 0x89b12000
core   0: 0x80004e54 (0x000080d5) c.srli  s1, 21
core   0: 3 0x80004e54 (0x80d5) x 9 0x00000000
core   0: 0x80004e56 (0x827b9597) auipc   a1, 0x827b9
core   0: 3 0x80004e56 (0x827b9597) x11 0x027bde56
core   0: 0x80004e5a (0x00d00a13) li      s4, 13
core   0: 3 0x80004e5a (0x00d00a13) x20 0x0000000d
core   0: 0x80004e5e (0x03dba033) mulhsu  zero, s7, t4
core   0: 3 0x80004e5e (0x03dba033)
core   0: 0x80004e62 (0x00008b21) c.andi  a4, 8
core   0: 3 0x80004e62 (0x8b21) x14 0x00000000
core   0: 0x80004e64 (0x0000018d) c.addi  gp, 3
core   0: 3 0x80004e64 (0x018d) x 3 0x00000007
core   0: 0x80004e66 (0x00008ce9) c.and   s1, a0
core   0: 3 0x80004e66 (0x8ce9) x 9 0x00000000
core   0: 0x80004e68 (0x019bf133) and     sp, s7, s9
core   0: 3 0x80004e68 (0x019bf133) x 2 0x089e3000
core   0: 0x80004e6c (0xff418be3) beq     gp, s4, pc - 10
core   0: 3 0x80004e6c (0xff418be3)
core   0: 0x80004e70 (0x015ec633) xor     a2, t4, s5
core   0: 3 0x80004e70 (0x015ec633) x12 0x085b5f20
core   0: 0x80004e74 (0x00635bb3) srl     s7, t1, t1
core   0: 3 0x80004e74 (0x00635bb3) x23 0x00000000
core   0: 0x80004e78 (0x01c13333) sltu    t1, sp, t3
core   0: 3 0x80004e78 (0x01c13333) x 6 0x00000001
core   0: 0x80004e7c (0x731abb93) sltiu   s7, s5, 1841
core   0: 3 0x80004e7c (0x731abb93) x23 0x00000000
core   0: 0x80004e80 (0xfcdf02e3) beq     t5, a3, pc - 60
core   0: 3 0x80004e80 (0xfcdf02e3)
core   0: 0x80004e44 (0x00000001) c.nop
core   0: 3 0x80004e44 (0x0001)
core   0: 0x80004e46 (0x00000f19) c.addi  t5, 6
core   0: 3 0x80004e46 (0x0f19) x30 0x0000000c
core   0: 0x80004e48 (0x0000100f) fence.i
core   0: 3 0x80004e48 (0x0000100f)
core   0: 0x80004e4c (0x00400193) li      gp, 4
core   0: 3 0x80004e4c (0x00400193) x 3 0x00000004
core   0: 0x80004e50 (0x89b12e37) lui     t3, 0x89b12
core   0: 3 0x80004e50 (0x89b12e37) x28 0x89b12000
core   0: 0x80004e54 (0x000080d5) c.srli  s1, 21
core   0: 3 0x80004e54 (0x80d5) x 9 0x00000000
core   0: 0x80004e56 (0x827b9597) auipc   a1, 0x827b9
core   0: 3 0x80004e56 (0x827b9597) x11 0x027bde56
core   0: 0x80004e5a (0x00d00a13) li      s4, 13
core   0: 3 0x80004e5a (0x00d00a13) x20 0x0000000d
core   0: 0x80004e5e (0x03dba033) mulhsu  zero, s7, t4
core   0: 3 0x80004e5e (0x03dba033)
core   0: 0x80004e62 (0x00008b21) c.andi  a4, 8
core   0: 3 0x80004e62 (0x8b21) x14 0x00000000
core   0: 0x80004e64 (0x0000018d) c.addi  gp, 3
core   0: 3 0x80004e64 (0x018d) x 3 0x00000007
core   0: 0x80004e66 (0x00008ce9) c.and   s1, a0
core   0: 3 0x80004e66 (0x8ce9) x 9 0x00000000
core   0: 0x80004e68 (0x019bf133) and     sp, s7, s9
core   0: 3 0x80004e68 (0x019bf133) x 2 0x00000000
core   0: 0x80004e6c (0xff418be3) beq     gp, s4, pc - 10
core   0: 3 0x80004e6c (0xff418be3)
core   0: 0x80004e70 (0x015ec633) xor     a2, t4, s5
core   0: 3 0x80004e70 (0x015ec633) x12 0x085b5f20
core   0: 0x80004e74 (0x00635bb3) srl     s7, t1, t1
core   0: 3 0x80004e74 (0x00635bb3) x23 0x00000000
core   0: 0x80004e78 (0x01c13333) sltu    t1, sp, t3
core   0: 3 0x80004e78 (0x01c13333) x 6 0x00000001
core   0: 0x80004e7c (0x731abb93) sltiu   s7, s5, 1841
core   0: 3 0x80004e7c (0x731abb93) x23 0x00000000
core   0: 0x80004e80 (0xfcdf02e3) beq     t5, a3, pc - 60
core   0: 3 0x80004e80 (0xfcdf02e3)
core   0: 0x80004e84 (0x01097933) and     s2, s2, a6
core   0: 3 0x80004e84 (0x01097933) x18 0x00000000
core   0: 0x80004e88 (0x00000593) li      a1, 0
core   0: 3 0x80004e88 (0x00000593) x11 0x00000000
core   0: 0x80004e8c (0x00008609) c.srai  a2, 2
core   0: 3 0x80004e8c (0x8609) x12 0x0216d7c8
core   0: 0x80004e8e (0x0000100f) fence.i
core   0: 3 0x80004e8e (0x0000100f)
core   0: 0x80004e92 (0x00700c13) li      s8, 7
core   0: 3 0x80004e92 (0x00700c13) x24 0x00000007
core   0: 0x80004e96 (0x030f1633) mulh    a2, t5, a6
core   0: 3 0x80004e96 (0x030f1633) x12 0x00000000
core   0: 0x80004e9a (0x013a77b3) and     a5, s4, s3
core   0: 3 0x80004e9a (0x013a77b3) x15 0x00000009
core   0: 0x80004e9e (0x000005a5) c.addi  a1, 9
core   0: 3 0x80004e9e (0x05a5) x11 0x00000009
core   0: 0x80004ea0 (0x00008e5e) c.mv    t3, s7
core   0: 3 0x80004ea0 (0x8e5e) x28 0x00000000
core   0: 0x80004ea2 (0x00000f93) li      t6, 0
core   0: 3 0x80004ea2 (0x00000f93) x31 0x00000000
core   0: 0x80004ea6 (0xff600a13) li      s4, -10
core   0: 3 0x80004ea6 (0xff600a13) x20 0xfffffff6
core   0: 0x80004eaa (0xf1683993) sltiu   s3, a6, -234
core   0: 3 0x80004eaa (0xf1683993) x19 0x00000001
core   0: 0x80004eae (0x0256cd33) div     s10, a3, t0
core   0: 3 0x80004eae (0x0256cd33) x26 0x00000000
core   0: 0x80004eb2 (0x3ac8af37) lui     t5, 0x3ac8a
core   0: 3 0x80004eb2 (0x3ac8af37) x30 0x3ac8a000
core   0: 0x80004eb6 (0x00001fd9) c.addi  t6, -10
core   0: 3 0x80004eb6 (0x1fd9) x31 0xfffffff6
core   0: 0x80004eb8 (0xff4f89e3) beq     t6, s4, pc - 14
core   0: 3 0x80004eb8 (0xff4f89e3)
core   0: 0x80004eaa (0xf1683993) sltiu   s3, a6, -234
core   0: 3 0x80004eaa (0xf1683993) x19 0x00000001
core   0: 0x80004eae (0x0256cd33) div     s10, a3, t0
core   0: 3 0x80004eae (0x0256cd33) x26 0x00000000
core   0: 0x80004eb2 (0x3ac8af37) lui     t5, 0x3ac8a
core   0: 3 0x80004eb2 (0x3ac8af37) x30 0x3ac8a000
core   0: 0x80004eb6 (0x00001fd9) c.addi  t6, -10
core   0: 3 0x80004eb6 (0x1fd9) x31 0xffffffec
core   0: 0x80004eb8 (0xff4f89e3) beq     t6, s4, pc - 14
core   0: 3 0x80004eb8 (0xff4f89e3)
core   0: 0x80004ebc (0x40865eb3) sra     t4, a2, s0
core   0: 3 0x80004ebc (0x40865eb3) x29 0x00000000
core   0: 0x80004ec0 (0xfd85cde3) blt     a1, s8, pc - 38
core   0: 3 0x80004ec0 (0xfd85cde3)
core   0: 0x80004ec4 (0x2bb13693) sltiu   a3, sp, 699
core   0: 3 0x80004ec4 (0x2bb13693) x13 0x00000001
core   0: 0x80004ec8 (0x00200593) li      a1, 2
core   0: 3 0x80004ec8 (0x00200593) x11 0x00000002
core   0: 0x80004ecc (0x0000927e) c.add   tp, t6
core   0: 3 0x80004ecc (0x927e) x 4 0xffffffec
core   0: 0x80004ece (0x00000a90) c.addi4spn a2, sp, 336
core   0: 3 0x80004ece (0x0a90) x12 0x00000150
core   0: 0x80004ed0 (0x00800313) li      t1, 8
core   0: 3 0x80004ed0 (0x00800313) x 6 0x00000008
core   0: 0x80004ed4 (0x000002f1) c.addi  t0, 28
core   0: 3 0x80004ed4 (0x02f1) x 5 0x4f64b253
core   0: 0x80004ed6 (0x84a6a293) slti    t0, a3, -1974
core   0: 3 0x80004ed6 (0x84a6a293) x 5 0x00000000
core   0: 0x80004eda (0x00000001) c.nop
core   0: 3 0x80004eda (0x0001)
core   0: 0x80004edc (0x00008ccd) c.or    s1, a1
core   0: 3 0x80004edc (0x8ccd) x 9 0x00000002
core   0: 0x80004ede (0x0000058d) c.addi  a1, 3
core   0: 3 0x80004ede (0x058d) x11 0x00000005
core   0: 0x80004ee0 (0x03ebc0b3) div     ra, s7, t5
core   0: 3 0x80004ee0 (0x03ebc0b3) x 1 0x00000000
core   0: 0x80004ee4 (0x03530c33) mul     s8, t1, s5
core   0: 3 0x80004ee4 (0x03530c33) x24 0x42daf900
core   0: 0x80004ee8 (0x00008af9) c.andi  a3, 30
core   0: 3 0x80004ee8 (0x8af9) x13 0x00000000
core   0: 0x80004eea (0x000064dd) c.lui   s1, 0x17
core   0: 3 0x80004eea (0x64dd) x 9 0x00017000
core   0: 0x80004eec (0x010af233) and     tp, s5, a6
core   0: 3 0x80004eec (0x010af233) x 4 0x00000000
core   0: 0x80004ef0 (0xffa00413) li      s0, -6
core   0: 3 0x80004ef0 (0xffa00413) x 8 0xfffffffa
core   0: 0x80004ef4 (0x00000001) c.nop
core   0: 3 0x80004ef4 (0x0001)
core   0: 0x80004ef6 (0x0000100f) fence.i
core   0: 3 0x80004ef6 (0x0000100f)
core   0: 0x80004efa (0x00008491) c.srai  s1, 4
core   0: 3 0x80004efa (0x8491) x 9 0x00001700
core   0: 0x80004efc (0x00000001) c.nop
core   0: 3 0x80004efc (0x0001)
core   0: 0x80004efe (0x039dc0b3) div     ra, s11, s9
core   0: 3 0x80004efe (0x039dc0b3) x 1 0x08886035
core   0: 0x80004f02 (0x03e8b633) mulhu   a2, a7, t5
core   0: 3 0x80004f02 (0x03e8b633) x12 0x00000000
core   0: 0x80004f06 (0x2489a213) slti    tp, s3, 584
core   0: 3 0x80004f06 (0x2489a213) x 4 0x00000001
core   0: 0x80004f0a (0x00000405) c.addi  s0, 1
core   0: 3 0x80004f0a (0x0405) x 8 0xfffffffb
core   0: 0x80004f0c (0x0000f87d) c.bnez  s0, pc - 10
core   0: 3 0x80004f0c (0xf87d)
core   0: 0x80004f02 (0x03e8b633) mulhu   a2, a7, t5
core   0: 3 0x80004f02 (0x03e8b633) x12 0x00000000
core   0: 0x80004f06 (0x2489a213) slti    tp, s3, 584
core   0: 3 0x80004f06 (0x2489a213) x 4 0x00000001
core   0: 0x80004f0a (0x00000405) c.addi  s0, 1
core   0: 3 0x80004f0a (0x0405) x 8 0xfffffffc
core   0: 0x80004f0c (0x0000f87d) c.bnez  s0, pc - 10
core   0: 3 0x80004f0c (0xf87d)
core   0: 0x80004f02 (0x03e8b633) mulhu   a2, a7, t5
core   0: 3 0x80004f02 (0x03e8b633) x12 0x00000000
core   0: 0x80004f06 (0x2489a213) slti    tp, s3, 584
core   0: 3 0x80004f06 (0x2489a213) x 4 0x00000001
core   0: 0x80004f0a (0x00000405) c.addi  s0, 1
core   0: 3 0x80004f0a (0x0405) x 8 0xfffffffd
core   0: 0x80004f0c (0x0000f87d) c.bnez  s0, pc - 10
core   0: 3 0x80004f0c (0xf87d)
core   0: 0x80004f02 (0x03e8b633) mulhu   a2, a7, t5
core   0: 3 0x80004f02 (0x03e8b633) x12 0x00000000
core   0: 0x80004f06 (0x2489a213) slti    tp, s3, 584
core   0: 3 0x80004f06 (0x2489a213) x 4 0x00000001
core   0: 0x80004f0a (0x00000405) c.addi  s0, 1
core   0: 3 0x80004f0a (0x0405) x 8 0xfffffffe
core   0: 0x80004f0c (0x0000f87d) c.bnez  s0, pc - 10
core   0: 3 0x80004f0c (0xf87d)
core   0: 0x80004f02 (0x03e8b633) mulhu   a2, a7, t5
core   0: 3 0x80004f02 (0x03e8b633) x12 0x00000000
core   0: 0x80004f06 (0x2489a213) slti    tp, s3, 584
core   0: 3 0x80004f06 (0x2489a213) x 4 0x00000001
core   0: 0x80004f0a (0x00000405) c.addi  s0, 1
core   0: 3 0x80004f0a (0x0405) x 8 0xffffffff
core   0: 0x80004f0c (0x0000f87d) c.bnez  s0, pc - 10
core   0: 3 0x80004f0c (0xf87d)
core   0: 0x80004f02 (0x03e8b633) mulhu   a2, a7, t5
core   0: 3 0x80004f02 (0x03e8b633) x12 0x00000000
core   0: 0x80004f06 (0x2489a213) slti    tp, s3, 584
core   0: 3 0x80004f06 (0x2489a213) x 4 0x00000001
core   0: 0x80004f0a (0x00000405) c.addi  s0, 1
core   0: 3 0x80004f0a (0x0405) x 8 0x00000000
core   0: 0x80004f0c (0x0000f87d) c.bnez  s0, pc - 10
core   0: 3 0x80004f0c (0xf87d)
core   0: 0x80004f0e (0x0000918e) c.add   gp, gp
core   0: 3 0x80004f0e (0x918e) x 3 0x0000000e
core   0: 0x80004f10 (0x01fd82b3) add     t0, s11, t6
core   0: 3 0x80004f10 (0x01fd82b3) x 5 0x80025cd0
core   0: 0x80004f14 (0xbe4b2493) slti    s1, s6, -1052
core   0: 3 0x80004f14 (0xbe4b2493) x 9 0x00000001
core   0: 0x80004f18 (0x0000100f) fence.i
core   0: 3 0x80004f18 (0x0000100f)
core   0: 0x80004f1c (0x00000766) c.slli  a4, 25
core   0: 3 0x80004f1c (0x0766) x14 0x00000000
core   0: 0x80004f1e (0xfa65cbe3) blt     a1, t1, pc - 74
core   0: 3 0x80004f1e (0xfa65cbe3)
core   0: 0x80004ed4 (0x000002f1) c.addi  t0, 28
core   0: 3 0x80004ed4 (0x02f1) x 5 0x80025cec
core   0: 0x80004ed6 (0x84a6a293) slti    t0, a3, -1974
core   0: 3 0x80004ed6 (0x84a6a293) x 5 0x00000000
core   0: 0x80004eda (0x00000001) c.nop
core   0: 3 0x80004eda (0x0001)
core   0: 0x80004edc (0x00008ccd) c.or    s1, a1
core   0: 3 0x80004edc (0x8ccd) x 9 0x00000005
core   0: 0x80004ede (0x0000058d) c.addi  a1, 3
core   0: 3 0x80004ede (0x058d) x11 0x00000008
core   0: 0x80004ee0 (0x03ebc0b3) div     ra, s7, t5
core   0: 3 0x80004ee0 (0x03ebc0b3) x 1 0x00000000
core   0: 0x80004ee4 (0x03530c33) mul     s8, t1, s5
core   0: 3 0x80004ee4 (0x03530c33) x24 0x42daf900
core   0: 0x80004ee8 (0x00008af9) c.andi  a3, 30
core   0: 3 0x80004ee8 (0x8af9) x13 0x00000000
core   0: 0x80004eea (0x000064dd) c.lui   s1, 0x17
core   0: 3 0x80004eea (0x64dd) x 9 0x00017000
core   0: 0x80004eec (0x010af233) and     tp, s5, a6
core   0: 3 0x80004eec (0x010af233) x 4 0x00000000
core   0: 0x80004ef0 (0xffa00413) li      s0, -6
core   0: 3 0x80004ef0 (0xffa00413) x 8 0xfffffffa
core   0: 0x80004ef4 (0x00000001) c.nop
core   0: 3 0x80004ef4 (0x0001)
core   0: 0x80004ef6 (0x0000100f) fence.i
core   0: 3 0x80004ef6 (0x0000100f)
core   0: 0x80004efa (0x00008491) c.srai  s1, 4
core   0: 3 0x80004efa (0x8491) x 9 0x00001700
core   0: 0x80004efc (0x00000001) c.nop
core   0: 3 0x80004efc (0x0001)
core   0: 0x80004efe (0x039dc0b3) div     ra, s11, s9
core   0: 3 0x80004efe (0x039dc0b3) x 1 0x08886035
core   0: 0x80004f02 (0x03e8b633) mulhu   a2, a7, t5
core   0: 3 0x80004f02 (0x03e8b633) x12 0x00000000
core   0: 0x80004f06 (0x2489a213) slti    tp, s3, 584
core   0: 3 0x80004f06 (0x2489a213) x 4 0x00000001
core   0: 0x80004f0a (0x00000405) c.addi  s0, 1
core   0: 3 0x80004f0a (0x0405) x 8 0xfffffffb
core   0: 0x80004f0c (0x0000f87d) c.bnez  s0, pc - 10
core   0: 3 0x80004f0c (0xf87d)
core   0: 0x80004f02 (0x03e8b633) mulhu   a2, a7, t5
core   0: 3 0x80004f02 (0x03e8b633) x12 0x00000000
core   0: 0x80004f06 (0x2489a213) slti    tp, s3, 584
core   0: 3 0x80004f06 (0x2489a213) x 4 0x00000001
core   0: 0x80004f0a (0x00000405) c.addi  s0, 1
core   0: 3 0x80004f0a (0x0405) x 8 0xfffffffc
core   0: 0x80004f0c (0x0000f87d) c.bnez  s0, pc - 10
core   0: 3 0x80004f0c (0xf87d)
core   0: 0x80004f02 (0x03e8b633) mulhu   a2, a7, t5
core   0: 3 0x80004f02 (0x03e8b633) x12 0x00000000
core   0: 0x80004f06 (0x2489a213) slti    tp, s3, 584
core   0: 3 0x80004f06 (0x2489a213) x 4 0x00000001
core   0: 0x80004f0a (0x00000405) c.addi  s0, 1
core   0: 3 0x80004f0a (0x0405) x 8 0xfffffffd
core   0: 0x80004f0c (0x0000f87d) c.bnez  s0, pc - 10
core   0: 3 0x80004f0c (0xf87d)
core   0: 0x80004f02 (0x03e8b633) mulhu   a2, a7, t5
core   0: 3 0x80004f02 (0x03e8b633) x12 0x00000000
core   0: 0x80004f06 (0x2489a213) slti    tp, s3, 584
core   0: 3 0x80004f06 (0x2489a213) x 4 0x00000001
core   0: 0x80004f0a (0x00000405) c.addi  s0, 1
core   0: 3 0x80004f0a (0x0405) x 8 0xfffffffe
core   0: 0x80004f0c (0x0000f87d) c.bnez  s0, pc - 10
core   0: 3 0x80004f0c (0xf87d)
core   0: 0x80004f02 (0x03e8b633) mulhu   a2, a7, t5
core   0: 3 0x80004f02 (0x03e8b633) x12 0x00000000
core   0: 0x80004f06 (0x2489a213) slti    tp, s3, 584
core   0: 3 0x80004f06 (0x2489a213) x 4 0x00000001
core   0: 0x80004f0a (0x00000405) c.addi  s0, 1
core   0: 3 0x80004f0a (0x0405) x 8 0xffffffff
core   0: 0x80004f0c (0x0000f87d) c.bnez  s0, pc - 10
core   0: 3 0x80004f0c (0xf87d)
core   0: 0x80004f02 (0x03e8b633) mulhu   a2, a7, t5
core   0: 3 0x80004f02 (0x03e8b633) x12 0x00000000
core   0: 0x80004f06 (0x2489a213) slti    tp, s3, 584
core   0: 3 0x80004f06 (0x2489a213) x 4 0x00000001
core   0: 0x80004f0a (0x00000405) c.addi  s0, 1
core   0: 3 0x80004f0a (0x0405) x 8 0x00000000
core   0: 0x80004f0c (0x0000f87d) c.bnez  s0, pc - 10
core   0: 3 0x80004f0c (0xf87d)
core   0: 0x80004f0e (0x0000918e) c.add   gp, gp
core   0: 3 0x80004f0e (0x918e) x 3 0x0000001c
core   0: 0x80004f10 (0x01fd82b3) add     t0, s11, t6
core   0: 3 0x80004f10 (0x01fd82b3) x 5 0x80025cd0
core   0: 0x80004f14 (0xbe4b2493) slti    s1, s6, -1052
core   0: 3 0x80004f14 (0xbe4b2493) x 9 0x00000001
core   0: 0x80004f18 (0x0000100f) fence.i
core   0: 3 0x80004f18 (0x0000100f)
core   0: 0x80004f1c (0x00000766) c.slli  a4, 25
core   0: 3 0x80004f1c (0x0766) x14 0x00000000
core   0: 0x80004f1e (0xfa65cbe3) blt     a1, t1, pc - 74
core   0: 3 0x80004f1e (0xfa65cbe3)
core   0: 0x80004f22 (0x0205ee33) rem     t3, a1, zero
core   0: 3 0x80004f22 (0x0205ee33) x28 0x00000008
core   0: 0x80004f26 (0x00900213) li      tp, 9
core   0: 3 0x80004f26 (0x00900213) x 4 0x00000009
core   0: 0x80004f2a (0x03f10833) mul     a6, sp, t6
core   0: 3 0x80004f2a (0x03f10833) x16 0x00000000
core   0: 0x80004f2e (0x00000001) c.nop
core   0: 3 0x80004f2e (0x0001)
core   0: 0x80004f30 (0x00008f21) c.xor   a4, s0
core   0: 3 0x80004f30 (0x8f21) x14 0x00000000
core   0: 0x80004f32 (0xa1fbe713) ori     a4, s7, -1505
core   0: 3 0x80004f32 (0xa1fbe713) x14 0xfffffa1f
core   0: 0x80004f36 (0x00008c9d) c.sub   s1, a5
core   0: 3 0x80004f36 (0x8c9d) x 9 0xfffffff8
core   0: 0x80004f38 (0x00c00913) li      s2, 12
core   0: 3 0x80004f38 (0x00c00913) x18 0x0000000c
core   0: 0x80004f3c (0xa9632493) slti    s1, t1, -1386
core   0: 3 0x80004f3c (0xa9632493) x 9 0x00000000
core   0: 0x80004f40 (0x014f3633) sltu    a2, t5, s4
core   0: 3 0x80004f40 (0x014f3633) x12 0x00000001
core   0: 0x80004f44 (0x00001814) c.addi4spn a3, sp, 48
core   0: 3 0x80004f44 (0x1814) x13 0x00000030
core   0: 0x80004f46 (0x00008fc1) c.or    a5, s0
core   0: 3 0x80004f46 (0x8fc1) x15 0x00000009
core   0: 0x80004f48 (0x00000205) c.addi  tp, 1
core   0: 3 0x80004f48 (0x0205) x 4 0x0000000a
core   0: 0x80004f4a (0x00a00413) li      s0, 10
core   0: 3 0x80004f4a (0x00a00413) x 8 0x0000000a
core   0: 0x80004f4e (0x032b06b3) mul     a3, s6, s2
core   0: 3 0x80004f4e (0x032b06b3) x13 0xddef4000
core   0: 0x80004f52 (0x00000001) c.nop
core   0: 3 0x80004f52 (0x0001)
core   0: 0x80004f54 (0x000092ee) c.add   t0, s11
core   0: 3 0x80004f54 (0x92ee) x 5 0x0004b9b4
core   0: 0x80004f56 (0xffda3b93) sltiu   s7, s4, -3
core   0: 3 0x80004f56 (0xffda3b93) x23 0x00000001
core   0: 0x80004f5a (0x00008e35) c.xor   a2, a3
core   0: 3 0x80004f5a (0x8e35) x12 0xddef4001
core   0: 0x80004f5c (0x01351f13) slli    t5, a0, 19
core   0: 3 0x80004f5c (0x01351f13) x30 0xf1600000
core   0: 0x80004f60 (0x03d3d033) divu    zero, t2, t4
core   0: 3 0x80004f60 (0x03d3d033)
core   0: 0x80004f64 (0x41980c33) sub     s8, a6, s9
core   0: 3 0x80004f64 (0x41980c33) x24 0x0000000f
core   0: 0x80004f68 (0x00400e93) li      t4, 4
core   0: 3 0x80004f68 (0x00400e93) x29 0x00000004
core   0: 0x80004f6c (0x00008ecd) c.or    a3, a1
core   0: 3 0x80004f6c (0x8ecd) x13 0xddef4008
core   0: 0x80004f6e (0x00009e36) c.add   t3, a3
core   0: 3 0x80004f6e (0x9e36) x28 0xddef4010
core   0: 0x80004f70 (0x41cfdd33) sra     s10, t6, t3
core   0: 3 0x80004f70 (0x41cfdd33) x26 0xffffffff
core   0: 0x80004f74 (0x018e27b3) slt     a5, t3, s8
core   0: 3 0x80004f74 (0x018e27b3) x15 0x00000001
core   0: 0x80004f78 (0x03fb48b3) div     a7, s6, t6
core   0: 3 0x80004f78 (0x03fb48b3) x17 0x01356733
core   0: 0x80004f7c (0x018fc033) xor     zero, t6, s8
core   0: 3 0x80004f7c (0x018fc033)
core   0: 0x80004f80 (0x000084e9) c.srai  s1, 26
core   0: 3 0x80004f80 (0x84e9) x 9 0x00000000
core   0: 0x80004f82 (0x0231ee33) rem     t3, gp, gp
core   0: 3 0x80004f82 (0x0231ee33) x28 0x00000000
core   0: 0x80004f86 (0x0000147d) c.addi  s0, -1
core   0: 3 0x80004f86 (0x147d) x 8 0x00000009
core   0: 0x80004f88 (0xffd473e3) bgeu    s0, t4, pc - 26
core   0: 3 0x80004f88 (0xffd473e3)
core   0: 0x80004f6e (0x00009e36) c.add   t3, a3
core   0: 3 0x80004f6e (0x9e36) x28 0xddef4008
core   0: 0x80004f70 (0x41cfdd33) sra     s10, t6, t3
core   0: 3 0x80004f70 (0x41cfdd33) x26 0xffffffff
core   0: 0x80004f74 (0x018e27b3) slt     a5, t3, s8
core   0: 3 0x80004f74 (0x018e27b3) x15 0x00000001
core   0: 0x80004f78 (0x03fb48b3) div     a7, s6, t6
core   0: 3 0x80004f78 (0x03fb48b3) x17 0x01356733
core   0: 0x80004f7c (0x018fc033) xor     zero, t6, s8
core   0: 3 0x80004f7c (0x018fc033)
core   0: 0x80004f80 (0x000084e9) c.srai  s1, 26
core   0: 3 0x80004f80 (0x84e9) x 9 0x00000000
core   0: 0x80004f82 (0x0231ee33) rem     t3, gp, gp
core   0: 3 0x80004f82 (0x0231ee33) x28 0x00000000
core   0: 0x80004f86 (0x0000147d) c.addi  s0, -1
core   0: 3 0x80004f86 (0x147d) x 8 0x00000008
core   0: 0x80004f88 (0xffd473e3) bgeu    s0, t4, pc - 26
core   0: 3 0x80004f88 (0xffd473e3)
core   0: 0x80004f6e (0x00009e36) c.add   t3, a3
core   0: 3 0x80004f6e (0x9e36) x28 0xddef4008
core   0: 0x80004f70 (0x41cfdd33) sra     s10, t6, t3
core   0: 3 0x80004f70 (0x41cfdd33) x26 0xffffffff
core   0: 0x80004f74 (0x018e27b3) slt     a5, t3, s8
core   0: 3 0x80004f74 (0x018e27b3) x15 0x00000001
core   0: 0x80004f78 (0x03fb48b3) div     a7, s6, t6
core   0: 3 0x80004f78 (0x03fb48b3) x17 0x01356733
core   0: 0x80004f7c (0x018fc033) xor     zero, t6, s8
core   0: 3 0x80004f7c (0x018fc033)
core   0: 0x80004f80 (0x000084e9) c.srai  s1, 26
core   0: 3 0x80004f80 (0x84e9) x 9 0x00000000
core   0: 0x80004f82 (0x0231ee33) rem     t3, gp, gp
core   0: 3 0x80004f82 (0x0231ee33) x28 0x00000000
core   0: 0x80004f86 (0x0000147d) c.addi  s0, -1
core   0: 3 0x80004f86 (0x147d) x 8 0x00000007
core   0: 0x80004f88 (0xffd473e3) bgeu    s0, t4, pc - 26
core   0: 3 0x80004f88 (0xffd473e3)
core   0: 0x80004f6e (0x00009e36) c.add   t3, a3
core   0: 3 0x80004f6e (0x9e36) x28 0xddef4008
core   0: 0x80004f70 (0x41cfdd33) sra     s10, t6, t3
core   0: 3 0x80004f70 (0x41cfdd33) x26 0xffffffff
core   0: 0x80004f74 (0x018e27b3) slt     a5, t3, s8
core   0: 3 0x80004f74 (0x018e27b3) x15 0x00000001
core   0: 0x80004f78 (0x03fb48b3) div     a7, s6, t6
core   0: 3 0x80004f78 (0x03fb48b3) x17 0x01356733
core   0: 0x80004f7c (0x018fc033) xor     zero, t6, s8
core   0: 3 0x80004f7c (0x018fc033)
core   0: 0x80004f80 (0x000084e9) c.srai  s1, 26
core   0: 3 0x80004f80 (0x84e9) x 9 0x00000000
core   0: 0x80004f82 (0x0231ee33) rem     t3, gp, gp
core   0: 3 0x80004f82 (0x0231ee33) x28 0x00000000
core   0: 0x80004f86 (0x0000147d) c.addi  s0, -1
core   0: 3 0x80004f86 (0x147d) x 8 0x00000006
core   0: 0x80004f88 (0xffd473e3) bgeu    s0, t4, pc - 26
core   0: 3 0x80004f88 (0xffd473e3)
core   0: 0x80004f6e (0x00009e36) c.add   t3, a3
core   0: 3 0x80004f6e (0x9e36) x28 0xddef4008
core   0: 0x80004f70 (0x41cfdd33) sra     s10, t6, t3
core   0: 3 0x80004f70 (0x41cfdd33) x26 0xffffffff
core   0: 0x80004f74 (0x018e27b3) slt     a5, t3, s8
core   0: 3 0x80004f74 (0x018e27b3) x15 0x00000001
core   0: 0x80004f78 (0x03fb48b3) div     a7, s6, t6
core   0: 3 0x80004f78 (0x03fb48b3) x17 0x01356733
core   0: 0x80004f7c (0x018fc033) xor     zero, t6, s8
core   0: 3 0x80004f7c (0x018fc033)
core   0: 0x80004f80 (0x000084e9) c.srai  s1, 26
core   0: 3 0x80004f80 (0x84e9) x 9 0x00000000
core   0: 0x80004f82 (0x0231ee33) rem     t3, gp, gp
core   0: 3 0x80004f82 (0x0231ee33) x28 0x00000000
core   0: 0x80004f86 (0x0000147d) c.addi  s0, -1
core   0: 3 0x80004f86 (0x147d) x 8 0x00000005
core   0: 0x80004f88 (0xffd473e3) bgeu    s0, t4, pc - 26
core   0: 3 0x80004f88 (0xffd473e3)
core   0: 0x80004f6e (0x00009e36) c.add   t3, a3
core   0: 3 0x80004f6e (0x9e36) x28 0xddef4008
core   0: 0x80004f70 (0x41cfdd33) sra     s10, t6, t3
core   0: 3 0x80004f70 (0x41cfdd33) x26 0xffffffff
core   0: 0x80004f74 (0x018e27b3) slt     a5, t3, s8
core   0: 3 0x80004f74 (0x018e27b3) x15 0x00000001
core   0: 0x80004f78 (0x03fb48b3) div     a7, s6, t6
core   0: 3 0x80004f78 (0x03fb48b3) x17 0x01356733
core   0: 0x80004f7c (0x018fc033) xor     zero, t6, s8
core   0: 3 0x80004f7c (0x018fc033)
core   0: 0x80004f80 (0x000084e9) c.srai  s1, 26
core   0: 3 0x80004f80 (0x84e9) x 9 0x00000000
core   0: 0x80004f82 (0x0231ee33) rem     t3, gp, gp
core   0: 3 0x80004f82 (0x0231ee33) x28 0x00000000
core   0: 0x80004f86 (0x0000147d) c.addi  s0, -1
core   0: 3 0x80004f86 (0x147d) x 8 0x00000004
core   0: 0x80004f88 (0xffd473e3) bgeu    s0, t4, pc - 26
core   0: 3 0x80004f88 (0xffd473e3)
core   0: 0x80004f6e (0x00009e36) c.add   t3, a3
core   0: 3 0x80004f6e (0x9e36) x28 0xddef4008
core   0: 0x80004f70 (0x41cfdd33) sra     s10, t6, t3
core   0: 3 0x80004f70 (0x41cfdd33) x26 0xffffffff
core   0: 0x80004f74 (0x018e27b3) slt     a5, t3, s8
core   0: 3 0x80004f74 (0x018e27b3) x15 0x00000001
core   0: 0x80004f78 (0x03fb48b3) div     a7, s6, t6
core   0: 3 0x80004f78 (0x03fb48b3) x17 0x01356733
core   0: 0x80004f7c (0x018fc033) xor     zero, t6, s8
core   0: 3 0x80004f7c (0x018fc033)
core   0: 0x80004f80 (0x000084e9) c.srai  s1, 26
core   0: 3 0x80004f80 (0x84e9) x 9 0x00000000
core   0: 0x80004f82 (0x0231ee33) rem     t3, gp, gp
core   0: 3 0x80004f82 (0x0231ee33) x28 0x00000000
core   0: 0x80004f86 (0x0000147d) c.addi  s0, -1
core   0: 3 0x80004f86 (0x147d) x 8 0x00000003
core   0: 0x80004f88 (0xffd473e3) bgeu    s0, t4, pc - 26
core   0: 3 0x80004f88 (0xffd473e3)
core   0: 0x80004f8c (0x03c89a33) mulh    s4, a7, t3
core   0: 3 0x80004f8c (0x03c89a33) x20 0x00000000
core   0: 0x80004f90 (0xfb221ae3) bne     tp, s2, pc - 76
core   0: 3 0x80004f90 (0xfb221ae3)
core   0: 0x80004f44 (0x00001814) c.addi4spn a3, sp, 48
core   0: 3 0x80004f44 (0x1814) x13 0x00000030
core   0: 0x80004f46 (0x00008fc1) c.or    a5, s0
core   0: 3 0x80004f46 (0x8fc1) x15 0x00000003
core   0: 0x80004f48 (0x00000205) c.addi  tp, 1
core   0: 3 0x80004f48 (0x0205) x 4 0x0000000b
core   0: 0x80004f4a (0x00a00413) li      s0, 10
core   0: 3 0x80004f4a (0x00a00413) x 8 0x0000000a
core   0: 0x80004f4e (0x032b06b3) mul     a3, s6, s2
core   0: 3 0x80004f4e (0x032b06b3) x13 0xddef4000
core   0: 0x80004f52 (0x00000001) c.nop
core   0: 3 0x80004f52 (0x0001)
core   0: 0x80004f54 (0x000092ee) c.add   t0, s11
core   0: 3 0x80004f54 (0x92ee) x 5 0x80071698
core   0: 0x80004f56 (0xffda3b93) sltiu   s7, s4, -3
core   0: 3 0x80004f56 (0xffda3b93) x23 0x00000001
core   0: 0x80004f5a (0x00008e35) c.xor   a2, a3
core   0: 3 0x80004f5a (0x8e35) x12 0x00000001
core   0: 0x80004f5c (0x01351f13) slli    t5, a0, 19
core   0: 3 0x80004f5c (0x01351f13) x30 0xf1600000
core   0: 0x80004f60 (0x03d3d033) divu    zero, t2, t4
core   0: 3 0x80004f60 (0x03d3d033)
core   0: 0x80004f64 (0x41980c33) sub     s8, a6, s9
core   0: 3 0x80004f64 (0x41980c33) x24 0x0000000f
core   0: 0x80004f68 (0x00400e93) li      t4, 4
core   0: 3 0x80004f68 (0x00400e93) x29 0x00000004
core   0: 0x80004f6c (0x00008ecd) c.or    a3, a1
core   0: 3 0x80004f6c (0x8ecd) x13 0xddef4008
core   0: 0x80004f6e (0x00009e36) c.add   t3, a3
core   0: 3 0x80004f6e (0x9e36) x28 0xddef4008
core   0: 0x80004f70 (0x41cfdd33) sra     s10, t6, t3
core   0: 3 0x80004f70 (0x41cfdd33) x26 0xffffffff
core   0: 0x80004f74 (0x018e27b3) slt     a5, t3, s8
core   0: 3 0x80004f74 (0x018e27b3) x15 0x00000001
core   0: 0x80004f78 (0x03fb48b3) div     a7, s6, t6
core   0: 3 0x80004f78 (0x03fb48b3) x17 0x01356733
core   0: 0x80004f7c (0x018fc033) xor     zero, t6, s8
core   0: 3 0x80004f7c (0x018fc033)
core   0: 0x80004f80 (0x000084e9) c.srai  s1, 26
core   0: 3 0x80004f80 (0x84e9) x 9 0x00000000
core   0: 0x80004f82 (0x0231ee33) rem     t3, gp, gp
core   0: 3 0x80004f82 (0x0231ee33) x28 0x00000000
core   0: 0x80004f86 (0x0000147d) c.addi  s0, -1
core   0: 3 0x80004f86 (0x147d) x 8 0x00000009
core   0: 0x80004f88 (0xffd473e3) bgeu    s0, t4, pc - 26
core   0: 3 0x80004f88 (0xffd473e3)
core   0: 0x80004f6e (0x00009e36) c.add   t3, a3
core   0: 3 0x80004f6e (0x9e36) x28 0xddef4008
core   0: 0x80004f70 (0x41cfdd33) sra     s10, t6, t3
core   0: 3 0x80004f70 (0x41cfdd33) x26 0xffffffff
core   0: 0x80004f74 (0x018e27b3) slt     a5, t3, s8
core   0: 3 0x80004f74 (0x018e27b3) x15 0x00000001
core   0: 0x80004f78 (0x03fb48b3) div     a7, s6, t6
core   0: 3 0x80004f78 (0x03fb48b3) x17 0x01356733
core   0: 0x80004f7c (0x018fc033) xor     zero, t6, s8
core   0: 3 0x80004f7c (0x018fc033)
core   0: 0x80004f80 (0x000084e9) c.srai  s1, 26
core   0: 3 0x80004f80 (0x84e9) x 9 0x00000000
core   0: 0x80004f82 (0x0231ee33) rem     t3, gp, gp
core   0: 3 0x80004f82 (0x0231ee33) x28 0x00000000
core   0: 0x80004f86 (0x0000147d) c.addi  s0, -1
core   0: 3 0x80004f86 (0x147d) x 8 0x00000008
core   0: 0x80004f88 (0xffd473e3) bgeu    s0, t4, pc - 26
core   0: 3 0x80004f88 (0xffd473e3)
core   0: 0x80004f6e (0x00009e36) c.add   t3, a3
core   0: 3 0x80004f6e (0x9e36) x28 0xddef4008
core   0: 0x80004f70 (0x41cfdd33) sra     s10, t6, t3
core   0: 3 0x80004f70 (0x41cfdd33) x26 0xffffffff
core   0: 0x80004f74 (0x018e27b3) slt     a5, t3, s8
core   0: 3 0x80004f74 (0x018e27b3) x15 0x00000001
core   0: 0x80004f78 (0x03fb48b3) div     a7, s6, t6
core   0: 3 0x80004f78 (0x03fb48b3) x17 0x01356733
core   0: 0x80004f7c (0x018fc033) xor     zero, t6, s8
core   0: 3 0x80004f7c (0x018fc033)
core   0: 0x80004f80 (0x000084e9) c.srai  s1, 26
core   0: 3 0x80004f80 (0x84e9) x 9 0x00000000
core   0: 0x80004f82 (0x0231ee33) rem     t3, gp, gp
core   0: 3 0x80004f82 (0x0231ee33) x28 0x00000000
core   0: 0x80004f86 (0x0000147d) c.addi  s0, -1
core   0: 3 0x80004f86 (0x147d) x 8 0x00000007
core   0: 0x80004f88 (0xffd473e3) bgeu    s0, t4, pc - 26
core   0: 3 0x80004f88 (0xffd473e3)
core   0: 0x80004f6e (0x00009e36) c.add   t3, a3
core   0: 3 0x80004f6e (0x9e36) x28 0xddef4008
core   0: 0x80004f70 (0x41cfdd33) sra     s10, t6, t3
core   0: 3 0x80004f70 (0x41cfdd33) x26 0xffffffff
core   0: 0x80004f74 (0x018e27b3) slt     a5, t3, s8
core   0: 3 0x80004f74 (0x018e27b3) x15 0x00000001
core   0: 0x80004f78 (0x03fb48b3) div     a7, s6, t6
core   0: 3 0x80004f78 (0x03fb48b3) x17 0x01356733
core   0: 0x80004f7c (0x018fc033) xor     zero, t6, s8
core   0: 3 0x80004f7c (0x018fc033)
core   0: 0x80004f80 (0x000084e9) c.srai  s1, 26
core   0: 3 0x80004f80 (0x84e9) x 9 0x00000000
core   0: 0x80004f82 (0x0231ee33) rem     t3, gp, gp
core   0: 3 0x80004f82 (0x0231ee33) x28 0x00000000
core   0: 0x80004f86 (0x0000147d) c.addi  s0, -1
core   0: 3 0x80004f86 (0x147d) x 8 0x00000006
core   0: 0x80004f88 (0xffd473e3) bgeu    s0, t4, pc - 26
core   0: 3 0x80004f88 (0xffd473e3)
core   0: 0x80004f6e (0x00009e36) c.add   t3, a3
core   0: 3 0x80004f6e (0x9e36) x28 0xddef4008
core   0: 0x80004f70 (0x41cfdd33) sra     s10, t6, t3
core   0: 3 0x80004f70 (0x41cfdd33) x26 0xffffffff
core   0: 0x80004f74 (0x018e27b3) slt     a5, t3, s8
core   0: 3 0x80004f74 (0x018e27b3) x15 0x00000001
core   0: 0x80004f78 (0x03fb48b3) div     a7, s6, t6
core   0: 3 0x80004f78 (0x03fb48b3) x17 0x01356733
core   0: 0x80004f7c (0x018fc033) xor     zero, t6, s8
core   0: 3 0x80004f7c (0x018fc033)
core   0: 0x80004f80 (0x000084e9) c.srai  s1, 26
core   0: 3 0x80004f80 (0x84e9) x 9 0x00000000
core   0: 0x80004f82 (0x0231ee33) rem     t3, gp, gp
core   0: 3 0x80004f82 (0x0231ee33) x28 0x00000000
core   0: 0x80004f86 (0x0000147d) c.addi  s0, -1
core   0: 3 0x80004f86 (0x147d) x 8 0x00000005
core   0: 0x80004f88 (0xffd473e3) bgeu    s0, t4, pc - 26
core   0: 3 0x80004f88 (0xffd473e3)
core   0: 0x80004f6e (0x00009e36) c.add   t3, a3
core   0: 3 0x80004f6e (0x9e36) x28 0xddef4008
core   0: 0x80004f70 (0x41cfdd33) sra     s10, t6, t3
core   0: 3 0x80004f70 (0x41cfdd33) x26 0xffffffff
core   0: 0x80004f74 (0x018e27b3) slt     a5, t3, s8
core   0: 3 0x80004f74 (0x018e27b3) x15 0x00000001
core   0: 0x80004f78 (0x03fb48b3) div     a7, s6, t6
core   0: 3 0x80004f78 (0x03fb48b3) x17 0x01356733
core   0: 0x80004f7c (0x018fc033) xor     zero, t6, s8
core   0: 3 0x80004f7c (0x018fc033)
core   0: 0x80004f80 (0x000084e9) c.srai  s1, 26
core   0: 3 0x80004f80 (0x84e9) x 9 0x00000000
core   0: 0x80004f82 (0x0231ee33) rem     t3, gp, gp
core   0: 3 0x80004f82 (0x0231ee33) x28 0x00000000
core   0: 0x80004f86 (0x0000147d) c.addi  s0, -1
core   0: 3 0x80004f86 (0x147d) x 8 0x00000004
core   0: 0x80004f88 (0xffd473e3) bgeu    s0, t4, pc - 26
core   0: 3 0x80004f88 (0xffd473e3)
core   0: 0x80004f6e (0x00009e36) c.add   t3, a3
core   0: 3 0x80004f6e (0x9e36) x28 0xddef4008
core   0: 0x80004f70 (0x41cfdd33) sra     s10, t6, t3
core   0: 3 0x80004f70 (0x41cfdd33) x26 0xffffffff
core   0: 0x80004f74 (0x018e27b3) slt     a5, t3, s8
core   0: 3 0x80004f74 (0x018e27b3) x15 0x00000001
core   0: 0x80004f78 (0x03fb48b3) div     a7, s6, t6
core   0: 3 0x80004f78 (0x03fb48b3) x17 0x01356733
core   0: 0x80004f7c (0x018fc033) xor     zero, t6, s8
core   0: 3 0x80004f7c (0x018fc033)
core   0: 0x80004f80 (0x000084e9) c.srai  s1, 26
core   0: 3 0x80004f80 (0x84e9) x 9 0x00000000
core   0: 0x80004f82 (0x0231ee33) rem     t3, gp, gp
core   0: 3 0x80004f82 (0x0231ee33) x28 0x00000000
core   0: 0x80004f86 (0x0000147d) c.addi  s0, -1
core   0: 3 0x80004f86 (0x147d) x 8 0x00000003
core   0: 0x80004f88 (0xffd473e3) bgeu    s0, t4, pc - 26
core   0: 3 0x80004f88 (0xffd473e3)
core   0: 0x80004f8c (0x03c89a33) mulh    s4, a7, t3
core   0: 3 0x80004f8c (0x03c89a33) x20 0x00000000
core   0: 0x80004f90 (0xfb221ae3) bne     tp, s2, pc - 76
core   0: 3 0x80004f90 (0xfb221ae3)
core   0: 0x80004f44 (0x00001814) c.addi4spn a3, sp, 48
core   0: 3 0x80004f44 (0x1814) x13 0x00000030
core   0: 0x80004f46 (0x00008fc1) c.or    a5, s0
core   0: 3 0x80004f46 (0x8fc1) x15 0x00000003
core   0: 0x80004f48 (0x00000205) c.addi  tp, 1
core   0: 3 0x80004f48 (0x0205) x 4 0x0000000c
core   0: 0x80004f4a (0x00a00413) li      s0, 10
core   0: 3 0x80004f4a (0x00a00413) x 8 0x0000000a
core   0: 0x80004f4e (0x032b06b3) mul     a3, s6, s2
core   0: 3 0x80004f4e (0x032b06b3) x13 0xddef4000
core   0: 0x80004f52 (0x00000001) c.nop
core   0: 3 0x80004f52 (0x0001)
core   0: 0x80004f54 (0x000092ee) c.add   t0, s11
core   0: 3 0x80004f54 (0x92ee) x 5 0x0009737c
core   0: 0x80004f56 (0xffda3b93) sltiu   s7, s4, -3
core   0: 3 0x80004f56 (0xffda3b93) x23 0x00000001
core   0: 0x80004f5a (0x00008e35) c.xor   a2, a3
core   0: 3 0x80004f5a (0x8e35) x12 0xddef4001
core   0: 0x80004f5c (0x01351f13) slli    t5, a0, 19
core   0: 3 0x80004f5c (0x01351f13) x30 0xf1600000
core   0: 0x80004f60 (0x03d3d033) divu    zero, t2, t4
core   0: 3 0x80004f60 (0x03d3d033)
core   0: 0x80004f64 (0x41980c33) sub     s8, a6, s9
core   0: 3 0x80004f64 (0x41980c33) x24 0x0000000f
core   0: 0x80004f68 (0x00400e93) li      t4, 4
core   0: 3 0x80004f68 (0x00400e93) x29 0x00000004
core   0: 0x80004f6c (0x00008ecd) c.or    a3, a1
core   0: 3 0x80004f6c (0x8ecd) x13 0xddef4008
core   0: 0x80004f6e (0x00009e36) c.add   t3, a3
core   0: 3 0x80004f6e (0x9e36) x28 0xddef4008
core   0: 0x80004f70 (0x41cfdd33) sra     s10, t6, t3
core   0: 3 0x80004f70 (0x41cfdd33) x26 0xffffffff
core   0: 0x80004f74 (0x018e27b3) slt     a5, t3, s8
core   0: 3 0x80004f74 (0x018e27b3) x15 0x00000001
core   0: 0x80004f78 (0x03fb48b3) div     a7, s6, t6
core   0: 3 0x80004f78 (0x03fb48b3) x17 0x01356733
core   0: 0x80004f7c (0x018fc033) xor     zero, t6, s8
core   0: 3 0x80004f7c (0x018fc033)
core   0: 0x80004f80 (0x000084e9) c.srai  s1, 26
core   0: 3 0x80004f80 (0x84e9) x 9 0x00000000
core   0: 0x80004f82 (0x0231ee33) rem     t3, gp, gp
core   0: 3 0x80004f82 (0x0231ee33) x28 0x00000000
core   0: 0x80004f86 (0x0000147d) c.addi  s0, -1
core   0: 3 0x80004f86 (0x147d) x 8 0x00000009
core   0: 0x80004f88 (0xffd473e3) bgeu    s0, t4, pc - 26
core   0: 3 0x80004f88 (0xffd473e3)
core   0: 0x80004f6e (0x00009e36) c.add   t3, a3
core   0: 3 0x80004f6e (0x9e36) x28 0xddef4008
core   0: 0x80004f70 (0x41cfdd33) sra     s10, t6, t3
core   0: 3 0x80004f70 (0x41cfdd33) x26 0xffffffff
core   0: 0x80004f74 (0x018e27b3) slt     a5, t3, s8
core   0: 3 0x80004f74 (0x018e27b3) x15 0x00000001
core   0: 0x80004f78 (0x03fb48b3) div     a7, s6, t6
core   0: 3 0x80004f78 (0x03fb48b3) x17 0x01356733
core   0: 0x80004f7c (0x018fc033) xor     zero, t6, s8
core   0: 3 0x80004f7c (0x018fc033)
core   0: 0x80004f80 (0x000084e9) c.srai  s1, 26
core   0: 3 0x80004f80 (0x84e9) x 9 0x00000000
core   0: 0x80004f82 (0x0231ee33) rem     t3, gp, gp
core   0: 3 0x80004f82 (0x0231ee33) x28 0x00000000
core   0: 0x80004f86 (0x0000147d) c.addi  s0, -1
core   0: 3 0x80004f86 (0x147d) x 8 0x00000008
core   0: 0x80004f88 (0xffd473e3) bgeu    s0, t4, pc - 26
core   0: 3 0x80004f88 (0xffd473e3)
core   0: 0x80004f6e (0x00009e36) c.add   t3, a3
core   0: 3 0x80004f6e (0x9e36) x28 0xddef4008
core   0: 0x80004f70 (0x41cfdd33) sra     s10, t6, t3
core   0: 3 0x80004f70 (0x41cfdd33) x26 0xffffffff
core   0: 0x80004f74 (0x018e27b3) slt     a5, t3, s8
core   0: 3 0x80004f74 (0x018e27b3) x15 0x00000001
core   0: 0x80004f78 (0x03fb48b3) div     a7, s6, t6
core   0: 3 0x80004f78 (0x03fb48b3) x17 0x01356733
core   0: 0x80004f7c (0x018fc033) xor     zero, t6, s8
core   0: 3 0x80004f7c (0x018fc033)
core   0: 0x80004f80 (0x000084e9) c.srai  s1, 26
core   0: 3 0x80004f80 (0x84e9) x 9 0x00000000
core   0: 0x80004f82 (0x0231ee33) rem     t3, gp, gp
core   0: 3 0x80004f82 (0x0231ee33) x28 0x00000000
core   0: 0x80004f86 (0x0000147d) c.addi  s0, -1
core   0: 3 0x80004f86 (0x147d) x 8 0x00000007
core   0: 0x80004f88 (0xffd473e3) bgeu    s0, t4, pc - 26
core   0: 3 0x80004f88 (0xffd473e3)
core   0: 0x80004f6e (0x00009e36) c.add   t3, a3
core   0: 3 0x80004f6e (0x9e36) x28 0xddef4008
core   0: 0x80004f70 (0x41cfdd33) sra     s10, t6, t3
core   0: 3 0x80004f70 (0x41cfdd33) x26 0xffffffff
core   0: 0x80004f74 (0x018e27b3) slt     a5, t3, s8
core   0: 3 0x80004f74 (0x018e27b3) x15 0x00000001
core   0: 0x80004f78 (0x03fb48b3) div     a7, s6, t6
core   0: 3 0x80004f78 (0x03fb48b3) x17 0x01356733
core   0: 0x80004f7c (0x018fc033) xor     zero, t6, s8
core   0: 3 0x80004f7c (0x018fc033)
core   0: 0x80004f80 (0x000084e9) c.srai  s1, 26
core   0: 3 0x80004f80 (0x84e9) x 9 0x00000000
core   0: 0x80004f82 (0x0231ee33) rem     t3, gp, gp
core   0: 3 0x80004f82 (0x0231ee33) x28 0x00000000
core   0: 0x80004f86 (0x0000147d) c.addi  s0, -1
core   0: 3 0x80004f86 (0x147d) x 8 0x00000006
core   0: 0x80004f88 (0xffd473e3) bgeu    s0, t4, pc - 26
core   0: 3 0x80004f88 (0xffd473e3)
core   0: 0x80004f6e (0x00009e36) c.add   t3, a3
core   0: 3 0x80004f6e (0x9e36) x28 0xddef4008
core   0: 0x80004f70 (0x41cfdd33) sra     s10, t6, t3
core   0: 3 0x80004f70 (0x41cfdd33) x26 0xffffffff
core   0: 0x80004f74 (0x018e27b3) slt     a5, t3, s8
core   0: 3 0x80004f74 (0x018e27b3) x15 0x00000001
core   0: 0x80004f78 (0x03fb48b3) div     a7, s6, t6
core   0: 3 0x80004f78 (0x03fb48b3) x17 0x01356733
core   0: 0x80004f7c (0x018fc033) xor     zero, t6, s8
core   0: 3 0x80004f7c (0x018fc033)
core   0: 0x80004f80 (0x000084e9) c.srai  s1, 26
core   0: 3 0x80004f80 (0x84e9) x 9 0x00000000
core   0: 0x80004f82 (0x0231ee33) rem     t3, gp, gp
core   0: 3 0x80004f82 (0x0231ee33) x28 0x00000000
core   0: 0x80004f86 (0x0000147d) c.addi  s0, -1
core   0: 3 0x80004f86 (0x147d) x 8 0x00000005
core   0: 0x80004f88 (0xffd473e3) bgeu    s0, t4, pc - 26
core   0: 3 0x80004f88 (0xffd473e3)
core   0: 0x80004f6e (0x00009e36) c.add   t3, a3
core   0: 3 0x80004f6e (0x9e36) x28 0xddef4008
core   0: 0x80004f70 (0x41cfdd33) sra     s10, t6, t3
core   0: 3 0x80004f70 (0x41cfdd33) x26 0xffffffff
core   0: 0x80004f74 (0x018e27b3) slt     a5, t3, s8
core   0: 3 0x80004f74 (0x018e27b3) x15 0x00000001
core   0: 0x80004f78 (0x03fb48b3) div     a7, s6, t6
core   0: 3 0x80004f78 (0x03fb48b3) x17 0x01356733
core   0: 0x80004f7c (0x018fc033) xor     zero, t6, s8
core   0: 3 0x80004f7c (0x018fc033)
core   0: 0x80004f80 (0x000084e9) c.srai  s1, 26
core   0: 3 0x80004f80 (0x84e9) x 9 0x00000000
core   0: 0x80004f82 (0x0231ee33) rem     t3, gp, gp
core   0: 3 0x80004f82 (0x0231ee33) x28 0x00000000
core   0: 0x80004f86 (0x0000147d) c.addi  s0, -1
core   0: 3 0x80004f86 (0x147d) x 8 0x00000004
core   0: 0x80004f88 (0xffd473e3) bgeu    s0, t4, pc - 26
core   0: 3 0x80004f88 (0xffd473e3)
core   0: 0x80004f6e (0x00009e36) c.add   t3, a3
core   0: 3 0x80004f6e (0x9e36) x28 0xddef4008
core   0: 0x80004f70 (0x41cfdd33) sra     s10, t6, t3
core   0: 3 0x80004f70 (0x41cfdd33) x26 0xffffffff
core   0: 0x80004f74 (0x018e27b3) slt     a5, t3, s8
core   0: 3 0x80004f74 (0x018e27b3) x15 0x00000001
core   0: 0x80004f78 (0x03fb48b3) div     a7, s6, t6
core   0: 3 0x80004f78 (0x03fb48b3) x17 0x01356733
core   0: 0x80004f7c (0x018fc033) xor     zero, t6, s8
core   0: 3 0x80004f7c (0x018fc033)
core   0: 0x80004f80 (0x000084e9) c.srai  s1, 26
core   0: 3 0x80004f80 (0x84e9) x 9 0x00000000
core   0: 0x80004f82 (0x0231ee33) rem     t3, gp, gp
core   0: 3 0x80004f82 (0x0231ee33) x28 0x00000000
core   0: 0x80004f86 (0x0000147d) c.addi  s0, -1
core   0: 3 0x80004f86 (0x147d) x 8 0x00000003
core   0: 0x80004f88 (0xffd473e3) bgeu    s0, t4, pc - 26
core   0: 3 0x80004f88 (0xffd473e3)
core   0: 0x80004f8c (0x03c89a33) mulh    s4, a7, t3
core   0: 3 0x80004f8c (0x03c89a33) x20 0x00000000
core   0: 0x80004f90 (0xfb221ae3) bne     tp, s2, pc - 76
core   0: 3 0x80004f90 (0xfb221ae3)
core   0: 0x80004f94 (0x01b9c8b3) xor     a7, s3, s11
core   0: 3 0x80004f94 (0x01b9c8b3) x17 0x80025ce5
core   0: 0x80004f98 (0x00600693) li      a3, 6
core   0: 3 0x80004f98 (0x00600693) x13 0x00000006
core   0: 0x80004f9c (0x01141f93) slli    t6, s0, 17
core   0: 3 0x80004f9c (0x01141f93) x31 0x00060000
core   0: 0x80004fa0 (0x000089ce) c.mv    s3, s3
core   0: 3 0x80004fa0 (0x89ce) x19 0x00000001
core   0: 0x80004fa2 (0x005e43b3) xor     t2, t3, t0
core   0: 3 0x80004fa2 (0x005e43b3) x 7 0x0009737c
core   0: 0x80004fa6 (0xff800f13) li      t5, -8
core   0: 3 0x80004fa6 (0xff800f13) x30 0xfffffff8
core   0: 0x80004faa (0x01809113) slli    sp, ra, 24
core   0: 3 0x80004faa (0x01809113) x 2 0x35000000
core   0: 0x80004fae (0x0188b1b3) sltu    gp, a7, s8
core   0: 3 0x80004fae (0x0188b1b3) x 3 0x00000000
core   0: 0x80004fb2 (0x00000001) c.nop
core   0: 3 0x80004fb2 (0x0001)
core   0: 0x80004fb4 (0x0323deb3) divu    t4, t2, s2
core   0: 3 0x80004fb4 (0x0323deb3) x29 0x0000c99f
core   0: 0x80004fb8 (0x000016fd) c.addi  a3, -1
core   0: 3 0x80004fb8 (0x16fd) x13 0x00000005
core   0: 0x80004fba (0x0ff0000f) fence   iorw,iorw
core   0: 3 0x80004fba (0x0ff0000f)
core   0: 0x80004fbe (0x9a6bc313) xori    t1, s7, -1626
core   0: 3 0x80004fbe (0x9a6bc313) x 6 0xfffff9a7
core   0: 0x80004fc2 (0x00008a01) c.andi  a2, 0
core   0: 3 0x80004fc2 (0x8a01) x12 0x00000000
core   0: 0x80004fc4 (0xe4eb6713) ori     a4, s6, -434
core   0: 3 0x80004fc4 (0xe4eb6713) x14 0xfffffe4e
core   0: 0x80004fc8 (0x000067a1) c.lui   a5, 0x8
core   0: 3 0x80004fc8 (0x67a1) x15 0x00008000
core   0: 0x80004fca (0x0cb02c93) slti    s9, zero, 203
core   0: 3 0x80004fca (0x0cb02c93) x25 0x00000001
core   0: 0x80004fce (0x00008f1d) c.sub   a4, a5
core   0: 3 0x80004fce (0x8f1d) x14 0xffff7e4e
core   0: 0x80004fd0 (0x00000841) c.addi  a6, 16
core   0: 3 0x80004fd0 (0x0841) x16 0x00000010
core   0: 0x80004fd2 (0x00a27333) and     t1, tp, a0
core   0: 3 0x80004fd2 (0x00a27333) x 6 0x0000000c
core   0: 0x80004fd6 (0xfde6dce3) bge     a3, t5, pc - 40
core   0: 3 0x80004fd6 (0xfde6dce3)
core   0: 0x80004fae (0x0188b1b3) sltu    gp, a7, s8
core   0: 3 0x80004fae (0x0188b1b3) x 3 0x00000000
core   0: 0x80004fb2 (0x00000001) c.nop
core   0: 3 0x80004fb2 (0x0001)
core   0: 0x80004fb4 (0x0323deb3) divu    t4, t2, s2
core   0: 3 0x80004fb4 (0x0323deb3) x29 0x0000c99f
core   0: 0x80004fb8 (0x000016fd) c.addi  a3, -1
core   0: 3 0x80004fb8 (0x16fd) x13 0x00000004
core   0: 0x80004fba (0x0ff0000f) fence   iorw,iorw
core   0: 3 0x80004fba (0x0ff0000f)
core   0: 0x80004fbe (0x9a6bc313) xori    t1, s7, -1626
core   0: 3 0x80004fbe (0x9a6bc313) x 6 0xfffff9a7
core   0: 0x80004fc2 (0x00008a01) c.andi  a2, 0
core   0: 3 0x80004fc2 (0x8a01) x12 0x00000000
core   0: 0x80004fc4 (0xe4eb6713) ori     a4, s6, -434
core   0: 3 0x80004fc4 (0xe4eb6713) x14 0xfffffe4e
core   0: 0x80004fc8 (0x000067a1) c.lui   a5, 0x8
core   0: 3 0x80004fc8 (0x67a1) x15 0x00008000
core   0: 0x80004fca (0x0cb02c93) slti    s9, zero, 203
core   0: 3 0x80004fca (0x0cb02c93) x25 0x00000001
core   0: 0x80004fce (0x00008f1d) c.sub   a4, a5
core   0: 3 0x80004fce (0x8f1d) x14 0xffff7e4e
core   0: 0x80004fd0 (0x00000841) c.addi  a6, 16
core   0: 3 0x80004fd0 (0x0841) x16 0x00000020
core   0: 0x80004fd2 (0x00a27333) and     t1, tp, a0
core   0: 3 0x80004fd2 (0x00a27333) x 6 0x0000000c
core   0: 0x80004fd6 (0xfde6dce3) bge     a3, t5, pc - 40
core   0: 3 0x80004fd6 (0xfde6dce3)
core   0: 0x80004fae (0x0188b1b3) sltu    gp, a7, s8
core   0: 3 0x80004fae (0x0188b1b3) x 3 0x00000000
core   0: 0x80004fb2 (0x00000001) c.nop
core   0: 3 0x80004fb2 (0x0001)
core   0: 0x80004fb4 (0x0323deb3) divu    t4, t2, s2
core   0: 3 0x80004fb4 (0x0323deb3) x29 0x0000c99f
core   0: 0x80004fb8 (0x000016fd) c.addi  a3, -1
core   0: 3 0x80004fb8 (0x16fd) x13 0x00000003
core   0: 0x80004fba (0x0ff0000f) fence   iorw,iorw
core   0: 3 0x80004fba (0x0ff0000f)
core   0: 0x80004fbe (0x9a6bc313) xori    t1, s7, -1626
core   0: 3 0x80004fbe (0x9a6bc313) x 6 0xfffff9a7
core   0: 0x80004fc2 (0x00008a01) c.andi  a2, 0
core   0: 3 0x80004fc2 (0x8a01) x12 0x00000000
core   0: 0x80004fc4 (0xe4eb6713) ori     a4, s6, -434
core   0: 3 0x80004fc4 (0xe4eb6713) x14 0xfffffe4e
core   0: 0x80004fc8 (0x000067a1) c.lui   a5, 0x8
core   0: 3 0x80004fc8 (0x67a1) x15 0x00008000
core   0: 0x80004fca (0x0cb02c93) slti    s9, zero, 203
core   0: 3 0x80004fca (0x0cb02c93) x25 0x00000001
core   0: 0x80004fce (0x00008f1d) c.sub   a4, a5
core   0: 3 0x80004fce (0x8f1d) x14 0xffff7e4e
core   0: 0x80004fd0 (0x00000841) c.addi  a6, 16
core   0: 3 0x80004fd0 (0x0841) x16 0x00000030
core   0: 0x80004fd2 (0x00a27333) and     t1, tp, a0
core   0: 3 0x80004fd2 (0x00a27333) x 6 0x0000000c
core   0: 0x80004fd6 (0xfde6dce3) bge     a3, t5, pc - 40
core   0: 3 0x80004fd6 (0xfde6dce3)
core   0: 0x80004fae (0x0188b1b3) sltu    gp, a7, s8
core   0: 3 0x80004fae (0x0188b1b3) x 3 0x00000000
core   0: 0x80004fb2 (0x00000001) c.nop
core   0: 3 0x80004fb2 (0x0001)
core   0: 0x80004fb4 (0x0323deb3) divu    t4, t2, s2
core   0: 3 0x80004fb4 (0x0323deb3) x29 0x0000c99f
core   0: 0x80004fb8 (0x000016fd) c.addi  a3, -1
core   0: 3 0x80004fb8 (0x16fd) x13 0x00000002
core   0: 0x80004fba (0x0ff0000f) fence   iorw,iorw
core   0: 3 0x80004fba (0x0ff0000f)
core   0: 0x80004fbe (0x9a6bc313) xori    t1, s7, -1626
core   0: 3 0x80004fbe (0x9a6bc313) x 6 0xfffff9a7
core   0: 0x80004fc2 (0x00008a01) c.andi  a2, 0
core   0: 3 0x80004fc2 (0x8a01) x12 0x00000000
core   0: 0x80004fc4 (0xe4eb6713) ori     a4, s6, -434
core   0: 3 0x80004fc4 (0xe4eb6713) x14 0xfffffe4e
core   0: 0x80004fc8 (0x000067a1) c.lui   a5, 0x8
core   0: 3 0x80004fc8 (0x67a1) x15 0x00008000
core   0: 0x80004fca (0x0cb02c93) slti    s9, zero, 203
core   0: 3 0x80004fca (0x0cb02c93) x25 0x00000001
core   0: 0x80004fce (0x00008f1d) c.sub   a4, a5
core   0: 3 0x80004fce (0x8f1d) x14 0xffff7e4e
core   0: 0x80004fd0 (0x00000841) c.addi  a6, 16
core   0: 3 0x80004fd0 (0x0841) x16 0x00000040
core   0: 0x80004fd2 (0x00a27333) and     t1, tp, a0
core   0: 3 0x80004fd2 (0x00a27333) x 6 0x0000000c
core   0: 0x80004fd6 (0xfde6dce3) bge     a3, t5, pc - 40
core   0: 3 0x80004fd6 (0xfde6dce3)
core   0: 0x80004fae (0x0188b1b3) sltu    gp, a7, s8
core   0: 3 0x80004fae (0x0188b1b3) x 3 0x00000000
core   0: 0x80004fb2 (0x00000001) c.nop
core   0: 3 0x80004fb2 (0x0001)
core   0: 0x80004fb4 (0x0323deb3) divu    t4, t2, s2
core   0: 3 0x80004fb4 (0x0323deb3) x29 0x0000c99f
core   0: 0x80004fb8 (0x000016fd) c.addi  a3, -1
core   0: 3 0x80004fb8 (0x16fd) x13 0x00000001
core   0: 0x80004fba (0x0ff0000f) fence   iorw,iorw
core   0: 3 0x80004fba (0x0ff0000f)
core   0: 0x80004fbe (0x9a6bc313) xori    t1, s7, -1626
core   0: 3 0x80004fbe (0x9a6bc313) x 6 0xfffff9a7
core   0: 0x80004fc2 (0x00008a01) c.andi  a2, 0
core   0: 3 0x80004fc2 (0x8a01) x12 0x00000000
core   0: 0x80004fc4 (0xe4eb6713) ori     a4, s6, -434
core   0: 3 0x80004fc4 (0xe4eb6713) x14 0xfffffe4e
core   0: 0x80004fc8 (0x000067a1) c.lui   a5, 0x8
core   0: 3 0x80004fc8 (0x67a1) x15 0x00008000
core   0: 0x80004fca (0x0cb02c93) slti    s9, zero, 203
core   0: 3 0x80004fca (0x0cb02c93) x25 0x00000001
core   0: 0x80004fce (0x00008f1d) c.sub   a4, a5
core   0: 3 0x80004fce (0x8f1d) x14 0xffff7e4e
core   0: 0x80004fd0 (0x00000841) c.addi  a6, 16
core   0: 3 0x80004fd0 (0x0841) x16 0x00000050
core   0: 0x80004fd2 (0x00a27333) and     t1, tp, a0
core   0: 3 0x80004fd2 (0x00a27333) x 6 0x0000000c
core   0: 0x80004fd6 (0xfde6dce3) bge     a3, t5, pc - 40
core   0: 3 0x80004fd6 (0xfde6dce3)
core   0: 0x80004fae (0x0188b1b3) sltu    gp, a7, s8
core   0: 3 0x80004fae (0x0188b1b3) x 3 0x00000000
core   0: 0x80004fb2 (0x00000001) c.nop
core   0: 3 0x80004fb2 (0x0001)
core   0: 0x80004fb4 (0x0323deb3) divu    t4, t2, s2
core   0: 3 0x80004fb4 (0x0323deb3) x29 0x0000c99f
core   0: 0x80004fb8 (0x000016fd) c.addi  a3, -1
core   0: 3 0x80004fb8 (0x16fd) x13 0x00000000
core   0: 0x80004fba (0x0ff0000f) fence   iorw,iorw
core   0: 3 0x80004fba (0x0ff0000f)
core   0: 0x80004fbe (0x9a6bc313) xori    t1, s7, -1626
core   0: 3 0x80004fbe (0x9a6bc313) x 6 0xfffff9a7
core   0: 0x80004fc2 (0x00008a01) c.andi  a2, 0
core   0: 3 0x80004fc2 (0x8a01) x12 0x00000000
core   0: 0x80004fc4 (0xe4eb6713) ori     a4, s6, -434
core   0: 3 0x80004fc4 (0xe4eb6713) x14 0xfffffe4e
core   0: 0x80004fc8 (0x000067a1) c.lui   a5, 0x8
core   0: 3 0x80004fc8 (0x67a1) x15 0x00008000
core   0: 0x80004fca (0x0cb02c93) slti    s9, zero, 203
core   0: 3 0x80004fca (0x0cb02c93) x25 0x00000001
core   0: 0x80004fce (0x00008f1d) c.sub   a4, a5
core   0: 3 0x80004fce (0x8f1d) x14 0xffff7e4e
core   0: 0x80004fd0 (0x00000841) c.addi  a6, 16
core   0: 3 0x80004fd0 (0x0841) x16 0x00000060
core   0: 0x80004fd2 (0x00a27333) and     t1, tp, a0
core   0: 3 0x80004fd2 (0x00a27333) x 6 0x0000000c
core   0: 0x80004fd6 (0xfde6dce3) bge     a3, t5, pc - 40
core   0: 3 0x80004fd6 (0xfde6dce3)
core   0: 0x80004fae (0x0188b1b3) sltu    gp, a7, s8
core   0: 3 0x80004fae (0x0188b1b3) x 3 0x00000000
core   0: 0x80004fb2 (0x00000001) c.nop
core   0: 3 0x80004fb2 (0x0001)
core   0: 0x80004fb4 (0x0323deb3) divu    t4, t2, s2
core   0: 3 0x80004fb4 (0x0323deb3) x29 0x0000c99f
core   0: 0x80004fb8 (0x000016fd) c.addi  a3, -1
core   0: 3 0x80004fb8 (0x16fd) x13 0xffffffff
core   0: 0x80004fba (0x0ff0000f) fence   iorw,iorw
core   0: 3 0x80004fba (0x0ff0000f)
core   0: 0x80004fbe (0x9a6bc313) xori    t1, s7, -1626
core   0: 3 0x80004fbe (0x9a6bc313) x 6 0xfffff9a7
core   0: 0x80004fc2 (0x00008a01) c.andi  a2, 0
core   0: 3 0x80004fc2 (0x8a01) x12 0x00000000
core   0: 0x80004fc4 (0xe4eb6713) ori     a4, s6, -434
core   0: 3 0x80004fc4 (0xe4eb6713) x14 0xfffffe4e
core   0: 0x80004fc8 (0x000067a1) c.lui   a5, 0x8
core   0: 3 0x80004fc8 (0x67a1) x15 0x00008000
core   0: 0x80004fca (0x0cb02c93) slti    s9, zero, 203
core   0: 3 0x80004fca (0x0cb02c93) x25 0x00000001
core   0: 0x80004fce (0x00008f1d) c.sub   a4, a5
core   0: 3 0x80004fce (0x8f1d) x14 0xffff7e4e
core   0: 0x80004fd0 (0x00000841) c.addi  a6, 16
core   0: 3 0x80004fd0 (0x0841) x16 0x00000070
core   0: 0x80004fd2 (0x00a27333) and     t1, tp, a0
core   0: 3 0x80004fd2 (0x00a27333) x 6 0x0000000c
core   0: 0x80004fd6 (0xfde6dce3) bge     a3, t5, pc - 40
core   0: 3 0x80004fd6 (0xfde6dce3)
core   0: 0x80004fae (0x0188b1b3) sltu    gp, a7, s8
core   0: 3 0x80004fae (0x0188b1b3) x 3 0x00000000
core   0: 0x80004fb2 (0x00000001) c.nop
core   0: 3 0x80004fb2 (0x0001)
core   0: 0x80004fb4 (0x0323deb3) divu    t4, t2, s2
core   0: 3 0x80004fb4 (0x0323deb3) x29 0x0000c99f
core   0: 0x80004fb8 (0x000016fd) c.addi  a3, -1
core   0: 3 0x80004fb8 (0x16fd) x13 0xfffffffe
core   0: 0x80004fba (0x0ff0000f) fence   iorw,iorw
core   0: 3 0x80004fba (0x0ff0000f)
core   0: 0x80004fbe (0x9a6bc313) xori    t1, s7, -1626
core   0: 3 0x80004fbe (0x9a6bc313) x 6 0xfffff9a7
core   0: 0x80004fc2 (0x00008a01) c.andi  a2, 0
core   0: 3 0x80004fc2 (0x8a01) x12 0x00000000
core   0: 0x80004fc4 (0xe4eb6713) ori     a4, s6, -434
core   0: 3 0x80004fc4 (0xe4eb6713) x14 0xfffffe4e
core   0: 0x80004fc8 (0x000067a1) c.lui   a5, 0x8
core   0: 3 0x80004fc8 (0x67a1) x15 0x00008000
core   0: 0x80004fca (0x0cb02c93) slti    s9, zero, 203
core   0: 3 0x80004fca (0x0cb02c93) x25 0x00000001
core   0: 0x80004fce (0x00008f1d) c.sub   a4, a5
core   0: 3 0x80004fce (0x8f1d) x14 0xffff7e4e
core   0: 0x80004fd0 (0x00000841) c.addi  a6, 16
core   0: 3 0x80004fd0 (0x0841) x16 0x00000080
core   0: 0x80004fd2 (0x00a27333) and     t1, tp, a0
core   0: 3 0x80004fd2 (0x00a27333) x 6 0x0000000c
core   0: 0x80004fd6 (0xfde6dce3) bge     a3, t5, pc - 40
core   0: 3 0x80004fd6 (0xfde6dce3)
core   0: 0x80004fae (0x0188b1b3) sltu    gp, a7, s8
core   0: 3 0x80004fae (0x0188b1b3) x 3 0x00000000
core   0: 0x80004fb2 (0x00000001) c.nop
core   0: 3 0x80004fb2 (0x0001)
core   0: 0x80004fb4 (0x0323deb3) divu    t4, t2, s2
core   0: 3 0x80004fb4 (0x0323deb3) x29 0x0000c99f
core   0: 0x80004fb8 (0x000016fd) c.addi  a3, -1
core   0: 3 0x80004fb8 (0x16fd) x13 0xfffffffd
core   0: 0x80004fba (0x0ff0000f) fence   iorw,iorw
core   0: 3 0x80004fba (0x0ff0000f)
core   0: 0x80004fbe (0x9a6bc313) xori    t1, s7, -1626
core   0: 3 0x80004fbe (0x9a6bc313) x 6 0xfffff9a7
core   0: 0x80004fc2 (0x00008a01) c.andi  a2, 0
core   0: 3 0x80004fc2 (0x8a01) x12 0x00000000
core   0: 0x80004fc4 (0xe4eb6713) ori     a4, s6, -434
core   0: 3 0x80004fc4 (0xe4eb6713) x14 0xfffffe4e
core   0: 0x80004fc8 (0x000067a1) c.lui   a5, 0x8
core   0: 3 0x80004fc8 (0x67a1) x15 0x00008000
core   0: 0x80004fca (0x0cb02c93) slti    s9, zero, 203
core   0: 3 0x80004fca (0x0cb02c93) x25 0x00000001
core   0: 0x80004fce (0x00008f1d) c.sub   a4, a5
core   0: 3 0x80004fce (0x8f1d) x14 0xffff7e4e
core   0: 0x80004fd0 (0x00000841) c.addi  a6, 16
core   0: 3 0x80004fd0 (0x0841) x16 0x00000090
core   0: 0x80004fd2 (0x00a27333) and     t1, tp, a0
core   0: 3 0x80004fd2 (0x00a27333) x 6 0x0000000c
core   0: 0x80004fd6 (0xfde6dce3) bge     a3, t5, pc - 40
core   0: 3 0x80004fd6 (0xfde6dce3)
core   0: 0x80004fae (0x0188b1b3) sltu    gp, a7, s8
core   0: 3 0x80004fae (0x0188b1b3) x 3 0x00000000
core   0: 0x80004fb2 (0x00000001) c.nop
core   0: 3 0x80004fb2 (0x0001)
core   0: 0x80004fb4 (0x0323deb3) divu    t4, t2, s2
core   0: 3 0x80004fb4 (0x0323deb3) x29 0x0000c99f
core   0: 0x80004fb8 (0x000016fd) c.addi  a3, -1
core   0: 3 0x80004fb8 (0x16fd) x13 0xfffffffc
core   0: 0x80004fba (0x0ff0000f) fence   iorw,iorw
core   0: 3 0x80004fba (0x0ff0000f)
core   0: 0x80004fbe (0x9a6bc313) xori    t1, s7, -1626
core   0: 3 0x80004fbe (0x9a6bc313) x 6 0xfffff9a7
core   0: 0x80004fc2 (0x00008a01) c.andi  a2, 0
core   0: 3 0x80004fc2 (0x8a01) x12 0x00000000
core   0: 0x80004fc4 (0xe4eb6713) ori     a4, s6, -434
core   0: 3 0x80004fc4 (0xe4eb6713) x14 0xfffffe4e
core   0: 0x80004fc8 (0x000067a1) c.lui   a5, 0x8
core   0: 3 0x80004fc8 (0x67a1) x15 0x00008000
core   0: 0x80004fca (0x0cb02c93) slti    s9, zero, 203
core   0: 3 0x80004fca (0x0cb02c93) x25 0x00000001
core   0: 0x80004fce (0x00008f1d) c.sub   a4, a5
core   0: 3 0x80004fce (0x8f1d) x14 0xffff7e4e
core   0: 0x80004fd0 (0x00000841) c.addi  a6, 16
core   0: 3 0x80004fd0 (0x0841) x16 0x000000a0
core   0: 0x80004fd2 (0x00a27333) and     t1, tp, a0
core   0: 3 0x80004fd2 (0x00a27333) x 6 0x0000000c
core   0: 0x80004fd6 (0xfde6dce3) bge     a3, t5, pc - 40
core   0: 3 0x80004fd6 (0xfde6dce3)
core   0: 0x80004fae (0x0188b1b3) sltu    gp, a7, s8
core   0: 3 0x80004fae (0x0188b1b3) x 3 0x00000000
core   0: 0x80004fb2 (0x00000001) c.nop
core   0: 3 0x80004fb2 (0x0001)
core   0: 0x80004fb4 (0x0323deb3) divu    t4, t2, s2
core   0: 3 0x80004fb4 (0x0323deb3) x29 0x0000c99f
core   0: 0x80004fb8 (0x000016fd) c.addi  a3, -1
core   0: 3 0x80004fb8 (0x16fd) x13 0xfffffffb
core   0: 0x80004fba (0x0ff0000f) fence   iorw,iorw
core   0: 3 0x80004fba (0x0ff0000f)
core   0: 0x80004fbe (0x9a6bc313) xori    t1, s7, -1626
core   0: 3 0x80004fbe (0x9a6bc313) x 6 0xfffff9a7
core   0: 0x80004fc2 (0x00008a01) c.andi  a2, 0
core   0: 3 0x80004fc2 (0x8a01) x12 0x00000000
core   0: 0x80004fc4 (0xe4eb6713) ori     a4, s6, -434
core   0: 3 0x80004fc4 (0xe4eb6713) x14 0xfffffe4e
core   0: 0x80004fc8 (0x000067a1) c.lui   a5, 0x8
core   0: 3 0x80004fc8 (0x67a1) x15 0x00008000
core   0: 0x80004fca (0x0cb02c93) slti    s9, zero, 203
core   0: 3 0x80004fca (0x0cb02c93) x25 0x00000001
core   0: 0x80004fce (0x00008f1d) c.sub   a4, a5
core   0: 3 0x80004fce (0x8f1d) x14 0xffff7e4e
core   0: 0x80004fd0 (0x00000841) c.addi  a6, 16
core   0: 3 0x80004fd0 (0x0841) x16 0x000000b0
core   0: 0x80004fd2 (0x00a27333) and     t1, tp, a0
core   0: 3 0x80004fd2 (0x00a27333) x 6 0x0000000c
core   0: 0x80004fd6 (0xfde6dce3) bge     a3, t5, pc - 40
core   0: 3 0x80004fd6 (0xfde6dce3)
core   0: 0x80004fae (0x0188b1b3) sltu    gp, a7, s8
core   0: 3 0x80004fae (0x0188b1b3) x 3 0x00000000
core   0: 0x80004fb2 (0x00000001) c.nop
core   0: 3 0x80004fb2 (0x0001)
core   0: 0x80004fb4 (0x0323deb3) divu    t4, t2, s2
core   0: 3 0x80004fb4 (0x0323deb3) x29 0x0000c99f
core   0: 0x80004fb8 (0x000016fd) c.addi  a3, -1
core   0: 3 0x80004fb8 (0x16fd) x13 0xfffffffa
core   0: 0x80004fba (0x0ff0000f) fence   iorw,iorw
core   0: 3 0x80004fba (0x0ff0000f)
core   0: 0x80004fbe (0x9a6bc313) xori    t1, s7, -1626
core   0: 3 0x80004fbe (0x9a6bc313) x 6 0xfffff9a7
core   0: 0x80004fc2 (0x00008a01) c.andi  a2, 0
core   0: 3 0x80004fc2 (0x8a01) x12 0x00000000
core   0: 0x80004fc4 (0xe4eb6713) ori     a4, s6, -434
core   0: 3 0x80004fc4 (0xe4eb6713) x14 0xfffffe4e
core   0: 0x80004fc8 (0x000067a1) c.lui   a5, 0x8
core   0: 3 0x80004fc8 (0x67a1) x15 0x00008000
core   0: 0x80004fca (0x0cb02c93) slti    s9, zero, 203
core   0: 3 0x80004fca (0x0cb02c93) x25 0x00000001
core   0: 0x80004fce (0x00008f1d) c.sub   a4, a5
core   0: 3 0x80004fce (0x8f1d) x14 0xffff7e4e
core   0: 0x80004fd0 (0x00000841) c.addi  a6, 16
core   0: 3 0x80004fd0 (0x0841) x16 0x000000c0
core   0: 0x80004fd2 (0x00a27333) and     t1, tp, a0
core   0: 3 0x80004fd2 (0x00a27333) x 6 0x0000000c
core   0: 0x80004fd6 (0xfde6dce3) bge     a3, t5, pc - 40
core   0: 3 0x80004fd6 (0xfde6dce3)
core   0: 0x80004fae (0x0188b1b3) sltu    gp, a7, s8
core   0: 3 0x80004fae (0x0188b1b3) x 3 0x00000000
core   0: 0x80004fb2 (0x00000001) c.nop
core   0: 3 0x80004fb2 (0x0001)
core   0: 0x80004fb4 (0x0323deb3) divu    t4, t2, s2
core   0: 3 0x80004fb4 (0x0323deb3) x29 0x0000c99f
core   0: 0x80004fb8 (0x000016fd) c.addi  a3, -1
core   0: 3 0x80004fb8 (0x16fd) x13 0xfffffff9
core   0: 0x80004fba (0x0ff0000f) fence   iorw,iorw
core   0: 3 0x80004fba (0x0ff0000f)
core   0: 0x80004fbe (0x9a6bc313) xori    t1, s7, -1626
core   0: 3 0x80004fbe (0x9a6bc313) x 6 0xfffff9a7
core   0: 0x80004fc2 (0x00008a01) c.andi  a2, 0
core   0: 3 0x80004fc2 (0x8a01) x12 0x00000000
core   0: 0x80004fc4 (0xe4eb6713) ori     a4, s6, -434
core   0: 3 0x80004fc4 (0xe4eb6713) x14 0xfffffe4e
core   0: 0x80004fc8 (0x000067a1) c.lui   a5, 0x8
core   0: 3 0x80004fc8 (0x67a1) x15 0x00008000
core   0: 0x80004fca (0x0cb02c93) slti    s9, zero, 203
core   0: 3 0x80004fca (0x0cb02c93) x25 0x00000001
core   0: 0x80004fce (0x00008f1d) c.sub   a4, a5
core   0: 3 0x80004fce (0x8f1d) x14 0xffff7e4e
core   0: 0x80004fd0 (0x00000841) c.addi  a6, 16
core   0: 3 0x80004fd0 (0x0841) x16 0x000000d0
core   0: 0x80004fd2 (0x00a27333) and     t1, tp, a0
core   0: 3 0x80004fd2 (0x00a27333) x 6 0x0000000c
core   0: 0x80004fd6 (0xfde6dce3) bge     a3, t5, pc - 40
core   0: 3 0x80004fd6 (0xfde6dce3)
core   0: 0x80004fae (0x0188b1b3) sltu    gp, a7, s8
core   0: 3 0x80004fae (0x0188b1b3) x 3 0x00000000
core   0: 0x80004fb2 (0x00000001) c.nop
core   0: 3 0x80004fb2 (0x0001)
core   0: 0x80004fb4 (0x0323deb3) divu    t4, t2, s2
core   0: 3 0x80004fb4 (0x0323deb3) x29 0x0000c99f
core   0: 0x80004fb8 (0x000016fd) c.addi  a3, -1
core   0: 3 0x80004fb8 (0x16fd) x13 0xfffffff8
core   0: 0x80004fba (0x0ff0000f) fence   iorw,iorw
core   0: 3 0x80004fba (0x0ff0000f)
core   0: 0x80004fbe (0x9a6bc313) xori    t1, s7, -1626
core   0: 3 0x80004fbe (0x9a6bc313) x 6 0xfffff9a7
core   0: 0x80004fc2 (0x00008a01) c.andi  a2, 0
core   0: 3 0x80004fc2 (0x8a01) x12 0x00000000
core   0: 0x80004fc4 (0xe4eb6713) ori     a4, s6, -434
core   0: 3 0x80004fc4 (0xe4eb6713) x14 0xfffffe4e
core   0: 0x80004fc8 (0x000067a1) c.lui   a5, 0x8
core   0: 3 0x80004fc8 (0x67a1) x15 0x00008000
core   0: 0x80004fca (0x0cb02c93) slti    s9, zero, 203
core   0: 3 0x80004fca (0x0cb02c93) x25 0x00000001
core   0: 0x80004fce (0x00008f1d) c.sub   a4, a5
core   0: 3 0x80004fce (0x8f1d) x14 0xffff7e4e
core   0: 0x80004fd0 (0x00000841) c.addi  a6, 16
core   0: 3 0x80004fd0 (0x0841) x16 0x000000e0
core   0: 0x80004fd2 (0x00a27333) and     t1, tp, a0
core   0: 3 0x80004fd2 (0x00a27333) x 6 0x0000000c
core   0: 0x80004fd6 (0xfde6dce3) bge     a3, t5, pc - 40
core   0: 3 0x80004fd6 (0xfde6dce3)
core   0: 0x80004fae (0x0188b1b3) sltu    gp, a7, s8
core   0: 3 0x80004fae (0x0188b1b3) x 3 0x00000000
core   0: 0x80004fb2 (0x00000001) c.nop
core   0: 3 0x80004fb2 (0x0001)
core   0: 0x80004fb4 (0x0323deb3) divu    t4, t2, s2
core   0: 3 0x80004fb4 (0x0323deb3) x29 0x0000c99f
core   0: 0x80004fb8 (0x000016fd) c.addi  a3, -1
core   0: 3 0x80004fb8 (0x16fd) x13 0xfffffff7
core   0: 0x80004fba (0x0ff0000f) fence   iorw,iorw
core   0: 3 0x80004fba (0x0ff0000f)
core   0: 0x80004fbe (0x9a6bc313) xori    t1, s7, -1626
core   0: 3 0x80004fbe (0x9a6bc313) x 6 0xfffff9a7
core   0: 0x80004fc2 (0x00008a01) c.andi  a2, 0
core   0: 3 0x80004fc2 (0x8a01) x12 0x00000000
core   0: 0x80004fc4 (0xe4eb6713) ori     a4, s6, -434
core   0: 3 0x80004fc4 (0xe4eb6713) x14 0xfffffe4e
core   0: 0x80004fc8 (0x000067a1) c.lui   a5, 0x8
core   0: 3 0x80004fc8 (0x67a1) x15 0x00008000
core   0: 0x80004fca (0x0cb02c93) slti    s9, zero, 203
core   0: 3 0x80004fca (0x0cb02c93) x25 0x00000001
core   0: 0x80004fce (0x00008f1d) c.sub   a4, a5
core   0: 3 0x80004fce (0x8f1d) x14 0xffff7e4e
core   0: 0x80004fd0 (0x00000841) c.addi  a6, 16
core   0: 3 0x80004fd0 (0x0841) x16 0x000000f0
core   0: 0x80004fd2 (0x00a27333) and     t1, tp, a0
core   0: 3 0x80004fd2 (0x00a27333) x 6 0x0000000c
core   0: 0x80004fd6 (0xfde6dce3) bge     a3, t5, pc - 40
core   0: 3 0x80004fd6 (0xfde6dce3)
core   0: 0x80004fda (0x81804397) auipc   t2, 0x81804
core   0: 3 0x80004fda (0x81804397) x 7 0x01808fda
core   0: 0x80004fde (0x00a00f13) li      t5, 10
core   0: 3 0x80004fde (0x00a00f13) x30 0x0000000a
core   0: 0x80004fe2 (0xe1340993) addi    s3, s0, -493
core   0: 3 0x80004fe2 (0xe1340993) x19 0xfffffe16
core   0: 0x80004fe6 (0x03965433) divu    s0, a2, s9
core   0: 3 0x80004fe6 (0x03965433) x 8 0x00000000
core   0: 0x80004fea (0x01000793) li      a5, 16
core   0: 3 0x80004fea (0x01000793) x15 0x00000010
core   0: 0x80004fee (0x000085fd) c.srai  a1, 31
core   0: 3 0x80004fee (0x85fd) x11 0x00000000
core   0: 0x80004ff0 (0x008ab3b3) sltu    t2, s5, s0
core   0: 3 0x80004ff0 (0x008ab3b3) x 7 0x00000000
core   0: 0x80004ff4 (0x02a4c6b3) div     a3, s1, a0
core   0: 3 0x80004ff4 (0x02a4c6b3) x13 0x00000000
core   0: 0x80004ff8 (0x000061f9) c.lui   gp, 0x1e
core   0: 3 0x80004ff8 (0x61f9) x 3 0x0001e000
core   0: 0x80004ffa (0x00000f19) c.addi  t5, 6
core   0: 3 0x80004ffa (0x0f19) x30 0x00000010
core   0: 0x80004ffc (0x403184b3) sub     s1, gp, gp
core   0: 3 0x80004ffc (0x403184b3) x 9 0x00000000
core   0: 0x80005000 (0x00008e1d) c.sub   a2, a5
core   0: 3 0x80005000 (0x8e1d) x12 0xfffffff0
core   0: 0x80005002 (0xffb00093) li      ra, -5
core   0: 3 0x80005002 (0xffb00093) x 1 0xfffffffb
core   0: 0x80005006 (0x00f00713) li      a4, 15
core   0: 3 0x80005006 (0x00f00713) x14 0x0000000f
core   0: 0x8000500a (0x03356b33) rem     s6, a0, s3
core   0: 3 0x8000500a (0x03356b33) x22 0xffffff2c
core   0: 0x8000500e (0x0354afb3) mulhsu  t6, s1, s5
core   0: 3 0x8000500e (0x0354afb3) x31 0x00000000
core   0: 0x80005012 (0x000056fd) c.li    a3, -1
core   0: 3 0x80005012 (0x56fd) x13 0xffffffff
core   0: 0x80005014 (0x00000085) c.addi  ra, 1
core   0: 3 0x80005014 (0x0085) x 1 0xfffffffc
core   0: 0x80005016 (0xfee0cce3) blt     ra, a4, pc - 8
core   0: 3 0x80005016 (0xfee0cce3)
core   0: 0x8000500e (0x0354afb3) mulhsu  t6, s1, s5
core   0: 3 0x8000500e (0x0354afb3) x31 0x00000000
core   0: 0x80005012 (0x000056fd) c.li    a3, -1
core   0: 3 0x80005012 (0x56fd) x13 0xffffffff
core   0: 0x80005014 (0x00000085) c.addi  ra, 1
core   0: 3 0x80005014 (0x0085) x 1 0xfffffffd
core   0: 0x80005016 (0xfee0cce3) blt     ra, a4, pc - 8
core   0: 3 0x80005016 (0xfee0cce3)
core   0: 0x8000500e (0x0354afb3) mulhsu  t6, s1, s5
core   0: 3 0x8000500e (0x0354afb3) x31 0x00000000
core   0: 0x80005012 (0x000056fd) c.li    a3, -1
core   0: 3 0x80005012 (0x56fd) x13 0xffffffff
core   0: 0x80005014 (0x00000085) c.addi  ra, 1
core   0: 3 0x80005014 (0x0085) x 1 0xfffffffe
core   0: 0x80005016 (0xfee0cce3) blt     ra, a4, pc - 8
core   0: 3 0x80005016 (0xfee0cce3)
core   0: 0x8000500e (0x0354afb3) mulhsu  t6, s1, s5
core   0: 3 0x8000500e (0x0354afb3) x31 0x00000000
core   0: 0x80005012 (0x000056fd) c.li    a3, -1
core   0: 3 0x80005012 (0x56fd) x13 0xffffffff
core   0: 0x80005014 (0x00000085) c.addi  ra, 1
core   0: 3 0x80005014 (0x0085) x 1 0xffffffff
core   0: 0x80005016 (0xfee0cce3) blt     ra, a4, pc - 8
core   0: 3 0x80005016 (0xfee0cce3)
core   0: 0x8000500e (0x0354afb3) mulhsu  t6, s1, s5
core   0: 3 0x8000500e (0x0354afb3) x31 0x00000000
core   0: 0x80005012 (0x000056fd) c.li    a3, -1
core   0: 3 0x80005012 (0x56fd) x13 0xffffffff
core   0: 0x80005014 (0x00000085) c.addi  ra, 1
core   0: 3 0x80005014 (0x0085) x 1 0x00000000
core   0: 0x80005016 (0xfee0cce3) blt     ra, a4, pc - 8
core   0: 3 0x80005016 (0xfee0cce3)
core   0: 0x8000500e (0x0354afb3) mulhsu  t6, s1, s5
core   0: 3 0x8000500e (0x0354afb3) x31 0x00000000
core   0: 0x80005012 (0x000056fd) c.li    a3, -1
core   0: 3 0x80005012 (0x56fd) x13 0xffffffff
core   0: 0x80005014 (0x00000085) c.addi  ra, 1
core   0: 3 0x80005014 (0x0085) x 1 0x00000001
core   0: 0x80005016 (0xfee0cce3) blt     ra, a4, pc - 8
core   0: 3 0x80005016 (0xfee0cce3)
core   0: 0x8000500e (0x0354afb3) mulhsu  t6, s1, s5
core   0: 3 0x8000500e (0x0354afb3) x31 0x00000000
core   0: 0x80005012 (0x000056fd) c.li    a3, -1
core   0: 3 0x80005012 (0x56fd) x13 0xffffffff
core   0: 0x80005014 (0x00000085) c.addi  ra, 1
core   0: 3 0x80005014 (0x0085) x 1 0x00000002
core   0: 0x80005016 (0xfee0cce3) blt     ra, a4, pc - 8
core   0: 3 0x80005016 (0xfee0cce3)
core   0: 0x8000500e (0x0354afb3) mulhsu  t6, s1, s5
core   0: 3 0x8000500e (0x0354afb3) x31 0x00000000
core   0: 0x80005012 (0x000056fd) c.li    a3, -1
core   0: 3 0x80005012 (0x56fd) x13 0xffffffff
core   0: 0x80005014 (0x00000085) c.addi  ra, 1
core   0: 3 0x80005014 (0x0085) x 1 0x00000003
core   0: 0x80005016 (0xfee0cce3) blt     ra, a4, pc - 8
core   0: 3 0x80005016 (0xfee0cce3)
core   0: 0x8000500e (0x0354afb3) mulhsu  t6, s1, s5
core   0: 3 0x8000500e (0x0354afb3) x31 0x00000000
core   0: 0x80005012 (0x000056fd) c.li    a3, -1
core   0: 3 0x80005012 (0x56fd) x13 0xffffffff
core   0: 0x80005014 (0x00000085) c.addi  ra, 1
core   0: 3 0x80005014 (0x0085) x 1 0x00000004
core   0: 0x80005016 (0xfee0cce3) blt     ra, a4, pc - 8
core   0: 3 0x80005016 (0xfee0cce3)
core   0: 0x8000500e (0x0354afb3) mulhsu  t6, s1, s5
core   0: 3 0x8000500e (0x0354afb3) x31 0x00000000
core   0: 0x80005012 (0x000056fd) c.li    a3, -1
core   0: 3 0x80005012 (0x56fd) x13 0xffffffff
core   0: 0x80005014 (0x00000085) c.addi  ra, 1
core   0: 3 0x80005014 (0x0085) x 1 0x00000005
core   0: 0x80005016 (0xfee0cce3) blt     ra, a4, pc - 8
core   0: 3 0x80005016 (0xfee0cce3)
core   0: 0x8000500e (0x0354afb3) mulhsu  t6, s1, s5
core   0: 3 0x8000500e (0x0354afb3) x31 0x00000000
core   0: 0x80005012 (0x000056fd) c.li    a3, -1
core   0: 3 0x80005012 (0x56fd) x13 0xffffffff
core   0: 0x80005014 (0x00000085) c.addi  ra, 1
core   0: 3 0x80005014 (0x0085) x 1 0x00000006
core   0: 0x80005016 (0xfee0cce3) blt     ra, a4, pc - 8
core   0: 3 0x80005016 (0xfee0cce3)
core   0: 0x8000500e (0x0354afb3) mulhsu  t6, s1, s5
core   0: 3 0x8000500e (0x0354afb3) x31 0x00000000
core   0: 0x80005012 (0x000056fd) c.li    a3, -1
core   0: 3 0x80005012 (0x56fd) x13 0xffffffff
core   0: 0x80005014 (0x00000085) c.addi  ra, 1
core   0: 3 0x80005014 (0x0085) x 1 0x00000007
core   0: 0x80005016 (0xfee0cce3) blt     ra, a4, pc - 8
core   0: 3 0x80005016 (0xfee0cce3)
core   0: 0x8000500e (0x0354afb3) mulhsu  t6, s1, s5
core   0: 3 0x8000500e (0x0354afb3) x31 0x00000000
core   0: 0x80005012 (0x000056fd) c.li    a3, -1
core   0: 3 0x80005012 (0x56fd) x13 0xffffffff
core   0: 0x80005014 (0x00000085) c.addi  ra, 1
core   0: 3 0x80005014 (0x0085) x 1 0x00000008
core   0: 0x80005016 (0xfee0cce3) blt     ra, a4, pc - 8
core   0: 3 0x80005016 (0xfee0cce3)
core   0: 0x8000500e (0x0354afb3) mulhsu  t6, s1, s5
core   0: 3 0x8000500e (0x0354afb3) x31 0x00000000
core   0: 0x80005012 (0x000056fd) c.li    a3, -1
core   0: 3 0x80005012 (0x56fd) x13 0xffffffff
core   0: 0x80005014 (0x00000085) c.addi  ra, 1
core   0: 3 0x80005014 (0x0085) x 1 0x00000009
core   0: 0x80005016 (0xfee0cce3) blt     ra, a4, pc - 8
core   0: 3 0x80005016 (0xfee0cce3)
core   0: 0x8000500e (0x0354afb3) mulhsu  t6, s1, s5
core   0: 3 0x8000500e (0x0354afb3) x31 0x00000000
core   0: 0x80005012 (0x000056fd) c.li    a3, -1
core   0: 3 0x80005012 (0x56fd) x13 0xffffffff
core   0: 0x80005014 (0x00000085) c.addi  ra, 1
core   0: 3 0x80005014 (0x0085) x 1 0x0000000a
core   0: 0x80005016 (0xfee0cce3) blt     ra, a4, pc - 8
core   0: 3 0x80005016 (0xfee0cce3)
core   0: 0x8000500e (0x0354afb3) mulhsu  t6, s1, s5
core   0: 3 0x8000500e (0x0354afb3) x31 0x00000000
core   0: 0x80005012 (0x000056fd) c.li    a3, -1
core   0: 3 0x80005012 (0x56fd) x13 0xffffffff
core   0: 0x80005014 (0x00000085) c.addi  ra, 1
core   0: 3 0x80005014 (0x0085) x 1 0x0000000b
core   0: 0x80005016 (0xfee0cce3) blt     ra, a4, pc - 8
core   0: 3 0x80005016 (0xfee0cce3)
core   0: 0x8000500e (0x0354afb3) mulhsu  t6, s1, s5
core   0: 3 0x8000500e (0x0354afb3) x31 0x00000000
core   0: 0x80005012 (0x000056fd) c.li    a3, -1
core   0: 3 0x80005012 (0x56fd) x13 0xffffffff
core   0: 0x80005014 (0x00000085) c.addi  ra, 1
core   0: 3 0x80005014 (0x0085) x 1 0x0000000c
core   0: 0x80005016 (0xfee0cce3) blt     ra, a4, pc - 8
core   0: 3 0x80005016 (0xfee0cce3)
core   0: 0x8000500e (0x0354afb3) mulhsu  t6, s1, s5
core   0: 3 0x8000500e (0x0354afb3) x31 0x00000000
core   0: 0x80005012 (0x000056fd) c.li    a3, -1
core   0: 3 0x80005012 (0x56fd) x13 0xffffffff
core   0: 0x80005014 (0x00000085) c.addi  ra, 1
core   0: 3 0x80005014 (0x0085) x 1 0x0000000d
core   0: 0x80005016 (0xfee0cce3) blt     ra, a4, pc - 8
core   0: 3 0x80005016 (0xfee0cce3)
core   0: 0x8000500e (0x0354afb3) mulhsu  t6, s1, s5
core   0: 3 0x8000500e (0x0354afb3) x31 0x00000000
core   0: 0x80005012 (0x000056fd) c.li    a3, -1
core   0: 3 0x80005012 (0x56fd) x13 0xffffffff
core   0: 0x80005014 (0x00000085) c.addi  ra, 1
core   0: 3 0x80005014 (0x0085) x 1 0x0000000e
core   0: 0x80005016 (0xfee0cce3) blt     ra, a4, pc - 8
core   0: 3 0x80005016 (0xfee0cce3)
core   0: 0x8000500e (0x0354afb3) mulhsu  t6, s1, s5
core   0: 3 0x8000500e (0x0354afb3) x31 0x00000000
core   0: 0x80005012 (0x000056fd) c.li    a3, -1
core   0: 3 0x80005012 (0x56fd) x13 0xffffffff
core   0: 0x80005014 (0x00000085) c.addi  ra, 1
core   0: 3 0x80005014 (0x0085) x 1 0x0000000f
core   0: 0x80005016 (0xfee0cce3) blt     ra, a4, pc - 8
core   0: 3 0x80005016 (0xfee0cce3)
core   0: 0x8000501a (0x02cb09b3) mul     s3, s6, a2
core   0: 3 0x8000501a (0x02cb09b3) x19 0x00000d40
core   0: 0x8000501e (0x0160beb3) sltu    t4, ra, s6
core   0: 3 0x8000501e (0x0160beb3) x29 0x00000001
core   0: 0x80005022 (0xfcff19e3) bne     t5, a5, pc - 46
core   0: 3 0x80005022 (0xfcff19e3)
core   0: 0x80005026 (0x01921b33) sll     s6, tp, s9
core   0: 3 0x80005026 (0x01921b33) x22 0x00000018
core   0: 0x8000502a (0x00000493) li      s1, 0
core   0: 3 0x8000502a (0x00000493) x 9 0x00000000
core   0: 0x8000502e (0x03698033) mul     zero, s3, s6
core   0: 3 0x8000502e (0x03698033)
core   0: 0x80005032 (0x039e0033) mul     zero, t3, s9
core   0: 3 0x80005032 (0x039e0033)
core   0: 0x80005036 (0x03722933) mulhsu  s2, tp, s7
core   0: 3 0x80005036 (0x03722933) x18 0x00000000
core   0: 0x8000503a (0x01200e93) li      t4, 18
core   0: 3 0x8000503a (0x01200e93) x29 0x00000012
core   0: 0x8000503e (0x0000881d) c.andi  s0, 7
core   0: 3 0x8000503e (0x881d) x 8 0x00000000
core   0: 0x80005040 (0x01d932b3) sltu    t0, s2, t4
core   0: 3 0x80005040 (0x01d932b3) x 5 0x00000001
core   0: 0x80005044 (0x410a0433) sub     s0, s4, a6
core   0: 3 0x80005044 (0x410a0433) x 8 0xffffff10
core   0: 0x80005048 (0x03bc5933) divu    s2, s8, s11
core   0: 3 0x80005048 (0x03bc5933) x18 0x00000000
core   0: 0x8000504c (0x00008ef9) c.and   a3, a4
core   0: 3 0x8000504c (0x8ef9) x13 0x0000000f
core   0: 0x8000504e (0x03ef71b3) remu    gp, t5, t5
core   0: 3 0x8000504e (0x03ef71b3) x 3 0x00000000
core   0: 0x80005052 (0x00000001) c.nop
core   0: 3 0x80005052 (0x0001)
core   0: 0x80005054 (0xf1ec6593) ori     a1, s8, -226
core   0: 3 0x80005054 (0xf1ec6593) x11 0xffffff1f
core   0: 0x80005058 (0x8db02993) slti    s3, zero, -1829
core   0: 3 0x80005058 (0x8db02993) x19 0x00000000
core   0: 0x8000505c (0x01d89933) sll     s2, a7, t4
core   0: 3 0x8000505c (0x01d89933) x18 0x73940000
core   0: 0x80005060 (0x000004a9) c.addi  s1, 10
core   0: 3 0x80005060 (0x04a9) x 9 0x0000000a
core   0: 0x80005062 (0x0373db33) divu    s6, t2, s7
core   0: 3 0x80005062 (0x0373db33) x22 0x00000000
core   0: 0x80005066 (0x4b79b093) sltiu   ra, s3, 1207
core   0: 3 0x80005066 (0x4b79b093) x 1 0x00000001
core   0: 0x8000506a (0x000053fd) c.li    t2, -1
core   0: 3 0x8000506a (0x53fd) x 7 0xffffffff
core   0: 0x8000506c (0x00300213) li      tp, 3
core   0: 3 0x8000506c (0x00300213) x 4 0x00000003
core   0: 0x80005070 (0x01c44bb3) xor     s7, s0, t3
core   0: 3 0x80005070 (0x01c44bb3) x23 0xffffff10
core   0: 0x80005074 (0xff100113) li      sp, -15
core   0: 3 0x80005074 (0xff100113) x 2 0xfffffff1
core   0: 0x80005078 (0x409e5593) srai    a1, t3, 9
core   0: 3 0x80005078 (0x409e5593) x11 0x00000000
core   0: 0x8000507c (0x0000100f) fence.i
core   0: 3 0x8000507c (0x0000100f)
core   0: 0x80005080 (0x020a16b3) mulh    a3, s4, zero
core   0: 3 0x80005080 (0x020a16b3) x13 0x00000000
core   0: 0x80005084 (0x0121fb33) and     s6, gp, s2
core   0: 3 0x80005084 (0x0121fb33) x22 0x00000000
core   0: 0x80005088 (0x00001269) c.addi  tp, -6
core   0: 3 0x80005088 (0x1269) x 4 0xfffffffd
core   0: 0x8000508a (0x006996b3) sll     a3, s3, t1
core   0: 3 0x8000508a (0x006996b3) x13 0x00000000
core   0: 0x8000508e (0x00495993) srli    s3, s2, 4
core   0: 3 0x8000508e (0x00495993) x19 0x07394000
core   0: 0x80005092 (0x3afc4d13) xori    s10, s8, 943
core   0: 3 0x80005092 (0x3afc4d13) x26 0x000003a0
core   0: 0x80005096 (0xfe2215e3) bne     tp, sp, pc - 22
core   0: 3 0x80005096 (0xfe2215e3)
core   0: 0x80005080 (0x020a16b3) mulh    a3, s4, zero
core   0: 3 0x80005080 (0x020a16b3) x13 0x00000000
core   0: 0x80005084 (0x0121fb33) and     s6, gp, s2
core   0: 3 0x80005084 (0x0121fb33) x22 0x00000000
core   0: 0x80005088 (0x00001269) c.addi  tp, -6
core   0: 3 0x80005088 (0x1269) x 4 0xfffffff7
core   0: 0x8000508a (0x006996b3) sll     a3, s3, t1
core   0: 3 0x8000508a (0x006996b3) x13 0x94000000
core   0: 0x8000508e (0x00495993) srli    s3, s2, 4
core   0: 3 0x8000508e (0x00495993) x19 0x07394000
core   0: 0x80005092 (0x3afc4d13) xori    s10, s8, 943
core   0: 3 0x80005092 (0x3afc4d13) x26 0x000003a0
core   0: 0x80005096 (0xfe2215e3) bne     tp, sp, pc - 22
core   0: 3 0x80005096 (0xfe2215e3)
core   0: 0x80005080 (0x020a16b3) mulh    a3, s4, zero
core   0: 3 0x80005080 (0x020a16b3) x13 0x00000000
core   0: 0x80005084 (0x0121fb33) and     s6, gp, s2
core   0: 3 0x80005084 (0x0121fb33) x22 0x00000000
core   0: 0x80005088 (0x00001269) c.addi  tp, -6
core   0: 3 0x80005088 (0x1269) x 4 0xfffffff1
core   0: 0x8000508a (0x006996b3) sll     a3, s3, t1
core   0: 3 0x8000508a (0x006996b3) x13 0x94000000
core   0: 0x8000508e (0x00495993) srli    s3, s2, 4
core   0: 3 0x8000508e (0x00495993) x19 0x07394000
core   0: 0x80005092 (0x3afc4d13) xori    s10, s8, 943
core   0: 3 0x80005092 (0x3afc4d13) x26 0x000003a0
core   0: 0x80005096 (0xfe2215e3) bne     tp, sp, pc - 22
core   0: 3 0x80005096 (0xfe2215e3)
core   0: 0x8000509a (0x332d4c93) xori    s9, s10, 818
core   0: 3 0x8000509a (0x332d4c93) x25 0x00000092
core   0: 0x8000509e (0x03ad13b3) mulh    t2, s10, s10
core   0: 3 0x8000509e (0x03ad13b3) x 7 0x00000000
core   0: 0x800050a2 (0xfbd4e3e3) bltu    s1, t4, pc - 90
core   0: 3 0x800050a2 (0xfbd4e3e3)
core   0: 0x80005048 (0x03bc5933) divu    s2, s8, s11
core   0: 3 0x80005048 (0x03bc5933) x18 0x00000000
core   0: 0x8000504c (0x00008ef9) c.and   a3, a4
core   0: 3 0x8000504c (0x8ef9) x13 0x00000000
core   0: 0x8000504e (0x03ef71b3) remu    gp, t5, t5
core   0: 3 0x8000504e (0x03ef71b3) x 3 0x00000000
core   0: 0x80005052 (0x00000001) c.nop
core   0: 3 0x80005052 (0x0001)
core   0: 0x80005054 (0xf1ec6593) ori     a1, s8, -226
core   0: 3 0x80005054 (0xf1ec6593) x11 0xffffff1f
core   0: 0x80005058 (0x8db02993) slti    s3, zero, -1829
core   0: 3 0x80005058 (0x8db02993) x19 0x00000000
core   0: 0x8000505c (0x01d89933) sll     s2, a7, t4
core   0: 3 0x8000505c (0x01d89933) x18 0x73940000
core   0: 0x80005060 (0x000004a9) c.addi  s1, 10
core   0: 3 0x80005060 (0x04a9) x 9 0x00000014
core   0: 0x80005062 (0x0373db33) divu    s6, t2, s7
core   0: 3 0x80005062 (0x0373db33) x22 0x00000000
core   0: 0x80005066 (0x4b79b093) sltiu   ra, s3, 1207
core   0: 3 0x80005066 (0x4b79b093) x 1 0x00000001
core   0: 0x8000506a (0x000053fd) c.li    t2, -1
core   0: 3 0x8000506a (0x53fd) x 7 0xffffffff
core   0: 0x8000506c (0x00300213) li      tp, 3
core   0: 3 0x8000506c (0x00300213) x 4 0x00000003
core   0: 0x80005070 (0x01c44bb3) xor     s7, s0, t3
core   0: 3 0x80005070 (0x01c44bb3) x23 0xffffff10
core   0: 0x80005074 (0xff100113) li      sp, -15
core   0: 3 0x80005074 (0xff100113) x 2 0xfffffff1
core   0: 0x80005078 (0x409e5593) srai    a1, t3, 9
core   0: 3 0x80005078 (0x409e5593) x11 0x00000000
core   0: 0x8000507c (0x0000100f) fence.i
core   0: 3 0x8000507c (0x0000100f)
core   0: 0x80005080 (0x020a16b3) mulh    a3, s4, zero
core   0: 3 0x80005080 (0x020a16b3) x13 0x00000000
core   0: 0x80005084 (0x0121fb33) and     s6, gp, s2
core   0: 3 0x80005084 (0x0121fb33) x22 0x00000000
core   0: 0x80005088 (0x00001269) c.addi  tp, -6
core   0: 3 0x80005088 (0x1269) x 4 0xfffffffd
core   0: 0x8000508a (0x006996b3) sll     a3, s3, t1
core   0: 3 0x8000508a (0x006996b3) x13 0x00000000
core   0: 0x8000508e (0x00495993) srli    s3, s2, 4
core   0: 3 0x8000508e (0x00495993) x19 0x07394000
core   0: 0x80005092 (0x3afc4d13) xori    s10, s8, 943
core   0: 3 0x80005092 (0x3afc4d13) x26 0x000003a0
core   0: 0x80005096 (0xfe2215e3) bne     tp, sp, pc - 22
core   0: 3 0x80005096 (0xfe2215e3)
core   0: 0x80005080 (0x020a16b3) mulh    a3, s4, zero
core   0: 3 0x80005080 (0x020a16b3) x13 0x00000000
core   0: 0x80005084 (0x0121fb33) and     s6, gp, s2
core   0: 3 0x80005084 (0x0121fb33) x22 0x00000000
core   0: 0x80005088 (0x00001269) c.addi  tp, -6
core   0: 3 0x80005088 (0x1269) x 4 0xfffffff7
core   0: 0x8000508a (0x006996b3) sll     a3, s3, t1
core   0: 3 0x8000508a (0x006996b3) x13 0x94000000
core   0: 0x8000508e (0x00495993) srli    s3, s2, 4
core   0: 3 0x8000508e (0x00495993) x19 0x07394000
core   0: 0x80005092 (0x3afc4d13) xori    s10, s8, 943
core   0: 3 0x80005092 (0x3afc4d13) x26 0x000003a0
core   0: 0x80005096 (0xfe2215e3) bne     tp, sp, pc - 22
core   0: 3 0x80005096 (0xfe2215e3)
core   0: 0x80005080 (0x020a16b3) mulh    a3, s4, zero
core   0: 3 0x80005080 (0x020a16b3) x13 0x00000000
core   0: 0x80005084 (0x0121fb33) and     s6, gp, s2
core   0: 3 0x80005084 (0x0121fb33) x22 0x00000000
core   0: 0x80005088 (0x00001269) c.addi  tp, -6
core   0: 3 0x80005088 (0x1269) x 4 0xfffffff1
core   0: 0x8000508a (0x006996b3) sll     a3, s3, t1
core   0: 3 0x8000508a (0x006996b3) x13 0x94000000
core   0: 0x8000508e (0x00495993) srli    s3, s2, 4
core   0: 3 0x8000508e (0x00495993) x19 0x07394000
core   0: 0x80005092 (0x3afc4d13) xori    s10, s8, 943
core   0: 3 0x80005092 (0x3afc4d13) x26 0x000003a0
core   0: 0x80005096 (0xfe2215e3) bne     tp, sp, pc - 22
core   0: 3 0x80005096 (0xfe2215e3)
core   0: 0x8000509a (0x332d4c93) xori    s9, s10, 818
core   0: 3 0x8000509a (0x332d4c93) x25 0x00000092
core   0: 0x8000509e (0x03ad13b3) mulh    t2, s10, s10
core   0: 3 0x8000509e (0x03ad13b3) x 7 0x00000000
core   0: 0x800050a2 (0xfbd4e3e3) bltu    s1, t4, pc - 90
core   0: 3 0x800050a2 (0xfbd4e3e3)
core   0: 0x800050a6 (0x5c010393) addi    t2, sp, 1472
core   0: 3 0x800050a6 (0x5c010393) x 7 0x000005b1
core   0: 0x800050aa (0x00200393) li      t2, 2
core   0: 3 0x800050aa (0x00200393) x 7 0x00000002
core   0: 0x800050ae (0xff900193) li      gp, -7
core   0: 3 0x800050ae (0xff900193) x 3 0xfffffff9
core   0: 0x800050b2 (0x00009fb6) c.add   t6, a3
core   0: 3 0x800050b2 (0x9fb6) x31 0x94000000
core   0: 0x800050b4 (0x000013dd) c.addi  t2, -9
core   0: 3 0x800050b4 (0x13dd) x 7 0xfffffff9
core   0: 0x800050b6 (0xffb00613) li      a2, -5
core   0: 3 0x800050b6 (0xffb00613) x12 0xfffffffb
core   0: 0x800050ba (0x00000001) c.nop
core   0: 3 0x800050ba (0x0001)
core   0: 0x800050bc (0x02820b33) mul     s6, tp, s0
core   0: 3 0x800050bc (0x02820b33) x22 0x00000e10
core   0: 0x800050c0 (0x00000605) c.addi  a2, 1
core   0: 3 0x800050c0 (0x0605) x12 0xfffffffc
core   0: 0x800050c2 (0x0000fe6d) c.bnez  a2, pc - 6
core   0: 3 0x800050c2 (0xfe6d)
core   0: 0x800050bc (0x02820b33) mul     s6, tp, s0
core   0: 3 0x800050bc (0x02820b33) x22 0x00000e10
core   0: 0x800050c0 (0x00000605) c.addi  a2, 1
core   0: 3 0x800050c0 (0x0605) x12 0xfffffffd
core   0: 0x800050c2 (0x0000fe6d) c.bnez  a2, pc - 6
core   0: 3 0x800050c2 (0xfe6d)
core   0: 0x800050bc (0x02820b33) mul     s6, tp, s0
core   0: 3 0x800050bc (0x02820b33) x22 0x00000e10
core   0: 0x800050c0 (0x00000605) c.addi  a2, 1
core   0: 3 0x800050c0 (0x0605) x12 0xfffffffe
core   0: 0x800050c2 (0x0000fe6d) c.bnez  a2, pc - 6
core   0: 3 0x800050c2 (0xfe6d)
core   0: 0x800050bc (0x02820b33) mul     s6, tp, s0
core   0: 3 0x800050bc (0x02820b33) x22 0x00000e10
core   0: 0x800050c0 (0x00000605) c.addi  a2, 1
core   0: 3 0x800050c0 (0x0605) x12 0xffffffff
core   0: 0x800050c2 (0x0000fe6d) c.bnez  a2, pc - 6
core   0: 3 0x800050c2 (0xfe6d)
core   0: 0x800050bc (0x02820b33) mul     s6, tp, s0
core   0: 3 0x800050bc (0x02820b33) x22 0x00000e10
core   0: 0x800050c0 (0x00000605) c.addi  a2, 1
core   0: 3 0x800050c0 (0x0605) x12 0x00000000
core   0: 0x800050c2 (0x0000fe6d) c.bnez  a2, pc - 6
core   0: 3 0x800050c2 (0xfe6d)
core   0: 0x800050c4 (0xfe33d7e3) bge     t2, gp, pc - 18
core   0: 3 0x800050c4 (0xfe33d7e3)
core   0: 0x800050b2 (0x00009fb6) c.add   t6, a3
core   0: 3 0x800050b2 (0x9fb6) x31 0x28000000
core   0: 0x800050b4 (0x000013dd) c.addi  t2, -9
core   0: 3 0x800050b4 (0x13dd) x 7 0xfffffff0
core   0: 0x800050b6 (0xffb00613) li      a2, -5
core   0: 3 0x800050b6 (0xffb00613) x12 0xfffffffb
core   0: 0x800050ba (0x00000001) c.nop
core   0: 3 0x800050ba (0x0001)
core   0: 0x800050bc (0x02820b33) mul     s6, tp, s0
core   0: 3 0x800050bc (0x02820b33) x22 0x00000e10
core   0: 0x800050c0 (0x00000605) c.addi  a2, 1
core   0: 3 0x800050c0 (0x0605) x12 0xfffffffc
core   0: 0x800050c2 (0x0000fe6d) c.bnez  a2, pc - 6
core   0: 3 0x800050c2 (0xfe6d)
core   0: 0x800050bc (0x02820b33) mul     s6, tp, s0
core   0: 3 0x800050bc (0x02820b33) x22 0x00000e10
core   0: 0x800050c0 (0x00000605) c.addi  a2, 1
core   0: 3 0x800050c0 (0x0605) x12 0xfffffffd
core   0: 0x800050c2 (0x0000fe6d) c.bnez  a2, pc - 6
core   0: 3 0x800050c2 (0xfe6d)
core   0: 0x800050bc (0x02820b33) mul     s6, tp, s0
core   0: 3 0x800050bc (0x02820b33) x22 0x00000e10
core   0: 0x800050c0 (0x00000605) c.addi  a2, 1
core   0: 3 0x800050c0 (0x0605) x12 0xfffffffe
core   0: 0x800050c2 (0x0000fe6d) c.bnez  a2, pc - 6
core   0: 3 0x800050c2 (0xfe6d)
core   0: 0x800050bc (0x02820b33) mul     s6, tp, s0
core   0: 3 0x800050bc (0x02820b33) x22 0x00000e10
core   0: 0x800050c0 (0x00000605) c.addi  a2, 1
core   0: 3 0x800050c0 (0x0605) x12 0xffffffff
core   0: 0x800050c2 (0x0000fe6d) c.bnez  a2, pc - 6
core   0: 3 0x800050c2 (0xfe6d)
core   0: 0x800050bc (0x02820b33) mul     s6, tp, s0
core   0: 3 0x800050bc (0x02820b33) x22 0x00000e10
core   0: 0x800050c0 (0x00000605) c.addi  a2, 1
core   0: 3 0x800050c0 (0x0605) x12 0x00000000
core   0: 0x800050c2 (0x0000fe6d) c.bnez  a2, pc - 6
core   0: 3 0x800050c2 (0xfe6d)
core   0: 0x800050c4 (0xfe33d7e3) bge     t2, gp, pc - 18
core   0: 3 0x800050c4 (0xfe33d7e3)
core   0: 0x800050c8 (0x01b7f333) and     t1, a5, s11
core   0: 3 0x800050c8 (0x01b7f333) x 6 0x00000000
core   0: 0x800050cc (0xff700713) li      a4, -9
core   0: 3 0x800050cc (0xff700713) x14 0xfffffff7
core   0: 0x800050d0 (0xff700d13) li      s10, -9
core   0: 3 0x800050d0 (0xff700d13) x26 0xfffffff7
core   0: 0x800050d4 (0xc2e86017) auipc   zero, 0xc2e86
core   0: 3 0x800050d4 (0xc2e86017)
core   0: 0x800050d8 (0x00001759) c.addi  a4, -10
core   0: 3 0x800050d8 (0x1759) x14 0xffffffed
core   0: 0x800050da (0xffa75de3) bge     a4, s10, pc - 6
core   0: 3 0x800050da (0xffa75de3)
core   0: 0x800050de (0x027518b3) mulh    a7, a0, t2
core   0: 3 0x800050de (0x027518b3) x17 0x00000007
core   0: 0x800050e2 (0xffb00793) li      a5, -5
core   0: 3 0x800050e2 (0xffb00793) x15 0xfffffffb
core   0: 0x800050e6 (0x4056d413) srai    s0, a3, 5
core   0: 3 0x800050e6 (0x4056d413) x 8 0xfca00000
core   0: 0x800050ea (0x0102dfb3) srl     t6, t0, a6
core   0: 3 0x800050ea (0x0102dfb3) x31 0x00000000
core   0: 0x800050ee (0x00008ffe) c.mv    t6, t6
core   0: 3 0x800050ee (0x8ffe) x31 0x00000000
core   0: 0x800050f0 (0x0340f8b3) remu    a7, ra, s4
core   0: 3 0x800050f0 (0x0340f8b3) x17 0x00000001
core   0: 0x800050f4 (0x00a00213) li      tp, 10
core   0: 3 0x800050f4 (0x00a00213) x 4 0x0000000a
core   0: 0x800050f8 (0xfc4bcf13) xori    t5, s7, -60
core   0: 3 0x800050f8 (0xfc4bcf13) x30 0x000000d4
core   0: 0x800050fc (0x66c83f13) sltiu   t5, a6, 1644
core   0: 3 0x800050fc (0x66c83f13) x30 0x00000001
core   0: 0x80005100 (0x01ab8e33) add     t3, s7, s10
core   0: 3 0x80005100 (0x01ab8e33) x28 0xffffff07
core   0: 0x80005104 (0x000007a5) c.addi  a5, 9
core   0: 3 0x80005104 (0x07a5) x15 0x00000004
core   0: 0x80005106 (0x023f7633) remu    a2, t5, gp
core   0: 3 0x80005106 (0x023f7633) x12 0x00000001
core   0: 0x8000510a (0xffa00713) li      a4, -6
core   0: 3 0x8000510a (0xffa00713) x14 0xfffffffa
core   0: 0x8000510e (0x2c8ebe93) sltiu   t4, t4, 712
core   0: 3 0x8000510e (0x2c8ebe93) x29 0x00000001
core   0: 0x80005112 (0x000086f1) c.srai  a3, 28
core   0: 3 0x80005112 (0x86f1) x13 0xfffffff9
core   0: 0x80005114 (0x00000001) c.nop
core   0: 3 0x80005114 (0x0001)
core   0: 0x80005116 (0x41eddf93) srai    t6, s11, 30
core   0: 3 0x80005116 (0x41eddf93) x31 0xfffffffe
core   0: 0x8000511a (0x00f873b3) and     t2, a6, a5
core   0: 3 0x8000511a (0x00f873b3) x 7 0x00000000
core   0: 0x8000511e (0x00008cbd) c.xor   s1, a5
core   0: 3 0x8000511e (0x8cbd) x 9 0x00000010
core   0: 0x80005120 (0x02380fb3) mul     t6, a6, gp
core   0: 3 0x80005120 (0x02380fb3) x31 0xfffff970
core   0: 0x80005124 (0x0000070d) c.addi  a4, 3
core   0: 3 0x80005124 (0x070d) x14 0xfffffffd
core   0: 0x80005126 (0x1f07e613) ori     a2, a5, 496
core   0: 3 0x80005126 (0x1f07e613) x12 0x000001f4
core   0: 0x8000512a (0x0000fb75) c.bnez  a4, pc - 12
core   0: 3 0x8000512a (0xfb75)
core   0: 0x8000511e (0x00008cbd) c.xor   s1, a5
core   0: 3 0x8000511e (0x8cbd) x 9 0x00000014
core   0: 0x80005120 (0x02380fb3) mul     t6, a6, gp
core   0: 3 0x80005120 (0x02380fb3) x31 0xfffff970
core   0: 0x80005124 (0x0000070d) c.addi  a4, 3
core   0: 3 0x80005124 (0x070d) x14 0x00000000
core   0: 0x80005126 (0x1f07e613) ori     a2, a5, 496
core   0: 3 0x80005126 (0x1f07e613) x12 0x000001f4
core   0: 0x8000512a (0x0000fb75) c.bnez  a4, pc - 12
core   0: 3 0x8000512a (0xfb75)
core   0: 0x8000512c (0x00008da9) c.xor   a1, a0
core   0: 3 0x8000512c (0x8da9) x11 0x80021e2c
core   0: 0x8000512e (0x00008d89) c.sub   a1, a0
core   0: 3 0x8000512e (0x8d89) x11 0x00000000
core   0: 0x80005130 (0xfc47e6e3) bltu    a5, tp, pc - 52
core   0: 3 0x80005130 (0xfc47e6e3)
core   0: 0x800050fc (0x66c83f13) sltiu   t5, a6, 1644
core   0: 3 0x800050fc (0x66c83f13) x30 0x00000001
core   0: 0x80005100 (0x01ab8e33) add     t3, s7, s10
core   0: 3 0x80005100 (0x01ab8e33) x28 0xffffff07
core   0: 0x80005104 (0x000007a5) c.addi  a5, 9
core   0: 3 0x80005104 (0x07a5) x15 0x0000000d
core   0: 0x80005106 (0x023f7633) remu    a2, t5, gp
core   0: 3 0x80005106 (0x023f7633) x12 0x00000001
core   0: 0x8000510a (0xffa00713) li      a4, -6
core   0: 3 0x8000510a (0xffa00713) x14 0xfffffffa
core   0: 0x8000510e (0x2c8ebe93) sltiu   t4, t4, 712
core   0: 3 0x8000510e (0x2c8ebe93) x29 0x00000001
core   0: 0x80005112 (0x000086f1) c.srai  a3, 28
core   0: 3 0x80005112 (0x86f1) x13 0xffffffff
core   0: 0x80005114 (0x00000001) c.nop
core   0: 3 0x80005114 (0x0001)
core   0: 0x80005116 (0x41eddf93) srai    t6, s11, 30
core   0: 3 0x80005116 (0x41eddf93) x31 0xfffffffe
core   0: 0x8000511a (0x00f873b3) and     t2, a6, a5
core   0: 3 0x8000511a (0x00f873b3) x 7 0x00000000
core   0: 0x8000511e (0x00008cbd) c.xor   s1, a5
core   0: 3 0x8000511e (0x8cbd) x 9 0x00000019
core   0: 0x80005120 (0x02380fb3) mul     t6, a6, gp
core   0: 3 0x80005120 (0x02380fb3) x31 0xfffff970
core   0: 0x80005124 (0x0000070d) c.addi  a4, 3
core   0: 3 0x80005124 (0x070d) x14 0xfffffffd
core   0: 0x80005126 (0x1f07e613) ori     a2, a5, 496
core   0: 3 0x80005126 (0x1f07e613) x12 0x000001fd
core   0: 0x8000512a (0x0000fb75) c.bnez  a4, pc - 12
core   0: 3 0x8000512a (0xfb75)
core   0: 0x8000511e (0x00008cbd) c.xor   s1, a5
core   0: 3 0x8000511e (0x8cbd) x 9 0x00000014
core   0: 0x80005120 (0x02380fb3) mul     t6, a6, gp
core   0: 3 0x80005120 (0x02380fb3) x31 0xfffff970
core   0: 0x80005124 (0x0000070d) c.addi  a4, 3
core   0: 3 0x80005124 (0x070d) x14 0x00000000
core   0: 0x80005126 (0x1f07e613) ori     a2, a5, 496
core   0: 3 0x80005126 (0x1f07e613) x12 0x000001fd
core   0: 0x8000512a (0x0000fb75) c.bnez  a4, pc - 12
core   0: 3 0x8000512a (0xfb75)
core   0: 0x8000512c (0x00008da9) c.xor   a1, a0
core   0: 3 0x8000512c (0x8da9) x11 0x80021e2c
core   0: 0x8000512e (0x00008d89) c.sub   a1, a0
core   0: 3 0x8000512e (0x8d89) x11 0x00000000
core   0: 0x80005130 (0xfc47e6e3) bltu    a5, tp, pc - 52
core   0: 3 0x80005130 (0xfc47e6e3)
core   0: 0x80005134 (0x3581b913) sltiu   s2, gp, 856
core   0: 3 0x80005134 (0x3581b913) x18 0x00000000
core   0: 0x80005138 (0x00700593) li      a1, 7
core   0: 3 0x80005138 (0x00700593) x11 0x00000007
core   0: 0x8000513c (0x00008379) c.srli  a4, 30
core   0: 3 0x8000513c (0x8379) x14 0x00000000
core   0: 0x8000513e (0x017f70b3) and     ra, t5, s7
core   0: 3 0x8000513e (0x017f70b3) x 1 0x00000000
core   0: 0x80005142 (0x239318b7) lui     a7, 0x23931
core   0: 3 0x80005142 (0x239318b7) x17 0x23931000
core   0: 0x80005146 (0x01f91733) sll     a4, s2, t6
core   0: 3 0x80005146 (0x01f91733) x14 0x00000000
core   0: 0x8000514a (0x00008475) c.srai  s0, 29
core   0: 3 0x8000514a (0x8475) x 8 0xffffffff
core   0: 0x8000514c (0x038c12b3) mulh    t0, s8, s8
core   0: 3 0x8000514c (0x038c12b3) x 5 0x00000000
core   0: 0x80005150 (0x00600d13) li      s10, 6
core   0: 3 0x80005150 (0x00600d13) x26 0x00000006
core   0: 0x80005154 (0x02d9b333) mulhu   t1, s3, a3
core   0: 3 0x80005154 (0x02d9b333) x 6 0x07393fff
core   0: 0x80005158 (0x4022de93) srai    t4, t0, 2
core   0: 3 0x80005158 (0x4022de93) x29 0x00000000
core   0: 0x8000515c (0x000093ae) c.add   t2, a1
core   0: 3 0x8000515c (0x93ae) x 7 0x00000007
core   0: 0x8000515e (0x2a503313) sltiu   t1, zero, 677
core   0: 3 0x8000515e (0x2a503313) x 6 0x00000001
core   0: 0x80005162 (0x01f7e8b3) or      a7, a5, t6
core   0: 3 0x80005162 (0x01f7e8b3) x17 0xfffff97d
core   0: 0x80005166 (0x000015f1) c.addi  a1, -4
core   0: 3 0x80005166 (0x15f1) x11 0x00000003
core   0: 0x80005168 (0x02dff2b3) remu    t0, t6, a3
core   0: 3 0x80005168 (0x02dff2b3) x 5 0xfffff970
core   0: 0x8000516c (0x32067e93) andi    t4, a2, 800
core   0: 3 0x8000516c (0x32067e93) x29 0x00000120
core   0: 0x80005170 (0x00008f11) c.sub   a4, a2
core   0: 3 0x80005170 (0x8f11) x14 0xfffffe03
core   0: 0x80005172 (0x02b64933) div     s2, a2, a1
core   0: 3 0x80005172 (0x02b64933) x18 0x000000a9
core   0: 0x80005176 (0x029b99b3) mulh    s3, s7, s1
core   0: 3 0x80005176 (0x029b99b3) x19 0xffffffff
core   0: 0x8000517a (0xfda5fde3) bgeu    a1, s10, pc - 38
core   0: 3 0x8000517a (0xfda5fde3)
core   0: 0x8000517e (0x00008f6d) c.and   a4, a1
core   0: 3 0x8000517e (0x8f6d) x14 0x00000003
core   0: 0x80005180 (0xff600713) li      a4, -10
core   0: 3 0x80005180 (0xff600713) x14 0xfffffff6
core   0: 0x80005184 (0x40a3dc13) srai    s8, t2, 10
core   0: 3 0x80005184 (0x40a3dc13) x24 0x00000000
core   0: 0x80005188 (0x01f94cb3) xor     s9, s2, t6
core   0: 3 0x80005188 (0x01f94cb3) x25 0xfffff9d9
core   0: 0x8000518c (0x01fddd33) srl     s10, s11, t6
core   0: 3 0x8000518c (0x01fddd33) x26 0x00008002
core   0: 0x80005190 (0xbeffed13) ori     s10, t6, -1041
core   0: 3 0x80005190 (0xbeffed13) x26 0xfffffbff
core   0: 0x80005194 (0xd9dc8813) addi    a6, s9, -611
core   0: 3 0x80005194 (0xd9dc8813) x16 0xfffff776
core   0: 0x80005198 (0x00500913) li      s2, 5
core   0: 3 0x80005198 (0x00500913) x18 0x00000005
core   0: 0x8000519c (0x00004cf9) c.li    s9, 30
core   0: 3 0x8000519c (0x4cf9) x25 0x0000001e
core   0: 0x8000519e (0x03a61c33) mulh    s8, a2, s10
core   0: 3 0x8000519e (0x03a61c33) x24 0xffffffff
core   0: 0x800051a2 (0x713dfe13) andi    t3, s11, 1811
core   0: 3 0x800051a2 (0x713dfe13) x28 0x00000400
core   0: 0x800051a6 (0x000064ad) c.lui   s1, 0xb
core   0: 3 0x800051a6 (0x64ad) x 9 0x0000b000
core   0: 0x800051a8 (0x01e45313) srli    t1, s0, 30
core   0: 3 0x800051a8 (0x01e45313) x 6 0x00000003
core   0: 0x800051ac (0x00000705) c.addi  a4, 1
core   0: 3 0x800051ac (0x0705) x14 0xfffffff7
core   0: 0x800051ae (0x00000001) c.nop
core   0: 3 0x800051ae (0x0001)
core   0: 0x800051b0 (0x34eb4613) xori    a2, s6, 846
core   0: 3 0x800051b0 (0x34eb4613) x12 0x00000d5e
core   0: 0x800051b4 (0xb5440097) auipc   ra, 0xb5440
core   0: 3 0x800051b4 (0xb5440097) x 1 0x354451b4
core   0: 0x800051b8 (0x00009fee) c.add   t6, s11
core   0: 3 0x800051b8 (0x9fee) x31 0x80025654
core   0: 0x800051ba (0xff2704e3) beq     a4, s2, pc - 24
core   0: 3 0x800051ba (0xff2704e3)
core   0: 0x800051be (0x465a8c93) addi    s9, s5, 1125
core   0: 3 0x800051be (0x465a8c93) x25 0x085b6385
core   0: 0x800051c2 (0xffd00b93) li      s7, -3
core   0: 3 0x800051c2 (0xffd00b93) x23 0xfffffffd
core   0: 0x800051c6 (0x02921e33) mulh    t3, tp, s1
core   0: 3 0x800051c6 (0x02921e33) x28 0x00000000
core   0: 0x800051ca (0x01200c13) li      s8, 18
core   0: 3 0x800051ca (0x01200c13) x24 0x00000012
core   0: 0x800051ce (0x000084a1) c.srai  s1, 8
core   0: 3 0x800051ce (0x84a1) x 9 0x000000b0
core   0: 0x800051d0 (0x0000717d) c.addi16sp sp, -16
core   0: 3 0x800051d0 (0x717d) x 2 0xffffffe1
core   0: 0x800051d2 (0x00f525b3) slt     a1, a0, a5
core   0: 3 0x800051d2 (0x00f525b3) x11 0x00000001
core   0: 0x800051d6 (0x0ff0000f) fence   iorw,iorw
core   0: 3 0x800051d6 (0x0ff0000f)
core   0: 0x800051da (0x00008611) c.srai  a2, 4
core   0: 3 0x800051da (0x8611) x12 0x000000d5
core   0: 0x800051dc (0x00006759) c.lui   a4, 0x16
core   0: 3 0x800051dc (0x6759) x14 0x00016000
core   0: 0x800051de (0x03f783b3) mul     t2, a5, t6
core   0: 3 0x800051de (0x03f783b3) x 7 0x801e6244
core   0: 0x800051e2 (0x01026e33) or      t3, tp, a6
core   0: 3 0x800051e2 (0x01026e33) x28 0xfffff77e
core   0: 0x800051e6 (0x01bc64b3) or      s1, s8, s11
core   0: 3 0x800051e6 (0x01bc64b3) x 9 0x80025cf6
core   0: 0x800051ea (0x00000818) c.addi4spn a4, sp, 16
core   0: 3 0x800051ea (0x0818) x14 0xfffffff1
core   0: 0x800051ec (0x01ba9593) slli    a1, s5, 27
core   0: 3 0x800051ec (0x01ba9593) x11 0x00000000
core   0: 0x800051f0 (0x03eee5b3) rem     a1, t4, t5
core   0: 3 0x800051f0 (0x03eee5b3) x11 0x00000000
core   0: 0x800051f4 (0x000085f1) c.srai  a1, 28
core   0: 3 0x800051f4 (0x85f1) x11 0x00000000
core   0: 0x800051f6 (0x015ea9b3) slt     s3, t4, s5
core   0: 3 0x800051f6 (0x015ea9b3) x19 0x00000001
core   0: 0x800051fa (0x0000527d) c.li    tp, -1
core   0: 3 0x800051fa (0x527d) x 4 0xffffffff
core   0: 0x800051fc (0x00008f8d) c.sub   a5, a1
core   0: 3 0x800051fc (0x8f8d) x15 0x0000000d
core   0: 0x800051fe (0x023f34b3) mulhu   s1, t5, gp
core   0: 3 0x800051fe (0x023f34b3) x 9 0x00000000
core   0: 0x80005202 (0x03fcf5b3) remu    a1, s9, t6
core   0: 3 0x80005202 (0x03fcf5b3) x11 0x085b6385
core   0: 0x80005206 (0x00001f7d) c.addi  t5, -1
core   0: 3 0x80005206 (0x1f7d) x30 0x00000000
core   0: 0x80005208 (0x00000b8d) c.addi  s7, 3
core   0: 3 0x80005208 (0x0b8d) x23 0x00000000
core   0: 0x8000520a (0x86470437) lui     s0, 0x86470
core   0: 3 0x8000520a (0x86470437) x 8 0x86470000
core   0: 0x8000520e (0x028af633) remu    a2, s5, s0
core   0: 3 0x8000520e (0x028af633) x12 0x085b5f20
core   0: 0x80005212 (0x241e0193) addi    gp, t3, 577
core   0: 3 0x80005212 (0x241e0193) x 3 0xfffff9bf
core   0: 0x80005216 (0x02b43a33) mulhu   s4, s0, a1
core   0: 3 0x80005216 (0x02b43a33) x20 0x04622770
core   0: 0x8000521a (0x01d0a8b3) slt     a7, ra, t4
core   0: 3 0x8000521a (0x01d0a8b3) x17 0x00000000
core   0: 0x8000521e (0xfb8b8fe3) beq     s7, s8, pc - 66
core   0: 3 0x8000521e (0xfb8b8fe3)
core   0: 0x80005222 (0x00001a80) c.addi4spn s0, sp, 368
core   0: 3 0x80005222 (0x1a80) x 8 0x00000151
core   0: 0x80005224 (0x00200493) li      s1, 2
core   0: 3 0x80005224 (0x00200493) x 9 0x00000002
core   0: 0x80005228 (0x03cb6fb3) rem     t6, s6, t3
core   0: 3 0x80005228 (0x03cb6fb3) x31 0x0000058e
core   0: 0x8000522c (0x00000001) c.nop
core   0: 3 0x8000522c (0x0001)
core   0: 0x8000522e (0x0000527d) c.li    tp, -1
core   0: 3 0x8000522e (0x527d) x 4 0xffffffff
core   0: 0x80005230 (0x00008e69) c.and   a2, a0
core   0: 3 0x80005230 (0x8e69) x12 0x00021e20
core   0: 0x80005232 (0x000086d1) c.srai  a3, 20
core   0: 3 0x80005232 (0x86d1) x13 0xffffffff
core   0: 0x80005234 (0x000014fd) c.addi  s1, -1
core   0: 3 0x80005234 (0x14fd) x 9 0x00000001
core   0: 0x80005236 (0x00100193) li      gp, 1
core   0: 3 0x80005236 (0x00100193) x 3 0x00000001
core   0: 0x8000523a (0x00008dc1) c.or    a1, s0
core   0: 3 0x8000523a (0x8dc1) x11 0x085b63d5
core   0: 0x8000523c (0x00200413) li      s0, 2
core   0: 3 0x8000523c (0x00200413) x 8 0x00000002
core   0: 0x80005240 (0x00a300b3) add     ra, t1, a0
core   0: 3 0x80005240 (0x00a300b3) x 1 0x80021e2f
core   0: 0x80005244 (0x008f3f33) sltu    t5, t5, s0
core   0: 3 0x80005244 (0x008f3f33) x30 0x00000001
core   0: 0x80005248 (0x000001a9) c.addi  gp, 10
core   0: 3 0x80005248 (0x01a9) x 3 0x0000000b
core   0: 0x8000524a (0xa51ff793) andi    a5, t6, -1455
core   0: 3 0x8000524a (0xa51ff793) x15 0x00000000
core   0: 0x8000524e (0xfe81e9e3) bltu    gp, s0, pc - 14
core   0: 3 0x8000524e (0xfe81e9e3)
core   0: 0x80005252 (0x000095d6) c.add   a1, s5
core   0: 3 0x80005252 (0x95d6) x11 0x10b6c2f5
core   0: 0x80005254 (0x0000fcf1) c.bnez  s1, pc - 36
core   0: 3 0x80005254 (0xfcf1)
core   0: 0x80005230 (0x00008e69) c.and   a2, a0
core   0: 3 0x80005230 (0x8e69) x12 0x00021e20
core   0: 0x80005232 (0x000086d1) c.srai  a3, 20
core   0: 3 0x80005232 (0x86d1) x13 0xffffffff
core   0: 0x80005234 (0x000014fd) c.addi  s1, -1
core   0: 3 0x80005234 (0x14fd) x 9 0x00000000
core   0: 0x80005236 (0x00100193) li      gp, 1
core   0: 3 0x80005236 (0x00100193) x 3 0x00000001
core   0: 0x8000523a (0x00008dc1) c.or    a1, s0
core   0: 3 0x8000523a (0x8dc1) x11 0x10b6c2f7
core   0: 0x8000523c (0x00200413) li      s0, 2
core   0: 3 0x8000523c (0x00200413) x 8 0x00000002
core   0: 0x80005240 (0x00a300b3) add     ra, t1, a0
core   0: 3 0x80005240 (0x00a300b3) x 1 0x80021e2f
core   0: 0x80005244 (0x008f3f33) sltu    t5, t5, s0
core   0: 3 0x80005244 (0x008f3f33) x30 0x00000001
core   0: 0x80005248 (0x000001a9) c.addi  gp, 10
core   0: 3 0x80005248 (0x01a9) x 3 0x0000000b
core   0: 0x8000524a (0xa51ff793) andi    a5, t6, -1455
core   0: 3 0x8000524a (0xa51ff793) x15 0x00000000
core   0: 0x8000524e (0xfe81e9e3) bltu    gp, s0, pc - 14
core   0: 3 0x8000524e (0xfe81e9e3)
core   0: 0x80005252 (0x000095d6) c.add   a1, s5
core   0: 3 0x80005252 (0x95d6) x11 0x19122217
core   0: 0x80005254 (0x0000fcf1) c.bnez  s1, pc - 36
core   0: 3 0x80005254 (0xfcf1)
core   0: 0x80005256 (0x03e725b3) mulhsu  a1, a4, t5
core   0: 3 0x80005256 (0x03e725b3) x11 0xffffffff
core   0: 0x8000525a (0xfff00713) li      a4, -1
core   0: 3 0x8000525a (0xfff00713) x14 0xffffffff
core   0: 0x8000525e (0x00a16cb3) or      s9, sp, a0
core   0: 3 0x8000525e (0x00a16cb3) x25 0xffffffed
core   0: 0x80005262 (0xef761637) lui     a2, 0xef761
core   0: 3 0x80005262 (0xef761637) x12 0xef761000
core   0: 0x80005266 (0x0ff0000f) fence   iorw,iorw
core   0: 3 0x80005266 (0x0ff0000f)
core   0: 0x8000526a (0x00008e39) c.xor   a2, a4
core   0: 3 0x8000526a (0x8e39) x12 0x1089efff
core   0: 0x8000526c (0x000084c6) c.mv    s1, a7
core   0: 3 0x8000526c (0x84c6) x 9 0x00000000
core   0: 0x8000526e (0x4312a113) slti    sp, t0, 1073
core   0: 3 0x8000526e (0x4312a113) x 2 0x00000001
core   0: 0x80005272 (0x66fccb93) xori    s7, s9, 1647
core   0: 3 0x80005272 (0x66fccb93) x23 0xfffff982
core   0: 0x80005276 (0x00000001) c.nop
core   0: 3 0x80005276 (0x0001)
core   0: 0x80005278 (0x000081ed) c.srli  a1, 27
core   0: 3 0x80005278 (0x81ed) x11 0x0000001f
core   0: 0x8000527a (0x0000100f) fence.i
core   0: 3 0x8000527a (0x0000100f)
core   0: 0x8000527e (0x0208c833) div     a6, a7, zero
core   0: 3 0x8000527e (0x0208c833) x16 0xffffffff
core   0: 0x80005282 (0x00000705) c.addi  a4, 1
core   0: 3 0x80005282 (0x0705) x14 0x00000000
core   0: 0x80005284 (0x00008ced) c.and   s1, a1
core   0: 3 0x80005284 (0x8ced) x 9 0x00000000
core   0: 0x80005286 (0x00000001) c.nop
core   0: 3 0x80005286 (0x0001)
core   0: 0x80005288 (0x1892b593) sltiu   a1, t0, 393
core   0: 3 0x80005288 (0x1892b593) x11 0x00000000
core   0: 0x8000528c (0x00000001) c.nop
core   0: 3 0x8000528c (0x0001)
core   0: 0x8000528e (0x0000537d) c.li    t1, -1
core   0: 3 0x8000528e (0x537d) x 6 0xffffffff
core   0: 0x80005290 (0x00b4a233) slt     tp, s1, a1
core   0: 3 0x80005290 (0x00b4a233) x 4 0x00000000
core   0: 0x80005294 (0x0000d76d) c.beqz  a4, pc - 22
core   0: 3 0x80005294 (0xd76d)
core   0: 0x8000527e (0x0208c833) div     a6, a7, zero
core   0: 3 0x8000527e (0x0208c833) x16 0xffffffff
core   0: 0x80005282 (0x00000705) c.addi  a4, 1
core   0: 3 0x80005282 (0x0705) x14 0x00000001
core   0: 0x80005284 (0x00008ced) c.and   s1, a1
core   0: 3 0x80005284 (0x8ced) x 9 0x00000000
core   0: 0x80005286 (0x00000001) c.nop
core   0: 3 0x80005286 (0x0001)
core   0: 0x80005288 (0x1892b593) sltiu   a1, t0, 393
core   0: 3 0x80005288 (0x1892b593) x11 0x00000000
core   0: 0x8000528c (0x00000001) c.nop
core   0: 3 0x8000528c (0x0001)
core   0: 0x8000528e (0x0000537d) c.li    t1, -1
core   0: 3 0x8000528e (0x537d) x 6 0xffffffff
core   0: 0x80005290 (0x00b4a233) slt     tp, s1, a1
core   0: 3 0x80005290 (0x00b4a233) x 4 0x00000000
core   0: 0x80005294 (0x0000d76d) c.beqz  a4, pc - 22
core   0: 3 0x80005294 (0xd76d)
core   0: 0x80005296 (0x00008bda) c.mv    s7, s6
core   0: 3 0x80005296 (0x8bda) x23 0x00000e10
core   0: 0x80005298 (0xff700593) li      a1, -9
core   0: 3 0x80005298 (0xff700593) x11 0xfffffff7
core   0: 0x8000529c (0x7eb1e793) ori     a5, gp, 2027
core   0: 3 0x8000529c (0x7eb1e793) x15 0x000007eb
core   0: 0x800052a0 (0x0065c2b3) xor     t0, a1, t1
core   0: 3 0x800052a0 (0x0065c2b3) x 5 0x00000008
core   0: 0x800052a4 (0x6cc37d13) andi    s10, t1, 1740
core   0: 3 0x800052a4 (0x6cc37d13) x26 0x000006cc
core   0: 0x800052a8 (0x02947fb3) remu    t6, s0, s1
core   0: 3 0x800052a8 (0x02947fb3) x31 0x00000002
core   0: 0x800052ac (0x00900913) li      s2, 9
core   0: 3 0x800052ac (0x00900913) x18 0x00000009
core   0: 0x800052b0 (0x01f4e733) or      a4, s1, t6
core   0: 3 0x800052b0 (0x01f4e733) x14 0x00000002
core   0: 0x800052b4 (0x951b3f93) sltiu   t6, s6, -1711
core   0: 3 0x800052b4 (0x951b3f93) x31 0x00000001
core   0: 0x800052b8 (0x00000001) c.nop
core   0: 3 0x800052b8 (0x0001)
core   0: 0x800052ba (0x4140d493) srai    s1, ra, 20
core   0: 3 0x800052ba (0x4140d493) x 9 0xfffff800
core   0: 0x800052be (0x0ff0000f) fence   iorw,iorw
core   0: 3 0x800052be (0x0ff0000f)
core   0: 0x800052c2 (0x00008e06) c.mv    t3, ra
core   0: 3 0x800052c2 (0x8e06) x28 0x80021e2f
core   0: 0x800052c4 (0x0061a2b3) slt     t0, gp, t1
core   0: 3 0x800052c4 (0x0061a2b3) x 5 0x00000000
core   0: 0x800052c8 (0x03742433) mulhsu  s0, s0, s7
core   0: 3 0x800052c8 (0x03742433) x 8 0x00000000
core   0: 0x800052cc (0x40b95713) srai    a4, s2, 11
core   0: 3 0x800052cc (0x40b95713) x14 0x00000000
core   0: 0x800052d0 (0x000005a5) c.addi  a1, 9
core   0: 3 0x800052d0 (0x05a5) x11 0x00000000
core   0: 0x800052d2 (0x00000001) c.nop
core   0: 3 0x800052d2 (0x0001)
core   0: 0x800052d4 (0x00004365) c.li    t1, 25
core   0: 3 0x800052d4 (0x4365) x 6 0x00000019
core   0: 0x800052d6 (0x00000472) c.slli  s0, 28
core   0: 3 0x800052d6 (0x0472) x 8 0x00000000
core   0: 0x800052d8 (0x00008c31) c.xor   s0, a2
core   0: 3 0x800052d8 (0x8c31) x 8 0x1089efff
core   0: 0x800052da (0x414cd993) srai    s3, s9, 20
core   0: 3 0x800052da (0x414cd993) x19 0xffffffff
core   0: 0x800052de (0x03128a33) mul     s4, t0, a7
core   0: 3 0x800052de (0x03128a33) x20 0x00000000
core   0: 0x800052e2 (0xfd2599e3) bne     a1, s2, pc - 46
core   0: 3 0x800052e2 (0xfd2599e3)
core   0: 0x800052b4 (0x951b3f93) sltiu   t6, s6, -1711
core   0: 3 0x800052b4 (0x951b3f93) x31 0x00000001
core   0: 0x800052b8 (0x00000001) c.nop
core   0: 3 0x800052b8 (0x0001)
core   0: 0x800052ba (0x4140d493) srai    s1, ra, 20
core   0: 3 0x800052ba (0x4140d493) x 9 0xfffff800
core   0: 0x800052be (0x0ff0000f) fence   iorw,iorw
core   0: 3 0x800052be (0x0ff0000f)
core   0: 0x800052c2 (0x00008e06) c.mv    t3, ra
core   0: 3 0x800052c2 (0x8e06) x28 0x80021e2f
core   0: 0x800052c4 (0x0061a2b3) slt     t0, gp, t1
core   0: 3 0x800052c4 (0x0061a2b3) x 5 0x00000001
core   0: 0x800052c8 (0x03742433) mulhsu  s0, s0, s7
core   0: 3 0x800052c8 (0x03742433) x 8 0x000000e8
core   0: 0x800052cc (0x40b95713) srai    a4, s2, 11
core   0: 3 0x800052cc (0x40b95713) x14 0x00000000
core   0: 0x800052d0 (0x000005a5) c.addi  a1, 9
core   0: 3 0x800052d0 (0x05a5) x11 0x00000009
core   0: 0x800052d2 (0x00000001) c.nop
core   0: 3 0x800052d2 (0x0001)
core   0: 0x800052d4 (0x00004365) c.li    t1, 25
core   0: 3 0x800052d4 (0x4365) x 6 0x00000019
core   0: 0x800052d6 (0x00000472) c.slli  s0, 28
core   0: 3 0x800052d6 (0x0472) x 8 0x80000000
core   0: 0x800052d8 (0x00008c31) c.xor   s0, a2
core   0: 3 0x800052d8 (0x8c31) x 8 0x9089efff
core   0: 0x800052da (0x414cd993) srai    s3, s9, 20
core   0: 3 0x800052da (0x414cd993) x19 0xffffffff
core   0: 0x800052de (0x03128a33) mul     s4, t0, a7
core   0: 3 0x800052de (0x03128a33) x20 0x00000000
core   0: 0x800052e2 (0xfd2599e3) bne     a1, s2, pc - 46
core   0: 3 0x800052e2 (0xfd2599e3)
core   0: 0x800052e6 (0x465c48b7) lui     a7, 0x465c4
core   0: 3 0x800052e6 (0x465c48b7) x17 0x465c4000
core   0: 0x800052ea (0xffd00793) li      a5, -3
core   0: 3 0x800052ea (0xffd00793) x15 0xfffffffd
core   0: 0x800052ee (0x0000717d) c.addi16sp sp, -16
core   0: 3 0x800052ee (0x717d) x 2 0xfffffff1
core   0: 0x800052f0 (0x06507113) andi    sp, zero, 101
core   0: 3 0x800052f0 (0x06507113) x 2 0x00000000
core   0: 0x800052f4 (0x00000fd2) c.slli  t6, 20
core   0: 3 0x800052f4 (0x0fd2) x31 0x00100000
core   0: 0x800052f6 (0x0ff0000f) fence   iorw,iorw
core   0: 3 0x800052f6 (0x0ff0000f)
core   0: 0x800052fa (0x008dd133) srl     sp, s11, s0
core   0: 3 0x800052fa (0x008dd133) x 2 0x00000001
core   0: 0x800052fe (0x01f05b93) srli    s7, zero, 31
core   0: 3 0x800052fe (0x01f05b93) x23 0x00000000
core   0: 0x80005302 (0x0000011e) c.slli  sp, 7
core   0: 3 0x80005302 (0x011e) x 2 0x00000080
core   0: 0x80005304 (0x00008da5) c.xor   a1, s1
core   0: 3 0x80005304 (0x8da5) x11 0xfffff809
core   0: 0x80005306 (0x02763233) mulhu   tp, a2, t2
core   0: 3 0x80005306 (0x02763233) x 4 0x0846ee82
core   0: 0x8000530a (0x00000001) c.nop
core   0: 3 0x8000530a (0x0001)
core   0: 0x8000530c (0x00009fae) c.add   t6, a1
core   0: 3 0x8000530c (0x9fae) x31 0x000ff809
core   0: 0x8000530e (0x00000001) c.nop
core   0: 3 0x8000530e (0x0001)
core   0: 0x80005310 (0x0ff0000f) fence   iorw,iorw
core   0: 3 0x80005310 (0x0ff0000f)
core   0: 0x80005314 (0x000099fd) c.andi  a1, -1
core   0: 3 0x80005314 (0x99fd) x11 0xfffff809
core   0: 0x80005316 (0x00008c52) c.mv    s8, s4
core   0: 3 0x80005316 (0x8c52) x24 0x00000000
core   0: 0x80005318 (0x00008466) c.mv    s0, s9
core   0: 3 0x80005318 (0x8466) x 8 0xffffffed
core   0: 0x8000531a (0x00f7de33) srl     t3, a5, a5
core   0: 3 0x8000531a (0x00f7de33) x28 0x00000007
core   0: 0x8000531e (0x03da4f33) div     t5, s4, t4
core   0: 3 0x8000531e (0x03da4f33) x30 0x00000000
core   0: 0x80005322 (0xc11a0593) addi    a1, s4, -1007
core   0: 3 0x80005322 (0xc11a0593) x11 0xfffffc11
core   0: 0x80005326 (0x0000167d) c.addi  a2, -1
core   0: 3 0x80005326 (0x167d) x12 0x1089effe
core   0: 0x80005328 (0x00000785) c.addi  a5, 1
core   0: 3 0x80005328 (0x0785) x15 0xfffffffe
core   0: 0x8000532a (0x9b18c597) auipc   a1, 0x9b18c
core   0: 3 0x8000532a (0x9b18c597) x11 0x1b19132a
core   0: 0x8000532e (0x401b5a33) sra     s4, s6, ra
core   0: 3 0x8000532e (0x401b5a33) x20 0x00000000
core   0: 0x80005332 (0x0000fff1) c.bnez  a5, pc - 36
core   0: 3 0x80005332 (0xfff1)
core   0: 0x8000530e (0x00000001) c.nop
core   0: 3 0x8000530e (0x0001)
core   0: 0x80005310 (0x0ff0000f) fence   iorw,iorw
core   0: 3 0x80005310 (0x0ff0000f)
core   0: 0x80005314 (0x000099fd) c.andi  a1, -1
core   0: 3 0x80005314 (0x99fd) x11 0x1b19132a
core   0: 0x80005316 (0x00008c52) c.mv    s8, s4
core   0: 3 0x80005316 (0x8c52) x24 0x00000000
core   0: 0x80005318 (0x00008466) c.mv    s0, s9
core   0: 3 0x80005318 (0x8466) x 8 0xffffffed
core   0: 0x8000531a (0x00f7de33) srl     t3, a5, a5
core   0: 3 0x8000531a (0x00f7de33) x28 0x00000003
core   0: 0x8000531e (0x03da4f33) div     t5, s4, t4
core   0: 3 0x8000531e (0x03da4f33) x30 0x00000000
core   0: 0x80005322 (0xc11a0593) addi    a1, s4, -1007
core   0: 3 0x80005322 (0xc11a0593) x11 0xfffffc11
core   0: 0x80005326 (0x0000167d) c.addi  a2, -1
core   0: 3 0x80005326 (0x167d) x12 0x1089effd
core   0: 0x80005328 (0x00000785) c.addi  a5, 1
core   0: 3 0x80005328 (0x0785) x15 0xffffffff
core   0: 0x8000532a (0x9b18c597) auipc   a1, 0x9b18c
core   0: 3 0x8000532a (0x9b18c597) x11 0x1b19132a
core   0: 0x8000532e (0x401b5a33) sra     s4, s6, ra
core   0: 3 0x8000532e (0x401b5a33) x20 0x00000000
core   0: 0x80005332 (0x0000fff1) c.bnez  a5, pc - 36
core   0: 3 0x80005332 (0xfff1)
core   0: 0x8000530e (0x00000001) c.nop
core   0: 3 0x8000530e (0x0001)
core   0: 0x80005310 (0x0ff0000f) fence   iorw,iorw
core   0: 3 0x80005310 (0x0ff0000f)
core   0: 0x80005314 (0x000099fd) c.andi  a1, -1
core   0: 3 0x80005314 (0x99fd) x11 0x1b19132a
core   0: 0x80005316 (0x00008c52) c.mv    s8, s4
core   0: 3 0x80005316 (0x8c52) x24 0x00000000
core   0: 0x80005318 (0x00008466) c.mv    s0, s9
core   0: 3 0x80005318 (0x8466) x 8 0xffffffed
core   0: 0x8000531a (0x00f7de33) srl     t3, a5, a5
core   0: 3 0x8000531a (0x00f7de33) x28 0x00000001
core   0: 0x8000531e (0x03da4f33) div     t5, s4, t4
core   0: 3 0x8000531e (0x03da4f33) x30 0x00000000
core   0: 0x80005322 (0xc11a0593) addi    a1, s4, -1007
core   0: 3 0x80005322 (0xc11a0593) x11 0xfffffc11
core   0: 0x80005326 (0x0000167d) c.addi  a2, -1
core   0: 3 0x80005326 (0x167d) x12 0x1089effc
core   0: 0x80005328 (0x00000785) c.addi  a5, 1
core   0: 3 0x80005328 (0x0785) x15 0x00000000
core   0: 0x8000532a (0x9b18c597) auipc   a1, 0x9b18c
core   0: 3 0x8000532a (0x9b18c597) x11 0x1b19132a
core   0: 0x8000532e (0x401b5a33) sra     s4, s6, ra
core   0: 3 0x8000532e (0x401b5a33) x20 0x00000000
core   0: 0x80005332 (0x0000fff1) c.bnez  a5, pc - 36
core   0: 3 0x80005332 (0xfff1)
core   0: 0x80005334 (0xc6806613) ori     a2, zero, -920
core   0: 3 0x80005334 (0xc6806613) x12 0xfffffc68
core   0: 0x80005338 (0xffc00a13) li      s4, -4
core   0: 3 0x80005338 (0xffc00a13) x20 0xfffffffc
core   0: 0x8000533c (0x0084c733) xor     a4, s1, s0
core   0: 3 0x8000533c (0x0084c733) x14 0x000007ed
core   0: 0x80005340 (0x01000f93) li      t6, 16
core   0: 3 0x80005340 (0x01000f93) x31 0x00000010
core   0: 0x80005344 (0x0000612d) c.addi16sp sp, 224
core   0: 3 0x80005344 (0x612d) x 2 0x00000160
core   0: 0x80005346 (0x00001b7d) c.addi  s6, -1
core   0: 3 0x80005346 (0x1b7d) x22 0x00000e0f
core   0: 0x80005348 (0x41535bb3) sra     s7, t1, s5
core   0: 3 0x80005348 (0x41535bb3) x23 0x00000019
core   0: 0x8000534c (0x024329b3) mulhsu  s3, t1, tp
core   0: 3 0x8000534c (0x024329b3) x19 0x00000000
core   0: 0x80005350 (0x00008461) c.srai  s0, 24
core   0: 3 0x80005350 (0x8461) x 8 0xffffffff
core   0: 0x80005352 (0x000045ad) c.li    a1, 11
core   0: 3 0x80005352 (0x45ad) x11 0x0000000b
core   0: 0x80005354 (0x00000a19) c.addi  s4, 6
core   0: 3 0x80005354 (0x0a19) x20 0x00000002
core   0: 0x80005356 (0x000091ee) c.add   gp, s11
core   0: 3 0x80005356 (0x91ee) x 3 0x80025cef
core   0: 0x80005358 (0xffd00793) li      a5, -3
core   0: 3 0x80005358 (0xffd00793) x15 0xfffffffd
core   0: 0x8000535c (0x0ff0000f) fence   iorw,iorw
core   0: 3 0x8000535c (0x0ff0000f)
core   0: 0x80005360 (0x0000100f) fence.i
core   0: 3 0x80005360 (0x0000100f)
core   0: 0x80005364 (0x00100e93) li      t4, 1
core   0: 3 0x80005364 (0x00100e93) x29 0x00000001
core   0: 0x80005368 (0x01fdff33) and     t5, s11, t6
core   0: 3 0x80005368 (0x01fdff33) x30 0x00000000
core   0: 0x8000536c (0xa5baa897) auipc   a7, 0xa5baa
core   0: 3 0x8000536c (0xa5baa897) x17 0x25baf36c
core   0: 0x80005370 (0x94bf6193) ori     gp, t5, -1717
core   0: 3 0x80005370 (0x94bf6193) x 3 0xfffff94b
core   0: 0x80005374 (0x0000089a) c.slli  a7, 6
core   0: 3 0x80005374 (0x089a) x17 0x6ebcdb00
core   0: 0x80005376 (0x78a4bc13) sltiu   s8, s1, 1930
core   0: 3 0x80005376 (0x78a4bc13) x24 0x00000000
core   0: 0x8000537a (0x00000785) c.addi  a5, 1
core   0: 3 0x8000537a (0x0785) x15 0xfffffffe
core   0: 0x8000537c (0x02c27833) remu    a6, tp, a2
core   0: 3 0x8000537c (0x02c27833) x16 0x0846ee82
core   0: 0x80005380 (0x009a3633) sltu    a2, s4, s1
core   0: 3 0x80005380 (0x009a3633) x12 0x00000001
core   0: 0x80005384 (0xffd7e6e3) bltu    a5, t4, pc - 20
core   0: 3 0x80005384 (0xffd7e6e3)
core   0: 0x80005388 (0x00006109) c.addi16sp sp, 128
core   0: 3 0x80005388 (0x6109) x 2 0x000001e0
core   0: 0x8000538a (0x000005e2) c.slli  a1, 24
core   0: 3 0x8000538a (0x05e2) x11 0x0b000000
core   0: 0x8000538c (0xfdfa40e3) blt     s4, t6, pc - 64
core   0: 3 0x8000538c (0xfdfa40e3)
core   0: 0x8000534c (0x024329b3) mulhsu  s3, t1, tp
core   0: 3 0x8000534c (0x024329b3) x19 0x00000000
core   0: 0x80005350 (0x00008461) c.srai  s0, 24
core   0: 3 0x80005350 (0x8461) x 8 0xffffffff
core   0: 0x80005352 (0x000045ad) c.li    a1, 11
core   0: 3 0x80005352 (0x45ad) x11 0x0000000b
core   0: 0x80005354 (0x00000a19) c.addi  s4, 6
core   0: 3 0x80005354 (0x0a19) x20 0x00000008
core   0: 0x80005356 (0x000091ee) c.add   gp, s11
core   0: 3 0x80005356 (0x91ee) x 3 0x8002562f
core   0: 0x80005358 (0xffd00793) li      a5, -3
core   0: 3 0x80005358 (0xffd00793) x15 0xfffffffd
core   0: 0x8000535c (0x0ff0000f) fence   iorw,iorw
core   0: 3 0x8000535c (0x0ff0000f)
core   0: 0x80005360 (0x0000100f) fence.i
core   0: 3 0x80005360 (0x0000100f)
core   0: 0x80005364 (0x00100e93) li      t4, 1
core   0: 3 0x80005364 (0x00100e93) x29 0x00000001
core   0: 0x80005368 (0x01fdff33) and     t5, s11, t6
core   0: 3 0x80005368 (0x01fdff33) x30 0x00000000
core   0: 0x8000536c (0xa5baa897) auipc   a7, 0xa5baa
core   0: 3 0x8000536c (0xa5baa897) x17 0x25baf36c
core   0: 0x80005370 (0x94bf6193) ori     gp, t5, -1717
core   0: 3 0x80005370 (0x94bf6193) x 3 0xfffff94b
core   0: 0x80005374 (0x0000089a) c.slli  a7, 6
core   0: 3 0x80005374 (0x089a) x17 0x6ebcdb00
core   0: 0x80005376 (0x78a4bc13) sltiu   s8, s1, 1930
core   0: 3 0x80005376 (0x78a4bc13) x24 0x00000000
core   0: 0x8000537a (0x00000785) c.addi  a5, 1
core   0: 3 0x8000537a (0x0785) x15 0xfffffffe
core   0: 0x8000537c (0x02c27833) remu    a6, tp, a2
core   0: 3 0x8000537c (0x02c27833) x16 0x00000000
core   0: 0x80005380 (0x009a3633) sltu    a2, s4, s1
core   0: 3 0x80005380 (0x009a3633) x12 0x00000001
core   0: 0x80005384 (0xffd7e6e3) bltu    a5, t4, pc - 20
core   0: 3 0x80005384 (0xffd7e6e3)
core   0: 0x80005388 (0x00006109) c.addi16sp sp, 128
core   0: 3 0x80005388 (0x6109) x 2 0x00000260
core   0: 0x8000538a (0x000005e2) c.slli  a1, 24
core   0: 3 0x8000538a (0x05e2) x11 0x0b000000
core   0: 0x8000538c (0xfdfa40e3) blt     s4, t6, pc - 64
core   0: 3 0x8000538c (0xfdfa40e3)
core   0: 0x8000534c (0x024329b3) mulhsu  s3, t1, tp
core   0: 3 0x8000534c (0x024329b3) x19 0x00000000
core   0: 0x80005350 (0x00008461) c.srai  s0, 24
core   0: 3 0x80005350 (0x8461) x 8 0xffffffff
core   0: 0x80005352 (0x000045ad) c.li    a1, 11
core   0: 3 0x80005352 (0x45ad) x11 0x0000000b
core   0: 0x80005354 (0x00000a19) c.addi  s4, 6
core   0: 3 0x80005354 (0x0a19) x20 0x0000000e
core   0: 0x80005356 (0x000091ee) c.add   gp, s11
core   0: 3 0x80005356 (0x91ee) x 3 0x8002562f
core   0: 0x80005358 (0xffd00793) li      a5, -3
core   0: 3 0x80005358 (0xffd00793) x15 0xfffffffd
core   0: 0x8000535c (0x0ff0000f) fence   iorw,iorw
core   0: 3 0x8000535c (0x0ff0000f)
core   0: 0x80005360 (0x0000100f) fence.i
core   0: 3 0x80005360 (0x0000100f)
core   0: 0x80005364 (0x00100e93) li      t4, 1
core   0: 3 0x80005364 (0x00100e93) x29 0x00000001
core   0: 0x80005368 (0x01fdff33) and     t5, s11, t6
core   0: 3 0x80005368 (0x01fdff33) x30 0x00000000
core   0: 0x8000536c (0xa5baa897) auipc   a7, 0xa5baa
core   0: 3 0x8000536c (0xa5baa897) x17 0x25baf36c
core   0: 0x80005370 (0x94bf6193) ori     gp, t5, -1717
core   0: 3 0x80005370 (0x94bf6193) x 3 0xfffff94b
core   0: 0x80005374 (0x0000089a) c.slli  a7, 6
core   0: 3 0x80005374 (0x089a) x17 0x6ebcdb00
core   0: 0x80005376 (0x78a4bc13) sltiu   s8, s1, 1930
core   0: 3 0x80005376 (0x78a4bc13) x24 0x00000000
core   0: 0x8000537a (0x00000785) c.addi  a5, 1
core   0: 3 0x8000537a (0x0785) x15 0xfffffffe
core   0: 0x8000537c (0x02c27833) remu    a6, tp, a2
core   0: 3 0x8000537c (0x02c27833) x16 0x00000000
core   0: 0x80005380 (0x009a3633) sltu    a2, s4, s1
core   0: 3 0x80005380 (0x009a3633) x12 0x00000001
core   0: 0x80005384 (0xffd7e6e3) bltu    a5, t4, pc - 20
core   0: 3 0x80005384 (0xffd7e6e3)
core   0: 0x80005388 (0x00006109) c.addi16sp sp, 128
core   0: 3 0x80005388 (0x6109) x 2 0x000002e0
core   0: 0x8000538a (0x000005e2) c.slli  a1, 24
core   0: 3 0x8000538a (0x05e2) x11 0x0b000000
core   0: 0x8000538c (0xfdfa40e3) blt     s4, t6, pc - 64
core   0: 3 0x8000538c (0xfdfa40e3)
core   0: 0x8000534c (0x024329b3) mulhsu  s3, t1, tp
core   0: 3 0x8000534c (0x024329b3) x19 0x00000000
core   0: 0x80005350 (0x00008461) c.srai  s0, 24
core   0: 3 0x80005350 (0x8461) x 8 0xffffffff
core   0: 0x80005352 (0x000045ad) c.li    a1, 11
core   0: 3 0x80005352 (0x45ad) x11 0x0000000b
core   0: 0x80005354 (0x00000a19) c.addi  s4, 6
core   0: 3 0x80005354 (0x0a19) x20 0x00000014
core   0: 0x80005356 (0x000091ee) c.add   gp, s11
core   0: 3 0x80005356 (0x91ee) x 3 0x8002562f
core   0: 0x80005358 (0xffd00793) li      a5, -3
core   0: 3 0x80005358 (0xffd00793) x15 0xfffffffd
core   0: 0x8000535c (0x0ff0000f) fence   iorw,iorw
core   0: 3 0x8000535c (0x0ff0000f)
core   0: 0x80005360 (0x0000100f) fence.i
core   0: 3 0x80005360 (0x0000100f)
core   0: 0x80005364 (0x00100e93) li      t4, 1
core   0: 3 0x80005364 (0x00100e93) x29 0x00000001
core   0: 0x80005368 (0x01fdff33) and     t5, s11, t6
core   0: 3 0x80005368 (0x01fdff33) x30 0x00000000
core   0: 0x8000536c (0xa5baa897) auipc   a7, 0xa5baa
core   0: 3 0x8000536c (0xa5baa897) x17 0x25baf36c
core   0: 0x80005370 (0x94bf6193) ori     gp, t5, -1717
core   0: 3 0x80005370 (0x94bf6193) x 3 0xfffff94b
core   0: 0x80005374 (0x0000089a) c.slli  a7, 6
core   0: 3 0x80005374 (0x089a) x17 0x6ebcdb00
core   0: 0x80005376 (0x78a4bc13) sltiu   s8, s1, 1930
core   0: 3 0x80005376 (0x78a4bc13) x24 0x00000000
core   0: 0x8000537a (0x00000785) c.addi  a5, 1
core   0: 3 0x8000537a (0x0785) x15 0xfffffffe
core   0: 0x8000537c (0x02c27833) remu    a6, tp, a2
core   0: 3 0x8000537c (0x02c27833) x16 0x00000000
core   0: 0x80005380 (0x009a3633) sltu    a2, s4, s1
core   0: 3 0x80005380 (0x009a3633) x12 0x00000001
core   0: 0x80005384 (0xffd7e6e3) bltu    a5, t4, pc - 20
core   0: 3 0x80005384 (0xffd7e6e3)
core   0: 0x80005388 (0x00006109) c.addi16sp sp, 128
core   0: 3 0x80005388 (0x6109) x 2 0x00000360
core   0: 0x8000538a (0x000005e2) c.slli  a1, 24
core   0: 3 0x8000538a (0x05e2) x11 0x0b000000
core   0: 0x8000538c (0xfdfa40e3) blt     s4, t6, pc - 64
core   0: 3 0x8000538c (0xfdfa40e3)
core   0: 0x80005390 (0x3c6c4f13) xori    t5, s8, 966
core   0: 3 0x80005390 (0x3c6c4f13) x30 0x000003c6
core   0: 0x80005394 (0x00500613) li      a2, 5
core   0: 3 0x80005394 (0x00500613) x12 0x00000005
core   0: 0x80005398 (0x81f8e713) ori     a4, a7, -2017
core   0: 3 0x80005398 (0x81f8e713) x14 0xfffffb1f
core   0: 0x8000539c (0x0072d7b3) srl     a5, t0, t2
core   0: 3 0x8000539c (0x0072d7b3) x15 0x00000000
core   0: 0x800053a0 (0x0000844e) c.mv    s0, s3
core   0: 3 0x800053a0 (0x844e) x 8 0x00000000
core   0: 0x800053a2 (0x00000001) c.nop
core   0: 3 0x800053a2 (0x0001)
core   0: 0x800053a4 (0x00000001) c.nop
core   0: 3 0x800053a4 (0x0001)
core   0: 0x800053a6 (0x02154f33) div     t5, a0, ra
core   0: 3 0x800053a6 (0x02154f33) x30 0x00000001
core   0: 0x800053aa (0x0000166d) c.addi  a2, -5
core   0: 3 0x800053aa (0x166d) x12 0x00000000
core   0: 0x800053ac (0x32214f13) xori    t5, sp, 802
core   0: 3 0x800053ac (0x32214f13) x30 0x00000042
core   0: 0x800053b0 (0x0000fa7d) c.bnez  a2, pc - 10
core   0: 3 0x800053b0 (0xfa7d)
core   0: 0x800053b2 (0x004dd1b3) srl     gp, s11, tp
core   0: 3 0x800053b2 (0x004dd1b3) x 3 0x20009739
core   0: 0x800053b6 (0xff800693) li      a3, -8
core   0: 3 0x800053b6 (0xff800693) x13 0xfffffff8
core   0: 0x800053ba (0xff200993) li      s3, -14
core   0: 3 0x800053ba (0xff200993) x19 0xfffffff2
core   0: 0x800053be (0x0000877a) c.mv    a4, t5
core   0: 3 0x800053be (0x877a) x14 0x00000042
core   0: 0x800053c0 (0x40f15d33) sra     s10, sp, a5
core   0: 3 0x800053c0 (0x40f15d33) x26 0x00000360
core   0: 0x800053c4 (0x000016d9) c.addi  a3, -10
core   0: 3 0x800053c4 (0x16d9) x13 0xffffffee
core   0: 0x800053c6 (0x00300f13) li      t5, 3
core   0: 3 0x800053c6 (0x00300f13) x30 0x00000003
core   0: 0x800053ca (0xffa00493) li      s1, -6
core   0: 3 0x800053ca (0xffa00493) x 9 0xfffffffa
core   0: 0x800053ce (0x01570fb3) add     t6, a4, s5
core   0: 3 0x800053ce (0x01570fb3) x31 0x085b5f62
core   0: 0x800053d2 (0x00008e21) c.xor   a2, s0
core   0: 3 0x800053d2 (0x8e21) x12 0x00000000
core   0: 0x800053d4 (0x00001f69) c.addi  t5, -6
core   0: 3 0x800053d4 (0x1f69) x30 0xfffffffd
core   0: 0x800053d6 (0xfe9f5ee3) bge     t5, s1, pc - 4
core   0: 3 0x800053d6 (0xfe9f5ee3)
core   0: 0x800053d2 (0x00008e21) c.xor   a2, s0
core   0: 3 0x800053d2 (0x8e21) x12 0x00000000
core   0: 0x800053d4 (0x00001f69) c.addi  t5, -6
core   0: 3 0x800053d4 (0x1f69) x30 0xfffffff7
core   0: 0x800053d6 (0xfe9f5ee3) bge     t5, s1, pc - 4
core   0: 3 0x800053d6 (0xfe9f5ee3)
core   0: 0x800053da (0xff36d2e3) bge     a3, s3, pc - 28
core   0: 3 0x800053da (0xff36d2e3)
core   0: 0x800053de (0x0ff0000f) fence   iorw,iorw
core   0: 3 0x800053de (0x0ff0000f)
core   0: 0x800053e2 (0xffd00493) li      s1, -3
core   0: 3 0x800053e2 (0xffd00493) x 9 0xfffffffd
core   0: 0x800053e6 (0x010490b3) sll     ra, s1, a6
core   0: 3 0x800053e6 (0x010490b3) x 1 0xfffffffd
core   0: 0x800053ea (0x00000001) c.nop
core   0: 3 0x800053ea (0x0001)
core   0: 0x800053ec (0x006a67b3) or      a5, s4, t1
core   0: 3 0x800053ec (0x006a67b3) x15 0x0000001d
core   0: 0x800053f0 (0x00008ed5) c.or    a3, a3
core   0: 3 0x800053f0 (0x8ed5) x13 0xffffffee
core   0: 0x800053f2 (0x000057fd) c.li    a5, -1
core   0: 3 0x800053f2 (0x57fd) x15 0xffffffff
core   0: 0x800053f4 (0x00009b7d) c.andi  a4, -1
core   0: 3 0x800053f4 (0x9b7d) x14 0x00000042
core   0: 0x800053f6 (0x01362f93) slti    t6, a2, 19
core   0: 3 0x800053f6 (0x01362f93) x31 0x00000001
core   0: 0x800053fa (0x00008d99) c.sub   a1, a4
core   0: 3 0x800053fa (0x8d99) x11 0x0affffbe
core   0: 0x800053fc (0x00000e98) c.addi4spn a4, sp, 848
core   0: 3 0x800053fc (0x0e98) x14 0x000006b0
core   0: 0x800053fe (0xfff00e13) li      t3, -1
core   0: 3 0x800053fe (0xfff00e13) x28 0xffffffff
core   0: 0x80005402 (0x00005cfd) c.li    s9, -1
core   0: 3 0x80005402 (0x5cfd) x25 0xffffffff
core   0: 0x80005404 (0x0277a6b3) mulhsu  a3, a5, t2
core   0: 3 0x80005404 (0x0277a6b3) x13 0xffffffff
core   0: 0x80005408 (0x00717133) and     sp, sp, t2
core   0: 3 0x80005408 (0x00717133) x 2 0x00000240
core   0: 0x8000540c (0x03fe8333) mul     t1, t4, t6
core   0: 3 0x8000540c (0x03fe8333) x 6 0x00000001
core   0: 0x80005410 (0x0269e5b3) rem     a1, s3, t1
core   0: 3 0x80005410 (0x0269e5b3) x11 0x00000000
core   0: 0x80005414 (0x015029b3) slt     s3, zero, s5
core   0: 3 0x80005414 (0x015029b3) x19 0x00000001
core   0: 0x80005418 (0x03359433) mulh    s0, a1, s3
core   0: 3 0x80005418 (0x03359433) x 8 0x00000000
core   0: 0x8000541c (0x3042c313) xori    t1, t0, 772
core   0: 3 0x8000541c (0x3042c313) x 6 0x00000305
core   0: 0x80005420 (0x00cece93) xori    t4, t4, 12
core   0: 3 0x80005420 (0x00cece93) x29 0x0000000d
core   0: 0x80005424 (0x00008c15) c.sub   s0, a3
core   0: 3 0x80005424 (0x8c15) x 8 0x00000001
core   0: 0x80005426 (0x0000049d) c.addi  s1, 7
core   0: 3 0x80005426 (0x049d) x 9 0x00000004
core   0: 0x80005428 (0x00459013) slli    zero, a1, 4
core   0: 3 0x80005428 (0x00459013)
core   0: 0x8000542c (0x02ca6b33) rem     s6, s4, a2
core   0: 3 0x8000542c (0x02ca6b33) x22 0x00000014
core   0: 0x80005430 (0x00000a22) c.slli  s4, 8
core   0: 3 0x80005430 (0x0a22) x20 0x00001400
core   0: 0x80005432 (0xffc4c3e3) blt     s1, t3, pc - 26
core   0: 3 0x80005432 (0xffc4c3e3)
core   0: 0x80005436 (0x62e18213) addi    tp, gp, 1582
core   0: 3 0x80005436 (0x62e18213) x 4 0x20009d67
core   0: 0x8000543a (0x00700f93) li      t6, 7
core   0: 3 0x8000543a (0x00700f93) x31 0x00000007
core   0: 0x8000543e (0xde6e25b7) lui     a1, 0xde6e2
core   0: 3 0x8000543e (0xde6e25b7) x11 0xde6e2000
core   0: 0x80005442 (0xa070ed37) lui     s10, 0xa070e
core   0: 3 0x80005442 (0xa070ed37) x26 0xa070e000
core   0: 0x80005446 (0x00008d81) c.sub   a1, s0
core   0: 3 0x80005446 (0x8d81) x11 0xde6e1fff
core   0: 0x80005448 (0x00edb333) sltu    t1, s11, a4
core   0: 3 0x80005448 (0x00edb333) x 6 0x00000000
core   0: 0x8000544c (0x00000304) c.addi4spn s1, sp, 384
core   0: 3 0x8000544c (0x0304) x 9 0x000003c0
core   0: 0x8000544e (0x00200793) li      a5, 2
core   0: 3 0x8000544e (0x00200793) x15 0x00000002
core   0: 0x80005452 (0x03eac5b3) div     a1, s5, t5
core   0: 3 0x80005452 (0x03eac5b3) x11 0xff124ac4
core   0: 0x80005456 (0x000065ad) c.lui   a1, 0xb
core   0: 3 0x80005456 (0x65ad) x11 0x0000b000
core   0: 0x80005458 (0x027915b3) mulh    a1, s2, t2
core   0: 3 0x80005458 (0x027915b3) x11 0xfffffffb
core   0: 0x8000545c (0x00001ffd) c.addi  t6, -1
core   0: 3 0x8000545c (0x1ffd) x31 0x00000006
core   0: 0x8000545e (0x0ff0000f) fence   iorw,iorw
core   0: 3 0x8000545e (0x0ff0000f)
core   0: 0x80005462 (0x00004321) c.li    t1, 8
core   0: 3 0x80005462 (0x4321) x 6 0x00000008
core   0: 0x80005464 (0x00000f00) c.addi4spn s0, sp, 912
core   0: 3 0x80005464 (0x0f00) x 8 0x000005d0
core   0: 0x80005466 (0xfefff6e3) bgeu    t6, a5, pc - 20
core   0: 3 0x80005466 (0xfefff6e3)
core   0: 0x80005452 (0x03eac5b3) div     a1, s5, t5
core   0: 3 0x80005452 (0x03eac5b3) x11 0xff124ac4
core   0: 0x80005456 (0x000065ad) c.lui   a1, 0xb
core   0: 3 0x80005456 (0x65ad) x11 0x0000b000
core   0: 0x80005458 (0x027915b3) mulh    a1, s2, t2
core   0: 3 0x80005458 (0x027915b3) x11 0xfffffffb
core   0: 0x8000545c (0x00001ffd) c.addi  t6, -1
core   0: 3 0x8000545c (0x1ffd) x31 0x00000005
core   0: 0x8000545e (0x0ff0000f) fence   iorw,iorw
core   0: 3 0x8000545e (0x0ff0000f)
core   0: 0x80005462 (0x00004321) c.li    t1, 8
core   0: 3 0x80005462 (0x4321) x 6 0x00000008
core   0: 0x80005464 (0x00000f00) c.addi4spn s0, sp, 912
core   0: 3 0x80005464 (0x0f00) x 8 0x000005d0
core   0: 0x80005466 (0xfefff6e3) bgeu    t6, a5, pc - 20
core   0: 3 0x80005466 (0xfefff6e3)
core   0: 0x80005452 (0x03eac5b3) div     a1, s5, t5
core   0: 3 0x80005452 (0x03eac5b3) x11 0xff124ac4
core   0: 0x80005456 (0x000065ad) c.lui   a1, 0xb
core   0: 3 0x80005456 (0x65ad) x11 0x0000b000
core   0: 0x80005458 (0x027915b3) mulh    a1, s2, t2
core   0: 3 0x80005458 (0x027915b3) x11 0xfffffffb
core   0: 0x8000545c (0x00001ffd) c.addi  t6, -1
core   0: 3 0x8000545c (0x1ffd) x31 0x00000004
core   0: 0x8000545e (0x0ff0000f) fence   iorw,iorw
core   0: 3 0x8000545e (0x0ff0000f)
core   0: 0x80005462 (0x00004321) c.li    t1, 8
core   0: 3 0x80005462 (0x4321) x 6 0x00000008
core   0: 0x80005464 (0x00000f00) c.addi4spn s0, sp, 912
core   0: 3 0x80005464 (0x0f00) x 8 0x000005d0
core   0: 0x80005466 (0xfefff6e3) bgeu    t6, a5, pc - 20
core   0: 3 0x80005466 (0xfefff6e3)
core   0: 0x80005452 (0x03eac5b3) div     a1, s5, t5
core   0: 3 0x80005452 (0x03eac5b3) x11 0xff124ac4
core   0: 0x80005456 (0x000065ad) c.lui   a1, 0xb
core   0: 3 0x80005456 (0x65ad) x11 0x0000b000
core   0: 0x80005458 (0x027915b3) mulh    a1, s2, t2
core   0: 3 0x80005458 (0x027915b3) x11 0xfffffffb
core   0: 0x8000545c (0x00001ffd) c.addi  t6, -1
core   0: 3 0x8000545c (0x1ffd) x31 0x00000003
core   0: 0x8000545e (0x0ff0000f) fence   iorw,iorw
core   0: 3 0x8000545e (0x0ff0000f)
core   0: 0x80005462 (0x00004321) c.li    t1, 8
core   0: 3 0x80005462 (0x4321) x 6 0x00000008
core   0: 0x80005464 (0x00000f00) c.addi4spn s0, sp, 912
core   0: 3 0x80005464 (0x0f00) x 8 0x000005d0
core   0: 0x80005466 (0xfefff6e3) bgeu    t6, a5, pc - 20
core   0: 3 0x80005466 (0xfefff6e3)
core   0: 0x80005452 (0x03eac5b3) div     a1, s5, t5
core   0: 3 0x80005452 (0x03eac5b3) x11 0xff124ac4
core   0: 0x80005456 (0x000065ad) c.lui   a1, 0xb
core   0: 3 0x80005456 (0x65ad) x11 0x0000b000
core   0: 0x80005458 (0x027915b3) mulh    a1, s2, t2
core   0: 3 0x80005458 (0x027915b3) x11 0xfffffffb
core   0: 0x8000545c (0x00001ffd) c.addi  t6, -1
core   0: 3 0x8000545c (0x1ffd) x31 0x00000002
core   0: 0x8000545e (0x0ff0000f) fence   iorw,iorw
core   0: 3 0x8000545e (0x0ff0000f)
core   0: 0x80005462 (0x00004321) c.li    t1, 8
core   0: 3 0x80005462 (0x4321) x 6 0x00000008
core   0: 0x80005464 (0x00000f00) c.addi4spn s0, sp, 912
core   0: 3 0x80005464 (0x0f00) x 8 0x000005d0
core   0: 0x80005466 (0xfefff6e3) bgeu    t6, a5, pc - 20
core   0: 3 0x80005466 (0xfefff6e3)
core   0: 0x80005452 (0x03eac5b3) div     a1, s5, t5
core   0: 3 0x80005452 (0x03eac5b3) x11 0xff124ac4
core   0: 0x80005456 (0x000065ad) c.lui   a1, 0xb
core   0: 3 0x80005456 (0x65ad) x11 0x0000b000
core   0: 0x80005458 (0x027915b3) mulh    a1, s2, t2
core   0: 3 0x80005458 (0x027915b3) x11 0xfffffffb
core   0: 0x8000545c (0x00001ffd) c.addi  t6, -1
core   0: 3 0x8000545c (0x1ffd) x31 0x00000001
core   0: 0x8000545e (0x0ff0000f) fence   iorw,iorw
core   0: 3 0x8000545e (0x0ff0000f)
core   0: 0x80005462 (0x00004321) c.li    t1, 8
core   0: 3 0x80005462 (0x4321) x 6 0x00000008
core   0: 0x80005464 (0x00000f00) c.addi4spn s0, sp, 912
core   0: 3 0x80005464 (0x0f00) x 8 0x000005d0
core   0: 0x80005466 (0xfefff6e3) bgeu    t6, a5, pc - 20
core   0: 3 0x80005466 (0xfefff6e3)
core   0: 0x8000546a (0x8e6f8193) addi    gp, t6, -1818
core   0: 3 0x8000546a (0x8e6f8193) x 3 0xfffff8e7
core   0: 0x8000546e (0x00900413) li      s0, 9
core   0: 3 0x8000546e (0x00900413) x 8 0x00000009
core   0: 0x80005472 (0x0323bcb3) mulhu   s9, t2, s2
core   0: 3 0x80005472 (0x0323bcb3) x25 0x00000004
core   0: 0x80005476 (0x013287b3) add     a5, t0, s3
core   0: 3 0x80005476 (0x013287b3) x15 0x00000002
core   0: 0x8000547a (0x00900a13) li      s4, 9
core   0: 3 0x8000547a (0x00900a13) x20 0x00000009
core   0: 0x8000547e (0x00006ef5) c.lui   t4, 0x1d
core   0: 3 0x8000547e (0x6ef5) x29 0x0001d000
core   0: 0x80005480 (0x0000146d) c.addi  s0, -5
core   0: 3 0x80005480 (0x146d) x 8 0x00000004
core   0: 0x80005482 (0x00900713) li      a4, 9
core   0: 3 0x80005482 (0x00900713) x14 0x00000009
core   0: 0x80005486 (0x41975d13) srai    s10, a4, 25
core   0: 3 0x80005486 (0x41975d13) x26 0x00000000
core   0: 0x8000548a (0x00700193) li      gp, 7
core   0: 3 0x8000548a (0x00700193) x 3 0x00000007
core   0: 0x8000548e (0x0317bf33) mulhu   t5, a5, a7
core   0: 3 0x8000548e (0x0317bf33) x30 0x00000000
core   0: 0x80005492 (0x000049bd) c.li    s3, 15
core   0: 3 0x80005492 (0x49bd) x19 0x0000000f
core   0: 0x80005494 (0x00001779) c.addi  a4, -2
core   0: 3 0x80005494 (0x1779) x14 0x00000007
core   0: 0x80005496 (0xfe377ce3) bgeu    a4, gp, pc - 8
core   0: 3 0x80005496 (0xfe377ce3)
core   0: 0x8000548e (0x0317bf33) mulhu   t5, a5, a7
core   0: 3 0x8000548e (0x0317bf33) x30 0x00000000
core   0: 0x80005492 (0x000049bd) c.li    s3, 15
core   0: 3 0x80005492 (0x49bd) x19 0x0000000f
core   0: 0x80005494 (0x00001779) c.addi  a4, -2
core   0: 3 0x80005494 (0x1779) x14 0x00000005
core   0: 0x80005496 (0xfe377ce3) bgeu    a4, gp, pc - 8
core   0: 3 0x80005496 (0xfe377ce3)
core   0: 0x8000549a (0xff4452e3) bge     s0, s4, pc - 28
core   0: 3 0x8000549a (0xff4452e3)
core   0: 0x8000549e (0x11860e13) addi    t3, a2, 280
core   0: 3 0x8000549e (0x11860e13) x28 0x00000118
core   0: 0x800054a2 (0xff600c93) li      s9, -10
core   0: 3 0x800054a2 (0xff600c93) x25 0xfffffff6
core   0: 0x800054a6 (0x0190ea33) or      s4, ra, s9
core   0: 3 0x800054a6 (0x0190ea33) x20 0xffffffff
core   0: 0x800054aa (0x00000413) li      s0, 0
core   0: 3 0x800054aa (0x00000413) x 8 0x00000000
core   0: 0x800054ae (0x00008e31) c.xor   a2, a2
core   0: 3 0x800054ae (0x8e31) x12 0x00000000
core   0: 0x800054b0 (0x01b95213) srli    tp, s2, 27
core   0: 3 0x800054b0 (0x01b95213) x 4 0x00000000
core   0: 0x800054b4 (0x00000c85) c.addi  s9, 1
core   0: 3 0x800054b4 (0x0c85) x25 0xfffffff7
core   0: 0x800054b6 (0x09e11e97) auipc   t4, 0x9e11
core   0: 3 0x800054b6 (0x09e11e97) x29 0x89e164b6
core   0: 0x800054ba (0x00200713) li      a4, 2
core   0: 3 0x800054ba (0x00200713) x14 0x00000002
core   0: 0x800054be (0x9bdfa593) slti    a1, t6, -1603
core   0: 3 0x800054be (0x9bdfa593) x11 0x00000000
core   0: 0x800054c2 (0x00001ffd) c.addi  t6, -1
core   0: 3 0x800054c2 (0x1ffd) x31 0x00000000
core   0: 0x800054c4 (0xff800913) li      s2, -8
core   0: 3 0x800054c4 (0xff800913) x18 0xfffffff8
core   0: 0x800054c8 (0x4f13f593) andi    a1, t2, 1265
core   0: 3 0x800054c8 (0x4f13f593) x11 0x00000040
core   0: 0x800054cc (0x00000001) c.nop
core   0: 3 0x800054cc (0x0001)
core   0: 0x800054ce (0x0eb32d13) slti    s10, t1, 235
core   0: 3 0x800054ce (0x0eb32d13) x26 0x00000001
core   0: 0x800054d2 (0x000081a5) c.srli  a1, 9
core   0: 3 0x800054d2 (0x81a5) x11 0x00000000
core   0: 0x800054d4 (0x000080a5) c.srli  s1, 9
core   0: 3 0x800054d4 (0x80a5) x 9 0x00000001
core   0: 0x800054d6 (0x00008e65) c.and   a2, s1
core   0: 3 0x800054d6 (0x8e65) x12 0x00000000
core   0: 0x800054d8 (0x0060d233) srl     tp, ra, t1
core   0: 3 0x800054d8 (0x0060d233) x 4 0x00ffffff
core   0: 0x800054dc (0x0000176d) c.addi  a4, -5
core   0: 3 0x800054dc (0x176d) x14 0xfffffffd
core   0: 0x800054de (0xff2708e3) beq     a4, s2, pc - 16
core   0: 3 0x800054de (0xff2708e3)
core   0: 0x800054e2 (0x000004dd) c.addi  s1, 23
core   0: 3 0x800054e2 (0x04dd) x 9 0x00000018
core   0: 0x800054e4 (0x0ff0000f) fence   iorw,iorw
core   0: 3 0x800054e4 (0x0ff0000f)
core   0: 0x800054e8 (0x000080b9) c.srli  s1, 14
core   0: 3 0x800054e8 (0x80b9) x 9 0x00000000
core   0: 0x800054ea (0x00009886) c.add   a7, ra
core   0: 3 0x800054ea (0x9886) x17 0x6ebcdafd
core   0: 0x800054ec (0xfc8c81e3) beq     s9, s0, pc - 62
core   0: 3 0x800054ec (0xfc8c81e3)
core   0: 0x800054f0 (0x96bbc393) xori    t2, s7, -1685
core   0: 3 0x800054f0 (0x96bbc393) x 7 0xfffff972
core   0: 0x800054f4 (0x00300693) li      a3, 3
core   0: 3 0x800054f4 (0x00300693) x13 0x00000003
core   0: 0x800054f8 (0x02d4b7b3) mulhu   a5, s1, a3
core   0: 3 0x800054f8 (0x02d4b7b3) x15 0x00000000
core   0: 0x800054fc (0x00000001) c.nop
core   0: 3 0x800054fc (0x0001)
core   0: 0x800054fe (0x00009b7d) c.andi  a4, -1
core   0: 3 0x800054fe (0x9b7d) x14 0xfffffffd
core   0: 0x80005500 (0x008ed0b3) srl     ra, t4, s0
core   0: 3 0x80005500 (0x008ed0b3) x 1 0x89e164b6
core   0: 0x80005504 (0x000016f5) c.addi  a3, -3
core   0: 3 0x80005504 (0x16f5) x13 0x00000000
core   0: 0x80005506 (0x00600b13) li      s6, 6
core   0: 3 0x80005506 (0x00600b13) x22 0x00000006
core   0: 0x8000550a (0x03d5d2b3) divu    t0, a1, t4
core   0: 3 0x8000550a (0x03d5d2b3) x 5 0x00000000
core   0: 0x8000550e (0x00a00813) li      a6, 10
core   0: 3 0x8000550e (0x00a00813) x16 0x0000000a
core   0: 0x80005512 (0x02e6ed33) rem     s10, a3, a4
core   0: 3 0x80005512 (0x02e6ed33) x26 0x00000000
core   0: 0x80005516 (0x00000b05) c.addi  s6, 1
core   0: 3 0x80005516 (0x0b05) x22 0x00000007
core   0: 0x80005518 (0xff0b1de3) bne     s6, a6, pc - 6
core   0: 3 0x80005518 (0xff0b1de3)
core   0: 0x80005512 (0x02e6ed33) rem     s10, a3, a4
core   0: 3 0x80005512 (0x02e6ed33) x26 0x00000000
core   0: 0x80005516 (0x00000b05) c.addi  s6, 1
core   0: 3 0x80005516 (0x0b05) x22 0x00000008
core   0: 0x80005518 (0xff0b1de3) bne     s6, a6, pc - 6
core   0: 3 0x80005518 (0xff0b1de3)
core   0: 0x80005512 (0x02e6ed33) rem     s10, a3, a4
core   0: 3 0x80005512 (0x02e6ed33) x26 0x00000000
core   0: 0x80005516 (0x00000b05) c.addi  s6, 1
core   0: 3 0x80005516 (0x0b05) x22 0x00000009
core   0: 0x80005518 (0xff0b1de3) bne     s6, a6, pc - 6
core   0: 3 0x80005518 (0xff0b1de3)
core   0: 0x80005512 (0x02e6ed33) rem     s10, a3, a4
core   0: 3 0x80005512 (0x02e6ed33) x26 0x00000000
core   0: 0x80005516 (0x00000b05) c.addi  s6, 1
core   0: 3 0x80005516 (0x0b05) x22 0x0000000a
core   0: 0x80005518 (0xff0b1de3) bne     s6, a6, pc - 6
core   0: 3 0x80005518 (0xff0b1de3)
core   0: 0x8000551c (0x0000d2ed) c.beqz  a3, pc - 30
core   0: 3 0x8000551c (0xd2ed)
core   0: 0x800054fe (0x00009b7d) c.andi  a4, -1
core   0: 3 0x800054fe (0x9b7d) x14 0xfffffffd
core   0: 0x80005500 (0x008ed0b3) srl     ra, t4, s0
core   0: 3 0x80005500 (0x008ed0b3) x 1 0x89e164b6
core   0: 0x80005504 (0x000016f5) c.addi  a3, -3
core   0: 3 0x80005504 (0x16f5) x13 0xfffffffd
core   0: 0x80005506 (0x00600b13) li      s6, 6
core   0: 3 0x80005506 (0x00600b13) x22 0x00000006
core   0: 0x8000550a (0x03d5d2b3) divu    t0, a1, t4
core   0: 3 0x8000550a (0x03d5d2b3) x 5 0x00000000
core   0: 0x8000550e (0x00a00813) li      a6, 10
core   0: 3 0x8000550e (0x00a00813) x16 0x0000000a
core   0: 0x80005512 (0x02e6ed33) rem     s10, a3, a4
core   0: 3 0x80005512 (0x02e6ed33) x26 0x00000000
core   0: 0x80005516 (0x00000b05) c.addi  s6, 1
core   0: 3 0x80005516 (0x0b05) x22 0x00000007
core   0: 0x80005518 (0xff0b1de3) bne     s6, a6, pc - 6
core   0: 3 0x80005518 (0xff0b1de3)
core   0: 0x80005512 (0x02e6ed33) rem     s10, a3, a4
core   0: 3 0x80005512 (0x02e6ed33) x26 0x00000000
core   0: 0x80005516 (0x00000b05) c.addi  s6, 1
core   0: 3 0x80005516 (0x0b05) x22 0x00000008
core   0: 0x80005518 (0xff0b1de3) bne     s6, a6, pc - 6
core   0: 3 0x80005518 (0xff0b1de3)
core   0: 0x80005512 (0x02e6ed33) rem     s10, a3, a4
core   0: 3 0x80005512 (0x02e6ed33) x26 0x00000000
core   0: 0x80005516 (0x00000b05) c.addi  s6, 1
core   0: 3 0x80005516 (0x0b05) x22 0x00000009
core   0: 0x80005518 (0xff0b1de3) bne     s6, a6, pc - 6
core   0: 3 0x80005518 (0xff0b1de3)
core   0: 0x80005512 (0x02e6ed33) rem     s10, a3, a4
core   0: 3 0x80005512 (0x02e6ed33) x26 0x00000000
core   0: 0x80005516 (0x00000b05) c.addi  s6, 1
core   0: 3 0x80005516 (0x0b05) x22 0x0000000a
core   0: 0x80005518 (0xff0b1de3) bne     s6, a6, pc - 6
core   0: 3 0x80005518 (0xff0b1de3)
core   0: 0x8000551c (0x0000d2ed) c.beqz  a3, pc - 30
core   0: 3 0x8000551c (0xd2ed)
core   0: 0x8000551e (0x00a4d0b3) srl     ra, s1, a0
core   0: 3 0x8000551e (0x00a4d0b3) x 1 0x00000000
core   0: 0x80005522 (0x00700793) li      a5, 7
core   0: 3 0x80005522 (0x00700793) x15 0x00000007
core   0: 0x80005526 (0x02847fb3) remu    t6, s0, s0
core   0: 3 0x80005526 (0x02847fb3) x31 0x00000000
core   0: 0x8000552a (0x000005ae) c.slli  a1, 11
core   0: 3 0x8000552a (0x05ae) x11 0x00000000
core   0: 0x8000552c (0x02d39733) mulh    a4, t2, a3
core   0: 3 0x8000552c (0x02d39733) x14 0x00000000
core   0: 0x80005530 (0x00a00493) li      s1, 10
core   0: 3 0x80005530 (0x00a00493) x 9 0x0000000a
core   0: 0x80005534 (0x9a8f8013) addi    zero, t6, -1624
core   0: 3 0x80005534 (0x9a8f8013)
core   0: 0x80005538 (0x01530f33) add     t5, t1, s5
core   0: 3 0x80005538 (0x01530f33) x30 0x085b5f28
core   0: 0x8000553c (0x0ff0000f) fence   iorw,iorw
core   0: 3 0x8000553c (0x0ff0000f)
core   0: 0x80005540 (0x000007a5) c.addi  a5, 9
core   0: 3 0x80005540 (0x07a5) x15 0x00000010
core   0: 0x80005542 (0x2630fc93) andi    s9, ra, 611
core   0: 3 0x80005542 (0x2630fc93) x25 0x00000000
core   0: 0x80005546 (0x02ad3eb3) mulhu   t4, s10, a0
core   0: 3 0x80005546 (0x02ad3eb3) x29 0x00000000
core   0: 0x8000554a (0x0000717d) c.addi16sp sp, -16
core   0: 3 0x8000554a (0x717d) x 2 0x00000230
core   0: 0x8000554c (0x0000917e) c.add   sp, t6
core   0: 3 0x8000554c (0x917e) x 2 0x00000230
core   0: 0x8000554e (0x03048233) mul     tp, s1, a6
core   0: 3 0x8000554e (0x03048233) x 4 0x00000064
core   0: 0x80005552 (0x00004e8d) c.li    t4, 3
core   0: 3 0x80005552 (0x4e8d) x29 0x00000003
core   0: 0x80005554 (0x01b5ebb3) or      s7, a1, s11
core   0: 3 0x80005554 (0x01b5ebb3) x23 0x80025ce4
core   0: 0x80005558 (0xfe97e0e3) bltu    a5, s1, pc - 32
core   0: 3 0x80005558 (0xfe97e0e3)
core   0: 0x8000555c (0x02e27eb3) remu    t4, tp, a4
core   0: 3 0x8000555c (0x02e27eb3) x29 0x00000064
core   0: 0x80005560 (0xff600a13) li      s4, -10
core   0: 3 0x80005560 (0xff600a13) x20 0xfffffff6
core   0: 0x80005564 (0x00900293) li      t0, 9
core   0: 3 0x80005564 (0x00900293) x 5 0x00000009
core   0: 0x80005568 (0x01c758b3) srl     a7, a4, t3
core   0: 3 0x80005568 (0x01c758b3) x17 0x00000000
core   0: 0x8000556c (0x88e44f13) xori    t5, s0, -1906
core   0: 3 0x8000556c (0x88e44f13) x30 0xfffff88e
core   0: 0x80005570 (0x00000a21) c.addi  s4, 8
core   0: 3 0x80005570 (0x0a21) x20 0xfffffffe
core   0: 0x80005572 (0xfe5a6de3) bltu    s4, t0, pc - 6
core   0: 3 0x80005572 (0xfe5a6de3)
core   0: 0x80005576 (0x000084e9) c.srai  s1, 26
core   0: 3 0x80005576 (0x84e9) x 9 0x00000000
core   0: 0x80005578 (0x00600593) li      a1, 6
core   0: 3 0x80005578 (0x00600593) x11 0x00000006
core   0: 0x8000557c (0x00a45313) srli    t1, s0, 10
core   0: 3 0x8000557c (0x00a45313) x 6 0x00000000
core   0: 0x80005580 (0x00000818) c.addi4spn a4, sp, 16
core   0: 3 0x80005580 (0x0818) x14 0x00000240
core   0: 0x80005582 (0x015d6d33) or      s10, s10, s5
core   0: 3 0x80005582 (0x015d6d33) x26 0x085b5f20
core   0: 0x80005586 (0x00000bf6) c.slli  s7, 29
core   0: 3 0x80005586 (0x0bf6) x23 0x80000000
core   0: 0x80005588 (0x00000bbd) c.addi  s7, 15
core   0: 3 0x80005588 (0x0bbd) x23 0x8000000f
core   0: 0x8000558a (0x009a4733) xor     a4, s4, s1
core   0: 3 0x8000558a (0x009a4733) x14 0xfffffffe
core   0: 0x8000558e (0x00600813) li      a6, 6
core   0: 3 0x8000558e (0x00600813) x16 0x00000006
core   0: 0x80005592 (0xd3754a13) xori    s4, a0, -713
core   0: 3 0x80005592 (0xd3754a13) x20 0x7ffde31b
core   0: 0x80005596 (0x0000100f) fence.i
core   0: 3 0x80005596 (0x0000100f)
core   0: 0x8000559a (0x000015f1) c.addi  a1, -4
core   0: 3 0x8000559a (0x15f1) x11 0x00000002
core   0: 0x8000559c (0x00000292) c.slli  t0, 4
core   0: 3 0x8000559c (0x0292) x 5 0x00000090
core   0: 0x8000559e (0x0066eb33) or      s6, a3, t1
core   0: 3 0x8000559e (0x0066eb33) x22 0xfffffffd
core   0: 0x800055a2 (0x000091a2) c.add   gp, s0
core   0: 3 0x800055a2 (0x91a2) x 3 0x00000007
core   0: 0x800055a4 (0x0e5fa113) slti    sp, t6, 229
core   0: 3 0x800055a4 (0x0e5fa113) x 2 0x00000001
core   0: 0x800055a8 (0x00005f7d) c.li    t5, -1
core   0: 3 0x800055a8 (0x5f7d) x30 0xffffffff
core   0: 0x800055aa (0x02151933) mulh    s2, a0, ra
core   0: 3 0x800055aa (0x02151933) x18 0x00000000
core   0: 0x800055ae (0x898cb613) sltiu   a2, s9, -1896
core   0: 3 0x800055ae (0x898cb613) x12 0x00000001
core   0: 0x800055b2 (0x64e48d17) auipc   s10, 0x64e48
core   0: 3 0x800055b2 (0x64e48d17) x26 0xe4e4d5b2
core   0: 0x800055b6 (0xd36dfc93) andi    s9, s11, -714
core   0: 3 0x800055b6 (0xd36dfc93) x25 0x80025c24
core   0: 0x800055ba (0x0245e433) rem     s0, a1, tp
core   0: 3 0x800055ba (0x0245e433) x 8 0x00000002
core   0: 0x800055be (0x0000197d) c.addi  s2, -1
core   0: 3 0x800055be (0x197d) x18 0xffffffff
core   0: 0x800055c0 (0x000004c6) c.slli  s1, 17
core   0: 3 0x800055c0 (0x04c6) x 9 0x00000000
core   0: 0x800055c2 (0x000099b2) c.add   s3, a2
core   0: 3 0x800055c2 (0x99b2) x19 0x00000010
core   0: 0x800055c4 (0x037f5733) divu    a4, t5, s7
core   0: 3 0x800055c4 (0x037f5733) x14 0x00000001
core   0: 0x800055c8 (0x0000100f) fence.i
core   0: 3 0x800055c8 (0x0000100f)
core   0: 0x800055cc (0xfd05f3e3) bgeu    a1, a6, pc - 58
core   0: 3 0x800055cc (0xfd05f3e3)
core   0: 0x800055d0 (0x00006145) c.addi16sp sp, 48
core   0: 3 0x800055d0 (0x6145) x 2 0x00000031
core   0: 0x800055d2 (0xff800793) li      a5, -8
core   0: 3 0x800055d2 (0xff800793) x15 0xfffffff8
core   0: 0x800055d6 (0x01000f93) li      t6, 16
core   0: 3 0x800055d6 (0x01000f93) x31 0x00000010
core   0: 0x800055da (0x0305bc33) mulhu   s8, a1, a6
core   0: 3 0x800055da (0x0305bc33) x24 0x00000000
core   0: 0x800055de (0x00000001) c.nop
core   0: 3 0x800055de (0x0001)
core   0: 0x800055e0 (0x00000791) c.addi  a5, 4
core   0: 3 0x800055e0 (0x0791) x15 0xfffffffc
core   0: 0x800055e2 (0x016ead33) slt     s10, t4, s6
core   0: 3 0x800055e2 (0x016ead33) x26 0x00000000
core   0: 0x800055e6 (0xff900413) li      s0, -7
core   0: 3 0x800055e6 (0xff900413) x 8 0xfffffff9
core   0: 0x800055ea (0x0000100f) fence.i
core   0: 3 0x800055ea (0x0000100f)
core   0: 0x800055ee (0x00800f13) li      t5, 8
core   0: 3 0x800055ee (0x00800f13) x30 0x00000008
core   0: 0x800055f2 (0x0000188c) c.addi4spn a1, sp, 112
core   0: 3 0x800055f2 (0x188c) x11 0x000000a1
core   0: 0x800055f4 (0x0329a033) mulhsu  zero, s3, s2
core   0: 3 0x800055f4 (0x0329a033)
core   0: 0x800055f8 (0x00000411) c.addi  s0, 4
core   0: 3 0x800055f8 (0x0411) x 8 0xfffffffd
core   0: 0x800055fa (0xffe44de3) blt     s0, t5, pc - 6
core   0: 3 0x800055fa (0xffe44de3)
core   0: 0x800055f4 (0x0329a033) mulhsu  zero, s3, s2
core   0: 3 0x800055f4 (0x0329a033)
core   0: 0x800055f8 (0x00000411) c.addi  s0, 4
core   0: 3 0x800055f8 (0x0411) x 8 0x00000001
core   0: 0x800055fa (0xffe44de3) blt     s0, t5, pc - 6
core   0: 3 0x800055fa (0xffe44de3)
core   0: 0x800055f4 (0x0329a033) mulhsu  zero, s3, s2
core   0: 3 0x800055f4 (0x0329a033)
core   0: 0x800055f8 (0x00000411) c.addi  s0, 4
core   0: 3 0x800055f8 (0x0411) x 8 0x00000005
core   0: 0x800055fa (0xffe44de3) blt     s0, t5, pc - 6
core   0: 3 0x800055fa (0xffe44de3)
core   0: 0x800055f4 (0x0329a033) mulhsu  zero, s3, s2
core   0: 3 0x800055f4 (0x0329a033)
core   0: 0x800055f8 (0x00000411) c.addi  s0, 4
core   0: 3 0x800055f8 (0x0411) x 8 0x00000009
core   0: 0x800055fa (0xffe44de3) blt     s0, t5, pc - 6
core   0: 3 0x800055fa (0xffe44de3)
core   0: 0x800055fe (0x8feca637) lui     a2, 0x8feca
core   0: 3 0x800055fe (0x8feca637) x12 0x8feca000
core   0: 0x80005602 (0x00008779) c.srai  a4, 30
core   0: 3 0x80005602 (0x8779) x14 0x00000000
core   0: 0x80005604 (0xfdf78be3) beq     a5, t6, pc - 42
core   0: 3 0x80005604 (0xfdf78be3)
core   0: 0x80005608 (0x0197d833) srl     a6, a5, s9
core   0: 3 0x80005608 (0x0197d833) x16 0x0fffffff
core   0: 0x8000560c (0x00600893) li      a7, 6
core   0: 3 0x8000560c (0x00600893) x17 0x00000006
core   0: 0x80005610 (0x00600413) li      s0, 6
core   0: 3 0x80005610 (0x00600413) x 8 0x00000006
core   0: 0x80005614 (0x00008ba1) c.andi  a5, 8
core   0: 3 0x80005614 (0x8ba1) x15 0x00000008
core   0: 0x80005616 (0x03a5ce33) div     t3, a1, s10
core   0: 3 0x80005616 (0x03a5ce33) x28 0xffffffff
core   0: 0x8000561a (0x000018ed) c.addi  a7, -5
core   0: 3 0x8000561a (0x18ed) x17 0x00000001
core   0: 0x8000561c (0x031e39b3) mulhu   s3, t3, a7
core   0: 3 0x8000561c (0x031e39b3) x19 0x00000000
core   0: 0x80005620 (0x000080de) c.mv    ra, s7
core   0: 3 0x80005620 (0x80de) x 1 0x8000000f
core   0: 0x80005622 (0xffa00693) li      a3, -6
core   0: 3 0x80005622 (0xffa00693) x13 0xfffffffa
core   0: 0x80005626 (0x007f2bb3) slt     s7, t5, t2
core   0: 3 0x80005626 (0x007f2bb3) x23 0x00000000
core   0: 0x8000562a (0x0078ecb3) or      s9, a7, t2
core   0: 3 0x8000562a (0x0078ecb3) x25 0xfffff973
core   0: 0x8000562e (0xffe00293) li      t0, -2
core   0: 3 0x8000562e (0xffe00293) x 5 0xfffffffe
core   0: 0x80005632 (0x00008cad) c.xor   s1, a1
core   0: 3 0x80005632 (0x8cad) x 9 0x000000a1
core   0: 0x80005634 (0x00006139) c.addi16sp sp, 448
core   0: 3 0x80005634 (0x6139) x 2 0x000001f1
core   0: 0x80005636 (0x000085ee) c.mv    a1, s11
core   0: 3 0x80005636 (0x85ee) x11 0x80025ce4
core   0: 0x80005638 (0x0000911e) c.add   sp, t2
core   0: 3 0x80005638 (0x911e) x 2 0xfffffb63
core   0: 0x8000563a (0x00008e7d) c.and   a2, a5
core   0: 3 0x8000563a (0x8e7d) x12 0x00000000
core   0: 0x8000563c (0x00000001) c.nop
core   0: 3 0x8000563c (0x0001)
core   0: 0x8000563e (0x00000001) c.nop
core   0: 3 0x8000563e (0x0001)
core   0: 0x80005640 (0x00008f11) c.sub   a4, a2
core   0: 3 0x80005640 (0x8f11) x14 0x00000000
core   0: 0x80005642 (0x00000685) c.addi  a3, 1
core   0: 3 0x80005642 (0x0685) x13 0xfffffffb
core   0: 0x80005644 (0x00caba33) sltu    s4, s5, a2
core   0: 3 0x80005644 (0x00caba33) x20 0x00000000
core   0: 0x80005648 (0x00008cbd) c.xor   s1, a5
core   0: 3 0x80005648 (0x8cbd) x 9 0x000000a9
core   0: 0x8000564a (0x0167c0b3) xor     ra, a5, s6
core   0: 3 0x8000564a (0x0167c0b3) x 1 0xfffffff5
core   0: 0x8000564e (0x00000001) c.nop
core   0: 3 0x8000564e (0x0001)
core   0: 0x80005650 (0xfe5693e3) bne     a3, t0, pc - 26
core   0: 3 0x80005650 (0xfe5693e3)
core   0: 0x80005636 (0x000085ee) c.mv    a1, s11
core   0: 3 0x80005636 (0x85ee) x11 0x80025ce4
core   0: 0x80005638 (0x0000911e) c.add   sp, t2
core   0: 3 0x80005638 (0x911e) x 2 0xfffff4d5
core   0: 0x8000563a (0x00008e7d) c.and   a2, a5
core   0: 3 0x8000563a (0x8e7d) x12 0x00000000
core   0: 0x8000563c (0x00000001) c.nop
core   0: 3 0x8000563c (0x0001)
core   0: 0x8000563e (0x00000001) c.nop
core   0: 3 0x8000563e (0x0001)
core   0: 0x80005640 (0x00008f11) c.sub   a4, a2
core   0: 3 0x80005640 (0x8f11) x14 0x00000000
core   0: 0x80005642 (0x00000685) c.addi  a3, 1
core   0: 3 0x80005642 (0x0685) x13 0xfffffffc
core   0: 0x80005644 (0x00caba33) sltu    s4, s5, a2
core   0: 3 0x80005644 (0x00caba33) x20 0x00000000
core   0: 0x80005648 (0x00008cbd) c.xor   s1, a5
core   0: 3 0x80005648 (0x8cbd) x 9 0x000000a1
core   0: 0x8000564a (0x0167c0b3) xor     ra, a5, s6
core   0: 3 0x8000564a (0x0167c0b3) x 1 0xfffffff5
core   0: 0x8000564e (0x00000001) c.nop
core   0: 3 0x8000564e (0x0001)
core   0: 0x80005650 (0xfe5693e3) bne     a3, t0, pc - 26
core   0: 3 0x80005650 (0xfe5693e3)
core   0: 0x80005636 (0x000085ee) c.mv    a1, s11
core   0: 3 0x80005636 (0x85ee) x11 0x80025ce4
core   0: 0x80005638 (0x0000911e) c.add   sp, t2
core   0: 3 0x80005638 (0x911e) x 2 0xffffee47
core   0: 0x8000563a (0x00008e7d) c.and   a2, a5
core   0: 3 0x8000563a (0x8e7d) x12 0x00000000
core   0: 0x8000563c (0x00000001) c.nop
core   0: 3 0x8000563c (0x0001)
core   0: 0x8000563e (0x00000001) c.nop
core   0: 3 0x8000563e (0x0001)
core   0: 0x80005640 (0x00008f11) c.sub   a4, a2
core   0: 3 0x80005640 (0x8f11) x14 0x00000000
core   0: 0x80005642 (0x00000685) c.addi  a3, 1
core   0: 3 0x80005642 (0x0685) x13 0xfffffffd
core   0: 0x80005644 (0x00caba33) sltu    s4, s5, a2
core   0: 3 0x80005644 (0x00caba33) x20 0x00000000
core   0: 0x80005648 (0x00008cbd) c.xor   s1, a5
core   0: 3 0x80005648 (0x8cbd) x 9 0x000000a9
core   0: 0x8000564a (0x0167c0b3) xor     ra, a5, s6
core   0: 3 0x8000564a (0x0167c0b3) x 1 0xfffffff5
core   0: 0x8000564e (0x00000001) c.nop
core   0: 3 0x8000564e (0x0001)
core   0: 0x80005650 (0xfe5693e3) bne     a3, t0, pc - 26
core   0: 3 0x80005650 (0xfe5693e3)
core   0: 0x80005636 (0x000085ee) c.mv    a1, s11
core   0: 3 0x80005636 (0x85ee) x11 0x80025ce4
core   0: 0x80005638 (0x0000911e) c.add   sp, t2
core   0: 3 0x80005638 (0x911e) x 2 0xffffe7b9
core   0: 0x8000563a (0x00008e7d) c.and   a2, a5
core   0: 3 0x8000563a (0x8e7d) x12 0x00000000
core   0: 0x8000563c (0x00000001) c.nop
core   0: 3 0x8000563c (0x0001)
core   0: 0x8000563e (0x00000001) c.nop
core   0: 3 0x8000563e (0x0001)
core   0: 0x80005640 (0x00008f11) c.sub   a4, a2
core   0: 3 0x80005640 (0x8f11) x14 0x00000000
core   0: 0x80005642 (0x00000685) c.addi  a3, 1
core   0: 3 0x80005642 (0x0685) x13 0xfffffffe
core   0: 0x80005644 (0x00caba33) sltu    s4, s5, a2
core   0: 3 0x80005644 (0x00caba33) x20 0x00000000
core   0: 0x80005648 (0x00008cbd) c.xor   s1, a5
core   0: 3 0x80005648 (0x8cbd) x 9 0x000000a1
core   0: 0x8000564a (0x0167c0b3) xor     ra, a5, s6
core   0: 3 0x8000564a (0x0167c0b3) x 1 0xfffffff5
core   0: 0x8000564e (0x00000001) c.nop
core   0: 3 0x8000564e (0x0001)
core   0: 0x80005650 (0xfe5693e3) bne     a3, t0, pc - 26
core   0: 3 0x80005650 (0xfe5693e3)
core   0: 0x80005654 (0xe14e6793) ori     a5, t3, -492
core   0: 3 0x80005654 (0xe14e6793) x15 0xffffffff
core   0: 0x80005658 (0x00004235) c.li    tp, 13
core   0: 3 0x80005658 (0x4235) x 4 0x0000000d
core   0: 0x8000565a (0xfa88fee3) bgeu    a7, s0, pc - 68
core   0: 3 0x8000565a (0xfa88fee3)
core   0: 0x8000565e (0x000041b5) c.li    gp, 13
core   0: 3 0x8000565e (0x41b5) x 3 0x0000000d
core   0: 0x80005660 (0x00200393) li      t2, 2
core   0: 3 0x80005660 (0x00200393) x 7 0x00000002
core   0: 0x80005664 (0xff800293) li      t0, -8
core   0: 3 0x80005664 (0xff800293) x 5 0xfffffff8
core   0: 0x80005668 (0x00000bf5) c.addi  s7, 29
core   0: 3 0x80005668 (0x0bf5) x23 0x0000001d
core   0: 0x8000566a (0x00008869) c.andi  s0, 26
core   0: 3 0x8000566a (0x8869) x 8 0x00000002
core   0: 0x8000566c (0x0000717d) c.addi16sp sp, -16
core   0: 3 0x8000566c (0x717d) x 2 0xffffe7a9
core   0: 0x8000566e (0x000013e5) c.addi  t2, -7
core   0: 3 0x8000566e (0x13e5) x 7 0xfffffffb
core   0: 0x80005670 (0x413808b3) sub     a7, a6, s3
core   0: 3 0x80005670 (0x413808b3) x17 0x0fffffff
core   0: 0x80005674 (0x00600793) li      a5, 6
core   0: 3 0x80005674 (0x00600793) x15 0x00000006
core   0: 0x80005678 (0x00400213) li      tp, 4
core   0: 3 0x80005678 (0x00400213) x 4 0x00000004
core   0: 0x8000567c (0x00009e5a) c.add   t3, s6
core   0: 3 0x8000567c (0x9e5a) x28 0xfffffffc
core   0: 0x8000567e (0xb113d997) auipc   s3, 0xb113d
core   0: 3 0x8000567e (0xb113d997) x19 0x3114267e
core   0: 0x80005682 (0x000017fd) c.addi  a5, -1
core   0: 3 0x80005682 (0x17fd) x15 0x00000005
core   0: 0x80005684 (0xfe47fce3) bgeu    a5, tp, pc - 8
core   0: 3 0x80005684 (0xfe47fce3)
core   0: 0x8000567c (0x00009e5a) c.add   t3, s6
core   0: 3 0x8000567c (0x9e5a) x28 0xfffffff9
core   0: 0x8000567e (0xb113d997) auipc   s3, 0xb113d
core   0: 3 0x8000567e (0xb113d997) x19 0x3114267e
core   0: 0x80005682 (0x000017fd) c.addi  a5, -1
core   0: 3 0x80005682 (0x17fd) x15 0x00000004
core   0: 0x80005684 (0xfe47fce3) bgeu    a5, tp, pc - 8
core   0: 3 0x80005684 (0xfe47fce3)
core   0: 0x8000567c (0x00009e5a) c.add   t3, s6
core   0: 3 0x8000567c (0x9e5a) x28 0xfffffff6
core   0: 0x8000567e (0xb113d997) auipc   s3, 0xb113d
core   0: 3 0x8000567e (0xb113d997) x19 0x3114267e
core   0: 0x80005682 (0x000017fd) c.addi  a5, -1
core   0: 3 0x80005682 (0x17fd) x15 0x00000003
core   0: 0x80005684 (0xfe47fce3) bgeu    a5, tp, pc - 8
core   0: 3 0x80005684 (0xfe47fce3)
core   0: 0x80005688 (0x02158733) mul     a4, a1, ra
core   0: 3 0x80005688 (0x02158733) x14 0x7fe60234
core   0: 0x8000568c (0xfc53dfe3) bge     t2, t0, pc - 34
core   0: 3 0x8000568c (0xfc53dfe3)
core   0: 0x8000566a (0x00008869) c.andi  s0, 26
core   0: 3 0x8000566a (0x8869) x 8 0x00000002
core   0: 0x8000566c (0x0000717d) c.addi16sp sp, -16
core   0: 3 0x8000566c (0x717d) x 2 0xffffe799
core   0: 0x8000566e (0x000013e5) c.addi  t2, -7
core   0: 3 0x8000566e (0x13e5) x 7 0xfffffff4
core   0: 0x80005670 (0x413808b3) sub     a7, a6, s3
core   0: 3 0x80005670 (0x413808b3) x17 0xdeebd981
core   0: 0x80005674 (0x00600793) li      a5, 6
core   0: 3 0x80005674 (0x00600793) x15 0x00000006
core   0: 0x80005678 (0x00400213) li      tp, 4
core   0: 3 0x80005678 (0x00400213) x 4 0x00000004
core   0: 0x8000567c (0x00009e5a) c.add   t3, s6
core   0: 3 0x8000567c (0x9e5a) x28 0xfffffff3
core   0: 0x8000567e (0xb113d997) auipc   s3, 0xb113d
core   0: 3 0x8000567e (0xb113d997) x19 0x3114267e
core   0: 0x80005682 (0x000017fd) c.addi  a5, -1
core   0: 3 0x80005682 (0x17fd) x15 0x00000005
core   0: 0x80005684 (0xfe47fce3) bgeu    a5, tp, pc - 8
core   0: 3 0x80005684 (0xfe47fce3)
core   0: 0x8000567c (0x00009e5a) c.add   t3, s6
core   0: 3 0x8000567c (0x9e5a) x28 0xfffffff0
core   0: 0x8000567e (0xb113d997) auipc   s3, 0xb113d
core   0: 3 0x8000567e (0xb113d997) x19 0x3114267e
core   0: 0x80005682 (0x000017fd) c.addi  a5, -1
core   0: 3 0x80005682 (0x17fd) x15 0x00000004
core   0: 0x80005684 (0xfe47fce3) bgeu    a5, tp, pc - 8
core   0: 3 0x80005684 (0xfe47fce3)
core   0: 0x8000567c (0x00009e5a) c.add   t3, s6
core   0: 3 0x8000567c (0x9e5a) x28 0xffffffed
core   0: 0x8000567e (0xb113d997) auipc   s3, 0xb113d
core   0: 3 0x8000567e (0xb113d997) x19 0x3114267e
core   0: 0x80005682 (0x000017fd) c.addi  a5, -1
core   0: 3 0x80005682 (0x17fd) x15 0x00000003
core   0: 0x80005684 (0xfe47fce3) bgeu    a5, tp, pc - 8
core   0: 3 0x80005684 (0xfe47fce3)
core   0: 0x80005688 (0x02158733) mul     a4, a1, ra
core   0: 3 0x80005688 (0x02158733) x14 0x7fe60234
core   0: 0x8000568c (0xfc53dfe3) bge     t2, t0, pc - 34
core   0: 3 0x8000568c (0xfc53dfe3)
core   0: 0x80005690 (0x00a32b33) slt     s6, t1, a0
core   0: 3 0x80005690 (0x00a32b33) x22 0x00000000
core   0: 0x80005694 (0x00500593) li      a1, 5
core   0: 3 0x80005694 (0x00500593) x11 0x00000005
core   0: 0x80005698 (0x00006a29) c.lui   s4, 0xa
core   0: 3 0x80005698 (0x6a29) x20 0x0000a000
core   0: 0x8000569a (0x00b00093) li      ra, 11
core   0: 3 0x8000569a (0x00b00093) x 1 0x0000000b
core   0: 0x8000569e (0x034cf8b3) remu    a7, s9, s4
core   0: 3 0x8000569e (0x034cf8b3) x17 0x00005973
core   0: 0x800056a2 (0x417d5433) sra     s0, s10, s7
core   0: 3 0x800056a2 (0x417d5433) x 8 0x00000000
core   0: 0x800056a6 (0x00008c15) c.sub   s0, a3
core   0: 3 0x800056a6 (0x8c15) x 8 0x00000002
core   0: 0x800056a8 (0x21c6ee97) auipc   t4, 0x21c6e
core   0: 3 0x800056a8 (0x21c6ee97) x29 0xa1c736a8
core   0: 0x800056ac (0x00008761) c.srai  a4, 24
core   0: 3 0x800056ac (0x8761) x14 0x0000007f
core   0: 0x800056ae (0x00000001) c.nop
core   0: 3 0x800056ae (0x0001)
core   0: 0x800056b0 (0x0184a4b3) slt     s1, s1, s8
core   0: 3 0x800056b0 (0x0184a4b3) x 9 0x00000000
core   0: 0x800056b4 (0x46fb6493) ori     s1, s6, 1135
core   0: 3 0x800056b4 (0x46fb6493) x 9 0x0000046f
core   0: 0x800056b8 (0x00000500) c.addi4spn s0, sp, 640
core   0: 3 0x800056b8 (0x0500) x 8 0xffffea19
core   0: 0x800056ba (0x00000599) c.addi  a1, 6
core   0: 3 0x800056ba (0x0599) x11 0x0000000b
core   0: 0x800056bc (0x003131b3) sltu    gp, sp, gp
core   0: 3 0x800056bc (0x003131b3) x 3 0x00000000
core   0: 0x800056c0 (0x00008651) c.srai  a2, 20
core   0: 3 0x800056c0 (0x8651) x12 0x00000000
core   0: 0x800056c2 (0x00000001) c.nop
core   0: 3 0x800056c2 (0x0001)
core   0: 0x800056c4 (0x4152deb3) sra     t4, t0, s5
core   0: 3 0x800056c4 (0x4152deb3) x29 0xfffffff8
core   0: 0x800056c8 (0x0000517d) c.li    sp, -1
core   0: 3 0x800056c8 (0x517d) x 2 0xffffffff
core   0: 0x800056ca (0x02efe1b3) rem     gp, t6, a4
core   0: 3 0x800056ca (0x02efe1b3) x 3 0x00000010
core   0: 0x800056ce (0x0354a733) mulhsu  a4, s1, s5
core   0: 3 0x800056ce (0x0354a733) x14 0x00000025
core   0: 0x800056d2 (0xfc158be3) beq     a1, ra, pc - 42
core   0: 3 0x800056d2 (0xfc158be3)
core   0: 0x800056a8 (0x21c6ee97) auipc   t4, 0x21c6e
core   0: 3 0x800056a8 (0x21c6ee97) x29 0xa1c736a8
core   0: 0x800056ac (0x00008761) c.srai  a4, 24
core   0: 3 0x800056ac (0x8761) x14 0x00000000
core   0: 0x800056ae (0x00000001) c.nop
core   0: 3 0x800056ae (0x0001)
core   0: 0x800056b0 (0x0184a4b3) slt     s1, s1, s8
core   0: 3 0x800056b0 (0x0184a4b3) x 9 0x00000000
core   0: 0x800056b4 (0x46fb6493) ori     s1, s6, 1135
core   0: 3 0x800056b4 (0x46fb6493) x 9 0x0000046f
core   0: 0x800056b8 (0x00000500) c.addi4spn s0, sp, 640
core   0: 3 0x800056b8 (0x0500) x 8 0x0000027f
core   0: 0x800056ba (0x00000599) c.addi  a1, 6
core   0: 3 0x800056ba (0x0599) x11 0x00000011
core   0: 0x800056bc (0x003131b3) sltu    gp, sp, gp
core   0: 3 0x800056bc (0x003131b3) x 3 0x00000000
core   0: 0x800056c0 (0x00008651) c.srai  a2, 20
core   0: 3 0x800056c0 (0x8651) x12 0x00000000
core   0: 0x800056c2 (0x00000001) c.nop
core   0: 3 0x800056c2 (0x0001)
core   0: 0x800056c4 (0x4152deb3) sra     t4, t0, s5
core   0: 3 0x800056c4 (0x4152deb3) x29 0xfffffff8
core   0: 0x800056c8 (0x0000517d) c.li    sp, -1
core   0: 3 0x800056c8 (0x517d) x 2 0xffffffff
core   0: 0x800056ca (0x02efe1b3) rem     gp, t6, a4
core   0: 3 0x800056ca (0x02efe1b3) x 3 0x00000010
core   0: 0x800056ce (0x0354a733) mulhsu  a4, s1, s5
core   0: 3 0x800056ce (0x0354a733) x14 0x00000025
core   0: 0x800056d2 (0xfc158be3) beq     a1, ra, pc - 42
core   0: 3 0x800056d2 (0xfc158be3)
core   0: 0x800056d6 (0x41b78633) sub     a2, a5, s11
core   0: 3 0x800056d6 (0x41b78633) x12 0x7ffda31f
core   0: 0x800056da (0xffa00713) li      a4, -6
core   0: 3 0x800056da (0xffa00713) x14 0xfffffffa
core   0: 0x800056de (0x00921bb3) sll     s7, tp, s1
core   0: 3 0x800056de (0x00921bb3) x23 0x00020000
core   0: 0x800056e2 (0x00138f33) add     t5, t2, ra
core   0: 3 0x800056e2 (0x00138f33) x30 0xffffffff
core   0: 0x800056e6 (0x00008479) c.srai  s0, 30
core   0: 3 0x800056e6 (0x8479) x 8 0x00000000
core   0: 0x800056e8 (0x0003c7b3) xor     a5, t2, zero
core   0: 3 0x800056e8 (0x0003c7b3) x15 0xfffffff4
core   0: 0x800056ec (0x00000001) c.nop
core   0: 3 0x800056ec (0x0001)
core   0: 0x800056ee (0x0113eeb3) or      t4, t2, a7
core   0: 3 0x800056ee (0x0113eeb3) x29 0xfffffff7
core   0: 0x800056f2 (0x00008dd9) c.or    a1, a4
core   0: 3 0x800056f2 (0x8dd9) x11 0xfffffffb
core   0: 0x800056f4 (0x00000001) c.nop
core   0: 3 0x800056f4 (0x0001)
core   0: 0x800056f6 (0x00369933) sll     s2, a3, gp
core   0: 3 0x800056f6 (0x00369933) x18 0xfffe0000
core   0: 0x800056fa (0x403802b3) sub     t0, a6, gp
core   0: 3 0x800056fa (0x403802b3) x 5 0x0fffffef
core   0: 0x800056fe (0x00000001) c.nop
core   0: 3 0x800056fe (0x0001)
core   0: 0x80005700 (0x00000719) c.addi  a4, 6
core   0: 3 0x80005700 (0x0719) x14 0x00000000
core   0: 0x80005702 (0x00e099b3) sll     s3, ra, a4
core   0: 3 0x80005702 (0x00e099b3) x19 0x0000000b
core   0: 0x80005706 (0x03743633) mulhu   a2, s0, s7
core   0: 3 0x80005706 (0x03743633) x12 0x00000000
core   0: 0x8000570a (0x0000fb65) c.bnez  a4, pc - 16
core   0: 3 0x8000570a (0xfb65)
core   0: 0x8000570c (0xa7188417) auipc   s0, 0xa7188
core   0: 3 0x8000570c (0xa7188417) x 8 0x2718d70c
core   0: 0x80005710 (0x00a00d13) li      s10, 10
core   0: 3 0x80005710 (0x00a00d13) x26 0x0000000a
core   0: 0x80005714 (0x00700193) li      gp, 7
core   0: 3 0x80005714 (0x00700193) x 3 0x00000007
core   0: 0x80005718 (0x00000b8a) c.slli  s7, 2
core   0: 3 0x80005718 (0x0b8a) x23 0x00080000
core   0: 0x8000571a (0x00000001) c.nop
core   0: 3 0x8000571a (0x0001)
core   0: 0x8000571c (0x00001d71) c.addi  s10, -4
core   0: 3 0x8000571c (0x1d71) x26 0x00000006
core   0: 0x8000571e (0x00a00593) li      a1, 10
core   0: 3 0x8000571e (0x00a00593) x11 0x0000000a
core   0: 0x80005722 (0x00001efd) c.addi  t4, -1
core   0: 3 0x80005722 (0x1efd) x29 0xfffffff6
core   0: 0x80005724 (0xff300293) li      t0, -13
core   0: 3 0x80005724 (0xff300293) x 5 0xfffffff3
core   0: 0x80005728 (0x029588b3) mul     a7, a1, s1
core   0: 3 0x80005728 (0x029588b3) x17 0x00002c56
core   0: 0x8000572c (0x000015ed) c.addi  a1, -5
core   0: 3 0x8000572c (0x15ed) x11 0x00000005
core   0: 0x8000572e (0xfe55dde3) bge     a1, t0, pc - 6
core   0: 3 0x8000572e (0xfe55dde3)
core   0: 0x80005728 (0x029588b3) mul     a7, a1, s1
core   0: 3 0x80005728 (0x029588b3) x17 0x0000162b
core   0: 0x8000572c (0x000015ed) c.addi  a1, -5
core   0: 3 0x8000572c (0x15ed) x11 0x00000000
core   0: 0x8000572e (0xfe55dde3) bge     a1, t0, pc - 6
core   0: 3 0x8000572e (0xfe55dde3)
core   0: 0x80005728 (0x029588b3) mul     a7, a1, s1
core   0: 3 0x80005728 (0x029588b3) x17 0x00000000
core   0: 0x8000572c (0x000015ed) c.addi  a1, -5
core   0: 3 0x8000572c (0x15ed) x11 0xfffffffb
core   0: 0x8000572e (0xfe55dde3) bge     a1, t0, pc - 6
core   0: 3 0x8000572e (0xfe55dde3)
core   0: 0x80005728 (0x029588b3) mul     a7, a1, s1
core   0: 3 0x80005728 (0x029588b3) x17 0xffffe9d5
core   0: 0x8000572c (0x000015ed) c.addi  a1, -5
core   0: 3 0x8000572c (0x15ed) x11 0xfffffff6
core   0: 0x8000572e (0xfe55dde3) bge     a1, t0, pc - 6
core   0: 3 0x8000572e (0xfe55dde3)
core   0: 0x80005728 (0x029588b3) mul     a7, a1, s1
core   0: 3 0x80005728 (0x029588b3) x17 0xffffd3aa
core   0: 0x8000572c (0x000015ed) c.addi  a1, -5
core   0: 3 0x8000572c (0x15ed) x11 0xfffffff1
core   0: 0x8000572e (0xfe55dde3) bge     a1, t0, pc - 6
core   0: 3 0x8000572e (0xfe55dde3)
core   0: 0x80005732 (0xfe3d74e3) bgeu    s10, gp, pc - 24
core   0: 3 0x80005732 (0xfe3d74e3)
core   0: 0x80005736 (0x011d2a33) slt     s4, s10, a7
core   0: 3 0x80005736 (0x011d2a33) x20 0x00000000
core   0: 0x8000573a (0x00300793) li      a5, 3
core   0: 3 0x8000573a (0x00300793) x15 0x00000003
core   0: 0x8000573e (0x00009776) c.add   a4, t4
core   0: 3 0x8000573e (0x9776) x14 0xfffffff6
core   0: 0x80005740 (0x0c04a413) slti    s0, s1, 192
core   0: 3 0x80005740 (0x0c04a413) x 8 0x00000000
core   0: 0x80005744 (0x003015b3) sll     a1, zero, gp
core   0: 3 0x80005744 (0x003015b3) x11 0x00000000
core   0: 0x80005748 (0x00801f93) slli    t6, zero, 8
core   0: 3 0x80005748 (0x00801f93) x31 0x00000000
core   0: 0x8000574c (0x00ce9713) slli    a4, t4, 12
core   0: 3 0x8000574c (0x00ce9713) x14 0xffff6000
core   0: 0x80005750 (0x00ded293) srli    t0, t4, 13
core   0: 3 0x80005750 (0x00ded293) x 5 0x0007ffff
core   0: 0x80005754 (0x00300b93) li      s7, 3
core   0: 3 0x80005754 (0x00300b93) x23 0x00000003
core   0: 0x80005758 (0x814b4713) xori    a4, s6, -2028
core   0: 3 0x80005758 (0x814b4713) x14 0xfffff814
core   0: 0x8000575c (0x01f430b3) sltu    ra, s0, t6
core   0: 3 0x8000575c (0x01f430b3) x 1 0x00000000
core   0: 0x80005760 (0x0335ca33) div     s4, a1, s3
core   0: 3 0x80005760 (0x0335ca33) x20 0x00000000
core   0: 0x80005764 (0x07d58c93) addi    s9, a1, 125
core   0: 3 0x80005764 (0x07d58c93) x25 0x0000007d
core   0: 0x80005768 (0x00b97833) and     a6, s2, a1
core   0: 3 0x80005768 (0x00b97833) x16 0x00000000
core   0: 0x8000576c (0x00000001) c.nop
core   0: 3 0x8000576c (0x0001)
core   0: 0x8000576e (0x00008ea6) c.mv    t4, s1
core   0: 3 0x8000576e (0x8ea6) x29 0x0000046f
core   0: 0x80005770 (0x000011fd) c.addi  gp, -1
core   0: 3 0x80005770 (0x11fd) x 3 0x00000006
core   0: 0x80005772 (0x000017f9) c.addi  a5, -2
core   0: 3 0x80005772 (0x17f9) x15 0x00000001
core   0: 0x80005774 (0x0000717d) c.addi16sp sp, -16
core   0: 3 0x80005774 (0x717d) x 2 0xffffffef
core   0: 0x80005776 (0x41b483b3) sub     t2, s1, s11
core   0: 3 0x80005776 (0x41b483b3) x 7 0x7ffda78b
core   0: 0x8000577a (0x00008c15) c.sub   s0, a3
core   0: 3 0x8000577a (0x8c15) x 8 0x00000002
core   0: 0x8000577c (0x00004d39) c.li    s10, 14
core   0: 3 0x8000577c (0x4d39) x26 0x0000000e
core   0: 0x8000577e (0x00000100) c.addi4spn s0, sp, 128
core   0: 3 0x8000577e (0x0100) x 8 0x0000006f
core   0: 0x80005780 (0x00008d3e) c.mv    s10, a5
core   0: 3 0x80005780 (0x8d3e) x26 0x00000001
core   0: 0x80005782 (0x00009596) c.add   a1, t0
core   0: 3 0x80005782 (0x9596) x11 0x0007ffff
core   0: 0x80005784 (0xfd77fee3) bgeu    a5, s7, pc - 36
core   0: 3 0x80005784 (0xfd77fee3)
core   0: 0x80005788 (0x00d663b3) or      t2, a2, a3
core   0: 3 0x80005788 (0x00d663b3) x 7 0xfffffffe
core   0: 0x8000578c (0x00700493) li      s1, 7
core   0: 3 0x8000578c (0x00700493) x 9 0x00000007
core   0: 0x80005790 (0x01100793) li      a5, 17
core   0: 3 0x80005790 (0x01100793) x15 0x00000011
core   0: 0x80005794 (0x0000684d) c.lui   a6, 0x13
core   0: 3 0x80005794 (0x684d) x16 0x00013000
core   0: 0x80005796 (0x00000495) c.addi  s1, 5
core   0: 3 0x80005796 (0x0495) x 9 0x0000000c
core   0: 0x80005798 (0x01069d33) sll     s10, a3, a6
core   0: 3 0x80005798 (0x01069d33) x26 0xfffffffe
core   0: 0x8000579c (0x00600693) li      a3, 6
core   0: 3 0x8000579c (0x00600693) x13 0x00000006
core   0: 0x800057a0 (0x00600293) li      t0, 6
core   0: 3 0x800057a0 (0x00600293) x 5 0x00000006
core   0: 0x800057a4 (0x40c80133) sub     sp, a6, a2
core   0: 3 0x800057a4 (0x40c80133) x 2 0x00013000
core   0: 0x800057a8 (0x000016f5) c.addi  a3, -3
core   0: 3 0x800057a8 (0x16f5) x13 0x00000003
core   0: 0x800057aa (0xfe56dde3) bge     a3, t0, pc - 6
core   0: 3 0x800057aa (0xfe56dde3)
core   0: 0x800057ae (0xfef4c3e3) blt     s1, a5, pc - 26
core   0: 3 0x800057ae (0xfef4c3e3)
core   0: 0x80005794 (0x0000684d) c.lui   a6, 0x13
core   0: 3 0x80005794 (0x684d) x16 0x00013000
core   0: 0x80005796 (0x00000495) c.addi  s1, 5
core   0: 3 0x80005796 (0x0495) x 9 0x00000011
core   0: 0x80005798 (0x01069d33) sll     s10, a3, a6
core   0: 3 0x80005798 (0x01069d33) x26 0x00000003
core   0: 0x8000579c (0x00600693) li      a3, 6
core   0: 3 0x8000579c (0x00600693) x13 0x00000006
core   0: 0x800057a0 (0x00600293) li      t0, 6
core   0: 3 0x800057a0 (0x00600293) x 5 0x00000006
core   0: 0x800057a4 (0x40c80133) sub     sp, a6, a2
core   0: 3 0x800057a4 (0x40c80133) x 2 0x00013000
core   0: 0x800057a8 (0x000016f5) c.addi  a3, -3
core   0: 3 0x800057a8 (0x16f5) x13 0x00000003
core   0: 0x800057aa (0xfe56dde3) bge     a3, t0, pc - 6
core   0: 3 0x800057aa (0xfe56dde3)
core   0: 0x800057ae (0xfef4c3e3) blt     s1, a5, pc - 26
core   0: 3 0x800057ae (0xfef4c3e3)
core   0: 0x800057b2 (0x000090be) c.add   ra, a5
core   0: 3 0x800057b2 (0x90be) x 1 0x00000011
core   0: 0x800057b4 (0xff600493) li      s1, -10
core   0: 3 0x800057b4 (0xff600493) x 9 0xfffffff6
core   0: 0x800057b8 (0x02668733) mul     a4, a3, t1
core   0: 3 0x800057b8 (0x02668733) x14 0x00000000
core   0: 0x800057bc (0x00000001) c.nop
core   0: 3 0x800057bc (0x0001)
core   0: 0x800057be (0x00000f8e) c.slli  t6, 3
core   0: 3 0x800057be (0x0f8e) x31 0x00000000
core   0: 0x800057c0 (0x03926733) rem     a4, tp, s9
core   0: 3 0x800057c0 (0x03926733) x14 0x00000004
core   0: 0x800057c4 (0x00b82fb3) slt     t6, a6, a1
core   0: 3 0x800057c4 (0x00b82fb3) x31 0x00000001
core   0: 0x800057c8 (0x021b7133) remu    sp, s6, ra
core   0: 3 0x800057c8 (0x021b7133) x 2 0x00000000
core   0: 0x800057cc (0x00009a7d) c.andi  a2, -1
core   0: 3 0x800057cc (0x9a7d) x12 0x00000000
core   0: 0x800057ce (0xab2af893) andi    a7, s5, -1358
core   0: 3 0x800057ce (0xab2af893) x17 0x085b5a20
core   0: 0x800057d2 (0x410dd413) srai    s0, s11, 16
core   0: 3 0x800057d2 (0x410dd413) x 8 0xffff8002
core   0: 0x800057d6 (0x03e7cfb3) div     t6, a5, t5
core   0: 3 0x800057d6 (0x03e7cfb3) x31 0xffffffef
core   0: 0x800057da (0x000004a9) c.addi  s1, 10
core   0: 3 0x800057da (0x04a9) x 9 0x00000000
core   0: 0x800057dc (0x0000821d) c.srli  a2, 7
core   0: 3 0x800057dc (0x821d) x12 0x00000000
core   0: 0x800057de (0x032ddb33) divu    s6, s11, s2
core   0: 3 0x800057de (0x032ddb33) x22 0x00000000
core   0: 0x800057e2 (0x0000877d) c.srai  a4, 31
core   0: 3 0x800057e2 (0x877d) x14 0x00000000
core   0: 0x800057e4 (0x00008ecd) c.or    a3, a1
core   0: 3 0x800057e4 (0x8ecd) x13 0x0007ffff
core   0: 0x800057e6 (0x00800593) li      a1, 8
core   0: 3 0x800057e6 (0x00800593) x11 0x00000008
core   0: 0x800057ea (0x0393ce33) div     t3, t2, s9
core   0: 3 0x800057ea (0x0393ce33) x28 0x00000000
core   0: 0x800057ee (0x80204393) xori    t2, zero, -2046
core   0: 3 0x800057ee (0x80204393) x 7 0xfffff802
core   0: 0x800057f2 (0x6a644e93) xori    t4, s0, 1702
core   0: 3 0x800057f2 (0x6a644e93) x29 0xffff86a4
core   0: 0x800057f6 (0x00008361) c.srli  a4, 24
core   0: 3 0x800057f6 (0x8361) x14 0x00000000
core   0: 0x800057f8 (0x0008c3b3) xor     t2, a7, zero
core   0: 3 0x800057f8 (0x0008c3b3) x 7 0x085b5a20
core   0: 0x800057fc (0x00000c13) li      s8, 0
core   0: 3 0x800057fc (0x00000c13) x24 0x00000000
core   0: 0x80005800 (0x00008c19) c.sub   s0, a4
core   0: 3 0x80005800 (0x8c19) x 8 0xffff8002
core   0: 0x80005802 (0x029e6933) rem     s2, t3, s1
core   0: 3 0x80005802 (0x029e6933) x18 0x00000000
core   0: 0x80005806 (0x00008e3d) c.xor   a2, a5
core   0: 3 0x80005806 (0x8e3d) x12 0x00000011
core   0: 0x80005808 (0x000015e1) c.addi  a1, -8
core   0: 3 0x80005808 (0x15e1) x11 0x00000000
core   0: 0x8000580a (0x0000682d) c.lui   a6, 0xb
core   0: 3 0x8000580a (0x682d) x16 0x0000b000
core   0: 0x8000580c (0x0082beb3) sltu    t4, t0, s0
core   0: 3 0x8000580c (0x0082beb3) x29 0x00000001
core   0: 0x80005810 (0x00009ce6) c.add   s9, s9
core   0: 3 0x80005810 (0x9ce6) x25 0x000000fa
core   0: 0x80005812 (0x0ff0000f) fence   iorw,iorw
core   0: 3 0x80005812 (0x0ff0000f)
core   0: 0x80005816 (0xff85d6e3) bge     a1, s8, pc - 20
core   0: 3 0x80005816 (0xff85d6e3)
core   0: 0x80005802 (0x029e6933) rem     s2, t3, s1
core   0: 3 0x80005802 (0x029e6933) x18 0x00000000
core   0: 0x80005806 (0x00008e3d) c.xor   a2, a5
core   0: 3 0x80005806 (0x8e3d) x12 0x00000000
core   0: 0x80005808 (0x000015e1) c.addi  a1, -8
core   0: 3 0x80005808 (0x15e1) x11 0xfffffff8
core   0: 0x8000580a (0x0000682d) c.lui   a6, 0xb
core   0: 3 0x8000580a (0x682d) x16 0x0000b000
core   0: 0x8000580c (0x0082beb3) sltu    t4, t0, s0
core   0: 3 0x8000580c (0x0082beb3) x29 0x00000001
core   0: 0x80005810 (0x00009ce6) c.add   s9, s9
core   0: 3 0x80005810 (0x9ce6) x25 0x000001f4
core   0: 0x80005812 (0x0ff0000f) fence   iorw,iorw
core   0: 3 0x80005812 (0x0ff0000f)
core   0: 0x80005816 (0xff85d6e3) bge     a1, s8, pc - 20
core   0: 3 0x80005816 (0xff85d6e3)
core   0: 0x8000581a (0xa14f2717) auipc   a4, 0xa14f2
core   0: 3 0x8000581a (0xa14f2717) x14 0x214f781a
core   0: 0x8000581e (0x0000d0dd) c.beqz  s1, pc - 90
core   0: 3 0x8000581e (0xd0dd)
core   0: 0x800057c4 (0x00b82fb3) slt     t6, a6, a1
core   0: 3 0x800057c4 (0x00b82fb3) x31 0x00000000
core   0: 0x800057c8 (0x021b7133) remu    sp, s6, ra
core   0: 3 0x800057c8 (0x021b7133) x 2 0x00000000
core   0: 0x800057cc (0x00009a7d) c.andi  a2, -1
core   0: 3 0x800057cc (0x9a7d) x12 0x00000000
core   0: 0x800057ce (0xab2af893) andi    a7, s5, -1358
core   0: 3 0x800057ce (0xab2af893) x17 0x085b5a20
core   0: 0x800057d2 (0x410dd413) srai    s0, s11, 16
core   0: 3 0x800057d2 (0x410dd413) x 8 0xffff8002
core   0: 0x800057d6 (0x03e7cfb3) div     t6, a5, t5
core   0: 3 0x800057d6 (0x03e7cfb3) x31 0xffffffef
core   0: 0x800057da (0x000004a9) c.addi  s1, 10
core   0: 3 0x800057da (0x04a9) x 9 0x0000000a
core   0: 0x800057dc (0x0000821d) c.srli  a2, 7
core   0: 3 0x800057dc (0x821d) x12 0x00000000
core   0: 0x800057de (0x032ddb33) divu    s6, s11, s2
core   0: 3 0x800057de (0x032ddb33) x22 0xffffffff
core   0: 0x800057e2 (0x0000877d) c.srai  a4, 31
core   0: 3 0x800057e2 (0x877d) x14 0x00000000
core   0: 0x800057e4 (0x00008ecd) c.or    a3, a1
core   0: 3 0x800057e4 (0x8ecd) x13 0xffffffff
core   0: 0x800057e6 (0x00800593) li      a1, 8
core   0: 3 0x800057e6 (0x00800593) x11 0x00000008
core   0: 0x800057ea (0x0393ce33) div     t3, t2, s9
core   0: 3 0x800057ea (0x0393ce33) x28 0x00044759
core   0: 0x800057ee (0x80204393) xori    t2, zero, -2046
core   0: 3 0x800057ee (0x80204393) x 7 0xfffff802
core   0: 0x800057f2 (0x6a644e93) xori    t4, s0, 1702
core   0: 3 0x800057f2 (0x6a644e93) x29 0xffff86a4
core   0: 0x800057f6 (0x00008361) c.srli  a4, 24
core   0: 3 0x800057f6 (0x8361) x14 0x00000000
core   0: 0x800057f8 (0x0008c3b3) xor     t2, a7, zero
core   0: 3 0x800057f8 (0x0008c3b3) x 7 0x085b5a20
core   0: 0x800057fc (0x00000c13) li      s8, 0
core   0: 3 0x800057fc (0x00000c13) x24 0x00000000
core   0: 0x80005800 (0x00008c19) c.sub   s0, a4
core   0: 3 0x80005800 (0x8c19) x 8 0xffff8002
core   0: 0x80005802 (0x029e6933) rem     s2, t3, s1
core   0: 3 0x80005802 (0x029e6933) x18 0x00000009
core   0: 0x80005806 (0x00008e3d) c.xor   a2, a5
core   0: 3 0x80005806 (0x8e3d) x12 0x00000011
core   0: 0x80005808 (0x000015e1) c.addi  a1, -8
core   0: 3 0x80005808 (0x15e1) x11 0x00000000
core   0: 0x8000580a (0x0000682d) c.lui   a6, 0xb
core   0: 3 0x8000580a (0x682d) x16 0x0000b000
core   0: 0x8000580c (0x0082beb3) sltu    t4, t0, s0
core   0: 3 0x8000580c (0x0082beb3) x29 0x00000001
core   0: 0x80005810 (0x00009ce6) c.add   s9, s9
core   0: 3 0x80005810 (0x9ce6) x25 0x000003e8
core   0: 0x80005812 (0x0ff0000f) fence   iorw,iorw
core   0: 3 0x80005812 (0x0ff0000f)
core   0: 0x80005816 (0xff85d6e3) bge     a1, s8, pc - 20
core   0: 3 0x80005816 (0xff85d6e3)
core   0: 0x80005802 (0x029e6933) rem     s2, t3, s1
core   0: 3 0x80005802 (0x029e6933) x18 0x00000009
core   0: 0x80005806 (0x00008e3d) c.xor   a2, a5
core   0: 3 0x80005806 (0x8e3d) x12 0x00000000
core   0: 0x80005808 (0x000015e1) c.addi  a1, -8
core   0: 3 0x80005808 (0x15e1) x11 0xfffffff8
core   0: 0x8000580a (0x0000682d) c.lui   a6, 0xb
core   0: 3 0x8000580a (0x682d) x16 0x0000b000
core   0: 0x8000580c (0x0082beb3) sltu    t4, t0, s0
core   0: 3 0x8000580c (0x0082beb3) x29 0x00000001
core   0: 0x80005810 (0x00009ce6) c.add   s9, s9
core   0: 3 0x80005810 (0x9ce6) x25 0x000007d0
core   0: 0x80005812 (0x0ff0000f) fence   iorw,iorw
core   0: 3 0x80005812 (0x0ff0000f)
core   0: 0x80005816 (0xff85d6e3) bge     a1, s8, pc - 20
core   0: 3 0x80005816 (0xff85d6e3)
core   0: 0x8000581a (0xa14f2717) auipc   a4, 0xa14f2
core   0: 3 0x8000581a (0xa14f2717) x14 0x214f781a
core   0: 0x8000581e (0x0000d0dd) c.beqz  s1, pc - 90
core   0: 3 0x8000581e (0xd0dd)
core   0: 0x80005820 (0x0ff0000f) fence   iorw,iorw
core   0: 3 0x80005820 (0x0ff0000f)
core   0: 0x80005824 (0x00a00413) li      s0, 10
core   0: 3 0x80005824 (0x00a00413) x 8 0x0000000a
core   0: 0x80005828 (0x03d37633) remu    a2, t1, t4
core   0: 3 0x80005828 (0x03d37633) x12 0x00000000
core   0: 0x8000582c (0x2d16a113) slti    sp, a3, 721
core   0: 3 0x8000582c (0x2d16a113) x 2 0x00000001
core   0: 0x80005830 (0x03ee7bb3) remu    s7, t3, t5
core   0: 3 0x80005830 (0x03ee7bb3) x23 0x00044759
core   0: 0x80005834 (0xfee00a13) li      s4, -18
core   0: 3 0x80005834 (0xfee00a13) x20 0xffffffee
core   0: 0x80005838 (0x00006ecd) c.lui   t4, 0x13
core   0: 3 0x80005838 (0x6ecd) x29 0x00013000
core   0: 0x8000583a (0x6e0bb117) auipc   sp, 0x6e0bb
core   0: 3 0x8000583a (0x6e0bb117) x 2 0xee0c083a
core   0: 0x8000583e (0x00000001) c.nop
core   0: 3 0x8000583e (0x0001)
core   0: 0x80005840 (0x00001465) c.addi  s0, -7
core   0: 3 0x80005840 (0x1465) x 8 0x00000003
core   0: 0x80005842 (0xff600c93) li      s9, -10
core   0: 3 0x80005842 (0xff600c93) x25 0xfffffff6
core   0: 0x80005846 (0x00008e01) c.sub   a2, s0
core   0: 3 0x80005846 (0x8e01) x12 0xfffffffd
core   0: 0x80005848 (0xfec00493) li      s1, -20
core   0: 3 0x80005848 (0xfec00493) x 9 0xffffffec
core   0: 0x8000584c (0x000099fd) c.andi  a1, -1
core   0: 3 0x8000584c (0x99fd) x11 0xfffffff8
core   0: 0x8000584e (0x7ca4b313) sltiu   t1, s1, 1994
core   0: 3 0x8000584e (0x7ca4b313) x 6 0x00000000
core   0: 0x80005852 (0x6bdf4637) lui     a2, 0x6bdf4
core   0: 3 0x80005852 (0x6bdf4637) x12 0x6bdf4000
core   0: 0x80005856 (0x02feb833) mulhu   a6, t4, a5
core   0: 3 0x80005856 (0x02feb833) x16 0x00000000
core   0: 0x8000585a (0x00001ce1) c.addi  s9, -8
core   0: 3 0x8000585a (0x1ce1) x25 0xffffffee
core   0: 0x8000585c (0x00008fd5) c.or    a5, a3
core   0: 3 0x8000585c (0x8fd5) x15 0xffffffff
core   0: 0x8000585e (0x00879593) slli    a1, a5, 8
core   0: 3 0x8000585e (0x00879593) x11 0xffffff00
core   0: 0x80005862 (0x017163b3) or      t2, sp, s7
core   0: 3 0x80005862 (0x017163b3) x 7 0xee0c4f7b
core   0: 0x80005866 (0x10fd6f13) ori     t5, s10, 271
core   0: 3 0x80005866 (0x10fd6f13) x30 0x0000010f
core   0: 0x8000586a (0x02d0c7b3) div     a5, ra, a3
core   0: 3 0x8000586a (0x02d0c7b3) x15 0xffffffef
core   0: 0x8000586e (0xfe9cd2e3) bge     s9, s1, pc - 28
core   0: 3 0x8000586e (0xfe9cd2e3)
core   0: 0x80005852 (0x6bdf4637) lui     a2, 0x6bdf4
core   0: 3 0x80005852 (0x6bdf4637) x12 0x6bdf4000
core   0: 0x80005856 (0x02feb833) mulhu   a6, t4, a5
core   0: 3 0x80005856 (0x02feb833) x16 0x00012fff
core   0: 0x8000585a (0x00001ce1) c.addi  s9, -8
core   0: 3 0x8000585a (0x1ce1) x25 0xffffffe6
core   0: 0x8000585c (0x00008fd5) c.or    a5, a3
core   0: 3 0x8000585c (0x8fd5) x15 0xffffffff
core   0: 0x8000585e (0x00879593) slli    a1, a5, 8
core   0: 3 0x8000585e (0x00879593) x11 0xffffff00
core   0: 0x80005862 (0x017163b3) or      t2, sp, s7
core   0: 3 0x80005862 (0x017163b3) x 7 0xee0c4f7b
core   0: 0x80005866 (0x10fd6f13) ori     t5, s10, 271
core   0: 3 0x80005866 (0x10fd6f13) x30 0x0000010f
core   0: 0x8000586a (0x02d0c7b3) div     a5, ra, a3
core   0: 3 0x8000586a (0x02d0c7b3) x15 0xffffffef
core   0: 0x8000586e (0xfe9cd2e3) bge     s9, s1, pc - 28
core   0: 3 0x8000586e (0xfe9cd2e3)
core   0: 0x80005872 (0x00008da1) c.xor   a1, s0
core   0: 3 0x80005872 (0x8da1) x11 0xffffff03
core   0: 0x80005874 (0x00006129) c.addi16sp sp, 192
core   0: 3 0x80005874 (0x6129) x 2 0xee0c08fa
core   0: 0x80005876 (0x00a94c33) xor     s8, s2, a0
core   0: 3 0x80005876 (0x00a94c33) x24 0x80021e25
core   0: 0x8000587a (0xfd4410e3) bne     s0, s4, pc - 64
core   0: 3 0x8000587a (0xfd4410e3)
core   0: 0x8000583a (0x6e0bb117) auipc   sp, 0x6e0bb
core   0: 3 0x8000583a (0x6e0bb117) x 2 0xee0c083a
core   0: 0x8000583e (0x00000001) c.nop
core   0: 3 0x8000583e (0x0001)
core   0: 0x80005840 (0x00001465) c.addi  s0, -7
core   0: 3 0x80005840 (0x1465) x 8 0xfffffffc
core   0: 0x80005842 (0xff600c93) li      s9, -10
core   0: 3 0x80005842 (0xff600c93) x25 0xfffffff6
core   0: 0x80005846 (0x00008e01) c.sub   a2, s0
core   0: 3 0x80005846 (0x8e01) x12 0x6bdf4004
core   0: 0x80005848 (0xfec00493) li      s1, -20
core   0: 3 0x80005848 (0xfec00493) x 9 0xffffffec
core   0: 0x8000584c (0x000099fd) c.andi  a1, -1
core   0: 3 0x8000584c (0x99fd) x11 0xffffff03
core   0: 0x8000584e (0x7ca4b313) sltiu   t1, s1, 1994
core   0: 3 0x8000584e (0x7ca4b313) x 6 0x00000000
core   0: 0x80005852 (0x6bdf4637) lui     a2, 0x6bdf4
core   0: 3 0x80005852 (0x6bdf4637) x12 0x6bdf4000
core   0: 0x80005856 (0x02feb833) mulhu   a6, t4, a5
core   0: 3 0x80005856 (0x02feb833) x16 0x00012fff
core   0: 0x8000585a (0x00001ce1) c.addi  s9, -8
core   0: 3 0x8000585a (0x1ce1) x25 0xffffffee
core   0: 0x8000585c (0x00008fd5) c.or    a5, a3
core   0: 3 0x8000585c (0x8fd5) x15 0xffffffff
core   0: 0x8000585e (0x00879593) slli    a1, a5, 8
core   0: 3 0x8000585e (0x00879593) x11 0xffffff00
core   0: 0x80005862 (0x017163b3) or      t2, sp, s7
core   0: 3 0x80005862 (0x017163b3) x 7 0xee0c4f7b
core   0: 0x80005866 (0x10fd6f13) ori     t5, s10, 271
core   0: 3 0x80005866 (0x10fd6f13) x30 0x0000010f
core   0: 0x8000586a (0x02d0c7b3) div     a5, ra, a3
core   0: 3 0x8000586a (0x02d0c7b3) x15 0xffffffef
core   0: 0x8000586e (0xfe9cd2e3) bge     s9, s1, pc - 28
core   0: 3 0x8000586e (0xfe9cd2e3)
core   0: 0x80005852 (0x6bdf4637) lui     a2, 0x6bdf4
core   0: 3 0x80005852 (0x6bdf4637) x12 0x6bdf4000
core   0: 0x80005856 (0x02feb833) mulhu   a6, t4, a5
core   0: 3 0x80005856 (0x02feb833) x16 0x00012fff
core   0: 0x8000585a (0x00001ce1) c.addi  s9, -8
core   0: 3 0x8000585a (0x1ce1) x25 0xffffffe6
core   0: 0x8000585c (0x00008fd5) c.or    a5, a3
core   0: 3 0x8000585c (0x8fd5) x15 0xffffffff
core   0: 0x8000585e (0x00879593) slli    a1, a5, 8
core   0: 3 0x8000585e (0x00879593) x11 0xffffff00
core   0: 0x80005862 (0x017163b3) or      t2, sp, s7
core   0: 3 0x80005862 (0x017163b3) x 7 0xee0c4f7b
core   0: 0x80005866 (0x10fd6f13) ori     t5, s10, 271
core   0: 3 0x80005866 (0x10fd6f13) x30 0x0000010f
core   0: 0x8000586a (0x02d0c7b3) div     a5, ra, a3
core   0: 3 0x8000586a (0x02d0c7b3) x15 0xffffffef
core   0: 0x8000586e (0xfe9cd2e3) bge     s9, s1, pc - 28
core   0: 3 0x8000586e (0xfe9cd2e3)
core   0: 0x80005872 (0x00008da1) c.xor   a1, s0
core   0: 3 0x80005872 (0x8da1) x11 0x000000fc
core   0: 0x80005874 (0x00006129) c.addi16sp sp, 192
core   0: 3 0x80005874 (0x6129) x 2 0xee0c08fa
core   0: 0x80005876 (0x00a94c33) xor     s8, s2, a0
core   0: 3 0x80005876 (0x00a94c33) x24 0x80021e25
core   0: 0x8000587a (0xfd4410e3) bne     s0, s4, pc - 64
core   0: 3 0x8000587a (0xfd4410e3)
core   0: 0x8000583a (0x6e0bb117) auipc   sp, 0x6e0bb
core   0: 3 0x8000583a (0x6e0bb117) x 2 0xee0c083a
core   0: 0x8000583e (0x00000001) c.nop
core   0: 3 0x8000583e (0x0001)
core   0: 0x80005840 (0x00001465) c.addi  s0, -7
core   0: 3 0x80005840 (0x1465) x 8 0xfffffff5
core   0: 0x80005842 (0xff600c93) li      s9, -10
core   0: 3 0x80005842 (0xff600c93) x25 0xfffffff6
core   0: 0x80005846 (0x00008e01) c.sub   a2, s0
core   0: 3 0x80005846 (0x8e01) x12 0x6bdf400b
core   0: 0x80005848 (0xfec00493) li      s1, -20
core   0: 3 0x80005848 (0xfec00493) x 9 0xffffffec
core   0: 0x8000584c (0x000099fd) c.andi  a1, -1
core   0: 3 0x8000584c (0x99fd) x11 0x000000fc
core   0: 0x8000584e (0x7ca4b313) sltiu   t1, s1, 1994
core   0: 3 0x8000584e (0x7ca4b313) x 6 0x00000000
core   0: 0x80005852 (0x6bdf4637) lui     a2, 0x6bdf4
core   0: 3 0x80005852 (0x6bdf4637) x12 0x6bdf4000
core   0: 0x80005856 (0x02feb833) mulhu   a6, t4, a5
core   0: 3 0x80005856 (0x02feb833) x16 0x00012fff
core   0: 0x8000585a (0x00001ce1) c.addi  s9, -8
core   0: 3 0x8000585a (0x1ce1) x25 0xffffffee
core   0: 0x8000585c (0x00008fd5) c.or    a5, a3
core   0: 3 0x8000585c (0x8fd5) x15 0xffffffff
core   0: 0x8000585e (0x00879593) slli    a1, a5, 8
core   0: 3 0x8000585e (0x00879593) x11 0xffffff00
core   0: 0x80005862 (0x017163b3) or      t2, sp, s7
core   0: 3 0x80005862 (0x017163b3) x 7 0xee0c4f7b
core   0: 0x80005866 (0x10fd6f13) ori     t5, s10, 271
core   0: 3 0x80005866 (0x10fd6f13) x30 0x0000010f
core   0: 0x8000586a (0x02d0c7b3) div     a5, ra, a3
core   0: 3 0x8000586a (0x02d0c7b3) x15 0xffffffef
core   0: 0x8000586e (0xfe9cd2e3) bge     s9, s1, pc - 28
core   0: 3 0x8000586e (0xfe9cd2e3)
core   0: 0x80005852 (0x6bdf4637) lui     a2, 0x6bdf4
core   0: 3 0x80005852 (0x6bdf4637) x12 0x6bdf4000
core   0: 0x80005856 (0x02feb833) mulhu   a6, t4, a5
core   0: 3 0x80005856 (0x02feb833) x16 0x00012fff
core   0: 0x8000585a (0x00001ce1) c.addi  s9, -8
core   0: 3 0x8000585a (0x1ce1) x25 0xffffffe6
core   0: 0x8000585c (0x00008fd5) c.or    a5, a3
core   0: 3 0x8000585c (0x8fd5) x15 0xffffffff
core   0: 0x8000585e (0x00879593) slli    a1, a5, 8
core   0: 3 0x8000585e (0x00879593) x11 0xffffff00
core   0: 0x80005862 (0x017163b3) or      t2, sp, s7
core   0: 3 0x80005862 (0x017163b3) x 7 0xee0c4f7b
core   0: 0x80005866 (0x10fd6f13) ori     t5, s10, 271
core   0: 3 0x80005866 (0x10fd6f13) x30 0x0000010f
core   0: 0x8000586a (0x02d0c7b3) div     a5, ra, a3
core   0: 3 0x8000586a (0x02d0c7b3) x15 0xffffffef
core   0: 0x8000586e (0xfe9cd2e3) bge     s9, s1, pc - 28
core   0: 3 0x8000586e (0xfe9cd2e3)
core   0: 0x80005872 (0x00008da1) c.xor   a1, s0
core   0: 3 0x80005872 (0x8da1) x11 0x000000f5
core   0: 0x80005874 (0x00006129) c.addi16sp sp, 192
core   0: 3 0x80005874 (0x6129) x 2 0xee0c08fa
core   0: 0x80005876 (0x00a94c33) xor     s8, s2, a0
core   0: 3 0x80005876 (0x00a94c33) x24 0x80021e25
core   0: 0x8000587a (0xfd4410e3) bne     s0, s4, pc - 64
core   0: 3 0x8000587a (0xfd4410e3)
core   0: 0x8000583a (0x6e0bb117) auipc   sp, 0x6e0bb
core   0: 3 0x8000583a (0x6e0bb117) x 2 0xee0c083a
core   0: 0x8000583e (0x00000001) c.nop
core   0: 3 0x8000583e (0x0001)
core   0: 0x80005840 (0x00001465) c.addi  s0, -7
core   0: 3 0x80005840 (0x1465) x 8 0xffffffee
core   0: 0x80005842 (0xff600c93) li      s9, -10
core   0: 3 0x80005842 (0xff600c93) x25 0xfffffff6
core   0: 0x80005846 (0x00008e01) c.sub   a2, s0
core   0: 3 0x80005846 (0x8e01) x12 0x6bdf4012
core   0: 0x80005848 (0xfec00493) li      s1, -20
core   0: 3 0x80005848 (0xfec00493) x 9 0xffffffec
core   0: 0x8000584c (0x000099fd) c.andi  a1, -1
core   0: 3 0x8000584c (0x99fd) x11 0x000000f5
core   0: 0x8000584e (0x7ca4b313) sltiu   t1, s1, 1994
core   0: 3 0x8000584e (0x7ca4b313) x 6 0x00000000
core   0: 0x80005852 (0x6bdf4637) lui     a2, 0x6bdf4
core   0: 3 0x80005852 (0x6bdf4637) x12 0x6bdf4000
core   0: 0x80005856 (0x02feb833) mulhu   a6, t4, a5
core   0: 3 0x80005856 (0x02feb833) x16 0x00012fff
core   0: 0x8000585a (0x00001ce1) c.addi  s9, -8
core   0: 3 0x8000585a (0x1ce1) x25 0xffffffee
core   0: 0x8000585c (0x00008fd5) c.or    a5, a3
core   0: 3 0x8000585c (0x8fd5) x15 0xffffffff
core   0: 0x8000585e (0x00879593) slli    a1, a5, 8
core   0: 3 0x8000585e (0x00879593) x11 0xffffff00
core   0: 0x80005862 (0x017163b3) or      t2, sp, s7
core   0: 3 0x80005862 (0x017163b3) x 7 0xee0c4f7b
core   0: 0x80005866 (0x10fd6f13) ori     t5, s10, 271
core   0: 3 0x80005866 (0x10fd6f13) x30 0x0000010f
core   0: 0x8000586a (0x02d0c7b3) div     a5, ra, a3
core   0: 3 0x8000586a (0x02d0c7b3) x15 0xffffffef
core   0: 0x8000586e (0xfe9cd2e3) bge     s9, s1, pc - 28
core   0: 3 0x8000586e (0xfe9cd2e3)
core   0: 0x80005852 (0x6bdf4637) lui     a2, 0x6bdf4
core   0: 3 0x80005852 (0x6bdf4637) x12 0x6bdf4000
core   0: 0x80005856 (0x02feb833) mulhu   a6, t4, a5
core   0: 3 0x80005856 (0x02feb833) x16 0x00012fff
core   0: 0x8000585a (0x00001ce1) c.addi  s9, -8
core   0: 3 0x8000585a (0x1ce1) x25 0xffffffe6
core   0: 0x8000585c (0x00008fd5) c.or    a5, a3
core   0: 3 0x8000585c (0x8fd5) x15 0xffffffff
core   0: 0x8000585e (0x00879593) slli    a1, a5, 8
core   0: 3 0x8000585e (0x00879593) x11 0xffffff00
core   0: 0x80005862 (0x017163b3) or      t2, sp, s7
core   0: 3 0x80005862 (0x017163b3) x 7 0xee0c4f7b
core   0: 0x80005866 (0x10fd6f13) ori     t5, s10, 271
core   0: 3 0x80005866 (0x10fd6f13) x30 0x0000010f
core   0: 0x8000586a (0x02d0c7b3) div     a5, ra, a3
core   0: 3 0x8000586a (0x02d0c7b3) x15 0xffffffef
core   0: 0x8000586e (0xfe9cd2e3) bge     s9, s1, pc - 28
core   0: 3 0x8000586e (0xfe9cd2e3)
core   0: 0x80005872 (0x00008da1) c.xor   a1, s0
core   0: 3 0x80005872 (0x8da1) x11 0x000000ee
core   0: 0x80005874 (0x00006129) c.addi16sp sp, 192
core   0: 3 0x80005874 (0x6129) x 2 0xee0c08fa
core   0: 0x80005876 (0x00a94c33) xor     s8, s2, a0
core   0: 3 0x80005876 (0x00a94c33) x24 0x80021e25
core   0: 0x8000587a (0xfd4410e3) bne     s0, s4, pc - 64
core   0: 3 0x8000587a (0xfd4410e3)
core   0: 0x8000587e (0x400fd313) srai    t1, t6, 0
core   0: 3 0x8000587e (0x400fd313) x 6 0xffffffef
core   0: 0x80005882 (0x03620f63) beq     tp, s6, pc + 62
core   0: 3 0x80005882 (0x03620f63)
core   0: 0x80005886 (0x0109a133) slt     sp, s3, a6
core   0: 3 0x80005886 (0x0109a133) x 2 0x00000001
core   0: 0x8000588a (0x00008ff2) c.mv    t6, t3
core   0: 3 0x8000588a (0x8ff2) x31 0x00044759
core   0: 0x8000588c (0x00006b09) c.lui   s6, 0x2
core   0: 3 0x8000588c (0x6b09) x22 0x00002000
core   0: 0x8000588e (0x40c1d113) srai    sp, gp, 12
core   0: 3 0x8000588e (0x40c1d113) x 2 0x00000000
core   0: 0x80005892 (0x02f5cd33) div     s10, a1, a5
core   0: 3 0x80005892 (0x02f5cd33) x26 0xfffffff2
core   0: 0x80005896 (0x00796a63) bltu    s2, t2, pc + 20
core   0: 3 0x80005896 (0x00796a63)
core   0: 0x800058aa (0x000095fa) c.add   a1, t5
core   0: 3 0x800058aa (0x95fa) x11 0x000001fd
core   0: 0x800058ac (0x0ff0000f) fence   iorw,iorw
core   0: 3 0x800058ac (0x0ff0000f)
core   0: 0x800058b0 (0x27d70413) addi    s0, a4, 637
core   0: 3 0x800058b0 (0x27d70413) x 8 0x214f7a97
core   0: 0x800058b4 (0x0000e88d) c.bnez  s1, pc + 50
core   0: 3 0x800058b4 (0xe88d)
core   0: 0x800058e6 (0x00006911) c.lui   s2, 0x4
core   0: 3 0x800058e6 (0x6911) x18 0x00004000
core   0: 0x800058e8 (0x20405d37) lui     s10, 0x20405
core   0: 3 0x800058e8 (0x20405d37) x26 0x20405000
core   0: 0x800058ec (0x00008f45) c.or    a4, s1
core   0: 3 0x800058ec (0x8f45) x14 0xfffffffe
core   0: 0x800058ee (0x02194963) blt     s2, ra, pc + 50
core   0: 3 0x800058ee (0x02194963)
core   0: 0x800058f2 (0x00008c89) c.sub   s1, a0
core   0: 3 0x800058f2 (0x8c89) x 9 0x7ffde1c0
core   0: 0x800058f4 (0x000088b6) c.mv    a7, a3
core   0: 3 0x800058f4 (0x88b6) x17 0xffffffff
core   0: 0x800058f6 (0x03162833) mulhsu  a6, a2, a7
core   0: 3 0x800058f6 (0x03162833) x16 0x6bdf3fff
core   0: 0x800058fa (0xb499ef93) ori     t6, s3, -1207
core   0: 3 0x800058fa (0xb499ef93) x31 0xfffffb4b
core   0: 0x800058fe (0x00b0d033) srl     zero, ra, a1
core   0: 3 0x800058fe (0x00b0d033)
core   0: 0x80005902 (0x03859d33) mulh    s10, a1, s8
core   0: 3 0x80005902 (0x03859d33) x26 0xffffff01
core   0: 0x80005906 (0x003e58b3) srl     a7, t3, gp
core   0: 3 0x80005906 (0x003e58b3) x17 0x0000111d
core   0: 0x8000590a (0x006f36b3) sltu    a3, t5, t1
core   0: 3 0x8000590a (0x006f36b3) x13 0x00000001
core   0: 0x8000590e (0x0000717d) c.addi16sp sp, -16
core   0: 3 0x8000590e (0x717d) x 2 0xfffffff0
core   0: 0x80005910 (0x03e21333) mulh    t1, tp, t5
core   0: 3 0x80005910 (0x03e21333) x 6 0x00000000
core   0: 0x80005914 (0x03da9033) mulh    zero, s5, t4
core   0: 3 0x80005914 (0x03da9033)
core   0: 0x80005918 (0x0000100f) fence.i
core   0: 3 0x80005918 (0x0000100f)
core   0: 0x8000591c (0x0000c19d) c.beqz  a1, pc + 38
core   0: 3 0x8000591c (0xc19d)
core   0: 0x8000591e (0x00000001) c.nop
core   0: 3 0x8000591e (0x0001)
core   0: 0x80005920 (0x024870b3) remu    ra, a6, tp
core   0: 3 0x80005920 (0x024870b3) x 1 0x00000003
core   0: 0x80005924 (0xf538c613) xori    a2, a7, -173
core   0: 3 0x80005924 (0xf538c613) x12 0xffffee4e
core   0: 0x80005928 (0x037a3833) mulhu   a6, s4, s7
core   0: 3 0x80005928 (0x037a3833) x16 0x00044758
core   0: 0x8000592c (0x00009cf6) c.add   s9, t4
core   0: 3 0x8000592c (0x9cf6) x25 0x00012fe6
core   0: 0x8000592e (0x0ff0000f) fence   iorw,iorw
core   0: 3 0x8000592e (0x0ff0000f)
core   0: 0x80005932 (0x9002dd17) auipc   s10, 0x9002d
core   0: 3 0x80005932 (0x9002dd17) x26 0x10032932
core   0: 0x80005936 (0x000045b1) c.li    a1, 12
core   0: 3 0x80005936 (0x45b1) x11 0x0000000c
core   0: 0x80005938 (0x00008ecd) c.or    a3, a1
core   0: 3 0x80005938 (0x8ecd) x13 0x0000000d
core   0: 0x8000593a (0x0000100f) fence.i
core   0: 3 0x8000593a (0x0000100f)
core   0: 0x8000593e (0x61140393) addi    t2, s0, 1553
core   0: 3 0x8000593e (0x61140393) x 7 0x214f80a8
core   0: 0x80005942 (0x91d48893) addi    a7, s1, -1763
core   0: 3 0x80005942 (0x91d48893) x17 0x7ffddadd
core   0: 0x80005946 (0x020d5633) divu    a2, s10, zero
core   0: 3 0x80005946 (0x020d5633) x12 0xffffffff
core   0: 0x8000594a (0x00787433) and     s0, a6, t2
core   0: 3 0x8000594a (0x00787433) x 8 0x00040008
core   0: 0x8000594e (0x00006175) c.addi16sp sp, 368
core   0: 3 0x8000594e (0x6175) x 2 0x00000160
core   0: 0x80005950 (0x00006109) c.addi16sp sp, 128
core   0: 3 0x80005950 (0x6109) x 2 0x000001e0
core   0: 0x80005952 (0x00000001) c.nop
core   0: 3 0x80005952 (0x0001)
core   0: 0x80005954 (0x00008fca) c.mv    t6, s2
core   0: 3 0x80005954 (0x8fca) x31 0x00004000
core   0: 0x80005956 (0x03ecb033) mulhu   zero, s9, t5
core   0: 3 0x80005956 (0x03ecb033)
core   0: 0x8000595a (0x00008ced) c.and   s1, a1
core   0: 3 0x8000595a (0x8ced) x 9 0x00000000
core   0: 0x8000595c (0x400b06b3) sub     a3, s6, zero
core   0: 3 0x8000595c (0x400b06b3) x13 0x00002000
core   0: 0x80005960 (0x015d1f13) slli    t5, s10, 21
core   0: 3 0x80005960 (0x015d1f13) x30 0x26400000
core   0: 0x80005964 (0x0ff0000f) fence   iorw,iorw
core   0: 3 0x80005964 (0x0ff0000f)
core   0: 0x80005968 (0x000089d9) c.andi  a1, 22
core   0: 3 0x80005968 (0x89d9) x11 0x00000004
core   0: 0x8000596a (0x01d78933) add     s2, a5, t4
core   0: 3 0x8000596a (0x01d78933) x18 0x00012fef
core   0: 0x8000596e (0x017f1693) slli    a3, t5, 23
core   0: 3 0x8000596e (0x017f1693) x13 0x00000000
core   0: 0x80005972 (0x41e35713) srai    a4, t1, 30
core   0: 3 0x80005972 (0x41e35713) x14 0x00000000
core   0: 0x80005976 (0x03400d63) beq     zero, s4, pc + 58
core   0: 3 0x80005976 (0x03400d63)
core   0: 0x8000597a (0x00008f01) c.sub   a4, s0
core   0: 3 0x8000597a (0x8f01) x14 0xfffbfff8
core   0: 0x8000597c (0x000083ed) c.srli  a5, 27
core   0: 3 0x8000597c (0x83ed) x15 0x0000001f
core   0: 0x8000597e (0x00008c55) c.or    s0, a3
core   0: 3 0x8000597e (0x8c55) x 8 0x00040008
core   0: 0x80005980 (0x02ba80b3) mul     ra, s5, a1
core   0: 3 0x80005980 (0x02ba80b3) x 1 0x216d7c80
core   0: 0x80005984 (0x860d6913) ori     s2, s10, -1952
core   0: 3 0x80005984 (0x860d6913) x18 0xfffff972
core   0: 0x80005988 (0x038b84b3) mul     s1, s7, s8
core   0: 3 0x80005988 (0x038b84b3) x 9 0x8facbddd
core   0: 0x8000598c (0x6ba8a213) slti    tp, a7, 1722
core   0: 3 0x8000598c (0x6ba8a213) x 4 0x00000000
core   0: 0x80005990 (0x021d38b3) mulhu   a7, s10, ra
core   0: 3 0x80005990 (0x021d38b3) x17 0x02174171
core   0: 0x80005994 (0x0393ba33) mulhu   s4, t2, s9
core   0: 3 0x80005994 (0x0393ba33) x20 0x0000278b
core   0: 0x80005998 (0x00008299) c.srli  a3, 6
core   0: 3 0x80005998 (0x8299) x13 0x00000000
core   0: 0x8000599a (0x03700b33) mul     s6, zero, s7
core   0: 3 0x8000599a (0x03700b33) x22 0x00000000
core   0: 0x8000599e (0xa580a993) slti    s3, ra, -1448
core   0: 3 0x8000599e (0xa580a993) x19 0x00000000
core   0: 0x800059a2 (0x1a7bb993) sltiu   s3, s7, 423
core   0: 3 0x800059a2 (0x1a7bb993) x19 0x00000000
core   0: 0x800059a6 (0x013a9633) sll     a2, s5, s3
core   0: 3 0x800059a6 (0x013a9633) x12 0x085b5f20
core   0: 0x800059aa (0x03955a33) divu    s4, a0, s9
core   0: 3 0x800059aa (0x03955a33) x20 0x00006bd5
core   0: 0x800059ae (0x0000919e) c.add   gp, t2
core   0: 3 0x800059ae (0x919e) x 3 0x214f80ae
core   0: 0x800059b0 (0x0000140c) c.addi4spn a1, sp, 544
core   0: 3 0x800059b0 (0x140c) x11 0x00000400
core   0: 0x800059b2 (0x02dcee33) rem     t3, s9, a3
core   0: 3 0x800059b2 (0x02dcee33) x28 0x00012fe6
core   0: 0x800059b6 (0x00008c49) c.or    s0, a0
core   0: 3 0x800059b6 (0x8c49) x 8 0x80061e2c
core   0: 0x800059b8 (0xd6fcb693) sltiu   a3, s9, -657
core   0: 3 0x800059b8 (0xd6fcb693) x13 0x00000001
core   0: 0x800059bc (0x010b8eb3) add     t4, s7, a6
core   0: 3 0x800059bc (0x010b8eb3) x29 0x00088eb1
core   0: 0x800059c0 (0x018e6833) or      a6, t3, s8
core   0: 3 0x800059c0 (0x018e6833) x16 0x80033fe7
core   0: 0x800059c4 (0x1c40cd13) xori    s10, ra, 452
core   0: 3 0x800059c4 (0x1c40cd13) x26 0x216d7d44
core   0: 0x800059c8 (0x00008e19) c.sub   a2, a4
core   0: 3 0x800059c8 (0x8e19) x12 0x085f5f28
core   0: 0x800059ca (0x0000928e) c.add   t0, gp
core   0: 3 0x800059ca (0x928e) x 5 0x214f80b4
core   0: 0x800059cc (0x028094b3) mulh    s1, ra, s0
core   0: 3 0x800059cc (0x028094b3) x 9 0xef4a0e41
core   0: 0x800059d0 (0x40a65d13) srai    s10, a2, 10
core   0: 3 0x800059d0 (0x40a65d13) x26 0x000217d7
core   0: 0x800059d4 (0x0000100f) fence.i
core   0: 3 0x800059d4 (0x0000100f)
core   0: 0x800059d8 (0x0000cd8d) c.beqz  a1, pc + 58
core   0: 3 0x800059d8 (0xcd8d)
core   0: 0x800059da (0x5900bfb7) lui     t6, 0x5900b
core   0: 3 0x800059da (0x5900bfb7) x31 0x5900b000
core   0: 0x800059de (0x02646633) rem     a2, s0, t1
core   0: 3 0x800059de (0x02646633) x12 0x80061e2c
core   0: 0x800059e2 (0x00004199) c.li    gp, 6
core   0: 3 0x800059e2 (0x4199) x 3 0x00000006
core   0: 0x800059e4 (0x81754e93) xori    t4, a0, -2025
core   0: 3 0x800059e4 (0x81754e93) x29 0x7ffde63b
core   0: 0x800059e8 (0x00001cfd) c.addi  s9, -1
core   0: 3 0x800059e8 (0x1cfd) x25 0x00012fe5
core   0: 0x800059ea (0x02911263) bne     sp, s1, pc + 36
core   0: 3 0x800059ea (0x02911263)
core   0: 0x80005a0e (0xebbac713) xori    a4, s5, -325
core   0: 3 0x80005a0e (0xebbac713) x14 0xf7a4a19b
core   0: 0x80005a12 (0x034bfd63) bgeu    s7, s4, pc + 58
core   0: 3 0x80005a12 (0x034bfd63)
core   0: 0x80005a4c (0x0152bb33) sltu    s6, t0, s5
core   0: 3 0x80005a4c (0x0152bb33) x22 0x00000000
core   0: 0x80005a50 (0x3c10e293) ori     t0, ra, 961
core   0: 3 0x80005a50 (0x3c10e293) x 5 0x216d7fc1
core   0: 0x80005a54 (0x00561c13) slli    s8, a2, 5
core   0: 3 0x80005a54 (0x00561c13) x24 0x00c3c580
core   0: 0x80005a58 (0x00000001) c.nop
core   0: 3 0x80005a58 (0x0001)
core   0: 0x80005a5a (0x00000001) c.nop
core   0: 3 0x80005a5a (0x0001)
core   0: 0x80005a5c (0x0000100f) fence.i
core   0: 3 0x80005a5c (0x0000100f)
core   0: 0x80005a60 (0x00008fd9) c.or    a5, a4
core   0: 3 0x80005a60 (0x8fd9) x15 0xf7a4a19f
core   0: 0x80005a62 (0x00674463) blt     a4, t1, pc + 8
core   0: 3 0x80005a62 (0x00674463)
core   0: 0x80005a6a (0x0000e815) c.bnez  s0, pc + 52
core   0: 3 0x80005a6a (0xe815)
core   0: 0x80005a9e (0xef7e2f13) slti    t5, t3, -265
core   0: 3 0x80005a9e (0xef7e2f13) x30 0x00000000
core   0: 0x80005aa2 (0x00df5a33) srl     s4, t5, a3
core   0: 3 0x80005aa2 (0x00df5a33) x20 0x00000000
core   0: 0x80005aa6 (0x03fea2b3) mulhsu  t0, t4, t6
core   0: 3 0x80005aa6 (0x03fea2b3) x 5 0x2c7f9d09
core   0: 0x80005aaa (0x0323d063) bge     t2, s2, pc + 32
core   0: 3 0x80005aaa (0x0323d063)
core   0: 0x80005aca (0x416bd133) sra     sp, s7, s6
core   0: 3 0x80005aca (0x416bd133) x 2 0x00044759
core   0: 0x80005ace (0x00dba833) slt     a6, s7, a3
core   0: 3 0x80005ace (0x00dba833) x16 0x00000000
core   0: 0x80005ad2 (0x0145feb3) and     t4, a1, s4
core   0: 3 0x80005ad2 (0x0145feb3) x29 0x00000000
core   0: 0x80005ad6 (0x014845b3) xor     a1, a6, s4
core   0: 3 0x80005ad6 (0x014845b3) x11 0x00000000
core   0: 0x80005ada (0xb162e413) ori     s0, t0, -1258
core   0: 3 0x80005ada (0xb162e413) x 8 0xffffff1f
core   0: 0x80005ade (0x031d1033) mulh    zero, s10, a7
core   0: 3 0x80005ade (0x031d1033)
core   0: 0x80005ae2 (0xf6728413) addi    s0, t0, -153
core   0: 3 0x80005ae2 (0xf6728413) x 8 0x2c7f9c70
core   0: 0x80005ae6 (0x000083d9) c.srli  a5, 22
core   0: 3 0x80005ae6 (0x83d9) x15 0x000003de
core   0: 0x80005ae8 (0x000085c9) c.srai  a1, 18
core   0: 3 0x80005ae8 (0x85c9) x11 0x00000000
core   0: 0x80005aea (0x00000b15) c.addi  s6, 5
core   0: 3 0x80005aea (0x0b15) x22 0x00000005
core   0: 0x80005aec (0x03ff98b3) mulh    a7, t6, t6
core   0: 3 0x80005aec (0x03ff98b3) x17 0x1ef17a60
core   0: 0x80005af0 (0x01efe6b3) or      a3, t6, t5
core   0: 3 0x80005af0 (0x01efe6b3) x13 0x5900b000
core   0: 0x80005af4 (0x00001e14) c.addi4spn a3, sp, 816
core   0: 3 0x80005af4 (0x1e14) x13 0x00044a89
core   0: 0x80005af6 (0x415903b3) sub     t2, s2, s5
core   0: 3 0x80005af6 (0x415903b3) x 7 0xf7a49a52
core   0: 0x80005afa (0x0000e795) c.bnez  a5, pc + 44
core   0: 3 0x80005afa (0xe795)
core   0: 0x80005b26 (0x404e5913) srai    s2, t3, 4
core   0: 3 0x80005b26 (0x404e5913) x18 0x000012fe
core   0: 0x80005b2a (0x0000717d) c.addi16sp sp, -16
core   0: 3 0x80005b2a (0x717d) x 2 0x00044749
core   0: 0x80005b2c (0x00000eae) c.slli  t4, 11
core   0: 3 0x80005b2c (0x0eae) x29 0x00000000
core   0: 0x80005b2e (0x0000100f) fence.i
core   0: 3 0x80005b2e (0x0000100f)
core   0: 0x80005b32 (0x77c7a293) slti    t0, a5, 1916
core   0: 3 0x80005b32 (0x77c7a293) x 5 0x00000001
core   0: 0x80005b36 (0x0000826d) c.srli  a2, 27
core   0: 3 0x80005b36 (0x826d) x12 0x00000010
core   0: 0x80005b38 (0x000087ee) c.mv    a5, s11
core   0: 3 0x80005b38 (0x87ee) x15 0x80025ce4
core   0: 0x80005b3a (0x0112d1b3) srl     gp, t0, a7
core   0: 3 0x80005b3a (0x0112d1b3) x 3 0x00000001
core   0: 0x80005b3e (0x00008761) c.srai  a4, 24
core   0: 3 0x80005b3e (0x8761) x14 0xfffffff7
core   0: 0x80005b40 (0x01429913) slli    s2, t0, 20
core   0: 3 0x80005b40 (0x01429913) x18 0x00100000
core   0: 0x80005b44 (0xadc9a913) slti    s2, s3, -1316
core   0: 3 0x80005b44 (0xadc9a913) x18 0x00000000
core   0: 0x80005b48 (0x031bf763) bgeu    s7, a7, pc + 46
core   0: 3 0x80005b48 (0x031bf763)
core   0: 0x80005b4c (0x013b9963) bne     s7, s3, pc + 18
core   0: 3 0x80005b4c (0x013b9963)
core   0: 0x80005b5e (0x000dff63) bgeu    s11, zero, pc + 30
core   0: 3 0x80005b5e (0x000dff63)
core   0: 0x80005b7c (0x00008de5) c.and   a1, s1
core   0: 3 0x80005b7c (0x8de5) x11 0x00000000
core   0: 0x80005b7e (0x037dc363) blt     s11, s7, pc + 38
core   0: 3 0x80005b7e (0x037dc363)
core   0: 0x80005ba4 (0xb2daee13) ori     t3, s5, -1235
core   0: 3 0x80005ba4 (0xb2daee13) x28 0xffffff2d
core   0: 0x80005ba8 (0xd293e393) ori     t2, t2, -727
core   0: 3 0x80005ba8 (0xd293e393) x 7 0xffffff7b
core   0: 0x80005bac (0x000062ad) c.lui   t0, 0xb
core   0: 3 0x80005bac (0x62ad) x 5 0x0000b000
core   0: 0x80005bae (0x04a33c93) sltiu   s9, t1, 74
core   0: 3 0x80005bae (0x04a33c93) x25 0x00000001
core   0: 0x80005bb2 (0x0000447d) c.li    s0, 31
core   0: 3 0x80005bb2 (0x447d) x 8 0x0000001f
core   0: 0x80005bb4 (0x012065b3) or      a1, zero, s2
core   0: 3 0x80005bb4 (0x012065b3) x11 0x00000000
core   0: 0x80005bb8 (0x01eb1013) slli    zero, s6, 30
core   0: 3 0x80005bb8 (0x01eb1013)
core   0: 0x80005bbc (0x00ea8e33) add     t3, s5, a4
core   0: 3 0x80005bbc (0x00ea8e33) x28 0x085b5f17
core   0: 0x80005bc0 (0x00000d65) c.addi  s10, 25
core   0: 3 0x80005bc0 (0x0d65) x26 0x000217f0
core   0: 0x80005bc2 (0x41f75913) srai    s2, a4, 31
core   0: 3 0x80005bc2 (0x41f75913) x18 0xffffffff
core   0: 0x80005bc6 (0x0ff0000f) fence   iorw,iorw
core   0: 3 0x80005bc6 (0x0ff0000f)
core   0: 0x80005bca (0x0308ba33) mulhu   s4, a7, a6
core   0: 3 0x80005bca (0x0308ba33) x20 0x00000000
core   0: 0x80005bce (0x004e9c93) slli    s9, t4, 4
core   0: 3 0x80005bce (0x004e9c93) x25 0x00000000
core   0: 0x80005bd2 (0x0000ca95) c.beqz  a3, pc + 52
core   0: 3 0x80005bd2 (0xca95)
core   0: 0x80005bd4 (0x03195863) bge     s2, a7, pc + 48
core   0: 3 0x80005bd4 (0x03195863)
core   0: 0x80005bd8 (0x03ebec33) rem     s8, s7, t5
core   0: 3 0x80005bd8 (0x03ebec33) x24 0x00044759
core   0: 0x80005bdc (0x00008ef5) c.and   a3, a3
core   0: 3 0x80005bdc (0x8ef5) x13 0x00044a89
core   0: 0x80005bde (0x0ff0000f) fence   iorw,iorw
core   0: 3 0x80005bde (0x0ff0000f)
core   0: 0x80005be2 (0x01f48463) beq     s1, t6, pc + 8
core   0: 3 0x80005be2 (0x01f48463)
core   0: 0x80005be6 (0x02263633) mulhu   a2, a2, sp
core   0: 3 0x80005be6 (0x02263633) x12 0x00000000
core   0: 0x80005bea (0x00000a4a) c.slli  s4, 18
core   0: 3 0x80005bea (0x0a4a) x20 0x00000000
core   0: 0x80005bec (0x00008225) c.srli  a2, 9
core   0: 3 0x80005bec (0x8225) x12 0x00000000
core   0: 0x80005bee (0xc0656293) ori     t0, a0, -1018
core   0: 3 0x80005bee (0xc0656293) x 5 0xfffffe2e
core   0: 0x80005bf2 (0x00295333) srl     t1, s2, sp
core   0: 3 0x80005bf2 (0x00295333) x 6 0x007fffff
core   0: 0x80005bf6 (0xb03c4d13) xori    s10, s8, -1277
core   0: 3 0x80005bf6 (0xb03c4d13) x26 0xfffbbc5a
core   0: 0x80005bfa (0x00008c21) c.xor   s0, s0
core   0: 3 0x80005bfa (0x8c21) x 8 0x00000000
core   0: 0x80005bfc (0x00751733) sll     a4, a0, t2
core   0: 3 0x80005bfc (0x00751733) x14 0x60000000
core   0: 0x80005c00 (0x00000001) c.nop
core   0: 3 0x80005c00 (0x0001)
core   0: 0x80005c02 (0x000086d9) c.srai  a3, 22
core   0: 3 0x80005c02 (0x86d9) x13 0x00000000
core   0: 0x80005c04 (0x00000096) c.slli  ra, 5
core   0: 3 0x80005c04 (0x0096) x 1 0x2daf9000
core   0: 0x80005c06 (0x00009b7d) c.andi  a4, -1
core   0: 3 0x80005c06 (0x9b7d) x14 0x60000000
core   0: 0x80005c08 (0x0116f6b3) and     a3, a3, a7
core   0: 3 0x80005c08 (0x0116f6b3) x13 0x00000000
core   0: 0x80005c0c (0x00008715) c.srai  a4, 5
core   0: 3 0x80005c0c (0x8715) x14 0x03000000
core   0: 0x80005c0e (0x0451d163) bge     gp, t0, pc + 66
core   0: 3 0x80005c0e (0x0451d163)
core   0: 0x80005c50 (0x00000c94) c.addi4spn a3, sp, 592
core   0: 3 0x80005c50 (0x0c94) x13 0x00044999
core   0: 0x80005c52 (0x0000987d) c.andi  s0, -1
core   0: 3 0x80005c52 (0x987d) x 8 0x00000000
core   0: 0x80005c54 (0x0f19a417) auipc   s0, 0xf19a
core   0: 3 0x80005c54 (0x0f19a417) x 8 0x8f19fc54
core   0: 0x80005c58 (0x00008ccd) c.or    s1, a1
core   0: 3 0x80005c58 (0x8ccd) x 9 0xef4a0e41
core   0: 0x80005c5a (0x8f01f713) andi    a4, gp, -1808
core   0: 3 0x80005c5a (0x8f01f713) x14 0x00000000
core   0: 0x80005c5e (0x00008f45) c.or    a4, s1
core   0: 3 0x80005c5e (0x8f45) x14 0xef4a0e41
core   0: 0x80005c60 (0x2e7f4cb7) lui     s9, 0x2e7f4
core   0: 3 0x80005c60 (0x2e7f4cb7) x25 0x2e7f4000
core   0: 0x80005c64 (0x7e54bb13) sltiu   s6, s1, 2021
core   0: 3 0x80005c64 (0x7e54bb13) x22 0x00000000
core   0: 0x80005c68 (0x00008341) c.srli  a4, 16
core   0: 3 0x80005c68 (0x8341) x14 0x0000ef4a
core   0: 0x80005c6a (0xf8a70097) auipc   ra, 0xf8a70
core   0: 3 0x80005c6a (0xf8a70097) x 1 0x78a75c6a
core   0: 0x80005c6e (0x00000001) c.nop
core   0: 3 0x80005c6e (0x0001)
core   0: 0x80005c70 (0x41f656b3) sra     a3, a2, t6
core   0: 3 0x80005c70 (0x41f656b3) x13 0x00000000
core   0: 0x80005c74 (0x00008cc5) c.or    s1, s1
core   0: 3 0x80005c74 (0x8cc5) x 9 0xef4a0e41
core   0: 0x80005c76 (0x038b0663) beq     s6, s8, pc + 44
core   0: 3 0x80005c76 (0x038b0663)
core   0: 0x80005c7a (0x8057a613) slti    a2, a5, -2043
core   0: 3 0x80005c7a (0x8057a613) x12 0x00000001
core   0: 0x80005c7e (0x00ca90b3) sll     ra, s5, a2
core   0: 3 0x80005c7e (0x00ca90b3) x 1 0x10b6be40
core   0: 0x80005c82 (0x002c4133) xor     sp, s8, sp
core   0: 3 0x80005c82 (0x002c4133) x 2 0x00000010
core   0: 0x80005c86 (0x00000001) c.nop
core   0: 3 0x80005c86 (0x0001)
core   0: 0x80005c88 (0xcad03813) sltiu   a6, zero, -851
core   0: 3 0x80005c88 (0xcad03813) x16 0x00000001
core   0: 0x80005c8c (0x02e34063) blt     t1, a4, pc + 32
core   0: 3 0x80005c8c (0x02e34063)
core   0: 0x80005c90 (0x01af85b3) add     a1, t6, s10
core   0: 3 0x80005c90 (0x01af85b3) x11 0x58fc6c5a
core   0: 0x80005c94 (0x01afcc33) xor     s8, t6, s10
core   0: 3 0x80005c94 (0x01afcc33) x24 0xa6fb0c5a
core   0: 0x80005c98 (0x00008371) c.srli  a4, 28
core   0: 3 0x80005c98 (0x8371) x14 0x00000000
core   0: 0x80005c9a (0x00150f63) beq     a0, ra, pc + 30
core   0: 3 0x80005c9a (0x00150f63)
core   0: 0x80005c9e (0x000099fd) c.andi  a1, -1
core   0: 3 0x80005c9e (0x99fd) x11 0x58fc6c5a
core   0: 0x80005ca0 (0x00009a7d) c.andi  a2, -1
core   0: 3 0x80005ca0 (0x9a7d) x12 0x00000001
core   0: 0x80005ca2 (0x0000935e) c.add   t1, s7
core   0: 3 0x80005ca2 (0x935e) x 6 0x00844758
core   0: 0x80005ca4 (0x01515c33) srl     s8, sp, s5
core   0: 3 0x80005ca4 (0x01515c33) x24 0x00000010
core   0: 0x80005ca8 (0x00b44d63) blt     s0, a1, pc + 26
core   0: 3 0x80005ca8 (0x00b44d63)
core   0: 0x80005cc2 (0x002cbbb3) sltu    s7, s9, sp
core   0: 3 0x80005cc2 (0x002cbbb3) x23 0x00000000
core   0: 0x80005cc6 (0x4034de93) srai    t4, s1, 3
core   0: 3 0x80005cc6 (0x4034de93) x29 0xfde941c8
core   0: 0x80005cca (0x017f1033) sll     zero, t5, s7
core   0: 3 0x80005cca (0x017f1033)
core   0: 0x80005cce (0x08b44463) blt     s0, a1, pc + 136
core   0: 3 0x80005cce (0x08b44463)
core   0: 0x80005d56 (0x00006179) c.addi16sp sp, 464
core   0: 3 0x80005d56 (0x6179) x 2 0x000001e0
core   0: 0x80005d58 (0x00000b94) c.addi4spn a3, sp, 464
core   0: 3 0x80005d58 (0x0b94) x13 0x000003b0
core   0: 0x80005d5a (0x00000445) c.addi  s0, 17
core   0: 3 0x80005d5a (0x0445) x 8 0x8f19fc65
core   0: 0x80005d5c (0x004b2eb3) slt     t4, s6, tp
core   0: 3 0x80005d5c (0x004b2eb3) x29 0x00000000
core   0: 0x80005d60 (0x41bd5fb3) sra     t6, s10, s11
core   0: 3 0x80005d60 (0x41bd5fb3) x31 0xffffbbc5
core   0: 0x80005d64 (0x9bac8e13) addi    t3, s9, -1606
core   0: 3 0x80005d64 (0x9bac8e13) x28 0x2e7f39ba
core   0: 0x80005d68 (0x00008455) c.srai  s0, 21
core   0: 3 0x80005d68 (0x8455) x 8 0xfffffc78
core   0: 0x80005d6a (0x02c5e1b3) rem     gp, a1, a2
core   0: 3 0x80005d6a (0x02c5e1b3) x 3 0x00000000
core   0: 0x80005d6e (0x0000100f) fence.i
core   0: 3 0x80005d6e (0x0000100f)
core   0: 0x80005d72 (0x011c6b33) or      s6, s8, a7
core   0: 3 0x80005d72 (0x011c6b33) x22 0x1ef17a70
core   0: 0x80005d76 (0xdb582593) slti    a1, a6, -587
core   0: 3 0x80005d76 (0xdb582593) x11 0x00000000
core   0: 0x80005d7a (0x02b0b7b3) mulhu   a5, ra, a1
core   0: 3 0x80005d7a (0x02b0b7b3) x15 0x00000000
core   0: 0x80005d7e (0x02a03033) mulhu   zero, zero, a0
core   0: 3 0x80005d7e (0x02a03033)
core   0: 0x80005d82 (0x035d9333) mulh    t1, s11, s5
core   0: 3 0x80005d82 (0x035d9333) x 6 0xfbd2642f
core   0: 0x80005d86 (0x03872d33) mulhsu  s10, a4, s8
core   0: 3 0x80005d86 (0x03872d33) x26 0x00000000
core   0: 0x80005d8a (0x004ff9b3) and     s3, t6, tp
core   0: 3 0x80005d8a (0x004ff9b3) x19 0x00000000
core   0: 0x80005d8e (0x00008aa5) c.andi  a3, 9
core   0: 3 0x80005d8e (0x8aa5) x13 0x00000000
core   0: 0x80005d90 (0x0000717d) c.addi16sp sp, -16
core   0: 3 0x80005d90 (0x717d) x 2 0x000001d0
core   0: 0x80005d92 (0x60e18197) auipc   gp, 0x60e18
core   0: 3 0x80005d92 (0x60e18197) x 3 0xe0e1dd92
core   0: 0x80005d96 (0x00d983b3) add     t2, s3, a3
core   0: 3 0x80005d96 (0x00d983b3) x 7 0x00000000
core   0: 0x80005d9a (0x0000823d) c.srli  a2, 15
core   0: 3 0x80005d9a (0x823d) x12 0x00000000
core   0: 0x80005d9c (0x0132b833) sltu    a6, t0, s3
core   0: 3 0x80005d9c (0x0132b833) x16 0x00000000
core   0: 0x80005da0 (0x01525eb3) srl     t4, tp, s5
core   0: 3 0x80005da0 (0x01525eb3) x29 0x00000000
core   0: 0x80005da4 (0x0144e233) or      tp, s1, s4
core   0: 3 0x80005da4 (0x0144e233) x 4 0xef4a0e41
core   0: 0x80005da8 (0x018a3eb3) sltu    t4, s4, s8
core   0: 3 0x80005da8 (0x018a3eb3) x29 0x00000001
core   0: 0x80005dac (0x00006129) c.addi16sp sp, 192
core   0: 3 0x80005dac (0x6129) x 2 0x00000290
core   0: 0x80005dae (0x30ddf093) andi    ra, s11, 781
core   0: 3 0x80005dae (0x30ddf093) x 1 0x00000004
core   0: 0x80005db2 (0x0000e489) c.bnez  s1, pc + 10
core   0: 3 0x80005db2 (0xe489)
core   0: 0x80005dbc (0x4035d0b3) sra     ra, a1, gp
core   0: 3 0x80005dbc (0x4035d0b3) x 1 0x00000000
core   0: 0x80005dc0 (0x00000001) c.nop
core   0: 3 0x80005dc0 (0x0001)
core   0: 0x80005dc2 (0x0ff0000f) fence   iorw,iorw
core   0: 3 0x80005dc2 (0x0ff0000f)
core   0: 0x80005dc6 (0x00000bae) c.slli  s7, 11
core   0: 3 0x80005dc6 (0x0bae) x23 0x00000000
core   0: 0x80005dc8 (0x02560a63) beq     a2, t0, pc + 52
core   0: 3 0x80005dc8 (0x02560a63)
core   0: 0x80005dcc (0x0304d4b3) divu    s1, s1, a6
core   0: 3 0x80005dcc (0x0304d4b3) x 9 0xffffffff
core   0: 0x80005dd0 (0x00000001) c.nop
core   0: 3 0x80005dd0 (0x0001)
core   0: 0x80005dd2 (0xd405b713) sltiu   a4, a1, -704
core   0: 3 0x80005dd2 (0xd405b713) x14 0x00000001
core   0: 0x80005dd6 (0x00004095) c.li    ra, 5
core   0: 3 0x80005dd6 (0x4095) x 1 0x00000005
core   0: 0x80005dd8 (0x00f3feb3) and     t4, t2, a5
core   0: 3 0x80005dd8 (0x00f3feb3) x29 0x00000000
core   0: 0x80005ddc (0xb768f893) andi    a7, a7, -1162
core   0: 3 0x80005ddc (0xb768f893) x17 0x1ef17a60
core   0: 0x80005de0 (0x03bdbfb3) mulhu   t6, s11, s11
core   0: 3 0x80005de0 (0x03bdbfb3) x31 0x40025ce9
core   0: 0x80005de4 (0x00f01b13) slli    s6, zero, 15
core   0: 3 0x80005de4 (0x00f01b13) x22 0x00000000
core   0: 0x80005de8 (0x40d2d093) srai    ra, t0, 13
core   0: 3 0x80005de8 (0x40d2d093) x 1 0xffffffff
core   0: 0x80005dec (0x05dc7163) bgeu    s8, t4, pc + 66
core   0: 3 0x80005dec (0x05dc7163)
core   0: 0x80005e2e (0x0000ed8d) c.bnez  a1, pc + 58
core   0: 3 0x80005e2e (0xed8d)
core   0: 0x80005e30 (0x033312b3) mulh    t0, t1, s3
core   0: 3 0x80005e30 (0x033312b3) x 5 0x00000000
core   0: 0x80005e34 (0x03391fb3) mulh    t6, s2, s3
core   0: 3 0x80005e34 (0x03391fb3) x31 0x00000000
core   0: 0x80005e38 (0x01a1f633) and     a2, gp, s10
core   0: 3 0x80005e38 (0x01a1f633) x12 0x00000000
core   0: 0x80005e3c (0x00001f00) c.addi4spn s0, sp, 944
core   0: 3 0x80005e3c (0x1f00) x 8 0x00000640
core   0: 0x80005e3e (0x03c6e2b3) rem     t0, a3, t3
core   0: 3 0x80005e3e (0x03c6e2b3) x 5 0x00000000
core   0: 0x80005e42 (0xcd457693) andi    a3, a0, -812
core   0: 3 0x80005e42 (0xcd457693) x13 0x80021c04
core   0: 0x80005e46 (0x022a15b3) mulh    a1, s4, sp
core   0: 3 0x80005e46 (0x022a15b3) x11 0x00000000
core   0: 0x80005e4a (0x03551133) mulh    sp, a0, s5
core   0: 3 0x80005e4a (0x03551133) x 2 0xfbd26222
core   0: 0x80005e4e (0x034d6863) bltu    s10, s4, pc + 48
core   0: 3 0x80005e4e (0x034d6863)
core   0: 0x80005e52 (0x00008106) c.mv    sp, ra
core   0: 3 0x80005e52 (0x8106) x 2 0xffffffff
core   0: 0x80005e54 (0x40cd0b33) sub     s6, s10, a2
core   0: 3 0x80005e54 (0x40cd0b33) x22 0x00000000
core   0: 0x80005e58 (0x00009bfd) c.andi  a5, -1
core   0: 3 0x80005e58 (0x9bfd) x15 0x00000000
core   0: 0x80005e5a (0x31fb56b7) lui     a3, 0x31fb5
core   0: 3 0x80005e5a (0x31fb56b7) x13 0x31fb5000
core   0: 0x80005e5e (0x5a9c0f13) addi    t5, s8, 1449
core   0: 3 0x80005e5e (0x5a9c0f13) x30 0x000005b9
core   0: 0x80005e62 (0x01010333) add     t1, sp, a6
core   0: 3 0x80005e62 (0x01010333) x 6 0xffffffff
core   0: 0x80005e66 (0x00000b04) c.addi4spn s1, sp, 400
core   0: 3 0x80005e66 (0x0b04) x 9 0x0000018f
core   0: 0x80005e68 (0x02ff8d33) mul     s10, t6, a5
core   0: 3 0x80005e68 (0x02ff8d33) x26 0x00000000
core   0: 0x80005e6c (0x0000e80d) c.bnez  s0, pc + 50
core   0: 3 0x80005e6c (0xe80d)
core   0: 0x80005e9e (0x0087ca63) blt     a5, s0, pc + 20
core   0: 3 0x80005e9e (0x0087ca63)
core   0: 0x80005eb2 (0x018fec33) or      s8, t6, s8
core   0: 3 0x80005eb2 (0x018fec33) x24 0x00000010
core   0: 0x80005eb6 (0x0295d263) bge     a1, s1, pc + 36
core   0: 3 0x80005eb6 (0x0295d263)
core   0: 0x80005eba (0x00006361) c.lui   t1, 0x18
core   0: 3 0x80005eba (0x6361) x 6 0x00018000
core   0: 0x80005ebc (0x03655bb3) divu    s7, a0, s6
core   0: 3 0x80005ebc (0x03655bb3) x23 0xffffffff
core   0: 0x80005ec0 (0x0097bb33) sltu    s6, a5, s1
core   0: 3 0x80005ec0 (0x0097bb33) x22 0x00000001
core   0: 0x80005ec4 (0x40335133) sra     sp, t1, gp
core   0: 3 0x80005ec4 (0x40335133) x 2 0x00000000
core   0: 0x80005ec8 (0x01d00963) beq     zero, t4, pc + 18
core   0: 3 0x80005ec8 (0x01d00963)
core   0: 0x80005eda (0x0000100f) fence.i
core   0: 3 0x80005eda (0x0000100f)
core   0: 0x80005ede (0x022de7b3) rem     a5, s11, sp
core   0: 3 0x80005ede (0x022de7b3) x15 0x80025ce4
core   0: 0x80005ee2 (0x0ff0000f) fence   iorw,iorw
core   0: 3 0x80005ee2 (0x0ff0000f)
core   0: 0x80005ee6 (0x0337e763) bltu    a5, s3, pc + 46
core   0: 3 0x80005ee6 (0x0337e763)
core   0: 0x80005eea (0x0399df63) bge     s3, s9, pc + 62
core   0: 3 0x80005eea (0x0399df63)
core   0: 0x80005eee (0x41df5033) sra     zero, t5, t4
core   0: 3 0x80005eee (0x41df5033)
core   0: 0x80005ef2 (0xa0d6bf93) sltiu   t6, a3, -1523
core   0: 3 0x80005ef2 (0xa0d6bf93) x31 0x00000001
core   0: 0x80005ef6 (0x03a6c933) div     s2, a3, s10
core   0: 3 0x80005ef6 (0x03a6c933) x18 0xffffffff
core   0: 0x80005efa (0x0000cd81) c.beqz  a1, pc + 24
core   0: 3 0x80005efa (0xcd81)
core   0: 0x80005f12 (0x00008cb1) c.xor   s1, a2
core   0: 3 0x80005f12 (0x8cb1) x 9 0x0000018f
core   0: 0x80005f14 (0x00008dcd) c.or    a1, a1
core   0: 3 0x80005f14 (0x8dcd) x11 0x00000000
core   0: 0x80005f16 (0x000080bd) c.srli  s1, 15
core   0: 3 0x80005f16 (0x80bd) x 9 0x00000000
core   0: 0x80005f18 (0x0000ca05) c.beqz  a2, pc + 48
core   0: 3 0x80005f18 (0xca05)
core   0: 0x80005f48 (0xa6c6c193) xori    gp, a3, -1428
core   0: 3 0x80005f48 (0xa6c6c193) x 3 0xce04aa6c
core   0: 0x80005f4c (0x00009f7e) c.add   t5, t6
core   0: 3 0x80005f4c (0x9f7e) x30 0x000005ba
core   0: 0x80005f4e (0x40c55433) sra     s0, a0, a2
core   0: 3 0x80005f4e (0x40c55433) x 8 0x80021e2c
core   0: 0x80005f52 (0x02abfb63) bgeu    s7, a0, pc + 54
core   0: 3 0x80005f52 (0x02abfb63)
core   0: 0x80005f88 (0x0393cb33) div     s6, t2, s9
core   0: 3 0x80005f88 (0x0393cb33) x22 0x00000000
core   0: 0x80005f8c (0x00008c7d) c.and   s0, a5
core   0: 3 0x80005f8c (0x8c7d) x 8 0x80021c24
core   0: 0x80005f8e (0x0158d813) srli    a6, a7, 21
core   0: 3 0x80005f8e (0x0158d813) x16 0x000000f7
core   0: 0x80005f92 (0x0000100f) fence.i
core   0: 3 0x80005f92 (0x0000100f)
core   0: 0x80005f96 (0x03c29363) bne     t0, t3, pc + 38
core   0: 3 0x80005f96 (0x03c29363)
core   0: 0x80005fbc (0x00008f21) c.xor   a4, s0
core   0: 3 0x80005fbc (0x8f21) x14 0x80021c25
core   0: 0x80005fbe (0x406bda13) srai    s4, s7, 6
core   0: 3 0x80005fbe (0x406bda13) x20 0xffffffff
core   0: 0x80005fc2 (0xc57cce13) xori    t3, s9, -937
core   0: 3 0x80005fc2 (0xc57cce13) x28 0xd180bc57
core   0: 0x80005fc6 (0x00008f7e) c.mv    t5, t6
core   0: 3 0x80005fc6 (0x8f7e) x30 0x00000001
core   0: 0x80005fc8 (0x00008c05) c.sub   s0, s1
core   0: 3 0x80005fc8 (0x8c05) x 8 0x80021c24
core   0: 0x80005fca (0x01fbd9b3) srl     s3, s7, t6
core   0: 3 0x80005fca (0x01fbd9b3) x19 0x7fffffff
core   0: 0x80005fce (0x0000e415) c.bnez  s0, pc + 44
core   0: 3 0x80005fce (0xe415)
core   0: 0x80005ffa (0x000083fd) c.srli  a5, 31
core   0: 3 0x80005ffa (0x83fd) x15 0x00000001
core   0: 0x80005ffc (0x4020d993) srai    s3, ra, 2
core   0: 3 0x80005ffc (0x4020d993) x19 0xffffffff
core   0: 0x80006000 (0x019ad433) srl     s0, s5, s9
core   0: 3 0x80006000 (0x019ad433) x 8 0x085b5f20
core   0: 0x80006004 (0x030ee433) rem     s0, t4, a6
core   0: 3 0x80006004 (0x030ee433) x 8 0x00000000
core   0: 0x80006008 (0x02844293) xori    t0, s0, 40
core   0: 3 0x80006008 (0x02844293) x 5 0x00000028
core   0: 0x8000600c (0xc08d8113) addi    sp, s11, -1016
core   0: 3 0x8000600c (0xc08d8113) x 2 0x800258ec
core   0: 0x80006010 (0x000088de) c.mv    a7, s7
core   0: 3 0x80006010 (0x88de) x17 0xffffffff
core   0: 0x80006012 (0x035199b3) mulh    s3, gp, s5
core   0: 3 0x80006012 (0x035199b3) x19 0xfe5e4e69
core   0: 0x80006016 (0x00364c33) xor     s8, a2, gp
core   0: 3 0x80006016 (0x00364c33) x24 0xce04aa6c
core   0: 0x8000601a (0x00000001) c.nop
core   0: 3 0x8000601a (0x0001)
core   0: 0x8000601c (0xbcc5f113) andi    sp, a1, -1076
core   0: 3 0x8000601c (0xbcc5f113) x 2 0x00000000
core   0: 0x80006020 (0x0344ee33) rem     t3, s1, s4
core   0: 3 0x80006020 (0x0344ee33) x28 0x00000000
core   0: 0x80006024 (0x0000009c) c.addi4spn a5, sp, 64
core   0: 3 0x80006024 (0x009c) x15 0x00000040
core   0: 0x80006026 (0x025e5d63) bge     t3, t0, pc + 58
core   0: 3 0x80006026 (0x025e5d63)
core   0: 0x8000602a (0x01da9563) bne     s5, t4, pc + 10
core   0: 3 0x8000602a (0x01da9563)
core   0: 0x80006034 (0x0000100f) fence.i
core   0: 3 0x80006034 (0x0000100f)
core   0: 0x80006038 (0x0ff0000f) fence   iorw,iorw
core   0: 3 0x80006038 (0x0ff0000f)
core   0: 0x8000603c (0x0000ee15) c.bnez  a2, pc + 60
core   0: 3 0x8000603c (0xee15)
core   0: 0x8000603e (0x02095b63) bgez    s2, pc + 54
core   0: 3 0x8000603e (0x02095b63)
core   0: 0x80006042 (0x9c643193) sltiu   gp, s0, -1594
core   0: 3 0x80006042 (0x9c643193) x 3 0x00000001
core   0: 0x80006046 (0x01e26963) bltu    tp, t5, pc + 18
core   0: 3 0x80006046 (0x01e26963)
core   0: 0x8000604a (0x4df5b113) sltiu   sp, a1, 1247
core   0: 3 0x8000604a (0x4df5b113) x 2 0x00000001
core   0: 0x8000604e (0x0362b5b3) mulhu   a1, t0, s6
core   0: 3 0x8000604e (0x0362b5b3) x11 0x00000000
core   0: 0x80006052 (0x02526cb3) rem     s9, tp, t0
core   0: 3 0x80006052 (0x02526cb3) x25 0xffffffd9
core   0: 0x80006056 (0x0000717d) c.addi16sp sp, -16
core   0: 3 0x80006056 (0x717d) x 2 0xfffffff1
core   0: 0x80006058 (0x000085a9) c.srai  a1, 10
core   0: 3 0x80006058 (0x85a9) x11 0x00000000
core   0: 0x8000605a (0x5c3538b7) lui     a7, 0x5c353
core   0: 3 0x8000605a (0x5c3538b7) x17 0x5c353000
core   0: 0x8000605e (0x0000ec8d) c.bnez  s1, pc + 58
core   0: 3 0x8000605e (0xec8d)
core   0: 0x80006060 (0x01498863) beq     s3, s4, pc + 16
core   0: 3 0x80006060 (0x01498863)
core   0: 0x80006064 (0x00150933) add     s2, a0, ra
core   0: 3 0x80006064 (0x00150933) x18 0x80021e2b
core   0: 0x80006068 (0x02394263) blt     s2, gp, pc + 36
core   0: 3 0x80006068 (0x02394263)
core   0: 0x8000608c (0x025fcc33) div     s8, t6, t0
core   0: 3 0x8000608c (0x025fcc33) x24 0x00000000
core   0: 0x80006090 (0x00008f11) c.sub   a4, a2
core   0: 3 0x80006090 (0x8f11) x14 0x80021c25
core   0: 0x80006092 (0x4132df33) sra     t5, t0, s3
core   0: 3 0x80006092 (0x4132df33) x30 0x00000000
core   0: 0x80006096 (0x0000ea9d) c.bnez  a3, pc + 54
core   0: 3 0x80006096 (0xea9d)
core   0: 0x800060cc (0x0583f213) andi    tp, t2, 88
core   0: 3 0x800060cc (0x0583f213) x 4 0x00000000
core   0: 0x800060d0 (0xcb396d13) ori     s10, s2, -845
core   0: 3 0x800060d0 (0xcb396d13) x26 0xfffffebb
core   0: 0x800060d4 (0x652e0413) addi    s0, t3, 1618
core   0: 3 0x800060d4 (0x652e0413) x 8 0x00000652
core   0: 0x800060d8 (0x029b7f33) remu    t5, s6, s1
core   0: 3 0x800060d8 (0x029b7f33) x30 0x00000000
core   0: 0x800060dc (0x035e8633) mul     a2, t4, s5
core   0: 3 0x800060dc (0x035e8633) x12 0x00000000
core   0: 0x800060e0 (0x0ff0000f) fence   iorw,iorw
core   0: 3 0x800060e0 (0x0ff0000f)
core   0: 0x800060e4 (0x40810433) sub     s0, sp, s0
core   0: 3 0x800060e4 (0x40810433) x 8 0xfffff99f
core   0: 0x800060e8 (0x00004f8d) c.li    t6, 3
core   0: 3 0x800060e8 (0x4f8d) x31 0x00000003
core   0: 0x800060ea (0x00825313) srli    t1, tp, 8
core   0: 3 0x800060ea (0x00825313) x 6 0x00000000
core   0: 0x800060ee (0x026b60b3) rem     ra, s6, t1
core   0: 3 0x800060ee (0x026b60b3) x 1 0x00000000
core   0: 0x800060f2 (0x027f7563) bgeu    t5, t2, pc + 42
core   0: 3 0x800060f2 (0x027f7563)
core   0: 0x8000611c (0x0000c30d) c.beqz  a4, pc + 34
core   0: 3 0x8000611c (0xc30d)
core   0: 0x8000611e (0x0000c999) c.beqz  a1, pc + 22
core   0: 3 0x8000611e (0xc999)
core   0: 0x80006134 (0x00b75c93) srli    s9, a4, 11
core   0: 3 0x80006134 (0x00b75c93) x25 0x00100043
core   0: 0x80006138 (0x00006e85) c.lui   t4, 0x1
core   0: 3 0x80006138 (0x6e85) x29 0x00001000
core   0: 0x8000613a (0x404b52b3) sra     t0, s6, tp
core   0: 3 0x8000613a (0x404b52b3) x 5 0x00000000
core   0: 0x8000613e (0x525e5437) lui     s0, 0x525e5
core   0: 3 0x8000613e (0x525e5437) x 8 0x525e5000
core   0: 0x80006142 (0x00008735) c.srai  a4, 13
core   0: 3 0x80006142 (0x8735) x14 0xfffc0010
core   0: 0x80006144 (0x00000001) c.nop
core   0: 3 0x80006144 (0x0001)
core   0: 0x80006146 (0x00000001) c.nop
core   0: 3 0x80006146 (0x0001)
core   0: 0x80006148 (0x032de033) rem     zero, s11, s2
core   0: 3 0x80006148 (0x032de033)
core   0: 0x8000614c (0x000000da) c.slli  ra, 22
core   0: 3 0x8000614c (0x00da) x 1 0x00000000
core   0: 0x8000614e (0x02093c33) mulhu   s8, s2, zero
core   0: 3 0x8000614e (0x02093c33) x24 0x00000000
core   0: 0x80006152 (0x03e34bb3) div     s7, t1, t5
core   0: 3 0x80006152 (0x03e34bb3) x23 0xffffffff
core   0: 0x80006156 (0x00e672b3) and     t0, a2, a4
core   0: 3 0x80006156 (0x00e672b3) x 5 0x00000000
core   0: 0x8000615a (0x03dfc333) div     t1, t6, t4
core   0: 3 0x8000615a (0x03dfc333) x 6 0x00000000
core   0: 0x8000615e (0x048ad163) bge     s5, s0, pc + 66
core   0: 3 0x8000615e (0x048ad163)
core   0: 0x80006162 (0x039f4a63) blt     t5, s9, pc + 52
core   0: 3 0x80006162 (0x039f4a63)
core   0: 0x80006196 (0x00008f35) c.xor   a4, a3
core   0: 3 0x80006196 (0x8f35) x14 0xce075010
core   0: 0x80006198 (0x40ab00b3) sub     ra, s6, a0
core   0: 3 0x80006198 (0x40ab00b3) x 1 0x7ffde1d4
core   0: 0x8000619c (0x00006ea9) c.lui   t4, 0xa
core   0: 3 0x8000619c (0x6ea9) x29 0x0000a000
core   0: 0x8000619e (0x0000717d) c.addi16sp sp, -16
core   0: 3 0x8000619e (0x717d) x 2 0xffffffe1
core   0: 0x800061a0 (0x03116433) rem     s0, sp, a7
core   0: 3 0x800061a0 (0x03116433) x 8 0xffffffe1
core   0: 0x800061a4 (0x035e6433) rem     s0, t3, s5
core   0: 3 0x800061a4 (0x035e6433) x 8 0x00000000
core   0: 0x800061a8 (0x00008069) c.srli  s0, 26
core   0: 3 0x800061a8 (0x8069) x 8 0x00000000
core   0: 0x800061aa (0x003550b3) srl     ra, a0, gp
core   0: 3 0x800061aa (0x003550b3) x 1 0x40010f16
core   0: 0x800061ae (0x0306d033) divu    zero, a3, a6
core   0: 3 0x800061ae (0x0306d033)
core   0: 0x800061b2 (0x000085e5) c.srai  a1, 25
core   0: 3 0x800061b2 (0x85e5) x11 0x00000000
core   0: 0x800061b4 (0x0109f1b3) and     gp, s3, a6
core   0: 3 0x800061b4 (0x0109f1b3) x 3 0x00000061
core   0: 0x800061b8 (0x0000e981) c.bnez  a1, pc + 16
core   0: 3 0x800061b8 (0xe981)
core   0: 0x800061ba (0x01aed563) bge     t4, s10, pc + 10
core   0: 3 0x800061ba (0x01aed563)
core   0: 0x800061c4 (0x04c05163) bge     zero, a2, pc + 66
core   0: 3 0x800061c4 (0x04c05163)
core   0: 0x80006206 (0x01d839b3) sltu    s3, a6, t4
core   0: 3 0x80006206 (0x01d839b3) x19 0x00000001
core   0: 0x8000620a (0x00c211b3) sll     gp, tp, a2
core   0: 3 0x8000620a (0x00c211b3) x 3 0x00000000
core   0: 0x8000620e (0x00008c41) c.or    s0, s0
core   0: 3 0x8000620e (0x8c41) x 8 0x00000000
core   0: 0x80006210 (0x0000063d) c.addi  a2, 15
core   0: 3 0x80006210 (0x063d) x12 0x0000000f
core   0: 0x80006212 (0xa2be8737) lui     a4, 0xa2be8
core   0: 3 0x80006212 (0xa2be8737) x14 0xa2be8000
core   0: 0x80006216 (0x4715e713) ori     a4, a1, 1137
core   0: 3 0x80006216 (0x4715e713) x14 0x00000471
core   0: 0x8000621a (0x02d17133) remu    sp, sp, a3
core   0: 3 0x8000621a (0x02d17133) x 2 0x06176fe1
core   0: 0x8000621e (0x05aa6b63) bltu    s4, s10, pc + 86
core   0: 3 0x8000621e (0x05aa6b63)
core   0: 0x80006222 (0x00008ca1) c.xor   s1, s0
core   0: 3 0x80006222 (0x8ca1) x 9 0x00000000
core   0: 0x80006224 (0x00008c35) c.xor   s0, a3
core   0: 3 0x80006224 (0x8c35) x 8 0x31fb5000
core   0: 0x80006226 (0x000007da) c.slli  a5, 22
core   0: 3 0x80006226 (0x07da) x15 0x10000000
core   0: 0x80006228 (0x00000001) c.nop
core   0: 3 0x80006228 (0x0001)
core   0: 0x8000622a (0x0000eb3d) c.bnez  a4, pc + 118
core   0: 3 0x8000622a (0xeb3d)
core   0: 0x800062a0 (0x02364133) div     sp, a2, gp
core   0: 3 0x800062a0 (0x02364133) x 2 0xffffffff
core   0: 0x800062a4 (0xd534a737) lui     a4, 0xd534a
core   0: 3 0x800062a4 (0xd534a737) x14 0xd534a000
core   0: 0x800062a8 (0x4b94e413) ori     s0, s1, 1209
core   0: 3 0x800062a8 (0x4b94e413) x 8 0x000004b9
core   0: 0x800062ac (0x00008cfd) c.and   s1, a5
core   0: 3 0x800062ac (0x8cfd) x 9 0x00000000
core   0: 0x800062ae (0x4164d193) srai    gp, s1, 22
core   0: 3 0x800062ae (0x4164d193) x 3 0x00000000
core   0: 0x800062b2 (0x0000cf19) c.beqz  a4, pc + 30
core   0: 3 0x800062b2 (0xcf19)
core   0: 0x800062b4 (0x03687bb3) remu    s7, a6, s6
core   0: 3 0x800062b4 (0x03687bb3) x23 0x000000f7
core   0: 0x800062b8 (0x02f05a33) divu    s4, zero, a5
core   0: 3 0x800062b8 (0x02f05a33) x20 0x00000000
core   0: 0x800062bc (0x02d70563) beq     a4, a3, pc + 42
core   0: 3 0x800062bc (0x02d70563)
core   0: 0x800062c0 (0xbadffe13) andi    t3, t6, -1107
core   0: 3 0x800062c0 (0xbadffe13) x28 0x00000001
core   0: 0x800062c4 (0x00009bfd) c.andi  a5, -1
core   0: 3 0x800062c4 (0x9bfd) x15 0x10000000
core   0: 0x800062c6 (0x014543b3) xor     t2, a0, s4
core   0: 3 0x800062c6 (0x014543b3) x 7 0x80021e2c
core   0: 0x800062ca (0x00000480) c.addi4spn s0, sp, 576
core   0: 3 0x800062ca (0x0480) x 8 0x0000023f
core   0: 0x800062cc (0x01b26433) or      s0, tp, s11
core   0: 3 0x800062cc (0x01b26433) x 8 0x80025ce4
core   0: 0x800062d0 (0x010a45b3) xor     a1, s4, a6
core   0: 3 0x800062d0 (0x010a45b3) x11 0x000000f7
core   0: 0x800062d4 (0x00008f6a) c.mv    t5, s10
core   0: 3 0x800062d4 (0x8f6a) x30 0xfffffebb
core   0: 0x800062d6 (0x003a8d33) add     s10, s5, gp
core   0: 3 0x800062d6 (0x003a8d33) x26 0x085b5f20
core   0: 0x800062da (0x00c8dd13) srli    s10, a7, 12
core   0: 3 0x800062da (0x00c8dd13) x26 0x0005c353
core   0: 0x800062de (0x03a593b3) mulh    t2, a1, s10
core   0: 3 0x800062de (0x03a593b3) x 7 0x00000000
core   0: 0x800062e2 (0x000d1763) bnez    s10, pc + 14
core   0: 3 0x800062e2 (0x000d1763)
core   0: 0x800062f0 (0x00a01033) sll     zero, zero, a0
core   0: 3 0x800062f0 (0x00a01033)
core   0: 0x800062f4 (0x022cf663) bgeu    s9, sp, pc + 44
core   0: 3 0x800062f4 (0x022cf663)
core   0: 0x800062f8 (0x01ee8e33) add     t3, t4, t5
core   0: 3 0x800062f8 (0x01ee8e33) x28 0x00009ebb
core   0: 0x800062fc (0x00c96733) or      a4, s2, a2
core   0: 3 0x800062fc (0x00c96733) x14 0x80021e2f
core   0: 0x80006300 (0x000003ee) c.slli  t2, 27
core   0: 3 0x80006300 (0x03ee) x 7 0x00000000
core   0: 0x80006302 (0x00009a7d) c.andi  a2, -1
core   0: 3 0x80006302 (0x9a7d) x12 0x0000000f
core   0: 0x80006304 (0x035b96b3) mulh    a3, s7, s5
core   0: 3 0x80006304 (0x035b96b3) x13 0x00000008
core   0: 0x80006308 (0x01471133) sll     sp, a4, s4
core   0: 3 0x80006308 (0x01471133) x 2 0x80021e2f
core   0: 0x8000630c (0xa425a293) slti    t0, a1, -1470
core   0: 3 0x8000630c (0xa425a293) x 5 0x00000000
core   0: 0x80006310 (0x00008f05) c.sub   a4, s1
core   0: 3 0x80006310 (0x8f05) x14 0x80021e2f
core   0: 0x80006312 (0x00000001) c.nop
core   0: 3 0x80006312 (0x0001)
core   0: 0x80006314 (0x057b5163) bge     s6, s7, pc + 66
core   0: 3 0x80006314 (0x057b5163)
core   0: 0x80006318 (0x0000100f) fence.i
core   0: 3 0x80006318 (0x0000100f)
core   0: 0x8000631c (0x004769b3) or      s3, a4, tp
core   0: 3 0x8000631c (0x004769b3) x19 0x80021e2f
core   0: 0x80006320 (0x02e96d33) rem     s10, s2, a4
core   0: 3 0x80006320 (0x02e96d33) x26 0xfffffffc
core   0: 0x80006324 (0x0000100f) fence.i
core   0: 3 0x80006324 (0x0000100f)
core   0: 0x80006328 (0x00008cf5) c.and   s1, a3
core   0: 3 0x80006328 (0x8cf5) x 9 0x00000000
core   0: 0x8000632a (0x00008ce1) c.and   s1, s0
core   0: 3 0x8000632a (0x8ce1) x 9 0x00000000
core   0: 0x8000632c (0x015d4833) xor     a6, s10, s5
core   0: 3 0x8000632c (0x015d4833) x16 0xf7a4a0dc
core   0: 0x80006330 (0x07abd063) bge     s7, s10, pc + 96
core   0: 3 0x80006330 (0x07abd063)
core   0: 0x80006390 (0x02820c33) mul     s8, tp, s0
core   0: 3 0x80006390 (0x02820c33) x24 0x00000000
core   0: 0x80006394 (0x015e7e33) and     t3, t3, s5
core   0: 3 0x80006394 (0x015e7e33) x28 0x00001e20
core   0: 0x80006398 (0x8cfa3c37) lui     s8, 0x8cfa3
core   0: 3 0x80006398 (0x8cfa3c37) x24 0x8cfa3000
core   0: 0x8000639c (0x40a48d33) sub     s10, s1, a0
core   0: 3 0x8000639c (0x40a48d33) x26 0x7ffde1d4
core   0: 0x800063a0 (0x000094c2) c.add   s1, a6
core   0: 3 0x800063a0 (0x94c2) x 9 0xf7a4a0dc
core   0: 0x800063a2 (0x00008479) c.srai  s0, 30
core   0: 3 0x800063a2 (0x8479) x 8 0xfffffffe
core   0: 0x800063a4 (0x00000a22) c.slli  s4, 8
core   0: 3 0x800063a4 (0x0a22) x20 0x00000000
core   0: 0x800063a6 (0x00008389) c.srli  a5, 2
core   0: 3 0x800063a6 (0x8389) x15 0x04000000
core   0: 0x800063a8 (0x0000567d) c.li    a2, -1
core   0: 3 0x800063a8 (0x567d) x12 0xffffffff
core   0: 0x800063aa (0x03485d33) divu    s10, a6, s4
core   0: 3 0x800063aa (0x03485d33) x26 0xffffffff
core   0: 0x800063ae (0x2b20fc97) auipc   s9, 0x2b20f
core   0: 3 0x800063ae (0x2b20fc97) x25 0xab2153ae
core   0: 0x800063b2 (0x024e60b3) rem     ra, t3, tp
core   0: 3 0x800063b2 (0x024e60b3) x 1 0x00001e20
core   0: 0x800063b6 (0x00006165) c.addi16sp sp, 112
core   0: 3 0x800063b6 (0x6165) x 2 0x80021e9f
core   0: 0x800063b8 (0x01c1b8b3) sltu    a7, gp, t3
core   0: 3 0x800063b8 (0x01c1b8b3) x17 0x00000001
core   0: 0x800063bc (0x018be2b3) or      t0, s7, s8
core   0: 3 0x800063bc (0x018be2b3) x 5 0x8cfa30f7
core   0: 0x800063c0 (0x024586b3) mul     a3, a1, tp
core   0: 3 0x800063c0 (0x024586b3) x13 0x00000000
core   0: 0x800063c4 (0x0000e315) c.bnez  a4, pc + 36
core   0: 3 0x800063c4 (0xe315)
core   0: 0x800063e8 (0x000087a5) c.srai  a5, 9
core   0: 3 0x800063e8 (0x87a5) x15 0x00020000
core   0: 0x800063ea (0xe4bd3593) sltiu   a1, s10, -437
core   0: 3 0x800063ea (0xe4bd3593) x11 0x00000000
core   0: 0x800063ee (0x01aa12b3) sll     t0, s4, s10
core   0: 3 0x800063ee (0x01aa12b3) x 5 0x00000000
core   0: 0x800063f2 (0x2c0ef893) andi    a7, t4, 704
core   0: 3 0x800063f2 (0x2c0ef893) x17 0x00000000
core   0: 0x800063f6 (0x01458d33) add     s10, a1, s4
core   0: 3 0x800063f6 (0x01458d33) x26 0x00000000
core   0: 0x800063fa (0x413e5893) srai    a7, t3, 19
core   0: 3 0x800063fa (0x413e5893) x17 0x00000000
core   0: 0x800063fe (0x01879993) slli    s3, a5, 24
core   0: 3 0x800063fe (0x01879993) x19 0x00000000
core   0: 0x80006402 (0x022ae963) bltu    s5, sp, pc + 50
core   0: 3 0x80006402 (0x022ae963)
core   0: 0x80006434 (0x0018d733) srl     a4, a7, ra
core   0: 3 0x80006434 (0x0018d733) x14 0x00000000
core   0: 0x80006438 (0xe5ef4113) xori    sp, t5, -418
core   0: 3 0x80006438 (0xe5ef4113) x 2 0x000000e5
core   0: 0x8000643c (0x41a88d33) sub     s10, a7, s10
core   0: 3 0x8000643c (0x41a88d33) x26 0x00000000
core   0: 0x80006440 (0x0000e311) c.bnez  a4, pc + 4
core   0: 3 0x80006440 (0xe311)
core   0: 0x80006442 (0x00006179) c.addi16sp sp, 464
core   0: 3 0x80006442 (0x6179) x 2 0x000002b5
core   0: 0x80006444 (0x83a93b13) sltiu   s6, s2, -1990
core   0: 3 0x80006444 (0x83a93b13) x22 0x00000001
core   0: 0x80006448 (0x017a7463) bgeu    s4, s7, pc + 8
core   0: 3 0x80006448 (0x017a7463)
core   0: 0x8000644c (0x00008c6d) c.and   s0, a1
core   0: 3 0x8000644c (0x8c6d) x 8 0x00000000
core   0: 0x8000644e (0x0000e815) c.bnez  s0, pc + 52
core   0: 3 0x8000644e (0xe815)
core   0: 0x80006450 (0xfb9c7d13) andi    s10, s8, -71
core   0: 3 0x80006450 (0xfb9c7d13) x26 0x8cfa3000
core   0: 0x80006454 (0x920cb997) auipc   s3, 0x920cb
core   0: 3 0x80006454 (0x920cb997) x19 0x120d1454
core   0: 0x80006458 (0x00008255) c.srli  a2, 21
core   0: 3 0x80006458 (0x8255) x12 0x000007ff
core   0: 0x8000645a (0x0ff0000f) fence   iorw,iorw
core   0: 3 0x8000645a (0x0ff0000f)
core   0: 0x8000645e (0x00000001) c.nop
core   0: 3 0x8000645e (0x0001)
core   0: 0x80006460 (0x01783333) sltu    t1, a6, s7
core   0: 3 0x80006460 (0x01783333) x 6 0x00000000
core   0: 0x80006464 (0x00000001) c.nop
core   0: 3 0x80006464 (0x0001)
core   0: 0x80006466 (0x0207a833) mulhsu  a6, a5, zero
core   0: 3 0x80006466 (0x0207a833) x16 0x00000000
core   0: 0x8000646a (0x401c5993) srai    s3, s8, 1
core   0: 3 0x8000646a (0x401c5993) x19 0xc67d1800
core   0: 0x8000646e (0x00006e69) c.lui   t3, 0x1a
core   0: 3 0x8000646e (0x6e69) x28 0x0001a000
core   0: 0x80006470 (0x0000100f) fence.i
core   0: 3 0x80006470 (0x0000100f)
core   0: 0x80006474 (0x00c3cb33) xor     s6, t2, a2
core   0: 3 0x80006474 (0x00c3cb33) x22 0x000007ff
core   0: 0x80006478 (0x03596e33) rem     t3, s2, s5
core   0: 3 0x80006478 (0x03596e33) x28 0xfd5cb10b
core   0: 0x8000647c (0x00000e98) c.addi4spn a4, sp, 848
core   0: 3 0x8000647c (0x0e98) x14 0x00000605
core   0: 0x8000647e (0x01843333) sltu    t1, s0, s8
core   0: 3 0x8000647e (0x01843333) x 6 0x00000001
core   0: 0x80006482 (0xf006f213) andi    tp, a3, -256
core   0: 3 0x80006482 (0xf006f213) x 4 0x00000000
core   0: 0x80006486 (0x00b4e1b3) or      gp, s1, a1
core   0: 3 0x80006486 (0x00b4e1b3) x 3 0xf7a4a0dc
core   0: 0x8000648a (0x03684263) blt     a6, s6, pc + 36
core   0: 3 0x8000648a (0x03684263)
core   0: 0x800064ae (0x00b6ff63) bgeu    a3, a1, pc + 30
core   0: 3 0x800064ae (0x00b6ff63)
core   0: 0x800064cc (0x01a08963) beq     ra, s10, pc + 18
core   0: 3 0x800064cc (0x01a08963)
core   0: 0x800064d0 (0x0000960a) c.add   a2, sp
core   0: 3 0x800064d0 (0x960a) x12 0x00000ab4
core   0: 0x800064d2 (0xce398913) addi    s2, s3, -797
core   0: 3 0x800064d2 (0xce398913) x18 0xc67d14e3
core   0: 0x800064d6 (0x0ff0000f) fence   iorw,iorw
core   0: 3 0x800064d6 (0x0ff0000f)
core   0: 0x800064da (0x02a85fb3) divu    t6, a6, a0
core   0: 3 0x800064da (0x02a85fb3) x31 0x00000000
core   0: 0x800064de (0x9219ac93) slti    s9, s3, -1759
core   0: 3 0x800064de (0x9219ac93) x25 0x00000001
core   0: 0x800064e2 (0xffe00693) li      a3, -2
core   0: 3 0x800064e2 (0xffe00693) x13 0xfffffffe
core   0: 0x800064e6 (0x0000100f) fence.i
core   0: 3 0x800064e6 (0x0000100f)
core   0: 0x800064ea (0x01c15c13) srli    s8, sp, 28
core   0: 3 0x800064ea (0x01c15c13) x24 0x00000000
core   0: 0x800064ee (0x00400893) li      a7, 4
core   0: 3 0x800064ee (0x00400893) x17 0x00000004
core   0: 0x800064f2 (0x00009342) c.add   t1, a6
core   0: 3 0x800064f2 (0x9342) x 6 0x00000001
core   0: 0x800064f4 (0x000006a9) c.addi  a3, 10
core   0: 3 0x800064f4 (0x06a9) x13 0x00000008
core   0: 0x800064f6 (0x00000001) c.nop
core   0: 3 0x800064f6 (0x0001)
core   0: 0x800064f8 (0x0000987d) c.andi  s0, -1
core   0: 3 0x800064f8 (0x987d) x 8 0x00000000
core   0: 0x800064fa (0x0000938a) c.add   t2, sp
core   0: 3 0x800064fa (0x938a) x 7 0x000002b5
core   0: 0x800064fc (0x019110b3) sll     ra, sp, s9
core   0: 3 0x800064fc (0x019110b3) x 1 0x0000056a
core   0: 0x80006500 (0x4e33f717) auipc   a4, 0x4e33f
core   0: 3 0x80006500 (0x4e33f717) x14 0xce345500
core   0: 0x80006504 (0x03807833) remu    a6, zero, s8
core   0: 3 0x80006504 (0x03807833) x16 0x00000000
core   0: 0x80006508 (0x021e7133) remu    sp, t3, ra
core   0: 3 0x80006508 (0x021e7133) x 2 0x000002e7
core   0: 0x8000650c (0x00008f95) c.sub   a5, a3
core   0: 3 0x8000650c (0x8f95) x15 0x0001fff8
core   0: 0x8000650e (0x00008635) c.srai  a2, 13
core   0: 3 0x8000650e (0x8635) x12 0x00000000
core   0: 0x80006510 (0x002930b3) sltu    ra, s2, sp
core   0: 3 0x80006510 (0x002930b3) x 1 0x00000000
core   0: 0x80006514 (0xfd16cfe3) blt     a3, a7, pc - 34
core   0: 3 0x80006514 (0xfd16cfe3)
core   0: 0x80006518 (0x012e97b3) sll     a5, t4, s2
core   0: 3 0x80006518 (0x012e97b3) x15 0x00050000
core   0: 0x8000651c (0x041d7f37) lui     t5, 0x41d7
core   0: 3 0x8000651c (0x041d7f37) x30 0x041d7000
core   0: 0x80006520 (0xd4f465b7) lui     a1, 0xd4f46
core   0: 3 0x80006520 (0xd4f465b7) x11 0xd4f46000
core   0: 0x80006524 (0x0000100f) fence.i
core   0: 3 0x80006524 (0x0000100f)
core   0: 0x80006528 (0x01af9e33) sll     t3, t6, s10
core   0: 3 0x80006528 (0x01af9e33) x28 0x00000000
core   0: 0x8000652c (0x101752b7) lui     t0, 0x10175
core   0: 3 0x8000652c (0x101752b7) x 5 0x10175000
core   0: 0x80006530 (0x004fffb3) and     t6, t6, tp
core   0: 3 0x80006530 (0x004fffb3) x31 0x00000000
core   0: 0x80006534 (0x00008df1) c.and   a1, a2
core   0: 3 0x80006534 (0x8df1) x11 0x00000000
core   0: 0x80006536 (0x033affb3) remu    t6, s5, s3
core   0: 3 0x80006536 (0x033affb3) x31 0x085b5f20
core   0: 0x8000653a (0x00b77fb3) and     t6, a4, a1
core   0: 3 0x8000653a (0x00b77fb3) x31 0x00000000
core   0: 0x8000653e (0x00000984) c.addi4spn s1, sp, 208
core   0: 3 0x8000653e (0x0984) x 9 0x000003b7
core   0: 0x80006540 (0x003425b3) slt     a1, s0, gp
core   0: 3 0x80006540 (0x003425b3) x11 0x00000000
core   0: 0x80006544 (0x0084a233) slt     tp, s1, s0
core   0: 3 0x80006544 (0x0084a233) x 4 0x00000000
core   0: 0x80006548 (0x00008e75) c.and   a2, a3
core   0: 3 0x80006548 (0x8e75) x12 0x00000000
core   0: 0x8000654a (0x01a47563) bgeu    s0, s10, pc + 10
core   0: 3 0x8000654a (0x01a47563)
core   0: 0x8000654e (0x00008206) c.mv    tp, ra
core   0: 3 0x8000654e (0x8206) x 4 0x00000000
core   0: 0x80006550 (0x01edbf33) sltu    t5, s11, t5
core   0: 3 0x80006550 (0x01edbf33) x30 0x00000000
core   0: 0x80006554 (0x00009afd) c.andi  a3, -1
core   0: 3 0x80006554 (0x9afd) x13 0x00000008
core   0: 0x80006556 (0x026f4933) div     s2, t5, t1
core   0: 3 0x80006556 (0x026f4933) x18 0x00000000
core   0: 0x8000655a (0x0000567d) c.li    a2, -1
core   0: 3 0x8000655a (0x567d) x12 0xffffffff
core   0: 0x8000655c (0x03b1e5b3) rem     a1, gp, s11
core   0: 3 0x8000655c (0x03b1e5b3) x11 0xf7a4a0dc
core   0: 0x80006560 (0x02a7fe63) bgeu    a5, a0, pc + 60
core   0: 3 0x80006560 (0x02a7fe63)
core   0: 0x80006564 (0x7d18ed13) ori     s10, a7, 2001
core   0: 3 0x80006564 (0x7d18ed13) x26 0x000007d5
core   0: 0x80006568 (0x017f37b3) sltu    a5, t5, s7
core   0: 3 0x80006568 (0x017f37b3) x15 0x00000001
core   0: 0x8000656c (0x00008429) c.srai  s0, 10
core   0: 3 0x8000656c (0x8429) x 8 0x00000000
core   0: 0x8000656e (0x0ff0000f) fence   iorw,iorw
core   0: 3 0x8000656e (0x0ff0000f)
core   0: 0x80006572 (0x0395f863) bgeu    a1, s9, pc + 48
core   0: 3 0x80006572 (0x0395f863)
core   0: 0x800065a2 (0x0ff0000f) fence   iorw,iorw
core   0: 3 0x800065a2 (0x0ff0000f)
core   0: 0x800065a6 (0xd0e26e13) ori     t3, tp, -754
core   0: 3 0x800065a6 (0xd0e26e13) x28 0xfffffd0e
core   0: 0x800065aa (0x41b4dc33) sra     s8, s1, s11
core   0: 3 0x800065aa (0x41b4dc33) x24 0x0000003b
core   0: 0x800065ae (0x01969413) slli    s0, a3, 25
core   0: 3 0x800065ae (0x01969413) x 8 0x10000000
core   0: 0x800065b2 (0x00029bb3) sll     s7, t0, zero
core   0: 3 0x800065b2 (0x00029bb3) x23 0x10175000
core   0: 0x800065b6 (0x00f18633) add     a2, gp, a5
core   0: 3 0x800065b6 (0x00f18633) x12 0xf7a4a0dd
core   0: 0x800065ba (0x01229413) slli    s0, t0, 18
core   0: 3 0x800065ba (0x01229413) x 8 0x40000000
core   0: 0x800065be (0x000055fd) c.li    a1, -1
core   0: 3 0x800065be (0x55fd) x11 0xffffffff
core   0: 0x800065c0 (0x005e8fb3) add     t6, t4, t0
core   0: 3 0x800065c0 (0x005e8fb3) x31 0x1017f000
core   0: 0x800065c4 (0x00000d7d) c.addi  s10, 31
core   0: 3 0x800065c4 (0x0d7d) x26 0x000007f4
core   0: 0x800065c6 (0x00f6ae33) slt     t3, a3, a5
core   0: 3 0x800065c6 (0x00f6ae33) x28 0x00000000
core   0: 0x800065ca (0x00008b31) c.andi  a4, 12
core   0: 3 0x800065ca (0x8b31) x14 0x00000000
core   0: 0x800065cc (0x00a413b3) sll     t2, s0, a0
core   0: 3 0x800065cc (0x00a413b3) x 7 0x00000000
core   0: 0x800065d0 (0x41930a33) sub     s4, t1, s9
core   0: 3 0x800065d0 (0x41930a33) x20 0x00000000
core   0: 0x800065d4 (0x0000100f) fence.i
core   0: 3 0x800065d4 (0x0000100f)
core   0: 0x800065d8 (0x01b8d5b3) srl     a1, a7, s11
core   0: 3 0x800065d8 (0x01b8d5b3) x11 0x00000000
core   0: 0x800065dc (0x039c40b3) div     ra, s8, s9
core   0: 3 0x800065dc (0x039c40b3) x 1 0x0000003b
core   0: 0x800065e0 (0x0023a4b3) slt     s1, t2, sp
core   0: 3 0x800065e0 (0x0023a4b3) x 9 0x00000001
core   0: 0x800065e4 (0x031bc2b3) div     t0, s7, a7
core   0: 3 0x800065e4 (0x031bc2b3) x 5 0x0405d400
core   0: 0x800065e8 (0x0067a393) slti    t2, a5, 6
core   0: 3 0x800065e8 (0x0067a393) x 7 0x00000001
core   0: 0x800065ec (0xbc4f4893) xori    a7, t5, -1084
core   0: 3 0x800065ec (0xbc4f4893) x17 0xfffffbc4
core   0: 0x800065f0 (0x00008dd5) c.or    a1, a3
core   0: 3 0x800065f0 (0x8dd5) x11 0x00000008
core   0: 0x800065f2 (0x003f9393) slli    t2, t6, 3
core   0: 3 0x800065f2 (0x003f9393) x 7 0x80bf8000
core   0: 0x800065f6 (0x41fb5793) srai    a5, s6, 31
core   0: 3 0x800065f6 (0x41fb5793) x15 0x00000000
core   0: 0x800065fa (0x02c8f0b3) remu    ra, a7, a2
core   0: 3 0x800065fa (0x02c8f0b3) x 1 0x085b5ae7
core   0: 0x800065fe (0x0000ce91) c.beqz  a3, pc + 28
core   0: 3 0x800065fe (0xce91)
core   0: 0x80006600 (0x00008d9d) c.sub   a1, a5
core   0: 3 0x80006600 (0x8d9d) x11 0x00000008
core   0: 0x80006602 (0x02e45133) divu    sp, s0, a4
core   0: 3 0x80006602 (0x02e45133) x 2 0xffffffff
core   0: 0x80006606 (0xefee7113) andi    sp, t3, -258
core   0: 3 0x80006606 (0xefee7113) x 2 0x00000000
core   0: 0x8000660a (0x000085a9) c.srai  a1, 10
core   0: 3 0x8000660a (0x85a9) x11 0x00000000
core   0: 0x8000660c (0x10710213) addi    tp, sp, 263
core   0: 3 0x8000660c (0x10710213) x 4 0x00000107
core   0: 0x80006610 (0x43872313) slti    t1, a4, 1080
core   0: 3 0x80006610 (0x43872313) x 6 0x00000001
core   0: 0x80006614 (0x02848733) mul     a4, s1, s0
core   0: 3 0x80006614 (0x02848733) x14 0x40000000
core   0: 0x80006618 (0x00008e51) c.or    a2, a2
core   0: 3 0x80006618 (0x8e51) x12 0xf7a4a0dd
core   0: 0x8000661a (0x0347ce63) blt     a5, s4, pc + 60
core   0: 3 0x8000661a (0x0347ce63)
core   0: 0x8000661e (0x00008025) c.srli  s0, 9
core   0: 3 0x8000661e (0x8025) x 8 0x00200000
core   0: 0x80006620 (0x00001410) c.addi4spn a2, sp, 544
core   0: 3 0x80006620 (0x1410) x12 0x00000220
core   0: 0x80006622 (0x00a75493) srli    s1, a4, 10
core   0: 3 0x80006622 (0x00a75493) x 9 0x00100000
core   0: 0x80006626 (0x0000197d) c.addi  s2, -1
core   0: 3 0x80006626 (0x197d) x18 0xffffffff
core   0: 0x80006628 (0xf20eb013) sltiu   zero, t4, -224
core   0: 3 0x80006628 (0xf20eb013)
core   0: 0x8000662c (0xa40108b7) lui     a7, 0xa4010
core   0: 3 0x8000662c (0xa40108b7) x17 0xa4010000
core   0: 0x80006630 (0x00009246) c.add   tp, a7
core   0: 3 0x80006630 (0x9246) x 4 0xa4010107
core   0: 0x80006632 (0x0000717d) c.addi16sp sp, -16
core   0: 3 0x80006632 (0x717d) x 2 0xfffffff0
core   0: 0x80006634 (0x173f8d13) addi    s10, t6, 371
core   0: 3 0x80006634 (0x173f8d13) x26 0x1017f173
core   0: 0x80006638 (0x0256fc33) remu    s8, a3, t0
core   0: 3 0x80006638 (0x0256fc33) x24 0x00000008
core   0: 0x8000663c (0x0000100f) fence.i
core   0: 3 0x8000663c (0x0000100f)
core   0: 0x80006640 (0x0090ed63) bltu    ra, s1, pc + 26
core   0: 3 0x80006640 (0x0090ed63)
core   0: 0x80006644 (0x00008fd9) c.or    a5, a4
core   0: 3 0x80006644 (0x8fd9) x15 0x40000000
core   0: 0x80006646 (0x01258033) add     zero, a1, s2
core   0: 3 0x80006646 (0x01258033)
core   0: 0x8000664a (0x00008f6d) c.and   a4, a1
core   0: 3 0x8000664a (0x8f6d) x14 0x00000000
core   0: 0x8000664c (0x0000717d) c.addi16sp sp, -16
core   0: 3 0x8000664c (0x717d) x 2 0xffffffe0
core   0: 0x8000664e (0x002bfeb3) and     t4, s7, sp
core   0: 3 0x8000664e (0x002bfeb3) x29 0x10175000
core   0: 0x80006652 (0x02d1cf63) blt     gp, a3, pc + 62
core   0: 3 0x80006652 (0x02d1cf63)
core   0: 0x80006690 (0x03ae6d33) rem     s10, t3, s10
core   0: 3 0x80006690 (0x03ae6d33) x26 0x00000000
core   0: 0x80006694 (0x00000a19) c.addi  s4, 6
core   0: 3 0x80006694 (0x0a19) x20 0x00000006
core   0: 0x80006696 (0x032f6733) rem     a4, t5, s2
core   0: 3 0x80006696 (0x032f6733) x14 0x00000000
core   0: 0x8000669a (0x00008c41) c.or    s0, s0
core   0: 3 0x8000669a (0x8c41) x 8 0x00200000
core   0: 0x8000669c (0x01d35f33) srl     t5, t1, t4
core   0: 3 0x8000669c (0x01d35f33) x30 0x00000001
core   0: 0x800066a0 (0x0000100f) fence.i
core   0: 3 0x800066a0 (0x0000100f)
core   0: 0x800066a4 (0x000098fd) c.andi  s1, -1
core   0: 3 0x800066a4 (0x98fd) x 9 0x00100000
core   0: 0x800066a6 (0x00008c7d) c.and   s0, a5
core   0: 3 0x800066a6 (0x8c7d) x 8 0x00000000
core   0: 0x800066a8 (0x41e5df93) srai    t6, a1, 30
core   0: 3 0x800066a8 (0x41e5df93) x31 0x00000000
core   0: 0x800066ac (0x7cbdc593) xori    a1, s11, 1995
core   0: 3 0x800066ac (0x7cbdc593) x11 0x80025b2f
core   0: 0x800066b0 (0x00411863) bne     sp, tp, pc + 16
core   0: 3 0x800066b0 (0x00411863)
core   0: 0x800066c0 (0x05fb0c63) beq     s6, t6, pc + 88
core   0: 3 0x800066c0 (0x05fb0c63)
core   0: 0x800066c4 (0x0116beb3) sltu    t4, a3, a7
core   0: 3 0x800066c4 (0x0116beb3) x29 0x00000001
core   0: 0x800066c8 (0xff900693) li      a3, -7
core   0: 3 0x800066c8 (0xff900693) x13 0xfffffff9
core   0: 0x800066cc (0x00800413) li      s0, 8
core   0: 3 0x800066cc (0x00800413) x 8 0x00000008
core   0: 0x800066d0 (0x00faf1b3) and     gp, s5, a5
core   0: 3 0x800066d0 (0x00faf1b3) x 3 0x00000000
core   0: 0x800066d4 (0x00000691) c.addi  a3, 4
core   0: 3 0x800066d4 (0x0691) x13 0xfffffffd
core   0: 0x800066d6 (0xffa00793) li      a5, -6
core   0: 3 0x800066d6 (0xffa00793) x15 0xfffffffa
core   0: 0x800066da (0x40965113) srai    sp, a2, 9
core   0: 3 0x800066da (0x40965113) x 2 0x00000001
core   0: 0x800066de (0x00000001) c.nop
core   0: 3 0x800066de (0x0001)
core   0: 0x800066e0 (0x03a8a933) mulhsu  s2, a7, s10
core   0: 3 0x800066e0 (0x03a8a933) x18 0x00000000
core   0: 0x800066e4 (0x00000799) c.addi  a5, 6
core   0: 3 0x800066e4 (0x0799) x15 0x00000000
core   0: 0x800066e6 (0x0000dfed) c.beqz  a5, pc - 6
core   0: 3 0x800066e6 (0xdfed)
core   0: 0x800066e0 (0x03a8a933) mulhsu  s2, a7, s10
core   0: 3 0x800066e0 (0x03a8a933) x18 0x00000000
core   0: 0x800066e4 (0x00000799) c.addi  a5, 6
core   0: 3 0x800066e4 (0x0799) x15 0x00000006
core   0: 0x800066e6 (0x0000dfed) c.beqz  a5, pc - 6
core   0: 3 0x800066e6 (0xdfed)
core   0: 0x800066e8 (0xfe86c4e3) blt     a3, s0, pc - 24
core   0: 3 0x800066e8 (0xfe86c4e3)
core   0: 0x800066d0 (0x00faf1b3) and     gp, s5, a5
core   0: 3 0x800066d0 (0x00faf1b3) x 3 0x00000000
core   0: 0x800066d4 (0x00000691) c.addi  a3, 4
core   0: 3 0x800066d4 (0x0691) x13 0x00000001
core   0: 0x800066d6 (0xffa00793) li      a5, -6
core   0: 3 0x800066d6 (0xffa00793) x15 0xfffffffa
core   0: 0x800066da (0x40965113) srai    sp, a2, 9
core   0: 3 0x800066da (0x40965113) x 2 0x00000001
core   0: 0x800066de (0x00000001) c.nop
core   0: 3 0x800066de (0x0001)
core   0: 0x800066e0 (0x03a8a933) mulhsu  s2, a7, s10
core   0: 3 0x800066e0 (0x03a8a933) x18 0x00000000
core   0: 0x800066e4 (0x00000799) c.addi  a5, 6
core   0: 3 0x800066e4 (0x0799) x15 0x00000000
core   0: 0x800066e6 (0x0000dfed) c.beqz  a5, pc - 6
core   0: 3 0x800066e6 (0xdfed)
core   0: 0x800066e0 (0x03a8a933) mulhsu  s2, a7, s10
core   0: 3 0x800066e0 (0x03a8a933) x18 0x00000000
core   0: 0x800066e4 (0x00000799) c.addi  a5, 6
core   0: 3 0x800066e4 (0x0799) x15 0x00000006
core   0: 0x800066e6 (0x0000dfed) c.beqz  a5, pc - 6
core   0: 3 0x800066e6 (0xdfed)
core   0: 0x800066e8 (0xfe86c4e3) blt     a3, s0, pc - 24
core   0: 3 0x800066e8 (0xfe86c4e3)
core   0: 0x800066d0 (0x00faf1b3) and     gp, s5, a5
core   0: 3 0x800066d0 (0x00faf1b3) x 3 0x00000000
core   0: 0x800066d4 (0x00000691) c.addi  a3, 4
core   0: 3 0x800066d4 (0x0691) x13 0x00000005
core   0: 0x800066d6 (0xffa00793) li      a5, -6
core   0: 3 0x800066d6 (0xffa00793) x15 0xfffffffa
core   0: 0x800066da (0x40965113) srai    sp, a2, 9
core   0: 3 0x800066da (0x40965113) x 2 0x00000001
core   0: 0x800066de (0x00000001) c.nop
core   0: 3 0x800066de (0x0001)
core   0: 0x800066e0 (0x03a8a933) mulhsu  s2, a7, s10
core   0: 3 0x800066e0 (0x03a8a933) x18 0x00000000
core   0: 0x800066e4 (0x00000799) c.addi  a5, 6
core   0: 3 0x800066e4 (0x0799) x15 0x00000000
core   0: 0x800066e6 (0x0000dfed) c.beqz  a5, pc - 6
core   0: 3 0x800066e6 (0xdfed)
core   0: 0x800066e0 (0x03a8a933) mulhsu  s2, a7, s10
core   0: 3 0x800066e0 (0x03a8a933) x18 0x00000000
core   0: 0x800066e4 (0x00000799) c.addi  a5, 6
core   0: 3 0x800066e4 (0x0799) x15 0x00000006
core   0: 0x800066e6 (0x0000dfed) c.beqz  a5, pc - 6
core   0: 3 0x800066e6 (0xdfed)
core   0: 0x800066e8 (0xfe86c4e3) blt     a3, s0, pc - 24
core   0: 3 0x800066e8 (0xfe86c4e3)
core   0: 0x800066d0 (0x00faf1b3) and     gp, s5, a5
core   0: 3 0x800066d0 (0x00faf1b3) x 3 0x00000000
core   0: 0x800066d4 (0x00000691) c.addi  a3, 4
core   0: 3 0x800066d4 (0x0691) x13 0x00000009
core   0: 0x800066d6 (0xffa00793) li      a5, -6
core   0: 3 0x800066d6 (0xffa00793) x15 0xfffffffa
core   0: 0x800066da (0x40965113) srai    sp, a2, 9
core   0: 3 0x800066da (0x40965113) x 2 0x00000001
core   0: 0x800066de (0x00000001) c.nop
core   0: 3 0x800066de (0x0001)
core   0: 0x800066e0 (0x03a8a933) mulhsu  s2, a7, s10
core   0: 3 0x800066e0 (0x03a8a933) x18 0x00000000
core   0: 0x800066e4 (0x00000799) c.addi  a5, 6
core   0: 3 0x800066e4 (0x0799) x15 0x00000000
core   0: 0x800066e6 (0x0000dfed) c.beqz  a5, pc - 6
core   0: 3 0x800066e6 (0xdfed)
core   0: 0x800066e0 (0x03a8a933) mulhsu  s2, a7, s10
core   0: 3 0x800066e0 (0x03a8a933) x18 0x00000000
core   0: 0x800066e4 (0x00000799) c.addi  a5, 6
core   0: 3 0x800066e4 (0x0799) x15 0x00000006
core   0: 0x800066e6 (0x0000dfed) c.beqz  a5, pc - 6
core   0: 3 0x800066e6 (0xdfed)
core   0: 0x800066e8 (0xfe86c4e3) blt     a3, s0, pc - 24
core   0: 3 0x800066e8 (0xfe86c4e3)
core   0: 0x800066ec (0x196dee93) ori     t4, s11, 406
core   0: 3 0x800066ec (0x196dee93) x29 0x80025df6
core   0: 0x800066f0 (0x52b5ce17) auipc   t3, 0x52b5c
core   0: 3 0x800066f0 (0x52b5ce17) x28 0xd2b626f0
core   0: 0x800066f4 (0x0000610d) c.addi16sp sp, 160
core   0: 3 0x800066f4 (0x610d) x 2 0x000000a1
core   0: 0x800066f6 (0x03564d63) blt     a2, s5, pc + 58
core   0: 3 0x800066f6 (0x03564d63)
core   0: 0x80006730 (0x02455d33) divu    s10, a0, tp
core   0: 3 0x80006730 (0x02455d33) x26 0x00000000
core   0: 0x80006734 (0x0ff0000f) fence   iorw,iorw
core   0: 3 0x80006734 (0x0ff0000f)
core   0: 0x80006738 (0x01665033) srl     zero, a2, s6
core   0: 3 0x80006738 (0x01665033)
core   0: 0x8000673c (0x00451f93) slli    t6, a0, 4
core   0: 3 0x8000673c (0x00451f93) x31 0x0021e2c0
core   0: 0x80006740 (0x001de963) bltu    s11, ra, pc + 18
core   0: 3 0x80006740 (0x001de963)
core   0: 0x80006744 (0x00000a90) c.addi4spn a2, sp, 336
core   0: 3 0x80006744 (0x0a90) x12 0x000001f1
core   0: 0x80006746 (0x02e30633) mul     a2, t1, a4
core   0: 3 0x80006746 (0x02e30633) x12 0x00000000
core   0: 0x8000674a (0xb9ba4e13) xori    t3, s4, -1125
core   0: 3 0x8000674a (0xb9ba4e13) x28 0xfffffb9d
core   0: 0x8000674e (0x02a8f763) bgeu    a7, a0, pc + 46
core   0: 3 0x8000674e (0x02a8f763)
core   0: 0x8000677c (0x02195733) divu    a4, s2, ra
core   0: 3 0x8000677c (0x02195733) x14 0x00000000
core   0: 0x80006780 (0x0000c30d) c.beqz  a4, pc + 34
core   0: 3 0x80006780 (0xc30d)
core   0: 0x800067a2 (0x0104c133) xor     sp, s1, a6
core   0: 3 0x800067a2 (0x0104c133) x 2 0x00100000
core   0: 0x800067a6 (0x00009c1e) c.add   s8, t2
core   0: 3 0x800067a6 (0x9c1e) x24 0x80bf8008
core   0: 0x800067a8 (0x01e05cb3) srl     s9, zero, t5
core   0: 3 0x800067a8 (0x01e05cb3) x25 0x00000000
core   0: 0x800067ac (0x0376ce33) div     t3, a3, s7
core   0: 3 0x800067ac (0x0376ce33) x28 0x00000000
core   0: 0x800067b0 (0x00008266) c.mv    tp, s9
core   0: 3 0x800067b0 (0x8266) x 4 0x00000000
core   0: 0x800067b2 (0x7d53b013) sltiu   zero, t2, 2005
core   0: 3 0x800067b2 (0x7d53b013)
core   0: 0x800067b6 (0x03869633) mulh    a2, a3, s8
core   0: 3 0x800067b6 (0x03869633) x12 0xfffffffb
core   0: 0x800067ba (0x00000001) c.nop
core   0: 3 0x800067ba (0x0001)
core   0: 0x800067bc (0x00008cca) c.mv    s9, s2
core   0: 3 0x800067bc (0x8cca) x25 0x00000000
core   0: 0x800067be (0x01b8eeb3) or      t4, a7, s11
core   0: 3 0x800067be (0x01b8eeb3) x29 0xa4035ce4
core   0: 0x800067c2 (0x02a9b333) mulhu   t1, s3, a0
core   0: 3 0x800067c2 (0x02a9b333) x 6 0x6340305e
core   0: 0x800067c6 (0x00008c15) c.sub   s0, a3
core   0: 3 0x800067c6 (0x8c15) x 8 0xffffffff
core   0: 0x800067c8 (0x01ca9bb3) sll     s7, s5, t3
core   0: 3 0x800067c8 (0x01ca9bb3) x23 0x085b5f20
core   0: 0x800067cc (0x025681b3) mul     gp, a3, t0
core   0: 3 0x800067cc (0x025681b3) x 3 0x24347400
core   0: 0x800067d0 (0x012792b3) sll     t0, a5, s2
core   0: 3 0x800067d0 (0x012792b3) x 5 0x00000006
core   0: 0x800067d4 (0x04dd9063) bne     s11, a3, pc + 64
core   0: 3 0x800067d4 (0x04dd9063)
core   0: 0x80006814 (0x025b8c33) mul     s8, s7, t0
core   0: 3 0x80006814 (0x025b8c33) x24 0x32243ac0
core   0: 0x80006818 (0x0830eb63) bltu    ra, gp, pc + 150
core   0: 3 0x80006818 (0x0830eb63)
core   0: 0x800068ae (0x0106d463) bge     a3, a6, pc + 8
core   0: 3 0x800068ae (0x0106d463)
core   0: 0x800068b6 (0x417c8033) sub     zero, s9, s7
core   0: 3 0x800068b6 (0x417c8033)
core   0: 0x800068ba (0x0ff0000f) fence   iorw,iorw
core   0: 3 0x800068ba (0x0ff0000f)
core   0: 0x800068be (0x00000001) c.nop
core   0: 3 0x800068be (0x0001)
core   0: 0x800068c0 (0x00001ffd) c.addi  t6, -1
core   0: 3 0x800068c0 (0x1ffd) x31 0x0021e2bf
core   0: 0x800068c2 (0x000cbb33) sltu    s6, s9, zero
core   0: 3 0x800068c2 (0x000cbb33) x22 0x00000000
core   0: 0x800068c6 (0x003fb6b3) sltu    a3, t6, gp
core   0: 3 0x800068c6 (0x003fb6b3) x13 0x00000001
core   0: 0x800068ca (0xaeec6d13) ori     s10, s8, -1298
core   0: 3 0x800068ca (0xaeec6d13) x26 0xfffffaee
core   0: 0x800068ce (0x00b81d33) sll     s10, a6, a1
core   0: 3 0x800068ce (0x00b81d33) x26 0x00000000
core   0: 0x800068d2 (0x1618b713) sltiu   a4, a7, 353
core   0: 3 0x800068d2 (0x1618b713) x14 0x00000000
core   0: 0x800068d6 (0x03c0c663) blt     ra, t3, pc + 44
core   0: 3 0x800068d6 (0x03c0c663)
core   0: 0x800068da (0x0000c58d) c.beqz  a1, pc + 42
core   0: 3 0x800068da (0xc58d)
core   0: 0x800068dc (0x0016bcb3) sltu    s9, a3, ra
core   0: 3 0x800068dc (0x0016bcb3) x25 0x00000001
core   0: 0x800068e0 (0x0000e019) c.bnez  s0, pc + 6
core   0: 3 0x800068e0 (0xe019)
core   0: 0x800068e6 (0x00000001) c.nop
core   0: 3 0x800068e6 (0x0001)
core   0: 0x800068e8 (0x02fb3bb3) mulhu   s7, s6, a5
core   0: 3 0x800068e8 (0x02fb3bb3) x23 0x00000000
core   0: 0x800068ec (0x4122d133) sra     sp, t0, s2
core   0: 3 0x800068ec (0x4122d133) x 2 0x00000006
core   0: 0x800068f0 (0xd4ed6b93) ori     s7, s10, -690
core   0: 3 0x800068f0 (0xd4ed6b93) x23 0xfffffd4e
core   0: 0x800068f4 (0x00009a46) c.add   s4, a7
core   0: 3 0x800068f4 (0x9a46) x20 0xa4010006
core   0: 0x800068f6 (0x0394abb3) mulhsu  s7, s1, s9
core   0: 3 0x800068f6 (0x0394abb3) x23 0x00000000
core   0: 0x800068fa (0x00b3c0b3) xor     ra, t2, a1
core   0: 3 0x800068fa (0x00b3c0b3) x 1 0x00bddb2f
core   0: 0x800068fe (0xbe014993) xori    s3, sp, -1056
core   0: 3 0x800068fe (0xbe014993) x19 0xfffffbe6
core   0: 0x80006902 (0x00008361) c.srli  a4, 24
core   0: 3 0x80006902 (0x8361) x14 0x00000000
core   0: 0x80006904 (0x02056d33) rem     s10, a0, zero
core   0: 3 0x80006904 (0x02056d33) x26 0x80021e2c
core   0: 0x80006908 (0x022281b3) mul     gp, t0, sp
core   0: 3 0x80006908 (0x022281b3) x 3 0x00000024
core   0: 0x8000690c (0x3c46f0b7) lui     ra, 0x3c46f
core   0: 3 0x8000690c (0x3c46f0b7) x 1 0x3c46f000
core   0: 0x80006910 (0x0ff0000f) fence   iorw,iorw
core   0: 3 0x80006910 (0x0ff0000f)
core   0: 0x80006914 (0x02e37a63) bgeu    t1, a4, pc + 52
core   0: 3 0x80006914 (0x02e37a63)
core   0: 0x80006948 (0x0000c709) c.beqz  a4, pc + 10
core   0: 3 0x80006948 (0xc709)
core   0: 0x80006952 (0x012d6433) or      s0, s10, s2
core   0: 3 0x80006952 (0x012d6433) x 8 0x80021e2c
core   0: 0x80006956 (0x0000880d) c.andi  s0, 3
core   0: 3 0x80006956 (0x880d) x 8 0x00000000
core   0: 0x80006958 (0x013e5713) srli    a4, t3, 19
core   0: 3 0x80006958 (0x013e5713) x14 0x00000000
core   0: 0x8000695c (0x0225ffb3) remu    t6, a1, sp
core   0: 3 0x8000695c (0x0225ffb3) x31 0x00000001
core   0: 0x80006960 (0x10412213) slti    tp, sp, 260
core   0: 3 0x80006960 (0x10412213) x 4 0x00000001
core   0: 0x80006964 (0xcd4ea213) slti    tp, t4, -812
core   0: 3 0x80006964 (0xcd4ea213) x 4 0x00000001
core   0: 0x80006968 (0x00000f8a) c.slli  t6, 2
core   0: 3 0x80006968 (0x0f8a) x31 0x00000004
core   0: 0x8000696a (0x02580363) beq     a6, t0, pc + 38
core   0: 3 0x8000696a (0x02580363)
core   0: 0x8000696e (0x6f6e0f13) addi    t5, t3, 1782
core   0: 3 0x8000696e (0x6f6e0f13) x30 0x000006f6
core   0: 0x80006972 (0x000082b9) c.srli  a3, 14
core   0: 3 0x80006972 (0x82b9) x13 0x00000000
core   0: 0x80006974 (0x005b55b3) srl     a1, s6, t0
core   0: 3 0x80006974 (0x005b55b3) x11 0x00000000
core   0: 0x80006978 (0x000013fd) c.addi  t2, -1
core   0: 3 0x80006978 (0x13fd) x 7 0x80bf7fff
core   0: 0x8000697a (0x015607b3) add     a5, a2, s5
core   0: 3 0x8000697a (0x015607b3) x15 0x085b5f1b
core   0: 0x8000697e (0x00008ffd) c.and   a5, a5
core   0: 3 0x8000697e (0x8ffd) x15 0x085b5f1b
core   0: 0x80006980 (0x00004865) c.li    a6, 25
core   0: 3 0x80006980 (0x4865) x16 0x00000019
core   0: 0x80006982 (0x000010fd) c.addi  ra, -1
core   0: 3 0x80006982 (0x10fd) x 1 0x3c46efff
core   0: 0x80006984 (0x0ff0000f) fence   iorw,iorw
core   0: 3 0x80006984 (0x0ff0000f)
core   0: 0x80006988 (0xd7dd0893) addi    a7, s10, -643
core   0: 3 0x80006988 (0xd7dd0893) x17 0x80021ba9
core   0: 0x8000698c (0x02f0b7b3) mulhu   a5, ra, a5
core   0: 3 0x8000698c (0x02f0b7b3) x15 0x01f7bb1b
core   0: 0x80006990 (0x9944e593) ori     a1, s1, -1644
core   0: 3 0x80006990 (0x9944e593) x11 0xfffff994
core   0: 0x80006994 (0x01e85e93) srli    t4, a6, 30
core   0: 3 0x80006994 (0x01e85e93) x29 0x00000000
core   0: 0x80006998 (0x0314cf33) div     t5, s1, a7
core   0: 3 0x80006998 (0x0314cf33) x30 0x00000000
core   0: 0x8000699c (0x00001b7d) c.addi  s6, -1
core   0: 3 0x8000699c (0x1b7d) x22 0xffffffff
core   0: 0x8000699e (0xea093093) sltiu   ra, s2, -352
core   0: 3 0x8000699e (0xea093093) x 1 0x00000001
core   0: 0x800069a2 (0x02329133) mulh    sp, t0, gp
core   0: 3 0x800069a2 (0x02329133) x 2 0x00000000
core   0: 0x800069a6 (0x010b1113) slli    sp, s6, 16
core   0: 3 0x800069a6 (0x010b1113) x 2 0xffff0000
core   0: 0x800069aa (0x0ff0000f) fence   iorw,iorw
core   0: 3 0x800069aa (0x0ff0000f)
core   0: 0x800069ae (0x03385a33) divu    s4, a6, s3
core   0: 3 0x800069ae (0x03385a33) x20 0x00000000
core   0: 0x800069b2 (0x00008c15) c.sub   s0, a3
core   0: 3 0x800069b2 (0x8c15) x 8 0x00000000
core   0: 0x800069b4 (0x0321df33) divu    t5, gp, s2
core   0: 3 0x800069b4 (0x0321df33) x30 0xffffffff
core   0: 0x800069b8 (0x00c05813) srli    a6, zero, 12
core   0: 3 0x800069b8 (0x00c05813) x16 0x00000000
core   0: 0x800069bc (0x03129363) bne     t0, a7, pc + 38
core   0: 3 0x800069bc (0x03129363)
core   0: 0x800069e2 (0x0000717d) c.addi16sp sp, -16
core   0: 3 0x800069e2 (0x717d) x 2 0xfffefff0
core   0: 0x800069e4 (0xe0487993) andi    s3, a6, -508
core   0: 3 0x800069e4 (0xe0487993) x19 0x00000000
core   0: 0x800069e8 (0x71f32c93) slti    s9, t1, 1823
core   0: 3 0x800069e8 (0x71f32c93) x25 0x00000000
core   0: 0x800069ec (0x000040e5) c.li    ra, 25
core   0: 3 0x800069ec (0x40e5) x 1 0x00000019
core   0: 0x800069ee (0x00001e80) c.addi4spn s0, sp, 880
core   0: 3 0x800069ee (0x1e80) x 8 0xffff0360
core   0: 0x800069f0 (0x00008cc5) c.or    s1, s1
core   0: 3 0x800069f0 (0x8cc5) x 9 0x00100000
core   0: 0x800069f2 (0x01606c63) bltu    zero, s6, pc + 24
core   0: 3 0x800069f2 (0x01606c63)
core   0: 0x80006a0a (0x010ad713) srli    a4, s5, 16
core   0: 3 0x80006a0a (0x010ad713) x14 0x0000085b
core   0: 0x80006a0e (0x01319233) sll     tp, gp, s3
core   0: 3 0x80006a0e (0x01319233) x 4 0x00000024
core   0: 0x80006a12 (0x00008c59) c.or    s0, a4
core   0: 3 0x80006a12 (0x8c59) x 8 0xffff0b7b
core   0: 0x80006a14 (0x7a6e6093) ori     ra, t3, 1958
core   0: 3 0x80006a14 (0x7a6e6093) x 1 0x000007a6
core   0: 0x80006a18 (0x037aca33) div     s4, s5, s7
core   0: 3 0x80006a18 (0x037aca33) x20 0xffffffff
core   0: 0x80006a1c (0x0000100f) fence.i
core   0: 3 0x80006a1c (0x0000100f)
core   0: 0x80006a20 (0x409c84b3) sub     s1, s9, s1
core   0: 3 0x80006a20 (0x409c84b3) x 9 0xfff00000
core   0: 0x80006a24 (0x01951113) slli    sp, a0, 25
core   0: 3 0x80006a24 (0x01951113) x 2 0x58000000
core   0: 0x80006a28 (0x00008dad) c.xor   a1, a1
core   0: 3 0x80006a28 (0x8dad) x11 0x00000000
core   0: 0x80006a2a (0x0290e8b3) rem     a7, ra, s1
core   0: 3 0x80006a2a (0x0290e8b3) x17 0x000007a6
core   0: 0x80006a2e (0x00310433) add     s0, sp, gp
core   0: 3 0x80006a2e (0x00310433) x 8 0x58000024
core   0: 0x80006a32 (0x00067863) bgeu    a2, zero, pc + 16
core   0: 3 0x80006a32 (0x00067863)
core   0: 0x80006a42 (0x0000100f) fence.i
core   0: 3 0x80006a42 (0x0000100f)
core   0: 0x80006a46 (0x018385b3) add     a1, t2, s8
core   0: 3 0x80006a46 (0x018385b3) x11 0xb2e3babf
core   0: 0x80006a4a (0xa7555597) auipc   a1, 0xa7555
core   0: 3 0x80006a4a (0xa7555597) x11 0x2755ba4a
core   0: 0x80006a4e (0x0000cf1d) c.beqz  a4, pc + 62
core   0: 3 0x80006a4e (0xcf1d)
core   0: 0x80006a50 (0x00df7133) and     sp, t5, a3
core   0: 3 0x80006a50 (0x00df7133) x 2 0x00000000
core   0: 0x80006a54 (0x00004bf5) c.li    s7, 29
core   0: 3 0x80006a54 (0x4bf5) x23 0x0000001d
core   0: 0x80006a56 (0x000067d5) c.lui   a5, 0x15
core   0: 3 0x80006a56 (0x67d5) x15 0x00015000
core   0: 0x80006a58 (0x00001d10) c.addi4spn a2, sp, 688
core   0: 3 0x80006a58 (0x1d10) x12 0x000002b0
core   0: 0x80006a5a (0x00833133) sltu    sp, t1, s0
core   0: 3 0x80006a5a (0x00833133) x 2 0x00000000
core   0: 0x80006a5e (0x0ff0000f) fence   iorw,iorw
core   0: 3 0x80006a5e (0x0ff0000f)
core   0: 0x80006a62 (0x03c70c63) beq     a4, t3, pc + 56
core   0: 3 0x80006a62 (0x03c70c63)
core   0: 0x80006a66 (0x00008e35) c.xor   a2, a3
core   0: 3 0x80006a66 (0x8e35) x12 0x000002b0
core   0: 0x80006a68 (0x40d30c33) sub     s8, t1, a3
core   0: 3 0x80006a68 (0x40d30c33) x24 0x6340305e
core   0: 0x80006a6c (0x020997b3) mulh    a5, s3, zero
core   0: 3 0x80006a6c (0x020997b3) x15 0x00000000
core   0: 0x80006a70 (0x019663b3) or      t2, a2, s9
core   0: 3 0x80006a70 (0x019663b3) x 7 0x000002b0
core   0: 0x80006a74 (0x00e85c33) srl     s8, a6, a4
core   0: 3 0x80006a74 (0x00e85c33) x24 0x00000000
core   0: 0x80006a78 (0x01966933) or      s2, a2, s9
core   0: 3 0x80006a78 (0x01966933) x18 0x000002b0
core   0: 0x80006a7c (0x013c9d13) slli    s10, s9, 19
core   0: 3 0x80006a7c (0x013c9d13) x26 0x00000000
core   0: 0x80006a80 (0x0283ebb3) rem     s7, t2, s0
core   0: 3 0x80006a80 (0x0283ebb3) x23 0x000002b0
core   0: 0x80006a84 (0x40cf8d33) sub     s10, t6, a2
core   0: 3 0x80006a84 (0x40cf8d33) x26 0xfffffd54
core   0: 0x80006a88 (0x00208e33) add     t3, ra, sp
core   0: 3 0x80006a88 (0x00208e33) x28 0x000007a6
core   0: 0x80006a8c (0xba168717) auipc   a4, 0xba168
core   0: 3 0x80006a8c (0xba168717) x14 0x3a16ea8c
core   0: 0x80006a90 (0xa1ea7a13) andi    s4, s4, -1506
core   0: 3 0x80006a90 (0xa1ea7a13) x20 0xfffffa1e
core   0: 0x80006a94 (0x00009bfd) c.andi  a5, -1
core   0: 3 0x80006a94 (0x9bfd) x15 0x00000000
core   0: 0x80006a96 (0xbdbe72b7) lui     t0, 0xbdbe7
core   0: 3 0x80006a96 (0xbdbe72b7) x 5 0xbdbe7000
core   0: 0x80006a9a (0x02d15e63) bge     sp, a3, pc + 60
core   0: 3 0x80006a9a (0x02d15e63)
core   0: 0x80006ad6 (0x51f62d13) slti    s10, a2, 1311
core   0: 3 0x80006ad6 (0x51f62d13) x26 0x00000001
core   0: 0x80006ada (0x022b0cb3) mul     s9, s6, sp
core   0: 3 0x80006ada (0x022b0cb3) x25 0x00000000
core   0: 0x80006ade (0x0000ef41) c.bnez  a4, pc + 152
core   0: 3 0x80006ade (0xef41)
core   0: 0x80006b76 (0x00008f0d) c.sub   a4, a1
core   0: 3 0x80006b76 (0x8f0d) x14 0x12c13042
core   0: 0x80006b78 (0x02d30963) beq     t1, a3, pc + 50
core   0: 3 0x80006b78 (0x02d30963)
core   0: 0x80006b7c (0x0000100f) fence.i
core   0: 3 0x80006b7c (0x0000100f)
core   0: 0x80006b80 (0x038dbcb3) mulhu   s9, s11, s8
core   0: 3 0x80006b80 (0x038dbcb3) x25 0x00000000
core   0: 0x80006b84 (0x018196b3) sll     a3, gp, s8
core   0: 3 0x80006b84 (0x018196b3) x13 0x00000024
core   0: 0x80006b88 (0x001bbd33) sltu    s10, s7, ra
core   0: 3 0x80006b88 (0x001bbd33) x26 0x00000001
core   0: 0x80006b8c (0x00008226) c.mv    tp, s1
core   0: 3 0x80006b8c (0x8226) x 4 0xfff00000
core   0: 0x80006b8e (0x0000717d) c.addi16sp sp, -16
core   0: 3 0x80006b8e (0x717d) x 2 0xfffffff0
core   0: 0x80006b90 (0x000099fd) c.andi  a1, -1
core   0: 3 0x80006b90 (0x99fd) x11 0x2755ba4a
core   0: 0x80006b92 (0x03571063) bne     a4, s5, pc + 32
core   0: 3 0x80006b92 (0x03571063)
core   0: 0x80006bb2 (0x41fd5bb3) sra     s7, s10, t6
core   0: 3 0x80006bb2 (0x41fd5bb3) x23 0x00000000
core   0: 0x80006bb6 (0x018d9413) slli    s0, s11, 24
core   0: 3 0x80006bb6 (0x018d9413) x 8 0xe4000000
core   0: 0x80006bba (0x4014de13) srai    t3, s1, 1
core   0: 3 0x80006bba (0x4014de13) x28 0xfff80000
core   0: 0x80006bbe (0x0000cf05) c.beqz  a4, pc + 56
core   0: 3 0x80006bbe (0xcf05)
core   0: 0x80006bc0 (0x00cc1363) bne     s8, a2, pc + 6
core   0: 3 0x80006bc0 (0x00cc1363)
core   0: 0x80006bc6 (0x01dd1793) slli    a5, s10, 29
core   0: 3 0x80006bc6 (0x01dd1793) x15 0x20000000
core   0: 0x80006bca (0x00009d3e) c.add   s10, a5
core   0: 3 0x80006bca (0x9d3e) x26 0x20000001
core   0: 0x80006bcc (0x000085fd) c.srai  a1, 31
core   0: 3 0x80006bcc (0x85fd) x11 0x00000000
core   0: 0x80006bce (0x02655963) bge     a0, t1, pc + 50
core   0: 3 0x80006bce (0x02655963)
core   0: 0x80006bd2 (0x01e50363) beq     a0, t5, pc + 6
core   0: 3 0x80006bd2 (0x01e50363)
core   0: 0x80006bd6 (0x00000001) c.nop
core   0: 3 0x80006bd6 (0x0001)
core   0: 0x80006bd8 (0x058f5163) bge     t5, s8, pc + 66
core   0: 3 0x80006bd8 (0x058f5163)
core   0: 0x80006bdc (0x012240b3) xor     ra, tp, s2
core   0: 3 0x80006bdc (0x012240b3) x 1 0xfff002b0
core   0: 0x80006be0 (0x03e7c733) div     a4, a5, t5
core   0: 3 0x80006be0 (0x03e7c733) x14 0xe0000000
core   0: 0x80006be4 (0xfa257917) auipc   s2, 0xfa257
core   0: 3 0x80006be4 (0xfa257917) x18 0x7a25dbe4
core   0: 0x80006be8 (0x000083c5) c.srli  a5, 17
core   0: 3 0x80006be8 (0x83c5) x15 0x00001000
core   0: 0x80006bea (0x00638033) add     zero, t2, t1
core   0: 3 0x80006bea (0x00638033)
core   0: 0x80006bee (0x01bb4cb3) xor     s9, s6, s11
core   0: 3 0x80006bee (0x01bb4cb3) x25 0x7ffda31b
core   0: 0x80006bf2 (0x4183d093) srai    ra, t2, 24
core   0: 3 0x80006bf2 (0x4183d093) x 1 0x00000000
core   0: 0x80006bf6 (0x00009f52) c.add   t5, s4
core   0: 3 0x80006bf6 (0x9f52) x30 0xfffffa1d
core   0: 0x80006bf8 (0x0051b8b3) sltu    a7, gp, t0
core   0: 3 0x80006bf8 (0x0051b8b3) x17 0x00000001
core   0: 0x80006bfc (0x01948563) beq     s1, s9, pc + 10
core   0: 3 0x80006bfc (0x01948563)
core   0: 0x80006c00 (0x032f9a63) bne     t6, s2, pc + 52
core   0: 3 0x80006c00 (0x032f9a63)
core   0: 0x80006c34 (0x006de0b3) or      ra, s11, t1
core   0: 3 0x80006c34 (0x006de0b3) x 1 0xe3427cfe
core   0: 0x80006c38 (0x00009a7d) c.andi  a2, -1
core   0: 3 0x80006c38 (0x9a7d) x12 0x000002b0
core   0: 0x80006c3a (0x00000001) c.nop
core   0: 3 0x80006c3a (0x0001)
core   0: 0x80006c3c (0x02b029b3) mulhsu  s3, zero, a1
core   0: 3 0x80006c3c (0x02b029b3) x19 0x00000000
core   0: 0x80006c40 (0x438f1f37) lui     t5, 0x438f1
core   0: 3 0x80006c40 (0x438f1f37) x30 0x438f1000
core   0: 0x80006c44 (0x40dfd013) srai    zero, t6, 13
core   0: 3 0x80006c44 (0x40dfd013)
core   0: 0x80006c48 (0x027d1b63) bne     s10, t2, pc + 54
core   0: 3 0x80006c48 (0x027d1b63)
core   0: 0x80006c7e (0x00008fa5) c.xor   a5, s1
core   0: 3 0x80006c7e (0x8fa5) x15 0xfff01000
core   0: 0x80006c80 (0x019bc333) xor     t1, s7, s9
core   0: 3 0x80006c80 (0x019bc333) x 6 0x7ffda31b
core   0: 0x80006c84 (0x0000717d) c.addi16sp sp, -16
core   0: 3 0x80006c84 (0x717d) x 2 0xffffffe0
core   0: 0x80006c86 (0x0394fb33) remu    s6, s1, s9
core   0: 3 0x80006c86 (0x0394fb33) x22 0x7ff25ce5
core   0: 0x80006c8a (0x02350eb3) mul     t4, a0, gp
core   0: 3 0x80006c8a (0x02350eb3) x29 0x004c3e30
core   0: 0x80006c8e (0x00bdbd33) sltu    s10, s11, a1
core   0: 3 0x80006c8e (0x00bdbd33) x26 0x00000000
core   0: 0x80006c92 (0x00008b01) c.andi  a4, 0
core   0: 3 0x80006c92 (0x8b01) x14 0x00000000
core   0: 0x80006c94 (0x00008355) c.srli  a4, 21
core   0: 3 0x80006c94 (0x8355) x14 0x00000000
core   0: 0x80006c96 (0x03805933) divu    s2, zero, s8
core   0: 3 0x80006c96 (0x03805933) x18 0xffffffff
core   0: 0x80006c9a (0x000084cd) c.srai  s1, 19
core   0: 3 0x80006c9a (0x84cd) x 9 0xfffffffe
core   0: 0x80006c9c (0x01dba433) slt     s0, s7, t4
core   0: 3 0x80006c9c (0x01dba433) x 8 0x00000001
core   0: 0x80006ca0 (0xd2e47b13) andi    s6, s0, -722
core   0: 3 0x80006ca0 (0xd2e47b13) x22 0x00000000
core   0: 0x80006ca4 (0x00f4de93) srli    t4, s1, 15
core   0: 3 0x80006ca4 (0x00f4de93) x29 0x0001ffff
core   0: 0x80006ca8 (0x00008dfd) c.and   a1, a5
core   0: 3 0x80006ca8 (0x8dfd) x11 0x00000000
core   0: 0x80006caa (0x00004871) c.li    a6, 28
core   0: 3 0x80006caa (0x4871) x16 0x0000001c
core   0: 0x80006cac (0x00001d14) c.addi4spn a3, sp, 688
core   0: 3 0x80006cac (0x1d14) x13 0x00000290
core   0: 0x80006cae (0x00bba233) slt     tp, s7, a1
core   0: 3 0x80006cae (0x00bba233) x 4 0x00000000
core   0: 0x80006cb2 (0x00008c19) c.sub   s0, a4
core   0: 3 0x80006cb2 (0x8c19) x 8 0x00000001
core   0: 0x80006cb4 (0x40de5833) sra     a6, t3, a3
core   0: 3 0x80006cb4 (0x40de5833) x16 0xfffffff8
core   0: 0x80006cb8 (0x00087cb3) and     s9, a6, zero
core   0: 3 0x80006cb8 (0x00087cb3) x25 0x00000000
core   0: 0x80006cbc (0x00f26363) bltu    tp, a5, pc + 6
core   0: 3 0x80006cbc (0x00f26363)
core   0: 0x80006cc2 (0x000086fe) c.mv    a3, t6
core   0: 3 0x80006cc2 (0x86fe) x13 0x00000004
core   0: 0x80006cc4 (0x01565833) srl     a6, a2, s5
core   0: 3 0x80006cc4 (0x01565833) x16 0x000002b0
core   0: 0x80006cc8 (0x0903fb17) auipc   s6, 0x903f
core   0: 3 0x80006cc8 (0x0903fb17) x22 0x89045cc8
core   0: 0x80006ccc (0x00008d42) c.mv    s10, a6
core   0: 3 0x80006ccc (0x8d42) x26 0x000002b0
core   0: 0x80006cce (0x03d08fb3) mul     t6, ra, t4
core   0: 3 0x80006cce (0x03d08fb3) x31 0x16b98302
core   0: 0x80006cd2 (0x40f45133) sra     sp, s0, a5
core   0: 3 0x80006cd2 (0x40f45133) x 2 0x00000001
core   0: 0x80006cd6 (0x00008db1) c.xor   a1, a2
core   0: 3 0x80006cd6 (0x8db1) x11 0x000002b0
core   0: 0x80006cd8 (0x015bc733) xor     a4, s7, s5
core   0: 3 0x80006cd8 (0x015bc733) x14 0x085b5f20
core   0: 0x80006cdc (0x000082a1) c.srli  a3, 8
core   0: 3 0x80006cdc (0x82a1) x13 0x00000000
core   0: 0x80006cde (0x02ec88b3) mul     a7, s9, a4
core   0: 3 0x80006cde (0x02ec88b3) x17 0x00000000
core   0: 0x80006ce2 (0x00008cf5) c.and   s1, a3
core   0: 3 0x80006ce2 (0x8cf5) x 9 0x00000000
core   0: 0x80006ce4 (0x00000c6a) c.slli  s8, 26
core   0: 3 0x80006ce4 (0x0c6a) x24 0x00000000
core   0: 0x80006ce6 (0x00a00c93) li      s9, 10
core   0: 3 0x80006ce6 (0x00a00c93) x25 0x0000000a
core   0: 0x80006cea (0x72dfbc13) sltiu   s8, t6, 1837
core   0: 3 0x80006cea (0x72dfbc13) x24 0x00000000
core   0: 0x80006cee (0x00202933) slt     s2, zero, sp
core   0: 3 0x80006cee (0x00202933) x18 0x00000001
core   0: 0x80006cf2 (0x009cc1b3) xor     gp, s9, s1
core   0: 3 0x80006cf2 (0x009cc1b3) x 3 0x0000000a
core   0: 0x80006cf6 (0x007d5913) srli    s2, s10, 7
core   0: 3 0x80006cf6 (0x007d5913) x18 0x00000005
core   0: 0x80006cfa (0x00008739) c.srai  a4, 14
core   0: 3 0x80006cfa (0x8739) x14 0x0000216d
core   0: 0x80006cfc (0x00a00b93) li      s7, 10
core   0: 3 0x80006cfc (0x00a00b93) x23 0x0000000a
core   0: 0x80006d00 (0x00008489) c.srai  s1, 2
core   0: 3 0x80006d00 (0x8489) x 9 0x00000000
core   0: 0x80006d02 (0x0ff0000f) fence   iorw,iorw
core   0: 3 0x80006d02 (0x0ff0000f)
core   0: 0x80006d06 (0x030f20b3) mulhsu  ra, t5, a6
core   0: 3 0x80006d06 (0x030f20b3) x 1 0x000000b5
core   0: 0x80006d0a (0x6e224797) auipc   a5, 0x6e224
core   0: 3 0x80006d0a (0x6e224797) x15 0xee22ad0a
core   0: 0x80006d0e (0x000095f6) c.add   a1, t4
core   0: 3 0x80006d0e (0x95f6) x11 0x000202af
core   0: 0x80006d10 (0xb0a5cf93) xori    t6, a1, -1270
core   0: 3 0x80006d10 (0xb0a5cf93) x31 0xfffdf9a5
core   0: 0x80006d14 (0x00008c15) c.sub   s0, a3
core   0: 3 0x80006d14 (0x8c15) x 8 0x00000001
core   0: 0x80006d16 (0x40b35393) srai    t2, t1, 11
core   0: 3 0x80006d16 (0x40b35393) x 7 0x000fffb4
core   0: 0x80006d1a (0x0000117d) c.addi  sp, -1
core   0: 3 0x80006d1a (0x117d) x 2 0x00000000
core   0: 0x80006d1c (0x003500b3) add     ra, a0, gp
core   0: 3 0x80006d1c (0x003500b3) x 1 0x80021e36
core   0: 0x80006d20 (0x7307a213) slti    tp, a5, 1840
core   0: 3 0x80006d20 (0x7307a213) x 4 0x00000001
core   0: 0x80006d24 (0x00001ce5) c.addi  s9, -7
core   0: 3 0x80006d24 (0x1ce5) x25 0x00000003
core   0: 0x80006d26 (0x00008685) c.srai  a3, 1
core   0: 3 0x80006d26 (0x8685) x13 0x00000000
core   0: 0x80006d28 (0x1aaef893) andi    a7, t4, 426
core   0: 3 0x80006d28 (0x1aaef893) x17 0x000001aa
core   0: 0x80006d2c (0xfd7cffe3) bgeu    s9, s7, pc - 34
core   0: 3 0x80006d2c (0xfd7cffe3)
core   0: 0x80006d30 (0x00000001) c.nop
core   0: 3 0x80006d30 (0x0001)
core   0: 0x80006d32 (0x00000001) c.nop
core   0: 3 0x80006d32 (0x0001)
core   0: 0x80006d34 (0x05df5263) bge     t5, t4, pc + 68
core   0: 3 0x80006d34 (0x05df5263)
core   0: 0x80006d78 (0x00000001) c.nop
core   0: 3 0x80006d78 (0x0001)
core   0: 0x80006d7a (0x00359133) sll     sp, a1, gp
core   0: 3 0x80006d7a (0x00359133) x 2 0x080abc00
core   0: 0x80006d7e (0x0000cf85) c.beqz  a5, pc + 56
core   0: 3 0x80006d7e (0xcf85)
core   0: 0x80006d80 (0x02c09863) bne     ra, a2, pc + 48
core   0: 3 0x80006d80 (0x02c09863)
core   0: 0x80006db0 (0x00008ef5) c.and   a3, a3
core   0: 3 0x80006db0 (0x8ef5) x13 0x00000000
core   0: 0x80006db2 (0x0175f863) bgeu    a1, s7, pc + 16
core   0: 3 0x80006db2 (0x0175f863)
core   0: 0x80006dc2 (0x0ff0000f) fence   iorw,iorw
core   0: 3 0x80006dc2 (0x0ff0000f)
core   0: 0x80006dc6 (0x6fd98793) addi    a5, s3, 1789
core   0: 3 0x80006dc6 (0x6fd98793) x15 0x000006fd
core   0: 0x80006dca (0xae083113) sltiu   sp, a6, -1312
core   0: 3 0x80006dca (0xae083113) x 2 0x00000001
core   0: 0x80006dce (0x00008c3d) c.xor   s0, a5
core   0: 3 0x80006dce (0x8c3d) x 8 0x000006fc
core   0: 0x80006dd0 (0x0000827e) c.mv    tp, t6
core   0: 3 0x80006dd0 (0x827e) x 4 0xfffdf9a5
core   0: 0x80006dd2 (0x0137cfb3) xor     t6, a5, s3
core   0: 3 0x80006dd2 (0x0137cfb3) x31 0x000006fd
core   0: 0x80006dd6 (0x0000187d) c.addi  a6, -1
core   0: 3 0x80006dd6 (0x187d) x16 0x000002af
core   0: 0x80006dd8 (0x4159d613) srai    a2, s3, 21
core   0: 3 0x80006dd8 (0x4159d613) x12 0x00000000
core   0: 0x80006ddc (0x000081ad) c.srli  a1, 11
core   0: 3 0x80006ddc (0x81ad) x11 0x00000040
core   0: 0x80006dde (0x0000148c) c.addi4spn a1, sp, 608
core   0: 3 0x80006dde (0x148c) x11 0x00000261
core   0: 0x80006de0 (0x31281b37) lui     s6, 0x31281
core   0: 3 0x80006de0 (0x31281b37) x22 0x31281000
core   0: 0x80006de4 (0x000069dd) c.lui   s3, 0x17
core   0: 3 0x80006de4 (0x69dd) x19 0x00017000
core   0: 0x80006de6 (0x0020c733) xor     a4, ra, sp
core   0: 3 0x80006de6 (0x0020c733) x14 0x80021e37
core   0: 0x80006dea (0x00008ead) c.xor   a3, a1
core   0: 3 0x80006dea (0x8ead) x13 0x00000261
core   0: 0x80006dec (0x7dc8e993) ori     s3, a7, 2012
core   0: 3 0x80006dec (0x7dc8e993) x19 0x000007fe
core   0: 0x80006df0 (0x00008d0e) c.mv    s10, gp
core   0: 3 0x80006df0 (0x8d0e) x26 0x0000000a
core   0: 0x80006df2 (0x0000100f) fence.i
core   0: 3 0x80006df2 (0x0000100f)
core   0: 0x80006df6 (0x000081d2) c.mv    gp, s4
core   0: 3 0x80006df6 (0x81d2) x 3 0xfffffa1e
core   0: 0x80006df8 (0x00458733) add     a4, a1, tp
core   0: 3 0x80006df8 (0x00458733) x14 0xfffdfc06
core   0: 0x80006dfc (0x01f29713) slli    a4, t0, 31
core   0: 3 0x80006dfc (0x01f29713) x14 0x00000000
core   0: 0x80006e00 (0x02fdcb33) div     s6, s11, a5
core   0: 3 0x80006e00 (0x02fdcb33) x22 0xffedaf59
core   0: 0x80006e04 (0x0000e889) c.bnez  s1, pc + 18
core   0: 3 0x80006e04 (0xe889)
core   0: 0x80006e06 (0x0216ffb3) remu    t6, a3, ra
core   0: 3 0x80006e06 (0x0216ffb3) x31 0x00000261
core   0: 0x80006e0a (0x0000100f) fence.i
core   0: 3 0x80006e0a (0x0000100f)
core   0: 0x80006e0e (0x0273cb33) div     s6, t2, t2
core   0: 3 0x80006e0e (0x0273cb33) x22 0x00000001
core   0: 0x80006e12 (0x01ca89b3) add     s3, s5, t3
core   0: 3 0x80006e12 (0x01ca89b3) x19 0x08535f20
core   0: 0x80006e16 (0x404c0c33) sub     s8, s8, tp
core   0: 3 0x80006e16 (0x404c0c33) x24 0x0002065b
core   0: 0x80006e1a (0x00008fb1) c.xor   a5, a2
core   0: 3 0x80006e1a (0x8fb1) x15 0x000006fd
core   0: 0x80006e1c (0xba040213) addi    tp, s0, -1120
core   0: 3 0x80006e1c (0xba040213) x 4 0x0000029c
core   0: 0x80006e20 (0x03a4fb63) bgeu    s1, s10, pc + 54
core   0: 3 0x80006e20 (0x03a4fb63)
core   0: 0x80006e24 (0x03758733) mul     a4, a1, s7
core   0: 3 0x80006e24 (0x03758733) x14 0x000017ca
core   0: 0x80006e28 (0x40038233) sub     tp, t2, zero
core   0: 3 0x80006e28 (0x40038233) x 4 0x000fffb4
core   0: 0x80006e2c (0x016dc463) blt     s11, s6, pc + 8
core   0: 3 0x80006e2c (0x016dc463)
core   0: 0x80006e34 (0x02660e63) beq     a2, t1, pc + 60
core   0: 3 0x80006e34 (0x02660e63)
core   0: 0x80006e38 (0x00008dfd) c.and   a1, a5
core   0: 3 0x80006e38 (0x8dfd) x11 0x00000261
core   0: 0x80006e3a (0x6fb8be93) sltiu   t4, a7, 1787
core   0: 3 0x80006e3a (0x6fb8be93) x29 0x00000001
core   0: 0x80006e3e (0x00006939) c.lui   s2, 0xe
core   0: 3 0x80006e3e (0x6939) x18 0x0000e000
core   0: 0x80006e40 (0x0001db33) srl     s6, gp, zero
core   0: 3 0x80006e40 (0x0001db33) x22 0xfffffa1e
core   0: 0x80006e44 (0x50694a13) xori    s4, s2, 1286
core   0: 3 0x80006e44 (0x50694a13) x20 0x0000e506
core   0: 0x80006e48 (0x00008c19) c.sub   s0, a4
core   0: 3 0x80006e48 (0x8c19) x 8 0xffffef32
core   0: 0x80006e4a (0x00000001) c.nop
core   0: 3 0x80006e4a (0x0001)
core   0: 0x80006e4c (0x01a12433) slt     s0, sp, s10
core   0: 3 0x80006e4c (0x01a12433) x 8 0x00000001
core   0: 0x80006e50 (0x0256b2b3) mulhu   t0, a3, t0
core   0: 3 0x80006e50 (0x0256b2b3) x 5 0x000001c3
core   0: 0x80006e54 (0x00008e25) c.xor   a2, s1
core   0: 3 0x80006e54 (0x8e25) x12 0x00000000
core   0: 0x80006e56 (0x0ff0000f) fence   iorw,iorw
core   0: 3 0x80006e56 (0x0ff0000f)
core   0: 0x80006e5a (0x000019fd) c.addi  s3, -1
core   0: 3 0x80006e5a (0x19fd) x19 0x08535f1f
core   0: 0x80006e5c (0x0bba2193) slti    gp, s4, 187
core   0: 3 0x80006e5c (0x0bba2193) x 3 0x00000000
core   0: 0x80006e60 (0x6ecea813) slti    a6, t4, 1772
core   0: 3 0x80006e60 (0x6ecea813) x16 0x00000001
core   0: 0x80006e64 (0x00000001) c.nop
core   0: 3 0x80006e64 (0x0001)
core   0: 0x80006e66 (0x00000910) c.addi4spn a2, sp, 144
core   0: 3 0x80006e66 (0x0910) x12 0x00000091
core   0: 0x80006e68 (0xcd5c6093) ori     ra, s8, -811
core   0: 3 0x80006e68 (0xcd5c6093) x 1 0xfffffedf
core   0: 0x80006e6c (0x41f258b3) sra     a7, tp, t6
core   0: 3 0x80006e6c (0x41f258b3) x17 0x0007ffda
core   0: 0x80006e70 (0x0000717d) c.addi16sp sp, -16
core   0: 3 0x80006e70 (0x717d) x 2 0xfffffff1
core   0: 0x80006e72 (0x000044f9) c.li    s1, 30
core   0: 3 0x80006e72 (0x44f9) x 9 0x0000001e
core   0: 0x80006e74 (0x00c1bbb3) sltu    s7, gp, a2
core   0: 3 0x80006e74 (0x00c1bbb3) x23 0x00000001
core   0: 0x80006e78 (0x03b1b933) mulhu   s2, gp, s11
core   0: 3 0x80006e78 (0x03b1b933) x18 0x00000000
core   0: 0x80006e7c (0x0ff0000f) fence   iorw,iorw
core   0: 3 0x80006e7c (0x0ff0000f)
core   0: 0x80006e80 (0x014aba33) sltu    s4, s5, s4
core   0: 3 0x80006e80 (0x014aba33) x20 0x00000000
core   0: 0x80006e84 (0x40ead4b3) sra     s1, s5, a4
core   0: 3 0x80006e84 (0x40ead4b3) x 9 0x000216d7
core   0: 0x80006e88 (0x03066f63) bltu    a2, a6, pc + 62
core   0: 3 0x80006e88 (0x03066f63)
core   0: 0x80006e8c (0x79586313) ori     t1, a6, 1941
core   0: 3 0x80006e8c (0x79586313) x 6 0x00000795
core   0: 0x80006e90 (0x0275cc33) div     s8, a1, t2
core   0: 3 0x80006e90 (0x0275cc33) x24 0x00000000
core   0: 0x80006e94 (0x025eeb33) rem     s6, t4, t0
core   0: 3 0x80006e94 (0x025eeb33) x22 0x00000001
core   0: 0x80006e98 (0x00008a26) c.mv    s4, s1
core   0: 3 0x80006e98 (0x8a26) x20 0x000216d7
core   0: 0x80006e9a (0x0ff0000f) fence   iorw,iorw
core   0: 3 0x80006e9a (0x0ff0000f)
core   0: 0x80006e9e (0x73090d13) addi    s10, s2, 1840
core   0: 3 0x80006e9e (0x73090d13) x26 0x00000730
core   0: 0x80006ea2 (0xce7bee93) ori     t4, s7, -793
core   0: 3 0x80006ea2 (0xce7bee93) x29 0xfffffce7
core   0: 0x80006ea6 (0x0ff0000f) fence   iorw,iorw
core   0: 3 0x80006ea6 (0x0ff0000f)
core   0: 0x80006eaa (0x012c1033) sll     zero, s8, s2
core   0: 3 0x80006eaa (0x012c1033)
core   0: 0x80006eae (0x405159b3) sra     s3, sp, t0
core   0: 3 0x80006eae (0x405159b3) x19 0xfffffffe
core   0: 0x80006eb2 (0x405b50b3) sra     ra, s6, t0
core   0: 3 0x80006eb2 (0x405b50b3) x 1 0x00000000
core   0: 0x80006eb6 (0x00000498) c.addi4spn a4, sp, 576
core   0: 3 0x80006eb6 (0x0498) x14 0x00000231
core   0: 0x80006eb8 (0x027823b3) mulhsu  t2, a6, t2
core   0: 3 0x80006eb8 (0x027823b3) x 7 0x00000000
core   0: 0x80006ebc (0x03a55463) bge     a0, s10, pc + 40
core   0: 3 0x80006ebc (0x03a55463)
core   0: 0x80006ec0 (0x00008cad) c.xor   s1, a1
core   0: 3 0x80006ec0 (0x8cad) x 9 0x000214b6
core   0: 0x80006ec2 (0x00005ffd) c.li    t6, -1
core   0: 3 0x80006ec2 (0x5ffd) x31 0xffffffff
core   0: 0x80006ec4 (0x0000e385) c.bnez  a5, pc + 32
core   0: 3 0x80006ec4 (0xe385)
core   0: 0x80006ee4 (0x035a23b3) mulhsu  t2, s4, s5
core   0: 3 0x80006ee4 (0x035a23b3) x 7 0x00001175
core   0: 0x80006ee8 (0x01b0d393) srli    t2, ra, 27
core   0: 3 0x80006ee8 (0x01b0d393) x 7 0x00000000
core   0: 0x80006eec (0x03dd9d33) mulh    s10, s11, t4
core   0: 3 0x80006eec (0x03dd9d33) x26 0x0000018c
core   0: 0x80006ef0 (0x000314b3) sll     s1, t1, zero
core   0: 3 0x80006ef0 (0x000314b3) x 9 0x00000795
core   0: 0x80006ef4 (0x0000100f) fence.i
core   0: 3 0x80006ef4 (0x0000100f)
core   0: 0x80006ef8 (0x01f80d33) add     s10, a6, t6
core   0: 3 0x80006ef8 (0x01f80d33) x26 0x00000000
core   0: 0x80006efc (0x00001a98) c.addi4spn a4, sp, 368
core   0: 3 0x80006efc (0x1a98) x14 0x00000161
core   0: 0x80006efe (0x02f7ce33) div     t3, a5, a5
core   0: 3 0x80006efe (0x02f7ce33) x28 0x00000001
core   0: 0x80006f02 (0x02f75a33) divu    s4, a4, a5
core   0: 3 0x80006f02 (0x02f75a33) x20 0x00000000
core   0: 0x80006f06 (0x0034cf63) blt     s1, gp, pc + 30
core   0: 3 0x80006f06 (0x0034cf63)
core   0: 0x80006f0a (0x54ba2717) auipc   a4, 0x54ba2
core   0: 3 0x80006f0a (0x54ba2717) x14 0xd4ba8f0a
core   0: 0x80006f0e (0x0314a633) mulhsu  a2, s1, a7
core   0: 3 0x80006f0e (0x0314a633) x12 0x00000000
core   0: 0x80006f12 (0x00006ee1) c.lui   t4, 0x18
core   0: 3 0x80006f12 (0x6ee1) x29 0x00018000
core   0: 0x80006f14 (0x40b9d7b3) sra     a5, s3, a1
core   0: 3 0x80006f14 (0x40b9d7b3) x15 0xffffffff
core   0: 0x80006f18 (0x00000001) c.nop
core   0: 3 0x80006f18 (0x0001)
core   0: 0x80006f1a (0x0000833d) c.srli  a4, 15
core   0: 3 0x80006f1a (0x833d) x14 0x0001a975
core   0: 0x80006f1c (0x021ac9b3) div     s3, s5, ra
core   0: 3 0x80006f1c (0x021ac9b3) x19 0xffffffff
core   0: 0x80006f20 (0x03e84eb3) div     t4, a6, t5
core   0: 3 0x80006f20 (0x03e84eb3) x29 0x00000000
core   0: 0x80006f24 (0x0000100f) fence.i
core   0: 3 0x80006f24 (0x0000100f)
core   0: 0x80006f28 (0x0000049a) c.slli  s1, 6
core   0: 3 0x80006f28 (0x049a) x 9 0x0001e540
core   0: 0x80006f2a (0x00008ee5) c.and   a3, s1
core   0: 3 0x80006f2a (0x8ee5) x13 0x00000040
core   0: 0x80006f2c (0x00000001) c.nop
core   0: 3 0x80006f2c (0x0001)
core   0: 0x80006f2e (0x005eca63) blt     t4, t0, pc + 20
core   0: 3 0x80006f2e (0x005eca63)
core   0: 0x80006f42 (0x02151833) mulh    a6, a0, ra
core   0: 3 0x80006f42 (0x02151833) x16 0x00000000
core   0: 0x80006f46 (0x00008dbd) c.xor   a1, a5
core   0: 3 0x80006f46 (0x8dbd) x11 0xfffffd9e
core   0: 0x80006f48 (0xb0716213) ori     tp, sp, -1273
core   0: 3 0x80006f48 (0xb0716213) x 4 0xfffffff7
core   0: 0x80006f4c (0x758460b7) lui     ra, 0x75846
core   0: 3 0x80006f4c (0x758460b7) x 1 0x75846000
core   0: 0x80006f50 (0x00008d7e) c.mv    s10, t6
core   0: 3 0x80006f50 (0x8d7e) x26 0xffffffff
core   0: 0x80006f52 (0x02485663) bge     a6, tp, pc + 44
core   0: 3 0x80006f52 (0x02485663)
core   0: 0x80006f7e (0x402bd8b3) sra     a7, s7, sp
core   0: 3 0x80006f7e (0x402bd8b3) x17 0x00000000
core   0: 0x80006f82 (0x000067ed) c.lui   a5, 0x1b
core   0: 3 0x80006f82 (0x67ed) x15 0x0001b000
core   0: 0x80006f84 (0x03add363) bge     s11, s10, pc + 38
core   0: 3 0x80006f84 (0x03add363)
core   0: 0x80006f88 (0xa69894b7) lui     s1, 0xa6989
core   0: 3 0x80006f88 (0xa69894b7) x 9 0xa6989000
core   0: 0x80006f8c (0x0231d033) divu    zero, gp, gp
core   0: 3 0x80006f8c (0x0231d033)
core   0: 0x80006f90 (0x02ae1963) bne     t3, a0, pc + 50
core   0: 3 0x80006f90 (0x02ae1963)
core   0: 0x80006fc2 (0x0000613d) c.addi16sp sp, 480
core   0: 3 0x80006fc2 (0x613d) x 2 0x000001d1
core   0: 0x80006fc4 (0x01bf9833) sll     a6, t6, s11
core   0: 3 0x80006fc4 (0x01bf9833) x16 0xfffffff0
core   0: 0x80006fc8 (0x012048b3) xor     a7, zero, s2
core   0: 3 0x80006fc8 (0x012048b3) x17 0x00000000
core   0: 0x80006fcc (0x0000cc05) c.beqz  s0, pc + 56
core   0: 3 0x80006fcc (0xcc05)
core   0: 0x80006fce (0x02686933) rem     s2, a6, t1
core   0: 3 0x80006fce (0x02686933) x18 0xfffffff0
core   0: 0x80006fd2 (0x017d6233) or      tp, s10, s7
core   0: 3 0x80006fd2 (0x017d6233) x 4 0xffffffff
core   0: 0x80006fd6 (0x0190a933) slt     s2, ra, s9
core   0: 3 0x80006fd6 (0x0190a933) x18 0x00000000
core   0: 0x80006fda (0x41a30f33) sub     t5, t1, s10
core   0: 3 0x80006fda (0x41a30f33) x30 0x00000796
core   0: 0x80006fde (0x00008cbd) c.xor   s1, a5
core   0: 3 0x80006fde (0x8cbd) x 9 0xa6992000
core   0: 0x80006fe0 (0x0ff0000f) fence   iorw,iorw
core   0: 3 0x80006fe0 (0x0ff0000f)
core   0: 0x80006fe4 (0xa224a193) slti    gp, s1, -1502
core   0: 3 0x80006fe4 (0xa224a193) x 3 0x00000001
core   0: 0x80006fe8 (0x71fd18b7) lui     a7, 0x71fd1
core   0: 3 0x80006fe8 (0x71fd18b7) x17 0x71fd1000
core   0: 0x80006fec (0x01afd313) srli    t1, t6, 26
core   0: 3 0x80006fec (0x01afd313) x 6 0x0000003f
core   0: 0x80006ff0 (0x0371da33) divu    s4, gp, s7
core   0: 3 0x80006ff0 (0x0371da33) x20 0x00000001
core   0: 0x80006ff4 (0x0058fb33) and     s6, a7, t0
core   0: 3 0x80006ff4 (0x0058fb33) x22 0x00000000
core   0: 0x80006ff8 (0x05ea6063) bltu    s4, t5, pc + 64
core   0: 3 0x80006ff8 (0x05ea6063)
core   0: 0x80007038 (0x000045e9) c.li    a1, 26
core   0: 3 0x80007038 (0x45e9) x11 0x0000001a
core   0: 0x8000703a (0xab628b93) addi    s7, t0, -1354
core   0: 3 0x8000703a (0xab628b93) x23 0xfffffc79
core   0: 0x8000703e (0x03e20b33) mul     s6, tp, t5
core   0: 3 0x8000703e (0x03e20b33) x22 0xfffff86a
core   0: 0x80007042 (0x025d4e33) div     t3, s10, t0
core   0: 3 0x80007042 (0x025d4e33) x28 0x00000000
core   0: 0x80007046 (0x00008df5) c.and   a1, a3
core   0: 3 0x80007046 (0x8df5) x11 0x00000000
core   0: 0x80007048 (0x00006d69) c.lui   s10, 0x1a
core   0: 3 0x80007048 (0x6d69) x26 0x0001a000
core   0: 0x8000704a (0x00cf7433) and     s0, t5, a2
core   0: 3 0x8000704a (0x00cf7433) x 8 0x00000000
core   0: 0x8000704e (0x408309b3) sub     s3, t1, s0
core   0: 3 0x8000704e (0x408309b3) x19 0x0000003f
core   0: 0x80007052 (0x0081bb33) sltu    s6, gp, s0
core   0: 3 0x80007052 (0x0081bb33) x22 0x00000000
core   0: 0x80007056 (0x0031e5b3) or      a1, gp, gp
core   0: 3 0x80007056 (0x0031e5b3) x11 0x00000001
core   0: 0x8000705a (0x0000c499) c.beqz  s1, pc + 14
core   0: 3 0x8000705a (0xc499)
core   0: 0x8000705c (0x00005e7d) c.li    t3, -1
core   0: 3 0x8000705c (0x5e7d) x28 0xffffffff
core   0: 0x8000705e (0x004e4cb3) xor     s9, t3, tp
core   0: 3 0x8000705e (0x004e4cb3) x25 0x00000000
core   0: 0x80007062 (0x0197acb3) slt     s9, a5, s9
core   0: 3 0x80007062 (0x0197acb3) x25 0x00000000
core   0: 0x80007066 (0x00000f8c) c.addi4spn a1, sp, 976
core   0: 3 0x80007066 (0x0f8c) x11 0x000005a1
core   0: 0x80007068 (0x02e48e63) beq     s1, a4, pc + 60
core   0: 3 0x80007068 (0x02e48e63)
core   0: 0x8000706c (0x028c3eb3) mulhu   t4, s8, s0
core   0: 3 0x8000706c (0x028c3eb3) x29 0x00000000
core   0: 0x80007070 (0x015256b3) srl     a3, tp, s5
core   0: 3 0x80007070 (0x015256b3) x13 0xffffffff
core   0: 0x80007074 (0x5c3f2013) slti    zero, t5, 1475
core   0: 3 0x80007074 (0x5c3f2013)
core   0: 0x80007078 (0x0000c08d) c.beqz  s1, pc + 34
core   0: 3 0x80007078 (0xc08d)
core   0: 0x8000707a (0xbd180a13) addi    s4, a6, -1071
core   0: 3 0x8000707a (0xbd180a13) x20 0xfffffbc1
core   0: 0x8000707e (0x02e82f33) mulhsu  t5, a6, a4
core   0: 3 0x8000707e (0x02e82f33) x30 0xffffffff
core   0: 0x80007082 (0xbda83a13) sltiu   s4, a6, -1062
core   0: 3 0x80007082 (0xbda83a13) x20 0x00000000
core   0: 0x80007086 (0x03201fb3) mulh    t6, zero, s2
core   0: 3 0x80007086 (0x03201fb3) x31 0x00000000
core   0: 0x8000708a (0x039d09b3) mul     s3, s10, s9
core   0: 3 0x8000708a (0x039d09b3) x19 0x00000000
core   0: 0x8000708e (0x01f6aeb3) slt     t4, a3, t6
core   0: 3 0x8000708e (0x01f6aeb3) x29 0x00000001
core   0: 0x80007092 (0x033a9263) bne     s5, s3, pc + 36
core   0: 3 0x80007092 (0x033a9263)
core   0: 0x800070b6 (0x000001cd) c.addi  gp, 19
core   0: 3 0x800070b6 (0x01cd) x 3 0x00000014
core   0: 0x800070b8 (0x3588ac13) slti    s8, a7, 856
core   0: 3 0x800070b8 (0x3588ac13) x24 0x00000000
core   0: 0x800070bc (0x00008185) c.srli  a1, 1
core   0: 3 0x800070bc (0x8185) x11 0x000002d0
core   0: 0x800070be (0x0000100f) fence.i
core   0: 3 0x800070be (0x0000100f)
core   0: 0x800070c2 (0x9997a913) slti    s2, a5, -1639
core   0: 3 0x800070c2 (0x9997a913) x18 0x00000000
core   0: 0x800070c6 (0x000012fd) c.addi  t0, -1
core   0: 3 0x800070c6 (0x12fd) x 5 0x000001c2
core   0: 0x800070c8 (0x000005ca) c.slli  a1, 18
core   0: 3 0x800070c8 (0x05ca) x11 0x0b400000
core   0: 0x800070ca (0x00005ffd) c.li    t6, -1
core   0: 3 0x800070ca (0x5ffd) x31 0xffffffff
core   0: 0x800070cc (0x5e824193) xori    gp, tp, 1512
core   0: 3 0x800070cc (0x5e824193) x 3 0xfffffa17
core   0: 0x800070d0 (0x02e48cb3) mul     s9, s1, a4
core   0: 3 0x800070d0 (0x02e48cb3) x25 0x5a1ba000
core   0: 0x800070d4 (0x0291a7b3) mulhsu  a5, gp, s1
core   0: 3 0x800070d4 (0x0291a7b3) x15 0xfffffc27
core   0: 0x800070d8 (0x03f8bbb3) mulhu   s7, a7, t6
core   0: 3 0x800070d8 (0x03f8bbb3) x23 0x71fd0fff
core   0: 0x800070dc (0x02fdc933) div     s2, s11, a5
core   0: 3 0x800070dc (0x02fdc933) x18 0x002143bd
core   0: 0x800070e0 (0x0ff0000f) fence   iorw,iorw
core   0: 3 0x800070e0 (0x0ff0000f)
core   0: 0x800070e4 (0x015e9863) bne     t4, s5, pc + 16
core   0: 3 0x800070e4 (0x015e9863)
core   0: 0x800070f4 (0x016b59b3) srl     s3, s6, s6
core   0: 3 0x800070f4 (0x016b59b3) x19 0x00000000
core   0: 0x800070f8 (0x02457a33) remu    s4, a0, tp
core   0: 3 0x800070f8 (0x02457a33) x20 0x80021e2c
core   0: 0x800070fc (0x00008789) c.srai  a5, 2
core   0: 3 0x800070fc (0x8789) x15 0xffffff09
core   0: 0x800070fe (0x015b4bb3) xor     s7, s6, s5
core   0: 3 0x800070fe (0x015b4bb3) x23 0x085b5f20
core   0: 0x80007102 (0x00005e7d) c.li    t3, -1
core   0: 3 0x80007102 (0x5e7d) x28 0xffffffff
core   0: 0x80007104 (0x00009eea) c.add   t4, s10
core   0: 3 0x80007104 (0x9eea) x29 0x0001a001
core   0: 0x80007106 (0x0000171c) c.addi4spn a5, sp, 928
core   0: 3 0x80007106 (0x171c) x15 0x00000571
core   0: 0x80007108 (0x020d4433) div     s0, s10, zero
core   0: 3 0x80007108 (0x020d4433) x 8 0xffffffff
core   0: 0x8000710c (0xd30a5397) auipc   t2, 0xd30a5
core   0: 3 0x8000710c (0xd30a5397) x 7 0x530ac10c
core   0: 0x80007110 (0x4c5ab793) sltiu   a5, s5, 1221
core   0: 3 0x80007110 (0x4c5ab793) x15 0x00000000
core   0: 0x80007114 (0x00000001) c.nop
core   0: 3 0x80007114 (0x0001)
core   0: 0x80007116 (0x00000001) c.nop
core   0: 3 0x80007116 (0x0001)
core   0: 0x80007118 (0x03a81a33) mulh    s4, a6, s10
core   0: 3 0x80007118 (0x03a81a33) x20 0xffffffff
core   0: 0x8000711c (0x017ef563) bgeu    t4, s7, pc + 10
core   0: 3 0x8000711c (0x017ef563)
core   0: 0x80007120 (0x019b1593) slli    a1, s6, 25
core   0: 3 0x80007120 (0x019b1593) x11 0x00000000
core   0: 0x80007124 (0x00000001) c.nop
core   0: 3 0x80007124 (0x0001)
core   0: 0x80007126 (0x00000001) c.nop
core   0: 3 0x80007126 (0x0001)
core   0: 0x80007128 (0x411e3737) lui     a4, 0x411e3
core   0: 3 0x80007128 (0x411e3737) x14 0x411e3000
core   0: 0x8000712c (0x00000a80) c.addi4spn s0, sp, 336
core   0: 3 0x8000712c (0x0a80) x 8 0x00000321
core   0: 0x8000712e (0x0342cb63) blt     t0, s4, pc + 54
core   0: 3 0x8000712e (0x0342cb63)
core   0: 0x80007132 (0x025a5c63) bge     s4, t0, pc + 56
core   0: 3 0x80007132 (0x025a5c63)
core   0: 0x80007136 (0x0000029a) c.slli  t0, 6
core   0: 3 0x80007136 (0x029a) x 5 0x00007080
core   0: 0x80007138 (0x0396e7b3) rem     a5, a3, s9
core   0: 3 0x80007138 (0x0396e7b3) x15 0xffffffff
core   0: 0x8000713c (0x015b5193) srli    gp, s6, 21
core   0: 3 0x8000713c (0x015b5193) x 3 0x00000000
core   0: 0x80007140 (0x030b66b3) rem     a3, s6, a6
core   0: 3 0x80007140 (0x030b66b3) x13 0x00000000
core   0: 0x80007144 (0x000082f5) c.srli  a3, 29
core   0: 3 0x80007144 (0x82f5) x13 0x00000000
core   0: 0x80007146 (0x00006409) c.lui   s0, 0x2
core   0: 3 0x80007146 (0x6409) x 8 0x00002000
core   0: 0x80007148 (0x03515063) bge     sp, s5, pc + 32
core   0: 3 0x80007148 (0x03515063)
core   0: 0x8000714c (0x00008ef5) c.and   a3, a3
core   0: 3 0x8000714c (0x8ef5) x13 0x00000000
core   0: 0x8000714e (0x022a92b3) mulh    t0, s5, sp
core   0: 3 0x8000714e (0x022a92b3) x 5 0x0000000f
core   0: 0x80007152 (0x00000001) c.nop
core   0: 3 0x80007152 (0x0001)
core   0: 0x80007154 (0x02266a33) rem     s4, a2, sp
core   0: 3 0x80007154 (0x02266a33) x20 0x00000000
core   0: 0x80007158 (0x010f9593) slli    a1, t6, 16
core   0: 3 0x80007158 (0x010f9593) x11 0xffff0000
core   0: 0x8000715c (0xdbb66493) ori     s1, a2, -581
core   0: 3 0x8000715c (0xdbb66493) x 9 0xfffffdbb
core   0: 0x80007160 (0x01d6c3b3) xor     t2, a3, t4
core   0: 3 0x80007160 (0x01d6c3b3) x 7 0x0001a001
core   0: 0x80007164 (0x00008f01) c.sub   a4, s0
core   0: 3 0x80007164 (0x8f01) x14 0x411e1000
core   0: 0x80007166 (0x00008dd1) c.or    a1, a2
core   0: 3 0x80007166 (0x8dd1) x11 0xffff0000
core   0: 0x80007168 (0x000088e9) c.andi  s1, 26
core   0: 3 0x80007168 (0x88e9) x 9 0x0000001a
core   0: 0x8000716a (0x0167ccb3) xor     s9, a5, s6
core   0: 3 0x8000716a (0x0167ccb3) x25 0xffffffff
core   0: 0x8000716e (0x00008eed) c.and   a3, a1
core   0: 3 0x8000716e (0x8eed) x13 0x00000000
core   0: 0x80007170 (0x407cd613) srai    a2, s9, 7
core   0: 3 0x80007170 (0x407cd613) x12 0xffffffff
core   0: 0x80007174 (0x414483b3) sub     t2, s1, s4
core   0: 3 0x80007174 (0x414483b3) x 7 0x0000001a
core   0: 0x80007178 (0x00008fa5) c.xor   a5, s1
core   0: 3 0x80007178 (0x8fa5) x15 0xffffffe5
core   0: 0x8000717a (0x009e3a33) sltu    s4, t3, s1
core   0: 3 0x8000717a (0x009e3a33) x20 0x00000000
core   0: 0x8000717e (0x00008765) c.srai  a4, 25
core   0: 3 0x8000717e (0x8765) x14 0x00000020
core   0: 0x80007180 (0x4020d193) srai    gp, ra, 2
core   0: 3 0x80007180 (0x4020d193) x 3 0x1d611800
core   0: 0x80007184 (0x0304c8b3) div     a7, s1, a6
core   0: 3 0x80007184 (0x0304c8b3) x17 0xffffffff
core   0: 0x80007188 (0x40770cb3) sub     s9, a4, t2
core   0: 3 0x80007188 (0x40770cb3) x25 0x00000006
core   0: 0x8000718c (0x00000ede) c.slli  t4, 23
core   0: 3 0x8000718c (0x0ede) x29 0x00800000
core   0: 0x8000718e (0x037d5433) divu    s0, s10, s7
core   0: 3 0x8000718e (0x037d5433) x 8 0x00000000
core   0: 0x80007192 (0x03ef8b33) mul     s6, t6, t5
core   0: 3 0x80007192 (0x03ef8b33) x22 0x00000001
core   0: 0x80007196 (0x02c8a233) mulhsu  tp, a7, a2
core   0: 3 0x80007196 (0x02c8a233) x 4 0xffffffff
core   0: 0x8000719a (0x4127d813) srai    a6, a5, 18
core   0: 3 0x8000719a (0x4127d813) x16 0xffffffff
core   0: 0x8000719e (0x01f947b3) xor     a5, s2, t6
core   0: 3 0x8000719e (0x01f947b3) x15 0xffdebc42
core   0: 0x800071a2 (0x03690963) beq     s2, s6, pc + 50
core   0: 3 0x800071a2 (0x03690963)
core   0: 0x800071a6 (0x000081f5) c.srli  a1, 29
core   0: 3 0x800071a6 (0x81f5) x11 0x00000007
core   0: 0x800071a8 (0x0000100f) fence.i
core   0: 3 0x800071a8 (0x0000100f)
core   0: 0x800071ac (0x0000911a) c.add   sp, t1
core   0: 3 0x800071ac (0x911a) x 2 0x00000210
core   0: 0x800071ae (0x033d4963) blt     s10, s3, pc + 50
core   0: 3 0x800071ae (0x033d4963)
core   0: 0x800071b2 (0x0016acb3) slt     s9, a3, ra
core   0: 3 0x800071b2 (0x0016acb3) x25 0x00000001
core   0: 0x800071b6 (0x007c9693) slli    a3, s9, 7
core   0: 3 0x800071b6 (0x007c9693) x13 0x00000080
core   0: 0x800071ba (0x0042d363) bge     t0, tp, pc + 6
core   0: 3 0x800071ba (0x0042d363)
core   0: 0x800071c0 (0x0024d6b3) srl     a3, s1, sp
core   0: 3 0x800071c0 (0x0024d6b3) x13 0x00000000
core   0: 0x800071c4 (0x0332c433) div     s0, t0, s3
core   0: 3 0x800071c4 (0x0332c433) x 8 0xffffffff
core   0: 0x800071c8 (0x01b91a13) slli    s4, s2, 27
core   0: 3 0x800071c8 (0x01b91a13) x20 0xe8000000
core   0: 0x800071cc (0x000e19b3) sll     s3, t3, zero
core   0: 3 0x800071cc (0x000e19b3) x19 0xffffffff
core   0: 0x800071d0 (0x0073a133) slt     sp, t2, t2
core   0: 3 0x800071d0 (0x0073a133) x 2 0x00000000
core   0: 0x800071d4 (0x02cd74b3) remu    s1, s10, a2
core   0: 3 0x800071d4 (0x02cd74b3) x 9 0x0001a000
core   0: 0x800071d8 (0x01afd133) srl     sp, t6, s10
core   0: 3 0x800071d8 (0x01afd133) x 2 0xffffffff
core   0: 0x800071dc (0x41ee55b3) sra     a1, t3, t5
core   0: 3 0x800071dc (0x41ee55b3) x11 0xffffffff
core   0: 0x800071e0 (0x415d5493) srai    s1, s10, 21
core   0: 3 0x800071e0 (0x415d5493) x 9 0x00000000
core   0: 0x800071e4 (0xd9be8f93) addi    t6, t4, -613
core   0: 3 0x800071e4 (0xd9be8f93) x31 0x007ffd9b
core   0: 0x800071e8 (0x05394493) xori    s1, s2, 83
core   0: 3 0x800071e8 (0x05394493) x 9 0x002143ee
core   0: 0x800071ec (0x023b8833) mul     a6, s7, gp
core   0: 3 0x800071ec (0x023b8833) x16 0x3c0b0000
core   0: 0x800071f0 (0x0142df93) srli    t6, t0, 20
core   0: 3 0x800071f0 (0x0142df93) x31 0x00000000
core   0: 0x800071f4 (0x02ff6b63) bltu    t5, a5, pc + 54
core   0: 3 0x800071f4 (0x02ff6b63)
core   0: 0x800071f8 (0x0125db13) srli    s6, a1, 18
core   0: 3 0x800071f8 (0x0125db13) x22 0x00003fff
core   0: 0x800071fc (0x020a7eb3) remu    t4, s4, zero
core   0: 3 0x800071fc (0x020a7eb3) x29 0xe8000000
core   0: 0x80007200 (0x02e65563) bge     a2, a4, pc + 42
core   0: 3 0x80007200 (0x02e65563)
core   0: 0x80007204 (0x026f6963) bltu    t5, t1, pc + 50
core   0: 3 0x80007204 (0x026f6963)
core   0: 0x80007208 (0x00005c7d) c.li    s8, -1
core   0: 3 0x80007208 (0x5c7d) x24 0xffffffff
core   0: 0x8000720a (0x0ff0000f) fence   iorw,iorw
core   0: 3 0x8000720a (0x0ff0000f)
core   0: 0x8000720e (0x000083fd) c.srli  a5, 31
core   0: 3 0x8000720e (0x83fd) x15 0x00000001
core   0: 0x80007210 (0x001bfd63) bgeu    s7, ra, pc + 26
core   0: 3 0x80007210 (0x001bfd63)
core   0: 0x80007214 (0x00000001) c.nop
core   0: 3 0x80007214 (0x0001)
core   0: 0x80007216 (0x000080ce) c.mv    ra, s3
core   0: 3 0x80007216 (0x80ce) x 1 0xffffffff
core   0: 0x80007218 (0x00008f41) c.or    a4, s0
core   0: 3 0x80007218 (0x8f41) x14 0xffffffff
core   0: 0x8000721a (0x01516633) or      a2, sp, s5
core   0: 3 0x8000721a (0x01516633) x12 0xffffffff
core   0: 0x8000721e (0x0000927e) c.add   tp, t6
core   0: 3 0x8000721e (0x927e) x 4 0xffffffff
core   0: 0x80007220 (0x0241f863) bgeu    gp, tp, pc + 48
core   0: 3 0x80007220 (0x0241f863)
core   0: 0x80007224 (0x00001294) c.addi4spn a3, sp, 352
core   0: 3 0x80007224 (0x1294) x13 0x0000015f
core   0: 0x80007226 (0xf18a3c93) sltiu   s9, s4, -232
core   0: 3 0x80007226 (0xf18a3c93) x25 0x00000001
core   0: 0x8000722a (0x02a4cd33) div     s10, s1, a0
core   0: 3 0x8000722a (0x02a4cd33) x26 0x00000000
core   0: 0x8000722e (0xd7c3bc37) lui     s8, 0xd7c3b
core   0: 3 0x8000722e (0xd7c3bc37) x24 0xd7c3b000
core   0: 0x80007232 (0x00009b7d) c.andi  a4, -1
core   0: 3 0x80007232 (0x9b7d) x14 0xffffffff
core   0: 0x80007234 (0x00006335) c.lui   t1, 0xd
core   0: 3 0x80007234 (0x6335) x 6 0x0000d000
core   0: 0x80007236 (0x00000001) c.nop
core   0: 3 0x80007236 (0x0001)
core   0: 0x80007238 (0x034b99b3) mulh    s3, s7, s4
core   0: 3 0x80007238 (0x034b99b3) x19 0xff376f15
core   0: 0x8000723c (0x443f4cb7) lui     s9, 0x443f4
core   0: 3 0x8000723c (0x443f4cb7) x25 0x443f4000
core   0: 0x80007240 (0x0000100f) fence.i
core   0: 3 0x80007240 (0x0000100f)
core   0: 0x80007244 (0x000080b1) c.srli  s1, 12
core   0: 3 0x80007244 (0x80b1) x 9 0x00000214
core   0: 0x80007246 (0x03949133) mulh    sp, s1, s9
core   0: 3 0x80007246 (0x03949133) x 2 0x0000008d
core   0: 0x8000724a (0xef512a13) slti    s4, sp, -267
core   0: 3 0x8000724a (0xef512a13) x20 0x00000000
core   0: 0x8000724e (0x00008631) c.srai  a2, 12
core   0: 3 0x8000724e (0x8631) x12 0xffffffff
core   0: 0x80007250 (0x001b8463) beq     s7, ra, pc + 8
core   0: 3 0x80007250 (0x001b8463)
core   0: 0x80007254 (0x01e9e863) bltu    s3, t5, pc + 16
core   0: 3 0x80007254 (0x01e9e863)
core   0: 0x80007264 (0x2fb8e9b7) lui     s3, 0x2fb8e
core   0: 3 0x80007264 (0x2fb8e9b7) x19 0x2fb8e000
core   0: 0x80007268 (0x00000a26) c.slli  s4, 9
core   0: 3 0x80007268 (0x0a26) x20 0x00000000
core   0: 0x8000726a (0xb53ea993) slti    s3, t4, -1197
core   0: 3 0x8000726a (0xb53ea993) x19 0x00000001
core   0: 0x8000726e (0x01ba8563) beq     s5, s11, pc + 10
core   0: 3 0x8000726e (0x01ba8563)
core   0: 0x80007272 (0x00d7ed33) or      s10, a5, a3
core   0: 3 0x80007272 (0x00d7ed33) x26 0x0000015f
core   0: 0x80007276 (0x0000527d) c.li    tp, -1
core   0: 3 0x80007276 (0x527d) x 4 0xffffffff
core   0: 0x80007278 (0x03b91163) bne     s2, s11, pc + 34
core   0: 3 0x80007278 (0x03b91163)
core   0: 0x8000729a (0x02d6f833) remu    a6, a3, a3
core   0: 3 0x8000729a (0x02d6f833) x16 0x00000000
core   0: 0x8000729e (0x201e80b7) lui     ra, 0x201e8
core   0: 3 0x8000729e (0x201e80b7) x 1 0x201e8000
core   0: 0x800072a2 (0x02c67263) bgeu    a2, a2, pc + 36
core   0: 3 0x800072a2 (0x02c67263)
core   0: 0x800072c6 (0x000062b5) c.lui   t0, 0xd
core   0: 3 0x800072c6 (0x62b5) x 5 0x0000d000
core   0: 0x800072c8 (0x00006439) c.lui   s0, 0xe
core   0: 3 0x800072c8 (0x6439) x 8 0x0000e000
core   0: 0x800072ca (0x02f6fbb3) remu    s7, a3, a5
core   0: 3 0x800072ca (0x02f6fbb3) x23 0x00000000
core   0: 0x800072ce (0x00edc663) blt     s11, a4, pc + 12
core   0: 3 0x800072ce (0x00edc663)
core   0: 0x800072da (0x04ef9263) bne     t6, a4, pc + 68
core   0: 3 0x800072da (0x04ef9263)
core   0: 0x8000731e (0x00000001) c.nop
core   0: 3 0x8000731e (0x0001)
core   0: 0x80007320 (0x00000001) c.nop
core   0: 3 0x80007320 (0x0001)
core   0: 0x80007322 (0x25bdde17) auipc   t3, 0x25bdd
core   0: 3 0x80007322 (0x25bdde17) x28 0xa5be4322
core   0: 0x80007326 (0x0227de33) divu    t3, a5, sp
core   0: 3 0x80007326 (0x0227de33) x28 0x00000000
core   0: 0x8000732a (0x03fb7cb3) remu    s9, s6, t6
core   0: 3 0x8000732a (0x03fb7cb3) x25 0x00003fff
core   0: 0x8000732e (0x0320df33) divu    t5, ra, s2
core   0: 3 0x8000732e (0x0320df33) x30 0x000000f7
core   0: 0x80007332 (0x000003d9) c.addi  t2, 22
core   0: 3 0x80007332 (0x03d9) x 7 0x00000030
core   0: 0x80007334 (0x02f27d33) remu    s10, tp, a5
core   0: 3 0x80007334 (0x02f27d33) x26 0x00000000
core   0: 0x80007338 (0x0ff0000f) fence   iorw,iorw
core   0: 3 0x80007338 (0x0ff0000f)
core   0: 0x8000733c (0x1c529337) lui     t1, 0x1c529
core   0: 3 0x8000733c (0x1c529337) x 6 0x1c529000
core   0: 0x80007340 (0x407ddd13) srai    s10, s11, 7
core   0: 3 0x80007340 (0x407ddd13) x26 0xff0004b9
core   0: 0x80007344 (0x400f5fb3) sra     t6, t5, zero
core   0: 3 0x80007344 (0x400f5fb3) x31 0x000000f7
core   0: 0x80007348 (0xa64e0793) addi    a5, t3, -1436
core   0: 3 0x80007348 (0xa64e0793) x15 0xfffffa64
core   0: 0x8000734c (0x01458d33) add     s10, a1, s4
core   0: 3 0x8000734c (0x01458d33) x26 0xffffffff
core   0: 0x80007350 (0x7ec2b993) sltiu   s3, t0, 2028
core   0: 3 0x80007350 (0x7ec2b993) x19 0x00000000
core   0: 0x80007354 (0x439fe593) ori     a1, t6, 1081
core   0: 3 0x80007354 (0x439fe593) x11 0x000004ff
core   0: 0x80007358 (0x033d6663) bltu    s10, s3, pc + 44
core   0: 3 0x80007358 (0x033d6663)
core   0: 0x8000735c (0x00000d2a) c.slli  s10, 10
core   0: 3 0x8000735c (0x0d2a) x26 0xfffffc00
core   0: 0x8000735e (0x030ef7b3) remu    a5, t4, a6
core   0: 3 0x8000735e (0x030ef7b3) x15 0xe8000000
core   0: 0x80007362 (0x0000c319) c.beqz  a4, pc + 6
core   0: 3 0x80007362 (0xc319)
core   0: 0x80007364 (0x40b4de13) srai    t3, s1, 11
core   0: 3 0x80007364 (0x40b4de13) x28 0x00000000
core   0: 0x80007368 (0xf4d34c13) xori    s8, t1, -179
core   0: 3 0x80007368 (0xf4d34c13) x24 0xe3ad6f4d
core   0: 0x8000736c (0x03c64d63) blt     a2, t3, pc + 58
core   0: 3 0x8000736c (0x03c64d63)
core   0: 0x800073a6 (0x03e29563) bne     t0, t5, pc + 42
core   0: 3 0x800073a6 (0x03e29563)
core   0: 0x800073d0 (0x00000996) c.slli  s3, 5
core   0: 3 0x800073d0 (0x0996) x19 0x00000000
core   0: 0x800073d2 (0x0000cb8d) c.beqz  a5, pc + 50
core   0: 3 0x800073d2 (0xcb8d)
core   0: 0x800073d4 (0x03e402b3) mul     t0, s0, t5
core   0: 3 0x800073d4 (0x03e402b3) x 5 0x00d82000
core   0: 0x800073d8 (0x0000041e) c.slli  s0, 7
core   0: 3 0x800073d8 (0x041e) x 8 0x00700000
core   0: 0x800073da (0x02513633) mulhu   a2, sp, t0
core   0: 3 0x800073da (0x02513633) x12 0x00000000
core   0: 0x800073de (0x00008e0d) c.sub   a2, a1
core   0: 3 0x800073de (0x8e0d) x12 0xfffffb01
core   0: 0x800073e0 (0x019a61b3) or      gp, s4, s9
core   0: 3 0x800073e0 (0x019a61b3) x 3 0x00003fff
core   0: 0x800073e4 (0x01645433) srl     s0, s0, s6
core   0: 3 0x800073e4 (0x01645433) x 8 0x00000000
core   0: 0x800073e8 (0x41315093) srai    ra, sp, 19
core   0: 3 0x800073e8 (0x41315093) x 1 0x00000000
core   0: 0x800073ec (0x00009eb6) c.add   t4, a3
core   0: 3 0x800073ec (0x9eb6) x29 0xe800015f
core   0: 0x800073ee (0x0000ce85) c.beqz  a3, pc + 56
core   0: 3 0x800073ee (0xce85)
core   0: 0x800073f0 (0x00925d33) srl     s10, tp, s1
core   0: 3 0x800073f0 (0x00925d33) x26 0x00000fff
core   0: 0x800073f4 (0x00006b61) c.lui   s6, 0x18
core   0: 3 0x800073f4 (0x6b61) x22 0x00018000
core   0: 0x800073f6 (0x02302233) mulhsu  tp, zero, gp
core   0: 3 0x800073f6 (0x02302233) x 4 0x00000000
core   0: 0x800073fa (0x000084d5) c.srai  s1, 21
core   0: 3 0x800073fa (0x84d5) x 9 0x00000000
core   0: 0x800073fc (0x00009b7d) c.andi  a4, -1
core   0: 3 0x800073fc (0x9b7d) x14 0xffffffff
core   0: 0x800073fe (0x00000001) c.nop
core   0: 3 0x800073fe (0x0001)
core   0: 0x80007400 (0x00e98233) add     tp, s3, a4
core   0: 3 0x80007400 (0x00e98233) x 4 0xffffffff
core   0: 0x80007404 (0x0000100f) fence.i
core   0: 3 0x80007404 (0x0000100f)
core   0: 0x80007408 (0x0204f433) remu    s0, s1, zero
core   0: 3 0x80007408 (0x0204f433) x 8 0x00000000
core   0: 0x8000740c (0x032c4863) blt     s8, s2, pc + 48
core   0: 3 0x8000740c (0x032c4863)
core   0: 0x8000743c (0x000067fd) c.lui   a5, 0x1f
core   0: 3 0x8000743c (0x67fd) x15 0x0001f000
core   0: 0x8000743e (0x02fb9033) mulh    zero, s7, a5
core   0: 3 0x8000743e (0x02fb9033)
core   0: 0x80007442 (0x00008441) c.srai  s0, 16
core   0: 3 0x80007442 (0x8441) x 8 0x00000000
core   0: 0x80007444 (0x03492333) mulhsu  t1, s2, s4
core   0: 3 0x80007444 (0x03492333) x 6 0x00000000
core   0: 0x80007448 (0x007508b3) add     a7, a0, t2
core   0: 3 0x80007448 (0x007508b3) x17 0x80021e5c
core   0: 0x8000744c (0x00008b7d) c.andi  a4, 31
core   0: 3 0x8000744c (0x8b7d) x14 0x0000001f
core   0: 0x8000744e (0x00009eaa) c.add   t4, a0
core   0: 3 0x8000744e (0x9eaa) x29 0x68021f8b
core   0: 0x80007450 (0x0000e199) c.bnez  a1, pc + 6
core   0: 3 0x80007450 (0xe199)
core   0: 0x80007456 (0x00000d65) c.addi  s10, 25
core   0: 3 0x80007456 (0x0d65) x26 0x00001018
core   0: 0x80007458 (0x01de31b3) sltu    gp, t3, t4
core   0: 3 0x80007458 (0x01de31b3) x 3 0x00000001
core   0: 0x8000745c (0x00004ea9) c.li    t4, 10
core   0: 3 0x8000745c (0x4ea9) x29 0x0000000a
core   0: 0x8000745e (0x00000001) c.nop
core   0: 3 0x8000745e (0x0001)
core   0: 0x80007460 (0x0000e985) c.bnez  a1, pc + 48
core   0: 3 0x80007460 (0xe985)
core   0: 0x80007490 (0x0000e31d) c.bnez  a4, pc + 38
core   0: 3 0x80007490 (0xe31d)
core   0: 0x800074b6 (0x00009726) c.add   a4, s1
core   0: 3 0x800074b6 (0x9726) x14 0x0000001f
core   0: 0x800074b8 (0x02b429b3) mulhsu  s3, s0, a1
core   0: 3 0x800074b8 (0x02b429b3) x19 0x00000000
core   0: 0x800074bc (0x019e11b3) sll     gp, t3, s9
core   0: 3 0x800074bc (0x019e11b3) x 3 0x00000000
core   0: 0x800074c0 (0x023f4a33) div     s4, t5, gp
core   0: 3 0x800074c0 (0x023f4a33) x20 0xffffffff
core   0: 0x800074c4 (0x000088e6) c.mv    a7, s9
core   0: 3 0x800074c4 (0x88e6) x17 0x00003fff
core   0: 0x800074c6 (0x000040f9) c.li    ra, 30
core   0: 3 0x800074c6 (0x40f9) x 1 0x0000001e
core   0: 0x800074c8 (0x03bee863) bltu    t4, s11, pc + 48
core   0: 3 0x800074c8 (0x03bee863)
core   0: 0x800074f8 (0x02a01eb3) mulh    t4, zero, a0
core   0: 3 0x800074f8 (0x02a01eb3) x29 0x00000000
core   0: 0x800074fc (0x03005a63) bge     zero, a6, pc + 52
core   0: 3 0x800074fc (0x03005a63)
core   0: 0x80007530 (0x0191f2b3) and     t0, gp, s9
core   0: 3 0x80007530 (0x0191f2b3) x 5 0x00000000
core   0: 0x80007534 (0x407705b3) sub     a1, a4, t2
core   0: 3 0x80007534 (0x407705b3) x11 0xffffffef
core   0: 0x80007538 (0x01a85933) srl     s2, a6, s10
core   0: 3 0x80007538 (0x01a85933) x18 0x00000000
core   0: 0x8000753c (0x0000100f) fence.i
core   0: 3 0x8000753c (0x0000100f)
core   0: 0x80007540 (0x00008e19) c.sub   a2, a4
core   0: 3 0x80007540 (0x8e19) x12 0xfffffae2
core   0: 0x80007542 (0x02ef5e63) bge     t5, a4, pc + 60
core   0: 3 0x80007542 (0x02ef5e63)
core   0: 0x8000757e (0x00000001) c.nop
core   0: 3 0x8000757e (0x0001)
core   0: 0x80007580 (0x0000ec05) c.bnez  s0, pc + 56
core   0: 3 0x80007580 (0xec05)
core   0: 0x80007582 (0x02f17fb3) remu    t6, sp, a5
core   0: 3 0x80007582 (0x02f17fb3) x31 0x0000008d
core   0: 0x80007586 (0x08307e93) andi    t4, zero, 131
core   0: 3 0x80007586 (0x08307e93) x29 0x00000000
core   0: 0x8000758a (0x00becb63) blt     t4, a1, pc + 22
core   0: 3 0x8000758a (0x00becb63)
core   0: 0x8000758e (0x03294b33) div     s6, s2, s2
core   0: 3 0x8000758e (0x03294b33) x22 0xffffffff
core   0: 0x80007592 (0x539aad13) slti    s10, s5, 1337
core   0: 3 0x80007592 (0x539aad13) x26 0x00000000
core   0: 0x80007596 (0x02d07863) bgeu    zero, a3, pc + 48
core   0: 3 0x80007596 (0x02d07863)
core   0: 0x8000759a (0x0155d913) srli    s2, a1, 21
core   0: 3 0x8000759a (0x0155d913) x18 0x000007ff
core   0: 0x8000759e (0x0000c005) c.beqz  s0, pc + 32
core   0: 3 0x8000759e (0xc005)
core   0: 0x800075be (0x00008e5d) c.or    a2, a5
core   0: 3 0x800075be (0x8e5d) x12 0xfffffae2
core   0: 0x800075c0 (0x000089a1) c.andi  a1, 8
core   0: 3 0x800075c0 (0x89a1) x11 0x00000008
core   0: 0x800075c2 (0x411108b3) sub     a7, sp, a7
core   0: 3 0x800075c2 (0x411108b3) x17 0xffffc08e
core   0: 0x800075c6 (0x00335933) srl     s2, t1, gp
core   0: 3 0x800075c6 (0x00335933) x18 0x00000000
core   0: 0x800075ca (0x028437b3) mulhu   a5, s0, s0
core   0: 3 0x800075ca (0x028437b3) x15 0x00000000
core   0: 0x800075ce (0x012b9963) bne     s7, s2, pc + 18
core   0: 3 0x800075ce (0x012b9963)
core   0: 0x800075d2 (0x0000cd89) c.beqz  a1, pc + 26
core   0: 3 0x800075d2 (0xcd89)
core   0: 0x800075d4 (0x00008715) c.srai  a4, 5
core   0: 3 0x800075d4 (0x8715) x14 0x00000000
core   0: 0x800075d6 (0x0000717d) c.addi16sp sp, -16
core   0: 3 0x800075d6 (0x717d) x 2 0x0000007d
core   0: 0x800075d8 (0x0000c701) c.beqz  a4, pc + 8
core   0: 3 0x800075d8 (0xc701)
core   0: 0x800075e0 (0x02365d33) divu    s10, a2, gp
core   0: 3 0x800075e0 (0x02365d33) x26 0xffffffff
core   0: 0x800075e4 (0x592f3b13) sltiu   s6, t5, 1426
core   0: 3 0x800075e4 (0x592f3b13) x22 0x00000001
core   0: 0x800075e8 (0x01ff6bb3) or      s7, t5, t6
core   0: 3 0x800075e8 (0x01ff6bb3) x23 0x000000ff
core   0: 0x800075ec (0x00008e11) c.sub   a2, a2
core   0: 3 0x800075ec (0x8e11) x12 0x00000000
core   0: 0x800075ee (0x03414b33) div     s6, sp, s4
core   0: 3 0x800075ee (0x03414b33) x22 0xffffff83
core   0: 0x800075f2 (0x0398c9b3) div     s3, a7, s9
core   0: 3 0x800075f2 (0x0398c9b3) x19 0x00000000
core   0: 0x800075f6 (0x0000028c) c.addi4spn a1, sp, 320
core   0: 3 0x800075f6 (0x028c) x11 0x000001bd
core   0: 0x800075f8 (0x038b52b3) divu    t0, s6, s8
core   0: 3 0x800075f8 (0x038b52b3) x 5 0x00000001
core   0: 0x800075fc (0x0000100f) fence.i
core   0: 3 0x800075fc (0x0000100f)
core   0: 0x80007600 (0x00008f21) c.xor   a4, s0
core   0: 3 0x80007600 (0x8f21) x14 0x00000000
core   0: 0x80007602 (0x03a0c963) blt     ra, s10, pc + 50
core   0: 3 0x80007602 (0x03a0c963)
core   0: 0x80007606 (0x0232f763) bgeu    t0, gp, pc + 46
core   0: 3 0x80007606 (0x0232f763)
core   0: 0x80007634 (0x02a8c233) div     tp, a7, a0
core   0: 3 0x80007634 (0x02a8c233) x 4 0x00000000
core   0: 0x80007638 (0x013d5a63) bge     s10, s3, pc + 20
core   0: 3 0x80007638 (0x013d5a63)
core   0: 0x8000763c (0x00365c13) srli    s8, a2, 3
core   0: 3 0x8000763c (0x00365c13) x24 0x00000000
core   0: 0x80007640 (0x0000100f) fence.i
core   0: 3 0x80007640 (0x0000100f)
core   0: 0x80007644 (0x03e12233) mulhsu  tp, sp, t5
core   0: 3 0x80007644 (0x03e12233) x 4 0x00000000
core   0: 0x80007648 (0x012e2a33) slt     s4, t3, s2
core   0: 3 0x80007648 (0x012e2a33) x20 0x00000000
core   0: 0x8000764c (0x032d60b3) rem     ra, s10, s2
core   0: 3 0x8000764c (0x032d60b3) x 1 0xffffffff
core   0: 0x80007650 (0xc8d87493) andi    s1, a6, -883
core   0: 3 0x80007650 (0xc8d87493) x 9 0x00000000
core   0: 0x80007654 (0x00004769) c.li    a4, 26
core   0: 3 0x80007654 (0x4769) x14 0x0000001a
core   0: 0x80007656 (0x04b07f63) bgeu    zero, a1, pc + 94
core   0: 3 0x80007656 (0x04b07f63)
core   0: 0x8000765a (0x0000101c) c.addi4spn a5, sp, 32
core   0: 3 0x8000765a (0x101c) x15 0x0000009d
core   0: 0x8000765c (0x019ab033) sltu    zero, s5, s9
core   0: 3 0x8000765c (0x019ab033)
core   0: 0x80007660 (0x02f62633) mulhsu  a2, a2, a5
core   0: 3 0x80007660 (0x02f62633) x12 0x00000000
core   0: 0x80007664 (0x35de0113) addi    sp, t3, 861
core   0: 3 0x80007664 (0x35de0113) x 2 0x0000035d
core   0: 0x80007668 (0x00008f26) c.mv    t5, s1
core   0: 3 0x80007668 (0x8f26) x30 0x00000000
core   0: 0x8000766a (0x00a00f13) li      t5, 10
core   0: 3 0x8000766a (0x00a00f13) x30 0x0000000a
core   0: 0x8000766e (0x00008f75) c.and   a4, a3
core   0: 3 0x8000766e (0x8f75) x14 0x0000001a
core   0: 0x80007670 (0x0227ceb3) div     t4, a5, sp
core   0: 3 0x80007670 (0x0227ceb3) x29 0x00000000
core   0: 0x80007674 (0x01200993) li      s3, 18
core   0: 3 0x80007674 (0x01200993) x19 0x00000012
core   0: 0x80007678 (0x0d8eb593) sltiu   a1, t4, 216
core   0: 3 0x80007678 (0x0d8eb593) x11 0x00000001
core   0: 0x8000767c (0x00000001) c.nop
core   0: 3 0x8000767c (0x0001)
core   0: 0x8000767e (0x007c8633) add     a2, s9, t2
core   0: 3 0x8000767e (0x007c8633) x12 0x0000402f
core   0: 0x80007682 (0x00000e11) c.addi  t3, 4
core   0: 3 0x80007682 (0x0e11) x28 0x00000004
core   0: 0x80007684 (0x00000f05) c.addi  t5, 1
core   0: 3 0x80007684 (0x0f05) x30 0x0000000b
core   0: 0x80007686 (0x003c55b3) srl     a1, s8, gp
core   0: 3 0x80007686 (0x003c55b3) x11 0x00000000
core   0: 0x8000768a (0x0134dc93) srli    s9, s1, 19
core   0: 3 0x8000768a (0x0134dc93) x25 0x00000000
core   0: 0x8000768e (0x01f2a0b3) slt     ra, t0, t6
core   0: 3 0x8000768e (0x01f2a0b3) x 1 0x00000001
core   0: 0x80007692 (0xff3f16e3) bne     t5, s3, pc - 20
core   0: 3 0x80007692 (0xff3f16e3)
core   0: 0x8000767e (0x007c8633) add     a2, s9, t2
core   0: 3 0x8000767e (0x007c8633) x12 0x00000030
core   0: 0x80007682 (0x00000e11) c.addi  t3, 4
core   0: 3 0x80007682 (0x0e11) x28 0x00000008
core   0: 0x80007684 (0x00000f05) c.addi  t5, 1
core   0: 3 0x80007684 (0x0f05) x30 0x0000000c
core   0: 0x80007686 (0x003c55b3) srl     a1, s8, gp
core   0: 3 0x80007686 (0x003c55b3) x11 0x00000000
core   0: 0x8000768a (0x0134dc93) srli    s9, s1, 19
core   0: 3 0x8000768a (0x0134dc93) x25 0x00000000
core   0: 0x8000768e (0x01f2a0b3) slt     ra, t0, t6
core   0: 3 0x8000768e (0x01f2a0b3) x 1 0x00000001
core   0: 0x80007692 (0xff3f16e3) bne     t5, s3, pc - 20
core   0: 3 0x80007692 (0xff3f16e3)
core   0: 0x8000767e (0x007c8633) add     a2, s9, t2
core   0: 3 0x8000767e (0x007c8633) x12 0x00000030
core   0: 0x80007682 (0x00000e11) c.addi  t3, 4
core   0: 3 0x80007682 (0x0e11) x28 0x0000000c
core   0: 0x80007684 (0x00000f05) c.addi  t5, 1
core   0: 3 0x80007684 (0x0f05) x30 0x0000000d
core   0: 0x80007686 (0x003c55b3) srl     a1, s8, gp
core   0: 3 0x80007686 (0x003c55b3) x11 0x00000000
core   0: 0x8000768a (0x0134dc93) srli    s9, s1, 19
core   0: 3 0x8000768a (0x0134dc93) x25 0x00000000
core   0: 0x8000768e (0x01f2a0b3) slt     ra, t0, t6
core   0: 3 0x8000768e (0x01f2a0b3) x 1 0x00000001
core   0: 0x80007692 (0xff3f16e3) bne     t5, s3, pc - 20
core   0: 3 0x80007692 (0xff3f16e3)
core   0: 0x8000767e (0x007c8633) add     a2, s9, t2
core   0: 3 0x8000767e (0x007c8633) x12 0x00000030
core   0: 0x80007682 (0x00000e11) c.addi  t3, 4
core   0: 3 0x80007682 (0x0e11) x28 0x00000010
core   0: 0x80007684 (0x00000f05) c.addi  t5, 1
core   0: 3 0x80007684 (0x0f05) x30 0x0000000e
core   0: 0x80007686 (0x003c55b3) srl     a1, s8, gp
core   0: 3 0x80007686 (0x003c55b3) x11 0x00000000
core   0: 0x8000768a (0x0134dc93) srli    s9, s1, 19
core   0: 3 0x8000768a (0x0134dc93) x25 0x00000000
core   0: 0x8000768e (0x01f2a0b3) slt     ra, t0, t6
core   0: 3 0x8000768e (0x01f2a0b3) x 1 0x00000001
core   0: 0x80007692 (0xff3f16e3) bne     t5, s3, pc - 20
core   0: 3 0x80007692 (0xff3f16e3)
core   0: 0x8000767e (0x007c8633) add     a2, s9, t2
core   0: 3 0x8000767e (0x007c8633) x12 0x00000030
core   0: 0x80007682 (0x00000e11) c.addi  t3, 4
core   0: 3 0x80007682 (0x0e11) x28 0x00000014
core   0: 0x80007684 (0x00000f05) c.addi  t5, 1
core   0: 3 0x80007684 (0x0f05) x30 0x0000000f
core   0: 0x80007686 (0x003c55b3) srl     a1, s8, gp
core   0: 3 0x80007686 (0x003c55b3) x11 0x00000000
core   0: 0x8000768a (0x0134dc93) srli    s9, s1, 19
core   0: 3 0x8000768a (0x0134dc93) x25 0x00000000
core   0: 0x8000768e (0x01f2a0b3) slt     ra, t0, t6
core   0: 3 0x8000768e (0x01f2a0b3) x 1 0x00000001
core   0: 0x80007692 (0xff3f16e3) bne     t5, s3, pc - 20
core   0: 3 0x80007692 (0xff3f16e3)
core   0: 0x8000767e (0x007c8633) add     a2, s9, t2
core   0: 3 0x8000767e (0x007c8633) x12 0x00000030
core   0: 0x80007682 (0x00000e11) c.addi  t3, 4
core   0: 3 0x80007682 (0x0e11) x28 0x00000018
core   0: 0x80007684 (0x00000f05) c.addi  t5, 1
core   0: 3 0x80007684 (0x0f05) x30 0x00000010
core   0: 0x80007686 (0x003c55b3) srl     a1, s8, gp
core   0: 3 0x80007686 (0x003c55b3) x11 0x00000000
core   0: 0x8000768a (0x0134dc93) srli    s9, s1, 19
core   0: 3 0x8000768a (0x0134dc93) x25 0x00000000
core   0: 0x8000768e (0x01f2a0b3) slt     ra, t0, t6
core   0: 3 0x8000768e (0x01f2a0b3) x 1 0x00000001
core   0: 0x80007692 (0xff3f16e3) bne     t5, s3, pc - 20
core   0: 3 0x80007692 (0xff3f16e3)
core   0: 0x8000767e (0x007c8633) add     a2, s9, t2
core   0: 3 0x8000767e (0x007c8633) x12 0x00000030
core   0: 0x80007682 (0x00000e11) c.addi  t3, 4
core   0: 3 0x80007682 (0x0e11) x28 0x0000001c
core   0: 0x80007684 (0x00000f05) c.addi  t5, 1
core   0: 3 0x80007684 (0x0f05) x30 0x00000011
core   0: 0x80007686 (0x003c55b3) srl     a1, s8, gp
core   0: 3 0x80007686 (0x003c55b3) x11 0x00000000
core   0: 0x8000768a (0x0134dc93) srli    s9, s1, 19
core   0: 3 0x8000768a (0x0134dc93) x25 0x00000000
core   0: 0x8000768e (0x01f2a0b3) slt     ra, t0, t6
core   0: 3 0x8000768e (0x01f2a0b3) x 1 0x00000001
core   0: 0x80007692 (0xff3f16e3) bne     t5, s3, pc - 20
core   0: 3 0x80007692 (0xff3f16e3)
core   0: 0x8000767e (0x007c8633) add     a2, s9, t2
core   0: 3 0x8000767e (0x007c8633) x12 0x00000030
core   0: 0x80007682 (0x00000e11) c.addi  t3, 4
core   0: 3 0x80007682 (0x0e11) x28 0x00000020
core   0: 0x80007684 (0x00000f05) c.addi  t5, 1
core   0: 3 0x80007684 (0x0f05) x30 0x00000012
core   0: 0x80007686 (0x003c55b3) srl     a1, s8, gp
core   0: 3 0x80007686 (0x003c55b3) x11 0x00000000
core   0: 0x8000768a (0x0134dc93) srli    s9, s1, 19
core   0: 3 0x8000768a (0x0134dc93) x25 0x00000000
core   0: 0x8000768e (0x01f2a0b3) slt     ra, t0, t6
core   0: 3 0x8000768e (0x01f2a0b3) x 1 0x00000001
core   0: 0x80007692 (0xff3f16e3) bne     t5, s3, pc - 20
core   0: 3 0x80007692 (0xff3f16e3)
core   0: 0x80007696 (0x00164eb3) xor     t4, a2, ra
core   0: 3 0x80007696 (0x00164eb3) x29 0x00000031
core   0: 0x8000769a (0x000003ae) c.slli  t2, 11
core   0: 3 0x8000769a (0x03ae) x 7 0x00018000
core   0: 0x8000769c (0x00008069) c.srli  s0, 26
core   0: 3 0x8000769c (0x8069) x 8 0x00000000
core   0: 0x8000769e (0x41a15993) srai    s3, sp, 26
core   0: 3 0x8000769e (0x41a15993) x19 0x00000000
core   0: 0x800076a2 (0x00009a7d) c.andi  a2, -1
core   0: 3 0x800076a2 (0x9a7d) x12 0x00000030
core   0: 0x800076a4 (0x40480e33) sub     t3, a6, tp
core   0: 3 0x800076a4 (0x40480e33) x28 0x00000000
core   0: 0x800076a8 (0x234bf313) andi    t1, s7, 564
core   0: 3 0x800076a8 (0x234bf313) x 6 0x00000034
core   0: 0x800076ac (0x00000001) c.nop
core   0: 3 0x800076ac (0x0001)
core   0: 0x800076ae (0x00000001) c.nop
core   0: 3 0x800076ae (0x0001)
core   0: 0x800076b0 (0x0301dc63) bge     gp, a6, pc + 56
core   0: 3 0x800076b0 (0x0301dc63)
core   0: 0x800076e8 (0x0000717d) c.addi16sp sp, -16
core   0: 3 0x800076e8 (0x717d) x 2 0x0000034d
core   0: 0x800076ea (0x00000001) c.nop
core   0: 3 0x800076ea (0x0001)
core   0: 0x800076ec (0x01d09cb3) sll     s9, ra, t4
core   0: 3 0x800076ec (0x01d09cb3) x25 0x00020000
core   0: 0x800076f0 (0x01924733) xor     a4, tp, s9
core   0: 3 0x800076f0 (0x01924733) x14 0x00020000
core   0: 0x800076f4 (0x02dc8463) beq     s9, a3, pc + 40
core   0: 3 0x800076f4 (0x02dc8463)
core   0: 0x800076f8 (0x02122fb3) mulhsu  t6, tp, ra
core   0: 3 0x800076f8 (0x02122fb3) x31 0x00000000
core   0: 0x800076fc (0x008690b3) sll     ra, a3, s0
core   0: 3 0x800076fc (0x008690b3) x 1 0x0000015f
core   0: 0x80007700 (0x0377b0b3) mulhu   ra, a5, s7
core   0: 3 0x80007700 (0x0377b0b3) x 1 0x00000000
core   0: 0x80007704 (0xacfb4c13) xori    s8, s6, -1329
core   0: 3 0x80007704 (0xacfb4c13) x24 0x0000054c
core   0: 0x80007708 (0x000007de) c.slli  a5, 23
core   0: 3 0x80007708 (0x07de) x15 0x4e800000
core   0: 0x8000770a (0x00000e8c) c.addi4spn a1, sp, 848
core   0: 3 0x8000770a (0x0e8c) x11 0x0000069d
core   0: 0x8000770c (0x00006129) c.addi16sp sp, 192
core   0: 3 0x8000770c (0x6129) x 2 0x0000040d
core   0: 0x8000770e (0x003f7233) and     tp, t5, gp
core   0: 3 0x8000770e (0x003f7233) x 4 0x00000000
core   0: 0x80007712 (0x00008e4d) c.or    a2, a1
core   0: 3 0x80007712 (0x8e4d) x12 0x000006bd
core   0: 0x80007714 (0xc3e87f93) andi    t6, a6, -962
core   0: 3 0x80007714 (0xc3e87f93) x31 0x00000000
core   0: 0x80007718 (0x7aa76293) ori     t0, a4, 1962
core   0: 3 0x80007718 (0x7aa76293) x 5 0x000207aa
core   0: 0x8000771c (0x010c4033) xor     zero, s8, a6
core   0: 3 0x8000771c (0x010c4033)
core   0: 0x80007720 (0x418084b3) sub     s1, ra, s8
core   0: 3 0x80007720 (0x418084b3) x 9 0xfffffab4
core   0: 0x80007724 (0x00008c01) c.sub   s0, s0
core   0: 3 0x80007724 (0x8c01) x 8 0x00000000
core   0: 0x80007726 (0x00008f59) c.or    a4, a4
core   0: 3 0x80007726 (0x8f59) x14 0x00020000
core   0: 0x80007728 (0x408ede33) sra     t3, t4, s0
core   0: 3 0x80007728 (0x408ede33) x28 0x00000031
core   0: 0x8000772c (0x00008b95) c.andi  a5, 5
core   0: 3 0x8000772c (0x8b95) x15 0x00000000
core   0: 0x8000772e (0x031567b3) rem     a5, a0, a7
core   0: 3 0x8000772e (0x031567b3) x15 0xffffe77e
core   0: 0x80007732 (0x0293e063) bltu    t2, s1, pc + 32
core   0: 3 0x80007732 (0x0293e063)
core   0: 0x80007752 (0x0000100f) fence.i
core   0: 3 0x80007752 (0x0000100f)
core   0: 0x80007756 (0x03237233) remu    tp, t1, s2
core   0: 3 0x80007756 (0x03237233) x 4 0x00000034
core   0: 0x8000775a (0x028ea433) mulhsu  s0, t4, s0
core   0: 3 0x8000775a (0x028ea433) x 8 0x00000000
core   0: 0x8000775e (0x0078ed33) or      s10, a7, t2
core   0: 3 0x8000775e (0x0078ed33) x26 0xffffc08e
core   0: 0x80007762 (0x00895663) bge     s2, s0, pc + 12
core   0: 3 0x80007762 (0x00895663)
core   0: 0x8000776e (0x02880363) beq     a6, s0, pc + 38
core   0: 3 0x8000776e (0x02880363)
core   0: 0x80007794 (0x40828133) sub     sp, t0, s0
core   0: 3 0x80007794 (0x40828133) x 2 0x000207aa
core   0: 0x80007798 (0x00008f19) c.sub   a4, a4
core   0: 3 0x80007798 (0x8f19) x14 0x00000000
core   0: 0x8000779a (0x849dda17) auipc   s4, 0x849dd
core   0: 3 0x8000779a (0x849dda17) x20 0x049e479a
core   0: 0x8000779e (0x789e6913) ori     s2, t3, 1929
core   0: 3 0x8000779e (0x789e6913) x18 0x000007b9
core   0: 0x800077a2 (0x41afd913) srai    s2, t6, 26
core   0: 3 0x800077a2 (0x41afd913) x18 0x00000000
core   0: 0x800077a6 (0x00566bb3) or      s7, a2, t0
core   0: 3 0x800077a6 (0x00566bb3) x23 0x000207bf
core   0: 0x800077aa (0x030a0163) beq     s4, a6, pc + 34
core   0: 3 0x800077aa (0x030a0163)
core   0: 0x800077ae (0x1571c8b7) lui     a7, 0x1571c
core   0: 3 0x800077ae (0x1571c8b7) x17 0x1571c000
core   0: 0x800077b2 (0xef4d4493) xori    s1, s10, -268
core   0: 3 0x800077b2 (0xef4d4493) x 9 0x00003e7a
core   0: 0x800077b6 (0x008f9013) slli    zero, t6, 8
core   0: 3 0x800077b6 (0x008f9013)
core   0: 0x800077ba (0x024b7f33) remu    t5, s6, tp
core   0: 3 0x800077ba (0x024b7f33) x30 0x0000001b
core   0: 0x800077be (0x034f22b3) mulhsu  t0, t5, s4
core   0: 3 0x800077be (0x034f22b3) x 5 0x00000000
core   0: 0x800077c2 (0x00008e6d) c.and   a2, a1
core   0: 3 0x800077c2 (0x8e6d) x12 0x0000069d
core   0: 0x800077c4 (0x021e4e63) blt     t3, ra, pc + 60
core   0: 3 0x800077c4 (0x021e4e63)
core   0: 0x800077c8 (0x03d76a63) bltu    a4, t4, pc + 52
core   0: 3 0x800077c8 (0x03d76a63)
core   0: 0x800077fc (0x265844b7) lui     s1, 0x26584
core   0: 3 0x800077fc (0x265844b7) x 9 0x26584000
core   0: 0x80007800 (0x02aac033) div     zero, s5, a0
core   0: 3 0x80007800 (0x02aac033)
core   0: 0x80007804 (0x008bcd33) xor     s10, s7, s0
core   0: 3 0x80007804 (0x008bcd33) x26 0x000207bf
core   0: 0x80007808 (0x8faa74b7) lui     s1, 0x8faa7
core   0: 3 0x80007808 (0x8faa74b7) x 9 0x8faa7000
core   0: 0x8000780c (0x00008c05) c.sub   s0, s1
core   0: 3 0x8000780c (0x8c05) x 8 0x70559000
core   0: 0x8000780e (0x0000c989) c.beqz  a1, pc + 18
core   0: 3 0x8000780e (0xc989)
core   0: 0x80007810 (0x05e58463) beq     a1, t5, pc + 72
core   0: 3 0x80007810 (0x05e58463)
core   0: 0x80007814 (0x0ff0000f) fence   iorw,iorw
core   0: 3 0x80007814 (0x0ff0000f)
core   0: 0x80007818 (0x01dc1693) slli    a3, s8, 29
core   0: 3 0x80007818 (0x01dc1693) x13 0x80000000
core   0: 0x8000781c (0x00ac6433) or      s0, s8, a0
core   0: 3 0x8000781c (0x00ac6433) x 8 0x80021f6c
core   0: 0x80007820 (0x6f27e813) ori     a6, a5, 1778
core   0: 3 0x80007820 (0x6f27e813) x16 0xffffe7fe
core   0: 0x80007824 (0xe0a1fe17) auipc   t3, 0xe0a1f
core   0: 3 0x80007824 (0xe0a1fe17) x28 0x60a26824
core   0: 0x80007828 (0x00008c79) c.and   s0, a4
core   0: 3 0x80007828 (0x8c79) x 8 0x00000000
core   0: 0x8000782a (0xd5da8393) addi    t2, s5, -675
core   0: 3 0x8000782a (0xd5da8393) x 7 0x085b5c7d
core   0: 0x8000782e (0xecead117) auipc   sp, 0xecead
core   0: 3 0x8000782e (0xecead117) x 2 0x6ceb482e
core   0: 0x80007832 (0x04cfe063) bltu    t6, a2, pc + 64
core   0: 3 0x80007832 (0x04cfe063)
core   0: 0x80007872 (0x41848033) sub     zero, s1, s8
core   0: 3 0x80007872 (0x41848033)
core   0: 0x80007876 (0x01b56333) or      t1, a0, s11
core   0: 3 0x80007876 (0x01b56333) x 6 0x80025eec
core   0: 0x8000787a (0x031d6d63) bltu    s10, a7, pc + 58
core   0: 3 0x8000787a (0x031d6d63)
core   0: 0x800078b4 (0xa2214197) auipc   gp, 0xa2214
core   0: 3 0x800078b4 (0xa2214197) x 3 0x2221b8b4
core   0: 0x800078b8 (0x0ff0000f) fence   iorw,iorw
core   0: 3 0x800078b8 (0x0ff0000f)
core   0: 0x800078bc (0x01a29b63) bne     t0, s10, pc + 22
core   0: 3 0x800078bc (0x01a29b63)
core   0: 0x800078d2 (0x00008fd9) c.or    a5, a4
core   0: 3 0x800078d2 (0x8fd9) x15 0xffffe77e
core   0: 0x800078d4 (0x02a36e63) bltu    t1, a0, pc + 60
core   0: 3 0x800078d4 (0x02a36e63)
core   0: 0x800078d8 (0x030a32b3) mulhu   t0, s4, a6
core   0: 3 0x800078d8 (0x030a32b3) x 5 0x049e472b
core   0: 0x800078dc (0x0ff0000f) fence   iorw,iorw
core   0: 3 0x800078dc (0x0ff0000f)
core   0: 0x800078e0 (0x01581563) bne     a6, s5, pc + 10
core   0: 3 0x800078e0 (0x01581563)
core   0: 0x800078ea (0x0020e333) or      t1, ra, sp
core   0: 3 0x800078ea (0x0020e333) x 6 0x6ceb482e
core   0: 0x800078ee (0x01b4a1b3) slt     gp, s1, s11
core   0: 3 0x800078ee (0x01b4a1b3) x 3 0x00000000
core   0: 0x800078f2 (0xf4c93c93) sltiu   s9, s2, -180
core   0: 3 0x800078f2 (0xf4c93c93) x25 0x00000001
core   0: 0x800078f6 (0x00009bfd) c.andi  a5, -1
core   0: 3 0x800078f6 (0x9bfd) x15 0xffffe77e
core   0: 0x800078f8 (0x0000717d) c.addi16sp sp, -16
core   0: 3 0x800078f8 (0x717d) x 2 0x6ceb481e
core   0: 0x800078fa (0x005d9293) slli    t0, s11, 5
core   0: 3 0x800078fa (0x005d9293) x 5 0x004b9c80
core   0: 0x800078fe (0x006af733) and     a4, s5, t1
core   0: 3 0x800078fe (0x006af733) x14 0x084b4820
core   0: 0x80007902 (0x02ed8e63) beq     s11, a4, pc + 60
core   0: 3 0x80007902 (0x02ed8e63)
core   0: 0x80007906 (0x000080e1) c.srli  s1, 24
core   0: 3 0x80007906 (0x80e1) x 9 0x0000008f
core   0: 0x80007908 (0x031a5e33) divu    t3, s4, a7
core   0: 3 0x80007908 (0x031a5e33) x28 0x00000000
core   0: 0x8000790c (0x01e47133) and     sp, s0, t5
core   0: 3 0x8000790c (0x01e47133) x 2 0x00000000
core   0: 0x80007910 (0x03f92fb3) mulhsu  t6, s2, t6
core   0: 3 0x80007910 (0x03f92fb3) x31 0x00000000
core   0: 0x80007914 (0x0ff0000f) fence   iorw,iorw
core   0: 3 0x80007914 (0x0ff0000f)
core   0: 0x80007918 (0x38376c13) ori     s8, a4, 899
core   0: 3 0x80007918 (0x38376c13) x24 0x084b4ba3
core   0: 0x8000791c (0x0000050c) c.addi4spn a1, sp, 640
core   0: 3 0x8000791c (0x050c) x11 0x00000280
core   0: 0x8000791e (0x032f7f33) remu    t5, t5, s2
core   0: 3 0x8000791e (0x032f7f33) x30 0x0000001b
core   0: 0x80007922 (0x00009826) c.add   a6, s1
core   0: 3 0x80007922 (0x9826) x16 0xffffe88d
core   0: 0x80007924 (0x00000001) c.nop
core   0: 3 0x80007924 (0x0001)
core   0: 0x80007926 (0x0000c98d) c.beqz  a1, pc + 50
core   0: 3 0x80007926 (0xc98d)
core   0: 0x80007928 (0x05879163) bne     a5, s8, pc + 66
core   0: 3 0x80007928 (0x05879163)
core   0: 0x8000796a (0x75066717) auipc   a4, 0x75066
core   0: 3 0x8000796a (0x75066717) x14 0xf506d96a
core   0: 0x8000796e (0x00d7f0b3) and     ra, a5, a3
core   0: 3 0x8000796e (0x00d7f0b3) x 1 0x80000000
core   0: 0x80007972 (0x92858c17) auipc   s8, 0x92858
core   0: 3 0x80007972 (0x92858c17) x24 0x1285f972
core   0: 0x80007976 (0x02d2e1b3) rem     gp, t0, a3
core   0: 3 0x80007976 (0x02d2e1b3) x 3 0x004b9c80
core   0: 0x8000797a (0x0153b433) sltu    s0, t2, s5
core   0: 3 0x8000797a (0x0153b433) x 8 0x00000001
core   0: 0x8000797e (0x4e4ce297) auipc   t0, 0x4e4ce
core   0: 3 0x8000797e (0x4e4ce297) x 5 0xce4d597e
core   0: 0x80007982 (0x0b7f6093) ori     ra, t5, 183
core   0: 3 0x80007982 (0x0b7f6093) x 1 0x000000bf
core   0: 0x80007986 (0x00255913) srli    s2, a0, 2
core   0: 3 0x80007986 (0x00255913) x18 0x2000878b
core   0: 0x8000798a (0x00009f7e) c.add   t5, t6
core   0: 3 0x8000798a (0x9f7e) x30 0x0000001b
core   0: 0x8000798c (0x00ad6b33) or      s6, s10, a0
core   0: 3 0x8000798c (0x00ad6b33) x22 0x80021fbf
core   0: 0x80007990 (0x00000001) c.nop
core   0: 3 0x80007990 (0x0001)
core   0: 0x80007992 (0x693bf237) lui     tp, 0x693bf
core   0: 3 0x80007992 (0x693bf237) x 4 0x693bf000
core   0: 0x80007996 (0x010c2033) slt     zero, s8, a6
core   0: 3 0x80007996 (0x010c2033)
core   0: 0x8000799a (0x0000968a) c.add   a3, sp
core   0: 3 0x8000799a (0x968a) x13 0x80000000
core   0: 0x8000799c (0x009b26b3) slt     a3, s6, s1
core   0: 3 0x8000799c (0x009b26b3) x13 0x00000001
core   0: 0x800079a0 (0x403dd113) srai    sp, s11, 3
core   0: 3 0x800079a0 (0x403dd113) x 2 0xf0004b9c
core   0: 0x800079a4 (0x00008e7d) c.and   a2, a5
core   0: 3 0x800079a4 (0x8e7d) x12 0x0000061c
core   0: 0x800079a6 (0x03219c33) mulh    s8, gp, s2
core   0: 3 0x800079a6 (0x03219c33) x24 0x000973b8
core   0: 0x800079aa (0x406b5c33) sra     s8, s6, t1
core   0: 3 0x800079aa (0x406b5c33) x24 0xfffe0008
core   0: 0x800079ae (0x0000827a) c.mv    tp, t5
core   0: 3 0x800079ae (0x827a) x 4 0x0000001b
core   0: 0x800079b0 (0x0323c6b3) div     a3, t2, s2
core   0: 3 0x800079b0 (0x0323c6b3) x13 0x00000000
core   0: 0x800079b4 (0x01808463) beq     ra, s8, pc + 8
core   0: 3 0x800079b4 (0x01808463)
core   0: 0x800079b8 (0x01ffe8b3) or      a7, t6, t6
core   0: 3 0x800079b8 (0x01ffe8b3) x17 0x00000000
core   0: 0x800079bc (0x00008d95) c.sub   a1, a3
core   0: 3 0x800079bc (0x8d95) x11 0x00000280
core   0: 0x800079be (0x00000001) c.nop
core   0: 3 0x800079be (0x0001)
core   0: 0x800079c0 (0x03e43eb3) mulhu   t4, s0, t5
core   0: 3 0x800079c0 (0x03e43eb3) x29 0x00000000
core   0: 0x800079c4 (0x027e1633) mulh    a2, t3, t2
core   0: 3 0x800079c4 (0x027e1633) x12 0x00000000
core   0: 0x800079c8 (0x03c1ccb3) div     s9, gp, t3
core   0: 3 0x800079c8 (0x03c1ccb3) x25 0xffffffff
core   0: 0x800079cc (0x3e8e6b13) ori     s6, t3, 1000
core   0: 3 0x800079cc (0x3e8e6b13) x22 0x000003e8
core   0: 0x800079d0 (0x0000100f) fence.i
core   0: 3 0x800079d0 (0x0000100f)
core   0: 0x800079d4 (0x01a0a4b3) slt     s1, ra, s10
core   0: 3 0x800079d4 (0x01a0a4b3) x 9 0x00000001
core   0: 0x800079d8 (0x40efd3b3) sra     t2, t6, a4
core   0: 3 0x800079d8 (0x40efd3b3) x 7 0x00000000
core   0: 0x800079dc (0x81506813) ori     a6, zero, -2027
core   0: 3 0x800079dc (0x81506813) x16 0xfffff815
core   0: 0x800079e0 (0x02f5f2b3) remu    t0, a1, a5
core   0: 3 0x800079e0 (0x02f5f2b3) x 5 0x00000280
core   0: 0x800079e4 (0x0000e805) c.bnez  s0, pc + 48
core   0: 3 0x800079e4 (0xe805)
core   0: 0x80007a14 (0x41f05b93) srai    s7, zero, 31
core   0: 3 0x80007a14 (0x41f05b93) x23 0x00000000
core   0: 0x80007a18 (0x0253f6b3) remu    a3, t2, t0
core   0: 3 0x80007a18 (0x0253f6b3) x13 0x00000000
core   0: 0x80007a1c (0x000045fd) c.li    a1, 31
core   0: 3 0x80007a1c (0x45fd) x11 0x0000001f
core   0: 0x80007a1e (0x01546c33) or      s8, s0, s5
core   0: 3 0x80007a1e (0x01546c33) x24 0x085b5f21
core   0: 0x80007a22 (0x00000001) c.nop
core   0: 3 0x80007a22 (0x0001)
core   0: 0x80007a24 (0x0000717d) c.addi16sp sp, -16
core   0: 3 0x80007a24 (0x717d) x 2 0xf0004b8c
core   0: 0x80007a26 (0x000085be) c.mv    a1, a5
core   0: 3 0x80007a26 (0x85be) x11 0xffffe77e
core   0: 0x80007a28 (0x000062a9) c.lui   t0, 0xa
core   0: 3 0x80007a28 (0x62a9) x 5 0x0000a000
core   0: 0x80007a2a (0x0257e033) rem     zero, a5, t0
core   0: 3 0x80007a2a (0x0257e033)
core   0: 0x80007a2e (0x03021863) bne     tp, a6, pc + 48
core   0: 3 0x80007a2e (0x03021863)
core   0: 0x80007a5e (0xb8a9f897) auipc   a7, 0xb8a9f
core   0: 3 0x80007a5e (0xb8a9f897) x17 0x38aa6a5e
core   0: 0x80007a62 (0x7c953f97) auipc   t6, 0x7c953
core   0: 3 0x80007a62 (0x7c953f97) x31 0xfc95aa62
core   0: 0x80007a66 (0x000064c5) c.lui   s1, 0x11
core   0: 3 0x80007a66 (0x64c5) x 9 0x00011000
core   0: 0x80007a68 (0x0000159c) c.addi4spn a5, sp, 736
core   0: 3 0x80007a68 (0x159c) x15 0xf0004e6c
core   0: 0x80007a6a (0x0000ed9d) c.bnez  a1, pc + 62
core   0: 3 0x80007a6a (0xed9d)
core   0: 0x80007aa8 (0x0b6a6093) ori     ra, s4, 182
core   0: 3 0x80007aa8 (0x0b6a6093) x 1 0x049e47be
core   0: 0x80007aac (0x000090be) c.add   ra, a5
core   0: 3 0x80007aac (0x90be) x 1 0xf49e962a
core   0: 0x80007aae (0x00008dd5) c.or    a1, a3
core   0: 3 0x80007aae (0x8dd5) x11 0xffffe77e
core   0: 0x80007ab0 (0x3adf8c37) lui     s8, 0x3adf8
core   0: 3 0x80007ab0 (0x3adf8c37) x24 0x3adf8000
core   0: 0x80007ab4 (0x02d9c963) blt     s3, a3, pc + 50
core   0: 3 0x80007ab4 (0x02d9c963)
core   0: 0x80007ab8 (0x01a999b3) sll     s3, s3, s10
core   0: 3 0x80007ab8 (0x01a999b3) x19 0x00000000
core   0: 0x80007abc (0x0303ec63) bltu    t2, a6, pc + 56
core   0: 3 0x80007abc (0x0303ec63)
core   0: 0x80007af4 (0x00000001) c.nop
core   0: 3 0x80007af4 (0x0001)
core   0: 0x80007af6 (0x00000001) c.nop
core   0: 3 0x80007af6 (0x0001)
core   0: 0x80007af8 (0x028dee63) bltu    s11, s0, pc + 60
core   0: 3 0x80007af8 (0x028dee63)
core   0: 0x80007afc (0x41b78633) sub     a2, a5, s11
core   0: 3 0x80007afc (0x41b78633) x12 0x6ffdf188
core   0: 0x80007b00 (0x000063e5) c.lui   t2, 0x19
core   0: 3 0x80007b00 (0x63e5) x 7 0x00019000
core   0: 0x80007b02 (0x8f824c93) xori    s9, tp, -1800
core   0: 3 0x80007b02 (0x8f824c93) x25 0xfffff8e3
core   0: 0x80007b06 (0x4017d9b3) sra     s3, a5, ra
core   0: 3 0x80007b06 (0x4017d9b3) x19 0xfffc0013
core   0: 0x80007b0a (0x00008bb1) c.andi  a5, 12
core   0: 3 0x80007b0a (0x8bb1) x15 0x0000000c
core   0: 0x80007b0c (0x40d3d5b3) sra     a1, t2, a3
core   0: 3 0x80007b0c (0x40d3d5b3) x11 0x00019000
core   0: 0x80007b10 (0x03b4ea63) bltu    s1, s11, pc + 52
core   0: 3 0x80007b10 (0x03b4ea63)
core   0: 0x80007b44 (0x0128f333) and     t1, a7, s2
core   0: 3 0x80007b44 (0x0128f333) x 6 0x2000020a
core   0: 0x80007b48 (0x0224e033) rem     zero, s1, sp
core   0: 3 0x80007b48 (0x0224e033)
core   0: 0x80007b4c (0x00009106) c.add   sp, ra
core   0: 3 0x80007b4c (0x9106) x 2 0xe49ee1b6
core   0: 0x80007b4e (0x039604b3) mul     s1, a2, s9
core   0: 3 0x80007b4e (0x039604b3) x 9 0x5ea0eb98
core   0: 0x80007b52 (0x0173ba33) sltu    s4, t2, s7
core   0: 3 0x80007b52 (0x0173ba33) x20 0x00000000
core   0: 0x80007b56 (0x41338eb3) sub     t4, t2, s3
core   0: 3 0x80007b56 (0x41338eb3) x29 0x00058fed
core   0: 0x80007b5a (0x02938133) mul     sp, t2, s1
core   0: 3 0x80007b5a (0x02938133) x 2 0x701d8000
core   0: 0x80007b5e (0x41f55413) srai    s0, a0, 31
core   0: 3 0x80007b5e (0x41f55413) x 8 0xffffffff
core   0: 0x80007b62 (0xcb60a893) slti    a7, ra, -842
core   0: 3 0x80007b62 (0xcb60a893) x17 0x00000001
core   0: 0x80007b66 (0x000086ad) c.srai  a3, 11
core   0: 3 0x80007b66 (0x86ad) x13 0x00000000
core   0: 0x80007b68 (0x0000717d) c.addi16sp sp, -16
core   0: 3 0x80007b68 (0x717d) x 2 0x701d7ff0
core   0: 0x80007b6a (0x0302c633) div     a2, t0, a6
core   0: 3 0x80007b6a (0x0302c633) x12 0xffffffec
core   0: 0x80007b6e (0xc2ef7417) auipc   s0, 0xc2ef7
core   0: 3 0x80007b6e (0xc2ef7417) x 8 0x42efeb6e
core   0: 0x80007b72 (0x0000517d) c.li    sp, -1
core   0: 3 0x80007b72 (0x517d) x 2 0xffffffff
core   0: 0x80007b74 (0x0212f433) remu    s0, t0, ra
core   0: 3 0x80007b74 (0x0212f433) x 8 0x0000a000
core   0: 0x80007b78 (0x09371a63) bne     a4, s3, pc + 148
core   0: 3 0x80007b78 (0x09371a63)
core   0: 0x80007c0c (0x022e8563) beq     t4, sp, pc + 42
core   0: 3 0x80007c0c (0x022e8563)
core   0: 0x80007c10 (0x4033d033) sra     zero, t2, gp
core   0: 3 0x80007c10 (0x4033d033)
core   0: 0x80007c14 (0x02b88433) mul     s0, a7, a1
core   0: 3 0x80007c14 (0x02b88433) x 8 0x00019000
core   0: 0x80007c18 (0x00008cf5) c.and   s1, a3
core   0: 3 0x80007c18 (0x8cf5) x 9 0x00000000
core   0: 0x80007c1a (0x000099fe) c.add   s3, t6
core   0: 3 0x80007c1a (0x99fe) x19 0xfc91aa75
core   0: 0x80007c1c (0x01b49833) sll     a6, s1, s11
core   0: 3 0x80007c1c (0x01b49833) x16 0x00000000
core   0: 0x80007c20 (0x000014fd) c.addi  s1, -1
core   0: 3 0x80007c20 (0x14fd) x 9 0xffffffff
core   0: 0x80007c22 (0x0000875d) c.srai  a4, 23
core   0: 3 0x80007c22 (0x875d) x14 0xffffffea
core   0: 0x80007c24 (0x00000001) c.nop
core   0: 3 0x80007c24 (0x0001)
core   0: 0x80007c26 (0x020c65b3) rem     a1, s8, zero
core   0: 3 0x80007c26 (0x020c65b3) x11 0x3adf8000
core   0: 0x80007c2a (0x00008dfd) c.and   a1, a5
core   0: 3 0x80007c2a (0x8dfd) x11 0x00000000
core   0: 0x80007c2c (0x00009bfd) c.andi  a5, -1
core   0: 3 0x80007c2c (0x9bfd) x15 0x0000000c
core   0: 0x80007c2e (0x02f793b3) mulh    t2, a5, a5
core   0: 3 0x80007c2e (0x02f793b3) x 7 0x00000000
core   0: 0x80007c32 (0x00018d33) add     s10, gp, zero
core   0: 3 0x80007c32 (0x00018d33) x26 0x004b9c80
core   0: 0x80007c36 (0x0000100f) fence.i
core   0: 3 0x80007c36 (0x0000100f)
core   0: 0x80007c3a (0xf5e42893) slti    a7, s0, -162
core   0: 3 0x80007c3a (0xf5e42893) x17 0x00000000
core   0: 0x80007c3e (0x41455733) sra     a4, a0, s4
core   0: 3 0x80007c3e (0x41455733) x14 0x80021e2c
core   0: 0x80007c42 (0x03ea88b3) mul     a7, s5, t5
core   0: 3 0x80007c42 (0x03ea88b3) x17 0xe1a30860
core   0: 0x80007c46 (0xbee7db97) auipc   s7, 0xbee7d
core   0: 3 0x80007c46 (0xbee7db97) x23 0x3ee84c46
core   0: 0x80007c4a (0x0000100f) fence.i
core   0: 3 0x80007c4a (0x0000100f)
core   0: 0x80007c4e (0x00000cfa) c.slli  s9, 30
core   0: 3 0x80007c4e (0x0cfa) x25 0xc0000000
core   0: 0x80007c50 (0x00008c89) c.sub   s1, a0
core   0: 3 0x80007c50 (0x8c89) x 9 0x7ffde1d3
core   0: 0x80007c52 (0x4e82a493) slti    s1, t0, 1256
core   0: 3 0x80007c52 (0x4e82a493) x 9 0x00000000
core   0: 0x80007c56 (0x01fb7d33) and     s10, s6, t6
core   0: 3 0x80007c56 (0x01fb7d33) x26 0x00000260
core   0: 0x80007c5a (0x00cce463) bltu    s9, a2, pc + 8
core   0: 3 0x80007c5a (0x00cce463)
core   0: 0x80007c62 (0x06fb5717) auipc   a4, 0x6fb5
core   0: 3 0x80007c62 (0x06fb5717) x14 0x86fbcc62
core   0: 0x80007c66 (0x00727863) bgeu    tp, t2, pc + 16
core   0: 3 0x80007c66 (0x00727863)
core   0: 0x80007c76 (0x08dcf663) bgeu    s9, a3, pc + 140
core   0: 3 0x80007c76 (0x08dcf663)
core   0: 0x80007d02 (0x0000100f) fence.i
core   0: 3 0x80007d02 (0x0000100f)
core   0: 0x80007d06 (0x0000100f) fence.i
core   0: 3 0x80007d06 (0x0000100f)
core   0: 0x80007d0a (0x007f61b3) or      gp, t5, t2
core   0: 3 0x80007d0a (0x007f61b3) x 3 0x0000001b
core   0: 0x80007d0e (0x030e5d63) bge     t3, a6, pc + 58
core   0: 3 0x80007d0e (0x030e5d63)
core   0: 0x80007d48 (0x00008c15) c.sub   s0, a3
core   0: 3 0x80007d48 (0x8c15) x 8 0x00019000
core   0: 0x80007d4a (0x419b8033) sub     zero, s7, s9
core   0: 3 0x80007d4a (0x419b8033)
core   0: 0x80007d4e (0x00008db1) c.xor   a1, a2
core   0: 3 0x80007d4e (0x8db1) x11 0xffffffec
core   0: 0x80007d50 (0x03eb4f63) blt     s6, t5, pc + 62
core   0: 3 0x80007d50 (0x03eb4f63)
core   0: 0x80007d54 (0x00008ff5) c.and   a5, a3
core   0: 3 0x80007d54 (0x8ff5) x15 0x00000000
core   0: 0x80007d56 (0x01b27b33) and     s6, tp, s11
core   0: 3 0x80007d56 (0x01b27b33) x22 0x00000000
core   0: 0x80007d5a (0x00006105) c.addi16sp sp, 32
core   0: 3 0x80007d5a (0x6105) x 2 0x0000001f
core   0: 0x80007d5c (0x025c4b33) div     s6, s8, t0
core   0: 3 0x80007d5c (0x025c4b33) x22 0x00005e32
core   0: 0x80007d60 (0x00000c98) c.addi4spn a4, sp, 592
core   0: 3 0x80007d60 (0x0c98) x14 0x0000026f
core   0: 0x80007d62 (0x02e6f7b3) remu    a5, a3, a4
core   0: 3 0x80007d62 (0x02e6f7b3) x15 0x00000000
core   0: 0x80007d66 (0xf4606d13) ori     s10, zero, -186
core   0: 3 0x80007d66 (0xf4606d13) x26 0xffffff46
core   0: 0x80007d6a (0x0364c163) blt     s1, s6, pc + 34
core   0: 3 0x80007d6a (0x0364c163)
core   0: 0x80007d8c (0x00008ff9) c.and   a5, a4
core   0: 3 0x80007d8c (0x8ff9) x15 0x00000000
core   0: 0x80007d8e (0x00000001) c.nop
core   0: 3 0x80007d8e (0x0001)
core   0: 0x80007d90 (0x03016e63) bltu    sp, a6, pc + 60
core   0: 3 0x80007d90 (0x03016e63)
core   0: 0x80007d94 (0x005b9193) slli    gp, s7, 5
core   0: 3 0x80007d94 (0x005b9193) x 3 0xdd0988c0
core   0: 0x80007d98 (0x0020a3b3) slt     t2, ra, sp
core   0: 3 0x80007d98 (0x0020a3b3) x 7 0x00000001
core   0: 0x80007d9c (0x01766633) or      a2, a2, s7
core   0: 3 0x80007d9c (0x01766633) x12 0xffffffee
core   0: 0x80007da0 (0x012c6d33) or      s10, s8, s2
core   0: 3 0x80007da0 (0x012c6d33) x26 0x3adf878b
core   0: 0x80007da4 (0x03797863) bgeu    s2, s7, pc + 48
core   0: 3 0x80007da4 (0x03797863)
core   0: 0x80007da8 (0x00006969) c.lui   s2, 0x1a
core   0: 3 0x80007da8 (0x6969) x18 0x0001a000
core   0: 0x80007daa (0x00001f8c) c.addi4spn a1, sp, 1008
core   0: 3 0x80007daa (0x1f8c) x11 0x0000040f
core   0: 0x80007dac (0x021cfa33) remu    s4, s9, ra
core   0: 3 0x80007dac (0x021cfa33) x20 0xc0000000
core   0: 0x80007db0 (0x00008c9d) c.sub   s1, a5
core   0: 3 0x80007db0 (0x8c9d) x 9 0x00000000
core   0: 0x80007db2 (0x00001d80) c.addi4spn s0, sp, 752
core   0: 3 0x80007db2 (0x1d80) x 8 0x0000030f
core   0: 0x80007db4 (0x03970c63) beq     a4, s9, pc + 56
core   0: 3 0x80007db4 (0x03970c63)
core   0: 0x80007db8 (0x0119e933) or      s2, s3, a7
core   0: 3 0x80007db8 (0x0119e933) x18 0xfdb3aa75
core   0: 0x80007dbc (0x01e3e663) bltu    t2, t5, pc + 12
core   0: 3 0x80007dbc (0x01e3e663)
core   0: 0x80007dc8 (0x0d02a393) slti    t2, t0, 208
core   0: 3 0x80007dc8 (0x0d02a393) x 7 0x00000000
core   0: 0x80007dcc (0x013e3d33) sltu    s10, t3, s3
core   0: 3 0x80007dcc (0x013e3d33) x26 0x00000001
core   0: 0x80007dd0 (0x020a1f33) mulh    t5, s4, zero
core   0: 3 0x80007dd0 (0x020a1f33) x30 0x00000000
core   0: 0x80007dd4 (0x00008db5) c.xor   a1, a3
core   0: 3 0x80007dd4 (0x8db5) x11 0x0000040f
core   0: 0x80007dd6 (0x02e2a833) mulhsu  a6, t0, a4
core   0: 3 0x80007dd6 (0x02e2a833) x16 0x00000000
core   0: 0x80007dda (0x000085e5) c.srai  a1, 25
core   0: 3 0x80007dda (0x85e5) x11 0x00000000
core   0: 0x80007ddc (0x00000e66) c.slli  t3, 25
core   0: 3 0x80007ddc (0x0e66) x28 0x00000000
core   0: 0x80007dde (0x00008185) c.srli  a1, 1
core   0: 3 0x80007dde (0x8185) x11 0x00000000
core   0: 0x80007de0 (0x01315463) bge     sp, s3, pc + 8
core   0: 3 0x80007de0 (0x01315463)
core   0: 0x80007de8 (0x40cd5a33) sra     s4, s10, a2
core   0: 3 0x80007de8 (0x40cd5a33) x20 0x00000000
core   0: 0x80007dec (0x03326c33) rem     s8, tp, s3
core   0: 3 0x80007dec (0x03326c33) x24 0x0000001b
core   0: 0x80007df0 (0x000054fd) c.li    s1, -1
core   0: 3 0x80007df0 (0x54fd) x 9 0xffffffff
core   0: 0x80007df2 (0x01ba7833) and     a6, s4, s11
core   0: 3 0x80007df2 (0x01ba7833) x16 0x00000000
core   0: 0x80007df6 (0x00922333) slt     t1, tp, s1
core   0: 3 0x80007df6 (0x00922333) x 6 0x00000000
core   0: 0x80007dfa (0x0334f933) remu    s2, s1, s3
core   0: 3 0x80007dfa (0x0334f933) x18 0x036e558a
core   0: 0x80007dfe (0x023d5663) bge     s10, gp, pc + 44
core   0: 3 0x80007dfe (0x023d5663)
core   0: 0x80007e2a (0x01161bb3) sll     s7, a2, a7
core   0: 3 0x80007e2a (0x01161bb3) x23 0xffffffee
core   0: 0x80007e2e (0x418fd493) srai    s1, t6, 24
core   0: 3 0x80007e2e (0x418fd493) x 9 0xfffffffc
core   0: 0x80007e32 (0x1b6a3893) sltiu   a7, s4, 438
core   0: 3 0x80007e32 (0x1b6a3893) x17 0x00000001
core   0: 0x80007e36 (0x0000843d) c.srai  s0, 15
core   0: 3 0x80007e36 (0x843d) x 8 0x00000000
core   0: 0x80007e38 (0x000081a9) c.srli  a1, 10
core   0: 3 0x80007e38 (0x81a9) x11 0x00000000
core   0: 0x80007e3a (0x023517b3) mulh    a5, a0, gp
core   0: 3 0x80007e3a (0x023517b3) x15 0x117af194
core   0: 0x80007e3e (0x8116c793) xori    a5, a3, -2031
core   0: 3 0x80007e3e (0x8116c793) x15 0xfffff811
core   0: 0x80007e42 (0x0000eb0d) c.bnez  a4, pc + 50
core   0: 3 0x80007e42 (0xeb0d)
core   0: 0x80007e74 (0x00c36863) bltu    t1, a2, pc + 16
core   0: 3 0x80007e74 (0x00c36863)
core   0: 0x80007e84 (0x00001610) c.addi4spn a2, sp, 800
core   0: 3 0x80007e84 (0x1610) x12 0x0000033f
core   0: 0x80007e86 (0xa284c693) xori    a3, s1, -1496
core   0: 3 0x80007e86 (0xa284c693) x13 0x000005d4
core   0: 0x80007e8a (0x01b542b3) xor     t0, a0, s11
core   0: 3 0x80007e8a (0x01b542b3) x 5 0x000042c8
core   0: 0x80007e8e (0x00008365) c.srli  a4, 25
core   0: 3 0x80007e8e (0x8365) x14 0x00000000
core   0: 0x80007e90 (0x00fad613) srli    a2, s5, 15
core   0: 3 0x80007e90 (0x00fad613) x12 0x000010b6
core   0: 0x80007e94 (0x03380fb3) mul     t6, a6, s3
core   0: 3 0x80007e94 (0x03380fb3) x31 0x00000000
core   0: 0x80007e98 (0x00000135) c.addi  sp, 13
core   0: 3 0x80007e98 (0x0135) x 2 0x0000002c
core   0: 0x80007e9a (0x00006755) c.lui   a4, 0x15
core   0: 3 0x80007e9a (0x6755) x14 0x00015000
core   0: 0x80007e9c (0x00001d10) c.addi4spn a2, sp, 688
core   0: 3 0x80007e9c (0x1d10) x12 0x000002dc
core   0: 0x80007e9e (0x02f2e9b3) rem     s3, t0, a5
core   0: 3 0x80007e9e (0x02f2e9b3) x19 0x00000350
core   0: 0x80007ea2 (0x017059b3) srl     s3, zero, s7
core   0: 3 0x80007ea2 (0x017059b3) x19 0x00000000
core   0: 0x80007ea6 (0x0348a833) mulhsu  a6, a7, s4
core   0: 3 0x80007ea6 (0x0348a833) x16 0x00000000
core   0: 0x80007eaa (0x00000a6a) c.slli  s4, 26
core   0: 3 0x80007eaa (0x0a6a) x20 0x00000000
core   0: 0x80007eac (0x810fbc13) sltiu   s8, t6, -2032
core   0: 3 0x80007eac (0x810fbc13) x24 0x00000001
core   0: 0x80007eb0 (0x007d9b93) slli    s7, s11, 7
core   0: 3 0x80007eb0 (0x007d9b93) x23 0x012e7200
core   0: 0x80007eb4 (0xc2e13293) sltiu   t0, sp, -978
core   0: 3 0x80007eb4 (0xc2e13293) x 5 0x00000001
core   0: 0x80007eb8 (0xf06cc313) xori    t1, s9, -250
core   0: 3 0x80007eb8 (0xf06cc313) x 6 0x3fffff06
core   0: 0x80007ebc (0x02055463) bgez    a0, pc + 40
core   0: 3 0x80007ebc (0x02055463)
core   0: 0x80007ec0 (0x0000e805) c.bnez  s0, pc + 48
core   0: 3 0x80007ec0 (0xe805)
core   0: 0x80007ec2 (0xff3bb597) auipc   a1, 0xff3bb
core   0: 3 0x80007ec2 (0xff3bb597) x11 0x7f3c2ec2
core   0: 0x80007ec6 (0x02fdb333) mulhu   t1, s11, a5
core   0: 3 0x80007ec6 (0x02fdb333) x 6 0x800258ec
core   0: 0x80007eca (0x00000001) c.nop
core   0: 3 0x80007eca (0x0001)
core   0: 0x80007ecc (0x00eadf93) srli    t6, s5, 14
core   0: 3 0x80007ecc (0x00eadf93) x31 0x0000216d
core   0: 0x80007ed0 (0x000055fd) c.li    a1, -1
core   0: 3 0x80007ed0 (0x55fd) x11 0xffffffff
core   0: 0x80007ed2 (0x00008405) c.srai  s0, 1
core   0: 3 0x80007ed2 (0x8405) x 8 0x00000000
core   0: 0x80007ed4 (0x00009cde) c.add   s9, s7
core   0: 3 0x80007ed4 (0x9cde) x25 0xc12e7200
core   0: 0x80007ed6 (0x00008eca) c.mv    t4, s2
core   0: 3 0x80007ed6 (0x8eca) x29 0x036e558a
core   0: 0x80007ed8 (0x010e01b3) add     gp, t3, a6
core   0: 3 0x80007ed8 (0x010e01b3) x 3 0x00000000
core   0: 0x80007edc (0x00638463) beq     t2, t1, pc + 8
core   0: 3 0x80007edc (0x00638463)
core   0: 0x80007ee0 (0x61846f13) ori     t5, s0, 1560
core   0: 3 0x80007ee0 (0x61846f13) x30 0x00000618
core   0: 0x80007ee4 (0x000010fd) c.addi  ra, -1
core   0: 3 0x80007ee4 (0x10fd) x 1 0xf49e9629
core   0: 0x80007ee6 (0x00fc6433) or      s0, s8, a5
core   0: 3 0x80007ee6 (0x00fc6433) x 8 0xfffff811
core   0: 0x80007eea (0x00008f81) c.sub   a5, s0
core   0: 3 0x80007eea (0x8f81) x15 0x00000000
core   0: 0x80007eec (0x00000bda) c.slli  s7, 22
core   0: 3 0x80007eec (0x0bda) x23 0x80000000
core   0: 0x80007eee (0x0000717d) c.addi16sp sp, -16
core   0: 3 0x80007eee (0x717d) x 2 0x0000001c
core   0: 0x80007ef0 (0x0000847a) c.mv    s0, t5
core   0: 3 0x80007ef0 (0x847a) x 8 0x00000618
core   0: 0x80007ef2 (0x02979a63) bne     a5, s1, pc + 52
core   0: 3 0x80007ef2 (0x02979a63)
core   0: 0x80007f26 (0x5d3c8a13) addi    s4, s9, 1491
core   0: 3 0x80007f26 (0x5d3c8a13) x20 0xc12e77d3
core   0: 0x80007f2a (0xa6986c13) ori     s8, a6, -1431
core   0: 3 0x80007f2a (0xa6986c13) x24 0xfffffa69
core   0: 0x80007f2e (0x0000e885) c.bnez  s1, pc + 48
core   0: 3 0x80007f2e (0xe885)
core   0: 0x80007f5e (0x000097c2) c.add   a5, a6
core   0: 3 0x80007f5e (0x97c2) x15 0x00000000
core   0: 0x80007f60 (0x4b72a413) slti    s0, t0, 1207
core   0: 3 0x80007f60 (0x4b72a413) x 8 0x00000001
core   0: 0x80007f64 (0x02ee75b3) remu    a1, t3, a4
core   0: 3 0x80007f64 (0x02ee75b3) x11 0x00000000
core   0: 0x80007f68 (0x00009c1e) c.add   s8, t2
core   0: 3 0x80007f68 (0x9c1e) x24 0xfffffa69
core   0: 0x80007f6a (0x00589a33) sll     s4, a7, t0
core   0: 3 0x80007f6a (0x00589a33) x20 0x00000002
core   0: 0x80007f6e (0x000045d9) c.li    a1, 22
core   0: 3 0x80007f6e (0x45d9) x11 0x00000016
core   0: 0x80007f70 (0x0000c385) c.beqz  a5, pc + 32
core   0: 3 0x80007f70 (0xc385)
core   0: 0x80007f90 (0x0535e063) bltu    a1, s3, pc + 64
core   0: 3 0x80007f90 (0x0535e063)
core   0: 0x80007f94 (0x0000e881) c.bnez  s1, pc + 16
core   0: 3 0x80007f94 (0xe881)
core   0: 0x80007fa4 (0x0000ce01) c.beqz  a2, pc + 24
core   0: 3 0x80007fa4 (0xce01)
core   0: 0x80007fa6 (0x3d506c93) ori     s9, zero, 981
core   0: 3 0x80007fa6 (0x3d506c93) x25 0x000003d5
core   0: 0x80007faa (0x00008f91) c.sub   a5, a2
core   0: 3 0x80007faa (0x8f91) x15 0xfffffd24
core   0: 0x80007fac (0x02c18a63) beq     gp, a2, pc + 52
core   0: 3 0x80007fac (0x02c18a63)
core   0: 0x80007fb0 (0x7bd07713) andi    a4, zero, 1981
core   0: 3 0x80007fb0 (0x7bd07713) x14 0x00000000
core   0: 0x80007fb4 (0x020becb3) rem     s9, s7, zero
core   0: 3 0x80007fb4 (0x020becb3) x25 0x80000000
core   0: 0x80007fb8 (0x08b39597) auipc   a1, 0x8b39
core   0: 3 0x80007fb8 (0x08b39597) x11 0x88b40fb8
core   0: 0x80007fbc (0x0003a133) slt     sp, t2, zero
core   0: 3 0x80007fbc (0x0003a133) x 2 0x00000000
core   0: 0x80007fc0 (0x026d3f33) mulhu   t5, s10, t1
core   0: 3 0x80007fc0 (0x026d3f33) x30 0x00000000
core   0: 0x80007fc4 (0x035ab8b3) mulhu   a7, s5, s5
core   0: 3 0x80007fc4 (0x035ab8b3) x17 0x0045d68e
core   0: 0x80007fc8 (0x009ef0b3) and     ra, t4, s1
core   0: 3 0x80007fc8 (0x009ef0b3) x 1 0x036e5588
core   0: 0x80007fcc (0x008a1093) slli    ra, s4, 8
core   0: 3 0x80007fcc (0x008a1093) x 1 0x00000200
core   0: 0x80007fd0 (0x03803133) mulhu   sp, zero, s8
core   0: 3 0x80007fd0 (0x03803133) x 2 0x00000000
core   0: 0x80007fd4 (0x018e4663) blt     t3, s8, pc + 12
core   0: 3 0x80007fd4 (0x018e4663)
core   0: 0x80007fd8 (0x40fbd593) srai    a1, s7, 15
core   0: 3 0x80007fd8 (0x40fbd593) x11 0xffff0000
core   0: 0x80007fdc (0x01937233) and     tp, t1, s9
core   0: 3 0x80007fdc (0x01937233) x 4 0x80000000
core   0: 0x80007fe0 (0x00008e69) c.and   a2, a0
core   0: 3 0x80007fe0 (0x8e69) x12 0x0000020c
core   0: 0x80007fe2 (0x0000717d) c.addi16sp sp, -16
core   0: 3 0x80007fe2 (0x717d) x 2 0xfffffff0
core   0: 0x80007fe4 (0x0000ed85) c.bnez  a1, pc + 56
core   0: 3 0x80007fe4 (0xed85)
core   0: 0x8000801c (0x495c0113) addi    sp, s8, 1173
core   0: 3 0x8000801c (0x495c0113) x 2 0xfffffefe
core   0: 0x80008020 (0x02deeeb3) rem     t4, t4, a3
core   0: 3 0x80008020 (0x02deeeb3) x29 0x0000047a
core   0: 0x80008024 (0x0ff0000f) fence   iorw,iorw
core   0: 3 0x80008024 (0x0ff0000f)
core   0: 0x80008028 (0x0348a9b3) mulhsu  s3, a7, s4
core   0: 3 0x80008028 (0x0348a9b3) x19 0x00000000
core   0: 0x8000802c (0x0055d8b3) srl     a7, a1, t0
core   0: 3 0x8000802c (0x0055d8b3) x17 0x7fff8000
core   0: 0x80008030 (0x00008ccd) c.or    s1, a1
core   0: 3 0x80008030 (0x8ccd) x 9 0xfffffffc
core   0: 0x80008032 (0x000015fd) c.addi  a1, -1
core   0: 3 0x80008032 (0x15fd) x11 0xfffeffff
core   0: 0x80008034 (0x00008dc9) c.or    a1, a0
core   0: 3 0x80008034 (0x8dc9) x11 0xfffeffff
core   0: 0x80008036 (0x40890233) sub     tp, s2, s0
core   0: 3 0x80008036 (0x40890233) x 4 0x036e5589
core   0: 0x8000803a (0x03a78cb3) mul     s9, a5, s10
core   0: 3 0x8000803a (0x03a78cb3) x25 0xfffffd24
core   0: 0x8000803e (0x00641013) slli    zero, s0, 6
core   0: 3 0x8000803e (0x00641013)
core   0: 0x80008042 (0x00f3c2b3) xor     t0, t2, a5
core   0: 3 0x80008042 (0x00f3c2b3) x 5 0xfffffd24
core   0: 0x80008046 (0x00006161) c.addi16sp sp, 80
core   0: 3 0x80008046 (0x6161) x 2 0xffffff4e
core   0: 0x80008048 (0x41a75bb3) sra     s7, a4, s10
core   0: 3 0x80008048 (0x41a75bb3) x23 0x00000000
core   0: 0x8000804c (0x548ee113) ori     sp, t4, 1352
core   0: 3 0x8000804c (0x548ee113) x 2 0x0000057a
core   0: 0x80008050 (0x000061e1) c.lui   gp, 0x18
core   0: 3 0x80008050 (0x61e1) x 3 0x00018000
core   0: 0x80008052 (0x02621933) mulh    s2, tp, t1
core   0: 3 0x80008052 (0x02621933) x18 0xfe48dd49
core   0: 0x80008056 (0x00004e75) c.li    t3, 29
core   0: 3 0x80008056 (0x4e75) x28 0x0000001d
core   0: 0x80008058 (0x00a211b3) sll     gp, tp, a0
core   0: 3 0x80008058 (0x00a211b3) x 3 0xe5589000
core   0: 0x8000805c (0x0ff0000f) fence   iorw,iorw
core   0: 3 0x8000805c (0x0ff0000f)
core   0: 0x80008060 (0x00009fba) c.add   t6, a4
core   0: 3 0x80008060 (0x9fba) x31 0x0000216d
core   0: 0x80008062 (0x00009a7d) c.andi  a2, -1
core   0: 3 0x80008062 (0x9a7d) x12 0x0000020c
core   0: 0x80008064 (0x00008ec5) c.or    a3, s1
core   0: 3 0x80008064 (0x8ec5) x13 0xfffffffc
core   0: 0x80008066 (0x01a35eb3) srl     t4, t1, s10
core   0: 3 0x80008066 (0x01a35eb3) x29 0x40012c76
core   0: 0x8000806a (0x0000c595) c.beqz  a1, pc + 44
core   0: 3 0x8000806a (0xc595)
core   0: 0x8000806c (0x70fe1f37) lui     t5, 0x70fe1
core   0: 3 0x8000806c (0x70fe1f37) x30 0x70fe1000
core   0: 0x80008070 (0x59615317) auipc   t1, 0x59615
core   0: 3 0x80008070 (0x59615317) x 6 0xd961d070
core   0: 0x80008074 (0x00000a22) c.slli  s4, 8
core   0: 3 0x80008074 (0x0a22) x20 0x00000200
core   0: 0x80008076 (0x0000147d) c.addi  s0, -1
core   0: 3 0x80008076 (0x147d) x 8 0x00000000
core   0: 0x80008078 (0x41c70033) sub     zero, a4, t3
core   0: 3 0x80008078 (0x41c70033)
core   0: 0x8000807c (0x00008ea5) c.xor   a3, s1
core   0: 3 0x8000807c (0x8ea5) x13 0x00000000
core   0: 0x8000807e (0x41ea5e13) srai    t3, s4, 30
core   0: 3 0x8000807e (0x41ea5e13) x28 0x00000000
core   0: 0x80008082 (0x00008849) c.andi  s0, 18
core   0: 3 0x80008082 (0x8849) x 8 0x00000000
core   0: 0x80008084 (0x00008fad) c.xor   a5, a1
core   0: 3 0x80008084 (0x8fad) x15 0x000102db
core   0: 0x80008086 (0x02609e63) bne     ra, t1, pc + 60
core   0: 3 0x80008086 (0x02609e63)
core   0: 0x800080c2 (0x03a1f563) bgeu    gp, s10, pc + 42
core   0: 3 0x800080c2 (0x03a1f563)
core   0: 0x800080ec (0x01a4c933) xor     s2, s1, s10
core   0: 3 0x800080ec (0x01a4c933) x18 0xfffffffd
core   0: 0x800080f0 (0x010ca033) slt     zero, s9, a6
core   0: 3 0x800080f0 (0x010ca033)
core   0: 0x800080f4 (0x0000ea99) c.bnez  a3, pc + 22
core   0: 3 0x800080f4 (0xea99)
core   0: 0x800080f6 (0x0000e0a1) c.bnez  s1, pc + 64
core   0: 3 0x800080f6 (0xe0a1)
core   0: 0x80008136 (0x00d1c463) blt     gp, a3, pc + 8
core   0: 3 0x80008136 (0x00d1c463)
core   0: 0x8000813e (0x00008fc9) c.or    a5, a0
core   0: 3 0x8000813e (0x8fc9) x15 0x80031eff
core   0: 0x80008140 (0x00005efd) c.li    t4, -1
core   0: 3 0x80008140 (0x5efd) x29 0xffffffff
core   0: 0x80008142 (0x0000844d) c.srai  s0, 19
core   0: 3 0x80008142 (0x844d) x 8 0x00000000
core   0: 0x80008144 (0x00006141) c.addi16sp sp, 16
core   0: 3 0x80008144 (0x6141) x 2 0x0000058a
core   0: 0x80008146 (0x02300b63) beq     zero, gp, pc + 54
core   0: 3 0x80008146 (0x02300b63)
core   0: 0x8000814a (0xdad23d13) sltiu   s10, tp, -595
core   0: 3 0x8000814a (0xdad23d13) x26 0x00000001
core   0: 0x8000814e (0x00008d99) c.sub   a1, a4
core   0: 3 0x8000814e (0x8d99) x11 0xfffeffff
core   0: 0x80008150 (0x59912713) slti    a4, sp, 1433
core   0: 3 0x80008150 (0x59912713) x14 0x00000001
core   0: 0x80008154 (0x00008611) c.srai  a2, 4
core   0: 3 0x80008154 (0x8611) x12 0x00000020
core   0: 0x80008156 (0x0000100f) fence.i
core   0: 3 0x80008156 (0x0000100f)
core   0: 0x8000815a (0x52753f93) sltiu   t6, a0, 1319
core   0: 3 0x8000815a (0x52753f93) x31 0x00000000
core   0: 0x8000815e (0x00c57e33) and     t3, a0, a2
core   0: 3 0x8000815e (0x00c57e33) x28 0x00000020
core   0: 0x80008162 (0x01c1b6b3) sltu    a3, gp, t3
core   0: 3 0x80008162 (0x01c1b6b3) x13 0x00000000
core   0: 0x80008166 (0x00008cbe) c.mv    s9, a5
core   0: 3 0x80008166 (0x8cbe) x25 0x80031eff
core   0: 0x80008168 (0x59c27b17) auipc   s6, 0x59c27
core   0: 3 0x80008168 (0x59c27b17) x22 0xd9c2f168
core   0: 0x8000816c (0x028f5933) divu    s2, t5, s0
core   0: 3 0x8000816c (0x028f5933) x18 0xffffffff
core   0: 0x80008170 (0x05c18263) beq     gp, t3, pc + 68
core   0: 3 0x80008170 (0x05c18263)
core   0: 0x80008174 (0x01e5ca63) blt     a1, t5, pc + 20
core   0: 3 0x80008174 (0x01e5ca63)
core   0: 0x80008188 (0x01c35913) srli    s2, t1, 28
core   0: 3 0x80008188 (0x01c35913) x18 0x0000000d
core   0: 0x8000818c (0x00008495) c.srai  s1, 5
core   0: 3 0x8000818c (0x8495) x 9 0xffffffff
core   0: 0x8000818e (0x00008f4d) c.or    a4, a1
core   0: 3 0x8000818e (0x8f4d) x14 0xfffeffff
core   0: 0x80008190 (0x0208c063) bltz    a7, pc + 32
core   0: 3 0x80008190 (0x0208c063)
core   0: 0x80008194 (0x00008fea) c.mv    t6, s10
core   0: 3 0x80008194 (0x8fea) x31 0x00000001
core   0: 0x80008196 (0xd1ca2393) slti    t2, s4, -740
core   0: 3 0x80008196 (0xd1ca2393) x 7 0x00000000
core   0: 0x8000819a (0x00ed5613) srli    a2, s10, 14
core   0: 3 0x8000819a (0x00ed5613) x12 0x00000000
core   0: 0x8000819e (0x41a15e33) sra     t3, sp, s10
core   0: 3 0x8000819e (0x41a15e33) x28 0x000002c5
core   0: 0x800081a2 (0x01b91333) sll     t1, s2, s11
core   0: 3 0x800081a2 (0x01b91333) x 6 0x000000d0
core   0: 0x800081a6 (0x37acff97) auipc   t6, 0x37acf
core   0: 3 0x800081a6 (0x37acff97) x31 0xb7ad71a6
core   0: 0x800081aa (0x02aa9e63) bne     s5, a0, pc + 60
core   0: 3 0x800081aa (0x02aa9e63)
core   0: 0x800081e6 (0x014d8a63) beq     s11, s4, pc + 20
core   0: 3 0x800081e6 (0x014d8a63)
core   0: 0x800081ea (0x00244b33) xor     s6, s0, sp
core   0: 3 0x800081ea (0x00244b33) x22 0x0000058a
core   0: 0x800081ee (0x0000e80d) c.bnez  s0, pc + 50
core   0: 3 0x800081ee (0xe80d)
core   0: 0x800081f0 (0x019077b3) and     a5, zero, s9
core   0: 3 0x800081f0 (0x019077b3) x15 0x00000000
core   0: 0x800081f4 (0x02c67d63) bgeu    a2, a2, pc + 58
core   0: 3 0x800081f4 (0x02c67d63)
core   0: 0x8000822e (0x00000001) c.nop
core   0: 3 0x8000822e (0x0001)
core   0: 0x80008230 (0x03a012b3) mulh    t0, zero, s10
core   0: 3 0x80008230 (0x03a012b3) x 5 0x00000000
core   0: 0x80008234 (0x0ff0000f) fence   iorw,iorw
core   0: 3 0x80008234 (0x0ff0000f)
core   0: 0x80008238 (0x000086b1) c.srai  a3, 12
core   0: 3 0x80008238 (0x86b1) x13 0x00000000
core   0: 0x8000823a (0x0000934e) c.add   t1, s3
core   0: 3 0x8000823a (0x934e) x 6 0x000000d0
core   0: 0x8000823c (0x40e0d213) srai    tp, ra, 14
core   0: 3 0x8000823c (0x40e0d213) x 4 0x00000000
core   0: 0x80008240 (0x66d40413) addi    s0, s0, 1645
core   0: 3 0x80008240 (0x66d40413) x 8 0x0000066d
core   0: 0x80008244 (0xf4be2193) slti    gp, t3, -181
core   0: 3 0x80008244 (0xf4be2193) x 3 0x00000000
core   0: 0x80008248 (0x00986563) bltu    a6, s1, pc + 10
core   0: 3 0x80008248 (0x00986563)
core   0: 0x80008252 (0x4d3cc893) xori    a7, s9, 1235
core   0: 3 0x80008252 (0x4d3cc893) x17 0x80031a2c
core   0: 0x80008256 (0x0000167d) c.addi  a2, -1
core   0: 3 0x80008256 (0x167d) x12 0xffffffff
core   0: 0x80008258 (0xffe00493) li      s1, -2
core   0: 3 0x80008258 (0xffe00493) x 9 0xfffffffe
core   0: 0x8000825c (0x00006a45) c.lui   s4, 0x11
core   0: 3 0x8000825c (0x6a45) x20 0x00011000
core   0: 0x8000825e (0x02df82b3) mul     t0, t6, a3
core   0: 3 0x8000825e (0x02df82b3) x 5 0x00000000
core   0: 0x80008262 (0x419c0133) sub     sp, s8, s9
core   0: 3 0x80008262 (0x419c0133) x 2 0x7ffcdb6a
core   0: 0x80008266 (0x00000001) c.nop
core   0: 3 0x80008266 (0x0001)
core   0: 0x80008268 (0x0387b3b3) mulhu   t2, a5, s8
core   0: 3 0x80008268 (0x0387b3b3) x 7 0x00000000
core   0: 0x8000826c (0x012bffb3) and     t6, s7, s2
core   0: 3 0x8000826c (0x012bffb3) x31 0x00000000
core   0: 0x80008270 (0x00000001) c.nop
core   0: 3 0x80008270 (0x0001)
core   0: 0x80008272 (0x00000489) c.addi  s1, 2
core   0: 3 0x80008272 (0x0489) x 9 0x00000000
core   0: 0x80008274 (0x02b5c6b3) div     a3, a1, a1
core   0: 3 0x80008274 (0x02b5c6b3) x13 0x00000001
core   0: 0x80008278 (0x03987cb3) remu    s9, a6, s9
core   0: 3 0x80008278 (0x03987cb3) x25 0x00000000
core   0: 0x8000827c (0x000080ce) c.mv    ra, s3
core   0: 3 0x8000827c (0x80ce) x 1 0x00000000
core   0: 0x8000827e (0x0000d4fd) c.beqz  s1, pc - 18
core   0: 3 0x8000827e (0xd4fd)
core   0: 0x8000826c (0x012bffb3) and     t6, s7, s2
core   0: 3 0x8000826c (0x012bffb3) x31 0x00000000
core   0: 0x80008270 (0x00000001) c.nop
core   0: 3 0x80008270 (0x0001)
core   0: 0x80008272 (0x00000489) c.addi  s1, 2
core   0: 3 0x80008272 (0x0489) x 9 0x00000002
core   0: 0x80008274 (0x02b5c6b3) div     a3, a1, a1
core   0: 3 0x80008274 (0x02b5c6b3) x13 0x00000001
core   0: 0x80008278 (0x03987cb3) remu    s9, a6, s9
core   0: 3 0x80008278 (0x03987cb3) x25 0x00000000
core   0: 0x8000827c (0x000080ce) c.mv    ra, s3
core   0: 3 0x8000827c (0x80ce) x 1 0x00000000
core   0: 0x8000827e (0x0000d4fd) c.beqz  s1, pc - 18
core   0: 3 0x8000827e (0xd4fd)
core   0: 0x80008280 (0x000085c1) c.srai  a1, 16
core   0: 3 0x80008280 (0x85c1) x11 0xfffffffe
core   0: 0x80008282 (0x0000100f) fence.i
core   0: 3 0x80008282 (0x0000100f)
core   0: 0x80008286 (0x00000cd6) c.slli  s9, 21
core   0: 3 0x80008286 (0x0cd6) x25 0x00000000
core   0: 0x80008288 (0x00000001) c.nop
core   0: 3 0x80008288 (0x0001)
core   0: 0x8000828a (0x007aa833) slt     a6, s5, t2
core   0: 3 0x8000828a (0x007aa833) x16 0x00000000
core   0: 0x8000828e (0x03669d63) bne     a3, s6, pc + 58
core   0: 3 0x8000828e (0x03669d63)
core   0: 0x800082c8 (0x2892c013) xori    zero, t0, 649
core   0: 3 0x800082c8 (0x2892c013)
core   0: 0x800082cc (0x59e26093) ori     ra, tp, 1438
core   0: 3 0x800082cc (0x59e26093) x 1 0x0000059e
core   0: 0x800082d0 (0x02bb2cb3) mulhsu  s9, s6, a1
core   0: 3 0x800082d0 (0x02bb2cb3) x25 0x00000589
core   0: 0x800082d4 (0x03dbc433) div     s0, s7, t4
core   0: 3 0x800082d4 (0x03dbc433) x 8 0x00000000
core   0: 0x800082d8 (0x0000883d) c.andi  s0, 15
core   0: 3 0x800082d8 (0x883d) x 8 0x00000000
core   0: 0x800082da (0x02874b63) blt     a4, s0, pc + 54
core   0: 3 0x800082da (0x02874b63)
core   0: 0x80008310 (0x1c30a313) slti    t1, ra, 451
core   0: 3 0x80008310 (0x1c30a313) x 6 0x00000000
core   0: 0x80008314 (0x0ff0000f) fence   iorw,iorw
core   0: 3 0x80008314 (0x0ff0000f)
core   0: 0x80008318 (0x0000c809) c.beqz  s0, pc + 18
core   0: 3 0x80008318 (0xc809)
core   0: 0x8000832a (0x00001390) c.addi4spn a2, sp, 480
core   0: 3 0x8000832a (0x1390) x12 0x7ffcdd4a
core   0: 0x8000832c (0x025a5e63) bge     s4, t0, pc + 60
core   0: 3 0x8000832c (0x025a5e63)
core   0: 0x80008368 (0x02bc0463) beq     s8, a1, pc + 40
core   0: 3 0x80008368 (0x02bc0463)
core   0: 0x8000836c (0x029b2833) mulhsu  a6, s6, s1
core   0: 3 0x8000836c (0x029b2833) x16 0x00000000
core   0: 0x80008370 (0x000098fa) c.add   a7, t5
core   0: 3 0x80008370 (0x98fa) x17 0xf1012a2c
core   0: 0x80008372 (0x00f94333) xor     t1, s2, a5
core   0: 3 0x80008372 (0x00f94333) x 6 0x0000000d
core   0: 0x80008376 (0x00000118) c.addi4spn a4, sp, 128
core   0: 3 0x80008376 (0x0118) x14 0x7ffcdbea
core   0: 0x80008378 (0x000009f2) c.slli  s3, 28
core   0: 3 0x80008378 (0x09f2) x19 0x00000000
core   0: 0x8000837a (0x000095e2) c.add   a1, s8
core   0: 3 0x8000837a (0x95e2) x11 0xfffffa67
core   0: 0x8000837c (0x00001f10) c.addi4spn a2, sp, 944
core   0: 3 0x8000837c (0x1f10) x12 0x7ffcdf1a
core   0: 0x8000837e (0x0069d8b3) srl     a7, s3, t1
core   0: 3 0x8000837e (0x0069d8b3) x17 0x00000000
core   0: 0x80008382 (0x039d5e33) divu    t3, s10, s9
core   0: 3 0x80008382 (0x039d5e33) x28 0x00000000
core   0: 0x80008386 (0x40565893) srai    a7, a2, 5
core   0: 3 0x80008386 (0x40565893) x17 0x03ffe6f8
core   0: 0x8000838a (0x0000117d) c.addi  sp, -1
core   0: 3 0x8000838a (0x117d) x 2 0x7ffcdb69
core   0: 0x8000838c (0xed004697) auipc   a3, 0xed004
core   0: 3 0x8000838c (0xed004697) x13 0x6d00c38c
core   0: 0x80008390 (0x028328b3) mulhsu  a7, t1, s0
core   0: 3 0x80008390 (0x028328b3) x17 0x00000000
core   0: 0x80008394 (0x0131f333) and     t1, gp, s3
core   0: 3 0x80008394 (0x0131f333) x 6 0x00000000
core   0: 0x80008398 (0x40975013) srai    zero, a4, 9
core   0: 3 0x80008398 (0x40975013)
core   0: 0x8000839c (0x00001c84) c.addi4spn s1, sp, 624
core   0: 3 0x8000839c (0x1c84) x 9 0x7ffcddd9
core   0: 0x8000839e (0x00000001) c.nop
core   0: 3 0x8000839e (0x0001)
core   0: 0x800083a0 (0x000088fa) c.mv    a7, t5
core   0: 3 0x800083a0 (0x88fa) x17 0x70fe1000
core   0: 0x800083a2 (0x036c73b3) remu    t2, s8, s6
core   0: 3 0x800083a2 (0x036c73b3) x 7 0x000004ef
core   0: 0x800083a6 (0x000084b1) c.srai  s1, 12
core   0: 3 0x800083a6 (0x84b1) x 9 0x0007ffcd
core   0: 0x800083a8 (0x01a18e33) add     t3, gp, s10
core   0: 3 0x800083a8 (0x01a18e33) x28 0x00000001
core   0: 0x800083ac (0x029a4133) div     sp, s4, s1
core   0: 3 0x800083ac (0x029a4133) x 2 0x00000000
core   0: 0x800083b0 (0x16b09e37) lui     t3, 0x16b09
core   0: 3 0x800083b0 (0x16b09e37) x28 0x16b09000
core   0: 0x800083b4 (0x0000c61d) c.beqz  a2, pc + 46
core   0: 3 0x800083b4 (0xc61d)
core   0: 0x800083b6 (0x000088ee) c.mv    a7, s11
core   0: 3 0x800083b6 (0x88ee) x17 0x80025ce4
core   0: 0x800083b8 (0x03f49e33) mulh    t3, s1, t6
core   0: 3 0x800083b8 (0x03f49e33) x28 0x00000000
core   0: 0x800083bc (0x00008e4d) c.or    a2, a1
core   0: 3 0x800083bc (0x8e4d) x12 0xffffff7f
core   0: 0x800083be (0x00008cc9) c.or    s1, a0
core   0: 3 0x800083be (0x8cc9) x 9 0x8007ffed
core   0: 0x800083c0 (0x03204cb3) div     s9, zero, s2
core   0: 3 0x800083c0 (0x03204cb3) x25 0x00000000
core   0: 0x800083c4 (0x000086e9) c.srai  a3, 26
core   0: 3 0x800083c4 (0x86e9) x13 0x0000001b
core   0: 0x800083c6 (0x6e03cb13) xori    s6, t2, 1760
core   0: 3 0x800083c6 (0x6e03cb13) x22 0x0000020f
core   0: 0x800083ca (0x0ff0000f) fence   iorw,iorw
core   0: 3 0x800083ca (0x0ff0000f)
core   0: 0x800083ce (0x05c7f163) bgeu    a5, t3, pc + 66
core   0: 3 0x800083ce (0x05c7f163)
core   0: 0x80008410 (0x00006869) c.lui   a6, 0x1a
core   0: 3 0x80008410 (0x6869) x16 0x0001a000
core   0: 0x80008412 (0x005a6e63) bltu    s4, t0, pc + 28
core   0: 3 0x80008412 (0x005a6e63)
core   0: 0x80008416 (0x03e8c433) div     s0, a7, t5
core   0: 3 0x80008416 (0x03e8c433) x 8 0xffffffff
core   0: 0x8000841a (0x00008e49) c.or    a2, a0
core   0: 3 0x8000841a (0x8e49) x12 0xffffff7f
core   0: 0x8000841c (0x00008f41) c.or    a4, s0
core   0: 3 0x8000841c (0x8f41) x14 0xffffffff
core   0: 0x8000841e (0x0001dc93) srli    s9, gp, 0
core   0: 3 0x8000841e (0x0001dc93) x25 0x00000000
core   0: 0x80008422 (0x00a15363) bge     sp, a0, pc + 6
core   0: 3 0x80008422 (0x00a15363)
core   0: 0x80008428 (0x000089a9) c.andi  a1, 10
core   0: 3 0x80008428 (0x89a9) x11 0x00000002
core   0: 0x8000842a (0x02a5e863) bltu    a1, a0, pc + 48
core   0: 3 0x8000842a (0x02a5e863)
core   0: 0x8000845a (0x000016fd) c.addi  a3, -1
core   0: 3 0x8000845a (0x16fd) x13 0x0000001a
core   0: 0x8000845c (0x00bbf863) bgeu    s7, a1, pc + 16
core   0: 3 0x8000845c (0x00bbf863)
core   0: 0x80008460 (0x004db2b3) sltu    t0, s11, tp
core   0: 3 0x80008460 (0x004db2b3) x 5 0x00000000
core   0: 0x80008464 (0x5aa2fe93) andi    t4, t0, 1450
core   0: 3 0x80008464 (0x5aa2fe93) x29 0x00000000
core   0: 0x80008468 (0xb1202d13) slti    s10, zero, -1262
core   0: 3 0x80008468 (0xb1202d13) x26 0x00000000
core   0: 0x8000846c (0x01633033) sltu    zero, t1, s6
core   0: 3 0x8000846c (0x01633033)
core   0: 0x80008470 (0x46aa2593) slti    a1, s4, 1130
core   0: 3 0x80008470 (0x46aa2593) x11 0x00000000
core   0: 0x80008474 (0x01eb9a33) sll     s4, s7, t5
core   0: 3 0x80008474 (0x01eb9a33) x20 0x00000000
core   0: 0x80008478 (0x000087ed) c.srai  a5, 27
core   0: 3 0x80008478 (0x87ed) x15 0x00000000
core   0: 0x8000847a (0x032e5b63) bge     t3, s2, pc + 54
core   0: 3 0x8000847a (0x032e5b63)
core   0: 0x8000847e (0x000081ad) c.srli  a1, 11
core   0: 3 0x8000847e (0x81ad) x11 0x00000000
core   0: 0x80008480 (0x02086133) rem     sp, a6, zero
core   0: 3 0x80008480 (0x02086133) x 2 0x0001a000
core   0: 0x80008484 (0x4109d893) srai    a7, s3, 16
core   0: 3 0x80008484 (0x4109d893) x17 0x00000000
core   0: 0x80008488 (0x0035d963) bge     a1, gp, pc + 18
core   0: 3 0x80008488 (0x0035d963)
core   0: 0x8000849a (0x01eb5633) srl     a2, s6, t5
core   0: 3 0x8000849a (0x01eb5633) x12 0x0000020f
core   0: 0x8000849e (0x015d1093) slli    ra, s10, 21
core   0: 3 0x8000849e (0x015d1093) x 1 0x00000000
core   0: 0x800084a2 (0x0000c099) c.beqz  s1, pc + 6
core   0: 3 0x800084a2 (0xc099)
core   0: 0x800084a4 (0x00000001) c.nop
core   0: 3 0x800084a4 (0x0001)
core   0: 0x800084a6 (0x000084b5) c.srai  s1, 13
core   0: 3 0x800084a6 (0x84b5) x 9 0xfffc003f
core   0: 0x800084a8 (0x00779eb3) sll     t4, a5, t2
core   0: 3 0x800084a8 (0x00779eb3) x29 0x00000000
core   0: 0x800084ac (0x02e1c663) blt     gp, a4, pc + 44
core   0: 3 0x800084ac (0x02e1c663)
core   0: 0x800084b0 (0x005cdc33) srl     s8, s9, t0
core   0: 3 0x800084b0 (0x005cdc33) x24 0x00000000
core   0: 0x800084b4 (0x03609633) mulh    a2, ra, s6
core   0: 3 0x800084b4 (0x03609633) x12 0x00000000
core   0: 0x800084b8 (0x00cedf93) srli    t6, t4, 12
core   0: 3 0x800084b8 (0x00cedf93) x31 0x00000000
core   0: 0x800084bc (0xd68cc297) auipc   t0, 0xd68cc
core   0: 3 0x800084bc (0xd68cc297) x 5 0x568d44bc
core   0: 0x800084c0 (0x00008315) c.srli  a4, 5
core   0: 3 0x800084c0 (0x8315) x14 0x07ffffff
core   0: 0x800084c2 (0x05429363) bne     t0, s4, pc + 70
core   0: 3 0x800084c2 (0x05429363)
core   0: 0x80008508 (0x027b2f33) mulhsu  t5, s6, t2
core   0: 3 0x80008508 (0x027b2f33) x30 0x00000000
core   0: 0x8000850c (0x4073d593) srai    a1, t2, 7
core   0: 3 0x8000850c (0x4073d593) x11 0x00000009
core   0: 0x80008510 (0x03751d63) bne     a0, s7, pc + 58
core   0: 3 0x80008510 (0x03751d63)
core   0: 0x8000854a (0xb37e2813) slti    a6, t3, -1225
core   0: 3 0x8000854a (0xb37e2813) x16 0x00000000
core   0: 0x8000854e (0x03a38b33) mul     s6, t2, s10
core   0: 3 0x8000854e (0x03a38b33) x22 0x00000000
core   0: 0x80008552 (0x000095a6) c.add   a1, s1
core   0: 3 0x80008552 (0x95a6) x11 0xfffc0048
core   0: 0x80008554 (0x01349fb3) sll     t6, s1, s3
core   0: 3 0x80008554 (0x01349fb3) x31 0xfffc003f
core   0: 0x80008558 (0x00008c51) c.or    s0, a2
core   0: 3 0x80008558 (0x8c51) x 8 0xffffffff
core   0: 0x8000855a (0x90e535b7) lui     a1, 0x90e53
core   0: 3 0x8000855a (0x90e535b7) x11 0x90e53000
core   0: 0x8000855e (0x00a799b3) sll     s3, a5, a0
core   0: 3 0x8000855e (0x00a799b3) x19 0x00000000
core   0: 0x80008562 (0x00008df1) c.and   a1, a2
core   0: 3 0x80008562 (0x8df1) x11 0x00000000
core   0: 0x80008564 (0x03eb4b33) div     s6, s6, t5
core   0: 3 0x80008564 (0x03eb4b33) x22 0xffffffff
core   0: 0x80008568 (0x0000e78d) c.bnez  a5, pc + 42
core   0: 3 0x80008568 (0xe78d)
core   0: 0x8000856a (0x0000066e) c.slli  a2, 27
core   0: 3 0x8000856a (0x066e) x12 0x00000000
core   0: 0x8000856c (0x000087ea) c.mv    a5, s10
core   0: 3 0x8000856c (0x87ea) x15 0x00000000
core   0: 0x8000856e (0x00004f59) c.li    t5, 22
core   0: 3 0x8000856e (0x4f59) x30 0x00000016
core   0: 0x80008570 (0x00008cb5) c.xor   s1, a3
core   0: 3 0x80008570 (0x8cb5) x 9 0xfffc0025
core   0: 0x80008572 (0x024bec33) rem     s8, s7, tp
core   0: 3 0x80008572 (0x024bec33) x24 0x00000000
core   0: 0x80008576 (0x0000ea0d) c.bnez  a2, pc + 50
core   0: 3 0x80008576 (0xea0d)
core   0: 0x80008578 (0x00ca8463) beq     s5, a2, pc + 8
core   0: 3 0x80008578 (0x00ca8463)
core   0: 0x8000857c (0x01502133) slt     sp, zero, s5
core   0: 3 0x8000857c (0x01502133) x 2 0x00000001
core   0: 0x80008580 (0x019adfb3) srl     t6, s5, s9
core   0: 3 0x80008580 (0x019adfb3) x31 0x085b5f20
core   0: 0x80008584 (0x40f25eb3) sra     t4, tp, a5
core   0: 3 0x80008584 (0x40f25eb3) x29 0x00000000
core   0: 0x80008588 (0x00008dcd) c.or    a1, a1
core   0: 3 0x80008588 (0x8dcd) x11 0x00000000
core   0: 0x8000858a (0xc59a6893) ori     a7, s4, -935
core   0: 3 0x8000858a (0xc59a6893) x17 0xfffffc59
core   0: 0x8000858e (0x0000987d) c.andi  s0, -1
core   0: 3 0x8000858e (0x987d) x 8 0xffffffff
core   0: 0x80008590 (0x00000800) c.addi4spn s0, sp, 16
core   0: 3 0x80008590 (0x0800) x 8 0x00000011
core   0: 0x80008592 (0x41fb0d33) sub     s10, s6, t6
core   0: 3 0x80008592 (0x41fb0d33) x26 0xf7a4a0df
core   0: 0x80008596 (0x47233213) sltiu   tp, t1, 1138
core   0: 3 0x80008596 (0x47233213) x 4 0x00000001
core   0: 0x8000859a (0x000098fd) c.andi  s1, -1
core   0: 3 0x8000859a (0x98fd) x 9 0xfffc0025
core   0: 0x8000859c (0xee5ee013) ori     zero, t4, -283
core   0: 3 0x8000859c (0xee5ee013)
core   0: 0x800085a0 (0x40b7d393) srai    t2, a5, 11
core   0: 3 0x800085a0 (0x40b7d393) x 7 0x00000000
core   0: 0x800085a4 (0x001c33b3) sltu    t2, s8, ra
core   0: 3 0x800085a4 (0x001c33b3) x 7 0x00000000
core   0: 0x800085a8 (0x03f4c0b3) div     ra, s1, t6
core   0: 3 0x800085a8 (0x03f4c0b3) x 1 0x00000000
core   0: 0x800085ac (0x1f326613) ori     a2, tp, 499
core   0: 3 0x800085ac (0x1f326613) x12 0x000001f3
core   0: 0x800085b0 (0x00008e71) c.and   a2, a2
core   0: 3 0x800085b0 (0x8e71) x12 0x000001f3
core   0: 0x800085b2 (0x00008dd5) c.or    a1, a3
core   0: 3 0x800085b2 (0x8dd5) x11 0x0000001a
core   0: 0x800085b4 (0x37c96293) ori     t0, s2, 892
core   0: 3 0x800085b4 (0x37c96293) x 5 0x0000037d
core   0: 0x800085b8 (0x0000100f) fence.i
core   0: 3 0x800085b8 (0x0000100f)
core   0: 0x800085bc (0x01918133) add     sp, gp, s9
core   0: 3 0x800085bc (0x01918133) x 2 0x00000000
core   0: 0x800085c0 (0xaed17817) auipc   a6, 0xaed17
core   0: 3 0x800085c0 (0xaed17817) x16 0x2ed1f5c0
core   0: 0x800085c4 (0x41735cb3) sra     s9, t1, s7
core   0: 3 0x800085c4 (0x41735cb3) x25 0x00000000
core   0: 0x800085c8 (0x00006a69) c.lui   s4, 0x1a
core   0: 3 0x800085c8 (0x6a69) x20 0x0001a000
core   0: 0x800085ca (0x00001c00) c.addi4spn s0, sp, 560
core   0: 3 0x800085ca (0x1c00) x 8 0x00000230
core   0: 0x800085cc (0x00b6d113) srli    sp, a3, 11
core   0: 3 0x800085cc (0x00b6d113) x 2 0x00000000
core   0: 0x800085d0 (0x01301763) bne     zero, s3, pc + 14
core   0: 3 0x800085d0 (0x01301763)
core   0: 0x800085d4 (0x00000794) c.addi4spn a3, sp, 960
core   0: 3 0x800085d4 (0x0794) x13 0x000003c0
core   0: 0x800085d6 (0x000003fa) c.slli  t2, 30
core   0: 3 0x800085d6 (0x03fa) x 7 0x00000000
core   0: 0x800085d8 (0x00009f0a) c.add   t5, sp
core   0: 3 0x800085d8 (0x9f0a) x30 0x00000016
core   0: 0x800085da (0x025879b3) remu    s3, a6, t0
core   0: 3 0x800085da (0x025879b3) x19 0x000001f0
core   0: 0x800085de (0x0978c393) xori    t2, a7, 151
core   0: 3 0x800085de (0x0978c393) x 7 0xfffffcce
core   0: 0x800085e2 (0x794989b7) lui     s3, 0x79498
core   0: 3 0x800085e2 (0x794989b7) x19 0x79498000
core   0: 0x800085e6 (0x00000001) c.nop
core   0: 3 0x800085e6 (0x0001)
core   0: 0x800085e8 (0x016ecb63) blt     t4, s6, pc + 22
core   0: 3 0x800085e8 (0x016ecb63)
core   0: 0x800085ec (0x2bb7b693) sltiu   a3, a5, 699
core   0: 3 0x800085ec (0x2bb7b693) x13 0x00000001
core   0: 0x800085f0 (0x0000100f) fence.i
core   0: 3 0x800085f0 (0x0000100f)
core   0: 0x800085f4 (0x000002de) c.slli  t0, 23
core   0: 3 0x800085f4 (0x02de) x 5 0xbe800000
core   0: 0x800085f6 (0x89361997) auipc   s3, 0x89361
core   0: 3 0x800085f6 (0x89361997) x19 0x093695f6
core   0: 0x800085fa (0x00d685b3) add     a1, a3, a3
core   0: 3 0x800085fa (0x00d685b3) x11 0x00000002
core   0: 0x800085fe (0x05427063) bgeu    tp, s4, pc + 64
core   0: 3 0x800085fe (0x05427063)
core   0: 0x80008602 (0x00000001) c.nop
core   0: 3 0x80008602 (0x0001)
core   0: 0x80008604 (0x0000640d) c.lui   s0, 0x3
core   0: 3 0x80008604 (0x640d) x 8 0x00003000
core   0: 0x80008606 (0x039c2fb3) mulhsu  t6, s8, s9
core   0: 3 0x80008606 (0x039c2fb3) x31 0x00000000
core   0: 0x8000860a (0x035f35b3) mulhu   a1, t5, s5
core   0: 3 0x8000860a (0x035f35b3) x11 0x00000000
core   0: 0x8000860e (0x000007ea) c.slli  a5, 26
core   0: 3 0x8000860e (0x07ea) x15 0x00000000
core   0: 0x80008610 (0x03e04b63) blt     zero, t5, pc + 54
core   0: 3 0x80008610 (0x03e04b63)
core   0: 0x80008646 (0x037556b3) divu    a3, a0, s7
core   0: 3 0x80008646 (0x037556b3) x13 0xffffffff
core   0: 0x8000864a (0x00374563) blt     a4, gp, pc + 10
core   0: 3 0x8000864a (0x00374563)
core   0: 0x8000864e (0x01239f33) sll     t5, t2, s2
core   0: 3 0x8000864e (0x01239f33) x30 0xff99c000
core   0: 0x80008652 (0x00008c91) c.sub   s1, a2
core   0: 3 0x80008652 (0x8c91) x 9 0xfffbfe32
core   0: 0x80008654 (0x002f0663) beq     t5, sp, pc + 12
core   0: 3 0x80008654 (0x002f0663)
core   0: 0x80008658 (0x000053fd) c.li    t2, -1
core   0: 3 0x80008658 (0x53fd) x 7 0xffffffff
core   0: 0x8000865a (0x000089e2) c.mv    s3, s8
core   0: 3 0x8000865a (0x89e2) x19 0x00000000
core   0: 0x8000865c (0xead7ee13) ori     t3, a5, -339
core   0: 3 0x8000865c (0xead7ee13) x28 0xfffffead
core   0: 0x80008660 (0x91b80eb7) lui     t4, 0x91b80
core   0: 3 0x80008660 (0x91b80eb7) x29 0x91b80000
core   0: 0x80008664 (0x00006d71) c.lui   s10, 0x1c
core   0: 3 0x80008664 (0x6d71) x26 0x0001c000
core   0: 0x80008666 (0x0226e763) bltu    a3, sp, pc + 46
core   0: 3 0x80008666 (0x0226e763)
core   0: 0x8000866a (0x00008f7d) c.and   a4, a5
core   0: 3 0x8000866a (0x8f7d) x14 0x00000000
core   0: 0x8000866c (0x00009b7d) c.andi  a4, -1
core   0: 3 0x8000866c (0x9b7d) x14 0x00000000
core   0: 0x8000866e (0x2951c4b7) lui     s1, 0x2951c
core   0: 3 0x8000866e (0x2951c4b7) x 9 0x2951c000
core   0: 0x80008672 (0xd0626737) lui     a4, 0xd0626
core   0: 3 0x80008672 (0xd0626737) x14 0xd0626000
core   0: 0x80008676 (0x03243bb3) mulhu   s7, s0, s2
core   0: 3 0x80008676 (0x03243bb3) x23 0x00000000
core   0: 0x8000867a (0x01cce463) bltu    s9, t3, pc + 8
core   0: 3 0x8000867a (0x01cce463)
core   0: 0x80008682 (0x0000987d) c.andi  s0, -1
core   0: 3 0x80008682 (0x987d) x 8 0x00003000
core   0: 0x80008684 (0x00000001) c.nop
core   0: 3 0x80008684 (0x0001)
core   0: 0x80008686 (0xfa7fa113) slti    sp, t6, -89
core   0: 3 0x80008686 (0xfa7fa113) x 2 0x00000000
core   0: 0x8000868a (0x5768c697) auipc   a3, 0x5768c
core   0: 3 0x8000868a (0x5768c697) x13 0xd769468a
core   0: 0x8000868e (0x02b79363) bne     a5, a1, pc + 38
core   0: 3 0x8000868e (0x02b79363)
core   0: 0x80008692 (0x0000717d) c.addi16sp sp, -16
core   0: 3 0x80008692 (0x717d) x 2 0xfffffff0
core   0: 0x80008694 (0x029a5a33) divu    s4, s4, s1
core   0: 3 0x80008694 (0x029a5a33) x20 0x00000000
core   0: 0x80008698 (0x03954233) div     tp, a0, s9
core   0: 3 0x80008698 (0x03954233) x 4 0xffffffff
core   0: 0x8000869c (0x00008ecd) c.or    a3, a1
core   0: 3 0x8000869c (0x8ecd) x13 0xd769468a
core   0: 0x8000869e (0x00000d98) c.addi4spn a4, sp, 720
core   0: 3 0x8000869e (0x0d98) x14 0x000002c0
core   0: 0x800086a0 (0x00008da1) c.xor   a1, s0
core   0: 3 0x800086a0 (0x8da1) x11 0x00003000
core   0: 0x800086a2 (0x021119b3) mulh    s3, sp, ra
core   0: 3 0x800086a2 (0x021119b3) x19 0x00000000
core   0: 0x800086a6 (0x00008a22) c.mv    s4, s0
core   0: 3 0x800086a6 (0x8a22) x20 0x00003000
core   0: 0x800086a8 (0x0000872d) c.srai  a4, 11
core   0: 3 0x800086a8 (0x872d) x14 0x00000000
core   0: 0x800086aa (0x01d403b3) add     t2, s0, t4
core   0: 3 0x800086aa (0x01d403b3) x 7 0x91b83000
core   0: 0x800086ae (0x000087ad) c.srai  a5, 11
core   0: 3 0x800086ae (0x87ad) x15 0x00000000
core   0: 0x800086b0 (0x407fd013) srai    zero, t6, 7
core   0: 3 0x800086b0 (0x407fd013)
core   0: 0x800086b4 (0x412fde93) srai    t4, t6, 18
core   0: 3 0x800086b4 (0x412fde93) x29 0x00000000
core   0: 0x800086b8 (0x00008269) c.srli  a2, 26
core   0: 3 0x800086b8 (0x8269) x12 0x00000000
core   0: 0x800086ba (0x034f8733) mul     a4, t6, s4
core   0: 3 0x800086ba (0x034f8733) x14 0x00000000
core   0: 0x800086be (0xd5d0e213) ori     tp, ra, -675
core   0: 3 0x800086be (0xd5d0e213) x 4 0xfffffd5d
core   0: 0x800086c2 (0xa5167c13) andi    s8, a2, -1455
core   0: 3 0x800086c2 (0xa5167c13) x24 0x00000000
core   0: 0x800086c6 (0x03676933) rem     s2, a4, s6
core   0: 3 0x800086c6 (0x03676933) x18 0x00000000
core   0: 0x800086ca (0x0ff0000f) fence   iorw,iorw
core   0: 3 0x800086ca (0x0ff0000f)
core   0: 0x800086ce (0x0000e98d) c.bnez  a1, pc + 50
core   0: 3 0x800086ce (0xe98d)
core   0: 0x80008700 (0x00000001) c.nop
core   0: 3 0x80008700 (0x0001)
core   0: 0x80008702 (0x03b3d7b3) divu    a5, t2, s11
core   0: 3 0x80008702 (0x03b3d7b3) x15 0x00000001
core   0: 0x80008706 (0x4148df93) srai    t6, a7, 20
core   0: 3 0x80008706 (0x4148df93) x31 0xffffffff
core   0: 0x8000870a (0xc525c413) xori    s0, a1, -942
core   0: 3 0x8000870a (0xc525c413) x 8 0xffffcc52
core   0: 0x8000870e (0x022c2333) mulhsu  t1, s8, sp
core   0: 3 0x8000870e (0x022c2333) x 6 0x00000000
core   0: 0x80008712 (0x00008e29) c.xor   a2, a0
core   0: 3 0x80008712 (0x8e29) x12 0x80021e2c
core   0: 0x80008714 (0x03e60e63) beq     a2, t5, pc + 60
core   0: 3 0x80008714 (0x03e60e63)
core   0: 0x80008718 (0x02fc84b3) mul     s1, s9, a5
core   0: 3 0x80008718 (0x02fc84b3) x 9 0x00000000
core   0: 0x8000871c (0x00006a65) c.lui   s4, 0x19
core   0: 3 0x8000871c (0x6a65) x20 0x00019000
core   0: 0x8000871e (0x02184eb3) div     t4, a6, ra
core   0: 3 0x8000871e (0x02184eb3) x29 0xffffffff
core   0: 0x80008722 (0x3139fc13) andi    s8, s3, 787
core   0: 3 0x80008722 (0x3139fc13) x24 0x00000000
core   0: 0x80008726 (0x00009afd) c.andi  a3, -1
core   0: 3 0x80008726 (0x9afd) x13 0xd769468a
core   0: 0x80008728 (0x03f87433) remu    s0, a6, t6
core   0: 3 0x80008728 (0x03f87433) x 8 0x2ed1f5c0
core   0: 0x8000872c (0xce9c7a13) andi    s4, s8, -791
core   0: 3 0x8000872c (0xce9c7a13) x20 0x00000000
core   0: 0x80008730 (0x03ff5e33) divu    t3, t5, t6
core   0: 3 0x80008730 (0x03ff5e33) x28 0x00000000
core   0: 0x80008734 (0x00006715) c.lui   a4, 0x5
core   0: 3 0x80008734 (0x6715) x14 0x00005000
core   0: 0x80008736 (0x41a3d713) srai    a4, t2, 26
core   0: 3 0x80008736 (0x41a3d713) x14 0xffffffe4
core   0: 0x8000873a (0x03ac8c63) beq     s9, s10, pc + 56
core   0: 3 0x8000873a (0x03ac8c63)
core   0: 0x8000873e (0x61ace413) ori     s0, s9, 1562
core   0: 3 0x8000873e (0x61ace413) x 8 0x0000061a
core   0: 0x80008742 (0x03576863) bltu    a4, s5, pc + 48
core   0: 3 0x80008742 (0x03576863)
core   0: 0x80008746 (0x00008406) c.mv    s0, ra
core   0: 3 0x80008746 (0x8406) x 8 0x00000000
core   0: 0x80008748 (0x00c1f6b3) and     a3, gp, a2
core   0: 3 0x80008748 (0x00c1f6b3) x13 0x00000000
core   0: 0x8000874c (0x0299da33) divu    s4, s3, s1
core   0: 3 0x8000874c (0x0299da33) x20 0xffffffff
core   0: 0x80008750 (0x031d8763) beq     s11, a7, pc + 46
core   0: 3 0x80008750 (0x031d8763)
core   0: 0x80008754 (0x02376d33) rem     s10, a4, gp
core   0: 3 0x80008754 (0x02376d33) x26 0xffffffe4
core   0: 0x80008758 (0x0000717d) c.addi16sp sp, -16
core   0: 3 0x80008758 (0x717d) x 2 0xffffffe0
core   0: 0x8000875a (0xd7b00d13) li      s10, -645
core   0: 3 0x8000875a (0xd7b00d13) x26 0xfffffd7b
core   0: 0x8000875e (0x03941b33) mulh    s6, s0, s9
core   0: 3 0x8000875e (0x03941b33) x22 0x00000000
core   0: 0x80008762 (0x41b98433) sub     s0, s3, s11
core   0: 3 0x80008762 (0x41b98433) x 8 0x7ffda31c
core   0: 0x80008766 (0x00008c09) c.sub   s0, a0
core   0: 3 0x80008766 (0x8c09) x 8 0xfffb84f0
core   0: 0x80008768 (0xef674113) xori    sp, a4, -266
core   0: 3 0x80008768 (0xef674113) x 2 0x00000112
core   0: 0x8000876c (0x00000498) c.addi4spn a4, sp, 576
core   0: 3 0x8000876c (0x0498) x14 0x00000352
core   0: 0x8000876e (0x008d51b3) srl     gp, s10, s0
core   0: 3 0x8000876e (0x008d51b3) x 3 0x0000ffff
core   0: 0x80008772 (0x000086b9) c.srai  a3, 14
core   0: 3 0x80008772 (0x86b9) x13 0x00000000
core   0: 0x80008774 (0x913c4c93) xori    s9, s8, -1773
core   0: 3 0x80008774 (0x913c4c93) x25 0xfffff913
core   0: 0x80008778 (0x41b9dd13) srai    s10, s3, 27
core   0: 3 0x80008778 (0x41b9dd13) x26 0x00000000
core   0: 0x8000877c (0x0000617d) c.addi16sp sp, 496
core   0: 3 0x8000877c (0x617d) x 2 0x00000302
core   0: 0x8000877e (0x0000c899) c.beqz  s1, pc + 22
core   0: 3 0x8000877e (0xc899)
core   0: 0x80008794 (0x0324d1b3) divu    gp, s1, s2
core   0: 3 0x80008794 (0x0324d1b3) x 3 0xffffffff
core   0: 0x80008798 (0x00008da1) c.xor   a1, s0
core   0: 3 0x80008798 (0x8da1) x11 0xfffbb4f0
core   0: 0x8000879a (0x020292b3) mulh    t0, t0, zero
core   0: 3 0x8000879a (0x020292b3) x 5 0x00000000
core   0: 0x8000879e (0x00000001) c.nop
core   0: 3 0x8000879e (0x0001)
core   0: 0x800087a0 (0x00000001) c.nop
core   0: 3 0x800087a0 (0x0001)
core   0: 0x800087a2 (0x41015c93) srai    s9, sp, 16
core   0: 3 0x800087a2 (0x41015c93) x25 0x00000000
core   0: 0x800087a6 (0xf360ef13) ori     t5, ra, -202
core   0: 3 0x800087a6 (0xf360ef13) x30 0xffffff36
core   0: 0x800087aa (0x01947463) bgeu    s0, s9, pc + 8
core   0: 3 0x800087aa (0x01947463)
core   0: 0x800087b2 (0x03a07633) remu    a2, zero, s10
core   0: 3 0x800087b2 (0x03a07633) x12 0x00000000
core   0: 0x800087b6 (0x5af0f693) andi    a3, ra, 1455
core   0: 3 0x800087b6 (0x5af0f693) x13 0x00000000
core   0: 0x800087ba (0x0000cf19) c.beqz  a4, pc + 30
core   0: 3 0x800087ba (0xcf19)
core   0: 0x800087bc (0x00008a85) c.andi  a3, 1
core   0: 3 0x800087bc (0x8a85) x13 0x00000000
core   0: 0x800087be (0x412a8d33) sub     s10, s5, s2
core   0: 3 0x800087be (0x412a8d33) x26 0x085b5f20
core   0: 0x800087c2 (0x01de1f33) sll     t5, t3, t4
core   0: 3 0x800087c2 (0x01de1f33) x30 0x00000000
core   0: 0x800087c6 (0x03ced833) divu    a6, t4, t3
core   0: 3 0x800087c6 (0x03ced833) x16 0xffffffff
core   0: 0x800087ca (0x000081f9) c.srli  a1, 30
core   0: 3 0x800087ca (0x81f9) x11 0x00000003
core   0: 0x800087cc (0x0352c063) blt     t0, s5, pc + 32
core   0: 3 0x800087cc (0x0352c063)
core   0: 0x800087ec (0x0000c81d) c.beqz  s0, pc + 54
core   0: 3 0x800087ec (0xc81d)
core   0: 0x800087ee (0xfb627593) andi    a1, tp, -74
core   0: 3 0x800087ee (0xfb627593) x11 0xfffffd14
core   0: 0x800087f2 (0x00009b7d) c.andi  a4, -1
core   0: 3 0x800087f2 (0x9b7d) x14 0x00000352
core   0: 0x800087f4 (0x00008e31) c.xor   a2, a2
core   0: 3 0x800087f4 (0x8e31) x12 0x00000000
core   0: 0x800087f6 (0x00009c0a) c.add   s8, sp
core   0: 3 0x800087f6 (0x9c0a) x24 0x00000302
core   0: 0x800087f8 (0x97ca2493) slti    s1, s4, -1668
core   0: 3 0x800087f8 (0x97ca2493) x 9 0x00000000
core   0: 0x800087fc (0x00008ee5) c.and   a3, s1
core   0: 3 0x800087fc (0x8ee5) x13 0x00000000
core   0: 0x800087fe (0x428e0b93) addi    s7, t3, 1064
core   0: 3 0x800087fe (0x428e0b93) x23 0x00000428
core   0: 0x80008802 (0x01cb5733) srl     a4, s6, t3
core   0: 3 0x80008802 (0x01cb5733) x14 0x00000000
core   0: 0x80008806 (0x008d5593) srli    a1, s10, 8
core   0: 3 0x80008806 (0x008d5593) x11 0x00085b5f
core   0: 0x8000880a (0x034738b3) mulhu   a7, a4, s4
core   0: 3 0x8000880a (0x034738b3) x17 0x00000000
core   0: 0x8000880e (0x000056fd) c.li    a3, -1
core   0: 3 0x8000880e (0x56fd) x13 0xffffffff
core   0: 0x80008810 (0x11456f17) auipc   t5, 0x11456
core   0: 3 0x80008810 (0x11456f17) x30 0x9145e810
core   0: 0x80008814 (0x02fcc5b3) div     a1, s9, a5
core   0: 3 0x80008814 (0x02fcc5b3) x11 0x00000000
core   0: 0x80008818 (0x01f945b3) xor     a1, s2, t6
core   0: 3 0x80008818 (0x01f945b3) x11 0xffffffff
core   0: 0x8000881c (0x40cd5493) srai    s1, s10, 12
core   0: 3 0x8000881c (0x40cd5493) x 9 0x000085b5
core   0: 0x80008820 (0x00008c51) c.or    s0, a2
core   0: 3 0x80008820 (0x8c51) x 8 0xfffb84f0
core   0: 0x80008822 (0x00008bcd) c.andi  a5, 19
core   0: 3 0x80008822 (0x8bcd) x15 0x00000001
core   0: 0x80008824 (0x022e8a63) beq     t4, sp, pc + 52
core   0: 3 0x80008824 (0x022e8a63)
core   0: 0x80008828 (0x00000001) c.nop
core   0: 3 0x80008828 (0x0001)
core   0: 0x8000882a (0x02226433) rem     s0, tp, sp
core   0: 3 0x8000882a (0x02226433) x 8 0xfffffd5d
core   0: 0x8000882e (0x000085f1) c.srai  a1, 28
core   0: 3 0x8000882e (0x85f1) x11 0xffffffff
core   0: 0x80008830 (0x02951563) bne     a0, s1, pc + 42
core   0: 3 0x80008830 (0x02951563)
core   0: 0x8000885a (0x00279c33) sll     s8, a5, sp
core   0: 3 0x8000885a (0x00279c33) x24 0x00000004
core   0: 0x8000885e (0x00000001) c.nop
core   0: 3 0x8000885e (0x0001)
core   0: 0x80008860 (0x0039dfb3) srl     t6, s3, gp
core   0: 3 0x80008860 (0x0039dfb3) x31 0x00000000
core   0: 0x80008864 (0x07274a63) blt     a4, s2, pc + 116
core   0: 3 0x80008864 (0x07274a63)
core   0: 0x80008868 (0x007392b3) sll     t0, t2, t2
core   0: 3 0x80008868 (0x007392b3) x 5 0x91b83000
core   0: 0x8000886c (0x00008f79) c.and   a4, a4
core   0: 3 0x8000886c (0x8f79) x14 0x00000000
core   0: 0x8000886e (0x00000290) c.addi4spn a2, sp, 320
core   0: 3 0x8000886e (0x0290) x12 0x00000442
core   0: 0x80008870 (0xa45ece13) xori    t3, t4, -1467
core   0: 3 0x80008870 (0xa45ece13) x28 0x000005ba
core   0: 0x80008874 (0x00005e7d) c.li    t3, -1
core   0: 3 0x80008874 (0x5e7d) x28 0xffffffff
core   0: 0x80008876 (0x00004e2d) c.li    t3, 11
core   0: 3 0x80008876 (0x4e2d) x28 0x0000000b
core   0: 0x80008878 (0x3cc2a413) slti    s0, t0, 972
core   0: 3 0x80008878 (0x3cc2a413) x 8 0x00000001
core   0: 0x8000887c (0x037c8c33) mul     s8, s9, s7
core   0: 3 0x8000887c (0x037c8c33) x24 0x00000000
core   0: 0x80008880 (0x056ff863) bgeu    t6, s6, pc + 80
core   0: 3 0x80008880 (0x056ff863)
core   0: 0x800088d0 (0x02ee7d33) remu    s10, t3, a4
core   0: 3 0x800088d0 (0x02ee7d33) x26 0x0000000b
core   0: 0x800088d4 (0x013bfb33) and     s6, s7, s3
core   0: 3 0x800088d4 (0x013bfb33) x22 0x00000000
core   0: 0x800088d8 (0x037d6933) rem     s2, s10, s7
core   0: 3 0x800088d8 (0x037d6933) x18 0x0000000b
core   0: 0x800088dc (0x02e22e33) mulhsu  t3, tp, a4
core   0: 3 0x800088dc (0x02e22e33) x28 0x00000000
core   0: 0x800088e0 (0x00000001) c.nop
core   0: 3 0x800088e0 (0x0001)
core   0: 0x800088e2 (0x41b5d6b3) sra     a3, a1, s11
core   0: 3 0x800088e2 (0x41b5d6b3) x13 0xffffffff
core   0: 0x800088e6 (0xd8d44597) auipc   a1, 0xd8d44
core   0: 3 0x800088e6 (0xd8d44597) x11 0x58d4c8e6
core   0: 0x800088ea (0x02686663) bltu    a6, t1, pc + 44
core   0: 3 0x800088ea (0x02686663)
core   0: 0x800088ee (0x02b64c63) blt     a2, a1, pc + 56
core   0: 3 0x800088ee (0x02b64c63)
core   0: 0x80008926 (0x00001b7d) c.addi  s6, -1
core   0: 3 0x80008926 (0x1b7d) x22 0xffffffff
core   0: 0x80008928 (0x00000001) c.nop
core   0: 3 0x80008928 (0x0001)
core   0: 0x8000892a (0x01740733) add     a4, s0, s7
core   0: 3 0x8000892a (0x01740733) x14 0x00000429
core   0: 0x8000892e (0x41175613) srai    a2, a4, 17
core   0: 3 0x8000892e (0x41175613) x12 0x00000000
core   0: 0x80008932 (0x410dd5b3) sra     a1, s11, a6
core   0: 3 0x80008932 (0x410dd5b3) x11 0xffffffff
core   0: 0x80008936 (0x02314e33) div     t3, sp, gp
core   0: 3 0x80008936 (0x02314e33) x28 0xfffffcfe
core   0: 0x8000893a (0x00000366) c.slli  t1, 25
core   0: 3 0x8000893a (0x0366) x 6 0x00000000
core   0: 0x8000893c (0x000096ce) c.add   a3, s3
core   0: 3 0x8000893c (0x96ce) x13 0xffffffff
core   0: 0x8000893e (0x00009fd2) c.add   t6, s4
core   0: 3 0x8000893e (0x9fd2) x31 0xffffffff
core   0: 0x80008940 (0x000086f1) c.srai  a3, 28
core   0: 3 0x80008940 (0x86f1) x13 0xffffffff
core   0: 0x80008942 (0x1c460a13) addi    s4, a2, 452
core   0: 3 0x80008942 (0x1c460a13) x20 0x000001c4
core   0: 0x80008946 (0x00000fae) c.slli  t6, 11
core   0: 3 0x80008946 (0x0fae) x31 0xfffff800
core   0: 0x80008948 (0x0000100f) fence.i
core   0: 3 0x80008948 (0x0000100f)
core   0: 0x8000894c (0x03304a33) div     s4, zero, s3
core   0: 3 0x8000894c (0x03304a33) x20 0xffffffff
core   0: 0x80008950 (0x00db48b3) xor     a7, s6, a3
core   0: 3 0x80008950 (0x00db48b3) x17 0x00000000
core   0: 0x80008954 (0x00029e63) bnez    t0, pc + 28
core   0: 3 0x80008954 (0x00029e63)
core   0: 0x80008970 (0x015a88b3) add     a7, s5, s5
core   0: 3 0x80008970 (0x015a88b3) x17 0x10b6be40
core   0: 0x80008974 (0x013cf2b3) and     t0, s9, s3
core   0: 3 0x80008974 (0x013cf2b3) x 5 0x00000000
core   0: 0x80008978 (0x936d0697) auipc   a3, 0x936d0
core   0: 3 0x80008978 (0x936d0697) x13 0x136d8978
core   0: 0x8000897c (0x03502897) auipc   a7, 0x3502
core   0: 3 0x8000897c (0x03502897) x17 0x8350a97c
core   0: 0x80008980 (0x029be5b3) rem     a1, s7, s1
core   0: 3 0x80008980 (0x029be5b3) x11 0x00000428
core   0: 0x80008984 (0x000080e5) c.srli  s1, 25
core   0: 3 0x80008984 (0x80e5) x 9 0x00000000
core   0: 0x80008986 (0x056bc163) blt     s7, s6, pc + 66
core   0: 3 0x80008986 (0x056bc163)
core   0: 0x8000898a (0x00600613) li      a2, 6
core   0: 3 0x8000898a (0x00600613) x12 0x00000006
core   0: 0x8000898e (0x41dcd713) srai    a4, s9, 29
core   0: 3 0x8000898e (0x41dcd713) x14 0x00000000
core   0: 0x80008992 (0x404ed8b3) sra     a7, t4, tp
core   0: 3 0x80008992 (0x404ed8b3) x17 0xffffffff
core   0: 0x80008996 (0x01200913) li      s2, 18
core   0: 3 0x80008996 (0x01200913) x18 0x00000012
core   0: 0x8000899a (0x00e4f833) and     a6, s1, a4
core   0: 3 0x8000899a (0x00e4f833) x16 0x00000000
core   0: 0x8000899e (0x00000619) c.addi  a2, 6
core   0: 3 0x8000899e (0x0619) x12 0x0000000c
core   0: 0x800089a0 (0x00a00413) li      s0, 10
core   0: 3 0x800089a0 (0x00a00413) x 8 0x0000000a
core   0: 0x800089a4 (0x00000001) c.nop
core   0: 3 0x800089a4 (0x0001)
core   0: 0x800089a6 (0xf24e76b7) lui     a3, 0xf24e7
core   0: 3 0x800089a6 (0xf24e76b7) x13 0xf24e7000
core   0: 0x800089aa (0x03539eb3) mulh    t4, t2, s5
core   0: 3 0x800089aa (0x03539eb3) x29 0xfc6664fe
core   0: 0x800089ae (0x0000146d) c.addi  s0, -5
core   0: 3 0x800089ae (0x146d) x 8 0x00000005
core   0: 0x800089b0 (0x0000930e) c.add   t1, gp
core   0: 3 0x800089b0 (0x930e) x 6 0xffffffff
core   0: 0x800089b2 (0x0000f875) c.bnez  s0, pc - 12
core   0: 3 0x800089b2 (0xf875)
core   0: 0x800089a6 (0xf24e76b7) lui     a3, 0xf24e7
core   0: 3 0x800089a6 (0xf24e76b7) x13 0xf24e7000
core   0: 0x800089aa (0x03539eb3) mulh    t4, t2, s5
core   0: 3 0x800089aa (0x03539eb3) x29 0xfc6664fe
core   0: 0x800089ae (0x0000146d) c.addi  s0, -5
core   0: 3 0x800089ae (0x146d) x 8 0x00000000
core   0: 0x800089b0 (0x0000930e) c.add   t1, gp
core   0: 3 0x800089b0 (0x930e) x 6 0xfffffffe
core   0: 0x800089b2 (0x0000f875) c.bnez  s0, pc - 12
core   0: 3 0x800089b2 (0xf875)
core   0: 0x800089b4 (0x01b604b3) add     s1, a2, s11
core   0: 3 0x800089b4 (0x01b604b3) x 9 0x80025cf0
core   0: 0x800089b8 (0x01750d33) add     s10, a0, s7
core   0: 3 0x800089b8 (0x01750d33) x26 0x80022254
core   0: 0x800089bc (0xfd266fe3) bltu    a2, s2, pc - 34
core   0: 3 0x800089bc (0xfd266fe3)
core   0: 0x8000899a (0x00e4f833) and     a6, s1, a4
core   0: 3 0x8000899a (0x00e4f833) x16 0x00000000
core   0: 0x8000899e (0x00000619) c.addi  a2, 6
core   0: 3 0x8000899e (0x0619) x12 0x00000012
core   0: 0x800089a0 (0x00a00413) li      s0, 10
core   0: 3 0x800089a0 (0x00a00413) x 8 0x0000000a
core   0: 0x800089a4 (0x00000001) c.nop
core   0: 3 0x800089a4 (0x0001)
core   0: 0x800089a6 (0xf24e76b7) lui     a3, 0xf24e7
core   0: 3 0x800089a6 (0xf24e76b7) x13 0xf24e7000
core   0: 0x800089aa (0x03539eb3) mulh    t4, t2, s5
core   0: 3 0x800089aa (0x03539eb3) x29 0xfc6664fe
core   0: 0x800089ae (0x0000146d) c.addi  s0, -5
core   0: 3 0x800089ae (0x146d) x 8 0x00000005
core   0: 0x800089b0 (0x0000930e) c.add   t1, gp
core   0: 3 0x800089b0 (0x930e) x 6 0xfffffffd
core   0: 0x800089b2 (0x0000f875) c.bnez  s0, pc - 12
core   0: 3 0x800089b2 (0xf875)
core   0: 0x800089a6 (0xf24e76b7) lui     a3, 0xf24e7
core   0: 3 0x800089a6 (0xf24e76b7) x13 0xf24e7000
core   0: 0x800089aa (0x03539eb3) mulh    t4, t2, s5
core   0: 3 0x800089aa (0x03539eb3) x29 0xfc6664fe
core   0: 0x800089ae (0x0000146d) c.addi  s0, -5
core   0: 3 0x800089ae (0x146d) x 8 0x00000000
core   0: 0x800089b0 (0x0000930e) c.add   t1, gp
core   0: 3 0x800089b0 (0x930e) x 6 0xfffffffc
core   0: 0x800089b2 (0x0000f875) c.bnez  s0, pc - 12
core   0: 3 0x800089b2 (0xf875)
core   0: 0x800089b4 (0x01b604b3) add     s1, a2, s11
core   0: 3 0x800089b4 (0x01b604b3) x 9 0x80025cf6
core   0: 0x800089b8 (0x01750d33) add     s10, a0, s7
core   0: 3 0x800089b8 (0x01750d33) x26 0x80022254
core   0: 0x800089bc (0xfd266fe3) bltu    a2, s2, pc - 34
core   0: 3 0x800089bc (0xfd266fe3)
core   0: 0x800089c0 (0x00008f79) c.and   a4, a4
core   0: 3 0x800089c0 (0x8f79) x14 0x00000000
core   0: 0x800089c2 (0x0000c099) c.beqz  s1, pc + 6
core   0: 3 0x800089c2 (0xc099)
core   0: 0x800089c4 (0x005bd133) srl     sp, s7, t0
core   0: 3 0x800089c4 (0x005bd133) x 2 0x00000428
core   0: 0x800089c8 (0x0313df63) bge     t2, a7, pc + 62
core   0: 3 0x800089c8 (0x0313df63)
core   0: 0x800089cc (0x02aad363) bge     s5, a0, pc + 38
core   0: 3 0x800089cc (0x02aad363)
core   0: 0x800089f2 (0x000064f9) c.lui   s1, 0x1e
core   0: 3 0x800089f2 (0x64f9) x 9 0x0001e000
core   0: 0x800089f4 (0x00009afd) c.andi  a3, -1
core   0: 3 0x800089f4 (0x9afd) x13 0xf24e7000
core   0: 0x800089f6 (0x1ed3f993) andi    s3, t2, 493
core   0: 3 0x800089f6 (0x1ed3f993) x19 0x00000000
core   0: 0x800089fa (0x0000807d) c.srli  s0, 31
core   0: 3 0x800089fa (0x807d) x 8 0x00000000
core   0: 0x800089fc (0x000089aa) c.mv    s3, a0
core   0: 3 0x800089fc (0x89aa) x19 0x80021e2c
core   0: 0x800089fe (0x01833eb3) sltu    t4, t1, s8
core   0: 3 0x800089fe (0x01833eb3) x29 0x00000000
core   0: 0x80008a02 (0x0097c033) xor     zero, a5, s1
core   0: 3 0x80008a02 (0x0097c033)
core   0: 0x80008a06 (0x01a13133) sltu    sp, sp, s10
core   0: 3 0x80008a06 (0x01a13133) x 2 0x00000001
core   0: 0x80008a0a (0xffa00713) li      a4, -6
core   0: 3 0x80008a0a (0xffa00713) x14 0xfffffffa
core   0: 0x80008a0e (0x00f00c93) li      s9, 15
core   0: 3 0x80008a0e (0x00f00c93) x25 0x0000000f
core   0: 0x80008a12 (0x03203833) mulhu   a6, zero, s2
core   0: 3 0x80008a12 (0x03203833) x16 0x00000000
core   0: 0x80008a16 (0x00000705) c.addi  a4, 1
core   0: 3 0x80008a16 (0x0705) x14 0xfffffffb
core   0: 0x80008a18 (0xd76a7613) andi    a2, s4, -650
core   0: 3 0x80008a18 (0xd76a7613) x12 0xfffffd76
core   0: 0x80008a1c (0xffc00493) li      s1, -4
core   0: 3 0x80008a1c (0xffc00493) x 9 0xfffffffc
core   0: 0x80008a20 (0x00008dd5) c.or    a1, a3
core   0: 3 0x80008a20 (0x8dd5) x11 0xf24e7428
core   0: 0x80008a22 (0x00000001) c.nop
core   0: 3 0x80008a22 (0x0001)
core   0: 0x80008a24 (0x036b6d33) rem     s10, s6, s6
core   0: 3 0x80008a24 (0x036b6d33) x26 0x00000000
core   0: 0x80008a28 (0x00000485) c.addi  s1, 1
core   0: 3 0x80008a28 (0x0485) x 9 0xfffffffd
core   0: 0x80008a2a (0x0000dced) c.beqz  s1, pc - 6
core   0: 3 0x80008a2a (0xdced)
core   0: 0x80008a2c (0x5263f313) andi    t1, t2, 1318
core   0: 3 0x80008a2c (0x5263f313) x 6 0x00000000
core   0: 0x80008a30 (0xff9711e3) bne     a4, s9, pc - 30
core   0: 3 0x80008a30 (0xff9711e3)
core   0: 0x80008a12 (0x03203833) mulhu   a6, zero, s2
core   0: 3 0x80008a12 (0x03203833) x16 0x00000000
core   0: 0x80008a16 (0x00000705) c.addi  a4, 1
core   0: 3 0x80008a16 (0x0705) x14 0xfffffffc
core   0: 0x80008a18 (0xd76a7613) andi    a2, s4, -650
core   0: 3 0x80008a18 (0xd76a7613) x12 0xfffffd76
core   0: 0x80008a1c (0xffc00493) li      s1, -4
core   0: 3 0x80008a1c (0xffc00493) x 9 0xfffffffc
core   0: 0x80008a20 (0x00008dd5) c.or    a1, a3
core   0: 3 0x80008a20 (0x8dd5) x11 0xf24e7428
core   0: 0x80008a22 (0x00000001) c.nop
core   0: 3 0x80008a22 (0x0001)
core   0: 0x80008a24 (0x036b6d33) rem     s10, s6, s6
core   0: 3 0x80008a24 (0x036b6d33) x26 0x00000000
core   0: 0x80008a28 (0x00000485) c.addi  s1, 1
core   0: 3 0x80008a28 (0x0485) x 9 0xfffffffd
core   0: 0x80008a2a (0x0000dced) c.beqz  s1, pc - 6
core   0: 3 0x80008a2a (0xdced)
core   0: 0x80008a2c (0x5263f313) andi    t1, t2, 1318
core   0: 3 0x80008a2c (0x5263f313) x 6 0x00000000
core   0: 0x80008a30 (0xff9711e3) bne     a4, s9, pc - 30
core   0: 3 0x80008a30 (0xff9711e3)
core   0: 0x80008a12 (0x03203833) mulhu   a6, zero, s2
core   0: 3 0x80008a12 (0x03203833) x16 0x00000000
core   0: 0x80008a16 (0x00000705) c.addi  a4, 1
core   0: 3 0x80008a16 (0x0705) x14 0xfffffffd
core   0: 0x80008a18 (0xd76a7613) andi    a2, s4, -650
core   0: 3 0x80008a18 (0xd76a7613) x12 0xfffffd76
core   0: 0x80008a1c (0xffc00493) li      s1, -4
core   0: 3 0x80008a1c (0xffc00493) x 9 0xfffffffc
core   0: 0x80008a20 (0x00008dd5) c.or    a1, a3
core   0: 3 0x80008a20 (0x8dd5) x11 0xf24e7428
core   0: 0x80008a22 (0x00000001) c.nop
core   0: 3 0x80008a22 (0x0001)
core   0: 0x80008a24 (0x036b6d33) rem     s10, s6, s6
core   0: 3 0x80008a24 (0x036b6d33) x26 0x00000000
core   0: 0x80008a28 (0x00000485) c.addi  s1, 1
core   0: 3 0x80008a28 (0x0485) x 9 0xfffffffd
core   0: 0x80008a2a (0x0000dced) c.beqz  s1, pc - 6
core   0: 3 0x80008a2a (0xdced)
core   0: 0x80008a2c (0x5263f313) andi    t1, t2, 1318
core   0: 3 0x80008a2c (0x5263f313) x 6 0x00000000
core   0: 0x80008a30 (0xff9711e3) bne     a4, s9, pc - 30
core   0: 3 0x80008a30 (0xff9711e3)
core   0: 0x80008a12 (0x03203833) mulhu   a6, zero, s2
core   0: 3 0x80008a12 (0x03203833) x16 0x00000000
core   0: 0x80008a16 (0x00000705) c.addi  a4, 1
core   0: 3 0x80008a16 (0x0705) x14 0xfffffffe
core   0: 0x80008a18 (0xd76a7613) andi    a2, s4, -650
core   0: 3 0x80008a18 (0xd76a7613) x12 0xfffffd76
core   0: 0x80008a1c (0xffc00493) li      s1, -4
core   0: 3 0x80008a1c (0xffc00493) x 9 0xfffffffc
core   0: 0x80008a20 (0x00008dd5) c.or    a1, a3
core   0: 3 0x80008a20 (0x8dd5) x11 0xf24e7428
core   0: 0x80008a22 (0x00000001) c.nop
core   0: 3 0x80008a22 (0x0001)
core   0: 0x80008a24 (0x036b6d33) rem     s10, s6, s6
core   0: 3 0x80008a24 (0x036b6d33) x26 0x00000000
core   0: 0x80008a28 (0x00000485) c.addi  s1, 1
core   0: 3 0x80008a28 (0x0485) x 9 0xfffffffd
core   0: 0x80008a2a (0x0000dced) c.beqz  s1, pc - 6
core   0: 3 0x80008a2a (0xdced)
core   0: 0x80008a2c (0x5263f313) andi    t1, t2, 1318
core   0: 3 0x80008a2c (0x5263f313) x 6 0x00000000
core   0: 0x80008a30 (0xff9711e3) bne     a4, s9, pc - 30
core   0: 3 0x80008a30 (0xff9711e3)
core   0: 0x80008a12 (0x03203833) mulhu   a6, zero, s2
core   0: 3 0x80008a12 (0x03203833) x16 0x00000000
core   0: 0x80008a16 (0x00000705) c.addi  a4, 1
core   0: 3 0x80008a16 (0x0705) x14 0xffffffff
core   0: 0x80008a18 (0xd76a7613) andi    a2, s4, -650
core   0: 3 0x80008a18 (0xd76a7613) x12 0xfffffd76
core   0: 0x80008a1c (0xffc00493) li      s1, -4
core   0: 3 0x80008a1c (0xffc00493) x 9 0xfffffffc
core   0: 0x80008a20 (0x00008dd5) c.or    a1, a3
core   0: 3 0x80008a20 (0x8dd5) x11 0xf24e7428
core   0: 0x80008a22 (0x00000001) c.nop
core   0: 3 0x80008a22 (0x0001)
core   0: 0x80008a24 (0x036b6d33) rem     s10, s6, s6
core   0: 3 0x80008a24 (0x036b6d33) x26 0x00000000
core   0: 0x80008a28 (0x00000485) c.addi  s1, 1
core   0: 3 0x80008a28 (0x0485) x 9 0xfffffffd
core   0: 0x80008a2a (0x0000dced) c.beqz  s1, pc - 6
core   0: 3 0x80008a2a (0xdced)
core   0: 0x80008a2c (0x5263f313) andi    t1, t2, 1318
core   0: 3 0x80008a2c (0x5263f313) x 6 0x00000000
core   0: 0x80008a30 (0xff9711e3) bne     a4, s9, pc - 30
core   0: 3 0x80008a30 (0xff9711e3)
core   0: 0x80008a12 (0x03203833) mulhu   a6, zero, s2
core   0: 3 0x80008a12 (0x03203833) x16 0x00000000
core   0: 0x80008a16 (0x00000705) c.addi  a4, 1
core   0: 3 0x80008a16 (0x0705) x14 0x00000000
core   0: 0x80008a18 (0xd76a7613) andi    a2, s4, -650
core   0: 3 0x80008a18 (0xd76a7613) x12 0xfffffd76
core   0: 0x80008a1c (0xffc00493) li      s1, -4
core   0: 3 0x80008a1c (0xffc00493) x 9 0xfffffffc
core   0: 0x80008a20 (0x00008dd5) c.or    a1, a3
core   0: 3 0x80008a20 (0x8dd5) x11 0xf24e7428
core   0: 0x80008a22 (0x00000001) c.nop
core   0: 3 0x80008a22 (0x0001)
core   0: 0x80008a24 (0x036b6d33) rem     s10, s6, s6
core   0: 3 0x80008a24 (0x036b6d33) x26 0x00000000
core   0: 0x80008a28 (0x00000485) c.addi  s1, 1
core   0: 3 0x80008a28 (0x0485) x 9 0xfffffffd
core   0: 0x80008a2a (0x0000dced) c.beqz  s1, pc - 6
core   0: 3 0x80008a2a (0xdced)
core   0: 0x80008a2c (0x5263f313) andi    t1, t2, 1318
core   0: 3 0x80008a2c (0x5263f313) x 6 0x00000000
core   0: 0x80008a30 (0xff9711e3) bne     a4, s9, pc - 30
core   0: 3 0x80008a30 (0xff9711e3)
core   0: 0x80008a12 (0x03203833) mulhu   a6, zero, s2
core   0: 3 0x80008a12 (0x03203833) x16 0x00000000
core   0: 0x80008a16 (0x00000705) c.addi  a4, 1
core   0: 3 0x80008a16 (0x0705) x14 0x00000001
core   0: 0x80008a18 (0xd76a7613) andi    a2, s4, -650
core   0: 3 0x80008a18 (0xd76a7613) x12 0xfffffd76
core   0: 0x80008a1c (0xffc00493) li      s1, -4
core   0: 3 0x80008a1c (0xffc00493) x 9 0xfffffffc
core   0: 0x80008a20 (0x00008dd5) c.or    a1, a3
core   0: 3 0x80008a20 (0x8dd5) x11 0xf24e7428
core   0: 0x80008a22 (0x00000001) c.nop
core   0: 3 0x80008a22 (0x0001)
core   0: 0x80008a24 (0x036b6d33) rem     s10, s6, s6
core   0: 3 0x80008a24 (0x036b6d33) x26 0x00000000
core   0: 0x80008a28 (0x00000485) c.addi  s1, 1
core   0: 3 0x80008a28 (0x0485) x 9 0xfffffffd
core   0: 0x80008a2a (0x0000dced) c.beqz  s1, pc - 6
core   0: 3 0x80008a2a (0xdced)
core   0: 0x80008a2c (0x5263f313) andi    t1, t2, 1318
core   0: 3 0x80008a2c (0x5263f313) x 6 0x00000000
core   0: 0x80008a30 (0xff9711e3) bne     a4, s9, pc - 30
core   0: 3 0x80008a30 (0xff9711e3)
core   0: 0x80008a12 (0x03203833) mulhu   a6, zero, s2
core   0: 3 0x80008a12 (0x03203833) x16 0x00000000
core   0: 0x80008a16 (0x00000705) c.addi  a4, 1
core   0: 3 0x80008a16 (0x0705) x14 0x00000002
core   0: 0x80008a18 (0xd76a7613) andi    a2, s4, -650
core   0: 3 0x80008a18 (0xd76a7613) x12 0xfffffd76
core   0: 0x80008a1c (0xffc00493) li      s1, -4
core   0: 3 0x80008a1c (0xffc00493) x 9 0xfffffffc
core   0: 0x80008a20 (0x00008dd5) c.or    a1, a3
core   0: 3 0x80008a20 (0x8dd5) x11 0xf24e7428
core   0: 0x80008a22 (0x00000001) c.nop
core   0: 3 0x80008a22 (0x0001)
core   0: 0x80008a24 (0x036b6d33) rem     s10, s6, s6
core   0: 3 0x80008a24 (0x036b6d33) x26 0x00000000
core   0: 0x80008a28 (0x00000485) c.addi  s1, 1
core   0: 3 0x80008a28 (0x0485) x 9 0xfffffffd
core   0: 0x80008a2a (0x0000dced) c.beqz  s1, pc - 6
core   0: 3 0x80008a2a (0xdced)
core   0: 0x80008a2c (0x5263f313) andi    t1, t2, 1318
core   0: 3 0x80008a2c (0x5263f313) x 6 0x00000000
core   0: 0x80008a30 (0xff9711e3) bne     a4, s9, pc - 30
core   0: 3 0x80008a30 (0xff9711e3)
core   0: 0x80008a12 (0x03203833) mulhu   a6, zero, s2
core   0: 3 0x80008a12 (0x03203833) x16 0x00000000
core   0: 0x80008a16 (0x00000705) c.addi  a4, 1
core   0: 3 0x80008a16 (0x0705) x14 0x00000003
core   0: 0x80008a18 (0xd76a7613) andi    a2, s4, -650
core   0: 3 0x80008a18 (0xd76a7613) x12 0xfffffd76
core   0: 0x80008a1c (0xffc00493) li      s1, -4
core   0: 3 0x80008a1c (0xffc00493) x 9 0xfffffffc
core   0: 0x80008a20 (0x00008dd5) c.or    a1, a3
core   0: 3 0x80008a20 (0x8dd5) x11 0xf24e7428
core   0: 0x80008a22 (0x00000001) c.nop
core   0: 3 0x80008a22 (0x0001)
core   0: 0x80008a24 (0x036b6d33) rem     s10, s6, s6
core   0: 3 0x80008a24 (0x036b6d33) x26 0x00000000
core   0: 0x80008a28 (0x00000485) c.addi  s1, 1
core   0: 3 0x80008a28 (0x0485) x 9 0xfffffffd
core   0: 0x80008a2a (0x0000dced) c.beqz  s1, pc - 6
core   0: 3 0x80008a2a (0xdced)
core   0: 0x80008a2c (0x5263f313) andi    t1, t2, 1318
core   0: 3 0x80008a2c (0x5263f313) x 6 0x00000000
core   0: 0x80008a30 (0xff9711e3) bne     a4, s9, pc - 30
core   0: 3 0x80008a30 (0xff9711e3)
core   0: 0x80008a12 (0x03203833) mulhu   a6, zero, s2
core   0: 3 0x80008a12 (0x03203833) x16 0x00000000
core   0: 0x80008a16 (0x00000705) c.addi  a4, 1
core   0: 3 0x80008a16 (0x0705) x14 0x00000004
core   0: 0x80008a18 (0xd76a7613) andi    a2, s4, -650
core   0: 3 0x80008a18 (0xd76a7613) x12 0xfffffd76
core   0: 0x80008a1c (0xffc00493) li      s1, -4
core   0: 3 0x80008a1c (0xffc00493) x 9 0xfffffffc
core   0: 0x80008a20 (0x00008dd5) c.or    a1, a3
core   0: 3 0x80008a20 (0x8dd5) x11 0xf24e7428
core   0: 0x80008a22 (0x00000001) c.nop
core   0: 3 0x80008a22 (0x0001)
core   0: 0x80008a24 (0x036b6d33) rem     s10, s6, s6
core   0: 3 0x80008a24 (0x036b6d33) x26 0x00000000
core   0: 0x80008a28 (0x00000485) c.addi  s1, 1
core   0: 3 0x80008a28 (0x0485) x 9 0xfffffffd
core   0: 0x80008a2a (0x0000dced) c.beqz  s1, pc - 6
core   0: 3 0x80008a2a (0xdced)
core   0: 0x80008a2c (0x5263f313) andi    t1, t2, 1318
core   0: 3 0x80008a2c (0x5263f313) x 6 0x00000000
core   0: 0x80008a30 (0xff9711e3) bne     a4, s9, pc - 30
core   0: 3 0x80008a30 (0xff9711e3)
core   0: 0x80008a12 (0x03203833) mulhu   a6, zero, s2
core   0: 3 0x80008a12 (0x03203833) x16 0x00000000
core   0: 0x80008a16 (0x00000705) c.addi  a4, 1
core   0: 3 0x80008a16 (0x0705) x14 0x00000005
core   0: 0x80008a18 (0xd76a7613) andi    a2, s4, -650
core   0: 3 0x80008a18 (0xd76a7613) x12 0xfffffd76
core   0: 0x80008a1c (0xffc00493) li      s1, -4
core   0: 3 0x80008a1c (0xffc00493) x 9 0xfffffffc
core   0: 0x80008a20 (0x00008dd5) c.or    a1, a3
core   0: 3 0x80008a20 (0x8dd5) x11 0xf24e7428
core   0: 0x80008a22 (0x00000001) c.nop
core   0: 3 0x80008a22 (0x0001)
core   0: 0x80008a24 (0x036b6d33) rem     s10, s6, s6
core   0: 3 0x80008a24 (0x036b6d33) x26 0x00000000
core   0: 0x80008a28 (0x00000485) c.addi  s1, 1
core   0: 3 0x80008a28 (0x0485) x 9 0xfffffffd
core   0: 0x80008a2a (0x0000dced) c.beqz  s1, pc - 6
core   0: 3 0x80008a2a (0xdced)
core   0: 0x80008a2c (0x5263f313) andi    t1, t2, 1318
core   0: 3 0x80008a2c (0x5263f313) x 6 0x00000000
core   0: 0x80008a30 (0xff9711e3) bne     a4, s9, pc - 30
core   0: 3 0x80008a30 (0xff9711e3)
core   0: 0x80008a12 (0x03203833) mulhu   a6, zero, s2
core   0: 3 0x80008a12 (0x03203833) x16 0x00000000
core   0: 0x80008a16 (0x00000705) c.addi  a4, 1
core   0: 3 0x80008a16 (0x0705) x14 0x00000006
core   0: 0x80008a18 (0xd76a7613) andi    a2, s4, -650
core   0: 3 0x80008a18 (0xd76a7613) x12 0xfffffd76
core   0: 0x80008a1c (0xffc00493) li      s1, -4
core   0: 3 0x80008a1c (0xffc00493) x 9 0xfffffffc
core   0: 0x80008a20 (0x00008dd5) c.or    a1, a3
core   0: 3 0x80008a20 (0x8dd5) x11 0xf24e7428
core   0: 0x80008a22 (0x00000001) c.nop
core   0: 3 0x80008a22 (0x0001)
core   0: 0x80008a24 (0x036b6d33) rem     s10, s6, s6
core   0: 3 0x80008a24 (0x036b6d33) x26 0x00000000
core   0: 0x80008a28 (0x00000485) c.addi  s1, 1
core   0: 3 0x80008a28 (0x0485) x 9 0xfffffffd
core   0: 0x80008a2a (0x0000dced) c.beqz  s1, pc - 6
core   0: 3 0x80008a2a (0xdced)
core   0: 0x80008a2c (0x5263f313) andi    t1, t2, 1318
core   0: 3 0x80008a2c (0x5263f313) x 6 0x00000000
core   0: 0x80008a30 (0xff9711e3) bne     a4, s9, pc - 30
core   0: 3 0x80008a30 (0xff9711e3)
core   0: 0x80008a12 (0x03203833) mulhu   a6, zero, s2
core   0: 3 0x80008a12 (0x03203833) x16 0x00000000
core   0: 0x80008a16 (0x00000705) c.addi  a4, 1
core   0: 3 0x80008a16 (0x0705) x14 0x00000007
core   0: 0x80008a18 (0xd76a7613) andi    a2, s4, -650
core   0: 3 0x80008a18 (0xd76a7613) x12 0xfffffd76
core   0: 0x80008a1c (0xffc00493) li      s1, -4
core   0: 3 0x80008a1c (0xffc00493) x 9 0xfffffffc
core   0: 0x80008a20 (0x00008dd5) c.or    a1, a3
core   0: 3 0x80008a20 (0x8dd5) x11 0xf24e7428
core   0: 0x80008a22 (0x00000001) c.nop
core   0: 3 0x80008a22 (0x0001)
core   0: 0x80008a24 (0x036b6d33) rem     s10, s6, s6
core   0: 3 0x80008a24 (0x036b6d33) x26 0x00000000
core   0: 0x80008a28 (0x00000485) c.addi  s1, 1
core   0: 3 0x80008a28 (0x0485) x 9 0xfffffffd
core   0: 0x80008a2a (0x0000dced) c.beqz  s1, pc - 6
core   0: 3 0x80008a2a (0xdced)
core   0: 0x80008a2c (0x5263f313) andi    t1, t2, 1318
core   0: 3 0x80008a2c (0x5263f313) x 6 0x00000000
core   0: 0x80008a30 (0xff9711e3) bne     a4, s9, pc - 30
core   0: 3 0x80008a30 (0xff9711e3)
core   0: 0x80008a12 (0x03203833) mulhu   a6, zero, s2
core   0: 3 0x80008a12 (0x03203833) x16 0x00000000
core   0: 0x80008a16 (0x00000705) c.addi  a4, 1
core   0: 3 0x80008a16 (0x0705) x14 0x00000008
core   0: 0x80008a18 (0xd76a7613) andi    a2, s4, -650
core   0: 3 0x80008a18 (0xd76a7613) x12 0xfffffd76
core   0: 0x80008a1c (0xffc00493) li      s1, -4
core   0: 3 0x80008a1c (0xffc00493) x 9 0xfffffffc
core   0: 0x80008a20 (0x00008dd5) c.or    a1, a3
core   0: 3 0x80008a20 (0x8dd5) x11 0xf24e7428
core   0: 0x80008a22 (0x00000001) c.nop
core   0: 3 0x80008a22 (0x0001)
core   0: 0x80008a24 (0x036b6d33) rem     s10, s6, s6
core   0: 3 0x80008a24 (0x036b6d33) x26 0x00000000
core   0: 0x80008a28 (0x00000485) c.addi  s1, 1
core   0: 3 0x80008a28 (0x0485) x 9 0xfffffffd
core   0: 0x80008a2a (0x0000dced) c.beqz  s1, pc - 6
core   0: 3 0x80008a2a (0xdced)
core   0: 0x80008a2c (0x5263f313) andi    t1, t2, 1318
core   0: 3 0x80008a2c (0x5263f313) x 6 0x00000000
core   0: 0x80008a30 (0xff9711e3) bne     a4, s9, pc - 30
core   0: 3 0x80008a30 (0xff9711e3)
core   0: 0x80008a12 (0x03203833) mulhu   a6, zero, s2
core   0: 3 0x80008a12 (0x03203833) x16 0x00000000
core   0: 0x80008a16 (0x00000705) c.addi  a4, 1
core   0: 3 0x80008a16 (0x0705) x14 0x00000009
core   0: 0x80008a18 (0xd76a7613) andi    a2, s4, -650
core   0: 3 0x80008a18 (0xd76a7613) x12 0xfffffd76
core   0: 0x80008a1c (0xffc00493) li      s1, -4
core   0: 3 0x80008a1c (0xffc00493) x 9 0xfffffffc
core   0: 0x80008a20 (0x00008dd5) c.or    a1, a3
core   0: 3 0x80008a20 (0x8dd5) x11 0xf24e7428
core   0: 0x80008a22 (0x00000001) c.nop
core   0: 3 0x80008a22 (0x0001)
core   0: 0x80008a24 (0x036b6d33) rem     s10, s6, s6
core   0: 3 0x80008a24 (0x036b6d33) x26 0x00000000
core   0: 0x80008a28 (0x00000485) c.addi  s1, 1
core   0: 3 0x80008a28 (0x0485) x 9 0xfffffffd
core   0: 0x80008a2a (0x0000dced) c.beqz  s1, pc - 6
core   0: 3 0x80008a2a (0xdced)
core   0: 0x80008a2c (0x5263f313) andi    t1, t2, 1318
core   0: 3 0x80008a2c (0x5263f313) x 6 0x00000000
core   0: 0x80008a30 (0xff9711e3) bne     a4, s9, pc - 30
core   0: 3 0x80008a30 (0xff9711e3)
core   0: 0x80008a12 (0x03203833) mulhu   a6, zero, s2
core   0: 3 0x80008a12 (0x03203833) x16 0x00000000
core   0: 0x80008a16 (0x00000705) c.addi  a4, 1
core   0: 3 0x80008a16 (0x0705) x14 0x0000000a
core   0: 0x80008a18 (0xd76a7613) andi    a2, s4, -650
core   0: 3 0x80008a18 (0xd76a7613) x12 0xfffffd76
core   0: 0x80008a1c (0xffc00493) li      s1, -4
core   0: 3 0x80008a1c (0xffc00493) x 9 0xfffffffc
core   0: 0x80008a20 (0x00008dd5) c.or    a1, a3
core   0: 3 0x80008a20 (0x8dd5) x11 0xf24e7428
core   0: 0x80008a22 (0x00000001) c.nop
core   0: 3 0x80008a22 (0x0001)
core   0: 0x80008a24 (0x036b6d33) rem     s10, s6, s6
core   0: 3 0x80008a24 (0x036b6d33) x26 0x00000000
core   0: 0x80008a28 (0x00000485) c.addi  s1, 1
core   0: 3 0x80008a28 (0x0485) x 9 0xfffffffd
core   0: 0x80008a2a (0x0000dced) c.beqz  s1, pc - 6
core   0: 3 0x80008a2a (0xdced)
core   0: 0x80008a2c (0x5263f313) andi    t1, t2, 1318
core   0: 3 0x80008a2c (0x5263f313) x 6 0x00000000
core   0: 0x80008a30 (0xff9711e3) bne     a4, s9, pc - 30
core   0: 3 0x80008a30 (0xff9711e3)
core   0: 0x80008a12 (0x03203833) mulhu   a6, zero, s2
core   0: 3 0x80008a12 (0x03203833) x16 0x00000000
core   0: 0x80008a16 (0x00000705) c.addi  a4, 1
core   0: 3 0x80008a16 (0x0705) x14 0x0000000b
core   0: 0x80008a18 (0xd76a7613) andi    a2, s4, -650
core   0: 3 0x80008a18 (0xd76a7613) x12 0xfffffd76
core   0: 0x80008a1c (0xffc00493) li      s1, -4
core   0: 3 0x80008a1c (0xffc00493) x 9 0xfffffffc
core   0: 0x80008a20 (0x00008dd5) c.or    a1, a3
core   0: 3 0x80008a20 (0x8dd5) x11 0xf24e7428
core   0: 0x80008a22 (0x00000001) c.nop
core   0: 3 0x80008a22 (0x0001)
core   0: 0x80008a24 (0x036b6d33) rem     s10, s6, s6
core   0: 3 0x80008a24 (0x036b6d33) x26 0x00000000
core   0: 0x80008a28 (0x00000485) c.addi  s1, 1
core   0: 3 0x80008a28 (0x0485) x 9 0xfffffffd
core   0: 0x80008a2a (0x0000dced) c.beqz  s1, pc - 6
core   0: 3 0x80008a2a (0xdced)
core   0: 0x80008a2c (0x5263f313) andi    t1, t2, 1318
core   0: 3 0x80008a2c (0x5263f313) x 6 0x00000000
core   0: 0x80008a30 (0xff9711e3) bne     a4, s9, pc - 30
core   0: 3 0x80008a30 (0xff9711e3)
core   0: 0x80008a12 (0x03203833) mulhu   a6, zero, s2
core   0: 3 0x80008a12 (0x03203833) x16 0x00000000
core   0: 0x80008a16 (0x00000705) c.addi  a4, 1
core   0: 3 0x80008a16 (0x0705) x14 0x0000000c
core   0: 0x80008a18 (0xd76a7613) andi    a2, s4, -650
core   0: 3 0x80008a18 (0xd76a7613) x12 0xfffffd76
core   0: 0x80008a1c (0xffc00493) li      s1, -4
core   0: 3 0x80008a1c (0xffc00493) x 9 0xfffffffc
core   0: 0x80008a20 (0x00008dd5) c.or    a1, a3
core   0: 3 0x80008a20 (0x8dd5) x11 0xf24e7428
core   0: 0x80008a22 (0x00000001) c.nop
core   0: 3 0x80008a22 (0x0001)
core   0: 0x80008a24 (0x036b6d33) rem     s10, s6, s6
core   0: 3 0x80008a24 (0x036b6d33) x26 0x00000000
core   0: 0x80008a28 (0x00000485) c.addi  s1, 1
core   0: 3 0x80008a28 (0x0485) x 9 0xfffffffd
core   0: 0x80008a2a (0x0000dced) c.beqz  s1, pc - 6
core   0: 3 0x80008a2a (0xdced)
core   0: 0x80008a2c (0x5263f313) andi    t1, t2, 1318
core   0: 3 0x80008a2c (0x5263f313) x 6 0x00000000
core   0: 0x80008a30 (0xff9711e3) bne     a4, s9, pc - 30
core   0: 3 0x80008a30 (0xff9711e3)
core   0: 0x80008a12 (0x03203833) mulhu   a6, zero, s2
core   0: 3 0x80008a12 (0x03203833) x16 0x00000000
core   0: 0x80008a16 (0x00000705) c.addi  a4, 1
core   0: 3 0x80008a16 (0x0705) x14 0x0000000d
core   0: 0x80008a18 (0xd76a7613) andi    a2, s4, -650
core   0: 3 0x80008a18 (0xd76a7613) x12 0xfffffd76
core   0: 0x80008a1c (0xffc00493) li      s1, -4
core   0: 3 0x80008a1c (0xffc00493) x 9 0xfffffffc
core   0: 0x80008a20 (0x00008dd5) c.or    a1, a3
core   0: 3 0x80008a20 (0x8dd5) x11 0xf24e7428
core   0: 0x80008a22 (0x00000001) c.nop
core   0: 3 0x80008a22 (0x0001)
core   0: 0x80008a24 (0x036b6d33) rem     s10, s6, s6
core   0: 3 0x80008a24 (0x036b6d33) x26 0x00000000
core   0: 0x80008a28 (0x00000485) c.addi  s1, 1
core   0: 3 0x80008a28 (0x0485) x 9 0xfffffffd
core   0: 0x80008a2a (0x0000dced) c.beqz  s1, pc - 6
core   0: 3 0x80008a2a (0xdced)
core   0: 0x80008a2c (0x5263f313) andi    t1, t2, 1318
core   0: 3 0x80008a2c (0x5263f313) x 6 0x00000000
core   0: 0x80008a30 (0xff9711e3) bne     a4, s9, pc - 30
core   0: 3 0x80008a30 (0xff9711e3)
core   0: 0x80008a12 (0x03203833) mulhu   a6, zero, s2
core   0: 3 0x80008a12 (0x03203833) x16 0x00000000
core   0: 0x80008a16 (0x00000705) c.addi  a4, 1
core   0: 3 0x80008a16 (0x0705) x14 0x0000000e
core   0: 0x80008a18 (0xd76a7613) andi    a2, s4, -650
core   0: 3 0x80008a18 (0xd76a7613) x12 0xfffffd76
core   0: 0x80008a1c (0xffc00493) li      s1, -4
core   0: 3 0x80008a1c (0xffc00493) x 9 0xfffffffc
core   0: 0x80008a20 (0x00008dd5) c.or    a1, a3
core   0: 3 0x80008a20 (0x8dd5) x11 0xf24e7428
core   0: 0x80008a22 (0x00000001) c.nop
core   0: 3 0x80008a22 (0x0001)
core   0: 0x80008a24 (0x036b6d33) rem     s10, s6, s6
core   0: 3 0x80008a24 (0x036b6d33) x26 0x00000000
core   0: 0x80008a28 (0x00000485) c.addi  s1, 1
core   0: 3 0x80008a28 (0x0485) x 9 0xfffffffd
core   0: 0x80008a2a (0x0000dced) c.beqz  s1, pc - 6
core   0: 3 0x80008a2a (0xdced)
core   0: 0x80008a2c (0x5263f313) andi    t1, t2, 1318
core   0: 3 0x80008a2c (0x5263f313) x 6 0x00000000
core   0: 0x80008a30 (0xff9711e3) bne     a4, s9, pc - 30
core   0: 3 0x80008a30 (0xff9711e3)
core   0: 0x80008a12 (0x03203833) mulhu   a6, zero, s2
core   0: 3 0x80008a12 (0x03203833) x16 0x00000000
core   0: 0x80008a16 (0x00000705) c.addi  a4, 1
core   0: 3 0x80008a16 (0x0705) x14 0x0000000f
core   0: 0x80008a18 (0xd76a7613) andi    a2, s4, -650
core   0: 3 0x80008a18 (0xd76a7613) x12 0xfffffd76
core   0: 0x80008a1c (0xffc00493) li      s1, -4
core   0: 3 0x80008a1c (0xffc00493) x 9 0xfffffffc
core   0: 0x80008a20 (0x00008dd5) c.or    a1, a3
core   0: 3 0x80008a20 (0x8dd5) x11 0xf24e7428
core   0: 0x80008a22 (0x00000001) c.nop
core   0: 3 0x80008a22 (0x0001)
core   0: 0x80008a24 (0x036b6d33) rem     s10, s6, s6
core   0: 3 0x80008a24 (0x036b6d33) x26 0x00000000
core   0: 0x80008a28 (0x00000485) c.addi  s1, 1
core   0: 3 0x80008a28 (0x0485) x 9 0xfffffffd
core   0: 0x80008a2a (0x0000dced) c.beqz  s1, pc - 6
core   0: 3 0x80008a2a (0xdced)
core   0: 0x80008a2c (0x5263f313) andi    t1, t2, 1318
core   0: 3 0x80008a2c (0x5263f313) x 6 0x00000000
core   0: 0x80008a30 (0xff9711e3) bne     a4, s9, pc - 30
core   0: 3 0x80008a30 (0xff9711e3)
core   0: 0x80008a34 (0x03f52433) mulhsu  s0, a0, t6
core   0: 3 0x80008a34 (0x03f52433) x 8 0x8002222b
core   0: 0x80008a38 (0x0000c60d) c.beqz  a2, pc + 42
core   0: 3 0x80008a38 (0xc60d)
core   0: 0x80008a3a (0x000085c1) c.srai  a1, 16
core   0: 3 0x80008a3a (0x85c1) x11 0xfffff24e
core   0: 0x80008a3c (0x02235333) divu    t1, t1, sp
core   0: 3 0x80008a3c (0x02235333) x 6 0x00000000
core   0: 0x80008a40 (0x0000ca09) c.beqz  a2, pc + 18
core   0: 3 0x80008a40 (0xca09)
core   0: 0x80008a42 (0x0231f163) bgeu    gp, gp, pc + 34
core   0: 3 0x80008a42 (0x0231f163)
core   0: 0x80008a64 (0x00c27763) bgeu    tp, a2, pc + 14
core   0: 3 0x80008a64 (0x00c27763)
core   0: 0x80008a68 (0x00008cbd) c.xor   s1, a5
core   0: 3 0x80008a68 (0x8cbd) x 9 0xfffffffc
core   0: 0x80008a6a (0x000006e1) c.addi  a3, 24
core   0: 3 0x80008a6a (0x06e1) x13 0xf24e7018
core   0: 0x80008a6c (0x5a432393) slti    t2, t1, 1444
core   0: 3 0x80008a6c (0x5a432393) x 7 0x00000001
core   0: 0x80008a70 (0x00000001) c.nop
core   0: 3 0x80008a70 (0x0001)
core   0: 0x80008a72 (0x00000698) c.addi4spn a4, sp, 832
core   0: 3 0x80008a72 (0x0698) x14 0x00000341
core   0: 0x80008a74 (0x00be08b3) add     a7, t3, a1
core   0: 3 0x80008a74 (0x00be08b3) x17 0xffffef4c
core   0: 0x80008a78 (0x0ff0000f) fence   iorw,iorw
core   0: 3 0x80008a78 (0x0ff0000f)
core   0: 0x80008a7c (0x02941733) mulh    a4, s0, s1
core   0: 3 0x80008a7c (0x02941733) x14 0x00000001
core   0: 0x80008a80 (0x01da5293) srli    t0, s4, 29
core   0: 3 0x80008a80 (0x01da5293) x 5 0x00000007
core   0: 0x80008a84 (0x01cc07b3) add     a5, s8, t3
core   0: 3 0x80008a84 (0x01cc07b3) x15 0xfffffcfe
core   0: 0x80008a88 (0x00008c5d) c.or    s0, a5
core   0: 3 0x80008a88 (0x8c5d) x 8 0xfffffeff
core   0: 0x80008a8a (0x414b0233) sub     tp, s6, s4
core   0: 3 0x80008a8a (0x414b0233) x 4 0x00000000
core   0: 0x80008a8e (0x00008efd) c.and   a3, a5
core   0: 3 0x80008a8e (0x8efd) x13 0xf24e7018
core   0: 0x80008a90 (0x0000842e) c.mv    s0, a1
core   0: 3 0x80008a90 (0x842e) x 8 0xfffff24e
core   0: 0x80008a92 (0x01034c33) xor     s8, t1, a6
core   0: 3 0x80008a92 (0x01034c33) x24 0x00000000
core   0: 0x80008a96 (0x00c763b3) or      t2, a4, a2
core   0: 3 0x80008a96 (0x00c763b3) x 7 0xfffffd77
core   0: 0x80008a9a (0x032d2633) mulhsu  a2, s10, s2
core   0: 3 0x80008a9a (0x032d2633) x12 0x00000000
core   0: 0x80008a9e (0x03778d63) beq     a5, s7, pc + 58
core   0: 3 0x80008a9e (0x03778d63)
core   0: 0x80008aa2 (0x0000c599) c.beqz  a1, pc + 14
core   0: 3 0x80008aa2 (0xc599)
core   0: 0x80008aa4 (0x8c737b93) andi    s7, t1, -1849
core   0: 3 0x80008aa4 (0x8c737b93) x23 0x00000000
core   0: 0x80008aa8 (0x000003a1) c.addi  t2, 8
core   0: 3 0x80008aa8 (0x03a1) x 7 0xfffffd7f
core   0: 0x80008aaa (0x00000b1a) c.slli  s6, 6
core   0: 3 0x80008aaa (0x0b1a) x22 0xffffffc0
core   0: 0x80008aac (0x023a4f33) div     t5, s4, gp
core   0: 3 0x80008aac (0x023a4f33) x30 0x00000001
core   0: 0x80008ab0 (0xcfa04293) xori    t0, zero, -774
core   0: 3 0x80008ab0 (0xcfa04293) x 5 0xfffffcfa
core   0: 0x80008ab4 (0x014546b3) xor     a3, a0, s4
core   0: 3 0x80008ab4 (0x014546b3) x13 0x7ffde1d3
core   0: 0x80008ab8 (0x0101ed33) or      s10, gp, a6
core   0: 3 0x80008ab8 (0x0101ed33) x26 0xffffffff
core   0: 0x80008abc (0x03b44663) blt     s0, s11, pc + 44
core   0: 3 0x80008abc (0x03b44663)
core   0: 0x80008ac0 (0x0000587d) c.li    a6, -1
core   0: 3 0x80008ac0 (0x587d) x16 0xffffffff
core   0: 0x80008ac2 (0x0141abb3) slt     s7, gp, s4
core   0: 3 0x80008ac2 (0x0141abb3) x23 0x00000000
core   0: 0x80008ac6 (0x005781b3) add     gp, a5, t0
core   0: 3 0x80008ac6 (0x005781b3) x 3 0xfffff9f8
core   0: 0x80008aca (0x02bcca63) blt     s9, a1, pc + 52
core   0: 3 0x80008aca (0x02bcca63)
core   0: 0x80008ace (0x03a3a133) mulhsu  sp, t2, s10
core   0: 3 0x80008ace (0x03a3a133) x 2 0xfffffd7f
core   0: 0x80008ad2 (0x00008fc1) c.or    a5, s0
core   0: 3 0x80008ad2 (0x8fc1) x15 0xfffffefe
core   0: 0x80008ad4 (0x01631c13) slli    s8, t1, 22
core   0: 3 0x80008ad4 (0x01631c13) x24 0x00000000
core   0: 0x80008ad8 (0x01e59293) slli    t0, a1, 30
core   0: 3 0x80008ad8 (0x01e59293) x 5 0x80000000
core   0: 0x80008adc (0x01f00663) beq     zero, t6, pc + 12
core   0: 3 0x80008adc (0x01f00663)
core   0: 0x80008ae0 (0x00f347b3) xor     a5, t1, a5
core   0: 3 0x80008ae0 (0x00f347b3) x15 0xfffffefe
core   0: 0x80008ae4 (0x00008e0d) c.sub   a2, a1
core   0: 3 0x80008ae4 (0x8e0d) x12 0x00000db2
core   0: 0x80008ae6 (0x00000001) c.nop
core   0: 3 0x80008ae6 (0x0001)
core   0: 0x80008ae8 (0x9d6cbe93) sltiu   t4, s9, -1578
core   0: 3 0x80008ae8 (0x9d6cbe93) x29 0x00000001
core   0: 0x80008aec (0x02095433) divu    s0, s2, zero
core   0: 3 0x80008aec (0x02095433) x 8 0xffffffff
core   0: 0x80008af0 (0x00008c35) c.xor   s0, a3
core   0: 3 0x80008af0 (0x8c35) x 8 0x80021e2c
core   0: 0x80008af2 (0xf7abf997) auipc   s3, 0xf7abf
core   0: 3 0x80008af2 (0xf7abf997) x19 0x77ac7af2
core   0: 0x80008af6 (0x01405d33) srl     s10, zero, s4
core   0: 3 0x80008af6 (0x01405d33) x26 0x00000000
core   0: 0x80008afa (0x00d76833) or      a6, a4, a3
core   0: 3 0x80008afa (0x00d76833) x16 0x7ffde1d3
core   0: 0x80008afe (0x0000e80d) c.bnez  s0, pc + 50
core   0: 3 0x80008afe (0xe80d)
core   0: 0x80008b30 (0x40265bb3) sra     s7, a2, sp
core   0: 3 0x80008b30 (0x40265bb3) x23 0x00000000
core   0: 0x80008b34 (0xe6ee7913) andi    s2, t3, -402
core   0: 3 0x80008b34 (0xe6ee7913) x18 0xfffffc6e
core   0: 0x80008b38 (0x006917b3) sll     a5, s2, t1
core   0: 3 0x80008b38 (0x006917b3) x15 0xfffffc6e
core   0: 0x80008b3c (0x00000b55) c.addi  s6, 21
core   0: 3 0x80008b3c (0x0b55) x22 0xffffffd5
core   0: 0x80008b3e (0x40cadf93) srai    t6, s5, 12
core   0: 3 0x80008b3e (0x40cadf93) x31 0x000085b5
core   0: 0x80008b42 (0x6fef2013) slti    zero, t5, 1790
core   0: 3 0x80008b42 (0x6fef2013)
core   0: 0x80008b46 (0x00000a14) c.addi4spn a3, sp, 272
core   0: 3 0x80008b46 (0x0a14) x13 0xfffffe8f
core   0: 0x80008b48 (0x00000001) c.nop
core   0: 3 0x80008b48 (0x0001)
core   0: 0x80008b4a (0x00f4c933) xor     s2, s1, a5
core   0: 3 0x80008b4a (0x00f4c933) x18 0x00000392
core   0: 0x80008b4e (0x00009766) c.add   a4, s9
core   0: 3 0x80008b4e (0x9766) x14 0x00000010
core   0: 0x80008b50 (0x00008fb5) c.xor   a5, a3
core   0: 3 0x80008b50 (0x8fb5) x15 0x000002e1
core   0: 0x80008b52 (0x009b3f33) sltu    t5, s6, s1
core   0: 3 0x80008b52 (0x009b3f33) x30 0x00000001
core   0: 0x80008b56 (0x0000c285) c.beqz  a3, pc + 32
core   0: 3 0x80008b56 (0xc285)
core   0: 0x80008b58 (0x00000001) c.nop
core   0: 3 0x80008b58 (0x0001)
core   0: 0x80008b5a (0x035fe733) rem     a4, t6, s5
core   0: 3 0x80008b5a (0x035fe733) x14 0x000085b5
core   0: 0x80008b5e (0x092a4813) xori    a6, s4, 146
core   0: 3 0x80008b5e (0x092a4813) x16 0xffffff6d
core   0: 0x80008b62 (0x683b6b13) ori     s6, s6, 1667
core   0: 3 0x80008b62 (0x683b6b13) x22 0xffffffd7
core   0: 0x80008b66 (0x02a54933) div     s2, a0, a0
core   0: 3 0x80008b66 (0x02a54933) x18 0x00000001
core   0: 0x80008b6a (0x0000100f) fence.i
core   0: 3 0x80008b6a (0x0000100f)
core   0: 0x80008b6e (0x03bfc563) blt     t6, s11, pc + 42
core   0: 3 0x80008b6e (0x03bfc563)
core   0: 0x80008b72 (0xceb3bc13) sltiu   s8, t2, -789
core   0: 3 0x80008b72 (0xceb3bc13) x24 0x00000000
core   0: 0x80008b76 (0x7844f217) auipc   tp, 0x7844f
core   0: 3 0x80008b76 (0x7844f217) x 4 0xf8457b76
core   0: 0x80008b7a (0x0000100f) fence.i
core   0: 3 0x80008b7a (0x0000100f)
core   0: 0x80008b7e (0x0000717d) c.addi16sp sp, -16
core   0: 3 0x80008b7e (0x717d) x 2 0xfffffd6f
core   0: 0x80008b80 (0x00008ec5) c.or    a3, s1
core   0: 3 0x80008b80 (0x8ec5) x13 0xffffffff
core   0: 0x80008b82 (0x41e08333) sub     t1, ra, t5
core   0: 3 0x80008b82 (0x41e08333) x 6 0xffffffff
core   0: 0x80008b86 (0x02c4f4b3) remu    s1, s1, a2
core   0: 3 0x80008b86 (0x02c4f4b3) x 9 0x0000063a
core   0: 0x80008b8a (0x027af7b3) remu    a5, s5, t2
core   0: 3 0x80008b8a (0x027af7b3) x15 0x085b5f20
core   0: 0x80008b8e (0x0368ab33) mulhsu  s6, a7, s6
core   0: 3 0x80008b8e (0x0368ab33) x22 0xffffef4c
core   0: 0x80008b92 (0x00008cfd) c.and   s1, a5
core   0: 3 0x80008b92 (0x8cfd) x 9 0x00000620
core   0: 0x80008b94 (0x9b206137) lui     sp, 0x9b206
core   0: 3 0x80008b94 (0x9b206137) x 2 0x9b206000
core   0: 0x80008b98 (0x00008e39) c.xor   a2, a4
core   0: 3 0x80008b98 (0x8e39) x12 0x00008807
core   0: 0x80008b9a (0x02d1f763) bgeu    gp, a3, pc + 46
core   0: 3 0x80008b9a (0x02d1f763)
core   0: 0x80008b9e (0x0000e099) c.bnez  s1, pc + 6
core   0: 3 0x80008b9e (0xe099)
core   0: 0x80008ba4 (0x00be7bb3) and     s7, t3, a1
core   0: 3 0x80008ba4 (0x00be7bb3) x23 0xfffff04e
core   0: 0x80008ba8 (0x00008325) c.srli  a4, 9
core   0: 3 0x80008ba8 (0x8325) x14 0x00000042
core   0: 0x80008baa (0x02ccce63) blt     s9, a2, pc + 60
core   0: 3 0x80008baa (0x02ccce63)
core   0: 0x80008be6 (0xb49a98b7) lui     a7, 0xb49a9
core   0: 3 0x80008be6 (0xb49a98b7) x17 0xb49a9000
core   0: 0x80008bea (0x00dc25b3) slt     a1, s8, a3
core   0: 3 0x80008bea (0x00dc25b3) x11 0x00000000
core   0: 0x80008bee (0x02703233) mulhu   tp, zero, t2
core   0: 3 0x80008bee (0x02703233) x 4 0x00000000
core   0: 0x80008bf2 (0x0ff0000f) fence   iorw,iorw
core   0: 3 0x80008bf2 (0x0ff0000f)
core   0: 0x80008bf6 (0x0000893a) c.mv    s2, a4
core   0: 3 0x80008bf6 (0x893a) x18 0x00000042
core   0: 0x80008bf8 (0x00006c25) c.lui   s8, 0x9
core   0: 3 0x80008bf8 (0x6c25) x24 0x00009000
core   0: 0x80008bfa (0x0000e805) c.bnez  s0, pc + 48
core   0: 3 0x80008bfa (0xe805)
core   0: 0x80008c2a (0x00008671) c.srai  a2, 28
core   0: 3 0x80008c2a (0x8671) x12 0x00000000
core   0: 0x80008c2c (0x0217ce63) blt     a5, ra, pc + 60
core   0: 3 0x80008c2c (0x0217ce63)
core   0: 0x80008c30 (0x000083b5) c.srli  a5, 13
core   0: 3 0x80008c30 (0x83b5) x15 0x000042da
core   0: 0x80008c32 (0x02c0dc33) divu    s8, ra, a2
core   0: 3 0x80008c32 (0x02c0dc33) x24 0xffffffff
core   0: 0x80008c36 (0x71e2cd13) xori    s10, t0, 1822
core   0: 3 0x80008c36 (0x71e2cd13) x26 0x8000071e
core   0: 0x80008c3a (0x29932493) slti    s1, t1, 665
core   0: 3 0x80008c3a (0x29932493) x 9 0x00000001
core   0: 0x80008c3e (0x00359d13) slli    s10, a1, 3
core   0: 3 0x80008c3e (0x00359d13) x26 0x00000000
core   0: 0x80008c42 (0xb3c36693) ori     a3, t1, -1220
core   0: 3 0x80008c42 (0xb3c36693) x13 0xffffffff
core   0: 0x80008c46 (0x033eaeb3) mulhsu  t4, t4, s3
core   0: 3 0x80008c46 (0x033eaeb3) x29 0x00000000
core   0: 0x80008c4a (0x0000100f) fence.i
core   0: 3 0x80008c4a (0x0000100f)
core   0: 0x80008c4e (0x00000001) c.nop
core   0: 3 0x80008c4e (0x0001)
core   0: 0x80008c50 (0xd7252c13) slti    s8, a0, -654
core   0: 3 0x80008c50 (0xd7252c13) x24 0x00000001
core   0: 0x80008c54 (0x0ff0000f) fence   iorw,iorw
core   0: 3 0x80008c54 (0x0ff0000f)
core   0: 0x80008c58 (0x0000418d) c.li    gp, 3
core   0: 3 0x80008c58 (0x418d) x 3 0x00000003
core   0: 0x80008c5a (0x023ab733) mulhu   a4, s5, gp
core   0: 3 0x80008c5a (0x023ab733) x14 0x00000000
core   0: 0x80008c5e (0x0000c185) c.beqz  a1, pc + 32
core   0: 3 0x80008c5e (0xc185)
core   0: 0x80008c7e (0x00004669) c.li    a2, 26
core   0: 3 0x80008c7e (0x4669) x12 0x0000001a
core   0: 0x80008c80 (0x00008059) c.srli  s0, 22
core   0: 3 0x80008c80 (0x8059) x 8 0x00000200
core   0: 0x80008c82 (0x0333d0b3) divu    ra, t2, s3
core   0: 3 0x80008c82 (0x0333d0b3) x 1 0x00000002
core   0: 0x80008c86 (0x000006e6) c.slli  a3, 25
core   0: 3 0x80008c86 (0x06e6) x13 0xfe000000
core   0: 0x80008c88 (0x0129d363) bge     s3, s2, pc + 6
core   0: 3 0x80008c88 (0x0129d363)
core   0: 0x80008c8e (0x01d19933) sll     s2, gp, t4
core   0: 3 0x80008c8e (0x01d19933) x18 0x00000003
core   0: 0x80008c92 (0x0202e2b3) rem     t0, t0, zero
core   0: 3 0x80008c92 (0x0202e2b3) x 5 0x80000000
core   0: 0x80008c96 (0x007a6563) bltu    s4, t2, pc + 10
core   0: 3 0x80008c96 (0x007a6563)
core   0: 0x80008c9a (0x1b7dd9b7) lui     s3, 0x1b7dd
core   0: 3 0x80008c9a (0x1b7dd9b7) x19 0x1b7dd000
core   0: 0x80008c9e (0x000041d5) c.li    gp, 21
core   0: 3 0x80008c9e (0x41d5) x 3 0x00000015
core   0: 0x80008ca0 (0x412501b3) sub     gp, a0, s2
core   0: 3 0x80008ca0 (0x412501b3) x 3 0x80021e29
core   0: 0x80008ca4 (0x0287a5b3) mulhsu  a1, a5, s0
core   0: 3 0x80008ca4 (0x0287a5b3) x11 0x00000000
core   0: 0x80008ca8 (0x0077dbb3) srl     s7, a5, t2
core   0: 3 0x80008ca8 (0x0077dbb3) x23 0x00000000
core   0: 0x80008cac (0x0116a933) slt     s2, a3, a7
core   0: 3 0x80008cac (0x0116a933) x18 0x00000000
core   0: 0x80008cb0 (0x405d5293) srai    t0, s10, 5
core   0: 3 0x80008cb0 (0x405d5293) x 5 0x00000000
core   0: 0x80008cb4 (0x02fcc933) div     s2, s9, a5
core   0: 3 0x80008cb4 (0x02fcc933) x18 0x00000000
core   0: 0x80008cb8 (0x013d9333) sll     t1, s11, s3
core   0: 3 0x80008cb8 (0x013d9333) x 6 0x80025ce4
core   0: 0x80008cbc (0x01ceee33) or      t3, t4, t3
core   0: 3 0x80008cbc (0x01ceee33) x28 0xfffffcfe
core   0: 0x80008cc0 (0x00008ff9) c.and   a5, a4
core   0: 3 0x80008cc0 (0x8ff9) x15 0x00000000
core   0: 0x80008cc2 (0x0000587d) c.li    a6, -1
core   0: 3 0x80008cc2 (0x587d) x16 0xffffffff
core   0: 0x80008cc4 (0x00db8633) add     a2, s7, a3
core   0: 3 0x80008cc4 (0x00db8633) x12 0xfe000000
core   0: 0x80008cc8 (0x022afe63) bgeu    s5, sp, pc + 60
core   0: 3 0x80008cc8 (0x022afe63)
core   0: 0x80008ccc (0x007067b3) or      a5, zero, t2
core   0: 3 0x80008ccc (0x007067b3) x15 0xfffffd7f
core   0: 0x80008cd0 (0x000cd993) srli    s3, s9, 0
core   0: 3 0x80008cd0 (0x000cd993) x19 0x0000000f
core   0: 0x80008cd4 (0x016b9293) slli    t0, s7, 22
core   0: 3 0x80008cd4 (0x016b9293) x 5 0x00000000
core   0: 0x80008cd8 (0x4aee3893) sltiu   a7, t3, 1198
core   0: 3 0x80008cd8 (0x4aee3893) x17 0x00000000
core   0: 0x80008cdc (0x0000863d) c.srai  a2, 15
core   0: 3 0x80008cdc (0x863d) x12 0xfffffc00
core   0: 0x80008cde (0x0000ee05) c.bnez  a2, pc + 56
core   0: 3 0x80008cde (0xee05)
core   0: 0x80008d16 (0x00008d95) c.sub   a1, a3
core   0: 3 0x80008d16 (0x8d95) x11 0x02000000
core   0: 0x80008d18 (0xbad14693) xori    a3, sp, -1107
core   0: 3 0x80008d18 (0xbad14693) x13 0x64df9bad
core   0: 0x80008d1c (0x4086d913) srai    s2, a3, 8
core   0: 3 0x80008d1c (0x4086d913) x18 0x0064df9b
core   0: 0x80008d20 (0x02f1a2b3) mulhsu  t0, gp, a5
core   0: 3 0x80008d20 (0x02f1a2b3) x 5 0x80021f69
core   0: 0x80008d24 (0x012a82b3) add     t0, s5, s2
core   0: 3 0x80008d24 (0x012a82b3) x 5 0x08c03ebb
core   0: 0x80008d28 (0x0000100f) fence.i
core   0: 3 0x80008d28 (0x0000100f)
core   0: 0x80008d2c (0xf7c46d13) ori     s10, s0, -132
core   0: 3 0x80008d2c (0xf7c46d13) x26 0xffffff7c
core   0: 0x80008d30 (0x0ff0000f) fence   iorw,iorw
core   0: 3 0x80008d30 (0x0ff0000f)
core   0: 0x80008d34 (0xac4a8c13) addi    s8, s5, -1340
core   0: 3 0x80008d34 (0xac4a8c13) x24 0x085b59e4
core   0: 0x80008d38 (0x00006121) c.addi16sp sp, 64
core   0: 3 0x80008d38 (0x6121) x 2 0x9b206040
core   0: 0x80008d3a (0x40be5913) srai    s2, t3, 11
core   0: 3 0x80008d3a (0x40be5913) x18 0xffffffff
core   0: 0x80008d3e (0x03b70bb3) mul     s7, a4, s11
core   0: 3 0x80008d3e (0x03b70bb3) x23 0x00000000
core   0: 0x80008d42 (0x00008ff5) c.and   a5, a3
core   0: 3 0x80008d42 (0x8ff5) x15 0x64df992d
core   0: 0x80008d44 (0x022f5b63) bge     t5, sp, pc + 54
core   0: 3 0x80008d44 (0x022f5b63)
core   0: 0x80008d7a (0x0000938a) c.add   t2, sp
core   0: 3 0x80008d7a (0x938a) x 7 0x9b205dbf
core   0: 0x80008d7c (0x01c873b7) lui     t2, 0x1c87
core   0: 3 0x80008d7c (0x01c873b7) x 7 0x01c87000
core   0: 0x80008d80 (0x0000864d) c.srai  a2, 19
core   0: 3 0x80008d80 (0x864d) x12 0xffffffff
core   0: 0x80008d82 (0x00004f5d) c.li    t5, 23
core   0: 3 0x80008d82 (0x4f5d) x30 0x00000017
core   0: 0x80008d84 (0xfd678b13) addi    s6, a5, -42
core   0: 3 0x80008d84 (0xfd678b13) x22 0x64df9903
core   0: 0x80008d88 (0x00006325) c.lui   t1, 0x9
core   0: 3 0x80008d88 (0x6325) x 6 0x00009000
core   0: 0x80008d8a (0x000082c2) c.mv    t0, a6
core   0: 3 0x80008d8a (0x82c2) x 5 0xffffffff
core   0: 0x80008d8c (0x0ff0000f) fence   iorw,iorw
core   0: 3 0x80008d8c (0x0ff0000f)
core   0: 0x80008d90 (0x0010d363) bge     ra, ra, pc + 6
core   0: 3 0x80008d90 (0x0010d363)
core   0: 0x80008d96 (0x000015fd) c.addi  a1, -1
core   0: 3 0x80008d96 (0x15fd) x11 0x01ffffff
core   0: 0x80008d98 (0x3df217b7) lui     a5, 0x3df21
core   0: 3 0x80008d98 (0x3df217b7) x15 0x3df21000
core   0: 0x80008d9c (0x00005b7d) c.li    s6, -1
core   0: 3 0x80008d9c (0x5b7d) x22 0xffffffff
core   0: 0x80008d9e (0x00008df9) c.and   a1, a4
core   0: 3 0x80008d9e (0x8df9) x11 0x00000000
core   0: 0x80008da0 (0xbbecff13) andi    t5, s9, -1090
core   0: 3 0x80008da0 (0xbbecff13) x30 0x0000000e
core   0: 0x80008da4 (0x03d8d6b3) divu    a3, a7, t4
core   0: 3 0x80008da4 (0x03d8d6b3) x13 0xffffffff
core   0: 0x80008da8 (0x01571613) slli    a2, a4, 21
core   0: 3 0x80008da8 (0x01571613) x12 0x00000000
core   0: 0x80008dac (0x000095f2) c.add   a1, t3
core   0: 3 0x80008dac (0x95f2) x11 0xfffffcfe
core   0: 0x80008dae (0x92e7ff13) andi    t5, a5, -1746
core   0: 3 0x80008dae (0x92e7ff13) x30 0x3df21000
core   0: 0x80008db2 (0x0000c0a5) c.beqz  s1, pc + 96
core   0: 3 0x80008db2 (0xc0a5)
core   0: 0x80008db4 (0x0000100f) fence.i
core   0: 3 0x80008db4 (0x0000100f)
core   0: 0x80008db8 (0x000095fa) c.add   a1, t5
core   0: 3 0x80008db8 (0x95fa) x11 0x3df20cfe
core   0: 0x80008dba (0x9ed57c13) andi    s8, a0, -1555
core   0: 3 0x80008dba (0x9ed57c13) x24 0x8002182c
core   0: 0x80008dbe (0x00000001) c.nop
core   0: 3 0x80008dbe (0x0001)
core   0: 0x80008dc0 (0x881c6593) ori     a1, s8, -1919
core   0: 3 0x80008dc0 (0x881c6593) x11 0xfffff8ad
core   0: 0x80008dc4 (0x00800e93) li      t4, 8
core   0: 3 0x80008dc4 (0x00800e93) x29 0x00000008
core   0: 0x80008dc8 (0x03ff2433) mulhsu  s0, t5, t6
core   0: 3 0x80008dc8 (0x03ff2433) x 8 0x0000205a
core   0: 0x80008dcc (0x02a196b3) mulh    a3, gp, a0
core   0: 3 0x80008dcc (0x02a196b3) x13 0x3ffde1d9
core   0: 0x80008dd0 (0x00700b93) li      s7, 7
core   0: 3 0x80008dd0 (0x00700b93) x23 0x00000007
core   0: 0x80008dd4 (0xf47e8813) addi    a6, t4, -185
core   0: 3 0x80008dd4 (0xf47e8813) x16 0xffffff4f
core   0: 0x80008dd8 (0x41b25d33) sra     s10, tp, s11
core   0: 3 0x80008dd8 (0x41b25d33) x26 0x00000000
core   0: 0x80008ddc (0x02f4b133) mulhu   sp, s1, a5
core   0: 3 0x80008ddc (0x02f4b133) x 2 0x00000000
core   0: 0x80008de0 (0x00001ee9) c.addi  t4, -6
core   0: 3 0x80008de0 (0x1ee9) x29 0x00000002
core   0: 0x80008de2 (0x0064acb3) slt     s9, s1, t1
core   0: 3 0x80008de2 (0x0064acb3) x25 0x00000001
core   0: 0x80008de6 (0x02fb1e33) mulh    t3, s6, a5
core   0: 3 0x80008de6 (0x02fb1e33) x28 0xffffffff
core   0: 0x80008dea (0x70745817) auipc   a6, 0x70745
core   0: 3 0x80008dea (0x70745817) x16 0xf074ddea
core   0: 0x80008dee (0xff700313) li      t1, -9
core   0: 3 0x80008dee (0xff700313) x 6 0xfffffff7
core   0: 0x80008df2 (0x00700713) li      a4, 7
core   0: 3 0x80008df2 (0x00700713) x14 0x00000007
core   0: 0x80008df6 (0x0000717d) c.addi16sp sp, -16
core   0: 3 0x80008df6 (0x717d) x 2 0xfffffff0
core   0: 0x80008df8 (0x0000180c) c.addi4spn a1, sp, 48
core   0: 3 0x80008df8 (0x180c) x11 0x00000020
core   0: 0x80008dfa (0x0000617d) c.addi16sp sp, 496
core   0: 3 0x80008dfa (0x617d) x 2 0x000001e0
core   0: 0x80008dfc (0x64b64893) xori    a7, a2, 1611
core   0: 3 0x80008dfc (0x64b64893) x17 0x0000064b
core   0: 0x80008e00 (0x00000329) c.addi  t1, 10
core   0: 3 0x80008e00 (0x0329) x 6 0x00000001
core   0: 0x80008e02 (0x01227fb3) and     t6, tp, s2
core   0: 3 0x80008e02 (0x01227fb3) x31 0x00000000
core   0: 0x80008e06 (0xfee349e3) blt     t1, a4, pc - 14
core   0: 3 0x80008e06 (0xfee349e3)
core   0: 0x80008df8 (0x0000180c) c.addi4spn a1, sp, 48
core   0: 3 0x80008df8 (0x180c) x11 0x00000210
core   0: 0x80008dfa (0x0000617d) c.addi16sp sp, 496
core   0: 3 0x80008dfa (0x617d) x 2 0x000003d0
core   0: 0x80008dfc (0x64b64893) xori    a7, a2, 1611
core   0: 3 0x80008dfc (0x64b64893) x17 0x0000064b
core   0: 0x80008e00 (0x00000329) c.addi  t1, 10
core   0: 3 0x80008e00 (0x0329) x 6 0x0000000b
core   0: 0x80008e02 (0x01227fb3) and     t6, tp, s2
core   0: 3 0x80008e02 (0x01227fb3) x31 0x00000000
core   0: 0x80008e06 (0xfee349e3) blt     t1, a4, pc - 14
core   0: 3 0x80008e06 (0xfee349e3)
core   0: 0x80008e0a (0xfd7ef5e3) bgeu    t4, s7, pc - 54
core   0: 3 0x80008e0a (0xfd7ef5e3)
core   0: 0x80008e0e (0x00351493) slli    s1, a0, 3
core   0: 3 0x80008e0e (0x00351493) x 9 0x0010f160
core   0: 0x80008e12 (0x00000156) c.slli  sp, 21
core   0: 3 0x80008e12 (0x0156) x 2 0x7a000000
core   0: 0x80008e14 (0x0312bb33) mulhu   s6, t0, a7
core   0: 3 0x80008e14 (0x0312bb33) x22 0x0000064a
core   0: 0x80008e18 (0x00001f84) c.addi4spn s1, sp, 1008
core   0: 3 0x80008e18 (0x1f84) x 9 0x7a0003f0
core   0: 0x80008e1a (0x0000878d) c.srai  a5, 3
core   0: 3 0x80008e1a (0x878d) x15 0x07be4200
core   0: 0x80008e1c (0x01d72333) slt     t1, a4, t4
core   0: 3 0x80008e1c (0x01d72333) x 6 0x00000000
core   0: 0x80008e20 (0x3cb50413) addi    s0, a0, 971
core   0: 3 0x80008e20 (0x3cb50413) x 8 0x800221f7
core   0: 0x80008e24 (0x00000001) c.nop
core   0: 3 0x80008e24 (0x0001)
core   0: 0x80008e26 (0xd82df913) andi    s2, s11, -638
core   0: 3 0x80008e26 (0xd82df913) x18 0x80025c80
core   0: 0x80008e2a (0x0000ca89) c.beqz  a3, pc + 18
core   0: 3 0x80008e2a (0xca89)
core   0: 0x80008e2c (0x02edcc63) blt     s11, a4, pc + 56
core   0: 3 0x80008e2c (0x02edcc63)
core   0: 0x80008e64 (0x00cfe633) or      a2, t6, a2
core   0: 3 0x80008e64 (0x00cfe633) x12 0x00000000
core   0: 0x80008e68 (0xde71bc93) sltiu   s9, gp, -537
core   0: 3 0x80008e68 (0xde71bc93) x25 0x00000001
core   0: 0x80008e6c (0x0000e30d) c.bnez  a4, pc + 34
core   0: 3 0x80008e6c (0xe30d)
core   0: 0x80008e8e (0x01dc2fb3) slt     t6, s8, t4
core   0: 3 0x80008e8e (0x01dc2fb3) x31 0x00000001
core   0: 0x80008e92 (0x03e5a133) mulhsu  sp, a1, t5
core   0: 3 0x80008e92 (0x03e5a133) x 2 0x0000007f
core   0: 0x80008e96 (0x7c738493) addi    s1, t2, 1991
core   0: 3 0x80008e96 (0x7c738493) x 9 0x01c877c7
core   0: 0x80008e9a (0x000092ae) c.add   t0, a1
core   0: 3 0x80008e9a (0x92ae) x 5 0x0000020f
core   0: 0x80008e9c (0x01329213) slli    tp, t0, 19
core   0: 3 0x80008e9c (0x01329213) x 4 0x10780000
core   0: 0x80008ea0 (0x0000499d) c.li    s3, 7
core   0: 3 0x80008ea0 (0x499d) x19 0x00000007
core   0: 0x80008ea2 (0x40d48e33) sub     t3, s1, a3
core   0: 3 0x80008ea2 (0x40d48e33) x28 0xc1ca95ee
core   0: 0x80008ea6 (0x00000001) c.nop
core   0: 3 0x80008ea6 (0x0001)
core   0: 0x80008ea8 (0x41528933) sub     s2, t0, s5
core   0: 3 0x80008ea8 (0x41528933) x18 0xf7a4a2ef
core   0: 0x80008eac (0x0000100f) fence.i
core   0: 3 0x80008eac (0x0000100f)
core   0: 0x80008eb0 (0x00000e2a) c.slli  t3, 10
core   0: 3 0x80008eb0 (0x0e2a) x28 0x2a57b800
core   0: 0x80008eb2 (0x0050ec33) or      s8, ra, t0
core   0: 3 0x80008eb2 (0x0050ec33) x24 0x0000020f
core   0: 0x80008eb6 (0x000083c2) c.mv    t2, a6
core   0: 3 0x80008eb6 (0x83c2) x 7 0xf074ddea
core   0: 0x80008eb8 (0x02b9d433) divu    s0, s3, a1
core   0: 3 0x80008eb8 (0x02b9d433) x 8 0x00000000
core   0: 0x80008ebc (0x0001d1b3) srl     gp, gp, zero
core   0: 3 0x80008ebc (0x0001d1b3) x 3 0x80021e29
core   0: 0x80008ec0 (0x0000cb85) c.beqz  a5, pc + 48
core   0: 3 0x80008ec0 (0xcb85)
core   0: 0x80008ec2 (0x000082cd) c.srli  a3, 19
core   0: 3 0x80008ec2 (0x82cd) x13 0x000007ff
core   0: 0x80008ec4 (0x0376d1b3) divu    gp, a3, s7
core   0: 3 0x80008ec4 (0x0376d1b3) x 3 0x00000124
core   0: 0x80008ec8 (0x0ff0000f) fence   iorw,iorw
core   0: 3 0x80008ec8 (0x0ff0000f)
core   0: 0x80008ecc (0x02c59033) mulh    zero, a1, a2
core   0: 3 0x80008ecc (0x02c59033)
core   0: 0x80008ed0 (0x00000001) c.nop
core   0: 3 0x80008ed0 (0x0001)
core   0: 0x80008ed2 (0x0000100f) fence.i
core   0: 3 0x80008ed2 (0x0000100f)
core   0: 0x80008ed6 (0x41460433) sub     s0, a2, s4
core   0: 3 0x80008ed6 (0x41460433) x 8 0x00000001
core   0: 0x80008eda (0x00006e8d) c.lui   t4, 0x3
core   0: 3 0x80008eda (0x6e8d) x29 0x00003000
core   0: 0x80008edc (0x00000001) c.nop
core   0: 3 0x80008edc (0x0001)
core   0: 0x80008ede (0x4e0acc93) xori    s9, s5, 1248
core   0: 3 0x80008ede (0x4e0acc93) x25 0x085b5bc0
core   0: 0x80008ee2 (0x9cccbf97) auipc   t6, 0x9cccb
core   0: 3 0x80008ee2 (0x9cccbf97) x31 0x1ccd3ee2
core   0: 0x80008ee6 (0x000670b3) and     ra, a2, zero
core   0: 3 0x80008ee6 (0x000670b3) x 1 0x00000000
core   0: 0x80008eea (0x00008f49) c.or    a4, a0
core   0: 3 0x80008eea (0x8f49) x14 0x80021e2f
core   0: 0x80008eec (0x0000e015) c.bnez  s0, pc + 36
core   0: 3 0x80008eec (0xe015)
core   0: 0x80008f10 (0xfd600b13) li      s6, -42
core   0: 3 0x80008f10 (0xfd600b13) x22 0xffffffd6
core   0: 0x80008f14 (0x00006155) c.addi16sp sp, 304
core   0: 3 0x80008f14 (0x6155) x 2 0x000001af
core   0: 0x80008f16 (0x00005a7d) c.li    s4, -1
core   0: 3 0x80008f16 (0x5a7d) x20 0xffffffff
core   0: 0x80008f18 (0x01d59b33) sll     s6, a1, t4
core   0: 3 0x80008f18 (0x01d59b33) x22 0x00000210
core   0: 0x80008f1c (0x0a527063) bgeu    tp, t0, pc + 160
core   0: 3 0x80008f1c (0x0a527063)
core   0: 0x80008fbc (0x69cd2413) slti    s0, s10, 1692
core   0: 3 0x80008fbc (0x69cd2413) x 8 0x00000001
core   0: 0x80008fc0 (0x3399a813) slti    a6, s3, 825
core   0: 3 0x80008fc0 (0x3399a813) x16 0x00000001
core   0: 0x80008fc4 (0x0326abb3) mulhsu  s7, a3, s2
core   0: 3 0x80008fc4 (0x0326abb3) x23 0x000007bc
core   0: 0x80008fc8 (0x02c944b3) div     s1, s2, a2
core   0: 3 0x80008fc8 (0x02c944b3) x 9 0xffffffff
core   0: 0x80008fcc (0x00008691) c.srai  a3, 4
core   0: 3 0x80008fcc (0x8691) x13 0x0000007f
core   0: 0x80008fce (0xb9790413) addi    s0, s2, -1129
core   0: 3 0x80008fce (0xb9790413) x 8 0xf7a49e86
core   0: 0x80008fd2 (0x0329ec33) rem     s8, s3, s2
core   0: 3 0x80008fd2 (0x0329ec33) x24 0x00000007
core   0: 0x80008fd6 (0x0145eeb3) or      t4, a1, s4
core   0: 3 0x80008fd6 (0x0145eeb3) x29 0xffffffff
core   0: 0x80008fda (0x01511c63) bne     sp, s5, pc + 24
core   0: 3 0x80008fda (0x01511c63)
core   0: 0x80008ff2 (0x000093de) c.add   t2, s7
core   0: 3 0x80008ff2 (0x93de) x 7 0xf074e5a6
core   0: 0x80008ff4 (0x01ba5bb3) srl     s7, s4, s11
core   0: 3 0x80008ff4 (0x01ba5bb3) x23 0x0fffffff
core   0: 0x80008ff8 (0x005f9313) slli    t1, t6, 5
core   0: 3 0x80008ff8 (0x005f9313) x 6 0x99a7dc40
core   0: 0x80008ffc (0x03611f63) bne     sp, s6, pc + 62
core   0: 3 0x80008ffc (0x03611f63)
core   0: 0x8000903a (0x7228af17) auipc   t5, 0x7228a
core   0: 3 0x8000903a (0x7228af17) x30 0xf229303a
core   0: 0x8000903e (0x24fbbf13) sltiu   t5, s7, 591
core   0: 3 0x8000903e (0x24fbbf13) x30 0x00000000
core   0: 0x80009042 (0x011d9413) slli    s0, s11, 17
core   0: 3 0x80009042 (0x011d9413) x 8 0xb9c80000
core   0: 0x80009046 (0x00008d66) c.mv    s10, s9
core   0: 3 0x80009046 (0x8d66) x26 0x085b5bc0
core   0: 0x80009048 (0x753945b7) lui     a1, 0x75394
core   0: 3 0x80009048 (0x753945b7) x11 0x75394000
core   0: 0x8000904c (0x0273ea63) bltu    t2, t2, pc + 52
core   0: 3 0x8000904c (0x0273ea63)
core   0: 0x80009050 (0x017b6563) bltu    s6, s7, pc + 10
core   0: 3 0x80009050 (0x017b6563)
core   0: 0x8000905a (0x01ee9613) slli    a2, t4, 30
core   0: 3 0x8000905a (0x01ee9613) x12 0xc0000000
core   0: 0x8000905e (0x00b36463) bltu    t1, a1, pc + 8
core   0: 3 0x8000905e (0x00b36463)
core   0: 0x80009062 (0x318b4713) xori    a4, s6, 792
core   0: 3 0x80009062 (0x318b4713) x14 0x00000108
core   0: 0x80009066 (0x000dd193) srli    gp, s11, 0
core   0: 3 0x80009066 (0x000dd193) x 3 0x80025ce4
core   0: 0x8000906a (0x00008e3d) c.xor   a2, a5
core   0: 3 0x8000906a (0x8e3d) x12 0xc7be4200
core   0: 0x8000906c (0x40165413) srai    s0, a2, 1
core   0: 3 0x8000906c (0x40165413) x 8 0xe3df2100
core   0: 0x80009070 (0x00008f85) c.sub   a5, s1
core   0: 3 0x80009070 (0x8f85) x15 0x07be4201
core   0: 0x80009072 (0x037a8933) mul     s2, s5, s7
core   0: 3 0x80009072 (0x037a8933) x18 0xf7a4a0e0
core   0: 0x80009076 (0x0000e995) c.bnez  a1, pc + 52
core   0: 3 0x80009076 (0xe995)
core   0: 0x800090aa (0x415a5f33) sra     t5, s4, s5
core   0: 3 0x800090aa (0x415a5f33) x30 0xffffffff
core   0: 0x800090ae (0x024dd763) bge     s11, tp, pc + 46
core   0: 3 0x800090ae (0x024dd763)
core   0: 0x800090b2 (0x03aa9863) bne     s5, s10, pc + 48
core   0: 3 0x800090b2 (0x03aa9863)
core   0: 0x800090e2 (0x0ff0000f) fence   iorw,iorw
core   0: 3 0x800090e2 (0x0ff0000f)
core   0: 0x800090e6 (0x405881b3) sub     gp, a7, t0
core   0: 3 0x800090e6 (0x405881b3) x 3 0x0000043c
core   0: 0x800090ea (0x0387e233) rem     tp, a5, s8
core   0: 3 0x800090ea (0x0387e233) x 4 0x00000001
core   0: 0x800090ee (0x406b5833) sra     a6, s6, t1
core   0: 3 0x800090ee (0x406b5833) x16 0x00000210
core   0: 0x800090f2 (0x008113b3) sll     t2, sp, s0
core   0: 3 0x800090f2 (0x008113b3) x 7 0x000001af
core   0: 0x800090f6 (0x0000100f) fence.i
core   0: 3 0x800090f6 (0x0000100f)
core   0: 0x800090fa (0x031ae5b3) rem     a1, s5, a7
core   0: 3 0x800090fa (0x031ae5b3) x11 0x0000020e
core   0: 0x800090fe (0x000060fd) c.lui   ra, 0x1f
core   0: 3 0x800090fe (0x60fd) x 1 0x0001f000
core   0: 0x80009100 (0x0295f163) bgeu    a1, s1, pc + 34
core   0: 3 0x80009100 (0x0295f163)
core   0: 0x80009104 (0x00ae12b3) sll     t0, t3, a0
core   0: 3 0x80009104 (0x00ae12b3) x 5 0x7b800000
core   0: 0x80009108 (0x00735333) srl     t1, t1, t2
core   0: 3 0x80009108 (0x00735333) x 6 0x0001334f
core   0: 0x8000910c (0x01a66d63) bltu    a2, s10, pc + 26
core   0: 3 0x8000910c (0x01a66d63)
core   0: 0x80009110 (0x01116663) bltu    sp, a7, pc + 12
core   0: 3 0x80009110 (0x01116663)
core   0: 0x8000911c (0x00009432) c.add   s0, a2
core   0: 3 0x8000911c (0x9432) x 8 0xab9d6300
core   0: 0x8000911e (0x46300737) lui     a4, 0x46300
core   0: 3 0x8000911e (0x46300737) x14 0x46300000
core   0: 0x80009122 (0x41220733) sub     a4, tp, s2
core   0: 3 0x80009122 (0x41220733) x14 0x085b5f21
core   0: 0x80009126 (0x40048cb3) sub     s9, s1, zero
core   0: 3 0x80009126 (0x40048cb3) x25 0xffffffff
core   0: 0x8000912a (0x23a80713) addi    a4, a6, 570
core   0: 3 0x8000912a (0x23a80713) x14 0x0000044a
core   0: 0x8000912e (0x00601993) slli    s3, zero, 6
core   0: 3 0x8000912e (0x00601993) x19 0x00000000
core   0: 0x80009132 (0x00531893) slli    a7, t1, 5
core   0: 3 0x80009132 (0x00531893) x17 0x002669e0
core   0: 0x80009136 (0x00008ca1) c.xor   s1, s0
core   0: 3 0x80009136 (0x8ca1) x 9 0x54629cff
core   0: 0x80009138 (0xd8233493) sltiu   s1, t1, -638
core   0: 3 0x80009138 (0xd8233493) x 9 0x00000001
core   0: 0x8000913c (0x0000100f) fence.i
core   0: 3 0x8000913c (0x0000100f)
core   0: 0x80009140 (0x0399a2b3) mulhsu  t0, s3, s9
core   0: 3 0x80009140 (0x0399a2b3) x 5 0x00000000
core   0: 0x80009144 (0x40475793) srai    a5, a4, 4
core   0: 3 0x80009144 (0x40475793) x15 0x00000044
core   0: 0x80009148 (0xadf37197) auipc   gp, 0xadf37
core   0: 3 0x80009148 (0xadf37197) x 3 0x2df40148
core   0: 0x8000914c (0x00000001) c.nop
core   0: 3 0x8000914c (0x0001)
core   0: 0x8000914e (0x00000001) c.nop
core   0: 3 0x8000914e (0x0001)
core   0: 0x80009150 (0x02eeb733) mulhu   a4, t4, a4
core   0: 3 0x80009150 (0x02eeb733) x14 0x00000449
core   0: 0x80009154 (0x0036d893) srli    a7, a3, 3
core   0: 3 0x80009154 (0x0036d893) x17 0x0000000f
core   0: 0x80009158 (0x0149ca63) blt     s3, s4, pc + 20
core   0: 3 0x80009158 (0x0149ca63)
core   0: 0x8000915c (0x03a689b3) mul     s3, a3, s10
core   0: 3 0x8000915c (0x03a689b3) x19 0x25528440
core   0: 0x80009160 (0x0286ffb3) remu    t6, a3, s0
core   0: 3 0x80009160 (0x0286ffb3) x31 0x0000007f
core   0: 0x80009164 (0x00364a33) xor     s4, a2, gp
core   0: 3 0x80009164 (0x00364a33) x20 0xea4a4348
core   0: 0x80009168 (0x03740b33) mul     s6, s0, s7
core   0: 3 0x80009168 (0x03740b33) x22 0x54629d00
core   0: 0x8000916c (0x00cad693) srli    a3, s5, 12
core   0: 3 0x8000916c (0x00cad693) x13 0x000085b5
core   0: 0x80009170 (0x02f0a5b3) mulhsu  a1, ra, a5
core   0: 3 0x80009170 (0x02f0a5b3) x11 0x00000000
core   0: 0x80009174 (0xb105f293) andi    t0, a1, -1264
core   0: 3 0x80009174 (0xb105f293) x 5 0x00000000
core   0: 0x80009178 (0x00008f55) c.or    a4, a3
core   0: 3 0x80009178 (0x8f55) x14 0x000085fd
core   0: 0x8000917a (0x02e3c9b3) div     s3, t2, a4
core   0: 3 0x8000917a (0x02e3c9b3) x19 0x00000000
core   0: 0x8000917e (0x4f6ded13) ori     s10, s11, 1270
core   0: 3 0x8000917e (0x4f6ded13) x26 0x80025cf6
core   0: 0x80009182 (0x0000717d) c.addi16sp sp, -16
core   0: 3 0x80009182 (0x717d) x 2 0x0000019f
core   0: 0x80009184 (0x03239d33) mulh    s10, t2, s2
core   0: 3 0x80009184 (0x03239d33) x26 0xfffffff1
core   0: 0x80009188 (0x0000862d) c.srai  a2, 11
core   0: 3 0x80009188 (0x862d) x12 0xfff8f7c8
core   0: 0x8000918a (0x01798c33) add     s8, s3, s7
core   0: 3 0x8000918a (0x01798c33) x24 0x0fffffff
core   0: 0x8000918e (0x00144833) xor     a6, s0, ra
core   0: 3 0x8000918e (0x00144833) x16 0xab9c9300
core   0: 0x80009192 (0x0089a6b3) slt     a3, s3, s0
core   0: 3 0x80009192 (0x0089a6b3) x13 0x00000000
core   0: 0x80009196 (0x991e4693) xori    a3, t3, -1647
core   0: 3 0x80009196 (0x991e4693) x13 0xd5a84191
core   0: 0x8000919a (0x0000e8b5) c.bnez  s1, pc + 116
core   0: 3 0x8000919a (0xe8b5)
core   0: 0x8000920e (0x020a9b63) bnez    s5, pc + 54
core   0: 3 0x8000920e (0x020a9b63)
core   0: 0x80009244 (0x0000613d) c.addi16sp sp, 480
core   0: 3 0x80009244 (0x613d) x 2 0x0000037f
core   0: 0x80009246 (0x62aec293) xori    t0, t4, 1578
core   0: 3 0x80009246 (0x62aec293) x 5 0xfffff9d5
core   0: 0x8000924a (0x5179a113) slti    sp, s3, 1303
core   0: 3 0x8000924a (0x5179a113) x 2 0x00000001
core   0: 0x8000924e (0x05e2c163) blt     t0, t5, pc + 66
core   0: 3 0x8000924e (0x05e2c163)
core   0: 0x80009290 (0x028aa9b3) mulhsu  s3, s5, s0
core   0: 3 0x80009290 (0x028aa9b3) x19 0x059a2bcf
core   0: 0x80009294 (0x00008265) c.srli  a2, 25
core   0: 3 0x80009294 (0x8265) x12 0x0000007f
core   0: 0x80009296 (0x03147963) bgeu    s0, a7, pc + 50
core   0: 3 0x80009296 (0x03147963)
core   0: 0x800092c8 (0xaeed0a13) addi    s4, s10, -1298
core   0: 3 0x800092c8 (0xaeed0a13) x20 0xfffffadf
core   0: 0x800092cc (0x7129fa13) andi    s4, s3, 1810
core   0: 3 0x800092cc (0x7129fa13) x20 0x00000302
core   0: 0x800092d0 (0x00661963) bne     a2, t1, pc + 18
core   0: 3 0x800092d0 (0x00661963)
core   0: 0x800092e2 (0x01df5293) srli    t0, t5, 29
core   0: 3 0x800092e2 (0x01df5293) x 5 0x00000007
core   0: 0x800092e6 (0xa7797613) andi    a2, s2, -1417
core   0: 3 0x800092e6 (0xa7797613) x12 0xf7a4a060
core   0: 0x800092ea (0x012a40b3) xor     ra, s4, s2
core   0: 3 0x800092ea (0x012a40b3) x 1 0xf7a4a3e2
core   0: 0x800092ee (0x0000965a) c.add   a2, s6
core   0: 3 0x800092ee (0x965a) x12 0x4c073d60
core   0: 0x800092f0 (0x03c5d933) divu    s2, a1, t3
core   0: 3 0x800092f0 (0x03c5d933) x18 0x00000000
core   0: 0x800092f4 (0x00876963) bltu    a4, s0, pc + 18
core   0: 3 0x800092f4 (0x00876963)
core   0: 0x80009306 (0x03b47263) bgeu    s0, s11, pc + 36
core   0: 3 0x80009306 (0x03b47263)
core   0: 0x8000932a (0x00004a29) c.li    s4, 10
core   0: 3 0x8000932a (0x4a29) x20 0x0000000a
core   0: 0x8000932c (0x0247ca33) div     s4, a5, tp
core   0: 3 0x8000932c (0x0247ca33) x20 0x00000044
core   0: 0x80009330 (0x01a4a733) slt     a4, s1, s10
core   0: 3 0x80009330 (0x01a4a733) x14 0x00000000
core   0: 0x80009334 (0x01827233) and     tp, tp, s8
core   0: 3 0x80009334 (0x01827233) x 4 0x00000001
core   0: 0x80009338 (0x03ec7633) remu    a2, s8, t5
core   0: 3 0x80009338 (0x03ec7633) x12 0x0fffffff
core   0: 0x8000933c (0x00857133) and     sp, a0, s0
core   0: 3 0x8000933c (0x00857133) x 2 0x80000200
core   0: 0x80009340 (0xe53dce93) xori    t4, s11, -429
core   0: 3 0x80009340 (0xe53dce93) x29 0x7ffda2b7
core   0: 0x80009344 (0x02946c63) bltu    s0, s1, pc + 56
core   0: 3 0x80009344 (0x02946c63)
core   0: 0x80009348 (0x00008859) c.andi  s0, 22
core   0: 3 0x80009348 (0x8859) x 8 0x00000000
core   0: 0x8000934a (0xd5f0be93) sltiu   t4, ra, -673
core   0: 3 0x8000934a (0xd5f0be93) x29 0x00000001
core   0: 0x8000934e (0x00000001) c.nop
core   0: 3 0x8000934e (0x0001)
core   0: 0x80009350 (0x005e7463) bgeu    t3, t0, pc + 8
core   0: 3 0x80009350 (0x005e7463)
core   0: 0x80009358 (0x00006b55) c.lui   s6, 0x15
core   0: 3 0x80009358 (0x6b55) x22 0x00015000
core   0: 0x8000935a (0x000057fd) c.li    a5, -1
core   0: 3 0x8000935a (0x57fd) x15 0xffffffff
core   0: 0x8000935c (0x00008831) c.andi  s0, 12
core   0: 3 0x8000935c (0x8831) x 8 0x00000000
core   0: 0x8000935e (0x0000100f) fence.i
core   0: 3 0x8000935e (0x0000100f)
core   0: 0x80009362 (0x4188de13) srai    t3, a7, 24
core   0: 3 0x80009362 (0x4188de13) x28 0x00000000
core   0: 0x80009366 (0x0051d8b3) srl     a7, gp, t0
core   0: 3 0x80009366 (0x0051d8b3) x17 0x005be802
core   0: 0x8000936a (0x0000cc85) c.beqz  s1, pc + 56
core   0: 3 0x8000936a (0xcc85)
core   0: 0x8000936c (0x00008605) c.srai  a2, 1
core   0: 3 0x8000936c (0x8605) x12 0x07ffffff
core   0: 0x8000936e (0x00008c52) c.mv    s8, s4
core   0: 3 0x8000936e (0x8c52) x24 0x00000044
core   0: 0x80009370 (0x01f8f6b3) and     a3, a7, t6
core   0: 3 0x80009370 (0x01f8f6b3) x13 0x00000002
core   0: 0x80009374 (0x0003b1b3) sltu    gp, t2, zero
core   0: 3 0x80009374 (0x0003b1b3) x 3 0x00000000
core   0: 0x80009378 (0x0527d063) bge     a5, s2, pc + 64
core   0: 3 0x80009378 (0x0527d063)
core   0: 0x8000937c (0x00009e2a) c.add   t3, a0
core   0: 3 0x8000937c (0x9e2a) x28 0x80021e2c
core   0: 0x8000937e (0x02380d63) beq     a6, gp, pc + 58
core   0: 3 0x8000937e (0x02380d63)
core   0: 0x80009382 (0x02fb9333) mulh    t1, s7, a5
core   0: 3 0x80009382 (0x02fb9333) x 6 0xffffffff
core   0: 0x80009386 (0x40025733) sra     a4, tp, zero
core   0: 3 0x80009386 (0x40025733) x14 0x00000001
core   0: 0x8000938a (0x034c9163) bne     s9, s4, pc + 34
core   0: 3 0x8000938a (0x034c9163)
core   0: 0x800093ac (0x02c87363) bgeu    a6, a2, pc + 38
core   0: 3 0x800093ac (0x02c87363)
core   0: 0x800093d2 (0x03aef763) bgeu    t4, s10, pc + 46
core   0: 3 0x800093d2 (0x03aef763)
core   0: 0x800093d6 (0x00008881) c.andi  s1, 0
core   0: 3 0x800093d6 (0x8881) x 9 0x00000000
core   0: 0x800093d8 (0x00121763) bne     tp, ra, pc + 14
core   0: 3 0x800093d8 (0x00121763)
core   0: 0x800093e6 (0x00000001) c.nop
core   0: 3 0x800093e6 (0x0001)
core   0: 0x800093e8 (0x04508263) beq     ra, t0, pc + 68
core   0: 3 0x800093e8 (0x04508263)
core   0: 0x800093ec (0x00008f55) c.or    a4, a3
core   0: 3 0x800093ec (0x8f55) x14 0x00000003
core   0: 0x800093ee (0x00750933) add     s2, a0, t2
core   0: 3 0x800093ee (0x00750933) x18 0x80021fdb
core   0: 0x800093f2 (0x010e71b3) and     gp, t3, a6
core   0: 3 0x800093f2 (0x010e71b3) x 3 0x80001200
core   0: 0x800093f6 (0x00008fe2) c.mv    t6, s8
core   0: 3 0x800093f6 (0x8fe2) x31 0x00000044
core   0: 0x800093f8 (0x0100f5b3) and     a1, ra, a6
core   0: 3 0x800093f8 (0x0100f5b3) x11 0xa3848300
core   0: 0x800093fc (0x03866233) rem     tp, a2, s8
core   0: 3 0x800093fc (0x03866233) x 4 0x00000007
core   0: 0x80009400 (0x7d244613) xori    a2, s0, 2002
core   0: 3 0x80009400 (0x7d244613) x12 0x000007d2
core   0: 0x80009404 (0x95907493) andi    s1, zero, -1703
core   0: 3 0x80009404 (0x95907493) x 9 0x00000000
core   0: 0x80009408 (0x00107b33) and     s6, zero, ra
core   0: 3 0x80009408 (0x00107b33) x22 0x00000000
core   0: 0x8000940c (0x034d5763) bge     s10, s4, pc + 46
core   0: 3 0x8000940c (0x034d5763)
core   0: 0x80009410 (0x00a2cf63) blt     t0, a0, pc + 30
core   0: 3 0x80009410 (0x00a2cf63)
core   0: 0x80009414 (0x406d0d13) addi    s10, s10, 1030
core   0: 3 0x80009414 (0x406d0d13) x26 0x000003f7
core   0: 0x80009418 (0x00008f49) c.or    a4, a0
core   0: 3 0x80009418 (0x8f49) x14 0x80021e2f
core   0: 0x8000941a (0x6f5aa913) slti    s2, s5, 1781
core   0: 3 0x8000941a (0x6f5aa913) x18 0x00000000
core   0: 0x8000941e (0x00833f33) sltu    t5, t1, s0
core   0: 3 0x8000941e (0x00833f33) x30 0x00000000
core   0: 0x80009422 (0x02117f33) remu    t5, sp, ra
core   0: 3 0x80009422 (0x02117f33) x30 0x80000200
core   0: 0x80009426 (0x000098fd) c.andi  s1, -1
core   0: 3 0x80009426 (0x98fd) x 9 0x00000000
core   0: 0x80009428 (0x02746863) bltu    s0, t2, pc + 48
core   0: 3 0x80009428 (0x02746863)
core   0: 0x80009458 (0xd97cc893) xori    a7, s9, -617
core   0: 3 0x80009458 (0xd97cc893) x17 0x00000268
core   0: 0x8000945c (0x014f3cb3) sltu    s9, t5, s4
core   0: 3 0x8000945c (0x014f3cb3) x25 0x00000000
core   0: 0x80009460 (0x00e46633) or      a2, s0, a4
core   0: 3 0x80009460 (0x00e46633) x12 0x80021e2f
core   0: 0x80009464 (0x41b95cb3) sra     s9, s2, s11
core   0: 3 0x80009464 (0x41b95cb3) x25 0x00000000
core   0: 0x80009468 (0x00008dc9) c.or    a1, a0
core   0: 3 0x80009468 (0x8dc9) x11 0xa3869f2c
core   0: 0x8000946a (0x01a2f0b3) and     ra, t0, s10
core   0: 3 0x8000946a (0x01a2f0b3) x 1 0x00000007
core   0: 0x8000946e (0x59f14913) xori    s2, sp, 1439
core   0: 3 0x8000946e (0x59f14913) x18 0x8000079f
core   0: 0x80009472 (0xa8447013) andi    zero, s0, -1404
core   0: 3 0x80009472 (0xa8447013)
core   0: 0x80009476 (0xfac4ff93) andi    t6, s1, -84
core   0: 3 0x80009476 (0xfac4ff93) x31 0x00000000
core   0: 0x8000947a (0x00aaf463) bgeu    s5, a0, pc + 8
core   0: 3 0x8000947a (0x00aaf463)
core   0: 0x8000947e (0x0000100f) fence.i
core   0: 3 0x8000947e (0x0000100f)
core   0: 0x80009482 (0x00008c76) c.mv    s8, t4
core   0: 3 0x80009482 (0x8c76) x24 0x00000001
core   0: 0x80009484 (0x3d15e197) auipc   gp, 0x3d15e
core   0: 3 0x80009484 (0x3d15e197) x 3 0xbd167484
core   0: 0x80009488 (0xa86aa913) slti    s2, s5, -1402
core   0: 3 0x80009488 (0xa86aa913) x18 0x00000000
core   0: 0x8000948c (0x01b65493) srli    s1, a2, 27
core   0: 3 0x8000948c (0x01b65493) x 9 0x00000010
core   0: 0x80009490 (0x64330d13) addi    s10, t1, 1603
core   0: 3 0x80009490 (0x64330d13) x26 0x00000642
core   0: 0x80009494 (0x0000081e) c.slli  a6, 7
core   0: 3 0x80009494 (0x081e) x16 0xce498000
core   0: 0x80009496 (0x00000876) c.slli  a6, 29
core   0: 3 0x80009496 (0x0876) x16 0x00000000
core   0: 0x80009498 (0x00000ff5) c.addi  t6, 29
core   0: 3 0x80009498 (0x0ff5) x31 0x0000001d
core   0: 0x8000949a (0x00000001) c.nop
core   0: 3 0x8000949a (0x0001)
core   0: 0x8000949c (0x005ac463) blt     s5, t0, pc + 8
core   0: 3 0x8000949c (0x005ac463)
core   0: 0x800094a0 (0x00008d8d) c.sub   a1, a1
core   0: 3 0x800094a0 (0x8d8d) x11 0x00000000
core   0: 0x800094a2 (0x0000469d) c.li    a3, 7
core   0: 3 0x800094a2 (0x469d) x13 0x00000007
core   0: 0x800094a4 (0x00008da1) c.xor   a1, s0
core   0: 3 0x800094a4 (0x8da1) x11 0x00000000
core   0: 0x800094a6 (0x0222e433) rem     s0, t0, sp
core   0: 3 0x800094a6 (0x0222e433) x 8 0x00000007
core   0: 0x800094aa (0xa5f010b7) lui     ra, 0xa5f01
core   0: 3 0x800094aa (0xa5f010b7) x 1 0xa5f01000
core   0: 0x800094ae (0xd4366493) ori     s1, a2, -701
core   0: 3 0x800094ae (0xd4366493) x 9 0xffffff6f
core   0: 0x800094b2 (0x00009712) c.add   a4, tp
core   0: 3 0x800094b2 (0x9712) x14 0x80021e36
core   0: 0x800094b4 (0x01b39a33) sll     s4, t2, s11
core   0: 3 0x800094b4 (0x01b39a33) x20 0x00001af0
core   0: 0x800094b8 (0x40830033) sub     zero, t1, s0
core   0: 3 0x800094b8 (0x40830033)
core   0: 0x800094bc (0x01877763) bgeu    a4, s8, pc + 14
core   0: 3 0x800094bc (0x01877763)
core   0: 0x800094ca (0x00000001) c.nop
core   0: 3 0x800094ca (0x0001)
core   0: 0x800094cc (0x00006139) c.addi16sp sp, 448
core   0: 3 0x800094cc (0x6139) x 2 0x800003c0
core   0: 0x800094ce (0x0000ea19) c.bnez  a2, pc + 22
core   0: 3 0x800094ce (0xea19)
core   0: 0x800094e4 (0xee298213) addi    tp, s3, -286
core   0: 3 0x800094e4 (0xee298213) x 4 0x059a2ab1
core   0: 0x800094e8 (0x00e8f133) and     sp, a7, a4
core   0: 3 0x800094e8 (0x00e8f133) x 2 0x00000220
core   0: 0x800094ec (0x000091a2) c.add   gp, s0
core   0: 3 0x800094ec (0x91a2) x 3 0xbd16748b
core   0: 0x800094ee (0x000083fd) c.srli  a5, 31
core   0: 3 0x800094ee (0x83fd) x15 0x00000001
core   0: 0x800094f0 (0x03636d33) rem     s10, t1, s6
core   0: 3 0x800094f0 (0x03636d33) x26 0xffffffff
core   0: 0x800094f4 (0x00008c0d) c.sub   s0, a1
core   0: 3 0x800094f4 (0x8c0d) x 8 0x00000007
core   0: 0x800094f6 (0x3f246913) ori     s2, s0, 1010
core   0: 3 0x800094f6 (0x3f246913) x18 0x000003f7
core   0: 0x800094fa (0x41810133) sub     sp, sp, s8
core   0: 3 0x800094fa (0x41810133) x 2 0x0000021f
core   0: 0x800094fe (0x0000e699) c.bnez  a3, pc + 14
core   0: 3 0x800094fe (0xe699)
core   0: 0x8000950c (0x00009bfd) c.andi  a5, -1
core   0: 3 0x8000950c (0x9bfd) x15 0x00000001
core   0: 0x8000950e (0x00008b8e) c.mv    s7, gp
core   0: 3 0x8000950e (0x8b8e) x23 0xbd16748b
core   0: 0x80009510 (0x02245c33) divu    s8, s0, sp
core   0: 3 0x80009510 (0x02245c33) x24 0x00000000
core   0: 0x80009514 (0x00008e01) c.sub   a2, s0
core   0: 3 0x80009514 (0x8e01) x12 0x80021e28
core   0: 0x80009516 (0x3578f817) auipc   a6, 0x3578f
core   0: 3 0x80009516 (0x3578f817) x16 0xb5798516
core   0: 0x8000951a (0x0347e963) bltu    a5, s4, pc + 50
core   0: 3 0x8000951a (0x0347e963)
core   0: 0x8000954c (0x01aa6663) bltu    s4, s10, pc + 12
core   0: 3 0x8000954c (0x01aa6663)
core   0: 0x80009558 (0x029a55b3) divu    a1, s4, s1
core   0: 3 0x80009558 (0x029a55b3) x11 0x00000000
core   0: 0x8000955c (0x01835593) srli    a1, t1, 24
core   0: 3 0x8000955c (0x01835593) x11 0x000000ff
core   0: 0x80009560 (0x00b884b3) add     s1, a7, a1
core   0: 3 0x80009560 (0x00b884b3) x 9 0x00000367
core   0: 0x80009564 (0x01660f63) beq     a2, s6, pc + 30
core   0: 3 0x80009564 (0x01660f63)
core   0: 0x80009568 (0x02f3d563) bge     t2, a5, pc + 42
core   0: 3 0x80009568 (0x02f3d563)
core   0: 0x80009592 (0x5a386e93) ori     t4, a6, 1443
core   0: 3 0x80009592 (0x5a386e93) x29 0xb57985b7
core   0: 0x80009596 (0x41b606b3) sub     a3, a2, s11
core   0: 3 0x80009596 (0x41b606b3) x13 0xffffc144
core   0: 0x8000959a (0x00008cd2) c.mv    s9, s4
core   0: 3 0x8000959a (0x8cd2) x25 0x00001af0
core   0: 0x8000959c (0x0228e863) bltu    a7, sp, pc + 48
core   0: 3 0x8000959c (0x0228e863)
core   0: 0x800095a0 (0x00001490) c.addi4spn a2, sp, 608
core   0: 3 0x800095a0 (0x1490) x12 0x0000047f
core   0: 0x800095a2 (0x00008749) c.srai  a4, 18
core   0: 3 0x800095a2 (0x8749) x14 0xffffe000
core   0: 0x800095a4 (0x0000cb99) c.beqz  a5, pc + 22
core   0: 3 0x800095a4 (0xcb99)
core   0: 0x800095a6 (0x000047b1) c.li    a5, 12
core   0: 3 0x800095a6 (0x47b1) x15 0x0000000c
core   0: 0x800095a8 (0x00000394) c.addi4spn a3, sp, 448
core   0: 3 0x800095a8 (0x0394) x13 0x000003df
core   0: 0x800095aa (0x0238bbb3) mulhu   s7, a7, gp
core   0: 3 0x800095aa (0x0238bbb3) x23 0x000001c6
core   0: 0x800095ae (0x8f570713) addi    a4, a4, -1803
core   0: 3 0x800095ae (0x8f570713) x14 0xffffd8f5
core   0: 0x800095b2 (0x00421963) bne     tp, tp, pc + 18
core   0: 3 0x800095b2 (0x00421963)
core   0: 0x800095b6 (0x030fbbb3) mulhu   s7, t6, a6
core   0: 3 0x800095b6 (0x030fbbb3) x23 0x00000014
core   0: 0x800095ba (0x574ffb17) auipc   s6, 0x574ff
core   0: 3 0x800095ba (0x574ffb17) x22 0xd75085ba
core   0: 0x800095be (0x030d15b3) mulh    a1, s10, a6
core   0: 3 0x800095be (0x030d15b3) x11 0x00000000
core   0: 0x800095c2 (0x0000717d) c.addi16sp sp, -16
core   0: 3 0x800095c2 (0x717d) x 2 0x0000020f
core   0: 0x800095c4 (0x006d9e63) bne     s11, t1, pc + 28
core   0: 3 0x800095c4 (0x006d9e63)
core   0: 0x800095e0 (0x01edc6b3) xor     a3, s11, t5
core   0: 3 0x800095e0 (0x01edc6b3) x13 0x00025ee4
core   0: 0x800095e4 (0x01675863) bge     a4, s6, pc + 16
core   0: 3 0x800095e4 (0x01675863)
core   0: 0x800095f4 (0x00ce9e33) sll     t3, t4, a2
core   0: 3 0x800095f4 (0x00ce9e33) x28 0x80000000
core   0: 0x800095f8 (0x00296b63) bltu    s2, sp, pc + 22
core   0: 3 0x800095f8 (0x00296b63)
core   0: 0x800095fc (0x41acde33) sra     t3, s9, s10
core   0: 3 0x800095fc (0x41acde33) x28 0x00000000
core   0: 0x80009600 (0xafe9fe37) lui     t3, 0xafe9f
core   0: 3 0x80009600 (0xafe9fe37) x28 0xafe9f000
core   0: 0x80009604 (0xcc75eb93) ori     s7, a1, -825
core   0: 3 0x80009604 (0xcc75eb93) x23 0xfffffcc7
core   0: 0x80009608 (0x249cc817) auipc   a6, 0x249cc
core   0: 3 0x80009608 (0x249cc817) x16 0xa49d5608
core   0: 0x8000960c (0x00008319) c.srli  a4, 6
core   0: 3 0x8000960c (0x8319) x14 0x03ffff63
core   0: 0x8000960e (0x00001394) c.addi4spn a3, sp, 480
core   0: 3 0x8000960e (0x1394) x13 0x000003ef
core   0: 0x80009610 (0xc7bcd0b7) lui     ra, 0xc7bcd
core   0: 3 0x80009610 (0xc7bcd0b7) x 1 0xc7bcd000
core   0: 0x80009614 (0x0224ae33) mulhsu  t3, s1, sp
core   0: 3 0x80009614 (0x0224ae33) x28 0x00000000
core   0: 0x80009618 (0x03ee3e33) mulhu   t3, t3, t5
core   0: 3 0x80009618 (0x03ee3e33) x28 0x00000000
core   0: 0x8000961c (0x03779cb3) mulh    s9, a5, s7
core   0: 3 0x8000961c (0x03779cb3) x25 0xffffffff
core   0: 0x80009620 (0x00008f7a) c.mv    t5, t5
core   0: 3 0x80009620 (0x8f7a) x30 0x80000200
core   0: 0x80009622 (0x012060b3) or      ra, zero, s2
core   0: 3 0x80009622 (0x012060b3) x 1 0x000003f7
core   0: 0x80009626 (0x021895b3) mulh    a1, a7, ra
core   0: 3 0x80009626 (0x021895b3) x11 0x00000000
core   0: 0x8000962a (0x033d9733) mulh    a4, s11, s3
core   0: 3 0x8000962a (0x033d9733) x14 0xfd32f755
core   0: 0x8000962e (0x00d39733) sll     a4, t2, a3
core   0: 3 0x8000962e (0x00d39733) x14 0x00d78000
core   0: 0x80009632 (0x03e56263) bltu    a0, t5, pc + 36
core   0: 3 0x80009632 (0x03e56263)
core   0: 0x80009636 (0x00000001) c.nop
core   0: 3 0x80009636 (0x0001)
core   0: 0x80009638 (0xf82bbc93) sltiu   s9, s7, -126
core   0: 3 0x80009638 (0xf82bbc93) x25 0x00000001
core   0: 0x8000963c (0x410a5713) srai    a4, s4, 16
core   0: 3 0x8000963c (0x410a5713) x14 0x00000000
core   0: 0x80009640 (0xbc788c97) auipc   s9, 0xbc788
core   0: 3 0x80009640 (0xbc788c97) x25 0x3c791640
core   0: 0x80009644 (0xe3cf8bb7) lui     s7, 0xe3cf8
core   0: 3 0x80009644 (0xe3cf8bb7) x23 0xe3cf8000
core   0: 0x80009648 (0x0b02be17) auipc   t3, 0xb02b
core   0: 3 0x80009648 (0x0b02be17) x28 0x8b034648
core   0: 0x8000964c (0x400452b3) sra     t0, s0, zero
core   0: 3 0x8000964c (0x400452b3) x 5 0x00000007
core   0: 0x80009650 (0x00008f39) c.xor   a4, a4
core   0: 3 0x80009650 (0x8f39) x14 0x00000000
core   0: 0x80009652 (0x8d65f613) andi    a2, a1, -1834
core   0: 3 0x80009652 (0x8d65f613) x12 0x00000000
core   0: 0x80009656 (0x04318363) beq     gp, gp, pc + 70
core   0: 3 0x80009656 (0x04318363)
core   0: 0x8000969c (0x00006215) c.lui   tp, 0x5
core   0: 3 0x8000969c (0x6215) x 4 0x00005000
core   0: 0x8000969e (0x0000e78d) c.bnez  a5, pc + 42
core   0: 3 0x8000969e (0xe78d)
core   0: 0x800096c8 (0x93f0c093) xori    ra, ra, -1729
core   0: 3 0x800096c8 (0x93f0c093) x 1 0xfffffac8
core   0: 0x800096cc (0x01af9b33) sll     s6, t6, s10
core   0: 3 0x800096cc (0x01af9b33) x22 0x80000000
core   0: 0x800096d0 (0x0331cfb3) div     t6, gp, s3
core   0: 3 0x800096d0 (0x0331cfb3) x31 0xfffffff5
core   0: 0x800096d4 (0x02031bb3) mulh    s7, t1, zero
core   0: 3 0x800096d4 (0x02031bb3) x23 0x00000000
core   0: 0x800096d8 (0x030a2833) mulhsu  a6, s4, a6
core   0: 3 0x800096d8 (0x030a2833) x16 0x00001152
core   0: 0x800096dc (0x01aaefb3) or      t6, s5, s10
core   0: 3 0x800096dc (0x01aaefb3) x31 0xffffffff
core   0: 0x800096e0 (0x02909eb3) mulh    t4, ra, s1
core   0: 3 0x800096e0 (0x02909eb3) x29 0xffffffff
core   0: 0x800096e4 (0x01b29563) bne     t0, s11, pc + 10
core   0: 3 0x800096e4 (0x01b29563)
core   0: 0x800096ee (0x00008c5d) c.or    s0, a5
core   0: 3 0x800096ee (0x8c5d) x 8 0x0000000f
core   0: 0x800096f0 (0x00001394) c.addi4spn a3, sp, 480
core   0: 3 0x800096f0 (0x1394) x13 0x000003ef
core   0: 0x800096f2 (0x02b474b3) remu    s1, s0, a1
core   0: 3 0x800096f2 (0x02b474b3) x 9 0x0000000f
core   0: 0x800096f6 (0x03880133) mul     sp, a6, s8
core   0: 3 0x800096f6 (0x03880133) x 2 0x00000000
core   0: 0x800096fa (0x31b1f793) andi    a5, gp, 795
core   0: 3 0x800096fa (0x31b1f793) x15 0x0000000b
core   0: 0x800096fe (0x0000871d) c.srai  a4, 7
core   0: 3 0x800096fe (0x871d) x14 0x00000000
core   0: 0x80009700 (0x00008019) c.srli  s0, 6
core   0: 3 0x80009700 (0x8019) x 8 0x00000000
core   0: 0x80009702 (0x0000c48d) c.beqz  s1, pc + 42
core   0: 3 0x80009702 (0xc48d)
core   0: 0x80009704 (0x0000100f) fence.i
core   0: 3 0x80009704 (0x0000100f)
core   0: 0x80009708 (0x0021e463) bltu    gp, sp, pc + 8
core   0: 3 0x80009708 (0x0021e463)
core   0: 0x8000970c (0x02fbe863) bltu    s7, a5, pc + 48
core   0: 3 0x8000970c (0x02fbe863)
core   0: 0x8000973c (0x03e2df63) bge     t0, t5, pc + 62
core   0: 3 0x8000973c (0x03e2df63)
core   0: 0x8000977a (0x024051b3) divu    gp, zero, tp
core   0: 3 0x8000977a (0x024051b3) x 3 0x00000000
core   0: 0x8000977e (0x00008651) c.srai  a2, 20
core   0: 3 0x8000977e (0x8651) x12 0x00000000
core   0: 0x80009780 (0x03390f33) mul     t5, s2, s3
core   0: 3 0x80009780 (0x03390f33) x30 0x3643b1b9
core   0: 0x80009784 (0x01d1feb3) and     t4, gp, t4
core   0: 3 0x80009784 (0x01d1feb3) x29 0x00000000
core   0: 0x80009788 (0x01809a33) sll     s4, ra, s8
core   0: 3 0x80009788 (0x01809a33) x20 0xfffffac8
core   0: 0x8000978c (0x000085c1) c.srai  a1, 16
core   0: 3 0x8000978c (0x85c1) x11 0x00000000
core   0: 0x8000978e (0x00006e95) c.lui   t4, 0x5
core   0: 3 0x8000978e (0x6e95) x29 0x00005000
core   0: 0x80009790 (0x01379763) bne     a5, s3, pc + 14
core   0: 3 0x80009790 (0x01379763)
core   0: 0x8000979e (0x0000cb19) c.beqz  a4, pc + 22
core   0: 3 0x8000979e (0xcb19)
core   0: 0x800097b4 (0xc3b24437) lui     s0, 0xc3b24
core   0: 3 0x800097b4 (0xc3b24437) x 8 0xc3b24000
core   0: 0x800097b8 (0x00008c5d) c.or    s0, a5
core   0: 3 0x800097b8 (0x8c5d) x 8 0xc3b2400b
core   0: 0x800097ba (0x8511e113) ori     sp, gp, -1967
core   0: 3 0x800097ba (0x8511e113) x 2 0xfffff851
core   0: 0x800097be (0x4d388813) addi    a6, a7, 1235
core   0: 3 0x800097be (0x4d388813) x16 0x0000073b
core   0: 0x800097c2 (0x00008f79) c.and   a4, a4
core   0: 3 0x800097c2 (0x8f79) x14 0x00000000
core   0: 0x800097c4 (0x00861b63) bne     a2, s0, pc + 22
core   0: 3 0x800097c4 (0x00861b63)
core   0: 0x800097da (0x00008f69) c.and   a4, a0
core   0: 3 0x800097da (0x8f69) x14 0x00000000
core   0: 0x800097dc (0x00008dbd) c.xor   a1, a5
core   0: 3 0x800097dc (0x8dbd) x11 0x0000000b
core   0: 0x800097de (0x000084d9) c.srai  s1, 22
core   0: 3 0x800097de (0x84d9) x 9 0x00000000
core   0: 0x800097e0 (0x020a4c63) bltz    s4, pc + 56
core   0: 3 0x800097e0 (0x020a4c63)
core   0: 0x80009818 (0x00000001) c.nop
core   0: 3 0x80009818 (0x0001)
core   0: 0x8000981a (0x00001f7d) c.addi  t5, -1
core   0: 3 0x8000981a (0x1f7d) x30 0x3643b1b8
core   0: 0x8000981c (0x00000001) c.nop
core   0: 3 0x8000981c (0x0001)
core   0: 0x8000981e (0x40add333) sra     t1, s11, a0
core   0: 3 0x8000981e (0x40add333) x 6 0xfff80025
core   0: 0x80009822 (0x038432b3) mulhu   t0, s0, s8
core   0: 3 0x80009822 (0x038432b3) x 5 0x00000000
core   0: 0x80009826 (0x031b5b33) divu    s6, s6, a7
core   0: 3 0x80009826 (0x031b5b33) x22 0x003531de
core   0: 0x8000982a (0x0000e88d) c.bnez  s1, pc + 50
core   0: 3 0x8000982a (0xe88d)
core   0: 0x8000982c (0x00001080) c.addi4spn s0, sp, 96
core   0: 3 0x8000982c (0x1080) x 8 0xfffff8b1
core   0: 0x8000982e (0x00000001) c.nop
core   0: 3 0x8000982e (0x0001)
core   0: 0x80009830 (0x016b64b3) or      s1, s6, s6
core   0: 3 0x80009830 (0x016b64b3) x 9 0x003531de
core   0: 0x80009834 (0x409450b3) sra     ra, s0, s1
core   0: 3 0x80009834 (0x409450b3) x 1 0xffffffff
core   0: 0x80009838 (0x007615b3) sll     a1, a2, t2
core   0: 3 0x80009838 (0x007615b3) x11 0x00000000
core   0: 0x8000983c (0x00006911) c.lui   s2, 0x4
core   0: 3 0x8000983c (0x6911) x18 0x00004000
core   0: 0x8000983e (0x000088c5) c.andi  s1, 17
core   0: 3 0x8000983e (0x88c5) x 9 0x00000010
core   0: 0x80009840 (0xcee94413) xori    s0, s2, -786
core   0: 3 0x80009840 (0xcee94413) x 8 0xffffbcee
core   0: 0x80009844 (0xcf990113) addi    sp, s2, -775
core   0: 3 0x80009844 (0xcf990113) x 2 0x00003cf9
core   0: 0x80009848 (0x00008fd1) c.or    a5, a2
core   0: 3 0x80009848 (0x8fd1) x15 0x0000000b
core   0: 0x8000984a (0x00008c5d) c.or    s0, a5
core   0: 3 0x8000984a (0x8c5d) x 8 0xffffbcef
core   0: 0x8000984c (0x03734563) blt     t1, s7, pc + 42
core   0: 3 0x8000984c (0x03734563)
core   0: 0x80009876 (0x46bb4613) xori    a2, s6, 1131
core   0: 3 0x80009876 (0x46bb4613) x12 0x003535b5
core   0: 0x8000987a (0x00006111) c.addi16sp sp, 256
core   0: 3 0x8000987a (0x6111) x 2 0x00003df9
core   0: 0x8000987c (0x00686833) or      a6, a6, t1
core   0: 3 0x8000987c (0x00686833) x16 0xfff8073f
core   0: 0x80009880 (0x005d77b3) and     a5, s10, t0
core   0: 3 0x80009880 (0x005d77b3) x15 0x00000000
core   0: 0x80009884 (0x03d7c433) div     s0, a5, t4
core   0: 3 0x80009884 (0x03d7c433) x 8 0x00000000
core   0: 0x80009888 (0x02f180b3) mul     ra, gp, a5
core   0: 3 0x80009888 (0x02f180b3) x 1 0x00000000
core   0: 0x8000988c (0x01c6d133) srl     sp, a3, t3
core   0: 3 0x8000988c (0x01c6d133) x 2 0x00000003
core   0: 0x80009890 (0x01fa5eb3) srl     t4, s4, t6
core   0: 3 0x80009890 (0x01fa5eb3) x29 0x00000001
core   0: 0x80009894 (0x01d159b3) srl     s3, sp, t4
core   0: 3 0x80009894 (0x01d159b3) x19 0x00000001
core   0: 0x80009898 (0x0ff0000f) fence   iorw,iorw
core   0: 3 0x80009898 (0x0ff0000f)
core   0: 0x8000989c (0x00008ed9) c.or    a3, a4
core   0: 3 0x8000989c (0x8ed9) x13 0x000003ef
core   0: 0x8000989e (0x0000ec99) c.bnez  s1, pc + 30
core   0: 3 0x8000989e (0xec99)
core   0: 0x800098bc (0x000014fd) c.addi  s1, -1
core   0: 3 0x800098bc (0x14fd) x 9 0x0000000f
core   0: 0x800098be (0x01be2733) slt     a4, t3, s11
core   0: 3 0x800098be (0x01be2733) x14 0x00000000
core   0: 0x800098c2 (0x000000f9) c.addi  ra, 30
core   0: 3 0x800098c2 (0x00f9) x 1 0x0000001e
core   0: 0x800098c4 (0x0000717d) c.addi16sp sp, -16
core   0: 3 0x800098c4 (0x717d) x 2 0xfffffff3
core   0: 0x800098c6 (0x00008ec9) c.or    a3, a0
core   0: 3 0x800098c6 (0x8ec9) x13 0x80021fef
core   0: 0x800098c8 (0x000061e1) c.lui   gp, 0x18
core   0: 3 0x800098c8 (0x61e1) x 3 0x00018000
core   0: 0x800098ca (0x00008a52) c.mv    s4, s4
core   0: 3 0x800098ca (0x8a52) x20 0xfffffac8
core   0: 0x800098cc (0x00b64863) blt     a2, a1, pc + 16
core   0: 3 0x800098cc (0x00b64863)
core   0: 0x800098d0 (0x00e2e763) bltu    t0, a4, pc + 14
core   0: 3 0x800098d0 (0x00e2e763)
core   0: 0x800098d4 (0x00000cb1) c.addi  s9, 12
core   0: 3 0x800098d4 (0x0cb1) x25 0x3c79164c
core   0: 0x800098d6 (0x00008cc2) c.mv    s9, a6
core   0: 3 0x800098d6 (0x8cc2) x25 0xfff8073f
core   0: 0x800098d8 (0x016fd313) srli    t1, t6, 22
core   0: 3 0x800098d8 (0x016fd313) x 6 0x000003ff
core   0: 0x800098dc (0x00008cb1) c.xor   s1, a2
core   0: 3 0x800098dc (0x8cb1) x 9 0x003535ba
core   0: 0x800098de (0x0069e1b3) or      gp, s3, t1
core   0: 3 0x800098de (0x0069e1b3) x 3 0x000003ff
core   0: 0x800098e2 (0x40605313) srai    t1, zero, 6
core   0: 3 0x800098e2 (0x40605313) x 6 0x00000000
core   0: 0x800098e6 (0x00ddbd33) sltu    s10, s11, a3
core   0: 3 0x800098e6 (0x00ddbd33) x26 0x00000000
core   0: 0x800098ea (0x000081dd) c.srli  a1, 23
core   0: 3 0x800098ea (0x81dd) x11 0x00000000
core   0: 0x800098ec (0x00008c15) c.sub   s0, a3
core   0: 3 0x800098ec (0x8c15) x 8 0x7ffde011
core   0: 0x800098ee (0x0000012a) c.slli  sp, 10
core   0: 3 0x800098ee (0x012a) x 2 0xffffcc00
core   0: 0x800098f0 (0x02a47c33) remu    s8, s0, a0
core   0: 3 0x800098f0 (0x02a47c33) x24 0x7ffde011
core   0: 0x800098f4 (0x03967163) bgeu    a2, s9, pc + 34
core   0: 3 0x800098f4 (0x03967163)
core   0: 0x800098f8 (0x02e66333) rem     t1, a2, a4
core   0: 3 0x800098f8 (0x02e66333) x 6 0x003535b5
core   0: 0x800098fc (0x130d3b93) sltiu   s7, s10, 304
core   0: 3 0x800098fc (0x130d3b93) x23 0x00000001
core   0: 0x80009900 (0x00b85d13) srli    s10, a6, 11
core   0: 3 0x80009900 (0x00b85d13) x26 0x001fff00
core   0: 0x80009904 (0x02559a63) bne     a1, t0, pc + 52
core   0: 3 0x80009904 (0x02559a63)
core   0: 0x80009908 (0x40c90633) sub     a2, s2, a2
core   0: 3 0x80009908 (0x40c90633) x12 0xffcb0a4b
core   0: 0x8000990c (0x0000cb15) c.beqz  a4, pc + 52
core   0: 3 0x8000990c (0xcb15)
core   0: 0x80009940 (0x0000717d) c.addi16sp sp, -16
core   0: 3 0x80009940 (0x717d) x 2 0xffffcbf0
core   0: 0x80009942 (0x60103497) auipc   s1, 0x60103
core   0: 3 0x80009942 (0x60103497) x 9 0xe010c942
core   0: 0x80009946 (0x00000b7e) c.slli  s6, 31
core   0: 3 0x80009946 (0x0b7e) x22 0x00000000
core   0: 0x80009948 (0x00000001) c.nop
core   0: 3 0x80009948 (0x0001)
core   0: 0x8000994a (0x00008f95) c.sub   a5, a3
core   0: 3 0x8000994a (0x8f95) x15 0x7ffde011
core   0: 0x8000994c (0x00008f5d) c.or    a4, a5
core   0: 3 0x8000994c (0x8f5d) x14 0x7ffde011
core   0: 0x8000994e (0x017518b3) sll     a7, a0, s7
core   0: 3 0x8000994e (0x017518b3) x17 0x00043c58
core   0: 0x80009952 (0x6c4c6e13) ori     t3, s8, 1732
core   0: 3 0x80009952 (0x6c4c6e13) x28 0x7ffde6d5
core   0: 0x80009956 (0x03e59063) bne     a1, t5, pc + 32
core   0: 3 0x80009956 (0x03e59063)
core   0: 0x80009976 (0x00dd5993) srli    s3, s10, 13
core   0: 3 0x80009976 (0x00dd5993) x19 0x000000ff
core   0: 0x8000997a (0x009e9fb3) sll     t6, t4, s1
core   0: 3 0x8000997a (0x009e9fb3) x31 0x00000004
core   0: 0x8000997e (0x0000c29d) c.beqz  a3, pc + 38
core   0: 3 0x8000997e (0xc29d)
core   0: 0x80009980 (0x00008a69) c.andi  a2, 26
core   0: 3 0x80009980 (0x8a69) x12 0x0000000a
core   0: 0x80009982 (0x01298633) add     a2, s3, s2
core   0: 3 0x80009982 (0x01298633) x12 0x000040ff
core   0: 0x80009986 (0x02072b33) mulhsu  s6, a4, zero
core   0: 3 0x80009986 (0x02072b33) x22 0x00000000
core   0: 0x8000998a (0x00753733) sltu    a4, a0, t2
core   0: 3 0x8000998a (0x00753733) x14 0x00000000
core   0: 0x8000998e (0x0000ea0d) c.bnez  a2, pc + 50
core   0: 3 0x8000998e (0xea0d)
core   0: 0x800099c0 (0x00008466) c.mv    s0, s9
core   0: 3 0x800099c0 (0x8466) x 8 0xfff8073f
core   0: 0x800099c2 (0x40e9dd13) srai    s10, s3, 14
core   0: 3 0x800099c2 (0x40e9dd13) x26 0x00000000
core   0: 0x800099c6 (0x0059cb63) blt     s3, t0, pc + 22
core   0: 3 0x800099c6 (0x0059cb63)
core   0: 0x800099ca (0x02d5e463) bltu    a1, a3, pc + 40
core   0: 3 0x800099ca (0x02d5e463)
core   0: 0x800099f2 (0x00000001) c.nop
core   0: 3 0x800099f2 (0x0001)
core   0: 0x800099f4 (0x40412613) slti    a2, sp, 1028
core   0: 3 0x800099f4 (0x40412613) x12 0x00000001
core   0: 0x800099f8 (0x00008de5) c.and   a1, s1
core   0: 3 0x800099f8 (0x8de5) x11 0x00000000
core   0: 0x800099fa (0x00008f7d) c.and   a4, a5
core   0: 3 0x800099fa (0x8f7d) x14 0x00000000
core   0: 0x800099fc (0x7d2a2e13) slti    t3, s4, 2002
core   0: 3 0x800099fc (0x7d2a2e13) x28 0x00000001
core   0: 0x80009a00 (0x00000001) c.nop
core   0: 3 0x80009a00 (0x0001)
core   0: 0x80009a02 (0x033a52b3) divu    t0, s4, s3
core   0: 3 0x80009a02 (0x033a52b3) x 5 0x010100fb
core   0: 0x80009a06 (0x525c1a37) lui     s4, 0x525c1
core   0: 3 0x80009a06 (0x525c1a37) x20 0x525c1000
core   0: 0x80009a0a (0x009703b3) add     t2, a4, s1
core   0: 3 0x80009a0a (0x009703b3) x 7 0xe010c942
core   0: 0x80009a0e (0xec64e913) ori     s2, s1, -314
core   0: 3 0x80009a0e (0xec64e913) x18 0xffffffc6
core   0: 0x80009a12 (0x38312f13) slti    t5, sp, 899
core   0: 3 0x80009a12 (0x38312f13) x30 0x00000001
core   0: 0x80009a16 (0xa48d2d13) slti    s10, s10, -1464
core   0: 3 0x80009a16 (0xa48d2d13) x26 0x00000000
core   0: 0x80009a1a (0x00008f45) c.or    a4, s1
core   0: 3 0x80009a1a (0x8f45) x14 0xe010c942
core   0: 0x80009a1c (0x00008712) c.mv    a4, tp
core   0: 3 0x80009a1c (0x8712) x14 0x00005000
core   0: 0x80009a1e (0x03297e33) remu    t3, s2, s2
core   0: 3 0x80009a1e (0x03297e33) x28 0x00000000
core   0: 0x80009a22 (0x0ff0000f) fence   iorw,iorw
core   0: 3 0x80009a22 (0x0ff0000f)
core   0: 0x80009a26 (0x00a19bb3) sll     s7, gp, a0
core   0: 3 0x80009a26 (0x00a19bb3) x23 0x003ff000
core   0: 0x80009a2a (0x011e4663) blt     t3, a7, pc + 12
core   0: 3 0x80009a2a (0x011e4663)
core   0: 0x80009a36 (0x00008ef1) c.and   a3, a2
core   0: 3 0x80009a36 (0x8ef1) x13 0x00000001
core   0: 0x80009a38 (0x00000001) c.nop
core   0: 3 0x80009a38 (0x0001)
core   0: 0x80009a3a (0x41c102b3) sub     t0, sp, t3
core   0: 3 0x80009a3a (0x41c102b3) x 5 0xffffcbf0
core   0: 0x80009a3e (0x00006d1d) c.lui   s10, 0x7
core   0: 3 0x80009a3e (0x6d1d) x26 0x00007000
core   0: 0x80009a40 (0x01e339b3) sltu    s3, t1, t5
core   0: 3 0x80009a40 (0x01e339b3) x19 0x00000000
core   0: 0x80009a44 (0x0000100f) fence.i
core   0: 3 0x80009a44 (0x0000100f)
core   0: 0x80009a48 (0x57af7f93) andi    t6, t5, 1402
core   0: 3 0x80009a48 (0x57af7f93) x31 0x00000000
core   0: 0x80009a4c (0x0107c6b3) xor     a3, a5, a6
core   0: 3 0x80009a4c (0x0107c6b3) x13 0x8005e72e
core   0: 0x80009a50 (0x02d7e633) rem     a2, a5, a3
core   0: 3 0x80009a50 (0x02d7e633) x12 0x0003c73f
core   0: 0x80009a54 (0x01065833) srl     a6, a2, a6
core   0: 3 0x80009a54 (0x01065833) x16 0x00000000
core   0: 0x80009a58 (0x00008f09) c.sub   a4, a0
core   0: 3 0x80009a58 (0x8f09) x14 0x7ffe31d4
core   0: 0x80009a5a (0x0000587d) c.li    a6, -1
core   0: 3 0x80009a5a (0x587d) x16 0xffffffff
core   0: 0x80009a5c (0x014cec63) bltu    s9, s4, pc + 24
core   0: 3 0x80009a5c (0x014cec63)
core   0: 0x80009a60 (0x000002e6) c.slli  t0, 25
core   0: 3 0x80009a60 (0x02e6) x 5 0xe0000000
core   0: 0x80009a62 (0x019b1e13) slli    t3, s6, 25
core   0: 3 0x80009a62 (0x019b1e13) x28 0x00000000
core   0: 0x80009a66 (0x41d00fb3) sub     t6, zero, t4
core   0: 3 0x80009a66 (0x41d00fb3) x31 0xffffffff
core   0: 0x80009a6a (0x534e3293) sltiu   t0, t3, 1332
core   0: 3 0x80009a6a (0x534e3293) x 5 0x00000001
core   0: 0x80009a6e (0x005f4633) xor     a2, t5, t0
core   0: 3 0x80009a6e (0x005f4633) x12 0x00000000
core   0: 0x80009a72 (0x00008f91) c.sub   a5, a2
core   0: 3 0x80009a72 (0x8f91) x15 0x7ffde011
core   0: 0x80009a74 (0x00695463) bge     s2, t1, pc + 8
core   0: 3 0x80009a74 (0x00695463)
core   0: 0x80009a78 (0x03443333) mulhu   t1, s0, s4
core   0: 3 0x80009a78 (0x03443333) x 6 0x52597f74
core   0: 0x80009a7c (0x658b1f37) lui     t5, 0x658b1
core   0: 3 0x80009a7c (0x658b1f37) x30 0x658b1000
core   0: 0x80009a80 (0x030eccb3) div     s9, t4, a6
core   0: 3 0x80009a80 (0x030eccb3) x25 0xffffffff
core   0: 0x80009a84 (0x00f33733) sltu    a4, t1, a5
core   0: 3 0x80009a84 (0x00f33733) x14 0x00000001
core   0: 0x80009a88 (0x0000ee01) c.bnez  a2, pc + 24
core   0: 3 0x80009a88 (0xee01)
core   0: 0x80009a8a (0x0000e70d) c.bnez  a4, pc + 42
core   0: 3 0x80009a8a (0xe70d)
core   0: 0x80009ab4 (0x00008a59) c.andi  a2, 22
core   0: 3 0x80009ab4 (0x8a59) x12 0x00000000
core   0: 0x80009ab6 (0xffd00793) li      a5, -3
core   0: 3 0x80009ab6 (0xffd00793) x15 0xfffffffd
core   0: 0x80009aba (0xffd00f13) li      t5, -3
core   0: 3 0x80009aba (0xffd00f13) x30 0xfffffffd
core   0: 0x80009abe (0x0259d733) divu    a4, s3, t0
core   0: 3 0x80009abe (0x0259d733) x14 0x00000000
core   0: 0x80009ac2 (0x000017fd) c.addi  a5, -1
core   0: 3 0x80009ac2 (0x17fd) x15 0xfffffffc
core   0: 0x80009ac4 (0x007f96b3) sll     a3, t6, t2
core   0: 3 0x80009ac4 (0x007f96b3) x13 0xfffffffc
core   0: 0x80009ac8 (0x3c7a7993) andi    s3, s4, 967
core   0: 3 0x80009ac8 (0x3c7a7993) x19 0x00000000
core   0: 0x80009acc (0xfff00b93) li      s7, -1
core   0: 3 0x80009acc (0xfff00b93) x23 0xffffffff
core   0: 0x80009ad0 (0x6c22ce37) lui     t3, 0x6c22c
core   0: 3 0x80009ad0 (0x6c22ce37) x28 0x6c22c000
core   0: 0x80009ad4 (0x00800b13) li      s6, 8
core   0: 3 0x80009ad4 (0x00800b13) x22 0x00000008
core   0: 0x80009ad8 (0x00000001) c.nop
core   0: 3 0x80009ad8 (0x0001)
core   0: 0x80009ada (0x00008f11) c.sub   a4, a2
core   0: 3 0x80009ada (0x8f11) x14 0x00000000
core   0: 0x80009adc (0x00000b85) c.addi  s7, 1
core   0: 3 0x80009adc (0x0b85) x23 0x00000000
core   0: 0x80009ade (0x00000001) c.nop
core   0: 3 0x80009ade (0x0001)
core   0: 0x80009ae0 (0xff6b8de3) beq     s7, s6, pc - 6
core   0: 3 0x80009ae0 (0xff6b8de3)
core   0: 0x80009ae4 (0x4e600013) li      zero, 1254
core   0: 3 0x80009ae4 (0x4e600013)
core   0: 0x80009ae8 (0xfde7dbe3) bge     a5, t5, pc - 42
core   0: 3 0x80009ae8 (0xfde7dbe3)
core   0: 0x80009aec (0x00000d98) c.addi4spn a4, sp, 720
core   0: 3 0x80009aec (0x0d98) x14 0xffffcec0
core   0: 0x80009aee (0x01da16b3) sll     a3, s4, t4
core   0: 3 0x80009aee (0x01da16b3) x13 0xa4b82000
core   0: 0x80009af2 (0x00008eed) c.and   a3, a1
core   0: 3 0x80009af2 (0x8eed) x13 0x00000000
core   0: 0x80009af4 (0x01ea3fb3) sltu    t6, s4, t5
core   0: 3 0x80009af4 (0x01ea3fb3) x31 0x00000001
core   0: 0x80009af8 (0x0ff0000f) fence   iorw,iorw
core   0: 3 0x80009af8 (0x0ff0000f)
core   0: 0x80009afc (0x00008ca1) c.xor   s1, s0
core   0: 3 0x80009afc (0x8ca1) x 9 0x1fe8ce7d
core   0: 0x80009afe (0x00008315) c.srli  a4, 5
core   0: 3 0x80009afe (0x8315) x14 0x07fffe76
core   0: 0x80009b00 (0x0309c763) blt     s3, a6, pc + 46
core   0: 3 0x80009b00 (0x0309c763)
core   0: 0x80009b04 (0x00008fad) c.xor   a5, a1
core   0: 3 0x80009b04 (0x8fad) x15 0xfffffffc
core   0: 0x80009b06 (0x018d85b3) add     a1, s11, s8
core   0: 3 0x80009b06 (0x018d85b3) x11 0x00003cf5
core   0: 0x80009b0a (0x01cca9b3) slt     s3, s9, t3
core   0: 3 0x80009b0a (0x01cca9b3) x19 0x00000001
core   0: 0x80009b0e (0x00008f41) c.or    a4, s0
core   0: 3 0x80009b0e (0x8f41) x14 0xffffff7f
core   0: 0x80009b10 (0x6f378893) addi    a7, a5, 1779
core   0: 3 0x80009b10 (0x6f378893) x17 0x000006ef
core   0: 0x80009b14 (0x02c89e33) mulh    t3, a7, a2
core   0: 3 0x80009b14 (0x02c89e33) x28 0x00000000
core   0: 0x80009b18 (0x46c70713) addi    a4, a4, 1132
core   0: 3 0x80009b18 (0x46c70713) x14 0x000003eb
core   0: 0x80009b1c (0x03209f33) mulh    t5, ra, s2
core   0: 3 0x80009b1c (0x03209f33) x30 0xffffffff
core   0: 0x80009b20 (0x00000c25) c.addi  s8, 9
core   0: 3 0x80009b20 (0x0c25) x24 0x7ffde01a
core   0: 0x80009b22 (0x00008269) c.srli  a2, 26
core   0: 3 0x80009b22 (0x8269) x12 0x00000000
core   0: 0x80009b24 (0x03020433) mul     s0, tp, a6
core   0: 3 0x80009b24 (0x03020433) x 8 0xffffb000
core   0: 0x80009b28 (0x00008cc9) c.or    s1, a0
core   0: 3 0x80009b28 (0x8cc9) x 9 0x9feade7d
core   0: 0x80009b2a (0x40a65fb3) sra     t6, a2, a0
core   0: 3 0x80009b2a (0x40a65fb3) x31 0x00000000
core   0: 0x80009b2e (0x000086f9) c.srai  a3, 30
core   0: 3 0x80009b2e (0x86f9) x13 0x00000000
core   0: 0x80009b30 (0x4008d193) srai    gp, a7, 0
core   0: 3 0x80009b30 (0x4008d193) x 3 0x000006ef
core   0: 0x80009b34 (0x03c89463) bne     a7, t3, pc + 40
core   0: 3 0x80009b34 (0x03c89463)
core   0: 0x80009b5c (0x01b2b4b3) sltu    s1, t0, s11
core   0: 3 0x80009b5c (0x01b2b4b3) x 9 0x00000001
core   0: 0x80009b60 (0x0000ca05) c.beqz  a2, pc + 48
core   0: 3 0x80009b60 (0xca05)
core   0: 0x80009b90 (0x03a89e63) bne     a7, s10, pc + 60
core   0: 3 0x80009b90 (0x03a89e63)
core   0: 0x80009bcc (0x0f924093) xori    ra, tp, 249
core   0: 3 0x80009bcc (0x0f924093) x 1 0x000050f9
core   0: 0x80009bd0 (0x00e4a233) slt     tp, s1, a4
core   0: 3 0x80009bd0 (0x00e4a233) x 4 0x00000001
core   0: 0x80009bd4 (0x002eacb3) slt     s9, t4, sp
core   0: 3 0x80009bd4 (0x002eacb3) x25 0x00000000
core   0: 0x80009bd8 (0x00008425) c.srai  s0, 9
core   0: 3 0x80009bd8 (0x8425) x 8 0xffffffd8
core   0: 0x80009bda (0x0ff0000f) fence   iorw,iorw
core   0: 3 0x80009bda (0x0ff0000f)
core   0: 0x80009bde (0x02babe33) mulhu   t3, s5, a1
core   0: 3 0x80009bde (0x02babe33) x28 0x000001fd
core   0: 0x80009be2 (0x000052fd) c.li    t0, -1
core   0: 3 0x80009be2 (0x52fd) x 5 0xffffffff
core   0: 0x80009be4 (0x00008dcd) c.or    a1, a1
core   0: 3 0x80009be4 (0x8dcd) x11 0x00003cf5
core   0: 0x80009be6 (0x00006ec9) c.lui   t4, 0x12
core   0: 3 0x80009be6 (0x6ec9) x29 0x00012000
core   0: 0x80009be8 (0x005f4433) xor     s0, t5, t0
core   0: 3 0x80009be8 (0x005f4433) x 8 0x00000000
core   0: 0x80009bec (0x00008cb1) c.xor   s1, a2
core   0: 3 0x80009bec (0x8cb1) x 9 0x00000001
core   0: 0x80009bee (0x01d1f333) and     t1, gp, t4
core   0: 3 0x80009bee (0x01d1f333) x 6 0x00000000
core   0: 0x80009bf2 (0x02f4f133) remu    sp, s1, a5
core   0: 3 0x80009bf2 (0x02f4f133) x 2 0x00000001
core   0: 0x80009bf6 (0x001b5a13) srli    s4, s6, 1
core   0: 3 0x80009bf6 (0x001b5a13) x20 0x00000004
core   0: 0x80009bfa (0x15d7b893) sltiu   a7, a5, 349
core   0: 3 0x80009bfa (0x15d7b893) x17 0x00000000
core   0: 0x80009bfe (0x022bc8b3) div     a7, s7, sp
core   0: 3 0x80009bfe (0x022bc8b3) x17 0x00000000
core   0: 0x80009c02 (0xffc00613) li      a2, -4
core   0: 3 0x80009c02 (0xffc00613) x12 0xfffffffc
core   0: 0x80009c06 (0x00004955) c.li    s2, 21
core   0: 3 0x80009c06 (0x4955) x18 0x00000015
core   0: 0x80009c08 (0x00000001) c.nop
core   0: 3 0x80009c08 (0x0001)
core   0: 0x80009c0a (0x000085ce) c.mv    a1, s3
core   0: 3 0x80009c0a (0x85ce) x11 0x00000001
core   0: 0x80009c0c (0x00001918) c.addi4spn a4, sp, 176
core   0: 3 0x80009c0c (0x1918) x14 0x000000b1
core   0: 0x80009c0e (0x00004b51) c.li    s6, 20
core   0: 3 0x80009c0e (0x4b51) x22 0x00000014
core   0: 0x80009c10 (0x60aeb893) sltiu   a7, t4, 1546
core   0: 3 0x80009c10 (0x60aeb893) x17 0x00000000
core   0: 0x80009c14 (0x034990b3) mulh    ra, s3, s4
core   0: 3 0x80009c14 (0x034990b3) x 1 0x00000000
core   0: 0x80009c18 (0x000089ad) c.andi  a1, 11
core   0: 3 0x80009c18 (0x89ad) x11 0x00000001
core   0: 0x80009c1a (0x3ecd9937) lui     s2, 0x3ecd9
core   0: 3 0x80009c1a (0x3ecd9937) x18 0x3ecd9000
core   0: 0x80009c1e (0x01ad55b3) srl     a1, s10, s10
core   0: 3 0x80009c1e (0x01ad55b3) x11 0x00007000
core   0: 0x80009c22 (0x6cc17113) andi    sp, sp, 1740
core   0: 3 0x80009c22 (0x6cc17113) x 2 0x00000000
core   0: 0x80009c26 (0x00000001) c.nop
core   0: 3 0x80009c26 (0x0001)
core   0: 0x80009c28 (0x00000fb2) c.slli  t6, 12
core   0: 3 0x80009c28 (0x0fb2) x31 0x00000000
core   0: 0x80009c2a (0x00008fc5) c.or    a5, s1
core   0: 3 0x80009c2a (0x8fc5) x15 0xfffffffd
core   0: 0x80009c2c (0x00000d14) c.addi4spn a3, sp, 656
core   0: 3 0x80009c2c (0x0d14) x13 0x00000290
core   0: 0x80009c2e (0x01e1de13) srli    t3, gp, 30
core   0: 3 0x80009c2e (0x01e1de13) x28 0x00000000
core   0: 0x80009c32 (0x00000001) c.nop
core   0: 3 0x80009c32 (0x0001)
core   0: 0x80009c34 (0x402a56b3) sra     a3, s4, sp
core   0: 3 0x80009c34 (0x402a56b3) x13 0x00000004
core   0: 0x80009c38 (0x03aa6d33) rem     s10, s4, s10
core   0: 3 0x80009c38 (0x03aa6d33) x26 0x00000004
core   0: 0x80009c3c (0x00cd08b3) add     a7, s10, a2
core   0: 3 0x80009c3c (0x00cd08b3) x17 0x00000000
core   0: 0x80009c40 (0xfc75f213) andi    tp, a1, -57
core   0: 3 0x80009c40 (0xfc75f213) x 4 0x00007000
core   0: 0x80009c44 (0x41118bb3) sub     s7, gp, a7
core   0: 3 0x80009c44 (0x41118bb3) x23 0x000006ef
core   0: 0x80009c48 (0x00000609) c.addi  a2, 2
core   0: 3 0x80009c48 (0x0609) x12 0xfffffffe
core   0: 0x80009c4a (0x0ff0000f) fence   iorw,iorw
core   0: 3 0x80009c4a (0x0ff0000f)
core   0: 0x80009c4e (0x00008065) c.srli  s0, 25
core   0: 3 0x80009c4e (0x8065) x 8 0x00000000
core   0: 0x80009c50 (0x0000d26d) c.beqz  a2, pc - 30
core   0: 3 0x80009c50 (0xd26d)
core   0: 0x80009c52 (0x5c6b8f93) addi    t6, s7, 1478
core   0: 3 0x80009c52 (0x5c6b8f93) x31 0x00000cb5
core   0: 0x80009c56 (0x03dbfe33) remu    t3, s7, t4
core   0: 3 0x80009c56 (0x03dbfe33) x28 0x000006ef
core   0: 0x80009c5a (0x00451993) slli    s3, a0, 4
core   0: 3 0x80009c5a (0x00451993) x19 0x0021e2c0
core   0: 0x80009c5e (0x028693b3) mulh    t2, a3, s0
core   0: 3 0x80009c5e (0x028693b3) x 7 0x00000000
core   0: 0x80009c62 (0x00330633) add     a2, t1, gp
core   0: 3 0x80009c62 (0x00330633) x12 0x000006ef
core   0: 0x80009c66 (0x03a9c233) div     tp, s3, s10
core   0: 3 0x80009c66 (0x03a9c233) x 4 0x000878b0
core   0: 0x80009c6a (0x9ab65637) lui     a2, 0x9ab65
core   0: 3 0x80009c6a (0x9ab65637) x12 0x9ab65000
core   0: 0x80009c6e (0x00ac9663) bne     s9, a0, pc + 12
core   0: 3 0x80009c6e (0x00ac9663)
core   0: 0x80009c7a (0xc4a01bb7) lui     s7, 0xc4a01
core   0: 3 0x80009c7a (0xc4a01bb7) x23 0xc4a01000
core   0: 0x80009c7e (0x00b16733) or      a4, sp, a1
core   0: 3 0x80009c7e (0x00b16733) x14 0x00007000
core   0: 0x80009c82 (0x0ff0000f) fence   iorw,iorw
core   0: 3 0x80009c82 (0x0ff0000f)
core   0: 0x80009c86 (0x000089b1) c.andi  a1, 12
core   0: 3 0x80009c86 (0x89b1) x11 0x00000000
core   0: 0x80009c88 (0x00008061) c.srli  s0, 24
core   0: 3 0x80009c88 (0x8061) x 8 0x00000000
core   0: 0x80009c8a (0x000080a9) c.srli  s1, 10
core   0: 3 0x80009c8a (0x80a9) x 9 0x00000000
core   0: 0x80009c8c (0x0318c563) blt     a7, a7, pc + 42
core   0: 3 0x80009c8c (0x0318c563)
core   0: 0x80009c90 (0x035f82b3) mul     t0, t6, s5
core   0: 3 0x80009c90 (0x035f82b3) x 5 0x310fc1a0
core   0: 0x80009c94 (0x000049fd) c.li    s3, 31
core   0: 3 0x80009c94 (0x49fd) x19 0x0000001f
core   0: 0x80009c96 (0x39488c13) addi    s8, a7, 916
core   0: 3 0x80009c96 (0x39488c13) x24 0x00000394
core   0: 0x80009c9a (0x00008a49) c.andi  a2, 18
core   0: 3 0x80009c9a (0x8a49) x12 0x00000000
core   0: 0x80009c9c (0x03ab5f63) bge     s6, s10, pc + 62
core   0: 3 0x80009c9c (0x03ab5f63)
core   0: 0x80009cda (0x01f9f963) bgeu    s3, t6, pc + 18
core   0: 3 0x80009cda (0x01f9f963)
core   0: 0x80009cde (0x01259663) bne     a1, s2, pc + 12
core   0: 3 0x80009cde (0x01259663)
core   0: 0x80009cea (0x00008f79) c.and   a4, a4
core   0: 3 0x80009cea (0x8f79) x14 0x00007000
core   0: 0x80009cec (0x01eb5f33) srl     t5, s6, t5
core   0: 3 0x80009cec (0x01eb5f33) x30 0x00000000
core   0: 0x80009cf0 (0x031e6833) rem     a6, t3, a7
core   0: 3 0x80009cf0 (0x031e6833) x16 0x000006ef
core   0: 0x80009cf4 (0x034d8e63) beq     s11, s4, pc + 60
core   0: 3 0x80009cf4 (0x034d8e63)
core   0: 0x80009cf8 (0x0000100f) fence.i
core   0: 3 0x80009cf8 (0x0000100f)
core   0: 0x80009cfc (0x02812e33) mulhsu  t3, sp, s0
core   0: 3 0x80009cfc (0x02812e33) x28 0x00000000
core   0: 0x80009d00 (0x00cbf5b3) and     a1, s7, a2
core   0: 3 0x80009d00 (0x00cbf5b3) x11 0x00000000
core   0: 0x80009d04 (0x0ff0000f) fence   iorw,iorw
core   0: 3 0x80009d04 (0x0ff0000f)
core   0: 0x80009d08 (0x00008271) c.srli  a2, 28
core   0: 3 0x80009d08 (0x8271) x12 0x00000000
core   0: 0x80009d0a (0x00005a7d) c.li    s4, -1
core   0: 3 0x80009d0a (0x5a7d) x20 0xffffffff
core   0: 0x80009d0c (0xcd332093) slti    ra, t1, -813
core   0: 3 0x80009d0c (0xcd332093) x 1 0x00000000
core   0: 0x80009d10 (0x00000732) c.slli  a4, 12
core   0: 3 0x80009d10 (0x0732) x14 0x07000000
core   0: 0x80009d12 (0x00009bc6) c.add   s7, a7
core   0: 3 0x80009d12 (0x9bc6) x23 0xc4a01000
core   0: 0x80009d14 (0x68a4eb17) auipc   s6, 0x68a4e
core   0: 3 0x80009d14 (0x68a4eb17) x22 0xe8a57d14
core   0: 0x80009d18 (0x000099fd) c.andi  a1, -1
core   0: 3 0x80009d18 (0x99fd) x11 0x00000000
core   0: 0x80009d1a (0xaae74793) xori    a5, a4, -1362
core   0: 3 0x80009d1a (0xaae74793) x15 0xf8fffaae
core   0: 0x80009d1e (0x9657e413) ori     s0, a5, -1691
core   0: 3 0x80009d1e (0x9657e413) x 8 0xfffffbef
core   0: 0x80009d22 (0x00e807b3) add     a5, a6, a4
core   0: 3 0x80009d22 (0x00e807b3) x15 0x070006ef
core   0: 0x80009d26 (0x00006119) c.addi16sp sp, 384
core   0: 3 0x80009d26 (0x6119) x 2 0x00000180
core   0: 0x80009d28 (0x01735b33) srl     s6, t1, s7
core   0: 3 0x80009d28 (0x01735b33) x22 0x00000000
core   0: 0x80009d2c (0xabe6fd13) andi    s10, a3, -1346
core   0: 3 0x80009d2c (0xabe6fd13) x26 0x00000004
core   0: 0x80009d30 (0x227b4713) xori    a4, s6, 551
core   0: 3 0x80009d30 (0x227b4713) x14 0x00000227
core   0: 0x80009d34 (0x02b49e33) mulh    t3, s1, a1
core   0: 3 0x80009d34 (0x02b49e33) x28 0x00000000
core   0: 0x80009d38 (0x00009cc6) c.add   s9, a7
core   0: 3 0x80009d38 (0x9cc6) x25 0x00000000
core   0: 0x80009d3a (0x03b7d2b3) divu    t0, a5, s11
core   0: 3 0x80009d3a (0x03b7d2b3) x 5 0x00000000
core   0: 0x80009d3e (0x00004431) c.li    s0, 12
core   0: 3 0x80009d3e (0x4431) x 8 0x0000000c
core   0: 0x80009d40 (0x0177e9b3) or      s3, a5, s7
core   0: 3 0x80009d40 (0x0177e9b3) x19 0xc7a016ef
core   0: 0x80009d44 (0x03ffed63) bltu    t6, t6, pc + 58
core   0: 3 0x80009d44 (0x03ffed63)
core   0: 0x80009d48 (0x03286963) bltu    a6, s2, pc + 50
core   0: 3 0x80009d48 (0x03286963)
core   0: 0x80009d7a (0x40d006b3) sub     a3, zero, a3
core   0: 3 0x80009d7a (0x40d006b3) x13 0xfffffffc
core   0: 0x80009d7e (0x0000cc8d) c.beqz  s1, pc + 58
core   0: 3 0x80009d7e (0xcc8d)
core   0: 0x80009db8 (0x00000001) c.nop
core   0: 3 0x80009db8 (0x0001)
core   0: 0x80009dba (0x41dca793) slti    a5, s9, 1053
core   0: 3 0x80009dba (0x41dca793) x15 0x00000001
core   0: 0x80009dbe (0x000083f1) c.srli  a5, 28
core   0: 3 0x80009dbe (0x83f1) x15 0x00000000
core   0: 0x80009dc0 (0x0000062e) c.slli  a2, 11
core   0: 3 0x80009dc0 (0x062e) x12 0x00000000
core   0: 0x80009dc2 (0xf1b4fb93) andi    s7, s1, -229
core   0: 3 0x80009dc2 (0xf1b4fb93) x23 0x00000000
core   0: 0x80009dc6 (0x9f3dba13) sltiu   s4, s11, -1549
core   0: 3 0x80009dc6 (0x9f3dba13) x20 0x00000001
core   0: 0x80009dca (0x440cf613) andi    a2, s9, 1088
core   0: 3 0x80009dca (0x440cf613) x12 0x00000000
core   0: 0x80009dce (0x29f9a713) slti    a4, s3, 671
core   0: 3 0x80009dce (0x29f9a713) x14 0x00000001
core   0: 0x80009dd2 (0x00001880) c.addi4spn s0, sp, 112
core   0: 3 0x80009dd2 (0x1880) x 8 0x000001f0
core   0: 0x80009dd4 (0x5c16c337) lui     t1, 0x5c16c
core   0: 3 0x80009dd4 (0x5c16c337) x 6 0x5c16c000
core   0: 0x80009dd8 (0x009ae4b3) or      s1, s5, s1
core   0: 3 0x80009dd8 (0x009ae4b3) x 9 0x085b5f20
core   0: 0x80009ddc (0x03708c63) beq     ra, s7, pc + 56
core   0: 3 0x80009ddc (0x03708c63)
core   0: 0x80009e14 (0x40b1dc13) srai    s8, gp, 11
core   0: 3 0x80009e14 (0x40b1dc13) x24 0x00000000
core   0: 0x80009e18 (0x000080f1) c.srli  s1, 28
core   0: 3 0x80009e18 (0x80f1) x 9 0x00000000
core   0: 0x80009e1a (0x01bad093) srli    ra, s5, 27
core   0: 3 0x80009e1a (0x01bad093) x 1 0x00000001
core   0: 0x80009e1e (0x01b7d733) srl     a4, a5, s11
core   0: 3 0x80009e1e (0x01b7d733) x14 0x00000000
core   0: 0x80009e22 (0xf74bc617) auipc   a2, 0xf74bc
core   0: 3 0x80009e22 (0xf74bc617) x12 0x774c5e22
core   0: 0x80009e26 (0x0000717d) c.addi16sp sp, -16
core   0: 3 0x80009e26 (0x717d) x 2 0x00000170
core   0: 0x80009e28 (0x013387b3) add     a5, t2, s3
core   0: 3 0x80009e28 (0x013387b3) x15 0xc7a016ef
core   0: 0x80009e2c (0x00009b7d) c.andi  a4, -1
core   0: 3 0x80009e2c (0x9b7d) x14 0x00000000
core   0: 0x80009e2e (0x41cbaf13) slti    t5, s7, 1052
core   0: 3 0x80009e2e (0x41cbaf13) x30 0x00000001
core   0: 0x80009e32 (0x0000100f) fence.i
core   0: 3 0x80009e32 (0x0000100f)
core   0: 0x80009e36 (0x0000c815) c.beqz  s0, pc + 52
core   0: 3 0x80009e36 (0xc815)
core   0: 0x80009e38 (0x03f89bb3) mulh    s7, a7, t6
core   0: 3 0x80009e38 (0x03f89bb3) x23 0x00000000
core   0: 0x80009e3c (0x00464633) xor     a2, a2, tp
core   0: 3 0x80009e3c (0x00464633) x12 0x77442692
core   0: 0x80009e40 (0x00001010) c.addi4spn a2, sp, 32
core   0: 3 0x80009e40 (0x1010) x12 0x00000190
core   0: 0x80009e42 (0xb8c53093) sltiu   ra, a0, -1140
core   0: 3 0x80009e42 (0xb8c53093) x 1 0x00000001
core   0: 0x80009e46 (0x000090ea) c.add   ra, s10
core   0: 3 0x80009e46 (0x90ea) x 1 0x00000005
core   0: 0x80009e48 (0x0000517d) c.li    sp, -1
core   0: 3 0x80009e48 (0x517d) x 2 0xffffffff
core   0: 0x80009e4a (0x0000170c) c.addi4spn a1, sp, 928
core   0: 3 0x80009e4a (0x170c) x11 0x0000039f
core   0: 0x80009e4c (0x0247ea33) rem     s4, a5, tp
core   0: 3 0x80009e4c (0x0247ea33) x20 0xfffaf1bf
core   0: 0x80009e50 (0x01f027b3) slt     a5, zero, t6
core   0: 3 0x80009e50 (0x01f027b3) x15 0x00000001
core   0: 0x80009e54 (0x010636b3) sltu    a3, a2, a6
core   0: 3 0x80009e54 (0x010636b3) x13 0x00000001
core   0: 0x80009e58 (0x0000ca15) c.beqz  a2, pc + 52
core   0: 3 0x80009e58 (0xca15)
core   0: 0x80009e5a (0x00008695) c.srai  a3, 5
core   0: 3 0x80009e5a (0x8695) x13 0x00000000
core   0: 0x80009e5c (0x03cac093) xori    ra, s5, 60
core   0: 3 0x80009e5c (0x03cac093) x 1 0x085b5f1c
core   0: 0x80009e60 (0x0ff0000f) fence   iorw,iorw
core   0: 3 0x80009e60 (0x0ff0000f)
core   0: 0x80009e64 (0x40485e33) sra     t3, a6, tp
core   0: 3 0x80009e64 (0x40485e33) x28 0x00000000
core   0: 0x80009e68 (0x00008f5d) c.or    a4, a5
core   0: 3 0x80009e68 (0x8f5d) x14 0x00000001
core   0: 0x80009e6a (0x00000001) c.nop
core   0: 3 0x80009e6a (0x0001)
core   0: 0x80009e6c (0x034e5d63) bge     t3, s4, pc + 58
core   0: 3 0x80009e6c (0x034e5d63)
core   0: 0x80009ea6 (0x01cc9663) bne     s9, t3, pc + 12
core   0: 3 0x80009ea6 (0x01cc9663)
core   0: 0x80009eaa (0x0ff0000f) fence   iorw,iorw
core   0: 3 0x80009eaa (0x0ff0000f)
core   0: 0x80009eae (0xdbc6f897) auipc   a7, 0xdbc6f
core   0: 3 0x80009eae (0xdbc6f897) x17 0x5bc78eae
core   0: 0x80009eb2 (0x03500f33) mul     t5, zero, s5
core   0: 3 0x80009eb2 (0x03500f33) x30 0x00000000
core   0: 0x80009eb6 (0x5d5df693) andi    a3, s11, 1493
core   0: 3 0x80009eb6 (0x5d5df693) x13 0x000004c4
core   0: 0x80009eba (0x00e5c633) xor     a2, a1, a4
core   0: 3 0x80009eba (0x00e5c633) x12 0x0000039e
core   0: 0x80009ebe (0x00000001) c.nop
core   0: 3 0x80009ebe (0x0001)
core   0: 0x80009ec0 (0x02576e63) bltu    a4, t0, pc + 60
core   0: 3 0x80009ec0 (0x02576e63)
core   0: 0x80009ec4 (0x000089ed) c.andi  a1, 27
core   0: 3 0x80009ec4 (0x89ed) x11 0x0000001b
core   0: 0x80009ec6 (0x00000001) c.nop
core   0: 3 0x80009ec6 (0x0001)
core   0: 0x80009ec8 (0x00008241) c.srli  a2, 16
core   0: 3 0x80009ec8 (0x8241) x12 0x00000000
core   0: 0x80009eca (0x0000ec19) c.bnez  s0, pc + 30
core   0: 3 0x80009eca (0xec19)
core   0: 0x80009ee8 (0x034fd633) divu    a2, t6, s4
core   0: 3 0x80009ee8 (0x034fd633) x12 0x00000000
core   0: 0x80009eec (0x0000c019) c.beqz  s0, pc + 6
core   0: 3 0x80009eec (0xc019)
core   0: 0x80009eee (0x17e76293) ori     t0, a4, 382
core   0: 3 0x80009eee (0x17e76293) x 5 0x0000017f
core   0: 0x80009ef2 (0x416506b3) sub     a3, a0, s6
core   0: 3 0x80009ef2 (0x416506b3) x13 0x80021e2c
core   0: 0x80009ef6 (0x027f7d63) bgeu    t5, t2, pc + 58
core   0: 3 0x80009ef6 (0x027f7d63)
core   0: 0x80009f30 (0x01679393) slli    t2, a5, 22
core   0: 3 0x80009f30 (0x01679393) x 7 0x00400000
core   0: 0x80009f34 (0x001558b3) srl     a7, a0, ra
core   0: 3 0x80009f34 (0x001558b3) x17 0x00000008
core   0: 0x80009f38 (0x0000c801) c.beqz  s0, pc + 16
core   0: 3 0x80009f38 (0xc801)
core   0: 0x80009f3a (0x04746063) bltu    s0, t2, pc + 64
core   0: 3 0x80009f3a (0x04746063)
core   0: 0x80009f7a (0x028e8563) beq     t4, s0, pc + 42
core   0: 3 0x80009f7a (0x028e8563)
core   0: 0x80009f7e (0x364a0693) addi    a3, s4, 868
core   0: 3 0x80009f7e (0x364a0693) x13 0xfffaf523
core   0: 0x80009f82 (0x03851033) mulh    zero, a0, s8
core   0: 3 0x80009f82 (0x03851033)
core   0: 0x80009f86 (0x00008aa1) c.andi  a3, 8
core   0: 3 0x80009f86 (0x8aa1) x13 0x00000000
core   0: 0x80009f88 (0x03955033) divu    zero, a0, s9
core   0: 3 0x80009f88 (0x03955033)
core   0: 0x80009f8c (0x0000100f) fence.i
core   0: 3 0x80009f8c (0x0000100f)
core   0: 0x80009f90 (0x000083c2) c.mv    t2, a6
core   0: 3 0x80009f90 (0x83c2) x 7 0x000006ef
core   0: 0x80009f92 (0x00b5a0b3) slt     ra, a1, a1
core   0: 3 0x80009f92 (0x00b5a0b3) x 1 0x00000000
core   0: 0x80009f96 (0x0292aeb3) mulhsu  t4, t0, s1
core   0: 3 0x80009f96 (0x0292aeb3) x29 0x00000000
core   0: 0x80009f9a (0x0259fd63) bgeu    s3, t0, pc + 58
core   0: 3 0x80009f9a (0x0259fd63)
core   0: 0x80009fd4 (0x01ccb333) sltu    t1, s9, t3
core   0: 3 0x80009fd4 (0x01ccb333) x 6 0x00000000
core   0: 0x80009fd8 (0xf5438593) addi    a1, t2, -172
core   0: 3 0x80009fd8 (0xf5438593) x11 0x00000643
core   0: 0x80009fdc (0x037ea3b3) mulhsu  t2, t4, s7
core   0: 3 0x80009fdc (0x037ea3b3) x 7 0x00000000
core   0: 0x80009fe0 (0x013177b3) and     a5, sp, s3
core   0: 3 0x80009fe0 (0x013177b3) x15 0xc7a016ef
core   0: 0x80009fe4 (0xd9336a17) auipc   s4, 0xd9336
core   0: 3 0x80009fe4 (0xd9336a17) x20 0x5933ffe4
core   0: 0x80009fe8 (0x00e8e963) bltu    a7, a4, pc + 18
core   0: 3 0x80009fe8 (0x00e8e963)
core   0: 0x80009fec (0x00008ca5) c.xor   s1, s1
core   0: 3 0x80009fec (0x8ca5) x 9 0x00000000
core   0: 0x80009fee (0x15d26293) ori     t0, tp, 349
core   0: 3 0x80009fee (0x15d26293) x 5 0x000879fd
core   0: 0x80009ff2 (0x030ba633) mulhsu  a2, s7, a6
core   0: 3 0x80009ff2 (0x030ba633) x12 0x00000000
core   0: 0x80009ff6 (0x0051dc33) srl     s8, gp, t0
core   0: 3 0x80009ff6 (0x0051dc33) x24 0x00000000
core   0: 0x80009ffa (0x41c0db93) srai    s7, ra, 28
core   0: 3 0x80009ffa (0x41c0db93) x23 0x00000000
core   0: 0x80009ffe (0x0000c811) c.beqz  s0, pc + 20
core   0: 3 0x80009ffe (0xc811)
core   0: 0x8000a000 (0x00e99b93) slli    s7, s3, 14
core   0: 3 0x8000a000 (0x00e99b93) x23 0x05bbc000
core   0: 0x8000a004 (0x00000f84) c.addi4spn s1, sp, 976
core   0: 3 0x8000a004 (0x0f84) x 9 0x000003cf
core   0: 0x8000a006 (0x9c7beb93) ori     s7, s7, -1593
core   0: 3 0x8000a006 (0x9c7beb93) x23 0xfffff9c7
core   0: 0x8000a00a (0x02f45e63) bge     s0, a5, pc + 60
core   0: 3 0x8000a00a (0x02f45e63)
core   0: 0x8000a046 (0x008dce63) blt     s11, s0, pc + 28
core   0: 3 0x8000a046 (0x008dce63)
core   0: 0x8000a062 (0x000008aa) c.slli  a7, 10
core   0: 3 0x8000a062 (0x08aa) x17 0x00002000
core   0: 0x8000a064 (0x74f58d13) addi    s10, a1, 1871
core   0: 3 0x8000a064 (0x74f58d13) x26 0x00000d92
core   0: 0x8000a068 (0x0001e433) or      s0, gp, zero
core   0: 3 0x8000a068 (0x0001e433) x 8 0x000006ef
core   0: 0x8000a06c (0x00008f65) c.and   a4, s1
core   0: 3 0x8000a06c (0x8f65) x14 0x00000001
core   0: 0x8000a06e (0x03a00f33) mul     t5, zero, s10
core   0: 3 0x8000a06e (0x03a00f33) x30 0x00000000
core   0: 0x8000a072 (0x01702cb3) slt     s9, zero, s7
core   0: 3 0x8000a072 (0x01702cb3) x25 0x00000000
core   0: 0x8000a076 (0x02a47763) bgeu    s0, a0, pc + 46
core   0: 3 0x8000a076 (0x02a47763)
core   0: 0x8000a07a (0x00986633) or      a2, a6, s1
core   0: 3 0x8000a07a (0x00986633) x12 0x000007ef
core   0: 0x8000a07e (0x96df2d13) slti    s10, t5, -1683
core   0: 3 0x8000a07e (0x96df2d13) x26 0x00000000
core   0: 0x8000a082 (0x00008de5) c.and   a1, s1
core   0: 3 0x8000a082 (0x8de5) x11 0x00000243
core   0: 0x8000a084 (0x41a85793) srai    a5, a6, 26
core   0: 3 0x8000a084 (0x41a85793) x15 0x00000000
core   0: 0x8000a088 (0x03e7ec63) bltu    a5, t5, pc + 56
core   0: 3 0x8000a088 (0x03e7ec63)
core   0: 0x8000a08c (0x00339293) slli    t0, t2, 3
core   0: 3 0x8000a08c (0x00339293) x 5 0x00000000
core   0: 0x8000a090 (0x01e5e033) or      zero, a1, t5
core   0: 3 0x8000a090 (0x01e5e033)
core   0: 0x8000a094 (0x02204663) blt     zero, sp, pc + 44
core   0: 3 0x8000a094 (0x02204663)
core   0: 0x8000a098 (0x0007afb3) slt     t6, a5, zero
core   0: 3 0x8000a098 (0x0007afb3) x31 0x00000000
core   0: 0x8000a09c (0xa4cd7113) andi    sp, s10, -1460
core   0: 3 0x8000a09c (0xa4cd7113) x 2 0x00000000
core   0: 0x8000a0a0 (0x00929463) bne     t0, s1, pc + 8
core   0: 3 0x8000a0a0 (0x00929463)
core   0: 0x8000a0a8 (0x0200b7b3) mulhu   a5, ra, zero
core   0: 3 0x8000a0a8 (0x0200b7b3) x15 0x00000000
core   0: 0x8000a0ac (0x00000c52) c.slli  s8, 20
core   0: 3 0x8000a0ac (0x0c52) x24 0x00000000
core   0: 0x8000a0ae (0x006c7663) bgeu    s8, t1, pc + 12
core   0: 3 0x8000a0ae (0x006c7663)
core   0: 0x8000a0ba (0x00000001) c.nop
core   0: 3 0x8000a0ba (0x0001)
core   0: 0x8000a0bc (0xc893a237) lui     tp, 0xc893a
core   0: 3 0x8000a0bc (0xc893a237) x 4 0xc893a000
core   0: 0x8000a0c0 (0x03f34033) div     zero, t1, t6
core   0: 3 0x8000a0c0 (0x03f34033)
core   0: 0x8000a0c4 (0x000001f5) c.addi  gp, 29
core   0: 3 0x8000a0c4 (0x01f5) x 3 0x0000070c
core   0: 0x8000a0c6 (0x00c19493) slli    s1, gp, 12
core   0: 3 0x8000a0c6 (0x00c19493) x 9 0x0070c000
core   0: 0x8000a0ca (0x019919b3) sll     s3, s2, s9
core   0: 3 0x8000a0ca (0x019919b3) x19 0x3ecd9000
core   0: 0x8000a0ce (0x03d46c63) bltu    s0, t4, pc + 56
core   0: 3 0x8000a0ce (0x03d46c63)
core   0: 0x8000a0d2 (0x000005a2) c.slli  a1, 8
core   0: 3 0x8000a0d2 (0x05a2) x11 0x00024300
core   0: 0x8000a0d4 (0x000002b2) c.slli  t0, 12
core   0: 3 0x8000a0d4 (0x02b2) x 5 0x00000000
core   0: 0x8000a0d6 (0x012f41b3) xor     gp, t5, s2
core   0: 3 0x8000a0d6 (0x012f41b3) x 3 0x3ecd9000
core   0: 0x8000a0da (0x6e4f3997) auipc   s3, 0x6e4f3
core   0: 3 0x8000a0da (0x6e4f3997) x19 0xee4fd0da
core   0: 0x8000a0de (0x0000833d) c.srli  a4, 15
core   0: 3 0x8000a0de (0x833d) x14 0x00000000
core   0: 0x8000a0e0 (0x020d5163) bgez    s10, pc + 34
core   0: 3 0x8000a0e0 (0x020d5163)
core   0: 0x8000a102 (0x40a555b3) sra     a1, a0, a0
core   0: 3 0x8000a102 (0x40a555b3) x11 0xfff80021
core   0: 0x8000a106 (0x023a6063) bltu    s4, gp, pc + 32
core   0: 3 0x8000a106 (0x023a6063)
core   0: 0x8000a10a (0x00008fd1) c.or    a5, a2
core   0: 3 0x8000a10a (0x8fd1) x15 0x000007ef
core   0: 0x8000a10c (0x000060fd) c.lui   ra, 0x1f
core   0: 3 0x8000a10c (0x60fd) x 1 0x0001f000
core   0: 0x8000a10e (0x025f6d33) rem     s10, t5, t0
core   0: 3 0x8000a10e (0x025f6d33) x26 0x00000000
core   0: 0x8000a112 (0x00f0b5b3) sltu    a1, ra, a5
core   0: 3 0x8000a112 (0x00f0b5b3) x11 0x00000000
core   0: 0x8000a116 (0x000050fd) c.li    ra, -1
core   0: 3 0x8000a116 (0x50fd) x 1 0xffffffff
core   0: 0x8000a118 (0x00fc65b3) or      a1, s8, a5
core   0: 3 0x8000a118 (0x00fc65b3) x11 0x000007ef
core   0: 0x8000a11c (0xdf2c3993) sltiu   s3, s8, -526
core   0: 3 0x8000a11c (0xdf2c3993) x19 0x00000001
core   0: 0x8000a120 (0x6ab14013) xori    zero, sp, 1707
core   0: 3 0x8000a120 (0x6ab14013)
core   0: 0x8000a124 (0x00008fdd) c.or    a5, a5
core   0: 3 0x8000a124 (0x8fdd) x15 0x000007ef
core   0: 0x8000a126 (0x00000001) c.nop
core   0: 3 0x8000a126 (0x0001)
core   0: 0x8000a128 (0x03a23a33) mulhu   s4, tp, s10
core   0: 3 0x8000a128 (0x03a23a33) x20 0x00000000
core   0: 0x8000a12c (0xffb00493) li      s1, -5
core   0: 3 0x8000a12c (0xffb00493) x 9 0xfffffffb
core   0: 0x8000a130 (0xffc00113) li      sp, -4
core   0: 3 0x8000a130 (0xffc00113) x 2 0xfffffffc
core   0: 0x8000a134 (0x00542433) slt     s0, s0, t0
core   0: 3 0x8000a134 (0x00542433) x 8 0x00000000
core   0: 0x8000a138 (0xc1a8c5b7) lui     a1, 0xc1a8c
core   0: 3 0x8000a138 (0xc1a8c5b7) x11 0xc1a8c000
core   0: 0x8000a13c (0x00e41093) slli    ra, s0, 14
core   0: 3 0x8000a13c (0x00e41093) x 1 0x00000000
core   0: 0x8000a140 (0x0ff0000f) fence   iorw,iorw
core   0: 3 0x8000a140 (0x0ff0000f)
core   0: 0x8000a144 (0x00000499) c.addi  s1, 6
core   0: 3 0x8000a144 (0x0499) x 9 0x00000001
core   0: 0x8000a146 (0x0000100f) fence.i
core   0: 3 0x8000a146 (0x0000100f)
core   0: 0x8000a14a (0xff700613) li      a2, -9
core   0: 3 0x8000a14a (0xff700613) x12 0xfffffff7
core   0: 0x8000a14e (0x00000001) c.nop
core   0: 3 0x8000a14e (0x0001)
core   0: 0x8000a150 (0x01412cb3) slt     s9, sp, s4
core   0: 3 0x8000a150 (0x01412cb3) x25 0x00000001
core   0: 0x8000a154 (0x7ee44593) xori    a1, s0, 2030
core   0: 3 0x8000a154 (0x7ee44593) x11 0x000007ee
core   0: 0x8000a158 (0x00000605) c.addi  a2, 1
core   0: 3 0x8000a158 (0x0605) x12 0xfffffff8
core   0: 0x8000a15a (0x00ac6eb3) or      t4, s8, a0
core   0: 3 0x8000a15a (0x00ac6eb3) x29 0x80021e2c
core   0: 0x8000a15e (0x0000fa7d) c.bnez  a2, pc - 10
core   0: 3 0x8000a15e (0xfa7d)
core   0: 0x8000a154 (0x7ee44593) xori    a1, s0, 2030
core   0: 3 0x8000a154 (0x7ee44593) x11 0x000007ee
core   0: 0x8000a158 (0x00000605) c.addi  a2, 1
core   0: 3 0x8000a158 (0x0605) x12 0xfffffff9
core   0: 0x8000a15a (0x00ac6eb3) or      t4, s8, a0
core   0: 3 0x8000a15a (0x00ac6eb3) x29 0x80021e2c
core   0: 0x8000a15e (0x0000fa7d) c.bnez  a2, pc - 10
core   0: 3 0x8000a15e (0xfa7d)
core   0: 0x8000a154 (0x7ee44593) xori    a1, s0, 2030
core   0: 3 0x8000a154 (0x7ee44593) x11 0x000007ee
core   0: 0x8000a158 (0x00000605) c.addi  a2, 1
core   0: 3 0x8000a158 (0x0605) x12 0xfffffffa
core   0: 0x8000a15a (0x00ac6eb3) or      t4, s8, a0
core   0: 3 0x8000a15a (0x00ac6eb3) x29 0x80021e2c
core   0: 0x8000a15e (0x0000fa7d) c.bnez  a2, pc - 10
core   0: 3 0x8000a15e (0xfa7d)
core   0: 0x8000a154 (0x7ee44593) xori    a1, s0, 2030
core   0: 3 0x8000a154 (0x7ee44593) x11 0x000007ee
core   0: 0x8000a158 (0x00000605) c.addi  a2, 1
core   0: 3 0x8000a158 (0x0605) x12 0xfffffffb
core   0: 0x8000a15a (0x00ac6eb3) or      t4, s8, a0
core   0: 3 0x8000a15a (0x00ac6eb3) x29 0x80021e2c
core   0: 0x8000a15e (0x0000fa7d) c.bnez  a2, pc - 10
core   0: 3 0x8000a15e (0xfa7d)
core   0: 0x8000a154 (0x7ee44593) xori    a1, s0, 2030
core   0: 3 0x8000a154 (0x7ee44593) x11 0x000007ee
core   0: 0x8000a158 (0x00000605) c.addi  a2, 1
core   0: 3 0x8000a158 (0x0605) x12 0xfffffffc
core   0: 0x8000a15a (0x00ac6eb3) or      t4, s8, a0
core   0: 3 0x8000a15a (0x00ac6eb3) x29 0x80021e2c
core   0: 0x8000a15e (0x0000fa7d) c.bnez  a2, pc - 10
core   0: 3 0x8000a15e (0xfa7d)
core   0: 0x8000a154 (0x7ee44593) xori    a1, s0, 2030
core   0: 3 0x8000a154 (0x7ee44593) x11 0x000007ee
core   0: 0x8000a158 (0x00000605) c.addi  a2, 1
core   0: 3 0x8000a158 (0x0605) x12 0xfffffffd
core   0: 0x8000a15a (0x00ac6eb3) or      t4, s8, a0
core   0: 3 0x8000a15a (0x00ac6eb3) x29 0x80021e2c
core   0: 0x8000a15e (0x0000fa7d) c.bnez  a2, pc - 10
core   0: 3 0x8000a15e (0xfa7d)
core   0: 0x8000a154 (0x7ee44593) xori    a1, s0, 2030
core   0: 3 0x8000a154 (0x7ee44593) x11 0x000007ee
core   0: 0x8000a158 (0x00000605) c.addi  a2, 1
core   0: 3 0x8000a158 (0x0605) x12 0xfffffffe
core   0: 0x8000a15a (0x00ac6eb3) or      t4, s8, a0
core   0: 3 0x8000a15a (0x00ac6eb3) x29 0x80021e2c
core   0: 0x8000a15e (0x0000fa7d) c.bnez  a2, pc - 10
core   0: 3 0x8000a15e (0xfa7d)
core   0: 0x8000a154 (0x7ee44593) xori    a1, s0, 2030
core   0: 3 0x8000a154 (0x7ee44593) x11 0x000007ee
core   0: 0x8000a158 (0x00000605) c.addi  a2, 1
core   0: 3 0x8000a158 (0x0605) x12 0xffffffff
core   0: 0x8000a15a (0x00ac6eb3) or      t4, s8, a0
core   0: 3 0x8000a15a (0x00ac6eb3) x29 0x80021e2c
core   0: 0x8000a15e (0x0000fa7d) c.bnez  a2, pc - 10
core   0: 3 0x8000a15e (0xfa7d)
core   0: 0x8000a154 (0x7ee44593) xori    a1, s0, 2030
core   0: 3 0x8000a154 (0x7ee44593) x11 0x000007ee
core   0: 0x8000a158 (0x00000605) c.addi  a2, 1
core   0: 3 0x8000a158 (0x0605) x12 0x00000000
core   0: 0x8000a15a (0x00ac6eb3) or      t4, s8, a0
core   0: 3 0x8000a15a (0x00ac6eb3) x29 0x80021e2c
core   0: 0x8000a15e (0x0000fa7d) c.bnez  a2, pc - 10
core   0: 3 0x8000a15e (0xfa7d)
core   0: 0x8000a160 (0x0000889a) c.mv    a7, t1
core   0: 3 0x8000a160 (0x889a) x17 0x00000000
core   0: 0x8000a162 (0xfc24cbe3) blt     s1, sp, pc - 42
core   0: 3 0x8000a162 (0xfc24cbe3)
core   0: 0x8000a166 (0x00000faa) c.slli  t6, 10
core   0: 3 0x8000a166 (0x0faa) x31 0x00000000
core   0: 0x8000a168 (0x00008831) c.andi  s0, 12
core   0: 3 0x8000a168 (0x8831) x 8 0x00000000
core   0: 0x8000a16a (0x00ba3133) sltu    sp, s4, a1
core   0: 3 0x8000a16a (0x00ba3133) x 2 0x00000001
core   0: 0x8000a16e (0x009d9a13) slli    s4, s11, 9
core   0: 3 0x8000a16e (0x009d9a13) x20 0x04b9c800
core   0: 0x8000a172 (0x41d35793) srai    a5, t1, 29
core   0: 3 0x8000a172 (0x41d35793) x15 0x00000000
core   0: 0x8000a176 (0x01f05433) srl     s0, zero, t6
core   0: 3 0x8000a176 (0x01f05433) x 8 0x00000000
core   0: 0x8000a17a (0x02c14c33) div     s8, sp, a2
core   0: 3 0x8000a17a (0x02c14c33) x24 0xffffffff
core   0: 0x8000a17e (0x00008c55) c.or    s0, a3
core   0: 3 0x8000a17e (0x8c55) x 8 0x00000000
core   0: 0x8000a180 (0x012ffc63) bgeu    t6, s2, pc + 24
core   0: 3 0x8000a180 (0x012ffc63)
core   0: 0x8000a184 (0x0261f9b3) remu    s3, gp, t1
core   0: 3 0x8000a184 (0x0261f9b3) x19 0x3ecd9000
core   0: 0x8000a188 (0x00000001) c.nop
core   0: 3 0x8000a188 (0x0001)
core   0: 0x8000a18a (0x0ff0000f) fence   iorw,iorw
core   0: 3 0x8000a18a (0x0ff0000f)
core   0: 0x8000a18e (0x02dd7663) bgeu    s10, a3, pc + 44
core   0: 3 0x8000a18e (0x02dd7663)
core   0: 0x8000a1ba (0x00008ec9) c.or    a3, a0
core   0: 3 0x8000a1ba (0x8ec9) x13 0x80021e2c
core   0: 0x8000a1bc (0x00000fa2) c.slli  t6, 8
core   0: 3 0x8000a1bc (0x0fa2) x31 0x00000000
core   0: 0x8000a1be (0xe255bf13) sltiu   t5, a1, -475
core   0: 3 0x8000a1be (0xe255bf13) x30 0x00000001
core   0: 0x8000a1c2 (0x67ebee93) ori     t4, s7, 1662
core   0: 3 0x8000a1c2 (0x67ebee93) x29 0xffffffff
core   0: 0x8000a1c6 (0x00008f1d) c.sub   a4, a5
core   0: 3 0x8000a1c6 (0x8f1d) x14 0x00000000
core   0: 0x8000a1c8 (0x01454e33) xor     t3, a0, s4
core   0: 3 0x8000a1c8 (0x01454e33) x28 0x84bbd62c
core   0: 0x8000a1cc (0x03687d63) bgeu    a6, s6, pc + 58
core   0: 3 0x8000a1cc (0x03687d63)
core   0: 0x8000a206 (0x08539163) bne     t2, t0, pc + 130
core   0: 3 0x8000a206 (0x08539163)
core   0: 0x8000a20a (0x00000a45) c.addi  s4, 17
core   0: 3 0x8000a20a (0x0a45) x20 0x04b9c811
core   0: 0x8000a20c (0x0015f7b3) and     a5, a1, ra
core   0: 3 0x8000a20c (0x0015f7b3) x15 0x00000000
core   0: 0x8000a210 (0x00006109) c.addi16sp sp, 128
core   0: 3 0x8000a210 (0x6109) x 2 0x00000081
core   0: 0x8000a212 (0x035d2e33) mulhsu  t3, s10, s5
core   0: 3 0x8000a212 (0x035d2e33) x28 0x00000000
core   0: 0x8000a216 (0x001943b3) xor     t2, s2, ra
core   0: 3 0x8000a216 (0x001943b3) x 7 0x3ecd9000
core   0: 0x8000a21a (0x016a5c13) srli    s8, s4, 22
core   0: 3 0x8000a21a (0x016a5c13) x24 0x00000012
core   0: 0x8000a21e (0x93178d13) addi    s10, a5, -1743
core   0: 3 0x8000a21e (0x93178d13) x26 0xfffff931
core   0: 0x8000a222 (0x00800913) li      s2, 8
core   0: 3 0x8000a222 (0x00800913) x18 0x00000008
core   0: 0x8000a226 (0x01400b13) li      s6, 20
core   0: 3 0x8000a226 (0x01400b13) x22 0x00000014
core   0: 0x8000a22a (0x017ca433) slt     s0, s9, s7
core   0: 3 0x8000a22a (0x017ca433) x 8 0x00000000
core   0: 0x8000a22e (0x19d6fa13) andi    s4, a3, 413
core   0: 3 0x8000a22e (0x19d6fa13) x20 0x0000000c
core   0: 0x8000a232 (0x0ff0000f) fence   iorw,iorw
core   0: 3 0x8000a232 (0x0ff0000f)
core   0: 0x8000a236 (0x00008cf1) c.and   s1, a2
core   0: 3 0x8000a236 (0x8cf1) x 9 0x00000000
core   0: 0x8000a238 (0x0ff0000f) fence   iorw,iorw
core   0: 3 0x8000a238 (0x0ff0000f)
core   0: 0x8000a23c (0x00000905) c.addi  s2, 1
core   0: 3 0x8000a23c (0x0905) x18 0x00000009
core   0: 0x8000a23e (0x00871e93) slli    t4, a4, 8
core   0: 3 0x8000a23e (0x00871e93) x29 0x00000000
core   0: 0x8000a242 (0xffa00793) li      a5, -6
core   0: 3 0x8000a242 (0xffa00793) x15 0xfffffffa
core   0: 0x8000a246 (0x02fa7433) remu    s0, s4, a5
core   0: 3 0x8000a246 (0x02fa7433) x 8 0x0000000c
core   0: 0x8000a24a (0x0176afb3) slt     t6, a3, s7
core   0: 3 0x8000a24a (0x0176afb3) x31 0x00000001
core   0: 0x8000a24e (0x00000001) c.nop
core   0: 3 0x8000a24e (0x0001)
core   0: 0x8000a250 (0x002895b3) sll     a1, a7, sp
core   0: 3 0x8000a250 (0x002895b3) x11 0x00000000
core   0: 0x8000a254 (0x000085c2) c.mv    a1, a6
core   0: 3 0x8000a254 (0x85c2) x11 0x000006ef
core   0: 0x8000a256 (0x410100b3) sub     ra, sp, a6
core   0: 3 0x8000a256 (0x410100b3) x 1 0xfffff992
core   0: 0x8000a25a (0x00000104) c.addi4spn s1, sp, 128
core   0: 3 0x8000a25a (0x0104) x 9 0x00000101
core   0: 0x8000a25c (0x00000785) c.addi  a5, 1
core   0: 3 0x8000a25c (0x0785) x15 0xfffffffb
core   0: 0x8000a25e (0x00004be1) c.li    s7, 24
core   0: 3 0x8000a25e (0x4be1) x23 0x00000018
core   0: 0x8000a260 (0x03d4e2b3) rem     t0, s1, t4
core   0: 3 0x8000a260 (0x03d4e2b3) x 5 0x00000101
core   0: 0x8000a264 (0x0000fbfd) c.bnez  a5, pc - 10
core   0: 3 0x8000a264 (0xfbfd)
core   0: 0x8000a25a (0x00000104) c.addi4spn s1, sp, 128
core   0: 3 0x8000a25a (0x0104) x 9 0x00000101
core   0: 0x8000a25c (0x00000785) c.addi  a5, 1
core   0: 3 0x8000a25c (0x0785) x15 0xfffffffc
core   0: 0x8000a25e (0x00004be1) c.li    s7, 24
core   0: 3 0x8000a25e (0x4be1) x23 0x00000018
core   0: 0x8000a260 (0x03d4e2b3) rem     t0, s1, t4
core   0: 3 0x8000a260 (0x03d4e2b3) x 5 0x00000101
core   0: 0x8000a264 (0x0000fbfd) c.bnez  a5, pc - 10
core   0: 3 0x8000a264 (0xfbfd)
core   0: 0x8000a25a (0x00000104) c.addi4spn s1, sp, 128
core   0: 3 0x8000a25a (0x0104) x 9 0x00000101
core   0: 0x8000a25c (0x00000785) c.addi  a5, 1
core   0: 3 0x8000a25c (0x0785) x15 0xfffffffd
core   0: 0x8000a25e (0x00004be1) c.li    s7, 24
core   0: 3 0x8000a25e (0x4be1) x23 0x00000018
core   0: 0x8000a260 (0x03d4e2b3) rem     t0, s1, t4
core   0: 3 0x8000a260 (0x03d4e2b3) x 5 0x00000101
core   0: 0x8000a264 (0x0000fbfd) c.bnez  a5, pc - 10
core   0: 3 0x8000a264 (0xfbfd)
core   0: 0x8000a25a (0x00000104) c.addi4spn s1, sp, 128
core   0: 3 0x8000a25a (0x0104) x 9 0x00000101
core   0: 0x8000a25c (0x00000785) c.addi  a5, 1
core   0: 3 0x8000a25c (0x0785) x15 0xfffffffe
core   0: 0x8000a25e (0x00004be1) c.li    s7, 24
core   0: 3 0x8000a25e (0x4be1) x23 0x00000018
core   0: 0x8000a260 (0x03d4e2b3) rem     t0, s1, t4
core   0: 3 0x8000a260 (0x03d4e2b3) x 5 0x00000101
core   0: 0x8000a264 (0x0000fbfd) c.bnez  a5, pc - 10
core   0: 3 0x8000a264 (0xfbfd)
core   0: 0x8000a25a (0x00000104) c.addi4spn s1, sp, 128
core   0: 3 0x8000a25a (0x0104) x 9 0x00000101
core   0: 0x8000a25c (0x00000785) c.addi  a5, 1
core   0: 3 0x8000a25c (0x0785) x15 0xffffffff
core   0: 0x8000a25e (0x00004be1) c.li    s7, 24
core   0: 3 0x8000a25e (0x4be1) x23 0x00000018
core   0: 0x8000a260 (0x03d4e2b3) rem     t0, s1, t4
core   0: 3 0x8000a260 (0x03d4e2b3) x 5 0x00000101
core   0: 0x8000a264 (0x0000fbfd) c.bnez  a5, pc - 10
core   0: 3 0x8000a264 (0xfbfd)
core   0: 0x8000a25a (0x00000104) c.addi4spn s1, sp, 128
core   0: 3 0x8000a25a (0x0104) x 9 0x00000101
core   0: 0x8000a25c (0x00000785) c.addi  a5, 1
core   0: 3 0x8000a25c (0x0785) x15 0x00000000
core   0: 0x8000a25e (0x00004be1) c.li    s7, 24
core   0: 3 0x8000a25e (0x4be1) x23 0x00000018
core   0: 0x8000a260 (0x03d4e2b3) rem     t0, s1, t4
core   0: 3 0x8000a260 (0x03d4e2b3) x 5 0x00000101
core   0: 0x8000a264 (0x0000fbfd) c.bnez  a5, pc - 10
core   0: 3 0x8000a264 (0xfbfd)
core   0: 0x8000a266 (0x00008a22) c.mv    s4, s0
core   0: 3 0x8000a266 (0x8a22) x20 0x0000000c
core   0: 0x8000a268 (0xfd6917e3) bne     s2, s6, pc - 50
core   0: 3 0x8000a268 (0xfd6917e3)
core   0: 0x8000a236 (0x00008cf1) c.and   s1, a2
core   0: 3 0x8000a236 (0x8cf1) x 9 0x00000000
core   0: 0x8000a238 (0x0ff0000f) fence   iorw,iorw
core   0: 3 0x8000a238 (0x0ff0000f)
core   0: 0x8000a23c (0x00000905) c.addi  s2, 1
core   0: 3 0x8000a23c (0x0905) x18 0x0000000a
core   0: 0x8000a23e (0x00871e93) slli    t4, a4, 8
core   0: 3 0x8000a23e (0x00871e93) x29 0x00000000
core   0: 0x8000a242 (0xffa00793) li      a5, -6
core   0: 3 0x8000a242 (0xffa00793) x15 0xfffffffa
core   0: 0x8000a246 (0x02fa7433) remu    s0, s4, a5
core   0: 3 0x8000a246 (0x02fa7433) x 8 0x0000000c
core   0: 0x8000a24a (0x0176afb3) slt     t6, a3, s7
core   0: 3 0x8000a24a (0x0176afb3) x31 0x00000001
core   0: 0x8000a24e (0x00000001) c.nop
core   0: 3 0x8000a24e (0x0001)
core   0: 0x8000a250 (0x002895b3) sll     a1, a7, sp
core   0: 3 0x8000a250 (0x002895b3) x11 0x00000000
core   0: 0x8000a254 (0x000085c2) c.mv    a1, a6
core   0: 3 0x8000a254 (0x85c2) x11 0x000006ef
core   0: 0x8000a256 (0x410100b3) sub     ra, sp, a6
core   0: 3 0x8000a256 (0x410100b3) x 1 0xfffff992
core   0: 0x8000a25a (0x00000104) c.addi4spn s1, sp, 128
core   0: 3 0x8000a25a (0x0104) x 9 0x00000101
core   0: 0x8000a25c (0x00000785) c.addi  a5, 1
core   0: 3 0x8000a25c (0x0785) x15 0xfffffffb
core   0: 0x8000a25e (0x00004be1) c.li    s7, 24
core   0: 3 0x8000a25e (0x4be1) x23 0x00000018
core   0: 0x8000a260 (0x03d4e2b3) rem     t0, s1, t4
core   0: 3 0x8000a260 (0x03d4e2b3) x 5 0x00000101
core   0: 0x8000a264 (0x0000fbfd) c.bnez  a5, pc - 10
core   0: 3 0x8000a264 (0xfbfd)
core   0: 0x8000a25a (0x00000104) c.addi4spn s1, sp, 128
core   0: 3 0x8000a25a (0x0104) x 9 0x00000101
core   0: 0x8000a25c (0x00000785) c.addi  a5, 1
core   0: 3 0x8000a25c (0x0785) x15 0xfffffffc
core   0: 0x8000a25e (0x00004be1) c.li    s7, 24
core   0: 3 0x8000a25e (0x4be1) x23 0x00000018
core   0: 0x8000a260 (0x03d4e2b3) rem     t0, s1, t4
core   0: 3 0x8000a260 (0x03d4e2b3) x 5 0x00000101
core   0: 0x8000a264 (0x0000fbfd) c.bnez  a5, pc - 10
core   0: 3 0x8000a264 (0xfbfd)
core   0: 0x8000a25a (0x00000104) c.addi4spn s1, sp, 128
core   0: 3 0x8000a25a (0x0104) x 9 0x00000101
core   0: 0x8000a25c (0x00000785) c.addi  a5, 1
core   0: 3 0x8000a25c (0x0785) x15 0xfffffffd
core   0: 0x8000a25e (0x00004be1) c.li    s7, 24
core   0: 3 0x8000a25e (0x4be1) x23 0x00000018
core   0: 0x8000a260 (0x03d4e2b3) rem     t0, s1, t4
core   0: 3 0x8000a260 (0x03d4e2b3) x 5 0x00000101
core   0: 0x8000a264 (0x0000fbfd) c.bnez  a5, pc - 10
core   0: 3 0x8000a264 (0xfbfd)
core   0: 0x8000a25a (0x00000104) c.addi4spn s1, sp, 128
core   0: 3 0x8000a25a (0x0104) x 9 0x00000101
core   0: 0x8000a25c (0x00000785) c.addi  a5, 1
core   0: 3 0x8000a25c (0x0785) x15 0xfffffffe
core   0: 0x8000a25e (0x00004be1) c.li    s7, 24
core   0: 3 0x8000a25e (0x4be1) x23 0x00000018
core   0: 0x8000a260 (0x03d4e2b3) rem     t0, s1, t4
core   0: 3 0x8000a260 (0x03d4e2b3) x 5 0x00000101
core   0: 0x8000a264 (0x0000fbfd) c.bnez  a5, pc - 10
core   0: 3 0x8000a264 (0xfbfd)
core   0: 0x8000a25a (0x00000104) c.addi4spn s1, sp, 128
core   0: 3 0x8000a25a (0x0104) x 9 0x00000101
core   0: 0x8000a25c (0x00000785) c.addi  a5, 1
core   0: 3 0x8000a25c (0x0785) x15 0xffffffff
core   0: 0x8000a25e (0x00004be1) c.li    s7, 24
core   0: 3 0x8000a25e (0x4be1) x23 0x00000018
core   0: 0x8000a260 (0x03d4e2b3) rem     t0, s1, t4
core   0: 3 0x8000a260 (0x03d4e2b3) x 5 0x00000101
core   0: 0x8000a264 (0x0000fbfd) c.bnez  a5, pc - 10
core   0: 3 0x8000a264 (0xfbfd)
core   0: 0x8000a25a (0x00000104) c.addi4spn s1, sp, 128
core   0: 3 0x8000a25a (0x0104) x 9 0x00000101
core   0: 0x8000a25c (0x00000785) c.addi  a5, 1
core   0: 3 0x8000a25c (0x0785) x15 0x00000000
core   0: 0x8000a25e (0x00004be1) c.li    s7, 24
core   0: 3 0x8000a25e (0x4be1) x23 0x00000018
core   0: 0x8000a260 (0x03d4e2b3) rem     t0, s1, t4
core   0: 3 0x8000a260 (0x03d4e2b3) x 5 0x00000101
core   0: 0x8000a264 (0x0000fbfd) c.bnez  a5, pc - 10
core   0: 3 0x8000a264 (0xfbfd)
core   0: 0x8000a266 (0x00008a22) c.mv    s4, s0
core   0: 3 0x8000a266 (0x8a22) x20 0x0000000c
core   0: 0x8000a268 (0xfd6917e3) bne     s2, s6, pc - 50
core   0: 3 0x8000a268 (0xfd6917e3)
core   0: 0x8000a236 (0x00008cf1) c.and   s1, a2
core   0: 3 0x8000a236 (0x8cf1) x 9 0x00000000
core   0: 0x8000a238 (0x0ff0000f) fence   iorw,iorw
core   0: 3 0x8000a238 (0x0ff0000f)
core   0: 0x8000a23c (0x00000905) c.addi  s2, 1
core   0: 3 0x8000a23c (0x0905) x18 0x0000000b
core   0: 0x8000a23e (0x00871e93) slli    t4, a4, 8
core   0: 3 0x8000a23e (0x00871e93) x29 0x00000000
core   0: 0x8000a242 (0xffa00793) li      a5, -6
core   0: 3 0x8000a242 (0xffa00793) x15 0xfffffffa
core   0: 0x8000a246 (0x02fa7433) remu    s0, s4, a5
core   0: 3 0x8000a246 (0x02fa7433) x 8 0x0000000c
core   0: 0x8000a24a (0x0176afb3) slt     t6, a3, s7
core   0: 3 0x8000a24a (0x0176afb3) x31 0x00000001
core   0: 0x8000a24e (0x00000001) c.nop
core   0: 3 0x8000a24e (0x0001)
core   0: 0x8000a250 (0x002895b3) sll     a1, a7, sp
core   0: 3 0x8000a250 (0x002895b3) x11 0x00000000
core   0: 0x8000a254 (0x000085c2) c.mv    a1, a6
core   0: 3 0x8000a254 (0x85c2) x11 0x000006ef
core   0: 0x8000a256 (0x410100b3) sub     ra, sp, a6
core   0: 3 0x8000a256 (0x410100b3) x 1 0xfffff992
core   0: 0x8000a25a (0x00000104) c.addi4spn s1, sp, 128
core   0: 3 0x8000a25a (0x0104) x 9 0x00000101
core   0: 0x8000a25c (0x00000785) c.addi  a5, 1
core   0: 3 0x8000a25c (0x0785) x15 0xfffffffb
core   0: 0x8000a25e (0x00004be1) c.li    s7, 24
core   0: 3 0x8000a25e (0x4be1) x23 0x00000018
core   0: 0x8000a260 (0x03d4e2b3) rem     t0, s1, t4
core   0: 3 0x8000a260 (0x03d4e2b3) x 5 0x00000101
core   0: 0x8000a264 (0x0000fbfd) c.bnez  a5, pc - 10
core   0: 3 0x8000a264 (0xfbfd)
core   0: 0x8000a25a (0x00000104) c.addi4spn s1, sp, 128
core   0: 3 0x8000a25a (0x0104) x 9 0x00000101
core   0: 0x8000a25c (0x00000785) c.addi  a5, 1
core   0: 3 0x8000a25c (0x0785) x15 0xfffffffc
core   0: 0x8000a25e (0x00004be1) c.li    s7, 24
core   0: 3 0x8000a25e (0x4be1) x23 0x00000018
core   0: 0x8000a260 (0x03d4e2b3) rem     t0, s1, t4
core   0: 3 0x8000a260 (0x03d4e2b3) x 5 0x00000101
core   0: 0x8000a264 (0x0000fbfd) c.bnez  a5, pc - 10
core   0: 3 0x8000a264 (0xfbfd)
core   0: 0x8000a25a (0x00000104) c.addi4spn s1, sp, 128
core   0: 3 0x8000a25a (0x0104) x 9 0x00000101
core   0: 0x8000a25c (0x00000785) c.addi  a5, 1
core   0: 3 0x8000a25c (0x0785) x15 0xfffffffd
core   0: 0x8000a25e (0x00004be1) c.li    s7, 24
core   0: 3 0x8000a25e (0x4be1) x23 0x00000018
core   0: 0x8000a260 (0x03d4e2b3) rem     t0, s1, t4
core   0: 3 0x8000a260 (0x03d4e2b3) x 5 0x00000101
core   0: 0x8000a264 (0x0000fbfd) c.bnez  a5, pc - 10
core   0: 3 0x8000a264 (0xfbfd)
core   0: 0x8000a25a (0x00000104) c.addi4spn s1, sp, 128
core   0: 3 0x8000a25a (0x0104) x 9 0x00000101
core   0: 0x8000a25c (0x00000785) c.addi  a5, 1
core   0: 3 0x8000a25c (0x0785) x15 0xfffffffe
core   0: 0x8000a25e (0x00004be1) c.li    s7, 24
core   0: 3 0x8000a25e (0x4be1) x23 0x00000018
core   0: 0x8000a260 (0x03d4e2b3) rem     t0, s1, t4
core   0: 3 0x8000a260 (0x03d4e2b3) x 5 0x00000101
core   0: 0x8000a264 (0x0000fbfd) c.bnez  a5, pc - 10
core   0: 3 0x8000a264 (0xfbfd)
core   0: 0x8000a25a (0x00000104) c.addi4spn s1, sp, 128
core   0: 3 0x8000a25a (0x0104) x 9 0x00000101
core   0: 0x8000a25c (0x00000785) c.addi  a5, 1
core   0: 3 0x8000a25c (0x0785) x15 0xffffffff
core   0: 0x8000a25e (0x00004be1) c.li    s7, 24
core   0: 3 0x8000a25e (0x4be1) x23 0x00000018
core   0: 0x8000a260 (0x03d4e2b3) rem     t0, s1, t4
core   0: 3 0x8000a260 (0x03d4e2b3) x 5 0x00000101
core   0: 0x8000a264 (0x0000fbfd) c.bnez  a5, pc - 10
core   0: 3 0x8000a264 (0xfbfd)
core   0: 0x8000a25a (0x00000104) c.addi4spn s1, sp, 128
core   0: 3 0x8000a25a (0x0104) x 9 0x00000101
core   0: 0x8000a25c (0x00000785) c.addi  a5, 1
core   0: 3 0x8000a25c (0x0785) x15 0x00000000
core   0: 0x8000a25e (0x00004be1) c.li    s7, 24
core   0: 3 0x8000a25e (0x4be1) x23 0x00000018
core   0: 0x8000a260 (0x03d4e2b3) rem     t0, s1, t4
core   0: 3 0x8000a260 (0x03d4e2b3) x 5 0x00000101
core   0: 0x8000a264 (0x0000fbfd) c.bnez  a5, pc - 10
core   0: 3 0x8000a264 (0xfbfd)
core   0: 0x8000a266 (0x00008a22) c.mv    s4, s0
core   0: 3 0x8000a266 (0x8a22) x20 0x0000000c
core   0: 0x8000a268 (0xfd6917e3) bne     s2, s6, pc - 50
core   0: 3 0x8000a268 (0xfd6917e3)
core   0: 0x8000a236 (0x00008cf1) c.and   s1, a2
core   0: 3 0x8000a236 (0x8cf1) x 9 0x00000000
core   0: 0x8000a238 (0x0ff0000f) fence   iorw,iorw
core   0: 3 0x8000a238 (0x0ff0000f)
core   0: 0x8000a23c (0x00000905) c.addi  s2, 1
core   0: 3 0x8000a23c (0x0905) x18 0x0000000c
core   0: 0x8000a23e (0x00871e93) slli    t4, a4, 8
core   0: 3 0x8000a23e (0x00871e93) x29 0x00000000
core   0: 0x8000a242 (0xffa00793) li      a5, -6
core   0: 3 0x8000a242 (0xffa00793) x15 0xfffffffa
core   0: 0x8000a246 (0x02fa7433) remu    s0, s4, a5
core   0: 3 0x8000a246 (0x02fa7433) x 8 0x0000000c
core   0: 0x8000a24a (0x0176afb3) slt     t6, a3, s7
core   0: 3 0x8000a24a (0x0176afb3) x31 0x00000001
core   0: 0x8000a24e (0x00000001) c.nop
core   0: 3 0x8000a24e (0x0001)
core   0: 0x8000a250 (0x002895b3) sll     a1, a7, sp
core   0: 3 0x8000a250 (0x002895b3) x11 0x00000000
core   0: 0x8000a254 (0x000085c2) c.mv    a1, a6
core   0: 3 0x8000a254 (0x85c2) x11 0x000006ef
core   0: 0x8000a256 (0x410100b3) sub     ra, sp, a6
core   0: 3 0x8000a256 (0x410100b3) x 1 0xfffff992
core   0: 0x8000a25a (0x00000104) c.addi4spn s1, sp, 128
core   0: 3 0x8000a25a (0x0104) x 9 0x00000101
core   0: 0x8000a25c (0x00000785) c.addi  a5, 1
core   0: 3 0x8000a25c (0x0785) x15 0xfffffffb
core   0: 0x8000a25e (0x00004be1) c.li    s7, 24
core   0: 3 0x8000a25e (0x4be1) x23 0x00000018
core   0: 0x8000a260 (0x03d4e2b3) rem     t0, s1, t4
core   0: 3 0x8000a260 (0x03d4e2b3) x 5 0x00000101
core   0: 0x8000a264 (0x0000fbfd) c.bnez  a5, pc - 10
core   0: 3 0x8000a264 (0xfbfd)
core   0: 0x8000a25a (0x00000104) c.addi4spn s1, sp, 128
core   0: 3 0x8000a25a (0x0104) x 9 0x00000101
core   0: 0x8000a25c (0x00000785) c.addi  a5, 1
core   0: 3 0x8000a25c (0x0785) x15 0xfffffffc
core   0: 0x8000a25e (0x00004be1) c.li    s7, 24
core   0: 3 0x8000a25e (0x4be1) x23 0x00000018
core   0: 0x8000a260 (0x03d4e2b3) rem     t0, s1, t4
core   0: 3 0x8000a260 (0x03d4e2b3) x 5 0x00000101
core   0: 0x8000a264 (0x0000fbfd) c.bnez  a5, pc - 10
core   0: 3 0x8000a264 (0xfbfd)
core   0: 0x8000a25a (0x00000104) c.addi4spn s1, sp, 128
core   0: 3 0x8000a25a (0x0104) x 9 0x00000101
core   0: 0x8000a25c (0x00000785) c.addi  a5, 1
core   0: 3 0x8000a25c (0x0785) x15 0xfffffffd
core   0: 0x8000a25e (0x00004be1) c.li    s7, 24
core   0: 3 0x8000a25e (0x4be1) x23 0x00000018
core   0: 0x8000a260 (0x03d4e2b3) rem     t0, s1, t4
core   0: 3 0x8000a260 (0x03d4e2b3) x 5 0x00000101
core   0: 0x8000a264 (0x0000fbfd) c.bnez  a5, pc - 10
core   0: 3 0x8000a264 (0xfbfd)
core   0: 0x8000a25a (0x00000104) c.addi4spn s1, sp, 128
core   0: 3 0x8000a25a (0x0104) x 9 0x00000101
core   0: 0x8000a25c (0x00000785) c.addi  a5, 1
core   0: 3 0x8000a25c (0x0785) x15 0xfffffffe
core   0: 0x8000a25e (0x00004be1) c.li    s7, 24
core   0: 3 0x8000a25e (0x4be1) x23 0x00000018
core   0: 0x8000a260 (0x03d4e2b3) rem     t0, s1, t4
core   0: 3 0x8000a260 (0x03d4e2b3) x 5 0x00000101
core   0: 0x8000a264 (0x0000fbfd) c.bnez  a5, pc - 10
core   0: 3 0x8000a264 (0xfbfd)
core   0: 0x8000a25a (0x00000104) c.addi4spn s1, sp, 128
core   0: 3 0x8000a25a (0x0104) x 9 0x00000101
core   0: 0x8000a25c (0x00000785) c.addi  a5, 1
core   0: 3 0x8000a25c (0x0785) x15 0xffffffff
core   0: 0x8000a25e (0x00004be1) c.li    s7, 24
core   0: 3 0x8000a25e (0x4be1) x23 0x00000018
core   0: 0x8000a260 (0x03d4e2b3) rem     t0, s1, t4
core   0: 3 0x8000a260 (0x03d4e2b3) x 5 0x00000101
core   0: 0x8000a264 (0x0000fbfd) c.bnez  a5, pc - 10
core   0: 3 0x8000a264 (0xfbfd)
core   0: 0x8000a25a (0x00000104) c.addi4spn s1, sp, 128
core   0: 3 0x8000a25a (0x0104) x 9 0x00000101
core   0: 0x8000a25c (0x00000785) c.addi  a5, 1
core   0: 3 0x8000a25c (0x0785) x15 0x00000000
core   0: 0x8000a25e (0x00004be1) c.li    s7, 24
core   0: 3 0x8000a25e (0x4be1) x23 0x00000018
core   0: 0x8000a260 (0x03d4e2b3) rem     t0, s1, t4
core   0: 3 0x8000a260 (0x03d4e2b3) x 5 0x00000101
core   0: 0x8000a264 (0x0000fbfd) c.bnez  a5, pc - 10
core   0: 3 0x8000a264 (0xfbfd)
core   0: 0x8000a266 (0x00008a22) c.mv    s4, s0
core   0: 3 0x8000a266 (0x8a22) x20 0x0000000c
core   0: 0x8000a268 (0xfd6917e3) bne     s2, s6, pc - 50
core   0: 3 0x8000a268 (0xfd6917e3)
core   0: 0x8000a236 (0x00008cf1) c.and   s1, a2
core   0: 3 0x8000a236 (0x8cf1) x 9 0x00000000
core   0: 0x8000a238 (0x0ff0000f) fence   iorw,iorw
core   0: 3 0x8000a238 (0x0ff0000f)
core   0: 0x8000a23c (0x00000905) c.addi  s2, 1
core   0: 3 0x8000a23c (0x0905) x18 0x0000000d
core   0: 0x8000a23e (0x00871e93) slli    t4, a4, 8
core   0: 3 0x8000a23e (0x00871e93) x29 0x00000000
core   0: 0x8000a242 (0xffa00793) li      a5, -6
core   0: 3 0x8000a242 (0xffa00793) x15 0xfffffffa
core   0: 0x8000a246 (0x02fa7433) remu    s0, s4, a5
core   0: 3 0x8000a246 (0x02fa7433) x 8 0x0000000c
core   0: 0x8000a24a (0x0176afb3) slt     t6, a3, s7
core   0: 3 0x8000a24a (0x0176afb3) x31 0x00000001
core   0: 0x8000a24e (0x00000001) c.nop
core   0: 3 0x8000a24e (0x0001)
core   0: 0x8000a250 (0x002895b3) sll     a1, a7, sp
core   0: 3 0x8000a250 (0x002895b3) x11 0x00000000
core   0: 0x8000a254 (0x000085c2) c.mv    a1, a6
core   0: 3 0x8000a254 (0x85c2) x11 0x000006ef
core   0: 0x8000a256 (0x410100b3) sub     ra, sp, a6
core   0: 3 0x8000a256 (0x410100b3) x 1 0xfffff992
core   0: 0x8000a25a (0x00000104) c.addi4spn s1, sp, 128
core   0: 3 0x8000a25a (0x0104) x 9 0x00000101
core   0: 0x8000a25c (0x00000785) c.addi  a5, 1
core   0: 3 0x8000a25c (0x0785) x15 0xfffffffb
core   0: 0x8000a25e (0x00004be1) c.li    s7, 24
core   0: 3 0x8000a25e (0x4be1) x23 0x00000018
core   0: 0x8000a260 (0x03d4e2b3) rem     t0, s1, t4
core   0: 3 0x8000a260 (0x03d4e2b3) x 5 0x00000101
core   0: 0x8000a264 (0x0000fbfd) c.bnez  a5, pc - 10
core   0: 3 0x8000a264 (0xfbfd)
core   0: 0x8000a25a (0x00000104) c.addi4spn s1, sp, 128
core   0: 3 0x8000a25a (0x0104) x 9 0x00000101
core   0: 0x8000a25c (0x00000785) c.addi  a5, 1
core   0: 3 0x8000a25c (0x0785) x15 0xfffffffc
core   0: 0x8000a25e (0x00004be1) c.li    s7, 24
core   0: 3 0x8000a25e (0x4be1) x23 0x00000018
core   0: 0x8000a260 (0x03d4e2b3) rem     t0, s1, t4
core   0: 3 0x8000a260 (0x03d4e2b3) x 5 0x00000101
core   0: 0x8000a264 (0x0000fbfd) c.bnez  a5, pc - 10
core   0: 3 0x8000a264 (0xfbfd)
core   0: 0x8000a25a (0x00000104) c.addi4spn s1, sp, 128
core   0: 3 0x8000a25a (0x0104) x 9 0x00000101
core   0: 0x8000a25c (0x00000785) c.addi  a5, 1
core   0: 3 0x8000a25c (0x0785) x15 0xfffffffd
core   0: 0x8000a25e (0x00004be1) c.li    s7, 24
core   0: 3 0x8000a25e (0x4be1) x23 0x00000018
core   0: 0x8000a260 (0x03d4e2b3) rem     t0, s1, t4
core   0: 3 0x8000a260 (0x03d4e2b3) x 5 0x00000101
core   0: 0x8000a264 (0x0000fbfd) c.bnez  a5, pc - 10
core   0: 3 0x8000a264 (0xfbfd)
core   0: 0x8000a25a (0x00000104) c.addi4spn s1, sp, 128
core   0: 3 0x8000a25a (0x0104) x 9 0x00000101
core   0: 0x8000a25c (0x00000785) c.addi  a5, 1
core   0: 3 0x8000a25c (0x0785) x15 0xfffffffe
core   0: 0x8000a25e (0x00004be1) c.li    s7, 24
core   0: 3 0x8000a25e (0x4be1) x23 0x00000018
core   0: 0x8000a260 (0x03d4e2b3) rem     t0, s1, t4
core   0: 3 0x8000a260 (0x03d4e2b3) x 5 0x00000101
core   0: 0x8000a264 (0x0000fbfd) c.bnez  a5, pc - 10
core   0: 3 0x8000a264 (0xfbfd)
core   0: 0x8000a25a (0x00000104) c.addi4spn s1, sp, 128
core   0: 3 0x8000a25a (0x0104) x 9 0x00000101
core   0: 0x8000a25c (0x00000785) c.addi  a5, 1
core   0: 3 0x8000a25c (0x0785) x15 0xffffffff
core   0: 0x8000a25e (0x00004be1) c.li    s7, 24
core   0: 3 0x8000a25e (0x4be1) x23 0x00000018
core   0: 0x8000a260 (0x03d4e2b3) rem     t0, s1, t4
core   0: 3 0x8000a260 (0x03d4e2b3) x 5 0x00000101
core   0: 0x8000a264 (0x0000fbfd) c.bnez  a5, pc - 10
core   0: 3 0x8000a264 (0xfbfd)
core   0: 0x8000a25a (0x00000104) c.addi4spn s1, sp, 128
core   0: 3 0x8000a25a (0x0104) x 9 0x00000101
core   0: 0x8000a25c (0x00000785) c.addi  a5, 1
core   0: 3 0x8000a25c (0x0785) x15 0x00000000
core   0: 0x8000a25e (0x00004be1) c.li    s7, 24
core   0: 3 0x8000a25e (0x4be1) x23 0x00000018
core   0: 0x8000a260 (0x03d4e2b3) rem     t0, s1, t4
core   0: 3 0x8000a260 (0x03d4e2b3) x 5 0x00000101
core   0: 0x8000a264 (0x0000fbfd) c.bnez  a5, pc - 10
core   0: 3 0x8000a264 (0xfbfd)
core   0: 0x8000a266 (0x00008a22) c.mv    s4, s0
core   0: 3 0x8000a266 (0x8a22) x20 0x0000000c
core   0: 0x8000a268 (0xfd6917e3) bne     s2, s6, pc - 50
core   0: 3 0x8000a268 (0xfd6917e3)
core   0: 0x8000a236 (0x00008cf1) c.and   s1, a2
core   0: 3 0x8000a236 (0x8cf1) x 9 0x00000000
core   0: 0x8000a238 (0x0ff0000f) fence   iorw,iorw
core   0: 3 0x8000a238 (0x0ff0000f)
core   0: 0x8000a23c (0x00000905) c.addi  s2, 1
core   0: 3 0x8000a23c (0x0905) x18 0x0000000e
core   0: 0x8000a23e (0x00871e93) slli    t4, a4, 8
core   0: 3 0x8000a23e (0x00871e93) x29 0x00000000
core   0: 0x8000a242 (0xffa00793) li      a5, -6
core   0: 3 0x8000a242 (0xffa00793) x15 0xfffffffa
core   0: 0x8000a246 (0x02fa7433) remu    s0, s4, a5
core   0: 3 0x8000a246 (0x02fa7433) x 8 0x0000000c
core   0: 0x8000a24a (0x0176afb3) slt     t6, a3, s7
core   0: 3 0x8000a24a (0x0176afb3) x31 0x00000001
core   0: 0x8000a24e (0x00000001) c.nop
core   0: 3 0x8000a24e (0x0001)
core   0: 0x8000a250 (0x002895b3) sll     a1, a7, sp
core   0: 3 0x8000a250 (0x002895b3) x11 0x00000000
core   0: 0x8000a254 (0x000085c2) c.mv    a1, a6
core   0: 3 0x8000a254 (0x85c2) x11 0x000006ef
core   0: 0x8000a256 (0x410100b3) sub     ra, sp, a6
core   0: 3 0x8000a256 (0x410100b3) x 1 0xfffff992
core   0: 0x8000a25a (0x00000104) c.addi4spn s1, sp, 128
core   0: 3 0x8000a25a (0x0104) x 9 0x00000101
core   0: 0x8000a25c (0x00000785) c.addi  a5, 1
core   0: 3 0x8000a25c (0x0785) x15 0xfffffffb
core   0: 0x8000a25e (0x00004be1) c.li    s7, 24
core   0: 3 0x8000a25e (0x4be1) x23 0x00000018
core   0: 0x8000a260 (0x03d4e2b3) rem     t0, s1, t4
core   0: 3 0x8000a260 (0x03d4e2b3) x 5 0x00000101
core   0: 0x8000a264 (0x0000fbfd) c.bnez  a5, pc - 10
core   0: 3 0x8000a264 (0xfbfd)
core   0: 0x8000a25a (0x00000104) c.addi4spn s1, sp, 128
core   0: 3 0x8000a25a (0x0104) x 9 0x00000101
core   0: 0x8000a25c (0x00000785) c.addi  a5, 1
core   0: 3 0x8000a25c (0x0785) x15 0xfffffffc
core   0: 0x8000a25e (0x00004be1) c.li    s7, 24
core   0: 3 0x8000a25e (0x4be1) x23 0x00000018
core   0: 0x8000a260 (0x03d4e2b3) rem     t0, s1, t4
core   0: 3 0x8000a260 (0x03d4e2b3) x 5 0x00000101
core   0: 0x8000a264 (0x0000fbfd) c.bnez  a5, pc - 10
core   0: 3 0x8000a264 (0xfbfd)
core   0: 0x8000a25a (0x00000104) c.addi4spn s1, sp, 128
core   0: 3 0x8000a25a (0x0104) x 9 0x00000101
core   0: 0x8000a25c (0x00000785) c.addi  a5, 1
core   0: 3 0x8000a25c (0x0785) x15 0xfffffffd
core   0: 0x8000a25e (0x00004be1) c.li    s7, 24
core   0: 3 0x8000a25e (0x4be1) x23 0x00000018
core   0: 0x8000a260 (0x03d4e2b3) rem     t0, s1, t4
core   0: 3 0x8000a260 (0x03d4e2b3) x 5 0x00000101
core   0: 0x8000a264 (0x0000fbfd) c.bnez  a5, pc - 10
core   0: 3 0x8000a264 (0xfbfd)
core   0: 0x8000a25a (0x00000104) c.addi4spn s1, sp, 128
core   0: 3 0x8000a25a (0x0104) x 9 0x00000101
core   0: 0x8000a25c (0x00000785) c.addi  a5, 1
core   0: 3 0x8000a25c (0x0785) x15 0xfffffffe
core   0: 0x8000a25e (0x00004be1) c.li    s7, 24
core   0: 3 0x8000a25e (0x4be1) x23 0x00000018
core   0: 0x8000a260 (0x03d4e2b3) rem     t0, s1, t4
core   0: 3 0x8000a260 (0x03d4e2b3) x 5 0x00000101
core   0: 0x8000a264 (0x0000fbfd) c.bnez  a5, pc - 10
core   0: 3 0x8000a264 (0xfbfd)
core   0: 0x8000a25a (0x00000104) c.addi4spn s1, sp, 128
core   0: 3 0x8000a25a (0x0104) x 9 0x00000101
core   0: 0x8000a25c (0x00000785) c.addi  a5, 1
core   0: 3 0x8000a25c (0x0785) x15 0xffffffff
core   0: 0x8000a25e (0x00004be1) c.li    s7, 24
core   0: 3 0x8000a25e (0x4be1) x23 0x00000018
core   0: 0x8000a260 (0x03d4e2b3) rem     t0, s1, t4
core   0: 3 0x8000a260 (0x03d4e2b3) x 5 0x00000101
core   0: 0x8000a264 (0x0000fbfd) c.bnez  a5, pc - 10
core   0: 3 0x8000a264 (0xfbfd)
core   0: 0x8000a25a (0x00000104) c.addi4spn s1, sp, 128
core   0: 3 0x8000a25a (0x0104) x 9 0x00000101
core   0: 0x8000a25c (0x00000785) c.addi  a5, 1
core   0: 3 0x8000a25c (0x0785) x15 0x00000000
core   0: 0x8000a25e (0x00004be1) c.li    s7, 24
core   0: 3 0x8000a25e (0x4be1) x23 0x00000018
core   0: 0x8000a260 (0x03d4e2b3) rem     t0, s1, t4
core   0: 3 0x8000a260 (0x03d4e2b3) x 5 0x00000101
core   0: 0x8000a264 (0x0000fbfd) c.bnez  a5, pc - 10
core   0: 3 0x8000a264 (0xfbfd)
core   0: 0x8000a266 (0x00008a22) c.mv    s4, s0
core   0: 3 0x8000a266 (0x8a22) x20 0x0000000c
core   0: 0x8000a268 (0xfd6917e3) bne     s2, s6, pc - 50
core   0: 3 0x8000a268 (0xfd6917e3)
core   0: 0x8000a236 (0x00008cf1) c.and   s1, a2
core   0: 3 0x8000a236 (0x8cf1) x 9 0x00000000
core   0: 0x8000a238 (0x0ff0000f) fence   iorw,iorw
core   0: 3 0x8000a238 (0x0ff0000f)
core   0: 0x8000a23c (0x00000905) c.addi  s2, 1
core   0: 3 0x8000a23c (0x0905) x18 0x0000000f
core   0: 0x8000a23e (0x00871e93) slli    t4, a4, 8
core   0: 3 0x8000a23e (0x00871e93) x29 0x00000000
core   0: 0x8000a242 (0xffa00793) li      a5, -6
core   0: 3 0x8000a242 (0xffa00793) x15 0xfffffffa
core   0: 0x8000a246 (0x02fa7433) remu    s0, s4, a5
core   0: 3 0x8000a246 (0x02fa7433) x 8 0x0000000c
core   0: 0x8000a24a (0x0176afb3) slt     t6, a3, s7
core   0: 3 0x8000a24a (0x0176afb3) x31 0x00000001
core   0: 0x8000a24e (0x00000001) c.nop
core   0: 3 0x8000a24e (0x0001)
core   0: 0x8000a250 (0x002895b3) sll     a1, a7, sp
core   0: 3 0x8000a250 (0x002895b3) x11 0x00000000
core   0: 0x8000a254 (0x000085c2) c.mv    a1, a6
core   0: 3 0x8000a254 (0x85c2) x11 0x000006ef
core   0: 0x8000a256 (0x410100b3) sub     ra, sp, a6
core   0: 3 0x8000a256 (0x410100b3) x 1 0xfffff992
core   0: 0x8000a25a (0x00000104) c.addi4spn s1, sp, 128
core   0: 3 0x8000a25a (0x0104) x 9 0x00000101
core   0: 0x8000a25c (0x00000785) c.addi  a5, 1
core   0: 3 0x8000a25c (0x0785) x15 0xfffffffb
core   0: 0x8000a25e (0x00004be1) c.li    s7, 24
core   0: 3 0x8000a25e (0x4be1) x23 0x00000018
core   0: 0x8000a260 (0x03d4e2b3) rem     t0, s1, t4
core   0: 3 0x8000a260 (0x03d4e2b3) x 5 0x00000101
core   0: 0x8000a264 (0x0000fbfd) c.bnez  a5, pc - 10
core   0: 3 0x8000a264 (0xfbfd)
core   0: 0x8000a25a (0x00000104) c.addi4spn s1, sp, 128
core   0: 3 0x8000a25a (0x0104) x 9 0x00000101
core   0: 0x8000a25c (0x00000785) c.addi  a5, 1
core   0: 3 0x8000a25c (0x0785) x15 0xfffffffc
core   0: 0x8000a25e (0x00004be1) c.li    s7, 24
core   0: 3 0x8000a25e (0x4be1) x23 0x00000018
core   0: 0x8000a260 (0x03d4e2b3) rem     t0, s1, t4
core   0: 3 0x8000a260 (0x03d4e2b3) x 5 0x00000101
core   0: 0x8000a264 (0x0000fbfd) c.bnez  a5, pc - 10
core   0: 3 0x8000a264 (0xfbfd)
core   0: 0x8000a25a (0x00000104) c.addi4spn s1, sp, 128
core   0: 3 0x8000a25a (0x0104) x 9 0x00000101
core   0: 0x8000a25c (0x00000785) c.addi  a5, 1
core   0: 3 0x8000a25c (0x0785) x15 0xfffffffd
core   0: 0x8000a25e (0x00004be1) c.li    s7, 24
core   0: 3 0x8000a25e (0x4be1) x23 0x00000018
core   0: 0x8000a260 (0x03d4e2b3) rem     t0, s1, t4
core   0: 3 0x8000a260 (0x03d4e2b3) x 5 0x00000101
core   0: 0x8000a264 (0x0000fbfd) c.bnez  a5, pc - 10
core   0: 3 0x8000a264 (0xfbfd)
core   0: 0x8000a25a (0x00000104) c.addi4spn s1, sp, 128
core   0: 3 0x8000a25a (0x0104) x 9 0x00000101
core   0: 0x8000a25c (0x00000785) c.addi  a5, 1
core   0: 3 0x8000a25c (0x0785) x15 0xfffffffe
core   0: 0x8000a25e (0x00004be1) c.li    s7, 24
core   0: 3 0x8000a25e (0x4be1) x23 0x00000018
core   0: 0x8000a260 (0x03d4e2b3) rem     t0, s1, t4
core   0: 3 0x8000a260 (0x03d4e2b3) x 5 0x00000101
core   0: 0x8000a264 (0x0000fbfd) c.bnez  a5, pc - 10
core   0: 3 0x8000a264 (0xfbfd)
core   0: 0x8000a25a (0x00000104) c.addi4spn s1, sp, 128
core   0: 3 0x8000a25a (0x0104) x 9 0x00000101
core   0: 0x8000a25c (0x00000785) c.addi  a5, 1
core   0: 3 0x8000a25c (0x0785) x15 0xffffffff
core   0: 0x8000a25e (0x00004be1) c.li    s7, 24
core   0: 3 0x8000a25e (0x4be1) x23 0x00000018
core   0: 0x8000a260 (0x03d4e2b3) rem     t0, s1, t4
core   0: 3 0x8000a260 (0x03d4e2b3) x 5 0x00000101
core   0: 0x8000a264 (0x0000fbfd) c.bnez  a5, pc - 10
core   0: 3 0x8000a264 (0xfbfd)
core   0: 0x8000a25a (0x00000104) c.addi4spn s1, sp, 128
core   0: 3 0x8000a25a (0x0104) x 9 0x00000101
core   0: 0x8000a25c (0x00000785) c.addi  a5, 1
core   0: 3 0x8000a25c (0x0785) x15 0x00000000
core   0: 0x8000a25e (0x00004be1) c.li    s7, 24
core   0: 3 0x8000a25e (0x4be1) x23 0x00000018
core   0: 0x8000a260 (0x03d4e2b3) rem     t0, s1, t4
core   0: 3 0x8000a260 (0x03d4e2b3) x 5 0x00000101
core   0: 0x8000a264 (0x0000fbfd) c.bnez  a5, pc - 10
core   0: 3 0x8000a264 (0xfbfd)
core   0: 0x8000a266 (0x00008a22) c.mv    s4, s0
core   0: 3 0x8000a266 (0x8a22) x20 0x0000000c
core   0: 0x8000a268 (0xfd6917e3) bne     s2, s6, pc - 50
core   0: 3 0x8000a268 (0xfd6917e3)
core   0: 0x8000a236 (0x00008cf1) c.and   s1, a2
core   0: 3 0x8000a236 (0x8cf1) x 9 0x00000000
core   0: 0x8000a238 (0x0ff0000f) fence   iorw,iorw
core   0: 3 0x8000a238 (0x0ff0000f)
core   0: 0x8000a23c (0x00000905) c.addi  s2, 1
core   0: 3 0x8000a23c (0x0905) x18 0x00000010
core   0: 0x8000a23e (0x00871e93) slli    t4, a4, 8
core   0: 3 0x8000a23e (0x00871e93) x29 0x00000000
core   0: 0x8000a242 (0xffa00793) li      a5, -6
core   0: 3 0x8000a242 (0xffa00793) x15 0xfffffffa
core   0: 0x8000a246 (0x02fa7433) remu    s0, s4, a5
core   0: 3 0x8000a246 (0x02fa7433) x 8 0x0000000c
core   0: 0x8000a24a (0x0176afb3) slt     t6, a3, s7
core   0: 3 0x8000a24a (0x0176afb3) x31 0x00000001
core   0: 0x8000a24e (0x00000001) c.nop
core   0: 3 0x8000a24e (0x0001)
core   0: 0x8000a250 (0x002895b3) sll     a1, a7, sp
core   0: 3 0x8000a250 (0x002895b3) x11 0x00000000
core   0: 0x8000a254 (0x000085c2) c.mv    a1, a6
core   0: 3 0x8000a254 (0x85c2) x11 0x000006ef
core   0: 0x8000a256 (0x410100b3) sub     ra, sp, a6
core   0: 3 0x8000a256 (0x410100b3) x 1 0xfffff992
core   0: 0x8000a25a (0x00000104) c.addi4spn s1, sp, 128
core   0: 3 0x8000a25a (0x0104) x 9 0x00000101
core   0: 0x8000a25c (0x00000785) c.addi  a5, 1
core   0: 3 0x8000a25c (0x0785) x15 0xfffffffb
core   0: 0x8000a25e (0x00004be1) c.li    s7, 24
core   0: 3 0x8000a25e (0x4be1) x23 0x00000018
core   0: 0x8000a260 (0x03d4e2b3) rem     t0, s1, t4
core   0: 3 0x8000a260 (0x03d4e2b3) x 5 0x00000101
core   0: 0x8000a264 (0x0000fbfd) c.bnez  a5, pc - 10
core   0: 3 0x8000a264 (0xfbfd)
core   0: 0x8000a25a (0x00000104) c.addi4spn s1, sp, 128
core   0: 3 0x8000a25a (0x0104) x 9 0x00000101
core   0: 0x8000a25c (0x00000785) c.addi  a5, 1
core   0: 3 0x8000a25c (0x0785) x15 0xfffffffc
core   0: 0x8000a25e (0x00004be1) c.li    s7, 24
core   0: 3 0x8000a25e (0x4be1) x23 0x00000018
core   0: 0x8000a260 (0x03d4e2b3) rem     t0, s1, t4
core   0: 3 0x8000a260 (0x03d4e2b3) x 5 0x00000101
core   0: 0x8000a264 (0x0000fbfd) c.bnez  a5, pc - 10
core   0: 3 0x8000a264 (0xfbfd)
core   0: 0x8000a25a (0x00000104) c.addi4spn s1, sp, 128
core   0: 3 0x8000a25a (0x0104) x 9 0x00000101
core   0: 0x8000a25c (0x00000785) c.addi  a5, 1
core   0: 3 0x8000a25c (0x0785) x15 0xfffffffd
core   0: 0x8000a25e (0x00004be1) c.li    s7, 24
core   0: 3 0x8000a25e (0x4be1) x23 0x00000018
core   0: 0x8000a260 (0x03d4e2b3) rem     t0, s1, t4
core   0: 3 0x8000a260 (0x03d4e2b3) x 5 0x00000101
core   0: 0x8000a264 (0x0000fbfd) c.bnez  a5, pc - 10
core   0: 3 0x8000a264 (0xfbfd)
core   0: 0x8000a25a (0x00000104) c.addi4spn s1, sp, 128
core   0: 3 0x8000a25a (0x0104) x 9 0x00000101
core   0: 0x8000a25c (0x00000785) c.addi  a5, 1
core   0: 3 0x8000a25c (0x0785) x15 0xfffffffe
core   0: 0x8000a25e (0x00004be1) c.li    s7, 24
core   0: 3 0x8000a25e (0x4be1) x23 0x00000018
core   0: 0x8000a260 (0x03d4e2b3) rem     t0, s1, t4
core   0: 3 0x8000a260 (0x03d4e2b3) x 5 0x00000101
core   0: 0x8000a264 (0x0000fbfd) c.bnez  a5, pc - 10
core   0: 3 0x8000a264 (0xfbfd)
core   0: 0x8000a25a (0x00000104) c.addi4spn s1, sp, 128
core   0: 3 0x8000a25a (0x0104) x 9 0x00000101
core   0: 0x8000a25c (0x00000785) c.addi  a5, 1
core   0: 3 0x8000a25c (0x0785) x15 0xffffffff
core   0: 0x8000a25e (0x00004be1) c.li    s7, 24
core   0: 3 0x8000a25e (0x4be1) x23 0x00000018
core   0: 0x8000a260 (0x03d4e2b3) rem     t0, s1, t4
core   0: 3 0x8000a260 (0x03d4e2b3) x 5 0x00000101
core   0: 0x8000a264 (0x0000fbfd) c.bnez  a5, pc - 10
core   0: 3 0x8000a264 (0xfbfd)
core   0: 0x8000a25a (0x00000104) c.addi4spn s1, sp, 128
core   0: 3 0x8000a25a (0x0104) x 9 0x00000101
core   0: 0x8000a25c (0x00000785) c.addi  a5, 1
core   0: 3 0x8000a25c (0x0785) x15 0x00000000
core   0: 0x8000a25e (0x00004be1) c.li    s7, 24
core   0: 3 0x8000a25e (0x4be1) x23 0x00000018
core   0: 0x8000a260 (0x03d4e2b3) rem     t0, s1, t4
core   0: 3 0x8000a260 (0x03d4e2b3) x 5 0x00000101
core   0: 0x8000a264 (0x0000fbfd) c.bnez  a5, pc - 10
core   0: 3 0x8000a264 (0xfbfd)
core   0: 0x8000a266 (0x00008a22) c.mv    s4, s0
core   0: 3 0x8000a266 (0x8a22) x20 0x0000000c
core   0: 0x8000a268 (0xfd6917e3) bne     s2, s6, pc - 50
core   0: 3 0x8000a268 (0xfd6917e3)
core   0: 0x8000a236 (0x00008cf1) c.and   s1, a2
core   0: 3 0x8000a236 (0x8cf1) x 9 0x00000000
core   0: 0x8000a238 (0x0ff0000f) fence   iorw,iorw
core   0: 3 0x8000a238 (0x0ff0000f)
core   0: 0x8000a23c (0x00000905) c.addi  s2, 1
core   0: 3 0x8000a23c (0x0905) x18 0x00000011
core   0: 0x8000a23e (0x00871e93) slli    t4, a4, 8
core   0: 3 0x8000a23e (0x00871e93) x29 0x00000000
core   0: 0x8000a242 (0xffa00793) li      a5, -6
core   0: 3 0x8000a242 (0xffa00793) x15 0xfffffffa
core   0: 0x8000a246 (0x02fa7433) remu    s0, s4, a5
core   0: 3 0x8000a246 (0x02fa7433) x 8 0x0000000c
core   0: 0x8000a24a (0x0176afb3) slt     t6, a3, s7
core   0: 3 0x8000a24a (0x0176afb3) x31 0x00000001
core   0: 0x8000a24e (0x00000001) c.nop
core   0: 3 0x8000a24e (0x0001)
core   0: 0x8000a250 (0x002895b3) sll     a1, a7, sp
core   0: 3 0x8000a250 (0x002895b3) x11 0x00000000
core   0: 0x8000a254 (0x000085c2) c.mv    a1, a6
core   0: 3 0x8000a254 (0x85c2) x11 0x000006ef
core   0: 0x8000a256 (0x410100b3) sub     ra, sp, a6
core   0: 3 0x8000a256 (0x410100b3) x 1 0xfffff992
core   0: 0x8000a25a (0x00000104) c.addi4spn s1, sp, 128
core   0: 3 0x8000a25a (0x0104) x 9 0x00000101
core   0: 0x8000a25c (0x00000785) c.addi  a5, 1
core   0: 3 0x8000a25c (0x0785) x15 0xfffffffb
core   0: 0x8000a25e (0x00004be1) c.li    s7, 24
core   0: 3 0x8000a25e (0x4be1) x23 0x00000018
core   0: 0x8000a260 (0x03d4e2b3) rem     t0, s1, t4
core   0: 3 0x8000a260 (0x03d4e2b3) x 5 0x00000101
core   0: 0x8000a264 (0x0000fbfd) c.bnez  a5, pc - 10
core   0: 3 0x8000a264 (0xfbfd)
core   0: 0x8000a25a (0x00000104) c.addi4spn s1, sp, 128
core   0: 3 0x8000a25a (0x0104) x 9 0x00000101
core   0: 0x8000a25c (0x00000785) c.addi  a5, 1
core   0: 3 0x8000a25c (0x0785) x15 0xfffffffc
core   0: 0x8000a25e (0x00004be1) c.li    s7, 24
core   0: 3 0x8000a25e (0x4be1) x23 0x00000018
core   0: 0x8000a260 (0x03d4e2b3) rem     t0, s1, t4
core   0: 3 0x8000a260 (0x03d4e2b3) x 5 0x00000101
core   0: 0x8000a264 (0x0000fbfd) c.bnez  a5, pc - 10
core   0: 3 0x8000a264 (0xfbfd)
core   0: 0x8000a25a (0x00000104) c.addi4spn s1, sp, 128
core   0: 3 0x8000a25a (0x0104) x 9 0x00000101
core   0: 0x8000a25c (0x00000785) c.addi  a5, 1
core   0: 3 0x8000a25c (0x0785) x15 0xfffffffd
core   0: 0x8000a25e (0x00004be1) c.li    s7, 24
core   0: 3 0x8000a25e (0x4be1) x23 0x00000018
core   0: 0x8000a260 (0x03d4e2b3) rem     t0, s1, t4
core   0: 3 0x8000a260 (0x03d4e2b3) x 5 0x00000101
core   0: 0x8000a264 (0x0000fbfd) c.bnez  a5, pc - 10
core   0: 3 0x8000a264 (0xfbfd)
core   0: 0x8000a25a (0x00000104) c.addi4spn s1, sp, 128
core   0: 3 0x8000a25a (0x0104) x 9 0x00000101
core   0: 0x8000a25c (0x00000785) c.addi  a5, 1
core   0: 3 0x8000a25c (0x0785) x15 0xfffffffe
core   0: 0x8000a25e (0x00004be1) c.li    s7, 24
core   0: 3 0x8000a25e (0x4be1) x23 0x00000018
core   0: 0x8000a260 (0x03d4e2b3) rem     t0, s1, t4
core   0: 3 0x8000a260 (0x03d4e2b3) x 5 0x00000101
core   0: 0x8000a264 (0x0000fbfd) c.bnez  a5, pc - 10
core   0: 3 0x8000a264 (0xfbfd)
core   0: 0x8000a25a (0x00000104) c.addi4spn s1, sp, 128
core   0: 3 0x8000a25a (0x0104) x 9 0x00000101
core   0: 0x8000a25c (0x00000785) c.addi  a5, 1
core   0: 3 0x8000a25c (0x0785) x15 0xffffffff
core   0: 0x8000a25e (0x00004be1) c.li    s7, 24
core   0: 3 0x8000a25e (0x4be1) x23 0x00000018
core   0: 0x8000a260 (0x03d4e2b3) rem     t0, s1, t4
core   0: 3 0x8000a260 (0x03d4e2b3) x 5 0x00000101
core   0: 0x8000a264 (0x0000fbfd) c.bnez  a5, pc - 10
core   0: 3 0x8000a264 (0xfbfd)
core   0: 0x8000a25a (0x00000104) c.addi4spn s1, sp, 128
core   0: 3 0x8000a25a (0x0104) x 9 0x00000101
core   0: 0x8000a25c (0x00000785) c.addi  a5, 1
core   0: 3 0x8000a25c (0x0785) x15 0x00000000
core   0: 0x8000a25e (0x00004be1) c.li    s7, 24
core   0: 3 0x8000a25e (0x4be1) x23 0x00000018
core   0: 0x8000a260 (0x03d4e2b3) rem     t0, s1, t4
core   0: 3 0x8000a260 (0x03d4e2b3) x 5 0x00000101
core   0: 0x8000a264 (0x0000fbfd) c.bnez  a5, pc - 10
core   0: 3 0x8000a264 (0xfbfd)
core   0: 0x8000a266 (0x00008a22) c.mv    s4, s0
core   0: 3 0x8000a266 (0x8a22) x20 0x0000000c
core   0: 0x8000a268 (0xfd6917e3) bne     s2, s6, pc - 50
core   0: 3 0x8000a268 (0xfd6917e3)
core   0: 0x8000a236 (0x00008cf1) c.and   s1, a2
core   0: 3 0x8000a236 (0x8cf1) x 9 0x00000000
core   0: 0x8000a238 (0x0ff0000f) fence   iorw,iorw
core   0: 3 0x8000a238 (0x0ff0000f)
core   0: 0x8000a23c (0x00000905) c.addi  s2, 1
core   0: 3 0x8000a23c (0x0905) x18 0x00000012
core   0: 0x8000a23e (0x00871e93) slli    t4, a4, 8
core   0: 3 0x8000a23e (0x00871e93) x29 0x00000000
core   0: 0x8000a242 (0xffa00793) li      a5, -6
core   0: 3 0x8000a242 (0xffa00793) x15 0xfffffffa
core   0: 0x8000a246 (0x02fa7433) remu    s0, s4, a5
core   0: 3 0x8000a246 (0x02fa7433) x 8 0x0000000c
core   0: 0x8000a24a (0x0176afb3) slt     t6, a3, s7
core   0: 3 0x8000a24a (0x0176afb3) x31 0x00000001
core   0: 0x8000a24e (0x00000001) c.nop
core   0: 3 0x8000a24e (0x0001)
core   0: 0x8000a250 (0x002895b3) sll     a1, a7, sp
core   0: 3 0x8000a250 (0x002895b3) x11 0x00000000
core   0: 0x8000a254 (0x000085c2) c.mv    a1, a6
core   0: 3 0x8000a254 (0x85c2) x11 0x000006ef
core   0: 0x8000a256 (0x410100b3) sub     ra, sp, a6
core   0: 3 0x8000a256 (0x410100b3) x 1 0xfffff992
core   0: 0x8000a25a (0x00000104) c.addi4spn s1, sp, 128
core   0: 3 0x8000a25a (0x0104) x 9 0x00000101
core   0: 0x8000a25c (0x00000785) c.addi  a5, 1
core   0: 3 0x8000a25c (0x0785) x15 0xfffffffb
core   0: 0x8000a25e (0x00004be1) c.li    s7, 24
core   0: 3 0x8000a25e (0x4be1) x23 0x00000018
core   0: 0x8000a260 (0x03d4e2b3) rem     t0, s1, t4
core   0: 3 0x8000a260 (0x03d4e2b3) x 5 0x00000101
core   0: 0x8000a264 (0x0000fbfd) c.bnez  a5, pc - 10
core   0: 3 0x8000a264 (0xfbfd)
core   0: 0x8000a25a (0x00000104) c.addi4spn s1, sp, 128
core   0: 3 0x8000a25a (0x0104) x 9 0x00000101
core   0: 0x8000a25c (0x00000785) c.addi  a5, 1
core   0: 3 0x8000a25c (0x0785) x15 0xfffffffc
core   0: 0x8000a25e (0x00004be1) c.li    s7, 24
core   0: 3 0x8000a25e (0x4be1) x23 0x00000018
core   0: 0x8000a260 (0x03d4e2b3) rem     t0, s1, t4
core   0: 3 0x8000a260 (0x03d4e2b3) x 5 0x00000101
core   0: 0x8000a264 (0x0000fbfd) c.bnez  a5, pc - 10
core   0: 3 0x8000a264 (0xfbfd)
core   0: 0x8000a25a (0x00000104) c.addi4spn s1, sp, 128
core   0: 3 0x8000a25a (0x0104) x 9 0x00000101
core   0: 0x8000a25c (0x00000785) c.addi  a5, 1
core   0: 3 0x8000a25c (0x0785) x15 0xfffffffd
core   0: 0x8000a25e (0x00004be1) c.li    s7, 24
core   0: 3 0x8000a25e (0x4be1) x23 0x00000018
core   0: 0x8000a260 (0x03d4e2b3) rem     t0, s1, t4
core   0: 3 0x8000a260 (0x03d4e2b3) x 5 0x00000101
core   0: 0x8000a264 (0x0000fbfd) c.bnez  a5, pc - 10
core   0: 3 0x8000a264 (0xfbfd)
core   0: 0x8000a25a (0x00000104) c.addi4spn s1, sp, 128
core   0: 3 0x8000a25a (0x0104) x 9 0x00000101
core   0: 0x8000a25c (0x00000785) c.addi  a5, 1
core   0: 3 0x8000a25c (0x0785) x15 0xfffffffe
core   0: 0x8000a25e (0x00004be1) c.li    s7, 24
core   0: 3 0x8000a25e (0x4be1) x23 0x00000018
core   0: 0x8000a260 (0x03d4e2b3) rem     t0, s1, t4
core   0: 3 0x8000a260 (0x03d4e2b3) x 5 0x00000101
core   0: 0x8000a264 (0x0000fbfd) c.bnez  a5, pc - 10
core   0: 3 0x8000a264 (0xfbfd)
core   0: 0x8000a25a (0x00000104) c.addi4spn s1, sp, 128
core   0: 3 0x8000a25a (0x0104) x 9 0x00000101
core   0: 0x8000a25c (0x00000785) c.addi  a5, 1
core   0: 3 0x8000a25c (0x0785) x15 0xffffffff
core   0: 0x8000a25e (0x00004be1) c.li    s7, 24
core   0: 3 0x8000a25e (0x4be1) x23 0x00000018
core   0: 0x8000a260 (0x03d4e2b3) rem     t0, s1, t4
core   0: 3 0x8000a260 (0x03d4e2b3) x 5 0x00000101
core   0: 0x8000a264 (0x0000fbfd) c.bnez  a5, pc - 10
core   0: 3 0x8000a264 (0xfbfd)
core   0: 0x8000a25a (0x00000104) c.addi4spn s1, sp, 128
core   0: 3 0x8000a25a (0x0104) x 9 0x00000101
core   0: 0x8000a25c (0x00000785) c.addi  a5, 1
core   0: 3 0x8000a25c (0x0785) x15 0x00000000
core   0: 0x8000a25e (0x00004be1) c.li    s7, 24
core   0: 3 0x8000a25e (0x4be1) x23 0x00000018
core   0: 0x8000a260 (0x03d4e2b3) rem     t0, s1, t4
core   0: 3 0x8000a260 (0x03d4e2b3) x 5 0x00000101
core   0: 0x8000a264 (0x0000fbfd) c.bnez  a5, pc - 10
core   0: 3 0x8000a264 (0xfbfd)
core   0: 0x8000a266 (0x00008a22) c.mv    s4, s0
core   0: 3 0x8000a266 (0x8a22) x20 0x0000000c
core   0: 0x8000a268 (0xfd6917e3) bne     s2, s6, pc - 50
core   0: 3 0x8000a268 (0xfd6917e3)
core   0: 0x8000a236 (0x00008cf1) c.and   s1, a2
core   0: 3 0x8000a236 (0x8cf1) x 9 0x00000000
core   0: 0x8000a238 (0x0ff0000f) fence   iorw,iorw
core   0: 3 0x8000a238 (0x0ff0000f)
core   0: 0x8000a23c (0x00000905) c.addi  s2, 1
core   0: 3 0x8000a23c (0x0905) x18 0x00000013
core   0: 0x8000a23e (0x00871e93) slli    t4, a4, 8
core   0: 3 0x8000a23e (0x00871e93) x29 0x00000000
core   0: 0x8000a242 (0xffa00793) li      a5, -6
core   0: 3 0x8000a242 (0xffa00793) x15 0xfffffffa
core   0: 0x8000a246 (0x02fa7433) remu    s0, s4, a5
core   0: 3 0x8000a246 (0x02fa7433) x 8 0x0000000c
core   0: 0x8000a24a (0x0176afb3) slt     t6, a3, s7
core   0: 3 0x8000a24a (0x0176afb3) x31 0x00000001
core   0: 0x8000a24e (0x00000001) c.nop
core   0: 3 0x8000a24e (0x0001)
core   0: 0x8000a250 (0x002895b3) sll     a1, a7, sp
core   0: 3 0x8000a250 (0x002895b3) x11 0x00000000
core   0: 0x8000a254 (0x000085c2) c.mv    a1, a6
core   0: 3 0x8000a254 (0x85c2) x11 0x000006ef
core   0: 0x8000a256 (0x410100b3) sub     ra, sp, a6
core   0: 3 0x8000a256 (0x410100b3) x 1 0xfffff992
core   0: 0x8000a25a (0x00000104) c.addi4spn s1, sp, 128
core   0: 3 0x8000a25a (0x0104) x 9 0x00000101
core   0: 0x8000a25c (0x00000785) c.addi  a5, 1
core   0: 3 0x8000a25c (0x0785) x15 0xfffffffb
core   0: 0x8000a25e (0x00004be1) c.li    s7, 24
core   0: 3 0x8000a25e (0x4be1) x23 0x00000018
core   0: 0x8000a260 (0x03d4e2b3) rem     t0, s1, t4
core   0: 3 0x8000a260 (0x03d4e2b3) x 5 0x00000101
core   0: 0x8000a264 (0x0000fbfd) c.bnez  a5, pc - 10
core   0: 3 0x8000a264 (0xfbfd)
core   0: 0x8000a25a (0x00000104) c.addi4spn s1, sp, 128
core   0: 3 0x8000a25a (0x0104) x 9 0x00000101
core   0: 0x8000a25c (0x00000785) c.addi  a5, 1
core   0: 3 0x8000a25c (0x0785) x15 0xfffffffc
core   0: 0x8000a25e (0x00004be1) c.li    s7, 24
core   0: 3 0x8000a25e (0x4be1) x23 0x00000018
core   0: 0x8000a260 (0x03d4e2b3) rem     t0, s1, t4
core   0: 3 0x8000a260 (0x03d4e2b3) x 5 0x00000101
core   0: 0x8000a264 (0x0000fbfd) c.bnez  a5, pc - 10
core   0: 3 0x8000a264 (0xfbfd)
core   0: 0x8000a25a (0x00000104) c.addi4spn s1, sp, 128
core   0: 3 0x8000a25a (0x0104) x 9 0x00000101
core   0: 0x8000a25c (0x00000785) c.addi  a5, 1
core   0: 3 0x8000a25c (0x0785) x15 0xfffffffd
core   0: 0x8000a25e (0x00004be1) c.li    s7, 24
core   0: 3 0x8000a25e (0x4be1) x23 0x00000018
core   0: 0x8000a260 (0x03d4e2b3) rem     t0, s1, t4
core   0: 3 0x8000a260 (0x03d4e2b3) x 5 0x00000101
core   0: 0x8000a264 (0x0000fbfd) c.bnez  a5, pc - 10
core   0: 3 0x8000a264 (0xfbfd)
core   0: 0x8000a25a (0x00000104) c.addi4spn s1, sp, 128
core   0: 3 0x8000a25a (0x0104) x 9 0x00000101
core   0: 0x8000a25c (0x00000785) c.addi  a5, 1
core   0: 3 0x8000a25c (0x0785) x15 0xfffffffe
core   0: 0x8000a25e (0x00004be1) c.li    s7, 24
core   0: 3 0x8000a25e (0x4be1) x23 0x00000018
core   0: 0x8000a260 (0x03d4e2b3) rem     t0, s1, t4
core   0: 3 0x8000a260 (0x03d4e2b3) x 5 0x00000101
core   0: 0x8000a264 (0x0000fbfd) c.bnez  a5, pc - 10
core   0: 3 0x8000a264 (0xfbfd)
core   0: 0x8000a25a (0x00000104) c.addi4spn s1, sp, 128
core   0: 3 0x8000a25a (0x0104) x 9 0x00000101
core   0: 0x8000a25c (0x00000785) c.addi  a5, 1
core   0: 3 0x8000a25c (0x0785) x15 0xffffffff
core   0: 0x8000a25e (0x00004be1) c.li    s7, 24
core   0: 3 0x8000a25e (0x4be1) x23 0x00000018
core   0: 0x8000a260 (0x03d4e2b3) rem     t0, s1, t4
core   0: 3 0x8000a260 (0x03d4e2b3) x 5 0x00000101
core   0: 0x8000a264 (0x0000fbfd) c.bnez  a5, pc - 10
core   0: 3 0x8000a264 (0xfbfd)
core   0: 0x8000a25a (0x00000104) c.addi4spn s1, sp, 128
core   0: 3 0x8000a25a (0x0104) x 9 0x00000101
core   0: 0x8000a25c (0x00000785) c.addi  a5, 1
core   0: 3 0x8000a25c (0x0785) x15 0x00000000
core   0: 0x8000a25e (0x00004be1) c.li    s7, 24
core   0: 3 0x8000a25e (0x4be1) x23 0x00000018
core   0: 0x8000a260 (0x03d4e2b3) rem     t0, s1, t4
core   0: 3 0x8000a260 (0x03d4e2b3) x 5 0x00000101
core   0: 0x8000a264 (0x0000fbfd) c.bnez  a5, pc - 10
core   0: 3 0x8000a264 (0xfbfd)
core   0: 0x8000a266 (0x00008a22) c.mv    s4, s0
core   0: 3 0x8000a266 (0x8a22) x20 0x0000000c
core   0: 0x8000a268 (0xfd6917e3) bne     s2, s6, pc - 50
core   0: 3 0x8000a268 (0xfd6917e3)
core   0: 0x8000a236 (0x00008cf1) c.and   s1, a2
core   0: 3 0x8000a236 (0x8cf1) x 9 0x00000000
core   0: 0x8000a238 (0x0ff0000f) fence   iorw,iorw
core   0: 3 0x8000a238 (0x0ff0000f)
core   0: 0x8000a23c (0x00000905) c.addi  s2, 1
core   0: 3 0x8000a23c (0x0905) x18 0x00000014
core   0: 0x8000a23e (0x00871e93) slli    t4, a4, 8
core   0: 3 0x8000a23e (0x00871e93) x29 0x00000000
core   0: 0x8000a242 (0xffa00793) li      a5, -6
core   0: 3 0x8000a242 (0xffa00793) x15 0xfffffffa
core   0: 0x8000a246 (0x02fa7433) remu    s0, s4, a5
core   0: 3 0x8000a246 (0x02fa7433) x 8 0x0000000c
core   0: 0x8000a24a (0x0176afb3) slt     t6, a3, s7
core   0: 3 0x8000a24a (0x0176afb3) x31 0x00000001
core   0: 0x8000a24e (0x00000001) c.nop
core   0: 3 0x8000a24e (0x0001)
core   0: 0x8000a250 (0x002895b3) sll     a1, a7, sp
core   0: 3 0x8000a250 (0x002895b3) x11 0x00000000
core   0: 0x8000a254 (0x000085c2) c.mv    a1, a6
core   0: 3 0x8000a254 (0x85c2) x11 0x000006ef
core   0: 0x8000a256 (0x410100b3) sub     ra, sp, a6
core   0: 3 0x8000a256 (0x410100b3) x 1 0xfffff992
core   0: 0x8000a25a (0x00000104) c.addi4spn s1, sp, 128
core   0: 3 0x8000a25a (0x0104) x 9 0x00000101
core   0: 0x8000a25c (0x00000785) c.addi  a5, 1
core   0: 3 0x8000a25c (0x0785) x15 0xfffffffb
core   0: 0x8000a25e (0x00004be1) c.li    s7, 24
core   0: 3 0x8000a25e (0x4be1) x23 0x00000018
core   0: 0x8000a260 (0x03d4e2b3) rem     t0, s1, t4
core   0: 3 0x8000a260 (0x03d4e2b3) x 5 0x00000101
core   0: 0x8000a264 (0x0000fbfd) c.bnez  a5, pc - 10
core   0: 3 0x8000a264 (0xfbfd)
core   0: 0x8000a25a (0x00000104) c.addi4spn s1, sp, 128
core   0: 3 0x8000a25a (0x0104) x 9 0x00000101
core   0: 0x8000a25c (0x00000785) c.addi  a5, 1
core   0: 3 0x8000a25c (0x0785) x15 0xfffffffc
core   0: 0x8000a25e (0x00004be1) c.li    s7, 24
core   0: 3 0x8000a25e (0x4be1) x23 0x00000018
core   0: 0x8000a260 (0x03d4e2b3) rem     t0, s1, t4
core   0: 3 0x8000a260 (0x03d4e2b3) x 5 0x00000101
core   0: 0x8000a264 (0x0000fbfd) c.bnez  a5, pc - 10
core   0: 3 0x8000a264 (0xfbfd)
core   0: 0x8000a25a (0x00000104) c.addi4spn s1, sp, 128
core   0: 3 0x8000a25a (0x0104) x 9 0x00000101
core   0: 0x8000a25c (0x00000785) c.addi  a5, 1
core   0: 3 0x8000a25c (0x0785) x15 0xfffffffd
core   0: 0x8000a25e (0x00004be1) c.li    s7, 24
core   0: 3 0x8000a25e (0x4be1) x23 0x00000018
core   0: 0x8000a260 (0x03d4e2b3) rem     t0, s1, t4
core   0: 3 0x8000a260 (0x03d4e2b3) x 5 0x00000101
core   0: 0x8000a264 (0x0000fbfd) c.bnez  a5, pc - 10
core   0: 3 0x8000a264 (0xfbfd)
core   0: 0x8000a25a (0x00000104) c.addi4spn s1, sp, 128
core   0: 3 0x8000a25a (0x0104) x 9 0x00000101
core   0: 0x8000a25c (0x00000785) c.addi  a5, 1
core   0: 3 0x8000a25c (0x0785) x15 0xfffffffe
core   0: 0x8000a25e (0x00004be1) c.li    s7, 24
core   0: 3 0x8000a25e (0x4be1) x23 0x00000018
core   0: 0x8000a260 (0x03d4e2b3) rem     t0, s1, t4
core   0: 3 0x8000a260 (0x03d4e2b3) x 5 0x00000101
core   0: 0x8000a264 (0x0000fbfd) c.bnez  a5, pc - 10
core   0: 3 0x8000a264 (0xfbfd)
core   0: 0x8000a25a (0x00000104) c.addi4spn s1, sp, 128
core   0: 3 0x8000a25a (0x0104) x 9 0x00000101
core   0: 0x8000a25c (0x00000785) c.addi  a5, 1
core   0: 3 0x8000a25c (0x0785) x15 0xffffffff
core   0: 0x8000a25e (0x00004be1) c.li    s7, 24
core   0: 3 0x8000a25e (0x4be1) x23 0x00000018
core   0: 0x8000a260 (0x03d4e2b3) rem     t0, s1, t4
core   0: 3 0x8000a260 (0x03d4e2b3) x 5 0x00000101
core   0: 0x8000a264 (0x0000fbfd) c.bnez  a5, pc - 10
core   0: 3 0x8000a264 (0xfbfd)
core   0: 0x8000a25a (0x00000104) c.addi4spn s1, sp, 128
core   0: 3 0x8000a25a (0x0104) x 9 0x00000101
core   0: 0x8000a25c (0x00000785) c.addi  a5, 1
core   0: 3 0x8000a25c (0x0785) x15 0x00000000
core   0: 0x8000a25e (0x00004be1) c.li    s7, 24
core   0: 3 0x8000a25e (0x4be1) x23 0x00000018
core   0: 0x8000a260 (0x03d4e2b3) rem     t0, s1, t4
core   0: 3 0x8000a260 (0x03d4e2b3) x 5 0x00000101
core   0: 0x8000a264 (0x0000fbfd) c.bnez  a5, pc - 10
core   0: 3 0x8000a264 (0xfbfd)
core   0: 0x8000a266 (0x00008a22) c.mv    s4, s0
core   0: 3 0x8000a266 (0x8a22) x20 0x0000000c
core   0: 0x8000a268 (0xfd6917e3) bne     s2, s6, pc - 50
core   0: 3 0x8000a268 (0xfd6917e3)
core   0: 0x8000a26c (0x02ca4833) div     a6, s4, a2
core   0: 3 0x8000a26c (0x02ca4833) x16 0xffffffff
core   0: 0x8000a270 (0x00000c52) c.slli  s8, 20
core   0: 3 0x8000a270 (0x0c52) x24 0x01200000
core   0: 0x8000a272 (0x007797b3) sll     a5, a5, t2
core   0: 3 0x8000a272 (0x007797b3) x15 0x00000000
core   0: 0x8000a276 (0x02a4de63) bge     s1, a0, pc + 60
core   0: 3 0x8000a276 (0x02a4de63)
core   0: 0x8000a2b2 (0x03a96f33) rem     t5, s2, s10
core   0: 3 0x8000a2b2 (0x03a96f33) x30 0x00000014
core   0: 0x8000a2b6 (0x0000e609) c.bnez  a2, pc + 10
core   0: 3 0x8000a2b6 (0xe609)
core   0: 0x8000a2b8 (0x00004ead) c.li    t4, 11
core   0: 3 0x8000a2b8 (0x4ead) x29 0x0000000b
core   0: 0x8000a2ba (0x000096a2) c.add   a3, s0
core   0: 3 0x8000a2ba (0x96a2) x13 0x80021e38
core   0: 0x8000a2bc (0x9bdf2693) slti    a3, t5, -1603
core   0: 3 0x8000a2bc (0x9bdf2693) x13 0x00000000
core   0: 0x8000a2c0 (0x0000c295) c.beqz  a3, pc + 36
core   0: 3 0x8000a2c0 (0xc295)
core   0: 0x8000a2e4 (0x028b7c63) bgeu    s6, s0, pc + 56
core   0: 3 0x8000a2e4 (0x028b7c63)
core   0: 0x8000a31c (0x00000409) c.addi  s0, 2
core   0: 3 0x8000a31c (0x0409) x 8 0x0000000e
core   0: 0x8000a31e (0x03a7c9b3) div     s3, a5, s10
core   0: 3 0x8000a31e (0x03a7c9b3) x19 0x00000000
core   0: 0x8000a322 (0x0092e933) or      s2, t0, s1
core   0: 3 0x8000a322 (0x0092e933) x18 0x00000101
core   0: 0x8000a326 (0x01e33f33) sltu    t5, t1, t5
core   0: 3 0x8000a326 (0x01e33f33) x30 0x00000001
core   0: 0x8000a32a (0xd1b82313) slti    t1, a6, -741
core   0: 3 0x8000a32a (0xd1b82313) x 6 0x00000000
core   0: 0x8000a32e (0x01af4a63) blt     t5, s10, pc + 20
core   0: 3 0x8000a32e (0x01af4a63)
core   0: 0x8000a332 (0x03b99f33) mulh    t5, s3, s11
core   0: 3 0x8000a332 (0x03b99f33) x30 0x00000000
core   0: 0x8000a336 (0x01309b93) slli    s7, ra, 19
core   0: 3 0x8000a336 (0x01309b93) x23 0xcc900000
core   0: 0x8000a33a (0x00005e7d) c.li    t3, -1
core   0: 3 0x8000a33a (0x5e7d) x28 0xffffffff
core   0: 0x8000a33c (0x02d98d33) mul     s10, s3, a3
core   0: 3 0x8000a33c (0x02d98d33) x26 0x00000000
core   0: 0x8000a340 (0x00009386) c.add   t2, ra
core   0: 3 0x8000a340 (0x9386) x 7 0x3ecd8992
core   0: 0x8000a342 (0x00006131) c.addi16sp sp, 320
core   0: 3 0x8000a342 (0x6131) x 2 0x000001c1
core   0: 0x8000a344 (0x00008e35) c.xor   a2, a3
core   0: 3 0x8000a344 (0x8e35) x12 0x00000000
core   0: 0x8000a346 (0x0064d613) srli    a2, s1, 6
core   0: 3 0x8000a346 (0x0064d613) x12 0x00000004
core   0: 0x8000a34a (0x00008f09) c.sub   a4, a0
core   0: 3 0x8000a34a (0x8f09) x14 0x7ffde1d4
core   0: 0x8000a34c (0x22e9b993) sltiu   s3, s3, 558
core   0: 3 0x8000a34c (0x22e9b993) x19 0x00000001
core   0: 0x8000a350 (0x01f99563) bne     s3, t6, pc + 10
core   0: 3 0x8000a350 (0x01f99563)
core   0: 0x8000a354 (0x41b35833) sra     a6, t1, s11
core   0: 3 0x8000a354 (0x41b35833) x16 0x00000000
core   0: 0x8000a358 (0x0000cb05) c.beqz  a4, pc + 48
core   0: 3 0x8000a358 (0xcb05)
core   0: 0x8000a35a (0x00008609) c.srai  a2, 2
core   0: 3 0x8000a35a (0x8609) x12 0x00000001
core   0: 0x8000a35c (0x03879d33) mulh    s10, a5, s8
core   0: 3 0x8000a35c (0x03879d33) x26 0x00000000
core   0: 0x8000a360 (0x034e22b3) mulhsu  t0, t3, s4
core   0: 3 0x8000a360 (0x034e22b3) x 5 0xffffffff
core   0: 0x8000a364 (0x54b20b97) auipc   s7, 0x54b20
core   0: 3 0x8000a364 (0x54b20b97) x23 0xd4b2a364
core   0: 0x8000a368 (0x0099f033) and     zero, s3, s1
core   0: 3 0x8000a368 (0x0099f033)
core   0: 0x8000a36c (0x00006e91) c.lui   t4, 0x4
core   0: 3 0x8000a36c (0x6e91) x29 0x00004000
core   0: 0x8000a36e (0x03197963) bgeu    s2, a7, pc + 50
core   0: 3 0x8000a36e (0x03197963)
core   0: 0x8000a3a0 (0x03077f33) remu    t5, a4, a6
core   0: 3 0x8000a3a0 (0x03077f33) x30 0x7ffde1d4
core   0: 0x8000a3a4 (0x02f39f33) mulh    t5, t2, a5
core   0: 3 0x8000a3a4 (0x02f39f33) x30 0x00000000
core   0: 0x8000a3a8 (0x01b304b3) add     s1, t1, s11
core   0: 3 0x8000a3a8 (0x01b304b3) x 9 0x80025ce4
core   0: 0x8000a3ac (0x008a71b3) and     gp, s4, s0
core   0: 3 0x8000a3ac (0x008a71b3) x 3 0x0000000c
core   0: 0x8000a3b0 (0x018864b3) or      s1, a6, s8
core   0: 3 0x8000a3b0 (0x018864b3) x 9 0x01200000
core   0: 0x8000a3b4 (0x00400613) li      a2, 4
core   0: 3 0x8000a3b4 (0x00400613) x12 0x00000004
core   0: 0x8000a3b8 (0x99f4b137) lui     sp, 0x99f4b
core   0: 3 0x8000a3b8 (0x99f4b137) x 2 0x99f4b000
core   0: 0x8000a3bc (0x00ee7bb3) and     s7, t3, a4
core   0: 3 0x8000a3bc (0x00ee7bb3) x23 0x7ffde1d4
core   0: 0x8000a3c0 (0x00000394) c.addi4spn a3, sp, 448
core   0: 3 0x8000a3c0 (0x0394) x13 0x99f4b1c0
core   0: 0x8000a3c2 (0x03978333) mul     t1, a5, s9
core   0: 3 0x8000a3c2 (0x03978333) x 6 0x00000000
core   0: 0x8000a3c6 (0x00000001) c.nop
core   0: 3 0x8000a3c6 (0x0001)
core   0: 0x8000a3c8 (0x00008d91) c.sub   a1, a2
core   0: 3 0x8000a3c8 (0x8d91) x11 0x000006eb
core   0: 0x8000a3ca (0x411858b3) sra     a7, a6, a7
core   0: 3 0x8000a3ca (0x411858b3) x17 0x00000000
core   0: 0x8000a3ce (0x00008c61) c.and   s0, s0
core   0: 3 0x8000a3ce (0x8c61) x 8 0x0000000e
core   0: 0x8000a3d0 (0x01421493) slli    s1, tp, 20
core   0: 3 0x8000a3d0 (0x01421493) x 9 0x00000000
core   0: 0x8000a3d4 (0x03e5f6b3) remu    a3, a1, t5
core   0: 3 0x8000a3d4 (0x03e5f6b3) x13 0x000006eb
core   0: 0x8000a3d8 (0x00008435) c.srai  s0, 13
core   0: 3 0x8000a3d8 (0x8435) x 8 0x00000000
core   0: 0x8000a3da (0x00001671) c.addi  a2, -4
core   0: 3 0x8000a3da (0x1671) x12 0x00000000
core   0: 0x8000a3dc (0xc5464f13) xori    t5, a2, -940
core   0: 3 0x8000a3dc (0xc5464f13) x30 0xfffffc54
core   0: 0x8000a3e0 (0x01ad1733) sll     a4, s10, s10
core   0: 3 0x8000a3e0 (0x01ad1733) x14 0x00000000
core   0: 0x8000a3e4 (0x03f9a0b3) mulhsu  ra, s3, t6
core   0: 3 0x8000a3e4 (0x03f9a0b3) x 1 0x00000000
core   0: 0x8000a3e8 (0x7d44e593) ori     a1, s1, 2004
core   0: 3 0x8000a3e8 (0x7d44e593) x11 0x000007d4
core   0: 0x8000a3ec (0x46176f17) auipc   t5, 0x46176
core   0: 3 0x8000a3ec (0x46176f17) x30 0xc61803ec
core   0: 0x8000a3f0 (0x00009c6e) c.add   s8, s11
core   0: 3 0x8000a3f0 (0x9c6e) x24 0x81225ce4
core   0: 0x8000a3f2 (0x0000f26d) c.bnez  a2, pc - 30
core   0: 3 0x8000a3f2 (0xf26d)
core   0: 0x8000a3f4 (0x02aef233) remu    tp, t4, a0
core   0: 3 0x8000a3f4 (0x02aef233) x 4 0x00004000
core   0: 0x8000a3f8 (0x0ff0000f) fence   iorw,iorw
core   0: 3 0x8000a3f8 (0x0ff0000f)
core   0: 0x8000a3fc (0x000084ed) c.srai  s1, 27
core   0: 3 0x8000a3fc (0x84ed) x 9 0x00000000
core   0: 0x8000a3fe (0x00001d80) c.addi4spn s0, sp, 752
core   0: 3 0x8000a3fe (0x1d80) x 8 0x99f4b2f0
core   0: 0x8000a400 (0x02997963) bgeu    s2, s1, pc + 50
core   0: 3 0x8000a400 (0x02997963)
core   0: 0x8000a432 (0x0000ef9d) c.bnez  a5, pc + 62
core   0: 3 0x8000a432 (0xef9d)
core   0: 0x8000a434 (0x02d0cd13) xori    s10, ra, 45
core   0: 3 0x8000a434 (0x02d0cd13) x26 0x0000002d
core   0: 0x8000a438 (0x02df1eb3) mulh    t4, t5, a3
core   0: 3 0x8000a438 (0x02df1eb3) x29 0xfffffe6f
core   0: 0x8000a43c (0x41d5df93) srai    t6, a1, 29
core   0: 3 0x8000a43c (0x41d5df93) x31 0x00000000
core   0: 0x8000a440 (0x02ebc3b3) div     t2, s7, a4
core   0: 3 0x8000a440 (0x02ebc3b3) x 7 0xffffffff
core   0: 0x8000a444 (0x02d95d33) divu    s10, s2, a3
core   0: 3 0x8000a444 (0x02d95d33) x26 0x00000000
core   0: 0x8000a448 (0x01d28033) add     zero, t0, t4
core   0: 3 0x8000a448 (0x01d28033)
core   0: 0x8000a44c (0x00a663b3) or      t2, a2, a0
core   0: 3 0x8000a44c (0x00a663b3) x 7 0x80021e2c
core   0: 0x8000a450 (0x001e5e13) srli    t3, t3, 1
core   0: 3 0x8000a450 (0x001e5e13) x28 0x7fffffff
core   0: 0x8000a454 (0x419883b3) sub     t2, a7, s9
core   0: 3 0x8000a454 (0x419883b3) x 7 0xffffffff
core   0: 0x8000a458 (0x7cad5337) lui     t1, 0x7cad5
core   0: 3 0x8000a458 (0x7cad5337) x 6 0x7cad5000
core   0: 0x8000a45c (0x0000e38d) c.bnez  a5, pc + 34
core   0: 3 0x8000a45c (0xe38d)
core   0: 0x8000a45e (0x00009a7d) c.andi  a2, -1
core   0: 3 0x8000a45e (0x9a7d) x12 0x00000000
core   0: 0x8000a460 (0x02c28cb3) mul     s9, t0, a2
core   0: 3 0x8000a460 (0x02c28cb3) x25 0x00000000
core   0: 0x8000a464 (0x01a3d813) srli    a6, t2, 26
core   0: 3 0x8000a464 (0x01a3d813) x16 0x0000003f
core   0: 0x8000a468 (0x307ffb37) lui     s6, 0x307ff
core   0: 3 0x8000a468 (0x307ffb37) x22 0x307ff000
core   0: 0x8000a46c (0xcce2e713) ori     a4, t0, -818
core   0: 3 0x8000a46c (0xcce2e713) x14 0xffffffff
core   0: 0x8000a470 (0x00fd22b3) slt     t0, s10, a5
core   0: 3 0x8000a470 (0x00fd22b3) x 5 0x00000000
core   0: 0x8000a474 (0x0061f133) and     sp, gp, t1
core   0: 3 0x8000a474 (0x0061f133) x 2 0x00000000
core   0: 0x8000a478 (0x05ac7363) bgeu    s8, s10, pc + 70
core   0: 3 0x8000a478 (0x05ac7363)
core   0: 0x8000a4be (0x02224733) div     a4, tp, sp
core   0: 3 0x8000a4be (0x02224733) x14 0xffffffff
core   0: 0x8000a4c2 (0x1dedc013) xori    zero, s11, 478
core   0: 3 0x8000a4c2 (0x1dedc013)
core   0: 0x8000a4c6 (0x010d0933) add     s2, s10, a6
core   0: 3 0x8000a4c6 (0x010d0933) x18 0x0000003f
core   0: 0x8000a4ca (0xd6d96117) auipc   sp, 0xd6d96
core   0: 3 0x8000a4ca (0xd6d96117) x 2 0x56da04ca
core   0: 0x8000a4ce (0x03305e63) bge     zero, s3, pc + 60
core   0: 3 0x8000a4ce (0x03305e63)
core   0: 0x8000a4d2 (0xe9706013) ori     zero, zero, -361
core   0: 3 0x8000a4d2 (0xe9706013)
core   0: 0x8000a4d6 (0x00bb2633) slt     a2, s6, a1
core   0: 3 0x8000a4d6 (0x00bb2633) x12 0x00000000
core   0: 0x8000a4da (0x71e54813) xori    a6, a0, 1822
core   0: 3 0x8000a4da (0x71e54813) x16 0x80021932
core   0: 0x8000a4de (0x1d689637) lui     a2, 0x1d689
core   0: 3 0x8000a4de (0x1d689637) x12 0x1d689000
core   0: 0x8000a4e2 (0x00008c9d) c.sub   s1, a5
core   0: 3 0x8000a4e2 (0x8c9d) x 9 0x00000000
core   0: 0x8000a4e4 (0x03d967b3) rem     a5, s2, t4
core   0: 3 0x8000a4e4 (0x03d967b3) x15 0x0000003f
core   0: 0x8000a4e8 (0x01ef9993) slli    s3, t6, 30
core   0: 3 0x8000a4e8 (0x01ef9993) x19 0x00000000
core   0: 0x8000a4ec (0x46726013) ori     zero, tp, 1127
core   0: 3 0x8000a4ec (0x46726013)
core   0: 0x8000a4f0 (0x00000c36) c.slli  s8, 13
core   0: 3 0x8000a4f0 (0x0c36) x24 0x4b9c8000
core   0: 0x8000a4f2 (0x0000517d) c.li    sp, -1
core   0: 3 0x8000a4f2 (0x517d) x 2 0xffffffff
core   0: 0x8000a4f4 (0x00000001) c.nop
core   0: 3 0x8000a4f4 (0x0001)
core   0: 0x8000a4f6 (0x0115fe63) bgeu    a1, a7, pc + 28
core   0: 3 0x8000a4f6 (0x0115fe63)
core   0: 0x8000a512 (0x00008be1) c.andi  a5, 24
core   0: 3 0x8000a512 (0x8be1) x15 0x00000018
core   0: 0x8000a514 (0x000087e1) c.srai  a5, 24
core   0: 3 0x8000a514 (0x87e1) x15 0x00000000
core   0: 0x8000a516 (0x02b19b63) bne     gp, a1, pc + 54
core   0: 3 0x8000a516 (0x02b19b63)
core   0: 0x8000a54c (0x569e3893) sltiu   a7, t3, 1385
core   0: 3 0x8000a54c (0x569e3893) x17 0x00000000
core   0: 0x8000a550 (0x00000001) c.nop
core   0: 3 0x8000a550 (0x0001)
core   0: 0x8000a552 (0x00008671) c.srai  a2, 28
core   0: 3 0x8000a552 (0x8671) x12 0x00000001
core   0: 0x8000a554 (0x032d63b3) rem     t2, s10, s2
core   0: 3 0x8000a554 (0x032d63b3) x 7 0x00000000
core   0: 0x8000a558 (0x00000001) c.nop
core   0: 3 0x8000a558 (0x0001)
core   0: 0x8000a55a (0x00008459) c.srai  s0, 22
core   0: 3 0x8000a55a (0x8459) x 8 0xfffffe67
core   0: 0x8000a55c (0x00008c25) c.xor   s0, s1
core   0: 3 0x8000a55c (0x8c25) x 8 0xfffffe67
core   0: 0x8000a55e (0xa127ba13) sltiu   s4, a5, -1518
core   0: 3 0x8000a55e (0xa127ba13) x20 0x00000001
core   0: 0x8000a562 (0x00001304) c.addi4spn s1, sp, 416
core   0: 3 0x8000a562 (0x1304) x 9 0x0000019f
core   0: 0x8000a564 (0x000086d9) c.srai  a3, 22
core   0: 3 0x8000a564 (0x86d9) x13 0x00000000
core   0: 0x8000a566 (0x00008e99) c.sub   a3, a4
core   0: 3 0x8000a566 (0x8e99) x13 0x00000001
core   0: 0x8000a568 (0x00008f61) c.and   a4, s0
core   0: 3 0x8000a568 (0x8f61) x14 0xfffffe67
core   0: 0x8000a56a (0x013b70b3) and     ra, s6, s3
core   0: 3 0x8000a56a (0x013b70b3) x 1 0x00000000
core   0: 0x8000a56e (0x00008589) c.srai  a1, 2
core   0: 3 0x8000a56e (0x8589) x11 0x000001f5
core   0: 0x8000a570 (0x000084b5) c.srai  s1, 13
core   0: 3 0x8000a570 (0x84b5) x 9 0x00000000
core   0: 0x8000a572 (0x00008e71) c.and   a2, a2
core   0: 3 0x8000a572 (0x8e71) x12 0x00000001
core   0: 0x8000a574 (0x233a4e13) xori    t3, s4, 563
core   0: 3 0x8000a574 (0x233a4e13) x28 0x00000232
core   0: 0x8000a578 (0x02a2d433) divu    s0, t0, a0
core   0: 3 0x8000a578 (0x02a2d433) x 8 0x00000000
core   0: 0x8000a57c (0x024eb333) mulhu   t1, t4, tp
core   0: 3 0x8000a57c (0x024eb333) x 6 0x00003fff
core   0: 0x8000a580 (0x00008e19) c.sub   a2, a4
core   0: 3 0x8000a580 (0x8e19) x12 0x0000019a
core   0: 0x8000a582 (0x03dc7133) remu    sp, s8, t4
core   0: 3 0x8000a582 (0x03dc7133) x 2 0x4b9c8000
core   0: 0x8000a586 (0x00000001) c.nop
core   0: 3 0x8000a586 (0x0001)
core   0: 0x8000a588 (0x019084b3) add     s1, ra, s9
core   0: 3 0x8000a588 (0x019084b3) x 9 0x00000000
core   0: 0x8000a58c (0x40bb06b3) sub     a3, s6, a1
core   0: 3 0x8000a58c (0x40bb06b3) x13 0x307fee0b
core   0: 0x8000a590 (0x0205d033) divu    zero, a1, zero
core   0: 3 0x8000a590 (0x0205d033)
core   0: 0x8000a594 (0x0000967e) c.add   a2, t6
core   0: 3 0x8000a594 (0x967e) x12 0x0000019a
core   0: 0x8000a596 (0x99ec8e93) addi    t4, s9, -1634
core   0: 3 0x8000a596 (0x99ec8e93) x29 0xfffff99e
core   0: 0x8000a59a (0x00008fe9) c.and   a5, a0
core   0: 3 0x8000a59a (0x8fe9) x15 0x00000000
core   0: 0x8000a59c (0x4000d893) srai    a7, ra, 0
core   0: 3 0x8000a59c (0x4000d893) x17 0x00000000
core   0: 0x8000a5a0 (0x02c863b3) rem     t2, a6, a2
core   0: 3 0x8000a5a0 (0x02c863b3) x 7 0xffffff14
core   0: 0x8000a5a4 (0x00867fb3) and     t6, a2, s0
core   0: 3 0x8000a5a4 (0x00867fb3) x31 0x00000000
core   0: 0x8000a5a8 (0x1f5f0413) addi    s0, t5, 501
core   0: 3 0x8000a5a8 (0x1f5f0413) x 8 0xc61805e1
core   0: 0x8000a5ac (0x000088c9) c.andi  s1, 18
core   0: 3 0x8000a5ac (0x88c9) x 9 0x00000000
core   0: 0x8000a5ae (0xeb7c1437) lui     s0, 0xeb7c1
core   0: 3 0x8000a5ae (0xeb7c1437) x 8 0xeb7c1000
core   0: 0x8000a5b2 (0x00000922) c.slli  s2, 8
core   0: 3 0x8000a5b2 (0x0922) x18 0x00003f00
core   0: 0x8000a5b4 (0x0ff0000f) fence   iorw,iorw
core   0: 3 0x8000a5b4 (0x0ff0000f)
core   0: 0x8000a5b8 (0x00300e93) li      t4, 3
core   0: 3 0x8000a5b8 (0x00300e93) x29 0x00000003
core   0: 0x8000a5bc (0x00b8dc93) srli    s9, a7, 11
core   0: 3 0x8000a5bc (0x00b8dc93) x25 0x00000000
core   0: 0x8000a5c0 (0x946ae113) ori     sp, s5, -1722
core   0: 3 0x8000a5c0 (0x946ae113) x 2 0xffffff66
core   0: 0x8000a5c4 (0xf2f9be37) lui     t3, 0xf2f9b
core   0: 3 0x8000a5c4 (0xf2f9be37) x28 0xf2f9b000
core   0: 0x8000a5c8 (0x01535f93) srli    t6, t1, 21
core   0: 3 0x8000a5c8 (0x01535f93) x31 0x00000000
core   0: 0x8000a5cc (0xfef00893) li      a7, -17
core   0: 3 0x8000a5cc (0xfef00893) x17 0xffffffef
core   0: 0x8000a5d0 (0x01748cb3) add     s9, s1, s7
core   0: 3 0x8000a5d0 (0x01748cb3) x25 0x7ffde1d4
core   0: 0x8000a5d4 (0x02c522b3) mulhsu  t0, a0, a2
core   0: 3 0x8000a5d4 (0x02c522b3) x 5 0xffffff33
core   0: 0x8000a5d8 (0x01595733) srl     a4, s2, s5
core   0: 3 0x8000a5d8 (0x01595733) x14 0x00003f00
core   0: 0x8000a5dc (0x00000a62) c.slli  s4, 24
core   0: 3 0x8000a5dc (0x0a62) x20 0x01000000
core   0: 0x8000a5de (0x41a3dd13) srai    s10, t2, 26
core   0: 3 0x8000a5de (0x41a3dd13) x26 0xffffffff
core   0: 0x8000a5e2 (0x00001ef1) c.addi  t4, -4
core   0: 3 0x8000a5e2 (0x1ef1) x29 0xffffffff
core   0: 0x8000a5e4 (0x02ee4f33) div     t5, t3, a4
core   0: 3 0x8000a5e4 (0x02ee4f33) x30 0xffffcb14
core   0: 0x8000a5e8 (0x0f893b13) sltiu   s6, s2, 248
core   0: 3 0x8000a5e8 (0x0f893b13) x22 0x00000000
core   0: 0x8000a5ec (0x031f72b3) remu    t0, t5, a7
core   0: 3 0x8000a5ec (0x031f72b3) x 5 0xffffcb14
core   0: 0x8000a5f0 (0xff1e82e3) beq     t4, a7, pc - 28
core   0: 3 0x8000a5f0 (0xff1e82e3)
core   0: 0x8000a5f4 (0x9b27a813) slti    a6, a5, -1614
core   0: 3 0x8000a5f4 (0x9b27a813) x16 0x00000000
core   0: 0x8000a5f8 (0x9a6cac97) auipc   s9, 0x9a6ca
core   0: 3 0x8000a5f8 (0x9a6cac97) x25 0x1a6d45f8
core   0: 0x8000a5fc (0x000085d9) c.srai  a1, 22
core   0: 3 0x8000a5fc (0x85d9) x11 0x00000000
core   0: 0x8000a5fe (0x02c1e5b3) rem     a1, gp, a2
core   0: 3 0x8000a5fe (0x02c1e5b3) x11 0x0000000c
core   0: 0x8000a602 (0x804e0b37) lui     s6, 0x804e0
core   0: 3 0x8000a602 (0x804e0b37) x22 0x804e0000
core   0: 0x8000a606 (0xd2fe4093) xori    ra, t3, -721
core   0: 3 0x8000a606 (0xd2fe4093) x 1 0x0d064d2f
core   0: 0x8000a60a (0x4f958213) addi    tp, a1, 1273
core   0: 3 0x8000a60a (0x4f958213) x 4 0x00000505
core   0: 0x8000a60e (0x4160d593) srai    a1, ra, 22
core   0: 3 0x8000a60e (0x4160d593) x11 0x00000034
core   0: 0x8000a612 (0x84bae497) auipc   s1, 0x84bae
core   0: 3 0x8000a612 (0x84bae497) x 9 0x04bb8612
core   0: 0x8000a616 (0xe8aa7c93) andi    s9, s4, -374
core   0: 3 0x8000a616 (0xe8aa7c93) x25 0x01000000
core   0: 0x8000a61a (0x000068bd) c.lui   a7, 0xf
core   0: 3 0x8000a61a (0x68bd) x17 0x0000f000
core   0: 0x8000a61c (0x0189eb33) or      s6, s3, s8
core   0: 3 0x8000a61c (0x0189eb33) x22 0x4b9c8000
core   0: 0x8000a620 (0x00bfcd33) xor     s10, t6, a1
core   0: 3 0x8000a620 (0x00bfcd33) x26 0x00000034
core   0: 0x8000a624 (0x0194e0b3) or      ra, s1, s9
core   0: 3 0x8000a624 (0x0194e0b3) x 1 0x05bb8612
core   0: 0x8000a628 (0x00000c10) c.addi4spn a2, sp, 528
core   0: 3 0x8000a628 (0x0c10) x12 0x00000176
core   0: 0x8000a62a (0x00bced33) or      s10, s9, a1
core   0: 3 0x8000a62a (0x00bced33) x26 0x01000034
core   0: 0x8000a62e (0x00008166) c.mv    sp, s9
core   0: 3 0x8000a62e (0x8166) x 2 0x01000000
core   0: 0x8000a630 (0x03397963) bgeu    s2, s3, pc + 50
core   0: 3 0x8000a630 (0x03397963)
core   0: 0x8000a662 (0x01d6b4b3) sltu    s1, a3, t4
core   0: 3 0x8000a662 (0x01d6b4b3) x 9 0x00000001
core   0: 0x8000a666 (0x01f71f33) sll     t5, a4, t6
core   0: 3 0x8000a666 (0x01f71f33) x30 0x00003f00
core   0: 0x8000a66a (0xe787c993) xori    s3, a5, -392
core   0: 3 0x8000a66a (0xe787c993) x19 0xfffffe78
core   0: 0x8000a66e (0x0000ec15) c.bnez  s0, pc + 60
core   0: 3 0x8000a66e (0xec15)
core   0: 0x8000a6aa (0x01155863) bge     a0, a7, pc + 16
core   0: 3 0x8000a6aa (0x01155863)
core   0: 0x8000a6ae (0x00009b7d) c.andi  a4, -1
core   0: 3 0x8000a6ae (0x9b7d) x14 0x00003f00
core   0: 0x8000a6b0 (0x03ca5e33) divu    t3, s4, t3
core   0: 3 0x8000a6b0 (0x03ca5e33) x28 0x00000000
core   0: 0x8000a6b4 (0x0ff0000f) fence   iorw,iorw
core   0: 3 0x8000a6b4 (0x0ff0000f)
core   0: 0x8000a6b8 (0x000086a2) c.mv    a3, s0
core   0: 3 0x8000a6b8 (0x86a2) x13 0xeb7c1000
core   0: 0x8000a6ba (0x405a5093) srai    ra, s4, 5
core   0: 3 0x8000a6ba (0x405a5093) x 1 0x00080000
core   0: 0x8000a6be (0xfff00293) li      t0, -1
core   0: 3 0x8000a6be (0xfff00293) x 5 0xffffffff
core   0: 0x8000a6c2 (0x03a6eb33) rem     s6, a3, s10
core   0: 3 0x8000a6c2 (0x03a6eb33) x22 0xff7c1410
core   0: 0x8000a6c6 (0x005a18b3) sll     a7, s4, t0
core   0: 3 0x8000a6c6 (0x005a18b3) x17 0x00000000
core   0: 0x8000a6ca (0x40c280b3) sub     ra, t0, a2
core   0: 3 0x8000a6ca (0x40c280b3) x 1 0xfffffe89
core   0: 0x8000a6ce (0x0024d813) srli    a6, s1, 2
core   0: 3 0x8000a6ce (0x0024d813) x16 0x00000000
core   0: 0x8000a6d2 (0x0ff0000f) fence   iorw,iorw
core   0: 3 0x8000a6d2 (0x0ff0000f)
core   0: 0x8000a6d6 (0x00008f4d) c.or    a4, a1
core   0: 3 0x8000a6d6 (0x8f4d) x14 0x00003f34
core   0: 0x8000a6d8 (0x00008e41) c.or    a2, s0
core   0: 3 0x8000a6d8 (0x8e41) x12 0xeb7c1176
core   0: 0x8000a6da (0x5982e393) ori     t2, t0, 1432
core   0: 3 0x8000a6da (0x5982e393) x 7 0xffffffff
core   0: 0x8000a6de (0x01400d13) li      s10, 20
core   0: 3 0x8000a6de (0x01400d13) x26 0x00000014
core   0: 0x8000a6e2 (0x00005a7d) c.li    s4, -1
core   0: 3 0x8000a6e2 (0x5a7d) x20 0xffffffff
core   0: 0x8000a6e4 (0x00004799) c.li    a5, 6
core   0: 3 0x8000a6e4 (0x4799) x15 0x00000006
core   0: 0x8000a6e6 (0x00000295) c.addi  t0, 5
core   0: 3 0x8000a6e6 (0x0295) x 5 0x00000004
core   0: 0x8000a6e8 (0x00000001) c.nop
core   0: 3 0x8000a6e8 (0x0001)
core   0: 0x8000a6ea (0x246b0b17) auipc   s6, 0x246b0
core   0: 3 0x8000a6ea (0x246b0b17) x22 0xa46ba6ea
core   0: 0x8000a6ee (0xffa2cbe3) blt     t0, s10, pc - 10
core   0: 3 0x8000a6ee (0xffa2cbe3)
core   0: 0x8000a6e4 (0x00004799) c.li    a5, 6
core   0: 3 0x8000a6e4 (0x4799) x15 0x00000006
core   0: 0x8000a6e6 (0x00000295) c.addi  t0, 5
core   0: 3 0x8000a6e6 (0x0295) x 5 0x00000009
core   0: 0x8000a6e8 (0x00000001) c.nop
core   0: 3 0x8000a6e8 (0x0001)
core   0: 0x8000a6ea (0x246b0b17) auipc   s6, 0x246b0
core   0: 3 0x8000a6ea (0x246b0b17) x22 0xa46ba6ea
core   0: 0x8000a6ee (0xffa2cbe3) blt     t0, s10, pc - 10
core   0: 3 0x8000a6ee (0xffa2cbe3)
core   0: 0x8000a6e4 (0x00004799) c.li    a5, 6
core   0: 3 0x8000a6e4 (0x4799) x15 0x00000006
core   0: 0x8000a6e6 (0x00000295) c.addi  t0, 5
core   0: 3 0x8000a6e6 (0x0295) x 5 0x0000000e
core   0: 0x8000a6e8 (0x00000001) c.nop
core   0: 3 0x8000a6e8 (0x0001)
core   0: 0x8000a6ea (0x246b0b17) auipc   s6, 0x246b0
core   0: 3 0x8000a6ea (0x246b0b17) x22 0xa46ba6ea
core   0: 0x8000a6ee (0xffa2cbe3) blt     t0, s10, pc - 10
core   0: 3 0x8000a6ee (0xffa2cbe3)
core   0: 0x8000a6e4 (0x00004799) c.li    a5, 6
core   0: 3 0x8000a6e4 (0x4799) x15 0x00000006
core   0: 0x8000a6e6 (0x00000295) c.addi  t0, 5
core   0: 3 0x8000a6e6 (0x0295) x 5 0x00000013
core   0: 0x8000a6e8 (0x00000001) c.nop
core   0: 3 0x8000a6e8 (0x0001)
core   0: 0x8000a6ea (0x246b0b17) auipc   s6, 0x246b0
core   0: 3 0x8000a6ea (0x246b0b17) x22 0xa46ba6ea
core   0: 0x8000a6ee (0xffa2cbe3) blt     t0, s10, pc - 10
core   0: 3 0x8000a6ee (0xffa2cbe3)
core   0: 0x8000a6e4 (0x00004799) c.li    a5, 6
core   0: 3 0x8000a6e4 (0x4799) x15 0x00000006
core   0: 0x8000a6e6 (0x00000295) c.addi  t0, 5
core   0: 3 0x8000a6e6 (0x0295) x 5 0x00000018
core   0: 0x8000a6e8 (0x00000001) c.nop
core   0: 3 0x8000a6e8 (0x0001)
core   0: 0x8000a6ea (0x246b0b17) auipc   s6, 0x246b0
core   0: 3 0x8000a6ea (0x246b0b17) x22 0xa46ba6ea
core   0: 0x8000a6ee (0xffa2cbe3) blt     t0, s10, pc - 10
core   0: 3 0x8000a6ee (0xffa2cbe3)
core   0: 0x8000a6f2 (0x01fcd993) srli    s3, s9, 31
core   0: 3 0x8000a6f2 (0x01fcd993) x19 0x00000000
core   0: 0x8000a6f6 (0x66e67913) andi    s2, a2, 1646
core   0: 3 0x8000a6f6 (0x66e67913) x18 0x00000066
core   0: 0x8000a6fa (0x00008e69) c.and   a2, a0
core   0: 3 0x8000a6fa (0x8e69) x12 0x80001024
core   0: 0x8000a6fc (0x6d5db313) sltiu   t1, s11, 1749
core   0: 3 0x8000a6fc (0x6d5db313) x 6 0x00000000
core   0: 0x8000a700 (0x00001e80) c.addi4spn s0, sp, 880
core   0: 3 0x8000a700 (0x1e80) x 8 0x01000370
core   0: 0x8000a702 (0xf0ce0937) lui     s2, 0xf0ce0
core   0: 3 0x8000a702 (0xf0ce0937) x18 0xf0ce0000
core   0: 0x8000a706 (0xa45d6797) auipc   a5, 0xa45d6
core   0: 3 0x8000a706 (0xa45d6797) x15 0x245e0706
core   0: 0x8000a70a (0x01c89fb3) sll     t6, a7, t3
core   0: 3 0x8000a70a (0x01c89fb3) x31 0x00000000
core   0: 0x8000a70e (0x01c86133) or      sp, a6, t3
core   0: 3 0x8000a70e (0x01c86133) x 2 0x00000000
core   0: 0x8000a712 (0xb3a73bb7) lui     s7, 0xb3a73
core   0: 3 0x8000a712 (0xb3a73bb7) x23 0xb3a73000
core   0: 0x8000a716 (0x000f71b3) and     gp, t5, zero
core   0: 3 0x8000a716 (0x000f71b3) x 3 0x00000000
core   0: 0x8000a71a (0x00008cf1) c.and   s1, a2
core   0: 3 0x8000a71a (0x8cf1) x 9 0x00000000
core   0: 0x8000a71c (0x0000100f) fence.i
core   0: 3 0x8000a71c (0x0000100f)
core   0: 0x8000a720 (0x00e99813) slli    a6, s3, 14
core   0: 3 0x8000a720 (0x00e99813) x16 0x00000000
core   0: 0x8000a724 (0x021c2333) mulhsu  t1, s8, ra
core   0: 3 0x8000a724 (0x021c2333) x 6 0x4b9c7f91
core   0: 0x8000a728 (0x5f04c413) xori    s0, s1, 1520
core   0: 3 0x8000a728 (0x5f04c413) x 8 0x000005f0
core   0: 0x8000a72c (0x0000717d) c.addi16sp sp, -16
core   0: 3 0x8000a72c (0x717d) x 2 0xfffffff0
core   0: 0x8000a72e (0x019bff33) and     t5, s7, s9
core   0: 3 0x8000a72e (0x019bff33) x30 0x01000000
core   0: 0x8000a732 (0x91f82593) slti    a1, a6, -1761
core   0: 3 0x8000a732 (0x91f82593) x11 0x00000000
core   0: 0x8000a736 (0x010c8663) beq     s9, a6, pc + 12
core   0: 3 0x8000a736 (0x010c8663)
core   0: 0x8000a73a (0x01090463) beq     s2, a6, pc + 8
core   0: 3 0x8000a73a (0x01090463)
core   0: 0x8000a73e (0x00e96b33) or      s6, s2, a4
core   0: 3 0x8000a73e (0x00e96b33) x22 0xf0ce3f34
core   0: 0x8000a742 (0x02dbc3b3) div     t2, s7, a3
core   0: 3 0x8000a742 (0x02dbc3b3) x 7 0x00000003
core   0: 0x8000a746 (0x00be1133) sll     sp, t3, a1
core   0: 3 0x8000a746 (0x00be1133) x 2 0x00000000
core   0: 0x8000a74a (0x0000e099) c.bnez  s1, pc + 6
core   0: 3 0x8000a74a (0xe099)
core   0: 0x8000a74c (0x01658cb3) add     s9, a1, s6
core   0: 3 0x8000a74c (0x01658cb3) x25 0xf0ce3f34
core   0: 0x8000a750 (0x000053fd) c.li    t2, -1
core   0: 3 0x8000a750 (0x53fd) x 7 0xffffffff
core   0: 0x8000a752 (0x13c53e93) sltiu   t4, a0, 316
core   0: 3 0x8000a752 (0x13c53e93) x29 0x00000000
core   0: 0x8000a756 (0x000006c2) c.slli  a3, 16
core   0: 3 0x8000a756 (0x06c2) x13 0x10000000
core   0: 0x8000a758 (0x00008c49) c.or    s0, a0
core   0: 3 0x8000a758 (0x8c49) x 8 0x80021ffc
core   0: 0x8000a75a (0x031e39b3) mulhu   s3, t3, a7
core   0: 3 0x8000a75a (0x031e39b3) x19 0x00000000
core   0: 0x8000a75e (0x00000001) c.nop
core   0: 3 0x8000a75e (0x0001)
core   0: 0x8000a760 (0xa5557613) andi    a2, a0, -1451
core   0: 3 0x8000a760 (0xa5557613) x12 0x80021a04
core   0: 0x8000a764 (0x6a9d8c93) addi    s9, s11, 1705
core   0: 3 0x8000a764 (0x6a9d8c93) x25 0x8002638d
core   0: 0x8000a768 (0x00d1e933) or      s2, gp, a3
core   0: 3 0x8000a768 (0x00d1e933) x18 0x10000000
core   0: 0x8000a76c (0x006b1693) slli    a3, s6, 6
core   0: 3 0x8000a76c (0x006b1693) x13 0x338fcd00
core   0: 0x8000a770 (0x00e74563) blt     a4, a4, pc + 10
core   0: 3 0x8000a770 (0x00e74563)
core   0: 0x8000a774 (0x00008c59) c.or    s0, a4
core   0: 3 0x8000a774 (0x8c59) x 8 0x80023ffc
core   0: 0x8000a776 (0x009f36b3) sltu    a3, t5, s1
core   0: 3 0x8000a776 (0x009f36b3) x13 0x00000000
core   0: 0x8000a77a (0x7e21bf13) sltiu   t5, gp, 2018
core   0: 3 0x8000a77a (0x7e21bf13) x30 0x00000001
core   0: 0x8000a77e (0x007cecb3) or      s9, s9, t2
core   0: 3 0x8000a77e (0x007cecb3) x25 0xffffffff
core   0: 0x8000a782 (0xffc00e93) li      t4, -4
core   0: 3 0x8000a782 (0xffc00e93) x29 0xfffffffc
core   0: 0x8000a786 (0x0ff0000f) fence   iorw,iorw
core   0: 3 0x8000a786 (0x0ff0000f)
core   0: 0x8000a78a (0x2139e8b7) lui     a7, 0x2139e
core   0: 3 0x8000a78a (0x2139e8b7) x17 0x2139e000
core   0: 0x8000a78e (0x00000001) c.nop
core   0: 3 0x8000a78e (0x0001)
core   0: 0x8000a790 (0x00000f7a) c.slli  t5, 30
core   0: 3 0x8000a790 (0x0f7a) x30 0x40000000
core   0: 0x8000a792 (0xffd00f93) li      t6, -3
core   0: 3 0x8000a792 (0xffd00f93) x31 0xfffffffd
core   0: 0x8000a796 (0x6679b013) sltiu   zero, s3, 1639
core   0: 3 0x8000a796 (0x6679b013)
core   0: 0x8000a79a (0x00008d99) c.sub   a1, a4
core   0: 3 0x8000a79a (0x8d99) x11 0xffffc0cc
core   0: 0x8000a79c (0xf0348013) addi    zero, s1, -253
core   0: 3 0x8000a79c (0xf0348013)
core   0: 0x8000a7a0 (0x10107e13) andi    t3, zero, 257
core   0: 3 0x8000a7a0 (0x10107e13) x28 0x00000000
core   0: 0x8000a7a4 (0x4546e013) ori     zero, a3, 1108
core   0: 3 0x8000a7a4 (0x4546e013)
core   0: 0x8000a7a8 (0x00a960b3) or      ra, s2, a0
core   0: 3 0x8000a7a8 (0x00a960b3) x 1 0x90021e2c
core   0: 0x8000a7ac (0x00008689) c.srai  a3, 2
core   0: 3 0x8000a7ac (0x8689) x13 0x00000000
core   0: 0x8000a7ae (0x085f4713) xori    a4, t5, 133
core   0: 3 0x8000a7ae (0x085f4713) x14 0x40000085
core   0: 0x8000a7b2 (0x4e674b93) xori    s7, a4, 1254
core   0: 3 0x8000a7b2 (0x4e674b93) x23 0x40000463
core   0: 0x8000a7b6 (0x000000d9) c.addi  ra, 22
core   0: 3 0x8000a7b6 (0x00d9) x 1 0x90021e42
core   0: 0x8000a7b8 (0x00000e85) c.addi  t4, 1
core   0: 3 0x8000a7b8 (0x0e85) x29 0xfffffffd
core   0: 0x8000a7ba (0x00275a13) srli    s4, a4, 2
core   0: 3 0x8000a7ba (0x00275a13) x20 0x10000021
core   0: 0x8000a7be (0x039bbf33) mulhu   t5, s7, s9
core   0: 3 0x8000a7be (0x039bbf33) x30 0x40000462
core   0: 0x8000a7c2 (0x00008e2d) c.xor   a2, a1
core   0: 3 0x8000a7c2 (0x8e2d) x12 0x7ffddac8
core   0: 0x8000a7c4 (0xfdfe9ce3) bne     t4, t6, pc - 40
core   0: 3 0x8000a7c4 (0xfdfe9ce3)
core   0: 0x8000a7c8 (0x5b111097) auipc   ra, 0x5b111
core   0: 3 0x8000a7c8 (0x5b111097) x 1 0xdb11b7c8
core   0: 0x8000a7cc (0x01360c63) beq     a2, s3, pc + 24
core   0: 3 0x8000a7cc (0x01360c63)
core   0: 0x8000a7d0 (0xd1237813) andi    a6, t1, -750
core   0: 3 0x8000a7d0 (0xd1237813) x16 0x4b9c7d10
core   0: 0x8000a7d4 (0x0125ed33) or      s10, a1, s2
core   0: 3 0x8000a7d4 (0x0125ed33) x26 0xffffc0cc
core   0: 0x8000a7d8 (0x84fef413) andi    s0, t4, -1969
core   0: 3 0x8000a7d8 (0x84fef413) x 8 0xfffff84d
core   0: 0x8000a7dc (0x01bce1b3) or      gp, s9, s11
core   0: 3 0x8000a7dc (0x01bce1b3) x 3 0xffffffff
core   0: 0x8000a7e0 (0x00a6b9b3) sltu    s3, a3, a0
core   0: 3 0x8000a7e0 (0x00a6b9b3) x19 0x00000001
core   0: 0x8000a7e4 (0x01ca9f13) slli    t5, s5, 28
core   0: 3 0x8000a7e4 (0x01ca9f13) x30 0x00000000
core   0: 0x8000a7e8 (0x038f0033) mul     zero, t5, s8
core   0: 3 0x8000a7e8 (0x038f0033)
core   0: 0x8000a7ec (0x00000001) c.nop
core   0: 3 0x8000a7ec (0x0001)
core   0: 0x8000a7ee (0x621fe713) ori     a4, t6, 1569
core   0: 3 0x8000a7ee (0x621fe713) x14 0xfffffffd
core   0: 0x8000a7f2 (0x00500a13) li      s4, 5
core   0: 3 0x8000a7f2 (0x00500a13) x20 0x00000005
core   0: 0x8000a7f6 (0x00009eee) c.add   t4, s11
core   0: 3 0x8000a7f6 (0x9eee) x29 0x80025ce1
core   0: 0x8000a7f8 (0x00700193) li      gp, 7
core   0: 3 0x8000a7f8 (0x00700193) x 3 0x00000007
core   0: 0x8000a7fc (0x1c869437) lui     s0, 0x1c869
core   0: 3 0x8000a7fc (0x1c869437) x 8 0x1c869000
core   0: 0x8000a800 (0x00000a05) c.addi  s4, 1
core   0: 3 0x8000a800 (0x0a05) x20 0x00000006
core   0: 0x8000a802 (0x00008b39) c.andi  a4, 14
core   0: 3 0x8000a802 (0x8b39) x14 0x0000000c
core   0: 0x8000a804 (0x00100e13) li      t3, 1
core   0: 3 0x8000a804 (0x00100e13) x28 0x00000001
core   0: 0x8000a808 (0x0ff0000f) fence   iorw,iorw
core   0: 3 0x8000a808 (0x0ff0000f)
core   0: 0x8000a80c (0x00700613) li      a2, 7
core   0: 3 0x8000a80c (0x00700613) x12 0x00000007
core   0: 0x8000a810 (0x03b5fc33) remu    s8, a1, s11
core   0: 3 0x8000a810 (0x03b5fc33) x24 0x7ffd63e8
core   0: 0x8000a814 (0x7aaa8c93) addi    s9, s5, 1962
core   0: 3 0x8000a814 (0x7aaa8c93) x25 0x085b66ca
core   0: 0x8000a818 (0x0000617d) c.addi16sp sp, 496
core   0: 3 0x8000a818 (0x617d) x 2 0x000001f0
core   0: 0x8000a81a (0x00001218) c.addi4spn a4, sp, 288
core   0: 3 0x8000a81a (0x1218) x14 0x00000310
core   0: 0x8000a81c (0x000083b1) c.srli  a5, 12
core   0: 3 0x8000a81c (0x83b1) x15 0x000245e0
core   0: 0x8000a81e (0x00000961) c.addi  s2, 24
core   0: 3 0x8000a81e (0x0961) x18 0x10000018
core   0: 0x8000a820 (0x0952ef13) ori     t5, t0, 149
core   0: 3 0x8000a820 (0x0952ef13) x30 0x0000009d
core   0: 0x8000a824 (0x0005d9b3) srl     s3, a1, zero
core   0: 3 0x8000a824 (0x0005d9b3) x19 0xffffc0cc
core   0: 0x8000a828 (0x00008c39) c.xor   s0, a4
core   0: 3 0x8000a828 (0x8c39) x 8 0x1c869310
core   0: 0x8000a82a (0x00000e09) c.addi  t3, 2
core   0: 3 0x8000a82a (0x0e09) x28 0x00000003
core   0: 0x8000a82c (0x400c5c13) srai    s8, s8, 0
core   0: 3 0x8000a82c (0x400c5c13) x24 0x7ffd63e8
core   0: 0x8000a830 (0xfece65e3) bltu    t3, a2, pc - 22
core   0: 3 0x8000a830 (0xfece65e3)
core   0: 0x8000a81a (0x00001218) c.addi4spn a4, sp, 288
core   0: 3 0x8000a81a (0x1218) x14 0x00000310
core   0: 0x8000a81c (0x000083b1) c.srli  a5, 12
core   0: 3 0x8000a81c (0x83b1) x15 0x00000024
core   0: 0x8000a81e (0x00000961) c.addi  s2, 24
core   0: 3 0x8000a81e (0x0961) x18 0x10000030
core   0: 0x8000a820 (0x0952ef13) ori     t5, t0, 149
core   0: 3 0x8000a820 (0x0952ef13) x30 0x0000009d
core   0: 0x8000a824 (0x0005d9b3) srl     s3, a1, zero
core   0: 3 0x8000a824 (0x0005d9b3) x19 0xffffc0cc
core   0: 0x8000a828 (0x00008c39) c.xor   s0, a4
core   0: 3 0x8000a828 (0x8c39) x 8 0x1c869000
core   0: 0x8000a82a (0x00000e09) c.addi  t3, 2
core   0: 3 0x8000a82a (0x0e09) x28 0x00000005
core   0: 0x8000a82c (0x400c5c13) srai    s8, s8, 0
core   0: 3 0x8000a82c (0x400c5c13) x24 0x7ffd63e8
core   0: 0x8000a830 (0xfece65e3) bltu    t3, a2, pc - 22
core   0: 3 0x8000a830 (0xfece65e3)
core   0: 0x8000a81a (0x00001218) c.addi4spn a4, sp, 288
core   0: 3 0x8000a81a (0x1218) x14 0x00000310
core   0: 0x8000a81c (0x000083b1) c.srli  a5, 12
core   0: 3 0x8000a81c (0x83b1) x15 0x00000000
core   0: 0x8000a81e (0x00000961) c.addi  s2, 24
core   0: 3 0x8000a81e (0x0961) x18 0x10000048
core   0: 0x8000a820 (0x0952ef13) ori     t5, t0, 149
core   0: 3 0x8000a820 (0x0952ef13) x30 0x0000009d
core   0: 0x8000a824 (0x0005d9b3) srl     s3, a1, zero
core   0: 3 0x8000a824 (0x0005d9b3) x19 0xffffc0cc
core   0: 0x8000a828 (0x00008c39) c.xor   s0, a4
core   0: 3 0x8000a828 (0x8c39) x 8 0x1c869310
core   0: 0x8000a82a (0x00000e09) c.addi  t3, 2
core   0: 3 0x8000a82a (0x0e09) x28 0x00000007
core   0: 0x8000a82c (0x400c5c13) srai    s8, s8, 0
core   0: 3 0x8000a82c (0x400c5c13) x24 0x7ffd63e8
core   0: 0x8000a830 (0xfece65e3) bltu    t3, a2, pc - 22
core   0: 3 0x8000a830 (0xfece65e3)
core   0: 0x8000a834 (0x00008fe5) c.and   a5, s1
core   0: 3 0x8000a834 (0x8fe5) x15 0x00000000
core   0: 0x8000a836 (0x0000717d) c.addi16sp sp, -16
core   0: 3 0x8000a836 (0x717d) x 2 0x000001e0
core   0: 0x8000a838 (0xfc3a02e3) beq     s4, gp, pc - 60
core   0: 3 0x8000a838 (0xfc3a02e3)
core   0: 0x8000a83c (0x0000612d) c.addi16sp sp, 224
core   0: 3 0x8000a83c (0x612d) x 2 0x000002c0
core   0: 0x8000a83e (0x0000e81d) c.bnez  s0, pc + 54
core   0: 3 0x8000a83e (0xe81d)
core   0: 0x8000a874 (0x00004cbd) c.li    s9, 15
core   0: 3 0x8000a874 (0x4cbd) x25 0x0000000f
core   0: 0x8000a876 (0x6ad7a893) slti    a7, a5, 1709
core   0: 3 0x8000a876 (0x6ad7a893) x17 0x00000001
core   0: 0x8000a87a (0x00008c8d) c.sub   s1, a1
core   0: 3 0x8000a87a (0x8c8d) x 9 0x00003f34
core   0: 0x8000a87c (0x0000028c) c.addi4spn a1, sp, 320
core   0: 3 0x8000a87c (0x028c) x11 0x00000400
core   0: 0x8000a87e (0x0000e219) c.bnez  a2, pc + 6
core   0: 3 0x8000a87e (0xe219)
core   0: 0x8000a884 (0x0238c2b3) div     t0, a7, gp
core   0: 3 0x8000a884 (0x0238c2b3) x 5 0x00000000
core   0: 0x8000a888 (0x419182b3) sub     t0, gp, s9
core   0: 3 0x8000a888 (0x419182b3) x 5 0xfffffff8
core   0: 0x8000a88c (0x00008f71) c.and   a4, a2
core   0: 3 0x8000a88c (0x8f71) x14 0x00000000
core   0: 0x8000a88e (0x00005b7d) c.li    s6, -1
core   0: 3 0x8000a88e (0x5b7d) x22 0xffffffff
core   0: 0x8000a890 (0x02e01733) mulh    a4, zero, a4
core   0: 3 0x8000a890 (0x02e01733) x14 0x00000000
core   0: 0x8000a894 (0x036f2cb3) mulhsu  s9, t5, s6
core   0: 3 0x8000a894 (0x036f2cb3) x25 0x0000009c
core   0: 0x8000a898 (0x4154dfb3) sra     t6, s1, s5
core   0: 3 0x8000a898 (0x4154dfb3) x31 0x00003f34
core   0: 0x8000a89c (0x033b2c33) mulhsu  s8, s6, s3
core   0: 3 0x8000a89c (0x033b2c33) x24 0xffffffff
core   0: 0x8000a8a0 (0x03fb6063) bltu    s6, t6, pc + 32
core   0: 3 0x8000a8a0 (0x03fb6063)
core   0: 0x8000a8a4 (0x0000616d) c.addi16sp sp, 240
core   0: 3 0x8000a8a4 (0x616d) x 2 0x000003b0
core   0: 0x8000a8a6 (0x013a0a63) beq     s4, s3, pc + 20
core   0: 3 0x8000a8a6 (0x013a0a63)
core   0: 0x8000a8aa (0x02b0eb63) bltu    ra, a1, pc + 54
core   0: 3 0x8000a8aa (0x02b0eb63)
core   0: 0x8000a8ae (0x0089a733) slt     a4, s3, s0
core   0: 3 0x8000a8ae (0x0089a733) x14 0x00000001
core   0: 0x8000a8b2 (0x0003b5b3) sltu    a1, t2, zero
core   0: 3 0x8000a8b2 (0x0003b5b3) x11 0x00000000
core   0: 0x8000a8b6 (0x0019f7b3) and     a5, s3, ra
core   0: 3 0x8000a8b6 (0x0019f7b3) x15 0xdb1180c8
core   0: 0x8000a8ba (0x000097ba) c.add   a5, a4
core   0: 3 0x8000a8ba (0x97ba) x15 0xdb1180c9
core   0: 0x8000a8bc (0x00008f15) c.sub   a4, a3
core   0: 3 0x8000a8bc (0x8f15) x14 0x00000001
core   0: 0x8000a8be (0x00000001) c.nop
core   0: 3 0x8000a8be (0x0001)
core   0: 0x8000a8c0 (0x0000100f) fence.i
core   0: 3 0x8000a8c0 (0x0000100f)
core   0: 0x8000a8c4 (0x018a92b3) sll     t0, s5, s8
core   0: 3 0x8000a8c4 (0x018a92b3) x 5 0x00000000
core   0: 0x8000a8c8 (0x01c894b3) sll     s1, a7, t3
core   0: 3 0x8000a8c8 (0x01c894b3) x 9 0x00000080
core   0: 0x8000a8cc (0x0000177d) c.addi  a4, -1
core   0: 3 0x8000a8cc (0x177d) x14 0x00000000
core   0: 0x8000a8ce (0x00008e15) c.sub   a2, a3
core   0: 3 0x8000a8ce (0x8e15) x12 0x00000007
core   0: 0x8000a8d0 (0x037431b3) mulhu   gp, s0, s7
core   0: 3 0x8000a8d0 (0x037431b3) x 3 0x0721a541
core   0: 0x8000a8d4 (0x00008ca9) c.xor   s1, a0
core   0: 3 0x8000a8d4 (0x8ca9) x 9 0x80021eac
core   0: 0x8000a8d6 (0x00008fe1) c.and   a5, s0
core   0: 3 0x8000a8d6 (0x8fe1) x15 0x18008000
core   0: 0x8000a8d8 (0x02659b33) mulh    s6, a1, t1
core   0: 3 0x8000a8d8 (0x02659b33) x22 0x00000000
core   0: 0x8000a8dc (0x087e0f93) addi    t6, t3, 135
core   0: 3 0x8000a8dc (0x087e0f93) x31 0x0000008e
core   0: 0x8000a8e0 (0x4093d6b3) sra     a3, t2, s1
core   0: 3 0x8000a8e0 (0x4093d6b3) x13 0xffffffff
core   0: 0x8000a8e4 (0x03985a63) bge     a6, s9, pc + 52
core   0: 3 0x8000a8e4 (0x03985a63)
core   0: 0x8000a918 (0x01b83433) sltu    s0, a6, s11
core   0: 3 0x8000a918 (0x01b83433) x 8 0x00000001
core   0: 0x8000a91c (0x00000d42) c.slli  s10, 16
core   0: 3 0x8000a91c (0x0d42) x26 0xc0cc0000
core   0: 0x8000a91e (0x0323d663) bge     t2, s2, pc + 44
core   0: 3 0x8000a91e (0x0323d663)
core   0: 0x8000a922 (0x00009a42) c.add   s4, a6
core   0: 3 0x8000a922 (0x9a42) x20 0x4b9c7d16
core   0: 0x8000a924 (0x03f68a63) beq     a3, t6, pc + 52
core   0: 3 0x8000a924 (0x03f68a63)
core   0: 0x8000a928 (0x0394da63) bge     s1, s9, pc + 52
core   0: 3 0x8000a928 (0x0394da63)
core   0: 0x8000a92c (0x259d4393) xori    t2, s10, 601
core   0: 3 0x8000a92c (0x259d4393) x 7 0xc0cc0259
core   0: 0x8000a930 (0x00006129) c.addi16sp sp, 192
core   0: 3 0x8000a930 (0x6129) x 2 0x00000470
core   0: 0x8000a932 (0x0071d693) srli    a3, gp, 7
core   0: 3 0x8000a932 (0x0071d693) x13 0x000e434a
core   0: 0x8000a936 (0x01abd413) srli    s0, s7, 26
core   0: 3 0x8000a936 (0x01abd413) x 8 0x00000010
core   0: 0x8000a93a (0x00000001) c.nop
core   0: 3 0x8000a93a (0x0001)
core   0: 0x8000a93c (0x00008f5d) c.or    a4, a5
core   0: 3 0x8000a93c (0x8f5d) x14 0x18008000
core   0: 0x8000a93e (0x002defb3) or      t6, s11, sp
core   0: 3 0x8000a93e (0x002defb3) x31 0x80025cf4
core   0: 0x8000a942 (0x01b93d33) sltu    s10, s2, s11
core   0: 3 0x8000a942 (0x01b93d33) x26 0x00000001
core   0: 0x8000a946 (0x00008d81) c.sub   a1, s0
core   0: 3 0x8000a946 (0x8d81) x11 0xfffffff0
core   0: 0x8000a948 (0x0000c499) c.beqz  s1, pc + 14
core   0: 3 0x8000a948 (0xc499)
core   0: 0x8000a94a (0x02c1f5b3) remu    a1, gp, a2
core   0: 3 0x8000a94a (0x02c1f5b3) x11 0x00000000
core   0: 0x8000a94e (0x0000100f) fence.i
core   0: 3 0x8000a94e (0x0000100f)
core   0: 0x8000a952 (0x0295fd63) bgeu    a1, s1, pc + 58
core   0: 3 0x8000a952 (0x0295fd63)
core   0: 0x8000a956 (0x00000e12) c.slli  t3, 4
core   0: 3 0x8000a956 (0x0e12) x28 0x00000070
core   0: 0x8000a958 (0x00001bfd) c.addi  s7, -1
core   0: 3 0x8000a958 (0x1bfd) x23 0x40000462
core   0: 0x8000a95a (0x00006251) c.lui   tp, 0x14
core   0: 3 0x8000a95a (0x6251) x 4 0x00014000
core   0: 0x8000a95c (0x02d9c633) div     a2, s3, a3
core   0: 3 0x8000a95c (0x02d9c633) x12 0x00000000
core   0: 0x8000a960 (0x01125293) srli    t0, tp, 17
core   0: 3 0x8000a960 (0x01125293) x 5 0x00000000
core   0: 0x8000a964 (0x01bd8eb3) add     t4, s11, s11
core   0: 3 0x8000a964 (0x01bd8eb3) x29 0x0004b9c8
core   0: 0x8000a968 (0x03d80b33) mul     s6, a6, t4
core   0: 3 0x8000a968 (0x03d80b33) x22 0x1ce24480
core   0: 0x8000a96c (0x02f68463) beq     a3, a5, pc + 40
core   0: 3 0x8000a96c (0x02f68463)
core   0: 0x8000a970 (0x0000100f) fence.i
core   0: 3 0x8000a970 (0x0000100f)
core   0: 0x8000a974 (0x0370fbb3) remu    s7, ra, s7
core   0: 3 0x8000a974 (0x0370fbb3) x23 0x1b11aaa2
core   0: 0x8000a978 (0x011809b3) add     s3, a6, a7
core   0: 3 0x8000a978 (0x011809b3) x19 0x4b9c7d11
core   0: 0x8000a97c (0x000084d9) c.srai  s1, 22
core   0: 3 0x8000a97c (0x84d9) x 9 0xfffffe00
core   0: 0x8000a97e (0x00008db9) c.xor   a1, a4
core   0: 3 0x8000a97e (0x8db9) x11 0x18008000
core   0: 0x8000a980 (0x00001610) c.addi4spn a2, sp, 800
core   0: 3 0x8000a980 (0x1610) x12 0x00000790
core   0: 0x8000a982 (0x00004195) c.li    gp, 5
core   0: 3 0x8000a982 (0x4195) x 3 0x00000005
core   0: 0x8000a984 (0x003b64b3) or      s1, s6, gp
core   0: 3 0x8000a984 (0x003b64b3) x 9 0x1ce24485
core   0: 0x8000a988 (0x00d29e93) slli    t4, t0, 13
core   0: 3 0x8000a988 (0x00d29e93) x29 0x00000000
core   0: 0x8000a98c (0x01ee0663) beq     t3, t5, pc + 12
core   0: 3 0x8000a98c (0x01ee0663)
core   0: 0x8000a990 (0x022eef33) rem     t5, t4, sp
core   0: 3 0x8000a990 (0x022eef33) x30 0x00000000
core   0: 0x8000a994 (0x00f0beb3) sltu    t4, ra, a5
core   0: 3 0x8000a994 (0x00f0beb3) x29 0x00000000
core   0: 0x8000a998 (0x03d60fb3) mul     t6, a2, t4
core   0: 3 0x8000a998 (0x03d60fb3) x31 0x00000000
core   0: 0x8000a99c (0x00008e39) c.xor   a2, a4
core   0: 3 0x8000a99c (0x8e39) x12 0x18008790
core   0: 0x8000a99e (0x00009592) c.add   a1, tp
core   0: 3 0x8000a99e (0x9592) x11 0x1801c000
core   0: 0x8000a9a0 (0x02a6c317) auipc   t1, 0x2a6c
core   0: 3 0x8000a9a0 (0x02a6c317) x 6 0x82a769a0
core   0: 0x8000a9a4 (0x005ddf63) bge     s11, t0, pc + 30
core   0: 3 0x8000a9a4 (0x005ddf63)
core   0: 0x8000a9a8 (0x01ad5e63) bge     s10, s10, pc + 28
core   0: 3 0x8000a9a8 (0x01ad5e63)
core   0: 0x8000a9c4 (0x00000094) c.addi4spn a3, sp, 64
core   0: 3 0x8000a9c4 (0x0094) x13 0x000004b0
core   0: 0x8000a9c6 (0x00f85963) bge     a6, a5, pc + 18
core   0: 3 0x8000a9c6 (0x00f85963)
core   0: 0x8000a9d8 (0x0359fb33) remu    s6, s3, s5
core   0: 3 0x8000a9d8 (0x0359fb33) x22 0x006624f1
core   0: 0x8000a9dc (0x0000e195) c.bnez  a1, pc + 36
core   0: 3 0x8000a9dc (0xe195)
core   0: 0x8000aa00 (0x9fdf9897) auipc   a7, 0x9fdf9
core   0: 3 0x8000aa00 (0x9fdf9897) x17 0x1fe03a00
core   0: 0x8000aa04 (0x029c19b3) mulh    s3, s8, s1
core   0: 3 0x8000aa04 (0x029c19b3) x19 0xffffffff
core   0: 0x8000aa08 (0x02eb86b3) mul     a3, s7, a4
core   0: 3 0x8000aa08 (0x02eb86b3) x13 0x05510000
core   0: 0x8000aa0c (0x0ff0000f) fence   iorw,iorw
core   0: 3 0x8000aa0c (0x0ff0000f)
core   0: 0x8000aa10 (0x029208b3) mul     a7, tp, s1
core   0: 3 0x8000aa10 (0x029208b3) x17 0xd5a64000
core   0: 0x8000aa14 (0x448afe13) andi    t3, s5, 1096
core   0: 3 0x8000aa14 (0x448afe13) x28 0x00000400
core   0: 0x8000aa18 (0x001de3b3) or      t2, s11, ra
core   0: 3 0x8000aa18 (0x001de3b3) x 7 0xdb13ffec
core   0: 0x8000aa1c (0x2748ef93) ori     t6, a7, 628
core   0: 3 0x8000aa1c (0x2748ef93) x31 0xd5a64274
core   0: 0x8000aa20 (0x01d40933) add     s2, s0, t4
core   0: 3 0x8000aa20 (0x01d40933) x18 0x00000010
core   0: 0x8000aa24 (0x000099fd) c.andi  a1, -1
core   0: 3 0x8000aa24 (0x99fd) x11 0x1801c000
core   0: 0x8000aa26 (0x01021c93) slli    s9, tp, 16
core   0: 3 0x8000aa26 (0x01021c93) x25 0x40000000
core   0: 0x8000aa2a (0x0000669d) c.lui   a3, 0x7
core   0: 3 0x8000aa2a (0x669d) x13 0x00007000
core   0: 0x8000aa2c (0x0b81c963) blt     gp, s8, pc + 178
core   0: 3 0x8000aa2c (0x0b81c963)
core   0: 0x8000aa30 (0x90c4f693) andi    a3, s1, -1780
core   0: 3 0x8000aa30 (0x90c4f693) x13 0x1ce24004
core   0: 0x8000aa34 (0x0adbfb63) bgeu    s7, a3, pc + 182
core   0: 3 0x8000aa34 (0x0adbfb63)
core   0: 0x8000aa38 (0x00ced6b3) srl     a3, t4, a2
core   0: 3 0x8000aa38 (0x00ced6b3) x13 0x00000000
core   0: 0x8000aa3c (0x0aa6e263) bltu    a3, a0, pc + 164
core   0: 3 0x8000aa3c (0x0aa6e263)
core   0: 0x8000aae0 (0x00008fad) c.xor   a5, a1
core   0: 3 0x8000aae0 (0x8fad) x15 0x00014000
core   0: 0x8000aae2 (0x035be063) bltu    s7, s5, pc + 32
core   0: 3 0x8000aae2 (0x035be063)
core   0: 0x8000aae6 (0x40bed413) srai    s0, t4, 11
core   0: 3 0x8000aae6 (0x40bed413) x 8 0x00000000
core   0: 0x8000aaea (0x79ea3393) sltiu   t2, s4, 1950
core   0: 3 0x8000aaea (0x79ea3393) x 7 0x00000000
core   0: 0x8000aaee (0x03f825b3) mulhsu  a1, a6, t6
core   0: 3 0x8000aaee (0x03f825b3) x11 0x3f1a4f28
core   0: 0x8000aaf2 (0xc3c78293) addi    t0, a5, -964
core   0: 3 0x8000aaf2 (0xc3c78293) x 5 0x00013c3c
core   0: 0x8000aaf6 (0x00000ce2) c.slli  s9, 24
core   0: 3 0x8000aaf6 (0x0ce2) x25 0x00000000
core   0: 0x8000aaf8 (0x000057fd) c.li    a5, -1
core   0: 3 0x8000aaf8 (0x57fd) x15 0xffffffff
core   0: 0x8000aafa (0x01d05b93) srli    s7, zero, 29
core   0: 3 0x8000aafa (0x01d05b93) x23 0x00000000
core   0: 0x8000aafe (0x430a4913) xori    s2, s4, 1072
core   0: 3 0x8000aafe (0x430a4913) x18 0x4b9c7926
core   0: 0x8000ab02 (0x02c29cb3) mulh    s9, t0, a2
core   0: 3 0x8000ab02 (0x02c29cb3) x25 0x00001da6
core   0: 0x8000ab06 (0x000081f5) c.srli  a1, 29
core   0: 3 0x8000ab06 (0x81f5) x11 0x00000001
core   0: 0x8000ab08 (0xa2317237) lui     tp, 0xa2317
core   0: 3 0x8000ab08 (0xa2317237) x 4 0xa2317000
core   0: 0x8000ab0c (0x41505013) srai    zero, zero, 21
core   0: 3 0x8000ab0c (0x41505013)
core   0: 0x8000ab10 (0x00006305) c.lui   t1, 0x1
core   0: 3 0x8000ab10 (0x6305) x 6 0x00001000
core   0: 0x8000ab12 (0x01b81e13) slli    t3, a6, 27
core   0: 3 0x8000ab12 (0x01b81e13) x28 0x80000000
core   0: 0x8000ab16 (0x03677e33) remu    t3, a4, s6
core   0: 3 0x8000ab16 (0x03677e33) x28 0x000fd784
core   0: 0x8000ab1a (0x03fe25b3) mulhsu  a1, t3, t6
core   0: 3 0x8000ab1a (0x03fe25b3) x11 0x000d389a
core   0: 0x8000ab1e (0x00004a59) c.li    s4, 22
core   0: 3 0x8000ab1e (0x4a59) x20 0x00000016
core   0: 0x8000ab20 (0x007b3f33) sltu    t5, s6, t2
core   0: 3 0x8000ab20 (0x007b3f33) x30 0x00000000
core   0: 0x8000ab24 (0x0357bc33) mulhu   s8, a5, s5
core   0: 3 0x8000ab24 (0x0357bc33) x24 0x085b5f1f
core   0: 0x8000ab28 (0x00008f95) c.sub   a5, a3
core   0: 3 0x8000ab28 (0x8f95) x15 0xffffffff
core   0: 0x8000ab2a (0x008060b3) or      ra, zero, s0
core   0: 3 0x8000ab2a (0x008060b3) x 1 0x00000000
core   0: 0x8000ab2e (0x39ea6a37) lui     s4, 0x39ea6
core   0: 3 0x8000ab2e (0x39ea6a37) x20 0x39ea6000
core   0: 0x8000ab32 (0x02e551b3) divu    gp, a0, a4
core   0: 3 0x8000ab32 (0x02e551b3) x 3 0x00000005
core   0: 0x8000ab36 (0x00004c6d) c.li    s8, 27
core   0: 3 0x8000ab36 (0x4c6d) x24 0x0000001b
core   0: 0x8000ab38 (0x01111f33) sll     t5, sp, a7
core   0: 3 0x8000ab38 (0x01111f33) x30 0x00000470
core   0: 0x8000ab3c (0x03cd7c63) bgeu    s10, t3, pc + 56
core   0: 3 0x8000ab3c (0x03cd7c63)
core   0: 0x8000ab40 (0x01160863) beq     a2, a7, pc + 16
core   0: 3 0x8000ab40 (0x01160863)
core   0: 0x8000ab44 (0x00e51bb3) sll     s7, a0, a4
core   0: 3 0x8000ab44 (0x00e51bb3) x23 0x80021e2c
core   0: 0x8000ab48 (0x02b97cb3) remu    s9, s2, a1
core   0: 3 0x8000ab48 (0x02b97cb3) x25 0x0000c876
core   0: 0x8000ab4c (0x0000717d) c.addi16sp sp, -16
core   0: 3 0x8000ab4c (0x717d) x 2 0x00000460
core   0: 0x8000ab4e (0x00008fed) c.and   a5, a1
core   0: 3 0x8000ab4e (0x8fed) x15 0x000d389a
core   0: 0x8000ab50 (0x01afed33) or      s10, t6, s10
core   0: 3 0x8000ab50 (0x01afed33) x26 0xd5a64275
core   0: 0x8000ab54 (0x02454833) div     a6, a0, tp
core   0: 3 0x8000ab54 (0x02454833) x16 0x00000001
core   0: 0x8000ab58 (0x002e65b3) or      a1, t3, sp
core   0: 3 0x8000ab58 (0x002e65b3) x11 0x000fd7e4
core   0: 0x8000ab5c (0x00000d84) c.addi4spn s1, sp, 720
core   0: 3 0x8000ab5c (0x0d84) x 9 0x00000730
core   0: 0x8000ab5e (0x00000001) c.nop
core   0: 3 0x8000ab5e (0x0001)
core   0: 0x8000ab60 (0x046bb193) sltiu   gp, s7, 70
core   0: 3 0x8000ab60 (0x046bb193) x 3 0x00000000
core   0: 0x8000ab64 (0x00cf9c33) sll     s8, t6, a2
core   0: 3 0x8000ab64 (0x00cf9c33) x24 0x42740000
core   0: 0x8000ab68 (0x005ce7b3) or      a5, s9, t0
core   0: 3 0x8000ab68 (0x005ce7b3) x15 0x0001fc7e
core   0: 0x8000ab6c (0x00000bee) c.slli  s7, 27
core   0: 3 0x8000ab6c (0x0bee) x23 0x60000000
core   0: 0x8000ab6e (0x0000833d) c.srli  a4, 15
core   0: 3 0x8000ab6e (0x833d) x14 0x00003001
core   0: 0x8000ab70 (0x009f9b13) slli    s6, t6, 9
core   0: 3 0x8000ab70 (0x009f9b13) x22 0x4c84e800
core   0: 0x8000ab74 (0x0000717d) c.addi16sp sp, -16
core   0: 3 0x8000ab74 (0x717d) x 2 0x00000450
core   0: 0x8000ab76 (0x00008351) c.srli  a4, 20
core   0: 3 0x8000ab76 (0x8351) x14 0x00000000
core   0: 0x8000ab78 (0x00006131) c.addi16sp sp, 320
core   0: 3 0x8000ab78 (0x6131) x 2 0x00000590
core   0: 0x8000ab7a (0x00006ee1) c.lui   t4, 0x18
core   0: 3 0x8000ab7a (0x6ee1) x29 0x00018000
core   0: 0x8000ab7c (0x0000994e) c.add   s2, s3
core   0: 3 0x8000ab7c (0x994e) x18 0x4b9c7925
core   0: 0x8000ab7e (0xd20a2693) slti    a3, s4, -736
core   0: 3 0x8000ab7e (0xd20a2693) x13 0x00000000
core   0: 0x8000ab82 (0x003f9613) slli    a2, t6, 3
core   0: 3 0x8000ab82 (0x003f9613) x12 0xad3213a0
core   0: 0x8000ab86 (0x027718b3) mulh    a7, a4, t2
core   0: 3 0x8000ab86 (0x027718b3) x17 0x00000000
core   0: 0x8000ab8a (0x00006cd1) c.lui   s9, 0x14
core   0: 3 0x8000ab8a (0x6cd1) x25 0x00014000
core   0: 0x8000ab8c (0x0b4ecc93) xori    s9, t4, 180
core   0: 3 0x8000ab8c (0x0b4ecc93) x25 0x000180b4
core   0: 0x8000ab90 (0x24d87093) andi    ra, a6, 589
core   0: 3 0x8000ab90 (0x24d87093) x 1 0x00000001
core   0: 0x8000ab94 (0xae5c3c13) sltiu   s8, s8, -1307
core   0: 3 0x8000ab94 (0xae5c3c13) x24 0x00000001
core   0: 0x8000ab98 (0x015e14b3) sll     s1, t3, s5
core   0: 3 0x8000ab98 (0x015e14b3) x 9 0x000fd784
core   0: 0x8000ab9c (0x022ee333) rem     t1, t4, sp
core   0: 3 0x8000ab9c (0x022ee333) x 6 0x00000030
core   0: 0x8000aba0 (0xd0f90213) addi    tp, s2, -753
core   0: 3 0x8000aba0 (0xd0f90213) x 4 0x4b9c7634
core   0: 0x8000aba4 (0x00000001) c.nop
core   0: 3 0x8000aba4 (0x0001)
core   0: 0x8000aba6 (0x00000e4e) c.slli  t3, 19
core   0: 3 0x8000aba6 (0x0e4e) x28 0xbc200000
core   0: 0x8000aba8 (0x00008fd1) c.or    a5, a2
core   0: 3 0x8000aba8 (0x8fd1) x15 0xad33fffe
core   0: 0x8000abaa (0x0000100f) fence.i
core   0: 3 0x8000abaa (0x0000100f)
core   0: 0x8000abae (0x9142c793) xori    a5, t0, -1772
core   0: 3 0x8000abae (0x9142c793) x15 0xfffec528
core   0: 0x8000abb2 (0x0000ea89) c.bnez  a3, pc + 18
core   0: 3 0x8000abb2 (0xea89)
core   0: 0x8000abb4 (0x03e6e5b3) rem     a1, a3, t5
core   0: 3 0x8000abb4 (0x03e6e5b3) x11 0x00000000
core   0: 0x8000abb8 (0xe9107013) andi    zero, zero, -367
core   0: 3 0x8000abb8 (0xe9107013)
core   0: 0x8000abbc (0x33672493) slti    s1, a4, 822
core   0: 3 0x8000abbc (0x33672493) x 9 0x00000001
core   0: 0x8000abc0 (0x0215a9b3) mulhsu  s3, a1, ra
core   0: 3 0x8000abc0 (0x0215a9b3) x19 0x00000000
core   0: 0x8000abc4 (0x8ab68493) addi    s1, a3, -1877
core   0: 3 0x8000abc4 (0x8ab68493) x 9 0xfffff8ab
core   0: 0x8000abc8 (0x41cf5d13) srai    s10, t5, 28
core   0: 3 0x8000abc8 (0x41cf5d13) x26 0x00000000
core   0: 0x8000abcc (0x00008e12) c.mv    t3, tp
core   0: 3 0x8000abcc (0x8e12) x28 0x4b9c7634
core   0: 0x8000abce (0x01eb4363) blt     s6, t5, pc + 6
core   0: 3 0x8000abce (0x01eb4363)
core   0: 0x8000abd2 (0x000089aa) c.mv    s3, a0
core   0: 3 0x8000abd2 (0x89aa) x19 0x80021e2c
core   0: 0x8000abd4 (0x00001f1c) c.addi4spn a5, sp, 944
core   0: 3 0x8000abd4 (0x1f1c) x15 0x00000940
core   0: 0x8000abd6 (0x02c4b033) mulhu   zero, s1, a2
core   0: 3 0x8000abd6 (0x02c4b033)
core   0: 0x8000abda (0x00695fb3) srl     t6, s2, t1
core   0: 3 0x8000abda (0x00695fb3) x31 0x00004b9c
core   0: 0x8000abde (0x01b39fb3) sll     t6, t2, s11
core   0: 3 0x8000abde (0x01b39fb3) x31 0x00000000
core   0: 0x8000abe2 (0x03742233) mulhsu  tp, s0, s7
core   0: 3 0x8000abe2 (0x03742233) x 4 0x00000000
core   0: 0x8000abe6 (0x0ff0000f) fence   iorw,iorw
core   0: 3 0x8000abe6 (0x0ff0000f)
core   0: 0x8000abea (0x00ef1e13) slli    t3, t5, 14
core   0: 3 0x8000abea (0x00ef1e13) x28 0x011c0000
core   0: 0x8000abee (0x00008da1) c.xor   a1, s0
core   0: 3 0x8000abee (0x8da1) x11 0x00000000
core   0: 0x8000abf0 (0x408ad9b3) sra     s3, s5, s0
core   0: 3 0x8000abf0 (0x408ad9b3) x19 0x085b5f20
core   0: 0x8000abf4 (0x01300133) add     sp, zero, s3
core   0: 3 0x8000abf4 (0x01300133) x 2 0x085b5f20
core   0: 0x8000abf8 (0x8d81b893) sltiu   a7, gp, -1832
core   0: 3 0x8000abf8 (0x8d81b893) x17 0x00000001
core   0: 0x8000abfc (0x402edb13) srai    s6, t4, 2
core   0: 3 0x8000abfc (0x402edb13) x22 0x00006000
core   0: 0x8000ac00 (0x0000610d) c.addi16sp sp, 160
core   0: 3 0x8000ac00 (0x610d) x 2 0x085b5fc0
core   0: 0x8000ac02 (0x0000eb05) c.bnez  a4, pc + 48
core   0: 3 0x8000ac02 (0xeb05)
core   0: 0x8000ac04 (0x6d5fb313) sltiu   t1, t6, 1749
core   0: 3 0x8000ac04 (0x6d5fb313) x 6 0x00000001
core   0: 0x8000ac08 (0x00fd0b33) add     s6, s10, a5
core   0: 3 0x8000ac08 (0x00fd0b33) x22 0x00000940
core   0: 0x8000ac0c (0x00546663) bltu    s0, t0, pc + 12
core   0: 3 0x8000ac0c (0x00546663)
core   0: 0x8000ac18 (0x01c19bb3) sll     s7, gp, t3
core   0: 3 0x8000ac18 (0x01c19bb3) x23 0x00000000
core   0: 0x8000ac1c (0x00263633) sltu    a2, a2, sp
core   0: 3 0x8000ac1c (0x00263633) x12 0x00000000
core   0: 0x8000ac20 (0x000090aa) c.add   ra, a0
core   0: 3 0x8000ac20 (0x90aa) x 1 0x80021e2d
core   0: 0x8000ac22 (0x01afe463) bltu    t6, s10, pc + 8
core   0: 3 0x8000ac22 (0x01afe463)
core   0: 0x8000ac26 (0x032d9c63) bne     s11, s2, pc + 56
core   0: 3 0x8000ac26 (0x032d9c63)
core   0: 0x8000ac5e (0x6befa213) slti    tp, t6, 1726
core   0: 3 0x8000ac5e (0x6befa213) x 4 0x00000001
core   0: 0x8000ac62 (0x00d2f563) bgeu    t0, a3, pc + 10
core   0: 3 0x8000ac62 (0x00d2f563)
core   0: 0x8000ac6c (0x00008f99) c.sub   a5, a4
core   0: 3 0x8000ac6c (0x8f99) x15 0x00000940
core   0: 0x8000ac6e (0x01c82f33) slt     t5, a6, t3
core   0: 3 0x8000ac6e (0x01c82f33) x30 0x00000001
core   0: 0x8000ac72 (0x01c5da63) bge     a1, t3, pc + 20
core   0: 3 0x8000ac72 (0x01c5da63)
core   0: 0x8000ac76 (0x0000717d) c.addi16sp sp, -16
core   0: 3 0x8000ac76 (0x717d) x 2 0x085b5fb0
core   0: 0x8000ac78 (0x28458913) addi    s2, a1, 644
core   0: 3 0x8000ac78 (0x28458913) x18 0x00000284
core   0: 0x8000ac7c (0x00008f61) c.and   a4, s0
core   0: 3 0x8000ac7c (0x8f61) x14 0x00000000
core   0: 0x8000ac7e (0x0125afb3) slt     t6, a1, s2
core   0: 3 0x8000ac7e (0x0125afb3) x31 0x00000001
core   0: 0x8000ac82 (0x00008e11) c.sub   a2, a2
core   0: 3 0x8000ac82 (0x8e11) x12 0x00000000
core   0: 0x8000ac84 (0x00000001) c.nop
core   0: 3 0x8000ac84 (0x0001)
core   0: 0x8000ac86 (0x000096ba) c.add   a3, a4
core   0: 3 0x8000ac86 (0x96ba) x13 0x00000000
core   0: 0x8000ac88 (0x0ff0000f) fence   iorw,iorw
core   0: 3 0x8000ac88 (0x0ff0000f)
core   0: 0x8000ac8c (0x01516b33) or      s6, sp, s5
core   0: 3 0x8000ac8c (0x01516b33) x22 0x085b5fb0
core   0: 0x8000ac90 (0x010cf3b3) and     t2, s9, a6
core   0: 3 0x8000ac90 (0x010cf3b3) x 7 0x00000000
core   0: 0x8000ac94 (0x0197b5b3) sltu    a1, a5, s9
core   0: 3 0x8000ac94 (0x0197b5b3) x11 0x00000001
core   0: 0x8000ac98 (0x037849b3) div     s3, a6, s7
core   0: 3 0x8000ac98 (0x037849b3) x19 0xffffffff
core   0: 0x8000ac9c (0x0137fe93) andi    t4, a5, 19
core   0: 3 0x8000ac9c (0x0137fe93) x29 0x00000000
core   0: 0x8000aca0 (0x0000ce15) c.beqz  a2, pc + 60
core   0: 3 0x8000aca0 (0xce15)
core   0: 0x8000acdc (0x0002c7b3) xor     a5, t0, zero
core   0: 3 0x8000acdc (0x0002c7b3) x15 0x00013c3c
core   0: 0x8000ace0 (0x00008f65) c.and   a4, s1
core   0: 3 0x8000ace0 (0x8f65) x14 0x00000000
core   0: 0x8000ace2 (0x0000987d) c.andi  s0, -1
core   0: 3 0x8000ace2 (0x987d) x 8 0x00000000
core   0: 0x8000ace4 (0x02737e63) bgeu    t1, t2, pc + 60
core   0: 3 0x8000ace4 (0x02737e63)
core   0: 0x8000ad20 (0x41fe8eb3) sub     t4, t4, t6
core   0: 3 0x8000ad20 (0x41fe8eb3) x29 0xffffffff
core   0: 0x8000ad24 (0x0348a633) mulhsu  a2, a7, s4
core   0: 3 0x8000ad24 (0x0348a633) x12 0x00000000
core   0: 0x8000ad28 (0x00008e6d) c.and   a2, a1
core   0: 3 0x8000ad28 (0x8e6d) x12 0x00000000
core   0: 0x8000ad2a (0x4f0bca13) xori    s4, s7, 1264
core   0: 3 0x8000ad2a (0x4f0bca13) x20 0x000004f0
core   0: 0x8000ad2e (0xaa66bf93) sltiu   t6, a3, -1370
core   0: 3 0x8000ad2e (0xaa66bf93) x31 0x00000001
core   0: 0x8000ad32 (0x02cb5e33) divu    t3, s6, a2
core   0: 3 0x8000ad32 (0x02cb5e33) x28 0xffffffff
core   0: 0x8000ad36 (0x003485b3) add     a1, s1, gp
core   0: 3 0x8000ad36 (0x003485b3) x11 0xfffff8ab
core   0: 0x8000ad3a (0x02912133) mulhsu  sp, sp, s1
core   0: 3 0x8000ad3a (0x02912133) x 2 0x085b5f72
core   0: 0x8000ad3e (0x019f1e33) sll     t3, t5, s9
core   0: 3 0x8000ad3e (0x019f1e33) x28 0x00100000
core   0: 0x8000ad42 (0xbbb01f97) auipc   t6, 0xbbb01
core   0: 3 0x8000ad42 (0xbbb01f97) x31 0x3bb0bd42
core   0: 0x8000ad46 (0x02a60c33) mul     s8, a2, a0
core   0: 3 0x8000ad46 (0x02a60c33) x24 0x00000000
core   0: 0x8000ad4a (0x03216763) bltu    sp, s2, pc + 46
core   0: 3 0x8000ad4a (0x03216763)
core   0: 0x8000ad4e (0x02fedd33) divu    s10, t4, a5
core   0: 3 0x8000ad4e (0x02fedd33) x26 0x0000cf3d
core   0: 0x8000ad52 (0x027d7433) remu    s0, s10, t2
core   0: 3 0x8000ad52 (0x027d7433) x 8 0x0000cf3d
core   0: 0x8000ad56 (0x0000177d) c.addi  a4, -1
core   0: 3 0x8000ad56 (0x177d) x14 0xffffffff
core   0: 0x8000ad58 (0x00008039) c.srli  s0, 14
core   0: 3 0x8000ad58 (0x8039) x 8 0x00000003
core   0: 0x8000ad5a (0x00008da5) c.xor   a1, s1
core   0: 3 0x8000ad5a (0x8da5) x11 0x00000000
core   0: 0x8000ad5c (0x01f81e33) sll     t3, a6, t6
core   0: 3 0x8000ad5c (0x01f81e33) x28 0x00000004
core   0: 0x8000ad60 (0x00008c01) c.sub   s0, s0
core   0: 3 0x8000ad60 (0x8c01) x 8 0x00000000
core   0: 0x8000ad62 (0x00008dc5) c.or    a1, s1
core   0: 3 0x8000ad62 (0x8dc5) x11 0xfffff8ab
core   0: 0x8000ad64 (0x02616d63) bltu    sp, t1, pc + 58
core   0: 3 0x8000ad64 (0x02616d63)
core   0: 0x8000ad68 (0xd3740d37) lui     s10, 0xd3740
core   0: 3 0x8000ad68 (0xd3740d37) x26 0xd3740000
core   0: 0x8000ad6c (0x00000001) c.nop
core   0: 3 0x8000ad6c (0x0001)
core   0: 0x8000ad6e (0x005f0a33) add     s4, t5, t0
core   0: 3 0x8000ad6e (0x005f0a33) x20 0x00013c3d
core   0: 0x8000ad72 (0x00008305) c.srli  a4, 1
core   0: 3 0x8000ad72 (0x8305) x14 0x7fffffff
core   0: 0x8000ad74 (0x03063033) mulhu   zero, a2, a6
core   0: 3 0x8000ad74 (0x03063033)
core   0: 0x8000ad78 (0x02b17f63) bgeu    sp, a1, pc + 62
core   0: 3 0x8000ad78 (0x02b17f63)
core   0: 0x8000ad7c (0x01c61333) sll     t1, a2, t3
core   0: 3 0x8000ad7c (0x01c61333) x 6 0x00000000
core   0: 0x8000ad80 (0x0000440d) c.li    s0, 3
core   0: 3 0x8000ad80 (0x440d) x 8 0x00000003
core   0: 0x8000ad82 (0x00008cc5) c.or    s1, s1
core   0: 3 0x8000ad82 (0x8cc5) x 9 0xfffff8ab
core   0: 0x8000ad84 (0x03238b33) mul     s6, t2, s2
core   0: 3 0x8000ad84 (0x03238b33) x22 0x00000000
core   0: 0x8000ad88 (0x0392fb33) remu    s6, t0, s9
core   0: 3 0x8000ad88 (0x0392fb33) x22 0x00013c3c
core   0: 0x8000ad8c (0x403e5e93) srai    t4, t3, 3
core   0: 3 0x8000ad8c (0x403e5e93) x29 0x00000000
core   0: 0x8000ad90 (0x001481b3) add     gp, s1, ra
core   0: 3 0x8000ad90 (0x001481b3) x 3 0x800216d8
core   0: 0x8000ad94 (0x03afbd33) mulhu   s10, t6, s10
core   0: 3 0x8000ad94 (0x03afbd33) x26 0x314db813
core   0: 0x8000ad98 (0x00008fb5) c.xor   a5, a3
core   0: 3 0x8000ad98 (0x8fb5) x15 0x00013c3c
core   0: 0x8000ad9a (0x03a75263) bge     a4, s10, pc + 36
core   0: 3 0x8000ad9a (0x03a75263)
core   0: 0x8000adbe (0x02d6f333) remu    t1, a3, a3
core   0: 3 0x8000adbe (0x02d6f333) x 6 0x00000000
core   0: 0x8000adc2 (0x00000001) c.nop
core   0: 3 0x8000adc2 (0x0001)
core   0: 0x8000adc4 (0x00000586) c.slli  a1, 1
core   0: 3 0x8000adc4 (0x0586) x11 0xfffff156
core   0: 0x8000adc6 (0x41285b93) srai    s7, a6, 18
core   0: 3 0x8000adc6 (0x41285b93) x23 0x00000000
core   0: 0x8000adca (0x01f3d0b3) srl     ra, t2, t6
core   0: 3 0x8000adca (0x01f3d0b3) x 1 0x00000000
core   0: 0x8000adce (0x61397b93) andi    s7, s2, 1555
core   0: 3 0x8000adce (0x61397b93) x23 0x00000200
core   0: 0x8000add2 (0x40dcd013) srai    zero, s9, 13
core   0: 3 0x8000add2 (0x40dcd013)
core   0: 0x8000add6 (0x02369863) bne     a3, gp, pc + 48
core   0: 3 0x8000add6 (0x02369863)
core   0: 0x8000ae06 (0x0222a333) mulhsu  t1, t0, sp
core   0: 3 0x8000ae06 (0x0222a333) x 6 0x00000a52
core   0: 0x8000ae0a (0x00008e2d) c.xor   a2, a1
core   0: 3 0x8000ae0a (0x8e2d) x12 0xfffff156
core   0: 0x8000ae0c (0x026d5d33) divu    s10, s10, t1
core   0: 3 0x8000ae0c (0x026d5d33) x26 0x0004c6ff
core   0: 0x8000ae10 (0x00a29793) slli    a5, t0, 10
core   0: 3 0x8000ae10 (0x00a29793) x15 0x04f0f000
core   0: 0x8000ae14 (0x00004121) c.li    sp, 8
core   0: 3 0x8000ae14 (0x4121) x 2 0x00000008
core   0: 0x8000ae16 (0x015d2cb3) slt     s9, s10, s5
core   0: 3 0x8000ae16 (0x015d2cb3) x25 0x00000001
core   0: 0x8000ae1a (0x00008269) c.srli  a2, 26
core   0: 3 0x8000ae1a (0x8269) x12 0x0000003f
core   0: 0x8000ae1c (0x01bb1bb3) sll     s7, s6, s11
core   0: 3 0x8000ae1c (0x01bb1bb3) x23 0x0013c3c0
core   0: 0x8000ae20 (0x0000100f) fence.i
core   0: 3 0x8000ae20 (0x0000100f)
core   0: 0x8000ae24 (0x0207e563) bltu    a5, zero, pc + 42
core   0: 3 0x8000ae24 (0x0207e563)
core   0: 0x8000ae28 (0x0000c889) c.beqz  s1, pc + 18
core   0: 3 0x8000ae28 (0xc889)
core   0: 0x8000ae2a (0x415b04b3) sub     s1, s6, s5
core   0: 3 0x8000ae2a (0x415b04b3) x 9 0xf7a5dd1c
core   0: 0x8000ae2e (0x4e1f8913) addi    s2, t6, 1249
core   0: 3 0x8000ae2e (0x4e1f8913) x18 0x3bb0c223
core   0: 0x8000ae32 (0xfbcbb297) auipc   t0, 0xfbcbb
core   0: 3 0x8000ae32 (0xfbcbb297) x 5 0x7bcc5e32
core   0: 0x8000ae36 (0x0223d063) bge     t2, sp, pc + 32
core   0: 3 0x8000ae36 (0x0223d063)
core   0: 0x8000ae3a (0x03510d63) beq     sp, s5, pc + 58
core   0: 3 0x8000ae3a (0x03510d63)
core   0: 0x8000ae3e (0x404884b3) sub     s1, a7, tp
core   0: 3 0x8000ae3e (0x404884b3) x 9 0x00000000
core   0: 0x8000ae42 (0xfb59c793) xori    a5, s3, -75
core   0: 3 0x8000ae42 (0xfb59c793) x15 0x0000004a
core   0: 0x8000ae46 (0x00009bfd) c.andi  a5, -1
core   0: 3 0x8000ae46 (0x9bfd) x15 0x0000004a
core   0: 0x8000ae48 (0x00009a7d) c.andi  a2, -1
core   0: 3 0x8000ae48 (0x9a7d) x12 0x0000003f
core   0: 0x8000ae4a (0x00ff15b3) sll     a1, t5, a5
core   0: 3 0x8000ae4a (0x00ff15b3) x11 0x00000400
core   0: 0x8000ae4e (0x00006c4d) c.lui   s8, 0x13
core   0: 3 0x8000ae4e (0x6c4d) x24 0x00013000
core   0: 0x8000ae50 (0x02b6e763) bltu    a3, a1, pc + 46
core   0: 3 0x8000ae50 (0x02b6e763)
core   0: 0x8000ae7e (0x2d9e8b13) addi    s6, t4, 729
core   0: 3 0x8000ae7e (0x2d9e8b13) x22 0x000002d9
core   0: 0x8000ae82 (0x0000987d) c.andi  s0, -1
core   0: 3 0x8000ae82 (0x987d) x 8 0x00000003
core   0: 0x8000ae84 (0x00325463) bge     tp, gp, pc + 8
core   0: 3 0x8000ae84 (0x00325463)
core   0: 0x8000ae8c (0x00008ecd) c.or    a3, a1
core   0: 3 0x8000ae8c (0x8ecd) x13 0x00000400
core   0: 0x8000ae8e (0x493c7c93) andi    s9, s8, 1171
core   0: 3 0x8000ae8e (0x493c7c93) x25 0x00000000
core   0: 0x8000ae92 (0x0000197d) c.addi  s2, -1
core   0: 3 0x8000ae92 (0x197d) x18 0x3bb0c222
core   0: 0x8000ae94 (0x00008e59) c.or    a2, a4
core   0: 3 0x8000ae94 (0x8e59) x12 0x7fffffff
core   0: 0x8000ae96 (0x034c5e63) bge     s8, s4, pc + 60
core   0: 3 0x8000ae96 (0x034c5e63)
core   0: 0x8000ae9a (0x029463b3) rem     t2, s0, s1
core   0: 3 0x8000ae9a (0x029463b3) x 7 0x00000003
core   0: 0x8000ae9e (0x02fabfb3) mulhu   t6, s5, a5
core   0: 3 0x8000ae9e (0x02fabfb3) x31 0x00000002
core   0: 0x8000aea2 (0x021b77b3) remu    a5, s6, ra
core   0: 3 0x8000aea2 (0x021b77b3) x15 0x000002d9
core   0: 0x8000aea6 (0x0319b0b3) mulhu   ra, s3, a7
core   0: 3 0x8000aea6 (0x0319b0b3) x 1 0x00000000
core   0: 0x8000aeaa (0x4c6d4793) xori    a5, s10, 1222
core   0: 3 0x8000aeaa (0x4c6d4793) x15 0x0004c239
core   0: 0x8000aeae (0x000321b3) slt     gp, t1, zero
core   0: 3 0x8000aeae (0x000321b3) x 3 0x00000000
core   0: 0x8000aeb2 (0x68450193) addi    gp, a0, 1668
core   0: 3 0x8000aeb2 (0x68450193) x 3 0x800224b0
core   0: 0x8000aeb6 (0x015e5593) srli    a1, t3, 21
core   0: 3 0x8000aeb6 (0x015e5593) x11 0x00000000
core   0: 0x8000aeba (0x0000e785) c.bnez  a5, pc + 40
core   0: 3 0x8000aeba (0xe785)
core   0: 0x8000aee2 (0x0ff0000f) fence   iorw,iorw
core   0: 3 0x8000aee2 (0x0ff0000f)
core   0: 0x8000aee6 (0x0000169c) c.addi4spn a5, sp, 864
core   0: 3 0x8000aee6 (0x169c) x15 0x00000368
core   0: 0x8000aee8 (0x01d221b3) slt     gp, tp, t4
core   0: 3 0x8000aee8 (0x01d221b3) x 3 0x00000000
core   0: 0x8000aeec (0x41ab5293) srai    t0, s6, 26
core   0: 3 0x8000aeec (0x41ab5293) x 5 0x00000000
core   0: 0x8000aef0 (0x00cebd33) sltu    s10, t4, a2
core   0: 3 0x8000aef0 (0x00cebd33) x26 0x00000001
core   0: 0x8000aef4 (0x038092b3) mulh    t0, ra, s8
core   0: 3 0x8000aef4 (0x038092b3) x 5 0x00000000
core   0: 0x8000aef8 (0x02565f63) bge     a2, t0, pc + 62
core   0: 3 0x8000aef8 (0x02565f63)
core   0: 0x8000af36 (0x00cec963) blt     t4, a2, pc + 18
core   0: 3 0x8000af36 (0x00cec963)
core   0: 0x8000af48 (0x0000039c) c.addi4spn a5, sp, 448
core   0: 3 0x8000af48 (0x039c) x15 0x000001c8
core   0: 0x8000af4a (0x0322d563) bge     t0, s2, pc + 42
core   0: 3 0x8000af4a (0x0322d563)
core   0: 0x8000af4e (0x00009716) c.add   a4, t0
core   0: 3 0x8000af4e (0x9716) x14 0x7fffffff
core   0: 0x8000af50 (0x9d8dbe93) sltiu   t4, s11, -1576
core   0: 3 0x8000af50 (0x9d8dbe93) x29 0x00000001
core   0: 0x8000af54 (0x0000697d) c.lui   s2, 0x1f
core   0: 3 0x8000af54 (0x697d) x18 0x0001f000
core   0: 0x8000af56 (0x832404b7) lui     s1, 0x83240
core   0: 3 0x8000af56 (0x832404b7) x 9 0x83240000
core   0: 0x8000af5a (0x01976233) or      tp, a4, s9
core   0: 3 0x8000af5a (0x01976233) x 4 0x7fffffff
core   0: 0x8000af5e (0x00000e71) c.addi  t3, 28
core   0: 3 0x8000af5e (0x0e71) x28 0x00000020
core   0: 0x8000af60 (0x0004d863) bgez    s1, pc + 16
core   0: 3 0x8000af60 (0x0004d863)
core   0: 0x8000af64 (0x04f2c197) auipc   gp, 0x4f2c
core   0: 3 0x8000af64 (0x04f2c197) x 3 0x84f36f64
core   0: 0x8000af68 (0x0169b5b3) sltu    a1, s3, s6
core   0: 3 0x8000af68 (0x0169b5b3) x11 0x00000000
core   0: 0x8000af6c (0x02a1eb33) rem     s6, gp, a0
core   0: 3 0x8000af6c (0x02a1eb33) x22 0x84f36f64
core   0: 0x8000af70 (0xe2e7ef13) ori     t5, a5, -466
core   0: 3 0x8000af70 (0xe2e7ef13) x30 0xffffffee
core   0: 0x8000af74 (0x87b02713) slti    a4, zero, -1925
core   0: 3 0x8000af74 (0x87b02713) x14 0x00000000
core   0: 0x8000af78 (0x0270f163) bgeu    ra, t2, pc + 34
core   0: 3 0x8000af78 (0x0270f163)
core   0: 0x8000af7c (0x0ff0000f) fence   iorw,iorw
core   0: 3 0x8000af7c (0x0ff0000f)
core   0: 0x8000af80 (0x02d59a63) bne     a1, a3, pc + 52
core   0: 3 0x8000af80 (0x02d59a63)
core   0: 0x8000afb4 (0xe01b4113) xori    sp, s6, -511
core   0: 3 0x8000afb4 (0xe01b4113) x 2 0x7b0c9165
core   0: 0x8000afb8 (0x000084d1) c.srai  s1, 20
core   0: 3 0x8000afb8 (0x84d1) x 9 0xfffff832
core   0: 0x8000afba (0x02bcf333) remu    t1, s9, a1
core   0: 3 0x8000afba (0x02bcf333) x 6 0x00000000
core   0: 0x8000afbe (0x8aa8a593) slti    a1, a7, -1878
core   0: 3 0x8000afbe (0x8aa8a593) x11 0x00000000
core   0: 0x8000afc2 (0x92e1cf13) xori    t5, gp, -1746
core   0: 3 0x8000afc2 (0x92e1cf13) x30 0x7b0c964a
core   0: 0x8000afc6 (0x00008c8d) c.sub   s1, a1
core   0: 3 0x8000afc6 (0x8c8d) x 9 0xfffff832
core   0: 0x8000afc8 (0x03dfb2b3) mulhu   t0, t6, t4
core   0: 3 0x8000afc8 (0x03dfb2b3) x 5 0x00000000
core   0: 0x8000afcc (0x0186fbb3) and     s7, a3, s8
core   0: 3 0x8000afcc (0x0186fbb3) x23 0x00000000
core   0: 0x8000afd0 (0x000098aa) c.add   a7, a0
core   0: 3 0x8000afd0 (0x98aa) x17 0x80021e2d
core   0: 0x8000afd2 (0x00269e13) slli    t3, a3, 2
core   0: 3 0x8000afd2 (0x00269e13) x28 0x00001000
core   0: 0x8000afd6 (0x00008cea) c.mv    s9, s10
core   0: 3 0x8000afd6 (0x8cea) x25 0x00000001
core   0: 0x8000afd8 (0xa3abe893) ori     a7, s7, -1478
core   0: 3 0x8000afd8 (0xa3abe893) x17 0xfffffa3a
core   0: 0x8000afdc (0x0ff0000f) fence   iorw,iorw
core   0: 3 0x8000afdc (0x0ff0000f)
core   0: 0x8000afe0 (0x0000e889) c.bnez  s1, pc + 18
core   0: 3 0x8000afe0 (0xe889)
core   0: 0x8000aff2 (0x00008f6d) c.and   a4, a1
core   0: 3 0x8000aff2 (0x8f6d) x14 0x00000000
core   0: 0x8000aff4 (0xf4dfeb93) ori     s7, t6, -179
core   0: 3 0x8000aff4 (0xf4dfeb93) x23 0xffffff4f
core   0: 0x8000aff8 (0x00008df1) c.and   a1, a2
core   0: 3 0x8000aff8 (0x8df1) x11 0x00000000
core   0: 0x8000affa (0x00009766) c.add   a4, s9
core   0: 3 0x8000affa (0x9766) x14 0x00000001
core   0: 0x8000affc (0x0000121c) c.addi4spn a5, sp, 288
core   0: 3 0x8000affc (0x121c) x15 0x7b0c9285
core   0: 0x8000affe (0x00008c6d) c.and   s0, a1
core   0: 3 0x8000affe (0x8c6d) x 8 0x00000000
core   0: 0x8000b000 (0x00004e51) c.li    t3, 20
core   0: 3 0x8000b000 (0x4e51) x28 0x00000014
core   0: 0x8000b002 (0x000093de) c.add   t2, s7
core   0: 3 0x8000b002 (0x93de) x 7 0xffffff52
core   0: 0x8000b004 (0x01b59c63) bne     a1, s11, pc + 24
core   0: 3 0x8000b004 (0x01b59c63)
core   0: 0x8000b01c (0x02ffd4b3) divu    s1, t6, a5
core   0: 3 0x8000b01c (0x02ffd4b3) x 9 0x00000000
core   0: 0x8000b020 (0x02117863) bgeu    sp, ra, pc + 48
core   0: 3 0x8000b020 (0x02117863)
core   0: 0x8000b050 (0x00fc5693) srli    a3, s8, 15
core   0: 3 0x8000b050 (0x00fc5693) x13 0x00000002
core   0: 0x8000b054 (0x00008f99) c.sub   a5, a4
core   0: 3 0x8000b054 (0x8f99) x15 0x7b0c9284
core   0: 0x8000b056 (0x024a1e33) mulh    t3, s4, tp
core   0: 3 0x8000b056 (0x024a1e33) x28 0x00009e1e
core   0: 0x8000b05a (0x00000001) c.nop
core   0: 3 0x8000b05a (0x0001)
core   0: 0x8000b05c (0x001bc9b3) xor     s3, s7, ra
core   0: 3 0x8000b05c (0x001bc9b3) x19 0xffffff4f
core   0: 0x8000b060 (0xbff6fe93) andi    t4, a3, -1025
core   0: 3 0x8000b060 (0xbff6fe93) x29 0x00000002
core   0: 0x8000b064 (0x00008eb5) c.xor   a3, a3
core   0: 3 0x8000b064 (0x8eb5) x13 0x00000000
core   0: 0x8000b066 (0xc3ad6093) ori     ra, s10, -966
core   0: 3 0x8000b066 (0xc3ad6093) x 1 0xfffffc3b
core   0: 0x8000b06a (0x00008f09) c.sub   a4, a0
core   0: 3 0x8000b06a (0x8f09) x14 0x7ffde1d5
core   0: 0x8000b06c (0x03fbccb3) div     s9, s7, t6
core   0: 3 0x8000b06c (0x03fbccb3) x25 0xffffffa8
core   0: 0x8000b070 (0x01300f63) beq     zero, s3, pc + 30
core   0: 3 0x8000b070 (0x01300f63)
core   0: 0x8000b074 (0x00f459b3) srl     s3, s0, a5
core   0: 3 0x8000b074 (0x00f459b3) x19 0x00000000
core   0: 0x8000b078 (0x363fc893) xori    a7, t6, 867
core   0: 3 0x8000b078 (0x363fc893) x17 0x00000361
core   0: 0x8000b07c (0x0000617d) c.addi16sp sp, 496
core   0: 3 0x8000b07c (0x617d) x 2 0x7b0c9355
core   0: 0x8000b07e (0x03d9e1b3) rem     gp, s3, t4
core   0: 3 0x8000b07e (0x03d9e1b3) x 3 0x00000000
core   0: 0x8000b082 (0x00009afd) c.andi  a3, -1
core   0: 3 0x8000b082 (0x9afd) x13 0x00000000
core   0: 0x8000b084 (0x038b64b3) rem     s1, s6, s8
core   0: 3 0x8000b084 (0x038b64b3) x 9 0xffff0f64
core   0: 0x8000b088 (0x00001b00) c.addi4spn s0, sp, 432
core   0: 3 0x8000b088 (0x1b00) x 8 0x7b0c9505
core   0: 0x8000b08a (0x000008f6) c.slli  a7, 29
core   0: 3 0x8000b08a (0x08f6) x17 0x20000000
core   0: 0x8000b08c (0x0000926e) c.add   tp, s11
core   0: 3 0x8000b08c (0x926e) x 4 0x00025ce3
core   0: 0x8000b08e (0x00b74f63) blt     a4, a1, pc + 30
core   0: 3 0x8000b08e (0x00b74f63)
core   0: 0x8000b092 (0x0237deb3) divu    t4, a5, gp
core   0: 3 0x8000b092 (0x0237deb3) x29 0xffffffff
core   0: 0x8000b096 (0x000005ba) c.slli  a1, 14
core   0: 3 0x8000b096 (0x05ba) x11 0x00000000
core   0: 0x8000b098 (0x000099fd) c.andi  a1, -1
core   0: 3 0x8000b098 (0x99fd) x11 0x00000000
core   0: 0x8000b09a (0x3f530893) addi    a7, t1, 1013
core   0: 3 0x8000b09a (0x3f530893) x17 0x000003f5
core   0: 0x8000b09e (0x41865c93) srai    s9, a2, 24
core   0: 3 0x8000b09e (0x41865c93) x25 0x0000007f
core   0: 0x8000b0a2 (0x00e01733) sll     a4, zero, a4
core   0: 3 0x8000b0a2 (0x00e01733) x14 0x00000000
core   0: 0x8000b0a6 (0x0000100f) fence.i
core   0: 3 0x8000b0a6 (0x0000100f)
core   0: 0x8000b0aa (0x00008645) c.srai  a2, 17
core   0: 3 0x8000b0aa (0x8645) x12 0x00003fff
core   0: 0x8000b0ac (0x00008a79) c.andi  a2, 30
core   0: 3 0x8000b0ac (0x8a79) x12 0x0000001e
core   0: 0x8000b0ae (0x01697a63) bgeu    s2, s6, pc + 20
core   0: 3 0x8000b0ae (0x01697a63)
core   0: 0x8000b0b2 (0x403f0e33) sub     t3, t5, gp
core   0: 3 0x8000b0b2 (0x403f0e33) x28 0x7b0c964a
core   0: 0x8000b0b6 (0xb07d7293) andi    t0, s10, -1273
core   0: 3 0x8000b0b6 (0xb07d7293) x 5 0x00000001
core   0: 0x8000b0ba (0x5a64b093) sltiu   ra, s1, 1446
core   0: 3 0x8000b0ba (0x5a64b093) x 1 0x00000000
core   0: 0x8000b0be (0x031b9c33) mulh    s8, s7, a7
core   0: 3 0x8000b0be (0x031b9c33) x24 0xffffffff
core   0: 0x8000b0c2 (0x03b1eeb3) rem     t4, gp, s11
core   0: 3 0x8000b0c2 (0x03b1eeb3) x29 0x00000000
core   0: 0x8000b0c6 (0x02edf5b3) remu    a1, s11, a4
core   0: 3 0x8000b0c6 (0x02edf5b3) x11 0x80025ce4
core   0: 0x8000b0ca (0x153360b7) lui     ra, 0x15336
core   0: 3 0x8000b0ca (0x153360b7) x 1 0x15336000
core   0: 0x8000b0ce (0x01898fb3) add     t6, s3, s8
core   0: 3 0x8000b0ce (0x01898fb3) x31 0xffffffff
core   0: 0x8000b0d2 (0x40d3d5b3) sra     a1, t2, a3
core   0: 3 0x8000b0d2 (0x40d3d5b3) x11 0xffffff52
core   0: 0x8000b0d6 (0x000050fd) c.li    ra, -1
core   0: 3 0x8000b0d6 (0x50fd) x 1 0xffffffff
core   0: 0x8000b0d8 (0x039e74b3) remu    s1, t3, s9
core   0: 3 0x8000b0d8 (0x039e74b3) x 9 0x00000009
core   0: 0x8000b0dc (0x031b7f63) bgeu    s6, a7, pc + 62
core   0: 3 0x8000b0dc (0x031b7f63)
core   0: 0x8000b11a (0x00008e61) c.and   a2, s0
core   0: 3 0x8000b11a (0x8e61) x12 0x00000004
core   0: 0x8000b11c (0x01695433) srl     s0, s2, s6
core   0: 3 0x8000b11c (0x01695433) x 8 0x00001f00
core   0: 0x8000b120 (0x00009c0e) c.add   s8, gp
core   0: 3 0x8000b120 (0x9c0e) x24 0xffffffff
core   0: 0x8000b122 (0x00008cb5) c.xor   s1, a3
core   0: 3 0x8000b122 (0x8cb5) x 9 0x00000009
core   0: 0x8000b124 (0x03500d63) beq     zero, s5, pc + 58
core   0: 3 0x8000b124 (0x03500d63)
core   0: 0x8000b128 (0x01e75b33) srl     s6, a4, t5
core   0: 3 0x8000b128 (0x01e75b33) x22 0x00000000
core   0: 0x8000b12c (0x02458e63) beq     a1, tp, pc + 60
core   0: 3 0x8000b12c (0x02458e63)
core   0: 0x8000b130 (0x00009a12) c.add   s4, tp
core   0: 3 0x8000b130 (0x9a12) x20 0x00039920
core   0: 0x8000b132 (0x0000177d) c.addi  a4, -1
core   0: 3 0x8000b132 (0x177d) x14 0xffffffff
core   0: 0x8000b134 (0x7f3f6b13) ori     s6, t5, 2035
core   0: 3 0x8000b134 (0x7f3f6b13) x22 0x7b0c97fb
core   0: 0x8000b138 (0x0000100f) fence.i
core   0: 3 0x8000b138 (0x0000100f)
core   0: 0x8000b13c (0x02123bb3) mulhu   s7, tp, ra
core   0: 3 0x8000b13c (0x02123bb3) x23 0x00025ce2
core   0: 0x8000b140 (0x057cf163) bgeu    s9, s7, pc + 66
core   0: 3 0x8000b140 (0x057cf163)
core   0: 0x8000b144 (0x03bff5b3) remu    a1, t6, s11
core   0: 3 0x8000b144 (0x03bff5b3) x11 0x7ffda31b
core   0: 0x8000b148 (0xb8e57593) andi    a1, a0, -1138
core   0: 3 0x8000b148 (0xb8e57593) x11 0x80021a0c
core   0: 0x8000b14c (0xe0c90b97) auipc   s7, 0xe0c90
core   0: 3 0x8000b14c (0xe0c90b97) x23 0x60c9b14c
core   0: 0x8000b150 (0x033c3833) mulhu   a6, s8, s3
core   0: 3 0x8000b150 (0x033c3833) x16 0x00000000
core   0: 0x8000b154 (0x0000717d) c.addi16sp sp, -16
core   0: 3 0x8000b154 (0x717d) x 2 0x7b0c9345
core   0: 0x8000b156 (0x0ff0000f) fence   iorw,iorw
core   0: 3 0x8000b156 (0x0ff0000f)
core   0: 0x8000b15a (0x0254c663) blt     s1, t0, pc + 44
core   0: 3 0x8000b15a (0x0254c663)
core   0: 0x8000b15e (0x0000100f) fence.i
core   0: 3 0x8000b15e (0x0000100f)
core   0: 0x8000b162 (0x01ccc933) xor     s2, s9, t3
core   0: 3 0x8000b162 (0x01ccc933) x18 0x7b0c9635
core   0: 0x8000b166 (0x00008c71) c.and   s0, a2
core   0: 3 0x8000b166 (0x8c71) x 8 0x00000000
core   0: 0x8000b168 (0x00001a7d) c.addi  s4, -1
core   0: 3 0x8000b168 (0x1a7d) x20 0x0003991f
core   0: 0x8000b16a (0x406c0933) sub     s2, s8, t1
core   0: 3 0x8000b16a (0x406c0933) x18 0xffffffff
core   0: 0x8000b16e (0x029e9f63) bne     t4, s1, pc + 62
core   0: 3 0x8000b16e (0x029e9f63)
core   0: 0x8000b1ac (0x02671963) bne     a4, t1, pc + 50
core   0: 3 0x8000b1ac (0x02671963)
core   0: 0x8000b1de (0x0000c815) c.beqz  s0, pc + 52
core   0: 3 0x8000b1de (0xc815)
core   0: 0x8000b212 (0x01f1e333) or      t1, gp, t6
core   0: 3 0x8000b212 (0x01f1e333) x 6 0xffffffff
core   0: 0x8000b216 (0x41b856b3) sra     a3, a6, s11
core   0: 3 0x8000b216 (0x41b856b3) x13 0x00000000
core   0: 0x8000b21a (0x00000326) c.slli  t1, 9
core   0: 3 0x8000b21a (0x0326) x 6 0xfffffe00
core   0: 0x8000b21c (0x40695c33) sra     s8, s2, t1
core   0: 3 0x8000b21c (0x40695c33) x24 0xffffffff
core   0: 0x8000b220 (0x4a068c13) addi    s8, a3, 1184
core   0: 3 0x8000b220 (0x4a068c13) x24 0x000004a0
core   0: 0x8000b224 (0x053cf263) bgeu    s9, s3, pc + 68
core   0: 3 0x8000b224 (0x053cf263)
core   0: 0x8000b268 (0x01b51a13) slli    s4, a0, 27
core   0: 3 0x8000b268 (0x01b51a13) x20 0x60000000
core   0: 0x8000b26c (0x0000080c) c.addi4spn a1, sp, 16
core   0: 3 0x8000b26c (0x080c) x11 0x7b0c9355
core   0: 0x8000b26e (0x00008f59) c.or    a4, a4
core   0: 3 0x8000b26e (0x8f59) x14 0xffffffff
core   0: 0x8000b270 (0x00008fd5) c.or    a5, a3
core   0: 3 0x8000b270 (0x8fd5) x15 0x7b0c9284
core   0: 0x8000b272 (0x00001f00) c.addi4spn s0, sp, 944
core   0: 3 0x8000b272 (0x1f00) x 8 0x7b0c96f5
core   0: 0x8000b274 (0x00008792) c.mv    a5, tp
core   0: 3 0x8000b274 (0x8792) x15 0x00025ce3
core   0: 0x8000b276 (0x00000001) c.nop
core   0: 3 0x8000b276 (0x0001)
core   0: 0x8000b278 (0x00444333) xor     t1, s0, tp
core   0: 3 0x8000b278 (0x00444333) x 6 0x7b0eca16
core   0: 0x8000b27c (0x0000031c) c.addi4spn a5, sp, 384
core   0: 3 0x8000b27c (0x031c) x15 0x7b0c94c5
core   0: 0x8000b27e (0x077af113) andi    sp, s5, 119
core   0: 3 0x8000b27e (0x077af113) x 2 0x00000020
core   0: 0x8000b282 (0x000be863) bltu    s7, zero, pc + 16
core   0: 3 0x8000b282 (0x000be863)
core   0: 0x8000b286 (0xd6057093) andi    ra, a0, -672
core   0: 3 0x8000b286 (0xd6057093) x 1 0x80021c20
core   0: 0x8000b28a (0x024d05b3) mul     a1, s10, tp
core   0: 3 0x8000b28a (0x024d05b3) x11 0x00025ce3
core   0: 0x8000b28e (0x0000100f) fence.i
core   0: 3 0x8000b28e (0x0000100f)
core   0: 0x8000b292 (0x00861763) bne     a2, s0, pc + 14
core   0: 3 0x8000b292 (0x00861763)
core   0: 0x8000b2a0 (0x00001884) c.addi4spn s1, sp, 112
core   0: 3 0x8000b2a0 (0x1884) x 9 0x00000090
core   0: 0x8000b2a2 (0x00004411) c.li    s0, 4
core   0: 3 0x8000b2a2 (0x4411) x 8 0x00000004
core   0: 0x8000b2a4 (0x000093ba) c.add   t2, a4
core   0: 3 0x8000b2a4 (0x93ba) x 7 0xffffff51
core   0: 0x8000b2a6 (0x0171ebb3) or      s7, gp, s7
core   0: 3 0x8000b2a6 (0x0171ebb3) x23 0x60c9b14c
core   0: 0x8000b2aa (0x00ff53b3) srl     t2, t5, a5
core   0: 3 0x8000b2aa (0x00ff53b3) x 7 0x03d864b2
core   0: 0x8000b2ae (0x01101663) bne     zero, a7, pc + 12
core   0: 3 0x8000b2ae (0x01101663)
core   0: 0x8000b2ba (0x5ede0393) addi    t2, t3, 1517
core   0: 3 0x8000b2ba (0x5ede0393) x 7 0x7b0c9c37
core   0: 0x8000b2be (0x00008f99) c.sub   a5, a4
core   0: 3 0x8000b2be (0x8f99) x15 0x7b0c94c6
core   0: 0x8000b2c0 (0x413d58b3) sra     a7, s10, s3
core   0: 3 0x8000b2c0 (0x413d58b3) x17 0x00000001
core   0: 0x8000b2c4 (0x0135ea63) bltu    a1, s3, pc + 20
core   0: 3 0x8000b2c4 (0x0135ea63)
core   0: 0x8000b2c8 (0x00008dc1) c.or    a1, s0
core   0: 3 0x8000b2c8 (0x8dc1) x11 0x00025ce7
core   0: 0x8000b2ca (0x013b5593) srli    a1, s6, 19
core   0: 3 0x8000b2ca (0x013b5593) x11 0x00000f61
core   0: 0x8000b2ce (0x000082b5) c.srli  a3, 13
core   0: 3 0x8000b2ce (0x82b5) x13 0x00000000
core   0: 0x8000b2d0 (0x00008f2d) c.xor   a4, a1
core   0: 3 0x8000b2d0 (0x8f2d) x14 0xfffff09e
core   0: 0x8000b2d2 (0x0000cc0d) c.beqz  s0, pc + 58
core   0: 3 0x8000b2d2 (0xcc0d)
core   0: 0x8000b2d4 (0x064f7893) andi    a7, t5, 100
core   0: 3 0x8000b2d4 (0x064f7893) x17 0x00000040
core   0: 0x8000b2d8 (0x00b734b3) sltu    s1, a4, a1
core   0: 3 0x8000b2d8 (0x00b734b3) x 9 0x00000000
core   0: 0x8000b2dc (0x00000b8e) c.slli  s7, 3
core   0: 3 0x8000b2dc (0x0b8e) x23 0x064d8a60
core   0: 0x8000b2de (0x02897e63) bgeu    s2, s0, pc + 60
core   0: 3 0x8000b2de (0x02897e63)
core   0: 0x8000b31a (0x00000001) c.nop
core   0: 3 0x8000b31a (0x0001)
core   0: 0x8000b31c (0x00008f3d) c.xor   a4, a5
core   0: 3 0x8000b31c (0x8f3d) x14 0x84f36458
core   0: 0x8000b31e (0x0387a7b3) mulhsu  a5, a5, s8
core   0: 3 0x8000b31e (0x0387a7b3) x15 0x00000239
core   0: 0x8000b322 (0x00a14cb3) xor     s9, sp, a0
core   0: 3 0x8000b322 (0x00a14cb3) x25 0x80021e0c
core   0: 0x8000b326 (0xf2c82093) slti    ra, a6, -212
core   0: 3 0x8000b326 (0xf2c82093) x 1 0x00000000
core   0: 0x8000b32a (0x000093fe) c.add   t2, t6
core   0: 3 0x8000b32a (0x93fe) x 7 0x7b0c9c36
core   0: 0x8000b32c (0x0000693d) c.lui   s2, 0xf
core   0: 3 0x8000b32c (0x693d) x18 0x0000f000
core   0: 0x8000b32e (0x0000843d) c.srai  s0, 15
core   0: 3 0x8000b32e (0x843d) x 8 0x00000000
core   0: 0x8000b330 (0x03f74763) blt     a4, t6, pc + 46
core   0: 3 0x8000b330 (0x03f74763)
core   0: 0x8000b35e (0x00008b39) c.andi  a4, 14
core   0: 3 0x8000b35e (0x8b39) x14 0x00000008
core   0: 0x8000b360 (0xfb60feb7) lui     t4, 0xfb60f
core   0: 3 0x8000b360 (0xfb60feb7) x29 0xfb60f000
core   0: 0x8000b364 (0x1964b413) sltiu   s0, s1, 406
core   0: 3 0x8000b364 (0x1964b413) x 8 0x00000001
core   0: 0x8000b368 (0x64c3a293) slti    t0, t2, 1612
core   0: 3 0x8000b368 (0x64c3a293) x 5 0x00000000
core   0: 0x8000b36c (0x02188433) mul     s0, a7, ra
core   0: 3 0x8000b36c (0x02188433) x 8 0x00000000
core   0: 0x8000b370 (0x01e60363) beq     a2, t5, pc + 6
core   0: 3 0x8000b370 (0x01e60363)
core   0: 0x8000b374 (0x00009a7d) c.andi  a2, -1
core   0: 3 0x8000b374 (0x9a7d) x12 0x00000004
core   0: 0x8000b376 (0x03be8633) mul     a2, t4, s11
core   0: 3 0x8000b376 (0x03be8633) x12 0x9895c000
core   0: 0x8000b37a (0x021fb0b3) mulhu   ra, t6, ra
core   0: 3 0x8000b37a (0x021fb0b3) x 1 0x00000000
core   0: 0x8000b37e (0x00004bfd) c.li    s7, 31
core   0: 3 0x8000b37e (0x4bfd) x23 0x0000001f
core   0: 0x8000b380 (0x01815413) srli    s0, sp, 24
core   0: 3 0x8000b380 (0x01815413) x 8 0x00000000
core   0: 0x8000b384 (0x0284b233) mulhu   tp, s1, s0
core   0: 3 0x8000b384 (0x0284b233) x 4 0x00000000
core   0: 0x8000b388 (0x000088a5) c.andi  s1, 9
core   0: 3 0x8000b388 (0x88a5) x 9 0x00000000
core   0: 0x8000b38a (0x04a4f063) bgeu    s1, a0, pc + 64
core   0: 3 0x8000b38a (0x04a4f063)
core   0: 0x8000b38e (0x0ff0000f) fence   iorw,iorw
core   0: 3 0x8000b38e (0x0ff0000f)
core   0: 0x8000b392 (0x0000ef8d) c.bnez  a5, pc + 58
core   0: 3 0x8000b392 (0xef8d)
core   0: 0x8000b3cc (0x00008ded) c.and   a1, a1
core   0: 3 0x8000b3cc (0x8ded) x11 0x00000f61
core   0: 0x8000b3ce (0x00415833) srl     a6, sp, tp
core   0: 3 0x8000b3ce (0x00415833) x16 0x00000020
core   0: 0x8000b3d2 (0x00000001) c.nop
core   0: 3 0x8000b3d2 (0x0001)
core   0: 0x8000b3d4 (0x0031d563) bge     gp, gp, pc + 10
core   0: 3 0x8000b3d4 (0x0031d563)
core   0: 0x8000b3de (0x19c32e93) slti    t4, t1, 412
core   0: 3 0x8000b3de (0x19c32e93) x29 0x00000000
core   0: 0x8000b3e2 (0x02bef863) bgeu    t4, a1, pc + 48
core   0: 3 0x8000b3e2 (0x02bef863)
core   0: 0x8000b3e6 (0x40608c33) sub     s8, ra, t1
core   0: 3 0x8000b3e6 (0x40608c33) x24 0x84f135ea
core   0: 0x8000b3ea (0x0000615d) c.addi16sp sp, 432
core   0: 3 0x8000b3ea (0x615d) x 2 0x000001d0
core   0: 0x8000b3ec (0x02025f33) divu    t5, tp, zero
core   0: 3 0x8000b3ec (0x02025f33) x30 0xffffffff
core   0: 0x8000b3f0 (0x203f2593) slti    a1, t5, 515
core   0: 3 0x8000b3f0 (0x203f2593) x11 0x00000001
core   0: 0x8000b3f4 (0x000068b1) c.lui   a7, 0xc
core   0: 3 0x8000b3f4 (0x68b1) x17 0x0000c000
core   0: 0x8000b3f6 (0x00579a33) sll     s4, a5, t0
core   0: 3 0x8000b3f6 (0x00579a33) x20 0x00000239
core   0: 0x8000b3fa (0x00008cb5) c.xor   s1, a3
core   0: 3 0x8000b3fa (0x8cb5) x 9 0x00000000
core   0: 0x8000b3fc (0x00008edd) c.or    a3, a5
core   0: 3 0x8000b3fc (0x8edd) x13 0x00000239
core   0: 0x8000b3fe (0xdf3a8493) addi    s1, s5, -525
core   0: 3 0x8000b3fe (0xdf3a8493) x 9 0x085b5d13
core   0: 0x8000b402 (0x40ca53b3) sra     t2, s4, a2
core   0: 3 0x8000b402 (0x40ca53b3) x 7 0x00000239
core   0: 0x8000b406 (0x01b384b3) add     s1, t2, s11
core   0: 3 0x8000b406 (0x01b384b3) x 9 0x80025f1d
core   0: 0x8000b40a (0xf2e11737) lui     a4, 0xf2e11
core   0: 3 0x8000b40a (0xf2e11737) x14 0xf2e11000
core   0: 0x8000b40e (0x0000970a) c.add   a4, sp
core   0: 3 0x8000b40e (0x970a) x14 0xf2e111d0
core   0: 0x8000b410 (0x00000001) c.nop
core   0: 3 0x8000b410 (0x0001)
core   0: 0x8000b412 (0x00a94f33) xor     t5, s2, a0
core   0: 3 0x8000b412 (0x00a94f33) x30 0x8002ee2c
core   0: 0x8000b416 (0x01f55f33) srl     t5, a0, t6
core   0: 3 0x8000b416 (0x01f55f33) x30 0x00000001
core   0: 0x8000b41a (0x03301a63) bne     zero, s3, pc + 52
core   0: 3 0x8000b41a (0x03301a63)
core   0: 0x8000b41e (0x024f8a63) beq     t6, tp, pc + 52
core   0: 3 0x8000b41e (0x024f8a63)
core   0: 0x8000b422 (0x039317b3) mulh    a5, t1, s9
core   0: 3 0x8000b422 (0x039317b3) x15 0xc2799f84
core   0: 0x8000b426 (0x0358b333) mulhu   t1, a7, s5
core   0: 3 0x8000b426 (0x0358b333) x 6 0x00000644
core   0: 0x8000b42a (0x000001b2) c.slli  gp, 12
core   0: 3 0x8000b42a (0x01b2) x 3 0x00000000
core   0: 0x8000b42c (0x00b79093) slli    ra, a5, 11
core   0: 3 0x8000b42c (0x00b79093) x 1 0xccfc2000
core   0: 0x8000b430 (0x01dc5333) srl     t1, s8, t4
core   0: 3 0x8000b430 (0x01dc5333) x 6 0x84f135ea
core   0: 0x8000b434 (0x0369fbb3) remu    s7, s3, s6
core   0: 3 0x8000b434 (0x0369fbb3) x23 0x00000000
core   0: 0x8000b438 (0x02ec1eb3) mulh    t4, s8, a4
core   0: 3 0x8000b438 (0x02ec1eb3) x29 0x064e9e7d
core   0: 0x8000b43c (0x010e1463) bne     t3, a6, pc + 8
core   0: 3 0x8000b43c (0x010e1463)
core   0: 0x8000b444 (0x00ded3b3) srl     t2, t4, a3
core   0: 3 0x8000b444 (0x00ded3b3) x 7 0x00000003
core   0: 0x8000b448 (0x00000001) c.nop
core   0: 3 0x8000b448 (0x0001)
core   0: 0x8000b44a (0x02f959b3) divu    s3, s2, a5
core   0: 3 0x8000b44a (0x02f959b3) x19 0x00000000
core   0: 0x8000b44e (0x5cbd4c93) xori    s9, s10, 1483
core   0: 3 0x8000b44e (0x5cbd4c93) x25 0x000005ca
core   0: 0x8000b452 (0x00008d91) c.sub   a1, a2
core   0: 3 0x8000b452 (0x8d91) x11 0x676a4001
core   0: 0x8000b454 (0x0ff0000f) fence   iorw,iorw
core   0: 3 0x8000b454 (0x0ff0000f)
core   0: 0x8000b458 (0x000061c9) c.lui   gp, 0x12
core   0: 3 0x8000b458 (0x61c9) x 3 0x00012000
core   0: 0x8000b45a (0x0176ebb3) or      s7, a3, s7
core   0: 3 0x8000b45a (0x0176ebb3) x23 0x00000239
core   0: 0x8000b45e (0xc36fe193) ori     gp, t6, -970
core   0: 3 0x8000b45e (0xc36fe193) x 3 0xffffffff
core   0: 0x8000b462 (0x00008c91) c.sub   s1, a2
core   0: 3 0x8000b462 (0x8c91) x 9 0xe76c9f1d
core   0: 0x8000b464 (0xff800793) li      a5, -8
core   0: 3 0x8000b464 (0xff800793) x15 0xfffffff8
core   0: 0x8000b468 (0x01fb4d33) xor     s10, s6, t6
core   0: 3 0x8000b468 (0x01fb4d33) x26 0x84f36804
core   0: 0x8000b46c (0x000086c2) c.mv    a3, a6
core   0: 3 0x8000b46c (0x86c2) x13 0x00000020
core   0: 0x8000b46e (0xd7738fb7) lui     t6, 0xd7738
core   0: 3 0x8000b46e (0xd7738fb7) x31 0xd7738000
core   0: 0x8000b472 (0x00000001) c.nop
core   0: 3 0x8000b472 (0x0001)
core   0: 0x8000b474 (0x02104133) div     sp, zero, ra
core   0: 3 0x8000b474 (0x02104133) x 2 0x00000000
core   0: 0x8000b478 (0x00c7de33) srl     t3, a5, a2
core   0: 3 0x8000b478 (0x00c7de33) x28 0xfffffff8
core   0: 0x8000b47c (0x00008f01) c.sub   a4, s0
core   0: 3 0x8000b47c (0x8f01) x14 0xf2e111d0
core   0: 0x8000b47e (0x038de2b3) rem     t0, s11, s8
core   0: 3 0x8000b47e (0x038de2b3) x 5 0xfb1126fa
core   0: 0x8000b482 (0x000049d9) c.li    s3, 22
core   0: 3 0x8000b482 (0x49d9) x19 0x00000016
core   0: 0x8000b484 (0x01690233) add     tp, s2, s6
core   0: 3 0x8000b484 (0x01690233) x 4 0x7b0d87fb
core   0: 0x8000b488 (0x018fb5b3) sltu    a1, t6, s8
core   0: 3 0x8000b488 (0x018fb5b3) x11 0x00000000
core   0: 0x8000b48c (0x02a09233) mulh    tp, ra, a0
core   0: 3 0x8000b48c (0x02a09233) x 4 0x198183f5
core   0: 0x8000b490 (0x000007a1) c.addi  a5, 8
core   0: 3 0x8000b490 (0x07a1) x15 0x00000000
core   0: 0x8000b492 (0x00245f93) srli    t6, s0, 2
core   0: 3 0x8000b492 (0x00245f93) x31 0x00000000
core   0: 0x8000b496 (0x025da1b3) mulhsu  gp, s11, t0
core   0: 3 0x8000b496 (0x025da1b3) x 3 0x8279bdbf
core   0: 0x8000b49a (0x01fd86b3) add     a3, s11, t6
core   0: 3 0x8000b49a (0x01fd86b3) x13 0x80025ce4
core   0: 0x8000b49e (0x155c2993) slti    s3, s8, 341
core   0: 3 0x8000b49e (0x155c2993) x19 0x00000001
core   0: 0x8000b4a2 (0x00800893) li      a7, 8
core   0: 3 0x8000b4a2 (0x00800893) x17 0x00000008
core   0: 0x8000b4a6 (0x00800a13) li      s4, 8
core   0: 3 0x8000b4a6 (0x00800a13) x20 0x00000008
core   0: 0x8000b4aa (0x15a10593) addi    a1, sp, 346
core   0: 3 0x8000b4aa (0x15a10593) x11 0x0000015a
core   0: 0x8000b4ae (0x0000641d) c.lui   s0, 0x7
core   0: 3 0x8000b4ae (0x641d) x 8 0x00007000
core   0: 0x8000b4b0 (0x9065b293) sltiu   t0, a1, -1786
core   0: 3 0x8000b4b0 (0x9065b293) x 5 0x00000001
core   0: 0x8000b4b4 (0x000018f1) c.addi  a7, -4
core   0: 3 0x8000b4b4 (0x18f1) x17 0x00000004
core   0: 0x8000b4b6 (0x0042c3b3) xor     t2, t0, tp
core   0: 3 0x8000b4b6 (0x0042c3b3) x 7 0x198183f4
core   0: 0x8000b4ba (0x000002ed) c.addi  t0, 27
core   0: 3 0x8000b4ba (0x02ed) x 5 0x0000001c
core   0: 0x8000b4bc (0x41b300b3) sub     ra, t1, s11
core   0: 3 0x8000b4bc (0x41b300b3) x 1 0x04eed906
core   0: 0x8000b4c0 (0x00008e51) c.or    a2, a2
core   0: 3 0x8000b4c0 (0x8e51) x12 0x9895c000
core   0: 0x8000b4c2 (0x0000187d) c.addi  a6, -1
core   0: 3 0x8000b4c2 (0x187d) x16 0x0000001f
core   0: 0x8000b4c4 (0x010faeb3) slt     t4, t6, a6
core   0: 3 0x8000b4c4 (0x010faeb3) x29 0x00000001
core   0: 0x8000b4c8 (0xff48f3e3) bgeu    a7, s4, pc - 26
core   0: 3 0x8000b4c8 (0xff48f3e3)
core   0: 0x8000b4cc (0x8dca4293) xori    t0, s4, -1828
core   0: 3 0x8000b4cc (0x8dca4293) x 5 0xfffff8d4
core   0: 0x8000b4d0 (0x0000fbcd) c.bnez  a5, pc - 78
core   0: 3 0x8000b4d0 (0xfbcd)
core   0: 0x8000b4d2 (0x995f2413) slti    s0, t5, -1643
core   0: 3 0x8000b4d2 (0x995f2413) x 8 0x00000000
core   0: 0x8000b4d6 (0x409300b3) sub     ra, t1, s1
core   0: 3 0x8000b4d6 (0x409300b3) x 1 0x9d8496cd
core   0: 0x8000b4da (0x02fd7833) remu    a6, s10, a5
core   0: 3 0x8000b4da (0x02fd7833) x16 0x84f36804
core   0: 0x8000b4de (0x00008dc9) c.or    a1, a0
core   0: 3 0x8000b4de (0x8dc9) x11 0x80021f7e
core   0: 0x8000b4e0 (0x025cf6b3) remu    a3, s9, t0
core   0: 3 0x8000b4e0 (0x025cf6b3) x13 0x000005ca
core   0: 0x8000b4e4 (0x02fe4f63) blt     t3, a5, pc + 62
core   0: 3 0x8000b4e4 (0x02fe4f63)
core   0: 0x8000b522 (0x41545313) srai    t1, s0, 21
core   0: 3 0x8000b522 (0x41545313) x 6 0x00000000
core   0: 0x8000b526 (0x00497eb3) and     t4, s2, tp
core   0: 3 0x8000b526 (0x00497eb3) x29 0x00008000
core   0: 0x8000b52a (0x0c1eab93) slti    s7, t4, 193
core   0: 3 0x8000b52a (0x0c1eab93) x23 0x00000000
core   0: 0x8000b52e (0x00000ce5) c.addi  s9, 25
core   0: 3 0x8000b52e (0x0ce5) x25 0x000005e3
core   0: 0x8000b530 (0x37e83f13) sltiu   t5, a6, 894
core   0: 3 0x8000b530 (0x37e83f13) x30 0x00000000
core   0: 0x8000b534 (0x00004a45) c.li    s4, 17
core   0: 3 0x8000b534 (0x4a45) x20 0x00000011
core   0: 0x8000b536 (0x02e15fb3) divu    t6, sp, a4
core   0: 3 0x8000b536 (0x02e15fb3) x31 0x00000000
core   0: 0x8000b53a (0x0227fa33) remu    s4, a5, sp
core   0: 3 0x8000b53a (0x0227fa33) x20 0x00000000
core   0: 0x8000b53e (0xbd913b93) sltiu   s7, sp, -1063
core   0: 3 0x8000b53e (0xbd913b93) x23 0x00000001
core   0: 0x8000b542 (0x01b0d7b3) srl     a5, ra, s11
core   0: 3 0x8000b542 (0x01b0d7b3) x15 0x09d8496c
core   0: 0x8000b546 (0x0000100f) fence.i
core   0: 3 0x8000b546 (0x0000100f)
core   0: 0x8000b54a (0x0212a5b3) mulhsu  a1, t0, ra
core   0: 3 0x8000b54a (0x0212a5b3) x11 0xfffffb96
core   0: 0x8000b54e (0x01f71f63) bne     a4, t6, pc + 30
core   0: 3 0x8000b54e (0x01f71f63)
core   0: 0x8000b56c (0x01755493) srli    s1, a0, 23
core   0: 3 0x8000b56c (0x01755493) x 9 0x00000100
core   0: 0x8000b570 (0x000015fd) c.addi  a1, -1
core   0: 3 0x8000b570 (0x15fd) x11 0xfffffb95
core   0: 0x8000b572 (0x01f0e963) bltu    ra, t6, pc + 18
core   0: 3 0x8000b572 (0x01f0e963)
core   0: 0x8000b576 (0x006f0eb3) add     t4, t5, t1
core   0: 3 0x8000b576 (0x006f0eb3) x29 0x00000000
core   0: 0x8000b57a (0x0ff0000f) fence   iorw,iorw
core   0: 3 0x8000b57a (0x0ff0000f)
core   0: 0x8000b57e (0x000011fd) c.addi  gp, -1
core   0: 3 0x8000b57e (0x11fd) x 3 0x8279bdbe
core   0: 0x8000b580 (0x016956b3) srl     a3, s2, s6
core   0: 3 0x8000b580 (0x016956b3) x13 0x00000000
core   0: 0x8000b584 (0x00005c7d) c.li    s8, -1
core   0: 3 0x8000b584 (0x5c7d) x24 0xffffffff
core   0: 0x8000b586 (0x00bb11b3) sll     gp, s6, a1
core   0: 3 0x8000b586 (0x00bb11b3) x 3 0xff600000
core   0: 0x8000b58a (0x3507ea13) ori     s4, a5, 848
core   0: 3 0x8000b58a (0x3507ea13) x20 0x09d84b7c
core   0: 0x8000b58e (0x000042a9) c.li    t0, 10
core   0: 3 0x8000b58e (0x42a9) x 5 0x0000000a
core   0: 0x8000b590 (0x00ae0c33) add     s8, t3, a0
core   0: 3 0x8000b590 (0x00ae0c33) x24 0x80021e24
core   0: 0x8000b594 (0x000058fd) c.li    a7, -1
core   0: 3 0x8000b594 (0x58fd) x17 0xffffffff
core   0: 0x8000b596 (0x01135f93) srli    t6, t1, 17
core   0: 3 0x8000b596 (0x01135f93) x31 0x00000000
core   0: 0x8000b59a (0x035046b3) div     a3, zero, s5
core   0: 3 0x8000b59a (0x035046b3) x13 0x00000000
core   0: 0x8000b59e (0x0000cc99) c.beqz  s1, pc + 30
core   0: 3 0x8000b59e (0xcc99)
core   0: 0x8000b5a0 (0x03966d63) bltu    a2, s9, pc + 58
core   0: 3 0x8000b5a0 (0x03966d63)
core   0: 0x8000b5a4 (0x00009c5e) c.add   s8, s7
core   0: 3 0x8000b5a4 (0x9c5e) x24 0x80021e25
core   0: 0x8000b5a6 (0x00008e6d) c.and   a2, a1
core   0: 3 0x8000b5a6 (0x8e6d) x12 0x9895c000
core   0: 0x8000b5a8 (0x00000001) c.nop
core   0: 3 0x8000b5a8 (0x0001)
core   0: 0x8000b5aa (0x3f06a393) slti    t2, a3, 1008
core   0: 3 0x8000b5aa (0x3f06a393) x 7 0x00000001
core   0: 0x8000b5ae (0x01951013) slli    zero, a0, 25
core   0: 3 0x8000b5ae (0x01951013)
core   0: 0x8000b5b2 (0x0000041e) c.slli  s0, 7
core   0: 3 0x8000b5b2 (0x041e) x 8 0x00000000
core   0: 0x8000b5b4 (0x2e6ae813) ori     a6, s5, 742
core   0: 3 0x8000b5b4 (0x2e6ae813) x16 0x085b5fe6
core   0: 0x8000b5b8 (0x03ce9333) mulh    t1, t4, t3
core   0: 3 0x8000b5b8 (0x03ce9333) x 6 0x00000000
core   0: 0x8000b5bc (0x03d07e63) bgeu    zero, t4, pc + 60
core   0: 3 0x8000b5bc (0x03d07e63)
core   0: 0x8000b5f8 (0x0010dfb3) srl     t6, ra, ra
core   0: 3 0x8000b5f8 (0x0010dfb3) x31 0x0004ec24
core   0: 0x8000b5fc (0x037449b3) div     s3, s0, s7
core   0: 3 0x8000b5fc (0x037449b3) x19 0x00000000
core   0: 0x8000b600 (0x01035633) srl     a2, t1, a6
core   0: 3 0x8000b600 (0x01035633) x12 0x00000000
core   0: 0x8000b604 (0x1addb113) sltiu   sp, s11, 429
core   0: 3 0x8000b604 (0x1addb113) x 2 0x00000000
core   0: 0x8000b608 (0x01bff763) bgeu    t6, s11, pc + 14
core   0: 3 0x8000b608 (0x01bff763)
core   0: 0x8000b60c (0x00009d7a) c.add   s10, t5
core   0: 3 0x8000b60c (0x9d7a) x26 0x84f36804
core   0: 0x8000b60e (0x00008df1) c.and   a1, a2
core   0: 3 0x8000b60e (0x8df1) x11 0x00000000
core   0: 0x8000b610 (0xd4248693) addi    a3, s1, -702
core   0: 3 0x8000b610 (0xd4248693) x13 0xfffffe42
core   0: 0x8000b614 (0x00008e85) c.sub   a3, s1
core   0: 3 0x8000b614 (0x8e85) x13 0xfffffd42
core   0: 0x8000b616 (0x00008b75) c.andi  a4, 29
core   0: 3 0x8000b616 (0x8b75) x14 0x00000010
core   0: 0x8000b618 (0x0000c29d) c.beqz  a3, pc + 38
core   0: 3 0x8000b618 (0xc29d)
core   0: 0x8000b61a (0x0000cd8d) c.beqz  a1, pc + 58
core   0: 3 0x8000b61a (0xcd8d)
core   0: 0x8000b654 (0x004a4733) xor     a4, s4, tp
core   0: 3 0x8000b654 (0x004a4733) x14 0x1059c889
core   0: 0x8000b658 (0x0028f563) bgeu    a7, sp, pc + 10
core   0: 3 0x8000b658 (0x0028f563)
core   0: 0x8000b662 (0x00008dfd) c.and   a1, a5
core   0: 3 0x8000b662 (0x8dfd) x11 0x00000000
core   0: 0x8000b664 (0x0310dd63) bge     ra, a7, pc + 58
core   0: 3 0x8000b664 (0x0310dd63)
core   0: 0x8000b668 (0x00ccdc33) srl     s8, s9, a2
core   0: 3 0x8000b668 (0x00ccdc33) x24 0x000005e3
core   0: 0x8000b66c (0x004c5c93) srli    s9, s8, 4
core   0: 3 0x8000b66c (0x004c5c93) x25 0x0000005e
core   0: 0x8000b670 (0x03a77f63) bgeu    a4, s10, pc + 62
core   0: 3 0x8000b670 (0x03a77f63)
core   0: 0x8000b674 (0x0230e963) bltu    ra, gp, pc + 50
core   0: 3 0x8000b674 (0x0230e963)
core   0: 0x8000b6a6 (0x019c3133) sltu    sp, s8, s9
core   0: 3 0x8000b6a6 (0x019c3133) x 2 0x00000000
core   0: 0x8000b6aa (0x031af9b3) remu    s3, s5, a7
core   0: 3 0x8000b6aa (0x031af9b3) x19 0x085b5f20
core   0: 0x8000b6ae (0x000052fd) c.li    t0, -1
core   0: 3 0x8000b6ae (0x52fd) x 5 0xffffffff
core   0: 0x8000b6b0 (0x0000cc0d) c.beqz  s0, pc + 58
core   0: 3 0x8000b6b0 (0xcc0d)
core   0: 0x8000b6ea (0x004da7b3) slt     a5, s11, tp
core   0: 3 0x8000b6ea (0x004da7b3) x15 0x00000001
core   0: 0x8000b6ee (0x00008335) c.srli  a4, 13
core   0: 3 0x8000b6ee (0x8335) x14 0x000082ce
core   0: 0x8000b6f0 (0x00435a13) srli    s4, t1, 4
core   0: 3 0x8000b6f0 (0x00435a13) x20 0x00000000
core   0: 0x8000b6f4 (0x7a8bb793) sltiu   a5, s7, 1960
core   0: 3 0x8000b6f4 (0x7a8bb793) x15 0x00000001
core   0: 0x8000b6f8 (0x000084bd) c.srai  s1, 15
core   0: 3 0x8000b6f8 (0x84bd) x 9 0x00000000
core   0: 0x8000b6fa (0x00000001) c.nop
core   0: 3 0x8000b6fa (0x0001)
core   0: 0x8000b6fc (0x00008c3e) c.mv    s8, a5
core   0: 3 0x8000b6fc (0x8c3e) x24 0x00000001
core   0: 0x8000b6fe (0x00000001) c.nop
core   0: 3 0x8000b6fe (0x0001)
core   0: 0x8000b700 (0x00006105) c.addi16sp sp, 32
core   0: 3 0x8000b700 (0x6105) x 2 0x00000020
core   0: 0x8000b702 (0x0000019d) c.addi  gp, 7
core   0: 3 0x8000b702 (0x019d) x 3 0xff600007
core   0: 0x8000b704 (0x01d57033) and     zero, a0, t4
core   0: 3 0x8000b704 (0x01d57033)
core   0: 0x8000b708 (0x000087fd) c.srai  a5, 31
core   0: 3 0x8000b708 (0x87fd) x15 0x00000000
core   0: 0x8000b70a (0x0000cfb5) c.beqz  a5, pc + 124
core   0: 3 0x8000b70a (0xcfb5)
core   0: 0x8000b786 (0x0460f463) bgeu    ra, t1, pc + 72
core   0: 3 0x8000b786 (0x0460f463)
core   0: 0x8000b7ce (0xc205c493) xori    s1, a1, -992
core   0: 3 0x8000b7ce (0xc205c493) x 9 0xfffffc20
core   0: 0x8000b7d2 (0x651f1437) lui     s0, 0x651f1
core   0: 3 0x8000b7d2 (0x651f1437) x 8 0x651f1000
core   0: 0x8000b7d6 (0x00000001) c.nop
core   0: 3 0x8000b7d6 (0x0001)
core   0: 0x8000b7d8 (0x01e780b3) add     ra, a5, t5
core   0: 3 0x8000b7d8 (0x01e780b3) x 1 0x00000000
core   0: 0x8000b7dc (0x0000100f) fence.i
core   0: 3 0x8000b7dc (0x0000100f)
core   0: 0x8000b7e0 (0x023bcd33) div     s10, s7, gp
core   0: 3 0x8000b7e0 (0x023bcd33) x26 0x00000000
core   0: 0x8000b7e4 (0x00000001) c.nop
core   0: 3 0x8000b7e4 (0x0001)
core   0: 0x8000b7e6 (0x024700b3) mul     ra, a4, tp
core   0: 3 0x8000b7e6 (0x024700b3) x 1 0x4b3a9926
core   0: 0x8000b7ea (0x00008379) c.srli  a4, 30
core   0: 3 0x8000b7ea (0x8379) x14 0x00000000
core   0: 0x8000b7ec (0x0000100f) fence.i
core   0: 3 0x8000b7ec (0x0000100f)
core   0: 0x8000b7f0 (0x025a0463) beq     s4, t0, pc + 40
core   0: 3 0x8000b7f0 (0x025a0463)
core   0: 0x8000b7f4 (0x0303a833) mulhsu  a6, t2, a6
core   0: 3 0x8000b7f4 (0x0303a833) x16 0x00000000
core   0: 0x8000b7f8 (0x02281063) bne     a6, sp, pc + 32
core   0: 3 0x8000b7f8 (0x02281063)
core   0: 0x8000b818 (0x038dd7b3) divu    a5, s11, s8
core   0: 3 0x8000b818 (0x038dd7b3) x15 0x80025ce4
core   0: 0x8000b81c (0x01bee9b3) or      s3, t4, s11
core   0: 3 0x8000b81c (0x01bee9b3) x19 0x80025ce4
core   0: 0x8000b820 (0x00006b9d) c.lui   s7, 0x7
core   0: 3 0x8000b820 (0x6b9d) x23 0x00007000
core   0: 0x8000b822 (0xc4eba493) slti    s1, s7, -946
core   0: 3 0x8000b822 (0xc4eba493) x 9 0x00000000
core   0: 0x8000b826 (0x0000839e) c.mv    t2, t2
core   0: 3 0x8000b826 (0x839e) x 7 0x00000001
core   0: 0x8000b828 (0x016f38b3) sltu    a7, t5, s6
core   0: 3 0x8000b828 (0x016f38b3) x17 0x00000001
core   0: 0x8000b82c (0x00452083) lw      ra, 4(a0)
core   0: 3 0x8000b82c (0x00452083) x 1 0x8000047c mem 0x80021e30
core   0: 0x8000b830 (0x03850513) addi    a0, a0, 56
core   0: 3 0x8000b830 (0x03850513) x10 0x80021e64
core   0: 0x8000b834 (0x007345b3) xor     a1, t1, t2
core   0: 3 0x8000b834 (0x007345b3) x11 0x00000001
core   0: 0x8000b838 (0x000084f9) c.srai  s1, 30
core   0: 3 0x8000b838 (0x84f9) x 9 0x00000000
core   0: 0x8000b83a (0x03e6bcb3) mulhu   s9, a3, t5
core   0: 3 0x8000b83a (0x03e6bcb3) x25 0x00000000
core   0: 0x8000b83e (0x0337a133) mulhsu  sp, a5, s3
core   0: 3 0x8000b83e (0x0337a133) x 2 0xc0000005
core   0: 0x8000b842 (0x00e075b3) and     a1, zero, a4
core   0: 3 0x8000b842 (0x00e075b3) x11 0x00000000
core   0: 0x8000b846 (0x00108793) addi    a5, ra, 1
core   0: 3 0x8000b846 (0x00108793) x15 0x8000047d
core   0: 0x8000b84a (0x00008782) c.jr    a5
core   0: 3 0x8000b84a (0x8782)
core   0: 0x8000047c (0xcb406713) ori     a4, zero, -844
core   0: 3 0x8000047c (0xcb406713) x14 0xfffffcb4
core   0: 0x80000480 (0x00ef9633) sll     a2, t6, a4
core   0: 3 0x80000480 (0x00ef9633) x12 0xc2400000
core   0: 0x80000484 (0x0c3c2a37) lui     s4, 0xc3c2
core   0: 3 0x80000484 (0x0c3c2a37) x20 0x0c3c2000
core   0: 0x80000488 (0x000099fd) c.andi  a1, -1
core   0: 3 0x80000488 (0x99fd) x11 0x00000000
core   0: 0x8000048a (0x00980b33) add     s6, a6, s1
core   0: 3 0x8000048a (0x00980b33) x22 0x00000000
core   0: 0x8000048e (0x00008c81) c.sub   s1, s0
core   0: 3 0x8000048e (0x8c81) x 9 0x9ae0f000
core   0: 0x80000490 (0x0000117d) c.addi  sp, -1
core   0: 3 0x80000490 (0x117d) x 2 0xc0000004
core   0: 0x80000492 (0x02178f33) mul     t5, a5, ra
core   0: 3 0x80000492 (0x02178f33) x30 0x8014208c
core   0: 0x80000496 (0x00b0c6b3) xor     a3, ra, a1
core   0: 3 0x80000496 (0x00b0c6b3) x13 0x8000047c
core   0: 0x8000049a (0x0367ba33) mulhu   s4, a5, s6
core   0: 3 0x8000049a (0x0367ba33) x20 0x00000000
core   0: 0x8000049e (0x000081c9) c.srli  a1, 18
core   0: 3 0x8000049e (0x81c9) x11 0x00000000
core   0: 0x800004a0 (0x00008ef1) c.and   a3, a2
core   0: 3 0x800004a0 (0x8ef1) x13 0x80000000
core   0: 0x800004a2 (0x00000001) c.nop
core   0: 3 0x800004a2 (0x0001)
core   0: 0x800004a4 (0x01b87b33) and     s6, a6, s11
core   0: 3 0x800004a4 (0x01b87b33) x22 0x00000000
core   0: 0x800004a8 (0x0061bcb3) sltu    s9, gp, t1
core   0: 3 0x800004a8 (0x0061bcb3) x25 0x00000000
core   0: 0x800004ac (0x0368d4b3) divu    s1, a7, s6
core   0: 3 0x800004ac (0x0368d4b3) x 9 0xffffffff
core   0: 0x800004b0 (0x2219e393) ori     t2, s3, 545
core   0: 3 0x800004b0 (0x2219e393) x 7 0x80025ee5
core   0: 0x800004b4 (0x0000804d) c.srli  s0, 19
core   0: 3 0x800004b4 (0x804d) x 8 0x00000ca3
core   0: 0x800004b6 (0x0000100f) fence.i
core   0: 3 0x800004b6 (0x0000100f)
core   0: 0x800004ba (0x07f1c963) blt     gp, t6, pc + 114
core   0: 3 0x800004ba (0x07f1c963)
core   0: 0x8000052c (0x03459633) mulh    a2, a1, s4
core   0: 3 0x8000052c (0x03459633) x12 0x00000000
core   0: 0x80000530 (0x0333f3b3) remu    t2, t2, s3
core   0: 3 0x80000530 (0x0333f3b3) x 7 0x00000201
core   0: 0x80000534 (0x0000c40d) c.beqz  s0, pc + 42
core   0: 3 0x80000534 (0xc40d)
core   0: 0x80000536 (0x41b0d913) srai    s2, ra, 27
core   0: 3 0x80000536 (0x41b0d913) x18 0xfffffff0
core   0: 0x8000053a (0x0000647d) c.lui   s0, 0x1f
core   0: 3 0x8000053a (0x647d) x 8 0x0001f000
core   0: 0x8000053c (0x013eae33) slt     t3, t4, s3
core   0: 3 0x8000053c (0x013eae33) x28 0x00000000
core   0: 0x80000540 (0x556fe593) ori     a1, t6, 1366
core   0: 3 0x80000540 (0x556fe593) x11 0x0004ed76
core   0: 0x80000544 (0x00000ec1) c.addi  t4, 16
core   0: 3 0x80000544 (0x0ec1) x29 0x00000010
core   0: 0x80000546 (0x014fe833) or      a6, t6, s4
core   0: 3 0x80000546 (0x014fe833) x16 0x0004ec24
core   0: 0x8000054a (0x02c3abb3) mulhsu  s7, t2, a2
core   0: 3 0x8000054a (0x02c3abb3) x23 0x00000000
core   0: 0x8000054e (0x00f831b3) sltu    gp, a6, a5
core   0: 3 0x8000054e (0x00f831b3) x 3 0x00000001
core   0: 0x80000552 (0x00008ced) c.and   s1, a1
core   0: 3 0x80000552 (0x8ced) x 9 0x0004ed76
core   0: 0x80000554 (0x4123d313) srai    t1, t2, 18
core   0: 3 0x80000554 (0x4123d313) x 6 0x00000000
core   0: 0x80000558 (0x0000717d) c.addi16sp sp, -16
core   0: 3 0x80000558 (0x717d) x 2 0xbffffff4
core   0: 0x8000055a (0x02748fb3) mul     t6, s1, t2
core   0: 3 0x8000055a (0x02748fb3) x31 0x09dfd976
core   0: 0x8000055e (0x01e22233) slt     tp, tp, t5
core   0: 3 0x8000055e (0x01e22233) x 4 0x00000000
core   0: 0x80000562 (0x02124c63) blt     tp, ra, pc + 56
core   0: 3 0x80000562 (0x02124c63)
core   0: 0x80000566 (0x6a5ad237) lui     tp, 0x6a5ad
core   0: 3 0x80000566 (0x6a5ad237) x 4 0x6a5ad000
core   0: 0x8000056a (0x0000cd81) c.beqz  a1, pc + 24
core   0: 3 0x8000056a (0xcd81)
core   0: 0x8000056c (0x00008595) c.srai  a1, 5
core   0: 3 0x8000056c (0x8595) x11 0x0000276b
core   0: 0x8000056e (0x01aa9a33) sll     s4, s5, s10
core   0: 3 0x8000056e (0x01aa9a33) x20 0x085b5f20
core   0: 0x80000572 (0x2d2eb013) sltiu   zero, t4, 722
core   0: 3 0x80000572 (0x2d2eb013)
core   0: 0x80000576 (0xeb14f313) andi    t1, s1, -335
core   0: 3 0x80000576 (0xeb14f313) x 6 0x0004ec30
core   0: 0x8000057a (0xea582293) slti    t0, a6, -347
core   0: 3 0x8000057a (0xea582293) x 5 0x00000000
core   0: 0x8000057e (0x419c5093) srai    ra, s8, 25
core   0: 3 0x8000057e (0x419c5093) x 1 0x00000000
core   0: 0x80000582 (0x0ff0000f) fence   iorw,iorw
core   0: 3 0x80000582 (0x0ff0000f)
core   0: 0x80000586 (0x00000900) c.addi4spn s0, sp, 144
core   0: 3 0x80000586 (0x0900) x 8 0xc0000084
core   0: 0x80000588 (0x002a1c33) sll     s8, s4, sp
core   0: 3 0x80000588 (0x002a1c33) x24 0xf2000000
core   0: 0x8000058c (0x02150333) mul     t1, a0, ra
core   0: 3 0x8000058c (0x02150333) x 6 0x00000000
core   0: 0x80000590 (0x000048f9) c.li    a7, 30
core   0: 3 0x80000590 (0x48f9) x17 0x0000001e
core   0: 0x80000592 (0xfe0019b7) lui     s3, 0xfe001
core   0: 3 0x80000592 (0xfe0019b7) x19 0xfe001000
core   0: 0x80000596 (0x0ff0000f) fence   iorw,iorw
core   0: 3 0x80000596 (0x0ff0000f)
core   0: 0x8000059a (0x03c678b3) remu    a7, a2, t3
core   0: 3 0x8000059a (0x03c678b3) x17 0x00000000
core   0: 0x8000059e (0x03f00063) beq     zero, t6, pc + 32
core   0: 3 0x8000059e (0x03f00063)
core   0: 0x800005a2 (0x00008dc1) c.or    a1, s0
core   0: 3 0x800005a2 (0x8dc1) x11 0xc00027ef
core   0: 0x800005a4 (0x004ceb63) bltu    s9, tp, pc + 22
core   0: 3 0x800005a4 (0x004ceb63)
core   0: 0x800005ba (0x00008e5d) c.or    a2, a5
core   0: 3 0x800005ba (0x8e5d) x12 0x8000047d
core   0: 0x800005bc (0x00000001) c.nop
core   0: 3 0x800005bc (0x0001)
core   0: 0x800005be (0x024ed0b3) divu    ra, t4, tp
core   0: 3 0x800005be (0x024ed0b3) x 1 0x00000000
core   0: 0x800005c2 (0x0000014a) c.slli  sp, 18
core   0: 3 0x800005c2 (0x014a) x 2 0xffd00000
core   0: 0x800005c4 (0x0327c763) blt     a5, s2, pc + 46
core   0: 3 0x800005c4 (0x0327c763)
core   0: 0x800005f2 (0x00008715) c.srai  a4, 5
core   0: 3 0x800005f2 (0x8715) x14 0xffffffe5
core   0: 0x800005f4 (0x0000119c) c.addi4spn a5, sp, 224
core   0: 3 0x800005f4 (0x119c) x15 0xffd000e0
core   0: 0x800005f6 (0x0000100f) fence.i
core   0: 3 0x800005f6 (0x0000100f)
core   0: 0x800005fa (0x92e73f13) sltiu   t5, a4, -1746
core   0: 3 0x800005fa (0x92e73f13) x30 0x00000000
core   0: 0x800005fe (0x020cf4b3) remu    s1, s9, zero
core   0: 3 0x800005fe (0x020cf4b3) x 9 0x00000000
core   0: 0x80000602 (0x00000001) c.nop
core   0: 3 0x80000602 (0x0001)
core   0: 0x80000604 (0x00ab2b33) slt     s6, s6, a0
core   0: 3 0x80000604 (0x00ab2b33) x22 0x00000000
core   0: 0x80000608 (0x000051fd) c.li    gp, -1
core   0: 3 0x80000608 (0x51fd) x 3 0xffffffff
core   0: 0x8000060a (0x000085f9) c.srai  a1, 30
core   0: 3 0x8000060a (0x85f9) x11 0xffffffff
core   0: 0x8000060c (0x000054fd) c.li    s1, -1
core   0: 3 0x8000060c (0x54fd) x 9 0xffffffff
core   0: 0x8000060e (0x00fbea63) bltu    s7, a5, pc + 20
core   0: 3 0x8000060e (0x00fbea63)
core   0: 0x80000622 (0x00249f33) sll     t5, s1, sp
core   0: 3 0x80000622 (0x00249f33) x30 0xffffffff
core   0: 0x80000626 (0x00008d95) c.sub   a1, a3
core   0: 3 0x80000626 (0x8d95) x11 0x7fffffff
core   0: 0x80000628 (0x015ad333) srl     t1, s5, s5
core   0: 3 0x80000628 (0x015ad333) x 6 0x085b5f20
core   0: 0x8000062c (0x03f251b3) divu    gp, tp, t6
core   0: 3 0x8000062c (0x03f251b3) x 3 0x0000000a
core   0: 0x80000630 (0x03c430b3) mulhu   ra, s0, t3
core   0: 3 0x80000630 (0x03c430b3) x 1 0x00000000
core   0: 0x80000634 (0x00008ec9) c.or    a3, a0
core   0: 3 0x80000634 (0x8ec9) x13 0x80021e64
core   0: 0x80000636 (0x01394cb3) xor     s9, s2, s3
core   0: 3 0x80000636 (0x01394cb3) x25 0x01ffeff0
core   0: 0x8000063a (0x02b996b3) mulh    a3, s3, a1
core   0: 3 0x8000063a (0x02b996b3) x13 0xff000800
core   0: 0x8000063e (0x004b1493) slli    s1, s6, 4
core   0: 3 0x8000063e (0x004b1493) x 9 0x00000000
core   0: 0x80000642 (0x018ad393) srli    t2, s5, 24
core   0: 3 0x80000642 (0x018ad393) x 7 0x00000008
core   0: 0x80000646 (0x40430c33) sub     s8, t1, tp
core   0: 3 0x80000646 (0x40430c33) x24 0x9e008f20
core   0: 0x8000064a (0x021fdcb3) divu    s9, t6, ra
core   0: 3 0x8000064a (0x021fdcb3) x25 0xffffffff
core   0: 0x8000064e (0x017da9b3) slt     s3, s11, s7
core   0: 3 0x8000064e (0x017da9b3) x19 0x00000001
core   0: 0x80000652 (0x0092feb3) and     t4, t0, s1
core   0: 3 0x80000652 (0x0092feb3) x29 0x00000000
core   0: 0x80000656 (0x02116463) bltu    sp, ra, pc + 40
core   0: 3 0x80000656 (0x02116463)
core   0: 0x8000065a (0x00008e69) c.and   a2, a0
core   0: 3 0x8000065a (0x8e69) x12 0x80000464
core   0: 0x8000065c (0x844aac13) slti    s8, s5, -1980
core   0: 3 0x8000065c (0x844aac13) x24 0x00000000
core   0: 0x80000660 (0x02f04e33) div     t3, zero, a5
core   0: 3 0x80000660 (0x02f04e33) x28 0x00000000
core   0: 0x80000664 (0x0172b637) lui     a2, 0x172b
core   0: 3 0x80000664 (0x0172b637) x12 0x0172b000
core   0: 0x80000668 (0x83ea7f13) andi    t5, s4, -1986
core   0: 3 0x80000668 (0x83ea7f13) x30 0x085b5820
core   0: 0x8000066c (0x7e232b17) auipc   s6, 0x7e232
core   0: 3 0x8000066c (0x7e232b17) x22 0xfe23266c
core   0: 0x80000670 (0xa12bae93) slti    t4, s7, -1518
core   0: 3 0x80000670 (0xa12bae93) x29 0x00000000
core   0: 0x80000674 (0x021a3eb3) mulhu   t4, s4, ra
core   0: 3 0x80000674 (0x021a3eb3) x29 0x00000000
core   0: 0x80000678 (0x000089c5) c.andi  a1, 17
core   0: 3 0x80000678 (0x89c5) x11 0x00000011
core   0: 0x8000067a (0x000080d9) c.srli  s1, 22
core   0: 3 0x8000067a (0x80d9) x 9 0x00000000
core   0: 0x8000067c (0x00000001) c.nop
core   0: 3 0x8000067c (0x0001)
core   0: 0x8000067e (0x01dcccb3) xor     s9, s9, t4
core   0: 3 0x8000067e (0x01dcccb3) x25 0xffffffff
core   0: 0x80000682 (0x00cc8333) add     t1, s9, a2
core   0: 3 0x80000682 (0x00cc8333) x 6 0x0172afff
core   0: 0x80000686 (0x037c6e63) bltu    s8, s7, pc + 60
core   0: 3 0x80000686 (0x037c6e63)
core   0: 0x8000068a (0x02ebc0b3) div     ra, s7, a4
core   0: 3 0x8000068a (0x02ebc0b3) x 1 0x00000000
core   0: 0x8000068e (0xb6250997) auipc   s3, 0xb6250
core   0: 3 0x8000068e (0xb6250997) x19 0x3625068e
core   0: 0x80000692 (0x03ded4b3) divu    s1, t4, t4
core   0: 3 0x80000692 (0x03ded4b3) x 9 0xffffffff
core   0: 0x80000696 (0x0ff0000f) fence   iorw,iorw
core   0: 3 0x80000696 (0x0ff0000f)
core   0: 0x8000069a (0x00008fc9) c.or    a5, a0
core   0: 3 0x8000069a (0x8fc9) x15 0xffd21ee4
core   0: 0x8000069c (0x00901733) sll     a4, zero, s1
core   0: 3 0x8000069c (0x00901733) x14 0x00000000
core   0: 0x800006a0 (0x00006409) c.lui   s0, 0x2
core   0: 3 0x800006a0 (0x6409) x 8 0x00002000
core   0: 0x800006a2 (0xc25ece93) xori    t4, t4, -987
core   0: 3 0x800006a2 (0xc25ece93) x29 0xfffffc25
core   0: 0x800006a6 (0x00009bfd) c.andi  a5, -1
core   0: 3 0x800006a6 (0x9bfd) x15 0xffd21ee4
core   0: 0x800006a8 (0x00000001) c.nop
core   0: 3 0x800006a8 (0x0001)
core   0: 0x800006aa (0x0ff0000f) fence   iorw,iorw
core   0: 3 0x800006aa (0x0ff0000f)
core   0: 0x800006ae (0x03c5f433) remu    s0, a1, t3
core   0: 3 0x800006ae (0x03c5f433) x 8 0x00000011
core   0: 0x800006b2 (0x000093da) c.add   t2, s6
core   0: 3 0x800006b2 (0x93da) x 7 0xfe232674
core   0: 0x800006b4 (0x01bd98b3) sll     a7, s11, s11
core   0: 3 0x800006b4 (0x01bd98b3) x17 0x0025ce40
core   0: 0x800006b8 (0x029b1033) mulh    zero, s6, s1
core   0: 3 0x800006b8 (0x029b1033)
core   0: 0x800006bc (0x00bbe5b3) or      a1, s7, a1
core   0: 3 0x800006bc (0x00bbe5b3) x11 0x00000011
core   0: 0x800006c0 (0x0000914a) c.add   sp, s2
core   0: 3 0x800006c0 (0x914a) x 2 0xffcffff0
core   0: 0x800006c2 (0x161d2193) slti    gp, s10, 353
core   0: 3 0x800006c2 (0x161d2193) x 3 0x00000001
core   0: 0x800006c6 (0x00e24433) xor     s0, tp, a4
core   0: 3 0x800006c6 (0x00e24433) x 8 0x6a5ad000
core   0: 0x800006ca (0x00002e97) auipc   t4, 0x2
core   0: 3 0x800006ca (0x00002e97) x29 0x800026ca
core   0: 0x800006ce (0xfc6e8e93) addi    t4, t4, -58
core   0: 3 0x800006ce (0xfc6e8e93) x29 0x80002690
core   0: 0x800006d2 (0x00008c7d) c.and   s0, a5
core   0: 3 0x800006d2 (0x8c7d) x 8 0x6a521000
core   0: 0x800006d4 (0x239e8e93) addi    t4, t4, 569
core   0: 3 0x800006d4 (0x239e8e93) x29 0x800028c9
core   0: 0x800006d8 (0x000084b9) c.srai  s1, 14
core   0: 3 0x800006d8 (0x84b9) x 9 0xffffffff
core   0: 0x800006da (0x41c78fb3) sub     t6, a5, t3
core   0: 3 0x800006da (0x41c78fb3) x31 0xffd21ee4
core   0: 0x800006de (0x4ce06593) ori     a1, zero, 1230
core   0: 3 0x800006de (0x4ce06593) x11 0x000004ce
core   0: 0x800006e2 (0x00629093) slli    ra, t0, 6
core   0: 3 0x800006e2 (0x00629093) x 1 0x00000000
core   0: 0x800006e6 (0x01481693) slli    a3, a6, 20
core   0: 3 0x800006e6 (0x01481693) x13 0xc2400000
core   0: 0x800006ea (0x03d862b3) rem     t0, a6, t4
core   0: 3 0x800006ea (0x03d862b3) x 5 0x0004ec24
core   0: 0x800006ee (0x01a49813) slli    a6, s1, 26
core   0: 3 0x800006ee (0x01a49813) x16 0xfc000000
core   0: 0x800006f2 (0x00000d94) c.addi4spn a3, sp, 720
core   0: 3 0x800006f2 (0x0d94) x13 0xffd002c0
core   0: 0x800006f4 (0x01475d13) srli    s10, a4, 20
core   0: 3 0x800006f4 (0x01475d13) x26 0x00000000
core   0: 0x800006f8 (0xdc7e80e7) jalr    ra, t4, -569
core   0: 3 0x800006f8 (0xdc7e80e7) x 1 0x800006fc
core   0: 0x80002690 (0x03f94a33) div     s4, s2, t6
core   0: 3 0x80002690 (0x03f94a33) x20 0x00000000
core   0: 0x80002694 (0x0000100f) fence.i
core   0: 3 0x80002694 (0x0000100f)
core   0: 0x80002698 (0x0000634d) c.lui   t1, 0x13
core   0: 3 0x80002698 (0x634d) x 6 0x00013000
core   0: 0x8000269a (0x00009afd) c.andi  a3, -1
core   0: 3 0x8000269a (0x9afd) x13 0xffd002c0
core   0: 0x8000269c (0x0f7a0d13) addi    s10, s4, 247
core   0: 3 0x8000269c (0x0f7a0d13) x26 0x000000f7
core   0: 0x800026a0 (0xfcc50513) addi    a0, a0, -52
core   0: 3 0x800026a0 (0xfcc50513) x10 0x80021e30
core   0: 0x800026a4 (0x030879b3) remu    s3, a6, a6
core   0: 3 0x800026a4 (0x030879b3) x19 0x00000000
core   0: 0x800026a8 (0x004ae333) or      t1, s5, tp
core   0: 3 0x800026a8 (0x004ae333) x 6 0x6a5bdf20
core   0: 0x800026ac (0x00000d3e) c.slli  s10, 15
core   0: 3 0x800026ac (0x0d3e) x26 0x007b8000
core   0: 0x800026ae (0x00152223) sw      ra, 4(a0)
core   0: 3 0x800026ae (0x00152223) mem 0x80021e34 0x800006fc
core   0: 0x800026b2 (0x00000f51) c.addi  t5, 20
core   0: 3 0x800026b2 (0x0f51) x30 0x085b5834
core   0: 0x800026b4 (0x00008f75) c.and   a4, a3
core   0: 3 0x800026b4 (0x8f75) x14 0x00000000
core   0: 0x800026b6 (0x00600093) li      ra, 6
core   0: 3 0x800026b6 (0x00600093) x 1 0x00000006
core   0: 0x800026ba (0x00500913) li      s2, 5
core   0: 3 0x800026ba (0x00500913) x18 0x00000005
core   0: 0x800026be (0x023e5633) divu    a2, t3, gp
core   0: 3 0x800026be (0x023e5633) x12 0x00000000
core   0: 0x800026c2 (0x000010f9) c.addi  ra, -2
core   0: 3 0x800026c2 (0x10f9) x 1 0x00000004
core   0: 0x800026c4 (0x02867c33) remu    s8, a2, s0
core   0: 3 0x800026c4 (0x02867c33) x24 0x00000000
core   0: 0x800026c8 (0x00700f93) li      t6, 7
core   0: 3 0x800026c8 (0x00700f93) x31 0x00000007
core   0: 0x800026cc (0x00e00793) li      a5, 14
core   0: 3 0x800026cc (0x00e00793) x15 0x0000000e
core   0: 0x800026d0 (0x13876813) ori     a6, a4, 312
core   0: 3 0x800026d0 (0x13876813) x16 0x00000138
core   0: 0x800026d4 (0x03fb9f33) mulh    t5, s7, t6
core   0: 3 0x800026d4 (0x03fb9f33) x30 0x00000000
core   0: 0x800026d8 (0x034d3b33) mulhu   s6, s10, s4
core   0: 3 0x800026d8 (0x034d3b33) x22 0x00000000
core   0: 0x800026dc (0x00000f9d) c.addi  t6, 7
core   0: 3 0x800026dc (0x0f9d) x31 0x0000000e
core   0: 0x800026de (0xfeff8be3) beq     t6, a5, pc - 10
core   0: 3 0x800026de (0xfeff8be3)
core   0: 0x800026d4 (0x03fb9f33) mulh    t5, s7, t6
core   0: 3 0x800026d4 (0x03fb9f33) x30 0x00000000
core   0: 0x800026d8 (0x034d3b33) mulhu   s6, s10, s4
core   0: 3 0x800026d8 (0x034d3b33) x22 0x00000000
core   0: 0x800026dc (0x00000f9d) c.addi  t6, 7
core   0: 3 0x800026dc (0x0f9d) x31 0x00000015
core   0: 0x800026de (0xfeff8be3) beq     t6, a5, pc - 10
core   0: 3 0x800026de (0xfeff8be3)
core   0: 0x800026e2 (0xfd20fee3) bgeu    ra, s2, pc - 36
core   0: 3 0x800026e2 (0xfd20fee3)
core   0: 0x800026e6 (0x00008f0a) c.mv    t5, sp
core   0: 3 0x800026e6 (0x8f0a) x30 0xffcffff0
core   0: 0x800026e8 (0x00a00893) li      a7, 10
core   0: 3 0x800026e8 (0x00a00893) x17 0x0000000a
core   0: 0x800026ec (0x2c56b113) sltiu   sp, a3, 709
core   0: 3 0x800026ec (0x2c56b113) x 2 0x00000000
core   0: 0x800026f0 (0x00000f8c) c.addi4spn a1, sp, 976
core   0: 3 0x800026f0 (0x0f8c) x11 0x000003d0
core   0: 0x800026f2 (0x00b00293) li      t0, 11
core   0: 3 0x800026f2 (0x00b00293) x 5 0x0000000b
core   0: 0x800026f6 (0x02ecad33) mulhsu  s10, s9, a4
core   0: 3 0x800026f6 (0x02ecad33) x26 0x00000000
core   0: 0x800026fa (0xef4ed117) auipc   sp, 0xef4ed
core   0: 3 0x800026fa (0xef4ed117) x 2 0x6f4ef6fa
core   0: 0x800026fe (0x01b061b3) or      gp, zero, s11
core   0: 3 0x800026fe (0x01b061b3) x 3 0x80025ce4
core   0: 0x80002702 (0x023c26b3) mulhsu  a3, s8, gp
core   0: 3 0x80002702 (0x023c26b3) x13 0x00000000
core   0: 0x80002706 (0x00008a0a) c.mv    s4, sp
core   0: 3 0x80002706 (0x8a0a) x20 0x6f4ef6fa
core   0: 0x80002708 (0x019a2933) slt     s2, s4, s9
core   0: 3 0x80002708 (0x019a2933) x18 0x00000000
core   0: 0x8000270c (0x000008a9) c.addi  a7, 10
core   0: 3 0x8000270c (0x08a9) x17 0x00000014
core   0: 0x8000270e (0x030be433) rem     s0, s7, a6
core   0: 3 0x8000270e (0x030be433) x 8 0x00000000
core   0: 0x80002712 (0xfe58cbe3) blt     a7, t0, pc - 10
core   0: 3 0x80002712 (0xfe58cbe3)
core   0: 0x80002716 (0x0ff0000f) fence   iorw,iorw
core   0: 3 0x80002716 (0x0ff0000f)
core   0: 0x8000271a (0x00800493) li      s1, 8
core   0: 3 0x8000271a (0x00800493) x 9 0x00000008
core   0: 0x8000271e (0x00800713) li      a4, 8
core   0: 3 0x8000271e (0x00800713) x14 0x00000008
core   0: 0x80002722 (0x00d071b3) and     gp, zero, a3
core   0: 3 0x80002722 (0x00d071b3) x 3 0x00000000
core   0: 0x80002726 (0x000014e5) c.addi  s1, -7
core   0: 3 0x80002726 (0x14e5) x 9 0x00000001
core   0: 0x80002728 (0xfee4fde3) bgeu    s1, a4, pc - 6
core   0: 3 0x80002728 (0xfee4fde3)
core   0: 0x8000272c (0x03441833) mulh    a6, s0, s4
core   0: 3 0x8000272c (0x03441833) x16 0x00000000
core   0: 0x80002730 (0xff600413) li      s0, -10
core   0: 3 0x80002730 (0xff600413) x 8 0xfffffff6
core   0: 0x80002734 (0x0000080d) c.addi  a6, 3
core   0: 3 0x80002734 (0x080d) x16 0x00000003
core   0: 0x80002736 (0x03d0c733) div     a4, ra, t4
core   0: 3 0x80002736 (0x03d0c733) x14 0x00000000
core   0: 0x8000273a (0x00000001) c.nop
core   0: 3 0x8000273a (0x0001)
core   0: 0x8000273c (0x02e87833) remu    a6, a6, a4
core   0: 3 0x8000273c (0x02e87833) x16 0x00000003
core   0: 0x80002740 (0x00008fde) c.mv    t6, s7
core   0: 3 0x80002740 (0x8fde) x31 0x00000000
core   0: 0x80002742 (0x00000405) c.addi  s0, 1
core   0: 3 0x80002742 (0x0405) x 8 0xfffffff7
core   0: 0x80002744 (0x01022633) slt     a2, tp, a6
core   0: 3 0x80002744 (0x01022633) x12 0x00000000
core   0: 0x80002748 (0x0000dc65) c.beqz  s0, pc - 8
core   0: 3 0x80002748 (0xdc65)
core   0: 0x8000274a (0xf88f8f37) lui     t5, 0xf88f8
core   0: 3 0x8000274a (0xf88f8f37) x30 0xf88f8000
core   0: 0x8000274e (0x00800593) li      a1, 8
core   0: 3 0x8000274e (0x00800593) x11 0x00000008
core   0: 0x80002752 (0x00008f4d) c.or    a4, a1
core   0: 3 0x80002752 (0x8f4d) x14 0x00000008
core   0: 0x80002754 (0x00200b13) li      s6, 2
core   0: 3 0x80002754 (0x00200b13) x22 0x00000002
core   0: 0x80002758 (0x0000832a) c.mv    t1, a0
core   0: 3 0x80002758 (0x832a) x 6 0x80021e30
core   0: 0x8000275a (0x506a6993) ori     s3, s4, 1286
core   0: 3 0x8000275a (0x506a6993) x19 0x6f4ef7fe
core   0: 0x8000275e (0x00008f9d) c.sub   a5, a5
core   0: 3 0x8000275e (0x8f9d) x15 0x00000000
core   0: 0x80002760 (0x000015dd) c.addi  a1, -9
core   0: 3 0x80002760 (0x15dd) x11 0xffffffff
core   0: 0x80002762 (0x00008f99) c.sub   a5, a4
core   0: 3 0x80002762 (0x8f99) x15 0xfffffff8
core   0: 0x80002764 (0x00900093) li      ra, 9
core   0: 3 0x80002764 (0x00900093) x 1 0x00000009
core   0: 0x80002768 (0x0000100f) fence.i
core   0: 3 0x80002768 (0x0000100f)
core   0: 0x8000276c (0x01200f93) li      t6, 18
core   0: 3 0x8000276c (0x01200f93) x31 0x00000012
core   0: 0x80002770 (0x570c0a13) addi    s4, s8, 1392
core   0: 3 0x80002770 (0x570c0a13) x20 0x00000570
core   0: 0x80002774 (0x981d0693) addi    a3, s10, -1663
core   0: 3 0x80002774 (0x981d0693) x13 0xfffff981
core   0: 0x80002778 (0x0ff0000f) fence   iorw,iorw
core   0: 3 0x80002778 (0x0ff0000f)
core   0: 0x8000277c (0x0000008d) c.addi  ra, 3
core   0: 3 0x8000277c (0x008d) x 1 0x0000000c
core   0: 0x8000277e (0x15066313) ori     t1, a2, 336
core   0: 3 0x8000277e (0x15066313) x 6 0x00000150
core   0: 0x80002782 (0xbaf66613) ori     a2, a2, -1105
core   0: 3 0x80002782 (0xbaf66613) x12 0xfffffbaf
core   0: 0x80002786 (0xfff087e3) beq     ra, t6, pc - 18
core   0: 3 0x80002786 (0xfff087e3)
core   0: 0x8000278a (0x0000717d) c.addi16sp sp, -16
core   0: 3 0x8000278a (0x717d) x 2 0x6f4ef6ea
core   0: 0x8000278c (0xfd65d9e3) bge     a1, s6, pc - 46
core   0: 3 0x8000278c (0xfd65d9e3)
core   0: 0x80002790 (0x03eb73b3) remu    t2, s6, t5
core   0: 3 0x80002790 (0x03eb73b3) x 7 0x00000002
core   0: 0x80002794 (0xff700613) li      a2, -9
core   0: 3 0x80002794 (0xff700613) x12 0xfffffff7
core   0: 0x80002798 (0x008a5d13) srli    s10, s4, 8
core   0: 3 0x80002798 (0x008a5d13) x26 0x00000005
core   0: 0x8000279c (0x00009f4e) c.add   t5, s3
core   0: 3 0x8000279c (0x9f4e) x30 0x67de77fe
core   0: 0x8000279e (0x00000001) c.nop
core   0: 3 0x8000279e (0x0001)
core   0: 0x800027a0 (0x00008fa9) c.xor   a5, a0
core   0: 3 0x800027a0 (0x8fa9) x15 0x7ffde1c8
core   0: 0x800027a2 (0x14eec493) xori    s1, t4, 334
core   0: 3 0x800027a2 (0x14eec493) x 9 0x80002987
core   0: 0x800027a6 (0xce094c17) auipc   s8, 0xce094
core   0: 3 0x800027a6 (0xce094c17) x24 0x4e0967a6
core   0: 0x800027aa (0x039959b3) divu    s3, s2, s9
core   0: 3 0x800027aa (0x039959b3) x19 0x00000000
core   0: 0x800027ae (0x0000060d) c.addi  a2, 3
core   0: 3 0x800027ae (0x060d) x12 0xfffffffa
core   0: 0x800027b0 (0x44de5b17) auipc   s6, 0x44de5
core   0: 3 0x800027b0 (0x44de5b17) x22 0xc4de77b0
core   0: 0x800027b4 (0xffc00693) li      a3, -4
core   0: 3 0x800027b4 (0xffc00693) x13 0xfffffffc
core   0: 0x800027b8 (0x00000001) c.nop
core   0: 3 0x800027b8 (0x0001)
core   0: 0x800027ba (0x0000899a) c.mv    s3, t1
core   0: 3 0x800027ba (0x899a) x19 0x00000150
core   0: 0x800027bc (0x00008736) c.mv    a4, a3
core   0: 3 0x800027bc (0x8736) x14 0xfffffffc
core   0: 0x800027be (0x3ca96413) ori     s0, s2, 970
core   0: 3 0x800027be (0x3ca96413) x 8 0x000003ca
core   0: 0x800027c2 (0x00006809) c.lui   a6, 0x2
core   0: 3 0x800027c2 (0x6809) x16 0x00002000
core   0: 0x800027c4 (0xffa00e93) li      t4, -6
core   0: 3 0x800027c4 (0xffa00e93) x29 0xfffffffa
core   0: 0x800027c8 (0x000085bd) c.srai  a1, 15
core   0: 3 0x800027c8 (0x85bd) x11 0xffffffff
core   0: 0x800027ca (0x008d3733) sltu    a4, s10, s0
core   0: 3 0x800027ca (0x008d3733) x14 0x00000001
core   0: 0x800027ce (0x000016d9) c.addi  a3, -10
core   0: 3 0x800027ce (0x16d9) x13 0xfffffff2
core   0: 0x800027d0 (0x011c6cb3) or      s9, s8, a7
core   0: 3 0x800027d0 (0x011c6cb3) x25 0x4e0967b6
core   0: 0x800027d4 (0xd3786e13) ori     t3, a6, -713
core   0: 3 0x800027d4 (0xd3786e13) x28 0xfffffd37
core   0: 0x800027d8 (0x0000837d) c.srli  a4, 31
core   0: 3 0x800027d8 (0x837d) x14 0x00000000
core   0: 0x800027da (0xffd6d8e3) bge     a3, t4, pc - 16
core   0: 3 0x800027da (0xffd6d8e3)
core   0: 0x800027de (0xf939c993) xori    s3, s3, -109
core   0: 3 0x800027de (0xf939c993) x19 0xfffffec3
core   0: 0x800027e2 (0x4119df93) srai    t6, s3, 17
core   0: 3 0x800027e2 (0x4119df93) x31 0xffffffff
core   0: 0x800027e6 (0x00000001) c.nop
core   0: 3 0x800027e6 (0x0001)
core   0: 0x800027e8 (0x02caf333) remu    t1, s5, a2
core   0: 3 0x800027e8 (0x02caf333) x 6 0x085b5f20
core   0: 0x800027ec (0x0000fe5d) c.bnez  a2, pc - 66
core   0: 3 0x800027ec (0xfe5d)
core   0: 0x800027aa (0x039959b3) divu    s3, s2, s9
core   0: 3 0x800027aa (0x039959b3) x19 0x00000000
core   0: 0x800027ae (0x0000060d) c.addi  a2, 3
core   0: 3 0x800027ae (0x060d) x12 0xfffffffd
core   0: 0x800027b0 (0x44de5b17) auipc   s6, 0x44de5
core   0: 3 0x800027b0 (0x44de5b17) x22 0xc4de77b0
core   0: 0x800027b4 (0xffc00693) li      a3, -4
core   0: 3 0x800027b4 (0xffc00693) x13 0xfffffffc
core   0: 0x800027b8 (0x00000001) c.nop
core   0: 3 0x800027b8 (0x0001)
core   0: 0x800027ba (0x0000899a) c.mv    s3, t1
core   0: 3 0x800027ba (0x899a) x19 0x085b5f20
core   0: 0x800027bc (0x00008736) c.mv    a4, a3
core   0: 3 0x800027bc (0x8736) x14 0xfffffffc
core   0: 0x800027be (0x3ca96413) ori     s0, s2, 970
core   0: 3 0x800027be (0x3ca96413) x 8 0x000003ca
core   0: 0x800027c2 (0x00006809) c.lui   a6, 0x2
core   0: 3 0x800027c2 (0x6809) x16 0x00002000
core   0: 0x800027c4 (0xffa00e93) li      t4, -6
core   0: 3 0x800027c4 (0xffa00e93) x29 0xfffffffa
core   0: 0x800027c8 (0x000085bd) c.srai  a1, 15
core   0: 3 0x800027c8 (0x85bd) x11 0xffffffff
core   0: 0x800027ca (0x008d3733) sltu    a4, s10, s0
core   0: 3 0x800027ca (0x008d3733) x14 0x00000001
core   0: 0x800027ce (0x000016d9) c.addi  a3, -10
core   0: 3 0x800027ce (0x16d9) x13 0xfffffff2
core   0: 0x800027d0 (0x011c6cb3) or      s9, s8, a7
core   0: 3 0x800027d0 (0x011c6cb3) x25 0x4e0967b6
core   0: 0x800027d4 (0xd3786e13) ori     t3, a6, -713
core   0: 3 0x800027d4 (0xd3786e13) x28 0xfffffd37
core   0: 0x800027d8 (0x0000837d) c.srli  a4, 31
core   0: 3 0x800027d8 (0x837d) x14 0x00000000
core   0: 0x800027da (0xffd6d8e3) bge     a3, t4, pc - 16
core   0: 3 0x800027da (0xffd6d8e3)
core   0: 0x800027de (0xf939c993) xori    s3, s3, -109
core   0: 3 0x800027de (0xf939c993) x19 0xf7a4a0b3
core   0: 0x800027e2 (0x4119df93) srai    t6, s3, 17
core   0: 3 0x800027e2 (0x4119df93) x31 0xfffffbd2
core   0: 0x800027e6 (0x00000001) c.nop
core   0: 3 0x800027e6 (0x0001)
core   0: 0x800027e8 (0x02caf333) remu    t1, s5, a2
core   0: 3 0x800027e8 (0x02caf333) x 6 0x085b5f20
core   0: 0x800027ec (0x0000fe5d) c.bnez  a2, pc - 66
core   0: 3 0x800027ec (0xfe5d)
core   0: 0x800027aa (0x039959b3) divu    s3, s2, s9
core   0: 3 0x800027aa (0x039959b3) x19 0x00000000
core   0: 0x800027ae (0x0000060d) c.addi  a2, 3
core   0: 3 0x800027ae (0x060d) x12 0x00000000
core   0: 0x800027b0 (0x44de5b17) auipc   s6, 0x44de5
core   0: 3 0x800027b0 (0x44de5b17) x22 0xc4de77b0
core   0: 0x800027b4 (0xffc00693) li      a3, -4
core   0: 3 0x800027b4 (0xffc00693) x13 0xfffffffc
core   0: 0x800027b8 (0x00000001) c.nop
core   0: 3 0x800027b8 (0x0001)
core   0: 0x800027ba (0x0000899a) c.mv    s3, t1
core   0: 3 0x800027ba (0x899a) x19 0x085b5f20
core   0: 0x800027bc (0x00008736) c.mv    a4, a3
core   0: 3 0x800027bc (0x8736) x14 0xfffffffc
core   0: 0x800027be (0x3ca96413) ori     s0, s2, 970
core   0: 3 0x800027be (0x3ca96413) x 8 0x000003ca
core   0: 0x800027c2 (0x00006809) c.lui   a6, 0x2
core   0: 3 0x800027c2 (0x6809) x16 0x00002000
core   0: 0x800027c4 (0xffa00e93) li      t4, -6
core   0: 3 0x800027c4 (0xffa00e93) x29 0xfffffffa
core   0: 0x800027c8 (0x000085bd) c.srai  a1, 15
core   0: 3 0x800027c8 (0x85bd) x11 0xffffffff
core   0: 0x800027ca (0x008d3733) sltu    a4, s10, s0
core   0: 3 0x800027ca (0x008d3733) x14 0x00000001
core   0: 0x800027ce (0x000016d9) c.addi  a3, -10
core   0: 3 0x800027ce (0x16d9) x13 0xfffffff2
core   0: 0x800027d0 (0x011c6cb3) or      s9, s8, a7
core   0: 3 0x800027d0 (0x011c6cb3) x25 0x4e0967b6
core   0: 0x800027d4 (0xd3786e13) ori     t3, a6, -713
core   0: 3 0x800027d4 (0xd3786e13) x28 0xfffffd37
core   0: 0x800027d8 (0x0000837d) c.srli  a4, 31
core   0: 3 0x800027d8 (0x837d) x14 0x00000000
core   0: 0x800027da (0xffd6d8e3) bge     a3, t4, pc - 16
core   0: 3 0x800027da (0xffd6d8e3)
core   0: 0x800027de (0xf939c993) xori    s3, s3, -109
core   0: 3 0x800027de (0xf939c993) x19 0xf7a4a0b3
core   0: 0x800027e2 (0x4119df93) srai    t6, s3, 17
core   0: 3 0x800027e2 (0x4119df93) x31 0xfffffbd2
core   0: 0x800027e6 (0x00000001) c.nop
core   0: 3 0x800027e6 (0x0001)
core   0: 0x800027e8 (0x02caf333) remu    t1, s5, a2
core   0: 3 0x800027e8 (0x02caf333) x 6 0x085b5f20
core   0: 0x800027ec (0x0000fe5d) c.bnez  a2, pc - 66
core   0: 3 0x800027ec (0xfe5d)
core   0: 0x800027ee (0x00008cc5) c.or    s1, s1
core   0: 3 0x800027ee (0x8cc5) x 9 0x80002987
core   0: 0x800027f0 (0x03087563) bgeu    a6, a6, pc + 42
core   0: 3 0x800027f0 (0x03087563)
core   0: 0x8000281a (0x004ff663) bgeu    t6, tp, pc + 12
core   0: 3 0x8000281a (0x004ff663)
core   0: 0x80002826 (0x0000045e) c.slli  s0, 23
core   0: 3 0x80002826 (0x045e) x 8 0xe5000000
core   0: 0x80002828 (0x00001910) c.addi4spn a2, sp, 176
core   0: 3 0x80002828 (0x1910) x12 0x6f4ef79a
core   0: 0x8000282a (0x0000177d) c.addi  a4, -1
core   0: 3 0x8000282a (0x177d) x14 0xffffffff
core   0: 0x8000282c (0x00009be6) c.add   s7, s9
core   0: 3 0x8000282c (0x9be6) x23 0x4e0967b6
core   0: 0x8000282e (0x819d6993) ori     s3, s10, -2023
core   0: 3 0x8000282e (0x819d6993) x19 0xfffff81d
core   0: 0x80002832 (0x416ad413) srai    s0, s5, 22
core   0: 3 0x80002832 (0x416ad413) x 8 0x00000021
core   0: 0x80002836 (0x05bff163) bgeu    t6, s11, pc + 66
core   0: 3 0x80002836 (0x05bff163)
core   0: 0x80002878 (0x0000e489) c.bnez  s1, pc + 10
core   0: 3 0x80002878 (0xe489)
core   0: 0x80002882 (0x4a5e2093) slti    ra, t3, 1189
core   0: 3 0x80002882 (0x4a5e2093) x 1 0x00000001
core   0: 0x80002886 (0x00009a7d) c.andi  a2, -1
core   0: 3 0x80002886 (0x9a7d) x12 0x6f4ef79a
core   0: 0x80002888 (0x02858bb3) mul     s7, a1, s0
core   0: 3 0x80002888 (0x02858bb3) x23 0xffffffdf
core   0: 0x8000288c (0x01eb70b3) and     ra, s6, t5
core   0: 3 0x8000288c (0x01eb70b3) x 1 0x44de77b0
core   0: 0x80002890 (0x40b0d213) srai    tp, ra, 11
core   0: 3 0x80002890 (0x40b0d213) x 4 0x00089bce
core   0: 0x80002894 (0x41ff5fb3) sra     t6, t5, t6
core   0: 3 0x80002894 (0x41ff5fb3) x31 0x000019f7
core   0: 0x80002898 (0xf5db4713) xori    a4, s6, -163
core   0: 3 0x80002898 (0xf5db4713) x14 0x3b2188ed
core   0: 0x8000289c (0xfab3be93) sltiu   t4, t2, -85
core   0: 3 0x8000289c (0xfab3be93) x29 0x00000001
core   0: 0x800028a0 (0xe4e3f913) andi    s2, t2, -434
core   0: 3 0x800028a0 (0xe4e3f913) x18 0x00000002
core   0: 0x800028a4 (0x00008095) c.srli  s1, 5
core   0: 3 0x800028a4 (0x8095) x 9 0x0400014c
core   0: 0x800028a6 (0x01259f93) slli    t6, a1, 18
core   0: 3 0x800028a6 (0x01259f93) x31 0xfffc0000
core   0: 0x800028aa (0x01d7d333) srl     t1, a5, t4
core   0: 3 0x800028aa (0x01d7d333) x 6 0x3ffef0e4
core   0: 0x800028ae (0x00008c19) c.sub   s0, a4
core   0: 3 0x800028ae (0x8c19) x 8 0xc4de7734
core   0: 0x800028b0 (0x0000cf8d) c.beqz  a5, pc + 58
core   0: 3 0x800028b0 (0xcf8d)
core   0: 0x800028b2 (0x03038c63) beq     t2, a6, pc + 56
core   0: 3 0x800028b2 (0x03038c63)
core   0: 0x800028b6 (0x01da1193) slli    gp, s4, 29
core   0: 3 0x800028b6 (0x01da1193) x 3 0x00000000
core   0: 0x800028ba (0x0000988a) c.add   a7, sp
core   0: 3 0x800028ba (0x988a) x17 0x6f4ef6fe
core   0: 0x800028bc (0x00dba0b3) slt     ra, s7, a3
core   0: 3 0x800028bc (0x00dba0b3) x 1 0x00000001
core   0: 0x800028c0 (0x00008f25) c.xor   a4, s1
core   0: 3 0x800028c0 (0x8f25) x14 0x3f2189a1
core   0: 0x800028c2 (0x0004ce63) bltz    s1, pc + 28
core   0: 3 0x800028c2 (0x0004ce63)
core   0: 0x800028c6 (0x02bc7963) bgeu    s8, a1, pc + 50
core   0: 3 0x800028c6 (0x02bc7963)
core   0: 0x800028ca (0x000080e5) c.srli  s1, 25
core   0: 3 0x800028ca (0x80e5) x 9 0x00000002
core   0: 0x800028cc (0x009c5d13) srli    s10, s8, 9
core   0: 3 0x800028cc (0x009c5d13) x26 0x002704b3
core   0: 0x800028d0 (0x00000c18) c.addi4spn a4, sp, 528
core   0: 3 0x800028d0 (0x0c18) x14 0x6f4ef8fa
core   0: 0x800028d2 (0x02143d33) mulhu   s10, s0, ra
core   0: 3 0x800028d2 (0x02143d33) x26 0x00000000
core   0: 0x800028d6 (0x03bbc133) div     sp, s7, s11
core   0: 3 0x800028d6 (0x03bbc133) x 2 0x00000000
core   0: 0x800028da (0x025ea9b3) mulhsu  s3, t4, t0
core   0: 3 0x800028da (0x025ea9b3) x19 0x00000000
core   0: 0x800028de (0x0163f233) and     tp, t2, s6
core   0: 3 0x800028de (0x0163f233) x 4 0x00000000
core   0: 0x800028e2 (0x013ac233) xor     tp, s5, s3
core   0: 3 0x800028e2 (0x013ac233) x 4 0x085b5f20
core   0: 0x800028e6 (0x01e1d333) srl     t1, gp, t5
core   0: 3 0x800028e6 (0x01e1d333) x 6 0x00000000
core   0: 0x800028ea (0x00005c7d) c.li    s8, -1
core   0: 3 0x800028ea (0x5c7d) x24 0xffffffff
core   0: 0x800028ec (0x00008632) c.mv    a2, a2
core   0: 3 0x800028ec (0x8632) x12 0x6f4ef79a
core   0: 0x800028ee (0x003a7433) and     s0, s4, gp
core   0: 3 0x800028ee (0x003a7433) x 8 0x00000000
core   0: 0x800028f2 (0x5b9dc397) auipc   t2, 0x5b9dc
core   0: 3 0x800028f2 (0x5b9dc397) x 7 0xdb9de8f2
core   0: 0x800028f6 (0x00000001) c.nop
core   0: 3 0x800028f6 (0x0001)
core   0: 0x800028f8 (0x00ce1d63) bne     t3, a2, pc + 26
core   0: 3 0x800028f8 (0x00ce1d63)
core   0: 0x80002912 (0x5a908113) addi    sp, ra, 1449
core   0: 3 0x80002912 (0x5a908113) x 2 0x000005aa
core   0: 0x80002916 (0x00e75113) srli    sp, a4, 14
core   0: 3 0x80002916 (0x00e75113) x 2 0x0001bd3b
core   0: 0x8000291a (0x0000717d) c.addi16sp sp, -16
core   0: 3 0x8000291a (0x717d) x 2 0x0001bd2b
core   0: 0x8000291c (0x000063f1) c.lui   t2, 0x1c
core   0: 3 0x8000291c (0x63f1) x 7 0x0001c000
core   0: 0x8000291e (0x0000c889) c.beqz  s1, pc + 18
core   0: 3 0x8000291e (0xc889)
core   0: 0x80002920 (0x0000567d) c.li    a2, -1
core   0: 3 0x80002920 (0x567d) x12 0xffffffff
core   0: 0x80002922 (0x00db6f33) or      t5, s6, a3
core   0: 3 0x80002922 (0x00db6f33) x30 0xfffffff2
core   0: 0x80002926 (0x07018993) addi    s3, gp, 112
core   0: 3 0x80002926 (0x07018993) x19 0x00000070
core   0: 0x8000292a (0x00008612) c.mv    a2, tp
core   0: 3 0x8000292a (0x8612) x12 0x085b5f20
core   0: 0x8000292c (0x00a30d63) beq     t1, a0, pc + 26
core   0: 3 0x8000292c (0x00a30d63)
core   0: 0x80002930 (0xce499697) auipc   a3, 0xce499
core   0: 3 0x80002930 (0xce499697) x13 0x4e49b930
core   0: 0x80002934 (0x00008da9) c.xor   a1, a0
core   0: 3 0x80002934 (0x8da9) x11 0x7ffde1cf
core   0: 0x80002936 (0x00006919) c.lui   s2, 0x6
core   0: 3 0x80002936 (0x6919) x18 0x00006000
core   0: 0x80002938 (0x005f9093) slli    ra, t6, 5
core   0: 3 0x80002938 (0x005f9093) x 1 0xff800000
core   0: 0x8000293c (0x00ee92b3) sll     t0, t4, a4
core   0: 3 0x8000293c (0x00ee92b3) x 5 0x04000000
core   0: 0x80002940 (0x000002c6) c.slli  t0, 17
core   0: 3 0x80002940 (0x02c6) x 5 0x00000000
core   0: 0x80002942 (0x00499633) sll     a2, s3, tp
core   0: 3 0x80002942 (0x00499633) x12 0x00000070
core   0: 0x80002946 (0x0000c015) c.beqz  s0, pc + 36
core   0: 3 0x80002946 (0xc015)
core   0: 0x8000296a (0x003a7633) and     a2, s4, gp
core   0: 3 0x8000296a (0x003a7633) x12 0x00000000
core   0: 0x8000296e (0x0ff0000f) fence   iorw,iorw
core   0: 3 0x8000296e (0x0ff0000f)
core   0: 0x80002972 (0x00008fa5) c.xor   a5, s1
core   0: 3 0x80002972 (0x8fa5) x15 0x7ffde1ca
core   0: 0x80002974 (0x0000100f) fence.i
core   0: 3 0x80002974 (0x0000100f)
core   0: 0x80002978 (0x02adb9b3) mulhu   s3, s11, a0
core   0: 3 0x80002978 (0x02adb9b3) x19 0x40023d8f
core   0: 0x8000297c (0x00000001) c.nop
core   0: 3 0x8000297c (0x0001)
core   0: 0x8000297e (0x023ac8b3) div     a7, s5, gp
core   0: 3 0x8000297e (0x023ac8b3) x17 0xffffffff
core   0: 0x80002982 (0x02d1e863) bltu    gp, a3, pc + 48
core   0: 3 0x80002982 (0x02d1e863)
core   0: 0x800029b2 (0x0ff0000f) fence   iorw,iorw
core   0: 3 0x800029b2 (0x0ff0000f)
core   0: 0x800029b6 (0x000089ae) c.mv    s3, a1
core   0: 3 0x800029b6 (0x89ae) x19 0x7ffde1cf
core   0: 0x800029b8 (0x098a8a63) beq     s5, s8, pc + 148
core   0: 3 0x800029b8 (0x098a8a63)
core   0: 0x800029bc (0x0000865e) c.mv    a2, s7
core   0: 3 0x800029bc (0x865e) x12 0xffffffdf
core   0: 0x800029be (0x019e2433) slt     s0, t3, s9
core   0: 3 0x800029be (0x019e2433) x 8 0x00000001
core   0: 0x800029c2 (0x00006105) c.addi16sp sp, 32
core   0: 3 0x800029c2 (0x6105) x 2 0x0001bd4b
core   0: 0x800029c4 (0x3ece3713) sltiu   a4, t3, 1004
core   0: 3 0x800029c4 (0x3ece3713) x14 0x00000000
core   0: 0x800029c8 (0x00000001) c.nop
core   0: 3 0x800029c8 (0x0001)
core   0: 0x800029ca (0x00000213) li      tp, 0
core   0: 3 0x800029ca (0x00000213) x 4 0x00000000
core   0: 0x800029ce (0x419b8733) sub     a4, s7, s9
core   0: 3 0x800029ce (0x419b8733) x14 0xb1f69829
core   0: 0x800029d2 (0x0056f4b3) and     s1, a3, t0
core   0: 3 0x800029d2 (0x0056f4b3) x 9 0x00000000
core   0: 0x800029d6 (0x02749033) mulh    zero, s1, t2
core   0: 3 0x800029d6 (0x02749033)
core   0: 0x800029da (0xabbf6c93) ori     s9, t5, -1349
core   0: 3 0x800029da (0xabbf6c93) x25 0xfffffffb
core   0: 0x800029de (0x7086ec13) ori     s8, a3, 1800
core   0: 3 0x800029de (0x7086ec13) x24 0x4e49bf38
core   0: 0x800029e2 (0x00008e81) c.sub   a3, s0
core   0: 3 0x800029e2 (0x8e81) x13 0x4e49b92f
core   0: 0x800029e4 (0x001fb2b3) sltu    t0, t6, ra
core   0: 3 0x800029e4 (0x001fb2b3) x 5 0x00000000
core   0: 0x800029e8 (0x0000100f) fence.i
core   0: 3 0x800029e8 (0x0000100f)
core   0: 0x800029ec (0x01a34c33) xor     s8, t1, s10
core   0: 3 0x800029ec (0x01a34c33) x24 0x00000000
core   0: 0x800029f0 (0xc8332637) lui     a2, 0xc8332
core   0: 3 0x800029f0 (0xc8332637) x12 0xc8332000
core   0: 0x800029f4 (0x00531093) slli    ra, t1, 5
core   0: 3 0x800029f4 (0x00531093) x 1 0x00000000
core   0: 0x800029f8 (0xffd00413) li      s0, -3
core   0: 3 0x800029f8 (0xffd00413) x 8 0xfffffffd
core   0: 0x800029fc (0x00008e19) c.sub   a2, a4
core   0: 3 0x800029fc (0x8e19) x12 0x163c87d7
core   0: 0x800029fe (0x024a9933) mulh    s2, s5, tp
core   0: 3 0x800029fe (0x024a9933) x18 0x00000000
core   0: 0x80002a02 (0x41c909b3) sub     s3, s2, t3
core   0: 3 0x80002a02 (0x41c909b3) x19 0x000002c9
core   0: 0x80002a06 (0x411781b3) sub     gp, a5, a7
core   0: 3 0x80002a06 (0x411781b3) x 3 0x7ffde1cb
core   0: 0x80002a0a (0x000083e5) c.srli  a5, 25
core   0: 3 0x80002a0a (0x83e5) x15 0x0000003f
core   0: 0x80002a0c (0x000048fd) c.li    a7, 31
core   0: 3 0x80002a0c (0x48fd) x17 0x0000001f
core   0: 0x80002a0e (0x694d3e13) sltiu   t3, s10, 1684
core   0: 3 0x80002a0e (0x694d3e13) x28 0x00000001
core   0: 0x80002a12 (0xa93b2093) slti    ra, s6, -1389
core   0: 3 0x80002a12 (0xa93b2093) x 1 0x00000001
core   0: 0x80002a16 (0x00001275) c.addi  tp, -3
core   0: 3 0x80002a16 (0x1275) x 4 0xfffffffd
core   0: 0x80002a18 (0xfe8253e3) bge     tp, s0, pc - 26
core   0: 3 0x80002a18 (0xfe8253e3)
core   0: 0x800029fe (0x024a9933) mulh    s2, s5, tp
core   0: 3 0x800029fe (0x024a9933) x18 0xffffffff
core   0: 0x80002a02 (0x41c909b3) sub     s3, s2, t3
core   0: 3 0x80002a02 (0x41c909b3) x19 0xfffffffe
core   0: 0x80002a06 (0x411781b3) sub     gp, a5, a7
core   0: 3 0x80002a06 (0x411781b3) x 3 0x00000020
core   0: 0x80002a0a (0x000083e5) c.srli  a5, 25
core   0: 3 0x80002a0a (0x83e5) x15 0x00000000
core   0: 0x80002a0c (0x000048fd) c.li    a7, 31
core   0: 3 0x80002a0c (0x48fd) x17 0x0000001f
core   0: 0x80002a0e (0x694d3e13) sltiu   t3, s10, 1684
core   0: 3 0x80002a0e (0x694d3e13) x28 0x00000001
core   0: 0x80002a12 (0xa93b2093) slti    ra, s6, -1389
core   0: 3 0x80002a12 (0xa93b2093) x 1 0x00000001
core   0: 0x80002a16 (0x00001275) c.addi  tp, -3
core   0: 3 0x80002a16 (0x1275) x 4 0xfffffffa
core   0: 0x80002a18 (0xfe8253e3) bge     tp, s0, pc - 26
core   0: 3 0x80002a18 (0xfe8253e3)
core   0: 0x80002a1c (0x0ff0000f) fence   iorw,iorw
core   0: 3 0x80002a1c (0x0ff0000f)
core   0: 0x80002a20 (0x009f0033) add     zero, t5, s1
core   0: 3 0x80002a20 (0x009f0033)
core   0: 0x80002a24 (0x00d6ba33) sltu    s4, a3, a3
core   0: 3 0x80002a24 (0x00d6ba33) x20 0x00000000
core   0: 0x80002a28 (0x00008191) c.srli  a1, 4
core   0: 3 0x80002a28 (0x8191) x11 0x07ffde1c
core   0: 0x80002a2a (0x01847763) bgeu    s0, s8, pc + 14
core   0: 3 0x80002a2a (0x01847763)
core   0: 0x80002a38 (0x000016fd) c.addi  a3, -1
core   0: 3 0x80002a38 (0x16fd) x13 0x4e49b92e
core   0: 0x80002a3a (0x00059cb3) sll     s9, a1, zero
core   0: 3 0x80002a3a (0x00059cb3) x25 0x07ffde1c
core   0: 0x80002a3e (0x01359e93) slli    t4, a1, 19
core   0: 3 0x80002a3e (0x01359e93) x29 0xf0e00000
core   0: 0x80002a42 (0x57e2c417) auipc   s0, 0x57e2c
core   0: 3 0x80002a42 (0x57e2c417) x 8 0xd7e2ea42
core   0: 0x80002a46 (0x0d278217) auipc   tp, 0xd278
core   0: 3 0x80002a46 (0x0d278217) x 4 0x8d27aa46
core   0: 0x80002a4a (0x00008ced) c.and   s1, a1
core   0: 3 0x80002a4a (0x8ced) x 9 0x00000000
core   0: 0x80002a4c (0x0917d963) bge     a5, a7, pc + 146
core   0: 3 0x80002a4c (0x0917d963)
core   0: 0x80002a50 (0x82cf0413) addi    s0, t5, -2004
core   0: 3 0x80002a50 (0x82cf0413) x 8 0xfffff81e
core   0: 0x80002a54 (0x411fda33) sra     s4, t6, a7
core   0: 3 0x80002a54 (0x411fda33) x20 0xffffffff
core   0: 0x80002a58 (0xffa00693) li      a3, -6
core   0: 3 0x80002a58 (0xffa00693) x13 0xfffffffa
core   0: 0x80002a5c (0x0000181c) c.addi4spn a5, sp, 48
core   0: 3 0x80002a5c (0x181c) x15 0x0001bd7b
core   0: 0x80002a5e (0x03c304b3) mul     s1, t1, t3
core   0: 3 0x80002a5e (0x03c304b3) x 9 0x00000000
core   0: 0x80002a62 (0x0ff0000f) fence   iorw,iorw
core   0: 3 0x80002a62 (0x0ff0000f)
core   0: 0x80002a66 (0x000069b9) c.lui   s3, 0xe
core   0: 3 0x80002a66 (0x69b9) x19 0x0000e000
core   0: 0x80002a68 (0x018e13b3) sll     t2, t3, s8
core   0: 3 0x80002a68 (0x018e13b3) x 7 0x00000001
core   0: 0x80002a6c (0xedb55037) lui     zero, 0xedb55
core   0: 3 0x80002a6c (0xedb55037)
core   0: 0x80002a70 (0x00600c93) li      s9, 6
core   0: 3 0x80002a70 (0x00600c93) x25 0x00000006
core   0: 0x80002a74 (0x038c14b3) mulh    s1, s8, s8
core   0: 3 0x80002a74 (0x038c14b3) x 9 0x00000000
core   0: 0x80002a78 (0x02521633) mulh    a2, tp, t0
core   0: 3 0x80002a78 (0x02521633) x12 0x00000000
core   0: 0x80002a7c (0x40dd0233) sub     tp, s10, a3
core   0: 3 0x80002a7c (0x40dd0233) x 4 0x00000006
core   0: 0x80002a80 (0x869ee393) ori     t2, t4, -1943
core   0: 3 0x80002a80 (0x869ee393) x 7 0xfffff869
core   0: 0x80002a84 (0x02433f33) mulhu   t5, t1, tp
core   0: 3 0x80002a84 (0x02433f33) x30 0x00000000
core   0: 0x80002a88 (0x726eaf93) slti    t6, t4, 1830
core   0: 3 0x80002a88 (0x726eaf93) x31 0x00000001
core   0: 0x80002a8c (0x000006a5) c.addi  a3, 9
core   0: 3 0x80002a8c (0x06a5) x13 0x00000003
core   0: 0x80002a8e (0x03075c33) divu    s8, a4, a6
core   0: 3 0x80002a8e (0x03075c33) x24 0x00058fb4
core   0: 0x80002a92 (0x0000617d) c.addi16sp sp, 496
core   0: 3 0x80002a92 (0x617d) x 2 0x0001bf3b
core   0: 0x80002a94 (0x00400713) li      a4, 4
core   0: 3 0x80002a94 (0x00400713) x14 0x00000004
core   0: 0x80002a98 (0x00008dc1) c.or    a1, s0
core   0: 3 0x80002a98 (0x8dc1) x11 0xfffffe1e
core   0: 0x80002a9a (0x00d00293) li      t0, 13
core   0: 3 0x80002a9a (0x00d00293) x 5 0x0000000d
core   0: 0x80002a9e (0xbe8dcd13) xori    s10, s11, -1048
core   0: 3 0x80002a9e (0xbe8dcd13) x26 0x7ffda70c
core   0: 0x80002aa2 (0x3f0c4097) auipc   ra, 0x3f0c4
core   0: 3 0x80002aa2 (0x3f0c4097) x 1 0xbf0c6aa2
core   0: 0x80002aa6 (0x41dd8eb3) sub     t4, s11, t4
core   0: 3 0x80002aa6 (0x41dd8eb3) x29 0x8f225ce4
core   0: 0x80002aaa (0x00000001) c.nop
core   0: 3 0x80002aaa (0x0001)
core   0: 0x80002aac (0x2ee4c913) xori    s2, s1, 750
core   0: 3 0x80002aac (0x2ee4c913) x18 0x000002ee
core   0: 0x80002ab0 (0x00000001) c.nop
core   0: 3 0x80002ab0 (0x0001)
core   0: 0x80002ab2 (0x00000725) c.addi  a4, 9
core   0: 3 0x80002ab2 (0x0725) x14 0x0000000d
core   0: 0x80002ab4 (0x01451013) slli    zero, a0, 20
core   0: 3 0x80002ab4 (0x01451013)
core   0: 0x80002ab8 (0x0000100f) fence.i
core   0: 3 0x80002ab8 (0x0000100f)
core   0: 0x80002abc (0xfe5748e3) blt     a4, t0, pc - 16
core   0: 3 0x80002abc (0xfe5748e3)
core   0: 0x80002ac0 (0xfd96e4e3) bltu    a3, s9, pc - 56
core   0: 3 0x80002ac0 (0xfd96e4e3)
core   0: 0x80002a88 (0x726eaf93) slti    t6, t4, 1830
core   0: 3 0x80002a88 (0x726eaf93) x31 0x00000001
core   0: 0x80002a8c (0x000006a5) c.addi  a3, 9
core   0: 3 0x80002a8c (0x06a5) x13 0x0000000c
core   0: 0x80002a8e (0x03075c33) divu    s8, a4, a6
core   0: 3 0x80002a8e (0x03075c33) x24 0x00000000
core   0: 0x80002a92 (0x0000617d) c.addi16sp sp, 496
core   0: 3 0x80002a92 (0x617d) x 2 0x0001c12b
core   0: 0x80002a94 (0x00400713) li      a4, 4
core   0: 3 0x80002a94 (0x00400713) x14 0x00000004
core   0: 0x80002a98 (0x00008dc1) c.or    a1, s0
core   0: 3 0x80002a98 (0x8dc1) x11 0xfffffe1e
core   0: 0x80002a9a (0x00d00293) li      t0, 13
core   0: 3 0x80002a9a (0x00d00293) x 5 0x0000000d
core   0: 0x80002a9e (0xbe8dcd13) xori    s10, s11, -1048
core   0: 3 0x80002a9e (0xbe8dcd13) x26 0x7ffda70c
core   0: 0x80002aa2 (0x3f0c4097) auipc   ra, 0x3f0c4
core   0: 3 0x80002aa2 (0x3f0c4097) x 1 0xbf0c6aa2
core   0: 0x80002aa6 (0x41dd8eb3) sub     t4, s11, t4
core   0: 3 0x80002aa6 (0x41dd8eb3) x29 0xf0e00000
core   0: 0x80002aaa (0x00000001) c.nop
core   0: 3 0x80002aaa (0x0001)
core   0: 0x80002aac (0x2ee4c913) xori    s2, s1, 750
core   0: 3 0x80002aac (0x2ee4c913) x18 0x000002ee
core   0: 0x80002ab0 (0x00000001) c.nop
core   0: 3 0x80002ab0 (0x0001)
core   0: 0x80002ab2 (0x00000725) c.addi  a4, 9
core   0: 3 0x80002ab2 (0x0725) x14 0x0000000d
core   0: 0x80002ab4 (0x01451013) slli    zero, a0, 20
core   0: 3 0x80002ab4 (0x01451013)
core   0: 0x80002ab8 (0x0000100f) fence.i
core   0: 3 0x80002ab8 (0x0000100f)
core   0: 0x80002abc (0xfe5748e3) blt     a4, t0, pc - 16
core   0: 3 0x80002abc (0xfe5748e3)
core   0: 0x80002ac0 (0xfd96e4e3) bltu    a3, s9, pc - 56
core   0: 3 0x80002ac0 (0xfd96e4e3)
core   0: 0x80002ac4 (0x0000802d) c.srli  s0, 11
core   0: 3 0x80002ac4 (0x802d) x 8 0x001fffff
core   0: 0x80002ac6 (0x033b7333) remu    t1, s6, s3
core   0: 3 0x80002ac6 (0x033b7333) x 6 0x000037b0
core   0: 0x80002aca (0x02db5e63) bge     s6, a3, pc + 60
core   0: 3 0x80002aca (0x02db5e63)
core   0: 0x80002ace (0x013694b3) sll     s1, a3, s3
core   0: 3 0x80002ace (0x013694b3) x 9 0x0000000c
core   0: 0x80002ad2 (0x000066f9) c.lui   a3, 0x1e
core   0: 3 0x80002ad2 (0x66f9) x13 0x0001e000
core   0: 0x80002ad4 (0x0349e333) rem     t1, s3, s4
core   0: 3 0x80002ad4 (0x0349e333) x 6 0x00000000
core   0: 0x80002ad8 (0x00000d4a) c.slli  s10, 18
core   0: 3 0x80002ad8 (0x0d4a) x26 0x9c300000
core   0: 0x80002ada (0x02705433) divu    s0, zero, t2
core   0: 3 0x80002ada (0x02705433) x 8 0x00000000
core   0: 0x80002ade (0x6870c3b7) lui     t2, 0x6870c
core   0: 3 0x80002ade (0x6870c3b7) x 7 0x6870c000
core   0: 0x80002ae2 (0x000099a6) c.add   s3, s1
core   0: 3 0x80002ae2 (0x99a6) x19 0x0000e00c
core   0: 0x80002ae4 (0x00000ec5) c.addi  t4, 17
core   0: 3 0x80002ae4 (0x0ec5) x29 0xf0e00011
core   0: 0x80002ae6 (0x0ff0000f) fence   iorw,iorw
core   0: 3 0x80002ae6 (0x0ff0000f)
core   0: 0x80002aea (0x00000001) c.nop
core   0: 3 0x80002aea (0x0001)
core   0: 0x80002aec (0x585c6193) ori     gp, s8, 1413
core   0: 3 0x80002aec (0x585c6193) x 3 0x00000585
core   0: 0x80002af0 (0x031039b3) mulhu   s3, zero, a7
core   0: 3 0x80002af0 (0x031039b3) x19 0x00000000
core   0: 0x80002af4 (0x00008c69) c.and   s0, a0
core   0: 3 0x80002af4 (0x8c69) x 8 0x00000000
core   0: 0x80002af6 (0x18efe893) ori     a7, t6, 398
core   0: 3 0x80002af6 (0x18efe893) x17 0x0000018f
core   0: 0x80002afa (0x00e2a433) slt     s0, t0, a4
core   0: 3 0x80002afa (0x00e2a433) x 8 0x00000000
core   0: 0x80002afe (0x02160cb3) mul     s9, a2, ra
core   0: 3 0x80002afe (0x02160cb3) x25 0x00000000
core   0: 0x80002b02 (0x03d2f733) remu    a4, t0, t4
core   0: 3 0x80002b02 (0x03d2f733) x14 0x0000000d
core   0: 0x80002b06 (0x65474a13) xori    s4, a4, 1620
core   0: 3 0x80002b06 (0x65474a13) x20 0x00000659
core   0: 0x80002b0a (0x0000187d) c.addi  a6, -1
core   0: 3 0x80002b0a (0x187d) x16 0x00001fff
core   0: 0x80002b0c (0x00008189) c.srli  a1, 2
core   0: 3 0x80002b0c (0x8189) x11 0x3fffff87
core   0: 0x80002b0e (0x0000e185) c.bnez  a1, pc + 32
core   0: 3 0x80002b0e (0xe185)
core   0: 0x80002b2e (0x000058fd) c.li    a7, -1
core   0: 3 0x80002b2e (0x58fd) x17 0xffffffff
core   0: 0x80002b30 (0x00008f21) c.xor   a4, s0
core   0: 3 0x80002b30 (0x8f21) x14 0x0000000d
core   0: 0x80002b32 (0x03d6f163) bgeu    a3, t4, pc + 34
core   0: 3 0x80002b32 (0x03d6f163)
core   0: 0x80002b36 (0x40aa03b3) sub     t2, s4, a0
core   0: 3 0x80002b36 (0x40aa03b3) x 7 0x7ffde829
core   0: 0x80002b3a (0x00f371b3) and     gp, t1, a5
core   0: 3 0x80002b3a (0x00f371b3) x 3 0x00000000
core   0: 0x80002b3e (0x6ea61737) lui     a4, 0x6ea61
core   0: 3 0x80002b3e (0x6ea61737) x14 0x6ea61000
core   0: 0x80002b42 (0x4ea91e17) auipc   t3, 0x4ea91
core   0: 3 0x80002b42 (0x4ea91e17) x28 0xcea93b42
core   0: 0x80002b46 (0x41da04b3) sub     s1, s4, t4
core   0: 3 0x80002b46 (0x41da04b3) x 9 0x0f200648
core   0: 0x80002b4a (0x009e9d63) bne     t4, s1, pc + 26
core   0: 3 0x80002b4a (0x009e9d63)
core   0: 0x80002b64 (0x9ced6bb7) lui     s7, 0x9ced6
core   0: 3 0x80002b64 (0x9ced6bb7) x23 0x9ced6000
core   0: 0x80002b68 (0x00c3ed33) or      s10, t2, a2
core   0: 3 0x80002b68 (0x00c3ed33) x26 0x7ffde829
core   0: 0x80002b6c (0x02c61963) bne     a2, a2, pc + 50
core   0: 3 0x80002b6c (0x02c61963)
core   0: 0x80002b70 (0x91b9ba13) sltiu   s4, s3, -1765
core   0: 3 0x80002b70 (0x91b9ba13) x20 0x00000001
core   0: 0x80002b74 (0x021d6633) rem     a2, s10, ra
core   0: 3 0x80002b74 (0x021d6633) x12 0x3f0a52cb
core   0: 0x80002b78 (0x02761033) mulh    zero, a2, t2
core   0: 3 0x80002b78 (0x02761033)
core   0: 0x80002b7c (0x0000717d) c.addi16sp sp, -16
core   0: 3 0x80002b7c (0x717d) x 2 0x0001c11b
core   0: 0x80002b7e (0x02f4abb3) mulhsu  s7, s1, a5
core   0: 3 0x80002b7e (0x02f4abb3) x23 0x00001a51
core   0: 0x80002b82 (0x403288b3) sub     a7, t0, gp
core   0: 3 0x80002b82 (0x403288b3) x17 0x0000000d
core   0: 0x80002b86 (0x0000100f) fence.i
core   0: 3 0x80002b86 (0x0000100f)
core   0: 0x80002b8a (0x00fb0e63) beq     s6, a5, pc + 28
core   0: 3 0x80002b8a (0x00fb0e63)
core   0: 0x80002b8e (0x00009d52) c.add   s10, s4
core   0: 3 0x80002b8e (0x9d52) x26 0x7ffde82a
core   0: 0x80002b90 (0x02b2ca63) blt     t0, a1, pc + 52
core   0: 3 0x80002b90 (0x02b2ca63)
core   0: 0x80002bc4 (0x0023d233) srl     tp, t2, sp
core   0: 3 0x80002bc4 (0x0023d233) x 4 0x0000000f
core   0: 0x80002bc8 (0x000b1c33) sll     s8, s6, zero
core   0: 3 0x80002bc8 (0x000b1c33) x24 0xc4de77b0
core   0: 0x80002bcc (0x02e99033) mulh    zero, s3, a4
core   0: 3 0x80002bcc (0x02e99033)
core   0: 0x80002bd0 (0x03aae233) rem     tp, s5, s10
core   0: 3 0x80002bd0 (0x03aae233) x 4 0x085b5f20
core   0: 0x80002bd4 (0x0000e205) c.bnez  a2, pc + 32
core   0: 3 0x80002bd4 (0xe205)
core   0: 0x80002bf4 (0x048a1363) bne     s4, s0, pc + 70
core   0: 3 0x80002bf4 (0x048a1363)
core   0: 0x80002c3a (0x0000876d) c.srai  a4, 27
core   0: 3 0x80002c3a (0x876d) x14 0x0000000d
core   0: 0x80002c3c (0x0000693d) c.lui   s2, 0xf
core   0: 3 0x80002c3c (0x693d) x18 0x0000f000
core   0: 0x80002c3e (0x02d05a63) bge     zero, a3, pc + 52
core   0: 3 0x80002c3e (0x02d05a63)
core   0: 0x80002c42 (0x00fe9e13) slli    t3, t4, 15
core   0: 3 0x80002c42 (0x00fe9e13) x28 0x00088000
core   0: 0x80002c46 (0x00008c79) c.and   s0, a4
core   0: 3 0x80002c46 (0x8c79) x 8 0x00000000
core   0: 0x80002c48 (0x00009afd) c.andi  a3, -1
core   0: 3 0x80002c48 (0x9afd) x13 0x0001e000
core   0: 0x80002c4a (0x0000045a) c.slli  s0, 22
core   0: 3 0x80002c4a (0x045a) x 8 0x00000000
core   0: 0x80002c4c (0x40fa5593) srai    a1, s4, 15
core   0: 3 0x80002c4c (0x40fa5593) x11 0x00000000
core   0: 0x80002c50 (0x00f5e463) bltu    a1, a5, pc + 8
core   0: 3 0x80002c50 (0x00f5e463)
core   0: 0x80002c58 (0x004c9e13) slli    t3, s9, 4
core   0: 3 0x80002c58 (0x004c9e13) x28 0x00000000
core   0: 0x80002c5c (0x02bc5e63) bge     s8, a1, pc + 60
core   0: 3 0x80002c5c (0x02bc5e63)
core   0: 0x80002c60 (0x046e0063) beq     t3, t1, pc + 64
core   0: 3 0x80002c60 (0x046e0063)
core   0: 0x80002ca0 (0x0000eb19) c.bnez  a4, pc + 22
core   0: 3 0x80002ca0 (0xeb19)
core   0: 0x80002cb6 (0x00008ddd) c.or    a1, a5
core   0: 3 0x80002cb6 (0x8ddd) x11 0x0001bd7b
core   0: 0x80002cb8 (0x00bc7563) bgeu    s8, a1, pc + 10
core   0: 3 0x80002cb8 (0x00bc7563)
core   0: 0x80002cc2 (0x008c9cb3) sll     s9, s9, s0
core   0: 3 0x80002cc2 (0x008c9cb3) x25 0x00000000
core   0: 0x80002cc6 (0x02756263) bltu    a0, t2, pc + 36
core   0: 3 0x80002cc6 (0x02756263)
core   0: 0x80002cca (0x02bb7b33) remu    s6, s6, a1
core   0: 3 0x80002cca (0x02bb7b33) x22 0x0000025a
core   0: 0x80002cce (0x01849833) sll     a6, s1, s8
core   0: 3 0x80002cce (0x01849833) x16 0x06480000
core   0: 0x80002cd2 (0x02e30963) beq     t1, a4, pc + 50
core   0: 3 0x80002cd2 (0x02e30963)
core   0: 0x80002cd6 (0x00008f4d) c.or    a4, a1
core   0: 3 0x80002cd6 (0x8f4d) x14 0x0001bd7f
core   0: 0x80002cd8 (0x0340bb33) mulhu   s6, ra, s4
core   0: 3 0x80002cd8 (0x0340bb33) x22 0x00000000
core   0: 0x80002cdc (0x00e707b3) add     a5, a4, a4
core   0: 3 0x80002cdc (0x00e707b3) x15 0x00037afe
core   0: 0x80002ce0 (0x40b25e33) sra     t3, tp, a1
core   0: 3 0x80002ce0 (0x40b25e33) x28 0x00000001
core   0: 0x80002ce4 (0x00008dc5) c.or    a1, s1
core   0: 3 0x80002ce4 (0x8dc5) x11 0x0f21bf7b
core   0: 0x80002ce6 (0x2ee73593) sltiu   a1, a4, 750
core   0: 3 0x80002ce6 (0x2ee73593) x11 0x00000000
core   0: 0x80002cea (0x006b81b3) add     gp, s7, t1
core   0: 3 0x80002cea (0x006b81b3) x 3 0x00001a51
core   0: 0x80002cee (0x0000943a) c.add   s0, a4
core   0: 3 0x80002cee (0x943a) x 8 0x0001bd7f
core   0: 0x80002cf0 (0x00008acd) c.andi  a3, 19
core   0: 3 0x80002cf0 (0x8acd) x13 0x00000000
core   0: 0x80002cf2 (0x00000001) c.nop
core   0: 3 0x80002cf2 (0x0001)
core   0: 0x80002cf4 (0x026442b3) div     t0, s0, t1
core   0: 3 0x80002cf4 (0x026442b3) x 5 0xffffffff
core   0: 0x80002cf8 (0x0000100f) fence.i
core   0: 3 0x80002cf8 (0x0000100f)
core   0: 0x80002cfc (0x02e2f333) remu    t1, t0, a4
core   0: 3 0x80002cfc (0x02e2f333) x 6 0x0001169a
core   0: 0x80002d00 (0x41a9d6b3) sra     a3, s3, s10
core   0: 3 0x80002d00 (0x41a9d6b3) x13 0x00000000
core   0: 0x80002d04 (0x00b452b3) srl     t0, s0, a1
core   0: 3 0x80002d04 (0x00b452b3) x 5 0x0001bd7f
core   0: 0x80002d08 (0x003fabb3) slt     s7, t6, gp
core   0: 3 0x80002d08 (0x003fabb3) x23 0x00000001
core   0: 0x80002d0c (0x0000948e) c.add   s1, gp
core   0: 3 0x80002d0c (0x948e) x 9 0x0f202099
core   0: 0x80002d0e (0x00000001) c.nop
core   0: 3 0x80002d0e (0x0001)
core   0: 0x80002d10 (0x0000862d) c.srai  a2, 11
core   0: 3 0x80002d10 (0x862d) x12 0x0007e14a
core   0: 0x80002d12 (0x026fb233) mulhu   tp, t6, t1
core   0: 3 0x80002d12 (0x026fb233) x 4 0x00000000
core   0: 0x80002d16 (0x000002a9) c.addi  t0, 10
core   0: 3 0x80002d16 (0x02a9) x 5 0x0001bd89
core   0: 0x80002d18 (0xb2f1cb93) xori    s7, gp, -1233
core   0: 3 0x80002d18 (0xb2f1cb93) x23 0xffffe17e
core   0: 0x80002d1c (0x048fc563) blt     t6, s0, pc + 74
core   0: 3 0x80002d1c (0x048fc563)
core   0: 0x80002d66 (0xd5c2ce13) xori    t3, t0, -676
core   0: 3 0x80002d66 (0xd5c2ce13) x28 0xfffe40d5
core   0: 0x80002d6a (0x00001a90) c.addi4spn a2, sp, 368
core   0: 3 0x80002d6a (0x1a90) x12 0x0001c28b
core   0: 0x80002d6c (0x00000001) c.nop
core   0: 3 0x80002d6c (0x0001)
core   0: 0x80002d6e (0x00008f8e) c.mv    t6, gp
core   0: 3 0x80002d6e (0x8f8e) x31 0x00001a51
core   0: 0x80002d70 (0x038bd263) bge     s7, s8, pc + 36
core   0: 3 0x80002d70 (0x038bd263)
core   0: 0x80002d94 (0xcb0c7b37) lui     s6, 0xcb0c7
core   0: 3 0x80002d94 (0xcb0c7b37) x22 0xcb0c7000
core   0: 0x80002d98 (0x0081b8b3) sltu    a7, gp, s0
core   0: 3 0x80002d98 (0x0081b8b3) x17 0x00000001
core   0: 0x80002d9c (0x26d0b693) sltiu   a3, ra, 621
core   0: 3 0x80002d9c (0x26d0b693) x13 0x00000000
core   0: 0x80002da0 (0xb90a25b7) lui     a1, 0xb90a2
core   0: 3 0x80002da0 (0xb90a25b7) x11 0xb90a2000
core   0: 0x80002da4 (0x033d0433) mul     s0, s10, s3
core   0: 3 0x80002da4 (0x033d0433) x 8 0x00000000
core   0: 0x80002da8 (0x000084e9) c.srai  s1, 26
core   0: 3 0x80002da8 (0x84e9) x 9 0x00000003
core   0: 0x80002daa (0x0ac96993) ori     s3, s2, 172
core   0: 3 0x80002daa (0x0ac96993) x19 0x0000f0ac
core   0: 0x80002dae (0x00070cb3) add     s9, a4, zero
core   0: 3 0x80002dae (0x00070cb3) x25 0x0001bd7f
core   0: 0x80002db2 (0x41085f13) srai    t5, a6, 16
core   0: 3 0x80002db2 (0x41085f13) x30 0x00000648
core   0: 0x80002db6 (0x02477863) bgeu    a4, tp, pc + 48
core   0: 3 0x80002db6 (0x02477863)
core   0: 0x80002de6 (0x0ff0000f) fence   iorw,iorw
core   0: 3 0x80002de6 (0x0ff0000f)
core   0: 0x80002dea (0x84c244b7) lui     s1, 0x84c24
core   0: 3 0x80002dea (0x84c244b7) x 9 0x84c24000
core   0: 0x80002dee (0x407452b3) sra     t0, s0, t2
core   0: 3 0x80002dee (0x407452b3) x 5 0x00000000
core   0: 0x80002df2 (0x02bbc933) div     s2, s7, a1
core   0: 3 0x80002df2 (0x02bbc933) x18 0x00000000
core   0: 0x80002df6 (0x038f44b3) div     s1, t5, s8
core   0: 3 0x80002df6 (0x038f44b3) x 9 0x00000000
core   0: 0x80002dfa (0x2e9f4793) xori    a5, t5, 745
core   0: 3 0x80002dfa (0x2e9f4793) x15 0x000004a1
core   0: 0x80002dfe (0x00008bfd) c.andi  a5, 31
core   0: 3 0x80002dfe (0x8bfd) x15 0x00000001
core   0: 0x80002e00 (0x004a5793) srli    a5, s4, 4
core   0: 3 0x80002e00 (0x004a5793) x15 0x00000000
core   0: 0x80002e04 (0x001afd33) and     s10, s5, ra
core   0: 3 0x80002e04 (0x001afd33) x26 0x08084a20
core   0: 0x80002e08 (0x00008ed9) c.or    a3, a4
core   0: 3 0x80002e08 (0x8ed9) x13 0x0001bd7f
core   0: 0x80002e0a (0x28da7993) andi    s3, s4, 653
core   0: 3 0x80002e0a (0x28da7993) x19 0x00000001
core   0: 0x80002e0e (0x006d6433) or      s0, s10, t1
core   0: 3 0x80002e0e (0x006d6433) x 8 0x08095eba
core   0: 0x80002e12 (0x035573b3) remu    t2, a0, s5
core   0: 3 0x80002e12 (0x035573b3) x 7 0x02a78b50
core   0: 0x80002e16 (0x0000177d) c.addi  a4, -1
core   0: 3 0x80002e16 (0x177d) x14 0x0001bd7e
core   0: 0x80002e18 (0x4136d213) srai    tp, a3, 19
core   0: 3 0x80002e18 (0x4136d213) x 4 0x00000000
core   0: 0x80002e1c (0x40a80233) sub     tp, a6, a0
core   0: 3 0x80002e1c (0x40a80233) x 4 0x8645e1d0
core   0: 0x80002e20 (0x00675f33) srl     t5, a4, t1
core   0: 3 0x80002e20 (0x00675f33) x30 0x00000000
core   0: 0x80002e24 (0x0000916e) c.add   sp, s11
core   0: 3 0x80002e24 (0x916e) x 2 0x80041dff
core   0: 0x80002e26 (0x014a9c93) slli    s9, s5, 20
core   0: 3 0x80002e26 (0x014a9c93) x25 0xf2000000
core   0: 0x80002e2a (0x0150da13) srli    s4, ra, 21
core   0: 3 0x80002e2a (0x0150da13) x20 0x000005f8
core   0: 0x80002e2e (0x01dc09b3) add     s3, s8, t4
core   0: 3 0x80002e2e (0x01dc09b3) x19 0xb5be77c1
core   0: 0x80002e32 (0x0221a333) mulhsu  t1, gp, sp
core   0: 3 0x80002e32 (0x0221a333) x 6 0x00000d28
core   0: 0x80002e36 (0x000060f1) c.lui   ra, 0x1c
core   0: 3 0x80002e36 (0x60f1) x 1 0x0001c000
core   0: 0x80002e38 (0x008b30b3) sltu    ra, s6, s0
core   0: 3 0x80002e38 (0x008b30b3) x 1 0x00000000
core   0: 0x80002e3c (0x03d88233) mul     tp, a7, t4
core   0: 3 0x80002e3c (0x03d88233) x 4 0xf0e00011
core   0: 0x80002e40 (0x0000881d) c.andi  s0, 7
core   0: 3 0x80002e40 (0x881d) x 8 0x00000002
core   0: 0x80002e42 (0x020f6cb3) rem     s9, t5, zero
core   0: 3 0x80002e42 (0x020f6cb3) x25 0x00000000
core   0: 0x80002e46 (0x418984b3) sub     s1, s3, s8
core   0: 3 0x80002e46 (0x418984b3) x 9 0xf0e00011
core   0: 0x80002e4a (0x41d3d7b3) sra     a5, t2, t4
core   0: 3 0x80002e4a (0x41d3d7b3) x15 0x00000153
core   0: 0x80002e4e (0x00361313) slli    t1, a2, 3
core   0: 3 0x80002e4e (0x00361313) x 6 0x000e1458
core   0: 0x80002e52 (0x00001f8c) c.addi4spn a1, sp, 1008
core   0: 3 0x80002e52 (0x1f8c) x11 0x800421ef
core   0: 0x80002e54 (0x0ff0000f) fence   iorw,iorw
core   0: 3 0x80002e54 (0x0ff0000f)
core   0: 0x80002e58 (0x02342933) mulhsu  s2, s0, gp
core   0: 3 0x80002e58 (0x02342933) x18 0x00000000
core   0: 0x80002e5c (0x0000ea11) c.bnez  a2, pc + 20
core   0: 3 0x80002e5c (0xea11)
core   0: 0x80002e70 (0x01f988b3) add     a7, s3, t6
core   0: 3 0x80002e70 (0x01f988b3) x17 0xb5be9212
core   0: 0x80002e74 (0x00000001) c.nop
core   0: 3 0x80002e74 (0x0001)
core   0: 0x80002e76 (0x007dac33) slt     s8, s11, t2
core   0: 3 0x80002e76 (0x007dac33) x24 0x00000001
core   0: 0x80002e7a (0x00008319) c.srli  a4, 6
core   0: 3 0x80002e7a (0x8319) x14 0x000006f5
core   0: 0x80002e7c (0x00452083) lw      ra, 4(a0)
core   0: 3 0x80002e7c (0x00452083) x 1 0x800006fc mem 0x80021e34
core   0: 0x80002e80 (0x7854bd13) sltiu   s10, s1, 1925
core   0: 3 0x80002e80 (0x7854bd13) x26 0x00000000
core   0: 0x80002e84 (0x00000c9c) c.addi4spn a5, sp, 592
core   0: 3 0x80002e84 (0x0c9c) x15 0x8004204f
core   0: 0x80002e86 (0x03450513) addi    a0, a0, 52
core   0: 3 0x80002e86 (0x03450513) x10 0x80021e64
core   0: 0x80002e8a (0x000067d9) c.lui   a5, 0x16
core   0: 3 0x80002e8a (0x67d9) x15 0x00016000
core   0: 0x80002e8c (0x40950bb3) sub     s7, a0, s1
core   0: 3 0x80002e8c (0x40950bb3) x23 0x8f221e53
core   0: 0x80002e90 (0x00108b93) addi    s7, ra, 1
core   0: 3 0x80002e90 (0x00108b93) x23 0x800006fd
core   0: 0x80002e94 (0x00008b82) c.jr    s7
core   0: 3 0x80002e94 (0x8b82)
core   0: 0x800006fc (0x00006169) c.addi16sp sp, 208
core   0: 3 0x800006fc (0x6169) x 2 0x80041ecf
core   0: 0x800006fe (0x00006ee9) c.lui   t4, 0x1a
core   0: 3 0x800006fe (0x6ee9) x29 0x0001a000
core   0: 0x80000700 (0x000043e9) c.li    t2, 26
core   0: 3 0x80000700 (0x43e9) x 7 0x0000001a
core   0: 0x80000702 (0x03dc8a33) mul     s4, s9, t4
core   0: 3 0x80000702 (0x03dc8a33) x20 0x00000000
core   0: 0x80000706 (0x01b5d433) srl     s0, a1, s11
core   0: 3 0x80000706 (0x01b5d433) x 8 0x0800421e
core   0: 0x8000070a (0x034aaa33) mulhsu  s4, s5, s4
core   0: 3 0x8000070a (0x034aaa33) x20 0x00000000
core   0: 0x8000070e (0x00009742) c.add   a4, a6
core   0: 3 0x8000070e (0x9742) x14 0x064806f5
core   0: 0x80000710 (0x01910433) add     s0, sp, s9
core   0: 3 0x80000710 (0x01910433) x 8 0x80041ecf
core   0: 0x80000714 (0x000c37b3) sltu    a5, s8, zero
core   0: 3 0x80000714 (0x000c37b3) x15 0x00000000
core   0: 0x80000718 (0x03b9ceb3) div     t4, s3, s11
core   0: 3 0x80000718 (0x03b9ceb3) x29 0x00000000
core   0: 0x8000071c (0x5cbc8e93) addi    t4, s9, 1483
core   0: 3 0x8000071c (0x5cbc8e93) x29 0x000005cb
core   0: 0x80000720 (0x00000d56) c.slli  s10, 21
core   0: 3 0x80000720 (0x0d56) x26 0x00000000
core   0: 0x80000722 (0x00001a04) c.addi4spn s1, sp, 304
core   0: 3 0x80000722 (0x1a04) x 9 0x80041fff
core   0: 0x80000724 (0x00000001) c.nop
core   0: 3 0x80000724 (0x0001)
core   0: 0x80000726 (0x000097a6) c.add   a5, s1
core   0: 3 0x80000726 (0x97a6) x15 0x80041fff
core   0: 0x80000728 (0x000054fd) c.li    s1, -1
core   0: 3 0x80000728 (0x54fd) x 9 0xffffffff
core   0: 0x8000072a (0x87c0ab37) lui     s6, 0x87c0a
core   0: 3 0x8000072a (0x87c0ab37) x22 0x87c0a000
core   0: 0x8000072e (0x41f08633) sub     a2, ra, t6
core   0: 3 0x8000072e (0x41f08633) x12 0x7fffecab
core   0: 0x80000732 (0x01d9a2b3) slt     t0, s3, t4
core   0: 3 0x80000732 (0x01d9a2b3) x 5 0x00000001
core   0: 0x80000736 (0x0000100f) fence.i
core   0: 3 0x80000736 (0x0000100f)
core   0: 0x8000073a (0x00008e39) c.xor   a2, a4
core   0: 3 0x8000073a (0x8e39) x12 0x79b7ea5e
core   0: 0x8000073c (0x0207cc63) bltz    a5, pc + 56
core   0: 3 0x8000073c (0x0207cc63)
core   0: 0x80000774 (0x0000100f) fence.i
core   0: 3 0x80000774 (0x0000100f)
core   0: 0x80000778 (0x010969b3) or      s3, s2, a6
core   0: 3 0x80000778 (0x010969b3) x19 0x06480000
core   0: 0x8000077c (0x0ff0000f) fence   iorw,iorw
core   0: 3 0x8000077c (0x0ff0000f)
core   0: 0x80000780 (0x00008ca1) c.xor   s1, s0
core   0: 3 0x80000780 (0x8ca1) x 9 0x7ffbe130
core   0: 0x80000782 (0x01490633) add     a2, s2, s4
core   0: 3 0x80000782 (0x01490633) x12 0x00000000
core   0: 0x80000786 (0x000016fd) c.addi  a3, -1
core   0: 3 0x80000786 (0x16fd) x13 0x0001bd7e
core   0: 0x80000788 (0x0000e2b1) c.bnez  a3, pc + 68
core   0: 3 0x80000788 (0xe2b1)
core   0: 0x800007cc (0x035a14b3) mulh    s1, s4, s5
core   0: 3 0x800007cc (0x035a14b3) x 9 0x00000000
core   0: 0x800007d0 (0x00008ee5) c.and   a3, s1
core   0: 3 0x800007d0 (0x8ee5) x13 0x00000000
core   0: 0x800007d2 (0x00008ebd) c.xor   a3, a5
core   0: 3 0x800007d2 (0x8ebd) x13 0x80041fff
core   0: 0x800007d4 (0x030b5c63) bge     s6, a6, pc + 56
core   0: 3 0x800007d4 (0x030b5c63)
core   0: 0x800007d8 (0x01f12e33) slt     t3, sp, t6
core   0: 3 0x800007d8 (0x01f12e33) x28 0x00000001
core   0: 0x800007dc (0x00004141) c.li    sp, 16
core   0: 3 0x800007dc (0x4141) x 2 0x00000010
core   0: 0x800007de (0x00000001) c.nop
core   0: 3 0x800007de (0x0001)
core   0: 0x800007e0 (0x00006441) c.lui   s0, 0x10
core   0: 3 0x800007e0 (0x6441) x 8 0x00010000
core   0: 0x800007e2 (0x0354e7b3) rem     a5, s1, s5
core   0: 3 0x800007e2 (0x0354e7b3) x15 0x00000000
core   0: 0x800007e6 (0x00000001) c.nop
core   0: 3 0x800007e6 (0x0001)
core   0: 0x800007e8 (0x00e0a933) slt     s2, ra, a4
core   0: 3 0x800007e8 (0x00e0a933) x18 0x00000001
core   0: 0x800007ec (0x016412b3) sll     t0, s0, s6
core   0: 3 0x800007ec (0x016412b3) x 5 0x00010000
core   0: 0x800007f0 (0x4061d293) srai    t0, gp, 6
core   0: 3 0x800007f0 (0x4061d293) x 5 0x00000069
core   0: 0x800007f4 (0x000069bd) c.lui   s3, 0xf
core   0: 3 0x800007f4 (0x69bd) x19 0x0000f000
core   0: 0x800007f6 (0x00008836) c.mv    a6, a3
core   0: 3 0x800007f6 (0x8836) x16 0x80041fff
core   0: 0x800007f8 (0x00000a84) c.addi4spn s1, sp, 336
core   0: 3 0x800007f8 (0x0a84) x 9 0x00000160
core   0: 0x800007fa (0x00b15863) bge     sp, a1, pc + 16
core   0: 3 0x800007fa (0x00b15863)
core   0: 0x8000080a (0x00008f72) c.mv    t5, t3
core   0: 3 0x8000080a (0x8f72) x30 0x00000001
core   0: 0x8000080c (0x00231913) slli    s2, t1, 2
core   0: 3 0x8000080c (0x00231913) x18 0x00385160
core   0: 0x80000810 (0x5824b393) sltiu   t2, s1, 1410
core   0: 3 0x80000810 (0x5824b393) x 7 0x00000001
core   0: 0x80000814 (0x01a7c0b3) xor     ra, a5, s10
core   0: 3 0x80000814 (0x01a7c0b3) x 1 0x00000000
core   0: 0x80000818 (0x411c5f33) sra     t5, s8, a7
core   0: 3 0x80000818 (0x411c5f33) x30 0x00000000
core   0: 0x8000081c (0x0182e863) bltu    t0, s8, pc + 16
core   0: 3 0x8000081c (0x0182e863)
core   0: 0x80000820 (0x00000001) c.nop
core   0: 3 0x80000820 (0x0001)
core   0: 0x80000822 (0x00000d18) c.addi4spn a4, sp, 656
core   0: 3 0x80000822 (0x0d18) x14 0x000002a0
core   0: 0x80000824 (0x011b0eb3) add     t4, s6, a7
core   0: 3 0x80000824 (0x011b0eb3) x29 0x3d7f3212
core   0: 0x80000828 (0x00005cfd) c.li    s9, -1
core   0: 3 0x80000828 (0x5cfd) x25 0xffffffff
core   0: 0x8000082a (0x000081ad) c.srli  a1, 11
core   0: 3 0x8000082a (0x81ad) x11 0x00100084
core   0: 0x8000082c (0x035b34b3) mulhu   s1, s6, s5
core   0: 3 0x8000082c (0x035b34b3) x 9 0x046e78ea
core   0: 0x80000830 (0x00006169) c.addi16sp sp, 208
core   0: 3 0x80000830 (0x6169) x 2 0x000000e0
core   0: 0x80000832 (0x96e87893) andi    a7, a6, -1682
core   0: 3 0x80000832 (0x96e87893) x17 0x8004196e
core   0: 0x80000836 (0x462e2a13) slti    s4, t3, 1122
core   0: 3 0x80000836 (0x462e2a13) x20 0x00000001
core   0: 0x8000083a (0x0037e9b3) or      s3, a5, gp
core   0: 3 0x8000083a (0x0037e9b3) x19 0x00001a51
core   0: 0x8000083e (0x14b87a13) andi    s4, a6, 331
core   0: 3 0x8000083e (0x14b87a13) x20 0x0000014b
core   0: 0x80000842 (0x00598d33) add     s10, s3, t0
core   0: 3 0x80000842 (0x00598d33) x26 0x00001aba
core   0: 0x80000846 (0x00000bd9) c.addi  s7, 22
core   0: 3 0x80000846 (0x0bd9) x23 0x80000713
core   0: 0x80000848 (0x01d1f4b3) and     s1, gp, t4
core   0: 3 0x80000848 (0x01d1f4b3) x 9 0x00001210
core   0: 0x8000084c (0x0ff0000f) fence   iorw,iorw
core   0: 3 0x8000084c (0x0ff0000f)
core   0: 0x80000850 (0x000016fd) c.addi  a3, -1
core   0: 3 0x80000850 (0x16fd) x13 0x80041ffe
core   0: 0x80000852 (0x0111db63) bge     gp, a7, pc + 22
core   0: 3 0x80000852 (0x0111db63)
core   0: 0x80000868 (0x0ff0000f) fence   iorw,iorw
core   0: 3 0x80000868 (0x0ff0000f)
core   0: 0x8000086c (0x37092493) slti    s1, s2, 880
core   0: 3 0x8000086c (0x37092493) x 9 0x00000000
core   0: 0x80000870 (0x00000751) c.addi  a4, 20
core   0: 3 0x80000870 (0x0751) x14 0x000002b4
core   0: 0x80000872 (0x00006f59) c.lui   t5, 0x16
core   0: 3 0x80000872 (0x6f59) x30 0x00016000
core   0: 0x80000874 (0xe2942017) auipc   zero, 0xe2942
core   0: 3 0x80000874 (0xe2942017)
core   0: 0x80000878 (0x00631893) slli    a7, t1, 6
core   0: 3 0x80000878 (0x00631893) x17 0x03851600
core   0: 0x8000087c (0x00008f69) c.and   a4, a0
core   0: 3 0x8000087c (0x8f69) x14 0x00000224
core   0: 0x8000087e (0x000060f1) c.lui   ra, 0x1c
core   0: 3 0x8000087e (0x60f1) x 1 0x0001c000
core   0: 0x80000880 (0x00ca4833) xor     a6, s4, a2
core   0: 3 0x80000880 (0x00ca4833) x16 0x0000014b
core   0: 0x80000884 (0x00001d7d) c.addi  s10, -1
core   0: 3 0x80000884 (0x1d7d) x26 0x00001ab9
core   0: 0x80000886 (0x000085c5) c.srai  a1, 17
core   0: 3 0x80000886 (0x85c5) x11 0x00000008
core   0: 0x80000888 (0x03537993) andi    s3, t1, 53
core   0: 3 0x80000888 (0x03537993) x19 0x00000010
core   0: 0x8000088c (0x00006119) c.addi16sp sp, 384
core   0: 3 0x8000088c (0x6119) x 2 0x00000260
core   0: 0x8000088e (0x00008f3e) c.mv    t5, a5
core   0: 3 0x8000088e (0x8f3e) x30 0x00000000
core   0: 0x80000890 (0x000099fd) c.andi  a1, -1
core   0: 3 0x80000890 (0x99fd) x11 0x00000008
core   0: 0x80000892 (0x00008cd1) c.or    s1, a2
core   0: 3 0x80000892 (0x8cd1) x 9 0x00000000
core   0: 0x80000894 (0x00008f9d) c.sub   a5, a5
core   0: 3 0x80000894 (0x8f9d) x15 0x00000000
core   0: 0x80000896 (0xf25db717) auipc   a4, 0xf25db
core   0: 3 0x80000896 (0xf25db717) x14 0x725db896
core   0: 0x8000089a (0x0000ca11) c.beqz  a2, pc + 20
core   0: 3 0x8000089a (0xca11)
core   0: 0x800008ae (0x02f296b3) mulh    a3, t0, a5
core   0: 3 0x800008ae (0x02f296b3) x13 0x00000000
core   0: 0x800008b2 (0x00008c51) c.or    s0, a2
core   0: 3 0x800008b2 (0x8c51) x 8 0x00010000
core   0: 0x800008b4 (0x004fe833) or      a6, t6, tp
core   0: 3 0x800008b4 (0x004fe833) x16 0xf0e01a51
core   0: 0x800008b8 (0x00000a97) auipc   s5, 0x0
core   0: 3 0x800008b8 (0x00000a97) x21 0x800008b8
core   0: 0x800008bc (0x00ca8a93) addi    s5, s5, 12
core   0: 3 0x800008bc (0x00ca8a93) x21 0x800008c4
core   0: 0x800008c0 (0x000a8067) jr      s5
core   0: 3 0x800008c0 (0x000a8067)
core   0: 0x800008c4 (0x00004185) c.li    gp, 1
core   0: 3 0x800008c4 (0x4185) x 3 0x00000001
core   0: 0x800008c6 (0x00000073) ecall
core   0: exception trap_machine_ecall, epc 0x800008c6
core   0: >>>>  mtvec_handler
core   0: 0x8000b858 (0x00001df1) c.addi  s11, -4
core   0: 3 0x8000b858 (0x1df1) x27 0x80025ce0
core   0: 0x8000b85a (0x00ada023) sw      a0, 0(s11)
core   0: 3 0x8000b85a (0x00ada023) mem 0x80025ce0 0x80021e64
core   0: 0x8000b85e (0x000d8533) add     a0, s11, zero
core   0: 3 0x8000b85e (0x000d8533) x10 0x80025ce0
core   0: 0x8000b862 (0xf8050513) addi    a0, a0, -128
core   0: 3 0x8000b862 (0xf8050513) x10 0x80025c60
core   0: 0x8000b866 (0x00152223) sw      ra, 4(a0)
core   0: 3 0x8000b866 (0x00152223) mem 0x80025c64 0x0001c000
core   0: 0x8000b86a (0x00252423) sw      sp, 8(a0)
core   0: 3 0x8000b86a (0x00252423) mem 0x80025c68 0x00000260
core   0: 0x8000b86e (0x00352623) sw      gp, 12(a0)
core   0: 3 0x8000b86e (0x00352623) mem 0x80025c6c 0x00000001
core   0: 0x8000b872 (0x00452823) sw      tp, 16(a0)
core   0: 3 0x8000b872 (0x00452823) mem 0x80025c70 0xf0e00011
core   0: 0x8000b876 (0x00552a23) sw      t0, 20(a0)
core   0: 3 0x8000b876 (0x00552a23) mem 0x80025c74 0x00000069
core   0: 0x8000b87a (0x00652c23) sw      t1, 24(a0)
core   0: 3 0x8000b87a (0x00652c23) mem 0x80025c78 0x000e1458
core   0: 0x8000b87e (0x00752e23) sw      t2, 28(a0)
core   0: 3 0x8000b87e (0x00752e23) mem 0x80025c7c 0x00000001
core   0: 0x8000b882 (0x0000d100) c.sw    s0, 32(a0)
core   0: 3 0x8000b882 (0xd100) mem 0x80025c80 0x00010000
core   0: 0x8000b884 (0x0000d144) c.sw    s1, 36(a0)
core   0: 3 0x8000b884 (0xd144) mem 0x80025c84 0x00000000
core   0: 0x8000b886 (0x0000d508) c.sw    a0, 40(a0)
core   0: 3 0x8000b886 (0xd508) mem 0x80025c88 0x80025c60
core   0: 0x8000b888 (0x0000d54c) c.sw    a1, 44(a0)
core   0: 3 0x8000b888 (0xd54c) mem 0x80025c8c 0x00000008
core   0: 0x8000b88a (0x0000d910) c.sw    a2, 48(a0)
core   0: 3 0x8000b88a (0xd910) mem 0x80025c90 0x00000000
core   0: 0x8000b88c (0x0000d954) c.sw    a3, 52(a0)
core   0: 3 0x8000b88c (0xd954) mem 0x80025c94 0x00000000
core   0: 0x8000b88e (0x0000dd18) c.sw    a4, 56(a0)
core   0: 3 0x8000b88e (0xdd18) mem 0x80025c98 0x725db896
core   0: 0x8000b890 (0x0000dd5c) c.sw    a5, 60(a0)
core   0: 3 0x8000b890 (0xdd5c) mem 0x80025c9c 0x00000000
core   0: 0x8000b892 (0x05052023) sw      a6, 64(a0)
core   0: 3 0x8000b892 (0x05052023) mem 0x80025ca0 0xf0e01a51
core   0: 0x8000b896 (0x05152223) sw      a7, 68(a0)
core   0: 3 0x8000b896 (0x05152223) mem 0x80025ca4 0x03851600
core   0: 0x8000b89a (0x05252423) sw      s2, 72(a0)
core   0: 3 0x8000b89a (0x05252423) mem 0x80025ca8 0x00385160
core   0: 0x8000b89e (0x05352623) sw      s3, 76(a0)
core   0: 3 0x8000b89e (0x05352623) mem 0x80025cac 0x00000010
core   0: 0x8000b8a2 (0x05452823) sw      s4, 80(a0)
core   0: 3 0x8000b8a2 (0x05452823) mem 0x80025cb0 0x0000014b
core   0: 0x8000b8a6 (0x05552a23) sw      s5, 84(a0)
core   0: 3 0x8000b8a6 (0x05552a23) mem 0x80025cb4 0x800008c4
core   0: 0x8000b8aa (0x05652c23) sw      s6, 88(a0)
core   0: 3 0x8000b8aa (0x05652c23) mem 0x80025cb8 0x87c0a000
core   0: 0x8000b8ae (0x05752e23) sw      s7, 92(a0)
core   0: 3 0x8000b8ae (0x05752e23) mem 0x80025cbc 0x80000713
core   0: 0x8000b8b2 (0x07852023) sw      s8, 96(a0)
core   0: 3 0x8000b8b2 (0x07852023) mem 0x80025cc0 0x00000001
core   0: 0x8000b8b6 (0x07952223) sw      s9, 100(a0)
core   0: 3 0x8000b8b6 (0x07952223) mem 0x80025cc4 0xffffffff
core   0: 0x8000b8ba (0x07a52423) sw      s10, 104(a0)
core   0: 3 0x8000b8ba (0x07a52423) mem 0x80025cc8 0x00001ab9
core   0: 0x8000b8be (0x07b52623) sw      s11, 108(a0)
core   0: 3 0x8000b8be (0x07b52623) mem 0x80025ccc 0x80025ce0
core   0: 0x8000b8c2 (0x07c52823) sw      t3, 112(a0)
core   0: 3 0x8000b8c2 (0x07c52823) mem 0x80025cd0 0x00000001
core   0: 0x8000b8c6 (0x07d52a23) sw      t4, 116(a0)
core   0: 3 0x8000b8c6 (0x07d52a23) mem 0x80025cd4 0x3d7f3212
core   0: 0x8000b8ca (0x07e52c23) sw      t5, 120(a0)
core   0: 3 0x8000b8ca (0x07e52c23) mem 0x80025cd8 0x00000000
core   0: 0x8000b8ce (0x07f52e23) sw      t6, 124(a0)
core   0: 3 0x8000b8ce (0x07f52e23) mem 0x80025cdc 0x00001a51
core   0: 0x8000b8d2 (0x00050db3) add     s11, a0, zero
core   0: 3 0x8000b8d2 (0x00050db3) x27 0x80025c60
core   0: 0x8000b8d6 (0x300026f3) csrr    a3, mstatus
core   0: 3 0x8000b8d6 (0x300026f3) x13 0x00001800
core   0: 0x8000b8da (0x342026f3) csrr    a3, mcause
core   0: 3 0x8000b8da (0x342026f3) x13 0x0000000b
core   0: 0x8000b8de (0x000082fd) c.srli  a3, 31
core   0: 3 0x8000b8de (0x82fd) x13 0x00000000
core   0: 0x8000b8e0 (0x38069263) bnez    a3, pc + 900
core   0: 3 0x8000b8e0 (0x38069263)
core   0: 0x8000b8e4 (0x341026f3) csrr    a3, mepc
core   0: 3 0x8000b8e4 (0x341026f3) x13 0x800008c6
core   0: 0x8000b8e8 (0x342026f3) csrr    a3, mcause
core   0: 3 0x8000b8e8 (0x342026f3) x13 0x0000000b
core   0: 0x8000b8ec (0x00004b8d) c.li    s7, 3
core   0: 3 0x8000b8ec (0x4b8d) x23 0x00000003
core   0: 0x8000b8ee (0x25768d63) beq     a3, s7, pc + 602
core   0: 3 0x8000b8ee (0x25768d63)
core   0: 0x8000b8f2 (0x00004ba1) c.li    s7, 8
core   0: 3 0x8000b8f2 (0x4ba1) x23 0x00000008
core   0: 0x8000b8f4 (0x05768563) beq     a3, s7, pc + 74
core   0: 3 0x8000b8f4 (0x05768563)
core   0: 0x8000b8f8 (0x00004ba5) c.li    s7, 9
core   0: 3 0x8000b8f8 (0x4ba5) x23 0x00000009
core   0: 0x8000b8fa (0x05768263) beq     a3, s7, pc + 68
core   0: 3 0x8000b8fa (0x05768263)
core   0: 0x8000b8fe (0x00004bad) c.li    s7, 11
core   0: 3 0x8000b8fe (0x4bad) x23 0x0000000b
core   0: 0x8000b900 (0x03768f63) beq     a3, s7, pc + 62
core   0: 3 0x8000b900 (0x03768f63)
core   0: 0x8000b93e (0xffff4697) auipc   a3, 0xffff4
core   0: 3 0x8000b93e (0xffff4697) x13 0x7ffff93e
core   0: 0x8000b942 (0x6c268693) addi    a3, a3, 1730
core   0: 3 0x8000b942 (0x6c268693) x13 0x80000000
core   0: 0x8000b946 (0x0006a023) sw      zero, 0(a3)
core   0: 3 0x8000b946 (0x0006a023) mem 0x80000000 0x00000000
core   0: 0x8000b94a (0x0016a223) sw      ra, 4(a3)
core   0: 3 0x8000b94a (0x0016a223) mem 0x80000004 0x0001c000
core   0: 0x8000b94e (0x0026a423) sw      sp, 8(a3)
core   0: 3 0x8000b94e (0x0026a423) mem 0x80000008 0x00000260
core   0: 0x8000b952 (0x0036a623) sw      gp, 12(a3)
core   0: 3 0x8000b952 (0x0036a623) mem 0x8000000c 0x00000001
core   0: 0x8000b956 (0x0046a823) sw      tp, 16(a3)
core   0: 3 0x8000b956 (0x0046a823) mem 0x80000010 0xf0e00011
core   0: 0x8000b95a (0x0056aa23) sw      t0, 20(a3)
core   0: 3 0x8000b95a (0x0056aa23) mem 0x80000014 0x00000069
core   0: 0x8000b95e (0x0066ac23) sw      t1, 24(a3)
core   0: 3 0x8000b95e (0x0066ac23) mem 0x80000018 0x000e1458
core   0: 0x8000b962 (0x0076ae23) sw      t2, 28(a3)
core   0: 3 0x8000b962 (0x0076ae23) mem 0x8000001c 0x00000001
core   0: 0x8000b966 (0x0000d280) c.sw    s0, 32(a3)
core   0: 3 0x8000b966 (0xd280) mem 0x80000020 0x00010000
core   0: 0x8000b968 (0x0000d2c4) c.sw    s1, 36(a3)
core   0: 3 0x8000b968 (0xd2c4) mem 0x80000024 0x00000000
core   0: 0x8000b96a (0x0000d688) c.sw    a0, 40(a3)
core   0: 3 0x8000b96a (0xd688) mem 0x80000028 0x80025c60
core   0: 0x8000b96c (0x0000d6cc) c.sw    a1, 44(a3)
core   0: 3 0x8000b96c (0xd6cc) mem 0x8000002c 0x00000008
core   0: 0x8000b96e (0x0000da90) c.sw    a2, 48(a3)
core   0: 3 0x8000b96e (0xda90) mem 0x80000030 0x00000000
core   0: 0x8000b970 (0x0000dad4) c.sw    a3, 52(a3)
core   0: 3 0x8000b970 (0xdad4) mem 0x80000034 0x80000000
core   0: 0x8000b972 (0x0000de98) c.sw    a4, 56(a3)
core   0: 3 0x8000b972 (0xde98) mem 0x80000038 0x725db896
core   0: 0x8000b974 (0x0000dedc) c.sw    a5, 60(a3)
core   0: 3 0x8000b974 (0xdedc) mem 0x8000003c 0x00000000
core   0: 0x8000b976 (0x0506a023) sw      a6, 64(a3)
core   0: 3 0x8000b976 (0x0506a023) mem 0x80000040 0xf0e01a51
core   0: 0x8000b97a (0x0516a223) sw      a7, 68(a3)
core   0: 3 0x8000b97a (0x0516a223) mem 0x80000044 0x03851600
core   0: 0x8000b97e (0x0526a423) sw      s2, 72(a3)
core   0: 3 0x8000b97e (0x0526a423) mem 0x80000048 0x00385160
core   0: 0x8000b982 (0x0536a623) sw      s3, 76(a3)
core   0: 3 0x8000b982 (0x0536a623) mem 0x8000004c 0x00000010
core   0: 0x8000b986 (0x0546a823) sw      s4, 80(a3)
core   0: 3 0x8000b986 (0x0546a823) mem 0x80000050 0x0000014b
core   0: 0x8000b98a (0x0556aa23) sw      s5, 84(a3)
core   0: 3 0x8000b98a (0x0556aa23) mem 0x80000054 0x800008c4
core   0: 0x8000b98e (0x0566ac23) sw      s6, 88(a3)
core   0: 3 0x8000b98e (0x0566ac23) mem 0x80000058 0x87c0a000
core   0: 0x8000b992 (0x0576ae23) sw      s7, 92(a3)
core   0: 3 0x8000b992 (0x0576ae23) mem 0x8000005c 0x0000000b
core   0: 0x8000b996 (0x0786a023) sw      s8, 96(a3)
core   0: 3 0x8000b996 (0x0786a023) mem 0x80000060 0x00000001
core   0: 0x8000b99a (0x0796a223) sw      s9, 100(a3)
core   0: 3 0x8000b99a (0x0796a223) mem 0x80000064 0xffffffff
core   0: 0x8000b99e (0x07a6a423) sw      s10, 104(a3)
core   0: 3 0x8000b99e (0x07a6a423) mem 0x80000068 0x00001ab9
core   0: 0x8000b9a2 (0x07b6a623) sw      s11, 108(a3)
core   0: 3 0x8000b9a2 (0x07b6a623) mem 0x8000006c 0x80025c60
core   0: 0x8000b9a6 (0x07c6a823) sw      t3, 112(a3)
core   0: 3 0x8000b9a6 (0x07c6a823) mem 0x80000070 0x00000001
core   0: 0x8000b9aa (0x07d6aa23) sw      t4, 116(a3)
core   0: 3 0x8000b9aa (0x07d6aa23) mem 0x80000074 0x3d7f3212
core   0: 0x8000b9ae (0x07e6ac23) sw      t5, 120(a3)
core   0: 3 0x8000b9ae (0x07e6ac23) mem 0x80000078 0x00000000
core   0: 0x8000b9b2 (0x07f6ae23) sw      t6, 124(a3)
core   0: 3 0x8000b9b2 (0x07f6ae23) mem 0x8000007c 0x00001a51
core   0: 0x8000b9b6 (0x00000a97) auipc   s5, 0x0
core   0: 3 0x8000b9b6 (0x00000a97) x21 0x8000b9b6
core   0: 0x8000b9ba (0xe96a8a93) addi    s5, s5, -362
core   0: 3 0x8000b9ba (0xe96a8a93) x21 0x8000b84c
core   0: 0x8000b9be (0x000a8067) jr      s5
core   0: 3 0x8000b9be (0x000a8067)
core   0: 0x8000b84c (0x00000f17) auipc   t5, 0x0
core   0: 3 0x8000b84c (0x00000f17) x30 0x8000b84c
core   0: 0x8000b850 (0x7a3f2a23) sw      gp, 1972(t5)
core   0: 3 0x8000b850 (0x7a3f2a23) mem 0x8000c000 0x00000001
core   0: 0x8000b854 (0x0000bfe5) c.j     pc - 8
core   0: 3 0x8000b854 (0xbfe5)
core   0: 0x8000b84c (0x00000f17) auipc   t5, 0x0
core   0: 3 0x8000b84c (0x00000f17) x30 0x8000b84c
core   0: 0x8000b850 (0x7a3f2a23) sw      gp, 1972(t5)
core   0: 3 0x8000b850 (0x7a3f2a23) mem 0x8000c000 0x00000001
core   0: 0x8000b854 (0x0000bfe5) c.j     pc - 8
core   0: 3 0x8000b854 (0xbfe5)
core   0: 0x8000b84c (0x00000f17) auipc   t5, 0x0
core   0: 3 0x8000b84c (0x00000f17) x30 0x8000b84c
core   0: 0x8000b850 (0x7a3f2a23) sw      gp, 1972(t5)
core   0: 3 0x8000b850 (0x7a3f2a23) mem 0x8000c000 0x00000001
core   0: 0x8000b854 (0x0000bfe5) c.j     pc - 8
core   0: 3 0x8000b854 (0xbfe5)
core   0: 0x8000b84c (0x00000f17) auipc   t5, 0x0
core   0: 3 0x8000b84c (0x00000f17) x30 0x8000b84c
core   0: 0x8000b850 (0x7a3f2a23) sw      gp, 1972(t5)
core   0: 3 0x8000b850 (0x7a3f2a23) mem 0x8000c000 0x00000001
core   0: 0x8000b854 (0x0000bfe5) c.j     pc - 8
core   0: 3 0x8000b854 (0xbfe5)
core   0: 0x8000b84c (0x00000f17) auipc   t5, 0x0
core   0: 3 0x8000b84c (0x00000f17) x30 0x8000b84c
core   0: 0x8000b850 (0x7a3f2a23) sw      gp, 1972(t5)
core   0: 3 0x8000b850 (0x7a3f2a23) mem 0x8000c000 0x00000001
core   0: 0x8000b854 (0x0000bfe5) c.j     pc - 8
core   0: 3 0x8000b854 (0xbfe5)
core   0: 0x8000b84c (0x00000f17) auipc   t5, 0x0
core   0: 3 0x8000b84c (0x00000f17) x30 0x8000b84c
core   0: 0x8000b850 (0x7a3f2a23) sw      gp, 1972(t5)
core   0: 3 0x8000b850 (0x7a3f2a23) mem 0x8000c000 0x00000001
core   0: 0x8000b854 (0x0000bfe5) c.j     pc - 8
core   0: 3 0x8000b854 (0xbfe5)
core   0: 0x8000b84c (0x00000f17) auipc   t5, 0x0
core   0: 3 0x8000b84c (0x00000f17) x30 0x8000b84c
core   0: 0x8000b850 (0x7a3f2a23) sw      gp, 1972(t5)
core   0: 3 0x8000b850 (0x7a3f2a23) mem 0x8000c000 0x00000001
core   0: 0x8000b854 (0x0000bfe5) c.j     pc - 8
core   0: 3 0x8000b854 (0xbfe5)
core   0: 0x8000b84c (0x00000f17) auipc   t5, 0x0
core   0: 3 0x8000b84c (0x00000f17) x30 0x8000b84c
core   0: 0x8000b850 (0x7a3f2a23) sw      gp, 1972(t5)
core   0: 3 0x8000b850 (0x7a3f2a23) mem 0x8000c000 0x00000001
core   0: 0x8000b854 (0x0000bfe5) c.j     pc - 8
core   0: 3 0x8000b854 (0xbfe5)
core   0: 0x8000b84c (0x00000f17) auipc   t5, 0x0
core   0: 3 0x8000b84c (0x00000f17) x30 0x8000b84c
core   0: 0x8000b850 (0x7a3f2a23) sw      gp, 1972(t5)
core   0: 3 0x8000b850 (0x7a3f2a23) mem 0x8000c000 0x00000001
core   0: 0x8000b854 (0x0000bfe5) c.j     pc - 8
core   0: 3 0x8000b854 (0xbfe5)
core   0: 0x8000b84c (0x00000f17) auipc   t5, 0x0
core   0: 3 0x8000b84c (0x00000f17) x30 0x8000b84c
core   0: 0x8000b850 (0x7a3f2a23) sw      gp, 1972(t5)
core   0: 3 0x8000b850 (0x7a3f2a23) mem 0x8000c000 0x00000001
core   0: 0x8000b854 (0x0000bfe5) c.j     pc - 8
core   0: 3 0x8000b854 (0xbfe5)
core   0: 0x8000b84c (0x00000f17) auipc   t5, 0x0
core   0: 3 0x8000b84c (0x00000f17) x30 0x8000b84c
core   0: 0x8000b850 (0x7a3f2a23) sw      gp, 1972(t5)
core   0: 3 0x8000b850 (0x7a3f2a23) mem 0x8000c000 0x00000001
core   0: 0x8000b854 (0x0000bfe5) c.j     pc - 8
core   0: 3 0x8000b854 (0xbfe5)
core   0: 0x8000b84c (0x00000f17) auipc   t5, 0x0
core   0: 3 0x8000b84c (0x00000f17) x30 0x8000b84c
core   0: 0x8000b850 (0x7a3f2a23) sw      gp, 1972(t5)
core   0: 3 0x8000b850 (0x7a3f2a23) mem 0x8000c000 0x00000001
core   0: 0x8000b854 (0x0000bfe5) c.j     pc - 8
core   0: 3 0x8000b854 (0xbfe5)
core   0: 0x8000b84c (0x00000f17) auipc   t5, 0x0
core   0: 3 0x8000b84c (0x00000f17) x30 0x8000b84c
core   0: 0x8000b850 (0x7a3f2a23) sw      gp, 1972(t5)
core   0: 3 0x8000b850 (0x7a3f2a23) mem 0x8000c000 0x00000001
core   0: 0x8000b854 (0x0000bfe5) c.j     pc - 8
core   0: 3 0x8000b854 (0xbfe5)
core   0: 0x8000b84c (0x00000f17) auipc   t5, 0x0
core   0: 3 0x8000b84c (0x00000f17) x30 0x8000b84c
core   0: 0x8000b850 (0x7a3f2a23) sw      gp, 1972(t5)
core   0: 3 0x8000b850 (0x7a3f2a23) mem 0x8000c000 0x00000001
core   0: 0x8000b854 (0x0000bfe5) c.j     pc - 8
core   0: 3 0x8000b854 (0xbfe5)
core   0: 0x8000b84c (0x00000f17) auipc   t5, 0x0
core   0: 3 0x8000b84c (0x00000f17) x30 0x8000b84c
core   0: 0x8000b850 (0x7a3f2a23) sw      gp, 1972(t5)
core   0: 3 0x8000b850 (0x7a3f2a23) mem 0x8000c000 0x00000001
core   0: 0x8000b854 (0x0000bfe5) c.j     pc - 8
core   0: 3 0x8000b854 (0xbfe5)
core   0: 0x8000b84c (0x00000f17) auipc   t5, 0x0
core   0: 3 0x8000b84c (0x00000f17) x30 0x8000b84c
core   0: 0x8000b850 (0x7a3f2a23) sw      gp, 1972(t5)
core   0: 3 0x8000b850 (0x7a3f2a23) mem 0x8000c000 0x00000001
core   0: 0x8000b854 (0x0000bfe5) c.j     pc - 8
core   0: 3 0x8000b854 (0xbfe5)
core   0: 0x8000b84c (0x00000f17) auipc   t5, 0x0
core   0: 3 0x8000b84c (0x00000f17) x30 0x8000b84c
core   0: 0x8000b850 (0x7a3f2a23) sw      gp, 1972(t5)
core   0: 3 0x8000b850 (0x7a3f2a23) mem 0x8000c000 0x00000001
core   0: 0x8000b854 (0x0000bfe5) c.j     pc - 8
core   0: 3 0x8000b854 (0xbfe5)
core   0: 0x8000b84c (0x00000f17) auipc   t5, 0x0
core   0: 3 0x8000b84c (0x00000f17) x30 0x8000b84c
core   0: 0x8000b850 (0x7a3f2a23) sw      gp, 1972(t5)
core   0: 3 0x8000b850 (0x7a3f2a23) mem 0x8000c000 0x00000001
core   0: 0x8000b854 (0x0000bfe5) c.j     pc - 8
core   0: 3 0x8000b854 (0xbfe5)
core   0: 0x8000b84c (0x00000f17) auipc   t5, 0x0
core   0: 3 0x8000b84c (0x00000f17) x30 0x8000b84c
core   0: 0x8000b850 (0x7a3f2a23) sw      gp, 1972(t5)
core   0: 3 0x8000b850 (0x7a3f2a23) mem 0x8000c000 0x00000001
core   0: 0x8000b854 (0x0000bfe5) c.j     pc - 8
core   0: 3 0x8000b854 (0xbfe5)
core   0: 0x8000b84c (0x00000f17) auipc   t5, 0x0
core   0: 3 0x8000b84c (0x00000f17) x30 0x8000b84c
core   0: 0x8000b850 (0x7a3f2a23) sw      gp, 1972(t5)
core   0: 3 0x8000b850 (0x7a3f2a23) mem 0x8000c000 0x00000001
core   0: 0x8000b854 (0x0000bfe5) c.j     pc - 8
core   0: 3 0x8000b854 (0xbfe5)
core   0: 0x8000b84c (0x00000f17) auipc   t5, 0x0
core   0: 3 0x8000b84c (0x00000f17) x30 0x8000b84c
core   0: 0x8000b850 (0x7a3f2a23) sw      gp, 1972(t5)
core   0: 3 0x8000b850 (0x7a3f2a23) mem 0x8000c000 0x00000001
core   0: 0x8000b854 (0x0000bfe5) c.j     pc - 8
core   0: 3 0x8000b854 (0xbfe5)
core   0: 0x8000b84c (0x00000f17) auipc   t5, 0x0
core   0: 3 0x8000b84c (0x00000f17) x30 0x8000b84c
core   0: 0x8000b850 (0x7a3f2a23) sw      gp, 1972(t5)
core   0: 3 0x8000b850 (0x7a3f2a23) mem 0x8000c000 0x00000001
core   0: 0x8000b854 (0x0000bfe5) c.j     pc - 8
core   0: 3 0x8000b854 (0xbfe5)
core   0: 0x8000b84c (0x00000f17) auipc   t5, 0x0
core   0: 3 0x8000b84c (0x00000f17) x30 0x8000b84c
core   0: 0x8000b850 (0x7a3f2a23) sw      gp, 1972(t5)
core   0: 3 0x8000b850 (0x7a3f2a23) mem 0x8000c000 0x00000001
core   0: 0x8000b854 (0x0000bfe5) c.j     pc - 8
core   0: 3 0x8000b854 (0xbfe5)
core   0: 0x8000b84c (0x00000f17) auipc   t5, 0x0
core   0: 3 0x8000b84c (0x00000f17) x30 0x8000b84c
core   0: 0x8000b850 (0x7a3f2a23) sw      gp, 1972(t5)
core   0: 3 0x8000b850 (0x7a3f2a23) mem 0x8000c000 0x00000001
core   0: 0x8000b854 (0x0000bfe5) c.j     pc - 8
core   0: 3 0x8000b854 (0xbfe5)
core   0: 0x8000b84c (0x00000f17) auipc   t5, 0x0
core   0: 3 0x8000b84c (0x00000f17) x30 0x8000b84c
core   0: 0x8000b850 (0x7a3f2a23) sw      gp, 1972(t5)
core   0: 3 0x8000b850 (0x7a3f2a23) mem 0x8000c000 0x00000001
core   0: 0x8000b854 (0x0000bfe5) c.j     pc - 8
core   0: 3 0x8000b854 (0xbfe5)
core   0: 0x8000b84c (0x00000f17) auipc   t5, 0x0
core   0: 3 0x8000b84c (0x00000f17) x30 0x8000b84c
core   0: 0x8000b850 (0x7a3f2a23) sw      gp, 1972(t5)
core   0: 3 0x8000b850 (0x7a3f2a23) mem 0x8000c000 0x00000001
core   0: 0x8000b854 (0x0000bfe5) c.j     pc - 8
core   0: 3 0x8000b854 (0xbfe5)
core   0: 0x8000b84c (0x00000f17) auipc   t5, 0x0
core   0: 3 0x8000b84c (0x00000f17) x30 0x8000b84c
core   0: 0x8000b850 (0x7a3f2a23) sw      gp, 1972(t5)
core   0: 3 0x8000b850 (0x7a3f2a23) mem 0x8000c000 0x00000001
core   0: 0x8000b854 (0x0000bfe5) c.j     pc - 8
core   0: 3 0x8000b854 (0xbfe5)
core   0: 0x8000b84c (0x00000f17) auipc   t5, 0x0
core   0: 3 0x8000b84c (0x00000f17) x30 0x8000b84c
core   0: 0x8000b850 (0x7a3f2a23) sw      gp, 1972(t5)
core   0: 3 0x8000b850 (0x7a3f2a23) mem 0x8000c000 0x00000001
core   0: 0x8000b854 (0x0000bfe5) c.j     pc - 8
core   0: 3 0x8000b854 (0xbfe5)
core   0: 0x8000b84c (0x00000f17) auipc   t5, 0x0
core   0: 3 0x8000b84c (0x00000f17) x30 0x8000b84c
core   0: 0x8000b850 (0x7a3f2a23) sw      gp, 1972(t5)
core   0: 3 0x8000b850 (0x7a3f2a23) mem 0x8000c000 0x00000001
core   0: 0x8000b854 (0x0000bfe5) c.j     pc - 8
core   0: 3 0x8000b854 (0xbfe5)
core   0: 0x8000b84c (0x00000f17) auipc   t5, 0x0
core   0: 3 0x8000b84c (0x00000f17) x30 0x8000b84c
core   0: 0x8000b850 (0x7a3f2a23) sw      gp, 1972(t5)
core   0: 3 0x8000b850 (0x7a3f2a23) mem 0x8000c000 0x00000001
core   0: 0x8000b854 (0x0000bfe5) c.j     pc - 8
core   0: 3 0x8000b854 (0xbfe5)
core   0: 0x8000b84c (0x00000f17) auipc   t5, 0x0
core   0: 3 0x8000b84c (0x00000f17) x30 0x8000b84c
core   0: 0x8000b850 (0x7a3f2a23) sw      gp, 1972(t5)
core   0: 3 0x8000b850 (0x7a3f2a23) mem 0x8000c000 0x00000001
core   0: 0x8000b854 (0x0000bfe5) c.j     pc - 8
core   0: 3 0x8000b854 (0xbfe5)
core   0: 0x8000b84c (0x00000f17) auipc   t5, 0x0
core   0: 3 0x8000b84c (0x00000f17) x30 0x8000b84c
core   0: 0x8000b850 (0x7a3f2a23) sw      gp, 1972(t5)
core   0: 3 0x8000b850 (0x7a3f2a23) mem 0x8000c000 0x00000001
core   0: 0x8000b854 (0x0000bfe5) c.j     pc - 8
core   0: 3 0x8000b854 (0xbfe5)
core   0: 0x8000b84c (0x00000f17) auipc   t5, 0x0
core   0: 3 0x8000b84c (0x00000f17) x30 0x8000b84c
core   0: 0x8000b850 (0x7a3f2a23) sw      gp, 1972(t5)
core   0: 3 0x8000b850 (0x7a3f2a23) mem 0x8000c000 0x00000001
core   0: 0x8000b854 (0x0000bfe5) c.j     pc - 8
core   0: 3 0x8000b854 (0xbfe5)
core   0: 0x8000b84c (0x00000f17) auipc   t5, 0x0
core   0: 3 0x8000b84c (0x00000f17) x30 0x8000b84c
core   0: 0x8000b850 (0x7a3f2a23) sw      gp, 1972(t5)
core   0: 3 0x8000b850 (0x7a3f2a23) mem 0x8000c000 0x00000001
core   0: 0x8000b854 (0x0000bfe5) c.j     pc - 8
core   0: 3 0x8000b854 (0xbfe5)
core   0: 0x8000b84c (0x00000f17) auipc   t5, 0x0
core   0: 3 0x8000b84c (0x00000f17) x30 0x8000b84c
core   0: 0x8000b850 (0x7a3f2a23) sw      gp, 1972(t5)
core   0: 3 0x8000b850 (0x7a3f2a23) mem 0x8000c000 0x00000001
core   0: 0x8000b854 (0x0000bfe5) c.j     pc - 8
core   0: 3 0x8000b854 (0xbfe5)
core   0: 0x8000b84c (0x00000f17) auipc   t5, 0x0
core   0: 3 0x8000b84c (0x00000f17) x30 0x8000b84c
core   0: 0x8000b850 (0x7a3f2a23) sw      gp, 1972(t5)
core   0: 3 0x8000b850 (0x7a3f2a23) mem 0x8000c000 0x00000001
core   0: 0x8000b854 (0x0000bfe5) c.j     pc - 8
core   0: 3 0x8000b854 (0xbfe5)
core   0: 0x8000b84c (0x00000f17) auipc   t5, 0x0
core   0: 3 0x8000b84c (0x00000f17) x30 0x8000b84c
core   0: 0x8000b850 (0x7a3f2a23) sw      gp, 1972(t5)
core   0: 3 0x8000b850 (0x7a3f2a23) mem 0x8000c000 0x00000001
core   0: 0x8000b854 (0x0000bfe5) c.j     pc - 8
core   0: 3 0x8000b854 (0xbfe5)
core   0: 0x8000b84c (0x00000f17) auipc   t5, 0x0
core   0: 3 0x8000b84c (0x00000f17) x30 0x8000b84c
core   0: 0x8000b850 (0x7a3f2a23) sw      gp, 1972(t5)
core   0: 3 0x8000b850 (0x7a3f2a23) mem 0x8000c000 0x00000001
core   0: 0x8000b854 (0x0000bfe5) c.j     pc - 8
core   0: 3 0x8000b854 (0xbfe5)
core   0: 0x8000b84c (0x00000f17) auipc   t5, 0x0
core   0: 3 0x8000b84c (0x00000f17) x30 0x8000b84c
core   0: 0x8000b850 (0x7a3f2a23) sw      gp, 1972(t5)
core   0: 3 0x8000b850 (0x7a3f2a23) mem 0x8000c000 0x00000001
core   0: 0x8000b854 (0x0000bfe5) c.j     pc - 8
core   0: 3 0x8000b854 (0xbfe5)
core   0: 0x8000b84c (0x00000f17) auipc   t5, 0x0
core   0: 3 0x8000b84c (0x00000f17) x30 0x8000b84c
core   0: 0x8000b850 (0x7a3f2a23) sw      gp, 1972(t5)
core   0: 3 0x8000b850 (0x7a3f2a23) mem 0x8000c000 0x00000001
core   0: 0x8000b854 (0x0000bfe5) c.j     pc - 8
core   0: 3 0x8000b854 (0xbfe5)
core   0: 0x8000b84c (0x00000f17) auipc   t5, 0x0
core   0: 3 0x8000b84c (0x00000f17) x30 0x8000b84c
core   0: 0x8000b850 (0x7a3f2a23) sw      gp, 1972(t5)
core   0: 3 0x8000b850 (0x7a3f2a23) mem 0x8000c000 0x00000001
core   0: 0x8000b854 (0x0000bfe5) c.j     pc - 8
core   0: 3 0x8000b854 (0xbfe5)
core   0: 0x8000b84c (0x00000f17) auipc   t5, 0x0
core   0: 3 0x8000b84c (0x00000f17) x30 0x8000b84c
core   0: 0x8000b850 (0x7a3f2a23) sw      gp, 1972(t5)
core   0: 3 0x8000b850 (0x7a3f2a23) mem 0x8000c000 0x00000001
core   0: 0x8000b854 (0x0000bfe5) c.j     pc - 8
core   0: 3 0x8000b854 (0xbfe5)
core   0: 0x8000b84c (0x00000f17) auipc   t5, 0x0
core   0: 3 0x8000b84c (0x00000f17) x30 0x8000b84c
core   0: 0x8000b850 (0x7a3f2a23) sw      gp, 1972(t5)
core   0: 3 0x8000b850 (0x7a3f2a23) mem 0x8000c000 0x00000001
core   0: 0x8000b854 (0x0000bfe5) c.j     pc - 8
core   0: 3 0x8000b854 (0xbfe5)
core   0: 0x8000b84c (0x00000f17) auipc   t5, 0x0
core   0: 3 0x8000b84c (0x00000f17) x30 0x8000b84c
core   0: 0x8000b850 (0x7a3f2a23) sw      gp, 1972(t5)
core   0: 3 0x8000b850 (0x7a3f2a23) mem 0x8000c000 0x00000001
core   0: 0x8000b854 (0x0000bfe5) c.j     pc - 8
core   0: 3 0x8000b854 (0xbfe5)
core   0: 0x8000b84c (0x00000f17) auipc   t5, 0x0
core   0: 3 0x8000b84c (0x00000f17) x30 0x8000b84c
core   0: 0x8000b850 (0x7a3f2a23) sw      gp, 1972(t5)
core   0: 3 0x8000b850 (0x7a3f2a23) mem 0x8000c000 0x00000001
core   0: 0x8000b854 (0x0000bfe5) c.j     pc - 8
core   0: 3 0x8000b854 (0xbfe5)
core   0: 0x8000b84c (0x00000f17) auipc   t5, 0x0
core   0: 3 0x8000b84c (0x00000f17) x30 0x8000b84c
core   0: 0x8000b850 (0x7a3f2a23) sw      gp, 1972(t5)
core   0: 3 0x8000b850 (0x7a3f2a23) mem 0x8000c000 0x00000001
core   0: 0x8000b854 (0x0000bfe5) c.j     pc - 8
core   0: 3 0x8000b854 (0xbfe5)
core   0: 0x8000b84c (0x00000f17) auipc   t5, 0x0
core   0: 3 0x8000b84c (0x00000f17) x30 0x8000b84c
core   0: 0x8000b850 (0x7a3f2a23) sw      gp, 1972(t5)
core   0: 3 0x8000b850 (0x7a3f2a23) mem 0x8000c000 0x00000001
core   0: 0x8000b854 (0x0000bfe5) c.j     pc - 8
core   0: 3 0x8000b854 (0xbfe5)
core   0: 0x8000b84c (0x00000f17) auipc   t5, 0x0
core   0: 3 0x8000b84c (0x00000f17) x30 0x8000b84c
core   0: 0x8000b850 (0x7a3f2a23) sw      gp, 1972(t5)
core   0: 3 0x8000b850 (0x7a3f2a23) mem 0x8000c000 0x00000001
core   0: 0x8000b854 (0x0000bfe5) c.j     pc - 8
core   0: 3 0x8000b854 (0xbfe5)
core   0: 0x8000b84c (0x00000f17) auipc   t5, 0x0
core   0: 3 0x8000b84c (0x00000f17) x30 0x8000b84c
core   0: 0x8000b850 (0x7a3f2a23) sw      gp, 1972(t5)
core   0: 3 0x8000b850 (0x7a3f2a23) mem 0x8000c000 0x00000001
core   0: 0x8000b854 (0x0000bfe5) c.j     pc - 8
core   0: 3 0x8000b854 (0xbfe5)
core   0: 0x8000b84c (0x00000f17) auipc   t5, 0x0
core   0: 3 0x8000b84c (0x00000f17) x30 0x8000b84c
core   0: 0x8000b850 (0x7a3f2a23) sw      gp, 1972(t5)
core   0: 3 0x8000b850 (0x7a3f2a23) mem 0x8000c000 0x00000001
core   0: 0x8000b854 (0x0000bfe5) c.j     pc - 8
core   0: 3 0x8000b854 (0xbfe5)
core   0: 0x8000b84c (0x00000f17) auipc   t5, 0x0
core   0: 3 0x8000b84c (0x00000f17) x30 0x8000b84c
core   0: 0x8000b850 (0x7a3f2a23) sw      gp, 1972(t5)
core   0: 3 0x8000b850 (0x7a3f2a23) mem 0x8000c000 0x00000001
core   0: 0x8000b854 (0x0000bfe5) c.j     pc - 8
core   0: 3 0x8000b854 (0xbfe5)
core   0: 0x8000b84c (0x00000f17) auipc   t5, 0x0
core   0: 3 0x8000b84c (0x00000f17) x30 0x8000b84c
core   0: 0x8000b850 (0x7a3f2a23) sw      gp, 1972(t5)
core   0: 3 0x8000b850 (0x7a3f2a23) mem 0x8000c000 0x00000001
core   0: 0x8000b854 (0x0000bfe5) c.j     pc - 8
core   0: 3 0x8000b854 (0xbfe5)
core   0: 0x8000b84c (0x00000f17) auipc   t5, 0x0
core   0: 3 0x8000b84c (0x00000f17) x30 0x8000b84c
core   0: 0x8000b850 (0x7a3f2a23) sw      gp, 1972(t5)
core   0: 3 0x8000b850 (0x7a3f2a23) mem 0x8000c000 0x00000001
core   0: 0x8000b854 (0x0000bfe5) c.j     pc - 8
core   0: 3 0x8000b854 (0xbfe5)
core   0: 0x8000b84c (0x00000f17) auipc   t5, 0x0
core   0: 3 0x8000b84c (0x00000f17) x30 0x8000b84c
core   0: 0x8000b850 (0x7a3f2a23) sw      gp, 1972(t5)
core   0: 3 0x8000b850 (0x7a3f2a23) mem 0x8000c000 0x00000001
core   0: 0x8000b854 (0x0000bfe5) c.j     pc - 8
core   0: 3 0x8000b854 (0xbfe5)
core   0: 0x8000b84c (0x00000f17) auipc   t5, 0x0
core   0: 3 0x8000b84c (0x00000f17) x30 0x8000b84c
core   0: 0x8000b850 (0x7a3f2a23) sw      gp, 1972(t5)
core   0: 3 0x8000b850 (0x7a3f2a23) mem 0x8000c000 0x00000001
core   0: 0x8000b854 (0x0000bfe5) c.j     pc - 8
core   0: 3 0x8000b854 (0xbfe5)
core   0: 0x8000b84c (0x00000f17) auipc   t5, 0x0
core   0: 3 0x8000b84c (0x00000f17) x30 0x8000b84c
core   0: 0x8000b850 (0x7a3f2a23) sw      gp, 1972(t5)
core   0: 3 0x8000b850 (0x7a3f2a23) mem 0x8000c000 0x00000001
core   0: 0x8000b854 (0x0000bfe5) c.j     pc - 8
core   0: 3 0x8000b854 (0xbfe5)
core   0: 0x8000b84c (0x00000f17) auipc   t5, 0x0
core   0: 3 0x8000b84c (0x00000f17) x30 0x8000b84c
core   0: 0x8000b850 (0x7a3f2a23) sw      gp, 1972(t5)
core   0: 3 0x8000b850 (0x7a3f2a23) mem 0x8000c000 0x00000001
core   0: 0x8000b854 (0x0000bfe5) c.j     pc - 8
core   0: 3 0x8000b854 (0xbfe5)
core   0: 0x8000b84c (0x00000f17) auipc   t5, 0x0
core   0: 3 0x8000b84c (0x00000f17) x30 0x8000b84c
core   0: 0x8000b850 (0x7a3f2a23) sw      gp, 1972(t5)
core   0: 3 0x8000b850 (0x7a3f2a23) mem 0x8000c000 0x00000001
core   0: 0x8000b854 (0x0000bfe5) c.j     pc - 8
core   0: 3 0x8000b854 (0xbfe5)
core   0: 0x8000b84c (0x00000f17) auipc   t5, 0x0
core   0: 3 0x8000b84c (0x00000f17) x30 0x8000b84c
core   0: 0x8000b850 (0x7a3f2a23) sw      gp, 1972(t5)
core   0: 3 0x8000b850 (0x7a3f2a23) mem 0x8000c000 0x00000001
core   0: 0x8000b854 (0x0000bfe5) c.j     pc - 8
core   0: 3 0x8000b854 (0xbfe5)
core   0: 0x8000b84c (0x00000f17) auipc   t5, 0x0
core   0: 3 0x8000b84c (0x00000f17) x30 0x8000b84c
core   0: 0x8000b850 (0x7a3f2a23) sw      gp, 1972(t5)
core   0: 3 0x8000b850 (0x7a3f2a23) mem 0x8000c000 0x00000001
core   0: 0x8000b854 (0x0000bfe5) c.j     pc - 8
core   0: 3 0x8000b854 (0xbfe5)
core   0: 0x8000b84c (0x00000f17) auipc   t5, 0x0
core   0: 3 0x8000b84c (0x00000f17) x30 0x8000b84c
core   0: 0x8000b850 (0x7a3f2a23) sw      gp, 1972(t5)
core   0: 3 0x8000b850 (0x7a3f2a23) mem 0x8000c000 0x00000001
core   0: 0x8000b854 (0x0000bfe5) c.j     pc - 8
core   0: 3 0x8000b854 (0xbfe5)
core   0: 0x8000b84c (0x00000f17) auipc   t5, 0x0
core   0: 3 0x8000b84c (0x00000f17) x30 0x8000b84c
core   0: 0x8000b850 (0x7a3f2a23) sw      gp, 1972(t5)
core   0: 3 0x8000b850 (0x7a3f2a23) mem 0x8000c000 0x00000001
core   0: 0x8000b854 (0x0000bfe5) c.j     pc - 8
core   0: 3 0x8000b854 (0xbfe5)
core   0: 0x8000b84c (0x00000f17) auipc   t5, 0x0
core   0: 3 0x8000b84c (0x00000f17) x30 0x8000b84c
core   0: 0x8000b850 (0x7a3f2a23) sw      gp, 1972(t5)
core   0: 3 0x8000b850 (0x7a3f2a23) mem 0x8000c000 0x00000001
core   0: 0x8000b854 (0x0000bfe5) c.j     pc - 8
core   0: 3 0x8000b854 (0xbfe5)
core   0: 0x8000b84c (0x00000f17) auipc   t5, 0x0
core   0: 3 0x8000b84c (0x00000f17) x30 0x8000b84c
core   0: 0x8000b850 (0x7a3f2a23) sw      gp, 1972(t5)
core   0: 3 0x8000b850 (0x7a3f2a23) mem 0x8000c000 0x00000001
core   0: 0x8000b854 (0x0000bfe5) c.j     pc - 8
core   0: 3 0x8000b854 (0xbfe5)
core   0: 0x8000b84c (0x00000f17) auipc   t5, 0x0
core   0: 3 0x8000b84c (0x00000f17) x30 0x8000b84c
core   0: 0x8000b850 (0x7a3f2a23) sw      gp, 1972(t5)
core   0: 3 0x8000b850 (0x7a3f2a23) mem 0x8000c000 0x00000001
core   0: 0x8000b854 (0x0000bfe5) c.j     pc - 8
core   0: 3 0x8000b854 (0xbfe5)
core   0: 0x8000b84c (0x00000f17) auipc   t5, 0x0
core   0: 3 0x8000b84c (0x00000f17) x30 0x8000b84c
core   0: 0x8000b850 (0x7a3f2a23) sw      gp, 1972(t5)
core   0: 3 0x8000b850 (0x7a3f2a23) mem 0x8000c000 0x00000001
core   0: 0x8000b854 (0x0000bfe5) c.j     pc - 8
core   0: 3 0x8000b854 (0xbfe5)
core   0: 0x8000b84c (0x00000f17) auipc   t5, 0x0
core   0: 3 0x8000b84c (0x00000f17) x30 0x8000b84c
core   0: 0x8000b850 (0x7a3f2a23) sw      gp, 1972(t5)
core   0: 3 0x8000b850 (0x7a3f2a23) mem 0x8000c000 0x00000001
core   0: 0x8000b854 (0x0000bfe5) c.j     pc - 8
core   0: 3 0x8000b854 (0xbfe5)
core   0: 0x8000b84c (0x00000f17) auipc   t5, 0x0
core   0: 3 0x8000b84c (0x00000f17) x30 0x8000b84c
core   0: 0x8000b850 (0x7a3f2a23) sw      gp, 1972(t5)
core   0: 3 0x8000b850 (0x7a3f2a23) mem 0x8000c000 0x00000001
core   0: 0x8000b854 (0x0000bfe5) c.j     pc - 8
core   0: 3 0x8000b854 (0xbfe5)
core   0: 0x8000b84c (0x00000f17) auipc   t5, 0x0
core   0: 3 0x8000b84c (0x00000f17) x30 0x8000b84c
core   0: 0x8000b850 (0x7a3f2a23) sw      gp, 1972(t5)
core   0: 3 0x8000b850 (0x7a3f2a23) mem 0x8000c000 0x00000001
core   0: 0x8000b854 (0x0000bfe5) c.j     pc - 8
core   0: 3 0x8000b854 (0xbfe5)
core   0: 0x8000b84c (0x00000f17) auipc   t5, 0x0
core   0: 3 0x8000b84c (0x00000f17) x30 0x8000b84c
core   0: 0x8000b850 (0x7a3f2a23) sw      gp, 1972(t5)
core   0: 3 0x8000b850 (0x7a3f2a23) mem 0x8000c000 0x00000001
core   0: 0x8000b854 (0x0000bfe5) c.j     pc - 8
core   0: 3 0x8000b854 (0xbfe5)
core   0: 0x8000b84c (0x00000f17) auipc   t5, 0x0
core   0: 3 0x8000b84c (0x00000f17) x30 0x8000b84c
core   0: 0x8000b850 (0x7a3f2a23) sw      gp, 1972(t5)
core   0: 3 0x8000b850 (0x7a3f2a23) mem 0x8000c000 0x00000001
core   0: 0x8000b854 (0x0000bfe5) c.j     pc - 8
core   0: 3 0x8000b854 (0xbfe5)
core   0: 0x8000b84c (0x00000f17) auipc   t5, 0x0
core   0: 3 0x8000b84c (0x00000f17) x30 0x8000b84c
core   0: 0x8000b850 (0x7a3f2a23) sw      gp, 1972(t5)
core   0: 3 0x8000b850 (0x7a3f2a23) mem 0x8000c000 0x00000001
core   0: 0x8000b854 (0x0000bfe5) c.j     pc - 8
core   0: 3 0x8000b854 (0xbfe5)
core   0: 0x8000b84c (0x00000f17) auipc   t5, 0x0
core   0: 3 0x8000b84c (0x00000f17) x30 0x8000b84c
core   0: 0x8000b850 (0x7a3f2a23) sw      gp, 1972(t5)
core   0: 3 0x8000b850 (0x7a3f2a23) mem 0x8000c000 0x00000001
core   0: 0x8000b854 (0x0000bfe5) c.j     pc - 8
core   0: 3 0x8000b854 (0xbfe5)
core   0: 0x8000b84c (0x00000f17) auipc   t5, 0x0
core   0: 3 0x8000b84c (0x00000f17) x30 0x8000b84c
core   0: 0x8000b850 (0x7a3f2a23) sw      gp, 1972(t5)
core   0: 3 0x8000b850 (0x7a3f2a23) mem 0x8000c000 0x00000001
core   0: 0x8000b854 (0x0000bfe5) c.j     pc - 8
core   0: 3 0x8000b854 (0xbfe5)
core   0: 0x8000b84c (0x00000f17) auipc   t5, 0x0
core   0: 3 0x8000b84c (0x00000f17) x30 0x8000b84c
core   0: 0x8000b850 (0x7a3f2a23) sw      gp, 1972(t5)
core   0: 3 0x8000b850 (0x7a3f2a23) mem 0x8000c000 0x00000001
core   0: 0x8000b854 (0x0000bfe5) c.j     pc - 8
core   0: 3 0x8000b854 (0xbfe5)
core   0: 0x8000b84c (0x00000f17) auipc   t5, 0x0
core   0: 3 0x8000b84c (0x00000f17) x30 0x8000b84c
core   0: 0x8000b850 (0x7a3f2a23) sw      gp, 1972(t5)
core   0: 3 0x8000b850 (0x7a3f2a23) mem 0x8000c000 0x00000001
core   0: 0x8000b854 (0x0000bfe5) c.j     pc - 8
core   0: 3 0x8000b854 (0xbfe5)
core   0: 0x8000b84c (0x00000f17) auipc   t5, 0x0
core   0: 3 0x8000b84c (0x00000f17) x30 0x8000b84c
core   0: 0x8000b850 (0x7a3f2a23) sw      gp, 1972(t5)
core   0: 3 0x8000b850 (0x7a3f2a23) mem 0x8000c000 0x00000001
core   0: 0x8000b854 (0x0000bfe5) c.j     pc - 8
core   0: 3 0x8000b854 (0xbfe5)
core   0: 0x8000b84c (0x00000f17) auipc   t5, 0x0
core   0: 3 0x8000b84c (0x00000f17) x30 0x8000b84c
core   0: 0x8000b850 (0x7a3f2a23) sw      gp, 1972(t5)
core   0: 3 0x8000b850 (0x7a3f2a23) mem 0x8000c000 0x00000001
core   0: 0x8000b854 (0x0000bfe5) c.j     pc - 8
core   0: 3 0x8000b854 (0xbfe5)
core   0: 0x8000b84c (0x00000f17) auipc   t5, 0x0
core   0: 3 0x8000b84c (0x00000f17) x30 0x8000b84c
core   0: 0x8000b850 (0x7a3f2a23) sw      gp, 1972(t5)
core   0: 3 0x8000b850 (0x7a3f2a23) mem 0x8000c000 0x00000001
core   0: 0x8000b854 (0x0000bfe5) c.j     pc - 8
core   0: 3 0x8000b854 (0xbfe5)
core   0: 0x8000b84c (0x00000f17) auipc   t5, 0x0
core   0: 3 0x8000b84c (0x00000f17) x30 0x8000b84c
core   0: 0x8000b850 (0x7a3f2a23) sw      gp, 1972(t5)
core   0: 3 0x8000b850 (0x7a3f2a23) mem 0x8000c000 0x00000001
core   0: 0x8000b854 (0x0000bfe5) c.j     pc - 8
core   0: 3 0x8000b854 (0xbfe5)
core   0: 0x8000b84c (0x00000f17) auipc   t5, 0x0
core   0: 3 0x8000b84c (0x00000f17) x30 0x8000b84c
core   0: 0x8000b850 (0x7a3f2a23) sw      gp, 1972(t5)
core   0: 3 0x8000b850 (0x7a3f2a23) mem 0x8000c000 0x00000001
core   0: 0x8000b854 (0x0000bfe5) c.j     pc - 8
core   0: 3 0x8000b854 (0xbfe5)
core   0: 0x8000b84c (0x00000f17) auipc   t5, 0x0
core   0: 3 0x8000b84c (0x00000f17) x30 0x8000b84c
core   0: 0x8000b850 (0x7a3f2a23) sw      gp, 1972(t5)
core   0: 3 0x8000b850 (0x7a3f2a23) mem 0x8000c000 0x00000001
core   0: 0x8000b854 (0x0000bfe5) c.j     pc - 8
core   0: 3 0x8000b854 (0xbfe5)
core   0: 0x8000b84c (0x00000f17) auipc   t5, 0x0
core   0: 3 0x8000b84c (0x00000f17) x30 0x8000b84c
core   0: 0x8000b850 (0x7a3f2a23) sw      gp, 1972(t5)
core   0: 3 0x8000b850 (0x7a3f2a23) mem 0x8000c000 0x00000001
core   0: 0x8000b854 (0x0000bfe5) c.j     pc - 8
core   0: 3 0x8000b854 (0xbfe5)
core   0: 0x8000b84c (0x00000f17) auipc   t5, 0x0
core   0: 3 0x8000b84c (0x00000f17) x30 0x8000b84c
core   0: 0x8000b850 (0x7a3f2a23) sw      gp, 1972(t5)
core   0: 3 0x8000b850 (0x7a3f2a23) mem 0x8000c000 0x00000001
core   0: 0x8000b854 (0x0000bfe5) c.j     pc - 8
core   0: 3 0x8000b854 (0xbfe5)
core   0: 0x8000b84c (0x00000f17) auipc   t5, 0x0
core   0: 3 0x8000b84c (0x00000f17) x30 0x8000b84c
core   0: 0x8000b850 (0x7a3f2a23) sw      gp, 1972(t5)
core   0: 3 0x8000b850 (0x7a3f2a23) mem 0x8000c000 0x00000001
core   0: 0x8000b854 (0x0000bfe5) c.j     pc - 8
core   0: 3 0x8000b854 (0xbfe5)
core   0: 0x8000b84c (0x00000f17) auipc   t5, 0x0
core   0: 3 0x8000b84c (0x00000f17) x30 0x8000b84c
core   0: 0x8000b850 (0x7a3f2a23) sw      gp, 1972(t5)
core   0: 3 0x8000b850 (0x7a3f2a23) mem 0x8000c000 0x00000001
core   0: 0x8000b854 (0x0000bfe5) c.j     pc - 8
core   0: 3 0x8000b854 (0xbfe5)
core   0: 0x8000b84c (0x00000f17) auipc   t5, 0x0
core   0: 3 0x8000b84c (0x00000f17) x30 0x8000b84c
core   0: 0x8000b850 (0x7a3f2a23) sw      gp, 1972(t5)
core   0: 3 0x8000b850 (0x7a3f2a23) mem 0x8000c000 0x00000001
core   0: 0x8000b854 (0x0000bfe5) c.j     pc - 8
core   0: 3 0x8000b854 (0xbfe5)
core   0: 0x8000b84c (0x00000f17) auipc   t5, 0x0
core   0: 3 0x8000b84c (0x00000f17) x30 0x8000b84c
core   0: 0x8000b850 (0x7a3f2a23) sw      gp, 1972(t5)
core   0: 3 0x8000b850 (0x7a3f2a23) mem 0x8000c000 0x00000001
core   0: 0x8000b854 (0x0000bfe5) c.j     pc - 8
core   0: 3 0x8000b854 (0xbfe5)
core   0: 0x8000b84c (0x00000f17) auipc   t5, 0x0
core   0: 3 0x8000b84c (0x00000f17) x30 0x8000b84c
core   0: 0x8000b850 (0x7a3f2a23) sw      gp, 1972(t5)
core   0: 3 0x8000b850 (0x7a3f2a23) mem 0x8000c000 0x00000001
core   0: 0x8000b854 (0x0000bfe5) c.j     pc - 8
core   0: 3 0x8000b854 (0xbfe5)
core   0: 0x8000b84c (0x00000f17) auipc   t5, 0x0
core   0: 3 0x8000b84c (0x00000f17) x30 0x8000b84c
core   0: 0x8000b850 (0x7a3f2a23) sw      gp, 1972(t5)
core   0: 3 0x8000b850 (0x7a3f2a23) mem 0x8000c000 0x00000001
core   0: 0x8000b854 (0x0000bfe5) c.j     pc - 8
core   0: 3 0x8000b854 (0xbfe5)
core   0: 0x8000b84c (0x00000f17) auipc   t5, 0x0
core   0: 3 0x8000b84c (0x00000f17) x30 0x8000b84c
core   0: 0x8000b850 (0x7a3f2a23) sw      gp, 1972(t5)
core   0: 3 0x8000b850 (0x7a3f2a23) mem 0x8000c000 0x00000001
core   0: 0x8000b854 (0x0000bfe5) c.j     pc - 8
core   0: 3 0x8000b854 (0xbfe5)
core   0: 0x8000b84c (0x00000f17) auipc   t5, 0x0
core   0: 3 0x8000b84c (0x00000f17) x30 0x8000b84c
core   0: 0x8000b850 (0x7a3f2a23) sw      gp, 1972(t5)
core   0: 3 0x8000b850 (0x7a3f2a23) mem 0x8000c000 0x00000001
core   0: 0x8000b854 (0x0000bfe5) c.j     pc - 8
core   0: 3 0x8000b854 (0xbfe5)
core   0: 0x8000b84c (0x00000f17) auipc   t5, 0x0
core   0: 3 0x8000b84c (0x00000f17) x30 0x8000b84c
core   0: 0x8000b850 (0x7a3f2a23) sw      gp, 1972(t5)
core   0: 3 0x8000b850 (0x7a3f2a23) mem 0x8000c000 0x00000001
core   0: 0x8000b854 (0x0000bfe5) c.j     pc - 8
core   0: 3 0x8000b854 (0xbfe5)
core   0: 0x8000b84c (0x00000f17) auipc   t5, 0x0
core   0: 3 0x8000b84c (0x00000f17) x30 0x8000b84c
core   0: 0x8000b850 (0x7a3f2a23) sw      gp, 1972(t5)
core   0: 3 0x8000b850 (0x7a3f2a23) mem 0x8000c000 0x00000001
core   0: 0x8000b854 (0x0000bfe5) c.j     pc - 8
core   0: 3 0x8000b854 (0xbfe5)
core   0: 0x8000b84c (0x00000f17) auipc   t5, 0x0
core   0: 3 0x8000b84c (0x00000f17) x30 0x8000b84c
core   0: 0x8000b850 (0x7a3f2a23) sw      gp, 1972(t5)
core   0: 3 0x8000b850 (0x7a3f2a23) mem 0x8000c000 0x00000001
core   0: 0x8000b854 (0x0000bfe5) c.j     pc - 8
core   0: 3 0x8000b854 (0xbfe5)
core   0: 0x8000b84c (0x00000f17) auipc   t5, 0x0
core   0: 3 0x8000b84c (0x00000f17) x30 0x8000b84c
core   0: 0x8000b850 (0x7a3f2a23) sw      gp, 1972(t5)
core   0: 3 0x8000b850 (0x7a3f2a23) mem 0x8000c000 0x00000001
core   0: 0x8000b854 (0x0000bfe5) c.j     pc - 8
core   0: 3 0x8000b854 (0xbfe5)
core   0: 0x8000b84c (0x00000f17) auipc   t5, 0x0
core   0: 3 0x8000b84c (0x00000f17) x30 0x8000b84c
core   0: 0x8000b850 (0x7a3f2a23) sw      gp, 1972(t5)
core   0: 3 0x8000b850 (0x7a3f2a23) mem 0x8000c000 0x00000001
core   0: 0x8000b854 (0x0000bfe5) c.j     pc - 8
core   0: 3 0x8000b854 (0xbfe5)
core   0: 0x8000b84c (0x00000f17) auipc   t5, 0x0
core   0: 3 0x8000b84c (0x00000f17) x30 0x8000b84c
core   0: 0x8000b850 (0x7a3f2a23) sw      gp, 1972(t5)
core   0: 3 0x8000b850 (0x7a3f2a23) mem 0x8000c000 0x00000001
core   0: 0x8000b854 (0x0000bfe5) c.j     pc - 8
core   0: 3 0x8000b854 (0xbfe5)
core   0: 0x8000b84c (0x00000f17) auipc   t5, 0x0
core   0: 3 0x8000b84c (0x00000f17) x30 0x8000b84c
core   0: 0x8000b850 (0x7a3f2a23) sw      gp, 1972(t5)
core   0: 3 0x8000b850 (0x7a3f2a23) mem 0x8000c000 0x00000001
core   0: 0x8000b854 (0x0000bfe5) c.j     pc - 8
core   0: 3 0x8000b854 (0xbfe5)
core   0: 0x8000b84c (0x00000f17) auipc   t5, 0x0
core   0: 3 0x8000b84c (0x00000f17) x30 0x8000b84c
core   0: 0x8000b850 (0x7a3f2a23) sw      gp, 1972(t5)
core   0: 3 0x8000b850 (0x7a3f2a23) mem 0x8000c000 0x00000001
core   0: 0x8000b854 (0x0000bfe5) c.j     pc - 8
core   0: 3 0x8000b854 (0xbfe5)
core   0: 0x8000b84c (0x00000f17) auipc   t5, 0x0
core   0: 3 0x8000b84c (0x00000f17) x30 0x8000b84c
core   0: 0x8000b850 (0x7a3f2a23) sw      gp, 1972(t5)
core   0: 3 0x8000b850 (0x7a3f2a23) mem 0x8000c000 0x00000001
core   0: 0x8000b854 (0x0000bfe5) c.j     pc - 8
core   0: 3 0x8000b854 (0xbfe5)
core   0: 0x8000b84c (0x00000f17) auipc   t5, 0x0
core   0: 3 0x8000b84c (0x00000f17) x30 0x8000b84c
core   0: 0x8000b850 (0x7a3f2a23) sw      gp, 1972(t5)
core   0: 3 0x8000b850 (0x7a3f2a23) mem 0x8000c000 0x00000001
core   0: 0x8000b854 (0x0000bfe5) c.j     pc - 8
core   0: 3 0x8000b854 (0xbfe5)
core   0: 0x8000b84c (0x00000f17) auipc   t5, 0x0
core   0: 3 0x8000b84c (0x00000f17) x30 0x8000b84c
core   0: 0x8000b850 (0x7a3f2a23) sw      gp, 1972(t5)
core   0: 3 0x8000b850 (0x7a3f2a23) mem 0x8000c000 0x00000001
core   0: 0x8000b854 (0x0000bfe5) c.j     pc - 8
core   0: 3 0x8000b854 (0xbfe5)
core   0: 0x8000b84c (0x00000f17) auipc   t5, 0x0
core   0: 3 0x8000b84c (0x00000f17) x30 0x8000b84c
core   0: 0x8000b850 (0x7a3f2a23) sw      gp, 1972(t5)
core   0: 3 0x8000b850 (0x7a3f2a23) mem 0x8000c000 0x00000001
core   0: 0x8000b854 (0x0000bfe5) c.j     pc - 8
core   0: 3 0x8000b854 (0xbfe5)
core   0: 0x8000b84c (0x00000f17) auipc   t5, 0x0
core   0: 3 0x8000b84c (0x00000f17) x30 0x8000b84c
core   0: 0x8000b850 (0x7a3f2a23) sw      gp, 1972(t5)
core   0: 3 0x8000b850 (0x7a3f2a23) mem 0x8000c000 0x00000001
core   0: 0x8000b854 (0x0000bfe5) c.j     pc - 8
core   0: 3 0x8000b854 (0xbfe5)
core   0: 0x8000b84c (0x00000f17) auipc   t5, 0x0
core   0: 3 0x8000b84c (0x00000f17) x30 0x8000b84c
core   0: 0x8000b850 (0x7a3f2a23) sw      gp, 1972(t5)
core   0: 3 0x8000b850 (0x7a3f2a23) mem 0x8000c000 0x00000001
core   0: 0x8000b854 (0x0000bfe5) c.j     pc - 8
core   0: 3 0x8000b854 (0xbfe5)
core   0: 0x8000b84c (0x00000f17) auipc   t5, 0x0
core   0: 3 0x8000b84c (0x00000f17) x30 0x8000b84c
core   0: 0x8000b850 (0x7a3f2a23) sw      gp, 1972(t5)
core   0: 3 0x8000b850 (0x7a3f2a23) mem 0x8000c000 0x00000001
core   0: 0x8000b854 (0x0000bfe5) c.j     pc - 8
core   0: 3 0x8000b854 (0xbfe5)
core   0: 0x8000b84c (0x00000f17) auipc   t5, 0x0
core   0: 3 0x8000b84c (0x00000f17) x30 0x8000b84c
core   0: 0x8000b850 (0x7a3f2a23) sw      gp, 1972(t5)
core   0: 3 0x8000b850 (0x7a3f2a23) mem 0x8000c000 0x00000001
core   0: 0x8000b854 (0x0000bfe5) c.j     pc - 8
core   0: 3 0x8000b854 (0xbfe5)
core   0: 0x8000b84c (0x00000f17) auipc   t5, 0x0
core   0: 3 0x8000b84c (0x00000f17) x30 0x8000b84c
core   0: 0x8000b850 (0x7a3f2a23) sw      gp, 1972(t5)
core   0: 3 0x8000b850 (0x7a3f2a23) mem 0x8000c000 0x00000001
core   0: 0x8000b854 (0x0000bfe5) c.j     pc - 8
core   0: 3 0x8000b854 (0xbfe5)
core   0: 0x8000b84c (0x00000f17) auipc   t5, 0x0
core   0: 3 0x8000b84c (0x00000f17) x30 0x8000b84c
core   0: 0x8000b850 (0x7a3f2a23) sw      gp, 1972(t5)
core   0: 3 0x8000b850 (0x7a3f2a23) mem 0x8000c000 0x00000001
core   0: 0x8000b854 (0x0000bfe5) c.j     pc - 8
core   0: 3 0x8000b854 (0xbfe5)
core   0: 0x8000b84c (0x00000f17) auipc   t5, 0x0
core   0: 3 0x8000b84c (0x00000f17) x30 0x8000b84c
core   0: 0x8000b850 (0x7a3f2a23) sw      gp, 1972(t5)
core   0: 3 0x8000b850 (0x7a3f2a23) mem 0x8000c000 0x00000001
core   0: 0x8000b854 (0x0000bfe5) c.j     pc - 8
core   0: 3 0x8000b854 (0xbfe5)
core   0: 0x8000b84c (0x00000f17) auipc   t5, 0x0
core   0: 3 0x8000b84c (0x00000f17) x30 0x8000b84c
core   0: 0x8000b850 (0x7a3f2a23) sw      gp, 1972(t5)
core   0: 3 0x8000b850 (0x7a3f2a23) mem 0x8000c000 0x00000001
core   0: 0x8000b854 (0x0000bfe5) c.j     pc - 8
core   0: 3 0x8000b854 (0xbfe5)
core   0: 0x8000b84c (0x00000f17) auipc   t5, 0x0
core   0: 3 0x8000b84c (0x00000f17) x30 0x8000b84c
core   0: 0x8000b850 (0x7a3f2a23) sw      gp, 1972(t5)
core   0: 3 0x8000b850 (0x7a3f2a23) mem 0x8000c000 0x00000001
core   0: 0x8000b854 (0x0000bfe5) c.j     pc - 8
core   0: 3 0x8000b854 (0xbfe5)
core   0: 0x8000b84c (0x00000f17) auipc   t5, 0x0
core   0: 3 0x8000b84c (0x00000f17) x30 0x8000b84c
core   0: 0x8000b850 (0x7a3f2a23) sw      gp, 1972(t5)
core   0: 3 0x8000b850 (0x7a3f2a23) mem 0x8000c000 0x00000001
core   0: 0x8000b854 (0x0000bfe5) c.j     pc - 8
core   0: 3 0x8000b854 (0xbfe5)
core   0: 0x8000b84c (0x00000f17) auipc   t5, 0x0
core   0: 3 0x8000b84c (0x00000f17) x30 0x8000b84c
core   0: 0x8000b850 (0x7a3f2a23) sw      gp, 1972(t5)
core   0: 3 0x8000b850 (0x7a3f2a23) mem 0x8000c000 0x00000001
core   0: 0x8000b854 (0x0000bfe5) c.j     pc - 8
core   0: 3 0x8000b854 (0xbfe5)
core   0: 0x8000b84c (0x00000f17) auipc   t5, 0x0
core   0: 3 0x8000b84c (0x00000f17) x30 0x8000b84c
core   0: 0x8000b850 (0x7a3f2a23) sw      gp, 1972(t5)
core   0: 3 0x8000b850 (0x7a3f2a23) mem 0x8000c000 0x00000001
core   0: 0x8000b854 (0x0000bfe5) c.j     pc - 8
core   0: 3 0x8000b854 (0xbfe5)
core   0: 0x8000b84c (0x00000f17) auipc   t5, 0x0
core   0: 3 0x8000b84c (0x00000f17) x30 0x8000b84c
core   0: 0x8000b850 (0x7a3f2a23) sw      gp, 1972(t5)
core   0: 3 0x8000b850 (0x7a3f2a23) mem 0x8000c000 0x00000001
core   0: 0x8000b854 (0x0000bfe5) c.j     pc - 8
core   0: 3 0x8000b854 (0xbfe5)
core   0: 0x8000b84c (0x00000f17) auipc   t5, 0x0
core   0: 3 0x8000b84c (0x00000f17) x30 0x8000b84c
core   0: 0x8000b850 (0x7a3f2a23) sw      gp, 1972(t5)
core   0: 3 0x8000b850 (0x7a3f2a23) mem 0x8000c000 0x00000001
core   0: 0x8000b854 (0x0000bfe5) c.j     pc - 8
core   0: 3 0x8000b854 (0xbfe5)
core   0: 0x8000b84c (0x00000f17) auipc   t5, 0x0
core   0: 3 0x8000b84c (0x00000f17) x30 0x8000b84c
core   0: 0x8000b850 (0x7a3f2a23) sw      gp, 1972(t5)
core   0: 3 0x8000b850 (0x7a3f2a23) mem 0x8000c000 0x00000001
core   0: 0x8000b854 (0x0000bfe5) c.j     pc - 8
core   0: 3 0x8000b854 (0xbfe5)
core   0: 0x8000b84c (0x00000f17) auipc   t5, 0x0
core   0: 3 0x8000b84c (0x00000f17) x30 0x8000b84c
core   0: 0x8000b850 (0x7a3f2a23) sw      gp, 1972(t5)
core   0: 3 0x8000b850 (0x7a3f2a23) mem 0x8000c000 0x00000001
core   0: 0x8000b854 (0x0000bfe5) c.j     pc - 8
core   0: 3 0x8000b854 (0xbfe5)
core   0: 0x8000b84c (0x00000f17) auipc   t5, 0x0
core   0: 3 0x8000b84c (0x00000f17) x30 0x8000b84c
core   0: 0x8000b850 (0x7a3f2a23) sw      gp, 1972(t5)
core   0: 3 0x8000b850 (0x7a3f2a23) mem 0x8000c000 0x00000001
core   0: 0x8000b854 (0x0000bfe5) c.j     pc - 8
core   0: 3 0x8000b854 (0xbfe5)
core   0: 0x8000b84c (0x00000f17) auipc   t5, 0x0
core   0: 3 0x8000b84c (0x00000f17) x30 0x8000b84c
core   0: 0x8000b850 (0x7a3f2a23) sw      gp, 1972(t5)
core   0: 3 0x8000b850 (0x7a3f2a23) mem 0x8000c000 0x00000001
core   0: 0x8000b854 (0x0000bfe5) c.j     pc - 8
core   0: 3 0x8000b854 (0xbfe5)
core   0: 0x8000b84c (0x00000f17) auipc   t5, 0x0
core   0: 3 0x8000b84c (0x00000f17) x30 0x8000b84c
core   0: 0x8000b850 (0x7a3f2a23) sw      gp, 1972(t5)
core   0: 3 0x8000b850 (0x7a3f2a23) mem 0x8000c000 0x00000001
core   0: 0x8000b854 (0x0000bfe5) c.j     pc - 8
core   0: 3 0x8000b854 (0xbfe5)
core   0: 0x8000b84c (0x00000f17) auipc   t5, 0x0
core   0: 3 0x8000b84c (0x00000f17) x30 0x8000b84c
core   0: 0x8000b850 (0x7a3f2a23) sw      gp, 1972(t5)
core   0: 3 0x8000b850 (0x7a3f2a23) mem 0x8000c000 0x00000001
core   0: 0x8000b854 (0x0000bfe5) c.j     pc - 8
core   0: 3 0x8000b854 (0xbfe5)
core   0: 0x8000b84c (0x00000f17) auipc   t5, 0x0
core   0: 3 0x8000b84c (0x00000f17) x30 0x8000b84c
core   0: 0x8000b850 (0x7a3f2a23) sw      gp, 1972(t5)
core   0: 3 0x8000b850 (0x7a3f2a23) mem 0x8000c000 0x00000001
core   0: 0x8000b854 (0x0000bfe5) c.j     pc - 8
core   0: 3 0x8000b854 (0xbfe5)
core   0: 0x8000b84c (0x00000f17) auipc   t5, 0x0
core   0: 3 0x8000b84c (0x00000f17) x30 0x8000b84c
core   0: 0x8000b850 (0x7a3f2a23) sw      gp, 1972(t5)
core   0: 3 0x8000b850 (0x7a3f2a23) mem 0x8000c000 0x00000001
core   0: 0x8000b854 (0x0000bfe5) c.j     pc - 8
core   0: 3 0x8000b854 (0xbfe5)
core   0: 0x8000b84c (0x00000f17) auipc   t5, 0x0
core   0: 3 0x8000b84c (0x00000f17) x30 0x8000b84c
core   0: 0x8000b850 (0x7a3f2a23) sw      gp, 1972(t5)
core   0: 3 0x8000b850 (0x7a3f2a23) mem 0x8000c000 0x00000001
core   0: 0x8000b854 (0x0000bfe5) c.j     pc - 8
core   0: 3 0x8000b854 (0xbfe5)
core   0: 0x8000b84c (0x00000f17) auipc   t5, 0x0
core   0: 3 0x8000b84c (0x00000f17) x30 0x8000b84c
core   0: 0x8000b850 (0x7a3f2a23) sw      gp, 1972(t5)
core   0: 3 0x8000b850 (0x7a3f2a23) mem 0x8000c000 0x00000001
core   0: 0x8000b854 (0x0000bfe5) c.j     pc - 8
core   0: 3 0x8000b854 (0xbfe5)
core   0: 0x8000b84c (0x00000f17) auipc   t5, 0x0
core   0: 3 0x8000b84c (0x00000f17) x30 0x8000b84c
core   0: 0x8000b850 (0x7a3f2a23) sw      gp, 1972(t5)
core   0: 3 0x8000b850 (0x7a3f2a23) mem 0x8000c000 0x00000001
core   0: 0x8000b854 (0x0000bfe5) c.j     pc - 8
core   0: 3 0x8000b854 (0xbfe5)
core   0: 0x8000b84c (0x00000f17) auipc   t5, 0x0
core   0: 3 0x8000b84c (0x00000f17) x30 0x8000b84c
core   0: 0x8000b850 (0x7a3f2a23) sw      gp, 1972(t5)
core   0: 3 0x8000b850 (0x7a3f2a23) mem 0x8000c000 0x00000001
core   0: 0x8000b854 (0x0000bfe5) c.j     pc - 8
core   0: 3 0x8000b854 (0xbfe5)
core   0: 0x8000b84c (0x00000f17) auipc   t5, 0x0
core   0: 3 0x8000b84c (0x00000f17) x30 0x8000b84c
core   0: 0x8000b850 (0x7a3f2a23) sw      gp, 1972(t5)
core   0: 3 0x8000b850 (0x7a3f2a23) mem 0x8000c000 0x00000001
core   0: 0x8000b854 (0x0000bfe5) c.j     pc - 8
core   0: 3 0x8000b854 (0xbfe5)
core   0: 0x8000b84c (0x00000f17) auipc   t5, 0x0
core   0: 3 0x8000b84c (0x00000f17) x30 0x8000b84c
core   0: 0x8000b850 (0x7a3f2a23) sw      gp, 1972(t5)
core   0: 3 0x8000b850 (0x7a3f2a23) mem 0x8000c000 0x00000001
core   0: 0x8000b854 (0x0000bfe5) c.j     pc - 8
core   0: 3 0x8000b854 (0xbfe5)
core   0: 0x8000b84c (0x00000f17) auipc   t5, 0x0
core   0: 3 0x8000b84c (0x00000f17) x30 0x8000b84c
core   0: 0x8000b850 (0x7a3f2a23) sw      gp, 1972(t5)
core   0: 3 0x8000b850 (0x7a3f2a23) mem 0x8000c000 0x00000001
core   0: 0x8000b854 (0x0000bfe5) c.j     pc - 8
core   0: 3 0x8000b854 (0xbfe5)
core   0: 0x8000b84c (0x00000f17) auipc   t5, 0x0
core   0: 3 0x8000b84c (0x00000f17) x30 0x8000b84c
core   0: 0x8000b850 (0x7a3f2a23) sw      gp, 1972(t5)
core   0: 3 0x8000b850 (0x7a3f2a23) mem 0x8000c000 0x00000001
core   0: 0x8000b854 (0x0000bfe5) c.j     pc - 8
core   0: 3 0x8000b854 (0xbfe5)
core   0: 0x8000b84c (0x00000f17) auipc   t5, 0x0
core   0: 3 0x8000b84c (0x00000f17) x30 0x8000b84c
core   0: 0x8000b850 (0x7a3f2a23) sw      gp, 1972(t5)
core   0: 3 0x8000b850 (0x7a3f2a23) mem 0x8000c000 0x00000001
core   0: 0x8000b854 (0x0000bfe5) c.j     pc - 8
core   0: 3 0x8000b854 (0xbfe5)
core   0: 0x8000b84c (0x00000f17) auipc   t5, 0x0
core   0: 3 0x8000b84c (0x00000f17) x30 0x8000b84c
core   0: 0x8000b850 (0x7a3f2a23) sw      gp, 1972(t5)
core   0: 3 0x8000b850 (0x7a3f2a23) mem 0x8000c000 0x00000001
core   0: 0x8000b854 (0x0000bfe5) c.j     pc - 8
core   0: 3 0x8000b854 (0xbfe5)
core   0: 0x8000b84c (0x00000f17) auipc   t5, 0x0
core   0: 3 0x8000b84c (0x00000f17) x30 0x8000b84c
core   0: 0x8000b850 (0x7a3f2a23) sw      gp, 1972(t5)
core   0: 3 0x8000b850 (0x7a3f2a23) mem 0x8000c000 0x00000001
core   0: 0x8000b854 (0x0000bfe5) c.j     pc - 8
core   0: 3 0x8000b854 (0xbfe5)
core   0: 0x8000b84c (0x00000f17) auipc   t5, 0x0
core   0: 3 0x8000b84c (0x00000f17) x30 0x8000b84c
core   0: 0x8000b850 (0x7a3f2a23) sw      gp, 1972(t5)
core   0: 3 0x8000b850 (0x7a3f2a23) mem 0x8000c000 0x00000001
core   0: 0x8000b854 (0x0000bfe5) c.j     pc - 8
core   0: 3 0x8000b854 (0xbfe5)
core   0: 0x8000b84c (0x00000f17) auipc   t5, 0x0
core   0: 3 0x8000b84c (0x00000f17) x30 0x8000b84c
core   0: 0x8000b850 (0x7a3f2a23) sw      gp, 1972(t5)
core   0: 3 0x8000b850 (0x7a3f2a23) mem 0x8000c000 0x00000001
core   0: 0x8000b854 (0x0000bfe5) c.j     pc - 8
core   0: 3 0x8000b854 (0xbfe5)
core   0: 0x8000b84c (0x00000f17) auipc   t5, 0x0
core   0: 3 0x8000b84c (0x00000f17) x30 0x8000b84c
core   0: 0x8000b850 (0x7a3f2a23) sw      gp, 1972(t5)
core   0: 3 0x8000b850 (0x7a3f2a23) mem 0x8000c000 0x00000001
core   0: 0x8000b854 (0x0000bfe5) c.j     pc - 8
core   0: 3 0x8000b854 (0xbfe5)
core   0: 0x8000b84c (0x00000f17) auipc   t5, 0x0
core   0: 3 0x8000b84c (0x00000f17) x30 0x8000b84c
core   0: 0x8000b850 (0x7a3f2a23) sw      gp, 1972(t5)
core   0: 3 0x8000b850 (0x7a3f2a23) mem 0x8000c000 0x00000001
core   0: 0x8000b854 (0x0000bfe5) c.j     pc - 8
core   0: 3 0x8000b854 (0xbfe5)
core   0: 0x8000b84c (0x00000f17) auipc   t5, 0x0
core   0: 3 0x8000b84c (0x00000f17) x30 0x8000b84c
core   0: 0x8000b850 (0x7a3f2a23) sw      gp, 1972(t5)
core   0: 3 0x8000b850 (0x7a3f2a23) mem 0x8000c000 0x00000001
core   0: 0x8000b854 (0x0000bfe5) c.j     pc - 8
core   0: 3 0x8000b854 (0xbfe5)
core   0: 0x8000b84c (0x00000f17) auipc   t5, 0x0
core   0: 3 0x8000b84c (0x00000f17) x30 0x8000b84c
core   0: 0x8000b850 (0x7a3f2a23) sw      gp, 1972(t5)
core   0: 3 0x8000b850 (0x7a3f2a23) mem 0x8000c000 0x00000001
core   0: 0x8000b854 (0x0000bfe5) c.j     pc - 8
core   0: 3 0x8000b854 (0xbfe5)
core   0: 0x8000b84c (0x00000f17) auipc   t5, 0x0
core   0: 3 0x8000b84c (0x00000f17) x30 0x8000b84c
core   0: 0x8000b850 (0x7a3f2a23) sw      gp, 1972(t5)
core   0: 3 0x8000b850 (0x7a3f2a23) mem 0x8000c000 0x00000001
core   0: 0x8000b854 (0x0000bfe5) c.j     pc - 8
core   0: 3 0x8000b854 (0xbfe5)
core   0: 0x8000b84c (0x00000f17) auipc   t5, 0x0
core   0: 3 0x8000b84c (0x00000f17) x30 0x8000b84c
core   0: 0x8000b850 (0x7a3f2a23) sw      gp, 1972(t5)
core   0: 3 0x8000b850 (0x7a3f2a23) mem 0x8000c000 0x00000001
core   0: 0x8000b854 (0x0000bfe5) c.j     pc - 8
core   0: 3 0x8000b854 (0xbfe5)
core   0: 0x8000b84c (0x00000f17) auipc   t5, 0x0
core   0: 3 0x8000b84c (0x00000f17) x30 0x8000b84c
core   0: 0x8000b850 (0x7a3f2a23) sw      gp, 1972(t5)
core   0: 3 0x8000b850 (0x7a3f2a23) mem 0x8000c000 0x00000001
core   0: 0x8000b854 (0x0000bfe5) c.j     pc - 8
core   0: 3 0x8000b854 (0xbfe5)
core   0: 0x8000b84c (0x00000f17) auipc   t5, 0x0
core   0: 3 0x8000b84c (0x00000f17) x30 0x8000b84c
core   0: 0x8000b850 (0x7a3f2a23) sw      gp, 1972(t5)
core   0: 3 0x8000b850 (0x7a3f2a23) mem 0x8000c000 0x00000001
core   0: 0x8000b854 (0x0000bfe5) c.j     pc - 8
core   0: 3 0x8000b854 (0xbfe5)
core   0: 0x8000b84c (0x00000f17) auipc   t5, 0x0
core   0: 3 0x8000b84c (0x00000f17) x30 0x8000b84c
core   0: 0x8000b850 (0x7a3f2a23) sw      gp, 1972(t5)
core   0: 3 0x8000b850 (0x7a3f2a23) mem 0x8000c000 0x00000001
core   0: 0x8000b854 (0x0000bfe5) c.j     pc - 8
core   0: 3 0x8000b854 (0xbfe5)
core   0: 0x8000b84c (0x00000f17) auipc   t5, 0x0
core   0: 3 0x8000b84c (0x00000f17) x30 0x8000b84c
core   0: 0x8000b850 (0x7a3f2a23) sw      gp, 1972(t5)
core   0: 3 0x8000b850 (0x7a3f2a23) mem 0x8000c000 0x00000001
core   0: 0x8000b854 (0x0000bfe5) c.j     pc - 8
core   0: 3 0x8000b854 (0xbfe5)
core   0: 0x8000b84c (0x00000f17) auipc   t5, 0x0
core   0: 3 0x8000b84c (0x00000f17) x30 0x8000b84c
core   0: 0x8000b850 (0x7a3f2a23) sw      gp, 1972(t5)
core   0: 3 0x8000b850 (0x7a3f2a23) mem 0x8000c000 0x00000001
core   0: 0x8000b854 (0x0000bfe5) c.j     pc - 8
core   0: 3 0x8000b854 (0xbfe5)
core   0: 0x8000b84c (0x00000f17) auipc   t5, 0x0
core   0: 3 0x8000b84c (0x00000f17) x30 0x8000b84c
core   0: 0x8000b850 (0x7a3f2a23) sw      gp, 1972(t5)
core   0: 3 0x8000b850 (0x7a3f2a23) mem 0x8000c000 0x00000001
core   0: 0x8000b854 (0x0000bfe5) c.j     pc - 8
core   0: 3 0x8000b854 (0xbfe5)
core   0: 0x8000b84c (0x00000f17) auipc   t5, 0x0
core   0: 3 0x8000b84c (0x00000f17) x30 0x8000b84c
core   0: 0x8000b850 (0x7a3f2a23) sw      gp, 1972(t5)
core   0: 3 0x8000b850 (0x7a3f2a23) mem 0x8000c000 0x00000001
core   0: 0x8000b854 (0x0000bfe5) c.j     pc - 8
core   0: 3 0x8000b854 (0xbfe5)
core   0: 0x8000b84c (0x00000f17) auipc   t5, 0x0
core   0: 3 0x8000b84c (0x00000f17) x30 0x8000b84c
core   0: 0x8000b850 (0x7a3f2a23) sw      gp, 1972(t5)
core   0: 3 0x8000b850 (0x7a3f2a23) mem 0x8000c000 0x00000001
core   0: 0x8000b854 (0x0000bfe5) c.j     pc - 8
core   0: 3 0x8000b854 (0xbfe5)
core   0: 0x8000b84c (0x00000f17) auipc   t5, 0x0
core   0: 3 0x8000b84c (0x00000f17) x30 0x8000b84c
core   0: 0x8000b850 (0x7a3f2a23) sw      gp, 1972(t5)
core   0: 3 0x8000b850 (0x7a3f2a23) mem 0x8000c000 0x00000001
core   0: 0x8000b854 (0x0000bfe5) c.j     pc - 8
core   0: 3 0x8000b854 (0xbfe5)
core   0: 0x8000b84c (0x00000f17) auipc   t5, 0x0
core   0: 3 0x8000b84c (0x00000f17) x30 0x8000b84c
core   0: 0x8000b850 (0x7a3f2a23) sw      gp, 1972(t5)
core   0: 3 0x8000b850 (0x7a3f2a23) mem 0x8000c000 0x00000001
core   0: 0x8000b854 (0x0000bfe5) c.j     pc - 8
core   0: 3 0x8000b854 (0xbfe5)
core   0: 0x8000b84c (0x00000f17) auipc   t5, 0x0
core   0: 3 0x8000b84c (0x00000f17) x30 0x8000b84c
core   0: 0x8000b850 (0x7a3f2a23) sw      gp, 1972(t5)
core   0: 3 0x8000b850 (0x7a3f2a23) mem 0x8000c000 0x00000001
core   0: 0x8000b854 (0x0000bfe5) c.j     pc - 8
core   0: 3 0x8000b854 (0xbfe5)
core   0: 0x8000b84c (0x00000f17) auipc   t5, 0x0
core   0: 3 0x8000b84c (0x00000f17) x30 0x8000b84c
core   0: 0x8000b850 (0x7a3f2a23) sw      gp, 1972(t5)
core   0: 3 0x8000b850 (0x7a3f2a23) mem 0x8000c000 0x00000001
core   0: 0x8000b854 (0x0000bfe5) c.j     pc - 8
core   0: 3 0x8000b854 (0xbfe5)
core   0: 0x8000b84c (0x00000f17) auipc   t5, 0x0
core   0: 3 0x8000b84c (0x00000f17) x30 0x8000b84c
core   0: 0x8000b850 (0x7a3f2a23) sw      gp, 1972(t5)
core   0: 3 0x8000b850 (0x7a3f2a23) mem 0x8000c000 0x00000001
core   0: 0x8000b854 (0x0000bfe5) c.j     pc - 8
core   0: 3 0x8000b854 (0xbfe5)
core   0: 0x8000b84c (0x00000f17) auipc   t5, 0x0
core   0: 3 0x8000b84c (0x00000f17) x30 0x8000b84c
core   0: 0x8000b850 (0x7a3f2a23) sw      gp, 1972(t5)
core   0: 3 0x8000b850 (0x7a3f2a23) mem 0x8000c000 0x00000001
core   0: 0x8000b854 (0x0000bfe5) c.j     pc - 8
core   0: 3 0x8000b854 (0xbfe5)
core   0: 0x8000b84c (0x00000f17) auipc   t5, 0x0
core   0: 3 0x8000b84c (0x00000f17) x30 0x8000b84c
core   0: 0x8000b850 (0x7a3f2a23) sw      gp, 1972(t5)
core   0: 3 0x8000b850 (0x7a3f2a23) mem 0x8000c000 0x00000001
core   0: 0x8000b854 (0x0000bfe5) c.j     pc - 8
core   0: 3 0x8000b854 (0xbfe5)
core   0: 0x8000b84c (0x00000f17) auipc   t5, 0x0
core   0: 3 0x8000b84c (0x00000f17) x30 0x8000b84c
core   0: 0x8000b850 (0x7a3f2a23) sw      gp, 1972(t5)
core   0: 3 0x8000b850 (0x7a3f2a23) mem 0x8000c000 0x00000001
core   0: 0x8000b854 (0x0000bfe5) c.j     pc - 8
core   0: 3 0x8000b854 (0xbfe5)
core   0: 0x8000b84c (0x00000f17) auipc   t5, 0x0
core   0: 3 0x8000b84c (0x00000f17) x30 0x8000b84c
core   0: 0x8000b850 (0x7a3f2a23) sw      gp, 1972(t5)
core   0: 3 0x8000b850 (0x7a3f2a23) mem 0x8000c000 0x00000001
core   0: 0x8000b854 (0x0000bfe5) c.j     pc - 8
core   0: 3 0x8000b854 (0xbfe5)
core   0: 0x8000b84c (0x00000f17) auipc   t5, 0x0
core   0: 3 0x8000b84c (0x00000f17) x30 0x8000b84c
core   0: 0x8000b850 (0x7a3f2a23) sw      gp, 1972(t5)
core   0: 3 0x8000b850 (0x7a3f2a23) mem 0x8000c000 0x00000001
core   0: 0x8000b854 (0x0000bfe5) c.j     pc - 8
core   0: 3 0x8000b854 (0xbfe5)
core   0: 0x8000b84c (0x00000f17) auipc   t5, 0x0
core   0: 3 0x8000b84c (0x00000f17) x30 0x8000b84c
core   0: 0x8000b850 (0x7a3f2a23) sw      gp, 1972(t5)
core   0: 3 0x8000b850 (0x7a3f2a23) mem 0x8000c000 0x00000001
core   0: 0x8000b854 (0x0000bfe5) c.j     pc - 8
core   0: 3 0x8000b854 (0xbfe5)
core   0: 0x8000b84c (0x00000f17) auipc   t5, 0x0
core   0: 3 0x8000b84c (0x00000f17) x30 0x8000b84c
core   0: 0x8000b850 (0x7a3f2a23) sw      gp, 1972(t5)
core   0: 3 0x8000b850 (0x7a3f2a23) mem 0x8000c000 0x00000001
core   0: 0x8000b854 (0x0000bfe5) c.j     pc - 8
core   0: 3 0x8000b854 (0xbfe5)
core   0: 0x8000b84c (0x00000f17) auipc   t5, 0x0
core   0: 3 0x8000b84c (0x00000f17) x30 0x8000b84c
core   0: 0x8000b850 (0x7a3f2a23) sw      gp, 1972(t5)
core   0: 3 0x8000b850 (0x7a3f2a23) mem 0x8000c000 0x00000001
core   0: 0x8000b854 (0x0000bfe5) c.j     pc - 8
core   0: 3 0x8000b854 (0xbfe5)
core   0: 0x8000b84c (0x00000f17) auipc   t5, 0x0
core   0: 3 0x8000b84c (0x00000f17) x30 0x8000b84c
core   0: 0x8000b850 (0x7a3f2a23) sw      gp, 1972(t5)
core   0: 3 0x8000b850 (0x7a3f2a23) mem 0x8000c000 0x00000001
core   0: 0x8000b854 (0x0000bfe5) c.j     pc - 8
core   0: 3 0x8000b854 (0xbfe5)
core   0: 0x8000b84c (0x00000f17) auipc   t5, 0x0
core   0: 3 0x8000b84c (0x00000f17) x30 0x8000b84c
core   0: 0x8000b850 (0x7a3f2a23) sw      gp, 1972(t5)
core   0: 3 0x8000b850 (0x7a3f2a23) mem 0x8000c000 0x00000001
core   0: 0x8000b854 (0x0000bfe5) c.j     pc - 8
core   0: 3 0x8000b854 (0xbfe5)
core   0: 0x8000b84c (0x00000f17) auipc   t5, 0x0
core   0: 3 0x8000b84c (0x00000f17) x30 0x8000b84c
core   0: 0x8000b850 (0x7a3f2a23) sw      gp, 1972(t5)
core   0: 3 0x8000b850 (0x7a3f2a23) mem 0x8000c000 0x00000001
core   0: 0x8000b854 (0x0000bfe5) c.j     pc - 8
core   0: 3 0x8000b854 (0xbfe5)
core   0: 0x8000b84c (0x00000f17) auipc   t5, 0x0
core   0: 3 0x8000b84c (0x00000f17) x30 0x8000b84c
core   0: 0x8000b850 (0x7a3f2a23) sw      gp, 1972(t5)
core   0: 3 0x8000b850 (0x7a3f2a23) mem 0x8000c000 0x00000001
core   0: 0x8000b854 (0x0000bfe5) c.j     pc - 8
core   0: 3 0x8000b854 (0xbfe5)
core   0: 0x8000b84c (0x00000f17) auipc   t5, 0x0
core   0: 3 0x8000b84c (0x00000f17) x30 0x8000b84c
core   0: 0x8000b850 (0x7a3f2a23) sw      gp, 1972(t5)
core   0: 3 0x8000b850 (0x7a3f2a23) mem 0x8000c000 0x00000001
core   0: 0x8000b854 (0x0000bfe5) c.j     pc - 8
core   0: 3 0x8000b854 (0xbfe5)
core   0: 0x8000b84c (0x00000f17) auipc   t5, 0x0
core   0: 3 0x8000b84c (0x00000f17) x30 0x8000b84c
core   0: 0x8000b850 (0x7a3f2a23) sw      gp, 1972(t5)
core   0: 3 0x8000b850 (0x7a3f2a23) mem 0x8000c000 0x00000001
core   0: 0x8000b854 (0x0000bfe5) c.j     pc - 8
core   0: 3 0x8000b854 (0xbfe5)
core   0: 0x8000b84c (0x00000f17) auipc   t5, 0x0
core   0: 3 0x8000b84c (0x00000f17) x30 0x8000b84c
core   0: 0x8000b850 (0x7a3f2a23) sw      gp, 1972(t5)
core   0: 3 0x8000b850 (0x7a3f2a23) mem 0x8000c000 0x00000001
core   0: 0x8000b854 (0x0000bfe5) c.j     pc - 8
core   0: 3 0x8000b854 (0xbfe5)
core   0: 0x8000b84c (0x00000f17) auipc   t5, 0x0
core   0: 3 0x8000b84c (0x00000f17) x30 0x8000b84c
core   0: 0x8000b850 (0x7a3f2a23) sw      gp, 1972(t5)
core   0: 3 0x8000b850 (0x7a3f2a23) mem 0x8000c000 0x00000001
core   0: 0x8000b854 (0x0000bfe5) c.j     pc - 8
core   0: 3 0x8000b854 (0xbfe5)
core   0: 0x8000b84c (0x00000f17) auipc   t5, 0x0
core   0: 3 0x8000b84c (0x00000f17) x30 0x8000b84c
core   0: 0x8000b850 (0x7a3f2a23) sw      gp, 1972(t5)
core   0: 3 0x8000b850 (0x7a3f2a23) mem 0x8000c000 0x00000001
core   0: 0x8000b854 (0x0000bfe5) c.j     pc - 8
core   0: 3 0x8000b854 (0xbfe5)
core   0: 0x8000b84c (0x00000f17) auipc   t5, 0x0
core   0: 3 0x8000b84c (0x00000f17) x30 0x8000b84c
core   0: 0x8000b850 (0x7a3f2a23) sw      gp, 1972(t5)
core   0: 3 0x8000b850 (0x7a3f2a23) mem 0x8000c000 0x00000001
core   0: 0x8000b854 (0x0000bfe5) c.j     pc - 8
core   0: 3 0x8000b854 (0xbfe5)
core   0: 0x8000b84c (0x00000f17) auipc   t5, 0x0
core   0: 3 0x8000b84c (0x00000f17) x30 0x8000b84c
core   0: 0x8000b850 (0x7a3f2a23) sw      gp, 1972(t5)
core   0: 3 0x8000b850 (0x7a3f2a23) mem 0x8000c000 0x00000001
core   0: 0x8000b854 (0x0000bfe5) c.j     pc - 8
core   0: 3 0x8000b854 (0xbfe5)
core   0: 0x8000b84c (0x00000f17) auipc   t5, 0x0
core   0: 3 0x8000b84c (0x00000f17) x30 0x8000b84c
core   0: 0x8000b850 (0x7a3f2a23) sw      gp, 1972(t5)
core   0: 3 0x8000b850 (0x7a3f2a23) mem 0x8000c000 0x00000001
core   0: 0x8000b854 (0x0000bfe5) c.j     pc - 8
core   0: 3 0x8000b854 (0xbfe5)
core   0: 0x8000b84c (0x00000f17) auipc   t5, 0x0
core   0: 3 0x8000b84c (0x00000f17) x30 0x8000b84c
core   0: 0x8000b850 (0x7a3f2a23) sw      gp, 1972(t5)
core   0: 3 0x8000b850 (0x7a3f2a23) mem 0x8000c000 0x00000001
core   0: 0x8000b854 (0x0000bfe5) c.j     pc - 8
core   0: 3 0x8000b854 (0xbfe5)
core   0: 0x8000b84c (0x00000f17) auipc   t5, 0x0
core   0: 3 0x8000b84c (0x00000f17) x30 0x8000b84c
core   0: 0x8000b850 (0x7a3f2a23) sw      gp, 1972(t5)
core   0: 3 0x8000b850 (0x7a3f2a23) mem 0x8000c000 0x00000001
core   0: 0x8000b854 (0x0000bfe5) c.j     pc - 8
core   0: 3 0x8000b854 (0xbfe5)
core   0: 0x8000b84c (0x00000f17) auipc   t5, 0x0
core   0: 3 0x8000b84c (0x00000f17) x30 0x8000b84c
core   0: 0x8000b850 (0x7a3f2a23) sw      gp, 1972(t5)
core   0: 3 0x8000b850 (0x7a3f2a23) mem 0x8000c000 0x00000001
core   0: 0x8000b854 (0x0000bfe5) c.j     pc - 8
core   0: 3 0x8000b854 (0xbfe5)
core   0: 0x8000b84c (0x00000f17) auipc   t5, 0x0
core   0: 3 0x8000b84c (0x00000f17) x30 0x8000b84c
core   0: 0x8000b850 (0x7a3f2a23) sw      gp, 1972(t5)
core   0: 3 0x8000b850 (0x7a3f2a23) mem 0x8000c000 0x00000001
core   0: 0x8000b854 (0x0000bfe5) c.j     pc - 8
core   0: 3 0x8000b854 (0xbfe5)
core   0: 0x8000b84c (0x00000f17) auipc   t5, 0x0
core   0: 3 0x8000b84c (0x00000f17) x30 0x8000b84c
core   0: 0x8000b850 (0x7a3f2a23) sw      gp, 1972(t5)
core   0: 3 0x8000b850 (0x7a3f2a23) mem 0x8000c000 0x00000001
core   0: 0x8000b854 (0x0000bfe5) c.j     pc - 8
core   0: 3 0x8000b854 (0xbfe5)
core   0: 0x8000b84c (0x00000f17) auipc   t5, 0x0
core   0: 3 0x8000b84c (0x00000f17) x30 0x8000b84c
core   0: 0x8000b850 (0x7a3f2a23) sw      gp, 1972(t5)
core   0: 3 0x8000b850 (0x7a3f2a23) mem 0x8000c000 0x00000001
core   0: 0x8000b854 (0x0000bfe5) c.j     pc - 8
core   0: 3 0x8000b854 (0xbfe5)
core   0: 0x8000b84c (0x00000f17) auipc   t5, 0x0
core   0: 3 0x8000b84c (0x00000f17) x30 0x8000b84c
core   0: 0x8000b850 (0x7a3f2a23) sw      gp, 1972(t5)
core   0: 3 0x8000b850 (0x7a3f2a23) mem 0x8000c000 0x00000001
core   0: 0x8000b854 (0x0000bfe5) c.j     pc - 8
core   0: 3 0x8000b854 (0xbfe5)
core   0: 0x8000b84c (0x00000f17) auipc   t5, 0x0
core   0: 3 0x8000b84c (0x00000f17) x30 0x8000b84c
core   0: 0x8000b850 (0x7a3f2a23) sw      gp, 1972(t5)
core   0: 3 0x8000b850 (0x7a3f2a23) mem 0x8000c000 0x00000001
core   0: 0x8000b854 (0x0000bfe5) c.j     pc - 8
core   0: 3 0x8000b854 (0xbfe5)
core   0: 0x8000b84c (0x00000f17) auipc   t5, 0x0
core   0: 3 0x8000b84c (0x00000f17) x30 0x8000b84c
core   0: 0x8000b850 (0x7a3f2a23) sw      gp, 1972(t5)
core   0: 3 0x8000b850 (0x7a3f2a23) mem 0x8000c000 0x00000001
core   0: 0x8000b854 (0x0000bfe5) c.j     pc - 8
core   0: 3 0x8000b854 (0xbfe5)
core   0: 0x8000b84c (0x00000f17) auipc   t5, 0x0
core   0: 3 0x8000b84c (0x00000f17) x30 0x8000b84c
core   0: 0x8000b850 (0x7a3f2a23) sw      gp, 1972(t5)
core   0: 3 0x8000b850 (0x7a3f2a23) mem 0x8000c000 0x00000001
core   0: 0x8000b854 (0x0000bfe5) c.j     pc - 8
core   0: 3 0x8000b854 (0xbfe5)
core   0: 0x8000b84c (0x00000f17) auipc   t5, 0x0
core   0: 3 0x8000b84c (0x00000f17) x30 0x8000b84c
core   0: 0x8000b850 (0x7a3f2a23) sw      gp, 1972(t5)
core   0: 3 0x8000b850 (0x7a3f2a23) mem 0x8000c000 0x00000001
core   0: 0x8000b854 (0x0000bfe5) c.j     pc - 8
core   0: 3 0x8000b854 (0xbfe5)
core   0: 0x8000b84c (0x00000f17) auipc   t5, 0x0
core   0: 3 0x8000b84c (0x00000f17) x30 0x8000b84c
core   0: 0x8000b850 (0x7a3f2a23) sw      gp, 1972(t5)
core   0: 3 0x8000b850 (0x7a3f2a23) mem 0x8000c000 0x00000001
core   0: 0x8000b854 (0x0000bfe5) c.j     pc - 8
core   0: 3 0x8000b854 (0xbfe5)
core   0: 0x8000b84c (0x00000f17) auipc   t5, 0x0
core   0: 3 0x8000b84c (0x00000f17) x30 0x8000b84c
core   0: 0x8000b850 (0x7a3f2a23) sw      gp, 1972(t5)
core   0: 3 0x8000b850 (0x7a3f2a23) mem 0x8000c000 0x00000001
core   0: 0x8000b854 (0x0000bfe5) c.j     pc - 8
core   0: 3 0x8000b854 (0xbfe5)
core   0: 0x8000b84c (0x00000f17) auipc   t5, 0x0
core   0: 3 0x8000b84c (0x00000f17) x30 0x8000b84c
core   0: 0x8000b850 (0x7a3f2a23) sw      gp, 1972(t5)
core   0: 3 0x8000b850 (0x7a3f2a23) mem 0x8000c000 0x00000001
core   0: 0x8000b854 (0x0000bfe5) c.j     pc - 8
core   0: 3 0x8000b854 (0xbfe5)
core   0: 0x8000b84c (0x00000f17) auipc   t5, 0x0
core   0: 3 0x8000b84c (0x00000f17) x30 0x8000b84c
core   0: 0x8000b850 (0x7a3f2a23) sw      gp, 1972(t5)
core   0: 3 0x8000b850 (0x7a3f2a23) mem 0x8000c000 0x00000001
core   0: 0x8000b854 (0x0000bfe5) c.j     pc - 8
core   0: 3 0x8000b854 (0xbfe5)
core   0: 0x8000b84c (0x00000f17) auipc   t5, 0x0
core   0: 3 0x8000b84c (0x00000f17) x30 0x8000b84c
core   0: 0x8000b850 (0x7a3f2a23) sw      gp, 1972(t5)
core   0: 3 0x8000b850 (0x7a3f2a23) mem 0x8000c000 0x00000001
core   0: 0x8000b854 (0x0000bfe5) c.j     pc - 8
core   0: 3 0x8000b854 (0xbfe5)
core   0: 0x8000b84c (0x00000f17) auipc   t5, 0x0
core   0: 3 0x8000b84c (0x00000f17) x30 0x8000b84c
core   0: 0x8000b850 (0x7a3f2a23) sw      gp, 1972(t5)
core   0: 3 0x8000b850 (0x7a3f2a23) mem 0x8000c000 0x00000001
core   0: 0x8000b854 (0x0000bfe5) c.j     pc - 8
core   0: 3 0x8000b854 (0xbfe5)
core   0: 0x8000b84c (0x00000f17) auipc   t5, 0x0
core   0: 3 0x8000b84c (0x00000f17) x30 0x8000b84c
core   0: 0x8000b850 (0x7a3f2a23) sw      gp, 1972(t5)
core   0: 3 0x8000b850 (0x7a3f2a23) mem 0x8000c000 0x00000001
core   0: 0x8000b854 (0x0000bfe5) c.j     pc - 8
core   0: 3 0x8000b854 (0xbfe5)
core   0: 0x8000b84c (0x00000f17) auipc   t5, 0x0
core   0: 3 0x8000b84c (0x00000f17) x30 0x8000b84c
core   0: 0x8000b850 (0x7a3f2a23) sw      gp, 1972(t5)
core   0: 3 0x8000b850 (0x7a3f2a23) mem 0x8000c000 0x00000001
core   0: 0x8000b854 (0x0000bfe5) c.j     pc - 8
core   0: 3 0x8000b854 (0xbfe5)
core   0: 0x8000b84c (0x00000f17) auipc   t5, 0x0
core   0: 3 0x8000b84c (0x00000f17) x30 0x8000b84c
core   0: 0x8000b850 (0x7a3f2a23) sw      gp, 1972(t5)
core   0: 3 0x8000b850 (0x7a3f2a23) mem 0x8000c000 0x00000001
core   0: 0x8000b854 (0x0000bfe5) c.j     pc - 8
core   0: 3 0x8000b854 (0xbfe5)
core   0: 0x8000b84c (0x00000f17) auipc   t5, 0x0
core   0: 3 0x8000b84c (0x00000f17) x30 0x8000b84c
core   0: 0x8000b850 (0x7a3f2a23) sw      gp, 1972(t5)
core   0: 3 0x8000b850 (0x7a3f2a23) mem 0x8000c000 0x00000001
core   0: 0x8000b854 (0x0000bfe5) c.j     pc - 8
core   0: 3 0x8000b854 (0xbfe5)
core   0: 0x8000b84c (0x00000f17) auipc   t5, 0x0
core   0: 3 0x8000b84c (0x00000f17) x30 0x8000b84c
core   0: 0x8000b850 (0x7a3f2a23) sw      gp, 1972(t5)
core   0: 3 0x8000b850 (0x7a3f2a23) mem 0x8000c000 0x00000001
core   0: 0x8000b854 (0x0000bfe5) c.j     pc - 8
core   0: 3 0x8000b854 (0xbfe5)
core   0: 0x8000b84c (0x00000f17) auipc   t5, 0x0
core   0: 3 0x8000b84c (0x00000f17) x30 0x8000b84c
core   0: 0x8000b850 (0x7a3f2a23) sw      gp, 1972(t5)
core   0: 3 0x8000b850 (0x7a3f2a23) mem 0x8000c000 0x00000001
core   0: 0x8000b854 (0x0000bfe5) c.j     pc - 8
core   0: 3 0x8000b854 (0xbfe5)
core   0: 0x8000b84c (0x00000f17) auipc   t5, 0x0
core   0: 3 0x8000b84c (0x00000f17) x30 0x8000b84c
core   0: 0x8000b850 (0x7a3f2a23) sw      gp, 1972(t5)
core   0: 3 0x8000b850 (0x7a3f2a23) mem 0x8000c000 0x00000001
core   0: 0x8000b854 (0x0000bfe5) c.j     pc - 8
core   0: 3 0x8000b854 (0xbfe5)
core   0: 0x8000b84c (0x00000f17) auipc   t5, 0x0
core   0: 3 0x8000b84c (0x00000f17) x30 0x8000b84c
core   0: 0x8000b850 (0x7a3f2a23) sw      gp, 1972(t5)
core   0: 3 0x8000b850 (0x7a3f2a23) mem 0x8000c000 0x00000001
core   0: 0x8000b854 (0x0000bfe5) c.j     pc - 8
core   0: 3 0x8000b854 (0xbfe5)
core   0: 0x8000b84c (0x00000f17) auipc   t5, 0x0
core   0: 3 0x8000b84c (0x00000f17) x30 0x8000b84c
core   0: 0x8000b850 (0x7a3f2a23) sw      gp, 1972(t5)
core   0: 3 0x8000b850 (0x7a3f2a23) mem 0x8000c000 0x00000001
core   0: 0x8000b854 (0x0000bfe5) c.j     pc - 8
core   0: 3 0x8000b854 (0xbfe5)
core   0: 0x8000b84c (0x00000f17) auipc   t5, 0x0
core   0: 3 0x8000b84c (0x00000f17) x30 0x8000b84c
core   0: 0x8000b850 (0x7a3f2a23) sw      gp, 1972(t5)
core   0: 3 0x8000b850 (0x7a3f2a23) mem 0x8000c000 0x00000001
core   0: 0x8000b854 (0x0000bfe5) c.j     pc - 8
core   0: 3 0x8000b854 (0xbfe5)
core   0: 0x8000b84c (0x00000f17) auipc   t5, 0x0
core   0: 3 0x8000b84c (0x00000f17) x30 0x8000b84c
core   0: 0x8000b850 (0x7a3f2a23) sw      gp, 1972(t5)
core   0: 3 0x8000b850 (0x7a3f2a23) mem 0x8000c000 0x00000001
core   0: 0x8000b854 (0x0000bfe5) c.j     pc - 8
core   0: 3 0x8000b854 (0xbfe5)
core   0: 0x8000b84c (0x00000f17) auipc   t5, 0x0
core   0: 3 0x8000b84c (0x00000f17) x30 0x8000b84c
core   0: 0x8000b850 (0x7a3f2a23) sw      gp, 1972(t5)
core   0: 3 0x8000b850 (0x7a3f2a23) mem 0x8000c000 0x00000001
core   0: 0x8000b854 (0x0000bfe5) c.j     pc - 8
core   0: 3 0x8000b854 (0xbfe5)
core   0: 0x8000b84c (0x00000f17) auipc   t5, 0x0
core   0: 3 0x8000b84c (0x00000f17) x30 0x8000b84c
core   0: 0x8000b850 (0x7a3f2a23) sw      gp, 1972(t5)
core   0: 3 0x8000b850 (0x7a3f2a23) mem 0x8000c000 0x00000001
core   0: 0x8000b854 (0x0000bfe5) c.j     pc - 8
core   0: 3 0x8000b854 (0xbfe5)
core   0: 0x8000b84c (0x00000f17) auipc   t5, 0x0
core   0: 3 0x8000b84c (0x00000f17) x30 0x8000b84c
core   0: 0x8000b850 (0x7a3f2a23) sw      gp, 1972(t5)
core   0: 3 0x8000b850 (0x7a3f2a23) mem 0x8000c000 0x00000001
core   0: 0x8000b854 (0x0000bfe5) c.j     pc - 8
core   0: 3 0x8000b854 (0xbfe5)
core   0: 0x8000b84c (0x00000f17) auipc   t5, 0x0
core   0: 3 0x8000b84c (0x00000f17) x30 0x8000b84c
core   0: 0x8000b850 (0x7a3f2a23) sw      gp, 1972(t5)
core   0: 3 0x8000b850 (0x7a3f2a23) mem 0x8000c000 0x00000001
core   0: 0x8000b854 (0x0000bfe5) c.j     pc - 8
core   0: 3 0x8000b854 (0xbfe5)
core   0: 0x8000b84c (0x00000f17) auipc   t5, 0x0
core   0: 3 0x8000b84c (0x00000f17) x30 0x8000b84c
core   0: 0x8000b850 (0x7a3f2a23) sw      gp, 1972(t5)
core   0: 3 0x8000b850 (0x7a3f2a23) mem 0x8000c000 0x00000001
core   0: 0x8000b854 (0x0000bfe5) c.j     pc - 8
core   0: 3 0x8000b854 (0xbfe5)
core   0: 0x8000b84c (0x00000f17) auipc   t5, 0x0
core   0: 3 0x8000b84c (0x00000f17) x30 0x8000b84c
core   0: 0x8000b850 (0x7a3f2a23) sw      gp, 1972(t5)
core   0: 3 0x8000b850 (0x7a3f2a23) mem 0x8000c000 0x00000001
core   0: 0x8000b854 (0x0000bfe5) c.j     pc - 8
core   0: 3 0x8000b854 (0xbfe5)
core   0: 0x8000b84c (0x00000f17) auipc   t5, 0x0
core   0: 3 0x8000b84c (0x00000f17) x30 0x8000b84c
core   0: 0x8000b850 (0x7a3f2a23) sw      gp, 1972(t5)
core   0: 3 0x8000b850 (0x7a3f2a23) mem 0x8000c000 0x00000001
core   0: 0x8000b854 (0x0000bfe5) c.j     pc - 8
core   0: 3 0x8000b854 (0xbfe5)
core   0: 0x8000b84c (0x00000f17) auipc   t5, 0x0
core   0: 3 0x8000b84c (0x00000f17) x30 0x8000b84c
core   0: 0x8000b850 (0x7a3f2a23) sw      gp, 1972(t5)
core   0: 3 0x8000b850 (0x7a3f2a23) mem 0x8000c000 0x00000001
core   0: 0x8000b854 (0x0000bfe5) c.j     pc - 8
core   0: 3 0x8000b854 (0xbfe5)
core   0: 0x8000b84c (0x00000f17) auipc   t5, 0x0
core   0: 3 0x8000b84c (0x00000f17) x30 0x8000b84c
core   0: 0x8000b850 (0x7a3f2a23) sw      gp, 1972(t5)
core   0: 3 0x8000b850 (0x7a3f2a23) mem 0x8000c000 0x00000001
core   0: 0x8000b854 (0x0000bfe5) c.j     pc - 8
core   0: 3 0x8000b854 (0xbfe5)
core   0: 0x8000b84c (0x00000f17) auipc   t5, 0x0
core   0: 3 0x8000b84c (0x00000f17) x30 0x8000b84c
core   0: 0x8000b850 (0x7a3f2a23) sw      gp, 1972(t5)
core   0: 3 0x8000b850 (0x7a3f2a23) mem 0x8000c000 0x00000001
core   0: 0x8000b854 (0x0000bfe5) c.j     pc - 8
core   0: 3 0x8000b854 (0xbfe5)
core   0: 0x8000b84c (0x00000f17) auipc   t5, 0x0
core   0: 3 0x8000b84c (0x00000f17) x30 0x8000b84c
core   0: 0x8000b850 (0x7a3f2a23) sw      gp, 1972(t5)
core   0: 3 0x8000b850 (0x7a3f2a23) mem 0x8000c000 0x00000001
core   0: 0x8000b854 (0x0000bfe5) c.j     pc - 8
core   0: 3 0x8000b854 (0xbfe5)
core   0: 0x8000b84c (0x00000f17) auipc   t5, 0x0
core   0: 3 0x8000b84c (0x00000f17) x30 0x8000b84c
core   0: 0x8000b850 (0x7a3f2a23) sw      gp, 1972(t5)
core   0: 3 0x8000b850 (0x7a3f2a23) mem 0x8000c000 0x00000001
core   0: 0x8000b854 (0x0000bfe5) c.j     pc - 8
core   0: 3 0x8000b854 (0xbfe5)
core   0: 0x8000b84c (0x00000f17) auipc   t5, 0x0
core   0: 3 0x8000b84c (0x00000f17) x30 0x8000b84c
core   0: 0x8000b850 (0x7a3f2a23) sw      gp, 1972(t5)
core   0: 3 0x8000b850 (0x7a3f2a23) mem 0x8000c000 0x00000001
core   0: 0x8000b854 (0x0000bfe5) c.j     pc - 8
core   0: 3 0x8000b854 (0xbfe5)
core   0: 0x8000b84c (0x00000f17) auipc   t5, 0x0
core   0: 3 0x8000b84c (0x00000f17) x30 0x8000b84c
core   0: 0x8000b850 (0x7a3f2a23) sw      gp, 1972(t5)
core   0: 3 0x8000b850 (0x7a3f2a23) mem 0x8000c000 0x00000001
core   0: 0x8000b854 (0x0000bfe5) c.j     pc - 8
core   0: 3 0x8000b854 (0xbfe5)
core   0: 0x8000b84c (0x00000f17) auipc   t5, 0x0
core   0: 3 0x8000b84c (0x00000f17) x30 0x8000b84c
core   0: 0x8000b850 (0x7a3f2a23) sw      gp, 1972(t5)
core   0: 3 0x8000b850 (0x7a3f2a23) mem 0x8000c000 0x00000001
core   0: 0x8000b854 (0x0000bfe5) c.j     pc - 8
core   0: 3 0x8000b854 (0xbfe5)
core   0: 0x8000b84c (0x00000f17) auipc   t5, 0x0
core   0: 3 0x8000b84c (0x00000f17) x30 0x8000b84c
core   0: 0x8000b850 (0x7a3f2a23) sw      gp, 1972(t5)
core   0: 3 0x8000b850 (0x7a3f2a23) mem 0x8000c000 0x00000001
core   0: 0x8000b854 (0x0000bfe5) c.j     pc - 8
core   0: 3 0x8000b854 (0xbfe5)
core   0: 0x8000b84c (0x00000f17) auipc   t5, 0x0
core   0: 3 0x8000b84c (0x00000f17) x30 0x8000b84c
core   0: 0x8000b850 (0x7a3f2a23) sw      gp, 1972(t5)
core   0: 3 0x8000b850 (0x7a3f2a23) mem 0x8000c000 0x00000001
core   0: 0x8000b854 (0x0000bfe5) c.j     pc - 8
core   0: 3 0x8000b854 (0xbfe5)
core   0: 0x8000b84c (0x00000f17) auipc   t5, 0x0
core   0: 3 0x8000b84c (0x00000f17) x30 0x8000b84c
core   0: 0x8000b850 (0x7a3f2a23) sw      gp, 1972(t5)
core   0: 3 0x8000b850 (0x7a3f2a23) mem 0x8000c000 0x00000001
core   0: 0x8000b854 (0x0000bfe5) c.j     pc - 8
core   0: 3 0x8000b854 (0xbfe5)
core   0: 0x8000b84c (0x00000f17) auipc   t5, 0x0
core   0: 3 0x8000b84c (0x00000f17) x30 0x8000b84c
core   0: 0x8000b850 (0x7a3f2a23) sw      gp, 1972(t5)
core   0: 3 0x8000b850 (0x7a3f2a23) mem 0x8000c000 0x00000001
core   0: 0x8000b854 (0x0000bfe5) c.j     pc - 8
core   0: 3 0x8000b854 (0xbfe5)
core   0: 0x8000b84c (0x00000f17) auipc   t5, 0x0
core   0: 3 0x8000b84c (0x00000f17) x30 0x8000b84c
core   0: 0x8000b850 (0x7a3f2a23) sw      gp, 1972(t5)
core   0: 3 0x8000b850 (0x7a3f2a23) mem 0x8000c000 0x00000001
core   0: 0x8000b854 (0x0000bfe5) c.j     pc - 8
core   0: 3 0x8000b854 (0xbfe5)
core   0: 0x8000b84c (0x00000f17) auipc   t5, 0x0
core   0: 3 0x8000b84c (0x00000f17) x30 0x8000b84c
core   0: 0x8000b850 (0x7a3f2a23) sw      gp, 1972(t5)
core   0: 3 0x8000b850 (0x7a3f2a23) mem 0x8000c000 0x00000001
core   0: 0x8000b854 (0x0000bfe5) c.j     pc - 8
core   0: 3 0x8000b854 (0xbfe5)
core   0: 0x8000b84c (0x00000f17) auipc   t5, 0x0
core   0: 3 0x8000b84c (0x00000f17) x30 0x8000b84c
core   0: 0x8000b850 (0x7a3f2a23) sw      gp, 1972(t5)
core   0: 3 0x8000b850 (0x7a3f2a23) mem 0x8000c000 0x00000001
core   0: 0x8000b854 (0x0000bfe5) c.j     pc - 8
core   0: 3 0x8000b854 (0xbfe5)
core   0: 0x8000b84c (0x00000f17) auipc   t5, 0x0
core   0: 3 0x8000b84c (0x00000f17) x30 0x8000b84c
core   0: 0x8000b850 (0x7a3f2a23) sw      gp, 1972(t5)
core   0: 3 0x8000b850 (0x7a3f2a23) mem 0x8000c000 0x00000001
core   0: 0x8000b854 (0x0000bfe5) c.j     pc - 8
core   0: 3 0x8000b854 (0xbfe5)
core   0: 0x8000b84c (0x00000f17) auipc   t5, 0x0
core   0: 3 0x8000b84c (0x00000f17) x30 0x8000b84c
core   0: 0x8000b850 (0x7a3f2a23) sw      gp, 1972(t5)
core   0: 3 0x8000b850 (0x7a3f2a23) mem 0x8000c000 0x00000001
core   0: 0x8000b854 (0x0000bfe5) c.j     pc - 8
core   0: 3 0x8000b854 (0xbfe5)
core   0: 0x8000b84c (0x00000f17) auipc   t5, 0x0
core   0: 3 0x8000b84c (0x00000f17) x30 0x8000b84c
core   0: 0x8000b850 (0x7a3f2a23) sw      gp, 1972(t5)
core   0: 3 0x8000b850 (0x7a3f2a23) mem 0x8000c000 0x00000001
core   0: 0x8000b854 (0x0000bfe5) c.j     pc - 8
core   0: 3 0x8000b854 (0xbfe5)
core   0: 0x8000b84c (0x00000f17) auipc   t5, 0x0
core   0: 3 0x8000b84c (0x00000f17) x30 0x8000b84c
core   0: 0x8000b850 (0x7a3f2a23) sw      gp, 1972(t5)
core   0: 3 0x8000b850 (0x7a3f2a23) mem 0x8000c000 0x00000001
core   0: 0x8000b854 (0x0000bfe5) c.j     pc - 8
core   0: 3 0x8000b854 (0xbfe5)
core   0: 0x8000b84c (0x00000f17) auipc   t5, 0x0
core   0: 3 0x8000b84c (0x00000f17) x30 0x8000b84c
core   0: 0x8000b850 (0x7a3f2a23) sw      gp, 1972(t5)
core   0: 3 0x8000b850 (0x7a3f2a23) mem 0x8000c000 0x00000001
core   0: 0x8000b854 (0x0000bfe5) c.j     pc - 8
core   0: 3 0x8000b854 (0xbfe5)
core   0: 0x8000b84c (0x00000f17) auipc   t5, 0x0
core   0: 3 0x8000b84c (0x00000f17) x30 0x8000b84c
core   0: 0x8000b850 (0x7a3f2a23) sw      gp, 1972(t5)
core   0: 3 0x8000b850 (0x7a3f2a23) mem 0x8000c000 0x00000001
core   0: 0x8000b854 (0x0000bfe5) c.j     pc - 8
core   0: 3 0x8000b854 (0xbfe5)
core   0: 0x8000b84c (0x00000f17) auipc   t5, 0x0
core   0: 3 0x8000b84c (0x00000f17) x30 0x8000b84c
core   0: 0x8000b850 (0x7a3f2a23) sw      gp, 1972(t5)
core   0: 3 0x8000b850 (0x7a3f2a23) mem 0x8000c000 0x00000001
core   0: 0x8000b854 (0x0000bfe5) c.j     pc - 8
core   0: 3 0x8000b854 (0xbfe5)
core   0: 0x8000b84c (0x00000f17) auipc   t5, 0x0
core   0: 3 0x8000b84c (0x00000f17) x30 0x8000b84c
core   0: 0x8000b850 (0x7a3f2a23) sw      gp, 1972(t5)
core   0: 3 0x8000b850 (0x7a3f2a23) mem 0x8000c000 0x00000001
core   0: 0x8000b854 (0x0000bfe5) c.j     pc - 8
core   0: 3 0x8000b854 (0xbfe5)
core   0: 0x8000b84c (0x00000f17) auipc   t5, 0x0
core   0: 3 0x8000b84c (0x00000f17) x30 0x8000b84c
core   0: 0x8000b850 (0x7a3f2a23) sw      gp, 1972(t5)
core   0: 3 0x8000b850 (0x7a3f2a23) mem 0x8000c000 0x00000001
core   0: 0x8000b854 (0x0000bfe5) c.j     pc - 8
core   0: 3 0x8000b854 (0xbfe5)
core   0: 0x8000b84c (0x00000f17) auipc   t5, 0x0
core   0: 3 0x8000b84c (0x00000f17) x30 0x8000b84c
core   0: 0x8000b850 (0x7a3f2a23) sw      gp, 1972(t5)
core   0: 3 0x8000b850 (0x7a3f2a23) mem 0x8000c000 0x00000001
core   0: 0x8000b854 (0x0000bfe5) c.j     pc - 8
core   0: 3 0x8000b854 (0xbfe5)
core   0: 0x8000b84c (0x00000f17) auipc   t5, 0x0
core   0: 3 0x8000b84c (0x00000f17) x30 0x8000b84c
core   0: 0x8000b850 (0x7a3f2a23) sw      gp, 1972(t5)
core   0: 3 0x8000b850 (0x7a3f2a23) mem 0x8000c000 0x00000001
core   0: 0x8000b854 (0x0000bfe5) c.j     pc - 8
core   0: 3 0x8000b854 (0xbfe5)
core   0: 0x8000b84c (0x00000f17) auipc   t5, 0x0
core   0: 3 0x8000b84c (0x00000f17) x30 0x8000b84c
core   0: 0x8000b850 (0x7a3f2a23) sw      gp, 1972(t5)
core   0: 3 0x8000b850 (0x7a3f2a23) mem 0x8000c000 0x00000001
core   0: 0x8000b854 (0x0000bfe5) c.j     pc - 8
core   0: 3 0x8000b854 (0xbfe5)
core   0: 0x8000b84c (0x00000f17) auipc   t5, 0x0
core   0: 3 0x8000b84c (0x00000f17) x30 0x8000b84c
core   0: 0x8000b850 (0x7a3f2a23) sw      gp, 1972(t5)
core   0: 3 0x8000b850 (0x7a3f2a23) mem 0x8000c000 0x00000001
core   0: 0x8000b854 (0x0000bfe5) c.j     pc - 8
core   0: 3 0x8000b854 (0xbfe5)
core   0: 0x8000b84c (0x00000f17) auipc   t5, 0x0
core   0: 3 0x8000b84c (0x00000f17) x30 0x8000b84c
core   0: 0x8000b850 (0x7a3f2a23) sw      gp, 1972(t5)
core   0: 3 0x8000b850 (0x7a3f2a23) mem 0x8000c000 0x00000001
core   0: 0x8000b854 (0x0000bfe5) c.j     pc - 8
core   0: 3 0x8000b854 (0xbfe5)
core   0: 0x8000b84c (0x00000f17) auipc   t5, 0x0
core   0: 3 0x8000b84c (0x00000f17) x30 0x8000b84c
core   0: 0x8000b850 (0x7a3f2a23) sw      gp, 1972(t5)
core   0: 3 0x8000b850 (0x7a3f2a23) mem 0x8000c000 0x00000001
core   0: 0x8000b854 (0x0000bfe5) c.j     pc - 8
core   0: 3 0x8000b854 (0xbfe5)
core   0: 0x8000b84c (0x00000f17) auipc   t5, 0x0
core   0: 3 0x8000b84c (0x00000f17) x30 0x8000b84c
core   0: 0x8000b850 (0x7a3f2a23) sw      gp, 1972(t5)
core   0: 3 0x8000b850 (0x7a3f2a23) mem 0x8000c000 0x00000001
core   0: 0x8000b854 (0x0000bfe5) c.j     pc - 8
core   0: 3 0x8000b854 (0xbfe5)
core   0: 0x8000b84c (0x00000f17) auipc   t5, 0x0
core   0: 3 0x8000b84c (0x00000f17) x30 0x8000b84c
core   0: 0x8000b850 (0x7a3f2a23) sw      gp, 1972(t5)
core   0: 3 0x8000b850 (0x7a3f2a23) mem 0x8000c000 0x00000001
core   0: 0x8000b854 (0x0000bfe5) c.j     pc - 8
core   0: 3 0x8000b854 (0xbfe5)
core   0: 0x8000b84c (0x00000f17) auipc   t5, 0x0
core   0: 3 0x8000b84c (0x00000f17) x30 0x8000b84c
core   0: 0x8000b850 (0x7a3f2a23) sw      gp, 1972(t5)
core   0: 3 0x8000b850 (0x7a3f2a23) mem 0x8000c000 0x00000001
core   0: 0x8000b854 (0x0000bfe5) c.j     pc - 8
core   0: 3 0x8000b854 (0xbfe5)
core   0: 0x8000b84c (0x00000f17) auipc   t5, 0x0
core   0: 3 0x8000b84c (0x00000f17) x30 0x8000b84c
core   0: 0x8000b850 (0x7a3f2a23) sw      gp, 1972(t5)
core   0: 3 0x8000b850 (0x7a3f2a23) mem 0x8000c000 0x00000001
core   0: 0x8000b854 (0x0000bfe5) c.j     pc - 8
core   0: 3 0x8000b854 (0xbfe5)
core   0: 0x8000b84c (0x00000f17) auipc   t5, 0x0
core   0: 3 0x8000b84c (0x00000f17) x30 0x8000b84c
core   0: 0x8000b850 (0x7a3f2a23) sw      gp, 1972(t5)
core   0: 3 0x8000b850 (0x7a3f2a23) mem 0x8000c000 0x00000001
core   0: 0x8000b854 (0x0000bfe5) c.j     pc - 8
core   0: 3 0x8000b854 (0xbfe5)
core   0: 0x8000b84c (0x00000f17) auipc   t5, 0x0
core   0: 3 0x8000b84c (0x00000f17) x30 0x8000b84c
core   0: 0x8000b850 (0x7a3f2a23) sw      gp, 1972(t5)
core   0: 3 0x8000b850 (0x7a3f2a23) mem 0x8000c000 0x00000001
core   0: 0x8000b854 (0x0000bfe5) c.j     pc - 8
core   0: 3 0x8000b854 (0xbfe5)
core   0: 0x8000b84c (0x00000f17) auipc   t5, 0x0
core   0: 3 0x8000b84c (0x00000f17) x30 0x8000b84c
core   0: 0x8000b850 (0x7a3f2a23) sw      gp, 1972(t5)
core   0: 3 0x8000b850 (0x7a3f2a23) mem 0x8000c000 0x00000001
core   0: 0x8000b854 (0x0000bfe5) c.j     pc - 8
core   0: 3 0x8000b854 (0xbfe5)
core   0: 0x8000b84c (0x00000f17) auipc   t5, 0x0
core   0: 3 0x8000b84c (0x00000f17) x30 0x8000b84c
core   0: 0x8000b850 (0x7a3f2a23) sw      gp, 1972(t5)
core   0: 3 0x8000b850 (0x7a3f2a23) mem 0x8000c000 0x00000001
core   0: 0x8000b854 (0x0000bfe5) c.j     pc - 8
core   0: 3 0x8000b854 (0xbfe5)
core   0: 0x8000b84c (0x00000f17) auipc   t5, 0x0
core   0: 3 0x8000b84c (0x00000f17) x30 0x8000b84c
core   0: 0x8000b850 (0x7a3f2a23) sw      gp, 1972(t5)
core   0: 3 0x8000b850 (0x7a3f2a23) mem 0x8000c000 0x00000001
core   0: 0x8000b854 (0x0000bfe5) c.j     pc - 8
core   0: 3 0x8000b854 (0xbfe5)
core   0: 0x8000b84c (0x00000f17) auipc   t5, 0x0
core   0: 3 0x8000b84c (0x00000f17) x30 0x8000b84c
core   0: 0x8000b850 (0x7a3f2a23) sw      gp, 1972(t5)
core   0: 3 0x8000b850 (0x7a3f2a23) mem 0x8000c000 0x00000001
core   0: 0x8000b854 (0x0000bfe5) c.j     pc - 8
core   0: 3 0x8000b854 (0xbfe5)
core   0: 0x8000b84c (0x00000f17) auipc   t5, 0x0
core   0: 3 0x8000b84c (0x00000f17) x30 0x8000b84c
core   0: 0x8000b850 (0x7a3f2a23) sw      gp, 1972(t5)
core   0: 3 0x8000b850 (0x7a3f2a23) mem 0x8000c000 0x00000001
core   0: 0x8000b854 (0x0000bfe5) c.j     pc - 8
core   0: 3 0x8000b854 (0xbfe5)
core   0: 0x8000b84c (0x00000f17) auipc   t5, 0x0
core   0: 3 0x8000b84c (0x00000f17) x30 0x8000b84c
core   0: 0x8000b850 (0x7a3f2a23) sw      gp, 1972(t5)
core   0: 3 0x8000b850 (0x7a3f2a23) mem 0x8000c000 0x00000001
core   0: 0x8000b854 (0x0000bfe5) c.j     pc - 8
core   0: 3 0x8000b854 (0xbfe5)
core   0: 0x8000b84c (0x00000f17) auipc   t5, 0x0
core   0: 3 0x8000b84c (0x00000f17) x30 0x8000b84c
core   0: 0x8000b850 (0x7a3f2a23) sw      gp, 1972(t5)
core   0: 3 0x8000b850 (0x7a3f2a23) mem 0x8000c000 0x00000001
core   0: 0x8000b854 (0x0000bfe5) c.j     pc - 8
core   0: 3 0x8000b854 (0xbfe5)
core   0: 0x8000b84c (0x00000f17) auipc   t5, 0x0
core   0: 3 0x8000b84c (0x00000f17) x30 0x8000b84c
core   0: 0x8000b850 (0x7a3f2a23) sw      gp, 1972(t5)
core   0: 3 0x8000b850 (0x7a3f2a23) mem 0x8000c000 0x00000001
core   0: 0x8000b854 (0x0000bfe5) c.j     pc - 8
core   0: 3 0x8000b854 (0xbfe5)
core   0: 0x8000b84c (0x00000f17) auipc   t5, 0x0
core   0: 3 0x8000b84c (0x00000f17) x30 0x8000b84c
core   0: 0x8000b850 (0x7a3f2a23) sw      gp, 1972(t5)
core   0: 3 0x8000b850 (0x7a3f2a23) mem 0x8000c000 0x00000001
core   0: 0x8000b854 (0x0000bfe5) c.j     pc - 8
core   0: 3 0x8000b854 (0xbfe5)
core   0: 0x8000b84c (0x00000f17) auipc   t5, 0x0
core   0: 3 0x8000b84c (0x00000f17) x30 0x8000b84c
core   0: 0x8000b850 (0x7a3f2a23) sw      gp, 1972(t5)
core   0: 3 0x8000b850 (0x7a3f2a23) mem 0x8000c000 0x00000001
core   0: 0x8000b854 (0x0000bfe5) c.j     pc - 8
core   0: 3 0x8000b854 (0xbfe5)
core   0: 0x8000b84c (0x00000f17) auipc   t5, 0x0
core   0: 3 0x8000b84c (0x00000f17) x30 0x8000b84c
core   0: 0x8000b850 (0x7a3f2a23) sw      gp, 1972(t5)
core   0: 3 0x8000b850 (0x7a3f2a23) mem 0x8000c000 0x00000001
core   0: 0x8000b854 (0x0000bfe5) c.j     pc - 8
core   0: 3 0x8000b854 (0xbfe5)
core   0: 0x8000b84c (0x00000f17) auipc   t5, 0x0
core   0: 3 0x8000b84c (0x00000f17) x30 0x8000b84c
core   0: 0x8000b850 (0x7a3f2a23) sw      gp, 1972(t5)
core   0: 3 0x8000b850 (0x7a3f2a23) mem 0x8000c000 0x00000001
core   0: 0x8000b854 (0x0000bfe5) c.j     pc - 8
core   0: 3 0x8000b854 (0xbfe5)
core   0: 0x8000b84c (0x00000f17) auipc   t5, 0x0
core   0: 3 0x8000b84c (0x00000f17) x30 0x8000b84c
core   0: 0x8000b850 (0x7a3f2a23) sw      gp, 1972(t5)
core   0: 3 0x8000b850 (0x7a3f2a23) mem 0x8000c000 0x00000001
core   0: 0x8000b854 (0x0000bfe5) c.j     pc - 8
core   0: 3 0x8000b854 (0xbfe5)
core   0: 0x8000b84c (0x00000f17) auipc   t5, 0x0
core   0: 3 0x8000b84c (0x00000f17) x30 0x8000b84c
core   0: 0x8000b850 (0x7a3f2a23) sw      gp, 1972(t5)
core   0: 3 0x8000b850 (0x7a3f2a23) mem 0x8000c000 0x00000001
core   0: 0x8000b854 (0x0000bfe5) c.j     pc - 8
core   0: 3 0x8000b854 (0xbfe5)
core   0: 0x8000b84c (0x00000f17) auipc   t5, 0x0
core   0: 3 0x8000b84c (0x00000f17) x30 0x8000b84c
core   0: 0x8000b850 (0x7a3f2a23) sw      gp, 1972(t5)
core   0: 3 0x8000b850 (0x7a3f2a23) mem 0x8000c000 0x00000001
core   0: 0x8000b854 (0x0000bfe5) c.j     pc - 8
core   0: 3 0x8000b854 (0xbfe5)
core   0: 0x8000b84c (0x00000f17) auipc   t5, 0x0
core   0: 3 0x8000b84c (0x00000f17) x30 0x8000b84c
core   0: 0x8000b850 (0x7a3f2a23) sw      gp, 1972(t5)
core   0: 3 0x8000b850 (0x7a3f2a23) mem 0x8000c000 0x00000001
core   0: 0x8000b854 (0x0000bfe5) c.j     pc - 8
core   0: 3 0x8000b854 (0xbfe5)
core   0: 0x8000b84c (0x00000f17) auipc   t5, 0x0
core   0: 3 0x8000b84c (0x00000f17) x30 0x8000b84c
core   0: 0x8000b850 (0x7a3f2a23) sw      gp, 1972(t5)
core   0: 3 0x8000b850 (0x7a3f2a23) mem 0x8000c000 0x00000001
core   0: 0x8000b854 (0x0000bfe5) c.j     pc - 8
core   0: 3 0x8000b854 (0xbfe5)
core   0: 0x8000b84c (0x00000f17) auipc   t5, 0x0
core   0: 3 0x8000b84c (0x00000f17) x30 0x8000b84c
core   0: 0x8000b850 (0x7a3f2a23) sw      gp, 1972(t5)
core   0: 3 0x8000b850 (0x7a3f2a23) mem 0x8000c000 0x00000001
core   0: 0x8000b854 (0x0000bfe5) c.j     pc - 8
core   0: 3 0x8000b854 (0xbfe5)
core   0: 0x8000b84c (0x00000f17) auipc   t5, 0x0
core   0: 3 0x8000b84c (0x00000f17) x30 0x8000b84c
core   0: 0x8000b850 (0x7a3f2a23) sw      gp, 1972(t5)
core   0: 3 0x8000b850 (0x7a3f2a23) mem 0x8000c000 0x00000001
core   0: 0x8000b854 (0x0000bfe5) c.j     pc - 8
core   0: 3 0x8000b854 (0xbfe5)
core   0: 0x8000b84c (0x00000f17) auipc   t5, 0x0
core   0: 3 0x8000b84c (0x00000f17) x30 0x8000b84c
core   0: 0x8000b850 (0x7a3f2a23) sw      gp, 1972(t5)
core   0: 3 0x8000b850 (0x7a3f2a23) mem 0x8000c000 0x00000001
core   0: 0x8000b854 (0x0000bfe5) c.j     pc - 8
core   0: 3 0x8000b854 (0xbfe5)
core   0: 0x8000b84c (0x00000f17) auipc   t5, 0x0
core   0: 3 0x8000b84c (0x00000f17) x30 0x8000b84c
core   0: 0x8000b850 (0x7a3f2a23) sw      gp, 1972(t5)
core   0: 3 0x8000b850 (0x7a3f2a23) mem 0x8000c000 0x00000001
core   0: 0x8000b854 (0x0000bfe5) c.j     pc - 8
core   0: 3 0x8000b854 (0xbfe5)
core   0: 0x8000b84c (0x00000f17) auipc   t5, 0x0
core   0: 3 0x8000b84c (0x00000f17) x30 0x8000b84c
core   0: 0x8000b850 (0x7a3f2a23) sw      gp, 1972(t5)
core   0: 3 0x8000b850 (0x7a3f2a23) mem 0x8000c000 0x00000001
core   0: 0x8000b854 (0x0000bfe5) c.j     pc - 8
core   0: 3 0x8000b854 (0xbfe5)
core   0: 0x8000b84c (0x00000f17) auipc   t5, 0x0
core   0: 3 0x8000b84c (0x00000f17) x30 0x8000b84c
core   0: 0x8000b850 (0x7a3f2a23) sw      gp, 1972(t5)
core   0: 3 0x8000b850 (0x7a3f2a23) mem 0x8000c000 0x00000001
core   0: 0x8000b854 (0x0000bfe5) c.j     pc - 8
core   0: 3 0x8000b854 (0xbfe5)
core   0: 0x8000b84c (0x00000f17) auipc   t5, 0x0
core   0: 3 0x8000b84c (0x00000f17) x30 0x8000b84c
core   0: 0x8000b850 (0x7a3f2a23) sw      gp, 1972(t5)
core   0: 3 0x8000b850 (0x7a3f2a23) mem 0x8000c000 0x00000001
core   0: 0x8000b854 (0x0000bfe5) c.j     pc - 8
core   0: 3 0x8000b854 (0xbfe5)
core   0: 0x8000b84c (0x00000f17) auipc   t5, 0x0
core   0: 3 0x8000b84c (0x00000f17) x30 0x8000b84c
core   0: 0x8000b850 (0x7a3f2a23) sw      gp, 1972(t5)
core   0: 3 0x8000b850 (0x7a3f2a23) mem 0x8000c000 0x00000001
core   0: 0x8000b854 (0x0000bfe5) c.j     pc - 8
core   0: 3 0x8000b854 (0xbfe5)
core   0: 0x8000b84c (0x00000f17) auipc   t5, 0x0
core   0: 3 0x8000b84c (0x00000f17) x30 0x8000b84c
core   0: 0x8000b850 (0x7a3f2a23) sw      gp, 1972(t5)
core   0: 3 0x8000b850 (0x7a3f2a23) mem 0x8000c000 0x00000001
core   0: 0x8000b854 (0x0000bfe5) c.j     pc - 8
core   0: 3 0x8000b854 (0xbfe5)
core   0: 0x8000b84c (0x00000f17) auipc   t5, 0x0
core   0: 3 0x8000b84c (0x00000f17) x30 0x8000b84c
core   0: 0x8000b850 (0x7a3f2a23) sw      gp, 1972(t5)
core   0: 3 0x8000b850 (0x7a3f2a23) mem 0x8000c000 0x00000001
core   0: 0x8000b854 (0x0000bfe5) c.j     pc - 8
core   0: 3 0x8000b854 (0xbfe5)
core   0: 0x8000b84c (0x00000f17) auipc   t5, 0x0
core   0: 3 0x8000b84c (0x00000f17) x30 0x8000b84c
core   0: 0x8000b850 (0x7a3f2a23) sw      gp, 1972(t5)
core   0: 3 0x8000b850 (0x7a3f2a23) mem 0x8000c000 0x00000001
core   0: 0x8000b854 (0x0000bfe5) c.j     pc - 8
core   0: 3 0x8000b854 (0xbfe5)
core   0: 0x8000b84c (0x00000f17) auipc   t5, 0x0
core   0: 3 0x8000b84c (0x00000f17) x30 0x8000b84c
core   0: 0x8000b850 (0x7a3f2a23) sw      gp, 1972(t5)
core   0: 3 0x8000b850 (0x7a3f2a23) mem 0x8000c000 0x00000001
core   0: 0x8000b854 (0x0000bfe5) c.j     pc - 8
core   0: 3 0x8000b854 (0xbfe5)
core   0: 0x8000b84c (0x00000f17) auipc   t5, 0x0
core   0: 3 0x8000b84c (0x00000f17) x30 0x8000b84c
core   0: 0x8000b850 (0x7a3f2a23) sw      gp, 1972(t5)
core   0: 3 0x8000b850 (0x7a3f2a23) mem 0x8000c000 0x00000001
core   0: 0x8000b854 (0x0000bfe5) c.j     pc - 8
core   0: 3 0x8000b854 (0xbfe5)
core   0: 0x8000b84c (0x00000f17) auipc   t5, 0x0
core   0: 3 0x8000b84c (0x00000f17) x30 0x8000b84c
core   0: 0x8000b850 (0x7a3f2a23) sw      gp, 1972(t5)
core   0: 3 0x8000b850 (0x7a3f2a23) mem 0x8000c000 0x00000001
core   0: 0x8000b854 (0x0000bfe5) c.j     pc - 8
core   0: 3 0x8000b854 (0xbfe5)
core   0: 0x8000b84c (0x00000f17) auipc   t5, 0x0
core   0: 3 0x8000b84c (0x00000f17) x30 0x8000b84c
core   0: 0x8000b850 (0x7a3f2a23) sw      gp, 1972(t5)
core   0: 3 0x8000b850 (0x7a3f2a23) mem 0x8000c000 0x00000001
core   0: 0x8000b854 (0x0000bfe5) c.j     pc - 8
core   0: 3 0x8000b854 (0xbfe5)
core   0: 0x8000b84c (0x00000f17) auipc   t5, 0x0
core   0: 3 0x8000b84c (0x00000f17) x30 0x8000b84c
core   0: 0x8000b850 (0x7a3f2a23) sw      gp, 1972(t5)
core   0: 3 0x8000b850 (0x7a3f2a23) mem 0x8000c000 0x00000001
core   0: 0x8000b854 (0x0000bfe5) c.j     pc - 8
core   0: 3 0x8000b854 (0xbfe5)
core   0: 0x8000b84c (0x00000f17) auipc   t5, 0x0
core   0: 3 0x8000b84c (0x00000f17) x30 0x8000b84c
core   0: 0x8000b850 (0x7a3f2a23) sw      gp, 1972(t5)
core   0: 3 0x8000b850 (0x7a3f2a23) mem 0x8000c000 0x00000001
core   0: 0x8000b854 (0x0000bfe5) c.j     pc - 8
core   0: 3 0x8000b854 (0xbfe5)
core   0: 0x8000b84c (0x00000f17) auipc   t5, 0x0
core   0: 3 0x8000b84c (0x00000f17) x30 0x8000b84c
core   0: 0x8000b850 (0x7a3f2a23) sw      gp, 1972(t5)
core   0: 3 0x8000b850 (0x7a3f2a23) mem 0x8000c000 0x00000001
core   0: 0x8000b854 (0x0000bfe5) c.j     pc - 8
core   0: 3 0x8000b854 (0xbfe5)
core   0: 0x8000b84c (0x00000f17) auipc   t5, 0x0
core   0: 3 0x8000b84c (0x00000f17) x30 0x8000b84c
core   0: 0x8000b850 (0x7a3f2a23) sw      gp, 1972(t5)
core   0: 3 0x8000b850 (0x7a3f2a23) mem 0x8000c000 0x00000001
core   0: 0x8000b854 (0x0000bfe5) c.j     pc - 8
core   0: 3 0x8000b854 (0xbfe5)
core   0: 0x8000b84c (0x00000f17) auipc   t5, 0x0
core   0: 3 0x8000b84c (0x00000f17) x30 0x8000b84c
core   0: 0x8000b850 (0x7a3f2a23) sw      gp, 1972(t5)
core   0: 3 0x8000b850 (0x7a3f2a23) mem 0x8000c000 0x00000001
core   0: 0x8000b854 (0x0000bfe5) c.j     pc - 8
core   0: 3 0x8000b854 (0xbfe5)
core   0: 0x8000b84c (0x00000f17) auipc   t5, 0x0
core   0: 3 0x8000b84c (0x00000f17) x30 0x8000b84c
core   0: 0x8000b850 (0x7a3f2a23) sw      gp, 1972(t5)
core   0: 3 0x8000b850 (0x7a3f2a23) mem 0x8000c000 0x00000001
core   0: 0x8000b854 (0x0000bfe5) c.j     pc - 8
core   0: 3 0x8000b854 (0xbfe5)
core   0: 0x8000b84c (0x00000f17) auipc   t5, 0x0
core   0: 3 0x8000b84c (0x00000f17) x30 0x8000b84c
core   0: 0x8000b850 (0x7a3f2a23) sw      gp, 1972(t5)
core   0: 3 0x8000b850 (0x7a3f2a23) mem 0x8000c000 0x00000001
core   0: 0x8000b854 (0x0000bfe5) c.j     pc - 8
core   0: 3 0x8000b854 (0xbfe5)
core   0: 0x8000b84c (0x00000f17) auipc   t5, 0x0
core   0: 3 0x8000b84c (0x00000f17) x30 0x8000b84c
core   0: 0x8000b850 (0x7a3f2a23) sw      gp, 1972(t5)
core   0: 3 0x8000b850 (0x7a3f2a23) mem 0x8000c000 0x00000001
core   0: 0x8000b854 (0x0000bfe5) c.j     pc - 8
core   0: 3 0x8000b854 (0xbfe5)
core   0: 0x8000b84c (0x00000f17) auipc   t5, 0x0
core   0: 3 0x8000b84c (0x00000f17) x30 0x8000b84c
core   0: 0x8000b850 (0x7a3f2a23) sw      gp, 1972(t5)
core   0: 3 0x8000b850 (0x7a3f2a23) mem 0x8000c000 0x00000001
core   0: 0x8000b854 (0x0000bfe5) c.j     pc - 8
core   0: 3 0x8000b854 (0xbfe5)
core   0: 0x8000b84c (0x00000f17) auipc   t5, 0x0
core   0: 3 0x8000b84c (0x00000f17) x30 0x8000b84c
core   0: 0x8000b850 (0x7a3f2a23) sw      gp, 1972(t5)
core   0: 3 0x8000b850 (0x7a3f2a23) mem 0x8000c000 0x00000001
core   0: 0x8000b854 (0x0000bfe5) c.j     pc - 8
core   0: 3 0x8000b854 (0xbfe5)
core   0: 0x8000b84c (0x00000f17) auipc   t5, 0x0
core   0: 3 0x8000b84c (0x00000f17) x30 0x8000b84c
core   0: 0x8000b850 (0x7a3f2a23) sw      gp, 1972(t5)
core   0: 3 0x8000b850 (0x7a3f2a23) mem 0x8000c000 0x00000001
core   0: 0x8000b854 (0x0000bfe5) c.j     pc - 8
core   0: 3 0x8000b854 (0xbfe5)
core   0: 0x8000b84c (0x00000f17) auipc   t5, 0x0
core   0: 3 0x8000b84c (0x00000f17) x30 0x8000b84c
core   0: 0x8000b850 (0x7a3f2a23) sw      gp, 1972(t5)
core   0: 3 0x8000b850 (0x7a3f2a23) mem 0x8000c000 0x00000001
core   0: 0x8000b854 (0x0000bfe5) c.j     pc - 8
core   0: 3 0x8000b854 (0xbfe5)
core   0: 0x8000b84c (0x00000f17) auipc   t5, 0x0
core   0: 3 0x8000b84c (0x00000f17) x30 0x8000b84c
core   0: 0x8000b850 (0x7a3f2a23) sw      gp, 1972(t5)
core   0: 3 0x8000b850 (0x7a3f2a23) mem 0x8000c000 0x00000001
core   0: 0x8000b854 (0x0000bfe5) c.j     pc - 8
core   0: 3 0x8000b854 (0xbfe5)
core   0: 0x8000b84c (0x00000f17) auipc   t5, 0x0
core   0: 3 0x8000b84c (0x00000f17) x30 0x8000b84c
core   0: 0x8000b850 (0x7a3f2a23) sw      gp, 1972(t5)
core   0: 3 0x8000b850 (0x7a3f2a23) mem 0x8000c000 0x00000001
core   0: 0x8000b854 (0x0000bfe5) c.j     pc - 8
core   0: 3 0x8000b854 (0xbfe5)
core   0: 0x8000b84c (0x00000f17) auipc   t5, 0x0
core   0: 3 0x8000b84c (0x00000f17) x30 0x8000b84c
core   0: 0x8000b850 (0x7a3f2a23) sw      gp, 1972(t5)
core   0: 3 0x8000b850 (0x7a3f2a23) mem 0x8000c000 0x00000001
core   0: 0x8000b854 (0x0000bfe5) c.j     pc - 8
core   0: 3 0x8000b854 (0xbfe5)
core   0: 0x8000b84c (0x00000f17) auipc   t5, 0x0
core   0: 3 0x8000b84c (0x00000f17) x30 0x8000b84c
core   0: 0x8000b850 (0x7a3f2a23) sw      gp, 1972(t5)
core   0: 3 0x8000b850 (0x7a3f2a23) mem 0x8000c000 0x00000001
core   0: 0x8000b854 (0x0000bfe5) c.j     pc - 8
core   0: 3 0x8000b854 (0xbfe5)
core   0: 0x8000b84c (0x00000f17) auipc   t5, 0x0
core   0: 3 0x8000b84c (0x00000f17) x30 0x8000b84c
core   0: 0x8000b850 (0x7a3f2a23) sw      gp, 1972(t5)
core   0: 3 0x8000b850 (0x7a3f2a23) mem 0x8000c000 0x00000001
core   0: 0x8000b854 (0x0000bfe5) c.j     pc - 8
core   0: 3 0x8000b854 (0xbfe5)
core   0: 0x8000b84c (0x00000f17) auipc   t5, 0x0
core   0: 3 0x8000b84c (0x00000f17) x30 0x8000b84c
core   0: 0x8000b850 (0x7a3f2a23) sw      gp, 1972(t5)
core   0: 3 0x8000b850 (0x7a3f2a23) mem 0x8000c000 0x00000001
core   0: 0x8000b854 (0x0000bfe5) c.j     pc - 8
core   0: 3 0x8000b854 (0xbfe5)
core   0: 0x8000b84c (0x00000f17) auipc   t5, 0x0
core   0: 3 0x8000b84c (0x00000f17) x30 0x8000b84c
core   0: 0x8000b850 (0x7a3f2a23) sw      gp, 1972(t5)
core   0: 3 0x8000b850 (0x7a3f2a23) mem 0x8000c000 0x00000001
core   0: 0x8000b854 (0x0000bfe5) c.j     pc - 8
core   0: 3 0x8000b854 (0xbfe5)
core   0: 0x8000b84c (0x00000f17) auipc   t5, 0x0
core   0: 3 0x8000b84c (0x00000f17) x30 0x8000b84c
core   0: 0x8000b850 (0x7a3f2a23) sw      gp, 1972(t5)
core   0: 3 0x8000b850 (0x7a3f2a23) mem 0x8000c000 0x00000001
core   0: 0x8000b854 (0x0000bfe5) c.j     pc - 8
core   0: 3 0x8000b854 (0xbfe5)
core   0: 0x8000b84c (0x00000f17) auipc   t5, 0x0
core   0: 3 0x8000b84c (0x00000f17) x30 0x8000b84c
core   0: 0x8000b850 (0x7a3f2a23) sw      gp, 1972(t5)
core   0: 3 0x8000b850 (0x7a3f2a23) mem 0x8000c000 0x00000001
core   0: 0x8000b854 (0x0000bfe5) c.j     pc - 8
core   0: 3 0x8000b854 (0xbfe5)
core   0: 0x8000b84c (0x00000f17) auipc   t5, 0x0
core   0: 3 0x8000b84c (0x00000f17) x30 0x8000b84c
core   0: 0x8000b850 (0x7a3f2a23) sw      gp, 1972(t5)
core   0: 3 0x8000b850 (0x7a3f2a23) mem 0x8000c000 0x00000001
core   0: 0x8000b854 (0x0000bfe5) c.j     pc - 8
core   0: 3 0x8000b854 (0xbfe5)
core   0: 0x8000b84c (0x00000f17) auipc   t5, 0x0
core   0: 3 0x8000b84c (0x00000f17) x30 0x8000b84c
core   0: 0x8000b850 (0x7a3f2a23) sw      gp, 1972(t5)
core   0: 3 0x8000b850 (0x7a3f2a23) mem 0x8000c000 0x00000001
core   0: 0x8000b854 (0x0000bfe5) c.j     pc - 8
core   0: 3 0x8000b854 (0xbfe5)
core   0: 0x8000b84c (0x00000f17) auipc   t5, 0x0
core   0: 3 0x8000b84c (0x00000f17) x30 0x8000b84c
core   0: 0x8000b850 (0x7a3f2a23) sw      gp, 1972(t5)
core   0: 3 0x8000b850 (0x7a3f2a23) mem 0x8000c000 0x00000001
core   0: 0x8000b854 (0x0000bfe5) c.j     pc - 8
core   0: 3 0x8000b854 (0xbfe5)
core   0: 0x8000b84c (0x00000f17) auipc   t5, 0x0
core   0: 3 0x8000b84c (0x00000f17) x30 0x8000b84c
core   0: 0x8000b850 (0x7a3f2a23) sw      gp, 1972(t5)
core   0: 3 0x8000b850 (0x7a3f2a23) mem 0x8000c000 0x00000001
core   0: 0x8000b854 (0x0000bfe5) c.j     pc - 8
core   0: 3 0x8000b854 (0xbfe5)
core   0: 0x8000b84c (0x00000f17) auipc   t5, 0x0
core   0: 3 0x8000b84c (0x00000f17) x30 0x8000b84c
core   0: 0x8000b850 (0x7a3f2a23) sw      gp, 1972(t5)
core   0: 3 0x8000b850 (0x7a3f2a23) mem 0x8000c000 0x00000001
core   0: 0x8000b854 (0x0000bfe5) c.j     pc - 8
core   0: 3 0x8000b854 (0xbfe5)
core   0: 0x8000b84c (0x00000f17) auipc   t5, 0x0
core   0: 3 0x8000b84c (0x00000f17) x30 0x8000b84c
core   0: 0x8000b850 (0x7a3f2a23) sw      gp, 1972(t5)
core   0: 3 0x8000b850 (0x7a3f2a23) mem 0x8000c000 0x00000001
core   0: 0x8000b854 (0x0000bfe5) c.j     pc - 8
core   0: 3 0x8000b854 (0xbfe5)
core   0: 0x8000b84c (0x00000f17) auipc   t5, 0x0
core   0: 3 0x8000b84c (0x00000f17) x30 0x8000b84c
core   0: 0x8000b850 (0x7a3f2a23) sw      gp, 1972(t5)
core   0: 3 0x8000b850 (0x7a3f2a23) mem 0x8000c000 0x00000001
core   0: 0x8000b854 (0x0000bfe5) c.j     pc - 8
core   0: 3 0x8000b854 (0xbfe5)
core   0: 0x8000b84c (0x00000f17) auipc   t5, 0x0
core   0: 3 0x8000b84c (0x00000f17) x30 0x8000b84c
core   0: 0x8000b850 (0x7a3f2a23) sw      gp, 1972(t5)
core   0: 3 0x8000b850 (0x7a3f2a23) mem 0x8000c000 0x00000001
core   0: 0x8000b854 (0x0000bfe5) c.j     pc - 8
core   0: 3 0x8000b854 (0xbfe5)
core   0: 0x8000b84c (0x00000f17) auipc   t5, 0x0
core   0: 3 0x8000b84c (0x00000f17) x30 0x8000b84c
core   0: 0x8000b850 (0x7a3f2a23) sw      gp, 1972(t5)
core   0: 3 0x8000b850 (0x7a3f2a23) mem 0x8000c000 0x00000001
core   0: 0x8000b854 (0x0000bfe5) c.j     pc - 8
core   0: 3 0x8000b854 (0xbfe5)
core   0: 0x8000b84c (0x00000f17) auipc   t5, 0x0
core   0: 3 0x8000b84c (0x00000f17) x30 0x8000b84c
core   0: 0x8000b850 (0x7a3f2a23) sw      gp, 1972(t5)
core   0: 3 0x8000b850 (0x7a3f2a23) mem 0x8000c000 0x00000001
core   0: 0x8000b854 (0x0000bfe5) c.j     pc - 8
core   0: 3 0x8000b854 (0xbfe5)
core   0: 0x8000b84c (0x00000f17) auipc   t5, 0x0
core   0: 3 0x8000b84c (0x00000f17) x30 0x8000b84c
core   0: 0x8000b850 (0x7a3f2a23) sw      gp, 1972(t5)
core   0: 3 0x8000b850 (0x7a3f2a23) mem 0x8000c000 0x00000001
core   0: 0x8000b854 (0x0000bfe5) c.j     pc - 8
core   0: 3 0x8000b854 (0xbfe5)
core   0: 0x8000b84c (0x00000f17) auipc   t5, 0x0
core   0: 3 0x8000b84c (0x00000f17) x30 0x8000b84c
core   0: 0x8000b850 (0x7a3f2a23) sw      gp, 1972(t5)
core   0: 3 0x8000b850 (0x7a3f2a23) mem 0x8000c000 0x00000001
core   0: 0x8000b854 (0x0000bfe5) c.j     pc - 8
core   0: 3 0x8000b854 (0xbfe5)
core   0: 0x8000b84c (0x00000f17) auipc   t5, 0x0
core   0: 3 0x8000b84c (0x00000f17) x30 0x8000b84c
core   0: 0x8000b850 (0x7a3f2a23) sw      gp, 1972(t5)
core   0: 3 0x8000b850 (0x7a3f2a23) mem 0x8000c000 0x00000001
core   0: 0x8000b854 (0x0000bfe5) c.j     pc - 8
core   0: 3 0x8000b854 (0xbfe5)
core   0: 0x8000b84c (0x00000f17) auipc   t5, 0x0
core   0: 3 0x8000b84c (0x00000f17) x30 0x8000b84c
core   0: 0x8000b850 (0x7a3f2a23) sw      gp, 1972(t5)
core   0: 3 0x8000b850 (0x7a3f2a23) mem 0x8000c000 0x00000001
core   0: 0x8000b854 (0x0000bfe5) c.j     pc - 8
core   0: 3 0x8000b854 (0xbfe5)
core   0: 0x8000b84c (0x00000f17) auipc   t5, 0x0
core   0: 3 0x8000b84c (0x00000f17) x30 0x8000b84c
core   0: 0x8000b850 (0x7a3f2a23) sw      gp, 1972(t5)
core   0: 3 0x8000b850 (0x7a3f2a23) mem 0x8000c000 0x00000001
core   0: 0x8000b854 (0x0000bfe5) c.j     pc - 8
core   0: 3 0x8000b854 (0xbfe5)
core   0: 0x8000b84c (0x00000f17) auipc   t5, 0x0
core   0: 3 0x8000b84c (0x00000f17) x30 0x8000b84c
core   0: 0x8000b850 (0x7a3f2a23) sw      gp, 1972(t5)
core   0: 3 0x8000b850 (0x7a3f2a23) mem 0x8000c000 0x00000001
core   0: 0x8000b854 (0x0000bfe5) c.j     pc - 8
core   0: 3 0x8000b854 (0xbfe5)
core   0: 0x8000b84c (0x00000f17) auipc   t5, 0x0
core   0: 3 0x8000b84c (0x00000f17) x30 0x8000b84c
core   0: 0x8000b850 (0x7a3f2a23) sw      gp, 1972(t5)
core   0: 3 0x8000b850 (0x7a3f2a23) mem 0x8000c000 0x00000001
core   0: 0x8000b854 (0x0000bfe5) c.j     pc - 8
core   0: 3 0x8000b854 (0xbfe5)
core   0: 0x8000b84c (0x00000f17) auipc   t5, 0x0
core   0: 3 0x8000b84c (0x00000f17) x30 0x8000b84c
core   0: 0x8000b850 (0x7a3f2a23) sw      gp, 1972(t5)
core   0: 3 0x8000b850 (0x7a3f2a23) mem 0x8000c000 0x00000001
core   0: 0x8000b854 (0x0000bfe5) c.j     pc - 8
core   0: 3 0x8000b854 (0xbfe5)
core   0: 0x8000b84c (0x00000f17) auipc   t5, 0x0
core   0: 3 0x8000b84c (0x00000f17) x30 0x8000b84c
core   0: 0x8000b850 (0x7a3f2a23) sw      gp, 1972(t5)
core   0: 3 0x8000b850 (0x7a3f2a23) mem 0x8000c000 0x00000001
core   0: 0x8000b854 (0x0000bfe5) c.j     pc - 8
core   0: 3 0x8000b854 (0xbfe5)
core   0: 0x8000b84c (0x00000f17) auipc   t5, 0x0
core   0: 3 0x8000b84c (0x00000f17) x30 0x8000b84c
core   0: 0x8000b850 (0x7a3f2a23) sw      gp, 1972(t5)
core   0: 3 0x8000b850 (0x7a3f2a23) mem 0x8000c000 0x00000001
core   0: 0x8000b854 (0x0000bfe5) c.j     pc - 8
core   0: 3 0x8000b854 (0xbfe5)
core   0: 0x8000b84c (0x00000f17) auipc   t5, 0x0
core   0: 3 0x8000b84c (0x00000f17) x30 0x8000b84c
core   0: 0x8000b850 (0x7a3f2a23) sw      gp, 1972(t5)
core   0: 3 0x8000b850 (0x7a3f2a23) mem 0x8000c000 0x00000001
core   0: 0x8000b854 (0x0000bfe5) c.j     pc - 8
core   0: 3 0x8000b854 (0xbfe5)
core   0: 0x8000b84c (0x00000f17) auipc   t5, 0x0
core   0: 3 0x8000b84c (0x00000f17) x30 0x8000b84c
core   0: 0x8000b850 (0x7a3f2a23) sw      gp, 1972(t5)
core   0: 3 0x8000b850 (0x7a3f2a23) mem 0x8000c000 0x00000001
core   0: 0x8000b854 (0x0000bfe5) c.j     pc - 8
core   0: 3 0x8000b854 (0xbfe5)
core   0: 0x8000b84c (0x00000f17) auipc   t5, 0x0
core   0: 3 0x8000b84c (0x00000f17) x30 0x8000b84c
core   0: 0x8000b850 (0x7a3f2a23) sw      gp, 1972(t5)
core   0: 3 0x8000b850 (0x7a3f2a23) mem 0x8000c000 0x00000001
core   0: 0x8000b854 (0x0000bfe5) c.j     pc - 8
core   0: 3 0x8000b854 (0xbfe5)
core   0: 0x8000b84c (0x00000f17) auipc   t5, 0x0
core   0: 3 0x8000b84c (0x00000f17) x30 0x8000b84c
core   0: 0x8000b850 (0x7a3f2a23) sw      gp, 1972(t5)
core   0: 3 0x8000b850 (0x7a3f2a23) mem 0x8000c000 0x00000001
core   0: 0x8000b854 (0x0000bfe5) c.j     pc - 8
core   0: 3 0x8000b854 (0xbfe5)
core   0: 0x8000b84c (0x00000f17) auipc   t5, 0x0
core   0: 3 0x8000b84c (0x00000f17) x30 0x8000b84c
core   0: 0x8000b850 (0x7a3f2a23) sw      gp, 1972(t5)
core   0: 3 0x8000b850 (0x7a3f2a23) mem 0x8000c000 0x00000001
core   0: 0x8000b854 (0x0000bfe5) c.j     pc - 8
core   0: 3 0x8000b854 (0xbfe5)
core   0: 0x8000b84c (0x00000f17) auipc   t5, 0x0
core   0: 3 0x8000b84c (0x00000f17) x30 0x8000b84c
core   0: 0x8000b850 (0x7a3f2a23) sw      gp, 1972(t5)
core   0: 3 0x8000b850 (0x7a3f2a23) mem 0x8000c000 0x00000001
core   0: 0x8000b854 (0x0000bfe5) c.j     pc - 8
core   0: 3 0x8000b854 (0xbfe5)
core   0: 0x8000b84c (0x00000f17) auipc   t5, 0x0
core   0: 3 0x8000b84c (0x00000f17) x30 0x8000b84c
core   0: 0x8000b850 (0x7a3f2a23) sw      gp, 1972(t5)
core   0: 3 0x8000b850 (0x7a3f2a23) mem 0x8000c000 0x00000001
core   0: 0x8000b854 (0x0000bfe5) c.j     pc - 8
core   0: 3 0x8000b854 (0xbfe5)
core   0: 0x8000b84c (0x00000f17) auipc   t5, 0x0
core   0: 3 0x8000b84c (0x00000f17) x30 0x8000b84c
core   0: 0x8000b850 (0x7a3f2a23) sw      gp, 1972(t5)
core   0: 3 0x8000b850 (0x7a3f2a23) mem 0x8000c000 0x00000001
core   0: 0x8000b854 (0x0000bfe5) c.j     pc - 8
core   0: 3 0x8000b854 (0xbfe5)
core   0: 0x8000b84c (0x00000f17) auipc   t5, 0x0
core   0: 3 0x8000b84c (0x00000f17) x30 0x8000b84c
core   0: 0x8000b850 (0x7a3f2a23) sw      gp, 1972(t5)
core   0: 3 0x8000b850 (0x7a3f2a23) mem 0x8000c000 0x00000001
core   0: 0x8000b854 (0x0000bfe5) c.j     pc - 8
core   0: 3 0x8000b854 (0xbfe5)
core   0: 0x8000b84c (0x00000f17) auipc   t5, 0x0
core   0: 3 0x8000b84c (0x00000f17) x30 0x8000b84c
core   0: 0x8000b850 (0x7a3f2a23) sw      gp, 1972(t5)
core   0: 3 0x8000b850 (0x7a3f2a23) mem 0x8000c000 0x00000001
core   0: 0x8000b854 (0x0000bfe5) c.j     pc - 8
core   0: 3 0x8000b854 (0xbfe5)
core   0: 0x8000b84c (0x00000f17) auipc   t5, 0x0
core   0: 3 0x8000b84c (0x00000f17) x30 0x8000b84c
core   0: 0x8000b850 (0x7a3f2a23) sw      gp, 1972(t5)
core   0: 3 0x8000b850 (0x7a3f2a23) mem 0x8000c000 0x00000001
core   0: 0x8000b854 (0x0000bfe5) c.j     pc - 8
core   0: 3 0x8000b854 (0xbfe5)
core   0: 0x8000b84c (0x00000f17) auipc   t5, 0x0
core   0: 3 0x8000b84c (0x00000f17) x30 0x8000b84c
core   0: 0x8000b850 (0x7a3f2a23) sw      gp, 1972(t5)
core   0: 3 0x8000b850 (0x7a3f2a23) mem 0x8000c000 0x00000001
core   0: 0x8000b854 (0x0000bfe5) c.j     pc - 8
core   0: 3 0x8000b854 (0xbfe5)
core   0: 0x8000b84c (0x00000f17) auipc   t5, 0x0
core   0: 3 0x8000b84c (0x00000f17) x30 0x8000b84c
core   0: 0x8000b850 (0x7a3f2a23) sw      gp, 1972(t5)
core   0: 3 0x8000b850 (0x7a3f2a23) mem 0x8000c000 0x00000001
core   0: 0x8000b854 (0x0000bfe5) c.j     pc - 8
core   0: 3 0x8000b854 (0xbfe5)
core   0: 0x8000b84c (0x00000f17) auipc   t5, 0x0
core   0: 3 0x8000b84c (0x00000f17) x30 0x8000b84c
core   0: 0x8000b850 (0x7a3f2a23) sw      gp, 1972(t5)
core   0: 3 0x8000b850 (0x7a3f2a23) mem 0x8000c000 0x00000001
core   0: 0x8000b854 (0x0000bfe5) c.j     pc - 8
core   0: 3 0x8000b854 (0xbfe5)
core   0: 0x8000b84c (0x00000f17) auipc   t5, 0x0
core   0: 3 0x8000b84c (0x00000f17) x30 0x8000b84c
core   0: 0x8000b850 (0x7a3f2a23) sw      gp, 1972(t5)
core   0: 3 0x8000b850 (0x7a3f2a23) mem 0x8000c000 0x00000001
core   0: 0x8000b854 (0x0000bfe5) c.j     pc - 8
core   0: 3 0x8000b854 (0xbfe5)
core   0: 0x8000b84c (0x00000f17) auipc   t5, 0x0
core   0: 3 0x8000b84c (0x00000f17) x30 0x8000b84c
core   0: 0x8000b850 (0x7a3f2a23) sw      gp, 1972(t5)
core   0: 3 0x8000b850 (0x7a3f2a23) mem 0x8000c000 0x00000001
core   0: 0x8000b854 (0x0000bfe5) c.j     pc - 8
core   0: 3 0x8000b854 (0xbfe5)
core   0: 0x8000b84c (0x00000f17) auipc   t5, 0x0
core   0: 3 0x8000b84c (0x00000f17) x30 0x8000b84c
core   0: 0x8000b850 (0x7a3f2a23) sw      gp, 1972(t5)
core   0: 3 0x8000b850 (0x7a3f2a23) mem 0x8000c000 0x00000001
core   0: 0x8000b854 (0x0000bfe5) c.j     pc - 8
core   0: 3 0x8000b854 (0xbfe5)
core   0: 0x8000b84c (0x00000f17) auipc   t5, 0x0
core   0: 3 0x8000b84c (0x00000f17) x30 0x8000b84c
core   0: 0x8000b850 (0x7a3f2a23) sw      gp, 1972(t5)
core   0: 3 0x8000b850 (0x7a3f2a23) mem 0x8000c000 0x00000001
core   0: 0x8000b854 (0x0000bfe5) c.j     pc - 8
core   0: 3 0x8000b854 (0xbfe5)
core   0: 0x8000b84c (0x00000f17) auipc   t5, 0x0
core   0: 3 0x8000b84c (0x00000f17) x30 0x8000b84c
core   0: 0x8000b850 (0x7a3f2a23) sw      gp, 1972(t5)
core   0: 3 0x8000b850 (0x7a3f2a23) mem 0x8000c000 0x00000001
core   0: 0x8000b854 (0x0000bfe5) c.j     pc - 8
core   0: 3 0x8000b854 (0xbfe5)
core   0: 0x8000b84c (0x00000f17) auipc   t5, 0x0
core   0: 3 0x8000b84c (0x00000f17) x30 0x8000b84c
core   0: 0x8000b850 (0x7a3f2a23) sw      gp, 1972(t5)
core   0: 3 0x8000b850 (0x7a3f2a23) mem 0x8000c000 0x00000001
core   0: 0x8000b854 (0x0000bfe5) c.j     pc - 8
core   0: 3 0x8000b854 (0xbfe5)
core   0: 0x8000b84c (0x00000f17) auipc   t5, 0x0
core   0: 3 0x8000b84c (0x00000f17) x30 0x8000b84c
core   0: 0x8000b850 (0x7a3f2a23) sw      gp, 1972(t5)
core   0: 3 0x8000b850 (0x7a3f2a23) mem 0x8000c000 0x00000001
core   0: 0x8000b854 (0x0000bfe5) c.j     pc - 8
core   0: 3 0x8000b854 (0xbfe5)
core   0: 0x8000b84c (0x00000f17) auipc   t5, 0x0
core   0: 3 0x8000b84c (0x00000f17) x30 0x8000b84c
core   0: 0x8000b850 (0x7a3f2a23) sw      gp, 1972(t5)
core   0: 3 0x8000b850 (0x7a3f2a23) mem 0x8000c000 0x00000001
core   0: 0x8000b854 (0x0000bfe5) c.j     pc - 8
core   0: 3 0x8000b854 (0xbfe5)
core   0: 0x8000b84c (0x00000f17) auipc   t5, 0x0
core   0: 3 0x8000b84c (0x00000f17) x30 0x8000b84c
core   0: 0x8000b850 (0x7a3f2a23) sw      gp, 1972(t5)
core   0: 3 0x8000b850 (0x7a3f2a23) mem 0x8000c000 0x00000001
core   0: 0x8000b854 (0x0000bfe5) c.j     pc - 8
core   0: 3 0x8000b854 (0xbfe5)
core   0: 0x8000b84c (0x00000f17) auipc   t5, 0x0
core   0: 3 0x8000b84c (0x00000f17) x30 0x8000b84c
core   0: 0x8000b850 (0x7a3f2a23) sw      gp, 1972(t5)
core   0: 3 0x8000b850 (0x7a3f2a23) mem 0x8000c000 0x00000001
core   0: 0x8000b854 (0x0000bfe5) c.j     pc - 8
core   0: 3 0x8000b854 (0xbfe5)
core   0: 0x8000b84c (0x00000f17) auipc   t5, 0x0
core   0: 3 0x8000b84c (0x00000f17) x30 0x8000b84c
core   0: 0x8000b850 (0x7a3f2a23) sw      gp, 1972(t5)
core   0: 3 0x8000b850 (0x7a3f2a23) mem 0x8000c000 0x00000001
core   0: 0x8000b854 (0x0000bfe5) c.j     pc - 8
core   0: 3 0x8000b854 (0xbfe5)
core   0: 0x8000b84c (0x00000f17) auipc   t5, 0x0
core   0: 3 0x8000b84c (0x00000f17) x30 0x8000b84c
core   0: 0x8000b850 (0x7a3f2a23) sw      gp, 1972(t5)
core   0: 3 0x8000b850 (0x7a3f2a23) mem 0x8000c000 0x00000001
core   0: 0x8000b854 (0x0000bfe5) c.j     pc - 8
core   0: 3 0x8000b854 (0xbfe5)
core   0: 0x8000b84c (0x00000f17) auipc   t5, 0x0
core   0: 3 0x8000b84c (0x00000f17) x30 0x8000b84c
core   0: 0x8000b850 (0x7a3f2a23) sw      gp, 1972(t5)
core   0: 3 0x8000b850 (0x7a3f2a23) mem 0x8000c000 0x00000001
core   0: 0x8000b854 (0x0000bfe5) c.j     pc - 8
core   0: 3 0x8000b854 (0xbfe5)
core   0: 0x8000b84c (0x00000f17) auipc   t5, 0x0
core   0: 3 0x8000b84c (0x00000f17) x30 0x8000b84c
core   0: 0x8000b850 (0x7a3f2a23) sw      gp, 1972(t5)
core   0: 3 0x8000b850 (0x7a3f2a23) mem 0x8000c000 0x00000001
core   0: 0x8000b854 (0x0000bfe5) c.j     pc - 8
core   0: 3 0x8000b854 (0xbfe5)
core   0: 0x8000b84c (0x00000f17) auipc   t5, 0x0
core   0: 3 0x8000b84c (0x00000f17) x30 0x8000b84c
core   0: 0x8000b850 (0x7a3f2a23) sw      gp, 1972(t5)
core   0: 3 0x8000b850 (0x7a3f2a23) mem 0x8000c000 0x00000001
core   0: 0x8000b854 (0x0000bfe5) c.j     pc - 8
core   0: 3 0x8000b854 (0xbfe5)
core   0: 0x8000b84c (0x00000f17) auipc   t5, 0x0
core   0: 3 0x8000b84c (0x00000f17) x30 0x8000b84c
core   0: 0x8000b850 (0x7a3f2a23) sw      gp, 1972(t5)
core   0: 3 0x8000b850 (0x7a3f2a23) mem 0x8000c000 0x00000001
core   0: 0x8000b854 (0x0000bfe5) c.j     pc - 8
core   0: 3 0x8000b854 (0xbfe5)
core   0: 0x8000b84c (0x00000f17) auipc   t5, 0x0
core   0: 3 0x8000b84c (0x00000f17) x30 0x8000b84c
core   0: 0x8000b850 (0x7a3f2a23) sw      gp, 1972(t5)
core   0: 3 0x8000b850 (0x7a3f2a23) mem 0x8000c000 0x00000001
core   0: 0x8000b854 (0x0000bfe5) c.j     pc - 8
core   0: 3 0x8000b854 (0xbfe5)
core   0: 0x8000b84c (0x00000f17) auipc   t5, 0x0
core   0: 3 0x8000b84c (0x00000f17) x30 0x8000b84c
core   0: 0x8000b850 (0x7a3f2a23) sw      gp, 1972(t5)
core   0: 3 0x8000b850 (0x7a3f2a23) mem 0x8000c000 0x00000001
core   0: 0x8000b854 (0x0000bfe5) c.j     pc - 8
core   0: 3 0x8000b854 (0xbfe5)
core   0: 0x8000b84c (0x00000f17) auipc   t5, 0x0
core   0: 3 0x8000b84c (0x00000f17) x30 0x8000b84c
core   0: 0x8000b850 (0x7a3f2a23) sw      gp, 1972(t5)
core   0: 3 0x8000b850 (0x7a3f2a23) mem 0x8000c000 0x00000001
core   0: 0x8000b854 (0x0000bfe5) c.j     pc - 8
core   0: 3 0x8000b854 (0xbfe5)
core   0: 0x8000b84c (0x00000f17) auipc   t5, 0x0
core   0: 3 0x8000b84c (0x00000f17) x30 0x8000b84c
core   0: 0x8000b850 (0x7a3f2a23) sw      gp, 1972(t5)
core   0: 3 0x8000b850 (0x7a3f2a23) mem 0x8000c000 0x00000001
core   0: 0x8000b854 (0x0000bfe5) c.j     pc - 8
core   0: 3 0x8000b854 (0xbfe5)
core   0: 0x8000b84c (0x00000f17) auipc   t5, 0x0
core   0: 3 0x8000b84c (0x00000f17) x30 0x8000b84c
core   0: 0x8000b850 (0x7a3f2a23) sw      gp, 1972(t5)
core   0: 3 0x8000b850 (0x7a3f2a23) mem 0x8000c000 0x00000001
core   0: 0x8000b854 (0x0000bfe5) c.j     pc - 8
core   0: 3 0x8000b854 (0xbfe5)
core   0: 0x8000b84c (0x00000f17) auipc   t5, 0x0
core   0: 3 0x8000b84c (0x00000f17) x30 0x8000b84c
core   0: 0x8000b850 (0x7a3f2a23) sw      gp, 1972(t5)
core   0: 3 0x8000b850 (0x7a3f2a23) mem 0x8000c000 0x00000001
core   0: 0x8000b854 (0x0000bfe5) c.j     pc - 8
core   0: 3 0x8000b854 (0xbfe5)
core   0: 0x8000b84c (0x00000f17) auipc   t5, 0x0
core   0: 3 0x8000b84c (0x00000f17) x30 0x8000b84c
core   0: 0x8000b850 (0x7a3f2a23) sw      gp, 1972(t5)
core   0: 3 0x8000b850 (0x7a3f2a23) mem 0x8000c000 0x00000001
core   0: 0x8000b854 (0x0000bfe5) c.j     pc - 8
core   0: 3 0x8000b854 (0xbfe5)
core   0: 0x8000b84c (0x00000f17) auipc   t5, 0x0
core   0: 3 0x8000b84c (0x00000f17) x30 0x8000b84c
core   0: 0x8000b850 (0x7a3f2a23) sw      gp, 1972(t5)
core   0: 3 0x8000b850 (0x7a3f2a23) mem 0x8000c000 0x00000001
core   0: 0x8000b854 (0x0000bfe5) c.j     pc - 8
core   0: 3 0x8000b854 (0xbfe5)
core   0: 0x8000b84c (0x00000f17) auipc   t5, 0x0
core   0: 3 0x8000b84c (0x00000f17) x30 0x8000b84c
core   0: 0x8000b850 (0x7a3f2a23) sw      gp, 1972(t5)
core   0: 3 0x8000b850 (0x7a3f2a23) mem 0x8000c000 0x00000001
core   0: 0x8000b854 (0x0000bfe5) c.j     pc - 8
core   0: 3 0x8000b854 (0xbfe5)
core   0: 0x8000b84c (0x00000f17) auipc   t5, 0x0
core   0: 3 0x8000b84c (0x00000f17) x30 0x8000b84c
core   0: 0x8000b850 (0x7a3f2a23) sw      gp, 1972(t5)
core   0: 3 0x8000b850 (0x7a3f2a23) mem 0x8000c000 0x00000001
core   0: 0x8000b854 (0x0000bfe5) c.j     pc - 8
core   0: 3 0x8000b854 (0xbfe5)
core   0: 0x8000b84c (0x00000f17) auipc   t5, 0x0
core   0: 3 0x8000b84c (0x00000f17) x30 0x8000b84c
core   0: 0x8000b850 (0x7a3f2a23) sw      gp, 1972(t5)
core   0: 3 0x8000b850 (0x7a3f2a23) mem 0x8000c000 0x00000001
core   0: 0x8000b854 (0x0000bfe5) c.j     pc - 8
core   0: 3 0x8000b854 (0xbfe5)
core   0: 0x8000b84c (0x00000f17) auipc   t5, 0x0
core   0: 3 0x8000b84c (0x00000f17) x30 0x8000b84c
core   0: 0x8000b850 (0x7a3f2a23) sw      gp, 1972(t5)
core   0: 3 0x8000b850 (0x7a3f2a23) mem 0x8000c000 0x00000001
core   0: 0x8000b854 (0x0000bfe5) c.j     pc - 8
core   0: 3 0x8000b854 (0xbfe5)
core   0: 0x8000b84c (0x00000f17) auipc   t5, 0x0
core   0: 3 0x8000b84c (0x00000f17) x30 0x8000b84c
core   0: 0x8000b850 (0x7a3f2a23) sw      gp, 1972(t5)
core   0: 3 0x8000b850 (0x7a3f2a23) mem 0x8000c000 0x00000001
core   0: 0x8000b854 (0x0000bfe5) c.j     pc - 8
core   0: 3 0x8000b854 (0xbfe5)
core   0: 0x8000b84c (0x00000f17) auipc   t5, 0x0
core   0: 3 0x8000b84c (0x00000f17) x30 0x8000b84c
core   0: 0x8000b850 (0x7a3f2a23) sw      gp, 1972(t5)
core   0: 3 0x8000b850 (0x7a3f2a23) mem 0x8000c000 0x00000001
core   0: 0x8000b854 (0x0000bfe5) c.j     pc - 8
core   0: 3 0x8000b854 (0xbfe5)
core   0: 0x8000b84c (0x00000f17) auipc   t5, 0x0
core   0: 3 0x8000b84c (0x00000f17) x30 0x8000b84c
core   0: 0x8000b850 (0x7a3f2a23) sw      gp, 1972(t5)
core   0: 3 0x8000b850 (0x7a3f2a23) mem 0x8000c000 0x00000001
core   0: 0x8000b854 (0x0000bfe5) c.j     pc - 8
core   0: 3 0x8000b854 (0xbfe5)
core   0: 0x8000b84c (0x00000f17) auipc   t5, 0x0
core   0: 3 0x8000b84c (0x00000f17) x30 0x8000b84c
core   0: 0x8000b850 (0x7a3f2a23) sw      gp, 1972(t5)
core   0: 3 0x8000b850 (0x7a3f2a23) mem 0x8000c000 0x00000001
core   0: 0x8000b854 (0x0000bfe5) c.j     pc - 8
core   0: 3 0x8000b854 (0xbfe5)
core   0: 0x8000b84c (0x00000f17) auipc   t5, 0x0
core   0: 3 0x8000b84c (0x00000f17) x30 0x8000b84c
core   0: 0x8000b850 (0x7a3f2a23) sw      gp, 1972(t5)
core   0: 3 0x8000b850 (0x7a3f2a23) mem 0x8000c000 0x00000001
core   0: 0x8000b854 (0x0000bfe5) c.j     pc - 8
core   0: 3 0x8000b854 (0xbfe5)
core   0: 0x8000b84c (0x00000f17) auipc   t5, 0x0
core   0: 3 0x8000b84c (0x00000f17) x30 0x8000b84c
core   0: 0x8000b850 (0x7a3f2a23) sw      gp, 1972(t5)
core   0: 3 0x8000b850 (0x7a3f2a23) mem 0x8000c000 0x00000001
core   0: 0x8000b854 (0x0000bfe5) c.j     pc - 8
core   0: 3 0x8000b854 (0xbfe5)
core   0: 0x8000b84c (0x00000f17) auipc   t5, 0x0
core   0: 3 0x8000b84c (0x00000f17) x30 0x8000b84c
core   0: 0x8000b850 (0x7a3f2a23) sw      gp, 1972(t5)
core   0: 3 0x8000b850 (0x7a3f2a23) mem 0x8000c000 0x00000001
core   0: 0x8000b854 (0x0000bfe5) c.j     pc - 8
core   0: 3 0x8000b854 (0xbfe5)
core   0: 0x8000b84c (0x00000f17) auipc   t5, 0x0
core   0: 3 0x8000b84c (0x00000f17) x30 0x8000b84c
core   0: 0x8000b850 (0x7a3f2a23) sw      gp, 1972(t5)
core   0: 3 0x8000b850 (0x7a3f2a23) mem 0x8000c000 0x00000001
core   0: 0x8000b854 (0x0000bfe5) c.j     pc - 8
core   0: 3 0x8000b854 (0xbfe5)
core   0: 0x8000b84c (0x00000f17) auipc   t5, 0x0
core   0: 3 0x8000b84c (0x00000f17) x30 0x8000b84c
core   0: 0x8000b850 (0x7a3f2a23) sw      gp, 1972(t5)
core   0: 3 0x8000b850 (0x7a3f2a23) mem 0x8000c000 0x00000001
core   0: 0x8000b854 (0x0000bfe5) c.j     pc - 8
core   0: 3 0x8000b854 (0xbfe5)
core   0: 0x8000b84c (0x00000f17) auipc   t5, 0x0
core   0: 3 0x8000b84c (0x00000f17) x30 0x8000b84c
core   0: 0x8000b850 (0x7a3f2a23) sw      gp, 1972(t5)
core   0: 3 0x8000b850 (0x7a3f2a23) mem 0x8000c000 0x00000001
core   0: 0x8000b854 (0x0000bfe5) c.j     pc - 8
core   0: 3 0x8000b854 (0xbfe5)
core   0: 0x8000b84c (0x00000f17) auipc   t5, 0x0
core   0: 3 0x8000b84c (0x00000f17) x30 0x8000b84c
core   0: 0x8000b850 (0x7a3f2a23) sw      gp, 1972(t5)
core   0: 3 0x8000b850 (0x7a3f2a23) mem 0x8000c000 0x00000001
core   0: 0x8000b854 (0x0000bfe5) c.j     pc - 8
core   0: 3 0x8000b854 (0xbfe5)
core   0: 0x8000b84c (0x00000f17) auipc   t5, 0x0
core   0: 3 0x8000b84c (0x00000f17) x30 0x8000b84c
core   0: 0x8000b850 (0x7a3f2a23) sw      gp, 1972(t5)
core   0: 3 0x8000b850 (0x7a3f2a23) mem 0x8000c000 0x00000001
core   0: 0x8000b854 (0x0000bfe5) c.j     pc - 8
core   0: 3 0x8000b854 (0xbfe5)
core   0: 0x8000b84c (0x00000f17) auipc   t5, 0x0
core   0: 3 0x8000b84c (0x00000f17) x30 0x8000b84c
core   0: 0x8000b850 (0x7a3f2a23) sw      gp, 1972(t5)
core   0: 3 0x8000b850 (0x7a3f2a23) mem 0x8000c000 0x00000001
core   0: 0x8000b854 (0x0000bfe5) c.j     pc - 8
core   0: 3 0x8000b854 (0xbfe5)
core   0: 0x8000b84c (0x00000f17) auipc   t5, 0x0
core   0: 3 0x8000b84c (0x00000f17) x30 0x8000b84c
core   0: 0x8000b850 (0x7a3f2a23) sw      gp, 1972(t5)
core   0: 3 0x8000b850 (0x7a3f2a23) mem 0x8000c000 0x00000001
core   0: 0x8000b854 (0x0000bfe5) c.j     pc - 8
core   0: 3 0x8000b854 (0xbfe5)
core   0: 0x8000b84c (0x00000f17) auipc   t5, 0x0
core   0: 3 0x8000b84c (0x00000f17) x30 0x8000b84c
core   0: 0x8000b850 (0x7a3f2a23) sw      gp, 1972(t5)
core   0: 3 0x8000b850 (0x7a3f2a23) mem 0x8000c000 0x00000001
core   0: 0x8000b854 (0x0000bfe5) c.j     pc - 8
core   0: 3 0x8000b854 (0xbfe5)
core   0: 0x8000b84c (0x00000f17) auipc   t5, 0x0
core   0: 3 0x8000b84c (0x00000f17) x30 0x8000b84c
core   0: 0x8000b850 (0x7a3f2a23) sw      gp, 1972(t5)
core   0: 3 0x8000b850 (0x7a3f2a23) mem 0x8000c000 0x00000001
core   0: 0x8000b854 (0x0000bfe5) c.j     pc - 8
core   0: 3 0x8000b854 (0xbfe5)
core   0: 0x8000b84c (0x00000f17) auipc   t5, 0x0
core   0: 3 0x8000b84c (0x00000f17) x30 0x8000b84c
core   0: 0x8000b850 (0x7a3f2a23) sw      gp, 1972(t5)
core   0: 3 0x8000b850 (0x7a3f2a23) mem 0x8000c000 0x00000001
core   0: 0x8000b854 (0x0000bfe5) c.j     pc - 8
core   0: 3 0x8000b854 (0xbfe5)
core   0: 0x8000b84c (0x00000f17) auipc   t5, 0x0
core   0: 3 0x8000b84c (0x00000f17) x30 0x8000b84c
core   0: 0x8000b850 (0x7a3f2a23) sw      gp, 1972(t5)
core   0: 3 0x8000b850 (0x7a3f2a23) mem 0x8000c000 0x00000001
core   0: 0x8000b854 (0x0000bfe5) c.j     pc - 8
core   0: 3 0x8000b854 (0xbfe5)
core   0: 0x8000b84c (0x00000f17) auipc   t5, 0x0
core   0: 3 0x8000b84c (0x00000f17) x30 0x8000b84c
core   0: 0x8000b850 (0x7a3f2a23) sw      gp, 1972(t5)
core   0: 3 0x8000b850 (0x7a3f2a23) mem 0x8000c000 0x00000001
core   0: 0x8000b854 (0x0000bfe5) c.j     pc - 8
core   0: 3 0x8000b854 (0xbfe5)
core   0: 0x8000b84c (0x00000f17) auipc   t5, 0x0
core   0: 3 0x8000b84c (0x00000f17) x30 0x8000b84c
core   0: 0x8000b850 (0x7a3f2a23) sw      gp, 1972(t5)
core   0: 3 0x8000b850 (0x7a3f2a23) mem 0x8000c000 0x00000001
core   0: 0x8000b854 (0x0000bfe5) c.j     pc - 8
core   0: 3 0x8000b854 (0xbfe5)
core   0: 0x8000b84c (0x00000f17) auipc   t5, 0x0
core   0: 3 0x8000b84c (0x00000f17) x30 0x8000b84c
core   0: 0x8000b850 (0x7a3f2a23) sw      gp, 1972(t5)
core   0: 3 0x8000b850 (0x7a3f2a23) mem 0x8000c000 0x00000001
core   0: 0x8000b854 (0x0000bfe5) c.j     pc - 8
core   0: 3 0x8000b854 (0xbfe5)
core   0: 0x8000b84c (0x00000f17) auipc   t5, 0x0
core   0: 3 0x8000b84c (0x00000f17) x30 0x8000b84c
core   0: 0x8000b850 (0x7a3f2a23) sw      gp, 1972(t5)
core   0: 3 0x8000b850 (0x7a3f2a23) mem 0x8000c000 0x00000001
core   0: 0x8000b854 (0x0000bfe5) c.j     pc - 8
core   0: 3 0x8000b854 (0xbfe5)
core   0: 0x8000b84c (0x00000f17) auipc   t5, 0x0
core   0: 3 0x8000b84c (0x00000f17) x30 0x8000b84c
core   0: 0x8000b850 (0x7a3f2a23) sw      gp, 1972(t5)
core   0: 3 0x8000b850 (0x7a3f2a23) mem 0x8000c000 0x00000001
core   0: 0x8000b854 (0x0000bfe5) c.j     pc - 8
core   0: 3 0x8000b854 (0xbfe5)
core   0: 0x8000b84c (0x00000f17) auipc   t5, 0x0
core   0: 3 0x8000b84c (0x00000f17) x30 0x8000b84c
core   0: 0x8000b850 (0x7a3f2a23) sw      gp, 1972(t5)
core   0: 3 0x8000b850 (0x7a3f2a23) mem 0x8000c000 0x00000001
core   0: 0x8000b854 (0x0000bfe5) c.j     pc - 8
core   0: 3 0x8000b854 (0xbfe5)
core   0: 0x8000b84c (0x00000f17) auipc   t5, 0x0
core   0: 3 0x8000b84c (0x00000f17) x30 0x8000b84c
core   0: 0x8000b850 (0x7a3f2a23) sw      gp, 1972(t5)
core   0: 3 0x8000b850 (0x7a3f2a23) mem 0x8000c000 0x00000001
core   0: 0x8000b854 (0x0000bfe5) c.j     pc - 8
core   0: 3 0x8000b854 (0xbfe5)
core   0: 0x8000b84c (0x00000f17) auipc   t5, 0x0
core   0: 3 0x8000b84c (0x00000f17) x30 0x8000b84c
core   0: 0x8000b850 (0x7a3f2a23) sw      gp, 1972(t5)
core   0: 3 0x8000b850 (0x7a3f2a23) mem 0x8000c000 0x00000001
core   0: 0x8000b854 (0x0000bfe5) c.j     pc - 8
core   0: 3 0x8000b854 (0xbfe5)
core   0: 0x8000b84c (0x00000f17) auipc   t5, 0x0
core   0: 3 0x8000b84c (0x00000f17) x30 0x8000b84c
core   0: 0x8000b850 (0x7a3f2a23) sw      gp, 1972(t5)
core   0: 3 0x8000b850 (0x7a3f2a23) mem 0x8000c000 0x00000001
core   0: 0x8000b854 (0x0000bfe5) c.j     pc - 8
core   0: 3 0x8000b854 (0xbfe5)
core   0: 0x8000b84c (0x00000f17) auipc   t5, 0x0
core   0: 3 0x8000b84c (0x00000f17) x30 0x8000b84c
core   0: 0x8000b850 (0x7a3f2a23) sw      gp, 1972(t5)
core   0: 3 0x8000b850 (0x7a3f2a23) mem 0x8000c000 0x00000001
core   0: 0x8000b854 (0x0000bfe5) c.j     pc - 8
core   0: 3 0x8000b854 (0xbfe5)
core   0: 0x8000b84c (0x00000f17) auipc   t5, 0x0
core   0: 3 0x8000b84c (0x00000f17) x30 0x8000b84c
core   0: 0x8000b850 (0x7a3f2a23) sw      gp, 1972(t5)
core   0: 3 0x8000b850 (0x7a3f2a23) mem 0x8000c000 0x00000001
core   0: 0x8000b854 (0x0000bfe5) c.j     pc - 8
core   0: 3 0x8000b854 (0xbfe5)
core   0: 0x8000b84c (0x00000f17) auipc   t5, 0x0
core   0: 3 0x8000b84c (0x00000f17) x30 0x8000b84c
core   0: 0x8000b850 (0x7a3f2a23) sw      gp, 1972(t5)
core   0: 3 0x8000b850 (0x7a3f2a23) mem 0x8000c000 0x00000001
core   0: 0x8000b854 (0x0000bfe5) c.j     pc - 8
core   0: 3 0x8000b854 (0xbfe5)
core   0: 0x8000b84c (0x00000f17) auipc   t5, 0x0
core   0: 3 0x8000b84c (0x00000f17) x30 0x8000b84c
core   0: 0x8000b850 (0x7a3f2a23) sw      gp, 1972(t5)
core   0: 3 0x8000b850 (0x7a3f2a23) mem 0x8000c000 0x00000001
core   0: 0x8000b854 (0x0000bfe5) c.j     pc - 8
core   0: 3 0x8000b854 (0xbfe5)
core   0: 0x8000b84c (0x00000f17) auipc   t5, 0x0
core   0: 3 0x8000b84c (0x00000f17) x30 0x8000b84c
core   0: 0x8000b850 (0x7a3f2a23) sw      gp, 1972(t5)
core   0: 3 0x8000b850 (0x7a3f2a23) mem 0x8000c000 0x00000001
core   0: 0x8000b854 (0x0000bfe5) c.j     pc - 8
core   0: 3 0x8000b854 (0xbfe5)
core   0: 0x8000b84c (0x00000f17) auipc   t5, 0x0
core   0: 3 0x8000b84c (0x00000f17) x30 0x8000b84c
core   0: 0x8000b850 (0x7a3f2a23) sw      gp, 1972(t5)
core   0: 3 0x8000b850 (0x7a3f2a23) mem 0x8000c000 0x00000001
core   0: 0x8000b854 (0x0000bfe5) c.j     pc - 8
core   0: 3 0x8000b854 (0xbfe5)
core   0: 0x8000b84c (0x00000f17) auipc   t5, 0x0
core   0: 3 0x8000b84c (0x00000f17) x30 0x8000b84c
core   0: 0x8000b850 (0x7a3f2a23) sw      gp, 1972(t5)
core   0: 3 0x8000b850 (0x7a3f2a23) mem 0x8000c000 0x00000001
core   0: 0x8000b854 (0x0000bfe5) c.j     pc - 8
core   0: 3 0x8000b854 (0xbfe5)
core   0: 0x8000b84c (0x00000f17) auipc   t5, 0x0
core   0: 3 0x8000b84c (0x00000f17) x30 0x8000b84c
core   0: 0x8000b850 (0x7a3f2a23) sw      gp, 1972(t5)
core   0: 3 0x8000b850 (0x7a3f2a23) mem 0x8000c000 0x00000001
core   0: 0x8000b854 (0x0000bfe5) c.j     pc - 8
core   0: 3 0x8000b854 (0xbfe5)
core   0: 0x8000b84c (0x00000f17) auipc   t5, 0x0
core   0: 3 0x8000b84c (0x00000f17) x30 0x8000b84c
core   0: 0x8000b850 (0x7a3f2a23) sw      gp, 1972(t5)
core   0: 3 0x8000b850 (0x7a3f2a23) mem 0x8000c000 0x00000001
core   0: 0x8000b854 (0x0000bfe5) c.j     pc - 8
core   0: 3 0x8000b854 (0xbfe5)
core   0: 0x8000b84c (0x00000f17) auipc   t5, 0x0
core   0: 3 0x8000b84c (0x00000f17) x30 0x8000b84c
core   0: 0x8000b850 (0x7a3f2a23) sw      gp, 1972(t5)
core   0: 3 0x8000b850 (0x7a3f2a23) mem 0x8000c000 0x00000001
core   0: 0x8000b854 (0x0000bfe5) c.j     pc - 8
core   0: 3 0x8000b854 (0xbfe5)
core   0: 0x8000b84c (0x00000f17) auipc   t5, 0x0
core   0: 3 0x8000b84c (0x00000f17) x30 0x8000b84c
core   0: 0x8000b850 (0x7a3f2a23) sw      gp, 1972(t5)
core   0: 3 0x8000b850 (0x7a3f2a23) mem 0x8000c000 0x00000001
core   0: 0x8000b854 (0x0000bfe5) c.j     pc - 8
core   0: 3 0x8000b854 (0xbfe5)
core   0: 0x8000b84c (0x00000f17) auipc   t5, 0x0
core   0: 3 0x8000b84c (0x00000f17) x30 0x8000b84c
core   0: 0x8000b850 (0x7a3f2a23) sw      gp, 1972(t5)
core   0: 3 0x8000b850 (0x7a3f2a23) mem 0x8000c000 0x00000001
core   0: 0x8000b854 (0x0000bfe5) c.j     pc - 8
core   0: 3 0x8000b854 (0xbfe5)
core   0: 0x8000b84c (0x00000f17) auipc   t5, 0x0
core   0: 3 0x8000b84c (0x00000f17) x30 0x8000b84c
core   0: 0x8000b850 (0x7a3f2a23) sw      gp, 1972(t5)
core   0: 3 0x8000b850 (0x7a3f2a23) mem 0x8000c000 0x00000001
core   0: 0x8000b854 (0x0000bfe5) c.j     pc - 8
core   0: 3 0x8000b854 (0xbfe5)
core   0: 0x8000b84c (0x00000f17) auipc   t5, 0x0
core   0: 3 0x8000b84c (0x00000f17) x30 0x8000b84c
core   0: 0x8000b850 (0x7a3f2a23) sw      gp, 1972(t5)
core   0: 3 0x8000b850 (0x7a3f2a23) mem 0x8000c000 0x00000001
core   0: 0x8000b854 (0x0000bfe5) c.j     pc - 8
core   0: 3 0x8000b854 (0xbfe5)
core   0: 0x8000b84c (0x00000f17) auipc   t5, 0x0
core   0: 3 0x8000b84c (0x00000f17) x30 0x8000b84c
core   0: 0x8000b850 (0x7a3f2a23) sw      gp, 1972(t5)
core   0: 3 0x8000b850 (0x7a3f2a23) mem 0x8000c000 0x00000001
core   0: 0x8000b854 (0x0000bfe5) c.j     pc - 8
core   0: 3 0x8000b854 (0xbfe5)
core   0: 0x8000b84c (0x00000f17) auipc   t5, 0x0
core   0: 3 0x8000b84c (0x00000f17) x30 0x8000b84c
core   0: 0x8000b850 (0x7a3f2a23) sw      gp, 1972(t5)
core   0: 3 0x8000b850 (0x7a3f2a23) mem 0x8000c000 0x00000001
core   0: 0x8000b854 (0x0000bfe5) c.j     pc - 8
core   0: 3 0x8000b854 (0xbfe5)
core   0: 0x8000b84c (0x00000f17) auipc   t5, 0x0
core   0: 3 0x8000b84c (0x00000f17) x30 0x8000b84c
core   0: 0x8000b850 (0x7a3f2a23) sw      gp, 1972(t5)
core   0: 3 0x8000b850 (0x7a3f2a23) mem 0x8000c000 0x00000001
core   0: 0x8000b854 (0x0000bfe5) c.j     pc - 8
core   0: 3 0x8000b854 (0xbfe5)
core   0: 0x8000b84c (0x00000f17) auipc   t5, 0x0
core   0: 3 0x8000b84c (0x00000f17) x30 0x8000b84c
core   0: 0x8000b850 (0x7a3f2a23) sw      gp, 1972(t5)
core   0: 3 0x8000b850 (0x7a3f2a23) mem 0x8000c000 0x00000001
core   0: 0x8000b854 (0x0000bfe5) c.j     pc - 8
core   0: 3 0x8000b854 (0xbfe5)
core   0: 0x8000b84c (0x00000f17) auipc   t5, 0x0
core   0: 3 0x8000b84c (0x00000f17) x30 0x8000b84c
core   0: 0x8000b850 (0x7a3f2a23) sw      gp, 1972(t5)
core   0: 3 0x8000b850 (0x7a3f2a23) mem 0x8000c000 0x00000001
core   0: 0x8000b854 (0x0000bfe5) c.j     pc - 8
core   0: 3 0x8000b854 (0xbfe5)
core   0: 0x8000b84c (0x00000f17) auipc   t5, 0x0
core   0: 3 0x8000b84c (0x00000f17) x30 0x8000b84c
core   0: 0x8000b850 (0x7a3f2a23) sw      gp, 1972(t5)
core   0: 3 0x8000b850 (0x7a3f2a23) mem 0x8000c000 0x00000001
core   0: 0x8000b854 (0x0000bfe5) c.j     pc - 8
core   0: 3 0x8000b854 (0xbfe5)
core   0: 0x8000b84c (0x00000f17) auipc   t5, 0x0
core   0: 3 0x8000b84c (0x00000f17) x30 0x8000b84c
core   0: 0x8000b850 (0x7a3f2a23) sw      gp, 1972(t5)
core   0: 3 0x8000b850 (0x7a3f2a23) mem 0x8000c000 0x00000001
core   0: 0x8000b854 (0x0000bfe5) c.j     pc - 8
core   0: 3 0x8000b854 (0xbfe5)
core   0: 0x8000b84c (0x00000f17) auipc   t5, 0x0
core   0: 3 0x8000b84c (0x00000f17) x30 0x8000b84c
core   0: 0x8000b850 (0x7a3f2a23) sw      gp, 1972(t5)
core   0: 3 0x8000b850 (0x7a3f2a23) mem 0x8000c000 0x00000001
core   0: 0x8000b854 (0x0000bfe5) c.j     pc - 8
core   0: 3 0x8000b854 (0xbfe5)
core   0: 0x8000b84c (0x00000f17) auipc   t5, 0x0
core   0: 3 0x8000b84c (0x00000f17) x30 0x8000b84c
core   0: 0x8000b850 (0x7a3f2a23) sw      gp, 1972(t5)
core   0: 3 0x8000b850 (0x7a3f2a23) mem 0x8000c000 0x00000001
core   0: 0x8000b854 (0x0000bfe5) c.j     pc - 8
core   0: 3 0x8000b854 (0xbfe5)
core   0: 0x8000b84c (0x00000f17) auipc   t5, 0x0
core   0: 3 0x8000b84c (0x00000f17) x30 0x8000b84c
core   0: 0x8000b850 (0x7a3f2a23) sw      gp, 1972(t5)
core   0: 3 0x8000b850 (0x7a3f2a23) mem 0x8000c000 0x00000001
core   0: 0x8000b854 (0x0000bfe5) c.j     pc - 8
core   0: 3 0x8000b854 (0xbfe5)
core   0: 0x8000b84c (0x00000f17) auipc   t5, 0x0
core   0: 3 0x8000b84c (0x00000f17) x30 0x8000b84c
core   0: 0x8000b850 (0x7a3f2a23) sw      gp, 1972(t5)
core   0: 3 0x8000b850 (0x7a3f2a23) mem 0x8000c000 0x00000001
core   0: 0x8000b854 (0x0000bfe5) c.j     pc - 8
core   0: 3 0x8000b854 (0xbfe5)
core   0: 0x8000b84c (0x00000f17) auipc   t5, 0x0
core   0: 3 0x8000b84c (0x00000f17) x30 0x8000b84c
core   0: 0x8000b850 (0x7a3f2a23) sw      gp, 1972(t5)
core   0: 3 0x8000b850 (0x7a3f2a23) mem 0x8000c000 0x00000001
core   0: 0x8000b854 (0x0000bfe5) c.j     pc - 8
core   0: 3 0x8000b854 (0xbfe5)
core   0: 0x8000b84c (0x00000f17) auipc   t5, 0x0
core   0: 3 0x8000b84c (0x00000f17) x30 0x8000b84c
core   0: 0x8000b850 (0x7a3f2a23) sw      gp, 1972(t5)
core   0: 3 0x8000b850 (0x7a3f2a23) mem 0x8000c000 0x00000001
core   0: 0x8000b854 (0x0000bfe5) c.j     pc - 8
core   0: 3 0x8000b854 (0xbfe5)
core   0: 0x8000b84c (0x00000f17) auipc   t5, 0x0
core   0: 3 0x8000b84c (0x00000f17) x30 0x8000b84c
core   0: 0x8000b850 (0x7a3f2a23) sw      gp, 1972(t5)
core   0: 3 0x8000b850 (0x7a3f2a23) mem 0x8000c000 0x00000001
core   0: 0x8000b854 (0x0000bfe5) c.j     pc - 8
core   0: 3 0x8000b854 (0xbfe5)
core   0: 0x8000b84c (0x00000f17) auipc   t5, 0x0
core   0: 3 0x8000b84c (0x00000f17) x30 0x8000b84c
core   0: 0x8000b850 (0x7a3f2a23) sw      gp, 1972(t5)
core   0: 3 0x8000b850 (0x7a3f2a23) mem 0x8000c000 0x00000001
core   0: 0x8000b854 (0x0000bfe5) c.j     pc - 8
core   0: 3 0x8000b854 (0xbfe5)
core   0: 0x8000b84c (0x00000f17) auipc   t5, 0x0
core   0: 3 0x8000b84c (0x00000f17) x30 0x8000b84c
core   0: 0x8000b850 (0x7a3f2a23) sw      gp, 1972(t5)
core   0: 3 0x8000b850 (0x7a3f2a23) mem 0x8000c000 0x00000001
core   0: 0x8000b854 (0x0000bfe5) c.j     pc - 8
core   0: 3 0x8000b854 (0xbfe5)
core   0: 0x8000b84c (0x00000f17) auipc   t5, 0x0
core   0: 3 0x8000b84c (0x00000f17) x30 0x8000b84c
core   0: 0x8000b850 (0x7a3f2a23) sw      gp, 1972(t5)
core   0: 3 0x8000b850 (0x7a3f2a23) mem 0x8000c000 0x00000001
core   0: 0x8000b854 (0x0000bfe5) c.j     pc - 8
core   0: 3 0x8000b854 (0xbfe5)
core   0: 0x8000b84c (0x00000f17) auipc   t5, 0x0
core   0: 3 0x8000b84c (0x00000f17) x30 0x8000b84c
core   0: 0x8000b850 (0x7a3f2a23) sw      gp, 1972(t5)
core   0: 3 0x8000b850 (0x7a3f2a23) mem 0x8000c000 0x00000001
core   0: 0x8000b854 (0x0000bfe5) c.j     pc - 8
core   0: 3 0x8000b854 (0xbfe5)
core   0: 0x8000b84c (0x00000f17) auipc   t5, 0x0
core   0: 3 0x8000b84c (0x00000f17) x30 0x8000b84c
core   0: 0x8000b850 (0x7a3f2a23) sw      gp, 1972(t5)
core   0: 3 0x8000b850 (0x7a3f2a23) mem 0x8000c000 0x00000001
core   0: 0x8000b854 (0x0000bfe5) c.j     pc - 8
core   0: 3 0x8000b854 (0xbfe5)
core   0: 0x8000b84c (0x00000f17) auipc   t5, 0x0
core   0: 3 0x8000b84c (0x00000f17) x30 0x8000b84c
core   0: 0x8000b850 (0x7a3f2a23) sw      gp, 1972(t5)
core   0: 3 0x8000b850 (0x7a3f2a23) mem 0x8000c000 0x00000001
core   0: 0x8000b854 (0x0000bfe5) c.j     pc - 8
core   0: 3 0x8000b854 (0xbfe5)
core   0: 0x8000b84c (0x00000f17) auipc   t5, 0x0
core   0: 3 0x8000b84c (0x00000f17) x30 0x8000b84c
core   0: 0x8000b850 (0x7a3f2a23) sw      gp, 1972(t5)
core   0: 3 0x8000b850 (0x7a3f2a23) mem 0x8000c000 0x00000001
core   0: 0x8000b854 (0x0000bfe5) c.j     pc - 8
core   0: 3 0x8000b854 (0xbfe5)
core   0: 0x8000b84c (0x00000f17) auipc   t5, 0x0
core   0: 3 0x8000b84c (0x00000f17) x30 0x8000b84c
core   0: 0x8000b850 (0x7a3f2a23) sw      gp, 1972(t5)
core   0: 3 0x8000b850 (0x7a3f2a23) mem 0x8000c000 0x00000001
core   0: 0x8000b854 (0x0000bfe5) c.j     pc - 8
core   0: 3 0x8000b854 (0xbfe5)
core   0: 0x8000b84c (0x00000f17) auipc   t5, 0x0
core   0: 3 0x8000b84c (0x00000f17) x30 0x8000b84c
core   0: 0x8000b850 (0x7a3f2a23) sw      gp, 1972(t5)
core   0: 3 0x8000b850 (0x7a3f2a23) mem 0x8000c000 0x00000001
core   0: 0x8000b854 (0x0000bfe5) c.j     pc - 8
core   0: 3 0x8000b854 (0xbfe5)
core   0: 0x8000b84c (0x00000f17) auipc   t5, 0x0
core   0: 3 0x8000b84c (0x00000f17) x30 0x8000b84c
core   0: 0x8000b850 (0x7a3f2a23) sw      gp, 1972(t5)
core   0: 3 0x8000b850 (0x7a3f2a23) mem 0x8000c000 0x00000001
core   0: 0x8000b854 (0x0000bfe5) c.j     pc - 8
core   0: 3 0x8000b854 (0xbfe5)
core   0: 0x8000b84c (0x00000f17) auipc   t5, 0x0
core   0: 3 0x8000b84c (0x00000f17) x30 0x8000b84c
core   0: 0x8000b850 (0x7a3f2a23) sw      gp, 1972(t5)
core   0: 3 0x8000b850 (0x7a3f2a23) mem 0x8000c000 0x00000001
core   0: 0x8000b854 (0x0000bfe5) c.j     pc - 8
core   0: 3 0x8000b854 (0xbfe5)
core   0: 0x8000b84c (0x00000f17) auipc   t5, 0x0
core   0: 3 0x8000b84c (0x00000f17) x30 0x8000b84c
core   0: 0x8000b850 (0x7a3f2a23) sw      gp, 1972(t5)
core   0: 3 0x8000b850 (0x7a3f2a23) mem 0x8000c000 0x00000001
core   0: 0x8000b854 (0x0000bfe5) c.j     pc - 8
core   0: 3 0x8000b854 (0xbfe5)
core   0: 0x8000b84c (0x00000f17) auipc   t5, 0x0
core   0: 3 0x8000b84c (0x00000f17) x30 0x8000b84c
core   0: 0x8000b850 (0x7a3f2a23) sw      gp, 1972(t5)
core   0: 3 0x8000b850 (0x7a3f2a23) mem 0x8000c000 0x00000001
core   0: 0x8000b854 (0x0000bfe5) c.j     pc - 8
core   0: 3 0x8000b854 (0xbfe5)
core   0: 0x8000b84c (0x00000f17) auipc   t5, 0x0
core   0: 3 0x8000b84c (0x00000f17) x30 0x8000b84c
core   0: 0x8000b850 (0x7a3f2a23) sw      gp, 1972(t5)
core   0: 3 0x8000b850 (0x7a3f2a23) mem 0x8000c000 0x00000001
core   0: 0x8000b854 (0x0000bfe5) c.j     pc - 8
core   0: 3 0x8000b854 (0xbfe5)
core   0: 0x8000b84c (0x00000f17) auipc   t5, 0x0
core   0: 3 0x8000b84c (0x00000f17) x30 0x8000b84c
core   0: 0x8000b850 (0x7a3f2a23) sw      gp, 1972(t5)
core   0: 3 0x8000b850 (0x7a3f2a23) mem 0x8000c000 0x00000001
core   0: 0x8000b854 (0x0000bfe5) c.j     pc - 8
core   0: 3 0x8000b854 (0xbfe5)
core   0: 0x8000b84c (0x00000f17) auipc   t5, 0x0
core   0: 3 0x8000b84c (0x00000f17) x30 0x8000b84c
core   0: 0x8000b850 (0x7a3f2a23) sw      gp, 1972(t5)
core   0: 3 0x8000b850 (0x7a3f2a23) mem 0x8000c000 0x00000001
core   0: 0x8000b854 (0x0000bfe5) c.j     pc - 8
core   0: 3 0x8000b854 (0xbfe5)
core   0: 0x8000b84c (0x00000f17) auipc   t5, 0x0
core   0: 3 0x8000b84c (0x00000f17) x30 0x8000b84c
core   0: 0x8000b850 (0x7a3f2a23) sw      gp, 1972(t5)
core   0: 3 0x8000b850 (0x7a3f2a23) mem 0x8000c000 0x00000001
core   0: 0x8000b854 (0x0000bfe5) c.j     pc - 8
core   0: 3 0x8000b854 (0xbfe5)
core   0: 0x8000b84c (0x00000f17) auipc   t5, 0x0
core   0: 3 0x8000b84c (0x00000f17) x30 0x8000b84c
core   0: 0x8000b850 (0x7a3f2a23) sw      gp, 1972(t5)
core   0: 3 0x8000b850 (0x7a3f2a23) mem 0x8000c000 0x00000001
core   0: 0x8000b854 (0x0000bfe5) c.j     pc - 8
core   0: 3 0x8000b854 (0xbfe5)
core   0: 0x8000b84c (0x00000f17) auipc   t5, 0x0
core   0: 3 0x8000b84c (0x00000f17) x30 0x8000b84c
core   0: 0x8000b850 (0x7a3f2a23) sw      gp, 1972(t5)
core   0: 3 0x8000b850 (0x7a3f2a23) mem 0x8000c000 0x00000001
core   0: 0x8000b854 (0x0000bfe5) c.j     pc - 8
core   0: 3 0x8000b854 (0xbfe5)
core   0: 0x8000b84c (0x00000f17) auipc   t5, 0x0
core   0: 3 0x8000b84c (0x00000f17) x30 0x8000b84c
core   0: 0x8000b850 (0x7a3f2a23) sw      gp, 1972(t5)
core   0: 3 0x8000b850 (0x7a3f2a23) mem 0x8000c000 0x00000001
core   0: 0x8000b854 (0x0000bfe5) c.j     pc - 8
core   0: 3 0x8000b854 (0xbfe5)
core   0: 0x8000b84c (0x00000f17) auipc   t5, 0x0
core   0: 3 0x8000b84c (0x00000f17) x30 0x8000b84c
core   0: 0x8000b850 (0x7a3f2a23) sw      gp, 1972(t5)
core   0: 3 0x8000b850 (0x7a3f2a23) mem 0x8000c000 0x00000001
core   0: 0x8000b854 (0x0000bfe5) c.j     pc - 8
core   0: 3 0x8000b854 (0xbfe5)
core   0: 0x8000b84c (0x00000f17) auipc   t5, 0x0
core   0: 3 0x8000b84c (0x00000f17) x30 0x8000b84c
core   0: 0x8000b850 (0x7a3f2a23) sw      gp, 1972(t5)
core   0: 3 0x8000b850 (0x7a3f2a23) mem 0x8000c000 0x00000001
core   0: 0x8000b854 (0x0000bfe5) c.j     pc - 8
core   0: 3 0x8000b854 (0xbfe5)
core   0: 0x8000b84c (0x00000f17) auipc   t5, 0x0
core   0: 3 0x8000b84c (0x00000f17) x30 0x8000b84c
core   0: 0x8000b850 (0x7a3f2a23) sw      gp, 1972(t5)
core   0: 3 0x8000b850 (0x7a3f2a23) mem 0x8000c000 0x00000001
core   0: 0x8000b854 (0x0000bfe5) c.j     pc - 8
core   0: 3 0x8000b854 (0xbfe5)
core   0: 0x8000b84c (0x00000f17) auipc   t5, 0x0
core   0: 3 0x8000b84c (0x00000f17) x30 0x8000b84c
core   0: 0x8000b850 (0x7a3f2a23) sw      gp, 1972(t5)
core   0: 3 0x8000b850 (0x7a3f2a23) mem 0x8000c000 0x00000001
core   0: 0x8000b854 (0x0000bfe5) c.j     pc - 8
core   0: 3 0x8000b854 (0xbfe5)
core   0: 0x8000b84c (0x00000f17) auipc   t5, 0x0
core   0: 3 0x8000b84c (0x00000f17) x30 0x8000b84c
core   0: 0x8000b850 (0x7a3f2a23) sw      gp, 1972(t5)
core   0: 3 0x8000b850 (0x7a3f2a23) mem 0x8000c000 0x00000001
core   0: 0x8000b854 (0x0000bfe5) c.j     pc - 8
core   0: 3 0x8000b854 (0xbfe5)
core   0: 0x8000b84c (0x00000f17) auipc   t5, 0x0
core   0: 3 0x8000b84c (0x00000f17) x30 0x8000b84c
core   0: 0x8000b850 (0x7a3f2a23) sw      gp, 1972(t5)
core   0: 3 0x8000b850 (0x7a3f2a23) mem 0x8000c000 0x00000001
core   0: 0x8000b854 (0x0000bfe5) c.j     pc - 8
core   0: 3 0x8000b854 (0xbfe5)
core   0: 0x8000b84c (0x00000f17) auipc   t5, 0x0
core   0: 3 0x8000b84c (0x00000f17) x30 0x8000b84c
core   0: 0x8000b850 (0x7a3f2a23) sw      gp, 1972(t5)
core   0: 3 0x8000b850 (0x7a3f2a23) mem 0x8000c000 0x00000001
core   0: 0x8000b854 (0x0000bfe5) c.j     pc - 8
core   0: 3 0x8000b854 (0xbfe5)
core   0: 0x8000b84c (0x00000f17) auipc   t5, 0x0
core   0: 3 0x8000b84c (0x00000f17) x30 0x8000b84c
core   0: 0x8000b850 (0x7a3f2a23) sw      gp, 1972(t5)
core   0: 3 0x8000b850 (0x7a3f2a23) mem 0x8000c000 0x00000001
core   0: 0x8000b854 (0x0000bfe5) c.j     pc - 8
core   0: 3 0x8000b854 (0xbfe5)
core   0: 0x8000b84c (0x00000f17) auipc   t5, 0x0
core   0: 3 0x8000b84c (0x00000f17) x30 0x8000b84c
core   0: 0x8000b850 (0x7a3f2a23) sw      gp, 1972(t5)
core   0: 3 0x8000b850 (0x7a3f2a23) mem 0x8000c000 0x00000001
core   0: 0x8000b854 (0x0000bfe5) c.j     pc - 8
core   0: 3 0x8000b854 (0xbfe5)
core   0: 0x8000b84c (0x00000f17) auipc   t5, 0x0
core   0: 3 0x8000b84c (0x00000f17) x30 0x8000b84c
core   0: 0x8000b850 (0x7a3f2a23) sw      gp, 1972(t5)
core   0: 3 0x8000b850 (0x7a3f2a23) mem 0x8000c000 0x00000001
core   0: 0x8000b854 (0x0000bfe5) c.j     pc - 8
core   0: 3 0x8000b854 (0xbfe5)
core   0: 0x8000b84c (0x00000f17) auipc   t5, 0x0
core   0: 3 0x8000b84c (0x00000f17) x30 0x8000b84c
core   0: 0x8000b850 (0x7a3f2a23) sw      gp, 1972(t5)
core   0: 3 0x8000b850 (0x7a3f2a23) mem 0x8000c000 0x00000001
core   0: 0x8000b854 (0x0000bfe5) c.j     pc - 8
core   0: 3 0x8000b854 (0xbfe5)
core   0: 0x8000b84c (0x00000f17) auipc   t5, 0x0
core   0: 3 0x8000b84c (0x00000f17) x30 0x8000b84c
core   0: 0x8000b850 (0x7a3f2a23) sw      gp, 1972(t5)
core   0: 3 0x8000b850 (0x7a3f2a23) mem 0x8000c000 0x00000001
core   0: 0x8000b854 (0x0000bfe5) c.j     pc - 8
core   0: 3 0x8000b854 (0xbfe5)
core   0: 0x8000b84c (0x00000f17) auipc   t5, 0x0
core   0: 3 0x8000b84c (0x00000f17) x30 0x8000b84c
core   0: 0x8000b850 (0x7a3f2a23) sw      gp, 1972(t5)
core   0: 3 0x8000b850 (0x7a3f2a23) mem 0x8000c000 0x00000001
core   0: 0x8000b854 (0x0000bfe5) c.j     pc - 8
core   0: 3 0x8000b854 (0xbfe5)
core   0: 0x8000b84c (0x00000f17) auipc   t5, 0x0
core   0: 3 0x8000b84c (0x00000f17) x30 0x8000b84c
core   0: 0x8000b850 (0x7a3f2a23) sw      gp, 1972(t5)
core   0: 3 0x8000b850 (0x7a3f2a23) mem 0x8000c000 0x00000001
core   0: 0x8000b854 (0x0000bfe5) c.j     pc - 8
core   0: 3 0x8000b854 (0xbfe5)
core   0: 0x8000b84c (0x00000f17) auipc   t5, 0x0
core   0: 3 0x8000b84c (0x00000f17) x30 0x8000b84c
core   0: 0x8000b850 (0x7a3f2a23) sw      gp, 1972(t5)
core   0: 3 0x8000b850 (0x7a3f2a23) mem 0x8000c000 0x00000001
core   0: 0x8000b854 (0x0000bfe5) c.j     pc - 8
core   0: 3 0x8000b854 (0xbfe5)
core   0: 0x8000b84c (0x00000f17) auipc   t5, 0x0
core   0: 3 0x8000b84c (0x00000f17) x30 0x8000b84c
core   0: 0x8000b850 (0x7a3f2a23) sw      gp, 1972(t5)
core   0: 3 0x8000b850 (0x7a3f2a23) mem 0x8000c000 0x00000001
core   0: 0x8000b854 (0x0000bfe5) c.j     pc - 8
core   0: 3 0x8000b854 (0xbfe5)
core   0: 0x8000b84c (0x00000f17) auipc   t5, 0x0
core   0: 3 0x8000b84c (0x00000f17) x30 0x8000b84c
core   0: 0x8000b850 (0x7a3f2a23) sw      gp, 1972(t5)
core   0: 3 0x8000b850 (0x7a3f2a23) mem 0x8000c000 0x00000001
core   0: 0x8000b854 (0x0000bfe5) c.j     pc - 8
core   0: 3 0x8000b854 (0xbfe5)
core   0: 0x8000b84c (0x00000f17) auipc   t5, 0x0
core   0: 3 0x8000b84c (0x00000f17) x30 0x8000b84c
core   0: 0x8000b850 (0x7a3f2a23) sw      gp, 1972(t5)
core   0: 3 0x8000b850 (0x7a3f2a23) mem 0x8000c000 0x00000001
core   0: 0x8000b854 (0x0000bfe5) c.j     pc - 8
core   0: 3 0x8000b854 (0xbfe5)
core   0: 0x8000b84c (0x00000f17) auipc   t5, 0x0
core   0: 3 0x8000b84c (0x00000f17) x30 0x8000b84c
core   0: 0x8000b850 (0x7a3f2a23) sw      gp, 1972(t5)
core   0: 3 0x8000b850 (0x7a3f2a23) mem 0x8000c000 0x00000001
core   0: 0x8000b854 (0x0000bfe5) c.j     pc - 8
core   0: 3 0x8000b854 (0xbfe5)
core   0: 0x8000b84c (0x00000f17) auipc   t5, 0x0
core   0: 3 0x8000b84c (0x00000f17) x30 0x8000b84c
core   0: 0x8000b850 (0x7a3f2a23) sw      gp, 1972(t5)
core   0: 3 0x8000b850 (0x7a3f2a23) mem 0x8000c000 0x00000001
core   0: 0x8000b854 (0x0000bfe5) c.j     pc - 8
core   0: 3 0x8000b854 (0xbfe5)
core   0: 0x8000b84c (0x00000f17) auipc   t5, 0x0
core   0: 3 0x8000b84c (0x00000f17) x30 0x8000b84c
core   0: 0x8000b850 (0x7a3f2a23) sw      gp, 1972(t5)
core   0: 3 0x8000b850 (0x7a3f2a23) mem 0x8000c000 0x00000001
core   0: 0x8000b854 (0x0000bfe5) c.j     pc - 8
core   0: 3 0x8000b854 (0xbfe5)
core   0: 0x8000b84c (0x00000f17) auipc   t5, 0x0
core   0: 3 0x8000b84c (0x00000f17) x30 0x8000b84c
core   0: 0x8000b850 (0x7a3f2a23) sw      gp, 1972(t5)
core   0: 3 0x8000b850 (0x7a3f2a23) mem 0x8000c000 0x00000001
core   0: 0x8000b854 (0x0000bfe5) c.j     pc - 8
core   0: 3 0x8000b854 (0xbfe5)
core   0: 0x8000b84c (0x00000f17) auipc   t5, 0x0
core   0: 3 0x8000b84c (0x00000f17) x30 0x8000b84c
core   0: 0x8000b850 (0x7a3f2a23) sw      gp, 1972(t5)
core   0: 3 0x8000b850 (0x7a3f2a23) mem 0x8000c000 0x00000001
core   0: 0x8000b854 (0x0000bfe5) c.j     pc - 8
core   0: 3 0x8000b854 (0xbfe5)
core   0: 0x8000b84c (0x00000f17) auipc   t5, 0x0
core   0: 3 0x8000b84c (0x00000f17) x30 0x8000b84c
core   0: 0x8000b850 (0x7a3f2a23) sw      gp, 1972(t5)
core   0: 3 0x8000b850 (0x7a3f2a23) mem 0x8000c000 0x00000001
core   0: 0x8000b854 (0x0000bfe5) c.j     pc - 8
core   0: 3 0x8000b854 (0xbfe5)
core   0: 0x8000b84c (0x00000f17) auipc   t5, 0x0
core   0: 3 0x8000b84c (0x00000f17) x30 0x8000b84c
core   0: 0x8000b850 (0x7a3f2a23) sw      gp, 1972(t5)
core   0: 3 0x8000b850 (0x7a3f2a23) mem 0x8000c000 0x00000001
core   0: 0x8000b854 (0x0000bfe5) c.j     pc - 8
core   0: 3 0x8000b854 (0xbfe5)
core   0: 0x8000b84c (0x00000f17) auipc   t5, 0x0
core   0: 3 0x8000b84c (0x00000f17) x30 0x8000b84c
core   0: 0x8000b850 (0x7a3f2a23) sw      gp, 1972(t5)
core   0: 3 0x8000b850 (0x7a3f2a23) mem 0x8000c000 0x00000001
core   0: 0x8000b854 (0x0000bfe5) c.j     pc - 8
core   0: 3 0x8000b854 (0xbfe5)
core   0: 0x8000b84c (0x00000f17) auipc   t5, 0x0
core   0: 3 0x8000b84c (0x00000f17) x30 0x8000b84c
core   0: 0x8000b850 (0x7a3f2a23) sw      gp, 1972(t5)
core   0: 3 0x8000b850 (0x7a3f2a23) mem 0x8000c000 0x00000001
core   0: 0x8000b854 (0x0000bfe5) c.j     pc - 8
core   0: 3 0x8000b854 (0xbfe5)
core   0: 0x8000b84c (0x00000f17) auipc   t5, 0x0
core   0: 3 0x8000b84c (0x00000f17) x30 0x8000b84c
core   0: 0x8000b850 (0x7a3f2a23) sw      gp, 1972(t5)
core   0: 3 0x8000b850 (0x7a3f2a23) mem 0x8000c000 0x00000001
core   0: 0x8000b854 (0x0000bfe5) c.j     pc - 8
core   0: 3 0x8000b854 (0xbfe5)
core   0: 0x8000b84c (0x00000f17) auipc   t5, 0x0
core   0: 3 0x8000b84c (0x00000f17) x30 0x8000b84c
core   0: 0x8000b850 (0x7a3f2a23) sw      gp, 1972(t5)
core   0: 3 0x8000b850 (0x7a3f2a23) mem 0x8000c000 0x00000001
core   0: 0x8000b854 (0x0000bfe5) c.j     pc - 8
core   0: 3 0x8000b854 (0xbfe5)
core   0: 0x8000b84c (0x00000f17) auipc   t5, 0x0
core   0: 3 0x8000b84c (0x00000f17) x30 0x8000b84c
core   0: 0x8000b850 (0x7a3f2a23) sw      gp, 1972(t5)
core   0: 3 0x8000b850 (0x7a3f2a23) mem 0x8000c000 0x00000001
core   0: 0x8000b854 (0x0000bfe5) c.j     pc - 8
core   0: 3 0x8000b854 (0xbfe5)
core   0: 0x8000b84c (0x00000f17) auipc   t5, 0x0
core   0: 3 0x8000b84c (0x00000f17) x30 0x8000b84c
core   0: 0x8000b850 (0x7a3f2a23) sw      gp, 1972(t5)
core   0: 3 0x8000b850 (0x7a3f2a23) mem 0x8000c000 0x00000001
core   0: 0x8000b854 (0x0000bfe5) c.j     pc - 8
core   0: 3 0x8000b854 (0xbfe5)
core   0: 0x8000b84c (0x00000f17) auipc   t5, 0x0
core   0: 3 0x8000b84c (0x00000f17) x30 0x8000b84c
core   0: 0x8000b850 (0x7a3f2a23) sw      gp, 1972(t5)
core   0: 3 0x8000b850 (0x7a3f2a23) mem 0x8000c000 0x00000001
core   0: 0x8000b854 (0x0000bfe5) c.j     pc - 8
core   0: 3 0x8000b854 (0xbfe5)
core   0: 0x8000b84c (0x00000f17) auipc   t5, 0x0
core   0: 3 0x8000b84c (0x00000f17) x30 0x8000b84c
core   0: 0x8000b850 (0x7a3f2a23) sw      gp, 1972(t5)
core   0: 3 0x8000b850 (0x7a3f2a23) mem 0x8000c000 0x00000001
core   0: 0x8000b854 (0x0000bfe5) c.j     pc - 8
core   0: 3 0x8000b854 (0xbfe5)
core   0: 0x8000b84c (0x00000f17) auipc   t5, 0x0
core   0: 3 0x8000b84c (0x00000f17) x30 0x8000b84c
core   0: 0x8000b850 (0x7a3f2a23) sw      gp, 1972(t5)
core   0: 3 0x8000b850 (0x7a3f2a23) mem 0x8000c000 0x00000001
core   0: 0x8000b854 (0x0000bfe5) c.j     pc - 8
core   0: 3 0x8000b854 (0xbfe5)
core   0: 0x8000b84c (0x00000f17) auipc   t5, 0x0
core   0: 3 0x8000b84c (0x00000f17) x30 0x8000b84c
core   0: 0x8000b850 (0x7a3f2a23) sw      gp, 1972(t5)
core   0: 3 0x8000b850 (0x7a3f2a23) mem 0x8000c000 0x00000001
core   0: 0x8000b854 (0x0000bfe5) c.j     pc - 8
core   0: 3 0x8000b854 (0xbfe5)
core   0: 0x8000b84c (0x00000f17) auipc   t5, 0x0
core   0: 3 0x8000b84c (0x00000f17) x30 0x8000b84c
core   0: 0x8000b850 (0x7a3f2a23) sw      gp, 1972(t5)
core   0: 3 0x8000b850 (0x7a3f2a23) mem 0x8000c000 0x00000001
core   0: 0x8000b854 (0x0000bfe5) c.j     pc - 8
core   0: 3 0x8000b854 (0xbfe5)
core   0: 0x8000b84c (0x00000f17) auipc   t5, 0x0
core   0: 3 0x8000b84c (0x00000f17) x30 0x8000b84c
core   0: 0x8000b850 (0x7a3f2a23) sw      gp, 1972(t5)
core   0: 3 0x8000b850 (0x7a3f2a23) mem 0x8000c000 0x00000001
core   0: 0x8000b854 (0x0000bfe5) c.j     pc - 8
core   0: 3 0x8000b854 (0xbfe5)
core   0: 0x8000b84c (0x00000f17) auipc   t5, 0x0
core   0: 3 0x8000b84c (0x00000f17) x30 0x8000b84c
core   0: 0x8000b850 (0x7a3f2a23) sw      gp, 1972(t5)
core   0: 3 0x8000b850 (0x7a3f2a23) mem 0x8000c000 0x00000001
core   0: 0x8000b854 (0x0000bfe5) c.j     pc - 8
core   0: 3 0x8000b854 (0xbfe5)
core   0: 0x8000b84c (0x00000f17) auipc   t5, 0x0
core   0: 3 0x8000b84c (0x00000f17) x30 0x8000b84c
core   0: 0x8000b850 (0x7a3f2a23) sw      gp, 1972(t5)
core   0: 3 0x8000b850 (0x7a3f2a23) mem 0x8000c000 0x00000001
core   0: 0x8000b854 (0x0000bfe5) c.j     pc - 8
core   0: 3 0x8000b854 (0xbfe5)
core   0: 0x8000b84c (0x00000f17) auipc   t5, 0x0
core   0: 3 0x8000b84c (0x00000f17) x30 0x8000b84c
core   0: 0x8000b850 (0x7a3f2a23) sw      gp, 1972(t5)
core   0: 3 0x8000b850 (0x7a3f2a23) mem 0x8000c000 0x00000001
core   0: 0x8000b854 (0x0000bfe5) c.j     pc - 8
core   0: 3 0x8000b854 (0xbfe5)
core   0: 0x8000b84c (0x00000f17) auipc   t5, 0x0
core   0: 3 0x8000b84c (0x00000f17) x30 0x8000b84c
core   0: 0x8000b850 (0x7a3f2a23) sw      gp, 1972(t5)
core   0: 3 0x8000b850 (0x7a3f2a23) mem 0x8000c000 0x00000001
core   0: 0x8000b854 (0x0000bfe5) c.j     pc - 8
core   0: 3 0x8000b854 (0xbfe5)
core   0: 0x8000b84c (0x00000f17) auipc   t5, 0x0
core   0: 3 0x8000b84c (0x00000f17) x30 0x8000b84c
core   0: 0x8000b850 (0x7a3f2a23) sw      gp, 1972(t5)
core   0: 3 0x8000b850 (0x7a3f2a23) mem 0x8000c000 0x00000001
core   0: 0x8000b854 (0x0000bfe5) c.j     pc - 8
core   0: 3 0x8000b854 (0xbfe5)
core   0: 0x8000b84c (0x00000f17) auipc   t5, 0x0
core   0: 3 0x8000b84c (0x00000f17) x30 0x8000b84c
core   0: 0x8000b850 (0x7a3f2a23) sw      gp, 1972(t5)
core   0: 3 0x8000b850 (0x7a3f2a23) mem 0x8000c000 0x00000001
core   0: 0x8000b854 (0x0000bfe5) c.j     pc - 8
core   0: 3 0x8000b854 (0xbfe5)
core   0: 0x8000b84c (0x00000f17) auipc   t5, 0x0
core   0: 3 0x8000b84c (0x00000f17) x30 0x8000b84c
core   0: 0x8000b850 (0x7a3f2a23) sw      gp, 1972(t5)
core   0: 3 0x8000b850 (0x7a3f2a23) mem 0x8000c000 0x00000001
core   0: 0x8000b854 (0x0000bfe5) c.j     pc - 8
core   0: 3 0x8000b854 (0xbfe5)
core   0: 0x8000b84c (0x00000f17) auipc   t5, 0x0
core   0: 3 0x8000b84c (0x00000f17) x30 0x8000b84c
core   0: 0x8000b850 (0x7a3f2a23) sw      gp, 1972(t5)
core   0: 3 0x8000b850 (0x7a3f2a23) mem 0x8000c000 0x00000001
core   0: 0x8000b854 (0x0000bfe5) c.j     pc - 8
core   0: 3 0x8000b854 (0xbfe5)
core   0: 0x8000b84c (0x00000f17) auipc   t5, 0x0
core   0: 3 0x8000b84c (0x00000f17) x30 0x8000b84c
core   0: 0x8000b850 (0x7a3f2a23) sw      gp, 1972(t5)
core   0: 3 0x8000b850 (0x7a3f2a23) mem 0x8000c000 0x00000001
core   0: 0x8000b854 (0x0000bfe5) c.j     pc - 8
core   0: 3 0x8000b854 (0xbfe5)
core   0: 0x8000b84c (0x00000f17) auipc   t5, 0x0
core   0: 3 0x8000b84c (0x00000f17) x30 0x8000b84c
core   0: 0x8000b850 (0x7a3f2a23) sw      gp, 1972(t5)
core   0: 3 0x8000b850 (0x7a3f2a23) mem 0x8000c000 0x00000001
core   0: 0x8000b854 (0x0000bfe5) c.j     pc - 8
core   0: 3 0x8000b854 (0xbfe5)
core   0: 0x8000b84c (0x00000f17) auipc   t5, 0x0
core   0: 3 0x8000b84c (0x00000f17) x30 0x8000b84c
core   0: 0x8000b850 (0x7a3f2a23) sw      gp, 1972(t5)
core   0: 3 0x8000b850 (0x7a3f2a23) mem 0x8000c000 0x00000001
core   0: 0x8000b854 (0x0000bfe5) c.j     pc - 8
core   0: 3 0x8000b854 (0xbfe5)
core   0: 0x8000b84c (0x00000f17) auipc   t5, 0x0
core   0: 3 0x8000b84c (0x00000f17) x30 0x8000b84c
core   0: 0x8000b850 (0x7a3f2a23) sw      gp, 1972(t5)
core   0: 3 0x8000b850 (0x7a3f2a23) mem 0x8000c000 0x00000001
core   0: 0x8000b854 (0x0000bfe5) c.j     pc - 8
core   0: 3 0x8000b854 (0xbfe5)
core   0: 0x8000b84c (0x00000f17) auipc   t5, 0x0
core   0: 3 0x8000b84c (0x00000f17) x30 0x8000b84c
core   0: 0x8000b850 (0x7a3f2a23) sw      gp, 1972(t5)
core   0: 3 0x8000b850 (0x7a3f2a23) mem 0x8000c000 0x00000001
core   0: 0x8000b854 (0x0000bfe5) c.j     pc - 8
core   0: 3 0x8000b854 (0xbfe5)
core   0: 0x8000b84c (0x00000f17) auipc   t5, 0x0
core   0: 3 0x8000b84c (0x00000f17) x30 0x8000b84c
core   0: 0x8000b850 (0x7a3f2a23) sw      gp, 1972(t5)
core   0: 3 0x8000b850 (0x7a3f2a23) mem 0x8000c000 0x00000001
core   0: 0x8000b854 (0x0000bfe5) c.j     pc - 8
core   0: 3 0x8000b854 (0xbfe5)
core   0: 0x8000b84c (0x00000f17) auipc   t5, 0x0
core   0: 3 0x8000b84c (0x00000f17) x30 0x8000b84c
core   0: 0x8000b850 (0x7a3f2a23) sw      gp, 1972(t5)
core   0: 3 0x8000b850 (0x7a3f2a23) mem 0x8000c000 0x00000001
core   0: 0x8000b854 (0x0000bfe5) c.j     pc - 8
core   0: 3 0x8000b854 (0xbfe5)
core   0: 0x8000b84c (0x00000f17) auipc   t5, 0x0
core   0: 3 0x8000b84c (0x00000f17) x30 0x8000b84c
core   0: 0x8000b850 (0x7a3f2a23) sw      gp, 1972(t5)
core   0: 3 0x8000b850 (0x7a3f2a23) mem 0x8000c000 0x00000001
core   0: 0x8000b854 (0x0000bfe5) c.j     pc - 8
core   0: 3 0x8000b854 (0xbfe5)
core   0: 0x8000b84c (0x00000f17) auipc   t5, 0x0
core   0: 3 0x8000b84c (0x00000f17) x30 0x8000b84c
core   0: 0x8000b850 (0x7a3f2a23) sw      gp, 1972(t5)
core   0: 3 0x8000b850 (0x7a3f2a23) mem 0x8000c000 0x00000001
core   0: 0x8000b854 (0x0000bfe5) c.j     pc - 8
core   0: 3 0x8000b854 (0xbfe5)
core   0: 0x8000b84c (0x00000f17) auipc   t5, 0x0
core   0: 3 0x8000b84c (0x00000f17) x30 0x8000b84c
core   0: 0x8000b850 (0x7a3f2a23) sw      gp, 1972(t5)
core   0: 3 0x8000b850 (0x7a3f2a23) mem 0x8000c000 0x00000001
core   0: 0x8000b854 (0x0000bfe5) c.j     pc - 8
core   0: 3 0x8000b854 (0xbfe5)
core   0: 0x8000b84c (0x00000f17) auipc   t5, 0x0
core   0: 3 0x8000b84c (0x00000f17) x30 0x8000b84c
core   0: 0x8000b850 (0x7a3f2a23) sw      gp, 1972(t5)
core   0: 3 0x8000b850 (0x7a3f2a23) mem 0x8000c000 0x00000001
core   0: 0x8000b854 (0x0000bfe5) c.j     pc - 8
core   0: 3 0x8000b854 (0xbfe5)
core   0: 0x8000b84c (0x00000f17) auipc   t5, 0x0
core   0: 3 0x8000b84c (0x00000f17) x30 0x8000b84c
core   0: 0x8000b850 (0x7a3f2a23) sw      gp, 1972(t5)
core   0: 3 0x8000b850 (0x7a3f2a23) mem 0x8000c000 0x00000001
core   0: 0x8000b854 (0x0000bfe5) c.j     pc - 8
core   0: 3 0x8000b854 (0xbfe5)
core   0: 0x8000b84c (0x00000f17) auipc   t5, 0x0
core   0: 3 0x8000b84c (0x00000f17) x30 0x8000b84c
core   0: 0x8000b850 (0x7a3f2a23) sw      gp, 1972(t5)
core   0: 3 0x8000b850 (0x7a3f2a23) mem 0x8000c000 0x00000001
core   0: 0x8000b854 (0x0000bfe5) c.j     pc - 8
core   0: 3 0x8000b854 (0xbfe5)
core   0: 0x8000b84c (0x00000f17) auipc   t5, 0x0
core   0: 3 0x8000b84c (0x00000f17) x30 0x8000b84c
core   0: 0x8000b850 (0x7a3f2a23) sw      gp, 1972(t5)
core   0: 3 0x8000b850 (0x7a3f2a23) mem 0x8000c000 0x00000001
core   0: 0x8000b854 (0x0000bfe5) c.j     pc - 8
core   0: 3 0x8000b854 (0xbfe5)
core   0: 0x8000b84c (0x00000f17) auipc   t5, 0x0
core   0: 3 0x8000b84c (0x00000f17) x30 0x8000b84c
core   0: 0x8000b850 (0x7a3f2a23) sw      gp, 1972(t5)
core   0: 3 0x8000b850 (0x7a3f2a23) mem 0x8000c000 0x00000001
core   0: 0x8000b854 (0x0000bfe5) c.j     pc - 8
core   0: 3 0x8000b854 (0xbfe5)
core   0: 0x8000b84c (0x00000f17) auipc   t5, 0x0
core   0: 3 0x8000b84c (0x00000f17) x30 0x8000b84c
core   0: 0x8000b850 (0x7a3f2a23) sw      gp, 1972(t5)
core   0: 3 0x8000b850 (0x7a3f2a23) mem 0x8000c000 0x00000001
core   0: 0x8000b854 (0x0000bfe5) c.j     pc - 8
core   0: 3 0x8000b854 (0xbfe5)
core   0: 0x8000b84c (0x00000f17) auipc   t5, 0x0
core   0: 3 0x8000b84c (0x00000f17) x30 0x8000b84c
core   0: 0x8000b850 (0x7a3f2a23) sw      gp, 1972(t5)
core   0: 3 0x8000b850 (0x7a3f2a23) mem 0x8000c000 0x00000001
core   0: 0x8000b854 (0x0000bfe5) c.j     pc - 8
core   0: 3 0x8000b854 (0xbfe5)
core   0: 0x8000b84c (0x00000f17) auipc   t5, 0x0
core   0: 3 0x8000b84c (0x00000f17) x30 0x8000b84c
core   0: 0x8000b850 (0x7a3f2a23) sw      gp, 1972(t5)
core   0: 3 0x8000b850 (0x7a3f2a23) mem 0x8000c000 0x00000001
core   0: 0x8000b854 (0x0000bfe5) c.j     pc - 8
core   0: 3 0x8000b854 (0xbfe5)
core   0: 0x8000b84c (0x00000f17) auipc   t5, 0x0
core   0: 3 0x8000b84c (0x00000f17) x30 0x8000b84c
core   0: 0x8000b850 (0x7a3f2a23) sw      gp, 1972(t5)
core   0: 3 0x8000b850 (0x7a3f2a23) mem 0x8000c000 0x00000001
core   0: 0x8000b854 (0x0000bfe5) c.j     pc - 8
core   0: 3 0x8000b854 (0xbfe5)
core   0: 0x8000b84c (0x00000f17) auipc   t5, 0x0
core   0: 3 0x8000b84c (0x00000f17) x30 0x8000b84c
core   0: 0x8000b850 (0x7a3f2a23) sw      gp, 1972(t5)
core   0: 3 0x8000b850 (0x7a3f2a23) mem 0x8000c000 0x00000001
core   0: 0x8000b854 (0x0000bfe5) c.j     pc - 8
core   0: 3 0x8000b854 (0xbfe5)
core   0: 0x8000b84c (0x00000f17) auipc   t5, 0x0
core   0: 3 0x8000b84c (0x00000f17) x30 0x8000b84c
core   0: 0x8000b850 (0x7a3f2a23) sw      gp, 1972(t5)
core   0: 3 0x8000b850 (0x7a3f2a23) mem 0x8000c000 0x00000001
core   0: 0x8000b854 (0x0000bfe5) c.j     pc - 8
core   0: 3 0x8000b854 (0xbfe5)
core   0: 0x8000b84c (0x00000f17) auipc   t5, 0x0
core   0: 3 0x8000b84c (0x00000f17) x30 0x8000b84c
core   0: 0x8000b850 (0x7a3f2a23) sw      gp, 1972(t5)
core   0: 3 0x8000b850 (0x7a3f2a23) mem 0x8000c000 0x00000001
core   0: 0x8000b854 (0x0000bfe5) c.j     pc - 8
core   0: 3 0x8000b854 (0xbfe5)
core   0: 0x8000b84c (0x00000f17) auipc   t5, 0x0
core   0: 3 0x8000b84c (0x00000f17) x30 0x8000b84c
core   0: 0x8000b850 (0x7a3f2a23) sw      gp, 1972(t5)
core   0: 3 0x8000b850 (0x7a3f2a23) mem 0x8000c000 0x00000001
core   0: 0x8000b854 (0x0000bfe5) c.j     pc - 8
core   0: 3 0x8000b854 (0xbfe5)
core   0: 0x8000b84c (0x00000f17) auipc   t5, 0x0
core   0: 3 0x8000b84c (0x00000f17) x30 0x8000b84c
core   0: 0x8000b850 (0x7a3f2a23) sw      gp, 1972(t5)
core   0: 3 0x8000b850 (0x7a3f2a23) mem 0x8000c000 0x00000001
core   0: 0x8000b854 (0x0000bfe5) c.j     pc - 8
core   0: 3 0x8000b854 (0xbfe5)
core   0: 0x8000b84c (0x00000f17) auipc   t5, 0x0
core   0: 3 0x8000b84c (0x00000f17) x30 0x8000b84c
core   0: 0x8000b850 (0x7a3f2a23) sw      gp, 1972(t5)
core   0: 3 0x8000b850 (0x7a3f2a23) mem 0x8000c000 0x00000001
core   0: 0x8000b854 (0x0000bfe5) c.j     pc - 8
core   0: 3 0x8000b854 (0xbfe5)
core   0: 0x8000b84c (0x00000f17) auipc   t5, 0x0
core   0: 3 0x8000b84c (0x00000f17) x30 0x8000b84c
core   0: 0x8000b850 (0x7a3f2a23) sw      gp, 1972(t5)
core   0: 3 0x8000b850 (0x7a3f2a23) mem 0x8000c000 0x00000001
core   0: 0x8000b854 (0x0000bfe5) c.j     pc - 8
core   0: 3 0x8000b854 (0xbfe5)
core   0: 0x8000b84c (0x00000f17) auipc   t5, 0x0
core   0: 3 0x8000b84c (0x00000f17) x30 0x8000b84c
core   0: 0x8000b850 (0x7a3f2a23) sw      gp, 1972(t5)
core   0: 3 0x8000b850 (0x7a3f2a23) mem 0x8000c000 0x00000001
core   0: 0x8000b854 (0x0000bfe5) c.j     pc - 8
core   0: 3 0x8000b854 (0xbfe5)
core   0: 0x8000b84c (0x00000f17) auipc   t5, 0x0
core   0: 3 0x8000b84c (0x00000f17) x30 0x8000b84c
core   0: 0x8000b850 (0x7a3f2a23) sw      gp, 1972(t5)
core   0: 3 0x8000b850 (0x7a3f2a23) mem 0x8000c000 0x00000001
core   0: 0x8000b854 (0x0000bfe5) c.j     pc - 8
core   0: 3 0x8000b854 (0xbfe5)
core   0: 0x8000b84c (0x00000f17) auipc   t5, 0x0
core   0: 3 0x8000b84c (0x00000f17) x30 0x8000b84c
core   0: 0x8000b850 (0x7a3f2a23) sw      gp, 1972(t5)
core   0: 3 0x8000b850 (0x7a3f2a23) mem 0x8000c000 0x00000001
core   0: 0x8000b854 (0x0000bfe5) c.j     pc - 8
core   0: 3 0x8000b854 (0xbfe5)
core   0: 0x8000b84c (0x00000f17) auipc   t5, 0x0
core   0: 3 0x8000b84c (0x00000f17) x30 0x8000b84c
core   0: 0x8000b850 (0x7a3f2a23) sw      gp, 1972(t5)
core   0: 3 0x8000b850 (0x7a3f2a23) mem 0x8000c000 0x00000001
core   0: 0x8000b854 (0x0000bfe5) c.j     pc - 8
core   0: 3 0x8000b854 (0xbfe5)
core   0: 0x8000b84c (0x00000f17) auipc   t5, 0x0
core   0: 3 0x8000b84c (0x00000f17) x30 0x8000b84c
core   0: 0x8000b850 (0x7a3f2a23) sw      gp, 1972(t5)
core   0: 3 0x8000b850 (0x7a3f2a23) mem 0x8000c000 0x00000001
core   0: 0x8000b854 (0x0000bfe5) c.j     pc - 8
core   0: 3 0x8000b854 (0xbfe5)
core   0: 0x8000b84c (0x00000f17) auipc   t5, 0x0
core   0: 3 0x8000b84c (0x00000f17) x30 0x8000b84c
core   0: 0x8000b850 (0x7a3f2a23) sw      gp, 1972(t5)
core   0: 3 0x8000b850 (0x7a3f2a23) mem 0x8000c000 0x00000001
core   0: 0x8000b854 (0x0000bfe5) c.j     pc - 8
core   0: 3 0x8000b854 (0xbfe5)
core   0: 0x8000b84c (0x00000f17) auipc   t5, 0x0
core   0: 3 0x8000b84c (0x00000f17) x30 0x8000b84c
core   0: 0x8000b850 (0x7a3f2a23) sw      gp, 1972(t5)
core   0: 3 0x8000b850 (0x7a3f2a23) mem 0x8000c000 0x00000001
core   0: 0x8000b854 (0x0000bfe5) c.j     pc - 8
core   0: 3 0x8000b854 (0xbfe5)
core   0: 0x8000b84c (0x00000f17) auipc   t5, 0x0
core   0: 3 0x8000b84c (0x00000f17) x30 0x8000b84c
core   0: 0x8000b850 (0x7a3f2a23) sw      gp, 1972(t5)
core   0: 3 0x8000b850 (0x7a3f2a23) mem 0x8000c000 0x00000001
core   0: 0x8000b854 (0x0000bfe5) c.j     pc - 8
core   0: 3 0x8000b854 (0xbfe5)
core   0: 0x8000b84c (0x00000f17) auipc   t5, 0x0
core   0: 3 0x8000b84c (0x00000f17) x30 0x8000b84c
core   0: 0x8000b850 (0x7a3f2a23) sw      gp, 1972(t5)
core   0: 3 0x8000b850 (0x7a3f2a23) mem 0x8000c000 0x00000001
core   0: 0x8000b854 (0x0000bfe5) c.j     pc - 8
core   0: 3 0x8000b854 (0xbfe5)
core   0: 0x8000b84c (0x00000f17) auipc   t5, 0x0
core   0: 3 0x8000b84c (0x00000f17) x30 0x8000b84c
core   0: 0x8000b850 (0x7a3f2a23) sw      gp, 1972(t5)
core   0: 3 0x8000b850 (0x7a3f2a23) mem 0x8000c000 0x00000001
core   0: 0x8000b854 (0x0000bfe5) c.j     pc - 8
core   0: 3 0x8000b854 (0xbfe5)
core   0: 0x8000b84c (0x00000f17) auipc   t5, 0x0
core   0: 3 0x8000b84c (0x00000f17) x30 0x8000b84c
core   0: 0x8000b850 (0x7a3f2a23) sw      gp, 1972(t5)
core   0: 3 0x8000b850 (0x7a3f2a23) mem 0x8000c000 0x00000001
core   0: 0x8000b854 (0x0000bfe5) c.j     pc - 8
core   0: 3 0x8000b854 (0xbfe5)
core   0: 0x8000b84c (0x00000f17) auipc   t5, 0x0
core   0: 3 0x8000b84c (0x00000f17) x30 0x8000b84c
core   0: 0x8000b850 (0x7a3f2a23) sw      gp, 1972(t5)
core   0: 3 0x8000b850 (0x7a3f2a23) mem 0x8000c000 0x00000001
core   0: 0x8000b854 (0x0000bfe5) c.j     pc - 8
core   0: 3 0x8000b854 (0xbfe5)
core   0: 0x8000b84c (0x00000f17) auipc   t5, 0x0
core   0: 3 0x8000b84c (0x00000f17) x30 0x8000b84c
core   0: 0x8000b850 (0x7a3f2a23) sw      gp, 1972(t5)
core   0: 3 0x8000b850 (0x7a3f2a23) mem 0x8000c000 0x00000001
core   0: 0x8000b854 (0x0000bfe5) c.j     pc - 8
core   0: 3 0x8000b854 (0xbfe5)
core   0: 0x8000b84c (0x00000f17) auipc   t5, 0x0
core   0: 3 0x8000b84c (0x00000f17) x30 0x8000b84c
core   0: 0x8000b850 (0x7a3f2a23) sw      gp, 1972(t5)
core   0: 3 0x8000b850 (0x7a3f2a23) mem 0x8000c000 0x00000001
core   0: 0x8000b854 (0x0000bfe5) c.j     pc - 8
core   0: 3 0x8000b854 (0xbfe5)
core   0: 0x8000b84c (0x00000f17) auipc   t5, 0x0
core   0: 3 0x8000b84c (0x00000f17) x30 0x8000b84c
core   0: 0x8000b850 (0x7a3f2a23) sw      gp, 1972(t5)
core   0: 3 0x8000b850 (0x7a3f2a23) mem 0x8000c000 0x00000001
core   0: 0x8000b854 (0x0000bfe5) c.j     pc - 8
core   0: 3 0x8000b854 (0xbfe5)
core   0: 0x8000b84c (0x00000f17) auipc   t5, 0x0
core   0: 3 0x8000b84c (0x00000f17) x30 0x8000b84c
core   0: 0x8000b850 (0x7a3f2a23) sw      gp, 1972(t5)
core   0: 3 0x8000b850 (0x7a3f2a23) mem 0x8000c000 0x00000001
core   0: 0x8000b854 (0x0000bfe5) c.j     pc - 8
core   0: 3 0x8000b854 (0xbfe5)
core   0: 0x8000b84c (0x00000f17) auipc   t5, 0x0
core   0: 3 0x8000b84c (0x00000f17) x30 0x8000b84c
core   0: 0x8000b850 (0x7a3f2a23) sw      gp, 1972(t5)
core   0: 3 0x8000b850 (0x7a3f2a23) mem 0x8000c000 0x00000001
core   0: 0x8000b854 (0x0000bfe5) c.j     pc - 8
core   0: 3 0x8000b854 (0xbfe5)
core   0: 0x8000b84c (0x00000f17) auipc   t5, 0x0
core   0: 3 0x8000b84c (0x00000f17) x30 0x8000b84c
core   0: 0x8000b850 (0x7a3f2a23) sw      gp, 1972(t5)
core   0: 3 0x8000b850 (0x7a3f2a23) mem 0x8000c000 0x00000001
core   0: 0x8000b854 (0x0000bfe5) c.j     pc - 8
core   0: 3 0x8000b854 (0xbfe5)
core   0: 0x8000b84c (0x00000f17) auipc   t5, 0x0
core   0: 3 0x8000b84c (0x00000f17) x30 0x8000b84c
core   0: 0x8000b850 (0x7a3f2a23) sw      gp, 1972(t5)
core   0: 3 0x8000b850 (0x7a3f2a23) mem 0x8000c000 0x00000001
core   0: 0x8000b854 (0x0000bfe5) c.j     pc - 8
core   0: 3 0x8000b854 (0xbfe5)
core   0: 0x8000b84c (0x00000f17) auipc   t5, 0x0
core   0: 3 0x8000b84c (0x00000f17) x30 0x8000b84c
core   0: 0x8000b850 (0x7a3f2a23) sw      gp, 1972(t5)
core   0: 3 0x8000b850 (0x7a3f2a23) mem 0x8000c000 0x00000001
core   0: 0x8000b854 (0x0000bfe5) c.j     pc - 8
core   0: 3 0x8000b854 (0xbfe5)
core   0: 0x8000b84c (0x00000f17) auipc   t5, 0x0
core   0: 3 0x8000b84c (0x00000f17) x30 0x8000b84c
core   0: 0x8000b850 (0x7a3f2a23) sw      gp, 1972(t5)
core   0: 3 0x8000b850 (0x7a3f2a23) mem 0x8000c000 0x00000001
core   0: 0x8000b854 (0x0000bfe5) c.j     pc - 8
core   0: 3 0x8000b854 (0xbfe5)
core   0: 0x8000b84c (0x00000f17) auipc   t5, 0x0
core   0: 3 0x8000b84c (0x00000f17) x30 0x8000b84c
core   0: 0x8000b850 (0x7a3f2a23) sw      gp, 1972(t5)
core   0: 3 0x8000b850 (0x7a3f2a23) mem 0x8000c000 0x00000001
core   0: 0x8000b854 (0x0000bfe5) c.j     pc - 8
core   0: 3 0x8000b854 (0xbfe5)
core   0: 0x8000b84c (0x00000f17) auipc   t5, 0x0
core   0: 3 0x8000b84c (0x00000f17) x30 0x8000b84c
core   0: 0x8000b850 (0x7a3f2a23) sw      gp, 1972(t5)
core   0: 3 0x8000b850 (0x7a3f2a23) mem 0x8000c000 0x00000001
core   0: 0x8000b854 (0x0000bfe5) c.j     pc - 8
core   0: 3 0x8000b854 (0xbfe5)
core   0: 0x8000b84c (0x00000f17) auipc   t5, 0x0
core   0: 3 0x8000b84c (0x00000f17) x30 0x8000b84c
core   0: 0x8000b850 (0x7a3f2a23) sw      gp, 1972(t5)
core   0: 3 0x8000b850 (0x7a3f2a23) mem 0x8000c000 0x00000001
core   0: 0x8000b854 (0x0000bfe5) c.j     pc - 8
core   0: 3 0x8000b854 (0xbfe5)
core   0: 0x8000b84c (0x00000f17) auipc   t5, 0x0
core   0: 3 0x8000b84c (0x00000f17) x30 0x8000b84c
core   0: 0x8000b850 (0x7a3f2a23) sw      gp, 1972(t5)
core   0: 3 0x8000b850 (0x7a3f2a23) mem 0x8000c000 0x00000001
core   0: 0x8000b854 (0x0000bfe5) c.j     pc - 8
core   0: 3 0x8000b854 (0xbfe5)
core   0: 0x8000b84c (0x00000f17) auipc   t5, 0x0
core   0: 3 0x8000b84c (0x00000f17) x30 0x8000b84c
core   0: 0x8000b850 (0x7a3f2a23) sw      gp, 1972(t5)
core   0: 3 0x8000b850 (0x7a3f2a23) mem 0x8000c000 0x00000001
core   0: 0x8000b854 (0x0000bfe5) c.j     pc - 8
core   0: 3 0x8000b854 (0xbfe5)
core   0: 0x8000b84c (0x00000f17) auipc   t5, 0x0
core   0: 3 0x8000b84c (0x00000f17) x30 0x8000b84c
core   0: 0x8000b850 (0x7a3f2a23) sw      gp, 1972(t5)
core   0: 3 0x8000b850 (0x7a3f2a23) mem 0x8000c000 0x00000001
core   0: 0x8000b854 (0x0000bfe5) c.j     pc - 8
core   0: 3 0x8000b854 (0xbfe5)
core   0: 0x8000b84c (0x00000f17) auipc   t5, 0x0
core   0: 3 0x8000b84c (0x00000f17) x30 0x8000b84c
core   0: 0x8000b850 (0x7a3f2a23) sw      gp, 1972(t5)
core   0: 3 0x8000b850 (0x7a3f2a23) mem 0x8000c000 0x00000001
core   0: 0x8000b854 (0x0000bfe5) c.j     pc - 8
core   0: 3 0x8000b854 (0xbfe5)
core   0: 0x8000b84c (0x00000f17) auipc   t5, 0x0
core   0: 3 0x8000b84c (0x00000f17) x30 0x8000b84c
core   0: 0x8000b850 (0x7a3f2a23) sw      gp, 1972(t5)
core   0: 3 0x8000b850 (0x7a3f2a23) mem 0x8000c000 0x00000001
core   0: 0x8000b854 (0x0000bfe5) c.j     pc - 8
core   0: 3 0x8000b854 (0xbfe5)
core   0: 0x8000b84c (0x00000f17) auipc   t5, 0x0
core   0: 3 0x8000b84c (0x00000f17) x30 0x8000b84c
core   0: 0x8000b850 (0x7a3f2a23) sw      gp, 1972(t5)
core   0: 3 0x8000b850 (0x7a3f2a23) mem 0x8000c000 0x00000001
core   0: 0x8000b854 (0x0000bfe5) c.j     pc - 8
core   0: 3 0x8000b854 (0xbfe5)
core   0: 0x8000b84c (0x00000f17) auipc   t5, 0x0
core   0: 3 0x8000b84c (0x00000f17) x30 0x8000b84c
core   0: 0x8000b850 (0x7a3f2a23) sw      gp, 1972(t5)
core   0: 3 0x8000b850 (0x7a3f2a23) mem 0x8000c000 0x00000001
core   0: 0x8000b854 (0x0000bfe5) c.j     pc - 8
core   0: 3 0x8000b854 (0xbfe5)
core   0: 0x8000b84c (0x00000f17) auipc   t5, 0x0
core   0: 3 0x8000b84c (0x00000f17) x30 0x8000b84c
core   0: 0x8000b850 (0x7a3f2a23) sw      gp, 1972(t5)
core   0: 3 0x8000b850 (0x7a3f2a23) mem 0x8000c000 0x00000001
core   0: 0x8000b854 (0x0000bfe5) c.j     pc - 8
core   0: 3 0x8000b854 (0xbfe5)
core   0: 0x8000b84c (0x00000f17) auipc   t5, 0x0
core   0: 3 0x8000b84c (0x00000f17) x30 0x8000b84c
core   0: 0x8000b850 (0x7a3f2a23) sw      gp, 1972(t5)
core   0: 3 0x8000b850 (0x7a3f2a23) mem 0x8000c000 0x00000001
core   0: 0x8000b854 (0x0000bfe5) c.j     pc - 8
core   0: 3 0x8000b854 (0xbfe5)
core   0: 0x8000b84c (0x00000f17) auipc   t5, 0x0
core   0: 3 0x8000b84c (0x00000f17) x30 0x8000b84c
core   0: 0x8000b850 (0x7a3f2a23) sw      gp, 1972(t5)
core   0: 3 0x8000b850 (0x7a3f2a23) mem 0x8000c000 0x00000001
core   0: 0x8000b854 (0x0000bfe5) c.j     pc - 8
core   0: 3 0x8000b854 (0xbfe5)
core   0: 0x8000b84c (0x00000f17) auipc   t5, 0x0
core   0: 3 0x8000b84c (0x00000f17) x30 0x8000b84c
core   0: 0x8000b850 (0x7a3f2a23) sw      gp, 1972(t5)
core   0: 3 0x8000b850 (0x7a3f2a23) mem 0x8000c000 0x00000001
core   0: 0x8000b854 (0x0000bfe5) c.j     pc - 8
core   0: 3 0x8000b854 (0xbfe5)
core   0: 0x8000b84c (0x00000f17) auipc   t5, 0x0
core   0: 3 0x8000b84c (0x00000f17) x30 0x8000b84c
core   0: 0x8000b850 (0x7a3f2a23) sw      gp, 1972(t5)
core   0: 3 0x8000b850 (0x7a3f2a23) mem 0x8000c000 0x00000001
core   0: 0x8000b854 (0x0000bfe5) c.j     pc - 8
core   0: 3 0x8000b854 (0xbfe5)
core   0: 0x8000b84c (0x00000f17) auipc   t5, 0x0
core   0: 3 0x8000b84c (0x00000f17) x30 0x8000b84c
core   0: 0x8000b850 (0x7a3f2a23) sw      gp, 1972(t5)
core   0: 3 0x8000b850 (0x7a3f2a23) mem 0x8000c000 0x00000001
core   0: 0x8000b854 (0x0000bfe5) c.j     pc - 8
core   0: 3 0x8000b854 (0xbfe5)
core   0: 0x8000b84c (0x00000f17) auipc   t5, 0x0
core   0: 3 0x8000b84c (0x00000f17) x30 0x8000b84c
core   0: 0x8000b850 (0x7a3f2a23) sw      gp, 1972(t5)
core   0: 3 0x8000b850 (0x7a3f2a23) mem 0x8000c000 0x00000001
core   0: 0x8000b854 (0x0000bfe5) c.j     pc - 8
core   0: 3 0x8000b854 (0xbfe5)
core   0: 0x8000b84c (0x00000f17) auipc   t5, 0x0
core   0: 3 0x8000b84c (0x00000f17) x30 0x8000b84c
core   0: 0x8000b850 (0x7a3f2a23) sw      gp, 1972(t5)
core   0: 3 0x8000b850 (0x7a3f2a23) mem 0x8000c000 0x00000001
core   0: 0x8000b854 (0x0000bfe5) c.j     pc - 8
core   0: 3 0x8000b854 (0xbfe5)
core   0: 0x8000b84c (0x00000f17) auipc   t5, 0x0
core   0: 3 0x8000b84c (0x00000f17) x30 0x8000b84c
core   0: 0x8000b850 (0x7a3f2a23) sw      gp, 1972(t5)
core   0: 3 0x8000b850 (0x7a3f2a23) mem 0x8000c000 0x00000001
core   0: 0x8000b854 (0x0000bfe5) c.j     pc - 8
core   0: 3 0x8000b854 (0xbfe5)
core   0: 0x8000b84c (0x00000f17) auipc   t5, 0x0
core   0: 3 0x8000b84c (0x00000f17) x30 0x8000b84c
core   0: 0x8000b850 (0x7a3f2a23) sw      gp, 1972(t5)
core   0: 3 0x8000b850 (0x7a3f2a23) mem 0x8000c000 0x00000001
core   0: 0x8000b854 (0x0000bfe5) c.j     pc - 8
core   0: 3 0x8000b854 (0xbfe5)
core   0: 0x8000b84c (0x00000f17) auipc   t5, 0x0
core   0: 3 0x8000b84c (0x00000f17) x30 0x8000b84c
core   0: 0x8000b850 (0x7a3f2a23) sw      gp, 1972(t5)
core   0: 3 0x8000b850 (0x7a3f2a23) mem 0x8000c000 0x00000001
core   0: 0x8000b854 (0x0000bfe5) c.j     pc - 8
core   0: 3 0x8000b854 (0xbfe5)
core   0: 0x8000b84c (0x00000f17) auipc   t5, 0x0
core   0: 3 0x8000b84c (0x00000f17) x30 0x8000b84c
core   0: 0x8000b850 (0x7a3f2a23) sw      gp, 1972(t5)
core   0: 3 0x8000b850 (0x7a3f2a23) mem 0x8000c000 0x00000001
core   0: 0x8000b854 (0x0000bfe5) c.j     pc - 8
core   0: 3 0x8000b854 (0xbfe5)
core   0: 0x8000b84c (0x00000f17) auipc   t5, 0x0
core   0: 3 0x8000b84c (0x00000f17) x30 0x8000b84c
core   0: 0x8000b850 (0x7a3f2a23) sw      gp, 1972(t5)
core   0: 3 0x8000b850 (0x7a3f2a23) mem 0x8000c000 0x00000001
core   0: 0x8000b854 (0x0000bfe5) c.j     pc - 8
core   0: 3 0x8000b854 (0xbfe5)
core   0: 0x8000b84c (0x00000f17) auipc   t5, 0x0
core   0: 3 0x8000b84c (0x00000f17) x30 0x8000b84c
core   0: 0x8000b850 (0x7a3f2a23) sw      gp, 1972(t5)
core   0: 3 0x8000b850 (0x7a3f2a23) mem 0x8000c000 0x00000001
core   0: 0x8000b854 (0x0000bfe5) c.j     pc - 8
core   0: 3 0x8000b854 (0xbfe5)
core   0: 0x8000b84c (0x00000f17) auipc   t5, 0x0
core   0: 3 0x8000b84c (0x00000f17) x30 0x8000b84c
core   0: 0x8000b850 (0x7a3f2a23) sw      gp, 1972(t5)
core   0: 3 0x8000b850 (0x7a3f2a23) mem 0x8000c000 0x00000001
core   0: 0x8000b854 (0x0000bfe5) c.j     pc - 8
core   0: 3 0x8000b854 (0xbfe5)
core   0: 0x8000b84c (0x00000f17) auipc   t5, 0x0
core   0: 3 0x8000b84c (0x00000f17) x30 0x8000b84c
core   0: 0x8000b850 (0x7a3f2a23) sw      gp, 1972(t5)
core   0: 3 0x8000b850 (0x7a3f2a23) mem 0x8000c000 0x00000001
core   0: 0x8000b854 (0x0000bfe5) c.j     pc - 8
core   0: 3 0x8000b854 (0xbfe5)
core   0: 0x8000b84c (0x00000f17) auipc   t5, 0x0
core   0: 3 0x8000b84c (0x00000f17) x30 0x8000b84c
core   0: 0x8000b850 (0x7a3f2a23) sw      gp, 1972(t5)
core   0: 3 0x8000b850 (0x7a3f2a23) mem 0x8000c000 0x00000001
core   0: 0x8000b854 (0x0000bfe5) c.j     pc - 8
core   0: 3 0x8000b854 (0xbfe5)
core   0: 0x8000b84c (0x00000f17) auipc   t5, 0x0
core   0: 3 0x8000b84c (0x00000f17) x30 0x8000b84c
core   0: 0x8000b850 (0x7a3f2a23) sw      gp, 1972(t5)
core   0: 3 0x8000b850 (0x7a3f2a23) mem 0x8000c000 0x00000001
core   0: 0x8000b854 (0x0000bfe5) c.j     pc - 8
core   0: 3 0x8000b854 (0xbfe5)
core   0: 0x8000b84c (0x00000f17) auipc   t5, 0x0
core   0: 3 0x8000b84c (0x00000f17) x30 0x8000b84c
core   0: 0x8000b850 (0x7a3f2a23) sw      gp, 1972(t5)
core   0: 3 0x8000b850 (0x7a3f2a23) mem 0x8000c000 0x00000001
core   0: 0x8000b854 (0x0000bfe5) c.j     pc - 8
core   0: 3 0x8000b854 (0xbfe5)
core   0: 0x8000b84c (0x00000f17) auipc   t5, 0x0
core   0: 3 0x8000b84c (0x00000f17) x30 0x8000b84c
core   0: 0x8000b850 (0x7a3f2a23) sw      gp, 1972(t5)
core   0: 3 0x8000b850 (0x7a3f2a23) mem 0x8000c000 0x00000001
core   0: 0x8000b854 (0x0000bfe5) c.j     pc - 8
core   0: 3 0x8000b854 (0xbfe5)
core   0: 0x8000b84c (0x00000f17) auipc   t5, 0x0
core   0: 3 0x8000b84c (0x00000f17) x30 0x8000b84c
core   0: 0x8000b850 (0x7a3f2a23) sw      gp, 1972(t5)
core   0: 3 0x8000b850 (0x7a3f2a23) mem 0x8000c000 0x00000001
core   0: 0x8000b854 (0x0000bfe5) c.j     pc - 8
core   0: 3 0x8000b854 (0xbfe5)
core   0: 0x8000b84c (0x00000f17) auipc   t5, 0x0
core   0: 3 0x8000b84c (0x00000f17) x30 0x8000b84c
core   0: 0x8000b850 (0x7a3f2a23) sw      gp, 1972(t5)
core   0: 3 0x8000b850 (0x7a3f2a23) mem 0x8000c000 0x00000001
core   0: 0x8000b854 (0x0000bfe5) c.j     pc - 8
core   0: 3 0x8000b854 (0xbfe5)
core   0: 0x8000b84c (0x00000f17) auipc   t5, 0x0
core   0: 3 0x8000b84c (0x00000f17) x30 0x8000b84c
core   0: 0x8000b850 (0x7a3f2a23) sw      gp, 1972(t5)
core   0: 3 0x8000b850 (0x7a3f2a23) mem 0x8000c000 0x00000001
core   0: 0x8000b854 (0x0000bfe5) c.j     pc - 8
core   0: 3 0x8000b854 (0xbfe5)
core   0: 0x8000b84c (0x00000f17) auipc   t5, 0x0
core   0: 3 0x8000b84c (0x00000f17) x30 0x8000b84c
core   0: 0x8000b850 (0x7a3f2a23) sw      gp, 1972(t5)
core   0: 3 0x8000b850 (0x7a3f2a23) mem 0x8000c000 0x00000001
core   0: 0x8000b854 (0x0000bfe5) c.j     pc - 8
core   0: 3 0x8000b854 (0xbfe5)
core   0: 0x8000b84c (0x00000f17) auipc   t5, 0x0
core   0: 3 0x8000b84c (0x00000f17) x30 0x8000b84c
core   0: 0x8000b850 (0x7a3f2a23) sw      gp, 1972(t5)
core   0: 3 0x8000b850 (0x7a3f2a23) mem 0x8000c000 0x00000001
core   0: 0x8000b854 (0x0000bfe5) c.j     pc - 8
core   0: 3 0x8000b854 (0xbfe5)
core   0: 0x8000b84c (0x00000f17) auipc   t5, 0x0
core   0: 3 0x8000b84c (0x00000f17) x30 0x8000b84c
core   0: 0x8000b850 (0x7a3f2a23) sw      gp, 1972(t5)
core   0: 3 0x8000b850 (0x7a3f2a23) mem 0x8000c000 0x00000001
core   0: 0x8000b854 (0x0000bfe5) c.j     pc - 8
core   0: 3 0x8000b854 (0xbfe5)
core   0: 0x8000b84c (0x00000f17) auipc   t5, 0x0
core   0: 3 0x8000b84c (0x00000f17) x30 0x8000b84c
core   0: 0x8000b850 (0x7a3f2a23) sw      gp, 1972(t5)
core   0: 3 0x8000b850 (0x7a3f2a23) mem 0x8000c000 0x00000001
core   0: 0x8000b854 (0x0000bfe5) c.j     pc - 8
core   0: 3 0x8000b854 (0xbfe5)
core   0: 0x8000b84c (0x00000f17) auipc   t5, 0x0
core   0: 3 0x8000b84c (0x00000f17) x30 0x8000b84c
core   0: 0x8000b850 (0x7a3f2a23) sw      gp, 1972(t5)
core   0: 3 0x8000b850 (0x7a3f2a23) mem 0x8000c000 0x00000001
core   0: 0x8000b854 (0x0000bfe5) c.j     pc - 8
core   0: 3 0x8000b854 (0xbfe5)
core   0: 0x8000b84c (0x00000f17) auipc   t5, 0x0
core   0: 3 0x8000b84c (0x00000f17) x30 0x8000b84c
core   0: 0x8000b850 (0x7a3f2a23) sw      gp, 1972(t5)
core   0: 3 0x8000b850 (0x7a3f2a23) mem 0x8000c000 0x00000001
core   0: 0x8000b854 (0x0000bfe5) c.j     pc - 8
core   0: 3 0x8000b854 (0xbfe5)
core   0: 0x8000b84c (0x00000f17) auipc   t5, 0x0
core   0: 3 0x8000b84c (0x00000f17) x30 0x8000b84c
core   0: 0x8000b850 (0x7a3f2a23) sw      gp, 1972(t5)
core   0: 3 0x8000b850 (0x7a3f2a23) mem 0x8000c000 0x00000001
core   0: 0x8000b854 (0x0000bfe5) c.j     pc - 8
core   0: 3 0x8000b854 (0xbfe5)
core   0: 0x8000b84c (0x00000f17) auipc   t5, 0x0
core   0: 3 0x8000b84c (0x00000f17) x30 0x8000b84c
core   0: 0x8000b850 (0x7a3f2a23) sw      gp, 1972(t5)
core   0: 3 0x8000b850 (0x7a3f2a23) mem 0x8000c000 0x00000001
core   0: 0x8000b854 (0x0000bfe5) c.j     pc - 8
core   0: 3 0x8000b854 (0xbfe5)
core   0: 0x8000b84c (0x00000f17) auipc   t5, 0x0
core   0: 3 0x8000b84c (0x00000f17) x30 0x8000b84c
core   0: 0x8000b850 (0x7a3f2a23) sw      gp, 1972(t5)
core   0: 3 0x8000b850 (0x7a3f2a23) mem 0x8000c000 0x00000001
core   0: 0x8000b854 (0x0000bfe5) c.j     pc - 8
core   0: 3 0x8000b854 (0xbfe5)
core   0: 0x8000b84c (0x00000f17) auipc   t5, 0x0
core   0: 3 0x8000b84c (0x00000f17) x30 0x8000b84c
core   0: 0x8000b850 (0x7a3f2a23) sw      gp, 1972(t5)
core   0: 3 0x8000b850 (0x7a3f2a23) mem 0x8000c000 0x00000001
core   0: 0x8000b854 (0x0000bfe5) c.j     pc - 8
core   0: 3 0x8000b854 (0xbfe5)
core   0: 0x8000b84c (0x00000f17) auipc   t5, 0x0
core   0: 3 0x8000b84c (0x00000f17) x30 0x8000b84c
core   0: 0x8000b850 (0x7a3f2a23) sw      gp, 1972(t5)
core   0: 3 0x8000b850 (0x7a3f2a23) mem 0x8000c000 0x00000001
core   0: 0x8000b854 (0x0000bfe5) c.j     pc - 8
core   0: 3 0x8000b854 (0xbfe5)
core   0: 0x8000b84c (0x00000f17) auipc   t5, 0x0
core   0: 3 0x8000b84c (0x00000f17) x30 0x8000b84c
core   0: 0x8000b850 (0x7a3f2a23) sw      gp, 1972(t5)
core   0: 3 0x8000b850 (0x7a3f2a23) mem 0x8000c000 0x00000001
core   0: 0x8000b854 (0x0000bfe5) c.j     pc - 8
core   0: 3 0x8000b854 (0xbfe5)
core   0: 0x8000b84c (0x00000f17) auipc   t5, 0x0
core   0: 3 0x8000b84c (0x00000f17) x30 0x8000b84c
core   0: 0x8000b850 (0x7a3f2a23) sw      gp, 1972(t5)
core   0: 3 0x8000b850 (0x7a3f2a23) mem 0x8000c000 0x00000001
core   0: 0x8000b854 (0x0000bfe5) c.j     pc - 8
core   0: 3 0x8000b854 (0xbfe5)
core   0: 0x8000b84c (0x00000f17) auipc   t5, 0x0
core   0: 3 0x8000b84c (0x00000f17) x30 0x8000b84c
core   0: 0x8000b850 (0x7a3f2a23) sw      gp, 1972(t5)
core   0: 3 0x8000b850 (0x7a3f2a23) mem 0x8000c000 0x00000001
core   0: 0x8000b854 (0x0000bfe5) c.j     pc - 8
core   0: 3 0x8000b854 (0xbfe5)
core   0: 0x8000b84c (0x00000f17) auipc   t5, 0x0
core   0: 3 0x8000b84c (0x00000f17) x30 0x8000b84c
core   0: 0x8000b850 (0x7a3f2a23) sw      gp, 1972(t5)
core   0: 3 0x8000b850 (0x7a3f2a23) mem 0x8000c000 0x00000001
core   0: 0x8000b854 (0x0000bfe5) c.j     pc - 8
core   0: 3 0x8000b854 (0xbfe5)
core   0: 0x8000b84c (0x00000f17) auipc   t5, 0x0
core   0: 3 0x8000b84c (0x00000f17) x30 0x8000b84c
core   0: 0x8000b850 (0x7a3f2a23) sw      gp, 1972(t5)
core   0: 3 0x8000b850 (0x7a3f2a23) mem 0x8000c000 0x00000001
core   0: 0x8000b854 (0x0000bfe5) c.j     pc - 8
core   0: 3 0x8000b854 (0xbfe5)
core   0: 0x8000b84c (0x00000f17) auipc   t5, 0x0
core   0: 3 0x8000b84c (0x00000f17) x30 0x8000b84c
core   0: 0x8000b850 (0x7a3f2a23) sw      gp, 1972(t5)
core   0: 3 0x8000b850 (0x7a3f2a23) mem 0x8000c000 0x00000001
core   0: 0x8000b854 (0x0000bfe5) c.j     pc - 8
core   0: 3 0x8000b854 (0xbfe5)
core   0: 0x8000b84c (0x00000f17) auipc   t5, 0x0
core   0: 3 0x8000b84c (0x00000f17) x30 0x8000b84c
core   0: 0x8000b850 (0x7a3f2a23) sw      gp, 1972(t5)
core   0: 3 0x8000b850 (0x7a3f2a23) mem 0x8000c000 0x00000001
core   0: 0x8000b854 (0x0000bfe5) c.j     pc - 8
core   0: 3 0x8000b854 (0xbfe5)
core   0: 0x8000b84c (0x00000f17) auipc   t5, 0x0
core   0: 3 0x8000b84c (0x00000f17) x30 0x8000b84c
core   0: 0x8000b850 (0x7a3f2a23) sw      gp, 1972(t5)
core   0: 3 0x8000b850 (0x7a3f2a23) mem 0x8000c000 0x00000001
core   0: 0x8000b854 (0x0000bfe5) c.j     pc - 8
core   0: 3 0x8000b854 (0xbfe5)
core   0: 0x8000b84c (0x00000f17) auipc   t5, 0x0
core   0: 3 0x8000b84c (0x00000f17) x30 0x8000b84c
core   0: 0x8000b850 (0x7a3f2a23) sw      gp, 1972(t5)
core   0: 3 0x8000b850 (0x7a3f2a23) mem 0x8000c000 0x00000001
core   0: 0x8000b854 (0x0000bfe5) c.j     pc - 8
core   0: 3 0x8000b854 (0xbfe5)
core   0: 0x8000b84c (0x00000f17) auipc   t5, 0x0
core   0: 3 0x8000b84c (0x00000f17) x30 0x8000b84c
core   0: 0x8000b850 (0x7a3f2a23) sw      gp, 1972(t5)
core   0: 3 0x8000b850 (0x7a3f2a23) mem 0x8000c000 0x00000001
core   0: 0x8000b854 (0x0000bfe5) c.j     pc - 8
core   0: 3 0x8000b854 (0xbfe5)
core   0: 0x8000b84c (0x00000f17) auipc   t5, 0x0
core   0: 3 0x8000b84c (0x00000f17) x30 0x8000b84c
core   0: 0x8000b850 (0x7a3f2a23) sw      gp, 1972(t5)
core   0: 3 0x8000b850 (0x7a3f2a23) mem 0x8000c000 0x00000001
core   0: 0x8000b854 (0x0000bfe5) c.j     pc - 8
core   0: 3 0x8000b854 (0xbfe5)
core   0: 0x8000b84c (0x00000f17) auipc   t5, 0x0
core   0: 3 0x8000b84c (0x00000f17) x30 0x8000b84c
core   0: 0x8000b850 (0x7a3f2a23) sw      gp, 1972(t5)
core   0: 3 0x8000b850 (0x7a3f2a23) mem 0x8000c000 0x00000001
core   0: 0x8000b854 (0x0000bfe5) c.j     pc - 8
core   0: 3 0x8000b854 (0xbfe5)
core   0: 0x8000b84c (0x00000f17) auipc   t5, 0x0
core   0: 3 0x8000b84c (0x00000f17) x30 0x8000b84c
core   0: 0x8000b850 (0x7a3f2a23) sw      gp, 1972(t5)
core   0: 3 0x8000b850 (0x7a3f2a23) mem 0x8000c000 0x00000001
core   0: 0x8000b854 (0x0000bfe5) c.j     pc - 8
core   0: 3 0x8000b854 (0xbfe5)
core   0: 0x8000b84c (0x00000f17) auipc   t5, 0x0
core   0: 3 0x8000b84c (0x00000f17) x30 0x8000b84c
core   0: 0x8000b850 (0x7a3f2a23) sw      gp, 1972(t5)
core   0: 3 0x8000b850 (0x7a3f2a23) mem 0x8000c000 0x00000001
core   0: 0x8000b854 (0x0000bfe5) c.j     pc - 8
core   0: 3 0x8000b854 (0xbfe5)
core   0: 0x8000b84c (0x00000f17) auipc   t5, 0x0
core   0: 3 0x8000b84c (0x00000f17) x30 0x8000b84c
core   0: 0x8000b850 (0x7a3f2a23) sw      gp, 1972(t5)
core   0: 3 0x8000b850 (0x7a3f2a23) mem 0x8000c000 0x00000001
core   0: 0x8000b854 (0x0000bfe5) c.j     pc - 8
core   0: 3 0x8000b854 (0xbfe5)
core   0: 0x8000b84c (0x00000f17) auipc   t5, 0x0
core   0: 3 0x8000b84c (0x00000f17) x30 0x8000b84c
core   0: 0x8000b850 (0x7a3f2a23) sw      gp, 1972(t5)
core   0: 3 0x8000b850 (0x7a3f2a23) mem 0x8000c000 0x00000001
core   0: 0x8000b854 (0x0000bfe5) c.j     pc - 8
core   0: 3 0x8000b854 (0xbfe5)
core   0: 0x8000b84c (0x00000f17) auipc   t5, 0x0
core   0: 3 0x8000b84c (0x00000f17) x30 0x8000b84c
core   0: 0x8000b850 (0x7a3f2a23) sw      gp, 1972(t5)
core   0: 3 0x8000b850 (0x7a3f2a23) mem 0x8000c000 0x00000001
core   0: 0x8000b854 (0x0000bfe5) c.j     pc - 8
core   0: 3 0x8000b854 (0xbfe5)
core   0: 0x8000b84c (0x00000f17) auipc   t5, 0x0
core   0: 3 0x8000b84c (0x00000f17) x30 0x8000b84c
core   0: 0x8000b850 (0x7a3f2a23) sw      gp, 1972(t5)
core   0: 3 0x8000b850 (0x7a3f2a23) mem 0x8000c000 0x00000001
core   0: 0x8000b854 (0x0000bfe5) c.j     pc - 8
core   0: 3 0x8000b854 (0xbfe5)
core   0: 0x8000b84c (0x00000f17) auipc   t5, 0x0
core   0: 3 0x8000b84c (0x00000f17) x30 0x8000b84c
core   0: 0x8000b850 (0x7a3f2a23) sw      gp, 1972(t5)
core   0: 3 0x8000b850 (0x7a3f2a23) mem 0x8000c000 0x00000001
core   0: 0x8000b854 (0x0000bfe5) c.j     pc - 8
core   0: 3 0x8000b854 (0xbfe5)
core   0: 0x8000b84c (0x00000f17) auipc   t5, 0x0
core   0: 3 0x8000b84c (0x00000f17) x30 0x8000b84c
core   0: 0x8000b850 (0x7a3f2a23) sw      gp, 1972(t5)
core   0: 3 0x8000b850 (0x7a3f2a23) mem 0x8000c000 0x00000001
core   0: 0x8000b854 (0x0000bfe5) c.j     pc - 8
core   0: 3 0x8000b854 (0xbfe5)
core   0: 0x8000b84c (0x00000f17) auipc   t5, 0x0
core   0: 3 0x8000b84c (0x00000f17) x30 0x8000b84c
core   0: 0x8000b850 (0x7a3f2a23) sw      gp, 1972(t5)
core   0: 3 0x8000b850 (0x7a3f2a23) mem 0x8000c000 0x00000001
core   0: 0x8000b854 (0x0000bfe5) c.j     pc - 8
core   0: 3 0x8000b854 (0xbfe5)
core   0: 0x8000b84c (0x00000f17) auipc   t5, 0x0
core   0: 3 0x8000b84c (0x00000f17) x30 0x8000b84c
core   0: 0x8000b850 (0x7a3f2a23) sw      gp, 1972(t5)
core   0: 3 0x8000b850 (0x7a3f2a23) mem 0x8000c000 0x00000001
core   0: 0x8000b854 (0x0000bfe5) c.j     pc - 8
core   0: 3 0x8000b854 (0xbfe5)
core   0: 0x8000b84c (0x00000f17) auipc   t5, 0x0
core   0: 3 0x8000b84c (0x00000f17) x30 0x8000b84c
core   0: 0x8000b850 (0x7a3f2a23) sw      gp, 1972(t5)
core   0: 3 0x8000b850 (0x7a3f2a23) mem 0x8000c000 0x00000001
core   0: 0x8000b854 (0x0000bfe5) c.j     pc - 8
core   0: 3 0x8000b854 (0xbfe5)
core   0: 0x8000b84c (0x00000f17) auipc   t5, 0x0
core   0: 3 0x8000b84c (0x00000f17) x30 0x8000b84c
core   0: 0x8000b850 (0x7a3f2a23) sw      gp, 1972(t5)
core   0: 3 0x8000b850 (0x7a3f2a23) mem 0x8000c000 0x00000001
core   0: 0x8000b854 (0x0000bfe5) c.j     pc - 8
core   0: 3 0x8000b854 (0xbfe5)
core   0: 0x8000b84c (0x00000f17) auipc   t5, 0x0
core   0: 3 0x8000b84c (0x00000f17) x30 0x8000b84c
core   0: 0x8000b850 (0x7a3f2a23) sw      gp, 1972(t5)
core   0: 3 0x8000b850 (0x7a3f2a23) mem 0x8000c000 0x00000001
core   0: 0x8000b854 (0x0000bfe5) c.j     pc - 8
core   0: 3 0x8000b854 (0xbfe5)
core   0: 0x8000b84c (0x00000f17) auipc   t5, 0x0
core   0: 3 0x8000b84c (0x00000f17) x30 0x8000b84c
core   0: 0x8000b850 (0x7a3f2a23) sw      gp, 1972(t5)
core   0: 3 0x8000b850 (0x7a3f2a23) mem 0x8000c000 0x00000001
core   0: 0x8000b854 (0x0000bfe5) c.j     pc - 8
core   0: 3 0x8000b854 (0xbfe5)
core   0: 0x8000b84c (0x00000f17) auipc   t5, 0x0
core   0: 3 0x8000b84c (0x00000f17) x30 0x8000b84c
core   0: 0x8000b850 (0x7a3f2a23) sw      gp, 1972(t5)
core   0: 3 0x8000b850 (0x7a3f2a23) mem 0x8000c000 0x00000001
core   0: 0x8000b854 (0x0000bfe5) c.j     pc - 8
core   0: 3 0x8000b854 (0xbfe5)
core   0: 0x8000b84c (0x00000f17) auipc   t5, 0x0
core   0: 3 0x8000b84c (0x00000f17) x30 0x8000b84c
core   0: 0x8000b850 (0x7a3f2a23) sw      gp, 1972(t5)
core   0: 3 0x8000b850 (0x7a3f2a23) mem 0x8000c000 0x00000001
core   0: 0x8000b854 (0x0000bfe5) c.j     pc - 8
core   0: 3 0x8000b854 (0xbfe5)
core   0: 0x8000b84c (0x00000f17) auipc   t5, 0x0
core   0: 3 0x8000b84c (0x00000f17) x30 0x8000b84c
core   0: 0x8000b850 (0x7a3f2a23) sw      gp, 1972(t5)
core   0: 3 0x8000b850 (0x7a3f2a23) mem 0x8000c000 0x00000001
core   0: 0x8000b854 (0x0000bfe5) c.j     pc - 8
core   0: 3 0x8000b854 (0xbfe5)
core   0: 0x8000b84c (0x00000f17) auipc   t5, 0x0
core   0: 3 0x8000b84c (0x00000f17) x30 0x8000b84c
core   0: 0x8000b850 (0x7a3f2a23) sw      gp, 1972(t5)
core   0: 3 0x8000b850 (0x7a3f2a23) mem 0x8000c000 0x00000001
core   0: 0x8000b854 (0x0000bfe5) c.j     pc - 8
core   0: 3 0x8000b854 (0xbfe5)
core   0: 0x8000b84c (0x00000f17) auipc   t5, 0x0
core   0: 3 0x8000b84c (0x00000f17) x30 0x8000b84c
core   0: 0x8000b850 (0x7a3f2a23) sw      gp, 1972(t5)
core   0: 3 0x8000b850 (0x7a3f2a23) mem 0x8000c000 0x00000001
core   0: 0x8000b854 (0x0000bfe5) c.j     pc - 8
core   0: 3 0x8000b854 (0xbfe5)
core   0: 0x8000b84c (0x00000f17) auipc   t5, 0x0
core   0: 3 0x8000b84c (0x00000f17) x30 0x8000b84c
core   0: 0x8000b850 (0x7a3f2a23) sw      gp, 1972(t5)
core   0: 3 0x8000b850 (0x7a3f2a23) mem 0x8000c000 0x00000001
core   0: 0x8000b854 (0x0000bfe5) c.j     pc - 8
core   0: 3 0x8000b854 (0xbfe5)
core   0: 0x8000b84c (0x00000f17) auipc   t5, 0x0
core   0: 3 0x8000b84c (0x00000f17) x30 0x8000b84c
core   0: 0x8000b850 (0x7a3f2a23) sw      gp, 1972(t5)
core   0: 3 0x8000b850 (0x7a3f2a23) mem 0x8000c000 0x00000001
core   0: 0x8000b854 (0x0000bfe5) c.j     pc - 8
core   0: 3 0x8000b854 (0xbfe5)
core   0: 0x8000b84c (0x00000f17) auipc   t5, 0x0
core   0: 3 0x8000b84c (0x00000f17) x30 0x8000b84c
core   0: 0x8000b850 (0x7a3f2a23) sw      gp, 1972(t5)
core   0: 3 0x8000b850 (0x7a3f2a23) mem 0x8000c000 0x00000001
core   0: 0x8000b854 (0x0000bfe5) c.j     pc - 8
core   0: 3 0x8000b854 (0xbfe5)
core   0: 0x8000b84c (0x00000f17) auipc   t5, 0x0
core   0: 3 0x8000b84c (0x00000f17) x30 0x8000b84c
core   0: 0x8000b850 (0x7a3f2a23) sw      gp, 1972(t5)
core   0: 3 0x8000b850 (0x7a3f2a23) mem 0x8000c000 0x00000001
core   0: 0x8000b854 (0x0000bfe5) c.j     pc - 8
core   0: 3 0x8000b854 (0xbfe5)
core   0: 0x8000b84c (0x00000f17) auipc   t5, 0x0
core   0: 3 0x8000b84c (0x00000f17) x30 0x8000b84c
core   0: 0x8000b850 (0x7a3f2a23) sw      gp, 1972(t5)
core   0: 3 0x8000b850 (0x7a3f2a23) mem 0x8000c000 0x00000001
core   0: 0x8000b854 (0x0000bfe5) c.j     pc - 8
core   0: 3 0x8000b854 (0xbfe5)
core   0: 0x8000b84c (0x00000f17) auipc   t5, 0x0
core   0: 3 0x8000b84c (0x00000f17) x30 0x8000b84c
core   0: 0x8000b850 (0x7a3f2a23) sw      gp, 1972(t5)
core   0: 3 0x8000b850 (0x7a3f2a23) mem 0x8000c000 0x00000001
core   0: 0x8000b854 (0x0000bfe5) c.j     pc - 8
core   0: 3 0x8000b854 (0xbfe5)
core   0: 0x8000b84c (0x00000f17) auipc   t5, 0x0
core   0: 3 0x8000b84c (0x00000f17) x30 0x8000b84c
core   0: 0x8000b850 (0x7a3f2a23) sw      gp, 1972(t5)
core   0: 3 0x8000b850 (0x7a3f2a23) mem 0x8000c000 0x00000001
core   0: 0x8000b854 (0x0000bfe5) c.j     pc - 8
core   0: 3 0x8000b854 (0xbfe5)
core   0: 0x8000b84c (0x00000f17) auipc   t5, 0x0
core   0: 3 0x8000b84c (0x00000f17) x30 0x8000b84c
core   0: 0x8000b850 (0x7a3f2a23) sw      gp, 1972(t5)
core   0: 3 0x8000b850 (0x7a3f2a23) mem 0x8000c000 0x00000001
core   0: 0x8000b854 (0x0000bfe5) c.j     pc - 8
core   0: 3 0x8000b854 (0xbfe5)
core   0: 0x8000b84c (0x00000f17) auipc   t5, 0x0
core   0: 3 0x8000b84c (0x00000f17) x30 0x8000b84c
core   0: 0x8000b850 (0x7a3f2a23) sw      gp, 1972(t5)
core   0: 3 0x8000b850 (0x7a3f2a23) mem 0x8000c000 0x00000001
core   0: 0x8000b854 (0x0000bfe5) c.j     pc - 8
core   0: 3 0x8000b854 (0xbfe5)
core   0: 0x8000b84c (0x00000f17) auipc   t5, 0x0
core   0: 3 0x8000b84c (0x00000f17) x30 0x8000b84c
core   0: 0x8000b850 (0x7a3f2a23) sw      gp, 1972(t5)
core   0: 3 0x8000b850 (0x7a3f2a23) mem 0x8000c000 0x00000001
core   0: 0x8000b854 (0x0000bfe5) c.j     pc - 8
core   0: 3 0x8000b854 (0xbfe5)
core   0: 0x8000b84c (0x00000f17) auipc   t5, 0x0
core   0: 3 0x8000b84c (0x00000f17) x30 0x8000b84c
core   0: 0x8000b850 (0x7a3f2a23) sw      gp, 1972(t5)
core   0: 3 0x8000b850 (0x7a3f2a23) mem 0x8000c000 0x00000001
core   0: 0x8000b854 (0x0000bfe5) c.j     pc - 8
core   0: 3 0x8000b854 (0xbfe5)
core   0: 0x8000b84c (0x00000f17) auipc   t5, 0x0
core   0: 3 0x8000b84c (0x00000f17) x30 0x8000b84c
core   0: 0x8000b850 (0x7a3f2a23) sw      gp, 1972(t5)
core   0: 3 0x8000b850 (0x7a3f2a23) mem 0x8000c000 0x00000001
core   0: 0x8000b854 (0x0000bfe5) c.j     pc - 8
core   0: 3 0x8000b854 (0xbfe5)
core   0: 0x8000b84c (0x00000f17) auipc   t5, 0x0
core   0: 3 0x8000b84c (0x00000f17) x30 0x8000b84c
core   0: 0x8000b850 (0x7a3f2a23) sw      gp, 1972(t5)
core   0: 3 0x8000b850 (0x7a3f2a23) mem 0x8000c000 0x00000001
core   0: 0x8000b854 (0x0000bfe5) c.j     pc - 8
core   0: 3 0x8000b854 (0xbfe5)
core   0: 0x8000b84c (0x00000f17) auipc   t5, 0x0
core   0: 3 0x8000b84c (0x00000f17) x30 0x8000b84c
core   0: 0x8000b850 (0x7a3f2a23) sw      gp, 1972(t5)
core   0: 3 0x8000b850 (0x7a3f2a23) mem 0x8000c000 0x00000001
core   0: 0x8000b854 (0x0000bfe5) c.j     pc - 8
core   0: 3 0x8000b854 (0xbfe5)
core   0: 0x8000b84c (0x00000f17) auipc   t5, 0x0
core   0: 3 0x8000b84c (0x00000f17) x30 0x8000b84c
core   0: 0x8000b850 (0x7a3f2a23) sw      gp, 1972(t5)
core   0: 3 0x8000b850 (0x7a3f2a23) mem 0x8000c000 0x00000001
core   0: 0x8000b854 (0x0000bfe5) c.j     pc - 8
core   0: 3 0x8000b854 (0xbfe5)
core   0: 0x8000b84c (0x00000f17) auipc   t5, 0x0
core   0: 3 0x8000b84c (0x00000f17) x30 0x8000b84c
core   0: 0x8000b850 (0x7a3f2a23) sw      gp, 1972(t5)
core   0: 3 0x8000b850 (0x7a3f2a23) mem 0x8000c000 0x00000001
core   0: 0x8000b854 (0x0000bfe5) c.j     pc - 8
core   0: 3 0x8000b854 (0xbfe5)
core   0: 0x8000b84c (0x00000f17) auipc   t5, 0x0
core   0: 3 0x8000b84c (0x00000f17) x30 0x8000b84c
core   0: 0x8000b850 (0x7a3f2a23) sw      gp, 1972(t5)
core   0: 3 0x8000b850 (0x7a3f2a23) mem 0x8000c000 0x00000001
core   0: 0x8000b854 (0x0000bfe5) c.j     pc - 8
core   0: 3 0x8000b854 (0xbfe5)
core   0: 0x8000b84c (0x00000f17) auipc   t5, 0x0
core   0: 3 0x8000b84c (0x00000f17) x30 0x8000b84c
core   0: 0x8000b850 (0x7a3f2a23) sw      gp, 1972(t5)
core   0: 3 0x8000b850 (0x7a3f2a23) mem 0x8000c000 0x00000001
core   0: 0x8000b854 (0x0000bfe5) c.j     pc - 8
core   0: 3 0x8000b854 (0xbfe5)
core   0: 0x8000b84c (0x00000f17) auipc   t5, 0x0
core   0: 3 0x8000b84c (0x00000f17) x30 0x8000b84c
core   0: 0x8000b850 (0x7a3f2a23) sw      gp, 1972(t5)
core   0: 3 0x8000b850 (0x7a3f2a23) mem 0x8000c000 0x00000001
core   0: 0x8000b854 (0x0000bfe5) c.j     pc - 8
core   0: 3 0x8000b854 (0xbfe5)
core   0: 0x8000b84c (0x00000f17) auipc   t5, 0x0
core   0: 3 0x8000b84c (0x00000f17) x30 0x8000b84c
core   0: 0x8000b850 (0x7a3f2a23) sw      gp, 1972(t5)
core   0: 3 0x8000b850 (0x7a3f2a23) mem 0x8000c000 0x00000001
core   0: 0x8000b854 (0x0000bfe5) c.j     pc - 8
core   0: 3 0x8000b854 (0xbfe5)
core   0: 0x8000b84c (0x00000f17) auipc   t5, 0x0
core   0: 3 0x8000b84c (0x00000f17) x30 0x8000b84c
core   0: 0x8000b850 (0x7a3f2a23) sw      gp, 1972(t5)
core   0: 3 0x8000b850 (0x7a3f2a23) mem 0x8000c000 0x00000001
core   0: 0x8000b854 (0x0000bfe5) c.j     pc - 8
core   0: 3 0x8000b854 (0xbfe5)
core   0: 0x8000b84c (0x00000f17) auipc   t5, 0x0
core   0: 3 0x8000b84c (0x00000f17) x30 0x8000b84c
core   0: 0x8000b850 (0x7a3f2a23) sw      gp, 1972(t5)
core   0: 3 0x8000b850 (0x7a3f2a23) mem 0x8000c000 0x00000001
core   0: 0x8000b854 (0x0000bfe5) c.j     pc - 8
core   0: 3 0x8000b854 (0xbfe5)
core   0: 0x8000b84c (0x00000f17) auipc   t5, 0x0
core   0: 3 0x8000b84c (0x00000f17) x30 0x8000b84c
core   0: 0x8000b850 (0x7a3f2a23) sw      gp, 1972(t5)
core   0: 3 0x8000b850 (0x7a3f2a23) mem 0x8000c000 0x00000001
core   0: 0x8000b854 (0x0000bfe5) c.j     pc - 8
core   0: 3 0x8000b854 (0xbfe5)
core   0: 0x8000b84c (0x00000f17) auipc   t5, 0x0
core   0: 3 0x8000b84c (0x00000f17) x30 0x8000b84c
core   0: 0x8000b850 (0x7a3f2a23) sw      gp, 1972(t5)
core   0: 3 0x8000b850 (0x7a3f2a23) mem 0x8000c000 0x00000001
core   0: 0x8000b854 (0x0000bfe5) c.j     pc - 8
core   0: 3 0x8000b854 (0xbfe5)
core   0: 0x8000b84c (0x00000f17) auipc   t5, 0x0
core   0: 3 0x8000b84c (0x00000f17) x30 0x8000b84c
core   0: 0x8000b850 (0x7a3f2a23) sw      gp, 1972(t5)
core   0: 3 0x8000b850 (0x7a3f2a23) mem 0x8000c000 0x00000001
core   0: 0x8000b854 (0x0000bfe5) c.j     pc - 8
core   0: 3 0x8000b854 (0xbfe5)
core   0: 0x8000b84c (0x00000f17) auipc   t5, 0x0
core   0: 3 0x8000b84c (0x00000f17) x30 0x8000b84c
core   0: 0x8000b850 (0x7a3f2a23) sw      gp, 1972(t5)
core   0: 3 0x8000b850 (0x7a3f2a23) mem 0x8000c000 0x00000001
core   0: 0x8000b854 (0x0000bfe5) c.j     pc - 8
core   0: 3 0x8000b854 (0xbfe5)
core   0: 0x8000b84c (0x00000f17) auipc   t5, 0x0
core   0: 3 0x8000b84c (0x00000f17) x30 0x8000b84c
core   0: 0x8000b850 (0x7a3f2a23) sw      gp, 1972(t5)
core   0: 3 0x8000b850 (0x7a3f2a23) mem 0x8000c000 0x00000001
core   0: 0x8000b854 (0x0000bfe5) c.j     pc - 8
core   0: 3 0x8000b854 (0xbfe5)
core   0: 0x8000b84c (0x00000f17) auipc   t5, 0x0
core   0: 3 0x8000b84c (0x00000f17) x30 0x8000b84c
core   0: 0x8000b850 (0x7a3f2a23) sw      gp, 1972(t5)
core   0: 3 0x8000b850 (0x7a3f2a23) mem 0x8000c000 0x00000001
core   0: 0x8000b854 (0x0000bfe5) c.j     pc - 8
core   0: 3 0x8000b854 (0xbfe5)
core   0: 0x8000b84c (0x00000f17) auipc   t5, 0x0
core   0: 3 0x8000b84c (0x00000f17) x30 0x8000b84c
core   0: 0x8000b850 (0x7a3f2a23) sw      gp, 1972(t5)
core   0: 3 0x8000b850 (0x7a3f2a23) mem 0x8000c000 0x00000001
core   0: 0x8000b854 (0x0000bfe5) c.j     pc - 8
core   0: 3 0x8000b854 (0xbfe5)
core   0: 0x8000b84c (0x00000f17) auipc   t5, 0x0
core   0: 3 0x8000b84c (0x00000f17) x30 0x8000b84c
core   0: 0x8000b850 (0x7a3f2a23) sw      gp, 1972(t5)
core   0: 3 0x8000b850 (0x7a3f2a23) mem 0x8000c000 0x00000001
core   0: 0x8000b854 (0x0000bfe5) c.j     pc - 8
core   0: 3 0x8000b854 (0xbfe5)
core   0: 0x8000b84c (0x00000f17) auipc   t5, 0x0
core   0: 3 0x8000b84c (0x00000f17) x30 0x8000b84c
core   0: 0x8000b850 (0x7a3f2a23) sw      gp, 1972(t5)
core   0: 3 0x8000b850 (0x7a3f2a23) mem 0x8000c000 0x00000001
core   0: 0x8000b854 (0x0000bfe5) c.j     pc - 8
core   0: 3 0x8000b854 (0xbfe5)
core   0: 0x8000b84c (0x00000f17) auipc   t5, 0x0
core   0: 3 0x8000b84c (0x00000f17) x30 0x8000b84c
core   0: 0x8000b850 (0x7a3f2a23) sw      gp, 1972(t5)
core   0: 3 0x8000b850 (0x7a3f2a23) mem 0x8000c000 0x00000001
core   0: 0x8000b854 (0x0000bfe5) c.j     pc - 8
core   0: 3 0x8000b854 (0xbfe5)
core   0: 0x8000b84c (0x00000f17) auipc   t5, 0x0
core   0: 3 0x8000b84c (0x00000f17) x30 0x8000b84c
core   0: 0x8000b850 (0x7a3f2a23) sw      gp, 1972(t5)
core   0: 3 0x8000b850 (0x7a3f2a23) mem 0x8000c000 0x00000001
core   0: 0x8000b854 (0x0000bfe5) c.j     pc - 8
core   0: 3 0x8000b854 (0xbfe5)
core   0: 0x8000b84c (0x00000f17) auipc   t5, 0x0
core   0: 3 0x8000b84c (0x00000f17) x30 0x8000b84c
core   0: 0x8000b850 (0x7a3f2a23) sw      gp, 1972(t5)
core   0: 3 0x8000b850 (0x7a3f2a23) mem 0x8000c000 0x00000001
core   0: 0x8000b854 (0x0000bfe5) c.j     pc - 8
core   0: 3 0x8000b854 (0xbfe5)
core   0: 0x8000b84c (0x00000f17) auipc   t5, 0x0
core   0: 3 0x8000b84c (0x00000f17) x30 0x8000b84c
core   0: 0x8000b850 (0x7a3f2a23) sw      gp, 1972(t5)
core   0: 3 0x8000b850 (0x7a3f2a23) mem 0x8000c000 0x00000001
core   0: 0x8000b854 (0x0000bfe5) c.j     pc - 8
core   0: 3 0x8000b854 (0xbfe5)
core   0: 0x8000b84c (0x00000f17) auipc   t5, 0x0
core   0: 3 0x8000b84c (0x00000f17) x30 0x8000b84c
core   0: 0x8000b850 (0x7a3f2a23) sw      gp, 1972(t5)
core   0: 3 0x8000b850 (0x7a3f2a23) mem 0x8000c000 0x00000001
core   0: 0x8000b854 (0x0000bfe5) c.j     pc - 8
core   0: 3 0x8000b854 (0xbfe5)
core   0: 0x8000b84c (0x00000f17) auipc   t5, 0x0
core   0: 3 0x8000b84c (0x00000f17) x30 0x8000b84c
core   0: 0x8000b850 (0x7a3f2a23) sw      gp, 1972(t5)
core   0: 3 0x8000b850 (0x7a3f2a23) mem 0x8000c000 0x00000001
core   0: 0x8000b854 (0x0000bfe5) c.j     pc - 8
core   0: 3 0x8000b854 (0xbfe5)
core   0: 0x8000b84c (0x00000f17) auipc   t5, 0x0
core   0: 3 0x8000b84c (0x00000f17) x30 0x8000b84c
core   0: 0x8000b850 (0x7a3f2a23) sw      gp, 1972(t5)
core   0: 3 0x8000b850 (0x7a3f2a23) mem 0x8000c000 0x00000001
core   0: 0x8000b854 (0x0000bfe5) c.j     pc - 8
core   0: 3 0x8000b854 (0xbfe5)
core   0: 0x8000b84c (0x00000f17) auipc   t5, 0x0
core   0: 3 0x8000b84c (0x00000f17) x30 0x8000b84c
core   0: 0x8000b850 (0x7a3f2a23) sw      gp, 1972(t5)
core   0: 3 0x8000b850 (0x7a3f2a23) mem 0x8000c000 0x00000001
core   0: 0x8000b854 (0x0000bfe5) c.j     pc - 8
core   0: 3 0x8000b854 (0xbfe5)
core   0: 0x8000b84c (0x00000f17) auipc   t5, 0x0
core   0: 3 0x8000b84c (0x00000f17) x30 0x8000b84c
core   0: 0x8000b850 (0x7a3f2a23) sw      gp, 1972(t5)
core   0: 3 0x8000b850 (0x7a3f2a23) mem 0x8000c000 0x00000001
core   0: 0x8000b854 (0x0000bfe5) c.j     pc - 8
core   0: 3 0x8000b854 (0xbfe5)
core   0: 0x8000b84c (0x00000f17) auipc   t5, 0x0
core   0: 3 0x8000b84c (0x00000f17) x30 0x8000b84c
core   0: 0x8000b850 (0x7a3f2a23) sw      gp, 1972(t5)
core   0: 3 0x8000b850 (0x7a3f2a23) mem 0x8000c000 0x00000001
core   0: 0x8000b854 (0x0000bfe5) c.j     pc - 8
core   0: 3 0x8000b854 (0xbfe5)
core   0: 0x8000b84c (0x00000f17) auipc   t5, 0x0
core   0: 3 0x8000b84c (0x00000f17) x30 0x8000b84c
core   0: 0x8000b850 (0x7a3f2a23) sw      gp, 1972(t5)
core   0: 3 0x8000b850 (0x7a3f2a23) mem 0x8000c000 0x00000001
core   0: 0x8000b854 (0x0000bfe5) c.j     pc - 8
core   0: 3 0x8000b854 (0xbfe5)
core   0: 0x8000b84c (0x00000f17) auipc   t5, 0x0
core   0: 3 0x8000b84c (0x00000f17) x30 0x8000b84c
core   0: 0x8000b850 (0x7a3f2a23) sw      gp, 1972(t5)
core   0: 3 0x8000b850 (0x7a3f2a23) mem 0x8000c000 0x00000001
core   0: 0x8000b854 (0x0000bfe5) c.j     pc - 8
core   0: 3 0x8000b854 (0xbfe5)
core   0: 0x8000b84c (0x00000f17) auipc   t5, 0x0
core   0: 3 0x8000b84c (0x00000f17) x30 0x8000b84c
core   0: 0x8000b850 (0x7a3f2a23) sw      gp, 1972(t5)
core   0: 3 0x8000b850 (0x7a3f2a23) mem 0x8000c000 0x00000001
core   0: 0x8000b854 (0x0000bfe5) c.j     pc - 8
core   0: 3 0x8000b854 (0xbfe5)
core   0: 0x8000b84c (0x00000f17) auipc   t5, 0x0
core   0: 3 0x8000b84c (0x00000f17) x30 0x8000b84c
core   0: 0x8000b850 (0x7a3f2a23) sw      gp, 1972(t5)
core   0: 3 0x8000b850 (0x7a3f2a23) mem 0x8000c000 0x00000001
core   0: 0x8000b854 (0x0000bfe5) c.j     pc - 8
core   0: 3 0x8000b854 (0xbfe5)
core   0: 0x8000b84c (0x00000f17) auipc   t5, 0x0
core   0: 3 0x8000b84c (0x00000f17) x30 0x8000b84c
core   0: 0x8000b850 (0x7a3f2a23) sw      gp, 1972(t5)
core   0: 3 0x8000b850 (0x7a3f2a23) mem 0x8000c000 0x00000001
core   0: 0x8000b854 (0x0000bfe5) c.j     pc - 8
core   0: 3 0x8000b854 (0xbfe5)
core   0: 0x8000b84c (0x00000f17) auipc   t5, 0x0
core   0: 3 0x8000b84c (0x00000f17) x30 0x8000b84c
core   0: 0x8000b850 (0x7a3f2a23) sw      gp, 1972(t5)
core   0: 3 0x8000b850 (0x7a3f2a23) mem 0x8000c000 0x00000001
core   0: 0x8000b854 (0x0000bfe5) c.j     pc - 8
core   0: 3 0x8000b854 (0xbfe5)
core   0: 0x8000b84c (0x00000f17) auipc   t5, 0x0
core   0: 3 0x8000b84c (0x00000f17) x30 0x8000b84c
core   0: 0x8000b850 (0x7a3f2a23) sw      gp, 1972(t5)
core   0: 3 0x8000b850 (0x7a3f2a23) mem 0x8000c000 0x00000001
core   0: 0x8000b854 (0x0000bfe5) c.j     pc - 8
core   0: 3 0x8000b854 (0xbfe5)
core   0: 0x8000b84c (0x00000f17) auipc   t5, 0x0
core   0: 3 0x8000b84c (0x00000f17) x30 0x8000b84c
core   0: 0x8000b850 (0x7a3f2a23) sw      gp, 1972(t5)
core   0: 3 0x8000b850 (0x7a3f2a23) mem 0x8000c000 0x00000001
core   0: 0x8000b854 (0x0000bfe5) c.j     pc - 8
core   0: 3 0x8000b854 (0xbfe5)
core   0: 0x8000b84c (0x00000f17) auipc   t5, 0x0
core   0: 3 0x8000b84c (0x00000f17) x30 0x8000b84c
core   0: 0x8000b850 (0x7a3f2a23) sw      gp, 1972(t5)
core   0: 3 0x8000b850 (0x7a3f2a23) mem 0x8000c000 0x00000001
core   0: 0x8000b854 (0x0000bfe5) c.j     pc - 8
core   0: 3 0x8000b854 (0xbfe5)
core   0: 0x8000b84c (0x00000f17) auipc   t5, 0x0
core   0: 3 0x8000b84c (0x00000f17) x30 0x8000b84c
core   0: 0x8000b850 (0x7a3f2a23) sw      gp, 1972(t5)
core   0: 3 0x8000b850 (0x7a3f2a23) mem 0x8000c000 0x00000001
core   0: 0x8000b854 (0x0000bfe5) c.j     pc - 8
core   0: 3 0x8000b854 (0xbfe5)
core   0: 0x8000b84c (0x00000f17) auipc   t5, 0x0
core   0: 3 0x8000b84c (0x00000f17) x30 0x8000b84c
core   0: 0x8000b850 (0x7a3f2a23) sw      gp, 1972(t5)
core   0: 3 0x8000b850 (0x7a3f2a23) mem 0x8000c000 0x00000001
core   0: 0x8000b854 (0x0000bfe5) c.j     pc - 8
core   0: 3 0x8000b854 (0xbfe5)
core   0: 0x8000b84c (0x00000f17) auipc   t5, 0x0
core   0: 3 0x8000b84c (0x00000f17) x30 0x8000b84c
core   0: 0x8000b850 (0x7a3f2a23) sw      gp, 1972(t5)
core   0: 3 0x8000b850 (0x7a3f2a23) mem 0x8000c000 0x00000001
core   0: 0x8000b854 (0x0000bfe5) c.j     pc - 8
core   0: 3 0x8000b854 (0xbfe5)
core   0: 0x8000b84c (0x00000f17) auipc   t5, 0x0
core   0: 3 0x8000b84c (0x00000f17) x30 0x8000b84c
core   0: 0x8000b850 (0x7a3f2a23) sw      gp, 1972(t5)
core   0: 3 0x8000b850 (0x7a3f2a23) mem 0x8000c000 0x00000001
core   0: 0x8000b854 (0x0000bfe5) c.j     pc - 8
core   0: 3 0x8000b854 (0xbfe5)
core   0: 0x8000b84c (0x00000f17) auipc   t5, 0x0
core   0: 3 0x8000b84c (0x00000f17) x30 0x8000b84c
core   0: 0x8000b850 (0x7a3f2a23) sw      gp, 1972(t5)
core   0: 3 0x8000b850 (0x7a3f2a23) mem 0x8000c000 0x00000001
core   0: 0x8000b854 (0x0000bfe5) c.j     pc - 8
core   0: 3 0x8000b854 (0xbfe5)
core   0: 0x8000b84c (0x00000f17) auipc   t5, 0x0
core   0: 3 0x8000b84c (0x00000f17) x30 0x8000b84c
core   0: 0x8000b850 (0x7a3f2a23) sw      gp, 1972(t5)
core   0: 3 0x8000b850 (0x7a3f2a23) mem 0x8000c000 0x00000001
core   0: 0x8000b854 (0x0000bfe5) c.j     pc - 8
core   0: 3 0x8000b854 (0xbfe5)
core   0: 0x8000b84c (0x00000f17) auipc   t5, 0x0
core   0: 3 0x8000b84c (0x00000f17) x30 0x8000b84c
core   0: 0x8000b850 (0x7a3f2a23) sw      gp, 1972(t5)
core   0: 3 0x8000b850 (0x7a3f2a23) mem 0x8000c000 0x00000001
core   0: 0x8000b854 (0x0000bfe5) c.j     pc - 8
core   0: 3 0x8000b854 (0xbfe5)
core   0: 0x8000b84c (0x00000f17) auipc   t5, 0x0
core   0: 3 0x8000b84c (0x00000f17) x30 0x8000b84c
core   0: 0x8000b850 (0x7a3f2a23) sw      gp, 1972(t5)
core   0: 3 0x8000b850 (0x7a3f2a23) mem 0x8000c000 0x00000001
core   0: 0x8000b854 (0x0000bfe5) c.j     pc - 8
core   0: 3 0x8000b854 (0xbfe5)
core   0: 0x8000b84c (0x00000f17) auipc   t5, 0x0
core   0: 3 0x8000b84c (0x00000f17) x30 0x8000b84c
core   0: 0x8000b850 (0x7a3f2a23) sw      gp, 1972(t5)
core   0: 3 0x8000b850 (0x7a3f2a23) mem 0x8000c000 0x00000001
core   0: 0x8000b854 (0x0000bfe5) c.j     pc - 8
core   0: 3 0x8000b854 (0xbfe5)
core   0: 0x8000b84c (0x00000f17) auipc   t5, 0x0
core   0: 3 0x8000b84c (0x00000f17) x30 0x8000b84c
core   0: 0x8000b850 (0x7a3f2a23) sw      gp, 1972(t5)
core   0: 3 0x8000b850 (0x7a3f2a23) mem 0x8000c000 0x00000001
core   0: 0x8000b854 (0x0000bfe5) c.j     pc - 8
core   0: 3 0x8000b854 (0xbfe5)
core   0: 0x8000b84c (0x00000f17) auipc   t5, 0x0
core   0: 3 0x8000b84c (0x00000f17) x30 0x8000b84c
core   0: 0x8000b850 (0x7a3f2a23) sw      gp, 1972(t5)
core   0: 3 0x8000b850 (0x7a3f2a23) mem 0x8000c000 0x00000001
core   0: 0x8000b854 (0x0000bfe5) c.j     pc - 8
core   0: 3 0x8000b854 (0xbfe5)
core   0: 0x8000b84c (0x00000f17) auipc   t5, 0x0
core   0: 3 0x8000b84c (0x00000f17) x30 0x8000b84c
core   0: 0x8000b850 (0x7a3f2a23) sw      gp, 1972(t5)
core   0: 3 0x8000b850 (0x7a3f2a23) mem 0x8000c000 0x00000001
core   0: 0x8000b854 (0x0000bfe5) c.j     pc - 8
core   0: 3 0x8000b854 (0xbfe5)
core   0: 0x8000b84c (0x00000f17) auipc   t5, 0x0
core   0: 3 0x8000b84c (0x00000f17) x30 0x8000b84c
core   0: 0x8000b850 (0x7a3f2a23) sw      gp, 1972(t5)
core   0: 3 0x8000b850 (0x7a3f2a23) mem 0x8000c000 0x00000001
core   0: 0x8000b854 (0x0000bfe5) c.j     pc - 8
core   0: 3 0x8000b854 (0xbfe5)
core   0: 0x8000b84c (0x00000f17) auipc   t5, 0x0
core   0: 3 0x8000b84c (0x00000f17) x30 0x8000b84c
core   0: 0x8000b850 (0x7a3f2a23) sw      gp, 1972(t5)
core   0: 3 0x8000b850 (0x7a3f2a23) mem 0x8000c000 0x00000001
core   0: 0x8000b854 (0x0000bfe5) c.j     pc - 8
core   0: 3 0x8000b854 (0xbfe5)
core   0: 0x8000b84c (0x00000f17) auipc   t5, 0x0
core   0: 3 0x8000b84c (0x00000f17) x30 0x8000b84c
core   0: 0x8000b850 (0x7a3f2a23) sw      gp, 1972(t5)
core   0: 3 0x8000b850 (0x7a3f2a23) mem 0x8000c000 0x00000001
core   0: 0x8000b854 (0x0000bfe5) c.j     pc - 8
core   0: 3 0x8000b854 (0xbfe5)
core   0: 0x8000b84c (0x00000f17) auipc   t5, 0x0
core   0: 3 0x8000b84c (0x00000f17) x30 0x8000b84c
core   0: 0x8000b850 (0x7a3f2a23) sw      gp, 1972(t5)
core   0: 3 0x8000b850 (0x7a3f2a23) mem 0x8000c000 0x00000001
core   0: 0x8000b854 (0x0000bfe5) c.j     pc - 8
core   0: 3 0x8000b854 (0xbfe5)
core   0: 0x8000b84c (0x00000f17) auipc   t5, 0x0
core   0: 3 0x8000b84c (0x00000f17) x30 0x8000b84c
core   0: 0x8000b850 (0x7a3f2a23) sw      gp, 1972(t5)
core   0: 3 0x8000b850 (0x7a3f2a23) mem 0x8000c000 0x00000001
core   0: 0x8000b854 (0x0000bfe5) c.j     pc - 8
core   0: 3 0x8000b854 (0xbfe5)
core   0: 0x8000b84c (0x00000f17) auipc   t5, 0x0
core   0: 3 0x8000b84c (0x00000f17) x30 0x8000b84c
core   0: 0x8000b850 (0x7a3f2a23) sw      gp, 1972(t5)
core   0: 3 0x8000b850 (0x7a3f2a23) mem 0x8000c000 0x00000001
core   0: 0x8000b854 (0x0000bfe5) c.j     pc - 8
core   0: 3 0x8000b854 (0xbfe5)
core   0: 0x8000b84c (0x00000f17) auipc   t5, 0x0
core   0: 3 0x8000b84c (0x00000f17) x30 0x8000b84c
core   0: 0x8000b850 (0x7a3f2a23) sw      gp, 1972(t5)
core   0: 3 0x8000b850 (0x7a3f2a23) mem 0x8000c000 0x00000001
core   0: 0x8000b854 (0x0000bfe5) c.j     pc - 8
core   0: 3 0x8000b854 (0xbfe5)
core   0: 0x8000b84c (0x00000f17) auipc   t5, 0x0
core   0: 3 0x8000b84c (0x00000f17) x30 0x8000b84c
core   0: 0x8000b850 (0x7a3f2a23) sw      gp, 1972(t5)
core   0: 3 0x8000b850 (0x7a3f2a23) mem 0x8000c000 0x00000001
core   0: 0x8000b854 (0x0000bfe5) c.j     pc - 8
core   0: 3 0x8000b854 (0xbfe5)
core   0: 0x8000b84c (0x00000f17) auipc   t5, 0x0
core   0: 3 0x8000b84c (0x00000f17) x30 0x8000b84c
core   0: 0x8000b850 (0x7a3f2a23) sw      gp, 1972(t5)
core   0: 3 0x8000b850 (0x7a3f2a23) mem 0x8000c000 0x00000001
core   0: 0x8000b854 (0x0000bfe5) c.j     pc - 8
core   0: 3 0x8000b854 (0xbfe5)
core   0: 0x8000b84c (0x00000f17) auipc   t5, 0x0
core   0: 3 0x8000b84c (0x00000f17) x30 0x8000b84c
core   0: 0x8000b850 (0x7a3f2a23) sw      gp, 1972(t5)
core   0: 3 0x8000b850 (0x7a3f2a23) mem 0x8000c000 0x00000001
core   0: 0x8000b854 (0x0000bfe5) c.j     pc - 8
core   0: 3 0x8000b854 (0xbfe5)
core   0: 0x8000b84c (0x00000f17) auipc   t5, 0x0
core   0: 3 0x8000b84c (0x00000f17) x30 0x8000b84c
core   0: 0x8000b850 (0x7a3f2a23) sw      gp, 1972(t5)
core   0: 3 0x8000b850 (0x7a3f2a23) mem 0x8000c000 0x00000001
core   0: 0x8000b854 (0x0000bfe5) c.j     pc - 8
core   0: 3 0x8000b854 (0xbfe5)
core   0: 0x8000b84c (0x00000f17) auipc   t5, 0x0
core   0: 3 0x8000b84c (0x00000f17) x30 0x8000b84c
core   0: 0x8000b850 (0x7a3f2a23) sw      gp, 1972(t5)
core   0: 3 0x8000b850 (0x7a3f2a23) mem 0x8000c000 0x00000001
core   0: 0x8000b854 (0x0000bfe5) c.j     pc - 8
core   0: 3 0x8000b854 (0xbfe5)
core   0: 0x8000b84c (0x00000f17) auipc   t5, 0x0
core   0: 3 0x8000b84c (0x00000f17) x30 0x8000b84c
core   0: 0x8000b850 (0x7a3f2a23) sw      gp, 1972(t5)
core   0: 3 0x8000b850 (0x7a3f2a23) mem 0x8000c000 0x00000001
core   0: 0x8000b854 (0x0000bfe5) c.j     pc - 8
core   0: 3 0x8000b854 (0xbfe5)
core   0: 0x8000b84c (0x00000f17) auipc   t5, 0x0
core   0: 3 0x8000b84c (0x00000f17) x30 0x8000b84c
core   0: 0x8000b850 (0x7a3f2a23) sw      gp, 1972(t5)
core   0: 3 0x8000b850 (0x7a3f2a23) mem 0x8000c000 0x00000001
core   0: 0x8000b854 (0x0000bfe5) c.j     pc - 8
core   0: 3 0x8000b854 (0xbfe5)
core   0: 0x8000b84c (0x00000f17) auipc   t5, 0x0
core   0: 3 0x8000b84c (0x00000f17) x30 0x8000b84c
core   0: 0x8000b850 (0x7a3f2a23) sw      gp, 1972(t5)
core   0: 3 0x8000b850 (0x7a3f2a23) mem 0x8000c000 0x00000001
core   0: 0x8000b854 (0x0000bfe5) c.j     pc - 8
core   0: 3 0x8000b854 (0xbfe5)
core   0: 0x8000b84c (0x00000f17) auipc   t5, 0x0
core   0: 3 0x8000b84c (0x00000f17) x30 0x8000b84c
core   0: 0x8000b850 (0x7a3f2a23) sw      gp, 1972(t5)
core   0: 3 0x8000b850 (0x7a3f2a23) mem 0x8000c000 0x00000001
core   0: 0x8000b854 (0x0000bfe5) c.j     pc - 8
core   0: 3 0x8000b854 (0xbfe5)
core   0: 0x8000b84c (0x00000f17) auipc   t5, 0x0
core   0: 3 0x8000b84c (0x00000f17) x30 0x8000b84c
core   0: 0x8000b850 (0x7a3f2a23) sw      gp, 1972(t5)
core   0: 3 0x8000b850 (0x7a3f2a23) mem 0x8000c000 0x00000001
core   0: 0x8000b854 (0x0000bfe5) c.j     pc - 8
core   0: 3 0x8000b854 (0xbfe5)
core   0: 0x8000b84c (0x00000f17) auipc   t5, 0x0
core   0: 3 0x8000b84c (0x00000f17) x30 0x8000b84c
core   0: 0x8000b850 (0x7a3f2a23) sw      gp, 1972(t5)
core   0: 3 0x8000b850 (0x7a3f2a23) mem 0x8000c000 0x00000001
core   0: 0x8000b854 (0x0000bfe5) c.j     pc - 8
core   0: 3 0x8000b854 (0xbfe5)
core   0: 0x8000b84c (0x00000f17) auipc   t5, 0x0
core   0: 3 0x8000b84c (0x00000f17) x30 0x8000b84c
core   0: 0x8000b850 (0x7a3f2a23) sw      gp, 1972(t5)
core   0: 3 0x8000b850 (0x7a3f2a23) mem 0x8000c000 0x00000001
core   0: 0x8000b854 (0x0000bfe5) c.j     pc - 8
core   0: 3 0x8000b854 (0xbfe5)
core   0: 0x8000b84c (0x00000f17) auipc   t5, 0x0
core   0: 3 0x8000b84c (0x00000f17) x30 0x8000b84c
core   0: 0x8000b850 (0x7a3f2a23) sw      gp, 1972(t5)
core   0: 3 0x8000b850 (0x7a3f2a23) mem 0x8000c000 0x00000001
core   0: 0x8000b854 (0x0000bfe5) c.j     pc - 8
core   0: 3 0x8000b854 (0xbfe5)
core   0: 0x8000b84c (0x00000f17) auipc   t5, 0x0
core   0: 3 0x8000b84c (0x00000f17) x30 0x8000b84c
core   0: 0x8000b850 (0x7a3f2a23) sw      gp, 1972(t5)
core   0: 3 0x8000b850 (0x7a3f2a23) mem 0x8000c000 0x00000001
core   0: 0x8000b854 (0x0000bfe5) c.j     pc - 8
core   0: 3 0x8000b854 (0xbfe5)
core   0: 0x8000b84c (0x00000f17) auipc   t5, 0x0
core   0: 3 0x8000b84c (0x00000f17) x30 0x8000b84c
core   0: 0x8000b850 (0x7a3f2a23) sw      gp, 1972(t5)
core   0: 3 0x8000b850 (0x7a3f2a23) mem 0x8000c000 0x00000001
core   0: 0x8000b854 (0x0000bfe5) c.j     pc - 8
core   0: 3 0x8000b854 (0xbfe5)
core   0: 0x8000b84c (0x00000f17) auipc   t5, 0x0
core   0: 3 0x8000b84c (0x00000f17) x30 0x8000b84c
core   0: 0x8000b850 (0x7a3f2a23) sw      gp, 1972(t5)
core   0: 3 0x8000b850 (0x7a3f2a23) mem 0x8000c000 0x00000001
core   0: 0x8000b854 (0x0000bfe5) c.j     pc - 8
core   0: 3 0x8000b854 (0xbfe5)
core   0: 0x8000b84c (0x00000f17) auipc   t5, 0x0
core   0: 3 0x8000b84c (0x00000f17) x30 0x8000b84c
core   0: 0x8000b850 (0x7a3f2a23) sw      gp, 1972(t5)
core   0: 3 0x8000b850 (0x7a3f2a23) mem 0x8000c000 0x00000001
core   0: 0x8000b854 (0x0000bfe5) c.j     pc - 8
core   0: 3 0x8000b854 (0xbfe5)
core   0: 0x8000b84c (0x00000f17) auipc   t5, 0x0
core   0: 3 0x8000b84c (0x00000f17) x30 0x8000b84c
core   0: 0x8000b850 (0x7a3f2a23) sw      gp, 1972(t5)
core   0: 3 0x8000b850 (0x7a3f2a23) mem 0x8000c000 0x00000001
core   0: 0x8000b854 (0x0000bfe5) c.j     pc - 8
core   0: 3 0x8000b854 (0xbfe5)
core   0: 0x8000b84c (0x00000f17) auipc   t5, 0x0
core   0: 3 0x8000b84c (0x00000f17) x30 0x8000b84c
core   0: 0x8000b850 (0x7a3f2a23) sw      gp, 1972(t5)
core   0: 3 0x8000b850 (0x7a3f2a23) mem 0x8000c000 0x00000001
core   0: 0x8000b854 (0x0000bfe5) c.j     pc - 8
core   0: 3 0x8000b854 (0xbfe5)
core   0: 0x8000b84c (0x00000f17) auipc   t5, 0x0
core   0: 3 0x8000b84c (0x00000f17) x30 0x8000b84c
core   0: 0x8000b850 (0x7a3f2a23) sw      gp, 1972(t5)
core   0: 3 0x8000b850 (0x7a3f2a23) mem 0x8000c000 0x00000001
core   0: 0x8000b854 (0x0000bfe5) c.j     pc - 8
core   0: 3 0x8000b854 (0xbfe5)
core   0: 0x8000b84c (0x00000f17) auipc   t5, 0x0
core   0: 3 0x8000b84c (0x00000f17) x30 0x8000b84c
core   0: 0x8000b850 (0x7a3f2a23) sw      gp, 1972(t5)
core   0: 3 0x8000b850 (0x7a3f2a23) mem 0x8000c000 0x00000001
core   0: 0x8000b854 (0x0000bfe5) c.j     pc - 8
core   0: 3 0x8000b854 (0xbfe5)
core   0: 0x8000b84c (0x00000f17) auipc   t5, 0x0
core   0: 3 0x8000b84c (0x00000f17) x30 0x8000b84c
core   0: 0x8000b850 (0x7a3f2a23) sw      gp, 1972(t5)
core   0: 3 0x8000b850 (0x7a3f2a23) mem 0x8000c000 0x00000001
core   0: 0x8000b854 (0x0000bfe5) c.j     pc - 8
core   0: 3 0x8000b854 (0xbfe5)
core   0: 0x8000b84c (0x00000f17) auipc   t5, 0x0
core   0: 3 0x8000b84c (0x00000f17) x30 0x8000b84c
core   0: 0x8000b850 (0x7a3f2a23) sw      gp, 1972(t5)
core   0: 3 0x8000b850 (0x7a3f2a23) mem 0x8000c000 0x00000001
core   0: 0x8000b854 (0x0000bfe5) c.j     pc - 8
core   0: 3 0x8000b854 (0xbfe5)
core   0: 0x8000b84c (0x00000f17) auipc   t5, 0x0
core   0: 3 0x8000b84c (0x00000f17) x30 0x8000b84c
core   0: 0x8000b850 (0x7a3f2a23) sw      gp, 1972(t5)
core   0: 3 0x8000b850 (0x7a3f2a23) mem 0x8000c000 0x00000001
core   0: 0x8000b854 (0x0000bfe5) c.j     pc - 8
core   0: 3 0x8000b854 (0xbfe5)
core   0: 0x8000b84c (0x00000f17) auipc   t5, 0x0
core   0: 3 0x8000b84c (0x00000f17) x30 0x8000b84c
core   0: 0x8000b850 (0x7a3f2a23) sw      gp, 1972(t5)
core   0: 3 0x8000b850 (0x7a3f2a23) mem 0x8000c000 0x00000001
core   0: 0x8000b854 (0x0000bfe5) c.j     pc - 8
core   0: 3 0x8000b854 (0xbfe5)
core   0: 0x8000b84c (0x00000f17) auipc   t5, 0x0
core   0: 3 0x8000b84c (0x00000f17) x30 0x8000b84c
core   0: 0x8000b850 (0x7a3f2a23) sw      gp, 1972(t5)
core   0: 3 0x8000b850 (0x7a3f2a23) mem 0x8000c000 0x00000001
core   0: 0x8000b854 (0x0000bfe5) c.j     pc - 8
core   0: 3 0x8000b854 (0xbfe5)
core   0: 0x8000b84c (0x00000f17) auipc   t5, 0x0
core   0: 3 0x8000b84c (0x00000f17) x30 0x8000b84c
core   0: 0x8000b850 (0x7a3f2a23) sw      gp, 1972(t5)
core   0: 3 0x8000b850 (0x7a3f2a23) mem 0x8000c000 0x00000001
core   0: 0x8000b854 (0x0000bfe5) c.j     pc - 8
core   0: 3 0x8000b854 (0xbfe5)
core   0: 0x8000b84c (0x00000f17) auipc   t5, 0x0
core   0: 3 0x8000b84c (0x00000f17) x30 0x8000b84c
core   0: 0x8000b850 (0x7a3f2a23) sw      gp, 1972(t5)
core   0: 3 0x8000b850 (0x7a3f2a23) mem 0x8000c000 0x00000001
core   0: 0x8000b854 (0x0000bfe5) c.j     pc - 8
core   0: 3 0x8000b854 (0xbfe5)
core   0: 0x8000b84c (0x00000f17) auipc   t5, 0x0
core   0: 3 0x8000b84c (0x00000f17) x30 0x8000b84c
core   0: 0x8000b850 (0x7a3f2a23) sw      gp, 1972(t5)
core   0: 3 0x8000b850 (0x7a3f2a23) mem 0x8000c000 0x00000001
core   0: 0x8000b854 (0x0000bfe5) c.j     pc - 8
core   0: 3 0x8000b854 (0xbfe5)
core   0: 0x8000b84c (0x00000f17) auipc   t5, 0x0
core   0: 3 0x8000b84c (0x00000f17) x30 0x8000b84c
core   0: 0x8000b850 (0x7a3f2a23) sw      gp, 1972(t5)
core   0: 3 0x8000b850 (0x7a3f2a23) mem 0x8000c000 0x00000001
core   0: 0x8000b854 (0x0000bfe5) c.j     pc - 8
core   0: 3 0x8000b854 (0xbfe5)
core   0: 0x8000b84c (0x00000f17) auipc   t5, 0x0
core   0: 3 0x8000b84c (0x00000f17) x30 0x8000b84c
core   0: 0x8000b850 (0x7a3f2a23) sw      gp, 1972(t5)
core   0: 3 0x8000b850 (0x7a3f2a23) mem 0x8000c000 0x00000001
core   0: 0x8000b854 (0x0000bfe5) c.j     pc - 8
core   0: 3 0x8000b854 (0xbfe5)
core   0: 0x8000b84c (0x00000f17) auipc   t5, 0x0
core   0: 3 0x8000b84c (0x00000f17) x30 0x8000b84c
core   0: 0x8000b850 (0x7a3f2a23) sw      gp, 1972(t5)
core   0: 3 0x8000b850 (0x7a3f2a23) mem 0x8000c000 0x00000001
core   0: 0x8000b854 (0x0000bfe5) c.j     pc - 8
core   0: 3 0x8000b854 (0xbfe5)
core   0: 0x8000b84c (0x00000f17) auipc   t5, 0x0
core   0: 3 0x8000b84c (0x00000f17) x30 0x8000b84c
core   0: 0x8000b850 (0x7a3f2a23) sw      gp, 1972(t5)
core   0: 3 0x8000b850 (0x7a3f2a23) mem 0x8000c000 0x00000001
core   0: 0x8000b854 (0x0000bfe5) c.j     pc - 8
core   0: 3 0x8000b854 (0xbfe5)
core   0: 0x8000b84c (0x00000f17) auipc   t5, 0x0
core   0: 3 0x8000b84c (0x00000f17) x30 0x8000b84c
core   0: 0x8000b850 (0x7a3f2a23) sw      gp, 1972(t5)
core   0: 3 0x8000b850 (0x7a3f2a23) mem 0x8000c000 0x00000001
core   0: 0x8000b854 (0x0000bfe5) c.j     pc - 8
core   0: 3 0x8000b854 (0xbfe5)
core   0: 0x8000b84c (0x00000f17) auipc   t5, 0x0
core   0: 3 0x8000b84c (0x00000f17) x30 0x8000b84c
core   0: 0x8000b850 (0x7a3f2a23) sw      gp, 1972(t5)
core   0: 3 0x8000b850 (0x7a3f2a23) mem 0x8000c000 0x00000001
core   0: 0x8000b854 (0x0000bfe5) c.j     pc - 8
core   0: 3 0x8000b854 (0xbfe5)
core   0: 0x8000b84c (0x00000f17) auipc   t5, 0x0
core   0: 3 0x8000b84c (0x00000f17) x30 0x8000b84c
core   0: 0x8000b850 (0x7a3f2a23) sw      gp, 1972(t5)
core   0: 3 0x8000b850 (0x7a3f2a23) mem 0x8000c000 0x00000001
core   0: 0x8000b854 (0x0000bfe5) c.j     pc - 8
core   0: 3 0x8000b854 (0xbfe5)
core   0: 0x8000b84c (0x00000f17) auipc   t5, 0x0
core   0: 3 0x8000b84c (0x00000f17) x30 0x8000b84c
core   0: 0x8000b850 (0x7a3f2a23) sw      gp, 1972(t5)
core   0: 3 0x8000b850 (0x7a3f2a23) mem 0x8000c000 0x00000001
core   0: 0x8000b854 (0x0000bfe5) c.j     pc - 8
core   0: 3 0x8000b854 (0xbfe5)
core   0: 0x8000b84c (0x00000f17) auipc   t5, 0x0
core   0: 3 0x8000b84c (0x00000f17) x30 0x8000b84c
core   0: 0x8000b850 (0x7a3f2a23) sw      gp, 1972(t5)
core   0: 3 0x8000b850 (0x7a3f2a23) mem 0x8000c000 0x00000001
core   0: 0x8000b854 (0x0000bfe5) c.j     pc - 8
core   0: 3 0x8000b854 (0xbfe5)
core   0: 0x8000b84c (0x00000f17) auipc   t5, 0x0
core   0: 3 0x8000b84c (0x00000f17) x30 0x8000b84c
core   0: 0x8000b850 (0x7a3f2a23) sw      gp, 1972(t5)
core   0: 3 0x8000b850 (0x7a3f2a23) mem 0x8000c000 0x00000001
core   0: 0x8000b854 (0x0000bfe5) c.j     pc - 8
core   0: 3 0x8000b854 (0xbfe5)
core   0: 0x8000b84c (0x00000f17) auipc   t5, 0x0
core   0: 3 0x8000b84c (0x00000f17) x30 0x8000b84c
core   0: 0x8000b850 (0x7a3f2a23) sw      gp, 1972(t5)
core   0: 3 0x8000b850 (0x7a3f2a23) mem 0x8000c000 0x00000001
core   0: 0x8000b854 (0x0000bfe5) c.j     pc - 8
core   0: 3 0x8000b854 (0xbfe5)
core   0: 0x8000b84c (0x00000f17) auipc   t5, 0x0
core   0: 3 0x8000b84c (0x00000f17) x30 0x8000b84c
core   0: 0x8000b850 (0x7a3f2a23) sw      gp, 1972(t5)
core   0: 3 0x8000b850 (0x7a3f2a23) mem 0x8000c000 0x00000001
core   0: 0x8000b854 (0x0000bfe5) c.j     pc - 8
core   0: 3 0x8000b854 (0xbfe5)
core   0: 0x8000b84c (0x00000f17) auipc   t5, 0x0
core   0: 3 0x8000b84c (0x00000f17) x30 0x8000b84c
core   0: 0x8000b850 (0x7a3f2a23) sw      gp, 1972(t5)
core   0: 3 0x8000b850 (0x7a3f2a23) mem 0x8000c000 0x00000001
core   0: 0x8000b854 (0x0000bfe5) c.j     pc - 8
core   0: 3 0x8000b854 (0xbfe5)
core   0: 0x8000b84c (0x00000f17) auipc   t5, 0x0
core   0: 3 0x8000b84c (0x00000f17) x30 0x8000b84c
core   0: 0x8000b850 (0x7a3f2a23) sw      gp, 1972(t5)
core   0: 3 0x8000b850 (0x7a3f2a23) mem 0x8000c000 0x00000001
core   0: 0x8000b854 (0x0000bfe5) c.j     pc - 8
core   0: 3 0x8000b854 (0xbfe5)
core   0: 0x8000b84c (0x00000f17) auipc   t5, 0x0
core   0: 3 0x8000b84c (0x00000f17) x30 0x8000b84c
core   0: 0x8000b850 (0x7a3f2a23) sw      gp, 1972(t5)
core   0: 3 0x8000b850 (0x7a3f2a23) mem 0x8000c000 0x00000001
core   0: 0x8000b854 (0x0000bfe5) c.j     pc - 8
core   0: 3 0x8000b854 (0xbfe5)
core   0: 0x8000b84c (0x00000f17) auipc   t5, 0x0
core   0: 3 0x8000b84c (0x00000f17) x30 0x8000b84c
core   0: 0x8000b850 (0x7a3f2a23) sw      gp, 1972(t5)
core   0: 3 0x8000b850 (0x7a3f2a23) mem 0x8000c000 0x00000001
core   0: 0x8000b854 (0x0000bfe5) c.j     pc - 8
core   0: 3 0x8000b854 (0xbfe5)
core   0: 0x8000b84c (0x00000f17) auipc   t5, 0x0
core   0: 3 0x8000b84c (0x00000f17) x30 0x8000b84c
core   0: 0x8000b850 (0x7a3f2a23) sw      gp, 1972(t5)
core   0: 3 0x8000b850 (0x7a3f2a23) mem 0x8000c000 0x00000001
core   0: 0x8000b854 (0x0000bfe5) c.j     pc - 8
core   0: 3 0x8000b854 (0xbfe5)
core   0: 0x8000b84c (0x00000f17) auipc   t5, 0x0
core   0: 3 0x8000b84c (0x00000f17) x30 0x8000b84c
core   0: 0x8000b850 (0x7a3f2a23) sw      gp, 1972(t5)
core   0: 3 0x8000b850 (0x7a3f2a23) mem 0x8000c000 0x00000001
core   0: 0x8000b854 (0x0000bfe5) c.j     pc - 8
core   0: 3 0x8000b854 (0xbfe5)
core   0: 0x8000b84c (0x00000f17) auipc   t5, 0x0
core   0: 3 0x8000b84c (0x00000f17) x30 0x8000b84c
core   0: 0x8000b850 (0x7a3f2a23) sw      gp, 1972(t5)
core   0: 3 0x8000b850 (0x7a3f2a23) mem 0x8000c000 0x00000001
core   0: 0x8000b854 (0x0000bfe5) c.j     pc - 8
core   0: 3 0x8000b854 (0xbfe5)
core   0: 0x8000b84c (0x00000f17) auipc   t5, 0x0
core   0: 3 0x8000b84c (0x00000f17) x30 0x8000b84c
core   0: 0x8000b850 (0x7a3f2a23) sw      gp, 1972(t5)
core   0: 3 0x8000b850 (0x7a3f2a23) mem 0x8000c000 0x00000001
core   0: 0x8000b854 (0x0000bfe5) c.j     pc - 8
core   0: 3 0x8000b854 (0xbfe5)
core   0: 0x8000b84c (0x00000f17) auipc   t5, 0x0
core   0: 3 0x8000b84c (0x00000f17) x30 0x8000b84c
core   0: 0x8000b850 (0x7a3f2a23) sw      gp, 1972(t5)
core   0: 3 0x8000b850 (0x7a3f2a23) mem 0x8000c000 0x00000001
core   0: 0x8000b854 (0x0000bfe5) c.j     pc - 8
core   0: 3 0x8000b854 (0xbfe5)
core   0: 0x8000b84c (0x00000f17) auipc   t5, 0x0
core   0: 3 0x8000b84c (0x00000f17) x30 0x8000b84c
core   0: 0x8000b850 (0x7a3f2a23) sw      gp, 1972(t5)
core   0: 3 0x8000b850 (0x7a3f2a23) mem 0x8000c000 0x00000001
core   0: 0x8000b854 (0x0000bfe5) c.j     pc - 8
core   0: 3 0x8000b854 (0xbfe5)
core   0: 0x8000b84c (0x00000f17) auipc   t5, 0x0
core   0: 3 0x8000b84c (0x00000f17) x30 0x8000b84c
core   0: 0x8000b850 (0x7a3f2a23) sw      gp, 1972(t5)
core   0: 3 0x8000b850 (0x7a3f2a23) mem 0x8000c000 0x00000001
core   0: 0x8000b854 (0x0000bfe5) c.j     pc - 8
core   0: 3 0x8000b854 (0xbfe5)
core   0: 0x8000b84c (0x00000f17) auipc   t5, 0x0
core   0: 3 0x8000b84c (0x00000f17) x30 0x8000b84c
core   0: 0x8000b850 (0x7a3f2a23) sw      gp, 1972(t5)
core   0: 3 0x8000b850 (0x7a3f2a23) mem 0x8000c000 0x00000001
core   0: 0x8000b854 (0x0000bfe5) c.j     pc - 8
core   0: 3 0x8000b854 (0xbfe5)
core   0: 0x8000b84c (0x00000f17) auipc   t5, 0x0
core   0: 3 0x8000b84c (0x00000f17) x30 0x8000b84c
core   0: 0x8000b850 (0x7a3f2a23) sw      gp, 1972(t5)
core   0: 3 0x8000b850 (0x7a3f2a23) mem 0x8000c000 0x00000001
core   0: 0x8000b854 (0x0000bfe5) c.j     pc - 8
core   0: 3 0x8000b854 (0xbfe5)
core   0: 0x8000b84c (0x00000f17) auipc   t5, 0x0
core   0: 3 0x8000b84c (0x00000f17) x30 0x8000b84c
core   0: 0x8000b850 (0x7a3f2a23) sw      gp, 1972(t5)
core   0: 3 0x8000b850 (0x7a3f2a23) mem 0x8000c000 0x00000001
core   0: 0x8000b854 (0x0000bfe5) c.j     pc - 8
core   0: 3 0x8000b854 (0xbfe5)
core   0: 0x8000b84c (0x00000f17) auipc   t5, 0x0
core   0: 3 0x8000b84c (0x00000f17) x30 0x8000b84c
core   0: 0x8000b850 (0x7a3f2a23) sw      gp, 1972(t5)
core   0: 3 0x8000b850 (0x7a3f2a23) mem 0x8000c000 0x00000001
core   0: 0x8000b854 (0x0000bfe5) c.j     pc - 8
core   0: 3 0x8000b854 (0xbfe5)
core   0: 0x8000b84c (0x00000f17) auipc   t5, 0x0
core   0: 3 0x8000b84c (0x00000f17) x30 0x8000b84c
core   0: 0x8000b850 (0x7a3f2a23) sw      gp, 1972(t5)
core   0: 3 0x8000b850 (0x7a3f2a23) mem 0x8000c000 0x00000001
core   0: 0x8000b854 (0x0000bfe5) c.j     pc - 8
core   0: 3 0x8000b854 (0xbfe5)
core   0: 0x8000b84c (0x00000f17) auipc   t5, 0x0
core   0: 3 0x8000b84c (0x00000f17) x30 0x8000b84c
core   0: 0x8000b850 (0x7a3f2a23) sw      gp, 1972(t5)
core   0: 3 0x8000b850 (0x7a3f2a23) mem 0x8000c000 0x00000001
core   0: 0x8000b854 (0x0000bfe5) c.j     pc - 8
core   0: 3 0x8000b854 (0xbfe5)
core   0: 0x8000b84c (0x00000f17) auipc   t5, 0x0
core   0: 3 0x8000b84c (0x00000f17) x30 0x8000b84c
core   0: 0x8000b850 (0x7a3f2a23) sw      gp, 1972(t5)
core   0: 3 0x8000b850 (0x7a3f2a23) mem 0x8000c000 0x00000001
core   0: 0x8000b854 (0x0000bfe5) c.j     pc - 8
core   0: 3 0x8000b854 (0xbfe5)
core   0: 0x8000b84c (0x00000f17) auipc   t5, 0x0
core   0: 3 0x8000b84c (0x00000f17) x30 0x8000b84c
core   0: 0x8000b850 (0x7a3f2a23) sw      gp, 1972(t5)
core   0: 3 0x8000b850 (0x7a3f2a23) mem 0x8000c000 0x00000001
core   0: 0x8000b854 (0x0000bfe5) c.j     pc - 8
core   0: 3 0x8000b854 (0xbfe5)
core   0: 0x8000b84c (0x00000f17) auipc   t5, 0x0
core   0: 3 0x8000b84c (0x00000f17) x30 0x8000b84c
core   0: 0x8000b850 (0x7a3f2a23) sw      gp, 1972(t5)
core   0: 3 0x8000b850 (0x7a3f2a23) mem 0x8000c000 0x00000001
core   0: 0x8000b854 (0x0000bfe5) c.j     pc - 8
core   0: 3 0x8000b854 (0xbfe5)
core   0: 0x8000b84c (0x00000f17) auipc   t5, 0x0
core   0: 3 0x8000b84c (0x00000f17) x30 0x8000b84c
core   0: 0x8000b850 (0x7a3f2a23) sw      gp, 1972(t5)
core   0: 3 0x8000b850 (0x7a3f2a23) mem 0x8000c000 0x00000001
core   0: 0x8000b854 (0x0000bfe5) c.j     pc - 8
core   0: 3 0x8000b854 (0xbfe5)
core   0: 0x8000b84c (0x00000f17) auipc   t5, 0x0
core   0: 3 0x8000b84c (0x00000f17) x30 0x8000b84c
core   0: 0x8000b850 (0x7a3f2a23) sw      gp, 1972(t5)
core   0: 3 0x8000b850 (0x7a3f2a23) mem 0x8000c000 0x00000001
core   0: 0x8000b854 (0x0000bfe5) c.j     pc - 8
core   0: 3 0x8000b854 (0xbfe5)
core   0: 0x8000b84c (0x00000f17) auipc   t5, 0x0
core   0: 3 0x8000b84c (0x00000f17) x30 0x8000b84c
core   0: 0x8000b850 (0x7a3f2a23) sw      gp, 1972(t5)
core   0: 3 0x8000b850 (0x7a3f2a23) mem 0x8000c000 0x00000001
core   0: 0x8000b854 (0x0000bfe5) c.j     pc - 8
core   0: 3 0x8000b854 (0xbfe5)
core   0: 0x8000b84c (0x00000f17) auipc   t5, 0x0
core   0: 3 0x8000b84c (0x00000f17) x30 0x8000b84c
core   0: 0x8000b850 (0x7a3f2a23) sw      gp, 1972(t5)
core   0: 3 0x8000b850 (0x7a3f2a23) mem 0x8000c000 0x00000001
core   0: 0x8000b854 (0x0000bfe5) c.j     pc - 8
core   0: 3 0x8000b854 (0xbfe5)
core   0: 0x8000b84c (0x00000f17) auipc   t5, 0x0
core   0: 3 0x8000b84c (0x00000f17) x30 0x8000b84c
core   0: 0x8000b850 (0x7a3f2a23) sw      gp, 1972(t5)
core   0: 3 0x8000b850 (0x7a3f2a23) mem 0x8000c000 0x00000001
core   0: 0x8000b854 (0x0000bfe5) c.j     pc - 8
core   0: 3 0x8000b854 (0xbfe5)
core   0: 0x8000b84c (0x00000f17) auipc   t5, 0x0
core   0: 3 0x8000b84c (0x00000f17) x30 0x8000b84c
core   0: 0x8000b850 (0x7a3f2a23) sw      gp, 1972(t5)
core   0: 3 0x8000b850 (0x7a3f2a23) mem 0x8000c000 0x00000001
core   0: 0x8000b854 (0x0000bfe5) c.j     pc - 8
core   0: 3 0x8000b854 (0xbfe5)
core   0: 0x8000b84c (0x00000f17) auipc   t5, 0x0
core   0: 3 0x8000b84c (0x00000f17) x30 0x8000b84c
core   0: 0x8000b850 (0x7a3f2a23) sw      gp, 1972(t5)
core   0: 3 0x8000b850 (0x7a3f2a23) mem 0x8000c000 0x00000001
core   0: 0x8000b854 (0x0000bfe5) c.j     pc - 8
core   0: 3 0x8000b854 (0xbfe5)
core   0: 0x8000b84c (0x00000f17) auipc   t5, 0x0
core   0: 3 0x8000b84c (0x00000f17) x30 0x8000b84c
core   0: 0x8000b850 (0x7a3f2a23) sw      gp, 1972(t5)
core   0: 3 0x8000b850 (0x7a3f2a23) mem 0x8000c000 0x00000001
core   0: 0x8000b854 (0x0000bfe5) c.j     pc - 8
core   0: 3 0x8000b854 (0xbfe5)
core   0: 0x8000b84c (0x00000f17) auipc   t5, 0x0
core   0: 3 0x8000b84c (0x00000f17) x30 0x8000b84c
core   0: 0x8000b850 (0x7a3f2a23) sw      gp, 1972(t5)
core   0: 3 0x8000b850 (0x7a3f2a23) mem 0x8000c000 0x00000001
core   0: 0x8000b854 (0x0000bfe5) c.j     pc - 8
core   0: 3 0x8000b854 (0xbfe5)
core   0: 0x8000b84c (0x00000f17) auipc   t5, 0x0
core   0: 3 0x8000b84c (0x00000f17) x30 0x8000b84c
core   0: 0x8000b850 (0x7a3f2a23) sw      gp, 1972(t5)
core   0: 3 0x8000b850 (0x7a3f2a23) mem 0x8000c000 0x00000001
core   0: 0x8000b854 (0x0000bfe5) c.j     pc - 8
core   0: 3 0x8000b854 (0xbfe5)
core   0: 0x8000b84c (0x00000f17) auipc   t5, 0x0
core   0: 3 0x8000b84c (0x00000f17) x30 0x8000b84c
core   0: 0x8000b850 (0x7a3f2a23) sw      gp, 1972(t5)
core   0: 3 0x8000b850 (0x7a3f2a23) mem 0x8000c000 0x00000001
core   0: 0x8000b854 (0x0000bfe5) c.j     pc - 8
core   0: 3 0x8000b854 (0xbfe5)
core   0: 0x8000b84c (0x00000f17) auipc   t5, 0x0
core   0: 3 0x8000b84c (0x00000f17) x30 0x8000b84c
core   0: 0x8000b850 (0x7a3f2a23) sw      gp, 1972(t5)
core   0: 3 0x8000b850 (0x7a3f2a23) mem 0x8000c000 0x00000001
core   0: 0x8000b854 (0x0000bfe5) c.j     pc - 8
core   0: 3 0x8000b854 (0xbfe5)
core   0: 0x8000b84c (0x00000f17) auipc   t5, 0x0
core   0: 3 0x8000b84c (0x00000f17) x30 0x8000b84c
core   0: 0x8000b850 (0x7a3f2a23) sw      gp, 1972(t5)
core   0: 3 0x8000b850 (0x7a3f2a23) mem 0x8000c000 0x00000001
core   0: 0x8000b854 (0x0000bfe5) c.j     pc - 8
core   0: 3 0x8000b854 (0xbfe5)
core   0: 0x8000b84c (0x00000f17) auipc   t5, 0x0
core   0: 3 0x8000b84c (0x00000f17) x30 0x8000b84c
core   0: 0x8000b850 (0x7a3f2a23) sw      gp, 1972(t5)
core   0: 3 0x8000b850 (0x7a3f2a23) mem 0x8000c000 0x00000001
core   0: 0x8000b854 (0x0000bfe5) c.j     pc - 8
core   0: 3 0x8000b854 (0xbfe5)
core   0: 0x8000b84c (0x00000f17) auipc   t5, 0x0
core   0: 3 0x8000b84c (0x00000f17) x30 0x8000b84c
core   0: 0x8000b850 (0x7a3f2a23) sw      gp, 1972(t5)
core   0: 3 0x8000b850 (0x7a3f2a23) mem 0x8000c000 0x00000001
core   0: 0x8000b854 (0x0000bfe5) c.j     pc - 8
core   0: 3 0x8000b854 (0xbfe5)
core   0: 0x8000b84c (0x00000f17) auipc   t5, 0x0
core   0: 3 0x8000b84c (0x00000f17) x30 0x8000b84c
core   0: 0x8000b850 (0x7a3f2a23) sw      gp, 1972(t5)
core   0: 3 0x8000b850 (0x7a3f2a23) mem 0x8000c000 0x00000001
core   0: 0x8000b854 (0x0000bfe5) c.j     pc - 8
core   0: 3 0x8000b854 (0xbfe5)
core   0: 0x8000b84c (0x00000f17) auipc   t5, 0x0
core   0: 3 0x8000b84c (0x00000f17) x30 0x8000b84c
core   0: 0x8000b850 (0x7a3f2a23) sw      gp, 1972(t5)
core   0: 3 0x8000b850 (0x7a3f2a23) mem 0x8000c000 0x00000001
core   0: 0x8000b854 (0x0000bfe5) c.j     pc - 8
core   0: 3 0x8000b854 (0xbfe5)
core   0: 0x8000b84c (0x00000f17) auipc   t5, 0x0
core   0: 3 0x8000b84c (0x00000f17) x30 0x8000b84c
core   0: 0x8000b850 (0x7a3f2a23) sw      gp, 1972(t5)
core   0: 3 0x8000b850 (0x7a3f2a23) mem 0x8000c000 0x00000001
core   0: 0x8000b854 (0x0000bfe5) c.j     pc - 8
core   0: 3 0x8000b854 (0xbfe5)
core   0: 0x8000b84c (0x00000f17) auipc   t5, 0x0
core   0: 3 0x8000b84c (0x00000f17) x30 0x8000b84c
core   0: 0x8000b850 (0x7a3f2a23) sw      gp, 1972(t5)
core   0: 3 0x8000b850 (0x7a3f2a23) mem 0x8000c000 0x00000001
core   0: 0x8000b854 (0x0000bfe5) c.j     pc - 8
core   0: 3 0x8000b854 (0xbfe5)
core   0: 0x8000b84c (0x00000f17) auipc   t5, 0x0
core   0: 3 0x8000b84c (0x00000f17) x30 0x8000b84c
core   0: 0x8000b850 (0x7a3f2a23) sw      gp, 1972(t5)
core   0: 3 0x8000b850 (0x7a3f2a23) mem 0x8000c000 0x00000001
core   0: 0x8000b854 (0x0000bfe5) c.j     pc - 8
core   0: 3 0x8000b854 (0xbfe5)
core   0: 0x8000b84c (0x00000f17) auipc   t5, 0x0
core   0: 3 0x8000b84c (0x00000f17) x30 0x8000b84c
core   0: 0x8000b850 (0x7a3f2a23) sw      gp, 1972(t5)
core   0: 3 0x8000b850 (0x7a3f2a23) mem 0x8000c000 0x00000001
core   0: 0x8000b854 (0x0000bfe5) c.j     pc - 8
core   0: 3 0x8000b854 (0xbfe5)
core   0: 0x8000b84c (0x00000f17) auipc   t5, 0x0
core   0: 3 0x8000b84c (0x00000f17) x30 0x8000b84c
core   0: 0x8000b850 (0x7a3f2a23) sw      gp, 1972(t5)
core   0: 3 0x8000b850 (0x7a3f2a23) mem 0x8000c000 0x00000001
core   0: 0x8000b854 (0x0000bfe5) c.j     pc - 8
core   0: 3 0x8000b854 (0xbfe5)
core   0: 0x8000b84c (0x00000f17) auipc   t5, 0x0
core   0: 3 0x8000b84c (0x00000f17) x30 0x8000b84c
core   0: 0x8000b850 (0x7a3f2a23) sw      gp, 1972(t5)
core   0: 3 0x8000b850 (0x7a3f2a23) mem 0x8000c000 0x00000001
core   0: 0x8000b854 (0x0000bfe5) c.j     pc - 8
core   0: 3 0x8000b854 (0xbfe5)
core   0: 0x8000b84c (0x00000f17) auipc   t5, 0x0
core   0: 3 0x8000b84c (0x00000f17) x30 0x8000b84c
core   0: 0x8000b850 (0x7a3f2a23) sw      gp, 1972(t5)
core   0: 3 0x8000b850 (0x7a3f2a23) mem 0x8000c000 0x00000001
core   0: 0x8000b854 (0x0000bfe5) c.j     pc - 8
core   0: 3 0x8000b854 (0xbfe5)
core   0: 0x8000b84c (0x00000f17) auipc   t5, 0x0
core   0: 3 0x8000b84c (0x00000f17) x30 0x8000b84c
core   0: 0x8000b850 (0x7a3f2a23) sw      gp, 1972(t5)
core   0: 3 0x8000b850 (0x7a3f2a23) mem 0x8000c000 0x00000001
core   0: 0x8000b854 (0x0000bfe5) c.j     pc - 8
core   0: 3 0x8000b854 (0xbfe5)
core   0: 0x8000b84c (0x00000f17) auipc   t5, 0x0
core   0: 3 0x8000b84c (0x00000f17) x30 0x8000b84c
core   0: 0x8000b850 (0x7a3f2a23) sw      gp, 1972(t5)
core   0: 3 0x8000b850 (0x7a3f2a23) mem 0x8000c000 0x00000001
core   0: 0x8000b854 (0x0000bfe5) c.j     pc - 8
core   0: 3 0x8000b854 (0xbfe5)
core   0: 0x8000b84c (0x00000f17) auipc   t5, 0x0
core   0: 3 0x8000b84c (0x00000f17) x30 0x8000b84c
core   0: 0x8000b850 (0x7a3f2a23) sw      gp, 1972(t5)
core   0: 3 0x8000b850 (0x7a3f2a23) mem 0x8000c000 0x00000001
core   0: 0x8000b854 (0x0000bfe5) c.j     pc - 8
core   0: 3 0x8000b854 (0xbfe5)
core   0: 0x8000b84c (0x00000f17) auipc   t5, 0x0
core   0: 3 0x8000b84c (0x00000f17) x30 0x8000b84c
core   0: 0x8000b850 (0x7a3f2a23) sw      gp, 1972(t5)
core   0: 3 0x8000b850 (0x7a3f2a23) mem 0x8000c000 0x00000001
core   0: 0x8000b854 (0x0000bfe5) c.j     pc - 8
core   0: 3 0x8000b854 (0xbfe5)
core   0: 0x8000b84c (0x00000f17) auipc   t5, 0x0
core   0: 3 0x8000b84c (0x00000f17) x30 0x8000b84c
core   0: 0x8000b850 (0x7a3f2a23) sw      gp, 1972(t5)
core   0: 3 0x8000b850 (0x7a3f2a23) mem 0x8000c000 0x00000001
core   0: 0x8000b854 (0x0000bfe5) c.j     pc - 8
core   0: 3 0x8000b854 (0xbfe5)
core   0: 0x8000b84c (0x00000f17) auipc   t5, 0x0
core   0: 3 0x8000b84c (0x00000f17) x30 0x8000b84c
core   0: 0x8000b850 (0x7a3f2a23) sw      gp, 1972(t5)
core   0: 3 0x8000b850 (0x7a3f2a23) mem 0x8000c000 0x00000001
core   0: 0x8000b854 (0x0000bfe5) c.j     pc - 8
core   0: 3 0x8000b854 (0xbfe5)
core   0: 0x8000b84c (0x00000f17) auipc   t5, 0x0
core   0: 3 0x8000b84c (0x00000f17) x30 0x8000b84c
core   0: 0x8000b850 (0x7a3f2a23) sw      gp, 1972(t5)
core   0: 3 0x8000b850 (0x7a3f2a23) mem 0x8000c000 0x00000001
core   0: 0x8000b854 (0x0000bfe5) c.j     pc - 8
core   0: 3 0x8000b854 (0xbfe5)
core   0: 0x8000b84c (0x00000f17) auipc   t5, 0x0
core   0: 3 0x8000b84c (0x00000f17) x30 0x8000b84c
core   0: 0x8000b850 (0x7a3f2a23) sw      gp, 1972(t5)
core   0: 3 0x8000b850 (0x7a3f2a23) mem 0x8000c000 0x00000001
core   0: 0x8000b854 (0x0000bfe5) c.j     pc - 8
core   0: 3 0x8000b854 (0xbfe5)
core   0: 0x8000b84c (0x00000f17) auipc   t5, 0x0
core   0: 3 0x8000b84c (0x00000f17) x30 0x8000b84c
core   0: 0x8000b850 (0x7a3f2a23) sw      gp, 1972(t5)
core   0: 3 0x8000b850 (0x7a3f2a23) mem 0x8000c000 0x00000001
core   0: 0x8000b854 (0x0000bfe5) c.j     pc - 8
core   0: 3 0x8000b854 (0xbfe5)
core   0: 0x8000b84c (0x00000f17) auipc   t5, 0x0
core   0: 3 0x8000b84c (0x00000f17) x30 0x8000b84c
core   0: 0x8000b850 (0x7a3f2a23) sw      gp, 1972(t5)
core   0: 3 0x8000b850 (0x7a3f2a23) mem 0x8000c000 0x00000001
core   0: 0x8000b854 (0x0000bfe5) c.j     pc - 8
core   0: 3 0x8000b854 (0xbfe5)
core   0: 0x8000b84c (0x00000f17) auipc   t5, 0x0
core   0: 3 0x8000b84c (0x00000f17) x30 0x8000b84c
core   0: 0x8000b850 (0x7a3f2a23) sw      gp, 1972(t5)
core   0: 3 0x8000b850 (0x7a3f2a23) mem 0x8000c000 0x00000001
core   0: 0x8000b854 (0x0000bfe5) c.j     pc - 8
core   0: 3 0x8000b854 (0xbfe5)
core   0: 0x8000b84c (0x00000f17) auipc   t5, 0x0
core   0: 3 0x8000b84c (0x00000f17) x30 0x8000b84c
core   0: 0x8000b850 (0x7a3f2a23) sw      gp, 1972(t5)
core   0: 3 0x8000b850 (0x7a3f2a23) mem 0x8000c000 0x00000001
core   0: 0x8000b854 (0x0000bfe5) c.j     pc - 8
core   0: 3 0x8000b854 (0xbfe5)
core   0: 0x8000b84c (0x00000f17) auipc   t5, 0x0
core   0: 3 0x8000b84c (0x00000f17) x30 0x8000b84c
core   0: 0x8000b850 (0x7a3f2a23) sw      gp, 1972(t5)
core   0: 3 0x8000b850 (0x7a3f2a23) mem 0x8000c000 0x00000001
core   0: 0x8000b854 (0x0000bfe5) c.j     pc - 8
core   0: 3 0x8000b854 (0xbfe5)
core   0: 0x8000b84c (0x00000f17) auipc   t5, 0x0
core   0: 3 0x8000b84c (0x00000f17) x30 0x8000b84c
core   0: 0x8000b850 (0x7a3f2a23) sw      gp, 1972(t5)
core   0: 3 0x8000b850 (0x7a3f2a23) mem 0x8000c000 0x00000001
core   0: 0x8000b854 (0x0000bfe5) c.j     pc - 8
core   0: 3 0x8000b854 (0xbfe5)
core   0: 0x8000b84c (0x00000f17) auipc   t5, 0x0
core   0: 3 0x8000b84c (0x00000f17) x30 0x8000b84c
core   0: 0x8000b850 (0x7a3f2a23) sw      gp, 1972(t5)
core   0: 3 0x8000b850 (0x7a3f2a23) mem 0x8000c000 0x00000001
core   0: 0x8000b854 (0x0000bfe5) c.j     pc - 8
core   0: 3 0x8000b854 (0xbfe5)
core   0: 0x8000b84c (0x00000f17) auipc   t5, 0x0
core   0: 3 0x8000b84c (0x00000f17) x30 0x8000b84c
core   0: 0x8000b850 (0x7a3f2a23) sw      gp, 1972(t5)
core   0: 3 0x8000b850 (0x7a3f2a23) mem 0x8000c000 0x00000001
core   0: 0x8000b854 (0x0000bfe5) c.j     pc - 8
core   0: 3 0x8000b854 (0xbfe5)
core   0: 0x8000b84c (0x00000f17) auipc   t5, 0x0
core   0: 3 0x8000b84c (0x00000f17) x30 0x8000b84c
core   0: 0x8000b850 (0x7a3f2a23) sw      gp, 1972(t5)
core   0: 3 0x8000b850 (0x7a3f2a23) mem 0x8000c000 0x00000001
core   0: 0x8000b854 (0x0000bfe5) c.j     pc - 8
core   0: 3 0x8000b854 (0xbfe5)
core   0: 0x8000b84c (0x00000f17) auipc   t5, 0x0
core   0: 3 0x8000b84c (0x00000f17) x30 0x8000b84c
core   0: 0x8000b850 (0x7a3f2a23) sw      gp, 1972(t5)
core   0: 3 0x8000b850 (0x7a3f2a23) mem 0x8000c000 0x00000001
core   0: 0x8000b854 (0x0000bfe5) c.j     pc - 8
core   0: 3 0x8000b854 (0xbfe5)
core   0: 0x8000b84c (0x00000f17) auipc   t5, 0x0
core   0: 3 0x8000b84c (0x00000f17) x30 0x8000b84c
core   0: 0x8000b850 (0x7a3f2a23) sw      gp, 1972(t5)
core   0: 3 0x8000b850 (0x7a3f2a23) mem 0x8000c000 0x00000001
core   0: 0x8000b854 (0x0000bfe5) c.j     pc - 8
core   0: 3 0x8000b854 (0xbfe5)
core   0: 0x8000b84c (0x00000f17) auipc   t5, 0x0
core   0: 3 0x8000b84c (0x00000f17) x30 0x8000b84c
core   0: 0x8000b850 (0x7a3f2a23) sw      gp, 1972(t5)
core   0: 3 0x8000b850 (0x7a3f2a23) mem 0x8000c000 0x00000001
core   0: 0x8000b854 (0x0000bfe5) c.j     pc - 8
core   0: 3 0x8000b854 (0xbfe5)
core   0: 0x8000b84c (0x00000f17) auipc   t5, 0x0
core   0: 3 0x8000b84c (0x00000f17) x30 0x8000b84c
core   0: 0x8000b850 (0x7a3f2a23) sw      gp, 1972(t5)
core   0: 3 0x8000b850 (0x7a3f2a23) mem 0x8000c000 0x00000001
core   0: 0x8000b854 (0x0000bfe5) c.j     pc - 8
core   0: 3 0x8000b854 (0xbfe5)
core   0: 0x8000b84c (0x00000f17) auipc   t5, 0x0
core   0: 3 0x8000b84c (0x00000f17) x30 0x8000b84c
core   0: 0x8000b850 (0x7a3f2a23) sw      gp, 1972(t5)
core   0: 3 0x8000b850 (0x7a3f2a23) mem 0x8000c000 0x00000001
core   0: 0x8000b854 (0x0000bfe5) c.j     pc - 8
core   0: 3 0x8000b854 (0xbfe5)
core   0: 0x8000b84c (0x00000f17) auipc   t5, 0x0
core   0: 3 0x8000b84c (0x00000f17) x30 0x8000b84c
core   0: 0x8000b850 (0x7a3f2a23) sw      gp, 1972(t5)
core   0: 3 0x8000b850 (0x7a3f2a23) mem 0x8000c000 0x00000001
core   0: 0x8000b854 (0x0000bfe5) c.j     pc - 8
core   0: 3 0x8000b854 (0xbfe5)
core   0: 0x8000b84c (0x00000f17) auipc   t5, 0x0
core   0: 3 0x8000b84c (0x00000f17) x30 0x8000b84c
core   0: 0x8000b850 (0x7a3f2a23) sw      gp, 1972(t5)
core   0: 3 0x8000b850 (0x7a3f2a23) mem 0x8000c000 0x00000001
core   0: 0x8000b854 (0x0000bfe5) c.j     pc - 8
core   0: 3 0x8000b854 (0xbfe5)
core   0: 0x8000b84c (0x00000f17) auipc   t5, 0x0
core   0: 3 0x8000b84c (0x00000f17) x30 0x8000b84c
core   0: 0x8000b850 (0x7a3f2a23) sw      gp, 1972(t5)
core   0: 3 0x8000b850 (0x7a3f2a23) mem 0x8000c000 0x00000001
core   0: 0x8000b854 (0x0000bfe5) c.j     pc - 8
core   0: 3 0x8000b854 (0xbfe5)
core   0: 0x8000b84c (0x00000f17) auipc   t5, 0x0
core   0: 3 0x8000b84c (0x00000f17) x30 0x8000b84c
core   0: 0x8000b850 (0x7a3f2a23) sw      gp, 1972(t5)
core   0: 3 0x8000b850 (0x7a3f2a23) mem 0x8000c000 0x00000001
core   0: 0x8000b854 (0x0000bfe5) c.j     pc - 8
core   0: 3 0x8000b854 (0xbfe5)
core   0: 0x8000b84c (0x00000f17) auipc   t5, 0x0
core   0: 3 0x8000b84c (0x00000f17) x30 0x8000b84c
core   0: 0x8000b850 (0x7a3f2a23) sw      gp, 1972(t5)
core   0: 3 0x8000b850 (0x7a3f2a23) mem 0x8000c000 0x00000001
core   0: 0x8000b854 (0x0000bfe5) c.j     pc - 8
core   0: 3 0x8000b854 (0xbfe5)
core   0: 0x8000b84c (0x00000f17) auipc   t5, 0x0
core   0: 3 0x8000b84c (0x00000f17) x30 0x8000b84c
core   0: 0x8000b850 (0x7a3f2a23) sw      gp, 1972(t5)
core   0: 3 0x8000b850 (0x7a3f2a23) mem 0x8000c000 0x00000001
core   0: 0x8000b854 (0x0000bfe5) c.j     pc - 8
core   0: 3 0x8000b854 (0xbfe5)
core   0: 0x8000b84c (0x00000f17) auipc   t5, 0x0
core   0: 3 0x8000b84c (0x00000f17) x30 0x8000b84c
core   0: 0x8000b850 (0x7a3f2a23) sw      gp, 1972(t5)
core   0: 3 0x8000b850 (0x7a3f2a23) mem 0x8000c000 0x00000001
core   0: 0x8000b854 (0x0000bfe5) c.j     pc - 8
core   0: 3 0x8000b854 (0xbfe5)
core   0: 0x8000b84c (0x00000f17) auipc   t5, 0x0
core   0: 3 0x8000b84c (0x00000f17) x30 0x8000b84c
core   0: 0x8000b850 (0x7a3f2a23) sw      gp, 1972(t5)
core   0: 3 0x8000b850 (0x7a3f2a23) mem 0x8000c000 0x00000001
core   0: 0x8000b854 (0x0000bfe5) c.j     pc - 8
core   0: 3 0x8000b854 (0xbfe5)
core   0: 0x8000b84c (0x00000f17) auipc   t5, 0x0
core   0: 3 0x8000b84c (0x00000f17) x30 0x8000b84c
core   0: 0x8000b850 (0x7a3f2a23) sw      gp, 1972(t5)
core   0: 3 0x8000b850 (0x7a3f2a23) mem 0x8000c000 0x00000001
core   0: 0x8000b854 (0x0000bfe5) c.j     pc - 8
core   0: 3 0x8000b854 (0xbfe5)
core   0: 0x8000b84c (0x00000f17) auipc   t5, 0x0
core   0: 3 0x8000b84c (0x00000f17) x30 0x8000b84c
core   0: 0x8000b850 (0x7a3f2a23) sw      gp, 1972(t5)
core   0: 3 0x8000b850 (0x7a3f2a23) mem 0x8000c000 0x00000001
core   0: 0x8000b854 (0x0000bfe5) c.j     pc - 8
core   0: 3 0x8000b854 (0xbfe5)
core   0: 0x8000b84c (0x00000f17) auipc   t5, 0x0
core   0: 3 0x8000b84c (0x00000f17) x30 0x8000b84c
core   0: 0x8000b850 (0x7a3f2a23) sw      gp, 1972(t5)
core   0: 3 0x8000b850 (0x7a3f2a23) mem 0x8000c000 0x00000001
core   0: 0x8000b854 (0x0000bfe5) c.j     pc - 8
core   0: 3 0x8000b854 (0xbfe5)
core   0: 0x8000b84c (0x00000f17) auipc   t5, 0x0
core   0: 3 0x8000b84c (0x00000f17) x30 0x8000b84c
core   0: 0x8000b850 (0x7a3f2a23) sw      gp, 1972(t5)
core   0: 3 0x8000b850 (0x7a3f2a23) mem 0x8000c000 0x00000001
core   0: 0x8000b854 (0x0000bfe5) c.j     pc - 8
core   0: 3 0x8000b854 (0xbfe5)
core   0: 0x8000b84c (0x00000f17) auipc   t5, 0x0
core   0: 3 0x8000b84c (0x00000f17) x30 0x8000b84c
core   0: 0x8000b850 (0x7a3f2a23) sw      gp, 1972(t5)
core   0: 3 0x8000b850 (0x7a3f2a23) mem 0x8000c000 0x00000001
core   0: 0x8000b854 (0x0000bfe5) c.j     pc - 8
core   0: 3 0x8000b854 (0xbfe5)
core   0: 0x8000b84c (0x00000f17) auipc   t5, 0x0
core   0: 3 0x8000b84c (0x00000f17) x30 0x8000b84c
core   0: 0x8000b850 (0x7a3f2a23) sw      gp, 1972(t5)
core   0: 3 0x8000b850 (0x7a3f2a23) mem 0x8000c000 0x00000001
core   0: 0x8000b854 (0x0000bfe5) c.j     pc - 8
core   0: 3 0x8000b854 (0xbfe5)
core   0: 0x8000b84c (0x00000f17) auipc   t5, 0x0
core   0: 3 0x8000b84c (0x00000f17) x30 0x8000b84c
core   0: 0x8000b850 (0x7a3f2a23) sw      gp, 1972(t5)
core   0: 3 0x8000b850 (0x7a3f2a23) mem 0x8000c000 0x00000001
core   0: 0x8000b854 (0x0000bfe5) c.j     pc - 8
core   0: 3 0x8000b854 (0xbfe5)
core   0: 0x8000b84c (0x00000f17) auipc   t5, 0x0
core   0: 3 0x8000b84c (0x00000f17) x30 0x8000b84c
core   0: 0x8000b850 (0x7a3f2a23) sw      gp, 1972(t5)
core   0: 3 0x8000b850 (0x7a3f2a23) mem 0x8000c000 0x00000001
core   0: 0x8000b854 (0x0000bfe5) c.j     pc - 8
core   0: 3 0x8000b854 (0xbfe5)
core   0: 0x8000b84c (0x00000f17) auipc   t5, 0x0
core   0: 3 0x8000b84c (0x00000f17) x30 0x8000b84c
core   0: 0x8000b850 (0x7a3f2a23) sw      gp, 1972(t5)
core   0: 3 0x8000b850 (0x7a3f2a23) mem 0x8000c000 0x00000001
core   0: 0x8000b854 (0x0000bfe5) c.j     pc - 8
core   0: 3 0x8000b854 (0xbfe5)
core   0: 0x8000b84c (0x00000f17) auipc   t5, 0x0
core   0: 3 0x8000b84c (0x00000f17) x30 0x8000b84c
core   0: 0x8000b850 (0x7a3f2a23) sw      gp, 1972(t5)
core   0: 3 0x8000b850 (0x7a3f2a23) mem 0x8000c000 0x00000001
core   0: 0x8000b854 (0x0000bfe5) c.j     pc - 8
core   0: 3 0x8000b854 (0xbfe5)
core   0: 0x8000b84c (0x00000f17) auipc   t5, 0x0
core   0: 3 0x8000b84c (0x00000f17) x30 0x8000b84c
core   0: 0x8000b850 (0x7a3f2a23) sw      gp, 1972(t5)
core   0: 3 0x8000b850 (0x7a3f2a23) mem 0x8000c000 0x00000001
core   0: 0x8000b854 (0x0000bfe5) c.j     pc - 8
core   0: 3 0x8000b854 (0xbfe5)
core   0: 0x8000b84c (0x00000f17) auipc   t5, 0x0
core   0: 3 0x8000b84c (0x00000f17) x30 0x8000b84c
core   0: 0x8000b850 (0x7a3f2a23) sw      gp, 1972(t5)
core   0: 3 0x8000b850 (0x7a3f2a23) mem 0x8000c000 0x00000001
core   0: 0x8000b854 (0x0000bfe5) c.j     pc - 8
core   0: 3 0x8000b854 (0xbfe5)
core   0: 0x8000b84c (0x00000f17) auipc   t5, 0x0
core   0: 3 0x8000b84c (0x00000f17) x30 0x8000b84c
core   0: 0x8000b850 (0x7a3f2a23) sw      gp, 1972(t5)
core   0: 3 0x8000b850 (0x7a3f2a23) mem 0x8000c000 0x00000001
core   0: 0x8000b854 (0x0000bfe5) c.j     pc - 8
core   0: 3 0x8000b854 (0xbfe5)
core   0: 0x8000b84c (0x00000f17) auipc   t5, 0x0
core   0: 3 0x8000b84c (0x00000f17) x30 0x8000b84c
core   0: 0x8000b850 (0x7a3f2a23) sw      gp, 1972(t5)
core   0: 3 0x8000b850 (0x7a3f2a23) mem 0x8000c000 0x00000001
core   0: 0x8000b854 (0x0000bfe5) c.j     pc - 8
core   0: 3 0x8000b854 (0xbfe5)
core   0: 0x8000b84c (0x00000f17) auipc   t5, 0x0
core   0: 3 0x8000b84c (0x00000f17) x30 0x8000b84c
core   0: 0x8000b850 (0x7a3f2a23) sw      gp, 1972(t5)
core   0: 3 0x8000b850 (0x7a3f2a23) mem 0x8000c000 0x00000001
core   0: 0x8000b854 (0x0000bfe5) c.j     pc - 8
core   0: 3 0x8000b854 (0xbfe5)
core   0: 0x8000b84c (0x00000f17) auipc   t5, 0x0
core   0: 3 0x8000b84c (0x00000f17) x30 0x8000b84c
core   0: 0x8000b850 (0x7a3f2a23) sw      gp, 1972(t5)
core   0: 3 0x8000b850 (0x7a3f2a23) mem 0x8000c000 0x00000001
core   0: 0x8000b854 (0x0000bfe5) c.j     pc - 8
core   0: 3 0x8000b854 (0xbfe5)
core   0: 0x8000b84c (0x00000f17) auipc   t5, 0x0
core   0: 3 0x8000b84c (0x00000f17) x30 0x8000b84c
core   0: 0x8000b850 (0x7a3f2a23) sw      gp, 1972(t5)
core   0: 3 0x8000b850 (0x7a3f2a23) mem 0x8000c000 0x00000001
core   0: 0x8000b854 (0x0000bfe5) c.j     pc - 8
core   0: 3 0x8000b854 (0xbfe5)
core   0: 0x8000b84c (0x00000f17) auipc   t5, 0x0
core   0: 3 0x8000b84c (0x00000f17) x30 0x8000b84c
core   0: 0x8000b850 (0x7a3f2a23) sw      gp, 1972(t5)
core   0: 3 0x8000b850 (0x7a3f2a23) mem 0x8000c000 0x00000001
core   0: 0x8000b854 (0x0000bfe5) c.j     pc - 8
core   0: 3 0x8000b854 (0xbfe5)
core   0: 0x8000b84c (0x00000f17) auipc   t5, 0x0
core   0: 3 0x8000b84c (0x00000f17) x30 0x8000b84c
core   0: 0x8000b850 (0x7a3f2a23) sw      gp, 1972(t5)
core   0: 3 0x8000b850 (0x7a3f2a23) mem 0x8000c000 0x00000001
core   0: 0x8000b854 (0x0000bfe5) c.j     pc - 8
core   0: 3 0x8000b854 (0xbfe5)
core   0: 0x8000b84c (0x00000f17) auipc   t5, 0x0
core   0: 3 0x8000b84c (0x00000f17) x30 0x8000b84c
core   0: 0x8000b850 (0x7a3f2a23) sw      gp, 1972(t5)
core   0: 3 0x8000b850 (0x7a3f2a23) mem 0x8000c000 0x00000001
core   0: 0x8000b854 (0x0000bfe5) c.j     pc - 8
core   0: 3 0x8000b854 (0xbfe5)
core   0: 0x8000b84c (0x00000f17) auipc   t5, 0x0
core   0: 3 0x8000b84c (0x00000f17) x30 0x8000b84c
core   0: 0x8000b850 (0x7a3f2a23) sw      gp, 1972(t5)
core   0: 3 0x8000b850 (0x7a3f2a23) mem 0x8000c000 0x00000001
core   0: 0x8000b854 (0x0000bfe5) c.j     pc - 8
core   0: 3 0x8000b854 (0xbfe5)
core   0: 0x8000b84c (0x00000f17) auipc   t5, 0x0
core   0: 3 0x8000b84c (0x00000f17) x30 0x8000b84c
core   0: 0x8000b850 (0x7a3f2a23) sw      gp, 1972(t5)
core   0: 3 0x8000b850 (0x7a3f2a23) mem 0x8000c000 0x00000001
core   0: 0x8000b854 (0x0000bfe5) c.j     pc - 8
core   0: 3 0x8000b854 (0xbfe5)
core   0: 0x8000b84c (0x00000f17) auipc   t5, 0x0
core   0: 3 0x8000b84c (0x00000f17) x30 0x8000b84c
core   0: 0x8000b850 (0x7a3f2a23) sw      gp, 1972(t5)
core   0: 3 0x8000b850 (0x7a3f2a23) mem 0x8000c000 0x00000001
core   0: 0x8000b854 (0x0000bfe5) c.j     pc - 8
core   0: 3 0x8000b854 (0xbfe5)
core   0: 0x8000b84c (0x00000f17) auipc   t5, 0x0
core   0: 3 0x8000b84c (0x00000f17) x30 0x8000b84c
core   0: 0x8000b850 (0x7a3f2a23) sw      gp, 1972(t5)
core   0: 3 0x8000b850 (0x7a3f2a23) mem 0x8000c000 0x00000001
core   0: 0x8000b854 (0x0000bfe5) c.j     pc - 8
core   0: 3 0x8000b854 (0xbfe5)
core   0: 0x8000b84c (0x00000f17) auipc   t5, 0x0
core   0: 3 0x8000b84c (0x00000f17) x30 0x8000b84c
core   0: 0x8000b850 (0x7a3f2a23) sw      gp, 1972(t5)
core   0: 3 0x8000b850 (0x7a3f2a23) mem 0x8000c000 0x00000001
core   0: 0x8000b854 (0x0000bfe5) c.j     pc - 8
core   0: 3 0x8000b854 (0xbfe5)
core   0: 0x8000b84c (0x00000f17) auipc   t5, 0x0
core   0: 3 0x8000b84c (0x00000f17) x30 0x8000b84c
core   0: 0x8000b850 (0x7a3f2a23) sw      gp, 1972(t5)
core   0: 3 0x8000b850 (0x7a3f2a23) mem 0x8000c000 0x00000001
core   0: 0x8000b854 (0x0000bfe5) c.j     pc - 8
core   0: 3 0x8000b854 (0xbfe5)
core   0: 0x8000b84c (0x00000f17) auipc   t5, 0x0
core   0: 3 0x8000b84c (0x00000f17) x30 0x8000b84c
core   0: 0x8000b850 (0x7a3f2a23) sw      gp, 1972(t5)
core   0: 3 0x8000b850 (0x7a3f2a23) mem 0x8000c000 0x00000001
core   0: 0x8000b854 (0x0000bfe5) c.j     pc - 8
core   0: 3 0x8000b854 (0xbfe5)
core   0: 0x8000b84c (0x00000f17) auipc   t5, 0x0
core   0: 3 0x8000b84c (0x00000f17) x30 0x8000b84c
core   0: 0x8000b850 (0x7a3f2a23) sw      gp, 1972(t5)
core   0: 3 0x8000b850 (0x7a3f2a23) mem 0x8000c000 0x00000001
core   0: 0x8000b854 (0x0000bfe5) c.j     pc - 8
core   0: 3 0x8000b854 (0xbfe5)
core   0: 0x8000b84c (0x00000f17) auipc   t5, 0x0
core   0: 3 0x8000b84c (0x00000f17) x30 0x8000b84c
core   0: 0x8000b850 (0x7a3f2a23) sw      gp, 1972(t5)
core   0: 3 0x8000b850 (0x7a3f2a23) mem 0x8000c000 0x00000001
core   0: 0x8000b854 (0x0000bfe5) c.j     pc - 8
core   0: 3 0x8000b854 (0xbfe5)
core   0: 0x8000b84c (0x00000f17) auipc   t5, 0x0
core   0: 3 0x8000b84c (0x00000f17) x30 0x8000b84c
core   0: 0x8000b850 (0x7a3f2a23) sw      gp, 1972(t5)
core   0: 3 0x8000b850 (0x7a3f2a23) mem 0x8000c000 0x00000001
core   0: 0x8000b854 (0x0000bfe5) c.j     pc - 8
core   0: 3 0x8000b854 (0xbfe5)
core   0: 0x8000b84c (0x00000f17) auipc   t5, 0x0
core   0: 3 0x8000b84c (0x00000f17) x30 0x8000b84c
core   0: 0x8000b850 (0x7a3f2a23) sw      gp, 1972(t5)
core   0: 3 0x8000b850 (0x7a3f2a23) mem 0x8000c000 0x00000001
core   0: 0x8000b854 (0x0000bfe5) c.j     pc - 8
core   0: 3 0x8000b854 (0xbfe5)
core   0: 0x8000b84c (0x00000f17) auipc   t5, 0x0
core   0: 3 0x8000b84c (0x00000f17) x30 0x8000b84c
core   0: 0x8000b850 (0x7a3f2a23) sw      gp, 1972(t5)
core   0: 3 0x8000b850 (0x7a3f2a23) mem 0x8000c000 0x00000001
core   0: 0x8000b854 (0x0000bfe5) c.j     pc - 8
core   0: 3 0x8000b854 (0xbfe5)
core   0: 0x8000b84c (0x00000f17) auipc   t5, 0x0
core   0: 3 0x8000b84c (0x00000f17) x30 0x8000b84c
core   0: 0x8000b850 (0x7a3f2a23) sw      gp, 1972(t5)
core   0: 3 0x8000b850 (0x7a3f2a23) mem 0x8000c000 0x00000001
core   0: 0x8000b854 (0x0000bfe5) c.j     pc - 8
core   0: 3 0x8000b854 (0xbfe5)
core   0: 0x8000b84c (0x00000f17) auipc   t5, 0x0
core   0: 3 0x8000b84c (0x00000f17) x30 0x8000b84c
core   0: 0x8000b850 (0x7a3f2a23) sw      gp, 1972(t5)
core   0: 3 0x8000b850 (0x7a3f2a23) mem 0x8000c000 0x00000001
core   0: 0x8000b854 (0x0000bfe5) c.j     pc - 8
core   0: 3 0x8000b854 (0xbfe5)
core   0: 0x8000b84c (0x00000f17) auipc   t5, 0x0
core   0: 3 0x8000b84c (0x00000f17) x30 0x8000b84c
core   0: 0x8000b850 (0x7a3f2a23) sw      gp, 1972(t5)
core   0: 3 0x8000b850 (0x7a3f2a23) mem 0x8000c000 0x00000001
core   0: 0x8000b854 (0x0000bfe5) c.j     pc - 8
core   0: 3 0x8000b854 (0xbfe5)
core   0: 0x8000b84c (0x00000f17) auipc   t5, 0x0
core   0: 3 0x8000b84c (0x00000f17) x30 0x8000b84c
core   0: 0x8000b850 (0x7a3f2a23) sw      gp, 1972(t5)
core   0: 3 0x8000b850 (0x7a3f2a23) mem 0x8000c000 0x00000001
core   0: 0x8000b854 (0x0000bfe5) c.j     pc - 8
core   0: 3 0x8000b854 (0xbfe5)
core   0: 0x8000b84c (0x00000f17) auipc   t5, 0x0
core   0: 3 0x8000b84c (0x00000f17) x30 0x8000b84c
core   0: 0x8000b850 (0x7a3f2a23) sw      gp, 1972(t5)
core   0: 3 0x8000b850 (0x7a3f2a23) mem 0x8000c000 0x00000001
core   0: 0x8000b854 (0x0000bfe5) c.j     pc - 8
core   0: 3 0x8000b854 (0xbfe5)
core   0: 0x8000b84c (0x00000f17) auipc   t5, 0x0
core   0: 3 0x8000b84c (0x00000f17) x30 0x8000b84c
core   0: 0x8000b850 (0x7a3f2a23) sw      gp, 1972(t5)
core   0: 3 0x8000b850 (0x7a3f2a23) mem 0x8000c000 0x00000001
core   0: 0x8000b854 (0x0000bfe5) c.j     pc - 8
core   0: 3 0x8000b854 (0xbfe5)
core   0: 0x8000b84c (0x00000f17) auipc   t5, 0x0
core   0: 3 0x8000b84c (0x00000f17) x30 0x8000b84c
core   0: 0x8000b850 (0x7a3f2a23) sw      gp, 1972(t5)
core   0: 3 0x8000b850 (0x7a3f2a23) mem 0x8000c000 0x00000001
core   0: 0x8000b854 (0x0000bfe5) c.j     pc - 8
core   0: 3 0x8000b854 (0xbfe5)
core   0: 0x8000b84c (0x00000f17) auipc   t5, 0x0
core   0: 3 0x8000b84c (0x00000f17) x30 0x8000b84c
core   0: 0x8000b850 (0x7a3f2a23) sw      gp, 1972(t5)
core   0: 3 0x8000b850 (0x7a3f2a23) mem 0x8000c000 0x00000001
core   0: 0x8000b854 (0x0000bfe5) c.j     pc - 8
core   0: 3 0x8000b854 (0xbfe5)
core   0: 0x8000b84c (0x00000f17) auipc   t5, 0x0
core   0: 3 0x8000b84c (0x00000f17) x30 0x8000b84c
core   0: 0x8000b850 (0x7a3f2a23) sw      gp, 1972(t5)
core   0: 3 0x8000b850 (0x7a3f2a23) mem 0x8000c000 0x00000001
core   0: 0x8000b854 (0x0000bfe5) c.j     pc - 8
core   0: 3 0x8000b854 (0xbfe5)
core   0: 0x8000b84c (0x00000f17) auipc   t5, 0x0
core   0: 3 0x8000b84c (0x00000f17) x30 0x8000b84c
core   0: 0x8000b850 (0x7a3f2a23) sw      gp, 1972(t5)
core   0: 3 0x8000b850 (0x7a3f2a23) mem 0x8000c000 0x00000001
core   0: 0x8000b854 (0x0000bfe5) c.j     pc - 8
core   0: 3 0x8000b854 (0xbfe5)
core   0: 0x8000b84c (0x00000f17) auipc   t5, 0x0
core   0: 3 0x8000b84c (0x00000f17) x30 0x8000b84c
core   0: 0x8000b850 (0x7a3f2a23) sw      gp, 1972(t5)
core   0: 3 0x8000b850 (0x7a3f2a23) mem 0x8000c000 0x00000001
core   0: 0x8000b854 (0x0000bfe5) c.j     pc - 8
core   0: 3 0x8000b854 (0xbfe5)
core   0: 0x8000b84c (0x00000f17) auipc   t5, 0x0
core   0: 3 0x8000b84c (0x00000f17) x30 0x8000b84c
core   0: 0x8000b850 (0x7a3f2a23) sw      gp, 1972(t5)
core   0: 3 0x8000b850 (0x7a3f2a23) mem 0x8000c000 0x00000001
core   0: 0x8000b854 (0x0000bfe5) c.j     pc - 8
core   0: 3 0x8000b854 (0xbfe5)
core   0: 0x8000b84c (0x00000f17) auipc   t5, 0x0
core   0: 3 0x8000b84c (0x00000f17) x30 0x8000b84c
core   0: 0x8000b850 (0x7a3f2a23) sw      gp, 1972(t5)
core   0: 3 0x8000b850 (0x7a3f2a23) mem 0x8000c000 0x00000001
core   0: 0x8000b854 (0x0000bfe5) c.j     pc - 8
core   0: 3 0x8000b854 (0xbfe5)
core   0: 0x8000b84c (0x00000f17) auipc   t5, 0x0
core   0: 3 0x8000b84c (0x00000f17) x30 0x8000b84c
core   0: 0x8000b850 (0x7a3f2a23) sw      gp, 1972(t5)
core   0: 3 0x8000b850 (0x7a3f2a23) mem 0x8000c000 0x00000001
core   0: 0x8000b854 (0x0000bfe5) c.j     pc - 8
core   0: 3 0x8000b854 (0xbfe5)
core   0: 0x8000b84c (0x00000f17) auipc   t5, 0x0
core   0: 3 0x8000b84c (0x00000f17) x30 0x8000b84c
core   0: 0x8000b850 (0x7a3f2a23) sw      gp, 1972(t5)
core   0: 3 0x8000b850 (0x7a3f2a23) mem 0x8000c000 0x00000001
core   0: 0x8000b854 (0x0000bfe5) c.j     pc - 8
core   0: 3 0x8000b854 (0xbfe5)
core   0: 0x8000b84c (0x00000f17) auipc   t5, 0x0
core   0: 3 0x8000b84c (0x00000f17) x30 0x8000b84c
core   0: 0x8000b850 (0x7a3f2a23) sw      gp, 1972(t5)
core   0: 3 0x8000b850 (0x7a3f2a23) mem 0x8000c000 0x00000001
core   0: 0x8000b854 (0x0000bfe5) c.j     pc - 8
core   0: 3 0x8000b854 (0xbfe5)
core   0: 0x8000b84c (0x00000f17) auipc   t5, 0x0
core   0: 3 0x8000b84c (0x00000f17) x30 0x8000b84c
core   0: 0x8000b850 (0x7a3f2a23) sw      gp, 1972(t5)
core   0: 3 0x8000b850 (0x7a3f2a23) mem 0x8000c000 0x00000001
core   0: 0x8000b854 (0x0000bfe5) c.j     pc - 8
core   0: 3 0x8000b854 (0xbfe5)
core   0: 0x8000b84c (0x00000f17) auipc   t5, 0x0
core   0: 3 0x8000b84c (0x00000f17) x30 0x8000b84c
core   0: 0x8000b850 (0x7a3f2a23) sw      gp, 1972(t5)
core   0: 3 0x8000b850 (0x7a3f2a23) mem 0x8000c000 0x00000001
core   0: 0x8000b854 (0x0000bfe5) c.j     pc - 8
core   0: 3 0x8000b854 (0xbfe5)
core   0: 0x8000b84c (0x00000f17) auipc   t5, 0x0
core   0: 3 0x8000b84c (0x00000f17) x30 0x8000b84c
core   0: 0x8000b850 (0x7a3f2a23) sw      gp, 1972(t5)
core   0: 3 0x8000b850 (0x7a3f2a23) mem 0x8000c000 0x00000001
core   0: 0x8000b854 (0x0000bfe5) c.j     pc - 8
core   0: 3 0x8000b854 (0xbfe5)
core   0: 0x8000b84c (0x00000f17) auipc   t5, 0x0
core   0: 3 0x8000b84c (0x00000f17) x30 0x8000b84c
core   0: 0x8000b850 (0x7a3f2a23) sw      gp, 1972(t5)
core   0: 3 0x8000b850 (0x7a3f2a23) mem 0x8000c000 0x00000001
core   0: 0x8000b854 (0x0000bfe5) c.j     pc - 8
core   0: 3 0x8000b854 (0xbfe5)
core   0: 0x8000b84c (0x00000f17) auipc   t5, 0x0
core   0: 3 0x8000b84c (0x00000f17) x30 0x8000b84c
core   0: 0x8000b850 (0x7a3f2a23) sw      gp, 1972(t5)
core   0: 3 0x8000b850 (0x7a3f2a23) mem 0x8000c000 0x00000001
core   0: 0x8000b854 (0x0000bfe5) c.j     pc - 8
core   0: 3 0x8000b854 (0xbfe5)
core   0: 0x8000b84c (0x00000f17) auipc   t5, 0x0
core   0: 3 0x8000b84c (0x00000f17) x30 0x8000b84c
core   0: 0x8000b850 (0x7a3f2a23) sw      gp, 1972(t5)
core   0: 3 0x8000b850 (0x7a3f2a23) mem 0x8000c000 0x00000001
core   0: 0x8000b854 (0x0000bfe5) c.j     pc - 8
core   0: 3 0x8000b854 (0xbfe5)
core   0: 0x8000b84c (0x00000f17) auipc   t5, 0x0
core   0: 3 0x8000b84c (0x00000f17) x30 0x8000b84c
core   0: 0x8000b850 (0x7a3f2a23) sw      gp, 1972(t5)
core   0: 3 0x8000b850 (0x7a3f2a23) mem 0x8000c000 0x00000001
core   0: 0x8000b854 (0x0000bfe5) c.j     pc - 8
core   0: 3 0x8000b854 (0xbfe5)
core   0: 0x8000b84c (0x00000f17) auipc   t5, 0x0
core   0: 3 0x8000b84c (0x00000f17) x30 0x8000b84c
core   0: 0x8000b850 (0x7a3f2a23) sw      gp, 1972(t5)
core   0: 3 0x8000b850 (0x7a3f2a23) mem 0x8000c000 0x00000001
core   0: 0x8000b854 (0x0000bfe5) c.j     pc - 8
core   0: 3 0x8000b854 (0xbfe5)
core   0: 0x8000b84c (0x00000f17) auipc   t5, 0x0
core   0: 3 0x8000b84c (0x00000f17) x30 0x8000b84c
core   0: 0x8000b850 (0x7a3f2a23) sw      gp, 1972(t5)
core   0: 3 0x8000b850 (0x7a3f2a23) mem 0x8000c000 0x00000001
core   0: 0x8000b854 (0x0000bfe5) c.j     pc - 8
core   0: 3 0x8000b854 (0xbfe5)
core   0: 0x8000b84c (0x00000f17) auipc   t5, 0x0
core   0: 3 0x8000b84c (0x00000f17) x30 0x8000b84c
core   0: 0x8000b850 (0x7a3f2a23) sw      gp, 1972(t5)
core   0: 3 0x8000b850 (0x7a3f2a23) mem 0x8000c000 0x00000001
core   0: 0x8000b854 (0x0000bfe5) c.j     pc - 8
core   0: 3 0x8000b854 (0xbfe5)
core   0: 0x8000b84c (0x00000f17) auipc   t5, 0x0
core   0: 3 0x8000b84c (0x00000f17) x30 0x8000b84c
core   0: 0x8000b850 (0x7a3f2a23) sw      gp, 1972(t5)
core   0: 3 0x8000b850 (0x7a3f2a23) mem 0x8000c000 0x00000001
core   0: 0x8000b854 (0x0000bfe5) c.j     pc - 8
core   0: 3 0x8000b854 (0xbfe5)
core   0: 0x8000b84c (0x00000f17) auipc   t5, 0x0
core   0: 3 0x8000b84c (0x00000f17) x30 0x8000b84c
core   0: 0x8000b850 (0x7a3f2a23) sw      gp, 1972(t5)
core   0: 3 0x8000b850 (0x7a3f2a23) mem 0x8000c000 0x00000001
core   0: 0x8000b854 (0x0000bfe5) c.j     pc - 8
core   0: 3 0x8000b854 (0xbfe5)
core   0: 0x8000b84c (0x00000f17) auipc   t5, 0x0
core   0: 3 0x8000b84c (0x00000f17) x30 0x8000b84c
core   0: 0x8000b850 (0x7a3f2a23) sw      gp, 1972(t5)
core   0: 3 0x8000b850 (0x7a3f2a23) mem 0x8000c000 0x00000001
core   0: 0x8000b854 (0x0000bfe5) c.j     pc - 8
core   0: 3 0x8000b854 (0xbfe5)
core   0: 0x8000b84c (0x00000f17) auipc   t5, 0x0
core   0: 3 0x8000b84c (0x00000f17) x30 0x8000b84c
core   0: 0x8000b850 (0x7a3f2a23) sw      gp, 1972(t5)
core   0: 3 0x8000b850 (0x7a3f2a23) mem 0x8000c000 0x00000001
core   0: 0x8000b854 (0x0000bfe5) c.j     pc - 8
core   0: 3 0x8000b854 (0xbfe5)
core   0: 0x8000b84c (0x00000f17) auipc   t5, 0x0
core   0: 3 0x8000b84c (0x00000f17) x30 0x8000b84c
core   0: 0x8000b850 (0x7a3f2a23) sw      gp, 1972(t5)
core   0: 3 0x8000b850 (0x7a3f2a23) mem 0x8000c000 0x00000001
core   0: 0x8000b854 (0x0000bfe5) c.j     pc - 8
core   0: 3 0x8000b854 (0xbfe5)
core   0: 0x8000b84c (0x00000f17) auipc   t5, 0x0
core   0: 3 0x8000b84c (0x00000f17) x30 0x8000b84c
core   0: 0x8000b850 (0x7a3f2a23) sw      gp, 1972(t5)
core   0: 3 0x8000b850 (0x7a3f2a23) mem 0x8000c000 0x00000001
core   0: 0x8000b854 (0x0000bfe5) c.j     pc - 8
core   0: 3 0x8000b854 (0xbfe5)
core   0: 0x8000b84c (0x00000f17) auipc   t5, 0x0
core   0: 3 0x8000b84c (0x00000f17) x30 0x8000b84c
core   0: 0x8000b850 (0x7a3f2a23) sw      gp, 1972(t5)
core   0: 3 0x8000b850 (0x7a3f2a23) mem 0x8000c000 0x00000001
core   0: 0x8000b854 (0x0000bfe5) c.j     pc - 8
core   0: 3 0x8000b854 (0xbfe5)
core   0: 0x8000b84c (0x00000f17) auipc   t5, 0x0
core   0: 3 0x8000b84c (0x00000f17) x30 0x8000b84c
core   0: 0x8000b850 (0x7a3f2a23) sw      gp, 1972(t5)
core   0: 3 0x8000b850 (0x7a3f2a23) mem 0x8000c000 0x00000001
core   0: 0x8000b854 (0x0000bfe5) c.j     pc - 8
core   0: 3 0x8000b854 (0xbfe5)
core   0: 0x8000b84c (0x00000f17) auipc   t5, 0x0
core   0: 3 0x8000b84c (0x00000f17) x30 0x8000b84c
core   0: 0x8000b850 (0x7a3f2a23) sw      gp, 1972(t5)
core   0: 3 0x8000b850 (0x7a3f2a23) mem 0x8000c000 0x00000001
core   0: 0x8000b854 (0x0000bfe5) c.j     pc - 8
core   0: 3 0x8000b854 (0xbfe5)
core   0: 0x8000b84c (0x00000f17) auipc   t5, 0x0
core   0: 3 0x8000b84c (0x00000f17) x30 0x8000b84c
core   0: 0x8000b850 (0x7a3f2a23) sw      gp, 1972(t5)
core   0: 3 0x8000b850 (0x7a3f2a23) mem 0x8000c000 0x00000001
core   0: 0x8000b854 (0x0000bfe5) c.j     pc - 8
core   0: 3 0x8000b854 (0xbfe5)
core   0: 0x8000b84c (0x00000f17) auipc   t5, 0x0
core   0: 3 0x8000b84c (0x00000f17) x30 0x8000b84c
core   0: 0x8000b850 (0x7a3f2a23) sw      gp, 1972(t5)
core   0: 3 0x8000b850 (0x7a3f2a23) mem 0x8000c000 0x00000001
core   0: 0x8000b854 (0x0000bfe5) c.j     pc - 8
core   0: 3 0x8000b854 (0xbfe5)
core   0: 0x8000b84c (0x00000f17) auipc   t5, 0x0
core   0: 3 0x8000b84c (0x00000f17) x30 0x8000b84c
core   0: 0x8000b850 (0x7a3f2a23) sw      gp, 1972(t5)
core   0: 3 0x8000b850 (0x7a3f2a23) mem 0x8000c000 0x00000001
core   0: 0x8000b854 (0x0000bfe5) c.j     pc - 8
core   0: 3 0x8000b854 (0xbfe5)
core   0: 0x8000b84c (0x00000f17) auipc   t5, 0x0
core   0: 3 0x8000b84c (0x00000f17) x30 0x8000b84c
core   0: 0x8000b850 (0x7a3f2a23) sw      gp, 1972(t5)
core   0: 3 0x8000b850 (0x7a3f2a23) mem 0x8000c000 0x00000001
core   0: 0x8000b854 (0x0000bfe5) c.j     pc - 8
core   0: 3 0x8000b854 (0xbfe5)
core   0: 0x8000b84c (0x00000f17) auipc   t5, 0x0
core   0: 3 0x8000b84c (0x00000f17) x30 0x8000b84c
core   0: 0x8000b850 (0x7a3f2a23) sw      gp, 1972(t5)
core   0: 3 0x8000b850 (0x7a3f2a23) mem 0x8000c000 0x00000001
core   0: 0x8000b854 (0x0000bfe5) c.j     pc - 8
core   0: 3 0x8000b854 (0xbfe5)
core   0: 0x8000b84c (0x00000f17) auipc   t5, 0x0
core   0: 3 0x8000b84c (0x00000f17) x30 0x8000b84c
core   0: 0x8000b850 (0x7a3f2a23) sw      gp, 1972(t5)
core   0: 3 0x8000b850 (0x7a3f2a23) mem 0x8000c000 0x00000001
core   0: 0x8000b854 (0x0000bfe5) c.j     pc - 8
core   0: 3 0x8000b854 (0xbfe5)
core   0: 0x8000b84c (0x00000f17) auipc   t5, 0x0
core   0: 3 0x8000b84c (0x00000f17) x30 0x8000b84c
core   0: 0x8000b850 (0x7a3f2a23) sw      gp, 1972(t5)
core   0: 3 0x8000b850 (0x7a3f2a23) mem 0x8000c000 0x00000001
core   0: 0x8000b854 (0x0000bfe5) c.j     pc - 8
core   0: 3 0x8000b854 (0xbfe5)
core   0: 0x8000b84c (0x00000f17) auipc   t5, 0x0
core   0: 3 0x8000b84c (0x00000f17) x30 0x8000b84c
core   0: 0x8000b850 (0x7a3f2a23) sw      gp, 1972(t5)
core   0: 3 0x8000b850 (0x7a3f2a23) mem 0x8000c000 0x00000001
core   0: 0x8000b854 (0x0000bfe5) c.j     pc - 8
core   0: 3 0x8000b854 (0xbfe5)
core   0: 0x8000b84c (0x00000f17) auipc   t5, 0x0
core   0: 3 0x8000b84c (0x00000f17) x30 0x8000b84c
core   0: 0x8000b850 (0x7a3f2a23) sw      gp, 1972(t5)
core   0: 3 0x8000b850 (0x7a3f2a23) mem 0x8000c000 0x00000001
core   0: 0x8000b854 (0x0000bfe5) c.j     pc - 8
core   0: 3 0x8000b854 (0xbfe5)
core   0: 0x8000b84c (0x00000f17) auipc   t5, 0x0
core   0: 3 0x8000b84c (0x00000f17) x30 0x8000b84c
core   0: 0x8000b850 (0x7a3f2a23) sw      gp, 1972(t5)
core   0: 3 0x8000b850 (0x7a3f2a23) mem 0x8000c000 0x00000001
core   0: 0x8000b854 (0x0000bfe5) c.j     pc - 8
core   0: 3 0x8000b854 (0xbfe5)
core   0: 0x8000b84c (0x00000f17) auipc   t5, 0x0
core   0: 3 0x8000b84c (0x00000f17) x30 0x8000b84c
core   0: 0x8000b850 (0x7a3f2a23) sw      gp, 1972(t5)
core   0: 3 0x8000b850 (0x7a3f2a23) mem 0x8000c000 0x00000001
core   0: 0x8000b854 (0x0000bfe5) c.j     pc - 8
core   0: 3 0x8000b854 (0xbfe5)
core   0: 0x8000b84c (0x00000f17) auipc   t5, 0x0
core   0: 3 0x8000b84c (0x00000f17) x30 0x8000b84c
core   0: 0x8000b850 (0x7a3f2a23) sw      gp, 1972(t5)
core   0: 3 0x8000b850 (0x7a3f2a23) mem 0x8000c000 0x00000001
core   0: 0x8000b854 (0x0000bfe5) c.j     pc - 8
core   0: 3 0x8000b854 (0xbfe5)
core   0: 0x8000b84c (0x00000f17) auipc   t5, 0x0
core   0: 3 0x8000b84c (0x00000f17) x30 0x8000b84c
core   0: 0x8000b850 (0x7a3f2a23) sw      gp, 1972(t5)
core   0: 3 0x8000b850 (0x7a3f2a23) mem 0x8000c000 0x00000001
core   0: 0x8000b854 (0x0000bfe5) c.j     pc - 8
core   0: 3 0x8000b854 (0xbfe5)
core   0: 0x8000b84c (0x00000f17) auipc   t5, 0x0
core   0: 3 0x8000b84c (0x00000f17) x30 0x8000b84c
core   0: 0x8000b850 (0x7a3f2a23) sw      gp, 1972(t5)
core   0: 3 0x8000b850 (0x7a3f2a23) mem 0x8000c000 0x00000001
core   0: 0x8000b854 (0x0000bfe5) c.j     pc - 8
core   0: 3 0x8000b854 (0xbfe5)
core   0: 0x8000b84c (0x00000f17) auipc   t5, 0x0
core   0: 3 0x8000b84c (0x00000f17) x30 0x8000b84c
core   0: 0x8000b850 (0x7a3f2a23) sw      gp, 1972(t5)
core   0: 3 0x8000b850 (0x7a3f2a23) mem 0x8000c000 0x00000001
core   0: 0x8000b854 (0x0000bfe5) c.j     pc - 8
core   0: 3 0x8000b854 (0xbfe5)
core   0: 0x8000b84c (0x00000f17) auipc   t5, 0x0
core   0: 3 0x8000b84c (0x00000f17) x30 0x8000b84c
core   0: 0x8000b850 (0x7a3f2a23) sw      gp, 1972(t5)
core   0: 3 0x8000b850 (0x7a3f2a23) mem 0x8000c000 0x00000001
core   0: 0x8000b854 (0x0000bfe5) c.j     pc - 8
core   0: 3 0x8000b854 (0xbfe5)
core   0: 0x8000b84c (0x00000f17) auipc   t5, 0x0
core   0: 3 0x8000b84c (0x00000f17) x30 0x8000b84c
core   0: 0x8000b850 (0x7a3f2a23) sw      gp, 1972(t5)
core   0: 3 0x8000b850 (0x7a3f2a23) mem 0x8000c000 0x00000001
core   0: 0x8000b854 (0x0000bfe5) c.j     pc - 8
core   0: 3 0x8000b854 (0xbfe5)
core   0: 0x8000b84c (0x00000f17) auipc   t5, 0x0
core   0: 3 0x8000b84c (0x00000f17) x30 0x8000b84c
core   0: 0x8000b850 (0x7a3f2a23) sw      gp, 1972(t5)
core   0: 3 0x8000b850 (0x7a3f2a23) mem 0x8000c000 0x00000001
core   0: 0x8000b854 (0x0000bfe5) c.j     pc - 8
core   0: 3 0x8000b854 (0xbfe5)
core   0: 0x8000b84c (0x00000f17) auipc   t5, 0x0
core   0: 3 0x8000b84c (0x00000f17) x30 0x8000b84c
core   0: 0x8000b850 (0x7a3f2a23) sw      gp, 1972(t5)
core   0: 3 0x8000b850 (0x7a3f2a23) mem 0x8000c000 0x00000001
core   0: 0x8000b854 (0x0000bfe5) c.j     pc - 8
core   0: 3 0x8000b854 (0xbfe5)
core   0: 0x8000b84c (0x00000f17) auipc   t5, 0x0
core   0: 3 0x8000b84c (0x00000f17) x30 0x8000b84c
core   0: 0x8000b850 (0x7a3f2a23) sw      gp, 1972(t5)
core   0: 3 0x8000b850 (0x7a3f2a23) mem 0x8000c000 0x00000001
core   0: 0x8000b854 (0x0000bfe5) c.j     pc - 8
core   0: 3 0x8000b854 (0xbfe5)
core   0: 0x8000b84c (0x00000f17) auipc   t5, 0x0
core   0: 3 0x8000b84c (0x00000f17) x30 0x8000b84c
core   0: 0x8000b850 (0x7a3f2a23) sw      gp, 1972(t5)
core   0: 3 0x8000b850 (0x7a3f2a23) mem 0x8000c000 0x00000001
core   0: 0x8000b854 (0x0000bfe5) c.j     pc - 8
core   0: 3 0x8000b854 (0xbfe5)
core   0: 0x8000b84c (0x00000f17) auipc   t5, 0x0
core   0: 3 0x8000b84c (0x00000f17) x30 0x8000b84c
core   0: 0x8000b850 (0x7a3f2a23) sw      gp, 1972(t5)
core   0: 3 0x8000b850 (0x7a3f2a23) mem 0x8000c000 0x00000001
core   0: 0x8000b854 (0x0000bfe5) c.j     pc - 8
core   0: 3 0x8000b854 (0xbfe5)
core   0: 0x8000b84c (0x00000f17) auipc   t5, 0x0
core   0: 3 0x8000b84c (0x00000f17) x30 0x8000b84c
core   0: 0x8000b850 (0x7a3f2a23) sw      gp, 1972(t5)
core   0: 3 0x8000b850 (0x7a3f2a23) mem 0x8000c000 0x00000001
core   0: 0x8000b854 (0x0000bfe5) c.j     pc - 8
core   0: 3 0x8000b854 (0xbfe5)
core   0: 0x8000b84c (0x00000f17) auipc   t5, 0x0
core   0: 3 0x8000b84c (0x00000f17) x30 0x8000b84c
core   0: 0x8000b850 (0x7a3f2a23) sw      gp, 1972(t5)
core   0: 3 0x8000b850 (0x7a3f2a23) mem 0x8000c000 0x00000001
core   0: 0x8000b854 (0x0000bfe5) c.j     pc - 8
core   0: 3 0x8000b854 (0xbfe5)
core   0: 0x8000b84c (0x00000f17) auipc   t5, 0x0
core   0: 3 0x8000b84c (0x00000f17) x30 0x8000b84c
core   0: 0x8000b850 (0x7a3f2a23) sw      gp, 1972(t5)
core   0: 3 0x8000b850 (0x7a3f2a23) mem 0x8000c000 0x00000001
core   0: 0x8000b854 (0x0000bfe5) c.j     pc - 8
core   0: 3 0x8000b854 (0xbfe5)
core   0: 0x8000b84c (0x00000f17) auipc   t5, 0x0
core   0: 3 0x8000b84c (0x00000f17) x30 0x8000b84c
core   0: 0x8000b850 (0x7a3f2a23) sw      gp, 1972(t5)
core   0: 3 0x8000b850 (0x7a3f2a23) mem 0x8000c000 0x00000001
core   0: 0x8000b854 (0x0000bfe5) c.j     pc - 8
core   0: 3 0x8000b854 (0xbfe5)
core   0: 0x8000b84c (0x00000f17) auipc   t5, 0x0
core   0: 3 0x8000b84c (0x00000f17) x30 0x8000b84c
core   0: 0x8000b850 (0x7a3f2a23) sw      gp, 1972(t5)
core   0: 3 0x8000b850 (0x7a3f2a23) mem 0x8000c000 0x00000001
core   0: 0x8000b854 (0x0000bfe5) c.j     pc - 8
core   0: 3 0x8000b854 (0xbfe5)
core   0: 0x8000b84c (0x00000f17) auipc   t5, 0x0
core   0: 3 0x8000b84c (0x00000f17) x30 0x8000b84c
core   0: 0x8000b850 (0x7a3f2a23) sw      gp, 1972(t5)
core   0: 3 0x8000b850 (0x7a3f2a23) mem 0x8000c000 0x00000001
core   0: 0x8000b854 (0x0000bfe5) c.j     pc - 8
core   0: 3 0x8000b854 (0xbfe5)
core   0: 0x8000b84c (0x00000f17) auipc   t5, 0x0
core   0: 3 0x8000b84c (0x00000f17) x30 0x8000b84c
core   0: 0x8000b850 (0x7a3f2a23) sw      gp, 1972(t5)
core   0: 3 0x8000b850 (0x7a3f2a23) mem 0x8000c000 0x00000001
core   0: 0x8000b854 (0x0000bfe5) c.j     pc - 8
core   0: 3 0x8000b854 (0xbfe5)
core   0: 0x8000b84c (0x00000f17) auipc   t5, 0x0
core   0: 3 0x8000b84c (0x00000f17) x30 0x8000b84c
core   0: 0x8000b850 (0x7a3f2a23) sw      gp, 1972(t5)
core   0: 3 0x8000b850 (0x7a3f2a23) mem 0x8000c000 0x00000001
core   0: 0x8000b854 (0x0000bfe5) c.j     pc - 8
core   0: 3 0x8000b854 (0xbfe5)
core   0: 0x8000b84c (0x00000f17) auipc   t5, 0x0
core   0: 3 0x8000b84c (0x00000f17) x30 0x8000b84c
core   0: 0x8000b850 (0x7a3f2a23) sw      gp, 1972(t5)
core   0: 3 0x8000b850 (0x7a3f2a23) mem 0x8000c000 0x00000001
core   0: 0x8000b854 (0x0000bfe5) c.j     pc - 8
core   0: 3 0x8000b854 (0xbfe5)
core   0: 0x8000b84c (0x00000f17) auipc   t5, 0x0
core   0: 3 0x8000b84c (0x00000f17) x30 0x8000b84c
core   0: 0x8000b850 (0x7a3f2a23) sw      gp, 1972(t5)
core   0: 3 0x8000b850 (0x7a3f2a23) mem 0x8000c000 0x00000001
core   0: 0x8000b854 (0x0000bfe5) c.j     pc - 8
core   0: 3 0x8000b854 (0xbfe5)
core   0: 0x8000b84c (0x00000f17) auipc   t5, 0x0
core   0: 3 0x8000b84c (0x00000f17) x30 0x8000b84c
core   0: 0x8000b850 (0x7a3f2a23) sw      gp, 1972(t5)
core   0: 3 0x8000b850 (0x7a3f2a23) mem 0x8000c000 0x00000001
core   0: 0x8000b854 (0x0000bfe5) c.j     pc - 8
core   0: 3 0x8000b854 (0xbfe5)
core   0: 0x8000b84c (0x00000f17) auipc   t5, 0x0
core   0: 3 0x8000b84c (0x00000f17) x30 0x8000b84c
core   0: 0x8000b850 (0x7a3f2a23) sw      gp, 1972(t5)
core   0: 3 0x8000b850 (0x7a3f2a23) mem 0x8000c000 0x00000001
core   0: 0x8000b854 (0x0000bfe5) c.j     pc - 8
core   0: 3 0x8000b854 (0xbfe5)
core   0: 0x8000b84c (0x00000f17) auipc   t5, 0x0
core   0: 3 0x8000b84c (0x00000f17) x30 0x8000b84c
core   0: 0x8000b850 (0x7a3f2a23) sw      gp, 1972(t5)
core   0: 3 0x8000b850 (0x7a3f2a23) mem 0x8000c000 0x00000001
core   0: 0x8000b854 (0x0000bfe5) c.j     pc - 8
core   0: 3 0x8000b854 (0xbfe5)
core   0: 0x8000b84c (0x00000f17) auipc   t5, 0x0
core   0: 3 0x8000b84c (0x00000f17) x30 0x8000b84c
core   0: 0x8000b850 (0x7a3f2a23) sw      gp, 1972(t5)
core   0: 3 0x8000b850 (0x7a3f2a23) mem 0x8000c000 0x00000001
core   0: 0x8000b854 (0x0000bfe5) c.j     pc - 8
core   0: 3 0x8000b854 (0xbfe5)
core   0: 0x8000b84c (0x00000f17) auipc   t5, 0x0
core   0: 3 0x8000b84c (0x00000f17) x30 0x8000b84c
core   0: 0x8000b850 (0x7a3f2a23) sw      gp, 1972(t5)
core   0: 3 0x8000b850 (0x7a3f2a23) mem 0x8000c000 0x00000001
core   0: 0x8000b854 (0x0000bfe5) c.j     pc - 8
core   0: 3 0x8000b854 (0xbfe5)
core   0: 0x8000b84c (0x00000f17) auipc   t5, 0x0
core   0: 3 0x8000b84c (0x00000f17) x30 0x8000b84c
core   0: 0x8000b850 (0x7a3f2a23) sw      gp, 1972(t5)
core   0: 3 0x8000b850 (0x7a3f2a23) mem 0x8000c000 0x00000001
core   0: 0x8000b854 (0x0000bfe5) c.j     pc - 8
core   0: 3 0x8000b854 (0xbfe5)
core   0: 0x8000b84c (0x00000f17) auipc   t5, 0x0
core   0: 3 0x8000b84c (0x00000f17) x30 0x8000b84c
core   0: 0x8000b850 (0x7a3f2a23) sw      gp, 1972(t5)
core   0: 3 0x8000b850 (0x7a3f2a23) mem 0x8000c000 0x00000001
core   0: 0x8000b854 (0x0000bfe5) c.j     pc - 8
core   0: 3 0x8000b854 (0xbfe5)
core   0: 0x8000b84c (0x00000f17) auipc   t5, 0x0
core   0: 3 0x8000b84c (0x00000f17) x30 0x8000b84c
core   0: 0x8000b850 (0x7a3f2a23) sw      gp, 1972(t5)
core   0: 3 0x8000b850 (0x7a3f2a23) mem 0x8000c000 0x00000001
core   0: 0x8000b854 (0x0000bfe5) c.j     pc - 8
core   0: 3 0x8000b854 (0xbfe5)
core   0: 0x8000b84c (0x00000f17) auipc   t5, 0x0
core   0: 3 0x8000b84c (0x00000f17) x30 0x8000b84c
core   0: 0x8000b850 (0x7a3f2a23) sw      gp, 1972(t5)
core   0: 3 0x8000b850 (0x7a3f2a23) mem 0x8000c000 0x00000001
core   0: 0x8000b854 (0x0000bfe5) c.j     pc - 8
core   0: 3 0x8000b854 (0xbfe5)
core   0: 0x8000b84c (0x00000f17) auipc   t5, 0x0
core   0: 3 0x8000b84c (0x00000f17) x30 0x8000b84c
core   0: 0x8000b850 (0x7a3f2a23) sw      gp, 1972(t5)
core   0: 3 0x8000b850 (0x7a3f2a23) mem 0x8000c000 0x00000001
core   0: 0x8000b854 (0x0000bfe5) c.j     pc - 8
core   0: 3 0x8000b854 (0xbfe5)
core   0: 0x8000b84c (0x00000f17) auipc   t5, 0x0
core   0: 3 0x8000b84c (0x00000f17) x30 0x8000b84c
core   0: 0x8000b850 (0x7a3f2a23) sw      gp, 1972(t5)
core   0: 3 0x8000b850 (0x7a3f2a23) mem 0x8000c000 0x00000001
core   0: 0x8000b854 (0x0000bfe5) c.j     pc - 8
core   0: 3 0x8000b854 (0xbfe5)
core   0: 0x8000b84c (0x00000f17) auipc   t5, 0x0
core   0: 3 0x8000b84c (0x00000f17) x30 0x8000b84c
core   0: 0x8000b850 (0x7a3f2a23) sw      gp, 1972(t5)
core   0: 3 0x8000b850 (0x7a3f2a23) mem 0x8000c000 0x00000001
core   0: 0x8000b854 (0x0000bfe5) c.j     pc - 8
core   0: 3 0x8000b854 (0xbfe5)
core   0: 0x8000b84c (0x00000f17) auipc   t5, 0x0
core   0: 3 0x8000b84c (0x00000f17) x30 0x8000b84c
core   0: 0x8000b850 (0x7a3f2a23) sw      gp, 1972(t5)
core   0: 3 0x8000b850 (0x7a3f2a23) mem 0x8000c000 0x00000001
core   0: 0x8000b854 (0x0000bfe5) c.j     pc - 8
core   0: 3 0x8000b854 (0xbfe5)
core   0: 0x8000b84c (0x00000f17) auipc   t5, 0x0
core   0: 3 0x8000b84c (0x00000f17) x30 0x8000b84c
core   0: 0x8000b850 (0x7a3f2a23) sw      gp, 1972(t5)
core   0: 3 0x8000b850 (0x7a3f2a23) mem 0x8000c000 0x00000001
core   0: 0x8000b854 (0x0000bfe5) c.j     pc - 8
core   0: 3 0x8000b854 (0xbfe5)
core   0: 0x8000b84c (0x00000f17) auipc   t5, 0x0
core   0: 3 0x8000b84c (0x00000f17) x30 0x8000b84c
core   0: 0x8000b850 (0x7a3f2a23) sw      gp, 1972(t5)
core   0: 3 0x8000b850 (0x7a3f2a23) mem 0x8000c000 0x00000001
core   0: 0x8000b854 (0x0000bfe5) c.j     pc - 8
core   0: 3 0x8000b854 (0xbfe5)
core   0: 0x8000b84c (0x00000f17) auipc   t5, 0x0
core   0: 3 0x8000b84c (0x00000f17) x30 0x8000b84c
core   0: 0x8000b850 (0x7a3f2a23) sw      gp, 1972(t5)
core   0: 3 0x8000b850 (0x7a3f2a23) mem 0x8000c000 0x00000001
core   0: 0x8000b854 (0x0000bfe5) c.j     pc - 8
core   0: 3 0x8000b854 (0xbfe5)
core   0: 0x8000b84c (0x00000f17) auipc   t5, 0x0
core   0: 3 0x8000b84c (0x00000f17) x30 0x8000b84c
core   0: 0x8000b850 (0x7a3f2a23) sw      gp, 1972(t5)
core   0: 3 0x8000b850 (0x7a3f2a23) mem 0x8000c000 0x00000001
core   0: 0x8000b854 (0x0000bfe5) c.j     pc - 8
core   0: 3 0x8000b854 (0xbfe5)
core   0: 0x8000b84c (0x00000f17) auipc   t5, 0x0
core   0: 3 0x8000b84c (0x00000f17) x30 0x8000b84c
core   0: 0x8000b850 (0x7a3f2a23) sw      gp, 1972(t5)
core   0: 3 0x8000b850 (0x7a3f2a23) mem 0x8000c000 0x00000001
core   0: 0x8000b854 (0x0000bfe5) c.j     pc - 8
core   0: 3 0x8000b854 (0xbfe5)
core   0: 0x8000b84c (0x00000f17) auipc   t5, 0x0
core   0: 3 0x8000b84c (0x00000f17) x30 0x8000b84c
core   0: 0x8000b850 (0x7a3f2a23) sw      gp, 1972(t5)
core   0: 3 0x8000b850 (0x7a3f2a23) mem 0x8000c000 0x00000001
core   0: 0x8000b854 (0x0000bfe5) c.j     pc - 8
core   0: 3 0x8000b854 (0xbfe5)
core   0: 0x8000b84c (0x00000f17) auipc   t5, 0x0
core   0: 3 0x8000b84c (0x00000f17) x30 0x8000b84c
core   0: 0x8000b850 (0x7a3f2a23) sw      gp, 1972(t5)
core   0: 3 0x8000b850 (0x7a3f2a23) mem 0x8000c000 0x00000001
core   0: 0x8000b854 (0x0000bfe5) c.j     pc - 8
core   0: 3 0x8000b854 (0xbfe5)
core   0: 0x8000b84c (0x00000f17) auipc   t5, 0x0
core   0: 3 0x8000b84c (0x00000f17) x30 0x8000b84c
core   0: 0x8000b850 (0x7a3f2a23) sw      gp, 1972(t5)
core   0: 3 0x8000b850 (0x7a3f2a23) mem 0x8000c000 0x00000001
core   0: 0x8000b854 (0x0000bfe5) c.j     pc - 8
core   0: 3 0x8000b854 (0xbfe5)
core   0: 0x8000b84c (0x00000f17) auipc   t5, 0x0
core   0: 3 0x8000b84c (0x00000f17) x30 0x8000b84c
core   0: 0x8000b850 (0x7a3f2a23) sw      gp, 1972(t5)
core   0: 3 0x8000b850 (0x7a3f2a23) mem 0x8000c000 0x00000001
core   0: 0x8000b854 (0x0000bfe5) c.j     pc - 8
core   0: 3 0x8000b854 (0xbfe5)
core   0: 0x8000b84c (0x00000f17) auipc   t5, 0x0
core   0: 3 0x8000b84c (0x00000f17) x30 0x8000b84c
core   0: 0x8000b850 (0x7a3f2a23) sw      gp, 1972(t5)
core   0: 3 0x8000b850 (0x7a3f2a23) mem 0x8000c000 0x00000001
core   0: 0x8000b854 (0x0000bfe5) c.j     pc - 8
core   0: 3 0x8000b854 (0xbfe5)
core   0: 0x8000b84c (0x00000f17) auipc   t5, 0x0
core   0: 3 0x8000b84c (0x00000f17) x30 0x8000b84c
core   0: 0x8000b850 (0x7a3f2a23) sw      gp, 1972(t5)
core   0: 3 0x8000b850 (0x7a3f2a23) mem 0x8000c000 0x00000001
core   0: 0x8000b854 (0x0000bfe5) c.j     pc - 8
core   0: 3 0x8000b854 (0xbfe5)
core   0: 0x8000b84c (0x00000f17) auipc   t5, 0x0
core   0: 3 0x8000b84c (0x00000f17) x30 0x8000b84c
core   0: 0x8000b850 (0x7a3f2a23) sw      gp, 1972(t5)
core   0: 3 0x8000b850 (0x7a3f2a23) mem 0x8000c000 0x00000001
core   0: 0x8000b854 (0x0000bfe5) c.j     pc - 8
core   0: 3 0x8000b854 (0xbfe5)
core   0: 0x8000b84c (0x00000f17) auipc   t5, 0x0
core   0: 3 0x8000b84c (0x00000f17) x30 0x8000b84c
core   0: 0x8000b850 (0x7a3f2a23) sw      gp, 1972(t5)
core   0: 3 0x8000b850 (0x7a3f2a23) mem 0x8000c000 0x00000001
core   0: 0x8000b854 (0x0000bfe5) c.j     pc - 8
core   0: 3 0x8000b854 (0xbfe5)
core   0: 0x8000b84c (0x00000f17) auipc   t5, 0x0
core   0: 3 0x8000b84c (0x00000f17) x30 0x8000b84c
core   0: 0x8000b850 (0x7a3f2a23) sw      gp, 1972(t5)
core   0: 3 0x8000b850 (0x7a3f2a23) mem 0x8000c000 0x00000001
core   0: 0x8000b854 (0x0000bfe5) c.j     pc - 8
core   0: 3 0x8000b854 (0xbfe5)
core   0: 0x8000b84c (0x00000f17) auipc   t5, 0x0
core   0: 3 0x8000b84c (0x00000f17) x30 0x8000b84c
core   0: 0x8000b850 (0x7a3f2a23) sw      gp, 1972(t5)
core   0: 3 0x8000b850 (0x7a3f2a23) mem 0x8000c000 0x00000001
core   0: 0x8000b854 (0x0000bfe5) c.j     pc - 8
core   0: 3 0x8000b854 (0xbfe5)
core   0: 0x8000b84c (0x00000f17) auipc   t5, 0x0
core   0: 3 0x8000b84c (0x00000f17) x30 0x8000b84c
core   0: 0x8000b850 (0x7a3f2a23) sw      gp, 1972(t5)
core   0: 3 0x8000b850 (0x7a3f2a23) mem 0x8000c000 0x00000001
core   0: 0x8000b854 (0x0000bfe5) c.j     pc - 8
core   0: 3 0x8000b854 (0xbfe5)
core   0: 0x8000b84c (0x00000f17) auipc   t5, 0x0
core   0: 3 0x8000b84c (0x00000f17) x30 0x8000b84c
core   0: 0x8000b850 (0x7a3f2a23) sw      gp, 1972(t5)
core   0: 3 0x8000b850 (0x7a3f2a23) mem 0x8000c000 0x00000001
core   0: 0x8000b854 (0x0000bfe5) c.j     pc - 8
core   0: 3 0x8000b854 (0xbfe5)
core   0: 0x8000b84c (0x00000f17) auipc   t5, 0x0
core   0: 3 0x8000b84c (0x00000f17) x30 0x8000b84c
core   0: 0x8000b850 (0x7a3f2a23) sw      gp, 1972(t5)
core   0: 3 0x8000b850 (0x7a3f2a23) mem 0x8000c000 0x00000001
core   0: 0x8000b854 (0x0000bfe5) c.j     pc - 8
core   0: 3 0x8000b854 (0xbfe5)
core   0: 0x8000b84c (0x00000f17) auipc   t5, 0x0
core   0: 3 0x8000b84c (0x00000f17) x30 0x8000b84c
core   0: 0x8000b850 (0x7a3f2a23) sw      gp, 1972(t5)
core   0: 3 0x8000b850 (0x7a3f2a23) mem 0x8000c000 0x00000001
core   0: 0x8000b854 (0x0000bfe5) c.j     pc - 8
core   0: 3 0x8000b854 (0xbfe5)
core   0: 0x8000b84c (0x00000f17) auipc   t5, 0x0
core   0: 3 0x8000b84c (0x00000f17) x30 0x8000b84c
core   0: 0x8000b850 (0x7a3f2a23) sw      gp, 1972(t5)
core   0: 3 0x8000b850 (0x7a3f2a23) mem 0x8000c000 0x00000001
core   0: 0x8000b854 (0x0000bfe5) c.j     pc - 8
core   0: 3 0x8000b854 (0xbfe5)
core   0: 0x8000b84c (0x00000f17) auipc   t5, 0x0
core   0: 3 0x8000b84c (0x00000f17) x30 0x8000b84c
core   0: 0x8000b850 (0x7a3f2a23) sw      gp, 1972(t5)
core   0: 3 0x8000b850 (0x7a3f2a23) mem 0x8000c000 0x00000001
core   0: 0x8000b854 (0x0000bfe5) c.j     pc - 8
core   0: 3 0x8000b854 (0xbfe5)
core   0: 0x8000b84c (0x00000f17) auipc   t5, 0x0
core   0: 3 0x8000b84c (0x00000f17) x30 0x8000b84c
core   0: 0x8000b850 (0x7a3f2a23) sw      gp, 1972(t5)
core   0: 3 0x8000b850 (0x7a3f2a23) mem 0x8000c000 0x00000001
core   0: 0x8000b854 (0x0000bfe5) c.j     pc - 8
core   0: 3 0x8000b854 (0xbfe5)
core   0: 0x8000b84c (0x00000f17) auipc   t5, 0x0
core   0: 3 0x8000b84c (0x00000f17) x30 0x8000b84c
core   0: 0x8000b850 (0x7a3f2a23) sw      gp, 1972(t5)
core   0: 3 0x8000b850 (0x7a3f2a23) mem 0x8000c000 0x00000001
core   0: 0x8000b854 (0x0000bfe5) c.j     pc - 8
core   0: 3 0x8000b854 (0xbfe5)
core   0: 0x8000b84c (0x00000f17) auipc   t5, 0x0
core   0: 3 0x8000b84c (0x00000f17) x30 0x8000b84c
core   0: 0x8000b850 (0x7a3f2a23) sw      gp, 1972(t5)
core   0: 3 0x8000b850 (0x7a3f2a23) mem 0x8000c000 0x00000001
core   0: 0x8000b854 (0x0000bfe5) c.j     pc - 8
core   0: 3 0x8000b854 (0xbfe5)
core   0: 0x8000b84c (0x00000f17) auipc   t5, 0x0
core   0: 3 0x8000b84c (0x00000f17) x30 0x8000b84c
core   0: 0x8000b850 (0x7a3f2a23) sw      gp, 1972(t5)
core   0: 3 0x8000b850 (0x7a3f2a23) mem 0x8000c000 0x00000001
core   0: 0x8000b854 (0x0000bfe5) c.j     pc - 8
core   0: 3 0x8000b854 (0xbfe5)
core   0: 0x8000b84c (0x00000f17) auipc   t5, 0x0
core   0: 3 0x8000b84c (0x00000f17) x30 0x8000b84c
core   0: 0x8000b850 (0x7a3f2a23) sw      gp, 1972(t5)
core   0: 3 0x8000b850 (0x7a3f2a23) mem 0x8000c000 0x00000001
core   0: 0x8000b854 (0x0000bfe5) c.j     pc - 8
core   0: 3 0x8000b854 (0xbfe5)
core   0: 0x8000b84c (0x00000f17) auipc   t5, 0x0
core   0: 3 0x8000b84c (0x00000f17) x30 0x8000b84c
core   0: 0x8000b850 (0x7a3f2a23) sw      gp, 1972(t5)
core   0: 3 0x8000b850 (0x7a3f2a23) mem 0x8000c000 0x00000001
core   0: 0x8000b854 (0x0000bfe5) c.j     pc - 8
core   0: 3 0x8000b854 (0xbfe5)
core   0: 0x8000b84c (0x00000f17) auipc   t5, 0x0
core   0: 3 0x8000b84c (0x00000f17) x30 0x8000b84c
core   0: 0x8000b850 (0x7a3f2a23) sw      gp, 1972(t5)
core   0: 3 0x8000b850 (0x7a3f2a23) mem 0x8000c000 0x00000001
core   0: 0x8000b854 (0x0000bfe5) c.j     pc - 8
core   0: 3 0x8000b854 (0xbfe5)
core   0: 0x8000b84c (0x00000f17) auipc   t5, 0x0
core   0: 3 0x8000b84c (0x00000f17) x30 0x8000b84c
core   0: 0x8000b850 (0x7a3f2a23) sw      gp, 1972(t5)
core   0: 3 0x8000b850 (0x7a3f2a23) mem 0x8000c000 0x00000001
core   0: 0x8000b854 (0x0000bfe5) c.j     pc - 8
core   0: 3 0x8000b854 (0xbfe5)
core   0: 0x8000b84c (0x00000f17) auipc   t5, 0x0
core   0: 3 0x8000b84c (0x00000f17) x30 0x8000b84c
core   0: 0x8000b850 (0x7a3f2a23) sw      gp, 1972(t5)
core   0: 3 0x8000b850 (0x7a3f2a23) mem 0x8000c000 0x00000001
core   0: 0x8000b854 (0x0000bfe5) c.j     pc - 8
core   0: 3 0x8000b854 (0xbfe5)
core   0: 0x8000b84c (0x00000f17) auipc   t5, 0x0
core   0: 3 0x8000b84c (0x00000f17) x30 0x8000b84c
core   0: 0x8000b850 (0x7a3f2a23) sw      gp, 1972(t5)
core   0: 3 0x8000b850 (0x7a3f2a23) mem 0x8000c000 0x00000001
core   0: 0x8000b854 (0x0000bfe5) c.j     pc - 8
core   0: 3 0x8000b854 (0xbfe5)
core   0: 0x8000b84c (0x00000f17) auipc   t5, 0x0
core   0: 3 0x8000b84c (0x00000f17) x30 0x8000b84c
core   0: 0x8000b850 (0x7a3f2a23) sw      gp, 1972(t5)
core   0: 3 0x8000b850 (0x7a3f2a23) mem 0x8000c000 0x00000001
core   0: 0x8000b854 (0x0000bfe5) c.j     pc - 8
core   0: 3 0x8000b854 (0xbfe5)
core   0: 0x8000b84c (0x00000f17) auipc   t5, 0x0
core   0: 3 0x8000b84c (0x00000f17) x30 0x8000b84c
core   0: 0x8000b850 (0x7a3f2a23) sw      gp, 1972(t5)
core   0: 3 0x8000b850 (0x7a3f2a23) mem 0x8000c000 0x00000001
core   0: 0x8000b854 (0x0000bfe5) c.j     pc - 8
core   0: 3 0x8000b854 (0xbfe5)
core   0: 0x8000b84c (0x00000f17) auipc   t5, 0x0
core   0: 3 0x8000b84c (0x00000f17) x30 0x8000b84c
core   0: 0x8000b850 (0x7a3f2a23) sw      gp, 1972(t5)
core   0: 3 0x8000b850 (0x7a3f2a23) mem 0x8000c000 0x00000001
core   0: 0x8000b854 (0x0000bfe5) c.j     pc - 8
core   0: 3 0x8000b854 (0xbfe5)
core   0: 0x8000b84c (0x00000f17) auipc   t5, 0x0
core   0: 3 0x8000b84c (0x00000f17) x30 0x8000b84c
core   0: 0x8000b850 (0x7a3f2a23) sw      gp, 1972(t5)
core   0: 3 0x8000b850 (0x7a3f2a23) mem 0x8000c000 0x00000001
core   0: 0x8000b854 (0x0000bfe5) c.j     pc - 8
core   0: 3 0x8000b854 (0xbfe5)
core   0: 0x8000b84c (0x00000f17) auipc   t5, 0x0
core   0: 3 0x8000b84c (0x00000f17) x30 0x8000b84c
core   0: 0x8000b850 (0x7a3f2a23) sw      gp, 1972(t5)
core   0: 3 0x8000b850 (0x7a3f2a23) mem 0x8000c000 0x00000001
core   0: 0x8000b854 (0x0000bfe5) c.j     pc - 8
core   0: 3 0x8000b854 (0xbfe5)
core   0: 0x8000b84c (0x00000f17) auipc   t5, 0x0
core   0: 3 0x8000b84c (0x00000f17) x30 0x8000b84c
core   0: 0x8000b850 (0x7a3f2a23) sw      gp, 1972(t5)
core   0: 3 0x8000b850 (0x7a3f2a23) mem 0x8000c000 0x00000001
core   0: 0x8000b854 (0x0000bfe5) c.j     pc - 8
core   0: 3 0x8000b854 (0xbfe5)
core   0: 0x8000b84c (0x00000f17) auipc   t5, 0x0
core   0: 3 0x8000b84c (0x00000f17) x30 0x8000b84c
core   0: 0x8000b850 (0x7a3f2a23) sw      gp, 1972(t5)
core   0: 3 0x8000b850 (0x7a3f2a23) mem 0x8000c000 0x00000001
core   0: 0x8000b854 (0x0000bfe5) c.j     pc - 8
core   0: 3 0x8000b854 (0xbfe5)
core   0: 0x8000b84c (0x00000f17) auipc   t5, 0x0
core   0: 3 0x8000b84c (0x00000f17) x30 0x8000b84c
core   0: 0x8000b850 (0x7a3f2a23) sw      gp, 1972(t5)
core   0: 3 0x8000b850 (0x7a3f2a23) mem 0x8000c000 0x00000001
core   0: 0x8000b854 (0x0000bfe5) c.j     pc - 8
core   0: 3 0x8000b854 (0xbfe5)
core   0: 0x8000b84c (0x00000f17) auipc   t5, 0x0
core   0: 3 0x8000b84c (0x00000f17) x30 0x8000b84c
core   0: 0x8000b850 (0x7a3f2a23) sw      gp, 1972(t5)
core   0: 3 0x8000b850 (0x7a3f2a23) mem 0x8000c000 0x00000001
core   0: 0x8000b854 (0x0000bfe5) c.j     pc - 8
core   0: 3 0x8000b854 (0xbfe5)
core   0: 0x8000b84c (0x00000f17) auipc   t5, 0x0
core   0: 3 0x8000b84c (0x00000f17) x30 0x8000b84c
core   0: 0x8000b850 (0x7a3f2a23) sw      gp, 1972(t5)
core   0: 3 0x8000b850 (0x7a3f2a23) mem 0x8000c000 0x00000001
core   0: 0x8000b854 (0x0000bfe5) c.j     pc - 8
core   0: 3 0x8000b854 (0xbfe5)
core   0: 0x8000b84c (0x00000f17) auipc   t5, 0x0
core   0: 3 0x8000b84c (0x00000f17) x30 0x8000b84c
core   0: 0x8000b850 (0x7a3f2a23) sw      gp, 1972(t5)
core   0: 3 0x8000b850 (0x7a3f2a23) mem 0x8000c000 0x00000001
core   0: 0x8000b854 (0x0000bfe5) c.j     pc - 8
core   0: 3 0x8000b854 (0xbfe5)
core   0: 0x8000b84c (0x00000f17) auipc   t5, 0x0
core   0: 3 0x8000b84c (0x00000f17) x30 0x8000b84c
core   0: 0x8000b850 (0x7a3f2a23) sw      gp, 1972(t5)
core   0: 3 0x8000b850 (0x7a3f2a23) mem 0x8000c000 0x00000001
core   0: 0x8000b854 (0x0000bfe5) c.j     pc - 8
core   0: 3 0x8000b854 (0xbfe5)
core   0: 0x8000b84c (0x00000f17) auipc   t5, 0x0
core   0: 3 0x8000b84c (0x00000f17) x30 0x8000b84c
core   0: 0x8000b850 (0x7a3f2a23) sw      gp, 1972(t5)
core   0: 3 0x8000b850 (0x7a3f2a23) mem 0x8000c000 0x00000001
core   0: 0x8000b854 (0x0000bfe5) c.j     pc - 8
core   0: 3 0x8000b854 (0xbfe5)
core   0: 0x8000b84c (0x00000f17) auipc   t5, 0x0
core   0: 3 0x8000b84c (0x00000f17) x30 0x8000b84c
core   0: 0x8000b850 (0x7a3f2a23) sw      gp, 1972(t5)
core   0: 3 0x8000b850 (0x7a3f2a23) mem 0x8000c000 0x00000001
core   0: 0x8000b854 (0x0000bfe5) c.j     pc - 8
core   0: 3 0x8000b854 (0xbfe5)
core   0: 0x8000b84c (0x00000f17) auipc   t5, 0x0
core   0: 3 0x8000b84c (0x00000f17) x30 0x8000b84c
core   0: 0x8000b850 (0x7a3f2a23) sw      gp, 1972(t5)
core   0: 3 0x8000b850 (0x7a3f2a23) mem 0x8000c000 0x00000001
core   0: 0x8000b854 (0x0000bfe5) c.j     pc - 8
core   0: 3 0x8000b854 (0xbfe5)
core   0: 0x8000b84c (0x00000f17) auipc   t5, 0x0
core   0: 3 0x8000b84c (0x00000f17) x30 0x8000b84c
core   0: 0x8000b850 (0x7a3f2a23) sw      gp, 1972(t5)
core   0: 3 0x8000b850 (0x7a3f2a23) mem 0x8000c000 0x00000001
core   0: 0x8000b854 (0x0000bfe5) c.j     pc - 8
core   0: 3 0x8000b854 (0xbfe5)
core   0: 0x8000b84c (0x00000f17) auipc   t5, 0x0
core   0: 3 0x8000b84c (0x00000f17) x30 0x8000b84c
core   0: 0x8000b850 (0x7a3f2a23) sw      gp, 1972(t5)
core   0: 3 0x8000b850 (0x7a3f2a23) mem 0x8000c000 0x00000001
core   0: 0x8000b854 (0x0000bfe5) c.j     pc - 8
core   0: 3 0x8000b854 (0xbfe5)
core   0: 0x8000b84c (0x00000f17) auipc   t5, 0x0
core   0: 3 0x8000b84c (0x00000f17) x30 0x8000b84c
core   0: 0x8000b850 (0x7a3f2a23) sw      gp, 1972(t5)
core   0: 3 0x8000b850 (0x7a3f2a23) mem 0x8000c000 0x00000001
core   0: 0x8000b854 (0x0000bfe5) c.j     pc - 8
core   0: 3 0x8000b854 (0xbfe5)
core   0: 0x8000b84c (0x00000f17) auipc   t5, 0x0
core   0: 3 0x8000b84c (0x00000f17) x30 0x8000b84c
core   0: 0x8000b850 (0x7a3f2a23) sw      gp, 1972(t5)
core   0: 3 0x8000b850 (0x7a3f2a23) mem 0x8000c000 0x00000001
core   0: 0x8000b854 (0x0000bfe5) c.j     pc - 8
core   0: 3 0x8000b854 (0xbfe5)
core   0: 0x8000b84c (0x00000f17) auipc   t5, 0x0
core   0: 3 0x8000b84c (0x00000f17) x30 0x8000b84c
core   0: 0x8000b850 (0x7a3f2a23) sw      gp, 1972(t5)
core   0: 3 0x8000b850 (0x7a3f2a23) mem 0x8000c000 0x00000001
core   0: 0x8000b854 (0x0000bfe5) c.j     pc - 8
core   0: 3 0x8000b854 (0xbfe5)
core   0: 0x8000b84c (0x00000f17) auipc   t5, 0x0
core   0: 3 0x8000b84c (0x00000f17) x30 0x8000b84c
core   0: 0x8000b850 (0x7a3f2a23) sw      gp, 1972(t5)
core   0: 3 0x8000b850 (0x7a3f2a23) mem 0x8000c000 0x00000001
core   0: 0x8000b854 (0x0000bfe5) c.j     pc - 8
core   0: 3 0x8000b854 (0xbfe5)
core   0: 0x8000b84c (0x00000f17) auipc   t5, 0x0
core   0: 3 0x8000b84c (0x00000f17) x30 0x8000b84c
core   0: 0x8000b850 (0x7a3f2a23) sw      gp, 1972(t5)
core   0: 3 0x8000b850 (0x7a3f2a23) mem 0x8000c000 0x00000001
core   0: 0x8000b854 (0x0000bfe5) c.j     pc - 8
core   0: 3 0x8000b854 (0xbfe5)
core   0: 0x8000b84c (0x00000f17) auipc   t5, 0x0
core   0: 3 0x8000b84c (0x00000f17) x30 0x8000b84c
core   0: 0x8000b850 (0x7a3f2a23) sw      gp, 1972(t5)
core   0: 3 0x8000b850 (0x7a3f2a23) mem 0x8000c000 0x00000001
core   0: 0x8000b854 (0x0000bfe5) c.j     pc - 8
core   0: 3 0x8000b854 (0xbfe5)
core   0: 0x8000b84c (0x00000f17) auipc   t5, 0x0
core   0: 3 0x8000b84c (0x00000f17) x30 0x8000b84c
core   0: 0x8000b850 (0x7a3f2a23) sw      gp, 1972(t5)
core   0: 3 0x8000b850 (0x7a3f2a23) mem 0x8000c000 0x00000001
core   0: 0x8000b854 (0x0000bfe5) c.j     pc - 8
core   0: 3 0x8000b854 (0xbfe5)
core   0: 0x8000b84c (0x00000f17) auipc   t5, 0x0
core   0: 3 0x8000b84c (0x00000f17) x30 0x8000b84c
core   0: 0x8000b850 (0x7a3f2a23) sw      gp, 1972(t5)
core   0: 3 0x8000b850 (0x7a3f2a23) mem 0x8000c000 0x00000001
core   0: 0x8000b854 (0x0000bfe5) c.j     pc - 8
core   0: 3 0x8000b854 (0xbfe5)
core   0: 0x8000b84c (0x00000f17) auipc   t5, 0x0
core   0: 3 0x8000b84c (0x00000f17) x30 0x8000b84c
core   0: 0x8000b850 (0x7a3f2a23) sw      gp, 1972(t5)
core   0: 3 0x8000b850 (0x7a3f2a23) mem 0x8000c000 0x00000001
core   0: 0x8000b854 (0x0000bfe5) c.j     pc - 8
core   0: 3 0x8000b854 (0xbfe5)
core   0: 0x8000b84c (0x00000f17) auipc   t5, 0x0
core   0: 3 0x8000b84c (0x00000f17) x30 0x8000b84c
core   0: 0x8000b850 (0x7a3f2a23) sw      gp, 1972(t5)
core   0: 3 0x8000b850 (0x7a3f2a23) mem 0x8000c000 0x00000001
core   0: 0x8000b854 (0x0000bfe5) c.j     pc - 8
core   0: 3 0x8000b854 (0xbfe5)
core   0: 0x8000b84c (0x00000f17) auipc   t5, 0x0
core   0: 3 0x8000b84c (0x00000f17) x30 0x8000b84c
core   0: 0x8000b850 (0x7a3f2a23) sw      gp, 1972(t5)
core   0: 3 0x8000b850 (0x7a3f2a23) mem 0x8000c000 0x00000001
core   0: 0x8000b854 (0x0000bfe5) c.j     pc - 8
core   0: 3 0x8000b854 (0xbfe5)
core   0: 0x8000b84c (0x00000f17) auipc   t5, 0x0
core   0: 3 0x8000b84c (0x00000f17) x30 0x8000b84c
core   0: 0x8000b850 (0x7a3f2a23) sw      gp, 1972(t5)
core   0: 3 0x8000b850 (0x7a3f2a23) mem 0x8000c000 0x00000001
core   0: 0x8000b854 (0x0000bfe5) c.j     pc - 8
core   0: 3 0x8000b854 (0xbfe5)
core   0: 0x8000b84c (0x00000f17) auipc   t5, 0x0
core   0: 3 0x8000b84c (0x00000f17) x30 0x8000b84c
core   0: 0x8000b850 (0x7a3f2a23) sw      gp, 1972(t5)
core   0: 3 0x8000b850 (0x7a3f2a23) mem 0x8000c000 0x00000001
core   0: 0x8000b854 (0x0000bfe5) c.j     pc - 8
core   0: 3 0x8000b854 (0xbfe5)
core   0: 0x8000b84c (0x00000f17) auipc   t5, 0x0
core   0: 3 0x8000b84c (0x00000f17) x30 0x8000b84c
core   0: 0x8000b850 (0x7a3f2a23) sw      gp, 1972(t5)
core   0: 3 0x8000b850 (0x7a3f2a23) mem 0x8000c000 0x00000001
core   0: 0x8000b854 (0x0000bfe5) c.j     pc - 8
core   0: 3 0x8000b854 (0xbfe5)
core   0: 0x8000b84c (0x00000f17) auipc   t5, 0x0
core   0: 3 0x8000b84c (0x00000f17) x30 0x8000b84c
core   0: 0x8000b850 (0x7a3f2a23) sw      gp, 1972(t5)
core   0: 3 0x8000b850 (0x7a3f2a23) mem 0x8000c000 0x00000001
core   0: 0x8000b854 (0x0000bfe5) c.j     pc - 8
core   0: 3 0x8000b854 (0xbfe5)
core   0: 0x8000b84c (0x00000f17) auipc   t5, 0x0
core   0: 3 0x8000b84c (0x00000f17) x30 0x8000b84c
core   0: 0x8000b850 (0x7a3f2a23) sw      gp, 1972(t5)
core   0: 3 0x8000b850 (0x7a3f2a23) mem 0x8000c000 0x00000001
core   0: 0x8000b854 (0x0000bfe5) c.j     pc - 8
core   0: 3 0x8000b854 (0xbfe5)
core   0: 0x8000b84c (0x00000f17) auipc   t5, 0x0
core   0: 3 0x8000b84c (0x00000f17) x30 0x8000b84c
core   0: 0x8000b850 (0x7a3f2a23) sw      gp, 1972(t5)
core   0: 3 0x8000b850 (0x7a3f2a23) mem 0x8000c000 0x00000001
core   0: 0x8000b854 (0x0000bfe5) c.j     pc - 8
core   0: 3 0x8000b854 (0xbfe5)
core   0: 0x8000b84c (0x00000f17) auipc   t5, 0x0
core   0: 3 0x8000b84c (0x00000f17) x30 0x8000b84c
core   0: 0x8000b850 (0x7a3f2a23) sw      gp, 1972(t5)
core   0: 3 0x8000b850 (0x7a3f2a23) mem 0x8000c000 0x00000001
core   0: 0x8000b854 (0x0000bfe5) c.j     pc - 8
core   0: 3 0x8000b854 (0xbfe5)
core   0: 0x8000b84c (0x00000f17) auipc   t5, 0x0
core   0: 3 0x8000b84c (0x00000f17) x30 0x8000b84c
core   0: 0x8000b850 (0x7a3f2a23) sw      gp, 1972(t5)
core   0: 3 0x8000b850 (0x7a3f2a23) mem 0x8000c000 0x00000001
core   0: 0x8000b854 (0x0000bfe5) c.j     pc - 8
core   0: 3 0x8000b854 (0xbfe5)
core   0: 0x8000b84c (0x00000f17) auipc   t5, 0x0
core   0: 3 0x8000b84c (0x00000f17) x30 0x8000b84c
core   0: 0x8000b850 (0x7a3f2a23) sw      gp, 1972(t5)
core   0: 3 0x8000b850 (0x7a3f2a23) mem 0x8000c000 0x00000001
core   0: 0x8000b854 (0x0000bfe5) c.j     pc - 8
core   0: 3 0x8000b854 (0xbfe5)
core   0: 0x8000b84c (0x00000f17) auipc   t5, 0x0
core   0: 3 0x8000b84c (0x00000f17) x30 0x8000b84c
core   0: 0x8000b850 (0x7a3f2a23) sw      gp, 1972(t5)
core   0: 3 0x8000b850 (0x7a3f2a23) mem 0x8000c000 0x00000001
core   0: 0x8000b854 (0x0000bfe5) c.j     pc - 8
core   0: 3 0x8000b854 (0xbfe5)
core   0: 0x8000b84c (0x00000f17) auipc   t5, 0x0
core   0: 3 0x8000b84c (0x00000f17) x30 0x8000b84c
core   0: 0x8000b850 (0x7a3f2a23) sw      gp, 1972(t5)
core   0: 3 0x8000b850 (0x7a3f2a23) mem 0x8000c000 0x00000001
core   0: 0x8000b854 (0x0000bfe5) c.j     pc - 8
core   0: 3 0x8000b854 (0xbfe5)
core   0: 0x8000b84c (0x00000f17) auipc   t5, 0x0
core   0: 3 0x8000b84c (0x00000f17) x30 0x8000b84c
core   0: 0x8000b850 (0x7a3f2a23) sw      gp, 1972(t5)
core   0: 3 0x8000b850 (0x7a3f2a23) mem 0x8000c000 0x00000001
core   0: 0x8000b854 (0x0000bfe5) c.j     pc - 8
core   0: 3 0x8000b854 (0xbfe5)
core   0: 0x8000b84c (0x00000f17) auipc   t5, 0x0
core   0: 3 0x8000b84c (0x00000f17) x30 0x8000b84c
core   0: 0x8000b850 (0x7a3f2a23) sw      gp, 1972(t5)
core   0: 3 0x8000b850 (0x7a3f2a23) mem 0x8000c000 0x00000001
core   0: 0x8000b854 (0x0000bfe5) c.j     pc - 8
core   0: 3 0x8000b854 (0xbfe5)
core   0: 0x8000b84c (0x00000f17) auipc   t5, 0x0
core   0: 3 0x8000b84c (0x00000f17) x30 0x8000b84c
core   0: 0x8000b850 (0x7a3f2a23) sw      gp, 1972(t5)
core   0: 3 0x8000b850 (0x7a3f2a23) mem 0x8000c000 0x00000001
core   0: 0x8000b854 (0x0000bfe5) c.j     pc - 8
core   0: 3 0x8000b854 (0xbfe5)
core   0: 0x8000b84c (0x00000f17) auipc   t5, 0x0
core   0: 3 0x8000b84c (0x00000f17) x30 0x8000b84c
core   0: 0x8000b850 (0x7a3f2a23) sw      gp, 1972(t5)
core   0: 3 0x8000b850 (0x7a3f2a23) mem 0x8000c000 0x00000001
core   0: 0x8000b854 (0x0000bfe5) c.j     pc - 8
core   0: 3 0x8000b854 (0xbfe5)
core   0: 0x8000b84c (0x00000f17) auipc   t5, 0x0
core   0: 3 0x8000b84c (0x00000f17) x30 0x8000b84c
core   0: 0x8000b850 (0x7a3f2a23) sw      gp, 1972(t5)
core   0: 3 0x8000b850 (0x7a3f2a23) mem 0x8000c000 0x00000001
core   0: 0x8000b854 (0x0000bfe5) c.j     pc - 8
core   0: 3 0x8000b854 (0xbfe5)
core   0: 0x8000b84c (0x00000f17) auipc   t5, 0x0
core   0: 3 0x8000b84c (0x00000f17) x30 0x8000b84c
core   0: 0x8000b850 (0x7a3f2a23) sw      gp, 1972(t5)
core   0: 3 0x8000b850 (0x7a3f2a23) mem 0x8000c000 0x00000001
core   0: 0x8000b854 (0x0000bfe5) c.j     pc - 8
core   0: 3 0x8000b854 (0xbfe5)
core   0: 0x8000b84c (0x00000f17) auipc   t5, 0x0
core   0: 3 0x8000b84c (0x00000f17) x30 0x8000b84c
core   0: 0x8000b850 (0x7a3f2a23) sw      gp, 1972(t5)
core   0: 3 0x8000b850 (0x7a3f2a23) mem 0x8000c000 0x00000001
core   0: 0x8000b854 (0x0000bfe5) c.j     pc - 8
core   0: 3 0x8000b854 (0xbfe5)
core   0: 0x8000b84c (0x00000f17) auipc   t5, 0x0
core   0: 3 0x8000b84c (0x00000f17) x30 0x8000b84c
core   0: 0x8000b850 (0x7a3f2a23) sw      gp, 1972(t5)
core   0: 3 0x8000b850 (0x7a3f2a23) mem 0x8000c000 0x00000001
core   0: 0x8000b854 (0x0000bfe5) c.j     pc - 8
core   0: 3 0x8000b854 (0xbfe5)
core   0: 0x8000b84c (0x00000f17) auipc   t5, 0x0
core   0: 3 0x8000b84c (0x00000f17) x30 0x8000b84c
core   0: 0x8000b850 (0x7a3f2a23) sw      gp, 1972(t5)
core   0: 3 0x8000b850 (0x7a3f2a23) mem 0x8000c000 0x00000001
core   0: 0x8000b854 (0x0000bfe5) c.j     pc - 8
core   0: 3 0x8000b854 (0xbfe5)
core   0: 0x8000b84c (0x00000f17) auipc   t5, 0x0
core   0: 3 0x8000b84c (0x00000f17) x30 0x8000b84c
core   0: 0x8000b850 (0x7a3f2a23) sw      gp, 1972(t5)
core   0: 3 0x8000b850 (0x7a3f2a23) mem 0x8000c000 0x00000001
core   0: 0x8000b854 (0x0000bfe5) c.j     pc - 8
core   0: 3 0x8000b854 (0xbfe5)
core   0: 0x8000b84c (0x00000f17) auipc   t5, 0x0
core   0: 3 0x8000b84c (0x00000f17) x30 0x8000b84c
core   0: 0x8000b850 (0x7a3f2a23) sw      gp, 1972(t5)
core   0: 3 0x8000b850 (0x7a3f2a23) mem 0x8000c000 0x00000001
core   0: 0x8000b854 (0x0000bfe5) c.j     pc - 8
core   0: 3 0x8000b854 (0xbfe5)
core   0: 0x8000b84c (0x00000f17) auipc   t5, 0x0
core   0: 3 0x8000b84c (0x00000f17) x30 0x8000b84c
core   0: 0x8000b850 (0x7a3f2a23) sw      gp, 1972(t5)
core   0: 3 0x8000b850 (0x7a3f2a23) mem 0x8000c000 0x00000001
core   0: 0x8000b854 (0x0000bfe5) c.j     pc - 8
core   0: 3 0x8000b854 (0xbfe5)
core   0: 0x8000b84c (0x00000f17) auipc   t5, 0x0
core   0: 3 0x8000b84c (0x00000f17) x30 0x8000b84c
core   0: 0x8000b850 (0x7a3f2a23) sw      gp, 1972(t5)
core   0: 3 0x8000b850 (0x7a3f2a23) mem 0x8000c000 0x00000001
core   0: 0x8000b854 (0x0000bfe5) c.j     pc - 8
core   0: 3 0x8000b854 (0xbfe5)
core   0: 0x8000b84c (0x00000f17) auipc   t5, 0x0
core   0: 3 0x8000b84c (0x00000f17) x30 0x8000b84c
core   0: 0x8000b850 (0x7a3f2a23) sw      gp, 1972(t5)
core   0: 3 0x8000b850 (0x7a3f2a23) mem 0x8000c000 0x00000001
core   0: 0x8000b854 (0x0000bfe5) c.j     pc - 8
core   0: 3 0x8000b854 (0xbfe5)
core   0: 0x8000b84c (0x00000f17) auipc   t5, 0x0
core   0: 3 0x8000b84c (0x00000f17) x30 0x8000b84c
core   0: 0x8000b850 (0x7a3f2a23) sw      gp, 1972(t5)
core   0: 3 0x8000b850 (0x7a3f2a23) mem 0x8000c000 0x00000001
core   0: 0x8000b854 (0x0000bfe5) c.j     pc - 8
core   0: 3 0x8000b854 (0xbfe5)
core   0: 0x8000b84c (0x00000f17) auipc   t5, 0x0
core   0: 3 0x8000b84c (0x00000f17) x30 0x8000b84c
core   0: 0x8000b850 (0x7a3f2a23) sw      gp, 1972(t5)
core   0: 3 0x8000b850 (0x7a3f2a23) mem 0x8000c000 0x00000001
core   0: 0x8000b854 (0x0000bfe5) c.j     pc - 8
core   0: 3 0x8000b854 (0xbfe5)
core   0: 0x8000b84c (0x00000f17) auipc   t5, 0x0
core   0: 3 0x8000b84c (0x00000f17) x30 0x8000b84c
core   0: 0x8000b850 (0x7a3f2a23) sw      gp, 1972(t5)
core   0: 3 0x8000b850 (0x7a3f2a23) mem 0x8000c000 0x00000001
core   0: 0x8000b854 (0x0000bfe5) c.j     pc - 8
core   0: 3 0x8000b854 (0xbfe5)
core   0: 0x8000b84c (0x00000f17) auipc   t5, 0x0
core   0: 3 0x8000b84c (0x00000f17) x30 0x8000b84c
core   0: 0x8000b850 (0x7a3f2a23) sw      gp, 1972(t5)
core   0: 3 0x8000b850 (0x7a3f2a23) mem 0x8000c000 0x00000001
core   0: 0x8000b854 (0x0000bfe5) c.j     pc - 8
core   0: 3 0x8000b854 (0xbfe5)
core   0: 0x8000b84c (0x00000f17) auipc   t5, 0x0
core   0: 3 0x8000b84c (0x00000f17) x30 0x8000b84c
core   0: 0x8000b850 (0x7a3f2a23) sw      gp, 1972(t5)
core   0: 3 0x8000b850 (0x7a3f2a23) mem 0x8000c000 0x00000001
core   0: 0x8000b854 (0x0000bfe5) c.j     pc - 8
core   0: 3 0x8000b854 (0xbfe5)
core   0: 0x8000b84c (0x00000f17) auipc   t5, 0x0
core   0: 3 0x8000b84c (0x00000f17) x30 0x8000b84c
core   0: 0x8000b850 (0x7a3f2a23) sw      gp, 1972(t5)
core   0: 3 0x8000b850 (0x7a3f2a23) mem 0x8000c000 0x00000001
core   0: 0x8000b854 (0x0000bfe5) c.j     pc - 8
core   0: 3 0x8000b854 (0xbfe5)
core   0: 0x8000b84c (0x00000f17) auipc   t5, 0x0
core   0: 3 0x8000b84c (0x00000f17) x30 0x8000b84c
core   0: 0x8000b850 (0x7a3f2a23) sw      gp, 1972(t5)
core   0: 3 0x8000b850 (0x7a3f2a23) mem 0x8000c000 0x00000001
core   0: 0x8000b854 (0x0000bfe5) c.j     pc - 8
core   0: 3 0x8000b854 (0xbfe5)
core   0: 0x8000b84c (0x00000f17) auipc   t5, 0x0
core   0: 3 0x8000b84c (0x00000f17) x30 0x8000b84c
core   0: 0x8000b850 (0x7a3f2a23) sw      gp, 1972(t5)
core   0: 3 0x8000b850 (0x7a3f2a23) mem 0x8000c000 0x00000001
core   0: 0x8000b854 (0x0000bfe5) c.j     pc - 8
core   0: 3 0x8000b854 (0xbfe5)
core   0: 0x8000b84c (0x00000f17) auipc   t5, 0x0
core   0: 3 0x8000b84c (0x00000f17) x30 0x8000b84c
core   0: 0x8000b850 (0x7a3f2a23) sw      gp, 1972(t5)
core   0: 3 0x8000b850 (0x7a3f2a23) mem 0x8000c000 0x00000001
core   0: 0x8000b854 (0x0000bfe5) c.j     pc - 8
core   0: 3 0x8000b854 (0xbfe5)
core   0: 0x8000b84c (0x00000f17) auipc   t5, 0x0
core   0: 3 0x8000b84c (0x00000f17) x30 0x8000b84c
core   0: 0x8000b850 (0x7a3f2a23) sw      gp, 1972(t5)
core   0: 3 0x8000b850 (0x7a3f2a23) mem 0x8000c000 0x00000001
core   0: 0x8000b854 (0x0000bfe5) c.j     pc - 8
core   0: 3 0x8000b854 (0xbfe5)
core   0: 0x8000b84c (0x00000f17) auipc   t5, 0x0
core   0: 3 0x8000b84c (0x00000f17) x30 0x8000b84c
core   0: 0x8000b850 (0x7a3f2a23) sw      gp, 1972(t5)
core   0: 3 0x8000b850 (0x7a3f2a23) mem 0x8000c000 0x00000001
core   0: 0x8000b854 (0x0000bfe5) c.j     pc - 8
core   0: 3 0x8000b854 (0xbfe5)
core   0: 0x8000b84c (0x00000f17) auipc   t5, 0x0
core   0: 3 0x8000b84c (0x00000f17) x30 0x8000b84c
core   0: 0x8000b850 (0x7a3f2a23) sw      gp, 1972(t5)
core   0: 3 0x8000b850 (0x7a3f2a23) mem 0x8000c000 0x00000001
core   0: 0x8000b854 (0x0000bfe5) c.j     pc - 8
core   0: 3 0x8000b854 (0xbfe5)
core   0: 0x8000b84c (0x00000f17) auipc   t5, 0x0
core   0: 3 0x8000b84c (0x00000f17) x30 0x8000b84c
core   0: 0x8000b850 (0x7a3f2a23) sw      gp, 1972(t5)
core   0: 3 0x8000b850 (0x7a3f2a23) mem 0x8000c000 0x00000001
core   0: 0x8000b854 (0x0000bfe5) c.j     pc - 8
core   0: 3 0x8000b854 (0xbfe5)
core   0: 0x8000b84c (0x00000f17) auipc   t5, 0x0
core   0: 3 0x8000b84c (0x00000f17) x30 0x8000b84c
core   0: 0x8000b850 (0x7a3f2a23) sw      gp, 1972(t5)
core   0: 3 0x8000b850 (0x7a3f2a23) mem 0x8000c000 0x00000001
core   0: 0x8000b854 (0x0000bfe5) c.j     pc - 8
core   0: 3 0x8000b854 (0xbfe5)
core   0: 0x8000b84c (0x00000f17) auipc   t5, 0x0
core   0: 3 0x8000b84c (0x00000f17) x30 0x8000b84c
core   0: 0x8000b850 (0x7a3f2a23) sw      gp, 1972(t5)
core   0: 3 0x8000b850 (0x7a3f2a23) mem 0x8000c000 0x00000001
core   0: 0x8000b854 (0x0000bfe5) c.j     pc - 8
core   0: 3 0x8000b854 (0xbfe5)
core   0: 0x8000b84c (0x00000f17) auipc   t5, 0x0
core   0: 3 0x8000b84c (0x00000f17) x30 0x8000b84c
core   0: 0x8000b850 (0x7a3f2a23) sw      gp, 1972(t5)
core   0: 3 0x8000b850 (0x7a3f2a23) mem 0x8000c000 0x00000001
core   0: 0x8000b854 (0x0000bfe5) c.j     pc - 8
core   0: 3 0x8000b854 (0xbfe5)
core   0: 0x8000b84c (0x00000f17) auipc   t5, 0x0
core   0: 3 0x8000b84c (0x00000f17) x30 0x8000b84c
core   0: 0x8000b850 (0x7a3f2a23) sw      gp, 1972(t5)
core   0: 3 0x8000b850 (0x7a3f2a23) mem 0x8000c000 0x00000001
core   0: 0x8000b854 (0x0000bfe5) c.j     pc - 8
core   0: 3 0x8000b854 (0xbfe5)
core   0: 0x8000b84c (0x00000f17) auipc   t5, 0x0
core   0: 3 0x8000b84c (0x00000f17) x30 0x8000b84c
core   0: 0x8000b850 (0x7a3f2a23) sw      gp, 1972(t5)
core   0: 3 0x8000b850 (0x7a3f2a23) mem 0x8000c000 0x00000001
core   0: 0x8000b854 (0x0000bfe5) c.j     pc - 8
core   0: 3 0x8000b854 (0xbfe5)
core   0: 0x8000b84c (0x00000f17) auipc   t5, 0x0
core   0: 3 0x8000b84c (0x00000f17) x30 0x8000b84c
core   0: 0x8000b850 (0x7a3f2a23) sw      gp, 1972(t5)
core   0: 3 0x8000b850 (0x7a3f2a23) mem 0x8000c000 0x00000001
core   0: 0x8000b854 (0x0000bfe5) c.j     pc - 8
core   0: 3 0x8000b854 (0xbfe5)
core   0: 0x8000b84c (0x00000f17) auipc   t5, 0x0
core   0: 3 0x8000b84c (0x00000f17) x30 0x8000b84c
core   0: 0x8000b850 (0x7a3f2a23) sw      gp, 1972(t5)
core   0: 3 0x8000b850 (0x7a3f2a23) mem 0x8000c000 0x00000001
core   0: 0x8000b854 (0x0000bfe5) c.j     pc - 8
core   0: 3 0x8000b854 (0xbfe5)
core   0: 0x8000b84c (0x00000f17) auipc   t5, 0x0
core   0: 3 0x8000b84c (0x00000f17) x30 0x8000b84c
core   0: 0x8000b850 (0x7a3f2a23) sw      gp, 1972(t5)
core   0: 3 0x8000b850 (0x7a3f2a23) mem 0x8000c000 0x00000001
core   0: 0x8000b854 (0x0000bfe5) c.j     pc - 8
core   0: 3 0x8000b854 (0xbfe5)
core   0: 0x8000b84c (0x00000f17) auipc   t5, 0x0
core   0: 3 0x8000b84c (0x00000f17) x30 0x8000b84c
core   0: 0x8000b850 (0x7a3f2a23) sw      gp, 1972(t5)
core   0: 3 0x8000b850 (0x7a3f2a23) mem 0x8000c000 0x00000001
core   0: 0x8000b854 (0x0000bfe5) c.j     pc - 8
core   0: 3 0x8000b854 (0xbfe5)
core   0: 0x8000b84c (0x00000f17) auipc   t5, 0x0
core   0: 3 0x8000b84c (0x00000f17) x30 0x8000b84c
core   0: 0x8000b850 (0x7a3f2a23) sw      gp, 1972(t5)
core   0: 3 0x8000b850 (0x7a3f2a23) mem 0x8000c000 0x00000001
core   0: 0x8000b854 (0x0000bfe5) c.j     pc - 8
core   0: 3 0x8000b854 (0xbfe5)
core   0: 0x8000b84c (0x00000f17) auipc   t5, 0x0
core   0: 3 0x8000b84c (0x00000f17) x30 0x8000b84c
core   0: 0x8000b850 (0x7a3f2a23) sw      gp, 1972(t5)
core   0: 3 0x8000b850 (0x7a3f2a23) mem 0x8000c000 0x00000001
core   0: 0x8000b854 (0x0000bfe5) c.j     pc - 8
core   0: 3 0x8000b854 (0xbfe5)
core   0: 0x8000b84c (0x00000f17) auipc   t5, 0x0
core   0: 3 0x8000b84c (0x00000f17) x30 0x8000b84c
core   0: 0x8000b850 (0x7a3f2a23) sw      gp, 1972(t5)
core   0: 3 0x8000b850 (0x7a3f2a23) mem 0x8000c000 0x00000001
core   0: 0x8000b854 (0x0000bfe5) c.j     pc - 8
core   0: 3 0x8000b854 (0xbfe5)
core   0: 0x8000b84c (0x00000f17) auipc   t5, 0x0
core   0: 3 0x8000b84c (0x00000f17) x30 0x8000b84c
core   0: 0x8000b850 (0x7a3f2a23) sw      gp, 1972(t5)
core   0: 3 0x8000b850 (0x7a3f2a23) mem 0x8000c000 0x00000001
core   0: 0x8000b854 (0x0000bfe5) c.j     pc - 8
core   0: 3 0x8000b854 (0xbfe5)
core   0: 0x8000b84c (0x00000f17) auipc   t5, 0x0
core   0: 3 0x8000b84c (0x00000f17) x30 0x8000b84c
core   0: 0x8000b850 (0x7a3f2a23) sw      gp, 1972(t5)
core   0: 3 0x8000b850 (0x7a3f2a23) mem 0x8000c000 0x00000001
core   0: 0x8000b854 (0x0000bfe5) c.j     pc - 8
core   0: 3 0x8000b854 (0xbfe5)
core   0: 0x8000b84c (0x00000f17) auipc   t5, 0x0
core   0: 3 0x8000b84c (0x00000f17) x30 0x8000b84c
core   0: 0x8000b850 (0x7a3f2a23) sw      gp, 1972(t5)
core   0: 3 0x8000b850 (0x7a3f2a23) mem 0x8000c000 0x00000001
core   0: 0x8000b854 (0x0000bfe5) c.j     pc - 8
core   0: 3 0x8000b854 (0xbfe5)
core   0: 0x8000b84c (0x00000f17) auipc   t5, 0x0
core   0: 3 0x8000b84c (0x00000f17) x30 0x8000b84c
core   0: 0x8000b850 (0x7a3f2a23) sw      gp, 1972(t5)
core   0: 3 0x8000b850 (0x7a3f2a23) mem 0x8000c000 0x00000001
core   0: 0x8000b854 (0x0000bfe5) c.j     pc - 8
core   0: 3 0x8000b854 (0xbfe5)
core   0: 0x8000b84c (0x00000f17) auipc   t5, 0x0
core   0: 3 0x8000b84c (0x00000f17) x30 0x8000b84c
core   0: 0x8000b850 (0x7a3f2a23) sw      gp, 1972(t5)
core   0: 3 0x8000b850 (0x7a3f2a23) mem 0x8000c000 0x00000001
core   0: 0x8000b854 (0x0000bfe5) c.j     pc - 8
core   0: 3 0x8000b854 (0xbfe5)
core   0: 0x8000b84c (0x00000f17) auipc   t5, 0x0
core   0: 3 0x8000b84c (0x00000f17) x30 0x8000b84c
core   0: 0x8000b850 (0x7a3f2a23) sw      gp, 1972(t5)
core   0: 3 0x8000b850 (0x7a3f2a23) mem 0x8000c000 0x00000001
core   0: 0x8000b854 (0x0000bfe5) c.j     pc - 8
core   0: 3 0x8000b854 (0xbfe5)
core   0: 0x8000b84c (0x00000f17) auipc   t5, 0x0
core   0: 3 0x8000b84c (0x00000f17) x30 0x8000b84c
core   0: 0x8000b850 (0x7a3f2a23) sw      gp, 1972(t5)
core   0: 3 0x8000b850 (0x7a3f2a23) mem 0x8000c000 0x00000001
core   0: 0x8000b854 (0x0000bfe5) c.j     pc - 8
core   0: 3 0x8000b854 (0xbfe5)
core   0: 0x8000b84c (0x00000f17) auipc   t5, 0x0
core   0: 3 0x8000b84c (0x00000f17) x30 0x8000b84c
core   0: 0x8000b850 (0x7a3f2a23) sw      gp, 1972(t5)
core   0: 3 0x8000b850 (0x7a3f2a23) mem 0x8000c000 0x00000001
core   0: 0x8000b854 (0x0000bfe5) c.j     pc - 8
core   0: 3 0x8000b854 (0xbfe5)
core   0: 0x8000b84c (0x00000f17) auipc   t5, 0x0
core   0: 3 0x8000b84c (0x00000f17) x30 0x8000b84c
core   0: 0x8000b850 (0x7a3f2a23) sw      gp, 1972(t5)
core   0: 3 0x8000b850 (0x7a3f2a23) mem 0x8000c000 0x00000001
core   0: 0x8000b854 (0x0000bfe5) c.j     pc - 8
core   0: 3 0x8000b854 (0xbfe5)
core   0: 0x8000b84c (0x00000f17) auipc   t5, 0x0
core   0: 3 0x8000b84c (0x00000f17) x30 0x8000b84c
core   0: 0x8000b850 (0x7a3f2a23) sw      gp, 1972(t5)
core   0: 3 0x8000b850 (0x7a3f2a23) mem 0x8000c000 0x00000001
core   0: 0x8000b854 (0x0000bfe5) c.j     pc - 8
core   0: 3 0x8000b854 (0xbfe5)
core   0: 0x8000b84c (0x00000f17) auipc   t5, 0x0
core   0: 3 0x8000b84c (0x00000f17) x30 0x8000b84c
core   0: 0x8000b850 (0x7a3f2a23) sw      gp, 1972(t5)
core   0: 3 0x8000b850 (0x7a3f2a23) mem 0x8000c000 0x00000001
core   0: 0x8000b854 (0x0000bfe5) c.j     pc - 8
core   0: 3 0x8000b854 (0xbfe5)
core   0: 0x8000b84c (0x00000f17) auipc   t5, 0x0
core   0: 3 0x8000b84c (0x00000f17) x30 0x8000b84c
core   0: 0x8000b850 (0x7a3f2a23) sw      gp, 1972(t5)
core   0: 3 0x8000b850 (0x7a3f2a23) mem 0x8000c000 0x00000001
core   0: 0x8000b854 (0x0000bfe5) c.j     pc - 8
core   0: 3 0x8000b854 (0xbfe5)
core   0: 0x8000b84c (0x00000f17) auipc   t5, 0x0
core   0: 3 0x8000b84c (0x00000f17) x30 0x8000b84c
core   0: 0x8000b850 (0x7a3f2a23) sw      gp, 1972(t5)
core   0: 3 0x8000b850 (0x7a3f2a23) mem 0x8000c000 0x00000001
core   0: 0x8000b854 (0x0000bfe5) c.j     pc - 8
core   0: 3 0x8000b854 (0xbfe5)
core   0: 0x8000b84c (0x00000f17) auipc   t5, 0x0
core   0: 3 0x8000b84c (0x00000f17) x30 0x8000b84c
core   0: 0x8000b850 (0x7a3f2a23) sw      gp, 1972(t5)
core   0: 3 0x8000b850 (0x7a3f2a23) mem 0x8000c000 0x00000001
core   0: 0x8000b854 (0x0000bfe5) c.j     pc - 8
core   0: 3 0x8000b854 (0xbfe5)
core   0: 0x8000b84c (0x00000f17) auipc   t5, 0x0
core   0: 3 0x8000b84c (0x00000f17) x30 0x8000b84c
core   0: 0x8000b850 (0x7a3f2a23) sw      gp, 1972(t5)
core   0: 3 0x8000b850 (0x7a3f2a23) mem 0x8000c000 0x00000001
core   0: 0x8000b854 (0x0000bfe5) c.j     pc - 8
core   0: 3 0x8000b854 (0xbfe5)
core   0: 0x8000b84c (0x00000f17) auipc   t5, 0x0
core   0: 3 0x8000b84c (0x00000f17) x30 0x8000b84c
core   0: 0x8000b850 (0x7a3f2a23) sw      gp, 1972(t5)
core   0: 3 0x8000b850 (0x7a3f2a23) mem 0x8000c000 0x00000001
core   0: 0x8000b854 (0x0000bfe5) c.j     pc - 8
core   0: 3 0x8000b854 (0xbfe5)
core   0: 0x8000b84c (0x00000f17) auipc   t5, 0x0
core   0: 3 0x8000b84c (0x00000f17) x30 0x8000b84c
core   0: 0x8000b850 (0x7a3f2a23) sw      gp, 1972(t5)
core   0: 3 0x8000b850 (0x7a3f2a23) mem 0x8000c000 0x00000001
core   0: 0x8000b854 (0x0000bfe5) c.j     pc - 8
core   0: 3 0x8000b854 (0xbfe5)
core   0: 0x8000b84c (0x00000f17) auipc   t5, 0x0
core   0: 3 0x8000b84c (0x00000f17) x30 0x8000b84c
core   0: 0x8000b850 (0x7a3f2a23) sw      gp, 1972(t5)
core   0: 3 0x8000b850 (0x7a3f2a23) mem 0x8000c000 0x00000001
core   0: 0x8000b854 (0x0000bfe5) c.j     pc - 8
core   0: 3 0x8000b854 (0xbfe5)
core   0: 0x8000b84c (0x00000f17) auipc   t5, 0x0
core   0: 3 0x8000b84c (0x00000f17) x30 0x8000b84c
core   0: 0x8000b850 (0x7a3f2a23) sw      gp, 1972(t5)
core   0: 3 0x8000b850 (0x7a3f2a23) mem 0x8000c000 0x00000001
core   0: 0x8000b854 (0x0000bfe5) c.j     pc - 8
core   0: 3 0x8000b854 (0xbfe5)
core   0: 0x8000b84c (0x00000f17) auipc   t5, 0x0
core   0: 3 0x8000b84c (0x00000f17) x30 0x8000b84c
core   0: 0x8000b850 (0x7a3f2a23) sw      gp, 1972(t5)
core   0: 3 0x8000b850 (0x7a3f2a23) mem 0x8000c000 0x00000001
core   0: 0x8000b854 (0x0000bfe5) c.j     pc - 8
core   0: 3 0x8000b854 (0xbfe5)
core   0: 0x8000b84c (0x00000f17) auipc   t5, 0x0
core   0: 3 0x8000b84c (0x00000f17) x30 0x8000b84c
core   0: 0x8000b850 (0x7a3f2a23) sw      gp, 1972(t5)
core   0: 3 0x8000b850 (0x7a3f2a23) mem 0x8000c000 0x00000001
core   0: 0x8000b854 (0x0000bfe5) c.j     pc - 8
core   0: 3 0x8000b854 (0xbfe5)
core   0: 0x8000b84c (0x00000f17) auipc   t5, 0x0
core   0: 3 0x8000b84c (0x00000f17) x30 0x8000b84c
core   0: 0x8000b850 (0x7a3f2a23) sw      gp, 1972(t5)
core   0: 3 0x8000b850 (0x7a3f2a23) mem 0x8000c000 0x00000001
core   0: 0x8000b854 (0x0000bfe5) c.j     pc - 8
core   0: 3 0x8000b854 (0xbfe5)
core   0: 0x8000b84c (0x00000f17) auipc   t5, 0x0
core   0: 3 0x8000b84c (0x00000f17) x30 0x8000b84c
core   0: 0x8000b850 (0x7a3f2a23) sw      gp, 1972(t5)
core   0: 3 0x8000b850 (0x7a3f2a23) mem 0x8000c000 0x00000001
core   0: 0x8000b854 (0x0000bfe5) c.j     pc - 8
core   0: 3 0x8000b854 (0xbfe5)
core   0: 0x8000b84c (0x00000f17) auipc   t5, 0x0
core   0: 3 0x8000b84c (0x00000f17) x30 0x8000b84c
core   0: 0x8000b850 (0x7a3f2a23) sw      gp, 1972(t5)
core   0: 3 0x8000b850 (0x7a3f2a23) mem 0x8000c000 0x00000001
core   0: 0x8000b854 (0x0000bfe5) c.j     pc - 8
core   0: 3 0x8000b854 (0xbfe5)
core   0: 0x8000b84c (0x00000f17) auipc   t5, 0x0
core   0: 3 0x8000b84c (0x00000f17) x30 0x8000b84c
core   0: 0x8000b850 (0x7a3f2a23) sw      gp, 1972(t5)
core   0: 3 0x8000b850 (0x7a3f2a23) mem 0x8000c000 0x00000001
core   0: 0x8000b854 (0x0000bfe5) c.j     pc - 8
core   0: 3 0x8000b854 (0xbfe5)
core   0: 0x8000b84c (0x00000f17) auipc   t5, 0x0
core   0: 3 0x8000b84c (0x00000f17) x30 0x8000b84c
core   0: 0x8000b850 (0x7a3f2a23) sw      gp, 1972(t5)
core   0: 3 0x8000b850 (0x7a3f2a23) mem 0x8000c000 0x00000001
core   0: 0x8000b854 (0x0000bfe5) c.j     pc - 8
core   0: 3 0x8000b854 (0xbfe5)
core   0: 0x8000b84c (0x00000f17) auipc   t5, 0x0
core   0: 3 0x8000b84c (0x00000f17) x30 0x8000b84c
core   0: 0x8000b850 (0x7a3f2a23) sw      gp, 1972(t5)
core   0: 3 0x8000b850 (0x7a3f2a23) mem 0x8000c000 0x00000001
core   0: 0x8000b854 (0x0000bfe5) c.j     pc - 8
core   0: 3 0x8000b854 (0xbfe5)
core   0: 0x8000b84c (0x00000f17) auipc   t5, 0x0
core   0: 3 0x8000b84c (0x00000f17) x30 0x8000b84c
core   0: 0x8000b850 (0x7a3f2a23) sw      gp, 1972(t5)
core   0: 3 0x8000b850 (0x7a3f2a23) mem 0x8000c000 0x00000001
core   0: 0x8000b854 (0x0000bfe5) c.j     pc - 8
core   0: 3 0x8000b854 (0xbfe5)
core   0: 0x8000b84c (0x00000f17) auipc   t5, 0x0
core   0: 3 0x8000b84c (0x00000f17) x30 0x8000b84c
core   0: 0x8000b850 (0x7a3f2a23) sw      gp, 1972(t5)
core   0: 3 0x8000b850 (0x7a3f2a23) mem 0x8000c000 0x00000001
core   0: 0x8000b854 (0x0000bfe5) c.j     pc - 8
core   0: 3 0x8000b854 (0xbfe5)
core   0: 0x8000b84c (0x00000f17) auipc   t5, 0x0
core   0: 3 0x8000b84c (0x00000f17) x30 0x8000b84c
core   0: 0x8000b850 (0x7a3f2a23) sw      gp, 1972(t5)
core   0: 3 0x8000b850 (0x7a3f2a23) mem 0x8000c000 0x00000001
core   0: 0x8000b854 (0x0000bfe5) c.j     pc - 8
core   0: 3 0x8000b854 (0xbfe5)
core   0: 0x8000b84c (0x00000f17) auipc   t5, 0x0
core   0: 3 0x8000b84c (0x00000f17) x30 0x8000b84c
core   0: 0x8000b850 (0x7a3f2a23) sw      gp, 1972(t5)
core   0: 3 0x8000b850 (0x7a3f2a23) mem 0x8000c000 0x00000001
core   0: 0x8000b854 (0x0000bfe5) c.j     pc - 8
core   0: 3 0x8000b854 (0xbfe5)
core   0: 0x8000b84c (0x00000f17) auipc   t5, 0x0
core   0: 3 0x8000b84c (0x00000f17) x30 0x8000b84c
core   0: 0x8000b850 (0x7a3f2a23) sw      gp, 1972(t5)
core   0: 3 0x8000b850 (0x7a3f2a23) mem 0x8000c000 0x00000001
core   0: 0x8000b854 (0x0000bfe5) c.j     pc - 8
core   0: 3 0x8000b854 (0xbfe5)
core   0: 0x8000b84c (0x00000f17) auipc   t5, 0x0
core   0: 3 0x8000b84c (0x00000f17) x30 0x8000b84c
core   0: 0x8000b850 (0x7a3f2a23) sw      gp, 1972(t5)
core   0: 3 0x8000b850 (0x7a3f2a23) mem 0x8000c000 0x00000001
core   0: 0x8000b854 (0x0000bfe5) c.j     pc - 8
core   0: 3 0x8000b854 (0xbfe5)
core   0: 0x8000b84c (0x00000f17) auipc   t5, 0x0
core   0: 3 0x8000b84c (0x00000f17) x30 0x8000b84c
core   0: 0x8000b850 (0x7a3f2a23) sw      gp, 1972(t5)
core   0: 3 0x8000b850 (0x7a3f2a23) mem 0x8000c000 0x00000001
core   0: 0x8000b854 (0x0000bfe5) c.j     pc - 8
core   0: 3 0x8000b854 (0xbfe5)
core   0: 0x8000b84c (0x00000f17) auipc   t5, 0x0
core   0: 3 0x8000b84c (0x00000f17) x30 0x8000b84c
core   0: 0x8000b850 (0x7a3f2a23) sw      gp, 1972(t5)
core   0: 3 0x8000b850 (0x7a3f2a23) mem 0x8000c000 0x00000001
core   0: 0x8000b854 (0x0000bfe5) c.j     pc - 8
core   0: 3 0x8000b854 (0xbfe5)
core   0: 0x8000b84c (0x00000f17) auipc   t5, 0x0
core   0: 3 0x8000b84c (0x00000f17) x30 0x8000b84c
core   0: 0x8000b850 (0x7a3f2a23) sw      gp, 1972(t5)
core   0: 3 0x8000b850 (0x7a3f2a23) mem 0x8000c000 0x00000001
core   0: 0x8000b854 (0x0000bfe5) c.j     pc - 8
core   0: 3 0x8000b854 (0xbfe5)
core   0: 0x8000b84c (0x00000f17) auipc   t5, 0x0
core   0: 3 0x8000b84c (0x00000f17) x30 0x8000b84c
core   0: 0x8000b850 (0x7a3f2a23) sw      gp, 1972(t5)
core   0: 3 0x8000b850 (0x7a3f2a23) mem 0x8000c000 0x00000001
core   0: 0x8000b854 (0x0000bfe5) c.j     pc - 8
core   0: 3 0x8000b854 (0xbfe5)
core   0: 0x8000b84c (0x00000f17) auipc   t5, 0x0
core   0: 3 0x8000b84c (0x00000f17) x30 0x8000b84c
core   0: 0x8000b850 (0x7a3f2a23) sw      gp, 1972(t5)
core   0: 3 0x8000b850 (0x7a3f2a23) mem 0x8000c000 0x00000001
core   0: 0x8000b854 (0x0000bfe5) c.j     pc - 8
core   0: 3 0x8000b854 (0xbfe5)
core   0: 0x8000b84c (0x00000f17) auipc   t5, 0x0
core   0: 3 0x8000b84c (0x00000f17) x30 0x8000b84c
core   0: 0x8000b850 (0x7a3f2a23) sw      gp, 1972(t5)
core   0: 3 0x8000b850 (0x7a3f2a23) mem 0x8000c000 0x00000001
core   0: 0x8000b854 (0x0000bfe5) c.j     pc - 8
core   0: 3 0x8000b854 (0xbfe5)
core   0: 0x8000b84c (0x00000f17) auipc   t5, 0x0
core   0: 3 0x8000b84c (0x00000f17) x30 0x8000b84c
core   0: 0x8000b850 (0x7a3f2a23) sw      gp, 1972(t5)
core   0: 3 0x8000b850 (0x7a3f2a23) mem 0x8000c000 0x00000001
core   0: 0x8000b854 (0x0000bfe5) c.j     pc - 8
core   0: 3 0x8000b854 (0xbfe5)
core   0: 0x8000b84c (0x00000f17) auipc   t5, 0x0
core   0: 3 0x8000b84c (0x00000f17) x30 0x8000b84c
core   0: 0x8000b850 (0x7a3f2a23) sw      gp, 1972(t5)
core   0: 3 0x8000b850 (0x7a3f2a23) mem 0x8000c000 0x00000001
core   0: 0x8000b854 (0x0000bfe5) c.j     pc - 8
core   0: 3 0x8000b854 (0xbfe5)
core   0: 0x8000b84c (0x00000f17) auipc   t5, 0x0
core   0: 3 0x8000b84c (0x00000f17) x30 0x8000b84c
core   0: 0x8000b850 (0x7a3f2a23) sw      gp, 1972(t5)
core   0: 3 0x8000b850 (0x7a3f2a23) mem 0x8000c000 0x00000001
core   0: 0x8000b854 (0x0000bfe5) c.j     pc - 8
core   0: 3 0x8000b854 (0xbfe5)
core   0: 0x8000b84c (0x00000f17) auipc   t5, 0x0
core   0: 3 0x8000b84c (0x00000f17) x30 0x8000b84c
core   0: 0x8000b850 (0x7a3f2a23) sw      gp, 1972(t5)
core   0: 3 0x8000b850 (0x7a3f2a23) mem 0x8000c000 0x00000001
core   0: 0x8000b854 (0x0000bfe5) c.j     pc - 8
core   0: 3 0x8000b854 (0xbfe5)
core   0: 0x8000b84c (0x00000f17) auipc   t5, 0x0
core   0: 3 0x8000b84c (0x00000f17) x30 0x8000b84c
core   0: 0x8000b850 (0x7a3f2a23) sw      gp, 1972(t5)
core   0: 3 0x8000b850 (0x7a3f2a23) mem 0x8000c000 0x00000001
core   0: 0x8000b854 (0x0000bfe5) c.j     pc - 8
core   0: 3 0x8000b854 (0xbfe5)
core   0: 0x8000b84c (0x00000f17) auipc   t5, 0x0
core   0: 3 0x8000b84c (0x00000f17) x30 0x8000b84c
core   0: 0x8000b850 (0x7a3f2a23) sw      gp, 1972(t5)
core   0: 3 0x8000b850 (0x7a3f2a23) mem 0x8000c000 0x00000001
core   0: 0x8000b854 (0x0000bfe5) c.j     pc - 8
core   0: 3 0x8000b854 (0xbfe5)
core   0: 0x8000b84c (0x00000f17) auipc   t5, 0x0
core   0: 3 0x8000b84c (0x00000f17) x30 0x8000b84c
core   0: 0x8000b850 (0x7a3f2a23) sw      gp, 1972(t5)
core   0: 3 0x8000b850 (0x7a3f2a23) mem 0x8000c000 0x00000001
core   0: 0x8000b854 (0x0000bfe5) c.j     pc - 8
core   0: 3 0x8000b854 (0xbfe5)
core   0: 0x8000b84c (0x00000f17) auipc   t5, 0x0
core   0: 3 0x8000b84c (0x00000f17) x30 0x8000b84c
core   0: 0x8000b850 (0x7a3f2a23) sw      gp, 1972(t5)
core   0: 3 0x8000b850 (0x7a3f2a23) mem 0x8000c000 0x00000001
core   0: 0x8000b854 (0x0000bfe5) c.j     pc - 8
core   0: 3 0x8000b854 (0xbfe5)
core   0: 0x8000b84c (0x00000f17) auipc   t5, 0x0
core   0: 3 0x8000b84c (0x00000f17) x30 0x8000b84c
core   0: 0x8000b850 (0x7a3f2a23) sw      gp, 1972(t5)
core   0: 3 0x8000b850 (0x7a3f2a23) mem 0x8000c000 0x00000001
core   0: 0x8000b854 (0x0000bfe5) c.j     pc - 8
core   0: 3 0x8000b854 (0xbfe5)
core   0: 0x8000b84c (0x00000f17) auipc   t5, 0x0
core   0: 3 0x8000b84c (0x00000f17) x30 0x8000b84c
core   0: 0x8000b850 (0x7a3f2a23) sw      gp, 1972(t5)
core   0: 3 0x8000b850 (0x7a3f2a23) mem 0x8000c000 0x00000001
core   0: 0x8000b854 (0x0000bfe5) c.j     pc - 8
core   0: 3 0x8000b854 (0xbfe5)
core   0: 0x8000b84c (0x00000f17) auipc   t5, 0x0
core   0: 3 0x8000b84c (0x00000f17) x30 0x8000b84c
core   0: 0x8000b850 (0x7a3f2a23) sw      gp, 1972(t5)
core   0: 3 0x8000b850 (0x7a3f2a23) mem 0x8000c000 0x00000001
core   0: 0x8000b854 (0x0000bfe5) c.j     pc - 8
core   0: 3 0x8000b854 (0xbfe5)
core   0: 0x8000b84c (0x00000f17) auipc   t5, 0x0
core   0: 3 0x8000b84c (0x00000f17) x30 0x8000b84c
core   0: 0x8000b850 (0x7a3f2a23) sw      gp, 1972(t5)
core   0: 3 0x8000b850 (0x7a3f2a23) mem 0x8000c000 0x00000001
core   0: 0x8000b854 (0x0000bfe5) c.j     pc - 8
core   0: 3 0x8000b854 (0xbfe5)
core   0: 0x8000b84c (0x00000f17) auipc   t5, 0x0
core   0: 3 0x8000b84c (0x00000f17) x30 0x8000b84c
core   0: 0x8000b850 (0x7a3f2a23) sw      gp, 1972(t5)
core   0: 3 0x8000b850 (0x7a3f2a23) mem 0x8000c000 0x00000001
core   0: 0x8000b854 (0x0000bfe5) c.j     pc - 8
core   0: 3 0x8000b854 (0xbfe5)
core   0: 0x8000b84c (0x00000f17) auipc   t5, 0x0
core   0: 3 0x8000b84c (0x00000f17) x30 0x8000b84c
core   0: 0x8000b850 (0x7a3f2a23) sw      gp, 1972(t5)
core   0: 3 0x8000b850 (0x7a3f2a23) mem 0x8000c000 0x00000001
core   0: 0x8000b854 (0x0000bfe5) c.j     pc - 8
core   0: 3 0x8000b854 (0xbfe5)
core   0: 0x8000b84c (0x00000f17) auipc   t5, 0x0
core   0: 3 0x8000b84c (0x00000f17) x30 0x8000b84c
core   0: 0x8000b850 (0x7a3f2a23) sw      gp, 1972(t5)
core   0: 3 0x8000b850 (0x7a3f2a23) mem 0x8000c000 0x00000001
core   0: 0x8000b854 (0x0000bfe5) c.j     pc - 8
core   0: 3 0x8000b854 (0xbfe5)
core   0: 0x8000b84c (0x00000f17) auipc   t5, 0x0
core   0: 3 0x8000b84c (0x00000f17) x30 0x8000b84c
core   0: 0x8000b850 (0x7a3f2a23) sw      gp, 1972(t5)
core   0: 3 0x8000b850 (0x7a3f2a23) mem 0x8000c000 0x00000001
core   0: 0x8000b854 (0x0000bfe5) c.j     pc - 8
core   0: 3 0x8000b854 (0xbfe5)
core   0: 0x8000b84c (0x00000f17) auipc   t5, 0x0
core   0: 3 0x8000b84c (0x00000f17) x30 0x8000b84c
core   0: 0x8000b850 (0x7a3f2a23) sw      gp, 1972(t5)
core   0: 3 0x8000b850 (0x7a3f2a23) mem 0x8000c000 0x00000001
core   0: 0x8000b854 (0x0000bfe5) c.j     pc - 8
core   0: 3 0x8000b854 (0xbfe5)
core   0: 0x8000b84c (0x00000f17) auipc   t5, 0x0
core   0: 3 0x8000b84c (0x00000f17) x30 0x8000b84c
core   0: 0x8000b850 (0x7a3f2a23) sw      gp, 1972(t5)
core   0: 3 0x8000b850 (0x7a3f2a23) mem 0x8000c000 0x00000001
core   0: 0x8000b854 (0x0000bfe5) c.j     pc - 8
core   0: 3 0x8000b854 (0xbfe5)
core   0: 0x8000b84c (0x00000f17) auipc   t5, 0x0
core   0: 3 0x8000b84c (0x00000f17) x30 0x8000b84c
core   0: 0x8000b850 (0x7a3f2a23) sw      gp, 1972(t5)
core   0: 3 0x8000b850 (0x7a3f2a23) mem 0x8000c000 0x00000001
core   0: 0x8000b854 (0x0000bfe5) c.j     pc - 8
core   0: 3 0x8000b854 (0xbfe5)
core   0: 0x8000b84c (0x00000f17) auipc   t5, 0x0
core   0: 3 0x8000b84c (0x00000f17) x30 0x8000b84c
core   0: 0x8000b850 (0x7a3f2a23) sw      gp, 1972(t5)
core   0: 3 0x8000b850 (0x7a3f2a23) mem 0x8000c000 0x00000001
core   0: 0x8000b854 (0x0000bfe5) c.j     pc - 8
core   0: 3 0x8000b854 (0xbfe5)
core   0: 0x8000b84c (0x00000f17) auipc   t5, 0x0
core   0: 3 0x8000b84c (0x00000f17) x30 0x8000b84c
core   0: 0x8000b850 (0x7a3f2a23) sw      gp, 1972(t5)
core   0: 3 0x8000b850 (0x7a3f2a23) mem 0x8000c000 0x00000001
core   0: 0x8000b854 (0x0000bfe5) c.j     pc - 8
core   0: 3 0x8000b854 (0xbfe5)
core   0: 0x8000b84c (0x00000f17) auipc   t5, 0x0
core   0: 3 0x8000b84c (0x00000f17) x30 0x8000b84c
core   0: 0x8000b850 (0x7a3f2a23) sw      gp, 1972(t5)
core   0: 3 0x8000b850 (0x7a3f2a23) mem 0x8000c000 0x00000001
core   0: 0x8000b854 (0x0000bfe5) c.j     pc - 8
core   0: 3 0x8000b854 (0xbfe5)
core   0: 0x8000b84c (0x00000f17) auipc   t5, 0x0
core   0: 3 0x8000b84c (0x00000f17) x30 0x8000b84c
core   0: 0x8000b850 (0x7a3f2a23) sw      gp, 1972(t5)
core   0: 3 0x8000b850 (0x7a3f2a23) mem 0x8000c000 0x00000001
core   0: 0x8000b854 (0x0000bfe5) c.j     pc - 8
core   0: 3 0x8000b854 (0xbfe5)
core   0: 0x8000b84c (0x00000f17) auipc   t5, 0x0
core   0: 3 0x8000b84c (0x00000f17) x30 0x8000b84c
core   0: 0x8000b850 (0x7a3f2a23) sw      gp, 1972(t5)
core   0: 3 0x8000b850 (0x7a3f2a23) mem 0x8000c000 0x00000001
core   0: 0x8000b854 (0x0000bfe5) c.j     pc - 8
core   0: 3 0x8000b854 (0xbfe5)
core   0: 0x8000b84c (0x00000f17) auipc   t5, 0x0
core   0: 3 0x8000b84c (0x00000f17) x30 0x8000b84c
core   0: 0x8000b850 (0x7a3f2a23) sw      gp, 1972(t5)
core   0: 3 0x8000b850 (0x7a3f2a23) mem 0x8000c000 0x00000001
core   0: 0x8000b854 (0x0000bfe5) c.j     pc - 8
core   0: 3 0x8000b854 (0xbfe5)
core   0: 0x8000b84c (0x00000f17) auipc   t5, 0x0
core   0: 3 0x8000b84c (0x00000f17) x30 0x8000b84c
core   0: 0x8000b850 (0x7a3f2a23) sw      gp, 1972(t5)
core   0: 3 0x8000b850 (0x7a3f2a23) mem 0x8000c000 0x00000001
core   0: 0x8000b854 (0x0000bfe5) c.j     pc - 8
core   0: 3 0x8000b854 (0xbfe5)
core   0: 0x8000b84c (0x00000f17) auipc   t5, 0x0
core   0: 3 0x8000b84c (0x00000f17) x30 0x8000b84c
core   0: 0x8000b850 (0x7a3f2a23) sw      gp, 1972(t5)
core   0: 3 0x8000b850 (0x7a3f2a23) mem 0x8000c000 0x00000001
core   0: 0x8000b854 (0x0000bfe5) c.j     pc - 8
core   0: 3 0x8000b854 (0xbfe5)
core   0: 0x8000b84c (0x00000f17) auipc   t5, 0x0
core   0: 3 0x8000b84c (0x00000f17) x30 0x8000b84c
core   0: 0x8000b850 (0x7a3f2a23) sw      gp, 1972(t5)
core   0: 3 0x8000b850 (0x7a3f2a23) mem 0x8000c000 0x00000001
core   0: 0x8000b854 (0x0000bfe5) c.j     pc - 8
core   0: 3 0x8000b854 (0xbfe5)
core   0: 0x8000b84c (0x00000f17) auipc   t5, 0x0
core   0: 3 0x8000b84c (0x00000f17) x30 0x8000b84c
core   0: 0x8000b850 (0x7a3f2a23) sw      gp, 1972(t5)
core   0: 3 0x8000b850 (0x7a3f2a23) mem 0x8000c000 0x00000001
core   0: 0x8000b854 (0x0000bfe5) c.j     pc - 8
core   0: 3 0x8000b854 (0xbfe5)
core   0: 0x8000b84c (0x00000f17) auipc   t5, 0x0
core   0: 3 0x8000b84c (0x00000f17) x30 0x8000b84c
core   0: 0x8000b850 (0x7a3f2a23) sw      gp, 1972(t5)
core   0: 3 0x8000b850 (0x7a3f2a23) mem 0x8000c000 0x00000001
core   0: 0x8000b854 (0x0000bfe5) c.j     pc - 8
core   0: 3 0x8000b854 (0xbfe5)
core   0: 0x8000b84c (0x00000f17) auipc   t5, 0x0
core   0: 3 0x8000b84c (0x00000f17) x30 0x8000b84c
core   0: 0x8000b850 (0x7a3f2a23) sw      gp, 1972(t5)
core   0: 3 0x8000b850 (0x7a3f2a23) mem 0x8000c000 0x00000001
core   0: 0x8000b854 (0x0000bfe5) c.j     pc - 8
core   0: 3 0x8000b854 (0xbfe5)
core   0: 0x8000b84c (0x00000f17) auipc   t5, 0x0
core   0: 3 0x8000b84c (0x00000f17) x30 0x8000b84c
core   0: 0x8000b850 (0x7a3f2a23) sw      gp, 1972(t5)
core   0: 3 0x8000b850 (0x7a3f2a23) mem 0x8000c000 0x00000001
core   0: 0x8000b854 (0x0000bfe5) c.j     pc - 8
core   0: 3 0x8000b854 (0xbfe5)
core   0: 0x8000b84c (0x00000f17) auipc   t5, 0x0
core   0: 3 0x8000b84c (0x00000f17) x30 0x8000b84c
core   0: 0x8000b850 (0x7a3f2a23) sw      gp, 1972(t5)
core   0: 3 0x8000b850 (0x7a3f2a23) mem 0x8000c000 0x00000001
core   0: 0x8000b854 (0x0000bfe5) c.j     pc - 8
core   0: 3 0x8000b854 (0xbfe5)
core   0: 0x8000b84c (0x00000f17) auipc   t5, 0x0
core   0: 3 0x8000b84c (0x00000f17) x30 0x8000b84c
core   0: 0x8000b850 (0x7a3f2a23) sw      gp, 1972(t5)
core   0: 3 0x8000b850 (0x7a3f2a23) mem 0x8000c000 0x00000001
core   0: 0x8000b854 (0x0000bfe5) c.j     pc - 8
core   0: 3 0x8000b854 (0xbfe5)
core   0: 0x8000b84c (0x00000f17) auipc   t5, 0x0
core   0: 3 0x8000b84c (0x00000f17) x30 0x8000b84c
core   0: 0x8000b850 (0x7a3f2a23) sw      gp, 1972(t5)
core   0: 3 0x8000b850 (0x7a3f2a23) mem 0x8000c000 0x00000001
core   0: 0x8000b854 (0x0000bfe5) c.j     pc - 8
core   0: 3 0x8000b854 (0xbfe5)
core   0: 0x8000b84c (0x00000f17) auipc   t5, 0x0
core   0: 3 0x8000b84c (0x00000f17) x30 0x8000b84c
core   0: 0x8000b850 (0x7a3f2a23) sw      gp, 1972(t5)
core   0: 3 0x8000b850 (0x7a3f2a23) mem 0x8000c000 0x00000001
core   0: 0x8000b854 (0x0000bfe5) c.j     pc - 8
core   0: 3 0x8000b854 (0xbfe5)
core   0: 0x8000b84c (0x00000f17) auipc   t5, 0x0
core   0: 3 0x8000b84c (0x00000f17) x30 0x8000b84c
core   0: 0x8000b850 (0x7a3f2a23) sw      gp, 1972(t5)
core   0: 3 0x8000b850 (0x7a3f2a23) mem 0x8000c000 0x00000001
core   0: 0x8000b854 (0x0000bfe5) c.j     pc - 8
core   0: 3 0x8000b854 (0xbfe5)
core   0: 0x8000b84c (0x00000f17) auipc   t5, 0x0
core   0: 3 0x8000b84c (0x00000f17) x30 0x8000b84c
core   0: 0x8000b850 (0x7a3f2a23) sw      gp, 1972(t5)
core   0: 3 0x8000b850 (0x7a3f2a23) mem 0x8000c000 0x00000001
core   0: 0x8000b854 (0x0000bfe5) c.j     pc - 8
core   0: 3 0x8000b854 (0xbfe5)
core   0: 0x8000b84c (0x00000f17) auipc   t5, 0x0
core   0: 3 0x8000b84c (0x00000f17) x30 0x8000b84c
core   0: 0x8000b850 (0x7a3f2a23) sw      gp, 1972(t5)
core   0: 3 0x8000b850 (0x7a3f2a23) mem 0x8000c000 0x00000001
core   0: 0x8000b854 (0x0000bfe5) c.j     pc - 8
core   0: 3 0x8000b854 (0xbfe5)
core   0: 0x8000b84c (0x00000f17) auipc   t5, 0x0
core   0: 3 0x8000b84c (0x00000f17) x30 0x8000b84c
core   0: 0x8000b850 (0x7a3f2a23) sw      gp, 1972(t5)
core   0: 3 0x8000b850 (0x7a3f2a23) mem 0x8000c000 0x00000001
core   0: 0x8000b854 (0x0000bfe5) c.j     pc - 8
core   0: 3 0x8000b854 (0xbfe5)
core   0: 0x8000b84c (0x00000f17) auipc   t5, 0x0
core   0: 3 0x8000b84c (0x00000f17) x30 0x8000b84c
core   0: 0x8000b850 (0x7a3f2a23) sw      gp, 1972(t5)
core   0: 3 0x8000b850 (0x7a3f2a23) mem 0x8000c000 0x00000001
core   0: 0x8000b854 (0x0000bfe5) c.j     pc - 8
core   0: 3 0x8000b854 (0xbfe5)
core   0: 0x8000b84c (0x00000f17) auipc   t5, 0x0
core   0: 3 0x8000b84c (0x00000f17) x30 0x8000b84c
core   0: 0x8000b850 (0x7a3f2a23) sw      gp, 1972(t5)
core   0: 3 0x8000b850 (0x7a3f2a23) mem 0x8000c000 0x00000001
core   0: 0x8000b854 (0x0000bfe5) c.j     pc - 8
core   0: 3 0x8000b854 (0xbfe5)
core   0: 0x8000b84c (0x00000f17) auipc   t5, 0x0
core   0: 3 0x8000b84c (0x00000f17) x30 0x8000b84c
core   0: 0x8000b850 (0x7a3f2a23) sw      gp, 1972(t5)
core   0: 3 0x8000b850 (0x7a3f2a23) mem 0x8000c000 0x00000001
core   0: 0x8000b854 (0x0000bfe5) c.j     pc - 8
core   0: 3 0x8000b854 (0xbfe5)
core   0: 0x8000b84c (0x00000f17) auipc   t5, 0x0
core   0: 3 0x8000b84c (0x00000f17) x30 0x8000b84c
core   0: 0x8000b850 (0x7a3f2a23) sw      gp, 1972(t5)
core   0: 3 0x8000b850 (0x7a3f2a23) mem 0x8000c000 0x00000001
core   0: 0x8000b854 (0x0000bfe5) c.j     pc - 8
core   0: 3 0x8000b854 (0xbfe5)
core   0: 0x8000b84c (0x00000f17) auipc   t5, 0x0
core   0: 3 0x8000b84c (0x00000f17) x30 0x8000b84c
core   0: 0x8000b850 (0x7a3f2a23) sw      gp, 1972(t5)
core   0: 3 0x8000b850 (0x7a3f2a23) mem 0x8000c000 0x00000001
core   0: 0x8000b854 (0x0000bfe5) c.j     pc - 8
core   0: 3 0x8000b854 (0xbfe5)
core   0: 0x8000b84c (0x00000f17) auipc   t5, 0x0
core   0: 3 0x8000b84c (0x00000f17) x30 0x8000b84c
core   0: 0x8000b850 (0x7a3f2a23) sw      gp, 1972(t5)
core   0: 3 0x8000b850 (0x7a3f2a23) mem 0x8000c000 0x00000001
core   0: 0x8000b854 (0x0000bfe5) c.j     pc - 8
core   0: 3 0x8000b854 (0xbfe5)
core   0: 0x8000b84c (0x00000f17) auipc   t5, 0x0
core   0: 3 0x8000b84c (0x00000f17) x30 0x8000b84c
core   0: 0x8000b850 (0x7a3f2a23) sw      gp, 1972(t5)
core   0: 3 0x8000b850 (0x7a3f2a23) mem 0x8000c000 0x00000001
core   0: 0x8000b854 (0x0000bfe5) c.j     pc - 8
core   0: 3 0x8000b854 (0xbfe5)
core   0: 0x8000b84c (0x00000f17) auipc   t5, 0x0
core   0: 3 0x8000b84c (0x00000f17) x30 0x8000b84c
core   0: 0x8000b850 (0x7a3f2a23) sw      gp, 1972(t5)
core   0: 3 0x8000b850 (0x7a3f2a23) mem 0x8000c000 0x00000001
core   0: 0x8000b854 (0x0000bfe5) c.j     pc - 8
core   0: 3 0x8000b854 (0xbfe5)
core   0: 0x8000b84c (0x00000f17) auipc   t5, 0x0
core   0: 3 0x8000b84c (0x00000f17) x30 0x8000b84c
core   0: 0x8000b850 (0x7a3f2a23) sw      gp, 1972(t5)
core   0: 3 0x8000b850 (0x7a3f2a23) mem 0x8000c000 0x00000001
core   0: 0x8000b854 (0x0000bfe5) c.j     pc - 8
core   0: 3 0x8000b854 (0xbfe5)
core   0: 0x8000b84c (0x00000f17) auipc   t5, 0x0
core   0: 3 0x8000b84c (0x00000f17) x30 0x8000b84c
core   0: 0x8000b850 (0x7a3f2a23) sw      gp, 1972(t5)
core   0: 3 0x8000b850 (0x7a3f2a23) mem 0x8000c000 0x00000001
core   0: 0x8000b854 (0x0000bfe5) c.j     pc - 8
core   0: 3 0x8000b854 (0xbfe5)
core   0: 0x8000b84c (0x00000f17) auipc   t5, 0x0
core   0: 3 0x8000b84c (0x00000f17) x30 0x8000b84c
core   0: 0x8000b850 (0x7a3f2a23) sw      gp, 1972(t5)
core   0: 3 0x8000b850 (0x7a3f2a23) mem 0x8000c000 0x00000001
core   0: 0x8000b854 (0x0000bfe5) c.j     pc - 8
core   0: 3 0x8000b854 (0xbfe5)
core   0: 0x8000b84c (0x00000f17) auipc   t5, 0x0
core   0: 3 0x8000b84c (0x00000f17) x30 0x8000b84c
core   0: 0x8000b850 (0x7a3f2a23) sw      gp, 1972(t5)
core   0: 3 0x8000b850 (0x7a3f2a23) mem 0x8000c000 0x00000001
core   0: 0x8000b854 (0x0000bfe5) c.j     pc - 8
core   0: 3 0x8000b854 (0xbfe5)
core   0: 0x8000b84c (0x00000f17) auipc   t5, 0x0
core   0: 3 0x8000b84c (0x00000f17) x30 0x8000b84c
core   0: 0x8000b850 (0x7a3f2a23) sw      gp, 1972(t5)
core   0: 3 0x8000b850 (0x7a3f2a23) mem 0x8000c000 0x00000001
core   0: 0x8000b854 (0x0000bfe5) c.j     pc - 8
core   0: 3 0x8000b854 (0xbfe5)
core   0: 0x8000b84c (0x00000f17) auipc   t5, 0x0
core   0: 3 0x8000b84c (0x00000f17) x30 0x8000b84c
core   0: 0x8000b850 (0x7a3f2a23) sw      gp, 1972(t5)
core   0: 3 0x8000b850 (0x7a3f2a23) mem 0x8000c000 0x00000001
core   0: 0x8000b854 (0x0000bfe5) c.j     pc - 8
core   0: 3 0x8000b854 (0xbfe5)
core   0: 0x8000b84c (0x00000f17) auipc   t5, 0x0
core   0: 3 0x8000b84c (0x00000f17) x30 0x8000b84c
core   0: 0x8000b850 (0x7a3f2a23) sw      gp, 1972(t5)
core   0: 3 0x8000b850 (0x7a3f2a23) mem 0x8000c000 0x00000001
core   0: 0x8000b854 (0x0000bfe5) c.j     pc - 8
core   0: 3 0x8000b854 (0xbfe5)
core   0: 0x8000b84c (0x00000f17) auipc   t5, 0x0
core   0: 3 0x8000b84c (0x00000f17) x30 0x8000b84c
core   0: 0x8000b850 (0x7a3f2a23) sw      gp, 1972(t5)
core   0: 3 0x8000b850 (0x7a3f2a23) mem 0x8000c000 0x00000001
core   0: 0x8000b854 (0x0000bfe5) c.j     pc - 8
core   0: 3 0x8000b854 (0xbfe5)
core   0: 0x8000b84c (0x00000f17) auipc   t5, 0x0
core   0: 3 0x8000b84c (0x00000f17) x30 0x8000b84c
core   0: 0x8000b850 (0x7a3f2a23) sw      gp, 1972(t5)
core   0: 3 0x8000b850 (0x7a3f2a23) mem 0x8000c000 0x00000001
core   0: 0x8000b854 (0x0000bfe5) c.j     pc - 8
core   0: 3 0x8000b854 (0xbfe5)
core   0: 0x8000b84c (0x00000f17) auipc   t5, 0x0
core   0: 3 0x8000b84c (0x00000f17) x30 0x8000b84c
core   0: 0x8000b850 (0x7a3f2a23) sw      gp, 1972(t5)
core   0: 3 0x8000b850 (0x7a3f2a23) mem 0x8000c000 0x00000001
core   0: 0x8000b854 (0x0000bfe5) c.j     pc - 8
core   0: 3 0x8000b854 (0xbfe5)
core   0: 0x8000b84c (0x00000f17) auipc   t5, 0x0
core   0: 3 0x8000b84c (0x00000f17) x30 0x8000b84c
core   0: 0x8000b850 (0x7a3f2a23) sw      gp, 1972(t5)
core   0: 3 0x8000b850 (0x7a3f2a23) mem 0x8000c000 0x00000001
core   0: 0x8000b854 (0x0000bfe5) c.j     pc - 8
core   0: 3 0x8000b854 (0xbfe5)
core   0: 0x8000b84c (0x00000f17) auipc   t5, 0x0
core   0: 3 0x8000b84c (0x00000f17) x30 0x8000b84c
core   0: 0x8000b850 (0x7a3f2a23) sw      gp, 1972(t5)
core   0: 3 0x8000b850 (0x7a3f2a23) mem 0x8000c000 0x00000001
core   0: 0x8000b854 (0x0000bfe5) c.j     pc - 8
core   0: 3 0x8000b854 (0xbfe5)
core   0: 0x8000b84c (0x00000f17) auipc   t5, 0x0
core   0: 3 0x8000b84c (0x00000f17) x30 0x8000b84c
core   0: 0x8000b850 (0x7a3f2a23) sw      gp, 1972(t5)
core   0: 3 0x8000b850 (0x7a3f2a23) mem 0x8000c000 0x00000001
core   0: 0x8000b854 (0x0000bfe5) c.j     pc - 8
core   0: 3 0x8000b854 (0xbfe5)
core   0: 0x8000b84c (0x00000f17) auipc   t5, 0x0
core   0: 3 0x8000b84c (0x00000f17) x30 0x8000b84c
core   0: 0x8000b850 (0x7a3f2a23) sw      gp, 1972(t5)
core   0: 3 0x8000b850 (0x7a3f2a23) mem 0x8000c000 0x00000001
core   0: 0x8000b854 (0x0000bfe5) c.j     pc - 8
core   0: 3 0x8000b854 (0xbfe5)
core   0: 0x8000b84c (0x00000f17) auipc   t5, 0x0
core   0: 3 0x8000b84c (0x00000f17) x30 0x8000b84c
core   0: 0x8000b850 (0x7a3f2a23) sw      gp, 1972(t5)
core   0: 3 0x8000b850 (0x7a3f2a23) mem 0x8000c000 0x00000001
core   0: 0x8000b854 (0x0000bfe5) c.j     pc - 8
core   0: 3 0x8000b854 (0xbfe5)
core   0: 0x8000b84c (0x00000f17) auipc   t5, 0x0
core   0: 3 0x8000b84c (0x00000f17) x30 0x8000b84c
core   0: 0x8000b850 (0x7a3f2a23) sw      gp, 1972(t5)
core   0: 3 0x8000b850 (0x7a3f2a23) mem 0x8000c000 0x00000001
core   0: 0x8000b854 (0x0000bfe5) c.j     pc - 8
core   0: 3 0x8000b854 (0xbfe5)
core   0: 0x8000b84c (0x00000f17) auipc   t5, 0x0
core   0: 3 0x8000b84c (0x00000f17) x30 0x8000b84c
core   0: 0x8000b850 (0x7a3f2a23) sw      gp, 1972(t5)
core   0: 3 0x8000b850 (0x7a3f2a23) mem 0x8000c000 0x00000001
core   0: 0x8000b854 (0x0000bfe5) c.j     pc - 8
core   0: 3 0x8000b854 (0xbfe5)
core   0: 0x8000b84c (0x00000f17) auipc   t5, 0x0
core   0: 3 0x8000b84c (0x00000f17) x30 0x8000b84c
core   0: 0x8000b850 (0x7a3f2a23) sw      gp, 1972(t5)
core   0: 3 0x8000b850 (0x7a3f2a23) mem 0x8000c000 0x00000001
core   0: 0x8000b854 (0x0000bfe5) c.j     pc - 8
core   0: 3 0x8000b854 (0xbfe5)
core   0: 0x8000b84c (0x00000f17) auipc   t5, 0x0
core   0: 3 0x8000b84c (0x00000f17) x30 0x8000b84c
core   0: 0x8000b850 (0x7a3f2a23) sw      gp, 1972(t5)
core   0: 3 0x8000b850 (0x7a3f2a23) mem 0x8000c000 0x00000001
core   0: 0x8000b854 (0x0000bfe5) c.j     pc - 8
core   0: 3 0x8000b854 (0xbfe5)
core   0: 0x8000b84c (0x00000f17) auipc   t5, 0x0
core   0: 3 0x8000b84c (0x00000f17) x30 0x8000b84c
core   0: 0x8000b850 (0x7a3f2a23) sw      gp, 1972(t5)
core   0: 3 0x8000b850 (0x7a3f2a23) mem 0x8000c000 0x00000001
core   0: 0x8000b854 (0x0000bfe5) c.j     pc - 8
core   0: 3 0x8000b854 (0xbfe5)
core   0: 0x8000b84c (0x00000f17) auipc   t5, 0x0
core   0: 3 0x8000b84c (0x00000f17) x30 0x8000b84c
core   0: 0x8000b850 (0x7a3f2a23) sw      gp, 1972(t5)
core   0: 3 0x8000b850 (0x7a3f2a23) mem 0x8000c000 0x00000001
core   0: 0x8000b854 (0x0000bfe5) c.j     pc - 8
core   0: 3 0x8000b854 (0xbfe5)
core   0: 0x8000b84c (0x00000f17) auipc   t5, 0x0
core   0: 3 0x8000b84c (0x00000f17) x30 0x8000b84c
core   0: 0x8000b850 (0x7a3f2a23) sw      gp, 1972(t5)
core   0: 3 0x8000b850 (0x7a3f2a23) mem 0x8000c000 0x00000001
core   0: 0x8000b854 (0x0000bfe5) c.j     pc - 8
core   0: 3 0x8000b854 (0xbfe5)
core   0: 0x8000b84c (0x00000f17) auipc   t5, 0x0
core   0: 3 0x8000b84c (0x00000f17) x30 0x8000b84c
core   0: 0x8000b850 (0x7a3f2a23) sw      gp, 1972(t5)
core   0: 3 0x8000b850 (0x7a3f2a23) mem 0x8000c000 0x00000001
core   0: 0x8000b854 (0x0000bfe5) c.j     pc - 8
core   0: 3 0x8000b854 (0xbfe5)
core   0: 0x8000b84c (0x00000f17) auipc   t5, 0x0
core   0: 3 0x8000b84c (0x00000f17) x30 0x8000b84c
core   0: 0x8000b850 (0x7a3f2a23) sw      gp, 1972(t5)
core   0: 3 0x8000b850 (0x7a3f2a23) mem 0x8000c000 0x00000001
core   0: 0x8000b854 (0x0000bfe5) c.j     pc - 8
core   0: 3 0x8000b854 (0xbfe5)
core   0: 0x8000b84c (0x00000f17) auipc   t5, 0x0
core   0: 3 0x8000b84c (0x00000f17) x30 0x8000b84c
core   0: 0x8000b850 (0x7a3f2a23) sw      gp, 1972(t5)
core   0: 3 0x8000b850 (0x7a3f2a23) mem 0x8000c000 0x00000001
core   0: 0x8000b854 (0x0000bfe5) c.j     pc - 8
core   0: 3 0x8000b854 (0xbfe5)
core   0: 0x8000b84c (0x00000f17) auipc   t5, 0x0
core   0: 3 0x8000b84c (0x00000f17) x30 0x8000b84c
core   0: 0x8000b850 (0x7a3f2a23) sw      gp, 1972(t5)
core   0: 3 0x8000b850 (0x7a3f2a23) mem 0x8000c000 0x00000001
core   0: 0x8000b854 (0x0000bfe5) c.j     pc - 8
core   0: 3 0x8000b854 (0xbfe5)
core   0: 0x8000b84c (0x00000f17) auipc   t5, 0x0
core   0: 3 0x8000b84c (0x00000f17) x30 0x8000b84c
core   0: 0x8000b850 (0x7a3f2a23) sw      gp, 1972(t5)
core   0: 3 0x8000b850 (0x7a3f2a23) mem 0x8000c000 0x00000001
core   0: 0x8000b854 (0x0000bfe5) c.j     pc - 8
core   0: 3 0x8000b854 (0xbfe5)
core   0: 0x8000b84c (0x00000f17) auipc   t5, 0x0
core   0: 3 0x8000b84c (0x00000f17) x30 0x8000b84c
core   0: 0x8000b850 (0x7a3f2a23) sw      gp, 1972(t5)
core   0: 3 0x8000b850 (0x7a3f2a23) mem 0x8000c000 0x00000001
core   0: 0x8000b854 (0x0000bfe5) c.j     pc - 8
core   0: 3 0x8000b854 (0xbfe5)
core   0: 0x8000b84c (0x00000f17) auipc   t5, 0x0
core   0: 3 0x8000b84c (0x00000f17) x30 0x8000b84c
core   0: 0x8000b850 (0x7a3f2a23) sw      gp, 1972(t5)
core   0: 3 0x8000b850 (0x7a3f2a23) mem 0x8000c000 0x00000001
core   0: 0x8000b854 (0x0000bfe5) c.j     pc - 8
core   0: 3 0x8000b854 (0xbfe5)
core   0: 0x8000b84c (0x00000f17) auipc   t5, 0x0
core   0: 3 0x8000b84c (0x00000f17) x30 0x8000b84c
core   0: 0x8000b850 (0x7a3f2a23) sw      gp, 1972(t5)
core   0: 3 0x8000b850 (0x7a3f2a23) mem 0x8000c000 0x00000001
core   0: 0x8000b854 (0x0000bfe5) c.j     pc - 8
core   0: 3 0x8000b854 (0xbfe5)
core   0: 0x8000b84c (0x00000f17) auipc   t5, 0x0
core   0: 3 0x8000b84c (0x00000f17) x30 0x8000b84c
core   0: 0x8000b850 (0x7a3f2a23) sw      gp, 1972(t5)
core   0: 3 0x8000b850 (0x7a3f2a23) mem 0x8000c000 0x00000001
core   0: 0x8000b854 (0x0000bfe5) c.j     pc - 8
core   0: 3 0x8000b854 (0xbfe5)
core   0: 0x8000b84c (0x00000f17) auipc   t5, 0x0
core   0: 3 0x8000b84c (0x00000f17) x30 0x8000b84c
core   0: 0x8000b850 (0x7a3f2a23) sw      gp, 1972(t5)
core   0: 3 0x8000b850 (0x7a3f2a23) mem 0x8000c000 0x00000001
core   0: 0x8000b854 (0x0000bfe5) c.j     pc - 8
core   0: 3 0x8000b854 (0xbfe5)
core   0: 0x8000b84c (0x00000f17) auipc   t5, 0x0
core   0: 3 0x8000b84c (0x00000f17) x30 0x8000b84c
core   0: 0x8000b850 (0x7a3f2a23) sw      gp, 1972(t5)
core   0: 3 0x8000b850 (0x7a3f2a23) mem 0x8000c000 0x00000001
core   0: 0x8000b854 (0x0000bfe5) c.j     pc - 8
core   0: 3 0x8000b854 (0xbfe5)
core   0: 0x8000b84c (0x00000f17) auipc   t5, 0x0
core   0: 3 0x8000b84c (0x00000f17) x30 0x8000b84c
core   0: 0x8000b850 (0x7a3f2a23) sw      gp, 1972(t5)
core   0: 3 0x8000b850 (0x7a3f2a23) mem 0x8000c000 0x00000001
core   0: 0x8000b854 (0x0000bfe5) c.j     pc - 8
core   0: 3 0x8000b854 (0xbfe5)
core   0: 0x8000b84c (0x00000f17) auipc   t5, 0x0
core   0: 3 0x8000b84c (0x00000f17) x30 0x8000b84c
core   0: 0x8000b850 (0x7a3f2a23) sw      gp, 1972(t5)
core   0: 3 0x8000b850 (0x7a3f2a23) mem 0x8000c000 0x00000001
core   0: 0x8000b854 (0x0000bfe5) c.j     pc - 8
core   0: 3 0x8000b854 (0xbfe5)
core   0: 0x8000b84c (0x00000f17) auipc   t5, 0x0
core   0: 3 0x8000b84c (0x00000f17) x30 0x8000b84c
core   0: 0x8000b850 (0x7a3f2a23) sw      gp, 1972(t5)
core   0: 3 0x8000b850 (0x7a3f2a23) mem 0x8000c000 0x00000001
core   0: 0x8000b854 (0x0000bfe5) c.j     pc - 8
core   0: 3 0x8000b854 (0xbfe5)
core   0: 0x8000b84c (0x00000f17) auipc   t5, 0x0
core   0: 3 0x8000b84c (0x00000f17) x30 0x8000b84c
core   0: 0x8000b850 (0x7a3f2a23) sw      gp, 1972(t5)
core   0: 3 0x8000b850 (0x7a3f2a23) mem 0x8000c000 0x00000001
core   0: 0x8000b854 (0x0000bfe5) c.j     pc - 8
core   0: 3 0x8000b854 (0xbfe5)
core   0: 0x8000b84c (0x00000f17) auipc   t5, 0x0
core   0: 3 0x8000b84c (0x00000f17) x30 0x8000b84c
core   0: 0x8000b850 (0x7a3f2a23) sw      gp, 1972(t5)
core   0: 3 0x8000b850 (0x7a3f2a23) mem 0x8000c000 0x00000001
core   0: 0x8000b854 (0x0000bfe5) c.j     pc - 8
core   0: 3 0x8000b854 (0xbfe5)
core   0: 0x8000b84c (0x00000f17) auipc   t5, 0x0
core   0: 3 0x8000b84c (0x00000f17) x30 0x8000b84c
core   0: 0x8000b850 (0x7a3f2a23) sw      gp, 1972(t5)
core   0: 3 0x8000b850 (0x7a3f2a23) mem 0x8000c000 0x00000001
core   0: 0x8000b854 (0x0000bfe5) c.j     pc - 8
core   0: 3 0x8000b854 (0xbfe5)
core   0: 0x8000b84c (0x00000f17) auipc   t5, 0x0
core   0: 3 0x8000b84c (0x00000f17) x30 0x8000b84c
core   0: 0x8000b850 (0x7a3f2a23) sw      gp, 1972(t5)
core   0: 3 0x8000b850 (0x7a3f2a23) mem 0x8000c000 0x00000001
core   0: 0x8000b854 (0x0000bfe5) c.j     pc - 8
core   0: 3 0x8000b854 (0xbfe5)
core   0: 0x8000b84c (0x00000f17) auipc   t5, 0x0
core   0: 3 0x8000b84c (0x00000f17) x30 0x8000b84c
core   0: 0x8000b850 (0x7a3f2a23) sw      gp, 1972(t5)
core   0: 3 0x8000b850 (0x7a3f2a23) mem 0x8000c000 0x00000001
core   0: 0x8000b854 (0x0000bfe5) c.j     pc - 8
core   0: 3 0x8000b854 (0xbfe5)
core   0: 0x8000b84c (0x00000f17) auipc   t5, 0x0
core   0: 3 0x8000b84c (0x00000f17) x30 0x8000b84c
core   0: 0x8000b850 (0x7a3f2a23) sw      gp, 1972(t5)
core   0: 3 0x8000b850 (0x7a3f2a23) mem 0x8000c000 0x00000001
core   0: 0x8000b854 (0x0000bfe5) c.j     pc - 8
core   0: 3 0x8000b854 (0xbfe5)
core   0: 0x8000b84c (0x00000f17) auipc   t5, 0x0
core   0: 3 0x8000b84c (0x00000f17) x30 0x8000b84c
core   0: 0x8000b850 (0x7a3f2a23) sw      gp, 1972(t5)
core   0: 3 0x8000b850 (0x7a3f2a23) mem 0x8000c000 0x00000001
core   0: 0x8000b854 (0x0000bfe5) c.j     pc - 8
core   0: 3 0x8000b854 (0xbfe5)
core   0: 0x8000b84c (0x00000f17) auipc   t5, 0x0
core   0: 3 0x8000b84c (0x00000f17) x30 0x8000b84c
core   0: 0x8000b850 (0x7a3f2a23) sw      gp, 1972(t5)
core   0: 3 0x8000b850 (0x7a3f2a23) mem 0x8000c000 0x00000001
core   0: 0x8000b854 (0x0000bfe5) c.j     pc - 8
core   0: 3 0x8000b854 (0xbfe5)
core   0: 0x8000b84c (0x00000f17) auipc   t5, 0x0
core   0: 3 0x8000b84c (0x00000f17) x30 0x8000b84c
core   0: 0x8000b850 (0x7a3f2a23) sw      gp, 1972(t5)
core   0: 3 0x8000b850 (0x7a3f2a23) mem 0x8000c000 0x00000001
core   0: 0x8000b854 (0x0000bfe5) c.j     pc - 8
core   0: 3 0x8000b854 (0xbfe5)
core   0: 0x8000b84c (0x00000f17) auipc   t5, 0x0
core   0: 3 0x8000b84c (0x00000f17) x30 0x8000b84c
core   0: 0x8000b850 (0x7a3f2a23) sw      gp, 1972(t5)
core   0: 3 0x8000b850 (0x7a3f2a23) mem 0x8000c000 0x00000001
core   0: 0x8000b854 (0x0000bfe5) c.j     pc - 8
core   0: 3 0x8000b854 (0xbfe5)
core   0: 0x8000b84c (0x00000f17) auipc   t5, 0x0
core   0: 3 0x8000b84c (0x00000f17) x30 0x8000b84c
core   0: 0x8000b850 (0x7a3f2a23) sw      gp, 1972(t5)
core   0: 3 0x8000b850 (0x7a3f2a23) mem 0x8000c000 0x00000001
core   0: 0x8000b854 (0x0000bfe5) c.j     pc - 8
core   0: 3 0x8000b854 (0xbfe5)
core   0: 0x8000b84c (0x00000f17) auipc   t5, 0x0
core   0: 3 0x8000b84c (0x00000f17) x30 0x8000b84c
core   0: 0x8000b850 (0x7a3f2a23) sw      gp, 1972(t5)
core   0: 3 0x8000b850 (0x7a3f2a23) mem 0x8000c000 0x00000001
core   0: 0x8000b854 (0x0000bfe5) c.j     pc - 8
core   0: 3 0x8000b854 (0xbfe5)
core   0: 0x8000b84c (0x00000f17) auipc   t5, 0x0
core   0: 3 0x8000b84c (0x00000f17) x30 0x8000b84c
core   0: 0x8000b850 (0x7a3f2a23) sw      gp, 1972(t5)
core   0: 3 0x8000b850 (0x7a3f2a23) mem 0x8000c000 0x00000001
core   0: 0x8000b854 (0x0000bfe5) c.j     pc - 8
core   0: 3 0x8000b854 (0xbfe5)
core   0: 0x8000b84c (0x00000f17) auipc   t5, 0x0
core   0: 3 0x8000b84c (0x00000f17) x30 0x8000b84c
core   0: 0x8000b850 (0x7a3f2a23) sw      gp, 1972(t5)
core   0: 3 0x8000b850 (0x7a3f2a23) mem 0x8000c000 0x00000001
core   0: 0x8000b854 (0x0000bfe5) c.j     pc - 8
core   0: 3 0x8000b854 (0xbfe5)
core   0: 0x8000b84c (0x00000f17) auipc   t5, 0x0
core   0: 3 0x8000b84c (0x00000f17) x30 0x8000b84c
core   0: 0x8000b850 (0x7a3f2a23) sw      gp, 1972(t5)
core   0: 3 0x8000b850 (0x7a3f2a23) mem 0x8000c000 0x00000001
core   0: 0x8000b854 (0x0000bfe5) c.j     pc - 8
core   0: 3 0x8000b854 (0xbfe5)
core   0: 0x8000b84c (0x00000f17) auipc   t5, 0x0
core   0: 3 0x8000b84c (0x00000f17) x30 0x8000b84c
core   0: 0x8000b850 (0x7a3f2a23) sw      gp, 1972(t5)
core   0: 3 0x8000b850 (0x7a3f2a23) mem 0x8000c000 0x00000001
core   0: 0x8000b854 (0x0000bfe5) c.j     pc - 8
core   0: 3 0x8000b854 (0xbfe5)
core   0: 0x8000b84c (0x00000f17) auipc   t5, 0x0
core   0: 3 0x8000b84c (0x00000f17) x30 0x8000b84c
core   0: 0x8000b850 (0x7a3f2a23) sw      gp, 1972(t5)
core   0: 3 0x8000b850 (0x7a3f2a23) mem 0x8000c000 0x00000001
core   0: 0x8000b854 (0x0000bfe5) c.j     pc - 8
core   0: 3 0x8000b854 (0xbfe5)
core   0: 0x8000b84c (0x00000f17) auipc   t5, 0x0
core   0: 3 0x8000b84c (0x00000f17) x30 0x8000b84c
core   0: 0x8000b850 (0x7a3f2a23) sw      gp, 1972(t5)
core   0: 3 0x8000b850 (0x7a3f2a23) mem 0x8000c000 0x00000001
core   0: 0x8000b854 (0x0000bfe5) c.j     pc - 8
core   0: 3 0x8000b854 (0xbfe5)
core   0: 0x8000b84c (0x00000f17) auipc   t5, 0x0
core   0: 3 0x8000b84c (0x00000f17) x30 0x8000b84c
core   0: 0x8000b850 (0x7a3f2a23) sw      gp, 1972(t5)
core   0: 3 0x8000b850 (0x7a3f2a23) mem 0x8000c000 0x00000001
core   0: 0x8000b854 (0x0000bfe5) c.j     pc - 8
core   0: 3 0x8000b854 (0xbfe5)
core   0: 0x8000b84c (0x00000f17) auipc   t5, 0x0
core   0: 3 0x8000b84c (0x00000f17) x30 0x8000b84c
core   0: 0x8000b850 (0x7a3f2a23) sw      gp, 1972(t5)
core   0: 3 0x8000b850 (0x7a3f2a23) mem 0x8000c000 0x00000001
core   0: 0x8000b854 (0x0000bfe5) c.j     pc - 8
core   0: 3 0x8000b854 (0xbfe5)
core   0: 0x8000b84c (0x00000f17) auipc   t5, 0x0
core   0: 3 0x8000b84c (0x00000f17) x30 0x8000b84c
core   0: 0x8000b850 (0x7a3f2a23) sw      gp, 1972(t5)
core   0: 3 0x8000b850 (0x7a3f2a23) mem 0x8000c000 0x00000001
core   0: 0x8000b854 (0x0000bfe5) c.j     pc - 8
core   0: 3 0x8000b854 (0xbfe5)
core   0: 0x8000b84c (0x00000f17) auipc   t5, 0x0
core   0: 3 0x8000b84c (0x00000f17) x30 0x8000b84c
core   0: 0x8000b850 (0x7a3f2a23) sw      gp, 1972(t5)
core   0: 3 0x8000b850 (0x7a3f2a23) mem 0x8000c000 0x00000001
core   0: 0x8000b854 (0x0000bfe5) c.j     pc - 8
core   0: 3 0x8000b854 (0xbfe5)
core   0: 0x8000b84c (0x00000f17) auipc   t5, 0x0
core   0: 3 0x8000b84c (0x00000f17) x30 0x8000b84c
core   0: 0x8000b850 (0x7a3f2a23) sw      gp, 1972(t5)
core   0: 3 0x8000b850 (0x7a3f2a23) mem 0x8000c000 0x00000001
core   0: 0x8000b854 (0x0000bfe5) c.j     pc - 8
core   0: 3 0x8000b854 (0xbfe5)
core   0: 0x8000b84c (0x00000f17) auipc   t5, 0x0
core   0: 3 0x8000b84c (0x00000f17) x30 0x8000b84c
core   0: 0x8000b850 (0x7a3f2a23) sw      gp, 1972(t5)
core   0: 3 0x8000b850 (0x7a3f2a23) mem 0x8000c000 0x00000001
core   0: 0x8000b854 (0x0000bfe5) c.j     pc - 8
core   0: 3 0x8000b854 (0xbfe5)
core   0: 0x8000b84c (0x00000f17) auipc   t5, 0x0
core   0: 3 0x8000b84c (0x00000f17) x30 0x8000b84c
core   0: 0x8000b850 (0x7a3f2a23) sw      gp, 1972(t5)
core   0: 3 0x8000b850 (0x7a3f2a23) mem 0x8000c000 0x00000001
core   0: 0x8000b854 (0x0000bfe5) c.j     pc - 8
core   0: 3 0x8000b854 (0xbfe5)
core   0: 0x8000b84c (0x00000f17) auipc   t5, 0x0
core   0: 3 0x8000b84c (0x00000f17) x30 0x8000b84c
core   0: 0x8000b850 (0x7a3f2a23) sw      gp, 1972(t5)
core   0: 3 0x8000b850 (0x7a3f2a23) mem 0x8000c000 0x00000001
core   0: 0x8000b854 (0x0000bfe5) c.j     pc - 8
core   0: 3 0x8000b854 (0xbfe5)
core   0: 0x8000b84c (0x00000f17) auipc   t5, 0x0
core   0: 3 0x8000b84c (0x00000f17) x30 0x8000b84c
core   0: 0x8000b850 (0x7a3f2a23) sw      gp, 1972(t5)
core   0: 3 0x8000b850 (0x7a3f2a23) mem 0x8000c000 0x00000001
core   0: 0x8000b854 (0x0000bfe5) c.j     pc - 8
core   0: 3 0x8000b854 (0xbfe5)
core   0: 0x8000b84c (0x00000f17) auipc   t5, 0x0
core   0: 3 0x8000b84c (0x00000f17) x30 0x8000b84c
core   0: 0x8000b850 (0x7a3f2a23) sw      gp, 1972(t5)
core   0: 3 0x8000b850 (0x7a3f2a23) mem 0x8000c000 0x00000001
core   0: 0x8000b854 (0x0000bfe5) c.j     pc - 8
core   0: 3 0x8000b854 (0xbfe5)
core   0: 0x8000b84c (0x00000f17) auipc   t5, 0x0
core   0: 3 0x8000b84c (0x00000f17) x30 0x8000b84c
core   0: 0x8000b850 (0x7a3f2a23) sw      gp, 1972(t5)
core   0: 3 0x8000b850 (0x7a3f2a23) mem 0x8000c000 0x00000001
core   0: 0x8000b854 (0x0000bfe5) c.j     pc - 8
core   0: 3 0x8000b854 (0xbfe5)
core   0: 0x8000b84c (0x00000f17) auipc   t5, 0x0
core   0: 3 0x8000b84c (0x00000f17) x30 0x8000b84c
core   0: 0x8000b850 (0x7a3f2a23) sw      gp, 1972(t5)
core   0: 3 0x8000b850 (0x7a3f2a23) mem 0x8000c000 0x00000001
core   0: 0x8000b854 (0x0000bfe5) c.j     pc - 8
core   0: 3 0x8000b854 (0xbfe5)
core   0: 0x8000b84c (0x00000f17) auipc   t5, 0x0
core   0: 3 0x8000b84c (0x00000f17) x30 0x8000b84c
core   0: 0x8000b850 (0x7a3f2a23) sw      gp, 1972(t5)
core   0: 3 0x8000b850 (0x7a3f2a23) mem 0x8000c000 0x00000001
core   0: 0x8000b854 (0x0000bfe5) c.j     pc - 8
core   0: 3 0x8000b854 (0xbfe5)
core   0: 0x8000b84c (0x00000f17) auipc   t5, 0x0
core   0: 3 0x8000b84c (0x00000f17) x30 0x8000b84c
core   0: 0x8000b850 (0x7a3f2a23) sw      gp, 1972(t5)
core   0: 3 0x8000b850 (0x7a3f2a23) mem 0x8000c000 0x00000001
core   0: 0x8000b854 (0x0000bfe5) c.j     pc - 8
core   0: 3 0x8000b854 (0xbfe5)
core   0: 0x8000b84c (0x00000f17) auipc   t5, 0x0
core   0: 3 0x8000b84c (0x00000f17) x30 0x8000b84c
core   0: 0x8000b850 (0x7a3f2a23) sw      gp, 1972(t5)
core   0: 3 0x8000b850 (0x7a3f2a23) mem 0x8000c000 0x00000001
core   0: 0x8000b854 (0x0000bfe5) c.j     pc - 8
core   0: 3 0x8000b854 (0xbfe5)
core   0: 0x8000b84c (0x00000f17) auipc   t5, 0x0
core   0: 3 0x8000b84c (0x00000f17) x30 0x8000b84c
core   0: 0x8000b850 (0x7a3f2a23) sw      gp, 1972(t5)
core   0: 3 0x8000b850 (0x7a3f2a23) mem 0x8000c000 0x00000001
core   0: 0x8000b854 (0x0000bfe5) c.j     pc - 8
core   0: 3 0x8000b854 (0xbfe5)
core   0: 0x8000b84c (0x00000f17) auipc   t5, 0x0
core   0: 3 0x8000b84c (0x00000f17) x30 0x8000b84c
core   0: 0x8000b850 (0x7a3f2a23) sw      gp, 1972(t5)
core   0: 3 0x8000b850 (0x7a3f2a23) mem 0x8000c000 0x00000001
core   0: 0x8000b854 (0x0000bfe5) c.j     pc - 8
core   0: 3 0x8000b854 (0xbfe5)
core   0: 0x8000b84c (0x00000f17) auipc   t5, 0x0
core   0: 3 0x8000b84c (0x00000f17) x30 0x8000b84c
core   0: 0x8000b850 (0x7a3f2a23) sw      gp, 1972(t5)
core   0: 3 0x8000b850 (0x7a3f2a23) mem 0x8000c000 0x00000001
core   0: 0x8000b854 (0x0000bfe5) c.j     pc - 8
core   0: 3 0x8000b854 (0xbfe5)
core   0: 0x8000b84c (0x00000f17) auipc   t5, 0x0
core   0: 3 0x8000b84c (0x00000f17) x30 0x8000b84c
core   0: 0x8000b850 (0x7a3f2a23) sw      gp, 1972(t5)
core   0: 3 0x8000b850 (0x7a3f2a23) mem 0x8000c000 0x00000001
core   0: 0x8000b854 (0x0000bfe5) c.j     pc - 8
core   0: 3 0x8000b854 (0xbfe5)
core   0: 0x8000b84c (0x00000f17) auipc   t5, 0x0
core   0: 3 0x8000b84c (0x00000f17) x30 0x8000b84c
core   0: 0x8000b850 (0x7a3f2a23) sw      gp, 1972(t5)
core   0: 3 0x8000b850 (0x7a3f2a23) mem 0x8000c000 0x00000001
core   0: 0x8000b854 (0x0000bfe5) c.j     pc - 8
core   0: 3 0x8000b854 (0xbfe5)
core   0: 0x8000b84c (0x00000f17) auipc   t5, 0x0
core   0: 3 0x8000b84c (0x00000f17) x30 0x8000b84c
core   0: 0x8000b850 (0x7a3f2a23) sw      gp, 1972(t5)
core   0: 3 0x8000b850 (0x7a3f2a23) mem 0x8000c000 0x00000001
core   0: 0x8000b854 (0x0000bfe5) c.j     pc - 8
core   0: 3 0x8000b854 (0xbfe5)
core   0: 0x8000b84c (0x00000f17) auipc   t5, 0x0
core   0: 3 0x8000b84c (0x00000f17) x30 0x8000b84c
core   0: 0x8000b850 (0x7a3f2a23) sw      gp, 1972(t5)
core   0: 3 0x8000b850 (0x7a3f2a23) mem 0x8000c000 0x00000001
core   0: 0x8000b854 (0x0000bfe5) c.j     pc - 8
core   0: 3 0x8000b854 (0xbfe5)
core   0: 0x8000b84c (0x00000f17) auipc   t5, 0x0
core   0: 3 0x8000b84c (0x00000f17) x30 0x8000b84c
core   0: 0x8000b850 (0x7a3f2a23) sw      gp, 1972(t5)
core   0: 3 0x8000b850 (0x7a3f2a23) mem 0x8000c000 0x00000001
core   0: 0x8000b854 (0x0000bfe5) c.j     pc - 8
core   0: 3 0x8000b854 (0xbfe5)
core   0: 0x8000b84c (0x00000f17) auipc   t5, 0x0
core   0: 3 0x8000b84c (0x00000f17) x30 0x8000b84c
core   0: 0x8000b850 (0x7a3f2a23) sw      gp, 1972(t5)
core   0: 3 0x8000b850 (0x7a3f2a23) mem 0x8000c000 0x00000001
core   0: 0x8000b854 (0x0000bfe5) c.j     pc - 8
core   0: 3 0x8000b854 (0xbfe5)
core   0: 0x8000b84c (0x00000f17) auipc   t5, 0x0
core   0: 3 0x8000b84c (0x00000f17) x30 0x8000b84c
core   0: 0x8000b850 (0x7a3f2a23) sw      gp, 1972(t5)
core   0: 3 0x8000b850 (0x7a3f2a23) mem 0x8000c000 0x00000001
core   0: 0x8000b854 (0x0000bfe5) c.j     pc - 8
core   0: 3 0x8000b854 (0xbfe5)
core   0: 0x8000b84c (0x00000f17) auipc   t5, 0x0
core   0: 3 0x8000b84c (0x00000f17) x30 0x8000b84c
core   0: 0x8000b850 (0x7a3f2a23) sw      gp, 1972(t5)
core   0: 3 0x8000b850 (0x7a3f2a23) mem 0x8000c000 0x00000001
core   0: 0x8000b854 (0x0000bfe5) c.j     pc - 8
core   0: 3 0x8000b854 (0xbfe5)
core   0: 0x8000b84c (0x00000f17) auipc   t5, 0x0
core   0: 3 0x8000b84c (0x00000f17) x30 0x8000b84c
core   0: 0x8000b850 (0x7a3f2a23) sw      gp, 1972(t5)
core   0: 3 0x8000b850 (0x7a3f2a23) mem 0x8000c000 0x00000001
core   0: 0x8000b854 (0x0000bfe5) c.j     pc - 8
core   0: 3 0x8000b854 (0xbfe5)
core   0: 0x8000b84c (0x00000f17) auipc   t5, 0x0
core   0: 3 0x8000b84c (0x00000f17) x30 0x8000b84c
core   0: 0x8000b850 (0x7a3f2a23) sw      gp, 1972(t5)
core   0: 3 0x8000b850 (0x7a3f2a23) mem 0x8000c000 0x00000001
core   0: 0x8000b854 (0x0000bfe5) c.j     pc - 8
core   0: 3 0x8000b854 (0xbfe5)
core   0: 0x8000b84c (0x00000f17) auipc   t5, 0x0
core   0: 3 0x8000b84c (0x00000f17) x30 0x8000b84c
core   0: 0x8000b850 (0x7a3f2a23) sw      gp, 1972(t5)
core   0: 3 0x8000b850 (0x7a3f2a23) mem 0x8000c000 0x00000001
core   0: 0x8000b854 (0x0000bfe5) c.j     pc - 8
core   0: 3 0x8000b854 (0xbfe5)
core   0: 0x8000b84c (0x00000f17) auipc   t5, 0x0
core   0: 3 0x8000b84c (0x00000f17) x30 0x8000b84c
core   0: 0x8000b850 (0x7a3f2a23) sw      gp, 1972(t5)
core   0: 3 0x8000b850 (0x7a3f2a23) mem 0x8000c000 0x00000001
core   0: 0x8000b854 (0x0000bfe5) c.j     pc - 8
core   0: 3 0x8000b854 (0xbfe5)
core   0: 0x8000b84c (0x00000f17) auipc   t5, 0x0
core   0: 3 0x8000b84c (0x00000f17) x30 0x8000b84c
core   0: 0x8000b850 (0x7a3f2a23) sw      gp, 1972(t5)
core   0: 3 0x8000b850 (0x7a3f2a23) mem 0x8000c000 0x00000001
core   0: 0x8000b854 (0x0000bfe5) c.j     pc - 8
core   0: 3 0x8000b854 (0xbfe5)
core   0: 0x8000b84c (0x00000f17) auipc   t5, 0x0
core   0: 3 0x8000b84c (0x00000f17) x30 0x8000b84c
core   0: 0x8000b850 (0x7a3f2a23) sw      gp, 1972(t5)
core   0: 3 0x8000b850 (0x7a3f2a23) mem 0x8000c000 0x00000001
core   0: 0x8000b854 (0x0000bfe5) c.j     pc - 8
core   0: 3 0x8000b854 (0xbfe5)
core   0: 0x8000b84c (0x00000f17) auipc   t5, 0x0
core   0: 3 0x8000b84c (0x00000f17) x30 0x8000b84c
core   0: 0x8000b850 (0x7a3f2a23) sw      gp, 1972(t5)
core   0: 3 0x8000b850 (0x7a3f2a23) mem 0x8000c000 0x00000001
core   0: 0x8000b854 (0x0000bfe5) c.j     pc - 8
core   0: 3 0x8000b854 (0xbfe5)
core   0: 0x8000b84c (0x00000f17) auipc   t5, 0x0
core   0: 3 0x8000b84c (0x00000f17) x30 0x8000b84c
core   0: 0x8000b850 (0x7a3f2a23) sw      gp, 1972(t5)
core   0: 3 0x8000b850 (0x7a3f2a23) mem 0x8000c000 0x00000001
core   0: 0x8000b854 (0x0000bfe5) c.j     pc - 8
core   0: 3 0x8000b854 (0xbfe5)
core   0: 0x8000b84c (0x00000f17) auipc   t5, 0x0
core   0: 3 0x8000b84c (0x00000f17) x30 0x8000b84c
core   0: 0x8000b850 (0x7a3f2a23) sw      gp, 1972(t5)
core   0: 3 0x8000b850 (0x7a3f2a23) mem 0x8000c000 0x00000001
core   0: 0x8000b854 (0x0000bfe5) c.j     pc - 8
core   0: 3 0x8000b854 (0xbfe5)
core   0: 0x8000b84c (0x00000f17) auipc   t5, 0x0
core   0: 3 0x8000b84c (0x00000f17) x30 0x8000b84c
core   0: 0x8000b850 (0x7a3f2a23) sw      gp, 1972(t5)
core   0: 3 0x8000b850 (0x7a3f2a23) mem 0x8000c000 0x00000001
core   0: 0x8000b854 (0x0000bfe5) c.j     pc - 8
core   0: 3 0x8000b854 (0xbfe5)
core   0: 0x8000b84c (0x00000f17) auipc   t5, 0x0
core   0: 3 0x8000b84c (0x00000f17) x30 0x8000b84c
core   0: 0x8000b850 (0x7a3f2a23) sw      gp, 1972(t5)
core   0: 3 0x8000b850 (0x7a3f2a23) mem 0x8000c000 0x00000001
core   0: 0x8000b854 (0x0000bfe5) c.j     pc - 8
core   0: 3 0x8000b854 (0xbfe5)
core   0: 0x8000b84c (0x00000f17) auipc   t5, 0x0
core   0: 3 0x8000b84c (0x00000f17) x30 0x8000b84c
core   0: 0x8000b850 (0x7a3f2a23) sw      gp, 1972(t5)
core   0: 3 0x8000b850 (0x7a3f2a23) mem 0x8000c000 0x00000001
core   0: 0x8000b854 (0x0000bfe5) c.j     pc - 8
core   0: 3 0x8000b854 (0xbfe5)
core   0: 0x8000b84c (0x00000f17) auipc   t5, 0x0
core   0: 3 0x8000b84c (0x00000f17) x30 0x8000b84c
core   0: 0x8000b850 (0x7a3f2a23) sw      gp, 1972(t5)
core   0: 3 0x8000b850 (0x7a3f2a23) mem 0x8000c000 0x00000001
core   0: 0x8000b854 (0x0000bfe5) c.j     pc - 8
core   0: 3 0x8000b854 (0xbfe5)
core   0: 0x8000b84c (0x00000f17) auipc   t5, 0x0
core   0: 3 0x8000b84c (0x00000f17) x30 0x8000b84c
core   0: 0x8000b850 (0x7a3f2a23) sw      gp, 1972(t5)
core   0: 3 0x8000b850 (0x7a3f2a23) mem 0x8000c000 0x00000001
core   0: 0x8000b854 (0x0000bfe5) c.j     pc - 8
core   0: 3 0x8000b854 (0xbfe5)
core   0: 0x8000b84c (0x00000f17) auipc   t5, 0x0
core   0: 3 0x8000b84c (0x00000f17) x30 0x8000b84c
core   0: 0x8000b850 (0x7a3f2a23) sw      gp, 1972(t5)
core   0: 3 0x8000b850 (0x7a3f2a23) mem 0x8000c000 0x00000001
core   0: 0x8000b854 (0x0000bfe5) c.j     pc - 8
core   0: 3 0x8000b854 (0xbfe5)
core   0: 0x8000b84c (0x00000f17) auipc   t5, 0x0
core   0: 3 0x8000b84c (0x00000f17) x30 0x8000b84c
core   0: 0x8000b850 (0x7a3f2a23) sw      gp, 1972(t5)
core   0: 3 0x8000b850 (0x7a3f2a23) mem 0x8000c000 0x00000001
core   0: 0x8000b854 (0x0000bfe5) c.j     pc - 8
core   0: 3 0x8000b854 (0xbfe5)
core   0: 0x8000b84c (0x00000f17) auipc   t5, 0x0
core   0: 3 0x8000b84c (0x00000f17) x30 0x8000b84c
core   0: 0x8000b850 (0x7a3f2a23) sw      gp, 1972(t5)
core   0: 3 0x8000b850 (0x7a3f2a23) mem 0x8000c000 0x00000001
core   0: 0x8000b854 (0x0000bfe5) c.j     pc - 8
core   0: 3 0x8000b854 (0xbfe5)
core   0: 0x8000b84c (0x00000f17) auipc   t5, 0x0
core   0: 3 0x8000b84c (0x00000f17) x30 0x8000b84c
core   0: 0x8000b850 (0x7a3f2a23) sw      gp, 1972(t5)
core   0: 3 0x8000b850 (0x7a3f2a23) mem 0x8000c000 0x00000001
core   0: 0x8000b854 (0x0000bfe5) c.j     pc - 8
core   0: 3 0x8000b854 (0xbfe5)
core   0: 0x8000b84c (0x00000f17) auipc   t5, 0x0
core   0: 3 0x8000b84c (0x00000f17) x30 0x8000b84c
core   0: 0x8000b850 (0x7a3f2a23) sw      gp, 1972(t5)
core   0: 3 0x8000b850 (0x7a3f2a23) mem 0x8000c000 0x00000001
core   0: 0x8000b854 (0x0000bfe5) c.j     pc - 8
core   0: 3 0x8000b854 (0xbfe5)
core   0: 0x8000b84c (0x00000f17) auipc   t5, 0x0
core   0: 3 0x8000b84c (0x00000f17) x30 0x8000b84c
core   0: 0x8000b850 (0x7a3f2a23) sw      gp, 1972(t5)
core   0: 3 0x8000b850 (0x7a3f2a23) mem 0x8000c000 0x00000001
core   0: 0x8000b854 (0x0000bfe5) c.j     pc - 8
core   0: 3 0x8000b854 (0xbfe5)
core   0: 0x8000b84c (0x00000f17) auipc   t5, 0x0
core   0: 3 0x8000b84c (0x00000f17) x30 0x8000b84c
core   0: 0x8000b850 (0x7a3f2a23) sw      gp, 1972(t5)
core   0: 3 0x8000b850 (0x7a3f2a23) mem 0x8000c000 0x00000001
core   0: 0x8000b854 (0x0000bfe5) c.j     pc - 8
core   0: 3 0x8000b854 (0xbfe5)
core   0: 0x8000b84c (0x00000f17) auipc   t5, 0x0
core   0: 3 0x8000b84c (0x00000f17) x30 0x8000b84c
core   0: 0x8000b850 (0x7a3f2a23) sw      gp, 1972(t5)
core   0: 3 0x8000b850 (0x7a3f2a23) mem 0x8000c000 0x00000001
core   0: 0x8000b854 (0x0000bfe5) c.j     pc - 8
core   0: 3 0x8000b854 (0xbfe5)
core   0: 0x8000b84c (0x00000f17) auipc   t5, 0x0
core   0: 3 0x8000b84c (0x00000f17) x30 0x8000b84c
core   0: 0x8000b850 (0x7a3f2a23) sw      gp, 1972(t5)
core   0: 3 0x8000b850 (0x7a3f2a23) mem 0x8000c000 0x00000001
core   0: 0x8000b854 (0x0000bfe5) c.j     pc - 8
core   0: 3 0x8000b854 (0xbfe5)
core   0: 0x8000b84c (0x00000f17) auipc   t5, 0x0
core   0: 3 0x8000b84c (0x00000f17) x30 0x8000b84c
core   0: 0x8000b850 (0x7a3f2a23) sw      gp, 1972(t5)
core   0: 3 0x8000b850 (0x7a3f2a23) mem 0x8000c000 0x00000001
core   0: 0x8000b854 (0x0000bfe5) c.j     pc - 8
core   0: 3 0x8000b854 (0xbfe5)
core   0: 0x8000b84c (0x00000f17) auipc   t5, 0x0
core   0: 3 0x8000b84c (0x00000f17) x30 0x8000b84c
core   0: 0x8000b850 (0x7a3f2a23) sw      gp, 1972(t5)
core   0: 3 0x8000b850 (0x7a3f2a23) mem 0x8000c000 0x00000001
core   0: 0x8000b854 (0x0000bfe5) c.j     pc - 8
core   0: 3 0x8000b854 (0xbfe5)
core   0: 0x8000b84c (0x00000f17) auipc   t5, 0x0
core   0: 3 0x8000b84c (0x00000f17) x30 0x8000b84c
core   0: 0x8000b850 (0x7a3f2a23) sw      gp, 1972(t5)
core   0: 3 0x8000b850 (0x7a3f2a23) mem 0x8000c000 0x00000001
core   0: 0x8000b854 (0x0000bfe5) c.j     pc - 8
core   0: 3 0x8000b854 (0xbfe5)
core   0: 0x8000b84c (0x00000f17) auipc   t5, 0x0
core   0: 3 0x8000b84c (0x00000f17) x30 0x8000b84c
core   0: 0x8000b850 (0x7a3f2a23) sw      gp, 1972(t5)
core   0: 3 0x8000b850 (0x7a3f2a23) mem 0x8000c000 0x00000001
core   0: 0x8000b854 (0x0000bfe5) c.j     pc - 8
core   0: 3 0x8000b854 (0xbfe5)
core   0: 0x8000b84c (0x00000f17) auipc   t5, 0x0
core   0: 3 0x8000b84c (0x00000f17) x30 0x8000b84c
core   0: 0x8000b850 (0x7a3f2a23) sw      gp, 1972(t5)
core   0: 3 0x8000b850 (0x7a3f2a23) mem 0x8000c000 0x00000001
core   0: 0x8000b854 (0x0000bfe5) c.j     pc - 8
core   0: 3 0x8000b854 (0xbfe5)
core   0: 0x8000b84c (0x00000f17) auipc   t5, 0x0
core   0: 3 0x8000b84c (0x00000f17) x30 0x8000b84c
core   0: 0x8000b850 (0x7a3f2a23) sw      gp, 1972(t5)
core   0: 3 0x8000b850 (0x7a3f2a23) mem 0x8000c000 0x00000001
core   0: 0x8000b854 (0x0000bfe5) c.j     pc - 8
core   0: 3 0x8000b854 (0xbfe5)
core   0: 0x8000b84c (0x00000f17) auipc   t5, 0x0
core   0: 3 0x8000b84c (0x00000f17) x30 0x8000b84c
core   0: 0x8000b850 (0x7a3f2a23) sw      gp, 1972(t5)
core   0: 3 0x8000b850 (0x7a3f2a23) mem 0x8000c000 0x00000001
core   0: 0x8000b854 (0x0000bfe5) c.j     pc - 8
core   0: 3 0x8000b854 (0xbfe5)
core   0: 0x8000b84c (0x00000f17) auipc   t5, 0x0
core   0: 3 0x8000b84c (0x00000f17) x30 0x8000b84c
core   0: 0x8000b850 (0x7a3f2a23) sw      gp, 1972(t5)
core   0: 3 0x8000b850 (0x7a3f2a23) mem 0x8000c000 0x00000001
core   0: 0x8000b854 (0x0000bfe5) c.j     pc - 8
core   0: 3 0x8000b854 (0xbfe5)
core   0: 0x8000b84c (0x00000f17) auipc   t5, 0x0
core   0: 3 0x8000b84c (0x00000f17) x30 0x8000b84c
core   0: 0x8000b850 (0x7a3f2a23) sw      gp, 1972(t5)
core   0: 3 0x8000b850 (0x7a3f2a23) mem 0x8000c000 0x00000001
core   0: 0x8000b854 (0x0000bfe5) c.j     pc - 8
core   0: 3 0x8000b854 (0xbfe5)
core   0: 0x8000b84c (0x00000f17) auipc   t5, 0x0
core   0: 3 0x8000b84c (0x00000f17) x30 0x8000b84c
core   0: 0x8000b850 (0x7a3f2a23) sw      gp, 1972(t5)
core   0: 3 0x8000b850 (0x7a3f2a23) mem 0x8000c000 0x00000001
core   0: 0x8000b854 (0x0000bfe5) c.j     pc - 8
core   0: 3 0x8000b854 (0xbfe5)
core   0: 0x8000b84c (0x00000f17) auipc   t5, 0x0
core   0: 3 0x8000b84c (0x00000f17) x30 0x8000b84c
core   0: 0x8000b850 (0x7a3f2a23) sw      gp, 1972(t5)
core   0: 3 0x8000b850 (0x7a3f2a23) mem 0x8000c000 0x00000001
core   0: 0x8000b854 (0x0000bfe5) c.j     pc - 8
core   0: 3 0x8000b854 (0xbfe5)
core   0: 0x8000b84c (0x00000f17) auipc   t5, 0x0
core   0: 3 0x8000b84c (0x00000f17) x30 0x8000b84c
core   0: 0x8000b850 (0x7a3f2a23) sw      gp, 1972(t5)
core   0: 3 0x8000b850 (0x7a3f2a23) mem 0x8000c000 0x00000001
core   0: 0x8000b854 (0x0000bfe5) c.j     pc - 8
core   0: 3 0x8000b854 (0xbfe5)
core   0: 0x8000b84c (0x00000f17) auipc   t5, 0x0
core   0: 3 0x8000b84c (0x00000f17) x30 0x8000b84c
core   0: 0x8000b850 (0x7a3f2a23) sw      gp, 1972(t5)
core   0: 3 0x8000b850 (0x7a3f2a23) mem 0x8000c000 0x00000001
core   0: 0x8000b854 (0x0000bfe5) c.j     pc - 8
core   0: 3 0x8000b854 (0xbfe5)
core   0: 0x8000b84c (0x00000f17) auipc   t5, 0x0
core   0: 3 0x8000b84c (0x00000f17) x30 0x8000b84c
core   0: 0x8000b850 (0x7a3f2a23) sw      gp, 1972(t5)
core   0: 3 0x8000b850 (0x7a3f2a23) mem 0x8000c000 0x00000001
core   0: 0x8000b854 (0x0000bfe5) c.j     pc - 8
core   0: 3 0x8000b854 (0xbfe5)
core   0: 0x8000b84c (0x00000f17) auipc   t5, 0x0
core   0: 3 0x8000b84c (0x00000f17) x30 0x8000b84c
core   0: 0x8000b850 (0x7a3f2a23) sw      gp, 1972(t5)
core   0: 3 0x8000b850 (0x7a3f2a23) mem 0x8000c000 0x00000001
core   0: 0x8000b854 (0x0000bfe5) c.j     pc - 8
core   0: 3 0x8000b854 (0xbfe5)
core   0: 0x8000b84c (0x00000f17) auipc   t5, 0x0
core   0: 3 0x8000b84c (0x00000f17) x30 0x8000b84c
core   0: 0x8000b850 (0x7a3f2a23) sw      gp, 1972(t5)
core   0: 3 0x8000b850 (0x7a3f2a23) mem 0x8000c000 0x00000001
core   0: 0x8000b854 (0x0000bfe5) c.j     pc - 8
core   0: 3 0x8000b854 (0xbfe5)
core   0: 0x8000b84c (0x00000f17) auipc   t5, 0x0
core   0: 3 0x8000b84c (0x00000f17) x30 0x8000b84c
core   0: 0x8000b850 (0x7a3f2a23) sw      gp, 1972(t5)
core   0: 3 0x8000b850 (0x7a3f2a23) mem 0x8000c000 0x00000001
core   0: 0x8000b854 (0x0000bfe5) c.j     pc - 8
core   0: 3 0x8000b854 (0xbfe5)
core   0: 0x8000b84c (0x00000f17) auipc   t5, 0x0
core   0: 3 0x8000b84c (0x00000f17) x30 0x8000b84c
core   0: 0x8000b850 (0x7a3f2a23) sw      gp, 1972(t5)
core   0: 3 0x8000b850 (0x7a3f2a23) mem 0x8000c000 0x00000001
core   0: 0x8000b854 (0x0000bfe5) c.j     pc - 8
core   0: 3 0x8000b854 (0xbfe5)
core   0: 0x8000b84c (0x00000f17) auipc   t5, 0x0
core   0: 3 0x8000b84c (0x00000f17) x30 0x8000b84c
core   0: 0x8000b850 (0x7a3f2a23) sw      gp, 1972(t5)
core   0: 3 0x8000b850 (0x7a3f2a23) mem 0x8000c000 0x00000001
core   0: 0x8000b854 (0x0000bfe5) c.j     pc - 8
core   0: 3 0x8000b854 (0xbfe5)
core   0: 0x8000b84c (0x00000f17) auipc   t5, 0x0
core   0: 3 0x8000b84c (0x00000f17) x30 0x8000b84c
core   0: 0x8000b850 (0x7a3f2a23) sw      gp, 1972(t5)
core   0: 3 0x8000b850 (0x7a3f2a23) mem 0x8000c000 0x00000001
core   0: 0x8000b854 (0x0000bfe5) c.j     pc - 8
core   0: 3 0x8000b854 (0xbfe5)
core   0: 0x8000b84c (0x00000f17) auipc   t5, 0x0
core   0: 3 0x8000b84c (0x00000f17) x30 0x8000b84c
core   0: 0x8000b850 (0x7a3f2a23) sw      gp, 1972(t5)
core   0: 3 0x8000b850 (0x7a3f2a23) mem 0x8000c000 0x00000001
core   0: 0x8000b854 (0x0000bfe5) c.j     pc - 8
core   0: 3 0x8000b854 (0xbfe5)
core   0: 0x8000b84c (0x00000f17) auipc   t5, 0x0
core   0: 3 0x8000b84c (0x00000f17) x30 0x8000b84c
core   0: 0x8000b850 (0x7a3f2a23) sw      gp, 1972(t5)
core   0: 3 0x8000b850 (0x7a3f2a23) mem 0x8000c000 0x00000001
core   0: 0x8000b854 (0x0000bfe5) c.j     pc - 8
core   0: 3 0x8000b854 (0xbfe5)
core   0: 0x8000b84c (0x00000f17) auipc   t5, 0x0
core   0: 3 0x8000b84c (0x00000f17) x30 0x8000b84c
core   0: 0x8000b850 (0x7a3f2a23) sw      gp, 1972(t5)
core   0: 3 0x8000b850 (0x7a3f2a23) mem 0x8000c000 0x00000001
core   0: 0x8000b854 (0x0000bfe5) c.j     pc - 8
core   0: 3 0x8000b854 (0xbfe5)
core   0: 0x8000b84c (0x00000f17) auipc   t5, 0x0
core   0: 3 0x8000b84c (0x00000f17) x30 0x8000b84c
core   0: 0x8000b850 (0x7a3f2a23) sw      gp, 1972(t5)
core   0: 3 0x8000b850 (0x7a3f2a23) mem 0x8000c000 0x00000001
core   0: 0x8000b854 (0x0000bfe5) c.j     pc - 8
core   0: 3 0x8000b854 (0xbfe5)
core   0: 0x8000b84c (0x00000f17) auipc   t5, 0x0
core   0: 3 0x8000b84c (0x00000f17) x30 0x8000b84c
core   0: 0x8000b850 (0x7a3f2a23) sw      gp, 1972(t5)
core   0: 3 0x8000b850 (0x7a3f2a23) mem 0x8000c000 0x00000001
core   0: 0x8000b854 (0x0000bfe5) c.j     pc - 8
core   0: 3 0x8000b854 (0xbfe5)
core   0: 0x8000b84c (0x00000f17) auipc   t5, 0x0
core   0: 3 0x8000b84c (0x00000f17) x30 0x8000b84c
core   0: 0x8000b850 (0x7a3f2a23) sw      gp, 1972(t5)
core   0: 3 0x8000b850 (0x7a3f2a23) mem 0x8000c000 0x00000001
core   0: 0x8000b854 (0x0000bfe5) c.j     pc - 8
core   0: 3 0x8000b854 (0xbfe5)
core   0: 0x8000b84c (0x00000f17) auipc   t5, 0x0
core   0: 3 0x8000b84c (0x00000f17) x30 0x8000b84c
core   0: 0x8000b850 (0x7a3f2a23) sw      gp, 1972(t5)
core   0: 3 0x8000b850 (0x7a3f2a23) mem 0x8000c000 0x00000001
core   0: 0x8000b854 (0x0000bfe5) c.j     pc - 8
core   0: 3 0x8000b854 (0xbfe5)
core   0: 0x8000b84c (0x00000f17) auipc   t5, 0x0
core   0: 3 0x8000b84c (0x00000f17) x30 0x8000b84c
core   0: 0x8000b850 (0x7a3f2a23) sw      gp, 1972(t5)
core   0: 3 0x8000b850 (0x7a3f2a23) mem 0x8000c000 0x00000001
core   0: 0x8000b854 (0x0000bfe5) c.j     pc - 8
core   0: 3 0x8000b854 (0xbfe5)
core   0: 0x8000b84c (0x00000f17) auipc   t5, 0x0
core   0: 3 0x8000b84c (0x00000f17) x30 0x8000b84c
core   0: 0x8000b850 (0x7a3f2a23) sw      gp, 1972(t5)
core   0: 3 0x8000b850 (0x7a3f2a23) mem 0x8000c000 0x00000001
core   0: 0x8000b854 (0x0000bfe5) c.j     pc - 8
core   0: 3 0x8000b854 (0xbfe5)
core   0: 0x8000b84c (0x00000f17) auipc   t5, 0x0
core   0: 3 0x8000b84c (0x00000f17) x30 0x8000b84c
core   0: 0x8000b850 (0x7a3f2a23) sw      gp, 1972(t5)
core   0: 3 0x8000b850 (0x7a3f2a23) mem 0x8000c000 0x00000001
core   0: 0x8000b854 (0x0000bfe5) c.j     pc - 8
core   0: 3 0x8000b854 (0xbfe5)
core   0: 0x8000b84c (0x00000f17) auipc   t5, 0x0
core   0: 3 0x8000b84c (0x00000f17) x30 0x8000b84c
core   0: 0x8000b850 (0x7a3f2a23) sw      gp, 1972(t5)
core   0: 3 0x8000b850 (0x7a3f2a23) mem 0x8000c000 0x00000001
core   0: 0x8000b854 (0x0000bfe5) c.j     pc - 8
core   0: 3 0x8000b854 (0xbfe5)
core   0: 0x8000b84c (0x00000f17) auipc   t5, 0x0
core   0: 3 0x8000b84c (0x00000f17) x30 0x8000b84c
core   0: 0x8000b850 (0x7a3f2a23) sw      gp, 1972(t5)
core   0: 3 0x8000b850 (0x7a3f2a23) mem 0x8000c000 0x00000001
core   0: 0x8000b854 (0x0000bfe5) c.j     pc - 8
core   0: 3 0x8000b854 (0xbfe5)
core   0: 0x8000b84c (0x00000f17) auipc   t5, 0x0
core   0: 3 0x8000b84c (0x00000f17) x30 0x8000b84c
core   0: 0x8000b850 (0x7a3f2a23) sw      gp, 1972(t5)
core   0: 3 0x8000b850 (0x7a3f2a23) mem 0x8000c000 0x00000001
core   0: 0x8000b854 (0x0000bfe5) c.j     pc - 8
core   0: 3 0x8000b854 (0xbfe5)
core   0: 0x8000b84c (0x00000f17) auipc   t5, 0x0
core   0: 3 0x8000b84c (0x00000f17) x30 0x8000b84c
core   0: 0x8000b850 (0x7a3f2a23) sw      gp, 1972(t5)
core   0: 3 0x8000b850 (0x7a3f2a23) mem 0x8000c000 0x00000001
core   0: 0x8000b854 (0x0000bfe5) c.j     pc - 8
core   0: 3 0x8000b854 (0xbfe5)
core   0: 0x8000b84c (0x00000f17) auipc   t5, 0x0
core   0: 3 0x8000b84c (0x00000f17) x30 0x8000b84c
core   0: 0x8000b850 (0x7a3f2a23) sw      gp, 1972(t5)
core   0: 3 0x8000b850 (0x7a3f2a23) mem 0x8000c000 0x00000001
core   0: 0x8000b854 (0x0000bfe5) c.j     pc - 8
core   0: 3 0x8000b854 (0xbfe5)
core   0: 0x8000b84c (0x00000f17) auipc   t5, 0x0
core   0: 3 0x8000b84c (0x00000f17) x30 0x8000b84c
core   0: 0x8000b850 (0x7a3f2a23) sw      gp, 1972(t5)
core   0: 3 0x8000b850 (0x7a3f2a23) mem 0x8000c000 0x00000001
core   0: 0x8000b854 (0x0000bfe5) c.j     pc - 8
core   0: 3 0x8000b854 (0xbfe5)
core   0: 0x8000b84c (0x00000f17) auipc   t5, 0x0
core   0: 3 0x8000b84c (0x00000f17) x30 0x8000b84c
core   0: 0x8000b850 (0x7a3f2a23) sw      gp, 1972(t5)
core   0: 3 0x8000b850 (0x7a3f2a23) mem 0x8000c000 0x00000001
core   0: 0x8000b854 (0x0000bfe5) c.j     pc - 8
core   0: 3 0x8000b854 (0xbfe5)
core   0: 0x8000b84c (0x00000f17) auipc   t5, 0x0
core   0: 3 0x8000b84c (0x00000f17) x30 0x8000b84c
core   0: 0x8000b850 (0x7a3f2a23) sw      gp, 1972(t5)
core   0: 3 0x8000b850 (0x7a3f2a23) mem 0x8000c000 0x00000001
core   0: 0x8000b854 (0x0000bfe5) c.j     pc - 8
core   0: 3 0x8000b854 (0xbfe5)
core   0: 0x8000b84c (0x00000f17) auipc   t5, 0x0
core   0: 3 0x8000b84c (0x00000f17) x30 0x8000b84c
core   0: 0x8000b850 (0x7a3f2a23) sw      gp, 1972(t5)
core   0: 3 0x8000b850 (0x7a3f2a23) mem 0x8000c000 0x00000001
core   0: 0x8000b854 (0x0000bfe5) c.j     pc - 8
core   0: 3 0x8000b854 (0xbfe5)
core   0: 0x8000b84c (0x00000f17) auipc   t5, 0x0
core   0: 3 0x8000b84c (0x00000f17) x30 0x8000b84c
core   0: 0x8000b850 (0x7a3f2a23) sw      gp, 1972(t5)
core   0: 3 0x8000b850 (0x7a3f2a23) mem 0x8000c000 0x00000001
core   0: 0x8000b854 (0x0000bfe5) c.j     pc - 8
core   0: 3 0x8000b854 (0xbfe5)
core   0: 0x8000b84c (0x00000f17) auipc   t5, 0x0
core   0: 3 0x8000b84c (0x00000f17) x30 0x8000b84c
core   0: 0x8000b850 (0x7a3f2a23) sw      gp, 1972(t5)
core   0: 3 0x8000b850 (0x7a3f2a23) mem 0x8000c000 0x00000001
core   0: 0x8000b854 (0x0000bfe5) c.j     pc - 8
core   0: 3 0x8000b854 (0xbfe5)
core   0: 0x8000b84c (0x00000f17) auipc   t5, 0x0
core   0: 3 0x8000b84c (0x00000f17) x30 0x8000b84c
core   0: 0x8000b850 (0x7a3f2a23) sw      gp, 1972(t5)
core   0: 3 0x8000b850 (0x7a3f2a23) mem 0x8000c000 0x00000001
core   0: 0x8000b854 (0x0000bfe5) c.j     pc - 8
core   0: 3 0x8000b854 (0xbfe5)
core   0: 0x8000b84c (0x00000f17) auipc   t5, 0x0
core   0: 3 0x8000b84c (0x00000f17) x30 0x8000b84c
core   0: 0x8000b850 (0x7a3f2a23) sw      gp, 1972(t5)
core   0: 3 0x8000b850 (0x7a3f2a23) mem 0x8000c000 0x00000001
core   0: 0x8000b854 (0x0000bfe5) c.j     pc - 8
core   0: 3 0x8000b854 (0xbfe5)
core   0: 0x8000b84c (0x00000f17) auipc   t5, 0x0
core   0: 3 0x8000b84c (0x00000f17) x30 0x8000b84c
core   0: 0x8000b850 (0x7a3f2a23) sw      gp, 1972(t5)
core   0: 3 0x8000b850 (0x7a3f2a23) mem 0x8000c000 0x00000001
core   0: 0x8000b854 (0x0000bfe5) c.j     pc - 8
core   0: 3 0x8000b854 (0xbfe5)
core   0: 0x8000b84c (0x00000f17) auipc   t5, 0x0
core   0: 3 0x8000b84c (0x00000f17) x30 0x8000b84c
core   0: 0x8000b850 (0x7a3f2a23) sw      gp, 1972(t5)
core   0: 3 0x8000b850 (0x7a3f2a23) mem 0x8000c000 0x00000001
core   0: 0x8000b854 (0x0000bfe5) c.j     pc - 8
core   0: 3 0x8000b854 (0xbfe5)
core   0: 0x8000b84c (0x00000f17) auipc   t5, 0x0
core   0: 3 0x8000b84c (0x00000f17) x30 0x8000b84c
core   0: 0x8000b850 (0x7a3f2a23) sw      gp, 1972(t5)
core   0: 3 0x8000b850 (0x7a3f2a23) mem 0x8000c000 0x00000001
core   0: 0x8000b854 (0x0000bfe5) c.j     pc - 8
core   0: 3 0x8000b854 (0xbfe5)
core   0: 0x8000b84c (0x00000f17) auipc   t5, 0x0
core   0: 3 0x8000b84c (0x00000f17) x30 0x8000b84c
core   0: 0x8000b850 (0x7a3f2a23) sw      gp, 1972(t5)
core   0: 3 0x8000b850 (0x7a3f2a23) mem 0x8000c000 0x00000001
core   0: 0x8000b854 (0x0000bfe5) c.j     pc - 8
core   0: 3 0x8000b854 (0xbfe5)
core   0: 0x8000b84c (0x00000f17) auipc   t5, 0x0
core   0: 3 0x8000b84c (0x00000f17) x30 0x8000b84c
core   0: 0x8000b850 (0x7a3f2a23) sw      gp, 1972(t5)
core   0: 3 0x8000b850 (0x7a3f2a23) mem 0x8000c000 0x00000001
core   0: 0x8000b854 (0x0000bfe5) c.j     pc - 8
core   0: 3 0x8000b854 (0xbfe5)
core   0: 0x8000b84c (0x00000f17) auipc   t5, 0x0
core   0: 3 0x8000b84c (0x00000f17) x30 0x8000b84c
core   0: 0x8000b850 (0x7a3f2a23) sw      gp, 1972(t5)
core   0: 3 0x8000b850 (0x7a3f2a23) mem 0x8000c000 0x00000001
core   0: 0x8000b854 (0x0000bfe5) c.j     pc - 8
core   0: 3 0x8000b854 (0xbfe5)
core   0: 0x8000b84c (0x00000f17) auipc   t5, 0x0
core   0: 3 0x8000b84c (0x00000f17) x30 0x8000b84c
core   0: 0x8000b850 (0x7a3f2a23) sw      gp, 1972(t5)
core   0: 3 0x8000b850 (0x7a3f2a23) mem 0x8000c000 0x00000001
core   0: 0x8000b854 (0x0000bfe5) c.j     pc - 8
core   0: 3 0x8000b854 (0xbfe5)
core   0: 0x8000b84c (0x00000f17) auipc   t5, 0x0
core   0: 3 0x8000b84c (0x00000f17) x30 0x8000b84c
core   0: 0x8000b850 (0x7a3f2a23) sw      gp, 1972(t5)
core   0: 3 0x8000b850 (0x7a3f2a23) mem 0x8000c000 0x00000001
core   0: 0x8000b854 (0x0000bfe5) c.j     pc - 8
core   0: 3 0x8000b854 (0xbfe5)
core   0: 0x8000b84c (0x00000f17) auipc   t5, 0x0
core   0: 3 0x8000b84c (0x00000f17) x30 0x8000b84c
core   0: 0x8000b850 (0x7a3f2a23) sw      gp, 1972(t5)
core   0: 3 0x8000b850 (0x7a3f2a23) mem 0x8000c000 0x00000001
core   0: 0x8000b854 (0x0000bfe5) c.j     pc - 8
core   0: 3 0x8000b854 (0xbfe5)
core   0: 0x8000b84c (0x00000f17) auipc   t5, 0x0
core   0: 3 0x8000b84c (0x00000f17) x30 0x8000b84c
core   0: 0x8000b850 (0x7a3f2a23) sw      gp, 1972(t5)
core   0: 3 0x8000b850 (0x7a3f2a23) mem 0x8000c000 0x00000001
core   0: 0x8000b854 (0x0000bfe5) c.j     pc - 8
core   0: 3 0x8000b854 (0xbfe5)
core   0: 0x8000b84c (0x00000f17) auipc   t5, 0x0
core   0: 3 0x8000b84c (0x00000f17) x30 0x8000b84c
core   0: 0x8000b850 (0x7a3f2a23) sw      gp, 1972(t5)
core   0: 3 0x8000b850 (0x7a3f2a23) mem 0x8000c000 0x00000001
core   0: 0x8000b854 (0x0000bfe5) c.j     pc - 8
core   0: 3 0x8000b854 (0xbfe5)
core   0: 0x8000b84c (0x00000f17) auipc   t5, 0x0
core   0: 3 0x8000b84c (0x00000f17) x30 0x8000b84c
core   0: 0x8000b850 (0x7a3f2a23) sw      gp, 1972(t5)
core   0: 3 0x8000b850 (0x7a3f2a23) mem 0x8000c000 0x00000001
core   0: 0x8000b854 (0x0000bfe5) c.j     pc - 8
core   0: 3 0x8000b854 (0xbfe5)
core   0: 0x8000b84c (0x00000f17) auipc   t5, 0x0
core   0: 3 0x8000b84c (0x00000f17) x30 0x8000b84c
core   0: 0x8000b850 (0x7a3f2a23) sw      gp, 1972(t5)
core   0: 3 0x8000b850 (0x7a3f2a23) mem 0x8000c000 0x00000001
core   0: 0x8000b854 (0x0000bfe5) c.j     pc - 8
core   0: 3 0x8000b854 (0xbfe5)
core   0: 0x8000b84c (0x00000f17) auipc   t5, 0x0
core   0: 3 0x8000b84c (0x00000f17) x30 0x8000b84c
core   0: 0x8000b850 (0x7a3f2a23) sw      gp, 1972(t5)
core   0: 3 0x8000b850 (0x7a3f2a23) mem 0x8000c000 0x00000001
core   0: 0x8000b854 (0x0000bfe5) c.j     pc - 8
core   0: 3 0x8000b854 (0xbfe5)
core   0: 0x8000b84c (0x00000f17) auipc   t5, 0x0
core   0: 3 0x8000b84c (0x00000f17) x30 0x8000b84c
core   0: 0x8000b850 (0x7a3f2a23) sw      gp, 1972(t5)
core   0: 3 0x8000b850 (0x7a3f2a23) mem 0x8000c000 0x00000001
core   0: 0x8000b854 (0x0000bfe5) c.j     pc - 8
core   0: 3 0x8000b854 (0xbfe5)
core   0: 0x8000b84c (0x00000f17) auipc   t5, 0x0
core   0: 3 0x8000b84c (0x00000f17) x30 0x8000b84c
core   0: 0x8000b850 (0x7a3f2a23) sw      gp, 1972(t5)
core   0: 3 0x8000b850 (0x7a3f2a23) mem 0x8000c000 0x00000001
core   0: 0x8000b854 (0x0000bfe5) c.j     pc - 8
core   0: 3 0x8000b854 (0xbfe5)
core   0: 0x8000b84c (0x00000f17) auipc   t5, 0x0
core   0: 3 0x8000b84c (0x00000f17) x30 0x8000b84c
core   0: 0x8000b850 (0x7a3f2a23) sw      gp, 1972(t5)
core   0: 3 0x8000b850 (0x7a3f2a23) mem 0x8000c000 0x00000001
core   0: 0x8000b854 (0x0000bfe5) c.j     pc - 8
core   0: 3 0x8000b854 (0xbfe5)
core   0: 0x8000b84c (0x00000f17) auipc   t5, 0x0
core   0: 3 0x8000b84c (0x00000f17) x30 0x8000b84c
core   0: 0x8000b850 (0x7a3f2a23) sw      gp, 1972(t5)
core   0: 3 0x8000b850 (0x7a3f2a23) mem 0x8000c000 0x00000001
core   0: 0x8000b854 (0x0000bfe5) c.j     pc - 8
core   0: 3 0x8000b854 (0xbfe5)
core   0: 0x8000b84c (0x00000f17) auipc   t5, 0x0
core   0: 3 0x8000b84c (0x00000f17) x30 0x8000b84c
core   0: 0x8000b850 (0x7a3f2a23) sw      gp, 1972(t5)
core   0: 3 0x8000b850 (0x7a3f2a23) mem 0x8000c000 0x00000001
core   0: 0x8000b854 (0x0000bfe5) c.j     pc - 8
core   0: 3 0x8000b854 (0xbfe5)
core   0: 0x8000b84c (0x00000f17) auipc   t5, 0x0
core   0: 3 0x8000b84c (0x00000f17) x30 0x8000b84c
core   0: 0x8000b850 (0x7a3f2a23) sw      gp, 1972(t5)
core   0: 3 0x8000b850 (0x7a3f2a23) mem 0x8000c000 0x00000001
core   0: 0x8000b854 (0x0000bfe5) c.j     pc - 8
core   0: 3 0x8000b854 (0xbfe5)
core   0: 0x8000b84c (0x00000f17) auipc   t5, 0x0
core   0: 3 0x8000b84c (0x00000f17) x30 0x8000b84c
core   0: 0x8000b850 (0x7a3f2a23) sw      gp, 1972(t5)
core   0: 3 0x8000b850 (0x7a3f2a23) mem 0x8000c000 0x00000001
core   0: 0x8000b854 (0x0000bfe5) c.j     pc - 8
core   0: 3 0x8000b854 (0xbfe5)
core   0: 0x8000b84c (0x00000f17) auipc   t5, 0x0
core   0: 3 0x8000b84c (0x00000f17) x30 0x8000b84c
core   0: 0x8000b850 (0x7a3f2a23) sw      gp, 1972(t5)
core   0: 3 0x8000b850 (0x7a3f2a23) mem 0x8000c000 0x00000001
core   0: 0x8000b854 (0x0000bfe5) c.j     pc - 8
core   0: 3 0x8000b854 (0xbfe5)
core   0: 0x8000b84c (0x00000f17) auipc   t5, 0x0
core   0: 3 0x8000b84c (0x00000f17) x30 0x8000b84c
core   0: 0x8000b850 (0x7a3f2a23) sw      gp, 1972(t5)
core   0: 3 0x8000b850 (0x7a3f2a23) mem 0x8000c000 0x00000001
core   0: 0x8000b854 (0x0000bfe5) c.j     pc - 8
core   0: 3 0x8000b854 (0xbfe5)
core   0: 0x8000b84c (0x00000f17) auipc   t5, 0x0
core   0: 3 0x8000b84c (0x00000f17) x30 0x8000b84c
core   0: 0x8000b850 (0x7a3f2a23) sw      gp, 1972(t5)
core   0: 3 0x8000b850 (0x7a3f2a23) mem 0x8000c000 0x00000001
core   0: 0x8000b854 (0x0000bfe5) c.j     pc - 8
core   0: 3 0x8000b854 (0xbfe5)
core   0: 0x8000b84c (0x00000f17) auipc   t5, 0x0
core   0: 3 0x8000b84c (0x00000f17) x30 0x8000b84c
core   0: 0x8000b850 (0x7a3f2a23) sw      gp, 1972(t5)
core   0: 3 0x8000b850 (0x7a3f2a23) mem 0x8000c000 0x00000001
core   0: 0x8000b854 (0x0000bfe5) c.j     pc - 8
core   0: 3 0x8000b854 (0xbfe5)
core   0: 0x8000b84c (0x00000f17) auipc   t5, 0x0
core   0: 3 0x8000b84c (0x00000f17) x30 0x8000b84c
core   0: 0x8000b850 (0x7a3f2a23) sw      gp, 1972(t5)
core   0: 3 0x8000b850 (0x7a3f2a23) mem 0x8000c000 0x00000001
core   0: 0x8000b854 (0x0000bfe5) c.j     pc - 8
core   0: 3 0x8000b854 (0xbfe5)
core   0: 0x8000b84c (0x00000f17) auipc   t5, 0x0
core   0: 3 0x8000b84c (0x00000f17) x30 0x8000b84c
core   0: 0x8000b850 (0x7a3f2a23) sw      gp, 1972(t5)
core   0: 3 0x8000b850 (0x7a3f2a23) mem 0x8000c000 0x00000001
core   0: 0x8000b854 (0x0000bfe5) c.j     pc - 8
core   0: 3 0x8000b854 (0xbfe5)
core   0: 0x8000b84c (0x00000f17) auipc   t5, 0x0
core   0: 3 0x8000b84c (0x00000f17) x30 0x8000b84c
core   0: 0x8000b850 (0x7a3f2a23) sw      gp, 1972(t5)
core   0: 3 0x8000b850 (0x7a3f2a23) mem 0x8000c000 0x00000001
core   0: 0x8000b854 (0x0000bfe5) c.j     pc - 8
core   0: 3 0x8000b854 (0xbfe5)
core   0: 0x8000b84c (0x00000f17) auipc   t5, 0x0
core   0: 3 0x8000b84c (0x00000f17) x30 0x8000b84c
core   0: 0x8000b850 (0x7a3f2a23) sw      gp, 1972(t5)
core   0: 3 0x8000b850 (0x7a3f2a23) mem 0x8000c000 0x00000001
core   0: 0x8000b854 (0x0000bfe5) c.j     pc - 8
core   0: 3 0x8000b854 (0xbfe5)
core   0: 0x8000b84c (0x00000f17) auipc   t5, 0x0
core   0: 3 0x8000b84c (0x00000f17) x30 0x8000b84c
core   0: 0x8000b850 (0x7a3f2a23) sw      gp, 1972(t5)
core   0: 3 0x8000b850 (0x7a3f2a23) mem 0x8000c000 0x00000001
core   0: 0x8000b854 (0x0000bfe5) c.j     pc - 8
core   0: 3 0x8000b854 (0xbfe5)
core   0: 0x8000b84c (0x00000f17) auipc   t5, 0x0
core   0: 3 0x8000b84c (0x00000f17) x30 0x8000b84c
core   0: 0x8000b850 (0x7a3f2a23) sw      gp, 1972(t5)
core   0: 3 0x8000b850 (0x7a3f2a23) mem 0x8000c000 0x00000001
core   0: 0x8000b854 (0x0000bfe5) c.j     pc - 8
core   0: 3 0x8000b854 (0xbfe5)
core   0: 0x8000b84c (0x00000f17) auipc   t5, 0x0
core   0: 3 0x8000b84c (0x00000f17) x30 0x8000b84c
core   0: 0x8000b850 (0x7a3f2a23) sw      gp, 1972(t5)
core   0: 3 0x8000b850 (0x7a3f2a23) mem 0x8000c000 0x00000001
core   0: 0x8000b854 (0x0000bfe5) c.j     pc - 8
core   0: 3 0x8000b854 (0xbfe5)
core   0: 0x8000b84c (0x00000f17) auipc   t5, 0x0
core   0: 3 0x8000b84c (0x00000f17) x30 0x8000b84c
core   0: 0x8000b850 (0x7a3f2a23) sw      gp, 1972(t5)
core   0: 3 0x8000b850 (0x7a3f2a23) mem 0x8000c000 0x00000001
core   0: 0x8000b854 (0x0000bfe5) c.j     pc - 8
core   0: 3 0x8000b854 (0xbfe5)
core   0: 0x8000b84c (0x00000f17) auipc   t5, 0x0
core   0: 3 0x8000b84c (0x00000f17) x30 0x8000b84c
core   0: 0x8000b850 (0x7a3f2a23) sw      gp, 1972(t5)
core   0: 3 0x8000b850 (0x7a3f2a23) mem 0x8000c000 0x00000001
core   0: 0x8000b854 (0x0000bfe5) c.j     pc - 8
core   0: 3 0x8000b854 (0xbfe5)
core   0: 0x8000b84c (0x00000f17) auipc   t5, 0x0
core   0: 3 0x8000b84c (0x00000f17) x30 0x8000b84c
core   0: 0x8000b850 (0x7a3f2a23) sw      gp, 1972(t5)
core   0: 3 0x8000b850 (0x7a3f2a23) mem 0x8000c000 0x00000001
core   0: 0x8000b854 (0x0000bfe5) c.j     pc - 8
core   0: 3 0x8000b854 (0xbfe5)
core   0: 0x8000b84c (0x00000f17) auipc   t5, 0x0
core   0: 3 0x8000b84c (0x00000f17) x30 0x8000b84c
core   0: 0x8000b850 (0x7a3f2a23) sw      gp, 1972(t5)
core   0: 3 0x8000b850 (0x7a3f2a23) mem 0x8000c000 0x00000001
core   0: 0x8000b854 (0x0000bfe5) c.j     pc - 8
core   0: 3 0x8000b854 (0xbfe5)
core   0: 0x8000b84c (0x00000f17) auipc   t5, 0x0
core   0: 3 0x8000b84c (0x00000f17) x30 0x8000b84c
core   0: 0x8000b850 (0x7a3f2a23) sw      gp, 1972(t5)
core   0: 3 0x8000b850 (0x7a3f2a23) mem 0x8000c000 0x00000001
core   0: 0x8000b854 (0x0000bfe5) c.j     pc - 8
core   0: 3 0x8000b854 (0xbfe5)
core   0: 0x8000b84c (0x00000f17) auipc   t5, 0x0
core   0: 3 0x8000b84c (0x00000f17) x30 0x8000b84c
core   0: 0x8000b850 (0x7a3f2a23) sw      gp, 1972(t5)
core   0: 3 0x8000b850 (0x7a3f2a23) mem 0x8000c000 0x00000001
core   0: 0x8000b854 (0x0000bfe5) c.j     pc - 8
core   0: 3 0x8000b854 (0xbfe5)
core   0: 0x8000b84c (0x00000f17) auipc   t5, 0x0
core   0: 3 0x8000b84c (0x00000f17) x30 0x8000b84c
core   0: 0x8000b850 (0x7a3f2a23) sw      gp, 1972(t5)
core   0: 3 0x8000b850 (0x7a3f2a23) mem 0x8000c000 0x00000001
core   0: 0x8000b854 (0x0000bfe5) c.j     pc - 8
core   0: 3 0x8000b854 (0xbfe5)
core   0: 0x8000b84c (0x00000f17) auipc   t5, 0x0
core   0: 3 0x8000b84c (0x00000f17) x30 0x8000b84c
core   0: 0x8000b850 (0x7a3f2a23) sw      gp, 1972(t5)
core   0: 3 0x8000b850 (0x7a3f2a23) mem 0x8000c000 0x00000001
core   0: 0x8000b854 (0x0000bfe5) c.j     pc - 8
core   0: 3 0x8000b854 (0xbfe5)
core   0: 0x8000b84c (0x00000f17) auipc   t5, 0x0
core   0: 3 0x8000b84c (0x00000f17) x30 0x8000b84c
core   0: 0x8000b850 (0x7a3f2a23) sw      gp, 1972(t5)
core   0: 3 0x8000b850 (0x7a3f2a23) mem 0x8000c000 0x00000001
core   0: 0x8000b854 (0x0000bfe5) c.j     pc - 8
core   0: 3 0x8000b854 (0xbfe5)
core   0: 0x8000b84c (0x00000f17) auipc   t5, 0x0
core   0: 3 0x8000b84c (0x00000f17) x30 0x8000b84c
core   0: 0x8000b850 (0x7a3f2a23) sw      gp, 1972(t5)
core   0: 3 0x8000b850 (0x7a3f2a23) mem 0x8000c000 0x00000001
core   0: 0x8000b854 (0x0000bfe5) c.j     pc - 8
core   0: 3 0x8000b854 (0xbfe5)
core   0: 0x8000b84c (0x00000f17) auipc   t5, 0x0
core   0: 3 0x8000b84c (0x00000f17) x30 0x8000b84c
core   0: 0x8000b850 (0x7a3f2a23) sw      gp, 1972(t5)
core   0: 3 0x8000b850 (0x7a3f2a23) mem 0x8000c000 0x00000001
core   0: 0x8000b854 (0x0000bfe5) c.j     pc - 8
core   0: 3 0x8000b854 (0xbfe5)
core   0: 0x8000b84c (0x00000f17) auipc   t5, 0x0
core   0: 3 0x8000b84c (0x00000f17) x30 0x8000b84c
core   0: 0x8000b850 (0x7a3f2a23) sw      gp, 1972(t5)
core   0: 3 0x8000b850 (0x7a3f2a23) mem 0x8000c000 0x00000001
core   0: 0x8000b854 (0x0000bfe5) c.j     pc - 8
core   0: 3 0x8000b854 (0xbfe5)
core   0: 0x8000b84c (0x00000f17) auipc   t5, 0x0
core   0: 3 0x8000b84c (0x00000f17) x30 0x8000b84c
core   0: 0x8000b850 (0x7a3f2a23) sw      gp, 1972(t5)
core   0: 3 0x8000b850 (0x7a3f2a23) mem 0x8000c000 0x00000001
core   0: 0x8000b854 (0x0000bfe5) c.j     pc - 8
core   0: 3 0x8000b854 (0xbfe5)
core   0: 0x8000b84c (0x00000f17) auipc   t5, 0x0
core   0: 3 0x8000b84c (0x00000f17) x30 0x8000b84c
core   0: 0x8000b850 (0x7a3f2a23) sw      gp, 1972(t5)
core   0: 3 0x8000b850 (0x7a3f2a23) mem 0x8000c000 0x00000001
core   0: 0x8000b854 (0x0000bfe5) c.j     pc - 8
core   0: 3 0x8000b854 (0xbfe5)
core   0: 0x8000b84c (0x00000f17) auipc   t5, 0x0
core   0: 3 0x8000b84c (0x00000f17) x30 0x8000b84c
core   0: 0x8000b850 (0x7a3f2a23) sw      gp, 1972(t5)
core   0: 3 0x8000b850 (0x7a3f2a23) mem 0x8000c000 0x00000001
core   0: 0x8000b854 (0x0000bfe5) c.j     pc - 8
core   0: 3 0x8000b854 (0xbfe5)
core   0: 0x8000b84c (0x00000f17) auipc   t5, 0x0
core   0: 3 0x8000b84c (0x00000f17) x30 0x8000b84c
core   0: 0x8000b850 (0x7a3f2a23) sw      gp, 1972(t5)
core   0: 3 0x8000b850 (0x7a3f2a23) mem 0x8000c000 0x00000001
core   0: 0x8000b854 (0x0000bfe5) c.j     pc - 8
core   0: 3 0x8000b854 (0xbfe5)
core   0: 0x8000b84c (0x00000f17) auipc   t5, 0x0
core   0: 3 0x8000b84c (0x00000f17) x30 0x8000b84c
core   0: 0x8000b850 (0x7a3f2a23) sw      gp, 1972(t5)
core   0: 3 0x8000b850 (0x7a3f2a23) mem 0x8000c000 0x00000001
core   0: 0x8000b854 (0x0000bfe5) c.j     pc - 8
core   0: 3 0x8000b854 (0xbfe5)
core   0: 0x8000b84c (0x00000f17) auipc   t5, 0x0
core   0: 3 0x8000b84c (0x00000f17) x30 0x8000b84c
core   0: 0x8000b850 (0x7a3f2a23) sw      gp, 1972(t5)
core   0: 3 0x8000b850 (0x7a3f2a23) mem 0x8000c000 0x00000001
core   0: 0x8000b854 (0x0000bfe5) c.j     pc - 8
core   0: 3 0x8000b854 (0xbfe5)
core   0: 0x8000b84c (0x00000f17) auipc   t5, 0x0
core   0: 3 0x8000b84c (0x00000f17) x30 0x8000b84c
core   0: 0x8000b850 (0x7a3f2a23) sw      gp, 1972(t5)
core   0: 3 0x8000b850 (0x7a3f2a23) mem 0x8000c000 0x00000001
core   0: 0x8000b854 (0x0000bfe5) c.j     pc - 8
core   0: 3 0x8000b854 (0xbfe5)
core   0: 0x8000b84c (0x00000f17) auipc   t5, 0x0
core   0: 3 0x8000b84c (0x00000f17) x30 0x8000b84c
core   0: 0x8000b850 (0x7a3f2a23) sw      gp, 1972(t5)
core   0: 3 0x8000b850 (0x7a3f2a23) mem 0x8000c000 0x00000001
core   0: 0x8000b854 (0x0000bfe5) c.j     pc - 8
core   0: 3 0x8000b854 (0xbfe5)
core   0: 0x8000b84c (0x00000f17) auipc   t5, 0x0
core   0: 3 0x8000b84c (0x00000f17) x30 0x8000b84c
core   0: 0x8000b850 (0x7a3f2a23) sw      gp, 1972(t5)
core   0: 3 0x8000b850 (0x7a3f2a23) mem 0x8000c000 0x00000001
core   0: 0x8000b854 (0x0000bfe5) c.j     pc - 8
core   0: 3 0x8000b854 (0xbfe5)
core   0: 0x8000b84c (0x00000f17) auipc   t5, 0x0
core   0: 3 0x8000b84c (0x00000f17) x30 0x8000b84c
core   0: 0x8000b850 (0x7a3f2a23) sw      gp, 1972(t5)
core   0: 3 0x8000b850 (0x7a3f2a23) mem 0x8000c000 0x00000001
core   0: 0x8000b854 (0x0000bfe5) c.j     pc - 8
core   0: 3 0x8000b854 (0xbfe5)
core   0: 0x8000b84c (0x00000f17) auipc   t5, 0x0
core   0: 3 0x8000b84c (0x00000f17) x30 0x8000b84c
core   0: 0x8000b850 (0x7a3f2a23) sw      gp, 1972(t5)
core   0: 3 0x8000b850 (0x7a3f2a23) mem 0x8000c000 0x00000001
core   0: 0x8000b854 (0x0000bfe5) c.j     pc - 8
core   0: 3 0x8000b854 (0xbfe5)
core   0: 0x8000b84c (0x00000f17) auipc   t5, 0x0
core   0: 3 0x8000b84c (0x00000f17) x30 0x8000b84c
core   0: 0x8000b850 (0x7a3f2a23) sw      gp, 1972(t5)
core   0: 3 0x8000b850 (0x7a3f2a23) mem 0x8000c000 0x00000001
core   0: 0x8000b854 (0x0000bfe5) c.j     pc - 8
core   0: 3 0x8000b854 (0xbfe5)
core   0: 0x8000b84c (0x00000f17) auipc   t5, 0x0
core   0: 3 0x8000b84c (0x00000f17) x30 0x8000b84c
core   0: 0x8000b850 (0x7a3f2a23) sw      gp, 1972(t5)
core   0: 3 0x8000b850 (0x7a3f2a23) mem 0x8000c000 0x00000001
core   0: 0x8000b854 (0x0000bfe5) c.j     pc - 8
core   0: 3 0x8000b854 (0xbfe5)
core   0: 0x8000b84c (0x00000f17) auipc   t5, 0x0
core   0: 3 0x8000b84c (0x00000f17) x30 0x8000b84c
core   0: 0x8000b850 (0x7a3f2a23) sw      gp, 1972(t5)
core   0: 3 0x8000b850 (0x7a3f2a23) mem 0x8000c000 0x00000001
core   0: 0x8000b854 (0x0000bfe5) c.j     pc - 8
core   0: 3 0x8000b854 (0xbfe5)
core   0: 0x8000b84c (0x00000f17) auipc   t5, 0x0
core   0: 3 0x8000b84c (0x00000f17) x30 0x8000b84c
core   0: 0x8000b850 (0x7a3f2a23) sw      gp, 1972(t5)
core   0: 3 0x8000b850 (0x7a3f2a23) mem 0x8000c000 0x00000001
core   0: 0x8000b854 (0x0000bfe5) c.j     pc - 8
core   0: 3 0x8000b854 (0xbfe5)
core   0: 0x8000b84c (0x00000f17) auipc   t5, 0x0
core   0: 3 0x8000b84c (0x00000f17) x30 0x8000b84c
core   0: 0x8000b850 (0x7a3f2a23) sw      gp, 1972(t5)
core   0: 3 0x8000b850 (0x7a3f2a23) mem 0x8000c000 0x00000001
core   0: 0x8000b854 (0x0000bfe5) c.j     pc - 8
core   0: 3 0x8000b854 (0xbfe5)
core   0: 0x8000b84c (0x00000f17) auipc   t5, 0x0
core   0: 3 0x8000b84c (0x00000f17) x30 0x8000b84c
core   0: 0x8000b850 (0x7a3f2a23) sw      gp, 1972(t5)
core   0: 3 0x8000b850 (0x7a3f2a23) mem 0x8000c000 0x00000001
core   0: 0x8000b854 (0x0000bfe5) c.j     pc - 8
core   0: 3 0x8000b854 (0xbfe5)
core   0: 0x8000b84c (0x00000f17) auipc   t5, 0x0
core   0: 3 0x8000b84c (0x00000f17) x30 0x8000b84c
core   0: 0x8000b850 (0x7a3f2a23) sw      gp, 1972(t5)
core   0: 3 0x8000b850 (0x7a3f2a23) mem 0x8000c000 0x00000001
core   0: 0x8000b854 (0x0000bfe5) c.j     pc - 8
core   0: 3 0x8000b854 (0xbfe5)
core   0: 0x8000b84c (0x00000f17) auipc   t5, 0x0
core   0: 3 0x8000b84c (0x00000f17) x30 0x8000b84c
core   0: 0x8000b850 (0x7a3f2a23) sw      gp, 1972(t5)
core   0: 3 0x8000b850 (0x7a3f2a23) mem 0x8000c000 0x00000001
core   0: 0x8000b854 (0x0000bfe5) c.j     pc - 8
core   0: 3 0x8000b854 (0xbfe5)
core   0: 0x8000b84c (0x00000f17) auipc   t5, 0x0
core   0: 3 0x8000b84c (0x00000f17) x30 0x8000b84c
core   0: 0x8000b850 (0x7a3f2a23) sw      gp, 1972(t5)
core   0: 3 0x8000b850 (0x7a3f2a23) mem 0x8000c000 0x00000001
core   0: 0x8000b854 (0x0000bfe5) c.j     pc - 8
core   0: 3 0x8000b854 (0xbfe5)
core   0: 0x8000b84c (0x00000f17) auipc   t5, 0x0
core   0: 3 0x8000b84c (0x00000f17) x30 0x8000b84c
core   0: 0x8000b850 (0x7a3f2a23) sw      gp, 1972(t5)
core   0: 3 0x8000b850 (0x7a3f2a23) mem 0x8000c000 0x00000001
core   0: 0x8000b854 (0x0000bfe5) c.j     pc - 8
core   0: 3 0x8000b854 (0xbfe5)
core   0: 0x8000b84c (0x00000f17) auipc   t5, 0x0
core   0: 3 0x8000b84c (0x00000f17) x30 0x8000b84c
core   0: 0x8000b850 (0x7a3f2a23) sw      gp, 1972(t5)
core   0: 3 0x8000b850 (0x7a3f2a23) mem 0x8000c000 0x00000001
core   0: 0x8000b854 (0x0000bfe5) c.j     pc - 8
core   0: 3 0x8000b854 (0xbfe5)
core   0: 0x8000b84c (0x00000f17) auipc   t5, 0x0
core   0: 3 0x8000b84c (0x00000f17) x30 0x8000b84c
core   0: 0x8000b850 (0x7a3f2a23) sw      gp, 1972(t5)
core   0: 3 0x8000b850 (0x7a3f2a23) mem 0x8000c000 0x00000001
core   0: 0x8000b854 (0x0000bfe5) c.j     pc - 8
core   0: 3 0x8000b854 (0xbfe5)
core   0: 0x8000b84c (0x00000f17) auipc   t5, 0x0
core   0: 3 0x8000b84c (0x00000f17) x30 0x8000b84c
core   0: 0x8000b850 (0x7a3f2a23) sw      gp, 1972(t5)
core   0: 3 0x8000b850 (0x7a3f2a23) mem 0x8000c000 0x00000001
core   0: 0x8000b854 (0x0000bfe5) c.j     pc - 8
core   0: 3 0x8000b854 (0xbfe5)
core   0: 0x8000b84c (0x00000f17) auipc   t5, 0x0
core   0: 3 0x8000b84c (0x00000f17) x30 0x8000b84c
core   0: 0x8000b850 (0x7a3f2a23) sw      gp, 1972(t5)
core   0: 3 0x8000b850 (0x7a3f2a23) mem 0x8000c000 0x00000001
core   0: 0x8000b854 (0x0000bfe5) c.j     pc - 8
core   0: 3 0x8000b854 (0xbfe5)
core   0: 0x8000b84c (0x00000f17) auipc   t5, 0x0
core   0: 3 0x8000b84c (0x00000f17) x30 0x8000b84c
core   0: 0x8000b850 (0x7a3f2a23) sw      gp, 1972(t5)
core   0: 3 0x8000b850 (0x7a3f2a23) mem 0x8000c000 0x00000001
core   0: 0x8000b854 (0x0000bfe5) c.j     pc - 8
core   0: 3 0x8000b854 (0xbfe5)
core   0: 0x8000b84c (0x00000f17) auipc   t5, 0x0
core   0: 3 0x8000b84c (0x00000f17) x30 0x8000b84c
core   0: 0x8000b850 (0x7a3f2a23) sw      gp, 1972(t5)
core   0: 3 0x8000b850 (0x7a3f2a23) mem 0x8000c000 0x00000001
core   0: 0x8000b854 (0x0000bfe5) c.j     pc - 8
core   0: 3 0x8000b854 (0xbfe5)
core   0: 0x8000b84c (0x00000f17) auipc   t5, 0x0
core   0: 3 0x8000b84c (0x00000f17) x30 0x8000b84c
core   0: 0x8000b850 (0x7a3f2a23) sw      gp, 1972(t5)
core   0: 3 0x8000b850 (0x7a3f2a23) mem 0x8000c000 0x00000001
core   0: 0x8000b854 (0x0000bfe5) c.j     pc - 8
core   0: 3 0x8000b854 (0xbfe5)
core   0: 0x8000b84c (0x00000f17) auipc   t5, 0x0
core   0: 3 0x8000b84c (0x00000f17) x30 0x8000b84c
core   0: 0x8000b850 (0x7a3f2a23) sw      gp, 1972(t5)
core   0: 3 0x8000b850 (0x7a3f2a23) mem 0x8000c000 0x00000001
core   0: 0x8000b854 (0x0000bfe5) c.j     pc - 8
core   0: 3 0x8000b854 (0xbfe5)
core   0: 0x8000b84c (0x00000f17) auipc   t5, 0x0
core   0: 3 0x8000b84c (0x00000f17) x30 0x8000b84c
core   0: 0x8000b850 (0x7a3f2a23) sw      gp, 1972(t5)
core   0: 3 0x8000b850 (0x7a3f2a23) mem 0x8000c000 0x00000001
core   0: 0x8000b854 (0x0000bfe5) c.j     pc - 8
core   0: 3 0x8000b854 (0xbfe5)
core   0: 0x8000b84c (0x00000f17) auipc   t5, 0x0
core   0: 3 0x8000b84c (0x00000f17) x30 0x8000b84c
core   0: 0x8000b850 (0x7a3f2a23) sw      gp, 1972(t5)
core   0: 3 0x8000b850 (0x7a3f2a23) mem 0x8000c000 0x00000001
core   0: 0x8000b854 (0x0000bfe5) c.j     pc - 8
core   0: 3 0x8000b854 (0xbfe5)
core   0: 0x8000b84c (0x00000f17) auipc   t5, 0x0
core   0: 3 0x8000b84c (0x00000f17) x30 0x8000b84c
core   0: 0x8000b850 (0x7a3f2a23) sw      gp, 1972(t5)
core   0: 3 0x8000b850 (0x7a3f2a23) mem 0x8000c000 0x00000001
core   0: 0x8000b854 (0x0000bfe5) c.j     pc - 8
core   0: 3 0x8000b854 (0xbfe5)
core   0: 0x8000b84c (0x00000f17) auipc   t5, 0x0
core   0: 3 0x8000b84c (0x00000f17) x30 0x8000b84c
core   0: 0x8000b850 (0x7a3f2a23) sw      gp, 1972(t5)
core   0: 3 0x8000b850 (0x7a3f2a23) mem 0x8000c000 0x00000001
core   0: 0x8000b854 (0x0000bfe5) c.j     pc - 8
core   0: 3 0x8000b854 (0xbfe5)
core   0: 0x8000b84c (0x00000f17) auipc   t5, 0x0
core   0: 3 0x8000b84c (0x00000f17) x30 0x8000b84c
core   0: 0x8000b850 (0x7a3f2a23) sw      gp, 1972(t5)
core   0: 3 0x8000b850 (0x7a3f2a23) mem 0x8000c000 0x00000001
core   0: 0x8000b854 (0x0000bfe5) c.j     pc - 8
core   0: 3 0x8000b854 (0xbfe5)
core   0: 0x8000b84c (0x00000f17) auipc   t5, 0x0
core   0: 3 0x8000b84c (0x00000f17) x30 0x8000b84c
core   0: 0x8000b850 (0x7a3f2a23) sw      gp, 1972(t5)
core   0: 3 0x8000b850 (0x7a3f2a23) mem 0x8000c000 0x00000001
core   0: 0x8000b854 (0x0000bfe5) c.j     pc - 8
core   0: 3 0x8000b854 (0xbfe5)
core   0: 0x8000b84c (0x00000f17) auipc   t5, 0x0
core   0: 3 0x8000b84c (0x00000f17) x30 0x8000b84c
core   0: 0x8000b850 (0x7a3f2a23) sw      gp, 1972(t5)
core   0: 3 0x8000b850 (0x7a3f2a23) mem 0x8000c000 0x00000001
core   0: 0x8000b854 (0x0000bfe5) c.j     pc - 8
core   0: 3 0x8000b854 (0xbfe5)
core   0: 0x8000b84c (0x00000f17) auipc   t5, 0x0
core   0: 3 0x8000b84c (0x00000f17) x30 0x8000b84c
core   0: 0x8000b850 (0x7a3f2a23) sw      gp, 1972(t5)
core   0: 3 0x8000b850 (0x7a3f2a23) mem 0x8000c000 0x00000001
core   0: 0x8000b854 (0x0000bfe5) c.j     pc - 8
core   0: 3 0x8000b854 (0xbfe5)
core   0: 0x8000b84c (0x00000f17) auipc   t5, 0x0
core   0: 3 0x8000b84c (0x00000f17) x30 0x8000b84c
core   0: 0x8000b850 (0x7a3f2a23) sw      gp, 1972(t5)
core   0: 3 0x8000b850 (0x7a3f2a23) mem 0x8000c000 0x00000001
core   0: 0x8000b854 (0x0000bfe5) c.j     pc - 8
core   0: 3 0x8000b854 (0xbfe5)
core   0: 0x8000b84c (0x00000f17) auipc   t5, 0x0
core   0: 3 0x8000b84c (0x00000f17) x30 0x8000b84c
core   0: 0x8000b850 (0x7a3f2a23) sw      gp, 1972(t5)
core   0: 3 0x8000b850 (0x7a3f2a23) mem 0x8000c000 0x00000001
core   0: 0x8000b854 (0x0000bfe5) c.j     pc - 8
core   0: 3 0x8000b854 (0xbfe5)
core   0: 0x8000b84c (0x00000f17) auipc   t5, 0x0
core   0: 3 0x8000b84c (0x00000f17) x30 0x8000b84c
core   0: 0x8000b850 (0x7a3f2a23) sw      gp, 1972(t5)
core   0: 3 0x8000b850 (0x7a3f2a23) mem 0x8000c000 0x00000001
core   0: 0x8000b854 (0x0000bfe5) c.j     pc - 8
core   0: 3 0x8000b854 (0xbfe5)
core   0: 0x8000b84c (0x00000f17) auipc   t5, 0x0
core   0: 3 0x8000b84c (0x00000f17) x30 0x8000b84c
core   0: 0x8000b850 (0x7a3f2a23) sw      gp, 1972(t5)
core   0: 3 0x8000b850 (0x7a3f2a23) mem 0x8000c000 0x00000001
core   0: 0x8000b854 (0x0000bfe5) c.j     pc - 8
core   0: 3 0x8000b854 (0xbfe5)
core   0: 0x8000b84c (0x00000f17) auipc   t5, 0x0
core   0: 3 0x8000b84c (0x00000f17) x30 0x8000b84c
core   0: 0x8000b850 (0x7a3f2a23) sw      gp, 1972(t5)
core   0: 3 0x8000b850 (0x7a3f2a23) mem 0x8000c000 0x00000001
core   0: 0x8000b854 (0x0000bfe5) c.j     pc - 8
core   0: 3 0x8000b854 (0xbfe5)
core   0: 0x8000b84c (0x00000f17) auipc   t5, 0x0
core   0: 3 0x8000b84c (0x00000f17) x30 0x8000b84c
core   0: 0x8000b850 (0x7a3f2a23) sw      gp, 1972(t5)
core   0: 3 0x8000b850 (0x7a3f2a23) mem 0x8000c000 0x00000001
core   0: 0x8000b854 (0x0000bfe5) c.j     pc - 8
core   0: 3 0x8000b854 (0xbfe5)
core   0: 0x8000b84c (0x00000f17) auipc   t5, 0x0
core   0: 3 0x8000b84c (0x00000f17) x30 0x8000b84c
core   0: 0x8000b850 (0x7a3f2a23) sw      gp, 1972(t5)
core   0: 3 0x8000b850 (0x7a3f2a23) mem 0x8000c000 0x00000001
core   0: 0x8000b854 (0x0000bfe5) c.j     pc - 8
core   0: 3 0x8000b854 (0xbfe5)
core   0: 0x8000b84c (0x00000f17) auipc   t5, 0x0
core   0: 3 0x8000b84c (0x00000f17) x30 0x8000b84c
core   0: 0x8000b850 (0x7a3f2a23) sw      gp, 1972(t5)
core   0: 3 0x8000b850 (0x7a3f2a23) mem 0x8000c000 0x00000001
core   0: 0x8000b854 (0x0000bfe5) c.j     pc - 8
core   0: 3 0x8000b854 (0xbfe5)
core   0: 0x8000b84c (0x00000f17) auipc   t5, 0x0
core   0: 3 0x8000b84c (0x00000f17) x30 0x8000b84c
core   0: 0x8000b850 (0x7a3f2a23) sw      gp, 1972(t5)
core   0: 3 0x8000b850 (0x7a3f2a23) mem 0x8000c000 0x00000001
core   0: 0x8000b854 (0x0000bfe5) c.j     pc - 8
core   0: 3 0x8000b854 (0xbfe5)
core   0: 0x8000b84c (0x00000f17) auipc   t5, 0x0
core   0: 3 0x8000b84c (0x00000f17) x30 0x8000b84c
core   0: 0x8000b850 (0x7a3f2a23) sw      gp, 1972(t5)
core   0: 3 0x8000b850 (0x7a3f2a23) mem 0x8000c000 0x00000001
core   0: 0x8000b854 (0x0000bfe5) c.j     pc - 8
core   0: 3 0x8000b854 (0xbfe5)
core   0: 0x8000b84c (0x00000f17) auipc   t5, 0x0
core   0: 3 0x8000b84c (0x00000f17) x30 0x8000b84c
core   0: 0x8000b850 (0x7a3f2a23) sw      gp, 1972(t5)
core   0: 3 0x8000b850 (0x7a3f2a23) mem 0x8000c000 0x00000001
core   0: 0x8000b854 (0x0000bfe5) c.j     pc - 8
core   0: 3 0x8000b854 (0xbfe5)
core   0: 0x8000b84c (0x00000f17) auipc   t5, 0x0
core   0: 3 0x8000b84c (0x00000f17) x30 0x8000b84c
core   0: 0x8000b850 (0x7a3f2a23) sw      gp, 1972(t5)
core   0: 3 0x8000b850 (0x7a3f2a23) mem 0x8000c000 0x00000001
core   0: 0x8000b854 (0x0000bfe5) c.j     pc - 8
core   0: 3 0x8000b854 (0xbfe5)
core   0: 0x8000b84c (0x00000f17) auipc   t5, 0x0
core   0: 3 0x8000b84c (0x00000f17) x30 0x8000b84c
core   0: 0x8000b850 (0x7a3f2a23) sw      gp, 1972(t5)
core   0: 3 0x8000b850 (0x7a3f2a23) mem 0x8000c000 0x00000001
core   0: 0x8000b854 (0x0000bfe5) c.j     pc - 8
core   0: 3 0x8000b854 (0xbfe5)
core   0: 0x8000b84c (0x00000f17) auipc   t5, 0x0
core   0: 3 0x8000b84c (0x00000f17) x30 0x8000b84c
core   0: 0x8000b850 (0x7a3f2a23) sw      gp, 1972(t5)
core   0: 3 0x8000b850 (0x7a3f2a23) mem 0x8000c000 0x00000001
core   0: 0x8000b854 (0x0000bfe5) c.j     pc - 8
core   0: 3 0x8000b854 (0xbfe5)
core   0: 0x8000b84c (0x00000f17) auipc   t5, 0x0
core   0: 3 0x8000b84c (0x00000f17) x30 0x8000b84c
core   0: 0x8000b850 (0x7a3f2a23) sw      gp, 1972(t5)
core   0: 3 0x8000b850 (0x7a3f2a23) mem 0x8000c000 0x00000001
core   0: 0x8000b854 (0x0000bfe5) c.j     pc - 8
core   0: 3 0x8000b854 (0xbfe5)
core   0: 0x8000b84c (0x00000f17) auipc   t5, 0x0
core   0: 3 0x8000b84c (0x00000f17) x30 0x8000b84c
core   0: 0x8000b850 (0x7a3f2a23) sw      gp, 1972(t5)
core   0: 3 0x8000b850 (0x7a3f2a23) mem 0x8000c000 0x00000001
core   0: 0x8000b854 (0x0000bfe5) c.j     pc - 8
core   0: 3 0x8000b854 (0xbfe5)
core   0: 0x8000b84c (0x00000f17) auipc   t5, 0x0
core   0: 3 0x8000b84c (0x00000f17) x30 0x8000b84c
core   0: 0x8000b850 (0x7a3f2a23) sw      gp, 1972(t5)
core   0: 3 0x8000b850 (0x7a3f2a23) mem 0x8000c000 0x00000001
core   0: 0x8000b854 (0x0000bfe5) c.j     pc - 8
core   0: 3 0x8000b854 (0xbfe5)
core   0: 0x8000b84c (0x00000f17) auipc   t5, 0x0
core   0: 3 0x8000b84c (0x00000f17) x30 0x8000b84c
core   0: 0x8000b850 (0x7a3f2a23) sw      gp, 1972(t5)
core   0: 3 0x8000b850 (0x7a3f2a23) mem 0x8000c000 0x00000001
core   0: 0x8000b854 (0x0000bfe5) c.j     pc - 8
core   0: 3 0x8000b854 (0xbfe5)
core   0: 0x8000b84c (0x00000f17) auipc   t5, 0x0
core   0: 3 0x8000b84c (0x00000f17) x30 0x8000b84c
core   0: 0x8000b850 (0x7a3f2a23) sw      gp, 1972(t5)
core   0: 3 0x8000b850 (0x7a3f2a23) mem 0x8000c000 0x00000001
core   0: 0x8000b854 (0x0000bfe5) c.j     pc - 8
core   0: 3 0x8000b854 (0xbfe5)
core   0: 0x8000b84c (0x00000f17) auipc   t5, 0x0
core   0: 3 0x8000b84c (0x00000f17) x30 0x8000b84c
core   0: 0x8000b850 (0x7a3f2a23) sw      gp, 1972(t5)
core   0: 3 0x8000b850 (0x7a3f2a23) mem 0x8000c000 0x00000001
core   0: 0x8000b854 (0x0000bfe5) c.j     pc - 8
core   0: 3 0x8000b854 (0xbfe5)
core   0: 0x8000b84c (0x00000f17) auipc   t5, 0x0
core   0: 3 0x8000b84c (0x00000f17) x30 0x8000b84c
core   0: 0x8000b850 (0x7a3f2a23) sw      gp, 1972(t5)
core   0: 3 0x8000b850 (0x7a3f2a23) mem 0x8000c000 0x00000001
core   0: 0x8000b854 (0x0000bfe5) c.j     pc - 8
core   0: 3 0x8000b854 (0xbfe5)
core   0: 0x8000b84c (0x00000f17) auipc   t5, 0x0
core   0: 3 0x8000b84c (0x00000f17) x30 0x8000b84c
core   0: 0x8000b850 (0x7a3f2a23) sw      gp, 1972(t5)
core   0: 3 0x8000b850 (0x7a3f2a23) mem 0x8000c000 0x00000001
core   0: 0x8000b854 (0x0000bfe5) c.j     pc - 8
core   0: 3 0x8000b854 (0xbfe5)
core   0: 0x8000b84c (0x00000f17) auipc   t5, 0x0
core   0: 3 0x8000b84c (0x00000f17) x30 0x8000b84c
core   0: 0x8000b850 (0x7a3f2a23) sw      gp, 1972(t5)
core   0: 3 0x8000b850 (0x7a3f2a23) mem 0x8000c000 0x00000001
core   0: 0x8000b854 (0x0000bfe5) c.j     pc - 8
core   0: 3 0x8000b854 (0xbfe5)
core   0: 0x8000b84c (0x00000f17) auipc   t5, 0x0
core   0: 3 0x8000b84c (0x00000f17) x30 0x8000b84c
core   0: 0x8000b850 (0x7a3f2a23) sw      gp, 1972(t5)
core   0: 3 0x8000b850 (0x7a3f2a23) mem 0x8000c000 0x00000001
core   0: 0x8000b854 (0x0000bfe5) c.j     pc - 8
core   0: 3 0x8000b854 (0xbfe5)
core   0: 0x8000b84c (0x00000f17) auipc   t5, 0x0
core   0: 3 0x8000b84c (0x00000f17) x30 0x8000b84c
core   0: 0x8000b850 (0x7a3f2a23) sw      gp, 1972(t5)
core   0: 3 0x8000b850 (0x7a3f2a23) mem 0x8000c000 0x00000001
core   0: 0x8000b854 (0x0000bfe5) c.j     pc - 8
core   0: 3 0x8000b854 (0xbfe5)
core   0: 0x8000b84c (0x00000f17) auipc   t5, 0x0
core   0: 3 0x8000b84c (0x00000f17) x30 0x8000b84c
core   0: 0x8000b850 (0x7a3f2a23) sw      gp, 1972(t5)
core   0: 3 0x8000b850 (0x7a3f2a23) mem 0x8000c000 0x00000001
core   0: 0x8000b854 (0x0000bfe5) c.j     pc - 8
core   0: 3 0x8000b854 (0xbfe5)
core   0: 0x8000b84c (0x00000f17) auipc   t5, 0x0
core   0: 3 0x8000b84c (0x00000f17) x30 0x8000b84c
core   0: 0x8000b850 (0x7a3f2a23) sw      gp, 1972(t5)
core   0: 3 0x8000b850 (0x7a3f2a23) mem 0x8000c000 0x00000001
core   0: 0x8000b854 (0x0000bfe5) c.j     pc - 8
core   0: 3 0x8000b854 (0xbfe5)
core   0: 0x8000b84c (0x00000f17) auipc   t5, 0x0
core   0: 3 0x8000b84c (0x00000f17) x30 0x8000b84c
core   0: 0x8000b850 (0x7a3f2a23) sw      gp, 1972(t5)
core   0: 3 0x8000b850 (0x7a3f2a23) mem 0x8000c000 0x00000001
core   0: 0x8000b854 (0x0000bfe5) c.j     pc - 8
core   0: 3 0x8000b854 (0xbfe5)
core   0: 0x8000b84c (0x00000f17) auipc   t5, 0x0
core   0: 3 0x8000b84c (0x00000f17) x30 0x8000b84c
core   0: 0x8000b850 (0x7a3f2a23) sw      gp, 1972(t5)
core   0: 3 0x8000b850 (0x7a3f2a23) mem 0x8000c000 0x00000001
core   0: 0x8000b854 (0x0000bfe5) c.j     pc - 8
core   0: 3 0x8000b854 (0xbfe5)
core   0: 0x8000b84c (0x00000f17) auipc   t5, 0x0
core   0: 3 0x8000b84c (0x00000f17) x30 0x8000b84c
core   0: 0x8000b850 (0x7a3f2a23) sw      gp, 1972(t5)
core   0: 3 0x8000b850 (0x7a3f2a23) mem 0x8000c000 0x00000001
core   0: 0x8000b854 (0x0000bfe5) c.j     pc - 8
core   0: 3 0x8000b854 (0xbfe5)
core   0: 0x8000b84c (0x00000f17) auipc   t5, 0x0
core   0: 3 0x8000b84c (0x00000f17) x30 0x8000b84c
core   0: 0x8000b850 (0x7a3f2a23) sw      gp, 1972(t5)
core   0: 3 0x8000b850 (0x7a3f2a23) mem 0x8000c000 0x00000001
core   0: 0x8000b854 (0x0000bfe5) c.j     pc - 8
core   0: 3 0x8000b854 (0xbfe5)
core   0: 0x8000b84c (0x00000f17) auipc   t5, 0x0
core   0: 3 0x8000b84c (0x00000f17) x30 0x8000b84c
core   0: 0x8000b850 (0x7a3f2a23) sw      gp, 1972(t5)
core   0: 3 0x8000b850 (0x7a3f2a23) mem 0x8000c000 0x00000001
core   0: 0x8000b854 (0x0000bfe5) c.j     pc - 8
core   0: 3 0x8000b854 (0xbfe5)
core   0: 0x8000b84c (0x00000f17) auipc   t5, 0x0
core   0: 3 0x8000b84c (0x00000f17) x30 0x8000b84c
core   0: 0x8000b850 (0x7a3f2a23) sw      gp, 1972(t5)
core   0: 3 0x8000b850 (0x7a3f2a23) mem 0x8000c000 0x00000001
core   0: 0x8000b854 (0x0000bfe5) c.j     pc - 8
core   0: 3 0x8000b854 (0xbfe5)
core   0: 0x8000b84c (0x00000f17) auipc   t5, 0x0
core   0: 3 0x8000b84c (0x00000f17) x30 0x8000b84c
core   0: 0x8000b850 (0x7a3f2a23) sw      gp, 1972(t5)
core   0: 3 0x8000b850 (0x7a3f2a23) mem 0x8000c000 0x00000001
core   0: 0x8000b854 (0x0000bfe5) c.j     pc - 8
core   0: 3 0x8000b854 (0xbfe5)
core   0: 0x8000b84c (0x00000f17) auipc   t5, 0x0
core   0: 3 0x8000b84c (0x00000f17) x30 0x8000b84c
core   0: 0x8000b850 (0x7a3f2a23) sw      gp, 1972(t5)
core   0: 3 0x8000b850 (0x7a3f2a23) mem 0x8000c000 0x00000001
core   0: 0x8000b854 (0x0000bfe5) c.j     pc - 8
core   0: 3 0x8000b854 (0xbfe5)
core   0: 0x8000b84c (0x00000f17) auipc   t5, 0x0
core   0: 3 0x8000b84c (0x00000f17) x30 0x8000b84c
core   0: 0x8000b850 (0x7a3f2a23) sw      gp, 1972(t5)
core   0: 3 0x8000b850 (0x7a3f2a23) mem 0x8000c000 0x00000001
core   0: 0x8000b854 (0x0000bfe5) c.j     pc - 8
core   0: 3 0x8000b854 (0xbfe5)
core   0: 0x8000b84c (0x00000f17) auipc   t5, 0x0
core   0: 3 0x8000b84c (0x00000f17) x30 0x8000b84c
core   0: 0x8000b850 (0x7a3f2a23) sw      gp, 1972(t5)
core   0: 3 0x8000b850 (0x7a3f2a23) mem 0x8000c000 0x00000001
core   0: 0x8000b854 (0x0000bfe5) c.j     pc - 8
core   0: 3 0x8000b854 (0xbfe5)
core   0: 0x8000b84c (0x00000f17) auipc   t5, 0x0
core   0: 3 0x8000b84c (0x00000f17) x30 0x8000b84c
core   0: 0x8000b850 (0x7a3f2a23) sw      gp, 1972(t5)
core   0: 3 0x8000b850 (0x7a3f2a23) mem 0x8000c000 0x00000001
core   0: 0x8000b854 (0x0000bfe5) c.j     pc - 8
core   0: 3 0x8000b854 (0xbfe5)
core   0: 0x8000b84c (0x00000f17) auipc   t5, 0x0
core   0: 3 0x8000b84c (0x00000f17) x30 0x8000b84c
core   0: 0x8000b850 (0x7a3f2a23) sw      gp, 1972(t5)
core   0: 3 0x8000b850 (0x7a3f2a23) mem 0x8000c000 0x00000001
core   0: 0x8000b854 (0x0000bfe5) c.j     pc - 8
core   0: 3 0x8000b854 (0xbfe5)
core   0: 0x8000b84c (0x00000f17) auipc   t5, 0x0
core   0: 3 0x8000b84c (0x00000f17) x30 0x8000b84c
core   0: 0x8000b850 (0x7a3f2a23) sw      gp, 1972(t5)
core   0: 3 0x8000b850 (0x7a3f2a23) mem 0x8000c000 0x00000001
core   0: 0x8000b854 (0x0000bfe5) c.j     pc - 8
core   0: 3 0x8000b854 (0xbfe5)
core   0: 0x8000b84c (0x00000f17) auipc   t5, 0x0
core   0: 3 0x8000b84c (0x00000f17) x30 0x8000b84c
core   0: 0x8000b850 (0x7a3f2a23) sw      gp, 1972(t5)
core   0: 3 0x8000b850 (0x7a3f2a23) mem 0x8000c000 0x00000001
core   0: 0x8000b854 (0x0000bfe5) c.j     pc - 8
core   0: 3 0x8000b854 (0xbfe5)
core   0: 0x8000b84c (0x00000f17) auipc   t5, 0x0
core   0: 3 0x8000b84c (0x00000f17) x30 0x8000b84c
core   0: 0x8000b850 (0x7a3f2a23) sw      gp, 1972(t5)
core   0: 3 0x8000b850 (0x7a3f2a23) mem 0x8000c000 0x00000001
core   0: 0x8000b854 (0x0000bfe5) c.j     pc - 8
core   0: 3 0x8000b854 (0xbfe5)
core   0: 0x8000b84c (0x00000f17) auipc   t5, 0x0
core   0: 3 0x8000b84c (0x00000f17) x30 0x8000b84c
core   0: 0x8000b850 (0x7a3f2a23) sw      gp, 1972(t5)
core   0: 3 0x8000b850 (0x7a3f2a23) mem 0x8000c000 0x00000001
core   0: 0x8000b854 (0x0000bfe5) c.j     pc - 8
core   0: 3 0x8000b854 (0xbfe5)
core   0: 0x8000b84c (0x00000f17) auipc   t5, 0x0
core   0: 3 0x8000b84c (0x00000f17) x30 0x8000b84c
core   0: 0x8000b850 (0x7a3f2a23) sw      gp, 1972(t5)
core   0: 3 0x8000b850 (0x7a3f2a23) mem 0x8000c000 0x00000001
core   0: 0x8000b854 (0x0000bfe5) c.j     pc - 8
core   0: 3 0x8000b854 (0xbfe5)
core   0: 0x8000b84c (0x00000f17) auipc   t5, 0x0
core   0: 3 0x8000b84c (0x00000f17) x30 0x8000b84c
core   0: 0x8000b850 (0x7a3f2a23) sw      gp, 1972(t5)
core   0: 3 0x8000b850 (0x7a3f2a23) mem 0x8000c000 0x00000001
core   0: 0x8000b854 (0x0000bfe5) c.j     pc - 8
core   0: 3 0x8000b854 (0xbfe5)
core   0: 0x8000b84c (0x00000f17) auipc   t5, 0x0
core   0: 3 0x8000b84c (0x00000f17) x30 0x8000b84c
core   0: 0x8000b850 (0x7a3f2a23) sw      gp, 1972(t5)
core   0: 3 0x8000b850 (0x7a3f2a23) mem 0x8000c000 0x00000001
core   0: 0x8000b854 (0x0000bfe5) c.j     pc - 8
core   0: 3 0x8000b854 (0xbfe5)
core   0: 0x8000b84c (0x00000f17) auipc   t5, 0x0
core   0: 3 0x8000b84c (0x00000f17) x30 0x8000b84c
core   0: 0x8000b850 (0x7a3f2a23) sw      gp, 1972(t5)
core   0: 3 0x8000b850 (0x7a3f2a23) mem 0x8000c000 0x00000001
core   0: 0x8000b854 (0x0000bfe5) c.j     pc - 8
core   0: 3 0x8000b854 (0xbfe5)
core   0: 0x8000b84c (0x00000f17) auipc   t5, 0x0
core   0: 3 0x8000b84c (0x00000f17) x30 0x8000b84c
core   0: 0x8000b850 (0x7a3f2a23) sw      gp, 1972(t5)
core   0: 3 0x8000b850 (0x7a3f2a23) mem 0x8000c000 0x00000001
core   0: 0x8000b854 (0x0000bfe5) c.j     pc - 8
core   0: 3 0x8000b854 (0xbfe5)
core   0: 0x8000b84c (0x00000f17) auipc   t5, 0x0
core   0: 3 0x8000b84c (0x00000f17) x30 0x8000b84c
core   0: 0x8000b850 (0x7a3f2a23) sw      gp, 1972(t5)
core   0: 3 0x8000b850 (0x7a3f2a23) mem 0x8000c000 0x00000001
core   0: 0x8000b854 (0x0000bfe5) c.j     pc - 8
core   0: 3 0x8000b854 (0xbfe5)
core   0: 0x8000b84c (0x00000f17) auipc   t5, 0x0
core   0: 3 0x8000b84c (0x00000f17) x30 0x8000b84c
core   0: 0x8000b850 (0x7a3f2a23) sw      gp, 1972(t5)
core   0: 3 0x8000b850 (0x7a3f2a23) mem 0x8000c000 0x00000001
core   0: 0x8000b854 (0x0000bfe5) c.j     pc - 8
core   0: 3 0x8000b854 (0xbfe5)
core   0: 0x8000b84c (0x00000f17) auipc   t5, 0x0
core   0: 3 0x8000b84c (0x00000f17) x30 0x8000b84c
core   0: 0x8000b850 (0x7a3f2a23) sw      gp, 1972(t5)
core   0: 3 0x8000b850 (0x7a3f2a23) mem 0x8000c000 0x00000001
core   0: 0x8000b854 (0x0000bfe5) c.j     pc - 8
core   0: 3 0x8000b854 (0xbfe5)
core   0: 0x8000b84c (0x00000f17) auipc   t5, 0x0
core   0: 3 0x8000b84c (0x00000f17) x30 0x8000b84c
core   0: 0x8000b850 (0x7a3f2a23) sw      gp, 1972(t5)
core   0: 3 0x8000b850 (0x7a3f2a23) mem 0x8000c000 0x00000001
core   0: 0x8000b854 (0x0000bfe5) c.j     pc - 8
core   0: 3 0x8000b854 (0xbfe5)
core   0: 0x8000b84c (0x00000f17) auipc   t5, 0x0
core   0: 3 0x8000b84c (0x00000f17) x30 0x8000b84c
core   0: 0x8000b850 (0x7a3f2a23) sw      gp, 1972(t5)
core   0: 3 0x8000b850 (0x7a3f2a23) mem 0x8000c000 0x00000001
core   0: 0x8000b854 (0x0000bfe5) c.j     pc - 8
core   0: 3 0x8000b854 (0xbfe5)
core   0: 0x8000b84c (0x00000f17) auipc   t5, 0x0
core   0: 3 0x8000b84c (0x00000f17) x30 0x8000b84c
core   0: 0x8000b850 (0x7a3f2a23) sw      gp, 1972(t5)
core   0: 3 0x8000b850 (0x7a3f2a23) mem 0x8000c000 0x00000001
core   0: 0x8000b854 (0x0000bfe5) c.j     pc - 8
core   0: 3 0x8000b854 (0xbfe5)
core   0: 0x8000b84c (0x00000f17) auipc   t5, 0x0
core   0: 3 0x8000b84c (0x00000f17) x30 0x8000b84c
core   0: 0x8000b850 (0x7a3f2a23) sw      gp, 1972(t5)
core   0: 3 0x8000b850 (0x7a3f2a23) mem 0x8000c000 0x00000001
core   0: 0x8000b854 (0x0000bfe5) c.j     pc - 8
core   0: 3 0x8000b854 (0xbfe5)
core   0: 0x8000b84c (0x00000f17) auipc   t5, 0x0
core   0: 3 0x8000b84c (0x00000f17) x30 0x8000b84c
core   0: 0x8000b850 (0x7a3f2a23) sw      gp, 1972(t5)
core   0: 3 0x8000b850 (0x7a3f2a23) mem 0x8000c000 0x00000001
core   0: 0x8000b854 (0x0000bfe5) c.j     pc - 8
core   0: 3 0x8000b854 (0xbfe5)
core   0: 0x8000b84c (0x00000f17) auipc   t5, 0x0
core   0: 3 0x8000b84c (0x00000f17) x30 0x8000b84c
core   0: 0x8000b850 (0x7a3f2a23) sw      gp, 1972(t5)
core   0: 3 0x8000b850 (0x7a3f2a23) mem 0x8000c000 0x00000001
core   0: 0x8000b854 (0x0000bfe5) c.j     pc - 8
core   0: 3 0x8000b854 (0xbfe5)
core   0: 0x8000b84c (0x00000f17) auipc   t5, 0x0
core   0: 3 0x8000b84c (0x00000f17) x30 0x8000b84c
core   0: 0x8000b850 (0x7a3f2a23) sw      gp, 1972(t5)
core   0: 3 0x8000b850 (0x7a3f2a23) mem 0x8000c000 0x00000001
core   0: 0x8000b854 (0x0000bfe5) c.j     pc - 8
core   0: 3 0x8000b854 (0xbfe5)
core   0: 0x8000b84c (0x00000f17) auipc   t5, 0x0
core   0: 3 0x8000b84c (0x00000f17) x30 0x8000b84c
core   0: 0x8000b850 (0x7a3f2a23) sw      gp, 1972(t5)
core   0: 3 0x8000b850 (0x7a3f2a23) mem 0x8000c000 0x00000001
core   0: 0x8000b854 (0x0000bfe5) c.j     pc - 8
core   0: 3 0x8000b854 (0xbfe5)
core   0: 0x8000b84c (0x00000f17) auipc   t5, 0x0
core   0: 3 0x8000b84c (0x00000f17) x30 0x8000b84c
core   0: 0x8000b850 (0x7a3f2a23) sw      gp, 1972(t5)
core   0: 3 0x8000b850 (0x7a3f2a23) mem 0x8000c000 0x00000001
core   0: 0x8000b854 (0x0000bfe5) c.j     pc - 8
core   0: 3 0x8000b854 (0xbfe5)
core   0: 0x8000b84c (0x00000f17) auipc   t5, 0x0
core   0: 3 0x8000b84c (0x00000f17) x30 0x8000b84c
core   0: 0x8000b850 (0x7a3f2a23) sw      gp, 1972(t5)
core   0: 3 0x8000b850 (0x7a3f2a23) mem 0x8000c000 0x00000001
core   0: 0x8000b854 (0x0000bfe5) c.j     pc - 8
core   0: 3 0x8000b854 (0xbfe5)
core   0: 0x8000b84c (0x00000f17) auipc   t5, 0x0
core   0: 3 0x8000b84c (0x00000f17) x30 0x8000b84c
core   0: 0x8000b850 (0x7a3f2a23) sw      gp, 1972(t5)
core   0: 3 0x8000b850 (0x7a3f2a23) mem 0x8000c000 0x00000001
core   0: 0x8000b854 (0x0000bfe5) c.j     pc - 8
core   0: 3 0x8000b854 (0xbfe5)
core   0: 0x8000b84c (0x00000f17) auipc   t5, 0x0
core   0: 3 0x8000b84c (0x00000f17) x30 0x8000b84c
core   0: 0x8000b850 (0x7a3f2a23) sw      gp, 1972(t5)
core   0: 3 0x8000b850 (0x7a3f2a23) mem 0x8000c000 0x00000001
core   0: 0x8000b854 (0x0000bfe5) c.j     pc - 8
core   0: 3 0x8000b854 (0xbfe5)
core   0: 0x8000b84c (0x00000f17) auipc   t5, 0x0
core   0: 3 0x8000b84c (0x00000f17) x30 0x8000b84c
core   0: 0x8000b850 (0x7a3f2a23) sw      gp, 1972(t5)
core   0: 3 0x8000b850 (0x7a3f2a23) mem 0x8000c000 0x00000001
core   0: 0x8000b854 (0x0000bfe5) c.j     pc - 8
core   0: 3 0x8000b854 (0xbfe5)
core   0: 0x8000b84c (0x00000f17) auipc   t5, 0x0
core   0: 3 0x8000b84c (0x00000f17) x30 0x8000b84c
core   0: 0x8000b850 (0x7a3f2a23) sw      gp, 1972(t5)
core   0: 3 0x8000b850 (0x7a3f2a23) mem 0x8000c000 0x00000001
core   0: 0x8000b854 (0x0000bfe5) c.j     pc - 8
core   0: 3 0x8000b854 (0xbfe5)
core   0: 0x8000b84c (0x00000f17) auipc   t5, 0x0
core   0: 3 0x8000b84c (0x00000f17) x30 0x8000b84c
core   0: 0x8000b850 (0x7a3f2a23) sw      gp, 1972(t5)
core   0: 3 0x8000b850 (0x7a3f2a23) mem 0x8000c000 0x00000001
core   0: 0x8000b854 (0x0000bfe5) c.j     pc - 8
core   0: 3 0x8000b854 (0xbfe5)
core   0: 0x8000b84c (0x00000f17) auipc   t5, 0x0
core   0: 3 0x8000b84c (0x00000f17) x30 0x8000b84c
core   0: 0x8000b850 (0x7a3f2a23) sw      gp, 1972(t5)
core   0: 3 0x8000b850 (0x7a3f2a23) mem 0x8000c000 0x00000001
core   0: 0x8000b854 (0x0000bfe5) c.j     pc - 8
core   0: 3 0x8000b854 (0xbfe5)
core   0: 0x8000b84c (0x00000f17) auipc   t5, 0x0
core   0: 3 0x8000b84c (0x00000f17) x30 0x8000b84c
core   0: 0x8000b850 (0x7a3f2a23) sw      gp, 1972(t5)
core   0: 3 0x8000b850 (0x7a3f2a23) mem 0x8000c000 0x00000001
core   0: 0x8000b854 (0x0000bfe5) c.j     pc - 8
core   0: 3 0x8000b854 (0xbfe5)
core   0: 0x8000b84c (0x00000f17) auipc   t5, 0x0
core   0: 3 0x8000b84c (0x00000f17) x30 0x8000b84c
core   0: 0x8000b850 (0x7a3f2a23) sw      gp, 1972(t5)
core   0: 3 0x8000b850 (0x7a3f2a23) mem 0x8000c000 0x00000001
core   0: 0x8000b854 (0x0000bfe5) c.j     pc - 8
core   0: 3 0x8000b854 (0xbfe5)
core   0: 0x8000b84c (0x00000f17) auipc   t5, 0x0
core   0: 3 0x8000b84c (0x00000f17) x30 0x8000b84c
core   0: 0x8000b850 (0x7a3f2a23) sw      gp, 1972(t5)
core   0: 3 0x8000b850 (0x7a3f2a23) mem 0x8000c000 0x00000001
core   0: 0x8000b854 (0x0000bfe5) c.j     pc - 8
core   0: 3 0x8000b854 (0xbfe5)
core   0: 0x8000b84c (0x00000f17) auipc   t5, 0x0
core   0: 3 0x8000b84c (0x00000f17) x30 0x8000b84c
core   0: 0x8000b850 (0x7a3f2a23) sw      gp, 1972(t5)
core   0: 3 0x8000b850 (0x7a3f2a23) mem 0x8000c000 0x00000001
core   0: 0x8000b854 (0x0000bfe5) c.j     pc - 8
core   0: 3 0x8000b854 (0xbfe5)
core   0: 0x8000b84c (0x00000f17) auipc   t5, 0x0
core   0: 3 0x8000b84c (0x00000f17) x30 0x8000b84c
core   0: 0x8000b850 (0x7a3f2a23) sw      gp, 1972(t5)
core   0: 3 0x8000b850 (0x7a3f2a23) mem 0x8000c000 0x00000001
core   0: 0x8000b854 (0x0000bfe5) c.j     pc - 8
core   0: 3 0x8000b854 (0xbfe5)
core   0: 0x8000b84c (0x00000f17) auipc   t5, 0x0
core   0: 3 0x8000b84c (0x00000f17) x30 0x8000b84c
core   0: 0x8000b850 (0x7a3f2a23) sw      gp, 1972(t5)
core   0: 3 0x8000b850 (0x7a3f2a23) mem 0x8000c000 0x00000001
core   0: 0x8000b854 (0x0000bfe5) c.j     pc - 8
core   0: 3 0x8000b854 (0xbfe5)
core   0: 0x8000b84c (0x00000f17) auipc   t5, 0x0
core   0: 3 0x8000b84c (0x00000f17) x30 0x8000b84c
core   0: 0x8000b850 (0x7a3f2a23) sw      gp, 1972(t5)
core   0: 3 0x8000b850 (0x7a3f2a23) mem 0x8000c000 0x00000001
core   0: 0x8000b854 (0x0000bfe5) c.j     pc - 8
core   0: 3 0x8000b854 (0xbfe5)
core   0: 0x8000b84c (0x00000f17) auipc   t5, 0x0
core   0: 3 0x8000b84c (0x00000f17) x30 0x8000b84c
core   0: 0x8000b850 (0x7a3f2a23) sw      gp, 1972(t5)
core   0: 3 0x8000b850 (0x7a3f2a23) mem 0x8000c000 0x00000001
core   0: 0x8000b854 (0x0000bfe5) c.j     pc - 8
core   0: 3 0x8000b854 (0xbfe5)
core   0: 0x8000b84c (0x00000f17) auipc   t5, 0x0
core   0: 3 0x8000b84c (0x00000f17) x30 0x8000b84c
core   0: 0x8000b850 (0x7a3f2a23) sw      gp, 1972(t5)
core   0: 3 0x8000b850 (0x7a3f2a23) mem 0x8000c000 0x00000001
core   0: 0x8000b854 (0x0000bfe5) c.j     pc - 8
core   0: 3 0x8000b854 (0xbfe5)
core   0: 0x8000b84c (0x00000f17) auipc   t5, 0x0
core   0: 3 0x8000b84c (0x00000f17) x30 0x8000b84c
core   0: 0x8000b850 (0x7a3f2a23) sw      gp, 1972(t5)
core   0: 3 0x8000b850 (0x7a3f2a23) mem 0x8000c000 0x00000001
core   0: 0x8000b854 (0x0000bfe5) c.j     pc - 8
core   0: 3 0x8000b854 (0xbfe5)
core   0: 0x8000b84c (0x00000f17) auipc   t5, 0x0
core   0: 3 0x8000b84c (0x00000f17) x30 0x8000b84c
core   0: 0x8000b850 (0x7a3f2a23) sw      gp, 1972(t5)
core   0: 3 0x8000b850 (0x7a3f2a23) mem 0x8000c000 0x00000001
core   0: 0x8000b854 (0x0000bfe5) c.j     pc - 8
core   0: 3 0x8000b854 (0xbfe5)
core   0: 0x8000b84c (0x00000f17) auipc   t5, 0x0
core   0: 3 0x8000b84c (0x00000f17) x30 0x8000b84c
core   0: 0x8000b850 (0x7a3f2a23) sw      gp, 1972(t5)
core   0: 3 0x8000b850 (0x7a3f2a23) mem 0x8000c000 0x00000001
core   0: 0x8000b854 (0x0000bfe5) c.j     pc - 8
core   0: 3 0x8000b854 (0xbfe5)
core   0: 0x8000b84c (0x00000f17) auipc   t5, 0x0
core   0: 3 0x8000b84c (0x00000f17) x30 0x8000b84c
core   0: 0x8000b850 (0x7a3f2a23) sw      gp, 1972(t5)
core   0: 3 0x8000b850 (0x7a3f2a23) mem 0x8000c000 0x00000001
core   0: 0x8000b854 (0x0000bfe5) c.j     pc - 8
core   0: 3 0x8000b854 (0xbfe5)
core   0: 0x8000b84c (0x00000f17) auipc   t5, 0x0
core   0: 3 0x8000b84c (0x00000f17) x30 0x8000b84c
core   0: 0x8000b850 (0x7a3f2a23) sw      gp, 1972(t5)
core   0: 3 0x8000b850 (0x7a3f2a23) mem 0x8000c000 0x00000001
core   0: 0x8000b854 (0x0000bfe5) c.j     pc - 8
core   0: 3 0x8000b854 (0xbfe5)
core   0: 0x8000b84c (0x00000f17) auipc   t5, 0x0
core   0: 3 0x8000b84c (0x00000f17) x30 0x8000b84c
core   0: 0x8000b850 (0x7a3f2a23) sw      gp, 1972(t5)
core   0: 3 0x8000b850 (0x7a3f2a23) mem 0x8000c000 0x00000001
core   0: 0x8000b854 (0x0000bfe5) c.j     pc - 8
core   0: 3 0x8000b854 (0xbfe5)
core   0: 0x8000b84c (0x00000f17) auipc   t5, 0x0
core   0: 3 0x8000b84c (0x00000f17) x30 0x8000b84c
core   0: 0x8000b850 (0x7a3f2a23) sw      gp, 1972(t5)
core   0: 3 0x8000b850 (0x7a3f2a23) mem 0x8000c000 0x00000001
core   0: 0x8000b854 (0x0000bfe5) c.j     pc - 8
core   0: 3 0x8000b854 (0xbfe5)
core   0: 0x8000b84c (0x00000f17) auipc   t5, 0x0
core   0: 3 0x8000b84c (0x00000f17) x30 0x8000b84c
core   0: 0x8000b850 (0x7a3f2a23) sw      gp, 1972(t5)
core   0: 3 0x8000b850 (0x7a3f2a23) mem 0x8000c000 0x00000001
core   0: 0x8000b854 (0x0000bfe5) c.j     pc - 8
core   0: 3 0x8000b854 (0xbfe5)
core   0: 0x8000b84c (0x00000f17) auipc   t5, 0x0
core   0: 3 0x8000b84c (0x00000f17) x30 0x8000b84c
core   0: 0x8000b850 (0x7a3f2a23) sw      gp, 1972(t5)
core   0: 3 0x8000b850 (0x7a3f2a23) mem 0x8000c000 0x00000001
core   0: 0x8000b854 (0x0000bfe5) c.j     pc - 8
core   0: 3 0x8000b854 (0xbfe5)
core   0: 0x8000b84c (0x00000f17) auipc   t5, 0x0
core   0: 3 0x8000b84c (0x00000f17) x30 0x8000b84c
core   0: 0x8000b850 (0x7a3f2a23) sw      gp, 1972(t5)
core   0: 3 0x8000b850 (0x7a3f2a23) mem 0x8000c000 0x00000001
core   0: 0x8000b854 (0x0000bfe5) c.j     pc - 8
core   0: 3 0x8000b854 (0xbfe5)
core   0: 0x8000b84c (0x00000f17) auipc   t5, 0x0
core   0: 3 0x8000b84c (0x00000f17) x30 0x8000b84c
core   0: 0x8000b850 (0x7a3f2a23) sw      gp, 1972(t5)
core   0: 3 0x8000b850 (0x7a3f2a23) mem 0x8000c000 0x00000001
core   0: 0x8000b854 (0x0000bfe5) c.j     pc - 8
core   0: 3 0x8000b854 (0xbfe5)
core   0: 0x8000b84c (0x00000f17) auipc   t5, 0x0
core   0: 3 0x8000b84c (0x00000f17) x30 0x8000b84c
core   0: 0x8000b850 (0x7a3f2a23) sw      gp, 1972(t5)
core   0: 3 0x8000b850 (0x7a3f2a23) mem 0x8000c000 0x00000001
core   0: 0x8000b854 (0x0000bfe5) c.j     pc - 8
core   0: 3 0x8000b854 (0xbfe5)
core   0: 0x8000b84c (0x00000f17) auipc   t5, 0x0
core   0: 3 0x8000b84c (0x00000f17) x30 0x8000b84c
core   0: 0x8000b850 (0x7a3f2a23) sw      gp, 1972(t5)
core   0: 3 0x8000b850 (0x7a3f2a23) mem 0x8000c000 0x00000001
core   0: 0x8000b854 (0x0000bfe5) c.j     pc - 8
core   0: 3 0x8000b854 (0xbfe5)
core   0: 0x8000b84c (0x00000f17) auipc   t5, 0x0
core   0: 3 0x8000b84c (0x00000f17) x30 0x8000b84c
core   0: 0x8000b850 (0x7a3f2a23) sw      gp, 1972(t5)
core   0: 3 0x8000b850 (0x7a3f2a23) mem 0x8000c000 0x00000001
core   0: 0x8000b854 (0x0000bfe5) c.j     pc - 8
core   0: 3 0x8000b854 (0xbfe5)
core   0: 0x8000b84c (0x00000f17) auipc   t5, 0x0
core   0: 3 0x8000b84c (0x00000f17) x30 0x8000b84c
core   0: 0x8000b850 (0x7a3f2a23) sw      gp, 1972(t5)
core   0: 3 0x8000b850 (0x7a3f2a23) mem 0x8000c000 0x00000001
core   0: 0x8000b854 (0x0000bfe5) c.j     pc - 8
core   0: 3 0x8000b854 (0xbfe5)
core   0: 0x8000b84c (0x00000f17) auipc   t5, 0x0
core   0: 3 0x8000b84c (0x00000f17) x30 0x8000b84c
core   0: 0x8000b850 (0x7a3f2a23) sw      gp, 1972(t5)
core   0: 3 0x8000b850 (0x7a3f2a23) mem 0x8000c000 0x00000001
core   0: 0x8000b854 (0x0000bfe5) c.j     pc - 8
core   0: 3 0x8000b854 (0xbfe5)
core   0: 0x8000b84c (0x00000f17) auipc   t5, 0x0
core   0: 3 0x8000b84c (0x00000f17) x30 0x8000b84c
core   0: 0x8000b850 (0x7a3f2a23) sw      gp, 1972(t5)
core   0: 3 0x8000b850 (0x7a3f2a23) mem 0x8000c000 0x00000001
core   0: 0x8000b854 (0x0000bfe5) c.j     pc - 8
core   0: 3 0x8000b854 (0xbfe5)
core   0: 0x8000b84c (0x00000f17) auipc   t5, 0x0
core   0: 3 0x8000b84c (0x00000f17) x30 0x8000b84c
core   0: 0x8000b850 (0x7a3f2a23) sw      gp, 1972(t5)
core   0: 3 0x8000b850 (0x7a3f2a23) mem 0x8000c000 0x00000001
core   0: 0x8000b854 (0x0000bfe5) c.j     pc - 8
core   0: 3 0x8000b854 (0xbfe5)
core   0: 0x8000b84c (0x00000f17) auipc   t5, 0x0
core   0: 3 0x8000b84c (0x00000f17) x30 0x8000b84c
core   0: 0x8000b850 (0x7a3f2a23) sw      gp, 1972(t5)
core   0: 3 0x8000b850 (0x7a3f2a23) mem 0x8000c000 0x00000001
core   0: 0x8000b854 (0x0000bfe5) c.j     pc - 8
core   0: 3 0x8000b854 (0xbfe5)
core   0: 0x8000b84c (0x00000f17) auipc   t5, 0x0
core   0: 3 0x8000b84c (0x00000f17) x30 0x8000b84c
core   0: 0x8000b850 (0x7a3f2a23) sw      gp, 1972(t5)
core   0: 3 0x8000b850 (0x7a3f2a23) mem 0x8000c000 0x00000001
core   0: 0x8000b854 (0x0000bfe5) c.j     pc - 8
core   0: 3 0x8000b854 (0xbfe5)
core   0: 0x8000b84c (0x00000f17) auipc   t5, 0x0
core   0: 3 0x8000b84c (0x00000f17) x30 0x8000b84c
core   0: 0x8000b850 (0x7a3f2a23) sw      gp, 1972(t5)
core   0: 3 0x8000b850 (0x7a3f2a23) mem 0x8000c000 0x00000001
core   0: 0x8000b854 (0x0000bfe5) c.j     pc - 8
core   0: 3 0x8000b854 (0xbfe5)
core   0: 0x8000b84c (0x00000f17) auipc   t5, 0x0
core   0: 3 0x8000b84c (0x00000f17) x30 0x8000b84c
core   0: 0x8000b850 (0x7a3f2a23) sw      gp, 1972(t5)
core   0: 3 0x8000b850 (0x7a3f2a23) mem 0x8000c000 0x00000001
core   0: 0x8000b854 (0x0000bfe5) c.j     pc - 8
core   0: 3 0x8000b854 (0xbfe5)
core   0: 0x8000b84c (0x00000f17) auipc   t5, 0x0
core   0: 3 0x8000b84c (0x00000f17) x30 0x8000b84c
core   0: 0x8000b850 (0x7a3f2a23) sw      gp, 1972(t5)
core   0: 3 0x8000b850 (0x7a3f2a23) mem 0x8000c000 0x00000001
core   0: 0x8000b854 (0x0000bfe5) c.j     pc - 8
core   0: 3 0x8000b854 (0xbfe5)
core   0: 0x8000b84c (0x00000f17) auipc   t5, 0x0
core   0: 3 0x8000b84c (0x00000f17) x30 0x8000b84c
core   0: 0x8000b850 (0x7a3f2a23) sw      gp, 1972(t5)
core   0: 3 0x8000b850 (0x7a3f2a23) mem 0x8000c000 0x00000001
core   0: 0x8000b854 (0x0000bfe5) c.j     pc - 8
core   0: 3 0x8000b854 (0xbfe5)
core   0: 0x8000b84c (0x00000f17) auipc   t5, 0x0
core   0: 3 0x8000b84c (0x00000f17) x30 0x8000b84c
core   0: 0x8000b850 (0x7a3f2a23) sw      gp, 1972(t5)
core   0: 3 0x8000b850 (0x7a3f2a23) mem 0x8000c000 0x00000001
core   0: 0x8000b854 (0x0000bfe5) c.j     pc - 8
core   0: 3 0x8000b854 (0xbfe5)
core   0: 0x8000b84c (0x00000f17) auipc   t5, 0x0
core   0: 3 0x8000b84c (0x00000f17) x30 0x8000b84c
core   0: 0x8000b850 (0x7a3f2a23) sw      gp, 1972(t5)
core   0: 3 0x8000b850 (0x7a3f2a23) mem 0x8000c000 0x00000001
core   0: 0x8000b854 (0x0000bfe5) c.j     pc - 8
core   0: 3 0x8000b854 (0xbfe5)
core   0: 0x8000b84c (0x00000f17) auipc   t5, 0x0
core   0: 3 0x8000b84c (0x00000f17) x30 0x8000b84c
core   0: 0x8000b850 (0x7a3f2a23) sw      gp, 1972(t5)
core   0: 3 0x8000b850 (0x7a3f2a23) mem 0x8000c000 0x00000001
core   0: 0x8000b854 (0x0000bfe5) c.j     pc - 8
core   0: 3 0x8000b854 (0xbfe5)
core   0: 0x8000b84c (0x00000f17) auipc   t5, 0x0
core   0: 3 0x8000b84c (0x00000f17) x30 0x8000b84c
core   0: 0x8000b850 (0x7a3f2a23) sw      gp, 1972(t5)
core   0: 3 0x8000b850 (0x7a3f2a23) mem 0x8000c000 0x00000001
core   0: 0x8000b854 (0x0000bfe5) c.j     pc - 8
core   0: 3 0x8000b854 (0xbfe5)
core   0: 0x8000b84c (0x00000f17) auipc   t5, 0x0
core   0: 3 0x8000b84c (0x00000f17) x30 0x8000b84c
core   0: 0x8000b850 (0x7a3f2a23) sw      gp, 1972(t5)
core   0: 3 0x8000b850 (0x7a3f2a23) mem 0x8000c000 0x00000001
core   0: 0x8000b854 (0x0000bfe5) c.j     pc - 8
core   0: 3 0x8000b854 (0xbfe5)
core   0: 0x8000b84c (0x00000f17) auipc   t5, 0x0
core   0: 3 0x8000b84c (0x00000f17) x30 0x8000b84c
core   0: 0x8000b850 (0x7a3f2a23) sw      gp, 1972(t5)
core   0: 3 0x8000b850 (0x7a3f2a23) mem 0x8000c000 0x00000001
core   0: 0x8000b854 (0x0000bfe5) c.j     pc - 8
core   0: 3 0x8000b854 (0xbfe5)
core   0: 0x8000b84c (0x00000f17) auipc   t5, 0x0
core   0: 3 0x8000b84c (0x00000f17) x30 0x8000b84c
core   0: 0x8000b850 (0x7a3f2a23) sw      gp, 1972(t5)
core   0: 3 0x8000b850 (0x7a3f2a23) mem 0x8000c000 0x00000001
core   0: 0x8000b854 (0x0000bfe5) c.j     pc - 8
core   0: 3 0x8000b854 (0xbfe5)
core   0: 0x8000b84c (0x00000f17) auipc   t5, 0x0
core   0: 3 0x8000b84c (0x00000f17) x30 0x8000b84c
core   0: 0x8000b850 (0x7a3f2a23) sw      gp, 1972(t5)
core   0: 3 0x8000b850 (0x7a3f2a23) mem 0x8000c000 0x00000001
core   0: 0x8000b854 (0x0000bfe5) c.j     pc - 8
core   0: 3 0x8000b854 (0xbfe5)
core   0: 0x8000b84c (0x00000f17) auipc   t5, 0x0
core   0: 3 0x8000b84c (0x00000f17) x30 0x8000b84c
core   0: 0x8000b850 (0x7a3f2a23) sw      gp, 1972(t5)
core   0: 3 0x8000b850 (0x7a3f2a23) mem 0x8000c000 0x00000001
core   0: 0x8000b854 (0x0000bfe5) c.j     pc - 8
core   0: 3 0x8000b854 (0xbfe5)
core   0: 0x8000b84c (0x00000f17) auipc   t5, 0x0
core   0: 3 0x8000b84c (0x00000f17) x30 0x8000b84c
core   0: 0x8000b850 (0x7a3f2a23) sw      gp, 1972(t5)
core   0: 3 0x8000b850 (0x7a3f2a23) mem 0x8000c000 0x00000001
core   0: 0x8000b854 (0x0000bfe5) c.j     pc - 8
core   0: 3 0x8000b854 (0xbfe5)
core   0: 0x8000b84c (0x00000f17) auipc   t5, 0x0
core   0: 3 0x8000b84c (0x00000f17) x30 0x8000b84c
core   0: 0x8000b850 (0x7a3f2a23) sw      gp, 1972(t5)
core   0: 3 0x8000b850 (0x7a3f2a23) mem 0x8000c000 0x00000001
core   0: 0x8000b854 (0x0000bfe5) c.j     pc - 8
core   0: 3 0x8000b854 (0xbfe5)
core   0: 0x8000b84c (0x00000f17) auipc   t5, 0x0
core   0: 3 0x8000b84c (0x00000f17) x30 0x8000b84c
core   0: 0x8000b850 (0x7a3f2a23) sw      gp, 1972(t5)
core   0: 3 0x8000b850 (0x7a3f2a23) mem 0x8000c000 0x00000001
core   0: 0x8000b854 (0x0000bfe5) c.j     pc - 8
core   0: 3 0x8000b854 (0xbfe5)
core   0: 0x8000b84c (0x00000f17) auipc   t5, 0x0
core   0: 3 0x8000b84c (0x00000f17) x30 0x8000b84c
core   0: 0x8000b850 (0x7a3f2a23) sw      gp, 1972(t5)
core   0: 3 0x8000b850 (0x7a3f2a23) mem 0x8000c000 0x00000001
core   0: 0x8000b854 (0x0000bfe5) c.j     pc - 8
core   0: 3 0x8000b854 (0xbfe5)
core   0: 0x8000b84c (0x00000f17) auipc   t5, 0x0
core   0: 3 0x8000b84c (0x00000f17) x30 0x8000b84c
core   0: 0x8000b850 (0x7a3f2a23) sw      gp, 1972(t5)
core   0: 3 0x8000b850 (0x7a3f2a23) mem 0x8000c000 0x00000001
core   0: 0x8000b854 (0x0000bfe5) c.j     pc - 8
core   0: 3 0x8000b854 (0xbfe5)
core   0: 0x8000b84c (0x00000f17) auipc   t5, 0x0
core   0: 3 0x8000b84c (0x00000f17) x30 0x8000b84c
core   0: 0x8000b850 (0x7a3f2a23) sw      gp, 1972(t5)
core   0: 3 0x8000b850 (0x7a3f2a23) mem 0x8000c000 0x00000001
core   0: 0x8000b854 (0x0000bfe5) c.j     pc - 8
core   0: 3 0x8000b854 (0xbfe5)
core   0: 0x8000b84c (0x00000f17) auipc   t5, 0x0
core   0: 3 0x8000b84c (0x00000f17) x30 0x8000b84c
core   0: 0x8000b850 (0x7a3f2a23) sw      gp, 1972(t5)
core   0: 3 0x8000b850 (0x7a3f2a23) mem 0x8000c000 0x00000001
core   0: 0x8000b854 (0x0000bfe5) c.j     pc - 8
core   0: 3 0x8000b854 (0xbfe5)
core   0: 0x8000b84c (0x00000f17) auipc   t5, 0x0
core   0: 3 0x8000b84c (0x00000f17) x30 0x8000b84c
core   0: 0x8000b850 (0x7a3f2a23) sw      gp, 1972(t5)
core   0: 3 0x8000b850 (0x7a3f2a23) mem 0x8000c000 0x00000001
core   0: 0x8000b854 (0x0000bfe5) c.j     pc - 8
core   0: 3 0x8000b854 (0xbfe5)
core   0: 0x8000b84c (0x00000f17) auipc   t5, 0x0
core   0: 3 0x8000b84c (0x00000f17) x30 0x8000b84c
core   0: 0x8000b850 (0x7a3f2a23) sw      gp, 1972(t5)
core   0: 3 0x8000b850 (0x7a3f2a23) mem 0x8000c000 0x00000001
core   0: 0x8000b854 (0x0000bfe5) c.j     pc - 8
core   0: 3 0x8000b854 (0xbfe5)
core   0: 0x8000b84c (0x00000f17) auipc   t5, 0x0
core   0: 3 0x8000b84c (0x00000f17) x30 0x8000b84c
core   0: 0x8000b850 (0x7a3f2a23) sw      gp, 1972(t5)
core   0: 3 0x8000b850 (0x7a3f2a23) mem 0x8000c000 0x00000001
core   0: 0x8000b854 (0x0000bfe5) c.j     pc - 8
core   0: 3 0x8000b854 (0xbfe5)
core   0: 0x8000b84c (0x00000f17) auipc   t5, 0x0
core   0: 3 0x8000b84c (0x00000f17) x30 0x8000b84c
core   0: 0x8000b850 (0x7a3f2a23) sw      gp, 1972(t5)
core   0: 3 0x8000b850 (0x7a3f2a23) mem 0x8000c000 0x00000001
core   0: 0x8000b854 (0x0000bfe5) c.j     pc - 8
core   0: 3 0x8000b854 (0xbfe5)
core   0: 0x8000b84c (0x00000f17) auipc   t5, 0x0
core   0: 3 0x8000b84c (0x00000f17) x30 0x8000b84c
core   0: 0x8000b850 (0x7a3f2a23) sw      gp, 1972(t5)
core   0: 3 0x8000b850 (0x7a3f2a23) mem 0x8000c000 0x00000001
core   0: 0x8000b854 (0x0000bfe5) c.j     pc - 8
core   0: 3 0x8000b854 (0xbfe5)
core   0: 0x8000b84c (0x00000f17) auipc   t5, 0x0
core   0: 3 0x8000b84c (0x00000f17) x30 0x8000b84c
core   0: 0x8000b850 (0x7a3f2a23) sw      gp, 1972(t5)
core   0: 3 0x8000b850 (0x7a3f2a23) mem 0x8000c000 0x00000001
core   0: 0x8000b854 (0x0000bfe5) c.j     pc - 8
core   0: 3 0x8000b854 (0xbfe5)
core   0: 0x8000b84c (0x00000f17) auipc   t5, 0x0
core   0: 3 0x8000b84c (0x00000f17) x30 0x8000b84c
core   0: 0x8000b850 (0x7a3f2a23) sw      gp, 1972(t5)
core   0: 3 0x8000b850 (0x7a3f2a23) mem 0x8000c000 0x00000001
core   0: 0x8000b854 (0x0000bfe5) c.j     pc - 8
core   0: 3 0x8000b854 (0xbfe5)
core   0: 0x8000b84c (0x00000f17) auipc   t5, 0x0
core   0: 3 0x8000b84c (0x00000f17) x30 0x8000b84c
core   0: 0x8000b850 (0x7a3f2a23) sw      gp, 1972(t5)
core   0: 3 0x8000b850 (0x7a3f2a23) mem 0x8000c000 0x00000001
core   0: 0x8000b854 (0x0000bfe5) c.j     pc - 8
core   0: 3 0x8000b854 (0xbfe5)
core   0: 0x8000b84c (0x00000f17) auipc   t5, 0x0
core   0: 3 0x8000b84c (0x00000f17) x30 0x8000b84c
core   0: 0x8000b850 (0x7a3f2a23) sw      gp, 1972(t5)
core   0: 3 0x8000b850 (0x7a3f2a23) mem 0x8000c000 0x00000001
core   0: 0x8000b854 (0x0000bfe5) c.j     pc - 8
core   0: 3 0x8000b854 (0xbfe5)
core   0: 0x8000b84c (0x00000f17) auipc   t5, 0x0
core   0: 3 0x8000b84c (0x00000f17) x30 0x8000b84c
core   0: 0x8000b850 (0x7a3f2a23) sw      gp, 1972(t5)
core   0: 3 0x8000b850 (0x7a3f2a23) mem 0x8000c000 0x00000001
core   0: 0x8000b854 (0x0000bfe5) c.j     pc - 8
core   0: 3 0x8000b854 (0xbfe5)
core   0: 0x8000b84c (0x00000f17) auipc   t5, 0x0
core   0: 3 0x8000b84c (0x00000f17) x30 0x8000b84c
core   0: 0x8000b850 (0x7a3f2a23) sw      gp, 1972(t5)
core   0: 3 0x8000b850 (0x7a3f2a23) mem 0x8000c000 0x00000001
core   0: 0x8000b854 (0x0000bfe5) c.j     pc - 8
core   0: 3 0x8000b854 (0xbfe5)
core   0: 0x8000b84c (0x00000f17) auipc   t5, 0x0
core   0: 3 0x8000b84c (0x00000f17) x30 0x8000b84c
core   0: 0x8000b850 (0x7a3f2a23) sw      gp, 1972(t5)
core   0: 3 0x8000b850 (0x7a3f2a23) mem 0x8000c000 0x00000001
core   0: 0x8000b854 (0x0000bfe5) c.j     pc - 8
core   0: 3 0x8000b854 (0xbfe5)
core   0: 0x8000b84c (0x00000f17) auipc   t5, 0x0
core   0: 3 0x8000b84c (0x00000f17) x30 0x8000b84c
core   0: 0x8000b850 (0x7a3f2a23) sw      gp, 1972(t5)
core   0: 3 0x8000b850 (0x7a3f2a23) mem 0x8000c000 0x00000001
core   0: 0x8000b854 (0x0000bfe5) c.j     pc - 8
core   0: 3 0x8000b854 (0xbfe5)
core   0: 0x8000b84c (0x00000f17) auipc   t5, 0x0
core   0: 3 0x8000b84c (0x00000f17) x30 0x8000b84c
core   0: 0x8000b850 (0x7a3f2a23) sw      gp, 1972(t5)
core   0: 3 0x8000b850 (0x7a3f2a23) mem 0x8000c000 0x00000001
core   0: 0x8000b854 (0x0000bfe5) c.j     pc - 8
core   0: 3 0x8000b854 (0xbfe5)
core   0: 0x8000b84c (0x00000f17) auipc   t5, 0x0
core   0: 3 0x8000b84c (0x00000f17) x30 0x8000b84c
core   0: 0x8000b850 (0x7a3f2a23) sw      gp, 1972(t5)
core   0: 3 0x8000b850 (0x7a3f2a23) mem 0x8000c000 0x00000001
core   0: 0x8000b854 (0x0000bfe5) c.j     pc - 8
core   0: 3 0x8000b854 (0xbfe5)
core   0: 0x8000b84c (0x00000f17) auipc   t5, 0x0
core   0: 3 0x8000b84c (0x00000f17) x30 0x8000b84c
core   0: 0x8000b850 (0x7a3f2a23) sw      gp, 1972(t5)
core   0: 3 0x8000b850 (0x7a3f2a23) mem 0x8000c000 0x00000001
core   0: 0x8000b854 (0x0000bfe5) c.j     pc - 8
core   0: 3 0x8000b854 (0xbfe5)
core   0: 0x8000b84c (0x00000f17) auipc   t5, 0x0
core   0: 3 0x8000b84c (0x00000f17) x30 0x8000b84c
core   0: 0x8000b850 (0x7a3f2a23) sw      gp, 1972(t5)
core   0: 3 0x8000b850 (0x7a3f2a23) mem 0x8000c000 0x00000001
core   0: 0x8000b854 (0x0000bfe5) c.j     pc - 8
core   0: 3 0x8000b854 (0xbfe5)
core   0: 0x8000b84c (0x00000f17) auipc   t5, 0x0
core   0: 3 0x8000b84c (0x00000f17) x30 0x8000b84c
core   0: 0x8000b850 (0x7a3f2a23) sw      gp, 1972(t5)
core   0: 3 0x8000b850 (0x7a3f2a23) mem 0x8000c000 0x00000001
core   0: 0x8000b854 (0x0000bfe5) c.j     pc - 8
core   0: 3 0x8000b854 (0xbfe5)
core   0: 0x8000b84c (0x00000f17) auipc   t5, 0x0
core   0: 3 0x8000b84c (0x00000f17) x30 0x8000b84c
core   0: 0x8000b850 (0x7a3f2a23) sw      gp, 1972(t5)
core   0: 3 0x8000b850 (0x7a3f2a23) mem 0x8000c000 0x00000001
core   0: 0x8000b854 (0x0000bfe5) c.j     pc - 8
core   0: 3 0x8000b854 (0xbfe5)
core   0: 0x8000b84c (0x00000f17) auipc   t5, 0x0
core   0: 3 0x8000b84c (0x00000f17) x30 0x8000b84c
core   0: 0x8000b850 (0x7a3f2a23) sw      gp, 1972(t5)
core   0: 3 0x8000b850 (0x7a3f2a23) mem 0x8000c000 0x00000001
core   0: 0x8000b854 (0x0000bfe5) c.j     pc - 8
core   0: 3 0x8000b854 (0xbfe5)
core   0: 0x8000b84c (0x00000f17) auipc   t5, 0x0
core   0: 3 0x8000b84c (0x00000f17) x30 0x8000b84c
core   0: 0x8000b850 (0x7a3f2a23) sw      gp, 1972(t5)
core   0: 3 0x8000b850 (0x7a3f2a23) mem 0x8000c000 0x00000001
core   0: 0x8000b854 (0x0000bfe5) c.j     pc - 8
core   0: 3 0x8000b854 (0xbfe5)
core   0: 0x8000b84c (0x00000f17) auipc   t5, 0x0
core   0: 3 0x8000b84c (0x00000f17) x30 0x8000b84c
core   0: 0x8000b850 (0x7a3f2a23) sw      gp, 1972(t5)
core   0: 3 0x8000b850 (0x7a3f2a23) mem 0x8000c000 0x00000001
core   0: 0x8000b854 (0x0000bfe5) c.j     pc - 8
core   0: 3 0x8000b854 (0xbfe5)
core   0: 0x8000b84c (0x00000f17) auipc   t5, 0x0
core   0: 3 0x8000b84c (0x00000f17) x30 0x8000b84c
core   0: 0x8000b850 (0x7a3f2a23) sw      gp, 1972(t5)
core   0: 3 0x8000b850 (0x7a3f2a23) mem 0x8000c000 0x00000001
core   0: 0x8000b854 (0x0000bfe5) c.j     pc - 8
core   0: 3 0x8000b854 (0xbfe5)
core   0: 0x8000b84c (0x00000f17) auipc   t5, 0x0
core   0: 3 0x8000b84c (0x00000f17) x30 0x8000b84c
core   0: 0x8000b850 (0x7a3f2a23) sw      gp, 1972(t5)
core   0: 3 0x8000b850 (0x7a3f2a23) mem 0x8000c000 0x00000001
core   0: 0x8000b854 (0x0000bfe5) c.j     pc - 8
core   0: 3 0x8000b854 (0xbfe5)
core   0: 0x8000b84c (0x00000f17) auipc   t5, 0x0
core   0: 3 0x8000b84c (0x00000f17) x30 0x8000b84c
core   0: 0x8000b850 (0x7a3f2a23) sw      gp, 1972(t5)
core   0: 3 0x8000b850 (0x7a3f2a23) mem 0x8000c000 0x00000001
core   0: 0x8000b854 (0x0000bfe5) c.j     pc - 8
core   0: 3 0x8000b854 (0xbfe5)
core   0: 0x8000b84c (0x00000f17) auipc   t5, 0x0
core   0: 3 0x8000b84c (0x00000f17) x30 0x8000b84c
core   0: 0x8000b850 (0x7a3f2a23) sw      gp, 1972(t5)
core   0: 3 0x8000b850 (0x7a3f2a23) mem 0x8000c000 0x00000001
core   0: 0x8000b854 (0x0000bfe5) c.j     pc - 8
core   0: 3 0x8000b854 (0xbfe5)
core   0: 0x8000b84c (0x00000f17) auipc   t5, 0x0
core   0: 3 0x8000b84c (0x00000f17) x30 0x8000b84c
core   0: 0x8000b850 (0x7a3f2a23) sw      gp, 1972(t5)
core   0: 3 0x8000b850 (0x7a3f2a23) mem 0x8000c000 0x00000001
core   0: 0x8000b854 (0x0000bfe5) c.j     pc - 8
core   0: 3 0x8000b854 (0xbfe5)
core   0: 0x8000b84c (0x00000f17) auipc   t5, 0x0
core   0: 3 0x8000b84c (0x00000f17) x30 0x8000b84c
core   0: 0x8000b850 (0x7a3f2a23) sw      gp, 1972(t5)
core   0: 3 0x8000b850 (0x7a3f2a23) mem 0x8000c000 0x00000001
core   0: 0x8000b854 (0x0000bfe5) c.j     pc - 8
core   0: 3 0x8000b854 (0xbfe5)
core   0: 0x8000b84c (0x00000f17) auipc   t5, 0x0
core   0: 3 0x8000b84c (0x00000f17) x30 0x8000b84c
core   0: 0x8000b850 (0x7a3f2a23) sw      gp, 1972(t5)
core   0: 3 0x8000b850 (0x7a3f2a23) mem 0x8000c000 0x00000001
core   0: 0x8000b854 (0x0000bfe5) c.j     pc - 8
core   0: 3 0x8000b854 (0xbfe5)
core   0: 0x8000b84c (0x00000f17) auipc   t5, 0x0
core   0: 3 0x8000b84c (0x00000f17) x30 0x8000b84c
core   0: 0x8000b850 (0x7a3f2a23) sw      gp, 1972(t5)
core   0: 3 0x8000b850 (0x7a3f2a23) mem 0x8000c000 0x00000001
core   0: 0x8000b854 (0x0000bfe5) c.j     pc - 8
core   0: 3 0x8000b854 (0xbfe5)
core   0: 0x8000b84c (0x00000f17) auipc   t5, 0x0
core   0: 3 0x8000b84c (0x00000f17) x30 0x8000b84c
core   0: 0x8000b850 (0x7a3f2a23) sw      gp, 1972(t5)
core   0: 3 0x8000b850 (0x7a3f2a23) mem 0x8000c000 0x00000001
core   0: 0x8000b854 (0x0000bfe5) c.j     pc - 8
core   0: 3 0x8000b854 (0xbfe5)
core   0: 0x8000b84c (0x00000f17) auipc   t5, 0x0
core   0: 3 0x8000b84c (0x00000f17) x30 0x8000b84c
core   0: 0x8000b850 (0x7a3f2a23) sw      gp, 1972(t5)
core   0: 3 0x8000b850 (0x7a3f2a23) mem 0x8000c000 0x00000001
core   0: 0x8000b854 (0x0000bfe5) c.j     pc - 8
core   0: 3 0x8000b854 (0xbfe5)
core   0: 0x8000b84c (0x00000f17) auipc   t5, 0x0
core   0: 3 0x8000b84c (0x00000f17) x30 0x8000b84c
core   0: 0x8000b850 (0x7a3f2a23) sw      gp, 1972(t5)
core   0: 3 0x8000b850 (0x7a3f2a23) mem 0x8000c000 0x00000001
core   0: 0x8000b854 (0x0000bfe5) c.j     pc - 8
core   0: 3 0x8000b854 (0xbfe5)
core   0: 0x8000b84c (0x00000f17) auipc   t5, 0x0
core   0: 3 0x8000b84c (0x00000f17) x30 0x8000b84c
core   0: 0x8000b850 (0x7a3f2a23) sw      gp, 1972(t5)
core   0: 3 0x8000b850 (0x7a3f2a23) mem 0x8000c000 0x00000001
core   0: 0x8000b854 (0x0000bfe5) c.j     pc - 8
core   0: 3 0x8000b854 (0xbfe5)
core   0: 0x8000b84c (0x00000f17) auipc   t5, 0x0
core   0: 3 0x8000b84c (0x00000f17) x30 0x8000b84c
core   0: 0x8000b850 (0x7a3f2a23) sw      gp, 1972(t5)
core   0: 3 0x8000b850 (0x7a3f2a23) mem 0x8000c000 0x00000001
core   0: 0x8000b854 (0x0000bfe5) c.j     pc - 8
core   0: 3 0x8000b854 (0xbfe5)
core   0: 0x8000b84c (0x00000f17) auipc   t5, 0x0
core   0: 3 0x8000b84c (0x00000f17) x30 0x8000b84c
core   0: 0x8000b850 (0x7a3f2a23) sw      gp, 1972(t5)
core   0: 3 0x8000b850 (0x7a3f2a23) mem 0x8000c000 0x00000001
core   0: 0x8000b854 (0x0000bfe5) c.j     pc - 8
core   0: 3 0x8000b854 (0xbfe5)
core   0: 0x8000b84c (0x00000f17) auipc   t5, 0x0
core   0: 3 0x8000b84c (0x00000f17) x30 0x8000b84c
core   0: 0x8000b850 (0x7a3f2a23) sw      gp, 1972(t5)
core   0: 3 0x8000b850 (0x7a3f2a23) mem 0x8000c000 0x00000001
core   0: 0x8000b854 (0x0000bfe5) c.j     pc - 8
core   0: 3 0x8000b854 (0xbfe5)
core   0: 0x8000b84c (0x00000f17) auipc   t5, 0x0
core   0: 3 0x8000b84c (0x00000f17) x30 0x8000b84c
core   0: 0x8000b850 (0x7a3f2a23) sw      gp, 1972(t5)
core   0: 3 0x8000b850 (0x7a3f2a23) mem 0x8000c000 0x00000001
core   0: 0x8000b854 (0x0000bfe5) c.j     pc - 8
core   0: 3 0x8000b854 (0xbfe5)
core   0: 0x8000b84c (0x00000f17) auipc   t5, 0x0
core   0: 3 0x8000b84c (0x00000f17) x30 0x8000b84c
core   0: 0x8000b850 (0x7a3f2a23) sw      gp, 1972(t5)
core   0: 3 0x8000b850 (0x7a3f2a23) mem 0x8000c000 0x00000001
core   0: 0x8000b854 (0x0000bfe5) c.j     pc - 8
core   0: 3 0x8000b854 (0xbfe5)
core   0: 0x8000b84c (0x00000f17) auipc   t5, 0x0
core   0: 3 0x8000b84c (0x00000f17) x30 0x8000b84c
core   0: 0x8000b850 (0x7a3f2a23) sw      gp, 1972(t5)
core   0: 3 0x8000b850 (0x7a3f2a23) mem 0x8000c000 0x00000001
core   0: 0x8000b854 (0x0000bfe5) c.j     pc - 8
core   0: 3 0x8000b854 (0xbfe5)
core   0: 0x8000b84c (0x00000f17) auipc   t5, 0x0
core   0: 3 0x8000b84c (0x00000f17) x30 0x8000b84c
core   0: 0x8000b850 (0x7a3f2a23) sw      gp, 1972(t5)
core   0: 3 0x8000b850 (0x7a3f2a23) mem 0x8000c000 0x00000001
core   0: 0x8000b854 (0x0000bfe5) c.j     pc - 8
core   0: 3 0x8000b854 (0xbfe5)
core   0: 0x8000b84c (0x00000f17) auipc   t5, 0x0
core   0: 3 0x8000b84c (0x00000f17) x30 0x8000b84c
core   0: 0x8000b850 (0x7a3f2a23) sw      gp, 1972(t5)
core   0: 3 0x8000b850 (0x7a3f2a23) mem 0x8000c000 0x00000001
core   0: 0x8000b854 (0x0000bfe5) c.j     pc - 8
core   0: 3 0x8000b854 (0xbfe5)
core   0: 0x8000b84c (0x00000f17) auipc   t5, 0x0
core   0: 3 0x8000b84c (0x00000f17) x30 0x8000b84c
core   0: 0x8000b850 (0x7a3f2a23) sw      gp, 1972(t5)
core   0: 3 0x8000b850 (0x7a3f2a23) mem 0x8000c000 0x00000001
core   0: 0x8000b854 (0x0000bfe5) c.j     pc - 8
core   0: 3 0x8000b854 (0xbfe5)
core   0: 0x8000b84c (0x00000f17) auipc   t5, 0x0
core   0: 3 0x8000b84c (0x00000f17) x30 0x8000b84c
core   0: 0x8000b850 (0x7a3f2a23) sw      gp, 1972(t5)
core   0: 3 0x8000b850 (0x7a3f2a23) mem 0x8000c000 0x00000001
core   0: 0x8000b854 (0x0000bfe5) c.j     pc - 8
core   0: 3 0x8000b854 (0xbfe5)
core   0: 0x8000b84c (0x00000f17) auipc   t5, 0x0
core   0: 3 0x8000b84c (0x00000f17) x30 0x8000b84c
core   0: 0x8000b850 (0x7a3f2a23) sw      gp, 1972(t5)
core   0: 3 0x8000b850 (0x7a3f2a23) mem 0x8000c000 0x00000001
core   0: 0x8000b854 (0x0000bfe5) c.j     pc - 8
core   0: 3 0x8000b854 (0xbfe5)
core   0: 0x8000b84c (0x00000f17) auipc   t5, 0x0
core   0: 3 0x8000b84c (0x00000f17) x30 0x8000b84c
core   0: 0x8000b850 (0x7a3f2a23) sw      gp, 1972(t5)
core   0: 3 0x8000b850 (0x7a3f2a23) mem 0x8000c000 0x00000001
core   0: 0x8000b854 (0x0000bfe5) c.j     pc - 8
core   0: 3 0x8000b854 (0xbfe5)
core   0: 0x8000b84c (0x00000f17) auipc   t5, 0x0
core   0: 3 0x8000b84c (0x00000f17) x30 0x8000b84c
core   0: 0x8000b850 (0x7a3f2a23) sw      gp, 1972(t5)
core   0: 3 0x8000b850 (0x7a3f2a23) mem 0x8000c000 0x00000001
core   0: 0x8000b854 (0x0000bfe5) c.j     pc - 8
core   0: 3 0x8000b854 (0xbfe5)
core   0: 0x8000b84c (0x00000f17) auipc   t5, 0x0
core   0: 3 0x8000b84c (0x00000f17) x30 0x8000b84c
core   0: 0x8000b850 (0x7a3f2a23) sw      gp, 1972(t5)
core   0: 3 0x8000b850 (0x7a3f2a23) mem 0x8000c000 0x00000001
core   0: 0x8000b854 (0x0000bfe5) c.j     pc - 8
core   0: 3 0x8000b854 (0xbfe5)
core   0: 0x8000b84c (0x00000f17) auipc   t5, 0x0
core   0: 3 0x8000b84c (0x00000f17) x30 0x8000b84c
core   0: 0x8000b850 (0x7a3f2a23) sw      gp, 1972(t5)
core   0: 3 0x8000b850 (0x7a3f2a23) mem 0x8000c000 0x00000001
core   0: 0x8000b854 (0x0000bfe5) c.j     pc - 8
core   0: 3 0x8000b854 (0xbfe5)
core   0: 0x8000b84c (0x00000f17) auipc   t5, 0x0
core   0: 3 0x8000b84c (0x00000f17) x30 0x8000b84c
core   0: 0x8000b850 (0x7a3f2a23) sw      gp, 1972(t5)
core   0: 3 0x8000b850 (0x7a3f2a23) mem 0x8000c000 0x00000001
core   0: 0x8000b854 (0x0000bfe5) c.j     pc - 8
core   0: 3 0x8000b854 (0xbfe5)
core   0: 0x8000b84c (0x00000f17) auipc   t5, 0x0
core   0: 3 0x8000b84c (0x00000f17) x30 0x8000b84c
core   0: 0x8000b850 (0x7a3f2a23) sw      gp, 1972(t5)
core   0: 3 0x8000b850 (0x7a3f2a23) mem 0x8000c000 0x00000001
core   0: 0x8000b854 (0x0000bfe5) c.j     pc - 8
core   0: 3 0x8000b854 (0xbfe5)
core   0: 0x8000b84c (0x00000f17) auipc   t5, 0x0
core   0: 3 0x8000b84c (0x00000f17) x30 0x8000b84c
core   0: 0x8000b850 (0x7a3f2a23) sw      gp, 1972(t5)
core   0: 3 0x8000b850 (0x7a3f2a23) mem 0x8000c000 0x00000001
core   0: 0x8000b854 (0x0000bfe5) c.j     pc - 8
core   0: 3 0x8000b854 (0xbfe5)
core   0: 0x8000b84c (0x00000f17) auipc   t5, 0x0
core   0: 3 0x8000b84c (0x00000f17) x30 0x8000b84c
core   0: 0x8000b850 (0x7a3f2a23) sw      gp, 1972(t5)
core   0: 3 0x8000b850 (0x7a3f2a23) mem 0x8000c000 0x00000001
core   0: 0x8000b854 (0x0000bfe5) c.j     pc - 8
core   0: 3 0x8000b854 (0xbfe5)
core   0: 0x8000b84c (0x00000f17) auipc   t5, 0x0
core   0: 3 0x8000b84c (0x00000f17) x30 0x8000b84c
core   0: 0x8000b850 (0x7a3f2a23) sw      gp, 1972(t5)
core   0: 3 0x8000b850 (0x7a3f2a23) mem 0x8000c000 0x00000001
core   0: 0x8000b854 (0x0000bfe5) c.j     pc - 8
core   0: 3 0x8000b854 (0xbfe5)
core   0: 0x8000b84c (0x00000f17) auipc   t5, 0x0
core   0: 3 0x8000b84c (0x00000f17) x30 0x8000b84c
core   0: 0x8000b850 (0x7a3f2a23) sw      gp, 1972(t5)
core   0: 3 0x8000b850 (0x7a3f2a23) mem 0x8000c000 0x00000001
core   0: 0x8000b854 (0x0000bfe5) c.j     pc - 8
core   0: 3 0x8000b854 (0xbfe5)
core   0: 0x8000b84c (0x00000f17) auipc   t5, 0x0
core   0: 3 0x8000b84c (0x00000f17) x30 0x8000b84c
core   0: 0x8000b850 (0x7a3f2a23) sw      gp, 1972(t5)
core   0: 3 0x8000b850 (0x7a3f2a23) mem 0x8000c000 0x00000001
core   0: 0x8000b854 (0x0000bfe5) c.j     pc - 8
core   0: 3 0x8000b854 (0xbfe5)
core   0: 0x8000b84c (0x00000f17) auipc   t5, 0x0
core   0: 3 0x8000b84c (0x00000f17) x30 0x8000b84c
core   0: 0x8000b850 (0x7a3f2a23) sw      gp, 1972(t5)
core   0: 3 0x8000b850 (0x7a3f2a23) mem 0x8000c000 0x00000001
core   0: 0x8000b854 (0x0000bfe5) c.j     pc - 8
core   0: 3 0x8000b854 (0xbfe5)
core   0: 0x8000b84c (0x00000f17) auipc   t5, 0x0
core   0: 3 0x8000b84c (0x00000f17) x30 0x8000b84c
core   0: 0x8000b850 (0x7a3f2a23) sw      gp, 1972(t5)
core   0: 3 0x8000b850 (0x7a3f2a23) mem 0x8000c000 0x00000001
core   0: 0x8000b854 (0x0000bfe5) c.j     pc - 8
core   0: 3 0x8000b854 (0xbfe5)
core   0: 0x8000b84c (0x00000f17) auipc   t5, 0x0
core   0: 3 0x8000b84c (0x00000f17) x30 0x8000b84c
core   0: 0x8000b850 (0x7a3f2a23) sw      gp, 1972(t5)
core   0: 3 0x8000b850 (0x7a3f2a23) mem 0x8000c000 0x00000001
core   0: 0x8000b854 (0x0000bfe5) c.j     pc - 8
core   0: 3 0x8000b854 (0xbfe5)
core   0: 0x8000b84c (0x00000f17) auipc   t5, 0x0
core   0: 3 0x8000b84c (0x00000f17) x30 0x8000b84c
core   0: 0x8000b850 (0x7a3f2a23) sw      gp, 1972(t5)
core   0: 3 0x8000b850 (0x7a3f2a23) mem 0x8000c000 0x00000001
core   0: 0x8000b854 (0x0000bfe5) c.j     pc - 8
core   0: 3 0x8000b854 (0xbfe5)
core   0: 0x8000b84c (0x00000f17) auipc   t5, 0x0
core   0: 3 0x8000b84c (0x00000f17) x30 0x8000b84c
core   0: 0x8000b850 (0x7a3f2a23) sw      gp, 1972(t5)
core   0: 3 0x8000b850 (0x7a3f2a23) mem 0x8000c000 0x00000001
core   0: 0x8000b854 (0x0000bfe5) c.j     pc - 8
core   0: 3 0x8000b854 (0xbfe5)
core   0: 0x8000b84c (0x00000f17) auipc   t5, 0x0
core   0: 3 0x8000b84c (0x00000f17) x30 0x8000b84c
core   0: 0x8000b850 (0x7a3f2a23) sw      gp, 1972(t5)
core   0: 3 0x8000b850 (0x7a3f2a23) mem 0x8000c000 0x00000001
core   0: 0x8000b854 (0x0000bfe5) c.j     pc - 8
core   0: 3 0x8000b854 (0xbfe5)
core   0: 0x8000b84c (0x00000f17) auipc   t5, 0x0
core   0: 3 0x8000b84c (0x00000f17) x30 0x8000b84c
core   0: 0x8000b850 (0x7a3f2a23) sw      gp, 1972(t5)
core   0: 3 0x8000b850 (0x7a3f2a23) mem 0x8000c000 0x00000001
core   0: 0x8000b854 (0x0000bfe5) c.j     pc - 8
core   0: 3 0x8000b854 (0xbfe5)
core   0: 0x8000b84c (0x00000f17) auipc   t5, 0x0
core   0: 3 0x8000b84c (0x00000f17) x30 0x8000b84c
core   0: 0x8000b850 (0x7a3f2a23) sw      gp, 1972(t5)
core   0: 3 0x8000b850 (0x7a3f2a23) mem 0x8000c000 0x00000001
core   0: 0x8000b854 (0x0000bfe5) c.j     pc - 8
core   0: 3 0x8000b854 (0xbfe5)
core   0: 0x8000b84c (0x00000f17) auipc   t5, 0x0
core   0: 3 0x8000b84c (0x00000f17) x30 0x8000b84c
core   0: 0x8000b850 (0x7a3f2a23) sw      gp, 1972(t5)
core   0: 3 0x8000b850 (0x7a3f2a23) mem 0x8000c000 0x00000001
core   0: 0x8000b854 (0x0000bfe5) c.j     pc - 8
core   0: 3 0x8000b854 (0xbfe5)
core   0: 0x8000b84c (0x00000f17) auipc   t5, 0x0
core   0: 3 0x8000b84c (0x00000f17) x30 0x8000b84c
core   0: 0x8000b850 (0x7a3f2a23) sw      gp, 1972(t5)
core   0: 3 0x8000b850 (0x7a3f2a23) mem 0x8000c000 0x00000001
core   0: 0x8000b854 (0x0000bfe5) c.j     pc - 8
core   0: 3 0x8000b854 (0xbfe5)
core   0: 0x8000b84c (0x00000f17) auipc   t5, 0x0
core   0: 3 0x8000b84c (0x00000f17) x30 0x8000b84c
core   0: 0x8000b850 (0x7a3f2a23) sw      gp, 1972(t5)
core   0: 3 0x8000b850 (0x7a3f2a23) mem 0x8000c000 0x00000001
core   0: 0x8000b854 (0x0000bfe5) c.j     pc - 8
core   0: 3 0x8000b854 (0xbfe5)
core   0: 0x8000b84c (0x00000f17) auipc   t5, 0x0
core   0: 3 0x8000b84c (0x00000f17) x30 0x8000b84c
core   0: 0x8000b850 (0x7a3f2a23) sw      gp, 1972(t5)
core   0: 3 0x8000b850 (0x7a3f2a23) mem 0x8000c000 0x00000001
core   0: 0x8000b854 (0x0000bfe5) c.j     pc - 8
core   0: 3 0x8000b854 (0xbfe5)
core   0: 0x8000b84c (0x00000f17) auipc   t5, 0x0
core   0: 3 0x8000b84c (0x00000f17) x30 0x8000b84c
core   0: 0x8000b850 (0x7a3f2a23) sw      gp, 1972(t5)
core   0: 3 0x8000b850 (0x7a3f2a23) mem 0x8000c000 0x00000001
core   0: 0x8000b854 (0x0000bfe5) c.j     pc - 8
core   0: 3 0x8000b854 (0xbfe5)
core   0: 0x8000b84c (0x00000f17) auipc   t5, 0x0
core   0: 3 0x8000b84c (0x00000f17) x30 0x8000b84c
core   0: 0x8000b850 (0x7a3f2a23) sw      gp, 1972(t5)
core   0: 3 0x8000b850 (0x7a3f2a23) mem 0x8000c000 0x00000001
core   0: 0x8000b854 (0x0000bfe5) c.j     pc - 8
core   0: 3 0x8000b854 (0xbfe5)
core   0: 0x8000b84c (0x00000f17) auipc   t5, 0x0
core   0: 3 0x8000b84c (0x00000f17) x30 0x8000b84c
core   0: 0x8000b850 (0x7a3f2a23) sw      gp, 1972(t5)
core   0: 3 0x8000b850 (0x7a3f2a23) mem 0x8000c000 0x00000001
core   0: 0x8000b854 (0x0000bfe5) c.j     pc - 8
core   0: 3 0x8000b854 (0xbfe5)
core   0: 0x8000b84c (0x00000f17) auipc   t5, 0x0
core   0: 3 0x8000b84c (0x00000f17) x30 0x8000b84c
core   0: 0x8000b850 (0x7a3f2a23) sw      gp, 1972(t5)
core   0: 3 0x8000b850 (0x7a3f2a23) mem 0x8000c000 0x00000001
core   0: 0x8000b854 (0x0000bfe5) c.j     pc - 8
core   0: 3 0x8000b854 (0xbfe5)
core   0: 0x8000b84c (0x00000f17) auipc   t5, 0x0
core   0: 3 0x8000b84c (0x00000f17) x30 0x8000b84c
core   0: 0x8000b850 (0x7a3f2a23) sw      gp, 1972(t5)
core   0: 3 0x8000b850 (0x7a3f2a23) mem 0x8000c000 0x00000001
core   0: 0x8000b854 (0x0000bfe5) c.j     pc - 8
core   0: 3 0x8000b854 (0xbfe5)
core   0: 0x8000b84c (0x00000f17) auipc   t5, 0x0
core   0: 3 0x8000b84c (0x00000f17) x30 0x8000b84c
core   0: 0x8000b850 (0x7a3f2a23) sw      gp, 1972(t5)
core   0: 3 0x8000b850 (0x7a3f2a23) mem 0x8000c000 0x00000001
core   0: 0x8000b854 (0x0000bfe5) c.j     pc - 8
core   0: 3 0x8000b854 (0xbfe5)
core   0: 0x8000b84c (0x00000f17) auipc   t5, 0x0
core   0: 3 0x8000b84c (0x00000f17) x30 0x8000b84c
core   0: 0x8000b850 (0x7a3f2a23) sw      gp, 1972(t5)
core   0: 3 0x8000b850 (0x7a3f2a23) mem 0x8000c000 0x00000001
core   0: 0x8000b854 (0x0000bfe5) c.j     pc - 8
core   0: 3 0x8000b854 (0xbfe5)
core   0: 0x8000b84c (0x00000f17) auipc   t5, 0x0
core   0: 3 0x8000b84c (0x00000f17) x30 0x8000b84c
core   0: 0x8000b850 (0x7a3f2a23) sw      gp, 1972(t5)
core   0: 3 0x8000b850 (0x7a3f2a23) mem 0x8000c000 0x00000001
core   0: 0x8000b854 (0x0000bfe5) c.j     pc - 8
core   0: 3 0x8000b854 (0xbfe5)
core   0: 0x8000b84c (0x00000f17) auipc   t5, 0x0
core   0: 3 0x8000b84c (0x00000f17) x30 0x8000b84c
core   0: 0x8000b850 (0x7a3f2a23) sw      gp, 1972(t5)
core   0: 3 0x8000b850 (0x7a3f2a23) mem 0x8000c000 0x00000001
core   0: 0x8000b854 (0x0000bfe5) c.j     pc - 8
core   0: 3 0x8000b854 (0xbfe5)
core   0: 0x8000b84c (0x00000f17) auipc   t5, 0x0
core   0: 3 0x8000b84c (0x00000f17) x30 0x8000b84c
core   0: 0x8000b850 (0x7a3f2a23) sw      gp, 1972(t5)
core   0: 3 0x8000b850 (0x7a3f2a23) mem 0x8000c000 0x00000001
core   0: 0x8000b854 (0x0000bfe5) c.j     pc - 8
core   0: 3 0x8000b854 (0xbfe5)
core   0: 0x8000b84c (0x00000f17) auipc   t5, 0x0
core   0: 3 0x8000b84c (0x00000f17) x30 0x8000b84c
core   0: 0x8000b850 (0x7a3f2a23) sw      gp, 1972(t5)
core   0: 3 0x8000b850 (0x7a3f2a23) mem 0x8000c000 0x00000001
core   0: 0x8000b854 (0x0000bfe5) c.j     pc - 8
core   0: 3 0x8000b854 (0xbfe5)
core   0: 0x8000b84c (0x00000f17) auipc   t5, 0x0
core   0: 3 0x8000b84c (0x00000f17) x30 0x8000b84c
core   0: 0x8000b850 (0x7a3f2a23) sw      gp, 1972(t5)
core   0: 3 0x8000b850 (0x7a3f2a23) mem 0x8000c000 0x00000001
core   0: 0x8000b854 (0x0000bfe5) c.j     pc - 8
core   0: 3 0x8000b854 (0xbfe5)
core   0: 0x8000b84c (0x00000f17) auipc   t5, 0x0
core   0: 3 0x8000b84c (0x00000f17) x30 0x8000b84c
core   0: 0x8000b850 (0x7a3f2a23) sw      gp, 1972(t5)
core   0: 3 0x8000b850 (0x7a3f2a23) mem 0x8000c000 0x00000001
core   0: 0x8000b854 (0x0000bfe5) c.j     pc - 8
core   0: 3 0x8000b854 (0xbfe5)
core   0: 0x8000b84c (0x00000f17) auipc   t5, 0x0
core   0: 3 0x8000b84c (0x00000f17) x30 0x8000b84c
core   0: 0x8000b850 (0x7a3f2a23) sw      gp, 1972(t5)
core   0: 3 0x8000b850 (0x7a3f2a23) mem 0x8000c000 0x00000001
core   0: 0x8000b854 (0x0000bfe5) c.j     pc - 8
core   0: 3 0x8000b854 (0xbfe5)
core   0: 0x8000b84c (0x00000f17) auipc   t5, 0x0
core   0: 3 0x8000b84c (0x00000f17) x30 0x8000b84c
core   0: 0x8000b850 (0x7a3f2a23) sw      gp, 1972(t5)
core   0: 3 0x8000b850 (0x7a3f2a23) mem 0x8000c000 0x00000001
core   0: 0x8000b854 (0x0000bfe5) c.j     pc - 8
core   0: 3 0x8000b854 (0xbfe5)
core   0: 0x8000b84c (0x00000f17) auipc   t5, 0x0
core   0: 3 0x8000b84c (0x00000f17) x30 0x8000b84c
core   0: 0x8000b850 (0x7a3f2a23) sw      gp, 1972(t5)
core   0: 3 0x8000b850 (0x7a3f2a23) mem 0x8000c000 0x00000001
core   0: 0x8000b854 (0x0000bfe5) c.j     pc - 8
core   0: 3 0x8000b854 (0xbfe5)
core   0: 0x8000b84c (0x00000f17) auipc   t5, 0x0
core   0: 3 0x8000b84c (0x00000f17) x30 0x8000b84c
core   0: 0x8000b850 (0x7a3f2a23) sw      gp, 1972(t5)
core   0: 3 0x8000b850 (0x7a3f2a23) mem 0x8000c000 0x00000001
core   0: 0x8000b854 (0x0000bfe5) c.j     pc - 8
core   0: 3 0x8000b854 (0xbfe5)
core   0: 0x8000b84c (0x00000f17) auipc   t5, 0x0
core   0: 3 0x8000b84c (0x00000f17) x30 0x8000b84c
core   0: 0x8000b850 (0x7a3f2a23) sw      gp, 1972(t5)
core   0: 3 0x8000b850 (0x7a3f2a23) mem 0x8000c000 0x00000001
core   0: 0x8000b854 (0x0000bfe5) c.j     pc - 8
core   0: 3 0x8000b854 (0xbfe5)
core   0: 0x8000b84c (0x00000f17) auipc   t5, 0x0
core   0: 3 0x8000b84c (0x00000f17) x30 0x8000b84c
core   0: 0x8000b850 (0x7a3f2a23) sw      gp, 1972(t5)
core   0: 3 0x8000b850 (0x7a3f2a23) mem 0x8000c000 0x00000001
core   0: 0x8000b854 (0x0000bfe5) c.j     pc - 8
core   0: 3 0x8000b854 (0xbfe5)
core   0: 0x8000b84c (0x00000f17) auipc   t5, 0x0
core   0: 3 0x8000b84c (0x00000f17) x30 0x8000b84c
core   0: 0x8000b850 (0x7a3f2a23) sw      gp, 1972(t5)
core   0: 3 0x8000b850 (0x7a3f2a23) mem 0x8000c000 0x00000001
core   0: 0x8000b854 (0x0000bfe5) c.j     pc - 8
core   0: 3 0x8000b854 (0xbfe5)
core   0: 0x8000b84c (0x00000f17) auipc   t5, 0x0
core   0: 3 0x8000b84c (0x00000f17) x30 0x8000b84c
core   0: 0x8000b850 (0x7a3f2a23) sw      gp, 1972(t5)
core   0: 3 0x8000b850 (0x7a3f2a23) mem 0x8000c000 0x00000001
core   0: 0x8000b854 (0x0000bfe5) c.j     pc - 8
core   0: 3 0x8000b854 (0xbfe5)
core   0: 0x8000b84c (0x00000f17) auipc   t5, 0x0
core   0: 3 0x8000b84c (0x00000f17) x30 0x8000b84c
core   0: 0x8000b850 (0x7a3f2a23) sw      gp, 1972(t5)
core   0: 3 0x8000b850 (0x7a3f2a23) mem 0x8000c000 0x00000001
core   0: 0x8000b854 (0x0000bfe5) c.j     pc - 8
core   0: 3 0x8000b854 (0xbfe5)
core   0: 0x8000b84c (0x00000f17) auipc   t5, 0x0
core   0: 3 0x8000b84c (0x00000f17) x30 0x8000b84c
core   0: 0x8000b850 (0x7a3f2a23) sw      gp, 1972(t5)
core   0: 3 0x8000b850 (0x7a3f2a23) mem 0x8000c000 0x00000001
core   0: 0x8000b854 (0x0000bfe5) c.j     pc - 8
core   0: 3 0x8000b854 (0xbfe5)
core   0: 0x8000b84c (0x00000f17) auipc   t5, 0x0
core   0: 3 0x8000b84c (0x00000f17) x30 0x8000b84c
core   0: 0x8000b850 (0x7a3f2a23) sw      gp, 1972(t5)
core   0: 3 0x8000b850 (0x7a3f2a23) mem 0x8000c000 0x00000001
core   0: 0x8000b854 (0x0000bfe5) c.j     pc - 8
core   0: 3 0x8000b854 (0xbfe5)
core   0: 0x8000b84c (0x00000f17) auipc   t5, 0x0
core   0: 3 0x8000b84c (0x00000f17) x30 0x8000b84c
core   0: 0x8000b850 (0x7a3f2a23) sw      gp, 1972(t5)
core   0: 3 0x8000b850 (0x7a3f2a23) mem 0x8000c000 0x00000001
core   0: 0x8000b854 (0x0000bfe5) c.j     pc - 8
core   0: 3 0x8000b854 (0xbfe5)
core   0: 0x8000b84c (0x00000f17) auipc   t5, 0x0
core   0: 3 0x8000b84c (0x00000f17) x30 0x8000b84c
core   0: 0x8000b850 (0x7a3f2a23) sw      gp, 1972(t5)
core   0: 3 0x8000b850 (0x7a3f2a23) mem 0x8000c000 0x00000001
core   0: 0x8000b854 (0x0000bfe5) c.j     pc - 8
core   0: 3 0x8000b854 (0xbfe5)
core   0: 0x8000b84c (0x00000f17) auipc   t5, 0x0
core   0: 3 0x8000b84c (0x00000f17) x30 0x8000b84c
core   0: 0x8000b850 (0x7a3f2a23) sw      gp, 1972(t5)
core   0: 3 0x8000b850 (0x7a3f2a23) mem 0x8000c000 0x00000001
core   0: 0x8000b854 (0x0000bfe5) c.j     pc - 8
core   0: 3 0x8000b854 (0xbfe5)
core   0: 0x8000b84c (0x00000f17) auipc   t5, 0x0
core   0: 3 0x8000b84c (0x00000f17) x30 0x8000b84c
core   0: 0x8000b850 (0x7a3f2a23) sw      gp, 1972(t5)
core   0: 3 0x8000b850 (0x7a3f2a23) mem 0x8000c000 0x00000001
core   0: 0x8000b854 (0x0000bfe5) c.j     pc - 8
core   0: 3 0x8000b854 (0xbfe5)
core   0: 0x8000b84c (0x00000f17) auipc   t5, 0x0
core   0: 3 0x8000b84c (0x00000f17) x30 0x8000b84c
core   0: 0x8000b850 (0x7a3f2a23) sw      gp, 1972(t5)
core   0: 3 0x8000b850 (0x7a3f2a23) mem 0x8000c000 0x00000001
core   0: 0x8000b854 (0x0000bfe5) c.j     pc - 8
core   0: 3 0x8000b854 (0xbfe5)
core   0: 0x8000b84c (0x00000f17) auipc   t5, 0x0
core   0: 3 0x8000b84c (0x00000f17) x30 0x8000b84c
core   0: 0x8000b850 (0x7a3f2a23) sw      gp, 1972(t5)
core   0: 3 0x8000b850 (0x7a3f2a23) mem 0x8000c000 0x00000001
core   0: 0x8000b854 (0x0000bfe5) c.j     pc - 8
core   0: 3 0x8000b854 (0xbfe5)
core   0: 0x8000b84c (0x00000f17) auipc   t5, 0x0
core   0: 3 0x8000b84c (0x00000f17) x30 0x8000b84c
core   0: 0x8000b850 (0x7a3f2a23) sw      gp, 1972(t5)
core   0: 3 0x8000b850 (0x7a3f2a23) mem 0x8000c000 0x00000001
core   0: 0x8000b854 (0x0000bfe5) c.j     pc - 8
core   0: 3 0x8000b854 (0xbfe5)
core   0: 0x8000b84c (0x00000f17) auipc   t5, 0x0
core   0: 3 0x8000b84c (0x00000f17) x30 0x8000b84c
core   0: 0x8000b850 (0x7a3f2a23) sw      gp, 1972(t5)
core   0: 3 0x8000b850 (0x7a3f2a23) mem 0x8000c000 0x00000001
core   0: 0x8000b854 (0x0000bfe5) c.j     pc - 8
core   0: 3 0x8000b854 (0xbfe5)
core   0: 0x8000b84c (0x00000f17) auipc   t5, 0x0
core   0: 3 0x8000b84c (0x00000f17) x30 0x8000b84c
core   0: 0x8000b850 (0x7a3f2a23) sw      gp, 1972(t5)
core   0: 3 0x8000b850 (0x7a3f2a23) mem 0x8000c000 0x00000001
core   0: 0x8000b854 (0x0000bfe5) c.j     pc - 8
core   0: 3 0x8000b854 (0xbfe5)
core   0: 0x8000b84c (0x00000f17) auipc   t5, 0x0
core   0: 3 0x8000b84c (0x00000f17) x30 0x8000b84c
core   0: 0x8000b850 (0x7a3f2a23) sw      gp, 1972(t5)
core   0: 3 0x8000b850 (0x7a3f2a23) mem 0x8000c000 0x00000001
core   0: 0x8000b854 (0x0000bfe5) c.j     pc - 8
core   0: 3 0x8000b854 (0xbfe5)
core   0: 0x8000b84c (0x00000f17) auipc   t5, 0x0
core   0: 3 0x8000b84c (0x00000f17) x30 0x8000b84c
core   0: 0x8000b850 (0x7a3f2a23) sw      gp, 1972(t5)
core   0: 3 0x8000b850 (0x7a3f2a23) mem 0x8000c000 0x00000001
core   0: 0x8000b854 (0x0000bfe5) c.j     pc - 8
core   0: 3 0x8000b854 (0xbfe5)
core   0: 0x8000b84c (0x00000f17) auipc   t5, 0x0
core   0: 3 0x8000b84c (0x00000f17) x30 0x8000b84c
core   0: 0x8000b850 (0x7a3f2a23) sw      gp, 1972(t5)
core   0: 3 0x8000b850 (0x7a3f2a23) mem 0x8000c000 0x00000001
core   0: 0x8000b854 (0x0000bfe5) c.j     pc - 8
core   0: 3 0x8000b854 (0xbfe5)
core   0: 0x8000b84c (0x00000f17) auipc   t5, 0x0
core   0: 3 0x8000b84c (0x00000f17) x30 0x8000b84c
core   0: 0x8000b850 (0x7a3f2a23) sw      gp, 1972(t5)
core   0: 3 0x8000b850 (0x7a3f2a23) mem 0x8000c000 0x00000001
core   0: 0x8000b854 (0x0000bfe5) c.j     pc - 8
core   0: 3 0x8000b854 (0xbfe5)
core   0: 0x8000b84c (0x00000f17) auipc   t5, 0x0
core   0: 3 0x8000b84c (0x00000f17) x30 0x8000b84c
core   0: 0x8000b850 (0x7a3f2a23) sw      gp, 1972(t5)
core   0: 3 0x8000b850 (0x7a3f2a23) mem 0x8000c000 0x00000001
core   0: 0x8000b854 (0x0000bfe5) c.j     pc - 8
core   0: 3 0x8000b854 (0xbfe5)
core   0: 0x8000b84c (0x00000f17) auipc   t5, 0x0
core   0: 3 0x8000b84c (0x00000f17) x30 0x8000b84c
core   0: 0x8000b850 (0x7a3f2a23) sw      gp, 1972(t5)
core   0: 3 0x8000b850 (0x7a3f2a23) mem 0x8000c000 0x00000001
core   0: 0x8000b854 (0x0000bfe5) c.j     pc - 8
core   0: 3 0x8000b854 (0xbfe5)
core   0: 0x8000b84c (0x00000f17) auipc   t5, 0x0
core   0: 3 0x8000b84c (0x00000f17) x30 0x8000b84c
core   0: 0x8000b850 (0x7a3f2a23) sw      gp, 1972(t5)
core   0: 3 0x8000b850 (0x7a3f2a23) mem 0x8000c000 0x00000001
core   0: 0x8000b854 (0x0000bfe5) c.j     pc - 8
core   0: 3 0x8000b854 (0xbfe5)
core   0: 0x8000b84c (0x00000f17) auipc   t5, 0x0
core   0: 3 0x8000b84c (0x00000f17) x30 0x8000b84c
core   0: 0x8000b850 (0x7a3f2a23) sw      gp, 1972(t5)
core   0: 3 0x8000b850 (0x7a3f2a23) mem 0x8000c000 0x00000001
core   0: 0x8000b854 (0x0000bfe5) c.j     pc - 8
core   0: 3 0x8000b854 (0xbfe5)
core   0: 0x8000b84c (0x00000f17) auipc   t5, 0x0
core   0: 3 0x8000b84c (0x00000f17) x30 0x8000b84c
core   0: 0x8000b850 (0x7a3f2a23) sw      gp, 1972(t5)
core   0: 3 0x8000b850 (0x7a3f2a23) mem 0x8000c000 0x00000001
core   0: 0x8000b854 (0x0000bfe5) c.j     pc - 8
core   0: 3 0x8000b854 (0xbfe5)
core   0: 0x8000b84c (0x00000f17) auipc   t5, 0x0
core   0: 3 0x8000b84c (0x00000f17) x30 0x8000b84c
core   0: 0x8000b850 (0x7a3f2a23) sw      gp, 1972(t5)
core   0: 3 0x8000b850 (0x7a3f2a23) mem 0x8000c000 0x00000001
core   0: 0x8000b854 (0x0000bfe5) c.j     pc - 8
core   0: 3 0x8000b854 (0xbfe5)
core   0: 0x8000b84c (0x00000f17) auipc   t5, 0x0
core   0: 3 0x8000b84c (0x00000f17) x30 0x8000b84c
core   0: 0x8000b850 (0x7a3f2a23) sw      gp, 1972(t5)
core   0: 3 0x8000b850 (0x7a3f2a23) mem 0x8000c000 0x00000001
core   0: 0x8000b854 (0x0000bfe5) c.j     pc - 8
core   0: 3 0x8000b854 (0xbfe5)
core   0: 0x8000b84c (0x00000f17) auipc   t5, 0x0
core   0: 3 0x8000b84c (0x00000f17) x30 0x8000b84c
core   0: 0x8000b850 (0x7a3f2a23) sw      gp, 1972(t5)
core   0: 3 0x8000b850 (0x7a3f2a23) mem 0x8000c000 0x00000001
core   0: 0x8000b854 (0x0000bfe5) c.j     pc - 8
core   0: 3 0x8000b854 (0xbfe5)
core   0: 0x8000b84c (0x00000f17) auipc   t5, 0x0
core   0: 3 0x8000b84c (0x00000f17) x30 0x8000b84c
core   0: 0x8000b850 (0x7a3f2a23) sw      gp, 1972(t5)
core   0: 3 0x8000b850 (0x7a3f2a23) mem 0x8000c000 0x00000001
core   0: 0x8000b854 (0x0000bfe5) c.j     pc - 8
core   0: 3 0x8000b854 (0xbfe5)
core   0: 0x8000b84c (0x00000f17) auipc   t5, 0x0
core   0: 3 0x8000b84c (0x00000f17) x30 0x8000b84c
core   0: 0x8000b850 (0x7a3f2a23) sw      gp, 1972(t5)
core   0: 3 0x8000b850 (0x7a3f2a23) mem 0x8000c000 0x00000001
core   0: 0x8000b854 (0x0000bfe5) c.j     pc - 8
core   0: 3 0x8000b854 (0xbfe5)
core   0: 0x8000b84c (0x00000f17) auipc   t5, 0x0
core   0: 3 0x8000b84c (0x00000f17) x30 0x8000b84c
core   0: 0x8000b850 (0x7a3f2a23) sw      gp, 1972(t5)
core   0: 3 0x8000b850 (0x7a3f2a23) mem 0x8000c000 0x00000001
core   0: 0x8000b854 (0x0000bfe5) c.j     pc - 8
core   0: 3 0x8000b854 (0xbfe5)
core   0: 0x8000b84c (0x00000f17) auipc   t5, 0x0
core   0: 3 0x8000b84c (0x00000f17) x30 0x8000b84c
core   0: 0x8000b850 (0x7a3f2a23) sw      gp, 1972(t5)
core   0: 3 0x8000b850 (0x7a3f2a23) mem 0x8000c000 0x00000001
core   0: 0x8000b854 (0x0000bfe5) c.j     pc - 8
core   0: 3 0x8000b854 (0xbfe5)
core   0: 0x8000b84c (0x00000f17) auipc   t5, 0x0
core   0: 3 0x8000b84c (0x00000f17) x30 0x8000b84c
core   0: 0x8000b850 (0x7a3f2a23) sw      gp, 1972(t5)
core   0: 3 0x8000b850 (0x7a3f2a23) mem 0x8000c000 0x00000001
core   0: 0x8000b854 (0x0000bfe5) c.j     pc - 8
core   0: 3 0x8000b854 (0xbfe5)
core   0: 0x8000b84c (0x00000f17) auipc   t5, 0x0
core   0: 3 0x8000b84c (0x00000f17) x30 0x8000b84c
core   0: 0x8000b850 (0x7a3f2a23) sw      gp, 1972(t5)
core   0: 3 0x8000b850 (0x7a3f2a23) mem 0x8000c000 0x00000001
core   0: 0x8000b854 (0x0000bfe5) c.j     pc - 8
core   0: 3 0x8000b854 (0xbfe5)
core   0: 0x8000b84c (0x00000f17) auipc   t5, 0x0
core   0: 3 0x8000b84c (0x00000f17) x30 0x8000b84c
core   0: 0x8000b850 (0x7a3f2a23) sw      gp, 1972(t5)
core   0: 3 0x8000b850 (0x7a3f2a23) mem 0x8000c000 0x00000001
core   0: 0x8000b854 (0x0000bfe5) c.j     pc - 8
core   0: 3 0x8000b854 (0xbfe5)
core   0: 0x8000b84c (0x00000f17) auipc   t5, 0x0
core   0: 3 0x8000b84c (0x00000f17) x30 0x8000b84c
core   0: 0x8000b850 (0x7a3f2a23) sw      gp, 1972(t5)
core   0: 3 0x8000b850 (0x7a3f2a23) mem 0x8000c000 0x00000001
core   0: 0x8000b854 (0x0000bfe5) c.j     pc - 8
core   0: 3 0x8000b854 (0xbfe5)
core   0: 0x8000b84c (0x00000f17) auipc   t5, 0x0
core   0: 3 0x8000b84c (0x00000f17) x30 0x8000b84c
core   0: 0x8000b850 (0x7a3f2a23) sw      gp, 1972(t5)
core   0: 3 0x8000b850 (0x7a3f2a23) mem 0x8000c000 0x00000001
core   0: 0x8000b854 (0x0000bfe5) c.j     pc - 8
core   0: 3 0x8000b854 (0xbfe5)
core   0: 0x8000b84c (0x00000f17) auipc   t5, 0x0
core   0: 3 0x8000b84c (0x00000f17) x30 0x8000b84c
core   0: 0x8000b850 (0x7a3f2a23) sw      gp, 1972(t5)
core   0: 3 0x8000b850 (0x7a3f2a23) mem 0x8000c000 0x00000001
core   0: 0x8000b854 (0x0000bfe5) c.j     pc - 8
core   0: 3 0x8000b854 (0xbfe5)
core   0: 0x8000b84c (0x00000f17) auipc   t5, 0x0
core   0: 3 0x8000b84c (0x00000f17) x30 0x8000b84c
core   0: 0x8000b850 (0x7a3f2a23) sw      gp, 1972(t5)
core   0: 3 0x8000b850 (0x7a3f2a23) mem 0x8000c000 0x00000001
core   0: 0x8000b854 (0x0000bfe5) c.j     pc - 8
core   0: 3 0x8000b854 (0xbfe5)
core   0: 0x8000b84c (0x00000f17) auipc   t5, 0x0
core   0: 3 0x8000b84c (0x00000f17) x30 0x8000b84c
core   0: 0x8000b850 (0x7a3f2a23) sw      gp, 1972(t5)
core   0: 3 0x8000b850 (0x7a3f2a23) mem 0x8000c000 0x00000001
core   0: 0x8000b854 (0x0000bfe5) c.j     pc - 8
core   0: 3 0x8000b854 (0xbfe5)
core   0: 0x8000b84c (0x00000f17) auipc   t5, 0x0
core   0: 3 0x8000b84c (0x00000f17) x30 0x8000b84c
core   0: 0x8000b850 (0x7a3f2a23) sw      gp, 1972(t5)
core   0: 3 0x8000b850 (0x7a3f2a23) mem 0x8000c000 0x00000001
core   0: 0x8000b854 (0x0000bfe5) c.j     pc - 8
core   0: 3 0x8000b854 (0xbfe5)
core   0: 0x8000b84c (0x00000f17) auipc   t5, 0x0
core   0: 3 0x8000b84c (0x00000f17) x30 0x8000b84c
core   0: 0x8000b850 (0x7a3f2a23) sw      gp, 1972(t5)
core   0: 3 0x8000b850 (0x7a3f2a23) mem 0x8000c000 0x00000001
core   0: 0x8000b854 (0x0000bfe5) c.j     pc - 8
core   0: 3 0x8000b854 (0xbfe5)
core   0: 0x8000b84c (0x00000f17) auipc   t5, 0x0
core   0: 3 0x8000b84c (0x00000f17) x30 0x8000b84c
core   0: 0x8000b850 (0x7a3f2a23) sw      gp, 1972(t5)
core   0: 3 0x8000b850 (0x7a3f2a23) mem 0x8000c000 0x00000001
core   0: 0x8000b854 (0x0000bfe5) c.j     pc - 8
core   0: 3 0x8000b854 (0xbfe5)
core   0: 0x8000b84c (0x00000f17) auipc   t5, 0x0
core   0: 3 0x8000b84c (0x00000f17) x30 0x8000b84c
core   0: 0x8000b850 (0x7a3f2a23) sw      gp, 1972(t5)
core   0: 3 0x8000b850 (0x7a3f2a23) mem 0x8000c000 0x00000001
core   0: 0x8000b854 (0x0000bfe5) c.j     pc - 8
core   0: 3 0x8000b854 (0xbfe5)
core   0: 0x8000b84c (0x00000f17) auipc   t5, 0x0
core   0: 3 0x8000b84c (0x00000f17) x30 0x8000b84c
core   0: 0x8000b850 (0x7a3f2a23) sw      gp, 1972(t5)
core   0: 3 0x8000b850 (0x7a3f2a23) mem 0x8000c000 0x00000001
core   0: 0x8000b854 (0x0000bfe5) c.j     pc - 8
core   0: 3 0x8000b854 (0xbfe5)
core   0: 0x8000b84c (0x00000f17) auipc   t5, 0x0
core   0: 3 0x8000b84c (0x00000f17) x30 0x8000b84c
core   0: 0x8000b850 (0x7a3f2a23) sw      gp, 1972(t5)
core   0: 3 0x8000b850 (0x7a3f2a23) mem 0x8000c000 0x00000001
core   0: 0x8000b854 (0x0000bfe5) c.j     pc - 8
core   0: 3 0x8000b854 (0xbfe5)
core   0: 0x8000b84c (0x00000f17) auipc   t5, 0x0
core   0: 3 0x8000b84c (0x00000f17) x30 0x8000b84c
core   0: 0x8000b850 (0x7a3f2a23) sw      gp, 1972(t5)
core   0: 3 0x8000b850 (0x7a3f2a23) mem 0x8000c000 0x00000001
core   0: 0x8000b854 (0x0000bfe5) c.j     pc - 8
core   0: 3 0x8000b854 (0xbfe5)
core   0: 0x8000b84c (0x00000f17) auipc   t5, 0x0
core   0: 3 0x8000b84c (0x00000f17) x30 0x8000b84c
core   0: 0x8000b850 (0x7a3f2a23) sw      gp, 1972(t5)
core   0: 3 0x8000b850 (0x7a3f2a23) mem 0x8000c000 0x00000001
core   0: 0x8000b854 (0x0000bfe5) c.j     pc - 8
core   0: 3 0x8000b854 (0xbfe5)
core   0: 0x8000b84c (0x00000f17) auipc   t5, 0x0
core   0: 3 0x8000b84c (0x00000f17) x30 0x8000b84c
core   0: 0x8000b850 (0x7a3f2a23) sw      gp, 1972(t5)
core   0: 3 0x8000b850 (0x7a3f2a23) mem 0x8000c000 0x00000001
core   0: 0x8000b854 (0x0000bfe5) c.j     pc - 8
core   0: 3 0x8000b854 (0xbfe5)
core   0: 0x8000b84c (0x00000f17) auipc   t5, 0x0
core   0: 3 0x8000b84c (0x00000f17) x30 0x8000b84c
core   0: 0x8000b850 (0x7a3f2a23) sw      gp, 1972(t5)
core   0: 3 0x8000b850 (0x7a3f2a23) mem 0x8000c000 0x00000001
core   0: 0x8000b854 (0x0000bfe5) c.j     pc - 8
core   0: 3 0x8000b854 (0xbfe5)
core   0: 0x8000b84c (0x00000f17) auipc   t5, 0x0
core   0: 3 0x8000b84c (0x00000f17) x30 0x8000b84c
core   0: 0x8000b850 (0x7a3f2a23) sw      gp, 1972(t5)
core   0: 3 0x8000b850 (0x7a3f2a23) mem 0x8000c000 0x00000001
core   0: 0x8000b854 (0x0000bfe5) c.j     pc - 8
core   0: 3 0x8000b854 (0xbfe5)
core   0: 0x8000b84c (0x00000f17) auipc   t5, 0x0
core   0: 3 0x8000b84c (0x00000f17) x30 0x8000b84c
core   0: 0x8000b850 (0x7a3f2a23) sw      gp, 1972(t5)
core   0: 3 0x8000b850 (0x7a3f2a23) mem 0x8000c000 0x00000001
core   0: 0x8000b854 (0x0000bfe5) c.j     pc - 8
core   0: 3 0x8000b854 (0xbfe5)
core   0: 0x8000b84c (0x00000f17) auipc   t5, 0x0
core   0: 3 0x8000b84c (0x00000f17) x30 0x8000b84c
core   0: 0x8000b850 (0x7a3f2a23) sw      gp, 1972(t5)
core   0: 3 0x8000b850 (0x7a3f2a23) mem 0x8000c000 0x00000001
core   0: 0x8000b854 (0x0000bfe5) c.j     pc - 8
core   0: 3 0x8000b854 (0xbfe5)
core   0: 0x8000b84c (0x00000f17) auipc   t5, 0x0
core   0: 3 0x8000b84c (0x00000f17) x30 0x8000b84c
core   0: 0x8000b850 (0x7a3f2a23) sw      gp, 1972(t5)
core   0: 3 0x8000b850 (0x7a3f2a23) mem 0x8000c000 0x00000001
core   0: 0x8000b854 (0x0000bfe5) c.j     pc - 8
core   0: 3 0x8000b854 (0xbfe5)
core   0: 0x8000b84c (0x00000f17) auipc   t5, 0x0
core   0: 3 0x8000b84c (0x00000f17) x30 0x8000b84c
core   0: 0x8000b850 (0x7a3f2a23) sw      gp, 1972(t5)
core   0: 3 0x8000b850 (0x7a3f2a23) mem 0x8000c000 0x00000001
core   0: 0x8000b854 (0x0000bfe5) c.j     pc - 8
core   0: 3 0x8000b854 (0xbfe5)
core   0: 0x8000b84c (0x00000f17) auipc   t5, 0x0
core   0: 3 0x8000b84c (0x00000f17) x30 0x8000b84c
core   0: 0x8000b850 (0x7a3f2a23) sw      gp, 1972(t5)
core   0: 3 0x8000b850 (0x7a3f2a23) mem 0x8000c000 0x00000001
core   0: 0x8000b854 (0x0000bfe5) c.j     pc - 8
core   0: 3 0x8000b854 (0xbfe5)
core   0: 0x8000b84c (0x00000f17) auipc   t5, 0x0
core   0: 3 0x8000b84c (0x00000f17) x30 0x8000b84c
core   0: 0x8000b850 (0x7a3f2a23) sw      gp, 1972(t5)
core   0: 3 0x8000b850 (0x7a3f2a23) mem 0x8000c000 0x00000001
core   0: 0x8000b854 (0x0000bfe5) c.j     pc - 8
core   0: 3 0x8000b854 (0xbfe5)
core   0: 0x8000b84c (0x00000f17) auipc   t5, 0x0
core   0: 3 0x8000b84c (0x00000f17) x30 0x8000b84c
core   0: 0x8000b850 (0x7a3f2a23) sw      gp, 1972(t5)
core   0: 3 0x8000b850 (0x7a3f2a23) mem 0x8000c000 0x00000001
core   0: 0x8000b854 (0x0000bfe5) c.j     pc - 8
core   0: 3 0x8000b854 (0xbfe5)
core   0: 0x8000b84c (0x00000f17) auipc   t5, 0x0
core   0: 3 0x8000b84c (0x00000f17) x30 0x8000b84c
core   0: 0x8000b850 (0x7a3f2a23) sw      gp, 1972(t5)
core   0: 3 0x8000b850 (0x7a3f2a23) mem 0x8000c000 0x00000001
core   0: 0x8000b854 (0x0000bfe5) c.j     pc - 8
core   0: 3 0x8000b854 (0xbfe5)
core   0: 0x8000b84c (0x00000f17) auipc   t5, 0x0
core   0: 3 0x8000b84c (0x00000f17) x30 0x8000b84c
core   0: 0x8000b850 (0x7a3f2a23) sw      gp, 1972(t5)
core   0: 3 0x8000b850 (0x7a3f2a23) mem 0x8000c000 0x00000001
core   0: 0x8000b854 (0x0000bfe5) c.j     pc - 8
core   0: 3 0x8000b854 (0xbfe5)
core   0: 0x8000b84c (0x00000f17) auipc   t5, 0x0
core   0: 3 0x8000b84c (0x00000f17) x30 0x8000b84c
core   0: 0x8000b850 (0x7a3f2a23) sw      gp, 1972(t5)
core   0: 3 0x8000b850 (0x7a3f2a23) mem 0x8000c000 0x00000001
core   0: 0x8000b854 (0x0000bfe5) c.j     pc - 8
core   0: 3 0x8000b854 (0xbfe5)
core   0: 0x8000b84c (0x00000f17) auipc   t5, 0x0
core   0: 3 0x8000b84c (0x00000f17) x30 0x8000b84c
core   0: 0x8000b850 (0x7a3f2a23) sw      gp, 1972(t5)
core   0: 3 0x8000b850 (0x7a3f2a23) mem 0x8000c000 0x00000001
core   0: 0x8000b854 (0x0000bfe5) c.j     pc - 8
core   0: 3 0x8000b854 (0xbfe5)
core   0: 0x8000b84c (0x00000f17) auipc   t5, 0x0
core   0: 3 0x8000b84c (0x00000f17) x30 0x8000b84c
core   0: 0x8000b850 (0x7a3f2a23) sw      gp, 1972(t5)
core   0: 3 0x8000b850 (0x7a3f2a23) mem 0x8000c000 0x00000001
core   0: 0x8000b854 (0x0000bfe5) c.j     pc - 8
core   0: 3 0x8000b854 (0xbfe5)
core   0: 0x8000b84c (0x00000f17) auipc   t5, 0x0
core   0: 3 0x8000b84c (0x00000f17) x30 0x8000b84c
core   0: 0x8000b850 (0x7a3f2a23) sw      gp, 1972(t5)
core   0: 3 0x8000b850 (0x7a3f2a23) mem 0x8000c000 0x00000001
core   0: 0x8000b854 (0x0000bfe5) c.j     pc - 8
core   0: 3 0x8000b854 (0xbfe5)
core   0: 0x8000b84c (0x00000f17) auipc   t5, 0x0
core   0: 3 0x8000b84c (0x00000f17) x30 0x8000b84c
core   0: 0x8000b850 (0x7a3f2a23) sw      gp, 1972(t5)
core   0: 3 0x8000b850 (0x7a3f2a23) mem 0x8000c000 0x00000001
core   0: 0x8000b854 (0x0000bfe5) c.j     pc - 8
core   0: 3 0x8000b854 (0xbfe5)
core   0: 0x8000b84c (0x00000f17) auipc   t5, 0x0
core   0: 3 0x8000b84c (0x00000f17) x30 0x8000b84c
core   0: 0x8000b850 (0x7a3f2a23) sw      gp, 1972(t5)
core   0: 3 0x8000b850 (0x7a3f2a23) mem 0x8000c000 0x00000001
core   0: 0x8000b854 (0x0000bfe5) c.j     pc - 8
core   0: 3 0x8000b854 (0xbfe5)
core   0: 0x8000b84c (0x00000f17) auipc   t5, 0x0
core   0: 3 0x8000b84c (0x00000f17) x30 0x8000b84c
core   0: 0x8000b850 (0x7a3f2a23) sw      gp, 1972(t5)
core   0: 3 0x8000b850 (0x7a3f2a23) mem 0x8000c000 0x00000001
core   0: 0x8000b854 (0x0000bfe5) c.j     pc - 8
core   0: 3 0x8000b854 (0xbfe5)
core   0: 0x8000b84c (0x00000f17) auipc   t5, 0x0
core   0: 3 0x8000b84c (0x00000f17) x30 0x8000b84c
core   0: 0x8000b850 (0x7a3f2a23) sw      gp, 1972(t5)
core   0: 3 0x8000b850 (0x7a3f2a23) mem 0x8000c000 0x00000001
core   0: 0x8000b854 (0x0000bfe5) c.j     pc - 8
core   0: 3 0x8000b854 (0xbfe5)
core   0: 0x8000b84c (0x00000f17) auipc   t5, 0x0
core   0: 3 0x8000b84c (0x00000f17) x30 0x8000b84c
core   0: 0x8000b850 (0x7a3f2a23) sw      gp, 1972(t5)
core   0: 3 0x8000b850 (0x7a3f2a23) mem 0x8000c000 0x00000001
core   0: 0x8000b854 (0x0000bfe5) c.j     pc - 8
core   0: 3 0x8000b854 (0xbfe5)
core   0: 0x8000b84c (0x00000f17) auipc   t5, 0x0
core   0: 3 0x8000b84c (0x00000f17) x30 0x8000b84c
core   0: 0x8000b850 (0x7a3f2a23) sw      gp, 1972(t5)
core   0: 3 0x8000b850 (0x7a3f2a23) mem 0x8000c000 0x00000001
core   0: 0x8000b854 (0x0000bfe5) c.j     pc - 8
core   0: 3 0x8000b854 (0xbfe5)
core   0: 0x8000b84c (0x00000f17) auipc   t5, 0x0
core   0: 3 0x8000b84c (0x00000f17) x30 0x8000b84c
core   0: 0x8000b850 (0x7a3f2a23) sw      gp, 1972(t5)
core   0: 3 0x8000b850 (0x7a3f2a23) mem 0x8000c000 0x00000001
core   0: 0x8000b854 (0x0000bfe5) c.j     pc - 8
core   0: 3 0x8000b854 (0xbfe5)
core   0: 0x8000b84c (0x00000f17) auipc   t5, 0x0
core   0: 3 0x8000b84c (0x00000f17) x30 0x8000b84c
core   0: 0x8000b850 (0x7a3f2a23) sw      gp, 1972(t5)
core   0: 3 0x8000b850 (0x7a3f2a23) mem 0x8000c000 0x00000001
core   0: 0x8000b854 (0x0000bfe5) c.j     pc - 8
core   0: 3 0x8000b854 (0xbfe5)
core   0: 0x8000b84c (0x00000f17) auipc   t5, 0x0
core   0: 3 0x8000b84c (0x00000f17) x30 0x8000b84c
core   0: 0x8000b850 (0x7a3f2a23) sw      gp, 1972(t5)
core   0: 3 0x8000b850 (0x7a3f2a23) mem 0x8000c000 0x00000001
core   0: 0x8000b854 (0x0000bfe5) c.j     pc - 8
core   0: 3 0x8000b854 (0xbfe5)
core   0: 0x8000b84c (0x00000f17) auipc   t5, 0x0
core   0: 3 0x8000b84c (0x00000f17) x30 0x8000b84c
core   0: 0x8000b850 (0x7a3f2a23) sw      gp, 1972(t5)
core   0: 3 0x8000b850 (0x7a3f2a23) mem 0x8000c000 0x00000001
core   0: 0x8000b854 (0x0000bfe5) c.j     pc - 8
core   0: 3 0x8000b854 (0xbfe5)
core   0: 0x8000b84c (0x00000f17) auipc   t5, 0x0
core   0: 3 0x8000b84c (0x00000f17) x30 0x8000b84c
core   0: 0x8000b850 (0x7a3f2a23) sw      gp, 1972(t5)
core   0: 3 0x8000b850 (0x7a3f2a23) mem 0x8000c000 0x00000001
core   0: 0x8000b854 (0x0000bfe5) c.j     pc - 8
core   0: 3 0x8000b854 (0xbfe5)
core   0: 0x8000b84c (0x00000f17) auipc   t5, 0x0
core   0: 3 0x8000b84c (0x00000f17) x30 0x8000b84c
core   0: 0x8000b850 (0x7a3f2a23) sw      gp, 1972(t5)
core   0: 3 0x8000b850 (0x7a3f2a23) mem 0x8000c000 0x00000001
core   0: 0x8000b854 (0x0000bfe5) c.j     pc - 8
core   0: 3 0x8000b854 (0xbfe5)
core   0: 0x8000b84c (0x00000f17) auipc   t5, 0x0
core   0: 3 0x8000b84c (0x00000f17) x30 0x8000b84c
core   0: 0x8000b850 (0x7a3f2a23) sw      gp, 1972(t5)
core   0: 3 0x8000b850 (0x7a3f2a23) mem 0x8000c000 0x00000001
core   0: 0x8000b854 (0x0000bfe5) c.j     pc - 8
core   0: 3 0x8000b854 (0xbfe5)
core   0: 0x8000b84c (0x00000f17) auipc   t5, 0x0
core   0: 3 0x8000b84c (0x00000f17) x30 0x8000b84c
core   0: 0x8000b850 (0x7a3f2a23) sw      gp, 1972(t5)
core   0: 3 0x8000b850 (0x7a3f2a23) mem 0x8000c000 0x00000001
core   0: 0x8000b854 (0x0000bfe5) c.j     pc - 8
core   0: 3 0x8000b854 (0xbfe5)
core   0: 0x8000b84c (0x00000f17) auipc   t5, 0x0
core   0: 3 0x8000b84c (0x00000f17) x30 0x8000b84c
core   0: 0x8000b850 (0x7a3f2a23) sw      gp, 1972(t5)
core   0: 3 0x8000b850 (0x7a3f2a23) mem 0x8000c000 0x00000001
core   0: 0x8000b854 (0x0000bfe5) c.j     pc - 8
core   0: 3 0x8000b854 (0xbfe5)
core   0: 0x8000b84c (0x00000f17) auipc   t5, 0x0
core   0: 3 0x8000b84c (0x00000f17) x30 0x8000b84c
core   0: 0x8000b850 (0x7a3f2a23) sw      gp, 1972(t5)
core   0: 3 0x8000b850 (0x7a3f2a23) mem 0x8000c000 0x00000001
core   0: 0x8000b854 (0x0000bfe5) c.j     pc - 8
core   0: 3 0x8000b854 (0xbfe5)
core   0: 0x8000b84c (0x00000f17) auipc   t5, 0x0
core   0: 3 0x8000b84c (0x00000f17) x30 0x8000b84c
core   0: 0x8000b850 (0x7a3f2a23) sw      gp, 1972(t5)
core   0: 3 0x8000b850 (0x7a3f2a23) mem 0x8000c000 0x00000001
core   0: 0x8000b854 (0x0000bfe5) c.j     pc - 8
core   0: 3 0x8000b854 (0xbfe5)
core   0: 0x8000b84c (0x00000f17) auipc   t5, 0x0
core   0: 3 0x8000b84c (0x00000f17) x30 0x8000b84c
core   0: 0x8000b850 (0x7a3f2a23) sw      gp, 1972(t5)
core   0: 3 0x8000b850 (0x7a3f2a23) mem 0x8000c000 0x00000001
core   0: 0x8000b854 (0x0000bfe5) c.j     pc - 8
core   0: 3 0x8000b854 (0xbfe5)
core   0: 0x8000b84c (0x00000f17) auipc   t5, 0x0
core   0: 3 0x8000b84c (0x00000f17) x30 0x8000b84c
core   0: 0x8000b850 (0x7a3f2a23) sw      gp, 1972(t5)
core   0: 3 0x8000b850 (0x7a3f2a23) mem 0x8000c000 0x00000001
core   0: 0x8000b854 (0x0000bfe5) c.j     pc - 8
core   0: 3 0x8000b854 (0xbfe5)
core   0: 0x8000b84c (0x00000f17) auipc   t5, 0x0
core   0: 3 0x8000b84c (0x00000f17) x30 0x8000b84c
core   0: 0x8000b850 (0x7a3f2a23) sw      gp, 1972(t5)
core   0: 3 0x8000b850 (0x7a3f2a23) mem 0x8000c000 0x00000001
core   0: 0x8000b854 (0x0000bfe5) c.j     pc - 8
core   0: 3 0x8000b854 (0xbfe5)
core   0: 0x8000b84c (0x00000f17) auipc   t5, 0x0
core   0: 3 0x8000b84c (0x00000f17) x30 0x8000b84c
core   0: 0x8000b850 (0x7a3f2a23) sw      gp, 1972(t5)
core   0: 3 0x8000b850 (0x7a3f2a23) mem 0x8000c000 0x00000001
core   0: 0x8000b854 (0x0000bfe5) c.j     pc - 8
core   0: 3 0x8000b854 (0xbfe5)
core   0: 0x8000b84c (0x00000f17) auipc   t5, 0x0
core   0: 3 0x8000b84c (0x00000f17) x30 0x8000b84c
core   0: 0x8000b850 (0x7a3f2a23) sw      gp, 1972(t5)
core   0: 3 0x8000b850 (0x7a3f2a23) mem 0x8000c000 0x00000001
core   0: 0x8000b854 (0x0000bfe5) c.j     pc - 8
core   0: 3 0x8000b854 (0xbfe5)
core   0: 0x8000b84c (0x00000f17) auipc   t5, 0x0
core   0: 3 0x8000b84c (0x00000f17) x30 0x8000b84c
core   0: 0x8000b850 (0x7a3f2a23) sw      gp, 1972(t5)
core   0: 3 0x8000b850 (0x7a3f2a23) mem 0x8000c000 0x00000001
core   0: 0x8000b854 (0x0000bfe5) c.j     pc - 8
core   0: 3 0x8000b854 (0xbfe5)
core   0: 0x8000b84c (0x00000f17) auipc   t5, 0x0
core   0: 3 0x8000b84c (0x00000f17) x30 0x8000b84c
core   0: 0x8000b850 (0x7a3f2a23) sw      gp, 1972(t5)
core   0: 3 0x8000b850 (0x7a3f2a23) mem 0x8000c000 0x00000001
core   0: 0x8000b854 (0x0000bfe5) c.j     pc - 8
core   0: 3 0x8000b854 (0xbfe5)
core   0: 0x8000b84c (0x00000f17) auipc   t5, 0x0
core   0: 3 0x8000b84c (0x00000f17) x30 0x8000b84c
core   0: 0x8000b850 (0x7a3f2a23) sw      gp, 1972(t5)
core   0: 3 0x8000b850 (0x7a3f2a23) mem 0x8000c000 0x00000001
core   0: 0x8000b854 (0x0000bfe5) c.j     pc - 8
core   0: 3 0x8000b854 (0xbfe5)
core   0: 0x8000b84c (0x00000f17) auipc   t5, 0x0
core   0: 3 0x8000b84c (0x00000f17) x30 0x8000b84c
core   0: 0x8000b850 (0x7a3f2a23) sw      gp, 1972(t5)
core   0: 3 0x8000b850 (0x7a3f2a23) mem 0x8000c000 0x00000001
core   0: 0x8000b854 (0x0000bfe5) c.j     pc - 8
core   0: 3 0x8000b854 (0xbfe5)
core   0: 0x8000b84c (0x00000f17) auipc   t5, 0x0
core   0: 3 0x8000b84c (0x00000f17) x30 0x8000b84c
core   0: 0x8000b850 (0x7a3f2a23) sw      gp, 1972(t5)
core   0: 3 0x8000b850 (0x7a3f2a23) mem 0x8000c000 0x00000001
core   0: 0x8000b854 (0x0000bfe5) c.j     pc - 8
core   0: 3 0x8000b854 (0xbfe5)
core   0: 0x8000b84c (0x00000f17) auipc   t5, 0x0
core   0: 3 0x8000b84c (0x00000f17) x30 0x8000b84c
core   0: 0x8000b850 (0x7a3f2a23) sw      gp, 1972(t5)
core   0: 3 0x8000b850 (0x7a3f2a23) mem 0x8000c000 0x00000001
core   0: 0x8000b854 (0x0000bfe5) c.j     pc - 8
core   0: 3 0x8000b854 (0xbfe5)
core   0: 0x8000b84c (0x00000f17) auipc   t5, 0x0
core   0: 3 0x8000b84c (0x00000f17) x30 0x8000b84c
core   0: 0x8000b850 (0x7a3f2a23) sw      gp, 1972(t5)
core   0: 3 0x8000b850 (0x7a3f2a23) mem 0x8000c000 0x00000001
core   0: 0x8000b854 (0x0000bfe5) c.j     pc - 8
core   0: 3 0x8000b854 (0xbfe5)
core   0: 0x8000b84c (0x00000f17) auipc   t5, 0x0
core   0: 3 0x8000b84c (0x00000f17) x30 0x8000b84c
core   0: 0x8000b850 (0x7a3f2a23) sw      gp, 1972(t5)
core   0: 3 0x8000b850 (0x7a3f2a23) mem 0x8000c000 0x00000001
core   0: 0x8000b854 (0x0000bfe5) c.j     pc - 8
core   0: 3 0x8000b854 (0xbfe5)
core   0: 0x8000b84c (0x00000f17) auipc   t5, 0x0
core   0: 3 0x8000b84c (0x00000f17) x30 0x8000b84c
core   0: 0x8000b850 (0x7a3f2a23) sw      gp, 1972(t5)
core   0: 3 0x8000b850 (0x7a3f2a23) mem 0x8000c000 0x00000001
core   0: 0x8000b854 (0x0000bfe5) c.j     pc - 8
core   0: 3 0x8000b854 (0xbfe5)
core   0: 0x8000b84c (0x00000f17) auipc   t5, 0x0
core   0: 3 0x8000b84c (0x00000f17) x30 0x8000b84c
core   0: 0x8000b850 (0x7a3f2a23) sw      gp, 1972(t5)
core   0: 3 0x8000b850 (0x7a3f2a23) mem 0x8000c000 0x00000001
core   0: 0x8000b854 (0x0000bfe5) c.j     pc - 8
core   0: 3 0x8000b854 (0xbfe5)
core   0: 0x8000b84c (0x00000f17) auipc   t5, 0x0
core   0: 3 0x8000b84c (0x00000f17) x30 0x8000b84c
core   0: 0x8000b850 (0x7a3f2a23) sw      gp, 1972(t5)
core   0: 3 0x8000b850 (0x7a3f2a23) mem 0x8000c000 0x00000001
core   0: 0x8000b854 (0x0000bfe5) c.j     pc - 8
core   0: 3 0x8000b854 (0xbfe5)
core   0: 0x8000b84c (0x00000f17) auipc   t5, 0x0
core   0: 3 0x8000b84c (0x00000f17) x30 0x8000b84c
core   0: 0x8000b850 (0x7a3f2a23) sw      gp, 1972(t5)
core   0: 3 0x8000b850 (0x7a3f2a23) mem 0x8000c000 0x00000001
core   0: 0x8000b854 (0x0000bfe5) c.j     pc - 8
core   0: 3 0x8000b854 (0xbfe5)
core   0: 0x8000b84c (0x00000f17) auipc   t5, 0x0
core   0: 3 0x8000b84c (0x00000f17) x30 0x8000b84c
core   0: 0x8000b850 (0x7a3f2a23) sw      gp, 1972(t5)
core   0: 3 0x8000b850 (0x7a3f2a23) mem 0x8000c000 0x00000001
core   0: 0x8000b854 (0x0000bfe5) c.j     pc - 8
core   0: 3 0x8000b854 (0xbfe5)
core   0: 0x8000b84c (0x00000f17) auipc   t5, 0x0
core   0: 3 0x8000b84c (0x00000f17) x30 0x8000b84c
core   0: 0x8000b850 (0x7a3f2a23) sw      gp, 1972(t5)
core   0: 3 0x8000b850 (0x7a3f2a23) mem 0x8000c000 0x00000001
core   0: 0x8000b854 (0x0000bfe5) c.j     pc - 8
core   0: 3 0x8000b854 (0xbfe5)
core   0: 0x8000b84c (0x00000f17) auipc   t5, 0x0
core   0: 3 0x8000b84c (0x00000f17) x30 0x8000b84c
core   0: 0x8000b850 (0x7a3f2a23) sw      gp, 1972(t5)
core   0: 3 0x8000b850 (0x7a3f2a23) mem 0x8000c000 0x00000001
core   0: 0x8000b854 (0x0000bfe5) c.j     pc - 8
core   0: 3 0x8000b854 (0xbfe5)
core   0: 0x8000b84c (0x00000f17) auipc   t5, 0x0
core   0: 3 0x8000b84c (0x00000f17) x30 0x8000b84c
core   0: 0x8000b850 (0x7a3f2a23) sw      gp, 1972(t5)
core   0: 3 0x8000b850 (0x7a3f2a23) mem 0x8000c000 0x00000001
core   0: 0x8000b854 (0x0000bfe5) c.j     pc - 8
core   0: 3 0x8000b854 (0xbfe5)
core   0: 0x8000b84c (0x00000f17) auipc   t5, 0x0
core   0: 3 0x8000b84c (0x00000f17) x30 0x8000b84c
core   0: 0x8000b850 (0x7a3f2a23) sw      gp, 1972(t5)
core   0: 3 0x8000b850 (0x7a3f2a23) mem 0x8000c000 0x00000001
core   0: 0x8000b854 (0x0000bfe5) c.j     pc - 8
core   0: 3 0x8000b854 (0xbfe5)
core   0: 0x8000b84c (0x00000f17) auipc   t5, 0x0
core   0: 3 0x8000b84c (0x00000f17) x30 0x8000b84c
core   0: 0x8000b850 (0x7a3f2a23) sw      gp, 1972(t5)
core   0: 3 0x8000b850 (0x7a3f2a23) mem 0x8000c000 0x00000001
core   0: 0x8000b854 (0x0000bfe5) c.j     pc - 8
core   0: 3 0x8000b854 (0xbfe5)
core   0: 0x8000b84c (0x00000f17) auipc   t5, 0x0
core   0: 3 0x8000b84c (0x00000f17) x30 0x8000b84c
core   0: 0x8000b850 (0x7a3f2a23) sw      gp, 1972(t5)
core   0: 3 0x8000b850 (0x7a3f2a23) mem 0x8000c000 0x00000001
core   0: 0x8000b854 (0x0000bfe5) c.j     pc - 8
core   0: 3 0x8000b854 (0xbfe5)
core   0: 0x8000b84c (0x00000f17) auipc   t5, 0x0
core   0: 3 0x8000b84c (0x00000f17) x30 0x8000b84c
core   0: 0x8000b850 (0x7a3f2a23) sw      gp, 1972(t5)
core   0: 3 0x8000b850 (0x7a3f2a23) mem 0x8000c000 0x00000001
core   0: 0x8000b854 (0x0000bfe5) c.j     pc - 8
core   0: 3 0x8000b854 (0xbfe5)
core   0: 0x8000b84c (0x00000f17) auipc   t5, 0x0
core   0: 3 0x8000b84c (0x00000f17) x30 0x8000b84c
core   0: 0x8000b850 (0x7a3f2a23) sw      gp, 1972(t5)
core   0: 3 0x8000b850 (0x7a3f2a23) mem 0x8000c000 0x00000001
core   0: 0x8000b854 (0x0000bfe5) c.j     pc - 8
core   0: 3 0x8000b854 (0xbfe5)
core   0: 0x8000b84c (0x00000f17) auipc   t5, 0x0
core   0: 3 0x8000b84c (0x00000f17) x30 0x8000b84c
core   0: 0x8000b850 (0x7a3f2a23) sw      gp, 1972(t5)
core   0: 3 0x8000b850 (0x7a3f2a23) mem 0x8000c000 0x00000001
core   0: 0x8000b854 (0x0000bfe5) c.j     pc - 8
core   0: 3 0x8000b854 (0xbfe5)
core   0: 0x8000b84c (0x00000f17) auipc   t5, 0x0
core   0: 3 0x8000b84c (0x00000f17) x30 0x8000b84c
core   0: 0x8000b850 (0x7a3f2a23) sw      gp, 1972(t5)
core   0: 3 0x8000b850 (0x7a3f2a23) mem 0x8000c000 0x00000001
core   0: 0x8000b854 (0x0000bfe5) c.j     pc - 8
core   0: 3 0x8000b854 (0xbfe5)
core   0: 0x8000b84c (0x00000f17) auipc   t5, 0x0
core   0: 3 0x8000b84c (0x00000f17) x30 0x8000b84c
core   0: 0x8000b850 (0x7a3f2a23) sw      gp, 1972(t5)
core   0: 3 0x8000b850 (0x7a3f2a23) mem 0x8000c000 0x00000001
core   0: 0x8000b854 (0x0000bfe5) c.j     pc - 8
core   0: 3 0x8000b854 (0xbfe5)
core   0: 0x8000b84c (0x00000f17) auipc   t5, 0x0
core   0: 3 0x8000b84c (0x00000f17) x30 0x8000b84c
core   0: 0x8000b850 (0x7a3f2a23) sw      gp, 1972(t5)
core   0: 3 0x8000b850 (0x7a3f2a23) mem 0x8000c000 0x00000001
core   0: 0x8000b854 (0x0000bfe5) c.j     pc - 8
core   0: 3 0x8000b854 (0xbfe5)
core   0: 0x8000b84c (0x00000f17) auipc   t5, 0x0
core   0: 3 0x8000b84c (0x00000f17) x30 0x8000b84c
core   0: 0x8000b850 (0x7a3f2a23) sw      gp, 1972(t5)
core   0: 3 0x8000b850 (0x7a3f2a23) mem 0x8000c000 0x00000001
