core   0: 0x00001000 (0x00000297) auipc   t0, 0x0
core   0: 3 0x00001000 (0x00000297) x 5 0x00001000
core   0: 0x00001004 (0x02028593) addi    a1, t0, 32
core   0: 3 0x00001004 (0x02028593) x11 0x00001020
core   0: 0x00001008 (0xf1402573) csrr    a0, mhartid
core   0: 3 0x00001008 (0xf1402573) x10 0x00000000
core   0: 0x0000100c (0x0182a283) lw      t0, 24(t0)
core   0: 3 0x0000100c (0x0182a283) x 5 0x80000000 mem 0x00001018
core   0: 0x00001010 (0x00028067) jr      t0
core   0: 3 0x00001010 (0x00028067)
core   0: 0x80000000 (0xf14022f3) csrr    t0, mhartid
core   0: 3 0x80000000 (0xf14022f3) x 5 0x00000000
core   0: 0x80000004 (0x00004301) c.li    t1, 0
core   0: 3 0x80000004 (0x4301) x 6 0x00000000
core   0: 0x80000006 (0x00628263) beq     t0, t1, pc + 4
core   0: 3 0x80000006 (0x00628263)
core   0: 0x8000000a (0x00000b17) auipc   s6, 0x0
core   0: 3 0x8000000a (0x00000b17) x22 0x8000000a
core   0: 0x8000000e (0x00cb0b13) addi    s6, s6, 12
core   0: 3 0x8000000e (0x00cb0b13) x22 0x80000016
core   0: 0x80000012 (0x000b0067) jr      s6
core   0: 3 0x80000012 (0x000b0067)
core   0: 0x80000016 (0x400018b7) lui     a7, 0x40001
core   0: 3 0x80000016 (0x400018b7) x17 0x40001000
core   0: 0x8000001a (0x10488893) addi    a7, a7, 260
core   0: 3 0x8000001a (0x10488893) x17 0x40001104
core   0: 0x8000001e (0x30189073) csrw    misa, a7
core   0: 3 0x8000001e (0x30189073) c769_misa 0x40141104
core   0: 0x80000022 (0x00014b97) auipc   s7, 0x14
core   0: 3 0x80000022 (0x00014b97) x23 0x80014022
core   0: 0x80000026 (0xcc2b8b93) addi    s7, s7, -830
core   0: 3 0x80000026 (0xcc2b8b93) x23 0x80013ce4
core   0: 0x8000002a (0x0000a897) auipc   a7, 0xa
core   0: 3 0x8000002a (0x0000a897) x17 0x8000a02a
core   0: 0x8000002e (0xe5688893) addi    a7, a7, -426
core   0: 3 0x8000002e (0xe5688893) x17 0x80009e80
core   0: 0x80000032 (0x0018e893) ori     a7, a7, 1
core   0: 3 0x80000032 (0x0018e893) x17 0x80009e81
core   0: 0x80000036 (0x30589073) csrw    mtvec, a7
core   0: 3 0x80000036 (0x30589073) c773_mtvec 0x80009e81
core   0: 0x8000003a (0x00000897) auipc   a7, 0x0
core   0: 3 0x8000003a (0x00000897) x17 0x8000003a
core   0: 0x8000003e (0x02488893) addi    a7, a7, 36
core   0: 3 0x8000003e (0x02488893) x17 0x8000005e
core   0: 0x80000042 (0x34189073) csrw    mepc, a7
core   0: 3 0x80000042 (0x34189073) c833_mepc 0x8000005e
core   0: 0x80000046 (0x00000001) c.nop
core   0: 3 0x80000046 (0x0001)
core   0: 0x80000048 (0x000028b7) lui     a7, 0x2
core   0: 3 0x80000048 (0x000028b7) x17 0x00002000
core   0: 0x8000004c (0x80088893) addi    a7, a7, -2048
core   0: 3 0x8000004c (0x80088893) x17 0x00001800
core   0: 0x80000050 (0x30089073) csrw    mstatus, a7
core   0: 3 0x80000050 (0x30089073) c768_mstatus 0x00001800
core   0: 0x80000054 (0x00004881) c.li    a7, 0
core   0: 3 0x80000054 (0x4881) x17 0x00000000
core   0: 0x80000056 (0x30489073) csrw    mie, a7
core   0: 3 0x80000056 (0x30489073) c772_mie 0x00000000
core   0: 0x8000005a (0x30200073) mret
core   0: 3 0x8000005a (0x30200073) c768_mstatus 0x00000080
core   0: >>>>  init
core   0: 0x8000005e (0x00000013) nop
core   0: 3 0x8000005e (0x00000013)
core   0: 0x80000062 (0x800000b7) lui     ra, 0x80000
core   0: 3 0x80000062 (0x800000b7) x 1 0x80000000
core   0: 0x80000066 (0x00004101) c.li    sp, 0
core   0: 3 0x80000066 (0x4101) x 2 0x00000000
core   0: 0x80000068 (0x3b0c01b7) lui     gp, 0x3b0c0
core   0: 3 0x80000068 (0x3b0c01b7) x 3 0x3b0c0000
core   0: 0x8000006c (0xd8618193) addi    gp, gp, -634
core   0: 3 0x8000006c (0xd8618193) x 3 0x3b0bfd86
core   0: 0x80000070 (0x00004201) c.li    tp, 0
core   0: 3 0x80000070 (0x4201) x 4 0x00000000
core   0: 0x80000072 (0xdff9f2b7) lui     t0, 0xdff9f
core   0: 3 0x80000072 (0xdff9f2b7) x 5 0xdff9f000
core   0: 0x80000076 (0xecf28293) addi    t0, t0, -305
core   0: 3 0x80000076 (0xecf28293) x 5 0xdff9eecf
core   0: 0x8000007a (0x00004301) c.li    t1, 0
core   0: 3 0x8000007a (0x4301) x 6 0x00000000
core   0: 0x8000007c (0x2ceb83b7) lui     t2, 0x2ceb8
core   0: 3 0x8000007c (0x2ceb83b7) x 7 0x2ceb8000
core   0: 0x80000080 (0x16938393) addi    t2, t2, 361
core   0: 3 0x80000080 (0x16938393) x 7 0x2ceb8169
core   0: 0x80000084 (0x00004405) c.li    s0, 1
core   0: 3 0x80000084 (0x4405) x 8 0x00000001
core   0: 0x80000086 (0x00004481) c.li    s1, 0
core   0: 3 0x80000086 (0x4481) x 9 0x00000000
core   0: 0x80000088 (0x80000537) lui     a0, 0x80000
core   0: 3 0x80000088 (0x80000537) x10 0x80000000
core   0: 0x8000008c (0xf8e3f5b7) lui     a1, 0xf8e3f
core   0: 3 0x8000008c (0xf8e3f5b7) x11 0xf8e3f000
core   0: 0x80000090 (0x3d158593) addi    a1, a1, 977
core   0: 3 0x80000090 (0x3d158593) x11 0xf8e3f3d1
core   0: 0x80000094 (0x00004601) c.li    a2, 0
core   0: 3 0x80000094 (0x4601) x12 0x00000000
core   0: 0x80000096 (0x00004681) c.li    a3, 0
core   0: 3 0x80000096 (0x4681) x13 0x00000000
core   0: 0x80000098 (0x00004701) c.li    a4, 0
core   0: 3 0x80000098 (0x4701) x14 0x00000000
core   0: 0x8000009a (0x800007b7) lui     a5, 0x80000
core   0: 3 0x8000009a (0x800007b7) x15 0x80000000
core   0: 0x8000009e (0x000048a5) c.li    a7, 9
core   0: 3 0x8000009e (0x48a5) x17 0x00000009
core   0: 0x800000a0 (0x4d362937) lui     s2, 0x4d362
core   0: 3 0x800000a0 (0x4d362937) x18 0x4d362000
core   0: 0x800000a4 (0xdaa90913) addi    s2, s2, -598
core   0: 3 0x800000a4 (0xdaa90913) x18 0x4d361daa
core   0: 0x800000a8 (0xf179e9b7) lui     s3, 0xf179e
core   0: 3 0x800000a8 (0xf179e9b7) x19 0xf179e000
core   0: 0x800000ac (0x8a298993) addi    s3, s3, -1886
core   0: 3 0x800000ac (0x8a298993) x19 0xf179d8a2
core   0: 0x800000b0 (0x07fefa37) lui     s4, 0x7fef
core   0: 3 0x800000b0 (0x07fefa37) x20 0x07fef000
core   0: 0x800000b4 (0x50fa0a13) addi    s4, s4, 1295
core   0: 3 0x800000b4 (0x50fa0a13) x20 0x07fef50f
core   0: 0x800000b8 (0x00004a81) c.li    s5, 0
core   0: 3 0x800000b8 (0x4a81) x21 0x00000000
core   0: 0x800000ba (0x00004b39) c.li    s6, 14
core   0: 3 0x800000ba (0x4b39) x22 0x0000000e
core   0: 0x800000bc (0x40676c37) lui     s8, 0x40676
core   0: 3 0x800000bc (0x40676c37) x24 0x40676000
core   0: 0x800000c0 (0x990c0c13) addi    s8, s8, -1648
core   0: 3 0x800000c0 (0x990c0c13) x24 0x40675990
core   0: 0x800000c4 (0xf3e9ecb7) lui     s9, 0xf3e9e
core   0: 3 0x800000c4 (0xf3e9ecb7) x25 0xf3e9e000
core   0: 0x800000c8 (0x9a7c8c93) addi    s9, s9, -1625
core   0: 3 0x800000c8 (0x9a7c8c93) x25 0xf3e9d9a7
core   0: 0x800000cc (0x00004d35) c.li    s10, 13
core   0: 3 0x800000cc (0x4d35) x26 0x0000000d
core   0: 0x800000ce (0xa3290db7) lui     s11, 0xa3290
core   0: 3 0x800000ce (0xa3290db7) x27 0xa3290000
core   0: 0x800000d2 (0x056d8d93) addi    s11, s11, 86
core   0: 3 0x800000d2 (0x056d8d93) x27 0xa3290056
core   0: 0x800000d6 (0xf33c3e37) lui     t3, 0xf33c3
core   0: 3 0x800000d6 (0xf33c3e37) x28 0xf33c3000
core   0: 0x800000da (0x6e6e0e13) addi    t3, t3, 1766
core   0: 3 0x800000da (0x6e6e0e13) x28 0xf33c36e6
core   0: 0x800000de (0xa00cceb7) lui     t4, 0xa00cc
core   0: 3 0x800000de (0xa00cceb7) x29 0xa00cc000
core   0: 0x800000e2 (0x650e8e93) addi    t4, t4, 1616
core   0: 3 0x800000e2 (0x650e8e93) x29 0xa00cc650
core   0: 0x800000e6 (0x80000f37) lui     t5, 0x80000
core   0: 3 0x800000e6 (0x80000f37) x30 0x80000000
core   0: 0x800000ea (0x00004f89) c.li    t6, 2
core   0: 3 0x800000ea (0x4f89) x31 0x00000002
core   0: 0x800000ec (0x00010817) auipc   a6, 0x10
core   0: 3 0x800000ec (0x00010817) x16 0x800100ec
core   0: 0x800000f0 (0xd7880813) addi    a6, a6, -648
core   0: 3 0x800000f0 (0xd7880813) x16 0x8000fe64
core   0: 0x800000f4 (0x00004681) c.li    a3, 0
core   0: 3 0x800000f4 (0x4681) x13 0x00000000
core   0: 0x800000f6 (0x800005b7) lui     a1, 0x80000
core   0: 3 0x800000f6 (0x800005b7) x11 0x80000000
core   0: 0x800000fa (0xf2b06437) lui     s0, 0xf2b06
core   0: 3 0x800000fa (0xf2b06437) x 8 0xf2b06000
core   0: 0x800000fe (0x06f40413) addi    s0, s0, 111
core   0: 3 0x800000fe (0x06f40413) x 8 0xf2b0606f
core   0: 0x80000102 (0xfff00193) li      gp, -1
core   0: 3 0x80000102 (0xfff00193) x 3 0xffffffff
core   0: 0x80000106 (0xfb3eca37) lui     s4, 0xfb3ec
core   0: 3 0x80000106 (0xfb3eca37) x20 0xfb3ec000
core   0: 0x8000010a (0x5d9a0a13) addi    s4, s4, 1497
core   0: 3 0x8000010a (0x5d9a0a13) x20 0xfb3ec5d9
core   0: 0x8000010e (0x00004201) c.li    tp, 0
core   0: 3 0x8000010e (0x4201) x 4 0x00000000
core   0: 0x80000110 (0x80000537) lui     a0, 0x80000
core   0: 3 0x80000110 (0x80000537) x10 0x80000000
core   0: 0x80000114 (0x1f65feb7) lui     t4, 0x1f65f
core   0: 3 0x80000114 (0x1f65feb7) x29 0x1f65f000
core   0: 0x80000118 (0x21fe8e93) addi    t4, t4, 543
core   0: 3 0x80000118 (0x21fe8e93) x29 0x1f65f21f
core   0: 0x8000011c (0xfff00093) li      ra, -1
core   0: 3 0x8000011c (0xfff00093) x 1 0xffffffff
core   0: 0x80000120 (0x800007b7) lui     a5, 0x80000
core   0: 3 0x80000120 (0x800007b7) x15 0x80000000
core   0: 0x80000124 (0x02f19433) mulh    s0, gp, a5
core   0: 3 0x80000124 (0x02f19433) x 8 0x00000000
core   0: 0x80000128 (0x61ab5697) auipc   a3, 0x61ab5
core   0: 3 0x80000128 (0x61ab5697) x13 0xe1ab5128
core   0: 0x8000012c (0x35d13a37) lui     s4, 0x35d13
core   0: 3 0x8000012c (0x35d13a37) x20 0x35d13000
core   0: 0x80000130 (0x02b09233) mulh    tp, ra, a1
core   0: 3 0x80000130 (0x02b09233) x 4 0x00000000
core   0: 0x80000134 (0x4d0f67b7) lui     a5, 0x4d0f6
core   0: 3 0x80000134 (0x4d0f67b7) x15 0x4d0f6000
core   0: 0x80000138 (0x0286a5b3) mulhsu  a1, a3, s0
core   0: 3 0x80000138 (0x0286a5b3) x11 0x00000000
core   0: 0x8000013c (0x008e8a33) add     s4, t4, s0
core   0: 3 0x8000013c (0x008e8a33) x20 0x1f65f21f
core   0: 0x80000140 (0x028ea7b3) mulhsu  a5, t4, s0
core   0: 3 0x80000140 (0x028ea7b3) x15 0x00000000
core   0: 0x80000144 (0x00000001) c.nop
core   0: 3 0x80000144 (0x0001)
core   0: 0x80000146 (0x0231a0b3) mulhsu  ra, gp, gp
core   0: 3 0x80000146 (0x0231a0b3) x 1 0xffffffff
core   0: 0x8000014a (0x03451433) mulh    s0, a0, s4
core   0: 3 0x8000014a (0x03451433) x 8 0xf04d06f0
core   0: 0x8000014e (0x0287f233) remu    tp, a5, s0
core   0: 3 0x8000014e (0x0287f233) x 4 0x00000000
core   0: 0x80000152 (0x02a1ca33) div     s4, gp, a0
core   0: 3 0x80000152 (0x02a1ca33) x20 0x00000000
core   0: 0x80000156 (0xb550b7b7) lui     a5, 0xb550b
core   0: 3 0x80000156 (0xb550b7b7) x15 0xb550b000
core   0: 0x8000015a (0x024405b3) mul     a1, s0, tp
core   0: 3 0x8000015a (0x024405b3) x11 0x00000000
core   0: 0x8000015e (0x0280feb3) remu    t4, ra, s0
core   0: 3 0x8000015e (0x0280feb3) x29 0x0fb2f90f
core   0: 0x80000162 (0x00000001) c.nop
core   0: 3 0x80000162 (0x0001)
core   0: 0x80000164 (0x0241b233) mulhu   tp, gp, tp
core   0: 3 0x80000164 (0x0241b233) x 4 0x00000000
core   0: 0x80000168 (0x02a7d533) divu    a0, a5, a0
core   0: 3 0x80000168 (0x02a7d533) x10 0x00000001
core   0: 0x8000016c (0x03422a33) mulhsu  s4, tp, s4
core   0: 3 0x8000016c (0x03422a33) x20 0x00000000
core   0: 0x80000170 (0x800000b7) lui     ra, 0x80000
core   0: 3 0x80000170 (0x800000b7) x 1 0x80000000
core   0: 0x80000174 (0xfff00993) li      s3, -1
core   0: 3 0x80000174 (0xfff00993) x19 0xffffffff
core   0: 0x80000178 (0x00004481) c.li    s1, 0
core   0: 3 0x80000178 (0x4481) x 9 0x00000000
core   0: 0x8000017a (0xf6c971b7) lui     gp, 0xf6c97
core   0: 3 0x8000017a (0xf6c971b7) x 3 0xf6c97000
core   0: 0x8000017e (0x71918193) addi    gp, gp, 1817
core   0: 3 0x8000017e (0x71918193) x 3 0xf6c97719
core   0: 0x80000182 (0x00004a81) c.li    s5, 0
core   0: 3 0x80000182 (0x4a81) x21 0x00000000
core   0: 0x80000184 (0x00004501) c.li    a0, 0
core   0: 3 0x80000184 (0x4501) x10 0x00000000
core   0: 0x80000186 (0xd9398937) lui     s2, 0xd9398
core   0: 3 0x80000186 (0xd9398937) x18 0xd9398000
core   0: 0x8000018a (0xc3d90913) addi    s2, s2, -963
core   0: 3 0x8000018a (0xc3d90913) x18 0xd9397c3d
core   0: 0x8000018e (0xfff00793) li      a5, -1
core   0: 3 0x8000018e (0xfff00793) x15 0xffffffff
core   0: 0x80000192 (0xfff00313) li      t1, -1
core   0: 3 0x80000192 (0xfff00313) x 6 0xffffffff
core   0: 0x80000196 (0x9e632c37) lui     s8, 0x9e632
core   0: 3 0x80000196 (0x9e632c37) x24 0x9e632000
core   0: 0x8000019a (0xe20c0c13) addi    s8, s8, -480
core   0: 3 0x8000019a (0xe20c0c13) x24 0x9e631e20
core   0: 0x8000019e (0x0350c7b3) div     a5, ra, s5
core   0: 3 0x8000019e (0x0350c7b3) x15 0xffffffff
core   0: 0x800001a2 (0x033ac533) div     a0, s5, s3
core   0: 3 0x800001a2 (0x033ac533) x10 0x00000000
core   0: 0x800001a6 (0xb26c0997) auipc   s3, 0xb26c0
core   0: 3 0x800001a6 (0xb26c0997) x19 0x326c01a6
core   0: 0x800001aa (0x00950333) add     t1, a0, s1
core   0: 3 0x800001aa (0x00950333) x 6 0x00000000
core   0: 0x800001ae (0x033ae7b3) rem     a5, s5, s3
core   0: 3 0x800001ae (0x033ae7b3) x15 0x00000000
core   0: 0x800001b2 (0x0290a1b3) mulhsu  gp, ra, s1
core   0: 3 0x800001b2 (0x0290a1b3) x 3 0x00000000
core   0: 0x800001b6 (0x02379333) mulh    t1, a5, gp
core   0: 3 0x800001b6 (0x02379333) x 6 0x00000000
core   0: 0x800001ba (0x0297bc33) mulhu   s8, a5, s1
core   0: 3 0x800001ba (0x0297bc33) x24 0x00000000
core   0: 0x800001be (0x00000001) c.nop
core   0: 3 0x800001be (0x0001)
core   0: 0x800001c0 (0x51f741b7) lui     gp, 0x51f74
core   0: 3 0x800001c0 (0x51f741b7) x 3 0x51f74000
core   0: 0x800001c4 (0x00000001) c.nop
core   0: 3 0x800001c4 (0x0001)
core   0: 0x800001c6 (0x00f18333) add     t1, gp, a5
core   0: 3 0x800001c6 (0x00f18333) x 6 0x51f74000
core   0: 0x800001ca (0x00a509b3) add     s3, a0, a0
core   0: 3 0x800001ca (0x00a509b3) x19 0x00000000
core   0: 0x800001ce (0x023567b3) rem     a5, a0, gp
core   0: 3 0x800001ce (0x023567b3) x15 0x00000000
core   0: 0x800001d2 (0x029504b3) mul     s1, a0, s1
core   0: 3 0x800001d2 (0x029504b3) x 9 0x00000000
core   0: 0x800001d6 (0x000097d6) c.add   a5, s5
core   0: 3 0x800001d6 (0x97d6) x15 0x00000000
core   0: 0x800001d8 (0x018c0933) add     s2, s8, s8
core   0: 3 0x800001d8 (0x018c0933) x18 0x00000000
core   0: 0x800001dc (0x1f778093) addi    ra, a5, 503
core   0: 3 0x800001dc (0x1f778093) x 1 0x000001f7
core   0: 0x800001e0 (0x0350e7b3) rem     a5, ra, s5
core   0: 3 0x800001e0 (0x0350e7b3) x15 0x000001f7
core   0: 0x800001e4 (0x021af0b3) remu    ra, s5, ra
core   0: 3 0x800001e4 (0x021af0b3) x 1 0x00000000
core   0: 0x800001e8 (0x029937b3) mulhu   a5, s2, s1
core   0: 3 0x800001e8 (0x029937b3) x15 0x00000000
core   0: 0x800001ec (0x03557ab3) remu    s5, a0, s5
core   0: 3 0x800001ec (0x03557ab3) x21 0x00000000
core   0: 0x800001f0 (0x02f57c33) remu    s8, a0, a5
core   0: 3 0x800001f0 (0x02f57c33) x24 0x00000000
core   0: 0x800001f4 (0x021c6ab3) rem     s5, s8, ra
core   0: 3 0x800001f4 (0x021c6ab3) x21 0x00000000
core   0: 0x800001f8 (0x2b278193) addi    gp, a5, 690
core   0: 3 0x800001f8 (0x2b278193) x 3 0x000002b2
core   0: 0x800001fc (0x73e53c37) lui     s8, 0x73e53
core   0: 3 0x800001fc (0x73e53c37) x24 0x73e53000
core   0: 0x80000200 (0x003087b3) add     a5, ra, gp
core   0: 3 0x80000200 (0x003087b3) x15 0x000002b2
core   0: 0x80000204 (0x000094be) c.add   s1, a5
core   0: 3 0x80000204 (0x94be) x 9 0x000002b2
core   0: 0x80000206 (0x02149ab3) mulh    s5, s1, ra
core   0: 3 0x80000206 (0x02149ab3) x21 0x00000000
core   0: 0x8000020a (0x00000001) c.nop
core   0: 3 0x8000020a (0x0001)
core   0: 0x8000020c (0x00004081) c.li    ra, 0
core   0: 3 0x8000020c (0x4081) x 1 0x00000000
core   0: 0x8000020e (0xfff00d13) li      s10, -1
core   0: 3 0x8000020e (0xfff00d13) x26 0xffffffff
core   0: 0x80000212 (0x00004881) c.li    a7, 0
core   0: 3 0x80000212 (0x4881) x17 0x00000000
core   0: 0x80000214 (0x800009b7) lui     s3, 0x80000
core   0: 3 0x80000214 (0x800009b7) x19 0x80000000
core   0: 0x80000218 (0xb5ecc437) lui     s0, 0xb5ecc
core   0: 3 0x80000218 (0xb5ecc437) x 8 0xb5ecc000
core   0: 0x8000021c (0x7e640413) addi    s0, s0, 2022
core   0: 3 0x8000021c (0x7e640413) x 8 0xb5ecc7e6
core   0: 0x80000220 (0x00004581) c.li    a1, 0
core   0: 3 0x80000220 (0x4581) x11 0x00000000
core   0: 0x80000222 (0x800006b7) lui     a3, 0x80000
core   0: 3 0x80000222 (0x800006b7) x13 0x80000000
core   0: 0x80000226 (0xfff00a93) li      s5, -1
core   0: 3 0x80000226 (0xfff00a93) x21 0xffffffff
core   0: 0x8000022a (0x80000337) lui     t1, 0x80000
core   0: 3 0x8000022a (0x80000337) x 6 0x80000000
core   0: 0x8000022e (0x80000237) lui     tp, 0x80000
core   0: 3 0x8000022e (0x80000237) x 4 0x80000000
core   0: 0x80000232 (0x02b9f6b3) remu    a3, s3, a1
core   0: 3 0x80000232 (0x02b9f6b3) x13 0x80000000
core   0: 0x80000236 (0x0318b9b3) mulhu   s3, a7, a7
core   0: 3 0x80000236 (0x0318b9b3) x19 0x00000000
core   0: 0x8000023a (0x024449b3) div     s3, s0, tp
core   0: 3 0x8000023a (0x024449b3) x19 0x00000000
core   0: 0x8000023e (0x026209b3) mul     s3, tp, t1
core   0: 3 0x8000023e (0x026209b3) x19 0x00000000
core   0: 0x80000242 (0x96308213) addi    tp, ra, -1693
core   0: 3 0x80000242 (0x96308213) x 4 0xfffff963
core   0: 0x80000246 (0x021a9ab3) mulh    s5, s5, ra
core   0: 3 0x80000246 (0x021a9ab3) x21 0x00000000
core   0: 0x8000024a (0x65b19437) lui     s0, 0x65b19
core   0: 3 0x8000024a (0x65b19437) x 8 0x65b19000
core   0: 0x8000024e (0x035339b3) mulhu   s3, t1, s5
core   0: 3 0x8000024e (0x035339b3) x19 0x00000000
core   0: 0x80000252 (0x033478b3) remu    a7, s0, s3
core   0: 3 0x80000252 (0x033478b3) x17 0x65b19000
core   0: 0x80000256 (0x1e620413) addi    s0, tp, 486
core   0: 3 0x80000256 (0x1e620413) x 8 0xfffffb49
core   0: 0x8000025a (0x03133433) mulhu   s0, t1, a7
core   0: 3 0x8000025a (0x03133433) x 8 0x32d8c800
core   0: 0x8000025e (0x00630ab3) add     s5, t1, t1
core   0: 3 0x8000025e (0x00630ab3) x21 0x00000000
core   0: 0x80000262 (0x026d35b3) mulhu   a1, s10, t1
core   0: 3 0x80000262 (0x026d35b3) x11 0x7fffffff
core   0: 0x80000266 (0x0260e5b3) rem     a1, ra, t1
core   0: 3 0x80000266 (0x0260e5b3) x11 0x00000000
core   0: 0x8000026a (0xa2b1f9b7) lui     s3, 0xa2b1f
core   0: 3 0x8000026a (0xa2b1f9b7) x19 0xa2b1f000
core   0: 0x8000026e (0x02847333) remu    t1, s0, s0
core   0: 3 0x8000026e (0x02847333) x 6 0x00000000
core   0: 0x80000272 (0x031215b3) mulh    a1, tp, a7
core   0: 3 0x80000272 (0x031215b3) x11 0xfffffd5f
core   0: 0x80000276 (0x03134333) div     t1, t1, a7
core   0: 3 0x80000276 (0x03134333) x 6 0x00000000
core   0: 0x8000027a (0x01508d33) add     s10, ra, s5
core   0: 3 0x8000027a (0x01508d33) x26 0x00000000
core   0: 0x8000027e (0x0355b233) mulhu   tp, a1, s5
core   0: 3 0x8000027e (0x0355b233) x 4 0x00000000
core   0: 0x80000282 (0x02badab3) divu    s5, s5, a1
core   0: 3 0x80000282 (0x02badab3) x21 0x00000000
core   0: 0x80000286 (0x02621233) mulh    tp, tp, t1
core   0: 3 0x80000286 (0x02621233) x 4 0x00000000
core   0: 0x8000028a (0x8cc08213) addi    tp, ra, -1844
core   0: 3 0x8000028a (0x8cc08213) x 4 0xfffff8cc
core   0: 0x8000028e (0xbdcefd17) auipc   s10, 0xbdcef
core   0: 3 0x8000028e (0xbdcefd17) x26 0x3dcef28e
core   0: 0x80000292 (0x404085b3) sub     a1, ra, tp
core   0: 3 0x80000292 (0x404085b3) x11 0x00000734
core   0: 0x80000296 (0x02440233) mul     tp, s0, tp
core   0: 3 0x80000296 (0x02440233) x 4 0xbe7f6000
core   0: 0x8000029a (0x02d8c333) div     t1, a7, a3
core   0: 3 0x8000029a (0x02d8c333) x 6 0x00000000
core   0: 0x8000029e (0x01108233) add     tp, ra, a7
core   0: 3 0x8000029e (0x01108233) x 4 0x65b19000
core   0: 0x800002a2 (0x41368ab3) sub     s5, a3, s3
core   0: 3 0x800002a2 (0x41368ab3) x21 0xdd4e1000
core   0: 0x800002a6 (0x021456b3) divu    a3, s0, ra
core   0: 3 0x800002a6 (0x021456b3) x13 0xffffffff
core   0: 0x800002aa (0xfff00a93) li      s5, -1
core   0: 3 0x800002aa (0xfff00a93) x21 0xffffffff
core   0: 0x800002ae (0x80000fb7) lui     t6, 0x80000
core   0: 3 0x800002ae (0x80000fb7) x31 0x80000000
core   0: 0x800002b2 (0xfff00c13) li      s8, -1
core   0: 3 0x800002b2 (0xfff00c13) x24 0xffffffff
core   0: 0x800002b6 (0xfff00f13) li      t5, -1
core   0: 3 0x800002b6 (0xfff00f13) x30 0xffffffff
core   0: 0x800002ba (0x7297d5b7) lui     a1, 0x7297d
core   0: 3 0x800002ba (0x7297d5b7) x11 0x7297d000
core   0: 0x800002be (0xfec58593) addi    a1, a1, -20
core   0: 3 0x800002be (0xfec58593) x11 0x7297cfec
core   0: 0x800002c2 (0xcfbe61b7) lui     gp, 0xcfbe6
core   0: 3 0x800002c2 (0xcfbe61b7) x 3 0xcfbe6000
core   0: 0x800002c6 (0x13418193) addi    gp, gp, 308
core   0: 3 0x800002c6 (0x13418193) x 3 0xcfbe6134
core   0: 0x800002ca (0xfff00093) li      ra, -1
core   0: 3 0x800002ca (0xfff00093) x 1 0xffffffff
core   0: 0x800002ce (0x80000cb7) lui     s9, 0x80000
core   0: 3 0x800002ce (0x80000cb7) x25 0x80000000
core   0: 0x800002d2 (0x80000eb7) lui     t4, 0x80000
core   0: 3 0x800002d2 (0x80000eb7) x29 0x80000000
core   0: 0x800002d6 (0xfff00893) li      a7, -1
core   0: 3 0x800002d6 (0xfff00893) x17 0xffffffff
core   0: 0x800002da (0x00000001) c.nop
core   0: 3 0x800002da (0x0001)
core   0: 0x800002dc (0x862345b7) lui     a1, 0x86234
core   0: 3 0x800002dc (0x862345b7) x11 0x86234000
core   0: 0x800002e0 (0x11c18f93) addi    t6, gp, 284
core   0: 3 0x800002e0 (0x11c18f93) x31 0xcfbe6250
core   0: 0x800002e4 (0x038c7f33) remu    t5, s8, s8
core   0: 3 0x800002e4 (0x038c7f33) x30 0x00000000
core   0: 0x800002e8 (0x0390d5b3) divu    a1, ra, s9
core   0: 3 0x800002e8 (0x0390d5b3) x11 0x00000001
core   0: 0x800002ec (0x03d0d5b3) divu    a1, ra, t4
core   0: 3 0x800002ec (0x03d0d5b3) x11 0x00000001
core   0: 0x800002f0 (0x93ecc0b7) lui     ra, 0x93ecc
core   0: 3 0x800002f0 (0x93ecc0b7) x 1 0x93ecc000
core   0: 0x800002f4 (0x419881b3) sub     gp, a7, s9
core   0: 3 0x800002f4 (0x419881b3) x 3 0x7fffffff
core   0: 0x800002f8 (0x031ebf33) mulhu   t5, t4, a7
core   0: 3 0x800002f8 (0x031ebf33) x30 0x7fffffff
core   0: 0x800002fc (0xf59c9097) auipc   ra, 0xf59c9
core   0: 3 0x800002fc (0xf59c9097) x 1 0x759c92fc
core   0: 0x80000300 (0x00000001) c.nop
core   0: 3 0x80000300 (0x0001)
core   0: 0x80000302 (0x03d5dc33) divu    s8, a1, t4
core   0: 3 0x80000302 (0x03d5dc33) x24 0x00000000
core   0: 0x80000306 (0x41df0cb3) sub     s9, t5, t4
core   0: 3 0x80000306 (0x41df0cb3) x25 0xffffffff
core   0: 0x8000030a (0x03ff7ab3) remu    s5, t5, t6
core   0: 3 0x8000030a (0x03ff7ab3) x21 0x7fffffff
core   0: 0x8000030e (0x031aeeb3) rem     t4, s5, a7
core   0: 3 0x8000030e (0x031aeeb3) x29 0x00000000
core   0: 0x80000312 (0x02bc11b3) mulh    gp, s8, a1
core   0: 3 0x80000312 (0x02bc11b3) x 3 0x00000000
core   0: 0x80000316 (0x02beffb3) remu    t6, t4, a1
core   0: 3 0x80000316 (0x02beffb3) x31 0x00000000
core   0: 0x8000031a (0x03fad0b3) divu    ra, s5, t6
core   0: 3 0x8000031a (0x03fad0b3) x 1 0xffffffff
core   0: 0x8000031e (0xf3282ab7) lui     s5, 0xf3282
core   0: 3 0x8000031e (0xf3282ab7) x21 0xf3282000
core   0: 0x80000322 (0x038f2cb3) mulhsu  s9, t5, s8
core   0: 3 0x80000322 (0x038f2cb3) x25 0x00000000
core   0: 0x80000326 (0x039c8ab3) mul     s5, s9, s9
core   0: 3 0x80000326 (0x039c8ab3) x21 0x00000000
core   0: 0x8000032a (0x038c1c33) mulh    s8, s8, s8
core   0: 3 0x8000032a (0x038c1c33) x24 0x00000000
core   0: 0x8000032e (0x73063537) lui     a0, 0x73063
core   0: 3 0x8000032e (0x73063537) x10 0x73063000
core   0: 0x80000332 (0x7ff50513) addi    a0, a0, 2047
core   0: 3 0x80000332 (0x7ff50513) x10 0x730637ff
core   0: 0x80000336 (0xe7daf737) lui     a4, 0xe7daf
core   0: 3 0x80000336 (0xe7daf737) x14 0xe7daf000
core   0: 0x8000033a (0x17b70713) addi    a4, a4, 379
core   0: 3 0x8000033a (0x17b70713) x14 0xe7daf17b
core   0: 0x8000033e (0xfff00313) li      t1, -1
core   0: 3 0x8000033e (0xfff00313) x 6 0xffffffff
core   0: 0x80000342 (0xb1e96a37) lui     s4, 0xb1e96
core   0: 3 0x80000342 (0xb1e96a37) x20 0xb1e96000
core   0: 0x80000346 (0x7eaa0a13) addi    s4, s4, 2026
core   0: 3 0x80000346 (0x7eaa0a13) x20 0xb1e967ea
core   0: 0x8000034a (0x55ce2f37) lui     t5, 0x55ce2
core   0: 3 0x8000034a (0x55ce2f37) x30 0x55ce2000
core   0: 0x8000034e (0xf3bf0f13) addi    t5, t5, -197
core   0: 3 0x8000034e (0xf3bf0f13) x30 0x55ce1f3b
core   0: 0x80000352 (0x80000eb7) lui     t4, 0x80000
core   0: 3 0x80000352 (0x80000eb7) x29 0x80000000
core   0: 0x80000356 (0xfff00113) li      sp, -1
core   0: 3 0x80000356 (0xfff00113) x 2 0xffffffff
core   0: 0x8000035a (0x00004381) c.li    t2, 0
core   0: 3 0x8000035a (0x4381) x 7 0x00000000
core   0: 0x8000035c (0x80000637) lui     a2, 0x80000
core   0: 3 0x8000035c (0x80000637) x12 0x80000000
core   0: 0x80000360 (0x800007b7) lui     a5, 0x80000
core   0: 3 0x80000360 (0x800007b7) x15 0x80000000
core   0: 0x80000364 (0x027f6633) rem     a2, t5, t2
core   0: 3 0x80000364 (0x027f6633) x12 0x55ce1f3b
core   0: 0x80000368 (0x45c2b637) lui     a2, 0x45c2b
core   0: 3 0x80000368 (0x45c2b637) x12 0x45c2b000
core   0: 0x8000036c (0x0227beb3) mulhu   t4, a5, sp
core   0: 3 0x8000036c (0x0227beb3) x29 0x7fffffff
core   0: 0x80000370 (0x0267a3b3) mulhsu  t2, a5, t1
core   0: 3 0x80000370 (0x0267a3b3) x 7 0x80000000
core   0: 0x80000374 (0x67378113) addi    sp, a5, 1651
core   0: 3 0x80000374 (0x67378113) x 2 0x80000673
core   0: 0x80000378 (0x02214533) div     a0, sp, sp
core   0: 3 0x80000378 (0x02214533) x10 0x00000001
core   0: 0x8000037c (0x9a310613) addi    a2, sp, -1629
core   0: 3 0x8000037c (0x9a310613) x12 0x80000016
core   0: 0x80000380 (0x034ec633) div     a2, t4, s4
core   0: 3 0x80000380 (0x034ec633) x12 0xffffffff
core   0: 0x80000384 (0x02e163b3) rem     t2, sp, a4
core   0: 3 0x80000384 (0x02e163b3) x 7 0xf8b94f0c
core   0: 0x80000388 (0x40260a33) sub     s4, a2, sp
core   0: 3 0x80000388 (0x40260a33) x20 0x7ffff98c
core   0: 0x8000038c (0x03dea333) mulhsu  t1, t4, t4
core   0: 3 0x8000038c (0x03dea333) x 6 0x3fffffff
core   0: 0x80000390 (0x026a07b3) mul     a5, s4, t1
core   0: 3 0x80000390 (0x026a07b3) x15 0x80000674
core   0: 0x80000394 (0x03e173b3) remu    t2, sp, t5
core   0: 3 0x80000394 (0x03e173b3) x 7 0x2a31e738
core   0: 0x80000398 (0x02fec3b3) div     t2, t4, a5
core   0: 3 0x80000398 (0x02fec3b3) x 7 0xffffffff
core   0: 0x8000039c (0x03d74a33) div     s4, a4, t4
core   0: 3 0x8000039c (0x03d74a33) x20 0x00000000
core   0: 0x800003a0 (0xdb406537) lui     a0, 0xdb406
core   0: 3 0x800003a0 (0xdb406537) x10 0xdb406000
core   0: 0x800003a4 (0x40630733) sub     a4, t1, t1
core   0: 3 0x800003a4 (0x40630733) x14 0x00000000
core   0: 0x800003a8 (0x16b41f37) lui     t5, 0x16b41
core   0: 3 0x800003a8 (0x16b41f37) x30 0x16b41000
core   0: 0x800003ac (0x00000001) c.nop
core   0: 3 0x800003ac (0x0001)
core   0: 0x800003ae (0x1e1667b7) lui     a5, 0x1e166
core   0: 3 0x800003ae (0x1e1667b7) x15 0x1e166000
core   0: 0x800003b2 (0x7a078793) addi    a5, a5, 1952
core   0: 3 0x800003b2 (0x7a078793) x15 0x1e1667a0
core   0: 0x800003b6 (0xe47fa3b7) lui     t2, 0xe47fa
core   0: 3 0x800003b6 (0xe47fa3b7) x 7 0xe47fa000
core   0: 0x800003ba (0x47a38393) addi    t2, t2, 1146
core   0: 3 0x800003ba (0x47a38393) x 7 0xe47fa47a
core   0: 0x800003be (0xfff00093) li      ra, -1
core   0: 3 0x800003be (0xfff00093) x 1 0xffffffff
core   0: 0x800003c2 (0x00004501) c.li    a0, 0
core   0: 3 0x800003c2 (0x4501) x10 0x00000000
core   0: 0x800003c4 (0x800005b7) lui     a1, 0x80000
core   0: 3 0x800003c4 (0x800005b7) x11 0x80000000
core   0: 0x800003c8 (0x800006b7) lui     a3, 0x80000
core   0: 3 0x800003c8 (0x800006b7) x13 0x80000000
core   0: 0x800003cc (0xfff00d13) li      s10, -1
core   0: 3 0x800003cc (0xfff00d13) x26 0xffffffff
core   0: 0x800003d0 (0x80000e37) lui     t3, 0x80000
core   0: 3 0x800003d0 (0x80000e37) x28 0x80000000
core   0: 0x800003d4 (0x00004f81) c.li    t6, 0
core   0: 3 0x800003d4 (0x4f81) x31 0x00000000
core   0: 0x800003d6 (0x00004a01) c.li    s4, 0
core   0: 3 0x800003d6 (0x4a01) x20 0x00000000
core   0: 0x800003d8 (0x8c5125b7) lui     a1, 0x8c512
core   0: 3 0x800003d8 (0x8c5125b7) x11 0x8c512000
core   0: 0x800003dc (0xa9b50f93) addi    t6, a0, -1381
core   0: 3 0x800003dc (0xa9b50f93) x31 0xfffffa9b
core   0: 0x800003e0 (0x02d0f5b3) remu    a1, ra, a3
core   0: 3 0x800003e0 (0x02d0f5b3) x11 0x7fffffff
core   0: 0x800003e4 (0x65219d17) auipc   s10, 0x65219
core   0: 3 0x800003e4 (0x65219d17) x26 0xe52193e4
core   0: 0x800003e8 (0x03c7dd33) divu    s10, a5, t3
core   0: 3 0x800003e8 (0x03c7dd33) x26 0x00000000
core   0: 0x800003ec (0x0347c0b3) div     ra, a5, s4
core   0: 3 0x800003ec (0x0347c0b3) x 1 0xffffffff
core   0: 0x800003f0 (0x00000001) c.nop
core   0: 3 0x800003f0 (0x0001)
core   0: 0x800003f2 (0x0fa9fa17) auipc   s4, 0xfa9f
core   0: 3 0x800003f2 (0x0fa9fa17) x20 0x8fa9f3f2
core   0: 0x800003f6 (0x021d06b3) mul     a3, s10, ra
core   0: 3 0x800003f6 (0x021d06b3) x13 0x00000000
core   0: 0x800003fa (0x37be7397) auipc   t2, 0x37be7
core   0: 3 0x800003fa (0x37be7397) x 7 0xb7be73fa
core   0: 0x800003fe (0x03c09e33) mulh    t3, ra, t3
core   0: 3 0x800003fe (0x03c09e33) x28 0x00000000
core   0: 0x80000402 (0x00000001) c.nop
core   0: 3 0x80000402 (0x0001)
core   0: 0x80000404 (0x014083b3) add     t2, ra, s4
core   0: 3 0x80000404 (0x014083b3) x 7 0x8fa9f3f1
core   0: 0x80000408 (0x03fe06b3) mul     a3, t3, t6
core   0: 3 0x80000408 (0x03fe06b3) x13 0x00000000
core   0: 0x8000040c (0x02d5e3b3) rem     t2, a1, a3
core   0: 3 0x8000040c (0x02d5e3b3) x 7 0x7fffffff
core   0: 0x80000410 (0x03f093b3) mulh    t2, ra, t6
core   0: 3 0x80000410 (0x03f093b3) x 7 0x00000000
core   0: 0x80000414 (0x01aa03b3) add     t2, s4, s10
core   0: 3 0x80000414 (0x01aa03b3) x 7 0x8fa9f3f2
core   0: 0x80000418 (0x03a797b3) mulh    a5, a5, s10
core   0: 3 0x80000418 (0x03a797b3) x15 0x00000000
core   0: 0x8000041c (0xceeafd37) lui     s10, 0xceeaf
core   0: 3 0x8000041c (0xceeafd37) x26 0xceeaf000
core   0: 0x80000420 (0x0275a533) mulhsu  a0, a1, t2
core   0: 3 0x80000420 (0x0275a533) x10 0x47d4f9f8
core   0: 0x80000424 (0x03c6e533) rem     a0, a3, t3
core   0: 3 0x80000424 (0x03c6e533) x10 0x00000000
core   0: 0x80000428 (0x56f08a13) addi    s4, ra, 1391
core   0: 3 0x80000428 (0x56f08a13) x20 0x0000056e
core   0: 0x8000042c (0x027a3e33) mulhu   t3, s4, t2
core   0: 3 0x8000042c (0x027a3e33) x28 0x0000030c
core   0: 0x80000430 (0x40dd0fb3) sub     t6, s10, a3
core   0: 3 0x80000430 (0x40dd0fb3) x31 0xceeaf000
core   0: 0x80000434 (0x41f08533) sub     a0, ra, t6
core   0: 3 0x80000434 (0x41f08533) x10 0x31150fff
core   0: 0x80000438 (0x00000001) c.nop
core   0: 3 0x80000438 (0x0001)
core   0: 0x8000043a (0x0273a0b3) mulhsu  ra, t2, t2
core   0: 3 0x8000043a (0x0273a0b3) x 1 0xc0f55b6a
core   0: 0x8000043e (0x800004b7) lui     s1, 0x80000
core   0: 3 0x8000043e (0x800004b7) x 9 0x80000000
core   0: 0x80000442 (0x80000237) lui     tp, 0x80000
core   0: 3 0x80000442 (0x80000237) x 4 0x80000000
core   0: 0x80000446 (0x800005b7) lui     a1, 0x80000
core   0: 3 0x80000446 (0x800005b7) x11 0x80000000
core   0: 0x8000044a (0xfff00d93) li      s11, -1
core   0: 3 0x8000044a (0xfff00d93) x27 0xffffffff
core   0: 0x8000044e (0x80000537) lui     a0, 0x80000
core   0: 3 0x8000044e (0x80000537) x10 0x80000000
core   0: 0x80000452 (0xfff00093) li      ra, -1
core   0: 3 0x80000452 (0xfff00093) x 1 0xffffffff
core   0: 0x80000456 (0x00004101) c.li    sp, 0
core   0: 3 0x80000456 (0x4101) x 2 0x00000000
core   0: 0x80000458 (0xfff00793) li      a5, -1
core   0: 3 0x80000458 (0xfff00793) x15 0xffffffff
core   0: 0x8000045c (0xfff00393) li      t2, -1
core   0: 3 0x8000045c (0xfff00393) x 7 0xffffffff
core   0: 0x80000460 (0x00004981) c.li    s3, 0
core   0: 3 0x80000460 (0x4981) x19 0x00000000
core   0: 0x80000462 (0x0243f233) remu    tp, t2, tp
core   0: 3 0x80000462 (0x0243f233) x 4 0x7fffffff
core   0: 0x80000466 (0x03b25db3) divu    s11, tp, s11
core   0: 3 0x80000466 (0x03b25db3) x27 0x00000000
core   0: 0x8000046a (0xab3445b7) lui     a1, 0xab344
core   0: 3 0x8000046a (0xab3445b7) x11 0xab344000
core   0: 0x8000046e (0x03b235b3) mulhu   a1, tp, s11
core   0: 3 0x8000046e (0x03b235b3) x11 0x00000000
core   0: 0x80000472 (0x02121233) mulh    tp, tp, ra
core   0: 3 0x80000472 (0x02121233) x 4 0xffffffff
core   0: 0x80000476 (0xe9458d93) addi    s11, a1, -364
core   0: 3 0x80000476 (0xe9458d93) x27 0xfffffe94
core   0: 0x8000047a (0x022127b3) mulhsu  a5, sp, sp
core   0: 3 0x8000047a (0x022127b3) x15 0x00000000
core   0: 0x8000047e (0x0293b0b3) mulhu   ra, t2, s1
core   0: 3 0x8000047e (0x0293b0b3) x 1 0x7fffffff
core   0: 0x80000482 (0x0227a0b3) mulhsu  ra, a5, sp
core   0: 3 0x80000482 (0x0227a0b3) x 1 0x00000000
core   0: 0x80000486 (0x40b50db3) sub     s11, a0, a1
core   0: 3 0x80000486 (0x40b50db3) x27 0x80000000
core   0: 0x8000048a (0x033113b3) mulh    t2, sp, s3
core   0: 3 0x8000048a (0x033113b3) x 7 0x00000000
core   0: 0x8000048e (0x0a096397) auipc   t2, 0xa096
core   0: 3 0x8000048e (0x0a096397) x 7 0x8a09648e
core   0: 0x80000492 (0x022dd233) divu    tp, s11, sp
core   0: 3 0x80000492 (0x022dd233) x 4 0xffffffff
core   0: 0x80000496 (0x02256133) rem     sp, a0, sp
core   0: 3 0x80000496 (0x02256133) x 2 0x80000000
core   0: 0x8000049a (0x029264b3) rem     s1, tp, s1
core   0: 3 0x8000049a (0x029264b3) x 9 0xffffffff
core   0: 0x8000049e (0x03b083b3) mul     t2, ra, s11
core   0: 3 0x8000049e (0x03b083b3) x 7 0x00000000
core   0: 0x800004a2 (0x027149b3) div     s3, sp, t2
core   0: 3 0x800004a2 (0x027149b3) x19 0xffffffff
core   0: 0x800004a6 (0x02ade3b3) rem     t2, s11, a0
core   0: 3 0x800004a6 (0x02ade3b3) x 7 0x00000000
core   0: 0x800004aa (0x03b7f3b3) remu    t2, a5, s11
core   0: 3 0x800004aa (0x03b7f3b3) x 7 0x00000000
core   0: 0x800004ae (0x800008b7) lui     a7, 0x80000
core   0: 3 0x800004ae (0x800008b7) x17 0x80000000
core   0: 0x800004b2 (0xfff00c93) li      s9, -1
core   0: 3 0x800004b2 (0xfff00c93) x25 0xffffffff
core   0: 0x800004b6 (0x00004e01) c.li    t3, 0
core   0: 3 0x800004b6 (0x4e01) x28 0x00000000
core   0: 0x800004b8 (0x80000737) lui     a4, 0x80000
core   0: 3 0x800004b8 (0x80000737) x14 0x80000000
core   0: 0x800004bc (0x800000b7) lui     ra, 0x80000
core   0: 3 0x800004bc (0x800000b7) x 1 0x80000000
core   0: 0x800004c0 (0xed032eb7) lui     t4, 0xed032
core   0: 3 0x800004c0 (0xed032eb7) x29 0xed032000
core   0: 0x800004c4 (0x30ae8e93) addi    t4, t4, 778
core   0: 3 0x800004c4 (0x30ae8e93) x29 0xed03230a
core   0: 0x800004c8 (0xf58af4b7) lui     s1, 0xf58af
core   0: 3 0x800004c8 (0xf58af4b7) x 9 0xf58af000
core   0: 0x800004cc (0x6be48493) addi    s1, s1, 1726
core   0: 3 0x800004cc (0x6be48493) x 9 0xf58af6be
core   0: 0x800004d0 (0x883cd137) lui     sp, 0x883cd
core   0: 3 0x800004d0 (0x883cd137) x 2 0x883cd000
core   0: 0x800004d4 (0x09810113) addi    sp, sp, 152
core   0: 3 0x800004d4 (0x09810113) x 2 0x883cd098
core   0: 0x800004d8 (0x80000637) lui     a2, 0x80000
core   0: 3 0x800004d8 (0x80000637) x12 0x80000000
core   0: 0x800004dc (0xfff00c13) li      s8, -1
core   0: 3 0x800004dc (0xfff00c13) x24 0xffffffff
core   0: 0x800004e0 (0x022c2e33) mulhsu  t3, s8, sp
core   0: 3 0x800004e0 (0x022c2e33) x28 0xffffffff
core   0: 0x800004e4 (0x03110133) mul     sp, sp, a7
core   0: 3 0x800004e4 (0x03110133) x 2 0x00000000
core   0: 0x800004e8 (0x03c89133) mulh    sp, a7, t3
core   0: 3 0x800004e8 (0x03c89133) x 2 0x00000000
core   0: 0x800004ec (0x021158b3) divu    a7, sp, ra
core   0: 3 0x800004ec (0x021158b3) x17 0x00000000
core   0: 0x800004f0 (0x00000001) c.nop
core   0: 3 0x800004f0 (0x0001)
core   0: 0x800004f2 (0x02274e33) div     t3, a4, sp
core   0: 3 0x800004f2 (0x02274e33) x28 0xffffffff
core   0: 0x800004f6 (0xef973e97) auipc   t4, 0xef973
core   0: 3 0x800004f6 (0xef973e97) x29 0x6f9734f6
core   0: 0x800004fa (0x03d8e633) rem     a2, a7, t4
core   0: 3 0x800004fa (0x03d8e633) x12 0x00000000
core   0: 0x800004fe (0x00000001) c.nop
core   0: 3 0x800004fe (0x0001)
core   0: 0x80000500 (0x03c11c33) mulh    s8, sp, t3
core   0: 3 0x80000500 (0x03c11c33) x24 0x00000000
core   0: 0x80000504 (0x0294ac33) mulhsu  s8, s1, s1
core   0: 3 0x80000504 (0x0294ac33) x24 0xf5f850f8
core   0: 0x80000508 (0x02e71e33) mulh    t3, a4, a4
core   0: 3 0x80000508 (0x02e71e33) x28 0x40000000
core   0: 0x8000050c (0x00000001) c.nop
core   0: 3 0x8000050c (0x0001)
core   0: 0x8000050e (0x65f32737) lui     a4, 0x65f32
core   0: 3 0x8000050e (0x65f32737) x14 0x65f32000
core   0: 0x80000512 (0x000d24b7) lui     s1, 0xd2
core   0: 3 0x80000512 (0x000d24b7) x 9 0x000d2000
core   0: 0x80000516 (0x02210eb3) mul     t4, sp, sp
core   0: 3 0x80000516 (0x02210eb3) x29 0x00000000
core   0: 0x8000051a (0x022ea133) mulhsu  sp, t4, sp
core   0: 3 0x8000051a (0x022ea133) x 2 0x00000000
core   0: 0x8000051e (0x5ae28c37) lui     s8, 0x5ae28
core   0: 3 0x8000051e (0x5ae28c37) x24 0x5ae28000
core   0: 0x80000522 (0x418e0133) sub     sp, t3, s8
core   0: 3 0x80000522 (0x418e0133) x 2 0xe51d8000
core   0: 0x80000526 (0x00000001) c.nop
core   0: 3 0x80000526 (0x0001)
core   0: 0x80000528 (0x03c0e733) rem     a4, ra, t3
core   0: 3 0x80000528 (0x03c0e733) x14 0x00000000
core   0: 0x8000052c (0x2f8bb737) lui     a4, 0x2f8bb
core   0: 3 0x8000052c (0x2f8bb737) x14 0x2f8bb000
core   0: 0x80000530 (0x03c724b3) mulhsu  s1, a4, t3
core   0: 3 0x80000530 (0x03c724b3) x 9 0x0be2ec00
core   0: 0x80000534 (0x02cc14b3) mulh    s1, s8, a2
core   0: 3 0x80000534 (0x02cc14b3) x 9 0x00000000
core   0: 0x80000538 (0x031c5133) divu    sp, s8, a7
core   0: 3 0x80000538 (0x031c5133) x 2 0xffffffff
core   0: 0x8000053c (0x02ee6cb3) rem     s9, t3, a4
core   0: 3 0x8000053c (0x02ee6cb3) x25 0x10745000
core   0: 0x80000540 (0x0210ee33) rem     t3, ra, ra
core   0: 3 0x80000540 (0x0210ee33) x28 0x00000000
core   0: 0x80000544 (0x02cc5133) divu    sp, s8, a2
core   0: 3 0x80000544 (0x02cc5133) x 2 0xffffffff
core   0: 0x80000548 (0x03d71cb3) mulh    s9, a4, t4
core   0: 3 0x80000548 (0x03d71cb3) x25 0x00000000
core   0: 0x8000054c (0xb301a497) auipc   s1, 0xb301a
core   0: 3 0x8000054c (0xb301a497) x 9 0x3301a54c
core   0: 0x80000550 (0x00004c01) c.li    s8, 0
core   0: 3 0x80000550 (0x4c01) x24 0x00000000
core   0: 0x80000552 (0x5928a3b7) lui     t2, 0x5928a
core   0: 3 0x80000552 (0x5928a3b7) x 7 0x5928a000
core   0: 0x80000556 (0x16b38393) addi    t2, t2, 363
core   0: 3 0x80000556 (0x16b38393) x 7 0x5928a16b
core   0: 0x8000055a (0x2d8d3237) lui     tp, 0x2d8d3
core   0: 3 0x8000055a (0x2d8d3237) x 4 0x2d8d3000
core   0: 0x8000055e (0x16720213) addi    tp, tp, 359
core   0: 3 0x8000055e (0x16720213) x 4 0x2d8d3167
core   0: 0x80000562 (0xfff00d93) li      s11, -1
core   0: 3 0x80000562 (0xfff00d93) x27 0xffffffff
core   0: 0x80000566 (0xfff00593) li      a1, -1
core   0: 3 0x80000566 (0xfff00593) x11 0xffffffff
core   0: 0x8000056a (0x800008b7) lui     a7, 0x80000
core   0: 3 0x8000056a (0x800008b7) x17 0x80000000
core   0: 0x8000056e (0x800001b7) lui     gp, 0x80000
core   0: 3 0x8000056e (0x800001b7) x 3 0x80000000
core   0: 0x80000572 (0x800002b7) lui     t0, 0x80000
core   0: 3 0x80000572 (0x800002b7) x 5 0x80000000
core   0: 0x80000576 (0xc5f33a37) lui     s4, 0xc5f33
core   0: 3 0x80000576 (0xc5f33a37) x20 0xc5f33000
core   0: 0x8000057a (0x799a0a13) addi    s4, s4, 1945
core   0: 3 0x8000057a (0x799a0a13) x20 0xc5f33799
core   0: 0x8000057e (0xfff00693) li      a3, -1
core   0: 3 0x8000057e (0xfff00693) x13 0xffffffff
core   0: 0x80000582 (0x01b201b3) add     gp, tp, s11
core   0: 3 0x80000582 (0x01b201b3) x 3 0x2d8d3166
core   0: 0x80000586 (0x40bd88b3) sub     a7, s11, a1
core   0: 3 0x80000586 (0x40bd88b3) x17 0x00000000
core   0: 0x8000058a (0x418888b3) sub     a7, a7, s8
core   0: 3 0x8000058a (0x418888b3) x17 0x00000000
core   0: 0x8000058e (0x025c28b3) mulhsu  a7, s8, t0
core   0: 3 0x8000058e (0x025c28b3) x17 0x00000000
core   0: 0x80000592 (0x0273c2b3) div     t0, t2, t2
core   0: 3 0x80000592 (0x0273c2b3) x 5 0x00000001
core   0: 0x80000596 (0x03823a33) mulhu   s4, tp, s8
core   0: 3 0x80000596 (0x03823a33) x20 0x00000000
core   0: 0x8000059a (0x0236a2b3) mulhsu  t0, a3, gp
core   0: 3 0x8000059a (0x0236a2b3) x 5 0xffffffff
core   0: 0x8000059e (0x0231e3b3) rem     t2, gp, gp
core   0: 3 0x8000059e (0x0231e3b3) x 7 0x00000000
core   0: 0x800005a2 (0x031df8b3) remu    a7, s11, a7
core   0: 3 0x800005a2 (0x031df8b3) x17 0xffffffff
core   0: 0x800005a6 (0x024385b3) mul     a1, t2, tp
core   0: 3 0x800005a6 (0x024385b3) x11 0x00000000
core   0: 0x800005aa (0x025a5a33) divu    s4, s4, t0
core   0: 3 0x800005aa (0x025a5a33) x20 0x00000000
core   0: 0x800005ae (0x03bdaa33) mulhsu  s4, s11, s11
core   0: 3 0x800005ae (0x03bdaa33) x20 0xffffffff
core   0: 0x800005b2 (0x00000001) c.nop
core   0: 3 0x800005b2 (0x0001)
core   0: 0x800005b4 (0x00000001) c.nop
core   0: 3 0x800005b4 (0x0001)
core   0: 0x800005b6 (0x0348a1b3) mulhsu  gp, a7, s4
core   0: 3 0x800005b6 (0x0348a1b3) x 3 0xffffffff
core   0: 0x800005ba (0x61588593) addi    a1, a7, 1557
core   0: 3 0x800005ba (0x61588593) x11 0x00000614
core   0: 0x800005be (0x02b1d3b3) divu    t2, gp, a1
core   0: 3 0x800005be (0x02b1d3b3) x 7 0x002a1e45
core   0: 0x800005c2 (0x027d8233) mul     tp, s11, t2
core   0: 3 0x800005c2 (0x027d8233) x 4 0xffd5e1bb
core   0: 0x800005c6 (0x02b39c33) mulh    s8, t2, a1
core   0: 3 0x800005c6 (0x02b39c33) x24 0x00000000
core   0: 0x800005ca (0x0388bc33) mulhu   s8, a7, s8
core   0: 3 0x800005ca (0x0388bc33) x24 0x00000000
core   0: 0x800005ce (0x023586b3) mul     a3, a1, gp
core   0: 3 0x800005ce (0x023586b3) x13 0xfffff9ec
core   0: 0x800005d2 (0xa24b8697) auipc   a3, 0xa24b8
core   0: 3 0x800005d2 (0xa24b8697) x13 0x224b85d2
core   0: 0x800005d6 (0x025a0233) mul     tp, s4, t0
core   0: 3 0x800005d6 (0x025a0233) x 4 0x00000001
core   0: 0x800005da (0x0276ec33) rem     s8, a3, t2
core   0: 3 0x800005da (0x0276ec33) x24 0x0012edc2
core   0: 0x800005de (0x0233ac33) mulhsu  s8, t2, gp
core   0: 3 0x800005de (0x0233ac33) x24 0x002a1e44
core   0: 0x800005e2 (0xc6318c13) addi    s8, gp, -925
core   0: 3 0x800005e2 (0xc6318c13) x24 0xfffffc62
core   0: 0x800005e6 (0x00004601) c.li    a2, 0
core   0: 3 0x800005e6 (0x4601) x12 0x00000000
core   0: 0x800005e8 (0xfff00593) li      a1, -1
core   0: 3 0x800005e8 (0xfff00593) x11 0xffffffff
core   0: 0x800005ec (0xfff00693) li      a3, -1
core   0: 3 0x800005ec (0xfff00693) x13 0xffffffff
core   0: 0x800005f0 (0xfff00213) li      tp, -1
core   0: 3 0x800005f0 (0xfff00213) x 4 0xffffffff
core   0: 0x800005f4 (0xfff00493) li      s1, -1
core   0: 3 0x800005f4 (0xfff00493) x 9 0xffffffff
core   0: 0x800005f8 (0x80000e37) lui     t3, 0x80000
core   0: 3 0x800005f8 (0x80000e37) x28 0x80000000
core   0: 0x800005fc (0x9f5693b7) lui     t2, 0x9f569
core   0: 3 0x800005fc (0x9f5693b7) x 7 0x9f569000
core   0: 0x80000600 (0x8c238393) addi    t2, t2, -1854
core   0: 3 0x80000600 (0x8c238393) x 7 0x9f5688c2
core   0: 0x80000604 (0xfff00a93) li      s5, -1
core   0: 3 0x80000604 (0xfff00a93) x21 0xffffffff
core   0: 0x80000608 (0x00004d01) c.li    s10, 0
core   0: 3 0x80000608 (0x4d01) x26 0x00000000
core   0: 0x8000060a (0x8eb61c37) lui     s8, 0x8eb61
core   0: 3 0x8000060a (0x8eb61c37) x24 0x8eb61000
core   0: 0x8000060e (0xf54c0c13) addi    s8, s8, -172
core   0: 3 0x8000060e (0xf54c0c13) x24 0x8eb60f54
core   0: 0x80000612 (0x00000001) c.nop
core   0: 3 0x80000612 (0x0001)
core   0: 0x80000614 (0xef8a8213) addi    tp, s5, -264
core   0: 3 0x80000614 (0xef8a8213) x 4 0xfffffef7
core   0: 0x80000618 (0x0276dc33) divu    s8, a3, t2
core   0: 3 0x80000618 (0x0276dc33) x24 0x00000001
core   0: 0x8000061c (0x0296fd33) remu    s10, a3, s1
core   0: 3 0x8000061c (0x0296fd33) x26 0x00000000
core   0: 0x80000620 (0x02959ab3) mulh    s5, a1, s1
core   0: 3 0x80000620 (0x02959ab3) x21 0x00000000
core   0: 0x80000624 (0x018386b3) add     a3, t2, s8
core   0: 3 0x80000624 (0x018386b3) x13 0x9f5688c3
core   0: 0x80000628 (0x03cacd33) div     s10, s5, t3
core   0: 3 0x80000628 (0x03cacd33) x26 0x00000000
core   0: 0x8000062c (0x02cabab3) mulhu   s5, s5, a2
core   0: 3 0x8000062c (0x02cabab3) x21 0x00000000
core   0: 0x80000630 (0x9c7b3237) lui     tp, 0x9c7b3
core   0: 3 0x80000630 (0x9c7b3237) x 4 0x9c7b3000
core   0: 0x80000634 (0x03a66c33) rem     s8, a2, s10
core   0: 3 0x80000634 (0x03a66c33) x24 0x00000000
core   0: 0x80000638 (0x58504237) lui     tp, 0x58504
core   0: 3 0x80000638 (0x58504237) x 4 0x58504000
core   0: 0x8000063c (0x02958633) mul     a2, a1, s1
core   0: 3 0x8000063c (0x02958633) x12 0x00000001
core   0: 0x80000640 (0x03c393b3) mulh    t2, t2, t3
core   0: 3 0x80000640 (0x03c393b3) x 7 0x3054bb9f
core   0: 0x80000644 (0x02c6bd33) mulhu   s10, a3, a2
core   0: 3 0x80000644 (0x02c6bd33) x26 0x00000000
core   0: 0x80000648 (0xcc2c0213) addi    tp, s8, -830
core   0: 3 0x80000648 (0xcc2c0213) x 4 0xfffffcc2
core   0: 0x8000064c (0xfb2994b7) lui     s1, 0xfb299
core   0: 3 0x8000064c (0xfb2994b7) x 9 0xfb299000
core   0: 0x80000650 (0x03ac46b3) div     a3, s8, s10
core   0: 3 0x80000650 (0x03ac46b3) x13 0xffffffff
core   0: 0x80000654 (0x02d27633) remu    a2, tp, a3
core   0: 3 0x80000654 (0x02d27633) x12 0xfffffcc2
core   0: 0x80000658 (0x2383f3b7) lui     t2, 0x2383f
core   0: 3 0x80000658 (0x2383f3b7) x 7 0x2383f000
core   0: 0x8000065c (0x02daaab3) mulhsu  s5, s5, a3
core   0: 3 0x8000065c (0x02daaab3) x21 0x00000000
core   0: 0x80000660 (0x8cf62397) auipc   t2, 0x8cf62
core   0: 3 0x80000660 (0x8cf62397) x 7 0x0cf62660
core   0: 0x80000664 (0x0384f233) remu    tp, s1, s8
core   0: 3 0x80000664 (0x0384f233) x 4 0xfb299000
core   0: 0x80000668 (0x40dd03b3) sub     t2, s10, a3
core   0: 3 0x80000668 (0x40dd03b3) x 7 0x00000001
core   0: 0x8000066c (0x5fea8a93) addi    s5, s5, 1534
core   0: 3 0x8000066c (0x5fea8a93) x21 0x000005fe
core   0: 0x80000670 (0x029663b3) rem     t2, a2, s1
core   0: 3 0x80000670 (0x029663b3) x 7 0xfffffcc2
core   0: 0x80000674 (0x0383fe33) remu    t3, t2, s8
core   0: 3 0x80000674 (0x0383fe33) x28 0xfffffcc2
core   0: 0x80000678 (0xc89e4497) auipc   s1, 0xc89e4
core   0: 3 0x80000678 (0xc89e4497) x 9 0x489e4678
core   0: 0x8000067c (0x07300d37) lui     s10, 0x7300
core   0: 3 0x8000067c (0x07300d37) x26 0x07300000
core   0: 0x80000680 (0x00004c81) c.li    s9, 0
core   0: 3 0x80000680 (0x4c81) x25 0x00000000
core   0: 0x80000682 (0x00004f01) c.li    t5, 0
core   0: 3 0x80000682 (0x4f01) x30 0x00000000
core   0: 0x80000684 (0xfff00193) li      gp, -1
core   0: 3 0x80000684 (0xfff00193) x 3 0xffffffff
core   0: 0x80000688 (0x800005b7) lui     a1, 0x80000
core   0: 3 0x80000688 (0x800005b7) x11 0x80000000
core   0: 0x8000068c (0x80000537) lui     a0, 0x80000
core   0: 3 0x8000068c (0x80000537) x10 0x80000000
core   0: 0x80000690 (0xc3291a37) lui     s4, 0xc3291
core   0: 3 0x80000690 (0xc3291a37) x20 0xc3291000
core   0: 0x80000694 (0xfd0a0a13) addi    s4, s4, -48
core   0: 3 0x80000694 (0xfd0a0a13) x20 0xc3290fd0
core   0: 0x80000698 (0xfff00e93) li      t4, -1
core   0: 3 0x80000698 (0xfff00e93) x29 0xffffffff
core   0: 0x8000069c (0x800002b7) lui     t0, 0x80000
core   0: 3 0x8000069c (0x800002b7) x 5 0x80000000
core   0: 0x800006a0 (0x92c7a0b7) lui     ra, 0x92c7a
core   0: 3 0x800006a0 (0x92c7a0b7) x 1 0x92c7a000
core   0: 0x800006a4 (0xa3108093) addi    ra, ra, -1487
core   0: 3 0x800006a4 (0xa3108093) x 1 0x92c79a31
core   0: 0x800006a8 (0x80000937) lui     s2, 0x80000
core   0: 3 0x800006a8 (0x80000937) x18 0x80000000
core   0: 0x800006ac (0x03e0cf33) div     t5, ra, t5
core   0: 3 0x800006ac (0x03e0cf33) x30 0xffffffff
core   0: 0x800006b0 (0x02b2b1b3) mulhu   gp, t0, a1
core   0: 3 0x800006b0 (0x02b2b1b3) x 3 0x40000000
core   0: 0x800006b4 (0x6fcf0513) addi    a0, t5, 1788
core   0: 3 0x800006b4 (0x6fcf0513) x10 0x000006fb
core   0: 0x800006b8 (0x79578f37) lui     t5, 0x79578
core   0: 3 0x800006b8 (0x79578f37) x30 0x79578000
core   0: 0x800006bc (0x65ded517) auipc   a0, 0x65ded
core   0: 3 0x800006bc (0x65ded517) x10 0xe5ded6bc
core   0: 0x800006c0 (0x00000001) c.nop
core   0: 3 0x800006c0 (0x0001)
core   0: 0x800006c2 (0x0231eeb3) rem     t4, gp, gp
core   0: 3 0x800006c2 (0x0231eeb3) x29 0x00000000
core   0: 0x800006c6 (0x0320e5b3) rem     a1, ra, s2
core   0: 3 0x800006c6 (0x0320e5b3) x11 0x92c79a31
core   0: 0x800006ca (0x01ee85b3) add     a1, t4, t5
core   0: 3 0x800006ca (0x01ee85b3) x11 0x79578000
core   0: 0x800006ce (0x025f6533) rem     a0, t5, t0
core   0: 3 0x800006ce (0x025f6533) x10 0x79578000
core   0: 0x800006d2 (0x021cb5b3) mulhu   a1, s9, ra
core   0: 3 0x800006d2 (0x021cb5b3) x11 0x00000000
core   0: 0x800006d6 (0x0391a2b3) mulhsu  t0, gp, s9
core   0: 3 0x800006d6 (0x0391a2b3) x 5 0x00000000
core   0: 0x800006da (0x03e5d933) divu    s2, a1, t5
core   0: 3 0x800006da (0x03e5d933) x18 0x00000000
core   0: 0x800006de (0x02a0d2b3) divu    t0, ra, a0
core   0: 3 0x800006de (0x02a0d2b3) x 5 0x00000001
core   0: 0x800006e2 (0x35658293) addi    t0, a1, 854
core   0: 3 0x800006e2 (0x35658293) x 5 0x00000356
core   0: 0x800006e6 (0xfff00193) li      gp, -1
core   0: 3 0x800006e6 (0xfff00193) x 3 0xffffffff
core   0: 0x800006ea (0xfff00493) li      s1, -1
core   0: 3 0x800006ea (0xfff00493) x 9 0xffffffff
core   0: 0x800006ee (0xfff00213) li      tp, -1
core   0: 3 0x800006ee (0xfff00213) x 4 0xffffffff
core   0: 0x800006f2 (0x00004381) c.li    t2, 0
core   0: 3 0x800006f2 (0x4381) x 7 0x00000000
core   0: 0x800006f4 (0x80000ab7) lui     s5, 0x80000
core   0: 3 0x800006f4 (0x80000ab7) x21 0x80000000
core   0: 0x800006f8 (0x00004781) c.li    a5, 0
core   0: 3 0x800006f8 (0x4781) x15 0x00000000
core   0: 0x800006fa (0x00004c81) c.li    s9, 0
core   0: 3 0x800006fa (0x4c81) x25 0x00000000
core   0: 0x800006fc (0x33d0a2b7) lui     t0, 0x33d0a
core   0: 3 0x800006fc (0x33d0a2b7) x 5 0x33d0a000
core   0: 0x80000700 (0xfc728293) addi    t0, t0, -57
core   0: 3 0x80000700 (0xfc728293) x 5 0x33d09fc7
core   0: 0x80000704 (0x00004981) c.li    s3, 0
core   0: 3 0x80000704 (0x4981) x19 0x00000000
core   0: 0x80000706 (0xf9ecddb7) lui     s11, 0xf9ecd
core   0: 3 0x80000706 (0xf9ecddb7) x27 0xf9ecd000
core   0: 0x8000070a (0x55cd8d93) addi    s11, s11, 1372
core   0: 3 0x8000070a (0x55cd8d93) x27 0xf9ecd55c
core   0: 0x8000070e (0x00000001) c.nop
core   0: 3 0x8000070e (0x0001)
core   0: 0x80000710 (0x0359fab3) remu    s5, s3, s5
core   0: 3 0x80000710 (0x0359fab3) x21 0x00000000
core   0: 0x80000714 (0x02f4cdb3) div     s11, s1, a5
core   0: 3 0x80000714 (0x02f4cdb3) x27 0xffffffff
core   0: 0x80000718 (0x02f207b3) mul     a5, tp, a5
core   0: 3 0x80000718 (0x02f207b3) x15 0x00000000
core   0: 0x8000071c (0xbac20293) addi    t0, tp, -1108
core   0: 3 0x8000071c (0xbac20293) x 5 0xfffffbab
core   0: 0x80000720 (0x03b4d1b3) divu    gp, s1, s11
core   0: 3 0x80000720 (0x03b4d1b3) x 3 0x00000001
core   0: 0x80000724 (0x0297f2b3) remu    t0, a5, s1
core   0: 3 0x80000724 (0x0297f2b3) x 5 0x00000000
core   0: 0x80000728 (0x03918db3) mul     s11, gp, s9
core   0: 3 0x80000728 (0x03918db3) x27 0x00000000
core   0: 0x8000072c (0x2be8fdb7) lui     s11, 0x2be8f
core   0: 3 0x8000072c (0x2be8fdb7) x27 0x2be8f000
core   0: 0x80000730 (0x0231a9b3) mulhsu  s3, gp, gp
core   0: 3 0x80000730 (0x0231a9b3) x19 0x00000000
core   0: 0x80000734 (0x60b98793) addi    a5, s3, 1547
core   0: 3 0x80000734 (0x60b98793) x15 0x0000060b
core   0: 0x80000738 (0x00000001) c.nop
core   0: 3 0x80000738 (0x0001)
core   0: 0x8000073a (0x023adcb3) divu    s9, s5, gp
core   0: 3 0x8000073a (0x023adcb3) x25 0x00000000
core   0: 0x8000073e (0x0339c4b3) div     s1, s3, s3
core   0: 3 0x8000073e (0x0339c4b3) x 9 0xffffffff
core   0: 0x80000742 (0x027484b3) mul     s1, s1, t2
core   0: 3 0x80000742 (0x027484b3) x 9 0x00000000
core   0: 0x80000746 (0x0397e3b3) rem     t2, a5, s9
core   0: 3 0x80000746 (0x0397e3b3) x 7 0x0000060b
core   0: 0x8000074a (0x033df4b3) remu    s1, s11, s3
core   0: 3 0x8000074a (0x033df4b3) x 9 0x2be8f000
core   0: 0x8000074e (0x033decb3) rem     s9, s11, s3
core   0: 3 0x8000074e (0x033decb3) x25 0x2be8f000
core   0: 0x80000752 (0x03b204b3) mul     s1, tp, s11
core   0: 3 0x80000752 (0x03b204b3) x 9 0xd4171000
core   0: 0x80000756 (0x00000001) c.nop
core   0: 3 0x80000756 (0x0001)
core   0: 0x80000758 (0x603f7cb7) lui     s9, 0x603f7
core   0: 3 0x80000758 (0x603f7cb7) x25 0x603f7000
core   0: 0x8000075c (0x023c93b3) mulh    t2, s9, gp
core   0: 3 0x8000075c (0x023c93b3) x 7 0x00000000
core   0: 0x80000760 (0x0291e9b3) rem     s3, gp, s1
core   0: 3 0x80000760 (0x0291e9b3) x19 0x00000001
core   0: 0x80000764 (0x0247c233) div     tp, a5, tp
core   0: 3 0x80000764 (0x0247c233) x 4 0xfffff9f5
core   0: 0x80000768 (0x00004101) c.li    sp, 0
core   0: 3 0x80000768 (0x4101) x 2 0x00000000
core   0: 0x8000076a (0xfff00513) li      a0, -1
core   0: 3 0x8000076a (0xfff00513) x10 0xffffffff
core   0: 0x8000076e (0xcd6475b7) lui     a1, 0xcd647
core   0: 3 0x8000076e (0xcd6475b7) x11 0xcd647000
core   0: 0x80000772 (0x7ee58593) addi    a1, a1, 2030
core   0: 3 0x80000772 (0x7ee58593) x11 0xcd6477ee
core   0: 0x80000776 (0xf220bdb7) lui     s11, 0xf220b
core   0: 3 0x80000776 (0xf220bdb7) x27 0xf220b000
core   0: 0x8000077a (0xa97d8d93) addi    s11, s11, -1385
core   0: 3 0x8000077a (0xa97d8d93) x27 0xf220aa97
core   0: 0x8000077e (0x00004281) c.li    t0, 0
core   0: 3 0x8000077e (0x4281) x 5 0x00000000
core   0: 0x80000780 (0xfff00093) li      ra, -1
core   0: 3 0x80000780 (0xfff00093) x 1 0xffffffff
core   0: 0x80000784 (0x00004201) c.li    tp, 0
core   0: 3 0x80000784 (0x4201) x 4 0x00000000
core   0: 0x80000786 (0x00004e81) c.li    t4, 0
core   0: 3 0x80000786 (0x4e81) x29 0x00000000
core   0: 0x80000788 (0xecc653b7) lui     t2, 0xecc65
core   0: 3 0x80000788 (0xecc653b7) x 7 0xecc65000
core   0: 0x8000078c (0x49e38393) addi    t2, t2, 1182
core   0: 3 0x8000078c (0x49e38393) x 7 0xecc6549e
core   0: 0x80000790 (0x00004a01) c.li    s4, 0
core   0: 3 0x80000790 (0x4a01) x20 0x00000000
core   0: 0x80000792 (0x0273aeb3) mulhsu  t4, t2, t2
core   0: 3 0x80000792 (0x0273aeb3) x29 0xee37f10c
core   0: 0x80000796 (0x40b28a33) sub     s4, t0, a1
core   0: 3 0x80000796 (0x40b28a33) x20 0x329b8812
core   0: 0x8000079a (0x0240d233) divu    tp, ra, tp
core   0: 3 0x8000079a (0x0240d233) x 4 0xffffffff
core   0: 0x8000079e (0x50a5f297) auipc   t0, 0x50a5f
core   0: 3 0x8000079e (0x50a5f297) x 5 0xd0a5f79e
core   0: 0x800007a2 (0x022efdb3) remu    s11, t4, sp
core   0: 3 0x800007a2 (0x022efdb3) x27 0xee37f10c
core   0: 0x800007a6 (0x021d9eb3) mulh    t4, s11, ra
core   0: 3 0x800007a6 (0x021d9eb3) x29 0x00000000
core   0: 0x800007aa (0x41d08133) sub     sp, ra, t4
core   0: 3 0x800007aa (0x41d08133) x 2 0xffffffff
core   0: 0x800007ae (0x00000001) c.nop
core   0: 3 0x800007ae (0x0001)
core   0: 0x800007b0 (0x24650a13) addi    s4, a0, 582
core   0: 3 0x800007b0 (0x24650a13) x20 0x00000245
core   0: 0x800007b4 (0x02a260b3) rem     ra, tp, a0
core   0: 3 0x800007b4 (0x02a260b3) x 1 0x00000000
core   0: 0x800007b8 (0x02a57db3) remu    s11, a0, a0
core   0: 3 0x800007b8 (0x02a57db3) x27 0x00000000
core   0: 0x800007bc (0x40be85b3) sub     a1, t4, a1
core   0: 3 0x800007bc (0x40be85b3) x11 0x329b8812
core   0: 0x800007c0 (0x0252a0b3) mulhsu  ra, t0, t0
core   0: 3 0x800007c0 (0x0252a0b3) x 1 0xd968265b
core   0: 0x800007c4 (0x1bedfa37) lui     s4, 0x1bedf
core   0: 3 0x800007c4 (0x1bedfa37) x20 0x1bedf000
core   0: 0x800007c8 (0x414280b3) sub     ra, t0, s4
core   0: 3 0x800007c8 (0x414280b3) x 1 0xb4b8079e
core   0: 0x800007cc (0x024505b3) mul     a1, a0, tp
core   0: 3 0x800007cc (0x024505b3) x11 0x00000001
core   0: 0x800007d0 (0x02a3c233) div     tp, t2, a0
core   0: 3 0x800007d0 (0x02a3c233) x 4 0x1339ab62
core   0: 0x800007d4 (0x401a00b3) sub     ra, s4, ra
core   0: 3 0x800007d4 (0x401a00b3) x 1 0x6735e862
core   0: 0x800007d8 (0x00004201) c.li    tp, 0
core   0: 3 0x800007d8 (0x4201) x 4 0x00000000
core   0: 0x800007da (0x97ea8337) lui     t1, 0x97ea8
core   0: 3 0x800007da (0x97ea8337) x 6 0x97ea8000
core   0: 0x800007de (0x48d30313) addi    t1, t1, 1165
core   0: 3 0x800007de (0x48d30313) x 6 0x97ea848d
core   0: 0x800007e2 (0xfff00713) li      a4, -1
core   0: 3 0x800007e2 (0xfff00713) x14 0xffffffff
core   0: 0x800007e6 (0xfff00d93) li      s11, -1
core   0: 3 0x800007e6 (0xfff00d93) x27 0xffffffff
core   0: 0x800007ea (0xfff00393) li      t2, -1
core   0: 3 0x800007ea (0xfff00393) x 7 0xffffffff
core   0: 0x800007ee (0x00004501) c.li    a0, 0
core   0: 3 0x800007ee (0x4501) x10 0x00000000
core   0: 0x800007f0 (0xfff00293) li      t0, -1
core   0: 3 0x800007f0 (0xfff00293) x 5 0xffffffff
core   0: 0x800007f4 (0xfff00613) li      a2, -1
core   0: 3 0x800007f4 (0xfff00613) x12 0xffffffff
core   0: 0x800007f8 (0xd7ffccb7) lui     s9, 0xd7ffc
core   0: 3 0x800007f8 (0xd7ffccb7) x25 0xd7ffc000
core   0: 0x800007fc (0x574c8c93) addi    s9, s9, 1396
core   0: 3 0x800007fc (0x574c8c93) x25 0xd7ffc574
core   0: 0x80000800 (0x00004f81) c.li    t6, 0
core   0: 3 0x80000800 (0x4f81) x31 0x00000000
core   0: 0x80000802 (0x039cafb3) mulhsu  t6, s9, s9
core   0: 3 0x80000802 (0x039cafb3) x31 0xde3fd7bf
core   0: 0x80000806 (0x039da633) mulhsu  a2, s11, s9
core   0: 3 0x80000806 (0x039da633) x12 0xffffffff
core   0: 0x8000080a (0x02eca333) mulhsu  t1, s9, a4
core   0: 3 0x8000080a (0x02eca333) x 6 0xd7ffc574
core   0: 0x8000080e (0x41920633) sub     a2, tp, s9
core   0: 3 0x8000080e (0x41920633) x12 0x28003a8c
core   0: 0x80000812 (0x0252e633) rem     a2, t0, t0
core   0: 3 0x80000812 (0x0252e633) x12 0x00000000
core   0: 0x80000816 (0x027fb2b3) mulhu   t0, t6, t2
core   0: 3 0x80000816 (0x027fb2b3) x 5 0xde3fd7be
core   0: 0x8000081a (0x02e21fb3) mulh    t6, tp, a4
core   0: 3 0x8000081a (0x02e21fb3) x31 0x00000000
core   0: 0x8000081e (0x00000001) c.nop
core   0: 3 0x8000081e (0x0001)
core   0: 0x80000820 (0x02ac92b3) mulh    t0, s9, a0
core   0: 3 0x80000820 (0x02ac92b3) x 5 0x00000000
core   0: 0x80000824 (0xf21d3517) auipc   a0, 0xf21d3
core   0: 3 0x80000824 (0xf21d3517) x10 0x721d3824
core   0: 0x80000828 (0x02e3a3b3) mulhsu  t2, t2, a4
core   0: 3 0x80000828 (0x02e3a3b3) x 7 0xffffffff
core   0: 0x8000082c (0x02751233) mulh    tp, a0, t2
core   0: 3 0x8000082c (0x02751233) x 4 0xffffffff
core   0: 0x80000830 (0x51f30513) addi    a0, t1, 1311
core   0: 3 0x80000830 (0x51f30513) x10 0xd7ffca93
core   0: 0x80000834 (0x03bcb733) mulhu   a4, s9, s11
core   0: 3 0x80000834 (0x03bcb733) x14 0xd7ffc573
core   0: 0x80000838 (0x02edc533) div     a0, s11, a4
core   0: 3 0x80000838 (0x02edc533) x10 0x00000000
core   0: 0x8000083c (0x02e3e533) rem     a0, t2, a4
core   0: 3 0x8000083c (0x02e3e533) x10 0xffffffff
core   0: 0x80000840 (0x41c12637) lui     a2, 0x41c12
core   0: 3 0x80000840 (0x41c12637) x12 0x41c12000
core   0: 0x80000844 (0x02cc8533) mul     a0, s9, a2
core   0: 3 0x80000844 (0x02cc8533) x10 0x49228000
core   0: 0x80000848 (0x40ec8533) sub     a0, s9, a4
core   0: 3 0x80000848 (0x40ec8533) x10 0x00000001
core   0: 0x8000084c (0x02464db3) div     s11, a2, tp
core   0: 3 0x8000084c (0x02464db3) x27 0xbe3ee000
core   0: 0x80000850 (0x02cc8cb3) mul     s9, s9, a2
core   0: 3 0x80000850 (0x02cc8cb3) x25 0x49228000
core   0: 0x80000854 (0x02e65fb3) divu    t6, a2, a4
core   0: 3 0x80000854 (0x02e65fb3) x31 0x00000000
core   0: 0x80000858 (0x00470cb3) add     s9, a4, tp
core   0: 3 0x80000858 (0x00470cb3) x25 0xd7ffc572
core   0: 0x8000085c (0xea842637) lui     a2, 0xea842
core   0: 3 0x8000085c (0xea842637) x12 0xea842000
core   0: 0x80000860 (0x41b60533) sub     a0, a2, s11
core   0: 3 0x80000860 (0x41b60533) x10 0x2c454000
core   0: 0x80000864 (0x00000001) c.nop
core   0: 3 0x80000864 (0x0001)
core   0: 0x80000866 (0x02455fb3) divu    t6, a0, tp
core   0: 3 0x80000866 (0x02455fb3) x31 0x00000000
core   0: 0x8000086a (0x2c9730b7) lui     ra, 0x2c973
core   0: 3 0x8000086a (0x2c9730b7) x 1 0x2c973000
core   0: 0x8000086e (0x23108093) addi    ra, ra, 561
core   0: 3 0x8000086e (0x23108093) x 1 0x2c973231
core   0: 0x80000872 (0xfff00c93) li      s9, -1
core   0: 3 0x80000872 (0xfff00c93) x25 0xffffffff
core   0: 0x80000876 (0x80000937) lui     s2, 0x80000
core   0: 3 0x80000876 (0x80000937) x18 0x80000000
core   0: 0x8000087a (0xeee37537) lui     a0, 0xeee37
core   0: 3 0x8000087a (0xeee37537) x10 0xeee37000
core   0: 0x8000087e (0x0ec50513) addi    a0, a0, 236
core   0: 3 0x8000087e (0x0ec50513) x10 0xeee370ec
core   0: 0x80000882 (0x00004a81) c.li    s5, 0
core   0: 3 0x80000882 (0x4a81) x21 0x00000000
core   0: 0x80000884 (0x80000a37) lui     s4, 0x80000
core   0: 3 0x80000884 (0x80000a37) x20 0x80000000
core   0: 0x80000888 (0x800001b7) lui     gp, 0x80000
core   0: 3 0x80000888 (0x800001b7) x 3 0x80000000
core   0: 0x8000088c (0x2a55bf37) lui     t5, 0x2a55b
core   0: 3 0x8000088c (0x2a55bf37) x30 0x2a55b000
core   0: 0x80000890 (0x07bf0f13) addi    t5, t5, 123
core   0: 3 0x80000890 (0x07bf0f13) x30 0x2a55b07b
core   0: 0x80000894 (0x80000737) lui     a4, 0x80000
core   0: 3 0x80000894 (0x80000737) x14 0x80000000
core   0: 0x80000898 (0x00004881) c.li    a7, 0
core   0: 3 0x80000898 (0x4881) x17 0x00000000
core   0: 0x8000089a (0x02190ab3) mul     s5, s2, ra
core   0: 3 0x8000089a (0x02190ab3) x21 0x80000000
core   0: 0x8000089e (0x03994f33) div     t5, s2, s9
core   0: 3 0x8000089e (0x03994f33) x30 0x80000000
core   0: 0x800008a2 (0x41e508b3) sub     a7, a0, t5
core   0: 3 0x800008a2 (0x41e508b3) x17 0x6ee370ec
core   0: 0x800008a6 (0x02118cb3) mul     s9, gp, ra
core   0: 3 0x800008a6 (0x02118cb3) x25 0x80000000
core   0: 0x800008aa (0x00000001) c.nop
core   0: 3 0x800008aa (0x0001)
core   0: 0x800008ac (0x00000001) c.nop
core   0: 3 0x800008ac (0x0001)
core   0: 0x800008ae (0x41170f33) sub     t5, a4, a7
core   0: 3 0x800008ae (0x41170f33) x30 0x111c8f14
core   0: 0x800008b2 (0x90b08893) addi    a7, ra, -1781
core   0: 3 0x800008b2 (0x90b08893) x17 0x2c972b3c
core   0: 0x800008b6 (0x031cb533) mulhu   a0, s9, a7
core   0: 3 0x800008b6 (0x031cb533) x10 0x164b959e
core   0: 0x800008ba (0xe7a520b7) lui     ra, 0xe7a52
core   0: 3 0x800008ba (0xe7a520b7) x 1 0xe7a52000
core   0: 0x800008be (0x5fa33a37) lui     s4, 0x5fa33
core   0: 3 0x800008be (0x5fa33a37) x20 0x5fa33000
core   0: 0x800008c2 (0xe8608513) addi    a0, ra, -378
core   0: 3 0x800008c2 (0xe8608513) x10 0xe7a51e86
core   0: 0x800008c6 (0x03e53933) mulhu   s2, a0, t5
core   0: 3 0x800008c6 (0x03e53933) x18 0x0f7bce8d
core   0: 0x800008ca (0x02aaaa33) mulhsu  s4, s5, a0
core   0: 3 0x800008ca (0x02aaaa33) x20 0x8c2d70bd
core   0: 0x800008ce (0xf7ce1097) auipc   ra, 0xf7ce1
core   0: 3 0x800008ce (0xf7ce1097) x 1 0x77ce18ce
core   0: 0x800008d2 (0x02a50cb3) mul     s9, a0, a0
core   0: 3 0x800008d2 (0x02a50cb3) x25 0x305fae24
core   0: 0x800008d6 (0x03475a33) divu    s4, a4, s4
core   0: 3 0x800008d6 (0x03475a33) x20 0x00000000
core   0: 0x800008da (0x4e2c8a13) addi    s4, s9, 1250
core   0: 3 0x800008da (0x4e2c8a13) x20 0x305fb306
core   0: 0x800008de (0x401f0cb3) sub     s9, t5, ra
core   0: 3 0x800008de (0x401f0cb3) x25 0x994e7646
core   0: 0x800008e2 (0x03997a33) remu    s4, s2, s9
core   0: 3 0x800008e2 (0x03997a33) x20 0x0f7bce8d
core   0: 0x800008e6 (0x03ec9cb3) mulh    s9, s9, t5
core   0: 3 0x800008e6 (0x03ec9cb3) x25 0xf922c10a
core   0: 0x800008ea (0x414a8733) sub     a4, s5, s4
core   0: 3 0x800008ea (0x414a8733) x14 0x70843173
core   0: 0x800008ee (0x0391b0b3) mulhu   ra, gp, s9
core   0: 3 0x800008ee (0x0391b0b3) x 1 0x7c916085
core   0: 0x800008f2 (0x0351df33) divu    t5, gp, s5
core   0: 3 0x800008f2 (0x0351df33) x30 0x00000001
core   0: 0x800008f6 (0x02197ab3) remu    s5, s2, ra
core   0: 3 0x800008f6 (0x02197ab3) x21 0x0f7bce8d
core   0: 0x800008fa (0x034f38b3) mulhu   a7, t5, s4
core   0: 3 0x800008fa (0x034f38b3) x17 0x00000000
core   0: 0x800008fe (0x800002b7) lui     t0, 0x80000
core   0: 3 0x800008fe (0x800002b7) x 5 0x80000000
core   0: 0x80000902 (0x00004981) c.li    s3, 0
core   0: 3 0x80000902 (0x4981) x19 0x00000000
core   0: 0x80000904 (0x26bbd6b7) lui     a3, 0x26bbd
core   0: 3 0x80000904 (0x26bbd6b7) x13 0x26bbd000
core   0: 0x80000908 (0xde368693) addi    a3, a3, -541
core   0: 3 0x80000908 (0xde368693) x13 0x26bbcde3
core   0: 0x8000090c (0x80000937) lui     s2, 0x80000
core   0: 3 0x8000090c (0x80000937) x18 0x80000000
core   0: 0x80000910 (0xfff00c13) li      s8, -1
core   0: 3 0x80000910 (0xfff00c13) x24 0xffffffff
core   0: 0x80000914 (0x00004881) c.li    a7, 0
core   0: 3 0x80000914 (0x4881) x17 0x00000000
core   0: 0x80000916 (0xfff00313) li      t1, -1
core   0: 3 0x80000916 (0xfff00313) x 6 0xffffffff
core   0: 0x8000091a (0xfff00613) li      a2, -1
core   0: 3 0x8000091a (0xfff00613) x12 0xffffffff
core   0: 0x8000091e (0x80000437) lui     s0, 0x80000
core   0: 3 0x8000091e (0x80000437) x 8 0x80000000
core   0: 0x80000922 (0x00004d01) c.li    s10, 0
core   0: 3 0x80000922 (0x4d01) x26 0x00000000
core   0: 0x80000924 (0x03388333) mul     t1, a7, s3
core   0: 3 0x80000924 (0x03388333) x 6 0x00000000
core   0: 0x80000928 (0x03ac2d33) mulhsu  s10, s8, s10
core   0: 3 0x80000928 (0x03ac2d33) x26 0x00000000
core   0: 0x8000092c (0x03ac0933) mul     s2, s8, s10
core   0: 3 0x8000092c (0x03ac0933) x18 0x00000000
core   0: 0x80000930 (0x02c6bc33) mulhu   s8, a3, a2
core   0: 3 0x80000930 (0x02c6bc33) x24 0x26bbcde2
core   0: 0x80000934 (0x02d8d433) divu    s0, a7, a3
core   0: 3 0x80000934 (0x02d8d433) x 8 0x00000000
core   0: 0x80000938 (0x02596633) rem     a2, s2, t0
core   0: 3 0x80000938 (0x02596633) x12 0x00000000
core   0: 0x8000093c (0x03194633) div     a2, s2, a7
core   0: 3 0x8000093c (0x03194633) x12 0xffffffff
core   0: 0x80000940 (0x41188d33) sub     s10, a7, a7
core   0: 3 0x80000940 (0x41188d33) x26 0x00000000
core   0: 0x80000944 (0x03367333) remu    t1, a2, s3
core   0: 3 0x80000944 (0x03367333) x 6 0xffffffff
core   0: 0x80000948 (0x02632d33) mulhsu  s10, t1, t1
core   0: 3 0x80000948 (0x02632d33) x26 0xffffffff
core   0: 0x8000094c (0x0319a333) mulhsu  t1, s3, a7
core   0: 3 0x8000094c (0x0319a333) x 6 0x00000000
core   0: 0x80000950 (0x00000001) c.nop
core   0: 3 0x80000950 (0x0001)
core   0: 0x80000952 (0x01230d33) add     s10, t1, s2
core   0: 3 0x80000952 (0x01230d33) x26 0x00000000
core   0: 0x80000956 (0xccbd8d37) lui     s10, 0xccbd8
core   0: 3 0x80000956 (0xccbd8d37) x26 0xccbd8000
core   0: 0x8000095a (0x0319cd33) div     s10, s3, a7
core   0: 3 0x8000095a (0x0319cd33) x26 0xffffffff
core   0: 0x8000095e (0x00000001) c.nop
core   0: 3 0x8000095e (0x0001)
core   0: 0x80000960 (0x1adf4417) auipc   s0, 0x1adf4
core   0: 3 0x80000960 (0x1adf4417) x 8 0x9adf4960
core   0: 0x80000964 (0x02dd1c33) mulh    s8, s10, a3
core   0: 3 0x80000964 (0x02dd1c33) x24 0xffffffff
core   0: 0x80000968 (0x00004481) c.li    s1, 0
core   0: 3 0x80000968 (0x4481) x 9 0x00000000
core   0: 0x8000096a (0x00004c81) c.li    s9, 0
core   0: 3 0x8000096a (0x4c81) x25 0x00000000
core   0: 0x8000096c (0x800006b7) lui     a3, 0x80000
core   0: 3 0x8000096c (0x800006b7) x13 0x80000000
core   0: 0x80000970 (0x800005b7) lui     a1, 0x80000
core   0: 3 0x80000970 (0x800005b7) x11 0x80000000
core   0: 0x80000974 (0xfff00a93) li      s5, -1
core   0: 3 0x80000974 (0xfff00a93) x21 0xffffffff
core   0: 0x80000978 (0xfff00a13) li      s4, -1
core   0: 3 0x80000978 (0xfff00a13) x20 0xffffffff
core   0: 0x8000097c (0x800000b7) lui     ra, 0x80000
core   0: 3 0x8000097c (0x800000b7) x 1 0x80000000
core   0: 0x80000980 (0x80000c37) lui     s8, 0x80000
core   0: 3 0x80000980 (0x80000c37) x24 0x80000000
core   0: 0x80000984 (0x1fe4f237) lui     tp, 0x1fe4f
core   0: 3 0x80000984 (0x1fe4f237) x 4 0x1fe4f000
core   0: 0x80000988 (0x02e20213) addi    tp, tp, 46
core   0: 3 0x80000988 (0x02e20213) x 4 0x1fe4f02e
core   0: 0x8000098c (0xe61c69b7) lui     s3, 0xe61c6
core   0: 3 0x8000098c (0xe61c69b7) x19 0xe61c6000
core   0: 0x80000990 (0x2ff98993) addi    s3, s3, 767
core   0: 3 0x80000990 (0x2ff98993) x19 0xe61c62ff
core   0: 0x80000994 (0x039c76b3) remu    a3, s8, s9
core   0: 3 0x80000994 (0x039c76b3) x13 0x80000000
core   0: 0x80000998 (0x2bd914b7) lui     s1, 0x2bd91
core   0: 3 0x80000998 (0x2bd914b7) x 9 0x2bd91000
core   0: 0x8000099c (0x0399c0b3) div     ra, s3, s9
core   0: 3 0x8000099c (0x0399c0b3) x 1 0xffffffff
core   0: 0x800009a0 (0x00000001) c.nop
core   0: 3 0x800009a0 (0x0001)
core   0: 0x800009a2 (0x0350c4b3) div     s1, ra, s5
core   0: 3 0x800009a2 (0x0350c4b3) x 9 0x00000001
core   0: 0x800009a6 (0x414209b3) sub     s3, tp, s4
core   0: 3 0x800009a6 (0x414209b3) x19 0x1fe4f02f
core   0: 0x800009aa (0x0394c233) div     tp, s1, s9
core   0: 3 0x800009aa (0x0394c233) x 4 0xffffffff
core   0: 0x800009ae (0x029c7233) remu    tp, s8, s1
core   0: 3 0x800009ae (0x029c7233) x 4 0x00000000
core   0: 0x800009b2 (0x0296a5b3) mulhsu  a1, a3, s1
core   0: 3 0x800009b2 (0x0296a5b3) x11 0xffffffff
core   0: 0x800009b6 (0x0249b0b3) mulhu   ra, s3, tp
core   0: 3 0x800009b6 (0x0249b0b3) x 1 0x00000000
core   0: 0x800009ba (0x00000001) c.nop
core   0: 3 0x800009ba (0x0001)
core   0: 0x800009bc (0x029595b3) mulh    a1, a1, s1
core   0: 3 0x800009bc (0x029595b3) x11 0xffffffff
core   0: 0x800009c0 (0x0295c5b3) div     a1, a1, s1
core   0: 3 0x800009c0 (0x0295c5b3) x11 0xffffffff
core   0: 0x800009c4 (0x004c09b3) add     s3, s8, tp
core   0: 3 0x800009c4 (0x004c09b3) x19 0x80000000
core   0: 0x800009c8 (0x024ae6b3) rem     a3, s5, tp
core   0: 3 0x800009c8 (0x024ae6b3) x13 0xffffffff
core   0: 0x800009cc (0x01898233) add     tp, s3, s8
core   0: 3 0x800009cc (0x01898233) x 4 0x00000000
core   0: 0x800009d0 (0x021a06b3) mul     a3, s4, ra
core   0: 3 0x800009d0 (0x021a06b3) x13 0x00000000
core   0: 0x800009d4 (0x038496b3) mulh    a3, s1, s8
core   0: 3 0x800009d4 (0x038496b3) x13 0xffffffff
core   0: 0x800009d8 (0x033595b3) mulh    a1, a1, s3
core   0: 3 0x800009d8 (0x033595b3) x11 0x00000000
core   0: 0x800009dc (0x00000001) c.nop
core   0: 3 0x800009dc (0x0001)
core   0: 0x800009de (0x401a0233) sub     tp, s4, ra
core   0: 3 0x800009de (0x401a0233) x 4 0xffffffff
core   0: 0x800009e2 (0x019a8a33) add     s4, s5, s9
core   0: 3 0x800009e2 (0x019a8a33) x20 0xffffffff
core   0: 0x800009e6 (0x0195d693) srli    a3, a1, 25
core   0: 3 0x800009e6 (0x0195d693) x13 0x00000000
core   0: 0x800009ea (0x7474bdb7) lui     s11, 0x7474b
core   0: 3 0x800009ea (0x7474bdb7) x27 0x7474b000
core   0: 0x800009ee (0x0000717d) c.addi16sp sp, -16
core   0: 3 0x800009ee (0x717d) x 2 0xffffffef
core   0: 0x800009f0 (0x01047033) and     zero, s0, a6
core   0: 3 0x800009f0 (0x01047033)
core   0: 0x800009f4 (0x901bd417) auipc   s0, 0x901bd
core   0: 3 0x800009f4 (0x901bd417) x 8 0x101bd9f4
core   0: 0x800009f8 (0x00006ed1) c.lui   t4, 0x14
core   0: 3 0x800009f8 (0x6ed1) x29 0x00014000
core   0: 0x800009fa (0x03561333) mulh    t1, a2, s5
core   0: 3 0x800009fa (0x03561333) x 6 0x00000000
core   0: 0x800009fe (0x013e64b3) or      s1, t3, s3
core   0: 3 0x800009fe (0x013e64b3) x 9 0xfffffcc2
core   0: 0x80000a02 (0x00008521) c.srai  a0, 8
core   0: 3 0x80000a02 (0x8521) x10 0xffe7a51e
core   0: 0x80000a04 (0x02ef05b3) mul     a1, t5, a4
core   0: 3 0x80000a04 (0x02ef05b3) x11 0x70843173
core   0: 0x80000a08 (0x01f5d1b3) srl     gp, a1, t6
core   0: 3 0x80000a08 (0x01f5d1b3) x 3 0x70843173
core   0: 0x80000a0c (0x00001b08) c.addi4spn a0, sp, 432
core   0: 3 0x80000a0c (0x1b08) x10 0x0000019f
core   0: 0x80000a0e (0x00009afd) c.andi  a3, -1
core   0: 3 0x80000a0e (0x9afd) x13 0x00000000
core   0: 0x80000a10 (0x000094c6) c.add   s1, a7
core   0: 3 0x80000a10 (0x94c6) x 9 0xfffffcc2
core   0: 0x80000a12 (0x00008f81) c.sub   a5, s0
core   0: 3 0x80000a12 (0x8f81) x15 0xefe42c17
core   0: 0x80000a14 (0x00000794) c.addi4spn a3, sp, 960
core   0: 3 0x80000a14 (0x0794) x13 0x000003af
core   0: 0x80000a16 (0x034b04b3) mul     s1, s6, s4
core   0: 3 0x80000a16 (0x034b04b3) x 9 0xfffffff2
core   0: 0x80000a1a (0x52a3ef13) ori     t5, t2, 1322
core   0: 3 0x80000a1a (0x52a3ef13) x30 0xffffffff
core   0: 0x80000a1e (0x2ef97293) andi    t0, s2, 751
core   0: 3 0x80000a1e (0x2ef97293) x 5 0x00000000
core   0: 0x80000a22 (0x33086093) ori     ra, a6, 816
core   0: 3 0x80000a22 (0x33086093) x 1 0x8000ff74
core   0: 0x80000a26 (0x00008c9e) c.mv    s9, t2
core   0: 3 0x80000a26 (0x8c9e) x25 0xffffffff
core   0: 0x80000a28 (0x00008f51) c.or    a4, a2
core   0: 3 0x80000a28 (0x8f51) x14 0xffffffff
core   0: 0x80000a2a (0x0e633593) sltiu   a1, t1, 230
core   0: 3 0x80000a2a (0x0e633593) x11 0x00000001
core   0: 0x80000a2e (0x00008c8d) c.sub   s1, a1
core   0: 3 0x80000a2e (0x8c8d) x 9 0xfffffff1
core   0: 0x80000a30 (0x00008e65) c.and   a2, s1
core   0: 3 0x80000a30 (0x8e65) x12 0xfffffff1
core   0: 0x80000a32 (0x00001a18) c.addi4spn a4, sp, 304
core   0: 3 0x80000a32 (0x1a18) x14 0x0000011f
core   0: 0x80000a34 (0x00001d18) c.addi4spn a4, sp, 688
core   0: 3 0x80000a34 (0x1d18) x14 0x0000029f
core   0: 0x80000a36 (0x00004e29) c.li    t3, 10
core   0: 3 0x80000a36 (0x4e29) x28 0x0000000a
core   0: 0x80000a38 (0x02002d33) mulhsu  s10, zero, zero
core   0: 3 0x80000a38 (0x02002d33) x26 0x00000000
core   0: 0x80000a3c (0x00008ef9) c.and   a3, a4
core   0: 3 0x80000a3c (0x8ef9) x13 0x0000028f
core   0: 0x80000a3e (0x41ff5913) srai    s2, t5, 31
core   0: 3 0x80000a3e (0x41ff5913) x18 0xffffffff
core   0: 0x80000a42 (0x02accd33) div     s10, s9, a0
core   0: 3 0x80000a42 (0x02accd33) x26 0x00000000
core   0: 0x80000a46 (0x00006ebd) c.lui   t4, 0xf
core   0: 3 0x80000a46 (0x6ebd) x29 0x0000f000
core   0: 0x80000a48 (0x00000001) c.nop
core   0: 3 0x80000a48 (0x0001)
core   0: 0x80000a4a (0x01035f93) srli    t6, t1, 16
core   0: 3 0x80000a4a (0x01035f93) x31 0x00000000
core   0: 0x80000a4e (0x00000001) c.nop
core   0: 3 0x80000a4e (0x0001)
core   0: 0x80000a50 (0x00000e25) c.addi  t3, 9
core   0: 3 0x80000a50 (0x0e25) x28 0x00000013
core   0: 0x80000a52 (0xe725a393) slti    t2, a1, -398
core   0: 3 0x80000a52 (0xe725a393) x 7 0x00000000
core   0: 0x80000a56 (0x6abbcf13) xori    t5, s7, 1707
core   0: 3 0x80000a56 (0x6abbcf13) x30 0x80013a4f
core   0: 0x80000a5a (0x41ce04b3) sub     s1, t3, t3
core   0: 3 0x80000a5a (0x41ce04b3) x 9 0x00000000
core   0: 0x80000a5e (0x0114cc33) xor     s8, s1, a7
core   0: 3 0x80000a5e (0x0114cc33) x24 0x00000000
core   0: 0x80000a62 (0x407453b3) sra     t2, s0, t2
core   0: 3 0x80000a62 (0x407453b3) x 7 0x101bd9f4
core   0: 0x80000a66 (0x00006119) c.addi16sp sp, 384
core   0: 3 0x80000a66 (0x6119) x 2 0x0000016f
core   0: 0x80000a68 (0x0185d1b3) srl     gp, a1, s8
core   0: 3 0x80000a68 (0x0185d1b3) x 3 0x00000001
core   0: 0x80000a6c (0x00d5a9b3) slt     s3, a1, a3
core   0: 3 0x80000a6c (0x00d5a9b3) x19 0x00000001
core   0: 0x80000a70 (0x00008d45) c.or    a0, s1
core   0: 3 0x80000a70 (0x8d45) x10 0x0000019f
core   0: 0x80000a72 (0x41ac03b3) sub     t2, s8, s10
core   0: 3 0x80000a72 (0x41ac03b3) x 7 0x00000000
core   0: 0x80000a76 (0x00009bfd) c.andi  a5, -1
core   0: 3 0x80000a76 (0x9bfd) x15 0xefe42c17
core   0: 0x80000a78 (0x01a9d513) srli    a0, s3, 26
core   0: 3 0x80000a78 (0x01a9d513) x10 0x00000000
core   0: 0x80000a7c (0x00008f35) c.xor   a4, a3
core   0: 3 0x80000a7c (0x8f35) x14 0x00000010
core   0: 0x80000a7e (0x00009ace) c.add   s5, s3
core   0: 3 0x80000a7e (0x9ace) x21 0x00000000
core   0: 0x80000a80 (0x5de23493) sltiu   s1, tp, 1502
core   0: 3 0x80000a80 (0x5de23493) x 9 0x00000000
core   0: 0x80000a84 (0x3d653913) sltiu   s2, a0, 982
core   0: 3 0x80000a84 (0x3d653913) x18 0x00000001
core   0: 0x80000a88 (0x00000001) c.nop
core   0: 3 0x80000a88 (0x0001)
core   0: 0x80000a8a (0x40ccd693) srai    a3, s9, 12
core   0: 3 0x80000a8a (0x40ccd693) x13 0xffffffff
core   0: 0x80000a8e (0x00000001) c.nop
core   0: 3 0x80000a8e (0x0001)
core   0: 0x80000a90 (0x41a85c93) srai    s9, a6, 26
core   0: 3 0x80000a90 (0x41a85c93) x25 0xffffffe0
core   0: 0x80000a94 (0x36760c13) addi    s8, a2, 871
core   0: 3 0x80000a94 (0x36760c13) x24 0x00000358
core   0: 0x80000a98 (0x030b69b3) rem     s3, s6, a6
core   0: 3 0x80000a98 (0x030b69b3) x19 0x0000000e
core   0: 0x80000a9c (0x00008769) c.srai  a4, 26
core   0: 3 0x80000a9c (0x8769) x14 0x00000000
core   0: 0x80000a9e (0xd55d4c37) lui     s8, 0xd55d4
core   0: 3 0x80000a9e (0xd55d4c37) x24 0xd55d4000
core   0: 0x80000aa2 (0x01378333) add     t1, a5, s3
core   0: 3 0x80000aa2 (0x01378333) x 6 0xefe42c25
core   0: 0x80000aa6 (0x00309933) sll     s2, ra, gp
core   0: 3 0x80000aa6 (0x00309933) x18 0x0001fee8
core   0: 0x80000aaa (0x0000717d) c.addi16sp sp, -16
core   0: 3 0x80000aaa (0x717d) x 2 0x0000015f
core   0: 0x80000aac (0x02e93fb3) mulhu   t6, s2, a4
core   0: 3 0x80000aac (0x02e93fb3) x31 0x00000000
core   0: 0x80000ab0 (0x2b484717) auipc   a4, 0x2b484
core   0: 3 0x80000ab0 (0x2b484717) x14 0xab484ab0
core   0: 0x80000ab4 (0x00008f3d) c.xor   a4, a5
core   0: 3 0x80000ab4 (0x8f3d) x14 0x44ac66a7
core   0: 0x80000ab6 (0xcc578413) addi    s0, a5, -827
core   0: 3 0x80000ab6 (0xcc578413) x 8 0xefe428dc
core   0: 0x80000aba (0x00000ffa) c.slli  t6, 30
core   0: 3 0x80000aba (0x0ffa) x31 0x00000000
core   0: 0x80000abc (0x00008635) c.srai  a2, 13
core   0: 3 0x80000abc (0x8635) x12 0xffffffff
core   0: 0x80000abe (0x00008ef9) c.and   a3, a4
core   0: 3 0x80000abe (0x8ef9) x13 0x44ac66a7
core   0: 0x80000ac0 (0x0000070c) c.addi4spn a1, sp, 896
core   0: 3 0x80000ac0 (0x070c) x11 0x000004df
core   0: 0x80000ac2 (0x25b6cd13) xori    s10, a3, 603
core   0: 3 0x80000ac2 (0x25b6cd13) x26 0x44ac64fc
core   0: 0x80000ac6 (0x00009ec6) c.add   t4, a7
core   0: 3 0x80000ac6 (0x9ec6) x29 0x0000f000
core   0: 0x80000ac8 (0x0000814d) c.srli  a0, 19
core   0: 3 0x80000ac8 (0x814d) x10 0x00000000
core   0: 0x80000aca (0x85e6ec13) ori     s8, a3, -1954
core   0: 3 0x80000aca (0x85e6ec13) x24 0xfffffeff
core   0: 0x80000ace (0x00000d95) c.addi  s11, 5
core   0: 3 0x80000ace (0x0d95) x27 0x7474b005
core   0: 0x80000ad0 (0x02f6de33) divu    t3, a3, a5
core   0: 3 0x80000ad0 (0x02f6de33) x28 0x00000000
core   0: 0x80000ad4 (0x766f2293) slti    t0, t5, 1894
core   0: 3 0x80000ad4 (0x766f2293) x 5 0x00000001
core   0: 0x80000ad8 (0x5d01ea93) ori     s5, gp, 1488
core   0: 3 0x80000ad8 (0x5d01ea93) x21 0x000005d1
core   0: 0x80000adc (0x01e01493) slli    s1, zero, 30
core   0: 3 0x80000adc (0x01e01493) x 9 0x00000000
core   0: 0x80000ae0 (0x000092a2) c.add   t0, s0
core   0: 3 0x80000ae0 (0x92a2) x 5 0xefe428dd
core   0: 0x80000ae2 (0x029b62b3) rem     t0, s6, s1
core   0: 3 0x80000ae2 (0x029b62b3) x 5 0x0000000e
core   0: 0x80000ae6 (0x17037c93) andi    s9, t1, 368
core   0: 3 0x80000ae6 (0x17037c93) x25 0x00000020
core   0: 0x80000aea (0x002a4e33) xor     t3, s4, sp
core   0: 3 0x80000aea (0x002a4e33) x28 0xfffffea0
core   0: 0x80000aee (0x02869f33) mulh    t5, a3, s0
core   0: 3 0x80000aee (0x02869f33) x30 0xfbadc1b0
core   0: 0x80000af2 (0x412582b3) sub     t0, a1, s2
core   0: 3 0x80000af2 (0x412582b3) x 5 0xfffe05f7
core   0: 0x80000af6 (0x00008fed) c.and   a5, a1
core   0: 3 0x80000af6 (0x8fed) x15 0x00000417
core   0: 0x80000af8 (0x007d86b3) add     a3, s11, t2
core   0: 3 0x80000af8 (0x007d86b3) x13 0x7474b005
core   0: 0x80000afc (0x41cb57b3) sra     a5, s6, t3
core   0: 3 0x80000afc (0x41cb57b3) x15 0x0000000e
core   0: 0x80000b00 (0x00072433) slt     s0, a4, zero
core   0: 3 0x80000b00 (0x00072433) x 8 0x00000000
core   0: 0x80000b04 (0x02d86fb3) rem     t6, a6, a3
core   0: 3 0x80000b04 (0x02d86fb3) x31 0xf475ae69
core   0: 0x80000b08 (0x41a9d3b3) sra     t2, s3, s10
core   0: 3 0x80000b08 (0x41a9d3b3) x 7 0x00000000
core   0: 0x80000b0c (0x00008d8d) c.sub   a1, a1
core   0: 3 0x80000b0c (0x8d8d) x11 0x00000000
core   0: 0x80000b0e (0x0129c2b3) xor     t0, s3, s2
core   0: 3 0x80000b0e (0x0129c2b3) x 5 0x0001fee6
core   0: 0x80000b12 (0x0337b133) mulhu   sp, a5, s3
core   0: 3 0x80000b12 (0x0337b133) x 2 0x00000000
core   0: 0x80000b16 (0x01f72133) slt     sp, a4, t6
core   0: 3 0x80000b16 (0x01f72133) x 2 0x00000000
core   0: 0x80000b1a (0x0146b733) sltu    a4, a3, s4
core   0: 3 0x80000b1a (0x0146b733) x14 0x00000001
core   0: 0x80000b1e (0x00000c80) c.addi4spn s0, sp, 592
core   0: 3 0x80000b1e (0x0c80) x 8 0x00000250
core   0: 0x80000b20 (0x00009162) c.add   sp, s8
core   0: 3 0x80000b20 (0x9162) x 2 0xfffffeff
core   0: 0x80000b22 (0x00004895) c.li    a7, 5
core   0: 3 0x80000b22 (0x4895) x17 0x00000005
core   0: 0x80000b24 (0x00008cf1) c.and   s1, a2
core   0: 3 0x80000b24 (0x8cf1) x 9 0x00000000
core   0: 0x80000b26 (0x017d2ab3) slt     s5, s10, s7
core   0: 3 0x80000b26 (0x017d2ab3) x21 0x00000000
core   0: 0x80000b2a (0x02a1e0b3) rem     ra, gp, a0
core   0: 3 0x80000b2a (0x02a1e0b3) x 1 0x00000001
core   0: 0x80000b2e (0x40295993) srai    s3, s2, 2
core   0: 3 0x80000b2e (0x40295993) x19 0x00007fba
core   0: 0x80000b32 (0x00009ef6) c.add   t4, t4
core   0: 3 0x80000b32 (0x9ef6) x29 0x0001e000
core   0: 0x80000b34 (0x8febf417) auipc   s0, 0x8febf
core   0: 3 0x80000b34 (0x8febf417) x 8 0x0febfb34
core   0: 0x80000b38 (0xd1fd4093) xori    ra, s10, -737
core   0: 3 0x80000b38 (0xd1fd4093) x 1 0xbb5399e3
core   0: 0x80000b3c (0x01d8b4b3) sltu    s1, a7, t4
core   0: 3 0x80000b3c (0x01d8b4b3) x 9 0x00000001
core   0: 0x80000b40 (0x023d2cb3) mulhsu  s9, s10, gp
core   0: 3 0x80000b40 (0x023d2cb3) x25 0x00000000
core   0: 0x80000b44 (0x0000137d) c.addi  t1, -1
core   0: 3 0x80000b44 (0x137d) x 6 0xefe42c24
core   0: 0x80000b46 (0x00000001) c.nop
core   0: 3 0x80000b46 (0x0001)
core   0: 0x80000b48 (0x00a85e93) srli    t4, a6, 10
core   0: 3 0x80000b48 (0x00a85e93) x29 0x0020003f
core   0: 0x80000b4c (0x01bbd1b3) srl     gp, s7, s11
core   0: 3 0x80000b4c (0x01bbd1b3) x 3 0x040009e7
core   0: 0x80000b50 (0x00009496) c.add   s1, t0
core   0: 3 0x80000b50 (0x9496) x 9 0x0001fee7
core   0: 0x80000b52 (0x18508693) addi    a3, ra, 389
core   0: 3 0x80000b52 (0x18508693) x13 0xbb539b68
core   0: 0x80000b56 (0x5952f113) andi    sp, t0, 1429
core   0: 3 0x80000b56 (0x5952f113) x 2 0x00000484
core   0: 0x80000b5a (0x00000d0e) c.slli  s10, 3
core   0: 3 0x80000b5a (0x0d0e) x26 0x256327e0
core   0: 0x80000b5c (0x00008d21) c.xor   a0, s0
core   0: 3 0x80000b5c (0x8d21) x10 0x0febfb34
core   0: 0x80000b5e (0x00695093) srli    ra, s2, 6
core   0: 3 0x80000b5e (0x00695093) x 1 0x000007fb
core   0: 0x80000b62 (0x41ecd0b3) sra     ra, s9, t5
core   0: 3 0x80000b62 (0x41ecd0b3) x 1 0x00000000
core   0: 0x80000b66 (0x00dc1913) slli    s2, s8, 13
core   0: 3 0x80000b66 (0x00dc1913) x18 0xffdfe000
core   0: 0x80000b6a (0x00000001) c.nop
core   0: 3 0x80000b6a (0x0001)
core   0: 0x80000b6c (0x41785a13) srai    s4, a6, 23
core   0: 3 0x80000b6c (0x41785a13) x20 0xffffff00
core   0: 0x80000b70 (0x00715733) srl     a4, sp, t2
core   0: 3 0x80000b70 (0x00715733) x14 0x00000484
core   0: 0x80000b74 (0x002ec6b3) xor     a3, t4, sp
core   0: 3 0x80000b74 (0x002ec6b3) x13 0x002004bb
core   0: 0x80000b78 (0x00006a99) c.lui   s5, 0x6
core   0: 3 0x80000b78 (0x6a99) x21 0x00006000
core   0: 0x80000b7a (0x010382b3) add     t0, t2, a6
core   0: 3 0x80000b7a (0x010382b3) x 5 0x8000fe64
core   0: 0x80000b7e (0x009fea33) or      s4, t6, s1
core   0: 3 0x80000b7e (0x009fea33) x20 0xf475feef
core   0: 0x80000b82 (0x41a75a93) srai    s5, a4, 26
core   0: 3 0x80000b82 (0x41a75a93) x21 0x00000000
core   0: 0x80000b86 (0x0141a8b3) slt     a7, gp, s4
core   0: 3 0x80000b86 (0x0141a8b3) x17 0x00000000
core   0: 0x80000b8a (0x00000780) c.addi4spn s0, sp, 960
core   0: 3 0x80000b8a (0x0780) x 8 0x00000844
core   0: 0x80000b8c (0x412dd293) srai    t0, s11, 18
core   0: 3 0x80000b8c (0x412dd293) x 5 0x00001d1d
core   0: 0x80000b90 (0x00000001) c.nop
core   0: 3 0x80000b90 (0x0001)
core   0: 0x80000b92 (0xf4367d93) andi    s11, a2, -189
core   0: 3 0x80000b92 (0xf4367d93) x27 0xffffff43
core   0: 0x80000b96 (0x96cdbf13) sltiu   t5, s11, -1684
core   0: 3 0x80000b96 (0x96cdbf13) x30 0x00000000
core   0: 0x80000b9a (0x035791b3) mulh    gp, a5, s5
core   0: 3 0x80000b9a (0x035791b3) x 3 0x00000000
core   0: 0x80000b9e (0x7107fa93) andi    s5, a5, 1808
core   0: 3 0x80000b9e (0x7107fa93) x21 0x00000000
core   0: 0x80000ba2 (0x780bdf17) auipc   t5, 0x780bd
core   0: 3 0x80000ba2 (0x780bdf17) x30 0xf80bdba2
core   0: 0x80000ba6 (0x026d1933) mulh    s2, s10, t1
core   0: 3 0x80000ba6 (0x026d1933) x18 0xfda5bd1b
core   0: 0x80000baa (0x02812db3) mulhsu  s11, sp, s0
core   0: 3 0x80000baa (0x02812db3) x27 0x00000000
core   0: 0x80000bae (0x01927133) and     sp, tp, s9
core   0: 3 0x80000bae (0x01927133) x 2 0x00000000
core   0: 0x80000bb2 (0x029cfd33) remu    s10, s9, s1
core   0: 3 0x80000bb2 (0x029cfd33) x26 0x00000000
core   0: 0x80000bb6 (0x032cee33) rem     t3, s9, s2
core   0: 3 0x80000bb6 (0x032cee33) x28 0x00000000
core   0: 0x80000bba (0xdd1e7d93) andi    s11, t3, -559
core   0: 3 0x80000bba (0xdd1e7d93) x27 0x00000000
core   0: 0x80000bbe (0x000051fd) c.li    gp, -1
core   0: 3 0x80000bbe (0x51fd) x 3 0xffffffff
core   0: 0x80000bc0 (0x23808513) addi    a0, ra, 568
core   0: 3 0x80000bc0 (0x23808513) x10 0x00000238
core   0: 0x80000bc4 (0x41ef5413) srai    s0, t5, 30
core   0: 3 0x80000bc4 (0x41ef5413) x 8 0xffffffff
core   0: 0x80000bc8 (0x000097b6) c.add   a5, a3
core   0: 3 0x80000bc8 (0x97b6) x15 0x002004c9
core   0: 0x80000bca (0x035861b3) rem     gp, a6, s5
core   0: 3 0x80000bca (0x035861b3) x 3 0x8000fe64
core   0: 0x80000bce (0x46a06f13) ori     t5, zero, 1130
core   0: 3 0x80000bce (0x46a06f13) x30 0x0000046a
core   0: 0x80000bd2 (0x40435993) srai    s3, t1, 4
core   0: 3 0x80000bd2 (0x40435993) x19 0xfefe42c2
core   0: 0x80000bd6 (0x0000717d) c.addi16sp sp, -16
core   0: 3 0x80000bd6 (0x717d) x 2 0xfffffff0
core   0: 0x80000bd8 (0x115fc213) xori    tp, t6, 277
core   0: 3 0x80000bd8 (0x115fc213) x 4 0xf475af7c
core   0: 0x80000bdc (0x03681db3) mulh    s11, a6, s6
core   0: 3 0x80000bdc (0x03681db3) x27 0xfffffff9
core   0: 0x80000be0 (0x038ddab3) divu    s5, s11, s8
core   0: 3 0x80000be0 (0x038ddab3) x21 0x00000001
core   0: 0x80000be4 (0x00456fb3) or      t6, a0, tp
core   0: 3 0x80000be4 (0x00456fb3) x31 0xf475af7c
core   0: 0x80000be8 (0x00009256) c.add   tp, s5
core   0: 3 0x80000be8 (0x9256) x 4 0xf475af7d
core   0: 0x80000bea (0x00000001) c.nop
core   0: 3 0x80000bea (0x0001)
core   0: 0x80000bec (0x0114f8b3) and     a7, s1, a7
core   0: 3 0x80000bec (0x0114f8b3) x17 0x00000000
core   0: 0x80000bf0 (0x00e880b3) add     ra, a7, a4
core   0: 3 0x80000bf0 (0x00e880b3) x 1 0x00000484
core   0: 0x80000bf4 (0x0000868d) c.srai  a3, 3
core   0: 3 0x80000bf4 (0x868d) x13 0x00040097
core   0: 0x80000bf6 (0x01c26d33) or      s10, tp, t3
core   0: 3 0x80000bf6 (0x01c26d33) x26 0xf475af7d
core   0: 0x80000bfa (0x00008ee1) c.and   a3, s0
core   0: 3 0x80000bfa (0x8ee1) x13 0x00040097
core   0: 0x80000bfc (0x02871e33) mulh    t3, a4, s0
core   0: 3 0x80000bfc (0x02871e33) x28 0xffffffff
core   0: 0x80000c00 (0x00008651) c.srai  a2, 20
core   0: 3 0x80000c00 (0x8651) x12 0xffffffff
core   0: 0x80000c02 (0x00008d4d) c.or    a0, a1
core   0: 3 0x80000c02 (0x8d4d) x10 0x00000238
core   0: 0x80000c04 (0x03a33eb3) mulhu   t4, t1, s10
core   0: 3 0x80000c04 (0x03a33eb3) x29 0xe513c1cc
core   0: 0x80000c08 (0x0000177d) c.addi  a4, -1
core   0: 3 0x80000c08 (0x177d) x14 0x00000483
core   0: 0x80000c0a (0x00000001) c.nop
core   0: 3 0x80000c0a (0x0001)
core   0: 0x80000c0c (0x56b24513) xori    a0, tp, 1387
core   0: 3 0x80000c0c (0x56b24513) x10 0xf475aa16
core   0: 0x80000c10 (0x013fa5b3) slt     a1, t6, s3
core   0: 3 0x80000c10 (0x013fa5b3) x11 0x00000001
core   0: 0x80000c14 (0x03a05033) divu    zero, zero, s10
core   0: 3 0x80000c14 (0x03a05033)
core   0: 0x80000c18 (0x014d9313) slli    t1, s11, 20
core   0: 3 0x80000c18 (0x014d9313) x 6 0xff900000
core   0: 0x80000c1c (0x028244b3) div     s1, tp, s0
core   0: 3 0x80000c1c (0x028244b3) x 9 0x0b8a5083
core   0: 0x80000c20 (0x404d5f93) srai    t6, s10, 4
core   0: 3 0x80000c20 (0x404d5f93) x31 0xff475af7
core   0: 0x80000c24 (0x011444b3) xor     s1, s0, a7
core   0: 3 0x80000c24 (0x011444b3) x 9 0xffffffff
core   0: 0x80000c28 (0x677ac893) xori    a7, s5, 1655
core   0: 3 0x80000c28 (0x677ac893) x17 0x00000676
core   0: 0x80000c2c (0x00f46fb3) or      t6, s0, a5
core   0: 3 0x80000c2c (0x00f46fb3) x31 0xffffffff
core   0: 0x80000c30 (0x415f8133) sub     sp, t6, s5
core   0: 3 0x80000c30 (0x415f8133) x 2 0xfffffffe
core   0: 0x80000c34 (0x0000177d) c.addi  a4, -1
core   0: 3 0x80000c34 (0x177d) x14 0x00000482
core   0: 0x80000c36 (0x0000547d) c.li    s0, -1
core   0: 3 0x80000c36 (0x547d) x 8 0xffffffff
core   0: 0x80000c38 (0x00000001) c.nop
core   0: 3 0x80000c38 (0x0001)
core   0: 0x80000c3a (0x00e352b3) srl     t0, t1, a4
core   0: 3 0x80000c3a (0x00e352b3) x 5 0x3fe40000
core   0: 0x80000c3e (0x01459c13) slli    s8, a1, 20
core   0: 3 0x80000c3e (0x01459c13) x24 0x00100000
core   0: 0x80000c42 (0x00567633) and     a2, a2, t0
core   0: 3 0x80000c42 (0x00567633) x12 0x3fe40000
core   0: 0x80000c46 (0x78fe6c13) ori     s8, t3, 1935
core   0: 3 0x80000c46 (0x78fe6c13) x24 0xffffffff
core   0: 0x80000c4a (0x0000048a) c.slli  s1, 2
core   0: 3 0x80000c4a (0x048a) x 9 0xfffffffc
core   0: 0x80000c4c (0x0000717d) c.addi16sp sp, -16
core   0: 3 0x80000c4c (0x717d) x 2 0xffffffee
core   0: 0x80000c4e (0x02f90633) mul     a2, s2, a5
core   0: 3 0x80000c4e (0x02f90633) x12 0x6175e633
core   0: 0x80000c52 (0x98a93093) sltiu   ra, s2, -1654
core   0: 3 0x80000c52 (0x98a93093) x 1 0x00000001
core   0: 0x80000c56 (0x00008ec9) c.or    a3, a0
core   0: 3 0x80000c56 (0x8ec9) x13 0xf475aa97
core   0: 0x80000c58 (0x76034913) xori    s2, t1, 1888
core   0: 3 0x80000c58 (0x76034913) x18 0xff900760
core   0: 0x80000c5c (0x03ecfa33) remu    s4, s9, t5
core   0: 3 0x80000c5c (0x03ecfa33) x20 0x00000000
core   0: 0x80000c60 (0x00ca9a33) sll     s4, s5, a2
core   0: 3 0x80000c60 (0x00ca9a33) x20 0x00080000
core   0: 0x80000c64 (0x02835eb3) divu    t4, t1, s0
core   0: 3 0x80000c64 (0x02835eb3) x29 0x00000000
core   0: 0x80000c68 (0x41dd81b3) sub     gp, s11, t4
core   0: 3 0x80000c68 (0x41dd81b3) x 3 0xfffffff9
core   0: 0x80000c6c (0x00008909) c.andi  a0, 2
core   0: 3 0x80000c6c (0x8909) x10 0x00000002
core   0: 0x80000c6e (0x01974133) xor     sp, a4, s9
core   0: 3 0x80000c6e (0x01974133) x 2 0x00000482
core   0: 0x80000c72 (0x016e5fb3) srl     t6, t3, s6
core   0: 3 0x80000c72 (0x016e5fb3) x31 0x0003ffff
core   0: 0x80000c76 (0x88aba613) slti    a2, s7, -1910
core   0: 3 0x80000c76 (0x88aba613) x12 0x00000001
core   0: 0x80000c7a (0x0000889e) c.mv    a7, t2
core   0: 3 0x80000c7a (0x889e) x17 0x00000000
core   0: 0x80000c7c (0x000085c9) c.srai  a1, 18
core   0: 3 0x80000c7c (0x85c9) x11 0x00000000
core   0: 0x80000c7e (0x003fe9b3) or      s3, t6, gp
core   0: 3 0x80000c7e (0x003fe9b3) x19 0xffffffff
core   0: 0x80000c82 (0x0000998a) c.add   s3, sp
core   0: 3 0x80000c82 (0x998a) x19 0x00000481
core   0: 0x80000c84 (0x41c20fb3) sub     t6, tp, t3
core   0: 3 0x80000c84 (0x41c20fb3) x31 0xf475af7e
core   0: 0x80000c88 (0x406504b3) sub     s1, a0, t1
core   0: 3 0x80000c88 (0x406504b3) x 9 0x00700002
core   0: 0x80000c8c (0x4c0e4e13) xori    t3, t3, 1216
core   0: 3 0x80000c8c (0x4c0e4e13) x28 0xfffffb3f
core   0: 0x80000c90 (0x000086de) c.mv    a3, s7
core   0: 3 0x80000c90 (0x86de) x13 0x80013ce4
core   0: 0x80000c92 (0x00009742) c.add   a4, a6
core   0: 3 0x80000c92 (0x9742) x14 0x800102e6
core   0: 0x80000c94 (0x02a1d333) divu    t1, gp, a0
core   0: 3 0x80000c94 (0x02a1d333) x 6 0x7ffffffc
core   0: 0x80000c98 (0x00001104) c.addi4spn s1, sp, 160
core   0: 3 0x80000c98 (0x1104) x 9 0x00000522
core   0: 0x80000c9a (0x00000700) c.addi4spn s0, sp, 896
core   0: 3 0x80000c9a (0x0700) x 8 0x00000802
core   0: 0x80000c9c (0x038ec8b3) div     a7, t4, s8
core   0: 3 0x80000c9c (0x038ec8b3) x17 0x00000000
core   0: 0x80000ca0 (0x410286b3) sub     a3, t0, a6
core   0: 3 0x80000ca0 (0x410286b3) x13 0xbfe3019c
core   0: 0x80000ca4 (0x002e1513) slli    a0, t3, 2
core   0: 3 0x80000ca4 (0x002e1513) x10 0xffffecfc
core   0: 0x80000ca8 (0x00490133) add     sp, s2, tp
core   0: 3 0x80000ca8 (0x00490133) x 2 0xf405b6dd
core   0: 0x80000cac (0x0126cfb3) xor     t6, a3, s2
core   0: 3 0x80000cac (0x0126cfb3) x31 0x407306fc
core   0: 0x80000cb0 (0x00008e09) c.sub   a2, a0
core   0: 3 0x80000cb0 (0x8e09) x12 0x00001305
core   0: 0x80000cb2 (0x00e64ab3) xor     s5, a2, a4
core   0: 3 0x80000cb2 (0x00e64ab3) x21 0x800111e3
core   0: 0x80000cb6 (0x037955b3) divu    a1, s2, s7
core   0: 3 0x80000cb6 (0x037955b3) x11 0x00000001
core   0: 0x80000cba (0x007ca0b3) slt     ra, s9, t2
core   0: 3 0x80000cba (0x007ca0b3) x 1 0x00000000
core   0: 0x80000cbe (0x0000888d) c.andi  s1, 3
core   0: 3 0x80000cbe (0x888d) x 9 0x00000002
core   0: 0x80000cc0 (0x00005ffd) c.li    t6, -1
core   0: 3 0x80000cc0 (0x5ffd) x31 0xffffffff
core   0: 0x80000cc2 (0x021b0133) mul     sp, s6, ra
core   0: 3 0x80000cc2 (0x021b0133) x 2 0x00000000
core   0: 0x80000cc6 (0x00001a8c) c.addi4spn a1, sp, 368
core   0: 3 0x80000cc6 (0x1a8c) x11 0x00000170
core   0: 0x80000cc8 (0x03ca56b3) divu    a3, s4, t3
core   0: 3 0x80000cc8 (0x03ca56b3) x13 0x00000000
core   0: 0x80000ccc (0x98fef3b7) lui     t2, 0x98fef
core   0: 3 0x80000ccc (0x98fef3b7) x 7 0x98fef000
core   0: 0x80000cd0 (0x00008ea1) c.xor   a3, s0
core   0: 3 0x80000cd0 (0x8ea1) x13 0x00000802
core   0: 0x80000cd2 (0x02340fb3) mul     t6, s0, gp
core   0: 3 0x80000cd2 (0x02340fb3) x31 0xffffc7f2
core   0: 0x80000cd6 (0x000099be) c.add   s3, a5
core   0: 3 0x80000cd6 (0x99be) x19 0x0020094a
core   0: 0x80000cd8 (0x01442cb3) slt     s9, s0, s4
core   0: 3 0x80000cd8 (0x01442cb3) x25 0x00000001
core   0: 0x80000cdc (0x00000001) c.nop
core   0: 3 0x80000cdc (0x0001)
core   0: 0x80000cde (0x3ae5a913) slti    s2, a1, 942
core   0: 3 0x80000cde (0x3ae5a913) x18 0x00000001
core   0: 0x80000ce2 (0x0000078e) c.slli  a5, 3
core   0: 3 0x80000ce2 (0x078e) x15 0x01002648
core   0: 0x80000ce4 (0x01dc5533) srl     a0, s8, t4
core   0: 3 0x80000ce4 (0x01dc5533) x10 0xffffffff
core   0: 0x80000ce8 (0x018b1ab3) sll     s5, s6, s8
core   0: 3 0x80000ce8 (0x018b1ab3) x21 0x00000000
core   0: 0x80000cec (0x00008515) c.srai  a0, 5
core   0: 3 0x80000cec (0x8515) x10 0xffffffff
core   0: 0x80000cee (0x02ec8ab3) mul     s5, s9, a4
core   0: 3 0x80000cee (0x02ec8ab3) x21 0x800102e6
core   0: 0x80000cf2 (0x0092fab3) and     s5, t0, s1
core   0: 3 0x80000cf2 (0x0092fab3) x21 0x00000000
core   0: 0x80000cf6 (0x001ae533) or      a0, s5, ra
core   0: 3 0x80000cf6 (0x001ae533) x10 0x00000000
core   0: 0x80000cfa (0x01a17233) and     tp, sp, s10
core   0: 3 0x80000cfa (0x01a17233) x 4 0x00000000
core   0: 0x80000cfe (0x004f78b3) and     a7, t5, tp
core   0: 3 0x80000cfe (0x004f78b3) x17 0x00000000
core   0: 0x80000d02 (0x009a68b3) or      a7, s4, s1
core   0: 3 0x80000d02 (0x009a68b3) x17 0x00080002
core   0: 0x80000d06 (0x00008d65) c.and   a0, s1
core   0: 3 0x80000d06 (0x8d65) x10 0x00000000
core   0: 0x80000d08 (0x0000717d) c.addi16sp sp, -16
core   0: 3 0x80000d08 (0x717d) x 2 0xfffffff0
core   0: 0x80000d0a (0xaf313893) sltiu   a7, sp, -1293
core   0: 3 0x80000d0a (0xaf313893) x17 0x00000000
core   0: 0x80000d0e (0x02fda533) mulhsu  a0, s11, a5
core   0: 3 0x80000d0e (0x02fda533) x10 0xffffffff
core   0: 0x80000d12 (0x0000717d) c.addi16sp sp, -16
core   0: 3 0x80000d12 (0x717d) x 2 0xffffffe0
core   0: 0x80000d14 (0x8506b093) sltiu   ra, a3, -1968
core   0: 3 0x80000d14 (0x8506b093) x 1 0x00000001
core   0: 0x80000d18 (0x00008e7d) c.and   a2, a5
core   0: 3 0x80000d18 (0x8e7d) x12 0x00000200
core   0: 0x80000d1a (0xc55e4f93) xori    t6, t3, -939
core   0: 3 0x80000d1a (0xc55e4f93) x31 0x0000076a
core   0: 0x80000d1e (0x00761eb3) sll     t4, a2, t2
core   0: 3 0x80000d1e (0x00761eb3) x29 0x00000200
core   0: 0x80000d22 (0x014de8b3) or      a7, s11, s4
core   0: 3 0x80000d22 (0x014de8b3) x17 0xfffffff9
core   0: 0x80000d26 (0x00006555) c.lui   a0, 0x15
core   0: 3 0x80000d26 (0x6555) x10 0x00015000
core   0: 0x80000d28 (0x000083f1) c.srli  a5, 28
core   0: 3 0x80000d28 (0x83f1) x15 0x00000000
core   0: 0x80000d2a (0x00000001) c.nop
core   0: 3 0x80000d2a (0x0001)
core   0: 0x80000d2c (0x0109d0b3) srl     ra, s3, a6
core   0: 3 0x80000d2c (0x0109d0b3) x 1 0x00020094
core   0: 0x80000d30 (0x00dad8b3) srl     a7, s5, a3
core   0: 3 0x80000d30 (0x00dad8b3) x17 0x00000000
core   0: 0x80000d34 (0x64607f93) andi    t6, zero, 1606
core   0: 3 0x80000d34 (0x64607f93) x31 0x00000000
core   0: 0x80000d38 (0x00000442) c.slli  s0, 16
core   0: 3 0x80000d38 (0x0442) x 8 0x08020000
core   0: 0x80000d3a (0x400408b3) sub     a7, s0, zero
core   0: 3 0x80000d3a (0x400408b3) x17 0x08020000
core   0: 0x80000d3e (0x0000577d) c.li    a4, -1
core   0: 3 0x80000d3e (0x577d) x14 0xffffffff
core   0: 0x80000d40 (0x6b82ee93) ori     t4, t0, 1720
core   0: 3 0x80000d40 (0x6b82ee93) x29 0x3fe406b8
core   0: 0x80000d44 (0x4cab2493) slti    s1, s6, 1226
core   0: 3 0x80000d44 (0x4cab2493) x 9 0x00000001
core   0: 0x80000d48 (0x000080f5) c.srli  s1, 29
core   0: 3 0x80000d48 (0x80f5) x 9 0x00000000
core   0: 0x80000d4a (0x0332c533) div     a0, t0, s3
core   0: 3 0x80000d4a (0x0332c533) x10 0x000001fe
core   0: 0x80000d4e (0x00008241) c.srli  a2, 16
core   0: 3 0x80000d4e (0x8241) x12 0x00000000
core   0: 0x80000d50 (0x03d1f033) remu    zero, gp, t4
core   0: 3 0x80000d50 (0x03d1f033)
core   0: 0x80000d54 (0x00008099) c.srli  s1, 6
core   0: 3 0x80000d54 (0x8099) x 9 0x00000000
core   0: 0x80000d56 (0x41b75313) srai    t1, a4, 27
core   0: 3 0x80000d56 (0x41b75313) x 6 0xffffffff
core   0: 0x80000d5a (0x0000834d) c.srli  a4, 19
core   0: 3 0x80000d5a (0x834d) x14 0x00001fff
core   0: 0x80000d5c (0x0000717d) c.addi16sp sp, -16
core   0: 3 0x80000d5c (0x717d) x 2 0xffffffd0
core   0: 0x80000d5e (0x0106bf33) sltu    t5, a3, a6
core   0: 3 0x80000d5e (0x0106bf33) x30 0x00000001
core   0: 0x80000d62 (0x000085d9) c.srai  a1, 22
core   0: 3 0x80000d62 (0x85d9) x11 0x00000000
core   0: 0x80000d64 (0x00000001) c.nop
core   0: 3 0x80000d64 (0x0001)
core   0: 0x80000d66 (0x74655ab7) lui     s5, 0x74655
core   0: 3 0x80000d66 (0x74655ab7) x21 0x74655000
core   0: 0x80000d6a (0xfff00c13) li      s8, -1
core   0: 3 0x80000d6a (0xfff00c13) x24 0xffffffff
core   0: 0x80000d6e (0x90579437) lui     s0, 0x90579
core   0: 3 0x80000d6e (0x90579437) x 8 0x90579000
core   0: 0x80000d72 (0xa2a40413) addi    s0, s0, -1494
core   0: 3 0x80000d72 (0xa2a40413) x 8 0x90578a2a
core   0: 0x80000d76 (0x50b8eab7) lui     s5, 0x50b8e
core   0: 3 0x80000d76 (0x50b8eab7) x21 0x50b8e000
core   0: 0x80000d7a (0xf03a8a93) addi    s5, s5, -253
core   0: 3 0x80000d7a (0xf03a8a93) x21 0x50b8df03
core   0: 0x80000d7e (0xfff00513) li      a0, -1
core   0: 3 0x80000d7e (0xfff00513) x10 0xffffffff
core   0: 0x80000d82 (0xf0b576b7) lui     a3, 0xf0b57
core   0: 3 0x80000d82 (0xf0b576b7) x13 0xf0b57000
core   0: 0x80000d86 (0xea668693) addi    a3, a3, -346
core   0: 3 0x80000d86 (0xea668693) x13 0xf0b56ea6
core   0: 0x80000d8a (0xb4e67737) lui     a4, 0xb4e67
core   0: 3 0x80000d8a (0xb4e67737) x14 0xb4e67000
core   0: 0x80000d8e (0xccf70713) addi    a4, a4, -817
core   0: 3 0x80000d8e (0xccf70713) x14 0xb4e66ccf
core   0: 0x80000d92 (0x00004301) c.li    t1, 0
core   0: 3 0x80000d92 (0x4301) x 6 0x00000000
core   0: 0x80000d94 (0x800001b7) lui     gp, 0x80000
core   0: 3 0x80000d94 (0x800001b7) x 3 0x80000000
core   0: 0x80000d98 (0x94f858b7) lui     a7, 0x94f85
core   0: 3 0x80000d98 (0x94f858b7) x17 0x94f85000
core   0: 0x80000d9c (0x71a88893) addi    a7, a7, 1818
core   0: 3 0x80000d9c (0x71a88893) x17 0x94f8571a
core   0: 0x80000da0 (0xfff00113) li      sp, -1
core   0: 3 0x80000da0 (0xfff00113) x 2 0xffffffff
core   0: 0x80000da4 (0x02676133) rem     sp, a4, t1
core   0: 3 0x80000da4 (0x02676133) x 2 0xb4e66ccf
core   0: 0x80000da8 (0x8650d537) lui     a0, 0x8650d
core   0: 3 0x80000da8 (0x8650d537) x10 0x8650d000
core   0: 0x80000dac (0x0288e733) rem     a4, a7, s0
core   0: 3 0x80000dac (0x0288e733) x14 0x94f8571a
core   0: 0x80000db0 (0x737c6437) lui     s0, 0x737c6
core   0: 3 0x80000db0 (0x737c6437) x 8 0x737c6000
core   0: 0x80000db4 (0xc76578b7) lui     a7, 0xc7657
core   0: 3 0x80000db4 (0xc76578b7) x17 0xc7657000
core   0: 0x80000db8 (0x02374ab3) div     s5, a4, gp
core   0: 3 0x80000db8 (0x02374ab3) x21 0x00000000
core   0: 0x80000dbc (0x03534433) div     s0, t1, s5
core   0: 3 0x80000dbc (0x03534433) x 8 0xffffffff
core   0: 0x80000dc0 (0x00e10433) add     s0, sp, a4
core   0: 3 0x80000dc0 (0x00e10433) x 8 0x49dec3e9
core   0: 0x80000dc4 (0x02d721b3) mulhsu  gp, a4, a3
core   0: 3 0x80000dc4 (0x02d721b3) x 3 0x9b5cf6fb
core   0: 0x80000dc8 (0x40d68c33) sub     s8, a3, a3
core   0: 3 0x80000dc8 (0x40d68c33) x24 0x00000000
core   0: 0x80000dcc (0x02d30ab3) mul     s5, t1, a3
core   0: 3 0x80000dcc (0x02d30ab3) x21 0x00000000
core   0: 0x80000dd0 (0x21933c37) lui     s8, 0x21933
core   0: 3 0x80000dd0 (0x21933c37) x24 0x21933000
core   0: 0x80000dd4 (0xcc8186b7) lui     a3, 0xcc818
core   0: 3 0x80000dd4 (0xcc8186b7) x13 0xcc818000
core   0: 0x80000dd8 (0x0318e1b3) rem     gp, a7, a7
core   0: 3 0x80000dd8 (0x0318e1b3) x 3 0x00000000
core   0: 0x80000ddc (0x02e1dc33) divu    s8, gp, a4
core   0: 3 0x80000ddc (0x02e1dc33) x24 0x00000000
core   0: 0x80000de0 (0x0266d533) divu    a0, a3, t1
core   0: 3 0x80000de0 (0x0266d533) x10 0xffffffff
core   0: 0x80000de4 (0x002186b3) add     a3, gp, sp
core   0: 3 0x80000de4 (0x002186b3) x13 0xb4e66ccf
core   0: 0x80000de8 (0x5b7914b7) lui     s1, 0x5b791
core   0: 3 0x80000de8 (0x5b7914b7) x 9 0x5b791000
core   0: 0x80000dec (0x00bfe933) or      s2, t6, a1
core   0: 3 0x80000dec (0x00bfe933) x18 0x00000000
core   0: 0x80000df0 (0x023176b3) remu    a3, sp, gp
core   0: 3 0x80000df0 (0x023176b3) x13 0xb4e66ccf
core   0: 0x80000df4 (0x00006c4d) c.lui   s8, 0x13
core   0: 3 0x80000df4 (0x6c4d) x24 0x00013000
core   0: 0x80000df6 (0x00001008) c.addi4spn a0, sp, 32
core   0: 3 0x80000df6 (0x1008) x10 0xb4e66cef
core   0: 0x80000df8 (0x00001a94) c.addi4spn a3, sp, 368
core   0: 3 0x80000df8 (0x1a94) x13 0xb4e66e3f
core   0: 0x80000dfa (0x022671b3) remu    gp, a2, sp
core   0: 3 0x80000dfa (0x022671b3) x 3 0x00000000
core   0: 0x80000dfe (0x000099fd) c.andi  a1, -1
core   0: 3 0x80000dfe (0x99fd) x11 0x00000000
core   0: 0x80000e00 (0x9a8a0a37) lui     s4, 0x9a8a0
core   0: 3 0x80000e00 (0x9a8a0a37) x20 0x9a8a0000
core   0: 0x80000e04 (0x50fdf1b7) lui     gp, 0x50fdf
core   0: 3 0x80000e04 (0x50fdf1b7) x 3 0x50fdf000
core   0: 0x80000e08 (0x58058f93) addi    t6, a1, 1408
core   0: 3 0x80000e08 (0x58058f93) x31 0x00000580
core   0: 0x80000e0c (0xb4f6cf93) xori    t6, a3, -1201
core   0: 3 0x80000e0c (0xb4f6cf93) x31 0x4b199570
core   0: 0x80000e10 (0x02036eb3) rem     t4, t1, zero
core   0: 3 0x80000e10 (0x02036eb3) x29 0x00000000
core   0: 0x80000e14 (0x01216f33) or      t5, sp, s2
core   0: 3 0x80000e14 (0x01216f33) x30 0xb4e66ccf
core   0: 0x80000e18 (0x0111d333) srl     t1, gp, a7
core   0: 3 0x80000e18 (0x0111d333) x 6 0x50fdf000
core   0: 0x80000e1c (0x00008c09) c.sub   s0, a0
core   0: 3 0x80000e1c (0x8c09) x 8 0x94f856fa
core   0: 0x80000e1e (0x00008fc5) c.or    a5, s1
core   0: 3 0x80000e1e (0x8fc5) x15 0x5b791000
core   0: 0x80000e20 (0x00000001) c.nop
core   0: 3 0x80000e20 (0x0001)
core   0: 0x80000e22 (0x01f8f533) and     a0, a7, t6
core   0: 3 0x80000e22 (0x01f8f533) x10 0x43011000
core   0: 0x80000e26 (0x029e95b3) mulh    a1, t4, s1
core   0: 3 0x80000e26 (0x029e95b3) x11 0x00000000
core   0: 0x80000e2a (0x00008731) c.srai  a4, 12
core   0: 3 0x80000e2a (0x8731) x14 0xfff94f85
core   0: 0x80000e2c (0x00006175) c.addi16sp sp, 368
core   0: 3 0x80000e2c (0x6175) x 2 0xb4e66e3f
core   0: 0x80000e2e (0x400b5c33) sra     s8, s6, zero
core   0: 3 0x80000e2e (0x400b5c33) x24 0x0000000e
core   0: 0x80000e32 (0x00000001) c.nop
core   0: 3 0x80000e32 (0x0001)
core   0: 0x80000e34 (0x2d433313) sltiu   t1, t1, 724
core   0: 3 0x80000e34 (0x2d433313) x 6 0x00000000
core   0: 0x80000e38 (0x404d06b3) sub     a3, s10, tp
core   0: 3 0x80000e38 (0x404d06b3) x13 0xf475af7d
core   0: 0x80000e3c (0x0000717d) c.addi16sp sp, -16
core   0: 3 0x80000e3c (0x717d) x 2 0xb4e66e2f
core   0: 0x80000e3e (0x00000001) c.nop
core   0: 3 0x80000e3e (0x0001)
core   0: 0x80000e40 (0x40e88fb3) sub     t6, a7, a4
core   0: 3 0x80000e40 (0x40e88fb3) x31 0xc76c207b
core   0: 0x80000e44 (0x4fa26397) auipc   t2, 0x4fa26
core   0: 3 0x80000e44 (0x4fa26397) x 7 0xcfa26e44
core   0: 0x80000e48 (0xac7f4f97) auipc   t6, 0xac7f4
core   0: 3 0x80000e48 (0xac7f4f97) x31 0x2c7f4e48
core   0: 0x80000e4c (0x4083df33) sra     t5, t2, s0
core   0: 3 0x80000e4c (0x4083df33) x30 0xfffffff3
core   0: 0x80000e50 (0x4011d393) srai    t2, gp, 1
core   0: 3 0x80000e50 (0x4011d393) x 7 0x287ef800
core   0: 0x80000e54 (0x0012e0b3) or      ra, t0, ra
core   0: 3 0x80000e54 (0x0012e0b3) x 1 0x3fe60094
core   0: 0x80000e58 (0x030331b3) mulhu   gp, t1, a6
core   0: 3 0x80000e58 (0x030331b3) x 3 0x00000000
core   0: 0x80000e5c (0x026449b3) div     s3, s0, t1
core   0: 3 0x80000e5c (0x026449b3) x19 0xffffffff
core   0: 0x80000e60 (0x000014fd) c.addi  s1, -1
core   0: 3 0x80000e60 (0x14fd) x 9 0x5b790fff
core   0: 0x80000e62 (0x03359ab3) mulh    s5, a1, s3
core   0: 3 0x80000e62 (0x03359ab3) x21 0x00000000
core   0: 0x80000e66 (0x0000717d) c.addi16sp sp, -16
core   0: 3 0x80000e66 (0x717d) x 2 0xb4e66e1f
core   0: 0x80000e68 (0xfc467a13) andi    s4, a2, -60
core   0: 3 0x80000e68 (0xfc467a13) x20 0x00000000
core   0: 0x80000e6c (0x00000001) c.nop
core   0: 3 0x80000e6c (0x0001)
core   0: 0x80000e6e (0x00009bfd) c.andi  a5, -1
core   0: 3 0x80000e6e (0x9bfd) x15 0x5b791000
core   0: 0x80000e70 (0x00008c5e) c.mv    s8, s7
core   0: 3 0x80000e70 (0x8c5e) x24 0x80013ce4
core   0: 0x80000e72 (0x000041b5) c.li    gp, 13
core   0: 3 0x80000e72 (0x41b5) x 3 0x0000000d
core   0: 0x80000e74 (0x57e51037) lui     zero, 0x57e51
core   0: 3 0x80000e74 (0x57e51037)
core   0: 0x80000e78 (0x003bc4b3) xor     s1, s7, gp
core   0: 3 0x80000e78 (0x003bc4b3) x 9 0x80013ce9
core   0: 0x80000e7c (0x0054e6b3) or      a3, s1, t0
core   0: 3 0x80000e7c (0x0054e6b3) x13 0xbfe53ce9
core   0: 0x80000e80 (0x00009142) c.add   sp, a6
core   0: 3 0x80000e80 (0x9142) x 2 0x34e76c83
core   0: 0x80000e82 (0xc0f43f13) sltiu   t5, s0, -1009
core   0: 3 0x80000e82 (0xc0f43f13) x30 0x00000001
core   0: 0x80000e86 (0x00001398) c.addi4spn a4, sp, 480
core   0: 3 0x80000e86 (0x1398) x14 0x34e76e63
core   0: 0x80000e88 (0x029118b3) mulh    a7, sp, s1
core   0: 3 0x80000e88 (0x029118b3) x17 0xe58c8b3c
core   0: 0x80000e8c (0x000097c2) c.add   a5, a6
core   0: 3 0x80000e8c (0x97c2) x15 0xdb7a0e64
core   0: 0x80000e8e (0x6401fd93) andi    s11, gp, 1600
core   0: 3 0x80000e8e (0x6401fd93) x27 0x00000000
core   0: 0x80000e92 (0x03e505b3) mul     a1, a0, t5
core   0: 3 0x80000e92 (0x03e505b3) x11 0x43011000
core   0: 0x80000e96 (0x004380b3) add     ra, t2, tp
core   0: 3 0x80000e96 (0x004380b3) x 1 0x287ef800
core   0: 0x80000e9a (0x00000001) c.nop
core   0: 3 0x80000e9a (0x0001)
core   0: 0x80000e9c (0x039c9233) mulh    tp, s9, s9
core   0: 3 0x80000e9c (0x039c9233) x 4 0x00000000
core   0: 0x80000ea0 (0x000005c2) c.slli  a1, 16
core   0: 3 0x80000ea0 (0x05c2) x11 0x10000000
core   0: 0x80000ea2 (0x01800f33) add     t5, zero, s8
core   0: 3 0x80000ea2 (0x01800f33) x30 0x80013ce4
core   0: 0x80000ea6 (0x108efd37) lui     s10, 0x108ef
core   0: 3 0x80000ea6 (0x108efd37) x26 0x108ef000
core   0: 0x80000eaa (0x01a80733) add     a4, a6, s10
core   0: 3 0x80000eaa (0x01a80733) x14 0x908fee64
core   0: 0x80000eae (0x00000001) c.nop
core   0: 3 0x80000eae (0x0001)
core   0: 0x80000eb0 (0x00008d65) c.and   a0, s1
core   0: 3 0x80000eb0 (0x8d65) x10 0x00011000
core   0: 0x80000eb2 (0x03c5e133) rem     sp, a1, t3
core   0: 3 0x80000eb2 (0x03c5e133) x 2 0x00000225
core   0: 0x80000eb6 (0x0000597d) c.li    s2, -1
core   0: 3 0x80000eb6 (0x597d) x18 0xffffffff
core   0: 0x80000eb8 (0x3856f713) andi    a4, a3, 901
core   0: 3 0x80000eb8 (0x3856f713) x14 0x00000081
core   0: 0x80000ebc (0x6653aa93) slti    s5, t2, 1637
core   0: 3 0x80000ebc (0x6653aa93) x21 0x00000000
core   0: 0x80000ec0 (0x00004559) c.li    a0, 22
core   0: 3 0x80000ec0 (0x4559) x10 0x00000016
core   0: 0x80000ec2 (0x00008df9) c.and   a1, a4
core   0: 3 0x80000ec2 (0x8df9) x11 0x00000000
core   0: 0x80000ec4 (0x0386e6b3) rem     a3, a3, s8
core   0: 3 0x80000ec4 (0x0386e6b3) x13 0xbfe53ce9
core   0: 0x80000ec8 (0x03acbf33) mulhu   t5, s9, s10
core   0: 3 0x80000ec8 (0x03acbf33) x30 0x00000000
core   0: 0x80000ecc (0x03207ab3) remu    s5, zero, s2
core   0: 3 0x80000ecc (0x03207ab3) x21 0x00000000
core   0: 0x80000ed0 (0x00008e39) c.xor   a2, a4
core   0: 3 0x80000ed0 (0x8e39) x12 0x00000081
core   0: 0x80000ed2 (0x01581633) sll     a2, a6, s5
core   0: 3 0x80000ed2 (0x01581633) x12 0x8000fe64
core   0: 0x80000ed6 (0x03109fb3) mulh    t6, ra, a7
core   0: 3 0x80000ed6 (0x03109fb3) x31 0xfbd0d74e
core   0: 0x80000eda (0x3cbcfc93) andi    s9, s9, 971
core   0: 3 0x80000eda (0x3cbcfc93) x25 0x00000001
core   0: 0x80000ede (0xe3a5cd17) auipc   s10, 0xe3a5c
core   0: 3 0x80000ede (0xe3a5cd17) x26 0x63a5cede
core   0: 0x80000ee2 (0x00008e59) c.or    a2, a4
core   0: 3 0x80000ee2 (0x8e59) x12 0x8000fee5
core   0: 0x80000ee4 (0x00008a9d) c.andi  a3, 7
core   0: 3 0x80000ee4 (0x8a9d) x13 0x00000001
core   0: 0x80000ee6 (0x00e2d013) srli    zero, t0, 14
core   0: 3 0x80000ee6 (0x00e2d013)
core   0: 0x80000eea (0x60efba13) sltiu   s4, t6, 1550
core   0: 3 0x80000eea (0x60efba13) x20 0x00000000
core   0: 0x80000eee (0x0000567d) c.li    a2, -1
core   0: 3 0x80000eee (0x567d) x12 0xffffffff
core   0: 0x80000ef0 (0x414609b3) sub     s3, a2, s4
core   0: 3 0x80000ef0 (0x414609b3) x19 0xffffffff
core   0: 0x80000ef4 (0x00000001) c.nop
core   0: 3 0x80000ef4 (0x0001)
core   0: 0x80000ef6 (0x02c85e33) divu    t3, a6, a2
core   0: 3 0x80000ef6 (0x02c85e33) x28 0x00000000
core   0: 0x80000efa (0x000015fd) c.addi  a1, -1
core   0: 3 0x80000efa (0x15fd) x11 0xffffffff
core   0: 0x80000efc (0x4c07f313) andi    t1, a5, 1216
core   0: 3 0x80000efc (0x4c07f313) x 6 0x00000440
core   0: 0x80000f00 (0x03b4ac33) mulhsu  s8, s1, s11
core   0: 3 0x80000f00 (0x03b4ac33) x24 0x00000000
core   0: 0x80000f04 (0x404484b3) sub     s1, s1, tp
core   0: 3 0x80000f04 (0x404484b3) x 9 0x80013ce9
core   0: 0x80000f08 (0x000085bd) c.srai  a1, 15
core   0: 3 0x80000f08 (0x85bd) x11 0xffffffff
core   0: 0x80000f0a (0x0000865a) c.mv    a2, s6
core   0: 3 0x80000f0a (0x865a) x12 0x0000000e
core   0: 0x80000f0c (0x0245a333) mulhsu  t1, a1, tp
core   0: 3 0x80000f0c (0x0245a333) x 6 0x00000000
core   0: 0x80000f10 (0x01b942b3) xor     t0, s2, s11
core   0: 3 0x80000f10 (0x01b942b3) x 5 0xffffffff
core   0: 0x80000f14 (0x01ce87b3) add     a5, t4, t3
core   0: 3 0x80000f14 (0x01ce87b3) x15 0x00000000
core   0: 0x80000f18 (0x01d9c533) xor     a0, s3, t4
core   0: 3 0x80000f18 (0x01d9c533) x10 0xffffffff
core   0: 0x80000f1c (0x00698fb3) add     t6, s3, t1
core   0: 3 0x80000f1c (0x00698fb3) x31 0xffffffff
core   0: 0x80000f20 (0x00008e4e) c.mv    t3, s3
core   0: 3 0x80000f20 (0x8e4e) x28 0xffffffff
core   0: 0x80000f22 (0x00000f16) c.slli  t5, 5
core   0: 3 0x80000f22 (0x0f16) x30 0x00000000
core   0: 0x80000f24 (0x00000339) c.addi  t1, 14
core   0: 3 0x80000f24 (0x0339) x 6 0x0000000e
core   0: 0x80000f26 (0xa49ea993) slti    s3, t4, -1463
core   0: 3 0x80000f26 (0xa49ea993) x19 0x00000000
core   0: 0x80000f2a (0x03a9b033) mulhu   zero, s3, s10
core   0: 3 0x80000f2a (0x03a9b033)
core   0: 0x80000f2e (0x00008cc1) c.or    s1, s0
core   0: 3 0x80000f2e (0x8cc1) x 9 0x94f97efb
core   0: 0x80000f30 (0x03ccd933) divu    s2, s9, t3
core   0: 3 0x80000f30 (0x03ccd933) x18 0x00000000
core   0: 0x80000f34 (0x0325ee33) rem     t3, a1, s2
core   0: 3 0x80000f34 (0x0325ee33) x28 0xffffffff
core   0: 0x80000f38 (0x0311a4b3) mulhsu  s1, gp, a7
core   0: 3 0x80000f38 (0x0311a4b3) x 9 0x0000000b
core   0: 0x80000f3c (0x00000001) c.nop
core   0: 3 0x80000f3c (0x0001)
core   0: 0x80000f3e (0x00008112) c.mv    sp, tp
core   0: 3 0x80000f3e (0x8112) x 2 0x00000000
core   0: 0x80000f40 (0x00008339) c.srli  a4, 14
core   0: 3 0x80000f40 (0x8339) x14 0x00000000
core   0: 0x80000f42 (0x0000997d) c.andi  a0, -1
core   0: 3 0x80000f42 (0x997d) x10 0xffffffff
core   0: 0x80000f44 (0x00000e08) c.addi4spn a0, sp, 784
core   0: 3 0x80000f44 (0x0e08) x10 0x00000310
core   0: 0x80000f46 (0x69e8ea13) ori     s4, a7, 1694
core   0: 3 0x80000f46 (0x69e8ea13) x20 0xe58c8fbe
core   0: 0x80000f4a (0x0000127d) c.addi  tp, -1
core   0: 3 0x80000f4a (0x127d) x 4 0xffffffff
core   0: 0x80000f4c (0x00008f59) c.or    a4, a4
core   0: 3 0x80000f4c (0x8f59) x14 0x00000000
core   0: 0x80000f4e (0x00000001) c.nop
core   0: 3 0x80000f4e (0x0001)
core   0: 0x80000f50 (0xc28ec097) auipc   ra, 0xc28ec
core   0: 3 0x80000f50 (0xc28ec097) x 1 0x428ecf50
core   0: 0x80000f54 (0x0000070e) c.slli  a4, 3
core   0: 3 0x80000f54 (0x070e) x14 0x00000000
core   0: 0x80000f56 (0xf2efff13) andi    t5, t6, -210
core   0: 3 0x80000f56 (0xf2efff13) x30 0xffffff2e
core   0: 0x80000f5a (0x87dda393) slti    t2, s11, -1923
core   0: 3 0x80000f5a (0x87dda393) x 7 0x00000000
core   0: 0x80000f5e (0x0046c133) xor     sp, a3, tp
core   0: 3 0x80000f5e (0x0046c133) x 2 0xfffffffe
core   0: 0x80000f62 (0x00008959) c.andi  a0, 22
core   0: 3 0x80000f62 (0x8959) x10 0x00000010
core   0: 0x80000f64 (0x14bee213) ori     tp, t4, 331
core   0: 3 0x80000f64 (0x14bee213) x 4 0x0000014b
core   0: 0x80000f68 (0x8641b113) sltiu   sp, gp, -1948
core   0: 3 0x80000f68 (0x8641b113) x 2 0x00000001
core   0: 0x80000f6c (0x00000001) c.nop
core   0: 3 0x80000f6c (0x0001)
core   0: 0x80000f6e (0x00008f6d) c.and   a4, a1
core   0: 3 0x80000f6e (0x8f6d) x14 0x00000000
core   0: 0x80000f70 (0x000000de) c.slli  ra, 23
core   0: 3 0x80000f70 (0x00de) x 1 0xa8000000
core   0: 0x80000f72 (0x02e9f3b3) remu    t2, s3, a4
core   0: 3 0x80000f72 (0x02e9f3b3) x 7 0x00000000
core   0: 0x80000f76 (0x00480ab3) add     s5, a6, tp
core   0: 3 0x80000f76 (0x00480ab3) x21 0x8000ffaf
core   0: 0x80000f7a (0xbf5b4d13) xori    s10, s6, -1035
core   0: 3 0x80000f7a (0xbf5b4d13) x26 0xfffffbfb
core   0: 0x80000f7e (0x87c13913) sltiu   s2, sp, -1924
core   0: 3 0x80000f7e (0x87c13913) x18 0x00000001
core   0: 0x80000f82 (0x039fe0b3) rem     ra, t6, s9
core   0: 3 0x80000f82 (0x039fe0b3) x 1 0x00000000
core   0: 0x80000f86 (0x0350fe33) remu    t3, ra, s5
core   0: 3 0x80000f86 (0x0350fe33) x28 0x00000000
core   0: 0x80000f8a (0x00008c21) c.xor   s0, s0
core   0: 3 0x80000f8a (0x8c21) x 8 0x00000000
core   0: 0x80000f8c (0x00009c86) c.add   s9, ra
core   0: 3 0x80000f8c (0x9c86) x25 0x00000001
core   0: 0x80000f8e (0x2d5f4f93) xori    t6, t5, 725
core   0: 3 0x80000f8e (0x2d5f4f93) x31 0xfffffdfb
core   0: 0x80000f92 (0x01721fb3) sll     t6, tp, s7
core   0: 3 0x80000f92 (0x01721fb3) x31 0x000014b0
core   0: 0x80000f96 (0x00000001) c.nop
core   0: 3 0x80000f96 (0x0001)
core   0: 0x80000f98 (0x014ad733) srl     a4, s5, s4
core   0: 3 0x80000f98 (0x014ad733) x14 0x00000002
core   0: 0x80000f9c (0x00008af1) c.andi  a3, 28
core   0: 3 0x80000f9c (0x8af1) x13 0x00000000
core   0: 0x80000f9e (0x00c81d93) slli    s11, a6, 12
core   0: 3 0x80000f9e (0x00c81d93) x27 0x0fe64000
core   0: 0x80000fa2 (0x03c573b3) remu    t2, a0, t3
core   0: 3 0x80000fa2 (0x03c573b3) x 7 0x00000010
core   0: 0x80000fa6 (0xe7544693) xori    a3, s0, -395
core   0: 3 0x80000fa6 (0xe7544693) x13 0xfffffe75
core   0: 0x80000faa (0x0000577d) c.li    a4, -1
core   0: 3 0x80000faa (0x577d) x14 0xffffffff
core   0: 0x80000fac (0x03d2c733) div     a4, t0, t4
core   0: 3 0x80000fac (0x03d2c733) x14 0xffffffff
core   0: 0x80000fb0 (0xb5e50537) lui     a0, 0xb5e50
core   0: 3 0x80000fb0 (0xb5e50537) x10 0xb5e50000
core   0: 0x80000fb4 (0x03235933) divu    s2, t1, s2
core   0: 3 0x80000fb4 (0x03235933) x18 0x0000000e
core   0: 0x80000fb8 (0x00008f65) c.and   a4, s1
core   0: 3 0x80000fb8 (0x8f65) x14 0x0000000b
core   0: 0x80000fba (0x00005cfd) c.li    s9, -1
core   0: 3 0x80000fba (0x5cfd) x25 0xffffffff
core   0: 0x80000fbc (0x00006ab9) c.lui   s5, 0xe
core   0: 3 0x80000fbc (0x6ab9) x21 0x0000e000
core   0: 0x80000fbe (0x9f16a913) slti    s2, a3, -1551
core   0: 3 0x80000fbe (0x9f16a913) x18 0x00000000
core   0: 0x80000fc2 (0x02d8d4b3) divu    s1, a7, a3
core   0: 3 0x80000fc2 (0x02d8d4b3) x 9 0x00000000
core   0: 0x80000fc6 (0x0362fcb3) remu    s9, t0, s6
core   0: 3 0x80000fc6 (0x0362fcb3) x25 0x00000003
core   0: 0x80000fca (0xc5f86a17) auipc   s4, 0xc5f86
core   0: 3 0x80000fca (0xc5f86a17) x20 0x45f86fca
core   0: 0x80000fce (0x01c572b3) and     t0, a0, t3
core   0: 3 0x80000fce (0x01c572b3) x 5 0x00000000
core   0: 0x80000fd2 (0x00000e04) c.addi4spn s1, sp, 784
core   0: 3 0x80000fd2 (0x0e04) x 9 0x00000311
core   0: 0x80000fd4 (0x00008421) c.srai  s0, 8
core   0: 3 0x80000fd4 (0x8421) x 8 0x00000000
core   0: 0x80000fd6 (0x919b7093) andi    ra, s6, -1767
core   0: 3 0x80000fd6 (0x919b7093) x 1 0x00000008
core   0: 0x80000fda (0x00006941) c.lui   s2, 0x10
core   0: 3 0x80000fda (0x6941) x18 0x00010000
core   0: 0x80000fdc (0xa14b3113) sltiu   sp, s6, -1516
core   0: 3 0x80000fdc (0xa14b3113) x 2 0x00000001
core   0: 0x80000fe0 (0x031d3733) mulhu   a4, s10, a7
core   0: 3 0x80000fe0 (0x031d3733) x14 0xe58c87a1
core   0: 0x80000fe4 (0x000081c9) c.srli  a1, 18
core   0: 3 0x80000fe4 (0x81c9) x11 0x00003fff
core   0: 0x80000fe6 (0x00009eda) c.add   t4, s6
core   0: 3 0x80000fe6 (0x9eda) x29 0x0000000e
core   0: 0x80000fe8 (0x00c7c133) xor     sp, a5, a2
core   0: 3 0x80000fe8 (0x00c7c133) x 2 0x0000000e
core   0: 0x80000fec (0x0110c7b3) xor     a5, ra, a7
core   0: 3 0x80000fec (0x0110c7b3) x15 0xe58c8b34
core   0: 0x80000ff0 (0x0000837d) c.srli  a4, 31
core   0: 3 0x80000ff0 (0x837d) x14 0x00000001
core   0: 0x80000ff2 (0x00008589) c.srai  a1, 2
core   0: 3 0x80000ff2 (0x8589) x11 0x00000fff
core   0: 0x80000ff4 (0x00dfd0b3) srl     ra, t6, a3
core   0: 3 0x80000ff4 (0x00dfd0b3) x 1 0x00000000
core   0: 0x80000ff8 (0x9a447493) andi    s1, s0, -1628
core   0: 3 0x80000ff8 (0x9a447493) x 9 0x00000000
core   0: 0x80000ffc (0x00008c55) c.or    s0, a3
core   0: 3 0x80000ffc (0x8c55) x 8 0xfffffe75
core   0: 0x80000ffe (0x9463bd13) sltiu   s10, t2, -1722
core   0: 3 0x80000ffe (0x9463bd13) x26 0x00000001
core   0: 0x80001002 (0x00008d65) c.and   a0, s1
core   0: 3 0x80001002 (0x8d65) x10 0x00000000
core   0: 0x80001004 (0x00000936) c.slli  s2, 13
core   0: 3 0x80001004 (0x0936) x18 0x20000000
core   0: 0x80001006 (0x0000139c) c.addi4spn a5, sp, 480
core   0: 3 0x80001006 (0x139c) x15 0x000001ee
core   0: 0x80001008 (0x00009b7d) c.andi  a4, -1
core   0: 3 0x80001008 (0x9b7d) x14 0x00000001
core   0: 0x8000100a (0x03ebfc33) remu    s8, s7, t5
core   0: 3 0x8000100a (0x03ebfc33) x24 0x80013ce4
core   0: 0x8000100e (0x02cc4533) div     a0, s8, a2
core   0: 3 0x8000100e (0x02cc4533) x10 0xf6db845a
core   0: 0x80001012 (0xdf548013) addi    zero, s1, -523
core   0: 3 0x80001012 (0xdf548013)
core   0: 0x80001016 (0x00008fdd) c.or    a5, a5
core   0: 3 0x80001016 (0x8fdd) x15 0x000001ee
core   0: 0x80001018 (0x00a1b4b3) sltu    s1, gp, a0
core   0: 3 0x80001018 (0x00a1b4b3) x 9 0x00000001
core   0: 0x8000101c (0x035781b3) mul     gp, a5, s5
core   0: 3 0x8000101c (0x035781b3) x 3 0x01b04000
core   0: 0x80001020 (0x00009542) c.add   a0, a6
core   0: 3 0x80001020 (0x9542) x10 0x76dc82be
core   0: 0x80001022 (0x000087d9) c.srai  a5, 22
core   0: 3 0x80001022 (0x87d9) x15 0x00000000
core   0: 0x80001024 (0x006c2c33) slt     s8, s8, t1
core   0: 3 0x80001024 (0x006c2c33) x24 0x00000001
core   0: 0x80001028 (0x403f5e13) srai    t3, t5, 3
core   0: 3 0x80001028 (0x403f5e13) x28 0xffffffe5
core   0: 0x8000102c (0x00000001) c.nop
core   0: 3 0x8000102c (0x0001)
core   0: 0x8000102e (0x711ef893) andi    a7, t4, 1809
core   0: 3 0x8000102e (0x711ef893) x17 0x00000000
core   0: 0x80001032 (0xd6b98697) auipc   a3, 0xd6b98
core   0: 3 0x80001032 (0xd6b98697) x13 0x56b99032
core   0: 0x80001036 (0x574d0c13) addi    s8, s10, 1396
core   0: 3 0x80001036 (0x574d0c13) x24 0x00000575
core   0: 0x8000103a (0x018de433) or      s0, s11, s8
core   0: 3 0x8000103a (0x018de433) x 8 0x0fe64575
core   0: 0x8000103e (0x03d4df33) divu    t5, s1, t4
core   0: 3 0x8000103e (0x03d4df33) x30 0x00000000
core   0: 0x80001042 (0x0019d1b3) srl     gp, s3, ra
core   0: 3 0x80001042 (0x0019d1b3) x 3 0x00000000
core   0: 0x80001046 (0x00008e89) c.sub   a3, a0
core   0: 3 0x80001046 (0x8e89) x13 0xdfdd0d74
core   0: 0x80001048 (0x00d05a33) srl     s4, zero, a3
core   0: 3 0x80001048 (0x00d05a33) x20 0x00000000
core   0: 0x8000104c (0x00008f15) c.sub   a4, a3
core   0: 3 0x8000104c (0x8f15) x14 0x2022f28d
core   0: 0x8000104e (0x009c5013) srli    zero, s8, 9
core   0: 3 0x8000104e (0x009c5013)
core   0: 0x80001052 (0x414ad8b3) sra     a7, s5, s4
core   0: 3 0x80001052 (0x414ad8b3) x17 0x0000e000
core   0: 0x80001056 (0x016528b3) slt     a7, a0, s6
core   0: 3 0x80001056 (0x016528b3) x17 0x00000000
core   0: 0x8000105a (0x3c4e0d17) auipc   s10, 0x3c4e0
core   0: 3 0x8000105a (0x3c4e0d17) x26 0xbc4e105a
core   0: 0x8000105e (0xb9665c17) auipc   s8, 0xb9665
core   0: 3 0x8000105e (0xb9665c17) x24 0x3966605e
core   0: 0x80001062 (0x00c6fcb3) and     s9, a3, a2
core   0: 3 0x80001062 (0x00c6fcb3) x25 0x00000004
core   0: 0x80001066 (0x03275033) divu    zero, a4, s2
core   0: 3 0x80001066 (0x03275033)
core   0: 0x8000106a (0x8cfe2413) slti    s0, t3, -1841
core   0: 3 0x8000106a (0x8cfe2413) x 8 0x00000000
core   0: 0x8000106e (0x00008f81) c.sub   a5, s0
core   0: 3 0x8000106e (0x8f81) x15 0x00000000
core   0: 0x80001070 (0x401859b3) sra     s3, a6, ra
core   0: 3 0x80001070 (0x401859b3) x19 0x8000fe64
core   0: 0x80001074 (0x002dea33) or      s4, s11, sp
core   0: 3 0x80001074 (0x002dea33) x20 0x0fe6400e
core   0: 0x80001078 (0x00006c59) c.lui   s8, 0x16
core   0: 3 0x80001078 (0x6c59) x24 0x00016000
core   0: 0x8000107a (0x025c0133) mul     sp, s8, t0
core   0: 3 0x8000107a (0x025c0133) x 2 0x00000000
core   0: 0x8000107e (0x00009352) c.add   t1, s4
core   0: 3 0x8000107e (0x9352) x 6 0x0fe6401c
core   0: 0x80001080 (0x003c5313) srli    t1, s8, 3
core   0: 3 0x80001080 (0x003c5313) x 6 0x00002c00
core   0: 0x80001084 (0x40c95493) srai    s1, s2, 12
core   0: 3 0x80001084 (0x40c95493) x 9 0x00020000
core   0: 0x80001088 (0x00004249) c.li    tp, 18
core   0: 3 0x80001088 (0x4249) x 4 0x00000012
core   0: 0x8000108a (0x03feefb3) rem     t6, t4, t6
core   0: 3 0x8000108a (0x03feefb3) x31 0x0000000e
core   0: 0x8000108e (0x02722e33) mulhsu  t3, tp, t2
core   0: 3 0x8000108e (0x02722e33) x28 0x00000000
core   0: 0x80001092 (0x03487c33) remu    s8, a6, s4
core   0: 3 0x80001092 (0x03487c33) x24 0x00cefdf4
core   0: 0x80001096 (0x03787733) remu    a4, a6, s7
core   0: 3 0x80001096 (0x03787733) x14 0x8000fe64
core   0: 0x8000109a (0x00006151) c.addi16sp sp, 272
core   0: 3 0x8000109a (0x6151) x 2 0x00000110
core   0: 0x8000109c (0x00006109) c.addi16sp sp, 128
core   0: 3 0x8000109c (0x6109) x 2 0x00000190
core   0: 0x8000109e (0x00008fd9) c.or    a5, a4
core   0: 3 0x8000109e (0x8fd9) x15 0x8000fe64
core   0: 0x800010a0 (0x00000001) c.nop
core   0: 3 0x800010a0 (0x0001)
core   0: 0x800010a2 (0xfac43013) sltiu   zero, s0, -84
core   0: 3 0x800010a2 (0xfac43013)
core   0: 0x800010a6 (0x00008c65) c.and   s0, s1
core   0: 3 0x800010a6 (0x8c65) x 8 0x00000000
core   0: 0x800010a8 (0x00008ffd) c.and   a5, a5
core   0: 3 0x800010a8 (0x8ffd) x15 0x8000fe64
core   0: 0x800010aa (0x01fe9f93) slli    t6, t4, 31
core   0: 3 0x800010aa (0x01fe9f93) x31 0x00000000
core   0: 0x800010ae (0x00009afd) c.andi  a3, -1
core   0: 3 0x800010ae (0x9afd) x13 0xdfdd0d74
core   0: 0x800010b0 (0x40168133) sub     sp, a3, ra
core   0: 3 0x800010b0 (0x40168133) x 2 0xdfdd0d74
core   0: 0x800010b4 (0x7ecdaf17) auipc   t5, 0x7ecda
core   0: 3 0x800010b4 (0x7ecdaf17) x30 0xfecdb0b4
core   0: 0x800010b8 (0x00ddbe33) sltu    t3, s11, a3
core   0: 3 0x800010b8 (0x00ddbe33) x28 0x00000001
core   0: 0x800010bc (0x00fcb5b3) sltu    a1, s9, a5
core   0: 3 0x800010bc (0x00fcb5b3) x11 0x00000001
core   0: 0x800010c0 (0xf9d23593) sltiu   a1, tp, -99
core   0: 3 0x800010c0 (0xf9d23593) x11 0x00000001
core   0: 0x800010c4 (0x410f5cb3) sra     s9, t5, a6
core   0: 3 0x800010c4 (0x410f5cb3) x25 0xffecdb0b
core   0: 0x800010c8 (0x037b1f33) mulh    t5, s6, s7
core   0: 3 0x800010c8 (0x037b1f33) x30 0xfffffff9
core   0: 0x800010cc (0x00009c1e) c.add   s8, t2
core   0: 3 0x800010cc (0x9c1e) x24 0x00cefe04
core   0: 0x800010ce (0x0248c1b3) div     gp, a7, tp
core   0: 3 0x800010ce (0x0248c1b3) x 3 0x00000000
core   0: 0x800010d2 (0x0000027e) c.slli  tp, 31
core   0: 3 0x800010d2 (0x027e) x 4 0x00000000
core   0: 0x800010d4 (0x01fd1c13) slli    s8, s10, 31
core   0: 3 0x800010d4 (0x01fd1c13) x24 0x00000000
core   0: 0x800010d8 (0x41635d13) srai    s10, t1, 22
core   0: 3 0x800010d8 (0x41635d13) x26 0x00000000
core   0: 0x800010dc (0x00008fad) c.xor   a5, a1
core   0: 3 0x800010dc (0x8fad) x15 0x8000fe65
core   0: 0x800010de (0x362b7513) andi    a0, s6, 866
core   0: 3 0x800010de (0x362b7513) x10 0x00000002
core   0: 0x800010e2 (0x00009f12) c.add   t5, tp
core   0: 3 0x800010e2 (0x9f12) x30 0xfffffff9
core   0: 0x800010e4 (0x0000717d) c.addi16sp sp, -16
core   0: 3 0x800010e4 (0x717d) x 2 0xdfdd0d64
core   0: 0x800010e6 (0x01941333) sll     t1, s0, s9
core   0: 3 0x800010e6 (0x01941333) x 6 0x00000000
core   0: 0x800010ea (0x02885a33) divu    s4, a6, s0
core   0: 3 0x800010ea (0x02885a33) x20 0xffffffff
core   0: 0x800010ee (0x01551e93) slli    t4, a0, 21
core   0: 3 0x800010ee (0x01551e93) x29 0x00400000
core   0: 0x800010f2 (0x03d86db3) rem     s11, a6, t4
core   0: 3 0x800010f2 (0x03d86db3) x27 0xffc0fe64
core   0: 0x800010f6 (0x02476cb3) rem     s9, a4, tp
core   0: 3 0x800010f6 (0x02476cb3) x25 0x8000fe64
core   0: 0x800010fa (0x018e4ab3) xor     s5, t3, s8
core   0: 3 0x800010fa (0x018e4ab3) x21 0x00000001
core   0: 0x800010fe (0x01e59f93) slli    t6, a1, 30
core   0: 3 0x800010fe (0x01e59f93) x31 0x40000000
core   0: 0x80001102 (0x00000a26) c.slli  s4, 9
core   0: 3 0x80001102 (0x0a26) x20 0xfffffe00
core   0: 0x80001104 (0x000084b5) c.srai  s1, 13
core   0: 3 0x80001104 (0x84b5) x 9 0x00000010
core   0: 0x80001106 (0x00000001) c.nop
core   0: 3 0x80001106 (0x0001)
core   0: 0x80001108 (0x01f64fb3) xor     t6, a2, t6
core   0: 3 0x80001108 (0x01f64fb3) x31 0x4000000e
core   0: 0x8000110c (0x0065ef33) or      t5, a1, t1
core   0: 3 0x8000110c (0x0065ef33) x30 0x00000001
core   0: 0x80001110 (0x00fde7b3) or      a5, s11, a5
core   0: 3 0x80001110 (0x00fde7b3) x15 0xffc0fe65
core   0: 0x80001114 (0x00006fc1) c.lui   t6, 0x10
core   0: 3 0x80001114 (0x6fc1) x31 0x00010000
core   0: 0x80001116 (0xd6dc0093) addi    ra, s8, -659
core   0: 3 0x80001116 (0xd6dc0093) x 1 0xfffffd6d
core   0: 0x8000111a (0x03797533) remu    a0, s2, s7
core   0: 3 0x8000111a (0x03797533) x10 0x20000000
core   0: 0x8000111e (0x0000717d) c.addi16sp sp, -16
core   0: 3 0x8000111e (0x717d) x 2 0xdfdd0d54
core   0: 0x80001120 (0x00004dc1) c.li    s11, 16
core   0: 3 0x80001120 (0x4dc1) x27 0x00000010
core   0: 0x80001122 (0x000007ba) c.slli  a5, 14
core   0: 3 0x80001122 (0x07ba) x15 0x3f994000
core   0: 0x80001124 (0x0000547d) c.li    s0, -1
core   0: 3 0x80001124 (0x547d) x 8 0xffffffff
core   0: 0x80001126 (0x40bc52b3) sra     t0, s8, a1
core   0: 3 0x80001126 (0x40bc52b3) x 5 0x00000000
core   0: 0x8000112a (0x00008e35) c.xor   a2, a3
core   0: 3 0x8000112a (0x8e35) x12 0xdfdd0d7a
core   0: 0x8000112c (0xf242f213) andi    tp, t0, -220
core   0: 3 0x8000112c (0xf242f213) x 4 0x00000000
core   0: 0x80001130 (0x000090c6) c.add   ra, a7
core   0: 3 0x80001130 (0x90c6) x 1 0xfffffd6d
core   0: 0x80001132 (0x0000428d) c.li    t0, 3
core   0: 3 0x80001132 (0x428d) x 5 0x00000003
core   0: 0x80001134 (0x01bbba33) sltu    s4, s7, s11
core   0: 3 0x80001134 (0x01bbba33) x20 0x00000000
core   0: 0x80001138 (0x02348933) mul     s2, s1, gp
core   0: 3 0x80001138 (0x02348933) x18 0x00000000
core   0: 0x8000113c (0x03062eb3) mulhsu  t4, a2, a6
core   0: 3 0x8000113c (0x03062eb3) x29 0xefee66cd
core   0: 0x80001140 (0xdac9c0b7) lui     ra, 0xdac9c
core   0: 3 0x80001140 (0xdac9c0b7) x 1 0xdac9c000
core   0: 0x80001144 (0x022f0f33) mul     t5, t5, sp
core   0: 3 0x80001144 (0x022f0f33) x30 0xdfdd0d54
core   0: 0x80001148 (0x0000717d) c.addi16sp sp, -16
core   0: 3 0x80001148 (0x717d) x 2 0xdfdd0d44
core   0: 0x8000114a (0x014f9ab3) sll     s5, t6, s4
core   0: 3 0x8000114a (0x014f9ab3) x21 0x00010000
core   0: 0x8000114e (0x01f5d8b3) srl     a7, a1, t6
core   0: 3 0x8000114e (0x01f5d8b3) x17 0x00000001
core   0: 0x80001152 (0x0000046a) c.slli  s0, 26
core   0: 3 0x80001152 (0x046a) x 8 0xfc000000
core   0: 0x80001154 (0x00000de5) c.addi  s11, 25
core   0: 3 0x80001154 (0x0de5) x27 0x00000029
core   0: 0x80001156 (0x00009e0e) c.add   t3, gp
core   0: 3 0x80001156 (0x9e0e) x28 0x00000001
core   0: 0x80001158 (0x0000547d) c.li    s0, -1
core   0: 3 0x80001158 (0x547d) x 8 0xffffffff
core   0: 0x8000115a (0x008c6c33) or      s8, s8, s0
core   0: 3 0x8000115a (0x008c6c33) x24 0xffffffff
core   0: 0x8000115e (0x00006131) c.addi16sp sp, 320
core   0: 3 0x8000115e (0x6131) x 2 0xdfdd0e84
core   0: 0x80001160 (0x002db4b3) sltu    s1, s11, sp
core   0: 3 0x80001160 (0x002db4b3) x 9 0x00000001
core   0: 0x80001164 (0x00008d79) c.and   a0, a4
core   0: 3 0x80001164 (0x8d79) x10 0x00000000
core   0: 0x80001166 (0x0000914a) c.add   sp, s2
core   0: 3 0x80001166 (0x914a) x 2 0xdfdd0e84
core   0: 0x80001168 (0xa97ce513) ori     a0, s9, -1385
core   0: 3 0x80001168 (0xa97ce513) x10 0xfffffef7
core   0: 0x8000116c (0x00008d85) c.sub   a1, s1
core   0: 3 0x8000116c (0x8d85) x11 0x00000000
core   0: 0x8000116e (0x41b7d5b3) sra     a1, a5, s11
core   0: 3 0x8000116e (0x41b7d5b3) x11 0x001fcca0
core   0: 0x80001172 (0x00006139) c.addi16sp sp, 448
core   0: 3 0x80001172 (0x6139) x 2 0xdfdd1044
core   0: 0x80001174 (0x00b1afb3) slt     t6, gp, a1
core   0: 3 0x80001174 (0x00b1afb3) x31 0x00000001
core   0: 0x80001178 (0x00001390) c.addi4spn a2, sp, 480
core   0: 3 0x80001178 (0x1390) x12 0xdfdd1224
core   0: 0x8000117a (0x006b5e13) srli    t3, s6, 6
core   0: 3 0x8000117a (0x006b5e13) x28 0x00000000
core   0: 0x8000117e (0xe368beb7) lui     t4, 0xe368b
core   0: 3 0x8000117e (0xe368beb7) x29 0xe368b000
core   0: 0x80001182 (0x0153bf33) sltu    t5, t2, s5
core   0: 3 0x80001182 (0x0153bf33) x30 0x00000001
core   0: 0x80001186 (0xcacf6a93) ori     s5, t5, -852
core   0: 3 0x80001186 (0xcacf6a93) x21 0xfffffcad
core   0: 0x8000118a (0x315db713) sltiu   a4, s11, 789
core   0: 3 0x8000118a (0x315db713) x14 0x00000001
core   0: 0x8000118e (0x02f3a3b3) mulhsu  t2, t2, a5
core   0: 3 0x8000118e (0x02f3a3b3) x 7 0x00000003
core   0: 0x80001192 (0x41f4ef13) ori     t5, s1, 1055
core   0: 3 0x80001192 (0x41f4ef13) x30 0x0000041f
core   0: 0x80001196 (0x00008299) c.srli  a3, 6
core   0: 3 0x80001196 (0x8299) x13 0x037f7435
core   0: 0x80001198 (0x046d45b7) lui     a1, 0x46d4
core   0: 3 0x80001198 (0x046d45b7) x11 0x046d4000
core   0: 0x8000119c (0x00000001) c.nop
core   0: 3 0x8000119c (0x0001)
core   0: 0x8000119e (0x9d8d8893) addi    a7, s11, -1576
core   0: 3 0x8000119e (0x9d8d8893) x17 0xfffffa01
core   0: 0x800011a2 (0x00984333) xor     t1, a6, s1
core   0: 3 0x800011a2 (0x00984333) x 6 0x8000fe65
core   0: 0x800011a6 (0x000085b9) c.srai  a1, 14
core   0: 3 0x800011a6 (0x85b9) x11 0x000011b5
core   0: 0x800011a8 (0x00008ecd) c.or    a3, a1
core   0: 3 0x800011a8 (0x8ecd) x13 0x037f75b5
core   0: 0x800011aa (0x2a70ee13) ori     t3, ra, 679
core   0: 3 0x800011aa (0x2a70ee13) x28 0xdac9c2a7
core   0: 0x800011ae (0x0000567d) c.li    a2, -1
core   0: 3 0x800011ae (0x567d) x12 0xffffffff
core   0: 0x800011b0 (0x01fcbfb3) sltu    t6, s9, t6
core   0: 3 0x800011b0 (0x01fcbfb3) x31 0x00000000
core   0: 0x800011b4 (0x4e132e93) slti    t4, t1, 1249
core   0: 3 0x800011b4 (0x4e132e93) x29 0x00000001
core   0: 0x800011b8 (0x01f4d933) srl     s2, s1, t6
core   0: 3 0x800011b8 (0x01f4d933) x18 0x00000001
core   0: 0x800011bc (0x004191b3) sll     gp, gp, tp
core   0: 3 0x800011bc (0x004191b3) x 3 0x00000000
core   0: 0x800011c0 (0x41db5f93) srai    t6, s6, 29
core   0: 3 0x800011c0 (0x41db5f93) x31 0x00000000
core   0: 0x800011c4 (0x41c85033) sra     zero, a6, t3
core   0: 3 0x800011c4 (0x41c85033)
core   0: 0x800011c8 (0x41850cb3) sub     s9, a0, s8
core   0: 3 0x800011c8 (0x41850cb3) x25 0xfffffef8
core   0: 0x800011cc (0x41335413) srai    s0, t1, 19
core   0: 3 0x800011cc (0x41335413) x 8 0xfffff000
core   0: 0x800011d0 (0xa0db8193) addi    gp, s7, -1523
core   0: 3 0x800011d0 (0xa0db8193) x 3 0x800136f1
core   0: 0x800011d4 (0x00000955) c.addi  s2, 21
core   0: 3 0x800011d4 (0x0955) x18 0x00000016
core   0: 0x800011d6 (0x00a4d293) srli    t0, s1, 10
core   0: 3 0x800011d6 (0x00a4d293) x 5 0x00000000
core   0: 0x800011da (0x0367cfb3) div     t6, a5, s6
core   0: 3 0x800011da (0x0367cfb3) x31 0x048af249
core   0: 0x800011de (0x025873b3) remu    t2, a6, t0
core   0: 3 0x800011de (0x025873b3) x 7 0x8000fe64
core   0: 0x800011e2 (0x00000396) c.slli  t2, 5
core   0: 3 0x800011e2 (0x0396) x 7 0x001fcc80
core   0: 0x800011e4 (0x012dfa33) and     s4, s11, s2
core   0: 3 0x800011e4 (0x012dfa33) x20 0x00000000
core   0: 0x800011e8 (0x01c38d33) add     s10, t2, t3
core   0: 3 0x800011e8 (0x01c38d33) x26 0xdae98f27
core   0: 0x800011ec (0x00009afd) c.andi  a3, -1
core   0: 3 0x800011ec (0x9afd) x13 0x037f75b5
core   0: 0x800011ee (0x03e6ec33) rem     s8, a3, t5
core   0: 3 0x800011ee (0x03e6ec33) x24 0x000001de
core   0: 0x800011f2 (0x00001700) c.addi4spn s0, sp, 928
core   0: 3 0x800011f2 (0x1700) x 8 0xdfdd13e4
core   0: 0x800011f4 (0x000002a2) c.slli  t0, 8
core   0: 3 0x800011f4 (0x02a2) x 5 0x00000000
core   0: 0x800011f6 (0x413904b3) sub     s1, s2, s3
core   0: 3 0x800011f6 (0x413904b3) x 9 0x7fff01b2
core   0: 0x800011fa (0x027471b3) remu    gp, s0, t2
core   0: 3 0x800011fa (0x027471b3) x 3 0x000796e4
core   0: 0x800011fe (0x5b00c413) xori    s0, ra, 1456
core   0: 3 0x800011fe (0x5b00c413) x 8 0xdac9c5b0
core   0: 0x80001202 (0x0245b233) mulhu   tp, a1, tp
core   0: 3 0x80001202 (0x0245b233) x 4 0x00000000
core   0: 0x80001206 (0x00001480) c.addi4spn s0, sp, 608
core   0: 3 0x80001206 (0x1480) x 8 0xdfdd12a4
core   0: 0x80001208 (0x675cf393) andi    t2, s9, 1653
core   0: 3 0x80001208 (0x675cf393) x 7 0x00000670
core   0: 0x8000120c (0x00008f91) c.sub   a5, a2
core   0: 3 0x8000120c (0x8f91) x15 0x3f994001
core   0: 0x8000120e (0x000084d9) c.srai  s1, 22
core   0: 3 0x8000120e (0x84d9) x 9 0x000001ff
core   0: 0x80001210 (0x00fcd993) srli    s3, s9, 15
core   0: 3 0x80001210 (0x00fcd993) x19 0x0001ffff
core   0: 0x80001214 (0x41465cb3) sra     s9, a2, s4
core   0: 3 0x80001214 (0x41465cb3) x25 0xffffffff
core   0: 0x80001218 (0x00000001) c.nop
core   0: 3 0x80001218 (0x0001)
core   0: 0x8000121a (0x00008e6d) c.and   a2, a1
core   0: 3 0x8000121a (0x8e6d) x12 0x000011b5
core   0: 0x8000121c (0x00a9eab3) or      s5, s3, a0
core   0: 3 0x8000121c (0x00a9eab3) x21 0xffffffff
core   0: 0x80001220 (0x01ca9f13) slli    t5, s5, 28
core   0: 3 0x80001220 (0x01ca9f13) x30 0xf0000000
core   0: 0x80001224 (0x000008f1) c.addi  a7, 28
core   0: 3 0x80001224 (0x08f1) x17 0xfffffa1d
core   0: 0x80001226 (0x00001214) c.addi4spn a3, sp, 288
core   0: 3 0x80001226 (0x1214) x13 0xdfdd1164
core   0: 0x80001228 (0x01457033) and     zero, a0, s4
core   0: 3 0x80001228 (0x01457033)
core   0: 0x8000122c (0x53908713) addi    a4, ra, 1337
core   0: 3 0x8000122c (0x53908713) x14 0xdac9c539
core   0: 0x80001230 (0x021b0a33) mul     s4, s6, ra
core   0: 3 0x80001230 (0x021b0a33) x20 0xf7088000
core   0: 0x80001234 (0x02c46ab3) rem     s5, s0, a2
core   0: 3 0x80001234 (0x02c46ab3) x21 0xfffffea5
core   0: 0x80001238 (0x03b8aeb3) mulhsu  t4, a7, s11
core   0: 3 0x80001238 (0x03b8aeb3) x29 0xffffffff
core   0: 0x8000123c (0x407ed013) srai    zero, t4, 7
core   0: 3 0x8000123c (0x407ed013)
core   0: 0x80001240 (0x00001a98) c.addi4spn a4, sp, 368
core   0: 3 0x80001240 (0x1a98) x14 0xdfdd11b4
core   0: 0x80001242 (0x026c7cb3) remu    s9, s8, t1
core   0: 3 0x80001242 (0x026c7cb3) x25 0x000001de
core   0: 0x80001246 (0x0363b533) mulhu   a0, t2, s6
core   0: 3 0x80001246 (0x0363b533) x10 0x00000000
core   0: 0x8000124a (0xe5d66237) lui     tp, 0xe5d66
core   0: 3 0x8000124a (0xe5d66237) x 4 0xe5d66000
core   0: 0x8000124e (0x414add13) srai    s10, s5, 20
core   0: 3 0x8000124e (0x414add13) x26 0xffffffff
core   0: 0x80001252 (0x0000891e) c.mv    s2, t2
core   0: 3 0x80001252 (0x891e) x18 0x00000670
core   0: 0x80001254 (0x02e74db3) div     s11, a4, a4
core   0: 3 0x80001254 (0x02e74db3) x27 0x00000001
core   0: 0x80001258 (0xd289e3b7) lui     t2, 0xd289e
core   0: 3 0x80001258 (0xd289e3b7) x 7 0xd289e000
core   0: 0x8000125c (0xa09e4913) xori    s2, t3, -1527
core   0: 3 0x8000125c (0xa09e4913) x18 0x253638ae
core   0: 0x80001260 (0x00000001) c.nop
core   0: 3 0x80001260 (0x0001)
core   0: 0x80001262 (0x027e72b3) remu    t0, t3, t2
core   0: 3 0x80001262 (0x027e72b3) x 5 0x083fe2a7
core   0: 0x80001266 (0x009961b3) or      gp, s2, s1
core   0: 3 0x80001266 (0x009961b3) x 3 0x253639ff
core   0: 0x8000126a (0x0067da33) srl     s4, a5, t1
core   0: 3 0x8000126a (0x0067da33) x20 0x01fcca00
core   0: 0x8000126e (0x0076f933) and     s2, a3, t2
core   0: 3 0x8000126e (0x0076f933) x18 0xd2890000
core   0: 0x80001272 (0x000087c5) c.srai  a5, 17
core   0: 3 0x80001272 (0x87c5) x15 0x00001fcc
core   0: 0x80001274 (0x00154f33) xor     t5, a0, ra
core   0: 3 0x80001274 (0x00154f33) x30 0xdac9c000
core   0: 0x80001278 (0x000094fa) c.add   s1, t5
core   0: 3 0x80001278 (0x94fa) x 9 0xdac9c1ff
core   0: 0x8000127a (0x00009a8e) c.add   s5, gp
core   0: 3 0x8000127a (0x9a8e) x21 0x253638a4
core   0: 0x8000127c (0x40cb5593) srai    a1, s6, 12
core   0: 3 0x8000127c (0x40cb5593) x11 0x00000000
core   0: 0x80001280 (0x40e78633) sub     a2, a5, a4
core   0: 3 0x80001280 (0x40e78633) x12 0x20230e18
core   0: 0x80001284 (0x00b0dc33) srl     s8, ra, a1
core   0: 3 0x80001284 (0x00b0dc33) x24 0xdac9c000
core   0: 0x80001288 (0x022e7633) remu    a2, t3, sp
core   0: 3 0x80001288 (0x022e7633) x12 0xdac9c2a7
core   0: 0x8000128c (0x8214f893) andi    a7, s1, -2015
core   0: 3 0x8000128c (0x8214f893) x17 0xdac9c021
core   0: 0x80001290 (0x03bd10b3) mulh    ra, s10, s11
core   0: 3 0x80001290 (0x03bd10b3) x 1 0xffffffff
core   0: 0x80001294 (0x03b0b2b3) mulhu   t0, ra, s11
core   0: 3 0x80001294 (0x03b0b2b3) x 5 0x00000000
core   0: 0x80001298 (0x02d762b3) rem     t0, a4, a3
core   0: 3 0x80001298 (0x02d762b3) x 5 0xdfdd11b4
core   0: 0x8000129c (0x00b298b3) sll     a7, t0, a1
core   0: 3 0x8000129c (0x00b298b3) x17 0xdfdd11b4
core   0: 0x800012a0 (0x02f0e133) rem     sp, ra, a5
core   0: 3 0x800012a0 (0x02f0e133) x 2 0xffffffff
core   0: 0x800012a4 (0x00008f75) c.and   a4, a3
core   0: 3 0x800012a4 (0x8f75) x14 0xdfdd1124
core   0: 0x800012a6 (0x00ba8db3) add     s11, s5, a1
core   0: 3 0x800012a6 (0x00ba8db3) x27 0x253638a4
core   0: 0x800012aa (0x000080b1) c.srli  s1, 12
core   0: 3 0x800012aa (0x80b1) x 9 0x000dac9c
core   0: 0x800012ac (0x01f85d33) srl     s10, a6, t6
core   0: 3 0x800012ac (0x01f85d33) x26 0x0040007f
core   0: 0x800012b0 (0xd1413fb7) lui     t6, 0xd1413
core   0: 3 0x800012b0 (0xd1413fb7) x31 0xd1413000
core   0: 0x800012b4 (0x035d9133) mulh    sp, s11, s5
core   0: 3 0x800012b4 (0x035d9133) x 2 0x0568b7db
core   0: 0x800012b8 (0x400883b3) sub     t2, a7, zero
core   0: 3 0x800012b8 (0x400883b3) x 7 0xdfdd11b4
core   0: 0x800012bc (0x4fe56613) ori     a2, a0, 1278
core   0: 3 0x800012bc (0x4fe56613) x12 0x000004fe
core   0: 0x800012c0 (0x039b49b3) div     s3, s6, s9
core   0: 3 0x800012c0 (0x039b49b3) x19 0x00000000
core   0: 0x800012c4 (0x00bb9d13) slli    s10, s7, 11
core   0: 3 0x800012c4 (0x00bb9d13) x26 0x09e72000
core   0: 0x800012c8 (0x00000001) c.nop
core   0: 3 0x800012c8 (0x0001)
core   0: 0x800012ca (0x00008ea1) c.xor   a3, s0
core   0: 3 0x800012ca (0x8ea1) x13 0x000003c0
core   0: 0x800012cc (0x41f88233) sub     tp, a7, t6
core   0: 3 0x800012cc (0x41f88233) x 4 0x0e9be1b4
core   0: 0x800012d0 (0x740e8613) addi    a2, t4, 1856
core   0: 3 0x800012d0 (0x740e8613) x12 0x0000073f
core   0: 0x800012d4 (0xb5a4b217) auipc   tp, 0xb5a4b
core   0: 3 0x800012d4 (0xb5a4b217) x 4 0x35a4c2d4
core   0: 0x800012d8 (0x000098fd) c.andi  s1, -1
core   0: 3 0x800012d8 (0x98fd) x 9 0x000dac9c
core   0: 0x800012da (0x02e01733) mulh    a4, zero, a4
core   0: 3 0x800012da (0x02e01733) x14 0x00000000
core   0: 0x800012de (0x00008c95) c.sub   s1, a3
core   0: 3 0x800012de (0x8c95) x 9 0x000da8dc
core   0: 0x800012e0 (0x00006a2d) c.lui   s4, 0xb
core   0: 3 0x800012e0 (0x6a2d) x20 0x0000b000
core   0: 0x800012e2 (0x02024cb3) div     s9, tp, zero
core   0: 3 0x800012e2 (0x02024cb3) x25 0xffffffff
core   0: 0x800012e6 (0x00008fc1) c.or    a5, s0
core   0: 3 0x800012e6 (0x8fc1) x15 0xdfdd1fec
core   0: 0x800012e8 (0x00008386) c.mv    t2, ra
core   0: 3 0x800012e8 (0x8386) x 7 0xffffffff
core   0: 0x800012ea (0x031f2e33) mulhsu  t3, t5, a7
core   0: 3 0x800012ea (0x031f2e33) x28 0xdf759bd7
core   0: 0x800012ee (0x00008cd5) c.or    s1, a3
core   0: 3 0x800012ee (0x8cd5) x 9 0x000dabdc
core   0: 0x800012f0 (0x0209a233) mulhsu  tp, s3, zero
core   0: 3 0x800012f0 (0x0209a233) x 4 0x00000000
core   0: 0x800012f4 (0x00000aa2) c.slli  s5, 8
core   0: 3 0x800012f4 (0x0aa2) x21 0x3638a400
core   0: 0x800012f6 (0xf96eba97) auipc   s5, 0xf96eb
core   0: 3 0x800012f6 (0xf96eba97) x21 0x796ec2f6
core   0: 0x800012fa (0x03da68b3) rem     a7, s4, t4
core   0: 3 0x800012fa (0x03da68b3) x17 0x00000000
core   0: 0x800012fe (0x00321033) sll     zero, tp, gp
core   0: 3 0x800012fe (0x00321033)
core   0: 0x80001302 (0x00000d6e) c.slli  s10, 27
core   0: 3 0x80001302 (0x0d6e) x26 0x00000000
core   0: 0x80001304 (0x0000567d) c.li    a2, -1
core   0: 3 0x80001304 (0x567d) x12 0xffffffff
core   0: 0x80001306 (0x01f29793) slli    a5, t0, 31
core   0: 3 0x80001306 (0x01f29793) x15 0x00000000
core   0: 0x8000130a (0x59499497) auipc   s1, 0x59499
core   0: 3 0x8000130a (0x59499497) x 9 0xd949a30a
core   0: 0x8000130e (0x00001e14) c.addi4spn a3, sp, 816
core   0: 3 0x8000130e (0x1e14) x13 0x0568bb0b
core   0: 0x80001310 (0x01da9d93) slli    s11, s5, 29
core   0: 3 0x80001310 (0x01da9d93) x27 0xc0000000
core   0: 0x80001314 (0x0000946e) c.add   s0, s11
core   0: 3 0x80001314 (0x946e) x 8 0x9fdd12a4
core   0: 0x80001316 (0x0000717d) c.addi16sp sp, -16
core   0: 3 0x80001316 (0x717d) x 2 0x0568b7cb
core   0: 0x80001318 (0xf9b0cc93) xori    s9, ra, -101
core   0: 3 0x80001318 (0xf9b0cc93) x25 0x00000064
core   0: 0x8000131c (0x000004b9) c.addi  s1, 14
core   0: 3 0x8000131c (0x04b9) x 9 0xd949a318
core   0: 0x8000131e (0x2c58c337) lui     t1, 0x2c58c
core   0: 3 0x8000131e (0x2c58c337) x 6 0x2c58c000
core   0: 0x80001322 (0x001d03b3) add     t2, s10, ra
core   0: 3 0x80001322 (0x001d03b3) x 7 0xffffffff
core   0: 0x80001326 (0xf6490fb7) lui     t6, 0xf6490
core   0: 3 0x80001326 (0xf6490fb7) x31 0xf6490000
core   0: 0x8000132a (0x75e28993) addi    s3, t0, 1886
core   0: 3 0x8000132a (0x75e28993) x19 0xdfdd1912
core   0: 0x8000132e (0x00004441) c.li    s0, 16
core   0: 3 0x8000132e (0x4441) x 8 0x00000010
core   0: 0x80001330 (0x0183fd33) and     s10, t2, s8
core   0: 3 0x80001330 (0x0183fd33) x26 0xdac9c000
core   0: 0x80001334 (0x00f47e33) and     t3, s0, a5
core   0: 3 0x80001334 (0x00f47e33) x28 0x00000000
core   0: 0x80001338 (0x00000001) c.nop
core   0: 3 0x80001338 (0x0001)
core   0: 0x8000133a (0x0087a233) slt     tp, a5, s0
core   0: 3 0x8000133a (0x0087a233) x 4 0x00000001
core   0: 0x8000133e (0x00e09d13) slli    s10, ra, 14
core   0: 3 0x8000133e (0x00e09d13) x26 0xffffc000
core   0: 0x80001342 (0x0000814d) c.srli  a0, 19
core   0: 3 0x80001342 (0x814d) x10 0x00000000
core   0: 0x80001344 (0x044d2e93) slti    t4, s10, 68
core   0: 3 0x80001344 (0x044d2e93) x29 0x00000001
core   0: 0x80001348 (0x0000058c) c.addi4spn a1, sp, 704
core   0: 3 0x80001348 (0x058c) x11 0x0568ba8b
core   0: 0x8000134a (0x01299413) slli    s0, s3, 18
core   0: 3 0x8000134a (0x01299413) x 8 0x64480000
core   0: 0x8000134e (0xc75be093) ori     ra, s7, -907
core   0: 3 0x8000134e (0xc75be093) x 1 0xfffffcf5
core   0: 0x80001352 (0x003bd193) srli    gp, s7, 3
core   0: 3 0x80001352 (0x003bd193) x 3 0x1000279c
core   0: 0x80001356 (0x018f6233) or      tp, t5, s8
core   0: 3 0x80001356 (0x018f6233) x 4 0xdac9c000
core   0: 0x8000135a (0x000839b3) sltu    s3, a6, zero
core   0: 3 0x8000135a (0x000839b3) x19 0x00000000
core   0: 0x8000135e (0x407b87b3) sub     a5, s7, t2
core   0: 3 0x8000135e (0x407b87b3) x15 0x80013ce5
core   0: 0x80001362 (0x000099fd) c.andi  a1, -1
core   0: 3 0x80001362 (0x99fd) x11 0x0568ba8b
core   0: 0x80001364 (0x03f1f633) remu    a2, gp, t6
core   0: 3 0x80001364 (0x03f1f633) x12 0x1000279c
core   0: 0x80001368 (0xdda86113) ori     sp, a6, -550
core   0: 3 0x80001368 (0xdda86113) x 2 0xfffffffe
core   0: 0x8000136c (0x00008e09) c.sub   a2, a0
core   0: 3 0x8000136c (0x8e09) x12 0x1000279c
core   0: 0x8000136e (0x021887b3) mul     a5, a7, ra
core   0: 3 0x8000136e (0x021887b3) x15 0x00000000
core   0: 0x80001372 (0x00008ea9) c.xor   a3, a0
core   0: 3 0x80001372 (0x8ea9) x13 0x0568bb0b
core   0: 0x80001374 (0x000060b1) c.lui   ra, 0xc
core   0: 3 0x80001374 (0x60b1) x 1 0x0000c000
core   0: 0x80001376 (0x000000fa) c.slli  ra, 30
core   0: 3 0x80001376 (0x00fa) x 1 0x00000000
core   0: 0x80001378 (0x0000867d) c.srai  a2, 31
core   0: 3 0x80001378 (0x867d) x12 0x00000000
core   0: 0x8000137a (0x00009b7d) c.andi  a4, -1
core   0: 3 0x8000137a (0x9b7d) x14 0x00000000
core   0: 0x8000137c (0xc8b38a13) addi    s4, t2, -885
core   0: 3 0x8000137c (0xc8b38a13) x20 0xfffffc8a
core   0: 0x80001380 (0x000052fd) c.li    t0, -1
core   0: 3 0x80001380 (0x52fd) x 5 0xffffffff
core   0: 0x80001382 (0x020f8c33) mul     s8, t6, zero
core   0: 3 0x80001382 (0x020f8c33) x24 0x00000000
core   0: 0x80001386 (0x02ee6533) rem     a0, t3, a4
core   0: 3 0x80001386 (0x02ee6533) x10 0x00000000
core   0: 0x8000138a (0x0313efb3) rem     t6, t2, a7
core   0: 3 0x8000138a (0x0313efb3) x31 0xffffffff
core   0: 0x8000138e (0x0000597d) c.li    s2, -1
core   0: 3 0x8000138e (0x597d) x18 0xffffffff
core   0: 0x80001390 (0x000085d9) c.srai  a1, 22
core   0: 3 0x80001390 (0x85d9) x11 0x00000015
core   0: 0x80001392 (0x01462433) slt     s0, a2, s4
core   0: 3 0x80001392 (0x01462433) x 8 0x00000000
core   0: 0x80001396 (0x00006c31) c.lui   s8, 0xc
core   0: 3 0x80001396 (0x6c31) x24 0x0000c000
core   0: 0x80001398 (0x0000955e) c.add   a0, s7
core   0: 3 0x80001398 (0x955e) x10 0x80013ce4
core   0: 0x8000139a (0x02e236b3) mulhu   a3, tp, a4
core   0: 3 0x8000139a (0x02e236b3) x13 0x00000000
core   0: 0x8000139e (0x02b22533) mulhsu  a0, tp, a1
core   0: 3 0x8000139e (0x02b22533) x10 0xfffffffc
core   0: 0x800013a2 (0x000087b6) c.mv    a5, a3
core   0: 3 0x800013a2 (0x87b6) x15 0x00000000
core   0: 0x800013a4 (0x00006a41) c.lui   s4, 0x10
core   0: 3 0x800013a4 (0x6a41) x20 0x00010000
core   0: 0x800013a6 (0x00008da1) c.xor   a1, s0
core   0: 3 0x800013a6 (0x8da1) x11 0x00000015
core   0: 0x800013a8 (0x92c4b593) sltiu   a1, s1, -1748
core   0: 3 0x800013a8 (0x92c4b593) x11 0x00000001
core   0: 0x800013ac (0x9729e037) lui     zero, 0x9729e
core   0: 3 0x800013ac (0x9729e037)
core   0: 0x800013b0 (0x83436393) ori     t2, t1, -1996
core   0: 3 0x800013b0 (0x83436393) x 7 0xfffff834
core   0: 0x800013b4 (0x0066d613) srli    a2, a3, 6
core   0: 3 0x800013b4 (0x0066d613) x12 0x00000000
core   0: 0x800013b8 (0x01ac82b3) add     t0, s9, s10
core   0: 3 0x800013b8 (0x01ac82b3) x 5 0xffffc064
core   0: 0x800013bc (0x00000001) c.nop
core   0: 3 0x800013bc (0x0001)
core   0: 0x800013be (0x00000001) c.nop
core   0: 3 0x800013be (0x0001)
core   0: 0x800013c0 (0x004a0db3) add     s11, s4, tp
core   0: 3 0x800013c0 (0x004a0db3) x27 0xdacac000
core   0: 0x800013c4 (0xe5519d37) lui     s10, 0xe5519
core   0: 3 0x800013c4 (0xe5519d37) x26 0xe5519000
core   0: 0x800013c8 (0x0348aab3) mulhsu  s5, a7, s4
core   0: 3 0x800013c8 (0x0348aab3) x21 0x00000000
core   0: 0x800013cc (0x00001d04) c.addi4spn s1, sp, 688
core   0: 3 0x800013cc (0x1d04) x 9 0x000002ae
core   0: 0x800013ce (0xbfbfb693) sltiu   a3, t6, -1029
core   0: 3 0x800013ce (0xbfbfb693) x13 0x00000000
core   0: 0x800013d2 (0x003fa433) slt     s0, t6, gp
core   0: 3 0x800013d2 (0x003fa433) x 8 0x00000001
core   0: 0x800013d6 (0x03a48a33) mul     s4, s1, s10
core   0: 3 0x800013d6 (0x03a48a33) x20 0x808fe000
core   0: 0x800013da (0x02ab0433) mul     s0, s6, a0
core   0: 3 0x800013da (0x02ab0433) x 8 0xffffffc8
core   0: 0x800013de (0x02c2f8b3) remu    a7, t0, a2
core   0: 3 0x800013de (0x02c2f8b3) x17 0xffffc064
core   0: 0x800013e2 (0x00008dd9) c.or    a1, a4
core   0: 3 0x800013e2 (0x8dd9) x11 0x00000001
core   0: 0x800013e4 (0x00278933) add     s2, a5, sp
core   0: 3 0x800013e4 (0x00278933) x18 0xfffffffe
core   0: 0x800013e8 (0x019fdf33) srl     t5, t6, s9
core   0: 3 0x800013e8 (0x019fdf33) x30 0x0fffffff
core   0: 0x800013ec (0x0063ae33) slt     t3, t2, t1
core   0: 3 0x800013ec (0x0063ae33) x28 0x00000001
core   0: 0x800013f0 (0x00000001) c.nop
core   0: 3 0x800013f0 (0x0001)
core   0: 0x800013f2 (0x03b53033) mulhu   zero, a0, s11
core   0: 3 0x800013f2 (0x03b53033)
core   0: 0x800013f6 (0x00008fd1) c.or    a5, a2
core   0: 3 0x800013f6 (0x8fd1) x15 0x00000000
core   0: 0x800013f8 (0x00d2deb3) srl     t4, t0, a3
core   0: 3 0x800013f8 (0x00d2deb3) x29 0xffffc064
core   0: 0x800013fc (0x0258a433) mulhsu  s0, a7, t0
core   0: 3 0x800013fc (0x0258a433) x 8 0xffffc064
core   0: 0x80001400 (0x31fff893) andi    a7, t6, 799
core   0: 3 0x80001400 (0x31fff893) x17 0x0000031f
core   0: 0x80001404 (0x4055df13) srai    t5, a1, 5
core   0: 3 0x80001404 (0x4055df13) x30 0x00000000
core   0: 0x80001408 (0x0209aeb3) mulhsu  t4, s3, zero
core   0: 3 0x80001408 (0x0209aeb3) x29 0x00000000
core   0: 0x8000140c (0x00000cc6) c.slli  s9, 17
core   0: 3 0x8000140c (0x0cc6) x25 0x00c80000
core   0: 0x8000140e (0x00008c29) c.xor   s0, a0
core   0: 3 0x8000140e (0x8c29) x 8 0x00003f98
core   0: 0x80001410 (0x01b70fb3) add     t6, a4, s11
core   0: 3 0x80001410 (0x01b70fb3) x31 0xdacac000
core   0: 0x80001414 (0x00008c4d) c.or    s0, a1
core   0: 3 0x80001414 (0x8c4d) x 8 0x00003f99
core   0: 0x80001416 (0xaa017c93) andi    s9, sp, -1376
core   0: 3 0x80001416 (0xaa017c93) x25 0xfffffaa0
core   0: 0x8000141a (0x018eff33) and     t5, t4, s8
core   0: 3 0x8000141a (0x018eff33) x30 0x00000000
core   0: 0x8000141e (0x50e7f613) andi    a2, a5, 1294
core   0: 3 0x8000141e (0x50e7f613) x12 0x00000000
core   0: 0x80001422 (0x418d0633) sub     a2, s10, s8
core   0: 3 0x80001422 (0x418d0633) x12 0xe550d000
core   0: 0x80001426 (0x2d0b3393) sltiu   t2, s6, 720
core   0: 3 0x80001426 (0x2d0b3393) x 7 0x00000001
core   0: 0x8000142a (0x00000001) c.nop
core   0: 3 0x8000142a (0x0001)
core   0: 0x8000142c (0x00008f91) c.sub   a5, a2
core   0: 3 0x8000142c (0x8f91) x15 0x1aaf3000
core   0: 0x8000142e (0x03fff433) remu    s0, t6, t6
core   0: 3 0x8000142e (0x03fff433) x 8 0x00000000
core   0: 0x80001432 (0x16dd2913) slti    s2, s10, 365
core   0: 3 0x80001432 (0x16dd2913) x18 0x00000001
core   0: 0x80001436 (0x9cd47d13) andi    s10, s0, -1587
core   0: 3 0x80001436 (0x9cd47d13) x26 0x00000000
core   0: 0x8000143a (0x40de0933) sub     s2, t3, a3
core   0: 3 0x8000143a (0x40de0933) x18 0x00000001
core   0: 0x8000143e (0x025e9ab3) mulh    s5, t4, t0
core   0: 3 0x8000143e (0x025e9ab3) x21 0x00000000
core   0: 0x80001442 (0x01d61f33) sll     t5, a2, t4
core   0: 3 0x80001442 (0x01d61f33) x30 0xe550d000
core   0: 0x80001446 (0x00008dd5) c.or    a1, a3
core   0: 3 0x80001446 (0x8dd5) x11 0x00000001
core   0: 0x80001448 (0x5499bc13) sltiu   s8, s3, 1353
core   0: 3 0x80001448 (0x5499bc13) x24 0x00000001
core   0: 0x8000144c (0x027f5a33) divu    s4, t5, t2
core   0: 3 0x8000144c (0x027f5a33) x20 0xe550d000
core   0: 0x80001450 (0x013d1333) sll     t1, s10, s3
core   0: 3 0x80001450 (0x013d1333) x 6 0x00000000
core   0: 0x80001454 (0x00008cd9) c.or    s1, a4
core   0: 3 0x80001454 (0x8cd9) x 9 0x000002ae
core   0: 0x80001456 (0x01c04eb3) xor     t4, zero, t3
core   0: 3 0x80001456 (0x01c04eb3) x29 0x00000001
core   0: 0x8000145a (0x0000118c) c.addi4spn a1, sp, 224
core   0: 3 0x8000145a (0x118c) x11 0x000000de
core   0: 0x8000145c (0x0336a4b3) mulhsu  s1, a3, s3
core   0: 3 0x8000145c (0x0336a4b3) x 9 0x00000000
core   0: 0x80001460 (0x401bd113) srai    sp, s7, 1
core   0: 3 0x80001460 (0x401bd113) x 2 0xc0009e72
core   0: 0x80001464 (0x03fe6533) rem     a0, t3, t6
core   0: 3 0x80001464 (0x03fe6533) x10 0x00000001
core   0: 0x80001468 (0x00000001) c.nop
core   0: 3 0x80001468 (0x0001)
core   0: 0x8000146a (0x9c267913) andi    s2, a2, -1598
core   0: 3 0x8000146a (0x9c267913) x18 0xe550d000
core   0: 0x8000146e (0x606c5a37) lui     s4, 0x606c5
core   0: 3 0x8000146e (0x606c5a37) x20 0x606c5000
core   0: 0x80001472 (0x009a5533) srl     a0, s4, s1
core   0: 3 0x80001472 (0x009a5533) x10 0x606c5000
core   0: 0x80001476 (0x017e9593) slli    a1, t4, 23
core   0: 3 0x80001476 (0x017e9593) x11 0x00800000
core   0: 0x8000147a (0x02ac04b3) mul     s1, s8, a0
core   0: 3 0x8000147a (0x02ac04b3) x 9 0x606c5000
core   0: 0x8000147e (0x40e30733) sub     a4, t1, a4
core   0: 3 0x8000147e (0x40e30733) x14 0x00000000
core   0: 0x80001482 (0x031b24b3) mulhsu  s1, s6, a7
core   0: 3 0x80001482 (0x031b24b3) x 9 0x00000000
core   0: 0x80001486 (0x01e614b3) sll     s1, a2, t5
core   0: 3 0x80001486 (0x01e614b3) x 9 0xe550d000
core   0: 0x8000148a (0x00d05713) srli    a4, zero, 13
core   0: 3 0x8000148a (0x00d05713) x14 0x00000000
core   0: 0x8000148e (0x000001d9) c.addi  gp, 22
core   0: 3 0x8000148e (0x01d9) x 3 0x100027b2
core   0: 0x80001490 (0x00db5f33) srl     t5, s6, a3
core   0: 3 0x80001490 (0x00db5f33) x30 0x0000000e
core   0: 0x80001494 (0x00006f91) c.lui   t6, 0x4
core   0: 3 0x80001494 (0x6f91) x31 0x00004000
core   0: 0x80001496 (0x04f77c93) andi    s9, a4, 79
core   0: 3 0x80001496 (0x04f77c93) x25 0x00000000
core   0: 0x8000149a (0x035c6533) rem     a0, s8, s5
core   0: 3 0x8000149a (0x035c6533) x10 0x00000001
core   0: 0x8000149e (0xcfa52693) slti    a3, a0, -774
core   0: 3 0x8000149e (0xcfa52693) x13 0x00000000
core   0: 0x800014a2 (0x00004931) c.li    s2, 12
core   0: 3 0x800014a2 (0x4931) x18 0x0000000c
core   0: 0x800014a4 (0x000088e2) c.mv    a7, s8
core   0: 3 0x800014a4 (0x88e2) x17 0x00000001
core   0: 0x800014a6 (0x03aa4933) div     s2, s4, s10
core   0: 3 0x800014a6 (0x03aa4933) x18 0xffffffff
core   0: 0x800014aa (0x00008131) c.srli  a0, 12
core   0: 3 0x800014aa (0x8131) x10 0x00000000
core   0: 0x800014ac (0x55272e13) slti    t3, a4, 1362
core   0: 3 0x800014ac (0x55272e13) x28 0x00000001
core   0: 0x800014b0 (0x017eeab3) or      s5, t4, s7
core   0: 3 0x800014b0 (0x017eeab3) x21 0x80013ce5
core   0: 0x800014b4 (0x00008c4e) c.mv    s8, s3
core   0: 3 0x800014b4 (0x8c4e) x24 0x00000000
core   0: 0x800014b6 (0x00c12433) slt     s0, sp, a2
core   0: 3 0x800014b6 (0x00c12433) x 8 0x00000001
core   0: 0x800014ba (0x011e06b3) add     a3, t3, a7
core   0: 3 0x800014ba (0x011e06b3) x13 0x00000002
core   0: 0x800014be (0x00008ca5) c.xor   s1, s1
core   0: 3 0x800014be (0x8ca5) x 9 0x00000000
core   0: 0x800014c0 (0x00009a26) c.add   s4, s1
core   0: 3 0x800014c0 (0x9a26) x20 0x606c5000
core   0: 0x800014c2 (0x00009f4e) c.add   t5, s3
core   0: 3 0x800014c2 (0x9f4e) x30 0x0000000e
core   0: 0x800014c4 (0x01369493) slli    s1, a3, 19
core   0: 3 0x800014c4 (0x01369493) x 9 0x00100000
core   0: 0x800014c8 (0x03fafd33) remu    s10, s5, t6
core   0: 3 0x800014c8 (0x03fafd33) x26 0x00003ce5
core   0: 0x800014cc (0xa7ab2c13) slti    s8, s6, -1414
core   0: 3 0x800014cc (0xa7ab2c13) x24 0x00000000
core   0: 0x800014d0 (0x000080e5) c.srli  s1, 25
core   0: 3 0x800014d0 (0x80e5) x 9 0x00000000
core   0: 0x800014d2 (0xcc3e0293) addi    t0, t3, -829
core   0: 3 0x800014d2 (0xcc3e0293) x 5 0xfffffcc4
core   0: 0x800014d6 (0x000055fd) c.li    a1, -1
core   0: 3 0x800014d6 (0x55fd) x11 0xffffffff
core   0: 0x800014d8 (0x00009d9e) c.add   s11, t2
core   0: 3 0x800014d8 (0x9d9e) x27 0xdacac001
core   0: 0x800014da (0x00006999) c.lui   s3, 0x6
core   0: 3 0x800014da (0x6999) x19 0x00006000
core   0: 0x800014dc (0x000084d5) c.srai  s1, 21
core   0: 3 0x800014dc (0x84d5) x 9 0x00000000
core   0: 0x800014de (0x000068f9) c.lui   a7, 0x1e
core   0: 3 0x800014de (0x68f9) x17 0x0001e000
core   0: 0x800014e0 (0xb47ec193) xori    gp, t4, -1209
core   0: 3 0x800014e0 (0xb47ec193) x 3 0xfffffb46
core   0: 0x800014e4 (0x00008459) c.srai  s0, 22
core   0: 3 0x800014e4 (0x8459) x 8 0x00000000
core   0: 0x800014e6 (0xbcc8c8b7) lui     a7, 0xbcc8c
core   0: 3 0x800014e6 (0xbcc8c8b7) x17 0xbcc8c000
core   0: 0x800014ea (0x40155c13) srai    s8, a0, 1
core   0: 3 0x800014ea (0x40155c13) x24 0x00000000
core   0: 0x800014ee (0x03258a33) mul     s4, a1, s2
core   0: 3 0x800014ee (0x03258a33) x20 0x00000001
core   0: 0x800014f2 (0x41290db3) sub     s11, s2, s2
core   0: 3 0x800014f2 (0x41290db3) x27 0x00000000
core   0: 0x800014f6 (0x6b82f313) andi    t1, t0, 1720
core   0: 3 0x800014f6 (0x6b82f313) x 6 0x00000480
core   0: 0x800014fa (0x40805d93) srai    s11, zero, 8
core   0: 3 0x800014fa (0x40805d93) x27 0x00000000
core   0: 0x800014fe (0x01bb66b3) or      a3, s6, s11
core   0: 3 0x800014fe (0x01bb66b3) x13 0x0000000e
core   0: 0x80001502 (0x00008f39) c.xor   a4, a4
core   0: 3 0x80001502 (0x8f39) x14 0x00000000
core   0: 0x80001504 (0x4f3ec413) xori    s0, t4, 1267
core   0: 3 0x80001504 (0x4f3ec413) x 8 0x000004f2
core   0: 0x80001508 (0xf9ce2d93) slti    s11, t3, -100
core   0: 3 0x80001508 (0xf9ce2d93) x27 0x00000000
core   0: 0x8000150c (0x001b4333) xor     t1, s6, ra
core   0: 3 0x8000150c (0x001b4333) x 6 0x0000000e
core   0: 0x80001510 (0x014c3eb3) sltu    t4, s8, s4
core   0: 3 0x80001510 (0x014c3eb3) x29 0x00000001
core   0: 0x80001514 (0x03f64e33) div     t3, a2, t6
core   0: 3 0x80001514 (0x03f64e33) x28 0xffff9544
core   0: 0x80001518 (0x00006f4d) c.lui   t5, 0x13
core   0: 3 0x80001518 (0x6f4d) x30 0x00013000
core   0: 0x8000151a (0x004f91b3) sll     gp, t6, tp
core   0: 3 0x8000151a (0x004f91b3) x 3 0x00004000
core   0: 0x8000151e (0x03c0aeb3) mulhsu  t4, ra, t3
core   0: 3 0x8000151e (0x03c0aeb3) x29 0x00000000
core   0: 0x80001522 (0x01676fb3) or      t6, a4, s6
core   0: 3 0x80001522 (0x01676fb3) x31 0x0000000e
core   0: 0x80001526 (0x01b04033) xor     zero, zero, s11
core   0: 3 0x80001526 (0x01b04033)
core   0: 0x8000152a (0x00000390) c.addi4spn a2, sp, 448
core   0: 3 0x8000152a (0x0390) x12 0xc000a032
core   0: 0x8000152c (0x02596fb3) rem     t6, s2, t0
core   0: 3 0x8000152c (0x02596fb3) x31 0xffffffff
core   0: 0x80001530 (0x03f65933) divu    s2, a2, t6
core   0: 3 0x80001530 (0x03f65933) x18 0x00000000
core   0: 0x80001534 (0x3db58f93) addi    t6, a1, 987
core   0: 3 0x80001534 (0x3db58f93) x31 0x000003da
core   0: 0x80001538 (0x406ade13) srai    t3, s5, 6
core   0: 3 0x80001538 (0x406ade13) x28 0xfe0004f3
core   0: 0x8000153c (0x417c5eb3) sra     t4, s8, s7
core   0: 3 0x8000153c (0x417c5eb3) x29 0x00000000
core   0: 0x80001540 (0x03c473b3) remu    t2, s0, t3
core   0: 3 0x80001540 (0x03c473b3) x 7 0x000004f2
core   0: 0x80001544 (0x0335b213) sltiu   tp, a1, 51
core   0: 3 0x80001544 (0x0335b213) x 4 0x00000000
core   0: 0x80001548 (0x00009386) c.add   t2, ra
core   0: 3 0x80001548 (0x9386) x 7 0x000004f2
core   0: 0x8000154a (0x41135e13) srai    t3, t1, 17
core   0: 3 0x8000154a (0x41135e13) x28 0x00000000
core   0: 0x8000154e (0x005d1e33) sll     t3, s10, t0
core   0: 3 0x8000154e (0x005d1e33) x28 0x0003ce50
core   0: 0x80001552 (0x000080ce) c.mv    ra, s3
core   0: 3 0x80001552 (0x80ce) x 1 0x00006000
core   0: 0x80001554 (0x00f96e33) or      t3, s2, a5
core   0: 3 0x80001554 (0x00f96e33) x28 0x1aaf3000
core   0: 0x80001558 (0x015be9b3) or      s3, s7, s5
core   0: 3 0x80001558 (0x015be9b3) x19 0x80013ce5
core   0: 0x8000155c (0x6406e313) ori     t1, a3, 1600
core   0: 3 0x8000155c (0x6406e313) x 6 0x0000064e
core   0: 0x80001560 (0x40b354b3) sra     s1, t1, a1
core   0: 3 0x80001560 (0x40b354b3) x 9 0x00000000
core   0: 0x80001564 (0x00001904) c.addi4spn s1, sp, 176
core   0: 3 0x80001564 (0x1904) x 9 0xc0009f22
core   0: 0x80001566 (0x000080a9) c.srli  s1, 10
core   0: 3 0x80001566 (0x80a9) x 9 0x00300027
core   0: 0x80001568 (0x036baa33) mulhsu  s4, s7, s6
core   0: 3 0x80001568 (0x036baa33) x20 0xfffffff9
core   0: 0x8000156c (0x00000190) c.addi4spn a2, sp, 192
core   0: 3 0x8000156c (0x0190) x12 0xc0009f32
core   0: 0x8000156e (0x00008d31) c.xor   a0, a2
core   0: 3 0x8000156e (0x8d31) x10 0xc0009f32
core   0: 0x80001570 (0x00008719) c.srai  a4, 6
core   0: 3 0x80001570 (0x8719) x14 0x00000000
core   0: 0x80001572 (0x030bc2b3) div     t0, s7, a6
core   0: 3 0x80001572 (0x030bc2b3) x 5 0x00000000
core   0: 0x80001576 (0x396db693) sltiu   a3, s11, 918
core   0: 3 0x80001576 (0x396db693) x13 0x00000001
core   0: 0x8000157a (0xeaf43f13) sltiu   t5, s0, -337
core   0: 3 0x8000157a (0xeaf43f13) x30 0x00000001
core   0: 0x8000157e (0x02936333) rem     t1, t1, s1
core   0: 3 0x8000157e (0x02936333) x 6 0x0000064e
core   0: 0x80001582 (0x40d75a33) sra     s4, a4, a3
core   0: 3 0x80001582 (0x40d75a33) x20 0x00000000
core   0: 0x80001586 (0x00008d39) c.xor   a0, a4
core   0: 3 0x80001586 (0x8d39) x10 0xc0009f32
core   0: 0x80001588 (0xb1a9f013) andi    zero, s3, -1254
core   0: 3 0x80001588 (0xb1a9f013)
core   0: 0x8000158c (0x40c7dcb3) sra     s9, a5, a2
core   0: 3 0x8000158c (0x40c7dcb3) x25 0x000006ab
core   0: 0x80001590 (0x0000717d) c.addi16sp sp, -16
core   0: 3 0x80001590 (0x717d) x 2 0xc0009e62
core   0: 0x80001592 (0x021467b3) rem     a5, s0, ra
core   0: 3 0x80001592 (0x021467b3) x15 0x000004f2
core   0: 0x80001596 (0x00006d9d) c.lui   s11, 0x7
core   0: 3 0x80001596 (0x6d9d) x27 0x00007000
core   0: 0x80001598 (0x000051fd) c.li    gp, -1
core   0: 3 0x80001598 (0x51fd) x 3 0xffffffff
core   0: 0x8000159a (0x00009fd2) c.add   t6, s4
core   0: 3 0x8000159a (0x9fd2) x31 0x000003da
core   0: 0x8000159c (0x007804b3) add     s1, a6, t2
core   0: 3 0x8000159c (0x007804b3) x 9 0x80010356
core   0: 0x800015a0 (0x003f10b3) sll     ra, t5, gp
core   0: 3 0x800015a0 (0x003f10b3) x 1 0x80000000
core   0: 0x800015a4 (0x00000c0e) c.slli  s8, 3
core   0: 3 0x800015a4 (0x0c0e) x24 0x00000000
core   0: 0x800015a6 (0x0121c333) xor     t1, gp, s2
core   0: 3 0x800015a6 (0x0121c333) x 6 0xffffffff
core   0: 0x800015aa (0x00009e76) c.add   t3, t4
core   0: 3 0x800015aa (0x9e76) x28 0x1aaf3000
core   0: 0x800015ac (0x02627333) remu    t1, tp, t1
core   0: 3 0x800015ac (0x02627333) x 6 0x00000000
core   0: 0x800015b0 (0x65e0ee93) ori     t4, ra, 1630
core   0: 3 0x800015b0 (0x65e0ee93) x29 0x8000065e
core   0: 0x800015b4 (0x02b631b3) mulhu   gp, a2, a1
core   0: 3 0x800015b4 (0x02b631b3) x 3 0xc0009f31
core   0: 0x800015b8 (0x00619f13) slli    t5, gp, 6
core   0: 3 0x800015b8 (0x00619f13) x30 0x0027cc40
core   0: 0x800015bc (0x02beb7b3) mulhu   a5, t4, a1
core   0: 3 0x800015bc (0x02beb7b3) x15 0x8000065d
core   0: 0x800015c0 (0x027069b3) rem     s3, zero, t2
core   0: 3 0x800015c0 (0x027069b3) x19 0x00000000
core   0: 0x800015c4 (0x004bcab3) xor     s5, s7, tp
core   0: 3 0x800015c4 (0x004bcab3) x21 0x80013ce4
core   0: 0x800015c8 (0x42ac6893) ori     a7, s8, 1066
core   0: 3 0x800015c8 (0x42ac6893) x17 0x0000042a
core   0: 0x800015cc (0x00006cf9) c.lui   s9, 0x1e
core   0: 3 0x800015cc (0x6cf9) x25 0x0001e000
core   0: 0x800015ce (0x0000874a) c.mv    a4, s2
core   0: 3 0x800015ce (0x874a) x14 0x00000000
core   0: 0x800015d0 (0x40dc54b3) sra     s1, s8, a3
core   0: 3 0x800015d0 (0x40dc54b3) x 9 0x00000000
core   0: 0x800015d4 (0x000006a2) c.slli  a3, 8
core   0: 3 0x800015d4 (0x06a2) x13 0x00000100
core   0: 0x800015d6 (0x0115f333) and     t1, a1, a7
core   0: 3 0x800015d6 (0x0115f333) x 6 0x0000042a
core   0: 0x800015da (0x00008395) c.srli  a5, 5
core   0: 3 0x800015da (0x8395) x15 0x04000032
core   0: 0x800015dc (0x99490713) addi    a4, s2, -1644
core   0: 3 0x800015dc (0x99490713) x14 0xfffff994
core   0: 0x800015e0 (0x000012fd) c.addi  t0, -1
core   0: 3 0x800015e0 (0x12fd) x 5 0xffffffff
core   0: 0x800015e2 (0x5108a793) slti    a5, a7, 1296
core   0: 3 0x800015e2 (0x5108a793) x15 0x00000001
core   0: 0x800015e6 (0x01d0afb3) slt     t6, ra, t4
core   0: 3 0x800015e6 (0x01d0afb3) x31 0x00000001
core   0: 0x800015ea (0x000061a5) c.lui   gp, 0x9
core   0: 3 0x800015ea (0x61a5) x 3 0x00009000
core   0: 0x800015ec (0x0091cab3) xor     s5, gp, s1
core   0: 3 0x800015ec (0x0091cab3) x21 0x00009000
core   0: 0x800015f0 (0xcc389e37) lui     t3, 0xcc389
core   0: 3 0x800015f0 (0xcc389e37) x28 0xcc389000
core   0: 0x800015f4 (0x00008165) c.srli  a0, 25
core   0: 3 0x800015f4 (0x8165) x10 0x00000060
core   0: 0x800015f6 (0x000beab3) or      s5, s7, zero
core   0: 3 0x800015f6 (0x000beab3) x21 0x80013ce4
core   0: 0x800015fa (0x3665ca13) xori    s4, a1, 870
core   0: 3 0x800015fa (0x3665ca13) x20 0xfffffc99
core   0: 0x800015fe (0x03f1a5b3) mulhsu  a1, gp, t6
core   0: 3 0x800015fe (0x03f1a5b3) x11 0x00000000
core   0: 0x80001602 (0x00008f25) c.xor   a4, s1
core   0: 3 0x80001602 (0x8f25) x14 0xfffff994
core   0: 0x80001604 (0x030879b3) remu    s3, a6, a6
core   0: 3 0x80001604 (0x030879b3) x19 0x00000000
core   0: 0x80001608 (0x000012fd) c.addi  t0, -1
core   0: 3 0x80001608 (0x12fd) x 5 0xfffffffe
core   0: 0x8000160a (0x00ea5db3) srl     s11, s4, a4
core   0: 3 0x8000160a (0x00ea5db3) x27 0x00000fff
core   0: 0x8000160e (0x0000717d) c.addi16sp sp, -16
core   0: 3 0x8000160e (0x717d) x 2 0xc0009e52
core   0: 0x80001610 (0x4106d993) srai    s3, a3, 16
core   0: 3 0x80001610 (0x4106d993) x19 0x00000000
core   0: 0x80001614 (0x00ad5793) srli    a5, s10, 10
core   0: 3 0x80001614 (0x00ad5793) x15 0x0000000f
core   0: 0x80001618 (0x01bb8133) add     sp, s7, s11
core   0: 3 0x80001618 (0x01bb8133) x 2 0x80014ce3
core   0: 0x8000161c (0x0000951a) c.add   a0, t1
core   0: 3 0x8000161c (0x951a) x10 0x0000048a
core   0: 0x8000161e (0x00c88fb3) add     t6, a7, a2
core   0: 3 0x8000161e (0x00c88fb3) x31 0xc000a35c
core   0: 0x80001622 (0x40f05d93) srai    s11, zero, 15
core   0: 3 0x80001622 (0x40f05d93) x27 0x00000000
core   0: 0x80001626 (0x03250eb3) mul     t4, a0, s2
core   0: 3 0x80001626 (0x03250eb3) x29 0x00000000
core   0: 0x8000162a (0x029f26b3) mulhsu  a3, t5, s1
core   0: 3 0x8000162a (0x029f26b3) x13 0x00000000
core   0: 0x8000162e (0x4197d033) sra     zero, a5, s9
core   0: 3 0x8000162e (0x4197d033)
core   0: 0x80001632 (0x03aec233) div     tp, t4, s10
core   0: 3 0x80001632 (0x03aec233) x 4 0x00000000
core   0: 0x80001636 (0x02fefd33) remu    s10, t4, a5
core   0: 3 0x80001636 (0x02fefd33) x26 0x00000000
core   0: 0x8000163a (0x00625e13) srli    t3, tp, 6
core   0: 3 0x8000163a (0x00625e13) x28 0x00000000
core   0: 0x8000163e (0x022cecb3) rem     s9, s9, sp
core   0: 3 0x8000163e (0x022cecb3) x25 0x0001e000
core   0: 0x80001642 (0x03e2f233) remu    tp, t0, t5
core   0: 3 0x80001642 (0x03e2f233) x 4 0x001cbc7e
core   0: 0x80001646 (0x03c384b3) mul     s1, t2, t3
core   0: 3 0x80001646 (0x03c384b3) x 9 0x00000000
core   0: 0x8000164a (0x02726e33) rem     t3, tp, t2
core   0: 3 0x8000164a (0x02726e33) x28 0x000002d0
core   0: 0x8000164e (0x00023ab3) sltu    s5, tp, zero
core   0: 3 0x8000164e (0x00023ab3) x21 0x00000000
core   0: 0x80001652 (0x402f5f13) srai    t5, t5, 2
core   0: 3 0x80001652 (0x402f5f13) x30 0x0009f310
core   0: 0x80001656 (0x03d66733) rem     a4, a2, t4
core   0: 3 0x80001656 (0x03d66733) x14 0xc0009f32
core   0: 0x8000165a (0x00006aad) c.lui   s5, 0xb
core   0: 3 0x8000165a (0x6aad) x21 0x0000b000
core   0: 0x8000165c (0x017a2cb3) slt     s9, s4, s7
core   0: 3 0x8000165c (0x017a2cb3) x25 0x00000000
core   0: 0x80001660 (0x03ab1a33) mulh    s4, s6, s10
core   0: 3 0x80001660 (0x03ab1a33) x20 0x00000000
core   0: 0x80001664 (0x00b2d133) srl     sp, t0, a1
core   0: 3 0x80001664 (0x00b2d133) x 2 0xfffffffe
core   0: 0x80001668 (0x41400033) sub     zero, zero, s4
core   0: 3 0x80001668 (0x41400033)
core   0: 0x8000166c (0x03309733) mulh    a4, ra, s3
core   0: 3 0x8000166c (0x03309733) x14 0x00000000
core   0: 0x80001670 (0x03f3a333) mulhsu  t1, t2, t6
core   0: 3 0x80001670 (0x03f3a333) x 6 0x000003b5
core   0: 0x80001674 (0x00008e56) c.mv    t3, s5
core   0: 3 0x80001674 (0x8e56) x28 0x0000b000
core   0: 0x80001676 (0x4098da13) srai    s4, a7, 9
core   0: 3 0x80001676 (0x4098da13) x20 0x00000002
core   0: 0x8000167a (0x00009232) c.add   tp, a2
core   0: 3 0x8000167a (0x9232) x 4 0xc01d5bb0
core   0: 0x8000167c (0x033aa033) mulhsu  zero, s5, s3
core   0: 3 0x8000167c (0x033aa033)
core   0: 0x80001680 (0x00008da1) c.xor   a1, s0
core   0: 3 0x80001680 (0x8da1) x11 0x000004f2
core   0: 0x80001682 (0x00e33133) sltu    sp, t1, a4
core   0: 3 0x80001682 (0x00e33133) x 2 0x00000000
core   0: 0x80001686 (0x021566b3) rem     a3, a0, ra
core   0: 3 0x80001686 (0x021566b3) x13 0x0000048a
core   0: 0x8000168a (0x4018d413) srai    s0, a7, 1
core   0: 3 0x8000168a (0x4018d413) x 8 0x00000215
core   0: 0x8000168e (0x00008de5) c.and   a1, s1
core   0: 3 0x8000168e (0x8de5) x11 0x00000000
core   0: 0x80001690 (0x0000615d) c.addi16sp sp, 432
core   0: 3 0x80001690 (0x615d) x 2 0x000001b0
core   0: 0x80001692 (0x7b4e8737) lui     a4, 0x7b4e8
core   0: 3 0x80001692 (0x7b4e8737) x14 0x7b4e8000
core   0: 0x80001696 (0x001d5d93) srli    s11, s10, 1
core   0: 3 0x80001696 (0x001d5d93) x27 0x00000000
core   0: 0x8000169a (0x00000c8d) c.addi  s9, 3
core   0: 3 0x8000169a (0x0c8d) x25 0x00000003
core   0: 0x8000169c (0x000086de) c.mv    a3, s7
core   0: 3 0x8000169c (0x86de) x13 0x80013ce4
core   0: 0x8000169e (0xdfb50713) addi    a4, a0, -517
core   0: 3 0x8000169e (0xdfb50713) x14 0x00000285
core   0: 0x800016a2 (0x00008dd1) c.or    a1, a2
core   0: 3 0x800016a2 (0x8dd1) x11 0xc0009f32
core   0: 0x800016a4 (0x035f1633) mulh    a2, t5, s5
core   0: 3 0x800016a4 (0x035f1633) x12 0x00000006
core   0: 0x800016a8 (0x00eeefb3) or      t6, t4, a4
core   0: 3 0x800016a8 (0x00eeefb3) x31 0x00000285
core   0: 0x800016ac (0x000099fd) c.andi  a1, -1
core   0: 3 0x800016ac (0x99fd) x11 0xc0009f32
core   0: 0x800016ae (0x0000863d) c.srai  a2, 15
core   0: 3 0x800016ae (0x863d) x12 0x00000000
core   0: 0x800016b0 (0x00008e05) c.sub   a2, s1
core   0: 3 0x800016b0 (0x8e05) x12 0x00000000
core   0: 0x800016b2 (0x037c9eb3) mulh    t4, s9, s7
core   0: 3 0x800016b2 (0x037c9eb3) x29 0xfffffffe
core   0: 0x800016b6 (0x000064cd) c.lui   s1, 0x13
core   0: 3 0x800016b6 (0x64cd) x 9 0x00013000
core   0: 0x800016b8 (0x00001d7d) c.addi  s10, -1
core   0: 3 0x800016b8 (0x1d7d) x26 0xffffffff
core   0: 0x800016ba (0x01161ab3) sll     s5, a2, a7
core   0: 3 0x800016ba (0x01161ab3) x21 0x00000000
core   0: 0x800016be (0x1e4c0a17) auipc   s4, 0x1e4c0
core   0: 3 0x800016be (0x1e4c0a17) x20 0x9e4c16be
core   0: 0x800016c2 (0x0000971e) c.add   a4, t2
core   0: 3 0x800016c2 (0x971e) x14 0x00000777
core   0: 0x800016c4 (0x00006135) c.addi16sp sp, 352
core   0: 3 0x800016c4 (0x6135) x 2 0x00000310
core   0: 0x800016c6 (0x4113de13) srai    t3, t2, 17
core   0: 3 0x800016c6 (0x4113de13) x28 0x00000000
core   0: 0x800016ca (0x000043e5) c.li    t2, 25
core   0: 3 0x800016ca (0x43e5) x 7 0x00000019
core   0: 0x800016cc (0x01816c33) or      s8, sp, s8
core   0: 3 0x800016cc (0x01816c33) x24 0x00000310
core   0: 0x800016d0 (0x033dca33) div     s4, s11, s3
core   0: 3 0x800016d0 (0x033dca33) x20 0xffffffff
core   0: 0x800016d4 (0x0371d133) divu    sp, gp, s7
core   0: 3 0x800016d4 (0x0371d133) x 2 0x00000000
core   0: 0x800016d8 (0x53703013) sltiu   zero, zero, 1335
core   0: 3 0x800016d8 (0x53703013)
core   0: 0x800016dc (0x00008a11) c.andi  a2, 4
core   0: 3 0x800016dc (0x8a11) x12 0x00000000
core   0: 0x800016de (0x00001104) c.addi4spn s1, sp, 160
core   0: 3 0x800016de (0x1104) x 9 0x000000a0
core   0: 0x800016e0 (0x0000693d) c.lui   s2, 0xf
core   0: 3 0x800016e0 (0x693d) x18 0x0000f000
core   0: 0x800016e2 (0x000088ca) c.mv    a7, s2
core   0: 3 0x800016e2 (0x88ca) x17 0x0000f000
core   0: 0x800016e4 (0x3ae50f93) addi    t6, a0, 942
core   0: 3 0x800016e4 (0x3ae50f93) x31 0x00000838
core   0: 0x800016e8 (0x01c408b3) add     a7, s0, t3
core   0: 3 0x800016e8 (0x01c408b3) x17 0x00000215
core   0: 0x800016ec (0x00e89a33) sll     s4, a7, a4
core   0: 3 0x800016ec (0x00e89a33) x20 0x0a800000
core   0: 0x800016f0 (0x00008f61) c.and   a4, s0
core   0: 3 0x800016f0 (0x8f61) x14 0x00000215
core   0: 0x800016f2 (0x417c5033) sra     zero, s8, s7
core   0: 3 0x800016f2 (0x417c5033)
core   0: 0x800016f6 (0x01b85393) srli    t2, a6, 27
core   0: 3 0x800016f6 (0x01b85393) x 7 0x00000010
core   0: 0x800016fa (0xc7242493) slti    s1, s0, -910
core   0: 3 0x800016fa (0xc7242493) x 9 0x00000000
core   0: 0x800016fe (0x02efc233) div     tp, t6, a4
core   0: 3 0x800016fe (0x02efc233) x 4 0x00000003
core   0: 0x80001702 (0x40c887b3) sub     a5, a7, a2
core   0: 3 0x80001702 (0x40c887b3) x15 0x00000215
core   0: 0x80001706 (0x00008cdd) c.or    s1, a5
core   0: 3 0x80001706 (0x8cdd) x 9 0x00000215
core   0: 0x80001708 (0x000084ca) c.mv    s1, s2
core   0: 3 0x80001708 (0x84ca) x 9 0x0000f000
core   0: 0x8000170a (0x00009586) c.add   a1, ra
core   0: 3 0x8000170a (0x9586) x11 0x40009f32
core   0: 0x8000170c (0x00008a1e) c.mv    s4, t2
core   0: 3 0x8000170c (0x8a1e) x20 0x00000010
core   0: 0x8000170e (0x02ee8e33) mul     t3, t4, a4
core   0: 3 0x8000170e (0x02ee8e33) x28 0xfffffbd6
core   0: 0x80001712 (0x02c35433) divu    s0, t1, a2
core   0: 3 0x80001712 (0x02c35433) x 8 0xffffffff
core   0: 0x80001716 (0x000057fd) c.li    a5, -1
core   0: 3 0x80001716 (0x57fd) x15 0xffffffff
core   0: 0x80001718 (0x00008419) c.srai  s0, 6
core   0: 3 0x80001718 (0x8419) x 8 0xffffffff
core   0: 0x8000171a (0x00008d9d) c.sub   a1, a5
core   0: 3 0x8000171a (0x8d9d) x11 0x40009f33
core   0: 0x8000171c (0x000087e5) c.srai  a5, 25
core   0: 3 0x8000171c (0x87e5) x15 0xffffffff
core   0: 0x8000171e (0x023c49b3) div     s3, s8, gp
core   0: 3 0x8000171e (0x023c49b3) x19 0x00000000
core   0: 0x80001722 (0x00008c89) c.sub   s1, a0
core   0: 3 0x80001722 (0x8c89) x 9 0x0000eb76
core   0: 0x80001724 (0x000001ca) c.slli  gp, 18
core   0: 3 0x80001724 (0x01ca) x 3 0x40000000
core   0: 0x80001726 (0x01e6ffb3) and     t6, a3, t5
core   0: 3 0x80001726 (0x01e6ffb3) x31 0x00013000
core   0: 0x8000172a (0x0f98ea93) ori     s5, a7, 249
core   0: 3 0x8000172a (0x0f98ea93) x21 0x000002fd
core   0: 0x8000172e (0x035c08b3) mul     a7, s8, s5
core   0: 3 0x8000172e (0x035c08b3) x17 0x000926d0
core   0: 0x80001732 (0xd0033393) sltiu   t2, t1, -768
core   0: 3 0x80001732 (0xd0033393) x 7 0x00000001
core   0: 0x80001736 (0x000083bd) c.srli  a5, 15
core   0: 3 0x80001736 (0x83bd) x15 0x0001ffff
core   0: 0x80001738 (0x00008e81) c.sub   a3, s0
core   0: 3 0x80001738 (0x8e81) x13 0x80013ce5
core   0: 0x8000173a (0x000048f1) c.li    a7, 28
core   0: 3 0x8000173a (0x48f1) x17 0x0000001c
core   0: 0x8000173c (0x00342533) slt     a0, s0, gp
core   0: 3 0x8000173c (0x00342533) x10 0x00000001
core   0: 0x80001740 (0x40215d13) srai    s10, sp, 2
core   0: 3 0x80001740 (0x40215d13) x26 0x00000000
core   0: 0x80001744 (0xb92c8593) addi    a1, s9, -1134
core   0: 3 0x80001744 (0xb92c8593) x11 0xfffffb95
core   0: 0x80001748 (0x00008c41) c.or    s0, s0
core   0: 3 0x80001748 (0x8c41) x 8 0xffffffff
core   0: 0x8000174a (0x00008cbd) c.xor   s1, a5
core   0: 3 0x8000174a (0x8cbd) x 9 0x00011489
core   0: 0x8000174c (0x00000001) c.nop
core   0: 3 0x8000174c (0x0001)
core   0: 0x8000174e (0x00008dfd) c.and   a1, a5
core   0: 3 0x8000174e (0x8dfd) x11 0x0001fb95
core   0: 0x80001750 (0x03e1c0b3) div     ra, gp, t5
core   0: 3 0x80001750 (0x03e1c0b3) x 1 0x0000066e
core   0: 0x80001754 (0x00483433) sltu    s0, a6, tp
core   0: 3 0x80001754 (0x00483433) x 8 0x00000000
core   0: 0x80001758 (0x03e5edb3) rem     s11, a1, t5
core   0: 3 0x80001758 (0x03e5edb3) x27 0x0001fb95
core   0: 0x8000175c (0x0000880d) c.andi  s0, 3
core   0: 3 0x8000175c (0x880d) x 8 0x00000000
core   0: 0x8000175e (0x01bd5313) srli    t1, s10, 27
core   0: 3 0x8000175e (0x01bd5313) x 6 0x00000000
core   0: 0x80001762 (0x00000001) c.nop
core   0: 3 0x80001762 (0x0001)
core   0: 0x80001764 (0x41375fb3) sra     t6, a4, s3
core   0: 3 0x80001764 (0x41375fb3) x31 0x00000215
core   0: 0x80001768 (0x0000717d) c.addi16sp sp, -16
core   0: 3 0x80001768 (0x717d) x 2 0xfffffff0
core   0: 0x8000176a (0x419bd033) sra     zero, s7, s9
core   0: 3 0x8000176a (0x419bd033)
core   0: 0x8000176e (0x00000a0c) c.addi4spn a1, sp, 272
core   0: 3 0x8000176e (0x0a0c) x11 0x00000100
core   0: 0x80001770 (0x406257b3) sra     a5, tp, t1
core   0: 3 0x80001770 (0x406257b3) x15 0x00000003
core   0: 0x80001774 (0x00000c52) c.slli  s8, 20
core   0: 3 0x80001774 (0x0c52) x24 0x31000000
core   0: 0x80001776 (0x00f530b3) sltu    ra, a0, a5
core   0: 3 0x80001776 (0x00f530b3) x 1 0x00000001
core   0: 0x8000177a (0x00001400) c.addi4spn s0, sp, 544
core   0: 3 0x8000177a (0x1400) x 8 0x00000210
core   0: 0x8000177c (0x00009b7d) c.andi  a4, -1
core   0: 3 0x8000177c (0x9b7d) x14 0x00000215
core   0: 0x8000177e (0x000010fd) c.addi  ra, -1
core   0: 3 0x8000177e (0x10fd) x 1 0x00000000
core   0: 0x80001780 (0x00008079) c.srli  s0, 30
core   0: 3 0x80001780 (0x8079) x 8 0x00000000
core   0: 0x80001782 (0x003dffb3) and     t6, s11, gp
core   0: 3 0x80001782 (0x003dffb3) x31 0x00000000
core   0: 0x80001786 (0x000080d9) c.srli  s1, 22
core   0: 3 0x80001786 (0x80d9) x 9 0x00000000
core   0: 0x80001788 (0x3fd2f793) andi    a5, t0, 1021
core   0: 3 0x80001788 (0x3fd2f793) x15 0x000003fc
core   0: 0x8000178c (0x00008fd1) c.or    a5, a2
core   0: 3 0x8000178c (0x8fd1) x15 0x000003fc
core   0: 0x8000178e (0x41d4d233) sra     tp, s1, t4
core   0: 3 0x8000178e (0x41d4d233) x 4 0x00000000
core   0: 0x80001792 (0x038332b3) mulhu   t0, t1, s8
core   0: 3 0x80001792 (0x038332b3) x 5 0x00000000
core   0: 0x80001796 (0x035dbd33) mulhu   s10, s11, s5
core   0: 3 0x80001796 (0x035dbd33) x26 0x00000000
core   0: 0x8000179a (0x00000001) c.nop
core   0: 3 0x8000179a (0x0001)
core   0: 0x8000179c (0x00008649) c.srai  a2, 18
core   0: 3 0x8000179c (0x8649) x12 0x00000000
core   0: 0x8000179e (0x00008d8d) c.sub   a1, a1
core   0: 3 0x8000179e (0x8d8d) x11 0x00000000
core   0: 0x800017a0 (0x4508b393) sltiu   t2, a7, 1104
core   0: 3 0x800017a0 (0x4508b393) x 7 0x00000001
core   0: 0x800017a4 (0x001bb7b3) sltu    a5, s7, ra
core   0: 3 0x800017a4 (0x001bb7b3) x15 0x00000000
core   0: 0x800017a8 (0x00006615) c.lui   a2, 0x5
core   0: 3 0x800017a8 (0x6615) x12 0x00005000
core   0: 0x800017aa (0x00008c75) c.and   s0, a3
core   0: 3 0x800017aa (0x8c75) x 8 0x00000000
core   0: 0x800017ac (0x0220e933) rem     s2, ra, sp
core   0: 3 0x800017ac (0x0220e933) x18 0x00000000
core   0: 0x800017b0 (0x00008d25) c.xor   a0, s1
core   0: 3 0x800017b0 (0x8d25) x10 0x00000001
core   0: 0x800017b2 (0x78167c93) andi    s9, a2, 1921
core   0: 3 0x800017b2 (0x78167c93) x25 0x00000000
core   0: 0x800017b6 (0x7edd2217) auipc   tp, 0x7edd2
core   0: 3 0x800017b6 (0x7edd2217) x 4 0xfedd37b6
core   0: 0x800017ba (0x00bbb633) sltu    a2, s7, a1
core   0: 3 0x800017ba (0x00bbb633) x12 0x00000000
core   0: 0x800017be (0x010fa0b3) slt     ra, t6, a6
core   0: 3 0x800017be (0x010fa0b3) x 1 0x00000000
core   0: 0x800017c2 (0x000009b2) c.slli  s3, 12
core   0: 3 0x800017c2 (0x09b2) x19 0x00000000
core   0: 0x800017c4 (0x00008c25) c.xor   s0, s1
core   0: 3 0x800017c4 (0x8c25) x 8 0x00000000
core   0: 0x800017c6 (0xfd2d6393) ori     t2, s10, -46
core   0: 3 0x800017c6 (0xfd2d6393) x 7 0xffffffd2
core   0: 0x800017ca (0x00001b00) c.addi4spn s0, sp, 432
core   0: 3 0x800017ca (0x1b00) x 8 0x000001a0
core   0: 0x800017cc (0x0000088c) c.addi4spn a1, sp, 80
core   0: 3 0x800017cc (0x088c) x11 0x00000040
core   0: 0x800017ce (0x0000018c) c.addi4spn a1, sp, 192
core   0: 3 0x800017ce (0x018c) x11 0x000000b0
core   0: 0x800017d0 (0x00422333) slt     t1, tp, tp
core   0: 3 0x800017d0 (0x00422333) x 6 0x00000000
core   0: 0x800017d4 (0x0000121c) c.addi4spn a5, sp, 288
core   0: 3 0x800017d4 (0x121c) x15 0x00000110
core   0: 0x800017d6 (0x40e45d13) srai    s10, s0, 14
core   0: 3 0x800017d6 (0x40e45d13) x26 0x00000000
core   0: 0x800017da (0x4038df13) srai    t5, a7, 3
core   0: 3 0x800017da (0x4038df13) x30 0x00000003
core   0: 0x800017de (0x00006171) c.addi16sp sp, 336
core   0: 3 0x800017de (0x6171) x 2 0x00000140
core   0: 0x800017e0 (0x01941d93) slli    s11, s0, 25
core   0: 3 0x800017e0 (0x01941d93) x27 0x40000000
core   0: 0x800017e4 (0x0092aab3) slt     s5, t0, s1
core   0: 3 0x800017e4 (0x0092aab3) x21 0x00000000
core   0: 0x800017e8 (0x00009a7d) c.andi  a2, -1
core   0: 3 0x800017e8 (0x9a7d) x12 0x00000000
core   0: 0x800017ea (0x0293b133) mulhu   sp, t2, s1
core   0: 3 0x800017ea (0x0293b133) x 2 0x00000000
core   0: 0x800017ee (0x01583533) sltu    a0, a6, s5
core   0: 3 0x800017ee (0x01583533) x10 0x00000000
core   0: 0x800017f2 (0x00000001) c.nop
core   0: 3 0x800017f2 (0x0001)
core   0: 0x800017f4 (0x00008749) c.srai  a4, 18
core   0: 3 0x800017f4 (0x8749) x14 0x00000000
core   0: 0x800017f6 (0x00008d39) c.xor   a0, a4
core   0: 3 0x800017f6 (0x8d39) x10 0x00000000
core   0: 0x800017f8 (0x000053fd) c.li    t2, -1
core   0: 3 0x800017f8 (0x53fd) x 7 0xffffffff
core   0: 0x800017fa (0x00008c5d) c.or    s0, a5
core   0: 3 0x800017fa (0x8c5d) x 8 0x000001b0
core   0: 0x800017fc (0x00008445) c.srai  s0, 17
core   0: 3 0x800017fc (0x8445) x 8 0x00000000
core   0: 0x800017fe (0x02b8b633) mulhu   a2, a7, a1
core   0: 3 0x800017fe (0x02b8b633) x12 0x00000000
core   0: 0x80001802 (0x03e703b3) mul     t2, a4, t5
core   0: 3 0x80001802 (0x03e703b3) x 7 0x00000000
core   0: 0x80001806 (0x251ca293) slti    t0, s9, 593
core   0: 3 0x80001806 (0x251ca293) x 5 0x00000001
core   0: 0x8000180a (0x00008e71) c.and   a2, a2
core   0: 3 0x8000180a (0x8e71) x12 0x00000000
core   0: 0x8000180c (0x41470ab3) sub     s5, a4, s4
core   0: 3 0x8000180c (0x41470ab3) x21 0xfffffff0
core   0: 0x80001810 (0x00008cba) c.mv    s9, a4
core   0: 3 0x80001810 (0x8cba) x25 0x00000000
core   0: 0x80001812 (0x01aa3cb3) sltu    s9, s4, s10
core   0: 3 0x80001812 (0x01aa3cb3) x25 0x00000000
core   0: 0x80001816 (0x40408cb3) sub     s9, ra, tp
core   0: 3 0x80001816 (0x40408cb3) x25 0x0122c84a
core   0: 0x8000181a (0x01c627b3) slt     a5, a2, t3
core   0: 3 0x8000181a (0x01c627b3) x15 0x00000000
core   0: 0x8000181e (0x01068ab3) add     s5, a3, a6
core   0: 3 0x8000181e (0x01068ab3) x21 0x00023b49
core   0: 0x80001822 (0x00008e81) c.sub   a3, s0
core   0: 3 0x80001822 (0x8e81) x13 0x80013ce5
core   0: 0x80001824 (0x00000c1a) c.slli  s8, 6
core   0: 3 0x80001824 (0x0c1a) x24 0x40000000
core   0: 0x80001826 (0x00000310) c.addi4spn a2, sp, 384
core   0: 3 0x80001826 (0x0310) x12 0x00000180
core   0: 0x80001828 (0x00008d7d) c.and   a0, a5
core   0: 3 0x80001828 (0x8d7d) x10 0x00000000
core   0: 0x8000182a (0x00006169) c.addi16sp sp, 208
core   0: 3 0x8000182a (0x6169) x 2 0x000000d0
core   0: 0x8000182c (0x01e71613) slli    a2, a4, 30
core   0: 3 0x8000182c (0x01e71613) x12 0x00000000
core   0: 0x80001830 (0x01f29993) slli    s3, t0, 31
core   0: 3 0x80001830 (0x01f29993) x19 0x80000000
core   0: 0x80001834 (0x02933233) mulhu   tp, t1, s1
core   0: 3 0x80001834 (0x02933233) x 4 0x00000000
core   0: 0x80001838 (0xa95f4713) xori    a4, t5, -1387
core   0: 3 0x80001838 (0xa95f4713) x14 0xfffffa96
core   0: 0x8000183c (0x00004889) c.li    a7, 2
core   0: 3 0x8000183c (0x4889) x17 0x00000002
core   0: 0x8000183e (0x03b628b3) mulhsu  a7, a2, s11
core   0: 3 0x8000183e (0x03b628b3) x17 0x00000000
core   0: 0x80001842 (0x035c12b3) mulh    t0, s8, s5
core   0: 3 0x80001842 (0x035c12b3) x 5 0x00008ed2
core   0: 0x80001846 (0x013c9313) slli    t1, s9, 19
core   0: 3 0x80001846 (0x013c9313) x 6 0x42500000
core   0: 0x8000184a (0x7ffd7993) andi    s3, s10, 2047
core   0: 3 0x8000184a (0x7ffd7993) x19 0x00000000
core   0: 0x8000184e (0x0000717d) c.addi16sp sp, -16
core   0: 3 0x8000184e (0x717d) x 2 0x000000c0
core   0: 0x80001850 (0x00008dcd) c.or    a1, a1
core   0: 3 0x80001850 (0x8dcd) x11 0x000000b0
core   0: 0x80001852 (0x00008ed1) c.or    a3, a2
core   0: 3 0x80001852 (0x8ed1) x13 0x80013ce5
core   0: 0x80001854 (0x00000001) c.nop
core   0: 3 0x80001854 (0x0001)
core   0: 0x80001856 (0xa2e1fe13) andi    t3, gp, -1490
core   0: 3 0x80001856 (0xa2e1fe13) x28 0x40000000
core   0: 0x8000185a (0x00006f91) c.lui   t6, 0x4
core   0: 3 0x8000185a (0x6f91) x31 0x00004000
core   0: 0x8000185c (0xb7e40313) addi    t1, s0, -1154
core   0: 3 0x8000185c (0xb7e40313) x 6 0xfffffb7e
core   0: 0x80001860 (0x01aa90b3) sll     ra, s5, s10
core   0: 3 0x80001860 (0x01aa90b3) x 1 0x00023b49
core   0: 0x80001864 (0x019de633) or      a2, s11, s9
core   0: 3 0x80001864 (0x019de633) x12 0x4122c84a
core   0: 0x80001868 (0x6ac02c93) slti    s9, zero, 1708
core   0: 3 0x80001868 (0x6ac02c93) x25 0x00000001
core   0: 0x8000186c (0x0000e7b3) or      a5, ra, zero
core   0: 3 0x8000186c (0x0000e7b3) x15 0x00023b49
core   0: 0x80001870 (0x92950113) addi    sp, a0, -1751
core   0: 3 0x80001870 (0x92950113) x 2 0xfffff929
core   0: 0x80001874 (0x019ac8b3) xor     a7, s5, s9
core   0: 3 0x80001874 (0x019ac8b3) x17 0x00023b48
core   0: 0x80001878 (0x02e1be33) mulhu   t3, gp, a4
core   0: 3 0x80001878 (0x02e1be33) x28 0x3ffffea5
core   0: 0x8000187c (0x98059697) auipc   a3, 0x98059
core   0: 3 0x8000187c (0x98059697) x13 0x1805a87c
core   0: 0x80001880 (0x006f4633) xor     a2, t5, t1
core   0: 3 0x80001880 (0x006f4633) x12 0xfffffb7d
core   0: 0x80001884 (0x00008ccd) c.or    s1, a1
core   0: 3 0x80001884 (0x8ccd) x 9 0x000000b0
core   0: 0x80001886 (0x785de893) ori     a7, s11, 1925
core   0: 3 0x80001886 (0x785de893) x17 0x40000785
core   0: 0x8000188a (0x0072f333) and     t1, t0, t2
core   0: 3 0x8000188a (0x0072f333) x 6 0x00000000
core   0: 0x8000188e (0x00ee4eb3) xor     t4, t3, a4
core   0: 3 0x8000188e (0x00ee4eb3) x29 0xc0000433
core   0: 0x80001892 (0x00008e0d) c.sub   a2, a1
core   0: 3 0x80001892 (0x8e0d) x12 0xfffffacd
core   0: 0x80001894 (0x03a622b3) mulhsu  t0, a2, s10
core   0: 3 0x80001894 (0x03a622b3) x 5 0x00000000
core   0: 0x80001898 (0xdec4cc37) lui     s8, 0xdec4c
core   0: 3 0x80001898 (0xdec4cc37) x24 0xdec4c000
core   0: 0x8000189c (0x0000614d) c.addi16sp sp, 176
core   0: 3 0x8000189c (0x614d) x 2 0xfffff9d9
core   0: 0x8000189e (0x018dadb3) slt     s11, s11, s8
core   0: 3 0x8000189e (0x018dadb3) x27 0x00000000
core   0: 0x800018a2 (0x0212ddb3) divu    s11, t0, ra
core   0: 3 0x800018a2 (0x0212ddb3) x27 0x00000000
core   0: 0x800018a6 (0x00004f41) c.li    t5, 16
core   0: 3 0x800018a6 (0x4f41) x30 0x00000010
core   0: 0x800018a8 (0x00008f59) c.or    a4, a4
core   0: 3 0x800018a8 (0x8f59) x14 0xfffffa96
core   0: 0x800018aa (0x02495ab3) divu    s5, s2, tp
core   0: 3 0x800018aa (0x02495ab3) x21 0xffffffff
core   0: 0x800018ae (0x01c2e333) or      t1, t0, t3
core   0: 3 0x800018ae (0x01c2e333) x 6 0x3ffffea5
core   0: 0x800018b2 (0x000080c5) c.srli  s1, 17
core   0: 3 0x800018b2 (0x80c5) x 9 0x00000000
core   0: 0x800018b4 (0x005cea33) or      s4, s9, t0
core   0: 3 0x800018b4 (0x005cea33) x20 0x00000001
core   0: 0x800018b8 (0x00c61a33) sll     s4, a2, a2
core   0: 3 0x800018b8 (0x00c61a33) x20 0xff59a000
core   0: 0x800018bc (0x03eeffb3) remu    t6, t4, t5
core   0: 3 0x800018bc (0x03eeffb3) x31 0x00000003
core   0: 0x800018c0 (0x02c91733) mulh    a4, s2, a2
core   0: 3 0x800018c0 (0x02c91733) x14 0x00000000
core   0: 0x800018c4 (0x00000380) c.addi4spn s0, sp, 448
core   0: 3 0x800018c4 (0x0380) x 8 0xfffffb99
core   0: 0x800018c6 (0x01eb5c33) srl     s8, s6, t5
core   0: 3 0x800018c6 (0x01eb5c33) x24 0x00000000
core   0: 0x800018ca (0x25e1c513) xori    a0, gp, 606
core   0: 3 0x800018ca (0x25e1c513) x10 0x4000025e
core   0: 0x800018ce (0x7850f313) andi    t1, ra, 1925
core   0: 3 0x800018ce (0x7850f313) x 6 0x00000301
core   0: 0x800018d2 (0x0230a933) mulhsu  s2, ra, gp
core   0: 3 0x800018d2 (0x0230a933) x18 0x00008ed2
core   0: 0x800018d6 (0x4c974893) xori    a7, a4, 1225
core   0: 3 0x800018d6 (0x4c974893) x17 0x000004c9
core   0: 0x800018da (0x00008d5d) c.or    a0, a5
core   0: 3 0x800018da (0x8d5d) x10 0x40023b5f
core   0: 0x800018dc (0x00008a61) c.andi  a2, 24
core   0: 3 0x800018dc (0x8a61) x12 0x00000008
core   0: 0x800018de (0x00006fb5) c.lui   t6, 0xd
core   0: 3 0x800018de (0x6fb5) x31 0x0000d000
core   0: 0x800018e0 (0x002514b3) sll     s1, a0, sp
core   0: 3 0x800018e0 (0x002514b3) x 9 0xbe000000
core   0: 0x800018e4 (0x21fc2097) auipc   ra, 0x21fc2
core   0: 3 0x800018e4 (0x21fc2097) x 1 0xa1fc38e4
core   0: 0x800018e8 (0x00008e35) c.xor   a2, a3
core   0: 3 0x800018e8 (0x8e35) x12 0x1805a874
core   0: 0x800018ea (0x00009afd) c.andi  a3, -1
core   0: 3 0x800018ea (0x9afd) x13 0x1805a87c
core   0: 0x800018ec (0x1749f493) andi    s1, s3, 372
core   0: 3 0x800018ec (0x1749f493) x 9 0x00000000
core   0: 0x800018f0 (0x00008da5) c.xor   a1, s1
core   0: 3 0x800018f0 (0x8da5) x11 0x000000b0
core   0: 0x800018f2 (0x018b5fb3) srl     t6, s6, s8
core   0: 3 0x800018f2 (0x018b5fb3) x31 0x0000000e
core   0: 0x800018f6 (0x000050fd) c.li    ra, -1
core   0: 3 0x800018f6 (0x50fd) x 1 0xffffffff
core   0: 0x800018f8 (0x00008fed) c.and   a5, a1
core   0: 3 0x800018f8 (0x8fed) x15 0x00000000
core   0: 0x800018fa (0x00008e51) c.or    a2, a2
core   0: 3 0x800018fa (0x8e51) x12 0x1805a874
core   0: 0x800018fc (0x02b1a4b3) mulhsu  s1, gp, a1
core   0: 3 0x800018fc (0x02b1a4b3) x 9 0x0000002c
core   0: 0x80001900 (0xc601c193) xori    gp, gp, -928
core   0: 3 0x80001900 (0xc601c193) x 3 0xbffffc60
core   0: 0x80001904 (0x0f71bf13) sltiu   t5, gp, 247
core   0: 3 0x80001904 (0x0f71bf13) x30 0x00000000
core   0: 0x80001908 (0x00008f1d) c.sub   a4, a5
core   0: 3 0x80001908 (0x8f1d) x14 0x00000000
core   0: 0x8000190a (0x11aaa737) lui     a4, 0x11aaa
core   0: 3 0x8000190a (0x11aaa737) x14 0x11aaa000
core   0: 0x8000190e (0x024290b3) mulh    ra, t0, tp
core   0: 3 0x8000190e (0x024290b3) x 1 0x00000000
core   0: 0x80001912 (0x014c5e93) srli    t4, s8, 20
core   0: 3 0x80001912 (0x014c5e93) x29 0x00000000
core   0: 0x80001916 (0x00000001) c.nop
core   0: 3 0x80001916 (0x0001)
core   0: 0x80001918 (0x036dc7b3) div     a5, s11, s6
core   0: 3 0x80001918 (0x036dc7b3) x15 0x00000000
core   0: 0x8000191c (0xde232013) slti    zero, t1, -542
core   0: 3 0x8000191c (0xde232013)
core   0: 0x80001920 (0x00000001) c.nop
core   0: 3 0x80001920 (0x0001)
core   0: 0x80001922 (0x0315b6b3) mulhu   a3, a1, a7
core   0: 3 0x80001922 (0x0315b6b3) x13 0x00000000
core   0: 0x80001926 (0x80000337) lui     t1, 0x80000
core   0: 3 0x80001926 (0x80000337) x 6 0x80000000
core   0: 0x8000192a (0x8949c4b7) lui     s1, 0x8949c
core   0: 3 0x8000192a (0x8949c4b7) x 9 0x8949c000
core   0: 0x8000192e (0xc0e48493) addi    s1, s1, -1010
core   0: 3 0x8000192e (0xc0e48493) x 9 0x8949bc0e
core   0: 0x80001932 (0xfff00c13) li      s8, -1
core   0: 3 0x80001932 (0xfff00c13) x24 0xffffffff
core   0: 0x80001936 (0x00004901) c.li    s2, 0
core   0: 3 0x80001936 (0x4901) x18 0x00000000
core   0: 0x80001938 (0x800008b7) lui     a7, 0x80000
core   0: 3 0x80001938 (0x800008b7) x17 0x80000000
core   0: 0x8000193c (0x00004e01) c.li    t3, 0
core   0: 3 0x8000193c (0x4e01) x28 0x00000000
core   0: 0x8000193e (0x800007b7) lui     a5, 0x80000
core   0: 3 0x8000193e (0x800007b7) x15 0x80000000
core   0: 0x80001942 (0x800001b7) lui     gp, 0x80000
core   0: 3 0x80001942 (0x800001b7) x 3 0x80000000
core   0: 0x80001946 (0xc882d137) lui     sp, 0xc882d
core   0: 3 0x80001946 (0xc882d137) x 2 0xc882d000
core   0: 0x8000194a (0x6ae10113) addi    sp, sp, 1710
core   0: 3 0x8000194a (0x6ae10113) x 2 0xc882d6ae
core   0: 0x8000194e (0xfff00593) li      a1, -1
core   0: 3 0x8000194e (0xfff00593) x11 0xffffffff
core   0: 0x80001952 (0x022c7933) remu    s2, s8, sp
core   0: 3 0x80001952 (0x022c7933) x18 0x377d2951
core   0: 0x80001956 (0x0234ec33) rem     s8, s1, gp
core   0: 3 0x80001956 (0x0234ec33) x24 0x8949bc0e
core   0: 0x8000195a (0x02b1cc33) div     s8, gp, a1
core   0: 3 0x8000195a (0x02b1cc33) x24 0x80000000
core   0: 0x8000195e (0x02b491b3) mulh    gp, s1, a1
core   0: 3 0x8000195e (0x02b491b3) x 3 0x00000000
core   0: 0x80001962 (0x40230933) sub     s2, t1, sp
core   0: 3 0x80001962 (0x40230933) x18 0xb77d2952
core   0: 0x80001966 (0x0000979a) c.add   a5, t1
core   0: 3 0x80001966 (0x979a) x15 0x00000000
core   0: 0x80001968 (0x03cc15b3) mulh    a1, s8, t3
core   0: 3 0x80001968 (0x03cc15b3) x11 0x00000000
core   0: 0x8000196c (0x632e7e37) lui     t3, 0x632e7
core   0: 3 0x8000196c (0x632e7e37) x28 0x632e7000
core   0: 0x80001970 (0x02b7a8b3) mulhsu  a7, a5, a1
core   0: 3 0x80001970 (0x02b7a8b3) x17 0x00000000
core   0: 0x80001974 (0x03896333) rem     t1, s2, s8
core   0: 3 0x80001974 (0x03896333) x 6 0xb77d2952
core   0: 0x80001978 (0x8a788893) addi    a7, a7, -1881
core   0: 3 0x80001978 (0x8a788893) x17 0xfffff8a7
core   0: 0x8000197c (0x18458c13) addi    s8, a1, 388
core   0: 3 0x8000197c (0x18458c13) x24 0x00000184
core   0: 0x80001980 (0x0228c8b3) div     a7, a7, sp
core   0: 3 0x80001980 (0x0228c8b3) x17 0x00000000
core   0: 0x80001984 (0x02b88333) mul     t1, a7, a1
core   0: 3 0x80001984 (0x02b88333) x 6 0x00000000
core   0: 0x80001988 (0x00000001) c.nop
core   0: 3 0x80001988 (0x0001)
core   0: 0x8000198a (0x026785b3) mul     a1, a5, t1
core   0: 3 0x8000198a (0x026785b3) x11 0x00000000
core   0: 0x8000198e (0x88df3337) lui     t1, 0x88df3
core   0: 3 0x8000198e (0x88df3337) x 6 0x88df3000
core   0: 0x80001992 (0x0311b133) mulhu   sp, gp, a7
core   0: 3 0x80001992 (0x0311b133) x 2 0x00000000
core   0: 0x80001996 (0x03179c33) mulh    s8, a5, a7
core   0: 3 0x80001996 (0x03179c33) x24 0x00000000
core   0: 0x8000199a (0x03834933) div     s2, t1, s8
core   0: 3 0x8000199a (0x03834933) x18 0xffffffff
core   0: 0x8000199e (0x02b7d7b3) divu    a5, a5, a1
core   0: 3 0x8000199e (0x02b7d7b3) x15 0xffffffff
core   0: 0x800019a2 (0x03004033) div     zero, zero, a6
core   0: 3 0x800019a2 (0x03004033)
core   0: 0x800019a6 (0x00001200) c.addi4spn s0, sp, 288
core   0: 3 0x800019a6 (0x1200) x 8 0x00000120
core   0: 0x800019a8 (0x00000cd6) c.slli  s9, 21
core   0: 3 0x800019a8 (0x0cd6) x25 0x00200000
core   0: 0x800019aa (0x41c65913) srai    s2, a2, 28
core   0: 3 0x800019aa (0x41c65913) x18 0x00000001
core   0: 0x800019ae (0x8b888493) addi    s1, a7, -1864
core   0: 3 0x800019ae (0x8b888493) x 9 0xfffff8b8
core   0: 0x800019b2 (0x00006329) c.lui   t1, 0xa
core   0: 3 0x800019b2 (0x6329) x 6 0x0000a000
core   0: 0x800019b4 (0x002809b3) add     s3, a6, sp
core   0: 3 0x800019b4 (0x002809b3) x19 0x8000fe64
core   0: 0x800019b8 (0x0000167d) c.addi  a2, -1
core   0: 3 0x800019b8 (0x167d) x12 0x1805a873
core   0: 0x800019ba (0x41790eb3) sub     t4, s2, s7
core   0: 3 0x800019ba (0x41790eb3) x29 0x7ffec31d
core   0: 0x800019be (0x028b50b3) divu    ra, s6, s0
core   0: 3 0x800019be (0x028b50b3) x 1 0x00000000
core   0: 0x800019c2 (0x4054d893) srai    a7, s1, 5
core   0: 3 0x800019c2 (0x4054d893) x17 0xffffffc5
core   0: 0x800019c6 (0x0000517d) c.li    sp, -1
core   0: 3 0x800019c6 (0x517d) x 2 0xffffffff
core   0: 0x800019c8 (0x0000826d) c.srli  a2, 27
core   0: 3 0x800019c8 (0x826d) x12 0x00000003
core   0: 0x800019ca (0x6548e793) ori     a5, a7, 1620
core   0: 3 0x800019ca (0x6548e793) x15 0xffffffd5
core   0: 0x800019ce (0x00008dba) c.mv    s11, a4
core   0: 3 0x800019ce (0x8dba) x27 0x11aaa000
core   0: 0x800019d0 (0x01857633) and     a2, a0, s8
core   0: 3 0x800019d0 (0x01857633) x12 0x00000000
core   0: 0x800019d4 (0x55a42693) slti    a3, s0, 1370
core   0: 3 0x800019d4 (0x55a42693) x13 0x00000001
core   0: 0x800019d8 (0x01a9c1b3) xor     gp, s3, s10
core   0: 3 0x800019d8 (0x01a9c1b3) x 3 0x8000fe64
core   0: 0x800019dc (0x0222f6b3) remu    a3, t0, sp
core   0: 3 0x800019dc (0x0222f6b3) x13 0x00000000
core   0: 0x800019e0 (0x00000001) c.nop
core   0: 3 0x800019e0 (0x0001)
core   0: 0x800019e2 (0x02b69db3) mulh    s11, a3, a1
core   0: 3 0x800019e2 (0x02b69db3) x27 0x00000000
core   0: 0x800019e6 (0x03bceab3) rem     s5, s9, s11
core   0: 3 0x800019e6 (0x03bceab3) x21 0x00200000
core   0: 0x800019ea (0x0000717d) c.addi16sp sp, -16
core   0: 3 0x800019ea (0x717d) x 2 0xffffffef
core   0: 0x800019ec (0x414fd893) srai    a7, t6, 20
core   0: 3 0x800019ec (0x414fd893) x17 0x00000000
core   0: 0x800019f0 (0x00751d93) slli    s11, a0, 7
core   0: 3 0x800019f0 (0x00751d93) x27 0x011daf80
core   0: 0x800019f4 (0x4108df33) sra     t5, a7, a6
core   0: 3 0x800019f4 (0x4108df33) x30 0x00000000
core   0: 0x800019f8 (0x00008339) c.srli  a4, 14
core   0: 3 0x800019f8 (0x8339) x14 0x000046aa
core   0: 0x800019fa (0x020ca233) mulhsu  tp, s9, zero
core   0: 3 0x800019fa (0x020ca233) x 4 0x00000000
core   0: 0x800019fe (0x0111f8b3) and     a7, gp, a7
core   0: 3 0x800019fe (0x0111f8b3) x17 0x00000000
core   0: 0x80001a02 (0x40d0d733) sra     a4, ra, a3
core   0: 3 0x80001a02 (0x40d0d733) x14 0x00000000
core   0: 0x80001a06 (0x536e6a37) lui     s4, 0x536e6
core   0: 3 0x80001a06 (0x536e6a37) x20 0x536e6000
core   0: 0x80001a0a (0x00008af9) c.andi  a3, 30
core   0: 3 0x80001a0a (0x8af9) x13 0x00000000
core   0: 0x80001a0c (0x01e04e33) xor     t3, zero, t5
core   0: 3 0x80001a0c (0x01e04e33) x28 0x00000000
core   0: 0x80001a10 (0x0176f033) and     zero, a3, s7
core   0: 3 0x80001a10 (0x0176f033)
core   0: 0x80001a14 (0x032f6433) rem     s0, t5, s2
core   0: 3 0x80001a14 (0x032f6433) x 8 0x00000000
core   0: 0x80001a18 (0xb52f7a93) andi    s5, t5, -1198
core   0: 3 0x80001a18 (0xb52f7a93) x21 0x00000000
core   0: 0x80001a1c (0x97beba93) sltiu   s5, t4, -1669
core   0: 3 0x80001a1c (0x97beba93) x21 0x00000001
core   0: 0x80001a20 (0x0078c6b3) xor     a3, a7, t2
core   0: 3 0x80001a20 (0x0078c6b3) x13 0x00000000
core   0: 0x80001a24 (0x01731e33) sll     t3, t1, s7
core   0: 3 0x80001a24 (0x01731e33) x28 0x000a0000
core   0: 0x80001a28 (0x02ee8233) mul     tp, t4, a4
core   0: 3 0x80001a28 (0x02ee8233) x 4 0x00000000
core   0: 0x80001a2c (0x01eda433) slt     s0, s11, t5
core   0: 3 0x80001a2c (0x01eda433) x 8 0x00000000
core   0: 0x80001a30 (0x00329e33) sll     t3, t0, gp
core   0: 3 0x80001a30 (0x00329e33) x28 0x00000000
core   0: 0x80001a34 (0x00000001) c.nop
core   0: 3 0x80001a34 (0x0001)
core   0: 0x80001a36 (0x01f50db3) add     s11, a0, t6
core   0: 3 0x80001a36 (0x01f50db3) x27 0x40023b6d
core   0: 0x80001a3a (0x000002a6) c.slli  t0, 9
core   0: 3 0x80001a3a (0x02a6) x 5 0x00000000
core   0: 0x80001a3c (0x5d08c013) xori    zero, a7, 1488
core   0: 3 0x80001a3c (0x5d08c013)
core   0: 0x80001a40 (0x000067e1) c.lui   a5, 0x18
core   0: 3 0x80001a40 (0x67e1) x15 0x00018000
core   0: 0x80001a42 (0x037bd5b3) divu    a1, s7, s7
core   0: 3 0x80001a42 (0x037bd5b3) x11 0x00000001
core   0: 0x80001a46 (0x00008c39) c.xor   s0, a4
core   0: 3 0x80001a46 (0x8c39) x 8 0x00000000
core   0: 0x80001a48 (0x018c26b3) slt     a3, s8, s8
core   0: 3 0x80001a48 (0x018c26b3) x13 0x00000000
core   0: 0x80001a4c (0x7290ff13) andi    t5, ra, 1833
core   0: 3 0x80001a4c (0x7290ff13) x30 0x00000000
core   0: 0x80001a50 (0x02bcfeb3) remu    t4, s9, a1
core   0: 3 0x80001a50 (0x02bcfeb3) x29 0x00000000
core   0: 0x80001a54 (0x00cec4b3) xor     s1, t4, a2
core   0: 3 0x80001a54 (0x00cec4b3) x 9 0x00000000
core   0: 0x80001a58 (0x0304d933) divu    s2, s1, a6
core   0: 3 0x80001a58 (0x0304d933) x18 0x00000000
core   0: 0x80001a5c (0x72e73593) sltiu   a1, a4, 1838
core   0: 3 0x80001a5c (0x72e73593) x11 0x00000001
core   0: 0x80001a60 (0x01dad733) srl     a4, s5, t4
core   0: 3 0x80001a60 (0x01dad733) x14 0x00000001
core   0: 0x80001a64 (0x00d8ef33) or      t5, a7, a3
core   0: 3 0x80001a64 (0x00d8ef33) x30 0x00000000
core   0: 0x80001a68 (0x001d5433) srl     s0, s10, ra
core   0: 3 0x80001a68 (0x001d5433) x 8 0x00000000
core   0: 0x80001a6c (0x023e79b3) remu    s3, t3, gp
core   0: 3 0x80001a6c (0x023e79b3) x19 0x00000000
core   0: 0x80001a70 (0x00a47733) and     a4, s0, a0
core   0: 3 0x80001a70 (0x00a47733) x14 0x00000000
core   0: 0x80001a74 (0x40775133) sra     sp, a4, t2
core   0: 3 0x80001a74 (0x40775133) x 2 0x00000000
core   0: 0x80001a78 (0x026fdfb3) divu    t6, t6, t1
core   0: 3 0x80001a78 (0x026fdfb3) x31 0x00000000
core   0: 0x80001a7c (0x030145b3) div     a1, sp, a6
core   0: 3 0x80001a7c (0x030145b3) x11 0x00000000
core   0: 0x80001a80 (0x52447693) andi    a3, s0, 1316
core   0: 3 0x80001a80 (0x52447693) x13 0x00000000
core   0: 0x80001a84 (0x094b8413) addi    s0, s7, 148
core   0: 3 0x80001a84 (0x094b8413) x 8 0x80013d78
core   0: 0x80001a88 (0x00008c39) c.xor   s0, a4
core   0: 3 0x80001a88 (0x8c39) x 8 0x80013d78
core   0: 0x80001a8a (0x00000001) c.nop
core   0: 3 0x80001a8a (0x0001)
core   0: 0x80001a8c (0x0002f133) and     sp, t0, zero
core   0: 3 0x80001a8c (0x0002f133) x 2 0x00000000
core   0: 0x80001a90 (0x02bf3db3) mulhu   s11, t5, a1
core   0: 3 0x80001a90 (0x02bf3db3) x27 0x00000000
core   0: 0x80001a94 (0x000013fd) c.addi  t2, -1
core   0: 3 0x80001a94 (0x13fd) x 7 0xffffffff
core   0: 0x80001a96 (0x707efe37) lui     t3, 0x707ef
core   0: 3 0x80001a96 (0x707efe37) x28 0x707ef000
core   0: 0x80001a9a (0x138b3a93) sltiu   s5, s6, 312
core   0: 3 0x80001a9a (0x138b3a93) x21 0x00000001
core   0: 0x80001a9e (0x02c50d33) mul     s10, a0, a2
core   0: 3 0x80001a9e (0x02c50d33) x26 0x00000000
core   0: 0x80001aa2 (0x0000537d) c.li    t1, -1
core   0: 3 0x80001aa2 (0x537d) x 6 0xffffffff
core   0: 0x80001aa4 (0xd2b1c0b7) lui     ra, 0xd2b1c
core   0: 3 0x80001aa4 (0xd2b1c0b7) x 1 0xd2b1c000
core   0: 0x80001aa8 (0xc8e1e213) ori     tp, gp, -882
core   0: 3 0x80001aa8 (0xc8e1e213) x 4 0xfffffeee
core   0: 0x80001aac (0x0190a533) slt     a0, ra, s9
core   0: 3 0x80001aac (0x0190a533) x10 0x00000001
core   0: 0x80001ab0 (0x00565c33) srl     s8, a2, t0
core   0: 3 0x80001ab0 (0x00565c33) x24 0x00000000
core   0: 0x80001ab4 (0x00006fd5) c.lui   t6, 0x15
core   0: 3 0x80001ab4 (0x6fd5) x31 0x00015000
core   0: 0x80001ab6 (0x0dd40993) addi    s3, s0, 221
core   0: 3 0x80001ab6 (0x0dd40993) x19 0x80013e55
core   0: 0x80001aba (0x00000680) c.addi4spn s0, sp, 832
core   0: 3 0x80001aba (0x0680) x 8 0x00000340
core   0: 0x80001abc (0x014332b3) sltu    t0, t1, s4
core   0: 3 0x80001abc (0x014332b3) x 5 0x00000000
core   0: 0x80001ac0 (0x005b0f93) addi    t6, s6, 5
core   0: 3 0x80001ac0 (0x005b0f93) x31 0x00000013
core   0: 0x80001ac4 (0x000084a9) c.srai  s1, 10
core   0: 3 0x80001ac4 (0x84a9) x 9 0x00000000
core   0: 0x80001ac6 (0x00008f8d) c.sub   a5, a1
core   0: 3 0x80001ac6 (0x8f8d) x15 0x00018000
core   0: 0x80001ac8 (0x005a4133) xor     sp, s4, t0
core   0: 3 0x80001ac8 (0x005a4133) x 2 0x536e6000
core   0: 0x80001acc (0x00006c39) c.lui   s8, 0xe
core   0: 3 0x80001acc (0x6c39) x24 0x0000e000
core   0: 0x80001ace (0xaec59617) auipc   a2, 0xaec59
core   0: 3 0x80001ace (0xaec59617) x12 0x2ec5aace
core   0: 0x80001ad2 (0x0142d533) srl     a0, t0, s4
core   0: 3 0x80001ad2 (0x0142d533) x10 0x00000000
core   0: 0x80001ad6 (0x01e33c33) sltu    s8, t1, t5
core   0: 3 0x80001ad6 (0x01e33c33) x24 0x00000000
core   0: 0x80001ada (0x000007ed) c.addi  a5, 27
core   0: 3 0x80001ada (0x07ed) x15 0x0001801b
core   0: 0x80001adc (0x2b162f93) slti    t6, a2, 689
core   0: 3 0x80001adc (0x2b162f93) x31 0x00000000
core   0: 0x80001ae0 (0x27dbb213) sltiu   tp, s7, 637
core   0: 3 0x80001ae0 (0x27dbb213) x 4 0x00000000
core   0: 0x80001ae4 (0x001ea7b3) slt     a5, t4, ra
core   0: 3 0x80001ae4 (0x001ea7b3) x15 0x00000000
core   0: 0x80001ae8 (0x415ed613) srai    a2, t4, 21
core   0: 3 0x80001ae8 (0x415ed613) x12 0x00000000
core   0: 0x80001aec (0x78756e93) ori     t4, a0, 1927
core   0: 3 0x80001aec (0x78756e93) x29 0x00000787
core   0: 0x80001af0 (0x00008cd1) c.or    s1, a2
core   0: 3 0x80001af0 (0x8cd1) x 9 0x00000000
core   0: 0x80001af2 (0x03a8afb3) mulhsu  t6, a7, s10
core   0: 3 0x80001af2 (0x03a8afb3) x31 0x00000000
core   0: 0x80001af6 (0x010f6433) or      s0, t5, a6
core   0: 3 0x80001af6 (0x010f6433) x 8 0x8000fe64
core   0: 0x80001afa (0xac415fb7) lui     t6, 0xac415
core   0: 3 0x80001afa (0xac415fb7) x31 0xac415000
core   0: 0x80001afe (0x0000617d) c.addi16sp sp, 496
core   0: 3 0x80001afe (0x617d) x 2 0x536e61f0
core   0: 0x80001b00 (0x4075d193) srai    gp, a1, 7
core   0: 3 0x80001b00 (0x4075d193) x 3 0x00000000
core   0: 0x80001b04 (0x1eb9e717) auipc   a4, 0x1eb9e
core   0: 3 0x80001b04 (0x1eb9e717) x14 0x9eb9fb04
core   0: 0x80001b08 (0x50bc1317) auipc   t1, 0x50bc1
core   0: 3 0x80001b08 (0x50bc1317) x 6 0xd0bc2b08
core   0: 0x80001b0c (0x020b56b3) divu    a3, s6, zero
core   0: 3 0x80001b0c (0x020b56b3) x13 0xffffffff
core   0: 0x80001b10 (0xd57c7c93) andi    s9, s8, -681
core   0: 3 0x80001b10 (0xd57c7c93) x25 0x00000000
core   0: 0x80001b14 (0x0114f633) and     a2, s1, a7
core   0: 3 0x80001b14 (0x0114f633) x12 0x00000000
core   0: 0x80001b18 (0x00008d5e) c.mv    s10, s7
core   0: 3 0x80001b18 (0x8d5e) x26 0x80013ce4
core   0: 0x80001b1a (0x00000001) c.nop
core   0: 3 0x80001b1a (0x0001)
core   0: 0x80001b1c (0x28190393) addi    t2, s2, 641
core   0: 3 0x80001b1c (0x28190393) x 7 0x00000281
core   0: 0x80001b20 (0x000099e2) c.add   s3, s8
core   0: 3 0x80001b20 (0x99e2) x19 0x80013e55
core   0: 0x80001b22 (0x02844fb3) div     t6, s0, s0
core   0: 3 0x80001b22 (0x02844fb3) x31 0x00000001
core   0: 0x80001b26 (0x00000001) c.nop
core   0: 3 0x80001b26 (0x0001)
core   0: 0x80001b28 (0x01823c33) sltu    s8, tp, s8
core   0: 3 0x80001b28 (0x01823c33) x24 0x00000000
core   0: 0x80001b2c (0x00008f3d) c.xor   a4, a5
core   0: 3 0x80001b2c (0x8f3d) x14 0x9eb9fb04
core   0: 0x80001b2e (0x2e6a3a13) sltiu   s4, s4, 742
core   0: 3 0x80001b2e (0x2e6a3a13) x20 0x00000000
core   0: 0x80001b32 (0x00f88133) add     sp, a7, a5
core   0: 3 0x80001b32 (0x00f88133) x 2 0x00000000
core   0: 0x80001b36 (0x40f0d6b3) sra     a3, ra, a5
core   0: 3 0x80001b36 (0x40f0d6b3) x13 0xd2b1c000
core   0: 0x80001b3a (0x00006fc9) c.lui   t6, 0x12
core   0: 3 0x80001b3a (0x6fc9) x31 0x00012000
core   0: 0x80001b3c (0xfff00c93) li      s9, -1
core   0: 3 0x80001b3c (0xfff00c93) x25 0xffffffff
core   0: 0x80001b40 (0xde7c43b7) lui     t2, 0xde7c4
core   0: 3 0x80001b40 (0xde7c43b7) x 7 0xde7c4000
core   0: 0x80001b44 (0x8c238393) addi    t2, t2, -1854
core   0: 3 0x80001b44 (0x8c238393) x 7 0xde7c38c2
core   0: 0x80001b48 (0x80000a37) lui     s4, 0x80000
core   0: 3 0x80001b48 (0x80000a37) x20 0x80000000
core   0: 0x80001b4c (0xfff00593) li      a1, -1
core   0: 3 0x80001b4c (0xfff00593) x11 0xffffffff
core   0: 0x80001b50 (0xab130437) lui     s0, 0xab130
core   0: 3 0x80001b50 (0xab130437) x 8 0xab130000
core   0: 0x80001b54 (0x6de40413) addi    s0, s0, 1758
core   0: 3 0x80001b54 (0x6de40413) x 8 0xab1306de
core   0: 0x80001b58 (0xcba7f7b7) lui     a5, 0xcba7f
core   0: 3 0x80001b58 (0xcba7f7b7) x15 0xcba7f000
core   0: 0x80001b5c (0xcc878793) addi    a5, a5, -824
core   0: 3 0x80001b5c (0xcc878793) x15 0xcba7ecc8
core   0: 0x80001b60 (0xfff00293) li      t0, -1
core   0: 3 0x80001b60 (0xfff00293) x 5 0xffffffff
core   0: 0x80001b64 (0x0cb5f1b7) lui     gp, 0xcb5f
core   0: 3 0x80001b64 (0x0cb5f1b7) x 3 0x0cb5f000
core   0: 0x80001b68 (0x9a118193) addi    gp, gp, -1631
core   0: 3 0x80001b68 (0x9a118193) x 3 0x0cb5e9a1
core   0: 0x80001b6c (0x80000937) lui     s2, 0x80000
core   0: 3 0x80001b6c (0x80000937) x18 0x80000000
core   0: 0x80001b70 (0x800009b7) lui     s3, 0x80000
core   0: 3 0x80001b70 (0x800009b7) x19 0x80000000
core   0: 0x80001b74 (0x0397f2b3) remu    t0, a5, s9
core   0: 3 0x80001b74 (0x0397f2b3) x 5 0xcba7ecc8
core   0: 0x80001b78 (0x028921b3) mulhsu  gp, s2, s0
core   0: 3 0x80001b78 (0x028921b3) x 3 0xaa767c91
core   0: 0x80001b7c (0x02b399b3) mulh    s3, t2, a1
core   0: 3 0x80001b7c (0x02b399b3) x19 0x00000000
core   0: 0x80001b80 (0x025c81b3) mul     gp, s9, t0
core   0: 3 0x80001b80 (0x025c81b3) x 3 0x34581338
core   0: 0x80001b84 (0x14538293) addi    t0, t2, 325
core   0: 3 0x80001b84 (0x14538293) x 5 0xde7c3a07
core   0: 0x80001b88 (0x0343c7b3) div     a5, t2, s4
core   0: 3 0x80001b88 (0x0343c7b3) x15 0x00000000
core   0: 0x80001b8c (0x23d0dcb7) lui     s9, 0x23d0d
core   0: 3 0x80001b8c (0x23d0dcb7) x25 0x23d0d000
core   0: 0x80001b90 (0xe6448437) lui     s0, 0xe6448
core   0: 3 0x80001b90 (0xe6448437) x 8 0xe6448000
core   0: 0x80001b94 (0x034c97b3) mulh    a5, s9, s4
core   0: 3 0x80001b94 (0x034c97b3) x15 0xee179800
core   0: 0x80001b98 (0x0399f2b3) remu    t0, s3, s9
core   0: 3 0x80001b98 (0x0399f2b3) x 5 0x00000000
core   0: 0x80001b9c (0x40b287b3) sub     a5, t0, a1
core   0: 3 0x80001b9c (0x40b287b3) x15 0x00000001
core   0: 0x80001ba0 (0x00009916) c.add   s2, t0
core   0: 3 0x80001ba0 (0x9916) x18 0x80000000
core   0: 0x80001ba2 (0x13238993) addi    s3, t2, 306
core   0: 3 0x80001ba2 (0x13238993) x19 0xde7c39f4
core   0: 0x80001ba6 (0x00b28433) add     s0, t0, a1
core   0: 3 0x80001ba6 (0x00b28433) x 8 0xffffffff
core   0: 0x80001baa (0x414389b3) sub     s3, t2, s4
core   0: 3 0x80001baa (0x414389b3) x19 0x5e7c38c2
core   0: 0x80001bae (0x0337ea33) rem     s4, a5, s3
core   0: 3 0x80001bae (0x0337ea33) x20 0x00000001
core   0: 0x80001bb2 (0x02345933) divu    s2, s0, gp
core   0: 3 0x80001bb2 (0x02345933) x18 0x00000004
core   0: 0x80001bb6 (0x00000001) c.nop
core   0: 3 0x80001bb6 (0x0001)
core   0: 0x80001bb8 (0x02b3b9b3) mulhu   s3, t2, a1
core   0: 3 0x80001bb8 (0x02b3b9b3) x19 0xde7c38c1
core   0: 0x80001bbc (0xcb4fb797) auipc   a5, 0xcb4fb
core   0: 3 0x80001bbc (0xcb4fb797) x15 0x4b4fcbbc
core   0: 0x80001bc0 (0x02340a33) mul     s4, s0, gp
core   0: 3 0x80001bc0 (0x02340a33) x20 0xcba7ecc8
core   0: 0x80001bc4 (0x03340a33) mul     s4, s0, s3
core   0: 3 0x80001bc4 (0x03340a33) x20 0x2183c73f
core   0: 0x80001bc8 (0x409bdeb3) sra     t4, s7, s1
core   0: 3 0x80001bc8 (0x409bdeb3) x29 0x80013ce4
core   0: 0x80001bcc (0x00399713) slli    a4, s3, 3
core   0: 3 0x80001bcc (0x00399713) x14 0xf3e1c608
core   0: 0x80001bd0 (0x02f61c33) mulh    s8, a2, a5
core   0: 3 0x80001bd0 (0x02f61c33) x24 0x00000000
core   0: 0x80001bd4 (0x03de72b3) remu    t0, t3, t4
core   0: 3 0x80001bd4 (0x03de72b3) x 5 0x707ef000
core   0: 0x80001bd8 (0x029ebe33) mulhu   t3, t4, s1
core   0: 3 0x80001bd8 (0x029ebe33) x28 0x00000000
core   0: 0x80001bdc (0x000089fd) c.andi  a1, 31
core   0: 3 0x80001bdc (0x89fd) x11 0x0000001f
core   0: 0x80001bde (0x00d0f733) and     a4, ra, a3
core   0: 3 0x80001bde (0x00d0f733) x14 0xd2b1c000
core   0: 0x80001be2 (0x00008c55) c.or    s0, a3
core   0: 3 0x80001be2 (0x8c55) x 8 0xffffffff
core   0: 0x80001be4 (0x0145d213) srli    tp, a1, 20
core   0: 3 0x80001be4 (0x0145d213) x 4 0x00000000
core   0: 0x80001be8 (0x000098c2) c.add   a7, a6
core   0: 3 0x80001be8 (0x98c2) x17 0x8000fe64
core   0: 0x80001bea (0x034bb533) mulhu   a0, s7, s4
core   0: 3 0x80001bea (0x034bb533) x10 0x10c20d1c
core   0: 0x80001bee (0x017e3333) sltu    t1, t3, s7
core   0: 3 0x80001bee (0x017e3333) x 6 0x00000001
core   0: 0x80001bf2 (0x01e2c433) xor     s0, t0, t5
core   0: 3 0x80001bf2 (0x01e2c433) x 8 0x707ef000
core   0: 0x80001bf6 (0x5b8dfa13) andi    s4, s11, 1464
core   0: 3 0x80001bf6 (0x5b8dfa13) x20 0x00000000
core   0: 0x80001bfa (0x0045da13) srli    s4, a1, 4
core   0: 3 0x80001bfa (0x0045da13) x20 0x00000001
core   0: 0x80001bfe (0x59fd1537) lui     a0, 0x59fd1
core   0: 3 0x80001bfe (0x59fd1537) x10 0x59fd1000
core   0: 0x80001c02 (0x0000834d) c.srli  a4, 19
core   0: 3 0x80001c02 (0x834d) x14 0x00001a56
core   0: 0x80001c04 (0x15953f13) sltiu   t5, a0, 345
core   0: 3 0x80001c04 (0x15953f13) x30 0x00000000
core   0: 0x80001c08 (0x022f8eb3) mul     t4, t6, sp
core   0: 3 0x80001c08 (0x022f8eb3) x29 0x00000000
core   0: 0x80001c0c (0xc0283d13) sltiu   s10, a6, -1022
core   0: 3 0x80001c0c (0xc0283d13) x26 0x00000001
core   0: 0x80001c10 (0x00000eda) c.slli  t4, 22
core   0: 3 0x80001c10 (0x0eda) x29 0x00000000
core   0: 0x80001c12 (0x3fee3d13) sltiu   s10, t3, 1022
core   0: 3 0x80001c12 (0x3fee3d13) x26 0x00000001
core   0: 0x80001c16 (0x00006c39) c.lui   s8, 0xe
core   0: 3 0x80001c16 (0x6c39) x24 0x0000e000
core   0: 0x80001c18 (0x005cc133) xor     sp, s9, t0
core   0: 3 0x80001c18 (0x005cc133) x 2 0x53ae2000
core   0: 0x80001c1c (0x01047633) and     a2, s0, a6
core   0: 3 0x80001c1c (0x01047633) x12 0x0000f000
core   0: 0x80001c20 (0x1c370213) addi    tp, a4, 451
core   0: 3 0x80001c20 (0x1c370213) x 4 0x00001c19
core   0: 0x80001c24 (0x03d01cb3) mulh    s9, zero, t4
core   0: 3 0x80001c24 (0x03d01cb3) x25 0x00000000
core   0: 0x80001c28 (0x00006169) c.addi16sp sp, 208
core   0: 3 0x80001c28 (0x6169) x 2 0x53ae20d0
core   0: 0x80001c2a (0x034e66b3) rem     a3, t3, s4
core   0: 3 0x80001c2a (0x034e66b3) x13 0x00000000
core   0: 0x80001c2e (0x02ae5c33) divu    s8, t3, a0
core   0: 3 0x80001c2e (0x02ae5c33) x24 0x00000000
core   0: 0x80001c32 (0x00c548b3) xor     a7, a0, a2
core   0: 3 0x80001c32 (0x00c548b3) x17 0x59fde000
core   0: 0x80001c36 (0x02347a33) remu    s4, s0, gp
core   0: 3 0x80001c36 (0x02347a33) x20 0x07cec990
core   0: 0x80001c3a (0x00006111) c.addi16sp sp, 256
core   0: 3 0x80001c3a (0x6111) x 2 0x53ae21d0
core   0: 0x80001c3c (0x111e0093) addi    ra, t3, 273
core   0: 3 0x80001c3c (0x111e0093) x 1 0x00000111
core   0: 0x80001c40 (0x0000199c) c.addi4spn a5, sp, 240
core   0: 3 0x80001c40 (0x199c) x15 0x53ae22c0
core   0: 0x80001c42 (0x414a0033) sub     zero, s4, s4
core   0: 3 0x80001c42 (0x414a0033)
core   0: 0x80001c46 (0x02d92d33) mulhsu  s10, s2, a3
core   0: 3 0x80001c46 (0x02d92d33) x26 0x00000000
core   0: 0x80001c4a (0x00008389) c.srli  a5, 2
core   0: 3 0x80001c4a (0x8389) x15 0x14eb88b0
core   0: 0x80001c4c (0xf9d29437) lui     s0, 0xf9d29
core   0: 3 0x80001c4c (0xf9d29437) x 8 0xf9d29000
core   0: 0x80001c50 (0x00008c19) c.sub   s0, a4
core   0: 3 0x80001c50 (0x8c19) x 8 0xf9d275aa
core   0: 0x80001c52 (0x00008f9d) c.sub   a5, a5
core   0: 3 0x80001c52 (0x8f9d) x15 0x00000000
core   0: 0x80001c54 (0x00008a65) c.andi  a2, 25
core   0: 3 0x80001c54 (0x8a65) x12 0x00000000
core   0: 0x80001c56 (0x01d78f33) add     t5, a5, t4
core   0: 3 0x80001c56 (0x01d78f33) x30 0x00000000
core   0: 0x80001c5a (0x00000001) c.nop
core   0: 3 0x80001c5a (0x0001)
core   0: 0x80001c5c (0x00000001) c.nop
core   0: 3 0x80001c5c (0x0001)
core   0: 0x80001c5e (0x000013fd) c.addi  t2, -1
core   0: 3 0x80001c5e (0x13fd) x 7 0xde7c38c1
core   0: 0x80001c60 (0xaffdf693) andi    a3, s11, -1281
core   0: 3 0x80001c60 (0xaffdf693) x13 0x00000000
core   0: 0x80001c64 (0x00008a8e) c.mv    s5, gp
core   0: 3 0x80001c64 (0x8a8e) x21 0x34581338
core   0: 0x80001c66 (0x00008cbd) c.xor   s1, a5
core   0: 3 0x80001c66 (0x8cbd) x 9 0x00000000
core   0: 0x80001c68 (0x008255b3) srl     a1, tp, s0
core   0: 3 0x80001c68 (0x008255b3) x11 0x00000007
core   0: 0x80001c6c (0x001f4fb3) xor     t6, t5, ra
core   0: 3 0x80001c6c (0x001f4fb3) x31 0x00000111
core   0: 0x80001c70 (0x00008561) c.srai  a0, 24
core   0: 3 0x80001c70 (0x8561) x10 0x00000059
core   0: 0x80001c72 (0x16d83d93) sltiu   s11, a6, 365
core   0: 3 0x80001c72 (0x16d83d93) x27 0x00000000
core   0: 0x80001c76 (0x022e1eb3) mulh    t4, t3, sp
core   0: 3 0x80001c76 (0x022e1eb3) x29 0x00000000
core   0: 0x80001c7a (0x0000717d) c.addi16sp sp, -16
core   0: 3 0x80001c7a (0x717d) x 2 0x53ae21c0
core   0: 0x80001c7c (0x00008ec1) c.or    a3, s0
core   0: 3 0x80001c7c (0x8ec1) x13 0xf9d275aa
core   0: 0x80001c7e (0x013025b3) slt     a1, zero, s3
core   0: 3 0x80001c7e (0x013025b3) x11 0x00000000
core   0: 0x80001c82 (0x00000e7a) c.slli  t3, 30
core   0: 3 0x80001c82 (0x0e7a) x28 0x00000000
core   0: 0x80001c84 (0x00008add) c.andi  a3, 23
core   0: 3 0x80001c84 (0x8add) x13 0x00000002
core   0: 0x80001c86 (0x14827d13) andi    s10, tp, 328
core   0: 3 0x80001c86 (0x14827d13) x26 0x00000008
core   0: 0x80001c8a (0x00000e0e) c.slli  t3, 3
core   0: 3 0x80001c8a (0x0e0e) x28 0x00000000
core   0: 0x80001c8c (0xbf506a37) lui     s4, 0xbf506
core   0: 3 0x80001c8c (0xbf506a37) x20 0xbf506000
core   0: 0x80001c90 (0x0209dcb3) divu    s9, s3, zero
core   0: 3 0x80001c90 (0x0209dcb3) x25 0xffffffff
core   0: 0x80001c94 (0x00000001) c.nop
core   0: 3 0x80001c94 (0x0001)
core   0: 0x80001c96 (0x0000865e) c.mv    a2, s7
core   0: 3 0x80001c96 (0x865e) x12 0x80013ce4
core   0: 0x80001c98 (0x00008099) c.srli  s1, 6
core   0: 3 0x80001c98 (0x8099) x 9 0x00000000
core   0: 0x80001c9a (0x0000597d) c.li    s2, -1
core   0: 3 0x80001c9a (0x597d) x18 0xffffffff
core   0: 0x80001c9c (0x0000717d) c.addi16sp sp, -16
core   0: 3 0x80001c9c (0x717d) x 2 0x53ae21b0
core   0: 0x80001c9e (0x031028b3) mulhsu  a7, zero, a7
core   0: 3 0x80001c9e (0x031028b3) x17 0x00000000
core   0: 0x80001ca2 (0x419755b3) sra     a1, a4, s9
core   0: 3 0x80001ca2 (0x419755b3) x11 0x00000000
core   0: 0x80001ca6 (0x03a79533) mulh    a0, a5, s10
core   0: 3 0x80001ca6 (0x03a79533) x10 0x00000000
core   0: 0x80001caa (0x0012aeb3) slt     t4, t0, ra
core   0: 3 0x80001caa (0x0012aeb3) x29 0x00000000
core   0: 0x80001cae (0x01695933) srl     s2, s2, s6
core   0: 3 0x80001cae (0x01695933) x18 0x0003ffff
core   0: 0x80001cb2 (0x0000946e) c.add   s0, s11
core   0: 3 0x80001cb2 (0x946e) x 8 0xf9d275aa
core   0: 0x80001cb4 (0x000060a5) c.lui   ra, 0x9
core   0: 3 0x80001cb4 (0x60a5) x 1 0x00009000
core   0: 0x80001cb6 (0x0000527d) c.li    tp, -1
core   0: 3 0x80001cb6 (0x527d) x 4 0xffffffff
core   0: 0x80001cb8 (0x00005cfd) c.li    s9, -1
core   0: 3 0x80001cb8 (0x5cfd) x25 0xffffffff
core   0: 0x80001cba (0x01953c33) sltu    s8, a0, s9
core   0: 3 0x80001cba (0x01953c33) x24 0x00000001
core   0: 0x80001cbe (0x00f0a6b3) slt     a3, ra, a5
core   0: 3 0x80001cbe (0x00f0a6b3) x13 0x00000000
core   0: 0x80001cc2 (0x0000717d) c.addi16sp sp, -16
core   0: 3 0x80001cc2 (0x717d) x 2 0x53ae21a0
core   0: 0x80001cc4 (0x8e737f93) andi    t6, t1, -1817
core   0: 3 0x80001cc4 (0x8e737f93) x31 0x00000001
core   0: 0x80001cc8 (0x00117333) and     t1, sp, ra
core   0: 3 0x80001cc8 (0x00117333) x 6 0x00000000
core   0: 0x80001ccc (0x021b1533) mulh    a0, s6, ra
core   0: 3 0x80001ccc (0x021b1533) x10 0x00000000
core   0: 0x80001cd0 (0x65946593) ori     a1, s0, 1625
core   0: 3 0x80001cd0 (0x65946593) x11 0xf9d277fb
core   0: 0x80001cd4 (0x00008c71) c.and   s0, a2
core   0: 3 0x80001cd4 (0x8c71) x 8 0x800034a0
core   0: 0x80001cd6 (0x00000106) c.slli  sp, 1
core   0: 3 0x80001cd6 (0x0106) x 2 0xa75c4340
core   0: 0x80001cd8 (0x00000001) c.nop
core   0: 3 0x80001cd8 (0x0001)
core   0: 0x80001cda (0x00d72eb3) slt     t4, a4, a3
core   0: 3 0x80001cda (0x00d72eb3) x29 0x00000000
core   0: 0x80001cde (0x40ee5e13) srai    t3, t3, 14
core   0: 3 0x80001cde (0x40ee5e13) x28 0x00000000
core   0: 0x80001ce2 (0x00006da1) c.lui   s11, 0x8
core   0: 3 0x80001ce2 (0x6da1) x27 0x00008000
core   0: 0x80001ce4 (0x030d6433) rem     s0, s10, a6
core   0: 3 0x80001ce4 (0x030d6433) x 8 0x00000008
core   0: 0x80001ce8 (0x00008fc5) c.or    a5, s1
core   0: 3 0x80001ce8 (0x8fc5) x15 0x00000000
core   0: 0x80001cea (0x0000567d) c.li    a2, -1
core   0: 3 0x80001cea (0x567d) x12 0xffffffff
core   0: 0x80001cec (0x008d5093) srli    ra, s10, 8
core   0: 3 0x80001cec (0x008d5093) x 1 0x00000000
core   0: 0x80001cf0 (0x0000127d) c.addi  tp, -1
core   0: 3 0x80001cf0 (0x127d) x 4 0xfffffffe
core   0: 0x80001cf2 (0x0000610d) c.addi16sp sp, 160
core   0: 3 0x80001cf2 (0x610d) x 2 0xa75c43e0
core   0: 0x80001cf4 (0x0209e433) rem     s0, s3, zero
core   0: 3 0x80001cf4 (0x0209e433) x 8 0xde7c38c1
core   0: 0x80001cf8 (0x00008f05) c.sub   a4, s1
core   0: 3 0x80001cf8 (0x8f05) x14 0x00001a56
core   0: 0x80001cfa (0x0309a3b3) mulhsu  t2, s3, a6
core   0: 3 0x80001cfa (0x0309a3b3) x 7 0xef3dfb12
core   0: 0x80001cfe (0xc72af893) andi    a7, s5, -910
core   0: 3 0x80001cfe (0xc72af893) x17 0x34581030
core   0: 0x80001d02 (0x032b26b3) mulhsu  a3, s6, s2
core   0: 3 0x80001d02 (0x032b26b3) x13 0x00000000
core   0: 0x80001d06 (0x00009afd) c.andi  a3, -1
core   0: 3 0x80001d06 (0x9afd) x13 0x00000000
core   0: 0x80001d08 (0x000059fd) c.li    s3, -1
core   0: 3 0x80001d08 (0x59fd) x19 0xffffffff
core   0: 0x80001d0a (0x00008e11) c.sub   a2, a2
core   0: 3 0x80001d0a (0x8e11) x12 0x00000000
core   0: 0x80001d0c (0xf9c06d93) ori     s11, zero, -100
core   0: 3 0x80001d0c (0xf9c06d93) x27 0xffffff9c
core   0: 0x80001d10 (0x00005dfd) c.li    s11, -1
core   0: 3 0x80001d10 (0x5dfd) x27 0xffffffff
core   0: 0x80001d12 (0x025a0a33) mul     s4, s4, t0
core   0: 3 0x80001d12 (0x025a0a33) x20 0x9a000000
core   0: 0x80001d16 (0x036df9b3) remu    s3, s11, s6
core   0: 3 0x80001d16 (0x036df9b3) x19 0x00000003
core   0: 0x80001d1a (0x00ffdab3) srl     s5, t6, a5
core   0: 3 0x80001d1a (0x00ffdab3) x21 0x00000001
core   0: 0x80001d1e (0x02795033) divu    zero, s2, t2
core   0: 3 0x80001d1e (0x02795033)
core   0: 0x80001d22 (0x01e112b3) sll     t0, sp, t5
core   0: 3 0x80001d22 (0x01e112b3) x 5 0xa75c43e0
core   0: 0x80001d26 (0x00001498) c.addi4spn a4, sp, 608
core   0: 3 0x80001d26 (0x1498) x14 0xa75c4640
core   0: 0x80001d28 (0x00000001) c.nop
core   0: 3 0x80001d28 (0x0001)
core   0: 0x80001d2a (0x00004e79) c.li    t3, 30
core   0: 3 0x80001d2a (0x4e79) x28 0x0000001e
core   0: 0x80001d2c (0x00f0d5b3) srl     a1, ra, a5
core   0: 3 0x80001d2c (0x00f0d5b3) x11 0x00000000
core   0: 0x80001d30 (0x00008cfa) c.mv    s9, t5
core   0: 3 0x80001d30 (0x8cfa) x25 0x00000000
core   0: 0x80001d32 (0x0000011c) c.addi4spn a5, sp, 128
core   0: 3 0x80001d32 (0x011c) x15 0xa75c4460
core   0: 0x80001d34 (0x00008249) c.srli  a2, 18
core   0: 3 0x80001d34 (0x8249) x12 0x00000000
core   0: 0x80001d36 (0x0235fdb3) remu    s11, a1, gp
core   0: 3 0x80001d36 (0x0235fdb3) x27 0x00000000
core   0: 0x80001d3a (0xca86bc93) sltiu   s9, a3, -856
core   0: 3 0x80001d3a (0xca86bc93) x25 0x00000001
core   0: 0x80001d3e (0xa2e7bf13) sltiu   t5, a5, -1490
core   0: 3 0x80001d3e (0xa2e7bf13) x30 0x00000001
core   0: 0x80001d42 (0x00000001) c.nop
core   0: 3 0x80001d42 (0x0001)
core   0: 0x80001d44 (0x00006145) c.addi16sp sp, 48
core   0: 3 0x80001d44 (0x6145) x 2 0xa75c4410
core   0: 0x80001d46 (0xfc8d7a13) andi    s4, s10, -56
core   0: 3 0x80001d46 (0xfc8d7a13) x20 0x00000008
core   0: 0x80001d4a (0x00008ded) c.and   a1, a1
core   0: 3 0x80001d4a (0x8ded) x11 0x00000000
core   0: 0x80001d4c (0x0000942e) c.add   s0, a1
core   0: 3 0x80001d4c (0x942e) x 8 0xde7c38c1
core   0: 0x80001d4e (0x00008d35) c.xor   a0, a3
core   0: 3 0x80001d4e (0x8d35) x10 0x00000000
core   0: 0x80001d50 (0x00910f33) add     t5, sp, s1
core   0: 3 0x80001d50 (0x00910f33) x30 0xa75c4410
core   0: 0x80001d54 (0x03b3b4b3) mulhu   s1, t2, s11
core   0: 3 0x80001d54 (0x03b3b4b3) x 9 0x00000000
core   0: 0x80001d58 (0x7c7f5c97) auipc   s9, 0x7c7f5
core   0: 3 0x80001d58 (0x7c7f5c97) x25 0xfc7f6d58
core   0: 0x80001d5c (0xace2f513) andi    a0, t0, -1330
core   0: 3 0x80001d5c (0xace2f513) x10 0xa75c42c0
core   0: 0x80001d60 (0x01482fb3) slt     t6, a6, s4
core   0: 3 0x80001d60 (0x01482fb3) x31 0x00000001
core   0: 0x80001d64 (0x003cccb3) xor     s9, s9, gp
core   0: 3 0x80001d64 (0x003cccb3) x25 0xc8277e60
core   0: 0x80001d68 (0x016f0333) add     t1, t5, s6
core   0: 3 0x80001d68 (0x016f0333) x 6 0xa75c441e
core   0: 0x80001d6c (0x002e5db3) srl     s11, t3, sp
core   0: 3 0x80001d6c (0x002e5db3) x27 0x00000000
core   0: 0x80001d70 (0xaa570a13) addi    s4, a4, -1371
core   0: 3 0x80001d70 (0xaa570a13) x20 0xa75c40e5
core   0: 0x80001d74 (0x0000058c) c.addi4spn a1, sp, 704
core   0: 3 0x80001d74 (0x058c) x11 0xa75c46d0
core   0: 0x80001d76 (0x01b31f93) slli    t6, t1, 27
core   0: 3 0x80001d76 (0x01b31f93) x31 0xf0000000
core   0: 0x80001d7a (0x00009a72) c.add   s4, t3
core   0: 3 0x80001d7a (0x9a72) x20 0xa75c4103
core   0: 0x80001d7c (0x000064a1) c.lui   s1, 0x8
core   0: 3 0x80001d7c (0x64a1) x 9 0x00008000
core   0: 0x80001d7e (0x00000c29) c.addi  s8, 10
core   0: 3 0x80001d7e (0x0c29) x24 0x0000000b
core   0: 0x80001d80 (0x000088de) c.mv    a7, s7
core   0: 3 0x80001d80 (0x88de) x17 0x80013ce4
core   0: 0x80001d82 (0x3713b893) sltiu   a7, t2, 881
core   0: 3 0x80001d82 (0x3713b893) x17 0x00000000
core   0: 0x80001d86 (0x02804733) div     a4, zero, s0
core   0: 3 0x80001d86 (0x02804733) x14 0x00000000
core   0: 0x80001d8a (0x418a0d93) addi    s11, s4, 1048
core   0: 3 0x80001d8a (0x418a0d93) x27 0xa75c451b
core   0: 0x80001d8e (0x035fc933) div     s2, t6, s5
core   0: 3 0x80001d8e (0x035fc933) x18 0xf0000000
core   0: 0x80001d92 (0x00008fe9) c.and   a5, a0
core   0: 3 0x80001d92 (0x8fe9) x15 0xa75c4040
core   0: 0x80001d94 (0x8aae4293) xori    t0, t3, -1878
core   0: 3 0x80001d94 (0x8aae4293) x 5 0xfffff8b4
core   0: 0x80001d98 (0x00006a19) c.lui   s4, 0x6
core   0: 3 0x80001d98 (0x6a19) x20 0x00006000
core   0: 0x80001d9a (0x00008fcd) c.or    a5, a1
core   0: 3 0x80001d9a (0x8fcd) x15 0xa75c46d0
core   0: 0x80001d9c (0x00006a7d) c.lui   s4, 0x1f
core   0: 3 0x80001d9c (0x6a7d) x20 0x0001f000
core   0: 0x80001d9e (0xc46a7193) andi    gp, s4, -954
core   0: 3 0x80001d9e (0xc46a7193) x 3 0x0001f000
core   0: 0x80001da2 (0xdda82c37) lui     s8, 0xdda82
core   0: 3 0x80001da2 (0xdda82c37) x24 0xdda82000
core   0: 0x80001da6 (0xa43cfa93) andi    s5, s9, -1469
core   0: 3 0x80001da6 (0xa43cfa93) x21 0xc8277a40
core   0: 0x80001daa (0x5c45f113) andi    sp, a1, 1476
core   0: 3 0x80001daa (0x5c45f113) x 2 0x000004c0
core   0: 0x80001dae (0x00000001) c.nop
core   0: 3 0x80001dae (0x0001)
core   0: 0x80001db0 (0x00001e10) c.addi4spn a2, sp, 816
core   0: 3 0x80001db0 (0x1e10) x12 0x000007f0
core   0: 0x80001db2 (0x40060933) sub     s2, a2, zero
core   0: 3 0x80001db2 (0x40060933) x18 0x000007f0
core   0: 0x80001db6 (0x00008c3d) c.xor   s0, a5
core   0: 3 0x80001db6 (0x8c3d) x 8 0x79207e11
core   0: 0x80001db8 (0x00008cb5) c.xor   s1, a3
core   0: 3 0x80001db8 (0x8cb5) x 9 0x00008000
core   0: 0x80001dba (0x019136b3) sltu    a3, sp, s9
core   0: 3 0x80001dba (0x019136b3) x13 0x00000001
core   0: 0x80001dbe (0x00008321) c.srli  a4, 8
core   0: 3 0x80001dbe (0x8321) x14 0x00000000
core   0: 0x80001dc0 (0x41efd933) sra     s2, t6, t5
core   0: 3 0x80001dc0 (0x41efd933) x18 0xfffff000
core   0: 0x80001dc4 (0x009d13b3) sll     t2, s10, s1
core   0: 3 0x80001dc4 (0x009d13b3) x 7 0x00000008
core   0: 0x80001dc8 (0x03b217b3) mulh    a5, tp, s11
core   0: 3 0x80001dc8 (0x03b217b3) x15 0x00000000
core   0: 0x80001dcc (0x00000ac6) c.slli  s5, 17
core   0: 3 0x80001dcc (0x0ac6) x21 0xf4800000
core   0: 0x80001dce (0x03d5aa33) mulhsu  s4, a1, t4
core   0: 3 0x80001dce (0x03d5aa33) x20 0x00000000
core   0: 0x80001dd2 (0x000001a1) c.addi  gp, 8
core   0: 3 0x80001dd2 (0x01a1) x 3 0x0001f008
core   0: 0x80001dd4 (0x000dd293) srli    t0, s11, 0
core   0: 3 0x80001dd4 (0x000dd293) x 5 0xa75c451b
core   0: 0x80001dd8 (0x00008992) c.mv    s3, tp
core   0: 3 0x80001dd8 (0x8992) x19 0xfffffffe
core   0: 0x80001dda (0x0000837d) c.srli  a4, 31
core   0: 3 0x80001dda (0x837d) x14 0x00000000
core   0: 0x80001ddc (0x416d0933) sub     s2, s10, s6
core   0: 3 0x80001ddc (0x416d0933) x18 0xfffffffa
core   0: 0x80001de0 (0x00000001) c.nop
core   0: 3 0x80001de0 (0x0001)
core   0: 0x80001de2 (0x0000945a) c.add   s0, s6
core   0: 3 0x80001de2 (0x945a) x 8 0x79207e1f
core   0: 0x80001de4 (0x40dd5913) srai    s2, s10, 13
core   0: 3 0x80001de4 (0x40dd5913) x18 0x00000000
core   0: 0x80001de8 (0x01744633) xor     a2, s0, s7
core   0: 3 0x80001de8 (0x01744633) x12 0xf92142fb
core   0: 0x80001dec (0x02723a33) mulhu   s4, tp, t2
core   0: 3 0x80001dec (0x02723a33) x20 0x00000007
core   0: 0x80001df0 (0x00008355) c.srli  a4, 21
core   0: 3 0x80001df0 (0x8355) x14 0x00000000
core   0: 0x80001df2 (0x028cbe33) mulhu   t3, s9, s0
core   0: 3 0x80001df2 (0x028cbe33) x28 0x5eb41246
core   0: 0x80001df6 (0x02461433) mulh    s0, a2, tp
core   0: 3 0x80001df6 (0x02461433) x 8 0x00000000
core   0: 0x80001dfa (0x03bf5233) divu    tp, t5, s11
core   0: 3 0x80001dfa (0x03bf5233) x 4 0x00000000
core   0: 0x80001dfe (0x20235a97) auipc   s5, 0x20235
core   0: 3 0x80001dfe (0x20235a97) x21 0xa0236dfe
core   0: 0x80001e02 (0x00008f99) c.sub   a5, a4
core   0: 3 0x80001e02 (0x8f99) x15 0x00000000
core   0: 0x80001e04 (0x40700133) sub     sp, zero, t2
core   0: 3 0x80001e04 (0x40700133) x 2 0xfffffff8
core   0: 0x80001e08 (0x006e5d93) srli    s11, t3, 6
core   0: 3 0x80001e08 (0x006e5d93) x27 0x017ad049
core   0: 0x80001e0c (0x4834fd97) auipc   s11, 0x4834f
core   0: 3 0x80001e0c (0x4834fd97) x27 0xc8350e0c
core   0: 0x80001e10 (0xeaca2893) slti    a7, s4, -340
core   0: 3 0x80001e10 (0xeaca2893) x17 0x00000000
core   0: 0x80001e14 (0x00008f2d) c.xor   a4, a1
core   0: 3 0x80001e14 (0x8f2d) x14 0xa75c46d0
core   0: 0x80001e16 (0x00005ffd) c.li    t6, -1
core   0: 3 0x80001e16 (0x5ffd) x31 0xffffffff
core   0: 0x80001e18 (0x03c2b133) mulhu   sp, t0, t3
core   0: 3 0x80001e18 (0x03c2b133) x 2 0x3de99a32
core   0: 0x80001e1c (0x00000d29) c.addi  s10, 10
core   0: 3 0x80001e1c (0x0d29) x26 0x00000012
core   0: 0x80001e1e (0x036a0fb3) mul     t6, s4, s6
core   0: 3 0x80001e1e (0x036a0fb3) x31 0x00000062
core   0: 0x80001e22 (0x5b002093) slti    ra, zero, 1456
core   0: 3 0x80001e22 (0x5b002093) x 1 0x00000001
core   0: 0x80001e26 (0x0006d9b3) srl     s3, a3, zero
core   0: 3 0x80001e26 (0x0006d9b3) x19 0x00000001
core   0: 0x80001e2a (0x01fcf9b3) and     s3, s9, t6
core   0: 3 0x80001e2a (0x01fcf9b3) x19 0x00000060
core   0: 0x80001e2e (0x00000001) c.nop
core   0: 3 0x80001e2e (0x0001)
core   0: 0x80001e30 (0x039a1433) mulh    s0, s4, s9
core   0: 3 0x80001e30 (0x039a1433) x 8 0xfffffffe
core   0: 0x80001e34 (0x01f105b3) add     a1, sp, t6
core   0: 3 0x80001e34 (0x01f105b3) x11 0x3de99a94
core   0: 0x80001e38 (0x0056ef33) or      t5, a3, t0
core   0: 3 0x80001e38 (0x0056ef33) x30 0xa75c451b
core   0: 0x80001e3c (0x41acd533) sra     a0, s9, s10
core   0: 3 0x80001e3c (0x41acd533) x10 0xfffff209
core   0: 0x80001e40 (0x00006665) c.lui   a2, 0x19
core   0: 3 0x80001e40 (0x6665) x12 0x00019000
core   0: 0x80001e42 (0x000000be) c.slli  ra, 15
core   0: 3 0x80001e42 (0x00be) x 1 0x00008000
core   0: 0x80001e44 (0x00005f7d) c.li    t5, -1
core   0: 3 0x80001e44 (0x5f7d) x30 0xffffffff
core   0: 0x80001e46 (0x40a2d1b3) sra     gp, t0, a0
core   0: 3 0x80001e46 (0x40a2d1b3) x 3 0xffd3ae22
core   0: 0x80001e4a (0x00008e2d) c.xor   a2, a1
core   0: 3 0x80001e4a (0x8e2d) x12 0x3de80a94
core   0: 0x80001e4c (0x001e2233) slt     tp, t3, ra
core   0: 3 0x80001e4c (0x001e2233) x 4 0x00000000
core   0: 0x80001e50 (0x03d1a433) mulhsu  s0, gp, t4
core   0: 3 0x80001e50 (0x03d1a433) x 8 0x00000000
core   0: 0x80001e54 (0x000058fd) c.li    a7, -1
core   0: 3 0x80001e54 (0x58fd) x17 0xffffffff
core   0: 0x80001e56 (0x00c163b3) or      t2, sp, a2
core   0: 3 0x80001e56 (0x00c163b3) x 7 0x3de99ab6
core   0: 0x80001e5a (0x019e1c13) slli    s8, t3, 25
core   0: 3 0x80001e5a (0x019e1c13) x24 0x8c000000
core   0: 0x80001e5e (0x40165913) srai    s2, a2, 1
core   0: 3 0x80001e5e (0x40165913) x18 0x1ef4054a
core   0: 0x80001e62 (0x00008c39) c.xor   s0, a4
core   0: 3 0x80001e62 (0x8c39) x 8 0xa75c46d0
core   0: 0x80001e64 (0x3ef1fe13) andi    t3, gp, 1007
core   0: 3 0x80001e64 (0x3ef1fe13) x28 0x00000222
core   0: 0x80001e68 (0x00004581) c.li    a1, 0
core   0: 3 0x80001e68 (0x4581) x11 0x00000000
core   0: 0x80001e6a (0x00004d01) c.li    s10, 0
core   0: 3 0x80001e6a (0x4d01) x26 0x00000000
core   0: 0x80001e6c (0xd2458cb7) lui     s9, 0xd2458
core   0: 3 0x80001e6c (0xd2458cb7) x25 0xd2458000
core   0: 0x80001e70 (0x4d0c8c93) addi    s9, s9, 1232
core   0: 3 0x80001e70 (0x4d0c8c93) x25 0xd24584d0
core   0: 0x80001e74 (0xfff00693) li      a3, -1
core   0: 3 0x80001e74 (0xfff00693) x13 0xffffffff
core   0: 0x80001e78 (0x80000f37) lui     t5, 0x80000
core   0: 3 0x80001e78 (0x80000f37) x30 0x80000000
core   0: 0x80001e7c (0x80000237) lui     tp, 0x80000
core   0: 3 0x80001e7c (0x80000237) x 4 0x80000000
core   0: 0x80001e80 (0x029d62b7) lui     t0, 0x29d6
core   0: 3 0x80001e80 (0x029d62b7) x 5 0x029d6000
core   0: 0x80001e84 (0xb4428293) addi    t0, t0, -1212
core   0: 3 0x80001e84 (0xb4428293) x 5 0x029d5b44
core   0: 0x80001e88 (0x152d8937) lui     s2, 0x152d8
core   0: 3 0x80001e88 (0x152d8937) x18 0x152d8000
core   0: 0x80001e8c (0xeb290913) addi    s2, s2, -334
core   0: 3 0x80001e8c (0xeb290913) x18 0x152d7eb2
core   0: 0x80001e90 (0x80000fb7) lui     t6, 0x80000
core   0: 3 0x80001e90 (0x80000fb7) x31 0x80000000
core   0: 0x80001e94 (0xad480537) lui     a0, 0xad480
core   0: 3 0x80001e94 (0xad480537) x10 0xad480000
core   0: 0x80001e98 (0x61a50513) addi    a0, a0, 1562
core   0: 3 0x80001e98 (0x61a50513) x10 0xad48061a
core   0: 0x80001e9c (0x00ac85b3) add     a1, s9, a0
core   0: 3 0x80001e9c (0x00ac85b3) x11 0x7f8d8aea
core   0: 0x80001ea0 (0x00b286b3) add     a3, t0, a1
core   0: 3 0x80001ea0 (0x00b286b3) x13 0x822ae62e
core   0: 0x80001ea4 (0x02ccb5b7) lui     a1, 0x2ccb
core   0: 3 0x80001ea4 (0x02ccb5b7) x11 0x02ccb000
core   0: 0x80001ea8 (0x03a215b3) mulh    a1, tp, s10
core   0: 3 0x80001ea8 (0x03a215b3) x11 0x00000000
core   0: 0x80001eac (0x241fdfb7) lui     t6, 0x241fd
core   0: 3 0x80001eac (0x241fdfb7) x31 0x241fd000
core   0: 0x80001eb0 (0x032d0f33) mul     t5, s10, s2
core   0: 3 0x80001eb0 (0x032d0f33) x30 0x00000000
core   0: 0x80001eb4 (0x03293533) mulhu   a0, s2, s2
core   0: 3 0x80001eb4 (0x03293533) x10 0x01c07ede
core   0: 0x80001eb8 (0x039546b3) div     a3, a0, s9
core   0: 3 0x80001eb8 (0x039546b3) x13 0x00000000
core   0: 0x80001ebc (0x9f1d0693) addi    a3, s10, -1551
core   0: 3 0x80001ebc (0x9f1d0693) x13 0xfffff9f1
core   0: 0x80001ec0 (0x0322b2b3) mulhu   t0, t0, s2
core   0: 3 0x80001ec0 (0x0322b2b3) x 5 0x00375f70
core   0: 0x80001ec4 (0x2d8da2b7) lui     t0, 0x2d8da
core   0: 3 0x80001ec4 (0x2d8da2b7) x 5 0x2d8da000
core   0: 0x80001ec8 (0x02a25f33) divu    t5, tp, a0
core   0: 3 0x80001ec8 (0x02a25f33) x30 0x00000049
core   0: 0x80001ecc (0xac6f8913) addi    s2, t6, -1338
core   0: 3 0x80001ecc (0xac6f8913) x18 0x241fcac6
core   0: 0x80001ed0 (0x02a952b3) divu    t0, s2, a0
core   0: 3 0x80001ed0 (0x02a952b3) x 5 0x00000014
core   0: 0x80001ed4 (0x0255f2b3) remu    t0, a1, t0
core   0: 3 0x80001ed4 (0x0255f2b3) x 5 0x00000000
core   0: 0x80001ed8 (0x0252dcb3) divu    s9, t0, t0
core   0: 3 0x80001ed8 (0x0252dcb3) x25 0xffffffff
core   0: 0x80001edc (0x02a96933) rem     s2, s2, a0
core   0: 3 0x80001edc (0x02a96933) x18 0x0115e16e
core   0: 0x80001ee0 (0x40b20cb3) sub     s9, tp, a1
core   0: 3 0x80001ee0 (0x40b20cb3) x25 0x80000000
core   0: 0x80001ee4 (0x00000001) c.nop
core   0: 3 0x80001ee4 (0x0001)
core   0: 0x80001ee6 (0x0245b2b3) mulhu   t0, a1, tp
core   0: 3 0x80001ee6 (0x0245b2b3) x 5 0x00000000
core   0: 0x80001eea (0x019c8933) add     s2, s9, s9
core   0: 3 0x80001eea (0x019c8933) x18 0x00000000
core   0: 0x80001eee (0x032fecb3) rem     s9, t6, s2
core   0: 3 0x80001eee (0x032fecb3) x25 0x241fd000
core   0: 0x80001ef2 (0x03293d33) mulhu   s10, s2, s2
core   0: 3 0x80001ef2 (0x03293d33) x26 0x00000000
core   0: 0x80001ef6 (0x03a245b3) div     a1, tp, s10
core   0: 3 0x80001ef6 (0x03a245b3) x11 0xffffffff
core   0: 0x80001efa (0x02423d33) mulhu   s10, tp, tp
core   0: 3 0x80001efa (0x02423d33) x26 0x40000000
core   0: 0x80001efe (0x03a58fb3) mul     t6, a1, s10
core   0: 3 0x80001efe (0x03a58fb3) x31 0xc0000000
core   0: 0x80001f02 (0x00c75a13) srli    s4, a4, 12
core   0: 3 0x80001f02 (0x00c75a13) x20 0x000a75c4
core   0: 0x80001f06 (0x00060933) add     s2, a2, zero
core   0: 3 0x80001f06 (0x00060933) x18 0x3de80a94
core   0: 0x80001f0a (0x0201c6b3) div     a3, gp, zero
core   0: 3 0x80001f0a (0x0201c6b3) x13 0xffffffff
core   0: 0x80001f0e (0x02530e33) mul     t3, t1, t0
core   0: 3 0x80001f0e (0x02530e33) x28 0x00000000
core   0: 0x80001f12 (0x00009f7e) c.add   t5, t6
core   0: 3 0x80001f12 (0x9f7e) x30 0xc0000049
core   0: 0x80001f14 (0x00000001) c.nop
core   0: 3 0x80001f14 (0x0001)
core   0: 0x80001f16 (0x00e1e3b3) or      t2, gp, a4
core   0: 3 0x80001f16 (0x00e1e3b3) x 7 0xffdfeef2
core   0: 0x80001f1a (0x00008345) c.srli  a4, 17
core   0: 3 0x80001f1a (0x8345) x14 0x000053ae
core   0: 0x80001f1c (0x00008ff9) c.and   a5, a4
core   0: 3 0x80001f1c (0x8ff9) x15 0x00000000
core   0: 0x80001f1e (0x02449f33) mulh    t5, s1, tp
core   0: 3 0x80001f1e (0x02449f33) x30 0xffffc000
core   0: 0x80001f22 (0x40e45433) sra     s0, s0, a4
core   0: 3 0x80001f22 (0x40e45433) x 8 0xfffe9d71
core   0: 0x80001f26 (0x01be1933) sll     s2, t3, s11
core   0: 3 0x80001f26 (0x01be1933) x18 0x00000000
core   0: 0x80001f2a (0x036fedb3) rem     s11, t6, s6
core   0: 3 0x80001f2a (0x036fedb3) x27 0xfffffff8
core   0: 0x80001f2e (0x9d66b013) sltiu   zero, a3, -1578
core   0: 3 0x80001f2e (0x9d66b013)
core   0: 0x80001f32 (0x00008111) c.srli  a0, 4
core   0: 3 0x80001f32 (0x8111) x10 0x001c07ed
core   0: 0x80001f34 (0x038be033) rem     zero, s7, s8
core   0: 3 0x80001f34 (0x038be033)
core   0: 0x80001f38 (0x005d1533) sll     a0, s10, t0
core   0: 3 0x80001f38 (0x005d1533) x10 0x40000000
core   0: 0x80001f3c (0x00008925) c.andi  a0, 9
core   0: 3 0x80001f3c (0x8925) x10 0x00000000
core   0: 0x80001f3e (0x000087fa) c.mv    a5, t5
core   0: 3 0x80001f3e (0x87fa) x15 0xffffc000
core   0: 0x80001f40 (0x2bd1f4b7) lui     s1, 0x2bd1f
core   0: 3 0x80001f40 (0x2bd1f4b7) x 9 0x2bd1f000
core   0: 0x80001f44 (0x00001a10) c.addi4spn a2, sp, 304
core   0: 3 0x80001f44 (0x1a10) x12 0x3de99b62
core   0: 0x80001f46 (0x003ad493) srli    s1, s5, 3
core   0: 3 0x80001f46 (0x003ad493) x 9 0x14046dbf
core   0: 0x80001f4a (0x1bd1ba13) sltiu   s4, gp, 445
core   0: 3 0x80001f4a (0x1bd1ba13) x20 0x00000000
core   0: 0x80001f4e (0x02637933) remu    s2, t1, t1
core   0: 3 0x80001f4e (0x02637933) x18 0x00000000
core   0: 0x80001f52 (0x00000001) c.nop
core   0: 3 0x80001f52 (0x0001)
core   0: 0x80001f54 (0x02c4d7b3) divu    a5, s1, a2
core   0: 3 0x80001f54 (0x02c4d7b3) x15 0x00000000
core   0: 0x80001f58 (0x00000986) c.slli  s3, 1
core   0: 3 0x80001f58 (0x0986) x19 0x000000c0
core   0: 0x80001f5a (0x0000955a) c.add   a0, s6
core   0: 3 0x80001f5a (0x955a) x10 0x0000000e
core   0: 0x80001f5c (0x011ea333) slt     t1, t4, a7
core   0: 3 0x80001f5c (0x011ea333) x 6 0x00000000
core   0: 0x80001f60 (0x01829db3) sll     s11, t0, s8
core   0: 3 0x80001f60 (0x01829db3) x27 0x00000000
core   0: 0x80001f64 (0x416059b3) sra     s3, zero, s6
core   0: 3 0x80001f64 (0x416059b3) x19 0x00000000
core   0: 0x80001f68 (0x00008f89) c.sub   a5, a0
core   0: 3 0x80001f68 (0x8f89) x15 0xfffffff2
core   0: 0x80001f6a (0x01f51593) slli    a1, a0, 31
core   0: 3 0x80001f6a (0x01f51593) x11 0x00000000
core   0: 0x80001f6e (0x413b09b3) sub     s3, s6, s3
core   0: 3 0x80001f6e (0x413b09b3) x19 0x0000000e
core   0: 0x80001f72 (0x4025dd93) srai    s11, a1, 2
core   0: 3 0x80001f72 (0x4025dd93) x27 0x00000000
core   0: 0x80001f76 (0x00008e01) c.sub   a2, s0
core   0: 3 0x80001f76 (0x8e01) x12 0x3deafdf1
core   0: 0x80001f78 (0x00000001) c.nop
core   0: 3 0x80001f78 (0x0001)
core   0: 0x80001f7a (0x03a5d7b3) divu    a5, a1, s10
core   0: 3 0x80001f7a (0x03a5d7b3) x15 0x00000000
core   0: 0x80001f7e (0x00008e35) c.xor   a2, a3
core   0: 3 0x80001f7e (0x8e35) x12 0xc215020e
core   0: 0x80001f80 (0x00000001) c.nop
core   0: 3 0x80001f80 (0x0001)
core   0: 0x80001f82 (0x0020df13) srli    t5, ra, 2
core   0: 3 0x80001f82 (0x0020df13) x30 0x00002000
core   0: 0x80001f86 (0x028333b3) mulhu   t2, t1, s0
core   0: 3 0x80001f86 (0x028333b3) x 7 0x00000000
core   0: 0x80001f8a (0x00008525) c.srai  a0, 9
core   0: 3 0x80001f8a (0x8525) x10 0x00000000
core   0: 0x80001f8c (0x02b3d2b3) divu    t0, t2, a1
core   0: 3 0x80001f8c (0x02b3d2b3) x 5 0xffffffff
core   0: 0x80001f90 (0xdf1e8593) addi    a1, t4, -527
core   0: 3 0x80001f90 (0xdf1e8593) x11 0xfffffdf1
core   0: 0x80001f94 (0x03da21b3) mulhsu  gp, s4, t4
core   0: 3 0x80001f94 (0x03da21b3) x 3 0x00000000
core   0: 0x80001f98 (0x0368f8b3) remu    a7, a7, s6
core   0: 3 0x80001f98 (0x0368f8b3) x17 0x00000003
core   0: 0x80001f9c (0x7c69cf13) xori    t5, s3, 1990
core   0: 3 0x80001f9c (0x7c69cf13) x30 0x000007c8
core   0: 0x80001fa0 (0x3955bf13) sltiu   t5, a1, 917
core   0: 3 0x80001fa0 (0x3955bf13) x30 0x00000000
core   0: 0x80001fa4 (0x01f21513) slli    a0, tp, 31
core   0: 3 0x80001fa4 (0x01f21513) x10 0x00000000
core   0: 0x80001fa8 (0x00000001) c.nop
core   0: 3 0x80001fa8 (0x0001)
core   0: 0x80001faa (0x0213f4b3) remu    s1, t2, ra
core   0: 3 0x80001faa (0x0213f4b3) x 9 0x00000000
core   0: 0x80001fae (0x0000028c) c.addi4spn a1, sp, 320
core   0: 3 0x80001fae (0x028c) x11 0x3de99b72
core   0: 0x80001fb0 (0x000ca933) slt     s2, s9, zero
core   0: 3 0x80001fb0 (0x000ca933) x18 0x00000000
core   0: 0x80001fb4 (0x000099fd) c.andi  a1, -1
core   0: 3 0x80001fb4 (0x99fd) x11 0x3de99b72
core   0: 0x80001fb6 (0x0218c233) div     tp, a7, ra
core   0: 3 0x80001fb6 (0x0218c233) x 4 0x00000000
core   0: 0x80001fba (0xd5a12993) slti    s3, sp, -678
core   0: 3 0x80001fba (0xd5a12993) x19 0x00000000
core   0: 0x80001fbe (0x03021e33) mulh    t3, tp, a6
core   0: 3 0x80001fbe (0x03021e33) x28 0x00000000
core   0: 0x80001fc2 (0x0000717d) c.addi16sp sp, -16
core   0: 3 0x80001fc2 (0x717d) x 2 0x3de99a22
core   0: 0x80001fc4 (0x02680033) mul     zero, a6, t1
core   0: 3 0x80001fc4 (0x02680033)
core   0: 0x80001fc8 (0x00006165) c.addi16sp sp, 112
core   0: 3 0x80001fc8 (0x6165) x 2 0x3de99a92
core   0: 0x80001fca (0x0000430d) c.li    t1, 3
core   0: 3 0x80001fca (0x430d) x 6 0x00000003
core   0: 0x80001fcc (0x00008f31) c.xor   a4, a2
core   0: 3 0x80001fcc (0x8f31) x14 0xc21551a0
core   0: 0x80001fce (0x000061d9) c.lui   gp, 0x16
core   0: 3 0x80001fce (0x61d9) x 3 0x00016000
core   0: 0x80001fd0 (0x39d84993) xori    s3, a6, 925
core   0: 3 0x80001fd0 (0x39d84993) x19 0x8000fdf9
core   0: 0x80001fd4 (0x02c76eb3) rem     t4, a4, a2
core   0: 3 0x80001fd4 (0x02c76eb3) x29 0xc21551a0
core   0: 0x80001fd8 (0x00bc5a93) srli    s5, s8, 11
core   0: 3 0x80001fd8 (0x00bc5a93) x21 0x00118000
core   0: 0x80001fdc (0x00000cb2) c.slli  s9, 12
core   0: 3 0x80001fdc (0x0cb2) x25 0xfd000000
core   0: 0x80001fde (0x018e5f13) srli    t5, t3, 24
core   0: 3 0x80001fde (0x018e5f13) x30 0x00000000
core   0: 0x80001fe2 (0x0043da33) srl     s4, t2, tp
core   0: 3 0x80001fe2 (0x0043da33) x20 0x00000000
core   0: 0x80001fe6 (0x0121b5b3) sltu    a1, gp, s2
core   0: 3 0x80001fe6 (0x0121b5b3) x11 0x00000000
core   0: 0x80001fea (0x01915d93) srli    s11, sp, 25
core   0: 3 0x80001fea (0x01915d93) x27 0x0000001e
core   0: 0x80001fee (0x02b009b3) mul     s3, zero, a1
core   0: 3 0x80001fee (0x02b009b3) x19 0x00000000
core   0: 0x80001ff2 (0x41b904b3) sub     s1, s2, s11
core   0: 3 0x80001ff2 (0x41b904b3) x 9 0xffffffe2
core   0: 0x80001ff6 (0x00008d29) c.xor   a0, a0
core   0: 3 0x80001ff6 (0x8d29) x10 0x00000000
core   0: 0x80001ff8 (0x019c0733) add     a4, s8, s9
core   0: 3 0x80001ff8 (0x019c0733) x14 0x89000000
core   0: 0x80001ffc (0x0083d593) srli    a1, t2, 8
core   0: 3 0x80001ffc (0x0083d593) x11 0x00000000
core   0: 0x80002000 (0x000098fd) c.andi  s1, -1
core   0: 3 0x80002000 (0x98fd) x 9 0xffffffe2
core   0: 0x80002002 (0x0000537d) c.li    t1, -1
core   0: 3 0x80002002 (0x537d) x 6 0xffffffff
core   0: 0x80002004 (0x00008e89) c.sub   a3, a0
core   0: 3 0x80002004 (0x8e89) x13 0xffffffff
core   0: 0x80002006 (0x00008311) c.srli  a4, 4
core   0: 3 0x80002006 (0x8311) x14 0x08900000
core   0: 0x80002008 (0x00008e29) c.xor   a2, a0
core   0: 3 0x80002008 (0x8e29) x12 0xc215020e
core   0: 0x8000200a (0x00008fe9) c.and   a5, a0
core   0: 3 0x8000200a (0x8fe9) x15 0x00000000
core   0: 0x8000200c (0x8754f293) andi    t0, s1, -1931
core   0: 3 0x8000200c (0x8754f293) x 5 0xfffff860
core   0: 0x80002010 (0x005801b3) add     gp, a6, t0
core   0: 3 0x80002010 (0x005801b3) x 3 0x8000f6c4
core   0: 0x80002014 (0x416b5d93) srai    s11, s6, 22
core   0: 3 0x80002014 (0x416b5d93) x27 0x00000000
core   0: 0x80002018 (0x007f98b3) sll     a7, t6, t2
core   0: 3 0x80002018 (0x007f98b3) x17 0xc0000000
core   0: 0x8000201c (0x000098fd) c.andi  s1, -1
core   0: 3 0x8000201c (0x98fd) x 9 0xffffffe2
core   0: 0x8000201e (0x413c8d33) sub     s10, s9, s3
core   0: 3 0x8000201e (0x413c8d33) x26 0xfd000000
core   0: 0x80002022 (0xa0a3ed13) ori     s10, t2, -1526
core   0: 3 0x80002022 (0xa0a3ed13) x26 0xfffffa0a
core   0: 0x80002026 (0x00008261) c.srli  a2, 24
core   0: 3 0x80002026 (0x8261) x12 0x000000c2
core   0: 0x80002028 (0x02b2aa33) mulhsu  s4, t0, a1
core   0: 3 0x80002028 (0x02b2aa33) x20 0x00000000
core   0: 0x8000202c (0xb49ea013) slti    zero, t4, -1207
core   0: 3 0x8000202c (0xb49ea013)
core   0: 0x80002030 (0x035002b3) mul     t0, zero, s5
core   0: 3 0x80002030 (0x035002b3) x 5 0x00000000
core   0: 0x80002034 (0x03c4f3b3) remu    t2, s1, t3
core   0: 3 0x80002034 (0x03c4f3b3) x 7 0xffffffe2
core   0: 0x80002038 (0x00008f99) c.sub   a5, a4
core   0: 3 0x80002038 (0x8f99) x15 0xf7700000
core   0: 0x8000203a (0x00000c75) c.addi  s8, 29
core   0: 3 0x8000203a (0x0c75) x24 0x8c00001d
core   0: 0x8000203c (0x00008d0d) c.sub   a0, a1
core   0: 3 0x8000203c (0x8d0d) x10 0x00000000
core   0: 0x8000203e (0x4ac5acb7) lui     s9, 0x4ac5a
core   0: 3 0x8000203e (0x4ac5acb7) x25 0x4ac5a000
core   0: 0x80002042 (0x00008c31) c.xor   s0, a2
core   0: 3 0x80002042 (0x8c31) x 8 0xfffe9db3
core   0: 0x80002044 (0x0000717d) c.addi16sp sp, -16
core   0: 3 0x80002044 (0x717d) x 2 0x3de99a82
core   0: 0x80002046 (0x02982433) mulhsu  s0, a6, s1
core   0: 3 0x80002046 (0x02982433) x 8 0x8000fe72
core   0: 0x8000204a (0x00000001) c.nop
core   0: 3 0x8000204a (0x0001)
core   0: 0x8000204c (0x000081bd) c.srli  a1, 15
core   0: 3 0x8000204c (0x81bd) x11 0x00000000
core   0: 0x8000204e (0x013bfe33) and     t3, s7, s3
core   0: 3 0x8000204e (0x013bfe33) x28 0x00000000
core   0: 0x80002052 (0x00000ade) c.slli  s5, 23
core   0: 3 0x80002052 (0x0ade) x21 0x00000000
core   0: 0x80002054 (0x4119d733) sra     a4, s3, a7
core   0: 3 0x80002054 (0x4119d733) x14 0x00000000
core   0: 0x80002058 (0x410cb113) sltiu   sp, s9, 1040
core   0: 3 0x80002058 (0x410cb113) x 2 0x00000000
core   0: 0x8000205c (0x00d39293) slli    t0, t2, 13
core   0: 3 0x8000205c (0x00d39293) x 5 0xfffc4000
core   0: 0x80002060 (0x00cfca33) xor     s4, t6, a2
core   0: 3 0x80002060 (0x00cfca33) x20 0xc00000c2
core   0: 0x80002064 (0x00008f41) c.or    a4, s0
core   0: 3 0x80002064 (0x8f41) x14 0x8000fe72
core   0: 0x80002066 (0x00a392b3) sll     t0, t2, a0
core   0: 3 0x80002066 (0x00a392b3) x 5 0xffffffe2
core   0: 0x8000206a (0x001d6a33) or      s4, s10, ra
core   0: 3 0x8000206a (0x001d6a33) x20 0xfffffa0a
core   0: 0x8000206e (0x00dabab3) sltu    s5, s5, a3
core   0: 3 0x8000206e (0x00dabab3) x21 0x00000001
core   0: 0x80002072 (0x00f87933) and     s2, a6, a5
core   0: 3 0x80002072 (0x00f87933) x18 0x80000000
core   0: 0x80002076 (0x004eaf33) slt     t5, t4, tp
core   0: 3 0x80002076 (0x004eaf33) x30 0x00000001
core   0: 0x8000207a (0xd51b3413) sltiu   s0, s6, -687
core   0: 3 0x8000207a (0xd51b3413) x 8 0x00000001
core   0: 0x8000207e (0x03470fb3) mul     t6, a4, s4
core   0: 3 0x8000207e (0x03470fb3) x31 0xfa134474
core   0: 0x80002082 (0xaa4135b7) lui     a1, 0xaa413
core   0: 3 0x80002082 (0xaa4135b7) x11 0xaa413000
core   0: 0x80002086 (0x000088d9) c.andi  s1, 22
core   0: 3 0x80002086 (0x88d9) x 9 0x00000002
core   0: 0x80002088 (0x41c00033) sub     zero, zero, t3
core   0: 3 0x80002088 (0x41c00033)
core   0: 0x8000208c (0x0128cdb3) xor     s11, a7, s2
core   0: 3 0x8000208c (0x0128cdb3) x27 0x40000000
core   0: 0x80002090 (0x00526f33) or      t5, tp, t0
core   0: 3 0x80002090 (0x00526f33) x30 0xffffffe2
core   0: 0x80002094 (0x00000aa9) c.addi  s5, 10
core   0: 3 0x80002094 (0x0aa9) x21 0x0000000b
core   0: 0x80002096 (0x018bf0b3) and     ra, s7, s8
core   0: 3 0x80002096 (0x018bf0b3) x 1 0x80000004
core   0: 0x8000209a (0x003f9413) slli    s0, t6, 3
core   0: 3 0x8000209a (0x003f9413) x 8 0xd09a23a0
core   0: 0x8000209e (0x00008419) c.srai  s0, 6
core   0: 3 0x8000209e (0x8419) x 8 0xff42688e
core   0: 0x800020a0 (0x0163d8b3) srl     a7, t2, s6
core   0: 3 0x800020a0 (0x0163d8b3) x17 0x0003ffff
core   0: 0x800020a4 (0x012ef933) and     s2, t4, s2
core   0: 3 0x800020a4 (0x012ef933) x18 0x80000000
core   0: 0x800020a8 (0x00008c01) c.sub   s0, s0
core   0: 3 0x800020a8 (0x8c01) x 8 0x00000000
core   0: 0x800020aa (0x02a8a3b3) mulhsu  t2, a7, a0
core   0: 3 0x800020aa (0x02a8a3b3) x 7 0x00000000
core   0: 0x800020ae (0x01a80a33) add     s4, a6, s10
core   0: 3 0x800020ae (0x01a80a33) x20 0x8000f86e
core   0: 0x800020b2 (0x00000001) c.nop
core   0: 3 0x800020b2 (0x0001)
core   0: 0x800020b4 (0x00000001) c.nop
core   0: 3 0x800020b4 (0x0001)
core   0: 0x800020b6 (0x012d8533) add     a0, s11, s2
core   0: 3 0x800020b6 (0x012d8533) x10 0xc0000000
core   0: 0x800020ba (0x025bf333) remu    t1, s7, t0
core   0: 3 0x800020ba (0x025bf333) x 6 0x80013ce4
core   0: 0x800020be (0x8b3f7193) andi    gp, t5, -1869
core   0: 3 0x800020be (0x8b3f7193) x 3 0xfffff8a2
core   0: 0x800020c2 (0x01814f33) xor     t5, sp, s8
core   0: 3 0x800020c2 (0x01814f33) x30 0x8c00001d
core   0: 0x800020c6 (0x02f51033) mulh    zero, a0, a5
core   0: 3 0x800020c6 (0x02f51033)
core   0: 0x800020ca (0x010d1693) slli    a3, s10, 16
core   0: 3 0x800020ca (0x010d1693) x13 0xfa0a0000
core   0: 0x800020ce (0x01ea3ab3) sltu    s5, s4, t5
core   0: 3 0x800020ce (0x01ea3ab3) x21 0x00000001
core   0: 0x800020d2 (0x0000157d) c.addi  a0, -1
core   0: 3 0x800020d2 (0x157d) x10 0xbfffffff
core   0: 0x800020d4 (0x40c56713) ori     a4, a0, 1036
core   0: 3 0x800020d4 (0x40c56713) x14 0xbfffffff
core   0: 0x800020d8 (0x02b86033) rem     zero, a6, a1
core   0: 3 0x800020d8 (0x02b86033)
core   0: 0x800020dc (0x0000897d) c.andi  a0, 31
core   0: 3 0x800020dc (0x897d) x10 0x0000001f
core   0: 0x800020de (0x013092b3) sll     t0, ra, s3
core   0: 3 0x800020de (0x013092b3) x 5 0x80000004
core   0: 0x800020e2 (0x41fdd313) srai    t1, s11, 31
core   0: 3 0x800020e2 (0x41fdd313) x 6 0x00000000
core   0: 0x800020e6 (0x0000997d) c.andi  a0, -1
core   0: 3 0x800020e6 (0x997d) x10 0x0000001f
core   0: 0x800020e8 (0x00009b7d) c.andi  a4, -1
core   0: 3 0x800020e8 (0x9b7d) x14 0xbfffffff
core   0: 0x800020ea (0x009097b3) sll     a5, ra, s1
core   0: 3 0x800020ea (0x009097b3) x15 0x00000010
core   0: 0x800020ee (0x006dba33) sltu    s4, s11, t1
core   0: 3 0x800020ee (0x006dba33) x20 0x00000000
core   0: 0x800020f2 (0x03e549b3) div     s3, a0, t5
core   0: 3 0x800020f2 (0x03e549b3) x19 0x00000000
core   0: 0x800020f6 (0x000004be) c.slli  s1, 15
core   0: 3 0x800020f6 (0x04be) x 9 0x00010000
core   0: 0x800020f8 (0x00000346) c.slli  t1, 17
core   0: 3 0x800020f8 (0x0346) x 6 0x00000000
core   0: 0x800020fa (0x00008cfd) c.and   s1, a5
core   0: 3 0x800020fa (0x8cfd) x 9 0x00000000
core   0: 0x800020fc (0x00008e56) c.mv    t3, s5
core   0: 3 0x800020fc (0x8e56) x28 0x00000001
core   0: 0x800020fe (0x0000645d) c.lui   s0, 0x17
core   0: 3 0x800020fe (0x645d) x 8 0x00017000
core   0: 0x80002100 (0x40ee5593) srai    a1, t3, 14
core   0: 3 0x80002100 (0x40ee5593) x11 0x00000000
core   0: 0x80002104 (0x005cc2b3) xor     t0, s9, t0
core   0: 3 0x80002104 (0x005cc2b3) x 5 0xcac5a004
core   0: 0x80002108 (0x000bfab3) and     s5, s7, zero
core   0: 3 0x80002108 (0x000bfab3) x21 0x00000000
core   0: 0x8000210c (0x0000931a) c.add   t1, t1
core   0: 3 0x8000210c (0x931a) x 6 0x00000000
core   0: 0x8000210e (0x0337c2b3) div     t0, a5, s3
core   0: 3 0x8000210e (0x0337c2b3) x 5 0xffffffff
core   0: 0x80002112 (0x0337a133) mulhsu  sp, a5, s3
core   0: 3 0x80002112 (0x0337a133) x 2 0x00000000
core   0: 0x80002116 (0x00008aa6) c.mv    s5, s1
core   0: 3 0x80002116 (0x8aa6) x21 0x00000000
core   0: 0x80002118 (0x01c08433) add     s0, ra, t3
core   0: 3 0x80002118 (0x01c08433) x 8 0x80000005
core   0: 0x8000211c (0x9fd46f13) ori     t5, s0, -1539
core   0: 3 0x8000211c (0x9fd46f13) x30 0xfffff9fd
core   0: 0x80002120 (0x02dcf033) remu    zero, s9, a3
core   0: 3 0x80002120 (0x02dcf033)
core   0: 0x80002124 (0x932ff713) andi    a4, t6, -1742
core   0: 3 0x80002124 (0x932ff713) x14 0xfa134030
core   0: 0x80002128 (0x000089c5) c.andi  a1, 17
core   0: 3 0x80002128 (0x89c5) x11 0x00000000
core   0: 0x8000212a (0x40a98633) sub     a2, s3, a0
core   0: 3 0x8000212a (0x40a98633) x12 0xffffffe1
core   0: 0x8000212e (0x02563d33) mulhu   s10, a2, t0
core   0: 3 0x8000212e (0x02563d33) x26 0xffffffe0
core   0: 0x80002132 (0x00000ad6) c.slli  s5, 21
core   0: 3 0x80002132 (0x0ad6) x21 0x00000000
core   0: 0x80002134 (0x0294b633) mulhu   a2, s1, s1
core   0: 3 0x80002134 (0x0294b633) x12 0x00000000
core   0: 0x80002138 (0x00008061) c.srli  s0, 24
core   0: 3 0x80002138 (0x8061) x 8 0x00000080
core   0: 0x8000213a (0x4071d1b3) sra     gp, gp, t2
core   0: 3 0x8000213a (0x4071d1b3) x 3 0xfffff8a2
core   0: 0x8000213e (0x00000e61) c.addi  t3, 24
core   0: 3 0x8000213e (0x0e61) x28 0x00000019
core   0: 0x80002140 (0x01985db3) srl     s11, a6, s9
core   0: 3 0x80002140 (0x01985db3) x27 0x8000fe64
core   0: 0x80002144 (0x00a4e6b3) or      a3, s1, a0
core   0: 3 0x80002144 (0x00a4e6b3) x13 0x0000001f
core   0: 0x80002148 (0x40a15033) sra     zero, sp, a0
core   0: 3 0x80002148 (0x40a15033)
core   0: 0x8000214c (0x00009ab6) c.add   s5, a3
core   0: 3 0x8000214c (0x9ab6) x21 0x0000001f
core   0: 0x8000214e (0x40148fb3) sub     t6, s1, ra
core   0: 3 0x8000214e (0x40148fb3) x31 0x7ffffffc
core   0: 0x80002152 (0x00008d6d) c.and   a0, a1
core   0: 3 0x80002152 (0x8d6d) x10 0x00000000
core   0: 0x80002154 (0x02a3da33) divu    s4, t2, a0
core   0: 3 0x80002154 (0x02a3da33) x20 0xffffffff
core   0: 0x80002158 (0x00001a0c) c.addi4spn a1, sp, 304
core   0: 3 0x80002158 (0x1a0c) x11 0x00000130
core   0: 0x8000215a (0x0000613d) c.addi16sp sp, 480
core   0: 3 0x8000215a (0x613d) x 2 0x000001e0
core   0: 0x8000215c (0x80970613) addi    a2, a4, -2039
core   0: 3 0x8000215c (0x80970613) x12 0xfa133839
core   0: 0x80002160 (0x02148133) mul     sp, s1, ra
core   0: 3 0x80002160 (0x02148133) x 2 0x00000000
core   0: 0x80002164 (0x00707133) and     sp, zero, t2
core   0: 3 0x80002164 (0x00707133) x 2 0x00000000
core   0: 0x80002168 (0x0a348493) addi    s1, s1, 163
core   0: 3 0x80002168 (0x0a348493) x 9 0x000000a3
core   0: 0x8000216c (0x00000001) c.nop
core   0: 3 0x8000216c (0x0001)
core   0: 0x8000216e (0xaa16bc93) sltiu   s9, a3, -1375
core   0: 3 0x8000216e (0xaa16bc93) x25 0x00000001
core   0: 0x80002172 (0x00e5b733) sltu    a4, a1, a4
core   0: 3 0x80002172 (0x00e5b733) x14 0x00000001
core   0: 0x80002176 (0x006adcb3) srl     s9, s5, t1
core   0: 3 0x80002176 (0x006adcb3) x25 0x0000001f
core   0: 0x8000217a (0x00d12f33) slt     t5, sp, a3
core   0: 3 0x8000217a (0x00d12f33) x30 0x00000001
core   0: 0x8000217e (0x00fd9d13) slli    s10, s11, 15
core   0: 3 0x8000217e (0x00fd9d13) x26 0x7f320000
core   0: 0x80002182 (0x00008f79) c.and   a4, a4
core   0: 3 0x80002182 (0x8f79) x14 0x00000001
core   0: 0x80002184 (0x00000001) c.nop
core   0: 3 0x80002184 (0x0001)
core   0: 0x80002186 (0x00000708) c.addi4spn a0, sp, 896
core   0: 3 0x80002186 (0x0708) x10 0x00000380
core   0: 0x80002188 (0x00008cb9) c.xor   s1, a4
core   0: 3 0x80002188 (0x8cb9) x 9 0x000000a2
core   0: 0x8000218a (0x0000673d) c.lui   a4, 0xf
core   0: 3 0x8000218a (0x673d) x14 0x0000f000
core   0: 0x8000218c (0x00fed8b3) srl     a7, t4, a5
core   0: 3 0x8000218c (0x00fed8b3) x17 0x0000c215
core   0: 0x80002190 (0x0000615d) c.addi16sp sp, 432
core   0: 3 0x80002190 (0x615d) x 2 0x000001b0
core   0: 0x80002192 (0x00008e0d) c.sub   a2, a1
core   0: 3 0x80002192 (0x8e0d) x12 0xfa133709
core   0: 0x80002194 (0x02d79433) mulh    s0, a5, a3
core   0: 3 0x80002194 (0x02d79433) x 8 0x00000000
core   0: 0x80002198 (0x00009ee2) c.add   t4, s8
core   0: 3 0x80002198 (0x9ee2) x29 0x4e1551bd
core   0: 0x8000219a (0x00001094) c.addi4spn a3, sp, 96
core   0: 3 0x8000219a (0x1094) x13 0x00000210
core   0: 0x8000219c (0x010c4433) xor     s0, s8, a6
core   0: 3 0x8000219c (0x010c4433) x 8 0x0c00fe79
core   0: 0x800021a0 (0x020c67b3) rem     a5, s8, zero
core   0: 3 0x800021a0 (0x020c67b3) x15 0x8c00001d
core   0: 0x800021a4 (0x015b89b3) add     s3, s7, s5
core   0: 3 0x800021a4 (0x015b89b3) x19 0x80013d03
core   0: 0x800021a8 (0x00008f75) c.and   a4, a3
core   0: 3 0x800021a8 (0x8f75) x14 0x00000000
core   0: 0x800021aa (0x00006eb5) c.lui   t4, 0xd
core   0: 3 0x800021aa (0x6eb5) x29 0x0000d000
core   0: 0x800021ac (0x0236e6b3) rem     a3, a3, gp
core   0: 3 0x800021ac (0x0236e6b3) x13 0x00000210
core   0: 0x800021b0 (0x00707733) and     a4, zero, t2
core   0: 3 0x800021b0 (0x00707733) x14 0x00000000
core   0: 0x800021b4 (0x0000923e) c.add   tp, a5
core   0: 3 0x800021b4 (0x923e) x 4 0x8c00001d
core   0: 0x800021b6 (0x004470b3) and     ra, s0, tp
core   0: 3 0x800021b6 (0x004470b3) x 1 0x0c000019
core   0: 0x800021ba (0x0f63b293) sltiu   t0, t2, 246
core   0: 3 0x800021ba (0x0f63b293) x 5 0x00000001
core   0: 0x800021be (0x02daaf33) mulhsu  t5, s5, a3
core   0: 3 0x800021be (0x02daaf33) x30 0x00000000
core   0: 0x800021c2 (0x019265b3) or      a1, tp, s9
core   0: 3 0x800021c2 (0x019265b3) x11 0x8c00001f
core   0: 0x800021c6 (0x0390c633) div     a2, ra, s9
core   0: 3 0x800021c6 (0x0390c633) x12 0x006318c7
core   0: 0x800021ca (0x246f0093) addi    ra, t5, 582
core   0: 3 0x800021ca (0x246f0093) x 1 0x00000246
core   0: 0x800021ce (0x03e90233) mul     tp, s2, t5
core   0: 3 0x800021ce (0x03e90233) x 4 0x00000000
core   0: 0x800021d2 (0x19bb3213) sltiu   tp, s6, 411
core   0: 3 0x800021d2 (0x19bb3213) x 4 0x00000001
core   0: 0x800021d6 (0x40d75613) srai    a2, a4, 13
core   0: 3 0x800021d6 (0x40d75613) x12 0x00000000
core   0: 0x800021da (0x40c68fb3) sub     t6, a3, a2
core   0: 3 0x800021da (0x40c68fb3) x31 0x00000210
core   0: 0x800021de (0x017e3133) sltu    sp, t3, s7
core   0: 3 0x800021de (0x017e3133) x 2 0x00000001
core   0: 0x800021e2 (0x00000001) c.nop
core   0: 3 0x800021e2 (0x0001)
core   0: 0x800021e4 (0x4190dc93) srai    s9, ra, 25
core   0: 3 0x800021e4 (0x4190dc93) x25 0x00000000
core   0: 0x800021e8 (0x00008d91) c.sub   a1, a2
core   0: 3 0x800021e8 (0x8d91) x11 0x8c00001f
core   0: 0x800021ea (0x00008ab1) c.andi  a3, 12
core   0: 3 0x800021ea (0x8ab1) x13 0x00000000
core   0: 0x800021ec (0x41a58433) sub     s0, a1, s10
core   0: 3 0x800021ec (0x41a58433) x 8 0x0cce001f
core   0: 0x800021f0 (0x02fa59b3) divu    s3, s4, a5
core   0: 3 0x800021f0 (0x02fa59b3) x19 0x00000001
core   0: 0x800021f4 (0x00006139) c.addi16sp sp, 448
core   0: 3 0x800021f4 (0x6139) x 2 0x000001c1
core   0: 0x800021f6 (0xc5fea713) slti    a4, t4, -929
core   0: 3 0x800021f6 (0xc5fea713) x14 0x00000000
core   0: 0x800021fa (0xf3cb3513) sltiu   a0, s6, -196
core   0: 3 0x800021fa (0xf3cb3513) x10 0x00000001
core   0: 0x800021fe (0x00008d35) c.xor   a0, a3
core   0: 3 0x800021fe (0x8d35) x10 0x00000001
core   0: 0x80002200 (0x00008e95) c.sub   a3, a3
core   0: 3 0x80002200 (0x8e95) x13 0x00000000
core   0: 0x80002202 (0xf8bb6317) auipc   t1, 0xf8bb6
core   0: 3 0x80002202 (0xf8bb6317) x 6 0x78bb8202
core   0: 0x80002206 (0x00000001) c.nop
core   0: 3 0x80002206 (0x0001)
core   0: 0x80002208 (0x00000e52) c.slli  t3, 20
core   0: 3 0x80002208 (0x0e52) x28 0x01900000
core   0: 0x8000220a (0x00008ca1) c.xor   s1, s0
core   0: 3 0x8000220a (0x8ca1) x 9 0x0cce00bd
core   0: 0x8000220c (0x00008e59) c.or    a2, a4
core   0: 3 0x8000220c (0x8e59) x12 0x00000000
core   0: 0x8000220e (0x86012fb7) lui     t6, 0x86012
core   0: 3 0x8000220e (0x86012fb7) x31 0x86012000
core   0: 0x80002212 (0x0000a8b3) slt     a7, ra, zero
core   0: 3 0x80002212 (0x0000a8b3) x17 0x00000000
core   0: 0x80002216 (0x00008d65) c.and   a0, s1
core   0: 3 0x80002216 (0x8d65) x10 0x00000001
core   0: 0x80002218 (0x00745993) srli    s3, s0, 7
core   0: 3 0x80002218 (0x00745993) x19 0x00199c00
core   0: 0x8000221c (0x00006eed) c.lui   t4, 0x1b
core   0: 3 0x8000221c (0x6eed) x29 0x0001b000
core   0: 0x8000221e (0x00005afd) c.li    s5, -1
core   0: 3 0x8000221e (0x5afd) x21 0xffffffff
core   0: 0x80002220 (0x00001f7d) c.addi  t5, -1
core   0: 3 0x80002220 (0x1f7d) x30 0xffffffff
core   0: 0x80002222 (0x000c3d33) sltu    s10, s8, zero
core   0: 3 0x80002222 (0x000c3d33) x26 0x00000000
core   0: 0x80002226 (0x000087bd) c.srai  a5, 15
core   0: 3 0x80002226 (0x87bd) x15 0xffff1800
core   0: 0x80002228 (0x01ae31b3) sltu    gp, t3, s10
core   0: 3 0x80002228 (0x01ae31b3) x 3 0x00000000
core   0: 0x8000222c (0x0265a2b3) mulhsu  t0, a1, t1
core   0: 3 0x8000222c (0x0265a2b3) x 5 0xc94b0925
core   0: 0x80002230 (0x008c9db3) sll     s11, s9, s0
core   0: 3 0x80002230 (0x008c9db3) x27 0x00000000
core   0: 0x80002234 (0x00008e92) c.mv    t4, tp
core   0: 3 0x80002234 (0x8e92) x29 0x00000001
core   0: 0x80002236 (0x000002c2) c.slli  t0, 16
core   0: 3 0x80002236 (0x02c2) x 5 0x09250000
core   0: 0x80002238 (0x013649b3) xor     s3, a2, s3
core   0: 3 0x80002238 (0x013649b3) x19 0x00199c00
core   0: 0x8000223c (0x40e95d13) srai    s10, s2, 14
core   0: 3 0x8000223c (0x40e95d13) x26 0xfffe0000
core   0: 0x80002240 (0x036576b3) remu    a3, a0, s6
core   0: 3 0x80002240 (0x036576b3) x13 0x00000001
core   0: 0x80002244 (0x67230993) addi    s3, t1, 1650
core   0: 3 0x80002244 (0x67230993) x19 0x78bb8874
core   0: 0x80002248 (0x01e11c33) sll     s8, sp, t5
core   0: 3 0x80002248 (0x01e11c33) x24 0x80000000
core   0: 0x8000224c (0x000083ad) c.srli  a5, 11
core   0: 3 0x8000224c (0x83ad) x15 0x001fffe3
core   0: 0x8000224e (0x00000001) c.nop
core   0: 3 0x8000224e (0x0001)
core   0: 0x80002250 (0x00008c15) c.sub   s0, a3
core   0: 3 0x80002250 (0x8c15) x 8 0x0cce001e
core   0: 0x80002252 (0x0000872d) c.srai  a4, 11
core   0: 3 0x80002252 (0x872d) x14 0x00000000
core   0: 0x80002254 (0x00205913) srli    s2, zero, 2
core   0: 3 0x80002254 (0x00205913) x18 0x00000000
core   0: 0x80002258 (0x000093e6) c.add   t2, s9
core   0: 3 0x80002258 (0x93e6) x 7 0x00000000
core   0: 0x8000225a (0x038857b3) divu    a5, a6, s8
core   0: 3 0x8000225a (0x038857b3) x15 0x00000001
core   0: 0x8000225e (0x45ac5917) auipc   s2, 0x45ac5
core   0: 3 0x8000225e (0x45ac5917) x18 0xc5ac725e
core   0: 0x80002262 (0x000002e1) c.addi  t0, 24
core   0: 3 0x80002262 (0x02e1) x 5 0x09250018
core   0: 0x80002264 (0x00585d93) srli    s11, a6, 5
core   0: 3 0x80002264 (0x00585d93) x27 0x040007f3
core   0: 0x80002268 (0x00005c7d) c.li    s8, -1
core   0: 3 0x80002268 (0x5c7d) x24 0xffffffff
core   0: 0x8000226a (0x700ff313) andi    t1, t6, 1792
core   0: 3 0x8000226a (0x700ff313) x 6 0x00000000
core   0: 0x8000226e (0x03279d33) mulh    s10, a5, s2
core   0: 3 0x8000226e (0x03279d33) x26 0xffffffff
core   0: 0x80002272 (0x00001f1c) c.addi4spn a5, sp, 944
core   0: 3 0x80002272 (0x1f1c) x15 0x00000571
core   0: 0x80002274 (0x00374eb3) xor     t4, a4, gp
core   0: 3 0x80002274 (0x00374eb3) x29 0x00000000
core   0: 0x80002278 (0x03530033) mul     zero, t1, s5
core   0: 3 0x80002278 (0x03530033)
core   0: 0x8000227c (0x00008d0a) c.mv    s10, sp
core   0: 3 0x8000227c (0x8d0a) x26 0x000001c1
core   0: 0x8000227e (0x000082b9) c.srli  a3, 14
core   0: 3 0x8000227e (0x82b9) x13 0x00000000
core   0: 0x80002280 (0x021b39b3) mulhu   s3, s6, ra
core   0: 3 0x80002280 (0x021b39b3) x19 0x00000000
core   0: 0x80002284 (0x0075acb3) slt     s9, a1, t2
core   0: 3 0x80002284 (0x0075acb3) x25 0x00000001
core   0: 0x80002288 (0x01581a13) slli    s4, a6, 21
core   0: 3 0x80002288 (0x01581a13) x20 0xcc800000
core   0: 0x8000228c (0x400803b3) sub     t2, a6, zero
core   0: 3 0x8000228c (0x400803b3) x 7 0x8000fe64
core   0: 0x80002290 (0x03a12ab3) mulhsu  s5, sp, s10
core   0: 3 0x80002290 (0x03a12ab3) x21 0x00000000
core   0: 0x80002294 (0x6b9df593) andi    a1, s11, 1721
core   0: 3 0x80002294 (0x6b9df593) x11 0x000006b1
core   0: 0x80002298 (0x1e058413) addi    s0, a1, 480
core   0: 3 0x80002298 (0x1e058413) x 8 0x00000891
core   0: 0x8000229c (0x0316bcb3) mulhu   s9, a3, a7
core   0: 3 0x8000229c (0x0316bcb3) x25 0x00000000
core   0: 0x800022a0 (0x000081dd) c.srli  a1, 23
core   0: 3 0x800022a0 (0x81dd) x11 0x00000000
core   0: 0x800022a2 (0x00008ced) c.and   s1, a1
core   0: 3 0x800022a2 (0x8ced) x 9 0x00000000
core   0: 0x800022a4 (0x00008925) c.andi  a0, 9
core   0: 3 0x800022a4 (0x8925) x10 0x00000001
core   0: 0x800022a6 (0x00008d1d) c.sub   a0, a5
core   0: 3 0x800022a6 (0x8d1d) x10 0xfffffa90
core   0: 0x800022a8 (0x03c112b3) mulh    t0, sp, t3
core   0: 3 0x800022a8 (0x03c112b3) x 5 0x00000002
core   0: 0x800022ac (0x65b19cb7) lui     s9, 0x65b19
core   0: 3 0x800022ac (0x65b19cb7) x25 0x65b19000
core   0: 0x800022b0 (0x0103d733) srl     a4, t2, a6
core   0: 3 0x800022b0 (0x0103d733) x14 0x08000fe6
core   0: 0x800022b4 (0x00006149) c.addi16sp sp, 144
core   0: 3 0x800022b4 (0x6149) x 2 0x00000251
core   0: 0x800022b6 (0xde51a693) slti    a3, gp, -539
core   0: 3 0x800022b6 (0xde51a693) x13 0x00000000
core   0: 0x800022ba (0x01bd6eb3) or      t4, s10, s11
core   0: 3 0x800022ba (0x01bd6eb3) x29 0x040007f3
core   0: 0x800022be (0x00006d35) c.lui   s10, 0xd
core   0: 3 0x800022be (0x6d35) x26 0x0000d000
core   0: 0x800022c0 (0x00d55693) srli    a3, a0, 13
core   0: 3 0x800022c0 (0x00d55693) x13 0x0007ffff
core   0: 0x800022c4 (0x000085e9) c.srai  a1, 26
core   0: 3 0x800022c4 (0x85e9) x11 0x00000000
core   0: 0x800022c6 (0x00004189) c.li    gp, 2
core   0: 3 0x800022c6 (0x4189) x 3 0x00000002
core   0: 0x800022c8 (0x405ed593) srai    a1, t4, 5
core   0: 3 0x800022c8 (0x405ed593) x11 0x0020003f
core   0: 0x800022cc (0x43642593) slti    a1, s0, 1078
core   0: 3 0x800022cc (0x43642593) x11 0x00000000
core   0: 0x800022d0 (0x00008f25) c.xor   a4, s1
core   0: 3 0x800022d0 (0x8f25) x14 0x08000fe6
core   0: 0x800022d2 (0x00006ad9) c.lui   s5, 0x16
core   0: 3 0x800022d2 (0x6ad9) x21 0x00016000
core   0: 0x800022d4 (0x3e453213) sltiu   tp, a0, 996
core   0: 3 0x800022d4 (0x3e453213) x 4 0x00000000
core   0: 0x800022d8 (0x6c6fe713) ori     a4, t6, 1734
core   0: 3 0x800022d8 (0x6c6fe713) x14 0x860126c6
core   0: 0x800022dc (0x026d6f33) rem     t5, s10, t1
core   0: 3 0x800022dc (0x026d6f33) x30 0x0000d000
core   0: 0x800022e0 (0x01c1c633) xor     a2, gp, t3
core   0: 3 0x800022e0 (0x01c1c633) x12 0x01900002
core   0: 0x800022e4 (0x03add533) divu    a0, s11, s10
core   0: 3 0x800022e4 (0x03add533) x10 0x000004ec
core   0: 0x800022e8 (0x415858b3) sra     a7, a6, s5
core   0: 3 0x800022e8 (0x415858b3) x17 0x8000fe64
core   0: 0x800022ec (0x00468993) addi    s3, a3, 4
core   0: 3 0x800022ec (0x00468993) x19 0x00080003
core   0: 0x800022f0 (0x000099fd) c.andi  a1, -1
core   0: 3 0x800022f0 (0x99fd) x11 0x00000000
core   0: 0x800022f2 (0x00000f11) c.addi  t5, 4
core   0: 3 0x800022f2 (0x0f11) x30 0x0000d004
core   0: 0x800022f4 (0x00008f0e) c.mv    t5, gp
core   0: 3 0x800022f4 (0x8f0e) x30 0x00000002
core   0: 0x800022f6 (0x03171ab3) mulh    s5, a4, a7
core   0: 3 0x800022f6 (0x03171ab3) x21 0x3cfef362
core   0: 0x800022fa (0x00008339) c.srli  a4, 14
core   0: 3 0x800022fa (0x8339) x14 0x00021804
core   0: 0x800022fc (0x406986b3) sub     a3, s3, t1
core   0: 3 0x800022fc (0x406986b3) x13 0x00080003
core   0: 0x80002300 (0x00009fb6) c.add   t6, a3
core   0: 3 0x80002300 (0x9fb6) x31 0x86092003
core   0: 0x80002302 (0x00000685) c.addi  a3, 1
core   0: 3 0x80002302 (0x0685) x13 0x00080004
core   0: 0x80002304 (0x00008c1d) c.sub   s0, a5
core   0: 3 0x80002304 (0x8c1d) x 8 0x00000320
core   0: 0x80002306 (0x00009bfd) c.andi  a5, -1
core   0: 3 0x80002306 (0x9bfd) x15 0x00000571
core   0: 0x80002308 (0x00008fd1) c.or    a5, a2
core   0: 3 0x80002308 (0x8fd1) x15 0x01900573
core   0: 0x8000230a (0x400bdd33) sra     s10, s7, zero
core   0: 3 0x8000230a (0x400bdd33) x26 0x80013ce4
core   0: 0x8000230e (0x000067d9) c.lui   a5, 0x16
core   0: 3 0x8000230e (0x67d9) x15 0x00016000
core   0: 0x80002310 (0x02a505b3) mul     a1, a0, a0
core   0: 3 0x80002310 (0x02a505b3) x11 0x00183990
core   0: 0x80002314 (0x405bdc33) sra     s8, s7, t0
core   0: 3 0x80002314 (0x405bdc33) x24 0xe0004f39
core   0: 0x80002318 (0x7a67f197) auipc   gp, 0x7a67f
core   0: 3 0x80002318 (0x7a67f197) x 3 0xfa681318
core   0: 0x8000231c (0x01dbc433) xor     s0, s7, t4
core   0: 3 0x8000231c (0x01dbc433) x 8 0x84013b17
core   0: 0x80002320 (0x000d5a13) srli    s4, s10, 0
core   0: 3 0x80002320 (0x000d5a13) x20 0x80013ce4
core   0: 0x80002324 (0x00000ec2) c.slli  t4, 16
core   0: 3 0x80002324 (0x0ec2) x29 0x07f30000
core   0: 0x80002326 (0x03bc03b3) mul     t2, s8, s11
core   0: 3 0x80002326 (0x03bc03b3) x 7 0x8675c21b
core   0: 0x8000232a (0x00000e26) c.slli  t3, 9
core   0: 3 0x8000232a (0x0e26) x28 0x20000000
core   0: 0x8000232c (0xa1fe6ab7) lui     s5, 0xa1fe6
core   0: 3 0x8000232c (0xa1fe6ab7) x21 0xa1fe6000
core   0: 0x80002330 (0x01961033) sll     zero, a2, s9
core   0: 3 0x80002330 (0x01961033)
core   0: 0x80002334 (0x0f63ef13) ori     t5, t2, 246
core   0: 3 0x80002334 (0x0f63ef13) x30 0x8675c2ff
core   0: 0x80002338 (0xf2550313) addi    t1, a0, -219
core   0: 3 0x80002338 (0xf2550313) x 6 0x00000411
core   0: 0x8000233c (0x00fe4633) xor     a2, t3, a5
core   0: 3 0x8000233c (0x00fe4633) x12 0x20016000
core   0: 0x80002340 (0x014f6a33) or      s4, t5, s4
core   0: 3 0x80002340 (0x014f6a33) x20 0x8675feff
core   0: 0x80002344 (0x00004421) c.li    s0, 8
core   0: 3 0x80002344 (0x4421) x 8 0x00000008
core   0: 0x80002346 (0x00008d69) c.and   a0, a0
core   0: 3 0x80002346 (0x8d69) x10 0x000004ec
core   0: 0x80002348 (0x025ebd33) mulhu   s10, t4, t0
core   0: 3 0x80002348 (0x025ebd33) x26 0x00000000
core   0: 0x8000234c (0x00006f3d) c.lui   t5, 0xf
core   0: 3 0x8000234c (0x6f3d) x30 0x0000f000
core   0: 0x8000234e (0x00000001) c.nop
core   0: 3 0x8000234e (0x0001)
core   0: 0x80002350 (0xe7aac093) xori    ra, s5, -390
core   0: 3 0x80002350 (0xe7aac093) x 1 0x5e019e7a
core   0: 0x80002354 (0x3f873993) sltiu   s3, a4, 1016
core   0: 3 0x80002354 (0x3f873993) x19 0x00000000
core   0: 0x80002358 (0xc78d69b7) lui     s3, 0xc78d6
core   0: 3 0x80002358 (0xc78d69b7) x19 0xc78d6000
core   0: 0x8000235c (0x7fed2417) auipc   s0, 0x7fed2
core   0: 3 0x8000235c (0x7fed2417) x 8 0xffed435c
core   0: 0x80002360 (0x0278e033) rem     zero, a7, t2
core   0: 3 0x80002360 (0x0278e033)
core   0: 0x80002364 (0xe6358d37) lui     s10, 0xe6358
core   0: 3 0x80002364 (0xe6358d37) x26 0xe6358000
core   0: 0x80002368 (0x00008e15) c.sub   a2, a3
core   0: 3 0x80002368 (0x8e15) x12 0x1ff95ffc
core   0: 0x8000236a (0x00008e9d) c.sub   a3, a5
core   0: 3 0x8000236a (0x8e9d) x13 0x0006a004
core   0: 0x8000236c (0xfcb88f93) addi    t6, a7, -53
core   0: 3 0x8000236c (0xfcb88f93) x31 0x8000fe2f
core   0: 0x80002370 (0x00000001) c.nop
core   0: 3 0x80002370 (0x0001)
core   0: 0x80002372 (0x023ded33) rem     s10, s11, gp
core   0: 3 0x80002372 (0x023ded33) x26 0x040007f3
core   0: 0x80002376 (0x8a4cf217) auipc   tp, 0x8a4cf
core   0: 3 0x80002376 (0x8a4cf217) x 4 0x0a4d1376
core   0: 0x8000237a (0x0000137d) c.addi  t1, -1
core   0: 3 0x8000237a (0x137d) x 6 0x00000410
core   0: 0x8000237c (0x00008d91) c.sub   a1, a2
core   0: 3 0x8000237c (0x8d91) x11 0xe01ed994
core   0: 0x8000237e (0x0000893d) c.andi  a0, 15
core   0: 3 0x8000237e (0x893d) x10 0x0000000c
core   0: 0x80002380 (0x0000181c) c.addi4spn a5, sp, 48
core   0: 3 0x80002380 (0x181c) x15 0x00000281
core   0: 0x80002382 (0x03d599b3) mulh    s3, a1, t4
core   0: 3 0x80002382 (0x03d599b3) x19 0xff02953b
core   0: 0x80002386 (0x00000ac6) c.slli  s5, 17
core   0: 3 0x80002386 (0x0ac6) x21 0xc0000000
core   0: 0x80002388 (0x00a08033) add     zero, ra, a0
core   0: 3 0x80002388 (0x00a08033)
core   0: 0x8000238c (0xf3bfee93) ori     t4, t6, -197
core   0: 3 0x8000238c (0xf3bfee93) x29 0xffffff3f
core   0: 0x80002390 (0x43a62c13) slti    s8, a2, 1082
core   0: 3 0x80002390 (0x43a62c13) x24 0x00000000
core   0: 0x80002394 (0x40b45f33) sra     t5, s0, a1
core   0: 3 0x80002394 (0x40b45f33) x30 0xfffffffe
core   0: 0x80002398 (0x03328eb3) mul     t4, t0, s3
core   0: 3 0x80002398 (0x03328eb3) x29 0xfe052a76
core   0: 0x8000239c (0x00008c81) c.sub   s1, s0
core   0: 3 0x8000239c (0x8c81) x 9 0x0012bca4
core   0: 0x8000239e (0x00d65693) srli    a3, a2, 13
core   0: 3 0x8000239e (0x00d65693) x13 0x0000ffca
core   0: 0x800023a2 (0x00b7e4b3) or      s1, a5, a1
core   0: 3 0x800023a2 (0x00b7e4b3) x 9 0xe01edb95
core   0: 0x800023a6 (0x00000001) c.nop
core   0: 3 0x800023a6 (0x0001)
core   0: 0x800023a8 (0x03c07ab3) remu    s5, zero, t3
core   0: 3 0x800023a8 (0x03c07ab3) x21 0x00000000
core   0: 0x800023ac (0x00f25d33) srl     s10, tp, a5
core   0: 3 0x800023ac (0x00f25d33) x26 0x052689bb
core   0: 0x800023b0 (0x00004425) c.li    s0, 9
core   0: 3 0x800023b0 (0x4425) x 8 0x00000009
core   0: 0x800023b2 (0xef64b713) sltiu   a4, s1, -266
core   0: 3 0x800023b2 (0xef64b713) x14 0x00000001
core   0: 0x800023b6 (0x01d11413) slli    s0, sp, 29
core   0: 3 0x800023b6 (0x01d11413) x 8 0x20000000
core   0: 0x800023ba (0x007cd913) srli    s2, s9, 7
core   0: 3 0x800023ba (0x007cd913) x18 0x00cb6320
core   0: 0x800023be (0x01303a33) snez    s4, s3
core   0: 3 0x800023be (0x01303a33) x20 0x00000001
core   0: 0x800023c2 (0x00004cc9) c.li    s9, 18
core   0: 3 0x800023c2 (0x4cc9) x25 0x00000012
core   0: 0x800023c4 (0x015d43b3) xor     t2, s10, s5
core   0: 3 0x800023c4 (0x015d43b3) x 7 0x052689bb
core   0: 0x800023c8 (0x00406eb3) or      t4, zero, tp
core   0: 3 0x800023c8 (0x00406eb3) x29 0x0a4d1376
core   0: 0x800023cc (0x00008972) c.mv    s2, t3
core   0: 3 0x800023cc (0x8972) x18 0x20000000
core   0: 0x800023ce (0x00000001) c.nop
core   0: 3 0x800023ce (0x0001)
core   0: 0x800023d0 (0x02415db3) divu    s11, sp, tp
core   0: 3 0x800023d0 (0x02415db3) x27 0x00000000
core   0: 0x800023d4 (0x000041e9) c.li    gp, 26
core   0: 3 0x800023d4 (0x41e9) x 3 0x0000001a
core   0: 0x800023d6 (0x026860b3) rem     ra, a6, t1
core   0: 3 0x800023d6 (0x026860b3) x 1 0xfffffdf4
core   0: 0x800023da (0x00008a92) c.mv    s5, tp
core   0: 3 0x800023da (0x8a92) x21 0x0a4d1376
core   0: 0x800023dc (0x03c843b3) div     t2, a6, t3
core   0: 3 0x800023dc (0x03c843b3) x 7 0xfffffffd
core   0: 0x800023e0 (0x00efa433) slt     s0, t6, a4
core   0: 3 0x800023e0 (0x00efa433) x 8 0x00000001
core   0: 0x800023e4 (0x81027f13) andi    t5, tp, -2032
core   0: 3 0x800023e4 (0x81027f13) x30 0x0a4d1010
core   0: 0x800023e8 (0x03bee233) rem     tp, t4, s11
core   0: 3 0x800023e8 (0x03bee233) x 4 0x0a4d1376
core   0: 0x800023ec (0x01745f33) srl     t5, s0, s7
core   0: 3 0x800023ec (0x01745f33) x30 0x00000000
core   0: 0x800023f0 (0x62417593) andi    a1, sp, 1572
core   0: 3 0x800023f0 (0x62417593) x11 0x00000200
core   0: 0x800023f4 (0xf5145a97) auipc   s5, 0xf5145
core   0: 3 0x800023f4 (0xf5145a97) x21 0x751473f4
core   0: 0x800023f8 (0x03a92333) mulhsu  t1, s2, s10
core   0: 3 0x800023f8 (0x03a92333) x 6 0x00a4d137
core   0: 0x800023fc (0x00006179) c.addi16sp sp, 464
core   0: 3 0x800023fc (0x6179) x 2 0x00000421
core   0: 0x800023fe (0x00009ec6) c.add   t4, a7
core   0: 3 0x800023fe (0x9ec6) x29 0x8a4e11da
core   0: 0x80002400 (0x022f6033) rem     zero, t5, sp
core   0: 3 0x80002400 (0x022f6033)
core   0: 0x80002404 (0x034790b3) mulh    ra, a5, s4
core   0: 3 0x80002404 (0x034790b3) x 1 0x00000000
core   0: 0x80002408 (0x0000924a) c.add   tp, s2
core   0: 3 0x80002408 (0x924a) x 4 0x2a4d1376
core   0: 0x8000240a (0x00008f8d) c.sub   a5, a1
core   0: 3 0x8000240a (0x8f8d) x15 0x00000081
core   0: 0x8000240c (0x00008d49) c.or    a0, a0
core   0: 3 0x8000240c (0x8d49) x10 0x0000000c
core   0: 0x8000240e (0x031b4e33) div     t3, s6, a7
core   0: 3 0x8000240e (0x031b4e33) x28 0x00000000
core   0: 0x80002412 (0xe0a5ca93) xori    s5, a1, -502
core   0: 3 0x80002412 (0xe0a5ca93) x21 0xfffffc0a
core   0: 0x80002416 (0x03142433) mulhsu  s0, s0, a7
core   0: 3 0x80002416 (0x03142433) x 8 0x00000000
core   0: 0x8000241a (0x00d21313) slli    t1, tp, 13
core   0: 3 0x8000241a (0x00d21313) x 6 0xa26ec000
core   0: 0x8000241e (0x00008f31) c.xor   a4, a2
core   0: 3 0x8000241e (0x8f31) x14 0x1ff95ffd
core   0: 0x80002420 (0x7c0b3993) sltiu   s3, s6, 1984
core   0: 3 0x80002420 (0x7c0b3993) x19 0x00000001
core   0: 0x80002424 (0x74700237) lui     tp, 0x74700
core   0: 3 0x80002424 (0x74700237) x 4 0x74700000
core   0: 0x80002428 (0x01fa69b3) or      s3, s4, t6
core   0: 3 0x80002428 (0x01fa69b3) x19 0x8000fe2f
core   0: 0x8000242c (0x0136ef33) or      t5, a3, s3
core   0: 3 0x8000242c (0x0136ef33) x30 0x8000ffef
core   0: 0x80002430 (0x26bbb197) auipc   gp, 0x26bbb
core   0: 3 0x80002430 (0x26bbb197) x 3 0xa6bbd430
core   0: 0x80002434 (0x03c84c33) div     s8, a6, t3
core   0: 3 0x80002434 (0x03c84c33) x24 0xffffffff
core   0: 0x80002438 (0x0011ea33) or      s4, gp, ra
core   0: 3 0x80002438 (0x0011ea33) x20 0xa6bbd430
core   0: 0x8000243c (0x00001b00) c.addi4spn s0, sp, 432
core   0: 3 0x8000243c (0x1b00) x 8 0x000005d1
core   0: 0x8000243e (0x00264a33) xor     s4, a2, sp
core   0: 3 0x8000243e (0x00264a33) x20 0x1ff95bdd
core   0: 0x80002442 (0x4a8c4993) xori    s3, s8, 1192
core   0: 3 0x80002442 (0x4a8c4993) x19 0xfffffb57
core   0: 0x80002446 (0xfff00c93) li      s9, -1
core   0: 3 0x80002446 (0xfff00c93) x25 0xffffffff
core   0: 0x8000244a (0x80000737) lui     a4, 0x80000
core   0: 3 0x8000244a (0x80000737) x14 0x80000000
core   0: 0x8000244e (0x80000e37) lui     t3, 0x80000
core   0: 3 0x8000244e (0x80000e37) x28 0x80000000
core   0: 0x80002452 (0x80000c37) lui     s8, 0x80000
core   0: 3 0x80002452 (0x80000c37) x24 0x80000000
core   0: 0x80002456 (0xfff00893) li      a7, -1
core   0: 3 0x80002456 (0xfff00893) x17 0xffffffff
core   0: 0x8000245a (0xfff00e93) li      t4, -1
core   0: 3 0x8000245a (0xfff00e93) x29 0xffffffff
core   0: 0x8000245e (0x458c6337) lui     t1, 0x458c6
core   0: 3 0x8000245e (0x458c6337) x 6 0x458c6000
core   0: 0x80002462 (0x4d430313) addi    t1, t1, 1236
core   0: 3 0x80002462 (0x4d430313) x 6 0x458c64d4
core   0: 0x80002466 (0xfff00113) li      sp, -1
core   0: 3 0x80002466 (0xfff00113) x 2 0xffffffff
core   0: 0x8000246a (0xfff00613) li      a2, -1
core   0: 3 0x8000246a (0xfff00613) x12 0xffffffff
core   0: 0x8000246e (0xfff00693) li      a3, -1
core   0: 3 0x8000246e (0xfff00693) x13 0xffffffff
core   0: 0x80002472 (0x00000001) c.nop
core   0: 3 0x80002472 (0x0001)
core   0: 0x80002474 (0x02cc5133) divu    sp, s8, a2
core   0: 3 0x80002474 (0x02cc5133) x 2 0x00000000
core   0: 0x80002478 (0x40668633) sub     a2, a3, t1
core   0: 3 0x80002478 (0x40668633) x12 0xba739b2b
core   0: 0x8000247c (0x411c0c33) sub     s8, s8, a7
core   0: 3 0x8000247c (0x411c0c33) x24 0x80000001
core   0: 0x80002480 (0x02634733) div     a4, t1, t1
core   0: 3 0x80002480 (0x02634733) x14 0x00000001
core   0: 0x80002484 (0x00cc0eb3) add     t4, s8, a2
core   0: 3 0x80002484 (0x00cc0eb3) x29 0x3a739b2c
core   0: 0x80002488 (0x03d13133) mulhu   sp, sp, t4
core   0: 3 0x80002488 (0x03d13133) x 2 0x00000000
core   0: 0x8000248c (0xf5b96717) auipc   a4, 0xf5b96
core   0: 3 0x8000248c (0xf5b96717) x14 0x75b9848c
core   0: 0x80002490 (0x71bc0c93) addi    s9, s8, 1819
core   0: 3 0x80002490 (0x71bc0c93) x25 0x8000071c
core   0: 0x80002494 (0x039eacb3) mulhsu  s9, t4, s9
core   0: 3 0x80002494 (0x039eacb3) x25 0x1d39cf35
core   0: 0x80002498 (0x02d77cb3) remu    s9, a4, a3
core   0: 3 0x80002498 (0x02d77cb3) x25 0x75b9848c
core   0: 0x8000249c (0x8c8e8e13) addi    t3, t4, -1848
core   0: 3 0x8000249c (0x8c8e8e13) x28 0x3a7393f4
core   0: 0x800024a0 (0x02486e37) lui     t3, 0x2486
core   0: 3 0x800024a0 (0x02486e37) x28 0x02486000
core   0: 0x800024a4 (0x632b9c37) lui     s8, 0x632b9
core   0: 3 0x800024a4 (0x632b9c37) x24 0x632b9000
core   0: 0x800024a8 (0x019108b3) add     a7, sp, s9
core   0: 3 0x800024a8 (0x019108b3) x17 0x75b9848c
core   0: 0x800024ac (0x02ce6cb3) rem     s9, t3, a2
core   0: 3 0x800024ac (0x02ce6cb3) x25 0x02486000
core   0: 0x800024b0 (0x5073c897) auipc   a7, 0x5073c
core   0: 3 0x800024b0 (0x5073c897) x17 0xd073e4b0
core   0: 0x800024b4 (0x41968133) sub     sp, a3, s9
core   0: 3 0x800024b4 (0x41968133) x 2 0xfdb79fff
core   0: 0x800024b8 (0x03964133) div     sp, a2, s9
core   0: 3 0x800024b8 (0x03964133) x 2 0xffffffe2
core   0: 0x800024bc (0x03ce5333) divu    t1, t3, t3
core   0: 3 0x800024bc (0x03ce5333) x 6 0x00000001
core   0: 0x800024c0 (0x022778b3) remu    a7, a4, sp
core   0: 3 0x800024c0 (0x022778b3) x17 0x75b9848c
core   0: 0x800024c4 (0x00000001) c.nop
core   0: 3 0x800024c4 (0x0001)
core   0: 0x800024c6 (0x03c75133) divu    sp, a4, t3
core   0: 3 0x800024c6 (0x03c75133) x 2 0x00000033
core   0: 0x800024ca (0x16a18e37) lui     t3, 0x16a18
core   0: 3 0x800024ca (0x16a18e37) x28 0x16a18000
core   0: 0x800024ce (0xd9498e97) auipc   t4, 0xd9498
core   0: 3 0x800024ce (0xd9498e97) x29 0x5949a4ce
core   0: 0x800024d2 (0x039c2eb3) mulhsu  t4, s8, s9
core   0: 3 0x800024d2 (0x039c2eb3) x29 0x00e26090
core   0: 0x800024d6 (0x039c46b3) div     a3, s8, s9
core   0: 3 0x800024d6 (0x039c46b3) x13 0x0000002b
core   0: 0x800024da (0x02c356b3) divu    a3, t1, a2
core   0: 3 0x800024da (0x02c356b3) x13 0x00000000
core   0: 0x800024de (0x00000001) c.nop
core   0: 3 0x800024de (0x0001)
core   0: 0x800024e0 (0x01cb0633) add     a2, s6, t3
core   0: 3 0x800024e0 (0x01cb0633) x12 0x16a1800e
core   0: 0x800024e4 (0x00000001) c.nop
core   0: 3 0x800024e4 (0x0001)
core   0: 0x800024e6 (0x027da433) mulhsu  s0, s11, t2
core   0: 3 0x800024e6 (0x027da433) x 8 0x00000000
core   0: 0x800024ea (0x02d9fcb3) remu    s9, s3, a3
core   0: 3 0x800024ea (0x02d9fcb3) x25 0xfffffb57
core   0: 0x800024ee (0xdc4eed93) ori     s11, t4, -572
core   0: 3 0x800024ee (0xdc4eed93) x27 0xfffffdd4
core   0: 0x800024f2 (0x016d5e33) srl     t3, s10, s6
core   0: 3 0x800024f2 (0x016d5e33) x28 0x0000149a
core   0: 0x800024f6 (0x030ce933) rem     s2, s9, a6
core   0: 3 0x800024f6 (0x030ce933) x18 0xfffffb57
core   0: 0x800024fa (0x00eb39b3) sltu    s3, s6, a4
core   0: 3 0x800024fa (0x00eb39b3) x19 0x00000001
core   0: 0x800024fe (0x0f9cfe13) andi    t3, s9, 249
core   0: 3 0x800024fe (0x0f9cfe13) x28 0x00000051
core   0: 0x80002502 (0x40c85a33) sra     s4, a6, a2
core   0: 3 0x80002502 (0x40c85a33) x20 0xfffe0003
core   0: 0x80002506 (0x00008726) c.mv    a4, s1
core   0: 3 0x80002506 (0x8726) x14 0xe01edb95
core   0: 0x80002508 (0x02b1fcb3) remu    s9, gp, a1
core   0: 3 0x80002508 (0x02b1fcb3) x25 0x00000030
core   0: 0x8000250c (0x000011fd) c.addi  gp, -1
core   0: 3 0x8000250c (0x11fd) x 3 0xa6bbd42f
core   0: 0x8000250e (0x00008d99) c.sub   a1, a4
core   0: 3 0x8000250e (0x8d99) x11 0x1fe1266b
core   0: 0x80002510 (0xc6d4f993) andi    s3, s1, -915
core   0: 3 0x80002510 (0xc6d4f993) x19 0xe01ed805
core   0: 0x80002514 (0x0000022a) c.slli  tp, 10
core   0: 3 0x80002514 (0x022a) x 4 0xc0000000
core   0: 0x80002516 (0xbe566a93) ori     s5, a2, -1051
core   0: 3 0x80002516 (0xbe566a93) x21 0xfffffbef
core   0: 0x8000251a (0x00629733) sll     a4, t0, t1
core   0: 3 0x8000251a (0x00629733) x14 0x00000004
core   0: 0x8000251e (0x00008642) c.mv    a2, a6
core   0: 3 0x8000251e (0x8642) x12 0x8000fe64
core   0: 0x80002520 (0x0333ef33) rem     t5, t2, s3
core   0: 3 0x80002520 (0x0333ef33) x30 0xfffffffd
core   0: 0x80002524 (0x016fd9b3) srl     s3, t6, s6
core   0: 3 0x80002524 (0x016fd9b3) x19 0x00020003
core   0: 0x80002528 (0x013988b3) add     a7, s3, s3
core   0: 3 0x80002528 (0x013988b3) x17 0x00040006
core   0: 0x8000252c (0x00965093) srli    ra, a2, 9
core   0: 3 0x8000252c (0x00965093) x 1 0x0040007f
core   0: 0x80002530 (0x00000e9c) c.addi4spn a5, sp, 848
core   0: 3 0x80002530 (0x0e9c) x15 0x00000383
core   0: 0x80002532 (0x01a877b3) and     a5, a6, s10
core   0: 3 0x80002532 (0x01a877b3) x15 0x00008820
core   0: 0x80002536 (0x00001ffd) c.addi  t6, -1
core   0: 3 0x80002536 (0x1ffd) x31 0x8000fe2e
core   0: 0x80002538 (0x00000001) c.nop
core   0: 3 0x80002538 (0x0001)
core   0: 0x8000253a (0x00c54433) xor     s0, a0, a2
core   0: 3 0x8000253a (0x00c54433) x 8 0x8000fe68
core   0: 0x8000253e (0x0000617d) c.addi16sp sp, 496
core   0: 3 0x8000253e (0x617d) x 2 0x00000223
core   0: 0x80002540 (0x00008f41) c.or    a4, s0
core   0: 3 0x80002540 (0x8f41) x14 0x8000fe6c
core   0: 0x80002542 (0x0121d633) srl     a2, gp, s2
core   0: 3 0x80002542 (0x0121d633) x12 0x0000014d
core   0: 0x80002546 (0x41c78c33) sub     s8, a5, t3
core   0: 3 0x80002546 (0x41c78c33) x24 0x000087cf
core   0: 0x8000254a (0x00008d91) c.sub   a1, a2
core   0: 3 0x8000254a (0x8d91) x11 0x1fe1251e
core   0: 0x8000254c (0x30393293) sltiu   t0, s2, 771
core   0: 3 0x8000254c (0x30393293) x 5 0x00000000
core   0: 0x80002550 (0x7874e993) ori     s3, s1, 1927
core   0: 3 0x80002550 (0x7874e993) x19 0xe01edf97
core   0: 0x80002554 (0x02045f33) divu    t5, s0, zero
core   0: 3 0x80002554 (0x02045f33) x30 0xffffffff
core   0: 0x80002558 (0x00006171) c.addi16sp sp, 336
core   0: 3 0x80002558 (0x6171) x 2 0x00000373
core   0: 0x8000255a (0x002b5133) srl     sp, s6, sp
core   0: 3 0x8000255a (0x002b5133) x 2 0x00000000
core   0: 0x8000255e (0x038aaa33) mulhsu  s4, s5, s8
core   0: 3 0x8000255e (0x038aaa33) x20 0xffffffff
core   0: 0x80002562 (0x0000812d) c.srli  a0, 11
core   0: 3 0x80002562 (0x812d) x10 0x00000000
core   0: 0x80002564 (0x000064ad) c.lui   s1, 0xb
core   0: 3 0x80002564 (0x64ad) x 9 0x0000b000
core   0: 0x80002566 (0x00009e06) c.add   t3, ra
core   0: 3 0x80002566 (0x9e06) x28 0x004000d0
core   0: 0x80002568 (0x00008439) c.srai  s0, 14
core   0: 3 0x80002568 (0x8439) x 8 0xfffe0003
core   0: 0x8000256a (0xaabfc613) xori    a2, t6, -1365
core   0: 3 0x8000256a (0xaabfc613) x12 0x7fff0485
core   0: 0x8000256e (0x590589b7) lui     s3, 0x59058
core   0: 3 0x8000256e (0x590589b7) x19 0x59058000
core   0: 0x80002572 (0x027ba2b3) mulhsu  t0, s7, t2
core   0: 3 0x80002572 (0x027ba2b3) x 5 0x80013ce5
core   0: 0x80002576 (0x00001298) c.addi4spn a4, sp, 352
core   0: 3 0x80002576 (0x1298) x14 0x00000160
core   0: 0x80002578 (0x002f84b3) add     s1, t6, sp
core   0: 3 0x80002578 (0x002f84b3) x 9 0x8000fe2e
core   0: 0x8000257c (0x00008dc1) c.or    a1, s0
core   0: 3 0x8000257c (0x8dc1) x11 0xffff251f
core   0: 0x8000257e (0x018f6eb3) or      t4, t5, s8
core   0: 3 0x8000257e (0x018f6eb3) x29 0xffffffff
core   0: 0x80002582 (0x58bdcc13) xori    s8, s11, 1419
core   0: 3 0x80002582 (0x58bdcc13) x24 0xfffff85f
core   0: 0x80002586 (0x07fee913) ori     s2, t4, 127
core   0: 3 0x80002586 (0x07fee913) x18 0xffffffff
core   0: 0x8000258a (0x412853b3) sra     t2, a6, s2
core   0: 3 0x8000258a (0x412853b3) x 7 0xffffffff
core   0: 0x8000258e (0x03e4f933) remu    s2, s1, t5
core   0: 3 0x8000258e (0x03e4f933) x18 0x8000fe2e
core   0: 0x80002592 (0x025caf33) mulhsu  t5, s9, t0
core   0: 3 0x80002592 (0x025caf33) x30 0x00000018
core   0: 0x80002596 (0xe97168b7) lui     a7, 0xe9716
core   0: 3 0x80002596 (0xe97168b7) x17 0xe9716000
core   0: 0x8000259a (0xf71ead93) slti    s11, t4, -143
core   0: 3 0x8000259a (0xf71ead93) x27 0x00000000
core   0: 0x8000259e (0x00471e13) slli    t3, a4, 4
core   0: 3 0x8000259e (0x00471e13) x28 0x00001600
core   0: 0x800025a2 (0x412200b3) sub     ra, tp, s2
core   0: 3 0x800025a2 (0x412200b3) x 1 0x3fff01d2
core   0: 0x800025a6 (0x03d2d7b3) divu    a5, t0, t4
core   0: 3 0x800025a6 (0x03d2d7b3) x15 0x00000000
core   0: 0x800025aa (0x0310b233) mulhu   tp, ra, a7
core   0: 3 0x800025aa (0x0310b233) x 4 0x3a5b7037
core   0: 0x800025ae (0x000bc433) xor     s0, s7, zero
core   0: 3 0x800025ae (0x000bc433) x 8 0x80013ce4
core   0: 0x800025b2 (0x00000001) c.nop
core   0: 3 0x800025b2 (0x0001)
core   0: 0x800025b4 (0x028518b3) mulh    a7, a0, s0
core   0: 3 0x800025b4 (0x028518b3) x17 0x00000000
core   0: 0x800025b8 (0x005604b3) add     s1, a2, t0
core   0: 3 0x800025b8 (0x005604b3) x 9 0x0000416a
core   0: 0x800025bc (0x00008c31) c.xor   s0, a2
core   0: 3 0x800025bc (0x8c31) x 8 0xfffe3861
core   0: 0x800025be (0x00000afa) c.slli  s5, 30
core   0: 3 0x800025be (0x0afa) x21 0xc0000000
core   0: 0x800025c0 (0x01944f33) xor     t5, s0, s9
core   0: 3 0x800025c0 (0x01944f33) x30 0xfffe3851
core   0: 0x800025c4 (0x034970b3) remu    ra, s2, s4
core   0: 3 0x800025c4 (0x034970b3) x 1 0x8000fe2e
core   0: 0x800025c8 (0x417553b3) sra     t2, a0, s7
core   0: 3 0x800025c8 (0x417553b3) x 7 0x00000000
core   0: 0x800025cc (0x0092f4b3) and     s1, t0, s1
core   0: 3 0x800025cc (0x0092f4b3) x 9 0x00000060
core   0: 0x800025d0 (0x403b5e33) sra     t3, s6, gp
core   0: 3 0x800025d0 (0x403b5e33) x28 0x00000000
core   0: 0x800025d4 (0x009552b3) srl     t0, a0, s1
core   0: 3 0x800025d4 (0x009552b3) x 5 0x00000000
core   0: 0x800025d8 (0x70ec6d13) ori     s10, s8, 1806
core   0: 3 0x800025d8 (0x70ec6d13) x26 0xffffff5f
core   0: 0x800025dc (0x00009b7d) c.andi  a4, -1
core   0: 3 0x800025dc (0x9b7d) x14 0x00000160
core   0: 0x800025de (0x014cc6b3) xor     a3, s9, s4
core   0: 3 0x800025de (0x014cc6b3) x13 0xffffffcf
core   0: 0x800025e2 (0x01c1d493) srli    s1, gp, 28
core   0: 3 0x800025e2 (0x01c1d493) x 9 0x0000000a
core   0: 0x800025e6 (0x00000001) c.nop
core   0: 3 0x800025e6 (0x0001)
core   0: 0x800025e8 (0x8b558393) addi    t2, a1, -1867
core   0: 3 0x800025e8 (0x8b558393) x 7 0xffff1dd4
core   0: 0x800025ec (0x00008fd1) c.or    a5, a2
core   0: 3 0x800025ec (0x8fd1) x15 0x7fff0485
core   0: 0x800025ee (0x522ff693) andi    a3, t6, 1314
core   0: 3 0x800025ee (0x522ff693) x13 0x00000422
core   0: 0x800025f2 (0xdf4f4293) xori    t0, t5, -524
core   0: 3 0x800025f2 (0xdf4f4293) x 5 0x0001c5a5
core   0: 0x800025f6 (0x40e98db3) sub     s11, s3, a4
core   0: 3 0x800025f6 (0x40e98db3) x27 0x59057ea0
core   0: 0x800025fa (0x11e1ce97) auipc   t4, 0x11e1c
core   0: 3 0x800025fa (0x11e1ce97) x29 0x91e1e5fa
core   0: 0x800025fe (0x00006fe1) c.lui   t6, 0x18
core   0: 3 0x800025fe (0x6fe1) x31 0x00018000
core   0: 0x80002600 (0x4020d493) srai    s1, ra, 2
core   0: 3 0x80002600 (0x4020d493) x 9 0xe0003f8b
core   0: 0x80002604 (0x00000001) c.nop
core   0: 3 0x80002604 (0x0001)
core   0: 0x80002606 (0x03f4b233) mulhu   tp, s1, t6
core   0: 3 0x80002606 (0x03f4b233) x 4 0x00015000
core   0: 0x8000260a (0x41328c33) sub     s8, t0, s3
core   0: 3 0x8000260a (0x41328c33) x24 0xa6fc45a5
core   0: 0x8000260e (0x00c1a333) slt     t1, gp, a2
core   0: 3 0x8000260e (0x00c1a333) x 6 0x00000001
core   0: 0x80002612 (0x00009afd) c.andi  a3, -1
core   0: 3 0x80002612 (0x9afd) x13 0x00000422
core   0: 0x80002614 (0x9a86de97) auipc   t4, 0x9a86d
core   0: 3 0x80002614 (0x9a86de97) x29 0x1a86f614
core   0: 0x80002618 (0x03ab8733) mul     a4, s7, s10
core   0: 3 0x80002618 (0x03ab8733) x14 0x7f38b49c
core   0: 0x8000261c (0x035336b3) mulhu   a3, t1, s5
core   0: 3 0x8000261c (0x035336b3) x13 0x00000000
core   0: 0x80002620 (0x02caea33) rem     s4, s5, a2
core   0: 3 0x80002620 (0x02caea33) x20 0xc0000000
core   0: 0x80002624 (0x00000001) c.nop
core   0: 3 0x80002624 (0x0001)
core   0: 0x80002626 (0x0028e0b3) or      ra, a7, sp
core   0: 3 0x80002626 (0x0028e0b3) x 1 0x00000000
core   0: 0x8000262a (0x01817ab3) and     s5, sp, s8
core   0: 3 0x8000262a (0x01817ab3) x21 0x00000000
core   0: 0x8000262e (0x03418a33) mul     s4, gp, s4
core   0: 3 0x8000262e (0x03418a33) x20 0x40000000
core   0: 0x80002632 (0x011b99b3) sll     s3, s7, a7
core   0: 3 0x80002632 (0x011b99b3) x19 0x80013ce4
core   0: 0x80002636 (0x53697f13) andi    t5, s2, 1334
core   0: 3 0x80002636 (0x53697f13) x30 0x00000426
core   0: 0x8000263a (0x00008751) c.srai  a4, 20
core   0: 3 0x8000263a (0x8751) x14 0x000007f3
core   0: 0x8000263c (0x00659e13) slli    t3, a1, 6
core   0: 3 0x8000263c (0x00659e13) x28 0xffc947c0
core   0: 0x80002640 (0x01f6ec33) or      s8, a3, t6
core   0: 3 0x80002640 (0x01f6ec33) x24 0x00018000
core   0: 0x80002644 (0x0007f2b3) and     t0, a5, zero
core   0: 3 0x80002644 (0x0007f2b3) x 5 0x00000000
core   0: 0x80002648 (0x00006151) c.addi16sp sp, 272
core   0: 3 0x80002648 (0x6151) x 2 0x00000110
core   0: 0x8000264a (0x00008f55) c.or    a4, a3
core   0: 3 0x8000264a (0x8f55) x14 0x000007f3
core   0: 0x8000264c (0xb9f80293) addi    t0, a6, -1121
core   0: 3 0x8000264c (0xb9f80293) x 5 0x8000fa03
core   0: 0x80002650 (0x40bd55b3) sra     a1, s10, a1
core   0: 3 0x80002650 (0x40bd55b3) x11 0xffffffff
core   0: 0x80002654 (0x03b0aa33) mulhsu  s4, ra, s11
core   0: 3 0x80002654 (0x03b0aa33) x20 0x00000000
core   0: 0x80002658 (0x009f5533) srl     a0, t5, s1
core   0: 3 0x80002658 (0x009f5533) x10 0x00000000
core   0: 0x8000265c (0x03c5acb3) mulhsu  s9, a1, t3
core   0: 3 0x8000265c (0x03c5acb3) x25 0xffffffff
core   0: 0x80002660 (0x0000895e) c.mv    s2, s7
core   0: 3 0x80002660 (0x895e) x18 0x80013ce4
core   0: 0x80002662 (0x41cbdf93) srai    t6, s7, 28
core   0: 3 0x80002662 (0x41cbdf93) x31 0xfffffff8
core   0: 0x80002666 (0x01c1cc33) xor     s8, gp, t3
core   0: 3 0x80002666 (0x01c1cc33) x24 0x597293ef
core   0: 0x8000266a (0x00009cea) c.add   s9, s10
core   0: 3 0x8000266a (0x9cea) x25 0xffffff5e
core   0: 0x8000266c (0x00b0d0b3) srl     ra, ra, a1
core   0: 3 0x8000266c (0x00b0d0b3) x 1 0x00000000
core   0: 0x80002670 (0x011bff33) and     t5, s7, a7
core   0: 3 0x80002670 (0x011bff33) x30 0x00000000
core   0: 0x80002674 (0x02a954b3) divu    s1, s2, a0
core   0: 3 0x80002674 (0x02a954b3) x 9 0xffffffff
core   0: 0x80002678 (0xee1b5937) lui     s2, 0xee1b5
core   0: 3 0x80002678 (0xee1b5937) x18 0xee1b5000
core   0: 0x8000267c (0x03ebe6b3) rem     a3, s7, t5
core   0: 3 0x8000267c (0x03ebe6b3) x13 0x80013ce4
core   0: 0x80002680 (0x00009ff2) c.add   t6, t3
core   0: 3 0x80002680 (0x9ff2) x31 0xffc947b8
core   0: 0x80002682 (0x00008051) c.srli  s0, 20
core   0: 3 0x80002682 (0x8051) x 8 0x00000fff
core   0: 0x80002684 (0x005a5533) srl     a0, s4, t0
core   0: 3 0x80002684 (0x005a5533) x10 0x00000000
core   0: 0x80002688 (0x011ed7b3) srl     a5, t4, a7
core   0: 3 0x80002688 (0x011ed7b3) x15 0x1a86f614
core   0: 0x8000268c (0x013fcc33) xor     s8, t6, s3
core   0: 3 0x8000268c (0x013fcc33) x24 0x7fc87b5c
core   0: 0x80002690 (0x00000146) c.slli  sp, 17
core   0: 3 0x80002690 (0x0146) x 2 0x02200000
core   0: 0x80002692 (0x403b5c13) srai    s8, s6, 3
core   0: 3 0x80002692 (0x403b5c13) x24 0x00000001
core   0: 0x80002696 (0x00009a0a) c.add   s4, sp
core   0: 3 0x80002696 (0x9a0a) x20 0x02200000
core   0: 0x80002698 (0x03e20133) mul     sp, tp, t5
core   0: 3 0x80002698 (0x03e20133) x 2 0x00000000
core   0: 0x8000269c (0x00008e21) c.xor   a2, s0
core   0: 3 0x8000269c (0x8e21) x12 0x7fff0b7a
core   0: 0x8000269e (0xcf63ed93) ori     s11, t2, -778
core   0: 3 0x8000269e (0xcf63ed93) x27 0xfffffdf6
core   0: 0x800026a2 (0xf727f093) andi    ra, a5, -142
core   0: 3 0x800026a2 (0xf727f093) x 1 0x1a86f610
core   0: 0x800026a6 (0x03d45f33) divu    t5, s0, t4
core   0: 3 0x800026a6 (0x03d45f33) x30 0x00000000
core   0: 0x800026aa (0x02822433) mulhsu  s0, tp, s0
core   0: 3 0x800026aa (0x02822433) x 8 0x00000000
core   0: 0x800026ae (0x5c052e13) slti    t3, a0, 1472
core   0: 3 0x800026ae (0x5c052e13) x28 0x00000001
core   0: 0x800026b2 (0x01014c33) xor     s8, sp, a6
core   0: 3 0x800026b2 (0x01014c33) x24 0x8000fe64
core   0: 0x800026b6 (0x405ad313) srai    t1, s5, 5
core   0: 3 0x800026b6 (0x405ad313) x 6 0x00000000
core   0: 0x800026ba (0x00db23b3) slt     t2, s6, a3
core   0: 3 0x800026ba (0x00db23b3) x 7 0x00000000
core   0: 0x800026be (0x0019aeb3) slt     t4, s3, ra
core   0: 3 0x800026be (0x0019aeb3) x29 0x00000001
core   0: 0x800026c2 (0x95a36cb7) lui     s9, 0x95a36
core   0: 3 0x800026c2 (0x95a36cb7) x25 0x95a36000
core   0: 0x800026c6 (0x01ded633) srl     a2, t4, t4
core   0: 3 0x800026c6 (0x01ded633) x12 0x00000000
core   0: 0x800026ca (0x00008e45) c.or    a2, s1
core   0: 3 0x800026ca (0x8e45) x12 0xffffffff
core   0: 0x800026cc (0x00008ad6) c.mv    s5, s5
core   0: 3 0x800026cc (0x8ad6) x21 0x00000000
core   0: 0x800026ce (0x00009e4a) c.add   t3, s2
core   0: 3 0x800026ce (0x9e4a) x28 0xee1b5001
core   0: 0x800026d0 (0x0108d233) srl     tp, a7, a6
core   0: 3 0x800026d0 (0x0108d233) x 4 0x00000000
core   0: 0x800026d4 (0x0000030d) c.addi  t1, 3
core   0: 3 0x800026d4 (0x030d) x 6 0x00000003
core   0: 0x800026d6 (0x0238e5b3) rem     a1, a7, gp
core   0: 3 0x800026d6 (0x0238e5b3) x11 0x00000000
core   0: 0x800026da (0x00000001) c.nop
core   0: 3 0x800026da (0x0001)
core   0: 0x800026dc (0x01adafb3) slt     t6, s11, s10
core   0: 3 0x800026dc (0x01adafb3) x31 0x00000001
core   0: 0x800026e0 (0x00006179) c.addi16sp sp, 464
core   0: 3 0x800026e0 (0x6179) x 2 0x000001d0
core   0: 0x800026e2 (0x000066ad) c.lui   a3, 0xb
core   0: 3 0x800026e2 (0x66ad) x13 0x0000b000
core   0: 0x800026e4 (0x020f26b3) mulhsu  a3, t5, zero
core   0: 3 0x800026e4 (0x020f26b3) x13 0x00000000
core   0: 0x800026e8 (0x059c3113) sltiu   sp, s8, 89
core   0: 3 0x800026e8 (0x059c3113) x 2 0x00000000
core   0: 0x800026ec (0x00008c51) c.or    s0, a2
core   0: 3 0x800026ec (0x8c51) x 8 0xffffffff
core   0: 0x800026ee (0x000080d1) c.srli  s1, 20
core   0: 3 0x800026ee (0x80d1) x 9 0x00000fff
core   0: 0x800026f0 (0xcfbaa993) slti    s3, s5, -773
core   0: 3 0x800026f0 (0xcfbaa993) x19 0x00000000
core   0: 0x800026f4 (0x00000001) c.nop
core   0: 3 0x800026f4 (0x0001)
core   0: 0x800026f6 (0x83408393) addi    t2, ra, -1996
core   0: 3 0x800026f6 (0x83408393) x 7 0x1a86ee44
core   0: 0x800026fa (0x00008f35) c.xor   a4, a3
core   0: 3 0x800026fa (0x8f35) x14 0x000007f3
core   0: 0x800026fc (0x000000da) c.slli  ra, 22
core   0: 3 0x800026fc (0x00da) x 1 0x84000000
core   0: 0x800026fe (0x135b3193) sltiu   gp, s6, 309
core   0: 3 0x800026fe (0x135b3193) x 3 0x00000001
core   0: 0x80002702 (0x00000001) c.nop
core   0: 3 0x80002702 (0x0001)
core   0: 0x80002704 (0x00008ade) c.mv    s5, s7
core   0: 3 0x80002704 (0x8ade) x21 0x80013ce4
core   0: 0x80002706 (0x003d3eb3) sltu    t4, s10, gp
core   0: 3 0x80002706 (0x003d3eb3) x29 0x00000000
core   0: 0x8000270a (0x0000056d) c.addi  a0, 27
core   0: 3 0x8000270a (0x056d) x10 0x0000001b
core   0: 0x8000270c (0x00008f81) c.sub   a5, s0
core   0: 3 0x8000270c (0x8f81) x15 0x1a86f615
core   0: 0x8000270e (0x9b740f93) addi    t6, s0, -1609
core   0: 3 0x8000270e (0x9b740f93) x31 0xfffff9b6
core   0: 0x80002712 (0x00000001) c.nop
core   0: 3 0x80002712 (0x0001)
core   0: 0x80002714 (0x02037a33) remu    s4, t1, zero
core   0: 3 0x80002714 (0x02037a33) x20 0x00000003
core   0: 0x80002718 (0x000b0f33) add     t5, s6, zero
core   0: 3 0x80002718 (0x000b0f33) x30 0x0000000e
core   0: 0x8000271c (0x00008c51) c.or    s0, a2
core   0: 3 0x8000271c (0x8c51) x 8 0xffffffff
core   0: 0x8000271e (0x00008d05) c.sub   a0, s1
core   0: 3 0x8000271e (0x8d05) x10 0xfffff01c
core   0: 0x80002720 (0x00000001) c.nop
core   0: 3 0x80002720 (0x0001)
core   0: 0x80002722 (0x41cc5fb3) sra     t6, s8, t3
core   0: 3 0x80002722 (0x41cc5fb3) x31 0xc0007f32
core   0: 0x80002726 (0x00008c59) c.or    s0, a4
core   0: 3 0x80002726 (0x8c59) x 8 0xffffffff
core   0: 0x80002728 (0x01fbf333) and     t1, s7, t6
core   0: 3 0x80002728 (0x01fbf333) x 6 0x80003c20
core   0: 0x8000272c (0x00008311) c.srli  a4, 4
core   0: 3 0x8000272c (0x8311) x14 0x0000007f
core   0: 0x8000272e (0xd29ba993) slti    s3, s7, -727
core   0: 3 0x8000272e (0xd29ba993) x19 0x00000001
core   0: 0x80002732 (0x00009516) c.add   a0, t0
core   0: 3 0x80002732 (0x9516) x10 0x8000ea1f
core   0: 0x80002734 (0x418edf13) srai    t5, t4, 24
core   0: 3 0x80002734 (0x418edf13) x30 0x00000000
core   0: 0x80002738 (0xb98f3e93) sltiu   t4, t5, -1128
core   0: 3 0x80002738 (0xb98f3e93) x29 0x00000001
core   0: 0x8000273c (0x84457613) andi    a2, a0, -1980
core   0: 3 0x8000273c (0x84457613) x12 0x8000e804
core   0: 0x80002740 (0x0256f633) remu    a2, a3, t0
core   0: 3 0x80002740 (0x0256f633) x12 0x00000000
core   0: 0x80002744 (0x00000001) c.nop
core   0: 3 0x80002744 (0x0001)
core   0: 0x80002746 (0x70a31017) auipc   zero, 0x70a31
core   0: 3 0x80002746 (0x70a31017)
core   0: 0x8000274a (0x5b081317) auipc   t1, 0x5b081
core   0: 3 0x8000274a (0x5b081317) x 6 0xdb08374a
core   0: 0x8000274e (0x00009dfa) c.add   s11, t5
core   0: 3 0x8000274e (0x9dfa) x27 0xfffffdf6
core   0: 0x80002750 (0xfa837393) andi    t2, t1, -88
core   0: 3 0x80002750 (0xfa837393) x 7 0xdb083708
core   0: 0x80002754 (0xe7c56293) ori     t0, a0, -388
core   0: 3 0x80002754 (0xe7c56293) x 5 0xfffffe7f
core   0: 0x80002758 (0x0000997d) c.andi  a0, -1
core   0: 3 0x80002758 (0x997d) x10 0x8000ea1f
core   0: 0x8000275a (0x0285b533) mulhu   a0, a1, s0
core   0: 3 0x8000275a (0x0285b533) x10 0x00000000
core   0: 0x8000275e (0x00000251) c.addi  tp, 20
core   0: 3 0x8000275e (0x0251) x 4 0x00000014
core   0: 0x80002760 (0xd37db137) lui     sp, 0xd37db
core   0: 3 0x80002760 (0xd37db137) x 2 0xd37db000
core   0: 0x80002764 (0x40408a33) sub     s4, ra, tp
core   0: 3 0x80002764 (0x40408a33) x20 0x83ffffec
core   0: 0x80002768 (0x00000794) c.addi4spn a3, sp, 960
core   0: 3 0x80002768 (0x0794) x13 0xd37db3c0
core   0: 0x8000276a (0x00cd1533) sll     a0, s10, a2
core   0: 3 0x8000276a (0x00cd1533) x10 0xffffff5f
core   0: 0x8000276e (0x41930e33) sub     t3, t1, s9
core   0: 3 0x8000276e (0x41930e33) x28 0x4564d74a
core   0: 0x80002772 (0x00009db6) c.add   s11, a3
core   0: 3 0x80002772 (0x9db6) x27 0xd37db1b6
core   0: 0x80002774 (0x032d2eb3) mulhsu  t4, s10, s2
core   0: 3 0x80002774 (0x032d2eb3) x29 0xffffff6a
core   0: 0x80002778 (0x405753b3) sra     t2, a4, t0
core   0: 3 0x80002778 (0x405753b3) x 7 0x00000000
core   0: 0x8000277c (0x0181cab3) xor     s5, gp, s8
core   0: 3 0x8000277c (0x0181cab3) x21 0x8000fe65
core   0: 0x80002780 (0x037bb7b3) mulhu   a5, s7, s7
core   0: 3 0x80002780 (0x037bb7b3) x15 0x40013ce5
core   0: 0x80002784 (0x414a5933) sra     s2, s4, s4
core   0: 3 0x80002784 (0x414a5933) x18 0xfff83fff
core   0: 0x80002788 (0x00000001) c.nop
core   0: 3 0x80002788 (0x0001)
core   0: 0x8000278a (0x8e310613) addi    a2, sp, -1821
core   0: 3 0x8000278a (0x8e310613) x12 0xd37da8e3
core   0: 0x8000278e (0x410cd7b3) sra     a5, s9, a6
core   0: 3 0x8000278e (0x410cd7b3) x15 0xf95a3600
core   0: 0x80002792 (0xbbcc7d93) andi    s11, s8, -1092
core   0: 3 0x80002792 (0xbbcc7d93) x27 0x8000fa24
core   0: 0x80002796 (0x0169af33) slt     t5, s3, s6
core   0: 3 0x80002796 (0x0169af33) x30 0x00000001
core   0: 0x8000279a (0x00000451) c.addi  s0, 20
core   0: 3 0x8000279a (0x0451) x 8 0x00000013
core   0: 0x8000279c (0x01bb84b3) add     s1, s7, s11
core   0: 3 0x8000279c (0x01bb84b3) x 9 0x00023708
core   0: 0x800027a0 (0x00ae9893) slli    a7, t4, 10
core   0: 3 0x800027a0 (0x00ae9893) x17 0xfffda800
core   0: 0x800027a4 (0x01be0ab3) add     s5, t3, s11
core   0: 3 0x800027a4 (0x01be0ab3) x21 0xc565d16e
core   0: 0x800027a8 (0x0000090c) c.addi4spn a1, sp, 144
core   0: 3 0x800027a8 (0x090c) x11 0xd37db090
core   0: 0x800027aa (0x40550cb3) sub     s9, a0, t0
core   0: 3 0x800027aa (0x40550cb3) x25 0x000000e0
core   0: 0x800027ae (0xf61bc013) xori    zero, s7, -159
core   0: 3 0x800027ae (0xf61bc013)
core   0: 0x800027b2 (0x00008d25) c.xor   a0, s1
core   0: 3 0x800027b2 (0x8d25) x10 0xfffdc857
core   0: 0x800027b4 (0x0271a733) mulhsu  a4, gp, t2
core   0: 3 0x800027b4 (0x0271a733) x14 0x00000000
core   0: 0x800027b8 (0x005274b3) and     s1, tp, t0
core   0: 3 0x800027b8 (0x005274b3) x 9 0x00000014
core   0: 0x800027bc (0x000081c1) c.srli  a1, 16
core   0: 3 0x800027bc (0x81c1) x11 0x0000d37d
core   0: 0x800027be (0x40645a93) srai    s5, s0, 6
core   0: 3 0x800027be (0x40645a93) x21 0x00000000
core   0: 0x800027c2 (0x40be0633) sub     a2, t3, a1
core   0: 3 0x800027c2 (0x40be0633) x12 0x456403cd
core   0: 0x800027c6 (0x00008a79) c.andi  a2, 30
core   0: 3 0x800027c6 (0x8a79) x12 0x0000000c
core   0: 0x800027c8 (0x00008eb9) c.xor   a3, a4
core   0: 3 0x800027c8 (0x8eb9) x13 0xd37db3c0
core   0: 0x800027ca (0x00a0c933) xor     s2, ra, a0
core   0: 3 0x800027ca (0x00a0c933) x18 0x7bfdc857
core   0: 0x800027ce (0x00b663b3) or      t2, a2, a1
core   0: 3 0x800027ce (0x00b663b3) x 7 0x0000d37d
core   0: 0x800027d2 (0x036e4eb3) div     t4, t3, s6
core   0: 3 0x800027d2 (0x036e4eb3) x29 0x04f4eace
core   0: 0x800027d6 (0x00009c22) c.add   s8, s0
core   0: 3 0x800027d6 (0x9c22) x24 0x8000fe77
core   0: 0x800027d8 (0xe4097e13) andi    t3, s2, -448
core   0: 3 0x800027d8 (0xe4097e13) x28 0x7bfdc840
core   0: 0x800027dc (0x00008cc5) c.or    s1, s1
core   0: 3 0x800027dc (0x8cc5) x 9 0x00000014
core   0: 0x800027de (0x000080ee) c.mv    ra, s11
core   0: 3 0x800027de (0x80ee) x 1 0x8000fa24
core   0: 0x800027e0 (0x00008fc1) c.or    a5, s0
core   0: 3 0x800027e0 (0x8fc1) x15 0xf95a3613
core   0: 0x800027e2 (0x00330d33) add     s10, t1, gp
core   0: 3 0x800027e2 (0x00330d33) x26 0xdb08374b
core   0: 0x800027e6 (0x0356b4b3) mulhu   s1, a3, s5
core   0: 3 0x800027e6 (0x0356b4b3) x 9 0x00000000
core   0: 0x800027ea (0x00005dfd) c.li    s11, -1
core   0: 3 0x800027ea (0x5dfd) x27 0xffffffff
core   0: 0x800027ec (0x0079a1b3) slt     gp, s3, t2
core   0: 3 0x800027ec (0x0079a1b3) x 3 0x00000001
core   0: 0x800027f0 (0x00008d21) c.xor   a0, s0
core   0: 3 0x800027f0 (0x8d21) x10 0xfffdc844
core   0: 0x800027f2 (0x1202bc13) sltiu   s8, t0, 288
core   0: 3 0x800027f2 (0x1202bc13) x24 0x00000000
core   0: 0x800027f6 (0x00008de9) c.and   a1, a0
core   0: 3 0x800027f6 (0x8de9) x11 0x0000c044
core   0: 0x800027f8 (0x02772633) mulhsu  a2, a4, t2
core   0: 3 0x800027f8 (0x02772633) x12 0x00000000
core   0: 0x800027fc (0x0000997d) c.andi  a0, -1
core   0: 3 0x800027fc (0x997d) x10 0xfffdc844
core   0: 0x800027fe (0x00009946) c.add   s2, a7
core   0: 3 0x800027fe (0x9946) x18 0x7bfb7057
core   0: 0x80002800 (0x00008cc5) c.or    s1, s1
core   0: 3 0x80002800 (0x8cc5) x 9 0x00000000
core   0: 0x80002802 (0x00008fe5) c.and   a5, s1
core   0: 3 0x80002802 (0x8fe5) x15 0x00000000
core   0: 0x80002804 (0x5a6a3893) sltiu   a7, s4, 1446
core   0: 3 0x80002804 (0x5a6a3893) x17 0x00000000
core   0: 0x80002808 (0x00000001) c.nop
core   0: 3 0x80002808 (0x0001)
core   0: 0x8000280a (0x00009ff6) c.add   t6, t4
core   0: 3 0x8000280a (0x9ff6) x31 0xc4f56a00
core   0: 0x8000280c (0x00195713) srli    a4, s2, 1
core   0: 3 0x8000280c (0x00195713) x14 0x3dfdb82b
core   0: 0x80002810 (0x4129d193) srai    gp, s3, 18
core   0: 3 0x80002810 (0x4129d193) x 3 0x00000000
core   0: 0x80002814 (0xe710b413) sltiu   s0, ra, -399
core   0: 3 0x80002814 (0xe710b413) x 8 0x00000001
core   0: 0x80002818 (0x0129cfb3) xor     t6, s3, s2
core   0: 3 0x80002818 (0x0129cfb3) x31 0x7bfb7056
core   0: 0x8000281c (0xfff00613) li      a2, -1
core   0: 3 0x8000281c (0xfff00613) x12 0xffffffff
core   0: 0x80002820 (0x800008b7) lui     a7, 0x80000
core   0: 3 0x80002820 (0x800008b7) x17 0x80000000
core   0: 0x80002824 (0x800000b7) lui     ra, 0x80000
core   0: 3 0x80002824 (0x800000b7) x 1 0x80000000
core   0: 0x80002828 (0xfff00293) li      t0, -1
core   0: 3 0x80002828 (0xfff00293) x 5 0xffffffff
core   0: 0x8000282c (0x80000c37) lui     s8, 0x80000
core   0: 3 0x8000282c (0x80000c37) x24 0x80000000
core   0: 0x80002830 (0x80000737) lui     a4, 0x80000
core   0: 3 0x80002830 (0x80000737) x14 0x80000000
core   0: 0x80002834 (0xa89d03b7) lui     t2, 0xa89d0
core   0: 3 0x80002834 (0xa89d03b7) x 7 0xa89d0000
core   0: 0x80002838 (0xf0138393) addi    t2, t2, -255
core   0: 3 0x80002838 (0xf0138393) x 7 0xa89cff01
core   0: 0x8000283c (0xfff00193) li      gp, -1
core   0: 3 0x8000283c (0xfff00193) x 3 0xffffffff
core   0: 0x80002840 (0xfff00513) li      a0, -1
core   0: 3 0x80002840 (0xfff00513) x10 0xffffffff
core   0: 0x80002844 (0x00004101) c.li    sp, 0
core   0: 3 0x80002844 (0x4101) x 2 0x00000000
core   0: 0x80002846 (0x03154c33) div     s8, a0, a7
core   0: 3 0x80002846 (0x03154c33) x24 0x00000000
core   0: 0x8000284a (0x000093b2) c.add   t2, a2
core   0: 3 0x8000284a (0x93b2) x 7 0xa89cff00
core   0: 0x8000284c (0x03863c33) mulhu   s8, a2, s8
core   0: 3 0x8000284c (0x03863c33) x24 0x00000000
core   0: 0x80002850 (0x02e8fc33) remu    s8, a7, a4
core   0: 3 0x80002850 (0x02e8fc33) x24 0x00000000
core   0: 0x80002854 (0x031c0733) mul     a4, s8, a7
core   0: 3 0x80002854 (0x031c0733) x14 0x00000000
core   0: 0x80002858 (0x02a558b3) divu    a7, a0, a0
core   0: 3 0x80002858 (0x02a558b3) x17 0x00000001
core   0: 0x8000285c (0x02272633) mulhsu  a2, a4, sp
core   0: 3 0x8000285c (0x02272633) x12 0x00000000
core   0: 0x80002860 (0x0318e1b3) rem     gp, a7, a7
core   0: 3 0x80002860 (0x0318e1b3) x 3 0x00000000
core   0: 0x80002864 (0x02a1e633) rem     a2, gp, a0
core   0: 3 0x80002864 (0x02a1e633) x12 0x00000000
core   0: 0x80002868 (0x0382bc33) mulhu   s8, t0, s8
core   0: 3 0x80002868 (0x0382bc33) x24 0x00000000
core   0: 0x8000286c (0x0251a633) mulhsu  a2, gp, t0
core   0: 3 0x8000286c (0x0251a633) x12 0x00000000
core   0: 0x80002870 (0x9c4f01b7) lui     gp, 0x9c4f0
core   0: 3 0x80002870 (0x9c4f01b7) x 3 0x9c4f0000
core   0: 0x80002874 (0x0232c733) div     a4, t0, gp
core   0: 3 0x80002874 (0x0232c733) x14 0x00000000
core   0: 0x80002878 (0x02710c33) mul     s8, sp, t2
core   0: 3 0x80002878 (0x02710c33) x24 0x00000000
core   0: 0x8000287c (0x0210ac33) mulhsu  s8, ra, ra
core   0: 3 0x8000287c (0x0210ac33) x24 0xc0000000
core   0: 0x80002880 (0xf17fd197) auipc   gp, 0xf17fd
core   0: 3 0x80002880 (0xf17fd197) x 3 0x717ff880
core   0: 0x80002884 (0x0220c133) div     sp, ra, sp
core   0: 3 0x80002884 (0x0220c133) x 2 0xffffffff
core   0: 0x80002888 (0x027c0733) mul     a4, s8, t2
core   0: 3 0x80002888 (0x027c0733) x14 0x00000000
core   0: 0x8000288c (0x87a41037) lui     zero, 0x87a41
core   0: 3 0x8000288c (0x87a41037)
core   0: 0x80002890 (0x0100a933) slt     s2, ra, a6
core   0: 3 0x80002890 (0x0100a933) x18 0x00000001
core   0: 0x80002894 (0x00005afd) c.li    s5, -1
core   0: 3 0x80002894 (0x5afd) x21 0xffffffff
core   0: 0x80002896 (0x05da2c13) slti    s8, s4, 93
core   0: 3 0x80002896 (0x05da2c13) x24 0x00000001
core   0: 0x8000289a (0x01db47b3) xor     a5, s6, t4
core   0: 3 0x8000289a (0x01db47b3) x15 0x04f4eac0
core   0: 0x8000289e (0xce18f793) andi    a5, a7, -799
core   0: 3 0x8000289e (0xce18f793) x15 0x00000001
core   0: 0x800028a2 (0x03a58a33) mul     s4, a1, s10
core   0: 3 0x800028a2 (0x03a58a33) x20 0x57a6efec
core   0: 0x800028a6 (0xa2e553b7) lui     t2, 0xa2e55
core   0: 3 0x800028a6 (0xa2e553b7) x 7 0xa2e55000
core   0: 0x800028aa (0x403cd013) srai    zero, s9, 3
core   0: 3 0x800028aa (0x403cd013)
core   0: 0x800028ae (0x008d72b3) and     t0, s10, s0
core   0: 3 0x800028ae (0x008d72b3) x 5 0x00000001
core   0: 0x800028b2 (0x778fe413) ori     s0, t6, 1912
core   0: 3 0x800028b2 (0x778fe413) x 8 0x7bfb777e
core   0: 0x800028b6 (0x007d2a33) slt     s4, s10, t2
core   0: 3 0x800028b6 (0x007d2a33) x20 0x00000000
core   0: 0x800028ba (0x000000a6) c.slli  ra, 9
core   0: 3 0x800028ba (0x00a6) x 1 0x00000000
core   0: 0x800028bc (0x00000162) c.slli  sp, 24
core   0: 3 0x800028bc (0x0162) x 2 0xff000000
core   0: 0x800028be (0x030e9a33) mulh    s4, t4, a6
core   0: 3 0x800028be (0x030e9a33) x20 0xfd858f85
core   0: 0x800028c2 (0x00000001) c.nop
core   0: 3 0x800028c2 (0x0001)
core   0: 0x800028c4 (0x1d57a113) slti    sp, a5, 469
core   0: 3 0x800028c4 (0x1d57a113) x 2 0x00000001
core   0: 0x800028c8 (0x0224ccb3) div     s9, s1, sp
core   0: 3 0x800028c8 (0x0224ccb3) x25 0x00000000
core   0: 0x800028cc (0xbc7d8d93) addi    s11, s11, -1081
core   0: 3 0x800028cc (0xbc7d8d93) x27 0xfffffbc6
core   0: 0x800028d0 (0xd0e43797) auipc   a5, 0xd0e43
core   0: 3 0x800028d0 (0xd0e43797) x15 0x50e458d0
core   0: 0x800028d4 (0x00a106b3) add     a3, sp, a0
core   0: 3 0x800028d4 (0x00a106b3) x13 0x00000000
core   0: 0x800028d8 (0x01b7bfb3) sltu    t6, a5, s11
core   0: 3 0x800028d8 (0x01b7bfb3) x31 0x00000001
core   0: 0x800028dc (0x01c45493) srli    s1, s0, 28
core   0: 3 0x800028dc (0x01c45493) x 9 0x00000007
core   0: 0x800028e0 (0x0025d033) srl     zero, a1, sp
core   0: 3 0x800028e0 (0x0025d033)
core   0: 0x800028e4 (0x02dcd433) divu    s0, s9, a3
core   0: 3 0x800028e4 (0x02dcd433) x 8 0xffffffff
core   0: 0x800028e8 (0x86de3537) lui     a0, 0x86de3
core   0: 3 0x800028e8 (0x86de3537) x10 0x86de3000
core   0: 0x800028ec (0x00008da1) c.xor   a1, s0
core   0: 3 0x800028ec (0x8da1) x11 0xffff3fbb
core   0: 0x800028ee (0x00009f6a) c.add   t5, s10
core   0: 3 0x800028ee (0x9f6a) x30 0xdb08374c
core   0: 0x800028f0 (0x00008191) c.srli  a1, 4
core   0: 3 0x800028f0 (0x8191) x11 0x0ffff3fb
core   0: 0x800028f2 (0xde8016b7) lui     a3, 0xde801
core   0: 3 0x800028f2 (0xde8016b7) x13 0xde801000
core   0: 0x800028f6 (0x00008fdd) c.or    a5, a5
core   0: 3 0x800028f6 (0x8fdd) x15 0x50e458d0
core   0: 0x800028f8 (0xc1304013) xori    zero, zero, -1005
core   0: 3 0x800028f8 (0xc1304013)
core   0: 0x800028fc (0x00000001) c.nop
core   0: 3 0x800028fc (0x0001)
core   0: 0x800028fe (0x6c0ff717) auipc   a4, 0x6c0ff
core   0: 3 0x800028fe (0x6c0ff717) x14 0xec1018fe
core   0: 0x80002902 (0x00001514) c.addi4spn a3, sp, 672
core   0: 3 0x80002902 (0x1514) x13 0x000002a1
core   0: 0x80002904 (0x034b6c33) rem     s8, s6, s4
core   0: 3 0x80002904 (0x034b6c33) x24 0x0000000e
core   0: 0x80002908 (0x01dd92b3) sll     t0, s11, t4
core   0: 3 0x80002908 (0x01dd92b3) x 5 0xfef18000
core   0: 0x8000290c (0x06e80a93) addi    s5, a6, 110
core   0: 3 0x8000290c (0x06e80a93) x21 0x8000fed2
core   0: 0x80002910 (0x00006921) c.lui   s2, 0x8
core   0: 3 0x80002910 (0x6921) x18 0x00008000
core   0: 0x80002912 (0x66fec517) auipc   a0, 0x66fec
core   0: 3 0x80002912 (0x66fec517) x10 0xe6fee912
core   0: 0x80002916 (0x02f93733) mulhu   a4, s2, a5
core   0: 3 0x80002916 (0x02f93733) x14 0x00002872
core   0: 0x8000291a (0xecc0e7b7) lui     a5, 0xecc0e
core   0: 3 0x8000291a (0xecc0e7b7) x15 0xecc0e000
core   0: 0x8000291e (0x0000717d) c.addi16sp sp, -16
core   0: 3 0x8000291e (0x717d) x 2 0xfffffff1
core   0: 0x80002920 (0x25140c17) auipc   s8, 0x25140
core   0: 3 0x80002920 (0x25140c17) x24 0xa5142920
core   0: 0x80002924 (0xce43c793) xori    a5, t2, -796
core   0: 3 0x80002924 (0xce43c793) x15 0x5d1aace4
core   0: 0x80002928 (0x00008e01) c.sub   a2, s0
core   0: 3 0x80002928 (0x8e01) x12 0x00000001
core   0: 0x8000292a (0x00000d92) c.slli  s11, 4
core   0: 3 0x8000292a (0x0d92) x27 0xffffbc60
core   0: 0x8000292c (0x0040e2b3) or      t0, ra, tp
core   0: 3 0x8000292c (0x0040e2b3) x 5 0x00000014
core   0: 0x80002930 (0x00008c09) c.sub   s0, a0
core   0: 3 0x80002930 (0x8c09) x 8 0x190116ed
core   0: 0x80002932 (0x01fbc733) xor     a4, s7, t6
core   0: 3 0x80002932 (0x01fbc733) x14 0x80013ce5
core   0: 0x80002936 (0x0129cf33) xor     t5, s3, s2
core   0: 3 0x80002936 (0x0129cf33) x30 0x00008001
core   0: 0x8000293a (0x00006941) c.lui   s2, 0x10
core   0: 3 0x8000293a (0x6941) x18 0x00010000
core   0: 0x8000293c (0x022611b3) mulh    gp, a2, sp
core   0: 3 0x8000293c (0x022611b3) x 3 0xffffffff
core   0: 0x80002940 (0x00008a25) c.andi  a2, 9
core   0: 3 0x80002940 (0x8a25) x12 0x00000001
core   0: 0x80002942 (0x005619b3) sll     s3, a2, t0
core   0: 3 0x80002942 (0x005619b3) x19 0x00100000
core   0: 0x80002946 (0x0000879d) c.srai  a5, 7
core   0: 3 0x80002946 (0x879d) x15 0x00ba3559
core   0: 0x80002948 (0x030820b3) mulhsu  ra, a6, a6
core   0: 3 0x80002948 (0x030820b3) x 1 0xc0000000
core   0: 0x8000294c (0x029b0633) mul     a2, s6, s1
core   0: 3 0x8000294c (0x029b0633) x12 0x00000062
core   0: 0x80002950 (0x00008a9a) c.mv    s5, t1
core   0: 3 0x80002950 (0x8a9a) x21 0xdb08374a
core   0: 0x80002952 (0x004b0033) add     zero, s6, tp
core   0: 3 0x80002952 (0x004b0033)
core   0: 0x80002956 (0x00008a62) c.mv    s4, s8
core   0: 3 0x80002956 (0x8a62) x20 0xa5142920
core   0: 0x80002958 (0x01af1933) sll     s2, t5, s10
core   0: 3 0x80002958 (0x01af1933) x18 0x04000800
core   0: 0x8000295c (0x01dff4b3) and     s1, t6, t4
core   0: 3 0x8000295c (0x01dff4b3) x 9 0x00000000
core   0: 0x80002960 (0x4155ca93) xori    s5, a1, 1045
core   0: 3 0x80002960 (0x4155ca93) x21 0x0ffff7ee
core   0: 0x80002964 (0x00000e0d) c.addi  t3, 3
core   0: 3 0x80002964 (0x0e0d) x28 0x7bfdc843
core   0: 0x80002966 (0x4146d3b3) sra     t2, a3, s4
core   0: 3 0x80002966 (0x4146d3b3) x 7 0x000002a1
core   0: 0x8000296a (0x63e02e13) slti    t3, zero, 1598
core   0: 3 0x8000296a (0x63e02e13) x28 0x00000001
core   0: 0x8000296e (0x0000614d) c.addi16sp sp, 176
core   0: 3 0x8000296e (0x614d) x 2 0x000000a1
core   0: 0x80002970 (0x477ac897) auipc   a7, 0x477ac
core   0: 3 0x80002970 (0x477ac897) x17 0xc77ae970
core   0: 0x80002974 (0x00008c51) c.or    s0, a2
core   0: 3 0x80002974 (0x8c51) x 8 0x190116ef
core   0: 0x80002976 (0x00000001) c.nop
core   0: 3 0x80002976 (0x0001)
core   0: 0x80002978 (0x01d91a13) slli    s4, s2, 29
core   0: 3 0x80002978 (0x01d91a13) x20 0x00000000
core   0: 0x8000297c (0x01a03733) snez    a4, s10
core   0: 3 0x8000297c (0x01a03733) x14 0x00000001
core   0: 0x80002980 (0x0148beb3) sltu    t4, a7, s4
core   0: 3 0x80002980 (0x0148beb3) x29 0x00000000
core   0: 0x80002984 (0x02707e33) remu    t3, zero, t2
core   0: 3 0x80002984 (0x02707e33) x28 0x00000000
core   0: 0x80002988 (0x00000001) c.nop
core   0: 3 0x80002988 (0x0001)
core   0: 0x8000298a (0x3e01fa93) andi    s5, gp, 992
core   0: 3 0x8000298a (0x3e01fa93) x21 0x000003e0
core   0: 0x8000298e (0x35757e13) andi    t3, a0, 855
core   0: 3 0x8000298e (0x35757e13) x28 0x00000112
core   0: 0x80002992 (0x0170aa33) slt     s4, ra, s7
core   0: 3 0x80002992 (0x0170aa33) x20 0x00000000
core   0: 0x80002996 (0x0000717d) c.addi16sp sp, -16
core   0: 3 0x80002996 (0x717d) x 2 0x00000091
core   0: 0x80002998 (0x00008ff5) c.and   a5, a3
core   0: 3 0x80002998 (0x8ff5) x15 0x00000001
core   0: 0x8000299a (0x00000001) c.nop
core   0: 3 0x8000299a (0x0001)
core   0: 0x8000299c (0x6e7bb913) sltiu   s2, s7, 1767
core   0: 3 0x8000299c (0x6e7bb913) x18 0x00000000
core   0: 0x800029a0 (0x7adbee97) auipc   t4, 0x7adbe
core   0: 3 0x800029a0 (0x7adbee97) x29 0xfadc09a0
core   0: 0x800029a4 (0x0059a5b3) slt     a1, s3, t0
core   0: 3 0x800029a4 (0x0059a5b3) x11 0x00000000
core   0: 0x800029a8 (0x00000001) c.nop
core   0: 3 0x800029a8 (0x0001)
core   0: 0x800029aa (0x02f42433) mulhsu  s0, s0, a5
core   0: 3 0x800029aa (0x02f42433) x 8 0x00000000
core   0: 0x800029ae (0x02a81c33) mulh    s8, a6, a0
core   0: 3 0x800029ae (0x02a81c33) x24 0x0c80729e
core   0: 0x800029b2 (0x40e6d1b3) sra     gp, a3, a4
core   0: 3 0x800029b2 (0x40e6d1b3) x 3 0x00000150
core   0: 0x800029b6 (0x0000920e) c.add   tp, gp
core   0: 3 0x800029b6 (0x920e) x 4 0x00000164
core   0: 0x800029b8 (0x00b4a333) slt     t1, s1, a1
core   0: 3 0x800029b8 (0x00b4a333) x 6 0x00000000
core   0: 0x800029bc (0xf53d4013) xori    zero, s10, -173
core   0: 3 0x800029bc (0xf53d4013)
core   0: 0x800029c0 (0x00acdd13) srli    s10, s9, 10
core   0: 3 0x800029c0 (0x00acdd13) x26 0x00000000
core   0: 0x800029c4 (0x00000001) c.nop
core   0: 3 0x800029c4 (0x0001)
core   0: 0x800029c6 (0x00008bb1) c.andi  a5, 12
core   0: 3 0x800029c6 (0x8bb1) x15 0x00000000
core   0: 0x800029c8 (0x03d82333) mulhsu  t1, a6, t4
core   0: 3 0x800029c8 (0x03d82333) x 6 0x8292f478
core   0: 0x800029cc (0xceab3613) sltiu   a2, s6, -790
core   0: 3 0x800029cc (0xceab3613) x12 0x00000001
core   0: 0x800029d0 (0x00008546) c.mv    a0, a7
core   0: 3 0x800029d0 (0x8546) x10 0xc77ae970
core   0: 0x800029d2 (0x029aaf33) mulhsu  t5, s5, s1
core   0: 3 0x800029d2 (0x029aaf33) x30 0x00000000
core   0: 0x800029d6 (0x000a9433) sll     s0, s5, zero
core   0: 3 0x800029d6 (0x000a9433) x 8 0x000003e0
core   0: 0x800029da (0x0110b9b3) sltu    s3, ra, a7
core   0: 3 0x800029da (0x0110b9b3) x19 0x00000001
core   0: 0x800029de (0x005250b3) srl     ra, tp, t0
core   0: 3 0x800029de (0x005250b3) x 1 0x00000000
core   0: 0x800029e2 (0x00000001) c.nop
core   0: 3 0x800029e2 (0x0001)
core   0: 0x800029e4 (0x41a95213) srai    tp, s2, 26
core   0: 3 0x800029e4 (0x41a95213) x 4 0x00000000
core   0: 0x800029e8 (0x00008d45) c.or    a0, s1
core   0: 3 0x800029e8 (0x8d45) x10 0xc77ae970
core   0: 0x800029ea (0x03d88eb3) mul     t4, a7, t4
core   0: 3 0x800029ea (0x03d88eb3) x29 0xfb46d600
core   0: 0x800029ee (0x00abedb3) or      s11, s7, a0
core   0: 3 0x800029ee (0x00abedb3) x27 0xc77bfdf4
core   0: 0x800029f2 (0x409a03b3) sub     t2, s4, s1
core   0: 3 0x800029f2 (0x409a03b3) x 7 0x00000000
core   0: 0x800029f6 (0x0000717d) c.addi16sp sp, -16
core   0: 3 0x800029f6 (0x717d) x 2 0x00000081
core   0: 0x800029f8 (0x41fdd113) srai    sp, s11, 31
core   0: 3 0x800029f8 (0x41fdd113) x 2 0xffffffff
core   0: 0x800029fc (0x02699e33) mulh    t3, s3, t1
core   0: 3 0x800029fc (0x02699e33) x28 0xffffffff
core   0: 0x80002a00 (0xb7577a93) andi    s5, a4, -1163
core   0: 3 0x80002a00 (0xb7577a93) x21 0x00000001
core   0: 0x80002a04 (0x71c4e293) ori     t0, s1, 1820
core   0: 3 0x80002a04 (0x71c4e293) x 5 0x0000071c
core   0: 0x80002a08 (0x01ce5f93) srli    t6, t3, 28
core   0: 3 0x80002a08 (0x01ce5f93) x31 0x0000000f
core   0: 0x80002a0c (0x006cb233) sltu    tp, s9, t1
core   0: 3 0x80002a0c (0x006cb233) x 4 0x00000001
core   0: 0x80002a10 (0x00969ab3) sll     s5, a3, s1
core   0: 3 0x80002a10 (0x00969ab3) x21 0x000002a1
core   0: 0x80002a14 (0x36bcaf13) slti    t5, s9, 875
core   0: 3 0x80002a14 (0x36bcaf13) x30 0x00000001
core   0: 0x80002a18 (0xbbdb4a13) xori    s4, s6, -1091
core   0: 3 0x80002a18 (0xbbdb4a13) x20 0xfffffbb3
core   0: 0x80002a1c (0x0000022d) c.addi  tp, 11
core   0: 3 0x80002a1c (0x022d) x 4 0x0000000c
core   0: 0x80002a1e (0x00e4a8b3) slt     a7, s1, a4
core   0: 3 0x80002a1e (0x00e4a8b3) x17 0x00000001
core   0: 0x80002a22 (0x011fce33) xor     t3, t6, a7
core   0: 3 0x80002a22 (0x011fce33) x28 0x0000000e
core   0: 0x80002a26 (0x00009ca6) c.add   s9, s1
core   0: 3 0x80002a26 (0x9ca6) x25 0x00000000
core   0: 0x80002a28 (0x01585533) srl     a0, a6, s5
core   0: 3 0x80002a28 (0x01585533) x10 0x40007f32
core   0: 0x80002a2c (0x038931b3) mulhu   gp, s2, s8
core   0: 3 0x80002a2c (0x038931b3) x 3 0x00000000
core   0: 0x80002a30 (0x0061c1b3) xor     gp, gp, t1
core   0: 3 0x80002a30 (0x0061c1b3) x 3 0x8292f478
core   0: 0x80002a34 (0x03a7f3b3) remu    t2, a5, s10
core   0: 3 0x80002a34 (0x03a7f3b3) x 7 0x00000000
core   0: 0x80002a38 (0x00008d19) c.sub   a0, a4
core   0: 3 0x80002a38 (0x8d19) x10 0x40007f31
core   0: 0x80002a3a (0x00ee4033) xor     zero, t3, a4
core   0: 3 0x80002a3a (0x00ee4033)
core   0: 0x80002a3e (0x6bf15337) lui     t1, 0x6bf15
core   0: 3 0x80002a3e (0x6bf15337) x 6 0x6bf15000
core   0: 0x80002a42 (0x00000001) c.nop
core   0: 3 0x80002a42 (0x0001)
core   0: 0x80002a44 (0x45250993) addi    s3, a0, 1106
core   0: 3 0x80002a44 (0x45250993) x19 0x40008383
core   0: 0x80002a48 (0x000046e9) c.li    a3, 26
core   0: 3 0x80002a48 (0x46e9) x13 0x0000001a
core   0: 0x80002a4a (0x00008656) c.mv    a2, s5
core   0: 3 0x80002a4a (0x8656) x12 0x000002a1
core   0: 0x80002a4c (0x52838913) addi    s2, t2, 1320
core   0: 3 0x80002a4c (0x52838913) x18 0x00000528
core   0: 0x80002a50 (0x02aaef33) rem     t5, s5, a0
core   0: 3 0x80002a50 (0x02aaef33) x30 0x000002a1
core   0: 0x80002a54 (0x00008e3d) c.xor   a2, a5
core   0: 3 0x80002a54 (0x8e3d) x12 0x000002a1
core   0: 0x80002a56 (0x688f6f13) ori     t5, t5, 1672
core   0: 3 0x80002a56 (0x688f6f13) x30 0x000006a9
core   0: 0x80002a5a (0x034067b3) rem     a5, zero, s4
core   0: 3 0x80002a5a (0x034067b3) x15 0x00000000
core   0: 0x80002a5e (0x018c5fb3) srl     t6, s8, s8
core   0: 3 0x80002a5e (0x018c5fb3) x31 0x00000000
core   0: 0x80002a62 (0x00001b04) c.addi4spn s1, sp, 432
core   0: 3 0x80002a62 (0x1b04) x 9 0x000001af
core   0: 0x80002a64 (0x00000001) c.nop
core   0: 3 0x80002a64 (0x0001)
core   0: 0x80002a66 (0x03673f33) mulhu   t5, a4, s6
core   0: 3 0x80002a66 (0x03673f33) x30 0x00000000
core   0: 0x80002a6a (0x000009ed) c.addi  s3, 27
core   0: 3 0x80002a6a (0x09ed) x19 0x4000839e
core   0: 0x80002a6c (0x00008d2d) c.xor   a0, a1
core   0: 3 0x80002a6c (0x8d2d) x10 0x40007f31
core   0: 0x80002a6e (0x40568cb3) sub     s9, a3, t0
core   0: 3 0x80002a6e (0x40568cb3) x25 0xfffff8fe
core   0: 0x80002a72 (0x000001bd) c.addi  gp, 15
core   0: 3 0x80002a72 (0x01bd) x 3 0x8292f487
core   0: 0x80002a74 (0x6e4bbf93) sltiu   t6, s7, 1764
core   0: 3 0x80002a74 (0x6e4bbf93) x31 0x00000000
core   0: 0x80002a78 (0x00008eb1) c.xor   a3, a2
core   0: 3 0x80002a78 (0x8eb1) x13 0x000002bb
core   0: 0x80002a7a (0x02c3bcb3) mulhu   s9, t2, a2
core   0: 3 0x80002a7a (0x02c3bcb3) x25 0x00000000
core   0: 0x80002a7e (0x00008e69) c.and   a2, a0
core   0: 3 0x80002a7e (0x8e69) x12 0x00000221
core   0: 0x80002a80 (0x000082e9) c.srli  a3, 26
core   0: 3 0x80002a80 (0x82e9) x13 0x00000000
core   0: 0x80002a82 (0xd06b0e37) lui     t3, 0xd06b0
core   0: 3 0x80002a82 (0xd06b0e37) x28 0xd06b0000
core   0: 0x80002a86 (0x41d15533) sra     a0, sp, t4
core   0: 3 0x80002a86 (0x41d15533) x10 0xffffffff
core   0: 0x80002a8a (0x00008f6d) c.and   a4, a1
core   0: 3 0x80002a8a (0x8f6d) x14 0x00000000
core   0: 0x80002a8c (0x00004c45) c.li    s8, 17
core   0: 3 0x80002a8c (0x4c45) x24 0x00000011
core   0: 0x80002a8e (0x0120dfb3) srl     t6, ra, s2
core   0: 3 0x80002a8e (0x0120dfb3) x31 0x00000000
core   0: 0x80002a92 (0xeeab8213) addi    tp, s7, -278
core   0: 3 0x80002a92 (0xeeab8213) x 4 0x80013bce
core   0: 0x80002a96 (0x01660cb3) add     s9, a2, s6
core   0: 3 0x80002a96 (0x01660cb3) x25 0x0000022f
core   0: 0x80002a9a (0x02db97b3) mulh    a5, s7, a3
core   0: 3 0x80002a9a (0x02db97b3) x15 0x00000000
core   0: 0x80002a9e (0x0203da33) divu    s4, t2, zero
core   0: 3 0x80002a9e (0x0203da33) x20 0xffffffff
core   0: 0x80002aa2 (0x00008e39) c.xor   a2, a4
core   0: 3 0x80002aa2 (0x8e39) x12 0x00000221
core   0: 0x80002aa4 (0x41e00333) sub     t1, zero, t5
core   0: 3 0x80002aa4 (0x41e00333) x 6 0x00000000
core   0: 0x80002aa8 (0x053c4913) xori    s2, s8, 83
core   0: 3 0x80002aa8 (0x053c4913) x18 0x00000042
core   0: 0x80002aac (0x036f8533) mul     a0, t6, s6
core   0: 3 0x80002aac (0x036f8533) x10 0x00000000
core   0: 0x80002ab0 (0x00009bfd) c.andi  a5, -1
core   0: 3 0x80002ab0 (0x9bfd) x15 0x00000000
core   0: 0x80002ab2 (0x00000789) c.addi  a5, 2
core   0: 3 0x80002ab2 (0x0789) x15 0x00000002
core   0: 0x80002ab4 (0x00009eca) c.add   t4, s2
core   0: 3 0x80002ab4 (0x9eca) x29 0xfb46d642
core   0: 0x80002ab6 (0xc98f2413) slti    s0, t5, -872
core   0: 3 0x80002ab6 (0xc98f2413) x 8 0x00000000
core   0: 0x80002aba (0x00008cc9) c.or    s1, a0
core   0: 3 0x80002aba (0x8cc9) x 9 0x000001af
core   0: 0x80002abc (0x007179b3) and     s3, sp, t2
core   0: 3 0x80002abc (0x007179b3) x19 0x00000000
core   0: 0x80002ac0 (0x029320b3) mulhsu  ra, t1, s1
core   0: 3 0x80002ac0 (0x029320b3) x 1 0x00000000
core   0: 0x80002ac4 (0x00000d08) c.addi4spn a0, sp, 656
core   0: 3 0x80002ac4 (0x0d08) x10 0x0000028f
core   0: 0x80002ac6 (0x403bd993) srai    s3, s7, 3
core   0: 3 0x80002ac6 (0x403bd993) x19 0xf000279c
core   0: 0x80002aca (0x00389a13) slli    s4, a7, 3
core   0: 3 0x80002aca (0x00389a13) x20 0x00000008
core   0: 0x80002ace (0x8a5e0e13) addi    t3, t3, -1883
core   0: 3 0x80002ace (0x8a5e0e13) x28 0xd06af8a5
core   0: 0x80002ad2 (0xc9bb3e93) sltiu   t4, s6, -869
core   0: 3 0x80002ad2 (0xc9bb3e93) x29 0x00000001
core   0: 0x80002ad6 (0x00008cf1) c.and   s1, a2
core   0: 3 0x80002ad6 (0x8cf1) x 9 0x00000021
core   0: 0x80002ad8 (0x000fd913) srli    s2, t6, 0
core   0: 3 0x80002ad8 (0x000fd913) x18 0x00000000
core   0: 0x80002adc (0x00008e15) c.sub   a2, a3
core   0: 3 0x80002adc (0x8e15) x12 0x00000221
core   0: 0x80002ade (0x002539b3) sltu    s3, a0, sp
core   0: 3 0x80002ade (0x002539b3) x19 0x00000001
core   0: 0x80002ae2 (0x01605513) srli    a0, zero, 22
core   0: 3 0x80002ae2 (0x01605513) x10 0x00000000
core   0: 0x80002ae6 (0x0000823d) c.srli  a2, 15
core   0: 3 0x80002ae6 (0x823d) x12 0x00000000
core   0: 0x80002ae8 (0x00008ce9) c.and   s1, a0
core   0: 3 0x80002ae8 (0x8ce9) x 9 0x00000000
core   0: 0x80002aea (0x41d703b3) sub     t2, a4, t4
core   0: 3 0x80002aea (0x41d703b3) x 7 0xffffffff
core   0: 0x80002aee (0x00006115) c.addi16sp sp, 288
core   0: 3 0x80002aee (0x6115) x 2 0x0000011f
core   0: 0x80002af0 (0x419c5393) srai    t2, s8, 25
core   0: 3 0x80002af0 (0x419c5393) x 7 0x00000000
core   0: 0x80002af4 (0x00008419) c.srai  s0, 6
core   0: 3 0x80002af4 (0x8419) x 8 0x00000000
core   0: 0x80002af6 (0x00000001) c.nop
core   0: 3 0x80002af6 (0x0001)
core   0: 0x80002af8 (0x25356c13) ori     s8, a0, 595
core   0: 3 0x80002af8 (0x25356c13) x24 0x00000253
core   0: 0x80002afc (0x00000906) c.slli  s2, 1
core   0: 3 0x80002afc (0x0906) x18 0x00000000
core   0: 0x80002afe (0x0096ffb3) and     t6, a3, s1
core   0: 3 0x80002afe (0x0096ffb3) x31 0x00000000
core   0: 0x80002b02 (0x02e64033) div     zero, a2, a4
core   0: 3 0x80002b02 (0x02e64033)
core   0: 0x80002b06 (0x000002a5) c.addi  t0, 9
core   0: 3 0x80002b06 (0x02a5) x 5 0x00000725
core   0: 0x80002b08 (0x03092ab3) mulhsu  s5, s2, a6
core   0: 3 0x80002b08 (0x03092ab3) x21 0x00000000
core   0: 0x80002b0c (0x3fa8c113) xori    sp, a7, 1018
core   0: 3 0x80002b0c (0x3fa8c113) x 2 0x000003fb
core   0: 0x80002b10 (0x029ed6b3) divu    a3, t4, s1
core   0: 3 0x80002b10 (0x029ed6b3) x13 0xffffffff
core   0: 0x80002b14 (0x00008512) c.mv    a0, tp
core   0: 3 0x80002b14 (0x8512) x10 0x80013bce
core   0: 0x80002b16 (0x00cdb6b3) sltu    a3, s11, a2
core   0: 3 0x80002b16 (0x00cdb6b3) x13 0x00000000
core   0: 0x80002b1a (0x00008f71) c.and   a4, a2
core   0: 3 0x80002b1a (0x8f71) x14 0x00000000
core   0: 0x80002b1c (0x06134693) xori    a3, t1, 97
core   0: 3 0x80002b1c (0x06134693) x13 0x00000061
core   0: 0x80002b20 (0x0372b233) mulhu   tp, t0, s7
core   0: 3 0x80002b20 (0x0372b233) x 4 0x00000392
core   0: 0x80002b24 (0x00cbf333) and     t1, s7, a2
core   0: 3 0x80002b24 (0x00cbf333) x 6 0x00000000
core   0: 0x80002b28 (0x0000987d) c.andi  s0, -1
core   0: 3 0x80002b28 (0x987d) x 8 0x00000000
core   0: 0x80002b2a (0x005693b3) sll     t2, a3, t0
core   0: 3 0x80002b2a (0x005693b3) x 7 0x00000c20
core   0: 0x80002b2e (0x00aee6b3) or      a3, t4, a0
core   0: 3 0x80002b2e (0x00aee6b3) x13 0x80013bcf
core   0: 0x80002b32 (0x03ae54b3) divu    s1, t3, s10
core   0: 3 0x80002b32 (0x03ae54b3) x 9 0xffffffff
core   0: 0x80002b36 (0x00ff4033) xor     zero, t5, a5
core   0: 3 0x80002b36 (0x00ff4033)
core   0: 0x80002b3a (0x00001e7d) c.addi  t3, -1
core   0: 3 0x80002b3a (0x1e7d) x28 0xd06af8a4
core   0: 0x80002b3c (0x003496b3) sll     a3, s1, gp
core   0: 3 0x80002b3c (0x003496b3) x13 0xffffff80
core   0: 0x80002b40 (0x039c25b3) mulhsu  a1, s8, s9
core   0: 3 0x80002b40 (0x039c25b3) x11 0x00000000
core   0: 0x80002b44 (0x00008c09) c.sub   s0, a0
core   0: 3 0x80002b44 (0x8c09) x 8 0x7ffec432
core   0: 0x80002b46 (0x00008376) c.mv    t1, t4
core   0: 3 0x80002b46 (0x8376) x 6 0x00000001
core   0: 0x80002b48 (0x00008ca9) c.xor   s1, a0
core   0: 3 0x80002b48 (0x8ca9) x 9 0x7ffec431
core   0: 0x80002b4a (0x000083a9) c.srli  a5, 10
core   0: 3 0x80002b4a (0x83a9) x15 0x00000000
core   0: 0x80002b4c (0x00004c71) c.li    s8, 28
core   0: 3 0x80002b4c (0x4c71) x24 0x0000001c
core   0: 0x80002b4e (0x03e263b3) rem     t2, tp, t5
core   0: 3 0x80002b4e (0x03e263b3) x 7 0x00000392
core   0: 0x80002b52 (0x016207b3) add     a5, tp, s6
core   0: 3 0x80002b52 (0x016207b3) x15 0x000003a0
core   0: 0x80002b56 (0xdcf92413) slti    s0, s2, -561
core   0: 3 0x80002b56 (0xdcf92413) x 8 0x00000000
core   0: 0x80002b5a (0x019091b3) sll     gp, ra, s9
core   0: 3 0x80002b5a (0x019091b3) x 3 0x00000000
core   0: 0x80002b5e (0x02de0a33) mul     s4, t3, a3
core   0: 3 0x80002b5e (0x02de0a33) x20 0xca83ae00
core   0: 0x80002b62 (0x02aac933) div     s2, s5, a0
core   0: 3 0x80002b62 (0x02aac933) x18 0x00000000
core   0: 0x80002b66 (0x4d357393) andi    t2, a0, 1235
core   0: 3 0x80002b66 (0x4d357393) x 7 0x000000c2
core   0: 0x80002b6a (0x00000001) c.nop
core   0: 3 0x80002b6a (0x0001)
core   0: 0x80002b6c (0x0d5b5897) auipc   a7, 0xd5b5
core   0: 3 0x80002b6c (0x0d5b5897) x17 0x8d5b7b6c
core   0: 0x80002b70 (0x009dde33) srl     t3, s11, s1
core   0: 3 0x80002b70 (0x009dde33) x28 0x000063bd
core   0: 0x80002b74 (0xbf87aa13) slti    s4, a5, -1032
core   0: 3 0x80002b74 (0xbf87aa13) x20 0x00000000
core   0: 0x80002b78 (0x0023d493) srli    s1, t2, 2
core   0: 3 0x80002b78 (0x0023d493) x 9 0x00000030
core   0: 0x80002b7c (0x66354113) xori    sp, a0, 1635
core   0: 3 0x80002b7c (0x66354113) x 2 0x80013dad
core   0: 0x80002b80 (0x000042a5) c.li    t0, 9
core   0: 3 0x80002b80 (0x42a5) x 5 0x00000009
core   0: 0x80002b82 (0x0000157d) c.addi  a0, -1
core   0: 3 0x80002b82 (0x157d) x10 0x80013bcd
core   0: 0x80002b84 (0x00008371) c.srli  a4, 28
core   0: 3 0x80002b84 (0x8371) x14 0x00000000
core   0: 0x80002b86 (0x00009f7a) c.add   t5, t5
core   0: 3 0x80002b86 (0x9f7a) x30 0x00000000
core   0: 0x80002b88 (0xb17fba93) sltiu   s5, t6, -1257
core   0: 3 0x80002b88 (0xb17fba93) x21 0x00000001
core   0: 0x80002b8c (0x003cd633) srl     a2, s9, gp
core   0: 3 0x80002b8c (0x003cd633) x12 0x0000022f
core   0: 0x80002b90 (0x0021b9b3) sltu    s3, gp, sp
core   0: 3 0x80002b90 (0x0021b9b3) x19 0x00000001
core   0: 0x80002b94 (0xcf858f13) addi    t5, a1, -776
core   0: 3 0x80002b94 (0xcf858f13) x30 0xfffffcf8
core   0: 0x80002b98 (0x031b51b3) divu    gp, s6, a7
core   0: 3 0x80002b98 (0x031b51b3) x 3 0x00000000
core   0: 0x80002b9c (0x000099de) c.add   s3, s7
core   0: 3 0x80002b9c (0x99de) x19 0x80013ce5
core   0: 0x80002b9e (0x21c02013) slti    zero, zero, 540
core   0: 3 0x80002b9e (0x21c02013)
core   0: 0x80002ba2 (0x00008c05) c.sub   s0, s1
core   0: 3 0x80002ba2 (0x8c05) x 8 0xffffffd0
core   0: 0x80002ba4 (0x00000b18) c.addi4spn a4, sp, 400
core   0: 3 0x80002ba4 (0x0b18) x14 0x80013f3d
core   0: 0x80002ba6 (0x00fb2ab3) slt     s5, s6, a5
core   0: 3 0x80002ba6 (0x00fb2ab3) x21 0x00000001
core   0: 0x80002baa (0x024e2033) mulhsu  zero, t3, tp
core   0: 3 0x80002baa (0x024e2033)
core   0: 0x80002bae (0x1775c093) xori    ra, a1, 375
core   0: 3 0x80002bae (0x1775c093) x 1 0x00000177
core   0: 0x80002bb2 (0x032f00b3) mul     ra, t5, s2
core   0: 3 0x80002bb2 (0x032f00b3) x 1 0x00000000
core   0: 0x80002bb6 (0x03fafa33) remu    s4, s5, t6
core   0: 3 0x80002bb6 (0x03fafa33) x20 0x00000001
core   0: 0x80002bba (0x00008edd) c.or    a3, a5
core   0: 3 0x80002bba (0x8edd) x13 0xffffffa0
core   0: 0x80002bbc (0x00008e6d) c.and   a2, a1
core   0: 3 0x80002bbc (0x8e6d) x12 0x00000000
core   0: 0x80002bbe (0x018c37b3) sltu    a5, s8, s8
core   0: 3 0x80002bbe (0x018c37b3) x15 0x00000000
core   0: 0x80002bc2 (0x02aaa733) mulhsu  a4, s5, a0
core   0: 3 0x80002bc2 (0x02aaa733) x14 0x00000000
core   0: 0x80002bc6 (0x0000929e) c.add   t0, t2
core   0: 3 0x80002bc6 (0x929e) x 5 0x000000cb
core   0: 0x80002bc8 (0x025aefb3) rem     t6, s5, t0
core   0: 3 0x80002bc8 (0x025aefb3) x31 0x00000001
core   0: 0x80002bcc (0x035f6cb3) rem     s9, t5, s5
core   0: 3 0x80002bcc (0x035f6cb3) x25 0x00000000
core   0: 0x80002bd0 (0x0171e033) or      zero, gp, s7
core   0: 3 0x80002bd0 (0x0171e033)
core   0: 0x80002bd4 (0x8511c313) xori    t1, gp, -1967
core   0: 3 0x80002bd4 (0x8511c313) x 6 0xfffff851
core   0: 0x80002bd8 (0x00008995) c.andi  a1, 5
core   0: 3 0x80002bd8 (0x8995) x11 0x00000000
core   0: 0x80002bda (0x00005f7d) c.li    t5, -1
core   0: 3 0x80002bda (0x5f7d) x30 0xffffffff
core   0: 0x80002bdc (0xf91ba513) slti    a0, s7, -111
core   0: 3 0x80002bdc (0xf91ba513) x10 0x00000001
core   0: 0x80002be0 (0x67601d97) auipc   s11, 0x67601
core   0: 3 0x80002be0 (0x67601d97) x27 0xe7603be0
core   0: 0x80002be4 (0x0000717d) c.addi16sp sp, -16
core   0: 3 0x80002be4 (0x717d) x 2 0x80013d9d
core   0: 0x80002be6 (0x00000ed9) c.addi  t4, 22
core   0: 3 0x80002be6 (0x0ed9) x29 0x00000017
core   0: 0x80002be8 (0x7c53aa93) slti    s5, t2, 1989
core   0: 3 0x80002be8 (0x7c53aa93) x21 0x00000001
core   0: 0x80002bec (0x036861b3) rem     gp, a6, s6
core   0: 3 0x80002bec (0x036861b3) x 3 0xfffffffa
core   0: 0x80002bf0 (0xf1645d17) auipc   s10, 0xf1645
core   0: 3 0x80002bf0 (0xf1645d17) x26 0x71647bf0
core   0: 0x80002bf4 (0x00008e6d) c.and   a2, a1
core   0: 3 0x80002bf4 (0x8e6d) x12 0x00000000
core   0: 0x80002bf6 (0x02bd11b3) mulh    gp, s10, a1
core   0: 3 0x80002bf6 (0x02bd11b3) x 3 0x00000000
core   0: 0x80002bfa (0x00000001) c.nop
core   0: 3 0x80002bfa (0x0001)
core   0: 0x80002bfc (0x40fb06b3) sub     a3, s6, a5
core   0: 3 0x80002bfc (0x40fb06b3) x13 0x0000000e
core   0: 0x80002c00 (0x00008e55) c.or    a2, a3
core   0: 3 0x80002c00 (0x8e55) x12 0x0000000e
core   0: 0x80002c02 (0x4edab613) sltiu   a2, s5, 1261
core   0: 3 0x80002c02 (0x4edab613) x12 0x00000001
core   0: 0x80002c06 (0x0139d5b3) srl     a1, s3, s3
core   0: 3 0x80002c06 (0x0139d5b3) x11 0x040009e7
core   0: 0x80002c0a (0x068ffe93) andi    t4, t6, 104
core   0: 3 0x80002c0a (0x068ffe93) x29 0x00000000
core   0: 0x80002c0e (0x013c1313) slli    t1, s8, 19
core   0: 3 0x80002c0e (0x013c1313) x 6 0x00e00000
core   0: 0x80002c12 (0x00008f5d) c.or    a4, a5
core   0: 3 0x80002c12 (0x8f5d) x14 0x00000000
core   0: 0x80002c14 (0x007d92b3) sll     t0, s11, t2
core   0: 3 0x80002c14 (0x007d92b3) x 5 0x9d80ef80
core   0: 0x80002c18 (0x01ff7633) and     a2, t5, t6
core   0: 3 0x80002c18 (0x01ff7633) x12 0x00000001
core   0: 0x80002c1c (0x02821033) mulh    zero, tp, s0
core   0: 3 0x80002c1c (0x02821033)
core   0: 0x80002c20 (0x00009dc6) c.add   s11, a7
core   0: 3 0x80002c20 (0x9dc6) x27 0x74bbb74c
core   0: 0x80002c22 (0x00000001) c.nop
core   0: 3 0x80002c22 (0x0001)
core   0: 0x80002c24 (0x00916233) or      tp, sp, s1
core   0: 3 0x80002c24 (0x00916233) x 4 0x80013dbd
core   0: 0x80002c28 (0x00000422) c.slli  s0, 8
core   0: 3 0x80002c28 (0x0422) x 8 0xffffd000
core   0: 0x80002c2a (0x0389ec33) rem     s8, s3, s8
core   0: 3 0x80002c2a (0x0389ec33) x24 0xfffffff9
core   0: 0x80002c2e (0x337c4a13) xori    s4, s8, 823
core   0: 3 0x80002c2e (0x337c4a13) x20 0xfffffcce
core   0: 0x80002c32 (0x00009c2e) c.add   s8, a1
core   0: 3 0x80002c32 (0x9c2e) x24 0x040009e0
core   0: 0x80002c34 (0x6c2f3e93) sltiu   t4, t5, 1730
core   0: 3 0x80002c34 (0x6c2f3e93) x29 0x00000000
core   0: 0x80002c38 (0x000053fd) c.li    t2, -1
core   0: 3 0x80002c38 (0x53fd) x 7 0xffffffff
core   0: 0x80002c3a (0x021e1133) mulh    sp, t3, ra
core   0: 3 0x80002c3a (0x021e1133) x 2 0x00000000
core   0: 0x80002c3e (0x00856d33) or      s10, a0, s0
core   0: 3 0x80002c3e (0x00856d33) x26 0xffffd001
core   0: 0x80002c42 (0x001ad2b3) srl     t0, s5, ra
core   0: 3 0x80002c42 (0x001ad2b3) x 5 0x00000001
core   0: 0x80002c46 (0x01971513) slli    a0, a4, 25
core   0: 3 0x80002c46 (0x01971513) x10 0x00000000
core   0: 0x80002c4a (0x00009146) c.add   sp, a7
core   0: 3 0x80002c4a (0x9146) x 2 0x8d5b7b6c
core   0: 0x80002c4c (0x036a17b3) mulh    a5, s4, s6
core   0: 3 0x80002c4c (0x036a17b3) x15 0xffffffff
core   0: 0x80002c50 (0x00008e7d) c.and   a2, a5
core   0: 3 0x80002c50 (0x8e7d) x12 0x00000001
core   0: 0x80002c52 (0x01cc6333) or      t1, s8, t3
core   0: 3 0x80002c52 (0x01cc6333) x 6 0x04006bfd
core   0: 0x80002c56 (0x79823193) sltiu   gp, tp, 1944
core   0: 3 0x80002c56 (0x79823193) x 3 0x00000000
core   0: 0x80002c5a (0x016ff533) and     a0, t6, s6
core   0: 3 0x80002c5a (0x016ff533) x10 0x00000000
core   0: 0x80002c5e (0x00000001) c.nop
core   0: 3 0x80002c5e (0x0001)
core   0: 0x80002c60 (0x031436b3) mulhu   a3, s0, a7
core   0: 3 0x80002c60 (0x031436b3) x13 0x8d5b60ea
core   0: 0x80002c64 (0x00f65693) srli    a3, a2, 15
core   0: 3 0x80002c64 (0x00f65693) x13 0x00000000
core   0: 0x80002c68 (0x023d6c93) ori     s9, s10, 35
core   0: 3 0x80002c68 (0x023d6c93) x25 0xffffd023
core   0: 0x80002c6c (0x00008f31) c.xor   a4, a2
core   0: 3 0x80002c6c (0x8f31) x14 0x00000001
core   0: 0x80002c6e (0x19fcbf13) sltiu   t5, s9, 415
core   0: 3 0x80002c6e (0x19fcbf13) x30 0x00000000
core   0: 0x80002c72 (0x000007a2) c.slli  a5, 8
core   0: 3 0x80002c72 (0x07a2) x15 0xffffff00
core   0: 0x80002c74 (0x00008aa1) c.andi  a3, 8
core   0: 3 0x80002c74 (0x8aa1) x13 0x00000000
core   0: 0x80002c76 (0x000085fa) c.mv    a1, t5
core   0: 3 0x80002c76 (0x85fa) x11 0x00000000
core   0: 0x80002c78 (0x000b4e33) xor     t3, s6, zero
core   0: 3 0x80002c78 (0x000b4e33) x28 0x0000000e
core   0: 0x80002c7c (0xea5af613) andi    a2, s5, -347
core   0: 3 0x80002c7c (0xea5af613) x12 0x00000001
core   0: 0x80002c80 (0x037198b3) mulh    a7, gp, s7
core   0: 3 0x80002c80 (0x037198b3) x17 0x00000000
core   0: 0x80002c84 (0xaf50b097) auipc   ra, 0xaf50b
core   0: 3 0x80002c84 (0xaf50b097) x 1 0x2f50dc84
core   0: 0x80002c88 (0x04663513) sltiu   a0, a2, 70
core   0: 3 0x80002c88 (0x04663513) x10 0x00000001
core   0: 0x80002c8c (0x00008b51) c.andi  a4, 20
core   0: 3 0x80002c8c (0x8b51) x14 0x00000000
core   0: 0x80002c8e (0x00100533) add     a0, zero, ra
core   0: 3 0x80002c8e (0x00100533) x10 0x2f50dc84
core   0: 0x80002c92 (0x00372133) slt     sp, a4, gp
core   0: 3 0x80002c92 (0x00372133) x 2 0x00000000
core   0: 0x80002c96 (0x402d8d33) sub     s10, s11, sp
core   0: 3 0x80002c96 (0x402d8d33) x26 0x74bbb74c
core   0: 0x80002c9a (0x000009a2) c.slli  s3, 8
core   0: 3 0x80002c9a (0x09a2) x19 0x013ce500
core   0: 0x80002c9c (0x01947333) and     t1, s0, s9
core   0: 3 0x80002c9c (0x01947333) x 6 0xffffd000
core   0: 0x80002ca0 (0x001af9b3) and     s3, s5, ra
core   0: 3 0x80002ca0 (0x001af9b3) x19 0x00000000
core   0: 0x80002ca4 (0x0000848a) c.mv    s1, sp
core   0: 3 0x80002ca4 (0x848a) x 9 0x00000000
core   0: 0x80002ca6 (0x7eff0313) addi    t1, t5, 2031
core   0: 3 0x80002ca6 (0x7eff0313) x 6 0x000007ef
core   0: 0x80002caa (0x00749193) slli    gp, s1, 7
core   0: 3 0x80002caa (0x00749193) x 3 0x00000000
core   0: 0x80002cae (0x015d5e33) srl     t3, s10, s5
core   0: 3 0x80002cae (0x015d5e33) x28 0x3a5ddba6
core   0: 0x80002cb2 (0x026a01b3) mul     gp, s4, t1
core   0: 3 0x80002cb2 (0x026a01b3) x 3 0xffe6a652
core   0: 0x80002cb6 (0x039af533) remu    a0, s5, s9
core   0: 3 0x80002cb6 (0x039af533) x10 0x00000001
core   0: 0x80002cba (0x015f9313) slli    t1, t6, 21
core   0: 3 0x80002cba (0x015f9313) x 6 0x00200000
core   0: 0x80002cbe (0x02a7d9b3) divu    s3, a5, a0
core   0: 3 0x80002cbe (0x02a7d9b3) x19 0xffffff00
core   0: 0x80002cc2 (0x00008f15) c.sub   a4, a3
core   0: 3 0x80002cc2 (0x8f15) x14 0x00000000
core   0: 0x80002cc4 (0xfc766593) ori     a1, a2, -57
core   0: 3 0x80002cc4 (0xfc766593) x11 0xffffffc7
core   0: 0x80002cc8 (0x000089a5) c.andi  a1, 9
core   0: 3 0x80002cc8 (0x89a5) x11 0x00000001
core   0: 0x80002cca (0x00008c6d) c.and   s0, a1
core   0: 3 0x80002cca (0x8c6d) x 8 0x00000000
core   0: 0x80002ccc (0x000086bd) c.srai  a3, 15
core   0: 3 0x80002ccc (0x86bd) x13 0x00000000
core   0: 0x80002cce (0x0295dc33) divu    s8, a1, s1
core   0: 3 0x80002cce (0x0295dc33) x24 0xffffffff
core   0: 0x80002cd2 (0x4253ec17) auipc   s8, 0x4253e
core   0: 3 0x80002cd2 (0x4253ec17) x24 0xc2540cd2
core   0: 0x80002cd6 (0x41a75f93) srai    t6, a4, 26
core   0: 3 0x80002cd6 (0x41a75f93) x31 0x00000000
core   0: 0x80002cda (0x58a6c913) xori    s2, a3, 1418
core   0: 3 0x80002cda (0x58a6c913) x18 0x0000058a
core   0: 0x80002cde (0xdb3ec313) xori    t1, t4, -589
core   0: 3 0x80002cde (0xdb3ec313) x 6 0xfffffdb3
core   0: 0x80002ce2 (0x02b636b3) mulhu   a3, a2, a1
core   0: 3 0x80002ce2 (0x02b636b3) x13 0x00000000
core   0: 0x80002ce6 (0x000065d5) c.lui   a1, 0x15
core   0: 3 0x80002ce6 (0x65d5) x11 0x00015000
core   0: 0x80002ce8 (0x00008fb9) c.xor   a5, a4
core   0: 3 0x80002ce8 (0x8fb9) x15 0xffffff00
core   0: 0x80002cea (0x000084f1) c.srai  s1, 28
core   0: 3 0x80002cea (0x84f1) x 9 0x00000000
core   0: 0x80002cec (0x033e3c33) mulhu   s8, t3, s3
core   0: 3 0x80002cec (0x033e3c33) x24 0x3a5ddb6b
core   0: 0x80002cf0 (0x4ed64613) xori    a2, a2, 1261
core   0: 3 0x80002cf0 (0x4ed64613) x12 0x000004ec
core   0: 0x80002cf4 (0x00001918) c.addi4spn a4, sp, 176
core   0: 3 0x80002cf4 (0x1918) x14 0x000000b0
core   0: 0x80002cf6 (0x41e388b3) sub     a7, t2, t5
core   0: 3 0x80002cf6 (0x41e388b3) x17 0xffffffff
core   0: 0x80002cfa (0x0000177d) c.addi  a4, -1
core   0: 3 0x80002cfa (0x177d) x14 0x000000af
core   0: 0x80002cfc (0x00008649) c.srai  a2, 18
core   0: 3 0x80002cfc (0x8649) x12 0x00000000
core   0: 0x80002cfe (0x01f7d5b3) srl     a1, a5, t6
core   0: 3 0x80002cfe (0x01f7d5b3) x11 0xffffff00
core   0: 0x80002d02 (0x020a46b3) div     a3, s4, zero
core   0: 3 0x80002d02 (0x020a46b3) x13 0xffffffff
core   0: 0x80002d06 (0x000b9413) slli    s0, s7, 0
core   0: 3 0x80002d06 (0x000b9413) x 8 0x80013ce4
core   0: 0x80002d0a (0x0144a733) slt     a4, s1, s4
core   0: 3 0x80002d0a (0x0144a733) x14 0x00000000
core   0: 0x80002d0e (0x00e23ab3) sltu    s5, tp, a4
core   0: 3 0x80002d0e (0x00e23ab3) x21 0x00000000
core   0: 0x80002d12 (0x00008eb1) c.xor   a3, a2
core   0: 3 0x80002d12 (0x8eb1) x13 0xffffffff
core   0: 0x80002d14 (0x0067a2b3) slt     t0, a5, t1
core   0: 3 0x80002d14 (0x0067a2b3) x 5 0x00000000
core   0: 0x80002d18 (0x40715d13) srai    s10, sp, 7
core   0: 3 0x80002d18 (0x40715d13) x26 0x00000000
core   0: 0x80002d1c (0x0190c033) xor     zero, ra, s9
core   0: 3 0x80002d1c (0x0190c033)
core   0: 0x80002d20 (0x00009a32) c.add   s4, a2
core   0: 3 0x80002d20 (0x9a32) x20 0xfffffcce
core   0: 0x80002d22 (0x017909b3) add     s3, s2, s7
core   0: 3 0x80002d22 (0x017909b3) x19 0x8001426e
core   0: 0x80002d26 (0x028712b3) mulh    t0, a4, s0
core   0: 3 0x80002d26 (0x028712b3) x 5 0x00000000
core   0: 0x80002d2a (0x01c043b3) xor     t2, zero, t3
core   0: 3 0x80002d2a (0x01c043b3) x 7 0x3a5ddba6
core   0: 0x80002d2e (0x0024d593) srli    a1, s1, 2
core   0: 3 0x80002d2e (0x0024d593) x11 0x00000000
core   0: 0x80002d32 (0x0000971a) c.add   a4, t1
core   0: 3 0x80002d32 (0x971a) x14 0xfffffdb3
core   0: 0x80002d34 (0x40e0d513) srai    a0, ra, 14
core   0: 3 0x80002d34 (0x40e0d513) x10 0x0000bd43
core   0: 0x80002d38 (0x000090c6) c.add   ra, a7
core   0: 3 0x80002d38 (0x90c6) x 1 0x2f50dc83
core   0: 0x80002d3a (0x0000891e) c.mv    s2, t2
core   0: 3 0x80002d3a (0x891e) x18 0x3a5ddba6
core   0: 0x80002d3c (0x01a364b3) or      s1, t1, s10
core   0: 3 0x80002d3c (0x01a364b3) x 9 0xfffffdb3
core   0: 0x80002d40 (0x01b293b3) sll     t2, t0, s11
core   0: 3 0x80002d40 (0x01b293b3) x 7 0x00000000
core   0: 0x80002d44 (0x0000717d) c.addi16sp sp, -16
core   0: 3 0x80002d44 (0x717d) x 2 0xfffffff0
core   0: 0x80002d46 (0x00008e99) c.sub   a3, a4
core   0: 3 0x80002d46 (0x8e99) x13 0x0000024c
core   0: 0x80002d48 (0x02e819b3) mulh    s3, a6, a4
core   0: 3 0x80002d48 (0x02e819b3) x19 0x00000126
core   0: 0x80002d4c (0xd2c47697) auipc   a3, 0xd2c47
core   0: 3 0x80002d4c (0xd2c47697) x13 0x52c49d4c
core   0: 0x80002d50 (0x00679cb3) sll     s9, a5, t1
core   0: 3 0x80002d50 (0x00679cb3) x25 0xf8000000
core   0: 0x80002d54 (0x00352ab3) slt     s5, a0, gp
core   0: 3 0x80002d54 (0x00352ab3) x21 0x00000000
core   0: 0x80002d58 (0x019df6b3) and     a3, s11, s9
core   0: 3 0x80002d58 (0x019df6b3) x13 0x70000000
core   0: 0x80002d5c (0x0309ae93) slti    t4, s3, 48
core   0: 3 0x80002d5c (0x0309ae93) x29 0x00000000
core   0: 0x80002d60 (0x0264bab3) mulhu   s5, s1, t1
core   0: 3 0x80002d60 (0x0264bab3) x21 0xfffffb66
core   0: 0x80002d64 (0x009fadb3) slt     s11, t6, s1
core   0: 3 0x80002d64 (0x009fadb3) x27 0x00000000
core   0: 0x80002d68 (0x00008d22) c.mv    s10, s0
core   0: 3 0x80002d68 (0x8d22) x26 0x80013ce4
core   0: 0x80002d6a (0xecaa9417) auipc   s0, 0xecaa9
core   0: 3 0x80002d6a (0xecaa9417) x 8 0x6caabd6a
core   0: 0x80002d6e (0x00000f32) c.slli  t5, 12
core   0: 3 0x80002d6e (0x0f32) x30 0x00000000
core   0: 0x80002d70 (0x4172d593) srai    a1, t0, 23
core   0: 3 0x80002d70 (0x4172d593) x11 0x00000000
core   0: 0x80002d74 (0x0000622d) c.lui   tp, 0xb
core   0: 3 0x80002d74 (0x622d) x 4 0x0000b000
core   0: 0x80002d76 (0x14a6f117) auipc   sp, 0x14a6f
core   0: 3 0x80002d76 (0x14a6f117) x 2 0x94a71d76
core   0: 0x80002d7a (0x00008ef9) c.and   a3, a4
core   0: 3 0x80002d7a (0x8ef9) x13 0x70000000
core   0: 0x80002d7c (0xded4d337) lui     t1, 0xded4d
core   0: 3 0x80002d7c (0xded4d337) x 6 0xded4d000
core   0: 0x80002d80 (0x00008c15) c.sub   s0, a3
core   0: 3 0x80002d80 (0x8c15) x 8 0xfcaabd6a
core   0: 0x80002d82 (0x00000001) c.nop
core   0: 3 0x80002d82 (0x0001)
core   0: 0x80002d84 (0xcf5dc713) xori    a4, s11, -779
core   0: 3 0x80002d84 (0xcf5dc713) x14 0xfffffcf5
core   0: 0x80002d88 (0x00008f79) c.and   a4, a4
core   0: 3 0x80002d88 (0x8f79) x14 0xfffffcf5
core   0: 0x80002d8a (0x0000717d) c.addi16sp sp, -16
core   0: 3 0x80002d8a (0x717d) x 2 0x94a71d66
core   0: 0x80002d8c (0x45769097) auipc   ra, 0x45769
core   0: 3 0x80002d8c (0x45769097) x 1 0xc576bd8c
core   0: 0x80002d90 (0x036e5333) divu    t1, t3, s6
core   0: 3 0x80002d90 (0x036e5333) x 6 0x042b468b
core   0: 0x80002d94 (0x01539333) sll     t1, t2, s5
core   0: 3 0x80002d94 (0x01539333) x 6 0x00000000
core   0: 0x80002d98 (0x35964513) xori    a0, a2, 857
core   0: 3 0x80002d98 (0x35964513) x10 0x00000359
core   0: 0x80002d9c (0x015ee333) or      t1, t4, s5
core   0: 3 0x80002d9c (0x015ee333) x 6 0xfffffb66
core   0: 0x80002da0 (0x40f0d113) srai    sp, ra, 15
core   0: 3 0x80002da0 (0x40f0d113) x 2 0xffff8aed
core   0: 0x80002da4 (0x00008d81) c.sub   a1, s0
core   0: 3 0x80002da4 (0x8d81) x11 0x03554296
core   0: 0x80002da6 (0x00008f7a) c.mv    t5, t5
core   0: 3 0x80002da6 (0x8f7a) x30 0x00000000
core   0: 0x80002da8 (0x02e0fcb3) remu    s9, ra, a4
core   0: 3 0x80002da8 (0x02e0fcb3) x25 0xc576bd8c
core   0: 0x80002dac (0x00ee8ab3) add     s5, t4, a4
core   0: 3 0x80002dac (0x00ee8ab3) x21 0xfffffcf5
core   0: 0x80002db0 (0x000016fd) c.addi  a3, -1
core   0: 3 0x80002db0 (0x16fd) x13 0x6fffffff
core   0: 0x80002db2 (0x000080e9) c.srli  s1, 26
core   0: 3 0x80002db2 (0x80e9) x 9 0x0000003f
core   0: 0x80002db4 (0x40815a93) srai    s5, sp, 8
core   0: 3 0x80002db4 (0x40815a93) x21 0xffffff8a
core   0: 0x80002db8 (0x00008b5d) c.andi  a4, 23
core   0: 3 0x80002db8 (0x8b5d) x14 0x00000015
core   0: 0x80002dba (0x00001dfd) c.addi  s11, -1
core   0: 3 0x80002dba (0x1dfd) x27 0xffffffff
core   0: 0x80002dbc (0x000081e9) c.srli  a1, 26
core   0: 3 0x80002dbc (0x81e9) x11 0x00000000
core   0: 0x80002dbe (0x034554b3) divu    s1, a0, s4
core   0: 3 0x80002dbe (0x034554b3) x 9 0x00000000
core   0: 0x80002dc2 (0x02e7e333) rem     t1, a5, a4
core   0: 3 0x80002dc2 (0x02e7e333) x 6 0xfffffffc
core   0: 0x80002dc6 (0xed59a413) slti    s0, s3, -299
core   0: 3 0x80002dc6 (0xed59a413) x 8 0x00000000
core   0: 0x80002dca (0x0079ca33) xor     s4, s3, t2
core   0: 3 0x80002dca (0x0079ca33) x20 0x00000126
core   0: 0x80002dce (0x00000001) c.nop
core   0: 3 0x80002dce (0x0001)
core   0: 0x80002dd0 (0x00a35113) srli    sp, t1, 10
core   0: 3 0x80002dd0 (0x00a35113) x 2 0x003fffff
core   0: 0x80002dd4 (0x265d3a93) sltiu   s5, s10, 613
core   0: 3 0x80002dd4 (0x265d3a93) x21 0x00000000
core   0: 0x80002dd8 (0x000080a5) c.srli  s1, 9
core   0: 3 0x80002dd8 (0x80a5) x 9 0x00000000
core   0: 0x80002dda (0x02360733) mul     a4, a2, gp
core   0: 3 0x80002dda (0x02360733) x14 0x00000000
core   0: 0x80002dde (0x0037d113) srli    sp, a5, 3
core   0: 3 0x80002dde (0x0037d113) x 2 0x1fffffe0
core   0: 0x80002de2 (0x00008fe9) c.and   a5, a0
core   0: 3 0x80002de2 (0x8fe9) x15 0x00000300
core   0: 0x80002de4 (0x02fda3b3) mulhsu  t2, s11, a5
core   0: 3 0x80002de4 (0x02fda3b3) x 7 0xffffffff
core   0: 0x80002de8 (0x00008edd) c.or    a3, a5
core   0: 3 0x80002de8 (0x8edd) x13 0x6fffffff
core   0: 0x80002dea (0x00000472) c.slli  s0, 28
core   0: 3 0x80002dea (0x0472) x 8 0x00000000
core   0: 0x80002dec (0x005fcfb3) xor     t6, t6, t0
core   0: 3 0x80002dec (0x005fcfb3) x31 0x00000000
core   0: 0x80002df0 (0x00715e33) srl     t3, sp, t2
core   0: 3 0x80002df0 (0x00715e33) x28 0x00000000
core   0: 0x80002df4 (0x41e3d3b3) sra     t2, t2, t5
core   0: 3 0x80002df4 (0x41e3d3b3) x 7 0xffffffff
core   0: 0x80002df8 (0x135ee513) ori     a0, t4, 309
core   0: 3 0x80002df8 (0x135ee513) x10 0x00000135
core   0: 0x80002dfc (0xfff00793) li      a5, -1
core   0: 3 0x80002dfc (0xfff00793) x15 0xffffffff
core   0: 0x80002e00 (0xba2e7a37) lui     s4, 0xba2e7
core   0: 3 0x80002e00 (0xba2e7a37) x20 0xba2e7000
core   0: 0x80002e04 (0xc02a0a13) addi    s4, s4, -1022
core   0: 3 0x80002e04 (0xc02a0a13) x20 0xba2e6c02
core   0: 0x80002e08 (0x800003b7) lui     t2, 0x80000
core   0: 3 0x80002e08 (0x800003b7) x 7 0x80000000
core   0: 0x80002e0c (0x744b1eb7) lui     t4, 0x744b1
core   0: 3 0x80002e0c (0x744b1eb7) x29 0x744b1000
core   0: 0x80002e10 (0xcbde8e93) addi    t4, t4, -835
core   0: 3 0x80002e10 (0xcbde8e93) x29 0x744b0cbd
core   0: 0x80002e14 (0x00004081) c.li    ra, 0
core   0: 3 0x80002e14 (0x4081) x 1 0x00000000
core   0: 0x80002e16 (0x800002b7) lui     t0, 0x80000
core   0: 3 0x80002e16 (0x800002b7) x 5 0x80000000
core   0: 0x80002e1a (0x80000337) lui     t1, 0x80000
core   0: 3 0x80002e1a (0x80000337) x 6 0x80000000
core   0: 0x80002e1e (0xfff00c13) li      s8, -1
core   0: 3 0x80002e1e (0xfff00c13) x24 0xffffffff
core   0: 0x80002e22 (0xe9231ab7) lui     s5, 0xe9231
core   0: 3 0x80002e22 (0xe9231ab7) x21 0xe9231000
core   0: 0x80002e26 (0x478a8a93) addi    s5, s5, 1144
core   0: 3 0x80002e26 (0x478a8a93) x21 0xe9231478
core   0: 0x80002e2a (0xa8f5d5b7) lui     a1, 0xa8f5d
core   0: 3 0x80002e2a (0xa8f5d5b7) x11 0xa8f5d000
core   0: 0x80002e2e (0x50058593) addi    a1, a1, 1280
core   0: 3 0x80002e2e (0x50058593) x11 0xa8f5d500
core   0: 0x80002e32 (0x02fed7b3) divu    a5, t4, a5
core   0: 3 0x80002e32 (0x02fed7b3) x15 0x00000000
core   0: 0x80002e36 (0x0272b5b3) mulhu   a1, t0, t2
core   0: 3 0x80002e36 (0x0272b5b3) x11 0x40000000
core   0: 0x80002e3a (0x02fabab3) mulhu   s5, s5, a5
core   0: 3 0x80002e3a (0x02fabab3) x21 0x00000000
core   0: 0x80002e3e (0x41508a33) sub     s4, ra, s5
core   0: 3 0x80002e3e (0x41508a33) x20 0x00000000
core   0: 0x80002e42 (0x0270e3b3) rem     t2, ra, t2
core   0: 3 0x80002e42 (0x0270e3b3) x 7 0x00000000
core   0: 0x80002e46 (0xbfdcba97) auipc   s5, 0xbfdcb
core   0: 3 0x80002e46 (0xbfdcba97) x21 0x3fdcde46
core   0: 0x80002e4a (0x406c07b3) sub     a5, s8, t1
core   0: 3 0x80002e4a (0x406c07b3) x15 0x7fffffff
core   0: 0x80002e4e (0x02629333) mulh    t1, t0, t1
core   0: 3 0x80002e4e (0x02629333) x 6 0x40000000
core   0: 0x80002e52 (0x5c8a0093) addi    ra, s4, 1480
core   0: 3 0x80002e52 (0x5c8a0093) x 1 0x000005c8
core   0: 0x80002e56 (0x97de8c13) addi    s8, t4, -1667
core   0: 3 0x80002e56 (0x97de8c13) x24 0x744b063a
core   0: 0x80002e5a (0x00000001) c.nop
core   0: 3 0x80002e5a (0x0001)
core   0: 0x80002e5c (0xfcb70317) auipc   t1, 0xfcb70
core   0: 3 0x80002e5c (0xfcb70317) x 6 0x7cb72e5c
core   0: 0x80002e60 (0x0355feb3) remu    t4, a1, s5
core   0: 3 0x80002e60 (0x0355feb3) x29 0x002321ba
core   0: 0x80002e64 (0x0215eeb3) rem     t4, a1, ra
core   0: 3 0x80002e64 (0x0215eeb3) x29 0x00000158
core   0: 0x80002e68 (0x0277fc33) remu    s8, a5, t2
core   0: 3 0x80002e68 (0x0277fc33) x24 0x7fffffff
core   0: 0x80002e6c (0x035c03b3) mul     t2, s8, s5
core   0: 3 0x80002e6c (0x035c03b3) x 7 0xc02321ba
core   0: 0x80002e70 (0x62fe8793) addi    a5, t4, 1583
core   0: 3 0x80002e70 (0x62fe8793) x15 0x00000787
core   0: 0x80002e74 (0x026ee5b3) rem     a1, t4, t1
core   0: 3 0x80002e74 (0x026ee5b3) x11 0x00000158
core   0: 0x80002e78 (0x02bed2b3) divu    t0, t4, a1
core   0: 3 0x80002e78 (0x02bed2b3) x 5 0x00000001
core   0: 0x80002e7c (0x02539c33) mulh    s8, t2, t0
core   0: 3 0x80002e7c (0x02539c33) x24 0xffffffff
core   0: 0x80002e80 (0x2895bc37) lui     s8, 0x2895b
core   0: 3 0x80002e80 (0x2895bc37) x24 0x2895b000
core   0: 0x80002e84 (0x02b35eb3) divu    t4, t1, a1
core   0: 3 0x80002e84 (0x02b35eb3) x29 0x005ccfc3
core   0: 0x80002e88 (0x0385e7b3) rem     a5, a1, s8
core   0: 3 0x80002e88 (0x0385e7b3) x15 0x00000158
core   0: 0x80002e8c (0x01de8ab3) add     s5, t4, t4
core   0: 3 0x80002e8c (0x01de8ab3) x21 0x00b99f86
core   0: 0x80002e90 (0x00000001) c.nop
core   0: 3 0x80002e90 (0x0001)
core   0: 0x80002e92 (0x021350b3) divu    ra, t1, ra
core   0: 3 0x80002e92 (0x021350b3) x 1 0x0015928a
core   0: 0x80002e96 (0x02bc3c33) mulhu   s8, s8, a1
core   0: 3 0x80002e96 (0x02bc3c33) x24 0x00000036
core   0: 0x80002e9a (0x026a3a33) mulhu   s4, s4, t1
core   0: 3 0x80002e9a (0x026a3a33) x20 0x00000000
core   0: 0x80002e9e (0x401c0333) sub     t1, s8, ra
core   0: 3 0x80002e9e (0x401c0333) x 6 0xffea6dac
core   0: 0x80002ea2 (0x000086c5) c.srai  a3, 17
core   0: 3 0x80002ea2 (0x86c5) x13 0x000037ff
core   0: 0x80002ea4 (0x41eb80b3) sub     ra, s7, t5
core   0: 3 0x80002ea4 (0x41eb80b3) x 1 0x80013ce4
core   0: 0x80002ea8 (0x00008d41) c.or    a0, s0
core   0: 3 0x80002ea8 (0x8d41) x10 0x00000135
core   0: 0x80002eaa (0x000067f9) c.lui   a5, 0x1e
core   0: 3 0x80002eaa (0x67f9) x15 0x0001e000
core   0: 0x80002eac (0x32334d93) xori    s11, t1, 803
core   0: 3 0x80002eac (0x32334d93) x27 0xffea6e8f
core   0: 0x80002eb0 (0x000087f9) c.srai  a5, 30
core   0: 3 0x80002eb0 (0x87f9) x15 0x00000000
core   0: 0x80002eb2 (0xbf20c213) xori    tp, ra, -1038
core   0: 3 0x80002eb2 (0xbf20c213) x 4 0x7ffec716
core   0: 0x80002eb6 (0xaaa12d13) slti    s10, sp, -1366
core   0: 3 0x80002eb6 (0xaaa12d13) x26 0x00000000
core   0: 0x80002eba (0x00001a7d) c.addi  s4, -1
core   0: 3 0x80002eba (0x1a7d) x20 0xffffffff
core   0: 0x80002ebc (0x00000001) c.nop
core   0: 3 0x80002ebc (0x0001)
core   0: 0x80002ebe (0x01d97933) and     s2, s2, t4
core   0: 3 0x80002ebe (0x01d97933) x18 0x005ccb82
core   0: 0x80002ec2 (0x409f0533) sub     a0, t5, s1
core   0: 3 0x80002ec2 (0x409f0533) x10 0x00000000
core   0: 0x80002ec6 (0x011a5093) srli    ra, s4, 17
core   0: 3 0x80002ec6 (0x011a5093) x 1 0x00007fff
core   0: 0x80002eca (0x00c44613) xori    a2, s0, 12
core   0: 3 0x80002eca (0x00c44613) x12 0x0000000c
core   0: 0x80002ece (0x41f28733) sub     a4, t0, t6
core   0: 3 0x80002ece (0x41f28733) x14 0x00000001
core   0: 0x80002ed2 (0x00001390) c.addi4spn a2, sp, 480
core   0: 3 0x80002ed2 (0x1390) x12 0x200001c0
core   0: 0x80002ed4 (0x0000864d) c.srai  a2, 19
core   0: 3 0x80002ed4 (0x864d) x12 0x00000400
core   0: 0x80002ed6 (0x00e51193) slli    gp, a0, 14
core   0: 3 0x80002ed6 (0x00e51193) x 3 0x00000000
core   0: 0x80002eda (0xf9c95217) auipc   tp, 0xf9c95
core   0: 3 0x80002eda (0xf9c95217) x 4 0x79c97eda
core   0: 0x80002ede (0x0000097a) c.slli  s2, 30
core   0: 3 0x80002ede (0x097a) x18 0x80000000
core   0: 0x80002ee0 (0x00000001) c.nop
core   0: 3 0x80002ee0 (0x0001)
core   0: 0x80002ee2 (0x03da43b3) div     t2, s4, t4
core   0: 3 0x80002ee2 (0x03da43b3) x 7 0x00000000
core   0: 0x80002ee6 (0x0060acb3) slt     s9, ra, t1
core   0: 3 0x80002ee6 (0x0060acb3) x25 0x00000000
core   0: 0x80002eea (0x0254c433) div     s0, s1, t0
core   0: 3 0x80002eea (0x0254c433) x 8 0x00000000
core   0: 0x80002eee (0x00ab53b3) srl     t2, s6, a0
core   0: 3 0x80002eee (0x00ab53b3) x 7 0x0000000e
core   0: 0x80002ef2 (0x000083f1) c.srli  a5, 28
core   0: 3 0x80002ef2 (0x83f1) x15 0x00000000
core   0: 0x80002ef4 (0x0000969a) c.add   a3, t1
core   0: 3 0x80002ef4 (0x969a) x13 0xffeaa5ab
core   0: 0x80002ef6 (0x00008d49) c.or    a0, a0
core   0: 3 0x80002ef6 (0x8d49) x10 0x00000000
core   0: 0x80002ef8 (0x000085aa) c.mv    a1, a0
core   0: 3 0x80002ef8 (0x85aa) x11 0x00000000
core   0: 0x80002efa (0x007bea33) or      s4, s7, t2
core   0: 3 0x80002efa (0x007bea33) x20 0x80013cee
core   0: 0x80002efe (0x037178b3) remu    a7, sp, s7
core   0: 3 0x80002efe (0x037178b3) x17 0x1fffffe0
core   0: 0x80002f02 (0x022974b3) remu    s1, s2, sp
core   0: 3 0x80002f02 (0x022974b3) x 9 0x00000080
core   0: 0x80002f06 (0x000069e5) c.lui   s3, 0x19
core   0: 3 0x80002f06 (0x69e5) x19 0x00019000
core   0: 0x80002f08 (0x00844033) xor     zero, s0, s0
core   0: 3 0x80002f08 (0x00844033)
core   0: 0x80002f0c (0xdab06e93) ori     t4, zero, -597
core   0: 3 0x80002f0c (0xdab06e93) x29 0xfffffdab
core   0: 0x80002f10 (0x00008c19) c.sub   s0, a4
core   0: 3 0x80002f10 (0x8c19) x 8 0xffffffff
core   0: 0x80002f12 (0x02b67133) remu    sp, a2, a1
core   0: 3 0x80002f12 (0x02b67133) x 2 0x00000400
core   0: 0x80002f16 (0x41be5313) srai    t1, t3, 27
core   0: 3 0x80002f16 (0x41be5313) x 6 0x00000000
core   0: 0x80002f1a (0x41fad733) sra     a4, s5, t6
core   0: 3 0x80002f1a (0x41fad733) x14 0x00b99f86
core   0: 0x80002f1e (0x015db5b3) sltu    a1, s11, s5
core   0: 3 0x80002f1e (0x015db5b3) x11 0x00000000
core   0: 0x80002f22 (0x41558933) sub     s2, a1, s5
core   0: 3 0x80002f22 (0x41558933) x18 0xff46607a
core   0: 0x80002f26 (0x02469d33) mulh    s10, a3, tp
core   0: 3 0x80002f26 (0x02469d33) x26 0xfff5d77f
core   0: 0x80002f2a (0x034b3633) mulhu   a2, s6, s4
core   0: 3 0x80002f2a (0x034b3633) x12 0x00000007
core   0: 0x80002f2e (0x41a251b3) sra     gp, tp, s10
core   0: 3 0x80002f2e (0x41a251b3) x 3 0x00000000
core   0: 0x80002f32 (0x03827c33) remu    s8, tp, s8
core   0: 3 0x80002f32 (0x03827c33) x24 0x00000012
core   0: 0x80002f36 (0x0000597d) c.li    s2, -1
core   0: 3 0x80002f36 (0x597d) x18 0xffffffff
core   0: 0x80002f38 (0x00008f2d) c.xor   a4, a1
core   0: 3 0x80002f38 (0x8f2d) x14 0x00b99f86
core   0: 0x80002f3a (0x01e11933) sll     s2, sp, t5
core   0: 3 0x80002f3a (0x01e11933) x18 0x00000400
core   0: 0x80002f3e (0x000089dd) c.andi  a1, 23
core   0: 3 0x80002f3e (0x89dd) x11 0x00000000
core   0: 0x80002f40 (0x0299c2b3) div     t0, s3, s1
core   0: 3 0x80002f40 (0x0299c2b3) x 5 0x00000320
core   0: 0x80002f44 (0x02abe8b3) rem     a7, s7, a0
core   0: 3 0x80002f44 (0x02abe8b3) x17 0x80013ce4
core   0: 0x80002f48 (0x00000001) c.nop
core   0: 3 0x80002f48 (0x0001)
core   0: 0x80002f4a (0xfff00913) li      s2, -1
core   0: 3 0x80002f4a (0xfff00913) x18 0xffffffff
core   0: 0x80002f4e (0x00004e01) c.li    t3, 0
core   0: 3 0x80002f4e (0x4e01) x28 0x00000000
core   0: 0x80002f50 (0x00004a01) c.li    s4, 0
core   0: 3 0x80002f50 (0x4a01) x20 0x00000000
core   0: 0x80002f52 (0xfff00493) li      s1, -1
core   0: 3 0x80002f52 (0xfff00493) x 9 0xffffffff
core   0: 0x80002f56 (0xfff00793) li      a5, -1
core   0: 3 0x80002f56 (0xfff00793) x15 0xffffffff
core   0: 0x80002f5a (0x8e0189b7) lui     s3, 0x8e018
core   0: 3 0x80002f5a (0x8e0189b7) x19 0x8e018000
core   0: 0x80002f5e (0xf7498993) addi    s3, s3, -140
core   0: 3 0x80002f5e (0xf7498993) x19 0x8e017f74
core   0: 0x80002f62 (0x00004081) c.li    ra, 0
core   0: 3 0x80002f62 (0x4081) x 1 0x00000000
core   0: 0x80002f64 (0x80000d37) lui     s10, 0x80000
core   0: 3 0x80002f64 (0x80000d37) x26 0x80000000
core   0: 0x80002f68 (0x00004c01) c.li    s8, 0
core   0: 3 0x80002f68 (0x4c01) x24 0x00000000
core   0: 0x80002f6a (0x00004a81) c.li    s5, 0
core   0: 3 0x80002f6a (0x4a81) x21 0x00000000
core   0: 0x80002f6c (0x0339ce33) div     t3, s3, s3
core   0: 3 0x80002f6c (0x0339ce33) x28 0x00000001
core   0: 0x80002f70 (0x45890c13) addi    s8, s2, 1112
core   0: 3 0x80002f70 (0x45890c13) x24 0x00000457
core   0: 0x80002f74 (0x013784b3) add     s1, a5, s3
core   0: 3 0x80002f74 (0x013784b3) x 9 0x8e017f73
core   0: 0x80002f78 (0xb9da8d13) addi    s10, s5, -1123
core   0: 3 0x80002f78 (0xb9da8d13) x26 0xfffffb9d
core   0: 0x80002f7c (0x3db93097) auipc   ra, 0x3db93
core   0: 3 0x80002f7c (0x3db93097) x 1 0xbdb95f7c
core   0: 0x80002f80 (0x0359dab3) divu    s5, s3, s5
core   0: 3 0x80002f80 (0x0359dab3) x21 0xffffffff
core   0: 0x80002f84 (0x01aa87b3) add     a5, s5, s10
core   0: 3 0x80002f84 (0x01aa87b3) x15 0xfffffb9c
core   0: 0x80002f88 (0x021aa9b3) mulhsu  s3, s5, ra
core   0: 3 0x80002f88 (0x021aa9b3) x19 0xffffffff
core   0: 0x80002f8c (0x001d0a33) add     s4, s10, ra
core   0: 3 0x80002f8c (0x001d0a33) x20 0xbdb95b19
core   0: 0x80002f90 (0x0217ec33) rem     s8, a5, ra
core   0: 3 0x80002f90 (0x0217ec33) x24 0xfffffb9c
core   0: 0x80002f94 (0x032794b3) mulh    s1, a5, s2
core   0: 3 0x80002f94 (0x032794b3) x 9 0x00000000
core   0: 0x80002f98 (0x021c47b3) div     a5, s8, ra
core   0: 3 0x80002f98 (0x021c47b3) x15 0x00000000
core   0: 0x80002f9c (0x034939b3) mulhu   s3, s2, s4
core   0: 3 0x80002f9c (0x034939b3) x19 0xbdb95b18
core   0: 0x80002fa0 (0xd4e90a93) addi    s5, s2, -690
core   0: 3 0x80002fa0 (0xd4e90a93) x21 0xfffffd4d
core   0: 0x80002fa4 (0x02f4c0b3) div     ra, s1, a5
core   0: 3 0x80002fa4 (0x02f4c0b3) x 1 0xffffffff
core   0: 0x80002fa8 (0x4ac78793) addi    a5, a5, 1196
core   0: 3 0x80002fa8 (0x4ac78793) x15 0x000004ac
core   0: 0x80002fac (0x0357eab3) rem     s5, a5, s5
core   0: 3 0x80002fac (0x0357eab3) x21 0x000001f9
core   0: 0x80002fb0 (0x00f784b3) add     s1, a5, a5
core   0: 3 0x80002fb0 (0x00f784b3) x 9 0x00000958
core   0: 0x80002fb4 (0x00000001) c.nop
core   0: 3 0x80002fb4 (0x0001)
core   0: 0x80002fb6 (0x02f0a0b3) mulhsu  ra, ra, a5
core   0: 3 0x80002fb6 (0x02f0a0b3) x 1 0xffffffff
core   0: 0x80002fba (0x00000001) c.nop
core   0: 3 0x80002fba (0x0001)
core   0: 0x80002fbc (0x00000988) c.addi4spn a0, sp, 208
core   0: 3 0x80002fbc (0x0988) x10 0x000004d0
core   0: 0x80002fbe (0xf170ed13) ori     s10, ra, -233
core   0: 3 0x80002fbe (0xf170ed13) x26 0xffffffff
core   0: 0x80002fc2 (0x0378c7b3) div     a5, a7, s7
core   0: 3 0x80002fc2 (0x0378c7b3) x15 0x00000001
core   0: 0x80002fc6 (0x0310c133) div     sp, ra, a7
core   0: 3 0x80002fc6 (0x0310c133) x 2 0x00000000
core   0: 0x80002fca (0x00000001) c.nop
core   0: 3 0x80002fca (0x0001)
core   0: 0x80002fcc (0xb37a8d13) addi    s10, s5, -1225
core   0: 3 0x80002fcc (0xb37a8d13) x26 0xfffffd30
core   0: 0x80002fd0 (0x00dc1213) slli    tp, s8, 13
core   0: 3 0x80002fd0 (0x00dc1213) x 4 0xff738000
core   0: 0x80002fd4 (0x0000699d) c.lui   s3, 0x7
core   0: 3 0x80002fd4 (0x699d) x19 0x00007000
core   0: 0x80002fd6 (0x00000001) c.nop
core   0: 3 0x80002fd6 (0x0001)
core   0: 0x80002fd8 (0x52e46c37) lui     s8, 0x52e46
core   0: 3 0x80002fd8 (0x52e46c37) x24 0x52e46000
core   0: 0x80002fdc (0x0000717d) c.addi16sp sp, -16
core   0: 3 0x80002fdc (0x717d) x 2 0xfffffff0
core   0: 0x80002fde (0x00e041b3) xor     gp, zero, a4
core   0: 3 0x80002fde (0x00e041b3) x 3 0x00b99f86
core   0: 0x80002fe2 (0x03507eb3) remu    t4, zero, s5
core   0: 3 0x80002fe2 (0x03507eb3) x29 0x00000000
core   0: 0x80002fe6 (0x02942433) mulhsu  s0, s0, s1
core   0: 3 0x80002fe6 (0x02942433) x 8 0xffffffff
core   0: 0x80002fea (0x00008d11) c.sub   a0, a2
core   0: 3 0x80002fea (0x8d11) x10 0x000004c9
core   0: 0x80002fec (0x00008ca1) c.xor   s1, s0
core   0: 3 0x80002fec (0x8ca1) x 9 0xfffff6a7
core   0: 0x80002fee (0x5a34b397) auipc   t2, 0x5a34b
core   0: 3 0x80002fee (0x5a34b397) x 7 0xda34dfee
core   0: 0x80002ff2 (0x019e5613) srli    a2, t3, 25
core   0: 3 0x80002ff2 (0x019e5613) x12 0x00000000
core   0: 0x80002ff6 (0x0facdd17) auipc   s10, 0xfacd
core   0: 3 0x80002ff6 (0x0facdd17) x26 0x8facfff6
core   0: 0x80002ffa (0x00adbd33) sltu    s10, s11, a0
core   0: 3 0x80002ffa (0x00adbd33) x26 0x00000000
core   0: 0x80002ffe (0x00b4dc33) srl     s8, s1, a1
core   0: 3 0x80002ffe (0x00b4dc33) x24 0xfffff6a7
core   0: 0x80003002 (0x00008a9d) c.andi  a3, 7
core   0: 3 0x80003002 (0x8a9d) x13 0x00000003
core   0: 0x80003004 (0x00008a22) c.mv    s4, s0
core   0: 3 0x80003004 (0x8a22) x20 0xffffffff
core   0: 0x80003006 (0x00009c32) c.add   s8, a2
core   0: 3 0x80003006 (0x9c32) x24 0xfffff6a7
core   0: 0x80003008 (0x0259c3b3) div     t2, s3, t0
core   0: 3 0x80003008 (0x0259c3b3) x 7 0x00000023
core   0: 0x8000300c (0x004f9c93) slli    s9, t6, 4
core   0: 3 0x8000300c (0x004f9c93) x25 0x00000000
core   0: 0x80003010 (0x00009c5a) c.add   s8, s6
core   0: 3 0x80003010 (0x9c5a) x24 0xfffff6b5
core   0: 0x80003012 (0x00e45333) srl     t1, s0, a4
core   0: 3 0x80003012 (0x00e45333) x 6 0x03ffffff
core   0: 0x80003016 (0x0188d4b3) srl     s1, a7, s8
core   0: 3 0x80003016 (0x0188d4b3) x 9 0x00000400
core   0: 0x8000301a (0x000007be) c.slli  a5, 15
core   0: 3 0x8000301a (0x07be) x15 0x00008000
core   0: 0x8000301c (0x00000572) c.slli  a0, 28
core   0: 3 0x8000301c (0x0572) x10 0x90000000
core   0: 0x8000301e (0x00008fb5) c.xor   a5, a3
core   0: 3 0x8000301e (0x8fb5) x15 0x00008003
core   0: 0x80003020 (0x000085ee) c.mv    a1, s11
core   0: 3 0x80003020 (0x85ee) x11 0xffea6e8f
core   0: 0x80003022 (0x00919fb3) sll     t6, gp, s1
core   0: 3 0x80003022 (0x00919fb3) x31 0x00b99f86
core   0: 0x80003026 (0x014ef733) and     a4, t4, s4
core   0: 3 0x80003026 (0x014ef733) x14 0x00000000
core   0: 0x8000302a (0x000080bd) c.srli  s1, 15
core   0: 3 0x8000302a (0x80bd) x 9 0x00000000
core   0: 0x8000302c (0x00a642b3) xor     t0, a2, a0
core   0: 3 0x8000302c (0x00a642b3) x 5 0x90000000
core   0: 0x80003030 (0x40f5d413) srai    s0, a1, 15
core   0: 3 0x80003030 (0x40f5d413) x 8 0xffffffd4
core   0: 0x80003034 (0x020f6633) rem     a2, t5, zero
core   0: 3 0x80003034 (0x020f6633) x12 0x00000000
core   0: 0x80003038 (0x00008e15) c.sub   a2, a3
core   0: 3 0x80003038 (0x8e15) x12 0xfffffffd
core   0: 0x8000303a (0x00ba5293) srli    t0, s4, 11
core   0: 3 0x8000303a (0x00ba5293) x 5 0x001fffff
core   0: 0x8000303e (0x0000611d) c.addi16sp sp, 416
core   0: 3 0x8000303e (0x611d) x 2 0x00000190
core   0: 0x80003040 (0x00006f59) c.lui   t5, 0x16
core   0: 3 0x80003040 (0x6f59) x30 0x00016000
core   0: 0x80003042 (0x00a0d0b3) srl     ra, ra, a0
core   0: 3 0x80003042 (0x00a0d0b3) x 1 0xffffffff
core   0: 0x80003046 (0xd7576013) ori     zero, a4, -651
core   0: 3 0x80003046 (0xd7576013)
core   0: 0x8000304a (0x00006a41) c.lui   s4, 0x10
core   0: 3 0x8000304a (0x6a41) x20 0x00010000
core   0: 0x8000304c (0x00000c26) c.slli  s8, 9
core   0: 3 0x8000304c (0x0c26) x24 0xffed6a00
core   0: 0x8000304e (0x00545793) srli    a5, s0, 5
core   0: 3 0x8000304e (0x00545793) x15 0x07fffffe
core   0: 0x80003052 (0x0186ed33) or      s10, a3, s8
core   0: 3 0x80003052 (0x0186ed33) x26 0xffed6a03
core   0: 0x80003056 (0x000095ba) c.add   a1, a4
core   0: 3 0x80003056 (0x95ba) x11 0xffea6e8f
core   0: 0x80003058 (0x00008d59) c.or    a0, a4
core   0: 3 0x80003058 (0x8d59) x10 0x90000000
core   0: 0x8000305a (0x035fa133) mulhsu  sp, t6, s5
core   0: 3 0x8000305a (0x035fa133) x 2 0x00000001
core   0: 0x8000305e (0x2b5e0717) auipc   a4, 0x2b5e0
core   0: 3 0x8000305e (0x2b5e0717) x14 0xab5e305e
core   0: 0x80003062 (0x02c19733) mulh    a4, gp, a2
core   0: 3 0x80003062 (0x02c19733) x14 0xffffffff
core   0: 0x80003066 (0x1da87213) andi    tp, a6, 474
core   0: 3 0x80003066 (0x1da87213) x 4 0x00000040
core   0: 0x8000306a (0x00008639) c.srai  a2, 14
core   0: 3 0x8000306a (0x8639) x12 0xffffffff
core   0: 0x8000306c (0x00008cc9) c.or    s1, a0
core   0: 3 0x8000306c (0x8cc9) x 9 0x90000000
core   0: 0x8000306e (0x01d19213) slli    tp, gp, 29
core   0: 3 0x8000306e (0x01d19213) x 4 0xc0000000
core   0: 0x80003072 (0x0000612d) c.addi16sp sp, 224
core   0: 3 0x80003072 (0x612d) x 2 0x000000e1
core   0: 0x80003074 (0x01abdf33) srl     t5, s7, s10
core   0: 3 0x80003074 (0x01abdf33) x30 0x1000279c
core   0: 0x80003078 (0x001892b3) sll     t0, a7, ra
core   0: 3 0x80003078 (0x001892b3) x 5 0x00000000
core   0: 0x8000307c (0x3bc96a17) auipc   s4, 0x3bc96
core   0: 3 0x8000307c (0x3bc96a17) x20 0xbbc9907c
core   0: 0x80003080 (0x00000001) c.nop
core   0: 3 0x80003080 (0x0001)
core   0: 0x80003082 (0x00008fd5) c.or    a5, a3
core   0: 3 0x80003082 (0x8fd5) x15 0x07ffffff
core   0: 0x80003084 (0x00000001) c.nop
core   0: 3 0x80003084 (0x0001)
core   0: 0x80003086 (0x020778b3) remu    a7, a4, zero
core   0: 3 0x80003086 (0x020778b3) x17 0xffffffff
core   0: 0x8000308a (0x00000001) c.nop
core   0: 3 0x8000308a (0x0001)
core   0: 0x8000308c (0x00759493) slli    s1, a1, 7
core   0: 3 0x8000308c (0x00759493) x 9 0xf5374780
core   0: 0x80003090 (0x00008d49) c.or    a0, a0
core   0: 3 0x80003090 (0x8d49) x10 0x90000000
core   0: 0x80003092 (0x00008d89) c.sub   a1, a0
core   0: 3 0x80003092 (0x8d89) x11 0x6fea6e8f
core   0: 0x80003094 (0xb35ae713) ori     a4, s5, -1227
core   0: 3 0x80003094 (0xb35ae713) x14 0xfffffbfd
core   0: 0x80003098 (0x026dc533) div     a0, s11, t1
core   0: 3 0x80003098 (0x026dc533) x10 0x00000000
core   0: 0x8000309c (0x01c3de33) srl     t3, t2, t3
core   0: 3 0x8000309c (0x01c3de33) x28 0x00000011
core   0: 0x800030a0 (0x00000001) c.nop
core   0: 3 0x800030a0 (0x0001)
core   0: 0x800030a2 (0x4199d493) srai    s1, s3, 25
core   0: 3 0x800030a2 (0x4199d493) x 9 0x00000000
core   0: 0x800030a6 (0x01d296b3) sll     a3, t0, t4
core   0: 3 0x800030a6 (0x01d296b3) x13 0x00000000
core   0: 0x800030aa (0x0073efb3) or      t6, t2, t2
core   0: 3 0x800030aa (0x0073efb3) x31 0x00000023
core   0: 0x800030ae (0x01706133) or      sp, zero, s7
core   0: 3 0x800030ae (0x01706133) x 2 0x80013ce4
core   0: 0x800030b2 (0x01b1a333) slt     t1, gp, s11
core   0: 3 0x800030b2 (0x01b1a333) x 6 0x00000000
core   0: 0x800030b6 (0x00001100) c.addi4spn s0, sp, 160
core   0: 3 0x800030b6 (0x1100) x 8 0x80013d84
core   0: 0x800030b8 (0x000081a5) c.srli  a1, 9
core   0: 3 0x800030b8 (0x81a5) x11 0x0037f537
core   0: 0x800030ba (0x0000852d) c.srai  a0, 11
core   0: 3 0x800030ba (0x852d) x10 0x00000000
core   0: 0x800030bc (0x02124cb3) div     s9, tp, ra
core   0: 3 0x800030bc (0x02124cb3) x25 0x40000000
core   0: 0x800030c0 (0x00fe4fb3) xor     t6, t3, a5
core   0: 3 0x800030c0 (0x00fe4fb3) x31 0x07ffffee
core   0: 0x800030c4 (0x00006e75) c.lui   t3, 0x1d
core   0: 3 0x800030c4 (0x6e75) x28 0x0001d000
core   0: 0x800030c6 (0x020b1333) mulh    t1, s6, zero
core   0: 3 0x800030c6 (0x020b1333) x 6 0x00000000
core   0: 0x800030ca (0x00001993) slli    s3, zero, 0
core   0: 3 0x800030ca (0x00001993) x19 0x00000000
core   0: 0x800030ce (0x02f89db3) mulh    s11, a7, a5
core   0: 3 0x800030ce (0x02f89db3) x27 0xffffffff
core   0: 0x800030d2 (0x001dd7b3) srl     a5, s11, ra
core   0: 3 0x800030d2 (0x001dd7b3) x15 0x00000001
core   0: 0x800030d6 (0x00000c1c) c.addi4spn a5, sp, 528
core   0: 3 0x800030d6 (0x0c1c) x15 0x80013ef4
core   0: 0x800030d8 (0x0194de13) srli    t3, s1, 25
core   0: 3 0x800030d8 (0x0194de13) x28 0x00000000
core   0: 0x800030dc (0x0000804d) c.srli  s0, 19
core   0: 3 0x800030dc (0x804d) x 8 0x00001000
core   0: 0x800030de (0x02cea233) mulhsu  tp, t4, a2
core   0: 3 0x800030de (0x02cea233) x 4 0x00000000
core   0: 0x800030e2 (0x00de93b3) sll     t2, t4, a3
core   0: 3 0x800030e2 (0x00de93b3) x 7 0x00000000
core   0: 0x800030e6 (0x0094f733) and     a4, s1, s1
core   0: 3 0x800030e6 (0x0094f733) x14 0x00000000
core   0: 0x800030ea (0xc522a5b7) lui     a1, 0xc522a
core   0: 3 0x800030ea (0xc522a5b7) x11 0xc522a000
core   0: 0x800030ee (0x00000001) c.nop
core   0: 3 0x800030ee (0x0001)
core   0: 0x800030f0 (0x40e586b3) sub     a3, a1, a4
core   0: 3 0x800030f0 (0x40e586b3) x13 0xc522a000
core   0: 0x800030f4 (0x969bbe37) lui     t3, 0x969bb
core   0: 3 0x800030f4 (0x969bbe37) x28 0x969bb000
core   0: 0x800030f8 (0x0a0e0e13) addi    t3, t3, 160
core   0: 3 0x800030f8 (0x0a0e0e13) x28 0x969bb0a0
core   0: 0x800030fc (0x00004281) c.li    t0, 0
core   0: 3 0x800030fc (0x4281) x 5 0x00000000
core   0: 0x800030fe (0x80000f37) lui     t5, 0x80000
core   0: 3 0x800030fe (0x80000f37) x30 0x80000000
core   0: 0x80003102 (0x119a7c37) lui     s8, 0x119a7
core   0: 3 0x80003102 (0x119a7c37) x24 0x119a7000
core   0: 0x80003106 (0x5d8c0c13) addi    s8, s8, 1496
core   0: 3 0x80003106 (0x5d8c0c13) x24 0x119a75d8
core   0: 0x8000310a (0x00004681) c.li    a3, 0
core   0: 3 0x8000310a (0x4681) x13 0x00000000
core   0: 0x8000310c (0x00004981) c.li    s3, 0
core   0: 3 0x8000310c (0x4981) x19 0x00000000
core   0: 0x8000310e (0x80000db7) lui     s11, 0x80000
core   0: 3 0x8000310e (0x80000db7) x27 0x80000000
core   0: 0x80003112 (0x9a552a37) lui     s4, 0x9a552
core   0: 3 0x80003112 (0x9a552a37) x20 0x9a552000
core   0: 0x80003116 (0xeb0a0a13) addi    s4, s4, -336
core   0: 3 0x80003116 (0xeb0a0a13) x20 0x9a551eb0
core   0: 0x8000311a (0x800004b7) lui     s1, 0x80000
core   0: 3 0x8000311a (0x800004b7) x 9 0x80000000
core   0: 0x8000311e (0x00004f81) c.li    t6, 0
core   0: 3 0x8000311e (0x4f81) x31 0x00000000
core   0: 0x80003120 (0x0259d2b3) divu    t0, s3, t0
core   0: 3 0x80003120 (0x0259d2b3) x 5 0xffffffff
core   0: 0x80003124 (0x03e9e9b3) rem     s3, s3, t5
core   0: 3 0x80003124 (0x03e9e9b3) x19 0x00000000
core   0: 0x80003128 (0x91a62297) auipc   t0, 0x91a62
core   0: 3 0x80003128 (0x91a62297) x 5 0x11a65128
core   0: 0x8000312c (0x034a4c33) div     s8, s4, s4
core   0: 3 0x8000312c (0x034a4c33) x24 0x00000001
core   0: 0x80003130 (0x00000001) c.nop
core   0: 3 0x80003130 (0x0001)
core   0: 0x80003132 (0x6a8cbf17) auipc   t5, 0x6a8cb
core   0: 3 0x80003132 (0x6a8cbf17) x30 0xea8ce132
core   0: 0x80003136 (0x0259fc33) remu    s8, s3, t0
core   0: 3 0x80003136 (0x0259fc33) x24 0x00000000
core   0: 0x8000313a (0x41ba04b3) sub     s1, s4, s11
core   0: 3 0x8000313a (0x41ba04b3) x 9 0x1a551eb0
core   0: 0x8000313e (0x00000001) c.nop
core   0: 3 0x8000313e (0x0001)
core   0: 0x80003140 (0xfe1766b7) lui     a3, 0xfe176
core   0: 3 0x80003140 (0xfe1766b7) x13 0xfe176000
core   0: 0x80003144 (0x00d48fb3) add     t6, s1, a3
core   0: 3 0x80003144 (0x00d48fb3) x31 0x186c7eb0
core   0: 0x80003148 (0x033c7e33) remu    t3, s8, s3
core   0: 3 0x80003148 (0x033c7e33) x28 0x00000000
core   0: 0x8000314c (0x033dbc33) mulhu   s8, s11, s3
core   0: 3 0x8000314c (0x033dbc33) x24 0x00000000
core   0: 0x80003150 (0x03fdda33) divu    s4, s11, t6
core   0: 3 0x80003150 (0x03fdda33) x20 0x00000005
core   0: 0x80003154 (0x40f5b9b7) lui     s3, 0x40f5b
core   0: 3 0x80003154 (0x40f5b9b7) x19 0x40f5b000
core   0: 0x80003158 (0x02dc5a33) divu    s4, s8, a3
core   0: 3 0x80003158 (0x02dc5a33) x20 0x00000000
core   0: 0x8000315c (0x033a3f33) mulhu   t5, s4, s3
core   0: 3 0x8000315c (0x033a3f33) x30 0x00000000
core   0: 0x80003160 (0x018689b3) add     s3, a3, s8
core   0: 3 0x80003160 (0x018689b3) x19 0xfe176000
core   0: 0x80003164 (0x0339ffb3) remu    t6, s3, s3
core   0: 3 0x80003164 (0x0339ffb3) x31 0x00000000
core   0: 0x80003168 (0x414f06b3) sub     a3, t5, s4
core   0: 3 0x80003168 (0x414f06b3) x13 0x00000000
core   0: 0x8000316c (0x41fa04b3) sub     s1, s4, t6
core   0: 3 0x8000316c (0x41fa04b3) x 9 0x00000000
core   0: 0x80003170 (0x40df8c33) sub     s8, t6, a3
core   0: 3 0x80003170 (0x40df8c33) x24 0x00000000
core   0: 0x80003174 (0x025c72b3) remu    t0, s8, t0
core   0: 3 0x80003174 (0x025c72b3) x 5 0x00000000
core   0: 0x80003178 (0x036dec33) rem     s8, s11, s6
core   0: 3 0x80003178 (0x036dec33) x24 0xfffffffe
core   0: 0x8000317c (0x028b1db3) mulh    s11, s6, s0
core   0: 3 0x8000317c (0x028b1db3) x27 0x00000000
core   0: 0x80003180 (0x03c0e9b3) rem     s3, ra, t3
core   0: 3 0x80003180 (0x03c0e9b3) x19 0xffffffff
core   0: 0x80003184 (0x00000001) c.nop
core   0: 3 0x80003184 (0x0001)
core   0: 0x80003186 (0x00008c3d) c.xor   s0, a5
core   0: 3 0x80003186 (0x8c3d) x 8 0x80012ef4
core   0: 0x80003188 (0x000013fd) c.addi  t2, -1
core   0: 3 0x80003188 (0x13fd) x 7 0xffffffff
core   0: 0x8000318a (0x021409b3) mul     s3, s0, ra
core   0: 3 0x8000318a (0x021409b3) x19 0x7ffed10c
core   0: 0x8000318e (0x00006129) c.addi16sp sp, 192
core   0: 3 0x8000318e (0x6129) x 2 0x80013da4
core   0: 0x80003190 (0x037e8933) mul     s2, t4, s7
core   0: 3 0x80003190 (0x037e8933) x18 0x00000000
core   0: 0x80003194 (0xaac93937) lui     s2, 0xaac93
core   0: 3 0x80003194 (0xaac93937) x18 0xaac93000
core   0: 0x80003198 (0x015525b3) slt     a1, a0, s5
core   0: 3 0x80003198 (0x015525b3) x11 0x00000001
core   0: 0x8000319c (0x40a8d993) srai    s3, a7, 10
core   0: 3 0x8000319c (0x40a8d993) x19 0xffffffff
core   0: 0x800031a0 (0x01e0f9b3) and     s3, ra, t5
core   0: 3 0x800031a0 (0x01e0f9b3) x19 0x00000000
core   0: 0x800031a4 (0x40775c13) srai    s8, a4, 7
core   0: 3 0x800031a4 (0x40775c13) x24 0x00000000
core   0: 0x800031a8 (0x00008d55) c.or    a0, a3
core   0: 3 0x800031a8 (0x8d55) x10 0x00000000
core   0: 0x800031aa (0x0000717d) c.addi16sp sp, -16
core   0: 3 0x800031aa (0x717d) x 2 0x80013d94
core   0: 0x800031ac (0x01ffceb3) xor     t4, t6, t6
core   0: 3 0x800031ac (0x01ffceb3) x29 0x00000000
core   0: 0x800031b0 (0x00e11a13) slli    s4, sp, 14
core   0: 3 0x800031b0 (0x00e11a13) x20 0x4f650000
core   0: 0x800031b4 (0x000061ad) c.lui   gp, 0xb
core   0: 3 0x800031b4 (0x61ad) x 3 0x0000b000
core   0: 0x800031b6 (0x02a14633) div     a2, sp, a0
core   0: 3 0x800031b6 (0x02a14633) x12 0xffffffff
core   0: 0x800031ba (0x00001308) c.addi4spn a0, sp, 416
core   0: 3 0x800031ba (0x1308) x10 0x80013f34
core   0: 0x800031bc (0x03e7d933) divu    s2, a5, t5
core   0: 3 0x800031bc (0x03e7d933) x18 0xffffffff
core   0: 0x800031c0 (0x4154dfb3) sra     t6, s1, s5
core   0: 3 0x800031c0 (0x4154dfb3) x31 0x00000000
core   0: 0x800031c4 (0x000089e6) c.mv    s3, s9
core   0: 3 0x800031c4 (0x89e6) x19 0x40000000
core   0: 0x800031c6 (0x01c35913) srli    s2, t1, 28
core   0: 3 0x800031c6 (0x01c35913) x18 0x00000000
core   0: 0x800031ca (0x02387f33) remu    t5, a6, gp
core   0: 3 0x800031ca (0x02387f33) x30 0x0000ae64
core   0: 0x800031ce (0x009799b3) sll     s3, a5, s1
core   0: 3 0x800031ce (0x009799b3) x19 0x80013ef4
core   0: 0x800031d2 (0x00008dfd) c.and   a1, a5
core   0: 3 0x800031d2 (0x8dfd) x11 0x00000000
core   0: 0x800031d4 (0x00000001) c.nop
core   0: 3 0x800031d4 (0x0001)
core   0: 0x800031d6 (0x0297f933) remu    s2, a5, s1
core   0: 3 0x800031d6 (0x0297f933) x18 0x80013ef4
core   0: 0x800031da (0x00006145) c.addi16sp sp, 48
core   0: 3 0x800031da (0x6145) x 2 0x80013dc4
core   0: 0x800031dc (0x00f2ceb3) xor     t4, t0, a5
core   0: 3 0x800031dc (0x00f2ceb3) x29 0x80013ef4
core   0: 0x800031e0 (0x0009d713) srli    a4, s3, 0
core   0: 3 0x800031e0 (0x0009d713) x14 0x80013ef4
core   0: 0x800031e4 (0x41ea5a93) srai    s5, s4, 30
core   0: 3 0x800031e4 (0x41ea5a93) x21 0x00000001
core   0: 0x800031e8 (0x00008de9) c.and   a1, a0
core   0: 3 0x800031e8 (0x8de9) x11 0x00000000
core   0: 0x800031ea (0x0000825d) c.srli  a2, 23
core   0: 3 0x800031ea (0x825d) x12 0x000001ff
core   0: 0x800031ec (0x00000f39) c.addi  t5, 14
core   0: 3 0x800031ec (0x0f39) x30 0x0000ae72
core   0: 0x800031ee (0x017a8f33) add     t5, s5, s7
core   0: 3 0x800031ee (0x017a8f33) x30 0x80013ce5
core   0: 0x800031f2 (0x034726b3) mulhsu  a3, a4, s4
core   0: 3 0x800031f2 (0x034726b3) x13 0xd84de2eb
core   0: 0x800031f6 (0xae03b513) sltiu   a0, t2, -1312
core   0: 3 0x800031f6 (0xae03b513) x10 0x00000000
core   0: 0x800031fa (0x00008196) c.mv    gp, t0
core   0: 3 0x800031fa (0x8196) x 3 0x00000000
core   0: 0x800031fc (0x4054d913) srai    s2, s1, 5
core   0: 3 0x800031fc (0x4054d913) x18 0x00000000
core   0: 0x80003200 (0x00001918) c.addi4spn a4, sp, 176
core   0: 3 0x80003200 (0x1918) x14 0x80013e74
core   0: 0x80003202 (0x000081e5) c.srli  a1, 25
core   0: 3 0x80003202 (0x81e5) x11 0x00000000
core   0: 0x80003204 (0x0000717d) c.addi16sp sp, -16
core   0: 3 0x80003204 (0x717d) x 2 0x80013db4
core   0: 0x80003206 (0x0032e233) or      tp, t0, gp
core   0: 3 0x80003206 (0x0032e233) x 4 0x00000000
core   0: 0x8000320a (0x006774b3) and     s1, a4, t1
core   0: 3 0x8000320a (0x006774b3) x 9 0x00000000
core   0: 0x8000320e (0x00008dcd) c.or    a1, a1
core   0: 3 0x8000320e (0x8dcd) x11 0x00000000
core   0: 0x80003210 (0x0000844d) c.srai  s0, 19
core   0: 3 0x80003210 (0x844d) x 8 0xfffff000
core   0: 0x80003212 (0x0387fd33) remu    s10, a5, s8
core   0: 3 0x80003212 (0x0387fd33) x26 0x80013ef4
core   0: 0x80003216 (0x01921e13) slli    t3, tp, 25
core   0: 3 0x80003216 (0x01921e13) x28 0x00000000
core   0: 0x8000321a (0x001b0eb3) add     t4, s6, ra
core   0: 3 0x8000321a (0x001b0eb3) x29 0x0000000d
core   0: 0x8000321e (0x4141da13) srai    s4, gp, 20
core   0: 3 0x8000321e (0x4141da13) x20 0x00000000
core   0: 0x80003222 (0x023c17b3) mulh    a5, s8, gp
core   0: 3 0x80003222 (0x023c17b3) x15 0x00000000
core   0: 0x80003226 (0x00006955) c.lui   s2, 0x15
core   0: 3 0x80003226 (0x6955) x18 0x00015000
core   0: 0x80003228 (0xa7f13f93) sltiu   t6, sp, -1409
core   0: 3 0x80003228 (0xa7f13f93) x31 0x00000001
core   0: 0x8000322c (0x00001a18) c.addi4spn a4, sp, 304
core   0: 3 0x8000322c (0x1a18) x14 0x80013ee4
core   0: 0x8000322e (0x03096a33) rem     s4, s2, a6
core   0: 3 0x8000322e (0x03096a33) x20 0x00015000
core   0: 0x80003232 (0x00008069) c.srli  s0, 26
core   0: 3 0x80003232 (0x8069) x 8 0x0000003f
core   0: 0x80003234 (0x00006161) c.addi16sp sp, 80
core   0: 3 0x80003234 (0x6161) x 2 0x80013e04
core   0: 0x80003236 (0x02e56633) rem     a2, a0, a4
core   0: 3 0x80003236 (0x02e56633) x12 0x00000000
core   0: 0x8000323a (0xaed76393) ori     t2, a4, -1299
core   0: 3 0x8000323a (0xaed76393) x 7 0xfffffeed
core   0: 0x8000323e (0x02b38fb3) mul     t6, t2, a1
core   0: 3 0x8000323e (0x02b38fb3) x31 0x00000000
core   0: 0x80003242 (0x41575db3) sra     s11, a4, s5
core   0: 3 0x80003242 (0x41575db3) x27 0xc0009f72
core   0: 0x80003246 (0x00000710) c.addi4spn a2, sp, 896
core   0: 3 0x80003246 (0x0710) x12 0x80014184
core   0: 0x80003248 (0x00000a94) c.addi4spn a3, sp, 336
core   0: 3 0x80003248 (0x0a94) x13 0x80013f54
core   0: 0x8000324a (0x005b29b3) slt     s3, s6, t0
core   0: 3 0x8000324a (0x005b29b3) x19 0x00000000
core   0: 0x8000324e (0x0060d4b3) srl     s1, ra, t1
core   0: 3 0x8000324e (0x0060d4b3) x 9 0xffffffff
core   0: 0x80003252 (0x0139da33) srl     s4, s3, s3
core   0: 3 0x80003252 (0x0139da33) x20 0x00000000
core   0: 0x80003256 (0x01ff4ab3) xor     s5, t5, t6
core   0: 3 0x80003256 (0x01ff4ab3) x21 0x80013ce5
core   0: 0x8000325a (0x00000e79) c.addi  t3, 30
core   0: 3 0x8000325a (0x0e79) x28 0x0000001e
core   0: 0x8000325c (0x02cfa733) mulhsu  a4, t6, a2
core   0: 3 0x8000325c (0x02cfa733) x14 0x00000000
core   0: 0x80003260 (0x402bd313) srai    t1, s7, 2
core   0: 3 0x80003260 (0x402bd313) x 6 0xe0004f39
core   0: 0x80003264 (0xf6a68613) addi    a2, a3, -150
core   0: 3 0x80003264 (0xf6a68613) x12 0x80013ebe
core   0: 0x80003268 (0x00000001) c.nop
core   0: 3 0x80003268 (0x0001)
core   0: 0x8000326a (0x03cd7c33) remu    s8, s10, t3
core   0: 3 0x8000326a (0x03cd7c33) x24 0x00000000
core   0: 0x8000326e (0x03b785b3) mul     a1, a5, s11
core   0: 3 0x8000326e (0x03b785b3) x11 0x00000000
core   0: 0x80003272 (0x01a39033) sll     zero, t2, s10
core   0: 3 0x80003272 (0x01a39033)
core   0: 0x80003276 (0x01b117b3) sll     a5, sp, s11
core   0: 3 0x80003276 (0x01b117b3) x15 0xf8100000
core   0: 0x8000327a (0x01841e13) slli    t3, s0, 24
core   0: 3 0x8000327a (0x01841e13) x28 0x3f000000
core   0: 0x8000327e (0xd474e637) lui     a2, 0xd474e
core   0: 3 0x8000327e (0xd474e637) x12 0xd474e000
core   0: 0x80003282 (0x4134d633) sra     a2, s1, s3
core   0: 3 0x80003282 (0x4134d633) x12 0xffffffff
core   0: 0x80003286 (0x00008365) c.srli  a4, 25
core   0: 3 0x80003286 (0x8365) x14 0x00000000
core   0: 0x80003288 (0x0000987d) c.andi  s0, -1
core   0: 3 0x80003288 (0x987d) x 8 0x0000003f
core   0: 0x8000328a (0x012e23b3) slt     t2, t3, s2
core   0: 3 0x8000328a (0x012e23b3) x 7 0x00000000
core   0: 0x8000328e (0x00008df1) c.and   a1, a2
core   0: 3 0x8000328e (0x8df1) x11 0x00000000
core   0: 0x80003290 (0x00f6d613) srli    a2, a3, 15
core   0: 3 0x80003290 (0x00f6d613) x12 0x00010002
core   0: 0x80003294 (0x03d18433) mul     s0, gp, t4
core   0: 3 0x80003294 (0x03d18433) x 8 0x00000000
core   0: 0x80003298 (0xf44e64b7) lui     s1, 0xf44e6
core   0: 3 0x80003298 (0xf44e64b7) x 9 0xf44e6000
core   0: 0x8000329c (0x00001c80) c.addi4spn s0, sp, 624
core   0: 3 0x8000329c (0x1c80) x 8 0x80014074
core   0: 0x8000329e (0x00006129) c.addi16sp sp, 192
core   0: 3 0x8000329e (0x6129) x 2 0x80013ec4
core   0: 0x800032a0 (0x000063ad) c.lui   t2, 0xb
core   0: 3 0x800032a0 (0x63ad) x 7 0x0000b000
core   0: 0x800032a2 (0x000000c5) c.addi  ra, 17
core   0: 3 0x800032a2 (0x00c5) x 1 0x00000010
core   0: 0x800032a4 (0x000005ca) c.slli  a1, 18
core   0: 3 0x800032a4 (0x05ca) x11 0x00000000
core   0: 0x800032a6 (0x00311513) slli    a0, sp, 3
core   0: 3 0x800032a6 (0x00311513) x10 0x0009f620
core   0: 0x800032aa (0x021963b3) rem     t2, s2, ra
core   0: 3 0x800032aa (0x021963b3) x 7 0x00000000
core   0: 0x800032ae (0x0370e8b3) rem     a7, ra, s7
core   0: 3 0x800032ae (0x0370e8b3) x17 0x00000010
core   0: 0x800032b2 (0x00000001) c.nop
core   0: 3 0x800032b2 (0x0001)
core   0: 0x800032b4 (0x01072a33) slt     s4, a4, a6
core   0: 3 0x800032b4 (0x01072a33) x20 0x00000000
core   0: 0x800032b8 (0x01e54cb3) xor     s9, a0, t5
core   0: 3 0x800032b8 (0x01e54cb3) x25 0x8008cac5
core   0: 0x800032bc (0x02b8d733) divu    a4, a7, a1
core   0: 3 0x800032bc (0x02b8d733) x14 0xffffffff
core   0: 0x800032c0 (0x0171ae33) slt     t3, gp, s7
core   0: 3 0x800032c0 (0x0171ae33) x28 0x00000000
core   0: 0x800032c4 (0x00008e55) c.or    a2, a3
core   0: 3 0x800032c4 (0x8e55) x12 0x80013f56
core   0: 0x800032c6 (0x41698f33) sub     t5, s3, s6
core   0: 3 0x800032c6 (0x41698f33) x30 0xfffffff2
core   0: 0x800032ca (0x000018fd) c.addi  a7, -1
core   0: 3 0x800032ca (0x18fd) x17 0x0000000f
core   0: 0x800032cc (0x0252dcb3) divu    s9, t0, t0
core   0: 3 0x800032cc (0x0252dcb3) x25 0xffffffff
core   0: 0x800032d0 (0xd89a4913) xori    s2, s4, -631
core   0: 3 0x800032d0 (0xd89a4913) x18 0xfffffd89
core   0: 0x800032d4 (0x334a03b7) lui     t2, 0x334a0
core   0: 3 0x800032d4 (0x334a03b7) x 7 0x334a0000
core   0: 0x800032d8 (0x000084ed) c.srai  s1, 27
core   0: 3 0x800032d8 (0x84ed) x 9 0xfffffffe
core   0: 0x800032da (0x00006151) c.addi16sp sp, 272
core   0: 3 0x800032da (0x6151) x 2 0x80013fd4
core   0: 0x800032dc (0xcd992313) slti    t1, s2, -807
core   0: 3 0x800032dc (0xcd992313) x 6 0x00000000
core   0: 0x800032e0 (0x008c6db3) or      s11, s8, s0
core   0: 3 0x800032e0 (0x008c6db3) x27 0x80014074
core   0: 0x800032e4 (0x00008ed1) c.or    a3, a2
core   0: 3 0x800032e4 (0x8ed1) x13 0x80013f56
core   0: 0x800032e6 (0x03d6cab3) div     s5, a3, t4
core   0: 3 0x800032e6 (0x03d6cab3) x21 0xf6277b07
core   0: 0x800032ea (0x01806033) or      zero, zero, s8
core   0: 3 0x800032ea (0x01806033)
core   0: 0x800032ee (0x7b5ee637) lui     a2, 0x7b5ee
core   0: 3 0x800032ee (0x7b5ee637) x12 0x7b5ee000
core   0: 0x800032f2 (0x67af1eb7) lui     t4, 0x67af1
core   0: 3 0x800032f2 (0x67af1eb7) x29 0x67af1000
core   0: 0x800032f6 (0x00008916) c.mv    s2, t0
core   0: 3 0x800032f6 (0x8916) x18 0x00000000
core   0: 0x800032f8 (0x00006105) c.addi16sp sp, 32
core   0: 3 0x800032f8 (0x6105) x 2 0x80013ff4
core   0: 0x800032fa (0x97b43c37) lui     s8, 0x97b43
core   0: 3 0x800032fa (0x97b43c37) x24 0x97b43000
core   0: 0x800032fe (0x5dacf513) andi    a0, s9, 1498
core   0: 3 0x800032fe (0x5dacf513) x10 0x000005da
core   0: 0x80003302 (0x01681613) slli    a2, a6, 22
core   0: 3 0x80003302 (0x01681613) x12 0x99000000
core   0: 0x80003306 (0x020588b3) mul     a7, a1, zero
core   0: 3 0x80003306 (0x020588b3) x17 0x00000000
core   0: 0x8000330a (0x000006da) c.slli  a3, 22
core   0: 3 0x8000330a (0x06da) x13 0xd5800000
core   0: 0x8000330c (0x40098fb3) sub     t6, s3, zero
core   0: 3 0x8000330c (0x40098fb3) x31 0x00000000
core   0: 0x80003310 (0x037cea33) rem     s4, s9, s7
core   0: 3 0x80003310 (0x037cea33) x20 0xffffffff
core   0: 0x80003314 (0x01ca0ab3) add     s5, s4, t3
core   0: 3 0x80003314 (0x01ca0ab3) x21 0xffffffff
core   0: 0x80003318 (0x001078b3) and     a7, zero, ra
core   0: 3 0x80003318 (0x001078b3) x17 0x00000000
core   0: 0x8000331c (0x011c6c33) or      s8, s8, a7
core   0: 3 0x8000331c (0x011c6c33) x24 0x97b43000
core   0: 0x80003320 (0x01cb9a33) sll     s4, s7, t3
core   0: 3 0x80003320 (0x01cb9a33) x20 0x80013ce4
core   0: 0x80003324 (0x00000001) c.nop
core   0: 3 0x80003324 (0x0001)
core   0: 0x80003326 (0x000068d1) c.lui   a7, 0x14
core   0: 3 0x80003326 (0x68d1) x17 0x00014000
core   0: 0x80003328 (0x01dc5433) srl     s0, s8, t4
core   0: 3 0x80003328 (0x01dc5433) x 8 0x97b43000
core   0: 0x8000332c (0x00004a21) c.li    s4, 8
core   0: 3 0x8000332c (0x4a21) x20 0x00000008
core   0: 0x8000332e (0x00000c66) c.slli  s8, 25
core   0: 3 0x8000332e (0x0c66) x24 0x00000000
core   0: 0x80003330 (0x0000577d) c.li    a4, -1
core   0: 3 0x80003330 (0x577d) x14 0xffffffff
core   0: 0x80003332 (0x00008eb1) c.xor   a3, a2
core   0: 3 0x80003332 (0x8eb1) x13 0x4c800000
core   0: 0x80003334 (0x03f21633) mulh    a2, tp, t6
core   0: 3 0x80003334 (0x03f21633) x12 0x00000000
core   0: 0x80003338 (0x0186fc33) and     s8, a3, s8
core   0: 3 0x80003338 (0x0186fc33) x24 0x00000000
core   0: 0x8000333c (0x418fdf13) srai    t5, t6, 24
core   0: 3 0x8000333c (0x418fdf13) x30 0x00000000
core   0: 0x80003340 (0x00000001) c.nop
core   0: 3 0x80003340 (0x0001)
core   0: 0x80003342 (0x00000001) c.nop
core   0: 3 0x80003342 (0x0001)
core   0: 0x80003344 (0x30573493) sltiu   s1, a4, 773
core   0: 3 0x80003344 (0x30573493) x 9 0x00000000
core   0: 0x80003348 (0x3d4b3193) sltiu   gp, s6, 980
core   0: 3 0x80003348 (0x3d4b3193) x 3 0x00000001
core   0: 0x8000334c (0x00001c7d) c.addi  s8, -1
core   0: 3 0x8000334c (0x1c7d) x24 0xffffffff
core   0: 0x8000334e (0x02f2b233) mulhu   tp, t0, a5
core   0: 3 0x8000334e (0x02f2b233) x 4 0x00000000
core   0: 0x80003352 (0x98850a13) addi    s4, a0, -1656
core   0: 3 0x80003352 (0x98850a13) x20 0xffffff62
core   0: 0x80003356 (0x00008d05) c.sub   a0, s1
core   0: 3 0x80003356 (0x8d05) x10 0x000005da
core   0: 0x80003358 (0x0361aa33) mulhsu  s4, gp, s6
core   0: 3 0x80003358 (0x0361aa33) x20 0x00000000
core   0: 0x8000335c (0x8654a593) slti    a1, s1, -1947
core   0: 3 0x8000335c (0x8654a593) x11 0x00000000
core   0: 0x80003360 (0x00008169) c.srli  a0, 26
core   0: 3 0x80003360 (0x8169) x10 0x00000000
core   0: 0x80003362 (0x02811a33) mulh    s4, sp, s0
core   0: 3 0x80003362 (0x02811a33) x20 0x342565a6
core   0: 0x80003366 (0x00008e99) c.sub   a3, a4
core   0: 3 0x80003366 (0x8e99) x13 0x4c800001
core   0: 0x80003368 (0x03c16ab3) rem     s5, sp, t3
core   0: 3 0x80003368 (0x03c16ab3) x21 0x80013ff4
core   0: 0x8000336c (0x03b04033) div     zero, zero, s11
core   0: 3 0x8000336c (0x03b04033)
core   0: 0x80003370 (0x0000856d) c.srai  a0, 27
core   0: 3 0x80003370 (0x856d) x10 0x00000000
core   0: 0x80003372 (0x00388e33) add     t3, a7, gp
core   0: 3 0x80003372 (0x00388e33) x28 0x00014001
core   0: 0x80003376 (0x0393d9b3) divu    s3, t2, s9
core   0: 3 0x80003376 (0x0393d9b3) x19 0x00000000
core   0: 0x8000337a (0x4043d513) srai    a0, t2, 4
core   0: 3 0x8000337a (0x4043d513) x10 0x0334a000
core   0: 0x8000337e (0x000008ce) c.slli  a7, 19
core   0: 3 0x8000337e (0x08ce) x17 0x00000000
core   0: 0x80003380 (0xa916ff13) andi    t5, a3, -1391
core   0: 3 0x80003380 (0xa916ff13) x30 0x4c800001
core   0: 0x80003384 (0x70467c93) andi    s9, a2, 1796
core   0: 3 0x80003384 (0x70467c93) x25 0x00000000
core   0: 0x80003388 (0x03863333) mulhu   t1, a2, s8
core   0: 3 0x80003388 (0x03863333) x 6 0x00000000
core   0: 0x8000338c (0x0000852d) c.srai  a0, 11
core   0: 3 0x8000338c (0x852d) x10 0x00006694
core   0: 0x8000338e (0x00000f4a) c.slli  t5, 18
core   0: 3 0x8000338e (0x0f4a) x30 0x00040000
core   0: 0x80003390 (0x4098d993) srai    s3, a7, 9
core   0: 3 0x80003390 (0x4098d993) x19 0x00000000
core   0: 0x80003394 (0x017d1393) slli    t2, s10, 23
core   0: 3 0x80003394 (0x017d1393) x 7 0x7a000000
core   0: 0x80003398 (0x03ab2f33) mulhsu  t5, s6, s10
core   0: 3 0x80003398 (0x03ab2f33) x30 0x00000007
core   0: 0x8000339c (0x7e07c293) xori    t0, a5, 2016
core   0: 3 0x8000339c (0x7e07c293) x 5 0xf81007e0
core   0: 0x800033a0 (0x2b244313) xori    t1, s0, 690
core   0: 3 0x800033a0 (0x2b244313) x 6 0x97b432b2
core   0: 0x800033a4 (0x000004ee) c.slli  s1, 27
core   0: 3 0x800033a4 (0x04ee) x 9 0x00000000
core   0: 0x800033a6 (0x0000091c) c.addi4spn a5, sp, 144
core   0: 3 0x800033a6 (0x091c) x15 0x80014084
core   0: 0x800033a8 (0x00008219) c.srli  a2, 6
core   0: 3 0x800033a8 (0x8219) x12 0x00000000
core   0: 0x800033aa (0x000053fd) c.li    t2, -1
core   0: 3 0x800033aa (0x53fd) x 7 0xffffffff
core   0: 0x800033ac (0x00008d49) c.or    a0, a0
core   0: 3 0x800033ac (0x8d49) x10 0x00006694
core   0: 0x800033ae (0x000003fa) c.slli  t2, 30
core   0: 3 0x800033ae (0x03fa) x 7 0xc0000000
core   0: 0x800033b0 (0x014b64b3) or      s1, s6, s4
core   0: 3 0x800033b0 (0x014b64b3) x 9 0x342565ae
core   0: 0x800033b4 (0x00009276) c.add   tp, t4
core   0: 3 0x800033b4 (0x9276) x 4 0x67af1000
core   0: 0x800033b6 (0xb7440693) addi    a3, s0, -1164
core   0: 3 0x800033b6 (0xb7440693) x13 0x97b42b74
core   0: 0x800033ba (0x00000b90) c.addi4spn a2, sp, 464
core   0: 3 0x800033ba (0x0b90) x12 0x800141c4
core   0: 0x800033bc (0x00009422) c.add   s0, s0
core   0: 3 0x800033bc (0x9422) x 8 0x2f686000
core   0: 0x800033be (0xfbf62013) slti    zero, a2, -65
core   0: 3 0x800033be (0xfbf62013)
core   0: 0x800033c2 (0x03fca0b3) mulhsu  ra, s9, t6
core   0: 3 0x800033c2 (0x03fca0b3) x 1 0x00000000
core   0: 0x800033c6 (0x00c39913) slli    s2, t2, 12
core   0: 3 0x800033c6 (0x00c39913) x18 0x00000000
core   0: 0x800033ca (0x000085d9) c.srai  a1, 22
core   0: 3 0x800033ca (0x85d9) x11 0x00000000
core   0: 0x800033cc (0x03a83233) mulhu   tp, a6, s10
core   0: 3 0x800033cc (0x03a83233) x 4 0x40011ead
core   0: 0x800033d0 (0xd956e993) ori     s3, a3, -619
core   0: 3 0x800033d0 (0xd956e993) x19 0xfffffff5
core   0: 0x800033d4 (0x01689ab3) sll     s5, a7, s6
core   0: 3 0x800033d4 (0x01689ab3) x21 0x00000000
core   0: 0x800033d8 (0x00008371) c.srli  a4, 28
core   0: 3 0x800033d8 (0x8371) x14 0x0000000f
core   0: 0x800033da (0x40fc0a33) sub     s4, s8, a5
core   0: 3 0x800033da (0x40fc0a33) x20 0x7ffebf7b
core   0: 0x800033de (0x00001084) c.addi4spn s1, sp, 96
core   0: 3 0x800033de (0x1084) x 9 0x80014054
core   0: 0x800033e0 (0x03d1cfb3) div     t6, gp, t4
core   0: 3 0x800033e0 (0x03d1cfb3) x31 0x00000000
core   0: 0x800033e4 (0x246cbe13) sltiu   t3, s9, 582
core   0: 3 0x800033e4 (0x246cbe13) x28 0x00000001
core   0: 0x800033e8 (0x00000001) c.nop
core   0: 3 0x800033e8 (0x0001)
core   0: 0x800033ea (0x00008ea9) c.xor   a3, a0
core   0: 3 0x800033ea (0x8ea9) x13 0x97b44de0
core   0: 0x800033ec (0x5e6e0993) addi    s3, t3, 1510
core   0: 3 0x800033ec (0x5e6e0993) x19 0x000005e7
core   0: 0x800033f0 (0x02384e33) div     t3, a6, gp
core   0: 3 0x800033f0 (0x02384e33) x28 0x8000fe64
core   0: 0x800033f4 (0xcb5b7993) andi    s3, s6, -843
core   0: 3 0x800033f4 (0xcb5b7993) x19 0x00000004
core   0: 0x800033f8 (0x00006ee9) c.lui   t4, 0x1a
core   0: 3 0x800033f8 (0x6ee9) x29 0x0001a000
core   0: 0x800033fa (0x034ae0b3) rem     ra, s5, s4
core   0: 3 0x800033fa (0x034ae0b3) x 1 0x00000000
core   0: 0x800033fe (0x00006115) c.addi16sp sp, 288
core   0: 3 0x800033fe (0x6115) x 2 0x80014114
core   0: 0x80003400 (0x00000001) c.nop
core   0: 3 0x80003400 (0x0001)
core   0: 0x80003402 (0x01851d13) slli    s10, a0, 24
core   0: 3 0x80003402 (0x01851d13) x26 0x94000000
core   0: 0x80003406 (0x00000001) c.nop
core   0: 3 0x80003406 (0x0001)
core   0: 0x80003408 (0x011ddcb3) srl     s9, s11, a7
core   0: 3 0x80003408 (0x011ddcb3) x25 0x80014074
core   0: 0x8000340c (0x00008801) c.andi  s0, 0
core   0: 3 0x8000340c (0x8801) x 8 0x00000000
core   0: 0x8000340e (0xe3517f13) andi    t5, sp, -459
core   0: 3 0x8000340e (0xe3517f13) x30 0x80014014
core   0: 0x80003412 (0x017e5fb3) srl     t6, t3, s7
core   0: 3 0x80003412 (0x017e5fb3) x31 0x08000fe6
core   0: 0x80003416 (0x01f94a33) xor     s4, s2, t6
core   0: 3 0x80003416 (0x01f94a33) x20 0x08000fe6
core   0: 0x8000341a (0x40730033) sub     zero, t1, t2
core   0: 3 0x8000341a (0x40730033)
core   0: 0x8000341e (0x00421a33) sll     s4, tp, tp
core   0: 3 0x8000341e (0x00421a33) x20 0x23d5a000
core   0: 0x80003422 (0x024d64b3) rem     s1, s10, tp
core   0: 3 0x80003422 (0x024d64b3) x 9 0xd4011ead
core   0: 0x80003426 (0x01987633) and     a2, a6, s9
core   0: 3 0x80003426 (0x01987633) x12 0x80004064
core   0: 0x8000342a (0x000062fd) c.lui   t0, 0x1f
core   0: 3 0x8000342a (0x62fd) x 5 0x0001f000
core   0: 0x8000342c (0x00009cd6) c.add   s9, s5
core   0: 3 0x8000342c (0x9cd6) x25 0x80014074
core   0: 0x8000342e (0x017744b3) xor     s1, a4, s7
core   0: 3 0x8000342e (0x017744b3) x 9 0x80013ceb
core   0: 0x80003432 (0x00004ed5) c.li    t4, 21
core   0: 3 0x80003432 (0x4ed5) x29 0x00000015
core   0: 0x80003434 (0x024824b3) mulhsu  s1, a6, tp
core   0: 3 0x80003434 (0x024824b3) x 9 0xdfffb043
core   0: 0x80003438 (0x9922ccb7) lui     s9, 0x9922c
core   0: 3 0x80003438 (0x9922ccb7) x25 0x9922c000
core   0: 0x8000343c (0x00008039) c.srli  s0, 14
core   0: 3 0x8000343c (0x8039) x 8 0x00000000
core   0: 0x8000343e (0x000099f2) c.add   s3, t3
core   0: 3 0x8000343e (0x99f2) x19 0x8000fe68
core   0: 0x80003440 (0x03be6333) rem     t1, t3, s11
core   0: 3 0x80003440 (0x03be6333) x 6 0xffffbdf0
core   0: 0x80003444 (0x0129a1b3) slt     gp, s3, s2
core   0: 3 0x80003444 (0x0129a1b3) x 3 0x00000001
core   0: 0x80003448 (0x00000001) c.nop
core   0: 3 0x80003448 (0x0001)
core   0: 0x8000344a (0x02e7aab3) mulhsu  s5, a5, a4
core   0: 3 0x8000344a (0x02e7aab3) x21 0xfffffff8
core   0: 0x8000344e (0x2ab8a793) slti    a5, a7, 683
core   0: 3 0x8000344e (0x2ab8a793) x15 0x00000001
core   0: 0x80003452 (0x40d30fb3) sub     t6, t1, a3
core   0: 3 0x80003452 (0x40d30fb3) x31 0x684b7010
core   0: 0x80003456 (0x01704ab3) xor     s5, zero, s7
core   0: 3 0x80003456 (0x01704ab3) x21 0x80013ce4
core   0: 0x8000345a (0x11ec5e37) lui     t3, 0x11ec5
core   0: 3 0x8000345a (0x11ec5e37) x28 0x11ec5000
core   0: 0x8000345e (0x002a7733) and     a4, s4, sp
core   0: 3 0x8000345e (0x002a7733) x14 0x00010000
core   0: 0x80003462 (0x00fc2db3) slt     s11, s8, a5
core   0: 3 0x80003462 (0x00fc2db3) x27 0x00000001
core   0: 0x80003466 (0x00008c69) c.and   s0, a0
core   0: 3 0x80003466 (0x8c69) x 8 0x00000000
core   0: 0x80003468 (0x00008e59) c.or    a2, a4
core   0: 3 0x80003468 (0x8e59) x12 0x80014064
core   0: 0x8000346a (0x404c5993) srai    s3, s8, 4
core   0: 3 0x8000346a (0x404c5993) x19 0xffffffff
core   0: 0x8000346e (0x0286f0b3) remu    ra, a3, s0
core   0: 3 0x8000346e (0x0286f0b3) x 1 0x97b44de0
core   0: 0x80003472 (0x02b60033) mul     zero, a2, a1
core   0: 3 0x80003472 (0x02b60033)
core   0: 0x80003476 (0xd652e713) ori     a4, t0, -667
core   0: 3 0x80003476 (0xd652e713) x14 0xfffffd65
core   0: 0x8000347a (0x00179a33) sll     s4, a5, ra
core   0: 3 0x8000347a (0x00179a33) x20 0x00000001
core   0: 0x8000347e (0x00c972b3) and     t0, s2, a2
core   0: 3 0x8000347e (0x00c972b3) x 5 0x00000000
core   0: 0x80003482 (0x000084a5) c.srai  s1, 9
core   0: 3 0x80003482 (0x84a5) x 9 0xffefffd8
core   0: 0x80003484 (0x0042f7b3) and     a5, t0, tp
core   0: 3 0x80003484 (0x0042f7b3) x15 0x00000000
core   0: 0x80003488 (0x01b73e33) sltu    t3, a4, s11
core   0: 3 0x80003488 (0x01b73e33) x28 0x00000000
core   0: 0x8000348c (0x02f533b3) mulhu   t2, a0, a5
core   0: 3 0x8000348c (0x02f533b3) x 7 0x00000000
core   0: 0x80003490 (0x41a58e33) sub     t3, a1, s10
core   0: 3 0x80003490 (0x41a58e33) x28 0x6c000000
core   0: 0x80003494 (0x415385b3) sub     a1, t2, s5
core   0: 3 0x80003494 (0x415385b3) x11 0x7ffec31c
core   0: 0x80003498 (0xaceccd93) xori    s11, s9, -1330
core   0: 3 0x80003498 (0xaceccd93) x27 0x66dd3ace
core   0: 0x8000349c (0x0000813d) c.srli  a0, 15
core   0: 3 0x8000349c (0x813d) x10 0x00000000
core   0: 0x8000349e (0x4090e913) ori     s2, ra, 1033
core   0: 3 0x8000349e (0x4090e913) x18 0x97b44de9
core   0: 0x800034a2 (0x00008fcd) c.or    a5, a1
core   0: 3 0x800034a2 (0x8fcd) x15 0x7ffec31c
core   0: 0x800034a4 (0x018c5013) srli    zero, s8, 24
core   0: 3 0x800034a4 (0x018c5013)
core   0: 0x800034a8 (0x007ae9b3) or      s3, s5, t2
core   0: 3 0x800034a8 (0x007ae9b3) x19 0x80013ce4
core   0: 0x800034ac (0x053b8913) addi    s2, s7, 83
core   0: 3 0x800034ac (0x053b8913) x18 0x80013d37
core   0: 0x800034b0 (0x4deb4193) xori    gp, s6, 1246
core   0: 3 0x800034b0 (0x4deb4193) x 3 0x000004d0
core   0: 0x800034b4 (0xae08f393) andi    t2, a7, -1312
core   0: 3 0x800034b4 (0xae08f393) x 7 0x00000000
core   0: 0x800034b8 (0x0144df33) srl     t5, s1, s4
core   0: 3 0x800034b8 (0x0144df33) x30 0x7ff7ffec
core   0: 0x800034bc (0x00008a1e) c.mv    s4, t2
core   0: 3 0x800034bc (0x8a1e) x20 0x00000000
core   0: 0x800034be (0x02229233) mulh    tp, t0, sp
core   0: 3 0x800034be (0x02229233) x 4 0x00000000
core   0: 0x800034c2 (0xaf2c8a13) addi    s4, s9, -1294
core   0: 3 0x800034c2 (0xaf2c8a13) x20 0x9922baf2
core   0: 0x800034c6 (0x023ad4b3) divu    s1, s5, gp
core   0: 3 0x800034c6 (0x023ad4b3) x 9 0x001a9931
core   0: 0x800034ca (0x00008f31) c.xor   a4, a2
core   0: 3 0x800034ca (0x8f31) x14 0x7ffebd01
core   0: 0x800034cc (0x038f63b3) rem     t2, t5, s8
core   0: 3 0x800034cc (0x038f63b3) x 7 0x00000000
core   0: 0x800034d0 (0x001edc33) srl     s8, t4, ra
core   0: 3 0x800034d0 (0x001edc33) x24 0x00000015
core   0: 0x800034d4 (0x00008fbd) c.xor   a5, a5
core   0: 3 0x800034d4 (0x8fbd) x15 0x00000000
core   0: 0x800034d6 (0xb831b437) lui     s0, 0xb831b
core   0: 3 0x800034d6 (0xb831b437) x 8 0xb831b000
core   0: 0x800034da (0x01fc7eb3) and     t4, s8, t6
core   0: 3 0x800034da (0x01fc7eb3) x29 0x00000010
core   0: 0x800034de (0x00c9c9b3) xor     s3, s3, a2
core   0: 3 0x800034de (0x00c9c9b3) x19 0x00007c80
core   0: 0x800034e2 (0xeded6e13) ori     t3, s10, -290
core   0: 3 0x800034e2 (0xeded6e13) x28 0xfffffede
core   0: 0x800034e6 (0x00672ab3) slt     s5, a4, t1
core   0: 3 0x800034e6 (0x00672ab3) x21 0x00000000
core   0: 0x800034ea (0x89d1f013) andi    zero, gp, -1891
core   0: 3 0x800034ea (0x89d1f013)
core   0: 0x800034ee (0x02523f33) mulhu   t5, tp, t0
core   0: 3 0x800034ee (0x02523f33) x30 0x00000000
core   0: 0x800034f2 (0x00005ffd) c.li    t6, -1
core   0: 3 0x800034f2 (0x5ffd) x31 0xffffffff
core   0: 0x800034f4 (0x00008f35) c.xor   a4, a3
core   0: 3 0x800034f4 (0x8f35) x14 0xe84af0e1
core   0: 0x800034f6 (0x3df5f413) andi    s0, a1, 991
core   0: 3 0x800034f6 (0x3df5f413) x 8 0x0000031c
core   0: 0x800034fa (0x00fcac33) slt     s8, s9, a5
core   0: 3 0x800034fa (0x00fcac33) x24 0x00000001
core   0: 0x800034fe (0x02457fb3) remu    t6, a0, tp
core   0: 3 0x800034fe (0x02457fb3) x31 0x00000000
core   0: 0x80003502 (0x1eecae93) slti    t4, s9, 494
core   0: 3 0x80003502 (0x1eecae93) x29 0x00000001
core   0: 0x80003506 (0x007c1f33) sll     t5, s8, t2
core   0: 3 0x80003506 (0x007c1f33) x30 0x00000001
core   0: 0x8000350a (0x00cfeab3) or      s5, t6, a2
core   0: 3 0x8000350a (0x00cfeab3) x21 0x80014064
core   0: 0x8000350e (0x00008c62) c.mv    s8, s8
core   0: 3 0x8000350e (0x8c62) x24 0x00000001
core   0: 0x80003510 (0x02769e33) mulh    t3, a3, t2
core   0: 3 0x80003510 (0x02769e33) x28 0x00000000
core   0: 0x80003514 (0x40ae5613) srai    a2, t3, 10
core   0: 3 0x80003514 (0x40ae5613) x12 0x00000000
core   0: 0x80003518 (0x0141de93) srli    t4, gp, 20
core   0: 3 0x80003518 (0x0141de93) x29 0x00000000
core   0: 0x8000351c (0x02db8133) mul     sp, s7, a3
core   0: 3 0x8000351c (0x02db8133) x 2 0xacb5db80
core   0: 0x80003520 (0x32baaf13) slti    t5, s5, 811
core   0: 3 0x80003520 (0x32baaf13) x30 0x00000001
core   0: 0x80003524 (0x95fd09b7) lui     s3, 0x95fd0
core   0: 3 0x80003524 (0x95fd09b7) x19 0x95fd0000
core   0: 0x80003528 (0xa2d62a37) lui     s4, 0xa2d62
core   0: 3 0x80003528 (0xa2d62a37) x20 0xa2d62000
core   0: 0x8000352c (0xb3806093) ori     ra, zero, -1224
core   0: 3 0x8000352c (0xb3806093) x 1 0xfffffb38
core   0: 0x80003530 (0x00d75593) srli    a1, a4, 13
core   0: 3 0x80003530 (0x00d75593) x11 0x00074257
core   0: 0x80003534 (0x000062d1) c.lui   t0, 0x14
core   0: 3 0x80003534 (0x62d1) x 5 0x00014000
core   0: 0x80003536 (0x000019fd) c.addi  s3, -1
core   0: 3 0x80003536 (0x19fd) x19 0x95fcffff
core   0: 0x80003538 (0x02367033) remu    zero, a2, gp
core   0: 3 0x80003538 (0x02367033)
core   0: 0x8000353c (0x01c1cc33) xor     s8, gp, t3
core   0: 3 0x8000353c (0x01c1cc33) x24 0x000004d0
core   0: 0x80003540 (0x00de4f33) xor     t5, t3, a3
core   0: 3 0x80003540 (0x00de4f33) x30 0x97b44de0
core   0: 0x80003544 (0x415901b3) sub     gp, s2, s5
core   0: 3 0x80003544 (0x415901b3) x 3 0xfffffcd3
core   0: 0x80003548 (0x28c66213) ori     tp, a2, 652
core   0: 3 0x80003548 (0x28c66213) x 4 0x0000028c
core   0: 0x8000354c (0x026c86b3) mul     a3, s9, t1
core   0: 3 0x8000354c (0x026c86b3) x13 0x78540000
core   0: 0x80003550 (0x00000e90) c.addi4spn a2, sp, 848
core   0: 3 0x80003550 (0x0e90) x12 0xacb5ded0
core   0: 0x80003552 (0x025656b3) divu    a3, a2, t0
core   0: 3 0x80003552 (0x025656b3) x13 0x00008a2b
core   0: 0x80003556 (0x00008cf5) c.and   s1, a3
core   0: 3 0x80003556 (0x8cf5) x 9 0x00008821
core   0: 0x80003558 (0x3aefc713) xori    a4, t6, 942
core   0: 3 0x80003558 (0x3aefc713) x14 0x000003ae
core   0: 0x8000355c (0x00008d7d) c.and   a0, a5
core   0: 3 0x8000355c (0x8d7d) x10 0x00000000
core   0: 0x8000355e (0x41000933) sub     s2, zero, a6
core   0: 3 0x8000355e (0x41000933) x18 0x7fff019c
core   0: 0x80003562 (0x00000001) c.nop
core   0: 3 0x80003562 (0x0001)
core   0: 0x80003564 (0x0000137d) c.addi  t1, -1
core   0: 3 0x80003564 (0x137d) x 6 0xffffbdef
core   0: 0x80003566 (0x00008e0a) c.mv    t3, sp
core   0: 3 0x80003566 (0x8e0a) x28 0xacb5db80
core   0: 0x80003568 (0x00bdb033) sltu    zero, s11, a1
core   0: 3 0x80003568 (0x00bdb033)
core   0: 0x8000356c (0x01ac1d13) slli    s10, s8, 26
core   0: 3 0x8000356c (0x01ac1d13) x26 0x40000000
core   0: 0x80003570 (0x02fae233) rem     tp, s5, a5
core   0: 3 0x80003570 (0x02fae233) x 4 0x80014064
core   0: 0x80003574 (0x002ce033) or      zero, s9, sp
core   0: 3 0x80003574 (0x002ce033)
core   0: 0x80003578 (0x62d5f097) auipc   ra, 0x62d5f
core   0: 3 0x80003578 (0x62d5f097) x 1 0xe2d62578
core   0: 0x8000357c (0x00d5c633) xor     a2, a1, a3
core   0: 3 0x8000357c (0x00d5c633) x12 0x0007c87c
core   0: 0x80003580 (0x0000197d) c.addi  s2, -1
core   0: 3 0x80003580 (0x197d) x18 0x7fff019b
core   0: 0x80003582 (0x00008bdd) c.andi  a5, 23
core   0: 3 0x80003582 (0x8bdd) x15 0x00000000
core   0: 0x80003584 (0x00535933) srl     s2, t1, t0
core   0: 3 0x80003584 (0x00535933) x18 0xffffbdef
core   0: 0x80003588 (0x3745f413) andi    s0, a1, 884
core   0: 3 0x80003588 (0x3745f413) x 8 0x00000254
core   0: 0x8000358c (0x03a02c33) mulhsu  s8, zero, s10
core   0: 3 0x8000358c (0x03a02c33) x24 0x00000000
core   0: 0x80003590 (0x00000001) c.nop
core   0: 3 0x80003590 (0x0001)
core   0: 0x80003592 (0x0000070e) c.slli  a4, 3
core   0: 3 0x80003592 (0x070e) x14 0x00001d70
core   0: 0x80003594 (0x6da3af13) slti    t5, t2, 1754
core   0: 3 0x80003594 (0x6da3af13) x30 0x00000001
core   0: 0x80003598 (0x01935d13) srli    s10, t1, 25
core   0: 3 0x80003598 (0x01935d13) x26 0x0000007f
core   0: 0x8000359c (0x411a55b3) sra     a1, s4, a7
core   0: 3 0x8000359c (0x411a55b3) x11 0xa2d62000
core   0: 0x800035a0 (0x0000717d) c.addi16sp sp, -16
core   0: 3 0x800035a0 (0x717d) x 2 0xacb5db70
core   0: 0x800035a2 (0x41b75033) sra     zero, a4, s11
core   0: 3 0x800035a2 (0x41b75033)
core   0: 0x800035a6 (0x01db23b3) slt     t2, s6, t4
core   0: 3 0x800035a6 (0x01db23b3) x 7 0x00000000
core   0: 0x800035aa (0x00000001) c.nop
core   0: 3 0x800035aa (0x0001)
core   0: 0x800035ac (0x3a783693) sltiu   a3, a6, 935
core   0: 3 0x800035ac (0x3a783693) x13 0x00000000
core   0: 0x800035b0 (0x002ecab3) xor     s5, t4, sp
core   0: 3 0x800035b0 (0x002ecab3) x21 0xacb5db70
core   0: 0x800035b4 (0x00008a0e) c.mv    s4, gp
core   0: 3 0x800035b4 (0x8a0e) x20 0xfffffcd3
core   0: 0x800035b6 (0x00008fe1) c.and   a5, s0
core   0: 3 0x800035b6 (0x8fe1) x15 0x00000000
core   0: 0x800035b8 (0x4073d713) srai    a4, t2, 7
core   0: 3 0x800035b8 (0x4073d713) x14 0x00000000
core   0: 0x800035bc (0x40005233) sra     tp, zero, zero
core   0: 3 0x800035bc (0x40005233) x 4 0x00000000
core   0: 0x800035c0 (0x02f09cb3) mulh    s9, ra, a5
core   0: 3 0x800035c0 (0x02f09cb3) x25 0x00000000
core   0: 0x800035c4 (0x001110b3) sll     ra, sp, ra
core   0: 3 0x800035c4 (0x001110b3) x 1 0x70000000
core   0: 0x800035c8 (0x03e47033) remu    zero, s0, t5
core   0: 3 0x800035c8 (0x03e47033)
core   0: 0x800035cc (0x00008355) c.srli  a4, 21
core   0: 3 0x800035cc (0x8355) x14 0x00000000
core   0: 0x800035ce (0x024be0b3) rem     ra, s7, tp
core   0: 3 0x800035ce (0x024be0b3) x 1 0x80013ce4
core   0: 0x800035d2 (0x01ec9d13) slli    s10, s9, 30
core   0: 3 0x800035d2 (0x01ec9d13) x26 0x00000000
core   0: 0x800035d6 (0x02c5a333) mulhsu  t1, a1, a2
core   0: 3 0x800035d6 (0x02c5a333) x 6 0xfffd2ae5
core   0: 0x800035da (0x00008625) c.srai  a2, 9
core   0: 3 0x800035da (0x8625) x12 0x000003e4
core   0: 0x800035dc (0x8864bfb7) lui     t6, 0x8864b
core   0: 3 0x800035dc (0x8864bfb7) x31 0x8864b000
core   0: 0x800035e0 (0x00000001) c.nop
core   0: 3 0x800035e0 (0x0001)
core   0: 0x800035e2 (0x00008215) c.srli  a2, 5
core   0: 3 0x800035e2 (0x8215) x12 0x0000001f
core   0: 0x800035e4 (0x000099fd) c.andi  a1, -1
core   0: 3 0x800035e4 (0x99fd) x11 0xa2d62000
core   0: 0x800035e6 (0x00008c6e) c.mv    s8, s11
core   0: 3 0x800035e6 (0x8c6e) x24 0x66dd3ace
core   0: 0x800035e8 (0x00008fcd) c.or    a5, a1
core   0: 3 0x800035e8 (0x8fcd) x15 0xa2d62000
core   0: 0x800035ea (0x000aaeb3) slt     t4, s5, zero
core   0: 3 0x800035ea (0x000aaeb3) x29 0x00000001
core   0: 0x800035ee (0x00008c65) c.and   s0, s1
core   0: 3 0x800035ee (0x8c65) x 8 0x00000000
core   0: 0x800035f0 (0x00004081) c.li    ra, 0
core   0: 3 0x800035f0 (0x4081) x 1 0x00000000
core   0: 0x800035f2 (0x000006ce) c.slli  a3, 19
core   0: 3 0x800035f2 (0x06ce) x13 0x00000000
core   0: 0x800035f4 (0x02b293b3) mulh    t2, t0, a1
core   0: 3 0x800035f4 (0x02b293b3) x 7 0xffff8b8b
core   0: 0x800035f8 (0x00969a93) slli    s5, a3, 9
core   0: 3 0x800035f8 (0x00969a93) x21 0x00000000
core   0: 0x800035fc (0x000085c9) c.srai  a1, 18
core   0: 3 0x800035fc (0x85c9) x11 0xffffe8b5
core   0: 0x800035fe (0x0300ac33) mulhsu  s8, ra, a6
core   0: 3 0x800035fe (0x0300ac33) x24 0x00000000
core   0: 0x80003602 (0xe7b36993) ori     s3, t1, -389
core   0: 3 0x80003602 (0xe7b36993) x19 0xfffffeff
core   0: 0x80003606 (0x00004451) c.li    s0, 20
core   0: 3 0x80003606 (0x4451) x 8 0x00000014
core   0: 0x80003608 (0x00cf90b3) sll     ra, t6, a2
core   0: 3 0x80003608 (0x00cf90b3) x 1 0x00000000
core   0: 0x8000360c (0x00008c3d) c.xor   s0, a5
core   0: 3 0x8000360c (0x8c3d) x 8 0xa2d62014
core   0: 0x8000360e (0x031700b3) mul     ra, a4, a7
core   0: 3 0x8000360e (0x031700b3) x 1 0x00000000
core   0: 0x80003612 (0x739eb913) sltiu   s2, t4, 1849
core   0: 3 0x80003612 (0x739eb913) x18 0x00000001
core   0: 0x80003616 (0xe9c62613) slti    a2, a2, -356
core   0: 3 0x80003616 (0xe9c62613) x12 0x00000000
core   0: 0x8000361a (0x008ce7b3) or      a5, s9, s0
core   0: 3 0x8000361a (0x008ce7b3) x15 0xa2d62014
core   0: 0x8000361e (0x00008c89) c.sub   s1, a0
core   0: 3 0x8000361e (0x8c89) x 9 0x00008821
core   0: 0x80003620 (0x00000b80) c.addi4spn s0, sp, 464
core   0: 3 0x80003620 (0x0b80) x 8 0xacb5dd40
core   0: 0x80003622 (0x026630b3) mulhu   ra, a2, t1
core   0: 3 0x80003622 (0x026630b3) x 1 0x00000000
core   0: 0x80003626 (0x00000001) c.nop
core   0: 3 0x80003626 (0x0001)
core   0: 0x80003628 (0x01ef9f33) sll     t5, t6, t5
core   0: 3 0x80003628 (0x01ef9f33) x30 0x10c96000
core   0: 0x8000362c (0x00a5d433) srl     s0, a1, a0
core   0: 3 0x8000362c (0x00a5d433) x 8 0xffffe8b5
core   0: 0x80003630 (0x00008fb9) c.xor   a5, a4
core   0: 3 0x80003630 (0x8fb9) x15 0xa2d62014
core   0: 0x80003632 (0x8a2b4413) xori    s0, s6, -1886
core   0: 3 0x80003632 (0x8a2b4413) x 8 0xfffff8ac
core   0: 0x80003636 (0x017ea433) slt     s0, t4, s7
core   0: 3 0x80003636 (0x017ea433) x 8 0x00000000
core   0: 0x8000363a (0x00006349) c.lui   t1, 0x12
core   0: 3 0x8000363a (0x6349) x 6 0x00012000
core   0: 0x8000363c (0x00006a91) c.lui   s5, 0x4
core   0: 3 0x8000363c (0x6a91) x21 0x00004000
core   0: 0x8000363e (0x00006d89) c.lui   s11, 0x2
core   0: 3 0x8000363e (0x6d89) x27 0x00002000
core   0: 0x80003640 (0x02eb61b3) rem     gp, s6, a4
core   0: 3 0x80003640 (0x02eb61b3) x 3 0x0000000e
core   0: 0x80003644 (0x00008ccd) c.or    s1, a1
core   0: 3 0x80003644 (0x8ccd) x 9 0xffffe8b5
core   0: 0x80003646 (0x03d790b3) mulh    ra, a5, t4
core   0: 3 0x80003646 (0x03d790b3) x 1 0xffffffff
core   0: 0x8000364a (0x00000001) c.nop
core   0: 3 0x8000364a (0x0001)
core   0: 0x8000364c (0x03e9e333) rem     t1, s3, t5
core   0: 3 0x8000364c (0x03e9e333) x 6 0xfffffeff
core   0: 0x80003650 (0x00008a26) c.mv    s4, s1
core   0: 3 0x80003650 (0x8a26) x20 0xffffe8b5
core   0: 0x80003652 (0x0180ad33) slt     s10, ra, s8
core   0: 3 0x80003652 (0x0180ad33) x26 0x00000001
core   0: 0x80003656 (0x00008315) c.srli  a4, 5
core   0: 3 0x80003656 (0x8315) x14 0x00000000
core   0: 0x80003658 (0x00000001) c.nop
core   0: 3 0x80003658 (0x0001)
core   0: 0x8000365a (0x0000717d) c.addi16sp sp, -16
core   0: 3 0x8000365a (0x717d) x 2 0xacb5db60
core   0: 0x8000365c (0x01067eb3) and     t4, a2, a6
core   0: 3 0x8000365c (0x01067eb3) x29 0x00000000
core   0: 0x80003660 (0x000080fd) c.srli  s1, 31
core   0: 3 0x80003660 (0x80fd) x 9 0x00000001
core   0: 0x80003662 (0x00008fa9) c.xor   a5, a0
core   0: 3 0x80003662 (0x8fa9) x15 0xa2d62014
core   0: 0x80003664 (0x0395aa33) mulhsu  s4, a1, s9
core   0: 3 0x80003664 (0x0395aa33) x20 0x00000000
core   0: 0x80003668 (0x00008ce1) c.and   s1, s0
core   0: 3 0x80003668 (0x8ce1) x 9 0x00000000
core   0: 0x8000366a (0x015c7db3) and     s11, s8, s5
core   0: 3 0x8000366a (0x015c7db3) x27 0x00000000
core   0: 0x8000366e (0x000016fd) c.addi  a3, -1
core   0: 3 0x8000366e (0x16fd) x13 0xffffffff
core   0: 0x80003670 (0x22a82613) slti    a2, a6, 554
core   0: 3 0x80003670 (0x22a82613) x12 0x00000001
core   0: 0x80003674 (0x033aa033) mulhsu  zero, s5, s3
core   0: 3 0x80003674 (0x033aa033)
core   0: 0x80003678 (0x00008ee5) c.and   a3, s1
core   0: 3 0x80003678 (0x8ee5) x13 0x00000000
core   0: 0x8000367a (0x25618193) addi    gp, gp, 598
core   0: 3 0x8000367a (0x25618193) x 3 0x00000264
core   0: 0x8000367e (0x000081b1) c.srli  a1, 12
core   0: 3 0x8000367e (0x81b1) x11 0x000ffffe
core   0: 0x80003680 (0x00fb39b3) sltu    s3, s6, a5
core   0: 3 0x80003680 (0x00fb39b3) x19 0x00000001
core   0: 0x80003684 (0x4d624193) xori    gp, tp, 1238
core   0: 3 0x80003684 (0x4d624193) x 3 0x000004d6
core   0: 0x80003688 (0xfff00513) li      a0, -1
core   0: 3 0x80003688 (0xfff00513) x10 0xffffffff
core   0: 0x8000368c (0x800004b7) lui     s1, 0x80000
core   0: 3 0x8000368c (0x800004b7) x 9 0x80000000
core   0: 0x80003690 (0x9f036337) lui     t1, 0x9f036
core   0: 3 0x80003690 (0x9f036337) x 6 0x9f036000
core   0: 0x80003694 (0xf9930313) addi    t1, t1, -103
core   0: 3 0x80003694 (0xf9930313) x 6 0x9f035f99
core   0: 0x80003698 (0x80000637) lui     a2, 0x80000
core   0: 3 0x80003698 (0x80000637) x12 0x80000000
core   0: 0x8000369c (0x795a7f37) lui     t5, 0x795a7
core   0: 3 0x8000369c (0x795a7f37) x30 0x795a7000
core   0: 0x800036a0 (0x707f0f13) addi    t5, t5, 1799
core   0: 3 0x800036a0 (0x707f0f13) x30 0x795a7707
core   0: 0x800036a4 (0x00004581) c.li    a1, 0
core   0: 3 0x800036a4 (0x4581) x11 0x00000000
core   0: 0x800036a6 (0x800003b7) lui     t2, 0x80000
core   0: 3 0x800036a6 (0x800003b7) x 7 0x80000000
core   0: 0x800036aa (0xa9307eb7) lui     t4, 0xa9307
core   0: 3 0x800036aa (0xa9307eb7) x29 0xa9307000
core   0: 0x800036ae (0x680e8e93) addi    t4, t4, 1664
core   0: 3 0x800036ae (0x680e8e93) x29 0xa9307680
core   0: 0x800036b2 (0xfff00a93) li      s5, -1
core   0: 3 0x800036b2 (0xfff00a93) x21 0xffffffff
core   0: 0x800036b6 (0x00004201) c.li    tp, 0
core   0: 3 0x800036b6 (0x4201) x 4 0x00000000
core   0: 0x800036b8 (0x40be8333) sub     t1, t4, a1
core   0: 3 0x800036b8 (0x40be8333) x 6 0xa9307680
core   0: 0x800036bc (0x02b25633) divu    a2, tp, a1
core   0: 3 0x800036bc (0x02b25633) x12 0xffffffff
core   0: 0x800036c0 (0x02a59233) mulh    tp, a1, a0
core   0: 3 0x800036c0 (0x02a59233) x 4 0x00000000
core   0: 0x800036c4 (0x026a9533) mulh    a0, s5, t1
core   0: 3 0x800036c4 (0x026a9533) x10 0x00000000
core   0: 0x800036c8 (0x4e2a8f37) lui     t5, 0x4e2a8
core   0: 3 0x800036c8 (0x4e2a8f37) x30 0x4e2a8000
core   0: 0x800036cc (0x41538333) sub     t1, t2, s5
core   0: 3 0x800036cc (0x41538333) x 6 0x80000001
core   0: 0x800036d0 (0x0524e397) auipc   t2, 0x524e
core   0: 3 0x800036d0 (0x0524e397) x 7 0x852516d0
core   0: 0x800036d4 (0x02952eb3) mulhsu  t4, a0, s1
core   0: 3 0x800036d4 (0x02952eb3) x29 0x00000000
core   0: 0x800036d8 (0x02448eb3) mul     t4, s1, tp
core   0: 3 0x800036d8 (0x02448eb3) x29 0x00000000
core   0: 0x800036dc (0x94378217) auipc   tp, 0x94378
core   0: 3 0x800036dc (0x94378217) x 4 0x1437b6dc
core   0: 0x800036e0 (0x00000001) c.nop
core   0: 3 0x800036e0 (0x0001)
core   0: 0x800036e2 (0x104f0393) addi    t2, t5, 260
core   0: 3 0x800036e2 (0x104f0393) x 7 0x4e2a8104
core   0: 0x800036e6 (0x0355f233) remu    tp, a1, s5
core   0: 3 0x800036e6 (0x0355f233) x 4 0x00000000
core   0: 0x800036ea (0x0295c333) div     t1, a1, s1
core   0: 3 0x800036ea (0x0295c333) x 6 0x00000000
core   0: 0x800036ee (0x02726233) rem     tp, tp, t2
core   0: 3 0x800036ee (0x02726233) x 4 0x00000000
core   0: 0x800036f2 (0xf30b2f17) auipc   t5, 0xf30b2
core   0: 3 0x800036f2 (0xf30b2f17) x30 0x730b56f2
core   0: 0x800036f6 (0x3e0f0f13) addi    t5, t5, 992
core   0: 3 0x800036f6 (0x3e0f0f13) x30 0x730b5ad2
core   0: 0x800036fa (0x00000001) c.nop
core   0: 3 0x800036fa (0x0001)
core   0: 0x800036fc (0x02449ab3) mulh    s5, s1, tp
core   0: 3 0x800036fc (0x02449ab3) x21 0x00000000
core   0: 0x80003700 (0x03e39633) mulh    a2, t2, t5
core   0: 3 0x80003700 (0x03e39633) x12 0x23208f83
core   0: 0x80003704 (0xd83bdab7) lui     s5, 0xd83bd
core   0: 3 0x80003704 (0xd83bdab7) x21 0xd83bd000
core   0: 0x80003708 (0x0274d333) divu    t1, s1, t2
core   0: 3 0x80003708 (0x0274d333) x 6 0x00000001
core   0: 0x8000370c (0x009a85b3) add     a1, s5, s1
core   0: 3 0x8000370c (0x009a85b3) x11 0x583bd000
core   0: 0x80003710 (0x44ca8513) addi    a0, s5, 1100
core   0: 3 0x80003710 (0x44ca8513) x10 0xd83bd44c
core   0: 0x80003714 (0x00000001) c.nop
core   0: 3 0x80003714 (0x0001)
core   0: 0x80003716 (0x02a593b3) mulh    t2, a1, a0
core   0: 3 0x80003716 (0x02a593b3) x 7 0xf24b4674
core   0: 0x8000371a (0x02af4ab3) div     s5, t5, a0
core   0: 3 0x8000371a (0x02af4ab3) x21 0xfffffffe
core   0: 0x8000371e (0x0287b2b3) mulhu   t0, a5, s0
core   0: 3 0x8000371e (0x0287b2b3) x 5 0x00000000
core   0: 0x80003722 (0x01229193) slli    gp, t0, 18
core   0: 3 0x80003722 (0x01229193) x 3 0x00000000
core   0: 0x80003726 (0x00008dbd) c.xor   a1, a5
core   0: 3 0x80003726 (0x8dbd) x11 0xfaedf014
core   0: 0x80003728 (0x00008f69) c.and   a4, a0
core   0: 3 0x80003728 (0x8f69) x14 0x00000000
core   0: 0x8000372a (0x00000eea) c.slli  t4, 26
core   0: 3 0x8000372a (0x0eea) x29 0x00000000
core   0: 0x8000372c (0x03dc78b3) remu    a7, s8, t4
core   0: 3 0x8000372c (0x03dc78b3) x17 0x00000000
core   0: 0x80003730 (0x40ed02b3) sub     t0, s10, a4
core   0: 3 0x80003730 (0x40ed02b3) x 5 0x00000001
core   0: 0x80003734 (0x707eb613) sltiu   a2, t4, 1799
core   0: 3 0x80003734 (0x707eb613) x12 0x00000001
core   0: 0x80003738 (0x003fa633) slt     a2, t6, gp
core   0: 3 0x80003738 (0x003fa633) x12 0x00000001
core   0: 0x8000373c (0x13914013) xori    zero, sp, 313
core   0: 3 0x8000373c (0x13914013)
core   0: 0x80003740 (0xd2dda293) slti    t0, s11, -723
core   0: 3 0x80003740 (0xd2dda293) x 5 0x00000000
core   0: 0x80003744 (0x0000615d) c.addi16sp sp, 432
core   0: 3 0x80003744 (0x615d) x 2 0xacb5dd10
core   0: 0x80003746 (0x0209eeb3) rem     t4, s3, zero
core   0: 3 0x80003746 (0x0209eeb3) x29 0x00000001
core   0: 0x8000374a (0x01e3cfb3) xor     t6, t2, t5
core   0: 3 0x8000374a (0x01e3cfb3) x31 0x81401ca6
core   0: 0x8000374e (0x00008cc9) c.or    s1, a0
core   0: 3 0x8000374e (0x8cc9) x 9 0xd83bd44c
core   0: 0x80003750 (0x000060b1) c.lui   ra, 0xc
core   0: 3 0x80003750 (0x60b1) x 1 0x0000c000
core   0: 0x80003752 (0x03f83633) mulhu   a2, a6, t6
core   0: 3 0x80003752 (0x03f83633) x12 0x40a08ec3
core   0: 0x80003756 (0x02cf8fb3) mul     t6, t6, a2
core   0: 3 0x80003756 (0x02cf8fb3) x31 0x6b79e672
core   0: 0x8000375a (0x022d1f33) mulh    t5, s10, sp
core   0: 3 0x8000375a (0x022d1f33) x30 0xffffffff
core   0: 0x8000375e (0x00001c1c) c.addi4spn a5, sp, 560
core   0: 3 0x8000375e (0x1c1c) x15 0xacb5df40
core   0: 0x80003760 (0x03b92a33) mulhsu  s4, s2, s11
core   0: 3 0x80003760 (0x03b92a33) x20 0x00000000
core   0: 0x80003764 (0x0163f633) and     a2, t2, s6
core   0: 3 0x80003764 (0x0163f633) x12 0x00000004
core   0: 0x80003768 (0x03852db3) mulhsu  s11, a0, s8
core   0: 3 0x80003768 (0x03852db3) x27 0x00000000
core   0: 0x8000376c (0xaf3239b7) lui     s3, 0xaf323
core   0: 3 0x8000376c (0xaf3239b7) x19 0xaf323000
core   0: 0x80003770 (0x02c3c6b3) div     a3, t2, a2
core   0: 3 0x80003770 (0x02c3c6b3) x13 0xfc92d19d
core   0: 0x80003774 (0x01f09c33) sll     s8, ra, t6
core   0: 3 0x80003774 (0x01f09c33) x24 0x00000000
core   0: 0x80003778 (0x00008d89) c.sub   a1, a0
core   0: 3 0x80003778 (0x8d89) x11 0x22b21bc8
core   0: 0x8000377a (0xb988fe93) andi    t4, a7, -1128
core   0: 3 0x8000377a (0xb988fe93) x29 0x00000000
core   0: 0x8000377e (0x0052da93) srli    s5, t0, 5
core   0: 3 0x8000377e (0x0052da93) x21 0x00000000
core   0: 0x80003782 (0x000e12b3) sll     t0, t3, zero
core   0: 3 0x80003782 (0x000e12b3) x 5 0xacb5db80
core   0: 0x80003786 (0x469fad93) slti    s11, t6, 1129
core   0: 3 0x80003786 (0x469fad93) x27 0x00000000
core   0: 0x8000378a (0x0318df33) divu    t5, a7, a7
core   0: 3 0x8000378a (0x0318df33) x30 0xffffffff
core   0: 0x8000378e (0x416e5f33) sra     t5, t3, s6
core   0: 3 0x8000378e (0x416e5f33) x30 0xfffeb2d7
core   0: 0x80003792 (0x00001984) c.addi4spn s1, sp, 240
core   0: 3 0x80003792 (0x1984) x 9 0xacb5de00
core   0: 0x80003794 (0x03b56733) rem     a4, a0, s11
core   0: 3 0x80003794 (0x03b56733) x14 0xd83bd44c
core   0: 0x80003798 (0x0000843d) c.srai  s0, 15
core   0: 3 0x80003798 (0x843d) x 8 0x00000000
core   0: 0x8000379a (0x001839b3) sltu    s3, a6, ra
core   0: 3 0x8000379a (0x001839b3) x19 0x00000000
core   0: 0x8000379e (0x0351de33) divu    t3, gp, s5
core   0: 3 0x8000379e (0x0351de33) x28 0xffffffff
core   0: 0x800037a2 (0x002354b3) srl     s1, t1, sp
core   0: 3 0x800037a2 (0x002354b3) x 9 0x00000000
core   0: 0x800037a6 (0x00009a7d) c.andi  a2, -1
core   0: 3 0x800037a6 (0x9a7d) x12 0x00000004
core   0: 0x800037a8 (0x000004aa) c.slli  s1, 10
core   0: 3 0x800037a8 (0x04aa) x 9 0x00000000
core   0: 0x800037aa (0x000088d5) c.andi  s1, 21
core   0: 3 0x800037aa (0x88d5) x 9 0x00000000
core   0: 0x800037ac (0x00008d39) c.xor   a0, a4
core   0: 3 0x800037ac (0x8d39) x10 0x00000000
core   0: 0x800037ae (0x00116933) or      s2, sp, ra
core   0: 3 0x800037ae (0x00116933) x18 0xacb5dd10
core   0: 0x800037b2 (0x0000997d) c.andi  a0, -1
core   0: 3 0x800037b2 (0x997d) x10 0x00000000
core   0: 0x800037b4 (0x0000830d) c.srli  a4, 3
core   0: 3 0x800037b4 (0x830d) x14 0x1b077a89
core   0: 0x800037b6 (0xf91c90b7) lui     ra, 0xf91c9
core   0: 3 0x800037b6 (0xf91c90b7) x 1 0xf91c9000
core   0: 0x800037ba (0x01fb1cb3) sll     s9, s6, t6
core   0: 3 0x800037ba (0x01fb1cb3) x25 0x00380000
core   0: 0x800037be (0x4109d193) srai    gp, s3, 16
core   0: 3 0x800037be (0x4109d193) x 3 0x00000000
core   0: 0x800037c2 (0x02bc21b3) mulhsu  gp, s8, a1
core   0: 3 0x800037c2 (0x02bc21b3) x 3 0x00000000
core   0: 0x800037c6 (0x00fdda13) srli    s4, s11, 15
core   0: 3 0x800037c6 (0x00fdda13) x20 0x00000000
core   0: 0x800037ca (0x00d99a93) slli    s5, s3, 13
core   0: 3 0x800037ca (0x00d99a93) x21 0x00000000
core   0: 0x800037ce (0x00000001) c.nop
core   0: 3 0x800037ce (0x0001)
core   0: 0x800037d0 (0x02804db3) div     s11, zero, s0
core   0: 3 0x800037d0 (0x02804db3) x27 0xffffffff
core   0: 0x800037d4 (0x15e3c213) xori    tp, t2, 350
core   0: 3 0x800037d4 (0x15e3c213) x 4 0xf24b472a
core   0: 0x800037d8 (0x0000657d) c.lui   a0, 0x1f
core   0: 3 0x800037d8 (0x657d) x10 0x0001f000
core   0: 0x800037da (0x4763e693) ori     a3, t2, 1142
core   0: 3 0x800037da (0x4763e693) x13 0xf24b4676
core   0: 0x800037de (0x000065b9) c.lui   a1, 0xe
core   0: 3 0x800037de (0x65b9) x11 0x0000e000
core   0: 0x800037e0 (0x0b37ff93) andi    t6, a5, 179
core   0: 3 0x800037e0 (0x0b37ff93) x31 0x00000000
core   0: 0x800037e4 (0xf735ca13) xori    s4, a1, -141
core   0: 3 0x800037e4 (0xf735ca13) x20 0xffff1f73
core   0: 0x800037e8 (0x160186b7) lui     a3, 0x16018
core   0: 3 0x800037e8 (0x160186b7) x13 0x16018000
core   0: 0x800037ec (0x03d14fb3) div     t6, sp, t4
core   0: 3 0x800037ec (0x03d14fb3) x31 0xffffffff
core   0: 0x800037f0 (0x7f75e693) ori     a3, a1, 2039
core   0: 3 0x800037f0 (0x7f75e693) x13 0x0000e7f7
core   0: 0x800037f4 (0x00008ef9) c.and   a3, a4
core   0: 3 0x800037f4 (0x8ef9) x13 0x00006281
core   0: 0x800037f6 (0x0000878d) c.srai  a5, 3
core   0: 3 0x800037f6 (0x878d) x15 0xf596bbe8
core   0: 0x800037f8 (0x027070b3) remu    ra, zero, t2
core   0: 3 0x800037f8 (0x027070b3) x 1 0x00000000
core   0: 0x800037fc (0x35344d93) xori    s11, s0, 851
core   0: 3 0x800037fc (0x35344d93) x27 0x00000353
core   0: 0x80003800 (0x024edeb3) divu    t4, t4, tp
core   0: 3 0x80003800 (0x024edeb3) x29 0x00000000
core   0: 0x80003804 (0x00008f4d) c.or    a4, a1
core   0: 3 0x80003804 (0x8f4d) x14 0x1b07fa89
core   0: 0x80003806 (0x0000657d) c.lui   a0, 0x1f
core   0: 3 0x80003806 (0x657d) x10 0x0001f000
core   0: 0x80003808 (0x0196a533) slt     a0, a3, s9
core   0: 3 0x80003808 (0x0196a533) x10 0x00000001
core   0: 0x8000380c (0x66142513) slti    a0, s0, 1633
core   0: 3 0x8000380c (0x66142513) x10 0x00000001
core   0: 0x80003810 (0x03733fb3) mulhu   t6, t1, s7
core   0: 3 0x80003810 (0x03733fb3) x31 0x00000000
core   0: 0x80003814 (0x00001efd) c.addi  t4, -1
core   0: 3 0x80003814 (0x1efd) x29 0xffffffff
core   0: 0x80003816 (0xd5baea17) auipc   s4, 0xd5bae
core   0: 3 0x80003816 (0xd5baea17) x20 0x55bb1816
core   0: 0x8000381a (0x0304b333) mulhu   t1, s1, a6
core   0: 3 0x8000381a (0x0304b333) x 6 0x00000000
core   0: 0x8000381e (0x0000557d) c.li    a0, -1
core   0: 3 0x8000381e (0x557d) x10 0xffffffff
core   0: 0x80003820 (0x00004531) c.li    a0, 12
core   0: 3 0x80003820 (0x4531) x10 0x0000000c
core   0: 0x80003822 (0x00000a98) c.addi4spn a4, sp, 336
core   0: 3 0x80003822 (0x0a98) x14 0xacb5de60
core   0: 0x80003824 (0x263f79b7) lui     s3, 0x263f7
core   0: 3 0x80003824 (0x263f79b7) x19 0x263f7000
core   0: 0x80003828 (0x0000070c) c.addi4spn a1, sp, 896
core   0: 3 0x80003828 (0x070c) x11 0xacb5e090
core   0: 0x8000382a (0xa1722093) slti    ra, tp, -1513
core   0: 3 0x8000382a (0xa1722093) x 1 0x00000001
core   0: 0x8000382e (0x0141dd93) srli    s11, gp, 20
core   0: 3 0x8000382e (0x0141dd93) x27 0x00000000
core   0: 0x80003832 (0x02dfe5b3) rem     a1, t6, a3
core   0: 3 0x80003832 (0x02dfe5b3) x11 0x00000000
core   0: 0x80003836 (0x413ed2b3) sra     t0, t4, s3
core   0: 3 0x80003836 (0x413ed2b3) x 5 0xffffffff
core   0: 0x8000383a (0x02fa9fb3) mulh    t6, s5, a5
core   0: 3 0x8000383a (0x02fa9fb3) x31 0x00000000
core   0: 0x8000383e (0x000080f1) c.srli  s1, 28
core   0: 3 0x8000383e (0x80f1) x 9 0x00000000
core   0: 0x80003840 (0xb9d98c93) addi    s9, s3, -1123
core   0: 3 0x80003840 (0xb9d98c93) x25 0x263f6b9d
core   0: 0x80003844 (0x00008ff5) c.and   a5, a3
core   0: 3 0x80003844 (0x8ff5) x15 0x00002280
core   0: 0x80003846 (0x00000001) c.nop
core   0: 3 0x80003846 (0x0001)
core   0: 0x80003848 (0x00000a2e) c.slli  s4, 11
core   0: 3 0x80003848 (0x0a2e) x20 0xd8c0b000
core   0: 0x8000384a (0x4123da13) srai    s4, t2, 18
core   0: 3 0x8000384a (0x4123da13) x20 0xfffffc92
core   0: 0x8000384e (0x72642913) slti    s2, s0, 1830
core   0: 3 0x8000384e (0x72642913) x18 0x00000001
core   0: 0x80003852 (0xda144e37) lui     t3, 0xda144
core   0: 3 0x80003852 (0xda144e37) x28 0xda144000
core   0: 0x80003856 (0x0000717d) c.addi16sp sp, -16
core   0: 3 0x80003856 (0x717d) x 2 0xacb5dd00
core   0: 0x80003858 (0x02927d33) remu    s10, tp, s1
core   0: 3 0x80003858 (0x02927d33) x26 0xf24b472a
core   0: 0x8000385c (0x019fc533) xor     a0, t6, s9
core   0: 3 0x8000385c (0x019fc533) x10 0x263f6b9d
core   0: 0x80003860 (0x01169cb3) sll     s9, a3, a7
core   0: 3 0x80003860 (0x01169cb3) x25 0x00006281
core   0: 0x80003864 (0x030e5e33) divu    t3, t3, a6
core   0: 3 0x80003864 (0x030e5e33) x28 0x00000001
core   0: 0x80003868 (0x00cdb1b3) sltu    gp, s11, a2
core   0: 3 0x80003868 (0x00cdb1b3) x 3 0x00000001
core   0: 0x8000386c (0x00008c49) c.or    s0, a0
core   0: 3 0x8000386c (0x8c49) x 8 0x263f6b9d
core   0: 0x8000386e (0x00004721) c.li    a4, 8
core   0: 3 0x8000386e (0x4721) x14 0x00000008
core   0: 0x80003870 (0x41a2d693) srai    a3, t0, 26
core   0: 3 0x80003870 (0x41a2d693) x13 0xffffffff
core   0: 0x80003874 (0x032568b3) rem     a7, a0, s2
core   0: 3 0x80003874 (0x032568b3) x17 0x00000000
core   0: 0x80003878 (0x00c8fab3) and     s5, a7, a2
core   0: 3 0x80003878 (0x00c8fab3) x21 0x00000000
core   0: 0x8000387c (0x001968b3) or      a7, s2, ra
core   0: 3 0x8000387c (0x001968b3) x17 0x00000001
core   0: 0x80003880 (0x032b5f33) divu    t5, s6, s2
core   0: 3 0x80003880 (0x032b5f33) x30 0x0000000e
core   0: 0x80003884 (0x03608eb3) mul     t4, ra, s6
core   0: 3 0x80003884 (0x03608eb3) x29 0x0000000e
core   0: 0x80003888 (0x0000612d) c.addi16sp sp, 224
core   0: 3 0x80003888 (0x612d) x 2 0xacb5dde0
core   0: 0x8000388a (0x00a8e8b3) or      a7, a7, a0
core   0: 3 0x8000388a (0x00a8e8b3) x17 0x263f6b9d
core   0: 0x8000388e (0x40465c93) srai    s9, a2, 4
core   0: 3 0x8000388e (0x40465c93) x25 0x00000000
core   0: 0x80003892 (0x0d68fd93) andi    s11, a7, 214
core   0: 3 0x80003892 (0x0d68fd93) x27 0x00000094
core   0: 0x80003896 (0x00008ecd) c.or    a3, a1
core   0: 3 0x80003896 (0x8ecd) x13 0xffffffff
core   0: 0x80003898 (0x024462b3) rem     t0, s0, tp
core   0: 3 0x80003898 (0x024462b3) x 5 0x0ad5f9f1
core   0: 0x8000389c (0x03a24fb3) div     t6, tp, s10
core   0: 3 0x8000389c (0x03a24fb3) x31 0x00000001
core   0: 0x800038a0 (0x014bd533) srl     a0, s7, s4
core   0: 3 0x800038a0 (0x014bd533) x10 0x00002000
core   0: 0x800038a4 (0x96e7ad13) slti    s10, a5, -1682
core   0: 3 0x800038a4 (0x96e7ad13) x26 0x00000000
core   0: 0x800038a8 (0x71c822b7) lui     t0, 0x71c82
core   0: 3 0x800038a8 (0x71c822b7) x 5 0x71c82000
core   0: 0x800038ac (0x00000152) c.slli  sp, 20
core   0: 3 0x800038ac (0x0152) x 2 0xde000000
core   0: 0x800038ae (0x010b1413) slli    s0, s6, 16
core   0: 3 0x800038ae (0x010b1413) x 8 0x000e0000
core   0: 0x800038b2 (0x8b828693) addi    a3, t0, -1864
core   0: 3 0x800038b2 (0x8b828693) x13 0x71c818b8
core   0: 0x800038b6 (0x00008fcd) c.or    a5, a1
core   0: 3 0x800038b6 (0x8fcd) x15 0x00002280
core   0: 0x800038b8 (0x00008c21) c.xor   s0, s0
core   0: 3 0x800038b8 (0x8c21) x 8 0x00000000
core   0: 0x800038ba (0x00008f5d) c.or    a4, a5
core   0: 3 0x800038ba (0x8f5d) x14 0x00002288
core   0: 0x800038bc (0x00000d90) c.addi4spn a2, sp, 720
core   0: 3 0x800038bc (0x0d90) x12 0xde0002d0
core   0: 0x800038be (0x02d7c433) div     s0, a5, a3
core   0: 3 0x800038be (0x02d7c433) x 8 0x00000000
core   0: 0x800038c2 (0x01bb8c33) add     s8, s7, s11
core   0: 3 0x800038c2 (0x01bb8c33) x24 0x80013d78
core   0: 0x800038c6 (0x01fb4933) xor     s2, s6, t6
core   0: 3 0x800038c6 (0x01fb4933) x18 0x0000000f
core   0: 0x800038ca (0x0000171c) c.addi4spn a5, sp, 928
core   0: 3 0x800038ca (0x171c) x15 0xde0003a0
core   0: 0x800038cc (0x00006959) c.lui   s2, 0x16
core   0: 3 0x800038cc (0x6959) x18 0x00016000
core   0: 0x800038ce (0x03c7f933) remu    s2, a5, t3
core   0: 3 0x800038ce (0x03c7f933) x18 0x00000000
core   0: 0x800038d2 (0x03a75fb3) divu    t6, a4, s10
core   0: 3 0x800038d2 (0x03a75fb3) x31 0xffffffff
core   0: 0x800038d6 (0x000061ed) c.lui   gp, 0x1b
core   0: 3 0x800038d6 (0x61ed) x 3 0x0001b000
core   0: 0x800038d8 (0x02feb333) mulhu   t1, t4, a5
core   0: 3 0x800038d8 (0x02feb333) x 6 0x0000000c
core   0: 0x800038dc (0x00000001) c.nop
core   0: 3 0x800038dc (0x0001)
core   0: 0x800038de (0x03f013b3) mulh    t2, zero, t6
core   0: 3 0x800038de (0x03f013b3) x 7 0x00000000
core   0: 0x800038e2 (0x00000001) c.nop
core   0: 3 0x800038e2 (0x0001)
core   0: 0x800038e4 (0x038484b3) mul     s1, s1, s8
core   0: 3 0x800038e4 (0x038484b3) x 9 0x00000000
core   0: 0x800038e8 (0x02ae2733) mulhsu  a4, t3, a0
core   0: 3 0x800038e8 (0x02ae2733) x14 0x00000000
core   0: 0x800038ec (0x03e0b033) mulhu   zero, ra, t5
core   0: 3 0x800038ec (0x03e0b033)
core   0: 0x800038f0 (0x01a89713) slli    a4, a7, 26
core   0: 3 0x800038f0 (0x01a89713) x14 0x74000000
core   0: 0x800038f4 (0x00008f89) c.sub   a5, a0
core   0: 3 0x800038f4 (0x8f89) x15 0xddffe3a0
core   0: 0x800038f6 (0xe86f7093) andi    ra, t5, -378
core   0: 3 0x800038f6 (0xe86f7093) x 1 0x00000006
core   0: 0x800038fa (0x000003e5) c.addi  t2, 25
core   0: 3 0x800038fa (0x03e5) x 7 0x00000019
core   0: 0x800038fc (0x00008fca) c.mv    t6, s2
core   0: 3 0x800038fc (0x8fca) x31 0x00000000
core   0: 0x800038fe (0x17226493) ori     s1, tp, 370
core   0: 3 0x800038fe (0x17226493) x 9 0xf24b477a
core   0: 0x80003902 (0x00240f33) add     t5, s0, sp
core   0: 3 0x80003902 (0x00240f33) x30 0xde000000
core   0: 0x80003906 (0x020f7433) remu    s0, t5, zero
core   0: 3 0x80003906 (0x020f7433) x 8 0xde000000
core   0: 0x8000390a (0x031086b3) mul     a3, ra, a7
core   0: 3 0x8000390a (0x031086b3) x13 0xe57c85ae
core   0: 0x8000390e (0x011fd913) srli    s2, t6, 17
core   0: 3 0x8000390e (0x011fd913) x18 0x00000000
core   0: 0x80003912 (0x0219fc33) remu    s8, s3, ra
core   0: 3 0x80003912 (0x0219fc33) x24 0x00000000
core   0: 0x80003916 (0x40df8f33) sub     t5, t6, a3
core   0: 3 0x80003916 (0x40df8f33) x30 0x1a837a52
core   0: 0x8000391a (0x008878b3) and     a7, a6, s0
core   0: 3 0x8000391a (0x008878b3) x17 0x80000000
core   0: 0x8000391e (0x00008d19) c.sub   a0, a4
core   0: 3 0x8000391e (0x8d19) x10 0x8c002000
core   0: 0x80003920 (0x01225333) srl     t1, tp, s2
core   0: 3 0x80003920 (0x01225333) x 6 0xf24b472a
core   0: 0x80003924 (0x0000865d) c.srai  a2, 23
core   0: 3 0x80003924 (0x865d) x12 0xffffffbc
core   0: 0x80003926 (0x36970d13) addi    s10, a4, 873
core   0: 3 0x80003926 (0x36970d13) x26 0x74000369
core   0: 0x8000392a (0x000081fd) c.srli  a1, 31
core   0: 3 0x8000392a (0x81fd) x11 0x00000000
core   0: 0x8000392c (0x03eb03b3) mul     t2, s6, t5
core   0: 3 0x8000392c (0x03eb03b3) x 7 0x7330b07c
core   0: 0x80003930 (0x03183d33) mulhu   s10, a6, a7
core   0: 3 0x80003930 (0x03183d33) x26 0x40007f32
core   0: 0x80003934 (0x00000e2a) c.slli  t3, 10
core   0: 3 0x80003934 (0x0e2a) x28 0x00000400
core   0: 0x80003936 (0x00000001) c.nop
core   0: 3 0x80003936 (0x0001)
core   0: 0x80003938 (0x00006f0d) c.lui   t5, 0x3
core   0: 3 0x80003938 (0x6f0d) x30 0x00003000
core   0: 0x8000393a (0x00008ae9) c.andi  a3, 26
core   0: 3 0x8000393a (0x8ae9) x13 0x0000000a
core   0: 0x8000393c (0x00000d5a) c.slli  s10, 22
core   0: 3 0x8000393c (0x0d5a) x26 0xcc800000
core   0: 0x8000393e (0xadf94d93) xori    s11, s2, -1313
core   0: 3 0x8000393e (0xadf94d93) x27 0xfffffadf
core   0: 0x80003942 (0x030d8f33) mul     t5, s11, a6
core   0: 3 0x80003942 (0x030d8f33) x30 0x7ae7411c
core   0: 0x80003946 (0x4069da33) sra     s4, s3, t1
core   0: 3 0x80003946 (0x4069da33) x20 0x00098fdc
core   0: 0x8000394a (0x00008fe2) c.mv    t6, s8
core   0: 3 0x8000394a (0x8fe2) x31 0x00000000
core   0: 0x8000394c (0x00008d89) c.sub   a1, a0
core   0: 3 0x8000394c (0x8d89) x11 0x73ffe000
core   0: 0x8000394e (0x40d10e33) sub     t3, sp, a3
core   0: 3 0x8000394e (0x40d10e33) x28 0xddfffff6
core   0: 0x80003952 (0xfcd08417) auipc   s0, 0xfcd08
core   0: 3 0x80003952 (0xfcd08417) x 8 0x7cd0b952
core   0: 0x80003956 (0x00008d41) c.or    a0, s0
core   0: 3 0x80003956 (0x8d41) x10 0xfcd0b952
core   0: 0x80003958 (0x0197f933) and     s2, a5, s9
core   0: 3 0x80003958 (0x0197f933) x18 0x00000000
core   0: 0x8000395c (0xdfcca517) auipc   a0, 0xdfcca
core   0: 3 0x8000395c (0xdfcca517) x10 0x5fccd95c
core   0: 0x80003960 (0x00000c31) c.addi  s8, 12
core   0: 3 0x80003960 (0x0c31) x24 0x0000000c
core   0: 0x80003962 (0x00001d80) c.addi4spn s0, sp, 752
core   0: 3 0x80003962 (0x1d80) x 8 0xde0002f0
core   0: 0x80003964 (0x0000917a) c.add   sp, t5
core   0: 3 0x80003964 (0x917a) x 2 0x58e7411c
core   0: 0x80003966 (0x00001b18) c.addi4spn a4, sp, 432
core   0: 3 0x80003966 (0x1b18) x14 0x58e742cc
core   0: 0x80003968 (0x00004cad) c.li    s9, 11
core   0: 3 0x80003968 (0x4cad) x25 0x0000000b
core   0: 0x8000396a (0x02dd7eb3) remu    t4, s10, a3
core   0: 3 0x8000396a (0x02dd7eb3) x29 0x00000002
core   0: 0x8000396e (0x03884733) div     a4, a6, s8
core   0: 3 0x8000396e (0x03884733) x14 0xf5556a89
core   0: 0x80003972 (0x00008f49) c.or    a4, a0
core   0: 3 0x80003972 (0x8f49) x14 0xffddfbdd
core   0: 0x80003974 (0x00008239) c.srli  a2, 14
core   0: 3 0x80003974 (0x8239) x12 0x0003ffff
core   0: 0x80003976 (0x03977fb3) remu    t6, a4, s9
core   0: 3 0x80003976 (0x03977fb3) x31 0x00000003
core   0: 0x8000397a (0x00006971) c.lui   s2, 0x1c
core   0: 3 0x8000397a (0x6971) x18 0x0001c000
core   0: 0x8000397c (0x00006abd) c.lui   s5, 0xf
core   0: 3 0x8000397c (0x6abd) x21 0x0000f000
core   0: 0x8000397e (0xe2727d13) andi    s10, tp, -473
core   0: 3 0x8000397e (0xe2727d13) x26 0xf24b4622
core   0: 0x80003982 (0x00001404) c.addi4spn s1, sp, 544
core   0: 3 0x80003982 (0x1404) x 9 0x58e7433c
core   0: 0x80003984 (0x038982b3) mul     t0, s3, s8
core   0: 3 0x80003984 (0x038982b3) x 5 0xcaf94000
core   0: 0x80003988 (0x0178b333) sltu    t1, a7, s7
core   0: 3 0x80003988 (0x0178b333) x 6 0x00000001
core   0: 0x8000398c (0x0000863d) c.srai  a2, 15
core   0: 3 0x8000398c (0x863d) x12 0x00000007
core   0: 0x8000398e (0x018eaf33) slt     t5, t4, s8
core   0: 3 0x8000398e (0x018eaf33) x30 0x00000001
core   0: 0x80003992 (0x41415fb3) sra     t6, sp, s4
core   0: 3 0x80003992 (0x41415fb3) x31 0x00000005
core   0: 0x80003996 (0x02eb3733) mulhu   a4, s6, a4
core   0: 3 0x80003996 (0x02eb3733) x14 0x0000000d
core   0: 0x8000399a (0x00001e1c) c.addi4spn a5, sp, 816
core   0: 3 0x8000399a (0x1e1c) x15 0x58e7444c
core   0: 0x8000399c (0x00000001) c.nop
core   0: 3 0x8000399c (0x0001)
core   0: 0x8000399e (0x000011fd) c.addi  gp, -1
core   0: 3 0x8000399e (0x11fd) x 3 0x0001afff
core   0: 0x800039a0 (0xca724e13) xori    t3, tp, -857
core   0: 3 0x800039a0 (0xca724e13) x28 0x0db4bb8d
core   0: 0x800039a4 (0x00008835) c.andi  s0, 13
core   0: 3 0x800039a4 (0x8835) x 8 0x00000000
core   0: 0x800039a6 (0x40938ab3) sub     s5, t2, s1
core   0: 3 0x800039a6 (0x40938ab3) x21 0x1a496d40
core   0: 0x800039aa (0x00008fb1) c.xor   a5, a2
core   0: 3 0x800039aa (0x8fb1) x15 0x58e7444b
core   0: 0x800039ac (0x00008e65) c.and   a2, s1
core   0: 3 0x800039ac (0x8e65) x12 0x00000004
core   0: 0x800039ae (0x037c0933) mul     s2, s8, s7
core   0: 3 0x800039ae (0x037c0933) x18 0x000edab0
core   0: 0x800039b2 (0x02699eb3) mulh    t4, s3, t1
core   0: 3 0x800039b2 (0x02699eb3) x29 0x00000000
core   0: 0x800039b6 (0x01a1d033) srl     zero, gp, s10
core   0: 3 0x800039b6 (0x01a1d033)
core   0: 0x800039ba (0xbe684d13) xori    s10, a6, -1050
core   0: 3 0x800039ba (0xbe684d13) x26 0x7fff0582
core   0: 0x800039be (0x80000eb7) lui     t4, 0x80000
core   0: 3 0x800039be (0x80000eb7) x29 0x80000000
core   0: 0x800039c2 (0x90351937) lui     s2, 0x90351
core   0: 3 0x800039c2 (0x90351937) x18 0x90351000
core   0: 0x800039c6 (0xb1090913) addi    s2, s2, -1264
core   0: 3 0x800039c6 (0xb1090913) x18 0x90350b10
core   0: 0x800039ca (0xfff00313) li      t1, -1
core   0: 3 0x800039ca (0xfff00313) x 6 0xffffffff
core   0: 0x800039ce (0xe9208d37) lui     s10, 0xe9208
core   0: 3 0x800039ce (0xe9208d37) x26 0xe9208000
core   0: 0x800039d2 (0x696d0d13) addi    s10, s10, 1686
core   0: 3 0x800039d2 (0x696d0d13) x26 0xe9208696
core   0: 0x800039d6 (0x80000c37) lui     s8, 0x80000
core   0: 3 0x800039d6 (0x80000c37) x24 0x80000000
core   0: 0x800039da (0x800004b7) lui     s1, 0x80000
core   0: 3 0x800039da (0x800004b7) x 9 0x80000000
core   0: 0x800039de (0x800008b7) lui     a7, 0x80000
core   0: 3 0x800039de (0x800008b7) x17 0x80000000
core   0: 0x800039e2 (0x80000737) lui     a4, 0x80000
core   0: 3 0x800039e2 (0x80000737) x14 0x80000000
core   0: 0x800039e6 (0x00004401) c.li    s0, 0
core   0: 3 0x800039e6 (0x4401) x 8 0x00000000
core   0: 0x800039e8 (0xfff00293) li      t0, -1
core   0: 3 0x800039e8 (0xfff00293) x 5 0xffffffff
core   0: 0x800039ec (0x03829eb3) mulh    t4, t0, s8
core   0: 3 0x800039ec (0x03829eb3) x29 0x00000000
core   0: 0x800039f0 (0x170664b7) lui     s1, 0x17066
core   0: 3 0x800039f0 (0x170664b7) x 9 0x17066000
core   0: 0x800039f4 (0x02994933) div     s2, s2, s1
core   0: 3 0x800039f4 (0x02994933) x18 0xfffffffc
core   0: 0x800039f8 (0x03a96c33) rem     s8, s2, s10
core   0: 3 0x800039f8 (0x03a96c33) x24 0xfffffffc
core   0: 0x800039fc (0x00009d16) c.add   s10, t0
core   0: 3 0x800039fc (0x9d16) x26 0xe9208695
core   0: 0x800039fe (0x0258a8b3) mulhsu  a7, a7, t0
core   0: 3 0x800039fe (0x0258a8b3) x17 0x80000000
core   0: 0x80003a02 (0x40590333) sub     t1, s2, t0
core   0: 3 0x80003a02 (0x40590333) x 6 0xfffffffd
core   0: 0x80003a06 (0xda788913) addi    s2, a7, -601
core   0: 3 0x80003a06 (0xda788913) x18 0x7ffffda7
core   0: 0x80003a0a (0x02ec0433) mul     s0, s8, a4
core   0: 3 0x80003a0a (0x02ec0433) x 8 0x00000000
core   0: 0x80003a0e (0x03295433) divu    s0, s2, s2
core   0: 3 0x80003a0e (0x03295433) x 8 0x00000001
core   0: 0x80003a12 (0x026ea4b3) mulhsu  s1, t4, t1
core   0: 3 0x80003a12 (0x026ea4b3) x 9 0x00000000
core   0: 0x80003a16 (0x031c7933) remu    s2, s8, a7
core   0: 3 0x80003a16 (0x031c7933) x18 0x7ffffffc
core   0: 0x80003a1a (0x02930933) mul     s2, t1, s1
core   0: 3 0x80003a1a (0x02930933) x18 0x00000000
core   0: 0x80003a1e (0x41a88733) sub     a4, a7, s10
core   0: 3 0x80003a1e (0x41a88733) x14 0x96df796b
core   0: 0x80003a22 (0x00009726) c.add   a4, s1
core   0: 3 0x80003a22 (0x9726) x14 0x96df796b
core   0: 0x80003a24 (0x412884b3) sub     s1, a7, s2
core   0: 3 0x80003a24 (0x412884b3) x 9 0x80000000
core   0: 0x80003a28 (0x00000001) c.nop
core   0: 3 0x80003a28 (0x0001)
core   0: 0x80003a2a (0x26c37937) lui     s2, 0x26c37
core   0: 3 0x80003a2a (0x26c37937) x18 0x26c37000
core   0: 0x80003a2e (0x02591733) mulh    a4, s2, t0
core   0: 3 0x80003a2e (0x02591733) x14 0xffffffff
core   0: 0x80003a32 (0x0312c733) div     a4, t0, a7
core   0: 3 0x80003a32 (0x0312c733) x14 0x00000000
core   0: 0x80003a36 (0x000092c6) c.add   t0, a7
core   0: 3 0x80003a36 (0x92c6) x 5 0x7fffffff
core   0: 0x80003a38 (0x026c4933) div     s2, s8, t1
core   0: 3 0x80003a38 (0x026c4933) x18 0x00000001
core   0: 0x80003a3c (0x00000001) c.nop
core   0: 3 0x80003a3c (0x0001)
core   0: 0x80003a3e (0xc3e0e737) lui     a4, 0xc3e0e
core   0: 3 0x80003a3e (0xc3e0e737) x14 0xc3e0e000
core   0: 0x80003a42 (0x009288b3) add     a7, t0, s1
core   0: 3 0x80003a42 (0x009288b3) x17 0xffffffff
core   0: 0x80003a46 (0x0000997d) c.andi  a0, -1
core   0: 3 0x80003a46 (0x997d) x10 0x5fccd95c
core   0: 0x80003a48 (0x00000ec9) c.addi  t4, 18
core   0: 3 0x80003a48 (0x0ec9) x29 0x00000012
core   0: 0x80003a4a (0x0261f5b3) remu    a1, gp, t1
core   0: 3 0x80003a4a (0x0261f5b3) x11 0x0001afff
core   0: 0x80003a4e (0x00c7b0b3) sltu    ra, a5, a2
core   0: 3 0x80003a4e (0x00c7b0b3) x 1 0x00000000
core   0: 0x80003a52 (0x00006931) c.lui   s2, 0xc
core   0: 3 0x80003a52 (0x6931) x18 0x0000c000
core   0: 0x80003a54 (0x41c25633) sra     a2, tp, t3
core   0: 3 0x80003a54 (0x41c25633) x12 0xffff925a
core   0: 0x80003a58 (0x026745b3) div     a1, a4, t1
core   0: 3 0x80003a58 (0x026745b3) x11 0x140a6000
core   0: 0x80003a5c (0x0297a333) mulhsu  t1, a5, s1
core   0: 3 0x80003a5c (0x0297a333) x 6 0x2c73a225
core   0: 0x80003a60 (0x9df48993) addi    s3, s1, -1569
core   0: 3 0x80003a60 (0x9df48993) x19 0x7ffff9df
core   0: 0x80003a64 (0x0fb82793) slti    a5, a6, 251
core   0: 3 0x80003a64 (0x0fb82793) x15 0x00000001
core   0: 0x80003a68 (0x000084e2) c.mv    s1, s8
core   0: 3 0x80003a68 (0x84e2) x 9 0xfffffffc
core   0: 0x80003a6a (0x00000ff9) c.addi  t6, 30
core   0: 3 0x80003a6a (0x0ff9) x31 0x00000023
core   0: 0x80003a6c (0x03e10433) mul     s0, sp, t5
core   0: 3 0x80003a6c (0x03e10433) x 8 0x58e7411c
core   0: 0x80003a70 (0xfb18e293) ori     t0, a7, -79
core   0: 3 0x80003a70 (0xfb18e293) x 5 0xffffffff
core   0: 0x80003a74 (0x01472433) slt     s0, a4, s4
core   0: 3 0x80003a74 (0x01472433) x 8 0x00000001
core   0: 0x80003a78 (0x01c95893) srli    a7, s2, 28
core   0: 3 0x80003a78 (0x01c95893) x17 0x00000000
core   0: 0x80003a7c (0x00008d49) c.or    a0, a0
core   0: 3 0x80003a7c (0x8d49) x10 0x5fccd95c
core   0: 0x80003a7e (0x01000c33) add     s8, zero, a6
core   0: 3 0x80003a7e (0x01000c33) x24 0x8000fe64
core   0: 0x80003a82 (0x01191c13) slli    s8, s2, 17
core   0: 3 0x80003a82 (0x01191c13) x24 0x80000000
core   0: 0x80003a86 (0x021a7533) remu    a0, s4, ra
core   0: 3 0x80003a86 (0x021a7533) x10 0x00098fdc
core   0: 0x80003a8a (0x00008721) c.srai  a4, 8
core   0: 3 0x80003a8a (0x8721) x14 0xffc3e0e0
core   0: 0x80003a8c (0x3aee8117) auipc   sp, 0x3aee8
core   0: 3 0x80003a8c (0x3aee8117) x 2 0xbaeeba8c
core   0: 0x80003a90 (0x03cc4a33) div     s4, s8, t3
core   0: 3 0x80003a90 (0x03cc4a33) x20 0xfffffff7
core   0: 0x80003a94 (0x0000666d) c.lui   a2, 0x1b
core   0: 3 0x80003a94 (0x666d) x12 0x0001b000
core   0: 0x80003a96 (0xe1888293) addi    t0, a7, -488
core   0: 3 0x80003a96 (0xe1888293) x 5 0xfffffe18
core   0: 0x80003a9a (0x00008d81) c.sub   a1, s0
core   0: 3 0x80003a9a (0x8d81) x11 0x140a5fff
core   0: 0x80003a9c (0xf1673793) sltiu   a5, a4, -234
core   0: 3 0x80003a9c (0xf1673793) x15 0x00000001
core   0: 0x80003aa0 (0x00000001) c.nop
core   0: 3 0x80003aa0 (0x0001)
core   0: 0x80003aa2 (0x41a85533) sra     a0, a6, s10
core   0: 3 0x80003aa2 (0x41a85533) x10 0xfffffc00
core   0: 0x80003aa6 (0x00008e91) c.sub   a3, a2
core   0: 3 0x80003aa6 (0x8e91) x13 0xfffe500a
core   0: 0x80003aa8 (0x0000042e) c.slli  s0, 11
core   0: 3 0x80003aa8 (0x042e) x 8 0x00000800
core   0: 0x80003aaa (0x0000038a) c.slli  t2, 2
core   0: 3 0x80003aaa (0x038a) x 7 0xccc2c1f0
core   0: 0x80003aac (0x0000620d) c.lui   tp, 0x3
core   0: 3 0x80003aac (0x620d) x 4 0x00003000
core   0: 0x80003aae (0x01d49893) slli    a7, s1, 29
core   0: 3 0x80003aae (0x01d49893) x17 0x80000000
core   0: 0x80003ab2 (0x0000694d) c.lui   s2, 0x13
core   0: 3 0x80003ab2 (0x694d) x18 0x00013000
core   0: 0x80003ab4 (0x00001c7d) c.addi  s8, -1
core   0: 3 0x80003ab4 (0x1c7d) x24 0x7fffffff
core   0: 0x80003ab6 (0x76cf8a13) addi    s4, t6, 1900
core   0: 3 0x80003ab6 (0x76cf8a13) x20 0x0000078f
core   0: 0x80003aba (0x027af0b3) remu    ra, s5, t2
core   0: 3 0x80003aba (0x027af0b3) x 1 0x1a496d40
core   0: 0x80003abe (0x000047cd) c.li    a5, 19
core   0: 3 0x80003abe (0x47cd) x15 0x00000013
core   0: 0x80003ac0 (0x000083f1) c.srli  a5, 28
core   0: 3 0x80003ac0 (0x83f1) x15 0x00000000
core   0: 0x80003ac2 (0x00008f55) c.or    a4, a3
core   0: 3 0x80003ac2 (0x8f55) x14 0xfffff0ea
core   0: 0x80003ac4 (0x00008f1d) c.sub   a4, a5
core   0: 3 0x80003ac4 (0x8f1d) x14 0xfffff0ea
core   0: 0x80003ac6 (0x41fd8433) sub     s0, s11, t6
core   0: 3 0x80003ac6 (0x41fd8433) x 8 0xfffffabc
core   0: 0x80003aca (0x00000e10) c.addi4spn a2, sp, 784
core   0: 3 0x80003aca (0x0e10) x12 0xbaeebd9c
core   0: 0x80003acc (0x02365333) divu    t1, a2, gp
core   0: 3 0x80003acc (0x02365333) x 6 0x00006ec6
core   0: 0x80003ad0 (0x026b88b3) mul     a7, s7, t1
core   0: 3 0x80003ad0 (0x026b88b3) x17 0x891f1058
core   0: 0x80003ad4 (0x011fd113) srli    sp, t6, 17
core   0: 3 0x80003ad4 (0x011fd113) x 2 0x00000000
core   0: 0x80003ad8 (0x01e95493) srli    s1, s2, 30
core   0: 3 0x80003ad8 (0x01e95493) x 9 0x00000000
core   0: 0x80003adc (0x0000630d) c.lui   t1, 0x3
core   0: 3 0x80003adc (0x630d) x 6 0x00003000
core   0: 0x80003ade (0x00907933) and     s2, zero, s1
core   0: 3 0x80003ade (0x00907933) x18 0x00000000
core   0: 0x80003ae2 (0x00006ec9) c.lui   t4, 0x12
core   0: 3 0x80003ae2 (0x6ec9) x29 0x00012000
core   0: 0x80003ae4 (0x031a97b3) mulh    a5, s5, a7
core   0: 3 0x80003ae4 (0x031a97b3) x15 0xf3cb0ec9
core   0: 0x80003ae8 (0x00008c61) c.and   s0, s0
core   0: 3 0x80003ae8 (0x8c61) x 8 0xfffffabc
core   0: 0x80003aea (0x750fc113) xori    sp, t6, 1872
core   0: 3 0x80003aea (0x750fc113) x 2 0x00000773
core   0: 0x80003aee (0x0234ac33) mulhsu  s8, s1, gp
core   0: 3 0x80003aee (0x0234ac33) x24 0x00000000
core   0: 0x80003af2 (0x01291713) slli    a4, s2, 18
core   0: 3 0x80003af2 (0x01291713) x14 0x00000000
core   0: 0x80003af6 (0x00009afe) c.add   s5, t6
core   0: 3 0x80003af6 (0x9afe) x21 0x1a496d63
core   0: 0x80003af8 (0x12966913) ori     s2, a2, 297
core   0: 3 0x80003af8 (0x12966913) x18 0xbaeebdbd
core   0: 0x80003afc (0x0000612d) c.addi16sp sp, 224
core   0: 3 0x80003afc (0x612d) x 2 0x00000853
core   0: 0x80003afe (0x01931a33) sll     s4, t1, s9
core   0: 3 0x80003afe (0x01931a33) x20 0x01800000
core   0: 0x80003b02 (0x9d87ff93) andi    t6, a5, -1576
core   0: 3 0x80003b02 (0x9d87ff93) x31 0xf3cb08c8
core   0: 0x80003b06 (0x00008e65) c.and   a2, s1
core   0: 3 0x80003b06 (0x8e65) x12 0x00000000
core   0: 0x80003b08 (0x01d2f9b3) and     s3, t0, t4
core   0: 3 0x80003b08 (0x01d2f9b3) x19 0x00012000
core   0: 0x80003b0c (0xbfa4b597) auipc   a1, 0xbfa4b
core   0: 3 0x80003b0c (0xbfa4b597) x11 0x3fa4eb0c
core   0: 0x80003b10 (0x403f58b3) sra     a7, t5, gp
core   0: 3 0x80003b10 (0x403f58b3) x17 0x00000000
core   0: 0x80003b14 (0x000064b9) c.lui   s1, 0xe
core   0: 3 0x80003b14 (0x64b9) x 9 0x0000e000
core   0: 0x80003b16 (0x00009fd2) c.add   t6, s4
core   0: 3 0x80003b16 (0x9fd2) x31 0xf54b08c8
core   0: 0x80003b18 (0x00008929) c.andi  a0, 10
core   0: 3 0x80003b18 (0x8929) x10 0x00000000
core   0: 0x80003b1a (0x000013fd) c.addi  t2, -1
core   0: 3 0x80003b1a (0x13fd) x 7 0xccc2c1ef
core   0: 0x80003b1c (0x02da2c33) mulhsu  s8, s4, a3
core   0: 3 0x80003b1c (0x02da2c33) x24 0x017ffd78
core   0: 0x80003b20 (0x00009b7d) c.andi  a4, -1
core   0: 3 0x80003b20 (0x9b7d) x14 0x00000000
core   0: 0x80003b22 (0x03317733) remu    a4, sp, s3
core   0: 3 0x80003b22 (0x03317733) x14 0x00000853
core   0: 0x80003b26 (0x00008e65) c.and   a2, s1
core   0: 3 0x80003b26 (0x8e65) x12 0x00000000
core   0: 0x80003b28 (0x00a1fa33) and     s4, gp, a0
core   0: 3 0x80003b28 (0x00a1fa33) x20 0x00000000
core   0: 0x80003b2c (0x00008fa9) c.xor   a5, a0
core   0: 3 0x80003b2c (0x8fa9) x15 0xf3cb0ec9
core   0: 0x80003b2e (0x000019fd) c.addi  s3, -1
core   0: 3 0x80003b2e (0x19fd) x19 0x00011fff
core   0: 0x80003b30 (0x02de7233) remu    tp, t3, a3
core   0: 3 0x80003b30 (0x02de7233) x 4 0x0db4bb8d
core   0: 0x80003b34 (0x00008ab1) c.andi  a3, 12
core   0: 3 0x80003b34 (0x8ab1) x13 0x00000008
core   0: 0x80003b36 (0x02fd70b3) remu    ra, s10, a5
core   0: 3 0x80003b36 (0x02fd70b3) x 1 0xe9208695
core   0: 0x80003b3a (0x000085e1) c.srai  a1, 24
core   0: 3 0x80003b3a (0x85e1) x11 0x0000003f
core   0: 0x80003b3c (0x03ab2633) mulhsu  a2, s6, s10
core   0: 3 0x80003b3c (0x03ab2633) x12 0x0000000c
core   0: 0x80003b40 (0x00008f4e) c.mv    t5, s3
core   0: 3 0x80003b40 (0x8f4e) x30 0x00011fff
core   0: 0x80003b42 (0x0366e0b3) rem     ra, a3, s6
core   0: 3 0x80003b42 (0x0366e0b3) x 1 0x00000008
core   0: 0x80003b46 (0x03b15db3) divu    s11, sp, s11
core   0: 3 0x80003b46 (0x03b15db3) x27 0x00000000
core   0: 0x80003b4a (0x00008321) c.srli  a4, 8
core   0: 3 0x80003b4a (0x8321) x14 0x00000008
core   0: 0x80003b4c (0x00ef9333) sll     t1, t6, a4
core   0: 3 0x80003b4c (0x00ef9333) x 6 0x4b08c800
core   0: 0x80003b50 (0x00852533) slt     a0, a0, s0
core   0: 3 0x80003b50 (0x00852533) x10 0x00000000
core   0: 0x80003b54 (0x000085f5) c.srai  a1, 29
core   0: 3 0x80003b54 (0x85f5) x11 0x00000000
core   0: 0x80003b56 (0x00409313) slli    t1, ra, 4
core   0: 3 0x80003b56 (0x00409313) x 6 0x00000080
core   0: 0x80003b5a (0x00001e9c) c.addi4spn a5, sp, 880
core   0: 3 0x80003b5a (0x1e9c) x15 0x00000bc3
core   0: 0x80003b5c (0x00008731) c.srai  a4, 12
core   0: 3 0x80003b5c (0x8731) x14 0x00000000
core   0: 0x80003b5e (0x00008519) c.srai  a0, 6
core   0: 3 0x80003b5e (0x8519) x10 0x00000000
core   0: 0x80003b60 (0x038723b3) mulhsu  t2, a4, s8
core   0: 3 0x80003b60 (0x038723b3) x 7 0x00000000
core   0: 0x80003b64 (0x02bd72b3) remu    t0, s10, a1
core   0: 3 0x80003b64 (0x02bd72b3) x 5 0xe9208695
core   0: 0x80003b68 (0x000092ea) c.add   t0, s10
core   0: 3 0x80003b68 (0x92ea) x 5 0xd2410d2a
core   0: 0x80003b6a (0x00008271) c.srli  a2, 28
core   0: 3 0x80003b6a (0x8271) x12 0x00000000
core   0: 0x80003b6c (0x01516333) or      t1, sp, s5
core   0: 3 0x80003b6c (0x01516333) x 6 0x1a496d73
core   0: 0x80003b70 (0x92fb9fb7) lui     t6, 0x92fb9
core   0: 3 0x80003b70 (0x92fb9fb7) x31 0x92fb9000
core   0: 0x80003b74 (0x00006169) c.addi16sp sp, 208
core   0: 3 0x80003b74 (0x6169) x 2 0x00000923
core   0: 0x80003b76 (0x00000804) c.addi4spn s1, sp, 16
core   0: 3 0x80003b76 (0x0804) x 9 0x00000933
core   0: 0x80003b78 (0x0076ea33) or      s4, a3, t2
core   0: 3 0x80003b78 (0x0076ea33) x20 0x00000008
core   0: 0x80003b7c (0x000080a1) c.srli  s1, 8
core   0: 3 0x80003b7c (0x80a1) x 9 0x00000009
core   0: 0x80003b7e (0x0143c8b3) xor     a7, t2, s4
core   0: 3 0x80003b7e (0x0143c8b3) x17 0x00000008
core   0: 0x80003b82 (0x00472eb3) slt     t4, a4, tp
core   0: 3 0x80003b82 (0x00472eb3) x29 0x00000001
core   0: 0x80003b86 (0x00b3e0b3) or      ra, t2, a1
core   0: 3 0x80003b86 (0x00b3e0b3) x 1 0x00000000
core   0: 0x80003b8a (0x0000717d) c.addi16sp sp, -16
core   0: 3 0x80003b8a (0x717d) x 2 0x00000913
core   0: 0x80003b8c (0x00000001) c.nop
core   0: 3 0x80003b8c (0x0001)
core   0: 0x80003b8e (0x016f3fb3) sltu    t6, t5, s6
core   0: 3 0x80003b8e (0x016f3fb3) x31 0x00000000
core   0: 0x80003b92 (0x01264eb3) xor     t4, a2, s2
core   0: 3 0x80003b92 (0x01264eb3) x29 0xbaeebdbd
core   0: 0x80003b96 (0x01f7cdb3) xor     s11, a5, t6
core   0: 3 0x80003b96 (0x01f7cdb3) x27 0x00000bc3
core   0: 0x80003b9a (0xd7f40713) addi    a4, s0, -641
core   0: 3 0x80003b9a (0xd7f40713) x14 0xfffff83b
core   0: 0x80003b9e (0x00000001) c.nop
core   0: 3 0x80003b9e (0x0001)
core   0: 0x80003ba0 (0x035bc4b3) div     s1, s7, s5
core   0: 3 0x80003ba0 (0x035bc4b3) x 9 0xfffffffc
core   0: 0x80003ba4 (0x40bede13) srai    t3, t4, 11
core   0: 3 0x80003ba4 (0x40bede13) x28 0xfff75dd7
core   0: 0x80003ba8 (0x00000001) c.nop
core   0: 3 0x80003ba8 (0x0001)
core   0: 0x80003baa (0x0131d933) srl     s2, gp, s3
core   0: 3 0x80003baa (0x0131d933) x18 0x00000000
core   0: 0x80003bae (0x0a184413) xori    s0, a6, 161
core   0: 3 0x80003bae (0x0a184413) x 8 0x8000fec5
core   0: 0x80003bb2 (0x17a36637) lui     a2, 0x17a36
core   0: 3 0x80003bb2 (0x17a36637) x12 0x17a36000
core   0: 0x80003bb6 (0x415bd0b3) sra     ra, s7, s5
core   0: 3 0x80003bb6 (0x415bd0b3) x 1 0xf000279c
core   0: 0x80003bba (0x02269033) mulh    zero, a3, sp
core   0: 3 0x80003bba (0x02269033)
core   0: 0x80003bbe (0x00008895) c.andi  s1, 5
core   0: 3 0x80003bbe (0x8895) x 9 0x00000004
core   0: 0x80003bc0 (0x00000001) c.nop
core   0: 3 0x80003bc0 (0x0001)
core   0: 0x80003bc2 (0x01f86633) or      a2, a6, t6
core   0: 3 0x80003bc2 (0x01f86633) x12 0x8000fe64
core   0: 0x80003bc6 (0x31db3413) sltiu   s0, s6, 797
core   0: 3 0x80003bc6 (0x31db3413) x 8 0x00000001
core   0: 0x80003bca (0x9e182093) slti    ra, a6, -1567
core   0: 3 0x80003bca (0x9e182093) x 1 0x00000001
core   0: 0x80003bce (0x00000001) c.nop
core   0: 3 0x80003bce (0x0001)
core   0: 0x80003bd0 (0x03b739b3) mulhu   s3, a4, s11
core   0: 3 0x80003bd0 (0x03b739b3) x19 0x00000bc2
core   0: 0x80003bd4 (0x00008edd) c.or    a3, a5
core   0: 3 0x80003bd4 (0x8edd) x13 0x00000bcb
core   0: 0x80003bd6 (0x000085cd) c.srai  a1, 19
core   0: 3 0x80003bd6 (0x85cd) x11 0x00000000
core   0: 0x80003bd8 (0x416ddf93) srai    t6, s11, 22
core   0: 3 0x80003bd8 (0x416ddf93) x31 0x00000000
core   0: 0x80003bdc (0x02daff33) remu    t5, s5, a3
core   0: 3 0x80003bdc (0x02daff33) x30 0x000004b8
core   0: 0x80003be0 (0x00008189) c.srli  a1, 2
core   0: 3 0x80003be0 (0x8189) x11 0x00000000
core   0: 0x80003be2 (0x2bdcf113) andi    sp, s9, 701
core   0: 3 0x80003be2 (0x2bdcf113) x 2 0x00000009
core   0: 0x80003be6 (0xeafac493) xori    s1, s5, -337
core   0: 3 0x80003be6 (0xeafac493) x 9 0xe5b693cc
core   0: 0x80003bea (0x028b29b3) mulhsu  s3, s6, s0
core   0: 3 0x80003bea (0x028b29b3) x19 0x00000000
core   0: 0x80003bee (0x01cb0333) add     t1, s6, t3
core   0: 3 0x80003bee (0x01cb0333) x 6 0xfff75de5
core   0: 0x80003bf2 (0x00000001) c.nop
core   0: 3 0x80003bf2 (0x0001)
core   0: 0x80003bf4 (0x00ac47b3) xor     a5, s8, a0
core   0: 3 0x80003bf4 (0x00ac47b3) x15 0x017ffd78
core   0: 0x80003bf8 (0x030755b3) divu    a1, a4, a6
core   0: 3 0x80003bf8 (0x030755b3) x11 0x00000001
core   0: 0x80003bfc (0x00c8c533) xor     a0, a7, a2
core   0: 3 0x80003bfc (0x00c8c533) x10 0x8000fe6c
core   0: 0x80003c00 (0x0384aa33) mulhsu  s4, s1, s8
core   0: 3 0x80003c00 (0x0384aa33) x20 0xffd89220
core   0: 0x80003c04 (0x000b42b3) xor     t0, s6, zero
core   0: 3 0x80003c04 (0x000b42b3) x 5 0x0000000e
core   0: 0x80003c08 (0x09598013) addi    zero, s3, 149
core   0: 3 0x80003c08 (0x09598013)
core   0: 0x80003c0c (0x01d41a13) slli    s4, s0, 29
core   0: 3 0x80003c0c (0x01d41a13) x20 0x20000000
core   0: 0x80003c10 (0x015d9e33) sll     t3, s11, s5
core   0: 3 0x80003c10 (0x015d9e33) x28 0x00005e18
core   0: 0x80003c14 (0x00000001) c.nop
core   0: 3 0x80003c14 (0x0001)
core   0: 0x80003c16 (0xa1f943b7) lui     t2, 0xa1f94
core   0: 3 0x80003c16 (0xa1f943b7) x 7 0xa1f94000
core   0: 0x80003c1a (0x000045e9) c.li    a1, 26
core   0: 3 0x80003c1a (0x45e9) x11 0x0000001a
core   0: 0x80003c1c (0xa6a66f93) ori     t6, a2, -1430
core   0: 3 0x80003c1c (0xa6a66f93) x31 0xfffffe6e
core   0: 0x80003c20 (0x000013fd) c.addi  t2, -1
core   0: 3 0x80003c20 (0x13fd) x 7 0xa1f93fff
core   0: 0x80003c22 (0x02251333) mulh    t1, a0, sp
core   0: 3 0x80003c22 (0x02251333) x 6 0xfffffffb
core   0: 0x80003c26 (0x00008679) c.srai  a2, 30
core   0: 3 0x80003c26 (0x8679) x12 0xfffffffe
core   0: 0x80003c28 (0x00000001) c.nop
core   0: 3 0x80003c28 (0x0001)
core   0: 0x80003c2a (0x010f41b3) xor     gp, t5, a6
core   0: 3 0x80003c2a (0x010f41b3) x 3 0x8000fadc
core   0: 0x80003c2e (0x02b4a4b3) mulhsu  s1, s1, a1
core   0: 3 0x80003c2e (0x02b4a4b3) x 9 0xfffffffd
core   0: 0x80003c32 (0x5c4c0213) addi    tp, s8, 1476
core   0: 3 0x80003c32 (0x5c4c0213) x 4 0x0180033c
core   0: 0x80003c36 (0x660f01b7) lui     gp, 0x660f0
core   0: 3 0x80003c36 (0x660f01b7) x 3 0x660f0000
core   0: 0x80003c3a (0x00008e3d) c.xor   a2, a5
core   0: 3 0x80003c3a (0x8e3d) x12 0xfe800286
core   0: 0x80003c3c (0x87dde293) ori     t0, s11, -1923
core   0: 3 0x80003c3c (0x87dde293) x 5 0xfffffbff
core   0: 0x80003c40 (0x405f5893) srai    a7, t5, 5
core   0: 3 0x80003c40 (0x405f5893) x17 0x00000025
core   0: 0x80003c44 (0x01a1e9b3) or      s3, gp, s10
core   0: 3 0x80003c44 (0x01a1e9b3) x19 0xef2f8695
core   0: 0x80003c48 (0x0000961a) c.add   a2, t1
core   0: 3 0x80003c48 (0x961a) x12 0xfe800281
core   0: 0x80003c4a (0x5c59e893) ori     a7, s3, 1477
core   0: 3 0x80003c4a (0x5c59e893) x17 0xef2f87d5
core   0: 0x80003c4e (0x9ed65437) lui     s0, 0x9ed65
core   0: 3 0x80003c4e (0x9ed65437) x 8 0x9ed65000
core   0: 0x80003c52 (0x000007e1) c.addi  a5, 24
core   0: 3 0x80003c52 (0x07e1) x15 0x017ffd90
core   0: 0x80003c54 (0x00001898) c.addi4spn a4, sp, 112
core   0: 3 0x80003c54 (0x1898) x14 0x00000079
core   0: 0x80003c56 (0x01959133) sll     sp, a1, s9
core   0: 3 0x80003c56 (0x01959133) x 2 0x0000d000
core   0: 0x80003c5a (0x3f30ef37) lui     t5, 0x3f30e
core   0: 3 0x80003c5a (0x3f30ef37) x30 0x3f30e000
core   0: 0x80003c5e (0x002f0733) add     a4, t5, sp
core   0: 3 0x80003c5e (0x002f0733) x14 0x3f31b000
core   0: 0x80003c62 (0x41715293) srai    t0, sp, 23
core   0: 3 0x80003c62 (0x41715293) x 5 0x00000000
core   0: 0x80003c66 (0x04986313) ori     t1, a6, 73
core   0: 3 0x80003c66 (0x04986313) x 6 0x8000fe6d
core   0: 0x80003c6a (0x000083a1) c.srli  a5, 8
core   0: 3 0x80003c6a (0x83a1) x15 0x00017ffd
core   0: 0x80003c6c (0x03778633) mul     a2, a5, s7
core   0: 3 0x80003c6c (0x03778633) x12 0x5b524954
core   0: 0x80003c70 (0x03df69b3) rem     s3, t5, t4
core   0: 3 0x80003c70 (0x03df69b3) x19 0x3f30e000
core   0: 0x80003c74 (0x03d724b3) mulhsu  s1, a4, t4
core   0: 3 0x80003c74 (0x03d724b3) x 9 0x2e2508e7
core   0: 0x80003c78 (0x036b6fb3) rem     t6, s6, s6
core   0: 3 0x80003c78 (0x036b6fb3) x31 0x00000000
core   0: 0x80003c7c (0xf08eec13) ori     s8, t4, -248
core   0: 3 0x80003c7c (0xf08eec13) x24 0xffffffbd
core   0: 0x80003c80 (0x02346eb3) rem     t4, s0, gp
core   0: 3 0x80003c80 (0x02346eb3) x29 0x9ed65000
core   0: 0x80003c84 (0x00000001) c.nop
core   0: 3 0x80003c84 (0x0001)
core   0: 0x80003c86 (0x00a6d293) srli    t0, a3, 10
core   0: 3 0x80003c86 (0x00a6d293) x 5 0x00000002
core   0: 0x80003c8a (0xd7344a93) xori    s5, s0, -653
core   0: 3 0x80003c8a (0xd7344a93) x21 0x6129ad73
core   0: 0x80003c8e (0x012c9f13) slli    t5, s9, 18
core   0: 3 0x80003c8e (0x012c9f13) x30 0x002c0000
core   0: 0x80003c92 (0x00008e91) c.sub   a3, a2
core   0: 3 0x80003c92 (0x8e91) x13 0xa4adc277
core   0: 0x80003c94 (0xd2560413) addi    s0, a2, -731
core   0: 3 0x80003c94 (0xd2560413) x 8 0x5b524679
core   0: 0x80003c98 (0x00000ee6) c.slli  t4, 25
core   0: 3 0x80003c98 (0x0ee6) x29 0x00000000
core   0: 0x80003c9a (0x4123de13) srai    t3, t2, 18
core   0: 3 0x80003c9a (0x4123de13) x28 0xffffe87e
core   0: 0x80003c9e (0x02077a33) remu    s4, a4, zero
core   0: 3 0x80003c9e (0x02077a33) x20 0x3f31b000
core   0: 0x80003ca2 (0x411b86b3) sub     a3, s7, a7
core   0: 3 0x80003ca2 (0x411b86b3) x13 0x90d1b50f
core   0: 0x80003ca6 (0x00008fd1) c.or    a5, a2
core   0: 3 0x80003ca6 (0x8fd1) x15 0x5b537ffd
core   0: 0x80003ca8 (0x03855033) divu    zero, a0, s8
core   0: 3 0x80003ca8 (0x03855033)
core   0: 0x80003cac (0xae6f8013) addi    zero, t6, -1306
core   0: 3 0x80003cac (0xae6f8013)
core   0: 0x80003cb0 (0x0040b1b3) sltu    gp, ra, tp
core   0: 3 0x80003cb0 (0x0040b1b3) x 3 0x00000001
core   0: 0x80003cb4 (0x0389ddb3) divu    s11, s3, s8
core   0: 3 0x80003cb4 (0x0389ddb3) x27 0x00000000
core   0: 0x80003cb8 (0x00008fb9) c.xor   a5, a4
core   0: 3 0x80003cb8 (0x8fb9) x15 0x6462cffd
core   0: 0x80003cba (0xbab92d13) slti    s10, s2, -1109
core   0: 3 0x80003cba (0xbab92d13) x26 0x00000000
core   0: 0x80003cbe (0x00e5d6b3) srl     a3, a1, a4
core   0: 3 0x80003cbe (0x00e5d6b3) x13 0x0000001a
core   0: 0x80003cc2 (0x000057fd) c.li    a5, -1
core   0: 3 0x80003cc2 (0x57fd) x15 0xffffffff
core   0: 0x80003cc4 (0x00000098) c.addi4spn a4, sp, 64
core   0: 3 0x80003cc4 (0x0098) x14 0x0000d040
core   0: 0x80003cc6 (0x00008e25) c.xor   a2, s1
core   0: 3 0x80003cc6 (0x8e25) x12 0x757741b3
core   0: 0x80003cc8 (0x00008fbd) c.xor   a5, a5
core   0: 3 0x80003cc8 (0x8fbd) x15 0x00000000
core   0: 0x80003cca (0x00008d55) c.or    a0, a3
core   0: 3 0x80003cca (0x8d55) x10 0x8000fe7e
core   0: 0x80003ccc (0x00008cb9) c.xor   s1, a4
core   0: 3 0x80003ccc (0x8cb9) x 9 0x2e25d8a7
core   0: 0x80003cce (0x02e41233) mulh    tp, s0, a4
core   0: 3 0x80003cce (0x02e41233) x 4 0x00004a49
core   0: 0x80003cd2 (0x0001c333) xor     t1, gp, zero
core   0: 3 0x80003cd2 (0x0001c333) x 6 0x00000001
core   0: 0x80003cd6 (0x031761b3) rem     gp, a4, a7
core   0: 3 0x80003cd6 (0x031761b3) x 3 0x0000d040
core   0: 0x80003cda (0x00000e3d) c.addi  t3, 15
core   0: 3 0x80003cda (0x0e3d) x28 0xffffe88d
core   0: 0x80003cdc (0x000050fd) c.li    ra, -1
core   0: 3 0x80003cdc (0x50fd) x 1 0xffffffff
core   0: 0x80003cde (0x000060b9) c.lui   ra, 0xe
core   0: 3 0x80003cde (0x60b9) x 1 0x0000e000
core   0: 0x80003ce0 (0x7c1ab613) sltiu   a2, s5, 1985
core   0: 3 0x80003ce0 (0x7c1ab613) x12 0x00000000
core   0: 0x80003ce4 (0x0000717d) c.addi16sp sp, -16
core   0: 3 0x80003ce4 (0x717d) x 2 0x0000cff0
core   0: 0x80003ce6 (0x00008025) c.srli  s0, 9
core   0: 3 0x80003ce6 (0x8025) x 8 0x002da923
core   0: 0x80003ce8 (0x00008f9d) c.sub   a5, a5
core   0: 3 0x80003ce8 (0x8f9d) x15 0x00000000
core   0: 0x80003cea (0x0000517d) c.li    sp, -1
core   0: 3 0x80003cea (0x517d) x 2 0xffffffff
core   0: 0x80003cec (0x00008649) c.srai  a2, 18
core   0: 3 0x80003cec (0x8649) x12 0x00000000
core   0: 0x80003cee (0x03072db3) mulhsu  s11, a4, a6
core   0: 3 0x80003cee (0x03072db3) x27 0x00006820
core   0: 0x80003cf2 (0x03f07233) remu    tp, zero, t6
core   0: 3 0x80003cf2 (0x03f07233) x 4 0x00000000
core   0: 0x80003cf6 (0x000089bd) c.andi  a1, 15
core   0: 3 0x80003cf6 (0x89bd) x11 0x0000000a
core   0: 0x80003cf8 (0x00008a2e) c.mv    s4, a1
core   0: 3 0x80003cf8 (0x8a2e) x20 0x0000000a
core   0: 0x80003cfa (0x0237e333) rem     t1, a5, gp
core   0: 3 0x80003cfa (0x0237e333) x 6 0x00000000
core   0: 0x80003cfe (0x88217993) andi    s3, sp, -1918
core   0: 3 0x80003cfe (0x88217993) x19 0xfffff882
core   0: 0x80003d02 (0x03bc6933) rem     s2, s8, s11
core   0: 3 0x80003d02 (0x03bc6933) x18 0xffffffbd
core   0: 0x80003d06 (0x00008efd) c.and   a3, a5
core   0: 3 0x80003d06 (0x8efd) x13 0x00000000
core   0: 0x80003d08 (0x00006099) c.lui   ra, 0x6
core   0: 3 0x80003d08 (0x6099) x 1 0x00006000
core   0: 0x80003d0a (0x0000890e) c.mv    s2, gp
core   0: 3 0x80003d0a (0x890e) x18 0x0000d040
core   0: 0x80003d0c (0x0174a2b3) slt     t0, s1, s7
core   0: 3 0x80003d0c (0x0174a2b3) x 5 0x00000000
core   0: 0x80003d10 (0xda39f693) andi    a3, s3, -605
core   0: 3 0x80003d10 (0xda39f693) x13 0xfffff882
core   0: 0x80003d14 (0x00008de9) c.and   a1, a0
core   0: 3 0x80003d14 (0x8de9) x11 0x0000000a
core   0: 0x80003d16 (0x40c6de33) sra     t3, a3, a2
core   0: 3 0x80003d16 (0x40c6de33) x28 0xfffff882
core   0: 0x80003d1a (0x00008fd2) c.mv    t6, s4
core   0: 3 0x80003d1a (0x8fd2) x31 0x0000000a
core   0: 0x80003d1c (0x409286b3) sub     a3, t0, s1
core   0: 3 0x80003d1c (0x409286b3) x13 0xd1da2759
core   0: 0x80003d20 (0x000087f9) c.srai  a5, 30
core   0: 3 0x80003d20 (0x87f9) x15 0x00000000
core   0: 0x80003d22 (0x02db3db3) mulhu   s11, s6, a3
core   0: 3 0x80003d22 (0x02db3db3) x27 0x0000000b
core   0: 0x80003d26 (0x03084733) div     a4, a6, a6
core   0: 3 0x80003d26 (0x03084733) x14 0x00000001
core   0: 0x80003d2a (0x0370cf33) div     t5, ra, s7
core   0: 3 0x80003d2a (0x0370cf33) x30 0x00000000
core   0: 0x80003d2e (0x00000001) c.nop
core   0: 3 0x80003d2e (0x0001)
core   0: 0x80003d30 (0x00008dc1) c.or    a1, s0
core   0: 3 0x80003d30 (0x8dc1) x11 0x002da92b
core   0: 0x80003d32 (0x03b76533) rem     a0, a4, s11
core   0: 3 0x80003d32 (0x03b76533) x10 0x00000001
core   0: 0x80003d36 (0xbfe1ee93) ori     t4, gp, -1026
core   0: 3 0x80003d36 (0xbfe1ee93) x29 0xfffffbfe
core   0: 0x80003d3a (0x00008c89) c.sub   s1, a0
core   0: 3 0x80003d3a (0x8c89) x 9 0x2e25d8a6
core   0: 0x80003d3c (0xdc4e2093) slti    ra, t3, -572
core   0: 3 0x80003d3c (0xdc4e2093) x 1 0x00000001
core   0: 0x80003d40 (0x037684b3) mul     s1, a3, s7
core   0: 3 0x80003d40 (0x037684b3) x 9 0xaedce744
core   0: 0x80003d44 (0x0000410d) c.li    sp, 3
core   0: 3 0x80003d44 (0x410d) x 2 0x00000003
core   0: 0x80003d46 (0x033e2333) mulhsu  t1, t3, s3
core   0: 3 0x80003d46 (0x033e2333) x 6 0xfffff882
core   0: 0x80003d4a (0x033aa933) mulhsu  s2, s5, s3
core   0: 3 0x80003d4a (0x033aa933) x18 0x6129aa9b
core   0: 0x80003d4e (0x03a37233) remu    tp, t1, s10
core   0: 3 0x80003d4e (0x03a37233) x 4 0xfffff882
core   0: 0x80003d52 (0x4064d593) srai    a1, s1, 6
core   0: 3 0x80003d52 (0x4064d593) x11 0xfebb739d
core   0: 0x80003d56 (0x00000961) c.addi  s2, 24
core   0: 3 0x80003d56 (0x0961) x18 0x6129aab3
core   0: 0x80003d58 (0x00008f7d) c.and   a4, a5
core   0: 3 0x80003d58 (0x8f7d) x14 0x00000000
core   0: 0x80003d5a (0x03f91d17) auipc   s10, 0x3f91
core   0: 3 0x80003d5a (0x03f91d17) x26 0x83f94d5a
core   0: 0x80003d5e (0x02f3da33) divu    s4, t2, a5
core   0: 3 0x80003d5e (0x02f3da33) x20 0xffffffff
core   0: 0x80003d62 (0x030fce33) div     t3, t6, a6
core   0: 3 0x80003d62 (0x030fce33) x28 0x00000000
core   0: 0x80003d66 (0x00000001) c.nop
core   0: 3 0x80003d66 (0x0001)
core   0: 0x80003d68 (0x02f42433) mulhsu  s0, s0, a5
core   0: 3 0x80003d68 (0x02f42433) x 8 0x00000000
core   0: 0x80003d6c (0x8b3eff13) andi    t5, t4, -1869
core   0: 3 0x80003d6c (0x8b3eff13) x30 0xfffff8b2
core   0: 0x80003d70 (0x0239c4b3) div     s1, s3, gp
core   0: 3 0x80003d70 (0x0239c4b3) x 9 0x00000000
core   0: 0x80003d74 (0x00009a8a) c.add   s5, sp
core   0: 3 0x80003d74 (0x9a8a) x21 0x6129ad76
core   0: 0x80003d76 (0x002c0a33) add     s4, s8, sp
core   0: 3 0x80003d76 (0x002c0a33) x20 0xffffffc0
core   0: 0x80003d7a (0x8bb5ee13) ori     t3, a1, -1861
core   0: 3 0x80003d7a (0x8bb5ee13) x28 0xfffffbbf
core   0: 0x80003d7e (0x7aa86e93) ori     t4, a6, 1962
core   0: 3 0x80003d7e (0x7aa86e93) x29 0x8000ffee
core   0: 0x80003d82 (0x0000537d) c.li    t1, -1
core   0: 3 0x80003d82 (0x537d) x 6 0xffffffff
core   0: 0x80003d84 (0xe6122513) slti    a0, tp, -415
core   0: 3 0x80003d84 (0xe6122513) x10 0x00000001
core   0: 0x80003d88 (0xdc2a2a93) slti    s5, s4, -574
core   0: 3 0x80003d88 (0xdc2a2a93) x21 0x00000000
core   0: 0x80003d8c (0x00008ef9) c.and   a3, a4
core   0: 3 0x80003d8c (0x8ef9) x13 0x00000000
core   0: 0x80003d8e (0x4aa3f697) auipc   a3, 0x4aa3f
core   0: 3 0x80003d8e (0x4aa3f697) x13 0xcaa42d8e
core   0: 0x80003d92 (0x02ad46b3) div     a3, s10, a0
core   0: 3 0x80003d92 (0x02ad46b3) x13 0x83f94d5a
core   0: 0x80003d96 (0x0000898d) c.andi  a1, 3
core   0: 3 0x80003d96 (0x898d) x11 0x00000001
core   0: 0x80003d98 (0x00948fb3) add     t6, s1, s1
core   0: 3 0x80003d98 (0x00948fb3) x31 0x00000000
core   0: 0x80003d9c (0x65a2e513) ori     a0, t0, 1626
core   0: 3 0x80003d9c (0x65a2e513) x10 0x0000065a
core   0: 0x80003da0 (0xe2df2c93) slti    s9, t5, -467
core   0: 3 0x80003da0 (0xe2df2c93) x25 0x00000001
core   0: 0x80003da4 (0x000089b1) c.andi  a1, 12
core   0: 3 0x80003da4 (0x89b1) x11 0x00000000
core   0: 0x80003da6 (0x02454eb3) div     t4, a0, tp
core   0: 3 0x80003da6 (0x02454eb3) x29 0x00000000
core   0: 0x80003daa (0x00000001) c.nop
core   0: 3 0x80003daa (0x0001)
core   0: 0x80003dac (0x000094c6) c.add   s1, a7
core   0: 3 0x80003dac (0x94c6) x 9 0xef2f87d5
core   0: 0x80003dae (0x00000f76) c.slli  t5, 29
core   0: 3 0x80003dae (0x0f76) x30 0x40000000
core   0: 0x80003db0 (0xab5b3693) sltiu   a3, s6, -1355
core   0: 3 0x80003db0 (0xab5b3693) x13 0x00000001
core   0: 0x80003db4 (0xaa5ec617) auipc   a2, 0xaa5ec
core   0: 3 0x80003db4 (0xaa5ec617) x12 0x2a5efdb4
core   0: 0x80003db8 (0x41fe59b3) sra     s3, t3, t6
core   0: 3 0x80003db8 (0x41fe59b3) x19 0xfffffbbf
core   0: 0x80003dbc (0x015502b3) add     t0, a0, s5
core   0: 3 0x80003dbc (0x015502b3) x 5 0x0000065a
core   0: 0x80003dc0 (0x00000d9d) c.addi  s11, 7
core   0: 3 0x80003dc0 (0x0d9d) x27 0x00000012
core   0: 0x80003dc2 (0x08916213) ori     tp, sp, 137
core   0: 3 0x80003dc2 (0x08916213) x 4 0x0000008b
core   0: 0x80003dc6 (0x00e33a33) sltu    s4, t1, a4
core   0: 3 0x80003dc6 (0x00e33a33) x20 0x00000000
core   0: 0x80003dca (0x00008131) c.srli  a0, 12
core   0: 3 0x80003dca (0x8131) x10 0x00000000
core   0: 0x80003dcc (0x019bd5b3) srl     a1, s7, s9
core   0: 3 0x80003dcc (0x019bd5b3) x11 0x40009e72
core   0: 0x80003dd0 (0x00006669) c.lui   a2, 0x1a
core   0: 3 0x80003dd0 (0x6669) x12 0x0001a000
core   0: 0x80003dd2 (0x00008e3d) c.xor   a2, a5
core   0: 3 0x80003dd2 (0x8e3d) x12 0x0001a000
core   0: 0x80003dd4 (0x0000157d) c.addi  a0, -1
core   0: 3 0x80003dd4 (0x157d) x10 0xffffffff
core   0: 0x80003dd6 (0x00000001) c.nop
core   0: 3 0x80003dd6 (0x0001)
core   0: 0x80003dd8 (0x031e19b3) mulh    s3, t3, a7
core   0: 3 0x80003dd8 (0x031e19b3) x19 0x00000047
core   0: 0x80003ddc (0x03ecd3b3) divu    t2, s9, t5
core   0: 3 0x80003ddc (0x03ecd3b3) x 7 0x00000000
core   0: 0x80003de0 (0x00000b90) c.addi4spn a2, sp, 464
core   0: 3 0x80003de0 (0x0b90) x12 0x000001d3
core   0: 0x80003de2 (0x00000001) c.nop
core   0: 3 0x80003de2 (0x0001)
core   0: 0x80003de4 (0x00000b08) c.addi4spn a0, sp, 400
core   0: 3 0x80003de4 (0x0b08) x10 0x00000193
core   0: 0x80003de6 (0x7f35b593) sltiu   a1, a1, 2035
core   0: 3 0x80003de6 (0x7f35b593) x11 0x00000000
core   0: 0x80003dea (0x00c31993) slli    s3, t1, 12
core   0: 3 0x80003dea (0x00c31993) x19 0xfffff000
core   0: 0x80003dee (0x03997233) remu    tp, s2, s9
core   0: 3 0x80003dee (0x03997233) x 4 0x00000000
core   0: 0x80003df2 (0x00008e31) c.xor   a2, a2
core   0: 3 0x80003df2 (0x8e31) x12 0x00000000
core   0: 0x80003df4 (0x00a89633) sll     a2, a7, a0
core   0: 3 0x80003df4 (0x00a89633) x12 0x3ea80000
core   0: 0x80003df8 (0x00008d75) c.and   a0, a3
core   0: 3 0x80003df8 (0x8d75) x10 0x00000001
core   0: 0x80003dfa (0x000093f2) c.add   t2, t3
core   0: 3 0x80003dfa (0x93f2) x 7 0xfffffbbf
core   0: 0x80003dfc (0x000045b9) c.li    a1, 14
core   0: 3 0x80003dfc (0x45b9) x11 0x0000000e
core   0: 0x80003dfe (0x00858e33) add     t3, a1, s0
core   0: 3 0x80003dfe (0x00858e33) x28 0x0000000e
core   0: 0x80003e02 (0x00009256) c.add   tp, s5
core   0: 3 0x80003e02 (0x9256) x 4 0x00000000
core   0: 0x80003e04 (0x00008ea1) c.xor   a3, s0
core   0: 3 0x80003e04 (0x8ea1) x13 0x00000001
core   0: 0x80003e06 (0x00566cb3) or      s9, a2, t0
core   0: 3 0x80003e06 (0x00566cb3) x25 0x3ea8065a
core   0: 0x80003e0a (0x003e7233) and     tp, t3, gp
core   0: 3 0x80003e0a (0x003e7233) x 4 0x00000000
core   0: 0x80003e0e (0x00006349) c.lui   t1, 0x12
core   0: 3 0x80003e0e (0x6349) x 6 0x00012000
core   0: 0x80003e10 (0x01e6d093) srli    ra, a3, 30
core   0: 3 0x80003e10 (0x01e6d093) x 1 0x00000000
core   0: 0x80003e14 (0x001f1133) sll     sp, t5, ra
core   0: 3 0x80003e14 (0x001f1133) x 2 0x40000000
core   0: 0x80003e18 (0x03b59533) mulh    a0, a1, s11
core   0: 3 0x80003e18 (0x03b59533) x10 0x00000000
core   0: 0x80003e1c (0x014e1c93) slli    s9, t3, 20
core   0: 3 0x80003e1c (0x014e1c93) x25 0x00e00000
core   0: 0x80003e20 (0x01468233) add     tp, a3, s4
core   0: 3 0x80003e20 (0x01468233) x 4 0x00000001
core   0: 0x80003e24 (0x00000001) c.nop
core   0: 3 0x80003e24 (0x0001)
core   0: 0x80003e26 (0x40a281b3) sub     gp, t0, a0
core   0: 3 0x80003e26 (0x40a281b3) x 3 0x0000065a
core   0: 0x80003e2a (0x5926dab7) lui     s5, 0x5926d
core   0: 3 0x80003e2a (0x5926dab7) x21 0x5926d000
core   0: 0x80003e2e (0x01ea1033) sll     zero, s4, t5
core   0: 3 0x80003e2e (0x01ea1033)
core   0: 0x80003e32 (0x03afbab3) mulhu   s5, t6, s10
core   0: 3 0x80003e32 (0x03afbab3) x21 0x00000000
core   0: 0x80003e36 (0x002cbe33) sltu    t3, s9, sp
core   0: 3 0x80003e36 (0x002cbe33) x28 0x00000001
core   0: 0x80003e3a (0x00008dbd) c.xor   a1, a5
core   0: 3 0x80003e3a (0x8dbd) x11 0x0000000e
core   0: 0x80003e3c (0x00009a7d) c.andi  a2, -1
core   0: 3 0x80003e3c (0x9a7d) x12 0x3ea80000
core   0: 0x80003e3e (0x7a166f93) ori     t6, a2, 1953
core   0: 3 0x80003e3e (0x7a166f93) x31 0x3ea807a1
core   0: 0x80003e42 (0x000083d6) c.mv    t2, s5
core   0: 3 0x80003e42 (0x83d6) x 7 0x00000000
core   0: 0x80003e44 (0x01a55333) srl     t1, a0, s10
core   0: 3 0x80003e44 (0x01a55333) x 6 0x00000000
core   0: 0x80003e48 (0x00000001) c.nop
core   0: 3 0x80003e48 (0x0001)
core   0: 0x80003e4a (0x000083e9) c.srli  a5, 26
core   0: 3 0x80003e4a (0x83e9) x15 0x00000000
core   0: 0x80003e4c (0x0000633d) c.lui   t1, 0xf
core   0: 3 0x80003e4c (0x633d) x 6 0x0000f000
core   0: 0x80003e4e (0x0142c133) xor     sp, t0, s4
core   0: 3 0x80003e4e (0x0142c133) x 2 0x0000065a
core   0: 0x80003e52 (0x0040e1b3) or      gp, ra, tp
core   0: 3 0x80003e52 (0x0040e1b3) x 3 0x00000001
core   0: 0x80003e56 (0x0143d993) srli    s3, t2, 20
core   0: 3 0x80003e56 (0x0143d993) x19 0x00000000
core   0: 0x80003e5a (0x00cd1cb3) sll     s9, s10, a2
core   0: 3 0x80003e5a (0x00cd1cb3) x25 0x83f94d5a
core   0: 0x80003e5e (0x019f89b3) add     s3, t6, s9
core   0: 3 0x80003e5e (0x019f89b3) x19 0xc2a154fb
core   0: 0x80003e62 (0x000080da) c.mv    ra, s6
core   0: 3 0x80003e62 (0x80da) x 1 0x0000000e
core   0: 0x80003e64 (0x00004c81) c.li    s9, 0
core   0: 3 0x80003e64 (0x4c81) x25 0x00000000
core   0: 0x80003e66 (0x3575e7b7) lui     a5, 0x3575e
core   0: 3 0x80003e66 (0x3575e7b7) x15 0x3575e000
core   0: 0x80003e6a (0x2ef78793) addi    a5, a5, 751
core   0: 3 0x80003e6a (0x2ef78793) x15 0x3575e2ef
core   0: 0x80003e6e (0x00004a01) c.li    s4, 0
core   0: 3 0x80003e6e (0x4a01) x20 0x00000000
core   0: 0x80003e70 (0x80000d37) lui     s10, 0x80000
core   0: 3 0x80003e70 (0x80000d37) x26 0x80000000
core   0: 0x80003e74 (0xfff00093) li      ra, -1
core   0: 3 0x80003e74 (0xfff00093) x 1 0xffffffff
core   0: 0x80003e78 (0xfff00993) li      s3, -1
core   0: 3 0x80003e78 (0xfff00993) x19 0xffffffff
core   0: 0x80003e7c (0x80000db7) lui     s11, 0x80000
core   0: 3 0x80003e7c (0x80000db7) x27 0x80000000
core   0: 0x80003e80 (0x8a913fb7) lui     t6, 0x8a913
core   0: 3 0x80003e80 (0x8a913fb7) x31 0x8a913000
core   0: 0x80003e84 (0x0c0f8f93) addi    t6, t6, 192
core   0: 3 0x80003e84 (0x0c0f8f93) x31 0x8a9130c0
core   0: 0x80003e88 (0x00004881) c.li    a7, 0
core   0: 3 0x80003e88 (0x4881) x17 0x00000000
core   0: 0x80003e8a (0x00004681) c.li    a3, 0
core   0: 3 0x80003e8a (0x4681) x13 0x00000000
core   0: 0x80003e8c (0x039fdd33) divu    s10, t6, s9
core   0: 3 0x80003e8c (0x039fdd33) x26 0xffffffff
core   0: 0x80003e90 (0x0346ecb3) rem     s9, a3, s4
core   0: 3 0x80003e90 (0x0346ecb3) x25 0x00000000
core   0: 0x80003e94 (0xb2790f97) auipc   t6, 0xb2790
core   0: 3 0x80003e94 (0xb2790f97) x31 0x32793e94
core   0: 0x80003e98 (0x74b3ff97) auipc   t6, 0x74b3f
core   0: 3 0x80003e98 (0x74b3ff97) x31 0xf4b42e98
core   0: 0x80003e9c (0x02f0efb3) rem     t6, ra, a5
core   0: 3 0x80003e9c (0x02f0efb3) x31 0xffffffff
core   0: 0x80003ea0 (0x03ba4a33) div     s4, s4, s11
core   0: 3 0x80003ea0 (0x03ba4a33) x20 0x00000000
core   0: 0x80003ea4 (0x654f8993) addi    s3, t6, 1620
core   0: 3 0x80003ea4 (0x654f8993) x19 0x00000653
core   0: 0x80003ea8 (0x5a38f6b7) lui     a3, 0x5a38f
core   0: 3 0x80003ea8 (0x5a38f6b7) x13 0x5a38f000
core   0: 0x80003eac (0x03f0aa33) mulhsu  s4, ra, t6
core   0: 3 0x80003eac (0x03f0aa33) x20 0xffffffff
core   0: 0x80003eb0 (0x401f8a33) sub     s4, t6, ra
core   0: 3 0x80003eb0 (0x401f8a33) x20 0x00000000
core   0: 0x80003eb4 (0x02da26b3) mulhsu  a3, s4, a3
core   0: 3 0x80003eb4 (0x02da26b3) x13 0x00000000
core   0: 0x80003eb8 (0x033a19b3) mulh    s3, s4, s3
core   0: 3 0x80003eb8 (0x033a19b3) x19 0x00000000
core   0: 0x80003ebc (0x03f8bcb3) mulhu   s9, a7, t6
core   0: 3 0x80003ebc (0x03f8bcb3) x25 0x00000000
core   0: 0x80003ec0 (0x021d6a33) rem     s4, s10, ra
core   0: 3 0x80003ec0 (0x021d6a33) x20 0x00000000
core   0: 0x80003ec4 (0x03bd0d33) mul     s10, s10, s11
core   0: 3 0x80003ec4 (0x03bd0d33) x26 0x80000000
core   0: 0x80003ec8 (0xaee25897) auipc   a7, 0xaee25
core   0: 3 0x80003ec8 (0xaee25897) x17 0x2ee28ec8
core   0: 0x80003ecc (0x03ba6d33) rem     s10, s4, s11
core   0: 3 0x80003ecc (0x03ba6d33) x26 0x00000000
core   0: 0x80003ed0 (0x606547b7) lui     a5, 0x60654
core   0: 3 0x80003ed0 (0x606547b7) x15 0x60654000
core   0: 0x80003ed4 (0x00008a86) c.mv    s5, ra
core   0: 3 0x80003ed4 (0x8a86) x21 0xffffffff
core   0: 0x80003ed6 (0x01a44c33) xor     s8, s0, s10
core   0: 3 0x80003ed6 (0x01a44c33) x24 0x00000000
core   0: 0x80003eda (0x41af5eb3) sra     t4, t5, s10
core   0: 3 0x80003eda (0x41af5eb3) x29 0x40000000
core   0: 0x80003ede (0x72a96c93) ori     s9, s2, 1834
core   0: 3 0x80003ede (0x72a96c93) x25 0x6129afbb
core   0: 0x80003ee2 (0x016b7033) and     zero, s6, s6
core   0: 3 0x80003ee2 (0x016b7033)
core   0: 0x80003ee6 (0xaa124213) xori    tp, tp, -1375
core   0: 3 0x80003ee6 (0xaa124213) x 4 0xfffffaa0
core   0: 0x80003eea (0x00008571) c.srai  a0, 28
core   0: 3 0x80003eea (0x8571) x10 0x00000000
core   0: 0x80003eec (0x00c19493) slli    s1, gp, 12
core   0: 3 0x80003eec (0x00c19493) x 9 0x00001000
core   0: 0x80003ef0 (0x00000001) c.nop
core   0: 3 0x80003ef0 (0x0001)
core   0: 0x80003ef2 (0x0000537d) c.li    t1, -1
core   0: 3 0x80003ef2 (0x537d) x 6 0xffffffff
core   0: 0x80003ef4 (0x9187be93) sltiu   t4, a5, -1768
core   0: 3 0x80003ef4 (0x9187be93) x29 0x00000001
core   0: 0x80003ef8 (0x4115d5b3) sra     a1, a1, a7
core   0: 3 0x80003ef8 (0x4115d5b3) x11 0x00000000
core   0: 0x80003efc (0x04d88193) addi    gp, a7, 77
core   0: 3 0x80003efc (0x04d88193) x 3 0x2ee28f15
core   0: 0x80003f00 (0x018923b3) slt     t2, s2, s8
core   0: 3 0x80003f00 (0x018923b3) x 7 0x00000000
core   0: 0x80003f04 (0x00b72ab3) slt     s5, a4, a1
core   0: 3 0x80003f04 (0x00b72ab3) x21 0x00000000
core   0: 0x80003f08 (0x00008e99) c.sub   a3, a4
core   0: 3 0x80003f08 (0x8e99) x13 0x00000000
core   0: 0x80003f0a (0x0222c7b3) div     a5, t0, sp
core   0: 3 0x80003f0a (0x0222c7b3) x15 0x00000001
core   0: 0x80003f0e (0xe89f7693) andi    a3, t5, -375
core   0: 3 0x80003f0e (0xe89f7693) x13 0x40000000
core   0: 0x80003f12 (0x02a33c33) mulhu   s8, t1, a0
core   0: 3 0x80003f12 (0x02a33c33) x24 0x00000000
core   0: 0x80003f16 (0x0000717d) c.addi16sp sp, -16
core   0: 3 0x80003f16 (0x717d) x 2 0x0000064a
core   0: 0x80003f18 (0x02765733) divu    a4, a2, t2
core   0: 3 0x80003f18 (0x02765733) x14 0xffffffff
core   0: 0x80003f1c (0x4107ddb3) sra     s11, a5, a6
core   0: 3 0x80003f1c (0x4107ddb3) x27 0x00000000
core   0: 0x80003f20 (0x00bf6033) or      zero, t5, a1
core   0: 3 0x80003f20 (0x00bf6033)
core   0: 0x80003f24 (0x02964a33) div     s4, a2, s1
core   0: 3 0x80003f24 (0x02964a33) x20 0x0003ea80
core   0: 0x80003f28 (0x02afbcb3) mulhu   s9, t6, a0
core   0: 3 0x80003f28 (0x02afbcb3) x25 0x00000000
core   0: 0x80003f2c (0x0122d933) srl     s2, t0, s2
core   0: 3 0x80003f2c (0x0122d933) x18 0x00000000
core   0: 0x80003f30 (0xd15aa393) slti    t2, s5, -747
core   0: 3 0x80003f30 (0xd15aa393) x 7 0x00000000
core   0: 0x80003f34 (0xd25c4717) auipc   a4, 0xd25c4
core   0: 3 0x80003f34 (0xd25c4717) x14 0x525c7f34
core   0: 0x80003f38 (0x000089fa) c.mv    s3, t5
core   0: 3 0x80003f38 (0x89fa) x19 0x40000000
core   0: 0x80003f3a (0x00009bfd) c.andi  a5, -1
core   0: 3 0x80003f3a (0x9bfd) x15 0x00000001
core   0: 0x80003f3c (0x031e32b3) mulhu   t0, t3, a7
core   0: 3 0x80003f3c (0x031e32b3) x 5 0x00000000
core   0: 0x80003f40 (0x00cc5cb3) srl     s9, s8, a2
core   0: 3 0x80003f40 (0x00cc5cb3) x25 0x00000000
core   0: 0x80003f44 (0x00eeceb3) xor     t4, t4, a4
core   0: 3 0x80003f44 (0x00eeceb3) x29 0x525c7f35
core   0: 0x80003f48 (0x0000717d) c.addi16sp sp, -16
core   0: 3 0x80003f48 (0x717d) x 2 0x0000063a
core   0: 0x80003f4a (0x000080d1) c.srli  s1, 20
core   0: 3 0x80003f4a (0x80d1) x 9 0x00000000
core   0: 0x80003f4c (0x0180f033) and     zero, ra, s8
core   0: 3 0x80003f4c (0x0180f033)
core   0: 0x80003f50 (0x01f7b4b3) sltu    s1, a5, t6
core   0: 3 0x80003f50 (0x01f7b4b3) x 9 0x00000001
core   0: 0x80003f54 (0x028561b3) rem     gp, a0, s0
core   0: 3 0x80003f54 (0x028561b3) x 3 0x00000000
core   0: 0x80003f58 (0x00006a41) c.lui   s4, 0x10
core   0: 3 0x80003f58 (0x6a41) x20 0x00010000
core   0: 0x80003f5a (0x00005dfd) c.li    s11, -1
core   0: 3 0x80003f5a (0x5dfd) x27 0xffffffff
core   0: 0x80003f5c (0x00757433) and     s0, a0, t2
core   0: 3 0x80003f5c (0x00757433) x 8 0x00000000
core   0: 0x80003f60 (0x02e81a33) mulh    s4, a6, a4
core   0: 3 0x80003f60 (0x02e81a33) x20 0xd6d2123d
core   0: 0x80003f64 (0x02b20ab3) mul     s5, tp, a1
core   0: 3 0x80003f64 (0x02b20ab3) x21 0x00000000
core   0: 0x80003f68 (0xc9ad3613) sltiu   a2, s10, -870
core   0: 3 0x80003f68 (0xc9ad3613) x12 0x00000001
core   0: 0x80003f6c (0x9db18c93) addi    s9, gp, -1573
core   0: 3 0x80003f6c (0x9db18c93) x25 0xfffff9db
core   0: 0x80003f70 (0x02073d33) mulhu   s10, a4, zero
core   0: 3 0x80003f70 (0x02073d33) x26 0x00000000
core   0: 0x80003f74 (0x02b9ef33) rem     t5, s3, a1
core   0: 3 0x80003f74 (0x02b9ef33) x30 0x40000000
core   0: 0x80003f78 (0x61b17793) andi    a5, sp, 1563
core   0: 3 0x80003f78 (0x61b17793) x15 0x0000061a
core   0: 0x80003f7c (0x0259e533) rem     a0, s3, t0
core   0: 3 0x80003f7c (0x0259e533) x10 0x40000000
core   0: 0x80003f80 (0x91a6b013) sltiu   zero, a3, -1766
core   0: 3 0x80003f80 (0x91a6b013)
core   0: 0x80003f84 (0x00009a7d) c.andi  a2, -1
core   0: 3 0x80003f84 (0x9a7d) x12 0x00000001
core   0: 0x80003f86 (0x01151933) sll     s2, a0, a7
core   0: 3 0x80003f86 (0x01151933) x18 0x00000000
core   0: 0x80003f8a (0x01bc62b3) or      t0, s8, s11
core   0: 3 0x80003f8a (0x01bc62b3) x 5 0xffffffff
core   0: 0x80003f8e (0x407c86b3) sub     a3, s9, t2
core   0: 3 0x80003f8e (0x407c86b3) x13 0xfffff9db
core   0: 0x80003f92 (0x00000626) c.slli  a2, 9
core   0: 3 0x80003f92 (0x0626) x12 0x00000200
core   0: 0x80003f94 (0x00ca2ab3) slt     s5, s4, a2
core   0: 3 0x80003f94 (0x00ca2ab3) x21 0x00000001
core   0: 0x80003f98 (0x9e270f13) addi    t5, a4, -1566
core   0: 3 0x80003f98 (0x9e270f13) x30 0x525c7916
core   0: 0x80003f9c (0x00a598b3) sll     a7, a1, a0
core   0: 3 0x80003f9c (0x00a598b3) x17 0x00000000
core   0: 0x80003fa0 (0x41b3ee93) ori     t4, t2, 1051
core   0: 3 0x80003fa0 (0x41b3ee93) x29 0x0000041b
core   0: 0x80003fa4 (0x00008a9a) c.mv    s5, t1
core   0: 3 0x80003fa4 (0x8a9a) x21 0xffffffff
core   0: 0x80003fa6 (0x2a8dea13) ori     s4, s11, 680
core   0: 3 0x80003fa6 (0x2a8dea13) x20 0xffffffff
core   0: 0x80003faa (0x00000001) c.nop
core   0: 3 0x80003faa (0x0001)
core   0: 0x80003fac (0x03e87633) remu    a2, a6, t5
core   0: 3 0x80003fac (0x03e87633) x12 0x2da4854e
core   0: 0x80003fb0 (0x00009976) c.add   s2, t4
core   0: 3 0x80003fb0 (0x9976) x18 0x0000041b
core   0: 0x80003fb2 (0x38ca1cb7) lui     s9, 0x38ca1
core   0: 3 0x80003fb2 (0x38ca1cb7) x25 0x38ca1000
core   0: 0x80003fb6 (0x0bfec413) xori    s0, t4, 191
core   0: 3 0x80003fb6 (0x0bfec413) x 8 0x000004a4
core   0: 0x80003fba (0x00008faa) c.mv    t6, a0
core   0: 3 0x80003fba (0x8faa) x31 0x40000000
core   0: 0x80003fbc (0x8c0a3993) sltiu   s3, s4, -1856
core   0: 3 0x80003fbc (0x8c0a3993) x19 0x00000000
core   0: 0x80003fc0 (0x10570a13) addi    s4, a4, 261
core   0: 3 0x80003fc0 (0x10570a13) x20 0x525c8039
core   0: 0x80003fc4 (0x002d84b3) add     s1, s11, sp
core   0: 3 0x80003fc4 (0x002d84b3) x 9 0x00000639
core   0: 0x80003fc8 (0x00008cdd) c.or    s1, a5
core   0: 3 0x80003fc8 (0x8cdd) x 9 0x0000063b
core   0: 0x80003fca (0x00001c7d) c.addi  s8, -1
core   0: 3 0x80003fca (0x1c7d) x24 0xffffffff
core   0: 0x80003fcc (0x00ba1d33) sll     s10, s4, a1
core   0: 3 0x80003fcc (0x00ba1d33) x26 0x525c8039
core   0: 0x80003fd0 (0x00008bd1) c.andi  a5, 20
core   0: 3 0x80003fd0 (0x8bd1) x15 0x00000010
core   0: 0x80003fd2 (0x01003e33) snez    t3, a6
core   0: 3 0x80003fd2 (0x01003e33) x28 0x00000001
core   0: 0x80003fd6 (0x41a15d33) sra     s10, sp, s10
core   0: 3 0x80003fd6 (0x41a15d33) x26 0x00000000
core   0: 0x80003fda (0x0173fab7) lui     s5, 0x173f
core   0: 3 0x80003fda (0x0173fab7) x21 0x0173f000
core   0: 0x80003fde (0x00008c62) c.mv    s8, s8
core   0: 3 0x80003fde (0x8c62) x24 0xffffffff
core   0: 0x80003fe0 (0x00008f91) c.sub   a5, a2
core   0: 3 0x80003fe0 (0x8f91) x15 0xd25b7ac2
core   0: 0x80003fe2 (0x00000ca2) c.slli  s9, 8
core   0: 3 0x80003fe2 (0x0ca2) x25 0xca100000
core   0: 0x80003fe4 (0x00000001) c.nop
core   0: 3 0x80003fe4 (0x0001)
core   0: 0x80003fe6 (0x41070d33) sub     s10, a4, a6
core   0: 3 0x80003fe6 (0x41070d33) x26 0xd25b80d0
core   0: 0x80003fea (0xa5caa893) slti    a7, s5, -1444
core   0: 3 0x80003fea (0xa5caa893) x17 0x00000000
core   0: 0x80003fee (0x00008ddd) c.or    a1, a5
core   0: 3 0x80003fee (0x8ddd) x11 0xd25b7ac2
core   0: 0x80003ff0 (0x0143fdb3) and     s11, t2, s4
core   0: 3 0x80003ff0 (0x0143fdb3) x27 0x00000000
core   0: 0x80003ff4 (0x00008132) c.mv    sp, a2
core   0: 3 0x80003ff4 (0x8132) x 2 0x2da4854e
core   0: 0x80003ff6 (0x00008675) c.srai  a2, 29
core   0: 3 0x80003ff6 (0x8675) x12 0x00000001
core   0: 0x80003ff8 (0x4cb3ef37) lui     t5, 0x4cb3e
core   0: 3 0x80003ff8 (0x4cb3ef37) x30 0x4cb3e000
core   0: 0x80003ffc (0x00000ac9) c.addi  s5, 18
core   0: 3 0x80003ffc (0x0ac9) x21 0x0173f012
core   0: 0x80003ffe (0x03ee6133) rem     sp, t3, t5
core   0: 3 0x80003ffe (0x03ee6133) x 2 0x00000001
core   0: 0x80004002 (0x00941893) slli    a7, s0, 9
core   0: 3 0x80004002 (0x00941893) x17 0x00094800
core   0: 0x80004006 (0x027ab8b3) mulhu   a7, s5, t2
core   0: 3 0x80004006 (0x027ab8b3) x17 0x00000000
core   0: 0x8000400a (0x00001dfd) c.addi  s11, -1
core   0: 3 0x8000400a (0x1dfd) x27 0xffffffff
core   0: 0x8000400c (0x00a8d333) srl     t1, a7, a0
core   0: 3 0x8000400c (0x00a8d333) x 6 0x00000000
core   0: 0x80004010 (0x00006149) c.addi16sp sp, 144
core   0: 3 0x80004010 (0x6149) x 2 0x00000091
core   0: 0x80004012 (0x00000001) c.nop
core   0: 3 0x80004012 (0x0001)
core   0: 0x80004014 (0x0000717d) c.addi16sp sp, -16
core   0: 3 0x80004014 (0x717d) x 2 0x00000081
core   0: 0x80004016 (0x0162be33) sltu    t3, t0, s6
core   0: 3 0x80004016 (0x0162be33) x28 0x00000000
core   0: 0x8000401a (0xb3324913) xori    s2, tp, -1229
core   0: 3 0x8000401a (0xb3324913) x18 0x00000193
core   0: 0x8000401e (0x00008ce1) c.and   s1, s0
core   0: 3 0x8000401e (0x8ce1) x 9 0x00000420
core   0: 0x80004020 (0x000085c9) c.srai  a1, 18
core   0: 3 0x80004020 (0x85c9) x11 0xfffff496
core   0: 0x80004022 (0x0292c033) div     zero, t0, s1
core   0: 3 0x80004022 (0x0292c033)
core   0: 0x80004026 (0x00000001) c.nop
core   0: 3 0x80004026 (0x0001)
core   0: 0x80004028 (0x01b99613) slli    a2, s3, 27
core   0: 3 0x80004028 (0x01b99613) x12 0x00000000
core   0: 0x8000402c (0x010cd793) srli    a5, s9, 16
core   0: 3 0x8000402c (0x010cd793) x15 0x0000ca10
core   0: 0x80004030 (0x025585b3) mul     a1, a1, t0
core   0: 3 0x80004030 (0x025585b3) x11 0x00000b6a
core   0: 0x80004034 (0x37ddd197) auipc   gp, 0x37ddd
core   0: 3 0x80004034 (0x37ddd197) x 3 0xb7de1034
core   0: 0x80004038 (0x023af0b3) remu    ra, s5, gp
core   0: 3 0x80004038 (0x023af0b3) x 1 0x0173f012
core   0: 0x8000403c (0x00000a9e) c.slli  s5, 7
core   0: 3 0x8000403c (0x0a9e) x21 0xb9f80900
core   0: 0x8000403e (0x02b48433) mul     s0, s1, a1
core   0: 3 0x8000403e (0x02b48433) x 8 0x002f1540
core   0: 0x80004042 (0x011499b3) sll     s3, s1, a7
core   0: 3 0x80004042 (0x011499b3) x19 0x00000420
core   0: 0x80004046 (0x02b73f33) mulhu   t5, a4, a1
core   0: 3 0x80004046 (0x02b73f33) x30 0x000003ac
core   0: 0x8000404a (0x00000001) c.nop
core   0: 3 0x8000404a (0x0001)
core   0: 0x8000404c (0x41548f33) sub     t5, s1, s5
core   0: 3 0x8000404c (0x41548f33) x30 0x4607fb20
core   0: 0x80004050 (0x0237c3b3) div     t2, a5, gp
core   0: 3 0x80004050 (0x0237c3b3) x 7 0x00000000
core   0: 0x80004054 (0x00001304) c.addi4spn s1, sp, 416
core   0: 3 0x80004054 (0x1304) x 9 0x00000221
core   0: 0x80004056 (0x00000a3e) c.slli  s4, 15
core   0: 3 0x80004056 (0x0a3e) x20 0x401c8000
core   0: 0x80004058 (0x00bd4c33) xor     s8, s10, a1
core   0: 3 0x80004058 (0x00bd4c33) x24 0xd25b8bba
core   0: 0x8000405c (0x717b3e13) sltiu   t3, s6, 1815
core   0: 3 0x8000405c (0x717b3e13) x28 0x00000001
core   0: 0x80004060 (0x00008dbe) c.mv    s11, a5
core   0: 3 0x80004060 (0x8dbe) x27 0x0000ca10
core   0: 0x80004062 (0x005fdf93) srli    t6, t6, 5
core   0: 3 0x80004062 (0x005fdf93) x31 0x02000000
core   0: 0x80004066 (0x0000623d) c.lui   tp, 0xf
core   0: 3 0x80004066 (0x623d) x 4 0x0000f000
core   0: 0x80004068 (0x00008731) c.srai  a4, 12
core   0: 3 0x80004068 (0x8731) x14 0x000525c7
core   0: 0x8000406a (0x41a08d33) sub     s10, ra, s10
core   0: 3 0x8000406a (0x41a08d33) x26 0x2f186f42
core   0: 0x8000406e (0x03e5e0b3) rem     ra, a1, t5
core   0: 3 0x8000406e (0x03e5e0b3) x 1 0x00000b6a
core   0: 0x80004072 (0x03c290b3) mulh    ra, t0, t3
core   0: 3 0x80004072 (0x03c290b3) x 1 0xffffffff
core   0: 0x80004076 (0x026a7733) remu    a4, s4, t1
core   0: 3 0x80004076 (0x026a7733) x14 0x401c8000
core   0: 0x8000407a (0x00578a33) add     s4, a5, t0
core   0: 3 0x8000407a (0x00578a33) x20 0x0000ca0f
core   0: 0x8000407e (0x52a0be13) sltiu   t3, ra, 1322
core   0: 3 0x8000407e (0x52a0be13) x28 0x00000000
core   0: 0x80004082 (0x00000ed6) c.slli  t4, 21
core   0: 3 0x80004082 (0x0ed6) x29 0x83600000
core   0: 0x80004084 (0x028199b3) mulh    s3, gp, s0
core   0: 3 0x80004084 (0x028199b3) x19 0xfff2bbc8
core   0: 0x80004088 (0x0268c033) div     zero, a7, t1
core   0: 3 0x80004088 (0x0268c033)
core   0: 0x8000408c (0x01c99e93) slli    t4, s3, 28
core   0: 3 0x8000408c (0x01c99e93) x29 0x80000000
core   0: 0x80004090 (0x408b8e33) sub     t3, s7, s0
core   0: 3 0x80004090 (0x408b8e33) x28 0x7fd227a4
core   0: 0x80004094 (0x00000a94) c.addi4spn a3, sp, 336
core   0: 3 0x80004094 (0x0a94) x13 0x000001d1
core   0: 0x80004096 (0x0243a733) mulhsu  a4, t2, tp
core   0: 3 0x80004096 (0x0243a733) x14 0x00000000
core   0: 0x8000409a (0xc7627eb7) lui     t4, 0xc7627
core   0: 3 0x8000409a (0xc7627eb7) x29 0xc7627000
core   0: 0x8000409e (0x00008e9d) c.sub   a3, a5
core   0: 3 0x8000409e (0x8e9d) x13 0xffff37c1
core   0: 0x800040a0 (0x00c6a033) slt     zero, a3, a2
core   0: 3 0x800040a0 (0x00c6a033)
core   0: 0x800040a4 (0x024e0c33) mul     s8, t3, tp
core   0: 3 0x800040a4 (0x024e0c33) x24 0x0529c000
core   0: 0x800040a8 (0x02ef5733) divu    a4, t5, a4
core   0: 3 0x800040a8 (0x02ef5733) x14 0xffffffff
core   0: 0x800040ac (0x76f86193) ori     gp, a6, 1903
core   0: 3 0x800040ac (0x76f86193) x 3 0x8000ff6f
core   0: 0x800040b0 (0x03220433) mul     s0, tp, s2
core   0: 3 0x800040b0 (0x03220433) x 8 0x0179d000
core   0: 0x800040b4 (0x00008f12) c.mv    t5, tp
core   0: 3 0x800040b4 (0x8f12) x30 0x0000f000
core   0: 0x800040b6 (0x038df1b3) remu    gp, s11, s8
core   0: 3 0x800040b6 (0x038df1b3) x 3 0x0000ca10
core   0: 0x800040ba (0x0248b333) mulhu   t1, a7, tp
core   0: 3 0x800040ba (0x0248b333) x 6 0x00000000
core   0: 0x800040be (0xa78dbe97) auipc   t4, 0xa78db
core   0: 3 0x800040be (0xa78dbe97) x29 0x278df0be
core   0: 0x800040c2 (0x0328ed33) rem     s10, a7, s2
core   0: 3 0x800040c2 (0x0328ed33) x26 0x00000000
core   0: 0x800040c6 (0x2fef08b7) lui     a7, 0x2fef0
core   0: 3 0x800040c6 (0x2fef08b7) x17 0x2fef0000
core   0: 0x800040ca (0x03692433) mulhsu  s0, s2, s6
core   0: 3 0x800040ca (0x03692433) x 8 0x00000000
core   0: 0x800040ce (0x008ea533) slt     a0, t4, s0
core   0: 3 0x800040ce (0x008ea533) x10 0x00000000
core   0: 0x800040d2 (0x46fb2613) slti    a2, s6, 1135
core   0: 3 0x800040d2 (0x46fb2613) x12 0x00000001
core   0: 0x800040d6 (0x03fdd533) divu    a0, s11, t6
core   0: 3 0x800040d6 (0x03fdd533) x10 0x00000000
core   0: 0x800040da (0x00008411) c.srai  s0, 4
core   0: 3 0x800040da (0x8411) x 8 0x00000000
core   0: 0x800040dc (0x40cdd593) srai    a1, s11, 12
core   0: 3 0x800040dc (0x40cdd593) x11 0x0000000c
core   0: 0x800040e0 (0x000096ce) c.add   a3, s3
core   0: 3 0x800040e0 (0x96ce) x13 0xfff1f389
core   0: 0x800040e2 (0x01e454b3) srl     s1, s0, t5
core   0: 3 0x800040e2 (0x01e454b3) x 9 0x00000000
core   0: 0x800040e6 (0xbe1abf13) sltiu   t5, s5, -1055
core   0: 3 0x800040e6 (0xbe1abf13) x30 0x00000001
core   0: 0x800040ea (0x00008c25) c.xor   s0, s1
core   0: 3 0x800040ea (0x8c25) x 8 0x00000000
core   0: 0x800040ec (0x62462f17) auipc   t5, 0x62462
core   0: 3 0x800040ec (0x62462f17) x30 0xe24660ec
core   0: 0x800040f0 (0x00ef6db3) or      s11, t5, a4
core   0: 3 0x800040f0 (0x00ef6db3) x27 0xffffffff
core   0: 0x800040f4 (0x00008921) c.andi  a0, 8
core   0: 3 0x800040f4 (0x8921) x10 0x00000000
core   0: 0x800040f6 (0x4952f093) andi    ra, t0, 1173
core   0: 3 0x800040f6 (0x4952f093) x 1 0x00000495
core   0: 0x800040fa (0x003c0db3) add     s11, s8, gp
core   0: 3 0x800040fa (0x003c0db3) x27 0x052a8a10
core   0: 0x800040fe (0x1685e713) ori     a4, a1, 360
core   0: 3 0x800040fe (0x1685e713) x14 0x0000016c
core   0: 0x80004102 (0x02a6ddb3) divu    s11, a3, a0
core   0: 3 0x80004102 (0x02a6ddb3) x27 0xffffffff
core   0: 0x80004106 (0x00000001) c.nop
core   0: 3 0x80004106 (0x0001)
core   0: 0x80004108 (0x00000eae) c.slli  t4, 11
core   0: 3 0x80004108 (0x0eae) x29 0x6f85f000
core   0: 0x8000410a (0x0026acb3) slt     s9, a3, sp
core   0: 3 0x8000410a (0x0026acb3) x25 0x00000001
core   0: 0x8000410e (0x0112e4b3) or      s1, t0, a7
core   0: 3 0x8000410e (0x0112e4b3) x 9 0xffffffff
core   0: 0x80004112 (0x00008e89) c.sub   a3, a0
core   0: 3 0x80004112 (0x8e89) x13 0xfff1f389
core   0: 0x80004114 (0x0000109c) c.addi4spn a5, sp, 96
core   0: 3 0x80004114 (0x109c) x15 0x000000e1
core   0: 0x80004116 (0x02d82cb3) mulhsu  s9, a6, a3
core   0: 3 0x80004116 (0x02d82cb3) x25 0x80080491
core   0: 0x8000411a (0x00000001) c.nop
core   0: 3 0x8000411a (0x0001)
core   0: 0x8000411c (0x00008ac6) c.mv    s5, a7
core   0: 3 0x8000411c (0x8ac6) x21 0x2fef0000
core   0: 0x8000411e (0x000099fd) c.andi  a1, -1
core   0: 3 0x8000411e (0x99fd) x11 0x0000000c
core   0: 0x80004120 (0x00006151) c.addi16sp sp, 272
core   0: 3 0x80004120 (0x6151) x 2 0x00000191
core   0: 0x80004122 (0x00009bfd) c.andi  a5, -1
core   0: 3 0x80004122 (0x9bfd) x15 0x000000e1
core   0: 0x80004124 (0x00000536) c.slli  a0, 13
core   0: 3 0x80004124 (0x0536) x10 0x00000000
core   0: 0x80004126 (0x25678913) addi    s2, a5, 598
core   0: 3 0x80004126 (0x25678913) x18 0x00000337
core   0: 0x8000412a (0x011824b3) slt     s1, a6, a7
core   0: 3 0x8000412a (0x011824b3) x 9 0x00000001
core   0: 0x8000412e (0x00000001) c.nop
core   0: 3 0x8000412e (0x0001)
core   0: 0x80004130 (0x40f2d293) srai    t0, t0, 15
core   0: 3 0x80004130 (0x40f2d293) x 5 0xffffffff
core   0: 0x80004134 (0x01565713) srli    a4, a2, 21
core   0: 3 0x80004134 (0x01565713) x14 0x00000000
core   0: 0x80004138 (0x024e9033) mulh    zero, t4, tp
core   0: 3 0x80004138 (0x024e9033)
core   0: 0x8000413c (0x00000ce6) c.slli  s9, 25
core   0: 3 0x8000413c (0x0ce6) x25 0x22000000
core   0: 0x8000413e (0x000084d1) c.srai  s1, 20
core   0: 3 0x8000413e (0x84d1) x 9 0x00000000
core   0: 0x80004140 (0x41ce8233) sub     tp, t4, t3
core   0: 3 0x80004140 (0x41ce8233) x 4 0xefb3c85c
core   0: 0x80004144 (0x0000094a) c.slli  s2, 18
core   0: 3 0x80004144 (0x094a) x18 0x0cdc0000
core   0: 0x80004146 (0xf19eaeb7) lui     t4, 0xf19ea
core   0: 3 0x80004146 (0xf19eaeb7) x29 0xf19ea000
core   0: 0x8000414a (0x0163d8b3) srl     a7, t2, s6
core   0: 3 0x8000414a (0x0163d8b3) x17 0x00000000
core   0: 0x8000414e (0x00008375) c.srli  a4, 29
core   0: 3 0x8000414e (0x8375) x14 0x00000000
core   0: 0x80004150 (0x01915d93) srli    s11, sp, 25
core   0: 3 0x80004150 (0x01915d93) x27 0x00000000
core   0: 0x80004154 (0x03f64ab3) div     s5, a2, t6
core   0: 3 0x80004154 (0x03f64ab3) x21 0x00000000
core   0: 0x80004158 (0x01eabfb3) sltu    t6, s5, t5
core   0: 3 0x80004158 (0x01eabfb3) x31 0x00000001
core   0: 0x8000415c (0xc6a6fab7) lui     s5, 0xc6a6f
core   0: 3 0x8000415c (0xc6a6fab7) x21 0xc6a6f000
core   0: 0x80004160 (0x00008d6d) c.and   a0, a1
core   0: 3 0x80004160 (0x8d6d) x10 0x00000000
core   0: 0x80004162 (0x03def5b3) remu    a1, t4, t4
core   0: 3 0x80004162 (0x03def5b3) x11 0x00000000
core   0: 0x80004166 (0xc9682993) slti    s3, a6, -874
core   0: 3 0x80004166 (0xc9682993) x19 0x00000001
core   0: 0x8000416a (0x76a81417) auipc   s0, 0x76a81
core   0: 3 0x8000416a (0x76a81417) x 8 0xf6a8516a
core   0: 0x8000416e (0x00008972) c.mv    s2, t3
core   0: 3 0x8000416e (0x8972) x18 0x7fd227a4
core   0: 0x80004170 (0x03588db3) mul     s11, a7, s5
core   0: 3 0x80004170 (0x03588db3) x27 0x00000000
core   0: 0x80004174 (0x000084c9) c.srai  s1, 18
core   0: 3 0x80004174 (0x84c9) x 9 0x00000000
core   0: 0x80004176 (0x408f88b3) sub     a7, t6, s0
core   0: 3 0x80004176 (0x408f88b3) x17 0x0957ae97
core   0: 0x8000417a (0x00006151) c.addi16sp sp, 272
core   0: 3 0x8000417a (0x6151) x 2 0x000002a1
core   0: 0x8000417c (0x00008786) c.mv    a5, ra
core   0: 3 0x8000417c (0x8786) x15 0x00000495
core   0: 0x8000417e (0x01165c33) srl     s8, a2, a7
core   0: 3 0x8000417e (0x01165c33) x24 0x00000000
core   0: 0x80004182 (0x00008df6) c.mv    s11, t4
core   0: 3 0x80004182 (0x8df6) x27 0xf19ea000
core   0: 0x80004184 (0x0061f133) and     sp, gp, t1
core   0: 3 0x80004184 (0x0061f133) x 2 0x00000000
core   0: 0x80004188 (0x1cc96413) ori     s0, s2, 460
core   0: 3 0x80004188 (0x1cc96413) x 8 0x7fd227ec
core   0: 0x8000418c (0x82b28c93) addi    s9, t0, -2005
core   0: 3 0x8000418c (0x82b28c93) x25 0xfffff82a
core   0: 0x80004190 (0x00000001) c.nop
core   0: 3 0x80004190 (0x0001)
core   0: 0x80004192 (0x00e050b3) srl     ra, zero, a4
core   0: 3 0x80004192 (0x00e050b3) x 1 0x00000000
core   0: 0x80004196 (0x0286f433) remu    s0, a3, s0
core   0: 3 0x80004196 (0x0286f433) x 8 0x004da3b1
core   0: 0x8000419a (0x002c0fb3) add     t6, s8, sp
core   0: 3 0x8000419a (0x002c0fb3) x31 0x00000000
core   0: 0x8000419e (0x00008259) c.srli  a2, 22
core   0: 3 0x8000419e (0x8259) x12 0x00000000
core   0: 0x800041a0 (0x02e104b3) mul     s1, sp, a4
core   0: 3 0x800041a0 (0x02e104b3) x 9 0x00000000
core   0: 0x800041a4 (0x4006de93) srai    t4, a3, 0
core   0: 3 0x800041a4 (0x4006de93) x29 0xfff1f389
core   0: 0x800041a8 (0x0000197d) c.addi  s2, -1
core   0: 3 0x800041a8 (0x197d) x18 0x7fd227a3
core   0: 0x800041aa (0x0317f6b3) remu    a3, a5, a7
core   0: 3 0x800041aa (0x0317f6b3) x13 0x00000495
core   0: 0x800041ae (0x00009916) c.add   s2, t0
core   0: 3 0x800041ae (0x9916) x18 0x7fd227a2
core   0: 0x800041b0 (0x37d5bab7) lui     s5, 0x37d5b
core   0: 3 0x800041b0 (0x37d5bab7) x21 0x37d5b000
core   0: 0x800041b4 (0x039fc9b3) div     s3, t6, s9
core   0: 3 0x800041b4 (0x039fc9b3) x19 0x00000000
core   0: 0x800041b8 (0x00000001) c.nop
core   0: 3 0x800041b8 (0x0001)
core   0: 0x800041ba (0x016e5213) srli    tp, t3, 22
core   0: 3 0x800041ba (0x016e5213) x 4 0x000001ff
core   0: 0x800041be (0x3b94f997) auipc   s3, 0x3b94f
core   0: 3 0x800041be (0x3b94f997) x19 0xbb9531be
core   0: 0x800041c2 (0x03e40533) mul     a0, s0, t5
core   0: 3 0x800041c2 (0x03e40533) x10 0x695b472c
core   0: 0x800041c6 (0x00008f6d) c.and   a4, a1
core   0: 3 0x800041c6 (0x8f6d) x14 0x00000000
core   0: 0x800041c8 (0x006f70b3) and     ra, t5, t1
core   0: 3 0x800041c8 (0x006f70b3) x 1 0x00000000
core   0: 0x800041cc (0x000087d5) c.srai  a5, 21
core   0: 3 0x800041cc (0x87d5) x15 0x00000000
core   0: 0x800041ce (0x01e7ecb3) or      s9, a5, t5
core   0: 3 0x800041ce (0x01e7ecb3) x25 0xe24660ec
core   0: 0x800041d2 (0x0000717d) c.addi16sp sp, -16
core   0: 3 0x800041d2 (0x717d) x 2 0xfffffff0
core   0: 0x800041d4 (0x00000714) c.addi4spn a3, sp, 896
core   0: 3 0x800041d4 (0x0714) x13 0x00000370
core   0: 0x800041d6 (0x004b14b3) sll     s1, s6, tp
core   0: 3 0x800041d6 (0x004b14b3) x 9 0x00000000
core   0: 0x800041da (0x00008645) c.srai  a2, 17
core   0: 3 0x800041da (0x8645) x12 0x00000000
core   0: 0x800041dc (0x02b85cb3) divu    s9, a6, a1
core   0: 3 0x800041dc (0x02b85cb3) x25 0xffffffff
core   0: 0x800041e0 (0x01f568b3) or      a7, a0, t6
core   0: 3 0x800041e0 (0x01f568b3) x17 0x695b472c
core   0: 0x800041e4 (0x00000001) c.nop
core   0: 3 0x800041e4 (0x0001)
core   0: 0x800041e6 (0x00000745) c.addi  a4, 17
core   0: 3 0x800041e6 (0x0745) x14 0x00000011
core   0: 0x800041e8 (0x0000010c) c.addi4spn a1, sp, 128
core   0: 3 0x800041e8 (0x010c) x11 0x00000070
core   0: 0x800041ea (0x024e66b3) rem     a3, t3, tp
core   0: 3 0x800041ea (0x024e66b3) x13 0x000000bc
core   0: 0x800041ee (0x40ea5e93) srai    t4, s4, 14
core   0: 3 0x800041ee (0x40ea5e93) x29 0x00000003
core   0: 0x800041f2 (0x03f5b133) mulhu   sp, a1, t6
core   0: 3 0x800041f2 (0x03f5b133) x 2 0x00000000
core   0: 0x800041f6 (0x0000844d) c.srai  s0, 19
core   0: 3 0x800041f6 (0x844d) x 8 0x00000009
core   0: 0x800041f8 (0x00a4b333) sltu    t1, s1, a0
core   0: 3 0x800041f8 (0x00a4b333) x 6 0x00000001
core   0: 0x800041fc (0x38773413) sltiu   s0, a4, 903
core   0: 3 0x800041fc (0x38773413) x 8 0x00000001
core   0: 0x80004200 (0x003bb5b3) sltu    a1, s7, gp
core   0: 3 0x80004200 (0x003bb5b3) x11 0x00000000
core   0: 0x80004204 (0x00008dbe) c.mv    s11, a5
core   0: 3 0x80004204 (0x8dbe) x27 0x00000000
core   0: 0x80004206 (0x00008fbd) c.xor   a5, a5
core   0: 3 0x80004206 (0x8fbd) x15 0x00000000
core   0: 0x80004208 (0x000050fd) c.li    ra, -1
core   0: 3 0x80004208 (0x50fd) x 1 0xffffffff
core   0: 0x8000420a (0x00009642) c.add   a2, a6
core   0: 3 0x8000420a (0x9642) x12 0x8000fe64
core   0: 0x8000420c (0x01d79e13) slli    t3, a5, 29
core   0: 3 0x8000420c (0x01d79e13) x28 0x00000000
core   0: 0x80004210 (0x0000717d) c.addi16sp sp, -16
core   0: 3 0x80004210 (0x717d) x 2 0xfffffff0
core   0: 0x80004212 (0x00006111) c.addi16sp sp, 256
core   0: 3 0x80004212 (0x6111) x 2 0x000000f0
core   0: 0x80004214 (0x00008dad) c.xor   a1, a1
core   0: 3 0x80004214 (0x8dad) x11 0x00000000
core   0: 0x80004216 (0xcf127793) andi    a5, tp, -783
core   0: 3 0x80004216 (0xcf127793) x15 0x000000f1
core   0: 0x8000421a (0x00000f08) c.addi4spn a0, sp, 912
core   0: 3 0x8000421a (0x0f08) x10 0x00000480
core   0: 0x8000421c (0x02f93fb3) mulhu   t6, s2, a5
core   0: 3 0x8000421c (0x02f93fb3) x31 0x00000078
core   0: 0x80004220 (0x00029713) slli    a4, t0, 0
core   0: 3 0x80004220 (0x00029713) x14 0xffffffff
core   0: 0x80004224 (0x00231e33) sll     t3, t1, sp
core   0: 3 0x80004224 (0x00231e33) x28 0x00010000
core   0: 0x80004228 (0x0334b933) mulhu   s2, s1, s3
core   0: 3 0x80004228 (0x0334b933) x18 0x00000000
core   0: 0x8000422c (0x404c83b3) sub     t2, s9, tp
core   0: 3 0x8000422c (0x404c83b3) x 7 0xfffffe00
core   0: 0x80004230 (0xbabfff93) andi    t6, t6, -1109
core   0: 3 0x80004230 (0xbabfff93) x31 0x00000028
core   0: 0x80004234 (0x02157933) remu    s2, a0, ra
core   0: 3 0x80004234 (0x02157933) x18 0x00000480
core   0: 0x80004238 (0x12d46393) ori     t2, s0, 301
core   0: 3 0x80004238 (0x12d46393) x 7 0x0000012d
core   0: 0x8000423c (0x188628b7) lui     a7, 0x18862
core   0: 3 0x8000423c (0x188628b7) x17 0x18862000
core   0: 0x80004240 (0x00000001) c.nop
core   0: 3 0x80004240 (0x0001)
core   0: 0x80004242 (0xc8902897) auipc   a7, 0xc8902
core   0: 3 0x80004242 (0xc8902897) x17 0x48906242
core   0: 0x80004246 (0x0199a433) slt     s0, s3, s9
core   0: 3 0x80004246 (0x0199a433) x 8 0x00000001
core   0: 0x8000424a (0x00001510) c.addi4spn a2, sp, 672
core   0: 3 0x8000424a (0x1510) x12 0x00000390
core   0: 0x8000424c (0x00008c89) c.sub   s1, a0
core   0: 3 0x8000424c (0x8c89) x 9 0xfffffb80
core   0: 0x8000424e (0x00004df5) c.li    s11, 29
core   0: 3 0x8000424e (0x4df5) x27 0x0000001d
core   0: 0x80004250 (0x01960ab3) add     s5, a2, s9
core   0: 3 0x80004250 (0x01960ab3) x21 0x0000038f
core   0: 0x80004254 (0x0000933e) c.add   t1, a5
core   0: 3 0x80004254 (0x933e) x 6 0x000000f2
core   0: 0x80004256 (0x00008512) c.mv    a0, tp
core   0: 3 0x80004256 (0x8512) x10 0x000001ff
core   0: 0x80004258 (0x9cd340b7) lui     ra, 0x9cd34
core   0: 3 0x80004258 (0x9cd340b7) x 1 0x9cd34000
core   0: 0x8000425c (0x00009986) c.add   s3, ra
core   0: 3 0x8000425c (0x9986) x19 0x586871be
core   0: 0x8000425e (0x00008c25) c.xor   s0, s1
core   0: 3 0x8000425e (0x8c25) x 8 0xfffffb81
core   0: 0x80004260 (0x00008ee5) c.and   a3, s1
core   0: 3 0x80004260 (0x8ee5) x13 0x00000080
core   0: 0x80004262 (0xaa890037) lui     zero, 0xaa890
core   0: 3 0x80004262 (0xaa890037)
core   0: 0x80004266 (0x014d0033) add     zero, s10, s4
core   0: 3 0x80004266 (0x014d0033)
core   0: 0x8000426a (0x0045c2b3) xor     t0, a1, tp
core   0: 3 0x8000426a (0x0045c2b3) x 5 0x000001ff
core   0: 0x8000426e (0x00000001) c.nop
core   0: 3 0x8000426e (0x0001)
core   0: 0x80004270 (0x001dd333) srl     t1, s11, ra
core   0: 3 0x80004270 (0x001dd333) x 6 0x0000001d
core   0: 0x80004274 (0xa7520913) addi    s2, tp, -1419
core   0: 3 0x80004274 (0xa7520913) x18 0xfffffc74
core   0: 0x80004278 (0x0000127d) c.addi  tp, -1
core   0: 3 0x80004278 (0x127d) x 4 0x000001fe
core   0: 0x8000427a (0x40abe437) lui     s0, 0x40abe
core   0: 3 0x8000427a (0x40abe437) x 8 0x40abe000
core   0: 0x8000427e (0xe58d0093) addi    ra, s10, -424
core   0: 3 0x8000427e (0xe58d0093) x 1 0xfffffe58
core   0: 0x80004282 (0x00008fca) c.mv    t6, s2
core   0: 3 0x80004282 (0x8fca) x31 0xfffffc74
core   0: 0x80004284 (0x01feacb3) slt     s9, t4, t6
core   0: 3 0x80004284 (0x01feacb3) x25 0x00000000
core   0: 0x80004288 (0x00000001) c.nop
core   0: 3 0x80004288 (0x0001)
core   0: 0x8000428a (0x03d148b3) div     a7, sp, t4
core   0: 3 0x8000428a (0x03d148b3) x17 0x00000050
core   0: 0x8000428e (0x00000001) c.nop
core   0: 3 0x8000428e (0x0001)
core   0: 0x80004290 (0x00008e31) c.xor   a2, a2
core   0: 3 0x80004290 (0x8e31) x12 0x00000000
core   0: 0x80004292 (0x00008a8d) c.andi  a3, 3
core   0: 3 0x80004292 (0x8a8d) x13 0x00000000
core   0: 0x80004294 (0x00001498) c.addi4spn a4, sp, 608
core   0: 3 0x80004294 (0x1498) x14 0x00000350
core   0: 0x80004296 (0x03a03733) mulhu   a4, zero, s10
core   0: 3 0x80004296 (0x03a03733) x14 0x00000000
core   0: 0x8000429a (0x68440913) addi    s2, s0, 1668
core   0: 3 0x8000429a (0x68440913) x18 0x40abe684
core   0: 0x8000429e (0x034f9eb3) mulh    t4, t6, s4
core   0: 3 0x8000429e (0x034f9eb3) x29 0xffffffff
core   0: 0x800042a2 (0x0252b8b3) mulhu   a7, t0, t0
core   0: 3 0x800042a2 (0x0252b8b3) x17 0x00000000
core   0: 0x800042a6 (0x00000422) c.slli  s0, 8
core   0: 3 0x800042a6 (0x0422) x 8 0xabe00000
core   0: 0x800042a8 (0x02a148b3) div     a7, sp, a0
core   0: 3 0x800042a8 (0x02a148b3) x17 0x00000000
core   0: 0x800042ac (0x0000987d) c.andi  s0, -1
core   0: 3 0x800042ac (0x987d) x 8 0xabe00000
core   0: 0x800042ae (0x8ccecf13) xori    t5, t4, -1844
core   0: 3 0x800042ae (0x8ccecf13) x30 0x00000733
core   0: 0x800042b2 (0x03051033) mulh    zero, a0, a6
core   0: 3 0x800042b2 (0x03051033)
core   0: 0x800042b6 (0x01eb8333) add     t1, s7, t5
core   0: 3 0x800042b6 (0x01eb8333) x 6 0x80014417
core   0: 0x800042ba (0x00ae1d33) sll     s10, t3, a0
core   0: 3 0x800042ba (0x00ae1d33) x26 0x00000000
core   0: 0x800042be (0x00008da5) c.xor   a1, s1
core   0: 3 0x800042be (0x8da5) x11 0xfffffb80
core   0: 0x800042c0 (0x00008ea5) c.xor   a3, s1
core   0: 3 0x800042c0 (0x8ea5) x13 0xfffffb80
core   0: 0x800042c2 (0x0325d2b3) divu    t0, a1, s2
core   0: 3 0x800042c2 (0x0325d2b3) x 5 0x00000003
core   0: 0x800042c6 (0x01f32233) slt     tp, t1, t6
core   0: 3 0x800042c6 (0x01f32233) x 4 0x00000001
core   0: 0x800042ca (0x00000001) c.nop
core   0: 3 0x800042ca (0x0001)
core   0: 0x800042cc (0xb9cc2e13) slti    t3, s8, -1124
core   0: 3 0x800042cc (0xb9cc2e13) x28 0x00000000
core   0: 0x800042d0 (0x9ce8c5b7) lui     a1, 0x9ce8c
core   0: 3 0x800042d0 (0x9ce8c5b7) x11 0x9ce8c000
core   0: 0x800042d4 (0x8d2d0513) addi    a0, s10, -1838
core   0: 3 0x800042d4 (0x8d2d0513) x10 0xfffff8d2
core   0: 0x800042d8 (0x00001310) c.addi4spn a2, sp, 416
core   0: 3 0x800042d8 (0x1310) x12 0x00000290
core   0: 0x800042da (0x00859e33) sll     t3, a1, s0
core   0: 3 0x800042da (0x00859e33) x28 0x9ce8c000
core   0: 0x800042de (0xeb643f93) sltiu   t6, s0, -330
core   0: 3 0x800042de (0xeb643f93) x31 0x00000001
core   0: 0x800042e2 (0x01279133) sll     sp, a5, s2
core   0: 3 0x800042e2 (0x01279133) x 2 0x00000f10
core   0: 0x800042e6 (0x002c8ab3) add     s5, s9, sp
core   0: 3 0x800042e6 (0x002c8ab3) x21 0x00000f10
core   0: 0x800042ea (0x40ef5313) srai    t1, t5, 14
core   0: 3 0x800042ea (0x40ef5313) x 6 0x00000000
core   0: 0x800042ee (0x0069f433) and     s0, s3, t1
core   0: 3 0x800042ee (0x0069f433) x 8 0x00000000
core   0: 0x800042f2 (0x00008f95) c.sub   a5, a3
core   0: 3 0x800042f2 (0x8f95) x15 0x00000571
core   0: 0x800042f4 (0x00008d85) c.sub   a1, s1
core   0: 3 0x800042f4 (0x8d85) x11 0x9ce8c480
core   0: 0x800042f6 (0x01077533) and     a0, a4, a6
core   0: 3 0x800042f6 (0x01077533) x10 0x00000000
core   0: 0x800042fa (0xd6c72c13) slti    s8, a4, -660
core   0: 3 0x800042fa (0xd6c72c13) x24 0x00000000
core   0: 0x800042fe (0x02a83333) mulhu   t1, a6, a0
core   0: 3 0x800042fe (0x02a83333) x 6 0x00000000
core   0: 0x80004302 (0x030f9433) mulh    s0, t6, a6
core   0: 3 0x80004302 (0x030f9433) x 8 0xffffffff
core   0: 0x80004306 (0x00000efd) c.addi  t4, 31
core   0: 3 0x80004306 (0x0efd) x29 0x0000001e
core   0: 0x80004308 (0x000082b1) c.srli  a3, 12
core   0: 3 0x80004308 (0x82b1) x13 0x000fffff
core   0: 0x8000430a (0x03dc85b3) mul     a1, s9, t4
core   0: 3 0x8000430a (0x03dc85b3) x11 0x00000000
core   0: 0x8000430e (0x0000025a) c.slli  tp, 22
core   0: 3 0x8000430e (0x025a) x 4 0x00400000
core   0: 0x80004310 (0xc1ec7913) andi    s2, s8, -994
core   0: 3 0x80004310 (0xc1ec7913) x18 0x00000000
core   0: 0x80004314 (0x40a188b3) sub     a7, gp, a0
core   0: 3 0x80004314 (0x40a188b3) x17 0x0000ca10
core   0: 0x80004318 (0x02304ab3) div     s5, zero, gp
core   0: 3 0x80004318 (0x02304ab3) x21 0x00000000
core   0: 0x8000431c (0x000007c1) c.addi  a5, 16
core   0: 3 0x8000431c (0x07c1) x15 0x00000581
core   0: 0x8000431e (0x407b07b3) sub     a5, s6, t2
core   0: 3 0x8000431e (0x407b07b3) x15 0xfffffee1
core   0: 0x80004322 (0x0212b733) mulhu   a4, t0, ra
core   0: 3 0x80004322 (0x0212b733) x14 0x00000002
core   0: 0x80004326 (0x008773b3) and     t2, a4, s0
core   0: 3 0x80004326 (0x008773b3) x 7 0x00000002
core   0: 0x8000432a (0x00006155) c.addi16sp sp, 304
core   0: 3 0x8000432a (0x6155) x 2 0x00001040
core   0: 0x8000432c (0x00008f7d) c.and   a4, a5
core   0: 3 0x8000432c (0x8f7d) x14 0x00000000
core   0: 0x8000432e (0x002addb3) srl     s11, s5, sp
core   0: 3 0x8000432e (0x002addb3) x27 0x00000000
core   0: 0x80004332 (0x03da5333) divu    t1, s4, t4
core   0: 3 0x80004332 (0x03da5333) x 6 0x000006bc
core   0: 0x80004336 (0x2fedac17) auipc   s8, 0x2feda
core   0: 3 0x80004336 (0x2fedac17) x24 0xafede336
core   0: 0x8000433a (0x00c7be33) sltu    t3, a5, a2
core   0: 3 0x8000433a (0x00c7be33) x28 0x00000000
core   0: 0x8000433e (0x24d74e93) xori    t4, a4, 589
core   0: 3 0x8000433e (0x24d74e93) x29 0x0000024d
core   0: 0x80004342 (0x00000d89) c.addi  s11, 2
core   0: 3 0x80004342 (0x0d89) x27 0x00000002
core   0: 0x80004344 (0x03fe5cb3) divu    s9, t3, t6
core   0: 3 0x80004344 (0x03fe5cb3) x25 0x00000000
core   0: 0x80004348 (0x00000001) c.nop
core   0: 3 0x80004348 (0x0001)
core   0: 0x8000434a (0x005c0eb3) add     t4, s8, t0
core   0: 3 0x8000434a (0x005c0eb3) x29 0xafede339
core   0: 0x8000434e (0x00008dcd) c.or    a1, a1
core   0: 3 0x8000434e (0x8dcd) x11 0x00000000
core   0: 0x80004350 (0x00db5db3) srl     s11, s6, a3
core   0: 3 0x80004350 (0x00db5db3) x27 0x00000000
core   0: 0x80004354 (0xa72c7693) andi    a3, s8, -1422
core   0: 3 0x80004354 (0xa72c7693) x13 0xafede232
core   0: 0x80004358 (0x00000001) c.nop
core   0: 3 0x80004358 (0x0001)
core   0: 0x8000435a (0x41918ab3) sub     s5, gp, s9
core   0: 3 0x8000435a (0x41918ab3) x21 0x0000ca10
core   0: 0x8000435e (0x40bb8733) sub     a4, s7, a1
core   0: 3 0x8000435e (0x40bb8733) x14 0x80013ce4
core   0: 0x80004362 (0x00008f6d) c.and   a4, a1
core   0: 3 0x80004362 (0x8f6d) x14 0x00000000
core   0: 0x80004364 (0x00008e7e) c.mv    t3, t6
core   0: 3 0x80004364 (0x8e7e) x28 0x00000001
core   0: 0x80004366 (0x000084ed) c.srai  s1, 27
core   0: 3 0x80004366 (0x84ed) x 9 0xffffffff
core   0: 0x80004368 (0x00ad1e93) slli    t4, s10, 10
core   0: 3 0x80004368 (0x00ad1e93) x29 0x00000000
core   0: 0x8000436c (0x00f19333) sll     t1, gp, a5
core   0: 3 0x8000436c (0x00f19333) x 6 0x00019420
core   0: 0x80004370 (0x40b55333) sra     t1, a0, a1
core   0: 3 0x80004370 (0x40b55333) x 6 0x00000000
core   0: 0x80004374 (0x023f0033) mul     zero, t5, gp
core   0: 3 0x80004374 (0x023f0033)
core   0: 0x80004378 (0x41aa8a33) sub     s4, s5, s10
core   0: 3 0x80004378 (0x41aa8a33) x20 0x0000ca10
core   0: 0x8000437c (0x01e819b3) sll     s3, a6, t5
core   0: 3 0x8000437c (0x01e819b3) x19 0xf3200000
core   0: 0x80004380 (0x000099ae) c.add   s3, a1
core   0: 3 0x80004380 (0x99ae) x19 0xf3200000
core   0: 0x80004382 (0x039755b3) divu    a1, a4, s9
core   0: 3 0x80004382 (0x039755b3) x11 0xffffffff
core   0: 0x80004386 (0x0338c9b3) div     s3, a7, s3
core   0: 3 0x80004386 (0x0338c9b3) x19 0x00000000
core   0: 0x8000438a (0x01611033) sll     zero, sp, s6
core   0: 3 0x8000438a (0x01611033)
core   0: 0x8000438e (0x02257fb3) remu    t6, a0, sp
core   0: 3 0x8000438e (0x02257fb3) x31 0x00000000
core   0: 0x80004392 (0x0002d613) srli    a2, t0, 0
core   0: 3 0x80004392 (0x0002d613) x12 0x00000003
core   0: 0x80004396 (0xcf736d13) ori     s10, t1, -777
core   0: 3 0x80004396 (0xcf736d13) x26 0xfffffcf7
core   0: 0x8000439a (0x00008fcd) c.or    a5, a1
core   0: 3 0x8000439a (0x8fcd) x15 0xffffffff
core   0: 0x8000439c (0x40068eb3) sub     t4, a3, zero
core   0: 3 0x8000439c (0x40068eb3) x29 0xafede232
core   0: 0x800043a0 (0xf325ae93) slti    t4, a1, -206
core   0: 3 0x800043a0 (0xf325ae93) x29 0x00000000
core   0: 0x800043a4 (0x00008019) c.srli  s0, 6
core   0: 3 0x800043a4 (0x8019) x 8 0x03ffffff
core   0: 0x800043a6 (0x000090ea) c.add   ra, s10
core   0: 3 0x800043a6 (0x90ea) x 1 0xfffffb4f
core   0: 0x800043a8 (0x020f49b3) div     s3, t5, zero
core   0: 3 0x800043a8 (0x020f49b3) x19 0xffffffff
core   0: 0x800043ac (0x41258cb3) sub     s9, a1, s2
core   0: 3 0x800043ac (0x41258cb3) x25 0xffffffff
core   0: 0x800043b0 (0x00008d11) c.sub   a0, a2
core   0: 3 0x800043b0 (0x8d11) x10 0xfffffffd
core   0: 0x800043b2 (0x00009b7d) c.andi  a4, -1
core   0: 3 0x800043b2 (0x9b7d) x14 0x00000000
core   0: 0x800043b4 (0x0000617d) c.addi16sp sp, 496
core   0: 3 0x800043b4 (0x617d) x 2 0x00001230
core   0: 0x800043b6 (0x00cae9b3) or      s3, s5, a2
core   0: 3 0x800043b6 (0x00cae9b3) x19 0x0000ca13
core   0: 0x800043ba (0x0000913a) c.add   sp, a4
core   0: 3 0x800043ba (0x913a) x 2 0x00001230
core   0: 0x800043bc (0x000087b5) c.srai  a5, 13
core   0: 3 0x800043bc (0x87b5) x15 0xffffffff
core   0: 0x800043be (0x00008029) c.srli  s0, 10
core   0: 3 0x800043be (0x8029) x 8 0x0000ffff
core   0: 0x800043c0 (0x014bf1b3) and     gp, s7, s4
core   0: 3 0x800043c0 (0x014bf1b3) x 3 0x00000800
core   0: 0x800043c4 (0x01ed58b3) srl     a7, s10, t5
core   0: 3 0x800043c4 (0x01ed58b3) x17 0x00001fff
core   0: 0x800043c8 (0x00000dda) c.slli  s11, 22
core   0: 3 0x800043c8 (0x0dda) x27 0x00000000
core   0: 0x800043ca (0x41d78db3) sub     s11, a5, t4
core   0: 3 0x800043ca (0x41d78db3) x27 0xffffffff
core   0: 0x800043ce (0x00805c13) srli    s8, zero, 8
core   0: 3 0x800043ce (0x00805c13) x24 0x00000000
core   0: 0x800043d2 (0x00000001) c.nop
core   0: 3 0x800043d2 (0x0001)
core   0: 0x800043d4 (0x00008d55) c.or    a0, a3
core   0: 3 0x800043d4 (0x8d55) x10 0xffffffff
core   0: 0x800043d6 (0x016bf4b3) and     s1, s7, s6
core   0: 3 0x800043d6 (0x016bf4b3) x 9 0x00000004
core   0: 0x800043da (0x00008a0a) c.mv    s4, sp
core   0: 3 0x800043da (0x8a0a) x20 0x00001230
core   0: 0x800043dc (0x4d1aa013) slti    zero, s5, 1233
core   0: 3 0x800043dc (0x4d1aa013)
core   0: 0x800043e0 (0x00af4433) xor     s0, t5, a0
core   0: 3 0x800043e0 (0x00af4433) x 8 0xfffff8cc
core   0: 0x800043e4 (0x00009aca) c.add   s5, s2
core   0: 3 0x800043e4 (0x9aca) x21 0x0000ca10
core   0: 0x800043e6 (0x2ded6193) ori     gp, s10, 734
core   0: 3 0x800043e6 (0x2ded6193) x 3 0xfffffeff
core   0: 0x800043ea (0x02474ab3) div     s5, a4, tp
core   0: 3 0x800043ea (0x02474ab3) x21 0x00000000
core   0: 0x800043ee (0x00081033) sll     zero, a6, zero
core   0: 3 0x800043ee (0x00081033)
core   0: 0x800043f2 (0x0056e3b3) or      t2, a3, t0
core   0: 3 0x800043f2 (0x0056e3b3) x 7 0xafede233
core   0: 0x800043f6 (0x7cd2a313) slti    t1, t0, 1997
core   0: 3 0x800043f6 (0x7cd2a313) x 6 0x00000001
core   0: 0x800043fa (0x00000001) c.nop
core   0: 3 0x800043fa (0x0001)
core   0: 0x800043fc (0x034df0b3) remu    ra, s11, s4
core   0: 3 0x800043fc (0x034df0b3) x 1 0x00000b1f
core   0: 0x80004400 (0x00008f05) c.sub   a4, s1
core   0: 3 0x80004400 (0x8f05) x14 0xfffffffc
core   0: 0x80004402 (0xb8981297) auipc   t0, 0xb8981
core   0: 3 0x80004402 (0xb8981297) x 5 0x38985402
core   0: 0x80004406 (0x40e95f13) srai    t5, s2, 14
core   0: 3 0x80004406 (0x40e95f13) x30 0x00000000
core   0: 0x8000440a (0x01049c13) slli    s8, s1, 16
core   0: 3 0x8000440a (0x01049c13) x24 0x00040000
core   0: 0x8000440e (0x2bf53693) sltiu   a3, a0, 703
core   0: 3 0x8000440e (0x2bf53693) x13 0x00000000
core   0: 0x80004412 (0x00008b79) c.andi  a4, 30
core   0: 3 0x80004412 (0x8b79) x14 0x0000001c
core   0: 0x80004414 (0x2ecb7217) auipc   tp, 0x2ecb7
core   0: 3 0x80004414 (0x2ecb7217) x 4 0xaecbb414
core   0: 0x80004418 (0x00001b80) c.addi4spn s0, sp, 496
core   0: 3 0x80004418 (0x1b80) x 8 0x00001420
core   0: 0x8000441a (0x00001598) c.addi4spn a4, sp, 736
core   0: 3 0x8000441a (0x1598) x14 0x00001510
core   0: 0x8000441c (0x000098fd) c.andi  s1, -1
core   0: 3 0x8000441c (0x98fd) x 9 0x00000004
core   0: 0x8000441e (0x000092a6) c.add   t0, s1
core   0: 3 0x8000441e (0x92a6) x 5 0x38985406
core   0: 0x80004420 (0x00008579) c.srai  a0, 30
core   0: 3 0x80004420 (0x8579) x10 0xffffffff
core   0: 0x80004422 (0x00000001) c.nop
core   0: 3 0x80004422 (0x0001)
core   0: 0x80004424 (0x00008f05) c.sub   a4, s1
core   0: 3 0x80004424 (0x8f05) x14 0x0000150c
core   0: 0x80004426 (0x000097ae) c.add   a5, a1
core   0: 3 0x80004426 (0x97ae) x15 0xfffffffe
core   0: 0x80004428 (0x00b524b3) slt     s1, a0, a1
core   0: 3 0x80004428 (0x00b524b3) x 9 0x00000000
core   0: 0x8000442c (0x00000001) c.nop
core   0: 3 0x8000442c (0x0001)
core   0: 0x8000442e (0x40410733) sub     a4, sp, tp
core   0: 3 0x8000442e (0x40410733) x14 0x51345e1c
core   0: 0x80004432 (0x00008d2d) c.xor   a0, a1
core   0: 3 0x80004432 (0x8d2d) x10 0x00000000
core   0: 0x80004434 (0xaa194113) xori    sp, s2, -1375
core   0: 3 0x80004434 (0xaa194113) x 2 0xfffffaa1
core   0: 0x80004438 (0x703e7597) auipc   a1, 0x703e7
core   0: 3 0x80004438 (0x703e7597) x11 0xf03eb438
core   0: 0x8000443c (0x001494b3) sll     s1, s1, ra
core   0: 3 0x8000443c (0x001494b3) x 9 0x00000000
core   0: 0x80004440 (0x007ace33) xor     t3, s5, t2
core   0: 3 0x80004440 (0x007ace33) x28 0xafede233
core   0: 0x80004444 (0x00009ce6) c.add   s9, s9
core   0: 3 0x80004444 (0x9ce6) x25 0xfffffffe
core   0: 0x80004446 (0x006fb0b3) sltu    ra, t6, t1
core   0: 3 0x80004446 (0x006fb0b3) x 1 0x00000001
core   0: 0x8000444a (0xd312b913) sltiu   s2, t0, -719
core   0: 3 0x8000444a (0xd312b913) x18 0x00000001
core   0: 0x8000444e (0x03d8b433) mulhu   s0, a7, t4
core   0: 3 0x8000444e (0x03d8b433) x 8 0x00000000
core   0: 0x80004452 (0x41fc5fb3) sra     t6, s8, t6
core   0: 3 0x80004452 (0x41fc5fb3) x31 0x00040000
core   0: 0x80004456 (0x020e7d33) remu    s10, t3, zero
core   0: 3 0x80004456 (0x020e7d33) x26 0xafede233
core   0: 0x8000445a (0xcc4df893) andi    a7, s11, -828
core   0: 3 0x8000445a (0xcc4df893) x17 0xfffffcc4
core   0: 0x8000445e (0x0000987d) c.andi  s0, -1
core   0: 3 0x8000445e (0x987d) x 8 0x00000000
core   0: 0x80004460 (0x0000844d) c.srai  s0, 19
core   0: 3 0x80004460 (0x844d) x 8 0x00000000
core   0: 0x80004462 (0x01234a33) xor     s4, t1, s2
core   0: 3 0x80004462 (0x01234a33) x20 0x00000000
core   0: 0x80004466 (0x000042b1) c.li    t0, 12
core   0: 3 0x80004466 (0x42b1) x 5 0x0000000c
core   0: 0x80004468 (0x75406c93) ori     s9, zero, 1876
core   0: 3 0x80004468 (0x75406c93) x25 0x00000754
core   0: 0x8000446c (0x00839e93) slli    t4, t2, 8
core   0: 3 0x8000446c (0x00839e93) x29 0xede23300
core   0: 0x80004470 (0x00008611) c.srai  a2, 4
core   0: 3 0x80004470 (0x8611) x12 0x00000000
core   0: 0x80004472 (0x00dcaf33) slt     t5, s9, a3
core   0: 3 0x80004472 (0x00dcaf33) x30 0x00000000
core   0: 0x80004476 (0x3fbbaa13) slti    s4, s7, 1019
core   0: 3 0x80004476 (0x3fbbaa13) x20 0x00000001
core   0: 0x8000447a (0x00a27e33) and     t3, tp, a0
core   0: 3 0x8000447a (0x00a27e33) x28 0x00000000
core   0: 0x8000447e (0x03353a33) mulhu   s4, a0, s3
core   0: 3 0x8000447e (0x03353a33) x20 0x00000000
core   0: 0x80004482 (0x005eee33) or      t3, t4, t0
core   0: 3 0x80004482 (0x005eee33) x28 0xede2330c
core   0: 0x80004486 (0x0000717d) c.addi16sp sp, -16
core   0: 3 0x80004486 (0x717d) x 2 0xfffffa91
core   0: 0x80004488 (0x40a95e13) srai    t3, s2, 10
core   0: 3 0x80004488 (0x40a95e13) x28 0x00000000
core   0: 0x8000448c (0x0000647d) c.lui   s0, 0x1f
core   0: 3 0x8000448c (0x647d) x 8 0x0001f000
core   0: 0x8000448e (0x41d38933) sub     s2, t2, t4
core   0: 3 0x8000448e (0x41d38933) x18 0xc20baf33
core   0: 0x80004492 (0x00006169) c.addi16sp sp, 208
core   0: 3 0x80004492 (0x6169) x 2 0xfffffb61
core   0: 0x80004494 (0x44765217) auipc   tp, 0x44765
core   0: 3 0x80004494 (0x44765217) x 4 0xc4769494
core   0: 0x80004498 (0x00008631) c.srai  a2, 12
core   0: 3 0x80004498 (0x8631) x12 0x00000000
core   0: 0x8000449a (0x00000988) c.addi4spn a0, sp, 208
core   0: 3 0x8000449a (0x0988) x10 0xfffffc31
core   0: 0x8000449c (0x00000932) c.slli  s2, 12
core   0: 3 0x8000449c (0x0932) x18 0xbaf33000
core   0: 0x8000449e (0x00000001) c.nop
core   0: 3 0x8000449e (0x0001)
core   0: 0x800044a0 (0x00000001) c.nop
core   0: 3 0x800044a0 (0x0001)
core   0: 0x800044a2 (0x00a4a333) slt     t1, s1, a0
core   0: 3 0x800044a2 (0x00a4a333) x 6 0x00000000
core   0: 0x800044a6 (0x00903633) snez    a2, s1
core   0: 3 0x800044a6 (0x00903633) x12 0x00000000
core   0: 0x800044aa (0x00000001) c.nop
core   0: 3 0x800044aa (0x0001)
core   0: 0x800044ac (0x01803933) snez    s2, s8
core   0: 3 0x800044ac (0x01803933) x18 0x00000001
core   0: 0x800044b0 (0x0000057d) c.addi  a0, 31
core   0: 3 0x800044b0 (0x057d) x10 0xfffffc50
core   0: 0x800044b2 (0x00008d49) c.or    a0, a0
core   0: 3 0x800044b2 (0x8d49) x10 0xfffffc50
core   0: 0x800044b4 (0x020ef033) remu    zero, t4, zero
core   0: 3 0x800044b4 (0x020ef033)
core   0: 0x800044b8 (0x00001afd) c.addi  s5, -1
core   0: 3 0x800044b8 (0x1afd) x21 0xffffffff
core   0: 0x800044ba (0x00008c39) c.xor   s0, a4
core   0: 3 0x800044ba (0x8c39) x 8 0x5135ae1c
core   0: 0x800044bc (0x0000197d) c.addi  s2, -1
core   0: 3 0x800044bc (0x197d) x18 0x00000000
core   0: 0x800044be (0x0bd8ad93) slti    s11, a7, 189
core   0: 3 0x800044be (0x0bd8ad93) x27 0x00000001
core   0: 0x800044c2 (0x00004705) c.li    a4, 1
core   0: 3 0x800044c2 (0x4705) x14 0x00000001
core   0: 0x800044c4 (0x03298fb3) mul     t6, s3, s2
core   0: 3 0x800044c4 (0x03298fb3) x31 0x00000000
core   0: 0x800044c8 (0x00bf8433) add     s0, t6, a1
core   0: 3 0x800044c8 (0x00bf8433) x 8 0xf03eb438
core   0: 0x800044cc (0x0000717d) c.addi16sp sp, -16
core   0: 3 0x800044cc (0x717d) x 2 0xfffffb51
core   0: 0x800044ce (0x02b02a33) mulhsu  s4, zero, a1
core   0: 3 0x800044ce (0x02b02a33) x20 0x00000000
core   0: 0x800044d2 (0x00f815b3) sll     a1, a6, a5
core   0: 3 0x800044d2 (0x00f815b3) x11 0x00000000
core   0: 0x800044d6 (0x00008e71) c.and   a2, a2
core   0: 3 0x800044d6 (0x8e71) x12 0x00000000
core   0: 0x800044d8 (0x40495013) srai    zero, s2, 4
core   0: 3 0x800044d8 (0x40495013)
core   0: 0x800044dc (0x40de57b3) sra     a5, t3, a3
core   0: 3 0x800044dc (0x40de57b3) x15 0x00000000
core   0: 0x800044e0 (0x018e8cb3) add     s9, t4, s8
core   0: 3 0x800044e0 (0x018e8cb3) x25 0xede63300
core   0: 0x800044e4 (0x00004c5d) c.li    s8, 23
core   0: 3 0x800044e4 (0x4c5d) x24 0x00000017
core   0: 0x800044e6 (0x000006dd) c.addi  a3, 23
core   0: 3 0x800044e6 (0x06dd) x13 0x00000017
core   0: 0x800044e8 (0x0193dab3) srl     s5, t2, s9
core   0: 3 0x800044e8 (0x0193dab3) x21 0xafede233
core   0: 0x800044ec (0x031ca733) mulhsu  a4, s9, a7
core   0: 3 0x800044ec (0x031ca733) x14 0xede6333a
core   0: 0x800044f0 (0x03ef6033) rem     zero, t5, t5
core   0: 3 0x800044f0 (0x03ef6033)
core   0: 0x800044f4 (0x00008c9a) c.mv    s9, t1
core   0: 3 0x800044f4 (0x8c9a) x25 0x00000000
core   0: 0x800044f6 (0x028e5fb3) divu    t6, t3, s0
core   0: 3 0x800044f6 (0x028e5fb3) x31 0x00000000
core   0: 0x800044fa (0x00001c10) c.addi4spn a2, sp, 560
core   0: 3 0x800044fa (0x1c10) x12 0xfffffd81
core   0: 0x800044fc (0x00006169) c.addi16sp sp, 208
core   0: 3 0x800044fc (0x6169) x 2 0xfffffc21
core   0: 0x800044fe (0x01db0e33) add     t3, s6, t4
core   0: 3 0x800044fe (0x01db0e33) x28 0xede2330e
core   0: 0x80004502 (0x00008c49) c.or    s0, a0
core   0: 3 0x80004502 (0x8c49) x 8 0xfffffc78
core   0: 0x80004504 (0xe3428393) addi    t2, t0, -460
core   0: 3 0x80004504 (0xe3428393) x 7 0xfffffe40
core   0: 0x80004508 (0x5e985017) auipc   zero, 0x5e985
core   0: 3 0x80004508 (0x5e985017)
core   0: 0x8000450c (0x00d72033) slt     zero, a4, a3
core   0: 3 0x8000450c (0x00d72033)
core   0: 0x80004510 (0x0000857e) c.mv    a0, t6
core   0: 3 0x80004510 (0x857e) x10 0x00000000
core   0: 0x80004512 (0x45984393) xori    t2, a6, 1113
core   0: 3 0x80004512 (0x45984393) x 7 0x8000fa3d
core   0: 0x80004516 (0x000087b9) c.srai  a5, 14
core   0: 3 0x80004516 (0x87b9) x15 0x00000000
core   0: 0x80004518 (0x003d7f33) and     t5, s10, gp
core   0: 3 0x80004518 (0x003d7f33) x30 0xafede233
core   0: 0x8000451c (0x012be8b3) or      a7, s7, s2
core   0: 3 0x8000451c (0x012be8b3) x17 0x80013ce4
core   0: 0x80004520 (0x00006139) c.addi16sp sp, 448
core   0: 3 0x80004520 (0x6139) x 2 0xfffffde1
core   0: 0x80004522 (0x01e75ab3) srl     s5, a4, t5
core   0: 3 0x80004522 (0x01e75ab3) x21 0x00001dbc
core   0: 0x80004526 (0x0000070d) c.addi  a4, 3
core   0: 3 0x80004526 (0x070d) x14 0xede6333d
core   0: 0x80004528 (0x00008fe1) c.and   a5, s0
core   0: 3 0x80004528 (0x8fe1) x15 0x00000000
core   0: 0x8000452a (0x039e00b3) mul     ra, t3, s9
core   0: 3 0x8000452a (0x039e00b3) x 1 0x00000000
core   0: 0x8000452e (0x79a5ae13) slti    t3, a1, 1946
core   0: 3 0x8000452e (0x79a5ae13) x28 0x00000001
core   0: 0x80004532 (0x0000411d) c.li    sp, 7
core   0: 3 0x80004532 (0x411d) x 2 0x00000007
core   0: 0x80004534 (0x00000f96) c.slli  t6, 5
core   0: 3 0x80004534 (0x0f96) x31 0x00000000
core   0: 0x80004536 (0x00b7dfb3) srl     t6, a5, a1
core   0: 3 0x80004536 (0x00b7dfb3) x31 0x00000000
core   0: 0x8000453a (0x00cd4433) xor     s0, s10, a2
core   0: 3 0x8000453a (0x00cd4433) x 8 0x50121fb2
core   0: 0x8000453e (0xbe38c313) xori    t1, a7, -1053
core   0: 3 0x8000453e (0xbe38c313) x 6 0x7ffec707
core   0: 0x80004542 (0x0000023a) c.slli  tp, 14
core   0: 3 0x80004542 (0x023a) x 4 0xa5250000
core   0: 0x80004544 (0x00008336) c.mv    t1, a3
core   0: 3 0x80004544 (0x8336) x 6 0x00000017
core   0: 0x80004546 (0x03eafc33) remu    s8, s5, t5
core   0: 3 0x80004546 (0x03eafc33) x24 0x00001dbc
core   0: 0x8000454a (0x30c84c93) xori    s9, a6, 780
core   0: 3 0x8000454a (0x30c84c93) x25 0x8000fd68
core   0: 0x8000454e (0x0000874d) c.srai  a4, 19
core   0: 3 0x8000454e (0x874d) x14 0xfffffdbc
core   0: 0x80004550 (0x00000555) c.addi  a0, 21
core   0: 3 0x80004550 (0x0555) x10 0x00000015
core   0: 0x80004552 (0x00008dd9) c.or    a1, a4
core   0: 3 0x80004552 (0x8dd9) x11 0xfffffdbc
core   0: 0x80004554 (0x0000127d) c.addi  tp, -1
core   0: 3 0x80004554 (0x127d) x 4 0xa524ffff
core   0: 0x80004556 (0x7e6ea213) slti    tp, t4, 2022
core   0: 3 0x80004556 (0x7e6ea213) x 4 0x00000001
core   0: 0x8000455a (0x024de933) rem     s2, s11, tp
core   0: 3 0x8000455a (0x024de933) x18 0x00000000
core   0: 0x8000455e (0x373fe917) auipc   s2, 0x373fe
core   0: 3 0x8000455e (0x373fe917) x18 0xb740255e
core   0: 0x80004562 (0x000086a5) c.srai  a3, 9
core   0: 3 0x80004562 (0x86a5) x13 0x00000000
core   0: 0x80004564 (0x00008fe5) c.and   a5, s1
core   0: 3 0x80004564 (0x8fe5) x15 0x00000000
core   0: 0x80004566 (0x03741533) mulh    a0, s0, s7
core   0: 3 0x80004566 (0x03741533) x10 0xd7f75344
core   0: 0x8000456a (0x00008d0d) c.sub   a0, a1
core   0: 3 0x8000456a (0x8d0d) x10 0xd7f75588
core   0: 0x8000456c (0x000098fd) c.andi  s1, -1
core   0: 3 0x8000456c (0x98fd) x 9 0x00000000
core   0: 0x8000456e (0x02ae70b3) remu    ra, t3, a0
core   0: 3 0x8000456e (0x02ae70b3) x 1 0x00000001
core   0: 0x80004572 (0x00004a49) c.li    s4, 18
core   0: 3 0x80004572 (0x4a49) x20 0x00000012
core   0: 0x80004574 (0x00bf0c33) add     s8, t5, a1
core   0: 3 0x80004574 (0x00bf0c33) x24 0xafeddfef
core   0: 0x80004578 (0xcd745597) auipc   a1, 0xcd745
core   0: 3 0x80004578 (0xcd745597) x11 0x4d749578
core   0: 0x8000457c (0x01af33b3) sltu    t2, t5, s10
core   0: 3 0x8000457c (0x01af33b3) x 7 0x00000000
core   0: 0x80004580 (0x800006b7) lui     a3, 0x80000
core   0: 3 0x80004580 (0x800006b7) x13 0x80000000
core   0: 0x80004584 (0xfff00a13) li      s4, -1
core   0: 3 0x80004584 (0xfff00a13) x20 0xffffffff
core   0: 0x80004588 (0x3a9fcc37) lui     s8, 0x3a9fc
core   0: 3 0x80004588 (0x3a9fcc37) x24 0x3a9fc000
core   0: 0x8000458c (0x84ec0c13) addi    s8, s8, -1970
core   0: 3 0x8000458c (0x84ec0c13) x24 0x3a9fb84e
core   0: 0x80004590 (0x00004381) c.li    t2, 0
core   0: 3 0x80004590 (0x4381) x 7 0x00000000
core   0: 0x80004592 (0xfff00f13) li      t5, -1
core   0: 3 0x80004592 (0xfff00f13) x30 0xffffffff
core   0: 0x80004596 (0x3edfd7b7) lui     a5, 0x3edfd
core   0: 3 0x80004596 (0x3edfd7b7) x15 0x3edfd000
core   0: 0x8000459a (0xbe778793) addi    a5, a5, -1049
core   0: 3 0x8000459a (0xbe778793) x15 0x3edfcbe7
core   0: 0x8000459e (0x80000ab7) lui     s5, 0x80000
core   0: 3 0x8000459e (0x80000ab7) x21 0x80000000
core   0: 0x800045a2 (0x00004181) c.li    gp, 0
core   0: 3 0x800045a2 (0x4181) x 3 0x00000000
core   0: 0x800045a4 (0xfff00593) li      a1, -1
core   0: 3 0x800045a4 (0xfff00593) x11 0xffffffff
core   0: 0x800045a8 (0xfff00293) li      t0, -1
core   0: 3 0x800045a8 (0xfff00293) x 5 0xffffffff
core   0: 0x800045ac (0xea496ab7) lui     s5, 0xea496
core   0: 3 0x800045ac (0xea496ab7) x21 0xea496000
core   0: 0x800045b0 (0x0231a2b3) mulhsu  t0, gp, gp
core   0: 3 0x800045b0 (0x0231a2b3) x 5 0x00000000
core   0: 0x800045b4 (0x0275b3b3) mulhu   t2, a1, t2
core   0: 3 0x800045b4 (0x0275b3b3) x 7 0x00000000
core   0: 0x800045b8 (0x00000001) c.nop
core   0: 3 0x800045b8 (0x0001)
core   0: 0x800045ba (0x0271ba33) mulhu   s4, gp, t2
core   0: 3 0x800045ba (0x0271ba33) x20 0x00000000
core   0: 0x800045be (0x03ef7c33) remu    s8, t5, t5
core   0: 3 0x800045be (0x03ef7c33) x24 0x00000000
core   0: 0x800045c2 (0x03e3bf33) mulhu   t5, t2, t5
core   0: 3 0x800045c2 (0x03e3bf33) x30 0x00000000
core   0: 0x800045c6 (0x02fc55b3) divu    a1, s8, a5
core   0: 3 0x800045c6 (0x02fc55b3) x11 0x00000000
core   0: 0x800045ca (0x41e685b3) sub     a1, a3, t5
core   0: 3 0x800045ca (0x41e685b3) x11 0x80000000
core   0: 0x800045ce (0x415a8c33) sub     s8, s5, s5
core   0: 3 0x800045ce (0x415a8c33) x24 0x00000000
core   0: 0x800045d2 (0x1fb5f7b7) lui     a5, 0x1fb5f
core   0: 3 0x800045d2 (0x1fb5f7b7) x15 0x1fb5f000
core   0: 0x800045d6 (0x41858c33) sub     s8, a1, s8
core   0: 3 0x800045d6 (0x41858c33) x24 0x80000000
core   0: 0x800045da (0x01ef03b3) add     t2, t5, t5
core   0: 3 0x800045da (0x01ef03b3) x 7 0x00000000
core   0: 0x800045de (0x01558f33) add     t5, a1, s5
core   0: 3 0x800045de (0x01558f33) x30 0x6a496000
core   0: 0x800045e2 (0x00009aae) c.add   s5, a1
core   0: 3 0x800045e2 (0x9aae) x21 0x6a496000
core   0: 0x800045e4 (0xb1c0c2b7) lui     t0, 0xb1c0c
core   0: 3 0x800045e4 (0xb1c0c2b7) x 5 0xb1c0c000
core   0: 0x800045e8 (0x414187b3) sub     a5, gp, s4
core   0: 3 0x800045e8 (0x414187b3) x15 0x00000000
core   0: 0x800045ec (0x0343d1b3) divu    gp, t2, s4
core   0: 3 0x800045ec (0x0343d1b3) x 3 0xffffffff
core   0: 0x800045f0 (0x8aeea3b7) lui     t2, 0x8aeea
core   0: 3 0x800045f0 (0x8aeea3b7) x 7 0x8aeea000
core   0: 0x800045f4 (0x00000001) c.nop
core   0: 3 0x800045f4 (0x0001)
core   0: 0x800045f6 (0x0ae8d197) auipc   gp, 0xae8d
core   0: 3 0x800045f6 (0x0ae8d197) x 3 0x8ae915f6
core   0: 0x800045fa (0x0381c1b3) div     gp, gp, s8
core   0: 3 0x800045fa (0x0381c1b3) x 3 0x00000000
core   0: 0x800045fe (0x03ef37b3) mulhu   a5, t5, t5
core   0: 3 0x800045fe (0x03ef37b3) x15 0x2c20d887
core   0: 0x80004602 (0x00009a2e) c.add   s4, a1
core   0: 3 0x80004602 (0x9a2e) x20 0x80000000
core   0: 0x80004604 (0x038f4a33) div     s4, t5, s8
core   0: 3 0x80004604 (0x038f4a33) x20 0x00000000
core   0: 0x80004608 (0x84c621b7) lui     gp, 0x84c62
core   0: 3 0x80004608 (0x84c621b7) x 3 0x84c62000
core   0: 0x8000460c (0x01578f33) add     t5, a5, s5
core   0: 3 0x8000460c (0x01578f33) x30 0x966a3887
core   0: 0x80004610 (0x46fadab7) lui     s5, 0x46fad
core   0: 3 0x80004610 (0x46fadab7) x21 0x46fad000
core   0: 0x80004614 (0x025a86b3) mul     a3, s5, t0
core   0: 3 0x80004614 (0x025a86b3) x13 0x1c000000
core   0: 0x80004618 (0x0345ba33) mulhu   s4, a1, s4
core   0: 3 0x80004618 (0x0345ba33) x20 0x00000000
core   0: 0x8000461c (0x40010933) sub     s2, sp, zero
core   0: 3 0x8000461c (0x40010933) x18 0x00000007
core   0: 0x80004620 (0x00008fa9) c.xor   a5, a0
core   0: 3 0x80004620 (0x8fa9) x15 0xfbd78d0f
core   0: 0x80004622 (0x022bb0b3) mulhu   ra, s7, sp
core   0: 3 0x80004622 (0x022bb0b3) x 1 0x00000003
core   0: 0x80004626 (0x00008eed) c.and   a3, a1
core   0: 3 0x80004626 (0x8eed) x13 0x00000000
core   0: 0x80004628 (0x000067a5) c.lui   a5, 0x9
core   0: 3 0x80004628 (0x67a5) x15 0x00009000
core   0: 0x8000462a (0xe6c58993) addi    s3, a1, -404
core   0: 3 0x8000462a (0xe6c58993) x19 0x7ffffe6c
core   0: 0x8000462e (0x00000001) c.nop
core   0: 3 0x8000462e (0x0001)
core   0: 0x80004630 (0x00008e15) c.sub   a2, a3
core   0: 3 0x80004630 (0x8e15) x12 0xfffffd81
core   0: 0x80004632 (0x039bf9b3) remu    s3, s7, s9
core   0: 3 0x80004632 (0x039bf9b3) x19 0x00003f7c
core   0: 0x80004636 (0x00000001) c.nop
core   0: 3 0x80004636 (0x0001)
core   0: 0x80004638 (0x02841fb3) mulh    t6, s0, s0
core   0: 3 0x80004638 (0x02841fb3) x31 0x190b5517
core   0: 0x8000463c (0x1425cd13) xori    s10, a1, 322
core   0: 3 0x8000463c (0x1425cd13) x26 0x80000142
core   0: 0x80004640 (0x41db5933) sra     s2, s6, t4
core   0: 3 0x80004640 (0x41db5933) x18 0x0000000e
core   0: 0x80004644 (0x40355293) srai    t0, a0, 3
core   0: 3 0x80004644 (0x40355293) x 5 0xfafeeab1
core   0: 0x80004648 (0x000087ad) c.srai  a5, 11
core   0: 3 0x80004648 (0x87ad) x15 0x00000012
core   0: 0x8000464a (0x96e26713) ori     a4, tp, -1682
core   0: 3 0x8000464a (0x96e26713) x14 0xfffff96f
core   0: 0x8000464e (0x023b3e33) mulhu   t3, s6, gp
core   0: 3 0x8000464e (0x023b3e33) x28 0x00000007
core   0: 0x80004652 (0x031cb433) mulhu   s0, s9, a7
core   0: 3 0x80004652 (0x031cb433) x 8 0x40011d27
core   0: 0x80004656 (0x00008e2d) c.xor   a2, a1
core   0: 3 0x80004656 (0x8e2d) x12 0x7ffffd81
core   0: 0x80004658 (0x024335b3) mulhu   a1, t1, tp
core   0: 3 0x80004658 (0x024335b3) x11 0x00000000
core   0: 0x8000465c (0x00009bfd) c.andi  a5, -1
core   0: 3 0x8000465c (0x9bfd) x15 0x00000012
core   0: 0x8000465e (0x02307333) remu    t1, zero, gp
core   0: 3 0x8000465e (0x02307333) x 6 0x00000000
core   0: 0x80004662 (0x0381e233) rem     tp, gp, s8
core   0: 3 0x80004662 (0x0381e233) x 4 0x84c62000
core   0: 0x80004666 (0x00008671) c.srai  a2, 28
core   0: 3 0x80004666 (0x8671) x12 0x00000007
core   0: 0x80004668 (0x40290eb3) sub     t4, s2, sp
core   0: 3 0x80004668 (0x40290eb3) x29 0x00000007
core   0: 0x8000466c (0x004cec33) or      s8, s9, tp
core   0: 3 0x8000466c (0x004cec33) x24 0x84c6fd68
core   0: 0x80004670 (0x48946093) ori     ra, s0, 1161
core   0: 3 0x80004670 (0x48946093) x 1 0x40011daf
core   0: 0x80004674 (0xec06cc13) xori    s8, a3, -320
core   0: 3 0x80004674 (0xec06cc13) x24 0xfffffec0
core   0: 0x80004678 (0x00008cb1) c.xor   s1, a2
core   0: 3 0x80004678 (0x8cb1) x 9 0x00000007
core   0: 0x8000467a (0x00dea533) slt     a0, t4, a3
core   0: 3 0x8000467a (0x00dea533) x10 0x00000000
core   0: 0x8000467e (0x44c33db7) lui     s11, 0x44c33
core   0: 3 0x8000467e (0x44c33db7) x27 0x44c33000
core   0: 0x80004682 (0x6bb5c093) xori    ra, a1, 1723
core   0: 3 0x80004682 (0x6bb5c093) x 1 0x000006bb
core   0: 0x80004686 (0x033efab3) remu    s5, t4, s3
core   0: 3 0x80004686 (0x033efab3) x21 0x00000007
core   0: 0x8000468a (0x001fd6b3) srl     a3, t6, ra
core   0: 3 0x8000468a (0x001fd6b3) x13 0x00000003
core   0: 0x8000468e (0x00006c61) c.lui   s8, 0x18
core   0: 3 0x8000468e (0x6c61) x24 0x00018000
core   0: 0x80004690 (0x03474db3) div     s11, a4, s4
core   0: 3 0x80004690 (0x03474db3) x27 0xffffffff
core   0: 0x80004694 (0x0227dcb3) divu    s9, a5, sp
core   0: 3 0x80004694 (0x0227dcb3) x25 0x00000002
core   0: 0x80004698 (0x00e72f33) slt     t5, a4, a4
core   0: 3 0x80004698 (0x00e72f33) x30 0x00000000
core   0: 0x8000469c (0x00000001) c.nop
core   0: 3 0x8000469c (0x0001)
core   0: 0x8000469e (0x01943933) sltu    s2, s0, s9
core   0: 3 0x8000469e (0x01943933) x18 0x00000000
core   0: 0x800046a2 (0x00000001) c.nop
core   0: 3 0x800046a2 (0x0001)
core   0: 0x800046a4 (0x34678313) addi    t1, a5, 838
core   0: 3 0x800046a4 (0x34678313) x 6 0x00000358
core   0: 0x800046a8 (0x00008ec5) c.or    a3, s1
core   0: 3 0x800046a8 (0x8ec5) x13 0x00000007
core   0: 0x800046aa (0x02c23ab3) mulhu   s5, tp, a2
core   0: 3 0x800046aa (0x02c23ab3) x21 0x00000003
core   0: 0x800046ae (0x00008cb2) c.mv    s9, a2
core   0: 3 0x800046ae (0x8cb2) x25 0x00000007
core   0: 0x800046b0 (0x00006611) c.lui   a2, 0x4
core   0: 3 0x800046b0 (0x6611) x12 0x00004000
core   0: 0x800046b2 (0x00008e21) c.xor   a2, s0
core   0: 3 0x800046b2 (0x8e21) x12 0x40015d27
core   0: 0x800046b4 (0x00000125) c.addi  sp, 9
core   0: 3 0x800046b4 (0x0125) x 2 0x00000010
core   0: 0x800046b6 (0xa848f413) andi    s0, a7, -1404
core   0: 3 0x800046b6 (0xa848f413) x 8 0x80013884
core   0: 0x800046ba (0x0000597d) c.li    s2, -1
core   0: 3 0x800046ba (0x597d) x18 0xffffffff
core   0: 0x800046bc (0x00000001) c.nop
core   0: 3 0x800046bc (0x0001)
core   0: 0x800046be (0x00dafd33) and     s10, s5, a3
core   0: 3 0x800046be (0x00dafd33) x26 0x00000003
core   0: 0x800046c2 (0x032a8433) mul     s0, s5, s2
core   0: 3 0x800046c2 (0x032a8433) x 8 0xfffffffd
core   0: 0x800046c6 (0x009d3c33) sltu    s8, s10, s1
core   0: 3 0x800046c6 (0x009d3c33) x24 0x00000001
core   0: 0x800046ca (0x00000df1) c.addi  s11, 28
core   0: 3 0x800046ca (0x0df1) x27 0x0000001b
core   0: 0x800046cc (0x0251dd33) divu    s10, gp, t0
core   0: 3 0x800046cc (0x0251dd33) x26 0x00000000
core   0: 0x800046d0 (0x000063b5) c.lui   t2, 0xd
core   0: 3 0x800046d0 (0x63b5) x 7 0x0000d000
core   0: 0x800046d2 (0x00008b05) c.andi  a4, 1
core   0: 3 0x800046d2 (0x8b05) x14 0x00000001
core   0: 0x800046d4 (0x02728633) mul     a2, t0, t2
core   0: 3 0x800046d4 (0x02728633) x12 0x1eafd000
core   0: 0x800046d8 (0x01f717b3) sll     a5, a4, t6
core   0: 3 0x800046d8 (0x01f717b3) x15 0x00800000
core   0: 0x800046dc (0x013203b3) add     t2, tp, s3
core   0: 3 0x800046dc (0x013203b3) x 7 0x84c65f7c
core   0: 0x800046e0 (0x3a117113) andi    sp, sp, 929
core   0: 3 0x800046e0 (0x3a117113) x 2 0x00000000
core   0: 0x800046e4 (0x00000001) c.nop
core   0: 3 0x800046e4 (0x0001)
core   0: 0x800046e6 (0x02919133) mulh    sp, gp, s1
core   0: 3 0x800046e6 (0x02919133) x 2 0xfffffffc
core   0: 0x800046ea (0x00008d05) c.sub   a0, s1
core   0: 3 0x800046ea (0x8d05) x10 0xfffffff9
core   0: 0x800046ec (0x40795e33) sra     t3, s2, t2
core   0: 3 0x800046ec (0x40795e33) x28 0xffffffff
core   0: 0x800046f0 (0x00008dbd) c.xor   a1, a5
core   0: 3 0x800046f0 (0x8dbd) x11 0x00800000
core   0: 0x800046f2 (0x00f1b1b3) sltu    gp, gp, a5
core   0: 3 0x800046f2 (0x00f1b1b3) x 3 0x00000000
core   0: 0x800046f6 (0x0000717d) c.addi16sp sp, -16
core   0: 3 0x800046f6 (0x717d) x 2 0xffffffec
core   0: 0x800046f8 (0x01cd99b3) sll     s3, s11, t3
core   0: 3 0x800046f8 (0x01cd99b3) x19 0x80000000
core   0: 0x800046fc (0x000083b1) c.srli  a5, 12
core   0: 3 0x800046fc (0x83b1) x15 0x00000800
core   0: 0x800046fe (0x4182d613) srai    a2, t0, 24
core   0: 3 0x800046fe (0x4182d613) x12 0xfffffffa
core   0: 0x80004702 (0x41ff5f33) sra     t5, t5, t6
core   0: 3 0x80004702 (0x41ff5f33) x30 0x00000000
core   0: 0x80004706 (0x00005a7d) c.li    s4, -1
core   0: 3 0x80004706 (0x5a7d) x20 0xffffffff
core   0: 0x80004708 (0xc1f5dc97) auipc   s9, 0xc1f5d
core   0: 3 0x80004708 (0xc1f5dc97) x25 0x41f61708
core   0: 0x8000470c (0x00008e9d) c.sub   a3, a5
core   0: 3 0x8000470c (0x8e9d) x13 0xfffff807
core   0: 0x8000470e (0x01909f13) slli    t5, ra, 25
core   0: 3 0x8000470e (0x01909f13) x30 0x76000000
core   0: 0x80004712 (0x01740d93) addi    s11, s0, 23
core   0: 3 0x80004712 (0x01740d93) x27 0x00000014
core   0: 0x80004716 (0xc2eb9937) lui     s2, 0xc2eb9
core   0: 3 0x80004716 (0xc2eb9937) x18 0xc2eb9000
core   0: 0x8000471a (0x000003aa) c.slli  t2, 10
core   0: 3 0x8000471a (0x03aa) x 7 0x197df000
core   0: 0x8000471c (0x00000001) c.nop
core   0: 3 0x8000471c (0x0001)
core   0: 0x8000471e (0x00008dad) c.xor   a1, a1
core   0: 3 0x8000471e (0x8dad) x11 0x00000000
core   0: 0x80004720 (0xf6708c13) addi    s8, ra, -153
core   0: 3 0x80004720 (0xf6708c13) x24 0x00000622
core   0: 0x80004724 (0xe1b12fb7) lui     t6, 0xe1b12
core   0: 3 0x80004724 (0xe1b12fb7) x31 0xe1b12000
core   0: 0x80004728 (0x00d31d93) slli    s11, t1, 13
core   0: 3 0x80004728 (0x00d31d93) x27 0x006b0000
core   0: 0x8000472c (0x00006ecd) c.lui   t4, 0x13
core   0: 3 0x8000472c (0x6ecd) x29 0x00013000
core   0: 0x8000472e (0x8e6ec093) xori    ra, t4, -1818
core   0: 3 0x8000472e (0x8e6ec093) x 1 0xfffec8e6
core   0: 0x80004732 (0x00008d55) c.or    a0, a3
core   0: 3 0x80004732 (0x8d55) x10 0xffffffff
core   0: 0x80004734 (0x03b3b133) mulhu   sp, t2, s11
core   0: 3 0x80004734 (0x03b3b133) x 2 0x000aa7a3
core   0: 0x80004738 (0x039293b3) mulh    t2, t0, s9
core   0: 3 0x80004738 (0x039293b3) x 7 0xfeb5ea19
core   0: 0x8000473c (0x02a255b3) divu    a1, tp, a0
core   0: 3 0x8000473c (0x02a255b3) x11 0x00000000
core   0: 0x80004740 (0x01182233) slt     tp, a6, a7
core   0: 3 0x80004740 (0x01182233) x 4 0x00000001
core   0: 0x80004744 (0xe0155a17) auipc   s4, 0xe0155
core   0: 3 0x80004744 (0xe0155a17) x20 0x60159744
core   0: 0x80004748 (0x0000fe33) and     t3, ra, zero
core   0: 3 0x80004748 (0x0000fe33) x28 0x00000000
core   0: 0x8000474c (0x00235313) srli    t1, t1, 2
core   0: 3 0x8000474c (0x00235313) x 6 0x000000d6
core   0: 0x80004750 (0xa5fc0f17) auipc   t5, 0xa5fc0
core   0: 3 0x80004750 (0xa5fc0f17) x30 0x25fc4750
core   0: 0x80004754 (0x409d8c33) sub     s8, s11, s1
core   0: 3 0x80004754 (0x409d8c33) x24 0x006afff9
core   0: 0x80004758 (0x11fe2d37) lui     s10, 0x11fe2
core   0: 3 0x80004758 (0x11fe2d37) x26 0x11fe2000
core   0: 0x8000475c (0x0000970e) c.add   a4, gp
core   0: 3 0x8000475c (0x970e) x14 0x00000001
core   0: 0x8000475e (0x00008ca1) c.xor   s1, s0
core   0: 3 0x8000475e (0x8ca1) x 9 0xfffffffa
core   0: 0x80004760 (0x00008d51) c.or    a0, a2
core   0: 3 0x80004760 (0x8d51) x10 0xffffffff
core   0: 0x80004762 (0x01e1e5b3) or      a1, gp, t5
core   0: 3 0x80004762 (0x01e1e5b3) x11 0x25fc4750
core   0: 0x80004766 (0x00004f05) c.li    t5, 1
core   0: 3 0x80004766 (0x4f05) x30 0x00000001
core   0: 0x80004768 (0x00009a7d) c.andi  a2, -1
core   0: 3 0x80004768 (0x9a7d) x12 0xfffffffa
core   0: 0x8000476a (0x0084d913) srli    s2, s1, 8
core   0: 3 0x8000476a (0x0084d913) x18 0x00ffffff
core   0: 0x8000476e (0x00008729) c.srai  a4, 10
core   0: 3 0x8000476e (0x8729) x14 0x00000000
core   0: 0x80004770 (0x0000614d) c.addi16sp sp, 176
core   0: 3 0x80004770 (0x614d) x 2 0x000aa853
core   0: 0x80004772 (0x417400b3) sub     ra, s0, s7
core   0: 3 0x80004772 (0x417400b3) x 1 0x7ffec319
core   0: 0x80004776 (0x001671b3) and     gp, a2, ra
core   0: 3 0x80004776 (0x001671b3) x 3 0x7ffec318
core   0: 0x8000477a (0x000089c5) c.andi  a1, 17
core   0: 3 0x8000477a (0x89c5) x11 0x00000010
core   0: 0x8000477c (0x01463d33) sltu    s10, a2, s4
core   0: 3 0x8000477c (0x01463d33) x26 0x00000000
core   0: 0x80004780 (0x000085f9) c.srai  a1, 30
core   0: 3 0x80004780 (0x85f9) x11 0x00000000
core   0: 0x80004782 (0x46e0aa13) slti    s4, ra, 1134
core   0: 3 0x80004782 (0x46e0aa13) x20 0x00000000
core   0: 0x80004786 (0x00008c2d) c.xor   s0, a1
core   0: 3 0x80004786 (0x8c2d) x 8 0xfffffffd
core   0: 0x80004788 (0x00008fda) c.mv    t6, s6
core   0: 3 0x80004788 (0x8fda) x31 0x0000000e
core   0: 0x8000478a (0x68d37e13) andi    t3, t1, 1677
core   0: 3 0x8000478a (0x68d37e13) x28 0x00000084
core   0: 0x8000478e (0x63683597) auipc   a1, 0x63683
core   0: 3 0x8000478e (0x63683597) x11 0xe368778e
core   0: 0x80004792 (0x02f7bd33) mulhu   s10, a5, a5
core   0: 3 0x80004792 (0x02f7bd33) x26 0x00000000
core   0: 0x80004796 (0x952669b7) lui     s3, 0x95266
core   0: 3 0x80004796 (0x952669b7) x19 0x95266000
core   0: 0x8000479a (0x01f42133) slt     sp, s0, t6
core   0: 3 0x8000479a (0x01f42133) x 2 0x00000001
core   0: 0x8000479e (0x40c90ab3) sub     s5, s2, a2
core   0: 3 0x8000479e (0x40c90ab3) x21 0x01000005
core   0: 0x800047a2 (0x020edf33) divu    t5, t4, zero
core   0: 3 0x800047a2 (0x020edf33) x30 0xffffffff
core   0: 0x800047a6 (0x40dedf93) srai    t6, t4, 13
core   0: 3 0x800047a6 (0x40dedf93) x31 0x00000009
core   0: 0x800047aa (0x024d3db3) mulhu   s11, s10, tp
core   0: 3 0x800047aa (0x024d3db3) x27 0x00000000
core   0: 0x800047ae (0xe402b393) sltiu   t2, t0, -448
core   0: 3 0x800047ae (0xe402b393) x 7 0x00000001
core   0: 0x800047b2 (0x000084d9) c.srai  s1, 22
core   0: 3 0x800047b2 (0x84d9) x 9 0xffffffff
core   0: 0x800047b4 (0x4003d693) srai    a3, t2, 0
core   0: 3 0x800047b4 (0x4003d693) x13 0x00000001
core   0: 0x800047b8 (0x03b57a33) remu    s4, a0, s11
core   0: 3 0x800047b8 (0x03b57a33) x20 0xffffffff
core   0: 0x800047bc (0x0195d693) srli    a3, a1, 25
core   0: 3 0x800047bc (0x0195d693) x13 0x00000071
core   0: 0x800047c0 (0x0000688d) c.lui   a7, 0x3
core   0: 3 0x800047c0 (0x688d) x17 0x00003000
core   0: 0x800047c2 (0x4021d213) srai    tp, gp, 2
core   0: 3 0x800047c2 (0x4021d213) x 4 0x1fffb0c6
core   0: 0x800047c6 (0x029df733) remu    a4, s11, s1
core   0: 3 0x800047c6 (0x029df733) x14 0x00000000
core   0: 0x800047ca (0x00006549) c.lui   a0, 0x12
core   0: 3 0x800047ca (0x6549) x10 0x00012000
core   0: 0x800047cc (0x0000717d) c.addi16sp sp, -16
core   0: 3 0x800047cc (0x717d) x 2 0xfffffff1
core   0: 0x800047ce (0x02963fb3) mulhu   t6, a2, s1
core   0: 3 0x800047ce (0x02963fb3) x31 0xfffffff9
core   0: 0x800047d2 (0x0049ecb3) or      s9, s3, tp
core   0: 3 0x800047d2 (0x0049ecb3) x25 0x9ffff0c6
core   0: 0x800047d6 (0x00000001) c.nop
core   0: 3 0x800047d6 (0x0001)
core   0: 0x800047d8 (0x000084ed) c.srai  s1, 27
core   0: 3 0x800047d8 (0x84ed) x 9 0xffffffff
core   0: 0x800047da (0x1cc38017) auipc   zero, 0x1cc38
core   0: 3 0x800047da (0x1cc38017)
core   0: 0x800047de (0x00bfa3b3) slt     t2, t6, a1
core   0: 3 0x800047de (0x00bfa3b3) x 7 0x00000000
core   0: 0x800047e2 (0x037f4e33) div     t3, t5, s7
core   0: 3 0x800047e2 (0x037f4e33) x28 0x00000000
core   0: 0x800047e6 (0xb352bd13) sltiu   s10, t0, -1227
core   0: 3 0x800047e6 (0xb352bd13) x26 0x00000001
core   0: 0x800047ea (0x03a46133) rem     sp, s0, s10
core   0: 3 0x800047ea (0x03a46133) x 2 0x00000000
core   0: 0x800047ee (0x01507233) and     tp, zero, s5
core   0: 3 0x800047ee (0x01507233) x 4 0x00000000
core   0: 0x800047f2 (0x028cc733) div     a4, s9, s0
core   0: 3 0x800047f2 (0x028cc733) x14 0x20000513
core   0: 0x800047f6 (0x4025d713) srai    a4, a1, 2
core   0: 3 0x800047f6 (0x4025d713) x14 0xf8da1de3
core   0: 0x800047fa (0x6feb4c37) lui     s8, 0x6feb4
core   0: 3 0x800047fa (0x6feb4c37) x24 0x6feb4000
core   0: 0x800047fe (0x4a3aea13) ori     s4, s5, 1187
core   0: 3 0x800047fe (0x4a3aea13) x20 0x010004a7
core   0: 0x80004802 (0x0000717d) c.addi16sp sp, -16
core   0: 3 0x80004802 (0x717d) x 2 0xfffffff0
core   0: 0x80004804 (0xe94ac613) xori    a2, s5, -364
core   0: 3 0x80004804 (0xe94ac613) x12 0xfefffe91
core   0: 0x80004808 (0xb639a7b7) lui     a5, 0xb639a
core   0: 3 0x80004808 (0xb639a7b7) x15 0xb639a000
core   0: 0x8000480c (0x00006111) c.addi16sp sp, 256
core   0: 3 0x8000480c (0x6111) x 2 0x000000f0
core   0: 0x8000480e (0x0302f1b3) remu    gp, t0, a6
core   0: 3 0x8000480e (0x0302f1b3) x 3 0x7afdec4d
core   0: 0x80004812 (0x00008c0d) c.sub   s0, a1
core   0: 3 0x80004812 (0x8c0d) x 8 0x1c97886f
core   0: 0x80004814 (0x030614b3) mulh    s1, a2, a6
core   0: 3 0x80004814 (0x030614b3) x 9 0x007fffb9
core   0: 0x80004818 (0x00652f33) slt     t5, a0, t1
core   0: 3 0x80004818 (0x00652f33) x30 0x00000000
core   0: 0x8000481c (0x0267c2b3) div     t0, a5, t1
core   0: 3 0x8000481c (0x0267c2b3) x 5 0xffa7bef5
core   0: 0x80004820 (0x03c7d3b3) divu    t2, a5, t3
core   0: 3 0x80004820 (0x03c7d3b3) x 7 0xffffffff
core   0: 0x80004824 (0x00008de1) c.and   a1, s0
core   0: 3 0x80004824 (0x8de1) x11 0x0000000e
core   0: 0x80004826 (0x000086e9) c.srai  a3, 26
core   0: 3 0x80004826 (0x86e9) x13 0x00000000
core   0: 0x80004828 (0x0000121c) c.addi4spn a5, sp, 288
core   0: 3 0x80004828 (0x121c) x15 0x00000210
core   0: 0x8000482a (0x00000ae9) c.addi  s5, 26
core   0: 3 0x8000482a (0x0ae9) x21 0x0100001f
core   0: 0x8000482c (0x000088d5) c.andi  s1, 21
core   0: 3 0x8000482c (0x88d5) x 9 0x00000011
core   0: 0x8000482e (0x0231e8b3) rem     a7, gp, gp
core   0: 3 0x8000482e (0x0231e8b3) x17 0x00000000
core   0: 0x80004832 (0x40050c33) sub     s8, a0, zero
core   0: 3 0x80004832 (0x40050c33) x24 0x00012000
core   0: 0x80004836 (0x000083c5) c.srli  a5, 17
core   0: 3 0x80004836 (0x83c5) x15 0x00000000
core   0: 0x80004838 (0x01875413) srli    s0, a4, 24
core   0: 3 0x80004838 (0x01875413) x 8 0x000000f8
core   0: 0x8000483c (0x2ad1c113) xori    sp, gp, 685
core   0: 3 0x8000483c (0x2ad1c113) x 2 0x7afdeee0
core   0: 0x80004840 (0x035f8a33) mul     s4, t6, s5
core   0: 3 0x80004840 (0x035f8a33) x20 0xf8ffff27
core   0: 0x80004844 (0x41a2d433) sra     s0, t0, s10
core   0: 3 0x80004844 (0x41a2d433) x 8 0xffd3df7a
core   0: 0x80004848 (0x28c0c413) xori    s0, ra, 652
core   0: 3 0x80004848 (0x28c0c413) x 8 0x7ffec195
core   0: 0x8000484c (0x01da73b3) and     t2, s4, t4
core   0: 3 0x8000484c (0x01da73b3) x 7 0x00013000
core   0: 0x80004850 (0x00163633) sltu    a2, a2, ra
core   0: 3 0x80004850 (0x00163633) x12 0x00000000
core   0: 0x80004854 (0x00008e59) c.or    a2, a4
core   0: 3 0x80004854 (0x8e59) x12 0xf8da1de3
core   0: 0x80004856 (0x00000001) c.nop
core   0: 3 0x80004856 (0x0001)
core   0: 0x80004858 (0x00000001) c.nop
core   0: 3 0x80004858 (0x0001)
core   0: 0x8000485a (0x01acc4b3) xor     s1, s9, s10
core   0: 3 0x8000485a (0x01acc4b3) x 9 0x9ffff0c7
core   0: 0x8000485e (0x00008e6d) c.and   a2, a1
core   0: 3 0x8000485e (0x8e6d) x12 0x00000002
core   0: 0x80004860 (0x01730133) add     sp, t1, s7
core   0: 3 0x80004860 (0x01730133) x 2 0x80013dba
core   0: 0x80004864 (0x02ce62b3) rem     t0, t3, a2
core   0: 3 0x80004864 (0x02ce62b3) x 5 0x00000000
core   0: 0x80004868 (0x01625393) srli    t2, tp, 22
core   0: 3 0x80004868 (0x01625393) x 7 0x00000000
core   0: 0x8000486c (0x008b5333) srl     t1, s6, s0
core   0: 3 0x8000486c (0x008b5333) x 6 0x00000000
core   0: 0x80004870 (0x009b4233) xor     tp, s6, s1
core   0: 3 0x80004870 (0x009b4233) x 4 0x9ffff0c9
core   0: 0x80004874 (0x44a3ad13) slti    s10, t2, 1098
core   0: 3 0x80004874 (0x44a3ad13) x26 0x00000001
core   0: 0x80004878 (0x9954e393) ori     t2, s1, -1643
core   0: 3 0x80004878 (0x9954e393) x 7 0xfffff9d7
core   0: 0x8000487c (0x465f2993) slti    s3, t5, 1125
core   0: 3 0x8000487c (0x465f2993) x19 0x00000001
core   0: 0x80004880 (0x000088ce) c.mv    a7, s3
core   0: 3 0x80004880 (0x88ce) x17 0x00000001
core   0: 0x80004882 (0x00008e4d) c.or    a2, a1
core   0: 3 0x80004882 (0x8e4d) x12 0x0000000e
core   0: 0x80004884 (0x000006f9) c.addi  a3, 30
core   0: 3 0x80004884 (0x06f9) x13 0x0000001e
core   0: 0x80004886 (0x00008109) c.srli  a0, 2
core   0: 3 0x80004886 (0x8109) x10 0x00004800
core   0: 0x80004888 (0x4b3c25b7) lui     a1, 0x4b3c2
core   0: 3 0x80004888 (0x4b3c25b7) x11 0x4b3c2000
core   0: 0x8000488c (0x01fe54b3) srl     s1, t3, t6
core   0: 3 0x8000488c (0x01fe54b3) x 9 0x00000000
core   0: 0x80004890 (0x03d93fb3) mulhu   t6, s2, t4
core   0: 3 0x80004890 (0x03d93fb3) x31 0x0000012f
core   0: 0x80004894 (0x7a8c0f93) addi    t6, s8, 1960
core   0: 3 0x80004894 (0x7a8c0f93) x31 0x000127a8
core   0: 0x80004898 (0x039ecf33) div     t5, t4, s9
core   0: 3 0x80004898 (0x039ecf33) x30 0x00000000
core   0: 0x8000489c (0x020d6433) rem     s0, s10, zero
core   0: 3 0x8000489c (0x020d6433) x 8 0x00000001
core   0: 0x800048a0 (0x00aac9b3) xor     s3, s5, a0
core   0: 3 0x800048a0 (0x00aac9b3) x19 0x0100481f
core   0: 0x800048a4 (0x02deb433) mulhu   s0, t4, a3
core   0: 3 0x800048a4 (0x02deb433) x 8 0x00000000
core   0: 0x800048a8 (0x9a2ff913) andi    s2, t6, -1630
core   0: 3 0x800048a8 (0x9a2ff913) x18 0x000121a0
core   0: 0x800048ac (0x7f5c4193) xori    gp, s8, 2037
core   0: 3 0x800048ac (0x7f5c4193) x 3 0x000127f5
core   0: 0x800048b0 (0x0c4a4013) xori    zero, s4, 196
core   0: 3 0x800048b0 (0x0c4a4013)
core   0: 0x800048b4 (0x01795693) srli    a3, s2, 23
core   0: 3 0x800048b4 (0x01795693) x13 0x00000000
core   0: 0x800048b8 (0x0000967e) c.add   a2, t6
core   0: 3 0x800048b8 (0x967e) x12 0x000127b6
core   0: 0x800048ba (0x00008e95) c.sub   a3, a3
core   0: 3 0x800048ba (0x8e95) x13 0x00000000
core   0: 0x800048bc (0x036e79b3) remu    s3, t3, s6
core   0: 3 0x800048bc (0x036e79b3) x19 0x00000000
core   0: 0x800048c0 (0x0f2fca13) xori    s4, t6, 242
core   0: 3 0x800048c0 (0x0f2fca13) x20 0x0001275a
core   0: 0x800048c4 (0x00006f55) c.lui   t5, 0x15
core   0: 3 0x800048c4 (0x6f55) x30 0x00015000
core   0: 0x800048c6 (0x9176ce93) xori    t4, a3, -1769
core   0: 3 0x800048c6 (0x9176ce93) x29 0xfffff917
core   0: 0x800048ca (0x00008c29) c.xor   s0, a0
core   0: 3 0x800048ca (0x8c29) x 8 0x00004800
core   0: 0x800048cc (0x00008e45) c.or    a2, s1
core   0: 3 0x800048cc (0x8e45) x12 0x000127b6
core   0: 0x800048ce (0x00008fdd) c.or    a5, a5
core   0: 3 0x800048ce (0x8fdd) x15 0x00000000
core   0: 0x800048d0 (0x0000070c) c.addi4spn a1, sp, 896
core   0: 3 0x800048d0 (0x070c) x11 0x8001413a
core   0: 0x800048d2 (0x01526db3) or      s11, tp, s5
core   0: 3 0x800048d2 (0x01526db3) x27 0x9ffff0df
core   0: 0x800048d6 (0x020093b3) mulh    t2, ra, zero
core   0: 3 0x800048d6 (0x020093b3) x 7 0x00000000
core   0: 0x800048da (0x00008cf9) c.and   s1, a4
core   0: 3 0x800048da (0x8cf9) x 9 0x00000000
core   0: 0x800048dc (0x0000717d) c.addi16sp sp, -16
core   0: 3 0x800048dc (0x717d) x 2 0x80013daa
core   0: 0x800048de (0x40280d33) sub     s10, a6, sp
core   0: 3 0x800048de (0x40280d33) x26 0xffffc0ba
core   0: 0x800048e2 (0x00008e61) c.and   a2, s0
core   0: 3 0x800048e2 (0x8e61) x12 0x00000000
core   0: 0x800048e4 (0x03515cb3) divu    s9, sp, s5
core   0: 3 0x800048e4 (0x03515cb3) x25 0x00000080
core   0: 0x800048e8 (0x0020b033) sltu    zero, ra, sp
core   0: 3 0x800048e8 (0x0020b033)
core   0: 0x800048ec (0x000088a9) c.andi  s1, 10
core   0: 3 0x800048ec (0x88a9) x 9 0x00000000
core   0: 0x800048ee (0x02503f33) mulhu   t5, zero, t0
core   0: 3 0x800048ee (0x02503f33) x30 0x00000000
core   0: 0x800048f2 (0x41295d93) srai    s11, s2, 18
core   0: 3 0x800048f2 (0x41295d93) x27 0x00000000
core   0: 0x800048f6 (0x012d1513) slli    a0, s10, 18
core   0: 3 0x800048f6 (0x012d1513) x10 0x02e80000
core   0: 0x800048fa (0x03a6c633) div     a2, a3, s10
core   0: 3 0x800048fa (0x03a6c633) x12 0x00000000
core   0: 0x800048fe (0x01e32cb3) slt     s9, t1, t5
core   0: 3 0x800048fe (0x01e32cb3) x25 0x00000000
core   0: 0x80004902 (0x979ab893) sltiu   a7, s5, -1671
core   0: 3 0x80004902 (0x979ab893) x17 0x00000001
core   0: 0x80004906 (0x01858233) add     tp, a1, s8
core   0: 3 0x80004906 (0x01858233) x 4 0x8002613a
core   0: 0x8000490a (0x00008479) c.srai  s0, 30
core   0: 3 0x8000490a (0x8479) x 8 0x00000000
core   0: 0x8000490c (0x00001d14) c.addi4spn a3, sp, 688
core   0: 3 0x8000490c (0x1d14) x13 0x8001405a
core   0: 0x8000490e (0x009ecab3) xor     s5, t4, s1
core   0: 3 0x8000490e (0x009ecab3) x21 0xfffff917
core   0: 0x80004912 (0x03fd8033) mul     zero, s11, t6
core   0: 3 0x80004912 (0x03fd8033)
core   0: 0x80004916 (0x41a65cb3) sra     s9, a2, s10
core   0: 3 0x80004916 (0x41a65cb3) x25 0x00000000
core   0: 0x8000491a (0x0335c4b3) div     s1, a1, s3
core   0: 3 0x8000491a (0x0335c4b3) x 9 0xffffffff
core   0: 0x8000491e (0x17e4bf93) sltiu   t6, s1, 382
core   0: 3 0x8000491e (0x17e4bf93) x31 0x00000000
core   0: 0x80004922 (0x1dcdee93) ori     t4, s11, 476
core   0: 3 0x80004922 (0x1dcdee93) x29 0x000001dc
core   0: 0x80004926 (0x00000001) c.nop
core   0: 3 0x80004926 (0x0001)
core   0: 0x80004928 (0x00000552) c.slli  a0, 20
core   0: 3 0x80004928 (0x0552) x10 0x00000000
core   0: 0x8000492a (0x010d75b3) and     a1, s10, a6
core   0: 3 0x8000492a (0x010d75b3) x11 0x8000c020
core   0: 0x8000492e (0x00008e71) c.and   a2, a2
core   0: 3 0x8000492e (0x8e71) x12 0x00000000
core   0: 0x80004930 (0x13a5fd93) andi    s11, a1, 314
core   0: 3 0x80004930 (0x13a5fd93) x27 0x00000020
core   0: 0x80004934 (0x0355d133) divu    sp, a1, s5
core   0: 3 0x80004934 (0x0355d133) x 2 0x00000000
core   0: 0x80004938 (0xc0f06513) ori     a0, zero, -1009
core   0: 3 0x80004938 (0xc0f06513) x10 0xfffffc0f
core   0: 0x8000493c (0x025639b3) mulhu   s3, a2, t0
core   0: 3 0x8000493c (0x025639b3) x19 0x00000000
core   0: 0x80004940 (0x02a13fb3) mulhu   t6, sp, a0
core   0: 3 0x80004940 (0x02a13fb3) x31 0x00000000
core   0: 0x80004944 (0x020c7fb3) remu    t6, s8, zero
core   0: 3 0x80004944 (0x020c7fb3) x31 0x00012000
core   0: 0x80004948 (0x000043c9) c.li    t2, 18
core   0: 3 0x80004948 (0x43c9) x 7 0x00000012
core   0: 0x8000494a (0x039969b3) rem     s3, s2, s9
core   0: 3 0x8000494a (0x039969b3) x19 0x000121a0
core   0: 0x8000494e (0x00963433) sltu    s0, a2, s1
core   0: 3 0x8000494e (0x00963433) x 8 0x00000001
core   0: 0x80004952 (0x00006139) c.addi16sp sp, 448
core   0: 3 0x80004952 (0x6139) x 2 0x000001c0
core   0: 0x80004954 (0x03384133) div     sp, a6, s3
core   0: 3 0x80004954 (0x03384133) x 2 0xffff8ede
core   0: 0x80004958 (0xc254c713) xori    a4, s1, -987
core   0: 3 0x80004958 (0xc254c713) x14 0x000003da
core   0: 0x8000495c (0x00da6033) or      zero, s4, a3
core   0: 3 0x8000495c (0x00da6033)
core   0: 0x80004960 (0x00a2d033) srl     zero, t0, a0
core   0: 3 0x80004960 (0x00a2d033)
core   0: 0x80004964 (0x00008cb9) c.xor   s1, a4
core   0: 3 0x80004964 (0x8cb9) x 9 0xfffffc25
core   0: 0x80004966 (0x00001efd) c.addi  t4, -1
core   0: 3 0x80004966 (0x1efd) x29 0x000001db
core   0: 0x80004968 (0x0371af33) mulhsu  t5, gp, s7
core   0: 3 0x80004968 (0x0371af33) x30 0x000093fb
core   0: 0x8000496c (0x00008841) c.andi  s0, 16
core   0: 3 0x8000496c (0x8841) x 8 0x00000000
core   0: 0x8000496e (0x0000061e) c.slli  a2, 7
core   0: 3 0x8000496e (0x061e) x12 0x00000000
core   0: 0x80004970 (0x01fa6233) or      tp, s4, t6
core   0: 3 0x80004970 (0x01fa6233) x 4 0x0001275a
core   0: 0x80004974 (0x00008de1) c.and   a1, s0
core   0: 3 0x80004974 (0x8de1) x11 0x00000000
core   0: 0x80004976 (0x00008f2d) c.xor   a4, a1
core   0: 3 0x80004976 (0x8f2d) x14 0x000003da
core   0: 0x80004978 (0xf77a80b7) lui     ra, 0xf77a8
core   0: 3 0x80004978 (0xf77a80b7) x 1 0xf77a8000
core   0: 0x8000497c (0x039552b3) divu    t0, a0, s9
core   0: 3 0x8000497c (0x039552b3) x 5 0xffffffff
core   0: 0x80004980 (0x022d4133) div     sp, s10, sp
core   0: 3 0x80004980 (0x022d4133) x 2 0x00000000
core   0: 0x80004984 (0x00000001) c.nop
core   0: 3 0x80004984 (0x0001)
core   0: 0x80004986 (0x00005efd) c.li    t4, -1
core   0: 3 0x80004986 (0x5efd) x29 0xffffffff
core   0: 0x80004988 (0x000087bd) c.srai  a5, 15
core   0: 3 0x80004988 (0x87bd) x15 0x00000000
core   0: 0x8000498a (0x00008121) c.srli  a0, 8
core   0: 3 0x8000498a (0x8121) x10 0x00fffffc
core   0: 0x8000498c (0x00008ca5) c.xor   s1, s1
core   0: 3 0x8000498c (0x8ca5) x 9 0x00000000
core   0: 0x8000498e (0x00008df5) c.and   a1, a3
core   0: 3 0x8000498e (0x8df5) x11 0x00000000
core   0: 0x80004990 (0x00000001) c.nop
core   0: 3 0x80004990 (0x0001)
core   0: 0x80004992 (0x03c554b3) divu    s1, a0, t3
core   0: 3 0x80004992 (0x03c554b3) x 9 0xffffffff
core   0: 0x80004996 (0x00bfd593) srli    a1, t6, 11
core   0: 3 0x80004996 (0x00bfd593) x11 0x00000024
core   0: 0x8000499a (0x000008ba) c.slli  a7, 14
core   0: 3 0x8000499a (0x08ba) x17 0x00004000
core   0: 0x8000499c (0x00008e51) c.or    a2, a2
core   0: 3 0x8000499c (0x8e51) x12 0x00000000
core   0: 0x8000499e (0x00009ede) c.add   t4, s7
core   0: 3 0x8000499e (0x9ede) x29 0x80013ce3
core   0: 0x800049a0 (0x0052f933) and     s2, t0, t0
core   0: 3 0x800049a0 (0x0052f933) x18 0xffffffff
core   0: 0x800049a4 (0x00000d21) c.addi  s10, 8
core   0: 3 0x800049a4 (0x0d21) x26 0xffffc0c2
core   0: 0x800049a6 (0x70bfa993) slti    s3, t6, 1803
core   0: 3 0x800049a6 (0x70bfa993) x19 0x00000000
core   0: 0x800049aa (0x51b86d37) lui     s10, 0x51b86
core   0: 3 0x800049aa (0x51b86d37) x26 0x51b86000
core   0: 0x800049ae (0x03cdc233) div     tp, s11, t3
core   0: 3 0x800049ae (0x03cdc233) x 4 0xffffffff
core   0: 0x800049b2 (0x034b5333) divu    t1, s6, s4
core   0: 3 0x800049b2 (0x034b5333) x 6 0x00000000
core   0: 0x800049b6 (0x00a29633) sll     a2, t0, a0
core   0: 3 0x800049b6 (0x00a29633) x12 0xf0000000
core   0: 0x800049ba (0x00006159) c.addi16sp sp, 400
core   0: 3 0x800049ba (0x6159) x 2 0x00000190
core   0: 0x800049bc (0x00008d55) c.or    a0, a3
core   0: 3 0x800049bc (0x8d55) x10 0x80fffffe
core   0: 0x800049be (0x00000379) c.addi  t1, 30
core   0: 3 0x800049be (0x0379) x 6 0x0000001e
core   0: 0x800049c0 (0x00dd94b3) sll     s1, s11, a3
core   0: 3 0x800049c0 (0x00dd94b3) x 9 0x80000000
core   0: 0x800049c4 (0x016fd433) srl     s0, t6, s6
core   0: 3 0x800049c4 (0x016fd433) x 8 0x00000004
core   0: 0x800049c8 (0x00c859b3) srl     s3, a6, a2
core   0: 3 0x800049c8 (0x00c859b3) x19 0x8000fe64
core   0: 0x800049cc (0x0000717d) c.addi16sp sp, -16
core   0: 3 0x800049cc (0x717d) x 2 0x00000180
core   0: 0x800049ce (0x00635c13) srli    s8, t1, 6
core   0: 3 0x800049ce (0x00635c13) x24 0x00000000
core   0: 0x800049d2 (0xdf1ac193) xori    gp, s5, -527
core   0: 3 0x800049d2 (0xdf1ac193) x 3 0x000004e6
core   0: 0x800049d6 (0x01385c33) srl     s8, a6, s3
core   0: 3 0x800049d6 (0x01385c33) x24 0x08000fe6
core   0: 0x800049da (0x419754b3) sra     s1, a4, s9
core   0: 3 0x800049da (0x419754b3) x 9 0x000003da
core   0: 0x800049de (0x0e9e0513) addi    a0, t3, 233
core   0: 3 0x800049de (0x0e9e0513) x10 0x000000e9
core   0: 0x800049e2 (0x01ff9193) slli    gp, t6, 31
core   0: 3 0x800049e2 (0x01ff9193) x 3 0x00000000
core   0: 0x800049e6 (0x00000cf2) c.slli  s9, 28
core   0: 3 0x800049e6 (0x0cf2) x25 0x00000000
core   0: 0x800049e8 (0x9947c013) xori    zero, a5, -1644
core   0: 3 0x800049e8 (0x9947c013)
core   0: 0x800049ec (0x02d770b3) remu    ra, a4, a3
core   0: 3 0x800049ec (0x02d770b3) x 1 0x000003da
core   0: 0x800049f0 (0x03e63497) auipc   s1, 0x3e63
core   0: 3 0x800049f0 (0x03e63497) x 9 0x83e679f0
core   0: 0x800049f4 (0x01b62d33) slt     s10, a2, s11
core   0: 3 0x800049f4 (0x01b62d33) x26 0x00000001
core   0: 0x800049f8 (0x151ce7b7) lui     a5, 0x151ce
core   0: 3 0x800049f8 (0x151ce7b7) x15 0x151ce000
core   0: 0x800049fc (0x00009eaa) c.add   t4, a0
core   0: 3 0x800049fc (0x9eaa) x29 0x80013dcc
core   0: 0x800049fe (0x01d7d933) srl     s2, a5, t4
core   0: 3 0x800049fe (0x01d7d933) x18 0x000151ce
core   0: 0x80004a02 (0x00ff1733) sll     a4, t5, a5
core   0: 3 0x80004a02 (0x00ff1733) x14 0x000093fb
core   0: 0x80004a06 (0x401982b3) sub     t0, s3, ra
core   0: 3 0x80004a06 (0x401982b3) x 5 0x8000fa8a
core   0: 0x80004a0a (0x0ecaf613) andi    a2, s5, 236
core   0: 3 0x80004a0a (0x0ecaf613) x12 0x00000004
core   0: 0x80004a0e (0x0bfcee93) ori     t4, s9, 191
core   0: 3 0x80004a0e (0x0bfcee93) x29 0x000000bf
core   0: 0x80004a12 (0x01ca4f33) xor     t5, s4, t3
core   0: 3 0x80004a12 (0x01ca4f33) x30 0x0001275a
core   0: 0x80004a16 (0x00006a75) c.lui   s4, 0x1d
core   0: 3 0x80004a16 (0x6a75) x20 0x0001d000
core   0: 0x80004a18 (0x0000717d) c.addi16sp sp, -16
core   0: 3 0x80004a18 (0x717d) x 2 0x00000170
core   0: 0x80004a1a (0x00008dc5) c.or    a1, s1
core   0: 3 0x80004a1a (0x8dc5) x11 0x83e679f4
core   0: 0x80004a1c (0x024bbdb3) mulhu   s11, s7, tp
core   0: 3 0x80004a1c (0x024bbdb3) x27 0x80013ce3
core   0: 0x80004a20 (0x0000072d) c.addi  a4, 11
core   0: 3 0x80004a20 (0x072d) x14 0x00009406
core   0: 0x80004a22 (0x0071ce33) xor     t3, gp, t2
core   0: 3 0x80004a22 (0x0071ce33) x28 0x00000012
core   0: 0x80004a26 (0x000002b2) c.slli  t0, 12
core   0: 3 0x80004a26 (0x02b2) x 5 0x0fa8a000
core   0: 0x80004a28 (0x415d5933) sra     s2, s10, s5
core   0: 3 0x80004a28 (0x415d5933) x18 0x00000000
core   0: 0x80004a2c (0x023ba233) mulhsu  tp, s7, gp
core   0: 3 0x80004a2c (0x023ba233) x 4 0x00000000
core   0: 0x80004a30 (0x01bd2f33) slt     t5, s10, s11
core   0: 3 0x80004a30 (0x01bd2f33) x30 0x00000000
core   0: 0x80004a34 (0x02c4cf33) div     t5, s1, a2
core   0: 3 0x80004a34 (0x02c4cf33) x30 0xe0f99e7c
core   0: 0x80004a38 (0x00008c21) c.xor   s0, s0
core   0: 3 0x80004a38 (0x8c21) x 8 0x00000000
core   0: 0x80004a3a (0x40370db3) sub     s11, a4, gp
core   0: 3 0x80004a3a (0x40370db3) x27 0x00009406
core   0: 0x80004a3e (0x40dcdc33) sra     s8, s9, a3
core   0: 3 0x80004a3e (0x40dcdc33) x24 0x00000000
core   0: 0x80004a42 (0x00006969) c.lui   s2, 0x1a
core   0: 3 0x80004a42 (0x6969) x18 0x0001a000
core   0: 0x80004a44 (0x41115913) srai    s2, sp, 17
core   0: 3 0x80004a44 (0x41115913) x18 0x00000000
core   0: 0x80004a48 (0x00001794) c.addi4spn a3, sp, 992
core   0: 3 0x80004a48 (0x1794) x13 0x00000550
core   0: 0x80004a4a (0x02440933) mul     s2, s0, tp
core   0: 3 0x80004a4a (0x02440933) x18 0x00000000
core   0: 0x80004a4e (0x000099fd) c.andi  a1, -1
core   0: 3 0x80004a4e (0x99fd) x11 0x83e679f4
core   0: 0x80004a50 (0x01b71913) slli    s2, a4, 27
core   0: 3 0x80004a50 (0x01b71913) x18 0x30000000
core   0: 0x80004a54 (0xe7e47713) andi    a4, s0, -386
core   0: 3 0x80004a54 (0xe7e47713) x14 0x00000000
core   0: 0x80004a58 (0x0f2eb013) sltiu   zero, t4, 242
core   0: 3 0x80004a58 (0x0f2eb013)
core   0: 0x80004a5c (0x000a9933) sll     s2, s5, zero
core   0: 3 0x80004a5c (0x000a9933) x18 0xfffff917
core   0: 0x80004a60 (0x033660b3) rem     ra, a2, s3
core   0: 3 0x80004a60 (0x033660b3) x 1 0x00000004
core   0: 0x80004a64 (0x0000030c) c.addi4spn a1, sp, 384
core   0: 3 0x80004a64 (0x030c) x11 0x000002f0
core   0: 0x80004a66 (0x029584b3) mul     s1, a1, s1
core   0: 3 0x80004a66 (0x029584b3) x 9 0x75063100
core   0: 0x80004a6a (0x0120e2b3) or      t0, ra, s2
core   0: 3 0x80004a6a (0x0120e2b3) x 5 0xfffff917
core   0: 0x80004a6e (0x2d9fb413) sltiu   s0, t6, 729
core   0: 3 0x80004a6e (0x2d9fb413) x 8 0x00000000
core   0: 0x80004a72 (0x6d33fa13) andi    s4, t2, 1747
core   0: 3 0x80004a72 (0x6d33fa13) x20 0x00000012
core   0: 0x80004a76 (0x50d03413) sltiu   s0, zero, 1293
core   0: 3 0x80004a76 (0x50d03413) x 8 0x00000001
core   0: 0x80004a7a (0x0035acb3) slt     s9, a1, gp
core   0: 3 0x80004a7a (0x0035acb3) x25 0x00000000
core   0: 0x80004a7e (0x4114d5b3) sra     a1, s1, a7
core   0: 3 0x80004a7e (0x4114d5b3) x11 0x75063100
core   0: 0x80004a82 (0x02457cb3) remu    s9, a0, tp
core   0: 3 0x80004a82 (0x02457cb3) x25 0x000000e9
core   0: 0x80004a86 (0x0321d233) divu    tp, gp, s2
core   0: 3 0x80004a86 (0x0321d233) x 4 0x00000000
core   0: 0x80004a8a (0x022bddb3) divu    s11, s7, sp
core   0: 3 0x80004a8a (0x022bddb3) x27 0x00590bfd
core   0: 0x80004a8e (0x01de1c13) slli    s8, t3, 29
core   0: 3 0x80004a8e (0x01de1c13) x24 0x40000000
core   0: 0x80004a92 (0x00008edd) c.or    a3, a5
core   0: 3 0x80004a92 (0x8edd) x13 0x151ce550
core   0: 0x80004a94 (0x4030d993) srai    s3, ra, 3
core   0: 3 0x80004a94 (0x4030d993) x19 0x00000000
core   0: 0x80004a98 (0x03a36cb3) rem     s9, t1, s10
core   0: 3 0x80004a98 (0x03a36cb3) x25 0x00000000
core   0: 0x80004a9c (0x5f21a913) slti    s2, gp, 1522
core   0: 3 0x80004a9c (0x5f21a913) x18 0x00000001
core   0: 0x80004aa0 (0x00008741) c.srai  a4, 16
core   0: 3 0x80004aa0 (0x8741) x14 0x00000000
core   0: 0x80004aa2 (0x02d81c33) mulh    s8, a6, a3
core   0: 3 0x80004aa2 (0x02d81c33) x24 0xf571a252
core   0: 0x80004aa6 (0x00250333) add     t1, a0, sp
core   0: 3 0x80004aa6 (0x00250333) x 6 0x00000259
core   0: 0x80004aaa (0x018880b3) add     ra, a7, s8
core   0: 3 0x80004aaa (0x018880b3) x 1 0xf571e252
core   0: 0x80004aae (0x01619533) sll     a0, gp, s6
core   0: 3 0x80004aae (0x01619533) x10 0x00000000
core   0: 0x80004ab2 (0x92d58193) addi    gp, a1, -1747
core   0: 3 0x80004ab2 (0x92d58193) x 3 0x75062a2d
core   0: 0x80004ab6 (0x00008e29) c.xor   a2, a0
core   0: 3 0x80004ab6 (0x8e29) x12 0x00000004
core   0: 0x80004ab8 (0x00008ca9) c.xor   s1, a0
core   0: 3 0x80004ab8 (0x8ca9) x 9 0x75063100
core   0: 0x80004aba (0xe0880493) addi    s1, a6, -504
core   0: 3 0x80004aba (0xe0880493) x 9 0x8000fc6c
core   0: 0x80004abe (0x00009226) c.add   tp, s1
core   0: 3 0x80004abe (0x9226) x 4 0x8000fc6c
core   0: 0x80004ac0 (0x020522b3) mulhsu  t0, a0, zero
core   0: 3 0x80004ac0 (0x020522b3) x 5 0x00000000
core   0: 0x80004ac4 (0x430ef197) auipc   gp, 0x430ef
core   0: 3 0x80004ac4 (0x430ef197) x 3 0xc30f3ac4
core   0: 0x80004ac8 (0xe50f7db7) lui     s11, 0xe50f7
core   0: 3 0x80004ac8 (0xe50f7db7) x27 0xe50f7000
core   0: 0x80004acc (0x038819b3) mulh    s3, a6, s8
core   0: 3 0x80004acc (0x038819b3) x19 0x05472459
core   0: 0x80004ad0 (0x00008ade) c.mv    s5, s7
core   0: 3 0x80004ad0 (0x8ade) x21 0x80013ce4
core   0: 0x80004ad2 (0x41aad3b3) sra     t2, s5, s10
core   0: 3 0x80004ad2 (0x41aad3b3) x 7 0xc0009e72
core   0: 0x80004ad6 (0x00759213) slli    tp, a1, 7
core   0: 3 0x80004ad6 (0x00759213) x 4 0x83188000
core   0: 0x80004ada (0x00759533) sll     a0, a1, t2
core   0: 3 0x80004ada (0x00759533) x10 0xc4000000
core   0: 0x80004ade (0x01dd4333) xor     t1, s10, t4
core   0: 3 0x80004ade (0x01dd4333) x 6 0x000000be
core   0: 0x80004ae2 (0x400a5213) srai    tp, s4, 0
core   0: 3 0x80004ae2 (0x400a5213) x 4 0x00000012
core   0: 0x80004ae6 (0x0151a333) slt     t1, gp, s5
core   0: 3 0x80004ae6 (0x0151a333) x 6 0x00000000
core   0: 0x80004aea (0x03d973b3) remu    t2, s2, t4
core   0: 3 0x80004aea (0x03d973b3) x 7 0x00000001
core   0: 0x80004aee (0x000080ad) c.srli  s1, 11
core   0: 3 0x80004aee (0x80ad) x 9 0x0010001f
core   0: 0x80004af0 (0x0072fcb3) and     s9, t0, t2
core   0: 3 0x80004af0 (0x0072fcb3) x25 0x00000000
core   0: 0x80004af4 (0x01a54933) xor     s2, a0, s10
core   0: 3 0x80004af4 (0x01a54933) x18 0xc4000001
core   0: 0x80004af8 (0x00008ce9) c.and   s1, a0
core   0: 3 0x80004af8 (0x8ce9) x 9 0x00000000
core   0: 0x80004afa (0x59333413) sltiu   s0, t1, 1427
core   0: 3 0x80004afa (0x59333413) x 8 0x00000001
core   0: 0x80004afe (0x0000024a) c.slli  tp, 18
core   0: 3 0x80004afe (0x024a) x 4 0x00480000
core   0: 0x80004b00 (0x00008d21) c.xor   a0, s0
core   0: 3 0x80004b00 (0x8d21) x10 0xc4000001
core   0: 0x80004b02 (0x0034c1b3) xor     gp, s1, gp
core   0: 3 0x80004b02 (0x0034c1b3) x 3 0xc30f3ac4
core   0: 0x80004b06 (0x011e37b3) sltu    a5, t3, a7
core   0: 3 0x80004b06 (0x011e37b3) x15 0x00000001
core   0: 0x80004b0a (0x000080ad) c.srli  s1, 11
core   0: 3 0x80004b0a (0x80ad) x 9 0x00000000
core   0: 0x80004b0c (0x0123ad33) slt     s10, t2, s2
core   0: 3 0x80004b0c (0x0123ad33) x26 0x00000000
core   0: 0x80004b10 (0x00000001) c.nop
core   0: 3 0x80004b10 (0x0001)
core   0: 0x80004b12 (0x00008c1d) c.sub   s0, a5
core   0: 3 0x80004b12 (0x8c1d) x 8 0x00000000
core   0: 0x80004b14 (0x00001584) c.addi4spn s1, sp, 736
core   0: 3 0x80004b14 (0x1584) x 9 0x00000450
core   0: 0x80004b16 (0x037cd0b3) divu    ra, s9, s7
core   0: 3 0x80004b16 (0x037cd0b3) x 1 0x00000000
core   0: 0x80004b1a (0x010afdb3) and     s11, s5, a6
core   0: 3 0x80004b1a (0x010afdb3) x27 0x80003c64
core   0: 0x80004b1e (0x00008311) c.srli  a4, 4
core   0: 3 0x80004b1e (0x8311) x14 0x00000000
core   0: 0x80004b20 (0x00008eb5) c.xor   a3, a3
core   0: 3 0x80004b20 (0x8eb5) x13 0x00000000
core   0: 0x80004b22 (0x0000091e) c.slli  s2, 7
core   0: 3 0x80004b22 (0x091e) x18 0x00000080
core   0: 0x80004b24 (0x00000091) c.addi  ra, 4
core   0: 3 0x80004b24 (0x0091) x 1 0x00000004
core   0: 0x80004b26 (0xb07ace13) xori    t3, s5, -1273
core   0: 3 0x80004b26 (0xb07ace13) x28 0x7ffec7e3
core   0: 0x80004b2a (0x01c271b3) and     gp, tp, t3
core   0: 3 0x80004b2a (0x01c271b3) x 3 0x00480000
core   0: 0x80004b2e (0x003661b3) or      gp, a2, gp
core   0: 3 0x80004b2e (0x003661b3) x 3 0x00480004
core   0: 0x80004b32 (0x4168de33) sra     t3, a7, s6
core   0: 3 0x80004b32 (0x4168de33) x28 0x00000001
core   0: 0x80004b36 (0x00009386) c.add   t2, ra
core   0: 3 0x80004b36 (0x9386) x 7 0x00000005
core   0: 0x80004b38 (0x03499c33) mulh    s8, s3, s4
core   0: 3 0x80004b38 (0x03499c33) x24 0x00000000
core   0: 0x80004b3c (0x01b28433) add     s0, t0, s11
core   0: 3 0x80004b3c (0x01b28433) x 8 0x80003c64
core   0: 0x80004b40 (0x005dd393) srli    t2, s11, 5
core   0: 3 0x80004b40 (0x005dd393) x 7 0x040001e3
core   0: 0x80004b44 (0xc99bbc17) auipc   s8, 0xc99bb
core   0: 3 0x80004b44 (0xc99bbc17) x24 0x499bfb44
core   0: 0x80004b48 (0x01ff4633) xor     a2, t5, t6
core   0: 3 0x80004b48 (0x01ff4633) x12 0xe0f8be7c
core   0: 0x80004b4c (0x019c3eb3) sltu    t4, s8, s9
core   0: 3 0x80004b4c (0x019c3eb3) x29 0x00000000
core   0: 0x80004b50 (0x00000a08) c.addi4spn a0, sp, 272
core   0: 3 0x80004b50 (0x0a08) x10 0x00000280
core   0: 0x80004b52 (0x766cf517) auipc   a0, 0x766cf
core   0: 3 0x80004b52 (0x766cf517) x10 0xf66d3b52
core   0: 0x80004b56 (0x00311f33) sll     t5, sp, gp
core   0: 3 0x80004b56 (0x00311f33) x30 0x00001700
core   0: 0x80004b5a (0x005db0b3) sltu    ra, s11, t0
core   0: 3 0x80004b5a (0x005db0b3) x 1 0x00000000
core   0: 0x80004b5e (0x00000001) c.nop
core   0: 3 0x80004b5e (0x0001)
core   0: 0x80004b60 (0x714d3293) sltiu   t0, s10, 1812
core   0: 3 0x80004b60 (0x714d3293) x 5 0x00000001
core   0: 0x80004b64 (0x02c397b3) mulh    a5, t2, a2
core   0: 3 0x80004b64 (0x02c397b3) x15 0xff83e2bf
core   0: 0x80004b68 (0x0153b933) sltu    s2, t2, s5
core   0: 3 0x80004b68 (0x0153b933) x18 0x00000001
core   0: 0x80004b6c (0x03754533) div     a0, a0, s7
core   0: 3 0x80004b6c (0x03754533) x10 0x00000000
core   0: 0x80004b70 (0x00008179) c.srli  a0, 30
core   0: 3 0x80004b70 (0x8179) x10 0x00000000
core   0: 0x80004b72 (0x41068ab3) sub     s5, a3, a6
core   0: 3 0x80004b72 (0x41068ab3) x21 0x7fff019c
core   0: 0x80004b76 (0x03add9b3) divu    s3, s11, s10
core   0: 3 0x80004b76 (0x03add9b3) x19 0xffffffff
core   0: 0x80004b7a (0x000091e6) c.add   gp, s9
core   0: 3 0x80004b7a (0x91e6) x 3 0x00480004
core   0: 0x80004b7c (0x025c73b3) remu    t2, s8, t0
core   0: 3 0x80004b7c (0x025c73b3) x 7 0x00000000
core   0: 0x80004b80 (0x0000837e) c.mv    t1, t6
core   0: 3 0x80004b80 (0x837e) x 6 0x00012000
core   0: 0x80004b82 (0x00001d7d) c.addi  s10, -1
core   0: 3 0x80004b82 (0x1d7d) x26 0xffffffff
core   0: 0x80004b84 (0x6ab677b7) lui     a5, 0x6ab67
core   0: 3 0x80004b84 (0x6ab677b7) x15 0x6ab67000
core   0: 0x80004b88 (0x03a20e33) mul     t3, tp, s10
core   0: 3 0x80004b88 (0x03a20e33) x28 0xffb80000
core   0: 0x80004b8c (0x0000717d) c.addi16sp sp, -16
core   0: 3 0x80004b8c (0x717d) x 2 0x00000160
core   0: 0x80004b8e (0x012ddd93) srli    s11, s11, 18
core   0: 3 0x80004b8e (0x012ddd93) x27 0x00002000
core   0: 0x80004b92 (0x000068c5) c.lui   a7, 0x11
core   0: 3 0x80004b92 (0x68c5) x17 0x00011000
core   0: 0x80004b94 (0x035819b3) mulh    s3, a6, s5
core   0: 3 0x80004b94 (0x035819b3) x19 0xc000fe63
core   0: 0x80004b98 (0x000082ed) c.srli  a3, 27
core   0: 3 0x80004b98 (0x82ed) x13 0x00000000
core   0: 0x80004b9a (0x020fa233) mulhsu  tp, t6, zero
core   0: 3 0x80004b9a (0x020fa233) x 4 0x00000000
core   0: 0x80004b9e (0x01ce04b3) add     s1, t3, t3
core   0: 3 0x80004b9e (0x01ce04b3) x 9 0xff700000
core   0: 0x80004ba2 (0x0d206613) ori     a2, zero, 210
core   0: 3 0x80004ba2 (0x0d206613) x12 0x000000d2
core   0: 0x80004ba6 (0x030424b3) mulhsu  s1, s0, a6
core   0: 3 0x80004ba6 (0x030424b3) x 9 0xbfff9f00
core   0: 0x80004baa (0x03c53c33) mulhu   s8, a0, t3
core   0: 3 0x80004baa (0x03c53c33) x24 0x00000000
core   0: 0x80004bae (0x033886b3) mul     a3, a7, s3
core   0: 3 0x80004bae (0x033886b3) x13 0x0e493000
core   0: 0x80004bb2 (0x03dc7333) remu    t1, s8, t4
core   0: 3 0x80004bb2 (0x03dc7333) x 6 0x00000000
core   0: 0x80004bb6 (0x039dd733) divu    a4, s11, s9
core   0: 3 0x80004bb6 (0x039dd733) x14 0xffffffff
core   0: 0x80004bba (0x000058fd) c.li    a7, -1
core   0: 3 0x80004bba (0x58fd) x17 0xffffffff
core   0: 0x80004bbc (0x015d8a33) add     s4, s11, s5
core   0: 3 0x80004bbc (0x015d8a33) x20 0x7fff219c
core   0: 0x80004bc0 (0x0000197d) c.addi  s2, -1
core   0: 3 0x80004bc0 (0x197d) x18 0x00000000
core   0: 0x80004bc2 (0x40238733) sub     a4, t2, sp
core   0: 3 0x80004bc2 (0x40238733) x14 0xfffffea0
core   0: 0x80004bc6 (0x00006899) c.lui   a7, 0x6
core   0: 3 0x80004bc6 (0x6899) x17 0x00006000
core   0: 0x80004bc8 (0x00008dd5) c.or    a1, a3
core   0: 3 0x80004bc8 (0x8dd5) x11 0x7f4f3100
core   0: 0x80004bca (0x000013fd) c.addi  t2, -1
core   0: 3 0x80004bca (0x13fd) x 7 0xffffffff
core   0: 0x80004bcc (0x02715eb3) divu    t4, sp, t2
core   0: 3 0x80004bcc (0x02715eb3) x29 0x00000000
core   0: 0x80004bd0 (0x018cbf33) sltu    t5, s9, s8
core   0: 3 0x80004bd0 (0x018cbf33) x30 0x00000000
core   0: 0x80004bd4 (0x00bc5eb3) srl     t4, s8, a1
core   0: 3 0x80004bd4 (0x00bc5eb3) x29 0x00000000
core   0: 0x80004bd8 (0x00008049) c.srli  s0, 18
core   0: 3 0x80004bd8 (0x8049) x 8 0x00002000
core   0: 0x80004bda (0x6d456893) ori     a7, a0, 1748
core   0: 3 0x80004bda (0x6d456893) x17 0x000006d4
core   0: 0x80004bde (0x00000a9d) c.addi  s5, 7
core   0: 3 0x80004bde (0x0a9d) x21 0x7fff01a3
core   0: 0x80004be0 (0x3a425a37) lui     s4, 0x3a425
core   0: 3 0x80004be0 (0x3a425a37) x20 0x3a425000
core   0: 0x80004be4 (0x2961bf13) sltiu   t5, gp, 662
core   0: 3 0x80004be4 (0x2961bf13) x30 0x00000000
core   0: 0x80004be8 (0x019e7e33) and     t3, t3, s9
core   0: 3 0x80004be8 (0x019e7e33) x28 0x00000000
core   0: 0x80004bec (0x00008391) c.srli  a5, 4
core   0: 3 0x80004bec (0x8391) x15 0x06ab6700
core   0: 0x80004bee (0x00d49393) slli    t2, s1, 13
core   0: 3 0x80004bee (0x00d49393) x 7 0xf3e00000
core   0: 0x80004bf2 (0x00008312) c.mv    t1, tp
core   0: 3 0x80004bf2 (0x8312) x 6 0x00000000
core   0: 0x80004bf4 (0x00008b19) c.andi  a4, 6
core   0: 3 0x80004bf4 (0x8b19) x14 0x00000000
core   0: 0x80004bf6 (0x031b6ab3) rem     s5, s6, a7
core   0: 3 0x80004bf6 (0x031b6ab3) x21 0x0000000e
core   0: 0x80004bfa (0x00008c4d) c.or    s0, a1
core   0: 3 0x80004bfa (0x8c4d) x 8 0x7f4f3100
core   0: 0x80004bfc (0x00001d90) c.addi4spn a2, sp, 752
core   0: 3 0x80004bfc (0x1d90) x12 0x00000450
core   0: 0x80004bfe (0x0000846d) c.srai  s0, 27
core   0: 3 0x80004bfe (0x846d) x 8 0x0000000f
core   0: 0x80004c00 (0x00f9b7b3) sltu    a5, s3, a5
core   0: 3 0x80004c00 (0x00f9b7b3) x15 0x00000000
core   0: 0x80004c04 (0x034c7e33) remu    t3, s8, s4
core   0: 3 0x80004c04 (0x034c7e33) x28 0x00000000
core   0: 0x80004c08 (0x000080b1) c.srli  s1, 12
core   0: 3 0x80004c08 (0x80b1) x 9 0x000bfff9
core   0: 0x80004c0a (0x01e21c33) sll     s8, tp, t5
core   0: 3 0x80004c0a (0x01e21c33) x24 0x00000000
core   0: 0x80004c0e (0x01fb6633) or      a2, s6, t6
core   0: 3 0x80004c0e (0x01fb6633) x12 0x0001200e
core   0: 0x80004c12 (0x00008fa1) c.xor   a5, s0
core   0: 3 0x80004c12 (0x8fa1) x15 0x0000000f
core   0: 0x80004c14 (0x00008f29) c.xor   a4, a0
core   0: 3 0x80004c14 (0x8f29) x14 0x00000000
core   0: 0x80004c16 (0x03ffd8b3) divu    a7, t6, t6
core   0: 3 0x80004c16 (0x03ffd8b3) x17 0x00000001
core   0: 0x80004c1a (0x40bdde13) srai    t3, s11, 11
core   0: 3 0x80004c1a (0x40bdde13) x28 0x00000004
core   0: 0x80004c1e (0x41ba5633) sra     a2, s4, s11
core   0: 3 0x80004c1e (0x41ba5633) x12 0x3a425000
core   0: 0x80004c22 (0x00000001) c.nop
core   0: 3 0x80004c22 (0x0001)
core   0: 0x80004c24 (0x0000027e) c.slli  tp, 31
core   0: 3 0x80004c24 (0x027e) x 4 0x00000000
core   0: 0x80004c26 (0x00d335b3) sltu    a1, t1, a3
core   0: 3 0x80004c26 (0x00d335b3) x11 0x00000001
core   0: 0x80004c2a (0x01ff2933) slt     s2, t5, t6
core   0: 3 0x80004c2a (0x01ff2933) x18 0x00000001
core   0: 0x80004c2e (0x0294afb3) mulhsu  t6, s1, s1
core   0: 3 0x80004c2e (0x0294afb3) x31 0x0000008f
core   0: 0x80004c32 (0x00008815) c.andi  s0, 5
core   0: 3 0x80004c32 (0x8815) x 8 0x00000005
core   0: 0x80004c34 (0x3c7ef993) andi    s3, t4, 967
core   0: 3 0x80004c34 (0x3c7ef993) x19 0x00000000
core   0: 0x80004c38 (0x0000100c) c.addi4spn a1, sp, 32
core   0: 3 0x80004c38 (0x100c) x11 0x00000180
core   0: 0x80004c3a (0x01b22eb3) slt     t4, tp, s11
core   0: 3 0x80004c3a (0x01b22eb3) x29 0x00000001
core   0: 0x80004c3e (0x02a2f133) remu    sp, t0, a0
core   0: 3 0x80004c3e (0x02a2f133) x 2 0x00000001
core   0: 0x80004c42 (0x00000001) c.nop
core   0: 3 0x80004c42 (0x0001)
core   0: 0x80004c44 (0x00001898) c.addi4spn a4, sp, 112
core   0: 3 0x80004c44 (0x1898) x14 0x00000071
core   0: 0x80004c46 (0x40b4dc13) srai    s8, s1, 11
core   0: 3 0x80004c46 (0x40b4dc13) x24 0x0000017f
core   0: 0x80004c4a (0x00e51733) sll     a4, a0, a4
core   0: 3 0x80004c4a (0x00e51733) x14 0x00000000
core   0: 0x80004c4e (0x016747b3) xor     a5, a4, s6
core   0: 3 0x80004c4e (0x016747b3) x15 0x0000000e
core   0: 0x80004c52 (0x00008cf1) c.and   s1, a2
core   0: 3 0x80004c52 (0x8cf1) x 9 0x00025000
core   0: 0x80004c54 (0x00006105) c.addi16sp sp, 32
core   0: 3 0x80004c54 (0x6105) x 2 0x00000021
core   0: 0x80004c56 (0x0000944a) c.add   s0, s2
core   0: 3 0x80004c56 (0x944a) x 8 0x00000006
core   0: 0x80004c58 (0x0047d233) srl     tp, a5, tp
core   0: 3 0x80004c58 (0x0047d233) x 4 0x0000000e
core   0: 0x80004c5c (0x00ebee33) or      t3, s7, a4
core   0: 3 0x80004c5c (0x00ebee33) x28 0x80013ce4
core   0: 0x80004c60 (0x00008bd1) c.andi  a5, 20
core   0: 3 0x80004c60 (0x8bd1) x15 0x00000004
core   0: 0x80004c62 (0xc0030793) addi    a5, t1, -1024
core   0: 3 0x80004c62 (0xc0030793) x15 0xfffffc00
core   0: 0x80004c66 (0x00008eb9) c.xor   a3, a4
core   0: 3 0x80004c66 (0x8eb9) x13 0x0e493000
core   0: 0x80004c68 (0x00000932) c.slli  s2, 12
core   0: 3 0x80004c68 (0x0932) x18 0x00001000
core   0: 0x80004c6a (0x41255613) srai    a2, a0, 18
core   0: 3 0x80004c6a (0x41255613) x12 0x00000000
core   0: 0x80004c6e (0x000082e9) c.srli  a3, 26
core   0: 3 0x80004c6e (0x82e9) x13 0x00000003
core   0: 0x80004c70 (0x026c2d33) mulhsu  s10, s8, t1
core   0: 3 0x80004c70 (0x026c2d33) x26 0x00000000
core   0: 0x80004c74 (0x03bf36b3) mulhu   a3, t5, s11
core   0: 3 0x80004c74 (0x03bf36b3) x13 0x00000000
core   0: 0x80004c78 (0x55886f13) ori     t5, a6, 1368
core   0: 3 0x80004c78 (0x55886f13) x30 0x8000ff7c
core   0: 0x80004c7c (0x01bd1233) sll     tp, s10, s11
core   0: 3 0x80004c7c (0x01bd1233) x 4 0x00000000
core   0: 0x80004c80 (0x0000717d) c.addi16sp sp, -16
core   0: 3 0x80004c80 (0x717d) x 2 0x00000011
core   0: 0x80004c82 (0x0000717d) c.addi16sp sp, -16
core   0: 3 0x80004c82 (0x717d) x 2 0x00000001
core   0: 0x80004c84 (0x0000617d) c.addi16sp sp, 496
core   0: 3 0x80004c84 (0x617d) x 2 0x000001f1
core   0: 0x80004c86 (0x0000815e) c.mv    sp, s7
core   0: 3 0x80004c86 (0x815e) x 2 0x80013ce4
core   0: 0x80004c88 (0x02f6cfb3) div     t6, a3, a5
core   0: 3 0x80004c88 (0x02f6cfb3) x31 0x00000000
core   0: 0x80004c8c (0x5ed46293) ori     t0, s0, 1517
core   0: 3 0x80004c8c (0x5ed46293) x 5 0x000005ef
core   0: 0x80004c90 (0x00000001) c.nop
core   0: 3 0x80004c90 (0x0001)
core   0: 0x80004c92 (0x03d2cdb3) div     s11, t0, t4
core   0: 3 0x80004c92 (0x03d2cdb3) x27 0x000005ef
core   0: 0x80004c96 (0x00000001) c.nop
core   0: 3 0x80004c96 (0x0001)
core   0: 0x80004c98 (0x1f1fb693) sltiu   a3, t6, 497
core   0: 3 0x80004c98 (0x1f1fb693) x13 0x00000001
core   0: 0x80004c9c (0x02ffc3b3) div     t2, t6, a5
core   0: 3 0x80004c9c (0x02ffc3b3) x 7 0x00000000
core   0: 0x80004ca0 (0x00000001) c.nop
core   0: 3 0x80004ca0 (0x0001)
core   0: 0x80004ca2 (0x3df76113) ori     sp, a4, 991
core   0: 3 0x80004ca2 (0x3df76113) x 2 0x000003df
core   0: 0x80004ca6 (0x01bc1fb3) sll     t6, s8, s11
core   0: 3 0x80004ca6 (0x01bc1fb3) x31 0x00bf8000
core   0: 0x80004caa (0x004b1893) slli    a7, s6, 4
core   0: 3 0x80004caa (0x004b1893) x17 0x000000e0
core   0: 0x80004cae (0x03257d33) remu    s10, a0, s2
core   0: 3 0x80004cae (0x03257d33) x26 0x00000000
core   0: 0x80004cb2 (0x0000717d) c.addi16sp sp, -16
core   0: 3 0x80004cb2 (0x717d) x 2 0x000003cf
core   0: 0x80004cb4 (0x000087ba) c.mv    a5, a4
core   0: 3 0x80004cb4 (0x87ba) x15 0x00000000
core   0: 0x80004cb6 (0x0f5f2a13) slti    s4, t5, 245
core   0: 3 0x80004cb6 (0x0f5f2a13) x20 0x00000001
core   0: 0x80004cba (0x02dd1a33) mulh    s4, s10, a3
core   0: 3 0x80004cba (0x02dd1a33) x20 0x00000000
core   0: 0x80004cbe (0x037d2a33) mulhsu  s4, s10, s7
core   0: 3 0x80004cbe (0x037d2a33) x20 0x00000000
core   0: 0x80004cc2 (0x4041d893) srai    a7, gp, 4
core   0: 3 0x80004cc2 (0x4041d893) x17 0x00048000
core   0: 0x80004cc6 (0x00000505) c.addi  a0, 1
core   0: 3 0x80004cc6 (0x0505) x10 0x00000001
core   0: 0x80004cc8 (0x413d81b3) sub     gp, s11, s3
core   0: 3 0x80004cc8 (0x413d81b3) x 3 0x000005ef
core   0: 0x80004ccc (0x02302133) mulhsu  sp, zero, gp
core   0: 3 0x80004ccc (0x02302133) x 2 0x00000000
core   0: 0x80004cd0 (0x00000001) c.nop
core   0: 3 0x80004cd0 (0x0001)
core   0: 0x80004cd2 (0x033829b3) mulhsu  s3, a6, s3
core   0: 3 0x80004cd2 (0x033829b3) x19 0x00000000
core   0: 0x80004cd6 (0x0003ac33) slt     s8, t2, zero
core   0: 3 0x80004cd6 (0x0003ac33) x24 0x00000000
core   0: 0x80004cda (0x0360cc33) div     s8, ra, s6
core   0: 3 0x80004cda (0x0360cc33) x24 0x00000000
core   0: 0x80004cde (0x000084c2) c.mv    s1, a6
core   0: 3 0x80004cde (0x84c2) x 9 0x8000fe64
core   0: 0x80004ce0 (0x0000028c) c.addi4spn a1, sp, 320
core   0: 3 0x80004ce0 (0x028c) x11 0x00000140
core   0: 0x80004ce2 (0x00009f5e) c.add   t5, s7
core   0: 3 0x80004ce2 (0x9f5e) x30 0x00023c60
core   0: 0x80004ce4 (0x0000987d) c.andi  s0, -1
core   0: 3 0x80004ce4 (0x987d) x 8 0x00000006
core   0: 0x80004ce6 (0x000087bd) c.srai  a5, 15
core   0: 3 0x80004ce6 (0x87bd) x15 0x00000000
core   0: 0x80004ce8 (0x03e2afb3) mulhsu  t6, t0, t5
core   0: 3 0x80004ce8 (0x03e2afb3) x31 0x00000000
core   0: 0x80004cec (0x0149c733) xor     a4, s3, s4
core   0: 3 0x80004cec (0x0149c733) x14 0x00000000
core   0: 0x80004cf0 (0x000085c1) c.srai  a1, 16
core   0: 3 0x80004cf0 (0x85c1) x11 0x00000000
core   0: 0x80004cf2 (0x029e8ab3) mul     s5, t4, s1
core   0: 3 0x80004cf2 (0x029e8ab3) x21 0x8000fe64
core   0: 0x80004cf6 (0x096a9db7) lui     s11, 0x96a9
core   0: 3 0x80004cf6 (0x096a9db7) x27 0x096a9000
core   0: 0x80004cfa (0x00006a75) c.lui   s4, 0x1d
core   0: 3 0x80004cfa (0x6a75) x20 0x0001d000
core   0: 0x80004cfc (0x00008f75) c.and   a4, a3
core   0: 3 0x80004cfc (0x8f75) x14 0x00000000
core   0: 0x80004cfe (0x039984b3) mul     s1, s3, s9
core   0: 3 0x80004cfe (0x039984b3) x 9 0x00000000
core   0: 0x80004d02 (0x4021dd93) srai    s11, gp, 2
core   0: 3 0x80004d02 (0x4021dd93) x27 0x0000017b
core   0: 0x80004d06 (0x0f53e513) ori     a0, t2, 245
core   0: 3 0x80004d06 (0x0f53e513) x10 0x000000f5
core   0: 0x80004d0a (0xdb05af13) slti    t5, a1, -592
core   0: 3 0x80004d0a (0xdb05af13) x30 0x00000000
core   0: 0x80004d0e (0x00000362) c.slli  t1, 24
core   0: 3 0x80004d0e (0x0362) x 6 0x00000000
core   0: 0x80004d10 (0x00033e33) sltu    t3, t1, zero
core   0: 3 0x80004d10 (0x00033e33) x28 0x00000000
core   0: 0x80004d14 (0x00008155) c.srli  a0, 21
core   0: 3 0x80004d14 (0x8155) x10 0x00000000
core   0: 0x80004d16 (0x03832ab3) mulhsu  s5, t1, s8
core   0: 3 0x80004d16 (0x03832ab3) x21 0x00000000
core   0: 0x80004d1a (0x014b5fb3) srl     t6, s6, s4
core   0: 3 0x80004d1a (0x014b5fb3) x31 0x0000000e
core   0: 0x80004d1e (0x001a6533) or      a0, s4, ra
core   0: 3 0x80004d1e (0x001a6533) x10 0x0001d000
core   0: 0x80004d22 (0x038ba3b3) mulhsu  t2, s7, s8
core   0: 3 0x80004d22 (0x038ba3b3) x 7 0x00000000
core   0: 0x80004d26 (0x00bd7333) and     t1, s10, a1
core   0: 3 0x80004d26 (0x00bd7333) x 6 0x00000000
core   0: 0x80004d2a (0xd3f5fa13) andi    s4, a1, -705
core   0: 3 0x80004d2a (0xd3f5fa13) x20 0x00000000
core   0: 0x80004d2e (0x02d33533) mulhu   a0, t1, a3
core   0: 3 0x80004d2e (0x02d33533) x10 0x00000000
core   0: 0x80004d32 (0x00008cb2) c.mv    s9, a2
core   0: 3 0x80004d32 (0x8cb2) x25 0x00000000
core   0: 0x80004d34 (0x4009dfb3) sra     t6, s3, zero
core   0: 3 0x80004d34 (0x4009dfb3) x31 0x00000000
core   0: 0x80004d38 (0x00465013) srli    zero, a2, 4
core   0: 3 0x80004d38 (0x00465013)
core   0: 0x80004d3c (0x00008fdd) c.or    a5, a5
core   0: 3 0x80004d3c (0x8fdd) x15 0x00000000
core   0: 0x80004d3e (0x0000990e) c.add   s2, gp
core   0: 3 0x80004d3e (0x990e) x18 0x000015ef
core   0: 0x80004d40 (0x0000988a) c.add   a7, sp
core   0: 3 0x80004d40 (0x988a) x17 0x00048000
core   0: 0x80004d42 (0x00cb5693) srli    a3, s6, 12
core   0: 3 0x80004d42 (0x00cb5693) x13 0x00000000
core   0: 0x80004d46 (0xda014193) xori    gp, sp, -608
core   0: 3 0x80004d46 (0xda014193) x 3 0xfffffda0
core   0: 0x80004d4a (0x028cfd33) remu    s10, s9, s0
core   0: 3 0x80004d4a (0x028cfd33) x26 0x00000000
core   0: 0x80004d4e (0x402701b3) sub     gp, a4, sp
core   0: 3 0x80004d4e (0x402701b3) x 3 0x00000000
core   0: 0x80004d52 (0x0000670d) c.lui   a4, 0x3
core   0: 3 0x80004d52 (0x670d) x14 0x00003000
core   0: 0x80004d54 (0x00008c09) c.sub   s0, a0
core   0: 3 0x80004d54 (0x8c09) x 8 0x00000006
core   0: 0x80004d56 (0x01ae3633) sltu    a2, t3, s10
core   0: 3 0x80004d56 (0x01ae3633) x12 0x00000000
core   0: 0x80004d5a (0x020a09b3) mul     s3, s4, zero
core   0: 3 0x80004d5a (0x020a09b3) x19 0x00000000
core   0: 0x80004d5e (0x036f0c33) mul     s8, t5, s6
core   0: 3 0x80004d5e (0x036f0c33) x24 0x00000000
core   0: 0x80004d62 (0xb1e82397) auipc   t2, 0xb1e82
core   0: 3 0x80004d62 (0xb1e82397) x 7 0x31e86d62
core   0: 0x80004d66 (0x00000a5a) c.slli  s4, 22
core   0: 3 0x80004d66 (0x0a5a) x20 0x00000000
core   0: 0x80004d68 (0xc0faa413) slti    s0, s5, -1009
core   0: 3 0x80004d68 (0xc0faa413) x 8 0x00000000
core   0: 0x80004d6c (0x879b4c17) auipc   s8, 0x879b4
core   0: 3 0x80004d6c (0x879b4c17) x24 0x079b8d6c
core   0: 0x80004d70 (0x000a8333) add     t1, s5, zero
core   0: 3 0x80004d70 (0x000a8333) x 6 0x00000000
core   0: 0x80004d74 (0x00643333) sltu    t1, s0, t1
core   0: 3 0x80004d74 (0x00643333) x 6 0x00000000
core   0: 0x80004d78 (0x01a82c33) slt     s8, a6, s10
core   0: 3 0x80004d78 (0x01a82c33) x24 0x00000001
core   0: 0x80004d7c (0x414adf13) srai    t5, s5, 20
core   0: 3 0x80004d7c (0x414adf13) x30 0x00000000
core   0: 0x80004d80 (0x80eb2297) auipc   t0, 0x80eb2
core   0: 3 0x80004d80 (0x80eb2297) x 5 0x00eb6d80
core   0: 0x80004d84 (0x4031da13) srai    s4, gp, 3
core   0: 3 0x80004d84 (0x4031da13) x20 0x00000000
core   0: 0x80004d88 (0x8a19c613) xori    a2, s3, -1887
core   0: 3 0x80004d88 (0x8a19c613) x12 0xfffff8a1
core   0: 0x80004d8c (0x40f682b3) sub     t0, a3, a5
core   0: 3 0x80004d8c (0x40f682b3) x 5 0x00000000
core   0: 0x80004d90 (0x0000717d) c.addi16sp sp, -16
core   0: 3 0x80004d90 (0x717d) x 2 0xfffffff0
core   0: 0x80004d92 (0x00000580) c.addi4spn s0, sp, 704
core   0: 3 0x80004d92 (0x0580) x 8 0x000002b0
core   0: 0x80004d94 (0x83bf4293) xori    t0, t5, -1989
core   0: 3 0x80004d94 (0x83bf4293) x 5 0xfffff83b
core   0: 0x80004d98 (0x02201ab3) mulh    s5, zero, sp
core   0: 3 0x80004d98 (0x02201ab3) x21 0x00000000
core   0: 0x80004d9c (0x25b3f093) andi    ra, t2, 603
core   0: 3 0x80004d9c (0x25b3f093) x 1 0x00000042
core   0: 0x80004da0 (0x00008555) c.srai  a0, 21
core   0: 3 0x80004da0 (0x8555) x10 0x00000000
core   0: 0x80004da2 (0x0156ed33) or      s10, a3, s5
core   0: 3 0x80004da2 (0x0156ed33) x26 0x00000000
core   0: 0x80004da6 (0x00f41ab3) sll     s5, s0, a5
core   0: 3 0x80004da6 (0x00f41ab3) x21 0x000002b0
core   0: 0x80004daa (0x015a1233) sll     tp, s4, s5
core   0: 3 0x80004daa (0x015a1233) x 4 0x00000000
core   0: 0x80004dae (0x00621733) sll     a4, tp, t1
core   0: 3 0x80004dae (0x00621733) x14 0x00000000
core   0: 0x80004db2 (0xbbf10013) addi    zero, sp, -1089
core   0: 3 0x80004db2 (0xbbf10013)
core   0: 0x80004db6 (0x800003b7) lui     t2, 0x80000
core   0: 3 0x80004db6 (0x800003b7) x 7 0x80000000
core   0: 0x80004dba (0x00004e81) c.li    t4, 0
core   0: 3 0x80004dba (0x4e81) x29 0x00000000
core   0: 0x80004dbc (0x31ca3db7) lui     s11, 0x31ca3
core   0: 3 0x80004dbc (0x31ca3db7) x27 0x31ca3000
core   0: 0x80004dc0 (0xa0ad8d93) addi    s11, s11, -1526
core   0: 3 0x80004dc0 (0xa0ad8d93) x27 0x31ca2a0a
core   0: 0x80004dc4 (0x800007b7) lui     a5, 0x80000
core   0: 3 0x80004dc4 (0x800007b7) x15 0x80000000
core   0: 0x80004dc8 (0x3ad7d437) lui     s0, 0x3ad7d
core   0: 3 0x80004dc8 (0x3ad7d437) x 8 0x3ad7d000
core   0: 0x80004dcc (0xe5840413) addi    s0, s0, -424
core   0: 3 0x80004dcc (0xe5840413) x 8 0x3ad7ce58
core   0: 0x80004dd0 (0x00004181) c.li    gp, 0
core   0: 3 0x80004dd0 (0x4181) x 3 0x00000000
core   0: 0x80004dd2 (0xfff00613) li      a2, -1
core   0: 3 0x80004dd2 (0xfff00613) x12 0xffffffff
core   0: 0x80004dd6 (0x00004f81) c.li    t6, 0
core   0: 3 0x80004dd6 (0x4f81) x31 0x00000000
core   0: 0x80004dd8 (0x80000c37) lui     s8, 0x80000
core   0: 3 0x80004dd8 (0x80000c37) x24 0x80000000
core   0: 0x80004ddc (0xfff00313) li      t1, -1
core   0: 3 0x80004ddc (0xfff00313) x 6 0xffffffff
core   0: 0x80004de0 (0x03bf8c33) mul     s8, t6, s11
core   0: 3 0x80004de0 (0x03bf8c33) x24 0x00000000
core   0: 0x80004de4 (0x02832333) mulhsu  t1, t1, s0
core   0: 3 0x80004de4 (0x02832333) x 6 0xffffffff
core   0: 0x80004de8 (0x03f7ddb3) divu    s11, a5, t6
core   0: 3 0x80004de8 (0x03f7ddb3) x27 0xffffffff
core   0: 0x80004dec (0x023dfc33) remu    s8, s11, gp
core   0: 3 0x80004dec (0x023dfc33) x24 0xffffffff
core   0: 0x80004df0 (0x406c0db3) sub     s11, s8, t1
core   0: 3 0x80004df0 (0x406c0db3) x27 0x00000000
core   0: 0x80004df4 (0x9d41b7b7) lui     a5, 0x9d41b
core   0: 3 0x80004df4 (0x9d41b7b7) x15 0x9d41b000
core   0: 0x80004df8 (0x023f9433) mulh    s0, t6, gp
core   0: 3 0x80004df8 (0x023f9433) x 8 0x00000000
core   0: 0x80004dfc (0x01860eb3) add     t4, a2, s8
core   0: 3 0x80004dfc (0x01860eb3) x29 0xfffffffe
core   0: 0x80004e00 (0x03dfa433) mulhsu  s0, t6, t4
core   0: 3 0x80004e00 (0x03dfa433) x 8 0x00000000
core   0: 0x80004e04 (0x03b7feb3) remu    t4, a5, s11
core   0: 3 0x80004e04 (0x03b7feb3) x29 0x9d41b000
core   0: 0x80004e08 (0x028ebeb3) mulhu   t4, t4, s0
core   0: 3 0x80004e08 (0x028ebeb3) x29 0x00000000
core   0: 0x80004e0c (0x007f8417) auipc   s0, 0x7f8
core   0: 3 0x80004e0c (0x007f8417) x 8 0x807fce0c
core   0: 0x80004e10 (0x038c3433) mulhu   s0, s8, s8
core   0: 3 0x80004e10 (0x038c3433) x 8 0xfffffffe
core   0: 0x80004e14 (0x03843633) mulhu   a2, s0, s8
core   0: 3 0x80004e14 (0x03843633) x12 0xfffffffd
core   0: 0x80004e18 (0x03f61fb3) mulh    t6, a2, t6
core   0: 3 0x80004e18 (0x03f61fb3) x31 0x00000000
core   0: 0x80004e1c (0x00000001) c.nop
core   0: 3 0x80004e1c (0x0001)
core   0: 0x80004e1e (0x75f9ceb7) lui     t4, 0x75f9c
core   0: 3 0x80004e1e (0x75f9ceb7) x29 0x75f9c000
core   0: 0x80004e22 (0x77c18613) addi    a2, gp, 1916
core   0: 3 0x80004e22 (0x77c18613) x12 0x0000077c
core   0: 0x80004e26 (0x02f3ac33) mulhsu  s8, t2, a5
core   0: 3 0x80004e26 (0x02f3ac33) x24 0xb15f2800
core   0: 0x80004e2a (0x028d9433) mulh    s0, s11, s0
core   0: 3 0x80004e2a (0x028d9433) x 8 0x00000000
core   0: 0x80004e2e (0xc97c0e93) addi    t4, s8, -873
core   0: 3 0x80004e2e (0xc97c0e93) x29 0xb15f2497
core   0: 0x80004e32 (0x027fb333) mulhu   t1, t6, t2
core   0: 3 0x80004e32 (0x027fb333) x 6 0x00000000
core   0: 0x80004e36 (0x00000001) c.nop
core   0: 3 0x80004e36 (0x0001)
core   0: 0x80004e38 (0x03de97b3) mulh    a5, t4, t4
core   0: 3 0x80004e38 (0x03de97b3) x15 0x18266ac6
core   0: 0x80004e3c (0x0080a333) slt     t1, ra, s0
core   0: 3 0x80004e3c (0x0080a333) x 6 0x00000000
core   0: 0x80004e40 (0x0118f633) and     a2, a7, a7
core   0: 3 0x80004e40 (0x0118f633) x12 0x00048000
core   0: 0x80004e44 (0x0000889d) c.andi  s1, 7
core   0: 3 0x80004e44 (0x889d) x 9 0x00000000
core   0: 0x80004e46 (0x01f33fb3) sltu    t6, t1, t6
core   0: 3 0x80004e46 (0x01f33fb3) x31 0x00000000
core   0: 0x80004e4a (0x000097de) c.add   a5, s7
core   0: 3 0x80004e4a (0x97de) x15 0x9827a7aa
core   0: 0x80004e4c (0x00311633) sll     a2, sp, gp
core   0: 3 0x80004e4c (0x00311633) x12 0xfffffff0
core   0: 0x80004e50 (0x00008f39) c.xor   a4, a4
core   0: 3 0x80004e50 (0x8f39) x14 0x00000000
core   0: 0x80004e52 (0x011036b3) snez    a3, a7
core   0: 3 0x80004e52 (0x011036b3) x13 0x00000001
core   0: 0x80004e56 (0x00008c81) c.sub   s1, s0
core   0: 3 0x80004e56 (0x8c81) x 9 0x00000000
core   0: 0x80004e58 (0x00006105) c.addi16sp sp, 32
core   0: 3 0x80004e58 (0x6105) x 2 0x00000010
core   0: 0x80004e5a (0x00000395) c.addi  t2, 5
core   0: 3 0x80004e5a (0x0395) x 7 0x80000005
core   0: 0x80004e5c (0x3feb3413) sltiu   s0, s6, 1022
core   0: 3 0x80004e5c (0x3feb3413) x 8 0x00000001
core   0: 0x80004e60 (0x7cd86013) ori     zero, a6, 1997
core   0: 3 0x80004e60 (0x7cd86013)
core   0: 0x80004e64 (0x287f8013) addi    zero, t6, 647
core   0: 3 0x80004e64 (0x287f8013)
core   0: 0x80004e68 (0x009c1a33) sll     s4, s8, s1
core   0: 3 0x80004e68 (0x009c1a33) x20 0xb15f2800
core   0: 0x80004e6c (0x0187a4b3) slt     s1, a5, s8
core   0: 3 0x80004e6c (0x0187a4b3) x 9 0x00000001
core   0: 0x80004e70 (0x00000001) c.nop
core   0: 3 0x80004e70 (0x0001)
core   0: 0x80004e72 (0x41d35013) srai    zero, t1, 29
core   0: 3 0x80004e72 (0x41d35013)
core   0: 0x80004e76 (0x1cc98193) addi    gp, s3, 460
core   0: 3 0x80004e76 (0x1cc98193) x 3 0x000001cc
core   0: 0x80004e7a (0x2b4e4d93) xori    s11, t3, 692
core   0: 3 0x80004e7a (0x2b4e4d93) x27 0x000002b4
core   0: 0x80004e7e (0xc25771b7) lui     gp, 0xc2577
core   0: 3 0x80004e7e (0xc25771b7) x 3 0xc2577000
core   0: 0x80004e82 (0x88c18193) addi    gp, gp, -1908
core   0: 3 0x80004e82 (0x88c18193) x 3 0xc257688c
core   0: 0x80004e86 (0x80000537) lui     a0, 0x80000
core   0: 3 0x80004e86 (0x80000537) x10 0x80000000
core   0: 0x80004e8a (0xc052b2b7) lui     t0, 0xc052b
core   0: 3 0x80004e8a (0xc052b2b7) x 5 0xc052b000
core   0: 0x80004e8e (0xc3228293) addi    t0, t0, -974
core   0: 3 0x80004e8e (0xc3228293) x 5 0xc052ac32
core   0: 0x80004e92 (0x5be759b7) lui     s3, 0x5be75
core   0: 3 0x80004e92 (0x5be759b7) x19 0x5be75000
core   0: 0x80004e96 (0x3c798993) addi    s3, s3, 967
core   0: 3 0x80004e96 (0x3c798993) x19 0x5be753c7
core   0: 0x80004e9a (0x00004701) c.li    a4, 0
core   0: 3 0x80004e9a (0x4701) x14 0x00000000
core   0: 0x80004e9c (0x80000237) lui     tp, 0x80000
core   0: 3 0x80004e9c (0x80000237) x 4 0x80000000
core   0: 0x80004ea0 (0x00004e81) c.li    t4, 0
core   0: 3 0x80004ea0 (0x4e81) x29 0x00000000
core   0: 0x80004ea2 (0x02cb6fb7) lui     t6, 0x2cb6
core   0: 3 0x80004ea2 (0x02cb6fb7) x31 0x02cb6000
core   0: 0x80004ea6 (0xfa8f8f93) addi    t6, t6, -88
core   0: 3 0x80004ea6 (0xfa8f8f93) x31 0x02cb5fa8
core   0: 0x80004eaa (0x800004b7) lui     s1, 0x80000
core   0: 3 0x80004eaa (0x800004b7) x 9 0x80000000
core   0: 0x80004eae (0xfff00093) li      ra, -1
core   0: 3 0x80004eae (0xfff00093) x 1 0xffffffff
core   0: 0x80004eb2 (0x02e70fb3) mul     t6, a4, a4
core   0: 3 0x80004eb2 (0x02e70fb3) x31 0x00000000
core   0: 0x80004eb6 (0x02452233) mulhsu  tp, a0, tp
core   0: 3 0x80004eb6 (0x02452233) x 4 0xc0000000
core   0: 0x80004eba (0xa8b20493) addi    s1, tp, -1397
core   0: 3 0x80004eba (0xa8b20493) x 9 0xbffffa8b
core   0: 0x80004ebe (0xc2498993) addi    s3, s3, -988
core   0: 3 0x80004ebe (0xc2498993) x19 0x5be74feb
core   0: 0x80004ec2 (0x00120533) add     a0, tp, ra
core   0: 3 0x80004ec2 (0x00120533) x10 0xbfffffff
core   0: 0x80004ec6 (0x0299f2b3) remu    t0, s3, s1
core   0: 3 0x80004ec6 (0x0299f2b3) x 5 0x5be74feb
core   0: 0x80004eca (0x4a2dc517) auipc   a0, 0x4a2dc
core   0: 3 0x80004eca (0x4a2dc517) x10 0xca2e0eca
core   0: 0x80004ece (0x02927533) remu    a0, tp, s1
core   0: 3 0x80004ece (0x02927533) x10 0x00000575
core   0: 0x80004ed2 (0x40a509b3) sub     s3, a0, a0
core   0: 3 0x80004ed2 (0x40a509b3) x19 0x00000000
core   0: 0x80004ed6 (0xbb020993) addi    s3, tp, -1104
core   0: 3 0x80004ed6 (0xbb020993) x19 0xbffffbb0
core   0: 0x80004eda (0x02a269b3) rem     s3, tp, a0
core   0: 3 0x80004eda (0x02a269b3) x19 0xfffffd81
core   0: 0x80004ede (0x7c040097) auipc   ra, 0x7c040
core   0: 3 0x80004ede (0x7c040097) x 1 0xfc044ede
core   0: 0x80004ee2 (0x00000001) c.nop
core   0: 3 0x80004ee2 (0x0001)
core   0: 0x80004ee4 (0x023564b3) rem     s1, a0, gp
core   0: 3 0x80004ee4 (0x023564b3) x 9 0x00000575
core   0: 0x80004ee8 (0xe72a2537) lui     a0, 0xe72a2
core   0: 3 0x80004ee8 (0xe72a2537) x10 0xe72a2000
core   0: 0x80004eec (0x03d2f2b3) remu    t0, t0, t4
core   0: 3 0x80004eec (0x03d2f2b3) x 5 0x5be74feb
core   0: 0x80004ef0 (0xccce0eb7) lui     t4, 0xccce0
core   0: 3 0x80004ef0 (0xccce0eb7) x29 0xccce0000
core   0: 0x80004ef4 (0x0244f533) remu    a0, s1, tp
core   0: 3 0x80004ef4 (0x0244f533) x10 0x00000575
core   0: 0x80004ef8 (0x023fffb3) remu    t6, t6, gp
core   0: 3 0x80004ef8 (0x023fffb3) x31 0x00000000
core   0: 0x80004efc (0x0234a4b3) mulhsu  s1, s1, gp
core   0: 3 0x80004efc (0x0234a4b3) x 9 0x00000424
core   0: 0x80004f00 (0xfaa22237) lui     tp, 0xfaa22
core   0: 3 0x80004f00 (0xfaa22237) x 4 0xfaa22000
core   0: 0x80004f04 (0x02a539b3) mulhu   s3, a0, a0
core   0: 3 0x80004f04 (0x02a539b3) x19 0x00000000
core   0: 0x80004f08 (0x40a70233) sub     tp, a4, a0
core   0: 3 0x80004f08 (0x40a70233) x 4 0xfffffa8b
core   0: 0x80004f0c (0x03d20233) mul     tp, tp, t4
core   0: 3 0x80004f0c (0x03d20233) x 4 0x5fda0000
core   0: 0x80004f10 (0x00000001) c.nop
core   0: 3 0x80004f10 (0x0001)
core   0: 0x80004f12 (0x4adf3493) sltiu   s1, t5, 1197
core   0: 3 0x80004f12 (0x4adf3493) x 9 0x00000001
core   0: 0x80004f16 (0x08d4cc93) xori    s9, s1, 141
core   0: 3 0x80004f16 (0x08d4cc93) x25 0x0000008c
core   0: 0x80004f1a (0x02fd8a33) mul     s4, s11, a5
core   0: 3 0x80004f1a (0x02fd8a33) x20 0x4b313788
core   0: 0x80004f1e (0xbddcc013) xori    zero, s9, -1059
core   0: 3 0x80004f1e (0xbddcc013)
core   0: 0x80004f22 (0x02fade33) divu    t3, s5, a5
core   0: 3 0x80004f22 (0x02fade33) x28 0x00000000
core   0: 0x80004f26 (0x0000869d) c.srai  a3, 7
core   0: 3 0x80004f26 (0x869d) x13 0x00000000
core   0: 0x80004f28 (0x02f28e33) mul     t3, t0, a5
core   0: 3 0x80004f28 (0x02f28e33) x28 0xa18a5f0e
core   0: 0x80004f2c (0x00004a05) c.li    s4, 1
core   0: 3 0x80004f2c (0x4a05) x20 0x00000001
core   0: 0x80004f2e (0x40d58eb3) sub     t4, a1, a3
core   0: 3 0x80004f2e (0x40d58eb3) x29 0x00000000
core   0: 0x80004f32 (0x003efcb3) and     s9, t4, gp
core   0: 3 0x80004f32 (0x003efcb3) x25 0x00000000
core   0: 0x80004f36 (0x10287713) andi    a4, a6, 258
core   0: 3 0x80004f36 (0x10287713) x14 0x00000000
core   0: 0x80004f3a (0x000084be) c.mv    s1, a5
core   0: 3 0x80004f3a (0x84be) x 9 0x9827a7aa
core   0: 0x80004f3c (0x02933733) mulhu   a4, t1, s1
core   0: 3 0x80004f3c (0x02933733) x14 0x00000000
core   0: 0x80004f40 (0x004021b3) slt     gp, zero, tp
core   0: 3 0x80004f40 (0x004021b3) x 3 0x00000001
core   0: 0x80004f44 (0xe2ffe393) ori     t2, t6, -465
core   0: 3 0x80004f44 (0xe2ffe393) x 7 0xfffffe2f
core   0: 0x80004f48 (0x00428c33) add     s8, t0, tp
core   0: 3 0x80004f48 (0x00428c33) x24 0xbbc14feb
core   0: 0x80004f4c (0x00008ad1) c.andi  a3, 20
core   0: 3 0x80004f4c (0x8ad1) x13 0x00000000
core   0: 0x80004f4e (0x37ca0f13) addi    t5, s4, 892
core   0: 3 0x80004f4e (0x37ca0f13) x30 0x0000037d
core   0: 0x80004f52 (0x409756b3) sra     a3, a4, s1
core   0: 3 0x80004f52 (0x409756b3) x13 0x00000000
core   0: 0x80004f56 (0x03e545b3) div     a1, a0, t5
core   0: 3 0x80004f56 (0x03e545b3) x11 0x00000001
core   0: 0x80004f5a (0x00000001) c.nop
core   0: 3 0x80004f5a (0x0001)
core   0: 0x80004f5c (0x036f7033) remu    zero, t5, s6
core   0: 3 0x80004f5c (0x036f7033)
core   0: 0x80004f60 (0x5e236993) ori     s3, t1, 1506
core   0: 3 0x80004f60 (0x5e236993) x19 0x000005e2
core   0: 0x80004f64 (0x00006a55) c.lui   s4, 0x15
core   0: 3 0x80004f64 (0x6a55) x20 0x00015000
core   0: 0x80004f66 (0xe1d8bd13) sltiu   s10, a7, -483
core   0: 3 0x80004f66 (0xe1d8bd13) x26 0x00000001
core   0: 0x80004f6a (0x00009172) c.add   sp, t3
core   0: 3 0x80004f6a (0x9172) x 2 0xa18a5f1e
core   0: 0x80004f6c (0x03235ab3) divu    s5, t1, s2
core   0: 3 0x80004f6c (0x03235ab3) x21 0x00000000
core   0: 0x80004f70 (0x0145d413) srli    s0, a1, 20
core   0: 3 0x80004f70 (0x0145d413) x 8 0x00000000
core   0: 0x80004f74 (0x0043c3b3) xor     t2, t2, tp
core   0: 3 0x80004f74 (0x0043c3b3) x 7 0xa025fe2f
core   0: 0x80004f78 (0x771ee493) ori     s1, t4, 1905
core   0: 3 0x80004f78 (0x771ee493) x 9 0x00000771
core   0: 0x80004f7c (0xf2248993) addi    s3, s1, -222
core   0: 3 0x80004f7c (0xf2248993) x19 0x00000693
core   0: 0x80004f80 (0x033ea533) mulhsu  a0, t4, s3
core   0: 3 0x80004f80 (0x033ea533) x10 0x00000000
core   0: 0x80004f84 (0x00008ce9) c.and   s1, a0
core   0: 3 0x80004f84 (0x8ce9) x 9 0x00000000
core   0: 0x80004f86 (0x000086f1) c.srai  a3, 28
core   0: 3 0x80004f86 (0x86f1) x13 0x00000000
core   0: 0x80004f88 (0x00008ee1) c.and   a3, s0
core   0: 3 0x80004f88 (0x8ee1) x13 0x00000000
core   0: 0x80004f8a (0x0184a933) slt     s2, s1, s8
core   0: 3 0x80004f8a (0x0184a933) x18 0x00000000
core   0: 0x80004f8e (0x3b7d2f93) slti    t6, s10, 951
core   0: 3 0x80004f8e (0x3b7d2f93) x31 0x00000001
core   0: 0x80004f92 (0x028ddd33) divu    s10, s11, s0
core   0: 3 0x80004f92 (0x028ddd33) x26 0xffffffff
core   0: 0x80004f96 (0x01054633) xor     a2, a0, a6
core   0: 3 0x80004f96 (0x01054633) x12 0x8000fe64
core   0: 0x80004f9a (0xb661f413) andi    s0, gp, -1178
core   0: 3 0x80004f9a (0xb661f413) x 8 0x00000000
core   0: 0x80004f9e (0x0000972a) c.add   a4, a0
core   0: 3 0x80004f9e (0x972a) x14 0x00000000
core   0: 0x80004fa0 (0x429c2f97) auipc   t6, 0x429c2
core   0: 3 0x80004fa0 (0x429c2f97) x31 0xc29c6fa0
core   0: 0x80004fa4 (0x000080fd) c.srli  s1, 31
core   0: 3 0x80004fa4 (0x80fd) x 9 0x00000000
core   0: 0x80004fa6 (0x00000f62) c.slli  t5, 24
core   0: 3 0x80004fa6 (0x0f62) x30 0x7d000000
core   0: 0x80004fa8 (0x01af19b3) sll     s3, t5, s10
core   0: 3 0x80004fa8 (0x01af19b3) x19 0x00000000
core   0: 0x80004fac (0x0000838d) c.srli  a5, 3
core   0: 3 0x80004fac (0x838d) x15 0x1304f4f5
core   0: 0x80004fae (0x89ca2793) slti    a5, s4, -1892
core   0: 3 0x80004fae (0x89ca2793) x15 0x00000000
core   0: 0x80004fb2 (0x028560b3) rem     ra, a0, s0
core   0: 3 0x80004fb2 (0x028560b3) x 1 0x00000000
core   0: 0x80004fb6 (0x416b8333) sub     t1, s7, s6
core   0: 3 0x80004fb6 (0x416b8333) x 6 0x80013cd6
core   0: 0x80004fba (0x40d96397) auipc   t2, 0x40d96
core   0: 3 0x80004fba (0x40d96397) x 7 0xc0d9afba
core   0: 0x80004fbe (0x00008f81) c.sub   a5, s0
core   0: 3 0x80004fbe (0x8f81) x15 0x00000000
core   0: 0x80004fc0 (0x02f819b3) mulh    s3, a6, a5
core   0: 3 0x80004fc0 (0x02f819b3) x19 0x00000000
core   0: 0x80004fc4 (0x0228f1b3) remu    gp, a7, sp
core   0: 3 0x80004fc4 (0x0228f1b3) x 3 0x00048000
core   0: 0x80004fc8 (0x00000001) c.nop
core   0: 3 0x80004fc8 (0x0001)
core   0: 0x80004fca (0x00008065) c.srli  s0, 25
core   0: 3 0x80004fca (0x8065) x 8 0x00000000
core   0: 0x80004fcc (0x000008fa) c.slli  a7, 30
core   0: 3 0x80004fcc (0x08fa) x17 0x00000000
core   0: 0x80004fce (0x000084e5) c.srai  s1, 25
core   0: 3 0x80004fce (0x84e5) x 9 0x00000000
core   0: 0x80004fd0 (0x2ab7ba97) auipc   s5, 0x2ab7b
core   0: 3 0x80004fd0 (0x2ab7ba97) x21 0xaab7ffd0
core   0: 0x80004fd4 (0x024a04b3) mul     s1, s4, tp
core   0: 3 0x80004fd4 (0x024a04b3) x 9 0x20000000
core   0: 0x80004fd8 (0x000098fd) c.andi  s1, -1
core   0: 3 0x80004fd8 (0x98fd) x 9 0x20000000
core   0: 0x80004fda (0x0028e633) or      a2, a7, sp
core   0: 3 0x80004fda (0x0028e633) x12 0xa18a5f1e
core   0: 0x80004fde (0x03137733) remu    a4, t1, a7
core   0: 3 0x80004fde (0x03137733) x14 0x80013cd6
core   0: 0x80004fe2 (0x00009bfd) c.andi  a5, -1
core   0: 3 0x80004fe2 (0x9bfd) x15 0x00000000
core   0: 0x80004fe4 (0x00c26a33) or      s4, tp, a2
core   0: 3 0x80004fe4 (0x00c26a33) x20 0xffda5f1e
core   0: 0x80004fe8 (0xd650e593) ori     a1, ra, -667
core   0: 3 0x80004fe8 (0xd650e593) x11 0xfffffd65
core   0: 0x80004fec (0x02e285b3) mul     a1, t0, a4
core   0: 3 0x80004fec (0x02e285b3) x11 0xda02e272
core   0: 0x80004ff0 (0x00001a7d) c.addi  s4, -1
core   0: 3 0x80004ff0 (0x1a7d) x20 0xffda5f1d
core   0: 0x80004ff2 (0x00009996) c.add   s3, t0
core   0: 3 0x80004ff2 (0x9996) x19 0x5be74feb
core   0: 0x80004ff4 (0x41455433) sra     s0, a0, s4
core   0: 3 0x80004ff4 (0x41455433) x 8 0x00000000
core   0: 0x80004ff8 (0x035d9933) mulh    s2, s11, s5
core   0: 3 0x80004ff8 (0x035d9933) x18 0xffffff19
core   0: 0x80004ffc (0x02353933) mulhu   s2, a0, gp
core   0: 3 0x80004ffc (0x02353933) x18 0x00000000
core   0: 0x80005000 (0x00006161) c.addi16sp sp, 80
core   0: 3 0x80005000 (0x6161) x 2 0xa18a5f6e
core   0: 0x80005002 (0x00171733) sll     a4, a4, ra
core   0: 3 0x80005002 (0x00171733) x14 0x80013cd6
core   0: 0x80005006 (0x025a9333) mulh    t1, s5, t0
core   0: 3 0x80005006 (0x025a9333) x 6 0xe1625957
core   0: 0x8000500a (0x00008c21) c.xor   s0, s0
core   0: 3 0x8000500a (0x8c21) x 8 0x00000000
core   0: 0x8000500c (0x0207f7b3) remu    a5, a5, zero
core   0: 3 0x8000500c (0x0207f7b3) x15 0x00000000
core   0: 0x80005010 (0x00001710) c.addi4spn a2, sp, 928
core   0: 3 0x80005010 (0x1710) x12 0xa18a630e
core   0: 0x80005012 (0x0000617d) c.addi16sp sp, 496
core   0: 3 0x80005012 (0x617d) x 2 0xa18a615e
core   0: 0x80005014 (0x00009df6) c.add   s11, t4
core   0: 3 0x80005014 (0x9df6) x27 0x000002b4
core   0: 0x80005016 (0x02f083b3) mul     t2, ra, a5
core   0: 3 0x80005016 (0x02f083b3) x 7 0x00000000
core   0: 0x8000501a (0x4126d533) sra     a0, a3, s2
core   0: 3 0x8000501a (0x4126d533) x10 0x00000000
core   0: 0x8000501e (0x00e05a33) srl     s4, zero, a4
core   0: 3 0x8000501e (0x00e05a33) x20 0x00000000
core   0: 0x80005022 (0x038d91b3) mulh    gp, s11, s8
core   0: 3 0x80005022 (0x038d91b3) x 3 0xffffff47
core   0: 0x80005026 (0x03d638b3) mulhu   a7, a2, t4
core   0: 3 0x80005026 (0x03d638b3) x17 0x00000000
core   0: 0x8000502a (0x0294c733) div     a4, s1, s1
core   0: 3 0x8000502a (0x0294c733) x14 0x00000001
core   0: 0x8000502e (0x009b78b3) and     a7, s6, s1
core   0: 3 0x8000502e (0x009b78b3) x17 0x00000000
core   0: 0x80005032 (0x40b28fb3) sub     t6, t0, a1
core   0: 3 0x80005032 (0x40b28fb3) x31 0x81e46d79
core   0: 0x80005036 (0x03ade433) rem     s0, s11, s10
core   0: 3 0x80005036 (0x03ade433) x 8 0x00000000
core   0: 0x8000503a (0x02ca5ab3) divu    s5, s4, a2
core   0: 3 0x8000503a (0x02ca5ab3) x21 0x00000000
core   0: 0x8000503e (0x000e23b3) slt     t2, t3, zero
core   0: 3 0x8000503e (0x000e23b3) x 7 0x00000001
core   0: 0x80005042 (0x00395a13) srli    s4, s2, 3
core   0: 3 0x80005042 (0x00395a13) x20 0x00000000
core   0: 0x80005046 (0x768bc293) xori    t0, s7, 1896
core   0: 3 0x80005046 (0x768bc293) x 5 0x80013b8c
core   0: 0x8000504a (0x0000557d) c.li    a0, -1
core   0: 3 0x8000504a (0x557d) x10 0xffffffff
core   0: 0x8000504c (0x02607e33) remu    t3, zero, t1
core   0: 3 0x8000504c (0x02607e33) x28 0x00000000
core   0: 0x80005050 (0x00009fce) c.add   t6, s3
core   0: 3 0x80005050 (0x9fce) x31 0xddcbbd64
core   0: 0x80005052 (0x00545113) srli    sp, s0, 5
core   0: 3 0x80005052 (0x00545113) x 2 0x00000000
core   0: 0x80005056 (0x00000a72) c.slli  s4, 28
core   0: 3 0x80005056 (0x0a72) x20 0x00000000
core   0: 0x80005058 (0x00008f55) c.or    a4, a3
core   0: 3 0x80005058 (0x8f55) x14 0x00000001
core   0: 0x8000505a (0x01e28933) add     s2, t0, t5
core   0: 3 0x8000505a (0x01e28933) x18 0xfd013b8c
core   0: 0x8000505e (0x34fe6393) ori     t2, t3, 847
core   0: 3 0x8000505e (0x34fe6393) x 7 0x0000034f
core   0: 0x80005062 (0x0000009d) c.addi  ra, 7
core   0: 3 0x80005062 (0x009d) x 1 0x00000007
core   0: 0x80005064 (0x0000836e) c.mv    t1, s11
core   0: 3 0x80005064 (0x836e) x 6 0x000002b4
core   0: 0x80005066 (0x0000831e) c.mv    t1, t2
core   0: 3 0x80005066 (0x831e) x 6 0x0000034f
core   0: 0x80005068 (0x0000717d) c.addi16sp sp, -16
core   0: 3 0x80005068 (0x717d) x 2 0xfffffff0
core   0: 0x8000506a (0x41ca0e33) sub     t3, s4, t3
core   0: 3 0x8000506a (0x41ca0e33) x28 0x00000000
core   0: 0x8000506e (0x0121b0b3) sltu    ra, gp, s2
core   0: 3 0x8000506e (0x0121b0b3) x 1 0x00000000
core   0: 0x80005072 (0xbb2c4613) xori    a2, s8, -1102
core   0: 3 0x80005072 (0xbb2c4613) x12 0x443eb459
core   0: 0x80005076 (0x033329b3) mulhsu  s3, t1, s3
core   0: 3 0x80005076 (0x033329b3) x19 0x00000130
core   0: 0x8000507a (0x037e4533) div     a0, t3, s7
core   0: 3 0x8000507a (0x037e4533) x10 0x00000000
core   0: 0x8000507e (0x0374f3b3) remu    t2, s1, s7
core   0: 3 0x8000507e (0x0374f3b3) x 7 0x20000000
core   0: 0x80005082 (0x50447e13) andi    t3, s0, 1284
core   0: 3 0x80005082 (0x50447e13) x28 0x00000000
core   0: 0x80005086 (0x000082dd) c.srli  a3, 23
core   0: 3 0x80005086 (0x82dd) x13 0x00000000
core   0: 0x80005088 (0x01e68fb3) add     t6, a3, t5
core   0: 3 0x80005088 (0x01e68fb3) x31 0x7d000000
core   0: 0x8000508c (0x02614133) div     sp, sp, t1
core   0: 3 0x8000508c (0x02614133) x 2 0x00000000
core   0: 0x80005090 (0x40f85d13) srai    s10, a6, 15
core   0: 3 0x80005090 (0x40f85d13) x26 0xffff0001
core   0: 0x80005094 (0x00008cad) c.xor   s1, a1
core   0: 3 0x80005094 (0x8cad) x 9 0xfa02e272
core   0: 0x80005096 (0x0000717d) c.addi16sp sp, -16
core   0: 3 0x80005096 (0x717d) x 2 0xfffffff0
core   0: 0x80005098 (0x41da08b3) sub     a7, s4, t4
core   0: 3 0x80005098 (0x41da08b3) x17 0x00000000
core   0: 0x8000509c (0x031cd7b3) divu    a5, s9, a7
core   0: 3 0x8000509c (0x031cd7b3) x15 0xffffffff
core   0: 0x800050a0 (0x00db5193) srli    gp, s6, 13
core   0: 3 0x800050a0 (0x00db5193) x 3 0x00000000
core   0: 0x800050a4 (0x000086ad) c.srai  a3, 11
core   0: 3 0x800050a4 (0x86ad) x13 0x00000000
core   0: 0x800050a6 (0x81a4f493) andi    s1, s1, -2022
core   0: 3 0x800050a6 (0x81a4f493) x 9 0xfa02e012
core   0: 0x800050aa (0x00000001) c.nop
core   0: 3 0x800050aa (0x0001)
core   0: 0x800050ac (0x40b6d8b3) sra     a7, a3, a1
core   0: 3 0x800050ac (0x40b6d8b3) x17 0x00000000
core   0: 0x800050b0 (0x00001d14) c.addi4spn a3, sp, 688
core   0: 3 0x800050b0 (0x1d14) x13 0x000002a0
core   0: 0x800050b2 (0x051c6e93) ori     t4, s8, 81
core   0: 3 0x800050b2 (0x051c6e93) x29 0xbbc14ffb
core   0: 0x800050b6 (0x000069d5) c.lui   s3, 0x15
core   0: 3 0x800050b6 (0x69d5) x19 0x00015000
core   0: 0x800050b8 (0x00006161) c.addi16sp sp, 80
core   0: 3 0x800050b8 (0x6161) x 2 0x00000040
core   0: 0x800050ba (0x00008d9d) c.sub   a1, a5
core   0: 3 0x800050ba (0x8d9d) x11 0xda02e273
core   0: 0x800050bc (0x462cff13) andi    t5, s9, 1122
core   0: 3 0x800050bc (0x462cff13) x30 0x00000000
core   0: 0x800050c0 (0x41975993) srai    s3, a4, 25
core   0: 3 0x800050c0 (0x41975993) x19 0x00000000
core   0: 0x800050c4 (0x03152433) mulhsu  s0, a0, a7
core   0: 3 0x800050c4 (0x03152433) x 8 0x00000000
core   0: 0x800050c8 (0xccac0313) addi    t1, s8, -822
core   0: 3 0x800050c8 (0xccac0313) x 6 0xbbc14cb5
core   0: 0x800050cc (0x000067c5) c.lui   a5, 0x11
core   0: 3 0x800050cc (0x67c5) x15 0x00011000
core   0: 0x800050ce (0x4047d713) srai    a4, a5, 4
core   0: 3 0x800050ce (0x4047d713) x14 0x00001100
core   0: 0x800050d2 (0x00008895) c.andi  s1, 5
core   0: 3 0x800050d2 (0x8895) x 9 0x00000000
core   0: 0x800050d4 (0x00664fb3) xor     t6, a2, t1
core   0: 3 0x800050d4 (0x00664fb3) x31 0xfffff8ec
core   0: 0x800050d8 (0x00000001) c.nop
core   0: 3 0x800050d8 (0x0001)
core   0: 0x800050da (0x8c82b313) sltiu   t1, t0, -1848
core   0: 3 0x800050da (0x8c82b313) x 6 0x00000001
core   0: 0x800050de (0x0000058c) c.addi4spn a1, sp, 704
core   0: 3 0x800050de (0x058c) x11 0x00000300
core   0: 0x800050e0 (0x00001ffd) c.addi  t6, -1
core   0: 3 0x800050e0 (0x1ffd) x31 0xfffff8eb
core   0: 0x800050e2 (0x01bdd9b3) srl     s3, s11, s11
core   0: 3 0x800050e2 (0x01bdd9b3) x19 0x00000000
core   0: 0x800050e6 (0x00008d99) c.sub   a1, a4
core   0: 3 0x800050e6 (0x8d99) x11 0xfffff200
core   0: 0x800050e8 (0x42e950b7) lui     ra, 0x42e95
core   0: 3 0x800050e8 (0x42e950b7) x 1 0x42e95000
core   0: 0x800050ec (0x008d1d33) sll     s10, s10, s0
core   0: 3 0x800050ec (0x008d1d33) x26 0xffff0001
core   0: 0x800050f0 (0x1a3ebc13) sltiu   s8, t4, 419
core   0: 3 0x800050f0 (0x1a3ebc13) x24 0x00000000
core   0: 0x800050f4 (0x03b222b3) mulhsu  t0, tp, s11
core   0: 3 0x800050f4 (0x03b222b3) x 5 0x00000103
core   0: 0x800050f8 (0x02a5dfb3) divu    t6, a1, a0
core   0: 3 0x800050f8 (0x02a5dfb3) x31 0xffffffff
core   0: 0x800050fc (0x032275b3) remu    a1, tp, s2
core   0: 3 0x800050fc (0x032275b3) x11 0x5fda0000
core   0: 0x80005100 (0x03eefdb3) remu    s11, t4, t5
core   0: 3 0x80005100 (0x03eefdb3) x27 0xbbc14ffb
core   0: 0x80005104 (0x016cd693) srli    a3, s9, 22
core   0: 3 0x80005104 (0x016cd693) x13 0x00000000
core   0: 0x80005108 (0x4180d193) srai    gp, ra, 24
core   0: 3 0x80005108 (0x4180d193) x 3 0x00000042
core   0: 0x8000510c (0x020ff433) remu    s0, t6, zero
core   0: 3 0x8000510c (0x020ff433) x 8 0xffffffff
core   0: 0x80005110 (0xb81d0893) addi    a7, s10, -1151
core   0: 3 0x80005110 (0xb81d0893) x17 0xfffefb82
core   0: 0x80005114 (0x03e8b533) mulhu   a0, a7, t5
core   0: 3 0x80005114 (0x03e8b533) x10 0x00000000
core   0: 0x80005118 (0x02eddeb3) divu    t4, s11, a4
core   0: 3 0x80005118 (0x02eddeb3) x29 0x000b0b5f
core   0: 0x8000511c (0x0204c3b7) lui     t2, 0x204c
core   0: 3 0x8000511c (0x0204c3b7) x 7 0x0204c000
core   0: 0x80005120 (0x012bd433) srl     s0, s7, s2
core   0: 3 0x80005120 (0x012bd433) x 8 0x00080013
core   0: 0x80005124 (0x000086f5) c.srai  a3, 29
core   0: 3 0x80005124 (0x86f5) x13 0x00000000
core   0: 0x80005126 (0x00008019) c.srli  s0, 6
core   0: 3 0x80005126 (0x8019) x 8 0x00002000
core   0: 0x80005128 (0xb1274613) xori    a2, a4, -1262
core   0: 3 0x80005128 (0xb1274613) x12 0xffffea12
core   0: 0x8000512c (0x40a7dc93) srai    s9, a5, 10
core   0: 3 0x8000512c (0x40a7dc93) x25 0x00000044
core   0: 0x80005130 (0x00f367b3) or      a5, t1, a5
core   0: 3 0x80005130 (0x00f367b3) x15 0x00011001
core   0: 0x80005134 (0x65768293) addi    t0, a3, 1623
core   0: 3 0x80005134 (0x65768293) x 5 0x00000657
core   0: 0x80005138 (0x00008ec1) c.or    a3, s0
core   0: 3 0x80005138 (0x8ec1) x13 0x00002000
core   0: 0x8000513a (0x63153013) sltiu   zero, a0, 1585
core   0: 3 0x8000513a (0x63153013)
core   0: 0x8000513e (0x03b2c333) div     t1, t0, s11
core   0: 3 0x8000513e (0x03b2c333) x 6 0x00000000
core   0: 0x80005142 (0x00008075) c.srli  s0, 29
core   0: 3 0x80005142 (0x8075) x 8 0x00000000
core   0: 0x80005144 (0x00008d5d) c.or    a0, a5
core   0: 3 0x80005144 (0x8d5d) x10 0x00011001
core   0: 0x80005146 (0x00000001) c.nop
core   0: 3 0x80005146 (0x0001)
core   0: 0x80005148 (0x01f28133) add     sp, t0, t6
core   0: 3 0x80005148 (0x01f28133) x 2 0x00000656
core   0: 0x8000514c (0x02f438b3) mulhu   a7, s0, a5
core   0: 3 0x8000514c (0x02f438b3) x17 0x00000000
core   0: 0x80005150 (0x00009d1e) c.add   s10, t2
core   0: 3 0x80005150 (0x9d1e) x26 0x0203c001
core   0: 0x80005152 (0x00006fb1) c.lui   t6, 0xc
core   0: 3 0x80005152 (0x6fb1) x31 0x0000c000
core   0: 0x80005154 (0x03fab033) mulhu   zero, s5, t6
core   0: 3 0x80005154 (0x03fab033)
core   0: 0x80005158 (0x01391c13) slli    s8, s2, 19
core   0: 3 0x80005158 (0x01391c13) x24 0xdc600000
core   0: 0x8000515c (0x4123d713) srai    a4, t2, 18
core   0: 3 0x8000515c (0x4123d713) x14 0x00000081
core   0: 0x80005160 (0xeefe6d13) ori     s10, t3, -273
core   0: 3 0x80005160 (0xeefe6d13) x26 0xfffffeef
core   0: 0x80005164 (0x98a7bc13) sltiu   s8, a5, -1654
core   0: 3 0x80005164 (0x98a7bc13) x24 0x00000001
core   0: 0x80005168 (0xf8fbfa37) lui     s4, 0xf8fbf
core   0: 3 0x80005168 (0xf8fbfa37) x20 0xf8fbf000
core   0: 0x8000516c (0x412e8433) sub     s0, t4, s2
core   0: 3 0x8000516c (0x412e8433) x 8 0x0309cfd3
core   0: 0x80005170 (0x000081fa) c.mv    gp, t5
core   0: 3 0x80005170 (0x81fa) x 3 0x00000000
core   0: 0x80005172 (0x000080a2) c.mv    ra, s0
core   0: 3 0x80005172 (0x80a2) x 1 0x0309cfd3
core   0: 0x80005174 (0x00000001) c.nop
core   0: 3 0x80005174 (0x0001)
core   0: 0x80005176 (0x02c692b3) mulh    t0, a3, a2
core   0: 3 0x80005176 (0x02c692b3) x 5 0xffffffff
core   0: 0x8000517a (0x000098fd) c.andi  s1, -1
core   0: 3 0x8000517a (0x98fd) x 9 0x00000000
core   0: 0x8000517c (0x1a203093) sltiu   ra, zero, 418
core   0: 3 0x8000517c (0x1a203093) x 1 0x00000001
core   0: 0x80005180 (0x00009bfd) c.andi  a5, -1
core   0: 3 0x80005180 (0x9bfd) x15 0x00011001
core   0: 0x80005182 (0xd1767337) lui     t1, 0xd1767
core   0: 3 0x80005182 (0xd1767337) x 6 0xd1767000
core   0: 0x80005186 (0x0000717d) c.addi16sp sp, -16
core   0: 3 0x80005186 (0x717d) x 2 0x00000646
core   0: 0x80005188 (0x0000717d) c.addi16sp sp, -16
core   0: 3 0x80005188 (0x717d) x 2 0x00000636
core   0: 0x8000518a (0x03e54033) div     zero, a0, t5
core   0: 3 0x8000518a (0x03e54033)
core   0: 0x8000518e (0x0145cf33) xor     t5, a1, s4
core   0: 3 0x8000518e (0x0145cf33) x30 0xa721f000
core   0: 0x80005192 (0x0000028e) c.slli  t0, 3
core   0: 3 0x80005192 (0x028e) x 5 0xfffffff8
core   0: 0x80005194 (0x407f0a33) sub     s4, t5, t2
core   0: 3 0x80005194 (0x407f0a33) x20 0xa51d3000
core   0: 0x80005198 (0x02ba07b3) mul     a5, s4, a1
core   0: 3 0x80005198 (0x02ba07b3) x15 0xe0000000
core   0: 0x8000519c (0x00001294) c.addi4spn a3, sp, 352
core   0: 3 0x8000519c (0x1294) x13 0x00000796
core   0: 0x8000519e (0xadd83113) sltiu   sp, a6, -1315
core   0: 3 0x8000519e (0xadd83113) x 2 0x00000001
core   0: 0x800051a2 (0x00000001) c.nop
core   0: 3 0x800051a2 (0x0001)
core   0: 0x800051a4 (0x01a87333) and     t1, a6, s10
core   0: 3 0x800051a4 (0x01a87333) x 6 0x8000fe64
core   0: 0x800051a8 (0x827a4193) xori    gp, s4, -2009
core   0: 3 0x800051a8 (0x827a4193) x 3 0x5ae2c827
core   0: 0x800051ac (0x01e71793) slli    a5, a4, 30
core   0: 3 0x800051ac (0x01e71793) x15 0x40000000
core   0: 0x800051b0 (0x017146b3) xor     a3, sp, s7
core   0: 3 0x800051b0 (0x017146b3) x13 0x80013ce5
core   0: 0x800051b4 (0x02375033) divu    zero, a4, gp
core   0: 3 0x800051b4 (0x02375033)
core   0: 0x800051b8 (0x00000001) c.nop
core   0: 3 0x800051b8 (0x0001)
core   0: 0x800051ba (0x4083d533) sra     a0, t2, s0
core   0: 3 0x800051ba (0x4083d533) x10 0x00000040
core   0: 0x800051be (0x00008c5d) c.or    s0, a5
core   0: 3 0x800051be (0x8c5d) x 8 0x4309cfd3
core   0: 0x800051c0 (0x00e25933) srl     s2, tp, a4
core   0: 3 0x800051c0 (0x00e25933) x18 0x2fed0000
core   0: 0x800051c4 (0x41995633) sra     a2, s2, s9
core   0: 3 0x800051c4 (0x41995633) x12 0x02fed000
core   0: 0x800051c8 (0x01fea0b3) slt     ra, t4, t6
core   0: 3 0x800051c8 (0x01fea0b3) x 1 0x00000000
core   0: 0x800051cc (0x11ab0a13) addi    s4, s6, 282
core   0: 3 0x800051cc (0x11ab0a13) x20 0x00000128
core   0: 0x800051d0 (0x00000eb9) c.addi  t4, 14
core   0: 3 0x800051d0 (0x0eb9) x29 0x000b0b6d
core   0: 0x800051d2 (0x00000001) c.nop
core   0: 3 0x800051d2 (0x0001)
core   0: 0x800051d4 (0x0000160c) c.addi4spn a1, sp, 800
core   0: 3 0x800051d4 (0x160c) x11 0x00000321
core   0: 0x800051d6 (0x40755a13) srai    s4, a0, 7
core   0: 3 0x800051d6 (0x40755a13) x20 0x00000000
core   0: 0x800051da (0x854a2d17) auipc   s10, 0x854a2
core   0: 3 0x800051da (0x854a2d17) x26 0x054a71da
core   0: 0x800051de (0x00004381) c.li    t2, 0
core   0: 3 0x800051de (0x4381) x 7 0x00000000
core   0: 0x800051e0 (0x0000930e) c.add   t1, gp
core   0: 3 0x800051e0 (0x930e) x 6 0xdae3c68b
core   0: 0x800051e2 (0x00851e93) slli    t4, a0, 8
core   0: 3 0x800051e2 (0x00851e93) x29 0x00004000
core   0: 0x800051e6 (0x02f131b3) mulhu   gp, sp, a5
core   0: 3 0x800051e6 (0x02f131b3) x 3 0x00000000
core   0: 0x800051ea (0x000080e9) c.srli  s1, 26
core   0: 3 0x800051ea (0x80e9) x 9 0x00000000
core   0: 0x800051ec (0x4020d193) srai    gp, ra, 2
core   0: 3 0x800051ec (0x4020d193) x 3 0x00000000
core   0: 0x800051f0 (0xbd974f13) xori    t5, a4, -1063
core   0: 3 0x800051f0 (0xbd974f13) x30 0xfffffb58
core   0: 0x800051f4 (0x025d0f33) mul     t5, s10, t0
core   0: 3 0x800051f4 (0x025d0f33) x30 0xd5ac7130
core   0: 0x800051f8 (0x00006141) c.addi16sp sp, 16
core   0: 3 0x800051f8 (0x6141) x 2 0x00000011
core   0: 0x800051fa (0x0e34f413) andi    s0, s1, 227
core   0: 3 0x800051fa (0x0e34f413) x 8 0x00000000
core   0: 0x800051fe (0x6ffb8713) addi    a4, s7, 1791
core   0: 3 0x800051fe (0x6ffb8713) x14 0x800143e3
core   0: 0x80005202 (0xe4603a13) sltiu   s4, zero, -442
core   0: 3 0x80005202 (0xe4603a13) x20 0x00000001
core   0: 0x80005206 (0x00008e65) c.and   a2, s1
core   0: 3 0x80005206 (0x8e65) x12 0x00000000
core   0: 0x80005208 (0x41b60eb3) sub     t4, a2, s11
core   0: 3 0x80005208 (0x41b60eb3) x29 0x443eb005
core   0: 0x8000520c (0x3084b893) sltiu   a7, s1, 776
core   0: 3 0x8000520c (0x3084b893) x17 0x00000001
core   0: 0x80005210 (0x01ebf533) and     a0, s7, t5
core   0: 3 0x80005210 (0x01ebf533) x10 0x80003020
core   0: 0x80005214 (0x404c5933) sra     s2, s8, tp
core   0: 3 0x80005214 (0x404c5933) x18 0x00000001
core   0: 0x80005218 (0x037c24b3) mulhsu  s1, s8, s7
core   0: 3 0x80005218 (0x037c24b3) x 9 0x00000000
core   0: 0x8000521c (0x006e2033) slt     zero, t3, t1
core   0: 3 0x8000521c (0x006e2033)
core   0: 0x80005220 (0x00009bfd) c.andi  a5, -1
core   0: 3 0x80005220 (0x9bfd) x15 0x40000000
core   0: 0x80005222 (0x031d52b3) divu    t0, s10, a7
core   0: 3 0x80005222 (0x031d52b3) x 5 0x054a71da
core   0: 0x80005226 (0x00009afd) c.andi  a3, -1
core   0: 3 0x80005226 (0x9afd) x13 0x80013ce5
core   0: 0x80005228 (0x00000499) c.addi  s1, 6
core   0: 3 0x80005228 (0x0499) x 9 0x00000006
core   0: 0x8000522a (0x00008515) c.srai  a0, 5
core   0: 3 0x8000522a (0x8515) x10 0xfc000181
core   0: 0x8000522c (0x0254c3b3) div     t2, s1, t0
core   0: 3 0x8000522c (0x0254c3b3) x 7 0x00000000
core   0: 0x80005230 (0x000086fd) c.srai  a3, 31
core   0: 3 0x80005230 (0x86fd) x13 0xffffffff
core   0: 0x80005232 (0x72347c93) andi    s9, s0, 1827
core   0: 3 0x80005232 (0x72347c93) x25 0x00000000
core   0: 0x80005236 (0xa2d968b7) lui     a7, 0xa2d96
core   0: 3 0x80005236 (0xa2d968b7) x17 0xa2d96000
core   0: 0x8000523a (0x00008d35) c.xor   a0, a3
core   0: 3 0x8000523a (0x8d35) x10 0x03fffe7e
core   0: 0x8000523c (0x008202b3) add     t0, tp, s0
core   0: 3 0x8000523c (0x008202b3) x 5 0x5fda0000
core   0: 0x80005240 (0x67d4b737) lui     a4, 0x67d4b
core   0: 3 0x80005240 (0x67d4b737) x14 0x67d4b000
core   0: 0x80005244 (0x00b472b3) and     t0, s0, a1
core   0: 3 0x80005244 (0x00b472b3) x 5 0x00000000
core   0: 0x80005248 (0x00008e09) c.sub   a2, a0
core   0: 3 0x80005248 (0x8e09) x12 0xfc000182
core   0: 0x8000524a (0x000009a9) c.addi  s3, 10
core   0: 3 0x8000524a (0x09a9) x19 0x0000000a
core   0: 0x8000524c (0x41885f93) srai    t6, a6, 24
core   0: 3 0x8000524c (0x41885f93) x31 0xffffff80
core   0: 0x80005250 (0x00c45393) srli    t2, s0, 12
core   0: 3 0x80005250 (0x00c45393) x 7 0x00000000
core   0: 0x80005254 (0x00000001) c.nop
core   0: 3 0x80005254 (0x0001)
core   0: 0x80005256 (0x03614033) div     zero, sp, s6
core   0: 3 0x80005256 (0x03614033)
core   0: 0x8000525a (0x0101d8b3) srl     a7, gp, a6
core   0: 3 0x8000525a (0x0101d8b3) x17 0x00000000
core   0: 0x8000525e (0x00008ae9) c.andi  a3, 26
core   0: 3 0x8000525e (0x8ae9) x13 0x0000001a
core   0: 0x80005260 (0x00000fee) c.slli  t6, 27
core   0: 3 0x80005260 (0x0fee) x31 0x00000000
core   0: 0x80005262 (0x00006325) c.lui   t1, 0x9
core   0: 3 0x80005262 (0x6325) x 6 0x00009000
core   0: 0x80005264 (0x03c919b3) mulh    s3, s2, t3
core   0: 3 0x80005264 (0x03c919b3) x19 0x00000000
core   0: 0x80005268 (0x00c06eb3) or      t4, zero, a2
core   0: 3 0x80005268 (0x00c06eb3) x29 0xfc000182
core   0: 0x8000526c (0x01718233) add     tp, gp, s7
core   0: 3 0x8000526c (0x01718233) x 4 0x80013ce4
core   0: 0x80005270 (0x464b5c17) auipc   s8, 0x464b5
core   0: 3 0x80005270 (0x464b5c17) x24 0xc64ba270
core   0: 0x80005274 (0x029fecb3) rem     s9, t6, s1
core   0: 3 0x80005274 (0x029fecb3) x25 0x00000000
core   0: 0x80005278 (0x853ce913) ori     s2, s9, -1965
core   0: 3 0x80005278 (0x853ce913) x18 0xfffff853
core   0: 0x8000527c (0x00008ed1) c.or    a3, a2
core   0: 3 0x8000527c (0x8ed1) x13 0xfc00019a
core   0: 0x8000527e (0xcbef8f93) addi    t6, t6, -834
core   0: 3 0x8000527e (0xcbef8f93) x31 0xfffffcbe
core   0: 0x80005282 (0x007ae2b3) or      t0, s5, t2
core   0: 3 0x80005282 (0x007ae2b3) x 5 0x00000000
core   0: 0x80005286 (0xd75f6c13) ori     s8, t5, -651
core   0: 3 0x80005286 (0xd75f6c13) x24 0xfffffd75
core   0: 0x8000528a (0x00008d69) c.and   a0, a0
core   0: 3 0x8000528a (0x8d69) x10 0x03fffe7e
core   0: 0x8000528c (0x99df2a13) slti    s4, t5, -1635
core   0: 3 0x8000528c (0x99df2a13) x20 0x00000001
core   0: 0x80005290 (0x03c26f33) rem     t5, tp, t3
core   0: 3 0x80005290 (0x03c26f33) x30 0x80013ce4
core   0: 0x80005294 (0x00d52f33) slt     t5, a0, a3
core   0: 3 0x80005294 (0x00d52f33) x30 0x00000000
core   0: 0x80005298 (0x031139b3) mulhu   s3, sp, a7
core   0: 3 0x80005298 (0x031139b3) x19 0x00000000
core   0: 0x8000529c (0x0115df93) srli    t6, a1, 17
core   0: 3 0x8000529c (0x0115df93) x31 0x00000000
core   0: 0x800052a0 (0x00c7fc33) and     s8, a5, a2
core   0: 3 0x800052a0 (0x00c7fc33) x24 0x40000000
core   0: 0x800052a4 (0x00000001) c.nop
core   0: 3 0x800052a4 (0x0001)
core   0: 0x800052a6 (0x0000717d) c.addi16sp sp, -16
core   0: 3 0x800052a6 (0x717d) x 2 0x00000001
core   0: 0x800052a8 (0x00008212) c.mv    tp, tp
core   0: 3 0x800052a8 (0x8212) x 4 0x80013ce4
core   0: 0x800052aa (0xda15b7b7) lui     a5, 0xda15b
core   0: 3 0x800052aa (0xda15b7b7) x15 0xda15b000
core   0: 0x800052ae (0x000091d6) c.add   gp, s5
core   0: 3 0x800052ae (0x91d6) x 3 0x00000000
core   0: 0x800052b0 (0x00008ef1) c.and   a3, a2
core   0: 3 0x800052b0 (0x8ef1) x13 0xfc000182
core   0: 0x800052b2 (0x01ac14b3) sll     s1, s8, s10
core   0: 3 0x800052b2 (0x01ac14b3) x 9 0x00000000
core   0: 0x800052b6 (0x01553033) sltu    zero, a0, s5
core   0: 3 0x800052b6 (0x01553033)
core   0: 0x800052ba (0x00001c10) c.addi4spn a2, sp, 560
core   0: 3 0x800052ba (0x1c10) x12 0x00000231
core   0: 0x800052bc (0x0000147d) c.addi  s0, -1
core   0: 3 0x800052bc (0x147d) x 8 0xffffffff
core   0: 0x800052be (0x0000547d) c.li    s0, -1
core   0: 3 0x800052be (0x547d) x 8 0xffffffff
core   0: 0x800052c0 (0x00461a93) slli    s5, a2, 4
core   0: 3 0x800052c0 (0x00461a93) x21 0x00002310
core   0: 0x800052c4 (0x00611493) slli    s1, sp, 6
core   0: 3 0x800052c4 (0x00611493) x 9 0x00000040
core   0: 0x800052c8 (0x0157af33) slt     t5, a5, s5
core   0: 3 0x800052c8 (0x0157af33) x30 0x00000001
core   0: 0x800052cc (0x0091f333) and     t1, gp, s1
core   0: 3 0x800052cc (0x0091f333) x 6 0x00000000
core   0: 0x800052d0 (0x0000819d) c.srli  a1, 7
core   0: 3 0x800052d0 (0x819d) x11 0x00000006
core   0: 0x800052d2 (0x00008df5) c.and   a1, a3
core   0: 3 0x800052d2 (0x8df5) x11 0x00000002
core   0: 0x800052d4 (0x033432b3) mulhu   t0, s0, s3
core   0: 3 0x800052d4 (0x033432b3) x 5 0x00000000
core   0: 0x800052d8 (0x03c047b3) div     a5, zero, t3
core   0: 3 0x800052d8 (0x03c047b3) x15 0xffffffff
core   0: 0x800052dc (0x02607613) andi    a2, zero, 38
core   0: 3 0x800052dc (0x02607613) x12 0x00000000
core   0: 0x800052e0 (0x72214413) xori    s0, sp, 1826
core   0: 3 0x800052e0 (0x72214413) x 8 0x00000723
core   0: 0x800052e4 (0x022bde33) divu    t3, s7, sp
core   0: 3 0x800052e4 (0x022bde33) x28 0x80013ce4
core   0: 0x800052e8 (0x00008eb9) c.xor   a3, a4
core   0: 3 0x800052e8 (0x8eb9) x13 0x9bd4b182
core   0: 0x800052ea (0x00008c19) c.sub   s0, a4
core   0: 3 0x800052ea (0x8c19) x 8 0x982b5723
core   0: 0x800052ec (0x00bfd993) srli    s3, t6, 11
core   0: 3 0x800052ec (0x00bfd993) x19 0x00000000
core   0: 0x800052f0 (0x4125d093) srai    ra, a1, 18
core   0: 3 0x800052f0 (0x4125d093) x 1 0x00000000
core   0: 0x800052f4 (0x0399df33) divu    t5, s3, s9
core   0: 3 0x800052f4 (0x0399df33) x30 0xffffffff
core   0: 0x800052f8 (0x00000e18) c.addi4spn a4, sp, 784
core   0: 3 0x800052f8 (0x0e18) x14 0x00000311
core   0: 0x800052fa (0x03e0c0b3) div     ra, ra, t5
core   0: 3 0x800052fa (0x03e0c0b3) x 1 0x00000000
core   0: 0x800052fe (0x0000997d) c.andi  a0, -1
core   0: 3 0x800052fe (0x997d) x10 0x03fffe7e
core   0: 0x80005300 (0x000013fd) c.addi  t2, -1
core   0: 3 0x80005300 (0x13fd) x 7 0xffffffff
core   0: 0x80005302 (0x00000001) c.nop
core   0: 3 0x80005302 (0x0001)
core   0: 0x80005304 (0x02442933) mulhsu  s2, s0, tp
core   0: 3 0x80005304 (0x02442933) x18 0xcc152b0a
core   0: 0x80005308 (0x00008621) c.srai  a2, 8
core   0: 3 0x80005308 (0x8621) x12 0x00000000
core   0: 0x8000530a (0x0182e0b3) or      ra, t0, s8
core   0: 3 0x8000530a (0x0182e0b3) x 1 0x40000000
core   0: 0x8000530e (0x02dc9f33) mulh    t5, s9, a3
core   0: 3 0x8000530e (0x02dc9f33) x30 0x00000000
core   0: 0x80005312 (0x40df5a13) srai    s4, t5, 13
core   0: 3 0x80005312 (0x40df5a13) x20 0x00000000
core   0: 0x80005316 (0x000000fd) c.addi  ra, 31
core   0: 3 0x80005316 (0x00fd) x 1 0x4000001f
core   0: 0x80005318 (0x0000692d) c.lui   s2, 0xb
core   0: 3 0x80005318 (0x692d) x18 0x0000b000
core   0: 0x8000531a (0x40d4de33) sra     t3, s1, a3
core   0: 3 0x8000531a (0x40d4de33) x28 0x00000010
core   0: 0x8000531e (0x02a9d4b3) divu    s1, s3, a0
core   0: 3 0x8000531e (0x02a9d4b3) x 9 0x00000000
core   0: 0x80005322 (0x03d1e033) rem     zero, gp, t4
core   0: 3 0x80005322 (0x03d1e033)
core   0: 0x80005326 (0x03a29633) mulh    a2, t0, s10
core   0: 3 0x80005326 (0x03a29633) x12 0x00000000
core   0: 0x8000532a (0x408f0a33) sub     s4, t5, s0
core   0: 3 0x8000532a (0x408f0a33) x20 0x67d4a8dd
core   0: 0x8000532e (0x40cfda13) srai    s4, t6, 12
core   0: 3 0x8000532e (0x40cfda13) x20 0x00000000
core   0: 0x80005332 (0x00005afd) c.li    s5, -1
core   0: 3 0x80005332 (0x5afd) x21 0xffffffff
core   0: 0x80005334 (0x7f8b6213) ori     tp, s6, 2040
core   0: 3 0x80005334 (0x7f8b6213) x 4 0x000007fe
core   0: 0x80005338 (0x000081bd) c.srli  a1, 15
core   0: 3 0x80005338 (0x81bd) x11 0x00000000
core   0: 0x8000533a (0x3d626313) ori     t1, tp, 982
core   0: 3 0x8000533a (0x3d626313) x 6 0x000007fe
core   0: 0x8000533e (0x0000853a) c.mv    a0, a4
core   0: 3 0x8000533e (0x853a) x10 0x00000311
core   0: 0x80005340 (0x40655713) srai    a4, a0, 6
core   0: 3 0x80005340 (0x40655713) x14 0x0000000c
core   0: 0x80005344 (0x037fa6b3) mulhsu  a3, t6, s7
core   0: 3 0x80005344 (0x037fa6b3) x13 0x00000000
core   0: 0x80005348 (0x000048c5) c.li    a7, 17
core   0: 3 0x80005348 (0x48c5) x17 0x00000011
core   0: 0x8000534a (0x411bdf33) sra     t5, s7, a7
core   0: 3 0x8000534a (0x411bdf33) x30 0xffffc000
core   0: 0x8000534e (0x000080dd) c.srli  s1, 23
core   0: 3 0x8000534e (0x80dd) x 9 0x00000000
core   0: 0x80005350 (0x0f188a93) addi    s5, a7, 241
core   0: 3 0x80005350 (0x0f188a93) x21 0x00000102
core   0: 0x80005354 (0x00006a9d) c.lui   s5, 0x7
core   0: 3 0x80005354 (0x6a9d) x21 0x00007000
core   0: 0x80005356 (0xaa382493) slti    s1, a6, -1373
core   0: 3 0x80005356 (0xaa382493) x 9 0x00000001
core   0: 0x8000535a (0x0000448d) c.li    s1, 3
core   0: 3 0x8000535a (0x448d) x 9 0x00000003
core   0: 0x8000535c (0x00008125) c.srli  a0, 9
core   0: 3 0x8000535c (0x8125) x10 0x00000001
core   0: 0x8000535e (0x00001310) c.addi4spn a2, sp, 416
core   0: 3 0x8000535e (0x1310) x12 0x000001a1
core   0: 0x80005360 (0x00d76333) or      t1, a4, a3
core   0: 3 0x80005360 (0x00d76333) x 6 0x0000000c
core   0: 0x80005364 (0x000098fd) c.andi  s1, -1
core   0: 3 0x80005364 (0x98fd) x 9 0x00000003
core   0: 0x80005366 (0x0000694d) c.lui   s2, 0x13
core   0: 3 0x80005366 (0x694d) x18 0x00013000
core   0: 0x80005368 (0x461c8193) addi    gp, s9, 1121
core   0: 3 0x80005368 (0x461c8193) x 3 0x00000461
core   0: 0x8000536c (0x031ff133) remu    sp, t6, a7
core   0: 3 0x8000536c (0x031ff133) x 2 0x00000000
core   0: 0x80005370 (0x02203ab3) mulhu   s5, zero, sp
core   0: 3 0x80005370 (0x02203ab3) x21 0x00000000
core   0: 0x80005374 (0x0000812d) c.srli  a0, 11
core   0: 3 0x80005374 (0x812d) x10 0x00000000
core   0: 0x80005376 (0x010d7e33) and     t3, s10, a6
core   0: 3 0x80005376 (0x010d7e33) x28 0x00007040
core   0: 0x8000537a (0x030eff33) remu    t5, t4, a6
core   0: 3 0x8000537a (0x030eff33) x30 0x7bff031e
core   0: 0x8000537e (0x000082ad) c.srli  a3, 11
core   0: 3 0x8000537e (0x82ad) x13 0x00000000
core   0: 0x80005380 (0x89c98c13) addi    s8, s3, -1892
core   0: 3 0x80005380 (0x89c98c13) x24 0xfffff89c
core   0: 0x80005384 (0x03e5aab3) mulhsu  s5, a1, t5
core   0: 3 0x80005384 (0x03e5aab3) x21 0x00000000
core   0: 0x80005388 (0x001883b3) add     t2, a7, ra
core   0: 3 0x80005388 (0x001883b3) x 7 0x40000030
core   0: 0x8000538c (0x000087b6) c.mv    a5, a3
core   0: 3 0x8000538c (0x87b6) x15 0x00000000
core   0: 0x8000538e (0x000015fd) c.addi  a1, -1
core   0: 3 0x8000538e (0x15fd) x11 0xffffffff
core   0: 0x80005390 (0x40f70033) sub     zero, a4, a5
core   0: 3 0x80005390 (0x40f70033)
core   0: 0x80005394 (0x7261a313) slti    t1, gp, 1830
core   0: 3 0x80005394 (0x7261a313) x 6 0x00000001
core   0: 0x80005398 (0x00008e5d) c.or    a2, a5
core   0: 3 0x80005398 (0x8e5d) x12 0x000001a1
core   0: 0x8000539a (0x06aa6213) ori     tp, s4, 106
core   0: 3 0x8000539a (0x06aa6213) x 4 0x0000006a
core   0: 0x8000539e (0x01631193) slli    gp, t1, 22
core   0: 3 0x8000539e (0x01631193) x 3 0x00400000
core   0: 0x800053a2 (0x00008f2d) c.xor   a4, a1
core   0: 3 0x800053a2 (0x8f2d) x14 0xfffffff3
core   0: 0x800053a4 (0x01acc0b3) xor     ra, s9, s10
core   0: 3 0x800053a4 (0x01acc0b3) x 1 0x054a71da
core   0: 0x800053a8 (0x000080d5) c.srli  s1, 21
core   0: 3 0x800053a8 (0x80d5) x 9 0x00000000
core   0: 0x800053aa (0x000098f6) c.add   a7, t4
core   0: 3 0x800053aa (0x98f6) x17 0xfc000193
core   0: 0x800053ac (0x002e36b3) sltu    a3, t3, sp
core   0: 3 0x800053ac (0x002e36b3) x13 0x00000000
core   0: 0x800053b0 (0xdd0ef793) andi    a5, t4, -560
core   0: 3 0x800053b0 (0xdd0ef793) x15 0xfc000180
core   0: 0x800053b4 (0x00008ebd) c.xor   a3, a5
core   0: 3 0x800053b4 (0x8ebd) x13 0xfc000180
core   0: 0x800053b6 (0x00db91b3) sll     gp, s7, a3
core   0: 3 0x800053b6 (0x00db91b3) x 3 0x80013ce4
core   0: 0x800053ba (0x00008f81) c.sub   a5, s0
core   0: 3 0x800053ba (0x8f81) x15 0x63d4aa5d
core   0: 0x800053bc (0x00000001) c.nop
core   0: 3 0x800053bc (0x0001)
core   0: 0x800053be (0x00001c0c) c.addi4spn a1, sp, 560
core   0: 3 0x800053be (0x1c0c) x11 0x00000230
core   0: 0x800053c0 (0x023487b3) mul     a5, s1, gp
core   0: 3 0x800053c0 (0x023487b3) x15 0x00000000
core   0: 0x800053c4 (0x00008e11) c.sub   a2, a2
core   0: 3 0x800053c4 (0x8e11) x12 0x00000000
core   0: 0x800053c6 (0x024b14b3) mulh    s1, s6, tp
core   0: 3 0x800053c6 (0x024b14b3) x 9 0x00000000
core   0: 0x800053ca (0x00000001) c.nop
core   0: 3 0x800053ca (0x0001)
core   0: 0x800053cc (0x0137d033) srl     zero, a5, s3
core   0: 3 0x800053cc (0x0137d033)
core   0: 0x800053d0 (0xba6fa013) slti    zero, t6, -1114
core   0: 3 0x800053d0 (0xba6fa013)
core   0: 0x800053d4 (0x00008f89) c.sub   a5, a0
core   0: 3 0x800053d4 (0x8f89) x15 0x00000000
core   0: 0x800053d6 (0x000081e1) c.srli  a1, 24
core   0: 3 0x800053d6 (0x81e1) x11 0x00000000
core   0: 0x800053d8 (0x038623b3) mulhsu  t2, a2, s8
core   0: 3 0x800053d8 (0x038623b3) x 7 0x00000000
core   0: 0x800053dc (0x0275feb3) remu    t4, a1, t2
core   0: 3 0x800053dc (0x0275feb3) x29 0x00000000
core   0: 0x800053e0 (0x00001384) c.addi4spn s1, sp, 480
core   0: 3 0x800053e0 (0x1384) x 9 0x000001e0
core   0: 0x800053e2 (0x02357ab3) remu    s5, a0, gp
core   0: 3 0x800053e2 (0x02357ab3) x21 0x00000000
core   0: 0x800053e6 (0x00008fa2) c.mv    t6, s0
core   0: 3 0x800053e6 (0x8fa2) x31 0x982b5723
core   0: 0x800053e8 (0x00009afd) c.andi  a3, -1
core   0: 3 0x800053e8 (0x9afd) x13 0xfc000180
core   0: 0x800053ea (0xbcc98113) addi    sp, s3, -1076
core   0: 3 0x800053ea (0xbcc98113) x 2 0xfffffbcc
core   0: 0x800053ee (0xae7b3013) sltiu   zero, s6, -1305
core   0: 3 0x800053ee (0xae7b3013)
core   0: 0x800053f2 (0x00008285) c.srli  a3, 1
core   0: 3 0x800053f2 (0x8285) x13 0x7e0000c0
core   0: 0x800053f4 (0x031f8eb3) mul     t4, t6, a7
core   0: 3 0x800053f4 (0x031f8eb3) x29 0x003a2c19
core   0: 0x800053f8 (0x00d65793) srli    a5, a2, 13
core   0: 3 0x800053f8 (0x00d65793) x15 0x00000000
core   0: 0x800053fc (0x01f10a33) add     s4, sp, t6
core   0: 3 0x800053fc (0x01f10a33) x20 0x982b52ef
core   0: 0x80005400 (0x00008e65) c.and   a2, s1
core   0: 3 0x80005400 (0x8e65) x12 0x00000000
core   0: 0x80005402 (0x02117d33) remu    s10, sp, ra
core   0: 3 0x80005402 (0x02117d33) x26 0x020aa2ec
core   0: 0x80005406 (0x0ba4e593) ori     a1, s1, 186
core   0: 3 0x80005406 (0x0ba4e593) x11 0x000001fa
core   0: 0x8000540a (0x40175113) srai    sp, a4, 1
core   0: 3 0x8000540a (0x40175113) x 2 0xfffffff9
core   0: 0x8000540e (0x006bde93) srli    t4, s7, 6
core   0: 3 0x8000540e (0x006bde93) x29 0x020004f3
core   0: 0x80005412 (0x01b9a0b3) slt     ra, s3, s11
core   0: 3 0x80005412 (0x01b9a0b3) x 1 0x00000000
core   0: 0x80005416 (0x001a52b3) srl     t0, s4, ra
core   0: 3 0x80005416 (0x001a52b3) x 5 0x982b52ef
core   0: 0x8000541a (0x40795933) sra     s2, s2, t2
core   0: 3 0x8000541a (0x40795933) x18 0x00013000
core   0: 0x8000541e (0x018c1613) slli    a2, s8, 24
core   0: 3 0x8000541e (0x018c1613) x12 0x9c000000
core   0: 0x80005422 (0x86bc5797) auipc   a5, 0x86bc5
core   0: 3 0x80005422 (0x86bc5797) x15 0x06bca422
core   0: 0x80005426 (0x00bf7e33) and     t3, t5, a1
core   0: 3 0x80005426 (0x00bf7e33) x28 0x0000011a
core   0: 0x8000542a (0x02a6d5b3) divu    a1, a3, a0
core   0: 3 0x8000542a (0x02a6d5b3) x11 0xffffffff
core   0: 0x8000542e (0x00008631) c.srai  a2, 12
core   0: 3 0x8000542e (0x8631) x12 0xfff9c000
core   0: 0x80005430 (0x9e213893) sltiu   a7, sp, -1566
core   0: 3 0x80005430 (0x9e213893) x17 0x00000000
core   0: 0x80005434 (0x00f34eb3) xor     t4, t1, a5
core   0: 3 0x80005434 (0x00f34eb3) x29 0x06bca423
core   0: 0x80005438 (0x007fa233) slt     tp, t6, t2
core   0: 3 0x80005438 (0x007fa233) x 4 0x00000001
core   0: 0x8000543c (0x034bf6b3) remu    a3, s7, s4
core   0: 3 0x8000543c (0x034bf6b3) x13 0x80013ce4
core   0: 0x80005440 (0x023f6cb3) rem     s9, t5, gp
core   0: 3 0x80005440 (0x023f6cb3) x25 0x7bff031e
core   0: 0x80005444 (0x014f9133) sll     sp, t6, s4
core   0: 3 0x80005444 (0x014f9133) x 2 0xab918000
core   0: 0x80005448 (0x0000048a) c.slli  s1, 2
core   0: 3 0x80005448 (0x048a) x 9 0x00000780
core   0: 0x8000544a (0x0164f933) and     s2, s1, s6
core   0: 3 0x8000544a (0x0164f933) x18 0x00000000
core   0: 0x8000544e (0x00ca17b3) sll     a5, s4, a2
core   0: 3 0x8000544e (0x00ca17b3) x15 0x982b52ef
core   0: 0x80005452 (0xa90b9fb7) lui     t6, 0xa90b9
core   0: 3 0x80005452 (0xa90b9fb7) x31 0xa90b9000
core   0: 0x80005456 (0x0334e3b3) rem     t2, s1, s3
core   0: 3 0x80005456 (0x0334e3b3) x 7 0x00000780
core   0: 0x8000545a (0x03a95733) divu    a4, s2, s10
core   0: 3 0x8000545a (0x03a95733) x14 0x00000000
core   0: 0x8000545e (0x007ed413) srli    s0, t4, 7
core   0: 3 0x8000545e (0x007ed413) x 8 0x000d7948
core   0: 0x80005462 (0x0078bc33) sltu    s8, a7, t2
core   0: 3 0x80005462 (0x0078bc33) x24 0x00000001
core   0: 0x80005466 (0x03507933) remu    s2, zero, s5
core   0: 3 0x80005466 (0x03507933) x18 0x00000000
core   0: 0x8000546a (0x01f7dab3) srl     s5, a5, t6
core   0: 3 0x8000546a (0x01f7dab3) x21 0x982b52ef
core   0: 0x8000546e (0x00000001) c.nop
core   0: 3 0x8000546e (0x0001)
core   0: 0x80005470 (0xfb798693) addi    a3, s3, -73
core   0: 3 0x80005470 (0xfb798693) x13 0xffffffb7
core   0: 0x80005474 (0x00a61993) slli    s3, a2, 10
core   0: 3 0x80005474 (0x00a61993) x19 0xe7000000
core   0: 0x80005478 (0x00008cdd) c.or    s1, a5
core   0: 3 0x80005478 (0x8cdd) x 9 0x982b57ef
core   0: 0x8000547a (0x0000099c) c.addi4spn a5, sp, 208
core   0: 3 0x8000547a (0x099c) x15 0xab9180d0
core   0: 0x8000547c (0x00005afd) c.li    s5, -1
core   0: 3 0x8000547c (0x5afd) x21 0xffffffff
core   0: 0x8000547e (0x856828b7) lui     a7, 0x85682
core   0: 3 0x8000547e (0x856828b7) x17 0x85682000
core   0: 0x80005482 (0x40728db3) sub     s11, t0, t2
core   0: 3 0x80005482 (0x40728db3) x27 0x982b4b6f
core   0: 0x80005486 (0x712a4d13) xori    s10, s4, 1810
core   0: 3 0x80005486 (0x712a4d13) x26 0x982b55fd
core   0: 0x8000548a (0x00000001) c.nop
core   0: 3 0x8000548a (0x0001)
core   0: 0x8000548c (0x0032d013) srli    zero, t0, 3
core   0: 3 0x8000548c (0x0032d013)
core   0: 0x80005490 (0x00537033) and     zero, t1, t0
core   0: 3 0x80005490 (0x00537033)
core   0: 0x80005494 (0x0020a133) slt     sp, ra, sp
core   0: 3 0x80005494 (0x0020a133) x 2 0x00000000
core   0: 0x80005498 (0x4154dcb3) sra     s9, s1, s5
core   0: 3 0x80005498 (0x4154dcb3) x25 0xffffffff
core   0: 0x8000549c (0x0336dfb3) divu    t6, a3, s3
core   0: 3 0x8000549c (0x0336dfb3) x31 0x00000001
core   0: 0x800054a0 (0x01ab0a33) add     s4, s6, s10
core   0: 3 0x800054a0 (0x01ab0a33) x20 0x982b560b
core   0: 0x800054a4 (0xbc6a7d93) andi    s11, s4, -1082
core   0: 3 0x800054a4 (0xbc6a7d93) x27 0x982b5202
core   0: 0x800054a8 (0xfd8ab913) sltiu   s2, s5, -40
core   0: 3 0x800054a8 (0xfd8ab913) x18 0x00000000
core   0: 0x800054ac (0x02104633) div     a2, zero, ra
core   0: 3 0x800054ac (0x02104633) x12 0xffffffff
core   0: 0x800054b0 (0x03da94b3) mulh    s1, s5, t4
core   0: 3 0x800054b0 (0x03da94b3) x 9 0xffffffff
core   0: 0x800054b4 (0x0000717d) c.addi16sp sp, -16
core   0: 3 0x800054b4 (0x717d) x 2 0xfffffff0
core   0: 0x800054b6 (0x00008c5d) c.or    s0, a5
core   0: 3 0x800054b6 (0x8c5d) x 8 0xab9df9d8
core   0: 0x800054b8 (0xe6058a13) addi    s4, a1, -416
core   0: 3 0x800054b8 (0xe6058a13) x20 0xfffffe5f
core   0: 0x800054bc (0x0048e333) or      t1, a7, tp
core   0: 3 0x800054bc (0x0048e333) x 6 0x85682001
core   0: 0x800054c0 (0x0000717d) c.addi16sp sp, -16
core   0: 3 0x800054c0 (0x717d) x 2 0xffffffe0
core   0: 0x800054c2 (0x00001c7d) c.addi  s8, -1
core   0: 3 0x800054c2 (0x1c7d) x24 0x00000000
core   0: 0x800054c4 (0x00008561) c.srai  a0, 24
core   0: 3 0x800054c4 (0x8561) x10 0x00000000
core   0: 0x800054c6 (0x00008c45) c.or    s0, s1
core   0: 3 0x800054c6 (0x8c45) x 8 0xffffffff
core   0: 0x800054c8 (0x000089c1) c.andi  a1, 16
core   0: 3 0x800054c8 (0x89c1) x11 0x00000010
core   0: 0x800054ca (0x0f094c93) xori    s9, s2, 240
core   0: 3 0x800054ca (0x0f094c93) x25 0x000000f0
core   0: 0x800054ce (0x00000001) c.nop
core   0: 3 0x800054ce (0x0001)
core   0: 0x800054d0 (0x0020f3b3) and     t2, ra, sp
core   0: 3 0x800054d0 (0x0020f3b3) x 7 0x00000000
core   0: 0x800054d4 (0xbe5b4513) xori    a0, s6, -1051
core   0: 3 0x800054d4 (0xbe5b4513) x10 0xfffffbeb
core   0: 0x800054d8 (0x00564f33) xor     t5, a2, t0
core   0: 3 0x800054d8 (0x00564f33) x30 0x67d4ad10
core   0: 0x800054dc (0x00008235) c.srli  a2, 13
core   0: 3 0x800054dc (0x8235) x12 0x0007ffff
core   0: 0x800054de (0x01c27633) and     a2, tp, t3
core   0: 3 0x800054de (0x01c27633) x12 0x00000000
core   0: 0x800054e2 (0x0270e0b3) rem     ra, ra, t2
core   0: 3 0x800054e2 (0x0270e0b3) x 1 0x00000000
core   0: 0x800054e6 (0x02211e33) mulh    t3, sp, sp
core   0: 3 0x800054e6 (0x02211e33) x28 0x00000000
core   0: 0x800054ea (0x8b67b593) sltiu   a1, a5, -1866
core   0: 3 0x800054ea (0x8b67b593) x11 0x00000001
core   0: 0x800054ee (0x000090f6) c.add   ra, t4
core   0: 3 0x800054ee (0x90f6) x 1 0x06bca423
core   0: 0x800054f0 (0xc3cbc113) xori    sp, s7, -964
core   0: 3 0x800054f0 (0xc3cbc113) x 2 0x7ffec0d8
core   0: 0x800054f4 (0x00000001) c.nop
core   0: 3 0x800054f4 (0x0001)
core   0: 0x800054f6 (0x00e05e33) srl     t3, zero, a4
core   0: 3 0x800054f6 (0x00e05e33) x28 0x00000000
core   0: 0x800054fa (0x1349ca13) xori    s4, s3, 308
core   0: 3 0x800054fa (0x1349ca13) x20 0xe7000134
core   0: 0x800054fe (0x418bd713) srai    a4, s7, 24
core   0: 3 0x800054fe (0x418bd713) x14 0xffffff80
core   0: 0x80005502 (0x017908b3) add     a7, s2, s7
core   0: 3 0x80005502 (0x017908b3) x17 0x80013ce4
core   0: 0x80005506 (0x000086ca) c.mv    a3, s2
core   0: 3 0x80005506 (0x86ca) x13 0x00000000
core   0: 0x80005508 (0x4150d9b3) sra     s3, ra, s5
core   0: 3 0x80005508 (0x4150d9b3) x19 0x00000000
core   0: 0x8000550c (0x016a88b3) add     a7, s5, s6
core   0: 3 0x8000550c (0x016a88b3) x17 0x0000000d
core   0: 0x80005510 (0x00dbb0b3) sltu    ra, s7, a3
core   0: 3 0x80005510 (0x00dbb0b3) x 1 0x00000000
core   0: 0x80005514 (0x019e22b3) slt     t0, t3, s9
core   0: 3 0x80005514 (0x019e22b3) x 5 0x00000001
core   0: 0x80005518 (0x0039b733) sltu    a4, s3, gp
core   0: 3 0x80005518 (0x0039b733) x14 0x00000001
core   0: 0x8000551c (0x03ef08b3) mul     a7, t5, t5
core   0: 3 0x8000551c (0x03ef08b3) x17 0xf77ea100
core   0: 0x80005520 (0x000093ce) c.add   t2, s3
core   0: 3 0x80005520 (0x93ce) x 7 0x00000000
core   0: 0x80005522 (0x0288feb3) remu    t4, a7, s0
core   0: 3 0x80005522 (0x0288feb3) x29 0xf77ea100
core   0: 0x80005526 (0x000064e1) c.lui   s1, 0x18
core   0: 3 0x80005526 (0x64e1) x 9 0x00018000
core   0: 0x80005528 (0x40865633) sra     a2, a2, s0
core   0: 3 0x80005528 (0x40865633) x12 0x00000000
core   0: 0x8000552c (0x02fdc633) div     a2, s11, a5
core   0: 3 0x8000552c (0x02fdc633) x12 0x00000001
core   0: 0x80005530 (0x41005593) srai    a1, zero, 16
core   0: 3 0x80005530 (0x41005593) x11 0x00000000
core   0: 0x80005534 (0x00008f31) c.xor   a4, a2
core   0: 3 0x80005534 (0x8f31) x14 0x00000000
core   0: 0x80005536 (0x139c8337) lui     t1, 0x139c8
core   0: 3 0x80005536 (0x139c8337) x 6 0x139c8000
core   0: 0x8000553a (0x00008545) c.srai  a0, 17
core   0: 3 0x8000553a (0x8545) x10 0xffffffff
core   0: 0x8000553c (0x000088c1) c.andi  s1, 16
core   0: 3 0x8000553c (0x88c1) x 9 0x00000000
core   0: 0x8000553e (0x41545693) srai    a3, s0, 21
core   0: 3 0x8000553e (0x41545693) x13 0xffffffff
core   0: 0x80005542 (0x00000001) c.nop
core   0: 3 0x80005542 (0x0001)
core   0: 0x80005544 (0x40055e13) srai    t3, a0, 0
core   0: 3 0x80005544 (0x40055e13) x28 0xffffffff
core   0: 0x80005548 (0x21e77393) andi    t2, a4, 542
core   0: 3 0x80005548 (0x21e77393) x 7 0x00000000
core   0: 0x8000554c (0x00008d69) c.and   a0, a0
core   0: 3 0x8000554c (0x8d69) x10 0xffffffff
core   0: 0x8000554e (0x02f6afb3) mulhsu  t6, a3, a5
core   0: 3 0x8000554e (0x02f6afb3) x31 0xffffffff
core   0: 0x80005552 (0xec5a6c13) ori     s8, s4, -315
core   0: 3 0x80005552 (0xec5a6c13) x24 0xfffffff5
core   0: 0x80005556 (0x5ca26e13) ori     t3, tp, 1482
core   0: 3 0x80005556 (0x5ca26e13) x28 0x000005cb
core   0: 0x8000555a (0x00a12133) slt     sp, sp, a0
core   0: 3 0x8000555a (0x00a12133) x 2 0x00000000
core   0: 0x8000555e (0x01a00c33) add     s8, zero, s10
core   0: 3 0x8000555e (0x01a00c33) x24 0x982b55fd
core   0: 0x80005562 (0x00009886) c.add   a7, ra
core   0: 3 0x80005562 (0x9886) x17 0xf77ea100
core   0: 0x80005564 (0x2ee36317) auipc   t1, 0x2ee36
core   0: 3 0x80005564 (0x2ee36317) x 6 0xaee3b564
core   0: 0x80005568 (0x008b7d33) and     s10, s6, s0
core   0: 3 0x80005568 (0x008b7d33) x26 0x0000000e
core   0: 0x8000556c (0x47616093) ori     ra, sp, 1142
core   0: 3 0x8000556c (0x47616093) x 1 0x00000476
core   0: 0x80005570 (0x40a20ab3) sub     s5, tp, a0
core   0: 3 0x80005570 (0x40a20ab3) x21 0x00000002
core   0: 0x80005574 (0xcb712313) slti    t1, sp, -841
core   0: 3 0x80005574 (0xcb712313) x 6 0x00000000
core   0: 0x80005578 (0x00570533) add     a0, a4, t0
core   0: 3 0x80005578 (0x00570533) x10 0x00000001
core   0: 0x8000557c (0x00e3d993) srli    s3, t2, 14
core   0: 3 0x8000557c (0x00e3d993) x19 0x00000000
core   0: 0x80005580 (0x00000001) c.nop
core   0: 3 0x80005580 (0x0001)
core   0: 0x80005582 (0x0234a0b3) mulhsu  ra, s1, gp
core   0: 3 0x80005582 (0x0234a0b3) x 1 0x00000000
core   0: 0x80005586 (0x01f29313) slli    t1, t0, 31
core   0: 3 0x80005586 (0x01f29313) x 6 0x80000000
core   0: 0x8000558a (0x00000001) c.nop
core   0: 3 0x8000558a (0x0001)
core   0: 0x8000558c (0x0000140c) c.addi4spn a1, sp, 544
core   0: 3 0x8000558c (0x140c) x11 0x00000220
core   0: 0x8000558e (0x8ad326b7) lui     a3, 0x8ad32
core   0: 3 0x8000558e (0x8ad326b7) x13 0x8ad32000
core   0: 0x80005592 (0x405057b3) sra     a5, zero, t0
core   0: 3 0x80005592 (0x405057b3) x15 0x00000000
core   0: 0x80005596 (0x000088de) c.mv    a7, s7
core   0: 3 0x80005596 (0x88de) x17 0x80013ce4
core   0: 0x80005598 (0x00009916) c.add   s2, t0
core   0: 3 0x80005598 (0x9916) x18 0x00000001
core   0: 0x8000559a (0x852a3f13) sltiu   t5, s4, -1966
core   0: 3 0x8000559a (0x852a3f13) x30 0x00000001
core   0: 0x8000559e (0x00000496) c.slli  s1, 5
core   0: 3 0x8000559e (0x0496) x 9 0x00000000
core   0: 0x800055a0 (0xd6551f97) auipc   t6, 0xd6551
core   0: 3 0x800055a0 (0xd6551f97) x31 0x565565a0
core   0: 0x800055a4 (0x40855933) sra     s2, a0, s0
core   0: 3 0x800055a4 (0x40855933) x18 0x00000000
core   0: 0x800055a8 (0x00008a19) c.andi  a2, 6
core   0: 3 0x800055a8 (0x8a19) x12 0x00000000
core   0: 0x800055aa (0x00008c09) c.sub   s0, a0
core   0: 3 0x800055aa (0x8c09) x 8 0xfffffffe
core   0: 0x800055ac (0x00009c9e) c.add   s9, t2
core   0: 3 0x800055ac (0x9c9e) x25 0x000000f0
core   0: 0x800055ae (0x00008f2d) c.xor   a4, a1
core   0: 3 0x800055ae (0x8f2d) x14 0x00000220
core   0: 0x800055b0 (0x00008e51) c.or    a2, a2
core   0: 3 0x800055b0 (0x8e51) x12 0x00000000
core   0: 0x800055b2 (0x0fcbce93) xori    t4, s7, 252
core   0: 3 0x800055b2 (0x0fcbce93) x29 0x80013c18
core   0: 0x800055b6 (0x733a2c93) slti    s9, s4, 1843
core   0: 3 0x800055b6 (0x733a2c93) x25 0x00000001
core   0: 0x800055ba (0x007b45b3) xor     a1, s6, t2
core   0: 3 0x800055ba (0x007b45b3) x11 0x0000000e
core   0: 0x800055be (0x6e33e697) auipc   a3, 0x6e33e
core   0: 3 0x800055be (0x6e33e697) x13 0xee3435be
core   0: 0x800055c2 (0x000093ce) c.add   t2, s3
core   0: 3 0x800055c2 (0x93ce) x 7 0x00000000
core   0: 0x800055c4 (0x032f4a33) div     s4, t5, s2
core   0: 3 0x800055c4 (0x032f4a33) x20 0xffffffff
core   0: 0x800055c8 (0xa4cd6e93) ori     t4, s10, -1460
core   0: 3 0x800055c8 (0xa4cd6e93) x29 0xfffffa4e
core   0: 0x800055cc (0x2065c913) xori    s2, a1, 518
core   0: 3 0x800055cc (0x2065c913) x18 0x00000208
core   0: 0x800055d0 (0x404e5ab3) sra     s5, t3, tp
core   0: 3 0x800055d0 (0x404e5ab3) x21 0x000002e5
core   0: 0x800055d4 (0x00000001) c.nop
core   0: 3 0x800055d4 (0x0001)
core   0: 0x800055d6 (0x07504417) auipc   s0, 0x7504
core   0: 3 0x800055d6 (0x07504417) x 8 0x875095d6
core   0: 0x800055da (0x007bcc33) xor     s8, s7, t2
core   0: 3 0x800055da (0x007bcc33) x24 0x80013ce4
core   0: 0x800055de (0x02db1eb3) mulh    t4, s6, a3
core   0: 3 0x800055de (0x02db1eb3) x29 0xffffffff
core   0: 0x800055e2 (0x00008e55) c.or    a2, a3
core   0: 3 0x800055e2 (0x8e55) x12 0xee3435be
core   0: 0x800055e4 (0x02e3da33) divu    s4, t2, a4
core   0: 3 0x800055e4 (0x02e3da33) x20 0x00000000
core   0: 0x800055e8 (0x02314633) div     a2, sp, gp
core   0: 3 0x800055e8 (0x02314633) x12 0x00000000
core   0: 0x800055ec (0x0376ddb3) divu    s11, a3, s7
core   0: 3 0x800055ec (0x0376ddb3) x27 0x00000001
core   0: 0x800055f0 (0x000093b6) c.add   t2, a3
core   0: 3 0x800055f0 (0x93b6) x 7 0xee3435be
core   0: 0x800055f2 (0x0104af33) slt     t5, s1, a6
core   0: 3 0x800055f2 (0x0104af33) x30 0x00000000
core   0: 0x800055f6 (0x00008f75) c.and   a4, a3
core   0: 3 0x800055f6 (0x8f75) x14 0x00000020
core   0: 0x800055f8 (0x000098fd) c.andi  s1, -1
core   0: 3 0x800055f8 (0x98fd) x 9 0x00000000
core   0: 0x800055fa (0x00008dd5) c.or    a1, a3
core   0: 3 0x800055fa (0x8dd5) x11 0xee3435be
core   0: 0x800055fc (0x00000001) c.nop
core   0: 3 0x800055fc (0x0001)
core   0: 0x800055fe (0x000084a1) c.srai  s1, 8
core   0: 3 0x800055fe (0x84a1) x 9 0x00000000
core   0: 0x80005600 (0x00000990) c.addi4spn a2, sp, 208
core   0: 3 0x80005600 (0x0990) x12 0x000000d0
core   0: 0x80005602 (0x00d1a733) slt     a4, gp, a3
core   0: 3 0x80005602 (0x00d1a733) x14 0x00000001
core   0: 0x80005606 (0x03ac8ab3) mul     s5, s9, s10
core   0: 3 0x80005606 (0x03ac8ab3) x21 0x0000000e
core   0: 0x8000560a (0x40c48933) sub     s2, s1, a2
core   0: 3 0x8000560a (0x40c48933) x18 0xffffff30
core   0: 0x8000560e (0x00001f7d) c.addi  t5, -1
core   0: 3 0x8000560e (0x1f7d) x30 0xffffffff
core   0: 0x80005610 (0x0354aab3) mulhsu  s5, s1, s5
core   0: 3 0x80005610 (0x0354aab3) x21 0x00000000
core   0: 0x80005614 (0x000083bd) c.srli  a5, 15
core   0: 3 0x80005614 (0x83bd) x15 0x00000000
core   0: 0x80005616 (0x03bd5e33) divu    t3, s10, s11
core   0: 3 0x80005616 (0x03bd5e33) x28 0x0000000e
core   0: 0x8000561a (0x00008519) c.srai  a0, 6
core   0: 3 0x8000561a (0x8519) x10 0x00000000
core   0: 0x8000561c (0xb0e68017) auipc   zero, 0xb0e68
core   0: 3 0x8000561c (0xb0e68017)
core   0: 0x80005620 (0x00fd9913) slli    s2, s11, 15
core   0: 3 0x80005620 (0x00fd9913) x18 0x00008000
core   0: 0x80005624 (0xb5008c13) addi    s8, ra, -1200
core   0: 3 0x80005624 (0xb5008c13) x24 0xfffffb50
core   0: 0x80005628 (0x00d74033) xor     zero, a4, a3
core   0: 3 0x80005628 (0x00d74033)
core   0: 0x8000562c (0x00759433) sll     s0, a1, t2
core   0: 3 0x8000562c (0x00759433) x 8 0x80000000
core   0: 0x80005630 (0x00006895) c.lui   a7, 0x5
core   0: 3 0x80005630 (0x6895) x17 0x00005000
core   0: 0x80005632 (0x410e8cb3) sub     s9, t4, a6
core   0: 3 0x80005632 (0x410e8cb3) x25 0x7fff019b
core   0: 0x80005636 (0x0227d933) divu    s2, a5, sp
core   0: 3 0x80005636 (0x0227d933) x18 0xffffffff
core   0: 0x8000563a (0xd96fdfb7) lui     t6, 0xd96fd
core   0: 3 0x8000563a (0xd96fdfb7) x31 0xd96fd000
core   0: 0x8000563e (0x0125de93) srli    t4, a1, 18
core   0: 3 0x8000563e (0x0125de93) x29 0x00003b8d
core   0: 0x80005642 (0x03a498b3) mulh    a7, s1, s10
core   0: 3 0x80005642 (0x03a498b3) x17 0x00000000
core   0: 0x80005646 (0x000000fe) c.slli  ra, 31
core   0: 3 0x80005646 (0x00fe) x 1 0x00000000
core   0: 0x80005648 (0xe924b113) sltiu   sp, s1, -366
core   0: 3 0x80005648 (0xe924b113) x 2 0x00000001
core   0: 0x8000564c (0x22c30393) addi    t2, t1, 556
core   0: 3 0x8000564c (0x22c30393) x 7 0x8000022c
core   0: 0x80005650 (0x3641ee13) ori     t3, gp, 868
core   0: 3 0x80005650 (0x3641ee13) x28 0x80013fe4
core   0: 0x80005654 (0x00008c09) c.sub   s0, a0
core   0: 3 0x80005654 (0x8c09) x 8 0x80000000
core   0: 0x80005656 (0x4085da13) srai    s4, a1, 8
core   0: 3 0x80005656 (0x4085da13) x20 0xffee3435
core   0: 0x8000565a (0x4028deb3) sra     t4, a7, sp
core   0: 3 0x8000565a (0x4028deb3) x29 0x00000000
core   0: 0x8000565e (0xff6dba17) auipc   s4, 0xff6db
core   0: 3 0x8000565e (0xff6dba17) x20 0x7f6e065e
core   0: 0x80005662 (0x00008d35) c.xor   a0, a3
core   0: 3 0x80005662 (0x8d35) x10 0xee3435be
core   0: 0x80005664 (0x028e00b3) mul     ra, t3, s0
core   0: 3 0x80005664 (0x028e00b3) x 1 0x00000000
core   0: 0x80005668 (0x00000001) c.nop
core   0: 3 0x80005668 (0x0001)
core   0: 0x8000566a (0x03f1b9b3) mulhu   s3, gp, t6
core   0: 3 0x8000566a (0x03f1b9b3) x19 0x6cb8f527
core   0: 0x8000566e (0x02779a33) mulh    s4, a5, t2
core   0: 3 0x8000566e (0x02779a33) x20 0x00000000
core   0: 0x80005672 (0x00006151) c.addi16sp sp, 272
core   0: 3 0x80005672 (0x6151) x 2 0x00000111
core   0: 0x80005674 (0x0000517d) c.li    sp, -1
core   0: 3 0x80005674 (0x517d) x 2 0xffffffff
core   0: 0x80005676 (0x038e6f33) rem     t5, t3, s8
core   0: 3 0x80005676 (0x038e6f33) x30 0xfffffdd4
core   0: 0x8000567a (0x00e27ab3) and     s5, tp, a4
core   0: 3 0x8000567a (0x00e27ab3) x21 0x00000001
core   0: 0x8000567e (0x00008d51) c.or    a0, a2
core   0: 3 0x8000567e (0x8d51) x10 0xee3435fe
core   0: 0x80005680 (0x013412b3) sll     t0, s0, s3
core   0: 3 0x80005680 (0x013412b3) x 5 0x00000000
core   0: 0x80005684 (0x02b99333) mulh    t1, s3, a1
core   0: 3 0x80005684 (0x02b99333) x 6 0xf8712b28
core   0: 0x80005688 (0x0000717d) c.addi16sp sp, -16
core   0: 3 0x80005688 (0x717d) x 2 0xffffffef
core   0: 0x8000568a (0x01d733b3) sltu    t2, a4, t4
core   0: 3 0x8000568a (0x01d733b3) x 7 0x00000000
core   0: 0x8000568e (0x0000127d) c.addi  tp, -1
core   0: 3 0x8000568e (0x127d) x 4 0x00000000
core   0: 0x80005690 (0x001878b3) and     a7, a6, ra
core   0: 3 0x80005690 (0x001878b3) x17 0x00000000
core   0: 0x80005694 (0x01bdb033) sltu    zero, s11, s11
core   0: 3 0x80005694 (0x01bdb033)
core   0: 0x80005698 (0x00008d5d) c.or    a0, a5
core   0: 3 0x80005698 (0x8d5d) x10 0xee3435fe
core   0: 0x8000569a (0x41e05613) srai    a2, zero, 30
core   0: 3 0x8000569a (0x41e05613) x12 0x00000000
core   0: 0x8000569e (0x0000858d) c.srai  a1, 3
core   0: 3 0x8000569e (0x858d) x11 0xfdc686b7
core   0: 0x800056a0 (0x035fec33) rem     s8, t6, s5
core   0: 3 0x800056a0 (0x035fec33) x24 0x00000000
core   0: 0x800056a4 (0x01404033) xor     zero, zero, s4
core   0: 3 0x800056a4 (0x01404033)
core   0: 0x800056a8 (0xe11cc393) xori    t2, s9, -495
core   0: 3 0x800056a8 (0xe11cc393) x 7 0x8000ff8a
core   0: 0x800056ac (0x0000717d) c.addi16sp sp, -16
core   0: 3 0x800056ac (0x717d) x 2 0xffffffdf
core   0: 0x800056ae (0x0000717d) c.addi16sp sp, -16
core   0: 3 0x800056ae (0x717d) x 2 0xffffffcf
core   0: 0x800056b0 (0x000098ea) c.add   a7, s10
core   0: 3 0x800056b0 (0x98ea) x17 0x0000000e
core   0: 0x800056b2 (0x001a4e33) xor     t3, s4, ra
core   0: 3 0x800056b2 (0x001a4e33) x28 0x00000000
core   0: 0x800056b6 (0x00008c79) c.and   s0, a4
core   0: 3 0x800056b6 (0x8c79) x 8 0x00000000
core   0: 0x800056b8 (0x006505b3) add     a1, a0, t1
core   0: 3 0x800056b8 (0x006505b3) x11 0xe6a56126
core   0: 0x800056bc (0x73f77013) andi    zero, a4, 1855
core   0: 3 0x800056bc (0x73f77013)
core   0: 0x800056c0 (0x03e2f333) remu    t1, t0, t5
core   0: 3 0x800056c0 (0x03e2f333) x 6 0x00000000
core   0: 0x800056c4 (0x41cbd893) srai    a7, s7, 28
core   0: 3 0x800056c4 (0x41cbd893) x17 0xfffffff8
core   0: 0x800056c8 (0xe557ad13) slti    s10, a5, -427
core   0: 3 0x800056c8 (0xe557ad13) x26 0x00000000
core   0: 0x800056cc (0x02810933) mul     s2, sp, s0
core   0: 3 0x800056cc (0x02810933) x18 0x00000000
core   0: 0x800056d0 (0x0000717d) c.addi16sp sp, -16
core   0: 3 0x800056d0 (0x717d) x 2 0xffffffbf
core   0: 0x800056d2 (0x64f8f793) andi    a5, a7, 1615
core   0: 3 0x800056d2 (0x64f8f793) x15 0x00000648
core   0: 0x800056d6 (0x4095d993) srai    s3, a1, 9
core   0: 3 0x800056d6 (0x4095d993) x19 0xfff352b0
core   0: 0x800056da (0xa4174037) lui     zero, 0xa4174
core   0: 3 0x800056da (0xa4174037)
core   0: 0x800056de (0x0000197d) c.addi  s2, -1
core   0: 3 0x800056de (0x197d) x18 0xffffffff
core   0: 0x800056e0 (0x00000001) c.nop
core   0: 3 0x800056e0 (0x0001)
core   0: 0x800056e2 (0x00009426) c.add   s0, s1
core   0: 3 0x800056e2 (0x9426) x 8 0x00000000
core   0: 0x800056e4 (0x03af61b3) rem     gp, t5, s10
core   0: 3 0x800056e4 (0x03af61b3) x 3 0xfffffdd4
core   0: 0x800056e8 (0x00b5d5b3) srl     a1, a1, a1
core   0: 3 0x800056e8 (0x00b5d5b3) x11 0x039a9584
core   0: 0x800056ec (0x032aa3b3) mulhsu  t2, s5, s2
core   0: 3 0x800056ec (0x032aa3b3) x 7 0x00000000
core   0: 0x800056f0 (0x0000717d) c.addi16sp sp, -16
core   0: 3 0x800056f0 (0x717d) x 2 0xffffffaf
core   0: 0x800056f2 (0x00001c1c) c.addi4spn a5, sp, 560
core   0: 3 0x800056f2 (0x1c1c) x15 0x000001df
core   0: 0x800056f4 (0x00008ca9) c.xor   s1, a0
core   0: 3 0x800056f4 (0x8ca9) x 9 0xee3435fe
core   0: 0x800056f6 (0x01af5233) srl     tp, t5, s10
core   0: 3 0x800056f6 (0x01af5233) x 4 0xfffffdd4
core   0: 0x800056fa (0x0000717d) c.addi16sp sp, -16
core   0: 3 0x800056fa (0x717d) x 2 0xffffff9f
core   0: 0x800056fc (0x00000001) c.nop
core   0: 3 0x800056fc (0x0001)
core   0: 0x800056fe (0x0000996e) c.add   s2, s11
core   0: 3 0x800056fe (0x996e) x18 0x00000000
core   0: 0x80005700 (0x00008e2d) c.xor   a2, a1
core   0: 3 0x80005700 (0x8e2d) x12 0x039a9584
core   0: 0x80005702 (0x0069c933) xor     s2, s3, t1
core   0: 3 0x80005702 (0x0069c933) x18 0xfff352b0
core   0: 0x80005706 (0x00001f84) c.addi4spn s1, sp, 1008
core   0: 3 0x80005706 (0x1f84) x 9 0x0000038f
core   0: 0x80005708 (0x49193a97) auipc   s5, 0x49193
core   0: 3 0x80005708 (0x49193a97) x21 0xc9198708
core   0: 0x8000570c (0x9cafae93) slti    t4, t6, -1590
core   0: 3 0x8000570c (0x9cafae93) x29 0x00000001
core   0: 0x80005710 (0x00004771) c.li    a4, 28
core   0: 3 0x80005710 (0x4771) x14 0x0000001c
core   0: 0x80005712 (0x00ed4a33) xor     s4, s10, a4
core   0: 3 0x80005712 (0x00ed4a33) x20 0x0000001c
core   0: 0x80005716 (0x402283b3) sub     t2, t0, sp
core   0: 3 0x80005716 (0x402283b3) x 7 0x00000061
core   0: 0x8000571a (0x03444533) div     a0, s0, s4
core   0: 3 0x8000571a (0x03444533) x10 0x00000000
core   0: 0x8000571e (0x0281e0b3) rem     ra, gp, s0
core   0: 3 0x8000571e (0x0281e0b3) x 1 0xfffffdd4
core   0: 0x80005722 (0x00000504) c.addi4spn s1, sp, 640
core   0: 3 0x80005722 (0x0504) x 9 0x0000021f
core   0: 0x80005724 (0x011cdf33) srl     t5, s9, a7
core   0: 3 0x80005724 (0x011cdf33) x30 0x0000007f
core   0: 0x80005728 (0x02f58db3) mul     s11, a1, a5
core   0: 3 0x80005728 (0x02f58db3) x27 0xbe3dc1fc
core   0: 0x8000572c (0x034b9333) mulh    t1, s7, s4
core   0: 3 0x8000572c (0x034b9333) x 6 0xfffffff2
core   0: 0x80005730 (0x01feb6b3) sltu    a3, t4, t6
core   0: 3 0x80005730 (0x01feb6b3) x13 0x00000001
core   0: 0x80005734 (0x4138df13) srai    t5, a7, 19
core   0: 3 0x80005734 (0x4138df13) x30 0xffffffff
core   0: 0x80005738 (0x00c74cb3) xor     s9, a4, a2
core   0: 3 0x80005738 (0x00c74cb3) x25 0x039a9598
core   0: 0x8000573c (0x00008c41) c.or    s0, s0
core   0: 3 0x8000573c (0x8c41) x 8 0x00000000
core   0: 0x8000573e (0x4054d933) sra     s2, s1, t0
core   0: 3 0x8000573e (0x4054d933) x18 0x0000021f
core   0: 0x80005742 (0xd1afb393) sltiu   t2, t6, -742
core   0: 3 0x80005742 (0xd1afb393) x 7 0x00000001
core   0: 0x80005746 (0x03104133) div     sp, zero, a7
core   0: 3 0x80005746 (0x03104133) x 2 0x00000000
core   0: 0x8000574a (0x03f6a2b3) mulhsu  t0, a3, t6
core   0: 3 0x8000574a (0x03f6a2b3) x 5 0x00000000
core   0: 0x8000574e (0x00b07cb3) and     s9, zero, a1
core   0: 3 0x8000574e (0x00b07cb3) x25 0x00000000
core   0: 0x80005752 (0x00008cad) c.xor   s1, a1
core   0: 3 0x80005752 (0x8cad) x 9 0x039a979b
core   0: 0x80005754 (0xcf910493) addi    s1, sp, -775
core   0: 3 0x80005754 (0xcf910493) x 9 0xfffffcf9
core   0: 0x80005758 (0x000004c6) c.slli  s1, 17
core   0: 3 0x80005758 (0x04c6) x 9 0xf9f20000
core   0: 0x8000575a (0x0000617d) c.addi16sp sp, 496
core   0: 3 0x8000575a (0x617d) x 2 0x000001f0
core   0: 0x8000575c (0x0104b333) sltu    t1, s1, a6
core   0: 3 0x8000575c (0x0104b333) x 6 0x00000000
core   0: 0x80005760 (0x038a4233) div     tp, s4, s8
core   0: 3 0x80005760 (0x038a4233) x 4 0xffffffff
core   0: 0x80005764 (0x038d40b3) div     ra, s10, s8
core   0: 3 0x80005764 (0x038d40b3) x 1 0xffffffff
core   0: 0x80005768 (0x00008952) c.mv    s2, s4
core   0: 3 0x80005768 (0x8952) x18 0x0000001c
core   0: 0x8000576a (0xcef54f13) xori    t5, a0, -785
core   0: 3 0x8000576a (0xcef54f13) x30 0xfffffcef
core   0: 0x8000576e (0x0275c0b3) div     ra, a1, t2
core   0: 3 0x8000576e (0x0275c0b3) x 1 0x039a9584
core   0: 0x80005772 (0x00306513) ori     a0, zero, 3
core   0: 3 0x80005772 (0x00306513) x10 0x00000003
core   0: 0x80005776 (0x00008dc1) c.or    a1, s0
core   0: 3 0x80005776 (0x8dc1) x11 0x039a9584
core   0: 0x80005778 (0x00001cfd) c.addi  s9, -1
core   0: 3 0x80005778 (0x1cfd) x25 0xffffffff
core   0: 0x8000577a (0x00008d95) c.sub   a1, a3
core   0: 3 0x8000577a (0x8d95) x11 0x039a9583
core   0: 0x8000577c (0xf205e937) lui     s2, 0xf205e
core   0: 3 0x8000577c (0xf205e937) x18 0xf205e000
core   0: 0x80005780 (0x004b8433) add     s0, s7, tp
core   0: 3 0x80005780 (0x004b8433) x 8 0x80013ce3
core   0: 0x80005784 (0x03a4a533) mulhsu  a0, s1, s10
core   0: 3 0x80005784 (0x03a4a533) x10 0x00000000
core   0: 0x80005788 (0x1da56993) ori     s3, a0, 474
core   0: 3 0x80005788 (0x1da56993) x19 0x000001da
core   0: 0x8000578c (0x00008ec6) c.mv    t4, a7
core   0: 3 0x8000578c (0x8ec6) x29 0xfffffff8
core   0: 0x8000578e (0x00009e36) c.add   t3, a3
core   0: 3 0x8000578e (0x9e36) x28 0x00000001
core   0: 0x80005790 (0x02ab7533) remu    a0, s6, a0
core   0: 3 0x80005790 (0x02ab7533) x10 0x0000000e
core   0: 0x80005794 (0x00000001) c.nop
core   0: 3 0x80005794 (0x0001)
core   0: 0x80005796 (0x002e9eb3) sll     t4, t4, sp
core   0: 3 0x80005796 (0x002e9eb3) x29 0xfff80000
core   0: 0x8000579a (0xf051a617) auipc   a2, 0xf051a
core   0: 3 0x8000579a (0xf051a617) x12 0x7051f79a
core   0: 0x8000579e (0x00001480) c.addi4spn s0, sp, 608
core   0: 3 0x8000579e (0x1480) x 8 0x00000450
core   0: 0x800057a0 (0x02c8d5b3) divu    a1, a7, a2
core   0: 3 0x800057a0 (0x02c8d5b3) x11 0x00000002
core   0: 0x800057a4 (0x4835a793) slti    a5, a1, 1155
core   0: 3 0x800057a4 (0x4835a793) x15 0x00000001
core   0: 0x800057a8 (0x0000617d) c.addi16sp sp, 496
core   0: 3 0x800057a8 (0x617d) x 2 0x000003e0
core   0: 0x800057aa (0x03c8f533) remu    a0, a7, t3
core   0: 3 0x800057aa (0x03c8f533) x10 0x00000000
core   0: 0x800057ae (0x401e5333) sra     t1, t3, ra
core   0: 3 0x800057ae (0x401e5333) x 6 0x00000000
core   0: 0x800057b2 (0x029a1933) mulh    s2, s4, s1
core   0: 3 0x800057b2 (0x029a1933) x18 0xffffffff
core   0: 0x800057b6 (0x014ceeb3) or      t4, s9, s4
core   0: 3 0x800057b6 (0x014ceeb3) x29 0xffffffff
core   0: 0x800057ba (0x01e20ab3) add     s5, tp, t5
core   0: 3 0x800057ba (0x01e20ab3) x21 0xfffffcee
core   0: 0x800057be (0x000046d5) c.li    a3, 21
core   0: 3 0x800057be (0x46d5) x13 0x00000015
core   0: 0x800057c0 (0x3e23f493) andi    s1, t2, 994
core   0: 3 0x800057c0 (0x3e23f493) x 9 0x00000000
core   0: 0x800057c4 (0x00000561) c.addi  a0, 24
core   0: 3 0x800057c4 (0x0561) x10 0x00000018
core   0: 0x800057c6 (0x022a60b3) rem     ra, s4, sp
core   0: 3 0x800057c6 (0x022a60b3) x 1 0x0000001c
core   0: 0x800057ca (0x00000001) c.nop
core   0: 3 0x800057ca (0x0001)
core   0: 0x800057cc (0x80000fb7) lui     t6, 0x80000
core   0: 3 0x800057cc (0x80000fb7) x31 0x80000000
core   0: 0x800057d0 (0x80000137) lui     sp, 0x80000
core   0: 3 0x800057d0 (0x80000137) x 2 0x80000000
core   0: 0x800057d4 (0xfff00713) li      a4, -1
core   0: 3 0x800057d4 (0xfff00713) x14 0xffffffff
core   0: 0x800057d8 (0xfff00e13) li      t3, -1
core   0: 3 0x800057d8 (0xfff00e13) x28 0xffffffff
core   0: 0x800057dc (0x84ccfc37) lui     s8, 0x84ccf
core   0: 3 0x800057dc (0x84ccfc37) x24 0x84ccf000
core   0: 0x800057e0 (0x4b2c0c13) addi    s8, s8, 1202
core   0: 3 0x800057e0 (0x4b2c0c13) x24 0x84ccf4b2
core   0: 0x800057e4 (0x800008b7) lui     a7, 0x80000
core   0: 3 0x800057e4 (0x800008b7) x17 0x80000000
core   0: 0x800057e8 (0xfff00d93) li      s11, -1
core   0: 3 0x800057e8 (0xfff00d93) x27 0xffffffff
core   0: 0x800057ec (0x09e371b7) lui     gp, 0x9e37
core   0: 3 0x800057ec (0x09e371b7) x 3 0x09e37000
core   0: 0x800057f0 (0xadb18193) addi    gp, gp, -1317
core   0: 3 0x800057f0 (0xadb18193) x 3 0x09e36adb
core   0: 0x800057f4 (0x1702c537) lui     a0, 0x1702c
core   0: 3 0x800057f4 (0x1702c537) x10 0x1702c000
core   0: 0x800057f8 (0x1f050513) addi    a0, a0, 496
core   0: 3 0x800057f8 (0x1f050513) x10 0x1702c1f0
core   0: 0x800057fc (0x00004f01) c.li    t5, 0
core   0: 3 0x800057fc (0x4f01) x30 0x00000000
core   0: 0x800057fe (0x3aa3bf37) lui     t5, 0x3aa3b
core   0: 3 0x800057fe (0x3aa3bf37) x30 0x3aa3b000
core   0: 0x80005802 (0x3d7d9197) auipc   gp, 0x3d7d9
core   0: 3 0x80005802 (0x3d7d9197) x 3 0xbd7de802
core   0: 0x80005806 (0x403708b3) sub     a7, a4, gp
core   0: 3 0x80005806 (0x403708b3) x17 0x428217fd
core   0: 0x8000580a (0xc95d8e13) addi    t3, s11, -875
core   0: 3 0x8000580a (0xc95d8e13) x28 0xfffffc94
core   0: 0x8000580e (0x41fe01b3) sub     gp, t3, t6
core   0: 3 0x8000580e (0x41fe01b3) x 3 0x7ffffc94
core   0: 0x80005812 (0x03ce28b3) mulhsu  a7, t3, t3
core   0: 3 0x80005812 (0x03ce28b3) x17 0xfffffc94
core   0: 0x80005816 (0x02a8e733) rem     a4, a7, a0
core   0: 3 0x80005816 (0x02a8e733) x14 0xfffffc94
core   0: 0x8000581a (0x00000001) c.nop
core   0: 3 0x8000581a (0x0001)
core   0: 0x8000581c (0x00000001) c.nop
core   0: 3 0x8000581c (0x0001)
core   0: 0x8000581e (0x0019efb7) lui     t6, 0x19e
core   0: 3 0x8000581e (0x0019efb7) x31 0x0019e000
core   0: 0x80005822 (0x022118b3) mulh    a7, sp, sp
core   0: 3 0x80005822 (0x022118b3) x17 0x40000000
core   0: 0x80005826 (0x03e19533) mulh    a0, gp, t5
core   0: 3 0x80005826 (0x03e19533) x10 0x1d51d737
core   0: 0x8000582a (0x41c10133) sub     sp, sp, t3
core   0: 3 0x8000582a (0x41c10133) x 2 0x8000036c
core   0: 0x8000582e (0x02a14c33) div     s8, sp, a0
core   0: 3 0x8000582e (0x02a14c33) x24 0xfffffffc
core   0: 0x80005832 (0x02adb8b3) mulhu   a7, s11, a0
core   0: 3 0x80005832 (0x02adb8b3) x17 0x1d51d736
core   0: 0x80005836 (0x41888c33) sub     s8, a7, s8
core   0: 3 0x80005836 (0x41888c33) x24 0x1d51d73a
core   0: 0x8000583a (0x72e85897) auipc   a7, 0x72e85
core   0: 3 0x8000583a (0x72e85897) x17 0xf2e8a83a
core   0: 0x8000583e (0x023c4db3) div     s11, s8, gp
core   0: 3 0x8000583e (0x023c4db3) x27 0x00000000
core   0: 0x80005842 (0x03c19f33) mulh    t5, gp, t3
core   0: 3 0x80005842 (0x03c19f33) x30 0xfffffe4a
core   0: 0x80005846 (0x847affb7) lui     t6, 0x847af
core   0: 3 0x80005846 (0x847affb7) x31 0x847af000
core   0: 0x8000584a (0x01df33b3) sltu    t2, t5, t4
core   0: 3 0x8000584a (0x01df33b3) x 7 0x00000001
core   0: 0x8000584e (0xaeb4a493) slti    s1, s1, -1301
core   0: 3 0x8000584e (0xaeb4a493) x 9 0x00000000
core   0: 0x80005852 (0x58fea2b7) lui     t0, 0x58fea
core   0: 3 0x80005852 (0x58fea2b7) x 5 0x58fea000
core   0: 0x80005856 (0x87940513) addi    a0, s0, -1927
core   0: 3 0x80005856 (0x87940513) x10 0xfffffcc9
core   0: 0x8000585a (0x00008352) c.mv    t1, s4
core   0: 3 0x8000585a (0x8352) x 6 0x0000001c
core   0: 0x8000585c (0x02d0f133) remu    sp, ra, a3
core   0: 3 0x8000585c (0x02d0f133) x 2 0x00000007
core   0: 0x80005860 (0x00006109) c.addi16sp sp, 128
core   0: 3 0x80005860 (0x6109) x 2 0x00000087
core   0: 0x80005862 (0x027b77b3) remu    a5, s6, t2
core   0: 3 0x80005862 (0x027b77b3) x15 0x00000000
core   0: 0x80005866 (0xd5be6393) ori     t2, t3, -677
core   0: 3 0x80005866 (0xd5be6393) x 7 0xfffffddf
core   0: 0x8000586a (0x0000068d) c.addi  a3, 3
core   0: 3 0x8000586a (0x068d) x13 0x00000018
core   0: 0x8000586c (0x663cfc93) andi    s9, s9, 1635
core   0: 3 0x8000586c (0x663cfc93) x25 0x00000663
core   0: 0x80005870 (0x00008519) c.srai  a0, 6
core   0: 3 0x80005870 (0x8519) x10 0xfffffff3
core   0: 0x80005872 (0x00008c9d) c.sub   s1, a5
core   0: 3 0x80005872 (0x8c9d) x 9 0x00000000
core   0: 0x80005874 (0x018b52b3) srl     t0, s6, s8
core   0: 3 0x80005874 (0x018b52b3) x 5 0x00000000
core   0: 0x80005878 (0x00008f81) c.sub   a5, s0
core   0: 3 0x80005878 (0x8f81) x15 0xfffffbb0
core   0: 0x8000587a (0x009b8fb3) add     t6, s7, s1
core   0: 3 0x8000587a (0x009b8fb3) x31 0x80013ce4
core   0: 0x8000587e (0x00008f89) c.sub   a5, a0
core   0: 3 0x8000587e (0x8f89) x15 0xfffffbbd
core   0: 0x80005880 (0xb10ae413) ori     s0, s5, -1264
core   0: 3 0x80005880 (0xb10ae413) x 8 0xfffffffe
core   0: 0x80005884 (0x01ef9133) sll     sp, t6, t5
core   0: 3 0x80005884 (0x01ef9133) x 2 0x04f39000
core   0: 0x80005888 (0x00004581) c.li    a1, 0
core   0: 3 0x80005888 (0x4581) x11 0x00000000
core   0: 0x8000588a (0x5d2004b7) lui     s1, 0x5d200
core   0: 3 0x8000588a (0x5d2004b7) x 9 0x5d200000
core   0: 0x8000588e (0x12a48493) addi    s1, s1, 298
core   0: 3 0x8000588e (0x12a48493) x 9 0x5d20012a
core   0: 0x80005892 (0x082ee437) lui     s0, 0x82ee
core   0: 3 0x80005892 (0x082ee437) x 8 0x082ee000
core   0: 0x80005896 (0x7dd40413) addi    s0, s0, 2013
core   0: 3 0x80005896 (0x7dd40413) x 8 0x082ee7dd
core   0: 0x8000589a (0x00004281) c.li    t0, 0
core   0: 3 0x8000589a (0x4281) x 5 0x00000000
core   0: 0x8000589c (0x928db137) lui     sp, 0x928db
core   0: 3 0x8000589c (0x928db137) x 2 0x928db000
core   0: 0x800058a0 (0x51a10113) addi    sp, sp, 1306
core   0: 3 0x800058a0 (0x51a10113) x 2 0x928db51a
core   0: 0x800058a4 (0x800007b7) lui     a5, 0x80000
core   0: 3 0x800058a4 (0x800007b7) x15 0x80000000
core   0: 0x800058a8 (0xcacbc6b7) lui     a3, 0xcacbc
core   0: 3 0x800058a8 (0xcacbc6b7) x13 0xcacbc000
core   0: 0x800058ac (0xf3868693) addi    a3, a3, -200
core   0: 3 0x800058ac (0xf3868693) x13 0xcacbbf38
core   0: 0x800058b0 (0xc8da7337) lui     t1, 0xc8da7
core   0: 3 0x800058b0 (0xc8da7337) x 6 0xc8da7000
core   0: 0x800058b4 (0x16530313) addi    t1, t1, 357
core   0: 3 0x800058b4 (0x16530313) x 6 0xc8da7165
core   0: 0x800058b8 (0x80000237) lui     tp, 0x80000
core   0: 3 0x800058b8 (0x80000237) x 4 0x80000000
core   0: 0x800058bc (0x80000737) lui     a4, 0x80000
core   0: 3 0x800058bc (0x80000737) x14 0x80000000
core   0: 0x800058c0 (0x029707b3) mul     a5, a4, s1
core   0: 3 0x800058c0 (0x029707b3) x15 0x00000000
core   0: 0x800058c4 (0x00000001) c.nop
core   0: 3 0x800058c4 (0x0001)
core   0: 0x800058c6 (0x02d152b3) divu    t0, sp, a3
core   0: 3 0x800058c6 (0x02d152b3) x 5 0x00000000
core   0: 0x800058ca (0x00000001) c.nop
core   0: 3 0x800058ca (0x0001)
core   0: 0x800058cc (0x40f68733) sub     a4, a3, a5
core   0: 3 0x800058cc (0x40f68733) x14 0xcacbbf38
core   0: 0x800058d0 (0x0282f333) remu    t1, t0, s0
core   0: 3 0x800058d0 (0x0282f333) x 6 0x00000000
core   0: 0x800058d4 (0x02b27233) remu    tp, tp, a1
core   0: 3 0x800058d4 (0x02b27233) x 4 0x80000000
core   0: 0x800058d8 (0x026682b3) mul     t0, a3, t1
core   0: 3 0x800058d8 (0x026682b3) x 5 0x00000000
core   0: 0x800058dc (0xad2f7597) auipc   a1, 0xad2f7
core   0: 3 0x800058dc (0xad2f7597) x11 0x2d2fc8dc
core   0: 0x800058e0 (0x406107b3) sub     a5, sp, t1
core   0: 3 0x800058e0 (0x406107b3) x15 0x928db51a
core   0: 0x800058e4 (0x02b30333) mul     t1, t1, a1
core   0: 3 0x800058e4 (0x02b30333) x 6 0x00000000
core   0: 0x800058e8 (0xd7b73697) auipc   a3, 0xd7b73
core   0: 3 0x800058e8 (0xd7b73697) x13 0x57b788e8
core   0: 0x800058ec (0x0225c233) div     tp, a1, sp
core   0: 3 0x800058ec (0x0225c233) x 4 0x00000000
core   0: 0x800058f0 (0x02e4c433) div     s0, s1, a4
core   0: 3 0x800058f0 (0x02e4c433) x 8 0xffffffff
core   0: 0x800058f4 (0x02575133) divu    sp, a4, t0
core   0: 3 0x800058f4 (0x02575133) x 2 0xffffffff
core   0: 0x800058f8 (0x02549233) mulh    tp, s1, t0
core   0: 3 0x800058f8 (0x02549233) x 4 0x00000000
core   0: 0x800058fc (0x00000001) c.nop
core   0: 3 0x800058fc (0x0001)
core   0: 0x800058fe (0x028292b3) mulh    t0, t0, s0
core   0: 3 0x800058fe (0x028292b3) x 5 0x00000000
core   0: 0x80005902 (0x0255e2b3) rem     t0, a1, t0
core   0: 3 0x80005902 (0x0255e2b3) x 5 0x2d2fc8dc
core   0: 0x80005906 (0x0226d5b3) divu    a1, a3, sp
core   0: 3 0x80005906 (0x0226d5b3) x11 0x00000000
core   0: 0x8000590a (0x00009236) c.add   tp, a3
core   0: 3 0x8000590a (0x9236) x 4 0x57b788e8
core   0: 0x8000590c (0x02b7b4b3) mulhu   s1, a5, a1
core   0: 3 0x8000590c (0x02b7b4b3) x 9 0x00000000
core   0: 0x80005910 (0x40305933) sra     s2, zero, gp
core   0: 3 0x80005910 (0x40305933) x18 0x00000000
core   0: 0x80005914 (0x01a857b3) srl     a5, a6, s10
core   0: 3 0x80005914 (0x01a857b3) x15 0x8000fe64
core   0: 0x80005918 (0xcd54a393) slti    t2, s1, -811
core   0: 3 0x80005918 (0xcd54a393) x 7 0x00000000
core   0: 0x8000591c (0x00008869) c.andi  s0, 26
core   0: 3 0x8000591c (0x8869) x 8 0x0000001a
core   0: 0x8000591e (0x00000001) c.nop
core   0: 3 0x8000591e (0x0001)
core   0: 0x80005920 (0x4097d233) sra     tp, a5, s1
core   0: 3 0x80005920 (0x4097d233) x 4 0x8000fe64
core   0: 0x80005924 (0x0000916a) c.add   sp, s10
core   0: 3 0x80005924 (0x916a) x 2 0xffffffff
core   0: 0x80005926 (0x03d9e933) rem     s2, s3, t4
core   0: 3 0x80005926 (0x03d9e933) x18 0x00000000
core   0: 0x8000592a (0x00008f61) c.and   a4, s0
core   0: 3 0x8000592a (0x8f61) x14 0x00000018
core   0: 0x8000592c (0x0131b9b3) sltu    s3, gp, s3
core   0: 3 0x8000592c (0x0131b9b3) x19 0x00000000
core   0: 0x80005930 (0x00248033) add     zero, s1, sp
core   0: 3 0x80005930 (0x00248033)
core   0: 0x80005934 (0x7fd99f17) auipc   t5, 0x7fd99
core   0: 3 0x80005934 (0x7fd99f17) x30 0xffd9e934
core   0: 0x80005938 (0x03916133) rem     sp, sp, s9
core   0: 3 0x80005938 (0x03916133) x 2 0xffffffff
core   0: 0x8000593c (0x03b2bab3) mulhu   s5, t0, s11
core   0: 3 0x8000593c (0x03b2bab3) x21 0x00000000
core   0: 0x80005940 (0x01fc9193) slli    gp, s9, 31
core   0: 3 0x80005940 (0x01fc9193) x 3 0x80000000
core   0: 0x80005944 (0x00008cf9) c.and   s1, a4
core   0: 3 0x80005944 (0x8cf9) x 9 0x00000000
core   0: 0x80005946 (0xd3961717) auipc   a4, 0xd3961
core   0: 3 0x80005946 (0xd3961717) x14 0x53966946
core   0: 0x8000594a (0x00008a76) c.mv    s4, t4
core   0: 3 0x8000594a (0x8a76) x20 0xffffffff
core   0: 0x8000594c (0x00008cd1) c.or    s1, a2
core   0: 3 0x8000594c (0x8cd1) x 9 0x7051f79a
core   0: 0x8000594e (0x004886b3) add     a3, a7, tp
core   0: 3 0x8000594e (0x004886b3) x13 0x72e9a69e
core   0: 0x80005952 (0x00008065) c.srli  s0, 25
core   0: 3 0x80005952 (0x8065) x 8 0x00000000
core   0: 0x80005954 (0x0307e533) rem     a0, a5, a6
core   0: 3 0x80005954 (0x0307e533) x10 0x00000000
core   0: 0x80005958 (0x4141dab3) sra     s5, gp, s4
core   0: 3 0x80005958 (0x4141dab3) x21 0xffffffff
core   0: 0x8000595c (0x031cc9b3) div     s3, s9, a7
core   0: 3 0x8000595c (0x031cc9b3) x19 0x00000000
core   0: 0x80005960 (0x0153b4b3) sltu    s1, t2, s5
core   0: 3 0x80005960 (0x0153b4b3) x 9 0x00000001
core   0: 0x80005964 (0x0000092d) c.addi  s2, 11
core   0: 3 0x80005964 (0x092d) x18 0x0000000b
core   0: 0x80005966 (0xbc4a9a97) auipc   s5, 0xbc4a9
core   0: 3 0x80005966 (0xbc4a9a97) x21 0x3c4ae966
core   0: 0x8000596a (0x0107b6b3) sltu    a3, a5, a6
core   0: 3 0x8000596a (0x0107b6b3) x13 0x00000000
core   0: 0x8000596e (0x00464133) xor     sp, a2, tp
core   0: 3 0x8000596e (0x00464133) x 2 0xf05109fe
core   0: 0x80005972 (0x00008541) c.srai  a0, 16
core   0: 3 0x80005972 (0x8541) x10 0x00000000
core   0: 0x80005974 (0x015cd613) srli    a2, s9, 21
core   0: 3 0x80005974 (0x015cd613) x12 0x00000000
core   0: 0x80005978 (0x00008e85) c.sub   a3, s1
core   0: 3 0x80005978 (0x8e85) x13 0xffffffff
core   0: 0x8000597a (0x00009ad2) c.add   s5, s4
core   0: 3 0x8000597a (0x9ad2) x21 0x3c4ae965
core   0: 0x8000597c (0xac046397) auipc   t2, 0xac046
core   0: 3 0x8000597c (0xac046397) x 7 0x2c04b97c
core   0: 0x80005980 (0x0000091c) c.addi4spn a5, sp, 144
core   0: 3 0x80005980 (0x091c) x15 0xf0510a8e
core   0: 0x80005982 (0x00000001) c.nop
core   0: 3 0x80005982 (0x0001)
core   0: 0x80005984 (0x0000927e) c.add   tp, t6
core   0: 3 0x80005984 (0x927e) x 4 0x00023b48
core   0: 0x80005986 (0x0e2c0c13) addi    s8, s8, 226
core   0: 3 0x80005986 (0x0e2c0c13) x24 0x1d51d81c
core   0: 0x8000598a (0x86eb3213) sltiu   tp, s6, -1938
core   0: 3 0x8000598a (0x86eb3213) x 4 0x00000001
core   0: 0x8000598e (0x0052cab3) xor     s5, t0, t0
core   0: 3 0x8000598e (0x0052cab3) x21 0x00000000
core   0: 0x80005992 (0xf9406713) ori     a4, zero, -108
core   0: 3 0x80005992 (0xf9406713) x14 0xffffff94
core   0: 0x80005996 (0x007fd613) srli    a2, t6, 7
core   0: 3 0x80005996 (0x007fd613) x12 0x01000279
core   0: 0x8000599a (0xb9300993) li      s3, -1133
core   0: 3 0x8000599a (0xb9300993) x19 0xfffffb93
core   0: 0x8000599e (0x013765b3) or      a1, a4, s3
core   0: 3 0x8000599e (0x013765b3) x11 0xffffff97
core   0: 0x800059a2 (0xf7896a13) ori     s4, s2, -136
core   0: 3 0x800059a2 (0xf7896a13) x20 0xffffff7b
core   0: 0x800059a6 (0x027a9cb3) mulh    s9, s5, t2
core   0: 3 0x800059a6 (0x027a9cb3) x25 0x00000000
core   0: 0x800059aa (0x000056fd) c.li    a3, -1
core   0: 3 0x800059aa (0x56fd) x13 0xffffffff
core   0: 0x800059ac (0x01dd81b3) add     gp, s11, t4
core   0: 3 0x800059ac (0x01dd81b3) x 3 0xffffffff
core   0: 0x800059b0 (0x000064d1) c.lui   s1, 0x14
core   0: 3 0x800059b0 (0x64d1) x 9 0x00014000
core   0: 0x800059b2 (0x00009f32) c.add   t5, a2
core   0: 3 0x800059b2 (0x9f32) x30 0x00d9ebad
core   0: 0x800059b4 (0xc6e96013) ori     zero, s2, -914
core   0: 3 0x800059b4 (0xc6e96013)
core   0: 0x800059b8 (0x00001688) c.addi4spn a0, sp, 864
core   0: 3 0x800059b8 (0x1688) x10 0xf0510d5e
core   0: 0x800059ba (0x84a4e493) ori     s1, s1, -1974
core   0: 3 0x800059ba (0x84a4e493) x 9 0xfffff84a
core   0: 0x800059be (0x003d67b3) or      a5, s10, gp
core   0: 3 0x800059be (0x003d67b3) x15 0xffffffff
core   0: 0x800059c2 (0x00892d33) slt     s10, s2, s0
core   0: 3 0x800059c2 (0x00892d33) x26 0x00000000
core   0: 0x800059c6 (0x00008d99) c.sub   a1, a4
core   0: 3 0x800059c6 (0x8d99) x11 0x00000003
core   0: 0x800059c8 (0x0251b8b3) mulhu   a7, gp, t0
core   0: 3 0x800059c8 (0x0251b8b3) x17 0x2d2fc8db
core   0: 0x800059cc (0x00008f59) c.or    a4, a4
core   0: 3 0x800059cc (0x8f59) x14 0xffffff94
core   0: 0x800059ce (0x012cd893) srli    a7, s9, 18
core   0: 3 0x800059ce (0x012cd893) x17 0x00000000
core   0: 0x800059d2 (0x00004ced) c.li    s9, 27
core   0: 3 0x800059d2 (0x4ced) x25 0x0000001b
core   0: 0x800059d4 (0x00001014) c.addi4spn a3, sp, 32
core   0: 3 0x800059d4 (0x1014) x13 0xf0510a1e
core   0: 0x800059d6 (0x0235da33) divu    s4, a1, gp
core   0: 3 0x800059d6 (0x0235da33) x20 0x00000000
core   0: 0x800059da (0x03ef3eb3) mulhu   t4, t5, t5
core   0: 3 0x800059da (0x03ef3eb3) x29 0x0000b981
core   0: 0x800059de (0xe68b7113) andi    sp, s6, -408
core   0: 3 0x800059de (0xe68b7113) x 2 0x00000008
core   0: 0x800059e2 (0xecc88d93) addi    s11, a7, -308
core   0: 3 0x800059e2 (0xecc88d93) x27 0xfffffecc
core   0: 0x800059e6 (0x01f4a5b3) slt     a1, s1, t6
core   0: 3 0x800059e6 (0x01f4a5b3) x11 0x00000000
core   0: 0x800059ea (0x00cb4933) xor     s2, s6, a2
core   0: 3 0x800059ea (0x00cb4933) x18 0x01000277
core   0: 0x800059ee (0x00008ede) c.mv    t4, s7
core   0: 3 0x800059ee (0x8ede) x29 0x80013ce4
core   0: 0x800059f0 (0x0315d033) divu    zero, a1, a7
core   0: 3 0x800059f0 (0x0315d033)
core   0: 0x800059f4 (0x00001a84) c.addi4spn s1, sp, 368
core   0: 3 0x800059f4 (0x1a84) x 9 0x00000178
core   0: 0x800059f6 (0x039ace33) div     t3, s5, s9
core   0: 3 0x800059f6 (0x039ace33) x28 0x00000000
core   0: 0x800059fa (0x00008ac1) c.andi  a3, 16
core   0: 3 0x800059fa (0x8ac1) x13 0x00000010
core   0: 0x800059fc (0x02b457b3) divu    a5, s0, a1
core   0: 3 0x800059fc (0x02b457b3) x15 0xffffffff
core   0: 0x80005a00 (0x41d30533) sub     a0, t1, t4
core   0: 3 0x80005a00 (0x41d30533) x10 0x7ffec31c
core   0: 0x80005a04 (0x023bdf33) divu    t5, s7, gp
core   0: 3 0x80005a04 (0x023bdf33) x30 0x00000000
core   0: 0x80005a08 (0x01f21c33) sll     s8, tp, t6
core   0: 3 0x80005a08 (0x01f21c33) x24 0x00000010
core   0: 0x80005a0c (0x40e25fb3) sra     t6, tp, a4
core   0: 3 0x80005a0c (0x40e25fb3) x31 0x00000000
core   0: 0x80005a10 (0x0000077e) c.slli  a4, 31
core   0: 3 0x80005a10 (0x077e) x14 0x00000000
core   0: 0x80005a12 (0x00311c93) slli    s9, sp, 3
core   0: 3 0x80005a12 (0x00311c93) x25 0x00000040
core   0: 0x80005a16 (0x0000717d) c.addi16sp sp, -16
core   0: 3 0x80005a16 (0x717d) x 2 0xfffffff8
core   0: 0x80005a18 (0x416eda13) srai    s4, t4, 22
core   0: 3 0x80005a18 (0x416eda13) x20 0xfffffe00
core   0: 0x80005a1c (0x00008e09) c.sub   a2, a0
core   0: 3 0x80005a1c (0x8e09) x12 0x81013f5d
core   0: 0x80005a1e (0xc0c7cf13) xori    t5, a5, -1012
core   0: 3 0x80005a1e (0xc0c7cf13) x30 0x000003f3
core   0: 0x80005a22 (0x00000522) c.slli  a0, 8
core   0: 3 0x80005a22 (0x0522) x10 0xfec31c00
core   0: 0x80005a24 (0x0000097e) c.slli  s2, 31
core   0: 3 0x80005a24 (0x097e) x18 0x80000000
core   0: 0x80005a26 (0x00560933) add     s2, a2, t0
core   0: 3 0x80005a26 (0x00560933) x18 0xae310839
core   0: 0x80005a2a (0x00000001) c.nop
core   0: 3 0x80005a2a (0x0001)
core   0: 0x80005a2c (0x01b7f9b3) and     s3, a5, s11
core   0: 3 0x80005a2c (0x01b7f9b3) x19 0xfffffecc
core   0: 0x80005a30 (0x0236f433) remu    s0, a3, gp
core   0: 3 0x80005a30 (0x0236f433) x 8 0x00000010
core   0: 0x80005a34 (0x00006149) c.addi16sp sp, 144
core   0: 3 0x80005a34 (0x6149) x 2 0x00000088
core   0: 0x80005a36 (0x01801013) slli    zero, zero, 24
core   0: 3 0x80005a36 (0x01801013)
core   0: 0x80005a3a (0x01fe6033) or      zero, t3, t6
core   0: 3 0x80005a3a (0x01fe6033)
core   0: 0x80005a3e (0x03ac8133) mul     sp, s9, s10
core   0: 3 0x80005a3e (0x03ac8133) x 2 0x00000000
core   0: 0x80005a42 (0x00008f49) c.or    a4, a0
core   0: 3 0x80005a42 (0x8f49) x14 0xfec31c00
core   0: 0x80005a44 (0x00c5aeb3) slt     t4, a1, a2
core   0: 3 0x80005a44 (0x00c5aeb3) x29 0x00000000
core   0: 0x80005a48 (0x007cc8b3) xor     a7, s9, t2
core   0: 3 0x80005a48 (0x007cc8b3) x17 0x2c04b93c
core   0: 0x80005a4c (0x0000717d) c.addi16sp sp, -16
core   0: 3 0x80005a4c (0x717d) x 2 0xfffffff0
core   0: 0x80005a4e (0x00008d51) c.or    a0, a2
core   0: 3 0x80005a4e (0x8d51) x10 0xffc33f5d
core   0: 0x80005a50 (0x00008075) c.srli  s0, 29
core   0: 3 0x80005a50 (0x8075) x 8 0x00000000
core   0: 0x80005a52 (0x02ab1633) mulh    a2, s6, a0
core   0: 3 0x80005a52 (0x02ab1633) x12 0xffffffff
core   0: 0x80005a56 (0x00009a1a) c.add   s4, t1
core   0: 3 0x80005a56 (0x9a1a) x20 0xfffffe00
core   0: 0x80005a58 (0xf5f7e493) ori     s1, a5, -161
core   0: 3 0x80005a58 (0xf5f7e493) x 9 0xffffffff
core   0: 0x80005a5c (0x69d709b7) lui     s3, 0x69d70
core   0: 3 0x80005a5c (0x69d709b7) x19 0x69d70000
core   0: 0x80005a60 (0x03615933) divu    s2, sp, s6
core   0: 3 0x80005a60 (0x03615933) x18 0x12492491
core   0: 0x80005a64 (0x02e73433) mulhu   s0, a4, a4
core   0: 3 0x80005a64 (0x02e73433) x 8 0xfd87c043
core   0: 0x80005a68 (0x00006131) c.addi16sp sp, 320
core   0: 3 0x80005a68 (0x6131) x 2 0x00000130
core   0: 0x80005a6a (0x025840b3) div     ra, a6, t0
core   0: 3 0x80005a6a (0x025840b3) x 1 0xfffffffe
core   0: 0x80005a6e (0x0000577d) c.li    a4, -1
core   0: 3 0x80005a6e (0x577d) x14 0xffffffff
core   0: 0x80005a70 (0x00008c3d) c.xor   s0, a5
core   0: 3 0x80005a70 (0x8c3d) x 8 0x02783fbc
core   0: 0x80005a72 (0x00f8ecb3) or      s9, a7, a5
core   0: 3 0x80005a72 (0x00f8ecb3) x25 0xffffffff
core   0: 0x80005a76 (0x00008a42) c.mv    s4, a6
core   0: 3 0x80005a76 (0x8a42) x20 0x8000fe64
core   0: 0x80005a78 (0x572fc313) xori    t1, t6, 1394
core   0: 3 0x80005a78 (0x572fc313) x 6 0x00000572
core   0: 0x80005a7c (0x3c4a4d93) xori    s11, s4, 964
core   0: 3 0x80005a7c (0x3c4a4d93) x27 0x8000fda0
core   0: 0x80005a80 (0x000003ee) c.slli  t2, 27
core   0: 3 0x80005a80 (0x03ee) x 7 0xe0000000
core   0: 0x80005a82 (0x00006141) c.addi16sp sp, 16
core   0: 3 0x80005a82 (0x6141) x 2 0x00000140
core   0: 0x80005a84 (0x00000992) c.slli  s3, 4
core   0: 3 0x80005a84 (0x0992) x19 0x9d700000
core   0: 0x80005a86 (0x01f6da13) srli    s4, a3, 31
core   0: 3 0x80005a86 (0x01f6da13) x20 0x00000000
core   0: 0x80005a8a (0x00004edd) c.li    t4, 23
core   0: 3 0x80005a8a (0x4edd) x29 0x00000017
core   0: 0x80005a8c (0x00008606) c.mv    a2, ra
core   0: 3 0x80005a8c (0x8606) x12 0xfffffffe
core   0: 0x80005a8e (0x52cced13) ori     s10, s9, 1324
core   0: 3 0x80005a8e (0x52cced13) x26 0xffffffff
core   0: 0x80005a92 (0x00000001) c.nop
core   0: 3 0x80005a92 (0x0001)
core   0: 0x80005a94 (0x00009a7d) c.andi  a2, -1
core   0: 3 0x80005a94 (0x9a7d) x12 0xfffffffe
core   0: 0x80005a96 (0x639ad497) auipc   s1, 0x639ad
core   0: 3 0x80005a96 (0x639ad497) x 9 0xe39b2a96
core   0: 0x80005a9a (0x0000717d) c.addi16sp sp, -16
core   0: 3 0x80005a9a (0x717d) x 2 0x00000130
core   0: 0x80005a9c (0x00000001) c.nop
core   0: 3 0x80005a9c (0x0001)
core   0: 0x80005a9e (0x0288b0b3) mulhu   ra, a7, s0
core   0: 3 0x80005a9e (0x0288b0b3) x 1 0x006cb69e
core   0: 0x80005aa2 (0x00008c19) c.sub   s0, a4
core   0: 3 0x80005aa2 (0x8c19) x 8 0x02783fbd
core   0: 0x80005aa4 (0x0169ed33) or      s10, s3, s6
core   0: 3 0x80005aa4 (0x0169ed33) x26 0x9d70000e
core   0: 0x80005aa8 (0x00000001) c.nop
core   0: 3 0x80005aa8 (0x0001)
core   0: 0x80005aaa (0x02260033) mul     zero, a2, sp
core   0: 3 0x80005aaa (0x02260033)
core   0: 0x80005aae (0x000084f9) c.srai  s1, 30
core   0: 3 0x80005aae (0x84f9) x 9 0xffffffff
core   0: 0x80005ab0 (0x03ded433) divu    s0, t4, t4
core   0: 3 0x80005ab0 (0x03ded433) x 8 0x00000001
core   0: 0x80005ab4 (0x8d03a093) slti    ra, t2, -1840
core   0: 3 0x80005ab4 (0x8d03a093) x 1 0x00000001
core   0: 0x80005ab8 (0x00009afd) c.andi  a3, -1
core   0: 3 0x80005ab8 (0x9afd) x13 0x00000010
core   0: 0x80005aba (0xe2b2f213) andi    tp, t0, -469
core   0: 3 0x80005aba (0xe2b2f213) x 4 0x2d2fc808
core   0: 0x80005abe (0xcde64693) xori    a3, a2, -802
core   0: 3 0x80005abe (0xcde64693) x13 0x00000320
core   0: 0x80005ac2 (0x010cefb3) or      t6, s9, a6
core   0: 3 0x80005ac2 (0x010cefb3) x31 0xffffffff
core   0: 0x80005ac6 (0x41575893) srai    a7, a4, 21
core   0: 3 0x80005ac6 (0x41575893) x17 0xffffffff
core   0: 0x80005aca (0x01c98233) add     tp, s3, t3
core   0: 3 0x80005aca (0x01c98233) x 4 0x9d700000
core   0: 0x80005ace (0x40835933) sra     s2, t1, s0
core   0: 3 0x80005ace (0x40835933) x18 0x000002b9
core   0: 0x80005ad2 (0x00000001) c.nop
core   0: 3 0x80005ad2 (0x0001)
core   0: 0x80005ad4 (0xaed7ec13) ori     s8, a5, -1299
core   0: 3 0x80005ad4 (0xaed7ec13) x24 0xffffffff
core   0: 0x80005ad8 (0x03576db3) rem     s11, a4, s5
core   0: 3 0x80005ad8 (0x03576db3) x27 0xffffffff
core   0: 0x80005adc (0x03cf31b3) mulhu   gp, t5, t3
core   0: 3 0x80005adc (0x03cf31b3) x 3 0x00000000
core   0: 0x80005ae0 (0x41e554b3) sra     s1, a0, t5
core   0: 3 0x80005ae0 (0x41e554b3) x 9 0xfffffff8
core   0: 0x80005ae4 (0x52bea313) slti    t1, t4, 1323
core   0: 3 0x80005ae4 (0x52bea313) x 6 0x00000001
core   0: 0x80005ae8 (0x40d25eb3) sra     t4, tp, a3
core   0: 3 0x80005ae8 (0x40d25eb3) x29 0x9d700000
core   0: 0x80005aec (0x03a61a33) mulh    s4, a2, s10
core   0: 3 0x80005aec (0x03a61a33) x20 0x00000000
core   0: 0x80005af0 (0x0000019c) c.addi4spn a5, sp, 192
core   0: 3 0x80005af0 (0x019c) x15 0x000001f0
core   0: 0x80005af2 (0x038c2133) mulhsu  sp, s8, s8
core   0: 3 0x80005af2 (0x038c2133) x 2 0xffffffff
core   0: 0x80005af6 (0x00994c33) xor     s8, s2, s1
core   0: 3 0x80005af6 (0x00994c33) x24 0xfffffd41
core   0: 0x80005afa (0x7dad8d13) addi    s10, s11, 2010
core   0: 3 0x80005afa (0x7dad8d13) x26 0x000007d9
core   0: 0x80005afe (0x0154f033) and     zero, s1, s5
core   0: 3 0x80005afe (0x0154f033)
core   0: 0x80005b02 (0x5b088e93) addi    t4, a7, 1456
core   0: 3 0x80005b02 (0x5b088e93) x29 0x000005af
core   0: 0x80005b06 (0x408089b3) sub     s3, ra, s0
core   0: 3 0x80005b06 (0x408089b3) x19 0x00000000
core   0: 0x80005b0a (0x024ca8b3) mulhsu  a7, s9, tp
core   0: 3 0x80005b0a (0x024ca8b3) x17 0xffffffff
core   0: 0x80005b0e (0x00008f01) c.sub   a4, s0
core   0: 3 0x80005b0e (0x8f01) x14 0xfffffffe
core   0: 0x80005b10 (0x00008c1e) c.mv    s8, t2
core   0: 3 0x80005b10 (0x8c1e) x24 0xe0000000
core   0: 0x80005b12 (0x402e5313) srai    t1, t3, 2
core   0: 3 0x80005b12 (0x402e5313) x 6 0x00000000
core   0: 0x80005b16 (0x00006d9d) c.lui   s11, 0x7
core   0: 3 0x80005b16 (0x6d9d) x27 0x00007000
core   0: 0x80005b18 (0x0141d7b3) srl     a5, gp, s4
core   0: 3 0x80005b18 (0x0141d7b3) x15 0x00000000
core   0: 0x80005b1c (0x00004f11) c.li    t5, 4
core   0: 3 0x80005b1c (0x4f11) x30 0x00000004
core   0: 0x80005b1e (0x039e2c33) mulhsu  s8, t3, s9
core   0: 3 0x80005b1e (0x039e2c33) x24 0x00000000
core   0: 0x80005b22 (0x00000298) c.addi4spn a4, sp, 320
core   0: 3 0x80005b22 (0x0298) x14 0x0000013f
core   0: 0x80005b24 (0x00006135) c.addi16sp sp, 352
core   0: 3 0x80005b24 (0x6135) x 2 0x0000015f
core   0: 0x80005b26 (0x2e3ea593) slti    a1, t4, 739
core   0: 3 0x80005b26 (0x2e3ea593) x11 0x00000000
core   0: 0x80005b2a (0xa274c913) xori    s2, s1, -1497
core   0: 3 0x80005b2a (0xa274c913) x18 0x000005df
core   0: 0x80005b2e (0x00008f49) c.or    a4, a0
core   0: 3 0x80005b2e (0x8f49) x14 0xffc33f7f
core   0: 0x80005b30 (0x0000997d) c.andi  a0, -1
core   0: 3 0x80005b30 (0x997d) x10 0xffc33f5d
core   0: 0x80005b32 (0x3d31c317) auipc   t1, 0x3d31c
core   0: 3 0x80005b32 (0x3d31c317) x 6 0xbd321b32
core   0: 0x80005b36 (0x00006175) c.addi16sp sp, 368
core   0: 3 0x80005b36 (0x6175) x 2 0x000002cf
core   0: 0x80005b38 (0x80a14937) lui     s2, 0x80a14
core   0: 3 0x80005b38 (0x80a14937) x18 0x80a14000
core   0: 0x80005b3c (0x01075493) srli    s1, a4, 16
core   0: 3 0x80005b3c (0x01075493) x 9 0x0000ffc3
core   0: 0x80005b40 (0x00008389) c.srli  a5, 2
core   0: 3 0x80005b40 (0x8389) x15 0x00000000
core   0: 0x80005b42 (0x03820033) mul     zero, tp, s8
core   0: 3 0x80005b42 (0x03820033)
core   0: 0x80005b46 (0x4118dd13) srai    s10, a7, 17
core   0: 3 0x80005b46 (0x4118dd13) x26 0xffffffff
core   0: 0x80005b4a (0x8075bc97) auipc   s9, 0x8075b
core   0: 3 0x80005b4a (0x8075bc97) x25 0x00760b4a
core   0: 0x80005b4e (0xf4980193) addi    gp, a6, -183
core   0: 3 0x80005b4e (0xf4980193) x 3 0x8000fdad
core   0: 0x80005b52 (0x000081fd) c.srli  a1, 31
core   0: 3 0x80005b52 (0x81fd) x11 0x00000000
core   0: 0x80005b54 (0x0000432d) c.li    t1, 11
core   0: 3 0x80005b54 (0x432d) x 6 0x0000000b
core   0: 0x80005b56 (0x00001cfd) c.addi  s9, -1
core   0: 3 0x80005b56 (0x1cfd) x25 0x00760b49
core   0: 0x80005b58 (0x000063fd) c.lui   t2, 0x1f
core   0: 3 0x80005b58 (0x63fd) x 7 0x0001f000
core   0: 0x80005b5a (0x001168b3) or      a7, sp, ra
core   0: 3 0x80005b5a (0x001168b3) x17 0x000002cf
core   0: 0x80005b5e (0x00006109) c.addi16sp sp, 128
core   0: 3 0x80005b5e (0x6109) x 2 0x0000034f
core   0: 0x80005b60 (0x00008c25) c.xor   s0, s1
core   0: 3 0x80005b60 (0x8c25) x 8 0x0000ffc2
core   0: 0x80005b62 (0x000ac8b3) xor     a7, s5, zero
core   0: 3 0x80005b62 (0x000ac8b3) x17 0x00000000
core   0: 0x80005b66 (0x03ed2f33) mulhsu  t5, s10, t5
core   0: 3 0x80005b66 (0x03ed2f33) x30 0xffffffff
core   0: 0x80005b6a (0x41c8d913) srai    s2, a7, 28
core   0: 3 0x80005b6a (0x41c8d913) x18 0x00000000
core   0: 0x80005b6e (0x0000811e) c.mv    sp, t2
core   0: 3 0x80005b6e (0x811e) x 2 0x0001f000
core   0: 0x80005b70 (0x005f4733) xor     a4, t5, t0
core   0: 3 0x80005b70 (0x005f4733) x14 0xd2d03723
core   0: 0x80005b74 (0xbd2ff713) andi    a4, t6, -1070
core   0: 3 0x80005b74 (0xbd2ff713) x14 0xfffffbd2
core   0: 0x80005b78 (0x1ee47793) andi    a5, s0, 494
core   0: 3 0x80005b78 (0x1ee47793) x15 0x000001c2
core   0: 0x80005b7c (0x9135ee93) ori     t4, a1, -1773
core   0: 3 0x80005b7c (0x9135ee93) x29 0xfffff913
core   0: 0x80005b80 (0x00000001) c.nop
core   0: 3 0x80005b80 (0x0001)
core   0: 0x80005b82 (0x0265beb3) mulhu   t4, a1, t1
core   0: 3 0x80005b82 (0x0265beb3) x29 0x00000000
core   0: 0x80005b86 (0x41af5533) sra     a0, t5, s10
core   0: 3 0x80005b86 (0x41af5533) x10 0xffffffff
core   0: 0x80005b8a (0x00006115) c.addi16sp sp, 288
core   0: 3 0x80005b8a (0x6115) x 2 0x0001f120
core   0: 0x80005b8c (0x40d35033) sra     zero, t1, a3
core   0: 3 0x80005b8c (0x40d35033)
core   0: 0x80005b90 (0x0054d1b3) srl     gp, s1, t0
core   0: 3 0x80005b90 (0x0054d1b3) x 3 0x00000000
core   0: 0x80005b94 (0x00000a49) c.addi  s4, 18
core   0: 3 0x80005b94 (0x0a49) x20 0x00000012
core   0: 0x80005b96 (0x0000616d) c.addi16sp sp, 240
core   0: 3 0x80005b96 (0x616d) x 2 0x0001f210
core   0: 0x80005b98 (0x016d9913) slli    s2, s11, 22
core   0: 3 0x80005b98 (0x016d9913) x18 0x00000000
core   0: 0x80005b9c (0x00006119) c.addi16sp sp, 384
core   0: 3 0x80005b9c (0x6119) x 2 0x0001f390
core   0: 0x80005b9e (0x5c5f4393) xori    t2, t5, 1477
core   0: 3 0x80005b9e (0x5c5f4393) x 7 0xfffffa3a
core   0: 0x80005ba2 (0x1418f893) andi    a7, a7, 321
core   0: 3 0x80005ba2 (0x1418f893) x17 0x00000000
core   0: 0x80005ba6 (0x01f2e533) or      a0, t0, t6
core   0: 3 0x80005ba6 (0x01f2e533) x10 0xffffffff
core   0: 0x80005baa (0x00008ee5) c.and   a3, s1
core   0: 3 0x80005baa (0x8ee5) x13 0x00000300
core   0: 0x80005bac (0x0000987d) c.andi  s0, -1
core   0: 3 0x80005bac (0x987d) x 8 0x0000ffc2
core   0: 0x80005bae (0x03504933) div     s2, zero, s5
core   0: 3 0x80005bae (0x03504933) x18 0xffffffff
core   0: 0x80005bb2 (0x030bfc33) remu    s8, s7, a6
core   0: 3 0x80005bb2 (0x030bfc33) x24 0x00003e80
core   0: 0x80005bb6 (0x0000597d) c.li    s2, -1
core   0: 3 0x80005bb6 (0x597d) x18 0xffffffff
core   0: 0x80005bb8 (0x00006179) c.addi16sp sp, 464
core   0: 3 0x80005bb8 (0x6179) x 2 0x0001f560
core   0: 0x80005bba (0x00009a3a) c.add   s4, a4
core   0: 3 0x80005bba (0x9a3a) x20 0xfffffbe4
core   0: 0x80005bbc (0x00000e66) c.slli  t3, 25
core   0: 3 0x80005bbc (0x0e66) x28 0x00000000
core   0: 0x80005bbe (0x408dd7b3) sra     a5, s11, s0
core   0: 3 0x80005bbe (0x408dd7b3) x15 0x00001c00
core   0: 0x80005bc2 (0x0117da33) srl     s4, a5, a7
core   0: 3 0x80005bc2 (0x0117da33) x20 0x00001c00
core   0: 0x80005bc6 (0x01e887b3) add     a5, a7, t5
core   0: 3 0x80005bc6 (0x01e887b3) x15 0xffffffff
core   0: 0x80005bca (0xb7436293) ori     t0, t1, -1164
core   0: 3 0x80005bca (0xb7436293) x 5 0xfffffb7f
core   0: 0x80005bce (0x0000013e) c.slli  sp, 15
core   0: 3 0x80005bce (0x013e) x 2 0xfab00000
core   0: 0x80005bd0 (0x01cad513) srli    a0, s5, 28
core   0: 3 0x80005bd0 (0x01cad513) x10 0x00000000
core   0: 0x80005bd4 (0x00eba533) slt     a0, s7, a4
core   0: 3 0x80005bd4 (0x00eba533) x10 0x00000001
core   0: 0x80005bd8 (0x00006351) c.lui   t1, 0x14
core   0: 3 0x80005bd8 (0x6351) x 6 0x00014000
core   0: 0x80005bda (0x00dd1193) slli    gp, s10, 13
core   0: 3 0x80005bda (0x00dd1193) x 3 0xffffe000
core   0: 0x80005bde (0x0294f8b3) remu    a7, s1, s1
core   0: 3 0x80005bde (0x0294f8b3) x17 0x00000000
core   0: 0x80005be2 (0x00008fe1) c.and   a5, s0
core   0: 3 0x80005be2 (0x8fe1) x15 0x0000ffc2
core   0: 0x80005be4 (0x00008232) c.mv    tp, a2
core   0: 3 0x80005be4 (0x8232) x 4 0xfffffffe
core   0: 0x80005be6 (0x00008cfd) c.and   s1, a5
core   0: 3 0x80005be6 (0x8cfd) x 9 0x0000ffc2
core   0: 0x80005be8 (0x00008d25) c.xor   a0, s1
core   0: 3 0x80005be8 (0x8d25) x10 0x0000ffc3
core   0: 0x80005bea (0x00008d09) c.sub   a0, a0
core   0: 3 0x80005bea (0x8d09) x10 0x00000000
core   0: 0x80005bec (0xef0a6713) ori     a4, s4, -272
core   0: 3 0x80005bec (0xef0a6713) x14 0xfffffef0
core   0: 0x80005bf0 (0x70f28793) addi    a5, t0, 1807
core   0: 3 0x80005bf0 (0x70f28793) x15 0x0000028e
core   0: 0x80005bf4 (0x037456b3) divu    a3, s0, s7
core   0: 3 0x80005bf4 (0x037456b3) x13 0x00000000
core   0: 0x80005bf8 (0x018ad193) srli    gp, s5, 24
core   0: 3 0x80005bf8 (0x018ad193) x 3 0x00000000
core   0: 0x80005bfc (0x00008e1a) c.mv    t3, t1
core   0: 3 0x80005bfc (0x8e1a) x28 0x00014000
core   0: 0x80005bfe (0x016b2133) slt     sp, s6, s6
core   0: 3 0x80005bfe (0x016b2133) x 2 0x00000000
core   0: 0x80005c02 (0x011827b3) slt     a5, a6, a7
core   0: 3 0x80005c02 (0x011827b3) x15 0x00000001
core   0: 0x80005c06 (0x00000001) c.nop
core   0: 3 0x80005c06 (0x0001)
core   0: 0x80005c08 (0x01875893) srli    a7, a4, 24
core   0: 3 0x80005c08 (0x01875893) x17 0x000000ff
core   0: 0x80005c0c (0x0000717d) c.addi16sp sp, -16
core   0: 3 0x80005c0c (0x717d) x 2 0xfffffff0
core   0: 0x80005c0e (0x000080be) c.mv    ra, a5
core   0: 3 0x80005c0e (0x80be) x 1 0x00000001
core   0: 0x80005c10 (0x00001014) c.addi4spn a3, sp, 32
core   0: 3 0x80005c10 (0x1014) x13 0x00000010
core   0: 0x80005c12 (0x9f74f093) andi    ra, s1, -1545
core   0: 3 0x80005c12 (0x9f74f093) x 1 0x0000f9c2
core   0: 0x80005c16 (0x01e600b3) add     ra, a2, t5
core   0: 3 0x80005c16 (0x01e600b3) x 1 0xfffffffd
core   0: 0x80005c1a (0x007502b3) add     t0, a0, t2
core   0: 3 0x80005c1a (0x007502b3) x 5 0xfffffa3a
core   0: 0x80005c1e (0x000083ed) c.srli  a5, 27
core   0: 3 0x80005c1e (0x83ed) x15 0x00000000
core   0: 0x80005c20 (0x9f6fa797) auipc   a5, 0x9f6fa
core   0: 3 0x80005c20 (0x9f6fa797) x15 0x1f6ffc20
core   0: 0x80005c24 (0x03534433) div     s0, t1, s5
core   0: 3 0x80005c24 (0x03534433) x 8 0xffffffff
core   0: 0x80005c28 (0x022e6333) rem     t1, t3, sp
core   0: 3 0x80005c28 (0x022e6333) x 6 0x00000000
core   0: 0x80005c2c (0xef387893) andi    a7, a6, -269
core   0: 3 0x80005c2c (0xef387893) x17 0x8000fe60
core   0: 0x80005c30 (0x000bceb3) xor     t4, s7, zero
core   0: 3 0x80005c30 (0x000bceb3) x29 0x80013ce4
core   0: 0x80005c34 (0x8f393693) sltiu   a3, s2, -1805
core   0: 3 0x80005c34 (0x8f393693) x13 0x00000000
core   0: 0x80005c38 (0x0000866d) c.srai  a2, 27
core   0: 3 0x80005c38 (0x866d) x12 0xffffffff
core   0: 0x80005c3a (0x41470e33) sub     t3, a4, s4
core   0: 3 0x80005c3a (0x41470e33) x28 0xffffe2f0
core   0: 0x80005c3e (0x00006131) c.addi16sp sp, 320
core   0: 3 0x80005c3e (0x6131) x 2 0x00000130
core   0: 0x80005c40 (0x00008fe1) c.and   a5, s0
core   0: 3 0x80005c40 (0x8fe1) x15 0x1f6ffc20
core   0: 0x80005c42 (0x00008835) c.andi  s0, 13
core   0: 3 0x80005c42 (0x8835) x 8 0x0000000d
core   0: 0x80005c44 (0x03bcb533) mulhu   a0, s9, s11
core   0: 3 0x80005c44 (0x03bcb533) x10 0x00000033
core   0: 0x80005c48 (0x400f8db3) sub     s11, t6, zero
core   0: 3 0x80005c48 (0x400f8db3) x27 0xffffffff
core   0: 0x80005c4c (0x00000abd) c.addi  s5, 15
core   0: 3 0x80005c4c (0x0abd) x21 0x0000000f
core   0: 0x80005c4e (0x418a0d33) sub     s10, s4, s8
core   0: 3 0x80005c4e (0x418a0d33) x26 0xffffdd80
core   0: 0x80005c52 (0x007cb9b3) sltu    s3, s9, t2
core   0: 3 0x80005c52 (0x007cb9b3) x19 0x00000001
core   0: 0x80005c56 (0x0118d7b3) srl     a5, a7, a7
core   0: 3 0x80005c56 (0x0118d7b3) x15 0x8000fe60
core   0: 0x80005c5a (0x16304393) xori    t2, zero, 355
core   0: 3 0x80005c5a (0x16304393) x 7 0x00000163
core   0: 0x80005c5e (0x00006129) c.addi16sp sp, 192
core   0: 3 0x80005c5e (0x6129) x 2 0x000001f0
core   0: 0x80005c60 (0x000082a9) c.srli  a3, 10
core   0: 3 0x80005c60 (0x82a9) x13 0x00000000
core   0: 0x80005c62 (0xf55f4693) xori    a3, t5, -171
core   0: 3 0x80005c62 (0xf55f4693) x13 0x000000aa
core   0: 0x80005c66 (0x01311913) slli    s2, sp, 19
core   0: 3 0x80005c66 (0x01311913) x18 0x0f800000
core   0: 0x80005c6a (0x00008e4d) c.or    a2, a1
core   0: 3 0x80005c6a (0x8e4d) x12 0xffffffff
core   0: 0x80005c6c (0x00008a39) c.andi  a2, 14
core   0: 3 0x80005c6c (0x8a39) x12 0x0000000e
core   0: 0x80005c6e (0x00008b21) c.andi  a4, 8
core   0: 3 0x80005c6e (0x8b21) x14 0x00000000
core   0: 0x80005c70 (0x00008d05) c.sub   a0, s1
core   0: 3 0x80005c70 (0x8d05) x10 0xffff0071
core   0: 0x80005c72 (0x00481933) sll     s2, a6, tp
core   0: 3 0x80005c72 (0x00481933) x18 0x00000000
core   0: 0x80005c76 (0x00000001) c.nop
core   0: 3 0x80005c76 (0x0001)
core   0: 0x80005c78 (0x404cd693) srai    a3, s9, 4
core   0: 3 0x80005c78 (0x404cd693) x13 0x000760b4
core   0: 0x80005c7c (0x50b30193) addi    gp, t1, 1291
core   0: 3 0x80005c7c (0x50b30193) x 3 0x0000050b
core   0: 0x80005c80 (0x028fb2b3) mulhu   t0, t6, s0
core   0: 3 0x80005c80 (0x028fb2b3) x 5 0x0000000c
core   0: 0x80005c84 (0x00008efd) c.and   a3, a5
core   0: 3 0x80005c84 (0x8efd) x13 0x00006020
core   0: 0x80005c86 (0x544a2413) slti    s0, s4, 1348
core   0: 3 0x80005c86 (0x544a2413) x 8 0x00000000
core   0: 0x80005c8a (0x68967693) andi    a3, a2, 1673
core   0: 3 0x80005c8a (0x68967693) x13 0x00000008
core   0: 0x80005c8e (0x00000c79) c.addi  s8, 30
core   0: 3 0x80005c8e (0x0c79) x24 0x00003e9e
core   0: 0x80005c90 (0xb1b6ad13) slti    s10, a3, -1253
core   0: 3 0x80005c90 (0xb1b6ad13) x26 0x00000000
core   0: 0x80005c94 (0xd2ffa913) slti    s2, t6, -721
core   0: 3 0x80005c94 (0xd2ffa913) x18 0x00000000
core   0: 0x80005c98 (0x021ed3b3) divu    t2, t4, ra
core   0: 3 0x80005c98 (0x021ed3b3) x 7 0x00000000
core   0: 0x80005c9c (0x0019e9b3) or      s3, s3, ra
core   0: 3 0x80005c9c (0x0019e9b3) x19 0xfffffffd
core   0: 0x80005ca0 (0x00000084) c.addi4spn s1, sp, 64
core   0: 3 0x80005ca0 (0x0084) x 9 0x00000230
core   0: 0x80005ca2 (0x28ba4e93) xori    t4, s4, 651
core   0: 3 0x80005ca2 (0x28ba4e93) x29 0x00001e8b
core   0: 0x80005ca6 (0x00000001) c.nop
core   0: 3 0x80005ca6 (0x0001)
core   0: 0x80005ca8 (0x0000527d) c.li    tp, -1
core   0: 3 0x80005ca8 (0x527d) x 4 0xffffffff
core   0: 0x80005caa (0x02fdb5b3) mulhu   a1, s11, a5
core   0: 3 0x80005caa (0x02fdb5b3) x11 0x8000fe5f
core   0: 0x80005cae (0x41598233) sub     tp, s3, s5
core   0: 3 0x80005cae (0x41598233) x 4 0xffffffee
core   0: 0x80005cb2 (0x00ecd533) srl     a0, s9, a4
core   0: 3 0x80005cb2 (0x00ecd533) x10 0x00760b49
core   0: 0x80005cb6 (0xfcc6a313) slti    t1, a3, -52
core   0: 3 0x80005cb6 (0xfcc6a313) x 6 0x00000000
core   0: 0x80005cba (0xbecd7693) andi    a3, s10, -1044
core   0: 3 0x80005cba (0xbecd7693) x13 0x00000000
core   0: 0x80005cbe (0x007f46b3) xor     a3, t5, t2
core   0: 3 0x80005cbe (0x007f46b3) x13 0xffffffff
core   0: 0x80005cc2 (0x0363beb3) mulhu   t4, t2, s6
core   0: 3 0x80005cc2 (0x0363beb3) x29 0x00000000
core   0: 0x80005cc6 (0xfc43cfb7) lui     t6, 0xfc43c
core   0: 3 0x80005cc6 (0xfc43cfb7) x31 0xfc43c000
core   0: 0x80005cca (0x0028c733) xor     a4, a7, sp
core   0: 3 0x80005cca (0x0028c733) x14 0x8000ff90
core   0: 0x80005cce (0x00008529) c.srai  a0, 10
core   0: 3 0x80005cce (0x8529) x10 0x00001d82
core   0: 0x80005cd0 (0x00004979) c.li    s2, 30
core   0: 3 0x80005cd0 (0x4979) x18 0x0000001e
core   0: 0x80005cd2 (0x0138cc33) xor     s8, a7, s3
core   0: 3 0x80005cd2 (0x0138cc33) x24 0x7fff019d
core   0: 0x80005cd6 (0x0000018c) c.addi4spn a1, sp, 192
core   0: 3 0x80005cd6 (0x018c) x11 0x000002b0
core   0: 0x80005cd8 (0x00da66b3) or      a3, s4, a3
core   0: 3 0x80005cd8 (0x00da66b3) x13 0xffffffff
core   0: 0x80005cdc (0x4075dc93) srai    s9, a1, 7
core   0: 3 0x80005cdc (0x4075dc93) x25 0x00000005
core   0: 0x80005ce0 (0x0000157d) c.addi  a0, -1
core   0: 3 0x80005ce0 (0x157d) x10 0x00001d81
core   0: 0x80005ce2 (0x00008d01) c.sub   a0, s0
core   0: 3 0x80005ce2 (0x8d01) x10 0x00001d81
core   0: 0x80005ce4 (0x76e48c13) addi    s8, s1, 1902
core   0: 3 0x80005ce4 (0x76e48c13) x24 0x0000099e
core   0: 0x80005ce8 (0x000012fd) c.addi  t0, -1
core   0: 3 0x80005ce8 (0x12fd) x 5 0x0000000b
core   0: 0x80005cea (0x00124ab3) xor     s5, tp, ra
core   0: 3 0x80005cea (0x00124ab3) x21 0x00000013
core   0: 0x80005cee (0x000002fd) c.addi  t0, 31
core   0: 3 0x80005cee (0x02fd) x 5 0x0000002a
core   0: 0x80005cf0 (0x000055fd) c.li    a1, -1
core   0: 3 0x80005cf0 (0x55fd) x11 0xffffffff
core   0: 0x80005cf2 (0x025d0233) mul     tp, s10, t0
core   0: 3 0x80005cf2 (0x025d0233) x 4 0x00000000
core   0: 0x80005cf6 (0x02a7c9b3) div     s3, a5, a0
core   0: 3 0x80005cf6 (0x02a7c9b3) x19 0xfffba967
core   0: 0x80005cfa (0x02fdb9b3) mulhu   s3, s11, a5
core   0: 3 0x80005cfa (0x02fdb9b3) x19 0x8000fe5f
core   0: 0x80005cfe (0x00008d05) c.sub   a0, s1
core   0: 3 0x80005cfe (0x8d05) x10 0x00001b51
core   0: 0x80005d00 (0x00ad9ab3) sll     s5, s11, a0
core   0: 3 0x80005d00 (0x00ad9ab3) x21 0xfffe0000
core   0: 0x80005d04 (0xbd8a7e93) andi    t4, s4, -1064
core   0: 3 0x80005d04 (0xbd8a7e93) x29 0x00001800
core   0: 0x80005d08 (0xdb074a93) xori    s5, a4, -592
core   0: 3 0x80005d08 (0xdb074a93) x21 0x7fff0220
core   0: 0x80005d0c (0x0000858a) c.mv    a1, sp
core   0: 3 0x80005d0c (0x858a) x11 0x000001f0
core   0: 0x80005d0e (0x80923893) sltiu   a7, tp, -2039
core   0: 3 0x80005d0e (0x80923893) x17 0x00000001
core   0: 0x80005d12 (0x01985d33) srl     s10, a6, s9
core   0: 3 0x80005d12 (0x01985d33) x26 0x040007f3
core   0: 0x80005d16 (0x00001880) c.addi4spn s0, sp, 112
core   0: 3 0x80005d16 (0x1880) x 8 0x00000260
core   0: 0x80005d18 (0xbedf9eb7) lui     t4, 0xbedf9
core   0: 3 0x80005d18 (0xbedf9eb7) x29 0xbedf9000
core   0: 0x80005d1c (0x031a8033) mul     zero, s5, a7
core   0: 3 0x80005d1c (0x031a8033)
core   0: 0x80005d20 (0x00000001) c.nop
core   0: 3 0x80005d20 (0x0001)
core   0: 0x80005d22 (0x00000700) c.addi4spn s0, sp, 896
core   0: 3 0x80005d22 (0x0700) x 8 0x00000570
core   0: 0x80005d24 (0x00000001) c.nop
core   0: 3 0x80005d24 (0x0001)
core   0: 0x80005d26 (0x00000710) c.addi4spn a2, sp, 896
core   0: 3 0x80005d26 (0x0710) x12 0x00000570
core   0: 0x80005d28 (0x0131e9b3) or      s3, gp, s3
core   0: 3 0x80005d28 (0x0131e9b3) x19 0x8000ff5f
core   0: 0x80005d2c (0x00009232) c.add   tp, a2
core   0: 3 0x80005d2c (0x9232) x 4 0x00000570
core   0: 0x80005d2e (0x03b58a33) mul     s4, a1, s11
core   0: 3 0x80005d2e (0x03b58a33) x20 0xfffffe10
core   0: 0x80005d32 (0x465eb613) sltiu   a2, t4, 1125
core   0: 3 0x80005d32 (0x465eb613) x12 0x00000000
core   0: 0x80005d36 (0x025c7f33) remu    t5, s8, t0
core   0: 3 0x80005d36 (0x025c7f33) x30 0x0000001a
core   0: 0x80005d3a (0x71f0f993) andi    s3, ra, 1823
core   0: 3 0x80005d3a (0x71f0f993) x19 0x0000071d
core   0: 0x80005d3e (0x0111d533) srl     a0, gp, a7
core   0: 3 0x80005d3e (0x0111d533) x10 0x00000285
core   0: 0x80005d42 (0xb117c313) xori    t1, a5, -1263
core   0: 3 0x80005d42 (0xb117c313) x 6 0x7fff0571
core   0: 0x80005d46 (0x41095393) srai    t2, s2, 16
core   0: 3 0x80005d46 (0x41095393) x 7 0x00000000
core   0: 0x80005d4a (0x0391aa33) mulhsu  s4, gp, s9
core   0: 3 0x80005d4a (0x0391aa33) x20 0x00000000
core   0: 0x80005d4e (0x41fedf93) srai    t6, t4, 31
core   0: 3 0x80005d4e (0x41fedf93) x31 0xffffffff
core   0: 0x80005d52 (0x000087f5) c.srai  a5, 29
core   0: 3 0x80005d52 (0x87f5) x15 0xfffffffc
core   0: 0x80005d54 (0x000080a5) c.srli  s1, 9
core   0: 3 0x80005d54 (0x80a5) x 9 0x00000001
core   0: 0x80005d56 (0x00780db3) add     s11, a6, t2
core   0: 3 0x80005d56 (0x00780db3) x27 0x8000fe64
core   0: 0x80005d5a (0x00001c7d) c.addi  s8, -1
core   0: 3 0x80005d5a (0x1c7d) x24 0x0000099d
core   0: 0x80005d5c (0x0175ec33) or      s8, a1, s7
core   0: 3 0x80005d5c (0x0175ec33) x24 0x80013df4
core   0: 0x80005d60 (0x0324e1b3) rem     gp, s1, s2
core   0: 3 0x80005d60 (0x0324e1b3) x 3 0x00000001
core   0: 0x80005d64 (0x00008d81) c.sub   a1, s0
core   0: 3 0x80005d64 (0x8d81) x11 0xfffffc80
core   0: 0x80005d66 (0x00004371) c.li    t1, 28
core   0: 3 0x80005d66 (0x4371) x 6 0x0000001c
core   0: 0x80005d68 (0x00000001) c.nop
core   0: 3 0x80005d68 (0x0001)
core   0: 0x80005d6a (0x03623533) mulhu   a0, tp, s6
core   0: 3 0x80005d6a (0x03623533) x10 0x00000000
core   0: 0x80005d6e (0x00b355b3) srl     a1, t1, a1
core   0: 3 0x80005d6e (0x00b355b3) x11 0x0000001c
core   0: 0x80005d72 (0x00008f81) c.sub   a5, s0
core   0: 3 0x80005d72 (0x8f81) x15 0xfffffa8c
core   0: 0x80005d74 (0xee2dd797) auipc   a5, 0xee2dd
core   0: 3 0x80005d74 (0xee2dd797) x15 0x6e2e2d74
core   0: 0x80005d78 (0x00000001) c.nop
core   0: 3 0x80005d78 (0x0001)
core   0: 0x80005d7a (0xbbc7f713) andi    a4, a5, -1092
core   0: 3 0x80005d7a (0xbbc7f713) x14 0x6e2e2934
core   0: 0x80005d7e (0x038bc8b3) div     a7, s7, s8
core   0: 3 0x80005d7e (0x038bc8b3) x17 0x00000001
core   0: 0x80005d82 (0x40dd5f33) sra     t5, s10, a3
core   0: 3 0x80005d82 (0x40dd5f33) x30 0x00000000
core   0: 0x80005d86 (0x434ca393) slti    t2, s9, 1076
core   0: 3 0x80005d86 (0x434ca393) x 7 0x00000001
core   0: 0x80005d8a (0x00009462) c.add   s0, s8
core   0: 3 0x80005d8a (0x9462) x 8 0x80014364
core   0: 0x80005d8c (0x038cd0b3) divu    ra, s9, s8
core   0: 3 0x80005d8c (0x038cd0b3) x 1 0x00000000
core   0: 0x80005d90 (0x00001ffd) c.addi  t6, -1
core   0: 3 0x80005d90 (0x1ffd) x31 0xfffffffe
core   0: 0x80005d92 (0x0125da93) srli    s5, a1, 18
core   0: 3 0x80005d92 (0x0125da93) x21 0x00000000
core   0: 0x80005d96 (0x0000147d) c.addi  s0, -1
core   0: 3 0x80005d96 (0x147d) x 8 0x80014363
core   0: 0x80005d98 (0xfe152693) slti    a3, a0, -31
core   0: 3 0x80005d98 (0xfe152693) x13 0x00000000
core   0: 0x80005d9c (0x00715d33) srl     s10, sp, t2
core   0: 3 0x80005d9c (0x00715d33) x26 0x000000f8
core   0: 0x80005da0 (0x030c94b3) mulh    s1, s9, a6
core   0: 3 0x80005da0 (0x030c94b3) x 9 0xfffffffd
core   0: 0x80005da4 (0x0000830d) c.srli  a4, 3
core   0: 3 0x80005da4 (0x830d) x14 0x0dc5c526
core   0: 0x80005da6 (0x000041fd) c.li    gp, 31
core   0: 3 0x80005da6 (0x41fd) x 3 0x0000001f
core   0: 0x80005da8 (0x00008785) c.srai  a5, 1
core   0: 3 0x80005da8 (0x8785) x15 0x371716ba
core   0: 0x80005daa (0x0000177d) c.addi  a4, -1
core   0: 3 0x80005daa (0x177d) x14 0x0dc5c525
core   0: 0x80005dac (0x03c35eb3) divu    t4, t1, t3
core   0: 3 0x80005dac (0x03c35eb3) x29 0x00000000
core   0: 0x80005db0 (0x01331c33) sll     s8, t1, s3
core   0: 3 0x80005db0 (0x01331c33) x24 0x80000000
core   0: 0x80005db4 (0x01338ab3) add     s5, t2, s3
core   0: 3 0x80005db4 (0x01338ab3) x21 0x0000071e
core   0: 0x80005db8 (0xeefbff97) auipc   t6, 0xeefbf
core   0: 3 0x80005db8 (0xeefbff97) x31 0x6efc4db8
core   0: 0x80005dbc (0x40fcd613) srai    a2, s9, 15
core   0: 3 0x80005dbc (0x40fcd613) x12 0x00000000
core   0: 0x80005dc0 (0x02a994b3) mulh    s1, s3, a0
core   0: 3 0x80005dc0 (0x02a994b3) x 9 0x00000000
core   0: 0x80005dc4 (0x00911d13) slli    s10, sp, 9
core   0: 3 0x80005dc4 (0x00911d13) x26 0x0003e000
core   0: 0x80005dc8 (0x05548693) addi    a3, s1, 85
core   0: 3 0x80005dc8 (0x05548693) x13 0x00000055
core   0: 0x80005dcc (0x008c9e93) slli    t4, s9, 8
core   0: 3 0x80005dcc (0x008c9e93) x29 0x00000500
core   0: 0x80005dd0 (0x00008c55) c.or    s0, a3
core   0: 3 0x80005dd0 (0x8c55) x 8 0x80014377
core   0: 0x80005dd2 (0x95666a13) ori     s4, a2, -1706
core   0: 3 0x80005dd2 (0x95666a13) x20 0xfffff956
core   0: 0x80005dd6 (0x00001104) c.addi4spn s1, sp, 160
core   0: 3 0x80005dd6 (0x1104) x 9 0x00000290
core   0: 0x80005dd8 (0x000080c1) c.srli  s1, 16
core   0: 3 0x80005dd8 (0x80c1) x 9 0x00000000
core   0: 0x80005dda (0x0213f033) remu    zero, t2, ra
core   0: 3 0x80005dda (0x0213f033)
core   0: 0x80005dde (0x0297ef33) rem     t5, a5, s1
core   0: 3 0x80005dde (0x0297ef33) x30 0x371716ba
core   0: 0x80005de2 (0x003a8fb3) add     t6, s5, gp
core   0: 3 0x80005de2 (0x003a8fb3) x31 0x0000073d
core   0: 0x80005de6 (0x0000717d) c.addi16sp sp, -16
core   0: 3 0x80005de6 (0x717d) x 2 0x000001e0
core   0: 0x80005de8 (0xaca5e437) lui     s0, 0xaca5e
core   0: 3 0x80005de8 (0xaca5e437) x 8 0xaca5e000
core   0: 0x80005dec (0x00000001) c.nop
core   0: 3 0x80005dec (0x0001)
core   0: 0x80005dee (0x40eb8e33) sub     t3, s7, a4
core   0: 3 0x80005dee (0x40eb8e33) x28 0x723b77bf
core   0: 0x80005df2 (0xbad95017) auipc   zero, 0xbad95
core   0: 3 0x80005df2 (0xbad95017)
core   0: 0x80005df6 (0x00e337b3) sltu    a5, t1, a4
core   0: 3 0x80005df6 (0x00e337b3) x15 0x00000001
core   0: 0x80005dfa (0xe4a18997) auipc   s3, 0xe4a18
core   0: 3 0x80005dfa (0xe4a18997) x19 0x64a1ddfa
core   0: 0x80005dfe (0x00008d61) c.and   a0, s0
core   0: 3 0x80005dfe (0x8d61) x10 0x00000000
core   0: 0x80005e00 (0x01231c93) slli    s9, t1, 18
core   0: 3 0x80005e00 (0x01231c93) x25 0x00700000
core   0: 0x80005e04 (0xe22b3213) sltiu   tp, s6, -478
core   0: 3 0x80005e04 (0xe22b3213) x 4 0x00000001
core   0: 0x80005e08 (0x03ab74b3) remu    s1, s6, s10
core   0: 3 0x80005e08 (0x03ab74b3) x 9 0x0000000e
core   0: 0x80005e0c (0x00008299) c.srli  a3, 6
core   0: 3 0x80005e0c (0x8299) x13 0x00000001
core   0: 0x80005e0e (0x02474e33) div     t3, a4, tp
core   0: 3 0x80005e0e (0x02474e33) x28 0x0dc5c525
core   0: 0x80005e12 (0x0000567d) c.li    a2, -1
core   0: 3 0x80005e12 (0x567d) x12 0xffffffff
core   0: 0x80005e14 (0x00008fe1) c.and   a5, s0
core   0: 3 0x80005e14 (0x8fe1) x15 0x00000000
core   0: 0x80005e16 (0x037479b3) remu    s3, s0, s7
core   0: 3 0x80005e16 (0x037479b3) x19 0x2ca4a31c
core   0: 0x80005e1a (0x9623e893) ori     a7, t2, -1694
core   0: 3 0x80005e1a (0x9623e893) x17 0xfffff963
core   0: 0x80005e1e (0x192af513) andi    a0, s5, 402
core   0: 3 0x80005e1e (0x192af513) x10 0x00000112
core   0: 0x80005e22 (0x006dd213) srli    tp, s11, 6
core   0: 3 0x80005e22 (0x006dd213) x 4 0x020003f9
core   0: 0x80005e26 (0x0115feb3) and     t4, a1, a7
core   0: 3 0x80005e26 (0x0115feb3) x29 0x00000000
core   0: 0x80005e2a (0x00001f0c) c.addi4spn a1, sp, 944
core   0: 3 0x80005e2a (0x1f0c) x11 0x00000590
core   0: 0x80005e2c (0x6b68c393) xori    t2, a7, 1718
core   0: 3 0x80005e2c (0x6b68c393) x 7 0xffffffd5
core   0: 0x80005e30 (0x00000ca2) c.slli  s9, 8
core   0: 3 0x80005e30 (0x0ca2) x25 0x70000000
core   0: 0x80005e32 (0x0000717d) c.addi16sp sp, -16
core   0: 3 0x80005e32 (0x717d) x 2 0x000001d0
core   0: 0x80005e34 (0x00008d79) c.and   a0, a4
core   0: 3 0x80005e34 (0x8d79) x10 0x00000100
core   0: 0x80005e36 (0x0018d013) srli    zero, a7, 1
core   0: 3 0x80005e36 (0x0018d013)
core   0: 0x80005e3a (0xaffc0937) lui     s2, 0xaffc0
core   0: 3 0x80005e3a (0xaffc0937) x18 0xaffc0000
core   0: 0x80005e3e (0x03b230b3) mulhu   ra, tp, s11
core   0: 3 0x80005e3e (0x03b230b3) x 1 0x010003f9
core   0: 0x80005e42 (0x032f3a33) mulhu   s4, t5, s2
core   0: 3 0x80005e42 (0x032f3a33) x20 0x25df0343
core   0: 0x80005e46 (0xa467e893) ori     a7, a5, -1466
core   0: 3 0x80005e46 (0xa467e893) x17 0xfffffa46
core   0: 0x80005e4a (0x0ca8cf13) xori    t5, a7, 202
core   0: 3 0x80005e4a (0x0ca8cf13) x30 0xfffffa8c
core   0: 0x80005e4e (0x00000c80) c.addi4spn s0, sp, 592
core   0: 3 0x80005e4e (0x0c80) x 8 0x00000420
core   0: 0x80005e50 (0x00008f51) c.or    a4, a2
core   0: 3 0x80005e50 (0x8f51) x14 0xffffffff
core   0: 0x80005e52 (0x00000001) c.nop
core   0: 3 0x80005e52 (0x0001)
core   0: 0x80005e54 (0x00008ddd) c.or    a1, a5
core   0: 3 0x80005e54 (0x8ddd) x11 0x00000590
core   0: 0x80005e56 (0x00008fa5) c.xor   a5, s1
core   0: 3 0x80005e56 (0x8fa5) x15 0x0000000e
core   0: 0x80005e58 (0x00008fa9) c.xor   a5, a0
core   0: 3 0x80005e58 (0x8fa9) x15 0x0000010e
core   0: 0x80005e5a (0x00008dc9) c.or    a1, a0
core   0: 3 0x80005e5a (0x8dc9) x11 0x00000590
core   0: 0x80005e5c (0x00000001) c.nop
core   0: 3 0x80005e5c (0x0001)
core   0: 0x80005e5e (0x00000271) c.addi  tp, 28
core   0: 3 0x80005e5e (0x0271) x 4 0x02000415
core   0: 0x80005e60 (0x00008f05) c.sub   a4, s1
core   0: 3 0x80005e60 (0x8f05) x14 0xfffffff1
core   0: 0x80005e62 (0x014168b3) or      a7, sp, s4
core   0: 3 0x80005e62 (0x014168b3) x17 0x25df03d3
core   0: 0x80005e66 (0x00008265) c.srli  a2, 25
core   0: 3 0x80005e66 (0x8265) x12 0x0000007f
core   0: 0x80005e68 (0x000081e9) c.srli  a1, 26
core   0: 3 0x80005e68 (0x81e9) x11 0x00000000
core   0: 0x80005e6a (0x00004729) c.li    a4, 10
core   0: 3 0x80005e6a (0x4729) x14 0x0000000a
core   0: 0x80005e6c (0x0000871d) c.srai  a4, 7
core   0: 3 0x80005e6c (0x871d) x14 0x00000000
core   0: 0x80005e6e (0x00985eb3) srl     t4, a6, s1
core   0: 3 0x80005e6e (0x00985eb3) x29 0x00020003
core   0: 0x80005e72 (0xec284717) auipc   a4, 0xec284
core   0: 3 0x80005e72 (0xec284717) x14 0x6c289e72
core   0: 0x80005e76 (0x00005a7d) c.li    s4, -1
core   0: 3 0x80005e76 (0x5a7d) x20 0xffffffff
core   0: 0x80005e78 (0x028299b3) mulh    s3, t0, s0
core   0: 3 0x80005e78 (0x028299b3) x19 0x00000000
core   0: 0x80005e7c (0x00008d05) c.sub   a0, s1
core   0: 3 0x80005e7c (0x8d05) x10 0x000000f2
core   0: 0x80005e7e (0x00006c2d) c.lui   s8, 0xb
core   0: 3 0x80005e7e (0x6c2d) x24 0x0000b000
core   0: 0x80005e80 (0x00008de1) c.and   a1, s0
core   0: 3 0x80005e80 (0x8de1) x11 0x00000000
core   0: 0x80005e82 (0x00a706b3) add     a3, a4, a0
core   0: 3 0x80005e82 (0x00a706b3) x13 0x6c289f64
core   0: 0x80005e86 (0x77d6f393) andi    t2, a3, 1917
core   0: 3 0x80005e86 (0x77d6f393) x 7 0x00000764
core   0: 0x80005e8a (0x0375f5b3) remu    a1, a1, s7
core   0: 3 0x80005e8a (0x0375f5b3) x11 0x00000000
core   0: 0x80005e8e (0x0000495d) c.li    s2, 23
core   0: 3 0x80005e8e (0x495d) x18 0x00000017
core   0: 0x80005e90 (0x00008f2d) c.xor   a4, a1
core   0: 3 0x80005e90 (0x8f2d) x14 0x6c289e72
core   0: 0x80005e92 (0x00008c85) c.sub   s1, s1
core   0: 3 0x80005e92 (0x8c85) x 9 0x00000000
core   0: 0x80005e94 (0x01b97033) and     zero, s2, s11
core   0: 3 0x80005e94 (0x01b97033)
core   0: 0x80005e98 (0x00008f05) c.sub   a4, s1
core   0: 3 0x80005e98 (0x8f05) x14 0x6c289e72
core   0: 0x80005e9a (0x0326ca33) div     s4, a3, s2
core   0: 3 0x80005e9a (0x0326ca33) x20 0x04b3da68
core   0: 0x80005e9e (0x000099fd) c.andi  a1, -1
core   0: 3 0x80005e9e (0x99fd) x11 0x00000000
core   0: 0x80005ea0 (0x00008f29) c.xor   a4, a0
core   0: 3 0x80005ea0 (0x8f29) x14 0x6c289e80
core   0: 0x80005ea2 (0x1706ac13) slti    s8, a3, 368
core   0: 3 0x80005ea2 (0x1706ac13) x24 0x00000000
core   0: 0x80005ea6 (0x007b7a33) and     s4, s6, t2
core   0: 3 0x80005ea6 (0x007b7a33) x20 0x00000004
core   0: 0x80005eaa (0x01764db3) xor     s11, a2, s7
core   0: 3 0x80005eaa (0x01764db3) x27 0x80013c9b
core   0: 0x80005eae (0x01b255b3) srl     a1, tp, s11
core   0: 3 0x80005eae (0x01b255b3) x11 0x00000000
core   0: 0x80005eb2 (0x000aa333) slt     t1, s5, zero
core   0: 3 0x80005eb2 (0x000aa333) x 6 0x00000000
core   0: 0x80005eb6 (0x000085e9) c.srai  a1, 26
core   0: 3 0x80005eb6 (0x85e9) x11 0x00000000
core   0: 0x80005eb8 (0x01df8933) add     s2, t6, t4
core   0: 3 0x80005eb8 (0x01df8933) x18 0x00020740
core   0: 0x80005ebc (0x02882d33) mulhsu  s10, a6, s0
core   0: 3 0x80005ebc (0x02882d33) x26 0xfffffdf0
core   0: 0x80005ec0 (0x01c3fc33) and     s8, t2, t3
core   0: 3 0x80005ec0 (0x01c3fc33) x24 0x00000524
core   0: 0x80005ec4 (0x4407c097) auipc   ra, 0x4407c
core   0: 3 0x80005ec4 (0x4407c097) x 1 0xc4081ec4
core   0: 0x80005ec8 (0x000056fd) c.li    a3, -1
core   0: 3 0x80005ec8 (0x56fd) x13 0xffffffff
core   0: 0x80005eca (0x000082d9) c.srli  a3, 22
core   0: 3 0x80005eca (0x82d9) x13 0x000003ff
core   0: 0x80005ecc (0x0000717d) c.addi16sp sp, -16
core   0: 3 0x80005ecc (0x717d) x 2 0x000001c0
core   0: 0x80005ece (0x01252d33) slt     s10, a0, s2
core   0: 3 0x80005ece (0x01252d33) x26 0x00000001
core   0: 0x80005ed2 (0x0048ec33) or      s8, a7, tp
core   0: 3 0x80005ed2 (0x0048ec33) x24 0x27df07d7
core   0: 0x80005ed6 (0x01dde933) or      s2, s11, t4
core   0: 3 0x80005ed6 (0x01dde933) x18 0x80033c9b
core   0: 0x80005eda (0xdda6cd13) xori    s10, a3, -550
core   0: 3 0x80005eda (0xdda6cd13) x26 0xfffffe25
core   0: 0x80005ede (0x01f89c33) sll     s8, a7, t6
core   0: 3 0x80005ede (0x01f89c33) x24 0x60000000
core   0: 0x80005ee2 (0x40a506b3) sub     a3, a0, a0
core   0: 3 0x80005ee2 (0x40a506b3) x13 0x00000000
core   0: 0x80005ee6 (0x00b48113) addi    sp, s1, 11
core   0: 3 0x80005ee6 (0x00b48113) x 2 0x0000000b
core   0: 0x80005eea (0x00000652) c.slli  a2, 20
core   0: 3 0x80005eea (0x0652) x12 0x07f00000
core   0: 0x80005eec (0x00008f61) c.and   a4, s0
core   0: 3 0x80005eec (0x8f61) x14 0x00000400
core   0: 0x80005eee (0x0000171c) c.addi4spn a5, sp, 928
core   0: 3 0x80005eee (0x171c) x15 0x000003ab
core   0: 0x80005ef0 (0x180d8c13) addi    s8, s11, 384
core   0: 3 0x80005ef0 (0x180d8c13) x24 0x80013e1b
core   0: 0x80005ef4 (0x417cd0b3) sra     ra, s9, s7
core   0: 3 0x80005ef4 (0x417cd0b3) x 1 0x07000000
core   0: 0x80005ef8 (0x000042cd) c.li    t0, 19
core   0: 3 0x80005ef8 (0x42cd) x 5 0x00000013
core   0: 0x80005efa (0x4103d213) srai    tp, t2, 16
core   0: 3 0x80005efa (0x4103d213) x 4 0x00000000
core   0: 0x80005efe (0x00665513) srli    a0, a2, 6
core   0: 3 0x80005efe (0x00665513) x10 0x001fc000
core   0: 0x80005f02 (0x2d1de993) ori     s3, s11, 721
core   0: 3 0x80005f02 (0x2d1de993) x19 0x80013edb
core   0: 0x80005f06 (0xd3728013) addi    zero, t0, -713
core   0: 3 0x80005f06 (0xd3728013)
core   0: 0x80005f0a (0x0358f7b3) remu    a5, a7, s5
core   0: 3 0x80005f0a (0x0358f7b3) x15 0x000003f7
core   0: 0x80005f0e (0x0238cc33) div     s8, a7, gp
core   0: 3 0x80005f0e (0x0238cc33) x24 0x0138be0f
core   0: 0x80005f12 (0x0380ca33) div     s4, ra, s8
core   0: 3 0x80005f12 (0x0380ca33) x20 0x00000005
core   0: 0x80005f16 (0x02e2d0b3) divu    ra, t0, a4
core   0: 3 0x80005f16 (0x02e2d0b3) x 1 0x00000000
core   0: 0x80005f1a (0x00415493) srli    s1, sp, 4
core   0: 3 0x80005f1a (0x00415493) x 9 0x00000000
core   0: 0x80005f1e (0x02e2e633) rem     a2, t0, a4
core   0: 3 0x80005f1e (0x02e2e633) x12 0x00000013
core   0: 0x80005f22 (0x00000a25) c.addi  s4, 9
core   0: 3 0x80005f22 (0x0a25) x20 0x0000000e
core   0: 0x80005f24 (0x00e23f33) sltu    t5, tp, a4
core   0: 3 0x80005f24 (0x00e23f33) x30 0x00000001
core   0: 0x80005f28 (0x00000001) c.nop
core   0: 3 0x80005f28 (0x0001)
core   0: 0x80005f2a (0x00a45593) srli    a1, s0, 10
core   0: 3 0x80005f2a (0x00a45593) x11 0x00000001
core   0: 0x80005f2e (0x011432b3) sltu    t0, s0, a7
core   0: 3 0x80005f2e (0x011432b3) x 5 0x00000001
core   0: 0x80005f32 (0x034aa333) mulhsu  t1, s5, s4
core   0: 3 0x80005f32 (0x034aa333) x 6 0x00000000
core   0: 0x80005f36 (0x00008e59) c.or    a2, a4
core   0: 3 0x80005f36 (0x8e59) x12 0x00000413
core   0: 0x80005f38 (0x03842d33) mulhsu  s10, s0, s8
core   0: 3 0x80005f38 (0x03842d33) x26 0x00000005
core   0: 0x80005f3c (0x019fceb3) xor     t4, t6, s9
core   0: 3 0x80005f3c (0x019fceb3) x29 0x7000073d
core   0: 0x80005f40 (0xdd0099b7) lui     s3, 0xdd009
core   0: 3 0x80005f40 (0xdd0099b7) x19 0xdd009000
core   0: 0x80005f44 (0x01414a33) xor     s4, sp, s4
core   0: 3 0x80005f44 (0x01414a33) x20 0x00000005
core   0: 0x80005f48 (0x56fe2313) slti    t1, t3, 1391
core   0: 3 0x80005f48 (0x56fe2313) x 6 0x00000000
core   0: 0x80005f4c (0x02ae03b3) mul     t2, t3, a0
core   0: 3 0x80005f4c (0x02ae03b3) x 7 0x3356c000
core   0: 0x80005f50 (0x00008fed) c.and   a5, a1
core   0: 3 0x80005f50 (0x8fed) x15 0x00000001
core   0: 0x80005f52 (0x0324af33) mulhsu  t5, s1, s2
core   0: 3 0x80005f52 (0x0324af33) x30 0x00000000
core   0: 0x80005f56 (0x00001390) c.addi4spn a2, sp, 480
core   0: 3 0x80005f56 (0x1390) x12 0x000001eb
core   0: 0x80005f58 (0xf0b2bd13) sltiu   s10, t0, -245
core   0: 3 0x80005f58 (0xf0b2bd13) x26 0x00000001
core   0: 0x80005f5c (0x00004449) c.li    s0, 18
core   0: 3 0x80005f5c (0x4449) x 8 0x00000012
core   0: 0x80005f5e (0x0000597d) c.li    s2, -1
core   0: 3 0x80005f5e (0x597d) x18 0xffffffff
core   0: 0x80005f60 (0x032323b3) mulhsu  t2, t1, s2
core   0: 3 0x80005f60 (0x032323b3) x 7 0x00000000
core   0: 0x80005f64 (0x70de4e13) xori    t3, t3, 1805
core   0: 3 0x80005f64 (0x70de4e13) x28 0x0dc5c228
core   0: 0x80005f68 (0x00008f4e) c.mv    t5, s3
core   0: 3 0x80005f68 (0x8f4e) x30 0xdd009000
core   0: 0x80005f6a (0x00008115) c.srli  a0, 5
core   0: 3 0x80005f6a (0x8115) x10 0x0000fe00
core   0: 0x80005f6c (0x01e9f533) and     a0, s3, t5
core   0: 3 0x80005f6c (0x01e9f533) x10 0xdd009000
core   0: 0x80005f70 (0x00008a1d) c.andi  a2, 7
core   0: 3 0x80005f70 (0x8a1d) x12 0x00000003
core   0: 0x80005f72 (0x02497eb3) remu    t4, s2, tp
core   0: 3 0x80005f72 (0x02497eb3) x29 0xffffffff
core   0: 0x80005f76 (0x00008779) c.srai  a4, 30
core   0: 3 0x80005f76 (0x8779) x14 0x00000000
core   0: 0x80005f78 (0x01f8dab3) srl     s5, a7, t6
core   0: 3 0x80005f78 (0x01f8dab3) x21 0x00000001
core   0: 0x80005f7c (0x00004541) c.li    a0, 16
core   0: 3 0x80005f7c (0x4541) x10 0x00000010
core   0: 0x80005f7e (0x41e48f33) sub     t5, s1, t5
core   0: 3 0x80005f7e (0x41e48f33) x30 0x22ff7000
core   0: 0x80005f82 (0x55167513) andi    a0, a2, 1361
core   0: 3 0x80005f82 (0x55167513) x10 0x00000001
core   0: 0x80005f86 (0x03ff9d33) mulh    s10, t6, t6
core   0: 3 0x80005f86 (0x03ff9d33) x26 0x00000000
core   0: 0x80005f8a (0x00000001) c.nop
core   0: 3 0x80005f8a (0x0001)
core   0: 0x80005f8c (0x00006229) c.lui   tp, 0xa
core   0: 3 0x80005f8c (0x6229) x 4 0x0000a000
core   0: 0x80005f8e (0x00008df5) c.and   a1, a3
core   0: 3 0x80005f8e (0x8df5) x11 0x00000000
core   0: 0x80005f90 (0x028f50b3) divu    ra, t5, s0
core   0: 3 0x80005f90 (0x028f50b3) x 1 0x01f1bf1c
core   0: 0x80005f94 (0x02b9de33) divu    t3, s3, a1
core   0: 3 0x80005f94 (0x02b9de33) x28 0xffffffff
core   0: 0x80005f98 (0x77b66393) ori     t2, a2, 1915
core   0: 3 0x80005f98 (0x77b66393) x 7 0x0000077b
core   0: 0x80005f9c (0xe9bd7a93) andi    s5, s10, -357
core   0: 3 0x80005f9c (0xe9bd7a93) x21 0x00000000
core   0: 0x80005fa0 (0x00006c3d) c.lui   s8, 0xf
core   0: 3 0x80005fa0 (0x6c3d) x24 0x0000f000
core   0: 0x80005fa2 (0x0000717d) c.addi16sp sp, -16
core   0: 3 0x80005fa2 (0x717d) x 2 0xfffffffb
core   0: 0x80005fa4 (0x003c40b3) xor     ra, s8, gp
core   0: 3 0x80005fa4 (0x003c40b3) x 1 0x0000f01f
core   0: 0x80005fa8 (0x00008cbe) c.mv    s9, a5
core   0: 3 0x80005fa8 (0x8cbe) x25 0x00000001
core   0: 0x80005faa (0x0000843d) c.srai  s0, 15
core   0: 3 0x80005faa (0x843d) x 8 0x00000000
core   0: 0x80005fac (0x414c5f13) srai    t5, s8, 20
core   0: 3 0x80005fac (0x414c5f13) x30 0x00000000
core   0: 0x80005fb0 (0x1b72fd93) andi    s11, t0, 439
core   0: 3 0x80005fb0 (0x1b72fd93) x27 0x00000001
core   0: 0x80005fb4 (0x8b765d37) lui     s10, 0x8b765
core   0: 3 0x80005fb4 (0x8b765d37) x26 0x8b765000
core   0: 0x80005fb8 (0x01cc1c93) slli    s9, s8, 28
core   0: 3 0x80005fb8 (0x01cc1c93) x25 0x00000000
core   0: 0x80005fbc (0x00000d09) c.addi  s10, 2
core   0: 3 0x80005fbc (0x0d09) x26 0x8b765002
core   0: 0x80005fbe (0x00000001) c.nop
core   0: 3 0x80005fbe (0x0001)
core   0: 0x80005fc0 (0x87d4ae37) lui     t3, 0x87d4a
core   0: 3 0x80005fc0 (0x87d4ae37) x28 0x87d4a000
core   0: 0x80005fc4 (0x000090f6) c.add   ra, t4
core   0: 3 0x80005fc4 (0x90f6) x 1 0x0000f01e
core   0: 0x80005fc6 (0x00000001) c.nop
core   0: 3 0x80005fc6 (0x0001)
core   0: 0x80005fc8 (0x001add13) srli    s10, s5, 1
core   0: 3 0x80005fc8 (0x001add13) x26 0x00000000
core   0: 0x80005fcc (0x4182dc93) srai    s9, t0, 24
core   0: 3 0x80005fcc (0x4182dc93) x25 0x00000000
core   0: 0x80005fd0 (0x030998b3) mulh    a7, s3, a6
core   0: 3 0x80005fd0 (0x030998b3) x17 0x117f9538
core   0: 0x80005fd4 (0x019ba397) auipc   t2, 0x19ba
core   0: 3 0x80005fd4 (0x019ba397) x 7 0x819bffd4
core   0: 0x80005fd8 (0x00011533) sll     a0, sp, zero
core   0: 3 0x80005fd8 (0x00011533) x10 0xfffffffb
core   0: 0x80005fdc (0x0010d133) srl     sp, ra, ra
core   0: 3 0x80005fdc (0x0010d133) x 2 0x00000000
core   0: 0x80005fe0 (0x00000751) c.addi  a4, 20
core   0: 3 0x80005fe0 (0x0751) x14 0x00000014
core   0: 0x80005fe2 (0x00009afd) c.andi  a3, -1
core   0: 3 0x80005fe2 (0x9afd) x13 0x00000000
core   0: 0x80005fe4 (0x00402113) slti    sp, zero, 4
core   0: 3 0x80005fe4 (0x00402113) x 2 0x00000001
core   0: 0x80005fe8 (0x00f01213) slli    tp, zero, 15
core   0: 3 0x80005fe8 (0x00f01213) x 4 0x00000000
core   0: 0x80005fec (0x0dc48997) auipc   s3, 0xdc48
core   0: 3 0x80005fec (0x0dc48997) x19 0x8dc4dfec
core   0: 0x80005ff0 (0x000080ca) c.mv    ra, s2
core   0: 3 0x80005ff0 (0x80ca) x 1 0xffffffff
core   0: 0x80005ff2 (0x02082333) mulhsu  t1, a6, zero
core   0: 3 0x80005ff2 (0x02082333) x 6 0x00000000
core   0: 0x80005ff6 (0x00008065) c.srli  s0, 25
core   0: 3 0x80005ff6 (0x8065) x 8 0x00000000
core   0: 0x80005ff8 (0x00009172) c.add   sp, t3
core   0: 3 0x80005ff8 (0x9172) x 2 0x87d4a001
core   0: 0x80005ffa (0x0366cf33) div     t5, a3, s6
core   0: 3 0x80005ffa (0x0366cf33) x30 0x00000000
core   0: 0x80005ffe (0x01db55b3) srl     a1, s6, t4
core   0: 3 0x80005ffe (0x01db55b3) x11 0x00000000
core   0: 0x80006002 (0x033f98b3) mulh    a7, t6, s3
core   0: 3 0x80006002 (0x033f98b3) x17 0xfffffcc5
core   0: 0x80006006 (0x00393533) sltu    a0, s2, gp
core   0: 3 0x80006006 (0x00393533) x10 0x00000000
core   0: 0x8000600a (0x00008f09) c.sub   a4, a0
core   0: 3 0x8000600a (0x8f09) x14 0x00000014
core   0: 0x8000600c (0x015a1ab3) sll     s5, s4, s5
core   0: 3 0x8000600c (0x015a1ab3) x21 0x00000005
core   0: 0x80006010 (0x00009bfd) c.andi  a5, -1
core   0: 3 0x80006010 (0x9bfd) x15 0x00000001
core   0: 0x80006012 (0x59a3cf13) xori    t5, t2, 1434
core   0: 3 0x80006012 (0x59a3cf13) x30 0x819bfa4e
core   0: 0x80006016 (0x00008d49) c.or    a0, a0
core   0: 3 0x80006016 (0x8d49) x10 0x00000000
core   0: 0x80006018 (0x025b09b3) mul     s3, s6, t0
core   0: 3 0x80006018 (0x025b09b3) x19 0x0000000e
core   0: 0x8000601c (0x00008625) c.srai  a2, 9
core   0: 3 0x8000601c (0x8625) x12 0x00000000
core   0: 0x8000601e (0x0350cf33) div     t5, ra, s5
core   0: 3 0x8000601e (0x0350cf33) x30 0x00000000
core   0: 0x80006022 (0x00008da5) c.xor   a1, s1
core   0: 3 0x80006022 (0x8da5) x11 0x00000000
core   0: 0x80006024 (0x03f00e33) mul     t3, zero, t6
core   0: 3 0x80006024 (0x03f00e33) x28 0x00000000
core   0: 0x80006028 (0x00008499) c.srai  s1, 6
core   0: 3 0x80006028 (0x8499) x 9 0x00000000
core   0: 0x8000602a (0x019e9f93) slli    t6, t4, 25
core   0: 3 0x8000602a (0x019e9f93) x31 0xfe000000
core   0: 0x8000602e (0x6d7b2a13) slti    s4, s6, 1751
core   0: 3 0x8000602e (0x6d7b2a13) x20 0x00000001
core   0: 0x80006032 (0x01199693) slli    a3, s3, 17
core   0: 3 0x80006032 (0x01199693) x13 0x001c0000
core   0: 0x80006036 (0x0000029c) c.addi4spn a5, sp, 320
core   0: 3 0x80006036 (0x029c) x15 0x87d4a141
core   0: 0x80006038 (0x03c33a33) mulhu   s4, t1, t3
core   0: 3 0x80006038 (0x03c33a33) x20 0x00000000
core   0: 0x8000603c (0x00000001) c.nop
core   0: 3 0x8000603c (0x0001)
core   0: 0x8000603e (0x02f7fdb3) remu    s11, a5, a5
core   0: 3 0x8000603e (0x02f7fdb3) x27 0x00000000
core   0: 0x80006042 (0x00000001) c.nop
core   0: 3 0x80006042 (0x0001)
core   0: 0x80006044 (0x00f15e93) srli    t4, sp, 15
core   0: 3 0x80006044 (0x00f15e93) x29 0x00010fa9
core   0: 0x80006048 (0x01398a33) add     s4, s3, s3
core   0: 3 0x80006048 (0x01398a33) x20 0x0000001c
core   0: 0x8000604c (0xf812cf93) xori    t6, t0, -127
core   0: 3 0x8000604c (0xf812cf93) x31 0xffffff80
core   0: 0x80006050 (0x00d99013) slli    zero, s3, 13
core   0: 3 0x80006050 (0x00d99013)
core   0: 0x80006054 (0x0269c633) div     a2, s3, t1
core   0: 3 0x80006054 (0x0269c633) x12 0xffffffff
core   0: 0x80006058 (0x00006259) c.lui   tp, 0x16
core   0: 3 0x80006058 (0x6259) x 4 0x00016000
core   0: 0x8000605a (0x014ff433) and     s0, t6, s4
core   0: 3 0x8000605a (0x014ff433) x 8 0x00000000
core   0: 0x8000605e (0x0175d913) srli    s2, a1, 23
core   0: 3 0x8000605e (0x0175d913) x18 0x00000000
core   0: 0x80006062 (0x013c1ab3) sll     s5, s8, s3
core   0: 3 0x80006062 (0x013c1ab3) x21 0x3c000000
core   0: 0x80006066 (0x00d691b3) sll     gp, a3, a3
core   0: 3 0x80006066 (0x00d691b3) x 3 0x001c0000
core   0: 0x8000606a (0x00000001) c.nop
core   0: 3 0x8000606a (0x0001)
core   0: 0x8000606c (0x03735a33) divu    s4, t1, s7
core   0: 3 0x8000606c (0x03735a33) x20 0x00000000
core   0: 0x80006070 (0x00000001) c.nop
core   0: 3 0x80006070 (0x0001)
core   0: 0x80006072 (0x00009c56) c.add   s8, s5
core   0: 3 0x80006072 (0x9c56) x24 0x3c00f000
core   0: 0x80006074 (0x57bc5317) auipc   t1, 0x57bc5
core   0: 3 0x80006074 (0x57bc5317) x 6 0xd7bcb074
core   0: 0x80006078 (0x000002fd) c.addi  t0, 31
core   0: 3 0x80006078 (0x02fd) x 5 0x00000020
core   0: 0x8000607a (0x0000076d) c.addi  a4, 27
core   0: 3 0x8000607a (0x076d) x14 0x0000002f
core   0: 0x8000607c (0x6fde8113) addi    sp, t4, 1789
core   0: 3 0x8000607c (0x6fde8113) x 2 0x000116a6
core   0: 0x80006080 (0x58220313) addi    t1, tp, 1410
core   0: 3 0x80006080 (0x58220313) x 6 0x00016582
core   0: 0x80006084 (0x1b366c93) ori     s9, a2, 435
core   0: 3 0x80006084 (0x1b366c93) x25 0xffffffff
core   0: 0x80006088 (0x028e1f33) mulh    t5, t3, s0
core   0: 3 0x80006088 (0x028e1f33) x30 0x00000000
core   0: 0x8000608c (0x00006c3d) c.lui   s8, 0xf
core   0: 3 0x8000608c (0x6c3d) x24 0x0000f000
core   0: 0x8000608e (0x00008f61) c.and   a4, s0
core   0: 3 0x8000608e (0x8f61) x14 0x00000000
core   0: 0x80006090 (0x0201aa33) mulhsu  s4, gp, zero
core   0: 3 0x80006090 (0x0201aa33) x20 0x00000000
core   0: 0x80006094 (0xe9c8c293) xori    t0, a7, -356
core   0: 3 0x80006094 (0xe9c8c293) x 5 0x00000259
core   0: 0x80006098 (0x025888b3) mul     a7, a7, t0
core   0: 3 0x80006098 (0x025888b3) x17 0xfff86a7d
core   0: 0x8000609c (0x0000035e) c.slli  t1, 23
core   0: 3 0x8000609c (0x035e) x 6 0xc1000000
core   0: 0x8000609e (0x002dc8b3) xor     a7, s11, sp
core   0: 3 0x8000609e (0x002dc8b3) x17 0x000116a6
core   0: 0x800060a2 (0x410fdc33) sra     s8, t6, a6
core   0: 3 0x800060a2 (0x410fdc33) x24 0xfffffff8
core   0: 0x800060a6 (0xd27df793) andi    a5, s11, -729
core   0: 3 0x800060a6 (0xd27df793) x15 0x00000000
core   0: 0x800060aa (0x00008e25) c.xor   a2, s1
core   0: 3 0x800060aa (0x8e25) x12 0xffffffff
core   0: 0x800060ac (0xb2a04f93) xori    t6, zero, -1238
core   0: 3 0x800060ac (0xb2a04f93) x31 0xfffffb2a
core   0: 0x800060b0 (0xb12de793) ori     a5, s11, -1262
core   0: 3 0x800060b0 (0xb12de793) x15 0xfffffb12
core   0: 0x800060b4 (0x00ee8e33) add     t3, t4, a4
core   0: 3 0x800060b4 (0x00ee8e33) x28 0x00010fa9
core   0: 0x800060b8 (0x06423a93) sltiu   s5, tp, 100
core   0: 3 0x800060b8 (0x06423a93) x21 0x00000000
core   0: 0x800060bc (0x565fb493) sltiu   s1, t6, 1381
core   0: 3 0x800060bc (0x565fb493) x 9 0x00000000
core   0: 0x800060c0 (0x035325b3) mulhsu  a1, t1, s5
core   0: 3 0x800060c0 (0x035325b3) x11 0x00000000
core   0: 0x800060c4 (0x00008ff5) c.and   a5, a3
core   0: 3 0x800060c4 (0x8ff5) x15 0x001c0000
core   0: 0x800060c6 (0x03176933) rem     s2, a4, a7
core   0: 3 0x800060c6 (0x03176933) x18 0x00000000
core   0: 0x800060ca (0x02c6aa33) mulhsu  s4, a3, a2
core   0: 3 0x800060ca (0x02c6aa33) x20 0x001bffff
core   0: 0x800060ce (0x0d649a17) auipc   s4, 0xd649
core   0: 3 0x800060ce (0x0d649a17) x20 0x8d64f0ce
core   0: 0x800060d2 (0x03d7d333) divu    t1, a5, t4
core   0: 3 0x800060d2 (0x03d7d333) x 6 0x0000001a
core   0: 0x800060d6 (0x01d3d293) srli    t0, t2, 29
core   0: 3 0x800060d6 (0x01d3d293) x 5 0x00000004
core   0: 0x800060da (0x41ab05b3) sub     a1, s6, s10
core   0: 3 0x800060da (0x41ab05b3) x11 0x0000000e
core   0: 0x800060de (0x0228c393) xori    t2, a7, 34
core   0: 3 0x800060de (0x0228c393) x 7 0x00011684
core   0: 0x800060e2 (0x0000840a) c.mv    s0, sp
core   0: 3 0x800060e2 (0x840a) x 8 0x000116a6
core   0: 0x800060e4 (0x00008e55) c.or    a2, a3
core   0: 3 0x800060e4 (0x8e55) x12 0xffffffff
core   0: 0x800060e6 (0xd27ffd93) andi    s11, t6, -729
core   0: 3 0x800060e6 (0xd27ffd93) x27 0xfffff922
core   0: 0x800060ea (0x03e529b3) mulhsu  s3, a0, t5
core   0: 3 0x800060ea (0x03e529b3) x19 0x00000000
core   0: 0x800060ee (0x01f45e13) srli    t3, s0, 31
core   0: 3 0x800060ee (0x01f45e13) x28 0x00000000
core   0: 0x800060f2 (0x2183b593) sltiu   a1, t2, 536
core   0: 3 0x800060f2 (0x2183b593) x11 0x00000000
core   0: 0x800060f6 (0x02db84b3) mul     s1, s7, a3
core   0: 3 0x800060f6 (0x02db84b3) x 9 0xa8f00000
core   0: 0x800060fa (0x02987333) remu    t1, a6, s1
core   0: 3 0x800060fa (0x02987333) x 6 0x8000fe64
core   0: 0x800060fe (0x00065113) srli    sp, a2, 0
core   0: 3 0x800060fe (0x00065113) x 2 0xffffffff
core   0: 0x80006102 (0x02a94cb3) div     s9, s2, a0
core   0: 3 0x80006102 (0x02a94cb3) x25 0xffffffff
core   0: 0x80006106 (0x0000820d) c.srli  a2, 3
core   0: 3 0x80006106 (0x820d) x12 0x1fffffff
core   0: 0x80006108 (0x00008531) c.srai  a0, 12
core   0: 3 0x80006108 (0x8531) x10 0x00000000
core   0: 0x8000610a (0x03202533) mulhsu  a0, zero, s2
core   0: 3 0x8000610a (0x03202533) x10 0x00000000
core   0: 0x8000610e (0x000001f9) c.addi  gp, 30
core   0: 3 0x8000610e (0x01f9) x 3 0x001c001e
core   0: 0x80006110 (0x0000898e) c.mv    s3, gp
core   0: 3 0x80006110 (0x898e) x19 0x001c001e
core   0: 0x80006112 (0x2fc56997) auipc   s3, 0x2fc56
core   0: 3 0x80006112 (0x2fc56997) x19 0xafc5c112
core   0: 0x80006116 (0x00000001) c.nop
core   0: 3 0x80006116 (0x0001)
core   0: 0x80006118 (0x8aad3993) sltiu   s3, s10, -1878
core   0: 3 0x80006118 (0x8aad3993) x19 0x00000001
core   0: 0x8000611c (0x00008f71) c.and   a4, a2
core   0: 3 0x8000611c (0x8f71) x14 0x00000000
core   0: 0x8000611e (0x0249be33) mulhu   t3, s3, tp
core   0: 3 0x8000611e (0x0249be33) x28 0x00000000
core   0: 0x80006122 (0x00008e8d) c.sub   a3, a1
core   0: 3 0x80006122 (0x8e8d) x13 0x001c0000
core   0: 0x80006124 (0x015e61b3) or      gp, t3, s5
core   0: 3 0x80006124 (0x015e61b3) x 3 0x00000000
core   0: 0x80006128 (0x0003d333) srl     t1, t2, zero
core   0: 3 0x80006128 (0x0003d333) x 6 0x00011684
core   0: 0x8000612c (0x02a645b3) div     a1, a2, a0
core   0: 3 0x8000612c (0x02a645b3) x11 0xffffffff
core   0: 0x80006130 (0xe987b993) sltiu   s3, a5, -360
core   0: 3 0x80006130 (0xe987b993) x19 0x00000001
core   0: 0x80006134 (0x401e5c93) srai    s9, t3, 1
core   0: 3 0x80006134 (0x401e5c93) x25 0x00000000
core   0: 0x80006138 (0x0350a933) mulhsu  s2, ra, s5
core   0: 3 0x80006138 (0x0350a933) x18 0x00000000
core   0: 0x8000613c (0x01bbbab3) sltu    s5, s7, s11
core   0: 3 0x8000613c (0x01bbbab3) x21 0x00000001
core   0: 0x80006140 (0x000048c9) c.li    a7, 18
core   0: 3 0x80006140 (0x48c9) x17 0x00000012
core   0: 0x80006142 (0x4179d013) srai    zero, s3, 23
core   0: 3 0x80006142 (0x4179d013)
core   0: 0x80006146 (0xe6bbf313) andi    t1, s7, -405
core   0: 3 0x80006146 (0xe6bbf313) x 6 0x80013c60
core   0: 0x8000614a (0x00008dc5) c.or    a1, s1
core   0: 3 0x8000614a (0x8dc5) x11 0xffffffff
core   0: 0x8000614c (0x35efea93) ori     s5, t6, 862
core   0: 3 0x8000614c (0x35efea93) x21 0xfffffb7e
core   0: 0x80006150 (0x00000001) c.nop
core   0: 3 0x80006150 (0x0001)
core   0: 0x80006152 (0x00658ab3) add     s5, a1, t1
core   0: 3 0x80006152 (0x00658ab3) x21 0x80013c5f
core   0: 0x80006156 (0x0000851a) c.mv    a0, t1
core   0: 3 0x80006156 (0x851a) x10 0x80013c60
core   0: 0x80006158 (0x00001d80) c.addi4spn s0, sp, 752
core   0: 3 0x80006158 (0x1d80) x 8 0x000002ef
core   0: 0x8000615a (0x016d4633) xor     a2, s10, s6
core   0: 3 0x8000615a (0x016d4633) x12 0x0000000e
core   0: 0x8000615e (0x000044bd) c.li    s1, 15
core   0: 3 0x8000615e (0x44bd) x 9 0x0000000f
core   0: 0x80006160 (0x0395b933) mulhu   s2, a1, s9
core   0: 3 0x80006160 (0x0395b933) x18 0x00000000
core   0: 0x80006164 (0x00008055) c.srli  s0, 21
core   0: 3 0x80006164 (0x8055) x 8 0x00000000
core   0: 0x80006166 (0x031b2f33) mulhsu  t5, s6, a7
core   0: 3 0x80006166 (0x031b2f33) x30 0x00000000
core   0: 0x8000616a (0x7b873f13) sltiu   t5, a4, 1976
core   0: 3 0x8000616a (0x7b873f13) x30 0x00000001
core   0: 0x8000616e (0x40de5c13) srai    s8, t3, 13
core   0: 3 0x8000616e (0x40de5c13) x24 0x00000000
core   0: 0x80006172 (0xfe887393) andi    t2, a6, -24
core   0: 3 0x80006172 (0xfe887393) x 7 0x8000fe60
core   0: 0x80006176 (0x03e93ab3) mulhu   s5, s2, t5
core   0: 3 0x80006176 (0x03e93ab3) x21 0x00000000
core   0: 0x8000617a (0x00001f1c) c.addi4spn a5, sp, 944
core   0: 3 0x8000617a (0x1f1c) x15 0x000003af
core   0: 0x8000617c (0x00008c39) c.xor   s0, a4
core   0: 3 0x8000617c (0x8c39) x 8 0x00000000
core   0: 0x8000617e (0x02a2b913) sltiu   s2, t0, 42
core   0: 3 0x8000617e (0x02a2b913) x18 0x00000001
core   0: 0x80006182 (0x40f5dd93) srai    s11, a1, 15
core   0: 3 0x80006182 (0x40f5dd93) x27 0xffffffff
core   0: 0x80006186 (0x02e41533) mulh    a0, s0, a4
core   0: 3 0x80006186 (0x02e41533) x10 0x00000000
core   0: 0x8000618a (0x00008f05) c.sub   a4, s1
core   0: 3 0x8000618a (0x8f05) x14 0xfffffff1
core   0: 0x8000618c (0x00008f85) c.sub   a5, s1
core   0: 3 0x8000618c (0x8f85) x15 0x000003a0
core   0: 0x8000618e (0x9b834397) auipc   t2, 0x9b834
core   0: 3 0x8000618e (0x9b834397) x 7 0x1b83a18e
core   0: 0x80006192 (0x9794f293) andi    t0, s1, -1671
core   0: 3 0x80006192 (0x9794f293) x 5 0x00000009
core   0: 0x80006196 (0xdec12213) slti    tp, sp, -532
core   0: 3 0x80006196 (0xdec12213) x 4 0x00000000
core   0: 0x8000619a (0x01c04333) xor     t1, zero, t3
core   0: 3 0x8000619a (0x01c04333) x 6 0x00000000
core   0: 0x8000619e (0x03eb2ab3) mulhsu  s5, s6, t5
core   0: 3 0x8000619e (0x03eb2ab3) x21 0x00000000
core   0: 0x800061a2 (0x038c6eb3) rem     t4, s8, s8
core   0: 3 0x800061a2 (0x038c6eb3) x29 0x00000000
core   0: 0x800061a6 (0x036e12b3) mulh    t0, t3, s6
core   0: 3 0x800061a6 (0x036e12b3) x 5 0x00000000
core   0: 0x800061aa (0x40e20033) sub     zero, tp, a4
core   0: 3 0x800061aa (0x40e20033)
core   0: 0x800061ae (0x40b35093) srai    ra, t1, 11
core   0: 3 0x800061ae (0x40b35093) x 1 0x00000000
core   0: 0x800061b2 (0x309d0537) lui     a0, 0x309d0
core   0: 3 0x800061b2 (0x309d0537) x10 0x309d0000
core   0: 0x800061b6 (0x01023433) sltu    s0, tp, a6
core   0: 3 0x800061b6 (0x01023433) x 8 0x00000001
core   0: 0x800061ba (0x00008589) c.srai  a1, 2
core   0: 3 0x800061ba (0x8589) x11 0xffffffff
core   0: 0x800061bc (0x02a64933) div     s2, a2, a0
core   0: 3 0x800061bc (0x02a64933) x18 0x00000000
core   0: 0x800061c0 (0x00009eae) c.add   t4, a1
core   0: 3 0x800061c0 (0x9eae) x29 0xffffffff
core   0: 0x800061c2 (0x02a3fc33) remu    s8, t2, a0
core   0: 3 0x800061c2 (0x02a3fc33) x24 0x1b83a18e
core   0: 0x800061c6 (0x0238bdb3) mulhu   s11, a7, gp
core   0: 3 0x800061c6 (0x0238bdb3) x27 0x00000000
core   0: 0x800061ca (0x00008ed9) c.or    a3, a4
core   0: 3 0x800061ca (0x8ed9) x13 0xfffffff1
core   0: 0x800061cc (0x0108a3b3) slt     t2, a7, a6
core   0: 3 0x800061cc (0x0108a3b3) x 7 0x00000000
core   0: 0x800061d0 (0x00009542) c.add   a0, a6
core   0: 3 0x800061d0 (0x9542) x10 0xb09dfe64
core   0: 0x800061d2 (0x00006c59) c.lui   s8, 0x16
core   0: 3 0x800061d2 (0x6c59) x24 0x00016000
core   0: 0x800061d4 (0x0396a4b3) mulhsu  s1, a3, s9
core   0: 3 0x800061d4 (0x0396a4b3) x 9 0x00000000
core   0: 0x800061d8 (0x57774893) xori    a7, a4, 1399
core   0: 3 0x800061d8 (0x57774893) x17 0xfffffa86
core   0: 0x800061dc (0x022e85b3) mul     a1, t4, sp
core   0: 3 0x800061dc (0x022e85b3) x11 0x00000001
core   0: 0x800061e0 (0x4170d113) srai    sp, ra, 23
core   0: 3 0x800061e0 (0x4170d113) x 2 0x00000000
core   0: 0x800061e4 (0x00000994) c.addi4spn a3, sp, 208
core   0: 3 0x800061e4 (0x0994) x13 0x000000d0
core   0: 0x800061e6 (0x231f8013) addi    zero, t6, 561
core   0: 3 0x800061e6 (0x231f8013)
core   0: 0x800061ea (0x00000001) c.nop
core   0: 3 0x800061ea (0x0001)
core   0: 0x800061ec (0x00ea6233) or      tp, s4, a4
core   0: 3 0x800061ec (0x00ea6233) x 4 0xffffffff
core   0: 0x800061f0 (0x00008441) c.srai  s0, 16
core   0: 3 0x800061f0 (0x8441) x 8 0x00000000
core   0: 0x800061f2 (0x41ec0f33) sub     t5, s8, t5
core   0: 3 0x800061f2 (0x41ec0f33) x30 0x00015fff
core   0: 0x800061f6 (0x38834d13) xori    s10, t1, 904
core   0: 3 0x800061f6 (0x38834d13) x26 0x00000388
core   0: 0x800061fa (0x00008ef9) c.and   a3, a4
core   0: 3 0x800061fa (0x8ef9) x13 0x000000d0
core   0: 0x800061fc (0x41d5d4b3) sra     s1, a1, t4
core   0: 3 0x800061fc (0x41d5d4b3) x 9 0x00000000
core   0: 0x80006200 (0x017b01b3) add     gp, s6, s7
core   0: 3 0x80006200 (0x017b01b3) x 3 0x80013cf2
core   0: 0x80006204 (0xe2157337) lui     t1, 0xe2157
core   0: 3 0x80006204 (0xe2157337) x 6 0xe2157000
core   0: 0x80006208 (0x000082b1) c.srli  a3, 12
core   0: 3 0x80006208 (0x82b1) x13 0x00000000
core   0: 0x8000620a (0x025484b3) mul     s1, s1, t0
core   0: 3 0x8000620a (0x025484b3) x 9 0x00000000
core   0: 0x8000620e (0x02cd2ab3) mulhsu  s5, s10, a2
core   0: 3 0x8000620e (0x02cd2ab3) x21 0x00000000
core   0: 0x80006212 (0x00009daa) c.add   s11, a0
core   0: 3 0x80006212 (0x9daa) x27 0xb09dfe64
core   0: 0x80006214 (0x00001504) c.addi4spn s1, sp, 672
core   0: 3 0x80006214 (0x1504) x 9 0x000002a0
core   0: 0x80006216 (0x00008322) c.mv    t1, s0
core   0: 3 0x80006216 (0x8322) x 6 0x00000000
core   0: 0x80006218 (0x0000717d) c.addi16sp sp, -16
core   0: 3 0x80006218 (0x717d) x 2 0xfffffff0
core   0: 0x8000621a (0x00009976) c.add   s2, t4
core   0: 3 0x8000621a (0x9976) x18 0xffffffff
core   0: 0x8000621c (0x0346d433) divu    s0, a3, s4
core   0: 3 0x8000621c (0x0346d433) x 8 0x00000000
core   0: 0x80006220 (0x3affff93) andi    t6, t6, 943
core   0: 3 0x80006220 (0x3affff93) x31 0x0000032a
core   0: 0x80006224 (0x02359e33) mulh    t3, a1, gp
core   0: 3 0x80006224 (0x02359e33) x28 0xffffffff
core   0: 0x80006228 (0x00008d59) c.or    a0, a4
core   0: 3 0x80006228 (0x8d59) x10 0xfffffff5
core   0: 0x8000622a (0x01147db3) and     s11, s0, a7
core   0: 3 0x8000622a (0x01147db3) x27 0x00000000
core   0: 0x8000622e (0x00000001) c.nop
core   0: 3 0x8000622e (0x0001)
core   0: 0x80006230 (0x00000a22) c.slli  s4, 8
core   0: 3 0x80006230 (0x0a22) x20 0x64f0ce00
core   0: 0x80006232 (0x00008d51) c.or    a0, a2
core   0: 3 0x80006232 (0x8d51) x10 0xffffffff
core   0: 0x80006234 (0x9061cc13) xori    s8, gp, -1786
core   0: 3 0x80006234 (0x9061cc13) x24 0x7ffec5f4
core   0: 0x80006238 (0x00008561) c.srai  a0, 24
core   0: 3 0x80006238 (0x8561) x10 0xffffffff
core   0: 0x8000623a (0x00004db5) c.li    s11, 13
core   0: 3 0x8000623a (0x4db5) x27 0x0000000d
core   0: 0x8000623c (0x000081a9) c.srli  a1, 10
core   0: 3 0x8000623c (0x81a9) x11 0x00000000
core   0: 0x8000623e (0x00008f29) c.xor   a4, a0
core   0: 3 0x8000623e (0x8f29) x14 0x0000000e
core   0: 0x80006240 (0xaea6a493) slti    s1, a3, -1302
core   0: 3 0x80006240 (0xaea6a493) x 9 0x00000000
core   0: 0x80006244 (0x03d508b3) mul     a7, a0, t4
core   0: 3 0x80006244 (0x03d508b3) x17 0x00000001
core   0: 0x80006248 (0x0005f033) and     zero, a1, zero
core   0: 3 0x80006248 (0x0005f033)
core   0: 0x8000624c (0x0000802d) c.srli  s0, 11
core   0: 3 0x8000624c (0x802d) x 8 0x00000000
core   0: 0x8000624e (0x01aa79b3) and     s3, s4, s10
core   0: 3 0x8000624e (0x01aa79b3) x19 0x00000200
core   0: 0x80006252 (0xc412f713) andi    a4, t0, -959
core   0: 3 0x80006252 (0xc412f713) x14 0x00000000
core   0: 0x80006256 (0x0000828a) c.mv    t0, sp
core   0: 3 0x80006256 (0x828a) x 5 0xfffffff0
core   0: 0x80006258 (0x00006135) c.addi16sp sp, 352
core   0: 3 0x80006258 (0x6135) x 2 0x00000150
core   0: 0x8000625a (0x00008621) c.srai  a2, 8
core   0: 3 0x8000625a (0x8621) x12 0x00000000
core   0: 0x8000625c (0x012f10b3) sll     ra, t5, s2
core   0: 3 0x8000625c (0x012f10b3) x 1 0x80000000
core   0: 0x80006260 (0x000069b1) c.lui   s3, 0xc
core   0: 3 0x80006260 (0x69b1) x19 0x0000c000
core   0: 0x80006262 (0x030d6ab3) rem     s5, s10, a6
core   0: 3 0x80006262 (0x030d6ab3) x21 0x00000388
core   0: 0x80006266 (0x01303db3) snez    s11, s3
core   0: 3 0x80006266 (0x01303db3) x27 0x00000001
core   0: 0x8000626a (0x5b728537) lui     a0, 0x5b728
core   0: 3 0x8000626a (0x5b728537) x10 0x5b728000
core   0: 0x8000626e (0x02ceb433) mulhu   s0, t4, a2
core   0: 3 0x8000626e (0x02ceb433) x 8 0x00000000
core   0: 0x80006272 (0x006da133) slt     sp, s11, t1
core   0: 3 0x80006272 (0x006da133) x 2 0x00000000
core   0: 0x80006276 (0x00fbfd33) and     s10, s7, a5
core   0: 3 0x80006276 (0x00fbfd33) x26 0x000000a0
core   0: 0x8000627a (0x024b9333) mulh    t1, s7, tp
core   0: 3 0x8000627a (0x024b9333) x 6 0x00000000
core   0: 0x8000627e (0x0157d313) srli    t1, a5, 21
core   0: 3 0x8000627e (0x0157d313) x 6 0x00000000
core   0: 0x80006282 (0x987ce097) auipc   ra, 0x987ce
core   0: 3 0x80006282 (0x987ce097) x 1 0x187d4282
core   0: 0x80006286 (0x0268a233) mulhsu  tp, a7, t1
core   0: 3 0x80006286 (0x0268a233) x 4 0x00000000
core   0: 0x8000628a (0x00001e94) c.addi4spn a3, sp, 880
core   0: 3 0x8000628a (0x1e94) x13 0x00000370
core   0: 0x8000628c (0x0343bd33) mulhu   s10, t2, s4
core   0: 3 0x8000628c (0x0343bd33) x26 0x00000000
core   0: 0x80006290 (0x02ec0633) mul     a2, s8, a4
core   0: 3 0x80006290 (0x02ec0633) x12 0x00000000
core   0: 0x80006294 (0x6d22ba13) sltiu   s4, t0, 1746
core   0: 3 0x80006294 (0x6d22ba13) x20 0x00000000
core   0: 0x80006298 (0x00008de5) c.and   a1, s1
core   0: 3 0x80006298 (0x8de5) x11 0x00000000
core   0: 0x8000629a (0x00006951) c.lui   s2, 0x14
core   0: 3 0x8000629a (0x6951) x18 0x00014000
core   0: 0x8000629c (0x024b69b3) rem     s3, s6, tp
core   0: 3 0x8000629c (0x024b69b3) x19 0x0000000e
core   0: 0x800062a0 (0x00000d7d) c.addi  s10, 31
core   0: 3 0x800062a0 (0x0d7d) x26 0x0000001f
core   0: 0x800062a2 (0x613ca913) slti    s2, s9, 1555
core   0: 3 0x800062a2 (0x613ca913) x18 0x00000001
core   0: 0x800062a6 (0x00008ca5) c.xor   s1, s1
core   0: 3 0x800062a6 (0x8ca5) x 9 0x00000000
core   0: 0x800062a8 (0x00008e91) c.sub   a3, a2
core   0: 3 0x800062a8 (0x8e91) x13 0x00000370
core   0: 0x800062aa (0x0045dc93) srli    s9, a1, 4
core   0: 3 0x800062aa (0x0045dc93) x25 0x00000000
core   0: 0x800062ae (0x01e7c233) xor     tp, a5, t5
core   0: 3 0x800062ae (0x01e7c233) x 4 0x00015c5f
core   0: 0x800062b2 (0x00008cf9) c.and   s1, a4
core   0: 3 0x800062b2 (0x8cf9) x 9 0x00000000
core   0: 0x800062b4 (0x00000818) c.addi4spn a4, sp, 16
core   0: 3 0x800062b4 (0x0818) x14 0x00000010
core   0: 0x800062b6 (0x00000a56) c.slli  s4, 21
core   0: 3 0x800062b6 (0x0a56) x20 0x00000000
core   0: 0x800062b8 (0x00005f7d) c.li    t5, -1
core   0: 3 0x800062b8 (0x5f7d) x30 0xffffffff
core   0: 0x800062ba (0x000009c6) c.slli  s3, 17
core   0: 3 0x800062ba (0x09c6) x19 0x001c0000
core   0: 0x800062bc (0x000080c1) c.srli  s1, 16
core   0: 3 0x800062bc (0x80c1) x 9 0x00000000
core   0: 0x800062be (0xea132a13) slti    s4, t1, -351
core   0: 3 0x800062be (0xea132a13) x20 0x00000000
core   0: 0x800062c2 (0x00006a4d) c.lui   s4, 0x13
core   0: 3 0x800062c2 (0x6a4d) x20 0x00013000
core   0: 0x800062c4 (0x0269aeb3) mulhsu  t4, s3, t1
core   0: 3 0x800062c4 (0x0269aeb3) x29 0x00000000
core   0: 0x800062c8 (0x008b7a33) and     s4, s6, s0
core   0: 3 0x800062c8 (0x008b7a33) x20 0x00000000
core   0: 0x800062cc (0x023e49b3) div     s3, t3, gp
core   0: 3 0x800062cc (0x023e49b3) x19 0x00000000
core   0: 0x800062d0 (0x40e38ab3) sub     s5, t2, a4
core   0: 3 0x800062d0 (0x40e38ab3) x21 0xfffffff0
core   0: 0x800062d4 (0x02bd04b3) mul     s1, s10, a1
core   0: 3 0x800062d4 (0x02bd04b3) x 9 0x00000000
core   0: 0x800062d8 (0x038a19b3) mulh    s3, s4, s8
core   0: 3 0x800062d8 (0x038a19b3) x19 0x00000000
core   0: 0x800062dc (0x00008df9) c.and   a1, a4
core   0: 3 0x800062dc (0x8df9) x11 0x00000000
core   0: 0x800062de (0x000013fd) c.addi  t2, -1
core   0: 3 0x800062de (0x13fd) x 7 0xffffffff
core   0: 0x800062e0 (0x5dff4493) xori    s1, t5, 1503
core   0: 3 0x800062e0 (0x5dff4493) x 9 0xfffffa20
core   0: 0x800062e4 (0x40d081b3) sub     gp, ra, a3
core   0: 3 0x800062e4 (0x40d081b3) x 3 0x187d3f12
core   0: 0x800062e8 (0x00fdd213) srli    tp, s11, 15
core   0: 3 0x800062e8 (0x00fdd213) x 4 0x00000000
core   0: 0x800062ec (0x40f85733) sra     a4, a6, a5
core   0: 3 0x800062ec (0x40f85733) x14 0x8000fe64
core   0: 0x800062f0 (0x03ced933) divu    s2, t4, t3
core   0: 3 0x800062f0 (0x03ced933) x18 0x00000000
core   0: 0x800062f4 (0x00008ce5) c.and   s1, s1
core   0: 3 0x800062f4 (0x8ce5) x 9 0xfffffa20
core   0: 0x800062f6 (0x00005afd) c.li    s5, -1
core   0: 3 0x800062f6 (0x5afd) x21 0xffffffff
core   0: 0x800062f8 (0x0119fcb3) and     s9, s3, a7
core   0: 3 0x800062f8 (0x0119fcb3) x25 0x00000000
core   0: 0x800062fc (0x0280a533) mulhsu  a0, ra, s0
core   0: 3 0x800062fc (0x0280a533) x10 0x00000000
core   0: 0x80006300 (0x00004ca5) c.li    s9, 9
core   0: 3 0x80006300 (0x4ca5) x25 0x00000009
core   0: 0x80006302 (0x02446e33) rem     t3, s0, tp
core   0: 3 0x80006302 (0x02446e33) x28 0x00000000
core   0: 0x80006306 (0x00005f7d) c.li    t5, -1
core   0: 3 0x80006306 (0x5f7d) x30 0xffffffff
core   0: 0x80006308 (0x01c25733) srl     a4, tp, t3
core   0: 3 0x80006308 (0x01c25733) x14 0x00000000
core   0: 0x8000630c (0xd14ee993) ori     s3, t4, -748
core   0: 3 0x8000630c (0xd14ee993) x19 0xfffffd14
core   0: 0x80006310 (0x00008086) c.mv    ra, ra
core   0: 3 0x80006310 (0x8086) x 1 0x187d4282
core   0: 0x80006312 (0x01d89333) sll     t1, a7, t4
core   0: 3 0x80006312 (0x01d89333) x 6 0x00000001
core   0: 0x80006316 (0x00d4dd93) srli    s11, s1, 13
core   0: 3 0x80006316 (0x00d4dd93) x27 0x0007ffff
core   0: 0x8000631a (0x03e8fab3) remu    s5, a7, t5
core   0: 3 0x8000631a (0x03e8fab3) x21 0x00000001
core   0: 0x8000631e (0x4129d993) srai    s3, s3, 18
core   0: 3 0x8000631e (0x4129d993) x19 0xffffffff
core   0: 0x80006322 (0x02e2afb3) mulhsu  t6, t0, a4
core   0: 3 0x80006322 (0x02e2afb3) x31 0x00000000
core   0: 0x80006326 (0x00008da9) c.xor   a1, a0
core   0: 3 0x80006326 (0x8da9) x11 0x00000000
core   0: 0x80006328 (0x00001c7d) c.addi  s8, -1
core   0: 3 0x80006328 (0x1c7d) x24 0x7ffec5f3
core   0: 0x8000632a (0x00008e3d) c.xor   a2, a5
core   0: 3 0x8000632a (0x8e3d) x12 0x000003a0
core   0: 0x8000632c (0x02f00933) mul     s2, zero, a5
core   0: 3 0x8000632c (0x02f00933) x18 0x00000000
core   0: 0x80006330 (0x00008ccd) c.or    s1, a1
core   0: 3 0x80006330 (0x8ccd) x 9 0xfffffa20
core   0: 0x80006332 (0xb3343913) sltiu   s2, s0, -1229
core   0: 3 0x80006332 (0xb3343913) x18 0x00000001
core   0: 0x80006336 (0xc7103a13) sltiu   s4, zero, -911
core   0: 3 0x80006336 (0xc7103a13) x20 0x00000001
core   0: 0x8000633a (0x074d4017) auipc   zero, 0x74d4
core   0: 3 0x8000633a (0x074d4017)
core   0: 0x8000633e (0x03a05033) divu    zero, zero, s10
core   0: 3 0x8000633e (0x03a05033)
core   0: 0x80006342 (0x01de8fb3) add     t6, t4, t4
core   0: 3 0x80006342 (0x01de8fb3) x31 0x00000000
core   0: 0x80006346 (0x000087b2) c.mv    a5, a2
core   0: 3 0x80006346 (0x87b2) x15 0x000003a0
core   0: 0x80006348 (0x46a0e893) ori     a7, ra, 1130
core   0: 3 0x80006348 (0x46a0e893) x17 0x187d46ea
core   0: 0x8000634c (0x00d7cdb3) xor     s11, a5, a3
core   0: 3 0x8000634c (0x00d7cdb3) x27 0x000000d0
core   0: 0x80006350 (0x000088a2) c.mv    a7, s0
core   0: 3 0x80006350 (0x88a2) x17 0x00000000
core   0: 0x80006352 (0x41225f13) srai    t5, tp, 18
core   0: 3 0x80006352 (0x41225f13) x30 0x00000000
core   0: 0x80006356 (0x009226b3) slt     a3, tp, s1
core   0: 3 0x80006356 (0x009226b3) x13 0x00000000
core   0: 0x8000635a (0x00008279) c.srli  a2, 30
core   0: 3 0x8000635a (0x8279) x12 0x00000000
core   0: 0x8000635c (0xef0db293) sltiu   t0, s11, -272
core   0: 3 0x8000635c (0xef0db293) x 5 0x00000001
core   0: 0x80006360 (0xfff9f593) andi    a1, s3, -1
core   0: 3 0x80006360 (0xfff9f593) x11 0xffffffff
core   0: 0x80006364 (0x3f366613) ori     a2, a2, 1011
core   0: 3 0x80006364 (0x3f366613) x12 0x000003f3
core   0: 0x80006368 (0x92437413) andi    s0, t1, -1756
core   0: 3 0x80006368 (0x92437413) x 8 0x00000000
core   0: 0x8000636c (0x00000001) c.nop
core   0: 3 0x8000636c (0x0001)
core   0: 0x8000636e (0x004f3633) sltu    a2, t5, tp
core   0: 3 0x8000636e (0x004f3633) x12 0x00000000
core   0: 0x80006372 (0x00001cfd) c.addi  s9, -1
core   0: 3 0x80006372 (0x1cfd) x25 0x00000008
core   0: 0x80006374 (0x29dde313) ori     t1, s11, 669
core   0: 3 0x80006374 (0x29dde313) x 6 0x000002dd
core   0: 0x80006378 (0x00001ffd) c.addi  t6, -1
core   0: 3 0x80006378 (0x1ffd) x31 0xffffffff
core   0: 0x8000637a (0x00008dcd) c.or    a1, a1
core   0: 3 0x8000637a (0x8dcd) x11 0xffffffff
core   0: 0x8000637c (0x02062eb3) mulhsu  t4, a2, zero
core   0: 3 0x8000637c (0x02062eb3) x29 0x00000000
core   0: 0x80006380 (0x01116933) or      s2, sp, a7
core   0: 3 0x80006380 (0x01116933) x18 0x00000000
core   0: 0x80006384 (0x039d3f93) sltiu   t6, s10, 57
core   0: 3 0x80006384 (0x039d3f93) x31 0x00000001
core   0: 0x80006388 (0x00b265b3) or      a1, tp, a1
core   0: 3 0x80006388 (0x00b265b3) x11 0xffffffff
core   0: 0x8000638c (0x00006729) c.lui   a4, 0xa
core   0: 3 0x8000638c (0x6729) x14 0x0000a000
core   0: 0x8000638e (0x00008fdd) c.or    a5, a5
core   0: 3 0x8000638e (0x8fdd) x15 0x000003a0
core   0: 0x80006390 (0x4160da33) sra     s4, ra, s6
core   0: 3 0x80006390 (0x4160da33) x20 0x000061f5
core   0: 0x80006394 (0x00420f33) add     t5, tp, tp
core   0: 3 0x80006394 (0x00420f33) x30 0x00000000
core   0: 0x80006398 (0x00008c3d) c.xor   s0, a5
core   0: 3 0x80006398 (0x8c3d) x 8 0x000003a0
core   0: 0x8000639a (0x028d0933) mul     s2, s10, s0
core   0: 3 0x8000639a (0x028d0933) x18 0x00007060
core   0: 0x8000639e (0x01aa8933) add     s2, s5, s10
core   0: 3 0x8000639e (0x01aa8933) x18 0x00000020
core   0: 0x800063a2 (0x00008fa9) c.xor   a5, a0
core   0: 3 0x800063a2 (0x8fa9) x15 0x000003a0
core   0: 0x800063a4 (0x00681193) slli    gp, a6, 6
core   0: 3 0x800063a4 (0x00681193) x 3 0x003f9900
core   0: 0x800063a8 (0x00a5afb3) slt     t6, a1, a0
core   0: 3 0x800063a8 (0x00a5afb3) x31 0x00000001
core   0: 0x800063ac (0x2f8e8797) auipc   a5, 0x2f8e8
core   0: 3 0x800063ac (0x2f8e8797) x15 0xaf8ee3ac
core   0: 0x800063b0 (0x00495c33) srl     s8, s2, tp
core   0: 3 0x800063b0 (0x00495c33) x24 0x00000020
core   0: 0x800063b4 (0x01081a13) slli    s4, a6, 16
core   0: 3 0x800063b4 (0x01081a13) x20 0xfe640000
core   0: 0x800063b8 (0x0000987d) c.andi  s0, -1
core   0: 3 0x800063b8 (0x987d) x 8 0x000003a0
core   0: 0x800063ba (0x027fba33) mulhu   s4, t6, t2
core   0: 3 0x800063ba (0x027fba33) x20 0x00000000
core   0: 0x800063be (0x03cea7b3) mulhsu  a5, t4, t3
core   0: 3 0x800063be (0x03cea7b3) x15 0x00000000
core   0: 0x800063c2 (0x00008d09) c.sub   a0, a0
core   0: 3 0x800063c2 (0x8d09) x10 0x00000000
core   0: 0x800063c4 (0x00000001) c.nop
core   0: 3 0x800063c4 (0x0001)
core   0: 0x800063c6 (0x87b88713) addi    a4, a7, -1925
core   0: 3 0x800063c6 (0x87b88713) x14 0xfffff87b
core   0: 0x800063ca (0x017cb7b3) sltu    a5, s9, s7
core   0: 3 0x800063ca (0x017cb7b3) x15 0x00000001
core   0: 0x800063ce (0x027fd9b3) divu    s3, t6, t2
core   0: 3 0x800063ce (0x027fd9b3) x19 0x00000000
core   0: 0x800063d2 (0x49823037) lui     zero, 0x49823
core   0: 3 0x800063d2 (0x49823037)
core   0: 0x800063d6 (0x202b6413) ori     s0, s6, 514
core   0: 3 0x800063d6 (0x202b6413) x 8 0x0000020e
core   0: 0x800063da (0xc8bb0f93) addi    t6, s6, -885
core   0: 3 0x800063da (0xc8bb0f93) x31 0xfffffc99
core   0: 0x800063de (0x00008245) c.srli  a2, 17
core   0: 3 0x800063de (0x8245) x12 0x00000000
core   0: 0x800063e0 (0x00008a69) c.andi  a2, 26
core   0: 3 0x800063e0 (0x8a69) x12 0x00000000
core   0: 0x800063e2 (0xa58b6f97) auipc   t6, 0xa58b6
core   0: 3 0x800063e2 (0xa58b6f97) x31 0x258bc3e2
core   0: 0x800063e6 (0x04ac8e93) addi    t4, s9, 74
core   0: 3 0x800063e6 (0x04ac8e93) x29 0x00000052
core   0: 0x800063ea (0x40f601b3) sub     gp, a2, a5
core   0: 3 0x800063ea (0x40f601b3) x 3 0xffffffff
core   0: 0x800063ee (0x00c98ab3) add     s5, s3, a2
core   0: 3 0x800063ee (0x00c98ab3) x21 0x00000000
core   0: 0x800063f2 (0x00009bfd) c.andi  a5, -1
core   0: 3 0x800063f2 (0x9bfd) x15 0x00000001
core   0: 0x800063f4 (0x0240d3b3) divu    t2, ra, tp
core   0: 3 0x800063f4 (0x0240d3b3) x 7 0xffffffff
core   0: 0x800063f8 (0x03ee71b3) remu    gp, t3, t5
core   0: 3 0x800063f8 (0x03ee71b3) x 3 0x00000000
core   0: 0x800063fc (0x00000c3e) c.slli  s8, 15
core   0: 3 0x800063fc (0x0c3e) x24 0x00100000
core   0: 0x800063fe (0x00000001) c.nop
core   0: 3 0x800063fe (0x0001)
core   0: 0x80006400 (0x009e0133) add     sp, t3, s1
core   0: 3 0x80006400 (0x009e0133) x 2 0xfffffa20
core   0: 0x80006404 (0xa000c713) xori    a4, ra, -1536
core   0: 3 0x80006404 (0xa000c713) x14 0xe782b882
core   0: 0x80006408 (0x000a1f93) slli    t6, s4, 0
core   0: 3 0x80006408 (0x000a1f93) x31 0x00000000
core   0: 0x8000640c (0x00008e65) c.and   a2, s1
core   0: 3 0x8000640c (0x8e65) x12 0x00000000
core   0: 0x8000640e (0x00008f11) c.sub   a4, a2
core   0: 3 0x8000640e (0x8f11) x14 0xe782b882
core   0: 0x80006410 (0x00008b1d) c.andi  a4, 7
core   0: 3 0x80006410 (0x8b1d) x14 0x00000002
core   0: 0x80006412 (0x024d9db3) mulh    s11, s11, tp
core   0: 3 0x80006412 (0x024d9db3) x27 0x00000000
core   0: 0x80006416 (0x00009886) c.add   a7, ra
core   0: 3 0x80006416 (0x9886) x17 0x187d4282
core   0: 0x80006418 (0xa7fece93) xori    t4, t4, -1409
core   0: 3 0x80006418 (0xa7fece93) x29 0xfffffa2d
core   0: 0x8000641c (0x013a9a33) sll     s4, s5, s3
core   0: 3 0x8000641c (0x013a9a33) x20 0x00000000
core   0: 0x80006420 (0x0063a5b3) slt     a1, t2, t1
core   0: 3 0x80006420 (0x0063a5b3) x11 0x00000001
core   0: 0x80006424 (0x464ab793) sltiu   a5, s5, 1124
core   0: 3 0x80006424 (0x464ab793) x15 0x00000001
core   0: 0x80006428 (0x0000717d) c.addi16sp sp, -16
core   0: 3 0x80006428 (0x717d) x 2 0xfffffa10
core   0: 0x8000642a (0x033ed933) divu    s2, t4, s3
core   0: 3 0x8000642a (0x033ed933) x18 0xffffffff
core   0: 0x8000642e (0x0000443d) c.li    s0, 15
core   0: 3 0x8000642e (0x443d) x 8 0x0000000f
core   0: 0x80006430 (0x41255593) srai    a1, a0, 18
core   0: 3 0x80006430 (0x41255593) x11 0x00000000
core   0: 0x80006434 (0x00008d89) c.sub   a1, a0
core   0: 3 0x80006434 (0x8d89) x11 0x00000000
core   0: 0x80006436 (0x00f1f9b3) and     s3, gp, a5
core   0: 3 0x80006436 (0x00f1f9b3) x19 0x00000000
core   0: 0x8000643a (0x01858033) add     zero, a1, s8
core   0: 3 0x8000643a (0x01858033)
core   0: 0x8000643e (0x03c2fc33) remu    s8, t0, t3
core   0: 3 0x8000643e (0x03c2fc33) x24 0x00000001
core   0: 0x80006442 (0x000004e1) c.addi  s1, 24
core   0: 3 0x80006442 (0x04e1) x 9 0xfffffa38
core   0: 0x80006444 (0x00f3dd93) srli    s11, t2, 15
core   0: 3 0x80006444 (0x00f3dd93) x27 0x0001ffff
core   0: 0x80006448 (0x45aff213) andi    tp, t6, 1114
core   0: 3 0x80006448 (0x45aff213) x 4 0x00000000
core   0: 0x8000644c (0x00ff3133) sltu    sp, t5, a5
core   0: 3 0x8000644c (0x00ff3133) x 2 0x00000001
core   0: 0x80006450 (0x00008c81) c.sub   s1, s0
core   0: 3 0x80006450 (0x8c81) x 9 0xfffffa29
core   0: 0x80006452 (0x00d41993) slli    s3, s0, 13
core   0: 3 0x80006452 (0x00d41993) x19 0x0001e000
core   0: 0x80006456 (0x01d79493) slli    s1, a5, 29
core   0: 3 0x80006456 (0x01d79493) x 9 0x20000000
core   0: 0x8000645a (0x02809333) mulh    t1, ra, s0
core   0: 3 0x8000645a (0x02809333) x 6 0x00000001
core   0: 0x8000645e (0x0000717d) c.addi16sp sp, -16
core   0: 3 0x8000645e (0x717d) x 2 0xfffffff1
core   0: 0x80006460 (0x0025de13) srli    t3, a1, 2
core   0: 3 0x80006460 (0x0025de13) x28 0x00000000
core   0: 0x80006464 (0x00000900) c.addi4spn s0, sp, 144
core   0: 3 0x80006464 (0x0900) x 8 0x00000081
core   0: 0x80006466 (0x0254bdb3) mulhu   s11, s1, t0
core   0: 3 0x80006466 (0x0254bdb3) x27 0x00000000
core   0: 0x8000646a (0xd19c2693) slti    a3, s8, -743
core   0: 3 0x8000646a (0xd19c2693) x13 0x00000000
core   0: 0x8000646e (0x000051fd) c.li    gp, -1
core   0: 3 0x8000646e (0x51fd) x 3 0xffffffff
core   0: 0x80006470 (0x000086d5) c.srai  a3, 21
core   0: 3 0x80006470 (0x86d5) x13 0x00000000
core   0: 0x80006472 (0x00008f91) c.sub   a5, a2
core   0: 3 0x80006472 (0x8f91) x15 0x00000001
core   0: 0x80006474 (0x00009b7d) c.andi  a4, -1
core   0: 3 0x80006474 (0x9b7d) x14 0x00000002
core   0: 0x80006476 (0x01858fb3) add     t6, a1, s8
core   0: 3 0x80006476 (0x01858fb3) x31 0x00000001
core   0: 0x8000647a (0x00b589b3) add     s3, a1, a1
core   0: 3 0x8000647a (0x00b589b3) x19 0x00000000
core   0: 0x8000647e (0x01a9acb3) slt     s9, s3, s10
core   0: 3 0x8000647e (0x01a9acb3) x25 0x00000001
core   0: 0x80006482 (0x902b8913) addi    s2, s7, -1790
core   0: 3 0x80006482 (0x902b8913) x18 0x800135e6
core   0: 0x80006486 (0x4060d933) sra     s2, ra, t1
core   0: 3 0x80006486 (0x4060d933) x18 0x0c3ea141
core   0: 0x8000648a (0x00000001) c.nop
core   0: 3 0x8000648a (0x0001)
core   0: 0x8000648c (0xd4157c13) andi    s8, a0, -703
core   0: 3 0x8000648c (0xd4157c13) x24 0x00000000
core   0: 0x80006490 (0x0041c5b3) xor     a1, gp, tp
core   0: 3 0x80006490 (0x0041c5b3) x11 0xffffffff
core   0: 0x80006494 (0x00008d99) c.sub   a1, a4
core   0: 3 0x80006494 (0x8d99) x11 0xfffffffd
core   0: 0x80006496 (0x00008179) c.srli  a0, 30
core   0: 3 0x80006496 (0x8179) x10 0x00000000
core   0: 0x80006498 (0x407edd93) srai    s11, t4, 7
core   0: 3 0x80006498 (0x407edd93) x27 0xfffffff4
core   0: 0x8000649c (0x00dc74b3) and     s1, s8, a3
core   0: 3 0x8000649c (0x00dc74b3) x 9 0x00000000
core   0: 0x800064a0 (0x013dcf33) xor     t5, s11, s3
core   0: 3 0x800064a0 (0x013dcf33) x30 0xfffffff4
core   0: 0x800064a4 (0x025f3c33) mulhu   s8, t5, t0
core   0: 3 0x800064a4 (0x025f3c33) x24 0x00000000
core   0: 0x800064a8 (0x016baf33) slt     t5, s7, s6
core   0: 3 0x800064a8 (0x016baf33) x30 0x00000001
core   0: 0x800064ac (0x142a7eb7) lui     t4, 0x142a7
core   0: 3 0x800064ac (0x142a7eb7) x29 0x142a7000
core   0: 0x800064b0 (0x00008419) c.srai  s0, 6
core   0: 3 0x800064b0 (0x8419) x 8 0x00000002
core   0: 0x800064b2 (0x0124d313) srli    t1, s1, 18
core   0: 3 0x800064b2 (0x0124d313) x 6 0x00000000
core   0: 0x800064b6 (0x00008fd9) c.or    a5, a4
core   0: 3 0x800064b6 (0x8fd9) x15 0x00000003
core   0: 0x800064b8 (0x9fdc0a37) lui     s4, 0x9fdc0
core   0: 3 0x800064b8 (0x9fdc0a37) x20 0x9fdc0000
core   0: 0x800064bc (0x01e80e33) add     t3, a6, t5
core   0: 3 0x800064bc (0x01e80e33) x28 0x8000fe65
core   0: 0x800064c0 (0x00af99b3) sll     s3, t6, a0
core   0: 3 0x800064c0 (0x00af99b3) x19 0x00000001
core   0: 0x800064c4 (0x001174b3) and     s1, sp, ra
core   0: 3 0x800064c4 (0x001174b3) x 9 0x187d4280
core   0: 0x800064c8 (0x02ee3433) mulhu   s0, t3, a4
core   0: 3 0x800064c8 (0x02ee3433) x 8 0x00000001
core   0: 0x800064cc (0x415adf93) srai    t6, s5, 21
core   0: 3 0x800064cc (0x415adf93) x31 0x00000000
core   0: 0x800064d0 (0x778e0d13) addi    s10, t3, 1912
core   0: 3 0x800064d0 (0x778e0d13) x26 0x800105dd
core   0: 0x800064d4 (0x00008de1) c.and   a1, s0
core   0: 3 0x800064d4 (0x8de1) x11 0x00000001
core   0: 0x800064d6 (0x009e5c93) srli    s9, t3, 9
core   0: 3 0x800064d6 (0x009e5c93) x25 0x0040007f
core   0: 0x800064da (0x407fd493) srai    s1, t6, 7
core   0: 3 0x800064da (0x407fd493) x 9 0x00000000
core   0: 0x800064de (0x0127b333) sltu    t1, a5, s2
core   0: 3 0x800064de (0x0127b333) x 6 0x00000001
core   0: 0x800064e2 (0x0000899d) c.andi  a1, 7
core   0: 3 0x800064e2 (0x899d) x11 0x00000001
core   0: 0x800064e4 (0x00000196) c.slli  gp, 5
core   0: 3 0x800064e4 (0x0196) x 3 0xffffffe0
core   0: 0x800064e6 (0x40dedfb3) sra     t6, t4, a3
core   0: 3 0x800064e6 (0x40dedfb3) x31 0x142a7000
core   0: 0x800064ea (0x4898ce13) xori    t3, a7, 1161
core   0: 3 0x800064ea (0x4898ce13) x28 0x187d460b
core   0: 0x800064ee (0x0390cd33) div     s10, ra, s9
core   0: 3 0x800064ee (0x0390cd33) x26 0x00000061
core   0: 0x800064f2 (0x00008d2d) c.xor   a0, a1
core   0: 3 0x800064f2 (0x8d2d) x10 0x00000001
core   0: 0x800064f4 (0x00008ddd) c.or    a1, a5
core   0: 3 0x800064f4 (0x8ddd) x11 0x00000003
core   0: 0x800064f6 (0x0063dc93) srli    s9, t2, 6
core   0: 3 0x800064f6 (0x0063dc93) x25 0x03ffffff
core   0: 0x800064fa (0x0363e8b3) rem     a7, t2, s6
core   0: 3 0x800064fa (0x0363e8b3) x17 0xffffffff
core   0: 0x800064fe (0x00dfe133) or      sp, t6, a3
core   0: 3 0x800064fe (0x00dfe133) x 2 0x142a7000
core   0: 0x80006502 (0x40b55f33) sra     t5, a0, a1
core   0: 3 0x80006502 (0x40b55f33) x30 0x00000000
core   0: 0x80006506 (0x00000f66) c.slli  t5, 25
core   0: 3 0x80006506 (0x0f66) x30 0x00000000
core   0: 0x80006508 (0x00000001) c.nop
core   0: 3 0x80006508 (0x0001)
core   0: 0x8000650a (0x000082e2) c.mv    t0, s8
core   0: 3 0x8000650a (0x82e2) x 5 0x00000000
core   0: 0x8000650c (0x6db18013) addi    zero, gp, 1755
core   0: 3 0x8000650c (0x6db18013)
core   0: 0x80006510 (0x00d29eb3) sll     t4, t0, a3
core   0: 3 0x80006510 (0x00d29eb3) x29 0x00000000
core   0: 0x80006514 (0x000005a2) c.slli  a1, 8
core   0: 3 0x80006514 (0x05a2) x11 0x00000300
core   0: 0x80006516 (0x3de1ff13) andi    t5, gp, 990
core   0: 3 0x80006516 (0x3de1ff13) x30 0x000003c0
core   0: 0x8000651a (0xd4c4ec93) ori     s9, s1, -692
core   0: 3 0x8000651a (0xd4c4ec93) x25 0xfffffd4c
core   0: 0x8000651e (0x025a67b3) rem     a5, s4, t0
core   0: 3 0x8000651e (0x025a67b3) x15 0x9fdc0000
core   0: 0x80006522 (0xcc6b2993) slti    s3, s6, -826
core   0: 3 0x80006522 (0xcc6b2993) x19 0x00000000
core   0: 0x80006526 (0x00006125) c.addi16sp sp, 96
core   0: 3 0x80006526 (0x6125) x 2 0x142a7060
core   0: 0x80006528 (0x03e49533) mulh    a0, s1, t5
core   0: 3 0x80006528 (0x03e49533) x10 0x00000000
core   0: 0x8000652c (0x85d0be13) sltiu   t3, ra, -1955
core   0: 3 0x8000652c (0x85d0be13) x28 0x00000001
core   0: 0x80006530 (0x9afdfa13) andi    s4, s11, -1617
core   0: 3 0x80006530 (0x9afdfa13) x20 0xfffff9a4
core   0: 0x80006534 (0x01194d33) xor     s10, s2, a7
core   0: 3 0x80006534 (0x01194d33) x26 0xf3c15ebe
core   0: 0x80006538 (0x000002c2) c.slli  t0, 16
core   0: 3 0x80006538 (0x02c2) x 5 0x00000000
core   0: 0x8000653a (0x000065e1) c.lui   a1, 0x18
core   0: 3 0x8000653a (0x65e1) x11 0x00018000
core   0: 0x8000653c (0xe02c0113) addi    sp, s8, -510
core   0: 3 0x8000653c (0xe02c0113) x 2 0xfffffe02
core   0: 0x80006540 (0x03e13933) mulhu   s2, sp, t5
core   0: 3 0x80006540 (0x03e13933) x18 0x000003bf
core   0: 0x80006544 (0x019e2eb3) slt     t4, t3, s9
core   0: 3 0x80006544 (0x019e2eb3) x29 0x00000000
core   0: 0x80006548 (0x02ca6613) ori     a2, s4, 44
core   0: 3 0x80006548 (0x02ca6613) x12 0xfffff9ac
core   0: 0x8000654c (0x00000001) c.nop
core   0: 3 0x8000654c (0x0001)
core   0: 0x8000654e (0x03b15433) divu    s0, sp, s11
core   0: 3 0x8000654e (0x03b15433) x 8 0x00000000
core   0: 0x80006552 (0x00001a8c) c.addi4spn a1, sp, 368
core   0: 3 0x80006552 (0x1a8c) x11 0xffffff72
core   0: 0x80006554 (0x507af593) andi    a1, s5, 1287
core   0: 3 0x80006554 (0x507af593) x11 0x00000000
core   0: 0x80006558 (0xfdf68d93) addi    s11, a3, -33
core   0: 3 0x80006558 (0xfdf68d93) x27 0xffffffdf
core   0: 0x8000655c (0x41c65013) srai    zero, a2, 28
core   0: 3 0x8000655c (0x41c65013)
core   0: 0x80006560 (0xbd22e113) ori     sp, t0, -1070
core   0: 3 0x80006560 (0xbd22e113) x 2 0xfffffbd2
core   0: 0x80006564 (0x000015fd) c.addi  a1, -1
core   0: 3 0x80006564 (0x15fd) x11 0xffffffff
core   0: 0x80006566 (0x0153a5b3) slt     a1, t2, s5
core   0: 3 0x80006566 (0x0153a5b3) x11 0x00000001
core   0: 0x8000656a (0x00992a33) slt     s4, s2, s1
core   0: 3 0x8000656a (0x00992a33) x20 0x00000000
core   0: 0x8000656e (0x00000001) c.nop
core   0: 3 0x8000656e (0x0001)
core   0: 0x80006570 (0x02a73d33) mulhu   s10, a4, a0
core   0: 3 0x80006570 (0x02a73d33) x26 0x00000000
core   0: 0x80006574 (0x03068233) mul     tp, a3, a6
core   0: 3 0x80006574 (0x03068233) x 4 0x00000000
core   0: 0x80006578 (0x012d1893) slli    a7, s10, 18
core   0: 3 0x80006578 (0x012d1893) x17 0x00000000
core   0: 0x8000657c (0x014408b3) add     a7, s0, s4
core   0: 3 0x8000657c (0x014408b3) x17 0x00000000
core   0: 0x80006580 (0x9d61f313) andi    t1, gp, -1578
core   0: 3 0x80006580 (0x9d61f313) x 6 0xfffff9c0
core   0: 0x80006584 (0x00008ae1) c.andi  a3, 24
core   0: 3 0x80006584 (0x8ae1) x13 0x00000000
core   0: 0x80006586 (0x00ad4633) xor     a2, s10, a0
core   0: 3 0x80006586 (0x00ad4633) x12 0x00000000
core   0: 0x8000658a (0x01060a33) add     s4, a2, a6
core   0: 3 0x8000658a (0x01060a33) x20 0x8000fe64
core   0: 0x8000658e (0x00f49033) sll     zero, s1, a5
core   0: 3 0x8000658e (0x00f49033)
core   0: 0x80006592 (0x002cdf13) srli    t5, s9, 2
core   0: 3 0x80006592 (0x002cdf13) x30 0x3fffff53
core   0: 0x80006596 (0x000091c2) c.add   gp, a6
core   0: 3 0x80006596 (0x91c2) x 3 0x8000fe44
core   0: 0x80006598 (0x40d758b3) sra     a7, a4, a3
core   0: 3 0x80006598 (0x40d758b3) x17 0x00000002
core   0: 0x8000659c (0x00000001) c.nop
core   0: 3 0x8000659c (0x0001)
core   0: 0x8000659e (0x00f3e433) or      s0, t2, a5
core   0: 3 0x8000659e (0x00f3e433) x 8 0xffffffff
core   0: 0x800065a2 (0x019fde33) srl     t3, t6, s9
core   0: 3 0x800065a2 (0x019fde33) x28 0x000142a7
core   0: 0x800065a6 (0x00c97e33) and     t3, s2, a2
core   0: 3 0x800065a6 (0x00c97e33) x28 0x00000000
core   0: 0x800065aa (0x0317dcb3) divu    s9, a5, a7
core   0: 3 0x800065aa (0x0317dcb3) x25 0x4fee0000
core   0: 0x800065ae (0x00008ef1) c.and   a3, a2
core   0: 3 0x800065ae (0x8ef1) x13 0x00000000
core   0: 0x800065b0 (0x00005f7d) c.li    t5, -1
core   0: 3 0x800065b0 (0x5f7d) x30 0xffffffff
core   0: 0x800065b2 (0x004198b3) sll     a7, gp, tp
core   0: 3 0x800065b2 (0x004198b3) x17 0x8000fe44
core   0: 0x800065b6 (0x00004755) c.li    a4, 21
core   0: 3 0x800065b6 (0x4755) x14 0x00000015
core   0: 0x800065b8 (0x0d03ba93) sltiu   s5, t2, 208
core   0: 3 0x800065b8 (0x0d03ba93) x21 0x00000000
core   0: 0x800065bc (0x00001010) c.addi4spn a2, sp, 32
core   0: 3 0x800065bc (0x1010) x12 0xfffffbf2
core   0: 0x800065be (0x00008d59) c.or    a0, a4
core   0: 3 0x800065be (0x8d59) x10 0x00000015
core   0: 0x800065c0 (0x000088e1) c.andi  s1, 24
core   0: 3 0x800065c0 (0x88e1) x 9 0x00000000
core   0: 0x800065c2 (0x00006161) c.addi16sp sp, 80
core   0: 3 0x800065c2 (0x6161) x 2 0xfffffc22
core   0: 0x800065c4 (0x5c48cf93) xori    t6, a7, 1476
core   0: 3 0x800065c4 (0x5c48cf93) x31 0x8000fb80
core   0: 0x800065c8 (0x0307dab3) divu    s5, a5, a6
core   0: 3 0x800065c8 (0x0307dab3) x21 0x00000001
core   0: 0x800065cc (0x4c159c37) lui     s8, 0x4c159
core   0: 3 0x800065cc (0x4c159c37) x24 0x4c159000
core   0: 0x800065d0 (0xe5ac8593) addi    a1, s9, -422
core   0: 3 0x800065d0 (0xe5ac8593) x11 0x4fedfe5a
core   0: 0x800065d4 (0x00000001) c.nop
core   0: 3 0x800065d4 (0x0001)
core   0: 0x800065d6 (0x00008ee9) c.and   a3, a0
core   0: 3 0x800065d6 (0x8ee9) x13 0x00000000
core   0: 0x800065d8 (0x024316b3) mulh    a3, t1, tp
core   0: 3 0x800065d8 (0x024316b3) x13 0x00000000
core   0: 0x800065dc (0x00d55e13) srli    t3, a0, 13
core   0: 3 0x800065dc (0x00d55e13) x28 0x00000000
core   0: 0x800065e0 (0x00000001) c.nop
core   0: 3 0x800065e0 (0x0001)
core   0: 0x800065e2 (0x00008e2d) c.xor   a2, a1
core   0: 3 0x800065e2 (0x8e2d) x12 0xb01205a8
core   0: 0x800065e4 (0x00008dc1) c.or    a1, s0
core   0: 3 0x800065e4 (0x8dc1) x11 0xffffffff
core   0: 0x800065e6 (0x00e78a33) add     s4, a5, a4
core   0: 3 0x800065e6 (0x00e78a33) x20 0x9fdc0015
core   0: 0x800065ea (0x010eb8b3) sltu    a7, t4, a6
core   0: 3 0x800065ea (0x010eb8b3) x17 0x00000001
core   0: 0x800065ee (0x00008e1d) c.sub   a2, a5
core   0: 3 0x800065ee (0x8e1d) x12 0x103605a8
core   0: 0x800065f0 (0x00008139) c.srli  a0, 14
core   0: 3 0x800065f0 (0x8139) x10 0x00000000
core   0: 0x800065f2 (0x003c5113) srli    sp, s8, 3
core   0: 3 0x800065f2 (0x003c5113) x 2 0x0982b200
core   0: 0x800065f6 (0x0089c633) xor     a2, s3, s0
core   0: 3 0x800065f6 (0x0089c633) x12 0xffffffff
core   0: 0x800065fa (0x00008c59) c.or    s0, a4
core   0: 3 0x800065fa (0x8c59) x 8 0xffffffff
core   0: 0x800065fc (0x39aa6a13) ori     s4, s4, 922
core   0: 3 0x800065fc (0x39aa6a13) x20 0x9fdc039f
core   0: 0x80006600 (0x00008845) c.andi  s0, 17
core   0: 3 0x80006600 (0x8845) x 8 0x00000011
core   0: 0x80006602 (0x02425cb3) divu    s9, tp, tp
core   0: 3 0x80006602 (0x02425cb3) x25 0xffffffff
core   0: 0x80006606 (0x00008615) c.srai  a2, 5
core   0: 3 0x80006606 (0x8615) x12 0xffffffff
core   0: 0x80006608 (0x0369b9b3) mulhu   s3, s3, s6
core   0: 3 0x80006608 (0x0369b9b3) x19 0x00000000
core   0: 0x8000660c (0x1be06413) ori     s0, zero, 446
core   0: 3 0x8000660c (0x1be06413) x 8 0x000001be
core   0: 0x80006610 (0x006ebfb3) sltu    t6, t4, t1
core   0: 3 0x80006610 (0x006ebfb3) x31 0x00000001
core   0: 0x80006614 (0x00008419) c.srai  s0, 6
core   0: 3 0x80006614 (0x8419) x 8 0x00000006
core   0: 0x80006616 (0x00009ee6) c.add   t4, s9
core   0: 3 0x80006616 (0x9ee6) x29 0xffffffff
core   0: 0x80006618 (0x41335293) srai    t0, t1, 19
core   0: 3 0x80006618 (0x41335293) x 5 0xffffffff
core   0: 0x8000661c (0x0234b333) mulhu   t1, s1, gp
core   0: 3 0x8000661c (0x0234b333) x 6 0x00000000
core   0: 0x80006620 (0x8b1c3093) sltiu   ra, s8, -1871
core   0: 3 0x80006620 (0x8b1c3093) x 1 0x00000001
core   0: 0x80006624 (0x000060cd) c.lui   ra, 0x13
core   0: 3 0x80006624 (0x60cd) x 1 0x00013000
core   0: 0x80006626 (0x026fd2b3) divu    t0, t6, t1
core   0: 3 0x80006626 (0x026fd2b3) x 5 0xffffffff
core   0: 0x8000662a (0x005f5d13) srli    s10, t5, 5
core   0: 3 0x8000662a (0x005f5d13) x26 0x07ffffff
core   0: 0x8000662e (0x02e36fb3) rem     t6, t1, a4
core   0: 3 0x8000662e (0x02e36fb3) x31 0x00000000
core   0: 0x80006632 (0x00001418) c.addi4spn a4, sp, 544
core   0: 3 0x80006632 (0x1418) x14 0x0982b420
core   0: 0x80006634 (0x00000c84) c.addi4spn s1, sp, 592
core   0: 3 0x80006634 (0x0c84) x 9 0x0982b450
core   0: 0x80006636 (0x0244c733) div     a4, s1, tp
core   0: 3 0x80006636 (0x0244c733) x14 0xffffffff
core   0: 0x8000663a (0x4101d0b3) sra     ra, gp, a6
core   0: 3 0x8000663a (0x4101d0b3) x 1 0xf8000fe4
core   0: 0x8000663e (0x00de8233) add     tp, t4, a3
core   0: 3 0x8000663e (0x00de8233) x 4 0xffffffff
core   0: 0x80006642 (0x01e065b3) or      a1, zero, t5
core   0: 3 0x80006642 (0x01e065b3) x11 0xffffffff
core   0: 0x80006646 (0x408f08b3) sub     a7, t5, s0
core   0: 3 0x80006646 (0x408f08b3) x17 0xfffffff9
core   0: 0x8000664a (0x00008491) c.srai  s1, 4
core   0: 3 0x8000664a (0x8491) x 9 0x00982b45
core   0: 0x8000664c (0x00009afd) c.andi  a3, -1
core   0: 3 0x8000664c (0x9afd) x13 0x00000000
core   0: 0x8000664e (0x0000717d) c.addi16sp sp, -16
core   0: 3 0x8000664e (0x717d) x 2 0x0982b1f0
core   0: 0x80006650 (0x000008ca) c.slli  a7, 18
core   0: 3 0x80006650 (0x08ca) x17 0xffe40000
core   0: 0x80006652 (0x00008dd1) c.or    a1, a2
core   0: 3 0x80006652 (0x8dd1) x11 0xffffffff
core   0: 0x80006654 (0x0000859d) c.srai  a1, 7
core   0: 3 0x80006654 (0x859d) x11 0xffffffff
core   0: 0x80006656 (0x29cd6193) ori     gp, s10, 668
core   0: 3 0x80006656 (0x29cd6193) x 3 0x07ffffff
core   0: 0x8000665a (0x000058fd) c.li    a7, -1
core   0: 3 0x8000665a (0x58fd) x17 0xffffffff
core   0: 0x8000665c (0x00006441) c.lui   s0, 0x10
core   0: 3 0x8000665c (0x6441) x 8 0x00010000
core   0: 0x8000665e (0x4165d633) sra     a2, a1, s6
core   0: 3 0x8000665e (0x4165d633) x12 0xffffffff
core   0: 0x80006662 (0x00008ed1) c.or    a3, a2
core   0: 3 0x80006662 (0x8ed1) x13 0xffffffff
core   0: 0x80006664 (0x034b6333) rem     t1, s6, s4
core   0: 3 0x80006664 (0x034b6333) x 6 0x0000000e
core   0: 0x80006668 (0xcd7d0f13) addi    t5, s10, -809
core   0: 3 0x80006668 (0xcd7d0f13) x30 0x07fffcd6
core   0: 0x8000666c (0x00008da1) c.xor   a1, s0
core   0: 3 0x8000666c (0x8da1) x11 0xfffeffff
core   0: 0x8000666e (0x4018d293) srai    t0, a7, 1
core   0: 3 0x8000666e (0x4018d293) x 5 0xffffffff
core   0: 0x80006672 (0x018ab4b3) sltu    s1, s5, s8
core   0: 3 0x80006672 (0x018ab4b3) x 9 0x00000001
core   0: 0x80006676 (0x000081f5) c.srli  a1, 29
core   0: 3 0x80006676 (0x81f5) x11 0x00000007
core   0: 0x80006678 (0x000007c2) c.slli  a5, 16
core   0: 3 0x80006678 (0x07c2) x15 0x00000000
core   0: 0x8000667a (0x0000036a) c.slli  t1, 26
core   0: 3 0x8000667a (0x036a) x 6 0x38000000
core   0: 0x8000667c (0x3cad6517) auipc   a0, 0x3cad6
core   0: 3 0x8000667c (0x3cad6517) x10 0xbcadc67c
core   0: 0x80006680 (0x53b86313) ori     t1, a6, 1339
core   0: 3 0x80006680 (0x53b86313) x 6 0x8000ff7f
core   0: 0x80006684 (0x00008ced) c.and   s1, a1
core   0: 3 0x80006684 (0x8ced) x 9 0x00000001
core   0: 0x80006686 (0x00008fb5) c.xor   a5, a3
core   0: 3 0x80006686 (0x8fb5) x15 0xffffffff
core   0: 0x80006688 (0x00008f9a) c.mv    t6, t1
core   0: 3 0x80006688 (0x8f9a) x31 0x8000ff7f
core   0: 0x8000668a (0x6a0a6e13) ori     t3, s4, 1696
core   0: 3 0x8000668a (0x6a0a6e13) x28 0x9fdc07bf
core   0: 0x8000668e (0x03e6c533) div     a0, a3, t5
core   0: 3 0x8000668e (0x03e6c533) x10 0x00000000
core   0: 0x80006692 (0x417a5fb3) sra     t6, s4, s7
core   0: 3 0x80006692 (0x417a5fb3) x31 0xf9fdc039
core   0: 0x80006696 (0x036578b3) remu    a7, a0, s6
core   0: 3 0x80006696 (0x036578b3) x17 0x00000000
core   0: 0x8000669a (0x0367f333) remu    t1, a5, s6
core   0: 3 0x8000669a (0x0367f333) x 6 0x00000003
core   0: 0x8000669e (0x00008225) c.srli  a2, 9
core   0: 3 0x8000669e (0x8225) x12 0x007fffff
core   0: 0x800066a0 (0x02899933) mulh    s2, s3, s0
core   0: 3 0x800066a0 (0x02899933) x18 0x00000000
core   0: 0x800066a4 (0x00000001) c.nop
core   0: 3 0x800066a4 (0x0001)
core   0: 0x800066a6 (0x01c904b3) add     s1, s2, t3
core   0: 3 0x800066a6 (0x01c904b3) x 9 0x9fdc07bf
core   0: 0x800066aa (0x01519233) sll     tp, gp, s5
core   0: 3 0x800066aa (0x01519233) x 4 0x0ffffffe
core   0: 0x800066ae (0x038a42b3) div     t0, s4, s8
core   0: 3 0x800066ae (0x038a42b3) x 5 0xffffffff
core   0: 0x800066b2 (0x406588b3) sub     a7, a1, t1
core   0: 3 0x800066b2 (0x406588b3) x17 0x00000004
core   0: 0x800066b6 (0x0344e333) rem     t1, s1, s4
core   0: 3 0x800066b6 (0x0344e333) x 6 0x9fdc07bf
core   0: 0x800066ba (0x000099fd) c.andi  a1, -1
core   0: 3 0x800066ba (0x99fd) x11 0x00000007
core   0: 0x800066bc (0x01d36533) or      a0, t1, t4
core   0: 3 0x800066bc (0x01d36533) x10 0xffffffff
core   0: 0x800066c0 (0x414d5913) srai    s2, s10, 20
core   0: 3 0x800066c0 (0x414d5913) x18 0x0000007f
core   0: 0x800066c4 (0xe58ffa13) andi    s4, t6, -424
core   0: 3 0x800066c4 (0xe58ffa13) x20 0xf9fdc018
core   0: 0x800066c8 (0x00870f33) add     t5, a4, s0
core   0: 3 0x800066c8 (0x00870f33) x30 0x0000ffff
core   0: 0x800066cc (0x404ad533) sra     a0, s5, tp
core   0: 3 0x800066cc (0x404ad533) x10 0x00000000
core   0: 0x800066d0 (0x02fdbd33) mulhu   s10, s11, a5
core   0: 3 0x800066d0 (0x02fdbd33) x26 0xffffffde
core   0: 0x800066d4 (0x00008f39) c.xor   a4, a4
core   0: 3 0x800066d4 (0x8f39) x14 0x00000000
core   0: 0x800066d6 (0xfdb3a013) slti    zero, t2, -37
core   0: 3 0x800066d6 (0xfdb3a013)
core   0: 0x800066da (0x00008e8d) c.sub   a3, a1
core   0: 3 0x800066da (0x8e8d) x13 0xfffffff8
core   0: 0x800066dc (0x6801ce93) xori    t4, gp, 1664
core   0: 3 0x800066dc (0x6801ce93) x29 0x07fff97f
core   0: 0x800066e0 (0x88aaac93) slti    s9, s5, -1910
core   0: 3 0x800066e0 (0x88aaac93) x25 0x00000000
core   0: 0x800066e4 (0x00000001) c.nop
core   0: 3 0x800066e4 (0x0001)
core   0: 0x800066e6 (0x01529333) sll     t1, t0, s5
core   0: 3 0x800066e6 (0x01529333) x 6 0xfffffffe
core   0: 0x800066ea (0x23209f97) auipc   t6, 0x23209
core   0: 3 0x800066ea (0x23209f97) x31 0xa320f6ea
core   0: 0x800066ee (0x0000137d) c.addi  t1, -1
core   0: 3 0x800066ee (0x137d) x 6 0xfffffffd
core   0: 0x800066f0 (0x012bf2b3) and     t0, s7, s2
core   0: 3 0x800066f0 (0x012bf2b3) x 5 0x00000064
core   0: 0x800066f4 (0x00000001) c.nop
core   0: 3 0x800066f4 (0x0001)
core   0: 0x800066f6 (0x029c5533) divu    a0, s8, s1
core   0: 3 0x800066f6 (0x029c5533) x10 0x00000000
core   0: 0x800066fa (0x5ffbef93) ori     t6, s7, 1535
core   0: 3 0x800066fa (0x5ffbef93) x31 0x80013dff
core   0: 0x800066fe (0x036336b3) mulhu   a3, t1, s6
core   0: 3 0x800066fe (0x036336b3) x13 0x0000000d
core   0: 0x80006702 (0x00006111) c.addi16sp sp, 256
core   0: 3 0x80006702 (0x6111) x 2 0x0982b2f0
core   0: 0x80006704 (0x028d1c33) mulh    s8, s10, s0
core   0: 3 0x80006704 (0x028d1c33) x24 0xffffffff
core   0: 0x80006708 (0x0044aab3) slt     s5, s1, tp
core   0: 3 0x80006708 (0x0044aab3) x21 0x00000001
core   0: 0x8000670c (0x00000001) c.nop
core   0: 3 0x8000670c (0x0001)
core   0: 0x8000670e (0x00008f65) c.and   a4, s1
core   0: 3 0x8000670e (0x8f65) x14 0x00000000
core   0: 0x80006710 (0x004cd233) srl     tp, s9, tp
core   0: 3 0x80006710 (0x004cd233) x 4 0x00000000
core   0: 0x80006714 (0x0228b9b3) mulhu   s3, a7, sp
core   0: 3 0x80006714 (0x0228b9b3) x19 0x00000000
core   0: 0x80006718 (0x01302d33) slt     s10, zero, s3
core   0: 3 0x80006718 (0x01302d33) x26 0x00000000
core   0: 0x8000671c (0xb995ad17) auipc   s10, 0xb995a
core   0: 3 0x8000671c (0xb995ad17) x26 0x3996071c
core   0: 0x80006720 (0x02c517b3) mulh    a5, a0, a2
core   0: 3 0x80006720 (0x02c517b3) x15 0x00000000
core   0: 0x80006724 (0x4176d033) sra     zero, a3, s7
core   0: 3 0x80006724 (0x4176d033)
core   0: 0x80006728 (0x00008475) c.srai  s0, 29
core   0: 3 0x80006728 (0x8475) x 8 0x00000000
core   0: 0x8000672a (0x000098fd) c.andi  s1, -1
core   0: 3 0x8000672a (0x98fd) x 9 0x9fdc07bf
core   0: 0x8000672c (0x00006c79) c.lui   s8, 0x1e
core   0: 3 0x8000672c (0x6c79) x24 0x0001e000
core   0: 0x8000672e (0x039903b3) mul     t2, s2, s9
core   0: 3 0x8000672e (0x039903b3) x 7 0x00000000
core   0: 0x80006732 (0x00008709) c.srai  a4, 2
core   0: 3 0x80006732 (0x8709) x14 0x00000000
core   0: 0x80006734 (0x0769b293) sltiu   t0, s3, 118
core   0: 3 0x80006734 (0x0769b293) x 5 0x00000001
core   0: 0x80006738 (0x000080c5) c.srli  s1, 17
core   0: 3 0x80006738 (0x80c5) x 9 0x00004fee
core   0: 0x8000673a (0x00008c99) c.sub   s1, a4
core   0: 3 0x8000673a (0x8c99) x 9 0x00004fee
core   0: 0x8000673c (0x0384cc33) div     s8, s1, s8
core   0: 3 0x8000673c (0x0384cc33) x24 0x00000000
core   0: 0x80006740 (0x00005c7d) c.li    s8, -1
core   0: 3 0x80006740 (0x5c7d) x24 0xffffffff
core   0: 0x80006742 (0x5d8ec4b7) lui     s1, 0x5d8ec
core   0: 3 0x80006742 (0x5d8ec4b7) x 9 0x5d8ec000
core   0: 0x80006746 (0x0237dab3) divu    s5, a5, gp
core   0: 3 0x80006746 (0x0237dab3) x21 0x00000000
core   0: 0x8000674a (0x0000831d) c.srli  a4, 7
core   0: 3 0x8000674a (0x831d) x14 0x00000000
core   0: 0x8000674c (0xfc0d0213) addi    tp, s10, -64
core   0: 3 0x8000674c (0xfc0d0213) x 4 0x399606dc
core   0: 0x80006750 (0x403eea93) ori     s5, t4, 1027
core   0: 3 0x80006750 (0x403eea93) x21 0x07fffd7f
core   0: 0x80006754 (0x00b224b3) slt     s1, tp, a1
core   0: 3 0x80006754 (0x00b224b3) x 9 0x00000000
core   0: 0x80006758 (0x00000001) c.nop
core   0: 3 0x80006758 (0x0001)
core   0: 0x8000675a (0x00f4cfb3) xor     t6, s1, a5
core   0: 3 0x8000675a (0x00f4cfb3) x31 0x00000000
core   0: 0x8000675e (0x001b4333) xor     t1, s6, ra
core   0: 3 0x8000675e (0x001b4333) x 6 0xf8000fea
core   0: 0x80006762 (0x02a57db3) remu    s11, a0, a0
core   0: 3 0x80006762 (0x02a57db3) x27 0x00000000
core   0: 0x80006766 (0x0243bd33) mulhu   s10, t2, tp
core   0: 3 0x80006766 (0x0243bd33) x26 0x00000000
core   0: 0x8000676a (0x00006c8d) c.lui   s9, 0x3
core   0: 3 0x8000676a (0x6c8d) x25 0x00003000
core   0: 0x8000676c (0x026c51b3) divu    gp, s8, t1
core   0: 3 0x8000676c (0x026c51b3) x 3 0x00000001
core   0: 0x80006770 (0x41f10db3) sub     s11, sp, t6
core   0: 3 0x80006770 (0x41f10db3) x27 0x0982b2f0
core   0: 0x80006774 (0x02299db3) mulh    s11, s3, sp
core   0: 3 0x80006774 (0x02299db3) x27 0x00000000
core   0: 0x80006778 (0x01a6dfb3) srl     t6, a3, s10
core   0: 3 0x80006778 (0x01a6dfb3) x31 0x0000000d
core   0: 0x8000677c (0x00008dd5) c.or    a1, a3
core   0: 3 0x8000677c (0x8dd5) x11 0x0000000f
core   0: 0x8000677e (0x008466b3) or      a3, s0, s0
core   0: 3 0x8000677e (0x008466b3) x13 0x00000000
core   0: 0x80006782 (0x00008e25) c.xor   a2, s1
core   0: 3 0x80006782 (0x8e25) x12 0x007fffff
core   0: 0x80006784 (0x00000f76) c.slli  t5, 29
core   0: 3 0x80006784 (0x0f76) x30 0xe0000000
core   0: 0x80006786 (0x00001018) c.addi4spn a4, sp, 32
core   0: 3 0x80006786 (0x1018) x14 0x0982b310
core   0: 0x80006788 (0x001175b3) and     a1, sp, ra
core   0: 3 0x80006788 (0x001175b3) x11 0x080002e0
core   0: 0x8000678c (0x03ee04b3) mul     s1, t3, t5
core   0: 3 0x8000678c (0x03ee04b3) x 9 0x20000000
core   0: 0x80006790 (0x037ca033) mulhsu  zero, s9, s7
core   0: 3 0x80006790 (0x037ca033)
core   0: 0x80006794 (0x00e8adb3) slt     s11, a7, a4
core   0: 3 0x80006794 (0x00e8adb3) x27 0x00000001
core   0: 0x80006798 (0x00008ce9) c.and   s1, a0
core   0: 3 0x80006798 (0x8ce9) x 9 0x00000000
core   0: 0x8000679a (0x257d5397) auipc   t2, 0x257d5
core   0: 3 0x8000679a (0x257d5397) x 7 0xa57db79a
core   0: 0x8000679e (0x00008dbd) c.xor   a1, a5
core   0: 3 0x8000679e (0x8dbd) x11 0x080002e0
core   0: 0x800067a0 (0x00000556) c.slli  a0, 21
core   0: 3 0x800067a0 (0x0556) x10 0x00000000
core   0: 0x800067a2 (0x00008c5d) c.or    s0, a5
core   0: 3 0x800067a2 (0x8c5d) x 8 0x00000000
core   0: 0x800067a4 (0x00008ffd) c.and   a5, a5
core   0: 3 0x800067a4 (0x8ffd) x15 0x00000000
core   0: 0x800067a6 (0x034adeb3) divu    t4, s5, s4
core   0: 3 0x800067a6 (0x034adeb3) x29 0x00000000
core   0: 0x800067aa (0x02fc9c33) mulh    s8, s9, a5
core   0: 3 0x800067aa (0x02fc9c33) x24 0x00000000
core   0: 0x800067ae (0xa1547413) andi    s0, s0, -1515
core   0: 3 0x800067ae (0xa1547413) x 8 0x00000000
core   0: 0x800067b2 (0x0154e9b3) or      s3, s1, s5
core   0: 3 0x800067b2 (0x0154e9b3) x19 0x07fffd7f
core   0: 0x800067b6 (0x00008a99) c.andi  a3, 6
core   0: 3 0x800067b6 (0x8a99) x13 0x00000000
core   0: 0x800067b8 (0x000006ae) c.slli  a3, 11
core   0: 3 0x800067b8 (0x06ae) x13 0x00000000
core   0: 0x800067ba (0xacfc3793) sltiu   a5, s8, -1329
core   0: 3 0x800067ba (0xacfc3793) x15 0x00000001
core   0: 0x800067be (0x01ac5fb3) srl     t6, s8, s10
core   0: 3 0x800067be (0x01ac5fb3) x31 0x00000000
core   0: 0x800067c2 (0x00008ea9) c.xor   a3, a0
core   0: 3 0x800067c2 (0x8ea9) x13 0x00000000
core   0: 0x800067c4 (0x01050133) add     sp, a0, a6
core   0: 3 0x800067c4 (0x01050133) x 2 0x8000fe64
core   0: 0x800067c8 (0x00008f09) c.sub   a4, a0
core   0: 3 0x800067c8 (0x8f09) x14 0x0982b310
core   0: 0x800067ca (0x00009a7d) c.andi  a2, -1
core   0: 3 0x800067ca (0x9a7d) x12 0x007fffff
core   0: 0x800067cc (0x01ca16b3) sll     a3, s4, t3
core   0: 3 0x800067cc (0x01ca16b3) x13 0x00000000
core   0: 0x800067d0 (0x0084e2b3) or      t0, s1, s0
core   0: 3 0x800067d0 (0x0084e2b3) x 5 0x00000000
core   0: 0x800067d4 (0x01fedd13) srli    s10, t4, 31
core   0: 3 0x800067d4 (0x01fedd13) x26 0x00000000
core   0: 0x800067d8 (0x037b13b3) mulh    t2, s6, s7
core   0: 3 0x800067d8 (0x037b13b3) x 7 0xfffffff9
core   0: 0x800067dc (0xc6d6a893) slti    a7, a3, -915
core   0: 3 0x800067dc (0xc6d6a893) x17 0x00000000
core   0: 0x800067e0 (0x00000001) c.nop
core   0: 3 0x800067e0 (0x0001)
core   0: 0x800067e2 (0x3753ec93) ori     s9, t2, 885
core   0: 3 0x800067e2 (0x3753ec93) x25 0xfffffffd
core   0: 0x800067e6 (0x00008025) c.srli  s0, 9
core   0: 3 0x800067e6 (0x8025) x 8 0x00000000
core   0: 0x800067e8 (0x000049f1) c.li    s3, 28
core   0: 3 0x800067e8 (0x49f1) x19 0x0000001c
core   0: 0x800067ea (0x00dd36b3) sltu    a3, s10, a3
core   0: 3 0x800067ea (0x00dd36b3) x13 0x00000000
core   0: 0x800067ee (0x00008f3d) c.xor   a4, a5
core   0: 3 0x800067ee (0x8f3d) x14 0x0982b311
core   0: 0x800067f0 (0x006cc733) xor     a4, s9, t1
core   0: 3 0x800067f0 (0x006cc733) x14 0x07fff017
core   0: 0x800067f4 (0x00008ec9) c.or    a3, a0
core   0: 3 0x800067f4 (0x8ec9) x13 0x00000000
core   0: 0x800067f6 (0x4d9a3137) lui     sp, 0x4d9a3
core   0: 3 0x800067f6 (0x4d9a3137) x 2 0x4d9a3000
core   0: 0x800067fa (0x0000717d) c.addi16sp sp, -16
core   0: 3 0x800067fa (0x717d) x 2 0x4d9a2ff0
core   0: 0x800067fc (0x02cf8fb3) mul     t6, t6, a2
core   0: 3 0x800067fc (0x02cf8fb3) x31 0x00000000
core   0: 0x80006800 (0x000066c5) c.lui   a3, 0x11
core   0: 3 0x80006800 (0x66c5) x13 0x00011000
core   0: 0x80006802 (0x0000717d) c.addi16sp sp, -16
core   0: 3 0x80006802 (0x717d) x 2 0x4d9a2fe0
core   0: 0x80006804 (0x00008db9) c.xor   a1, a4
core   0: 3 0x80006804 (0x8db9) x11 0x0ffff2f7
core   0: 0x80006806 (0x08aa4e93) xori    t4, s4, 138
core   0: 3 0x80006806 (0x08aa4e93) x29 0xf9fdc092
core   0: 0x8000680a (0x40780733) sub     a4, a6, t2
core   0: 3 0x8000680a (0x40780733) x14 0x8000fe6b
core   0: 0x8000680e (0x00008f79) c.and   a4, a4
core   0: 3 0x8000680e (0x8f79) x14 0x8000fe6b
core   0: 0x80006810 (0x00008c49) c.or    s0, a0
core   0: 3 0x80006810 (0x8c49) x 8 0x00000000
core   0: 0x80006812 (0x03aeafb3) mulhsu  t6, t4, s10
core   0: 3 0x80006812 (0x03aeafb3) x31 0x00000000
core   0: 0x80006816 (0x0000877e) c.mv    a4, t6
core   0: 3 0x80006816 (0x877e) x14 0x00000000
core   0: 0x80006818 (0x0000816d) c.srli  a0, 27
core   0: 3 0x80006818 (0x816d) x10 0x00000000
core   0: 0x8000681a (0x00000001) c.nop
core   0: 3 0x8000681a (0x0001)
core   0: 0x8000681c (0x00008981) c.andi  a1, 0
core   0: 3 0x8000681c (0x8981) x11 0x00000000
core   0: 0x8000681e (0x00006a15) c.lui   s4, 0x5
core   0: 3 0x8000681e (0x6a15) x20 0x00005000
core   0: 0x80006820 (0x013eb633) sltu    a2, t4, s3
core   0: 3 0x80006820 (0x013eb633) x12 0x00000000
core   0: 0x80006824 (0x61ee4617) auipc   a2, 0x61ee4
core   0: 3 0x80006824 (0x61ee4617) x12 0xe1eea824
core   0: 0x80006828 (0x0000677d) c.lui   a4, 0x1f
core   0: 3 0x80006828 (0x677d) x14 0x0001f000
core   0: 0x8000682a (0x01f61913) slli    s2, a2, 31
core   0: 3 0x8000682a (0x01f61913) x18 0x00000000
core   0: 0x8000682e (0x01df5093) srli    ra, t5, 29
core   0: 3 0x8000682e (0x01df5093) x 1 0x00000007
core   0: 0x80006832 (0x03ae7433) remu    s0, t3, s10
core   0: 3 0x80006832 (0x03ae7433) x 8 0x9fdc07bf
core   0: 0x80006836 (0x0000717d) c.addi16sp sp, -16
core   0: 3 0x80006836 (0x717d) x 2 0x4d9a2fd0
core   0: 0x80006838 (0x00008ca9) c.xor   s1, a0
core   0: 3 0x80006838 (0x8ca9) x 9 0x00000000
core   0: 0x8000683a (0x03ac6f33) rem     t5, s8, s10
core   0: 3 0x8000683a (0x03ac6f33) x30 0x00000000
core   0: 0x8000683e (0x000054fd) c.li    s1, -1
core   0: 3 0x8000683e (0x54fd) x 9 0xffffffff
core   0: 0x80006840 (0x000085fd) c.srai  a1, 31
core   0: 3 0x80006840 (0x85fd) x11 0x00000000
core   0: 0x80006842 (0xc6f1c337) lui     t1, 0xc6f1c
core   0: 3 0x80006842 (0xc6f1c337) x 6 0xc6f1c000
core   0: 0x80006846 (0x0000008a) c.slli  ra, 2
core   0: 3 0x80006846 (0x008a) x 1 0x0000001c
core   0: 0x80006848 (0x00008dc9) c.or    a1, a0
core   0: 3 0x80006848 (0x8dc9) x11 0x00000000
core   0: 0x8000684a (0x000086c9) c.srai  a3, 18
core   0: 3 0x8000684a (0x86c9) x13 0x00000000
core   0: 0x8000684c (0xf8096713) ori     a4, s2, -128
core   0: 3 0x8000684c (0xf8096713) x14 0xffffff80
core   0: 0x80006850 (0x0100f133) and     sp, ra, a6
core   0: 3 0x80006850 (0x0100f133) x 2 0x00000004
core   0: 0x80006854 (0x000ed113) srli    sp, t4, 0
core   0: 3 0x80006854 (0x000ed113) x 2 0xf9fdc092
core   0: 0x80006858 (0x55473413) sltiu   s0, a4, 1364
core   0: 3 0x80006858 (0x55473413) x 8 0x00000000
core   0: 0x8000685c (0x41725393) srai    t2, tp, 23
core   0: 3 0x8000685c (0x41725393) x 7 0x00000073
core   0: 0x80006860 (0x010b91b3) sll     gp, s7, a6
core   0: 3 0x80006860 (0x010b91b3) x 3 0x0013ce40
core   0: 0x80006864 (0x0000717d) c.addi16sp sp, -16
core   0: 3 0x80006864 (0x717d) x 2 0xf9fdc082
core   0: 0x80006866 (0x00008dc5) c.or    a1, s1
core   0: 3 0x80006866 (0x8dc5) x11 0xffffffff
core   0: 0x80006868 (0x0000160c) c.addi4spn a1, sp, 800
core   0: 3 0x80006868 (0x160c) x11 0xf9fdc3a2
core   0: 0x8000686a (0x02886c33) rem     s8, a6, s0
core   0: 3 0x8000686a (0x02886c33) x24 0x8000fe64
core   0: 0x8000686e (0x7864bc13) sltiu   s8, s1, 1926
core   0: 3 0x8000686e (0x7864bc13) x24 0x00000000
core   0: 0x80006872 (0x011db133) sltu    sp, s11, a7
core   0: 3 0x80006872 (0x011db133) x 2 0x00000000
core   0: 0x80006876 (0x00008361) c.srli  a4, 24
core   0: 3 0x80006876 (0x8361) x14 0x000000ff
core   0: 0x80006878 (0x40640e33) sub     t3, s0, t1
core   0: 3 0x80006878 (0x40640e33) x28 0x390e4000
core   0: 0x8000687c (0x00000001) c.nop
core   0: 3 0x8000687c (0x0001)
core   0: 0x8000687e (0xb91ca013) slti    zero, s9, -1135
core   0: 3 0x8000687e (0xb91ca013)
core   0: 0x80006882 (0x00006921) c.lui   s2, 0x8
core   0: 3 0x80006882 (0x6921) x18 0x00008000
core   0: 0x80006884 (0x00620fb3) add     t6, tp, t1
core   0: 3 0x80006884 (0x00620fb3) x31 0x0087c6dc
core   0: 0x80006888 (0x011e9a13) slli    s4, t4, 17
core   0: 3 0x80006888 (0x011e9a13) x20 0x81240000
core   0: 0x8000688c (0x40fc59b3) sra     s3, s8, a5
core   0: 3 0x8000688c (0x40fc59b3) x19 0x00000000
core   0: 0x80006890 (0x00000001) c.nop
core   0: 3 0x80006890 (0x0001)
core   0: 0x80006892 (0x0216c8b3) div     a7, a3, ra
core   0: 3 0x80006892 (0x0216c8b3) x17 0x00000000
core   0: 0x80006896 (0x00008af5) c.andi  a3, 29
core   0: 3 0x80006896 (0x8af5) x13 0x00000000
core   0: 0x80006898 (0x3735ce13) xori    t3, a1, 883
core   0: 3 0x80006898 (0x3735ce13) x28 0xf9fdc0d1
core   0: 0x8000689c (0x0191e633) or      a2, gp, s9
core   0: 3 0x8000689c (0x0191e633) x12 0xfffffffd
core   0: 0x800068a0 (0x015536b3) sltu    a3, a0, s5
core   0: 3 0x800068a0 (0x015536b3) x13 0x00000001
core   0: 0x800068a4 (0x00008e15) c.sub   a2, a3
core   0: 3 0x800068a4 (0x8e15) x12 0xfffffffc
core   0: 0x800068a6 (0x73965e37) lui     t3, 0x73965
core   0: 3 0x800068a6 (0x73965e37) x28 0x73965000
core   0: 0x800068aa (0x01d4ddb3) srl     s11, s1, t4
core   0: 3 0x800068aa (0x01d4ddb3) x27 0x00003fff
core   0: 0x800068ae (0x00006131) c.addi16sp sp, 320
core   0: 3 0x800068ae (0x6131) x 2 0x00000140
core   0: 0x800068b0 (0x00cd4ab3) xor     s5, s10, a2
core   0: 3 0x800068b0 (0x00cd4ab3) x21 0xfffffffc
core   0: 0x800068b4 (0x02582a33) mulhsu  s4, a6, t0
core   0: 3 0x800068b4 (0x02582a33) x20 0x00000000
core   0: 0x800068b8 (0x9f00f8b7) lui     a7, 0x9f00f
core   0: 3 0x800068b8 (0x9f00f8b7) x17 0x9f00f000
core   0: 0x800068bc (0x00006165) c.addi16sp sp, 112
core   0: 3 0x800068bc (0x6165) x 2 0x000001b0
core   0: 0x800068be (0x02c1df33) divu    t5, gp, a2
core   0: 3 0x800068be (0x02c1df33) x30 0x00000000
core   0: 0x800068c2 (0xca12aa13) slti    s4, t0, -863
core   0: 3 0x800068c2 (0xca12aa13) x20 0x00000000
core   0: 0x800068c6 (0x80827597) auipc   a1, 0x80827
core   0: 3 0x800068c6 (0x80827597) x11 0x0082d8c6
core   0: 0x800068ca (0x4ed93f13) sltiu   t5, s2, 1261
core   0: 3 0x800068ca (0x4ed93f13) x30 0x00000000
core   0: 0x800068ce (0x01714fb3) xor     t6, sp, s7
core   0: 3 0x800068ce (0x01714fb3) x31 0x80013d54
core   0: 0x800068d2 (0x00008449) c.srai  s0, 18
core   0: 3 0x800068d2 (0x8449) x 8 0x00000000
core   0: 0x800068d4 (0x00e0a0b3) slt     ra, ra, a4
core   0: 3 0x800068d4 (0x00e0a0b3) x 1 0x00000001
core   0: 0x800068d8 (0x035fedb3) rem     s11, t6, s5
core   0: 3 0x800068d8 (0x035fedb3) x27 0x00000000
core   0: 0x800068dc (0x009719b3) sll     s3, a4, s1
core   0: 3 0x800068dc (0x009719b3) x19 0x80000000
core   0: 0x800068e0 (0x00000001) c.nop
core   0: 3 0x800068e0 (0x0001)
core   0: 0x800068e2 (0x000016fd) c.addi  a3, -1
core   0: 3 0x800068e2 (0x16fd) x13 0x00000000
core   0: 0x800068e4 (0x03752ab3) mulhsu  s5, a0, s7
core   0: 3 0x800068e4 (0x03752ab3) x21 0x00000000
core   0: 0x800068e8 (0xb82d6f93) ori     t6, s10, -1150
core   0: 3 0x800068e8 (0xb82d6f93) x31 0xfffffb82
core   0: 0x800068ec (0x00009442) c.add   s0, a6
core   0: 3 0x800068ec (0x9442) x 8 0x8000fe64
core   0: 0x800068ee (0x029a0a33) mul     s4, s4, s1
core   0: 3 0x800068ee (0x029a0a33) x20 0x00000000
core   0: 0x800068f2 (0x00008ecd) c.or    a3, a1
core   0: 3 0x800068f2 (0x8ecd) x13 0x0082d8c6
core   0: 0x800068f4 (0xb72b2337) lui     t1, 0xb72b2
core   0: 3 0x800068f4 (0xb72b2337) x 6 0xb72b2000
core   0: 0x800068f8 (0x9ac72397) auipc   t2, 0x9ac72
core   0: 3 0x800068f8 (0x9ac72397) x 7 0x1ac788f8
core   0: 0x800068fc (0x03a04733) div     a4, zero, s10
core   0: 3 0x800068fc (0x03a04733) x14 0xffffffff
core   0: 0x80006900 (0x000098fd) c.andi  s1, -1
core   0: 3 0x80006900 (0x98fd) x 9 0xffffffff
core   0: 0x80006902 (0x01161c93) slli    s9, a2, 17
core   0: 3 0x80006902 (0x01161c93) x25 0xfff80000
core   0: 0x80006906 (0x41abd633) sra     a2, s7, s10
core   0: 3 0x80006906 (0x41abd633) x12 0x80013ce4
core   0: 0x8000690a (0x0132d493) srli    s1, t0, 19
core   0: 3 0x8000690a (0x0132d493) x 9 0x00000000
core   0: 0x8000690e (0x38dcaa13) slti    s4, s9, 909
core   0: 3 0x8000690e (0x38dcaa13) x20 0x00000001
core   0: 0x80006912 (0x03399333) mulh    t1, s3, s3
core   0: 3 0x80006912 (0x03399333) x 6 0x40000000
core   0: 0x80006916 (0x00008616) c.mv    a2, t0
core   0: 3 0x80006916 (0x8616) x12 0x00000000
core   0: 0x80006918 (0x192bad93) slti    s11, s7, 402
core   0: 3 0x80006918 (0x192bad93) x27 0x00000001
core   0: 0x8000691c (0x00000001) c.nop
core   0: 3 0x8000691c (0x0001)
core   0: 0x8000691e (0xd75ced13) ori     s10, s9, -651
core   0: 3 0x8000691e (0xd75ced13) x26 0xfffffd75
core   0: 0x80006922 (0x00006891) c.lui   a7, 0x4
core   0: 3 0x80006922 (0x6891) x17 0x00004000
core   0: 0x80006924 (0x000051fd) c.li    gp, -1
core   0: 3 0x80006924 (0x51fd) x 3 0xffffffff
core   0: 0x80006926 (0x0000999e) c.add   s3, t2
core   0: 3 0x80006926 (0x999e) x19 0x9ac788f8
core   0: 0x80006928 (0x000050fd) c.li    ra, -1
core   0: 3 0x80006928 (0x50fd) x 1 0xffffffff
core   0: 0x8000692a (0x00008c09) c.sub   s0, a0
core   0: 3 0x8000692a (0x8c09) x 8 0x8000fe64
core   0: 0x8000692c (0x0365b633) mulhu   a2, a1, s6
core   0: 3 0x8000692c (0x0365b633) x12 0x00000000
core   0: 0x80006930 (0x401458b3) sra     a7, s0, ra
core   0: 3 0x80006930 (0x401458b3) x17 0xffffffff
core   0: 0x80006934 (0x01e65c93) srli    s9, a2, 30
core   0: 3 0x80006934 (0x01e65c93) x25 0x00000000
core   0: 0x80006938 (0x00db9cb3) sll     s9, s7, a3
core   0: 3 0x80006938 (0x00db9cb3) x25 0x004f3900
core   0: 0x8000693c (0x00008fcd) c.or    a5, a1
core   0: 3 0x8000693c (0x8fcd) x15 0x0082d8c7
core   0: 0x8000693e (0x01278f33) add     t5, a5, s2
core   0: 3 0x8000693e (0x01278f33) x30 0x008358c7
core   0: 0x80006942 (0x00001288) c.addi4spn a0, sp, 352
core   0: 3 0x80006942 (0x1288) x10 0x00000310
core   0: 0x80006944 (0x03137ab3) remu    s5, t1, a7
core   0: 3 0x80006944 (0x03137ab3) x21 0x40000000
core   0: 0x80006948 (0x00008c11) c.sub   s0, a2
core   0: 3 0x80006948 (0x8c11) x 8 0x8000fe64
core   0: 0x8000694a (0x00000001) c.nop
core   0: 3 0x8000694a (0x0001)
core   0: 0x8000694c (0x1dbb2113) slti    sp, s6, 475
core   0: 3 0x8000694c (0x1dbb2113) x 2 0x00000001
core   0: 0x80006950 (0x00000a79) c.addi  s4, 30
core   0: 3 0x80006950 (0x0a79) x20 0x0000001f
core   0: 0x80006952 (0x010e8fb3) add     t6, t4, a6
core   0: 3 0x80006952 (0x010e8fb3) x31 0x79febef6
core   0: 0x80006956 (0x9b77a193) slti    gp, a5, -1609
core   0: 3 0x80006956 (0x9b77a193) x 3 0x00000000
core   0: 0x8000695a (0x0000617d) c.addi16sp sp, 496
core   0: 3 0x8000695a (0x617d) x 2 0x000001f1
core   0: 0x8000695c (0x00000001) c.nop
core   0: 3 0x8000695c (0x0001)
core   0: 0x8000695e (0x00008815) c.andi  s0, 5
core   0: 3 0x8000695e (0x8815) x 8 0x00000004
core   0: 0x80006960 (0xe7db7393) andi    t2, s6, -387
core   0: 3 0x80006960 (0xe7db7393) x 7 0x0000000c
core   0: 0x80006964 (0xf0274f13) xori    t5, a4, -254
core   0: 3 0x80006964 (0xf0274f13) x30 0x000000fd
core   0: 0x80006968 (0xd151ae93) slti    t4, gp, -747
core   0: 3 0x80006968 (0xd151ae93) x29 0x00000000
core   0: 0x8000696c (0x00e60cb3) add     s9, a2, a4
core   0: 3 0x8000696c (0x00e60cb3) x25 0xffffffff
core   0: 0x80006970 (0xc0dc7a13) andi    s4, s8, -1011
core   0: 3 0x80006970 (0xc0dc7a13) x20 0x00000000
core   0: 0x80006974 (0x01d187b3) add     a5, gp, t4
core   0: 3 0x80006974 (0x01d187b3) x15 0x00000000
core   0: 0x80006978 (0x6e2a4293) xori    t0, s4, 1762
core   0: 3 0x80006978 (0x6e2a4293) x 5 0x000006e2
core   0: 0x8000697c (0x40cb5533) sra     a0, s6, a2
core   0: 3 0x8000697c (0x40cb5533) x10 0x0000000e
core   0: 0x80006980 (0x01f906b3) add     a3, s2, t6
core   0: 3 0x80006980 (0x01f906b3) x13 0x79ff3ef6
core   0: 0x80006984 (0xfc29ea17) auipc   s4, 0xfc29e
core   0: 3 0x80006984 (0xfc29ea17) x20 0x7c2a4984
core   0: 0x80006988 (0x00008739) c.srai  a4, 14
core   0: 3 0x80006988 (0x8739) x14 0xffffffff
core   0: 0x8000698a (0x00008fd1) c.or    a5, a2
core   0: 3 0x8000698a (0x8fd1) x15 0x00000000
core   0: 0x8000698c (0x00008e11) c.sub   a2, a2
core   0: 3 0x8000698c (0x8e11) x12 0x00000000
core   0: 0x8000698e (0x7db9ce13) xori    t3, s3, 2011
core   0: 3 0x8000698e (0x7db9ce13) x28 0x9ac78f23
core   0: 0x80006992 (0x29042c13) slti    s8, s0, 656
core   0: 3 0x80006992 (0x29042c13) x24 0x00000001
core   0: 0x80006996 (0x12253d93) sltiu   s11, a0, 290
core   0: 3 0x80006996 (0x12253d93) x27 0x00000001
core   0: 0x8000699a (0x404652b3) sra     t0, a2, tp
core   0: 3 0x8000699a (0x404652b3) x 5 0x00000000
core   0: 0x8000699e (0x0085c1b3) xor     gp, a1, s0
core   0: 3 0x8000699e (0x0085c1b3) x 3 0x0082d8c2
core   0: 0x800069a2 (0x00008fb1) c.xor   a5, a2
core   0: 3 0x800069a2 (0x8fb1) x15 0x00000000
core   0: 0x800069a4 (0xf6b53e13) sltiu   t3, a0, -149
core   0: 3 0x800069a4 (0xf6b53e13) x28 0x00000001
core   0: 0x800069a8 (0x41fade13) srai    t3, s5, 31
core   0: 3 0x800069a8 (0x41fade13) x28 0x00000000
core   0: 0x800069ac (0x030df733) remu    a4, s11, a6
core   0: 3 0x800069ac (0x030df733) x14 0x00000001
core   0: 0x800069b0 (0x02b1f233) remu    tp, gp, a1
core   0: 3 0x800069b0 (0x02b1f233) x 4 0x0082d8c2
core   0: 0x800069b4 (0xa68e2593) slti    a1, t3, -1432
core   0: 3 0x800069b4 (0xa68e2593) x11 0x00000000
core   0: 0x800069b8 (0x018f14b3) sll     s1, t5, s8
core   0: 3 0x800069b8 (0x018f14b3) x 9 0x000001fa
core   0: 0x800069bc (0x000094ae) c.add   s1, a1
core   0: 3 0x800069bc (0x94ae) x 9 0x000001fa
core   0: 0x800069be (0x40a80533) sub     a0, a6, a0
core   0: 3 0x800069be (0x40a80533) x10 0x8000fe56
core   0: 0x800069c2 (0xb340f413) andi    s0, ra, -1228
core   0: 3 0x800069c2 (0xb340f413) x 8 0xfffffb34
core   0: 0x800069c6 (0x00008e3d) c.xor   a2, a5
core   0: 3 0x800069c6 (0x8e3d) x12 0x00000000
core   0: 0x800069c8 (0x02ff4933) div     s2, t5, a5
core   0: 3 0x800069c8 (0x02ff4933) x18 0xffffffff
core   0: 0x800069cc (0xde150893) addi    a7, a0, -543
core   0: 3 0x800069cc (0xde150893) x17 0x8000fc37
core   0: 0x800069d0 (0x00008e05) c.sub   a2, s1
core   0: 3 0x800069d0 (0x8e05) x12 0xfffffe06
core   0: 0x800069d2 (0x1ec30c13) addi    s8, t1, 492
core   0: 3 0x800069d2 (0x1ec30c13) x24 0x400001ec
core   0: 0x800069d6 (0x028b72b3) remu    t0, s6, s0
core   0: 3 0x800069d6 (0x028b72b3) x 5 0x0000000e
core   0: 0x800069da (0x00a25993) srli    s3, tp, 10
core   0: 3 0x800069da (0x00a25993) x19 0x000020b6
core   0: 0x800069de (0x00000001) c.nop
core   0: 3 0x800069de (0x0001)
core   0: 0x800069e0 (0x00008ab1) c.andi  a3, 12
core   0: 3 0x800069e0 (0x8ab1) x13 0x00000004
core   0: 0x800069e2 (0x0000997d) c.andi  a0, -1
core   0: 3 0x800069e2 (0x997d) x10 0x8000fe56
core   0: 0x800069e4 (0x368b6a93) ori     s5, s6, 872
core   0: 3 0x800069e4 (0x368b6a93) x21 0x0000036e
core   0: 0x800069e8 (0x0046cfb3) xor     t6, a3, tp
core   0: 3 0x800069e8 (0x0046cfb3) x31 0x0082d8c6
core   0: 0x800069ec (0x01071c33) sll     s8, a4, a6
core   0: 3 0x800069ec (0x01071c33) x24 0x00000010
core   0: 0x800069f0 (0x008c9a33) sll     s4, s9, s0
core   0: 3 0x800069f0 (0x008c9a33) x20 0xfff00000
core   0: 0x800069f4 (0x2ce74713) xori    a4, a4, 718
core   0: 3 0x800069f4 (0x2ce74713) x14 0x000002cf
core   0: 0x800069f8 (0x003f04b3) add     s1, t5, gp
core   0: 3 0x800069f8 (0x003f04b3) x 9 0x0082d9bf
core   0: 0x800069fc (0x032c05b3) mul     a1, s8, s2
core   0: 3 0x800069fc (0x032c05b3) x11 0xfffffff0
core   0: 0x80006a00 (0x262d4693) xori    a3, s10, 610
core   0: 3 0x80006a00 (0x262d4693) x13 0xffffff17
core   0: 0x80006a04 (0x00008071) c.srli  s0, 28
core   0: 3 0x80006a04 (0x8071) x 8 0x0000000f
core   0: 0x80006a06 (0x03b45c33) divu    s8, s0, s11
core   0: 3 0x80006a06 (0x03b45c33) x24 0x0000000f
core   0: 0x80006a0a (0x012655b3) srl     a1, a2, s2
core   0: 3 0x80006a0a (0x012655b3) x11 0x00000001
core   0: 0x80006a0e (0x00008521) c.srai  a0, 8
core   0: 3 0x80006a0e (0x8521) x10 0xff8000fe
core   0: 0x80006a10 (0x02e6f233) remu    tp, a3, a4
core   0: 3 0x80006a10 (0x02e6f233) x 4 0x000001af
core   0: 0x80006a14 (0x41d688b3) sub     a7, a3, t4
core   0: 3 0x80006a14 (0x41d688b3) x17 0xffffff17
core   0: 0x80006a18 (0x00008d35) c.xor   a0, a3
core   0: 3 0x80006a18 (0x8d35) x10 0x007fffe9
core   0: 0x80006a1a (0x00530933) add     s2, t1, t0
core   0: 3 0x80006a1a (0x00530933) x18 0x4000000e
core   0: 0x80006a1e (0x00000001) c.nop
core   0: 3 0x80006a1e (0x0001)
core   0: 0x80006a20 (0x0000649d) c.lui   s1, 0x7
core   0: 3 0x80006a20 (0x649d) x 9 0x00007000
core   0: 0x80006a22 (0x81ddf693) andi    a3, s11, -2019
core   0: 3 0x80006a22 (0x81ddf693) x13 0x00000001
core   0: 0x80006a26 (0x000082e2) c.mv    t0, s8
core   0: 3 0x80006a26 (0x82e2) x 5 0x0000000f
core   0: 0x80006a28 (0x00008f75) c.and   a4, a3
core   0: 3 0x80006a28 (0x8f75) x14 0x00000001
core   0: 0x80006a2a (0x00f2d693) srli    a3, t0, 15
core   0: 3 0x80006a2a (0x00f2d693) x13 0x00000000
core   0: 0x80006a2e (0x00000f0c) c.addi4spn a1, sp, 912
core   0: 3 0x80006a2e (0x0f0c) x11 0x00000581
core   0: 0x80006a30 (0x00008f81) c.sub   a5, s0
core   0: 3 0x80006a30 (0x8f81) x15 0xfffffff1
core   0: 0x80006a32 (0x00000001) c.nop
core   0: 3 0x80006a32 (0x0001)
core   0: 0x80006a34 (0xcdb84f13) xori    t5, a6, -805
core   0: 3 0x80006a34 (0xcdb84f13) x30 0x7fff02bf
core   0: 0x80006a38 (0x01769a13) slli    s4, a3, 23
core   0: 3 0x80006a38 (0x01769a13) x20 0x00000000
core   0: 0x80006a3c (0x00000001) c.nop
core   0: 3 0x80006a3c (0x0001)
core   0: 0x80006a3e (0x01f337b3) sltu    a5, t1, t6
core   0: 3 0x80006a3e (0x01f337b3) x15 0x00000000
core   0: 0x80006a42 (0x017678b3) and     a7, a2, s7
core   0: 3 0x80006a42 (0x017678b3) x17 0x80013c04
core   0: 0x80006a46 (0x035f3433) mulhu   s0, t5, s5
core   0: 3 0x80006a46 (0x035f3433) x 8 0x000001b6
core   0: 0x80006a4a (0x0000911a) c.add   sp, t1
core   0: 3 0x80006a4a (0x911a) x 2 0x400001f1
core   0: 0x80006a4c (0xfb6d3113) sltiu   sp, s10, -74
core   0: 3 0x80006a4c (0xfb6d3113) x 2 0x00000001
core   0: 0x80006a50 (0x000088de) c.mv    a7, s7
core   0: 3 0x80006a50 (0x88de) x17 0x80013ce4
core   0: 0x80006a52 (0x01215993) srli    s3, sp, 18
core   0: 3 0x80006a52 (0x01215993) x19 0x00000000
core   0: 0x80006a56 (0x02032733) mulhsu  a4, t1, zero
core   0: 3 0x80006a56 (0x02032733) x14 0x00000000
core   0: 0x80006a5a (0x01125a13) srli    s4, tp, 17
core   0: 3 0x80006a5a (0x01125a13) x20 0x00000000
core   0: 0x80006a5e (0xf3c26793) ori     a5, tp, -196
core   0: 3 0x80006a5e (0xf3c26793) x15 0xffffffbf
core   0: 0x80006a62 (0x00a0dc13) srli    s8, ra, 10
core   0: 3 0x80006a62 (0x00a0dc13) x24 0x003fffff
core   0: 0x80006a66 (0xf5b63c13) sltiu   s8, a2, -165
core   0: 3 0x80006a66 (0xf5b63c13) x24 0x00000001
core   0: 0x80006a6a (0x01a051b3) srl     gp, zero, s10
core   0: 3 0x80006a6a (0x01a051b3) x 3 0x00000000
core   0: 0x80006a6e (0x00008f19) c.sub   a4, a4
core   0: 3 0x80006a6e (0x8f19) x14 0x00000000
core   0: 0x80006a70 (0x00abf0b3) and     ra, s7, a0
core   0: 3 0x80006a70 (0x00abf0b3) x 1 0x00013ce0
core   0: 0x80006a74 (0x000082f1) c.srli  a3, 28
core   0: 3 0x80006a74 (0x82f1) x13 0x00000000
core   0: 0x80006a76 (0x90394c13) xori    s8, s2, -1789
core   0: 3 0x80006a76 (0x90394c13) x24 0xbffff90d
core   0: 0x80006a7a (0x028adfb3) divu    t6, s5, s0
core   0: 3 0x80006a7a (0x028adfb3) x31 0x00000002
core   0: 0x80006a7e (0x0000717d) c.addi16sp sp, -16
core   0: 3 0x80006a7e (0x717d) x 2 0xfffffff1
core   0: 0x80006a80 (0x6c048993) addi    s3, s1, 1728
core   0: 3 0x80006a80 (0x6c048993) x19 0x000076c0
core   0: 0x80006a84 (0x01b69c33) sll     s8, a3, s11
core   0: 3 0x80006a84 (0x01b69c33) x24 0x00000000
core   0: 0x80006a88 (0x02b0f9b3) remu    s3, ra, a1
core   0: 3 0x80006a88 (0x02b0f9b3) x19 0x00000327
core   0: 0x80006a8c (0x00006175) c.addi16sp sp, 368
core   0: 3 0x80006a8c (0x6175) x 2 0x00000161
core   0: 0x80006a8e (0x00c470b3) and     ra, s0, a2
core   0: 3 0x80006a8e (0x00c470b3) x 1 0x00000006
core   0: 0x80006a92 (0x00006135) c.addi16sp sp, 352
core   0: 3 0x80006a92 (0x6135) x 2 0x000002c1
core   0: 0x80006a94 (0x02770cb3) mul     s9, a4, t2
core   0: 3 0x80006a94 (0x02770cb3) x25 0x00000000
core   0: 0x80006a98 (0x01325c13) srli    s8, tp, 19
core   0: 3 0x80006a98 (0x01325c13) x24 0x00000000
core   0: 0x80006a9c (0x00008e11) c.sub   a2, a2
core   0: 3 0x80006a9c (0x8e11) x12 0x00000000
core   0: 0x80006a9e (0x03da99b3) mulh    s3, s5, t4
core   0: 3 0x80006a9e (0x03da99b3) x19 0x00000000
core   0: 0x80006aa2 (0x0000846d) c.srai  s0, 27
core   0: 3 0x80006aa2 (0x846d) x 8 0x00000000
core   0: 0x80006aa4 (0x02e082b3) mul     t0, ra, a4
core   0: 3 0x80006aa4 (0x02e082b3) x 5 0x00000000
core   0: 0x80006aa8 (0x02393eb3) mulhu   t4, s2, gp
core   0: 3 0x80006aa8 (0x02393eb3) x29 0x00000000
core   0: 0x80006aac (0x0000806d) c.srli  s0, 27
core   0: 3 0x80006aac (0x806d) x 8 0x00000000
core   0: 0x80006aae (0x00009c2a) c.add   s8, a0
core   0: 3 0x80006aae (0x9c2a) x24 0x007fffe9
core   0: 0x80006ab0 (0x00000d85) c.addi  s11, 1
core   0: 3 0x80006ab0 (0x0d85) x27 0x00000002
core   0: 0x80006ab2 (0x00000001) c.nop
core   0: 3 0x80006ab2 (0x0001)
core   0: 0x80006ab4 (0x00006375) c.lui   t1, 0x1d
core   0: 3 0x80006ab4 (0x6375) x 6 0x0001d000
core   0: 0x80006ab6 (0x00008459) c.srai  s0, 22
core   0: 3 0x80006ab6 (0x8459) x 8 0x00000000
core   0: 0x80006ab8 (0x0000864d) c.srai  a2, 19
core   0: 3 0x80006ab8 (0x864d) x12 0x00000000
core   0: 0x80006aba (0x03cf75b3) remu    a1, t5, t3
core   0: 3 0x80006aba (0x03cf75b3) x11 0x7fff02bf
core   0: 0x80006abe (0x3a469517) auipc   a0, 0x3a469
core   0: 3 0x80006abe (0x3a469517) x10 0xba46fabe
core   0: 0x80006ac2 (0x40d3d2b3) sra     t0, t2, a3
core   0: 3 0x80006ac2 (0x40d3d2b3) x 5 0x0000000c
core   0: 0x80006ac6 (0x030a97b3) mulh    a5, s5, a6
core   0: 3 0x80006ac6 (0x030a97b3) x15 0xfffffe49
core   0: 0x80006aca (0x02142a33) mulhsu  s4, s0, ra
core   0: 3 0x80006aca (0x02142a33) x20 0x00000000
core   0: 0x80006ace (0x00008011) c.srli  s0, 4
core   0: 3 0x80006ace (0x8011) x 8 0x00000000
core   0: 0x80006ad0 (0x03a2a133) mulhsu  sp, t0, s10
core   0: 3 0x80006ad0 (0x03a2a133) x 2 0x0000000b
core   0: 0x80006ad4 (0x00006d19) c.lui   s10, 0x6
core   0: 3 0x80006ad4 (0x6d19) x26 0x00006000
core   0: 0x80006ad6 (0x0000197d) c.addi  s2, -1
core   0: 3 0x80006ad6 (0x197d) x18 0x4000000d
core   0: 0x80006ad8 (0x00008ff5) c.and   a5, a3
core   0: 3 0x80006ad8 (0x8ff5) x15 0x00000000
core   0: 0x80006ada (0x029b8733) mul     a4, s7, s1
core   0: 3 0x80006ada (0x029b8733) x14 0x8aa3c000
core   0: 0x80006ade (0x0123a7b3) slt     a5, t2, s2
core   0: 3 0x80006ade (0x0123a7b3) x15 0x00000001
core   0: 0x80006ae2 (0x449f7a13) andi    s4, t5, 1097
core   0: 3 0x80006ae2 (0x449f7a13) x20 0x00000009
core   0: 0x80006ae6 (0x0000959e) c.add   a1, t2
core   0: 3 0x80006ae6 (0x959e) x11 0x7fff02cb
core   0: 0x80006ae8 (0x000082d9) c.srli  a3, 22
core   0: 3 0x80006ae8 (0x82d9) x13 0x00000000
core   0: 0x80006aea (0x00008cd5) c.or    s1, a3
core   0: 3 0x80006aea (0x8cd5) x 9 0x00007000
core   0: 0x80006aec (0x0000079c) c.addi4spn a5, sp, 960
core   0: 3 0x80006aec (0x079c) x15 0x000003cb
core   0: 0x80006aee (0x5afde193) ori     gp, s11, 1455
core   0: 3 0x80006aee (0x5afde193) x 3 0x000005af
core   0: 0x80006af2 (0xb2147993) andi    s3, s0, -1247
core   0: 3 0x80006af2 (0xb2147993) x19 0x00000000
core   0: 0x80006af6 (0x01e8b1b3) sltu    gp, a7, t5
core   0: 3 0x80006af6 (0x01e8b1b3) x 3 0x00000000
core   0: 0x80006afa (0x02dc8e33) mul     t3, s9, a3
core   0: 3 0x80006afa (0x02dc8e33) x28 0x00000000
core   0: 0x80006afe (0x0000896a) c.mv    s2, s10
core   0: 3 0x80006afe (0x896a) x18 0x00006000
core   0: 0x80006b00 (0xd27f0493) addi    s1, t5, -729
core   0: 3 0x80006b00 (0xd27f0493) x 9 0x7ffeffe6
core   0: 0x80006b04 (0x000081e1) c.srli  a1, 24
core   0: 3 0x80006b04 (0x81e1) x11 0x0000007f
core   0: 0x80006b06 (0x00004e61) c.li    t3, 24
core   0: 3 0x80006b06 (0x4e61) x28 0x00000018
core   0: 0x80006b08 (0x000055fd) c.li    a1, -1
core   0: 3 0x80006b08 (0x55fd) x11 0xffffffff
core   0: 0x80006b0a (0x00009a72) c.add   s4, t3
core   0: 3 0x80006b0a (0x9a72) x20 0x00000021
core   0: 0x80006b0c (0x000003e6) c.slli  t2, 25
core   0: 3 0x80006b0c (0x03e6) x 7 0x18000000
core   0: 0x80006b0e (0x00001110) c.addi4spn a2, sp, 160
core   0: 3 0x80006b0e (0x1110) x12 0x000000ab
core   0: 0x80006b10 (0xd81f3313) sltiu   t1, t5, -639
core   0: 3 0x80006b10 (0xd81f3313) x 6 0x00000001
core   0: 0x80006b14 (0x02bb5eb3) divu    t4, s6, a1
core   0: 3 0x80006b14 (0x02bb5eb3) x29 0x00000000
core   0: 0x80006b18 (0x0000717d) c.addi16sp sp, -16
core   0: 3 0x80006b18 (0x717d) x 2 0xfffffffb
core   0: 0x80006b1a (0x405751b3) sra     gp, a4, t0
core   0: 3 0x80006b1a (0x405751b3) x 3 0xfff8aa3c
core   0: 0x80006b1e (0x00008c81) c.sub   s1, s0
core   0: 3 0x80006b1e (0x8c81) x 9 0x7ffeffe6
core   0: 0x80006b20 (0x00000001) c.nop
core   0: 3 0x80006b20 (0x0001)
core   0: 0x80006b22 (0x01e885b3) add     a1, a7, t5
core   0: 3 0x80006b22 (0x01e885b3) x11 0x00003fa3
core   0: 0x80006b26 (0x02acf533) remu    a0, s9, a0
core   0: 3 0x80006b26 (0x02acf533) x10 0x00000000
core   0: 0x80006b2a (0x00789f93) slli    t6, a7, 7
core   0: 3 0x80006b2a (0x00789f93) x31 0x009e7200
core   0: 0x80006b2e (0x00009afd) c.andi  a3, -1
core   0: 3 0x80006b2e (0x9afd) x13 0x00000000
core   0: 0x80006b30 (0x03434333) div     t1, t1, s4
core   0: 3 0x80006b30 (0x03434333) x 6 0x00000000
core   0: 0x80006b34 (0x00008dad) c.xor   a1, a1
core   0: 3 0x80006b34 (0x8dad) x11 0x00000000
core   0: 0x80006b36 (0x00000001) c.nop
core   0: 3 0x80006b36 (0x0001)
core   0: 0x80006b38 (0x039c8933) mul     s2, s9, s9
core   0: 3 0x80006b38 (0x039c8933) x18 0x00000000
core   0: 0x80006b3c (0x000097c6) c.add   a5, a7
core   0: 3 0x80006b3c (0x97c6) x15 0x800140af
core   0: 0x80006b3e (0xfcda0593) addi    a1, s4, -51
core   0: 3 0x80006b3e (0xfcda0593) x11 0xffffffee
core   0: 0x80006b42 (0x0246cfb3) div     t6, a3, tp
core   0: 3 0x80006b42 (0x0246cfb3) x31 0x00000000
core   0: 0x80006b46 (0x168fe093) ori     ra, t6, 360
core   0: 3 0x80006b46 (0x168fe093) x 1 0x00000168
core   0: 0x80006b4a (0x006f93b3) sll     t2, t6, t1
core   0: 3 0x80006b4a (0x006f93b3) x 7 0x00000000
core   0: 0x80006b4e (0x01d683b3) add     t2, a3, t4
core   0: 3 0x80006b4e (0x01d683b3) x 7 0x00000000
core   0: 0x80006b52 (0x01041f33) sll     t5, s0, a6
core   0: 3 0x80006b52 (0x01041f33) x30 0x00000000
core   0: 0x80006b56 (0x03921133) mulh    sp, tp, s9
core   0: 3 0x80006b56 (0x03921133) x 2 0x00000000
core   0: 0x80006b5a (0x01e80633) add     a2, a6, t5
core   0: 3 0x80006b5a (0x01e80633) x12 0x8000fe64
core   0: 0x80006b5e (0x40a887b3) sub     a5, a7, a0
core   0: 3 0x80006b5e (0x40a887b3) x15 0x80013ce4
core   0: 0x80006b62 (0x018f9893) slli    a7, t6, 24
core   0: 3 0x80006b62 (0x018f9893) x17 0x00000000
core   0: 0x80006b66 (0x02702733) mulhsu  a4, zero, t2
core   0: 3 0x80006b66 (0x02702733) x14 0x00000000
core   0: 0x80006b6a (0x0083adb3) slt     s11, t2, s0
core   0: 3 0x80006b6a (0x0083adb3) x27 0x00000000
core   0: 0x80006b6e (0x00008f55) c.or    a4, a3
core   0: 3 0x80006b6e (0x8f55) x14 0x00000000
core   0: 0x80006b70 (0x01119113) slli    sp, gp, 17
core   0: 3 0x80006b70 (0x01119113) x 2 0x54780000
core   0: 0x80006b74 (0x00008d95) c.sub   a1, a3
core   0: 3 0x80006b74 (0x8d95) x11 0xffffffee
core   0: 0x80006b76 (0x000083e5) c.srli  a5, 25
core   0: 3 0x80006b76 (0x83e5) x15 0x00000040
core   0: 0x80006b78 (0x00008c65) c.and   s0, s1
core   0: 3 0x80006b78 (0x8c65) x 8 0x00000000
core   0: 0x80006b7a (0xd9c3a737) lui     a4, 0xd9c3a
core   0: 3 0x80006b7a (0xd9c3a737) x14 0xd9c3a000
core   0: 0x80006b7e (0x019f0133) add     sp, t5, s9
core   0: 3 0x80006b7e (0x019f0133) x 2 0x00000000
core   0: 0x80006b82 (0x00000891) c.addi  a7, 4
core   0: 3 0x80006b82 (0x0891) x17 0x00000004
core   0: 0x80006b84 (0xe4033017) auipc   zero, 0xe4033
core   0: 3 0x80006b84 (0xe4033017)
core   0: 0x80006b88 (0x53c57113) andi    sp, a0, 1340
core   0: 3 0x80006b88 (0x53c57113) x 2 0x00000000
core   0: 0x80006b8c (0x014a5993) srli    s3, s4, 20
core   0: 3 0x80006b8c (0x014a5993) x19 0x00000000
core   0: 0x80006b90 (0x005f91b3) sll     gp, t6, t0
core   0: 3 0x80006b90 (0x005f91b3) x 3 0x00000000
core   0: 0x80006b94 (0x41100d33) sub     s10, zero, a7
core   0: 3 0x80006b94 (0x41100d33) x26 0xfffffffc
core   0: 0x80006b98 (0x00a730b3) sltu    ra, a4, a0
core   0: 3 0x80006b98 (0x00a730b3) x 1 0x00000000
core   0: 0x80006b9c (0xe7bf8593) addi    a1, t6, -389
core   0: 3 0x80006b9c (0xe7bf8593) x11 0xfffffe7b
core   0: 0x80006ba0 (0x00008ed5) c.or    a3, a3
core   0: 3 0x80006ba0 (0x8ed5) x13 0x00000000
core   0: 0x80006ba2 (0x0000177d) c.addi  a4, -1
core   0: 3 0x80006ba2 (0x177d) x14 0xd9c39fff
core   0: 0x80006ba4 (0x00ea7233) and     tp, s4, a4
core   0: 3 0x80006ba4 (0x00ea7233) x 4 0x00000021
core   0: 0x80006ba8 (0x00740933) add     s2, s0, t2
core   0: 3 0x80006ba8 (0x00740933) x18 0x00000000
core   0: 0x80006bac (0x40785633) sra     a2, a6, t2
core   0: 3 0x80006bac (0x40785633) x12 0x8000fe64
core   0: 0x80006bb0 (0xbdb32c37) lui     s8, 0xbdb32
core   0: 3 0x80006bb0 (0xbdb32c37) x24 0xbdb32000
core   0: 0x80006bb4 (0x00000001) c.nop
core   0: 3 0x80006bb4 (0x0001)
core   0: 0x80006bb6 (0x00745ab3) srl     s5, s0, t2
core   0: 3 0x80006bb6 (0x00745ab3) x21 0x00000000
core   0: 0x80006bba (0x9b384993) xori    s3, a6, -1613
core   0: 3 0x80006bba (0x9b384993) x19 0x7fff07d7
core   0: 0x80006bbe (0x000006f2) c.slli  a3, 28
core   0: 3 0x80006bbe (0x06f2) x13 0x00000000
core   0: 0x80006bc0 (0x00001700) c.addi4spn s0, sp, 928
core   0: 3 0x80006bc0 (0x1700) x 8 0x000003a0
core   0: 0x80006bc2 (0x00cc1cb3) sll     s9, s8, a2
core   0: 3 0x80006bc2 (0x00cc1cb3) x25 0xdb320000
core   0: 0x80006bc6 (0x41e959b3) sra     s3, s2, t5
core   0: 3 0x80006bc6 (0x41e959b3) x19 0x00000000
core   0: 0x80006bca (0x000057fd) c.li    a5, -1
core   0: 3 0x80006bca (0x57fd) x15 0xffffffff
core   0: 0x80006bcc (0x00000001) c.nop
core   0: 3 0x80006bcc (0x0001)
core   0: 0x80006bce (0x000080ed) c.srli  s1, 27
core   0: 3 0x80006bce (0x80ed) x 9 0x0000000f
core   0: 0x80006bd0 (0x843ab613) sltiu   a2, s5, -1981
core   0: 3 0x80006bd0 (0x843ab613) x12 0x00000001
core   0: 0x80006bd4 (0x00008fd5) c.or    a5, a3
core   0: 3 0x80006bd4 (0x8fd5) x15 0xffffffff
core   0: 0x80006bd6 (0x008b9633) sll     a2, s7, s0
core   0: 3 0x80006bd6 (0x008b9633) x12 0x80013ce4
core   0: 0x80006bda (0x00f962b3) or      t0, s2, a5
core   0: 3 0x80006bda (0x00f962b3) x 5 0xffffffff
core   0: 0x80006bde (0x40f05293) srai    t0, zero, 15
core   0: 3 0x80006bde (0x40f05293) x 5 0x00000000
core   0: 0x80006be2 (0x418b8db3) sub     s11, s7, s8
core   0: 3 0x80006be2 (0x418b8db3) x27 0xc24e1ce4
core   0: 0x80006be6 (0x00005dfd) c.li    s11, -1
core   0: 3 0x80006be6 (0x5dfd) x27 0xffffffff
core   0: 0x80006be8 (0x415d5113) srai    sp, s10, 21
core   0: 3 0x80006be8 (0x415d5113) x 2 0xffffffff
core   0: 0x80006bec (0x02110433) mul     s0, sp, ra
core   0: 3 0x80006bec (0x02110433) x 8 0x00000000
core   0: 0x80006bf0 (0x00419a33) sll     s4, gp, tp
core   0: 3 0x80006bf0 (0x00419a33) x20 0x00000000
core   0: 0x80006bf4 (0x0281a2b3) mulhsu  t0, gp, s0
core   0: 3 0x80006bf4 (0x0281a2b3) x 5 0x00000000
core   0: 0x80006bf8 (0x011425b3) slt     a1, s0, a7
core   0: 3 0x80006bf8 (0x011425b3) x11 0x00000001
core   0: 0x80006bfc (0x0304fc33) remu    s8, s1, a6
core   0: 3 0x80006bfc (0x0304fc33) x24 0x0000000f
core   0: 0x80006c00 (0x021e1133) mulh    sp, t3, ra
core   0: 3 0x80006c00 (0x021e1133) x 2 0x00000000
core   0: 0x80006c04 (0x00008d55) c.or    a0, a3
core   0: 3 0x80006c04 (0x8d55) x10 0x00000000
core   0: 0x80006c06 (0x0141d193) srli    gp, gp, 20
core   0: 3 0x80006c06 (0x0141d193) x 3 0x00000000
core   0: 0x80006c0a (0x4003d4b3) sra     s1, t2, zero
core   0: 3 0x80006c0a (0x4003d4b3) x 9 0x00000000
core   0: 0x80006c0e (0x00009ece) c.add   t4, s3
core   0: 3 0x80006c0e (0x9ece) x29 0x00000000
core   0: 0x80006c10 (0x000d1533) sll     a0, s10, zero
core   0: 3 0x80006c10 (0x000d1533) x10 0xfffffffc
core   0: 0x80006c14 (0x026a02b3) mul     t0, s4, t1
core   0: 3 0x80006c14 (0x026a02b3) x 5 0x00000000
core   0: 0x80006c18 (0xfc906513) ori     a0, zero, -55
core   0: 3 0x80006c18 (0xfc906513) x10 0xffffffc9
core   0: 0x80006c1c (0x00000ede) c.slli  t4, 23
core   0: 3 0x80006c1c (0x0ede) x29 0x00000000
core   0: 0x80006c1e (0x01f78a33) add     s4, a5, t6
core   0: 3 0x80006c1e (0x01f78a33) x20 0xffffffff
core   0: 0x80006c22 (0x003cf533) and     a0, s9, gp
core   0: 3 0x80006c22 (0x003cf533) x10 0x00000000
core   0: 0x80006c26 (0x03e444b3) div     s1, s0, t5
core   0: 3 0x80006c26 (0x03e444b3) x 9 0xffffffff
core   0: 0x80006c2a (0x00008d25) c.xor   a0, s1
core   0: 3 0x80006c2a (0x8d25) x10 0xffffffff
core   0: 0x80006c2c (0x000000d2) c.slli  ra, 20
core   0: 3 0x80006c2c (0x00d2) x 1 0x00000000
core   0: 0x80006c2e (0x00008b0d) c.andi  a4, 3
core   0: 3 0x80006c2e (0x8b0d) x14 0x00000003
core   0: 0x80006c30 (0x00000aa2) c.slli  s5, 8
core   0: 3 0x80006c30 (0x0aa2) x21 0x00000000
core   0: 0x80006c32 (0x270a4713) xori    a4, s4, 624
core   0: 3 0x80006c32 (0x270a4713) x14 0xfffffd8f
core   0: 0x80006c36 (0x0308c333) div     t1, a7, a6
core   0: 3 0x80006c36 (0x0308c333) x 6 0x00000000
core   0: 0x80006c3a (0x417e89b3) sub     s3, t4, s7
core   0: 3 0x80006c3a (0x417e89b3) x19 0x7ffec31c
core   0: 0x80006c3e (0x012fc333) xor     t1, t6, s2
core   0: 3 0x80006c3e (0x012fc333) x 6 0x00000000
core   0: 0x80006c42 (0x00008d25) c.xor   a0, s1
core   0: 3 0x80006c42 (0x8d25) x10 0x00000000
core   0: 0x80006c44 (0x015ebe33) sltu    t3, t4, s5
core   0: 3 0x80006c44 (0x015ebe33) x28 0x00000000
core   0: 0x80006c48 (0x00008cb5) c.xor   s1, a3
core   0: 3 0x80006c48 (0x8cb5) x 9 0xffffffff
core   0: 0x80006c4a (0x02e1edb3) rem     s11, gp, a4
core   0: 3 0x80006c4a (0x02e1edb3) x27 0x00000000
core   0: 0x80006c4e (0x039059b3) divu    s3, zero, s9
core   0: 3 0x80006c4e (0x039059b3) x19 0x00000000
core   0: 0x80006c52 (0x0000022e) c.slli  tp, 11
core   0: 3 0x80006c52 (0x022e) x 4 0x00010800
core   0: 0x80006c54 (0x00af20b3) slt     ra, t5, a0
core   0: 3 0x80006c54 (0x00af20b3) x 1 0x00000000
core   0: 0x80006c58 (0x02ea7433) remu    s0, s4, a4
core   0: 3 0x80006c58 (0x02ea7433) x 8 0x00000270
core   0: 0x80006c5c (0x01788a33) add     s4, a7, s7
core   0: 3 0x80006c5c (0x01788a33) x20 0x80013ce8
core   0: 0x80006c60 (0x00001e18) c.addi4spn a4, sp, 816
core   0: 3 0x80006c60 (0x1e18) x14 0x00000330
core   0: 0x80006c62 (0x00000001) c.nop
core   0: 3 0x80006c62 (0x0001)
core   0: 0x80006c64 (0x000002b1) c.addi  t0, 12
core   0: 3 0x80006c64 (0x02b1) x 5 0x0000000c
core   0: 0x80006c66 (0x00008f3d) c.xor   a4, a5
core   0: 3 0x80006c66 (0x8f3d) x14 0xfffffccf
core   0: 0x80006c68 (0x00008ec5) c.or    a3, s1
core   0: 3 0x80006c68 (0x8ec5) x13 0xffffffff
core   0: 0x80006c6a (0x00284f33) xor     t5, a6, sp
core   0: 3 0x80006c6a (0x00284f33) x30 0x8000fe64
core   0: 0x80006c6e (0x0062b1b3) sltu    gp, t0, t1
core   0: 3 0x80006c6e (0x0062b1b3) x 3 0x00000000
core   0: 0x80006c72 (0x99320d93) addi    s11, tp, -1645
core   0: 3 0x80006c72 (0x99320d93) x27 0x00010193
core   0: 0x80006c76 (0x02f8f4b3) remu    s1, a7, a5
core   0: 3 0x80006c76 (0x02f8f4b3) x 9 0x00000004
core   0: 0x80006c7a (0x00008061) c.srli  s0, 24
core   0: 3 0x80006c7a (0x8061) x 8 0x00000000
core   0: 0x80006c7c (0x000081de) c.mv    gp, s7
core   0: 3 0x80006c7c (0x81de) x 3 0x80013ce4
core   0: 0x80006c7e (0xe950c793) xori    a5, ra, -363
core   0: 3 0x80006c7e (0xe950c793) x15 0xfffffe95
core   0: 0x80006c82 (0x8dda7a97) auipc   s5, 0x8dda7
core   0: 3 0x80006c82 (0x8dda7a97) x21 0x0ddadc82
core   0: 0x80006c86 (0x00a41433) sll     s0, s0, a0
core   0: 3 0x80006c86 (0x00a41433) x 8 0x00000000
core   0: 0x80006c8a (0x015eb333) sltu    t1, t4, s5
core   0: 3 0x80006c8a (0x015eb333) x 6 0x00000001
core   0: 0x80006c8e (0x00000001) c.nop
core   0: 3 0x80006c8e (0x0001)
core   0: 0x80006c90 (0x03bce033) rem     zero, s9, s11
core   0: 3 0x80006c90 (0x03bce033)
core   0: 0x80006c94 (0x02e0b133) mulhu   sp, ra, a4
core   0: 3 0x80006c94 (0x02e0b133) x 2 0x00000000
core   0: 0x80006c98 (0x0251b7b3) mulhu   a5, gp, t0
core   0: 3 0x80006c98 (0x0251b7b3) x15 0x00000006
core   0: 0x80006c9c (0xc2052e13) slti    t3, a0, -992
core   0: 3 0x80006c9c (0xc2052e13) x28 0x00000000
core   0: 0x80006ca0 (0x022c6533) rem     a0, s8, sp
core   0: 3 0x80006ca0 (0x022c6533) x10 0x0000000f
core   0: 0x80006ca4 (0x013ce5b3) or      a1, s9, s3
core   0: 3 0x80006ca4 (0x013ce5b3) x11 0xdb320000
core   0: 0x80006ca8 (0x000099fd) c.andi  a1, -1
core   0: 3 0x80006ca8 (0x99fd) x11 0xdb320000
core   0: 0x80006caa (0xa67bb713) sltiu   a4, s7, -1433
core   0: 3 0x80006caa (0xa67bb713) x14 0x00000001
core   0: 0x80006cae (0x34097513) andi    a0, s2, 832
core   0: 3 0x80006cae (0x34097513) x10 0x00000000
core   0: 0x80006cb2 (0x00008de1) c.and   a1, s0
core   0: 3 0x80006cb2 (0x8de1) x11 0x00000000
core   0: 0x80006cb4 (0xe40c7693) andi    a3, s8, -448
core   0: 3 0x80006cb4 (0xe40c7693) x13 0x00000000
core   0: 0x80006cb8 (0x12009d17) auipc   s10, 0x12009
core   0: 3 0x80006cb8 (0x12009d17) x26 0x9200fcb8
core   0: 0x80006cbc (0x01e307b3) add     a5, t1, t5
core   0: 3 0x80006cbc (0x01e307b3) x15 0x8000fe65
core   0: 0x80006cc0 (0x1807fa93) andi    s5, a5, 384
core   0: 3 0x80006cc0 (0x1807fa93) x21 0x00000000
core   0: 0x80006cc4 (0x0000167d) c.addi  a2, -1
core   0: 3 0x80006cc4 (0x167d) x12 0x80013ce3
core   0: 0x80006cc6 (0x00009f5e) c.add   t5, s7
core   0: 3 0x80006cc6 (0x9f5e) x30 0x00023b48
core   0: 0x80006cc8 (0x0350c8b3) div     a7, ra, s5
core   0: 3 0x80006cc8 (0x0350c8b3) x17 0xffffffff
core   0: 0x80006ccc (0xb3ac6d93) ori     s11, s8, -1222
core   0: 3 0x80006ccc (0xb3ac6d93) x27 0xfffffb3f
core   0: 0x80006cd0 (0x00008c05) c.sub   s0, s1
core   0: 3 0x80006cd0 (0x8c05) x 8 0xfffffffc
core   0: 0x80006cd2 (0x020144b3) div     s1, sp, zero
core   0: 3 0x80006cd2 (0x020144b3) x 9 0xffffffff
core   0: 0x80006cd6 (0x48cd7e93) andi    t4, s10, 1164
core   0: 3 0x80006cd6 (0x48cd7e93) x29 0x00000488
core   0: 0x80006cda (0x62820993) addi    s3, tp, 1576
core   0: 3 0x80006cda (0x62820993) x19 0x00010e28
core   0: 0x80006cde (0x00008849) c.andi  s0, 18
core   0: 3 0x80006cde (0x8849) x 8 0x00000010
core   0: 0x80006ce0 (0x00011613) slli    a2, sp, 0
core   0: 3 0x80006ce0 (0x00011613) x12 0x00000000
core   0: 0x80006ce4 (0x00008369) c.srli  a4, 26
core   0: 3 0x80006ce4 (0x8369) x14 0x00000000
core   0: 0x80006ce6 (0x00d1e433) or      s0, gp, a3
core   0: 3 0x80006ce6 (0x00d1e433) x 8 0x80013ce4
core   0: 0x80006cea (0xff102a13) slti    s4, zero, -15
core   0: 3 0x80006cea (0xff102a13) x20 0x00000000
core   0: 0x80006cee (0x033dce33) div     t3, s11, s3
core   0: 3 0x80006cee (0x033dce33) x28 0x00000000
core   0: 0x80006cf2 (0x01b5dd33) srl     s10, a1, s11
core   0: 3 0x80006cf2 (0x01b5dd33) x26 0x00000000
core   0: 0x80006cf6 (0xee6b6313) ori     t1, s6, -282
core   0: 3 0x80006cf6 (0xee6b6313) x 6 0xfffffeee
core   0: 0x80006cfa (0x013e8c33) add     s8, t4, s3
core   0: 3 0x80006cfa (0x013e8c33) x24 0x000112b0
core   0: 0x80006cfe (0x00008389) c.srli  a5, 2
core   0: 3 0x80006cfe (0x8389) x15 0x20003f99
core   0: 0x80006d00 (0x0107aa33) slt     s4, a5, a6
core   0: 3 0x80006d00 (0x0107aa33) x20 0x00000000
core   0: 0x80006d04 (0x00001884) c.addi4spn s1, sp, 112
core   0: 3 0x80006d04 (0x1884) x 9 0x00000070
core   0: 0x80006d06 (0x000086fd) c.srai  a3, 31
core   0: 3 0x80006d06 (0x86fd) x13 0x00000000
core   0: 0x80006d08 (0x00008f39) c.xor   a4, a4
core   0: 3 0x80006d08 (0x8f39) x14 0x00000000
core   0: 0x80006d0a (0x00004c19) c.li    s8, 6
core   0: 3 0x80006d0a (0x4c19) x24 0x00000006
core   0: 0x80006d0c (0x14cc6113) ori     sp, s8, 332
core   0: 3 0x80006d0c (0x14cc6113) x 2 0x0000014e
core   0: 0x80006d10 (0x017c5233) srl     tp, s8, s7
core   0: 3 0x80006d10 (0x017c5233) x 4 0x00000000
core   0: 0x80006d14 (0x00641d13) slli    s10, s0, 6
core   0: 3 0x80006d14 (0x00641d13) x26 0x004f3900
core   0: 0x80006d18 (0x00c3df33) srl     t5, t2, a2
core   0: 3 0x80006d18 (0x00c3df33) x30 0x00000000
core   0: 0x80006d1c (0x02cc7233) remu    tp, s8, a2
core   0: 3 0x80006d1c (0x02cc7233) x 4 0x00000006
core   0: 0x80006d20 (0x41c85133) sra     sp, a6, t3
core   0: 3 0x80006d20 (0x41c85133) x 2 0x8000fe64
core   0: 0x80006d24 (0x00000814) c.addi4spn a3, sp, 16
core   0: 3 0x80006d24 (0x0814) x13 0x8000fe74
core   0: 0x80006d26 (0x014bbcb3) sltu    s9, s7, s4
core   0: 3 0x80006d26 (0x014bbcb3) x25 0x00000000
core   0: 0x80006d2a (0x00008c7d) c.and   s0, a5
core   0: 3 0x80006d2a (0x8c7d) x 8 0x00003c80
core   0: 0x80006d2c (0x000081c9) c.srli  a1, 18
core   0: 3 0x80006d2c (0x81c9) x11 0x00000000
core   0: 0x80006d2e (0x03863333) mulhu   t1, a2, s8
core   0: 3 0x80006d2e (0x03863333) x 6 0x00000000
core   0: 0x80006d32 (0x00006eb5) c.lui   t4, 0xd
core   0: 3 0x80006d32 (0x6eb5) x29 0x0000d000
core   0: 0x80006d34 (0x00004a25) c.li    s4, 9
core   0: 3 0x80006d34 (0x4a25) x20 0x00000009
core   0: 0x80006d36 (0x00000271) c.addi  tp, 28
core   0: 3 0x80006d36 (0x0271) x 4 0x00000022
core   0: 0x80006d38 (0x417380b3) sub     ra, t2, s7
core   0: 3 0x80006d38 (0x417380b3) x 1 0x7ffec31c
core   0: 0x80006d3c (0x78814893) xori    a7, sp, 1928
core   0: 3 0x80006d3c (0x78814893) x17 0x8000f9ec
core   0: 0x80006d40 (0x03d249b3) div     s3, tp, t4
core   0: 3 0x80006d40 (0x03d249b3) x19 0x00000000
core   0: 0x80006d44 (0xa3224213) xori    tp, tp, -1486
core   0: 3 0x80006d44 (0xa3224213) x 4 0xfffffa10
core   0: 0x80006d48 (0x000059fd) c.li    s3, -1
core   0: 3 0x80006d48 (0x59fd) x19 0xffffffff
core   0: 0x80006d4a (0x00008e71) c.and   a2, a2
core   0: 3 0x80006d4a (0x8e71) x12 0x00000000
core   0: 0x80006d4c (0x8cb7f993) andi    s3, a5, -1845
core   0: 3 0x80006d4c (0x8cb7f993) x19 0x20003889
core   0: 0x80006d50 (0x00000698) c.addi4spn a4, sp, 832
core   0: 3 0x80006d50 (0x0698) x14 0x800101a4
core   0: 0x80006d52 (0x01553733) sltu    a4, a0, s5
core   0: 3 0x80006d52 (0x01553733) x14 0x00000000
core   0: 0x80006d56 (0x009ccab3) xor     s5, s9, s1
core   0: 3 0x80006d56 (0x009ccab3) x21 0x00000070
core   0: 0x80006d5a (0x024ea3b3) mulhsu  t2, t4, tp
core   0: 3 0x80006d5a (0x024ea3b3) x 7 0x0000cfff
core   0: 0x80006d5e (0x828d0393) addi    t2, s10, -2008
core   0: 3 0x80006d5e (0x828d0393) x 7 0x004f3128
core   0: 0x80006d62 (0x022e3133) mulhu   sp, t3, sp
core   0: 3 0x80006d62 (0x022e3133) x 2 0x00000000
core   0: 0x80006d66 (0x0000517d) c.li    sp, -1
core   0: 3 0x80006d66 (0x517d) x 2 0xffffffff
core   0: 0x80006d68 (0x0121fab3) and     s5, gp, s2
core   0: 3 0x80006d68 (0x0121fab3) x21 0x00000000
core   0: 0x80006d6c (0x00425633) srl     a2, tp, tp
core   0: 3 0x80006d6c (0x00425633) x12 0x0000ffff
core   0: 0x80006d70 (0x00556fb3) or      t6, a0, t0
core   0: 3 0x80006d70 (0x00556fb3) x31 0x0000000c
core   0: 0x80006d74 (0x00008d41) c.or    a0, s0
core   0: 3 0x80006d74 (0x8d41) x10 0x00003c80
core   0: 0x80006d76 (0x03682633) mulhsu  a2, a6, s6
core   0: 3 0x80006d76 (0x03682633) x12 0xfffffff9
core   0: 0x80006d7a (0x01d25c33) srl     s8, tp, t4
core   0: 3 0x80006d7a (0x01d25c33) x24 0xfffffa10
core   0: 0x80006d7e (0x00736533) or      a0, t1, t2
core   0: 3 0x80006d7e (0x00736533) x10 0x004f3128
core   0: 0x80006d82 (0x0000058c) c.addi4spn a1, sp, 704
core   0: 3 0x80006d82 (0x058c) x11 0x000002bf
core   0: 0x80006d84 (0x00000e6d) c.addi  t3, 27
core   0: 3 0x80006d84 (0x0e6d) x28 0x0000001b
core   0: 0x80006d86 (0xfb16c613) xori    a2, a3, -79
core   0: 3 0x80006d86 (0xfb16c613) x12 0x7fff01c5
core   0: 0x80006d8a (0x003709b3) add     s3, a4, gp
core   0: 3 0x80006d8a (0x003709b3) x19 0x80013ce4
core   0: 0x80006d8e (0x03b0d6b3) divu    a3, ra, s11
core   0: 3 0x80006d8e (0x03b0d6b3) x13 0x00000000
core   0: 0x80006d92 (0x0000577d) c.li    a4, -1
core   0: 3 0x80006d92 (0x577d) x14 0xffffffff
core   0: 0x80006d94 (0x015ed1b3) srl     gp, t4, s5
core   0: 3 0x80006d94 (0x015ed1b3) x 3 0x0000d000
core   0: 0x80006d98 (0x017bb133) sltu    sp, s7, s7
core   0: 3 0x80006d98 (0x017bb133) x 2 0x00000000
core   0: 0x80006d9c (0xf5136a93) ori     s5, t1, -175
core   0: 3 0x80006d9c (0xf5136a93) x21 0xffffff51
core   0: 0x80006da0 (0x028d6a33) rem     s4, s10, s0
core   0: 3 0x80006da0 (0x028d6a33) x20 0x00000d80
core   0: 0x80006da4 (0x02e020b3) mulhsu  ra, zero, a4
core   0: 3 0x80006da4 (0x02e020b3) x 1 0x00000000
core   0: 0x80006da8 (0x57b25937) lui     s2, 0x57b25
core   0: 3 0x80006da8 (0x57b25937) x18 0x57b25000
core   0: 0x80006dac (0x036539b3) mulhu   s3, a0, s6
core   0: 3 0x80006dac (0x036539b3) x19 0x00000000
core   0: 0x80006db0 (0x0381b3b3) mulhu   t2, gp, s8
core   0: 3 0x80006db0 (0x0381b3b3) x 7 0x0000cfff
core   0: 0x80006db4 (0x484d1717) auipc   a4, 0x484d1
core   0: 3 0x80006db4 (0x484d1717) x14 0xc84d7db4
core   0: 0x80006db8 (0x00008595) c.srai  a1, 5
core   0: 3 0x80006db8 (0x8595) x11 0x00000015
core   0: 0x80006dba (0x03db1cb3) mulh    s9, s6, t4
core   0: 3 0x80006dba (0x03db1cb3) x25 0x00000000
core   0: 0x80006dbe (0x3968a093) slti    ra, a7, 918
core   0: 3 0x80006dbe (0x3968a093) x 1 0x00000001
core   0: 0x80006dc2 (0x000086f1) c.srai  a3, 28
core   0: 3 0x80006dc2 (0x86f1) x13 0x00000000
core   0: 0x80006dc4 (0x00008191) c.srli  a1, 4
core   0: 3 0x80006dc4 (0x8191) x11 0x00000001
core   0: 0x80006dc6 (0x00008309) c.srli  a4, 2
core   0: 3 0x80006dc6 (0x8309) x14 0x32135f6d
core   0: 0x80006dc8 (0xd1551937) lui     s2, 0xd1551
core   0: 3 0x80006dc8 (0xd1551937) x18 0xd1551000
core   0: 0x80006dcc (0x00f79f13) slli    t5, a5, 15
core   0: 3 0x80006dcc (0x00f79f13) x30 0x1fcc8000
core   0: 0x80006dd0 (0x02cae5b3) rem     a1, s5, a2
core   0: 3 0x80006dd0 (0x02cae5b3) x11 0xffffff51
core   0: 0x80006dd4 (0x41ed8533) sub     a0, s11, t5
core   0: 3 0x80006dd4 (0x41ed8533) x10 0xe0337b3f
core   0: 0x80006dd8 (0x00008eed) c.and   a3, a1
core   0: 3 0x80006dd8 (0x8eed) x13 0x00000000
core   0: 0x80006dda (0x00000001) c.nop
core   0: 3 0x80006dda (0x0001)
core   0: 0x80006ddc (0x0000059c) c.addi4spn a5, sp, 704
core   0: 3 0x80006ddc (0x059c) x15 0x000002c0
core   0: 0x80006dde (0x402bd033) sra     zero, s7, sp
core   0: 3 0x80006dde (0x402bd033)
core   0: 0x80006de2 (0x51b3fd17) auipc   s10, 0x51b3f
core   0: 3 0x80006de2 (0x51b3fd17) x26 0xd1b45de2
core   0: 0x80006de6 (0x003cdf93) srli    t6, s9, 3
core   0: 3 0x80006de6 (0x003cdf93) x31 0x00000000
core   0: 0x80006dea (0x00e148b3) xor     a7, sp, a4
core   0: 3 0x80006dea (0x00e148b3) x17 0x32135f6d
core   0: 0x80006dee (0x00000d6e) c.slli  s10, 27
core   0: 3 0x80006dee (0x0d6e) x26 0x10000000
core   0: 0x80006df0 (0x0264a7b3) mulhsu  a5, s1, t1
core   0: 3 0x80006df0 (0x0264a7b3) x15 0x00000000
core   0: 0x80006df4 (0x03124f33) div     t5, tp, a7
core   0: 3 0x80006df4 (0x03124f33) x30 0x00000000
core   0: 0x80006df8 (0x02326cb3) rem     s9, tp, gp
core   0: 3 0x80006df8 (0x02326cb3) x25 0xfffffa10
core   0: 0x80006dfc (0x01de6fb3) or      t6, t3, t4
core   0: 3 0x80006dfc (0x01de6fb3) x31 0x0000d01b
core   0: 0x80006e00 (0x03d9ffb3) remu    t6, s3, t4
core   0: 3 0x80006e00 (0x03d9ffb3) x31 0x00000000
core   0: 0x80006e04 (0x00000001) c.nop
core   0: 3 0x80006e04 (0x0001)
core   0: 0x80006e06 (0x000086e5) c.srai  a3, 25
core   0: 3 0x80006e06 (0x86e5) x13 0x00000000
core   0: 0x80006e08 (0xa5d17313) andi    t1, sp, -1443
core   0: 3 0x80006e08 (0xa5d17313) x 6 0x00000000
core   0: 0x80006e0c (0x00cbea33) or      s4, s7, a2
core   0: 3 0x80006e0c (0x00cbea33) x20 0xffff3de5
core   0: 0x80006e10 (0x00008a12) c.mv    s4, tp
core   0: 3 0x80006e10 (0x8a12) x20 0xfffffa10
core   0: 0x80006e12 (0x00001710) c.addi4spn a2, sp, 928
core   0: 3 0x80006e12 (0x1710) x12 0x000003a0
core   0: 0x80006e14 (0x016d9a33) sll     s4, s11, s6
core   0: 3 0x80006e14 (0x016d9a33) x20 0xfecfc000
core   0: 0x80006e18 (0x02a47fb3) remu    t6, s0, a0
core   0: 3 0x80006e18 (0x02a47fb3) x31 0x00003c80
core   0: 0x80006e1c (0x00008d8d) c.sub   a1, a1
core   0: 3 0x80006e1c (0x8d8d) x11 0x00000000
core   0: 0x80006e1e (0x41135713) srai    a4, t1, 17
core   0: 3 0x80006e1e (0x41135713) x14 0x00000000
core   0: 0x80006e22 (0x01d07933) and     s2, zero, t4
core   0: 3 0x80006e22 (0x01d07933) x18 0x00000000
core   0: 0x80006e26 (0x00008ac6) c.mv    s5, a7
core   0: 3 0x80006e26 (0x8ac6) x21 0x32135f6d
core   0: 0x80006e28 (0x00000f14) c.addi4spn a3, sp, 912
core   0: 3 0x80006e28 (0x0f14) x13 0x00000390
core   0: 0x80006e2a (0x00008ffe) c.mv    t6, t6
core   0: 3 0x80006e2a (0x8ffe) x31 0x00003c80
core   0: 0x80006e2c (0x009998b3) sll     a7, s3, s1
core   0: 3 0x80006e2c (0x009998b3) x17 0x00000000
core   0: 0x80006e30 (0x01aa5033) srl     zero, s4, s10
core   0: 3 0x80006e30 (0x01aa5033)
core   0: 0x80006e34 (0xd15cf693) andi    a3, s9, -747
core   0: 3 0x80006e34 (0xd15cf693) x13 0xfffff810
core   0: 0x80006e38 (0x00d6b533) sltu    a0, a3, a3
core   0: 3 0x80006e38 (0x00d6b533) x10 0x00000000
core   0: 0x80006e3c (0x00000e00) c.addi4spn s0, sp, 784
core   0: 3 0x80006e3c (0x0e00) x 8 0x00000310
core   0: 0x80006e3e (0xaa7d0c13) addi    s8, s10, -1369
core   0: 3 0x80006e3e (0xaa7d0c13) x24 0x0ffffaa7
core   0: 0x80006e42 (0x00000cf2) c.slli  s9, 28
core   0: 3 0x80006e42 (0x0cf2) x25 0x00000000
core   0: 0x80006e44 (0x02d00233) mul     tp, zero, a3
core   0: 3 0x80006e44 (0x02d00233) x 4 0x00000000
core   0: 0x80006e48 (0x02cd59b3) divu    s3, s10, a2
core   0: 3 0x80006e48 (0x02cd59b3) x19 0x000469ee
core   0: 0x80006e4c (0x00008c29) c.xor   s0, a0
core   0: 3 0x80006e4c (0x8c29) x 8 0x00000310
core   0: 0x80006e4e (0x00000001) c.nop
core   0: 3 0x80006e4e (0x0001)
core   0: 0x80006e50 (0x50098213) addi    tp, s3, 1280
core   0: 3 0x80006e50 (0x50098213) x 4 0x00046eee
core   0: 0x80006e54 (0x405ad113) srai    sp, s5, 5
core   0: 3 0x80006e54 (0x405ad113) x 2 0x01909afb
core   0: 0x80006e58 (0x000089b1) c.andi  a1, 12
core   0: 3 0x80006e58 (0x89b1) x11 0x00000000
core   0: 0x80006e5a (0x00008041) c.srli  s0, 16
core   0: 3 0x80006e5a (0x8041) x 8 0x00000000
core   0: 0x80006e5c (0x000086c5) c.srai  a3, 17
core   0: 3 0x80006e5c (0x86c5) x13 0xffffffff
core   0: 0x80006e5e (0x4040dfb3) sra     t6, ra, tp
core   0: 3 0x80006e5e (0x4040dfb3) x31 0x00000000
core   0: 0x80006e62 (0x53fad797) auipc   a5, 0x53fad
core   0: 3 0x80006e62 (0x53fad797) x15 0xd3fb3e62
core   0: 0x80006e66 (0x20c4fd13) andi    s10, s1, 524
core   0: 3 0x80006e66 (0x20c4fd13) x26 0x00000000
core   0: 0x80006e6a (0x013fb2b3) sltu    t0, t6, s3
core   0: 3 0x80006e6a (0x013fb2b3) x 5 0x00000001
core   0: 0x80006e6e (0x00008f55) c.or    a4, a3
core   0: 3 0x80006e6e (0x8f55) x14 0xffffffff
core   0: 0x80006e70 (0x9b1be793) ori     a5, s7, -1615
core   0: 3 0x80006e70 (0x9b1be793) x15 0xfffffdf5
core   0: 0x80006e74 (0x000085e5) c.srai  a1, 25
core   0: 3 0x80006e74 (0x85e5) x11 0x00000000
core   0: 0x80006e76 (0x0017dc93) srli    s9, a5, 1
core   0: 3 0x80006e76 (0x0017dc93) x25 0x7ffffefa
core   0: 0x80006e7a (0x03251ab3) mulh    s5, a0, s2
core   0: 3 0x80006e7a (0x03251ab3) x21 0x00000000
core   0: 0x80006e7e (0x41b6dfb3) sra     t6, a3, s11
core   0: 3 0x80006e7e (0x41b6dfb3) x31 0xffffffff
core   0: 0x80006e82 (0x0d046413) ori     s0, s0, 208
core   0: 3 0x80006e82 (0x0d046413) x 8 0x000000d0
core   0: 0x80006e86 (0x409a5233) sra     tp, s4, s1
core   0: 3 0x80006e86 (0x409a5233) x 4 0xfffffecf
core   0: 0x80006e8a (0x03fd95b3) mulh    a1, s11, t6
core   0: 3 0x80006e8a (0x03fd95b3) x11 0x00000000
core   0: 0x80006e8e (0x00008d19) c.sub   a0, a4
core   0: 3 0x80006e8e (0x8d19) x10 0x00000001
core   0: 0x80006e90 (0x01b292b3) sll     t0, t0, s11
core   0: 3 0x80006e90 (0x01b292b3) x 5 0x80000000
core   0: 0x80006e94 (0x5e1c8593) addi    a1, s9, 1505
core   0: 3 0x80006e94 (0x5e1c8593) x11 0x800004db
core   0: 0x80006e98 (0x03f8b4b3) mulhu   s1, a7, t6
core   0: 3 0x80006e98 (0x03f8b4b3) x 9 0x00000000
core   0: 0x80006e9c (0x0000971e) c.add   a4, t2
core   0: 3 0x80006e9c (0x971e) x14 0x0000cffe
core   0: 0x80006e9e (0x011bc133) xor     sp, s7, a7
core   0: 3 0x80006e9e (0x011bc133) x 2 0x80013ce4
core   0: 0x80006ea2 (0x695aa293) slti    t0, s5, 1685
core   0: 3 0x80006ea2 (0x695aa293) x 5 0x00000001
core   0: 0x80006ea6 (0x012f4033) xor     zero, t5, s2
core   0: 3 0x80006ea6 (0x012f4033)
core   0: 0x80006eaa (0x01f301b3) add     gp, t1, t6
core   0: 3 0x80006eaa (0x01f301b3) x 3 0xffffffff
core   0: 0x80006eae (0x00000e80) c.addi4spn s0, sp, 848
core   0: 3 0x80006eae (0x0e80) x 8 0x80014034
core   0: 0x80006eb0 (0x000083dd) c.srli  a5, 23
core   0: 3 0x80006eb0 (0x83dd) x15 0x000001ff
core   0: 0x80006eb2 (0x000041d1) c.li    gp, 20
core   0: 3 0x80006eb2 (0x41d1) x 3 0x00000014
core   0: 0x80006eb4 (0x0050d1b3) srl     gp, ra, t0
core   0: 3 0x80006eb4 (0x0050d1b3) x 3 0x00000000
core   0: 0x80006eb8 (0x0232dab3) divu    s5, t0, gp
core   0: 3 0x80006eb8 (0x0232dab3) x21 0xffffffff
core   0: 0x80006ebc (0x00000001) c.nop
core   0: 3 0x80006ebc (0x0001)
core   0: 0x80006ebe (0x0063e633) or      a2, t2, t1
core   0: 3 0x80006ebe (0x0063e633) x12 0x0000cfff
core   0: 0x80006ec2 (0x4101d7b3) sra     a5, gp, a6
core   0: 3 0x80006ec2 (0x4101d7b3) x15 0x00000000
core   0: 0x80006ec6 (0x03a67433) remu    s0, a2, s10
core   0: 3 0x80006ec6 (0x03a67433) x 8 0x0000cfff
core   0: 0x80006eca (0x034a3eb3) mulhu   t4, s4, s4
core   0: 3 0x80006eca (0x034a3eb3) x29 0xfda0e998
core   0: 0x80006ece (0x00000b98) c.addi4spn a4, sp, 464
core   0: 3 0x80006ece (0x0b98) x14 0x80013eb4
core   0: 0x80006ed0 (0x00008c41) c.or    s0, s0
core   0: 3 0x80006ed0 (0x8c41) x 8 0x0000cfff
core   0: 0x80006ed2 (0x000043e1) c.li    t2, 24
core   0: 3 0x80006ed2 (0x43e1) x 7 0x00000018
core   0: 0x80006ed4 (0x013563b3) or      t2, a0, s3
core   0: 3 0x80006ed4 (0x013563b3) x 7 0x000469ef
core   0: 0x80006ed8 (0x000003c5) c.addi  t2, 17
core   0: 3 0x80006ed8 (0x03c5) x 7 0x00046a00
core   0: 0x80006eda (0x0370b533) mulhu   a0, ra, s7
core   0: 3 0x80006eda (0x0370b533) x10 0x00000000
core   0: 0x80006ede (0x00008509) c.srai  a0, 2
core   0: 3 0x80006ede (0x8509) x10 0x00000000
core   0: 0x80006ee0 (0x16518237) lui     tp, 0x16518
core   0: 3 0x80006ee0 (0x16518237) x 4 0x16518000
core   0: 0x80006ee4 (0x021736b3) mulhu   a3, a4, ra
core   0: 3 0x80006ee4 (0x021736b3) x13 0x00000000
core   0: 0x80006ee8 (0xbaee2213) slti    tp, t3, -1106
core   0: 3 0x80006ee8 (0xbaee2213) x 4 0x00000000
core   0: 0x80006eec (0x01543133) sltu    sp, s0, s5
core   0: 3 0x80006eec (0x01543133) x 2 0x00000001
core   0: 0x80006ef0 (0x0149d333) srl     t1, s3, s4
core   0: 3 0x80006ef0 (0x0149d333) x 6 0x000469ee
core   0: 0x80006ef4 (0x01944933) xor     s2, s0, s9
core   0: 3 0x80006ef4 (0x01944933) x18 0x7fff3105
core   0: 0x80006ef8 (0x013016b3) sll     a3, zero, s3
core   0: 3 0x80006ef8 (0x013016b3) x13 0x00000000
core   0: 0x80006efc (0xe5edf9b7) lui     s3, 0xe5edf
core   0: 3 0x80006efc (0xe5edf9b7) x19 0xe5edf000
core   0: 0x80006f00 (0x00008e45) c.or    a2, s1
core   0: 3 0x80006f00 (0x8e45) x12 0x0000cfff
core   0: 0x80006f02 (0x00a7b3b3) sltu    t2, a5, a0
core   0: 3 0x80006f02 (0x00a7b3b3) x 7 0x00000000
core   0: 0x80006f06 (0x01e5d0b3) srl     ra, a1, t5
core   0: 3 0x80006f06 (0x01e5d0b3) x 1 0x800004db
core   0: 0x80006f0a (0x03ac7033) remu    zero, s8, s10
core   0: 3 0x80006f0a (0x03ac7033)
core   0: 0x80006f0e (0x00001e10) c.addi4spn a2, sp, 816
core   0: 3 0x80006f0e (0x1e10) x12 0x00000331
core   0: 0x80006f10 (0x01dc75b3) and     a1, s8, t4
core   0: 3 0x80006f10 (0x01dc75b3) x11 0x0da0e880
core   0: 0x80006f14 (0x41600333) sub     t1, zero, s6
core   0: 3 0x80006f14 (0x41600333) x 6 0xfffffff2
core   0: 0x80006f18 (0x03453fb3) mulhu   t6, a0, s4
core   0: 3 0x80006f18 (0x03453fb3) x31 0x00000000
core   0: 0x80006f1c (0x02d62eb3) mulhsu  t4, a2, a3
core   0: 3 0x80006f1c (0x02d62eb3) x29 0x00000000
core   0: 0x80006f20 (0x0000464d) c.li    a2, 19
core   0: 3 0x80006f20 (0x464d) x12 0x00000013
core   0: 0x80006f22 (0x00008ced) c.and   s1, a1
core   0: 3 0x80006f22 (0x8ced) x 9 0x00000000
core   0: 0x80006f24 (0x00000001) c.nop
core   0: 3 0x80006f24 (0x0001)
core   0: 0x80006f26 (0x00009bfd) c.andi  a5, -1
core   0: 3 0x80006f26 (0x9bfd) x15 0x00000000
core   0: 0x80006f28 (0x00dbf733) and     a4, s7, a3
core   0: 3 0x80006f28 (0x00dbf733) x14 0x00000000
core   0: 0x80006f2c (0x00008ea5) c.xor   a3, s1
core   0: 3 0x80006f2c (0x8ea5) x13 0x00000000
core   0: 0x80006f2e (0x0119da13) srli    s4, s3, 17
core   0: 3 0x80006f2e (0x0119da13) x20 0x000072f6
core   0: 0x80006f32 (0x023999b3) mulh    s3, s3, gp
core   0: 3 0x80006f32 (0x023999b3) x19 0x00000000
core   0: 0x80006f36 (0x01661933) sll     s2, a2, s6
core   0: 3 0x80006f36 (0x01661933) x18 0x0004c000
core   0: 0x80006f3a (0x41a50633) sub     a2, a0, s10
core   0: 3 0x80006f3a (0x41a50633) x12 0x00000000
core   0: 0x80006f3e (0xb29fa093) slti    ra, t6, -1239
core   0: 3 0x80006f3e (0xb29fa093) x 1 0x00000000
core   0: 0x80006f42 (0x00b689b3) add     s3, a3, a1
core   0: 3 0x80006f42 (0x00b689b3) x19 0x0da0e880
core   0: 0x80006f46 (0x02c11ab3) mulh    s5, sp, a2
core   0: 3 0x80006f46 (0x02c11ab3) x21 0x00000000
core   0: 0x80006f4a (0x000098fd) c.andi  s1, -1
core   0: 3 0x80006f4a (0x98fd) x 9 0x00000000
core   0: 0x80006f4c (0x000000e2) c.slli  ra, 24
core   0: 3 0x80006f4c (0x00e2) x 1 0x00000000
core   0: 0x80006f4e (0x0035a4b3) slt     s1, a1, gp
core   0: 3 0x80006f4e (0x0035a4b3) x 9 0x00000000
core   0: 0x80006f52 (0x00008f29) c.xor   a4, a0
core   0: 3 0x80006f52 (0x8f29) x14 0x00000000
core   0: 0x80006f54 (0xa7fde313) ori     t1, s11, -1409
core   0: 3 0x80006f54 (0xa7fde313) x 6 0xfffffb7f
core   0: 0x80006f58 (0x03307333) remu    t1, zero, s3
core   0: 3 0x80006f58 (0x03307333) x 6 0x00000000
core   0: 0x80006f5c (0x0000717d) c.addi16sp sp, -16
core   0: 3 0x80006f5c (0x717d) x 2 0xfffffff1
core   0: 0x80006f5e (0x0000557d) c.li    a0, -1
core   0: 3 0x80006f5e (0x557d) x10 0xffffffff
core   0: 0x80006f60 (0x0000547d) c.li    s0, -1
core   0: 3 0x80006f60 (0x547d) x 8 0xffffffff
core   0: 0x80006f62 (0x01b8deb3) srl     t4, a7, s11
core   0: 3 0x80006f62 (0x01b8deb3) x29 0x00000000
core   0: 0x80006f66 (0x03bbb433) mulhu   s0, s7, s11
core   0: 3 0x80006f66 (0x03bbb433) x 8 0x80013a83
core   0: 0x80006f6a (0x00008d1d) c.sub   a0, a5
core   0: 3 0x80006f6a (0x8d1d) x10 0xffffffff
core   0: 0x80006f6c (0x031301b3) mul     gp, t1, a7
core   0: 3 0x80006f6c (0x031301b3) x 3 0x00000000
core   0: 0x80006f70 (0x024b52b3) divu    t0, s6, tp
core   0: 3 0x80006f70 (0x024b52b3) x 5 0xffffffff
core   0: 0x80006f74 (0x40940033) sub     zero, s0, s1
core   0: 3 0x80006f74 (0x40940033)
core   0: 0x80006f78 (0x1737cc13) xori    s8, a5, 371
core   0: 3 0x80006f78 (0x1737cc13) x24 0x00000173
core   0: 0x80006f7c (0x00008f0d) c.sub   a4, a1
core   0: 3 0x80006f7c (0x8f0d) x14 0xf25f1780
core   0: 0x80006f7e (0x03c2a033) mulhsu  zero, t0, t3
core   0: 3 0x80006f7e (0x03c2a033)
core   0: 0x80006f82 (0x00ce9f13) slli    t5, t4, 12
core   0: 3 0x80006f82 (0x00ce9f13) x30 0x00000000
core   0: 0x80006f86 (0x01bcd533) srl     a0, s9, s11
core   0: 3 0x80006f86 (0x01bcd533) x10 0x00000000
core   0: 0x80006f8a (0x023a46b3) div     a3, s4, gp
core   0: 3 0x80006f8a (0x023a46b3) x13 0xffffffff
core   0: 0x80006f8e (0x34b82e13) slti    t3, a6, 843
core   0: 3 0x80006f8e (0x34b82e13) x28 0x00000001
core   0: 0x80006f92 (0x00001e7d) c.addi  t3, -1
core   0: 3 0x80006f92 (0x1e7d) x28 0x00000000
core   0: 0x80006f94 (0x000092ba) c.add   t0, a4
core   0: 3 0x80006f94 (0x92ba) x 5 0xf25f177f
core   0: 0x80006f96 (0x01081733) sll     a4, a6, a6
core   0: 3 0x80006f96 (0x01081733) x14 0x000fe640
core   0: 0x80006f9a (0x000086b5) c.srai  a3, 13
core   0: 3 0x80006f9a (0x86b5) x13 0xffffffff
core   0: 0x80006f9c (0x00008499) c.srai  s1, 6
core   0: 3 0x80006f9c (0x8499) x 9 0x00000000
core   0: 0x80006f9e (0x00009bfd) c.andi  a5, -1
core   0: 3 0x80006f9e (0x9bfd) x15 0x00000000
core   0: 0x80006fa0 (0x0191a333) slt     t1, gp, s9
core   0: 3 0x80006fa0 (0x0191a333) x 6 0x00000001
core   0: 0x80006fa4 (0x00000fc6) c.slli  t6, 17
core   0: 3 0x80006fa4 (0x0fc6) x31 0x00000000
core   0: 0x80006fa6 (0x029f86b3) mul     a3, t6, s1
core   0: 3 0x80006fa6 (0x029f86b3) x13 0x00000000
core   0: 0x80006faa (0xff65a597) auipc   a1, 0xff65a
core   0: 3 0x80006faa (0xff65a597) x11 0x7f660faa
core   0: 0x80006fae (0x00bd5013) srli    zero, s10, 11
core   0: 3 0x80006fae (0x00bd5013)
core   0: 0x80006fb2 (0x00008569) c.srai  a0, 26
core   0: 3 0x80006fb2 (0x8569) x10 0x00000000
core   0: 0x80006fb4 (0x00009a7d) c.andi  a2, -1
core   0: 3 0x80006fb4 (0x9a7d) x12 0x00000000
core   0: 0x80006fb6 (0x00008b55) c.andi  a4, 21
core   0: 3 0x80006fb6 (0x8b55) x14 0x00000000
core   0: 0x80006fb8 (0x0243f433) remu    s0, t2, tp
core   0: 3 0x80006fb8 (0x0243f433) x 8 0x00000000
core   0: 0x80006fbc (0x00008eb1) c.xor   a3, a2
core   0: 3 0x80006fbc (0x8eb1) x13 0x00000000
core   0: 0x80006fbe (0x00008869) c.andi  s0, 26
core   0: 3 0x80006fbe (0x8869) x 8 0x00000000
core   0: 0x80006fc0 (0x01e5afb3) slt     t6, a1, t5
core   0: 3 0x80006fc0 (0x01e5afb3) x31 0x00000000
core   0: 0x80006fc4 (0x412f59b3) sra     s3, t5, s2
core   0: 3 0x80006fc4 (0x412f59b3) x19 0x00000000
core   0: 0x80006fc8 (0x00008dad) c.xor   a1, a1
core   0: 3 0x80006fc8 (0x8dad) x11 0x00000000
core   0: 0x80006fca (0x01796f33) or      t5, s2, s7
core   0: 3 0x80006fca (0x01796f33) x30 0x8005fce4
core   0: 0x80006fce (0x00008169) c.srli  a0, 26
core   0: 3 0x80006fce (0x8169) x10 0x00000000
core   0: 0x80006fd0 (0x97d6b093) sltiu   ra, a3, -1667
core   0: 3 0x80006fd0 (0x97d6b093) x 1 0x00000001
core   0: 0x80006fd4 (0x69f48c93) addi    s9, s1, 1695
core   0: 3 0x80006fd4 (0x69f48c93) x25 0x0000069f
core   0: 0x80006fd8 (0x000085f5) c.srai  a1, 29
core   0: 3 0x80006fd8 (0x85f5) x11 0x00000000
core   0: 0x80006fda (0x00000001) c.nop
core   0: 3 0x80006fda (0x0001)
core   0: 0x80006fdc (0x027e2333) mulhsu  t1, t3, t2
core   0: 3 0x80006fdc (0x027e2333) x 6 0x00000000
core   0: 0x80006fe0 (0x00348c33) add     s8, s1, gp
core   0: 3 0x80006fe0 (0x00348c33) x24 0x00000000
core   0: 0x80006fe4 (0x00006179) c.addi16sp sp, 464
core   0: 3 0x80006fe4 (0x6179) x 2 0x000001c1
core   0: 0x80006fe6 (0xd92b0f93) addi    t6, s6, -622
core   0: 3 0x80006fe6 (0xd92b0f93) x31 0xfffffda0
core   0: 0x80006fea (0x66123613) sltiu   a2, tp, 1633
core   0: 3 0x80006fea (0x66123613) x12 0x00000001
core   0: 0x80006fee (0x00001b8c) c.addi4spn a1, sp, 496
core   0: 3 0x80006fee (0x1b8c) x11 0x000003b1
core   0: 0x80006ff0 (0x00008fd5) c.or    a5, a3
core   0: 3 0x80006ff0 (0x8fd5) x15 0x00000000
core   0: 0x80006ff2 (0x00000ed2) c.slli  t4, 20
core   0: 3 0x80006ff2 (0x0ed2) x29 0x00000000
core   0: 0x80006ff4 (0x00718e33) add     t3, gp, t2
core   0: 3 0x80006ff4 (0x00718e33) x28 0x00000000
core   0: 0x80006ff8 (0x00a952b3) srl     t0, s2, a0
core   0: 3 0x80006ff8 (0x00a952b3) x 5 0x0004c000
core   0: 0x80006ffc (0x008716b3) sll     a3, a4, s0
core   0: 3 0x80006ffc (0x008716b3) x13 0x00000000
core   0: 0x80007000 (0x00008e59) c.or    a2, a4
core   0: 3 0x80007000 (0x8e59) x12 0x00000001
core   0: 0x80007002 (0x406eda13) srai    s4, t4, 6
core   0: 3 0x80007002 (0x406eda13) x20 0x00000000
core   0: 0x80007006 (0x010ffeb3) and     t4, t6, a6
core   0: 3 0x80007006 (0x010ffeb3) x29 0x8000fc20
core   0: 0x8000700a (0x65384797) auipc   a5, 0x65384
core   0: 3 0x8000700a (0x65384797) x15 0xe538b00a
core   0: 0x8000700e (0x01808ab3) add     s5, ra, s8
core   0: 3 0x8000700e (0x01808ab3) x21 0x00000001
core   0: 0x80007012 (0x00008d2d) c.xor   a0, a1
core   0: 3 0x80007012 (0x8d2d) x10 0x000003b1
core   0: 0x80007014 (0x03942033) mulhsu  zero, s0, s9
core   0: 3 0x80007014 (0x03942033)
core   0: 0x80007018 (0x00008ac5) c.andi  a3, 17
core   0: 3 0x80007018 (0x8ac5) x13 0x00000000
core   0: 0x8000701a (0x6f1cb013) sltiu   zero, s9, 1777
core   0: 3 0x8000701a (0x6f1cb013)
core   0: 0x8000701e (0x03bc14b3) mulh    s1, s8, s11
core   0: 3 0x8000701e (0x03bc14b3) x 9 0x00000000
core   0: 0x80007022 (0x0288c4b3) div     s1, a7, s0
core   0: 3 0x80007022 (0x0288c4b3) x 9 0xffffffff
core   0: 0x80007026 (0x01455893) srli    a7, a0, 20
core   0: 3 0x80007026 (0x01455893) x17 0x00000000
core   0: 0x8000702a (0x00695a93) srli    s5, s2, 6
core   0: 3 0x8000702a (0x00695a93) x21 0x00001300
core   0: 0x8000702e (0x00008015) c.srli  s0, 5
core   0: 3 0x8000702e (0x8015) x 8 0x00000000
core   0: 0x80007030 (0x02462f33) mulhsu  t5, a2, tp
core   0: 3 0x80007030 (0x02462f33) x30 0x00000000
core   0: 0x80007034 (0x00000af6) c.slli  s5, 29
core   0: 3 0x80007034 (0x0af6) x21 0x00000000
core   0: 0x80007036 (0x416b83b3) sub     t2, s7, s6
core   0: 3 0x80007036 (0x416b83b3) x 7 0x80013cd6
core   0: 0x8000703a (0x0000014a) c.slli  sp, 18
core   0: 3 0x8000703a (0x014a) x 2 0x07040000
core   0: 0x8000703c (0x000090a6) c.add   ra, s1
core   0: 3 0x8000703c (0x90a6) x 1 0x00000000
core   0: 0x8000703e (0xfa0c0ab7) lui     s5, 0xfa0c0
core   0: 3 0x8000703e (0xfa0c0ab7) x21 0xfa0c0000
core   0: 0x80007042 (0xf9728d93) addi    s11, t0, -105
core   0: 3 0x80007042 (0xf9728d93) x27 0x0004bf97
core   0: 0x80007046 (0xd3de4793) xori    a5, t3, -707
core   0: 3 0x80007046 (0xd3de4793) x15 0xfffffd3d
core   0: 0x8000704a (0x00000001) c.nop
core   0: 3 0x8000704a (0x0001)
core   0: 0x8000704c (0x0000819d) c.srli  a1, 7
core   0: 3 0x8000704c (0x819d) x11 0x00000007
core   0: 0x8000704e (0x00009aae) c.add   s5, a1
core   0: 3 0x8000704e (0x9aae) x21 0xfa0c0007
core   0: 0x80007050 (0x0069a8b3) slt     a7, s3, t1
core   0: 3 0x80007050 (0x0069a8b3) x17 0x00000000
core   0: 0x80007054 (0x00008db1) c.xor   a1, a2
core   0: 3 0x80007054 (0x8db1) x11 0x00000006
core   0: 0x80007056 (0x00008325) c.srli  a4, 9
core   0: 3 0x80007056 (0x8325) x14 0x00000000
core   0: 0x80007058 (0x00009aae) c.add   s5, a1
core   0: 3 0x80007058 (0x9aae) x21 0xfa0c000d
core   0: 0x8000705a (0x033980b3) mul     ra, s3, s3
core   0: 3 0x8000705a (0x033980b3) x 1 0x00000000
core   0: 0x8000705e (0x007f3ab3) sltu    s5, t5, t2
core   0: 3 0x8000705e (0x007f3ab3) x21 0x00000001
core   0: 0x80007062 (0x022c1233) mulh    tp, s8, sp
core   0: 3 0x80007062 (0x022c1233) x 4 0x00000000
core   0: 0x80007066 (0x802179b7) lui     s3, 0x80217
core   0: 3 0x80007066 (0x802179b7) x19 0x80217000
core   0: 0x8000706a (0x039cb433) mulhu   s0, s9, s9
core   0: 3 0x8000706a (0x039cb433) x 8 0x00000000
core   0: 0x8000706e (0x00000001) c.nop
core   0: 3 0x8000706e (0x0001)
core   0: 0x80007070 (0x00000584) c.addi4spn s1, sp, 704
core   0: 3 0x80007070 (0x0584) x 9 0x070402c0
core   0: 0x80007072 (0x00008ea5) c.xor   a3, s1
core   0: 3 0x80007072 (0x8ea5) x13 0x070402c0
core   0: 0x80007074 (0x000081b9) c.srli  a1, 14
core   0: 3 0x80007074 (0x81b9) x11 0x00000000
core   0: 0x80007076 (0x03806133) rem     sp, zero, s8
core   0: 3 0x80007076 (0x03806133) x 2 0x00000000
core   0: 0x8000707a (0x00004c81) c.li    s9, 0
core   0: 3 0x8000707a (0x4c81) x25 0x00000000
core   0: 0x8000707c (0x00408f33) add     t5, ra, tp
core   0: 3 0x8000707c (0x00408f33) x30 0x00000000
core   0: 0x80007080 (0x00000001) c.nop
core   0: 3 0x80007080 (0x0001)
core   0: 0x80007082 (0x0018d413) srli    s0, a7, 1
core   0: 3 0x80007082 (0x0018d413) x 8 0x00000000
core   0: 0x80007086 (0x01d6de33) srl     t3, a3, t4
core   0: 3 0x80007086 (0x01d6de33) x28 0x070402c0
core   0: 0x8000708a (0x02705e33) divu    t3, zero, t2
core   0: 3 0x8000708a (0x02705e33) x28 0x00000000
core   0: 0x8000708e (0x00001c7d) c.addi  s8, -1
core   0: 3 0x8000708e (0x1c7d) x24 0xffffffff
core   0: 0x80007090 (0x028665b3) rem     a1, a2, s0
core   0: 3 0x80007090 (0x028665b3) x11 0x00000001
core   0: 0x80007094 (0x00008189) c.srli  a1, 2
core   0: 3 0x80007094 (0x8189) x11 0x00000000
core   0: 0x80007096 (0x00008dd5) c.or    a1, a3
core   0: 3 0x80007096 (0x8dd5) x11 0x070402c0
core   0: 0x80007098 (0x0125bdb3) sltu    s11, a1, s2
core   0: 3 0x80007098 (0x0125bdb3) x27 0x00000000
core   0: 0x8000709c (0x00000489) c.addi  s1, 2
core   0: 3 0x8000709c (0x0489) x 9 0x070402c2
core   0: 0x8000709e (0x00008ff1) c.and   a5, a2
core   0: 3 0x8000709e (0x8ff1) x15 0x00000001
core   0: 0x800070a0 (0x0099d4b3) srl     s1, s3, s1
core   0: 3 0x800070a0 (0x0099d4b3) x 9 0x20085c00
core   0: 0x800070a4 (0x000063f9) c.lui   t2, 0x1e
core   0: 3 0x800070a4 (0x63f9) x 7 0x0001e000
core   0: 0x800070a6 (0x01725613) srli    a2, tp, 23
core   0: 3 0x800070a6 (0x01725613) x12 0x00000000
core   0: 0x800070aa (0x40168433) sub     s0, a3, ra
core   0: 3 0x800070aa (0x40168433) x 8 0x070402c0
core   0: 0x800070ae (0x02793633) mulhu   a2, s2, t2
core   0: 3 0x800070ae (0x02793633) x12 0x00000008
core   0: 0x800070b2 (0x00008429) c.srai  s0, 10
core   0: 3 0x800070b2 (0x8429) x 8 0x0001c100
core   0: 0x800070b4 (0x03f4e3b3) rem     t2, s1, t6
core   0: 3 0x800070b4 (0x03f4e3b3) x 7 0x00000100
core   0: 0x800070b8 (0x0208b8b3) mulhu   a7, a7, zero
core   0: 3 0x800070b8 (0x0208b8b3) x17 0x00000000
core   0: 0x800070bc (0x0000717d) c.addi16sp sp, -16
core   0: 3 0x800070bc (0x717d) x 2 0xfffffff0
core   0: 0x800070be (0x00006675) c.lui   a2, 0x1d
core   0: 3 0x800070be (0x6675) x12 0x0001d000
core   0: 0x800070c0 (0x00d2e233) or      tp, t0, a3
core   0: 3 0x800070c0 (0x00d2e233) x 4 0x0704c2c0
core   0: 0x800070c4 (0x41e98cb3) sub     s9, s3, t5
core   0: 3 0x800070c4 (0x41e98cb3) x25 0x80217000
core   0: 0x800070c8 (0x00dc76b3) and     a3, s8, a3
core   0: 3 0x800070c8 (0x00dc76b3) x13 0x070402c0
core   0: 0x800070cc (0x00001b9c) c.addi4spn a5, sp, 496
core   0: 3 0x800070cc (0x1b9c) x15 0x000001e0
core   0: 0x800070ce (0x020328b3) mulhsu  a7, t1, zero
core   0: 3 0x800070ce (0x020328b3) x17 0x00000000
core   0: 0x800070d2 (0x0078dd93) srli    s11, a7, 7
core   0: 3 0x800070d2 (0x0078dd93) x27 0x00000000
core   0: 0x800070d6 (0x00005d7d) c.li    s10, -1
core   0: 3 0x800070d6 (0x5d7d) x26 0xffffffff
core   0: 0x800070d8 (0x00008c81) c.sub   s1, s0
core   0: 3 0x800070d8 (0x8c81) x 9 0x20069b00
core   0: 0x800070da (0x02e039b3) mulhu   s3, zero, a4
core   0: 3 0x800070da (0x02e039b3) x19 0x00000000
core   0: 0x800070de (0x00008689) c.srai  a3, 2
core   0: 3 0x800070de (0x8689) x13 0x01c100b0
core   0: 0x800070e0 (0x033129b3) mulhsu  s3, sp, s3
core   0: 3 0x800070e0 (0x033129b3) x19 0x00000000
core   0: 0x800070e4 (0x00008ce5) c.and   s1, s1
core   0: 3 0x800070e4 (0x8ce5) x 9 0x20069b00
core   0: 0x800070e6 (0x5905fa17) auipc   s4, 0x5905f
core   0: 3 0x800070e6 (0x5905fa17) x20 0xd90660e6
core   0: 0x800070ea (0xfc9ee413) ori     s0, t4, -55
core   0: 3 0x800070ea (0xfc9ee413) x 8 0xffffffe9
core   0: 0x800070ee (0x8c22c893) xori    a7, t0, -1854
core   0: 3 0x800070ee (0x8c22c893) x17 0xfffb38c2
core   0: 0x800070f2 (0x000050fd) c.li    ra, -1
core   0: 3 0x800070f2 (0x50fd) x 1 0xffffffff
core   0: 0x800070f4 (0x00f76db3) or      s11, a4, a5
core   0: 3 0x800070f4 (0x00f76db3) x27 0x000001e0
core   0: 0x800070f8 (0x91c03597) auipc   a1, 0x91c03
core   0: 3 0x800070f8 (0x91c03597) x11 0x11c0a0f8
core   0: 0x800070fc (0x000081a2) c.mv    gp, s0
core   0: 3 0x800070fc (0x81a2) x 3 0xffffffe9
core   0: 0x800070fe (0xef43ac13) slti    s8, t2, -268
core   0: 3 0x800070fe (0xef43ac13) x24 0x00000000
core   0: 0x80007102 (0x0096fd33) and     s10, a3, s1
core   0: 3 0x80007102 (0x0096fd33) x26 0x00000000
core   0: 0x80007106 (0x00c63733) sltu    a4, a2, a2
core   0: 3 0x80007106 (0x00c63733) x14 0x00000000
core   0: 0x8000710a (0x71b833b7) lui     t2, 0x71b83
core   0: 3 0x8000710a (0x71b833b7) x 7 0x71b83000
core   0: 0x8000710e (0x018d5493) srli    s1, s10, 24
core   0: 3 0x8000710e (0x018d5493) x 9 0x00000000
core   0: 0x80007112 (0x02d834b3) mulhu   s1, a6, a3
core   0: 3 0x80007112 (0x02d834b3) x 9 0x00e08216
core   0: 0x80007116 (0xa8598693) addi    a3, s3, -1403
core   0: 3 0x80007116 (0xa8598693) x13 0xfffffa85
core   0: 0x8000711a (0x01711e93) slli    t4, sp, 23
core   0: 3 0x8000711a (0x01711e93) x29 0xf8000000
core   0: 0x8000711e (0x00000001) c.nop
core   0: 3 0x8000711e (0x0001)
core   0: 0x80007120 (0x02918a33) mul     s4, gp, s1
core   0: 3 0x80007120 (0x02918a33) x20 0xebd45006
core   0: 0x80007124 (0x00000c7d) c.addi  s8, 31
core   0: 3 0x80007124 (0x0c7d) x24 0x0000001f
core   0: 0x80007126 (0x01b464b3) or      s1, s0, s11
core   0: 3 0x80007126 (0x01b464b3) x 9 0xffffffe9
core   0: 0x8000712a (0x019c49b3) xor     s3, s8, s9
core   0: 3 0x8000712a (0x019c49b3) x19 0x8021701f
core   0: 0x8000712e (0x026995b3) mulh    a1, s3, t1
core   0: 3 0x8000712e (0x026995b3) x11 0x00000000
core   0: 0x80007132 (0x419b81b3) sub     gp, s7, s9
core   0: 3 0x80007132 (0x419b81b3) x 3 0xffdfcce4
core   0: 0x80007136 (0x9073ff13) andi    t5, t2, -1785
core   0: 3 0x80007136 (0x9073ff13) x30 0x71b83000
core   0: 0x8000713a (0x00006119) c.addi16sp sp, 384
core   0: 3 0x8000713a (0x6119) x 2 0x00000170
core   0: 0x8000713c (0x0137cfb3) xor     t6, a5, s3
core   0: 3 0x8000713c (0x0137cfb3) x31 0x802171ff
core   0: 0x80007140 (0x00008f41) c.or    a4, s0
core   0: 3 0x80007140 (0x8f41) x14 0xffffffe9
core   0: 0x80007142 (0xb4fbc237) lui     tp, 0xb4fbc
core   0: 3 0x80007142 (0xb4fbc237) x 4 0xb4fbc000
core   0: 0x80007146 (0x2abbbf13) sltiu   t5, s7, 683
core   0: 3 0x80007146 (0x2abbbf13) x30 0x00000000
core   0: 0x8000714a (0x0000619d) c.lui   gp, 0x7
core   0: 3 0x8000714a (0x619d) x 3 0x00007000
core   0: 0x8000714c (0x03a58433) mul     s0, a1, s10
core   0: 3 0x8000714c (0x03a58433) x 8 0x00000000
core   0: 0x80007150 (0x025589b3) mul     s3, a1, t0
core   0: 3 0x80007150 (0x025589b3) x19 0x00000000
core   0: 0x80007154 (0xca036f13) ori     t5, t1, -864
core   0: 3 0x80007154 (0xca036f13) x30 0xfffffca0
core   0: 0x80007158 (0x00ea1033) sll     zero, s4, a4
core   0: 3 0x80007158 (0x00ea1033)
core   0: 0x8000715c (0x036b77b3) remu    a5, s6, s6
core   0: 3 0x8000715c (0x036b77b3) x15 0x00000000
core   0: 0x80007160 (0x019d2533) slt     a0, s10, s9
core   0: 3 0x80007160 (0x019d2533) x10 0x00000000
core   0: 0x80007164 (0x00008c65) c.and   s0, s1
core   0: 3 0x80007164 (0x8c65) x 8 0x00000000
core   0: 0x80007166 (0x00008fa5) c.xor   a5, s1
core   0: 3 0x80007166 (0x8fa5) x15 0xffffffe9
core   0: 0x80007168 (0x02715433) divu    s0, sp, t2
core   0: 3 0x80007168 (0x02715433) x 8 0x00000000
core   0: 0x8000716c (0x00000001) c.nop
core   0: 3 0x8000716c (0x0001)
core   0: 0x8000716e (0x40548333) sub     t1, s1, t0
core   0: 3 0x8000716e (0x40548333) x 6 0xfffb3fe9
core   0: 0x80007172 (0x000063c5) c.lui   t2, 0x11
core   0: 3 0x80007172 (0x63c5) x 7 0x00011000
core   0: 0x80007174 (0x02beed33) rem     s10, t4, a1
core   0: 3 0x80007174 (0x02beed33) x26 0xf8000000
core   0: 0x80007178 (0xc602fc93) andi    s9, t0, -928
core   0: 3 0x80007178 (0xc602fc93) x25 0x0004c000
core   0: 0x8000717c (0x00008d35) c.xor   a0, a3
core   0: 3 0x8000717c (0x8d35) x10 0xfffffa85
core   0: 0x8000717e (0x00000001) c.nop
core   0: 3 0x8000717e (0x0001)
core   0: 0x80007180 (0x00009126) c.add   sp, s1
core   0: 3 0x80007180 (0x9126) x 2 0x00000159
core   0: 0x80007182 (0x00004449) c.li    s0, 18
core   0: 3 0x80007182 (0x4449) x 8 0x00000012
core   0: 0x80007184 (0x03a26633) rem     a2, tp, s10
core   0: 3 0x80007184 (0x03a26633) x12 0xfcfbc000
core   0: 0x80007188 (0x000000e6) c.slli  ra, 25
core   0: 3 0x80007188 (0x00e6) x 1 0xfe000000
core   0: 0x8000718a (0x00000d66) c.slli  s10, 25
core   0: 3 0x8000718a (0x0d66) x26 0x00000000
core   0: 0x8000718c (0x00000e5e) c.slli  t3, 23
core   0: 3 0x8000718c (0x0e5e) x28 0x00000000
core   0: 0x8000718e (0x01345293) srli    t0, s0, 19
core   0: 3 0x8000718e (0x01345293) x 5 0x00000000
core   0: 0x80007192 (0x03c014b3) mulh    s1, zero, t3
core   0: 3 0x80007192 (0x03c014b3) x 9 0x00000000
core   0: 0x80007196 (0x577cfe13) andi    t3, s9, 1399
core   0: 3 0x80007196 (0x577cfe13) x28 0x00000000
core   0: 0x8000719a (0x001aad33) slt     s10, s5, ra
core   0: 3 0x8000719a (0x001aad33) x26 0x00000000
core   0: 0x8000719e (0x0287d933) divu    s2, a5, s0
core   0: 3 0x8000719e (0x0287d933) x18 0x0e38e38c
core   0: 0x800071a2 (0x033a80b3) mul     ra, s5, s3
core   0: 3 0x800071a2 (0x033a80b3) x 1 0x00000000
core   0: 0x800071a6 (0x00000de9) c.addi  s11, 26
core   0: 3 0x800071a6 (0x0de9) x27 0x000001fa
core   0: 0x800071a8 (0x00008fb9) c.xor   a5, a4
core   0: 3 0x800071a8 (0x8fb9) x15 0x00000000
core   0: 0x800071aa (0xcb5ac493) xori    s1, s5, -843
core   0: 3 0x800071aa (0xcb5ac493) x 9 0xfffffcb4
core   0: 0x800071ae (0xd7c86993) ori     s3, a6, -644
core   0: 3 0x800071ae (0xd7c86993) x19 0xffffff7c
core   0: 0x800071b2 (0x00000001) c.nop
core   0: 3 0x800071b2 (0x0001)
core   0: 0x800071b4 (0x0f0dc193) xori    gp, s11, 240
core   0: 3 0x800071b4 (0x0f0dc193) x 3 0x0000010a
core   0: 0x800071b8 (0x01a6a1b3) slt     gp, a3, s10
core   0: 3 0x800071b8 (0x01a6a1b3) x 3 0x00000001
core   0: 0x800071bc (0x41cd8a33) sub     s4, s11, t3
core   0: 3 0x800071bc (0x41cd8a33) x20 0x000001fa
core   0: 0x800071c0 (0x000092e2) c.add   t0, s8
core   0: 3 0x800071c0 (0x92e2) x 5 0x0000001f
core   0: 0x800071c2 (0x00000476) c.slli  s0, 29
core   0: 3 0x800071c2 (0x0476) x 8 0x40000000
core   0: 0x800071c4 (0x00000001) c.nop
core   0: 3 0x800071c4 (0x0001)
core   0: 0x800071c6 (0x00f31413) slli    s0, t1, 15
core   0: 3 0x800071c6 (0x00f31413) x 8 0x9ff48000
core   0: 0x800071ca (0x9dcbb193) sltiu   gp, s7, -1572
core   0: 3 0x800071ca (0x9dcbb193) x 3 0x00000001
core   0: 0x800071ce (0x00008dee) c.mv    s11, s11
core   0: 3 0x800071ce (0x8dee) x27 0x000001fa
core   0: 0x800071d0 (0x013b1213) slli    tp, s6, 19
core   0: 3 0x800071d0 (0x013b1213) x 4 0x00700000
core   0: 0x800071d4 (0x01fe5893) srli    a7, t3, 31
core   0: 3 0x800071d4 (0x01fe5893) x17 0x00000000
core   0: 0x800071d8 (0x00000001) c.nop
core   0: 3 0x800071d8 (0x0001)
core   0: 0x800071da (0x00000ab2) c.slli  s5, 12
core   0: 3 0x800071da (0x0ab2) x21 0x00001000
core   0: 0x800071dc (0x00008ed5) c.or    a3, a3
core   0: 3 0x800071dc (0x8ed5) x13 0xfffffa85
core   0: 0x800071de (0x00001dfd) c.addi  s11, -1
core   0: 3 0x800071de (0x1dfd) x27 0x000001f9
core   0: 0x800071e0 (0x000098fd) c.andi  s1, -1
core   0: 3 0x800071e0 (0x98fd) x 9 0xfffffcb4
core   0: 0x800071e2 (0x0000577d) c.li    a4, -1
core   0: 3 0x800071e2 (0x577d) x14 0xffffffff
core   0: 0x800071e4 (0x0175c0b3) xor     ra, a1, s7
core   0: 3 0x800071e4 (0x0175c0b3) x 1 0x80013ce4
core   0: 0x800071e8 (0x45864d17) auipc   s10, 0x45864
core   0: 3 0x800071e8 (0x45864d17) x26 0xc586b1e8
core   0: 0x800071ec (0x00008dc9) c.or    a1, a0
core   0: 3 0x800071ec (0x8dc9) x11 0xfffffa85
core   0: 0x800071ee (0xed6c0193) addi    gp, s8, -298
core   0: 3 0x800071ee (0xed6c0193) x 3 0xfffffef5
core   0: 0x800071f2 (0x01032f33) slt     t5, t1, a6
core   0: 3 0x800071f2 (0x01032f33) x30 0x00000000
core   0: 0x800071f6 (0x03e105b3) mul     a1, sp, t5
core   0: 3 0x800071f6 (0x03e105b3) x11 0x00000000
core   0: 0x800071fa (0x005e5a33) srl     s4, t3, t0
core   0: 3 0x800071fa (0x005e5a33) x20 0x00000000
core   0: 0x800071fe (0x03b1d0b3) divu    ra, gp, s11
core   0: 3 0x800071fe (0x03b1d0b3) x 1 0x0081c635
core   0: 0x80007202 (0x000080a6) c.mv    ra, s1
core   0: 3 0x80007202 (0x80a6) x 1 0xfffffcb4
core   0: 0x80007204 (0x01b41a33) sll     s4, s0, s11
core   0: 3 0x80007204 (0x01b41a33) x20 0x00000000
core   0: 0x80007208 (0x958b4713) xori    a4, s6, -1704
core   0: 3 0x80007208 (0x958b4713) x14 0xfffff956
core   0: 0x8000720c (0x0000997d) c.andi  a0, -1
core   0: 3 0x8000720c (0x997d) x10 0xfffffa85
core   0: 0x8000720e (0x0270a3b3) mulhsu  t2, ra, t2
core   0: 3 0x8000720e (0x0270a3b3) x 7 0xffffffff
core   0: 0x80007212 (0x00008fc1) c.or    a5, s0
core   0: 3 0x80007212 (0x8fc1) x15 0x9ff48000
core   0: 0x80007214 (0x00008d35) c.xor   a0, a3
core   0: 3 0x80007214 (0x8d35) x10 0x00000000
core   0: 0x80007216 (0x038dee33) rem     t3, s11, s8
core   0: 3 0x80007216 (0x038dee33) x28 0x00000009
core   0: 0x8000721a (0x00008d91) c.sub   a1, a2
core   0: 3 0x8000721a (0x8d91) x11 0x03044000
core   0: 0x8000721c (0x6425c117) auipc   sp, 0x6425c
core   0: 3 0x8000721c (0x6425c117) x 2 0xe426321c
core   0: 0x80007220 (0x02c729b3) mulhsu  s3, a4, a2
core   0: 3 0x80007220 (0x02c729b3) x19 0xfffff96a
core   0: 0x80007224 (0x00939a93) slli    s5, t2, 9
core   0: 3 0x80007224 (0x00939a93) x21 0xfffffe00
core   0: 0x80007228 (0x0208f3b3) remu    t2, a7, zero
core   0: 3 0x80007228 (0x0208f3b3) x 7 0x00000000
core   0: 0x8000722c (0x0000099c) c.addi4spn a5, sp, 208
core   0: 3 0x8000722c (0x099c) x15 0xe42632ec
core   0: 0x8000722e (0x014fbeb3) sltu    t4, t6, s4
core   0: 3 0x8000722e (0x014fbeb3) x29 0x00000000
core   0: 0x80007232 (0x03d187b3) mul     a5, gp, t4
core   0: 3 0x80007232 (0x03d187b3) x15 0x00000000
core   0: 0x80007236 (0x24134593) xori    a1, t1, 577
core   0: 3 0x80007236 (0x24134593) x11 0xfffb3da8
core   0: 0x8000723a (0x02dada33) divu    s4, s5, a3
core   0: 3 0x8000723a (0x02dada33) x20 0x00000001
core   0: 0x8000723e (0xa15e0d93) addi    s11, t3, -1515
core   0: 3 0x8000723e (0xa15e0d93) x27 0xfffffa1e
core   0: 0x80007242 (0x000087ad) c.srai  a5, 11
core   0: 3 0x80007242 (0x87ad) x15 0x00000000
core   0: 0x80007244 (0x01bf6533) or      a0, t5, s11
core   0: 3 0x80007244 (0x01bf6533) x10 0xfffffa1e
core   0: 0x80007248 (0x907aba13) sltiu   s4, s5, -1785
core   0: 3 0x80007248 (0x907aba13) x20 0x00000000
core   0: 0x8000724c (0x0000577d) c.li    a4, -1
core   0: 3 0x8000724c (0x577d) x14 0xffffffff
core   0: 0x8000724e (0x4136d013) srai    zero, a3, 19
core   0: 3 0x8000724e (0x4136d013)
core   0: 0x80007252 (0x000048b1) c.li    a7, 12
core   0: 3 0x80007252 (0x48b1) x17 0x0000000c
core   0: 0x80007254 (0x03d5afb3) mulhsu  t6, a1, t4
core   0: 3 0x80007254 (0x03d5afb3) x31 0x00000000
core   0: 0x80007258 (0x00008841) c.andi  s0, 16
core   0: 3 0x80007258 (0x8841) x 8 0x00000000
core   0: 0x8000725a (0x003005b3) add     a1, zero, gp
core   0: 3 0x8000725a (0x003005b3) x11 0xfffffef5
core   0: 0x8000725e (0x00006169) c.addi16sp sp, 208
core   0: 3 0x8000725e (0x6169) x 2 0xe42632ec
core   0: 0x80007260 (0x0d97e493) ori     s1, a5, 217
core   0: 3 0x80007260 (0x0d97e493) x 9 0x000000d9
core   0: 0x80007264 (0x00008ea5) c.xor   a3, s1
core   0: 3 0x80007264 (0x8ea5) x13 0xfffffa5c
core   0: 0x80007266 (0x417057b3) sra     a5, zero, s7
core   0: 3 0x80007266 (0x417057b3) x15 0x00000000
core   0: 0x8000726a (0x0386a9b3) mulhsu  s3, a3, s8
core   0: 3 0x8000726a (0x0386a9b3) x19 0xffffffff
core   0: 0x8000726e (0x0171ddb3) srl     s11, gp, s7
core   0: 3 0x8000726e (0x0171ddb3) x27 0x0fffffef
core   0: 0x80007272 (0x030fb633) mulhu   a2, t6, a6
core   0: 3 0x80007272 (0x030fb633) x12 0x00000000
core   0: 0x80007276 (0x00008e95) c.sub   a3, a3
core   0: 3 0x80007276 (0x8e95) x13 0x00000000
core   0: 0x80007278 (0x030a3533) mulhu   a0, s4, a6
core   0: 3 0x80007278 (0x030a3533) x10 0x00000000
core   0: 0x8000727c (0x00001710) c.addi4spn a2, sp, 928
core   0: 3 0x8000727c (0x1710) x12 0xe426368c
core   0: 0x8000727e (0x00000001) c.nop
core   0: 3 0x8000727e (0x0001)
core   0: 0x80007280 (0x00008475) c.srai  s0, 29
core   0: 3 0x80007280 (0x8475) x 8 0x00000000
core   0: 0x80007282 (0x00008f65) c.and   a4, s1
core   0: 3 0x80007282 (0x8f65) x14 0x000000d9
core   0: 0x80007284 (0x009172b3) and     t0, sp, s1
core   0: 3 0x80007284 (0x009172b3) x 5 0x000000c8
core   0: 0x80007288 (0x000056fd) c.li    a3, -1
core   0: 3 0x80007288 (0x56fd) x13 0xffffffff
core   0: 0x8000728a (0x00008da1) c.xor   a1, s0
core   0: 3 0x8000728a (0x8da1) x11 0xfffffef5
core   0: 0x8000728c (0xf34e0417) auipc   s0, 0xf34e0
core   0: 3 0x8000728c (0xf34e0417) x 8 0x734e728c
core   0: 0x80007290 (0x021fd6b3) divu    a3, t6, ra
core   0: 3 0x80007290 (0x021fd6b3) x13 0x00000000
core   0: 0x80007294 (0x00008fa5) c.xor   a5, s1
core   0: 3 0x80007294 (0x8fa5) x15 0x000000d9
core   0: 0x80007296 (0x011d9733) sll     a4, s11, a7
core   0: 3 0x80007296 (0x011d9733) x14 0xfffef000
core   0: 0x8000729a (0x00009a32) c.add   s4, a2
core   0: 3 0x8000729a (0x9a32) x20 0xe426368c
core   0: 0x8000729c (0x7c3c7d17) auipc   s10, 0x7c3c7
core   0: 3 0x8000729c (0x7c3c7d17) x26 0xfc3ce29c
core   0: 0x800072a0 (0x00008031) c.srli  s0, 12
core   0: 3 0x800072a0 (0x8031) x 8 0x000734e7
core   0: 0x800072a2 (0x00005c7d) c.li    s8, -1
core   0: 3 0x800072a2 (0x5c7d) x24 0xffffffff
core   0: 0x800072a4 (0x8f928793) addi    a5, t0, -1799
core   0: 3 0x800072a4 (0x8f928793) x15 0xfffff9c1
core   0: 0x800072a8 (0x00000001) c.nop
core   0: 3 0x800072a8 (0x0001)
core   0: 0x800072aa (0x000005e2) c.slli  a1, 24
core   0: 3 0x800072aa (0x05e2) x11 0xf5000000
core   0: 0x800072ac (0x00000e29) c.addi  t3, 10
core   0: 3 0x800072ac (0x0e29) x28 0x00000013
core   0: 0x800072ae (0x03051633) mulh    a2, a0, a6
core   0: 3 0x800072ae (0x03051633) x12 0x00000000
core   0: 0x800072b2 (0x40cdda33) sra     s4, s11, a2
core   0: 3 0x800072b2 (0x40cdda33) x20 0x0fffffef
core   0: 0x800072b6 (0x415ed2b3) sra     t0, t4, s5
core   0: 3 0x800072b6 (0x415ed2b3) x 5 0x00000000
core   0: 0x800072ba (0x00000001) c.nop
core   0: 3 0x800072ba (0x0001)
core   0: 0x800072bc (0x00790333) add     t1, s2, t2
core   0: 3 0x800072bc (0x00790333) x 6 0x0e38e38c
core   0: 0x800072c0 (0x00b94cb3) xor     s9, s2, a1
core   0: 3 0x800072c0 (0x00b94cb3) x25 0xfb38e38c
core   0: 0x800072c4 (0x00006c5d) c.lui   s8, 0x17
core   0: 3 0x800072c4 (0x6c5d) x24 0x00017000
core   0: 0x800072c6 (0x22e02c13) slti    s8, zero, 558
core   0: 3 0x800072c6 (0x22e02c13) x24 0x00000001
core   0: 0x800072ca (0x00000c10) c.addi4spn a2, sp, 528
core   0: 3 0x800072ca (0x0c10) x12 0xe42634fc
core   0: 0x800072cc (0x0000656d) c.lui   a0, 0x1b
core   0: 3 0x800072cc (0x656d) x10 0x0001b000
core   0: 0x800072ce (0x001eaa33) slt     s4, t4, ra
core   0: 3 0x800072ce (0x001eaa33) x20 0x00000000
core   0: 0x800072d2 (0x00e79993) slli    s3, a5, 14
core   0: 3 0x800072d2 (0x00e79993) x19 0xfe704000
core   0: 0x800072d6 (0x00008035) c.srli  s0, 13
core   0: 3 0x800072d6 (0x8035) x 8 0x00000039
core   0: 0x800072d8 (0x033bb8b3) mulhu   a7, s7, s3
core   0: 3 0x800072d8 (0x033bb8b3) x17 0x7f395af5
core   0: 0x800072dc (0x00004141) c.li    sp, 16
core   0: 3 0x800072dc (0x4141) x 2 0x00000010
core   0: 0x800072de (0x0150c7b3) xor     a5, ra, s5
core   0: 3 0x800072de (0x0150c7b3) x15 0x000002b4
core   0: 0x800072e2 (0x00008275) c.srli  a2, 29
core   0: 3 0x800072e2 (0x8275) x12 0x00000007
core   0: 0x800072e4 (0x0000717d) c.addi16sp sp, -16
core   0: 3 0x800072e4 (0x717d) x 2 0x00000000
core   0: 0x800072e6 (0x00008d59) c.or    a0, a4
core   0: 3 0x800072e6 (0x8d59) x10 0xfffff000
core   0: 0x800072e8 (0x00009a7d) c.andi  a2, -1
core   0: 3 0x800072e8 (0x9a7d) x12 0x00000007
core   0: 0x800072ea (0x00000001) c.nop
core   0: 3 0x800072ea (0x0001)
core   0: 0x800072ec (0x94b47793) andi    a5, s0, -1717
core   0: 3 0x800072ec (0x94b47793) x15 0x00000009
core   0: 0x800072f0 (0x000089d1) c.andi  a1, 20
core   0: 3 0x800072f0 (0x89d1) x11 0x00000000
core   0: 0x800072f2 (0x00004da5) c.li    s11, 9
core   0: 3 0x800072f2 (0x4da5) x27 0x00000009
core   0: 0x800072f4 (0x000098fd) c.andi  s1, -1
core   0: 3 0x800072f4 (0x98fd) x 9 0x000000d9
core   0: 0x800072f6 (0x00008fcd) c.or    a5, a1
core   0: 3 0x800072f6 (0x8fcd) x15 0x00000009
core   0: 0x800072f8 (0x00001b14) c.addi4spn a3, sp, 432
core   0: 3 0x800072f8 (0x1b14) x13 0x000001b0
core   0: 0x800072fa (0x00001398) c.addi4spn a4, sp, 480
core   0: 3 0x800072fa (0x1398) x14 0x000001e0
core   0: 0x800072fc (0x01416d33) or      s10, sp, s4
core   0: 3 0x800072fc (0x01416d33) x26 0x00000000
core   0: 0x80007300 (0x03ee9f33) mulh    t5, t4, t5
core   0: 3 0x80007300 (0x03ee9f33) x30 0x00000000
core   0: 0x80007304 (0x00008c01) c.sub   s0, s0
core   0: 3 0x80007304 (0x8c01) x 8 0x00000000
core   0: 0x80007306 (0x014e3133) sltu    sp, t3, s4
core   0: 3 0x80007306 (0x014e3133) x 2 0x00000000
core   0: 0x8000730a (0x00008ed9) c.or    a3, a4
core   0: 3 0x8000730a (0x8ed9) x13 0x000001f0
core   0: 0x8000730c (0x000042d5) c.li    t0, 21
core   0: 3 0x8000730c (0x42d5) x 5 0x00000015
core   0: 0x8000730e (0x00006a35) c.lui   s4, 0xd
core   0: 3 0x8000730e (0x6a35) x20 0x0000d000
core   0: 0x80007310 (0x003f1eb3) sll     t4, t5, gp
core   0: 3 0x80007310 (0x003f1eb3) x29 0x00000000
core   0: 0x80007314 (0xa6dc2a93) slti    s5, s8, -1427
core   0: 3 0x80007314 (0xa6dc2a93) x21 0x00000000
core   0: 0x80007318 (0x00008d15) c.sub   a0, a3
core   0: 3 0x80007318 (0x8d15) x10 0xffffee10
core   0: 0x8000731a (0x00008de9) c.and   a1, a0
core   0: 3 0x8000731a (0x8de9) x11 0x00000000
core   0: 0x8000731c (0x013d7cb3) and     s9, s10, s3
core   0: 3 0x8000731c (0x013d7cb3) x25 0x00000000
core   0: 0x80007320 (0x0000615d) c.addi16sp sp, 432
core   0: 3 0x80007320 (0x615d) x 2 0x000001b0
core   0: 0x80007322 (0x00008cf1) c.and   s1, a2
core   0: 3 0x80007322 (0x8cf1) x 9 0x00000001
core   0: 0x80007324 (0x0038d493) srli    s1, a7, 3
core   0: 3 0x80007324 (0x0038d493) x 9 0x0fe72b5e
core   0: 0x80007328 (0x01bab133) sltu    sp, s5, s11
core   0: 3 0x80007328 (0x01bab133) x 2 0x00000001
core   0: 0x8000732c (0x00eef033) and     zero, t4, a4
core   0: 3 0x8000732c (0x00eef033)
core   0: 0x80007330 (0xa6e5c293) xori    t0, a1, -1426
core   0: 3 0x80007330 (0xa6e5c293) x 5 0xfffffa6e
core   0: 0x80007334 (0x00f8bc33) sltu    s8, a7, a5
core   0: 3 0x80007334 (0x00f8bc33) x24 0x00000000
core   0: 0x80007338 (0x01d4ec33) or      s8, s1, t4
core   0: 3 0x80007338 (0x01d4ec33) x24 0x0fe72b5e
core   0: 0x8000733c (0x00008941) c.andi  a0, 16
core   0: 3 0x8000733c (0x8941) x10 0x00000010
core   0: 0x8000733e (0x00000001) c.nop
core   0: 3 0x8000733e (0x0001)
core   0: 0x80007340 (0x00008f49) c.or    a4, a0
core   0: 3 0x80007340 (0x8f49) x14 0x000001f0
core   0: 0x80007342 (0x00008939) c.andi  a0, 14
core   0: 3 0x80007342 (0x8939) x10 0x00000000
core   0: 0x80007344 (0x0000617d) c.addi16sp sp, 496
core   0: 3 0x80007344 (0x617d) x 2 0x000001f1
core   0: 0x80007346 (0xf7879117) auipc   sp, 0xf7879
core   0: 3 0x80007346 (0xf7879117) x 2 0x77880346
core   0: 0x8000734a (0x038e0e33) mul     t3, t3, s8
core   0: 3 0x8000734a (0x038e0e33) x28 0x2e2837fa
core   0: 0x8000734e (0x0297b933) mulhu   s2, a5, s1
core   0: 3 0x8000734e (0x0297b933) x18 0x00000000
core   0: 0x80007352 (0x00009bfd) c.andi  a5, -1
core   0: 3 0x80007352 (0x9bfd) x15 0x00000009
core   0: 0x80007354 (0x0122d893) srli    a7, t0, 18
core   0: 3 0x80007354 (0x0122d893) x17 0x00003fff
core   0: 0x80007358 (0x5ea6a513) slti    a0, a3, 1514
core   0: 3 0x80007358 (0x5ea6a513) x10 0x00000001
core   0: 0x8000735c (0x02a3b933) mulhu   s2, t2, a0
core   0: 3 0x8000735c (0x02a3b933) x18 0x00000000
core   0: 0x80007360 (0x00008f45) c.or    a4, s1
core   0: 3 0x80007360 (0x8f45) x14 0x0fe72bfe
core   0: 0x80007362 (0x0000814d) c.srli  a0, 19
core   0: 3 0x80007362 (0x814d) x10 0x00000000
core   0: 0x80007364 (0x010a89b3) add     s3, s5, a6
core   0: 3 0x80007364 (0x010a89b3) x19 0x8000fe64
core   0: 0x80007368 (0x00008f7d) c.and   a4, a5
core   0: 3 0x80007368 (0x8f7d) x14 0x00000008
core   0: 0x8000736a (0x80000337) lui     t1, 0x80000
core   0: 3 0x8000736a (0x80000337) x 6 0x80000000
core   0: 0x8000736e (0x22e3e637) lui     a2, 0x22e3e
core   0: 3 0x8000736e (0x22e3e637) x12 0x22e3e000
core   0: 0x80007372 (0x41d60613) addi    a2, a2, 1053
core   0: 3 0x80007372 (0x41d60613) x12 0x22e3e41d
core   0: 0x80007376 (0x78189737) lui     a4, 0x78189
core   0: 3 0x80007376 (0x78189737) x14 0x78189000
core   0: 0x8000737a (0x2ba70713) addi    a4, a4, 698
core   0: 3 0x8000737a (0x2ba70713) x14 0x781892ba
core   0: 0x8000737e (0x80000437) lui     s0, 0x80000
core   0: 3 0x8000737e (0x80000437) x 8 0x80000000
core   0: 0x80007382 (0x80000c37) lui     s8, 0x80000
core   0: 3 0x80007382 (0x80000c37) x24 0x80000000
core   0: 0x80007386 (0x00004d01) c.li    s10, 0
core   0: 3 0x80007386 (0x4d01) x26 0x00000000
core   0: 0x80007388 (0x80000a37) lui     s4, 0x80000
core   0: 3 0x80007388 (0x80000a37) x20 0x80000000
core   0: 0x8000738c (0x3824efb7) lui     t6, 0x3824e
core   0: 3 0x8000738c (0x3824efb7) x31 0x3824e000
core   0: 0x80007390 (0x971f8f93) addi    t6, t6, -1679
core   0: 3 0x80007390 (0x971f8f93) x31 0x3824d971
core   0: 0x80007394 (0x80000937) lui     s2, 0x80000
core   0: 3 0x80007394 (0x80000937) x18 0x80000000
core   0: 0x80007398 (0x800008b7) lui     a7, 0x80000
core   0: 3 0x80007398 (0x800008b7) x17 0x80000000
core   0: 0x8000739c (0x03832fb3) mulhsu  t6, t1, s8
core   0: 3 0x8000739c (0x03832fb3) x31 0xc0000000
core   0: 0x800073a0 (0x00000001) c.nop
core   0: 3 0x800073a0 (0x0001)
core   0: 0x800073a2 (0x408f8333) sub     t1, t6, s0
core   0: 3 0x800073a2 (0x408f8333) x 6 0x40000000
core   0: 0x800073a6 (0x02835733) divu    a4, t1, s0
core   0: 3 0x800073a6 (0x02835733) x14 0x00000000
core   0: 0x800073aa (0x03171d33) mulh    s10, a4, a7
core   0: 3 0x800073aa (0x03171d33) x26 0x00000000
core   0: 0x800073ae (0xe7466917) auipc   s2, 0xe7466
core   0: 3 0x800073ae (0xe7466917) x18 0x6746d3ae
core   0: 0x800073b2 (0x36c16717) auipc   a4, 0x36c16
core   0: 3 0x800073b2 (0x36c16717) x14 0xb6c1d3b2
core   0: 0x800073b6 (0x00000001) c.nop
core   0: 3 0x800073b6 (0x0001)
core   0: 0x800073b8 (0x40c90733) sub     a4, s2, a2
core   0: 3 0x800073b8 (0x40c90733) x14 0x4462ef91
core   0: 0x800073bc (0x00000001) c.nop
core   0: 3 0x800073bc (0x0001)
core   0: 0x800073be (0x91d7e437) lui     s0, 0x91d7e
core   0: 3 0x800073be (0x91d7e437) x 8 0x91d7e000
core   0: 0x800073c2 (0x03489fb3) mulh    t6, a7, s4
core   0: 3 0x800073c2 (0x03489fb3) x31 0x40000000
core   0: 0x800073c6 (0x034d38b3) mulhu   a7, s10, s4
core   0: 3 0x800073c6 (0x034d38b3) x17 0x00000000
core   0: 0x800073ca (0x40e70333) sub     t1, a4, a4
core   0: 3 0x800073ca (0x40e70333) x 6 0x00000000
core   0: 0x800073ce (0x026648b3) div     a7, a2, t1
core   0: 3 0x800073ce (0x026648b3) x17 0xffffffff
core   0: 0x800073d2 (0x7b16a293) slti    t0, a3, 1969
core   0: 3 0x800073d2 (0x7b16a293) x 5 0x00000001
core   0: 0x800073d6 (0x02bda0b3) mulhsu  ra, s11, a1
core   0: 3 0x800073d6 (0x02bda0b3) x 1 0x00000000
core   0: 0x800073da (0x00008df5) c.and   a1, a3
core   0: 3 0x800073da (0x8df5) x11 0x00000000
core   0: 0x800073dc (0x40ca5293) srai    t0, s4, 12
core   0: 3 0x800073dc (0x40ca5293) x 5 0xfff80000
core   0: 0x800073e0 (0x004ae7b3) or      a5, s5, tp
core   0: 3 0x800073e0 (0x004ae7b3) x15 0x00700000
core   0: 0x800073e4 (0x01ed80b3) add     ra, s11, t5
core   0: 3 0x800073e4 (0x01ed80b3) x 1 0x00000009
core   0: 0x800073e8 (0x034eb3b3) mulhu   t2, t4, s4
core   0: 3 0x800073e8 (0x034eb3b3) x 7 0x00000000
core   0: 0x800073ec (0x00009c86) c.add   s9, ra
core   0: 3 0x800073ec (0x9c86) x25 0x00000009
core   0: 0x800073ee (0x01ba76b3) and     a3, s4, s11
core   0: 3 0x800073ee (0x01ba76b3) x13 0x00000000
core   0: 0x800073f2 (0x02eec6b3) div     a3, t4, a4
core   0: 3 0x800073f2 (0x02eec6b3) x13 0x00000000
core   0: 0x800073f6 (0x03cdeab3) rem     s5, s11, t3
core   0: 3 0x800073f6 (0x03cdeab3) x21 0x00000009
core   0: 0x800073fa (0x00b647b3) xor     a5, a2, a1
core   0: 3 0x800073fa (0x00b647b3) x15 0x22e3e41d
core   0: 0x800073fe (0x00009d1a) c.add   s10, t1
core   0: 3 0x800073fe (0x9d1a) x26 0x00000000
core   0: 0x80007400 (0x017da213) slti    tp, s11, 23
core   0: 3 0x80007400 (0x017da213) x 4 0x00000001
core   0: 0x80007404 (0x00006e25) c.lui   t3, 0x9
core   0: 3 0x80007404 (0x6e25) x28 0x00009000
core   0: 0x80007406 (0x00008749) c.srai  a4, 18
core   0: 3 0x80007406 (0x8749) x14 0x00001118
core   0: 0x80007408 (0x0b8f6513) ori     a0, t5, 184
core   0: 3 0x80007408 (0x0b8f6513) x10 0x000000b8
core   0: 0x8000740c (0x00008e6d) c.and   a2, a1
core   0: 3 0x8000740c (0x8e6d) x12 0x00000000
core   0: 0x8000740e (0x00008cb9) c.xor   s1, a4
core   0: 3 0x8000740e (0x8cb9) x 9 0x0fe73a46
core   0: 0x80007410 (0x025ae6b3) rem     a3, s5, t0
core   0: 3 0x80007410 (0x025ae6b3) x13 0x00000009
core   0: 0x80007414 (0x9bed9037) lui     zero, 0x9bed9
core   0: 3 0x80007414 (0x9bed9037)
core   0: 0x80007418 (0x0000717d) c.addi16sp sp, -16
core   0: 3 0x80007418 (0x717d) x 2 0x77880336
core   0: 0x8000741a (0xae827c13) andi    s8, tp, -1304
core   0: 3 0x8000741a (0xae827c13) x24 0x00000000
core   0: 0x8000741e (0x00000001) c.nop
core   0: 3 0x8000741e (0x0001)
core   0: 0x80007420 (0x019eb4b3) sltu    s1, t4, s9
core   0: 3 0x80007420 (0x019eb4b3) x 9 0x00000001
core   0: 0x80007424 (0x02c4a0b3) mulhsu  ra, s1, a2
core   0: 3 0x80007424 (0x02c4a0b3) x 1 0x00000000
core   0: 0x80007428 (0x00000f86) c.slli  t6, 1
core   0: 3 0x80007428 (0x0f86) x31 0x80000000
core   0: 0x8000742a (0x00b6f9b3) and     s3, a3, a1
core   0: 3 0x8000742a (0x00b6f9b3) x19 0x00000000
core   0: 0x8000742e (0xeb833693) sltiu   a3, t1, -328
core   0: 3 0x8000742e (0xeb833693) x13 0x00000001
core   0: 0x80007432 (0x000081dd) c.srli  a1, 23
core   0: 3 0x80007432 (0x81dd) x11 0x00000000
core   0: 0x80007434 (0x000009d6) c.slli  s3, 21
core   0: 3 0x80007434 (0x09d6) x19 0x00000000
core   0: 0x80007436 (0xd7dc8737) lui     a4, 0xd7dc8
core   0: 3 0x80007436 (0xd7dc8737) x14 0xd7dc8000
core   0: 0x8000743a (0x0000717d) c.addi16sp sp, -16
core   0: 3 0x8000743a (0x717d) x 2 0x77880326
core   0: 0x8000743c (0x00008f71) c.and   a4, a2
core   0: 3 0x8000743c (0x8f71) x14 0x00000000
core   0: 0x8000743e (0x000007f5) c.addi  a5, 29
core   0: 3 0x8000743e (0x07f5) x15 0x22e3e43a
core   0: 0x80007440 (0x022775b3) remu    a1, a4, sp
core   0: 3 0x80007440 (0x022775b3) x11 0x00000000
core   0: 0x80007444 (0x0000671d) c.lui   a4, 0x7
core   0: 3 0x80007444 (0x671d) x14 0x00007000
core   0: 0x80007446 (0x00000a31) c.addi  s4, 12
core   0: 3 0x80007446 (0x0a31) x20 0x8000000c
core   0: 0x80007448 (0x0001f033) and     zero, gp, zero
core   0: 3 0x80007448 (0x0001f033)
core   0: 0x8000744c (0x034a1533) mulh    a0, s4, s4
core   0: 3 0x8000744c (0x034a1533) x10 0x3ffffff4
core   0: 0x80007450 (0x01315233) srl     tp, sp, s3
core   0: 3 0x80007450 (0x01315233) x 4 0x77880326
core   0: 0x80007454 (0x00000001) c.nop
core   0: 3 0x80007454 (0x0001)
core   0: 0x80007456 (0x00001cfd) c.addi  s9, -1
core   0: 3 0x80007456 (0x1cfd) x25 0x00000008
core   0: 0x80007458 (0x00008fb1) c.xor   a5, a2
core   0: 3 0x80007458 (0x8fb1) x15 0x22e3e43a
core   0: 0x8000745a (0x4c947893) andi    a7, s0, 1225
core   0: 3 0x8000745a (0x4c947893) x17 0x00000000
core   0: 0x8000745e (0x007924b3) slt     s1, s2, t2
core   0: 3 0x8000745e (0x007924b3) x 9 0x00000000
core   0: 0x80007462 (0x00008ce5) c.and   s1, s1
core   0: 3 0x80007462 (0x8ce5) x 9 0x00000000
core   0: 0x80007464 (0x031e09b3) mul     s3, t3, a7
core   0: 3 0x80007464 (0x031e09b3) x19 0x00000000
core   0: 0x80007468 (0x00009ee6) c.add   t4, s9
core   0: 3 0x80007468 (0x9ee6) x29 0x00000008
core   0: 0x8000746a (0x000061b9) c.lui   gp, 0xe
core   0: 3 0x8000746a (0x61b9) x 3 0x0000e000
core   0: 0x8000746c (0x00008eed) c.and   a3, a1
core   0: 3 0x8000746c (0x8eed) x13 0x00000000
core   0: 0x8000746e (0x01d4da93) srli    s5, s1, 29
core   0: 3 0x8000746e (0x01d4da93) x21 0x00000000
core   0: 0x80007472 (0x00008f71) c.and   a4, a2
core   0: 3 0x80007472 (0x8f71) x14 0x00000000
core   0: 0x80007474 (0x41d98433) sub     s0, s3, t4
core   0: 3 0x80007474 (0x41d98433) x 8 0xfffffff8
core   0: 0x80007478 (0x000043f1) c.li    t2, 28
core   0: 3 0x80007478 (0x43f1) x 7 0x0000001c
core   0: 0x8000747a (0x00008fd9) c.or    a5, a4
core   0: 3 0x8000747a (0x8fd9) x15 0x22e3e43a
core   0: 0x8000747c (0x9fdf0313) addi    t1, t5, -1539
core   0: 3 0x8000747c (0x9fdf0313) x 6 0xfffff9fd
core   0: 0x80007480 (0x00af70b3) and     ra, t5, a0
core   0: 3 0x80007480 (0x00af70b3) x 1 0x00000000
core   0: 0x80007484 (0x03e5bf33) mulhu   t5, a1, t5
core   0: 3 0x80007484 (0x03e5bf33) x30 0x00000000
core   0: 0x80007488 (0x00006145) c.addi16sp sp, 48
core   0: 3 0x80007488 (0x6145) x 2 0x77880356
core   0: 0x8000748a (0x00000001) c.nop
core   0: 3 0x8000748a (0x0001)
core   0: 0x8000748c (0x40ef55b3) sra     a1, t5, a4
core   0: 3 0x8000748c (0x40ef55b3) x11 0x00000000
core   0: 0x80007490 (0x00008db1) c.xor   a1, a2
core   0: 3 0x80007490 (0x8db1) x11 0x00000000
core   0: 0x80007492 (0x03339233) mulh    tp, t2, s3
core   0: 3 0x80007492 (0x03339233) x 4 0x00000000
core   0: 0x80007496 (0x01f41093) slli    ra, s0, 31
core   0: 3 0x80007496 (0x01f41093) x 1 0x00000000
core   0: 0x8000749a (0x01c8da33) srl     s4, a7, t3
core   0: 3 0x8000749a (0x01c8da33) x20 0x00000000
core   0: 0x8000749e (0x00000001) c.nop
core   0: 3 0x8000749e (0x0001)
core   0: 0x800074a0 (0x00000001) c.nop
core   0: 3 0x800074a0 (0x0001)
core   0: 0x800074a2 (0x027e3fb3) mulhu   t6, t3, t2
core   0: 3 0x800074a2 (0x027e3fb3) x31 0x00000000
core   0: 0x800074a6 (0x0000811d) c.srli  a0, 7
core   0: 3 0x800074a6 (0x811d) x10 0x007fffff
core   0: 0x800074a8 (0x00008ea1) c.xor   a3, s0
core   0: 3 0x800074a8 (0x8ea1) x13 0xfffffff8
core   0: 0x800074aa (0x01ba6d33) or      s10, s4, s11
core   0: 3 0x800074aa (0x01ba6d33) x26 0x00000009
core   0: 0x800074ae (0x001428b3) slt     a7, s0, ra
core   0: 3 0x800074ae (0x001428b3) x17 0x00000001
core   0: 0x800074b2 (0x03b306b3) mul     a3, t1, s11
core   0: 3 0x800074b2 (0x03b306b3) x13 0xffffc9e5
core   0: 0x800074b6 (0x94884f13) xori    t5, a6, -1720
core   0: 3 0x800074b6 (0x94884f13) x30 0x7fff072c
core   0: 0x800074ba (0x00008ff5) c.and   a5, a3
core   0: 3 0x800074ba (0x8ff5) x15 0x22e3c020
core   0: 0x800074bc (0x00008009) c.srli  s0, 2
core   0: 3 0x800074bc (0x8009) x 8 0x3ffffffe
core   0: 0x800074be (0x400dd913) srai    s2, s11, 0
core   0: 3 0x800074be (0x400dd913) x18 0x00000009
core   0: 0x800074c2 (0xe7dcb293) sltiu   t0, s9, -387
core   0: 3 0x800074c2 (0xe7dcb293) x 5 0x00000001
core   0: 0x800074c6 (0x0000909e) c.add   ra, t2
core   0: 3 0x800074c6 (0x909e) x 1 0x0000001c
core   0: 0x800074c8 (0x000091de) c.add   gp, s7
core   0: 3 0x800074c8 (0x91de) x 3 0x80021ce4
core   0: 0x800074ca (0x0564f913) andi    s2, s1, 86
core   0: 3 0x800074ca (0x0564f913) x18 0x00000000
core   0: 0x800074ce (0x00008ef5) c.and   a3, a3
core   0: 3 0x800074ce (0x8ef5) x13 0xffffc9e5
core   0: 0x800074d0 (0x00008c0e) c.mv    s8, gp
core   0: 3 0x800074d0 (0x8c0e) x24 0x80021ce4
core   0: 0x800074d2 (0x90acc793) xori    a5, s9, -1782
core   0: 3 0x800074d2 (0x90acc793) x15 0xfffff902
core   0: 0x800074d6 (0x00304db3) xor     s11, zero, gp
core   0: 3 0x800074d6 (0x00304db3) x27 0x80021ce4
core   0: 0x800074da (0x9a540a93) addi    s5, s0, -1627
core   0: 3 0x800074da (0x9a540a93) x21 0x3ffff9a3
core   0: 0x800074de (0xd2d46693) ori     a3, s0, -723
core   0: 3 0x800074de (0xd2d46693) x13 0xffffffff
core   0: 0x800074e2 (0x7dd98093) addi    ra, s3, 2013
core   0: 3 0x800074e2 (0x7dd98093) x 1 0x000007dd
core   0: 0x800074e6 (0x3d168a17) auipc   s4, 0x3d168
core   0: 3 0x800074e6 (0x3d168a17) x20 0xbd16f4e6
core   0: 0x800074ea (0x0128afb3) slt     t6, a7, s2
core   0: 3 0x800074ea (0x0128afb3) x31 0x00000000
core   0: 0x800074ee (0x00034333) xor     t1, t1, zero
core   0: 3 0x800074ee (0x00034333) x 6 0xfffff9fd
core   0: 0x800074f2 (0xf38f2237) lui     tp, 0xf38f2
core   0: 3 0x800074f2 (0xf38f2237) x 4 0xf38f2000
core   0: 0x800074f6 (0x41c105b3) sub     a1, sp, t3
core   0: 3 0x800074f6 (0x41c105b3) x11 0x77877356
core   0: 0x800074fa (0x02db3c33) mulhu   s8, s6, a3
core   0: 3 0x800074fa (0x02db3c33) x24 0x0000000d
core   0: 0x800074fe (0xd55c8013) addi    zero, s9, -683
core   0: 3 0x800074fe (0xd55c8013)
core   0: 0x80007502 (0x00008d05) c.sub   a0, s1
core   0: 3 0x80007502 (0x8d05) x10 0x007fffff
core   0: 0x80007504 (0x03626533) rem     a0, tp, s6
core   0: 3 0x80007504 (0x03626533) x10 0xfffffff4
core   0: 0x80007508 (0x028f5cb3) divu    s9, t5, s0
core   0: 3 0x80007508 (0x028f5cb3) x25 0x00000001
core   0: 0x8000750c (0x2422ee97) auipc   t4, 0x2422e
core   0: 3 0x8000750c (0x2422ee97) x29 0xa423550c
core   0: 0x80007510 (0x0010ea33) or      s4, ra, ra
core   0: 3 0x80007510 (0x0010ea33) x20 0x000007dd
core   0: 0x80007514 (0x00008236) c.mv    tp, a3
core   0: 3 0x80007514 (0x8236) x 4 0xffffffff
core   0: 0x80007516 (0x00000001) c.nop
core   0: 3 0x80007516 (0x0001)
core   0: 0x80007518 (0x00ed7433) and     s0, s10, a4
core   0: 3 0x80007518 (0x00ed7433) x 8 0x00000000
core   0: 0x8000751c (0x000096be) c.add   a3, a5
core   0: 3 0x8000751c (0x96be) x13 0xfffff901
core   0: 0x8000751e (0x0000809d) c.srli  s1, 7
core   0: 3 0x8000751e (0x809d) x 9 0x00000000
core   0: 0x80007520 (0x000098fd) c.andi  s1, -1
core   0: 3 0x80007520 (0x98fd) x 9 0x00000000
core   0: 0x80007522 (0x00008f51) c.or    a4, a2
core   0: 3 0x80007522 (0x8f51) x14 0x00000000
core   0: 0x80007524 (0x0192ea33) or      s4, t0, s9
core   0: 3 0x80007524 (0x0192ea33) x20 0x00000001
core   0: 0x80007528 (0x00b84f33) xor     t5, a6, a1
core   0: 3 0x80007528 (0x00b84f33) x30 0xf7878d32
core   0: 0x8000752c (0x035a1433) mulh    s0, s4, s5
core   0: 3 0x8000752c (0x035a1433) x 8 0x00000000
core   0: 0x80007530 (0x02c31cb3) mulh    s9, t1, a2
core   0: 3 0x80007530 (0x02c31cb3) x25 0x00000000
core   0: 0x80007534 (0x01902fb3) slt     t6, zero, s9
core   0: 3 0x80007534 (0x01902fb3) x31 0x00000000
core   0: 0x80007538 (0x00f8aa33) slt     s4, a7, a5
core   0: 3 0x80007538 (0x00f8aa33) x20 0x00000000
core   0: 0x8000753c (0x00006175) c.addi16sp sp, 368
core   0: 3 0x8000753c (0x6175) x 2 0x778804c6
core   0: 0x8000753e (0x00ca19b3) sll     s3, s4, a2
core   0: 3 0x8000753e (0x00ca19b3) x19 0x00000000
core   0: 0x80007542 (0x40ebdeb3) sra     t4, s7, a4
core   0: 3 0x80007542 (0x40ebdeb3) x29 0x80013ce4
core   0: 0x80007546 (0xb7fd0193) addi    gp, s10, -1153
core   0: 3 0x80007546 (0xb7fd0193) x 3 0xfffffb88
core   0: 0x8000754a (0x02473233) mulhu   tp, a4, tp
core   0: 3 0x8000754a (0x02473233) x 4 0x00000000
core   0: 0x8000754e (0x0325eeb3) rem     t4, a1, s2
core   0: 3 0x8000754e (0x0325eeb3) x29 0x77877356
core   0: 0x80007552 (0x02f48933) mul     s2, s1, a5
core   0: 3 0x80007552 (0x02f48933) x18 0x00000000
core   0: 0x80007556 (0x05abcc93) xori    s9, s7, 90
core   0: 3 0x80007556 (0x05abcc93) x25 0x80013cbe
core   0: 0x8000755a (0x00008c0d) c.sub   s0, a1
core   0: 3 0x8000755a (0x8c0d) x 8 0x88788caa
core   0: 0x8000755c (0x00000001) c.nop
core   0: 3 0x8000755c (0x0001)
core   0: 0x8000755e (0x01214633) xor     a2, sp, s2
core   0: 3 0x8000755e (0x01214633) x12 0x778804c6
core   0: 0x80007562 (0x0000834d) c.srli  a4, 19
core   0: 3 0x80007562 (0x834d) x14 0x00000000
core   0: 0x80007564 (0x03e65333) divu    t1, a2, t5
core   0: 3 0x80007564 (0x03e65333) x 6 0x00000000
core   0: 0x80007568 (0x033f0633) mul     a2, t5, s3
core   0: 3 0x80007568 (0x033f0633) x12 0x00000000
core   0: 0x8000756c (0xbf702993) slti    s3, zero, -1033
core   0: 3 0x8000756c (0xbf702993) x19 0x00000000
core   0: 0x80007570 (0x0000802d) c.srli  s0, 11
core   0: 3 0x80007570 (0x802d) x 8 0x00110f11
core   0: 0x80007572 (0x00008d85) c.sub   a1, s1
core   0: 3 0x80007572 (0x8d85) x11 0x77877356
core   0: 0x80007574 (0x000098de) c.add   a7, s7
core   0: 3 0x80007574 (0x98de) x17 0x80013ce5
core   0: 0x80007576 (0x00000001) c.nop
core   0: 3 0x80007576 (0x0001)
core   0: 0x80007578 (0x032bfcb3) remu    s9, s7, s2
core   0: 3 0x80007578 (0x032bfcb3) x25 0x80013ce4
core   0: 0x8000757c (0x4087d693) srai    a3, a5, 8
core   0: 3 0x8000757c (0x4087d693) x13 0xfffffff9
core   0: 0x80007580 (0x00480133) add     sp, a6, tp
core   0: 3 0x80007580 (0x00480133) x 2 0x8000fe64
core   0: 0x80007584 (0x00ba5cb3) srl     s9, s4, a1
core   0: 3 0x80007584 (0x00ba5cb3) x25 0x00000000
core   0: 0x80007588 (0x8ccfb313) sltiu   t1, t6, -1844
core   0: 3 0x80007588 (0x8ccfb313) x 6 0x00000001
core   0: 0x8000758c (0x0134afb3) slt     t6, s1, s3
core   0: 3 0x8000758c (0x0134afb3) x31 0x00000000
core   0: 0x80007590 (0x006daab3) slt     s5, s11, t1
core   0: 3 0x80007590 (0x006daab3) x21 0x00000001
core   0: 0x80007594 (0x000042ed) c.li    t0, 27
core   0: 3 0x80007594 (0x42ed) x 5 0x0000001b
core   0: 0x80007596 (0x01341233) sll     tp, s0, s3
core   0: 3 0x80007596 (0x01341233) x 4 0x00110f11
core   0: 0x8000759a (0x40c902b3) sub     t0, s2, a2
core   0: 3 0x8000759a (0x40c902b3) x 5 0x00000000
core   0: 0x8000759e (0x00000e04) c.addi4spn s1, sp, 784
core   0: 3 0x8000759e (0x0e04) x 9 0x80010174
core   0: 0x800075a0 (0x2b942293) slti    t0, s0, 697
core   0: 3 0x800075a0 (0x2b942293) x 5 0x00000000
core   0: 0x800075a4 (0x028048b3) div     a7, zero, s0
core   0: 3 0x800075a4 (0x028048b3) x17 0x00000000
core   0: 0x800075a8 (0x0209bc33) mulhu   s8, s3, zero
core   0: 3 0x800075a8 (0x0209bc33) x24 0x00000000
core   0: 0x800075ac (0x00008d35) c.xor   a0, a3
core   0: 3 0x800075ac (0x8d35) x10 0x0000000d
core   0: 0x800075ae (0x40b45a13) srai    s4, s0, 11
core   0: 3 0x800075ae (0x40b45a13) x20 0x00000221
core   0: 0x800075b2 (0x00008ea5) c.xor   a3, s1
core   0: 3 0x800075b2 (0x8ea5) x13 0x7ffefe8d
core   0: 0x800075b4 (0x00008f8d) c.sub   a5, a1
core   0: 3 0x800075b4 (0x8f8d) x15 0x887885ac
core   0: 0x800075b6 (0x00000001) c.nop
core   0: 3 0x800075b6 (0x0001)
core   0: 0x800075b8 (0x03b6f933) remu    s2, a3, s11
core   0: 3 0x800075b8 (0x03b6f933) x18 0x7ffefe8d
core   0: 0x800075bc (0x035341b3) div     gp, t1, s5
core   0: 3 0x800075bc (0x035341b3) x 3 0x00000001
core   0: 0x800075c0 (0x03d780b3) mul     ra, a5, t4
core   0: 3 0x800075c0 (0x03d780b3) x 1 0x6e3d2bc8
core   0: 0x800075c4 (0x0000997d) c.andi  a0, -1
core   0: 3 0x800075c4 (0x997d) x10 0x0000000d
core   0: 0x800075c6 (0x0000836d) c.srli  a4, 27
core   0: 3 0x800075c6 (0x836d) x14 0x00000000
core   0: 0x800075c8 (0x000044dd) c.li    s1, 23
core   0: 3 0x800075c8 (0x44dd) x 9 0x00000017
core   0: 0x800075ca (0x00008589) c.srai  a1, 2
core   0: 3 0x800075ca (0x8589) x11 0x1de1dcd5
core   0: 0x800075cc (0x035cf233) remu    tp, s9, s5
core   0: 3 0x800075cc (0x035cf233) x 4 0x00000000
core   0: 0x800075d0 (0x0000948e) c.add   s1, gp
core   0: 3 0x800075d0 (0x948e) x 9 0x00000018
core   0: 0x800075d2 (0x9be22193) slti    gp, tp, -1602
core   0: 3 0x800075d2 (0x9be22193) x 3 0x00000000
core   0: 0x800075d6 (0x00008ec9) c.or    a3, a0
core   0: 3 0x800075d6 (0x8ec9) x13 0x7ffefe8d
core   0: 0x800075d8 (0x3cccfa93) andi    s5, s9, 972
core   0: 3 0x800075d8 (0x3cccfa93) x21 0x00000000
core   0: 0x800075dc (0x02daf5b3) remu    a1, s5, a3
core   0: 3 0x800075dc (0x02daf5b3) x11 0x00000000
core   0: 0x800075e0 (0x4080b193) sltiu   gp, ra, 1032
core   0: 3 0x800075e0 (0x4080b193) x 3 0x00000000
core   0: 0x800075e4 (0x00008fe5) c.and   a5, s1
core   0: 3 0x800075e4 (0x8fe5) x15 0x00000008
core   0: 0x800075e6 (0x006dac33) slt     s8, s11, t1
core   0: 3 0x800075e6 (0x006dac33) x24 0x00000001
core   0: 0x800075ea (0x00008bdd) c.andi  a5, 23
core   0: 3 0x800075ea (0x8bdd) x15 0x00000000
core   0: 0x800075ec (0x7ff0c613) xori    a2, ra, 2047
core   0: 3 0x800075ec (0x7ff0c613) x12 0x6e3d2c37
core   0: 0x800075f0 (0x0000547d) c.li    s0, -1
core   0: 3 0x800075f0 (0x547d) x 8 0xffffffff
core   0: 0x800075f2 (0x00001714) c.addi4spn a3, sp, 928
core   0: 3 0x800075f2 (0x1714) x13 0x80010204
core   0: 0x800075f4 (0x74fd0013) addi    zero, s10, 1871
core   0: 3 0x800075f4 (0x74fd0013)
core   0: 0x800075f8 (0x00aa8333) add     t1, s5, a0
core   0: 3 0x800075f8 (0x00aa8333) x 6 0x0000000d
core   0: 0x800075fc (0x02c75eb3) divu    t4, a4, a2
core   0: 3 0x800075fc (0x02c75eb3) x29 0x00000000
core   0: 0x80007600 (0x006ddeb3) srl     t4, s11, t1
core   0: 3 0x80007600 (0x006ddeb3) x29 0x00040010
core   0: 0x80007604 (0x4020da33) sra     s4, ra, sp
core   0: 3 0x80007604 (0x4020da33) x20 0x06e3d2bc
core   0: 0x80007608 (0x000a3913) sltiu   s2, s4, 0
core   0: 3 0x80007608 (0x000a3913) x18 0x00000000
core   0: 0x8000760c (0x00009992) c.add   s3, tp
core   0: 3 0x8000760c (0x9992) x19 0x00000000
core   0: 0x8000760e (0x00000001) c.nop
core   0: 3 0x8000760e (0x0001)
core   0: 0x80007610 (0x00008d55) c.or    a0, a3
core   0: 3 0x80007610 (0x8d55) x10 0x8001020d
core   0: 0x80007612 (0x00004fc9) c.li    t6, 18
core   0: 3 0x80007612 (0x4fc9) x31 0x00000012
core   0: 0x80007614 (0x00005a7d) c.li    s4, -1
core   0: 3 0x80007614 (0x5a7d) x20 0xffffffff
core   0: 0x80007616 (0xc0c73513) sltiu   a0, a4, -1012
core   0: 3 0x80007616 (0xc0c73513) x10 0x00000001
core   0: 0x8000761a (0x03391233) mulh    tp, s2, s3
core   0: 3 0x8000761a (0x03391233) x 4 0x00000000
core   0: 0x8000761e (0x00008c99) c.sub   s1, a4
core   0: 3 0x8000761e (0x8c99) x 9 0x00000018
core   0: 0x80007620 (0x03bfce33) div     t3, t6, s11
core   0: 3 0x80007620 (0x03bfce33) x28 0x00000000
core   0: 0x80007624 (0x411eda93) srai    s5, t4, 17
core   0: 3 0x80007624 (0x411eda93) x21 0x00000002
core   0: 0x80007628 (0x417e0c33) sub     s8, t3, s7
core   0: 3 0x80007628 (0x417e0c33) x24 0x7ffec31c
core   0: 0x8000762c (0x012962b3) or      t0, s2, s2
core   0: 3 0x8000762c (0x012962b3) x 5 0x00000000
core   0: 0x80007630 (0x01418033) add     zero, gp, s4
core   0: 3 0x80007630 (0x01418033)
core   0: 0x80007634 (0x01bd5e33) srl     t3, s10, s11
core   0: 3 0x80007634 (0x01bd5e33) x28 0x00000000
core   0: 0x80007638 (0x7aee4593) xori    a1, t3, 1966
core   0: 3 0x80007638 (0x7aee4593) x11 0x000007ae
core   0: 0x8000763c (0x00008109) c.srli  a0, 2
core   0: 3 0x8000763c (0x8109) x10 0x00000000
core   0: 0x8000763e (0x000089ba) c.mv    s3, a4
core   0: 3 0x8000763e (0x89ba) x19 0x00000000
core   0: 0x80007640 (0x03982133) mulhsu  sp, a6, s9
core   0: 3 0x80007640 (0x03982133) x 2 0x00000000
core   0: 0x80007644 (0x01ee3133) sltu    sp, t3, t5
core   0: 3 0x80007644 (0x01ee3133) x 2 0x00000001
core   0: 0x80007648 (0x0000845d) c.srai  s0, 23
core   0: 3 0x80007648 (0x845d) x 8 0xffffffff
core   0: 0x8000764a (0x01aafcb3) and     s9, s5, s10
core   0: 3 0x8000764a (0x01aafcb3) x25 0x00000000
core   0: 0x8000764e (0x973eff93) andi    t6, t4, -1677
core   0: 3 0x8000764e (0x973eff93) x31 0x00040010
core   0: 0x80007652 (0x0000838d) c.srli  a5, 3
core   0: 3 0x80007652 (0x838d) x15 0x00000000
core   0: 0x80007654 (0x000055fd) c.li    a1, -1
core   0: 3 0x80007654 (0x55fd) x11 0xffffffff
core   0: 0x80007656 (0x15278793) addi    a5, a5, 338
core   0: 3 0x80007656 (0x15278793) x15 0x00000152
core   0: 0x8000765a (0x7a954ab7) lui     s5, 0x7a954
core   0: 3 0x8000765a (0x7a954ab7) x21 0x7a954000
core   0: 0x8000765e (0x0000717d) c.addi16sp sp, -16
core   0: 3 0x8000765e (0x717d) x 2 0xfffffff1
core   0: 0x80007660 (0x017f5313) srli    t1, t5, 23
core   0: 3 0x80007660 (0x017f5313) x 6 0x000001ef
core   0: 0x80007664 (0x01799f33) sll     t5, s3, s7
core   0: 3 0x80007664 (0x01799f33) x30 0x00000000
core   0: 0x80007668 (0x014d9f93) slli    t6, s11, 20
core   0: 3 0x80007668 (0x014d9f93) x31 0xce400000
core   0: 0x8000766c (0xc5790513) addi    a0, s2, -937
core   0: 3 0x8000766c (0xc5790513) x10 0xfffffc57
core   0: 0x80007670 (0x5fabb193) sltiu   gp, s7, 1530
core   0: 3 0x80007670 (0x5fabb193) x 3 0x00000000
core   0: 0x80007674 (0x038cd033) divu    zero, s9, s8
core   0: 3 0x80007674 (0x038cd033)
core   0: 0x80007678 (0x00004601) c.li    a2, 0
core   0: 3 0x80007678 (0x4601) x12 0x00000000
core   0: 0x8000767a (0x7cb90c37) lui     s8, 0x7cb90
core   0: 3 0x8000767a (0x7cb90c37) x24 0x7cb90000
core   0: 0x8000767e (0x3d3c0c13) addi    s8, s8, 979
core   0: 3 0x8000767e (0x3d3c0c13) x24 0x7cb903d3
core   0: 0x80007682 (0x800004b7) lui     s1, 0x80000
core   0: 3 0x80007682 (0x800004b7) x 9 0x80000000
core   0: 0x80007686 (0x800003b7) lui     t2, 0x80000
core   0: 3 0x80007686 (0x800003b7) x 7 0x80000000
core   0: 0x8000768a (0x800008b7) lui     a7, 0x80000
core   0: 3 0x8000768a (0x800008b7) x17 0x80000000
core   0: 0x8000768e (0x80000937) lui     s2, 0x80000
core   0: 3 0x8000768e (0x80000937) x18 0x80000000
core   0: 0x80007692 (0x80000d37) lui     s10, 0x80000
core   0: 3 0x80007692 (0x80000d37) x26 0x80000000
core   0: 0x80007696 (0x00004e01) c.li    t3, 0
core   0: 3 0x80007696 (0x4e01) x28 0x00000000
core   0: 0x80007698 (0x800002b7) lui     t0, 0x80000
core   0: 3 0x80007698 (0x800002b7) x 5 0x80000000
core   0: 0x8000769c (0x80000db7) lui     s11, 0x80000
core   0: 3 0x8000769c (0x80000db7) x27 0x80000000
core   0: 0x800076a0 (0x41b88d33) sub     s10, a7, s11
core   0: 3 0x800076a0 (0x41b88d33) x26 0x00000000
core   0: 0x800076a4 (0x029dddb3) divu    s11, s11, s1
core   0: 3 0x800076a4 (0x029dddb3) x27 0x00000001
core   0: 0x800076a8 (0x411e0d33) sub     s10, t3, a7
core   0: 3 0x800076a8 (0x411e0d33) x26 0x80000000
core   0: 0x800076ac (0x02ce02b3) mul     t0, t3, a2
core   0: 3 0x800076ac (0x02ce02b3) x 5 0x00000000
core   0: 0x800076b0 (0x02cd92b3) mulh    t0, s11, a2
core   0: 3 0x800076b0 (0x02cd92b3) x 5 0x00000000
core   0: 0x800076b4 (0x5e3d8393) addi    t2, s11, 1507
core   0: 3 0x800076b4 (0x5e3d8393) x 7 0x000005e4
core   0: 0x800076b8 (0x0382e4b3) rem     s1, t0, s8
core   0: 3 0x800076b8 (0x0382e4b3) x 9 0x00000000
core   0: 0x800076bc (0xcc938293) addi    t0, t2, -823
core   0: 3 0x800076bc (0xcc938293) x 5 0x000002ad
core   0: 0x800076c0 (0x716c0613) addi    a2, s8, 1814
core   0: 3 0x800076c0 (0x716c0613) x12 0x7cb90ae9
core   0: 0x800076c4 (0x40590d33) sub     s10, s2, t0
core   0: 3 0x800076c4 (0x40590d33) x26 0x7ffffd53
core   0: 0x800076c8 (0x029dee33) rem     t3, s11, s1
core   0: 3 0x800076c8 (0x029dee33) x28 0x00000001
core   0: 0x800076cc (0x027dee33) rem     t3, s11, t2
core   0: 3 0x800076cc (0x027dee33) x28 0x00000001
core   0: 0x800076d0 (0x03c4c633) div     a2, s1, t3
core   0: 3 0x800076d0 (0x03c4c633) x12 0x00000000
core   0: 0x800076d4 (0x0314f3b3) remu    t2, s1, a7
core   0: 3 0x800076d4 (0x0314f3b3) x 7 0x00000000
core   0: 0x800076d8 (0x0388f8b3) remu    a7, a7, s8
core   0: 3 0x800076d8 (0x0388f8b3) x17 0x0346fc2d
core   0: 0x800076dc (0x82aa4e37) lui     t3, 0x82aa4
core   0: 3 0x800076dc (0x82aa4e37) x28 0x82aa4000
core   0: 0x800076e0 (0xdc724e37) lui     t3, 0xdc724
core   0: 3 0x800076e0 (0xdc724e37) x28 0xdc724000
core   0: 0x800076e4 (0x93890493) addi    s1, s2, -1736
core   0: 3 0x800076e4 (0x93890493) x 9 0x7ffff938
core   0: 0x800076e8 (0x03a8c633) div     a2, a7, s10
core   0: 3 0x800076e8 (0x03a8c633) x12 0x00000000
core   0: 0x800076ec (0x196c0893) addi    a7, s8, 406
core   0: 3 0x800076ec (0x196c0893) x17 0x7cb90569
core   0: 0x800076f0 (0x0293a8b3) mulhsu  a7, t2, s1
core   0: 3 0x800076f0 (0x0293a8b3) x17 0x00000000
core   0: 0x800076f4 (0x03fcb7b3) mulhu   a5, s9, t6
core   0: 3 0x800076f4 (0x03fcb7b3) x15 0x00000000
core   0: 0x800076f8 (0x026512b3) mulh    t0, a0, t1
core   0: 3 0x800076f8 (0x026512b3) x 5 0xffffffff
core   0: 0x800076fc (0x00008195) c.srli  a1, 5
core   0: 3 0x800076fc (0x8195) x11 0x07ffffff
core   0: 0x800076fe (0x842c2f93) slti    t6, s8, -1982
core   0: 3 0x800076fe (0x842c2f93) x31 0x00000000
core   0: 0x80007702 (0x01ecc2b3) xor     t0, s9, t5
core   0: 3 0x80007702 (0x01ecc2b3) x 5 0x00000000
core   0: 0x80007706 (0x00498533) add     a0, s3, tp
core   0: 3 0x80007706 (0x00498533) x10 0x00000000
core   0: 0x8000770a (0xc4f9e213) ori     tp, s3, -945
core   0: 3 0x8000770a (0xc4f9e213) x 4 0xfffffc4f
core   0: 0x8000770e (0x0290e333) rem     t1, ra, s1
core   0: 3 0x8000770e (0x0290e333) x 6 0x6e3d2bc8
core   0: 0x80007712 (0x018d83b3) add     t2, s11, s8
core   0: 3 0x80007712 (0x018d83b3) x 7 0x7cb903d4
core   0: 0x80007716 (0x0000027e) c.slli  tp, 31
core   0: 3 0x80007716 (0x027e) x 4 0x80000000
core   0: 0x80007718 (0x03f4dfb3) divu    t6, s1, t6
core   0: 3 0x80007718 (0x03f4dfb3) x31 0xffffffff
core   0: 0x8000771c (0x00d89e33) sll     t3, a7, a3
core   0: 3 0x8000771c (0x00d89e33) x28 0x00000000
core   0: 0x80007720 (0x00089f93) slli    t6, a7, 0
core   0: 3 0x80007720 (0x00089f93) x31 0x00000000
core   0: 0x80007724 (0x0000813d) c.srli  a0, 15
core   0: 3 0x80007724 (0x813d) x10 0x00000000
core   0: 0x80007726 (0x012349b3) xor     s3, t1, s2
core   0: 3 0x80007726 (0x012349b3) x19 0xee3d2bc8
core   0: 0x8000772a (0x000080dd) c.srli  s1, 23
core   0: 3 0x8000772a (0x80dd) x 9 0x000000ff
core   0: 0x8000772c (0xec0f54b7) lui     s1, 0xec0f5
core   0: 3 0x8000772c (0xec0f54b7) x 9 0xec0f5000
core   0: 0x80007730 (0x03c8c3b3) div     t2, a7, t3
core   0: 3 0x80007730 (0x03c8c3b3) x 7 0xffffffff
core   0: 0x80007734 (0x000083e9) c.srli  a5, 26
core   0: 3 0x80007734 (0x83e9) x15 0x00000000
core   0: 0x80007736 (0xc1677c13) andi    s8, a4, -1002
core   0: 3 0x80007736 (0xc1677c13) x24 0x00000000
core   0: 0x8000773a (0x023dbc33) mulhu   s8, s11, gp
core   0: 3 0x8000773a (0x023dbc33) x24 0x00000000
core   0: 0x8000773e (0x00008cf1) c.and   s1, a2
core   0: 3 0x8000773e (0x8cf1) x 9 0x00000000
core   0: 0x80007740 (0x00008e1d) c.sub   a2, a5
core   0: 3 0x80007740 (0x8e1d) x12 0x00000000
core   0: 0x80007742 (0x01af13b3) sll     t2, t5, s10
core   0: 3 0x80007742 (0x01af13b3) x 7 0x00000000
core   0: 0x80007746 (0x00008fd9) c.or    a5, a4
core   0: 3 0x80007746 (0x8fd9) x15 0x00000000
core   0: 0x80007748 (0x0000040a) c.slli  s0, 2
core   0: 3 0x80007748 (0x040a) x 8 0xfffffffc
core   0: 0x8000774a (0x026e3533) mulhu   a0, t3, t1
core   0: 3 0x8000774a (0x026e3533) x10 0x00000000
core   0: 0x8000774e (0x015fafb3) slt     t6, t6, s5
core   0: 3 0x8000774e (0x015fafb3) x31 0x00000001
core   0: 0x80007752 (0x000065cd) c.lui   a1, 0x13
core   0: 3 0x80007752 (0x65cd) x11 0x00013000
core   0: 0x80007754 (0xcd038113) addi    sp, t2, -816
core   0: 3 0x80007754 (0xcd038113) x 2 0xfffffcd0
core   0: 0x80007758 (0x038d51b3) divu    gp, s10, s8
core   0: 3 0x80007758 (0x038d51b3) x 3 0xffffffff
core   0: 0x8000775c (0x00008086) c.mv    ra, ra
core   0: 3 0x8000775c (0x8086) x 1 0x6e3d2bc8
core   0: 0x8000775e (0x00008e7d) c.and   a2, a5
core   0: 3 0x8000775e (0x8e7d) x12 0x00000000
core   0: 0x80007760 (0x0000858e) c.mv    a1, gp
core   0: 3 0x80007760 (0x858e) x11 0xffffffff
core   0: 0x80007762 (0x00000001) c.nop
core   0: 3 0x80007762 (0x0001)
core   0: 0x80007764 (0x03524433) div     s0, tp, s5
core   0: 3 0x80007764 (0x03524433) x 8 0xffffffff
core   0: 0x80007768 (0x46f0fd13) andi    s10, ra, 1135
core   0: 3 0x80007768 (0x46f0fd13) x26 0x00000048
core   0: 0x8000776c (0x74658093) addi    ra, a1, 1862
core   0: 3 0x8000776c (0x74658093) x 1 0x00000745
core   0: 0x80007770 (0xc7ccee37) lui     t3, 0xc7cce
core   0: 3 0x80007770 (0xc7ccee37) x28 0xc7cce000
core   0: 0x80007774 (0x03069e33) mulh    t3, a3, a6
core   0: 3 0x80007774 (0x03069e33) x28 0x3ffeffcd
core   0: 0x80007778 (0x010c67b3) or      a5, s8, a6
core   0: 3 0x80007778 (0x010c67b3) x15 0x8000fe64
core   0: 0x8000777c (0x00008d99) c.sub   a1, a4
core   0: 3 0x8000777c (0x8d99) x11 0xffffffff
core   0: 0x8000777e (0x031deeb3) rem     t4, s11, a7
core   0: 3 0x8000777e (0x031deeb3) x29 0x00000001
core   0: 0x80007782 (0x027a1fb3) mulh    t6, s4, t2
core   0: 3 0x80007782 (0x027a1fb3) x31 0x00000000
core   0: 0x80007786 (0x000056fd) c.li    a3, -1
core   0: 3 0x80007786 (0x56fd) x13 0xffffffff
core   0: 0x80007788 (0x00008649) c.srai  a2, 18
core   0: 3 0x80007788 (0x8649) x12 0x00000000
core   0: 0x8000778a (0x02af4133) div     sp, t5, a0
core   0: 3 0x8000778a (0x02af4133) x 2 0xffffffff
core   0: 0x8000778e (0x0260bf33) mulhu   t5, ra, t1
core   0: 3 0x8000778e (0x0260bf33) x30 0x00000321
core   0: 0x80007792 (0x0000717d) c.addi16sp sp, -16
core   0: 3 0x80007792 (0x717d) x 2 0xffffffef
core   0: 0x80007794 (0x038f4f33) div     t5, t5, s8
core   0: 3 0x80007794 (0x038f4f33) x30 0xffffffff
core   0: 0x80007798 (0x33506613) ori     a2, zero, 821
core   0: 3 0x80007798 (0x33506613) x12 0x00000335
core   0: 0x8000779c (0x132e7413) andi    s0, t3, 306
core   0: 3 0x8000779c (0x132e7413) x 8 0x00000100
core   0: 0x800077a0 (0x00000001) c.nop
core   0: 3 0x800077a0 (0x0001)
core   0: 0x800077a2 (0xb4394c93) xori    s9, s2, -1213
core   0: 3 0x800077a2 (0xb4394c93) x25 0x7ffffb43
core   0: 0x800077a6 (0x3f66d017) auipc   zero, 0x3f66d
core   0: 3 0x800077a6 (0x3f66d017)
core   0: 0x800077aa (0x037308b3) mul     a7, t1, s7
core   0: 3 0x800077aa (0x037308b3) x17 0xb085de20
core   0: 0x800077ae (0x00000001) c.nop
core   0: 3 0x800077ae (0x0001)
core   0: 0x800077b0 (0x0000817a) c.mv    sp, t5
core   0: 3 0x800077b0 (0x817a) x 2 0xffffffff
core   0: 0x800077b2 (0x004645b3) xor     a1, a2, tp
core   0: 3 0x800077b2 (0x004645b3) x11 0x80000335
core   0: 0x800077b6 (0x024bec33) rem     s8, s7, tp
core   0: 3 0x800077b6 (0x024bec33) x24 0x80013ce4
core   0: 0x800077ba (0x00000001) c.nop
core   0: 3 0x800077ba (0x0001)
core   0: 0x800077bc (0x000085d9) c.srai  a1, 22
core   0: 3 0x800077bc (0x85d9) x11 0xfffffe00
core   0: 0x800077be (0x4102dcb3) sra     s9, t0, a6
core   0: 3 0x800077be (0x4102dcb3) x25 0x00000000
core   0: 0x800077c2 (0x00008f79) c.and   a4, a4
core   0: 3 0x800077c2 (0x8f79) x14 0x00000000
core   0: 0x800077c4 (0x5c340413) addi    s0, s0, 1475
core   0: 3 0x800077c4 (0x5c340413) x 8 0x000006c3
core   0: 0x800077c8 (0x02ab82b3) mul     t0, s7, a0
core   0: 3 0x800077c8 (0x02ab82b3) x 5 0x00000000
core   0: 0x800077cc (0x00008f9d) c.sub   a5, a5
core   0: 3 0x800077cc (0x8f9d) x15 0x00000000
core   0: 0x800077ce (0x00008e69) c.and   a2, a0
core   0: 3 0x800077ce (0x8e69) x12 0x00000000
core   0: 0x800077d0 (0x0381a533) mulhsu  a0, gp, s8
core   0: 3 0x800077d0 (0x0381a533) x10 0xffffffff
core   0: 0x800077d4 (0x9d753393) sltiu   t2, a0, -1577
core   0: 3 0x800077d4 (0x9d753393) x 7 0x00000000
core   0: 0x800077d8 (0x00009c1e) c.add   s8, t2
core   0: 3 0x800077d8 (0x9c1e) x24 0x80013ce4
core   0: 0x800077da (0x00000001) c.nop
core   0: 3 0x800077da (0x0001)
core   0: 0x800077dc (0x01d7d913) srli    s2, a5, 29
core   0: 3 0x800077dc (0x01d7d913) x18 0x00000000
core   0: 0x800077e0 (0x02dc4db3) div     s11, s8, a3
core   0: 3 0x800077e0 (0x02dc4db3) x27 0x7ffec31c
core   0: 0x800077e4 (0x0377f937) lui     s2, 0x377f
core   0: 3 0x800077e4 (0x0377f937) x18 0x0377f000
core   0: 0x800077e8 (0x00001880) c.addi4spn s0, sp, 112
core   0: 3 0x800077e8 (0x1880) x 8 0x0000006f
core   0: 0x800077ea (0x00006425) c.lui   s0, 0x9
core   0: 3 0x800077ea (0x6425) x 8 0x00009000
core   0: 0x800077ec (0x76dec397) auipc   t2, 0x76dec
core   0: 3 0x800077ec (0x76dec397) x 7 0xf6df37ec
core   0: 0x800077f0 (0x00998a33) add     s4, s3, s1
core   0: 3 0x800077f0 (0x00998a33) x20 0xee3d2bc8
core   0: 0x800077f4 (0x598a8d13) addi    s10, s5, 1432
core   0: 3 0x800077f4 (0x598a8d13) x26 0x7a954598
core   0: 0x800077f8 (0x00006155) c.addi16sp sp, 304
core   0: 3 0x800077f8 (0x6155) x 2 0x0000012f
core   0: 0x800077fa (0x01289a33) sll     s4, a7, s2
core   0: 3 0x800077fa (0x01289a33) x20 0xb085de20
core   0: 0x800077fe (0x00000001) c.nop
core   0: 3 0x800077fe (0x0001)
core   0: 0x80007800 (0x00008c4d) c.or    s0, a1
core   0: 3 0x80007800 (0x8c4d) x 8 0xfffffe00
core   0: 0x80007802 (0x02e8aeb3) mulhsu  t4, a7, a4
core   0: 3 0x80007802 (0x02e8aeb3) x29 0x00000000
core   0: 0x80007806 (0x0000987d) c.andi  s0, -1
core   0: 3 0x80007806 (0x987d) x 8 0xfffffe00
core   0: 0x80007808 (0x00c775b3) and     a1, a4, a2
core   0: 3 0x80007808 (0x00c775b3) x11 0x00000000
core   0: 0x8000780c (0x0000717d) c.addi16sp sp, -16
core   0: 3 0x8000780c (0x717d) x 2 0x0000011f
core   0: 0x8000780e (0x4531a013) slti    zero, gp, 1107
core   0: 3 0x8000780e (0x4531a013)
core   0: 0x80007812 (0x02ebc033) div     zero, s7, a4
core   0: 3 0x80007812 (0x02ebc033)
core   0: 0x80007816 (0x00008f29) c.xor   a4, a0
core   0: 3 0x80007816 (0x8f29) x14 0xffffffff
core   0: 0x80007818 (0x030b6533) rem     a0, s6, a6
core   0: 3 0x80007818 (0x030b6533) x10 0x0000000e
core   0: 0x8000781c (0x0000672d) c.lui   a4, 0xb
core   0: 3 0x8000781c (0x672d) x14 0x0000b000
core   0: 0x8000781e (0xd2bc1297) auipc   t0, 0xd2bc1
core   0: 3 0x8000781e (0xd2bc1297) x 5 0x52bc881e
core   0: 0x80007822 (0x00000126) c.slli  sp, 9
core   0: 3 0x80007822 (0x0126) x 2 0x00023e00
core   0: 0x80007824 (0x793cea93) ori     s5, s9, 1939
core   0: 3 0x80007824 (0x793cea93) x21 0x00000793
core   0: 0x80007828 (0xb19ac513) xori    a0, s5, -1255
core   0: 3 0x80007828 (0xb19ac513) x10 0xfffffc8a
core   0: 0x8000782c (0x00000304) c.addi4spn s1, sp, 384
core   0: 3 0x8000782c (0x0304) x 9 0x00023f80
core   0: 0x8000782e (0x02d15db3) divu    s11, sp, a3
core   0: 3 0x8000782e (0x02d15db3) x27 0x00000000
core   0: 0x80007832 (0x000087ed) c.srai  a5, 27
core   0: 3 0x80007832 (0x87ed) x15 0x00000000
core   0: 0x80007834 (0x000007a2) c.slli  a5, 8
core   0: 3 0x80007834 (0x07a2) x15 0x00000000
core   0: 0x80007836 (0x4117cc13) xori    s8, a5, 1041
core   0: 3 0x80007836 (0x4117cc13) x24 0x00000411
core   0: 0x8000783a (0x00caf633) and     a2, s5, a2
core   0: 3 0x8000783a (0x00caf633) x12 0x00000000
core   0: 0x8000783e (0x01517d33) and     s10, sp, s5
core   0: 3 0x8000783e (0x01517d33) x26 0x00000600
core   0: 0x80007842 (0x78d97293) andi    t0, s2, 1933
core   0: 3 0x80007842 (0x78d97293) x 5 0x00000000
core   0: 0x80007846 (0x00ab0cb3) add     s9, s6, a0
core   0: 3 0x80007846 (0x00ab0cb3) x25 0xfffffc98
core   0: 0x8000784a (0x40e707b3) sub     a5, a4, a4
core   0: 3 0x8000784a (0x40e707b3) x15 0x00000000
core   0: 0x8000784e (0x02205db3) divu    s11, zero, sp
core   0: 3 0x8000784e (0x02205db3) x27 0x00000000
core   0: 0x80007852 (0x02d85fb3) divu    t6, a6, a3
core   0: 3 0x80007852 (0x02d85fb3) x31 0x00000000
core   0: 0x80007856 (0x00008d59) c.or    a0, a4
core   0: 3 0x80007856 (0x8d59) x10 0xfffffc8a
core   0: 0x80007858 (0x01895cb3) srl     s9, s2, s8
core   0: 3 0x80007858 (0x01895cb3) x25 0x000001bb
core   0: 0x8000785c (0x02018d33) mul     s10, gp, zero
core   0: 3 0x8000785c (0x02018d33) x26 0x00000000
core   0: 0x80007860 (0x41b05d13) srai    s10, zero, 27
core   0: 3 0x80007860 (0x41b05d13) x26 0x00000000
core   0: 0x80007864 (0x00008da5) c.xor   a1, s1
core   0: 3 0x80007864 (0x8da5) x11 0x00023f80
core   0: 0x80007866 (0x0000717d) c.addi16sp sp, -16
core   0: 3 0x80007866 (0x717d) x 2 0x00023df0
core   0: 0x80007868 (0xdacfd497) auipc   s1, 0xdacfd
core   0: 3 0x80007868 (0xdacfd497) x 9 0x5ad04868
core   0: 0x8000786c (0x1672ac17) auipc   s8, 0x1672a
core   0: 3 0x8000786c (0x1672ac17) x24 0x9673186c
core   0: 0x80007870 (0x3e58fc17) auipc   s8, 0x3e58f
core   0: 3 0x80007870 (0x3e58fc17) x24 0xbe596870
core   0: 0x80007874 (0x000089a1) c.andi  a1, 8
core   0: 3 0x80007874 (0x89a1) x11 0x00000000
core   0: 0x80007876 (0x6abb4a93) xori    s5, s6, 1707
core   0: 3 0x80007876 (0x6abb4a93) x21 0x000006a5
core   0: 0x8000787a (0x000084e1) c.srai  s1, 24
core   0: 3 0x8000787a (0x84e1) x 9 0x0000005a
core   0: 0x8000787c (0x0029a0b3) slt     ra, s3, sp
core   0: 3 0x8000787c (0x0029a0b3) x 1 0x00000001
core   0: 0x80007880 (0x00d3fab3) and     s5, t2, a3
core   0: 3 0x80007880 (0x00d3fab3) x21 0xf6df37ec
core   0: 0x80007884 (0x027bb133) mulhu   sp, s7, t2
core   0: 3 0x80007884 (0x027bb133) x 2 0x7b70cd8d
core   0: 0x80007888 (0x0000855d) c.srai  a0, 23
core   0: 3 0x80007888 (0x855d) x10 0xffffffff
core   0: 0x8000788a (0x00008e3d) c.xor   a2, a5
core   0: 3 0x8000788a (0x8e3d) x12 0x00000000
core   0: 0x8000788c (0x02ac70b3) remu    ra, s8, a0
core   0: 3 0x8000788c (0x02ac70b3) x 1 0xbe596870
core   0: 0x80007890 (0x0205a7b3) mulhsu  a5, a1, zero
core   0: 3 0x80007890 (0x0205a7b3) x15 0x00000000
core   0: 0x80007894 (0x000086fd) c.srai  a3, 31
core   0: 3 0x80007894 (0x86fd) x13 0xffffffff
core   0: 0x80007896 (0x00006a09) c.lui   s4, 0x2
core   0: 3 0x80007896 (0x6a09) x20 0x00002000
core   0: 0x80007898 (0x01761d33) sll     s10, a2, s7
core   0: 3 0x80007898 (0x01761d33) x26 0x00000000
core   0: 0x8000789c (0x01efd933) srl     s2, t6, t5
core   0: 3 0x8000789c (0x01efd933) x18 0x00000000
core   0: 0x800078a0 (0x00008e19) c.sub   a2, a4
core   0: 3 0x800078a0 (0x8e19) x12 0xffff5000
core   0: 0x800078a2 (0x0000717d) c.addi16sp sp, -16
core   0: 3 0x800078a2 (0x717d) x 2 0x7b70cd7d
core   0: 0x800078a4 (0x029d6533) rem     a0, s10, s1
core   0: 3 0x800078a4 (0x029d6533) x10 0x00000000
core   0: 0x800078a8 (0x00006af1) c.lui   s5, 0x1c
core   0: 3 0x800078a8 (0x6af1) x21 0x0001c000
core   0: 0x800078aa (0x00008db5) c.xor   a1, a3
core   0: 3 0x800078aa (0x8db5) x11 0xffffffff
core   0: 0x800078ac (0x012f6733) or      a4, t5, s2
core   0: 3 0x800078ac (0x012f6733) x14 0xffffffff
core   0: 0x800078b0 (0x017c7cb3) and     s9, s8, s7
core   0: 3 0x800078b0 (0x017c7cb3) x25 0x80012860
core   0: 0x800078b4 (0x00008e91) c.sub   a3, a2
core   0: 3 0x800078b4 (0x8e91) x13 0x0000afff
core   0: 0x800078b6 (0x00008e51) c.or    a2, a2
core   0: 3 0x800078b6 (0x8e51) x12 0xffff5000
core   0: 0x800078b8 (0x00008cc1) c.or    s1, s0
core   0: 3 0x800078b8 (0x8cc1) x 9 0xfffffe5a
core   0: 0x800078ba (0x02031d33) mulh    s10, t1, zero
core   0: 3 0x800078ba (0x02031d33) x26 0x00000000
core   0: 0x800078be (0x4050d913) srai    s2, ra, 5
core   0: 3 0x800078be (0x4050d913) x18 0xfdf2cb43
core   0: 0x800078c2 (0x0000167d) c.addi  a2, -1
core   0: 3 0x800078c2 (0x167d) x12 0xffff4fff
core   0: 0x800078c4 (0x000090ce) c.add   ra, s3
core   0: 3 0x800078c4 (0x90ce) x 1 0xac969438
core   0: 0x800078c6 (0x012ef033) and     zero, t4, s2
core   0: 3 0x800078c6 (0x012ef033)
core   0: 0x800078ca (0x01632fb3) slt     t6, t1, s6
core   0: 3 0x800078ca (0x01632fb3) x31 0x00000000
core   0: 0x800078ce (0x0006a533) slt     a0, a3, zero
core   0: 3 0x800078ce (0x0006a533) x10 0x00000000
core   0: 0x800078d2 (0x03a6eeb3) rem     t4, a3, s10
core   0: 3 0x800078d2 (0x03a6eeb3) x29 0x0000afff
core   0: 0x800078d6 (0x0086ae33) slt     t3, a3, s0
core   0: 3 0x800078d6 (0x0086ae33) x28 0x00000000
core   0: 0x800078da (0x9ea5a413) slti    s0, a1, -1558
core   0: 3 0x800078da (0x9ea5a413) x 8 0x00000000
core   0: 0x800078de (0x6bb50313) addi    t1, a0, 1723
core   0: 3 0x800078de (0x6bb50313) x 6 0x000006bb
core   0: 0x800078e2 (0x0000517d) c.li    sp, -1
core   0: 3 0x800078e2 (0x517d) x 2 0xffffffff
core   0: 0x800078e4 (0x00b65e33) srl     t3, a2, a1
core   0: 3 0x800078e4 (0x00b65e33) x28 0x00000001
core   0: 0x800078e8 (0x001f07b3) add     a5, t5, ra
core   0: 3 0x800078e8 (0x001f07b3) x15 0xac969437
core   0: 0x800078ec (0x00008676) c.mv    a2, t4
core   0: 3 0x800078ec (0x8676) x12 0x0000afff
core   0: 0x800078ee (0x00009fd2) c.add   t6, s4
core   0: 3 0x800078ee (0x9fd2) x31 0x00002000
core   0: 0x800078f0 (0x00000e71) c.addi  t3, 28
core   0: 3 0x800078f0 (0x0e71) x28 0x0000001d
core   0: 0x800078f2 (0x0d3baf93) slti    t6, s7, 211
core   0: 3 0x800078f2 (0x0d3baf93) x31 0x00000001
core   0: 0x800078f6 (0x03ee9533) mulh    a0, t4, t5
core   0: 3 0x800078f6 (0x03ee9533) x10 0xffffffff
core   0: 0x800078fa (0x0260d5b3) divu    a1, ra, t1
core   0: 3 0x800078fa (0x0260d5b3) x11 0x0019a48f
core   0: 0x800078fe (0x00008d9d) c.sub   a1, a5
core   0: 3 0x800078fe (0x8d9d) x11 0x53831058
core   0: 0x80007900 (0x000091b2) c.add   gp, a2
core   0: 3 0x80007900 (0x91b2) x 3 0x0000affe
core   0: 0x80007902 (0x00000612) c.slli  a2, 4
core   0: 3 0x80007902 (0x0612) x12 0x000afff0
core   0: 0x80007904 (0x60c3ffb7) lui     t6, 0x60c3f
core   0: 3 0x80007904 (0x60c3ffb7) x31 0x60c3f000
core   0: 0x80007908 (0x000062e1) c.lui   t0, 0x18
core   0: 3 0x80007908 (0x62e1) x 5 0x00018000
core   0: 0x8000790a (0x016bf8b3) and     a7, s7, s6
core   0: 3 0x8000790a (0x016bf8b3) x17 0x00000004
core   0: 0x8000790e (0x00001a7d) c.addi  s4, -1
core   0: 3 0x8000790e (0x1a7d) x20 0x00001fff
core   0: 0x80007910 (0x00001708) c.addi4spn a0, sp, 928
core   0: 3 0x80007910 (0x1708) x10 0x0000039f
core   0: 0x80007912 (0x000082a1) c.srli  a3, 8
core   0: 3 0x80007912 (0x82a1) x13 0x000000af
core   0: 0x80007914 (0x014c5193) srli    gp, s8, 20
core   0: 3 0x80007914 (0x014c5193) x 3 0x00000be5
core   0: 0x80007918 (0x0f8cc137) lui     sp, 0xf8cc
core   0: 3 0x80007918 (0x0f8cc137) x 2 0x0f8cc000
core   0: 0x8000791c (0x0000817d) c.srli  a0, 31
core   0: 3 0x8000791c (0x817d) x10 0x00000000
core   0: 0x8000791e (0x01275193) srli    gp, a4, 18
core   0: 3 0x8000791e (0x01275193) x 3 0x00003fff
core   0: 0x80007922 (0x00008e99) c.sub   a3, a4
core   0: 3 0x80007922 (0x8e99) x13 0x000000b0
core   0: 0x80007924 (0x03e310b3) mulh    ra, t1, t5
core   0: 3 0x80007924 (0x03e310b3) x 1 0xffffffff
core   0: 0x80007928 (0x00008fb9) c.xor   a5, a4
core   0: 3 0x80007928 (0x8fb9) x15 0x53696bc8
core   0: 0x8000792a (0xca597313) andi    t1, s2, -859
core   0: 3 0x8000792a (0xca597313) x 6 0xfdf2c801
core   0: 0x8000792e (0x00000001) c.nop
core   0: 3 0x8000792e (0x0001)
core   0: 0x80007930 (0x00000001) c.nop
core   0: 3 0x80007930 (0x0001)
core   0: 0x80007932 (0x000098fd) c.andi  s1, -1
core   0: 3 0x80007932 (0x98fd) x 9 0xfffffe5a
core   0: 0x80007934 (0x05eaa913) slti    s2, s5, 94
core   0: 3 0x80007934 (0x05eaa913) x18 0x00000000
core   0: 0x80007938 (0x00000001) c.nop
core   0: 3 0x80007938 (0x0001)
core   0: 0x8000793a (0xcf982097) auipc   ra, 0xcf982
core   0: 3 0x8000793a (0xcf982097) x 1 0x4f98993a
core   0: 0x8000793e (0x0286efb3) rem     t6, a3, s0
core   0: 3 0x8000793e (0x0286efb3) x31 0x000000b0
core   0: 0x80007942 (0x00001f18) c.addi4spn a4, sp, 944
core   0: 3 0x80007942 (0x1f18) x14 0x0f8cc3b0
core   0: 0x80007944 (0x00006231) c.lui   tp, 0xc
core   0: 3 0x80007944 (0x6231) x 4 0x0000c000
core   0: 0x80007946 (0x000099fd) c.andi  a1, -1
core   0: 3 0x80007946 (0x99fd) x11 0x53831058
core   0: 0x80007948 (0x023b2e33) mulhsu  t3, s6, gp
core   0: 3 0x80007948 (0x023b2e33) x28 0x00000000
core   0: 0x8000794c (0x02e49933) mulh    s2, s1, a4
core   0: 3 0x8000794c (0x02e49933) x18 0xffffffe6
core   0: 0x80007950 (0x08bc0693) addi    a3, s8, 139
core   0: 3 0x80007950 (0x08bc0693) x13 0xbe5968fb
core   0: 0x80007954 (0x00009cea) c.add   s9, s10
core   0: 3 0x80007954 (0x9cea) x25 0x80012860
core   0: 0x80007956 (0x034629b3) mulhsu  s3, a2, s4
core   0: 3 0x80007956 (0x034629b3) x19 0x00000001
core   0: 0x8000795a (0x402e5493) srai    s1, t3, 2
core   0: 3 0x8000795a (0x402e5493) x 9 0x00000000
core   0: 0x8000795e (0x014d79b3) and     s3, s10, s4
core   0: 3 0x8000795e (0x014d79b3) x19 0x00000000
core   0: 0x80007962 (0x03b004b3) mul     s1, zero, s11
core   0: 3 0x80007962 (0x03b004b3) x 9 0x00000000
core   0: 0x80007966 (0x01e19a13) slli    s4, gp, 30
core   0: 3 0x80007966 (0x01e19a13) x20 0xc0000000
core   0: 0x8000796a (0x00000f66) c.slli  t5, 25
core   0: 3 0x8000796a (0x0f66) x30 0xfe000000
core   0: 0x8000796c (0x01846fb3) or      t6, s0, s8
core   0: 3 0x8000796c (0x01846fb3) x31 0xbe596870
core   0: 0x80007970 (0x000003e2) c.slli  t2, 24
core   0: 3 0x80007970 (0x03e2) x 7 0xec000000
core   0: 0x80007972 (0x00008cfd) c.and   s1, a5
core   0: 3 0x80007972 (0x8cfd) x 9 0x00000000
core   0: 0x80007974 (0x0186da93) srli    s5, a3, 24
core   0: 3 0x80007974 (0x0186da93) x21 0x000000be
core   0: 0x80007978 (0x61278e13) addi    t3, a5, 1554
core   0: 3 0x80007978 (0x61278e13) x28 0x536971da
core   0: 0x8000797c (0x00000d12) c.slli  s10, 4
core   0: 3 0x8000797c (0x0d12) x26 0x00000000
core   0: 0x8000797e (0xd4acfc13) andi    s8, s9, -694
core   0: 3 0x8000797e (0xd4acfc13) x24 0x80012840
core   0: 0x80007982 (0x017f45b3) xor     a1, t5, s7
core   0: 3 0x80007982 (0x017f45b3) x11 0x7e013ce4
core   0: 0x80007986 (0x4090d213) srai    tp, ra, 9
core   0: 3 0x80007986 (0x4090d213) x 4 0x0027cc4c
core   0: 0x8000798a (0x000006c5) c.addi  a3, 17
core   0: 3 0x8000798a (0x06c5) x13 0xbe59690c
core   0: 0x8000798c (0x000005aa) c.slli  a1, 10
core   0: 3 0x8000798c (0x05aa) x11 0x04f39000
core   0: 0x8000798e (0x0208f6b3) remu    a3, a7, zero
core   0: 3 0x8000798e (0x0208f6b3) x13 0x00000004
core   0: 0x80007992 (0x00001b14) c.addi4spn a3, sp, 432
core   0: 3 0x80007992 (0x1b14) x13 0x0f8cc1b0
core   0: 0x80007994 (0x018ea7b3) slt     a5, t4, s8
core   0: 3 0x80007994 (0x018ea7b3) x15 0x00000000
core   0: 0x80007998 (0x003b8933) add     s2, s7, gp
core   0: 3 0x80007998 (0x003b8933) x18 0x80017ce3
core   0: 0x8000799c (0x00004c95) c.li    s9, 5
core   0: 3 0x8000799c (0x4c95) x25 0x00000005
core   0: 0x8000799e (0xda7f7193) andi    gp, t5, -601
core   0: 3 0x8000799e (0xda7f7193) x 3 0xfe000000
core   0: 0x800079a2 (0x023b81b3) mul     gp, s7, gp
core   0: 3 0x800079a2 (0x023b81b3) x 3 0x38000000
core   0: 0x800079a6 (0x00008cd5) c.or    s1, a3
core   0: 3 0x800079a6 (0x8cd5) x 9 0x0f8cc1b0
core   0: 0x800079a8 (0x89c80613) addi    a2, a6, -1892
core   0: 3 0x800079a8 (0x89c80613) x12 0x8000f700
core   0: 0x800079ac (0x033859b3) divu    s3, a6, s3
core   0: 3 0x800079ac (0x033859b3) x19 0xffffffff
core   0: 0x800079b0 (0x013d9293) slli    t0, s11, 19
core   0: 3 0x800079b0 (0x013d9293) x 5 0x00000000
core   0: 0x800079b4 (0x33a82413) slti    s0, a6, 826
core   0: 3 0x800079b4 (0x33a82413) x 8 0x00000001
core   0: 0x800079b8 (0x00009aca) c.add   s5, s2
core   0: 3 0x800079b8 (0x9aca) x21 0x80017da1
core   0: 0x800079ba (0x01ffaab3) slt     s5, t6, t6
core   0: 3 0x800079ba (0x01ffaab3) x21 0x00000000
core   0: 0x800079be (0xd8e98213) addi    tp, s3, -626
core   0: 3 0x800079be (0xd8e98213) x 4 0xfffffd8d
core   0: 0x800079c2 (0x0039d633) srl     a2, s3, gp
core   0: 3 0x800079c2 (0x0039d633) x12 0xffffffff
core   0: 0x800079c6 (0x2a57fe17) auipc   t3, 0x2a57f
core   0: 3 0x800079c6 (0x2a57fe17) x28 0xaa5869c6
core   0: 0x800079ca (0x00006399) c.lui   t2, 0x6
core   0: 3 0x800079ca (0x6399) x 7 0x00006000
core   0: 0x800079cc (0x00000f08) c.addi4spn a0, sp, 912
core   0: 3 0x800079cc (0x0f08) x10 0x0f8cc390
core   0: 0x800079ce (0x01d83033) sltu    zero, a6, t4
core   0: 3 0x800079ce (0x01d83033)
core   0: 0x800079d2 (0x034cd6b3) divu    a3, s9, s4
core   0: 3 0x800079d2 (0x034cd6b3) x13 0x00000000
core   0: 0x800079d6 (0x69ce77b7) lui     a5, 0x69ce7
core   0: 3 0x800079d6 (0x69ce77b7) x15 0x69ce7000
core   0: 0x800079da (0x036e6933) rem     s2, t3, s6
core   0: 3 0x800079da (0x036e6933) x18 0xfffffffa
core   0: 0x800079de (0x031c0eb3) mul     t4, s8, a7
core   0: 3 0x800079de (0x031c0eb3) x29 0x0004a100
core   0: 0x800079e2 (0x00008c9d) c.sub   s1, a5
core   0: 3 0x800079e2 (0x8c9d) x 9 0xa5be51b0
core   0: 0x800079e4 (0x02a09a33) mulh    s4, ra, a0
core   0: 3 0x800079e4 (0x02a09a33) x20 0x04d5b53c
core   0: 0x800079e8 (0x41d35693) srai    a3, t1, 29
core   0: 3 0x800079e8 (0x41d35693) x13 0xffffffff
core   0: 0x800079ec (0x01e5b333) sltu    t1, a1, t5
core   0: 3 0x800079ec (0x01e5b333) x 6 0x00000001
core   0: 0x800079f0 (0x0132f9b3) and     s3, t0, s3
core   0: 3 0x800079f0 (0x0132f9b3) x19 0x00000000
core   0: 0x800079f4 (0x00008465) c.srai  s0, 25
core   0: 3 0x800079f4 (0x8465) x 8 0x00000000
core   0: 0x800079f6 (0x000098fd) c.andi  s1, -1
core   0: 3 0x800079f6 (0x98fd) x 9 0xa5be51b0
core   0: 0x800079f8 (0x0164e433) or      s0, s1, s6
core   0: 3 0x800079f8 (0x0164e433) x 8 0xa5be51be
core   0: 0x800079fc (0x0165d5b3) srl     a1, a1, s6
core   0: 3 0x800079fc (0x0165d5b3) x11 0x000013ce
core   0: 0x80007a00 (0x00008fa1) c.xor   a5, s0
core   0: 3 0x80007a00 (0x8fa1) x15 0xcc7021be
core   0: 0x80007a02 (0x00008c85) c.sub   s1, s1
core   0: 3 0x80007a02 (0x8c85) x 9 0x00000000
core   0: 0x80007a04 (0x027449b3) div     s3, s0, t2
core   0: 3 0x80007a04 (0x027449b3) x19 0xffff0f51
core   0: 0x80007a08 (0x01d0f9b3) and     s3, ra, t4
core   0: 3 0x80007a08 (0x01d0f9b3) x19 0x00008100
core   0: 0x80007a0c (0xb3636197) auipc   gp, 0xb3636
core   0: 3 0x80007a0c (0xb3636197) x 3 0x3363da0c
core   0: 0x80007a10 (0x408c5c33) sra     s8, s8, s0
core   0: 3 0x80007a10 (0x408c5c33) x24 0xfffffffe
core   0: 0x80007a14 (0x00008f41) c.or    a4, s0
core   0: 3 0x80007a14 (0x8f41) x14 0xafbed3be
core   0: 0x80007a16 (0x00008c4d) c.or    s0, a1
core   0: 3 0x80007a16 (0x8c4d) x 8 0xa5be53fe
core   0: 0x80007a18 (0x03bee5b3) rem     a1, t4, s11
core   0: 3 0x80007a18 (0x03bee5b3) x11 0x0004a100
core   0: 0x80007a1c (0x00008c5d) c.or    s0, a5
core   0: 3 0x80007a1c (0x8c5d) x 8 0xedfe73fe
core   0: 0x80007a1e (0x03b1cfb3) div     t6, gp, s11
core   0: 3 0x80007a1e (0x03b1cfb3) x31 0xffffffff
core   0: 0x80007a22 (0x1149f513) andi    a0, s3, 276
core   0: 3 0x80007a22 (0x1149f513) x10 0x00000100
core   0: 0x80007a26 (0x000068b1) c.lui   a7, 0xc
core   0: 3 0x80007a26 (0x68b1) x17 0x0000c000
core   0: 0x80007a28 (0x01afa0b3) slt     ra, t6, s10
core   0: 3 0x80007a28 (0x01afa0b3) x 1 0x00000001
core   0: 0x80007a2c (0xbb72f613) andi    a2, t0, -1097
core   0: 3 0x80007a2c (0xbb72f613) x12 0x00000000
core   0: 0x80007a30 (0x00009afd) c.andi  a3, -1
core   0: 3 0x80007a30 (0x9afd) x13 0xffffffff
core   0: 0x80007a32 (0x01679f33) sll     t5, a5, s6
core   0: 3 0x80007a32 (0x01679f33) x30 0x086f8000
core   0: 0x80007a36 (0x000081e9) c.srli  a1, 26
core   0: 3 0x80007a36 (0x81e9) x11 0x00000000
core   0: 0x80007a38 (0x0000987d) c.andi  s0, -1
core   0: 3 0x80007a38 (0x987d) x 8 0xedfe73fe
core   0: 0x80007a3a (0x0000717d) c.addi16sp sp, -16
core   0: 3 0x80007a3a (0x717d) x 2 0x0f8cbff0
core   0: 0x80007a3c (0x404e5513) srai    a0, t3, 4
core   0: 3 0x80007a3c (0x404e5513) x10 0xfaa5869c
core   0: 0x80007a40 (0x017d83b3) add     t2, s11, s7
core   0: 3 0x80007a40 (0x017d83b3) x 7 0x80013ce4
core   0: 0x80007a44 (0x40e053b3) sra     t2, zero, a4
core   0: 3 0x80007a44 (0x40e053b3) x 7 0x00000000
core   0: 0x80007a48 (0x02ef2cb3) mulhsu  s9, t5, a4
core   0: 3 0x80007a48 (0x02ef2cb3) x25 0x05ca823b
core   0: 0x80007a4c (0x00bf5693) srli    a3, t5, 11
core   0: 3 0x80007a4c (0x00bf5693) x13 0x00010df0
core   0: 0x80007a50 (0x0000717d) c.addi16sp sp, -16
core   0: 3 0x80007a50 (0x717d) x 2 0x0f8cbfe0
core   0: 0x80007a52 (0x41d888b3) sub     a7, a7, t4
core   0: 3 0x80007a52 (0x41d888b3) x17 0xfffc1f00
core   0: 0x80007a56 (0x00515d93) srli    s11, sp, 5
core   0: 3 0x80007a56 (0x00515d93) x27 0x007c65ff
core   0: 0x80007a5a (0x00006159) c.addi16sp sp, 400
core   0: 3 0x80007a5a (0x6159) x 2 0x0f8cc170
core   0: 0x80007a5c (0x0233fe93) andi    t4, t2, 35
core   0: 3 0x80007a5c (0x0233fe93) x29 0x00000000
core   0: 0x80007a60 (0x02558933) mul     s2, a1, t0
core   0: 3 0x80007a60 (0x02558933) x18 0x00000000
core   0: 0x80007a64 (0x03724533) div     a0, tp, s7
core   0: 3 0x80007a64 (0x03724533) x10 0x00000000
core   0: 0x80007a68 (0x01dfc613) xori    a2, t6, 29
core   0: 3 0x80007a68 (0x01dfc613) x12 0xffffffe2
core   0: 0x80007a6c (0x1b0ebe93) sltiu   t4, t4, 432
core   0: 3 0x80007a6c (0x1b0ebe93) x29 0x00000001
core   0: 0x80007a70 (0x000053fd) c.li    t2, -1
core   0: 3 0x80007a70 (0x53fd) x 7 0xffffffff
core   0: 0x80007a72 (0x01a5cfb3) xor     t6, a1, s10
core   0: 3 0x80007a72 (0x01a5cfb3) x31 0x00000000
core   0: 0x80007a76 (0x02e37433) remu    s0, t1, a4
core   0: 3 0x80007a76 (0x02e37433) x 8 0x00000001
core   0: 0x80007a7a (0x409701b3) sub     gp, a4, s1
core   0: 3 0x80007a7a (0x409701b3) x 3 0xafbed3be
core   0: 0x80007a7e (0x036ef5b3) remu    a1, t4, s6
core   0: 3 0x80007a7e (0x036ef5b3) x11 0x00000001
core   0: 0x80007a82 (0x40f48a33) sub     s4, s1, a5
core   0: 3 0x80007a82 (0x40f48a33) x20 0x338fde42
core   0: 0x80007a86 (0x00057d33) and     s10, a0, zero
core   0: 3 0x80007a86 (0x00057d33) x26 0x00000000
core   0: 0x80007a8a (0x00000001) c.nop
core   0: 3 0x80007a8a (0x0001)
core   0: 0x80007a8c (0x00008209) c.srli  a2, 2
core   0: 3 0x80007a8c (0x8209) x12 0x3ffffff8
core   0: 0x80007a8e (0x0000147d) c.addi  s0, -1
core   0: 3 0x80007a8e (0x147d) x 8 0x00000000
core   0: 0x80007a90 (0x03599cb3) mulh    s9, s3, s5
core   0: 3 0x80007a90 (0x03599cb3) x25 0x00000000
core   0: 0x80007a94 (0x0294f3b3) remu    t2, s1, s1
core   0: 3 0x80007a94 (0x0294f3b3) x 7 0x00000000
core   0: 0x80007a98 (0x00008e59) c.or    a2, a4
core   0: 3 0x80007a98 (0x8e59) x12 0xbffffffe
core   0: 0x80007a9a (0x02544333) div     t1, s0, t0
core   0: 3 0x80007a9a (0x02544333) x 6 0xffffffff
core   0: 0x80007a9e (0x033a2e33) mulhsu  t3, s4, s3
core   0: 3 0x80007a9e (0x033a2e33) x28 0x000019fb
core   0: 0x80007aa2 (0x00008f3e) c.mv    t5, a5
core   0: 3 0x80007aa2 (0x8f3e) x30 0xcc7021be
core   0: 0x80007aa4 (0x01662cb3) slt     s9, a2, s6
core   0: 3 0x80007aa4 (0x01662cb3) x25 0x00000001
core   0: 0x80007aa8 (0x000cba33) sltu    s4, s9, zero
core   0: 3 0x80007aa8 (0x000cba33) x20 0x00000000
core   0: 0x80007aac (0x0000717d) c.addi16sp sp, -16
core   0: 3 0x80007aac (0x717d) x 2 0x0f8cc160
core   0: 0x80007aae (0x00000001) c.nop
core   0: 3 0x80007aae (0x0001)
core   0: 0x80007ab0 (0x022679b3) remu    s3, a2, sp
core   0: 3 0x80007ab0 (0x022679b3) x19 0x0566ef7e
core   0: 0x80007ab4 (0x403bd233) sra     tp, s7, gp
core   0: 3 0x80007ab4 (0x403bd233) x 4 0xfffffffe
core   0: 0x80007ab8 (0x02cfdcb3) divu    s9, t6, a2
core   0: 3 0x80007ab8 (0x02cfdcb3) x25 0x00000000
core   0: 0x80007abc (0x00982e33) slt     t3, a6, s1
core   0: 3 0x80007abc (0x00982e33) x28 0x00000001
core   0: 0x80007ac0 (0xe3238793) addi    a5, t2, -462
core   0: 3 0x80007ac0 (0xe3238793) x15 0xfffffe32
core   0: 0x80007ac4 (0x0000997d) c.andi  a0, -1
core   0: 3 0x80007ac4 (0x997d) x10 0x00000000
core   0: 0x80007ac6 (0x00009c12) c.add   s8, tp
core   0: 3 0x80007ac6 (0x9c12) x24 0xfffffffc
core   0: 0x80007ac8 (0x0000167d) c.addi  a2, -1
core   0: 3 0x80007ac8 (0x167d) x12 0xbffffffd
core   0: 0x80007aca (0x0060e5b3) or      a1, ra, t1
core   0: 3 0x80007aca (0x0060e5b3) x11 0xffffffff
core   0: 0x80007ace (0x1651cd17) auipc   s10, 0x1651c
core   0: 3 0x80007ace (0x1651cd17) x26 0x96523ace
core   0: 0x80007ad2 (0x02a76f33) rem     t5, a4, a0
core   0: 3 0x80007ad2 (0x02a76f33) x30 0xafbed3be
core   0: 0x80007ad6 (0x0000717d) c.addi16sp sp, -16
core   0: 3 0x80007ad6 (0x717d) x 2 0x0f8cc150
core   0: 0x80007ad8 (0x00008ac2) c.mv    s5, a6
core   0: 3 0x80007ad8 (0x8ac2) x21 0x8000fe64
core   0: 0x80007ada (0x00006925) c.lui   s2, 0x9
core   0: 3 0x80007ada (0x6925) x18 0x00009000
core   0: 0x80007adc (0x00008689) c.srai  a3, 2
core   0: 3 0x80007adc (0x8689) x13 0x0000437c
core   0: 0x80007ade (0x00008dc1) c.or    a1, s0
core   0: 3 0x80007ade (0x8dc1) x11 0xffffffff
core   0: 0x80007ae0 (0x0000877a) c.mv    a4, t5
core   0: 3 0x80007ae0 (0x877a) x14 0xafbed3be
core   0: 0x80007ae2 (0x00a6c933) xor     s2, a3, a0
core   0: 3 0x80007ae2 (0x00a6c933) x18 0x0000437c
core   0: 0x80007ae6 (0x546f7cb7) lui     s9, 0x546f7
core   0: 3 0x80007ae6 (0x546f7cb7) x25 0x546f7000
core   0: 0x80007aea (0x00008689) c.srai  a3, 2
core   0: 3 0x80007aea (0x8689) x13 0x000010df
core   0: 0x80007aec (0x00000305) c.addi  t1, 1
core   0: 3 0x80007aec (0x0305) x 6 0x00000000
core   0: 0x80007aee (0x0206ffb3) remu    t6, a3, zero
core   0: 3 0x80007aee (0x0206ffb3) x31 0x000010df
core   0: 0x80007af2 (0x40528ab3) sub     s5, t0, t0
core   0: 3 0x80007af2 (0x40528ab3) x21 0x00000000
core   0: 0x80007af6 (0x40f5d7b3) sra     a5, a1, a5
core   0: 3 0x80007af6 (0x40f5d7b3) x15 0xffffffff
core   0: 0x80007afa (0x02477d33) remu    s10, a4, tp
core   0: 3 0x80007afa (0x02477d33) x26 0xafbed3be
core   0: 0x80007afe (0x02334733) div     a4, t1, gp
core   0: 3 0x80007afe (0x02334733) x14 0x00000000
core   0: 0x80007b02 (0x00009726) c.add   a4, s1
core   0: 3 0x80007b02 (0x9726) x14 0x00000000
core   0: 0x80007b04 (0x03314cb3) div     s9, sp, s3
core   0: 3 0x80007b04 (0x03314cb3) x25 0x00000002
core   0: 0x80007b08 (0x0208ba33) mulhu   s4, a7, zero
core   0: 3 0x80007b08 (0x0208ba33) x20 0x00000000
core   0: 0x80007b0c (0x00008285) c.srli  a3, 1
core   0: 3 0x80007b0c (0x8285) x13 0x0000086f
core   0: 0x80007b0e (0x032d91b3) mulh    gp, s11, s2
core   0: 3 0x80007b0e (0x032d91b3) x 3 0x00000020
core   0: 0x80007b12 (0x01fc1633) sll     a2, s8, t6
core   0: 3 0x80007b12 (0x01fc1633) x12 0x00000000
core   0: 0x80007b16 (0x00006ed1) c.lui   t4, 0x14
core   0: 3 0x80007b16 (0x6ed1) x29 0x00014000
core   0: 0x80007b18 (0x417f5013) srai    zero, t5, 23
core   0: 3 0x80007b18 (0x417f5013)
core   0: 0x80007b1c (0x020a11b3) mulh    gp, s4, zero
core   0: 3 0x80007b1c (0x020a11b3) x 3 0x00000000
core   0: 0x80007b20 (0x00008ef5) c.and   a3, a3
core   0: 3 0x80007b20 (0x8ef5) x13 0x0000086f
core   0: 0x80007b22 (0x000099fa) c.add   s3, t5
core   0: 3 0x80007b22 (0x99fa) x19 0xb525c33c
core   0: 0x80007b24 (0x00000001) c.nop
core   0: 3 0x80007b24 (0x0001)
core   0: 0x80007b26 (0x00008e7e) c.mv    t3, t6
core   0: 3 0x80007b26 (0x8e7e) x28 0x000010df
core   0: 0x80007b28 (0x000082c5) c.srli  a3, 17
core   0: 3 0x80007b28 (0x82c5) x13 0x00000000
core   0: 0x80007b2a (0x00008f8d) c.sub   a5, a1
core   0: 3 0x80007b2a (0x8f8d) x15 0x00000000
core   0: 0x80007b2c (0x00a2d633) srl     a2, t0, a0
core   0: 3 0x80007b2c (0x00a2d633) x12 0x00000000
core   0: 0x80007b30 (0x000043d1) c.li    t2, 20
core   0: 3 0x80007b30 (0x43d1) x 7 0x00000014
core   0: 0x80007b32 (0x000086d1) c.srai  a3, 20
core   0: 3 0x80007b32 (0x86d1) x13 0x00000000
core   0: 0x80007b34 (0x022d0eb3) mul     t4, s10, sp
core   0: 3 0x80007b34 (0x022d0eb3) x29 0xb72c6960
core   0: 0x80007b38 (0x00006135) c.addi16sp sp, 352
core   0: 3 0x80007b38 (0x6135) x 2 0x0f8cc2b0
core   0: 0x80007b3a (0x71084617) auipc   a2, 0x71084
core   0: 3 0x80007b3a (0x71084617) x12 0xf108bb3a
core   0: 0x80007b3e (0x404ddf13) srai    t5, s11, 4
core   0: 3 0x80007b3e (0x404ddf13) x30 0x0007c65f
core   0: 0x80007b42 (0x43e934b7) lui     s1, 0x43e93
core   0: 3 0x80007b42 (0x43e934b7) x 9 0x43e93000
core   0: 0x80007b46 (0x00008d69) c.and   a0, a0
core   0: 3 0x80007b46 (0x8d69) x10 0x00000000
core   0: 0x80007b48 (0xfb8b2593) slti    a1, s6, -72
core   0: 3 0x80007b48 (0xfb8b2593) x11 0x00000000
core   0: 0x80007b4c (0x03b6e533) rem     a0, a3, s11
core   0: 3 0x80007b4c (0x03b6e533) x10 0x00000000
core   0: 0x80007b50 (0x00000eee) c.slli  t4, 27
core   0: 3 0x80007b50 (0x0eee) x29 0x00000000
core   0: 0x80007b52 (0x01d2c433) xor     s0, t0, t4
core   0: 3 0x80007b52 (0x01d2c433) x 8 0x00000000
core   0: 0x80007b56 (0x41eb03b3) sub     t2, s6, t5
core   0: 3 0x80007b56 (0x41eb03b3) x 7 0xfff839af
core   0: 0x80007b5a (0x0159a733) slt     a4, s3, s5
core   0: 3 0x80007b5a (0x0159a733) x14 0x00000001
core   0: 0x80007b5e (0x01ff27b3) slt     a5, t5, t6
core   0: 3 0x80007b5e (0x01ff27b3) x15 0x00000000
core   0: 0x80007b62 (0x01cf5633) srl     a2, t5, t3
core   0: 3 0x80007b62 (0x01cf5633) x12 0x00000000
core   0: 0x80007b66 (0x0000812d) c.srli  a0, 11
core   0: 3 0x80007b66 (0x812d) x10 0x00000000
core   0: 0x80007b68 (0x0000987d) c.andi  s0, -1
core   0: 3 0x80007b68 (0x987d) x 8 0x00000000
core   0: 0x80007b6a (0x00008d45) c.or    a0, s1
core   0: 3 0x80007b6a (0x8d45) x10 0x43e93000
core   0: 0x80007b6c (0x00008c05) c.sub   s0, s1
core   0: 3 0x80007b6c (0x8c05) x 8 0xbc16d000
core   0: 0x80007b6e (0x4bcd0213) addi    tp, s10, 1212
core   0: 3 0x80007b6e (0x4bcd0213) x 4 0xafbed87a
core   0: 0x80007b72 (0x01119e93) slli    t4, gp, 17
core   0: 3 0x80007b72 (0x01119e93) x29 0x00000000
core   0: 0x80007b76 (0x00001c14) c.addi4spn a3, sp, 560
core   0: 3 0x80007b76 (0x1c14) x13 0x0f8cc4e0
core   0: 0x80007b78 (0x664be793) ori     a5, s7, 1636
core   0: 3 0x80007b78 (0x664be793) x15 0x80013ee4
core   0: 0x80007b7c (0x41575f13) srai    t5, a4, 21
core   0: 3 0x80007b7c (0x41575f13) x30 0x00000000
core   0: 0x80007b80 (0x00008c85) c.sub   s1, s1
core   0: 3 0x80007b80 (0x8c85) x 9 0x00000000
core   0: 0x80007b82 (0x0245e4b3) rem     s1, a1, tp
core   0: 3 0x80007b82 (0x0245e4b3) x 9 0x00000000
core   0: 0x80007b86 (0x000086ed) c.srai  a3, 27
core   0: 3 0x80007b86 (0x86ed) x13 0x00000001
core   0: 0x80007b88 (0x00000405) c.addi  s0, 1
core   0: 3 0x80007b88 (0x0405) x 8 0xbc16d001
core   0: 0x80007b8a (0x40638f33) sub     t5, t2, t1
core   0: 3 0x80007b8a (0x40638f33) x30 0xfff839af
core   0: 0x80007b8e (0x00009d86) c.add   s11, ra
core   0: 3 0x80007b8e (0x9d86) x27 0x007c6600
core   0: 0x80007b90 (0x02ccefb3) rem     t6, s9, a2
core   0: 3 0x80007b90 (0x02ccefb3) x31 0x00000002
core   0: 0x80007b94 (0x03efe5b3) rem     a1, t6, t5
core   0: 3 0x80007b94 (0x03efe5b3) x11 0x00000002
core   0: 0x80007b98 (0x02b69db3) mulh    s11, a3, a1
core   0: 3 0x80007b98 (0x02b69db3) x27 0x00000000
core   0: 0x80007b9c (0x58662513) slti    a0, a2, 1414
core   0: 3 0x80007b9c (0x58662513) x10 0x00000001
core   0: 0x80007ba0 (0x01159c33) sll     s8, a1, a7
core   0: 3 0x80007ba0 (0x01159c33) x24 0x00000002
core   0: 0x80007ba4 (0xe8ec3c13) sltiu   s8, s8, -370
core   0: 3 0x80007ba4 (0xe8ec3c13) x24 0x00000001
core   0: 0x80007ba8 (0x00000001) c.nop
core   0: 3 0x80007ba8 (0x0001)
core   0: 0x80007baa (0xb273b493) sltiu   s1, t2, -1241
core   0: 3 0x80007baa (0xb273b493) x 9 0x00000001
core   0: 0x80007bae (0xf3c64313) xori    t1, a2, -196
core   0: 3 0x80007bae (0xf3c64313) x 6 0xffffff3c
core   0: 0x80007bb2 (0x284df993) andi    s3, s11, 644
core   0: 3 0x80007bb2 (0x284df993) x19 0x00000000
core   0: 0x80007bb6 (0x03bb8fb3) mul     t6, s7, s11
core   0: 3 0x80007bb6 (0x03bb8fb3) x31 0x00000000
core   0: 0x80007bba (0x00008ce9) c.and   s1, a0
core   0: 3 0x80007bba (0x8ce9) x 9 0x00000001
core   0: 0x80007bbc (0x00115033) srl     zero, sp, ra
core   0: 3 0x80007bbc (0x00115033)
core   0: 0x80007bc0 (0x0196a433) slt     s0, a3, s9
core   0: 3 0x80007bc0 (0x0196a433) x 8 0x00000001
core   0: 0x80007bc4 (0x00008ebd) c.xor   a3, a5
core   0: 3 0x80007bc4 (0x8ebd) x13 0x80013ee5
core   0: 0x80007bc6 (0x0000819d) c.srli  a1, 7
core   0: 3 0x80007bc6 (0x819d) x11 0x00000000
core   0: 0x80007bc8 (0x00008c19) c.sub   s0, a4
core   0: 3 0x80007bc8 (0x8c19) x 8 0x00000000
core   0: 0x80007bca (0x007fd733) srl     a4, t6, t2
core   0: 3 0x80007bca (0x007fd733) x14 0x00000000
core   0: 0x80007bce (0x41080e33) sub     t3, a6, a6
core   0: 3 0x80007bce (0x41080e33) x28 0x00000000
core   0: 0x80007bd2 (0x0067e033) or      zero, a5, t1
core   0: 3 0x80007bd2 (0x0067e033)
core   0: 0x80007bd6 (0x0000807d) c.srli  s0, 31
core   0: 3 0x80007bd6 (0x807d) x 8 0x00000000
core   0: 0x80007bd8 (0x02f7c8b3) div     a7, a5, a5
core   0: 3 0x80007bd8 (0x02f7c8b3) x17 0x00000001
core   0: 0x80007bdc (0x02a98c33) mul     s8, s3, a0
core   0: 3 0x80007bdc (0x02a98c33) x24 0x00000000
core   0: 0x80007be0 (0x3a631017) auipc   zero, 0x3a631
core   0: 3 0x80007be0 (0x3a631017)
core   0: 0x80007be4 (0x01b41fb3) sll     t6, s0, s11
core   0: 3 0x80007be4 (0x01b41fb3) x31 0x00000000
core   0: 0x80007be8 (0x03dc91b3) mulh    gp, s9, t4
core   0: 3 0x80007be8 (0x03dc91b3) x 3 0x00000000
core   0: 0x80007bec (0x762f7d93) andi    s11, t5, 1890
core   0: 3 0x80007bec (0x762f7d93) x27 0x00000122
core   0: 0x80007bf0 (0x00027eb3) and     t4, tp, zero
core   0: 3 0x80007bf0 (0x00027eb3) x29 0x00000000
core   0: 0x80007bf4 (0x00008ff2) c.mv    t6, t3
core   0: 3 0x80007bf4 (0x8ff2) x31 0x00000000
core   0: 0x80007bf6 (0x01031033) sll     zero, t1, a6
core   0: 3 0x80007bf6 (0x01031033)
core   0: 0x80007bfa (0x022db933) mulhu   s2, s11, sp
core   0: 3 0x80007bfa (0x022db933) x18 0x00000011
core   0: 0x80007bfe (0xf299e017) auipc   zero, 0xf299e
core   0: 3 0x80007bfe (0xf299e017)
core   0: 0x80007c02 (0x00000001) c.nop
core   0: 3 0x80007c02 (0x0001)
core   0: 0x80007c04 (0x5e006e93) ori     t4, zero, 1504
core   0: 3 0x80007c04 (0x5e006e93) x29 0x000005e0
core   0: 0x80007c08 (0x4172ed93) ori     s11, t0, 1047
core   0: 3 0x80007c08 (0x4172ed93) x27 0x00000417
core   0: 0x80007c0c (0x03e3a133) mulhsu  sp, t2, t5
core   0: 3 0x80007c0c (0x03e3a133) x 2 0xfff839eb
core   0: 0x80007c10 (0x00008fc6) c.mv    t6, a7
core   0: 3 0x80007c10 (0x8fc6) x31 0x00000001
core   0: 0x80007c12 (0x00008c45) c.or    s0, s1
core   0: 3 0x80007c12 (0x8c45) x 8 0x00000001
core   0: 0x80007c14 (0x407c8a33) sub     s4, s9, t2
core   0: 3 0x80007c14 (0x407c8a33) x20 0x0007c653
core   0: 0x80007c18 (0x00004fa1) c.li    t6, 8
core   0: 3 0x80007c18 (0x4fa1) x31 0x00000008
core   0: 0x80007c1a (0x0000169c) c.addi4spn a5, sp, 864
core   0: 3 0x80007c1a (0x169c) x15 0xfff83d4b
core   0: 0x80007c1c (0x01c891b3) sll     gp, a7, t3
core   0: 3 0x80007c1c (0x01c891b3) x 3 0x00000001
core   0: 0x80007c20 (0x00008d41) c.or    a0, s0
core   0: 3 0x80007c20 (0x8d41) x10 0x00000001
core   0: 0x80007c22 (0x0000898e) c.mv    s3, gp
core   0: 3 0x80007c22 (0x898e) x19 0x00000001
core   0: 0x80007c24 (0x01ef6d33) or      s10, t5, t5
core   0: 3 0x80007c24 (0x01ef6d33) x26 0xfff839af
core   0: 0x80007c28 (0x0073c033) xor     zero, t2, t2
core   0: 3 0x80007c28 (0x0073c033)
core   0: 0x80007c2c (0x02a98c33) mul     s8, s3, a0
core   0: 3 0x80007c2c (0x02a98c33) x24 0x00000001
core   0: 0x80007c30 (0x01f08eb3) add     t4, ra, t6
core   0: 3 0x80007c30 (0x01f08eb3) x29 0x00000009
core   0: 0x80007c34 (0x7c26a613) slti    a2, a3, 1986
core   0: 3 0x80007c34 (0x7c26a613) x12 0x00000001
core   0: 0x80007c38 (0x01f37633) and     a2, t1, t6
core   0: 3 0x80007c38 (0x01f37633) x12 0x00000008
core   0: 0x80007c3c (0x01bc1cb3) sll     s9, s8, s11
core   0: 3 0x80007c3c (0x01bc1cb3) x25 0x00800000
core   0: 0x80007c40 (0x00000a76) c.slli  s4, 29
core   0: 3 0x80007c40 (0x0a76) x20 0x60000000
core   0: 0x80007c42 (0x0322ffb3) remu    t6, t0, s2
core   0: 3 0x80007c42 (0x0322ffb3) x31 0x00000000
core   0: 0x80007c46 (0x00000001) c.nop
core   0: 3 0x80007c46 (0x0001)
core   0: 0x80007c48 (0x408adc13) srai    s8, s5, 8
core   0: 3 0x80007c48 (0x408adc13) x24 0x00000000
core   0: 0x80007c4c (0x000080ea) c.mv    ra, s10
core   0: 3 0x80007c4c (0x80ea) x 1 0xfff839af
core   0: 0x80007c4e (0x02389ab3) mulh    s5, a7, gp
core   0: 3 0x80007c4e (0x02389ab3) x21 0x00000000
core   0: 0x80007c52 (0x00008746) c.mv    a4, a7
core   0: 3 0x80007c52 (0x8746) x14 0x00000001
core   0: 0x80007c54 (0x02806fb3) rem     t6, zero, s0
core   0: 3 0x80007c54 (0x02806fb3) x31 0x00000000
core   0: 0x80007c58 (0x01402f33) slt     t5, zero, s4
core   0: 3 0x80007c58 (0x01402f33) x30 0x00000001
core   0: 0x80007c5c (0x00000001) c.nop
core   0: 3 0x80007c5c (0x0001)
core   0: 0x80007c5e (0x831f2c13) slti    s8, t5, -1999
core   0: 3 0x80007c5e (0x831f2c13) x24 0x00000000
core   0: 0x80007c62 (0x000099f6) c.add   s3, t4
core   0: 3 0x80007c62 (0x99f6) x19 0x0000000a
core   0: 0x80007c64 (0x01935493) srli    s1, t1, 25
core   0: 3 0x80007c64 (0x01935493) x 9 0x0000007f
core   0: 0x80007c68 (0x2f44a713) slti    a4, s1, 756
core   0: 3 0x80007c68 (0x2f44a713) x14 0x00000001
core   0: 0x80007c6c (0x00df2233) slt     tp, t5, a3
core   0: 3 0x80007c6c (0x00df2233) x 4 0x00000000
core   0: 0x80007c70 (0x00008d55) c.or    a0, a3
core   0: 3 0x80007c70 (0x8d55) x10 0x80013ee5
core   0: 0x80007c72 (0x031aadb3) mulhsu  s11, s5, a7
core   0: 3 0x80007c72 (0x031aadb3) x27 0x00000000
core   0: 0x80007c76 (0x00008c31) c.xor   s0, a2
core   0: 3 0x80007c76 (0x8c31) x 8 0x00000009
core   0: 0x80007c78 (0x00008d49) c.or    a0, a0
core   0: 3 0x80007c78 (0x8d49) x10 0x80013ee5
core   0: 0x80007c7a (0x542fb793) sltiu   a5, t6, 1346
core   0: 3 0x80007c7a (0x542fb793) x15 0x00000001
core   0: 0x80007c7e (0x7fb64a93) xori    s5, a2, 2043
core   0: 3 0x80007c7e (0x7fb64a93) x21 0x000007f3
core   0: 0x80007c82 (0x01215113) srli    sp, sp, 18
core   0: 3 0x80007c82 (0x01215113) x 2 0x00003ffe
core   0: 0x80007c86 (0x00d1e233) or      tp, gp, a3
core   0: 3 0x80007c86 (0x00d1e233) x 4 0x80013ee5
core   0: 0x80007c8a (0x018067b3) or      a5, zero, s8
core   0: 3 0x80007c8a (0x018067b3) x15 0x00000000
core   0: 0x80007c8e (0x000055fd) c.li    a1, -1
core   0: 3 0x80007c8e (0x55fd) x11 0xffffffff
core   0: 0x80007c90 (0x00008e29) c.xor   a2, a0
core   0: 3 0x80007c90 (0x8e29) x12 0x80013eed
core   0: 0x80007c92 (0x2724b993) sltiu   s3, s1, 626
core   0: 3 0x80007c92 (0x2724b993) x19 0x00000001
core   0: 0x80007c96 (0x00000001) c.nop
core   0: 3 0x80007c96 (0x0001)
core   0: 0x80007c98 (0x017db7b3) sltu    a5, s11, s7
core   0: 3 0x80007c98 (0x017db7b3) x15 0x00000001
core   0: 0x80007c9c (0x44a7ac93) slti    s9, a5, 1098
core   0: 3 0x80007c9c (0x44a7ac93) x25 0x00000001
core   0: 0x80007ca0 (0x00009352) c.add   t1, s4
core   0: 3 0x80007ca0 (0x9352) x 6 0x5fffff3c
core   0: 0x80007ca2 (0x0000655d) c.lui   a0, 0x17
core   0: 3 0x80007ca2 (0x655d) x10 0x00017000
core   0: 0x80007ca4 (0x0000987d) c.andi  s0, -1
core   0: 3 0x80007ca4 (0x987d) x 8 0x00000009
core   0: 0x80007ca6 (0x0000659d) c.lui   a1, 0x7
core   0: 3 0x80007ca6 (0x659d) x11 0x00007000
core   0: 0x80007ca8 (0x00000001) c.nop
core   0: 3 0x80007ca8 (0x0001)
core   0: 0x80007caa (0x02e5fa33) remu    s4, a1, a4
core   0: 3 0x80007caa (0x02e5fa33) x20 0x00000000
core   0: 0x80007cae (0x00008d91) c.sub   a1, a2
core   0: 3 0x80007cae (0x8d91) x11 0x7fff3113
core   0: 0x80007cb0 (0x221d3cb7) lui     s9, 0x221d3
core   0: 3 0x80007cb0 (0x221d3cb7) x25 0x221d3000
core   0: 0x80007cb4 (0x00008dc1) c.or    a1, s0
core   0: 3 0x80007cb4 (0x8dc1) x11 0x7fff311b
core   0: 0x80007cb6 (0x03b9c633) div     a2, s3, s11
core   0: 3 0x80007cb6 (0x03b9c633) x12 0xffffffff
core   0: 0x80007cba (0x03fcc333) div     t1, s9, t6
core   0: 3 0x80007cba (0x03fcc333) x 6 0xffffffff
core   0: 0x80007cbe (0x8f217213) andi    tp, sp, -1806
core   0: 3 0x80007cbe (0x8f217213) x 4 0x000038f2
core   0: 0x80007cc2 (0x0205c233) div     tp, a1, zero
core   0: 3 0x80007cc2 (0x0205c233) x 4 0xffffffff
core   0: 0x80007cc6 (0x011dafb3) slt     t6, s11, a7
core   0: 3 0x80007cc6 (0x011dafb3) x31 0x00000001
core   0: 0x80007cca (0x570a3e37) lui     t3, 0x570a3
core   0: 3 0x80007cca (0x570a3e37) x28 0x570a3000
core   0: 0x80007cce (0x97b9b437) lui     s0, 0x97b9b
core   0: 3 0x80007cce (0x97b9b437) x 8 0x97b9b000
core   0: 0x80007cd2 (0xc84bf413) andi    s0, s7, -892
core   0: 3 0x80007cd2 (0xc84bf413) x 8 0x80013c84
core   0: 0x80007cd6 (0x0250b4b3) mulhu   s1, ra, t0
core   0: 3 0x80007cd6 (0x0250b4b3) x 9 0x00000000
core   0: 0x80007cda (0x2c9bca17) auipc   s4, 0x2c9bc
core   0: 3 0x80007cda (0x2c9bca17) x20 0xac9c3cda
core   0: 0x80007cde (0x0349d7b3) divu    a5, s3, s4
core   0: 3 0x80007cde (0x0349d7b3) x15 0x00000000
core   0: 0x80007ce2 (0x01aad2b3) srl     t0, s5, s10
core   0: 3 0x80007ce2 (0x01aad2b3) x 5 0x00000000
core   0: 0x80007ce6 (0x021ab233) mulhu   tp, s5, ra
core   0: 3 0x80007ce6 (0x021ab233) x 4 0x000007f2
core   0: 0x80007cea (0x9c4b2e93) slti    t4, s6, -1596
core   0: 3 0x80007cea (0x9c4b2e93) x29 0x00000000
core   0: 0x80007cee (0x41c20ab3) sub     s5, tp, t3
core   0: 3 0x80007cee (0x41c20ab3) x21 0xa8f5d7f2
core   0: 0x80007cf2 (0x037095b3) mulh    a1, ra, s7
core   0: 3 0x80007cf2 (0x037095b3) x11 0x0003e31e
core   0: 0x80007cf6 (0x00000d4e) c.slli  s10, 19
core   0: 3 0x80007cf6 (0x0d4e) x26 0xcd780000
core   0: 0x80007cf8 (0x23f12593) slti    a1, sp, 575
core   0: 3 0x80007cf8 (0x23f12593) x11 0x00000000
core   0: 0x80007cfc (0x0094f633) and     a2, s1, s1
core   0: 3 0x80007cfc (0x0094f633) x12 0x00000000
core   0: 0x80007d00 (0x000057fd) c.li    a5, -1
core   0: 3 0x80007d00 (0x57fd) x15 0xffffffff
core   0: 0x80007d02 (0xadd7b913) sltiu   s2, a5, -1315
core   0: 3 0x80007d02 (0xadd7b913) x18 0x00000000
core   0: 0x80007d06 (0x03b245b3) div     a1, tp, s11
core   0: 3 0x80007d06 (0x03b245b3) x11 0xffffffff
core   0: 0x80007d0a (0x00000001) c.nop
core   0: 3 0x80007d0a (0x0001)
core   0: 0x80007d0c (0x01c95693) srli    a3, s2, 28
core   0: 3 0x80007d0c (0x01c95693) x13 0x00000000
core   0: 0x80007d10 (0x011ad133) srl     sp, s5, a7
core   0: 3 0x80007d10 (0x011ad133) x 2 0x547aebf9
core   0: 0x80007d14 (0x01615fb3) srl     t6, sp, s6
core   0: 3 0x80007d14 (0x01615fb3) x31 0x000151eb
core   0: 0x80007d18 (0x0210e7b3) rem     a5, ra, ra
core   0: 3 0x80007d18 (0x0210e7b3) x15 0x00000000
core   0: 0x80007d1c (0x00006115) c.addi16sp sp, 288
core   0: 3 0x80007d1c (0x6115) x 2 0x547aed19
core   0: 0x80007d1e (0x000084a5) c.srai  s1, 9
core   0: 3 0x80007d1e (0x84a5) x 9 0x00000000
core   0: 0x80007d20 (0x00008d75) c.and   a0, a3
core   0: 3 0x80007d20 (0x8d75) x10 0x00000000
core   0: 0x80007d22 (0x00008f15) c.sub   a4, a3
core   0: 3 0x80007d22 (0x8f15) x14 0x00000001
core   0: 0x80007d24 (0x00000190) c.addi4spn a2, sp, 192
core   0: 3 0x80007d24 (0x0190) x12 0x547aedd9
core   0: 0x80007d26 (0x71677a93) andi    s5, a4, 1814
core   0: 3 0x80007d26 (0x71677a93) x21 0x00000000
core   0: 0x80007d2a (0x0159e333) or      t1, s3, s5
core   0: 3 0x80007d2a (0x0159e333) x 6 0x00000001
core   0: 0x80007d2e (0x00ff2d33) slt     s10, t5, a5
core   0: 3 0x80007d2e (0x00ff2d33) x26 0x00000000
core   0: 0x80007d32 (0x017e4433) xor     s0, t3, s7
core   0: 3 0x80007d32 (0x017e4433) x 8 0xd70b0ce4
core   0: 0x80007d36 (0x30543793) sltiu   a5, s0, 773
core   0: 3 0x80007d36 (0x30543793) x15 0x00000000
core   0: 0x80007d3a (0x009285b3) add     a1, t0, s1
core   0: 3 0x80007d3a (0x009285b3) x11 0x00000000
core   0: 0x80007d3e (0x026cc5b3) div     a1, s9, t1
core   0: 3 0x80007d3e (0x026cc5b3) x11 0x221d3000
core   0: 0x80007d42 (0x00016933) or      s2, sp, zero
core   0: 3 0x80007d42 (0x00016933) x18 0x547aed19
core   0: 0x80007d46 (0x00009afd) c.andi  a3, -1
core   0: 3 0x80007d46 (0x9afd) x13 0x00000000
core   0: 0x80007d48 (0x6608ad93) slti    s11, a7, 1632
core   0: 3 0x80007d48 (0x6608ad93) x27 0x00000001
core   0: 0x80007d4c (0xd5990713) addi    a4, s2, -679
core   0: 3 0x80007d4c (0xd5990713) x14 0x547aea72
core   0: 0x80007d50 (0x00093cb3) sltu    s9, s2, zero
core   0: 3 0x80007d50 (0x00093cb3) x25 0x00000000
core   0: 0x80007d54 (0x40425993) srai    s3, tp, 4
core   0: 3 0x80007d54 (0x40425993) x19 0x0000007f
core   0: 0x80007d58 (0x00009726) c.add   a4, s1
core   0: 3 0x80007d58 (0x9726) x14 0x547aea72
core   0: 0x80007d5a (0x01994e33) xor     t3, s2, s9
core   0: 3 0x80007d5a (0x01994e33) x28 0x547aed19
core   0: 0x80007d5e (0x000ae633) or      a2, s5, zero
core   0: 3 0x80007d5e (0x000ae633) x12 0x00000000
core   0: 0x80007d62 (0x00000001) c.nop
core   0: 3 0x80007d62 (0x0001)
core   0: 0x80007d64 (0x4c136ab7) lui     s5, 0x4c136
core   0: 3 0x80007d64 (0x4c136ab7) x21 0x4c136000
core   0: 0x80007d68 (0x00008af1) c.andi  a3, 28
core   0: 3 0x80007d68 (0x8af1) x13 0x00000000
core   0: 0x80007d6a (0x0364a933) mulhsu  s2, s1, s6
core   0: 3 0x80007d6a (0x0364a933) x18 0x00000000
core   0: 0x80007d6e (0x00008d2d) c.xor   a0, a1
core   0: 3 0x80007d6e (0x8d2d) x10 0x221d3000
core   0: 0x80007d70 (0x01475133) srl     sp, a4, s4
core   0: 3 0x80007d70 (0x01475133) x 2 0x00000015
core   0: 0x80007d74 (0x00008c72) c.mv    s8, t3
core   0: 3 0x80007d74 (0x8c72) x24 0x547aed19
core   0: 0x80007d76 (0x031eb9b3) mulhu   s3, t4, a7
core   0: 3 0x80007d76 (0x031eb9b3) x19 0x00000000
core   0: 0x80007d7a (0x8415b493) sltiu   s1, a1, -1983
core   0: 3 0x80007d7a (0x8415b493) x 9 0x00000001
core   0: 0x80007d7e (0x01dfdab3) srl     s5, t6, t4
core   0: 3 0x80007d7e (0x01dfdab3) x21 0x000151eb
core   0: 0x80007d82 (0xe8bb8893) addi    a7, s7, -373
core   0: 3 0x80007d82 (0xe8bb8893) x17 0x80013b6f
core   0: 0x80007d86 (0x03f086b3) mul     a3, ra, t6
core   0: 3 0x80007d86 (0x03f086b3) x13 0xbccc52a5
core   0: 0x80007d8a (0x001e7e33) and     t3, t3, ra
core   0: 3 0x80007d8a (0x001e7e33) x28 0x54782909
core   0: 0x80007d8e (0x00008575) c.srai  a0, 29
core   0: 3 0x80007d8e (0x8575) x10 0x00000001
core   0: 0x80007d90 (0xc88b3913) sltiu   s2, s6, -888
core   0: 3 0x80007d90 (0xc88b3913) x18 0x00000001
core   0: 0x80007d94 (0x00004179) c.li    sp, 30
core   0: 3 0x80007d94 (0x4179) x 2 0x0000001e
core   0: 0x80007d96 (0x41e05493) srai    s1, zero, 30
core   0: 3 0x80007d96 (0x41e05493) x 9 0x00000000
core   0: 0x80007d9a (0x00008f65) c.and   a4, s1
core   0: 3 0x80007d9a (0x8f65) x14 0x00000000
core   0: 0x80007d9c (0x01a39333) sll     t1, t2, s10
core   0: 3 0x80007d9c (0x01a39333) x 6 0xfff839af
core   0: 0x80007da0 (0x00422fb3) slt     t6, tp, tp
core   0: 3 0x80007da0 (0x00422fb3) x31 0x00000000
core   0: 0x80007da4 (0x00a51913) slli    s2, a0, 10
core   0: 3 0x80007da4 (0x00a51913) x18 0x00000400
core   0: 0x80007da8 (0xd2a08ab7) lui     s5, 0xd2a08
core   0: 3 0x80007da8 (0xd2a08ab7) x21 0xd2a08000
core   0: 0x80007dac (0x03fc04b3) mul     s1, s8, t6
core   0: 3 0x80007dac (0x03fc04b3) x 9 0x00000000
core   0: 0x80007db0 (0x010570b3) and     ra, a0, a6
core   0: 3 0x80007db0 (0x010570b3) x 1 0x00000000
core   0: 0x80007db4 (0x22a7f213) andi    tp, a5, 554
core   0: 3 0x80007db4 (0x22a7f213) x 4 0x00000000
core   0: 0x80007db8 (0x000083a1) c.srli  a5, 8
core   0: 3 0x80007db8 (0x83a1) x15 0x00000000
core   0: 0x80007dba (0x000004f2) c.slli  s1, 28
core   0: 3 0x80007dba (0x04f2) x 9 0x00000000
core   0: 0x80007dbc (0x01640533) add     a0, s0, s6
core   0: 3 0x80007dbc (0x01640533) x10 0xd70b0cf2
core   0: 0x80007dc0 (0x000008e9) c.addi  a7, 26
core   0: 3 0x80007dc0 (0x08e9) x17 0x80013b89
core   0: 0x80007dc2 (0x02f90e33) mul     t3, s2, a5
core   0: 3 0x80007dc2 (0x02f90e33) x28 0x00000000
core   0: 0x80007dc6 (0x294ad1b7) lui     gp, 0x294ad
core   0: 3 0x80007dc6 (0x294ad1b7) x 3 0x294ad000
core   0: 0x80007dca (0x000061f9) c.lui   gp, 0x1e
core   0: 3 0x80007dca (0x61f9) x 3 0x0001e000
core   0: 0x80007dcc (0x0362aab3) mulhsu  s5, t0, s6
core   0: 3 0x80007dcc (0x0362aab3) x21 0x00000000
core   0: 0x80007dd0 (0x00da58b3) srl     a7, s4, a3
core   0: 3 0x80007dd0 (0x00da58b3) x17 0x0564e1e6
core   0: 0x80007dd4 (0x50794313) xori    t1, s2, 1287
core   0: 3 0x80007dd4 (0x50794313) x 6 0x00000107
core   0: 0x80007dd8 (0x000bd6b3) srl     a3, s7, zero
core   0: 3 0x80007dd8 (0x000bd6b3) x13 0x80013ce4
core   0: 0x80007ddc (0xd1913193) sltiu   gp, sp, -743
core   0: 3 0x80007ddc (0xd1913193) x 3 0x00000001
core   0: 0x80007de0 (0x00008cf9) c.and   s1, a4
core   0: 3 0x80007de0 (0x8cf9) x 9 0x00000000
core   0: 0x80007de2 (0x03792a33) mulhsu  s4, s2, s7
core   0: 3 0x80007de2 (0x03792a33) x20 0x00000200
core   0: 0x80007de6 (0xee4b4c17) auipc   s8, 0xee4b4
core   0: 3 0x80007de6 (0xee4b4c17) x24 0x6e4bbde6
core   0: 0x80007dea (0x02433933) mulhu   s2, t1, tp
core   0: 3 0x80007dea (0x02433933) x18 0x00000000
core   0: 0x80007dee (0x00006145) c.addi16sp sp, 48
core   0: 3 0x80007dee (0x6145) x 2 0x0000004e
core   0: 0x80007df0 (0x911482b7) lui     t0, 0x91148
core   0: 3 0x80007df0 (0x911482b7) x 5 0x91148000
core   0: 0x80007df4 (0x00008f8d) c.sub   a5, a1
core   0: 3 0x80007df4 (0x8f8d) x15 0xdde2d000
core   0: 0x80007df6 (0x03d84db3) div     s11, a6, t4
core   0: 3 0x80007df6 (0x03d84db3) x27 0xffffffff
core   0: 0x80007dfa (0x0119d293) srli    t0, s3, 17
core   0: 3 0x80007dfa (0x0119d293) x 5 0x00000000
core   0: 0x80007dfe (0x00008ddd) c.or    a1, a5
core   0: 3 0x80007dfe (0x8ddd) x11 0xfffff000
core   0: 0x80007e00 (0x00008f01) c.sub   a4, s0
core   0: 3 0x80007e00 (0x8f01) x14 0x28f4f31c
core   0: 0x80007e02 (0x021e33b3) mulhu   t2, t3, ra
core   0: 3 0x80007e02 (0x021e33b3) x 7 0x00000000
core   0: 0x80007e06 (0xaabb6a13) ori     s4, s6, -1365
core   0: 3 0x80007e06 (0xaabb6a13) x20 0xfffffaaf
core   0: 0x80007e0a (0x0330bc33) mulhu   s8, ra, s3
core   0: 3 0x80007e0a (0x0330bc33) x24 0x00000000
core   0: 0x80007e0e (0x00c34133) xor     sp, t1, a2
core   0: 3 0x80007e0e (0x00c34133) x 2 0x00000107
core   0: 0x80007e12 (0x308f8213) addi    tp, t6, 776
core   0: 3 0x80007e12 (0x308f8213) x 4 0x00000308
core   0: 0x80007e16 (0x039c50b3) divu    ra, s8, s9
core   0: 3 0x80007e16 (0x039c50b3) x 1 0xffffffff
core   0: 0x80007e1a (0x00004375) c.li    t1, 29
core   0: 3 0x80007e1a (0x4375) x 6 0x0000001d
core   0: 0x80007e1c (0x0000717d) c.addi16sp sp, -16
core   0: 3 0x80007e1c (0x717d) x 2 0x000000f7
core   0: 0x80007e1e (0x00009406) c.add   s0, ra
core   0: 3 0x80007e1e (0x9406) x 8 0xd70b0ce3
core   0: 0x80007e20 (0xf3cdd6b7) lui     a3, 0xf3cdd
core   0: 3 0x80007e20 (0xf3cdd6b7) x13 0xf3cdd000
core   0: 0x80007e24 (0x00000001) c.nop
core   0: 3 0x80007e24 (0x0001)
core   0: 0x80007e26 (0x009a9e93) slli    t4, s5, 9
core   0: 3 0x80007e26 (0x009a9e93) x29 0x00000000
core   0: 0x80007e2a (0x00000001) c.nop
core   0: 3 0x80007e2a (0x0001)
core   0: 0x80007e2c (0xb0808593) addi    a1, ra, -1272
core   0: 3 0x80007e2c (0xb0808593) x11 0xfffffb07
core   0: 0x80007e30 (0x94737213) andi    tp, t1, -1721
core   0: 3 0x80007e30 (0x94737213) x 4 0x00000005
core   0: 0x80007e34 (0x00008ce9) c.and   s1, a0
core   0: 3 0x80007e34 (0x8ce9) x 9 0x00000000
core   0: 0x80007e36 (0x00008de5) c.and   a1, s1
core   0: 3 0x80007e36 (0x8de5) x11 0x00000000
core   0: 0x80007e38 (0x02ea3233) mulhu   tp, s4, a4
core   0: 3 0x80007e38 (0x02ea3233) x 4 0x28f4f242
core   0: 0x80007e3c (0x00009bfd) c.andi  a5, -1
core   0: 3 0x80007e3c (0x9bfd) x15 0xdde2d000
core   0: 0x80007e3e (0x00df5ab3) srl     s5, t5, a3
core   0: 3 0x80007e3e (0x00df5ab3) x21 0x00000001
core   0: 0x80007e42 (0x036a37b3) mulhu   a5, s4, s6
core   0: 3 0x80007e42 (0x036a37b3) x15 0x0000000d
core   0: 0x80007e46 (0x747a5137) lui     sp, 0x747a5
core   0: 3 0x80007e46 (0x747a5137) x 2 0x747a5000
core   0: 0x80007e4a (0x0196e033) or      zero, a3, s9
core   0: 3 0x80007e4a (0x0196e033)
core   0: 0x80007e4e (0x00b790b3) sll     ra, a5, a1
core   0: 3 0x80007e4e (0x00b790b3) x 1 0x0000000d
core   0: 0x80007e52 (0x14716493) ori     s1, sp, 327
core   0: 3 0x80007e52 (0x14716493) x 9 0x747a5147
core   0: 0x80007e56 (0x000d2a33) slt     s4, s10, zero
core   0: 3 0x80007e56 (0x000d2a33) x20 0x00000000
core   0: 0x80007e5a (0x000083ca) c.mv    t2, s2
core   0: 3 0x80007e5a (0x83ca) x 7 0x00000000
core   0: 0x80007e5c (0x03059e33) mulh    t3, a1, a6
core   0: 3 0x80007e5c (0x03059e33) x28 0x00000000
core   0: 0x80007e60 (0xd49e0093) addi    ra, t3, -695
core   0: 3 0x80007e60 (0xd49e0093) x 1 0xfffffd49
core   0: 0x80007e64 (0x01e99093) slli    ra, s3, 30
core   0: 3 0x80007e64 (0x01e99093) x 1 0x00000000
core   0: 0x80007e68 (0x029771b3) remu    gp, a4, s1
core   0: 3 0x80007e68 (0x029771b3) x 3 0x28f4f31c
core   0: 0x80007e6c (0x01d5e3b3) or      t2, a1, t4
core   0: 3 0x80007e6c (0x01d5e3b3) x 7 0x00000000
core   0: 0x80007e70 (0x039e4533) div     a0, t3, s9
core   0: 3 0x80007e70 (0x039e4533) x10 0xffffffff
core   0: 0x80007e74 (0x033c5733) divu    a4, s8, s3
core   0: 3 0x80007e74 (0x033c5733) x14 0xffffffff
core   0: 0x80007e78 (0x00008c71) c.and   s0, a2
core   0: 3 0x80007e78 (0x8c71) x 8 0x00000000
core   0: 0x80007e7a (0x01c84db3) xor     s11, a6, t3
core   0: 3 0x80007e7a (0x01c84db3) x27 0x8000fe64
core   0: 0x80007e7e (0x0000098c) c.addi4spn a1, sp, 208
core   0: 3 0x80007e7e (0x098c) x11 0x747a50d0
core   0: 0x80007e80 (0xff69ff13) andi    t5, s3, -10
core   0: 3 0x80007e80 (0xff69ff13) x30 0x00000000
core   0: 0x80007e84 (0x00005a7d) c.li    s4, -1
core   0: 3 0x80007e84 (0x5a7d) x20 0xffffffff
core   0: 0x80007e86 (0x00008fcd) c.or    a5, a1
core   0: 3 0x80007e86 (0x8fcd) x15 0x747a50dd
core   0: 0x80007e88 (0x01e49a33) sll     s4, s1, t5
core   0: 3 0x80007e88 (0x01e49a33) x20 0x747a5147
core   0: 0x80007e8c (0x00008185) c.srli  a1, 1
core   0: 3 0x80007e8c (0x8185) x11 0x3a3d2868
core   0: 0x80007e8e (0x007ae733) or      a4, s5, t2
core   0: 3 0x80007e8e (0x007ae733) x14 0x00000001
core   0: 0x80007e92 (0x00000475) c.addi  s0, 29
core   0: 3 0x80007e92 (0x0475) x 8 0x0000001d
core   0: 0x80007e94 (0x00008e01) c.sub   a2, s0
core   0: 3 0x80007e94 (0x8e01) x12 0xffffffe3
core   0: 0x80007e96 (0x00008c01) c.sub   s0, s0
core   0: 3 0x80007e96 (0x8c01) x 8 0x00000000
core   0: 0x80007e98 (0x00008f75) c.and   a4, a3
core   0: 3 0x80007e98 (0x8f75) x14 0x00000000
core   0: 0x80007e9a (0x00000001) c.nop
core   0: 3 0x80007e9a (0x0001)
core   0: 0x80007e9c (0x00009ee2) c.add   t4, s8
core   0: 3 0x80007e9c (0x9ee2) x29 0x00000000
core   0: 0x80007e9e (0x00e51a33) sll     s4, a0, a4
core   0: 3 0x80007e9e (0x00e51a33) x20 0xffffffff
core   0: 0x80007ea2 (0x00000f76) c.slli  t5, 29
core   0: 3 0x80007ea2 (0x0f76) x30 0x00000000
core   0: 0x80007ea4 (0x00008106) c.mv    sp, ra
core   0: 3 0x80007ea4 (0x8106) x 2 0x00000000
core   0: 0x80007ea6 (0x0000026e) c.slli  tp, 27
core   0: 3 0x80007ea6 (0x026e) x 4 0x10000000
core   0: 0x80007ea8 (0x0087f0b3) and     ra, a5, s0
core   0: 3 0x80007ea8 (0x0087f0b3) x 1 0x00000000
core   0: 0x80007eac (0x40eb5913) srai    s2, s6, 14
core   0: 3 0x80007eac (0x40eb5913) x18 0x00000000
core   0: 0x80007eb0 (0x00004095) c.li    ra, 5
core   0: 3 0x80007eb0 (0x4095) x 1 0x00000005
core   0: 0x80007eb2 (0x03c4c8b7) lui     a7, 0x3c4c
core   0: 3 0x80007eb2 (0x03c4c8b7) x17 0x03c4c000
core   0: 0x80007eb6 (0x02bc89b3) mul     s3, s9, a1
core   0: 3 0x80007eb6 (0x02bc89b3) x19 0x00000000
core   0: 0x80007eba (0x007c9ab3) sll     s5, s9, t2
core   0: 3 0x80007eba (0x007c9ab3) x21 0x00000000
core   0: 0x80007ebe (0x017e60b3) or      ra, t3, s7
core   0: 3 0x80007ebe (0x017e60b3) x 1 0x80013ce4
core   0: 0x80007ec2 (0x40184713) xori    a4, a6, 1025
core   0: 3 0x80007ec2 (0x40184713) x14 0x8000fa65
core   0: 0x80007ec6 (0x00006139) c.addi16sp sp, 448
core   0: 3 0x80007ec6 (0x6139) x 2 0x000001c0
core   0: 0x80007ec8 (0x119f0d13) addi    s10, t5, 281
core   0: 3 0x80007ec8 (0x119f0d13) x26 0x00000119
core   0: 0x80007ecc (0xf4b0e413) ori     s0, ra, -181
core   0: 3 0x80007ecc (0xf4b0e413) x 8 0xffffffef
core   0: 0x80007ed0 (0x000085c5) c.srai  a1, 17
core   0: 3 0x80007ed0 (0x85c5) x11 0x00001d1e
core   0: 0x80007ed2 (0x03999033) mulh    zero, s3, s9
core   0: 3 0x80007ed2 (0x03999033)
core   0: 0x80007ed6 (0x01f4d8b3) srl     a7, s1, t6
core   0: 3 0x80007ed6 (0x01f4d8b3) x17 0x747a5147
core   0: 0x80007eda (0x00000001) c.nop
core   0: 3 0x80007eda (0x0001)
core   0: 0x80007edc (0x02529333) mulh    t1, t0, t0
core   0: 3 0x80007edc (0x02529333) x 6 0x00000000
core   0: 0x80007ee0 (0x02e544b3) div     s1, a0, a4
core   0: 3 0x80007ee0 (0x02e544b3) x 9 0x00000000
core   0: 0x80007ee4 (0x00009ebe) c.add   t4, a5
core   0: 3 0x80007ee4 (0x9ebe) x29 0x747a50dd
core   0: 0x80007ee6 (0x00008f05) c.sub   a4, s1
core   0: 3 0x80007ee6 (0x8f05) x14 0x8000fa65
core   0: 0x80007ee8 (0x00001110) c.addi4spn a2, sp, 160
core   0: 3 0x80007ee8 (0x1110) x12 0x00000260
core   0: 0x80007eea (0x00008e99) c.sub   a3, a4
core   0: 3 0x80007eea (0x8e99) x13 0x73ccd59b
core   0: 0x80007eec (0x00008f55) c.or    a4, a3
core   0: 3 0x80007eec (0x8f55) x14 0xf3ccffff
core   0: 0x80007eee (0x032ff533) remu    a0, t6, s2
core   0: 3 0x80007eee (0x032ff533) x10 0x00000000
core   0: 0x80007ef2 (0x00008c95) c.sub   s1, a3
core   0: 3 0x80007ef2 (0x8c95) x 9 0x8c332a65
core   0: 0x80007ef4 (0x000089ca) c.mv    s3, s2
core   0: 3 0x80007ef4 (0x89ca) x19 0x00000000
core   0: 0x80007ef6 (0x000003f1) c.addi  t2, 28
core   0: 3 0x80007ef6 (0x03f1) x 7 0x0000001c
core   0: 0x80007ef8 (0x40cd5293) srai    t0, s10, 12
core   0: 3 0x80007ef8 (0x40cd5293) x 5 0x00000000
core   0: 0x80007efc (0x00461333) sll     t1, a2, tp
core   0: 3 0x80007efc (0x00461333) x 6 0x00000260
core   0: 0x80007f00 (0x00000001) c.nop
core   0: 3 0x80007f00 (0x0001)
core   0: 0x80007f02 (0x02a29633) mulh    a2, t0, a0
core   0: 3 0x80007f02 (0x02a29633) x12 0x00000000
core   0: 0x80007f06 (0x4684e213) ori     tp, s1, 1128
core   0: 3 0x80007f06 (0x4684e213) x 4 0x8c332e6d
core   0: 0x80007f0a (0x00a45a93) srli    s5, s0, 10
core   0: 3 0x80007f0a (0x00a45a93) x21 0x003fffff
core   0: 0x80007f0e (0x00008efd) c.and   a3, a5
core   0: 3 0x80007f0e (0x8efd) x13 0x70485099
core   0: 0x80007f10 (0x000084a1) c.srai  s1, 8
core   0: 3 0x80007f10 (0x84a1) x 9 0xff8c332a
core   0: 0x80007f12 (0xab368693) addi    a3, a3, -1357
core   0: 3 0x80007f12 (0xab368693) x13 0x70484b4c
core   0: 0x80007f16 (0x412cda13) srai    s4, s9, 18
core   0: 3 0x80007f16 (0x412cda13) x20 0x00000000
core   0: 0x80007f1a (0x029bf7b3) remu    a5, s7, s1
core   0: 3 0x80007f1a (0x029bf7b3) x15 0x80013ce4
core   0: 0x80007f1e (0x0111d993) srli    s3, gp, 17
core   0: 3 0x80007f1e (0x0111d993) x19 0x0000147a
core   0: 0x80007f22 (0x03dae8b3) rem     a7, s5, t4
core   0: 3 0x80007f22 (0x03dae8b3) x17 0x003fffff
core   0: 0x80007f26 (0x00001984) c.addi4spn s1, sp, 240
core   0: 3 0x80007f26 (0x1984) x 9 0x000002b0
core   0: 0x80007f28 (0x402bde93) srai    t4, s7, 2
core   0: 3 0x80007f28 (0x402bde93) x29 0xe0004f39
core   0: 0x80007f2c (0x00008df1) c.and   a1, a2
core   0: 3 0x80007f2c (0x8df1) x11 0x00000000
core   0: 0x80007f2e (0x00000001) c.nop
core   0: 3 0x80007f2e (0x0001)
core   0: 0x80007f30 (0x000082f9) c.srli  a3, 30
core   0: 3 0x80007f30 (0x82f9) x13 0x00000001
core   0: 0x80007f32 (0x00f031b3) snez    gp, a5
core   0: 3 0x80007f32 (0x00f031b3) x 3 0x00000001
core   0: 0x80007f36 (0x000007fa) c.slli  a5, 30
core   0: 3 0x80007f36 (0x07fa) x15 0x00000000
core   0: 0x80007f38 (0x00008e01) c.sub   a2, s0
core   0: 3 0x80007f38 (0x8e01) x12 0x00000011
core   0: 0x80007f3a (0x00008065) c.srli  s0, 25
core   0: 3 0x80007f3a (0x8065) x 8 0x0000007f
core   0: 0x80007f3c (0x00a91fb3) sll     t6, s2, a0
core   0: 3 0x80007f3c (0x00a91fb3) x31 0x00000000
core   0: 0x80007f40 (0x00409533) sll     a0, ra, tp
core   0: 3 0x80007f40 (0x00409533) x10 0x279c8000
core   0: 0x80007f44 (0x00000001) c.nop
core   0: 3 0x80007f44 (0x0001)
core   0: 0x80007f46 (0x0294cdb3) div     s11, s1, s1
core   0: 3 0x80007f46 (0x0294cdb3) x27 0x00000001
core   0: 0x80007f4a (0x0131b3b3) sltu    t2, gp, s3
core   0: 3 0x80007f4a (0x0131b3b3) x 7 0x00000001
core   0: 0x80007f4e (0x00213333) sltu    t1, sp, sp
core   0: 3 0x80007f4e (0x00213333) x 6 0x00000000
core   0: 0x80007f52 (0x00e1cc33) xor     s8, gp, a4
core   0: 3 0x80007f52 (0x00e1cc33) x24 0xf3ccfffe
core   0: 0x80007f56 (0x410104b3) sub     s1, sp, a6
core   0: 3 0x80007f56 (0x410104b3) x 9 0x7fff035c
core   0: 0x80007f5a (0x0204a933) mulhsu  s2, s1, zero
core   0: 3 0x80007f5a (0x0204a933) x18 0x00000000
core   0: 0x80007f5e (0x00008dbd) c.xor   a1, a5
core   0: 3 0x80007f5e (0x8dbd) x11 0x00000000
core   0: 0x80007f60 (0x00008f29) c.xor   a4, a0
core   0: 3 0x80007f60 (0x8f29) x14 0xd4507fff
core   0: 0x80007f62 (0x03179fb3) mulh    t6, a5, a7
core   0: 3 0x80007f62 (0x03179fb3) x31 0x00000000
core   0: 0x80007f66 (0x03e166b3) rem     a3, sp, t5
core   0: 3 0x80007f66 (0x03e166b3) x13 0x000001c0
core   0: 0x80007f6a (0x00008e9d) c.sub   a3, a5
core   0: 3 0x80007f6a (0x8e9d) x13 0x000001c0
core   0: 0x80007f6c (0x00000cd2) c.slli  s9, 20
core   0: 3 0x80007f6c (0x0cd2) x25 0x00000000
core   0: 0x80007f6e (0x02980a33) mul     s4, a6, s1
core   0: 3 0x80007f6e (0x02980a33) x20 0x04f297f0
core   0: 0x80007f72 (0x40fbd233) sra     tp, s7, a5
core   0: 3 0x80007f72 (0x40fbd233) x 4 0x80013ce4
core   0: 0x80007f76 (0x01b83633) sltu    a2, a6, s11
core   0: 3 0x80007f76 (0x01b83633) x12 0x00000000
core   0: 0x80007f7a (0x00008ce1) c.and   s1, s0
core   0: 3 0x80007f7a (0x8ce1) x 9 0x0000005c
core   0: 0x80007f7c (0x00001808) c.addi4spn a0, sp, 48
core   0: 3 0x80007f7c (0x1808) x10 0x000001f0
core   0: 0x80007f7e (0x00009bfd) c.andi  a5, -1
core   0: 3 0x80007f7e (0x9bfd) x15 0x00000000
core   0: 0x80007f80 (0xbf438097) auipc   ra, 0xbf438
core   0: 3 0x80007f80 (0xbf438097) x 1 0x3f43ff80
core   0: 0x80007f84 (0x00000a6e) c.slli  s4, 27
core   0: 3 0x80007f84 (0x0a6e) x20 0x80000000
core   0: 0x80007f86 (0x0000717d) c.addi16sp sp, -16
core   0: 3 0x80007f86 (0x717d) x 2 0x000001b0
core   0: 0x80007f88 (0x4300f793) andi    a5, ra, 1072
core   0: 3 0x80007f88 (0x4300f793) x15 0x00000400
core   0: 0x80007f8c (0x00008f15) c.sub   a4, a3
core   0: 3 0x80007f8c (0x8f15) x14 0xd4507e3f
core   0: 0x80007f8e (0x03059a33) mulh    s4, a1, a6
core   0: 3 0x80007f8e (0x03059a33) x20 0x00000000
core   0: 0x80007f92 (0x03fedab3) divu    s5, t4, t6
core   0: 3 0x80007f92 (0x03fedab3) x21 0xffffffff
core   0: 0x80007f96 (0x00b9bc33) sltu    s8, s3, a1
core   0: 3 0x80007f96 (0x00b9bc33) x24 0x00000000
core   0: 0x80007f9a (0x00008ce9) c.and   s1, a0
core   0: 3 0x80007f9a (0x8ce9) x 9 0x00000050
core   0: 0x80007f9c (0x00006a69) c.lui   s4, 0x1a
core   0: 3 0x80007f9c (0x6a69) x20 0x0001a000
core   0: 0x80007f9e (0x00008e35) c.xor   a2, a3
core   0: 3 0x80007f9e (0x8e35) x12 0x000001c0
core   0: 0x80007fa0 (0x011de933) or      s2, s11, a7
core   0: 3 0x80007fa0 (0x011de933) x18 0x003fffff
core   0: 0x80007fa4 (0x0000987d) c.andi  s0, -1
core   0: 3 0x80007fa4 (0x987d) x 8 0x0000007f
core   0: 0x80007fa6 (0x400f5993) srai    s3, t5, 0
core   0: 3 0x80007fa6 (0x400f5993) x19 0x00000000
core   0: 0x80007faa (0x00000001) c.nop
core   0: 3 0x80007faa (0x0001)
core   0: 0x80007fac (0x00000001) c.nop
core   0: 3 0x80007fac (0x0001)
core   0: 0x80007fae (0x00004a31) c.li    s4, 12
core   0: 3 0x80007fae (0x4a31) x20 0x0000000c
core   0: 0x80007fb0 (0x000098d6) c.add   a7, s5
core   0: 3 0x80007fb0 (0x98d6) x17 0x003ffffe
core   0: 0x80007fb2 (0x0288c4b3) div     s1, a7, s0
core   0: 3 0x80007fb2 (0x0288c4b3) x 9 0x00008102
core   0: 0x80007fb6 (0x010df0b3) and     ra, s11, a6
core   0: 3 0x80007fb6 (0x010df0b3) x 1 0x00000000
core   0: 0x80007fba (0x03d640b3) div     ra, a2, t4
core   0: 3 0x80007fba (0x03d640b3) x 1 0x00000000
core   0: 0x80007fbe (0x011e3733) sltu    a4, t3, a7
core   0: 3 0x80007fbe (0x011e3733) x14 0x00000001
core   0: 0x80007fc2 (0x000081ee) c.mv    gp, s11
core   0: 3 0x80007fc2 (0x81ee) x 3 0x00000001
core   0: 0x80007fc4 (0x018dbc33) sltu    s8, s11, s8
core   0: 3 0x80007fc4 (0x018dbc33) x24 0x00000000
core   0: 0x80007fc8 (0x6633f693) andi    a3, t2, 1635
core   0: 3 0x80007fc8 (0x6633f693) x13 0x00000001
core   0: 0x80007fcc (0x00008f9d) c.sub   a5, a5
core   0: 3 0x80007fcc (0x8f9d) x15 0x00000000
core   0: 0x80007fce (0x012985b3) add     a1, s3, s2
core   0: 3 0x80007fce (0x012985b3) x11 0x003fffff
core   0: 0x80007fd2 (0x0357e0b3) rem     ra, a5, s5
core   0: 3 0x80007fd2 (0x0357e0b3) x 1 0x00000000
core   0: 0x80007fd6 (0x014c04b3) add     s1, s8, s4
core   0: 3 0x80007fd6 (0x014c04b3) x 9 0x0000000c
core   0: 0x80007fda (0x00000692) c.slli  a3, 4
core   0: 3 0x80007fda (0x0692) x13 0x00000010
core   0: 0x80007fdc (0x01bec4b3) xor     s1, t4, s11
core   0: 3 0x80007fdc (0x01bec4b3) x 9 0xe0004f38
core   0: 0x80007fe0 (0x0000099c) c.addi4spn a5, sp, 208
core   0: 3 0x80007fe0 (0x099c) x15 0x00000280
core   0: 0x80007fe2 (0x037dc8b3) div     a7, s11, s7
core   0: 3 0x80007fe2 (0x037dc8b3) x17 0x00000000
core   0: 0x80007fe6 (0x009111b3) sll     gp, sp, s1
core   0: 3 0x80007fe6 (0x009111b3) x 3 0xb0000000
core   0: 0x80007fea (0x01d7dd33) srl     s10, a5, t4
core   0: 3 0x80007fea (0x01d7dd33) x26 0x00000000
core   0: 0x80007fee (0x00008d45) c.or    a0, s1
core   0: 3 0x80007fee (0x8d45) x10 0xe0004ff8
core   0: 0x80007ff0 (0x00008f4d) c.or    a4, a1
core   0: 3 0x80007ff0 (0x8f4d) x14 0x003fffff
core   0: 0x80007ff2 (0x0042d6b3) srl     a3, t0, tp
core   0: 3 0x80007ff2 (0x0042d6b3) x13 0x00000000
core   0: 0x80007ff6 (0x0000527d) c.li    tp, -1
core   0: 3 0x80007ff6 (0x527d) x 4 0xffffffff
core   0: 0x80007ff8 (0xf59ad337) lui     t1, 0xf59ad
core   0: 3 0x80007ff8 (0xf59ad337) x 6 0xf59ad000
core   0: 0x80007ffc (0x0000850a) c.mv    a0, sp
core   0: 3 0x80007ffc (0x850a) x10 0x000001b0
core   0: 0x80007ffe (0x41945693) srai    a3, s0, 25
core   0: 3 0x80007ffe (0x41945693) x13 0x00000000
core   0: 0x80008002 (0x020a00b3) mul     ra, s4, zero
core   0: 3 0x80008002 (0x020a00b3) x 1 0x00000000
core   0: 0x80008006 (0x419ad6b3) sra     a3, s5, s9
core   0: 3 0x80008006 (0x419ad6b3) x13 0xffffffff
core   0: 0x8000800a (0x00008fc1) c.or    a5, s0
core   0: 3 0x8000800a (0x8fc1) x15 0x000002ff
core   0: 0x8000800c (0x80000c37) lui     s8, 0x80000
core   0: 3 0x8000800c (0x80000c37) x24 0x80000000
core   0: 0x80008010 (0xfff00413) li      s0, -1
core   0: 3 0x80008010 (0xfff00413) x 8 0xffffffff
core   0: 0x80008014 (0x4b839237) lui     tp, 0x4b839
core   0: 3 0x80008014 (0x4b839237) x 4 0x4b839000
core   0: 0x80008018 (0x77f20213) addi    tp, tp, 1919
core   0: 3 0x80008018 (0x77f20213) x 4 0x4b83977f
core   0: 0x8000801c (0x00004d01) c.li    s10, 0
core   0: 3 0x8000801c (0x4d01) x26 0x00000000
core   0: 0x8000801e (0x759d68b7) lui     a7, 0x759d6
core   0: 3 0x8000801e (0x759d68b7) x17 0x759d6000
core   0: 0x80008022 (0xeb488893) addi    a7, a7, -332
core   0: 3 0x80008022 (0xeb488893) x17 0x759d5eb4
core   0: 0x80008026 (0xfff00e13) li      t3, -1
core   0: 3 0x80008026 (0xfff00e13) x28 0xffffffff
core   0: 0x8000802a (0x80000337) lui     t1, 0x80000
core   0: 3 0x8000802a (0x80000337) x 6 0x80000000
core   0: 0x8000802e (0x80000a37) lui     s4, 0x80000
core   0: 3 0x8000802e (0x80000a37) x20 0x80000000
core   0: 0x80008032 (0x05c750b7) lui     ra, 0x5c75
core   0: 3 0x80008032 (0x05c750b7) x 1 0x05c75000
core   0: 0x80008036 (0x11c08093) addi    ra, ra, 284
core   0: 3 0x80008036 (0x11c08093) x 1 0x05c7511c
core   0: 0x8000803a (0x00004781) c.li    a5, 0
core   0: 3 0x8000803a (0x4781) x15 0x00000000
core   0: 0x8000803c (0x03a8d8b3) divu    a7, a7, s10
core   0: 3 0x8000803c (0x03a8d8b3) x17 0xffffffff
core   0: 0x80008040 (0x40f30233) sub     tp, t1, a5
core   0: 3 0x80008040 (0x40f30233) x 4 0x80000000
core   0: 0x80008044 (0xa65e0d13) addi    s10, t3, -1435
core   0: 3 0x80008044 (0xa65e0d13) x26 0xfffffa64
core   0: 0x80008048 (0x0217a433) mulhsu  s0, a5, ra
core   0: 3 0x80008048 (0x0217a433) x 8 0x00000000
core   0: 0x8000804c (0x00000001) c.nop
core   0: 3 0x8000804c (0x0001)
core   0: 0x8000804e (0x00009406) c.add   s0, ra
core   0: 3 0x8000804e (0x9406) x 8 0x05c7511c
core   0: 0x80008050 (0x0e078d13) addi    s10, a5, 224
core   0: 3 0x80008050 (0x0e078d13) x26 0x000000e0
core   0: 0x80008054 (0x02fe3433) mulhu   s0, t3, a5
core   0: 3 0x80008054 (0x02fe3433) x 8 0x00000000
core   0: 0x80008058 (0x026c58b3) divu    a7, s8, t1
core   0: 3 0x80008058 (0x026c58b3) x17 0x00000001
core   0: 0x8000805c (0x026a67b3) rem     a5, s4, t1
core   0: 3 0x8000805c (0x026a67b3) x15 0x00000000
core   0: 0x80008060 (0x034790b3) mulh    ra, a5, s4
core   0: 3 0x80008060 (0x034790b3) x 1 0x00000000
core   0: 0x80008064 (0x55f3e8b7) lui     a7, 0x55f3e
core   0: 3 0x80008064 (0x55f3e8b7) x17 0x55f3e000
core   0: 0x80008068 (0x02478a33) mul     s4, a5, tp
core   0: 3 0x80008068 (0x02478a33) x20 0x00000000
core   0: 0x8000806c (0x03c307b3) mul     a5, t1, t3
core   0: 3 0x8000806c (0x03c307b3) x15 0x80000000
core   0: 0x80008070 (0x02f0a7b3) mulhsu  a5, ra, a5
core   0: 3 0x80008070 (0x02f0a7b3) x15 0x00000000
core   0: 0x80008074 (0x5a015e37) lui     t3, 0x5a015
core   0: 3 0x80008074 (0x5a015e37) x28 0x5a015000
core   0: 0x80008078 (0x026330b3) mulhu   ra, t1, t1
core   0: 3 0x80008078 (0x026330b3) x 1 0x40000000
core   0: 0x8000807c (0x028457b3) divu    a5, s0, s0
core   0: 3 0x8000807c (0x028457b3) x15 0xffffffff
core   0: 0x80008080 (0x73914c37) lui     s8, 0x73914
core   0: 3 0x80008080 (0x73914c37) x24 0x73914000
core   0: 0x80008084 (0x5e104993) xori    s3, zero, 1505
core   0: 3 0x80008084 (0x5e104993) x19 0x000005e1
core   0: 0x80008088 (0x0000640d) c.lui   s0, 0x3
core   0: 3 0x80008088 (0x640d) x 8 0x00003000
core   0: 0x8000808a (0x5b4b0993) addi    s3, s6, 1460
core   0: 3 0x8000808a (0x5b4b0993) x19 0x000005c2
core   0: 0x8000808e (0xf881e8b7) lui     a7, 0xf881e
core   0: 3 0x8000808e (0xf881e8b7) x17 0xf881e000
core   0: 0x80008092 (0x00008526) c.mv    a0, s1
core   0: 3 0x80008092 (0x8526) x10 0xe0004f38
core   0: 0x80008094 (0x01d19e13) slli    t3, gp, 29
core   0: 3 0x80008094 (0x01d19e13) x28 0x00000000
core   0: 0x80008098 (0x00008ffd) c.and   a5, a5
core   0: 3 0x80008098 (0x8ffd) x15 0xffffffff
core   0: 0x8000809a (0x79bc54b7) lui     s1, 0x79bc5
core   0: 3 0x8000809a (0x79bc54b7) x 9 0x79bc5000
core   0: 0x8000809e (0x009683b3) add     t2, a3, s1
core   0: 3 0x8000809e (0x009683b3) x 7 0x79bc4fff
core   0: 0x800080a2 (0x1e1b2893) slti    a7, s6, 481
core   0: 3 0x800080a2 (0x1e1b2893) x17 0x00000001
core   0: 0x800080a6 (0x00008d19) c.sub   a0, a4
core   0: 3 0x800080a6 (0x8d19) x10 0xdfc04f39
core   0: 0x800080a8 (0x00000d92) c.slli  s11, 4
core   0: 3 0x800080a8 (0x0d92) x27 0x00000010
core   0: 0x800080aa (0x02b55033) divu    zero, a0, a1
core   0: 3 0x800080aa (0x02b55033)
core   0: 0x800080ae (0x27167513) andi    a0, a2, 625
core   0: 3 0x800080ae (0x27167513) x10 0x00000040
core   0: 0x800080b2 (0x02b65e33) divu    t3, a2, a1
core   0: 3 0x800080b2 (0x02b65e33) x28 0x00000000
core   0: 0x800080b6 (0x0000614d) c.addi16sp sp, 176
core   0: 3 0x800080b6 (0x614d) x 2 0x00000260
core   0: 0x800080b8 (0x4882a893) slti    a7, t0, 1160
core   0: 3 0x800080b8 (0x4882a893) x17 0x00000001
core   0: 0x800080bc (0x40eed093) srai    ra, t4, 14
core   0: 3 0x800080bc (0x40eed093) x 1 0xffff8001
core   0: 0x800080c0 (0x019a0233) add     tp, s4, s9
core   0: 3 0x800080c0 (0x019a0233) x 4 0x00000000
core   0: 0x800080c4 (0x0000099d) c.addi  s3, 7
core   0: 3 0x800080c4 (0x099d) x19 0x000005c9
core   0: 0x800080c6 (0x0000717d) c.addi16sp sp, -16
core   0: 3 0x800080c6 (0x717d) x 2 0x00000250
core   0: 0x800080c8 (0x0397c9b3) div     s3, a5, s9
core   0: 3 0x800080c8 (0x0397c9b3) x19 0xffffffff
core   0: 0x800080cc (0x0000717d) c.addi16sp sp, -16
core   0: 3 0x800080cc (0x717d) x 2 0x00000240
core   0: 0x800080ce (0x00006ff5) c.lui   t6, 0x1d
core   0: 3 0x800080ce (0x6ff5) x31 0x0001d000
core   0: 0x800080d0 (0x96f47193) andi    gp, s0, -1681
core   0: 3 0x800080d0 (0x96f47193) x 3 0x00003000
core   0: 0x800080d4 (0x02b970b3) remu    ra, s2, a1
core   0: 3 0x800080d4 (0x02b970b3) x 1 0x00000000
core   0: 0x800080d8 (0x00009f1e) c.add   t5, t2
core   0: 3 0x800080d8 (0x9f1e) x30 0x79bc4fff
core   0: 0x800080da (0x034033b3) mulhu   t2, zero, s4
core   0: 3 0x800080da (0x034033b3) x 7 0x00000000
core   0: 0x800080de (0x000011fd) c.addi  gp, -1
core   0: 3 0x800080de (0x11fd) x 3 0x00002fff
core   0: 0x800080e0 (0x412edf93) srai    t6, t4, 18
core   0: 3 0x800080e0 (0x412edf93) x31 0xfffff800
core   0: 0x800080e4 (0x130c3d93) sltiu   s11, s8, 304
core   0: 3 0x800080e4 (0x130c3d93) x27 0x00000000
core   0: 0x800080e8 (0xc744ae13) slti    t3, s1, -908
core   0: 3 0x800080e8 (0xc744ae13) x28 0x00000000
core   0: 0x800080ec (0x8d46c213) xori    tp, a3, -1836
core   0: 3 0x800080ec (0x8d46c213) x 4 0x0000072b
core   0: 0x800080f0 (0x99e67713) andi    a4, a2, -1634
core   0: 3 0x800080f0 (0x99e67713) x14 0x00000180
core   0: 0x800080f4 (0x34eb3737) lui     a4, 0x34eb3
core   0: 3 0x800080f4 (0x34eb3737) x14 0x34eb3000
core   0: 0x800080f8 (0x00008e85) c.sub   a3, s1
core   0: 3 0x800080f8 (0x8e85) x13 0x8643afff
core   0: 0x800080fa (0x000059fd) c.li    s3, -1
core   0: 3 0x800080fa (0x59fd) x19 0xffffffff
core   0: 0x800080fc (0x02548233) mul     tp, s1, t0
core   0: 3 0x800080fc (0x02548233) x 4 0x00000000
core   0: 0x80008100 (0x02715033) divu    zero, sp, t2
core   0: 3 0x80008100 (0x02715033)
core   0: 0x80008104 (0x03aa7eb3) remu    t4, s4, s10
core   0: 3 0x80008104 (0x03aa7eb3) x29 0x00000000
core   0: 0x80008108 (0x009cd933) srl     s2, s9, s1
core   0: 3 0x80008108 (0x009cd933) x18 0x00000000
core   0: 0x8000810c (0x5e4bce13) xori    t3, s7, 1508
core   0: 3 0x8000810c (0x5e4bce13) x28 0x80013900
core   0: 0x80008110 (0x0000860d) c.srai  a2, 3
core   0: 3 0x80008110 (0x860d) x12 0x00000038
core   0: 0x80008112 (0x006c9e93) slli    t4, s9, 6
core   0: 3 0x80008112 (0x006c9e93) x29 0x00000000
core   0: 0x80008116 (0x00008c55) c.or    s0, a3
core   0: 3 0x80008116 (0x8c55) x 8 0x8643bfff
core   0: 0x80008118 (0x02633f33) mulhu   t5, t1, t1
core   0: 3 0x80008118 (0x02633f33) x30 0x40000000
core   0: 0x8000811c (0xc4212713) slti    a4, sp, -958
core   0: 3 0x8000811c (0xc4212713) x14 0x00000000
core   0: 0x80008120 (0x02e7a1b3) mulhsu  gp, a5, a4
core   0: 3 0x80008120 (0x02e7a1b3) x 3 0x00000000
core   0: 0x80008124 (0x17f62793) slti    a5, a2, 383
core   0: 3 0x80008124 (0x17f62793) x15 0x00000001
core   0: 0x80008128 (0x00001f18) c.addi4spn a4, sp, 944
core   0: 3 0x80008128 (0x1f18) x14 0x000005f0
core   0: 0x8000812a (0x00008e09) c.sub   a2, a0
core   0: 3 0x8000812a (0x8e09) x12 0xfffffff8
core   0: 0x8000812c (0x00006169) c.addi16sp sp, 208
core   0: 3 0x8000812c (0x6169) x 2 0x00000310
core   0: 0x8000812e (0x0392bab3) mulhu   s5, t0, s9
core   0: 3 0x8000812e (0x0392bab3) x21 0x00000000
core   0: 0x80008132 (0x8ce4d637) lui     a2, 0x8ce4d
core   0: 3 0x80008132 (0x8ce4d637) x12 0x8ce4d000
core   0: 0x80008136 (0x00008ced) c.and   s1, a1
core   0: 3 0x80008136 (0x8ced) x 9 0x003c5000
core   0: 0x80008138 (0xf334b113) sltiu   sp, s1, -205
core   0: 3 0x80008138 (0xf334b113) x 2 0x00000001
core   0: 0x8000813c (0xcda5c193) xori    gp, a1, -806
core   0: 3 0x8000813c (0xcda5c193) x 3 0xffc00325
core   0: 0x80008140 (0xb0666c93) ori     s9, a2, -1274
core   0: 3 0x80008140 (0xb0666c93) x25 0xfffffb06
core   0: 0x80008144 (0x000008b9) c.addi  a7, 14
core   0: 3 0x80008144 (0x08b9) x17 0x0000000f
core   0: 0x80008146 (0x004a4533) xor     a0, s4, tp
core   0: 3 0x80008146 (0x004a4533) x10 0x00000000
core   0: 0x8000814a (0x0382a0b3) mulhsu  ra, t0, s8
core   0: 3 0x8000814a (0x0382a0b3) x 1 0x00000000
core   0: 0x8000814e (0x41660cb3) sub     s9, a2, s6
core   0: 3 0x8000814e (0x41660cb3) x25 0x8ce4cff2
core   0: 0x80008152 (0x00008c05) c.sub   s0, s1
core   0: 3 0x80008152 (0x8c05) x 8 0x86076fff
core   0: 0x80008154 (0x00009276) c.add   tp, t4
core   0: 3 0x80008154 (0x9276) x 4 0x00000000
core   0: 0x80008156 (0x000083dd) c.srli  a5, 23
core   0: 3 0x80008156 (0x83dd) x15 0x00000000
core   0: 0x80008158 (0x000086dd) c.srai  a3, 23
core   0: 3 0x80008158 (0x86dd) x13 0xffffff0c
core   0: 0x8000815a (0x0000064a) c.slli  a2, 18
core   0: 3 0x8000815a (0x064a) x12 0x40000000
core   0: 0x8000815c (0x0000836e) c.mv    t1, s11
core   0: 3 0x8000815c (0x836e) x 6 0x00000000
core   0: 0x8000815e (0x00001d7d) c.addi  s10, -1
core   0: 3 0x8000815e (0x1d7d) x26 0x000000df
core   0: 0x80008160 (0x00008ec9) c.or    a3, a0
core   0: 3 0x80008160 (0x8ec9) x13 0xffffff0c
core   0: 0x80008162 (0xa5f38113) addi    sp, t2, -1441
core   0: 3 0x80008162 (0xa5f38113) x 2 0xfffffa5f
core   0: 0x80008166 (0x58f7a893) slti    a7, a5, 1423
core   0: 3 0x80008166 (0x58f7a893) x17 0x00000001
core   0: 0x8000816a (0x035ea533) mulhsu  a0, t4, s5
core   0: 3 0x8000816a (0x035ea533) x10 0x00000000
core   0: 0x8000816e (0x0099b333) sltu    t1, s3, s1
core   0: 3 0x8000816e (0x0099b333) x 6 0x00000000
core   0: 0x80008172 (0x000098ee) c.add   a7, s11
core   0: 3 0x80008172 (0x98ee) x17 0x00000001
core   0: 0x80008174 (0x0000987d) c.andi  s0, -1
core   0: 3 0x80008174 (0x987d) x 8 0x86076fff
core   0: 0x80008176 (0x5909ad93) slti    s11, s3, 1424
core   0: 3 0x80008176 (0x5909ad93) x27 0x00000001
core   0: 0x8000817a (0x0000717d) c.addi16sp sp, -16
core   0: 3 0x8000817a (0x717d) x 2 0xfffffa4f
core   0: 0x8000817c (0x573bd617) auipc   a2, 0x573bd
core   0: 3 0x8000817c (0x573bd617) x12 0xd73c517c
core   0: 0x80008180 (0x01cfb133) sltu    sp, t6, t3
core   0: 3 0x80008180 (0x01cfb133) x 2 0x00000000
core   0: 0x80008184 (0x4092d613) srai    a2, t0, 9
core   0: 3 0x80008184 (0x4092d613) x12 0x00000000
core   0: 0x80008188 (0x00000001) c.nop
core   0: 3 0x80008188 (0x0001)
core   0: 0x8000818a (0x00008aa6) c.mv    s5, s1
core   0: 3 0x8000818a (0x8aa6) x21 0x003c5000
core   0: 0x8000818c (0x000088fe) c.mv    a7, t6
core   0: 3 0x8000818c (0x88fe) x17 0xfffff800
core   0: 0x8000818e (0x00006145) c.addi16sp sp, 48
core   0: 3 0x8000818e (0x6145) x 2 0x00000030
core   0: 0x80008190 (0x00000001) c.nop
core   0: 3 0x80008190 (0x0001)
core   0: 0x80008192 (0x00008919) c.andi  a0, 6
core   0: 3 0x80008192 (0x8919) x10 0x00000000
core   0: 0x80008194 (0x00004655) c.li    a2, 21
core   0: 3 0x80008194 (0x4655) x12 0x00000015
core   0: 0x80008196 (0x00008fe1) c.and   a5, s0
core   0: 3 0x80008196 (0x8fe1) x15 0x00000000
core   0: 0x80008198 (0x4c7cc597) auipc   a1, 0x4c7cc
core   0: 3 0x80008198 (0x4c7cc597) x11 0xcc7d4198
core   0: 0x8000819c (0x00000e12) c.slli  t3, 4
core   0: 3 0x8000819c (0x0e12) x28 0x00139000
core   0: 0x8000819e (0x000521b3) slt     gp, a0, zero
core   0: 3 0x8000819e (0x000521b3) x 3 0x00000000
core   0: 0x800081a2 (0x0031e2b3) or      t0, gp, gp
core   0: 3 0x800081a2 (0x0031e2b3) x 5 0x00000000
core   0: 0x800081a6 (0x016ed593) srli    a1, t4, 22
core   0: 3 0x800081a6 (0x016ed593) x11 0x00000000
core   0: 0x800081aa (0x5d583593) sltiu   a1, a6, 1493
core   0: 3 0x800081aa (0x5d583593) x11 0x00000000
core   0: 0x800081ae (0x00000d7d) c.addi  s10, 31
core   0: 3 0x800081ae (0x0d7d) x26 0x000000fe
core   0: 0x800081b0 (0x000085e5) c.srai  a1, 25
core   0: 3 0x800081b0 (0x85e5) x11 0x00000000
core   0: 0x800081b2 (0x7f708493) addi    s1, ra, 2039
core   0: 3 0x800081b2 (0x7f708493) x 9 0x000007f7
core   0: 0x800081b6 (0xc47bae93) slti    t4, s7, -953
core   0: 3 0x800081b6 (0xc47bae93) x29 0x00000001
core   0: 0x800081ba (0x000002e2) c.slli  t0, 24
core   0: 3 0x800081ba (0x02e2) x 5 0x00000000
core   0: 0x800081bc (0x00eea2b3) slt     t0, t4, a4
core   0: 3 0x800081bc (0x00eea2b3) x 5 0x00000001
core   0: 0x800081c0 (0x03fdb4b3) mulhu   s1, s11, t6
core   0: 3 0x800081c0 (0x03fdb4b3) x 9 0x00000000
core   0: 0x800081c4 (0x0137b2b3) sltu    t0, a5, s3
core   0: 3 0x800081c4 (0x0137b2b3) x 5 0x00000001
core   0: 0x800081c8 (0x0000177d) c.addi  a4, -1
core   0: 3 0x800081c8 (0x177d) x14 0x000005ef
core   0: 0x800081ca (0x00006759) c.lui   a4, 0x16
core   0: 3 0x800081ca (0x6759) x14 0x00016000
core   0: 0x800081cc (0x645e24b7) lui     s1, 0x645e2
core   0: 3 0x800081cc (0x645e24b7) x 9 0x645e2000
core   0: 0x800081d0 (0x00000001) c.nop
core   0: 3 0x800081d0 (0x0001)
core   0: 0x800081d2 (0x95bd3a13) sltiu   s4, s10, -1701
core   0: 3 0x800081d2 (0x95bd3a13) x20 0x00000001
core   0: 0x800081d6 (0x03c721b3) mulhsu  gp, a4, t3
core   0: 3 0x800081d6 (0x03c721b3) x 3 0x0000001a
core   0: 0x800081da (0x02fdaab3) mulhsu  s5, s11, a5
core   0: 3 0x800081da (0x02fdaab3) x21 0x00000000
core   0: 0x800081de (0x01f51433) sll     s0, a0, t6
core   0: 3 0x800081de (0x01f51433) x 8 0x00000000
core   0: 0x800081e2 (0x000047b9) c.li    a5, 14
core   0: 3 0x800081e2 (0x47b9) x15 0x0000000e
core   0: 0x800081e4 (0xac393397) auipc   t2, 0xac393
core   0: 3 0x800081e4 (0xac393397) x 7 0x2c39b1e4
core   0: 0x800081e8 (0x00008c11) c.sub   s0, a2
core   0: 3 0x800081e8 (0x8c11) x 8 0xffffffeb
core   0: 0x800081ea (0x0000836d) c.srli  a4, 27
core   0: 3 0x800081ea (0x836d) x14 0x00000000
core   0: 0x800081ec (0x014c1493) slli    s1, s8, 20
core   0: 3 0x800081ec (0x014c1493) x 9 0x00000000
core   0: 0x800081f0 (0x02e1c3b3) div     t2, gp, a4
core   0: 3 0x800081f0 (0x02e1c3b3) x 7 0xffffffff
core   0: 0x800081f4 (0x00008be5) c.andi  a5, 25
core   0: 3 0x800081f4 (0x8be5) x15 0x00000008
core   0: 0x800081f6 (0x13ec8793) addi    a5, s9, 318
core   0: 3 0x800081f6 (0x13ec8793) x15 0x8ce4d130
core   0: 0x800081fa (0x03fc1cb3) mulh    s9, s8, t6
core   0: 3 0x800081fa (0x03fc1cb3) x25 0xfffffc63
core   0: 0x800081fe (0x0000997d) c.andi  a0, -1
core   0: 3 0x800081fe (0x997d) x10 0x00000000
core   0: 0x80008200 (0x02c0e8b3) rem     a7, ra, a2
core   0: 3 0x80008200 (0x02c0e8b3) x17 0x00000000
core   0: 0x80008204 (0x00008105) c.srli  a0, 1
core   0: 3 0x80008204 (0x8105) x10 0x00000000
core   0: 0x80008206 (0x00f779b3) and     s3, a4, a5
core   0: 3 0x80008206 (0x00f779b3) x19 0x00000000
core   0: 0x8000820a (0x00009442) c.add   s0, a6
core   0: 3 0x8000820a (0x9442) x 8 0x8000fe4f
core   0: 0x8000820c (0x00c125b3) slt     a1, sp, a2
core   0: 3 0x8000820c (0x00c125b3) x11 0x00000000
core   0: 0x80008210 (0x00049133) sll     sp, s1, zero
core   0: 3 0x80008210 (0x00049133) x 2 0x00000000
core   0: 0x80008214 (0x00008fc1) c.or    a5, s0
core   0: 3 0x80008214 (0x8fc1) x15 0x8ce4ff7f
core   0: 0x80008216 (0x0080a233) slt     tp, ra, s0
core   0: 3 0x80008216 (0x0080a233) x 4 0x00000000
core   0: 0x8000821a (0x028dbd33) mulhu   s10, s11, s0
core   0: 3 0x8000821a (0x028dbd33) x26 0x00000000
core   0: 0x8000821e (0x00bd6c33) or      s8, s10, a1
core   0: 3 0x8000821e (0x00bd6c33) x24 0x00000000
core   0: 0x80008222 (0x00820533) add     a0, tp, s0
core   0: 3 0x80008222 (0x00820533) x10 0x8000fe4f
core   0: 0x80008226 (0x0000612d) c.addi16sp sp, 224
core   0: 3 0x80008226 (0x612d) x 2 0x000000e0
core   0: 0x80008228 (0x00008ca1) c.xor   s1, s0
core   0: 3 0x80008228 (0x8ca1) x 9 0x8000fe4f
core   0: 0x8000822a (0x416e8c33) sub     s8, t4, s6
core   0: 3 0x8000822a (0x416e8c33) x24 0xfffffff3
core   0: 0x8000822e (0x00000001) c.nop
core   0: 3 0x8000822e (0x0001)
core   0: 0x80008230 (0xfbaefa13) andi    s4, t4, -70
core   0: 3 0x80008230 (0xfbaefa13) x20 0x00000000
core   0: 0x80008234 (0x00000001) c.nop
core   0: 3 0x80008234 (0x0001)
core   0: 0x80008236 (0x0396fa33) remu    s4, a3, s9
core   0: 3 0x80008236 (0x0396fa33) x20 0x000002a9
core   0: 0x8000823a (0xf9ec8897) auipc   a7, 0xf9ec8
core   0: 3 0x8000823a (0xf9ec8897) x17 0x79ed023a
core   0: 0x8000823e (0x00008b81) c.andi  a5, 0
core   0: 3 0x8000823e (0x8b81) x15 0x00000000
core   0: 0x80008240 (0x00009d16) c.add   s10, t0
core   0: 3 0x80008240 (0x9d16) x26 0x00000001
core   0: 0x80008242 (0x00008c15) c.sub   s0, a3
core   0: 3 0x80008242 (0x8c15) x 8 0x8000ff43
core   0: 0x80008244 (0x412ed033) sra     zero, t4, s2
core   0: 3 0x80008244 (0x412ed033)
core   0: 0x80008248 (0x03e2d9b3) divu    s3, t0, t5
core   0: 3 0x80008248 (0x03e2d9b3) x19 0x00000000
core   0: 0x8000824c (0x00004ff1) c.li    t6, 28
core   0: 3 0x8000824c (0x4ff1) x31 0x0000001c
core   0: 0x8000824e (0x00008c89) c.sub   s1, a0
core   0: 3 0x8000824e (0x8c89) x 9 0x00000000
core   0: 0x80008250 (0x01102c33) slt     s8, zero, a7
core   0: 3 0x80008250 (0x01102c33) x24 0x00000001
core   0: 0x80008254 (0x00000288) c.addi4spn a0, sp, 320
core   0: 3 0x80008254 (0x0288) x10 0x00000220
core   0: 0x80008256 (0x411f50b3) sra     ra, t5, a7
core   0: 3 0x80008256 (0x411f50b3) x 1 0x00000010
core   0: 0x8000825a (0x00059193) slli    gp, a1, 0
core   0: 3 0x8000825a (0x00059193) x 3 0x00000000
core   0: 0x8000825e (0x000086b6) c.mv    a3, a3
core   0: 3 0x8000825e (0x86b6) x13 0xffffff0c
core   0: 0x80008260 (0x0000717d) c.addi16sp sp, -16
core   0: 3 0x80008260 (0x717d) x 2 0x000000d0
core   0: 0x80008262 (0x020f32b3) mulhu   t0, t5, zero
core   0: 3 0x80008262 (0x020f32b3) x 5 0x00000000
core   0: 0x80008266 (0x003d59b3) srl     s3, s10, gp
core   0: 3 0x80008266 (0x003d59b3) x19 0x00000001
core   0: 0x8000826a (0x4e286613) ori     a2, a6, 1250
core   0: 3 0x8000826a (0x4e286613) x12 0x8000fee6
core   0: 0x8000826e (0x00e564b3) or      s1, a0, a4
core   0: 3 0x8000826e (0x00e564b3) x 9 0x00000220
core   0: 0x80008272 (0x0000717d) c.addi16sp sp, -16
core   0: 3 0x80008272 (0x717d) x 2 0x000000c0
core   0: 0x80008274 (0x00009c1e) c.add   s8, t2
core   0: 3 0x80008274 (0x9c1e) x24 0x00000000
core   0: 0x80008276 (0x57a23e13) sltiu   t3, tp, 1402
core   0: 3 0x80008276 (0x57a23e13) x28 0x00000001
core   0: 0x8000827a (0x00004f33) xor     t5, zero, zero
core   0: 3 0x8000827a (0x00004f33) x30 0x00000000
core   0: 0x8000827e (0x005239b3) sltu    s3, tp, t0
core   0: 3 0x8000827e (0x005239b3) x19 0x00000000
core   0: 0x80008282 (0x00008ea5) c.xor   a3, s1
core   0: 3 0x80008282 (0x8ea5) x13 0xfffffd2c
core   0: 0x80008284 (0x4165d913) srai    s2, a1, 22
core   0: 3 0x80008284 (0x4165d913) x18 0x00000000
core   0: 0x80008288 (0x02552433) mulhsu  s0, a0, t0
core   0: 3 0x80008288 (0x02552433) x 8 0x00000000
core   0: 0x8000828c (0x023559b3) divu    s3, a0, gp
core   0: 3 0x8000828c (0x023559b3) x19 0xffffffff
core   0: 0x80008290 (0x000083ee) c.mv    t2, s11
core   0: 3 0x80008290 (0x83ee) x 7 0x00000001
core   0: 0x80008292 (0x417d5cb3) sra     s9, s10, s7
core   0: 3 0x80008292 (0x417d5cb3) x25 0x00000000
core   0: 0x80008296 (0x02b0b133) mulhu   sp, ra, a1
core   0: 3 0x80008296 (0x02b0b133) x 2 0x00000000
core   0: 0x8000829a (0xd921e013) ori     zero, gp, -622
core   0: 3 0x8000829a (0xd921e013)
core   0: 0x8000829e (0x96114593) xori    a1, sp, -1695
core   0: 3 0x8000829e (0x96114593) x11 0xfffff961
core   0: 0x800082a2 (0x418adc33) sra     s8, s5, s8
core   0: 3 0x800082a2 (0x418adc33) x24 0x00000000
core   0: 0x800082a6 (0xc791c713) xori    a4, gp, -903
core   0: 3 0x800082a6 (0xc791c713) x14 0xfffffc79
core   0: 0x800082aa (0x014fb233) sltu    tp, t6, s4
core   0: 3 0x800082aa (0x014fb233) x 4 0x00000001
core   0: 0x800082ae (0x02a16f33) rem     t5, sp, a0
core   0: 3 0x800082ae (0x02a16f33) x30 0x00000000
core   0: 0x800082b2 (0x000056fd) c.li    a3, -1
core   0: 3 0x800082b2 (0x56fd) x13 0xffffffff
core   0: 0x800082b4 (0x00009a86) c.add   s5, ra
core   0: 3 0x800082b4 (0x9a86) x21 0x00000010
core   0: 0x800082b6 (0xd010dc17) auipc   s8, 0xd010d
core   0: 3 0x800082b6 (0xd010dc17) x24 0x501152b6
core   0: 0x800082ba (0xf502bdb7) lui     s11, 0xf502b
core   0: 3 0x800082ba (0xf502bdb7) x27 0xf502b000
core   0: 0x800082be (0x01afa0b3) slt     ra, t6, s10
core   0: 3 0x800082be (0x01afa0b3) x 1 0x00000000
core   0: 0x800082c2 (0x01197d33) and     s10, s2, a7
core   0: 3 0x800082c2 (0x01197d33) x26 0x00000000
core   0: 0x800082c6 (0xcc1b4113) xori    sp, s6, -831
core   0: 3 0x800082c6 (0xcc1b4113) x 2 0xfffffccf
core   0: 0x800082ca (0x00008e69) c.and   a2, a0
core   0: 3 0x800082ca (0x8e69) x12 0x00000220
core   0: 0x800082cc (0x00bd9c33) sll     s8, s11, a1
core   0: 3 0x800082cc (0x00bd9c33) x24 0xea056000
core   0: 0x800082d0 (0x00009d8a) c.add   s11, sp
core   0: 3 0x800082d0 (0x9d8a) x27 0xf502accf
core   0: 0x800082d2 (0x02834f33) div     t5, t1, s0
core   0: 3 0x800082d2 (0x02834f33) x30 0xffffffff
core   0: 0x800082d6 (0x017fa9b3) slt     s3, t6, s7
core   0: 3 0x800082d6 (0x017fa9b3) x19 0x00000000
core   0: 0x800082da (0xdfaa7093) andi    ra, s4, -518
core   0: 3 0x800082da (0xdfaa7093) x 1 0x000000a8
core   0: 0x800082de (0x00000001) c.nop
core   0: 3 0x800082de (0x0001)
core   0: 0x800082e0 (0x414cd413) srai    s0, s9, 20
core   0: 3 0x800082e0 (0x414cd413) x 8 0x00000000
core   0: 0x800082e4 (0xaea4cf13) xori    t5, s1, -1302
core   0: 3 0x800082e4 (0xaea4cf13) x30 0xfffff8ca
core   0: 0x800082e8 (0x006be2b3) or      t0, s7, t1
core   0: 3 0x800082e8 (0x006be2b3) x 5 0x80013ce4
core   0: 0x800082ec (0x00008ee5) c.and   a3, s1
core   0: 3 0x800082ec (0x8ee5) x13 0x00000220
core   0: 0x800082ee (0x020c18b3) mulh    a7, s8, zero
core   0: 3 0x800082ee (0x020c18b3) x17 0x00000000
core   0: 0x800082f2 (0x00008fad) c.xor   a5, a1
core   0: 3 0x800082f2 (0x8fad) x15 0xfffff961
core   0: 0x800082f4 (0x010e63b3) or      t2, t3, a6
core   0: 3 0x800082f4 (0x010e63b3) x 7 0x8000fe65
core   0: 0x800082f8 (0x000093aa) c.add   t2, a0
core   0: 3 0x800082f8 (0x93aa) x 7 0x80010085
core   0: 0x800082fa (0x000064d5) c.lui   s1, 0x15
core   0: 3 0x800082fa (0x64d5) x 9 0x00015000
core   0: 0x800082fc (0x00004479) c.li    s0, 30
core   0: 3 0x800082fc (0x4479) x 8 0x0000001e
core   0: 0x800082fe (0x00008fed) c.and   a5, a1
core   0: 3 0x800082fe (0x8fed) x15 0xfffff961
core   0: 0x80008300 (0x00009ece) c.add   t4, s3
core   0: 3 0x80008300 (0x9ece) x29 0x00000001
core   0: 0x80008302 (0x035d31b3) mulhu   gp, s10, s5
core   0: 3 0x80008302 (0x035d31b3) x 3 0x00000000
core   0: 0x80008306 (0x0000943e) c.add   s0, a5
core   0: 3 0x80008306 (0x943e) x 8 0xfffff97f
core   0: 0x80008308 (0x154ef193) andi    gp, t4, 340
core   0: 3 0x80008308 (0x154ef193) x 3 0x00000000
core   0: 0x8000830c (0x00000986) c.slli  s3, 1
core   0: 3 0x8000830c (0x0986) x19 0x00000000
core   0: 0x8000830e (0x000098b6) c.add   a7, a3
core   0: 3 0x8000830e (0x98b6) x17 0x00000220
core   0: 0x80008310 (0x0000547d) c.li    s0, -1
core   0: 3 0x80008310 (0x547d) x 8 0xffffffff
core   0: 0x80008312 (0x00006621) c.lui   a2, 0x8
core   0: 3 0x80008312 (0x6621) x12 0x00008000
core   0: 0x80008314 (0x01e7a133) slt     sp, a5, t5
core   0: 3 0x80008314 (0x01e7a133) x 2 0x00000000
core   0: 0x80008318 (0x2cb47013) andi    zero, s0, 715
core   0: 3 0x80008318 (0x2cb47013)
core   0: 0x8000831c (0xfac1c893) xori    a7, gp, -84
core   0: 3 0x8000831c (0xfac1c893) x17 0xffffffac
core   0: 0x80008320 (0x00006921) c.lui   s2, 0x8
core   0: 3 0x80008320 (0x6921) x18 0x00008000
core   0: 0x80008322 (0x03166ab3) rem     s5, a2, a7
core   0: 3 0x80008322 (0x03166ab3) x21 0x00000008
core   0: 0x80008326 (0x0372c333) div     t1, t0, s7
core   0: 3 0x80008326 (0x0372c333) x 6 0x00000001
core   0: 0x8000832a (0x03011cb3) mulh    s9, sp, a6
core   0: 3 0x8000832a (0x03011cb3) x25 0x00000000
core   0: 0x8000832e (0xa7fe4913) xori    s2, t3, -1409
core   0: 3 0x8000832e (0xa7fe4913) x18 0xfffffa7e
core   0: 0x80008332 (0xeb1d0693) addi    a3, s10, -335
core   0: 3 0x80008332 (0xeb1d0693) x13 0xfffffeb1
core   0: 0x80008336 (0x03365733) divu    a4, a2, s3
core   0: 3 0x80008336 (0x03365733) x14 0xffffffff
core   0: 0x8000833a (0xf852f793) andi    a5, t0, -123
core   0: 3 0x8000833a (0xf852f793) x15 0x80013c84
core   0: 0x8000833e (0x00001d08) c.addi4spn a0, sp, 688
core   0: 3 0x8000833e (0x1d08) x10 0x000002b0
core   0: 0x80008340 (0x43f34593) xori    a1, t1, 1087
core   0: 3 0x80008340 (0x43f34593) x11 0x0000043e
core   0: 0x80008344 (0x41af8cb3) sub     s9, t6, s10
core   0: 3 0x80008344 (0x41af8cb3) x25 0x0000001c
core   0: 0x80008348 (0x00000001) c.nop
core   0: 3 0x80008348 (0x0001)
core   0: 0x8000834a (0x00000001) c.nop
core   0: 3 0x8000834a (0x0001)
core   0: 0x8000834c (0x00008206) c.mv    tp, ra
core   0: 3 0x8000834c (0x8206) x 4 0x000000a8
core   0: 0x8000834e (0x00008dd5) c.or    a1, a3
core   0: 3 0x8000834e (0x8dd5) x11 0xfffffebf
core   0: 0x80008350 (0x86fd6cb7) lui     s9, 0x86fd6
core   0: 3 0x80008350 (0x86fd6cb7) x25 0x86fd6000
core   0: 0x80008354 (0x013ff4b3) and     s1, t6, s3
core   0: 3 0x80008354 (0x013ff4b3) x 9 0x00000000
core   0: 0x80008358 (0x41bd5213) srai    tp, s10, 27
core   0: 3 0x80008358 (0x41bd5213) x 4 0x00000000
core   0: 0x8000835c (0x01c3aab3) slt     s5, t2, t3
core   0: 3 0x8000835c (0x01c3aab3) x21 0x00000001
core   0: 0x80008360 (0x03449233) mulh    tp, s1, s4
core   0: 3 0x80008360 (0x03449233) x 4 0x00000000
core   0: 0x80008364 (0x000000c9) c.addi  ra, 18
core   0: 3 0x80008364 (0x00c9) x 1 0x000000ba
core   0: 0x80008366 (0xf9625cb7) lui     s9, 0xf9625
core   0: 3 0x80008366 (0xf9625cb7) x25 0xf9625000
core   0: 0x8000836a (0x1d696f13) ori     t5, s2, 470
core   0: 3 0x8000836a (0x1d696f13) x30 0xfffffbfe
core   0: 0x8000836e (0x411d88b3) sub     a7, s11, a7
core   0: 3 0x8000836e (0x411d88b3) x17 0xf502ad23
core   0: 0x80008372 (0x010b76b3) and     a3, s6, a6
core   0: 3 0x80008372 (0x010b76b3) x13 0x00000004
core   0: 0x80008376 (0x010705b3) add     a1, a4, a6
core   0: 3 0x80008376 (0x010705b3) x11 0x8000fe63
core   0: 0x8000837a (0xfa386c13) ori     s8, a6, -93
core   0: 3 0x8000837a (0xfa386c13) x24 0xffffffe7
core   0: 0x8000837e (0x02c79ab3) mulh    s5, a5, a2
core   0: 3 0x8000837e (0x02c79ab3) x21 0xffffc000
core   0: 0x80008382 (0x00008d79) c.and   a0, a4
core   0: 3 0x80008382 (0x8d79) x10 0x000002b0
core   0: 0x80008384 (0x035af0b3) remu    ra, s5, s5
core   0: 3 0x80008384 (0x035af0b3) x 1 0x00000000
core   0: 0x80008388 (0x00000966) c.slli  s2, 25
core   0: 3 0x80008388 (0x0966) x18 0xfc000000
core   0: 0x8000838a (0x00006609) c.lui   a2, 0x2
core   0: 3 0x8000838a (0x6609) x12 0x00002000
core   0: 0x8000838c (0x038c7d33) remu    s10, s8, s8
core   0: 3 0x8000838c (0x038c7d33) x26 0x00000000
core   0: 0x80008390 (0x01695393) srli    t2, s2, 22
core   0: 3 0x80008390 (0x01695393) x 7 0x000003f0
core   0: 0x80008394 (0x01d00a33) add     s4, zero, t4
core   0: 3 0x80008394 (0x01d00a33) x20 0x00000001
core   0: 0x80008398 (0x102b9017) auipc   zero, 0x102b9
core   0: 3 0x80008398 (0x102b9017)
core   0: 0x8000839c (0x00008f55) c.or    a4, a3
core   0: 3 0x8000839c (0x8f55) x14 0xffffffff
core   0: 0x8000839e (0x01101913) slli    s2, zero, 17
core   0: 3 0x8000839e (0x01101913) x18 0x00000000
core   0: 0x800083a2 (0x00008f29) c.xor   a4, a0
core   0: 3 0x800083a2 (0x8f29) x14 0xfffffd4f
core   0: 0x800083a4 (0x00000001) c.nop
core   0: 3 0x800083a4 (0x0001)
core   0: 0x800083a6 (0x01cc04b3) add     s1, s8, t3
core   0: 3 0x800083a6 (0x01cc04b3) x 9 0xffffffe8
core   0: 0x800083aa (0x00d63033) sltu    zero, a2, a3
core   0: 3 0x800083aa (0x00d63033)
core   0: 0x800083ae (0x000122b3) slt     t0, sp, zero
core   0: 3 0x800083ae (0x000122b3) x 5 0x00000000
core   0: 0x800083b2 (0x03a0f433) remu    s0, ra, s10
core   0: 3 0x800083b2 (0x03a0f433) x 8 0x00000000
core   0: 0x800083b6 (0x00000001) c.nop
core   0: 3 0x800083b6 (0x0001)
core   0: 0x800083b8 (0x024dcf33) div     t5, s11, tp
core   0: 3 0x800083b8 (0x024dcf33) x30 0xffffffff
core   0: 0x800083bc (0x00008fad) c.xor   a5, a1
core   0: 3 0x800083bc (0x8fad) x15 0x0001c2e7
core   0: 0x800083be (0x029aa913) slti    s2, s5, 41
core   0: 3 0x800083be (0x029aa913) x18 0x00000001
core   0: 0x800083c2 (0x00008f95) c.sub   a5, a3
core   0: 3 0x800083c2 (0x8f95) x15 0x0001c2e3
core   0: 0x800083c4 (0x02865433) divu    s0, a2, s0
core   0: 3 0x800083c4 (0x02865433) x 8 0xffffffff
core   0: 0x800083c8 (0x0212f1b3) remu    gp, t0, ra
core   0: 3 0x800083c8 (0x0212f1b3) x 3 0x00000000
core   0: 0x800083cc (0x026929b3) mulhsu  s3, s2, t1
core   0: 3 0x800083cc (0x026929b3) x19 0x00000000
core   0: 0x800083d0 (0x010c68b3) or      a7, s8, a6
core   0: 3 0x800083d0 (0x010c68b3) x17 0xffffffe7
core   0: 0x800083d4 (0x1ec16a17) auipc   s4, 0x1ec16
core   0: 3 0x800083d4 (0x1ec16a17) x20 0x9ec1e3d4
core   0: 0x800083d8 (0x0000717d) c.addi16sp sp, -16
core   0: 3 0x800083d8 (0x717d) x 2 0xfffffff0
core   0: 0x800083da (0x00008c99) c.sub   s1, a4
core   0: 3 0x800083da (0x8c99) x 9 0x00000299
core   0: 0x800083dc (0x00008d99) c.sub   a1, a4
core   0: 3 0x800083dc (0x8d99) x11 0x80010114
core   0: 0x800083de (0xa918ce13) xori    t3, a7, -1391
core   0: 3 0x800083de (0xa918ce13) x28 0x00000576
core   0: 0x800083e2 (0x00ba29b3) slt     s3, s4, a1
core   0: 3 0x800083e2 (0x00ba29b3) x19 0x00000000
core   0: 0x800083e6 (0x598ccf93) xori    t6, s9, 1432
core   0: 3 0x800083e6 (0x598ccf93) x31 0xf9625598
core   0: 0x800083ea (0x00008e49) c.or    a2, a0
core   0: 3 0x800083ea (0x8e49) x12 0x000022b0
core   0: 0x800083ec (0x039f0a33) mul     s4, t5, s9
core   0: 3 0x800083ec (0x039f0a33) x20 0x069db000
core   0: 0x800083f0 (0x0000874a) c.mv    a4, s2
core   0: 3 0x800083f0 (0x874a) x14 0x00000001
core   0: 0x800083f2 (0x007f1c33) sll     s8, t5, t2
core   0: 3 0x800083f2 (0x007f1c33) x24 0xffff0000
core   0: 0x800083f6 (0x03f85333) divu    t1, a6, t6
core   0: 3 0x800083f6 (0x03f85333) x 6 0x00000000
core   0: 0x800083fa (0x00fe80b3) add     ra, t4, a5
core   0: 3 0x800083fa (0x00fe80b3) x 1 0x0001c2e4
core   0: 0x800083fe (0x0000717d) c.addi16sp sp, -16
core   0: 3 0x800083fe (0x717d) x 2 0xffffffe0
core   0: 0x80008400 (0xe3e12093) slti    ra, sp, -450
core   0: 3 0x80008400 (0xe3e12093) x 1 0x00000000
core   0: 0x80008404 (0x03f49db3) mulh    s11, s1, t6
core   0: 3 0x80008404 (0x03f49db3) x27 0xffffffee
core   0: 0x80008408 (0x000008e2) c.slli  a7, 24
core   0: 3 0x80008408 (0x08e2) x17 0xe7000000
core   0: 0x8000840a (0x00004211) c.li    tp, 4
core   0: 3 0x8000840a (0x4211) x 4 0x00000004
core   0: 0x8000840c (0x00008685) c.srai  a3, 1
core   0: 3 0x8000840c (0x8685) x13 0x00000002
core   0: 0x8000840e (0x0ca4a713) slti    a4, s1, 202
core   0: 3 0x8000840e (0x0ca4a713) x14 0x00000000
core   0: 0x80008412 (0x0327fe33) remu    t3, a5, s2
core   0: 3 0x80008412 (0x0327fe33) x28 0x00000000
core   0: 0x80008416 (0x021d6633) rem     a2, s10, ra
core   0: 3 0x80008416 (0x021d6633) x12 0x00000000
core   0: 0x8000841a (0x0284b0b3) mulhu   ra, s1, s0
core   0: 3 0x8000841a (0x0284b0b3) x 1 0x00000298
core   0: 0x8000841e (0x029953b3) divu    t2, s2, s1
core   0: 3 0x8000841e (0x029953b3) x 7 0x00000000
core   0: 0x80008422 (0x00008f99) c.sub   a5, a4
core   0: 3 0x80008422 (0x8f99) x15 0x0001c2e3
core   0: 0x80008424 (0x00008c0d) c.sub   s0, a1
core   0: 3 0x80008424 (0x8c0d) x 8 0x7ffefeeb
core   0: 0x80008426 (0x0041f533) and     a0, gp, tp
core   0: 3 0x80008426 (0x0041f533) x10 0x00000000
core   0: 0x8000842a (0x00c766b3) or      a3, a4, a2
core   0: 3 0x8000842a (0x00c766b3) x13 0x00000000
core   0: 0x8000842e (0x0119df93) srli    t6, s3, 17
core   0: 3 0x8000842e (0x0119df93) x31 0x00000000
core   0: 0x80008432 (0x00d50633) add     a2, a0, a3
core   0: 3 0x80008432 (0x00d50633) x12 0x00000000
core   0: 0x80008436 (0x0075f433) and     s0, a1, t2
core   0: 3 0x80008436 (0x0075f433) x 8 0x00000000
core   0: 0x8000843a (0x00008c45) c.or    s0, s1
core   0: 3 0x8000843a (0x8c45) x 8 0x00000299
core   0: 0x8000843c (0x0262e133) rem     sp, t0, t1
core   0: 3 0x8000843c (0x0262e133) x 2 0x00000000
core   0: 0x80008440 (0x00000001) c.nop
core   0: 3 0x80008440 (0x0001)
core   0: 0x80008442 (0x00008db9) c.xor   a1, a4
core   0: 3 0x80008442 (0x8db9) x11 0x80010114
core   0: 0x80008444 (0xfff00f13) li      t5, -1
core   0: 3 0x80008444 (0xfff00f13) x30 0xffffffff
core   0: 0x80008448 (0x00004701) c.li    a4, 0
core   0: 3 0x80008448 (0x4701) x14 0x00000000
core   0: 0x8000844a (0x80000db7) lui     s11, 0x80000
core   0: 3 0x8000844a (0x80000db7) x27 0x80000000
core   0: 0x8000844e (0x00004481) c.li    s1, 0
core   0: 3 0x8000844e (0x4481) x 9 0x00000000
core   0: 0x80008450 (0x00004f81) c.li    t6, 0
core   0: 3 0x80008450 (0x4f81) x31 0x00000000
core   0: 0x80008452 (0x61505137) lui     sp, 0x61505
core   0: 3 0x80008452 (0x61505137) x 2 0x61505000
core   0: 0x80008456 (0x2e310113) addi    sp, sp, 739
core   0: 3 0x80008456 (0x2e310113) x 2 0x615052e3
core   0: 0x8000845a (0x470ae1b7) lui     gp, 0x470ae
core   0: 3 0x8000845a (0x470ae1b7) x 3 0x470ae000
core   0: 0x8000845e (0x1cb18193) addi    gp, gp, 459
core   0: 3 0x8000845e (0x1cb18193) x 3 0x470ae1cb
core   0: 0x80008462 (0xfff00413) li      s0, -1
core   0: 3 0x80008462 (0xfff00413) x 8 0xffffffff
core   0: 0x80008466 (0xfff00d13) li      s10, -1
core   0: 3 0x80008466 (0xfff00d13) x26 0xffffffff
core   0: 0x8000846a (0x800006b7) lui     a3, 0x80000
core   0: 3 0x8000846a (0x800006b7) x13 0x80000000
core   0: 0x8000846e (0x0bb6f4b7) lui     s1, 0xbb6f
core   0: 3 0x8000846e (0x0bb6f4b7) x 9 0x0bb6f000
core   0: 0x80008472 (0x029fcf33) div     t5, t6, s1
core   0: 3 0x80008472 (0x029fcf33) x30 0x00000000
core   0: 0x80008476 (0x03b711b3) mulh    gp, a4, s11
core   0: 3 0x80008476 (0x03b711b3) x 3 0x00000000
core   0: 0x8000847a (0x03b11db3) mulh    s11, sp, s11
core   0: 3 0x8000847a (0x03b11db3) x27 0xcf57d68e
core   0: 0x8000847e (0x03a1e433) rem     s0, gp, s10
core   0: 3 0x8000847e (0x03a1e433) x 8 0x00000000
core   0: 0x80008482 (0x000096a2) c.add   a3, s0
core   0: 3 0x80008482 (0x96a2) x13 0x80000000
core   0: 0x80008484 (0x03e1ed33) rem     s10, gp, t5
core   0: 3 0x80008484 (0x03e1ed33) x26 0x00000000
core   0: 0x80008488 (0xa8d40f93) addi    t6, s0, -1395
core   0: 3 0x80008488 (0xa8d40f93) x31 0xfffffa8d
core   0: 0x8000848c (0x01f68d33) add     s10, a3, t6
core   0: 3 0x8000848c (0x01f68d33) x26 0x7ffffa8d
core   0: 0x80008490 (0x00000001) c.nop
core   0: 3 0x80008490 (0x0001)
core   0: 0x80008492 (0x03f1bd33) mulhu   s10, gp, t6
core   0: 3 0x80008492 (0x03f1bd33) x26 0x00000000
core   0: 0x80008496 (0x03bfd1b3) divu    gp, t6, s11
core   0: 3 0x80008496 (0x03bfd1b3) x 3 0x00000001
core   0: 0x8000849a (0x02d4bfb3) mulhu   t6, s1, a3
core   0: 3 0x8000849a (0x02d4bfb3) x31 0x05db7800
core   0: 0x8000849e (0x023184b3) mul     s1, gp, gp
core   0: 3 0x8000849e (0x023184b3) x 9 0x00000001
core   0: 0x800084a2 (0x03f1bdb3) mulhu   s11, gp, t6
core   0: 3 0x800084a2 (0x03f1bdb3) x27 0x00000000
core   0: 0x800084a6 (0x03b4cf33) div     t5, s1, s11
core   0: 3 0x800084a6 (0x03b4cf33) x30 0xffffffff
core   0: 0x800084aa (0x03adffb3) remu    t6, s11, s10
core   0: 3 0x800084aa (0x03adffb3) x31 0x00000000
core   0: 0x800084ae (0x01231db3) sll     s11, t1, s2
core   0: 3 0x800084ae (0x01231db3) x27 0x00000000
core   0: 0x800084b2 (0x000080c5) c.srli  s1, 17
core   0: 3 0x800084b2 (0x80c5) x 9 0x00000000
core   0: 0x800084b4 (0x00008fa1) c.xor   a5, s0
core   0: 3 0x800084b4 (0x8fa1) x15 0x0001c2e3
core   0: 0x800084b6 (0x00008805) c.andi  s0, 1
core   0: 3 0x800084b6 (0x8805) x 8 0x00000000
core   0: 0x800084b8 (0x00008c49) c.or    s0, a0
core   0: 3 0x800084b8 (0x8c49) x 8 0x00000000
core   0: 0x800084ba (0xf2a6e193) ori     gp, a3, -214
core   0: 3 0x800084ba (0xf2a6e193) x 3 0xffffff2a
core   0: 0x800084be (0x0000836d) c.srli  a4, 27
core   0: 3 0x800084be (0x836d) x14 0x00000000
core   0: 0x800084c0 (0x95fbb613) sltiu   a2, s7, -1697
core   0: 3 0x800084c0 (0x95fbb613) x12 0x00000001
core   0: 0x800084c4 (0x02fb8633) mul     a2, s7, a5
core   0: 3 0x800084c4 (0x02fb8633) x12 0xae21c62c
core   0: 0x800084c8 (0x40e000b3) sub     ra, zero, a4
core   0: 3 0x800084c8 (0x40e000b3) x 1 0x00000000
core   0: 0x800084cc (0x018ae7b3) or      a5, s5, s8
core   0: 3 0x800084cc (0x018ae7b3) x15 0xffffc000
core   0: 0x800084d0 (0x00008fb5) c.xor   a5, a3
core   0: 3 0x800084d0 (0x8fb5) x15 0x7fffc000
core   0: 0x800084d2 (0x75ec8c93) addi    s9, s9, 1886
core   0: 3 0x800084d2 (0x75ec8c93) x25 0xf962575e
core   0: 0x800084d6 (0x00000d65) c.addi  s10, 25
core   0: 3 0x800084d6 (0x0d65) x26 0x00000019
core   0: 0x800084d8 (0x00008fe1) c.and   a5, s0
core   0: 3 0x800084d8 (0x8fe1) x15 0x00000000
core   0: 0x800084da (0xef406e13) ori     t3, zero, -268
core   0: 3 0x800084da (0xef406e13) x28 0xfffffef4
core   0: 0x800084de (0x8efda793) slti    a5, s11, -1809
core   0: 3 0x800084de (0x8efda793) x15 0x00000000
core   0: 0x800084e2 (0x00008c59) c.or    s0, a4
core   0: 3 0x800084e2 (0x8c59) x 8 0x00000000
core   0: 0x800084e4 (0xf66b2713) slti    a4, s6, -154
core   0: 3 0x800084e4 (0xf66b2713) x14 0x00000000
core   0: 0x800084e8 (0x0000816d) c.srli  a0, 27
core   0: 3 0x800084e8 (0x816d) x10 0x00000000
core   0: 0x800084ea (0x44d8c3b7) lui     t2, 0x44d8c
core   0: 3 0x800084ea (0x44d8c3b7) x 7 0x44d8c000
core   0: 0x800084ee (0x78f26213) ori     tp, tp, 1935
core   0: 3 0x800084ee (0x78f26213) x 4 0x0000078f
core   0: 0x800084f2 (0x023ce033) rem     zero, s9, gp
core   0: 3 0x800084f2 (0x023ce033)
core   0: 0x800084f6 (0x00e78d33) add     s10, a5, a4
core   0: 3 0x800084f6 (0x00e78d33) x26 0x00000000
core   0: 0x800084fa (0x00913133) sltu    sp, sp, s1
core   0: 3 0x800084fa (0x00913133) x 2 0x00000000
core   0: 0x800084fe (0x00000001) c.nop
core   0: 3 0x800084fe (0x0001)
core   0: 0x80008500 (0x00000001) c.nop
core   0: 3 0x80008500 (0x0001)
core   0: 0x80008502 (0x01ec78b3) and     a7, s8, t5
core   0: 3 0x80008502 (0x01ec78b3) x17 0xffff0000
core   0: 0x80008506 (0x01bd8cb3) add     s9, s11, s11
core   0: 3 0x80008506 (0x01bd8cb3) x25 0x00000000
core   0: 0x8000850a (0x92805017) auipc   zero, 0x92805
core   0: 3 0x8000850a (0x92805017)
core   0: 0x8000850e (0x01f4f933) and     s2, s1, t6
core   0: 3 0x8000850e (0x01f4f933) x18 0x00000000
core   0: 0x80008512 (0x03a542b3) div     t0, a0, s10
core   0: 3 0x80008512 (0x03a542b3) x 5 0xffffffff
core   0: 0x80008516 (0x79c94913) xori    s2, s2, 1948
core   0: 3 0x80008516 (0x79c94913) x18 0x0000079c
core   0: 0x8000851a (0x00008ef1) c.and   a3, a2
core   0: 3 0x8000851a (0x8ef1) x13 0x80000000
core   0: 0x8000851c (0x00000001) c.nop
core   0: 3 0x8000851c (0x0001)
core   0: 0x8000851e (0x03c65cb3) divu    s9, a2, t3
core   0: 3 0x8000851e (0x03c65cb3) x25 0x00000000
core   0: 0x80008522 (0x00b515b3) sll     a1, a0, a1
core   0: 3 0x80008522 (0x00b515b3) x11 0x00000000
core   0: 0x80008526 (0x57a82193) slti    gp, a6, 1402
core   0: 3 0x80008526 (0x57a82193) x 3 0x00000001
core   0: 0x8000852a (0xfe754393) xori    t2, a0, -25
core   0: 3 0x8000852a (0xfe754393) x 7 0xffffffe7
core   0: 0x8000852e (0xba92cd13) xori    s10, t0, -1111
core   0: 3 0x8000852e (0xba92cd13) x26 0x00000456
core   0: 0x80008532 (0x000085bd) c.srai  a1, 15
core   0: 3 0x80008532 (0x85bd) x11 0x00000000
core   0: 0x80008534 (0x025774b3) remu    s1, a4, t0
core   0: 3 0x80008534 (0x025774b3) x 9 0x00000000
core   0: 0x80008538 (0x00009e26) c.add   t3, s1
core   0: 3 0x80008538 (0x9e26) x28 0xfffffef4
core   0: 0x8000853a (0x031bc533) div     a0, s7, a7
core   0: 3 0x8000853a (0x031bc533) x10 0x00007ffe
core   0: 0x8000853e (0x000abf33) sltu    t5, s5, zero
core   0: 3 0x8000853e (0x000abf33) x30 0x00000000
core   0: 0x80008542 (0x031422b3) mulhsu  t0, s0, a7
core   0: 3 0x80008542 (0x031422b3) x 5 0x00000000
core   0: 0x80008546 (0xa1bb6993) ori     s3, s6, -1509
core   0: 3 0x80008546 (0xa1bb6993) x19 0xfffffa1f
core   0: 0x8000854a (0x00008039) c.srli  s0, 14
core   0: 3 0x8000854a (0x8039) x 8 0x00000000
core   0: 0x8000854c (0x03ca0db3) mul     s11, s4, t3
core   0: 3 0x8000854c (0x03ca0db3) x27 0x12ebc000
core   0: 0x80008550 (0x0044c233) xor     tp, s1, tp
core   0: 3 0x80008550 (0x0044c233) x 4 0x0000078f
core   0: 0x80008554 (0x00000e16) c.slli  t3, 5
core   0: 3 0x80008554 (0x0e16) x28 0xffffde80
core   0: 0x80008556 (0x00008e39) c.xor   a2, a4
core   0: 3 0x80008556 (0x8e39) x12 0xae21c62c
core   0: 0x80008558 (0x894ab913) sltiu   s2, s5, -1900
core   0: 3 0x80008558 (0x894ab913) x18 0x00000001
core   0: 0x8000855c (0x413687b3) sub     a5, a3, s3
core   0: 3 0x8000855c (0x413687b3) x15 0x800005e1
core   0: 0x80008560 (0x000080f2) c.mv    ra, t3
core   0: 3 0x80008560 (0x80f2) x 1 0xffffde80
core   0: 0x80008562 (0x03f11c33) mulh    s8, sp, t6
core   0: 3 0x80008562 (0x03f11c33) x24 0x00000000
core   0: 0x80008566 (0x00a25993) srli    s3, tp, 10
core   0: 3 0x80008566 (0x00a25993) x19 0x00000001
core   0: 0x8000856a (0x001790b3) sll     ra, a5, ra
core   0: 3 0x8000856a (0x001790b3) x 1 0x800005e1
core   0: 0x8000856e (0x02d81033) mulh    zero, a6, a3
core   0: 3 0x8000856e (0x02d81033)
core   0: 0x80008572 (0x02616fb3) rem     t6, sp, t1
core   0: 3 0x80008572 (0x02616fb3) x31 0x00000000
core   0: 0x80008576 (0x31c62e13) slti    t3, a2, 796
core   0: 3 0x80008576 (0x31c62e13) x28 0x00000001
core   0: 0x8000857a (0x021b9a33) mulh    s4, s7, ra
core   0: 3 0x8000857a (0x021b9a33) x20 0x3fff5e9d
core   0: 0x8000857e (0x03562f33) mulhsu  t5, a2, s5
core   0: 3 0x8000857e (0x03562f33) x30 0xae21daa3
core   0: 0x80008582 (0x00008dc1) c.or    a1, s0
core   0: 3 0x80008582 (0x8dc1) x11 0x00000000
core   0: 0x80008584 (0x00000001) c.nop
core   0: 3 0x80008584 (0x0001)
core   0: 0x80008586 (0x00000a62) c.slli  s4, 24
core   0: 3 0x80008586 (0x0a62) x20 0x9d000000
core   0: 0x80008588 (0x037eac33) mulhsu  s8, t4, s7
core   0: 3 0x80008588 (0x037eac33) x24 0x00000000
core   0: 0x8000858c (0x00008aaa) c.mv    s5, a0
core   0: 3 0x8000858c (0x8aaa) x21 0x00007ffe
core   0: 0x8000858e (0x00001f8c) c.addi4spn a1, sp, 1008
core   0: 3 0x8000858e (0x1f8c) x11 0x000003f0
core   0: 0x80008590 (0x0000013a) c.slli  sp, 14
core   0: 3 0x80008590 (0x013a) x 2 0x00000000
core   0: 0x80008592 (0x03d5ba33) mulhu   s4, a1, t4
core   0: 3 0x80008592 (0x03d5ba33) x20 0x00000000
core   0: 0x80008596 (0x00004c55) c.li    s8, 21
core   0: 3 0x80008596 (0x4c55) x24 0x00000015
core   0: 0x80008598 (0x01289a13) slli    s4, a7, 18
core   0: 3 0x80008598 (0x01289a13) x20 0x00000000
core   0: 0x8000859c (0x00004561) c.li    a0, 24
core   0: 3 0x8000859c (0x4561) x10 0x00000018
core   0: 0x8000859e (0xb8b2b037) lui     zero, 0xb8b2b
core   0: 3 0x8000859e (0xb8b2b037)
core   0: 0x800085a2 (0x00008e29) c.xor   a2, a0
core   0: 3 0x800085a2 (0x8e29) x12 0xae21c634
core   0: 0x800085a4 (0x03a6c8b3) div     a7, a3, s10
core   0: 3 0x800085a4 (0x03a6c8b3) x17 0xffe27ab3
core   0: 0x800085a8 (0x0000638d) c.lui   t2, 0x3
core   0: 3 0x800085a8 (0x638d) x 7 0x00003000
core   0: 0x800085aa (0x029d17b3) mulh    a5, s10, s1
core   0: 3 0x800085aa (0x029d17b3) x15 0x00000000
core   0: 0x800085ae (0x401a0c33) sub     s8, s4, ra
core   0: 3 0x800085ae (0x401a0c33) x24 0x7ffffa1f
core   0: 0x800085b2 (0x00008d45) c.or    a0, s1
core   0: 3 0x800085b2 (0x8d45) x10 0x00000018
core   0: 0x800085b4 (0x03d3ceb3) div     t4, t2, t4
core   0: 3 0x800085b4 (0x03d3ceb3) x29 0x00003000
core   0: 0x800085b8 (0x00008ead) c.xor   a3, a1
core   0: 3 0x800085b8 (0x8ead) x13 0x800003f0
core   0: 0x800085ba (0x00008105) c.srli  a0, 1
core   0: 3 0x800085ba (0x8105) x10 0x0000000c
core   0: 0x800085bc (0x00008cfd) c.and   s1, a5
core   0: 3 0x800085bc (0x8cfd) x 9 0x00000000
core   0: 0x800085be (0x0000997d) c.andi  a0, -1
core   0: 3 0x800085be (0x997d) x10 0x0000000c
core   0: 0x800085c0 (0x039e5233) divu    tp, t3, s9
core   0: 3 0x800085c0 (0x039e5233) x 4 0xffffffff
core   0: 0x800085c4 (0x00008f45) c.or    a4, s1
core   0: 3 0x800085c4 (0x8f45) x14 0x00000000
core   0: 0x800085c6 (0x0000987d) c.andi  s0, -1
core   0: 3 0x800085c6 (0x987d) x 8 0x00000000
core   0: 0x800085c8 (0x0268b333) mulhu   t1, a7, t1
core   0: 3 0x800085c8 (0x0268b333) x 6 0x00000000
core   0: 0x800085cc (0x000082bd) c.srli  a3, 15
core   0: 3 0x800085cc (0x82bd) x13 0x00010000
core   0: 0x800085ce (0x8a16ee13) ori     t3, a3, -1887
core   0: 3 0x800085ce (0x8a16ee13) x28 0xfffff8a1
core   0: 0x800085d2 (0x00bf5593) srli    a1, t5, 11
core   0: 3 0x800085d2 (0x00bf5593) x11 0x0015c43b
core   0: 0x800085d6 (0xb9270a13) addi    s4, a4, -1134
core   0: 3 0x800085d6 (0xb9270a13) x20 0xfffffb92
core   0: 0x800085da (0x00008c55) c.or    s0, a3
core   0: 3 0x800085da (0x8c55) x 8 0x00010000
core   0: 0x800085dc (0xc065b513) sltiu   a0, a1, -1018
core   0: 3 0x800085dc (0xc065b513) x10 0x00000001
core   0: 0x800085e0 (0x8801c613) xori    a2, gp, -1920
core   0: 3 0x800085e0 (0x8801c613) x12 0xfffff881
core   0: 0x800085e4 (0x00dbaa33) slt     s4, s7, a3
core   0: 3 0x800085e4 (0x00dbaa33) x20 0x00000001
core   0: 0x800085e8 (0x00000001) c.nop
core   0: 3 0x800085e8 (0x0001)
core   0: 0x800085ea (0x00522233) slt     tp, tp, t0
core   0: 3 0x800085ea (0x00522233) x 4 0x00000001
core   0: 0x800085ee (0x00ecd4b3) srl     s1, s9, a4
core   0: 3 0x800085ee (0x00ecd4b3) x 9 0x00000000
core   0: 0x800085f2 (0x00008dc1) c.or    a1, s0
core   0: 3 0x800085f2 (0x8dc1) x11 0x0015c43b
core   0: 0x800085f4 (0x8fe7ed37) lui     s10, 0x8fe7e
core   0: 3 0x800085f4 (0x8fe7ed37) x26 0x8fe7e000
core   0: 0x800085f8 (0x00000001) c.nop
core   0: 3 0x800085f8 (0x0001)
core   0: 0x800085fa (0x00e6d2b3) srl     t0, a3, a4
core   0: 3 0x800085fa (0x00e6d2b3) x 5 0x00010000
core   0: 0x800085fe (0x02a76433) rem     s0, a4, a0
core   0: 3 0x800085fe (0x02a76433) x 8 0x00000000
core   0: 0x80008602 (0xde8917b7) lui     a5, 0xde891
core   0: 3 0x80008602 (0xde8917b7) x15 0xde891000
core   0: 0x80008606 (0xacc78793) addi    a5, a5, -1332
core   0: 3 0x80008606 (0xacc78793) x15 0xde890acc
core   0: 0x8000860a (0x721376b7) lui     a3, 0x72137
core   0: 3 0x8000860a (0x721376b7) x13 0x72137000
core   0: 0x8000860e (0x94c68693) addi    a3, a3, -1716
core   0: 3 0x8000860e (0x94c68693) x13 0x7213694c
core   0: 0x80008612 (0xd6538db7) lui     s11, 0xd6538
core   0: 3 0x80008612 (0xd6538db7) x27 0xd6538000
core   0: 0x80008616 (0xbe0d8d93) addi    s11, s11, -1056
core   0: 3 0x80008616 (0xbe0d8d93) x27 0xd6537be0
core   0: 0x8000861a (0x00004981) c.li    s3, 0
core   0: 3 0x8000861a (0x4981) x19 0x00000000
core   0: 0x8000861c (0x800001b7) lui     gp, 0x80000
core   0: 3 0x8000861c (0x800001b7) x 3 0x80000000
core   0: 0x80008620 (0x88f725b7) lui     a1, 0x88f72
core   0: 3 0x80008620 (0x88f725b7) x11 0x88f72000
core   0: 0x80008624 (0x2cf58593) addi    a1, a1, 719
core   0: 3 0x80008624 (0x2cf58593) x11 0x88f722cf
core   0: 0x80008628 (0xfff00e93) li      t4, -1
core   0: 3 0x80008628 (0xfff00e93) x29 0xffffffff
core   0: 0x8000862c (0x80000a37) lui     s4, 0x80000
core   0: 3 0x8000862c (0x80000a37) x20 0x80000000
core   0: 0x80008630 (0xfff00493) li      s1, -1
core   0: 3 0x80008630 (0xfff00493) x 9 0xffffffff
core   0: 0x80008634 (0xfff00413) li      s0, -1
core   0: 3 0x80008634 (0xfff00413) x 8 0xffffffff
core   0: 0x80008638 (0x02368eb3) mul     t4, a3, gp
core   0: 3 0x80008638 (0x02368eb3) x29 0x00000000
core   0: 0x8000863c (0x02d7a433) mulhsu  s0, a5, a3
core   0: 3 0x8000863c (0x02d7a433) x 8 0xf1167d36
core   0: 0x80008640 (0x00000001) c.nop
core   0: 3 0x80008640 (0x0001)
core   0: 0x80008642 (0x02d9a4b3) mulhsu  s1, s3, a3
core   0: 3 0x80008642 (0x02d9a4b3) x 9 0x00000000
core   0: 0x80008646 (0x03ba7a33) remu    s4, s4, s11
core   0: 3 0x80008646 (0x03ba7a33) x20 0x80000000
core   0: 0x8000864a (0x19291a37) lui     s4, 0x19291
core   0: 3 0x8000864a (0x19291a37) x20 0x19291000
core   0: 0x8000864e (0x02399eb3) mulh    t4, s3, gp
core   0: 3 0x8000864e (0x02399eb3) x29 0x00000000
core   0: 0x80008652 (0x033e8eb3) mul     t4, t4, s3
core   0: 3 0x80008652 (0x033e8eb3) x29 0x00000000
core   0: 0x80008656 (0x0339d4b3) divu    s1, s3, s3
core   0: 3 0x80008656 (0x0339d4b3) x 9 0xffffffff
core   0: 0x8000865a (0x034ea1b3) mulhsu  gp, t4, s4
core   0: 3 0x8000865a (0x034ea1b3) x 3 0x00000000
core   0: 0x8000865e (0x03da19b3) mulh    s3, s4, t4
core   0: 3 0x8000865e (0x03da19b3) x19 0x00000000
core   0: 0x80008662 (0x02898433) mul     s0, s3, s0
core   0: 3 0x80008662 (0x02898433) x 8 0x00000000
core   0: 0x80008666 (0x938d9197) auipc   gp, 0x938d9
core   0: 3 0x80008666 (0x938d9197) x 3 0x138e1666
core   0: 0x8000866a (0x02b41433) mulh    s0, s0, a1
core   0: 3 0x8000866a (0x02b41433) x 8 0x00000000
core   0: 0x8000866e (0x299e8193) addi    gp, t4, 665
core   0: 3 0x8000866e (0x299e8193) x 3 0x00000299
core   0: 0x80008672 (0x02d79433) mulh    s0, a5, a3
core   0: 3 0x80008672 (0x02d79433) x 8 0xf1167d36
core   0: 0x80008676 (0x413d8a33) sub     s4, s11, s3
core   0: 3 0x80008676 (0x413d8a33) x20 0xd6537be0
core   0: 0x8000867a (0xd49a0193) addi    gp, s4, -695
core   0: 3 0x8000867a (0xd49a0193) x 3 0xd6537929
core   0: 0x8000867e (0x028a3eb3) mulhu   t4, s4, s0
core   0: 3 0x8000867e (0x028a3eb3) x29 0xc9d76b9e
core   0: 0x80008682 (0x033a6433) rem     s0, s4, s3
core   0: 3 0x80008682 (0x033a6433) x 8 0xd6537be0
core   0: 0x80008686 (0x0347f7b3) remu    a5, a5, s4
core   0: 3 0x80008686 (0x0347f7b3) x15 0x08358eec
core   0: 0x8000868a (0x03b187b3) mul     a5, gp, s11
core   0: 3 0x8000868a (0x03b187b3) x15 0x328bb6e0
core   0: 0x8000868e (0x029dc9b3) div     s3, s11, s1
core   0: 3 0x8000868e (0x029dc9b3) x19 0x29ac8420
core   0: 0x80008692 (0x02fe94b3) mulh    s1, t4, a5
core   0: 3 0x80008692 (0x02fe94b3) x 9 0xf54e844c
core   0: 0x80008696 (0x034e9a33) mulh    s4, t4, s4
core   0: 3 0x80008696 (0x034e9a33) x20 0x08d0fefb
core   0: 0x8000869a (0x028db433) mulhu   s0, s11, s0
core   0: 3 0x8000869a (0x028db433) x 8 0xb36fae54
core   0: 0x8000869e (0x03d45a33) divu    s4, s0, t4
core   0: 3 0x8000869e (0x03d45a33) x20 0x00000000
core   0: 0x800086a2 (0x00ba04b3) add     s1, s4, a1
core   0: 3 0x800086a2 (0x00ba04b3) x 9 0x88f722cf
core   0: 0x800086a6 (0x00006105) c.addi16sp sp, 32
core   0: 3 0x800086a6 (0x6105) x 2 0x00000020
core   0: 0x800086a8 (0x02842033) mulhsu  zero, s0, s0
core   0: 3 0x800086a8 (0x02842033)
core   0: 0x800086ac (0xa63bee93) ori     t4, s7, -1437
core   0: 3 0x800086ac (0xa63bee93) x29 0xfffffee7
core   0: 0x800086b0 (0x00006469) c.lui   s0, 0x1a
core   0: 3 0x800086b0 (0x6469) x 8 0x0001a000
core   0: 0x800086b2 (0x00008c8e) c.mv    s9, gp
core   0: 3 0x800086b2 (0x8c8e) x25 0xd6537929
core   0: 0x800086b4 (0x014e8f33) add     t5, t4, s4
core   0: 3 0x800086b4 (0x014e8f33) x30 0xfffffee7
core   0: 0x800086b8 (0x00008dbd) c.xor   a1, a5
core   0: 3 0x800086b8 (0x8dbd) x11 0xba7c942f
core   0: 0x800086ba (0x00543f33) sltu    t5, s0, t0
core   0: 3 0x800086ba (0x00543f33) x30 0x00000000
core   0: 0x800086be (0xf4a78f93) addi    t6, a5, -182
core   0: 3 0x800086be (0xf4a78f93) x31 0x328bb62a
core   0: 0x800086c2 (0x007fa9b3) slt     s3, t6, t2
core   0: 3 0x800086c2 (0x007fa9b3) x19 0x00000000
core   0: 0x800086c6 (0x000085dd) c.srai  a1, 23
core   0: 3 0x800086c6 (0x85dd) x11 0xffffff74
core   0: 0x800086c8 (0x00fdb8b3) sltu    a7, s11, a5
core   0: 3 0x800086c8 (0x00fdb8b3) x17 0x00000000
core   0: 0x800086cc (0x008fd933) srl     s2, t6, s0
core   0: 3 0x800086cc (0x008fd933) x18 0x328bb62a
core   0: 0x800086d0 (0x8ee18893) addi    a7, gp, -1810
core   0: 3 0x800086d0 (0x8ee18893) x17 0xd6537217
core   0: 0x800086d4 (0x02a23fb3) mulhu   t6, tp, a0
core   0: 3 0x800086d4 (0x02a23fb3) x31 0x00000000
core   0: 0x800086d8 (0x00000001) c.nop
core   0: 3 0x800086d8 (0x0001)
core   0: 0x800086da (0x002b1ab3) sll     s5, s6, sp
core   0: 3 0x800086da (0x002b1ab3) x21 0x0000000e
core   0: 0x800086de (0x00001104) c.addi4spn s1, sp, 160
core   0: 3 0x800086de (0x1104) x 9 0x000000c0
core   0: 0x800086e0 (0x63af8d13) addi    s10, t6, 1594
core   0: 3 0x800086e0 (0x63af8d13) x26 0x0000063a
core   0: 0x800086e4 (0x00f9f0b3) and     ra, s3, a5
core   0: 3 0x800086e4 (0x00f9f0b3) x 1 0x00000000
core   0: 0x800086e8 (0x00006a25) c.lui   s4, 0x9
core   0: 3 0x800086e8 (0x6a25) x20 0x00009000
core   0: 0x800086ea (0x0000717d) c.addi16sp sp, -16
core   0: 3 0x800086ea (0x717d) x 2 0x00000010
core   0: 0x800086ec (0x0000011a) c.slli  sp, 6
core   0: 3 0x800086ec (0x011a) x 2 0x00000400
core   0: 0x800086ee (0x01791e93) slli    t4, s2, 23
core   0: 3 0x800086ee (0x01791e93) x29 0x15000000
core   0: 0x800086f2 (0x401fdf93) srai    t6, t6, 1
core   0: 3 0x800086f2 (0x401fdf93) x31 0x00000000
core   0: 0x800086f6 (0x03e19a33) mulh    s4, gp, t5
core   0: 3 0x800086f6 (0x03e19a33) x20 0x00000000
core   0: 0x800086fa (0x0000717d) c.addi16sp sp, -16
core   0: 3 0x800086fa (0x717d) x 2 0x000003f0
core   0: 0x800086fc (0x0314a6b3) mulhsu  a3, s1, a7
core   0: 3 0x800086fc (0x0314a6b3) x13 0x000000a0
core   0: 0x80008700 (0x000083ed) c.srli  a5, 27
core   0: 3 0x80008700 (0x83ed) x15 0x00000006
core   0: 0x80008702 (0x00000194) c.addi4spn a3, sp, 192
core   0: 3 0x80008702 (0x0194) x13 0x000004b0
core   0: 0x80008704 (0x00e9c233) xor     tp, s3, a4
core   0: 3 0x80008704 (0x00e9c233) x 4 0x00000000
core   0: 0x80008708 (0x00001f90) c.addi4spn a2, sp, 1008
core   0: 3 0x80008708 (0x1f90) x12 0x000007e0
core   0: 0x8000870a (0x80ac7097) auipc   ra, 0x80ac7
core   0: 3 0x8000870a (0x80ac7097) x 1 0x00acf70a
core   0: 0x8000870e (0x413ed533) sra     a0, t4, s3
core   0: 3 0x8000870e (0x413ed533) x10 0x15000000
core   0: 0x80008712 (0x0265c7b3) div     a5, a1, t1
core   0: 3 0x80008712 (0x0265c7b3) x15 0xffffffff
core   0: 0x80008716 (0x029d8a33) mul     s4, s11, s1
core   0: 3 0x80008716 (0x029d8a33) x20 0xbe9ce800
core   0: 0x8000871a (0x00008ae5) c.andi  a3, 25
core   0: 3 0x8000871a (0x8ae5) x13 0x00000010
core   0: 0x8000871c (0x417b0533) sub     a0, s6, s7
core   0: 3 0x8000871c (0x417b0533) x10 0x7ffec32a
core   0: 0x80008720 (0x000086c9) c.srai  a3, 18
core   0: 3 0x80008720 (0x86c9) x13 0x00000000
core   0: 0x80008722 (0x02832533) mulhsu  a0, t1, s0
core   0: 3 0x80008722 (0x02832533) x10 0x00000000
core   0: 0x80008726 (0x03276133) rem     sp, a4, s2
core   0: 3 0x80008726 (0x03276133) x 2 0x00000000
core   0: 0x8000872a (0xc9dfec13) ori     s8, t6, -867
core   0: 3 0x8000872a (0xc9dfec13) x24 0xfffffc9d
core   0: 0x8000872e (0x0000842a) c.mv    s0, a0
core   0: 3 0x8000872e (0x842a) x 8 0x00000000
core   0: 0x80008730 (0x03123033) mulhu   zero, tp, a7
core   0: 3 0x80008730 (0x03123033)
core   0: 0x80008734 (0x00008c2d) c.xor   s0, a1
core   0: 3 0x80008734 (0x8c2d) x 8 0xffffff74
core   0: 0x80008736 (0x000042b1) c.li    t0, 12
core   0: 3 0x80008736 (0x42b1) x 5 0x0000000c
core   0: 0x80008738 (0x00008e41) c.or    a2, s0
core   0: 3 0x80008738 (0x8e41) x12 0xfffffff4
core   0: 0x8000873a (0x00006e4d) c.lui   t3, 0x13
core   0: 3 0x8000873a (0x6e4d) x28 0x00013000
core   0: 0x8000873c (0x02d67333) remu    t1, a2, a3
core   0: 3 0x8000873c (0x02d67333) x 6 0xfffffff4
core   0: 0x80008740 (0x00008a0a) c.mv    s4, sp
core   0: 3 0x80008740 (0x8a0a) x20 0x00000000
core   0: 0x80008742 (0x0000128c) c.addi4spn a1, sp, 352
core   0: 3 0x80008742 (0x128c) x11 0x00000160
core   0: 0x80008744 (0x0000717d) c.addi16sp sp, -16
core   0: 3 0x80008744 (0x717d) x 2 0xfffffff0
core   0: 0x80008746 (0x03880f33) mul     t5, a6, s8
core   0: 3 0x80008746 (0x03880f33) x30 0x7ca27354
core   0: 0x8000874a (0x00008b4d) c.andi  a4, 19
core   0: 3 0x8000874a (0x8b4d) x14 0x00000000
core   0: 0x8000874c (0x41c6d293) srai    t0, a3, 28
core   0: 3 0x8000874c (0x41c6d293) x 5 0x00000000
core   0: 0x80008750 (0x00008d6d) c.and   a0, a1
core   0: 3 0x80008750 (0x8d6d) x10 0x00000000
core   0: 0x80008752 (0x00008e5a) c.mv    t3, s6
core   0: 3 0x80008752 (0x8e5a) x28 0x0000000e
core   0: 0x80008754 (0x0000009e) c.slli  ra, 7
core   0: 3 0x80008754 (0x009e) x 1 0x567b8500
core   0: 0x80008756 (0x000065b1) c.lui   a1, 0xc
core   0: 3 0x80008756 (0x65b1) x11 0x0000c000
core   0: 0x80008758 (0x418758b3) sra     a7, a4, s8
core   0: 3 0x80008758 (0x418758b3) x17 0x00000000
core   0: 0x8000875c (0x40bedc33) sra     s8, t4, a1
core   0: 3 0x8000875c (0x40bedc33) x24 0x15000000
core   0: 0x80008760 (0x02ee9fb3) mulh    t6, t4, a4
core   0: 3 0x80008760 (0x02ee9fb3) x31 0x00000000
core   0: 0x80008764 (0x0360cab3) div     s5, ra, s6
core   0: 3 0x80008764 (0x0360cab3) x21 0x062d64ed
core   0: 0x80008768 (0x004288b3) add     a7, t0, tp
core   0: 3 0x80008768 (0x004288b3) x17 0x00000000
core   0: 0x8000876c (0x00008fb5) c.xor   a5, a3
core   0: 3 0x8000876c (0x8fb5) x15 0xffffffff
core   0: 0x8000876e (0x014399b3) sll     s3, t2, s4
core   0: 3 0x8000876e (0x014399b3) x19 0x00003000
core   0: 0x80008772 (0x03d2c4b3) div     s1, t0, t4
core   0: 3 0x80008772 (0x03d2c4b3) x 9 0x00000000
core   0: 0x80008776 (0x031506b3) mul     a3, a0, a7
core   0: 3 0x80008776 (0x031506b3) x13 0x00000000
core   0: 0x8000877a (0x013b49b3) xor     s3, s6, s3
core   0: 3 0x8000877a (0x013b49b3) x19 0x0000300e
core   0: 0x8000877e (0x00d97eb3) and     t4, s2, a3
core   0: 3 0x8000877e (0x00d97eb3) x29 0x00000000
core   0: 0x80008782 (0x00000001) c.nop
core   0: 3 0x80008782 (0x0001)
core   0: 0x80008784 (0x00000001) c.nop
core   0: 3 0x80008784 (0x0001)
core   0: 0x80008786 (0x79d98d13) addi    s10, s3, 1949
core   0: 3 0x80008786 (0x79d98d13) x26 0x000037ab
core   0: 0x8000878a (0x40090733) sub     a4, s2, zero
core   0: 3 0x8000878a (0x40090733) x14 0x328bb62a
core   0: 0x8000878e (0x00008205) c.srli  a2, 1
core   0: 3 0x8000878e (0x8205) x12 0x7ffffffa
core   0: 0x80008790 (0x01f874b3) and     s1, a6, t6
core   0: 3 0x80008790 (0x01f874b3) x 9 0x00000000
core   0: 0x80008794 (0xf3802d13) slti    s10, zero, -200
core   0: 3 0x80008794 (0xf3802d13) x26 0x00000000
core   0: 0x80008798 (0x00006f35) c.lui   t5, 0xd
core   0: 3 0x80008798 (0x6f35) x30 0x0000d000
core   0: 0x8000879a (0x02556433) rem     s0, a0, t0
core   0: 3 0x8000879a (0x02556433) x 8 0x00000000
core   0: 0x8000879e (0x000081dd) c.srli  a1, 23
core   0: 3 0x8000879e (0x81dd) x11 0x00000000
core   0: 0x800087a0 (0x00008c7d) c.and   s0, a5
core   0: 3 0x800087a0 (0x8c7d) x 8 0x00000000
core   0: 0x800087a2 (0x00008e65) c.and   a2, s1
core   0: 3 0x800087a2 (0x8e65) x12 0x00000000
core   0: 0x800087a4 (0x00008639) c.srai  a2, 14
core   0: 3 0x800087a4 (0x8639) x12 0x00000000
core   0: 0x800087a6 (0x00001a7d) c.addi  s4, -1
core   0: 3 0x800087a6 (0x1a7d) x20 0xffffffff
core   0: 0x800087a8 (0x02e81d33) mulh    s10, a6, a4
core   0: 3 0x800087a8 (0x02e81d33) x26 0xe6ba5725
core   0: 0x800087ac (0x006cb7b3) sltu    a5, s9, t1
core   0: 3 0x800087ac (0x006cb7b3) x15 0x00000001
core   0: 0x800087b0 (0x00008ddd) c.or    a1, a5
core   0: 3 0x800087b0 (0x8ddd) x11 0x00000001
core   0: 0x800087b2 (0x0077b4b3) sltu    s1, a5, t2
core   0: 3 0x800087b2 (0x0077b4b3) x 9 0x00000001
core   0: 0x800087b6 (0x02331ab3) mulh    s5, t1, gp
core   0: 3 0x800087b6 (0x02331ab3) x21 0x00000001
core   0: 0x800087ba (0x1ac58413) addi    s0, a1, 428
core   0: 3 0x800087ba (0x1ac58413) x 8 0x000001ad
core   0: 0x800087be (0x00008e01) c.sub   a2, s0
core   0: 3 0x800087be (0x8e01) x12 0xfffffe53
core   0: 0x800087c0 (0x000061d9) c.lui   gp, 0x16
core   0: 3 0x800087c0 (0x61d9) x 3 0x00016000
core   0: 0x800087c2 (0x000087d9) c.srai  a5, 22
core   0: 3 0x800087c2 (0x87d9) x15 0x00000000
core   0: 0x800087c4 (0x00000001) c.nop
core   0: 3 0x800087c4 (0x0001)
core   0: 0x800087c6 (0x00008a26) c.mv    s4, s1
core   0: 3 0x800087c6 (0x8a26) x20 0x00000001
core   0: 0x800087c8 (0x00008f81) c.sub   a5, s0
core   0: 3 0x800087c8 (0x8f81) x15 0xfffffe53
core   0: 0x800087ca (0x026f2633) mulhsu  a2, t5, t1
core   0: 3 0x800087ca (0x026f2633) x12 0x0000cfff
core   0: 0x800087ce (0x9d788313) addi    t1, a7, -1577
core   0: 3 0x800087ce (0x9d788313) x 6 0xfffff9d7
core   0: 0x800087d2 (0x008230b3) sltu    ra, tp, s0
core   0: 3 0x800087d2 (0x008230b3) x 1 0x00000001
core   0: 0x800087d6 (0x00008a5e) c.mv    s4, s7
core   0: 3 0x800087d6 (0x8a5e) x20 0x80013ce4
core   0: 0x800087d8 (0x00009192) c.add   gp, tp
core   0: 3 0x800087d8 (0x9192) x 3 0x00016000
core   0: 0x800087da (0x02c6c233) div     tp, a3, a2
core   0: 3 0x800087da (0x02c6c233) x 4 0x00000000
core   0: 0x800087de (0x03bcecb3) rem     s9, s9, s11
core   0: 3 0x800087de (0x03bcecb3) x25 0xfffffd49
core   0: 0x800087e2 (0x00000001) c.nop
core   0: 3 0x800087e2 (0x0001)
core   0: 0x800087e4 (0x00000a52) c.slli  s4, 20
core   0: 3 0x800087e4 (0x0a52) x20 0xce400000
core   0: 0x800087e6 (0x00008f45) c.or    a4, s1
core   0: 3 0x800087e6 (0x8f45) x14 0x328bb62b
core   0: 0x800087e8 (0x03e09d33) mulh    s10, ra, t5
core   0: 3 0x800087e8 (0x03e09d33) x26 0x00000000
core   0: 0x800087ec (0x983bba13) sltiu   s4, s7, -1661
core   0: 3 0x800087ec (0x983bba13) x20 0x00000001
core   0: 0x800087f0 (0x00001d8c) c.addi4spn a1, sp, 752
core   0: 3 0x800087f0 (0x1d8c) x11 0x000002e0
core   0: 0x800087f2 (0x013d72b3) and     t0, s10, s3
core   0: 3 0x800087f2 (0x013d72b3) x 5 0x00000000
core   0: 0x800087f6 (0x00000361) c.addi  t1, 24
core   0: 3 0x800087f6 (0x0361) x 6 0xfffff9ef
core   0: 0x800087f8 (0x00005c7d) c.li    s8, -1
core   0: 3 0x800087f8 (0x5c7d) x24 0xffffffff
core   0: 0x800087fa (0x00008139) c.srli  a0, 14
core   0: 3 0x800087fa (0x8139) x10 0x00000000
core   0: 0x800087fc (0x1beca313) slti    t1, s9, 446
core   0: 3 0x800087fc (0x1beca313) x 6 0x00000001
core   0: 0x80008800 (0x00008e45) c.or    a2, s1
core   0: 3 0x80008800 (0x8e45) x12 0x0000cfff
core   0: 0x80008802 (0x40c80cb3) sub     s9, a6, a2
core   0: 3 0x80008802 (0x40c80cb3) x25 0x80002e65
core   0: 0x80008806 (0x03a04a33) div     s4, zero, s10
core   0: 3 0x80008806 (0x03a04a33) x20 0xffffffff
core   0: 0x8000880a (0x03c66fb3) rem     t6, a2, t3
core   0: 3 0x8000880a (0x03c66fb3) x31 0x00000005
core   0: 0x8000880e (0x00008c55) c.or    s0, a3
core   0: 3 0x8000880e (0x8c55) x 8 0x000001ad
core   0: 0x80008810 (0x02e8deb3) divu    t4, a7, a4
core   0: 3 0x80008810 (0x02e8deb3) x29 0x00000000
core   0: 0x80008814 (0x00008c51) c.or    s0, a2
core   0: 3 0x80008814 (0x8c51) x 8 0x0000cfff
core   0: 0x80008816 (0x6d467c13) andi    s8, a2, 1748
core   0: 3 0x80008816 (0x6d467c13) x24 0x000006d4
core   0: 0x8000881a (0x0148bf33) sltu    t5, a7, s4
core   0: 3 0x8000881a (0x0148bf33) x30 0x00000001
core   0: 0x8000881e (0x00000001) c.nop
core   0: 3 0x8000881e (0x0001)
core   0: 0x80008820 (0xf5cf73b7) lui     t2, 0xf5cf7
core   0: 3 0x80008820 (0xf5cf73b7) x 7 0xf5cf7000
core   0: 0x80008824 (0x413edd13) srai    s10, t4, 19
core   0: 3 0x80008824 (0x413edd13) x26 0x00000000
core   0: 0x80008828 (0x00a95213) srli    tp, s2, 10
core   0: 3 0x80008828 (0x00a95213) x 4 0x000ca2ed
core   0: 0x8000882c (0xb1f6ee13) ori     t3, a3, -1249
core   0: 3 0x8000882c (0xb1f6ee13) x28 0xfffffb1f
core   0: 0x80008830 (0x00008ff5) c.and   a5, a3
core   0: 3 0x80008830 (0x8ff5) x15 0x00000000
core   0: 0x80008832 (0x030470b3) remu    ra, s0, a6
core   0: 3 0x80008832 (0x030470b3) x 1 0x0000cfff
core   0: 0x80008836 (0xf6c4ed13) ori     s10, s1, -148
core   0: 3 0x80008836 (0xf6c4ed13) x26 0xffffff6d
core   0: 0x8000883a (0x000088f5) c.andi  s1, 29
core   0: 3 0x8000883a (0x88f5) x 9 0x00000001
core   0: 0x8000883c (0x40cc84b3) sub     s1, s9, a2
core   0: 3 0x8000883c (0x40cc84b3) x 9 0x7fff5e66
core   0: 0x80008840 (0x00008fbd) c.xor   a5, a5
core   0: 3 0x80008840 (0x8fbd) x15 0x00000000
core   0: 0x80008842 (0x024413b3) mulh    t2, s0, tp
core   0: 3 0x80008842 (0x024413b3) x 7 0x0000000a
core   0: 0x80008846 (0x00000001) c.nop
core   0: 3 0x80008846 (0x0001)
core   0: 0x80008848 (0x02d3f633) remu    a2, t2, a3
core   0: 3 0x80008848 (0x02d3f633) x12 0x0000000a
core   0: 0x8000884c (0x00000a62) c.slli  s4, 24
core   0: 3 0x8000884c (0x0a62) x20 0xff000000
core   0: 0x8000884e (0x01f2e5b3) or      a1, t0, t6
core   0: 3 0x8000884e (0x01f2e5b3) x11 0x00000005
core   0: 0x80008852 (0x00008e05) c.sub   a2, s1
core   0: 3 0x80008852 (0x8e05) x12 0x8000a1a4
core   0: 0x80008854 (0x00b17fb3) and     t6, sp, a1
core   0: 3 0x80008854 (0x00b17fb3) x31 0x00000000
core   0: 0x80008858 (0x02ab0933) mul     s2, s6, a0
core   0: 3 0x80008858 (0x02ab0933) x18 0x00000000
core   0: 0x8000885c (0x000008e5) c.addi  a7, 25
core   0: 3 0x8000885c (0x08e5) x17 0x00000019
core   0: 0x8000885e (0x034f57b3) divu    a5, t5, s4
core   0: 3 0x8000885e (0x034f57b3) x15 0x00000000
core   0: 0x80008862 (0x00008549) c.srai  a0, 18
core   0: 3 0x80008862 (0x8549) x10 0x00000000
core   0: 0x80008864 (0x00000001) c.nop
core   0: 3 0x80008864 (0x0001)
core   0: 0x80008866 (0x61e54913) xori    s2, a0, 1566
core   0: 3 0x80008866 (0x61e54913) x18 0x0000061e
core   0: 0x8000886a (0x47863e13) sltiu   t3, a2, 1144
core   0: 3 0x8000886a (0x47863e13) x28 0x00000000
core   0: 0x8000886e (0x0187c033) xor     zero, a5, s8
core   0: 3 0x8000886e (0x0187c033)
core   0: 0x80008872 (0x00008aa5) c.andi  a3, 9
core   0: 3 0x80008872 (0x8aa5) x13 0x00000000
core   0: 0x80008874 (0x0000997d) c.andi  a0, -1
core   0: 3 0x80008874 (0x997d) x10 0x00000000
core   0: 0x80008876 (0x80439397) auipc   t2, 0x80439
core   0: 3 0x80008876 (0x80439397) x 7 0x00441876
core   0: 0x8000887a (0x00006111) c.addi16sp sp, 256
core   0: 3 0x8000887a (0x6111) x 2 0x000000f0
core   0: 0x8000887c (0x02861233) mulh    tp, a2, s0
core   0: 3 0x8000887c (0x02861233) x 4 0xffff9801
core   0: 0x80008880 (0x00008f71) c.and   a4, a2
core   0: 3 0x80008880 (0x8f71) x14 0x0000a020
core   0: 0x80008882 (0x00008fd1) c.or    a5, a2
core   0: 3 0x80008882 (0x8fd1) x15 0x8000a1a4
core   0: 0x80008884 (0x00008051) c.srli  s0, 20
core   0: 3 0x80008884 (0x8051) x 8 0x00000000
core   0: 0x80008886 (0x00008746) c.mv    a4, a7
core   0: 3 0x80008886 (0x8746) x14 0x00000019
core   0: 0x80008888 (0x03f39cb3) mulh    s9, t2, t6
core   0: 3 0x80008888 (0x03f39cb3) x25 0x00000000
core   0: 0x8000888c (0x00d85633) srl     a2, a6, a3
core   0: 3 0x8000888c (0x00d85633) x12 0x8000fe64
core   0: 0x80008890 (0x00009afd) c.andi  a3, -1
core   0: 3 0x80008890 (0x9afd) x13 0x00000000
core   0: 0x80008892 (0x00008dfe) c.mv    s11, t6
core   0: 3 0x80008892 (0x8dfe) x27 0x00000000
core   0: 0x80008894 (0x00008e01) c.sub   a2, s0
core   0: 3 0x80008894 (0x8e01) x12 0x8000fe64
core   0: 0x80008896 (0x0121de33) srl     t3, gp, s2
core   0: 3 0x80008896 (0x0121de33) x28 0x00000000
core   0: 0x8000889a (0x00008fe1) c.and   a5, s0
core   0: 3 0x8000889a (0x8fe1) x15 0x00000000
core   0: 0x8000889c (0x00df5133) srl     sp, t5, a3
core   0: 3 0x8000889c (0x00df5133) x 2 0x00000001
core   0: 0x800088a0 (0x00000001) c.nop
core   0: 3 0x800088a0 (0x0001)
core   0: 0x800088a2 (0x00000251) c.addi  tp, 20
core   0: 3 0x800088a2 (0x0251) x 4 0xffff9815
core   0: 0x800088a4 (0x0a36ec37) lui     s8, 0xa36e
core   0: 3 0x800088a4 (0x0a36ec37) x24 0x0a36e000
core   0: 0x800088a8 (0x00000001) c.nop
core   0: 3 0x800088a8 (0x0001)
core   0: 0x800088aa (0x01bd6db3) or      s11, s10, s11
core   0: 3 0x800088aa (0x01bd6db3) x27 0xffffff6d
core   0: 0x800088ae (0x00000001) c.nop
core   0: 3 0x800088ae (0x0001)
core   0: 0x800088b0 (0x00c32933) slt     s2, t1, a2
core   0: 3 0x800088b0 (0x00c32933) x18 0x00000000
core   0: 0x800088b4 (0x5f74b393) sltiu   t2, s1, 1527
core   0: 3 0x800088b4 (0x5f74b393) x 7 0x00000000
core   0: 0x800088b8 (0x01b55a93) srli    s5, a0, 27
core   0: 3 0x800088b8 (0x01b55a93) x21 0x00000000
core   0: 0x800088bc (0x000091de) c.add   gp, s7
core   0: 3 0x800088bc (0x91de) x 3 0x80029ce4
core   0: 0x800088be (0xd9ee8e93) addi    t4, t4, -610
core   0: 3 0x800088be (0xd9ee8e93) x29 0xfffffd9e
core   0: 0x800088c2 (0x00006edd) c.lui   t4, 0x17
core   0: 3 0x800088c2 (0x6edd) x29 0x00017000
core   0: 0x800088c4 (0x003911b3) sll     gp, s2, gp
core   0: 3 0x800088c4 (0x003911b3) x 3 0x00000000
core   0: 0x800088c8 (0x1ca954b7) lui     s1, 0x1ca95
core   0: 3 0x800088c8 (0x1ca954b7) x 9 0x1ca95000
core   0: 0x800088cc (0x00008505) c.srai  a0, 1
core   0: 3 0x800088cc (0x8505) x10 0x00000000
core   0: 0x800088ce (0x00008ef1) c.and   a3, a2
core   0: 3 0x800088ce (0x8ef1) x13 0x00000000
core   0: 0x800088d0 (0xa40fc937) lui     s2, 0xa40fc
core   0: 3 0x800088d0 (0xa40fc937) x18 0xa40fc000
core   0: 0x800088d4 (0x59c90913) addi    s2, s2, 1436
core   0: 3 0x800088d4 (0x59c90913) x18 0xa40fc59c
core   0: 0x800088d8 (0xfff00c93) li      s9, -1
core   0: 3 0x800088d8 (0xfff00c93) x25 0xffffffff
core   0: 0x800088dc (0x800007b7) lui     a5, 0x80000
core   0: 3 0x800088dc (0x800007b7) x15 0x80000000
core   0: 0x800088e0 (0x00004d81) c.li    s11, 0
core   0: 3 0x800088e0 (0x4d81) x27 0x00000000
core   0: 0x800088e2 (0x800009b7) lui     s3, 0x80000
core   0: 3 0x800088e2 (0x800009b7) x19 0x80000000
core   0: 0x800088e6 (0x800008b7) lui     a7, 0x80000
core   0: 3 0x800088e6 (0x800008b7) x17 0x80000000
core   0: 0x800088ea (0x80000637) lui     a2, 0x80000
core   0: 3 0x800088ea (0x80000637) x12 0x80000000
core   0: 0x800088ee (0xfff00113) li      sp, -1
core   0: 3 0x800088ee (0xfff00113) x 2 0xffffffff
core   0: 0x800088f2 (0xfff00a13) li      s4, -1
core   0: 3 0x800088f2 (0xfff00a13) x20 0xffffffff
core   0: 0x800088f6 (0xfff00f13) li      t5, -1
core   0: 3 0x800088f6 (0xfff00f13) x30 0xffffffff
core   0: 0x800088fa (0x41490cb3) sub     s9, s2, s4
core   0: 3 0x800088fa (0x41490cb3) x25 0xa40fc59d
core   0: 0x800088fe (0x022c87b3) mul     a5, s9, sp
core   0: 3 0x800088fe (0x022c87b3) x15 0x5bf03a63
core   0: 0x80008902 (0x70578a13) addi    s4, a5, 1797
core   0: 3 0x80008902 (0x70578a13) x20 0x5bf04168
core   0: 0x80008906 (0x03312f33) mulhsu  t5, sp, s3
core   0: 3 0x80008906 (0x03312f33) x30 0xffffffff
core   0: 0x8000890a (0x03e78a33) mul     s4, a5, t5
core   0: 3 0x8000890a (0x03e78a33) x20 0xa40fc59d
core   0: 0x8000890e (0xb6198993) addi    s3, s3, -1183
core   0: 3 0x8000890e (0xb6198993) x19 0x7ffffb61
core   0: 0x80008912 (0x03e17133) remu    sp, sp, t5
core   0: 3 0x80008912 (0x03e17133) x 2 0x00000000
core   0: 0x80008916 (0x03e647b3) div     a5, a2, t5
core   0: 3 0x80008916 (0x03e647b3) x15 0x80000000
core   0: 0x8000891a (0x6b7daa17) auipc   s4, 0x6b7da
core   0: 3 0x8000891a (0x6b7daa17) x20 0xeb7e291a
core   0: 0x8000891e (0x64888613) addi    a2, a7, 1608
core   0: 3 0x8000891e (0x64888613) x12 0x80000648
core   0: 0x80008922 (0x03497133) remu    sp, s2, s4
core   0: 3 0x80008922 (0x03497133) x 2 0xa40fc59c
core   0: 0x80008926 (0x03411a33) mulh    s4, sp, s4
core   0: 3 0x80008926 (0x03411a33) x20 0x075d65ca
core   0: 0x8000892a (0x02f62133) mulhsu  sp, a2, a5
core   0: 3 0x8000892a (0x02f62133) x 2 0xc0000324
core   0: 0x8000892e (0x022f3cb3) mulhu   s9, t5, sp
core   0: 3 0x8000892e (0x022f3cb3) x25 0xc0000323
core   0: 0x80008932 (0x034969b3) rem     s3, s2, s4
core   0: 3 0x80008932 (0x034969b3) x19 0xfc708b14
core   0: 0x80008936 (0x00bdb117) auipc   sp, 0xbdb
core   0: 3 0x80008936 (0x00bdb117) x 2 0x80be3936
core   0: 0x8000893a (0x02cf6cb3) rem     s9, t5, a2
core   0: 3 0x8000893a (0x02cf6cb3) x25 0xffffffff
core   0: 0x8000893e (0x03212cb3) mulhsu  s9, sp, s2
core   0: 3 0x8000893e (0x03212cb3) x25 0xae720590
core   0: 0x80008942 (0x02f9e633) rem     a2, s3, a5
core   0: 3 0x80008942 (0x02f9e633) x12 0xfc708b14
core   0: 0x80008946 (0x03395f33) divu    t5, s2, s3
core   0: 3 0x80008946 (0x03395f33) x30 0x00000000
core   0: 0x8000894a (0x022ca633) mulhsu  a2, s9, sp
core   0: 3 0x8000894a (0x022ca633) x12 0xd6fc692e
core   0: 0x8000894e (0x02f62133) mulhsu  sp, a2, a5
core   0: 3 0x8000894e (0x02f62133) x 2 0xeb7e3497
core   0: 0x80008952 (0x00008029) c.srli  s0, 10
core   0: 3 0x80008952 (0x8029) x 8 0x00000000
core   0: 0x80008954 (0x00841f33) sll     t5, s0, s0
core   0: 3 0x80008954 (0x00841f33) x30 0x00000000
core   0: 0x80008958 (0x0000717d) c.addi16sp sp, -16
core   0: 3 0x80008958 (0x717d) x 2 0xeb7e3487
core   0: 0x8000895a (0x011855b3) srl     a1, a6, a7
core   0: 3 0x8000895a (0x011855b3) x11 0x8000fe64
core   0: 0x8000895e (0x0344ce33) div     t3, s1, s4
core   0: 3 0x8000895e (0x0344ce33) x28 0x00000003
core   0: 0x80008962 (0x00008cb9) c.xor   s1, a4
core   0: 3 0x80008962 (0x8cb9) x 9 0x1ca95019
core   0: 0x80008964 (0x00008e65) c.and   a2, s1
core   0: 3 0x80008964 (0x8e65) x12 0x14a84008
core   0: 0x80008966 (0x03fe0933) mul     s2, t3, t6
core   0: 3 0x80008966 (0x03fe0933) x18 0x00000000
core   0: 0x8000896a (0x000004bd) c.addi  s1, 15
core   0: 3 0x8000896a (0x04bd) x 9 0x1ca95028
core   0: 0x8000896c (0x02dbd233) divu    tp, s7, a3
core   0: 3 0x8000896c (0x02dbd233) x 4 0xffffffff
core   0: 0x80008970 (0x00b1edb3) or      s11, gp, a1
core   0: 3 0x80008970 (0x00b1edb3) x27 0x8000fe64
core   0: 0x80008974 (0x03d7ad33) mulhsu  s10, a5, t4
core   0: 3 0x80008974 (0x03d7ad33) x26 0xffff4800
core   0: 0x80008978 (0x017f3933) sltu    s2, t5, s7
core   0: 3 0x80008978 (0x017f3933) x18 0x00000001
core   0: 0x8000897c (0x41aa5933) sra     s2, s4, s10
core   0: 3 0x8000897c (0x41aa5933) x18 0x075d65ca
core   0: 0x80008980 (0x6b08e2b7) lui     t0, 0x6b08e
core   0: 3 0x80008980 (0x6b08e2b7) x 5 0x6b08e000
core   0: 0x80008984 (0x1fadb337) lui     t1, 0x1fadb
core   0: 3 0x80008984 (0x1fadb337) x 6 0x1fadb000
core   0: 0x80008988 (0x00000001) c.nop
core   0: 3 0x80008988 (0x0001)
core   0: 0x8000898a (0x0019ce33) xor     t3, s3, ra
core   0: 3 0x8000898a (0x0019ce33) x28 0xfc7044eb
core   0: 0x8000898e (0x01e45913) srli    s2, s0, 30
core   0: 3 0x8000898e (0x01e45913) x18 0x00000000
core   0: 0x80008992 (0x00f94533) xor     a0, s2, a5
core   0: 3 0x80008992 (0x00f94533) x10 0x80000000
core   0: 0x80008996 (0x00008946) c.mv    s2, a7
core   0: 3 0x80008996 (0x8946) x18 0x80000000
core   0: 0x80008998 (0x008c9f13) slli    t5, s9, 8
core   0: 3 0x80008998 (0x008c9f13) x30 0x72059000
core   0: 0x8000899c (0x000086e9) c.srai  a3, 26
core   0: 3 0x8000899c (0x86e9) x13 0x00000000
core   0: 0x8000899e (0x015659b3) srl     s3, a2, s5
core   0: 3 0x8000899e (0x015659b3) x19 0x14a84008
core   0: 0x800089a2 (0x00000001) c.nop
core   0: 3 0x800089a2 (0x0001)
core   0: 0x800089a4 (0x0397b933) mulhu   s2, a5, s9
core   0: 3 0x800089a4 (0x0397b933) x18 0x573902c8
core   0: 0x800089a8 (0x00008dd9) c.or    a1, a4
core   0: 3 0x800089a8 (0x8dd9) x11 0x8000fe7d
core   0: 0x800089aa (0x9ddda0b7) lui     ra, 0x9ddda
core   0: 3 0x800089aa (0x9ddda0b7) x 1 0x9ddda000
core   0: 0x800089ae (0xf234e113) ori     sp, s1, -221
core   0: 3 0x800089ae (0xf234e113) x 2 0xffffff2b
core   0: 0x800089b2 (0xddff8f93) addi    t6, t6, -545
core   0: 3 0x800089b2 (0xddff8f93) x31 0xfffffddf
core   0: 0x800089b6 (0x00a84033) xor     zero, a6, a0
core   0: 3 0x800089b6 (0x00a84033)
core   0: 0x800089ba (0x00006419) c.lui   s0, 0x6
core   0: 3 0x800089ba (0x6419) x 8 0x00006000
core   0: 0x800089bc (0x0111fab3) and     s5, gp, a7
core   0: 3 0x800089bc (0x0111fab3) x21 0x00000000
core   0: 0x800089c0 (0x0000717d) c.addi16sp sp, -16
core   0: 3 0x800089c0 (0x717d) x 2 0xffffff1b
core   0: 0x800089c2 (0x6f466f13) ori     t5, a2, 1780
core   0: 3 0x800089c2 (0x6f466f13) x30 0x14a846fc
core   0: 0x800089c6 (0x03736c33) rem     s8, t1, s7
core   0: 3 0x800089c6 (0x03736c33) x24 0x1fadb000
core   0: 0x800089ca (0x02f368b3) rem     a7, t1, a5
core   0: 3 0x800089ca (0x02f368b3) x17 0x1fadb000
core   0: 0x800089ce (0x00bfb033) sltu    zero, t6, a1
core   0: 3 0x800089ce (0x00bfb033)
core   0: 0x800089d2 (0x032fbab3) mulhu   s5, t6, s2
core   0: 3 0x800089d2 (0x032fbab3) x21 0x5739020e
core   0: 0x800089d6 (0x1195c613) xori    a2, a1, 281
core   0: 3 0x800089d6 (0x1195c613) x12 0x8000ff64
core   0: 0x800089da (0x03e26c33) rem     s8, tp, t5
core   0: 3 0x800089da (0x03e26c33) x24 0xffffffff
core   0: 0x800089de (0x00008fb9) c.xor   a5, a4
core   0: 3 0x800089de (0x8fb9) x15 0x80000019
core   0: 0x800089e0 (0x00008e09) c.sub   a2, a0
core   0: 3 0x800089e0 (0x8e09) x12 0x0000ff64
core   0: 0x800089e2 (0x0371cc33) div     s8, gp, s7
core   0: 3 0x800089e2 (0x0371cc33) x24 0x00000000
core   0: 0x800089e6 (0x0000127d) c.addi  tp, -1
core   0: 3 0x800089e6 (0x127d) x 4 0xfffffffe
core   0: 0x800089e8 (0x410357b3) sra     a5, t1, a6
core   0: 3 0x800089e8 (0x410357b3) x15 0x01fadb00
core   0: 0x800089ec (0x02364db3) div     s11, a2, gp
core   0: 3 0x800089ec (0x02364db3) x27 0xffffffff
core   0: 0x800089f0 (0x02177fb3) remu    t6, a4, ra
core   0: 3 0x800089f0 (0x02177fb3) x31 0x00000019
core   0: 0x800089f4 (0x00008de5) c.and   a1, s1
core   0: 3 0x800089f4 (0x8de5) x11 0x00005028
core   0: 0x800089f6 (0x013116b3) sll     a3, sp, s3
core   0: 3 0x800089f6 (0x013116b3) x13 0xffff1b00
core   0: 0x800089fa (0x026fe133) rem     sp, t6, t1
core   0: 3 0x800089fa (0x026fe133) x 2 0x00000019
core   0: 0x800089fe (0x00000e1c) c.addi4spn a5, sp, 784
core   0: 3 0x800089fe (0x0e1c) x15 0x00000329
core   0: 0x80008a00 (0x030e4633) div     a2, t3, a6
core   0: 3 0x80008a00 (0x030e4633) x12 0x00000000
core   0: 0x80008a04 (0x00004dad) c.li    s11, 11
core   0: 3 0x80008a04 (0x4dad) x27 0x0000000b
core   0: 0x80008a06 (0x0000079c) c.addi4spn a5, sp, 960
core   0: 3 0x80008a06 (0x079c) x15 0x000003d9
core   0: 0x80008a08 (0x4293be13) sltiu   t3, t2, 1065
core   0: 3 0x80008a08 (0x4293be13) x28 0x00000001
core   0: 0x80008a0c (0x412e03b3) sub     t2, t3, s2
core   0: 3 0x80008a0c (0x412e03b3) x 7 0xa8c6fd39
core   0: 0x80008a10 (0x01cb1533) sll     a0, s6, t3
core   0: 3 0x80008a10 (0x01cb1533) x10 0x0000001c
core   0: 0x80008a14 (0x14c1fa13) andi    s4, gp, 332
core   0: 3 0x80008a14 (0x14c1fa13) x20 0x00000000
core   0: 0x80008a18 (0x0000179c) c.addi4spn a5, sp, 992
core   0: 3 0x80008a18 (0x179c) x15 0x000003f9
core   0: 0x80008a1a (0x01256433) or      s0, a0, s2
core   0: 3 0x80008a1a (0x01256433) x 8 0x573902dc
core   0: 0x80008a1e (0x00008cc1) c.or    s1, s0
core   0: 3 0x80008a1e (0x8cc1) x 9 0x5fb952fc
core   0: 0x80008a20 (0x038e0fb3) mul     t6, t3, s8
core   0: 3 0x80008a20 (0x038e0fb3) x31 0x00000000
core   0: 0x80008a24 (0x40425213) srai    tp, tp, 4
core   0: 3 0x80008a24 (0x40425213) x 4 0xffffffff
core   0: 0x80008a28 (0x021f61b3) rem     gp, t5, ra
core   0: 3 0x80008a28 (0x021f61b3) x 3 0x14a846fc
core   0: 0x80008a2c (0x41675193) srai    gp, a4, 22
core   0: 3 0x80008a2c (0x41675193) x 3 0x00000000
core   0: 0x80008a30 (0x00006eb5) c.lui   t4, 0xd
core   0: 3 0x80008a30 (0x6eb5) x29 0x0000d000
core   0: 0x80008a32 (0x03caa133) mulhsu  sp, s5, t3
core   0: 3 0x80008a32 (0x03caa133) x 2 0x00000000
core   0: 0x80008a36 (0x01a27533) and     a0, tp, s10
core   0: 3 0x80008a36 (0x01a27533) x10 0xffff4800
core   0: 0x80008a3a (0xccd02f93) slti    t6, zero, -819
core   0: 3 0x80008a3a (0xccd02f93) x31 0x00000000
core   0: 0x80008a3e (0x02647fb3) remu    t6, s0, t1
core   0: 3 0x80008a3e (0x02647fb3) x31 0x17dda2dc
core   0: 0x80008a42 (0x00c220b3) slt     ra, tp, a2
core   0: 3 0x80008a42 (0x00c220b3) x 1 0x00000001
core   0: 0x80008a46 (0x00000001) c.nop
core   0: 3 0x80008a46 (0x0001)
core   0: 0x80008a48 (0x8eedc613) xori    a2, s11, -1810
core   0: 3 0x80008a48 (0x8eedc613) x12 0xfffff8e5
core   0: 0x80008a4c (0x034a26b3) mulhsu  a3, s4, s4
core   0: 3 0x80008a4c (0x034a26b3) x13 0x00000000
core   0: 0x80008a50 (0x40228e33) sub     t3, t0, sp
core   0: 3 0x80008a50 (0x40228e33) x28 0x6b08e000
core   0: 0x80008a54 (0x025c0fb3) mul     t6, s8, t0
core   0: 3 0x80008a54 (0x025c0fb3) x31 0x00000000
core   0: 0x80008a58 (0x00008fe9) c.and   a5, a0
core   0: 3 0x80008a58 (0x8fe9) x15 0x00000000
core   0: 0x80008a5a (0x2375a5b7) lui     a1, 0x2375a
core   0: 3 0x80008a5a (0x2375a5b7) x11 0x2375a000
core   0: 0x80008a5e (0x02fdbc33) mulhu   s8, s11, a5
core   0: 3 0x80008a5e (0x02fdbc33) x24 0x00000000
core   0: 0x80008a62 (0x41d30c33) sub     s8, t1, t4
core   0: 3 0x80008a62 (0x41d30c33) x24 0x1face000
core   0: 0x80008a66 (0x0167b3b3) sltu    t2, a5, s6
core   0: 3 0x80008a66 (0x0167b3b3) x 7 0x00000001
core   0: 0x80008a6a (0xbbbe4193) xori    gp, t3, -1093
core   0: 3 0x80008a6a (0xbbbe4193) x 3 0x94f71bbb
core   0: 0x80008a6e (0x00008cd9) c.or    s1, a4
core   0: 3 0x80008a6e (0x8cd9) x 9 0x5fb952fd
core   0: 0x80008a70 (0x01371d33) sll     s10, a4, s3
core   0: 3 0x80008a70 (0x01371d33) x26 0x00001900
core   0: 0x80008a74 (0x00000001) c.nop
core   0: 3 0x80008a74 (0x0001)
core   0: 0x80008a76 (0x00008431) c.srai  s0, 12
core   0: 3 0x80008a76 (0x8431) x 8 0x00057390
core   0: 0x80008a78 (0x40758ab3) sub     s5, a1, t2
core   0: 3 0x80008a78 (0x40758ab3) x21 0x23759fff
core   0: 0x80008a7c (0xfaad7993) andi    s3, s10, -86
core   0: 3 0x80008a7c (0xfaad7993) x19 0x00001900
core   0: 0x80008a80 (0x027ae433) rem     s0, s5, t2
core   0: 3 0x80008a80 (0x027ae433) x 8 0x00000000
core   0: 0x80008a84 (0x01c5f4b3) and     s1, a1, t3
core   0: 3 0x80008a84 (0x01c5f4b3) x 9 0x2300a000
core   0: 0x80008a88 (0x0006e633) or      a2, a3, zero
core   0: 3 0x80008a88 (0x0006e633) x12 0x00000000
core   0: 0x80008a8c (0x3ffaf293) andi    t0, s5, 1023
core   0: 3 0x80008a8c (0x3ffaf293) x 5 0x000003ff
core   0: 0x80008a90 (0x03f52933) mulhsu  s2, a0, t6
core   0: 3 0x80008a90 (0x03f52933) x18 0x00000000
core   0: 0x80008a94 (0x00841e93) slli    t4, s0, 8
core   0: 3 0x80008a94 (0x00841e93) x29 0x00000000
core   0: 0x80008a98 (0x00005dfd) c.li    s11, -1
core   0: 3 0x80008a98 (0x5dfd) x27 0xffffffff
core   0: 0x80008a9a (0x025797b3) mulh    a5, a5, t0
core   0: 3 0x80008a9a (0x025797b3) x15 0x00000000
core   0: 0x80008a9e (0x0000908e) c.add   ra, gp
core   0: 3 0x80008a9e (0x908e) x 1 0x94f71bbc
core   0: 0x80008aa0 (0x00001b10) c.addi4spn a2, sp, 432
core   0: 3 0x80008aa0 (0x1b10) x12 0x000001b0
core   0: 0x80008aa2 (0x000084b1) c.srai  s1, 12
core   0: 3 0x80008aa2 (0x84b1) x 9 0x0002300a
core   0: 0x80008aa4 (0x018e1ab3) sll     s5, t3, s8
core   0: 3 0x80008aa4 (0x018e1ab3) x21 0x6b08e000
core   0: 0x80008aa8 (0x029ae2b3) rem     t0, s5, s1
core   0: 3 0x80008aa8 (0x029ae2b3) x 5 0x000086be
core   0: 0x80008aac (0x01e11f33) sll     t5, sp, t5
core   0: 3 0x80008aac (0x01e11f33) x30 0x00000000
core   0: 0x80008ab0 (0x00aa3eb3) sltu    t4, s4, a0
core   0: 3 0x80008ab0 (0x00aa3eb3) x29 0x00000001
core   0: 0x80008ab4 (0x10b5fe97) auipc   t4, 0x10b5f
core   0: 3 0x80008ab4 (0x10b5fe97) x29 0x90b67ab4
core   0: 0x80008ab8 (0x000089be) c.mv    s3, a5
core   0: 3 0x80008ab8 (0x89be) x19 0x00000000
core   0: 0x80008aba (0x02173233) mulhu   tp, a4, ra
core   0: 3 0x80008aba (0x02173233) x 4 0x0000000e
core   0: 0x80008abe (0x0290f1b3) remu    gp, ra, s1
core   0: 3 0x80008abe (0x0290f1b3) x 3 0x000222d6
core   0: 0x80008ac2 (0x0065ca33) xor     s4, a1, t1
core   0: 3 0x80008ac2 (0x0065ca33) x20 0x3cd81000
core   0: 0x80008ac6 (0x01c3f6b3) and     a3, t2, t3
core   0: 3 0x80008ac6 (0x01c3f6b3) x13 0x00000000
core   0: 0x80008aca (0x0140c3b3) xor     t2, ra, s4
core   0: 3 0x80008aca (0x0140c3b3) x 7 0xa82f0bbc
core   0: 0x80008ace (0x00004c9d) c.li    s9, 7
core   0: 3 0x80008ace (0x4c9d) x25 0x00000007
core   0: 0x80008ad0 (0xdfc87917) auipc   s2, 0xdfc87
core   0: 3 0x80008ad0 (0xdfc87917) x18 0x5fc8fad0
core   0: 0x80008ad4 (0x3a257913) andi    s2, a0, 930
core   0: 3 0x80008ad4 (0x3a257913) x18 0x00000000
core   0: 0x80008ad8 (0x00000001) c.nop
core   0: 3 0x80008ad8 (0x0001)
core   0: 0x80008ada (0x0e6a4513) xori    a0, s4, 230
core   0: 3 0x80008ada (0x0e6a4513) x10 0x3cd810e6
core   0: 0x80008ade (0x03884cb3) div     s9, a6, s8
core   0: 3 0x80008ade (0x03884cb3) x25 0xfffffffc
core   0: 0x80008ae2 (0x400e0733) sub     a4, t3, zero
core   0: 3 0x80008ae2 (0x400e0733) x14 0x6b08e000
core   0: 0x80008ae6 (0x4e557a97) auipc   s5, 0x4e557
core   0: 3 0x80008ae6 (0x4e557a97) x21 0xce55fae6
core   0: 0x80008aea (0x00008d0d) c.sub   a0, a1
core   0: 3 0x80008aea (0x8d0d) x10 0x196270e6
core   0: 0x80008aec (0x40215e13) srai    t3, sp, 2
core   0: 3 0x80008aec (0x40215e13) x28 0x00000000
core   0: 0x80008af0 (0x0000967e) c.add   a2, t6
core   0: 3 0x80008af0 (0x967e) x12 0x000001b0
core   0: 0x80008af2 (0x408e8cb3) sub     s9, t4, s0
core   0: 3 0x80008af2 (0x408e8cb3) x25 0x90b67ab4
core   0: 0x80008af6 (0xd5608913) addi    s2, ra, -682
core   0: 3 0x80008af6 (0xd5608913) x18 0x94f71912
core   0: 0x80008afa (0x02085ab3) divu    s5, a6, zero
core   0: 3 0x80008afa (0x02085ab3) x21 0xffffffff
core   0: 0x80008afe (0x00008a7e) c.mv    s4, t6
core   0: 3 0x80008afe (0x8a7e) x20 0x00000000
core   0: 0x80008b00 (0x032e5733) divu    a4, t3, s2
core   0: 3 0x80008b00 (0x032e5733) x14 0x00000000
core   0: 0x80008b04 (0x00000535) c.addi  a0, 13
core   0: 3 0x80008b04 (0x0535) x10 0x196270f3
core   0: 0x80008b06 (0x00000001) c.nop
core   0: 3 0x80008b06 (0x0001)
core   0: 0x80008b08 (0x03ed09b3) mul     s3, s10, t5
core   0: 3 0x80008b08 (0x03ed09b3) x19 0x00000000
core   0: 0x80008b0c (0x000057fd) c.li    a5, -1
core   0: 3 0x80008b0c (0x57fd) x15 0xffffffff
core   0: 0x80008b0e (0x000004fd) c.addi  s1, 31
core   0: 3 0x80008b0e (0x04fd) x 9 0x00023029
core   0: 0x80008b10 (0x01d241b3) xor     gp, tp, t4
core   0: 3 0x80008b10 (0x01d241b3) x 3 0x90b67aba
core   0: 0x80008b14 (0x032839b3) mulhu   s3, a6, s2
core   0: 3 0x80008b14 (0x032839b3) x19 0x4a7c2090
core   0: 0x80008b18 (0x00c7a633) slt     a2, a5, a2
core   0: 3 0x80008b18 (0x00c7a633) x12 0x00000001
core   0: 0x80008b1c (0x033417b3) mulh    a5, s0, s3
core   0: 3 0x80008b1c (0x033417b3) x15 0x00000000
core   0: 0x80008b20 (0x000010fd) c.addi  ra, -1
core   0: 3 0x80008b20 (0x10fd) x 1 0x94f71bbb
core   0: 0x80008b22 (0x00008c8d) c.sub   s1, a1
core   0: 3 0x80008b22 (0x8c8d) x 9 0xdc8c9029
core   0: 0x80008b24 (0x3eb28c13) addi    s8, t0, 1003
core   0: 3 0x80008b24 (0x3eb28c13) x24 0x00008aa9
core   0: 0x80008b28 (0x0372d6b3) divu    a3, t0, s7
core   0: 3 0x80008b28 (0x0372d6b3) x13 0x00000000
core   0: 0x80008b2c (0x00008f91) c.sub   a5, a2
core   0: 3 0x80008b2c (0x8f91) x15 0xffffffff
core   0: 0x80008b2e (0xf9e76313) ori     t1, a4, -98
core   0: 3 0x80008b2e (0xf9e76313) x 6 0xffffff9e
core   0: 0x80008b32 (0x5421f413) andi    s0, gp, 1346
core   0: 3 0x80008b32 (0x5421f413) x 8 0x00000002
core   0: 0x80008b36 (0xc8e8f613) andi    a2, a7, -882
core   0: 3 0x80008b36 (0xc8e8f613) x12 0x1fadb000
core   0: 0x80008b3a (0x00008241) c.srli  a2, 16
core   0: 3 0x80008b3a (0x8241) x12 0x00001fad
core   0: 0x80008b3c (0x03fd7eb3) remu    t4, s10, t6
core   0: 3 0x80008b3c (0x03fd7eb3) x29 0x00001900
core   0: 0x80008b40 (0x410f5d13) srai    s10, t5, 16
core   0: 3 0x80008b40 (0x410f5d13) x26 0x00000000
core   0: 0x80008b44 (0x000082e5) c.srli  a3, 25
core   0: 3 0x80008b44 (0x82e5) x13 0x00000000
core   0: 0x80008b46 (0x000087d5) c.srai  a5, 21
core   0: 3 0x80008b46 (0x87d5) x15 0xffffffff
core   0: 0x80008b48 (0x00008c11) c.sub   s0, a2
core   0: 3 0x80008b48 (0x8c11) x 8 0xffffe055
core   0: 0x80008b4a (0x4dc0f713) andi    a4, ra, 1244
core   0: 3 0x80008b4a (0x4dc0f713) x14 0x00000098
core   0: 0x80008b4e (0x00681033) sll     zero, a6, t1
core   0: 3 0x80008b4e (0x00681033)
core   0: 0x80008b52 (0x00000001) c.nop
core   0: 3 0x80008b52 (0x0001)
core   0: 0x80008b54 (0x002c2f33) slt     t5, s8, sp
core   0: 3 0x80008b54 (0x002c2f33) x30 0x00000000
core   0: 0x80008b58 (0x000058fd) c.li    a7, -1
core   0: 3 0x80008b58 (0x58fd) x17 0xffffffff
core   0: 0x80008b5a (0x00013333) sltu    t1, sp, zero
core   0: 3 0x80008b5a (0x00013333) x 6 0x00000000
core   0: 0x80008b5e (0x01a253b3) srl     t2, tp, s10
core   0: 3 0x80008b5e (0x01a253b3) x 7 0x0000000e
core   0: 0x80008b62 (0x0022d393) srli    t2, t0, 2
core   0: 3 0x80008b62 (0x0022d393) x 7 0x000021af
core   0: 0x80008b66 (0x00009b7d) c.andi  a4, -1
core   0: 3 0x80008b66 (0x9b7d) x14 0x00000098
core   0: 0x80008b68 (0x0000934e) c.add   t1, s3
core   0: 3 0x80008b68 (0x934e) x 6 0x4a7c2090
core   0: 0x80008b6a (0x01d5cdb3) xor     s11, a1, t4
core   0: 3 0x80008b6a (0x01d5cdb3) x27 0x2375b900
core   0: 0x80008b6e (0x000099fd) c.andi  a1, -1
core   0: 3 0x80008b6e (0x99fd) x11 0x2375a000
core   0: 0x80008b70 (0x0245fdb3) remu    s11, a1, tp
core   0: 3 0x80008b70 (0x0245fdb3) x27 0x00000006
core   0: 0x80008b74 (0x00009f0e) c.add   t5, gp
core   0: 3 0x80008b74 (0x9f0e) x30 0x90b67aba
core   0: 0x80008b76 (0x01f086b3) add     a3, ra, t6
core   0: 3 0x80008b76 (0x01f086b3) x13 0x94f71bbb
core   0: 0x80008b7a (0x00006321) c.lui   t1, 0x8
core   0: 3 0x80008b7a (0x6321) x 6 0x00008000
core   0: 0x80008b7c (0x01301993) slli    s3, zero, 19
core   0: 3 0x80008b7c (0x01301993) x19 0x00000000
core   0: 0x80008b80 (0x00000001) c.nop
core   0: 3 0x80008b80 (0x0001)
core   0: 0x80008b82 (0x0000852a) c.mv    a0, a0
core   0: 3 0x80008b82 (0x852a) x10 0x196270f3
core   0: 0x80008b84 (0x00008fe5) c.and   a5, s1
core   0: 3 0x80008b84 (0x8fe5) x15 0xdc8c9029
core   0: 0x80008b86 (0x00000001) c.nop
core   0: 3 0x80008b86 (0x0001)
core   0: 0x80008b88 (0x0322ee33) rem     t3, t0, s2
core   0: 3 0x80008b88 (0x0322ee33) x28 0x000086be
core   0: 0x80008b8c (0x4077df93) srai    t6, a5, 7
core   0: 3 0x80008b8c (0x4077df93) x31 0xffb91920
core   0: 0x80008b90 (0x01d61eb3) sll     t4, a2, t4
core   0: 3 0x80008b90 (0x01d61eb3) x29 0x00001fad
core   0: 0x80008b94 (0x402981b3) sub     gp, s3, sp
core   0: 3 0x80008b94 (0x402981b3) x 3 0x00000000
core   0: 0x80008b98 (0x00032033) slt     zero, t1, zero
core   0: 3 0x80008b98 (0x00032033)
core   0: 0x80008b9c (0x006eda93) srli    s5, t4, 6
core   0: 3 0x80008b9c (0x006eda93) x21 0x0000007e
core   0: 0x80008ba0 (0x01ee5033) srl     zero, t3, t5
core   0: 3 0x80008ba0 (0x01ee5033)
core   0: 0x80008ba4 (0x01c48eb3) add     t4, s1, t3
core   0: 3 0x80008ba4 (0x01c48eb3) x29 0xdc8d16e7
core   0: 0x80008ba8 (0x00008fad) c.xor   a5, a1
core   0: 3 0x80008ba8 (0x8fad) x15 0xfff93029
core   0: 0x80008baa (0x005be533) or      a0, s7, t0
core   0: 3 0x80008baa (0x005be533) x10 0x8001befe
core   0: 0x80008bae (0x0226a133) mulhsu  sp, a3, sp
core   0: 3 0x80008bae (0x0226a133) x 2 0x00000000
core   0: 0x80008bb2 (0x00008c3d) c.xor   s0, a5
core   0: 3 0x80008bb2 (0x8c3d) x 8 0x0006d07c
core   0: 0x80008bb4 (0x022c64b3) rem     s1, s8, sp
core   0: 3 0x80008bb4 (0x022c64b3) x 9 0x00008aa9
core   0: 0x80008bb8 (0x6b317f13) andi    t5, sp, 1715
core   0: 3 0x80008bb8 (0x6b317f13) x30 0x00000000
core   0: 0x80008bbc (0x41285493) srai    s1, a6, 18
core   0: 3 0x80008bbc (0x41285493) x 9 0xffffe000
core   0: 0x80008bc0 (0x003283b3) add     t2, t0, gp
core   0: 3 0x80008bc0 (0x003283b3) x 7 0x000086be
core   0: 0x80008bc4 (0x004fd3b3) srl     t2, t6, tp
core   0: 3 0x80008bc4 (0x004fd3b3) x 7 0x0003fee4
core   0: 0x80008bc8 (0x375c0c13) addi    s8, s8, 885
core   0: 3 0x80008bc8 (0x375c0c13) x24 0x00008e1e
core   0: 0x80008bcc (0x00001d7d) c.addi  s10, -1
core   0: 3 0x80008bcc (0x1d7d) x26 0xffffffff
core   0: 0x80008bce (0x0097ecb3) or      s9, a5, s1
core   0: 3 0x80008bce (0x0097ecb3) x25 0xfffff029
core   0: 0x80008bd2 (0x17b74e13) xori    t3, a4, 379
core   0: 3 0x80008bd2 (0x17b74e13) x28 0x000001e3
core   0: 0x80008bd6 (0x013975b3) and     a1, s2, s3
core   0: 3 0x80008bd6 (0x013975b3) x11 0x00000000
core   0: 0x80008bda (0x00000001) c.nop
core   0: 3 0x80008bda (0x0001)
core   0: 0x80008bdc (0x00009a7d) c.andi  a2, -1
core   0: 3 0x80008bdc (0x9a7d) x12 0x00001fad
core   0: 0x80008bde (0x000003be) c.slli  t2, 15
core   0: 3 0x80008bde (0x03be) x 7 0xff720000
core   0: 0x80008be0 (0x689b7613) andi    a2, s6, 1673
core   0: 3 0x80008be0 (0x689b7613) x12 0x00000008
core   0: 0x80008be4 (0x0a6d3a13) sltiu   s4, s10, 166
core   0: 3 0x80008be4 (0x0a6d3a13) x20 0x00000000
core   0: 0x80008be8 (0x00d8dd93) srli    s11, a7, 13
core   0: 3 0x80008be8 (0x00d8dd93) x27 0x0007ffff
core   0: 0x80008bec (0x01e34633) xor     a2, t1, t5
core   0: 3 0x80008bec (0x01e34633) x12 0x00008000
core   0: 0x80008bf0 (0x017914b3) sll     s1, s2, s7
core   0: 3 0x80008bf0 (0x017914b3) x 9 0x4f719120
core   0: 0x80008bf4 (0x0001dd13) srli    s10, gp, 0
core   0: 3 0x80008bf4 (0x0001dd13) x26 0x00000000
core   0: 0x80008bf8 (0x0142c0b3) xor     ra, t0, s4
core   0: 3 0x80008bf8 (0x0142c0b3) x 1 0x000086be
core   0: 0x80008bfc (0x00008d39) c.xor   a0, a4
core   0: 3 0x80008bfc (0x8d39) x10 0x8001be66
core   0: 0x80008bfe (0x00001894) c.addi4spn a3, sp, 112
core   0: 3 0x80008bfe (0x1894) x13 0x00000070
core   0: 0x80008c00 (0x00a37e33) and     t3, t1, a0
core   0: 3 0x80008c00 (0x00a37e33) x28 0x00008000
core   0: 0x80008c04 (0x014c9913) slli    s2, s9, 20
core   0: 3 0x80008c04 (0x014c9913) x18 0x02900000
core   0: 0x80008c08 (0x03018ab3) mul     s5, gp, a6
core   0: 3 0x80008c08 (0x03018ab3) x21 0x00000000
core   0: 0x80008c0c (0x031b73b3) remu    t2, s6, a7
core   0: 3 0x80008c0c (0x031b73b3) x 7 0x0000000e
core   0: 0x80008c10 (0x07453f97) auipc   t6, 0x7453
core   0: 3 0x80008c10 (0x07453f97) x31 0x8745bc10
core   0: 0x80008c14 (0x03c5d3b3) divu    t2, a1, t3
core   0: 3 0x80008c14 (0x03c5d3b3) x 7 0x00000000
core   0: 0x80008c18 (0x00008d4d) c.or    a0, a1
core   0: 3 0x80008c18 (0x8d4d) x10 0x8001be66
core   0: 0x80008c1a (0x475af713) andi    a4, s5, 1141
core   0: 3 0x80008c1a (0x475af713) x14 0x00000000
core   0: 0x80008c1e (0x012cc4b3) xor     s1, s9, s2
core   0: 3 0x80008c1e (0x012cc4b3) x 9 0xfd6ff029
core   0: 0x80008c22 (0x000068f9) c.lui   a7, 0x1e
core   0: 3 0x80008c22 (0x68f9) x17 0x0001e000
core   0: 0x80008c24 (0x00000001) c.nop
core   0: 3 0x80008c24 (0x0001)
core   0: 0x80008c26 (0x00000001) c.nop
core   0: 3 0x80008c26 (0x0001)
core   0: 0x80008c28 (0x00008ddd) c.or    a1, a5
core   0: 3 0x80008c28 (0x8ddd) x11 0xfff93029
core   0: 0x80008c2a (0x036505b3) mul     a1, a0, s6
core   0: 3 0x80008c2a (0x036505b3) x11 0x00186994
core   0: 0x80008c2e (0x00001614) c.addi4spn a3, sp, 800
core   0: 3 0x80008c2e (0x1614) x13 0x00000320
core   0: 0x80008c30 (0x000099fd) c.andi  a1, -1
core   0: 3 0x80008c30 (0x99fd) x11 0x00186994
core   0: 0x80008c32 (0x00008c1d) c.sub   s0, a5
core   0: 3 0x80008c32 (0x8c1d) x 8 0x000da053
core   0: 0x80008c34 (0x026bccb3) div     s9, s7, t1
core   0: 3 0x80008c34 (0x026bccb3) x25 0xffff0003
core   0: 0x80008c38 (0x00000001) c.nop
core   0: 3 0x80008c38 (0x0001)
core   0: 0x80008c3a (0x40215933) sra     s2, sp, sp
core   0: 3 0x80008c3a (0x40215933) x18 0x00000000
core   0: 0x80008c3e (0x022faf37) lui     t5, 0x22fa
core   0: 3 0x80008c3e (0x022faf37) x30 0x022fa000
core   0: 0x80008c42 (0x00008ec1) c.or    a3, s0
core   0: 3 0x80008c42 (0x8ec1) x13 0x000da373
core   0: 0x80008c44 (0x005893b3) sll     t2, a7, t0
core   0: 3 0x80008c44 (0x005893b3) x 7 0x00000000
core   0: 0x80008c48 (0x00000001) c.nop
core   0: 3 0x80008c48 (0x0001)
core   0: 0x80008c4a (0x02b0c433) div     s0, ra, a1
core   0: 3 0x80008c4a (0x02b0c433) x 8 0x00000000
core   0: 0x80008c4e (0x00008b79) c.andi  a4, 30
core   0: 3 0x80008c4e (0x8b79) x14 0x00000000
core   0: 0x80008c50 (0x009f88b3) add     a7, t6, s1
core   0: 3 0x80008c50 (0x009f88b3) x17 0x84b5ac39
core   0: 0x80008c54 (0x03a4e033) rem     zero, s1, s10
core   0: 3 0x80008c54 (0x03a4e033)
core   0: 0x80008c58 (0x00008935) c.andi  a0, 13
core   0: 3 0x80008c58 (0x8935) x10 0x00000004
core   0: 0x80008c5a (0xb3534193) xori    gp, t1, -1227
core   0: 3 0x80008c5a (0xb3534193) x 3 0xffff7b35
core   0: 0x80008c5e (0xfe4a7c13) andi    s8, s4, -28
core   0: 3 0x80008c5e (0xfe4a7c13) x24 0x00000000
core   0: 0x80008c62 (0x00008f5d) c.or    a4, a5
core   0: 3 0x80008c62 (0x8f5d) x14 0xfff93029
core   0: 0x80008c64 (0x038ffab3) remu    s5, t6, s8
core   0: 3 0x80008c64 (0x038ffab3) x21 0x8745bc10
core   0: 0x80008c68 (0x409fdf93) srai    t6, t6, 9
core   0: 3 0x80008c68 (0x409fdf93) x31 0xffc3a2de
core   0: 0x80008c6c (0x0000822d) c.srli  a2, 11
core   0: 3 0x80008c6c (0x822d) x12 0x00000010
core   0: 0x80008c6e (0x008bcc33) xor     s8, s7, s0
core   0: 3 0x80008c6e (0x008bcc33) x24 0x80013ce4
core   0: 0x80008c72 (0x03063c33) mulhu   s8, a2, a6
core   0: 3 0x80008c72 (0x03063c33) x24 0x00000008
core   0: 0x80008c76 (0x02a85c33) divu    s8, a6, a0
core   0: 3 0x80008c76 (0x02a85c33) x24 0x20003f99
core   0: 0x80008c7a (0xc4964a13) xori    s4, a2, -951
core   0: 3 0x80008c7a (0xc4964a13) x20 0xfffffc59
core   0: 0x80008c7e (0x5a628213) addi    tp, t0, 1446
core   0: 3 0x80008c7e (0x5a628213) x 4 0x00008c64
core   0: 0x80008c82 (0x01b65a13) srli    s4, a2, 27
core   0: 3 0x80008c82 (0x01b65a13) x20 0x00000000
core   0: 0x80008c86 (0x00a21a93) slli    s5, tp, 10
core   0: 3 0x80008c86 (0x00a21a93) x21 0x02319000
core   0: 0x80008c8a (0x01c2e533) or      a0, t0, t3
core   0: 3 0x80008c8a (0x01c2e533) x10 0x000086be
core   0: 0x80008c8e (0x000052fd) c.li    t0, -1
core   0: 3 0x80008c8e (0x52fd) x 5 0xffffffff
core   0: 0x80008c90 (0x00000001) c.nop
core   0: 3 0x80008c90 (0x0001)
core   0: 0x80008c92 (0x00008c55) c.or    s0, a3
core   0: 3 0x80008c92 (0x8c55) x 8 0x000da373
core   0: 0x80008c94 (0x00008361) c.srli  a4, 24
core   0: 3 0x80008c94 (0x8361) x14 0x000000ff
core   0: 0x80008c96 (0x40045d33) sra     s10, s0, zero
core   0: 3 0x80008c96 (0x40045d33) x26 0x000da373
core   0: 0x80008c9a (0x03219f33) mulh    t5, gp, s2
core   0: 3 0x80008c9a (0x03219f33) x30 0x00000000
core   0: 0x80008c9e (0x030b9d33) mulh    s10, s7, a6
core   0: 3 0x80008c9e (0x030b9d33) x26 0x3ffee25d
core   0: 0x80008ca2 (0x6e214f93) xori    t6, sp, 1762
core   0: 3 0x80008ca2 (0x6e214f93) x31 0x000006e2
core   0: 0x80008ca6 (0xd230a313) slti    t1, ra, -733
core   0: 3 0x80008ca6 (0xd230a313) x 6 0x00000000
core   0: 0x80008caa (0x00004749) c.li    a4, 18
core   0: 3 0x80008caa (0x4749) x14 0x00000012
core   0: 0x80008cac (0x000069d1) c.lui   s3, 0x14
core   0: 3 0x80008cac (0x69d1) x19 0x00014000
core   0: 0x80008cae (0x00ed4233) xor     tp, s10, a4
core   0: 3 0x80008cae (0x00ed4233) x 4 0x3ffee24f
core   0: 0x80008cb2 (0x00008d49) c.or    a0, a0
core   0: 3 0x80008cb2 (0x8d49) x10 0x000086be
core   0: 0x80008cb4 (0x008234b3) sltu    s1, tp, s0
core   0: 3 0x80008cb4 (0x008234b3) x 9 0x00000000
core   0: 0x80008cb8 (0x85f27c37) lui     s8, 0x85f27
core   0: 3 0x80008cb8 (0x85f27c37) x24 0x85f27000
core   0: 0x80008cbc (0x41b450b3) sra     ra, s0, s11
core   0: 3 0x80008cbc (0x41b450b3) x 1 0x00000000
core   0: 0x80008cc0 (0x0000717d) c.addi16sp sp, -16
core   0: 3 0x80008cc0 (0x717d) x 2 0xfffffff0
core   0: 0x80008cc2 (0x028b6cb3) rem     s9, s6, s0
core   0: 3 0x80008cc2 (0x028b6cb3) x25 0x0000000e
core   0: 0x80008cc6 (0x00a11313) slli    t1, sp, 10
core   0: 3 0x80008cc6 (0x00a11313) x 6 0xffffc000
core   0: 0x80008cca (0x408e0033) sub     zero, t3, s0
core   0: 3 0x80008cca (0x408e0033)
core   0: 0x80008cce (0x03050733) mul     a4, a0, a6
core   0: 3 0x80008cce (0x03050733) x14 0x85e52638
core   0: 0x80008cd2 (0x00008495) c.srai  s1, 5
core   0: 3 0x80008cd2 (0x8495) x 9 0x00000000
core   0: 0x80008cd4 (0x01641c13) slli    s8, s0, 22
core   0: 3 0x80008cd4 (0x01641c13) x24 0xdcc00000
core   0: 0x80008cd8 (0x60dca313) slti    t1, s9, 1549
core   0: 3 0x80008cd8 (0x60dca313) x 6 0x00000001
core   0: 0x80008cdc (0x00000001) c.nop
core   0: 3 0x80008cdc (0x0001)
core   0: 0x80008cde (0x00008eb5) c.xor   a3, a3
core   0: 3 0x80008cde (0x8eb5) x13 0x00000000
core   0: 0x80008ce0 (0x00008dd1) c.or    a1, a2
core   0: 3 0x80008ce0 (0x8dd1) x11 0x00186994
core   0: 0x80008ce2 (0x0c379317) auipc   t1, 0xc379
core   0: 3 0x80008ce2 (0x0c379317) x 6 0x8c381ce2
core   0: 0x80008ce6 (0x025ac5b3) div     a1, s5, t0
core   0: 3 0x80008ce6 (0x025ac5b3) x11 0xfdce7000
core   0: 0x80008cea (0x03c13f33) mulhu   t5, sp, t3
core   0: 3 0x80008cea (0x03c13f33) x30 0x00007fff
core   0: 0x80008cee (0x40665ab3) sra     s5, a2, t1
core   0: 3 0x80008cee (0x40665ab3) x21 0x00000004
core   0: 0x80008cf2 (0x7c404a13) xori    s4, zero, 1988
core   0: 3 0x80008cf2 (0x7c404a13) x20 0x000007c4
core   0: 0x80008cf6 (0x005ea013) slti    zero, t4, 5
core   0: 3 0x80008cf6 (0x005ea013)
core   0: 0x80008cfa (0x01fa3d33) sltu    s10, s4, t6
core   0: 3 0x80008cfa (0x01fa3d33) x26 0x00000000
core   0: 0x80008cfe (0x3f515d17) auipc   s10, 0x3f515
core   0: 3 0x80008cfe (0x3f515d17) x26 0xbf51dcfe
core   0: 0x80008d02 (0x004ff4b3) and     s1, t6, tp
core   0: 3 0x80008d02 (0x004ff4b3) x 9 0x00000242
core   0: 0x80008d06 (0x01fbc3b3) xor     t2, s7, t6
core   0: 3 0x80008d06 (0x01fbc3b3) x 7 0x80013a06
core   0: 0x80008d0a (0x02019db3) mulh    s11, gp, zero
core   0: 3 0x80008d0a (0x02019db3) x27 0x00000000
core   0: 0x80008d0e (0x00000001) c.nop
core   0: 3 0x80008d0e (0x0001)
core   0: 0x80008d10 (0x01d2d033) srl     zero, t0, t4
core   0: 3 0x80008d10 (0x01d2d033)
core   0: 0x80008d14 (0x00008459) c.srai  s0, 22
core   0: 3 0x80008d14 (0x8459) x 8 0x00000000
core   0: 0x80008d16 (0x00008332) c.mv    t1, a2
core   0: 3 0x80008d16 (0x8332) x 6 0x00000010
core   0: 0x80008d18 (0xffa3ce93) xori    t4, t2, -6
core   0: 3 0x80008d18 (0xffa3ce93) x29 0x7ffec5fc
core   0: 0x80008d1c (0x000082a1) c.srli  a3, 8
core   0: 3 0x80008d1c (0x82a1) x13 0x00000000
core   0: 0x80008d1e (0x43098f13) addi    t5, s3, 1072
core   0: 3 0x80008d1e (0x43098f13) x30 0x00014430
core   0: 0x80008d22 (0xa0f4cd13) xori    s10, s1, -1521
core   0: 3 0x80008d22 (0xa0f4cd13) x26 0xfffff84d
core   0: 0x80008d26 (0x00008cfd) c.and   s1, a5
core   0: 3 0x80008d26 (0x8cfd) x 9 0x00000000
core   0: 0x80008d28 (0xbe05d437) lui     s0, 0xbe05d
core   0: 3 0x80008d28 (0xbe05d437) x 8 0xbe05d000
core   0: 0x80008d2c (0x883d3d17) auipc   s10, 0x883d3
core   0: 3 0x80008d2c (0x883d3d17) x26 0x083dbd2c
core   0: 0x80008d30 (0x03fbacb3) mulhsu  s9, s7, t6
core   0: 3 0x80008d30 (0x03fbacb3) x25 0xfffffc8f
core   0: 0x80008d34 (0x02763533) mulhu   a0, a2, t2
core   0: 3 0x80008d34 (0x02763533) x10 0x00000008
core   0: 0x80008d38 (0x039ce6b3) rem     a3, s9, s9
core   0: 3 0x80008d38 (0x039ce6b3) x13 0x00000000
core   0: 0x80008d3c (0x035c7eb3) remu    t4, s8, s5
core   0: 3 0x80008d3c (0x035c7eb3) x29 0x00000000
core   0: 0x80008d40 (0x02e9ecb3) rem     s9, s3, a4
core   0: 3 0x80008d40 (0x02e9ecb3) x25 0x00014000
core   0: 0x80008d44 (0x96de2e93) slti    t4, t3, -1683
core   0: 3 0x80008d44 (0x96de2e93) x29 0x00000000
core   0: 0x80008d48 (0x40228e33) sub     t3, t0, sp
core   0: 3 0x80008d48 (0x40228e33) x28 0x0000000f
core   0: 0x80008d4c (0xaaf44a93) xori    s5, s0, -1361
core   0: 3 0x80008d4c (0xaaf44a93) x21 0x41fa2aaf
core   0: 0x80008d50 (0xa27ee093) ori     ra, t4, -1497
core   0: 3 0x80008d50 (0xa27ee093) x 1 0xfffffa27
core   0: 0x80008d54 (0x4126df33) sra     t5, a3, s2
core   0: 3 0x80008d54 (0x4126df33) x30 0x00000000
core   0: 0x80008d58 (0x00616093) ori     ra, sp, 6
core   0: 3 0x80008d58 (0x00616093) x 1 0xfffffff6
core   0: 0x80008d5c (0x25e50e13) addi    t3, a0, 606
core   0: 3 0x80008d5c (0x25e50e13) x28 0x00000266
core   0: 0x80008d60 (0x496f6d37) lui     s10, 0x496f6
core   0: 3 0x80008d60 (0x496f6d37) x26 0x496f6000
core   0: 0x80008d64 (0x00caa033) slt     zero, s5, a2
core   0: 3 0x80008d64 (0x00caa033)
core   0: 0x80008d68 (0x00006129) c.addi16sp sp, 192
core   0: 3 0x80008d68 (0x6129) x 2 0x000000b0
core   0: 0x80008d6a (0x0270e033) rem     zero, ra, t2
core   0: 3 0x80008d6a (0x0270e033)
core   0: 0x80008d6e (0x00009d46) c.add   s10, a7
core   0: 3 0x80008d6e (0x9d46) x26 0xce250c39
core   0: 0x80008d70 (0x00719f93) slli    t6, gp, 7
core   0: 3 0x80008d70 (0x00719f93) x31 0xffbd9a80
core   0: 0x80008d74 (0x3f9d7797) auipc   a5, 0x3f9d7
core   0: 3 0x80008d74 (0x3f9d7797) x15 0xbf9dfd74
core   0: 0x80008d78 (0x0ec0f193) andi    gp, ra, 236
core   0: 3 0x80008d78 (0x0ec0f193) x 3 0x000000e4
core   0: 0x80008d7c (0x80ece393) ori     t2, s9, -2034
core   0: 3 0x80008d7c (0x80ece393) x 7 0xfffff80e
core   0: 0x80008d80 (0xe13f3713) sltiu   a4, t5, -493
core   0: 3 0x80008d80 (0xe13f3713) x14 0x00000001
core   0: 0x80008d84 (0x038f13b3) mulh    t2, t5, s8
core   0: 3 0x80008d84 (0x038f13b3) x 7 0x00000000
core   0: 0x80008d88 (0x40ad8c33) sub     s8, s11, a0
core   0: 3 0x80008d88 (0x40ad8c33) x24 0xfffffff8
core   0: 0x80008d8c (0x000007b2) c.slli  a5, 12
core   0: 3 0x80008d8c (0x07b2) x15 0xdfd74000
core   0: 0x80008d8e (0x00000001) c.nop
core   0: 3 0x80008d8e (0x0001)
core   0: 0x80008d90 (0x033d5133) divu    sp, s10, s3
core   0: 3 0x80008d90 (0x033d5133) x 2 0x0000a4ea
core   0: 0x80008d94 (0x012d94b3) sll     s1, s11, s2
core   0: 3 0x80008d94 (0x012d94b3) x 9 0x00000000
core   0: 0x80008d98 (0x000099ae) c.add   s3, a1
core   0: 3 0x80008d98 (0x99ae) x19 0xfdcfb000
core   0: 0x80008d9a (0x2baace93) xori    t4, s5, 698
core   0: 3 0x80008d9a (0x2baace93) x29 0x41fa2815
core   0: 0x80008d9e (0x00008025) c.srli  s0, 9
core   0: 3 0x80008d9e (0x8025) x 8 0x005f02e8
core   0: 0x80008da0 (0x034eb2b3) mulhu   t0, t4, s4
core   0: 3 0x80008da0 (0x034eb2b3) x 5 0x00000200
core   0: 0x80008da4 (0x00000001) c.nop
core   0: 3 0x80008da4 (0x0001)
core   0: 0x80008da6 (0x00008d29) c.xor   a0, a0
core   0: 3 0x80008da6 (0x8d29) x10 0x00000000
core   0: 0x80008da8 (0x77ff0393) addi    t2, t5, 1919
core   0: 3 0x80008da8 (0x77ff0393) x 7 0x0000077f
core   0: 0x80008dac (0x61900013) li      zero, 1561
core   0: 3 0x80008dac (0x61900013)
core   0: 0x80008db0 (0x00004f6d) c.li    t5, 27
core   0: 3 0x80008db0 (0x4f6d) x30 0x0000001b
core   0: 0x80008db2 (0x030132b3) mulhu   t0, sp, a6
core   0: 3 0x80008db2 (0x030132b3) x 5 0x00005275
core   0: 0x80008db6 (0x01121c33) sll     s8, tp, a7
core   0: 3 0x80008db6 (0x01121c33) x24 0x9e000000
core   0: 0x80008dba (0x00008b61) c.andi  a4, 24
core   0: 3 0x80008dba (0x8b61) x14 0x00000000
core   0: 0x80008dbc (0x00009afd) c.andi  a3, -1
core   0: 3 0x80008dbc (0x9afd) x13 0x00000000
core   0: 0x80008dbe (0x6b768397) auipc   t2, 0x6b768
core   0: 3 0x80008dbe (0x6b768397) x 7 0xeb770dbe
core   0: 0x80008dc2 (0x01749393) slli    t2, s1, 23
core   0: 3 0x80008dc2 (0x01749393) x 7 0x00000000
core   0: 0x80008dc6 (0x00000895) c.addi  a7, 5
core   0: 3 0x80008dc6 (0x0895) x17 0x84b5ac3e
core   0: 0x80008dc8 (0x01e0fa33) and     s4, ra, t5
core   0: 3 0x80008dc8 (0x01e0fa33) x20 0x00000012
core   0: 0x80008dcc (0x00001988) c.addi4spn a0, sp, 240
core   0: 3 0x80008dcc (0x1988) x10 0x0000a5da
core   0: 0x80008dce (0x00006305) c.lui   t1, 0x1
core   0: 3 0x80008dce (0x6305) x 6 0x00001000
core   0: 0x80008dd0 (0x00008e75) c.and   a2, a3
core   0: 3 0x80008dd0 (0x8e75) x12 0x00000000
core   0: 0x80008dd2 (0x01a172b3) and     t0, sp, s10
core   0: 3 0x80008dd2 (0x01a172b3) x 5 0x00000428
core   0: 0x80008dd6 (0x01e99693) slli    a3, s3, 30
core   0: 3 0x80008dd6 (0x01e99693) x13 0x00000000
core   0: 0x80008dda (0x41845293) srai    t0, s0, 24
core   0: 3 0x80008dda (0x41845293) x 5 0x00000000
core   0: 0x80008dde (0x03b55133) divu    sp, a0, s11
core   0: 3 0x80008dde (0x03b55133) x 2 0xffffffff
core   0: 0x80008de2 (0x000086ad) c.srai  a3, 11
core   0: 3 0x80008de2 (0x86ad) x13 0x00000000
core   0: 0x80008de4 (0x34862197) auipc   gp, 0x34862
core   0: 3 0x80008de4 (0x34862197) x 3 0xb486ade4
core   0: 0x80008de8 (0x00008415) c.srai  s0, 5
core   0: 3 0x80008de8 (0x8415) x 8 0x0002f817
core   0: 0x80008dea (0x03195ab3) divu    s5, s2, a7
core   0: 3 0x80008dea (0x03195ab3) x21 0x00000000
core   0: 0x80008dee (0xebb66e13) ori     t3, a2, -325
core   0: 3 0x80008dee (0xebb66e13) x28 0xfffffebb
core   0: 0x80008df2 (0x2e6dc093) xori    ra, s11, 742
core   0: 3 0x80008df2 (0x2e6dc093) x 1 0x000002e6
core   0: 0x80008df6 (0x0385c233) div     tp, a1, s8
core   0: 3 0x80008df6 (0x0385c233) x 4 0x00000000
core   0: 0x80008dfa (0x00008f35) c.xor   a4, a3
core   0: 3 0x80008dfa (0x8f35) x14 0x00000000
core   0: 0x80008dfc (0x00abb133) sltu    sp, s7, a0
core   0: 3 0x80008dfc (0x00abb133) x 2 0x00000000
core   0: 0x80008e00 (0x034717b3) mulh    a5, a4, s4
core   0: 3 0x80008e00 (0x034717b3) x15 0x00000000
core   0: 0x80008e04 (0x00000a12) c.slli  s4, 4
core   0: 3 0x80008e04 (0x0a12) x20 0x00000120
core   0: 0x80008e06 (0x0000094a) c.slli  s2, 18
core   0: 3 0x80008e06 (0x094a) x18 0x00000000
core   0: 0x80008e08 (0x00568a33) add     s4, a3, t0
core   0: 3 0x80008e08 (0x00568a33) x20 0x00000000
core   0: 0x80008e0c (0x00000929) c.addi  s2, 10
core   0: 3 0x80008e0c (0x0929) x18 0x0000000a
core   0: 0x80008e0e (0x00000e1c) c.addi4spn a5, sp, 784
core   0: 3 0x80008e0e (0x0e1c) x15 0x00000310
core   0: 0x80008e10 (0x00008d69) c.and   a0, a0
core   0: 3 0x80008e10 (0x8d69) x10 0x0000a5da
core   0: 0x80008e12 (0x00008319) c.srli  a4, 6
core   0: 3 0x80008e12 (0x8319) x14 0x00000000
core   0: 0x80008e14 (0x03e4e9b3) rem     s3, s1, t5
core   0: 3 0x80008e14 (0x03e4e9b3) x19 0x00000000
core   0: 0x80008e18 (0x00000001) c.nop
core   0: 3 0x80008e18 (0x0001)
core   0: 0x80008e1a (0x014e6333) or      t1, t3, s4
core   0: 3 0x80008e1a (0x014e6333) x 6 0xfffffebb
core   0: 0x80008e1e (0x00008e21) c.xor   a2, s0
core   0: 3 0x80008e1e (0x8e21) x12 0x0002f817
core   0: 0x80008e20 (0x017b1913) slli    s2, s6, 23
core   0: 3 0x80008e20 (0x017b1913) x18 0x07000000
core   0: 0x80008e24 (0x00008465) c.srai  s0, 25
core   0: 3 0x80008e24 (0x8465) x 8 0x00000000
core   0: 0x80008e26 (0x009d3c33) sltu    s8, s10, s1
core   0: 3 0x80008e26 (0x009d3c33) x24 0x00000000
core   0: 0x80008e2a (0x00008c01) c.sub   s0, s0
core   0: 3 0x80008e2a (0x8c01) x 8 0x00000000
core   0: 0x80008e2c (0xb71ffe13) andi    t3, t6, -1167
core   0: 3 0x80008e2c (0xb71ffe13) x28 0xffbd9a00
core   0: 0x80008e30 (0x00008c5a) c.mv    s8, s6
core   0: 3 0x80008e30 (0x8c5a) x24 0x0000000e
core   0: 0x80008e32 (0x0000807d) c.srli  s0, 31
core   0: 3 0x80008e32 (0x807d) x 8 0x00000000
core   0: 0x80008e34 (0x00008e69) c.and   a2, a0
core   0: 3 0x80008e34 (0x8e69) x12 0x0000a012
core   0: 0x80008e36 (0x00000001) c.nop
core   0: 3 0x80008e36 (0x0001)
core   0: 0x80008e38 (0x00008dd5) c.or    a1, a3
core   0: 3 0x80008e38 (0x8dd5) x11 0xfdce7000
core   0: 0x80008e3a (0x00006115) c.addi16sp sp, 288
core   0: 3 0x80008e3a (0x6115) x 2 0x00000120
core   0: 0x80008e3c (0x387a2093) slti    ra, s4, 903
core   0: 3 0x80008e3c (0x387a2093) x 1 0x00000001
core   0: 0x80008e40 (0x01271eb3) sll     t4, a4, s2
core   0: 3 0x80008e40 (0x01271eb3) x29 0x00000000
core   0: 0x80008e44 (0x00000001) c.nop
core   0: 3 0x80008e44 (0x0001)
core   0: 0x80008e46 (0x033b0c33) mul     s8, s6, s3
core   0: 3 0x80008e46 (0x033b0c33) x24 0x00000000
core   0: 0x80008e4a (0x000060e9) c.lui   ra, 0x1a
core   0: 3 0x80008e4a (0x60e9) x 1 0x0001a000
core   0: 0x80008e4c (0xc1ff6a13) ori     s4, t5, -993
core   0: 3 0x80008e4c (0xc1ff6a13) x20 0xfffffc1f
core   0: 0x80008e50 (0x000084c1) c.srai  s1, 16
core   0: 3 0x80008e50 (0x84c1) x 9 0x00000000
core   0: 0x80008e52 (0x01062733) slt     a4, a2, a6
core   0: 3 0x80008e52 (0x01062733) x14 0x00000000
core   0: 0x80008e56 (0x00008fd1) c.or    a5, a2
core   0: 3 0x80008e56 (0x8fd1) x15 0x0000a312
core   0: 0x80008e58 (0x000050fd) c.li    ra, -1
core   0: 3 0x80008e58 (0x50fd) x 1 0xffffffff
core   0: 0x80008e5a (0x41a88ab3) sub     s5, a7, s10
core   0: 3 0x80008e5a (0x41a88ab3) x21 0xb690a005
core   0: 0x80008e5e (0x3287e013) ori     zero, a5, 808
core   0: 3 0x80008e5e (0x3287e013)
core   0: 0x80008e62 (0x00006271) c.lui   tp, 0x1c
core   0: 3 0x80008e62 (0x6271) x 4 0x0001c000
core   0: 0x80008e64 (0x00008ec9) c.or    a3, a0
core   0: 3 0x80008e64 (0x8ec9) x13 0x0000a5da
core   0: 0x80008e66 (0x015d9a93) slli    s5, s11, 21
core   0: 3 0x80008e66 (0x015d9a93) x21 0x00000000
core   0: 0x80008e6a (0x00aad2b3) srl     t0, s5, a0
core   0: 3 0x80008e6a (0x00aad2b3) x 5 0x00000000
core   0: 0x80008e6e (0x02cf6fb3) rem     t6, t5, a2
core   0: 3 0x80008e6e (0x02cf6fb3) x31 0x0000001b
core   0: 0x80008e72 (0x00000001) c.nop
core   0: 3 0x80008e72 (0x0001)
core   0: 0x80008e74 (0x40f0deb3) sra     t4, ra, a5
core   0: 3 0x80008e74 (0x40f0deb3) x29 0xffffffff
core   0: 0x80008e78 (0x00a1e433) or      s0, gp, a0
core   0: 3 0x80008e78 (0x00a1e433) x 8 0xb486adfe
core   0: 0x80008e7c (0x41ef87b3) sub     a5, t6, t5
core   0: 3 0x80008e7c (0x41ef87b3) x15 0x00000000
core   0: 0x80008e80 (0x01e85c93) srli    s9, a6, 30
core   0: 3 0x80008e80 (0x01e85c93) x25 0x00000002
core   0: 0x80008e84 (0x00c37033) and     zero, t1, a2
core   0: 3 0x80008e84 (0x00c37033)
core   0: 0x80008e88 (0x000084b5) c.srai  s1, 13
core   0: 3 0x80008e88 (0x84b5) x 9 0x00000000
core   0: 0x80008e8a (0x41bf50b3) sra     ra, t5, s11
core   0: 3 0x80008e8a (0x41bf50b3) x 1 0x0000001b
core   0: 0x80008e8e (0x00000001) c.nop
core   0: 3 0x80008e8e (0x0001)
core   0: 0x80008e90 (0x00000a76) c.slli  s4, 29
core   0: 3 0x80008e90 (0x0a76) x20 0xe0000000
core   0: 0x80008e92 (0x00008585) c.srai  a1, 1
core   0: 3 0x80008e92 (0x8585) x11 0xfee73800
core   0: 0x80008e94 (0x00008e09) c.sub   a2, a0
core   0: 3 0x80008e94 (0x8e09) x12 0xfffffa38
core   0: 0x80008e96 (0x09f020b7) lui     ra, 0x9f02
core   0: 3 0x80008e96 (0x09f020b7) x 1 0x09f02000
core   0: 0x80008e9a (0xad851097) auipc   ra, 0xad851
core   0: 3 0x80008e9a (0xad851097) x 1 0x2d859e9a
core   0: 0x80008e9e (0x0000098a) c.slli  s3, 2
core   0: 3 0x80008e9e (0x098a) x19 0x00000000
core   0: 0x80008ea0 (0xa6f57693) andi    a3, a0, -1425
core   0: 3 0x80008ea0 (0xa6f57693) x13 0x0000a04a
core   0: 0x80008ea4 (0x0352f033) remu    zero, t0, s5
core   0: 3 0x80008ea4 (0x0352f033)
core   0: 0x80008ea8 (0x00008ea5) c.xor   a3, s1
core   0: 3 0x80008ea8 (0x8ea5) x13 0x0000a04a
core   0: 0x80008eaa (0x41dc8cb3) sub     s9, s9, t4
core   0: 3 0x80008eaa (0x41dc8cb3) x25 0x00000003
core   0: 0x80008eae (0x00008c39) c.xor   s0, a4
core   0: 3 0x80008eae (0x8c39) x 8 0xb486adfe
core   0: 0x80008eb0 (0x0240c7b3) div     a5, ra, tp
core   0: 3 0x80008eb0 (0x0240c7b3) x15 0x00001a03
core   0: 0x80008eb4 (0x51334337) lui     t1, 0x51334
core   0: 3 0x80008eb4 (0x51334337) x 6 0x51334000
core   0: 0x80008eb8 (0x00008522) c.mv    a0, s0
core   0: 3 0x80008eb8 (0x8522) x10 0xb486adfe
core   0: 0x80008eba (0x0000557d) c.li    a0, -1
core   0: 3 0x80008eba (0x557d) x10 0xffffffff
core   0: 0x80008ebc (0x00b9da13) srli    s4, s3, 11
core   0: 3 0x80008ebc (0x00b9da13) x20 0x00000000
core   0: 0x80008ec0 (0x414a5e13) srai    t3, s4, 20
core   0: 3 0x80008ec0 (0x414a5e13) x28 0x00000000
core   0: 0x80008ec4 (0x03be8cb3) mul     s9, t4, s11
core   0: 3 0x80008ec4 (0x03be8cb3) x25 0x00000000
core   0: 0x80008ec8 (0x98543613) sltiu   a2, s0, -1659
core   0: 3 0x80008ec8 (0x98543613) x12 0x00000001
core   0: 0x80008ecc (0x0000567d) c.li    a2, -1
core   0: 3 0x80008ecc (0x567d) x12 0xffffffff
core   0: 0x80008ece (0x02e77ab3) remu    s5, a4, a4
core   0: 3 0x80008ece (0x02e77ab3) x21 0x00000000
core   0: 0x80008ed2 (0x00008e25) c.xor   a2, s1
core   0: 3 0x80008ed2 (0x8e25) x12 0xffffffff
core   0: 0x80008ed4 (0x03e780b3) mul     ra, a5, t5
core   0: 3 0x80008ed4 (0x03e780b3) x 1 0x0002be51
core   0: 0x80008ed8 (0x01dedd13) srli    s10, t4, 29
core   0: 3 0x80008ed8 (0x01dedd13) x26 0x00000007
core   0: 0x80008edc (0x00008c7d) c.and   s0, a5
core   0: 3 0x80008edc (0x8c7d) x 8 0x00000802
core   0: 0x80008ede (0x0086c1b3) xor     gp, a3, s0
core   0: 3 0x80008ede (0x0086c1b3) x 3 0x0000a848
core   0: 0x80008ee2 (0x027b9133) mulh    sp, s7, t2
core   0: 3 0x80008ee2 (0x027b9133) x 2 0x00000000
core   0: 0x80008ee6 (0x00004fd1) c.li    t6, 20
core   0: 3 0x80008ee6 (0x4fd1) x31 0x00000014
core   0: 0x80008ee8 (0x01fca433) slt     s0, s9, t6
core   0: 3 0x80008ee8 (0x01fca433) x 8 0x00000001
core   0: 0x80008eec (0x034ee333) rem     t1, t4, s4
core   0: 3 0x80008eec (0x034ee333) x 6 0xffffffff
core   0: 0x80008ef0 (0x012842b3) xor     t0, a6, s2
core   0: 3 0x80008ef0 (0x012842b3) x 5 0x8700fe64
core   0: 0x80008ef4 (0x276c1537) lui     a0, 0x276c1
core   0: 3 0x80008ef4 (0x276c1537) x10 0x276c1000
core   0: 0x80008ef8 (0x0315e9b3) rem     s3, a1, a7
core   0: 3 0x80008ef8 (0x0315e9b3) x19 0xfee73800
core   0: 0x80008efc (0x403bd393) srai    t2, s7, 3
core   0: 3 0x80008efc (0x403bd393) x 7 0xf000279c
core   0: 0x80008f00 (0x00a31e13) slli    t3, t1, 10
core   0: 3 0x80008f00 (0x00a31e13) x28 0xfffffc00
core   0: 0x80008f04 (0x53ee4737) lui     a4, 0x53ee4
core   0: 3 0x80008f04 (0x53ee4737) x14 0x53ee4000
core   0: 0x80008f08 (0x036a64b3) rem     s1, s4, s6
core   0: 3 0x80008f08 (0x036a64b3) x 9 0x00000000
core   0: 0x80008f0c (0xbf63f893) andi    a7, t2, -1034
core   0: 3 0x80008f0c (0xbf63f893) x17 0xf0002394
core   0: 0x80008f10 (0x00c6be33) sltu    t3, a3, a2
core   0: 3 0x80008f10 (0x00c6be33) x28 0x00000001
core   0: 0x80008f14 (0x00e53533) sltu    a0, a0, a4
core   0: 3 0x80008f14 (0x00e53533) x10 0x00000001
core   0: 0x80008f18 (0xfe8ab913) sltiu   s2, s5, -24
core   0: 3 0x80008f18 (0xfe8ab913) x18 0x00000001
core   0: 0x80008f1c (0x74710293) addi    t0, sp, 1863
core   0: 3 0x80008f1c (0x74710293) x 5 0x00000747
core   0: 0x80008f20 (0x03c47633) remu    a2, s0, t3
core   0: 3 0x80008f20 (0x03c47633) x12 0x00000000
core   0: 0x80008f24 (0x000083e9) c.srli  a5, 26
core   0: 3 0x80008f24 (0x83e9) x15 0x00000000
core   0: 0x80008f26 (0x000009b1) c.addi  s3, 12
core   0: 3 0x80008f26 (0x09b1) x19 0xfee7380c
core   0: 0x80008f28 (0x01142033) slt     zero, s0, a7
core   0: 3 0x80008f28 (0x01142033)
core   0: 0x80008f2c (0x41b60fb3) sub     t6, a2, s11
core   0: 3 0x80008f2c (0x41b60fb3) x31 0x00000000
core   0: 0x80008f30 (0x03a966b3) rem     a3, s2, s10
core   0: 3 0x80008f30 (0x03a966b3) x13 0x00000001
core   0: 0x80008f34 (0x00546c33) or      s8, s0, t0
core   0: 3 0x80008f34 (0x00546c33) x24 0x00000747
core   0: 0x80008f38 (0x032833b3) mulhu   t2, a6, s2
core   0: 3 0x80008f38 (0x032833b3) x 7 0x00000000
core   0: 0x80008f3c (0x738fc337) lui     t1, 0x738fc
core   0: 3 0x80008f3c (0x738fc337) x 6 0x738fc000
core   0: 0x80008f40 (0x02484f33) div     t5, a6, tp
core   0: 3 0x80008f40 (0x02484f33) x30 0xffffb6dc
core   0: 0x80008f44 (0x00006175) c.addi16sp sp, 368
core   0: 3 0x80008f44 (0x6175) x 2 0x00000170
core   0: 0x80008f46 (0x0000011c) c.addi4spn a5, sp, 128
core   0: 3 0x80008f46 (0x011c) x15 0x000001f0
core   0: 0x80008f48 (0x0000809d) c.srli  s1, 7
core   0: 3 0x80008f48 (0x809d) x 9 0x00000000
core   0: 0x80008f4a (0x000dde13) srli    t3, s11, 0
core   0: 3 0x80008f4a (0x000dde13) x28 0x00000000
core   0: 0x80008f4e (0x4049da33) sra     s4, s3, tp
core   0: 3 0x80008f4e (0x4049da33) x20 0xfee7380c
core   0: 0x80008f52 (0x00008439) c.srai  s0, 14
core   0: 3 0x80008f52 (0x8439) x 8 0x00000000
core   0: 0x80008f54 (0x000087fd) c.srai  a5, 31
core   0: 3 0x80008f54 (0x87fd) x15 0x00000000
core   0: 0x80008f56 (0x00008e99) c.sub   a3, a4
core   0: 3 0x80008f56 (0x8e99) x13 0xac11c001
core   0: 0x80008f58 (0x4030d993) srai    s3, ra, 3
core   0: 3 0x80008f58 (0x4030d993) x19 0x000057ca
core   0: 0x80008f5c (0x00008105) c.srli  a0, 1
core   0: 3 0x80008f5c (0x8105) x10 0x00000000
core   0: 0x80008f5e (0x000081ad) c.srli  a1, 11
core   0: 3 0x80008f5e (0x81ad) x11 0x001fdce7
core   0: 0x80008f60 (0x00000001) c.nop
core   0: 3 0x80008f60 (0x0001)
core   0: 0x80008f62 (0x03af85b3) mul     a1, t6, s10
core   0: 3 0x80008f62 (0x03af85b3) x11 0x00000000
core   0: 0x80008f66 (0x01df5f13) srli    t5, t5, 29
core   0: 3 0x80008f66 (0x01df5f13) x30 0x00000007
core   0: 0x80008f6a (0x02c7b7b3) mulhu   a5, a5, a2
core   0: 3 0x80008f6a (0x02c7b7b3) x15 0x00000000
core   0: 0x80008f6e (0x41165db3) sra     s11, a2, a7
core   0: 3 0x80008f6e (0x41165db3) x27 0x00000000
core   0: 0x80008f72 (0x018db333) sltu    t1, s11, s8
core   0: 3 0x80008f72 (0x018db333) x 6 0x00000001
core   0: 0x80008f76 (0x40615113) srai    sp, sp, 6
core   0: 3 0x80008f76 (0x40615113) x 2 0x00000005
core   0: 0x80008f7a (0x000017fd) c.addi  a5, -1
core   0: 3 0x80008f7a (0x17fd) x15 0xffffffff
core   0: 0x80008f7c (0x00006121) c.addi16sp sp, 64
core   0: 3 0x80008f7c (0x6121) x 2 0x00000045
core   0: 0x80008f7e (0x7a3a3393) sltiu   t2, s4, 1955
core   0: 3 0x80008f7e (0x7a3a3393) x 7 0x00000000
core   0: 0x80008f82 (0xbd536413) ori     s0, t1, -1067
core   0: 3 0x80008f82 (0xbd536413) x 8 0xfffffbd5
core   0: 0x80008f86 (0x0000820d) c.srli  a2, 3
core   0: 3 0x80008f86 (0x820d) x12 0x00000000
core   0: 0x80008f88 (0x40ac5e13) srai    t3, s8, 10
core   0: 3 0x80008f88 (0x40ac5e13) x28 0x00000001
core   0: 0x80008f8c (0x000003a9) c.addi  t2, 10
core   0: 3 0x80008f8c (0x03a9) x 7 0x0000000a
core   0: 0x80008f8e (0x00008d7d) c.and   a0, a5
core   0: 3 0x80008f8e (0x8d7d) x10 0x00000000
core   0: 0x80008f90 (0x02504cb3) div     s9, zero, t0
core   0: 3 0x80008f90 (0x02504cb3) x25 0x00000000
core   0: 0x80008f94 (0x0000021d) c.addi  tp, 7
core   0: 3 0x80008f94 (0x021d) x 4 0x0001c007
core   0: 0x80008f96 (0x039dc533) div     a0, s11, s9
core   0: 3 0x80008f96 (0x039dc533) x10 0xffffffff
core   0: 0x80008f9a (0x03f56133) rem     sp, a0, t6
core   0: 3 0x80008f9a (0x03f56133) x 2 0xffffffff
core   0: 0x80008f9e (0x00006fe1) c.lui   t6, 0x18
core   0: 3 0x80008f9e (0x6fe1) x31 0x00018000
core   0: 0x80008fa0 (0x000094b2) c.add   s1, a2
core   0: 3 0x80008fa0 (0x94b2) x 9 0x00000000
core   0: 0x80008fa2 (0x00b6fab3) and     s5, a3, a1
core   0: 3 0x80008fa2 (0x00b6fab3) x21 0x00000000
core   0: 0x80008fa6 (0x00009bfd) c.andi  a5, -1
core   0: 3 0x80008fa6 (0x9bfd) x15 0xffffffff
core   0: 0x80008fa8 (0xfa427913) andi    s2, tp, -92
core   0: 3 0x80008fa8 (0xfa427913) x18 0x0001c004
core   0: 0x80008fac (0x0000999e) c.add   s3, t2
core   0: 3 0x80008fac (0x999e) x19 0x000057d4
core   0: 0x80008fae (0x035ee3b3) rem     t2, t4, s5
core   0: 3 0x80008fae (0x035ee3b3) x 7 0xffffffff
core   0: 0x80008fb2 (0x418ed233) sra     tp, t4, s8
core   0: 3 0x80008fb2 (0x418ed233) x 4 0xffffffff
core   0: 0x80008fb6 (0x00001efd) c.addi  t4, -1
core   0: 3 0x80008fb6 (0x1efd) x29 0xfffffffe
core   0: 0x80008fb8 (0xdbb23a13) sltiu   s4, tp, -581
core   0: 3 0x80008fb8 (0xdbb23a13) x20 0x00000000
core   0: 0x80008fbc (0x00008c79) c.and   s0, a4
core   0: 3 0x80008fbc (0x8c79) x 8 0x53ee4000
core   0: 0x80008fbe (0x03ba97b3) mulh    a5, s5, s11
core   0: 3 0x80008fbe (0x03ba97b3) x15 0x00000000
core   0: 0x80008fc2 (0x00008911) c.andi  a0, 4
core   0: 3 0x80008fc2 (0x8911) x10 0x00000004
core   0: 0x80008fc4 (0x00008e41) c.or    a2, s0
core   0: 3 0x80008fc4 (0x8e41) x12 0x53ee4000
core   0: 0x80008fc6 (0x02f398b3) mulh    a7, t2, a5
core   0: 3 0x80008fc6 (0x02f398b3) x17 0x00000000
core   0: 0x80008fca (0x02e439b3) mulhu   s3, s0, a4
core   0: 3 0x80008fca (0x02e439b3) x19 0x1b845b3b
core   0: 0x80008fce (0x0256b7b3) mulhu   a5, a3, t0
core   0: 3 0x80008fce (0x0256b7b3) x15 0x000004e4
core   0: 0x80008fd2 (0x00008d5d) c.or    a0, a5
core   0: 3 0x80008fd2 (0x8d5d) x10 0x000004e4
core   0: 0x80008fd4 (0x01bfdc93) srli    s9, t6, 27
core   0: 3 0x80008fd4 (0x01bfdc93) x25 0x00000000
core   0: 0x80008fd8 (0x59280e93) addi    t4, a6, 1426
core   0: 3 0x80008fd8 (0x59280e93) x29 0x800103f6
core   0: 0x80008fdc (0x01afcab3) xor     s5, t6, s10
core   0: 3 0x80008fdc (0x01afcab3) x21 0x00018007
core   0: 0x80008fe0 (0x013c6493) ori     s1, s8, 19
core   0: 3 0x80008fe0 (0x013c6493) x 9 0x00000757
core   0: 0x80008fe4 (0x02f21c33) mulh    s8, tp, a5
core   0: 3 0x80008fe4 (0x02f21c33) x24 0xffffffff
core   0: 0x80008fe8 (0x00008d65) c.and   a0, s1
core   0: 3 0x80008fe8 (0x8d65) x10 0x00000444
core   0: 0x80008fea (0x02369c33) mulh    s8, a3, gp
core   0: 3 0x80008fea (0x02369c33) x24 0xffffc8d4
core   0: 0x80008fee (0x005edd93) srli    s11, t4, 5
core   0: 3 0x80008fee (0x005edd93) x27 0x0400081f
core   0: 0x80008ff2 (0x000009a6) c.slli  s3, 9
core   0: 3 0x80008ff2 (0x09a6) x19 0x08b67600
core   0: 0x80008ff4 (0x2a9b0993) addi    s3, s6, 681
core   0: 3 0x80008ff4 (0x2a9b0993) x19 0x000002b7
core   0: 0x80008ff8 (0x00000001) c.nop
core   0: 3 0x80008ff8 (0x0001)
core   0: 0x80008ffa (0x1484a913) slti    s2, s1, 328
core   0: 3 0x80008ffa (0x1484a913) x18 0x00000000
core   0: 0x80008ffe (0x00006121) c.addi16sp sp, 64
core   0: 3 0x80008ffe (0x6121) x 2 0x0000003f
core   0: 0x80009000 (0x01a3d1b3) srl     gp, t2, s10
core   0: 3 0x80009000 (0x01a3d1b3) x 3 0x01ffffff
core   0: 0x80009004 (0x00009eca) c.add   t4, s2
core   0: 3 0x80009004 (0x9eca) x29 0x800103f6
core   0: 0x80009006 (0x00008c99) c.sub   s1, a4
core   0: 3 0x80009006 (0x8c99) x 9 0xac11c757
core   0: 0x80009008 (0x00000001) c.nop
core   0: 3 0x80009008 (0x0001)
core   0: 0x8000900a (0x00008fd9) c.or    a5, a4
core   0: 3 0x8000900a (0x8fd9) x15 0x53ee44e4
core   0: 0x8000900c (0x00006d99) c.lui   s11, 0x6
core   0: 3 0x8000900c (0x6d99) x27 0x00006000
core   0: 0x8000900e (0x02e43433) mulhu   s0, s0, a4
core   0: 3 0x8000900e (0x02e43433) x 8 0x1b845b3b
core   0: 0x80009012 (0x000098fd) c.andi  s1, -1
core   0: 3 0x80009012 (0x98fd) x 9 0xac11c757
core   0: 0x80009014 (0x00000001) c.nop
core   0: 3 0x80009014 (0x0001)
core   0: 0x80009016 (0x4040df33) sra     t5, ra, tp
core   0: 3 0x80009016 (0x4040df33) x30 0x00000000
core   0: 0x8000901a (0x40dd5993) srai    s3, s10, 13
core   0: 3 0x8000901a (0x40dd5993) x19 0x00000000
core   0: 0x8000901e (0x00c847b3) xor     a5, a6, a2
core   0: 3 0x8000901e (0x00c847b3) x15 0xd3eebe64
core   0: 0x80009022 (0x01cad333) srl     t1, s5, t3
core   0: 3 0x80009022 (0x01cad333) x 6 0x0000c003
core   0: 0x80009026 (0x00001614) c.addi4spn a3, sp, 800
core   0: 3 0x80009026 (0x1614) x13 0x0000035f
core   0: 0x80009028 (0x000098fd) c.andi  s1, -1
core   0: 3 0x80009028 (0x98fd) x 9 0xac11c757
core   0: 0x8000902a (0xab666d93) ori     s11, a2, -1354
core   0: 3 0x8000902a (0xab666d93) x27 0xfffffab6
core   0: 0x8000902e (0x00006fed) c.lui   t6, 0x1b
core   0: 3 0x8000902e (0x6fed) x31 0x0001b000
core   0: 0x80009030 (0x0acc3e93) sltiu   t4, s8, 172
core   0: 3 0x80009030 (0x0acc3e93) x29 0x00000000
core   0: 0x80009034 (0x12687693) andi    a3, a6, 294
core   0: 3 0x80009034 (0x12687693) x13 0x00000024
core   0: 0x80009038 (0x00ebf7b3) and     a5, s7, a4
core   0: 3 0x80009038 (0x00ebf7b3) x15 0x00000000
core   0: 0x8000903c (0x00008ea5) c.xor   a3, s1
core   0: 3 0x8000903c (0x8ea5) x13 0xac11c773
core   0: 0x8000903e (0x65e14913) xori    s2, sp, 1630
core   0: 3 0x8000903e (0x65e14913) x18 0x00000661
core   0: 0x80009042 (0x03ca3db3) mulhu   s11, s4, t3
core   0: 3 0x80009042 (0x03ca3db3) x27 0x00000000
core   0: 0x80009046 (0x00008c61) c.and   s0, s0
core   0: 3 0x80009046 (0x8c61) x 8 0x1b845b3b
core   0: 0x80009048 (0x00004de1) c.li    s11, 24
core   0: 3 0x80009048 (0x4de1) x27 0x00000018
core   0: 0x8000904a (0x024231b3) mulhu   gp, tp, tp
core   0: 3 0x8000904a (0x024231b3) x 3 0xfffffffe
core   0: 0x8000904e (0x0000963a) c.add   a2, a4
core   0: 3 0x8000904e (0x963a) x12 0xa7dc8000
core   0: 0x80009050 (0x00000316) c.slli  t1, 5
core   0: 3 0x80009050 (0x0316) x 6 0x00180060
core   0: 0x80009052 (0x000095de) c.add   a1, s7
core   0: 3 0x80009052 (0x95de) x11 0x80013ce4
core   0: 0x80009054 (0x03a33133) mulhu   sp, t1, s10
core   0: 3 0x80009054 (0x03a33133) x 2 0x00000000
core   0: 0x80009058 (0xac7c0d13) addi    s10, s8, -1337
core   0: 3 0x80009058 (0xac7c0d13) x26 0xffffc39b
core   0: 0x8000905c (0x00006255) c.lui   tp, 0x15
core   0: 3 0x8000905c (0x6255) x 4 0x00015000
core   0: 0x8000905e (0x00bb11b3) sll     gp, s6, a1
core   0: 3 0x8000905e (0x00bb11b3) x 3 0x000000e0
core   0: 0x80009062 (0x017dea37) lui     s4, 0x17de
core   0: 3 0x80009062 (0x017dea37) x20 0x017de000
core   0: 0x80009066 (0x00008ee9) c.and   a3, a0
core   0: 3 0x80009066 (0x8ee9) x13 0x00000440
core   0: 0x80009068 (0x00006369) c.lui   t1, 0x1a
core   0: 3 0x80009068 (0x6369) x 6 0x0001a000
core   0: 0x8000906a (0x01efd4b3) srl     s1, t6, t5
core   0: 3 0x8000906a (0x01efd4b3) x 9 0x0001b000
core   0: 0x8000906e (0xd1b64293) xori    t0, a2, -741
core   0: 3 0x8000906e (0xd1b64293) x 5 0x58237d1b
core   0: 0x80009072 (0xb91f3397) auipc   t2, 0xb91f3
core   0: 3 0x80009072 (0xb91f3397) x 7 0x391fc072
core   0: 0x80009076 (0x2467cf97) auipc   t6, 0x2467c
core   0: 3 0x80009076 (0x2467cf97) x31 0xa4685076
core   0: 0x8000907a (0x010f12b3) sll     t0, t5, a6
core   0: 3 0x8000907a (0x010f12b3) x 5 0x00000000
core   0: 0x8000907e (0x029eb5b3) mulhu   a1, t4, s1
core   0: 3 0x8000907e (0x029eb5b3) x11 0x00000000
core   0: 0x80009082 (0x00008095) c.srli  s1, 5
core   0: 3 0x80009082 (0x8095) x 9 0x00000d80
core   0: 0x80009084 (0x02de36b3) mulhu   a3, t3, a3
core   0: 3 0x80009084 (0x02de36b3) x13 0x00000000
core   0: 0x80009088 (0x0000016e) c.slli  sp, 27
core   0: 3 0x80009088 (0x016e) x 2 0x00000000
core   0: 0x8000908a (0x000098fd) c.andi  s1, -1
core   0: 3 0x8000908a (0x98fd) x 9 0x00000d80
core   0: 0x8000908c (0x40575513) srai    a0, a4, 5
core   0: 3 0x8000908c (0x40575513) x10 0x029f7200
core   0: 0x80009090 (0x00000001) c.nop
core   0: 3 0x80009090 (0x0001)
core   0: 0x80009092 (0x00008335) c.srli  a4, 13
core   0: 3 0x80009092 (0x8335) x14 0x00029f72
core   0: 0x80009094 (0xb9bea317) auipc   t1, 0xb9bea
core   0: 3 0x80009094 (0xb9bea317) x 6 0x39bf3094
core   0: 0x80009098 (0x309ac1b7) lui     gp, 0x309ac
core   0: 3 0x80009098 (0x309ac1b7) x 3 0x309ac000
core   0: 0x8000909c (0x03013933) mulhu   s2, sp, a6
core   0: 3 0x8000909c (0x03013933) x18 0x00000000
core   0: 0x800090a0 (0x063b6293) ori     t0, s6, 99
core   0: 3 0x800090a0 (0x063b6293) x 5 0x0000006f
core   0: 0x800090a4 (0x00009a7d) c.andi  a2, -1
core   0: 3 0x800090a4 (0x9a7d) x12 0xa7dc8000
core   0: 0x800090a6 (0x41acd393) srai    t2, s9, 26
core   0: 3 0x800090a6 (0x41acd393) x 7 0x00000000
core   0: 0x800090aa (0x03e748b3) div     a7, a4, t5
core   0: 3 0x800090aa (0x03e748b3) x17 0xffffffff
core   0: 0x800090ae (0x015d1a93) slli    s5, s10, 21
core   0: 3 0x800090ae (0x015d1a93) x21 0x73600000
core   0: 0x800090b2 (0x02e74fb3) div     t6, a4, a4
core   0: 3 0x800090b2 (0x02e74fb3) x31 0x00000001
core   0: 0x800090b6 (0x01a18ab3) add     s5, gp, s10
core   0: 3 0x800090b6 (0x01a18ab3) x21 0x309a839b
core   0: 0x800090ba (0xe74de993) ori     s3, s11, -396
core   0: 3 0x800090ba (0xe74de993) x19 0xfffffe7c
core   0: 0x800090be (0x00000001) c.nop
core   0: 3 0x800090be (0x0001)
core   0: 0x800090c0 (0x40e7d433) sra     s0, a5, a4
core   0: 3 0x800090c0 (0x40e7d433) x 8 0x00000000
core   0: 0x800090c4 (0x0000072a) c.slli  a4, 10
core   0: 3 0x800090c4 (0x072a) x14 0x0a7dc800
core   0: 0x800090c6 (0x03593ab3) mulhu   s5, s2, s5
core   0: 3 0x800090c6 (0x03593ab3) x21 0x00000000
core   0: 0x800090ca (0x00000eee) c.slli  t4, 27
core   0: 3 0x800090ca (0x0eee) x29 0x00000000
core   0: 0x800090cc (0x00000001) c.nop
core   0: 3 0x800090cc (0x0001)
core   0: 0x800090ce (0x41b10933) sub     s2, sp, s11
core   0: 3 0x800090ce (0x41b10933) x18 0xffffffe8
core   0: 0x800090d2 (0x00008e31) c.xor   a2, a2
core   0: 3 0x800090d2 (0x8e31) x12 0x00000000
core   0: 0x800090d4 (0x401005b3) sub     a1, zero, ra
core   0: 3 0x800090d4 (0x401005b3) x11 0xfffd41af
core   0: 0x800090d8 (0x00006885) c.lui   a7, 0x1
core   0: 3 0x800090d8 (0x6885) x17 0x00001000
core   0: 0x800090da (0x00004351) c.li    t1, 20
core   0: 3 0x800090da (0x4351) x 6 0x00000014
core   0: 0x800090dc (0x00008cbd) c.xor   s1, a5
core   0: 3 0x800090dc (0x8cbd) x 9 0x00000d80
core   0: 0x800090de (0x03a60333) mul     t1, a2, s10
core   0: 3 0x800090de (0x03a60333) x 6 0x00000000
core   0: 0x800090e2 (0x00006895) c.lui   a7, 0x5
core   0: 3 0x800090e2 (0x6895) x17 0x00005000
core   0: 0x800090e4 (0x000083b5) c.srli  a5, 13
core   0: 3 0x800090e4 (0x83b5) x15 0x00000000
core   0: 0x800090e6 (0x00008ea1) c.xor   a3, s0
core   0: 3 0x800090e6 (0x8ea1) x13 0x00000000
core   0: 0x800090e8 (0x024a0733) mul     a4, s4, tp
core   0: 3 0x800090e8 (0x024a0733) x14 0x36000000
core   0: 0x800090ec (0x0000537d) c.li    t1, -1
core   0: 3 0x800090ec (0x537d) x 6 0xffffffff
core   0: 0x800090ee (0x026dc133) div     sp, s11, t1
core   0: 3 0x800090ee (0x026dc133) x 2 0xffffffe8
core   0: 0x800090f2 (0xee29e213) ori     tp, s3, -286
core   0: 3 0x800090f2 (0xee29e213) x 4 0xfffffefe
core   0: 0x800090f6 (0x000092ca) c.add   t0, s2
core   0: 3 0x800090f6 (0x92ca) x 5 0x00000057
core   0: 0x800090f8 (0x01b946b3) xor     a3, s2, s11
core   0: 3 0x800090f8 (0x01b946b3) x13 0xfffffff0
core   0: 0x800090fc (0x0d9d3613) sltiu   a2, s10, 217
core   0: 3 0x800090fc (0x0d9d3613) x12 0x00000000
core   0: 0x80009100 (0x00008e51) c.or    a2, a2
core   0: 3 0x80009100 (0x8e51) x12 0x00000000
core   0: 0x80009102 (0x000082dd) c.srli  a3, 23
core   0: 3 0x80009102 (0x82dd) x13 0x000001ff
core   0: 0x80009104 (0x08326897) auipc   a7, 0x8326
core   0: 3 0x80009104 (0x08326897) x17 0x8832f104
core   0: 0x80009108 (0x00008e85) c.sub   a3, s1
core   0: 3 0x80009108 (0x8e85) x13 0xfffff47f
core   0: 0x8000910a (0x00c0ae33) slt     t3, ra, a2
core   0: 3 0x8000910a (0x00c0ae33) x28 0x00000000
core   0: 0x8000910e (0x419183b3) sub     t2, gp, s9
core   0: 3 0x8000910e (0x419183b3) x 7 0x309ac000
core   0: 0x80009112 (0x402d8433) sub     s0, s11, sp
core   0: 3 0x80009112 (0x402d8433) x 8 0x00000030
core   0: 0x80009116 (0xc4e7b893) sltiu   a7, a5, -946
core   0: 3 0x80009116 (0xc4e7b893) x17 0x00000001
core   0: 0x8000911a (0xde43e313) ori     t1, t2, -540
core   0: 3 0x8000911a (0xde43e313) x 6 0xfffffde4
core   0: 0x8000911e (0xdad9c893) xori    a7, s3, -595
core   0: 3 0x8000911e (0xdad9c893) x17 0x000003d1
core   0: 0x80009122 (0x01b7b333) sltu    t1, a5, s11
core   0: 3 0x80009122 (0x01b7b333) x 6 0x00000001
core   0: 0x80009126 (0x41578133) sub     sp, a5, s5
core   0: 3 0x80009126 (0x41578133) x 2 0x00000000
core   0: 0x8000912a (0x00009422) c.add   s0, s0
core   0: 3 0x8000912a (0x9422) x 8 0x00000060
core   0: 0x8000912c (0x03b3c6b3) div     a3, t2, s11
core   0: 3 0x8000912c (0x03b3c6b3) x13 0x020672aa
core   0: 0x80009130 (0x02045133) divu    sp, s0, zero
core   0: 3 0x80009130 (0x02045133) x 2 0xffffffff
core   0: 0x80009134 (0x77df2c13) slti    s8, t5, 1917
core   0: 3 0x80009134 (0x77df2c13) x24 0x00000001
core   0: 0x80009138 (0x8c286913) ori     s2, a6, -1854
core   0: 3 0x80009138 (0x8c286913) x18 0xfffffee6
core   0: 0x8000913c (0x0000833e) c.mv    t1, a5
core   0: 3 0x8000913c (0x833e) x 6 0x00000000
core   0: 0x8000913e (0x02350033) mul     zero, a0, gp
core   0: 3 0x8000913e (0x02350033)
core   0: 0x80009142 (0x40848333) sub     t1, s1, s0
core   0: 3 0x80009142 (0x40848333) x 6 0x00000d20
core   0: 0x80009146 (0x00bdd0b3) srl     ra, s11, a1
core   0: 3 0x80009146 (0x00bdd0b3) x 1 0x00000000
core   0: 0x8000914a (0x00008c05) c.sub   s0, s1
core   0: 3 0x8000914a (0x8c05) x 8 0xfffff2e0
core   0: 0x8000914c (0x01aac533) xor     a0, s5, s10
core   0: 3 0x8000914c (0x01aac533) x10 0xffffc39b
core   0: 0x80009150 (0x00f8e533) or      a0, a7, a5
core   0: 3 0x80009150 (0x00f8e533) x10 0x000003d1
core   0: 0x80009154 (0x6918ce93) xori    t4, a7, 1681
core   0: 3 0x80009154 (0x6918ce93) x29 0x00000540
core   0: 0x80009158 (0x40d4d7b3) sra     a5, s1, a3
core   0: 3 0x80009158 (0x40d4d7b3) x15 0x00000003
core   0: 0x8000915c (0x03225d33) divu    s10, tp, s2
core   0: 3 0x8000915c (0x03225d33) x26 0x00000001
core   0: 0x80009160 (0x01766eb3) or      t4, a2, s7
core   0: 3 0x80009160 (0x01766eb3) x29 0x80013ce4
core   0: 0x80009164 (0x0000835d) c.srli  a4, 23
core   0: 3 0x80009164 (0x835d) x14 0x0000006c
core   0: 0x80009166 (0x073a3413) sltiu   s0, s4, 115
core   0: 3 0x80009166 (0x073a3413) x 8 0x00000000
core   0: 0x8000916a (0x033d19b3) mulh    s3, s10, s3
core   0: 3 0x8000916a (0x033d19b3) x19 0xffffffff
core   0: 0x8000916e (0x00008edd) c.or    a3, a5
core   0: 3 0x8000916e (0x8edd) x13 0x020672ab
core   0: 0x80009170 (0x00008469) c.srai  s0, 26
core   0: 3 0x80009170 (0x8469) x 8 0x00000000
core   0: 0x80009172 (0x00008aca) c.mv    s5, s2
core   0: 3 0x80009172 (0x8aca) x21 0xfffffee6
core   0: 0x80009174 (0x0286e5b3) rem     a1, a3, s0
core   0: 3 0x80009174 (0x0286e5b3) x11 0x020672ab
core   0: 0x80009178 (0x00001e94) c.addi4spn a3, sp, 880
core   0: 3 0x80009178 (0x1e94) x13 0x0000036f
core   0: 0x8000917a (0xc7b17c13) andi    s8, sp, -901
core   0: 3 0x8000917a (0xc7b17c13) x24 0xfffffc7b
core   0: 0x8000917e (0x011b2fb3) slt     t6, s6, a7
core   0: 3 0x8000917e (0x011b2fb3) x31 0x00000001
core   0: 0x80009182 (0xf97d4c13) xori    s8, s10, -105
core   0: 3 0x80009182 (0xf97d4c13) x24 0xffffff96
core   0: 0x80009186 (0x00000d1c) c.addi4spn a5, sp, 656
core   0: 3 0x80009186 (0x0d1c) x15 0x0000028f
core   0: 0x80009188 (0x00008c22) c.mv    s8, s0
core   0: 3 0x80009188 (0x8c22) x24 0x00000000
core   0: 0x8000918a (0x1f5eb093) sltiu   ra, t4, 501
core   0: 3 0x8000918a (0x1f5eb093) x 1 0x00000000
core   0: 0x8000918e (0x000061e5) c.lui   gp, 0x19
core   0: 3 0x8000918e (0x61e5) x 3 0x00019000
core   0: 0x80009190 (0xea952397) auipc   t2, 0xea952
core   0: 3 0x80009190 (0xea952397) x 7 0x6a95b190
core   0: 0x80009194 (0x00000001) c.nop
core   0: 3 0x80009194 (0x0001)
core   0: 0x80009196 (0x00f1f333) and     t1, gp, a5
core   0: 3 0x80009196 (0x00f1f333) x 6 0x00000000
core   0: 0x8000919a (0x003d87b3) add     a5, s11, gp
core   0: 3 0x8000919a (0x003d87b3) x15 0x00019018
core   0: 0x8000919e (0x4023d393) srai    t2, t2, 2
core   0: 3 0x8000919e (0x4023d393) x 7 0x1aa56c64
core   0: 0x800091a2 (0x034598b3) mulh    a7, a1, s4
core   0: 3 0x800091a2 (0x034598b3) x17 0x0003055e
core   0: 0x800091a6 (0x00009eda) c.add   t4, s6
core   0: 3 0x800091a6 (0x9eda) x29 0x80013cf2
core   0: 0x800091a8 (0x00006a11) c.lui   s4, 0x4
core   0: 3 0x800091a8 (0x6a11) x20 0x00004000
core   0: 0x800091aa (0x00008cd9) c.or    s1, a4
core   0: 3 0x800091aa (0x8cd9) x 9 0x00000dec
core   0: 0x800091ac (0x02af7f33) remu    t5, t5, a0
core   0: 3 0x800091ac (0x02af7f33) x30 0x00000000
core   0: 0x800091b0 (0x0111dcb3) srl     s9, gp, a7
core   0: 3 0x800091b0 (0x0111dcb3) x25 0x00000000
core   0: 0x800091b4 (0x00c745b3) xor     a1, a4, a2
core   0: 3 0x800091b4 (0x00c745b3) x11 0x0000006c
core   0: 0x800091b8 (0x03bd6a33) rem     s4, s10, s11
core   0: 3 0x800091b8 (0x03bd6a33) x20 0x00000001
core   0: 0x800091bc (0x00008e61) c.and   a2, s0
core   0: 3 0x800091bc (0x8e61) x12 0x00000000
core   0: 0x800091be (0x00c529b3) slt     s3, a0, a2
core   0: 3 0x800091be (0x00c529b3) x19 0x00000000
core   0: 0x800091c2 (0x03f61cb3) mulh    s9, a2, t6
core   0: 3 0x800091c2 (0x03f61cb3) x25 0x00000000
core   0: 0x800091c6 (0x01aa1313) slli    t1, s4, 26
core   0: 3 0x800091c6 (0x01aa1313) x 6 0x04000000
core   0: 0x800091ca (0x03d97333) remu    t1, s2, t4
core   0: 3 0x800091ca (0x03d97333) x 6 0x7ffec1f4
core   0: 0x800091ce (0x00009a7d) c.andi  a2, -1
core   0: 3 0x800091ce (0x9a7d) x12 0x00000000
core   0: 0x800091d0 (0x00008195) c.srli  a1, 5
core   0: 3 0x800091d0 (0x8195) x11 0x00000003
core   0: 0x800091d2 (0x00000f3e) c.slli  t5, 15
core   0: 3 0x800091d2 (0x0f3e) x30 0x00000000
core   0: 0x800091d4 (0x41da5d33) sra     s10, s4, t4
core   0: 3 0x800091d4 (0x41da5d33) x26 0x00000000
core   0: 0x800091d8 (0xcdb7d597) auipc   a1, 0xcdb7d
core   0: 3 0x800091d8 (0xcdb7d597) x11 0x4db861d8
core   0: 0x800091dc (0x3b767d93) andi    s11, a2, 951
core   0: 3 0x800091dc (0x3b767d93) x27 0x00000000
core   0: 0x800091e0 (0x00006c95) c.lui   s9, 0x5
core   0: 3 0x800091e0 (0x6c95) x25 0x00005000
core   0: 0x800091e2 (0x00008109) c.srli  a0, 2
core   0: 3 0x800091e2 (0x8109) x10 0x000000f4
core   0: 0x800091e4 (0xb46f0613) addi    a2, t5, -1210
core   0: 3 0x800091e4 (0xb46f0613) x12 0xfffffb46
core   0: 0x800091e8 (0x000086b5) c.srai  a3, 13
core   0: 3 0x800091e8 (0x86b5) x13 0x00000000
core   0: 0x800091ea (0x0306e4b3) rem     s1, a3, a6
core   0: 3 0x800091ea (0x0306e4b3) x 9 0x00000000
core   0: 0x800091ee (0x0210c433) div     s0, ra, ra
core   0: 3 0x800091ee (0x0210c433) x 8 0xffffffff
core   0: 0x800091f2 (0x00004285) c.li    t0, 1
core   0: 3 0x800091f2 (0x4285) x 5 0x00000001
core   0: 0x800091f4 (0x00000c10) c.addi4spn a2, sp, 528
core   0: 3 0x800091f4 (0x0c10) x12 0x0000020f
core   0: 0x800091f6 (0x000010fd) c.addi  ra, -1
core   0: 3 0x800091f6 (0x10fd) x 1 0xffffffff
core   0: 0x800091f8 (0x022ffc33) remu    s8, t6, sp
core   0: 3 0x800091f8 (0x022ffc33) x24 0x00000001
core   0: 0x800091fc (0x00001cfd) c.addi  s9, -1
core   0: 3 0x800091fc (0x1cfd) x25 0x00004fff
core   0: 0x800091fe (0x01c06433) or      s0, zero, t3
core   0: 3 0x800091fe (0x01c06433) x 8 0x00000000
core   0: 0x80009202 (0x77a78593) addi    a1, a5, 1914
core   0: 3 0x80009202 (0x77a78593) x11 0x00019792
core   0: 0x80009206 (0x00008db9) c.xor   a1, a4
core   0: 3 0x80009206 (0x8db9) x11 0x000197fe
core   0: 0x80009208 (0xad35b417) auipc   s0, 0xad35b
core   0: 3 0x80009208 (0xad35b417) x 8 0x2d364208
core   0: 0x8000920c (0x000049ed) c.li    s3, 27
core   0: 3 0x8000920c (0x49ed) x19 0x0000001b
core   0: 0x8000920e (0x966fdf37) lui     t5, 0x966fd
core   0: 3 0x8000920e (0x966fdf37) x30 0x966fd000
core   0: 0x80009212 (0x0082c1b3) xor     gp, t0, s0
core   0: 3 0x80009212 (0x0082c1b3) x 3 0x2d364209
core   0: 0x80009216 (0x0247feb3) remu    t4, a5, tp
core   0: 3 0x80009216 (0x0247feb3) x29 0x00019018
core   0: 0x8000921a (0xfb32d3b7) lui     t2, 0xfb32d
core   0: 3 0x8000921a (0xfb32d3b7) x 7 0xfb32d000
core   0: 0x8000921e (0x02e89433) mulh    s0, a7, a4
core   0: 3 0x8000921e (0x02e89433) x 8 0x00000000
core   0: 0x80009222 (0x014ef733) and     a4, t4, s4
core   0: 3 0x80009222 (0x014ef733) x14 0x00000000
core   0: 0x80009226 (0x000083bd) c.srli  a5, 15
core   0: 3 0x80009226 (0x83bd) x15 0x00000003
core   0: 0x80009228 (0x00008559) c.srai  a0, 22
core   0: 3 0x80009228 (0x8559) x10 0x00000000
core   0: 0x8000922a (0x00008ef9) c.and   a3, a4
core   0: 3 0x8000922a (0x8ef9) x13 0x00000000
core   0: 0x8000922c (0x022311b3) mulh    gp, t1, sp
core   0: 3 0x8000922c (0x022311b3) x 3 0xffffffff
core   0: 0x80009230 (0x407989b3) sub     s3, s3, t2
core   0: 3 0x80009230 (0x407989b3) x19 0x04cd301b
core   0: 0x80009234 (0x035becb3) rem     s9, s7, s5
core   0: 3 0x80009234 (0x035becb3) x25 0xffffff60
core   0: 0x80009238 (0x01210433) add     s0, sp, s2
core   0: 3 0x80009238 (0x01210433) x 8 0xfffffee5
core   0: 0x8000923c (0x000067c5) c.lui   a5, 0x11
core   0: 3 0x8000923c (0x67c5) x15 0x00011000
core   0: 0x8000923e (0x00000d0e) c.slli  s10, 3
core   0: 3 0x8000923e (0x0d0e) x26 0x00000000
core   0: 0x80009240 (0x0145c533) xor     a0, a1, s4
core   0: 3 0x80009240 (0x0145c533) x10 0x000197ff
core   0: 0x80009244 (0x02098333) mul     t1, s3, zero
core   0: 3 0x80009244 (0x02098333) x 6 0x00000000
core   0: 0x80009248 (0x98736a93) ori     s5, t1, -1657
core   0: 3 0x80009248 (0x98736a93) x21 0xfffff987
core   0: 0x8000924c (0xa6963c93) sltiu   s9, a2, -1431
core   0: 3 0x8000924c (0xa6963c93) x25 0x00000001
core   0: 0x80009250 (0x0162a213) slti    tp, t0, 22
core   0: 3 0x80009250 (0x0162a213) x 4 0x00000001
core   0: 0x80009254 (0x00d85933) srl     s2, a6, a3
core   0: 3 0x80009254 (0x00d85933) x18 0x8000fe64
core   0: 0x80009258 (0x03a2a2b3) mulhsu  t0, t0, s10
core   0: 3 0x80009258 (0x03a2a2b3) x 5 0x00000000
core   0: 0x8000925c (0x03155c33) divu    s8, a0, a7
core   0: 3 0x8000925c (0x03155c33) x24 0x00000000
core   0: 0x80009260 (0x03a7b233) mulhu   tp, a5, s10
core   0: 3 0x80009260 (0x03a7b233) x 4 0x00000000
core   0: 0x80009264 (0x015fe6b3) or      a3, t6, s5
core   0: 3 0x80009264 (0x015fe6b3) x13 0xfffff987
core   0: 0x80009268 (0x00000001) c.nop
core   0: 3 0x80009268 (0x0001)
core   0: 0x8000926a (0x000088e1) c.andi  s1, 24
core   0: 3 0x8000926a (0x88e1) x 9 0x00000000
core   0: 0x8000926c (0x00000001) c.nop
core   0: 3 0x8000926c (0x0001)
core   0: 0x8000926e (0x6db78393) addi    t2, a5, 1755
core   0: 3 0x8000926e (0x6db78393) x 7 0x000116db
core   0: 0x80009272 (0x14412037) lui     zero, 0x14412
core   0: 3 0x80009272 (0x14412037)
core   0: 0x80009276 (0x0000613d) c.addi16sp sp, 480
core   0: 3 0x80009276 (0x613d) x 2 0x000001df
core   0: 0x80009278 (0x00008ef9) c.and   a3, a4
core   0: 3 0x80009278 (0x8ef9) x13 0x00000000
core   0: 0x8000927a (0x00008e89) c.sub   a3, a0
core   0: 3 0x8000927a (0x8e89) x13 0xfffe6801
core   0: 0x8000927c (0x01256db3) or      s11, a0, s2
core   0: 3 0x8000927c (0x01256db3) x27 0x8001ffff
core   0: 0x80009280 (0x000003e2) c.slli  t2, 24
core   0: 3 0x80009280 (0x03e2) x 7 0xdb000000
core   0: 0x80009282 (0x000016fd) c.addi  a3, -1
core   0: 3 0x80009282 (0x16fd) x13 0xfffe6800
core   0: 0x80009284 (0x038011b3) mulh    gp, zero, s8
core   0: 3 0x80009284 (0x038011b3) x 3 0x00000000
core   0: 0x80009288 (0x27de8393) addi    t2, t4, 637
core   0: 3 0x80009288 (0x27de8393) x 7 0x00019295
core   0: 0x8000928c (0x0118f333) and     t1, a7, a7
core   0: 3 0x8000928c (0x0118f333) x 6 0x0003055e
core   0: 0x80009290 (0x01e24133) xor     sp, tp, t5
core   0: 3 0x80009290 (0x01e24133) x 2 0x966fd000
core   0: 0x80009294 (0x88df8893) addi    a7, t6, -1907
core   0: 3 0x80009294 (0x88df8893) x17 0xfffff88e
core   0: 0x80009298 (0xf2f6bf93) sltiu   t6, a3, -209
core   0: 3 0x80009298 (0xf2f6bf93) x31 0x00000001
core   0: 0x8000929c (0x0279cab3) div     s5, s3, t2
core   0: 3 0x8000929c (0x0279cab3) x21 0x0000030d
core   0: 0x800092a0 (0x40c7d013) srai    zero, a5, 12
core   0: 3 0x800092a0 (0x40c7d013)
core   0: 0x800092a4 (0x01d469b3) or      s3, s0, t4
core   0: 3 0x800092a4 (0x01d469b3) x19 0xfffffefd
core   0: 0x800092a8 (0x010587b3) add     a5, a1, a6
core   0: 3 0x800092a8 (0x010587b3) x15 0x80029662
core   0: 0x800092ac (0x000086bd) c.srai  a3, 15
core   0: 3 0x800092ac (0x86bd) x13 0xfffffffc
core   0: 0x800092ae (0xa473fc13) andi    s8, t2, -1465
core   0: 3 0x800092ae (0xa473fc13) x24 0x00019205
core   0: 0x800092b2 (0x0000117d) c.addi  sp, -1
core   0: 3 0x800092b2 (0x117d) x 2 0x966fcfff
core   0: 0x800092b4 (0x00000f8e) c.slli  t6, 3
core   0: 3 0x800092b4 (0x0f8e) x31 0x00000008
core   0: 0x800092b6 (0x026a7533) remu    a0, s4, t1
core   0: 3 0x800092b6 (0x026a7533) x10 0x00000001
core   0: 0x800092ba (0x004751b3) srl     gp, a4, tp
core   0: 3 0x800092ba (0x004751b3) x 3 0x00000000
core   0: 0x800092be (0x02e64133) div     sp, a2, a4
core   0: 3 0x800092be (0x02e64133) x 2 0xffffffff
core   0: 0x800092c2 (0x00000001) c.nop
core   0: 3 0x800092c2 (0x0001)
core   0: 0x800092c4 (0x03a4fd33) remu    s10, s1, s10
core   0: 3 0x800092c4 (0x03a4fd33) x26 0x00000000
core   0: 0x800092c8 (0x01e92133) slt     sp, s2, t5
core   0: 3 0x800092c8 (0x01e92133) x 2 0x00000001
core   0: 0x800092cc (0x000055fd) c.li    a1, -1
core   0: 3 0x800092cc (0x55fd) x11 0xffffffff
core   0: 0x800092ce (0x00008e85) c.sub   a3, s1
core   0: 3 0x800092ce (0x8e85) x13 0xfffffffc
core   0: 0x800092d0 (0x00008279) c.srli  a2, 30
core   0: 3 0x800092d0 (0x8279) x12 0x00000000
core   0: 0x800092d2 (0x02d0d333) divu    t1, ra, a3
core   0: 3 0x800092d2 (0x02d0d333) x 6 0x00000001
core   0: 0x800092d6 (0x002a9db3) sll     s11, s5, sp
core   0: 3 0x800092d6 (0x002a9db3) x27 0x0000061a
core   0: 0x800092da (0x02718a33) mul     s4, gp, t2
core   0: 3 0x800092da (0x02718a33) x20 0x00000000
core   0: 0x800092de (0x00000001) c.nop
core   0: 3 0x800092de (0x0001)
core   0: 0x800092e0 (0xf9833f13) sltiu   t5, t1, -104
core   0: 3 0x800092e0 (0xf9833f13) x30 0x00000001
core   0: 0x800092e4 (0x01205c93) srli    s9, zero, 18
core   0: 3 0x800092e4 (0x01205c93) x25 0x00000000
core   0: 0x800092e8 (0x000087fa) c.mv    a5, t5
core   0: 3 0x800092e8 (0x87fa) x15 0x00000001
core   0: 0x800092ea (0x000087f5) c.srai  a5, 29
core   0: 3 0x800092ea (0x87f5) x15 0x00000000
core   0: 0x800092ec (0x01f03f33) snez    t5, t6
core   0: 3 0x800092ec (0x01f03f33) x30 0x00000001
core   0: 0x800092f0 (0x40e05793) srai    a5, zero, 14
core   0: 3 0x800092f0 (0x40e05793) x15 0x00000000
core   0: 0x800092f4 (0x02c1cab3) div     s5, gp, a2
core   0: 3 0x800092f4 (0x02c1cab3) x21 0xffffffff
core   0: 0x800092f8 (0x0092a033) slt     zero, t0, s1
core   0: 3 0x800092f8 (0x0092a033)
core   0: 0x800092fc (0x000001da) c.slli  gp, 22
core   0: 3 0x800092fc (0x01da) x 3 0x00000000
core   0: 0x800092fe (0x00008df1) c.and   a1, a2
core   0: 3 0x800092fe (0x8df1) x11 0x00000000
core   0: 0x80009300 (0x3499f337) lui     t1, 0x3499f
core   0: 3 0x80009300 (0x3499f337) x 6 0x3499f000
core   0: 0x80009304 (0x025923b3) mulhsu  t2, s2, t0
core   0: 3 0x80009304 (0x025923b3) x 7 0x00000000
core   0: 0x80009308 (0x00008dfd) c.and   a1, a5
core   0: 3 0x80009308 (0x8dfd) x11 0x00000000
core   0: 0x8000930a (0x0000612d) c.addi16sp sp, 224
core   0: 3 0x8000930a (0x612d) x 2 0x000000e1
core   0: 0x8000930c (0x014a72b3) and     t0, s4, s4
core   0: 3 0x8000930c (0x014a72b3) x 5 0x00000000
core   0: 0x80009310 (0x876f0793) addi    a5, t5, -1930
core   0: 3 0x80009310 (0x876f0793) x15 0xfffff877
core   0: 0x80009314 (0x00000704) c.addi4spn s1, sp, 896
core   0: 3 0x80009314 (0x0704) x 9 0x00000461
core   0: 0x80009316 (0x000050fd) c.li    ra, -1
core   0: 3 0x80009316 (0x50fd) x 1 0xffffffff
core   0: 0x80009318 (0x03c65933) divu    s2, a2, t3
core   0: 3 0x80009318 (0x03c65933) x18 0xffffffff
core   0: 0x8000931c (0x00008ed5) c.or    a3, a3
core   0: 3 0x8000931c (0x8ed5) x13 0xfffffffc
core   0: 0x8000931e (0x000051fd) c.li    gp, -1
core   0: 3 0x8000931e (0x51fd) x 3 0xffffffff
core   0: 0x80009320 (0x3ac1ba37) lui     s4, 0x3ac1b
core   0: 3 0x80009320 (0x3ac1ba37) x20 0x3ac1b000
core   0: 0x80009324 (0x037b2f33) mulhsu  t5, s6, s7
core   0: 3 0x80009324 (0x037b2f33) x30 0x00000007
core   0: 0x80009328 (0x00000001) c.nop
core   0: 3 0x80009328 (0x0001)
core   0: 0x8000932a (0xe2b23f93) sltiu   t6, tp, -469
core   0: 3 0x8000932a (0xe2b23f93) x31 0x00000001
core   0: 0x8000932e (0x03db1ab3) mulh    s5, s6, t4
core   0: 3 0x8000932e (0x03db1ab3) x21 0x00000000
core   0: 0x80009332 (0x00000001) c.nop
core   0: 3 0x80009332 (0x0001)
core   0: 0x80009334 (0x336c3593) sltiu   a1, s8, 822
core   0: 3 0x80009334 (0x336c3593) x11 0x00000000
core   0: 0x80009338 (0x40e15a13) srai    s4, sp, 14
core   0: 3 0x80009338 (0x40e15a13) x20 0x00000000
core   0: 0x8000933c (0xf4b93513) sltiu   a0, s2, -181
core   0: 3 0x8000933c (0xf4b93513) x10 0x00000000
core   0: 0x80009340 (0x4165d0b3) sra     ra, a1, s6
core   0: 3 0x80009340 (0x4165d0b3) x 1 0x00000000
core   0: 0x80009344 (0x034940b3) div     ra, s2, s4
core   0: 3 0x80009344 (0x034940b3) x 1 0xffffffff
core   0: 0x80009348 (0x033165b3) rem     a1, sp, s3
core   0: 3 0x80009348 (0x033165b3) x11 0x000000e1
core   0: 0x8000934c (0x825b7413) andi    s0, s6, -2011
core   0: 3 0x8000934c (0x825b7413) x 8 0x00000004
core   0: 0x80009350 (0x000052fd) c.li    t0, -1
core   0: 3 0x80009350 (0x52fd) x 5 0xffffffff
core   0: 0x80009352 (0x01b73433) sltu    s0, a4, s11
core   0: 3 0x80009352 (0x01b73433) x 8 0x00000001
core   0: 0x80009356 (0x00006989) c.lui   s3, 0x2
core   0: 3 0x80009356 (0x6989) x19 0x00002000
core   0: 0x80009358 (0x00009a7d) c.andi  a2, -1
core   0: 3 0x80009358 (0x9a7d) x12 0x00000000
core   0: 0x8000935a (0x0103b733) sltu    a4, t2, a6
core   0: 3 0x8000935a (0x0103b733) x14 0x00000001
core   0: 0x8000935e (0x037765b3) rem     a1, a4, s7
core   0: 3 0x8000935e (0x037765b3) x11 0x00000001
core   0: 0x80009362 (0x0387b133) mulhu   sp, a5, s8
core   0: 3 0x80009362 (0x0387b133) x 2 0x00019204
core   0: 0x80009366 (0x00008f0d) c.sub   a4, a1
core   0: 3 0x80009366 (0x8f0d) x14 0x00000000
core   0: 0x80009368 (0x359d6793) ori     a5, s10, 857
core   0: 3 0x80009368 (0x359d6793) x15 0x00000359
core   0: 0x8000936c (0x0278f8b3) remu    a7, a7, t2
core   0: 3 0x8000936c (0x0278f8b3) x17 0xfffff88e
core   0: 0x80009370 (0x414406b3) sub     a3, s0, s4
core   0: 3 0x80009370 (0x414406b3) x13 0x00000001
core   0: 0x80009374 (0x005543b3) xor     t2, a0, t0
core   0: 3 0x80009374 (0x005543b3) x 7 0xffffffff
core   0: 0x80009378 (0x01a14633) xor     a2, sp, s10
core   0: 3 0x80009378 (0x01a14633) x12 0x00019204
core   0: 0x8000937c (0x01bde3b3) or      t2, s11, s11
core   0: 3 0x8000937c (0x01bde3b3) x 7 0x0000061a
core   0: 0x80009380 (0x026dae33) mulhsu  t3, s11, t1
core   0: 3 0x80009380 (0x026dae33) x28 0x00000140
core   0: 0x80009384 (0x00009632) c.add   a2, a2
core   0: 3 0x80009384 (0x9632) x12 0x00032408
core   0: 0x80009386 (0x0000610d) c.addi16sp sp, 160
core   0: 3 0x80009386 (0x610d) x 2 0x000192a4
core   0: 0x80009388 (0x00bbceb3) xor     t4, s7, a1
core   0: 3 0x80009388 (0x00bbceb3) x29 0x80013ce5
core   0: 0x8000938c (0x01452533) slt     a0, a0, s4
core   0: 3 0x8000938c (0x01452533) x10 0x00000000
core   0: 0x80009390 (0x00008c49) c.or    s0, a0
core   0: 3 0x80009390 (0x8c49) x 8 0x00000001
core   0: 0x80009392 (0x67a89937) lui     s2, 0x67a89
core   0: 3 0x80009392 (0x67a89937) x18 0x67a89000
core   0: 0x80009396 (0x000014fd) c.addi  s1, -1
core   0: 3 0x80009396 (0x14fd) x 9 0x00000460
core   0: 0x80009398 (0x000082c5) c.srli  a3, 17
core   0: 3 0x80009398 (0x82c5) x13 0x00000000
core   0: 0x8000939a (0xc0d67593) andi    a1, a2, -1011
core   0: 3 0x8000939a (0xc0d67593) x11 0x00032408
core   0: 0x8000939e (0x03364133) div     sp, a2, s3
core   0: 3 0x8000939e (0x03364133) x 2 0x00000019
core   0: 0x800093a2 (0x01c57633) and     a2, a0, t3
core   0: 3 0x800093a2 (0x01c57633) x12 0x00000000
core   0: 0x800093a6 (0x02639d33) mulh    s10, t2, t1
core   0: 3 0x800093a6 (0x02639d33) x26 0x00000140
core   0: 0x800093aa (0x032da1b3) mulhsu  gp, s11, s2
core   0: 3 0x800093aa (0x032da1b3) x 3 0x00000278
core   0: 0x800093ae (0x03e58733) mul     a4, a1, t5
core   0: 3 0x800093ae (0x03e58733) x14 0x0015fc38
core   0: 0x800093b2 (0x00000e46) c.slli  t3, 17
core   0: 3 0x800093b2 (0x0e46) x28 0x02800000
core   0: 0x800093b4 (0x00008dc9) c.or    a1, a0
core   0: 3 0x800093b4 (0x8dc9) x11 0x00032408
core   0: 0x800093b6 (0x00008d89) c.sub   a1, a0
core   0: 3 0x800093b6 (0x8d89) x11 0x00032408
core   0: 0x800093b8 (0x00008cfd) c.and   s1, a5
core   0: 3 0x800093b8 (0x8cfd) x 9 0x00000040
core   0: 0x800093ba (0x00008e3d) c.xor   a2, a5
core   0: 3 0x800093ba (0x8e3d) x12 0x00000359
core   0: 0x800093bc (0x0000841d) c.srai  s0, 7
core   0: 3 0x800093bc (0x841d) x 8 0x00000000
core   0: 0x800093be (0x0124f233) and     tp, s1, s2
core   0: 3 0x800093be (0x0124f233) x 4 0x00000000
core   0: 0x800093c2 (0x005a5613) srli    a2, s4, 5
core   0: 3 0x800093c2 (0x005a5613) x12 0x00000000
core   0: 0x800093c6 (0x40e8d793) srai    a5, a7, 14
core   0: 3 0x800093c6 (0x40e8d793) x15 0xffffffff
core   0: 0x800093ca (0x00001d94) c.addi4spn a3, sp, 752
core   0: 3 0x800093ca (0x1d94) x13 0x00000309
core   0: 0x800093cc (0x000080c5) c.srli  s1, 17
core   0: 3 0x800093cc (0x80c5) x 9 0x00000000
core   0: 0x800093ce (0x84657d13) andi    s10, a0, -1978
core   0: 3 0x800093ce (0x84657d13) x26 0x00000000
core   0: 0x800093d2 (0x000081ad) c.srli  a1, 11
core   0: 3 0x800093d2 (0x81ad) x11 0x00000064
core   0: 0x800093d4 (0x00009a7d) c.andi  a2, -1
core   0: 3 0x800093d4 (0x9a7d) x12 0x00000000
core   0: 0x800093d6 (0x4bd0c913) xori    s2, ra, 1213
core   0: 3 0x800093d6 (0x4bd0c913) x18 0xfffffb42
core   0: 0x800093da (0x00008d19) c.sub   a0, a4
core   0: 3 0x800093da (0x8d19) x10 0xffea03c8
core   0: 0x800093dc (0x00004215) c.li    tp, 5
core   0: 3 0x800093dc (0x4215) x 4 0x00000005
core   0: 0x800093de (0x01158233) add     tp, a1, a7
core   0: 3 0x800093de (0x01158233) x 4 0xfffff8f2
core   0: 0x800093e2 (0x00f22233) slt     tp, tp, a5
core   0: 3 0x800093e2 (0x00f22233) x 4 0x00000001
core   0: 0x800093e6 (0x013868b3) or      a7, a6, s3
core   0: 3 0x800093e6 (0x013868b3) x17 0x8000fe64
core   0: 0x800093ea (0x029a4933) div     s2, s4, s1
core   0: 3 0x800093ea (0x029a4933) x18 0xffffffff
core   0: 0x800093ee (0x00008b05) c.andi  a4, 1
core   0: 3 0x800093ee (0x8b05) x14 0x00000000
core   0: 0x800093f0 (0x00009a46) c.add   s4, a7
core   0: 3 0x800093f0 (0x9a46) x20 0x8000fe64
core   0: 0x800093f2 (0x007268b3) or      a7, tp, t2
core   0: 3 0x800093f2 (0x007268b3) x17 0x0000061b
core   0: 0x800093f6 (0x029df333) remu    t1, s11, s1
core   0: 3 0x800093f6 (0x029df333) x 6 0x0000061a
core   0: 0x800093fa (0x03772e33) mulhsu  t3, a4, s7
core   0: 3 0x800093fa (0x03772e33) x28 0x00000000
core   0: 0x800093fe (0xb2d9d8b7) lui     a7, 0xb2d9d
core   0: 3 0x800093fe (0xb2d9d8b7) x17 0xb2d9d000
core   0: 0x80009402 (0x00000001) c.nop
core   0: 3 0x80009402 (0x0001)
core   0: 0x80009404 (0x026ef9b3) remu    s3, t4, t1
core   0: 3 0x80009404 (0x026ef9b3) x19 0x0000028b
core   0: 0x80009408 (0x00d27d33) and     s10, tp, a3
core   0: 3 0x80009408 (0x00d27d33) x26 0x00000001
core   0: 0x8000940c (0x00755d13) srli    s10, a0, 7
core   0: 3 0x8000940c (0x00755d13) x26 0x01ffd407
core   0: 0x80009410 (0x00009dce) c.add   s11, s3
core   0: 3 0x80009410 (0x9dce) x27 0x000008a5
core   0: 0x80009412 (0x00000001) c.nop
core   0: 3 0x80009412 (0x0001)
core   0: 0x80009414 (0x00ed9eb3) sll     t4, s11, a4
core   0: 3 0x80009414 (0x00ed9eb3) x29 0x000008a5
core   0: 0x80009418 (0x4bd93113) sltiu   sp, s2, 1213
core   0: 3 0x80009418 (0x4bd93113) x 2 0x00000000
core   0: 0x8000941c (0x00000001) c.nop
core   0: 3 0x8000941c (0x0001)
core   0: 0x8000941e (0x0000717d) c.addi16sp sp, -16
core   0: 3 0x8000941e (0x717d) x 2 0xfffffff0
core   0: 0x80009420 (0x02991233) mulh    tp, s2, s1
core   0: 3 0x80009420 (0x02991233) x 4 0x00000000
core   0: 0x80009424 (0x01a94133) xor     sp, s2, s10
core   0: 3 0x80009424 (0x01a94133) x 2 0xfe002bf8
core   0: 0x80009428 (0x01b21613) slli    a2, tp, 27
core   0: 3 0x80009428 (0x01b21613) x12 0x00000000
core   0: 0x8000942c (0x41f58d33) sub     s10, a1, t6
core   0: 3 0x8000942c (0x41f58d33) x26 0x00000063
core   0: 0x80009430 (0x00006ae5) c.lui   s5, 0x19
core   0: 3 0x80009430 (0x6ae5) x21 0x00019000
core   0: 0x80009432 (0x57399717) auipc   a4, 0x57399
core   0: 3 0x80009432 (0x57399717) x14 0xd73a2432
core   0: 0x80009436 (0x02ff1337) lui     t1, 0x2ff1
core   0: 3 0x80009436 (0x02ff1337) x 6 0x02ff1000
core   0: 0x8000943a (0x00008d51) c.or    a0, a2
core   0: 3 0x8000943a (0x8d51) x10 0xffea03c8
core   0: 0x8000943c (0x035db933) mulhu   s2, s11, s5
core   0: 3 0x8000943c (0x035db933) x18 0x00000000
core   0: 0x80009440 (0x7cb5ae93) slti    t4, a1, 1995
core   0: 3 0x80009440 (0x7cb5ae93) x29 0x00000001
core   0: 0x80009444 (0x01b36433) or      s0, t1, s11
core   0: 3 0x80009444 (0x01b36433) x 8 0x02ff18a5
core   0: 0x80009448 (0x00008612) c.mv    a2, tp
core   0: 3 0x80009448 (0x8612) x12 0x00000000
core   0: 0x8000944a (0x00008d81) c.sub   a1, s0
core   0: 3 0x8000944a (0x8d81) x11 0xfd00e7bf
core   0: 0x8000944c (0x03106cb3) rem     s9, zero, a7
core   0: 3 0x8000944c (0x03106cb3) x25 0x00000000
core   0: 0x80009450 (0x000010fd) c.addi  ra, -1
core   0: 3 0x80009450 (0x10fd) x 1 0xfffffffe
core   0: 0x80009452 (0x0000914a) c.add   sp, s2
core   0: 3 0x80009452 (0x914a) x 2 0xfe002bf8
core   0: 0x80009454 (0x03b23633) mulhu   a2, tp, s11
core   0: 3 0x80009454 (0x03b23633) x12 0x00000000
core   0: 0x80009458 (0x000012fd) c.addi  t0, -1
core   0: 3 0x80009458 (0x12fd) x 5 0xfffffffe
core   0: 0x8000945a (0x00008f05) c.sub   a4, s1
core   0: 3 0x8000945a (0x8f05) x14 0xd73a2432
core   0: 0x8000945c (0x0398e033) rem     zero, a7, s9
core   0: 3 0x8000945c (0x0398e033)
core   0: 0x80009460 (0x0000717d) c.addi16sp sp, -16
core   0: 3 0x80009460 (0x717d) x 2 0xfe002be8
core   0: 0x80009462 (0x714084b7) lui     s1, 0x71408
core   0: 3 0x80009462 (0x714084b7) x 9 0x71408000
core   0: 0x80009466 (0x0154b7b3) sltu    a5, s1, s5
core   0: 3 0x80009466 (0x0154b7b3) x15 0x00000000
core   0: 0x8000946a (0x0026c0b3) xor     ra, a3, sp
core   0: 3 0x8000946a (0x0026c0b3) x 1 0xfe0028e1
core   0: 0x8000946e (0x4b956197) auipc   gp, 0x4b956
core   0: 3 0x8000946e (0x4b956197) x 3 0xcb95f46e
core   0: 0x80009472 (0x00008cf9) c.and   s1, a4
core   0: 3 0x80009472 (0x8cf9) x 9 0x51000000
core   0: 0x80009474 (0x00000b17) auipc   s6, 0x0
core   0: 3 0x80009474 (0x00000b17) x22 0x80009474
core   0: 0x80009478 (0x00cb0b13) addi    s6, s6, 12
core   0: 3 0x80009478 (0x00cb0b13) x22 0x80009480
core   0: 0x8000947c (0x000b0067) jr      s6
core   0: 3 0x8000947c (0x000b0067)
core   0: 0x80009480 (0x00004185) c.li    gp, 1
core   0: 3 0x80009480 (0x4185) x 3 0x00000001
core   0: 0x80009482 (0x00000073) ecall
core   0: exception trap_machine_ecall, epc 0x80009482
core   0: >>>>  mtvec_handler
core   0: 0x80009e80 (0x0400006f) j       pc + 0x40
core   0: 3 0x80009e80 (0x0400006f)
core   0: 0x80009ec0 (0x00001bf1) c.addi  s7, -4
core   0: 3 0x80009ec0 (0x1bf1) x23 0x80013ce0
core   0: 0x80009ec2 (0x010ba023) sw      a6, 0(s7)
core   0: 3 0x80009ec2 (0x010ba023) mem 0x80013ce0 0x8000fe64
core   0: 0x80009ec6 (0x000b8833) add     a6, s7, zero
core   0: 3 0x80009ec6 (0x000b8833) x16 0x80013ce0
core   0: 0x80009eca (0xf8080813) addi    a6, a6, -128
core   0: 3 0x80009eca (0xf8080813) x16 0x80013c60
core   0: 0x80009ece (0x00182223) sw      ra, 4(a6)
core   0: 3 0x80009ece (0x00182223) mem 0x80013c64 0xfe0028e1
core   0: 0x80009ed2 (0x00282423) sw      sp, 8(a6)
core   0: 3 0x80009ed2 (0x00282423) mem 0x80013c68 0xfe002be8
core   0: 0x80009ed6 (0x00382623) sw      gp, 12(a6)
core   0: 3 0x80009ed6 (0x00382623) mem 0x80013c6c 0x00000001
core   0: 0x80009eda (0x00482823) sw      tp, 16(a6)
core   0: 3 0x80009eda (0x00482823) mem 0x80013c70 0x00000000
core   0: 0x80009ede (0x00582a23) sw      t0, 20(a6)
core   0: 3 0x80009ede (0x00582a23) mem 0x80013c74 0xfffffffe
core   0: 0x80009ee2 (0x00682c23) sw      t1, 24(a6)
core   0: 3 0x80009ee2 (0x00682c23) mem 0x80013c78 0x02ff1000
core   0: 0x80009ee6 (0x00782e23) sw      t2, 28(a6)
core   0: 3 0x80009ee6 (0x00782e23) mem 0x80013c7c 0x0000061a
core   0: 0x80009eea (0x02882023) sw      s0, 32(a6)
core   0: 3 0x80009eea (0x02882023) mem 0x80013c80 0x02ff18a5
core   0: 0x80009eee (0x02982223) sw      s1, 36(a6)
core   0: 3 0x80009eee (0x02982223) mem 0x80013c84 0x51000000
core   0: 0x80009ef2 (0x02a82423) sw      a0, 40(a6)
core   0: 3 0x80009ef2 (0x02a82423) mem 0x80013c88 0xffea03c8
core   0: 0x80009ef6 (0x02b82623) sw      a1, 44(a6)
core   0: 3 0x80009ef6 (0x02b82623) mem 0x80013c8c 0xfd00e7bf
core   0: 0x80009efa (0x02c82823) sw      a2, 48(a6)
core   0: 3 0x80009efa (0x02c82823) mem 0x80013c90 0x00000000
core   0: 0x80009efe (0x02d82a23) sw      a3, 52(a6)
core   0: 3 0x80009efe (0x02d82a23) mem 0x80013c94 0x00000309
core   0: 0x80009f02 (0x02e82c23) sw      a4, 56(a6)
core   0: 3 0x80009f02 (0x02e82c23) mem 0x80013c98 0xd73a2432
core   0: 0x80009f06 (0x02f82e23) sw      a5, 60(a6)
core   0: 3 0x80009f06 (0x02f82e23) mem 0x80013c9c 0x00000000
core   0: 0x80009f0a (0x05082023) sw      a6, 64(a6)
core   0: 3 0x80009f0a (0x05082023) mem 0x80013ca0 0x80013c60
core   0: 0x80009f0e (0x05182223) sw      a7, 68(a6)
core   0: 3 0x80009f0e (0x05182223) mem 0x80013ca4 0xb2d9d000
core   0: 0x80009f12 (0x05282423) sw      s2, 72(a6)
core   0: 3 0x80009f12 (0x05282423) mem 0x80013ca8 0x00000000
core   0: 0x80009f16 (0x05382623) sw      s3, 76(a6)
core   0: 3 0x80009f16 (0x05382623) mem 0x80013cac 0x0000028b
core   0: 0x80009f1a (0x05482823) sw      s4, 80(a6)
core   0: 3 0x80009f1a (0x05482823) mem 0x80013cb0 0x8000fe64
core   0: 0x80009f1e (0x05582a23) sw      s5, 84(a6)
core   0: 3 0x80009f1e (0x05582a23) mem 0x80013cb4 0x00019000
core   0: 0x80009f22 (0x05682c23) sw      s6, 88(a6)
core   0: 3 0x80009f22 (0x05682c23) mem 0x80013cb8 0x80009480
core   0: 0x80009f26 (0x05782e23) sw      s7, 92(a6)
core   0: 3 0x80009f26 (0x05782e23) mem 0x80013cbc 0x80013ce0
core   0: 0x80009f2a (0x07882023) sw      s8, 96(a6)
core   0: 3 0x80009f2a (0x07882023) mem 0x80013cc0 0x00019205
core   0: 0x80009f2e (0x07982223) sw      s9, 100(a6)
core   0: 3 0x80009f2e (0x07982223) mem 0x80013cc4 0x00000000
core   0: 0x80009f32 (0x07a82423) sw      s10, 104(a6)
core   0: 3 0x80009f32 (0x07a82423) mem 0x80013cc8 0x00000063
core   0: 0x80009f36 (0x07b82623) sw      s11, 108(a6)
core   0: 3 0x80009f36 (0x07b82623) mem 0x80013ccc 0x000008a5
core   0: 0x80009f3a (0x07c82823) sw      t3, 112(a6)
core   0: 3 0x80009f3a (0x07c82823) mem 0x80013cd0 0x00000000
core   0: 0x80009f3e (0x07d82a23) sw      t4, 116(a6)
core   0: 3 0x80009f3e (0x07d82a23) mem 0x80013cd4 0x00000001
core   0: 0x80009f42 (0x07e82c23) sw      t5, 120(a6)
core   0: 3 0x80009f42 (0x07e82c23) mem 0x80013cd8 0x00000007
core   0: 0x80009f46 (0x07f82e23) sw      t6, 124(a6)
core   0: 3 0x80009f46 (0x07f82e23) mem 0x80013cdc 0x00000001
core   0: 0x80009f4a (0x00080bb3) add     s7, a6, zero
core   0: 3 0x80009f4a (0x00080bb3) x23 0x80013c60
core   0: 0x80009f4e (0x341028f3) csrr    a7, mepc
core   0: 3 0x80009f4e (0x341028f3) x17 0x80009482
core   0: 0x80009f52 (0x342028f3) csrr    a7, mcause
core   0: 3 0x80009f52 (0x342028f3) x17 0x0000000b
core   0: 0x80009f56 (0x0000468d) c.li    a3, 3
core   0: 3 0x80009f56 (0x468d) x13 0x00000003
core   0: 0x80009f58 (0x28d88d63) beq     a7, a3, pc + 666
core   0: 3 0x80009f58 (0x28d88d63)
core   0: 0x80009f5c (0x000046a1) c.li    a3, 8
core   0: 3 0x80009f5c (0x46a1) x13 0x00000008
core   0: 0x80009f5e (0x04d88563) beq     a7, a3, pc + 74
core   0: 3 0x80009f5e (0x04d88563)
core   0: 0x80009f62 (0x000046a5) c.li    a3, 9
core   0: 3 0x80009f62 (0x46a5) x13 0x00000009
core   0: 0x80009f64 (0x04d88263) beq     a7, a3, pc + 68
core   0: 3 0x80009f64 (0x04d88263)
core   0: 0x80009f68 (0x000046ad) c.li    a3, 11
core   0: 3 0x80009f68 (0x46ad) x13 0x0000000b
core   0: 0x80009f6a (0x02d88f63) beq     a7, a3, pc + 62
core   0: 3 0x80009f6a (0x02d88f63)
core   0: 0x80009fa8 (0xffff6897) auipc   a7, 0xffff6
core   0: 3 0x80009fa8 (0xffff6897) x17 0x7fffffa8
core   0: 0x80009fac (0x05888893) addi    a7, a7, 88
core   0: 3 0x80009fac (0x05888893) x17 0x80000000
core   0: 0x80009fb0 (0x0008a023) sw      zero, 0(a7)
core   0: 3 0x80009fb0 (0x0008a023) mem 0x80000000 0x00000000
core   0: 0x80009fb4 (0x0018a223) sw      ra, 4(a7)
core   0: 3 0x80009fb4 (0x0018a223) mem 0x80000004 0xfe0028e1
core   0: 0x80009fb8 (0x0028a423) sw      sp, 8(a7)
core   0: 3 0x80009fb8 (0x0028a423) mem 0x80000008 0xfe002be8
core   0: 0x80009fbc (0x0038a623) sw      gp, 12(a7)
core   0: 3 0x80009fbc (0x0038a623) mem 0x8000000c 0x00000001
core   0: 0x80009fc0 (0x0048a823) sw      tp, 16(a7)
core   0: 3 0x80009fc0 (0x0048a823) mem 0x80000010 0x00000000
core   0: 0x80009fc4 (0x0058aa23) sw      t0, 20(a7)
core   0: 3 0x80009fc4 (0x0058aa23) mem 0x80000014 0xfffffffe
core   0: 0x80009fc8 (0x0068ac23) sw      t1, 24(a7)
core   0: 3 0x80009fc8 (0x0068ac23) mem 0x80000018 0x02ff1000
core   0: 0x80009fcc (0x0078ae23) sw      t2, 28(a7)
core   0: 3 0x80009fcc (0x0078ae23) mem 0x8000001c 0x0000061a
core   0: 0x80009fd0 (0x0288a023) sw      s0, 32(a7)
core   0: 3 0x80009fd0 (0x0288a023) mem 0x80000020 0x02ff18a5
core   0: 0x80009fd4 (0x0298a223) sw      s1, 36(a7)
core   0: 3 0x80009fd4 (0x0298a223) mem 0x80000024 0x51000000
core   0: 0x80009fd8 (0x02a8a423) sw      a0, 40(a7)
core   0: 3 0x80009fd8 (0x02a8a423) mem 0x80000028 0xffea03c8
core   0: 0x80009fdc (0x02b8a623) sw      a1, 44(a7)
core   0: 3 0x80009fdc (0x02b8a623) mem 0x8000002c 0xfd00e7bf
core   0: 0x80009fe0 (0x02c8a823) sw      a2, 48(a7)
core   0: 3 0x80009fe0 (0x02c8a823) mem 0x80000030 0x00000000
core   0: 0x80009fe4 (0x02d8aa23) sw      a3, 52(a7)
core   0: 3 0x80009fe4 (0x02d8aa23) mem 0x80000034 0x0000000b
core   0: 0x80009fe8 (0x02e8ac23) sw      a4, 56(a7)
core   0: 3 0x80009fe8 (0x02e8ac23) mem 0x80000038 0xd73a2432
core   0: 0x80009fec (0x02f8ae23) sw      a5, 60(a7)
core   0: 3 0x80009fec (0x02f8ae23) mem 0x8000003c 0x00000000
core   0: 0x80009ff0 (0x0508a023) sw      a6, 64(a7)
core   0: 3 0x80009ff0 (0x0508a023) mem 0x80000040 0x80013c60
core   0: 0x80009ff4 (0x0518a223) sw      a7, 68(a7)
core   0: 3 0x80009ff4 (0x0518a223) mem 0x80000044 0x80000000
core   0: 0x80009ff8 (0x0528a423) sw      s2, 72(a7)
core   0: 3 0x80009ff8 (0x0528a423) mem 0x80000048 0x00000000
core   0: 0x80009ffc (0x0538a623) sw      s3, 76(a7)
core   0: 3 0x80009ffc (0x0538a623) mem 0x8000004c 0x0000028b
core   0: 0x8000a000 (0x0548a823) sw      s4, 80(a7)
core   0: 3 0x8000a000 (0x0548a823) mem 0x80000050 0x8000fe64
core   0: 0x8000a004 (0x0558aa23) sw      s5, 84(a7)
core   0: 3 0x8000a004 (0x0558aa23) mem 0x80000054 0x00019000
core   0: 0x8000a008 (0x0568ac23) sw      s6, 88(a7)
core   0: 3 0x8000a008 (0x0568ac23) mem 0x80000058 0x80009480
core   0: 0x8000a00c (0x0578ae23) sw      s7, 92(a7)
core   0: 3 0x8000a00c (0x0578ae23) mem 0x8000005c 0x80013c60
core   0: 0x8000a010 (0x0788a023) sw      s8, 96(a7)
core   0: 3 0x8000a010 (0x0788a023) mem 0x80000060 0x00019205
core   0: 0x8000a014 (0x0798a223) sw      s9, 100(a7)
core   0: 3 0x8000a014 (0x0798a223) mem 0x80000064 0x00000000
core   0: 0x8000a018 (0x07a8a423) sw      s10, 104(a7)
core   0: 3 0x8000a018 (0x07a8a423) mem 0x80000068 0x00000063
core   0: 0x8000a01c (0x07b8a623) sw      s11, 108(a7)
core   0: 3 0x8000a01c (0x07b8a623) mem 0x8000006c 0x000008a5
core   0: 0x8000a020 (0x07c8a823) sw      t3, 112(a7)
core   0: 3 0x8000a020 (0x07c8a823) mem 0x80000070 0x00000000
core   0: 0x8000a024 (0x07d8aa23) sw      t4, 116(a7)
core   0: 3 0x8000a024 (0x07d8aa23) mem 0x80000074 0x00000001
core   0: 0x8000a028 (0x07e8ac23) sw      t5, 120(a7)
core   0: 3 0x8000a028 (0x07e8ac23) mem 0x80000078 0x00000007
core   0: 0x8000a02c (0x07f8ae23) sw      t6, 124(a7)
core   0: 3 0x8000a02c (0x07f8ae23) mem 0x8000007c 0x00000001
core   0: 0x8000a030 (0xfffffb17) auipc   s6, 0xfffff
core   0: 3 0x8000a030 (0xfffffb17) x22 0x80009030
core   0: 0x8000a034 (0x456b0b13) addi    s6, s6, 1110
core   0: 3 0x8000a034 (0x456b0b13) x22 0x80009486
core   0: 0x8000a038 (0x000b0067) jr      s6
core   0: 3 0x8000a038 (0x000b0067)
core   0: 0x80009486 (0x00002f17) auipc   t5, 0x2
core   0: 3 0x80009486 (0x00002f17) x30 0x8000b486
core   0: 0x8000948a (0xb63f2d23) sw      gp, -1158(t5)
core   0: 3 0x8000948a (0xb63f2d23) mem 0x8000b000 0x00000001
core   0: 0x8000948e (0x0000bfe5) c.j     pc - 8
core   0: 3 0x8000948e (0xbfe5)
core   0: 0x80009486 (0x00002f17) auipc   t5, 0x2
core   0: 3 0x80009486 (0x00002f17) x30 0x8000b486
core   0: 0x8000948a (0xb63f2d23) sw      gp, -1158(t5)
core   0: 3 0x8000948a (0xb63f2d23) mem 0x8000b000 0x00000001
core   0: 0x8000948e (0x0000bfe5) c.j     pc - 8
core   0: 3 0x8000948e (0xbfe5)
core   0: 0x80009486 (0x00002f17) auipc   t5, 0x2
core   0: 3 0x80009486 (0x00002f17) x30 0x8000b486
core   0: 0x8000948a (0xb63f2d23) sw      gp, -1158(t5)
core   0: 3 0x8000948a (0xb63f2d23) mem 0x8000b000 0x00000001
core   0: 0x8000948e (0x0000bfe5) c.j     pc - 8
core   0: 3 0x8000948e (0xbfe5)
core   0: 0x80009486 (0x00002f17) auipc   t5, 0x2
core   0: 3 0x80009486 (0x00002f17) x30 0x8000b486
core   0: 0x8000948a (0xb63f2d23) sw      gp, -1158(t5)
core   0: 3 0x8000948a (0xb63f2d23) mem 0x8000b000 0x00000001
core   0: 0x8000948e (0x0000bfe5) c.j     pc - 8
core   0: 3 0x8000948e (0xbfe5)
core   0: 0x80009486 (0x00002f17) auipc   t5, 0x2
core   0: 3 0x80009486 (0x00002f17) x30 0x8000b486
core   0: 0x8000948a (0xb63f2d23) sw      gp, -1158(t5)
core   0: 3 0x8000948a (0xb63f2d23) mem 0x8000b000 0x00000001
core   0: 0x8000948e (0x0000bfe5) c.j     pc - 8
core   0: 3 0x8000948e (0xbfe5)
core   0: 0x80009486 (0x00002f17) auipc   t5, 0x2
core   0: 3 0x80009486 (0x00002f17) x30 0x8000b486
core   0: 0x8000948a (0xb63f2d23) sw      gp, -1158(t5)
core   0: 3 0x8000948a (0xb63f2d23) mem 0x8000b000 0x00000001
core   0: 0x8000948e (0x0000bfe5) c.j     pc - 8
core   0: 3 0x8000948e (0xbfe5)
core   0: 0x80009486 (0x00002f17) auipc   t5, 0x2
core   0: 3 0x80009486 (0x00002f17) x30 0x8000b486
core   0: 0x8000948a (0xb63f2d23) sw      gp, -1158(t5)
core   0: 3 0x8000948a (0xb63f2d23) mem 0x8000b000 0x00000001
core   0: 0x8000948e (0x0000bfe5) c.j     pc - 8
core   0: 3 0x8000948e (0xbfe5)
core   0: 0x80009486 (0x00002f17) auipc   t5, 0x2
core   0: 3 0x80009486 (0x00002f17) x30 0x8000b486
core   0: 0x8000948a (0xb63f2d23) sw      gp, -1158(t5)
core   0: 3 0x8000948a (0xb63f2d23) mem 0x8000b000 0x00000001
core   0: 0x8000948e (0x0000bfe5) c.j     pc - 8
core   0: 3 0x8000948e (0xbfe5)
core   0: 0x80009486 (0x00002f17) auipc   t5, 0x2
core   0: 3 0x80009486 (0x00002f17) x30 0x8000b486
core   0: 0x8000948a (0xb63f2d23) sw      gp, -1158(t5)
core   0: 3 0x8000948a (0xb63f2d23) mem 0x8000b000 0x00000001
core   0: 0x8000948e (0x0000bfe5) c.j     pc - 8
core   0: 3 0x8000948e (0xbfe5)
core   0: 0x80009486 (0x00002f17) auipc   t5, 0x2
core   0: 3 0x80009486 (0x00002f17) x30 0x8000b486
core   0: 0x8000948a (0xb63f2d23) sw      gp, -1158(t5)
core   0: 3 0x8000948a (0xb63f2d23) mem 0x8000b000 0x00000001
core   0: 0x8000948e (0x0000bfe5) c.j     pc - 8
core   0: 3 0x8000948e (0xbfe5)
core   0: 0x80009486 (0x00002f17) auipc   t5, 0x2
core   0: 3 0x80009486 (0x00002f17) x30 0x8000b486
core   0: 0x8000948a (0xb63f2d23) sw      gp, -1158(t5)
core   0: 3 0x8000948a (0xb63f2d23) mem 0x8000b000 0x00000001
core   0: 0x8000948e (0x0000bfe5) c.j     pc - 8
core   0: 3 0x8000948e (0xbfe5)
core   0: 0x80009486 (0x00002f17) auipc   t5, 0x2
core   0: 3 0x80009486 (0x00002f17) x30 0x8000b486
core   0: 0x8000948a (0xb63f2d23) sw      gp, -1158(t5)
core   0: 3 0x8000948a (0xb63f2d23) mem 0x8000b000 0x00000001
core   0: 0x8000948e (0x0000bfe5) c.j     pc - 8
core   0: 3 0x8000948e (0xbfe5)
core   0: 0x80009486 (0x00002f17) auipc   t5, 0x2
core   0: 3 0x80009486 (0x00002f17) x30 0x8000b486
core   0: 0x8000948a (0xb63f2d23) sw      gp, -1158(t5)
core   0: 3 0x8000948a (0xb63f2d23) mem 0x8000b000 0x00000001
core   0: 0x8000948e (0x0000bfe5) c.j     pc - 8
core   0: 3 0x8000948e (0xbfe5)
core   0: 0x80009486 (0x00002f17) auipc   t5, 0x2
core   0: 3 0x80009486 (0x00002f17) x30 0x8000b486
core   0: 0x8000948a (0xb63f2d23) sw      gp, -1158(t5)
core   0: 3 0x8000948a (0xb63f2d23) mem 0x8000b000 0x00000001
core   0: 0x8000948e (0x0000bfe5) c.j     pc - 8
core   0: 3 0x8000948e (0xbfe5)
core   0: 0x80009486 (0x00002f17) auipc   t5, 0x2
core   0: 3 0x80009486 (0x00002f17) x30 0x8000b486
core   0: 0x8000948a (0xb63f2d23) sw      gp, -1158(t5)
core   0: 3 0x8000948a (0xb63f2d23) mem 0x8000b000 0x00000001
core   0: 0x8000948e (0x0000bfe5) c.j     pc - 8
core   0: 3 0x8000948e (0xbfe5)
core   0: 0x80009486 (0x00002f17) auipc   t5, 0x2
core   0: 3 0x80009486 (0x00002f17) x30 0x8000b486
core   0: 0x8000948a (0xb63f2d23) sw      gp, -1158(t5)
core   0: 3 0x8000948a (0xb63f2d23) mem 0x8000b000 0x00000001
core   0: 0x8000948e (0x0000bfe5) c.j     pc - 8
core   0: 3 0x8000948e (0xbfe5)
core   0: 0x80009486 (0x00002f17) auipc   t5, 0x2
core   0: 3 0x80009486 (0x00002f17) x30 0x8000b486
core   0: 0x8000948a (0xb63f2d23) sw      gp, -1158(t5)
core   0: 3 0x8000948a (0xb63f2d23) mem 0x8000b000 0x00000001
core   0: 0x8000948e (0x0000bfe5) c.j     pc - 8
core   0: 3 0x8000948e (0xbfe5)
core   0: 0x80009486 (0x00002f17) auipc   t5, 0x2
core   0: 3 0x80009486 (0x00002f17) x30 0x8000b486
core   0: 0x8000948a (0xb63f2d23) sw      gp, -1158(t5)
core   0: 3 0x8000948a (0xb63f2d23) mem 0x8000b000 0x00000001
core   0: 0x8000948e (0x0000bfe5) c.j     pc - 8
core   0: 3 0x8000948e (0xbfe5)
core   0: 0x80009486 (0x00002f17) auipc   t5, 0x2
core   0: 3 0x80009486 (0x00002f17) x30 0x8000b486
core   0: 0x8000948a (0xb63f2d23) sw      gp, -1158(t5)
core   0: 3 0x8000948a (0xb63f2d23) mem 0x8000b000 0x00000001
core   0: 0x8000948e (0x0000bfe5) c.j     pc - 8
core   0: 3 0x8000948e (0xbfe5)
core   0: 0x80009486 (0x00002f17) auipc   t5, 0x2
core   0: 3 0x80009486 (0x00002f17) x30 0x8000b486
core   0: 0x8000948a (0xb63f2d23) sw      gp, -1158(t5)
core   0: 3 0x8000948a (0xb63f2d23) mem 0x8000b000 0x00000001
core   0: 0x8000948e (0x0000bfe5) c.j     pc - 8
core   0: 3 0x8000948e (0xbfe5)
core   0: 0x80009486 (0x00002f17) auipc   t5, 0x2
core   0: 3 0x80009486 (0x00002f17) x30 0x8000b486
core   0: 0x8000948a (0xb63f2d23) sw      gp, -1158(t5)
core   0: 3 0x8000948a (0xb63f2d23) mem 0x8000b000 0x00000001
core   0: 0x8000948e (0x0000bfe5) c.j     pc - 8
core   0: 3 0x8000948e (0xbfe5)
core   0: 0x80009486 (0x00002f17) auipc   t5, 0x2
core   0: 3 0x80009486 (0x00002f17) x30 0x8000b486
core   0: 0x8000948a (0xb63f2d23) sw      gp, -1158(t5)
core   0: 3 0x8000948a (0xb63f2d23) mem 0x8000b000 0x00000001
core   0: 0x8000948e (0x0000bfe5) c.j     pc - 8
core   0: 3 0x8000948e (0xbfe5)
core   0: 0x80009486 (0x00002f17) auipc   t5, 0x2
core   0: 3 0x80009486 (0x00002f17) x30 0x8000b486
core   0: 0x8000948a (0xb63f2d23) sw      gp, -1158(t5)
core   0: 3 0x8000948a (0xb63f2d23) mem 0x8000b000 0x00000001
core   0: 0x8000948e (0x0000bfe5) c.j     pc - 8
core   0: 3 0x8000948e (0xbfe5)
core   0: 0x80009486 (0x00002f17) auipc   t5, 0x2
core   0: 3 0x80009486 (0x00002f17) x30 0x8000b486
core   0: 0x8000948a (0xb63f2d23) sw      gp, -1158(t5)
core   0: 3 0x8000948a (0xb63f2d23) mem 0x8000b000 0x00000001
core   0: 0x8000948e (0x0000bfe5) c.j     pc - 8
core   0: 3 0x8000948e (0xbfe5)
core   0: 0x80009486 (0x00002f17) auipc   t5, 0x2
core   0: 3 0x80009486 (0x00002f17) x30 0x8000b486
core   0: 0x8000948a (0xb63f2d23) sw      gp, -1158(t5)
core   0: 3 0x8000948a (0xb63f2d23) mem 0x8000b000 0x00000001
core   0: 0x8000948e (0x0000bfe5) c.j     pc - 8
core   0: 3 0x8000948e (0xbfe5)
core   0: 0x80009486 (0x00002f17) auipc   t5, 0x2
core   0: 3 0x80009486 (0x00002f17) x30 0x8000b486
core   0: 0x8000948a (0xb63f2d23) sw      gp, -1158(t5)
core   0: 3 0x8000948a (0xb63f2d23) mem 0x8000b000 0x00000001
core   0: 0x8000948e (0x0000bfe5) c.j     pc - 8
core   0: 3 0x8000948e (0xbfe5)
core   0: 0x80009486 (0x00002f17) auipc   t5, 0x2
core   0: 3 0x80009486 (0x00002f17) x30 0x8000b486
core   0: 0x8000948a (0xb63f2d23) sw      gp, -1158(t5)
core   0: 3 0x8000948a (0xb63f2d23) mem 0x8000b000 0x00000001
core   0: 0x8000948e (0x0000bfe5) c.j     pc - 8
core   0: 3 0x8000948e (0xbfe5)
core   0: 0x80009486 (0x00002f17) auipc   t5, 0x2
core   0: 3 0x80009486 (0x00002f17) x30 0x8000b486
core   0: 0x8000948a (0xb63f2d23) sw      gp, -1158(t5)
core   0: 3 0x8000948a (0xb63f2d23) mem 0x8000b000 0x00000001
core   0: 0x8000948e (0x0000bfe5) c.j     pc - 8
core   0: 3 0x8000948e (0xbfe5)
core   0: 0x80009486 (0x00002f17) auipc   t5, 0x2
core   0: 3 0x80009486 (0x00002f17) x30 0x8000b486
core   0: 0x8000948a (0xb63f2d23) sw      gp, -1158(t5)
core   0: 3 0x8000948a (0xb63f2d23) mem 0x8000b000 0x00000001
core   0: 0x8000948e (0x0000bfe5) c.j     pc - 8
core   0: 3 0x8000948e (0xbfe5)
core   0: 0x80009486 (0x00002f17) auipc   t5, 0x2
core   0: 3 0x80009486 (0x00002f17) x30 0x8000b486
core   0: 0x8000948a (0xb63f2d23) sw      gp, -1158(t5)
core   0: 3 0x8000948a (0xb63f2d23) mem 0x8000b000 0x00000001
core   0: 0x8000948e (0x0000bfe5) c.j     pc - 8
core   0: 3 0x8000948e (0xbfe5)
core   0: 0x80009486 (0x00002f17) auipc   t5, 0x2
core   0: 3 0x80009486 (0x00002f17) x30 0x8000b486
core   0: 0x8000948a (0xb63f2d23) sw      gp, -1158(t5)
core   0: 3 0x8000948a (0xb63f2d23) mem 0x8000b000 0x00000001
core   0: 0x8000948e (0x0000bfe5) c.j     pc - 8
core   0: 3 0x8000948e (0xbfe5)
core   0: 0x80009486 (0x00002f17) auipc   t5, 0x2
core   0: 3 0x80009486 (0x00002f17) x30 0x8000b486
core   0: 0x8000948a (0xb63f2d23) sw      gp, -1158(t5)
core   0: 3 0x8000948a (0xb63f2d23) mem 0x8000b000 0x00000001
core   0: 0x8000948e (0x0000bfe5) c.j     pc - 8
core   0: 3 0x8000948e (0xbfe5)
core   0: 0x80009486 (0x00002f17) auipc   t5, 0x2
core   0: 3 0x80009486 (0x00002f17) x30 0x8000b486
core   0: 0x8000948a (0xb63f2d23) sw      gp, -1158(t5)
core   0: 3 0x8000948a (0xb63f2d23) mem 0x8000b000 0x00000001
core   0: 0x8000948e (0x0000bfe5) c.j     pc - 8
core   0: 3 0x8000948e (0xbfe5)
core   0: 0x80009486 (0x00002f17) auipc   t5, 0x2
core   0: 3 0x80009486 (0x00002f17) x30 0x8000b486
core   0: 0x8000948a (0xb63f2d23) sw      gp, -1158(t5)
core   0: 3 0x8000948a (0xb63f2d23) mem 0x8000b000 0x00000001
core   0: 0x8000948e (0x0000bfe5) c.j     pc - 8
core   0: 3 0x8000948e (0xbfe5)
core   0: 0x80009486 (0x00002f17) auipc   t5, 0x2
core   0: 3 0x80009486 (0x00002f17) x30 0x8000b486
core   0: 0x8000948a (0xb63f2d23) sw      gp, -1158(t5)
core   0: 3 0x8000948a (0xb63f2d23) mem 0x8000b000 0x00000001
core   0: 0x8000948e (0x0000bfe5) c.j     pc - 8
core   0: 3 0x8000948e (0xbfe5)
core   0: 0x80009486 (0x00002f17) auipc   t5, 0x2
core   0: 3 0x80009486 (0x00002f17) x30 0x8000b486
core   0: 0x8000948a (0xb63f2d23) sw      gp, -1158(t5)
core   0: 3 0x8000948a (0xb63f2d23) mem 0x8000b000 0x00000001
core   0: 0x8000948e (0x0000bfe5) c.j     pc - 8
core   0: 3 0x8000948e (0xbfe5)
core   0: 0x80009486 (0x00002f17) auipc   t5, 0x2
core   0: 3 0x80009486 (0x00002f17) x30 0x8000b486
core   0: 0x8000948a (0xb63f2d23) sw      gp, -1158(t5)
core   0: 3 0x8000948a (0xb63f2d23) mem 0x8000b000 0x00000001
core   0: 0x8000948e (0x0000bfe5) c.j     pc - 8
core   0: 3 0x8000948e (0xbfe5)
core   0: 0x80009486 (0x00002f17) auipc   t5, 0x2
core   0: 3 0x80009486 (0x00002f17) x30 0x8000b486
core   0: 0x8000948a (0xb63f2d23) sw      gp, -1158(t5)
core   0: 3 0x8000948a (0xb63f2d23) mem 0x8000b000 0x00000001
core   0: 0x8000948e (0x0000bfe5) c.j     pc - 8
core   0: 3 0x8000948e (0xbfe5)
core   0: 0x80009486 (0x00002f17) auipc   t5, 0x2
core   0: 3 0x80009486 (0x00002f17) x30 0x8000b486
core   0: 0x8000948a (0xb63f2d23) sw      gp, -1158(t5)
core   0: 3 0x8000948a (0xb63f2d23) mem 0x8000b000 0x00000001
core   0: 0x8000948e (0x0000bfe5) c.j     pc - 8
core   0: 3 0x8000948e (0xbfe5)
core   0: 0x80009486 (0x00002f17) auipc   t5, 0x2
core   0: 3 0x80009486 (0x00002f17) x30 0x8000b486
core   0: 0x8000948a (0xb63f2d23) sw      gp, -1158(t5)
core   0: 3 0x8000948a (0xb63f2d23) mem 0x8000b000 0x00000001
core   0: 0x8000948e (0x0000bfe5) c.j     pc - 8
core   0: 3 0x8000948e (0xbfe5)
core   0: 0x80009486 (0x00002f17) auipc   t5, 0x2
core   0: 3 0x80009486 (0x00002f17) x30 0x8000b486
core   0: 0x8000948a (0xb63f2d23) sw      gp, -1158(t5)
core   0: 3 0x8000948a (0xb63f2d23) mem 0x8000b000 0x00000001
core   0: 0x8000948e (0x0000bfe5) c.j     pc - 8
core   0: 3 0x8000948e (0xbfe5)
core   0: 0x80009486 (0x00002f17) auipc   t5, 0x2
core   0: 3 0x80009486 (0x00002f17) x30 0x8000b486
core   0: 0x8000948a (0xb63f2d23) sw      gp, -1158(t5)
core   0: 3 0x8000948a (0xb63f2d23) mem 0x8000b000 0x00000001
core   0: 0x8000948e (0x0000bfe5) c.j     pc - 8
core   0: 3 0x8000948e (0xbfe5)
core   0: 0x80009486 (0x00002f17) auipc   t5, 0x2
core   0: 3 0x80009486 (0x00002f17) x30 0x8000b486
core   0: 0x8000948a (0xb63f2d23) sw      gp, -1158(t5)
core   0: 3 0x8000948a (0xb63f2d23) mem 0x8000b000 0x00000001
core   0: 0x8000948e (0x0000bfe5) c.j     pc - 8
core   0: 3 0x8000948e (0xbfe5)
core   0: 0x80009486 (0x00002f17) auipc   t5, 0x2
core   0: 3 0x80009486 (0x00002f17) x30 0x8000b486
core   0: 0x8000948a (0xb63f2d23) sw      gp, -1158(t5)
core   0: 3 0x8000948a (0xb63f2d23) mem 0x8000b000 0x00000001
core   0: 0x8000948e (0x0000bfe5) c.j     pc - 8
core   0: 3 0x8000948e (0xbfe5)
core   0: 0x80009486 (0x00002f17) auipc   t5, 0x2
core   0: 3 0x80009486 (0x00002f17) x30 0x8000b486
core   0: 0x8000948a (0xb63f2d23) sw      gp, -1158(t5)
core   0: 3 0x8000948a (0xb63f2d23) mem 0x8000b000 0x00000001
core   0: 0x8000948e (0x0000bfe5) c.j     pc - 8
core   0: 3 0x8000948e (0xbfe5)
core   0: 0x80009486 (0x00002f17) auipc   t5, 0x2
core   0: 3 0x80009486 (0x00002f17) x30 0x8000b486
core   0: 0x8000948a (0xb63f2d23) sw      gp, -1158(t5)
core   0: 3 0x8000948a (0xb63f2d23) mem 0x8000b000 0x00000001
core   0: 0x8000948e (0x0000bfe5) c.j     pc - 8
core   0: 3 0x8000948e (0xbfe5)
core   0: 0x80009486 (0x00002f17) auipc   t5, 0x2
core   0: 3 0x80009486 (0x00002f17) x30 0x8000b486
core   0: 0x8000948a (0xb63f2d23) sw      gp, -1158(t5)
core   0: 3 0x8000948a (0xb63f2d23) mem 0x8000b000 0x00000001
core   0: 0x8000948e (0x0000bfe5) c.j     pc - 8
core   0: 3 0x8000948e (0xbfe5)
core   0: 0x80009486 (0x00002f17) auipc   t5, 0x2
core   0: 3 0x80009486 (0x00002f17) x30 0x8000b486
core   0: 0x8000948a (0xb63f2d23) sw      gp, -1158(t5)
core   0: 3 0x8000948a (0xb63f2d23) mem 0x8000b000 0x00000001
core   0: 0x8000948e (0x0000bfe5) c.j     pc - 8
core   0: 3 0x8000948e (0xbfe5)
core   0: 0x80009486 (0x00002f17) auipc   t5, 0x2
core   0: 3 0x80009486 (0x00002f17) x30 0x8000b486
core   0: 0x8000948a (0xb63f2d23) sw      gp, -1158(t5)
core   0: 3 0x8000948a (0xb63f2d23) mem 0x8000b000 0x00000001
core   0: 0x8000948e (0x0000bfe5) c.j     pc - 8
core   0: 3 0x8000948e (0xbfe5)
core   0: 0x80009486 (0x00002f17) auipc   t5, 0x2
core   0: 3 0x80009486 (0x00002f17) x30 0x8000b486
core   0: 0x8000948a (0xb63f2d23) sw      gp, -1158(t5)
core   0: 3 0x8000948a (0xb63f2d23) mem 0x8000b000 0x00000001
core   0: 0x8000948e (0x0000bfe5) c.j     pc - 8
core   0: 3 0x8000948e (0xbfe5)
core   0: 0x80009486 (0x00002f17) auipc   t5, 0x2
core   0: 3 0x80009486 (0x00002f17) x30 0x8000b486
core   0: 0x8000948a (0xb63f2d23) sw      gp, -1158(t5)
core   0: 3 0x8000948a (0xb63f2d23) mem 0x8000b000 0x00000001
core   0: 0x8000948e (0x0000bfe5) c.j     pc - 8
core   0: 3 0x8000948e (0xbfe5)
core   0: 0x80009486 (0x00002f17) auipc   t5, 0x2
core   0: 3 0x80009486 (0x00002f17) x30 0x8000b486
core   0: 0x8000948a (0xb63f2d23) sw      gp, -1158(t5)
core   0: 3 0x8000948a (0xb63f2d23) mem 0x8000b000 0x00000001
core   0: 0x8000948e (0x0000bfe5) c.j     pc - 8
core   0: 3 0x8000948e (0xbfe5)
core   0: 0x80009486 (0x00002f17) auipc   t5, 0x2
core   0: 3 0x80009486 (0x00002f17) x30 0x8000b486
core   0: 0x8000948a (0xb63f2d23) sw      gp, -1158(t5)
core   0: 3 0x8000948a (0xb63f2d23) mem 0x8000b000 0x00000001
core   0: 0x8000948e (0x0000bfe5) c.j     pc - 8
core   0: 3 0x8000948e (0xbfe5)
core   0: 0x80009486 (0x00002f17) auipc   t5, 0x2
core   0: 3 0x80009486 (0x00002f17) x30 0x8000b486
core   0: 0x8000948a (0xb63f2d23) sw      gp, -1158(t5)
core   0: 3 0x8000948a (0xb63f2d23) mem 0x8000b000 0x00000001
core   0: 0x8000948e (0x0000bfe5) c.j     pc - 8
core   0: 3 0x8000948e (0xbfe5)
core   0: 0x80009486 (0x00002f17) auipc   t5, 0x2
core   0: 3 0x80009486 (0x00002f17) x30 0x8000b486
core   0: 0x8000948a (0xb63f2d23) sw      gp, -1158(t5)
core   0: 3 0x8000948a (0xb63f2d23) mem 0x8000b000 0x00000001
core   0: 0x8000948e (0x0000bfe5) c.j     pc - 8
core   0: 3 0x8000948e (0xbfe5)
core   0: 0x80009486 (0x00002f17) auipc   t5, 0x2
core   0: 3 0x80009486 (0x00002f17) x30 0x8000b486
core   0: 0x8000948a (0xb63f2d23) sw      gp, -1158(t5)
core   0: 3 0x8000948a (0xb63f2d23) mem 0x8000b000 0x00000001
core   0: 0x8000948e (0x0000bfe5) c.j     pc - 8
core   0: 3 0x8000948e (0xbfe5)
core   0: 0x80009486 (0x00002f17) auipc   t5, 0x2
core   0: 3 0x80009486 (0x00002f17) x30 0x8000b486
core   0: 0x8000948a (0xb63f2d23) sw      gp, -1158(t5)
core   0: 3 0x8000948a (0xb63f2d23) mem 0x8000b000 0x00000001
core   0: 0x8000948e (0x0000bfe5) c.j     pc - 8
core   0: 3 0x8000948e (0xbfe5)
core   0: 0x80009486 (0x00002f17) auipc   t5, 0x2
core   0: 3 0x80009486 (0x00002f17) x30 0x8000b486
core   0: 0x8000948a (0xb63f2d23) sw      gp, -1158(t5)
core   0: 3 0x8000948a (0xb63f2d23) mem 0x8000b000 0x00000001
core   0: 0x8000948e (0x0000bfe5) c.j     pc - 8
core   0: 3 0x8000948e (0xbfe5)
core   0: 0x80009486 (0x00002f17) auipc   t5, 0x2
core   0: 3 0x80009486 (0x00002f17) x30 0x8000b486
core   0: 0x8000948a (0xb63f2d23) sw      gp, -1158(t5)
core   0: 3 0x8000948a (0xb63f2d23) mem 0x8000b000 0x00000001
core   0: 0x8000948e (0x0000bfe5) c.j     pc - 8
core   0: 3 0x8000948e (0xbfe5)
core   0: 0x80009486 (0x00002f17) auipc   t5, 0x2
core   0: 3 0x80009486 (0x00002f17) x30 0x8000b486
core   0: 0x8000948a (0xb63f2d23) sw      gp, -1158(t5)
core   0: 3 0x8000948a (0xb63f2d23) mem 0x8000b000 0x00000001
core   0: 0x8000948e (0x0000bfe5) c.j     pc - 8
core   0: 3 0x8000948e (0xbfe5)
core   0: 0x80009486 (0x00002f17) auipc   t5, 0x2
core   0: 3 0x80009486 (0x00002f17) x30 0x8000b486
core   0: 0x8000948a (0xb63f2d23) sw      gp, -1158(t5)
core   0: 3 0x8000948a (0xb63f2d23) mem 0x8000b000 0x00000001
core   0: 0x8000948e (0x0000bfe5) c.j     pc - 8
core   0: 3 0x8000948e (0xbfe5)
core   0: 0x80009486 (0x00002f17) auipc   t5, 0x2
core   0: 3 0x80009486 (0x00002f17) x30 0x8000b486
core   0: 0x8000948a (0xb63f2d23) sw      gp, -1158(t5)
core   0: 3 0x8000948a (0xb63f2d23) mem 0x8000b000 0x00000001
core   0: 0x8000948e (0x0000bfe5) c.j     pc - 8
core   0: 3 0x8000948e (0xbfe5)
core   0: 0x80009486 (0x00002f17) auipc   t5, 0x2
core   0: 3 0x80009486 (0x00002f17) x30 0x8000b486
core   0: 0x8000948a (0xb63f2d23) sw      gp, -1158(t5)
core   0: 3 0x8000948a (0xb63f2d23) mem 0x8000b000 0x00000001
core   0: 0x8000948e (0x0000bfe5) c.j     pc - 8
core   0: 3 0x8000948e (0xbfe5)
core   0: 0x80009486 (0x00002f17) auipc   t5, 0x2
core   0: 3 0x80009486 (0x00002f17) x30 0x8000b486
core   0: 0x8000948a (0xb63f2d23) sw      gp, -1158(t5)
core   0: 3 0x8000948a (0xb63f2d23) mem 0x8000b000 0x00000001
core   0: 0x8000948e (0x0000bfe5) c.j     pc - 8
core   0: 3 0x8000948e (0xbfe5)
core   0: 0x80009486 (0x00002f17) auipc   t5, 0x2
core   0: 3 0x80009486 (0x00002f17) x30 0x8000b486
core   0: 0x8000948a (0xb63f2d23) sw      gp, -1158(t5)
core   0: 3 0x8000948a (0xb63f2d23) mem 0x8000b000 0x00000001
core   0: 0x8000948e (0x0000bfe5) c.j     pc - 8
core   0: 3 0x8000948e (0xbfe5)
core   0: 0x80009486 (0x00002f17) auipc   t5, 0x2
core   0: 3 0x80009486 (0x00002f17) x30 0x8000b486
core   0: 0x8000948a (0xb63f2d23) sw      gp, -1158(t5)
core   0: 3 0x8000948a (0xb63f2d23) mem 0x8000b000 0x00000001
core   0: 0x8000948e (0x0000bfe5) c.j     pc - 8
core   0: 3 0x8000948e (0xbfe5)
core   0: 0x80009486 (0x00002f17) auipc   t5, 0x2
core   0: 3 0x80009486 (0x00002f17) x30 0x8000b486
core   0: 0x8000948a (0xb63f2d23) sw      gp, -1158(t5)
core   0: 3 0x8000948a (0xb63f2d23) mem 0x8000b000 0x00000001
core   0: 0x8000948e (0x0000bfe5) c.j     pc - 8
core   0: 3 0x8000948e (0xbfe5)
core   0: 0x80009486 (0x00002f17) auipc   t5, 0x2
core   0: 3 0x80009486 (0x00002f17) x30 0x8000b486
core   0: 0x8000948a (0xb63f2d23) sw      gp, -1158(t5)
core   0: 3 0x8000948a (0xb63f2d23) mem 0x8000b000 0x00000001
core   0: 0x8000948e (0x0000bfe5) c.j     pc - 8
core   0: 3 0x8000948e (0xbfe5)
core   0: 0x80009486 (0x00002f17) auipc   t5, 0x2
core   0: 3 0x80009486 (0x00002f17) x30 0x8000b486
core   0: 0x8000948a (0xb63f2d23) sw      gp, -1158(t5)
core   0: 3 0x8000948a (0xb63f2d23) mem 0x8000b000 0x00000001
core   0: 0x8000948e (0x0000bfe5) c.j     pc - 8
core   0: 3 0x8000948e (0xbfe5)
core   0: 0x80009486 (0x00002f17) auipc   t5, 0x2
core   0: 3 0x80009486 (0x00002f17) x30 0x8000b486
core   0: 0x8000948a (0xb63f2d23) sw      gp, -1158(t5)
core   0: 3 0x8000948a (0xb63f2d23) mem 0x8000b000 0x00000001
core   0: 0x8000948e (0x0000bfe5) c.j     pc - 8
core   0: 3 0x8000948e (0xbfe5)
core   0: 0x80009486 (0x00002f17) auipc   t5, 0x2
core   0: 3 0x80009486 (0x00002f17) x30 0x8000b486
core   0: 0x8000948a (0xb63f2d23) sw      gp, -1158(t5)
core   0: 3 0x8000948a (0xb63f2d23) mem 0x8000b000 0x00000001
core   0: 0x8000948e (0x0000bfe5) c.j     pc - 8
core   0: 3 0x8000948e (0xbfe5)
core   0: 0x80009486 (0x00002f17) auipc   t5, 0x2
core   0: 3 0x80009486 (0x00002f17) x30 0x8000b486
core   0: 0x8000948a (0xb63f2d23) sw      gp, -1158(t5)
core   0: 3 0x8000948a (0xb63f2d23) mem 0x8000b000 0x00000001
core   0: 0x8000948e (0x0000bfe5) c.j     pc - 8
core   0: 3 0x8000948e (0xbfe5)
core   0: 0x80009486 (0x00002f17) auipc   t5, 0x2
core   0: 3 0x80009486 (0x00002f17) x30 0x8000b486
core   0: 0x8000948a (0xb63f2d23) sw      gp, -1158(t5)
core   0: 3 0x8000948a (0xb63f2d23) mem 0x8000b000 0x00000001
core   0: 0x8000948e (0x0000bfe5) c.j     pc - 8
core   0: 3 0x8000948e (0xbfe5)
core   0: 0x80009486 (0x00002f17) auipc   t5, 0x2
core   0: 3 0x80009486 (0x00002f17) x30 0x8000b486
core   0: 0x8000948a (0xb63f2d23) sw      gp, -1158(t5)
core   0: 3 0x8000948a (0xb63f2d23) mem 0x8000b000 0x00000001
core   0: 0x8000948e (0x0000bfe5) c.j     pc - 8
core   0: 3 0x8000948e (0xbfe5)
core   0: 0x80009486 (0x00002f17) auipc   t5, 0x2
core   0: 3 0x80009486 (0x00002f17) x30 0x8000b486
core   0: 0x8000948a (0xb63f2d23) sw      gp, -1158(t5)
core   0: 3 0x8000948a (0xb63f2d23) mem 0x8000b000 0x00000001
core   0: 0x8000948e (0x0000bfe5) c.j     pc - 8
core   0: 3 0x8000948e (0xbfe5)
core   0: 0x80009486 (0x00002f17) auipc   t5, 0x2
core   0: 3 0x80009486 (0x00002f17) x30 0x8000b486
core   0: 0x8000948a (0xb63f2d23) sw      gp, -1158(t5)
core   0: 3 0x8000948a (0xb63f2d23) mem 0x8000b000 0x00000001
core   0: 0x8000948e (0x0000bfe5) c.j     pc - 8
core   0: 3 0x8000948e (0xbfe5)
core   0: 0x80009486 (0x00002f17) auipc   t5, 0x2
core   0: 3 0x80009486 (0x00002f17) x30 0x8000b486
core   0: 0x8000948a (0xb63f2d23) sw      gp, -1158(t5)
core   0: 3 0x8000948a (0xb63f2d23) mem 0x8000b000 0x00000001
core   0: 0x8000948e (0x0000bfe5) c.j     pc - 8
core   0: 3 0x8000948e (0xbfe5)
core   0: 0x80009486 (0x00002f17) auipc   t5, 0x2
core   0: 3 0x80009486 (0x00002f17) x30 0x8000b486
core   0: 0x8000948a (0xb63f2d23) sw      gp, -1158(t5)
core   0: 3 0x8000948a (0xb63f2d23) mem 0x8000b000 0x00000001
core   0: 0x8000948e (0x0000bfe5) c.j     pc - 8
core   0: 3 0x8000948e (0xbfe5)
core   0: 0x80009486 (0x00002f17) auipc   t5, 0x2
core   0: 3 0x80009486 (0x00002f17) x30 0x8000b486
core   0: 0x8000948a (0xb63f2d23) sw      gp, -1158(t5)
core   0: 3 0x8000948a (0xb63f2d23) mem 0x8000b000 0x00000001
core   0: 0x8000948e (0x0000bfe5) c.j     pc - 8
core   0: 3 0x8000948e (0xbfe5)
core   0: 0x80009486 (0x00002f17) auipc   t5, 0x2
core   0: 3 0x80009486 (0x00002f17) x30 0x8000b486
core   0: 0x8000948a (0xb63f2d23) sw      gp, -1158(t5)
core   0: 3 0x8000948a (0xb63f2d23) mem 0x8000b000 0x00000001
core   0: 0x8000948e (0x0000bfe5) c.j     pc - 8
core   0: 3 0x8000948e (0xbfe5)
core   0: 0x80009486 (0x00002f17) auipc   t5, 0x2
core   0: 3 0x80009486 (0x00002f17) x30 0x8000b486
core   0: 0x8000948a (0xb63f2d23) sw      gp, -1158(t5)
core   0: 3 0x8000948a (0xb63f2d23) mem 0x8000b000 0x00000001
core   0: 0x8000948e (0x0000bfe5) c.j     pc - 8
core   0: 3 0x8000948e (0xbfe5)
core   0: 0x80009486 (0x00002f17) auipc   t5, 0x2
core   0: 3 0x80009486 (0x00002f17) x30 0x8000b486
core   0: 0x8000948a (0xb63f2d23) sw      gp, -1158(t5)
core   0: 3 0x8000948a (0xb63f2d23) mem 0x8000b000 0x00000001
core   0: 0x8000948e (0x0000bfe5) c.j     pc - 8
core   0: 3 0x8000948e (0xbfe5)
core   0: 0x80009486 (0x00002f17) auipc   t5, 0x2
core   0: 3 0x80009486 (0x00002f17) x30 0x8000b486
core   0: 0x8000948a (0xb63f2d23) sw      gp, -1158(t5)
core   0: 3 0x8000948a (0xb63f2d23) mem 0x8000b000 0x00000001
core   0: 0x8000948e (0x0000bfe5) c.j     pc - 8
core   0: 3 0x8000948e (0xbfe5)
core   0: 0x80009486 (0x00002f17) auipc   t5, 0x2
core   0: 3 0x80009486 (0x00002f17) x30 0x8000b486
core   0: 0x8000948a (0xb63f2d23) sw      gp, -1158(t5)
core   0: 3 0x8000948a (0xb63f2d23) mem 0x8000b000 0x00000001
core   0: 0x8000948e (0x0000bfe5) c.j     pc - 8
core   0: 3 0x8000948e (0xbfe5)
core   0: 0x80009486 (0x00002f17) auipc   t5, 0x2
core   0: 3 0x80009486 (0x00002f17) x30 0x8000b486
core   0: 0x8000948a (0xb63f2d23) sw      gp, -1158(t5)
core   0: 3 0x8000948a (0xb63f2d23) mem 0x8000b000 0x00000001
core   0: 0x8000948e (0x0000bfe5) c.j     pc - 8
core   0: 3 0x8000948e (0xbfe5)
core   0: 0x80009486 (0x00002f17) auipc   t5, 0x2
core   0: 3 0x80009486 (0x00002f17) x30 0x8000b486
core   0: 0x8000948a (0xb63f2d23) sw      gp, -1158(t5)
core   0: 3 0x8000948a (0xb63f2d23) mem 0x8000b000 0x00000001
core   0: 0x8000948e (0x0000bfe5) c.j     pc - 8
core   0: 3 0x8000948e (0xbfe5)
core   0: 0x80009486 (0x00002f17) auipc   t5, 0x2
core   0: 3 0x80009486 (0x00002f17) x30 0x8000b486
core   0: 0x8000948a (0xb63f2d23) sw      gp, -1158(t5)
core   0: 3 0x8000948a (0xb63f2d23) mem 0x8000b000 0x00000001
core   0: 0x8000948e (0x0000bfe5) c.j     pc - 8
core   0: 3 0x8000948e (0xbfe5)
core   0: 0x80009486 (0x00002f17) auipc   t5, 0x2
core   0: 3 0x80009486 (0x00002f17) x30 0x8000b486
core   0: 0x8000948a (0xb63f2d23) sw      gp, -1158(t5)
core   0: 3 0x8000948a (0xb63f2d23) mem 0x8000b000 0x00000001
core   0: 0x8000948e (0x0000bfe5) c.j     pc - 8
core   0: 3 0x8000948e (0xbfe5)
core   0: 0x80009486 (0x00002f17) auipc   t5, 0x2
core   0: 3 0x80009486 (0x00002f17) x30 0x8000b486
core   0: 0x8000948a (0xb63f2d23) sw      gp, -1158(t5)
core   0: 3 0x8000948a (0xb63f2d23) mem 0x8000b000 0x00000001
core   0: 0x8000948e (0x0000bfe5) c.j     pc - 8
core   0: 3 0x8000948e (0xbfe5)
core   0: 0x80009486 (0x00002f17) auipc   t5, 0x2
core   0: 3 0x80009486 (0x00002f17) x30 0x8000b486
core   0: 0x8000948a (0xb63f2d23) sw      gp, -1158(t5)
core   0: 3 0x8000948a (0xb63f2d23) mem 0x8000b000 0x00000001
core   0: 0x8000948e (0x0000bfe5) c.j     pc - 8
core   0: 3 0x8000948e (0xbfe5)
core   0: 0x80009486 (0x00002f17) auipc   t5, 0x2
core   0: 3 0x80009486 (0x00002f17) x30 0x8000b486
core   0: 0x8000948a (0xb63f2d23) sw      gp, -1158(t5)
core   0: 3 0x8000948a (0xb63f2d23) mem 0x8000b000 0x00000001
core   0: 0x8000948e (0x0000bfe5) c.j     pc - 8
core   0: 3 0x8000948e (0xbfe5)
core   0: 0x80009486 (0x00002f17) auipc   t5, 0x2
core   0: 3 0x80009486 (0x00002f17) x30 0x8000b486
core   0: 0x8000948a (0xb63f2d23) sw      gp, -1158(t5)
core   0: 3 0x8000948a (0xb63f2d23) mem 0x8000b000 0x00000001
core   0: 0x8000948e (0x0000bfe5) c.j     pc - 8
core   0: 3 0x8000948e (0xbfe5)
core   0: 0x80009486 (0x00002f17) auipc   t5, 0x2
core   0: 3 0x80009486 (0x00002f17) x30 0x8000b486
core   0: 0x8000948a (0xb63f2d23) sw      gp, -1158(t5)
core   0: 3 0x8000948a (0xb63f2d23) mem 0x8000b000 0x00000001
core   0: 0x8000948e (0x0000bfe5) c.j     pc - 8
core   0: 3 0x8000948e (0xbfe5)
core   0: 0x80009486 (0x00002f17) auipc   t5, 0x2
core   0: 3 0x80009486 (0x00002f17) x30 0x8000b486
core   0: 0x8000948a (0xb63f2d23) sw      gp, -1158(t5)
core   0: 3 0x8000948a (0xb63f2d23) mem 0x8000b000 0x00000001
core   0: 0x8000948e (0x0000bfe5) c.j     pc - 8
core   0: 3 0x8000948e (0xbfe5)
core   0: 0x80009486 (0x00002f17) auipc   t5, 0x2
core   0: 3 0x80009486 (0x00002f17) x30 0x8000b486
core   0: 0x8000948a (0xb63f2d23) sw      gp, -1158(t5)
core   0: 3 0x8000948a (0xb63f2d23) mem 0x8000b000 0x00000001
core   0: 0x8000948e (0x0000bfe5) c.j     pc - 8
core   0: 3 0x8000948e (0xbfe5)
core   0: 0x80009486 (0x00002f17) auipc   t5, 0x2
core   0: 3 0x80009486 (0x00002f17) x30 0x8000b486
core   0: 0x8000948a (0xb63f2d23) sw      gp, -1158(t5)
core   0: 3 0x8000948a (0xb63f2d23) mem 0x8000b000 0x00000001
core   0: 0x8000948e (0x0000bfe5) c.j     pc - 8
core   0: 3 0x8000948e (0xbfe5)
core   0: 0x80009486 (0x00002f17) auipc   t5, 0x2
core   0: 3 0x80009486 (0x00002f17) x30 0x8000b486
core   0: 0x8000948a (0xb63f2d23) sw      gp, -1158(t5)
core   0: 3 0x8000948a (0xb63f2d23) mem 0x8000b000 0x00000001
core   0: 0x8000948e (0x0000bfe5) c.j     pc - 8
core   0: 3 0x8000948e (0xbfe5)
core   0: 0x80009486 (0x00002f17) auipc   t5, 0x2
core   0: 3 0x80009486 (0x00002f17) x30 0x8000b486
core   0: 0x8000948a (0xb63f2d23) sw      gp, -1158(t5)
core   0: 3 0x8000948a (0xb63f2d23) mem 0x8000b000 0x00000001
core   0: 0x8000948e (0x0000bfe5) c.j     pc - 8
core   0: 3 0x8000948e (0xbfe5)
core   0: 0x80009486 (0x00002f17) auipc   t5, 0x2
core   0: 3 0x80009486 (0x00002f17) x30 0x8000b486
core   0: 0x8000948a (0xb63f2d23) sw      gp, -1158(t5)
core   0: 3 0x8000948a (0xb63f2d23) mem 0x8000b000 0x00000001
core   0: 0x8000948e (0x0000bfe5) c.j     pc - 8
core   0: 3 0x8000948e (0xbfe5)
core   0: 0x80009486 (0x00002f17) auipc   t5, 0x2
core   0: 3 0x80009486 (0x00002f17) x30 0x8000b486
core   0: 0x8000948a (0xb63f2d23) sw      gp, -1158(t5)
core   0: 3 0x8000948a (0xb63f2d23) mem 0x8000b000 0x00000001
core   0: 0x8000948e (0x0000bfe5) c.j     pc - 8
core   0: 3 0x8000948e (0xbfe5)
core   0: 0x80009486 (0x00002f17) auipc   t5, 0x2
core   0: 3 0x80009486 (0x00002f17) x30 0x8000b486
core   0: 0x8000948a (0xb63f2d23) sw      gp, -1158(t5)
core   0: 3 0x8000948a (0xb63f2d23) mem 0x8000b000 0x00000001
core   0: 0x8000948e (0x0000bfe5) c.j     pc - 8
core   0: 3 0x8000948e (0xbfe5)
core   0: 0x80009486 (0x00002f17) auipc   t5, 0x2
core   0: 3 0x80009486 (0x00002f17) x30 0x8000b486
core   0: 0x8000948a (0xb63f2d23) sw      gp, -1158(t5)
core   0: 3 0x8000948a (0xb63f2d23) mem 0x8000b000 0x00000001
core   0: 0x8000948e (0x0000bfe5) c.j     pc - 8
core   0: 3 0x8000948e (0xbfe5)
core   0: 0x80009486 (0x00002f17) auipc   t5, 0x2
core   0: 3 0x80009486 (0x00002f17) x30 0x8000b486
core   0: 0x8000948a (0xb63f2d23) sw      gp, -1158(t5)
core   0: 3 0x8000948a (0xb63f2d23) mem 0x8000b000 0x00000001
core   0: 0x8000948e (0x0000bfe5) c.j     pc - 8
core   0: 3 0x8000948e (0xbfe5)
core   0: 0x80009486 (0x00002f17) auipc   t5, 0x2
core   0: 3 0x80009486 (0x00002f17) x30 0x8000b486
core   0: 0x8000948a (0xb63f2d23) sw      gp, -1158(t5)
core   0: 3 0x8000948a (0xb63f2d23) mem 0x8000b000 0x00000001
core   0: 0x8000948e (0x0000bfe5) c.j     pc - 8
core   0: 3 0x8000948e (0xbfe5)
core   0: 0x80009486 (0x00002f17) auipc   t5, 0x2
core   0: 3 0x80009486 (0x00002f17) x30 0x8000b486
core   0: 0x8000948a (0xb63f2d23) sw      gp, -1158(t5)
core   0: 3 0x8000948a (0xb63f2d23) mem 0x8000b000 0x00000001
core   0: 0x8000948e (0x0000bfe5) c.j     pc - 8
core   0: 3 0x8000948e (0xbfe5)
core   0: 0x80009486 (0x00002f17) auipc   t5, 0x2
core   0: 3 0x80009486 (0x00002f17) x30 0x8000b486
core   0: 0x8000948a (0xb63f2d23) sw      gp, -1158(t5)
core   0: 3 0x8000948a (0xb63f2d23) mem 0x8000b000 0x00000001
core   0: 0x8000948e (0x0000bfe5) c.j     pc - 8
core   0: 3 0x8000948e (0xbfe5)
core   0: 0x80009486 (0x00002f17) auipc   t5, 0x2
core   0: 3 0x80009486 (0x00002f17) x30 0x8000b486
core   0: 0x8000948a (0xb63f2d23) sw      gp, -1158(t5)
core   0: 3 0x8000948a (0xb63f2d23) mem 0x8000b000 0x00000001
core   0: 0x8000948e (0x0000bfe5) c.j     pc - 8
core   0: 3 0x8000948e (0xbfe5)
core   0: 0x80009486 (0x00002f17) auipc   t5, 0x2
core   0: 3 0x80009486 (0x00002f17) x30 0x8000b486
core   0: 0x8000948a (0xb63f2d23) sw      gp, -1158(t5)
core   0: 3 0x8000948a (0xb63f2d23) mem 0x8000b000 0x00000001
core   0: 0x8000948e (0x0000bfe5) c.j     pc - 8
core   0: 3 0x8000948e (0xbfe5)
core   0: 0x80009486 (0x00002f17) auipc   t5, 0x2
core   0: 3 0x80009486 (0x00002f17) x30 0x8000b486
core   0: 0x8000948a (0xb63f2d23) sw      gp, -1158(t5)
core   0: 3 0x8000948a (0xb63f2d23) mem 0x8000b000 0x00000001
core   0: 0x8000948e (0x0000bfe5) c.j     pc - 8
core   0: 3 0x8000948e (0xbfe5)
core   0: 0x80009486 (0x00002f17) auipc   t5, 0x2
core   0: 3 0x80009486 (0x00002f17) x30 0x8000b486
core   0: 0x8000948a (0xb63f2d23) sw      gp, -1158(t5)
core   0: 3 0x8000948a (0xb63f2d23) mem 0x8000b000 0x00000001
core   0: 0x8000948e (0x0000bfe5) c.j     pc - 8
core   0: 3 0x8000948e (0xbfe5)
core   0: 0x80009486 (0x00002f17) auipc   t5, 0x2
core   0: 3 0x80009486 (0x00002f17) x30 0x8000b486
core   0: 0x8000948a (0xb63f2d23) sw      gp, -1158(t5)
core   0: 3 0x8000948a (0xb63f2d23) mem 0x8000b000 0x00000001
core   0: 0x8000948e (0x0000bfe5) c.j     pc - 8
core   0: 3 0x8000948e (0xbfe5)
core   0: 0x80009486 (0x00002f17) auipc   t5, 0x2
core   0: 3 0x80009486 (0x00002f17) x30 0x8000b486
core   0: 0x8000948a (0xb63f2d23) sw      gp, -1158(t5)
core   0: 3 0x8000948a (0xb63f2d23) mem 0x8000b000 0x00000001
core   0: 0x8000948e (0x0000bfe5) c.j     pc - 8
core   0: 3 0x8000948e (0xbfe5)
core   0: 0x80009486 (0x00002f17) auipc   t5, 0x2
core   0: 3 0x80009486 (0x00002f17) x30 0x8000b486
core   0: 0x8000948a (0xb63f2d23) sw      gp, -1158(t5)
core   0: 3 0x8000948a (0xb63f2d23) mem 0x8000b000 0x00000001
core   0: 0x8000948e (0x0000bfe5) c.j     pc - 8
core   0: 3 0x8000948e (0xbfe5)
core   0: 0x80009486 (0x00002f17) auipc   t5, 0x2
core   0: 3 0x80009486 (0x00002f17) x30 0x8000b486
core   0: 0x8000948a (0xb63f2d23) sw      gp, -1158(t5)
core   0: 3 0x8000948a (0xb63f2d23) mem 0x8000b000 0x00000001
core   0: 0x8000948e (0x0000bfe5) c.j     pc - 8
core   0: 3 0x8000948e (0xbfe5)
core   0: 0x80009486 (0x00002f17) auipc   t5, 0x2
core   0: 3 0x80009486 (0x00002f17) x30 0x8000b486
core   0: 0x8000948a (0xb63f2d23) sw      gp, -1158(t5)
core   0: 3 0x8000948a (0xb63f2d23) mem 0x8000b000 0x00000001
core   0: 0x8000948e (0x0000bfe5) c.j     pc - 8
core   0: 3 0x8000948e (0xbfe5)
core   0: 0x80009486 (0x00002f17) auipc   t5, 0x2
core   0: 3 0x80009486 (0x00002f17) x30 0x8000b486
core   0: 0x8000948a (0xb63f2d23) sw      gp, -1158(t5)
core   0: 3 0x8000948a (0xb63f2d23) mem 0x8000b000 0x00000001
core   0: 0x8000948e (0x0000bfe5) c.j     pc - 8
core   0: 3 0x8000948e (0xbfe5)
core   0: 0x80009486 (0x00002f17) auipc   t5, 0x2
core   0: 3 0x80009486 (0x00002f17) x30 0x8000b486
core   0: 0x8000948a (0xb63f2d23) sw      gp, -1158(t5)
core   0: 3 0x8000948a (0xb63f2d23) mem 0x8000b000 0x00000001
core   0: 0x8000948e (0x0000bfe5) c.j     pc - 8
core   0: 3 0x8000948e (0xbfe5)
core   0: 0x80009486 (0x00002f17) auipc   t5, 0x2
core   0: 3 0x80009486 (0x00002f17) x30 0x8000b486
core   0: 0x8000948a (0xb63f2d23) sw      gp, -1158(t5)
core   0: 3 0x8000948a (0xb63f2d23) mem 0x8000b000 0x00000001
core   0: 0x8000948e (0x0000bfe5) c.j     pc - 8
core   0: 3 0x8000948e (0xbfe5)
core   0: 0x80009486 (0x00002f17) auipc   t5, 0x2
core   0: 3 0x80009486 (0x00002f17) x30 0x8000b486
core   0: 0x8000948a (0xb63f2d23) sw      gp, -1158(t5)
core   0: 3 0x8000948a (0xb63f2d23) mem 0x8000b000 0x00000001
core   0: 0x8000948e (0x0000bfe5) c.j     pc - 8
core   0: 3 0x8000948e (0xbfe5)
core   0: 0x80009486 (0x00002f17) auipc   t5, 0x2
core   0: 3 0x80009486 (0x00002f17) x30 0x8000b486
core   0: 0x8000948a (0xb63f2d23) sw      gp, -1158(t5)
core   0: 3 0x8000948a (0xb63f2d23) mem 0x8000b000 0x00000001
core   0: 0x8000948e (0x0000bfe5) c.j     pc - 8
core   0: 3 0x8000948e (0xbfe5)
core   0: 0x80009486 (0x00002f17) auipc   t5, 0x2
core   0: 3 0x80009486 (0x00002f17) x30 0x8000b486
core   0: 0x8000948a (0xb63f2d23) sw      gp, -1158(t5)
core   0: 3 0x8000948a (0xb63f2d23) mem 0x8000b000 0x00000001
core   0: 0x8000948e (0x0000bfe5) c.j     pc - 8
core   0: 3 0x8000948e (0xbfe5)
core   0: 0x80009486 (0x00002f17) auipc   t5, 0x2
core   0: 3 0x80009486 (0x00002f17) x30 0x8000b486
core   0: 0x8000948a (0xb63f2d23) sw      gp, -1158(t5)
core   0: 3 0x8000948a (0xb63f2d23) mem 0x8000b000 0x00000001
core   0: 0x8000948e (0x0000bfe5) c.j     pc - 8
core   0: 3 0x8000948e (0xbfe5)
core   0: 0x80009486 (0x00002f17) auipc   t5, 0x2
core   0: 3 0x80009486 (0x00002f17) x30 0x8000b486
core   0: 0x8000948a (0xb63f2d23) sw      gp, -1158(t5)
core   0: 3 0x8000948a (0xb63f2d23) mem 0x8000b000 0x00000001
core   0: 0x8000948e (0x0000bfe5) c.j     pc - 8
core   0: 3 0x8000948e (0xbfe5)
core   0: 0x80009486 (0x00002f17) auipc   t5, 0x2
core   0: 3 0x80009486 (0x00002f17) x30 0x8000b486
core   0: 0x8000948a (0xb63f2d23) sw      gp, -1158(t5)
core   0: 3 0x8000948a (0xb63f2d23) mem 0x8000b000 0x00000001
core   0: 0x8000948e (0x0000bfe5) c.j     pc - 8
core   0: 3 0x8000948e (0xbfe5)
core   0: 0x80009486 (0x00002f17) auipc   t5, 0x2
core   0: 3 0x80009486 (0x00002f17) x30 0x8000b486
core   0: 0x8000948a (0xb63f2d23) sw      gp, -1158(t5)
core   0: 3 0x8000948a (0xb63f2d23) mem 0x8000b000 0x00000001
core   0: 0x8000948e (0x0000bfe5) c.j     pc - 8
core   0: 3 0x8000948e (0xbfe5)
core   0: 0x80009486 (0x00002f17) auipc   t5, 0x2
core   0: 3 0x80009486 (0x00002f17) x30 0x8000b486
core   0: 0x8000948a (0xb63f2d23) sw      gp, -1158(t5)
core   0: 3 0x8000948a (0xb63f2d23) mem 0x8000b000 0x00000001
core   0: 0x8000948e (0x0000bfe5) c.j     pc - 8
core   0: 3 0x8000948e (0xbfe5)
core   0: 0x80009486 (0x00002f17) auipc   t5, 0x2
core   0: 3 0x80009486 (0x00002f17) x30 0x8000b486
core   0: 0x8000948a (0xb63f2d23) sw      gp, -1158(t5)
core   0: 3 0x8000948a (0xb63f2d23) mem 0x8000b000 0x00000001
core   0: 0x8000948e (0x0000bfe5) c.j     pc - 8
core   0: 3 0x8000948e (0xbfe5)
core   0: 0x80009486 (0x00002f17) auipc   t5, 0x2
core   0: 3 0x80009486 (0x00002f17) x30 0x8000b486
core   0: 0x8000948a (0xb63f2d23) sw      gp, -1158(t5)
core   0: 3 0x8000948a (0xb63f2d23) mem 0x8000b000 0x00000001
core   0: 0x8000948e (0x0000bfe5) c.j     pc - 8
core   0: 3 0x8000948e (0xbfe5)
core   0: 0x80009486 (0x00002f17) auipc   t5, 0x2
core   0: 3 0x80009486 (0x00002f17) x30 0x8000b486
core   0: 0x8000948a (0xb63f2d23) sw      gp, -1158(t5)
core   0: 3 0x8000948a (0xb63f2d23) mem 0x8000b000 0x00000001
core   0: 0x8000948e (0x0000bfe5) c.j     pc - 8
core   0: 3 0x8000948e (0xbfe5)
core   0: 0x80009486 (0x00002f17) auipc   t5, 0x2
core   0: 3 0x80009486 (0x00002f17) x30 0x8000b486
core   0: 0x8000948a (0xb63f2d23) sw      gp, -1158(t5)
core   0: 3 0x8000948a (0xb63f2d23) mem 0x8000b000 0x00000001
core   0: 0x8000948e (0x0000bfe5) c.j     pc - 8
core   0: 3 0x8000948e (0xbfe5)
core   0: 0x80009486 (0x00002f17) auipc   t5, 0x2
core   0: 3 0x80009486 (0x00002f17) x30 0x8000b486
core   0: 0x8000948a (0xb63f2d23) sw      gp, -1158(t5)
core   0: 3 0x8000948a (0xb63f2d23) mem 0x8000b000 0x00000001
core   0: 0x8000948e (0x0000bfe5) c.j     pc - 8
core   0: 3 0x8000948e (0xbfe5)
core   0: 0x80009486 (0x00002f17) auipc   t5, 0x2
core   0: 3 0x80009486 (0x00002f17) x30 0x8000b486
core   0: 0x8000948a (0xb63f2d23) sw      gp, -1158(t5)
core   0: 3 0x8000948a (0xb63f2d23) mem 0x8000b000 0x00000001
core   0: 0x8000948e (0x0000bfe5) c.j     pc - 8
core   0: 3 0x8000948e (0xbfe5)
core   0: 0x80009486 (0x00002f17) auipc   t5, 0x2
core   0: 3 0x80009486 (0x00002f17) x30 0x8000b486
core   0: 0x8000948a (0xb63f2d23) sw      gp, -1158(t5)
core   0: 3 0x8000948a (0xb63f2d23) mem 0x8000b000 0x00000001
core   0: 0x8000948e (0x0000bfe5) c.j     pc - 8
core   0: 3 0x8000948e (0xbfe5)
core   0: 0x80009486 (0x00002f17) auipc   t5, 0x2
core   0: 3 0x80009486 (0x00002f17) x30 0x8000b486
core   0: 0x8000948a (0xb63f2d23) sw      gp, -1158(t5)
core   0: 3 0x8000948a (0xb63f2d23) mem 0x8000b000 0x00000001
core   0: 0x8000948e (0x0000bfe5) c.j     pc - 8
core   0: 3 0x8000948e (0xbfe5)
core   0: 0x80009486 (0x00002f17) auipc   t5, 0x2
core   0: 3 0x80009486 (0x00002f17) x30 0x8000b486
core   0: 0x8000948a (0xb63f2d23) sw      gp, -1158(t5)
core   0: 3 0x8000948a (0xb63f2d23) mem 0x8000b000 0x00000001
core   0: 0x8000948e (0x0000bfe5) c.j     pc - 8
core   0: 3 0x8000948e (0xbfe5)
core   0: 0x80009486 (0x00002f17) auipc   t5, 0x2
core   0: 3 0x80009486 (0x00002f17) x30 0x8000b486
core   0: 0x8000948a (0xb63f2d23) sw      gp, -1158(t5)
core   0: 3 0x8000948a (0xb63f2d23) mem 0x8000b000 0x00000001
core   0: 0x8000948e (0x0000bfe5) c.j     pc - 8
core   0: 3 0x8000948e (0xbfe5)
core   0: 0x80009486 (0x00002f17) auipc   t5, 0x2
core   0: 3 0x80009486 (0x00002f17) x30 0x8000b486
core   0: 0x8000948a (0xb63f2d23) sw      gp, -1158(t5)
core   0: 3 0x8000948a (0xb63f2d23) mem 0x8000b000 0x00000001
core   0: 0x8000948e (0x0000bfe5) c.j     pc - 8
core   0: 3 0x8000948e (0xbfe5)
core   0: 0x80009486 (0x00002f17) auipc   t5, 0x2
core   0: 3 0x80009486 (0x00002f17) x30 0x8000b486
core   0: 0x8000948a (0xb63f2d23) sw      gp, -1158(t5)
core   0: 3 0x8000948a (0xb63f2d23) mem 0x8000b000 0x00000001
core   0: 0x8000948e (0x0000bfe5) c.j     pc - 8
core   0: 3 0x8000948e (0xbfe5)
core   0: 0x80009486 (0x00002f17) auipc   t5, 0x2
core   0: 3 0x80009486 (0x00002f17) x30 0x8000b486
core   0: 0x8000948a (0xb63f2d23) sw      gp, -1158(t5)
core   0: 3 0x8000948a (0xb63f2d23) mem 0x8000b000 0x00000001
core   0: 0x8000948e (0x0000bfe5) c.j     pc - 8
core   0: 3 0x8000948e (0xbfe5)
core   0: 0x80009486 (0x00002f17) auipc   t5, 0x2
core   0: 3 0x80009486 (0x00002f17) x30 0x8000b486
core   0: 0x8000948a (0xb63f2d23) sw      gp, -1158(t5)
core   0: 3 0x8000948a (0xb63f2d23) mem 0x8000b000 0x00000001
core   0: 0x8000948e (0x0000bfe5) c.j     pc - 8
core   0: 3 0x8000948e (0xbfe5)
core   0: 0x80009486 (0x00002f17) auipc   t5, 0x2
core   0: 3 0x80009486 (0x00002f17) x30 0x8000b486
core   0: 0x8000948a (0xb63f2d23) sw      gp, -1158(t5)
core   0: 3 0x8000948a (0xb63f2d23) mem 0x8000b000 0x00000001
core   0: 0x8000948e (0x0000bfe5) c.j     pc - 8
core   0: 3 0x8000948e (0xbfe5)
core   0: 0x80009486 (0x00002f17) auipc   t5, 0x2
core   0: 3 0x80009486 (0x00002f17) x30 0x8000b486
core   0: 0x8000948a (0xb63f2d23) sw      gp, -1158(t5)
core   0: 3 0x8000948a (0xb63f2d23) mem 0x8000b000 0x00000001
core   0: 0x8000948e (0x0000bfe5) c.j     pc - 8
core   0: 3 0x8000948e (0xbfe5)
core   0: 0x80009486 (0x00002f17) auipc   t5, 0x2
core   0: 3 0x80009486 (0x00002f17) x30 0x8000b486
core   0: 0x8000948a (0xb63f2d23) sw      gp, -1158(t5)
core   0: 3 0x8000948a (0xb63f2d23) mem 0x8000b000 0x00000001
core   0: 0x8000948e (0x0000bfe5) c.j     pc - 8
core   0: 3 0x8000948e (0xbfe5)
core   0: 0x80009486 (0x00002f17) auipc   t5, 0x2
core   0: 3 0x80009486 (0x00002f17) x30 0x8000b486
core   0: 0x8000948a (0xb63f2d23) sw      gp, -1158(t5)
core   0: 3 0x8000948a (0xb63f2d23) mem 0x8000b000 0x00000001
core   0: 0x8000948e (0x0000bfe5) c.j     pc - 8
core   0: 3 0x8000948e (0xbfe5)
core   0: 0x80009486 (0x00002f17) auipc   t5, 0x2
core   0: 3 0x80009486 (0x00002f17) x30 0x8000b486
core   0: 0x8000948a (0xb63f2d23) sw      gp, -1158(t5)
core   0: 3 0x8000948a (0xb63f2d23) mem 0x8000b000 0x00000001
core   0: 0x8000948e (0x0000bfe5) c.j     pc - 8
core   0: 3 0x8000948e (0xbfe5)
core   0: 0x80009486 (0x00002f17) auipc   t5, 0x2
core   0: 3 0x80009486 (0x00002f17) x30 0x8000b486
core   0: 0x8000948a (0xb63f2d23) sw      gp, -1158(t5)
core   0: 3 0x8000948a (0xb63f2d23) mem 0x8000b000 0x00000001
core   0: 0x8000948e (0x0000bfe5) c.j     pc - 8
core   0: 3 0x8000948e (0xbfe5)
core   0: 0x80009486 (0x00002f17) auipc   t5, 0x2
core   0: 3 0x80009486 (0x00002f17) x30 0x8000b486
core   0: 0x8000948a (0xb63f2d23) sw      gp, -1158(t5)
core   0: 3 0x8000948a (0xb63f2d23) mem 0x8000b000 0x00000001
core   0: 0x8000948e (0x0000bfe5) c.j     pc - 8
core   0: 3 0x8000948e (0xbfe5)
core   0: 0x80009486 (0x00002f17) auipc   t5, 0x2
core   0: 3 0x80009486 (0x00002f17) x30 0x8000b486
core   0: 0x8000948a (0xb63f2d23) sw      gp, -1158(t5)
core   0: 3 0x8000948a (0xb63f2d23) mem 0x8000b000 0x00000001
core   0: 0x8000948e (0x0000bfe5) c.j     pc - 8
core   0: 3 0x8000948e (0xbfe5)
core   0: 0x80009486 (0x00002f17) auipc   t5, 0x2
core   0: 3 0x80009486 (0x00002f17) x30 0x8000b486
core   0: 0x8000948a (0xb63f2d23) sw      gp, -1158(t5)
core   0: 3 0x8000948a (0xb63f2d23) mem 0x8000b000 0x00000001
core   0: 0x8000948e (0x0000bfe5) c.j     pc - 8
core   0: 3 0x8000948e (0xbfe5)
core   0: 0x80009486 (0x00002f17) auipc   t5, 0x2
core   0: 3 0x80009486 (0x00002f17) x30 0x8000b486
core   0: 0x8000948a (0xb63f2d23) sw      gp, -1158(t5)
core   0: 3 0x8000948a (0xb63f2d23) mem 0x8000b000 0x00000001
core   0: 0x8000948e (0x0000bfe5) c.j     pc - 8
core   0: 3 0x8000948e (0xbfe5)
core   0: 0x80009486 (0x00002f17) auipc   t5, 0x2
core   0: 3 0x80009486 (0x00002f17) x30 0x8000b486
core   0: 0x8000948a (0xb63f2d23) sw      gp, -1158(t5)
core   0: 3 0x8000948a (0xb63f2d23) mem 0x8000b000 0x00000001
core   0: 0x8000948e (0x0000bfe5) c.j     pc - 8
core   0: 3 0x8000948e (0xbfe5)
core   0: 0x80009486 (0x00002f17) auipc   t5, 0x2
core   0: 3 0x80009486 (0x00002f17) x30 0x8000b486
core   0: 0x8000948a (0xb63f2d23) sw      gp, -1158(t5)
core   0: 3 0x8000948a (0xb63f2d23) mem 0x8000b000 0x00000001
core   0: 0x8000948e (0x0000bfe5) c.j     pc - 8
core   0: 3 0x8000948e (0xbfe5)
core   0: 0x80009486 (0x00002f17) auipc   t5, 0x2
core   0: 3 0x80009486 (0x00002f17) x30 0x8000b486
core   0: 0x8000948a (0xb63f2d23) sw      gp, -1158(t5)
core   0: 3 0x8000948a (0xb63f2d23) mem 0x8000b000 0x00000001
core   0: 0x8000948e (0x0000bfe5) c.j     pc - 8
core   0: 3 0x8000948e (0xbfe5)
core   0: 0x80009486 (0x00002f17) auipc   t5, 0x2
core   0: 3 0x80009486 (0x00002f17) x30 0x8000b486
core   0: 0x8000948a (0xb63f2d23) sw      gp, -1158(t5)
core   0: 3 0x8000948a (0xb63f2d23) mem 0x8000b000 0x00000001
core   0: 0x8000948e (0x0000bfe5) c.j     pc - 8
core   0: 3 0x8000948e (0xbfe5)
core   0: 0x80009486 (0x00002f17) auipc   t5, 0x2
core   0: 3 0x80009486 (0x00002f17) x30 0x8000b486
core   0: 0x8000948a (0xb63f2d23) sw      gp, -1158(t5)
core   0: 3 0x8000948a (0xb63f2d23) mem 0x8000b000 0x00000001
core   0: 0x8000948e (0x0000bfe5) c.j     pc - 8
core   0: 3 0x8000948e (0xbfe5)
core   0: 0x80009486 (0x00002f17) auipc   t5, 0x2
core   0: 3 0x80009486 (0x00002f17) x30 0x8000b486
core   0: 0x8000948a (0xb63f2d23) sw      gp, -1158(t5)
core   0: 3 0x8000948a (0xb63f2d23) mem 0x8000b000 0x00000001
core   0: 0x8000948e (0x0000bfe5) c.j     pc - 8
core   0: 3 0x8000948e (0xbfe5)
core   0: 0x80009486 (0x00002f17) auipc   t5, 0x2
core   0: 3 0x80009486 (0x00002f17) x30 0x8000b486
core   0: 0x8000948a (0xb63f2d23) sw      gp, -1158(t5)
core   0: 3 0x8000948a (0xb63f2d23) mem 0x8000b000 0x00000001
core   0: 0x8000948e (0x0000bfe5) c.j     pc - 8
core   0: 3 0x8000948e (0xbfe5)
core   0: 0x80009486 (0x00002f17) auipc   t5, 0x2
core   0: 3 0x80009486 (0x00002f17) x30 0x8000b486
core   0: 0x8000948a (0xb63f2d23) sw      gp, -1158(t5)
core   0: 3 0x8000948a (0xb63f2d23) mem 0x8000b000 0x00000001
core   0: 0x8000948e (0x0000bfe5) c.j     pc - 8
core   0: 3 0x8000948e (0xbfe5)
core   0: 0x80009486 (0x00002f17) auipc   t5, 0x2
core   0: 3 0x80009486 (0x00002f17) x30 0x8000b486
core   0: 0x8000948a (0xb63f2d23) sw      gp, -1158(t5)
core   0: 3 0x8000948a (0xb63f2d23) mem 0x8000b000 0x00000001
core   0: 0x8000948e (0x0000bfe5) c.j     pc - 8
core   0: 3 0x8000948e (0xbfe5)
core   0: 0x80009486 (0x00002f17) auipc   t5, 0x2
core   0: 3 0x80009486 (0x00002f17) x30 0x8000b486
core   0: 0x8000948a (0xb63f2d23) sw      gp, -1158(t5)
core   0: 3 0x8000948a (0xb63f2d23) mem 0x8000b000 0x00000001
core   0: 0x8000948e (0x0000bfe5) c.j     pc - 8
core   0: 3 0x8000948e (0xbfe5)
core   0: 0x80009486 (0x00002f17) auipc   t5, 0x2
core   0: 3 0x80009486 (0x00002f17) x30 0x8000b486
core   0: 0x8000948a (0xb63f2d23) sw      gp, -1158(t5)
core   0: 3 0x8000948a (0xb63f2d23) mem 0x8000b000 0x00000001
core   0: 0x8000948e (0x0000bfe5) c.j     pc - 8
core   0: 3 0x8000948e (0xbfe5)
core   0: 0x80009486 (0x00002f17) auipc   t5, 0x2
core   0: 3 0x80009486 (0x00002f17) x30 0x8000b486
core   0: 0x8000948a (0xb63f2d23) sw      gp, -1158(t5)
core   0: 3 0x8000948a (0xb63f2d23) mem 0x8000b000 0x00000001
core   0: 0x8000948e (0x0000bfe5) c.j     pc - 8
core   0: 3 0x8000948e (0xbfe5)
core   0: 0x80009486 (0x00002f17) auipc   t5, 0x2
core   0: 3 0x80009486 (0x00002f17) x30 0x8000b486
core   0: 0x8000948a (0xb63f2d23) sw      gp, -1158(t5)
core   0: 3 0x8000948a (0xb63f2d23) mem 0x8000b000 0x00000001
core   0: 0x8000948e (0x0000bfe5) c.j     pc - 8
core   0: 3 0x8000948e (0xbfe5)
core   0: 0x80009486 (0x00002f17) auipc   t5, 0x2
core   0: 3 0x80009486 (0x00002f17) x30 0x8000b486
core   0: 0x8000948a (0xb63f2d23) sw      gp, -1158(t5)
core   0: 3 0x8000948a (0xb63f2d23) mem 0x8000b000 0x00000001
core   0: 0x8000948e (0x0000bfe5) c.j     pc - 8
core   0: 3 0x8000948e (0xbfe5)
core   0: 0x80009486 (0x00002f17) auipc   t5, 0x2
core   0: 3 0x80009486 (0x00002f17) x30 0x8000b486
core   0: 0x8000948a (0xb63f2d23) sw      gp, -1158(t5)
core   0: 3 0x8000948a (0xb63f2d23) mem 0x8000b000 0x00000001
core   0: 0x8000948e (0x0000bfe5) c.j     pc - 8
core   0: 3 0x8000948e (0xbfe5)
core   0: 0x80009486 (0x00002f17) auipc   t5, 0x2
core   0: 3 0x80009486 (0x00002f17) x30 0x8000b486
core   0: 0x8000948a (0xb63f2d23) sw      gp, -1158(t5)
core   0: 3 0x8000948a (0xb63f2d23) mem 0x8000b000 0x00000001
core   0: 0x8000948e (0x0000bfe5) c.j     pc - 8
core   0: 3 0x8000948e (0xbfe5)
core   0: 0x80009486 (0x00002f17) auipc   t5, 0x2
core   0: 3 0x80009486 (0x00002f17) x30 0x8000b486
core   0: 0x8000948a (0xb63f2d23) sw      gp, -1158(t5)
core   0: 3 0x8000948a (0xb63f2d23) mem 0x8000b000 0x00000001
core   0: 0x8000948e (0x0000bfe5) c.j     pc - 8
core   0: 3 0x8000948e (0xbfe5)
core   0: 0x80009486 (0x00002f17) auipc   t5, 0x2
core   0: 3 0x80009486 (0x00002f17) x30 0x8000b486
core   0: 0x8000948a (0xb63f2d23) sw      gp, -1158(t5)
core   0: 3 0x8000948a (0xb63f2d23) mem 0x8000b000 0x00000001
core   0: 0x8000948e (0x0000bfe5) c.j     pc - 8
core   0: 3 0x8000948e (0xbfe5)
core   0: 0x80009486 (0x00002f17) auipc   t5, 0x2
core   0: 3 0x80009486 (0x00002f17) x30 0x8000b486
core   0: 0x8000948a (0xb63f2d23) sw      gp, -1158(t5)
core   0: 3 0x8000948a (0xb63f2d23) mem 0x8000b000 0x00000001
core   0: 0x8000948e (0x0000bfe5) c.j     pc - 8
core   0: 3 0x8000948e (0xbfe5)
core   0: 0x80009486 (0x00002f17) auipc   t5, 0x2
core   0: 3 0x80009486 (0x00002f17) x30 0x8000b486
core   0: 0x8000948a (0xb63f2d23) sw      gp, -1158(t5)
core   0: 3 0x8000948a (0xb63f2d23) mem 0x8000b000 0x00000001
core   0: 0x8000948e (0x0000bfe5) c.j     pc - 8
core   0: 3 0x8000948e (0xbfe5)
core   0: 0x80009486 (0x00002f17) auipc   t5, 0x2
core   0: 3 0x80009486 (0x00002f17) x30 0x8000b486
core   0: 0x8000948a (0xb63f2d23) sw      gp, -1158(t5)
core   0: 3 0x8000948a (0xb63f2d23) mem 0x8000b000 0x00000001
core   0: 0x8000948e (0x0000bfe5) c.j     pc - 8
core   0: 3 0x8000948e (0xbfe5)
core   0: 0x80009486 (0x00002f17) auipc   t5, 0x2
core   0: 3 0x80009486 (0x00002f17) x30 0x8000b486
core   0: 0x8000948a (0xb63f2d23) sw      gp, -1158(t5)
core   0: 3 0x8000948a (0xb63f2d23) mem 0x8000b000 0x00000001
core   0: 0x8000948e (0x0000bfe5) c.j     pc - 8
core   0: 3 0x8000948e (0xbfe5)
core   0: 0x80009486 (0x00002f17) auipc   t5, 0x2
core   0: 3 0x80009486 (0x00002f17) x30 0x8000b486
core   0: 0x8000948a (0xb63f2d23) sw      gp, -1158(t5)
core   0: 3 0x8000948a (0xb63f2d23) mem 0x8000b000 0x00000001
core   0: 0x8000948e (0x0000bfe5) c.j     pc - 8
core   0: 3 0x8000948e (0xbfe5)
core   0: 0x80009486 (0x00002f17) auipc   t5, 0x2
core   0: 3 0x80009486 (0x00002f17) x30 0x8000b486
core   0: 0x8000948a (0xb63f2d23) sw      gp, -1158(t5)
core   0: 3 0x8000948a (0xb63f2d23) mem 0x8000b000 0x00000001
core   0: 0x8000948e (0x0000bfe5) c.j     pc - 8
core   0: 3 0x8000948e (0xbfe5)
core   0: 0x80009486 (0x00002f17) auipc   t5, 0x2
core   0: 3 0x80009486 (0x00002f17) x30 0x8000b486
core   0: 0x8000948a (0xb63f2d23) sw      gp, -1158(t5)
core   0: 3 0x8000948a (0xb63f2d23) mem 0x8000b000 0x00000001
core   0: 0x8000948e (0x0000bfe5) c.j     pc - 8
core   0: 3 0x8000948e (0xbfe5)
core   0: 0x80009486 (0x00002f17) auipc   t5, 0x2
core   0: 3 0x80009486 (0x00002f17) x30 0x8000b486
core   0: 0x8000948a (0xb63f2d23) sw      gp, -1158(t5)
core   0: 3 0x8000948a (0xb63f2d23) mem 0x8000b000 0x00000001
core   0: 0x8000948e (0x0000bfe5) c.j     pc - 8
core   0: 3 0x8000948e (0xbfe5)
core   0: 0x80009486 (0x00002f17) auipc   t5, 0x2
core   0: 3 0x80009486 (0x00002f17) x30 0x8000b486
core   0: 0x8000948a (0xb63f2d23) sw      gp, -1158(t5)
core   0: 3 0x8000948a (0xb63f2d23) mem 0x8000b000 0x00000001
core   0: 0x8000948e (0x0000bfe5) c.j     pc - 8
core   0: 3 0x8000948e (0xbfe5)
core   0: 0x80009486 (0x00002f17) auipc   t5, 0x2
core   0: 3 0x80009486 (0x00002f17) x30 0x8000b486
core   0: 0x8000948a (0xb63f2d23) sw      gp, -1158(t5)
core   0: 3 0x8000948a (0xb63f2d23) mem 0x8000b000 0x00000001
core   0: 0x8000948e (0x0000bfe5) c.j     pc - 8
core   0: 3 0x8000948e (0xbfe5)
core   0: 0x80009486 (0x00002f17) auipc   t5, 0x2
core   0: 3 0x80009486 (0x00002f17) x30 0x8000b486
core   0: 0x8000948a (0xb63f2d23) sw      gp, -1158(t5)
core   0: 3 0x8000948a (0xb63f2d23) mem 0x8000b000 0x00000001
core   0: 0x8000948e (0x0000bfe5) c.j     pc - 8
core   0: 3 0x8000948e (0xbfe5)
core   0: 0x80009486 (0x00002f17) auipc   t5, 0x2
core   0: 3 0x80009486 (0x00002f17) x30 0x8000b486
core   0: 0x8000948a (0xb63f2d23) sw      gp, -1158(t5)
core   0: 3 0x8000948a (0xb63f2d23) mem 0x8000b000 0x00000001
core   0: 0x8000948e (0x0000bfe5) c.j     pc - 8
core   0: 3 0x8000948e (0xbfe5)
core   0: 0x80009486 (0x00002f17) auipc   t5, 0x2
core   0: 3 0x80009486 (0x00002f17) x30 0x8000b486
core   0: 0x8000948a (0xb63f2d23) sw      gp, -1158(t5)
core   0: 3 0x8000948a (0xb63f2d23) mem 0x8000b000 0x00000001
core   0: 0x8000948e (0x0000bfe5) c.j     pc - 8
core   0: 3 0x8000948e (0xbfe5)
core   0: 0x80009486 (0x00002f17) auipc   t5, 0x2
core   0: 3 0x80009486 (0x00002f17) x30 0x8000b486
core   0: 0x8000948a (0xb63f2d23) sw      gp, -1158(t5)
core   0: 3 0x8000948a (0xb63f2d23) mem 0x8000b000 0x00000001
core   0: 0x8000948e (0x0000bfe5) c.j     pc - 8
core   0: 3 0x8000948e (0xbfe5)
core   0: 0x80009486 (0x00002f17) auipc   t5, 0x2
core   0: 3 0x80009486 (0x00002f17) x30 0x8000b486
core   0: 0x8000948a (0xb63f2d23) sw      gp, -1158(t5)
core   0: 3 0x8000948a (0xb63f2d23) mem 0x8000b000 0x00000001
core   0: 0x8000948e (0x0000bfe5) c.j     pc - 8
core   0: 3 0x8000948e (0xbfe5)
core   0: 0x80009486 (0x00002f17) auipc   t5, 0x2
core   0: 3 0x80009486 (0x00002f17) x30 0x8000b486
core   0: 0x8000948a (0xb63f2d23) sw      gp, -1158(t5)
core   0: 3 0x8000948a (0xb63f2d23) mem 0x8000b000 0x00000001
core   0: 0x8000948e (0x0000bfe5) c.j     pc - 8
core   0: 3 0x8000948e (0xbfe5)
core   0: 0x80009486 (0x00002f17) auipc   t5, 0x2
core   0: 3 0x80009486 (0x00002f17) x30 0x8000b486
core   0: 0x8000948a (0xb63f2d23) sw      gp, -1158(t5)
core   0: 3 0x8000948a (0xb63f2d23) mem 0x8000b000 0x00000001
core   0: 0x8000948e (0x0000bfe5) c.j     pc - 8
core   0: 3 0x8000948e (0xbfe5)
core   0: 0x80009486 (0x00002f17) auipc   t5, 0x2
core   0: 3 0x80009486 (0x00002f17) x30 0x8000b486
core   0: 0x8000948a (0xb63f2d23) sw      gp, -1158(t5)
core   0: 3 0x8000948a (0xb63f2d23) mem 0x8000b000 0x00000001
core   0: 0x8000948e (0x0000bfe5) c.j     pc - 8
core   0: 3 0x8000948e (0xbfe5)
core   0: 0x80009486 (0x00002f17) auipc   t5, 0x2
core   0: 3 0x80009486 (0x00002f17) x30 0x8000b486
core   0: 0x8000948a (0xb63f2d23) sw      gp, -1158(t5)
core   0: 3 0x8000948a (0xb63f2d23) mem 0x8000b000 0x00000001
core   0: 0x8000948e (0x0000bfe5) c.j     pc - 8
core   0: 3 0x8000948e (0xbfe5)
core   0: 0x80009486 (0x00002f17) auipc   t5, 0x2
core   0: 3 0x80009486 (0x00002f17) x30 0x8000b486
core   0: 0x8000948a (0xb63f2d23) sw      gp, -1158(t5)
core   0: 3 0x8000948a (0xb63f2d23) mem 0x8000b000 0x00000001
core   0: 0x8000948e (0x0000bfe5) c.j     pc - 8
core   0: 3 0x8000948e (0xbfe5)
core   0: 0x80009486 (0x00002f17) auipc   t5, 0x2
core   0: 3 0x80009486 (0x00002f17) x30 0x8000b486
core   0: 0x8000948a (0xb63f2d23) sw      gp, -1158(t5)
core   0: 3 0x8000948a (0xb63f2d23) mem 0x8000b000 0x00000001
core   0: 0x8000948e (0x0000bfe5) c.j     pc - 8
core   0: 3 0x8000948e (0xbfe5)
core   0: 0x80009486 (0x00002f17) auipc   t5, 0x2
core   0: 3 0x80009486 (0x00002f17) x30 0x8000b486
core   0: 0x8000948a (0xb63f2d23) sw      gp, -1158(t5)
core   0: 3 0x8000948a (0xb63f2d23) mem 0x8000b000 0x00000001
core   0: 0x8000948e (0x0000bfe5) c.j     pc - 8
core   0: 3 0x8000948e (0xbfe5)
core   0: 0x80009486 (0x00002f17) auipc   t5, 0x2
core   0: 3 0x80009486 (0x00002f17) x30 0x8000b486
core   0: 0x8000948a (0xb63f2d23) sw      gp, -1158(t5)
core   0: 3 0x8000948a (0xb63f2d23) mem 0x8000b000 0x00000001
core   0: 0x8000948e (0x0000bfe5) c.j     pc - 8
core   0: 3 0x8000948e (0xbfe5)
core   0: 0x80009486 (0x00002f17) auipc   t5, 0x2
core   0: 3 0x80009486 (0x00002f17) x30 0x8000b486
core   0: 0x8000948a (0xb63f2d23) sw      gp, -1158(t5)
core   0: 3 0x8000948a (0xb63f2d23) mem 0x8000b000 0x00000001
core   0: 0x8000948e (0x0000bfe5) c.j     pc - 8
core   0: 3 0x8000948e (0xbfe5)
core   0: 0x80009486 (0x00002f17) auipc   t5, 0x2
core   0: 3 0x80009486 (0x00002f17) x30 0x8000b486
core   0: 0x8000948a (0xb63f2d23) sw      gp, -1158(t5)
core   0: 3 0x8000948a (0xb63f2d23) mem 0x8000b000 0x00000001
core   0: 0x8000948e (0x0000bfe5) c.j     pc - 8
core   0: 3 0x8000948e (0xbfe5)
core   0: 0x80009486 (0x00002f17) auipc   t5, 0x2
core   0: 3 0x80009486 (0x00002f17) x30 0x8000b486
core   0: 0x8000948a (0xb63f2d23) sw      gp, -1158(t5)
core   0: 3 0x8000948a (0xb63f2d23) mem 0x8000b000 0x00000001
core   0: 0x8000948e (0x0000bfe5) c.j     pc - 8
core   0: 3 0x8000948e (0xbfe5)
core   0: 0x80009486 (0x00002f17) auipc   t5, 0x2
core   0: 3 0x80009486 (0x00002f17) x30 0x8000b486
core   0: 0x8000948a (0xb63f2d23) sw      gp, -1158(t5)
core   0: 3 0x8000948a (0xb63f2d23) mem 0x8000b000 0x00000001
core   0: 0x8000948e (0x0000bfe5) c.j     pc - 8
core   0: 3 0x8000948e (0xbfe5)
core   0: 0x80009486 (0x00002f17) auipc   t5, 0x2
core   0: 3 0x80009486 (0x00002f17) x30 0x8000b486
core   0: 0x8000948a (0xb63f2d23) sw      gp, -1158(t5)
core   0: 3 0x8000948a (0xb63f2d23) mem 0x8000b000 0x00000001
core   0: 0x8000948e (0x0000bfe5) c.j     pc - 8
core   0: 3 0x8000948e (0xbfe5)
core   0: 0x80009486 (0x00002f17) auipc   t5, 0x2
core   0: 3 0x80009486 (0x00002f17) x30 0x8000b486
core   0: 0x8000948a (0xb63f2d23) sw      gp, -1158(t5)
core   0: 3 0x8000948a (0xb63f2d23) mem 0x8000b000 0x00000001
core   0: 0x8000948e (0x0000bfe5) c.j     pc - 8
core   0: 3 0x8000948e (0xbfe5)
core   0: 0x80009486 (0x00002f17) auipc   t5, 0x2
core   0: 3 0x80009486 (0x00002f17) x30 0x8000b486
core   0: 0x8000948a (0xb63f2d23) sw      gp, -1158(t5)
core   0: 3 0x8000948a (0xb63f2d23) mem 0x8000b000 0x00000001
core   0: 0x8000948e (0x0000bfe5) c.j     pc - 8
core   0: 3 0x8000948e (0xbfe5)
core   0: 0x80009486 (0x00002f17) auipc   t5, 0x2
core   0: 3 0x80009486 (0x00002f17) x30 0x8000b486
core   0: 0x8000948a (0xb63f2d23) sw      gp, -1158(t5)
core   0: 3 0x8000948a (0xb63f2d23) mem 0x8000b000 0x00000001
core   0: 0x8000948e (0x0000bfe5) c.j     pc - 8
core   0: 3 0x8000948e (0xbfe5)
core   0: 0x80009486 (0x00002f17) auipc   t5, 0x2
core   0: 3 0x80009486 (0x00002f17) x30 0x8000b486
core   0: 0x8000948a (0xb63f2d23) sw      gp, -1158(t5)
core   0: 3 0x8000948a (0xb63f2d23) mem 0x8000b000 0x00000001
core   0: 0x8000948e (0x0000bfe5) c.j     pc - 8
core   0: 3 0x8000948e (0xbfe5)
core   0: 0x80009486 (0x00002f17) auipc   t5, 0x2
core   0: 3 0x80009486 (0x00002f17) x30 0x8000b486
core   0: 0x8000948a (0xb63f2d23) sw      gp, -1158(t5)
core   0: 3 0x8000948a (0xb63f2d23) mem 0x8000b000 0x00000001
core   0: 0x8000948e (0x0000bfe5) c.j     pc - 8
core   0: 3 0x8000948e (0xbfe5)
core   0: 0x80009486 (0x00002f17) auipc   t5, 0x2
core   0: 3 0x80009486 (0x00002f17) x30 0x8000b486
core   0: 0x8000948a (0xb63f2d23) sw      gp, -1158(t5)
core   0: 3 0x8000948a (0xb63f2d23) mem 0x8000b000 0x00000001
core   0: 0x8000948e (0x0000bfe5) c.j     pc - 8
core   0: 3 0x8000948e (0xbfe5)
core   0: 0x80009486 (0x00002f17) auipc   t5, 0x2
core   0: 3 0x80009486 (0x00002f17) x30 0x8000b486
core   0: 0x8000948a (0xb63f2d23) sw      gp, -1158(t5)
core   0: 3 0x8000948a (0xb63f2d23) mem 0x8000b000 0x00000001
core   0: 0x8000948e (0x0000bfe5) c.j     pc - 8
core   0: 3 0x8000948e (0xbfe5)
core   0: 0x80009486 (0x00002f17) auipc   t5, 0x2
core   0: 3 0x80009486 (0x00002f17) x30 0x8000b486
core   0: 0x8000948a (0xb63f2d23) sw      gp, -1158(t5)
core   0: 3 0x8000948a (0xb63f2d23) mem 0x8000b000 0x00000001
core   0: 0x8000948e (0x0000bfe5) c.j     pc - 8
core   0: 3 0x8000948e (0xbfe5)
core   0: 0x80009486 (0x00002f17) auipc   t5, 0x2
core   0: 3 0x80009486 (0x00002f17) x30 0x8000b486
core   0: 0x8000948a (0xb63f2d23) sw      gp, -1158(t5)
core   0: 3 0x8000948a (0xb63f2d23) mem 0x8000b000 0x00000001
core   0: 0x8000948e (0x0000bfe5) c.j     pc - 8
core   0: 3 0x8000948e (0xbfe5)
core   0: 0x80009486 (0x00002f17) auipc   t5, 0x2
core   0: 3 0x80009486 (0x00002f17) x30 0x8000b486
core   0: 0x8000948a (0xb63f2d23) sw      gp, -1158(t5)
core   0: 3 0x8000948a (0xb63f2d23) mem 0x8000b000 0x00000001
core   0: 0x8000948e (0x0000bfe5) c.j     pc - 8
core   0: 3 0x8000948e (0xbfe5)
core   0: 0x80009486 (0x00002f17) auipc   t5, 0x2
core   0: 3 0x80009486 (0x00002f17) x30 0x8000b486
core   0: 0x8000948a (0xb63f2d23) sw      gp, -1158(t5)
core   0: 3 0x8000948a (0xb63f2d23) mem 0x8000b000 0x00000001
core   0: 0x8000948e (0x0000bfe5) c.j     pc - 8
core   0: 3 0x8000948e (0xbfe5)
core   0: 0x80009486 (0x00002f17) auipc   t5, 0x2
core   0: 3 0x80009486 (0x00002f17) x30 0x8000b486
core   0: 0x8000948a (0xb63f2d23) sw      gp, -1158(t5)
core   0: 3 0x8000948a (0xb63f2d23) mem 0x8000b000 0x00000001
core   0: 0x8000948e (0x0000bfe5) c.j     pc - 8
core   0: 3 0x8000948e (0xbfe5)
core   0: 0x80009486 (0x00002f17) auipc   t5, 0x2
core   0: 3 0x80009486 (0x00002f17) x30 0x8000b486
core   0: 0x8000948a (0xb63f2d23) sw      gp, -1158(t5)
core   0: 3 0x8000948a (0xb63f2d23) mem 0x8000b000 0x00000001
core   0: 0x8000948e (0x0000bfe5) c.j     pc - 8
core   0: 3 0x8000948e (0xbfe5)
core   0: 0x80009486 (0x00002f17) auipc   t5, 0x2
core   0: 3 0x80009486 (0x00002f17) x30 0x8000b486
core   0: 0x8000948a (0xb63f2d23) sw      gp, -1158(t5)
core   0: 3 0x8000948a (0xb63f2d23) mem 0x8000b000 0x00000001
core   0: 0x8000948e (0x0000bfe5) c.j     pc - 8
core   0: 3 0x8000948e (0xbfe5)
core   0: 0x80009486 (0x00002f17) auipc   t5, 0x2
core   0: 3 0x80009486 (0x00002f17) x30 0x8000b486
core   0: 0x8000948a (0xb63f2d23) sw      gp, -1158(t5)
core   0: 3 0x8000948a (0xb63f2d23) mem 0x8000b000 0x00000001
core   0: 0x8000948e (0x0000bfe5) c.j     pc - 8
core   0: 3 0x8000948e (0xbfe5)
core   0: 0x80009486 (0x00002f17) auipc   t5, 0x2
core   0: 3 0x80009486 (0x00002f17) x30 0x8000b486
core   0: 0x8000948a (0xb63f2d23) sw      gp, -1158(t5)
core   0: 3 0x8000948a (0xb63f2d23) mem 0x8000b000 0x00000001
core   0: 0x8000948e (0x0000bfe5) c.j     pc - 8
core   0: 3 0x8000948e (0xbfe5)
core   0: 0x80009486 (0x00002f17) auipc   t5, 0x2
core   0: 3 0x80009486 (0x00002f17) x30 0x8000b486
core   0: 0x8000948a (0xb63f2d23) sw      gp, -1158(t5)
core   0: 3 0x8000948a (0xb63f2d23) mem 0x8000b000 0x00000001
core   0: 0x8000948e (0x0000bfe5) c.j     pc - 8
core   0: 3 0x8000948e (0xbfe5)
core   0: 0x80009486 (0x00002f17) auipc   t5, 0x2
core   0: 3 0x80009486 (0x00002f17) x30 0x8000b486
core   0: 0x8000948a (0xb63f2d23) sw      gp, -1158(t5)
core   0: 3 0x8000948a (0xb63f2d23) mem 0x8000b000 0x00000001
core   0: 0x8000948e (0x0000bfe5) c.j     pc - 8
core   0: 3 0x8000948e (0xbfe5)
core   0: 0x80009486 (0x00002f17) auipc   t5, 0x2
core   0: 3 0x80009486 (0x00002f17) x30 0x8000b486
core   0: 0x8000948a (0xb63f2d23) sw      gp, -1158(t5)
core   0: 3 0x8000948a (0xb63f2d23) mem 0x8000b000 0x00000001
core   0: 0x8000948e (0x0000bfe5) c.j     pc - 8
core   0: 3 0x8000948e (0xbfe5)
core   0: 0x80009486 (0x00002f17) auipc   t5, 0x2
core   0: 3 0x80009486 (0x00002f17) x30 0x8000b486
core   0: 0x8000948a (0xb63f2d23) sw      gp, -1158(t5)
core   0: 3 0x8000948a (0xb63f2d23) mem 0x8000b000 0x00000001
core   0: 0x8000948e (0x0000bfe5) c.j     pc - 8
core   0: 3 0x8000948e (0xbfe5)
core   0: 0x80009486 (0x00002f17) auipc   t5, 0x2
core   0: 3 0x80009486 (0x00002f17) x30 0x8000b486
core   0: 0x8000948a (0xb63f2d23) sw      gp, -1158(t5)
core   0: 3 0x8000948a (0xb63f2d23) mem 0x8000b000 0x00000001
core   0: 0x8000948e (0x0000bfe5) c.j     pc - 8
core   0: 3 0x8000948e (0xbfe5)
core   0: 0x80009486 (0x00002f17) auipc   t5, 0x2
core   0: 3 0x80009486 (0x00002f17) x30 0x8000b486
core   0: 0x8000948a (0xb63f2d23) sw      gp, -1158(t5)
core   0: 3 0x8000948a (0xb63f2d23) mem 0x8000b000 0x00000001
core   0: 0x8000948e (0x0000bfe5) c.j     pc - 8
core   0: 3 0x8000948e (0xbfe5)
core   0: 0x80009486 (0x00002f17) auipc   t5, 0x2
core   0: 3 0x80009486 (0x00002f17) x30 0x8000b486
core   0: 0x8000948a (0xb63f2d23) sw      gp, -1158(t5)
core   0: 3 0x8000948a (0xb63f2d23) mem 0x8000b000 0x00000001
core   0: 0x8000948e (0x0000bfe5) c.j     pc - 8
core   0: 3 0x8000948e (0xbfe5)
core   0: 0x80009486 (0x00002f17) auipc   t5, 0x2
core   0: 3 0x80009486 (0x00002f17) x30 0x8000b486
core   0: 0x8000948a (0xb63f2d23) sw      gp, -1158(t5)
core   0: 3 0x8000948a (0xb63f2d23) mem 0x8000b000 0x00000001
core   0: 0x8000948e (0x0000bfe5) c.j     pc - 8
core   0: 3 0x8000948e (0xbfe5)
core   0: 0x80009486 (0x00002f17) auipc   t5, 0x2
core   0: 3 0x80009486 (0x00002f17) x30 0x8000b486
core   0: 0x8000948a (0xb63f2d23) sw      gp, -1158(t5)
core   0: 3 0x8000948a (0xb63f2d23) mem 0x8000b000 0x00000001
core   0: 0x8000948e (0x0000bfe5) c.j     pc - 8
core   0: 3 0x8000948e (0xbfe5)
core   0: 0x80009486 (0x00002f17) auipc   t5, 0x2
core   0: 3 0x80009486 (0x00002f17) x30 0x8000b486
core   0: 0x8000948a (0xb63f2d23) sw      gp, -1158(t5)
core   0: 3 0x8000948a (0xb63f2d23) mem 0x8000b000 0x00000001
core   0: 0x8000948e (0x0000bfe5) c.j     pc - 8
core   0: 3 0x8000948e (0xbfe5)
core   0: 0x80009486 (0x00002f17) auipc   t5, 0x2
core   0: 3 0x80009486 (0x00002f17) x30 0x8000b486
core   0: 0x8000948a (0xb63f2d23) sw      gp, -1158(t5)
core   0: 3 0x8000948a (0xb63f2d23) mem 0x8000b000 0x00000001
core   0: 0x8000948e (0x0000bfe5) c.j     pc - 8
core   0: 3 0x8000948e (0xbfe5)
core   0: 0x80009486 (0x00002f17) auipc   t5, 0x2
core   0: 3 0x80009486 (0x00002f17) x30 0x8000b486
core   0: 0x8000948a (0xb63f2d23) sw      gp, -1158(t5)
core   0: 3 0x8000948a (0xb63f2d23) mem 0x8000b000 0x00000001
core   0: 0x8000948e (0x0000bfe5) c.j     pc - 8
core   0: 3 0x8000948e (0xbfe5)
core   0: 0x80009486 (0x00002f17) auipc   t5, 0x2
core   0: 3 0x80009486 (0x00002f17) x30 0x8000b486
core   0: 0x8000948a (0xb63f2d23) sw      gp, -1158(t5)
core   0: 3 0x8000948a (0xb63f2d23) mem 0x8000b000 0x00000001
core   0: 0x8000948e (0x0000bfe5) c.j     pc - 8
core   0: 3 0x8000948e (0xbfe5)
core   0: 0x80009486 (0x00002f17) auipc   t5, 0x2
core   0: 3 0x80009486 (0x00002f17) x30 0x8000b486
core   0: 0x8000948a (0xb63f2d23) sw      gp, -1158(t5)
core   0: 3 0x8000948a (0xb63f2d23) mem 0x8000b000 0x00000001
core   0: 0x8000948e (0x0000bfe5) c.j     pc - 8
core   0: 3 0x8000948e (0xbfe5)
core   0: 0x80009486 (0x00002f17) auipc   t5, 0x2
core   0: 3 0x80009486 (0x00002f17) x30 0x8000b486
core   0: 0x8000948a (0xb63f2d23) sw      gp, -1158(t5)
core   0: 3 0x8000948a (0xb63f2d23) mem 0x8000b000 0x00000001
core   0: 0x8000948e (0x0000bfe5) c.j     pc - 8
core   0: 3 0x8000948e (0xbfe5)
core   0: 0x80009486 (0x00002f17) auipc   t5, 0x2
core   0: 3 0x80009486 (0x00002f17) x30 0x8000b486
core   0: 0x8000948a (0xb63f2d23) sw      gp, -1158(t5)
core   0: 3 0x8000948a (0xb63f2d23) mem 0x8000b000 0x00000001
core   0: 0x8000948e (0x0000bfe5) c.j     pc - 8
core   0: 3 0x8000948e (0xbfe5)
core   0: 0x80009486 (0x00002f17) auipc   t5, 0x2
core   0: 3 0x80009486 (0x00002f17) x30 0x8000b486
core   0: 0x8000948a (0xb63f2d23) sw      gp, -1158(t5)
core   0: 3 0x8000948a (0xb63f2d23) mem 0x8000b000 0x00000001
core   0: 0x8000948e (0x0000bfe5) c.j     pc - 8
core   0: 3 0x8000948e (0xbfe5)
core   0: 0x80009486 (0x00002f17) auipc   t5, 0x2
core   0: 3 0x80009486 (0x00002f17) x30 0x8000b486
core   0: 0x8000948a (0xb63f2d23) sw      gp, -1158(t5)
core   0: 3 0x8000948a (0xb63f2d23) mem 0x8000b000 0x00000001
core   0: 0x8000948e (0x0000bfe5) c.j     pc - 8
core   0: 3 0x8000948e (0xbfe5)
core   0: 0x80009486 (0x00002f17) auipc   t5, 0x2
core   0: 3 0x80009486 (0x00002f17) x30 0x8000b486
core   0: 0x8000948a (0xb63f2d23) sw      gp, -1158(t5)
core   0: 3 0x8000948a (0xb63f2d23) mem 0x8000b000 0x00000001
core   0: 0x8000948e (0x0000bfe5) c.j     pc - 8
core   0: 3 0x8000948e (0xbfe5)
core   0: 0x80009486 (0x00002f17) auipc   t5, 0x2
core   0: 3 0x80009486 (0x00002f17) x30 0x8000b486
core   0: 0x8000948a (0xb63f2d23) sw      gp, -1158(t5)
core   0: 3 0x8000948a (0xb63f2d23) mem 0x8000b000 0x00000001
core   0: 0x8000948e (0x0000bfe5) c.j     pc - 8
core   0: 3 0x8000948e (0xbfe5)
core   0: 0x80009486 (0x00002f17) auipc   t5, 0x2
core   0: 3 0x80009486 (0x00002f17) x30 0x8000b486
core   0: 0x8000948a (0xb63f2d23) sw      gp, -1158(t5)
core   0: 3 0x8000948a (0xb63f2d23) mem 0x8000b000 0x00000001
core   0: 0x8000948e (0x0000bfe5) c.j     pc - 8
core   0: 3 0x8000948e (0xbfe5)
core   0: 0x80009486 (0x00002f17) auipc   t5, 0x2
core   0: 3 0x80009486 (0x00002f17) x30 0x8000b486
core   0: 0x8000948a (0xb63f2d23) sw      gp, -1158(t5)
core   0: 3 0x8000948a (0xb63f2d23) mem 0x8000b000 0x00000001
core   0: 0x8000948e (0x0000bfe5) c.j     pc - 8
core   0: 3 0x8000948e (0xbfe5)
core   0: 0x80009486 (0x00002f17) auipc   t5, 0x2
core   0: 3 0x80009486 (0x00002f17) x30 0x8000b486
core   0: 0x8000948a (0xb63f2d23) sw      gp, -1158(t5)
core   0: 3 0x8000948a (0xb63f2d23) mem 0x8000b000 0x00000001
core   0: 0x8000948e (0x0000bfe5) c.j     pc - 8
core   0: 3 0x8000948e (0xbfe5)
core   0: 0x80009486 (0x00002f17) auipc   t5, 0x2
core   0: 3 0x80009486 (0x00002f17) x30 0x8000b486
core   0: 0x8000948a (0xb63f2d23) sw      gp, -1158(t5)
core   0: 3 0x8000948a (0xb63f2d23) mem 0x8000b000 0x00000001
core   0: 0x8000948e (0x0000bfe5) c.j     pc - 8
core   0: 3 0x8000948e (0xbfe5)
core   0: 0x80009486 (0x00002f17) auipc   t5, 0x2
core   0: 3 0x80009486 (0x00002f17) x30 0x8000b486
core   0: 0x8000948a (0xb63f2d23) sw      gp, -1158(t5)
core   0: 3 0x8000948a (0xb63f2d23) mem 0x8000b000 0x00000001
core   0: 0x8000948e (0x0000bfe5) c.j     pc - 8
core   0: 3 0x8000948e (0xbfe5)
core   0: 0x80009486 (0x00002f17) auipc   t5, 0x2
core   0: 3 0x80009486 (0x00002f17) x30 0x8000b486
core   0: 0x8000948a (0xb63f2d23) sw      gp, -1158(t5)
core   0: 3 0x8000948a (0xb63f2d23) mem 0x8000b000 0x00000001
core   0: 0x8000948e (0x0000bfe5) c.j     pc - 8
core   0: 3 0x8000948e (0xbfe5)
core   0: 0x80009486 (0x00002f17) auipc   t5, 0x2
core   0: 3 0x80009486 (0x00002f17) x30 0x8000b486
core   0: 0x8000948a (0xb63f2d23) sw      gp, -1158(t5)
core   0: 3 0x8000948a (0xb63f2d23) mem 0x8000b000 0x00000001
core   0: 0x8000948e (0x0000bfe5) c.j     pc - 8
core   0: 3 0x8000948e (0xbfe5)
core   0: 0x80009486 (0x00002f17) auipc   t5, 0x2
core   0: 3 0x80009486 (0x00002f17) x30 0x8000b486
core   0: 0x8000948a (0xb63f2d23) sw      gp, -1158(t5)
core   0: 3 0x8000948a (0xb63f2d23) mem 0x8000b000 0x00000001
core   0: 0x8000948e (0x0000bfe5) c.j     pc - 8
core   0: 3 0x8000948e (0xbfe5)
core   0: 0x80009486 (0x00002f17) auipc   t5, 0x2
core   0: 3 0x80009486 (0x00002f17) x30 0x8000b486
core   0: 0x8000948a (0xb63f2d23) sw      gp, -1158(t5)
core   0: 3 0x8000948a (0xb63f2d23) mem 0x8000b000 0x00000001
core   0: 0x8000948e (0x0000bfe5) c.j     pc - 8
core   0: 3 0x8000948e (0xbfe5)
core   0: 0x80009486 (0x00002f17) auipc   t5, 0x2
core   0: 3 0x80009486 (0x00002f17) x30 0x8000b486
core   0: 0x8000948a (0xb63f2d23) sw      gp, -1158(t5)
core   0: 3 0x8000948a (0xb63f2d23) mem 0x8000b000 0x00000001
core   0: 0x8000948e (0x0000bfe5) c.j     pc - 8
core   0: 3 0x8000948e (0xbfe5)
core   0: 0x80009486 (0x00002f17) auipc   t5, 0x2
core   0: 3 0x80009486 (0x00002f17) x30 0x8000b486
core   0: 0x8000948a (0xb63f2d23) sw      gp, -1158(t5)
core   0: 3 0x8000948a (0xb63f2d23) mem 0x8000b000 0x00000001
core   0: 0x8000948e (0x0000bfe5) c.j     pc - 8
core   0: 3 0x8000948e (0xbfe5)
core   0: 0x80009486 (0x00002f17) auipc   t5, 0x2
core   0: 3 0x80009486 (0x00002f17) x30 0x8000b486
core   0: 0x8000948a (0xb63f2d23) sw      gp, -1158(t5)
core   0: 3 0x8000948a (0xb63f2d23) mem 0x8000b000 0x00000001
core   0: 0x8000948e (0x0000bfe5) c.j     pc - 8
core   0: 3 0x8000948e (0xbfe5)
core   0: 0x80009486 (0x00002f17) auipc   t5, 0x2
core   0: 3 0x80009486 (0x00002f17) x30 0x8000b486
core   0: 0x8000948a (0xb63f2d23) sw      gp, -1158(t5)
core   0: 3 0x8000948a (0xb63f2d23) mem 0x8000b000 0x00000001
core   0: 0x8000948e (0x0000bfe5) c.j     pc - 8
core   0: 3 0x8000948e (0xbfe5)
core   0: 0x80009486 (0x00002f17) auipc   t5, 0x2
core   0: 3 0x80009486 (0x00002f17) x30 0x8000b486
core   0: 0x8000948a (0xb63f2d23) sw      gp, -1158(t5)
core   0: 3 0x8000948a (0xb63f2d23) mem 0x8000b000 0x00000001
core   0: 0x8000948e (0x0000bfe5) c.j     pc - 8
core   0: 3 0x8000948e (0xbfe5)
core   0: 0x80009486 (0x00002f17) auipc   t5, 0x2
core   0: 3 0x80009486 (0x00002f17) x30 0x8000b486
core   0: 0x8000948a (0xb63f2d23) sw      gp, -1158(t5)
core   0: 3 0x8000948a (0xb63f2d23) mem 0x8000b000 0x00000001
core   0: 0x8000948e (0x0000bfe5) c.j     pc - 8
core   0: 3 0x8000948e (0xbfe5)
core   0: 0x80009486 (0x00002f17) auipc   t5, 0x2
core   0: 3 0x80009486 (0x00002f17) x30 0x8000b486
core   0: 0x8000948a (0xb63f2d23) sw      gp, -1158(t5)
core   0: 3 0x8000948a (0xb63f2d23) mem 0x8000b000 0x00000001
core   0: 0x8000948e (0x0000bfe5) c.j     pc - 8
core   0: 3 0x8000948e (0xbfe5)
core   0: 0x80009486 (0x00002f17) auipc   t5, 0x2
core   0: 3 0x80009486 (0x00002f17) x30 0x8000b486
core   0: 0x8000948a (0xb63f2d23) sw      gp, -1158(t5)
core   0: 3 0x8000948a (0xb63f2d23) mem 0x8000b000 0x00000001
core   0: 0x8000948e (0x0000bfe5) c.j     pc - 8
core   0: 3 0x8000948e (0xbfe5)
core   0: 0x80009486 (0x00002f17) auipc   t5, 0x2
core   0: 3 0x80009486 (0x00002f17) x30 0x8000b486
core   0: 0x8000948a (0xb63f2d23) sw      gp, -1158(t5)
core   0: 3 0x8000948a (0xb63f2d23) mem 0x8000b000 0x00000001
core   0: 0x8000948e (0x0000bfe5) c.j     pc - 8
core   0: 3 0x8000948e (0xbfe5)
core   0: 0x80009486 (0x00002f17) auipc   t5, 0x2
core   0: 3 0x80009486 (0x00002f17) x30 0x8000b486
core   0: 0x8000948a (0xb63f2d23) sw      gp, -1158(t5)
core   0: 3 0x8000948a (0xb63f2d23) mem 0x8000b000 0x00000001
core   0: 0x8000948e (0x0000bfe5) c.j     pc - 8
core   0: 3 0x8000948e (0xbfe5)
core   0: 0x80009486 (0x00002f17) auipc   t5, 0x2
core   0: 3 0x80009486 (0x00002f17) x30 0x8000b486
core   0: 0x8000948a (0xb63f2d23) sw      gp, -1158(t5)
core   0: 3 0x8000948a (0xb63f2d23) mem 0x8000b000 0x00000001
core   0: 0x8000948e (0x0000bfe5) c.j     pc - 8
core   0: 3 0x8000948e (0xbfe5)
core   0: 0x80009486 (0x00002f17) auipc   t5, 0x2
core   0: 3 0x80009486 (0x00002f17) x30 0x8000b486
core   0: 0x8000948a (0xb63f2d23) sw      gp, -1158(t5)
core   0: 3 0x8000948a (0xb63f2d23) mem 0x8000b000 0x00000001
core   0: 0x8000948e (0x0000bfe5) c.j     pc - 8
core   0: 3 0x8000948e (0xbfe5)
core   0: 0x80009486 (0x00002f17) auipc   t5, 0x2
core   0: 3 0x80009486 (0x00002f17) x30 0x8000b486
core   0: 0x8000948a (0xb63f2d23) sw      gp, -1158(t5)
core   0: 3 0x8000948a (0xb63f2d23) mem 0x8000b000 0x00000001
core   0: 0x8000948e (0x0000bfe5) c.j     pc - 8
core   0: 3 0x8000948e (0xbfe5)
core   0: 0x80009486 (0x00002f17) auipc   t5, 0x2
core   0: 3 0x80009486 (0x00002f17) x30 0x8000b486
core   0: 0x8000948a (0xb63f2d23) sw      gp, -1158(t5)
core   0: 3 0x8000948a (0xb63f2d23) mem 0x8000b000 0x00000001
core   0: 0x8000948e (0x0000bfe5) c.j     pc - 8
core   0: 3 0x8000948e (0xbfe5)
core   0: 0x80009486 (0x00002f17) auipc   t5, 0x2
core   0: 3 0x80009486 (0x00002f17) x30 0x8000b486
core   0: 0x8000948a (0xb63f2d23) sw      gp, -1158(t5)
core   0: 3 0x8000948a (0xb63f2d23) mem 0x8000b000 0x00000001
core   0: 0x8000948e (0x0000bfe5) c.j     pc - 8
core   0: 3 0x8000948e (0xbfe5)
core   0: 0x80009486 (0x00002f17) auipc   t5, 0x2
core   0: 3 0x80009486 (0x00002f17) x30 0x8000b486
core   0: 0x8000948a (0xb63f2d23) sw      gp, -1158(t5)
core   0: 3 0x8000948a (0xb63f2d23) mem 0x8000b000 0x00000001
core   0: 0x8000948e (0x0000bfe5) c.j     pc - 8
core   0: 3 0x8000948e (0xbfe5)
core   0: 0x80009486 (0x00002f17) auipc   t5, 0x2
core   0: 3 0x80009486 (0x00002f17) x30 0x8000b486
core   0: 0x8000948a (0xb63f2d23) sw      gp, -1158(t5)
core   0: 3 0x8000948a (0xb63f2d23) mem 0x8000b000 0x00000001
core   0: 0x8000948e (0x0000bfe5) c.j     pc - 8
core   0: 3 0x8000948e (0xbfe5)
core   0: 0x80009486 (0x00002f17) auipc   t5, 0x2
core   0: 3 0x80009486 (0x00002f17) x30 0x8000b486
core   0: 0x8000948a (0xb63f2d23) sw      gp, -1158(t5)
core   0: 3 0x8000948a (0xb63f2d23) mem 0x8000b000 0x00000001
core   0: 0x8000948e (0x0000bfe5) c.j     pc - 8
core   0: 3 0x8000948e (0xbfe5)
core   0: 0x80009486 (0x00002f17) auipc   t5, 0x2
core   0: 3 0x80009486 (0x00002f17) x30 0x8000b486
core   0: 0x8000948a (0xb63f2d23) sw      gp, -1158(t5)
core   0: 3 0x8000948a (0xb63f2d23) mem 0x8000b000 0x00000001
core   0: 0x8000948e (0x0000bfe5) c.j     pc - 8
core   0: 3 0x8000948e (0xbfe5)
core   0: 0x80009486 (0x00002f17) auipc   t5, 0x2
core   0: 3 0x80009486 (0x00002f17) x30 0x8000b486
core   0: 0x8000948a (0xb63f2d23) sw      gp, -1158(t5)
core   0: 3 0x8000948a (0xb63f2d23) mem 0x8000b000 0x00000001
core   0: 0x8000948e (0x0000bfe5) c.j     pc - 8
core   0: 3 0x8000948e (0xbfe5)
core   0: 0x80009486 (0x00002f17) auipc   t5, 0x2
core   0: 3 0x80009486 (0x00002f17) x30 0x8000b486
core   0: 0x8000948a (0xb63f2d23) sw      gp, -1158(t5)
core   0: 3 0x8000948a (0xb63f2d23) mem 0x8000b000 0x00000001
core   0: 0x8000948e (0x0000bfe5) c.j     pc - 8
core   0: 3 0x8000948e (0xbfe5)
core   0: 0x80009486 (0x00002f17) auipc   t5, 0x2
core   0: 3 0x80009486 (0x00002f17) x30 0x8000b486
core   0: 0x8000948a (0xb63f2d23) sw      gp, -1158(t5)
core   0: 3 0x8000948a (0xb63f2d23) mem 0x8000b000 0x00000001
core   0: 0x8000948e (0x0000bfe5) c.j     pc - 8
core   0: 3 0x8000948e (0xbfe5)
core   0: 0x80009486 (0x00002f17) auipc   t5, 0x2
core   0: 3 0x80009486 (0x00002f17) x30 0x8000b486
core   0: 0x8000948a (0xb63f2d23) sw      gp, -1158(t5)
core   0: 3 0x8000948a (0xb63f2d23) mem 0x8000b000 0x00000001
core   0: 0x8000948e (0x0000bfe5) c.j     pc - 8
core   0: 3 0x8000948e (0xbfe5)
core   0: 0x80009486 (0x00002f17) auipc   t5, 0x2
core   0: 3 0x80009486 (0x00002f17) x30 0x8000b486
core   0: 0x8000948a (0xb63f2d23) sw      gp, -1158(t5)
core   0: 3 0x8000948a (0xb63f2d23) mem 0x8000b000 0x00000001
core   0: 0x8000948e (0x0000bfe5) c.j     pc - 8
core   0: 3 0x8000948e (0xbfe5)
core   0: 0x80009486 (0x00002f17) auipc   t5, 0x2
core   0: 3 0x80009486 (0x00002f17) x30 0x8000b486
core   0: 0x8000948a (0xb63f2d23) sw      gp, -1158(t5)
core   0: 3 0x8000948a (0xb63f2d23) mem 0x8000b000 0x00000001
core   0: 0x8000948e (0x0000bfe5) c.j     pc - 8
core   0: 3 0x8000948e (0xbfe5)
core   0: 0x80009486 (0x00002f17) auipc   t5, 0x2
core   0: 3 0x80009486 (0x00002f17) x30 0x8000b486
core   0: 0x8000948a (0xb63f2d23) sw      gp, -1158(t5)
core   0: 3 0x8000948a (0xb63f2d23) mem 0x8000b000 0x00000001
core   0: 0x8000948e (0x0000bfe5) c.j     pc - 8
core   0: 3 0x8000948e (0xbfe5)
core   0: 0x80009486 (0x00002f17) auipc   t5, 0x2
core   0: 3 0x80009486 (0x00002f17) x30 0x8000b486
core   0: 0x8000948a (0xb63f2d23) sw      gp, -1158(t5)
core   0: 3 0x8000948a (0xb63f2d23) mem 0x8000b000 0x00000001
core   0: 0x8000948e (0x0000bfe5) c.j     pc - 8
core   0: 3 0x8000948e (0xbfe5)
core   0: 0x80009486 (0x00002f17) auipc   t5, 0x2
core   0: 3 0x80009486 (0x00002f17) x30 0x8000b486
core   0: 0x8000948a (0xb63f2d23) sw      gp, -1158(t5)
core   0: 3 0x8000948a (0xb63f2d23) mem 0x8000b000 0x00000001
core   0: 0x8000948e (0x0000bfe5) c.j     pc - 8
core   0: 3 0x8000948e (0xbfe5)
core   0: 0x80009486 (0x00002f17) auipc   t5, 0x2
core   0: 3 0x80009486 (0x00002f17) x30 0x8000b486
core   0: 0x8000948a (0xb63f2d23) sw      gp, -1158(t5)
core   0: 3 0x8000948a (0xb63f2d23) mem 0x8000b000 0x00000001
core   0: 0x8000948e (0x0000bfe5) c.j     pc - 8
core   0: 3 0x8000948e (0xbfe5)
core   0: 0x80009486 (0x00002f17) auipc   t5, 0x2
core   0: 3 0x80009486 (0x00002f17) x30 0x8000b486
core   0: 0x8000948a (0xb63f2d23) sw      gp, -1158(t5)
core   0: 3 0x8000948a (0xb63f2d23) mem 0x8000b000 0x00000001
core   0: 0x8000948e (0x0000bfe5) c.j     pc - 8
core   0: 3 0x8000948e (0xbfe5)
core   0: 0x80009486 (0x00002f17) auipc   t5, 0x2
core   0: 3 0x80009486 (0x00002f17) x30 0x8000b486
core   0: 0x8000948a (0xb63f2d23) sw      gp, -1158(t5)
core   0: 3 0x8000948a (0xb63f2d23) mem 0x8000b000 0x00000001
core   0: 0x8000948e (0x0000bfe5) c.j     pc - 8
core   0: 3 0x8000948e (0xbfe5)
core   0: 0x80009486 (0x00002f17) auipc   t5, 0x2
core   0: 3 0x80009486 (0x00002f17) x30 0x8000b486
core   0: 0x8000948a (0xb63f2d23) sw      gp, -1158(t5)
core   0: 3 0x8000948a (0xb63f2d23) mem 0x8000b000 0x00000001
core   0: 0x8000948e (0x0000bfe5) c.j     pc - 8
core   0: 3 0x8000948e (0xbfe5)
core   0: 0x80009486 (0x00002f17) auipc   t5, 0x2
core   0: 3 0x80009486 (0x00002f17) x30 0x8000b486
core   0: 0x8000948a (0xb63f2d23) sw      gp, -1158(t5)
core   0: 3 0x8000948a (0xb63f2d23) mem 0x8000b000 0x00000001
core   0: 0x8000948e (0x0000bfe5) c.j     pc - 8
core   0: 3 0x8000948e (0xbfe5)
core   0: 0x80009486 (0x00002f17) auipc   t5, 0x2
core   0: 3 0x80009486 (0x00002f17) x30 0x8000b486
core   0: 0x8000948a (0xb63f2d23) sw      gp, -1158(t5)
core   0: 3 0x8000948a (0xb63f2d23) mem 0x8000b000 0x00000001
core   0: 0x8000948e (0x0000bfe5) c.j     pc - 8
core   0: 3 0x8000948e (0xbfe5)
core   0: 0x80009486 (0x00002f17) auipc   t5, 0x2
core   0: 3 0x80009486 (0x00002f17) x30 0x8000b486
core   0: 0x8000948a (0xb63f2d23) sw      gp, -1158(t5)
core   0: 3 0x8000948a (0xb63f2d23) mem 0x8000b000 0x00000001
core   0: 0x8000948e (0x0000bfe5) c.j     pc - 8
core   0: 3 0x8000948e (0xbfe5)
core   0: 0x80009486 (0x00002f17) auipc   t5, 0x2
core   0: 3 0x80009486 (0x00002f17) x30 0x8000b486
core   0: 0x8000948a (0xb63f2d23) sw      gp, -1158(t5)
core   0: 3 0x8000948a (0xb63f2d23) mem 0x8000b000 0x00000001
core   0: 0x8000948e (0x0000bfe5) c.j     pc - 8
core   0: 3 0x8000948e (0xbfe5)
core   0: 0x80009486 (0x00002f17) auipc   t5, 0x2
core   0: 3 0x80009486 (0x00002f17) x30 0x8000b486
core   0: 0x8000948a (0xb63f2d23) sw      gp, -1158(t5)
core   0: 3 0x8000948a (0xb63f2d23) mem 0x8000b000 0x00000001
core   0: 0x8000948e (0x0000bfe5) c.j     pc - 8
core   0: 3 0x8000948e (0xbfe5)
core   0: 0x80009486 (0x00002f17) auipc   t5, 0x2
core   0: 3 0x80009486 (0x00002f17) x30 0x8000b486
core   0: 0x8000948a (0xb63f2d23) sw      gp, -1158(t5)
core   0: 3 0x8000948a (0xb63f2d23) mem 0x8000b000 0x00000001
core   0: 0x8000948e (0x0000bfe5) c.j     pc - 8
core   0: 3 0x8000948e (0xbfe5)
core   0: 0x80009486 (0x00002f17) auipc   t5, 0x2
core   0: 3 0x80009486 (0x00002f17) x30 0x8000b486
core   0: 0x8000948a (0xb63f2d23) sw      gp, -1158(t5)
core   0: 3 0x8000948a (0xb63f2d23) mem 0x8000b000 0x00000001
core   0: 0x8000948e (0x0000bfe5) c.j     pc - 8
core   0: 3 0x8000948e (0xbfe5)
core   0: 0x80009486 (0x00002f17) auipc   t5, 0x2
core   0: 3 0x80009486 (0x00002f17) x30 0x8000b486
core   0: 0x8000948a (0xb63f2d23) sw      gp, -1158(t5)
core   0: 3 0x8000948a (0xb63f2d23) mem 0x8000b000 0x00000001
core   0: 0x8000948e (0x0000bfe5) c.j     pc - 8
core   0: 3 0x8000948e (0xbfe5)
core   0: 0x80009486 (0x00002f17) auipc   t5, 0x2
core   0: 3 0x80009486 (0x00002f17) x30 0x8000b486
core   0: 0x8000948a (0xb63f2d23) sw      gp, -1158(t5)
core   0: 3 0x8000948a (0xb63f2d23) mem 0x8000b000 0x00000001
core   0: 0x8000948e (0x0000bfe5) c.j     pc - 8
core   0: 3 0x8000948e (0xbfe5)
core   0: 0x80009486 (0x00002f17) auipc   t5, 0x2
core   0: 3 0x80009486 (0x00002f17) x30 0x8000b486
core   0: 0x8000948a (0xb63f2d23) sw      gp, -1158(t5)
core   0: 3 0x8000948a (0xb63f2d23) mem 0x8000b000 0x00000001
core   0: 0x8000948e (0x0000bfe5) c.j     pc - 8
core   0: 3 0x8000948e (0xbfe5)
core   0: 0x80009486 (0x00002f17) auipc   t5, 0x2
core   0: 3 0x80009486 (0x00002f17) x30 0x8000b486
core   0: 0x8000948a (0xb63f2d23) sw      gp, -1158(t5)
core   0: 3 0x8000948a (0xb63f2d23) mem 0x8000b000 0x00000001
core   0: 0x8000948e (0x0000bfe5) c.j     pc - 8
core   0: 3 0x8000948e (0xbfe5)
core   0: 0x80009486 (0x00002f17) auipc   t5, 0x2
core   0: 3 0x80009486 (0x00002f17) x30 0x8000b486
core   0: 0x8000948a (0xb63f2d23) sw      gp, -1158(t5)
core   0: 3 0x8000948a (0xb63f2d23) mem 0x8000b000 0x00000001
core   0: 0x8000948e (0x0000bfe5) c.j     pc - 8
core   0: 3 0x8000948e (0xbfe5)
core   0: 0x80009486 (0x00002f17) auipc   t5, 0x2
core   0: 3 0x80009486 (0x00002f17) x30 0x8000b486
core   0: 0x8000948a (0xb63f2d23) sw      gp, -1158(t5)
core   0: 3 0x8000948a (0xb63f2d23) mem 0x8000b000 0x00000001
core   0: 0x8000948e (0x0000bfe5) c.j     pc - 8
core   0: 3 0x8000948e (0xbfe5)
core   0: 0x80009486 (0x00002f17) auipc   t5, 0x2
core   0: 3 0x80009486 (0x00002f17) x30 0x8000b486
core   0: 0x8000948a (0xb63f2d23) sw      gp, -1158(t5)
core   0: 3 0x8000948a (0xb63f2d23) mem 0x8000b000 0x00000001
core   0: 0x8000948e (0x0000bfe5) c.j     pc - 8
core   0: 3 0x8000948e (0xbfe5)
core   0: 0x80009486 (0x00002f17) auipc   t5, 0x2
core   0: 3 0x80009486 (0x00002f17) x30 0x8000b486
core   0: 0x8000948a (0xb63f2d23) sw      gp, -1158(t5)
core   0: 3 0x8000948a (0xb63f2d23) mem 0x8000b000 0x00000001
core   0: 0x8000948e (0x0000bfe5) c.j     pc - 8
core   0: 3 0x8000948e (0xbfe5)
core   0: 0x80009486 (0x00002f17) auipc   t5, 0x2
core   0: 3 0x80009486 (0x00002f17) x30 0x8000b486
core   0: 0x8000948a (0xb63f2d23) sw      gp, -1158(t5)
core   0: 3 0x8000948a (0xb63f2d23) mem 0x8000b000 0x00000001
core   0: 0x8000948e (0x0000bfe5) c.j     pc - 8
core   0: 3 0x8000948e (0xbfe5)
core   0: 0x80009486 (0x00002f17) auipc   t5, 0x2
core   0: 3 0x80009486 (0x00002f17) x30 0x8000b486
core   0: 0x8000948a (0xb63f2d23) sw      gp, -1158(t5)
core   0: 3 0x8000948a (0xb63f2d23) mem 0x8000b000 0x00000001
core   0: 0x8000948e (0x0000bfe5) c.j     pc - 8
core   0: 3 0x8000948e (0xbfe5)
core   0: 0x80009486 (0x00002f17) auipc   t5, 0x2
core   0: 3 0x80009486 (0x00002f17) x30 0x8000b486
core   0: 0x8000948a (0xb63f2d23) sw      gp, -1158(t5)
core   0: 3 0x8000948a (0xb63f2d23) mem 0x8000b000 0x00000001
core   0: 0x8000948e (0x0000bfe5) c.j     pc - 8
core   0: 3 0x8000948e (0xbfe5)
core   0: 0x80009486 (0x00002f17) auipc   t5, 0x2
core   0: 3 0x80009486 (0x00002f17) x30 0x8000b486
core   0: 0x8000948a (0xb63f2d23) sw      gp, -1158(t5)
core   0: 3 0x8000948a (0xb63f2d23) mem 0x8000b000 0x00000001
core   0: 0x8000948e (0x0000bfe5) c.j     pc - 8
core   0: 3 0x8000948e (0xbfe5)
core   0: 0x80009486 (0x00002f17) auipc   t5, 0x2
core   0: 3 0x80009486 (0x00002f17) x30 0x8000b486
core   0: 0x8000948a (0xb63f2d23) sw      gp, -1158(t5)
core   0: 3 0x8000948a (0xb63f2d23) mem 0x8000b000 0x00000001
core   0: 0x8000948e (0x0000bfe5) c.j     pc - 8
core   0: 3 0x8000948e (0xbfe5)
core   0: 0x80009486 (0x00002f17) auipc   t5, 0x2
core   0: 3 0x80009486 (0x00002f17) x30 0x8000b486
core   0: 0x8000948a (0xb63f2d23) sw      gp, -1158(t5)
core   0: 3 0x8000948a (0xb63f2d23) mem 0x8000b000 0x00000001
core   0: 0x8000948e (0x0000bfe5) c.j     pc - 8
core   0: 3 0x8000948e (0xbfe5)
core   0: 0x80009486 (0x00002f17) auipc   t5, 0x2
core   0: 3 0x80009486 (0x00002f17) x30 0x8000b486
core   0: 0x8000948a (0xb63f2d23) sw      gp, -1158(t5)
core   0: 3 0x8000948a (0xb63f2d23) mem 0x8000b000 0x00000001
core   0: 0x8000948e (0x0000bfe5) c.j     pc - 8
core   0: 3 0x8000948e (0xbfe5)
core   0: 0x80009486 (0x00002f17) auipc   t5, 0x2
core   0: 3 0x80009486 (0x00002f17) x30 0x8000b486
core   0: 0x8000948a (0xb63f2d23) sw      gp, -1158(t5)
core   0: 3 0x8000948a (0xb63f2d23) mem 0x8000b000 0x00000001
core   0: 0x8000948e (0x0000bfe5) c.j     pc - 8
core   0: 3 0x8000948e (0xbfe5)
core   0: 0x80009486 (0x00002f17) auipc   t5, 0x2
core   0: 3 0x80009486 (0x00002f17) x30 0x8000b486
core   0: 0x8000948a (0xb63f2d23) sw      gp, -1158(t5)
core   0: 3 0x8000948a (0xb63f2d23) mem 0x8000b000 0x00000001
core   0: 0x8000948e (0x0000bfe5) c.j     pc - 8
core   0: 3 0x8000948e (0xbfe5)
core   0: 0x80009486 (0x00002f17) auipc   t5, 0x2
core   0: 3 0x80009486 (0x00002f17) x30 0x8000b486
core   0: 0x8000948a (0xb63f2d23) sw      gp, -1158(t5)
core   0: 3 0x8000948a (0xb63f2d23) mem 0x8000b000 0x00000001
core   0: 0x8000948e (0x0000bfe5) c.j     pc - 8
core   0: 3 0x8000948e (0xbfe5)
core   0: 0x80009486 (0x00002f17) auipc   t5, 0x2
core   0: 3 0x80009486 (0x00002f17) x30 0x8000b486
core   0: 0x8000948a (0xb63f2d23) sw      gp, -1158(t5)
core   0: 3 0x8000948a (0xb63f2d23) mem 0x8000b000 0x00000001
core   0: 0x8000948e (0x0000bfe5) c.j     pc - 8
core   0: 3 0x8000948e (0xbfe5)
core   0: 0x80009486 (0x00002f17) auipc   t5, 0x2
core   0: 3 0x80009486 (0x00002f17) x30 0x8000b486
core   0: 0x8000948a (0xb63f2d23) sw      gp, -1158(t5)
core   0: 3 0x8000948a (0xb63f2d23) mem 0x8000b000 0x00000001
core   0: 0x8000948e (0x0000bfe5) c.j     pc - 8
core   0: 3 0x8000948e (0xbfe5)
core   0: 0x80009486 (0x00002f17) auipc   t5, 0x2
core   0: 3 0x80009486 (0x00002f17) x30 0x8000b486
core   0: 0x8000948a (0xb63f2d23) sw      gp, -1158(t5)
core   0: 3 0x8000948a (0xb63f2d23) mem 0x8000b000 0x00000001
core   0: 0x8000948e (0x0000bfe5) c.j     pc - 8
core   0: 3 0x8000948e (0xbfe5)
core   0: 0x80009486 (0x00002f17) auipc   t5, 0x2
core   0: 3 0x80009486 (0x00002f17) x30 0x8000b486
core   0: 0x8000948a (0xb63f2d23) sw      gp, -1158(t5)
core   0: 3 0x8000948a (0xb63f2d23) mem 0x8000b000 0x00000001
core   0: 0x8000948e (0x0000bfe5) c.j     pc - 8
core   0: 3 0x8000948e (0xbfe5)
core   0: 0x80009486 (0x00002f17) auipc   t5, 0x2
core   0: 3 0x80009486 (0x00002f17) x30 0x8000b486
core   0: 0x8000948a (0xb63f2d23) sw      gp, -1158(t5)
core   0: 3 0x8000948a (0xb63f2d23) mem 0x8000b000 0x00000001
core   0: 0x8000948e (0x0000bfe5) c.j     pc - 8
core   0: 3 0x8000948e (0xbfe5)
core   0: 0x80009486 (0x00002f17) auipc   t5, 0x2
core   0: 3 0x80009486 (0x00002f17) x30 0x8000b486
core   0: 0x8000948a (0xb63f2d23) sw      gp, -1158(t5)
core   0: 3 0x8000948a (0xb63f2d23) mem 0x8000b000 0x00000001
core   0: 0x8000948e (0x0000bfe5) c.j     pc - 8
core   0: 3 0x8000948e (0xbfe5)
core   0: 0x80009486 (0x00002f17) auipc   t5, 0x2
core   0: 3 0x80009486 (0x00002f17) x30 0x8000b486
core   0: 0x8000948a (0xb63f2d23) sw      gp, -1158(t5)
core   0: 3 0x8000948a (0xb63f2d23) mem 0x8000b000 0x00000001
core   0: 0x8000948e (0x0000bfe5) c.j     pc - 8
core   0: 3 0x8000948e (0xbfe5)
core   0: 0x80009486 (0x00002f17) auipc   t5, 0x2
core   0: 3 0x80009486 (0x00002f17) x30 0x8000b486
core   0: 0x8000948a (0xb63f2d23) sw      gp, -1158(t5)
core   0: 3 0x8000948a (0xb63f2d23) mem 0x8000b000 0x00000001
core   0: 0x8000948e (0x0000bfe5) c.j     pc - 8
core   0: 3 0x8000948e (0xbfe5)
core   0: 0x80009486 (0x00002f17) auipc   t5, 0x2
core   0: 3 0x80009486 (0x00002f17) x30 0x8000b486
core   0: 0x8000948a (0xb63f2d23) sw      gp, -1158(t5)
core   0: 3 0x8000948a (0xb63f2d23) mem 0x8000b000 0x00000001
core   0: 0x8000948e (0x0000bfe5) c.j     pc - 8
core   0: 3 0x8000948e (0xbfe5)
core   0: 0x80009486 (0x00002f17) auipc   t5, 0x2
core   0: 3 0x80009486 (0x00002f17) x30 0x8000b486
core   0: 0x8000948a (0xb63f2d23) sw      gp, -1158(t5)
core   0: 3 0x8000948a (0xb63f2d23) mem 0x8000b000 0x00000001
core   0: 0x8000948e (0x0000bfe5) c.j     pc - 8
core   0: 3 0x8000948e (0xbfe5)
core   0: 0x80009486 (0x00002f17) auipc   t5, 0x2
core   0: 3 0x80009486 (0x00002f17) x30 0x8000b486
core   0: 0x8000948a (0xb63f2d23) sw      gp, -1158(t5)
core   0: 3 0x8000948a (0xb63f2d23) mem 0x8000b000 0x00000001
core   0: 0x8000948e (0x0000bfe5) c.j     pc - 8
core   0: 3 0x8000948e (0xbfe5)
core   0: 0x80009486 (0x00002f17) auipc   t5, 0x2
core   0: 3 0x80009486 (0x00002f17) x30 0x8000b486
core   0: 0x8000948a (0xb63f2d23) sw      gp, -1158(t5)
core   0: 3 0x8000948a (0xb63f2d23) mem 0x8000b000 0x00000001
core   0: 0x8000948e (0x0000bfe5) c.j     pc - 8
core   0: 3 0x8000948e (0xbfe5)
core   0: 0x80009486 (0x00002f17) auipc   t5, 0x2
core   0: 3 0x80009486 (0x00002f17) x30 0x8000b486
core   0: 0x8000948a (0xb63f2d23) sw      gp, -1158(t5)
core   0: 3 0x8000948a (0xb63f2d23) mem 0x8000b000 0x00000001
core   0: 0x8000948e (0x0000bfe5) c.j     pc - 8
core   0: 3 0x8000948e (0xbfe5)
core   0: 0x80009486 (0x00002f17) auipc   t5, 0x2
core   0: 3 0x80009486 (0x00002f17) x30 0x8000b486
core   0: 0x8000948a (0xb63f2d23) sw      gp, -1158(t5)
core   0: 3 0x8000948a (0xb63f2d23) mem 0x8000b000 0x00000001
core   0: 0x8000948e (0x0000bfe5) c.j     pc - 8
core   0: 3 0x8000948e (0xbfe5)
core   0: 0x80009486 (0x00002f17) auipc   t5, 0x2
core   0: 3 0x80009486 (0x00002f17) x30 0x8000b486
core   0: 0x8000948a (0xb63f2d23) sw      gp, -1158(t5)
core   0: 3 0x8000948a (0xb63f2d23) mem 0x8000b000 0x00000001
core   0: 0x8000948e (0x0000bfe5) c.j     pc - 8
core   0: 3 0x8000948e (0xbfe5)
core   0: 0x80009486 (0x00002f17) auipc   t5, 0x2
core   0: 3 0x80009486 (0x00002f17) x30 0x8000b486
core   0: 0x8000948a (0xb63f2d23) sw      gp, -1158(t5)
core   0: 3 0x8000948a (0xb63f2d23) mem 0x8000b000 0x00000001
core   0: 0x8000948e (0x0000bfe5) c.j     pc - 8
core   0: 3 0x8000948e (0xbfe5)
core   0: 0x80009486 (0x00002f17) auipc   t5, 0x2
core   0: 3 0x80009486 (0x00002f17) x30 0x8000b486
core   0: 0x8000948a (0xb63f2d23) sw      gp, -1158(t5)
core   0: 3 0x8000948a (0xb63f2d23) mem 0x8000b000 0x00000001
core   0: 0x8000948e (0x0000bfe5) c.j     pc - 8
core   0: 3 0x8000948e (0xbfe5)
core   0: 0x80009486 (0x00002f17) auipc   t5, 0x2
core   0: 3 0x80009486 (0x00002f17) x30 0x8000b486
core   0: 0x8000948a (0xb63f2d23) sw      gp, -1158(t5)
core   0: 3 0x8000948a (0xb63f2d23) mem 0x8000b000 0x00000001
core   0: 0x8000948e (0x0000bfe5) c.j     pc - 8
core   0: 3 0x8000948e (0xbfe5)
core   0: 0x80009486 (0x00002f17) auipc   t5, 0x2
core   0: 3 0x80009486 (0x00002f17) x30 0x8000b486
core   0: 0x8000948a (0xb63f2d23) sw      gp, -1158(t5)
core   0: 3 0x8000948a (0xb63f2d23) mem 0x8000b000 0x00000001
core   0: 0x8000948e (0x0000bfe5) c.j     pc - 8
core   0: 3 0x8000948e (0xbfe5)
core   0: 0x80009486 (0x00002f17) auipc   t5, 0x2
core   0: 3 0x80009486 (0x00002f17) x30 0x8000b486
core   0: 0x8000948a (0xb63f2d23) sw      gp, -1158(t5)
core   0: 3 0x8000948a (0xb63f2d23) mem 0x8000b000 0x00000001
core   0: 0x8000948e (0x0000bfe5) c.j     pc - 8
core   0: 3 0x8000948e (0xbfe5)
core   0: 0x80009486 (0x00002f17) auipc   t5, 0x2
core   0: 3 0x80009486 (0x00002f17) x30 0x8000b486
core   0: 0x8000948a (0xb63f2d23) sw      gp, -1158(t5)
core   0: 3 0x8000948a (0xb63f2d23) mem 0x8000b000 0x00000001
core   0: 0x8000948e (0x0000bfe5) c.j     pc - 8
core   0: 3 0x8000948e (0xbfe5)
core   0: 0x80009486 (0x00002f17) auipc   t5, 0x2
core   0: 3 0x80009486 (0x00002f17) x30 0x8000b486
core   0: 0x8000948a (0xb63f2d23) sw      gp, -1158(t5)
core   0: 3 0x8000948a (0xb63f2d23) mem 0x8000b000 0x00000001
core   0: 0x8000948e (0x0000bfe5) c.j     pc - 8
core   0: 3 0x8000948e (0xbfe5)
core   0: 0x80009486 (0x00002f17) auipc   t5, 0x2
core   0: 3 0x80009486 (0x00002f17) x30 0x8000b486
core   0: 0x8000948a (0xb63f2d23) sw      gp, -1158(t5)
core   0: 3 0x8000948a (0xb63f2d23) mem 0x8000b000 0x00000001
core   0: 0x8000948e (0x0000bfe5) c.j     pc - 8
core   0: 3 0x8000948e (0xbfe5)
core   0: 0x80009486 (0x00002f17) auipc   t5, 0x2
core   0: 3 0x80009486 (0x00002f17) x30 0x8000b486
core   0: 0x8000948a (0xb63f2d23) sw      gp, -1158(t5)
core   0: 3 0x8000948a (0xb63f2d23) mem 0x8000b000 0x00000001
core   0: 0x8000948e (0x0000bfe5) c.j     pc - 8
core   0: 3 0x8000948e (0xbfe5)
core   0: 0x80009486 (0x00002f17) auipc   t5, 0x2
core   0: 3 0x80009486 (0x00002f17) x30 0x8000b486
core   0: 0x8000948a (0xb63f2d23) sw      gp, -1158(t5)
core   0: 3 0x8000948a (0xb63f2d23) mem 0x8000b000 0x00000001
core   0: 0x8000948e (0x0000bfe5) c.j     pc - 8
core   0: 3 0x8000948e (0xbfe5)
core   0: 0x80009486 (0x00002f17) auipc   t5, 0x2
core   0: 3 0x80009486 (0x00002f17) x30 0x8000b486
core   0: 0x8000948a (0xb63f2d23) sw      gp, -1158(t5)
core   0: 3 0x8000948a (0xb63f2d23) mem 0x8000b000 0x00000001
core   0: 0x8000948e (0x0000bfe5) c.j     pc - 8
core   0: 3 0x8000948e (0xbfe5)
core   0: 0x80009486 (0x00002f17) auipc   t5, 0x2
core   0: 3 0x80009486 (0x00002f17) x30 0x8000b486
core   0: 0x8000948a (0xb63f2d23) sw      gp, -1158(t5)
core   0: 3 0x8000948a (0xb63f2d23) mem 0x8000b000 0x00000001
core   0: 0x8000948e (0x0000bfe5) c.j     pc - 8
core   0: 3 0x8000948e (0xbfe5)
core   0: 0x80009486 (0x00002f17) auipc   t5, 0x2
core   0: 3 0x80009486 (0x00002f17) x30 0x8000b486
core   0: 0x8000948a (0xb63f2d23) sw      gp, -1158(t5)
core   0: 3 0x8000948a (0xb63f2d23) mem 0x8000b000 0x00000001
core   0: 0x8000948e (0x0000bfe5) c.j     pc - 8
core   0: 3 0x8000948e (0xbfe5)
core   0: 0x80009486 (0x00002f17) auipc   t5, 0x2
core   0: 3 0x80009486 (0x00002f17) x30 0x8000b486
core   0: 0x8000948a (0xb63f2d23) sw      gp, -1158(t5)
core   0: 3 0x8000948a (0xb63f2d23) mem 0x8000b000 0x00000001
core   0: 0x8000948e (0x0000bfe5) c.j     pc - 8
core   0: 3 0x8000948e (0xbfe5)
core   0: 0x80009486 (0x00002f17) auipc   t5, 0x2
core   0: 3 0x80009486 (0x00002f17) x30 0x8000b486
core   0: 0x8000948a (0xb63f2d23) sw      gp, -1158(t5)
core   0: 3 0x8000948a (0xb63f2d23) mem 0x8000b000 0x00000001
core   0: 0x8000948e (0x0000bfe5) c.j     pc - 8
core   0: 3 0x8000948e (0xbfe5)
core   0: 0x80009486 (0x00002f17) auipc   t5, 0x2
core   0: 3 0x80009486 (0x00002f17) x30 0x8000b486
core   0: 0x8000948a (0xb63f2d23) sw      gp, -1158(t5)
core   0: 3 0x8000948a (0xb63f2d23) mem 0x8000b000 0x00000001
core   0: 0x8000948e (0x0000bfe5) c.j     pc - 8
core   0: 3 0x8000948e (0xbfe5)
core   0: 0x80009486 (0x00002f17) auipc   t5, 0x2
core   0: 3 0x80009486 (0x00002f17) x30 0x8000b486
core   0: 0x8000948a (0xb63f2d23) sw      gp, -1158(t5)
core   0: 3 0x8000948a (0xb63f2d23) mem 0x8000b000 0x00000001
core   0: 0x8000948e (0x0000bfe5) c.j     pc - 8
core   0: 3 0x8000948e (0xbfe5)
core   0: 0x80009486 (0x00002f17) auipc   t5, 0x2
core   0: 3 0x80009486 (0x00002f17) x30 0x8000b486
core   0: 0x8000948a (0xb63f2d23) sw      gp, -1158(t5)
core   0: 3 0x8000948a (0xb63f2d23) mem 0x8000b000 0x00000001
core   0: 0x8000948e (0x0000bfe5) c.j     pc - 8
core   0: 3 0x8000948e (0xbfe5)
core   0: 0x80009486 (0x00002f17) auipc   t5, 0x2
core   0: 3 0x80009486 (0x00002f17) x30 0x8000b486
core   0: 0x8000948a (0xb63f2d23) sw      gp, -1158(t5)
core   0: 3 0x8000948a (0xb63f2d23) mem 0x8000b000 0x00000001
core   0: 0x8000948e (0x0000bfe5) c.j     pc - 8
core   0: 3 0x8000948e (0xbfe5)
core   0: 0x80009486 (0x00002f17) auipc   t5, 0x2
core   0: 3 0x80009486 (0x00002f17) x30 0x8000b486
core   0: 0x8000948a (0xb63f2d23) sw      gp, -1158(t5)
core   0: 3 0x8000948a (0xb63f2d23) mem 0x8000b000 0x00000001
core   0: 0x8000948e (0x0000bfe5) c.j     pc - 8
core   0: 3 0x8000948e (0xbfe5)
core   0: 0x80009486 (0x00002f17) auipc   t5, 0x2
core   0: 3 0x80009486 (0x00002f17) x30 0x8000b486
core   0: 0x8000948a (0xb63f2d23) sw      gp, -1158(t5)
core   0: 3 0x8000948a (0xb63f2d23) mem 0x8000b000 0x00000001
core   0: 0x8000948e (0x0000bfe5) c.j     pc - 8
core   0: 3 0x8000948e (0xbfe5)
core   0: 0x80009486 (0x00002f17) auipc   t5, 0x2
core   0: 3 0x80009486 (0x00002f17) x30 0x8000b486
core   0: 0x8000948a (0xb63f2d23) sw      gp, -1158(t5)
core   0: 3 0x8000948a (0xb63f2d23) mem 0x8000b000 0x00000001
core   0: 0x8000948e (0x0000bfe5) c.j     pc - 8
core   0: 3 0x8000948e (0xbfe5)
core   0: 0x80009486 (0x00002f17) auipc   t5, 0x2
core   0: 3 0x80009486 (0x00002f17) x30 0x8000b486
core   0: 0x8000948a (0xb63f2d23) sw      gp, -1158(t5)
core   0: 3 0x8000948a (0xb63f2d23) mem 0x8000b000 0x00000001
core   0: 0x8000948e (0x0000bfe5) c.j     pc - 8
core   0: 3 0x8000948e (0xbfe5)
core   0: 0x80009486 (0x00002f17) auipc   t5, 0x2
core   0: 3 0x80009486 (0x00002f17) x30 0x8000b486
core   0: 0x8000948a (0xb63f2d23) sw      gp, -1158(t5)
core   0: 3 0x8000948a (0xb63f2d23) mem 0x8000b000 0x00000001
core   0: 0x8000948e (0x0000bfe5) c.j     pc - 8
core   0: 3 0x8000948e (0xbfe5)
core   0: 0x80009486 (0x00002f17) auipc   t5, 0x2
core   0: 3 0x80009486 (0x00002f17) x30 0x8000b486
core   0: 0x8000948a (0xb63f2d23) sw      gp, -1158(t5)
core   0: 3 0x8000948a (0xb63f2d23) mem 0x8000b000 0x00000001
core   0: 0x8000948e (0x0000bfe5) c.j     pc - 8
core   0: 3 0x8000948e (0xbfe5)
core   0: 0x80009486 (0x00002f17) auipc   t5, 0x2
core   0: 3 0x80009486 (0x00002f17) x30 0x8000b486
core   0: 0x8000948a (0xb63f2d23) sw      gp, -1158(t5)
core   0: 3 0x8000948a (0xb63f2d23) mem 0x8000b000 0x00000001
core   0: 0x8000948e (0x0000bfe5) c.j     pc - 8
core   0: 3 0x8000948e (0xbfe5)
core   0: 0x80009486 (0x00002f17) auipc   t5, 0x2
core   0: 3 0x80009486 (0x00002f17) x30 0x8000b486
core   0: 0x8000948a (0xb63f2d23) sw      gp, -1158(t5)
core   0: 3 0x8000948a (0xb63f2d23) mem 0x8000b000 0x00000001
core   0: 0x8000948e (0x0000bfe5) c.j     pc - 8
core   0: 3 0x8000948e (0xbfe5)
core   0: 0x80009486 (0x00002f17) auipc   t5, 0x2
core   0: 3 0x80009486 (0x00002f17) x30 0x8000b486
core   0: 0x8000948a (0xb63f2d23) sw      gp, -1158(t5)
core   0: 3 0x8000948a (0xb63f2d23) mem 0x8000b000 0x00000001
core   0: 0x8000948e (0x0000bfe5) c.j     pc - 8
core   0: 3 0x8000948e (0xbfe5)
core   0: 0x80009486 (0x00002f17) auipc   t5, 0x2
core   0: 3 0x80009486 (0x00002f17) x30 0x8000b486
core   0: 0x8000948a (0xb63f2d23) sw      gp, -1158(t5)
core   0: 3 0x8000948a (0xb63f2d23) mem 0x8000b000 0x00000001
core   0: 0x8000948e (0x0000bfe5) c.j     pc - 8
core   0: 3 0x8000948e (0xbfe5)
core   0: 0x80009486 (0x00002f17) auipc   t5, 0x2
core   0: 3 0x80009486 (0x00002f17) x30 0x8000b486
core   0: 0x8000948a (0xb63f2d23) sw      gp, -1158(t5)
core   0: 3 0x8000948a (0xb63f2d23) mem 0x8000b000 0x00000001
core   0: 0x8000948e (0x0000bfe5) c.j     pc - 8
core   0: 3 0x8000948e (0xbfe5)
core   0: 0x80009486 (0x00002f17) auipc   t5, 0x2
core   0: 3 0x80009486 (0x00002f17) x30 0x8000b486
core   0: 0x8000948a (0xb63f2d23) sw      gp, -1158(t5)
core   0: 3 0x8000948a (0xb63f2d23) mem 0x8000b000 0x00000001
core   0: 0x8000948e (0x0000bfe5) c.j     pc - 8
core   0: 3 0x8000948e (0xbfe5)
core   0: 0x80009486 (0x00002f17) auipc   t5, 0x2
core   0: 3 0x80009486 (0x00002f17) x30 0x8000b486
core   0: 0x8000948a (0xb63f2d23) sw      gp, -1158(t5)
core   0: 3 0x8000948a (0xb63f2d23) mem 0x8000b000 0x00000001
core   0: 0x8000948e (0x0000bfe5) c.j     pc - 8
core   0: 3 0x8000948e (0xbfe5)
core   0: 0x80009486 (0x00002f17) auipc   t5, 0x2
core   0: 3 0x80009486 (0x00002f17) x30 0x8000b486
core   0: 0x8000948a (0xb63f2d23) sw      gp, -1158(t5)
core   0: 3 0x8000948a (0xb63f2d23) mem 0x8000b000 0x00000001
core   0: 0x8000948e (0x0000bfe5) c.j     pc - 8
core   0: 3 0x8000948e (0xbfe5)
core   0: 0x80009486 (0x00002f17) auipc   t5, 0x2
core   0: 3 0x80009486 (0x00002f17) x30 0x8000b486
core   0: 0x8000948a (0xb63f2d23) sw      gp, -1158(t5)
core   0: 3 0x8000948a (0xb63f2d23) mem 0x8000b000 0x00000001
core   0: 0x8000948e (0x0000bfe5) c.j     pc - 8
core   0: 3 0x8000948e (0xbfe5)
core   0: 0x80009486 (0x00002f17) auipc   t5, 0x2
core   0: 3 0x80009486 (0x00002f17) x30 0x8000b486
core   0: 0x8000948a (0xb63f2d23) sw      gp, -1158(t5)
core   0: 3 0x8000948a (0xb63f2d23) mem 0x8000b000 0x00000001
core   0: 0x8000948e (0x0000bfe5) c.j     pc - 8
core   0: 3 0x8000948e (0xbfe5)
core   0: 0x80009486 (0x00002f17) auipc   t5, 0x2
core   0: 3 0x80009486 (0x00002f17) x30 0x8000b486
core   0: 0x8000948a (0xb63f2d23) sw      gp, -1158(t5)
core   0: 3 0x8000948a (0xb63f2d23) mem 0x8000b000 0x00000001
core   0: 0x8000948e (0x0000bfe5) c.j     pc - 8
core   0: 3 0x8000948e (0xbfe5)
core   0: 0x80009486 (0x00002f17) auipc   t5, 0x2
core   0: 3 0x80009486 (0x00002f17) x30 0x8000b486
core   0: 0x8000948a (0xb63f2d23) sw      gp, -1158(t5)
core   0: 3 0x8000948a (0xb63f2d23) mem 0x8000b000 0x00000001
core   0: 0x8000948e (0x0000bfe5) c.j     pc - 8
core   0: 3 0x8000948e (0xbfe5)
core   0: 0x80009486 (0x00002f17) auipc   t5, 0x2
core   0: 3 0x80009486 (0x00002f17) x30 0x8000b486
core   0: 0x8000948a (0xb63f2d23) sw      gp, -1158(t5)
core   0: 3 0x8000948a (0xb63f2d23) mem 0x8000b000 0x00000001
core   0: 0x8000948e (0x0000bfe5) c.j     pc - 8
core   0: 3 0x8000948e (0xbfe5)
core   0: 0x80009486 (0x00002f17) auipc   t5, 0x2
core   0: 3 0x80009486 (0x00002f17) x30 0x8000b486
core   0: 0x8000948a (0xb63f2d23) sw      gp, -1158(t5)
core   0: 3 0x8000948a (0xb63f2d23) mem 0x8000b000 0x00000001
core   0: 0x8000948e (0x0000bfe5) c.j     pc - 8
core   0: 3 0x8000948e (0xbfe5)
core   0: 0x80009486 (0x00002f17) auipc   t5, 0x2
core   0: 3 0x80009486 (0x00002f17) x30 0x8000b486
core   0: 0x8000948a (0xb63f2d23) sw      gp, -1158(t5)
core   0: 3 0x8000948a (0xb63f2d23) mem 0x8000b000 0x00000001
core   0: 0x8000948e (0x0000bfe5) c.j     pc - 8
core   0: 3 0x8000948e (0xbfe5)
core   0: 0x80009486 (0x00002f17) auipc   t5, 0x2
core   0: 3 0x80009486 (0x00002f17) x30 0x8000b486
core   0: 0x8000948a (0xb63f2d23) sw      gp, -1158(t5)
core   0: 3 0x8000948a (0xb63f2d23) mem 0x8000b000 0x00000001
core   0: 0x8000948e (0x0000bfe5) c.j     pc - 8
core   0: 3 0x8000948e (0xbfe5)
core   0: 0x80009486 (0x00002f17) auipc   t5, 0x2
core   0: 3 0x80009486 (0x00002f17) x30 0x8000b486
core   0: 0x8000948a (0xb63f2d23) sw      gp, -1158(t5)
core   0: 3 0x8000948a (0xb63f2d23) mem 0x8000b000 0x00000001
core   0: 0x8000948e (0x0000bfe5) c.j     pc - 8
core   0: 3 0x8000948e (0xbfe5)
core   0: 0x80009486 (0x00002f17) auipc   t5, 0x2
core   0: 3 0x80009486 (0x00002f17) x30 0x8000b486
core   0: 0x8000948a (0xb63f2d23) sw      gp, -1158(t5)
core   0: 3 0x8000948a (0xb63f2d23) mem 0x8000b000 0x00000001
core   0: 0x8000948e (0x0000bfe5) c.j     pc - 8
core   0: 3 0x8000948e (0xbfe5)
core   0: 0x80009486 (0x00002f17) auipc   t5, 0x2
core   0: 3 0x80009486 (0x00002f17) x30 0x8000b486
core   0: 0x8000948a (0xb63f2d23) sw      gp, -1158(t5)
core   0: 3 0x8000948a (0xb63f2d23) mem 0x8000b000 0x00000001
core   0: 0x8000948e (0x0000bfe5) c.j     pc - 8
core   0: 3 0x8000948e (0xbfe5)
core   0: 0x80009486 (0x00002f17) auipc   t5, 0x2
core   0: 3 0x80009486 (0x00002f17) x30 0x8000b486
core   0: 0x8000948a (0xb63f2d23) sw      gp, -1158(t5)
core   0: 3 0x8000948a (0xb63f2d23) mem 0x8000b000 0x00000001
core   0: 0x8000948e (0x0000bfe5) c.j     pc - 8
core   0: 3 0x8000948e (0xbfe5)
core   0: 0x80009486 (0x00002f17) auipc   t5, 0x2
core   0: 3 0x80009486 (0x00002f17) x30 0x8000b486
core   0: 0x8000948a (0xb63f2d23) sw      gp, -1158(t5)
core   0: 3 0x8000948a (0xb63f2d23) mem 0x8000b000 0x00000001
core   0: 0x8000948e (0x0000bfe5) c.j     pc - 8
core   0: 3 0x8000948e (0xbfe5)
core   0: 0x80009486 (0x00002f17) auipc   t5, 0x2
core   0: 3 0x80009486 (0x00002f17) x30 0x8000b486
core   0: 0x8000948a (0xb63f2d23) sw      gp, -1158(t5)
core   0: 3 0x8000948a (0xb63f2d23) mem 0x8000b000 0x00000001
core   0: 0x8000948e (0x0000bfe5) c.j     pc - 8
core   0: 3 0x8000948e (0xbfe5)
core   0: 0x80009486 (0x00002f17) auipc   t5, 0x2
core   0: 3 0x80009486 (0x00002f17) x30 0x8000b486
core   0: 0x8000948a (0xb63f2d23) sw      gp, -1158(t5)
core   0: 3 0x8000948a (0xb63f2d23) mem 0x8000b000 0x00000001
core   0: 0x8000948e (0x0000bfe5) c.j     pc - 8
core   0: 3 0x8000948e (0xbfe5)
core   0: 0x80009486 (0x00002f17) auipc   t5, 0x2
core   0: 3 0x80009486 (0x00002f17) x30 0x8000b486
core   0: 0x8000948a (0xb63f2d23) sw      gp, -1158(t5)
core   0: 3 0x8000948a (0xb63f2d23) mem 0x8000b000 0x00000001
core   0: 0x8000948e (0x0000bfe5) c.j     pc - 8
core   0: 3 0x8000948e (0xbfe5)
core   0: 0x80009486 (0x00002f17) auipc   t5, 0x2
core   0: 3 0x80009486 (0x00002f17) x30 0x8000b486
core   0: 0x8000948a (0xb63f2d23) sw      gp, -1158(t5)
core   0: 3 0x8000948a (0xb63f2d23) mem 0x8000b000 0x00000001
core   0: 0x8000948e (0x0000bfe5) c.j     pc - 8
core   0: 3 0x8000948e (0xbfe5)
core   0: 0x80009486 (0x00002f17) auipc   t5, 0x2
core   0: 3 0x80009486 (0x00002f17) x30 0x8000b486
core   0: 0x8000948a (0xb63f2d23) sw      gp, -1158(t5)
core   0: 3 0x8000948a (0xb63f2d23) mem 0x8000b000 0x00000001
core   0: 0x8000948e (0x0000bfe5) c.j     pc - 8
core   0: 3 0x8000948e (0xbfe5)
core   0: 0x80009486 (0x00002f17) auipc   t5, 0x2
core   0: 3 0x80009486 (0x00002f17) x30 0x8000b486
core   0: 0x8000948a (0xb63f2d23) sw      gp, -1158(t5)
core   0: 3 0x8000948a (0xb63f2d23) mem 0x8000b000 0x00000001
core   0: 0x8000948e (0x0000bfe5) c.j     pc - 8
core   0: 3 0x8000948e (0xbfe5)
core   0: 0x80009486 (0x00002f17) auipc   t5, 0x2
core   0: 3 0x80009486 (0x00002f17) x30 0x8000b486
core   0: 0x8000948a (0xb63f2d23) sw      gp, -1158(t5)
core   0: 3 0x8000948a (0xb63f2d23) mem 0x8000b000 0x00000001
core   0: 0x8000948e (0x0000bfe5) c.j     pc - 8
core   0: 3 0x8000948e (0xbfe5)
core   0: 0x80009486 (0x00002f17) auipc   t5, 0x2
core   0: 3 0x80009486 (0x00002f17) x30 0x8000b486
core   0: 0x8000948a (0xb63f2d23) sw      gp, -1158(t5)
core   0: 3 0x8000948a (0xb63f2d23) mem 0x8000b000 0x00000001
core   0: 0x8000948e (0x0000bfe5) c.j     pc - 8
core   0: 3 0x8000948e (0xbfe5)
core   0: 0x80009486 (0x00002f17) auipc   t5, 0x2
core   0: 3 0x80009486 (0x00002f17) x30 0x8000b486
core   0: 0x8000948a (0xb63f2d23) sw      gp, -1158(t5)
core   0: 3 0x8000948a (0xb63f2d23) mem 0x8000b000 0x00000001
core   0: 0x8000948e (0x0000bfe5) c.j     pc - 8
core   0: 3 0x8000948e (0xbfe5)
core   0: 0x80009486 (0x00002f17) auipc   t5, 0x2
core   0: 3 0x80009486 (0x00002f17) x30 0x8000b486
core   0: 0x8000948a (0xb63f2d23) sw      gp, -1158(t5)
core   0: 3 0x8000948a (0xb63f2d23) mem 0x8000b000 0x00000001
core   0: 0x8000948e (0x0000bfe5) c.j     pc - 8
core   0: 3 0x8000948e (0xbfe5)
core   0: 0x80009486 (0x00002f17) auipc   t5, 0x2
core   0: 3 0x80009486 (0x00002f17) x30 0x8000b486
core   0: 0x8000948a (0xb63f2d23) sw      gp, -1158(t5)
core   0: 3 0x8000948a (0xb63f2d23) mem 0x8000b000 0x00000001
core   0: 0x8000948e (0x0000bfe5) c.j     pc - 8
core   0: 3 0x8000948e (0xbfe5)
core   0: 0x80009486 (0x00002f17) auipc   t5, 0x2
core   0: 3 0x80009486 (0x00002f17) x30 0x8000b486
core   0: 0x8000948a (0xb63f2d23) sw      gp, -1158(t5)
core   0: 3 0x8000948a (0xb63f2d23) mem 0x8000b000 0x00000001
core   0: 0x8000948e (0x0000bfe5) c.j     pc - 8
core   0: 3 0x8000948e (0xbfe5)
core   0: 0x80009486 (0x00002f17) auipc   t5, 0x2
core   0: 3 0x80009486 (0x00002f17) x30 0x8000b486
core   0: 0x8000948a (0xb63f2d23) sw      gp, -1158(t5)
core   0: 3 0x8000948a (0xb63f2d23) mem 0x8000b000 0x00000001
core   0: 0x8000948e (0x0000bfe5) c.j     pc - 8
core   0: 3 0x8000948e (0xbfe5)
core   0: 0x80009486 (0x00002f17) auipc   t5, 0x2
core   0: 3 0x80009486 (0x00002f17) x30 0x8000b486
core   0: 0x8000948a (0xb63f2d23) sw      gp, -1158(t5)
core   0: 3 0x8000948a (0xb63f2d23) mem 0x8000b000 0x00000001
core   0: 0x8000948e (0x0000bfe5) c.j     pc - 8
core   0: 3 0x8000948e (0xbfe5)
core   0: 0x80009486 (0x00002f17) auipc   t5, 0x2
core   0: 3 0x80009486 (0x00002f17) x30 0x8000b486
core   0: 0x8000948a (0xb63f2d23) sw      gp, -1158(t5)
core   0: 3 0x8000948a (0xb63f2d23) mem 0x8000b000 0x00000001
core   0: 0x8000948e (0x0000bfe5) c.j     pc - 8
core   0: 3 0x8000948e (0xbfe5)
core   0: 0x80009486 (0x00002f17) auipc   t5, 0x2
core   0: 3 0x80009486 (0x00002f17) x30 0x8000b486
core   0: 0x8000948a (0xb63f2d23) sw      gp, -1158(t5)
core   0: 3 0x8000948a (0xb63f2d23) mem 0x8000b000 0x00000001
core   0: 0x8000948e (0x0000bfe5) c.j     pc - 8
core   0: 3 0x8000948e (0xbfe5)
core   0: 0x80009486 (0x00002f17) auipc   t5, 0x2
core   0: 3 0x80009486 (0x00002f17) x30 0x8000b486
core   0: 0x8000948a (0xb63f2d23) sw      gp, -1158(t5)
core   0: 3 0x8000948a (0xb63f2d23) mem 0x8000b000 0x00000001
core   0: 0x8000948e (0x0000bfe5) c.j     pc - 8
core   0: 3 0x8000948e (0xbfe5)
core   0: 0x80009486 (0x00002f17) auipc   t5, 0x2
core   0: 3 0x80009486 (0x00002f17) x30 0x8000b486
core   0: 0x8000948a (0xb63f2d23) sw      gp, -1158(t5)
core   0: 3 0x8000948a (0xb63f2d23) mem 0x8000b000 0x00000001
core   0: 0x8000948e (0x0000bfe5) c.j     pc - 8
core   0: 3 0x8000948e (0xbfe5)
core   0: 0x80009486 (0x00002f17) auipc   t5, 0x2
core   0: 3 0x80009486 (0x00002f17) x30 0x8000b486
core   0: 0x8000948a (0xb63f2d23) sw      gp, -1158(t5)
core   0: 3 0x8000948a (0xb63f2d23) mem 0x8000b000 0x00000001
core   0: 0x8000948e (0x0000bfe5) c.j     pc - 8
core   0: 3 0x8000948e (0xbfe5)
core   0: 0x80009486 (0x00002f17) auipc   t5, 0x2
core   0: 3 0x80009486 (0x00002f17) x30 0x8000b486
core   0: 0x8000948a (0xb63f2d23) sw      gp, -1158(t5)
core   0: 3 0x8000948a (0xb63f2d23) mem 0x8000b000 0x00000001
core   0: 0x8000948e (0x0000bfe5) c.j     pc - 8
core   0: 3 0x8000948e (0xbfe5)
core   0: 0x80009486 (0x00002f17) auipc   t5, 0x2
core   0: 3 0x80009486 (0x00002f17) x30 0x8000b486
core   0: 0x8000948a (0xb63f2d23) sw      gp, -1158(t5)
core   0: 3 0x8000948a (0xb63f2d23) mem 0x8000b000 0x00000001
core   0: 0x8000948e (0x0000bfe5) c.j     pc - 8
core   0: 3 0x8000948e (0xbfe5)
core   0: 0x80009486 (0x00002f17) auipc   t5, 0x2
core   0: 3 0x80009486 (0x00002f17) x30 0x8000b486
core   0: 0x8000948a (0xb63f2d23) sw      gp, -1158(t5)
core   0: 3 0x8000948a (0xb63f2d23) mem 0x8000b000 0x00000001
core   0: 0x8000948e (0x0000bfe5) c.j     pc - 8
core   0: 3 0x8000948e (0xbfe5)
core   0: 0x80009486 (0x00002f17) auipc   t5, 0x2
core   0: 3 0x80009486 (0x00002f17) x30 0x8000b486
core   0: 0x8000948a (0xb63f2d23) sw      gp, -1158(t5)
core   0: 3 0x8000948a (0xb63f2d23) mem 0x8000b000 0x00000001
core   0: 0x8000948e (0x0000bfe5) c.j     pc - 8
core   0: 3 0x8000948e (0xbfe5)
core   0: 0x80009486 (0x00002f17) auipc   t5, 0x2
core   0: 3 0x80009486 (0x00002f17) x30 0x8000b486
core   0: 0x8000948a (0xb63f2d23) sw      gp, -1158(t5)
core   0: 3 0x8000948a (0xb63f2d23) mem 0x8000b000 0x00000001
core   0: 0x8000948e (0x0000bfe5) c.j     pc - 8
core   0: 3 0x8000948e (0xbfe5)
core   0: 0x80009486 (0x00002f17) auipc   t5, 0x2
core   0: 3 0x80009486 (0x00002f17) x30 0x8000b486
core   0: 0x8000948a (0xb63f2d23) sw      gp, -1158(t5)
core   0: 3 0x8000948a (0xb63f2d23) mem 0x8000b000 0x00000001
core   0: 0x8000948e (0x0000bfe5) c.j     pc - 8
core   0: 3 0x8000948e (0xbfe5)
core   0: 0x80009486 (0x00002f17) auipc   t5, 0x2
core   0: 3 0x80009486 (0x00002f17) x30 0x8000b486
core   0: 0x8000948a (0xb63f2d23) sw      gp, -1158(t5)
core   0: 3 0x8000948a (0xb63f2d23) mem 0x8000b000 0x00000001
core   0: 0x8000948e (0x0000bfe5) c.j     pc - 8
core   0: 3 0x8000948e (0xbfe5)
core   0: 0x80009486 (0x00002f17) auipc   t5, 0x2
core   0: 3 0x80009486 (0x00002f17) x30 0x8000b486
core   0: 0x8000948a (0xb63f2d23) sw      gp, -1158(t5)
core   0: 3 0x8000948a (0xb63f2d23) mem 0x8000b000 0x00000001
core   0: 0x8000948e (0x0000bfe5) c.j     pc - 8
core   0: 3 0x8000948e (0xbfe5)
core   0: 0x80009486 (0x00002f17) auipc   t5, 0x2
core   0: 3 0x80009486 (0x00002f17) x30 0x8000b486
core   0: 0x8000948a (0xb63f2d23) sw      gp, -1158(t5)
core   0: 3 0x8000948a (0xb63f2d23) mem 0x8000b000 0x00000001
core   0: 0x8000948e (0x0000bfe5) c.j     pc - 8
core   0: 3 0x8000948e (0xbfe5)
core   0: 0x80009486 (0x00002f17) auipc   t5, 0x2
core   0: 3 0x80009486 (0x00002f17) x30 0x8000b486
core   0: 0x8000948a (0xb63f2d23) sw      gp, -1158(t5)
core   0: 3 0x8000948a (0xb63f2d23) mem 0x8000b000 0x00000001
core   0: 0x8000948e (0x0000bfe5) c.j     pc - 8
core   0: 3 0x8000948e (0xbfe5)
core   0: 0x80009486 (0x00002f17) auipc   t5, 0x2
core   0: 3 0x80009486 (0x00002f17) x30 0x8000b486
core   0: 0x8000948a (0xb63f2d23) sw      gp, -1158(t5)
core   0: 3 0x8000948a (0xb63f2d23) mem 0x8000b000 0x00000001
core   0: 0x8000948e (0x0000bfe5) c.j     pc - 8
core   0: 3 0x8000948e (0xbfe5)
core   0: 0x80009486 (0x00002f17) auipc   t5, 0x2
core   0: 3 0x80009486 (0x00002f17) x30 0x8000b486
core   0: 0x8000948a (0xb63f2d23) sw      gp, -1158(t5)
core   0: 3 0x8000948a (0xb63f2d23) mem 0x8000b000 0x00000001
core   0: 0x8000948e (0x0000bfe5) c.j     pc - 8
core   0: 3 0x8000948e (0xbfe5)
core   0: 0x80009486 (0x00002f17) auipc   t5, 0x2
core   0: 3 0x80009486 (0x00002f17) x30 0x8000b486
core   0: 0x8000948a (0xb63f2d23) sw      gp, -1158(t5)
core   0: 3 0x8000948a (0xb63f2d23) mem 0x8000b000 0x00000001
core   0: 0x8000948e (0x0000bfe5) c.j     pc - 8
core   0: 3 0x8000948e (0xbfe5)
core   0: 0x80009486 (0x00002f17) auipc   t5, 0x2
core   0: 3 0x80009486 (0x00002f17) x30 0x8000b486
core   0: 0x8000948a (0xb63f2d23) sw      gp, -1158(t5)
core   0: 3 0x8000948a (0xb63f2d23) mem 0x8000b000 0x00000001
core   0: 0x8000948e (0x0000bfe5) c.j     pc - 8
core   0: 3 0x8000948e (0xbfe5)
core   0: 0x80009486 (0x00002f17) auipc   t5, 0x2
core   0: 3 0x80009486 (0x00002f17) x30 0x8000b486
core   0: 0x8000948a (0xb63f2d23) sw      gp, -1158(t5)
core   0: 3 0x8000948a (0xb63f2d23) mem 0x8000b000 0x00000001
core   0: 0x8000948e (0x0000bfe5) c.j     pc - 8
core   0: 3 0x8000948e (0xbfe5)
core   0: 0x80009486 (0x00002f17) auipc   t5, 0x2
core   0: 3 0x80009486 (0x00002f17) x30 0x8000b486
core   0: 0x8000948a (0xb63f2d23) sw      gp, -1158(t5)
core   0: 3 0x8000948a (0xb63f2d23) mem 0x8000b000 0x00000001
core   0: 0x8000948e (0x0000bfe5) c.j     pc - 8
core   0: 3 0x8000948e (0xbfe5)
core   0: 0x80009486 (0x00002f17) auipc   t5, 0x2
core   0: 3 0x80009486 (0x00002f17) x30 0x8000b486
core   0: 0x8000948a (0xb63f2d23) sw      gp, -1158(t5)
core   0: 3 0x8000948a (0xb63f2d23) mem 0x8000b000 0x00000001
core   0: 0x8000948e (0x0000bfe5) c.j     pc - 8
core   0: 3 0x8000948e (0xbfe5)
core   0: 0x80009486 (0x00002f17) auipc   t5, 0x2
core   0: 3 0x80009486 (0x00002f17) x30 0x8000b486
core   0: 0x8000948a (0xb63f2d23) sw      gp, -1158(t5)
core   0: 3 0x8000948a (0xb63f2d23) mem 0x8000b000 0x00000001
core   0: 0x8000948e (0x0000bfe5) c.j     pc - 8
core   0: 3 0x8000948e (0xbfe5)
core   0: 0x80009486 (0x00002f17) auipc   t5, 0x2
core   0: 3 0x80009486 (0x00002f17) x30 0x8000b486
core   0: 0x8000948a (0xb63f2d23) sw      gp, -1158(t5)
core   0: 3 0x8000948a (0xb63f2d23) mem 0x8000b000 0x00000001
core   0: 0x8000948e (0x0000bfe5) c.j     pc - 8
core   0: 3 0x8000948e (0xbfe5)
core   0: 0x80009486 (0x00002f17) auipc   t5, 0x2
core   0: 3 0x80009486 (0x00002f17) x30 0x8000b486
core   0: 0x8000948a (0xb63f2d23) sw      gp, -1158(t5)
core   0: 3 0x8000948a (0xb63f2d23) mem 0x8000b000 0x00000001
core   0: 0x8000948e (0x0000bfe5) c.j     pc - 8
core   0: 3 0x8000948e (0xbfe5)
core   0: 0x80009486 (0x00002f17) auipc   t5, 0x2
core   0: 3 0x80009486 (0x00002f17) x30 0x8000b486
core   0: 0x8000948a (0xb63f2d23) sw      gp, -1158(t5)
core   0: 3 0x8000948a (0xb63f2d23) mem 0x8000b000 0x00000001
core   0: 0x8000948e (0x0000bfe5) c.j     pc - 8
core   0: 3 0x8000948e (0xbfe5)
core   0: 0x80009486 (0x00002f17) auipc   t5, 0x2
core   0: 3 0x80009486 (0x00002f17) x30 0x8000b486
core   0: 0x8000948a (0xb63f2d23) sw      gp, -1158(t5)
core   0: 3 0x8000948a (0xb63f2d23) mem 0x8000b000 0x00000001
core   0: 0x8000948e (0x0000bfe5) c.j     pc - 8
core   0: 3 0x8000948e (0xbfe5)
core   0: 0x80009486 (0x00002f17) auipc   t5, 0x2
core   0: 3 0x80009486 (0x00002f17) x30 0x8000b486
core   0: 0x8000948a (0xb63f2d23) sw      gp, -1158(t5)
core   0: 3 0x8000948a (0xb63f2d23) mem 0x8000b000 0x00000001
core   0: 0x8000948e (0x0000bfe5) c.j     pc - 8
core   0: 3 0x8000948e (0xbfe5)
core   0: 0x80009486 (0x00002f17) auipc   t5, 0x2
core   0: 3 0x80009486 (0x00002f17) x30 0x8000b486
core   0: 0x8000948a (0xb63f2d23) sw      gp, -1158(t5)
core   0: 3 0x8000948a (0xb63f2d23) mem 0x8000b000 0x00000001
core   0: 0x8000948e (0x0000bfe5) c.j     pc - 8
core   0: 3 0x8000948e (0xbfe5)
core   0: 0x80009486 (0x00002f17) auipc   t5, 0x2
core   0: 3 0x80009486 (0x00002f17) x30 0x8000b486
core   0: 0x8000948a (0xb63f2d23) sw      gp, -1158(t5)
core   0: 3 0x8000948a (0xb63f2d23) mem 0x8000b000 0x00000001
core   0: 0x8000948e (0x0000bfe5) c.j     pc - 8
core   0: 3 0x8000948e (0xbfe5)
core   0: 0x80009486 (0x00002f17) auipc   t5, 0x2
core   0: 3 0x80009486 (0x00002f17) x30 0x8000b486
core   0: 0x8000948a (0xb63f2d23) sw      gp, -1158(t5)
core   0: 3 0x8000948a (0xb63f2d23) mem 0x8000b000 0x00000001
core   0: 0x8000948e (0x0000bfe5) c.j     pc - 8
core   0: 3 0x8000948e (0xbfe5)
core   0: 0x80009486 (0x00002f17) auipc   t5, 0x2
core   0: 3 0x80009486 (0x00002f17) x30 0x8000b486
core   0: 0x8000948a (0xb63f2d23) sw      gp, -1158(t5)
core   0: 3 0x8000948a (0xb63f2d23) mem 0x8000b000 0x00000001
core   0: 0x8000948e (0x0000bfe5) c.j     pc - 8
core   0: 3 0x8000948e (0xbfe5)
core   0: 0x80009486 (0x00002f17) auipc   t5, 0x2
core   0: 3 0x80009486 (0x00002f17) x30 0x8000b486
core   0: 0x8000948a (0xb63f2d23) sw      gp, -1158(t5)
core   0: 3 0x8000948a (0xb63f2d23) mem 0x8000b000 0x00000001
core   0: 0x8000948e (0x0000bfe5) c.j     pc - 8
core   0: 3 0x8000948e (0xbfe5)
core   0: 0x80009486 (0x00002f17) auipc   t5, 0x2
core   0: 3 0x80009486 (0x00002f17) x30 0x8000b486
core   0: 0x8000948a (0xb63f2d23) sw      gp, -1158(t5)
core   0: 3 0x8000948a (0xb63f2d23) mem 0x8000b000 0x00000001
core   0: 0x8000948e (0x0000bfe5) c.j     pc - 8
core   0: 3 0x8000948e (0xbfe5)
core   0: 0x80009486 (0x00002f17) auipc   t5, 0x2
core   0: 3 0x80009486 (0x00002f17) x30 0x8000b486
core   0: 0x8000948a (0xb63f2d23) sw      gp, -1158(t5)
core   0: 3 0x8000948a (0xb63f2d23) mem 0x8000b000 0x00000001
core   0: 0x8000948e (0x0000bfe5) c.j     pc - 8
core   0: 3 0x8000948e (0xbfe5)
core   0: 0x80009486 (0x00002f17) auipc   t5, 0x2
core   0: 3 0x80009486 (0x00002f17) x30 0x8000b486
core   0: 0x8000948a (0xb63f2d23) sw      gp, -1158(t5)
core   0: 3 0x8000948a (0xb63f2d23) mem 0x8000b000 0x00000001
core   0: 0x8000948e (0x0000bfe5) c.j     pc - 8
core   0: 3 0x8000948e (0xbfe5)
core   0: 0x80009486 (0x00002f17) auipc   t5, 0x2
core   0: 3 0x80009486 (0x00002f17) x30 0x8000b486
core   0: 0x8000948a (0xb63f2d23) sw      gp, -1158(t5)
core   0: 3 0x8000948a (0xb63f2d23) mem 0x8000b000 0x00000001
core   0: 0x8000948e (0x0000bfe5) c.j     pc - 8
core   0: 3 0x8000948e (0xbfe5)
core   0: 0x80009486 (0x00002f17) auipc   t5, 0x2
core   0: 3 0x80009486 (0x00002f17) x30 0x8000b486
core   0: 0x8000948a (0xb63f2d23) sw      gp, -1158(t5)
core   0: 3 0x8000948a (0xb63f2d23) mem 0x8000b000 0x00000001
core   0: 0x8000948e (0x0000bfe5) c.j     pc - 8
core   0: 3 0x8000948e (0xbfe5)
core   0: 0x80009486 (0x00002f17) auipc   t5, 0x2
core   0: 3 0x80009486 (0x00002f17) x30 0x8000b486
core   0: 0x8000948a (0xb63f2d23) sw      gp, -1158(t5)
core   0: 3 0x8000948a (0xb63f2d23) mem 0x8000b000 0x00000001
core   0: 0x8000948e (0x0000bfe5) c.j     pc - 8
core   0: 3 0x8000948e (0xbfe5)
core   0: 0x80009486 (0x00002f17) auipc   t5, 0x2
core   0: 3 0x80009486 (0x00002f17) x30 0x8000b486
core   0: 0x8000948a (0xb63f2d23) sw      gp, -1158(t5)
core   0: 3 0x8000948a (0xb63f2d23) mem 0x8000b000 0x00000001
core   0: 0x8000948e (0x0000bfe5) c.j     pc - 8
core   0: 3 0x8000948e (0xbfe5)
core   0: 0x80009486 (0x00002f17) auipc   t5, 0x2
core   0: 3 0x80009486 (0x00002f17) x30 0x8000b486
core   0: 0x8000948a (0xb63f2d23) sw      gp, -1158(t5)
core   0: 3 0x8000948a (0xb63f2d23) mem 0x8000b000 0x00000001
core   0: 0x8000948e (0x0000bfe5) c.j     pc - 8
core   0: 3 0x8000948e (0xbfe5)
core   0: 0x80009486 (0x00002f17) auipc   t5, 0x2
core   0: 3 0x80009486 (0x00002f17) x30 0x8000b486
core   0: 0x8000948a (0xb63f2d23) sw      gp, -1158(t5)
core   0: 3 0x8000948a (0xb63f2d23) mem 0x8000b000 0x00000001
core   0: 0x8000948e (0x0000bfe5) c.j     pc - 8
core   0: 3 0x8000948e (0xbfe5)
core   0: 0x80009486 (0x00002f17) auipc   t5, 0x2
core   0: 3 0x80009486 (0x00002f17) x30 0x8000b486
core   0: 0x8000948a (0xb63f2d23) sw      gp, -1158(t5)
core   0: 3 0x8000948a (0xb63f2d23) mem 0x8000b000 0x00000001
core   0: 0x8000948e (0x0000bfe5) c.j     pc - 8
core   0: 3 0x8000948e (0xbfe5)
core   0: 0x80009486 (0x00002f17) auipc   t5, 0x2
core   0: 3 0x80009486 (0x00002f17) x30 0x8000b486
core   0: 0x8000948a (0xb63f2d23) sw      gp, -1158(t5)
core   0: 3 0x8000948a (0xb63f2d23) mem 0x8000b000 0x00000001
core   0: 0x8000948e (0x0000bfe5) c.j     pc - 8
core   0: 3 0x8000948e (0xbfe5)
core   0: 0x80009486 (0x00002f17) auipc   t5, 0x2
core   0: 3 0x80009486 (0x00002f17) x30 0x8000b486
core   0: 0x8000948a (0xb63f2d23) sw      gp, -1158(t5)
core   0: 3 0x8000948a (0xb63f2d23) mem 0x8000b000 0x00000001
core   0: 0x8000948e (0x0000bfe5) c.j     pc - 8
core   0: 3 0x8000948e (0xbfe5)
core   0: 0x80009486 (0x00002f17) auipc   t5, 0x2
core   0: 3 0x80009486 (0x00002f17) x30 0x8000b486
core   0: 0x8000948a (0xb63f2d23) sw      gp, -1158(t5)
core   0: 3 0x8000948a (0xb63f2d23) mem 0x8000b000 0x00000001
core   0: 0x8000948e (0x0000bfe5) c.j     pc - 8
core   0: 3 0x8000948e (0xbfe5)
core   0: 0x80009486 (0x00002f17) auipc   t5, 0x2
core   0: 3 0x80009486 (0x00002f17) x30 0x8000b486
core   0: 0x8000948a (0xb63f2d23) sw      gp, -1158(t5)
core   0: 3 0x8000948a (0xb63f2d23) mem 0x8000b000 0x00000001
core   0: 0x8000948e (0x0000bfe5) c.j     pc - 8
core   0: 3 0x8000948e (0xbfe5)
core   0: 0x80009486 (0x00002f17) auipc   t5, 0x2
core   0: 3 0x80009486 (0x00002f17) x30 0x8000b486
core   0: 0x8000948a (0xb63f2d23) sw      gp, -1158(t5)
core   0: 3 0x8000948a (0xb63f2d23) mem 0x8000b000 0x00000001
core   0: 0x8000948e (0x0000bfe5) c.j     pc - 8
core   0: 3 0x8000948e (0xbfe5)
core   0: 0x80009486 (0x00002f17) auipc   t5, 0x2
core   0: 3 0x80009486 (0x00002f17) x30 0x8000b486
core   0: 0x8000948a (0xb63f2d23) sw      gp, -1158(t5)
core   0: 3 0x8000948a (0xb63f2d23) mem 0x8000b000 0x00000001
core   0: 0x8000948e (0x0000bfe5) c.j     pc - 8
core   0: 3 0x8000948e (0xbfe5)
core   0: 0x80009486 (0x00002f17) auipc   t5, 0x2
core   0: 3 0x80009486 (0x00002f17) x30 0x8000b486
core   0: 0x8000948a (0xb63f2d23) sw      gp, -1158(t5)
core   0: 3 0x8000948a (0xb63f2d23) mem 0x8000b000 0x00000001
core   0: 0x8000948e (0x0000bfe5) c.j     pc - 8
core   0: 3 0x8000948e (0xbfe5)
core   0: 0x80009486 (0x00002f17) auipc   t5, 0x2
core   0: 3 0x80009486 (0x00002f17) x30 0x8000b486
core   0: 0x8000948a (0xb63f2d23) sw      gp, -1158(t5)
core   0: 3 0x8000948a (0xb63f2d23) mem 0x8000b000 0x00000001
core   0: 0x8000948e (0x0000bfe5) c.j     pc - 8
core   0: 3 0x8000948e (0xbfe5)
core   0: 0x80009486 (0x00002f17) auipc   t5, 0x2
core   0: 3 0x80009486 (0x00002f17) x30 0x8000b486
core   0: 0x8000948a (0xb63f2d23) sw      gp, -1158(t5)
core   0: 3 0x8000948a (0xb63f2d23) mem 0x8000b000 0x00000001
core   0: 0x8000948e (0x0000bfe5) c.j     pc - 8
core   0: 3 0x8000948e (0xbfe5)
core   0: 0x80009486 (0x00002f17) auipc   t5, 0x2
core   0: 3 0x80009486 (0x00002f17) x30 0x8000b486
core   0: 0x8000948a (0xb63f2d23) sw      gp, -1158(t5)
core   0: 3 0x8000948a (0xb63f2d23) mem 0x8000b000 0x00000001
core   0: 0x8000948e (0x0000bfe5) c.j     pc - 8
core   0: 3 0x8000948e (0xbfe5)
core   0: 0x80009486 (0x00002f17) auipc   t5, 0x2
core   0: 3 0x80009486 (0x00002f17) x30 0x8000b486
core   0: 0x8000948a (0xb63f2d23) sw      gp, -1158(t5)
core   0: 3 0x8000948a (0xb63f2d23) mem 0x8000b000 0x00000001
core   0: 0x8000948e (0x0000bfe5) c.j     pc - 8
core   0: 3 0x8000948e (0xbfe5)
core   0: 0x80009486 (0x00002f17) auipc   t5, 0x2
core   0: 3 0x80009486 (0x00002f17) x30 0x8000b486
core   0: 0x8000948a (0xb63f2d23) sw      gp, -1158(t5)
core   0: 3 0x8000948a (0xb63f2d23) mem 0x8000b000 0x00000001
core   0: 0x8000948e (0x0000bfe5) c.j     pc - 8
core   0: 3 0x8000948e (0xbfe5)
core   0: 0x80009486 (0x00002f17) auipc   t5, 0x2
core   0: 3 0x80009486 (0x00002f17) x30 0x8000b486
core   0: 0x8000948a (0xb63f2d23) sw      gp, -1158(t5)
core   0: 3 0x8000948a (0xb63f2d23) mem 0x8000b000 0x00000001
core   0: 0x8000948e (0x0000bfe5) c.j     pc - 8
core   0: 3 0x8000948e (0xbfe5)
core   0: 0x80009486 (0x00002f17) auipc   t5, 0x2
core   0: 3 0x80009486 (0x00002f17) x30 0x8000b486
core   0: 0x8000948a (0xb63f2d23) sw      gp, -1158(t5)
core   0: 3 0x8000948a (0xb63f2d23) mem 0x8000b000 0x00000001
core   0: 0x8000948e (0x0000bfe5) c.j     pc - 8
core   0: 3 0x8000948e (0xbfe5)
core   0: 0x80009486 (0x00002f17) auipc   t5, 0x2
core   0: 3 0x80009486 (0x00002f17) x30 0x8000b486
core   0: 0x8000948a (0xb63f2d23) sw      gp, -1158(t5)
core   0: 3 0x8000948a (0xb63f2d23) mem 0x8000b000 0x00000001
core   0: 0x8000948e (0x0000bfe5) c.j     pc - 8
core   0: 3 0x8000948e (0xbfe5)
core   0: 0x80009486 (0x00002f17) auipc   t5, 0x2
core   0: 3 0x80009486 (0x00002f17) x30 0x8000b486
core   0: 0x8000948a (0xb63f2d23) sw      gp, -1158(t5)
core   0: 3 0x8000948a (0xb63f2d23) mem 0x8000b000 0x00000001
core   0: 0x8000948e (0x0000bfe5) c.j     pc - 8
core   0: 3 0x8000948e (0xbfe5)
core   0: 0x80009486 (0x00002f17) auipc   t5, 0x2
core   0: 3 0x80009486 (0x00002f17) x30 0x8000b486
core   0: 0x8000948a (0xb63f2d23) sw      gp, -1158(t5)
core   0: 3 0x8000948a (0xb63f2d23) mem 0x8000b000 0x00000001
core   0: 0x8000948e (0x0000bfe5) c.j     pc - 8
core   0: 3 0x8000948e (0xbfe5)
core   0: 0x80009486 (0x00002f17) auipc   t5, 0x2
core   0: 3 0x80009486 (0x00002f17) x30 0x8000b486
core   0: 0x8000948a (0xb63f2d23) sw      gp, -1158(t5)
core   0: 3 0x8000948a (0xb63f2d23) mem 0x8000b000 0x00000001
core   0: 0x8000948e (0x0000bfe5) c.j     pc - 8
core   0: 3 0x8000948e (0xbfe5)
core   0: 0x80009486 (0x00002f17) auipc   t5, 0x2
core   0: 3 0x80009486 (0x00002f17) x30 0x8000b486
core   0: 0x8000948a (0xb63f2d23) sw      gp, -1158(t5)
core   0: 3 0x8000948a (0xb63f2d23) mem 0x8000b000 0x00000001
core   0: 0x8000948e (0x0000bfe5) c.j     pc - 8
core   0: 3 0x8000948e (0xbfe5)
core   0: 0x80009486 (0x00002f17) auipc   t5, 0x2
core   0: 3 0x80009486 (0x00002f17) x30 0x8000b486
core   0: 0x8000948a (0xb63f2d23) sw      gp, -1158(t5)
core   0: 3 0x8000948a (0xb63f2d23) mem 0x8000b000 0x00000001
core   0: 0x8000948e (0x0000bfe5) c.j     pc - 8
core   0: 3 0x8000948e (0xbfe5)
core   0: 0x80009486 (0x00002f17) auipc   t5, 0x2
core   0: 3 0x80009486 (0x00002f17) x30 0x8000b486
core   0: 0x8000948a (0xb63f2d23) sw      gp, -1158(t5)
core   0: 3 0x8000948a (0xb63f2d23) mem 0x8000b000 0x00000001
core   0: 0x8000948e (0x0000bfe5) c.j     pc - 8
core   0: 3 0x8000948e (0xbfe5)
core   0: 0x80009486 (0x00002f17) auipc   t5, 0x2
core   0: 3 0x80009486 (0x00002f17) x30 0x8000b486
core   0: 0x8000948a (0xb63f2d23) sw      gp, -1158(t5)
core   0: 3 0x8000948a (0xb63f2d23) mem 0x8000b000 0x00000001
core   0: 0x8000948e (0x0000bfe5) c.j     pc - 8
core   0: 3 0x8000948e (0xbfe5)
core   0: 0x80009486 (0x00002f17) auipc   t5, 0x2
core   0: 3 0x80009486 (0x00002f17) x30 0x8000b486
core   0: 0x8000948a (0xb63f2d23) sw      gp, -1158(t5)
core   0: 3 0x8000948a (0xb63f2d23) mem 0x8000b000 0x00000001
core   0: 0x8000948e (0x0000bfe5) c.j     pc - 8
core   0: 3 0x8000948e (0xbfe5)
core   0: 0x80009486 (0x00002f17) auipc   t5, 0x2
core   0: 3 0x80009486 (0x00002f17) x30 0x8000b486
core   0: 0x8000948a (0xb63f2d23) sw      gp, -1158(t5)
core   0: 3 0x8000948a (0xb63f2d23) mem 0x8000b000 0x00000001
core   0: 0x8000948e (0x0000bfe5) c.j     pc - 8
core   0: 3 0x8000948e (0xbfe5)
core   0: 0x80009486 (0x00002f17) auipc   t5, 0x2
core   0: 3 0x80009486 (0x00002f17) x30 0x8000b486
core   0: 0x8000948a (0xb63f2d23) sw      gp, -1158(t5)
core   0: 3 0x8000948a (0xb63f2d23) mem 0x8000b000 0x00000001
core   0: 0x8000948e (0x0000bfe5) c.j     pc - 8
core   0: 3 0x8000948e (0xbfe5)
core   0: 0x80009486 (0x00002f17) auipc   t5, 0x2
core   0: 3 0x80009486 (0x00002f17) x30 0x8000b486
core   0: 0x8000948a (0xb63f2d23) sw      gp, -1158(t5)
core   0: 3 0x8000948a (0xb63f2d23) mem 0x8000b000 0x00000001
core   0: 0x8000948e (0x0000bfe5) c.j     pc - 8
core   0: 3 0x8000948e (0xbfe5)
core   0: 0x80009486 (0x00002f17) auipc   t5, 0x2
core   0: 3 0x80009486 (0x00002f17) x30 0x8000b486
core   0: 0x8000948a (0xb63f2d23) sw      gp, -1158(t5)
core   0: 3 0x8000948a (0xb63f2d23) mem 0x8000b000 0x00000001
core   0: 0x8000948e (0x0000bfe5) c.j     pc - 8
core   0: 3 0x8000948e (0xbfe5)
core   0: 0x80009486 (0x00002f17) auipc   t5, 0x2
core   0: 3 0x80009486 (0x00002f17) x30 0x8000b486
core   0: 0x8000948a (0xb63f2d23) sw      gp, -1158(t5)
core   0: 3 0x8000948a (0xb63f2d23) mem 0x8000b000 0x00000001
core   0: 0x8000948e (0x0000bfe5) c.j     pc - 8
core   0: 3 0x8000948e (0xbfe5)
core   0: 0x80009486 (0x00002f17) auipc   t5, 0x2
core   0: 3 0x80009486 (0x00002f17) x30 0x8000b486
core   0: 0x8000948a (0xb63f2d23) sw      gp, -1158(t5)
core   0: 3 0x8000948a (0xb63f2d23) mem 0x8000b000 0x00000001
core   0: 0x8000948e (0x0000bfe5) c.j     pc - 8
core   0: 3 0x8000948e (0xbfe5)
core   0: 0x80009486 (0x00002f17) auipc   t5, 0x2
core   0: 3 0x80009486 (0x00002f17) x30 0x8000b486
core   0: 0x8000948a (0xb63f2d23) sw      gp, -1158(t5)
core   0: 3 0x8000948a (0xb63f2d23) mem 0x8000b000 0x00000001
core   0: 0x8000948e (0x0000bfe5) c.j     pc - 8
core   0: 3 0x8000948e (0xbfe5)
core   0: 0x80009486 (0x00002f17) auipc   t5, 0x2
core   0: 3 0x80009486 (0x00002f17) x30 0x8000b486
core   0: 0x8000948a (0xb63f2d23) sw      gp, -1158(t5)
core   0: 3 0x8000948a (0xb63f2d23) mem 0x8000b000 0x00000001
core   0: 0x8000948e (0x0000bfe5) c.j     pc - 8
core   0: 3 0x8000948e (0xbfe5)
core   0: 0x80009486 (0x00002f17) auipc   t5, 0x2
core   0: 3 0x80009486 (0x00002f17) x30 0x8000b486
core   0: 0x8000948a (0xb63f2d23) sw      gp, -1158(t5)
core   0: 3 0x8000948a (0xb63f2d23) mem 0x8000b000 0x00000001
core   0: 0x8000948e (0x0000bfe5) c.j     pc - 8
core   0: 3 0x8000948e (0xbfe5)
core   0: 0x80009486 (0x00002f17) auipc   t5, 0x2
core   0: 3 0x80009486 (0x00002f17) x30 0x8000b486
core   0: 0x8000948a (0xb63f2d23) sw      gp, -1158(t5)
core   0: 3 0x8000948a (0xb63f2d23) mem 0x8000b000 0x00000001
core   0: 0x8000948e (0x0000bfe5) c.j     pc - 8
core   0: 3 0x8000948e (0xbfe5)
core   0: 0x80009486 (0x00002f17) auipc   t5, 0x2
core   0: 3 0x80009486 (0x00002f17) x30 0x8000b486
core   0: 0x8000948a (0xb63f2d23) sw      gp, -1158(t5)
core   0: 3 0x8000948a (0xb63f2d23) mem 0x8000b000 0x00000001
core   0: 0x8000948e (0x0000bfe5) c.j     pc - 8
core   0: 3 0x8000948e (0xbfe5)
core   0: 0x80009486 (0x00002f17) auipc   t5, 0x2
core   0: 3 0x80009486 (0x00002f17) x30 0x8000b486
core   0: 0x8000948a (0xb63f2d23) sw      gp, -1158(t5)
core   0: 3 0x8000948a (0xb63f2d23) mem 0x8000b000 0x00000001
core   0: 0x8000948e (0x0000bfe5) c.j     pc - 8
core   0: 3 0x8000948e (0xbfe5)
core   0: 0x80009486 (0x00002f17) auipc   t5, 0x2
core   0: 3 0x80009486 (0x00002f17) x30 0x8000b486
core   0: 0x8000948a (0xb63f2d23) sw      gp, -1158(t5)
core   0: 3 0x8000948a (0xb63f2d23) mem 0x8000b000 0x00000001
core   0: 0x8000948e (0x0000bfe5) c.j     pc - 8
core   0: 3 0x8000948e (0xbfe5)
core   0: 0x80009486 (0x00002f17) auipc   t5, 0x2
core   0: 3 0x80009486 (0x00002f17) x30 0x8000b486
core   0: 0x8000948a (0xb63f2d23) sw      gp, -1158(t5)
core   0: 3 0x8000948a (0xb63f2d23) mem 0x8000b000 0x00000001
core   0: 0x8000948e (0x0000bfe5) c.j     pc - 8
core   0: 3 0x8000948e (0xbfe5)
core   0: 0x80009486 (0x00002f17) auipc   t5, 0x2
core   0: 3 0x80009486 (0x00002f17) x30 0x8000b486
core   0: 0x8000948a (0xb63f2d23) sw      gp, -1158(t5)
core   0: 3 0x8000948a (0xb63f2d23) mem 0x8000b000 0x00000001
core   0: 0x8000948e (0x0000bfe5) c.j     pc - 8
core   0: 3 0x8000948e (0xbfe5)
core   0: 0x80009486 (0x00002f17) auipc   t5, 0x2
core   0: 3 0x80009486 (0x00002f17) x30 0x8000b486
core   0: 0x8000948a (0xb63f2d23) sw      gp, -1158(t5)
core   0: 3 0x8000948a (0xb63f2d23) mem 0x8000b000 0x00000001
core   0: 0x8000948e (0x0000bfe5) c.j     pc - 8
core   0: 3 0x8000948e (0xbfe5)
core   0: 0x80009486 (0x00002f17) auipc   t5, 0x2
core   0: 3 0x80009486 (0x00002f17) x30 0x8000b486
core   0: 0x8000948a (0xb63f2d23) sw      gp, -1158(t5)
core   0: 3 0x8000948a (0xb63f2d23) mem 0x8000b000 0x00000001
core   0: 0x8000948e (0x0000bfe5) c.j     pc - 8
core   0: 3 0x8000948e (0xbfe5)
core   0: 0x80009486 (0x00002f17) auipc   t5, 0x2
core   0: 3 0x80009486 (0x00002f17) x30 0x8000b486
core   0: 0x8000948a (0xb63f2d23) sw      gp, -1158(t5)
core   0: 3 0x8000948a (0xb63f2d23) mem 0x8000b000 0x00000001
core   0: 0x8000948e (0x0000bfe5) c.j     pc - 8
core   0: 3 0x8000948e (0xbfe5)
core   0: 0x80009486 (0x00002f17) auipc   t5, 0x2
core   0: 3 0x80009486 (0x00002f17) x30 0x8000b486
core   0: 0x8000948a (0xb63f2d23) sw      gp, -1158(t5)
core   0: 3 0x8000948a (0xb63f2d23) mem 0x8000b000 0x00000001
core   0: 0x8000948e (0x0000bfe5) c.j     pc - 8
core   0: 3 0x8000948e (0xbfe5)
core   0: 0x80009486 (0x00002f17) auipc   t5, 0x2
core   0: 3 0x80009486 (0x00002f17) x30 0x8000b486
core   0: 0x8000948a (0xb63f2d23) sw      gp, -1158(t5)
core   0: 3 0x8000948a (0xb63f2d23) mem 0x8000b000 0x00000001
core   0: 0x8000948e (0x0000bfe5) c.j     pc - 8
core   0: 3 0x8000948e (0xbfe5)
core   0: 0x80009486 (0x00002f17) auipc   t5, 0x2
core   0: 3 0x80009486 (0x00002f17) x30 0x8000b486
core   0: 0x8000948a (0xb63f2d23) sw      gp, -1158(t5)
core   0: 3 0x8000948a (0xb63f2d23) mem 0x8000b000 0x00000001
core   0: 0x8000948e (0x0000bfe5) c.j     pc - 8
core   0: 3 0x8000948e (0xbfe5)
core   0: 0x80009486 (0x00002f17) auipc   t5, 0x2
core   0: 3 0x80009486 (0x00002f17) x30 0x8000b486
core   0: 0x8000948a (0xb63f2d23) sw      gp, -1158(t5)
core   0: 3 0x8000948a (0xb63f2d23) mem 0x8000b000 0x00000001
core   0: 0x8000948e (0x0000bfe5) c.j     pc - 8
core   0: 3 0x8000948e (0xbfe5)
core   0: 0x80009486 (0x00002f17) auipc   t5, 0x2
core   0: 3 0x80009486 (0x00002f17) x30 0x8000b486
core   0: 0x8000948a (0xb63f2d23) sw      gp, -1158(t5)
core   0: 3 0x8000948a (0xb63f2d23) mem 0x8000b000 0x00000001
core   0: 0x8000948e (0x0000bfe5) c.j     pc - 8
core   0: 3 0x8000948e (0xbfe5)
core   0: 0x80009486 (0x00002f17) auipc   t5, 0x2
core   0: 3 0x80009486 (0x00002f17) x30 0x8000b486
core   0: 0x8000948a (0xb63f2d23) sw      gp, -1158(t5)
core   0: 3 0x8000948a (0xb63f2d23) mem 0x8000b000 0x00000001
core   0: 0x8000948e (0x0000bfe5) c.j     pc - 8
core   0: 3 0x8000948e (0xbfe5)
core   0: 0x80009486 (0x00002f17) auipc   t5, 0x2
core   0: 3 0x80009486 (0x00002f17) x30 0x8000b486
core   0: 0x8000948a (0xb63f2d23) sw      gp, -1158(t5)
core   0: 3 0x8000948a (0xb63f2d23) mem 0x8000b000 0x00000001
core   0: 0x8000948e (0x0000bfe5) c.j     pc - 8
core   0: 3 0x8000948e (0xbfe5)
core   0: 0x80009486 (0x00002f17) auipc   t5, 0x2
core   0: 3 0x80009486 (0x00002f17) x30 0x8000b486
core   0: 0x8000948a (0xb63f2d23) sw      gp, -1158(t5)
core   0: 3 0x8000948a (0xb63f2d23) mem 0x8000b000 0x00000001
core   0: 0x8000948e (0x0000bfe5) c.j     pc - 8
core   0: 3 0x8000948e (0xbfe5)
core   0: 0x80009486 (0x00002f17) auipc   t5, 0x2
core   0: 3 0x80009486 (0x00002f17) x30 0x8000b486
core   0: 0x8000948a (0xb63f2d23) sw      gp, -1158(t5)
core   0: 3 0x8000948a (0xb63f2d23) mem 0x8000b000 0x00000001
core   0: 0x8000948e (0x0000bfe5) c.j     pc - 8
core   0: 3 0x8000948e (0xbfe5)
core   0: 0x80009486 (0x00002f17) auipc   t5, 0x2
core   0: 3 0x80009486 (0x00002f17) x30 0x8000b486
core   0: 0x8000948a (0xb63f2d23) sw      gp, -1158(t5)
core   0: 3 0x8000948a (0xb63f2d23) mem 0x8000b000 0x00000001
core   0: 0x8000948e (0x0000bfe5) c.j     pc - 8
core   0: 3 0x8000948e (0xbfe5)
core   0: 0x80009486 (0x00002f17) auipc   t5, 0x2
core   0: 3 0x80009486 (0x00002f17) x30 0x8000b486
core   0: 0x8000948a (0xb63f2d23) sw      gp, -1158(t5)
core   0: 3 0x8000948a (0xb63f2d23) mem 0x8000b000 0x00000001
core   0: 0x8000948e (0x0000bfe5) c.j     pc - 8
core   0: 3 0x8000948e (0xbfe5)
core   0: 0x80009486 (0x00002f17) auipc   t5, 0x2
core   0: 3 0x80009486 (0x00002f17) x30 0x8000b486
core   0: 0x8000948a (0xb63f2d23) sw      gp, -1158(t5)
core   0: 3 0x8000948a (0xb63f2d23) mem 0x8000b000 0x00000001
core   0: 0x8000948e (0x0000bfe5) c.j     pc - 8
core   0: 3 0x8000948e (0xbfe5)
core   0: 0x80009486 (0x00002f17) auipc   t5, 0x2
core   0: 3 0x80009486 (0x00002f17) x30 0x8000b486
core   0: 0x8000948a (0xb63f2d23) sw      gp, -1158(t5)
core   0: 3 0x8000948a (0xb63f2d23) mem 0x8000b000 0x00000001
core   0: 0x8000948e (0x0000bfe5) c.j     pc - 8
core   0: 3 0x8000948e (0xbfe5)
core   0: 0x80009486 (0x00002f17) auipc   t5, 0x2
core   0: 3 0x80009486 (0x00002f17) x30 0x8000b486
core   0: 0x8000948a (0xb63f2d23) sw      gp, -1158(t5)
core   0: 3 0x8000948a (0xb63f2d23) mem 0x8000b000 0x00000001
core   0: 0x8000948e (0x0000bfe5) c.j     pc - 8
core   0: 3 0x8000948e (0xbfe5)
core   0: 0x80009486 (0x00002f17) auipc   t5, 0x2
core   0: 3 0x80009486 (0x00002f17) x30 0x8000b486
core   0: 0x8000948a (0xb63f2d23) sw      gp, -1158(t5)
core   0: 3 0x8000948a (0xb63f2d23) mem 0x8000b000 0x00000001
core   0: 0x8000948e (0x0000bfe5) c.j     pc - 8
core   0: 3 0x8000948e (0xbfe5)
core   0: 0x80009486 (0x00002f17) auipc   t5, 0x2
core   0: 3 0x80009486 (0x00002f17) x30 0x8000b486
core   0: 0x8000948a (0xb63f2d23) sw      gp, -1158(t5)
core   0: 3 0x8000948a (0xb63f2d23) mem 0x8000b000 0x00000001
core   0: 0x8000948e (0x0000bfe5) c.j     pc - 8
core   0: 3 0x8000948e (0xbfe5)
core   0: 0x80009486 (0x00002f17) auipc   t5, 0x2
core   0: 3 0x80009486 (0x00002f17) x30 0x8000b486
core   0: 0x8000948a (0xb63f2d23) sw      gp, -1158(t5)
core   0: 3 0x8000948a (0xb63f2d23) mem 0x8000b000 0x00000001
core   0: 0x8000948e (0x0000bfe5) c.j     pc - 8
core   0: 3 0x8000948e (0xbfe5)
core   0: 0x80009486 (0x00002f17) auipc   t5, 0x2
core   0: 3 0x80009486 (0x00002f17) x30 0x8000b486
core   0: 0x8000948a (0xb63f2d23) sw      gp, -1158(t5)
core   0: 3 0x8000948a (0xb63f2d23) mem 0x8000b000 0x00000001
core   0: 0x8000948e (0x0000bfe5) c.j     pc - 8
core   0: 3 0x8000948e (0xbfe5)
core   0: 0x80009486 (0x00002f17) auipc   t5, 0x2
core   0: 3 0x80009486 (0x00002f17) x30 0x8000b486
core   0: 0x8000948a (0xb63f2d23) sw      gp, -1158(t5)
core   0: 3 0x8000948a (0xb63f2d23) mem 0x8000b000 0x00000001
core   0: 0x8000948e (0x0000bfe5) c.j     pc - 8
core   0: 3 0x8000948e (0xbfe5)
core   0: 0x80009486 (0x00002f17) auipc   t5, 0x2
core   0: 3 0x80009486 (0x00002f17) x30 0x8000b486
core   0: 0x8000948a (0xb63f2d23) sw      gp, -1158(t5)
core   0: 3 0x8000948a (0xb63f2d23) mem 0x8000b000 0x00000001
core   0: 0x8000948e (0x0000bfe5) c.j     pc - 8
core   0: 3 0x8000948e (0xbfe5)
core   0: 0x80009486 (0x00002f17) auipc   t5, 0x2
core   0: 3 0x80009486 (0x00002f17) x30 0x8000b486
core   0: 0x8000948a (0xb63f2d23) sw      gp, -1158(t5)
core   0: 3 0x8000948a (0xb63f2d23) mem 0x8000b000 0x00000001
core   0: 0x8000948e (0x0000bfe5) c.j     pc - 8
core   0: 3 0x8000948e (0xbfe5)
core   0: 0x80009486 (0x00002f17) auipc   t5, 0x2
core   0: 3 0x80009486 (0x00002f17) x30 0x8000b486
core   0: 0x8000948a (0xb63f2d23) sw      gp, -1158(t5)
core   0: 3 0x8000948a (0xb63f2d23) mem 0x8000b000 0x00000001
core   0: 0x8000948e (0x0000bfe5) c.j     pc - 8
core   0: 3 0x8000948e (0xbfe5)
core   0: 0x80009486 (0x00002f17) auipc   t5, 0x2
core   0: 3 0x80009486 (0x00002f17) x30 0x8000b486
core   0: 0x8000948a (0xb63f2d23) sw      gp, -1158(t5)
core   0: 3 0x8000948a (0xb63f2d23) mem 0x8000b000 0x00000001
core   0: 0x8000948e (0x0000bfe5) c.j     pc - 8
core   0: 3 0x8000948e (0xbfe5)
core   0: 0x80009486 (0x00002f17) auipc   t5, 0x2
core   0: 3 0x80009486 (0x00002f17) x30 0x8000b486
core   0: 0x8000948a (0xb63f2d23) sw      gp, -1158(t5)
core   0: 3 0x8000948a (0xb63f2d23) mem 0x8000b000 0x00000001
core   0: 0x8000948e (0x0000bfe5) c.j     pc - 8
core   0: 3 0x8000948e (0xbfe5)
core   0: 0x80009486 (0x00002f17) auipc   t5, 0x2
core   0: 3 0x80009486 (0x00002f17) x30 0x8000b486
core   0: 0x8000948a (0xb63f2d23) sw      gp, -1158(t5)
core   0: 3 0x8000948a (0xb63f2d23) mem 0x8000b000 0x00000001
core   0: 0x8000948e (0x0000bfe5) c.j     pc - 8
core   0: 3 0x8000948e (0xbfe5)
core   0: 0x80009486 (0x00002f17) auipc   t5, 0x2
core   0: 3 0x80009486 (0x00002f17) x30 0x8000b486
core   0: 0x8000948a (0xb63f2d23) sw      gp, -1158(t5)
core   0: 3 0x8000948a (0xb63f2d23) mem 0x8000b000 0x00000001
core   0: 0x8000948e (0x0000bfe5) c.j     pc - 8
core   0: 3 0x8000948e (0xbfe5)
core   0: 0x80009486 (0x00002f17) auipc   t5, 0x2
core   0: 3 0x80009486 (0x00002f17) x30 0x8000b486
core   0: 0x8000948a (0xb63f2d23) sw      gp, -1158(t5)
core   0: 3 0x8000948a (0xb63f2d23) mem 0x8000b000 0x00000001
core   0: 0x8000948e (0x0000bfe5) c.j     pc - 8
core   0: 3 0x8000948e (0xbfe5)
core   0: 0x80009486 (0x00002f17) auipc   t5, 0x2
core   0: 3 0x80009486 (0x00002f17) x30 0x8000b486
core   0: 0x8000948a (0xb63f2d23) sw      gp, -1158(t5)
core   0: 3 0x8000948a (0xb63f2d23) mem 0x8000b000 0x00000001
core   0: 0x8000948e (0x0000bfe5) c.j     pc - 8
core   0: 3 0x8000948e (0xbfe5)
core   0: 0x80009486 (0x00002f17) auipc   t5, 0x2
core   0: 3 0x80009486 (0x00002f17) x30 0x8000b486
core   0: 0x8000948a (0xb63f2d23) sw      gp, -1158(t5)
core   0: 3 0x8000948a (0xb63f2d23) mem 0x8000b000 0x00000001
core   0: 0x8000948e (0x0000bfe5) c.j     pc - 8
core   0: 3 0x8000948e (0xbfe5)
core   0: 0x80009486 (0x00002f17) auipc   t5, 0x2
core   0: 3 0x80009486 (0x00002f17) x30 0x8000b486
core   0: 0x8000948a (0xb63f2d23) sw      gp, -1158(t5)
core   0: 3 0x8000948a (0xb63f2d23) mem 0x8000b000 0x00000001
core   0: 0x8000948e (0x0000bfe5) c.j     pc - 8
core   0: 3 0x8000948e (0xbfe5)
core   0: 0x80009486 (0x00002f17) auipc   t5, 0x2
core   0: 3 0x80009486 (0x00002f17) x30 0x8000b486
core   0: 0x8000948a (0xb63f2d23) sw      gp, -1158(t5)
core   0: 3 0x8000948a (0xb63f2d23) mem 0x8000b000 0x00000001
core   0: 0x8000948e (0x0000bfe5) c.j     pc - 8
core   0: 3 0x8000948e (0xbfe5)
core   0: 0x80009486 (0x00002f17) auipc   t5, 0x2
core   0: 3 0x80009486 (0x00002f17) x30 0x8000b486
core   0: 0x8000948a (0xb63f2d23) sw      gp, -1158(t5)
core   0: 3 0x8000948a (0xb63f2d23) mem 0x8000b000 0x00000001
core   0: 0x8000948e (0x0000bfe5) c.j     pc - 8
core   0: 3 0x8000948e (0xbfe5)
core   0: 0x80009486 (0x00002f17) auipc   t5, 0x2
core   0: 3 0x80009486 (0x00002f17) x30 0x8000b486
core   0: 0x8000948a (0xb63f2d23) sw      gp, -1158(t5)
core   0: 3 0x8000948a (0xb63f2d23) mem 0x8000b000 0x00000001
core   0: 0x8000948e (0x0000bfe5) c.j     pc - 8
core   0: 3 0x8000948e (0xbfe5)
core   0: 0x80009486 (0x00002f17) auipc   t5, 0x2
core   0: 3 0x80009486 (0x00002f17) x30 0x8000b486
core   0: 0x8000948a (0xb63f2d23) sw      gp, -1158(t5)
core   0: 3 0x8000948a (0xb63f2d23) mem 0x8000b000 0x00000001
core   0: 0x8000948e (0x0000bfe5) c.j     pc - 8
core   0: 3 0x8000948e (0xbfe5)
core   0: 0x80009486 (0x00002f17) auipc   t5, 0x2
core   0: 3 0x80009486 (0x00002f17) x30 0x8000b486
core   0: 0x8000948a (0xb63f2d23) sw      gp, -1158(t5)
core   0: 3 0x8000948a (0xb63f2d23) mem 0x8000b000 0x00000001
core   0: 0x8000948e (0x0000bfe5) c.j     pc - 8
core   0: 3 0x8000948e (0xbfe5)
core   0: 0x80009486 (0x00002f17) auipc   t5, 0x2
core   0: 3 0x80009486 (0x00002f17) x30 0x8000b486
core   0: 0x8000948a (0xb63f2d23) sw      gp, -1158(t5)
core   0: 3 0x8000948a (0xb63f2d23) mem 0x8000b000 0x00000001
core   0: 0x8000948e (0x0000bfe5) c.j     pc - 8
core   0: 3 0x8000948e (0xbfe5)
core   0: 0x80009486 (0x00002f17) auipc   t5, 0x2
core   0: 3 0x80009486 (0x00002f17) x30 0x8000b486
core   0: 0x8000948a (0xb63f2d23) sw      gp, -1158(t5)
core   0: 3 0x8000948a (0xb63f2d23) mem 0x8000b000 0x00000001
core   0: 0x8000948e (0x0000bfe5) c.j     pc - 8
core   0: 3 0x8000948e (0xbfe5)
core   0: 0x80009486 (0x00002f17) auipc   t5, 0x2
core   0: 3 0x80009486 (0x00002f17) x30 0x8000b486
core   0: 0x8000948a (0xb63f2d23) sw      gp, -1158(t5)
core   0: 3 0x8000948a (0xb63f2d23) mem 0x8000b000 0x00000001
core   0: 0x8000948e (0x0000bfe5) c.j     pc - 8
core   0: 3 0x8000948e (0xbfe5)
core   0: 0x80009486 (0x00002f17) auipc   t5, 0x2
core   0: 3 0x80009486 (0x00002f17) x30 0x8000b486
core   0: 0x8000948a (0xb63f2d23) sw      gp, -1158(t5)
core   0: 3 0x8000948a (0xb63f2d23) mem 0x8000b000 0x00000001
core   0: 0x8000948e (0x0000bfe5) c.j     pc - 8
core   0: 3 0x8000948e (0xbfe5)
core   0: 0x80009486 (0x00002f17) auipc   t5, 0x2
core   0: 3 0x80009486 (0x00002f17) x30 0x8000b486
core   0: 0x8000948a (0xb63f2d23) sw      gp, -1158(t5)
core   0: 3 0x8000948a (0xb63f2d23) mem 0x8000b000 0x00000001
core   0: 0x8000948e (0x0000bfe5) c.j     pc - 8
core   0: 3 0x8000948e (0xbfe5)
core   0: 0x80009486 (0x00002f17) auipc   t5, 0x2
core   0: 3 0x80009486 (0x00002f17) x30 0x8000b486
core   0: 0x8000948a (0xb63f2d23) sw      gp, -1158(t5)
core   0: 3 0x8000948a (0xb63f2d23) mem 0x8000b000 0x00000001
core   0: 0x8000948e (0x0000bfe5) c.j     pc - 8
core   0: 3 0x8000948e (0xbfe5)
core   0: 0x80009486 (0x00002f17) auipc   t5, 0x2
core   0: 3 0x80009486 (0x00002f17) x30 0x8000b486
core   0: 0x8000948a (0xb63f2d23) sw      gp, -1158(t5)
core   0: 3 0x8000948a (0xb63f2d23) mem 0x8000b000 0x00000001
core   0: 0x8000948e (0x0000bfe5) c.j     pc - 8
core   0: 3 0x8000948e (0xbfe5)
core   0: 0x80009486 (0x00002f17) auipc   t5, 0x2
core   0: 3 0x80009486 (0x00002f17) x30 0x8000b486
core   0: 0x8000948a (0xb63f2d23) sw      gp, -1158(t5)
core   0: 3 0x8000948a (0xb63f2d23) mem 0x8000b000 0x00000001
core   0: 0x8000948e (0x0000bfe5) c.j     pc - 8
core   0: 3 0x8000948e (0xbfe5)
core   0: 0x80009486 (0x00002f17) auipc   t5, 0x2
core   0: 3 0x80009486 (0x00002f17) x30 0x8000b486
core   0: 0x8000948a (0xb63f2d23) sw      gp, -1158(t5)
core   0: 3 0x8000948a (0xb63f2d23) mem 0x8000b000 0x00000001
core   0: 0x8000948e (0x0000bfe5) c.j     pc - 8
core   0: 3 0x8000948e (0xbfe5)
core   0: 0x80009486 (0x00002f17) auipc   t5, 0x2
core   0: 3 0x80009486 (0x00002f17) x30 0x8000b486
core   0: 0x8000948a (0xb63f2d23) sw      gp, -1158(t5)
core   0: 3 0x8000948a (0xb63f2d23) mem 0x8000b000 0x00000001
core   0: 0x8000948e (0x0000bfe5) c.j     pc - 8
core   0: 3 0x8000948e (0xbfe5)
core   0: 0x80009486 (0x00002f17) auipc   t5, 0x2
core   0: 3 0x80009486 (0x00002f17) x30 0x8000b486
core   0: 0x8000948a (0xb63f2d23) sw      gp, -1158(t5)
core   0: 3 0x8000948a (0xb63f2d23) mem 0x8000b000 0x00000001
core   0: 0x8000948e (0x0000bfe5) c.j     pc - 8
core   0: 3 0x8000948e (0xbfe5)
core   0: 0x80009486 (0x00002f17) auipc   t5, 0x2
core   0: 3 0x80009486 (0x00002f17) x30 0x8000b486
core   0: 0x8000948a (0xb63f2d23) sw      gp, -1158(t5)
core   0: 3 0x8000948a (0xb63f2d23) mem 0x8000b000 0x00000001
core   0: 0x8000948e (0x0000bfe5) c.j     pc - 8
core   0: 3 0x8000948e (0xbfe5)
core   0: 0x80009486 (0x00002f17) auipc   t5, 0x2
core   0: 3 0x80009486 (0x00002f17) x30 0x8000b486
core   0: 0x8000948a (0xb63f2d23) sw      gp, -1158(t5)
core   0: 3 0x8000948a (0xb63f2d23) mem 0x8000b000 0x00000001
core   0: 0x8000948e (0x0000bfe5) c.j     pc - 8
core   0: 3 0x8000948e (0xbfe5)
core   0: 0x80009486 (0x00002f17) auipc   t5, 0x2
core   0: 3 0x80009486 (0x00002f17) x30 0x8000b486
core   0: 0x8000948a (0xb63f2d23) sw      gp, -1158(t5)
core   0: 3 0x8000948a (0xb63f2d23) mem 0x8000b000 0x00000001
core   0: 0x8000948e (0x0000bfe5) c.j     pc - 8
core   0: 3 0x8000948e (0xbfe5)
core   0: 0x80009486 (0x00002f17) auipc   t5, 0x2
core   0: 3 0x80009486 (0x00002f17) x30 0x8000b486
core   0: 0x8000948a (0xb63f2d23) sw      gp, -1158(t5)
core   0: 3 0x8000948a (0xb63f2d23) mem 0x8000b000 0x00000001
core   0: 0x8000948e (0x0000bfe5) c.j     pc - 8
core   0: 3 0x8000948e (0xbfe5)
core   0: 0x80009486 (0x00002f17) auipc   t5, 0x2
core   0: 3 0x80009486 (0x00002f17) x30 0x8000b486
core   0: 0x8000948a (0xb63f2d23) sw      gp, -1158(t5)
core   0: 3 0x8000948a (0xb63f2d23) mem 0x8000b000 0x00000001
core   0: 0x8000948e (0x0000bfe5) c.j     pc - 8
core   0: 3 0x8000948e (0xbfe5)
core   0: 0x80009486 (0x00002f17) auipc   t5, 0x2
core   0: 3 0x80009486 (0x00002f17) x30 0x8000b486
core   0: 0x8000948a (0xb63f2d23) sw      gp, -1158(t5)
core   0: 3 0x8000948a (0xb63f2d23) mem 0x8000b000 0x00000001
core   0: 0x8000948e (0x0000bfe5) c.j     pc - 8
core   0: 3 0x8000948e (0xbfe5)
core   0: 0x80009486 (0x00002f17) auipc   t5, 0x2
core   0: 3 0x80009486 (0x00002f17) x30 0x8000b486
core   0: 0x8000948a (0xb63f2d23) sw      gp, -1158(t5)
core   0: 3 0x8000948a (0xb63f2d23) mem 0x8000b000 0x00000001
core   0: 0x8000948e (0x0000bfe5) c.j     pc - 8
core   0: 3 0x8000948e (0xbfe5)
core   0: 0x80009486 (0x00002f17) auipc   t5, 0x2
core   0: 3 0x80009486 (0x00002f17) x30 0x8000b486
core   0: 0x8000948a (0xb63f2d23) sw      gp, -1158(t5)
core   0: 3 0x8000948a (0xb63f2d23) mem 0x8000b000 0x00000001
core   0: 0x8000948e (0x0000bfe5) c.j     pc - 8
core   0: 3 0x8000948e (0xbfe5)
core   0: 0x80009486 (0x00002f17) auipc   t5, 0x2
core   0: 3 0x80009486 (0x00002f17) x30 0x8000b486
core   0: 0x8000948a (0xb63f2d23) sw      gp, -1158(t5)
core   0: 3 0x8000948a (0xb63f2d23) mem 0x8000b000 0x00000001
core   0: 0x8000948e (0x0000bfe5) c.j     pc - 8
core   0: 3 0x8000948e (0xbfe5)
core   0: 0x80009486 (0x00002f17) auipc   t5, 0x2
core   0: 3 0x80009486 (0x00002f17) x30 0x8000b486
core   0: 0x8000948a (0xb63f2d23) sw      gp, -1158(t5)
core   0: 3 0x8000948a (0xb63f2d23) mem 0x8000b000 0x00000001
core   0: 0x8000948e (0x0000bfe5) c.j     pc - 8
core   0: 3 0x8000948e (0xbfe5)
core   0: 0x80009486 (0x00002f17) auipc   t5, 0x2
core   0: 3 0x80009486 (0x00002f17) x30 0x8000b486
core   0: 0x8000948a (0xb63f2d23) sw      gp, -1158(t5)
core   0: 3 0x8000948a (0xb63f2d23) mem 0x8000b000 0x00000001
core   0: 0x8000948e (0x0000bfe5) c.j     pc - 8
core   0: 3 0x8000948e (0xbfe5)
core   0: 0x80009486 (0x00002f17) auipc   t5, 0x2
core   0: 3 0x80009486 (0x00002f17) x30 0x8000b486
core   0: 0x8000948a (0xb63f2d23) sw      gp, -1158(t5)
core   0: 3 0x8000948a (0xb63f2d23) mem 0x8000b000 0x00000001
core   0: 0x8000948e (0x0000bfe5) c.j     pc - 8
core   0: 3 0x8000948e (0xbfe5)
core   0: 0x80009486 (0x00002f17) auipc   t5, 0x2
core   0: 3 0x80009486 (0x00002f17) x30 0x8000b486
core   0: 0x8000948a (0xb63f2d23) sw      gp, -1158(t5)
core   0: 3 0x8000948a (0xb63f2d23) mem 0x8000b000 0x00000001
core   0: 0x8000948e (0x0000bfe5) c.j     pc - 8
core   0: 3 0x8000948e (0xbfe5)
core   0: 0x80009486 (0x00002f17) auipc   t5, 0x2
core   0: 3 0x80009486 (0x00002f17) x30 0x8000b486
core   0: 0x8000948a (0xb63f2d23) sw      gp, -1158(t5)
core   0: 3 0x8000948a (0xb63f2d23) mem 0x8000b000 0x00000001
core   0: 0x8000948e (0x0000bfe5) c.j     pc - 8
core   0: 3 0x8000948e (0xbfe5)
core   0: 0x80009486 (0x00002f17) auipc   t5, 0x2
core   0: 3 0x80009486 (0x00002f17) x30 0x8000b486
core   0: 0x8000948a (0xb63f2d23) sw      gp, -1158(t5)
core   0: 3 0x8000948a (0xb63f2d23) mem 0x8000b000 0x00000001
core   0: 0x8000948e (0x0000bfe5) c.j     pc - 8
core   0: 3 0x8000948e (0xbfe5)
core   0: 0x80009486 (0x00002f17) auipc   t5, 0x2
core   0: 3 0x80009486 (0x00002f17) x30 0x8000b486
core   0: 0x8000948a (0xb63f2d23) sw      gp, -1158(t5)
core   0: 3 0x8000948a (0xb63f2d23) mem 0x8000b000 0x00000001
core   0: 0x8000948e (0x0000bfe5) c.j     pc - 8
core   0: 3 0x8000948e (0xbfe5)
core   0: 0x80009486 (0x00002f17) auipc   t5, 0x2
core   0: 3 0x80009486 (0x00002f17) x30 0x8000b486
core   0: 0x8000948a (0xb63f2d23) sw      gp, -1158(t5)
core   0: 3 0x8000948a (0xb63f2d23) mem 0x8000b000 0x00000001
core   0: 0x8000948e (0x0000bfe5) c.j     pc - 8
core   0: 3 0x8000948e (0xbfe5)
core   0: 0x80009486 (0x00002f17) auipc   t5, 0x2
core   0: 3 0x80009486 (0x00002f17) x30 0x8000b486
core   0: 0x8000948a (0xb63f2d23) sw      gp, -1158(t5)
core   0: 3 0x8000948a (0xb63f2d23) mem 0x8000b000 0x00000001
core   0: 0x8000948e (0x0000bfe5) c.j     pc - 8
core   0: 3 0x8000948e (0xbfe5)
core   0: 0x80009486 (0x00002f17) auipc   t5, 0x2
core   0: 3 0x80009486 (0x00002f17) x30 0x8000b486
core   0: 0x8000948a (0xb63f2d23) sw      gp, -1158(t5)
core   0: 3 0x8000948a (0xb63f2d23) mem 0x8000b000 0x00000001
core   0: 0x8000948e (0x0000bfe5) c.j     pc - 8
core   0: 3 0x8000948e (0xbfe5)
core   0: 0x80009486 (0x00002f17) auipc   t5, 0x2
core   0: 3 0x80009486 (0x00002f17) x30 0x8000b486
core   0: 0x8000948a (0xb63f2d23) sw      gp, -1158(t5)
core   0: 3 0x8000948a (0xb63f2d23) mem 0x8000b000 0x00000001
core   0: 0x8000948e (0x0000bfe5) c.j     pc - 8
core   0: 3 0x8000948e (0xbfe5)
core   0: 0x80009486 (0x00002f17) auipc   t5, 0x2
core   0: 3 0x80009486 (0x00002f17) x30 0x8000b486
core   0: 0x8000948a (0xb63f2d23) sw      gp, -1158(t5)
core   0: 3 0x8000948a (0xb63f2d23) mem 0x8000b000 0x00000001
core   0: 0x8000948e (0x0000bfe5) c.j     pc - 8
core   0: 3 0x8000948e (0xbfe5)
core   0: 0x80009486 (0x00002f17) auipc   t5, 0x2
core   0: 3 0x80009486 (0x00002f17) x30 0x8000b486
core   0: 0x8000948a (0xb63f2d23) sw      gp, -1158(t5)
core   0: 3 0x8000948a (0xb63f2d23) mem 0x8000b000 0x00000001
core   0: 0x8000948e (0x0000bfe5) c.j     pc - 8
core   0: 3 0x8000948e (0xbfe5)
core   0: 0x80009486 (0x00002f17) auipc   t5, 0x2
core   0: 3 0x80009486 (0x00002f17) x30 0x8000b486
core   0: 0x8000948a (0xb63f2d23) sw      gp, -1158(t5)
core   0: 3 0x8000948a (0xb63f2d23) mem 0x8000b000 0x00000001
core   0: 0x8000948e (0x0000bfe5) c.j     pc - 8
core   0: 3 0x8000948e (0xbfe5)
core   0: 0x80009486 (0x00002f17) auipc   t5, 0x2
core   0: 3 0x80009486 (0x00002f17) x30 0x8000b486
core   0: 0x8000948a (0xb63f2d23) sw      gp, -1158(t5)
core   0: 3 0x8000948a (0xb63f2d23) mem 0x8000b000 0x00000001
core   0: 0x8000948e (0x0000bfe5) c.j     pc - 8
core   0: 3 0x8000948e (0xbfe5)
core   0: 0x80009486 (0x00002f17) auipc   t5, 0x2
core   0: 3 0x80009486 (0x00002f17) x30 0x8000b486
core   0: 0x8000948a (0xb63f2d23) sw      gp, -1158(t5)
core   0: 3 0x8000948a (0xb63f2d23) mem 0x8000b000 0x00000001
core   0: 0x8000948e (0x0000bfe5) c.j     pc - 8
core   0: 3 0x8000948e (0xbfe5)
core   0: 0x80009486 (0x00002f17) auipc   t5, 0x2
core   0: 3 0x80009486 (0x00002f17) x30 0x8000b486
core   0: 0x8000948a (0xb63f2d23) sw      gp, -1158(t5)
core   0: 3 0x8000948a (0xb63f2d23) mem 0x8000b000 0x00000001
core   0: 0x8000948e (0x0000bfe5) c.j     pc - 8
core   0: 3 0x8000948e (0xbfe5)
core   0: 0x80009486 (0x00002f17) auipc   t5, 0x2
core   0: 3 0x80009486 (0x00002f17) x30 0x8000b486
core   0: 0x8000948a (0xb63f2d23) sw      gp, -1158(t5)
core   0: 3 0x8000948a (0xb63f2d23) mem 0x8000b000 0x00000001
core   0: 0x8000948e (0x0000bfe5) c.j     pc - 8
core   0: 3 0x8000948e (0xbfe5)
core   0: 0x80009486 (0x00002f17) auipc   t5, 0x2
core   0: 3 0x80009486 (0x00002f17) x30 0x8000b486
core   0: 0x8000948a (0xb63f2d23) sw      gp, -1158(t5)
core   0: 3 0x8000948a (0xb63f2d23) mem 0x8000b000 0x00000001
core   0: 0x8000948e (0x0000bfe5) c.j     pc - 8
core   0: 3 0x8000948e (0xbfe5)
core   0: 0x80009486 (0x00002f17) auipc   t5, 0x2
core   0: 3 0x80009486 (0x00002f17) x30 0x8000b486
core   0: 0x8000948a (0xb63f2d23) sw      gp, -1158(t5)
core   0: 3 0x8000948a (0xb63f2d23) mem 0x8000b000 0x00000001
core   0: 0x8000948e (0x0000bfe5) c.j     pc - 8
core   0: 3 0x8000948e (0xbfe5)
core   0: 0x80009486 (0x00002f17) auipc   t5, 0x2
core   0: 3 0x80009486 (0x00002f17) x30 0x8000b486
core   0: 0x8000948a (0xb63f2d23) sw      gp, -1158(t5)
core   0: 3 0x8000948a (0xb63f2d23) mem 0x8000b000 0x00000001
core   0: 0x8000948e (0x0000bfe5) c.j     pc - 8
core   0: 3 0x8000948e (0xbfe5)
core   0: 0x80009486 (0x00002f17) auipc   t5, 0x2
core   0: 3 0x80009486 (0x00002f17) x30 0x8000b486
core   0: 0x8000948a (0xb63f2d23) sw      gp, -1158(t5)
core   0: 3 0x8000948a (0xb63f2d23) mem 0x8000b000 0x00000001
core   0: 0x8000948e (0x0000bfe5) c.j     pc - 8
core   0: 3 0x8000948e (0xbfe5)
core   0: 0x80009486 (0x00002f17) auipc   t5, 0x2
core   0: 3 0x80009486 (0x00002f17) x30 0x8000b486
core   0: 0x8000948a (0xb63f2d23) sw      gp, -1158(t5)
core   0: 3 0x8000948a (0xb63f2d23) mem 0x8000b000 0x00000001
core   0: 0x8000948e (0x0000bfe5) c.j     pc - 8
core   0: 3 0x8000948e (0xbfe5)
core   0: 0x80009486 (0x00002f17) auipc   t5, 0x2
core   0: 3 0x80009486 (0x00002f17) x30 0x8000b486
core   0: 0x8000948a (0xb63f2d23) sw      gp, -1158(t5)
core   0: 3 0x8000948a (0xb63f2d23) mem 0x8000b000 0x00000001
core   0: 0x8000948e (0x0000bfe5) c.j     pc - 8
core   0: 3 0x8000948e (0xbfe5)
core   0: 0x80009486 (0x00002f17) auipc   t5, 0x2
core   0: 3 0x80009486 (0x00002f17) x30 0x8000b486
core   0: 0x8000948a (0xb63f2d23) sw      gp, -1158(t5)
core   0: 3 0x8000948a (0xb63f2d23) mem 0x8000b000 0x00000001
core   0: 0x8000948e (0x0000bfe5) c.j     pc - 8
core   0: 3 0x8000948e (0xbfe5)
core   0: 0x80009486 (0x00002f17) auipc   t5, 0x2
core   0: 3 0x80009486 (0x00002f17) x30 0x8000b486
core   0: 0x8000948a (0xb63f2d23) sw      gp, -1158(t5)
core   0: 3 0x8000948a (0xb63f2d23) mem 0x8000b000 0x00000001
core   0: 0x8000948e (0x0000bfe5) c.j     pc - 8
core   0: 3 0x8000948e (0xbfe5)
core   0: 0x80009486 (0x00002f17) auipc   t5, 0x2
core   0: 3 0x80009486 (0x00002f17) x30 0x8000b486
core   0: 0x8000948a (0xb63f2d23) sw      gp, -1158(t5)
core   0: 3 0x8000948a (0xb63f2d23) mem 0x8000b000 0x00000001
core   0: 0x8000948e (0x0000bfe5) c.j     pc - 8
core   0: 3 0x8000948e (0xbfe5)
core   0: 0x80009486 (0x00002f17) auipc   t5, 0x2
core   0: 3 0x80009486 (0x00002f17) x30 0x8000b486
core   0: 0x8000948a (0xb63f2d23) sw      gp, -1158(t5)
core   0: 3 0x8000948a (0xb63f2d23) mem 0x8000b000 0x00000001
core   0: 0x8000948e (0x0000bfe5) c.j     pc - 8
core   0: 3 0x8000948e (0xbfe5)
core   0: 0x80009486 (0x00002f17) auipc   t5, 0x2
core   0: 3 0x80009486 (0x00002f17) x30 0x8000b486
core   0: 0x8000948a (0xb63f2d23) sw      gp, -1158(t5)
core   0: 3 0x8000948a (0xb63f2d23) mem 0x8000b000 0x00000001
core   0: 0x8000948e (0x0000bfe5) c.j     pc - 8
core   0: 3 0x8000948e (0xbfe5)
core   0: 0x80009486 (0x00002f17) auipc   t5, 0x2
core   0: 3 0x80009486 (0x00002f17) x30 0x8000b486
core   0: 0x8000948a (0xb63f2d23) sw      gp, -1158(t5)
core   0: 3 0x8000948a (0xb63f2d23) mem 0x8000b000 0x00000001
core   0: 0x8000948e (0x0000bfe5) c.j     pc - 8
core   0: 3 0x8000948e (0xbfe5)
core   0: 0x80009486 (0x00002f17) auipc   t5, 0x2
core   0: 3 0x80009486 (0x00002f17) x30 0x8000b486
core   0: 0x8000948a (0xb63f2d23) sw      gp, -1158(t5)
core   0: 3 0x8000948a (0xb63f2d23) mem 0x8000b000 0x00000001
core   0: 0x8000948e (0x0000bfe5) c.j     pc - 8
core   0: 3 0x8000948e (0xbfe5)
core   0: 0x80009486 (0x00002f17) auipc   t5, 0x2
core   0: 3 0x80009486 (0x00002f17) x30 0x8000b486
core   0: 0x8000948a (0xb63f2d23) sw      gp, -1158(t5)
core   0: 3 0x8000948a (0xb63f2d23) mem 0x8000b000 0x00000001
core   0: 0x8000948e (0x0000bfe5) c.j     pc - 8
core   0: 3 0x8000948e (0xbfe5)
core   0: 0x80009486 (0x00002f17) auipc   t5, 0x2
core   0: 3 0x80009486 (0x00002f17) x30 0x8000b486
core   0: 0x8000948a (0xb63f2d23) sw      gp, -1158(t5)
core   0: 3 0x8000948a (0xb63f2d23) mem 0x8000b000 0x00000001
core   0: 0x8000948e (0x0000bfe5) c.j     pc - 8
core   0: 3 0x8000948e (0xbfe5)
core   0: 0x80009486 (0x00002f17) auipc   t5, 0x2
core   0: 3 0x80009486 (0x00002f17) x30 0x8000b486
core   0: 0x8000948a (0xb63f2d23) sw      gp, -1158(t5)
core   0: 3 0x8000948a (0xb63f2d23) mem 0x8000b000 0x00000001
core   0: 0x8000948e (0x0000bfe5) c.j     pc - 8
core   0: 3 0x8000948e (0xbfe5)
core   0: 0x80009486 (0x00002f17) auipc   t5, 0x2
core   0: 3 0x80009486 (0x00002f17) x30 0x8000b486
core   0: 0x8000948a (0xb63f2d23) sw      gp, -1158(t5)
core   0: 3 0x8000948a (0xb63f2d23) mem 0x8000b000 0x00000001
core   0: 0x8000948e (0x0000bfe5) c.j     pc - 8
core   0: 3 0x8000948e (0xbfe5)
core   0: 0x80009486 (0x00002f17) auipc   t5, 0x2
core   0: 3 0x80009486 (0x00002f17) x30 0x8000b486
core   0: 0x8000948a (0xb63f2d23) sw      gp, -1158(t5)
core   0: 3 0x8000948a (0xb63f2d23) mem 0x8000b000 0x00000001
core   0: 0x8000948e (0x0000bfe5) c.j     pc - 8
core   0: 3 0x8000948e (0xbfe5)
core   0: 0x80009486 (0x00002f17) auipc   t5, 0x2
core   0: 3 0x80009486 (0x00002f17) x30 0x8000b486
core   0: 0x8000948a (0xb63f2d23) sw      gp, -1158(t5)
core   0: 3 0x8000948a (0xb63f2d23) mem 0x8000b000 0x00000001
core   0: 0x8000948e (0x0000bfe5) c.j     pc - 8
core   0: 3 0x8000948e (0xbfe5)
core   0: 0x80009486 (0x00002f17) auipc   t5, 0x2
core   0: 3 0x80009486 (0x00002f17) x30 0x8000b486
core   0: 0x8000948a (0xb63f2d23) sw      gp, -1158(t5)
core   0: 3 0x8000948a (0xb63f2d23) mem 0x8000b000 0x00000001
core   0: 0x8000948e (0x0000bfe5) c.j     pc - 8
core   0: 3 0x8000948e (0xbfe5)
core   0: 0x80009486 (0x00002f17) auipc   t5, 0x2
core   0: 3 0x80009486 (0x00002f17) x30 0x8000b486
core   0: 0x8000948a (0xb63f2d23) sw      gp, -1158(t5)
core   0: 3 0x8000948a (0xb63f2d23) mem 0x8000b000 0x00000001
core   0: 0x8000948e (0x0000bfe5) c.j     pc - 8
core   0: 3 0x8000948e (0xbfe5)
core   0: 0x80009486 (0x00002f17) auipc   t5, 0x2
core   0: 3 0x80009486 (0x00002f17) x30 0x8000b486
core   0: 0x8000948a (0xb63f2d23) sw      gp, -1158(t5)
core   0: 3 0x8000948a (0xb63f2d23) mem 0x8000b000 0x00000001
core   0: 0x8000948e (0x0000bfe5) c.j     pc - 8
core   0: 3 0x8000948e (0xbfe5)
core   0: 0x80009486 (0x00002f17) auipc   t5, 0x2
core   0: 3 0x80009486 (0x00002f17) x30 0x8000b486
core   0: 0x8000948a (0xb63f2d23) sw      gp, -1158(t5)
core   0: 3 0x8000948a (0xb63f2d23) mem 0x8000b000 0x00000001
core   0: 0x8000948e (0x0000bfe5) c.j     pc - 8
core   0: 3 0x8000948e (0xbfe5)
core   0: 0x80009486 (0x00002f17) auipc   t5, 0x2
core   0: 3 0x80009486 (0x00002f17) x30 0x8000b486
core   0: 0x8000948a (0xb63f2d23) sw      gp, -1158(t5)
core   0: 3 0x8000948a (0xb63f2d23) mem 0x8000b000 0x00000001
core   0: 0x8000948e (0x0000bfe5) c.j     pc - 8
core   0: 3 0x8000948e (0xbfe5)
core   0: 0x80009486 (0x00002f17) auipc   t5, 0x2
core   0: 3 0x80009486 (0x00002f17) x30 0x8000b486
core   0: 0x8000948a (0xb63f2d23) sw      gp, -1158(t5)
core   0: 3 0x8000948a (0xb63f2d23) mem 0x8000b000 0x00000001
core   0: 0x8000948e (0x0000bfe5) c.j     pc - 8
core   0: 3 0x8000948e (0xbfe5)
core   0: 0x80009486 (0x00002f17) auipc   t5, 0x2
core   0: 3 0x80009486 (0x00002f17) x30 0x8000b486
core   0: 0x8000948a (0xb63f2d23) sw      gp, -1158(t5)
core   0: 3 0x8000948a (0xb63f2d23) mem 0x8000b000 0x00000001
core   0: 0x8000948e (0x0000bfe5) c.j     pc - 8
core   0: 3 0x8000948e (0xbfe5)
core   0: 0x80009486 (0x00002f17) auipc   t5, 0x2
core   0: 3 0x80009486 (0x00002f17) x30 0x8000b486
core   0: 0x8000948a (0xb63f2d23) sw      gp, -1158(t5)
core   0: 3 0x8000948a (0xb63f2d23) mem 0x8000b000 0x00000001
core   0: 0x8000948e (0x0000bfe5) c.j     pc - 8
core   0: 3 0x8000948e (0xbfe5)
core   0: 0x80009486 (0x00002f17) auipc   t5, 0x2
core   0: 3 0x80009486 (0x00002f17) x30 0x8000b486
core   0: 0x8000948a (0xb63f2d23) sw      gp, -1158(t5)
core   0: 3 0x8000948a (0xb63f2d23) mem 0x8000b000 0x00000001
core   0: 0x8000948e (0x0000bfe5) c.j     pc - 8
core   0: 3 0x8000948e (0xbfe5)
core   0: 0x80009486 (0x00002f17) auipc   t5, 0x2
core   0: 3 0x80009486 (0x00002f17) x30 0x8000b486
core   0: 0x8000948a (0xb63f2d23) sw      gp, -1158(t5)
core   0: 3 0x8000948a (0xb63f2d23) mem 0x8000b000 0x00000001
core   0: 0x8000948e (0x0000bfe5) c.j     pc - 8
core   0: 3 0x8000948e (0xbfe5)
core   0: 0x80009486 (0x00002f17) auipc   t5, 0x2
core   0: 3 0x80009486 (0x00002f17) x30 0x8000b486
core   0: 0x8000948a (0xb63f2d23) sw      gp, -1158(t5)
core   0: 3 0x8000948a (0xb63f2d23) mem 0x8000b000 0x00000001
core   0: 0x8000948e (0x0000bfe5) c.j     pc - 8
core   0: 3 0x8000948e (0xbfe5)
core   0: 0x80009486 (0x00002f17) auipc   t5, 0x2
core   0: 3 0x80009486 (0x00002f17) x30 0x8000b486
core   0: 0x8000948a (0xb63f2d23) sw      gp, -1158(t5)
core   0: 3 0x8000948a (0xb63f2d23) mem 0x8000b000 0x00000001
core   0: 0x8000948e (0x0000bfe5) c.j     pc - 8
core   0: 3 0x8000948e (0xbfe5)
core   0: 0x80009486 (0x00002f17) auipc   t5, 0x2
core   0: 3 0x80009486 (0x00002f17) x30 0x8000b486
core   0: 0x8000948a (0xb63f2d23) sw      gp, -1158(t5)
core   0: 3 0x8000948a (0xb63f2d23) mem 0x8000b000 0x00000001
core   0: 0x8000948e (0x0000bfe5) c.j     pc - 8
core   0: 3 0x8000948e (0xbfe5)
core   0: 0x80009486 (0x00002f17) auipc   t5, 0x2
core   0: 3 0x80009486 (0x00002f17) x30 0x8000b486
core   0: 0x8000948a (0xb63f2d23) sw      gp, -1158(t5)
core   0: 3 0x8000948a (0xb63f2d23) mem 0x8000b000 0x00000001
core   0: 0x8000948e (0x0000bfe5) c.j     pc - 8
core   0: 3 0x8000948e (0xbfe5)
core   0: 0x80009486 (0x00002f17) auipc   t5, 0x2
core   0: 3 0x80009486 (0x00002f17) x30 0x8000b486
core   0: 0x8000948a (0xb63f2d23) sw      gp, -1158(t5)
core   0: 3 0x8000948a (0xb63f2d23) mem 0x8000b000 0x00000001
core   0: 0x8000948e (0x0000bfe5) c.j     pc - 8
core   0: 3 0x8000948e (0xbfe5)
core   0: 0x80009486 (0x00002f17) auipc   t5, 0x2
core   0: 3 0x80009486 (0x00002f17) x30 0x8000b486
core   0: 0x8000948a (0xb63f2d23) sw      gp, -1158(t5)
core   0: 3 0x8000948a (0xb63f2d23) mem 0x8000b000 0x00000001
core   0: 0x8000948e (0x0000bfe5) c.j     pc - 8
core   0: 3 0x8000948e (0xbfe5)
core   0: 0x80009486 (0x00002f17) auipc   t5, 0x2
core   0: 3 0x80009486 (0x00002f17) x30 0x8000b486
core   0: 0x8000948a (0xb63f2d23) sw      gp, -1158(t5)
core   0: 3 0x8000948a (0xb63f2d23) mem 0x8000b000 0x00000001
core   0: 0x8000948e (0x0000bfe5) c.j     pc - 8
core   0: 3 0x8000948e (0xbfe5)
core   0: 0x80009486 (0x00002f17) auipc   t5, 0x2
core   0: 3 0x80009486 (0x00002f17) x30 0x8000b486
core   0: 0x8000948a (0xb63f2d23) sw      gp, -1158(t5)
core   0: 3 0x8000948a (0xb63f2d23) mem 0x8000b000 0x00000001
core   0: 0x8000948e (0x0000bfe5) c.j     pc - 8
core   0: 3 0x8000948e (0xbfe5)
core   0: 0x80009486 (0x00002f17) auipc   t5, 0x2
core   0: 3 0x80009486 (0x00002f17) x30 0x8000b486
core   0: 0x8000948a (0xb63f2d23) sw      gp, -1158(t5)
core   0: 3 0x8000948a (0xb63f2d23) mem 0x8000b000 0x00000001
core   0: 0x8000948e (0x0000bfe5) c.j     pc - 8
core   0: 3 0x8000948e (0xbfe5)
core   0: 0x80009486 (0x00002f17) auipc   t5, 0x2
core   0: 3 0x80009486 (0x00002f17) x30 0x8000b486
core   0: 0x8000948a (0xb63f2d23) sw      gp, -1158(t5)
core   0: 3 0x8000948a (0xb63f2d23) mem 0x8000b000 0x00000001
core   0: 0x8000948e (0x0000bfe5) c.j     pc - 8
core   0: 3 0x8000948e (0xbfe5)
core   0: 0x80009486 (0x00002f17) auipc   t5, 0x2
core   0: 3 0x80009486 (0x00002f17) x30 0x8000b486
core   0: 0x8000948a (0xb63f2d23) sw      gp, -1158(t5)
core   0: 3 0x8000948a (0xb63f2d23) mem 0x8000b000 0x00000001
core   0: 0x8000948e (0x0000bfe5) c.j     pc - 8
core   0: 3 0x8000948e (0xbfe5)
core   0: 0x80009486 (0x00002f17) auipc   t5, 0x2
core   0: 3 0x80009486 (0x00002f17) x30 0x8000b486
core   0: 0x8000948a (0xb63f2d23) sw      gp, -1158(t5)
core   0: 3 0x8000948a (0xb63f2d23) mem 0x8000b000 0x00000001
core   0: 0x8000948e (0x0000bfe5) c.j     pc - 8
core   0: 3 0x8000948e (0xbfe5)
core   0: 0x80009486 (0x00002f17) auipc   t5, 0x2
core   0: 3 0x80009486 (0x00002f17) x30 0x8000b486
core   0: 0x8000948a (0xb63f2d23) sw      gp, -1158(t5)
core   0: 3 0x8000948a (0xb63f2d23) mem 0x8000b000 0x00000001
core   0: 0x8000948e (0x0000bfe5) c.j     pc - 8
core   0: 3 0x8000948e (0xbfe5)
core   0: 0x80009486 (0x00002f17) auipc   t5, 0x2
core   0: 3 0x80009486 (0x00002f17) x30 0x8000b486
core   0: 0x8000948a (0xb63f2d23) sw      gp, -1158(t5)
core   0: 3 0x8000948a (0xb63f2d23) mem 0x8000b000 0x00000001
core   0: 0x8000948e (0x0000bfe5) c.j     pc - 8
core   0: 3 0x8000948e (0xbfe5)
core   0: 0x80009486 (0x00002f17) auipc   t5, 0x2
core   0: 3 0x80009486 (0x00002f17) x30 0x8000b486
core   0: 0x8000948a (0xb63f2d23) sw      gp, -1158(t5)
core   0: 3 0x8000948a (0xb63f2d23) mem 0x8000b000 0x00000001
core   0: 0x8000948e (0x0000bfe5) c.j     pc - 8
core   0: 3 0x8000948e (0xbfe5)
core   0: 0x80009486 (0x00002f17) auipc   t5, 0x2
core   0: 3 0x80009486 (0x00002f17) x30 0x8000b486
core   0: 0x8000948a (0xb63f2d23) sw      gp, -1158(t5)
core   0: 3 0x8000948a (0xb63f2d23) mem 0x8000b000 0x00000001
core   0: 0x8000948e (0x0000bfe5) c.j     pc - 8
core   0: 3 0x8000948e (0xbfe5)
core   0: 0x80009486 (0x00002f17) auipc   t5, 0x2
core   0: 3 0x80009486 (0x00002f17) x30 0x8000b486
core   0: 0x8000948a (0xb63f2d23) sw      gp, -1158(t5)
core   0: 3 0x8000948a (0xb63f2d23) mem 0x8000b000 0x00000001
core   0: 0x8000948e (0x0000bfe5) c.j     pc - 8
core   0: 3 0x8000948e (0xbfe5)
core   0: 0x80009486 (0x00002f17) auipc   t5, 0x2
core   0: 3 0x80009486 (0x00002f17) x30 0x8000b486
core   0: 0x8000948a (0xb63f2d23) sw      gp, -1158(t5)
core   0: 3 0x8000948a (0xb63f2d23) mem 0x8000b000 0x00000001
core   0: 0x8000948e (0x0000bfe5) c.j     pc - 8
core   0: 3 0x8000948e (0xbfe5)
core   0: 0x80009486 (0x00002f17) auipc   t5, 0x2
core   0: 3 0x80009486 (0x00002f17) x30 0x8000b486
core   0: 0x8000948a (0xb63f2d23) sw      gp, -1158(t5)
core   0: 3 0x8000948a (0xb63f2d23) mem 0x8000b000 0x00000001
core   0: 0x8000948e (0x0000bfe5) c.j     pc - 8
core   0: 3 0x8000948e (0xbfe5)
core   0: 0x80009486 (0x00002f17) auipc   t5, 0x2
core   0: 3 0x80009486 (0x00002f17) x30 0x8000b486
core   0: 0x8000948a (0xb63f2d23) sw      gp, -1158(t5)
core   0: 3 0x8000948a (0xb63f2d23) mem 0x8000b000 0x00000001
core   0: 0x8000948e (0x0000bfe5) c.j     pc - 8
core   0: 3 0x8000948e (0xbfe5)
core   0: 0x80009486 (0x00002f17) auipc   t5, 0x2
core   0: 3 0x80009486 (0x00002f17) x30 0x8000b486
core   0: 0x8000948a (0xb63f2d23) sw      gp, -1158(t5)
core   0: 3 0x8000948a (0xb63f2d23) mem 0x8000b000 0x00000001
core   0: 0x8000948e (0x0000bfe5) c.j     pc - 8
core   0: 3 0x8000948e (0xbfe5)
core   0: 0x80009486 (0x00002f17) auipc   t5, 0x2
core   0: 3 0x80009486 (0x00002f17) x30 0x8000b486
core   0: 0x8000948a (0xb63f2d23) sw      gp, -1158(t5)
core   0: 3 0x8000948a (0xb63f2d23) mem 0x8000b000 0x00000001
core   0: 0x8000948e (0x0000bfe5) c.j     pc - 8
core   0: 3 0x8000948e (0xbfe5)
core   0: 0x80009486 (0x00002f17) auipc   t5, 0x2
core   0: 3 0x80009486 (0x00002f17) x30 0x8000b486
core   0: 0x8000948a (0xb63f2d23) sw      gp, -1158(t5)
core   0: 3 0x8000948a (0xb63f2d23) mem 0x8000b000 0x00000001
core   0: 0x8000948e (0x0000bfe5) c.j     pc - 8
core   0: 3 0x8000948e (0xbfe5)
core   0: 0x80009486 (0x00002f17) auipc   t5, 0x2
core   0: 3 0x80009486 (0x00002f17) x30 0x8000b486
core   0: 0x8000948a (0xb63f2d23) sw      gp, -1158(t5)
core   0: 3 0x8000948a (0xb63f2d23) mem 0x8000b000 0x00000001
core   0: 0x8000948e (0x0000bfe5) c.j     pc - 8
core   0: 3 0x8000948e (0xbfe5)
core   0: 0x80009486 (0x00002f17) auipc   t5, 0x2
core   0: 3 0x80009486 (0x00002f17) x30 0x8000b486
core   0: 0x8000948a (0xb63f2d23) sw      gp, -1158(t5)
core   0: 3 0x8000948a (0xb63f2d23) mem 0x8000b000 0x00000001
core   0: 0x8000948e (0x0000bfe5) c.j     pc - 8
core   0: 3 0x8000948e (0xbfe5)
core   0: 0x80009486 (0x00002f17) auipc   t5, 0x2
core   0: 3 0x80009486 (0x00002f17) x30 0x8000b486
core   0: 0x8000948a (0xb63f2d23) sw      gp, -1158(t5)
core   0: 3 0x8000948a (0xb63f2d23) mem 0x8000b000 0x00000001
core   0: 0x8000948e (0x0000bfe5) c.j     pc - 8
core   0: 3 0x8000948e (0xbfe5)
core   0: 0x80009486 (0x00002f17) auipc   t5, 0x2
core   0: 3 0x80009486 (0x00002f17) x30 0x8000b486
core   0: 0x8000948a (0xb63f2d23) sw      gp, -1158(t5)
core   0: 3 0x8000948a (0xb63f2d23) mem 0x8000b000 0x00000001
core   0: 0x8000948e (0x0000bfe5) c.j     pc - 8
core   0: 3 0x8000948e (0xbfe5)
core   0: 0x80009486 (0x00002f17) auipc   t5, 0x2
core   0: 3 0x80009486 (0x00002f17) x30 0x8000b486
core   0: 0x8000948a (0xb63f2d23) sw      gp, -1158(t5)
core   0: 3 0x8000948a (0xb63f2d23) mem 0x8000b000 0x00000001
core   0: 0x8000948e (0x0000bfe5) c.j     pc - 8
core   0: 3 0x8000948e (0xbfe5)
core   0: 0x80009486 (0x00002f17) auipc   t5, 0x2
core   0: 3 0x80009486 (0x00002f17) x30 0x8000b486
core   0: 0x8000948a (0xb63f2d23) sw      gp, -1158(t5)
core   0: 3 0x8000948a (0xb63f2d23) mem 0x8000b000 0x00000001
core   0: 0x8000948e (0x0000bfe5) c.j     pc - 8
core   0: 3 0x8000948e (0xbfe5)
core   0: 0x80009486 (0x00002f17) auipc   t5, 0x2
core   0: 3 0x80009486 (0x00002f17) x30 0x8000b486
core   0: 0x8000948a (0xb63f2d23) sw      gp, -1158(t5)
core   0: 3 0x8000948a (0xb63f2d23) mem 0x8000b000 0x00000001
core   0: 0x8000948e (0x0000bfe5) c.j     pc - 8
core   0: 3 0x8000948e (0xbfe5)
core   0: 0x80009486 (0x00002f17) auipc   t5, 0x2
core   0: 3 0x80009486 (0x00002f17) x30 0x8000b486
core   0: 0x8000948a (0xb63f2d23) sw      gp, -1158(t5)
core   0: 3 0x8000948a (0xb63f2d23) mem 0x8000b000 0x00000001
core   0: 0x8000948e (0x0000bfe5) c.j     pc - 8
core   0: 3 0x8000948e (0xbfe5)
core   0: 0x80009486 (0x00002f17) auipc   t5, 0x2
core   0: 3 0x80009486 (0x00002f17) x30 0x8000b486
core   0: 0x8000948a (0xb63f2d23) sw      gp, -1158(t5)
core   0: 3 0x8000948a (0xb63f2d23) mem 0x8000b000 0x00000001
core   0: 0x8000948e (0x0000bfe5) c.j     pc - 8
core   0: 3 0x8000948e (0xbfe5)
core   0: 0x80009486 (0x00002f17) auipc   t5, 0x2
core   0: 3 0x80009486 (0x00002f17) x30 0x8000b486
core   0: 0x8000948a (0xb63f2d23) sw      gp, -1158(t5)
core   0: 3 0x8000948a (0xb63f2d23) mem 0x8000b000 0x00000001
core   0: 0x8000948e (0x0000bfe5) c.j     pc - 8
core   0: 3 0x8000948e (0xbfe5)
core   0: 0x80009486 (0x00002f17) auipc   t5, 0x2
core   0: 3 0x80009486 (0x00002f17) x30 0x8000b486
core   0: 0x8000948a (0xb63f2d23) sw      gp, -1158(t5)
core   0: 3 0x8000948a (0xb63f2d23) mem 0x8000b000 0x00000001
core   0: 0x8000948e (0x0000bfe5) c.j     pc - 8
core   0: 3 0x8000948e (0xbfe5)
core   0: 0x80009486 (0x00002f17) auipc   t5, 0x2
core   0: 3 0x80009486 (0x00002f17) x30 0x8000b486
core   0: 0x8000948a (0xb63f2d23) sw      gp, -1158(t5)
core   0: 3 0x8000948a (0xb63f2d23) mem 0x8000b000 0x00000001
core   0: 0x8000948e (0x0000bfe5) c.j     pc - 8
core   0: 3 0x8000948e (0xbfe5)
core   0: 0x80009486 (0x00002f17) auipc   t5, 0x2
core   0: 3 0x80009486 (0x00002f17) x30 0x8000b486
core   0: 0x8000948a (0xb63f2d23) sw      gp, -1158(t5)
core   0: 3 0x8000948a (0xb63f2d23) mem 0x8000b000 0x00000001
core   0: 0x8000948e (0x0000bfe5) c.j     pc - 8
core   0: 3 0x8000948e (0xbfe5)
core   0: 0x80009486 (0x00002f17) auipc   t5, 0x2
core   0: 3 0x80009486 (0x00002f17) x30 0x8000b486
core   0: 0x8000948a (0xb63f2d23) sw      gp, -1158(t5)
core   0: 3 0x8000948a (0xb63f2d23) mem 0x8000b000 0x00000001
core   0: 0x8000948e (0x0000bfe5) c.j     pc - 8
core   0: 3 0x8000948e (0xbfe5)
core   0: 0x80009486 (0x00002f17) auipc   t5, 0x2
core   0: 3 0x80009486 (0x00002f17) x30 0x8000b486
core   0: 0x8000948a (0xb63f2d23) sw      gp, -1158(t5)
core   0: 3 0x8000948a (0xb63f2d23) mem 0x8000b000 0x00000001
core   0: 0x8000948e (0x0000bfe5) c.j     pc - 8
core   0: 3 0x8000948e (0xbfe5)
core   0: 0x80009486 (0x00002f17) auipc   t5, 0x2
core   0: 3 0x80009486 (0x00002f17) x30 0x8000b486
core   0: 0x8000948a (0xb63f2d23) sw      gp, -1158(t5)
core   0: 3 0x8000948a (0xb63f2d23) mem 0x8000b000 0x00000001
core   0: 0x8000948e (0x0000bfe5) c.j     pc - 8
core   0: 3 0x8000948e (0xbfe5)
core   0: 0x80009486 (0x00002f17) auipc   t5, 0x2
core   0: 3 0x80009486 (0x00002f17) x30 0x8000b486
core   0: 0x8000948a (0xb63f2d23) sw      gp, -1158(t5)
core   0: 3 0x8000948a (0xb63f2d23) mem 0x8000b000 0x00000001
core   0: 0x8000948e (0x0000bfe5) c.j     pc - 8
core   0: 3 0x8000948e (0xbfe5)
core   0: 0x80009486 (0x00002f17) auipc   t5, 0x2
core   0: 3 0x80009486 (0x00002f17) x30 0x8000b486
core   0: 0x8000948a (0xb63f2d23) sw      gp, -1158(t5)
core   0: 3 0x8000948a (0xb63f2d23) mem 0x8000b000 0x00000001
core   0: 0x8000948e (0x0000bfe5) c.j     pc - 8
core   0: 3 0x8000948e (0xbfe5)
core   0: 0x80009486 (0x00002f17) auipc   t5, 0x2
core   0: 3 0x80009486 (0x00002f17) x30 0x8000b486
core   0: 0x8000948a (0xb63f2d23) sw      gp, -1158(t5)
core   0: 3 0x8000948a (0xb63f2d23) mem 0x8000b000 0x00000001
core   0: 0x8000948e (0x0000bfe5) c.j     pc - 8
core   0: 3 0x8000948e (0xbfe5)
core   0: 0x80009486 (0x00002f17) auipc   t5, 0x2
core   0: 3 0x80009486 (0x00002f17) x30 0x8000b486
core   0: 0x8000948a (0xb63f2d23) sw      gp, -1158(t5)
core   0: 3 0x8000948a (0xb63f2d23) mem 0x8000b000 0x00000001
core   0: 0x8000948e (0x0000bfe5) c.j     pc - 8
core   0: 3 0x8000948e (0xbfe5)
core   0: 0x80009486 (0x00002f17) auipc   t5, 0x2
core   0: 3 0x80009486 (0x00002f17) x30 0x8000b486
core   0: 0x8000948a (0xb63f2d23) sw      gp, -1158(t5)
core   0: 3 0x8000948a (0xb63f2d23) mem 0x8000b000 0x00000001
core   0: 0x8000948e (0x0000bfe5) c.j     pc - 8
core   0: 3 0x8000948e (0xbfe5)
core   0: 0x80009486 (0x00002f17) auipc   t5, 0x2
core   0: 3 0x80009486 (0x00002f17) x30 0x8000b486
core   0: 0x8000948a (0xb63f2d23) sw      gp, -1158(t5)
core   0: 3 0x8000948a (0xb63f2d23) mem 0x8000b000 0x00000001
core   0: 0x8000948e (0x0000bfe5) c.j     pc - 8
core   0: 3 0x8000948e (0xbfe5)
core   0: 0x80009486 (0x00002f17) auipc   t5, 0x2
core   0: 3 0x80009486 (0x00002f17) x30 0x8000b486
core   0: 0x8000948a (0xb63f2d23) sw      gp, -1158(t5)
core   0: 3 0x8000948a (0xb63f2d23) mem 0x8000b000 0x00000001
core   0: 0x8000948e (0x0000bfe5) c.j     pc - 8
core   0: 3 0x8000948e (0xbfe5)
core   0: 0x80009486 (0x00002f17) auipc   t5, 0x2
core   0: 3 0x80009486 (0x00002f17) x30 0x8000b486
core   0: 0x8000948a (0xb63f2d23) sw      gp, -1158(t5)
core   0: 3 0x8000948a (0xb63f2d23) mem 0x8000b000 0x00000001
core   0: 0x8000948e (0x0000bfe5) c.j     pc - 8
core   0: 3 0x8000948e (0xbfe5)
core   0: 0x80009486 (0x00002f17) auipc   t5, 0x2
core   0: 3 0x80009486 (0x00002f17) x30 0x8000b486
core   0: 0x8000948a (0xb63f2d23) sw      gp, -1158(t5)
core   0: 3 0x8000948a (0xb63f2d23) mem 0x8000b000 0x00000001
core   0: 0x8000948e (0x0000bfe5) c.j     pc - 8
core   0: 3 0x8000948e (0xbfe5)
core   0: 0x80009486 (0x00002f17) auipc   t5, 0x2
core   0: 3 0x80009486 (0x00002f17) x30 0x8000b486
core   0: 0x8000948a (0xb63f2d23) sw      gp, -1158(t5)
core   0: 3 0x8000948a (0xb63f2d23) mem 0x8000b000 0x00000001
core   0: 0x8000948e (0x0000bfe5) c.j     pc - 8
core   0: 3 0x8000948e (0xbfe5)
core   0: 0x80009486 (0x00002f17) auipc   t5, 0x2
core   0: 3 0x80009486 (0x00002f17) x30 0x8000b486
core   0: 0x8000948a (0xb63f2d23) sw      gp, -1158(t5)
core   0: 3 0x8000948a (0xb63f2d23) mem 0x8000b000 0x00000001
core   0: 0x8000948e (0x0000bfe5) c.j     pc - 8
core   0: 3 0x8000948e (0xbfe5)
core   0: 0x80009486 (0x00002f17) auipc   t5, 0x2
core   0: 3 0x80009486 (0x00002f17) x30 0x8000b486
core   0: 0x8000948a (0xb63f2d23) sw      gp, -1158(t5)
core   0: 3 0x8000948a (0xb63f2d23) mem 0x8000b000 0x00000001
core   0: 0x8000948e (0x0000bfe5) c.j     pc - 8
core   0: 3 0x8000948e (0xbfe5)
core   0: 0x80009486 (0x00002f17) auipc   t5, 0x2
core   0: 3 0x80009486 (0x00002f17) x30 0x8000b486
core   0: 0x8000948a (0xb63f2d23) sw      gp, -1158(t5)
core   0: 3 0x8000948a (0xb63f2d23) mem 0x8000b000 0x00000001
core   0: 0x8000948e (0x0000bfe5) c.j     pc - 8
core   0: 3 0x8000948e (0xbfe5)
core   0: 0x80009486 (0x00002f17) auipc   t5, 0x2
core   0: 3 0x80009486 (0x00002f17) x30 0x8000b486
core   0: 0x8000948a (0xb63f2d23) sw      gp, -1158(t5)
core   0: 3 0x8000948a (0xb63f2d23) mem 0x8000b000 0x00000001
core   0: 0x8000948e (0x0000bfe5) c.j     pc - 8
core   0: 3 0x8000948e (0xbfe5)
core   0: 0x80009486 (0x00002f17) auipc   t5, 0x2
core   0: 3 0x80009486 (0x00002f17) x30 0x8000b486
core   0: 0x8000948a (0xb63f2d23) sw      gp, -1158(t5)
core   0: 3 0x8000948a (0xb63f2d23) mem 0x8000b000 0x00000001
core   0: 0x8000948e (0x0000bfe5) c.j     pc - 8
core   0: 3 0x8000948e (0xbfe5)
core   0: 0x80009486 (0x00002f17) auipc   t5, 0x2
core   0: 3 0x80009486 (0x00002f17) x30 0x8000b486
core   0: 0x8000948a (0xb63f2d23) sw      gp, -1158(t5)
core   0: 3 0x8000948a (0xb63f2d23) mem 0x8000b000 0x00000001
core   0: 0x8000948e (0x0000bfe5) c.j     pc - 8
core   0: 3 0x8000948e (0xbfe5)
core   0: 0x80009486 (0x00002f17) auipc   t5, 0x2
core   0: 3 0x80009486 (0x00002f17) x30 0x8000b486
core   0: 0x8000948a (0xb63f2d23) sw      gp, -1158(t5)
core   0: 3 0x8000948a (0xb63f2d23) mem 0x8000b000 0x00000001
core   0: 0x8000948e (0x0000bfe5) c.j     pc - 8
core   0: 3 0x8000948e (0xbfe5)
core   0: 0x80009486 (0x00002f17) auipc   t5, 0x2
core   0: 3 0x80009486 (0x00002f17) x30 0x8000b486
core   0: 0x8000948a (0xb63f2d23) sw      gp, -1158(t5)
core   0: 3 0x8000948a (0xb63f2d23) mem 0x8000b000 0x00000001
core   0: 0x8000948e (0x0000bfe5) c.j     pc - 8
core   0: 3 0x8000948e (0xbfe5)
core   0: 0x80009486 (0x00002f17) auipc   t5, 0x2
core   0: 3 0x80009486 (0x00002f17) x30 0x8000b486
core   0: 0x8000948a (0xb63f2d23) sw      gp, -1158(t5)
core   0: 3 0x8000948a (0xb63f2d23) mem 0x8000b000 0x00000001
core   0: 0x8000948e (0x0000bfe5) c.j     pc - 8
core   0: 3 0x8000948e (0xbfe5)
core   0: 0x80009486 (0x00002f17) auipc   t5, 0x2
core   0: 3 0x80009486 (0x00002f17) x30 0x8000b486
core   0: 0x8000948a (0xb63f2d23) sw      gp, -1158(t5)
core   0: 3 0x8000948a (0xb63f2d23) mem 0x8000b000 0x00000001
core   0: 0x8000948e (0x0000bfe5) c.j     pc - 8
core   0: 3 0x8000948e (0xbfe5)
core   0: 0x80009486 (0x00002f17) auipc   t5, 0x2
core   0: 3 0x80009486 (0x00002f17) x30 0x8000b486
core   0: 0x8000948a (0xb63f2d23) sw      gp, -1158(t5)
core   0: 3 0x8000948a (0xb63f2d23) mem 0x8000b000 0x00000001
core   0: 0x8000948e (0x0000bfe5) c.j     pc - 8
core   0: 3 0x8000948e (0xbfe5)
core   0: 0x80009486 (0x00002f17) auipc   t5, 0x2
core   0: 3 0x80009486 (0x00002f17) x30 0x8000b486
core   0: 0x8000948a (0xb63f2d23) sw      gp, -1158(t5)
core   0: 3 0x8000948a (0xb63f2d23) mem 0x8000b000 0x00000001
core   0: 0x8000948e (0x0000bfe5) c.j     pc - 8
core   0: 3 0x8000948e (0xbfe5)
core   0: 0x80009486 (0x00002f17) auipc   t5, 0x2
core   0: 3 0x80009486 (0x00002f17) x30 0x8000b486
core   0: 0x8000948a (0xb63f2d23) sw      gp, -1158(t5)
core   0: 3 0x8000948a (0xb63f2d23) mem 0x8000b000 0x00000001
core   0: 0x8000948e (0x0000bfe5) c.j     pc - 8
core   0: 3 0x8000948e (0xbfe5)
core   0: 0x80009486 (0x00002f17) auipc   t5, 0x2
core   0: 3 0x80009486 (0x00002f17) x30 0x8000b486
core   0: 0x8000948a (0xb63f2d23) sw      gp, -1158(t5)
core   0: 3 0x8000948a (0xb63f2d23) mem 0x8000b000 0x00000001
core   0: 0x8000948e (0x0000bfe5) c.j     pc - 8
core   0: 3 0x8000948e (0xbfe5)
core   0: 0x80009486 (0x00002f17) auipc   t5, 0x2
core   0: 3 0x80009486 (0x00002f17) x30 0x8000b486
core   0: 0x8000948a (0xb63f2d23) sw      gp, -1158(t5)
core   0: 3 0x8000948a (0xb63f2d23) mem 0x8000b000 0x00000001
core   0: 0x8000948e (0x0000bfe5) c.j     pc - 8
core   0: 3 0x8000948e (0xbfe5)
core   0: 0x80009486 (0x00002f17) auipc   t5, 0x2
core   0: 3 0x80009486 (0x00002f17) x30 0x8000b486
core   0: 0x8000948a (0xb63f2d23) sw      gp, -1158(t5)
core   0: 3 0x8000948a (0xb63f2d23) mem 0x8000b000 0x00000001
core   0: 0x8000948e (0x0000bfe5) c.j     pc - 8
core   0: 3 0x8000948e (0xbfe5)
core   0: 0x80009486 (0x00002f17) auipc   t5, 0x2
core   0: 3 0x80009486 (0x00002f17) x30 0x8000b486
core   0: 0x8000948a (0xb63f2d23) sw      gp, -1158(t5)
core   0: 3 0x8000948a (0xb63f2d23) mem 0x8000b000 0x00000001
core   0: 0x8000948e (0x0000bfe5) c.j     pc - 8
core   0: 3 0x8000948e (0xbfe5)
core   0: 0x80009486 (0x00002f17) auipc   t5, 0x2
core   0: 3 0x80009486 (0x00002f17) x30 0x8000b486
core   0: 0x8000948a (0xb63f2d23) sw      gp, -1158(t5)
core   0: 3 0x8000948a (0xb63f2d23) mem 0x8000b000 0x00000001
core   0: 0x8000948e (0x0000bfe5) c.j     pc - 8
core   0: 3 0x8000948e (0xbfe5)
core   0: 0x80009486 (0x00002f17) auipc   t5, 0x2
core   0: 3 0x80009486 (0x00002f17) x30 0x8000b486
core   0: 0x8000948a (0xb63f2d23) sw      gp, -1158(t5)
core   0: 3 0x8000948a (0xb63f2d23) mem 0x8000b000 0x00000001
core   0: 0x8000948e (0x0000bfe5) c.j     pc - 8
core   0: 3 0x8000948e (0xbfe5)
core   0: 0x80009486 (0x00002f17) auipc   t5, 0x2
core   0: 3 0x80009486 (0x00002f17) x30 0x8000b486
core   0: 0x8000948a (0xb63f2d23) sw      gp, -1158(t5)
core   0: 3 0x8000948a (0xb63f2d23) mem 0x8000b000 0x00000001
core   0: 0x8000948e (0x0000bfe5) c.j     pc - 8
core   0: 3 0x8000948e (0xbfe5)
core   0: 0x80009486 (0x00002f17) auipc   t5, 0x2
core   0: 3 0x80009486 (0x00002f17) x30 0x8000b486
core   0: 0x8000948a (0xb63f2d23) sw      gp, -1158(t5)
core   0: 3 0x8000948a (0xb63f2d23) mem 0x8000b000 0x00000001
core   0: 0x8000948e (0x0000bfe5) c.j     pc - 8
core   0: 3 0x8000948e (0xbfe5)
core   0: 0x80009486 (0x00002f17) auipc   t5, 0x2
core   0: 3 0x80009486 (0x00002f17) x30 0x8000b486
core   0: 0x8000948a (0xb63f2d23) sw      gp, -1158(t5)
core   0: 3 0x8000948a (0xb63f2d23) mem 0x8000b000 0x00000001
core   0: 0x8000948e (0x0000bfe5) c.j     pc - 8
core   0: 3 0x8000948e (0xbfe5)
core   0: 0x80009486 (0x00002f17) auipc   t5, 0x2
core   0: 3 0x80009486 (0x00002f17) x30 0x8000b486
core   0: 0x8000948a (0xb63f2d23) sw      gp, -1158(t5)
core   0: 3 0x8000948a (0xb63f2d23) mem 0x8000b000 0x00000001
core   0: 0x8000948e (0x0000bfe5) c.j     pc - 8
core   0: 3 0x8000948e (0xbfe5)
core   0: 0x80009486 (0x00002f17) auipc   t5, 0x2
core   0: 3 0x80009486 (0x00002f17) x30 0x8000b486
core   0: 0x8000948a (0xb63f2d23) sw      gp, -1158(t5)
core   0: 3 0x8000948a (0xb63f2d23) mem 0x8000b000 0x00000001
core   0: 0x8000948e (0x0000bfe5) c.j     pc - 8
core   0: 3 0x8000948e (0xbfe5)
core   0: 0x80009486 (0x00002f17) auipc   t5, 0x2
core   0: 3 0x80009486 (0x00002f17) x30 0x8000b486
core   0: 0x8000948a (0xb63f2d23) sw      gp, -1158(t5)
core   0: 3 0x8000948a (0xb63f2d23) mem 0x8000b000 0x00000001
core   0: 0x8000948e (0x0000bfe5) c.j     pc - 8
core   0: 3 0x8000948e (0xbfe5)
core   0: 0x80009486 (0x00002f17) auipc   t5, 0x2
core   0: 3 0x80009486 (0x00002f17) x30 0x8000b486
core   0: 0x8000948a (0xb63f2d23) sw      gp, -1158(t5)
core   0: 3 0x8000948a (0xb63f2d23) mem 0x8000b000 0x00000001
core   0: 0x8000948e (0x0000bfe5) c.j     pc - 8
core   0: 3 0x8000948e (0xbfe5)
core   0: 0x80009486 (0x00002f17) auipc   t5, 0x2
core   0: 3 0x80009486 (0x00002f17) x30 0x8000b486
core   0: 0x8000948a (0xb63f2d23) sw      gp, -1158(t5)
core   0: 3 0x8000948a (0xb63f2d23) mem 0x8000b000 0x00000001
core   0: 0x8000948e (0x0000bfe5) c.j     pc - 8
core   0: 3 0x8000948e (0xbfe5)
core   0: 0x80009486 (0x00002f17) auipc   t5, 0x2
core   0: 3 0x80009486 (0x00002f17) x30 0x8000b486
core   0: 0x8000948a (0xb63f2d23) sw      gp, -1158(t5)
core   0: 3 0x8000948a (0xb63f2d23) mem 0x8000b000 0x00000001
core   0: 0x8000948e (0x0000bfe5) c.j     pc - 8
core   0: 3 0x8000948e (0xbfe5)
core   0: 0x80009486 (0x00002f17) auipc   t5, 0x2
core   0: 3 0x80009486 (0x00002f17) x30 0x8000b486
core   0: 0x8000948a (0xb63f2d23) sw      gp, -1158(t5)
core   0: 3 0x8000948a (0xb63f2d23) mem 0x8000b000 0x00000001
core   0: 0x8000948e (0x0000bfe5) c.j     pc - 8
core   0: 3 0x8000948e (0xbfe5)
core   0: 0x80009486 (0x00002f17) auipc   t5, 0x2
core   0: 3 0x80009486 (0x00002f17) x30 0x8000b486
core   0: 0x8000948a (0xb63f2d23) sw      gp, -1158(t5)
core   0: 3 0x8000948a (0xb63f2d23) mem 0x8000b000 0x00000001
core   0: 0x8000948e (0x0000bfe5) c.j     pc - 8
core   0: 3 0x8000948e (0xbfe5)
core   0: 0x80009486 (0x00002f17) auipc   t5, 0x2
core   0: 3 0x80009486 (0x00002f17) x30 0x8000b486
core   0: 0x8000948a (0xb63f2d23) sw      gp, -1158(t5)
core   0: 3 0x8000948a (0xb63f2d23) mem 0x8000b000 0x00000001
core   0: 0x8000948e (0x0000bfe5) c.j     pc - 8
core   0: 3 0x8000948e (0xbfe5)
core   0: 0x80009486 (0x00002f17) auipc   t5, 0x2
core   0: 3 0x80009486 (0x00002f17) x30 0x8000b486
core   0: 0x8000948a (0xb63f2d23) sw      gp, -1158(t5)
core   0: 3 0x8000948a (0xb63f2d23) mem 0x8000b000 0x00000001
core   0: 0x8000948e (0x0000bfe5) c.j     pc - 8
core   0: 3 0x8000948e (0xbfe5)
core   0: 0x80009486 (0x00002f17) auipc   t5, 0x2
core   0: 3 0x80009486 (0x00002f17) x30 0x8000b486
core   0: 0x8000948a (0xb63f2d23) sw      gp, -1158(t5)
core   0: 3 0x8000948a (0xb63f2d23) mem 0x8000b000 0x00000001
core   0: 0x8000948e (0x0000bfe5) c.j     pc - 8
core   0: 3 0x8000948e (0xbfe5)
core   0: 0x80009486 (0x00002f17) auipc   t5, 0x2
core   0: 3 0x80009486 (0x00002f17) x30 0x8000b486
core   0: 0x8000948a (0xb63f2d23) sw      gp, -1158(t5)
core   0: 3 0x8000948a (0xb63f2d23) mem 0x8000b000 0x00000001
core   0: 0x8000948e (0x0000bfe5) c.j     pc - 8
core   0: 3 0x8000948e (0xbfe5)
core   0: 0x80009486 (0x00002f17) auipc   t5, 0x2
core   0: 3 0x80009486 (0x00002f17) x30 0x8000b486
core   0: 0x8000948a (0xb63f2d23) sw      gp, -1158(t5)
core   0: 3 0x8000948a (0xb63f2d23) mem 0x8000b000 0x00000001
core   0: 0x8000948e (0x0000bfe5) c.j     pc - 8
core   0: 3 0x8000948e (0xbfe5)
core   0: 0x80009486 (0x00002f17) auipc   t5, 0x2
core   0: 3 0x80009486 (0x00002f17) x30 0x8000b486
core   0: 0x8000948a (0xb63f2d23) sw      gp, -1158(t5)
core   0: 3 0x8000948a (0xb63f2d23) mem 0x8000b000 0x00000001
core   0: 0x8000948e (0x0000bfe5) c.j     pc - 8
core   0: 3 0x8000948e (0xbfe5)
core   0: 0x80009486 (0x00002f17) auipc   t5, 0x2
core   0: 3 0x80009486 (0x00002f17) x30 0x8000b486
core   0: 0x8000948a (0xb63f2d23) sw      gp, -1158(t5)
core   0: 3 0x8000948a (0xb63f2d23) mem 0x8000b000 0x00000001
core   0: 0x8000948e (0x0000bfe5) c.j     pc - 8
core   0: 3 0x8000948e (0xbfe5)
core   0: 0x80009486 (0x00002f17) auipc   t5, 0x2
core   0: 3 0x80009486 (0x00002f17) x30 0x8000b486
core   0: 0x8000948a (0xb63f2d23) sw      gp, -1158(t5)
core   0: 3 0x8000948a (0xb63f2d23) mem 0x8000b000 0x00000001
core   0: 0x8000948e (0x0000bfe5) c.j     pc - 8
core   0: 3 0x8000948e (0xbfe5)
core   0: 0x80009486 (0x00002f17) auipc   t5, 0x2
core   0: 3 0x80009486 (0x00002f17) x30 0x8000b486
core   0: 0x8000948a (0xb63f2d23) sw      gp, -1158(t5)
core   0: 3 0x8000948a (0xb63f2d23) mem 0x8000b000 0x00000001
core   0: 0x8000948e (0x0000bfe5) c.j     pc - 8
core   0: 3 0x8000948e (0xbfe5)
core   0: 0x80009486 (0x00002f17) auipc   t5, 0x2
core   0: 3 0x80009486 (0x00002f17) x30 0x8000b486
core   0: 0x8000948a (0xb63f2d23) sw      gp, -1158(t5)
core   0: 3 0x8000948a (0xb63f2d23) mem 0x8000b000 0x00000001
core   0: 0x8000948e (0x0000bfe5) c.j     pc - 8
core   0: 3 0x8000948e (0xbfe5)
core   0: 0x80009486 (0x00002f17) auipc   t5, 0x2
core   0: 3 0x80009486 (0x00002f17) x30 0x8000b486
core   0: 0x8000948a (0xb63f2d23) sw      gp, -1158(t5)
core   0: 3 0x8000948a (0xb63f2d23) mem 0x8000b000 0x00000001
core   0: 0x8000948e (0x0000bfe5) c.j     pc - 8
core   0: 3 0x8000948e (0xbfe5)
core   0: 0x80009486 (0x00002f17) auipc   t5, 0x2
core   0: 3 0x80009486 (0x00002f17) x30 0x8000b486
core   0: 0x8000948a (0xb63f2d23) sw      gp, -1158(t5)
core   0: 3 0x8000948a (0xb63f2d23) mem 0x8000b000 0x00000001
core   0: 0x8000948e (0x0000bfe5) c.j     pc - 8
core   0: 3 0x8000948e (0xbfe5)
core   0: 0x80009486 (0x00002f17) auipc   t5, 0x2
core   0: 3 0x80009486 (0x00002f17) x30 0x8000b486
core   0: 0x8000948a (0xb63f2d23) sw      gp, -1158(t5)
core   0: 3 0x8000948a (0xb63f2d23) mem 0x8000b000 0x00000001
core   0: 0x8000948e (0x0000bfe5) c.j     pc - 8
core   0: 3 0x8000948e (0xbfe5)
core   0: 0x80009486 (0x00002f17) auipc   t5, 0x2
core   0: 3 0x80009486 (0x00002f17) x30 0x8000b486
core   0: 0x8000948a (0xb63f2d23) sw      gp, -1158(t5)
core   0: 3 0x8000948a (0xb63f2d23) mem 0x8000b000 0x00000001
core   0: 0x8000948e (0x0000bfe5) c.j     pc - 8
core   0: 3 0x8000948e (0xbfe5)
core   0: 0x80009486 (0x00002f17) auipc   t5, 0x2
core   0: 3 0x80009486 (0x00002f17) x30 0x8000b486
core   0: 0x8000948a (0xb63f2d23) sw      gp, -1158(t5)
core   0: 3 0x8000948a (0xb63f2d23) mem 0x8000b000 0x00000001
core   0: 0x8000948e (0x0000bfe5) c.j     pc - 8
core   0: 3 0x8000948e (0xbfe5)
core   0: 0x80009486 (0x00002f17) auipc   t5, 0x2
core   0: 3 0x80009486 (0x00002f17) x30 0x8000b486
core   0: 0x8000948a (0xb63f2d23) sw      gp, -1158(t5)
core   0: 3 0x8000948a (0xb63f2d23) mem 0x8000b000 0x00000001
core   0: 0x8000948e (0x0000bfe5) c.j     pc - 8
core   0: 3 0x8000948e (0xbfe5)
core   0: 0x80009486 (0x00002f17) auipc   t5, 0x2
core   0: 3 0x80009486 (0x00002f17) x30 0x8000b486
core   0: 0x8000948a (0xb63f2d23) sw      gp, -1158(t5)
core   0: 3 0x8000948a (0xb63f2d23) mem 0x8000b000 0x00000001
core   0: 0x8000948e (0x0000bfe5) c.j     pc - 8
core   0: 3 0x8000948e (0xbfe5)
core   0: 0x80009486 (0x00002f17) auipc   t5, 0x2
core   0: 3 0x80009486 (0x00002f17) x30 0x8000b486
core   0: 0x8000948a (0xb63f2d23) sw      gp, -1158(t5)
core   0: 3 0x8000948a (0xb63f2d23) mem 0x8000b000 0x00000001
core   0: 0x8000948e (0x0000bfe5) c.j     pc - 8
core   0: 3 0x8000948e (0xbfe5)
core   0: 0x80009486 (0x00002f17) auipc   t5, 0x2
core   0: 3 0x80009486 (0x00002f17) x30 0x8000b486
core   0: 0x8000948a (0xb63f2d23) sw      gp, -1158(t5)
core   0: 3 0x8000948a (0xb63f2d23) mem 0x8000b000 0x00000001
core   0: 0x8000948e (0x0000bfe5) c.j     pc - 8
core   0: 3 0x8000948e (0xbfe5)
core   0: 0x80009486 (0x00002f17) auipc   t5, 0x2
core   0: 3 0x80009486 (0x00002f17) x30 0x8000b486
core   0: 0x8000948a (0xb63f2d23) sw      gp, -1158(t5)
core   0: 3 0x8000948a (0xb63f2d23) mem 0x8000b000 0x00000001
core   0: 0x8000948e (0x0000bfe5) c.j     pc - 8
core   0: 3 0x8000948e (0xbfe5)
core   0: 0x80009486 (0x00002f17) auipc   t5, 0x2
core   0: 3 0x80009486 (0x00002f17) x30 0x8000b486
core   0: 0x8000948a (0xb63f2d23) sw      gp, -1158(t5)
core   0: 3 0x8000948a (0xb63f2d23) mem 0x8000b000 0x00000001
core   0: 0x8000948e (0x0000bfe5) c.j     pc - 8
core   0: 3 0x8000948e (0xbfe5)
core   0: 0x80009486 (0x00002f17) auipc   t5, 0x2
core   0: 3 0x80009486 (0x00002f17) x30 0x8000b486
core   0: 0x8000948a (0xb63f2d23) sw      gp, -1158(t5)
core   0: 3 0x8000948a (0xb63f2d23) mem 0x8000b000 0x00000001
core   0: 0x8000948e (0x0000bfe5) c.j     pc - 8
core   0: 3 0x8000948e (0xbfe5)
core   0: 0x80009486 (0x00002f17) auipc   t5, 0x2
core   0: 3 0x80009486 (0x00002f17) x30 0x8000b486
core   0: 0x8000948a (0xb63f2d23) sw      gp, -1158(t5)
core   0: 3 0x8000948a (0xb63f2d23) mem 0x8000b000 0x00000001
core   0: 0x8000948e (0x0000bfe5) c.j     pc - 8
core   0: 3 0x8000948e (0xbfe5)
core   0: 0x80009486 (0x00002f17) auipc   t5, 0x2
core   0: 3 0x80009486 (0x00002f17) x30 0x8000b486
core   0: 0x8000948a (0xb63f2d23) sw      gp, -1158(t5)
core   0: 3 0x8000948a (0xb63f2d23) mem 0x8000b000 0x00000001
core   0: 0x8000948e (0x0000bfe5) c.j     pc - 8
core   0: 3 0x8000948e (0xbfe5)
core   0: 0x80009486 (0x00002f17) auipc   t5, 0x2
core   0: 3 0x80009486 (0x00002f17) x30 0x8000b486
core   0: 0x8000948a (0xb63f2d23) sw      gp, -1158(t5)
core   0: 3 0x8000948a (0xb63f2d23) mem 0x8000b000 0x00000001
core   0: 0x8000948e (0x0000bfe5) c.j     pc - 8
core   0: 3 0x8000948e (0xbfe5)
core   0: 0x80009486 (0x00002f17) auipc   t5, 0x2
core   0: 3 0x80009486 (0x00002f17) x30 0x8000b486
core   0: 0x8000948a (0xb63f2d23) sw      gp, -1158(t5)
core   0: 3 0x8000948a (0xb63f2d23) mem 0x8000b000 0x00000001
core   0: 0x8000948e (0x0000bfe5) c.j     pc - 8
core   0: 3 0x8000948e (0xbfe5)
core   0: 0x80009486 (0x00002f17) auipc   t5, 0x2
core   0: 3 0x80009486 (0x00002f17) x30 0x8000b486
core   0: 0x8000948a (0xb63f2d23) sw      gp, -1158(t5)
core   0: 3 0x8000948a (0xb63f2d23) mem 0x8000b000 0x00000001
core   0: 0x8000948e (0x0000bfe5) c.j     pc - 8
core   0: 3 0x8000948e (0xbfe5)
core   0: 0x80009486 (0x00002f17) auipc   t5, 0x2
core   0: 3 0x80009486 (0x00002f17) x30 0x8000b486
core   0: 0x8000948a (0xb63f2d23) sw      gp, -1158(t5)
core   0: 3 0x8000948a (0xb63f2d23) mem 0x8000b000 0x00000001
core   0: 0x8000948e (0x0000bfe5) c.j     pc - 8
core   0: 3 0x8000948e (0xbfe5)
core   0: 0x80009486 (0x00002f17) auipc   t5, 0x2
core   0: 3 0x80009486 (0x00002f17) x30 0x8000b486
core   0: 0x8000948a (0xb63f2d23) sw      gp, -1158(t5)
core   0: 3 0x8000948a (0xb63f2d23) mem 0x8000b000 0x00000001
core   0: 0x8000948e (0x0000bfe5) c.j     pc - 8
core   0: 3 0x8000948e (0xbfe5)
core   0: 0x80009486 (0x00002f17) auipc   t5, 0x2
core   0: 3 0x80009486 (0x00002f17) x30 0x8000b486
core   0: 0x8000948a (0xb63f2d23) sw      gp, -1158(t5)
core   0: 3 0x8000948a (0xb63f2d23) mem 0x8000b000 0x00000001
core   0: 0x8000948e (0x0000bfe5) c.j     pc - 8
core   0: 3 0x8000948e (0xbfe5)
core   0: 0x80009486 (0x00002f17) auipc   t5, 0x2
core   0: 3 0x80009486 (0x00002f17) x30 0x8000b486
core   0: 0x8000948a (0xb63f2d23) sw      gp, -1158(t5)
core   0: 3 0x8000948a (0xb63f2d23) mem 0x8000b000 0x00000001
core   0: 0x8000948e (0x0000bfe5) c.j     pc - 8
core   0: 3 0x8000948e (0xbfe5)
core   0: 0x80009486 (0x00002f17) auipc   t5, 0x2
core   0: 3 0x80009486 (0x00002f17) x30 0x8000b486
core   0: 0x8000948a (0xb63f2d23) sw      gp, -1158(t5)
core   0: 3 0x8000948a (0xb63f2d23) mem 0x8000b000 0x00000001
core   0: 0x8000948e (0x0000bfe5) c.j     pc - 8
core   0: 3 0x8000948e (0xbfe5)
core   0: 0x80009486 (0x00002f17) auipc   t5, 0x2
core   0: 3 0x80009486 (0x00002f17) x30 0x8000b486
core   0: 0x8000948a (0xb63f2d23) sw      gp, -1158(t5)
core   0: 3 0x8000948a (0xb63f2d23) mem 0x8000b000 0x00000001
core   0: 0x8000948e (0x0000bfe5) c.j     pc - 8
core   0: 3 0x8000948e (0xbfe5)
core   0: 0x80009486 (0x00002f17) auipc   t5, 0x2
core   0: 3 0x80009486 (0x00002f17) x30 0x8000b486
core   0: 0x8000948a (0xb63f2d23) sw      gp, -1158(t5)
core   0: 3 0x8000948a (0xb63f2d23) mem 0x8000b000 0x00000001
core   0: 0x8000948e (0x0000bfe5) c.j     pc - 8
core   0: 3 0x8000948e (0xbfe5)
core   0: 0x80009486 (0x00002f17) auipc   t5, 0x2
core   0: 3 0x80009486 (0x00002f17) x30 0x8000b486
core   0: 0x8000948a (0xb63f2d23) sw      gp, -1158(t5)
core   0: 3 0x8000948a (0xb63f2d23) mem 0x8000b000 0x00000001
core   0: 0x8000948e (0x0000bfe5) c.j     pc - 8
core   0: 3 0x8000948e (0xbfe5)
core   0: 0x80009486 (0x00002f17) auipc   t5, 0x2
core   0: 3 0x80009486 (0x00002f17) x30 0x8000b486
core   0: 0x8000948a (0xb63f2d23) sw      gp, -1158(t5)
core   0: 3 0x8000948a (0xb63f2d23) mem 0x8000b000 0x00000001
core   0: 0x8000948e (0x0000bfe5) c.j     pc - 8
core   0: 3 0x8000948e (0xbfe5)
core   0: 0x80009486 (0x00002f17) auipc   t5, 0x2
core   0: 3 0x80009486 (0x00002f17) x30 0x8000b486
core   0: 0x8000948a (0xb63f2d23) sw      gp, -1158(t5)
core   0: 3 0x8000948a (0xb63f2d23) mem 0x8000b000 0x00000001
core   0: 0x8000948e (0x0000bfe5) c.j     pc - 8
core   0: 3 0x8000948e (0xbfe5)
core   0: 0x80009486 (0x00002f17) auipc   t5, 0x2
core   0: 3 0x80009486 (0x00002f17) x30 0x8000b486
core   0: 0x8000948a (0xb63f2d23) sw      gp, -1158(t5)
core   0: 3 0x8000948a (0xb63f2d23) mem 0x8000b000 0x00000001
core   0: 0x8000948e (0x0000bfe5) c.j     pc - 8
core   0: 3 0x8000948e (0xbfe5)
core   0: 0x80009486 (0x00002f17) auipc   t5, 0x2
core   0: 3 0x80009486 (0x00002f17) x30 0x8000b486
core   0: 0x8000948a (0xb63f2d23) sw      gp, -1158(t5)
core   0: 3 0x8000948a (0xb63f2d23) mem 0x8000b000 0x00000001
core   0: 0x8000948e (0x0000bfe5) c.j     pc - 8
core   0: 3 0x8000948e (0xbfe5)
core   0: 0x80009486 (0x00002f17) auipc   t5, 0x2
core   0: 3 0x80009486 (0x00002f17) x30 0x8000b486
core   0: 0x8000948a (0xb63f2d23) sw      gp, -1158(t5)
core   0: 3 0x8000948a (0xb63f2d23) mem 0x8000b000 0x00000001
core   0: 0x8000948e (0x0000bfe5) c.j     pc - 8
core   0: 3 0x8000948e (0xbfe5)
core   0: 0x80009486 (0x00002f17) auipc   t5, 0x2
core   0: 3 0x80009486 (0x00002f17) x30 0x8000b486
core   0: 0x8000948a (0xb63f2d23) sw      gp, -1158(t5)
core   0: 3 0x8000948a (0xb63f2d23) mem 0x8000b000 0x00000001
core   0: 0x8000948e (0x0000bfe5) c.j     pc - 8
core   0: 3 0x8000948e (0xbfe5)
core   0: 0x80009486 (0x00002f17) auipc   t5, 0x2
core   0: 3 0x80009486 (0x00002f17) x30 0x8000b486
core   0: 0x8000948a (0xb63f2d23) sw      gp, -1158(t5)
core   0: 3 0x8000948a (0xb63f2d23) mem 0x8000b000 0x00000001
core   0: 0x8000948e (0x0000bfe5) c.j     pc - 8
core   0: 3 0x8000948e (0xbfe5)
core   0: 0x80009486 (0x00002f17) auipc   t5, 0x2
core   0: 3 0x80009486 (0x00002f17) x30 0x8000b486
core   0: 0x8000948a (0xb63f2d23) sw      gp, -1158(t5)
core   0: 3 0x8000948a (0xb63f2d23) mem 0x8000b000 0x00000001
core   0: 0x8000948e (0x0000bfe5) c.j     pc - 8
core   0: 3 0x8000948e (0xbfe5)
core   0: 0x80009486 (0x00002f17) auipc   t5, 0x2
core   0: 3 0x80009486 (0x00002f17) x30 0x8000b486
core   0: 0x8000948a (0xb63f2d23) sw      gp, -1158(t5)
core   0: 3 0x8000948a (0xb63f2d23) mem 0x8000b000 0x00000001
core   0: 0x8000948e (0x0000bfe5) c.j     pc - 8
core   0: 3 0x8000948e (0xbfe5)
core   0: 0x80009486 (0x00002f17) auipc   t5, 0x2
core   0: 3 0x80009486 (0x00002f17) x30 0x8000b486
core   0: 0x8000948a (0xb63f2d23) sw      gp, -1158(t5)
core   0: 3 0x8000948a (0xb63f2d23) mem 0x8000b000 0x00000001
core   0: 0x8000948e (0x0000bfe5) c.j     pc - 8
core   0: 3 0x8000948e (0xbfe5)
core   0: 0x80009486 (0x00002f17) auipc   t5, 0x2
core   0: 3 0x80009486 (0x00002f17) x30 0x8000b486
core   0: 0x8000948a (0xb63f2d23) sw      gp, -1158(t5)
core   0: 3 0x8000948a (0xb63f2d23) mem 0x8000b000 0x00000001
core   0: 0x8000948e (0x0000bfe5) c.j     pc - 8
core   0: 3 0x8000948e (0xbfe5)
core   0: 0x80009486 (0x00002f17) auipc   t5, 0x2
core   0: 3 0x80009486 (0x00002f17) x30 0x8000b486
core   0: 0x8000948a (0xb63f2d23) sw      gp, -1158(t5)
core   0: 3 0x8000948a (0xb63f2d23) mem 0x8000b000 0x00000001
core   0: 0x8000948e (0x0000bfe5) c.j     pc - 8
core   0: 3 0x8000948e (0xbfe5)
core   0: 0x80009486 (0x00002f17) auipc   t5, 0x2
core   0: 3 0x80009486 (0x00002f17) x30 0x8000b486
core   0: 0x8000948a (0xb63f2d23) sw      gp, -1158(t5)
core   0: 3 0x8000948a (0xb63f2d23) mem 0x8000b000 0x00000001
core   0: 0x8000948e (0x0000bfe5) c.j     pc - 8
core   0: 3 0x8000948e (0xbfe5)
core   0: 0x80009486 (0x00002f17) auipc   t5, 0x2
core   0: 3 0x80009486 (0x00002f17) x30 0x8000b486
core   0: 0x8000948a (0xb63f2d23) sw      gp, -1158(t5)
core   0: 3 0x8000948a (0xb63f2d23) mem 0x8000b000 0x00000001
core   0: 0x8000948e (0x0000bfe5) c.j     pc - 8
core   0: 3 0x8000948e (0xbfe5)
core   0: 0x80009486 (0x00002f17) auipc   t5, 0x2
core   0: 3 0x80009486 (0x00002f17) x30 0x8000b486
core   0: 0x8000948a (0xb63f2d23) sw      gp, -1158(t5)
core   0: 3 0x8000948a (0xb63f2d23) mem 0x8000b000 0x00000001
core   0: 0x8000948e (0x0000bfe5) c.j     pc - 8
core   0: 3 0x8000948e (0xbfe5)
core   0: 0x80009486 (0x00002f17) auipc   t5, 0x2
core   0: 3 0x80009486 (0x00002f17) x30 0x8000b486
core   0: 0x8000948a (0xb63f2d23) sw      gp, -1158(t5)
core   0: 3 0x8000948a (0xb63f2d23) mem 0x8000b000 0x00000001
core   0: 0x8000948e (0x0000bfe5) c.j     pc - 8
core   0: 3 0x8000948e (0xbfe5)
core   0: 0x80009486 (0x00002f17) auipc   t5, 0x2
core   0: 3 0x80009486 (0x00002f17) x30 0x8000b486
core   0: 0x8000948a (0xb63f2d23) sw      gp, -1158(t5)
core   0: 3 0x8000948a (0xb63f2d23) mem 0x8000b000 0x00000001
core   0: 0x8000948e (0x0000bfe5) c.j     pc - 8
core   0: 3 0x8000948e (0xbfe5)
core   0: 0x80009486 (0x00002f17) auipc   t5, 0x2
core   0: 3 0x80009486 (0x00002f17) x30 0x8000b486
core   0: 0x8000948a (0xb63f2d23) sw      gp, -1158(t5)
core   0: 3 0x8000948a (0xb63f2d23) mem 0x8000b000 0x00000001
core   0: 0x8000948e (0x0000bfe5) c.j     pc - 8
core   0: 3 0x8000948e (0xbfe5)
core   0: 0x80009486 (0x00002f17) auipc   t5, 0x2
core   0: 3 0x80009486 (0x00002f17) x30 0x8000b486
core   0: 0x8000948a (0xb63f2d23) sw      gp, -1158(t5)
core   0: 3 0x8000948a (0xb63f2d23) mem 0x8000b000 0x00000001
core   0: 0x8000948e (0x0000bfe5) c.j     pc - 8
core   0: 3 0x8000948e (0xbfe5)
core   0: 0x80009486 (0x00002f17) auipc   t5, 0x2
core   0: 3 0x80009486 (0x00002f17) x30 0x8000b486
core   0: 0x8000948a (0xb63f2d23) sw      gp, -1158(t5)
core   0: 3 0x8000948a (0xb63f2d23) mem 0x8000b000 0x00000001
core   0: 0x8000948e (0x0000bfe5) c.j     pc - 8
core   0: 3 0x8000948e (0xbfe5)
core   0: 0x80009486 (0x00002f17) auipc   t5, 0x2
core   0: 3 0x80009486 (0x00002f17) x30 0x8000b486
core   0: 0x8000948a (0xb63f2d23) sw      gp, -1158(t5)
core   0: 3 0x8000948a (0xb63f2d23) mem 0x8000b000 0x00000001
core   0: 0x8000948e (0x0000bfe5) c.j     pc - 8
core   0: 3 0x8000948e (0xbfe5)
core   0: 0x80009486 (0x00002f17) auipc   t5, 0x2
core   0: 3 0x80009486 (0x00002f17) x30 0x8000b486
core   0: 0x8000948a (0xb63f2d23) sw      gp, -1158(t5)
core   0: 3 0x8000948a (0xb63f2d23) mem 0x8000b000 0x00000001
core   0: 0x8000948e (0x0000bfe5) c.j     pc - 8
core   0: 3 0x8000948e (0xbfe5)
core   0: 0x80009486 (0x00002f17) auipc   t5, 0x2
core   0: 3 0x80009486 (0x00002f17) x30 0x8000b486
core   0: 0x8000948a (0xb63f2d23) sw      gp, -1158(t5)
core   0: 3 0x8000948a (0xb63f2d23) mem 0x8000b000 0x00000001
core   0: 0x8000948e (0x0000bfe5) c.j     pc - 8
core   0: 3 0x8000948e (0xbfe5)
core   0: 0x80009486 (0x00002f17) auipc   t5, 0x2
core   0: 3 0x80009486 (0x00002f17) x30 0x8000b486
core   0: 0x8000948a (0xb63f2d23) sw      gp, -1158(t5)
core   0: 3 0x8000948a (0xb63f2d23) mem 0x8000b000 0x00000001
core   0: 0x8000948e (0x0000bfe5) c.j     pc - 8
core   0: 3 0x8000948e (0xbfe5)
core   0: 0x80009486 (0x00002f17) auipc   t5, 0x2
core   0: 3 0x80009486 (0x00002f17) x30 0x8000b486
core   0: 0x8000948a (0xb63f2d23) sw      gp, -1158(t5)
core   0: 3 0x8000948a (0xb63f2d23) mem 0x8000b000 0x00000001
core   0: 0x8000948e (0x0000bfe5) c.j     pc - 8
core   0: 3 0x8000948e (0xbfe5)
core   0: 0x80009486 (0x00002f17) auipc   t5, 0x2
core   0: 3 0x80009486 (0x00002f17) x30 0x8000b486
core   0: 0x8000948a (0xb63f2d23) sw      gp, -1158(t5)
core   0: 3 0x8000948a (0xb63f2d23) mem 0x8000b000 0x00000001
core   0: 0x8000948e (0x0000bfe5) c.j     pc - 8
core   0: 3 0x8000948e (0xbfe5)
core   0: 0x80009486 (0x00002f17) auipc   t5, 0x2
core   0: 3 0x80009486 (0x00002f17) x30 0x8000b486
core   0: 0x8000948a (0xb63f2d23) sw      gp, -1158(t5)
core   0: 3 0x8000948a (0xb63f2d23) mem 0x8000b000 0x00000001
core   0: 0x8000948e (0x0000bfe5) c.j     pc - 8
core   0: 3 0x8000948e (0xbfe5)
core   0: 0x80009486 (0x00002f17) auipc   t5, 0x2
core   0: 3 0x80009486 (0x00002f17) x30 0x8000b486
core   0: 0x8000948a (0xb63f2d23) sw      gp, -1158(t5)
core   0: 3 0x8000948a (0xb63f2d23) mem 0x8000b000 0x00000001
core   0: 0x8000948e (0x0000bfe5) c.j     pc - 8
core   0: 3 0x8000948e (0xbfe5)
core   0: 0x80009486 (0x00002f17) auipc   t5, 0x2
core   0: 3 0x80009486 (0x00002f17) x30 0x8000b486
core   0: 0x8000948a (0xb63f2d23) sw      gp, -1158(t5)
core   0: 3 0x8000948a (0xb63f2d23) mem 0x8000b000 0x00000001
core   0: 0x8000948e (0x0000bfe5) c.j     pc - 8
core   0: 3 0x8000948e (0xbfe5)
core   0: 0x80009486 (0x00002f17) auipc   t5, 0x2
core   0: 3 0x80009486 (0x00002f17) x30 0x8000b486
core   0: 0x8000948a (0xb63f2d23) sw      gp, -1158(t5)
core   0: 3 0x8000948a (0xb63f2d23) mem 0x8000b000 0x00000001
core   0: 0x8000948e (0x0000bfe5) c.j     pc - 8
core   0: 3 0x8000948e (0xbfe5)
core   0: 0x80009486 (0x00002f17) auipc   t5, 0x2
core   0: 3 0x80009486 (0x00002f17) x30 0x8000b486
core   0: 0x8000948a (0xb63f2d23) sw      gp, -1158(t5)
core   0: 3 0x8000948a (0xb63f2d23) mem 0x8000b000 0x00000001
core   0: 0x8000948e (0x0000bfe5) c.j     pc - 8
core   0: 3 0x8000948e (0xbfe5)
core   0: 0x80009486 (0x00002f17) auipc   t5, 0x2
core   0: 3 0x80009486 (0x00002f17) x30 0x8000b486
core   0: 0x8000948a (0xb63f2d23) sw      gp, -1158(t5)
core   0: 3 0x8000948a (0xb63f2d23) mem 0x8000b000 0x00000001
core   0: 0x8000948e (0x0000bfe5) c.j     pc - 8
core   0: 3 0x8000948e (0xbfe5)
core   0: 0x80009486 (0x00002f17) auipc   t5, 0x2
core   0: 3 0x80009486 (0x00002f17) x30 0x8000b486
core   0: 0x8000948a (0xb63f2d23) sw      gp, -1158(t5)
core   0: 3 0x8000948a (0xb63f2d23) mem 0x8000b000 0x00000001
core   0: 0x8000948e (0x0000bfe5) c.j     pc - 8
core   0: 3 0x8000948e (0xbfe5)
core   0: 0x80009486 (0x00002f17) auipc   t5, 0x2
core   0: 3 0x80009486 (0x00002f17) x30 0x8000b486
core   0: 0x8000948a (0xb63f2d23) sw      gp, -1158(t5)
core   0: 3 0x8000948a (0xb63f2d23) mem 0x8000b000 0x00000001
core   0: 0x8000948e (0x0000bfe5) c.j     pc - 8
core   0: 3 0x8000948e (0xbfe5)
core   0: 0x80009486 (0x00002f17) auipc   t5, 0x2
core   0: 3 0x80009486 (0x00002f17) x30 0x8000b486
core   0: 0x8000948a (0xb63f2d23) sw      gp, -1158(t5)
core   0: 3 0x8000948a (0xb63f2d23) mem 0x8000b000 0x00000001
core   0: 0x8000948e (0x0000bfe5) c.j     pc - 8
core   0: 3 0x8000948e (0xbfe5)
core   0: 0x80009486 (0x00002f17) auipc   t5, 0x2
core   0: 3 0x80009486 (0x00002f17) x30 0x8000b486
core   0: 0x8000948a (0xb63f2d23) sw      gp, -1158(t5)
core   0: 3 0x8000948a (0xb63f2d23) mem 0x8000b000 0x00000001
core   0: 0x8000948e (0x0000bfe5) c.j     pc - 8
core   0: 3 0x8000948e (0xbfe5)
core   0: 0x80009486 (0x00002f17) auipc   t5, 0x2
core   0: 3 0x80009486 (0x00002f17) x30 0x8000b486
core   0: 0x8000948a (0xb63f2d23) sw      gp, -1158(t5)
core   0: 3 0x8000948a (0xb63f2d23) mem 0x8000b000 0x00000001
core   0: 0x8000948e (0x0000bfe5) c.j     pc - 8
core   0: 3 0x8000948e (0xbfe5)
core   0: 0x80009486 (0x00002f17) auipc   t5, 0x2
core   0: 3 0x80009486 (0x00002f17) x30 0x8000b486
core   0: 0x8000948a (0xb63f2d23) sw      gp, -1158(t5)
core   0: 3 0x8000948a (0xb63f2d23) mem 0x8000b000 0x00000001
core   0: 0x8000948e (0x0000bfe5) c.j     pc - 8
core   0: 3 0x8000948e (0xbfe5)
core   0: 0x80009486 (0x00002f17) auipc   t5, 0x2
core   0: 3 0x80009486 (0x00002f17) x30 0x8000b486
core   0: 0x8000948a (0xb63f2d23) sw      gp, -1158(t5)
core   0: 3 0x8000948a (0xb63f2d23) mem 0x8000b000 0x00000001
core   0: 0x8000948e (0x0000bfe5) c.j     pc - 8
core   0: 3 0x8000948e (0xbfe5)
core   0: 0x80009486 (0x00002f17) auipc   t5, 0x2
core   0: 3 0x80009486 (0x00002f17) x30 0x8000b486
core   0: 0x8000948a (0xb63f2d23) sw      gp, -1158(t5)
core   0: 3 0x8000948a (0xb63f2d23) mem 0x8000b000 0x00000001
core   0: 0x8000948e (0x0000bfe5) c.j     pc - 8
core   0: 3 0x8000948e (0xbfe5)
core   0: 0x80009486 (0x00002f17) auipc   t5, 0x2
core   0: 3 0x80009486 (0x00002f17) x30 0x8000b486
core   0: 0x8000948a (0xb63f2d23) sw      gp, -1158(t5)
core   0: 3 0x8000948a (0xb63f2d23) mem 0x8000b000 0x00000001
core   0: 0x8000948e (0x0000bfe5) c.j     pc - 8
core   0: 3 0x8000948e (0xbfe5)
core   0: 0x80009486 (0x00002f17) auipc   t5, 0x2
core   0: 3 0x80009486 (0x00002f17) x30 0x8000b486
core   0: 0x8000948a (0xb63f2d23) sw      gp, -1158(t5)
core   0: 3 0x8000948a (0xb63f2d23) mem 0x8000b000 0x00000001
core   0: 0x8000948e (0x0000bfe5) c.j     pc - 8
core   0: 3 0x8000948e (0xbfe5)
core   0: 0x80009486 (0x00002f17) auipc   t5, 0x2
core   0: 3 0x80009486 (0x00002f17) x30 0x8000b486
core   0: 0x8000948a (0xb63f2d23) sw      gp, -1158(t5)
core   0: 3 0x8000948a (0xb63f2d23) mem 0x8000b000 0x00000001
core   0: 0x8000948e (0x0000bfe5) c.j     pc - 8
core   0: 3 0x8000948e (0xbfe5)
core   0: 0x80009486 (0x00002f17) auipc   t5, 0x2
core   0: 3 0x80009486 (0x00002f17) x30 0x8000b486
core   0: 0x8000948a (0xb63f2d23) sw      gp, -1158(t5)
core   0: 3 0x8000948a (0xb63f2d23) mem 0x8000b000 0x00000001
core   0: 0x8000948e (0x0000bfe5) c.j     pc - 8
core   0: 3 0x8000948e (0xbfe5)
core   0: 0x80009486 (0x00002f17) auipc   t5, 0x2
core   0: 3 0x80009486 (0x00002f17) x30 0x8000b486
core   0: 0x8000948a (0xb63f2d23) sw      gp, -1158(t5)
core   0: 3 0x8000948a (0xb63f2d23) mem 0x8000b000 0x00000001
core   0: 0x8000948e (0x0000bfe5) c.j     pc - 8
core   0: 3 0x8000948e (0xbfe5)
core   0: 0x80009486 (0x00002f17) auipc   t5, 0x2
core   0: 3 0x80009486 (0x00002f17) x30 0x8000b486
core   0: 0x8000948a (0xb63f2d23) sw      gp, -1158(t5)
core   0: 3 0x8000948a (0xb63f2d23) mem 0x8000b000 0x00000001
core   0: 0x8000948e (0x0000bfe5) c.j     pc - 8
core   0: 3 0x8000948e (0xbfe5)
core   0: 0x80009486 (0x00002f17) auipc   t5, 0x2
core   0: 3 0x80009486 (0x00002f17) x30 0x8000b486
core   0: 0x8000948a (0xb63f2d23) sw      gp, -1158(t5)
core   0: 3 0x8000948a (0xb63f2d23) mem 0x8000b000 0x00000001
core   0: 0x8000948e (0x0000bfe5) c.j     pc - 8
core   0: 3 0x8000948e (0xbfe5)
core   0: 0x80009486 (0x00002f17) auipc   t5, 0x2
core   0: 3 0x80009486 (0x00002f17) x30 0x8000b486
core   0: 0x8000948a (0xb63f2d23) sw      gp, -1158(t5)
core   0: 3 0x8000948a (0xb63f2d23) mem 0x8000b000 0x00000001
core   0: 0x8000948e (0x0000bfe5) c.j     pc - 8
core   0: 3 0x8000948e (0xbfe5)
core   0: 0x80009486 (0x00002f17) auipc   t5, 0x2
core   0: 3 0x80009486 (0x00002f17) x30 0x8000b486
core   0: 0x8000948a (0xb63f2d23) sw      gp, -1158(t5)
core   0: 3 0x8000948a (0xb63f2d23) mem 0x8000b000 0x00000001
core   0: 0x8000948e (0x0000bfe5) c.j     pc - 8
core   0: 3 0x8000948e (0xbfe5)
core   0: 0x80009486 (0x00002f17) auipc   t5, 0x2
core   0: 3 0x80009486 (0x00002f17) x30 0x8000b486
core   0: 0x8000948a (0xb63f2d23) sw      gp, -1158(t5)
core   0: 3 0x8000948a (0xb63f2d23) mem 0x8000b000 0x00000001
core   0: 0x8000948e (0x0000bfe5) c.j     pc - 8
core   0: 3 0x8000948e (0xbfe5)
core   0: 0x80009486 (0x00002f17) auipc   t5, 0x2
core   0: 3 0x80009486 (0x00002f17) x30 0x8000b486
core   0: 0x8000948a (0xb63f2d23) sw      gp, -1158(t5)
core   0: 3 0x8000948a (0xb63f2d23) mem 0x8000b000 0x00000001
core   0: 0x8000948e (0x0000bfe5) c.j     pc - 8
core   0: 3 0x8000948e (0xbfe5)
core   0: 0x80009486 (0x00002f17) auipc   t5, 0x2
core   0: 3 0x80009486 (0x00002f17) x30 0x8000b486
core   0: 0x8000948a (0xb63f2d23) sw      gp, -1158(t5)
core   0: 3 0x8000948a (0xb63f2d23) mem 0x8000b000 0x00000001
core   0: 0x8000948e (0x0000bfe5) c.j     pc - 8
core   0: 3 0x8000948e (0xbfe5)
core   0: 0x80009486 (0x00002f17) auipc   t5, 0x2
core   0: 3 0x80009486 (0x00002f17) x30 0x8000b486
core   0: 0x8000948a (0xb63f2d23) sw      gp, -1158(t5)
core   0: 3 0x8000948a (0xb63f2d23) mem 0x8000b000 0x00000001
core   0: 0x8000948e (0x0000bfe5) c.j     pc - 8
core   0: 3 0x8000948e (0xbfe5)
core   0: 0x80009486 (0x00002f17) auipc   t5, 0x2
core   0: 3 0x80009486 (0x00002f17) x30 0x8000b486
core   0: 0x8000948a (0xb63f2d23) sw      gp, -1158(t5)
core   0: 3 0x8000948a (0xb63f2d23) mem 0x8000b000 0x00000001
core   0: 0x8000948e (0x0000bfe5) c.j     pc - 8
core   0: 3 0x8000948e (0xbfe5)
core   0: 0x80009486 (0x00002f17) auipc   t5, 0x2
core   0: 3 0x80009486 (0x00002f17) x30 0x8000b486
core   0: 0x8000948a (0xb63f2d23) sw      gp, -1158(t5)
core   0: 3 0x8000948a (0xb63f2d23) mem 0x8000b000 0x00000001
core   0: 0x8000948e (0x0000bfe5) c.j     pc - 8
core   0: 3 0x8000948e (0xbfe5)
core   0: 0x80009486 (0x00002f17) auipc   t5, 0x2
core   0: 3 0x80009486 (0x00002f17) x30 0x8000b486
core   0: 0x8000948a (0xb63f2d23) sw      gp, -1158(t5)
core   0: 3 0x8000948a (0xb63f2d23) mem 0x8000b000 0x00000001
core   0: 0x8000948e (0x0000bfe5) c.j     pc - 8
core   0: 3 0x8000948e (0xbfe5)
core   0: 0x80009486 (0x00002f17) auipc   t5, 0x2
core   0: 3 0x80009486 (0x00002f17) x30 0x8000b486
core   0: 0x8000948a (0xb63f2d23) sw      gp, -1158(t5)
core   0: 3 0x8000948a (0xb63f2d23) mem 0x8000b000 0x00000001
core   0: 0x8000948e (0x0000bfe5) c.j     pc - 8
core   0: 3 0x8000948e (0xbfe5)
core   0: 0x80009486 (0x00002f17) auipc   t5, 0x2
core   0: 3 0x80009486 (0x00002f17) x30 0x8000b486
core   0: 0x8000948a (0xb63f2d23) sw      gp, -1158(t5)
core   0: 3 0x8000948a (0xb63f2d23) mem 0x8000b000 0x00000001
core   0: 0x8000948e (0x0000bfe5) c.j     pc - 8
core   0: 3 0x8000948e (0xbfe5)
core   0: 0x80009486 (0x00002f17) auipc   t5, 0x2
core   0: 3 0x80009486 (0x00002f17) x30 0x8000b486
core   0: 0x8000948a (0xb63f2d23) sw      gp, -1158(t5)
core   0: 3 0x8000948a (0xb63f2d23) mem 0x8000b000 0x00000001
core   0: 0x8000948e (0x0000bfe5) c.j     pc - 8
core   0: 3 0x8000948e (0xbfe5)
core   0: 0x80009486 (0x00002f17) auipc   t5, 0x2
core   0: 3 0x80009486 (0x00002f17) x30 0x8000b486
core   0: 0x8000948a (0xb63f2d23) sw      gp, -1158(t5)
core   0: 3 0x8000948a (0xb63f2d23) mem 0x8000b000 0x00000001
core   0: 0x8000948e (0x0000bfe5) c.j     pc - 8
core   0: 3 0x8000948e (0xbfe5)
core   0: 0x80009486 (0x00002f17) auipc   t5, 0x2
core   0: 3 0x80009486 (0x00002f17) x30 0x8000b486
core   0: 0x8000948a (0xb63f2d23) sw      gp, -1158(t5)
core   0: 3 0x8000948a (0xb63f2d23) mem 0x8000b000 0x00000001
core   0: 0x8000948e (0x0000bfe5) c.j     pc - 8
core   0: 3 0x8000948e (0xbfe5)
core   0: 0x80009486 (0x00002f17) auipc   t5, 0x2
core   0: 3 0x80009486 (0x00002f17) x30 0x8000b486
core   0: 0x8000948a (0xb63f2d23) sw      gp, -1158(t5)
core   0: 3 0x8000948a (0xb63f2d23) mem 0x8000b000 0x00000001
core   0: 0x8000948e (0x0000bfe5) c.j     pc - 8
core   0: 3 0x8000948e (0xbfe5)
core   0: 0x80009486 (0x00002f17) auipc   t5, 0x2
core   0: 3 0x80009486 (0x00002f17) x30 0x8000b486
core   0: 0x8000948a (0xb63f2d23) sw      gp, -1158(t5)
core   0: 3 0x8000948a (0xb63f2d23) mem 0x8000b000 0x00000001
core   0: 0x8000948e (0x0000bfe5) c.j     pc - 8
core   0: 3 0x8000948e (0xbfe5)
core   0: 0x80009486 (0x00002f17) auipc   t5, 0x2
core   0: 3 0x80009486 (0x00002f17) x30 0x8000b486
core   0: 0x8000948a (0xb63f2d23) sw      gp, -1158(t5)
core   0: 3 0x8000948a (0xb63f2d23) mem 0x8000b000 0x00000001
core   0: 0x8000948e (0x0000bfe5) c.j     pc - 8
core   0: 3 0x8000948e (0xbfe5)
core   0: 0x80009486 (0x00002f17) auipc   t5, 0x2
core   0: 3 0x80009486 (0x00002f17) x30 0x8000b486
core   0: 0x8000948a (0xb63f2d23) sw      gp, -1158(t5)
core   0: 3 0x8000948a (0xb63f2d23) mem 0x8000b000 0x00000001
core   0: 0x8000948e (0x0000bfe5) c.j     pc - 8
core   0: 3 0x8000948e (0xbfe5)
core   0: 0x80009486 (0x00002f17) auipc   t5, 0x2
core   0: 3 0x80009486 (0x00002f17) x30 0x8000b486
core   0: 0x8000948a (0xb63f2d23) sw      gp, -1158(t5)
core   0: 3 0x8000948a (0xb63f2d23) mem 0x8000b000 0x00000001
core   0: 0x8000948e (0x0000bfe5) c.j     pc - 8
core   0: 3 0x8000948e (0xbfe5)
core   0: 0x80009486 (0x00002f17) auipc   t5, 0x2
core   0: 3 0x80009486 (0x00002f17) x30 0x8000b486
core   0: 0x8000948a (0xb63f2d23) sw      gp, -1158(t5)
core   0: 3 0x8000948a (0xb63f2d23) mem 0x8000b000 0x00000001
core   0: 0x8000948e (0x0000bfe5) c.j     pc - 8
core   0: 3 0x8000948e (0xbfe5)
core   0: 0x80009486 (0x00002f17) auipc   t5, 0x2
core   0: 3 0x80009486 (0x00002f17) x30 0x8000b486
core   0: 0x8000948a (0xb63f2d23) sw      gp, -1158(t5)
core   0: 3 0x8000948a (0xb63f2d23) mem 0x8000b000 0x00000001
core   0: 0x8000948e (0x0000bfe5) c.j     pc - 8
core   0: 3 0x8000948e (0xbfe5)
core   0: 0x80009486 (0x00002f17) auipc   t5, 0x2
core   0: 3 0x80009486 (0x00002f17) x30 0x8000b486
core   0: 0x8000948a (0xb63f2d23) sw      gp, -1158(t5)
core   0: 3 0x8000948a (0xb63f2d23) mem 0x8000b000 0x00000001
core   0: 0x8000948e (0x0000bfe5) c.j     pc - 8
core   0: 3 0x8000948e (0xbfe5)
core   0: 0x80009486 (0x00002f17) auipc   t5, 0x2
core   0: 3 0x80009486 (0x00002f17) x30 0x8000b486
core   0: 0x8000948a (0xb63f2d23) sw      gp, -1158(t5)
core   0: 3 0x8000948a (0xb63f2d23) mem 0x8000b000 0x00000001
core   0: 0x8000948e (0x0000bfe5) c.j     pc - 8
core   0: 3 0x8000948e (0xbfe5)
core   0: 0x80009486 (0x00002f17) auipc   t5, 0x2
core   0: 3 0x80009486 (0x00002f17) x30 0x8000b486
core   0: 0x8000948a (0xb63f2d23) sw      gp, -1158(t5)
core   0: 3 0x8000948a (0xb63f2d23) mem 0x8000b000 0x00000001
core   0: 0x8000948e (0x0000bfe5) c.j     pc - 8
core   0: 3 0x8000948e (0xbfe5)
core   0: 0x80009486 (0x00002f17) auipc   t5, 0x2
core   0: 3 0x80009486 (0x00002f17) x30 0x8000b486
core   0: 0x8000948a (0xb63f2d23) sw      gp, -1158(t5)
core   0: 3 0x8000948a (0xb63f2d23) mem 0x8000b000 0x00000001
core   0: 0x8000948e (0x0000bfe5) c.j     pc - 8
core   0: 3 0x8000948e (0xbfe5)
core   0: 0x80009486 (0x00002f17) auipc   t5, 0x2
core   0: 3 0x80009486 (0x00002f17) x30 0x8000b486
core   0: 0x8000948a (0xb63f2d23) sw      gp, -1158(t5)
core   0: 3 0x8000948a (0xb63f2d23) mem 0x8000b000 0x00000001
core   0: 0x8000948e (0x0000bfe5) c.j     pc - 8
core   0: 3 0x8000948e (0xbfe5)
core   0: 0x80009486 (0x00002f17) auipc   t5, 0x2
core   0: 3 0x80009486 (0x00002f17) x30 0x8000b486
core   0: 0x8000948a (0xb63f2d23) sw      gp, -1158(t5)
core   0: 3 0x8000948a (0xb63f2d23) mem 0x8000b000 0x00000001
core   0: 0x8000948e (0x0000bfe5) c.j     pc - 8
core   0: 3 0x8000948e (0xbfe5)
core   0: 0x80009486 (0x00002f17) auipc   t5, 0x2
core   0: 3 0x80009486 (0x00002f17) x30 0x8000b486
core   0: 0x8000948a (0xb63f2d23) sw      gp, -1158(t5)
core   0: 3 0x8000948a (0xb63f2d23) mem 0x8000b000 0x00000001
core   0: 0x8000948e (0x0000bfe5) c.j     pc - 8
core   0: 3 0x8000948e (0xbfe5)
core   0: 0x80009486 (0x00002f17) auipc   t5, 0x2
core   0: 3 0x80009486 (0x00002f17) x30 0x8000b486
core   0: 0x8000948a (0xb63f2d23) sw      gp, -1158(t5)
core   0: 3 0x8000948a (0xb63f2d23) mem 0x8000b000 0x00000001
core   0: 0x8000948e (0x0000bfe5) c.j     pc - 8
core   0: 3 0x8000948e (0xbfe5)
core   0: 0x80009486 (0x00002f17) auipc   t5, 0x2
core   0: 3 0x80009486 (0x00002f17) x30 0x8000b486
core   0: 0x8000948a (0xb63f2d23) sw      gp, -1158(t5)
core   0: 3 0x8000948a (0xb63f2d23) mem 0x8000b000 0x00000001
core   0: 0x8000948e (0x0000bfe5) c.j     pc - 8
core   0: 3 0x8000948e (0xbfe5)
core   0: 0x80009486 (0x00002f17) auipc   t5, 0x2
core   0: 3 0x80009486 (0x00002f17) x30 0x8000b486
core   0: 0x8000948a (0xb63f2d23) sw      gp, -1158(t5)
core   0: 3 0x8000948a (0xb63f2d23) mem 0x8000b000 0x00000001
core   0: 0x8000948e (0x0000bfe5) c.j     pc - 8
core   0: 3 0x8000948e (0xbfe5)
core   0: 0x80009486 (0x00002f17) auipc   t5, 0x2
core   0: 3 0x80009486 (0x00002f17) x30 0x8000b486
core   0: 0x8000948a (0xb63f2d23) sw      gp, -1158(t5)
core   0: 3 0x8000948a (0xb63f2d23) mem 0x8000b000 0x00000001
core   0: 0x8000948e (0x0000bfe5) c.j     pc - 8
core   0: 3 0x8000948e (0xbfe5)
core   0: 0x80009486 (0x00002f17) auipc   t5, 0x2
core   0: 3 0x80009486 (0x00002f17) x30 0x8000b486
core   0: 0x8000948a (0xb63f2d23) sw      gp, -1158(t5)
core   0: 3 0x8000948a (0xb63f2d23) mem 0x8000b000 0x00000001
core   0: 0x8000948e (0x0000bfe5) c.j     pc - 8
core   0: 3 0x8000948e (0xbfe5)
core   0: 0x80009486 (0x00002f17) auipc   t5, 0x2
core   0: 3 0x80009486 (0x00002f17) x30 0x8000b486
core   0: 0x8000948a (0xb63f2d23) sw      gp, -1158(t5)
core   0: 3 0x8000948a (0xb63f2d23) mem 0x8000b000 0x00000001
core   0: 0x8000948e (0x0000bfe5) c.j     pc - 8
core   0: 3 0x8000948e (0xbfe5)
core   0: 0x80009486 (0x00002f17) auipc   t5, 0x2
core   0: 3 0x80009486 (0x00002f17) x30 0x8000b486
core   0: 0x8000948a (0xb63f2d23) sw      gp, -1158(t5)
core   0: 3 0x8000948a (0xb63f2d23) mem 0x8000b000 0x00000001
core   0: 0x8000948e (0x0000bfe5) c.j     pc - 8
core   0: 3 0x8000948e (0xbfe5)
core   0: 0x80009486 (0x00002f17) auipc   t5, 0x2
core   0: 3 0x80009486 (0x00002f17) x30 0x8000b486
core   0: 0x8000948a (0xb63f2d23) sw      gp, -1158(t5)
core   0: 3 0x8000948a (0xb63f2d23) mem 0x8000b000 0x00000001
core   0: 0x8000948e (0x0000bfe5) c.j     pc - 8
core   0: 3 0x8000948e (0xbfe5)
core   0: 0x80009486 (0x00002f17) auipc   t5, 0x2
core   0: 3 0x80009486 (0x00002f17) x30 0x8000b486
core   0: 0x8000948a (0xb63f2d23) sw      gp, -1158(t5)
core   0: 3 0x8000948a (0xb63f2d23) mem 0x8000b000 0x00000001
core   0: 0x8000948e (0x0000bfe5) c.j     pc - 8
core   0: 3 0x8000948e (0xbfe5)
core   0: 0x80009486 (0x00002f17) auipc   t5, 0x2
core   0: 3 0x80009486 (0x00002f17) x30 0x8000b486
core   0: 0x8000948a (0xb63f2d23) sw      gp, -1158(t5)
core   0: 3 0x8000948a (0xb63f2d23) mem 0x8000b000 0x00000001
core   0: 0x8000948e (0x0000bfe5) c.j     pc - 8
core   0: 3 0x8000948e (0xbfe5)
core   0: 0x80009486 (0x00002f17) auipc   t5, 0x2
core   0: 3 0x80009486 (0x00002f17) x30 0x8000b486
core   0: 0x8000948a (0xb63f2d23) sw      gp, -1158(t5)
core   0: 3 0x8000948a (0xb63f2d23) mem 0x8000b000 0x00000001
core   0: 0x8000948e (0x0000bfe5) c.j     pc - 8
core   0: 3 0x8000948e (0xbfe5)
core   0: 0x80009486 (0x00002f17) auipc   t5, 0x2
core   0: 3 0x80009486 (0x00002f17) x30 0x8000b486
core   0: 0x8000948a (0xb63f2d23) sw      gp, -1158(t5)
core   0: 3 0x8000948a (0xb63f2d23) mem 0x8000b000 0x00000001
core   0: 0x8000948e (0x0000bfe5) c.j     pc - 8
core   0: 3 0x8000948e (0xbfe5)
core   0: 0x80009486 (0x00002f17) auipc   t5, 0x2
core   0: 3 0x80009486 (0x00002f17) x30 0x8000b486
core   0: 0x8000948a (0xb63f2d23) sw      gp, -1158(t5)
core   0: 3 0x8000948a (0xb63f2d23) mem 0x8000b000 0x00000001
core   0: 0x8000948e (0x0000bfe5) c.j     pc - 8
core   0: 3 0x8000948e (0xbfe5)
core   0: 0x80009486 (0x00002f17) auipc   t5, 0x2
core   0: 3 0x80009486 (0x00002f17) x30 0x8000b486
core   0: 0x8000948a (0xb63f2d23) sw      gp, -1158(t5)
core   0: 3 0x8000948a (0xb63f2d23) mem 0x8000b000 0x00000001
core   0: 0x8000948e (0x0000bfe5) c.j     pc - 8
core   0: 3 0x8000948e (0xbfe5)
core   0: 0x80009486 (0x00002f17) auipc   t5, 0x2
core   0: 3 0x80009486 (0x00002f17) x30 0x8000b486
core   0: 0x8000948a (0xb63f2d23) sw      gp, -1158(t5)
core   0: 3 0x8000948a (0xb63f2d23) mem 0x8000b000 0x00000001
core   0: 0x8000948e (0x0000bfe5) c.j     pc - 8
core   0: 3 0x8000948e (0xbfe5)
core   0: 0x80009486 (0x00002f17) auipc   t5, 0x2
core   0: 3 0x80009486 (0x00002f17) x30 0x8000b486
core   0: 0x8000948a (0xb63f2d23) sw      gp, -1158(t5)
core   0: 3 0x8000948a (0xb63f2d23) mem 0x8000b000 0x00000001
core   0: 0x8000948e (0x0000bfe5) c.j     pc - 8
core   0: 3 0x8000948e (0xbfe5)
core   0: 0x80009486 (0x00002f17) auipc   t5, 0x2
core   0: 3 0x80009486 (0x00002f17) x30 0x8000b486
core   0: 0x8000948a (0xb63f2d23) sw      gp, -1158(t5)
core   0: 3 0x8000948a (0xb63f2d23) mem 0x8000b000 0x00000001
core   0: 0x8000948e (0x0000bfe5) c.j     pc - 8
core   0: 3 0x8000948e (0xbfe5)
core   0: 0x80009486 (0x00002f17) auipc   t5, 0x2
core   0: 3 0x80009486 (0x00002f17) x30 0x8000b486
core   0: 0x8000948a (0xb63f2d23) sw      gp, -1158(t5)
core   0: 3 0x8000948a (0xb63f2d23) mem 0x8000b000 0x00000001
core   0: 0x8000948e (0x0000bfe5) c.j     pc - 8
core   0: 3 0x8000948e (0xbfe5)
core   0: 0x80009486 (0x00002f17) auipc   t5, 0x2
core   0: 3 0x80009486 (0x00002f17) x30 0x8000b486
core   0: 0x8000948a (0xb63f2d23) sw      gp, -1158(t5)
core   0: 3 0x8000948a (0xb63f2d23) mem 0x8000b000 0x00000001
core   0: 0x8000948e (0x0000bfe5) c.j     pc - 8
core   0: 3 0x8000948e (0xbfe5)
core   0: 0x80009486 (0x00002f17) auipc   t5, 0x2
core   0: 3 0x80009486 (0x00002f17) x30 0x8000b486
core   0: 0x8000948a (0xb63f2d23) sw      gp, -1158(t5)
core   0: 3 0x8000948a (0xb63f2d23) mem 0x8000b000 0x00000001
core   0: 0x8000948e (0x0000bfe5) c.j     pc - 8
core   0: 3 0x8000948e (0xbfe5)
core   0: 0x80009486 (0x00002f17) auipc   t5, 0x2
core   0: 3 0x80009486 (0x00002f17) x30 0x8000b486
core   0: 0x8000948a (0xb63f2d23) sw      gp, -1158(t5)
core   0: 3 0x8000948a (0xb63f2d23) mem 0x8000b000 0x00000001
core   0: 0x8000948e (0x0000bfe5) c.j     pc - 8
core   0: 3 0x8000948e (0xbfe5)
core   0: 0x80009486 (0x00002f17) auipc   t5, 0x2
core   0: 3 0x80009486 (0x00002f17) x30 0x8000b486
core   0: 0x8000948a (0xb63f2d23) sw      gp, -1158(t5)
core   0: 3 0x8000948a (0xb63f2d23) mem 0x8000b000 0x00000001
core   0: 0x8000948e (0x0000bfe5) c.j     pc - 8
core   0: 3 0x8000948e (0xbfe5)
core   0: 0x80009486 (0x00002f17) auipc   t5, 0x2
core   0: 3 0x80009486 (0x00002f17) x30 0x8000b486
core   0: 0x8000948a (0xb63f2d23) sw      gp, -1158(t5)
core   0: 3 0x8000948a (0xb63f2d23) mem 0x8000b000 0x00000001
core   0: 0x8000948e (0x0000bfe5) c.j     pc - 8
core   0: 3 0x8000948e (0xbfe5)
core   0: 0x80009486 (0x00002f17) auipc   t5, 0x2
core   0: 3 0x80009486 (0x00002f17) x30 0x8000b486
core   0: 0x8000948a (0xb63f2d23) sw      gp, -1158(t5)
core   0: 3 0x8000948a (0xb63f2d23) mem 0x8000b000 0x00000001
core   0: 0x8000948e (0x0000bfe5) c.j     pc - 8
core   0: 3 0x8000948e (0xbfe5)
core   0: 0x80009486 (0x00002f17) auipc   t5, 0x2
core   0: 3 0x80009486 (0x00002f17) x30 0x8000b486
core   0: 0x8000948a (0xb63f2d23) sw      gp, -1158(t5)
core   0: 3 0x8000948a (0xb63f2d23) mem 0x8000b000 0x00000001
core   0: 0x8000948e (0x0000bfe5) c.j     pc - 8
core   0: 3 0x8000948e (0xbfe5)
core   0: 0x80009486 (0x00002f17) auipc   t5, 0x2
core   0: 3 0x80009486 (0x00002f17) x30 0x8000b486
core   0: 0x8000948a (0xb63f2d23) sw      gp, -1158(t5)
core   0: 3 0x8000948a (0xb63f2d23) mem 0x8000b000 0x00000001
core   0: 0x8000948e (0x0000bfe5) c.j     pc - 8
core   0: 3 0x8000948e (0xbfe5)
core   0: 0x80009486 (0x00002f17) auipc   t5, 0x2
core   0: 3 0x80009486 (0x00002f17) x30 0x8000b486
core   0: 0x8000948a (0xb63f2d23) sw      gp, -1158(t5)
core   0: 3 0x8000948a (0xb63f2d23) mem 0x8000b000 0x00000001
core   0: 0x8000948e (0x0000bfe5) c.j     pc - 8
core   0: 3 0x8000948e (0xbfe5)
core   0: 0x80009486 (0x00002f17) auipc   t5, 0x2
core   0: 3 0x80009486 (0x00002f17) x30 0x8000b486
core   0: 0x8000948a (0xb63f2d23) sw      gp, -1158(t5)
core   0: 3 0x8000948a (0xb63f2d23) mem 0x8000b000 0x00000001
core   0: 0x8000948e (0x0000bfe5) c.j     pc - 8
core   0: 3 0x8000948e (0xbfe5)
core   0: 0x80009486 (0x00002f17) auipc   t5, 0x2
core   0: 3 0x80009486 (0x00002f17) x30 0x8000b486
core   0: 0x8000948a (0xb63f2d23) sw      gp, -1158(t5)
core   0: 3 0x8000948a (0xb63f2d23) mem 0x8000b000 0x00000001
core   0: 0x8000948e (0x0000bfe5) c.j     pc - 8
core   0: 3 0x8000948e (0xbfe5)
core   0: 0x80009486 (0x00002f17) auipc   t5, 0x2
core   0: 3 0x80009486 (0x00002f17) x30 0x8000b486
core   0: 0x8000948a (0xb63f2d23) sw      gp, -1158(t5)
core   0: 3 0x8000948a (0xb63f2d23) mem 0x8000b000 0x00000001
core   0: 0x8000948e (0x0000bfe5) c.j     pc - 8
core   0: 3 0x8000948e (0xbfe5)
core   0: 0x80009486 (0x00002f17) auipc   t5, 0x2
core   0: 3 0x80009486 (0x00002f17) x30 0x8000b486
core   0: 0x8000948a (0xb63f2d23) sw      gp, -1158(t5)
core   0: 3 0x8000948a (0xb63f2d23) mem 0x8000b000 0x00000001
core   0: 0x8000948e (0x0000bfe5) c.j     pc - 8
core   0: 3 0x8000948e (0xbfe5)
core   0: 0x80009486 (0x00002f17) auipc   t5, 0x2
core   0: 3 0x80009486 (0x00002f17) x30 0x8000b486
core   0: 0x8000948a (0xb63f2d23) sw      gp, -1158(t5)
core   0: 3 0x8000948a (0xb63f2d23) mem 0x8000b000 0x00000001
core   0: 0x8000948e (0x0000bfe5) c.j     pc - 8
core   0: 3 0x8000948e (0xbfe5)
core   0: 0x80009486 (0x00002f17) auipc   t5, 0x2
core   0: 3 0x80009486 (0x00002f17) x30 0x8000b486
core   0: 0x8000948a (0xb63f2d23) sw      gp, -1158(t5)
core   0: 3 0x8000948a (0xb63f2d23) mem 0x8000b000 0x00000001
core   0: 0x8000948e (0x0000bfe5) c.j     pc - 8
core   0: 3 0x8000948e (0xbfe5)
core   0: 0x80009486 (0x00002f17) auipc   t5, 0x2
core   0: 3 0x80009486 (0x00002f17) x30 0x8000b486
core   0: 0x8000948a (0xb63f2d23) sw      gp, -1158(t5)
core   0: 3 0x8000948a (0xb63f2d23) mem 0x8000b000 0x00000001
core   0: 0x8000948e (0x0000bfe5) c.j     pc - 8
core   0: 3 0x8000948e (0xbfe5)
core   0: 0x80009486 (0x00002f17) auipc   t5, 0x2
core   0: 3 0x80009486 (0x00002f17) x30 0x8000b486
core   0: 0x8000948a (0xb63f2d23) sw      gp, -1158(t5)
core   0: 3 0x8000948a (0xb63f2d23) mem 0x8000b000 0x00000001
core   0: 0x8000948e (0x0000bfe5) c.j     pc - 8
core   0: 3 0x8000948e (0xbfe5)
core   0: 0x80009486 (0x00002f17) auipc   t5, 0x2
core   0: 3 0x80009486 (0x00002f17) x30 0x8000b486
core   0: 0x8000948a (0xb63f2d23) sw      gp, -1158(t5)
core   0: 3 0x8000948a (0xb63f2d23) mem 0x8000b000 0x00000001
core   0: 0x8000948e (0x0000bfe5) c.j     pc - 8
core   0: 3 0x8000948e (0xbfe5)
core   0: 0x80009486 (0x00002f17) auipc   t5, 0x2
core   0: 3 0x80009486 (0x00002f17) x30 0x8000b486
core   0: 0x8000948a (0xb63f2d23) sw      gp, -1158(t5)
core   0: 3 0x8000948a (0xb63f2d23) mem 0x8000b000 0x00000001
core   0: 0x8000948e (0x0000bfe5) c.j     pc - 8
core   0: 3 0x8000948e (0xbfe5)
core   0: 0x80009486 (0x00002f17) auipc   t5, 0x2
core   0: 3 0x80009486 (0x00002f17) x30 0x8000b486
core   0: 0x8000948a (0xb63f2d23) sw      gp, -1158(t5)
core   0: 3 0x8000948a (0xb63f2d23) mem 0x8000b000 0x00000001
core   0: 0x8000948e (0x0000bfe5) c.j     pc - 8
core   0: 3 0x8000948e (0xbfe5)
core   0: 0x80009486 (0x00002f17) auipc   t5, 0x2
core   0: 3 0x80009486 (0x00002f17) x30 0x8000b486
core   0: 0x8000948a (0xb63f2d23) sw      gp, -1158(t5)
core   0: 3 0x8000948a (0xb63f2d23) mem 0x8000b000 0x00000001
core   0: 0x8000948e (0x0000bfe5) c.j     pc - 8
core   0: 3 0x8000948e (0xbfe5)
core   0: 0x80009486 (0x00002f17) auipc   t5, 0x2
core   0: 3 0x80009486 (0x00002f17) x30 0x8000b486
core   0: 0x8000948a (0xb63f2d23) sw      gp, -1158(t5)
core   0: 3 0x8000948a (0xb63f2d23) mem 0x8000b000 0x00000001
core   0: 0x8000948e (0x0000bfe5) c.j     pc - 8
core   0: 3 0x8000948e (0xbfe5)
core   0: 0x80009486 (0x00002f17) auipc   t5, 0x2
core   0: 3 0x80009486 (0x00002f17) x30 0x8000b486
core   0: 0x8000948a (0xb63f2d23) sw      gp, -1158(t5)
core   0: 3 0x8000948a (0xb63f2d23) mem 0x8000b000 0x00000001
core   0: 0x8000948e (0x0000bfe5) c.j     pc - 8
core   0: 3 0x8000948e (0xbfe5)
core   0: 0x80009486 (0x00002f17) auipc   t5, 0x2
core   0: 3 0x80009486 (0x00002f17) x30 0x8000b486
core   0: 0x8000948a (0xb63f2d23) sw      gp, -1158(t5)
core   0: 3 0x8000948a (0xb63f2d23) mem 0x8000b000 0x00000001
core   0: 0x8000948e (0x0000bfe5) c.j     pc - 8
core   0: 3 0x8000948e (0xbfe5)
core   0: 0x80009486 (0x00002f17) auipc   t5, 0x2
core   0: 3 0x80009486 (0x00002f17) x30 0x8000b486
core   0: 0x8000948a (0xb63f2d23) sw      gp, -1158(t5)
core   0: 3 0x8000948a (0xb63f2d23) mem 0x8000b000 0x00000001
core   0: 0x8000948e (0x0000bfe5) c.j     pc - 8
core   0: 3 0x8000948e (0xbfe5)
core   0: 0x80009486 (0x00002f17) auipc   t5, 0x2
core   0: 3 0x80009486 (0x00002f17) x30 0x8000b486
core   0: 0x8000948a (0xb63f2d23) sw      gp, -1158(t5)
core   0: 3 0x8000948a (0xb63f2d23) mem 0x8000b000 0x00000001
core   0: 0x8000948e (0x0000bfe5) c.j     pc - 8
core   0: 3 0x8000948e (0xbfe5)
core   0: 0x80009486 (0x00002f17) auipc   t5, 0x2
core   0: 3 0x80009486 (0x00002f17) x30 0x8000b486
core   0: 0x8000948a (0xb63f2d23) sw      gp, -1158(t5)
core   0: 3 0x8000948a (0xb63f2d23) mem 0x8000b000 0x00000001
core   0: 0x8000948e (0x0000bfe5) c.j     pc - 8
core   0: 3 0x8000948e (0xbfe5)
core   0: 0x80009486 (0x00002f17) auipc   t5, 0x2
core   0: 3 0x80009486 (0x00002f17) x30 0x8000b486
core   0: 0x8000948a (0xb63f2d23) sw      gp, -1158(t5)
core   0: 3 0x8000948a (0xb63f2d23) mem 0x8000b000 0x00000001
core   0: 0x8000948e (0x0000bfe5) c.j     pc - 8
core   0: 3 0x8000948e (0xbfe5)
core   0: 0x80009486 (0x00002f17) auipc   t5, 0x2
core   0: 3 0x80009486 (0x00002f17) x30 0x8000b486
core   0: 0x8000948a (0xb63f2d23) sw      gp, -1158(t5)
core   0: 3 0x8000948a (0xb63f2d23) mem 0x8000b000 0x00000001
core   0: 0x8000948e (0x0000bfe5) c.j     pc - 8
core   0: 3 0x8000948e (0xbfe5)
core   0: 0x80009486 (0x00002f17) auipc   t5, 0x2
core   0: 3 0x80009486 (0x00002f17) x30 0x8000b486
core   0: 0x8000948a (0xb63f2d23) sw      gp, -1158(t5)
core   0: 3 0x8000948a (0xb63f2d23) mem 0x8000b000 0x00000001
core   0: 0x8000948e (0x0000bfe5) c.j     pc - 8
core   0: 3 0x8000948e (0xbfe5)
core   0: 0x80009486 (0x00002f17) auipc   t5, 0x2
core   0: 3 0x80009486 (0x00002f17) x30 0x8000b486
core   0: 0x8000948a (0xb63f2d23) sw      gp, -1158(t5)
core   0: 3 0x8000948a (0xb63f2d23) mem 0x8000b000 0x00000001
core   0: 0x8000948e (0x0000bfe5) c.j     pc - 8
core   0: 3 0x8000948e (0xbfe5)
core   0: 0x80009486 (0x00002f17) auipc   t5, 0x2
core   0: 3 0x80009486 (0x00002f17) x30 0x8000b486
core   0: 0x8000948a (0xb63f2d23) sw      gp, -1158(t5)
core   0: 3 0x8000948a (0xb63f2d23) mem 0x8000b000 0x00000001
core   0: 0x8000948e (0x0000bfe5) c.j     pc - 8
core   0: 3 0x8000948e (0xbfe5)
core   0: 0x80009486 (0x00002f17) auipc   t5, 0x2
core   0: 3 0x80009486 (0x00002f17) x30 0x8000b486
core   0: 0x8000948a (0xb63f2d23) sw      gp, -1158(t5)
core   0: 3 0x8000948a (0xb63f2d23) mem 0x8000b000 0x00000001
core   0: 0x8000948e (0x0000bfe5) c.j     pc - 8
core   0: 3 0x8000948e (0xbfe5)
core   0: 0x80009486 (0x00002f17) auipc   t5, 0x2
core   0: 3 0x80009486 (0x00002f17) x30 0x8000b486
core   0: 0x8000948a (0xb63f2d23) sw      gp, -1158(t5)
core   0: 3 0x8000948a (0xb63f2d23) mem 0x8000b000 0x00000001
core   0: 0x8000948e (0x0000bfe5) c.j     pc - 8
core   0: 3 0x8000948e (0xbfe5)
core   0: 0x80009486 (0x00002f17) auipc   t5, 0x2
core   0: 3 0x80009486 (0x00002f17) x30 0x8000b486
core   0: 0x8000948a (0xb63f2d23) sw      gp, -1158(t5)
core   0: 3 0x8000948a (0xb63f2d23) mem 0x8000b000 0x00000001
core   0: 0x8000948e (0x0000bfe5) c.j     pc - 8
core   0: 3 0x8000948e (0xbfe5)
core   0: 0x80009486 (0x00002f17) auipc   t5, 0x2
core   0: 3 0x80009486 (0x00002f17) x30 0x8000b486
core   0: 0x8000948a (0xb63f2d23) sw      gp, -1158(t5)
core   0: 3 0x8000948a (0xb63f2d23) mem 0x8000b000 0x00000001
core   0: 0x8000948e (0x0000bfe5) c.j     pc - 8
core   0: 3 0x8000948e (0xbfe5)
core   0: 0x80009486 (0x00002f17) auipc   t5, 0x2
core   0: 3 0x80009486 (0x00002f17) x30 0x8000b486
core   0: 0x8000948a (0xb63f2d23) sw      gp, -1158(t5)
core   0: 3 0x8000948a (0xb63f2d23) mem 0x8000b000 0x00000001
core   0: 0x8000948e (0x0000bfe5) c.j     pc - 8
core   0: 3 0x8000948e (0xbfe5)
core   0: 0x80009486 (0x00002f17) auipc   t5, 0x2
core   0: 3 0x80009486 (0x00002f17) x30 0x8000b486
core   0: 0x8000948a (0xb63f2d23) sw      gp, -1158(t5)
core   0: 3 0x8000948a (0xb63f2d23) mem 0x8000b000 0x00000001
core   0: 0x8000948e (0x0000bfe5) c.j     pc - 8
core   0: 3 0x8000948e (0xbfe5)
core   0: 0x80009486 (0x00002f17) auipc   t5, 0x2
core   0: 3 0x80009486 (0x00002f17) x30 0x8000b486
core   0: 0x8000948a (0xb63f2d23) sw      gp, -1158(t5)
core   0: 3 0x8000948a (0xb63f2d23) mem 0x8000b000 0x00000001
core   0: 0x8000948e (0x0000bfe5) c.j     pc - 8
core   0: 3 0x8000948e (0xbfe5)
core   0: 0x80009486 (0x00002f17) auipc   t5, 0x2
core   0: 3 0x80009486 (0x00002f17) x30 0x8000b486
core   0: 0x8000948a (0xb63f2d23) sw      gp, -1158(t5)
core   0: 3 0x8000948a (0xb63f2d23) mem 0x8000b000 0x00000001
core   0: 0x8000948e (0x0000bfe5) c.j     pc - 8
core   0: 3 0x8000948e (0xbfe5)
core   0: 0x80009486 (0x00002f17) auipc   t5, 0x2
core   0: 3 0x80009486 (0x00002f17) x30 0x8000b486
core   0: 0x8000948a (0xb63f2d23) sw      gp, -1158(t5)
core   0: 3 0x8000948a (0xb63f2d23) mem 0x8000b000 0x00000001
core   0: 0x8000948e (0x0000bfe5) c.j     pc - 8
core   0: 3 0x8000948e (0xbfe5)
core   0: 0x80009486 (0x00002f17) auipc   t5, 0x2
core   0: 3 0x80009486 (0x00002f17) x30 0x8000b486
core   0: 0x8000948a (0xb63f2d23) sw      gp, -1158(t5)
core   0: 3 0x8000948a (0xb63f2d23) mem 0x8000b000 0x00000001
core   0: 0x8000948e (0x0000bfe5) c.j     pc - 8
core   0: 3 0x8000948e (0xbfe5)
core   0: 0x80009486 (0x00002f17) auipc   t5, 0x2
core   0: 3 0x80009486 (0x00002f17) x30 0x8000b486
core   0: 0x8000948a (0xb63f2d23) sw      gp, -1158(t5)
core   0: 3 0x8000948a (0xb63f2d23) mem 0x8000b000 0x00000001
core   0: 0x8000948e (0x0000bfe5) c.j     pc - 8
core   0: 3 0x8000948e (0xbfe5)
core   0: 0x80009486 (0x00002f17) auipc   t5, 0x2
core   0: 3 0x80009486 (0x00002f17) x30 0x8000b486
core   0: 0x8000948a (0xb63f2d23) sw      gp, -1158(t5)
core   0: 3 0x8000948a (0xb63f2d23) mem 0x8000b000 0x00000001
core   0: 0x8000948e (0x0000bfe5) c.j     pc - 8
core   0: 3 0x8000948e (0xbfe5)
core   0: 0x80009486 (0x00002f17) auipc   t5, 0x2
core   0: 3 0x80009486 (0x00002f17) x30 0x8000b486
core   0: 0x8000948a (0xb63f2d23) sw      gp, -1158(t5)
core   0: 3 0x8000948a (0xb63f2d23) mem 0x8000b000 0x00000001
core   0: 0x8000948e (0x0000bfe5) c.j     pc - 8
core   0: 3 0x8000948e (0xbfe5)
core   0: 0x80009486 (0x00002f17) auipc   t5, 0x2
core   0: 3 0x80009486 (0x00002f17) x30 0x8000b486
core   0: 0x8000948a (0xb63f2d23) sw      gp, -1158(t5)
core   0: 3 0x8000948a (0xb63f2d23) mem 0x8000b000 0x00000001
core   0: 0x8000948e (0x0000bfe5) c.j     pc - 8
core   0: 3 0x8000948e (0xbfe5)
core   0: 0x80009486 (0x00002f17) auipc   t5, 0x2
core   0: 3 0x80009486 (0x00002f17) x30 0x8000b486
core   0: 0x8000948a (0xb63f2d23) sw      gp, -1158(t5)
core   0: 3 0x8000948a (0xb63f2d23) mem 0x8000b000 0x00000001
core   0: 0x8000948e (0x0000bfe5) c.j     pc - 8
core   0: 3 0x8000948e (0xbfe5)
core   0: 0x80009486 (0x00002f17) auipc   t5, 0x2
core   0: 3 0x80009486 (0x00002f17) x30 0x8000b486
core   0: 0x8000948a (0xb63f2d23) sw      gp, -1158(t5)
core   0: 3 0x8000948a (0xb63f2d23) mem 0x8000b000 0x00000001
core   0: 0x8000948e (0x0000bfe5) c.j     pc - 8
core   0: 3 0x8000948e (0xbfe5)
core   0: 0x80009486 (0x00002f17) auipc   t5, 0x2
core   0: 3 0x80009486 (0x00002f17) x30 0x8000b486
core   0: 0x8000948a (0xb63f2d23) sw      gp, -1158(t5)
core   0: 3 0x8000948a (0xb63f2d23) mem 0x8000b000 0x00000001
core   0: 0x8000948e (0x0000bfe5) c.j     pc - 8
core   0: 3 0x8000948e (0xbfe5)
core   0: 0x80009486 (0x00002f17) auipc   t5, 0x2
core   0: 3 0x80009486 (0x00002f17) x30 0x8000b486
core   0: 0x8000948a (0xb63f2d23) sw      gp, -1158(t5)
core   0: 3 0x8000948a (0xb63f2d23) mem 0x8000b000 0x00000001
core   0: 0x8000948e (0x0000bfe5) c.j     pc - 8
core   0: 3 0x8000948e (0xbfe5)
core   0: 0x80009486 (0x00002f17) auipc   t5, 0x2
core   0: 3 0x80009486 (0x00002f17) x30 0x8000b486
core   0: 0x8000948a (0xb63f2d23) sw      gp, -1158(t5)
core   0: 3 0x8000948a (0xb63f2d23) mem 0x8000b000 0x00000001
core   0: 0x8000948e (0x0000bfe5) c.j     pc - 8
core   0: 3 0x8000948e (0xbfe5)
core   0: 0x80009486 (0x00002f17) auipc   t5, 0x2
core   0: 3 0x80009486 (0x00002f17) x30 0x8000b486
core   0: 0x8000948a (0xb63f2d23) sw      gp, -1158(t5)
core   0: 3 0x8000948a (0xb63f2d23) mem 0x8000b000 0x00000001
core   0: 0x8000948e (0x0000bfe5) c.j     pc - 8
core   0: 3 0x8000948e (0xbfe5)
core   0: 0x80009486 (0x00002f17) auipc   t5, 0x2
core   0: 3 0x80009486 (0x00002f17) x30 0x8000b486
core   0: 0x8000948a (0xb63f2d23) sw      gp, -1158(t5)
core   0: 3 0x8000948a (0xb63f2d23) mem 0x8000b000 0x00000001
core   0: 0x8000948e (0x0000bfe5) c.j     pc - 8
core   0: 3 0x8000948e (0xbfe5)
core   0: 0x80009486 (0x00002f17) auipc   t5, 0x2
core   0: 3 0x80009486 (0x00002f17) x30 0x8000b486
core   0: 0x8000948a (0xb63f2d23) sw      gp, -1158(t5)
core   0: 3 0x8000948a (0xb63f2d23) mem 0x8000b000 0x00000001
core   0: 0x8000948e (0x0000bfe5) c.j     pc - 8
core   0: 3 0x8000948e (0xbfe5)
core   0: 0x80009486 (0x00002f17) auipc   t5, 0x2
core   0: 3 0x80009486 (0x00002f17) x30 0x8000b486
core   0: 0x8000948a (0xb63f2d23) sw      gp, -1158(t5)
core   0: 3 0x8000948a (0xb63f2d23) mem 0x8000b000 0x00000001
core   0: 0x8000948e (0x0000bfe5) c.j     pc - 8
core   0: 3 0x8000948e (0xbfe5)
core   0: 0x80009486 (0x00002f17) auipc   t5, 0x2
core   0: 3 0x80009486 (0x00002f17) x30 0x8000b486
core   0: 0x8000948a (0xb63f2d23) sw      gp, -1158(t5)
core   0: 3 0x8000948a (0xb63f2d23) mem 0x8000b000 0x00000001
core   0: 0x8000948e (0x0000bfe5) c.j     pc - 8
core   0: 3 0x8000948e (0xbfe5)
core   0: 0x80009486 (0x00002f17) auipc   t5, 0x2
core   0: 3 0x80009486 (0x00002f17) x30 0x8000b486
core   0: 0x8000948a (0xb63f2d23) sw      gp, -1158(t5)
core   0: 3 0x8000948a (0xb63f2d23) mem 0x8000b000 0x00000001
core   0: 0x8000948e (0x0000bfe5) c.j     pc - 8
core   0: 3 0x8000948e (0xbfe5)
core   0: 0x80009486 (0x00002f17) auipc   t5, 0x2
core   0: 3 0x80009486 (0x00002f17) x30 0x8000b486
core   0: 0x8000948a (0xb63f2d23) sw      gp, -1158(t5)
core   0: 3 0x8000948a (0xb63f2d23) mem 0x8000b000 0x00000001
core   0: 0x8000948e (0x0000bfe5) c.j     pc - 8
core   0: 3 0x8000948e (0xbfe5)
core   0: 0x80009486 (0x00002f17) auipc   t5, 0x2
core   0: 3 0x80009486 (0x00002f17) x30 0x8000b486
core   0: 0x8000948a (0xb63f2d23) sw      gp, -1158(t5)
core   0: 3 0x8000948a (0xb63f2d23) mem 0x8000b000 0x00000001
core   0: 0x8000948e (0x0000bfe5) c.j     pc - 8
core   0: 3 0x8000948e (0xbfe5)
core   0: 0x80009486 (0x00002f17) auipc   t5, 0x2
core   0: 3 0x80009486 (0x00002f17) x30 0x8000b486
core   0: 0x8000948a (0xb63f2d23) sw      gp, -1158(t5)
core   0: 3 0x8000948a (0xb63f2d23) mem 0x8000b000 0x00000001
core   0: 0x8000948e (0x0000bfe5) c.j     pc - 8
core   0: 3 0x8000948e (0xbfe5)
core   0: 0x80009486 (0x00002f17) auipc   t5, 0x2
core   0: 3 0x80009486 (0x00002f17) x30 0x8000b486
core   0: 0x8000948a (0xb63f2d23) sw      gp, -1158(t5)
core   0: 3 0x8000948a (0xb63f2d23) mem 0x8000b000 0x00000001
core   0: 0x8000948e (0x0000bfe5) c.j     pc - 8
core   0: 3 0x8000948e (0xbfe5)
core   0: 0x80009486 (0x00002f17) auipc   t5, 0x2
core   0: 3 0x80009486 (0x00002f17) x30 0x8000b486
core   0: 0x8000948a (0xb63f2d23) sw      gp, -1158(t5)
core   0: 3 0x8000948a (0xb63f2d23) mem 0x8000b000 0x00000001
core   0: 0x8000948e (0x0000bfe5) c.j     pc - 8
core   0: 3 0x8000948e (0xbfe5)
core   0: 0x80009486 (0x00002f17) auipc   t5, 0x2
core   0: 3 0x80009486 (0x00002f17) x30 0x8000b486
core   0: 0x8000948a (0xb63f2d23) sw      gp, -1158(t5)
core   0: 3 0x8000948a (0xb63f2d23) mem 0x8000b000 0x00000001
core   0: 0x8000948e (0x0000bfe5) c.j     pc - 8
core   0: 3 0x8000948e (0xbfe5)
core   0: 0x80009486 (0x00002f17) auipc   t5, 0x2
core   0: 3 0x80009486 (0x00002f17) x30 0x8000b486
core   0: 0x8000948a (0xb63f2d23) sw      gp, -1158(t5)
core   0: 3 0x8000948a (0xb63f2d23) mem 0x8000b000 0x00000001
core   0: 0x8000948e (0x0000bfe5) c.j     pc - 8
core   0: 3 0x8000948e (0xbfe5)
core   0: 0x80009486 (0x00002f17) auipc   t5, 0x2
core   0: 3 0x80009486 (0x00002f17) x30 0x8000b486
core   0: 0x8000948a (0xb63f2d23) sw      gp, -1158(t5)
core   0: 3 0x8000948a (0xb63f2d23) mem 0x8000b000 0x00000001
core   0: 0x8000948e (0x0000bfe5) c.j     pc - 8
core   0: 3 0x8000948e (0xbfe5)
core   0: 0x80009486 (0x00002f17) auipc   t5, 0x2
core   0: 3 0x80009486 (0x00002f17) x30 0x8000b486
core   0: 0x8000948a (0xb63f2d23) sw      gp, -1158(t5)
core   0: 3 0x8000948a (0xb63f2d23) mem 0x8000b000 0x00000001
core   0: 0x8000948e (0x0000bfe5) c.j     pc - 8
core   0: 3 0x8000948e (0xbfe5)
core   0: 0x80009486 (0x00002f17) auipc   t5, 0x2
core   0: 3 0x80009486 (0x00002f17) x30 0x8000b486
core   0: 0x8000948a (0xb63f2d23) sw      gp, -1158(t5)
core   0: 3 0x8000948a (0xb63f2d23) mem 0x8000b000 0x00000001
core   0: 0x8000948e (0x0000bfe5) c.j     pc - 8
core   0: 3 0x8000948e (0xbfe5)
core   0: 0x80009486 (0x00002f17) auipc   t5, 0x2
core   0: 3 0x80009486 (0x00002f17) x30 0x8000b486
core   0: 0x8000948a (0xb63f2d23) sw      gp, -1158(t5)
core   0: 3 0x8000948a (0xb63f2d23) mem 0x8000b000 0x00000001
core   0: 0x8000948e (0x0000bfe5) c.j     pc - 8
core   0: 3 0x8000948e (0xbfe5)
core   0: 0x80009486 (0x00002f17) auipc   t5, 0x2
core   0: 3 0x80009486 (0x00002f17) x30 0x8000b486
core   0: 0x8000948a (0xb63f2d23) sw      gp, -1158(t5)
core   0: 3 0x8000948a (0xb63f2d23) mem 0x8000b000 0x00000001
core   0: 0x8000948e (0x0000bfe5) c.j     pc - 8
core   0: 3 0x8000948e (0xbfe5)
core   0: 0x80009486 (0x00002f17) auipc   t5, 0x2
core   0: 3 0x80009486 (0x00002f17) x30 0x8000b486
core   0: 0x8000948a (0xb63f2d23) sw      gp, -1158(t5)
core   0: 3 0x8000948a (0xb63f2d23) mem 0x8000b000 0x00000001
core   0: 0x8000948e (0x0000bfe5) c.j     pc - 8
core   0: 3 0x8000948e (0xbfe5)
core   0: 0x80009486 (0x00002f17) auipc   t5, 0x2
core   0: 3 0x80009486 (0x00002f17) x30 0x8000b486
core   0: 0x8000948a (0xb63f2d23) sw      gp, -1158(t5)
core   0: 3 0x8000948a (0xb63f2d23) mem 0x8000b000 0x00000001
core   0: 0x8000948e (0x0000bfe5) c.j     pc - 8
core   0: 3 0x8000948e (0xbfe5)
core   0: 0x80009486 (0x00002f17) auipc   t5, 0x2
core   0: 3 0x80009486 (0x00002f17) x30 0x8000b486
core   0: 0x8000948a (0xb63f2d23) sw      gp, -1158(t5)
core   0: 3 0x8000948a (0xb63f2d23) mem 0x8000b000 0x00000001
core   0: 0x8000948e (0x0000bfe5) c.j     pc - 8
core   0: 3 0x8000948e (0xbfe5)
core   0: 0x80009486 (0x00002f17) auipc   t5, 0x2
core   0: 3 0x80009486 (0x00002f17) x30 0x8000b486
core   0: 0x8000948a (0xb63f2d23) sw      gp, -1158(t5)
core   0: 3 0x8000948a (0xb63f2d23) mem 0x8000b000 0x00000001
core   0: 0x8000948e (0x0000bfe5) c.j     pc - 8
core   0: 3 0x8000948e (0xbfe5)
core   0: 0x80009486 (0x00002f17) auipc   t5, 0x2
core   0: 3 0x80009486 (0x00002f17) x30 0x8000b486
core   0: 0x8000948a (0xb63f2d23) sw      gp, -1158(t5)
core   0: 3 0x8000948a (0xb63f2d23) mem 0x8000b000 0x00000001
core   0: 0x8000948e (0x0000bfe5) c.j     pc - 8
core   0: 3 0x8000948e (0xbfe5)
core   0: 0x80009486 (0x00002f17) auipc   t5, 0x2
core   0: 3 0x80009486 (0x00002f17) x30 0x8000b486
core   0: 0x8000948a (0xb63f2d23) sw      gp, -1158(t5)
core   0: 3 0x8000948a (0xb63f2d23) mem 0x8000b000 0x00000001
core   0: 0x8000948e (0x0000bfe5) c.j     pc - 8
core   0: 3 0x8000948e (0xbfe5)
core   0: 0x80009486 (0x00002f17) auipc   t5, 0x2
core   0: 3 0x80009486 (0x00002f17) x30 0x8000b486
core   0: 0x8000948a (0xb63f2d23) sw      gp, -1158(t5)
core   0: 3 0x8000948a (0xb63f2d23) mem 0x8000b000 0x00000001
core   0: 0x8000948e (0x0000bfe5) c.j     pc - 8
core   0: 3 0x8000948e (0xbfe5)
core   0: 0x80009486 (0x00002f17) auipc   t5, 0x2
core   0: 3 0x80009486 (0x00002f17) x30 0x8000b486
core   0: 0x8000948a (0xb63f2d23) sw      gp, -1158(t5)
core   0: 3 0x8000948a (0xb63f2d23) mem 0x8000b000 0x00000001
core   0: 0x8000948e (0x0000bfe5) c.j     pc - 8
core   0: 3 0x8000948e (0xbfe5)
core   0: 0x80009486 (0x00002f17) auipc   t5, 0x2
core   0: 3 0x80009486 (0x00002f17) x30 0x8000b486
core   0: 0x8000948a (0xb63f2d23) sw      gp, -1158(t5)
core   0: 3 0x8000948a (0xb63f2d23) mem 0x8000b000 0x00000001
core   0: 0x8000948e (0x0000bfe5) c.j     pc - 8
core   0: 3 0x8000948e (0xbfe5)
core   0: 0x80009486 (0x00002f17) auipc   t5, 0x2
core   0: 3 0x80009486 (0x00002f17) x30 0x8000b486
core   0: 0x8000948a (0xb63f2d23) sw      gp, -1158(t5)
core   0: 3 0x8000948a (0xb63f2d23) mem 0x8000b000 0x00000001
core   0: 0x8000948e (0x0000bfe5) c.j     pc - 8
core   0: 3 0x8000948e (0xbfe5)
core   0: 0x80009486 (0x00002f17) auipc   t5, 0x2
core   0: 3 0x80009486 (0x00002f17) x30 0x8000b486
core   0: 0x8000948a (0xb63f2d23) sw      gp, -1158(t5)
core   0: 3 0x8000948a (0xb63f2d23) mem 0x8000b000 0x00000001
core   0: 0x8000948e (0x0000bfe5) c.j     pc - 8
core   0: 3 0x8000948e (0xbfe5)
core   0: 0x80009486 (0x00002f17) auipc   t5, 0x2
core   0: 3 0x80009486 (0x00002f17) x30 0x8000b486
core   0: 0x8000948a (0xb63f2d23) sw      gp, -1158(t5)
core   0: 3 0x8000948a (0xb63f2d23) mem 0x8000b000 0x00000001
core   0: 0x8000948e (0x0000bfe5) c.j     pc - 8
core   0: 3 0x8000948e (0xbfe5)
core   0: 0x80009486 (0x00002f17) auipc   t5, 0x2
core   0: 3 0x80009486 (0x00002f17) x30 0x8000b486
core   0: 0x8000948a (0xb63f2d23) sw      gp, -1158(t5)
core   0: 3 0x8000948a (0xb63f2d23) mem 0x8000b000 0x00000001
core   0: 0x8000948e (0x0000bfe5) c.j     pc - 8
core   0: 3 0x8000948e (0xbfe5)
core   0: 0x80009486 (0x00002f17) auipc   t5, 0x2
core   0: 3 0x80009486 (0x00002f17) x30 0x8000b486
core   0: 0x8000948a (0xb63f2d23) sw      gp, -1158(t5)
core   0: 3 0x8000948a (0xb63f2d23) mem 0x8000b000 0x00000001
core   0: 0x8000948e (0x0000bfe5) c.j     pc - 8
core   0: 3 0x8000948e (0xbfe5)
core   0: 0x80009486 (0x00002f17) auipc   t5, 0x2
core   0: 3 0x80009486 (0x00002f17) x30 0x8000b486
core   0: 0x8000948a (0xb63f2d23) sw      gp, -1158(t5)
core   0: 3 0x8000948a (0xb63f2d23) mem 0x8000b000 0x00000001
core   0: 0x8000948e (0x0000bfe5) c.j     pc - 8
core   0: 3 0x8000948e (0xbfe5)
core   0: 0x80009486 (0x00002f17) auipc   t5, 0x2
core   0: 3 0x80009486 (0x00002f17) x30 0x8000b486
core   0: 0x8000948a (0xb63f2d23) sw      gp, -1158(t5)
core   0: 3 0x8000948a (0xb63f2d23) mem 0x8000b000 0x00000001
core   0: 0x8000948e (0x0000bfe5) c.j     pc - 8
core   0: 3 0x8000948e (0xbfe5)
core   0: 0x80009486 (0x00002f17) auipc   t5, 0x2
core   0: 3 0x80009486 (0x00002f17) x30 0x8000b486
core   0: 0x8000948a (0xb63f2d23) sw      gp, -1158(t5)
core   0: 3 0x8000948a (0xb63f2d23) mem 0x8000b000 0x00000001
core   0: 0x8000948e (0x0000bfe5) c.j     pc - 8
core   0: 3 0x8000948e (0xbfe5)
core   0: 0x80009486 (0x00002f17) auipc   t5, 0x2
core   0: 3 0x80009486 (0x00002f17) x30 0x8000b486
core   0: 0x8000948a (0xb63f2d23) sw      gp, -1158(t5)
core   0: 3 0x8000948a (0xb63f2d23) mem 0x8000b000 0x00000001
core   0: 0x8000948e (0x0000bfe5) c.j     pc - 8
core   0: 3 0x8000948e (0xbfe5)
core   0: 0x80009486 (0x00002f17) auipc   t5, 0x2
core   0: 3 0x80009486 (0x00002f17) x30 0x8000b486
core   0: 0x8000948a (0xb63f2d23) sw      gp, -1158(t5)
core   0: 3 0x8000948a (0xb63f2d23) mem 0x8000b000 0x00000001
core   0: 0x8000948e (0x0000bfe5) c.j     pc - 8
core   0: 3 0x8000948e (0xbfe5)
core   0: 0x80009486 (0x00002f17) auipc   t5, 0x2
core   0: 3 0x80009486 (0x00002f17) x30 0x8000b486
core   0: 0x8000948a (0xb63f2d23) sw      gp, -1158(t5)
core   0: 3 0x8000948a (0xb63f2d23) mem 0x8000b000 0x00000001
core   0: 0x8000948e (0x0000bfe5) c.j     pc - 8
core   0: 3 0x8000948e (0xbfe5)
core   0: 0x80009486 (0x00002f17) auipc   t5, 0x2
core   0: 3 0x80009486 (0x00002f17) x30 0x8000b486
core   0: 0x8000948a (0xb63f2d23) sw      gp, -1158(t5)
core   0: 3 0x8000948a (0xb63f2d23) mem 0x8000b000 0x00000001
core   0: 0x8000948e (0x0000bfe5) c.j     pc - 8
core   0: 3 0x8000948e (0xbfe5)
core   0: 0x80009486 (0x00002f17) auipc   t5, 0x2
core   0: 3 0x80009486 (0x00002f17) x30 0x8000b486
core   0: 0x8000948a (0xb63f2d23) sw      gp, -1158(t5)
core   0: 3 0x8000948a (0xb63f2d23) mem 0x8000b000 0x00000001
core   0: 0x8000948e (0x0000bfe5) c.j     pc - 8
core   0: 3 0x8000948e (0xbfe5)
core   0: 0x80009486 (0x00002f17) auipc   t5, 0x2
core   0: 3 0x80009486 (0x00002f17) x30 0x8000b486
core   0: 0x8000948a (0xb63f2d23) sw      gp, -1158(t5)
core   0: 3 0x8000948a (0xb63f2d23) mem 0x8000b000 0x00000001
core   0: 0x8000948e (0x0000bfe5) c.j     pc - 8
core   0: 3 0x8000948e (0xbfe5)
core   0: 0x80009486 (0x00002f17) auipc   t5, 0x2
core   0: 3 0x80009486 (0x00002f17) x30 0x8000b486
core   0: 0x8000948a (0xb63f2d23) sw      gp, -1158(t5)
core   0: 3 0x8000948a (0xb63f2d23) mem 0x8000b000 0x00000001
core   0: 0x8000948e (0x0000bfe5) c.j     pc - 8
core   0: 3 0x8000948e (0xbfe5)
core   0: 0x80009486 (0x00002f17) auipc   t5, 0x2
core   0: 3 0x80009486 (0x00002f17) x30 0x8000b486
core   0: 0x8000948a (0xb63f2d23) sw      gp, -1158(t5)
core   0: 3 0x8000948a (0xb63f2d23) mem 0x8000b000 0x00000001
core   0: 0x8000948e (0x0000bfe5) c.j     pc - 8
core   0: 3 0x8000948e (0xbfe5)
core   0: 0x80009486 (0x00002f17) auipc   t5, 0x2
core   0: 3 0x80009486 (0x00002f17) x30 0x8000b486
core   0: 0x8000948a (0xb63f2d23) sw      gp, -1158(t5)
core   0: 3 0x8000948a (0xb63f2d23) mem 0x8000b000 0x00000001
core   0: 0x8000948e (0x0000bfe5) c.j     pc - 8
core   0: 3 0x8000948e (0xbfe5)
core   0: 0x80009486 (0x00002f17) auipc   t5, 0x2
core   0: 3 0x80009486 (0x00002f17) x30 0x8000b486
core   0: 0x8000948a (0xb63f2d23) sw      gp, -1158(t5)
core   0: 3 0x8000948a (0xb63f2d23) mem 0x8000b000 0x00000001
core   0: 0x8000948e (0x0000bfe5) c.j     pc - 8
core   0: 3 0x8000948e (0xbfe5)
core   0: 0x80009486 (0x00002f17) auipc   t5, 0x2
core   0: 3 0x80009486 (0x00002f17) x30 0x8000b486
core   0: 0x8000948a (0xb63f2d23) sw      gp, -1158(t5)
core   0: 3 0x8000948a (0xb63f2d23) mem 0x8000b000 0x00000001
core   0: 0x8000948e (0x0000bfe5) c.j     pc - 8
core   0: 3 0x8000948e (0xbfe5)
core   0: 0x80009486 (0x00002f17) auipc   t5, 0x2
core   0: 3 0x80009486 (0x00002f17) x30 0x8000b486
core   0: 0x8000948a (0xb63f2d23) sw      gp, -1158(t5)
core   0: 3 0x8000948a (0xb63f2d23) mem 0x8000b000 0x00000001
core   0: 0x8000948e (0x0000bfe5) c.j     pc - 8
core   0: 3 0x8000948e (0xbfe5)
core   0: 0x80009486 (0x00002f17) auipc   t5, 0x2
core   0: 3 0x80009486 (0x00002f17) x30 0x8000b486
core   0: 0x8000948a (0xb63f2d23) sw      gp, -1158(t5)
core   0: 3 0x8000948a (0xb63f2d23) mem 0x8000b000 0x00000001
core   0: 0x8000948e (0x0000bfe5) c.j     pc - 8
core   0: 3 0x8000948e (0xbfe5)
core   0: 0x80009486 (0x00002f17) auipc   t5, 0x2
core   0: 3 0x80009486 (0x00002f17) x30 0x8000b486
core   0: 0x8000948a (0xb63f2d23) sw      gp, -1158(t5)
core   0: 3 0x8000948a (0xb63f2d23) mem 0x8000b000 0x00000001
core   0: 0x8000948e (0x0000bfe5) c.j     pc - 8
core   0: 3 0x8000948e (0xbfe5)
core   0: 0x80009486 (0x00002f17) auipc   t5, 0x2
core   0: 3 0x80009486 (0x00002f17) x30 0x8000b486
core   0: 0x8000948a (0xb63f2d23) sw      gp, -1158(t5)
core   0: 3 0x8000948a (0xb63f2d23) mem 0x8000b000 0x00000001
core   0: 0x8000948e (0x0000bfe5) c.j     pc - 8
core   0: 3 0x8000948e (0xbfe5)
core   0: 0x80009486 (0x00002f17) auipc   t5, 0x2
core   0: 3 0x80009486 (0x00002f17) x30 0x8000b486
core   0: 0x8000948a (0xb63f2d23) sw      gp, -1158(t5)
core   0: 3 0x8000948a (0xb63f2d23) mem 0x8000b000 0x00000001
core   0: 0x8000948e (0x0000bfe5) c.j     pc - 8
core   0: 3 0x8000948e (0xbfe5)
core   0: 0x80009486 (0x00002f17) auipc   t5, 0x2
core   0: 3 0x80009486 (0x00002f17) x30 0x8000b486
core   0: 0x8000948a (0xb63f2d23) sw      gp, -1158(t5)
core   0: 3 0x8000948a (0xb63f2d23) mem 0x8000b000 0x00000001
core   0: 0x8000948e (0x0000bfe5) c.j     pc - 8
core   0: 3 0x8000948e (0xbfe5)
core   0: 0x80009486 (0x00002f17) auipc   t5, 0x2
core   0: 3 0x80009486 (0x00002f17) x30 0x8000b486
core   0: 0x8000948a (0xb63f2d23) sw      gp, -1158(t5)
core   0: 3 0x8000948a (0xb63f2d23) mem 0x8000b000 0x00000001
core   0: 0x8000948e (0x0000bfe5) c.j     pc - 8
core   0: 3 0x8000948e (0xbfe5)
core   0: 0x80009486 (0x00002f17) auipc   t5, 0x2
core   0: 3 0x80009486 (0x00002f17) x30 0x8000b486
core   0: 0x8000948a (0xb63f2d23) sw      gp, -1158(t5)
core   0: 3 0x8000948a (0xb63f2d23) mem 0x8000b000 0x00000001
core   0: 0x8000948e (0x0000bfe5) c.j     pc - 8
core   0: 3 0x8000948e (0xbfe5)
core   0: 0x80009486 (0x00002f17) auipc   t5, 0x2
core   0: 3 0x80009486 (0x00002f17) x30 0x8000b486
core   0: 0x8000948a (0xb63f2d23) sw      gp, -1158(t5)
core   0: 3 0x8000948a (0xb63f2d23) mem 0x8000b000 0x00000001
core   0: 0x8000948e (0x0000bfe5) c.j     pc - 8
core   0: 3 0x8000948e (0xbfe5)
core   0: 0x80009486 (0x00002f17) auipc   t5, 0x2
core   0: 3 0x80009486 (0x00002f17) x30 0x8000b486
core   0: 0x8000948a (0xb63f2d23) sw      gp, -1158(t5)
core   0: 3 0x8000948a (0xb63f2d23) mem 0x8000b000 0x00000001
core   0: 0x8000948e (0x0000bfe5) c.j     pc - 8
core   0: 3 0x8000948e (0xbfe5)
core   0: 0x80009486 (0x00002f17) auipc   t5, 0x2
core   0: 3 0x80009486 (0x00002f17) x30 0x8000b486
core   0: 0x8000948a (0xb63f2d23) sw      gp, -1158(t5)
core   0: 3 0x8000948a (0xb63f2d23) mem 0x8000b000 0x00000001
core   0: 0x8000948e (0x0000bfe5) c.j     pc - 8
core   0: 3 0x8000948e (0xbfe5)
core   0: 0x80009486 (0x00002f17) auipc   t5, 0x2
core   0: 3 0x80009486 (0x00002f17) x30 0x8000b486
core   0: 0x8000948a (0xb63f2d23) sw      gp, -1158(t5)
core   0: 3 0x8000948a (0xb63f2d23) mem 0x8000b000 0x00000001
core   0: 0x8000948e (0x0000bfe5) c.j     pc - 8
core   0: 3 0x8000948e (0xbfe5)
core   0: 0x80009486 (0x00002f17) auipc   t5, 0x2
core   0: 3 0x80009486 (0x00002f17) x30 0x8000b486
core   0: 0x8000948a (0xb63f2d23) sw      gp, -1158(t5)
core   0: 3 0x8000948a (0xb63f2d23) mem 0x8000b000 0x00000001
core   0: 0x8000948e (0x0000bfe5) c.j     pc - 8
core   0: 3 0x8000948e (0xbfe5)
core   0: 0x80009486 (0x00002f17) auipc   t5, 0x2
core   0: 3 0x80009486 (0x00002f17) x30 0x8000b486
core   0: 0x8000948a (0xb63f2d23) sw      gp, -1158(t5)
core   0: 3 0x8000948a (0xb63f2d23) mem 0x8000b000 0x00000001
core   0: 0x8000948e (0x0000bfe5) c.j     pc - 8
core   0: 3 0x8000948e (0xbfe5)
core   0: 0x80009486 (0x00002f17) auipc   t5, 0x2
core   0: 3 0x80009486 (0x00002f17) x30 0x8000b486
core   0: 0x8000948a (0xb63f2d23) sw      gp, -1158(t5)
core   0: 3 0x8000948a (0xb63f2d23) mem 0x8000b000 0x00000001
core   0: 0x8000948e (0x0000bfe5) c.j     pc - 8
core   0: 3 0x8000948e (0xbfe5)
core   0: 0x80009486 (0x00002f17) auipc   t5, 0x2
core   0: 3 0x80009486 (0x00002f17) x30 0x8000b486
core   0: 0x8000948a (0xb63f2d23) sw      gp, -1158(t5)
core   0: 3 0x8000948a (0xb63f2d23) mem 0x8000b000 0x00000001
core   0: 0x8000948e (0x0000bfe5) c.j     pc - 8
core   0: 3 0x8000948e (0xbfe5)
core   0: 0x80009486 (0x00002f17) auipc   t5, 0x2
core   0: 3 0x80009486 (0x00002f17) x30 0x8000b486
core   0: 0x8000948a (0xb63f2d23) sw      gp, -1158(t5)
core   0: 3 0x8000948a (0xb63f2d23) mem 0x8000b000 0x00000001
core   0: 0x8000948e (0x0000bfe5) c.j     pc - 8
core   0: 3 0x8000948e (0xbfe5)
core   0: 0x80009486 (0x00002f17) auipc   t5, 0x2
core   0: 3 0x80009486 (0x00002f17) x30 0x8000b486
core   0: 0x8000948a (0xb63f2d23) sw      gp, -1158(t5)
core   0: 3 0x8000948a (0xb63f2d23) mem 0x8000b000 0x00000001
core   0: 0x8000948e (0x0000bfe5) c.j     pc - 8
core   0: 3 0x8000948e (0xbfe5)
core   0: 0x80009486 (0x00002f17) auipc   t5, 0x2
core   0: 3 0x80009486 (0x00002f17) x30 0x8000b486
core   0: 0x8000948a (0xb63f2d23) sw      gp, -1158(t5)
core   0: 3 0x8000948a (0xb63f2d23) mem 0x8000b000 0x00000001
core   0: 0x8000948e (0x0000bfe5) c.j     pc - 8
core   0: 3 0x8000948e (0xbfe5)
core   0: 0x80009486 (0x00002f17) auipc   t5, 0x2
core   0: 3 0x80009486 (0x00002f17) x30 0x8000b486
core   0: 0x8000948a (0xb63f2d23) sw      gp, -1158(t5)
core   0: 3 0x8000948a (0xb63f2d23) mem 0x8000b000 0x00000001
core   0: 0x8000948e (0x0000bfe5) c.j     pc - 8
core   0: 3 0x8000948e (0xbfe5)
core   0: 0x80009486 (0x00002f17) auipc   t5, 0x2
core   0: 3 0x80009486 (0x00002f17) x30 0x8000b486
core   0: 0x8000948a (0xb63f2d23) sw      gp, -1158(t5)
core   0: 3 0x8000948a (0xb63f2d23) mem 0x8000b000 0x00000001
core   0: 0x8000948e (0x0000bfe5) c.j     pc - 8
core   0: 3 0x8000948e (0xbfe5)
core   0: 0x80009486 (0x00002f17) auipc   t5, 0x2
core   0: 3 0x80009486 (0x00002f17) x30 0x8000b486
core   0: 0x8000948a (0xb63f2d23) sw      gp, -1158(t5)
core   0: 3 0x8000948a (0xb63f2d23) mem 0x8000b000 0x00000001
core   0: 0x8000948e (0x0000bfe5) c.j     pc - 8
core   0: 3 0x8000948e (0xbfe5)
core   0: 0x80009486 (0x00002f17) auipc   t5, 0x2
core   0: 3 0x80009486 (0x00002f17) x30 0x8000b486
core   0: 0x8000948a (0xb63f2d23) sw      gp, -1158(t5)
core   0: 3 0x8000948a (0xb63f2d23) mem 0x8000b000 0x00000001
core   0: 0x8000948e (0x0000bfe5) c.j     pc - 8
core   0: 3 0x8000948e (0xbfe5)
core   0: 0x80009486 (0x00002f17) auipc   t5, 0x2
core   0: 3 0x80009486 (0x00002f17) x30 0x8000b486
core   0: 0x8000948a (0xb63f2d23) sw      gp, -1158(t5)
core   0: 3 0x8000948a (0xb63f2d23) mem 0x8000b000 0x00000001
core   0: 0x8000948e (0x0000bfe5) c.j     pc - 8
core   0: 3 0x8000948e (0xbfe5)
core   0: 0x80009486 (0x00002f17) auipc   t5, 0x2
core   0: 3 0x80009486 (0x00002f17) x30 0x8000b486
core   0: 0x8000948a (0xb63f2d23) sw      gp, -1158(t5)
core   0: 3 0x8000948a (0xb63f2d23) mem 0x8000b000 0x00000001
core   0: 0x8000948e (0x0000bfe5) c.j     pc - 8
core   0: 3 0x8000948e (0xbfe5)
core   0: 0x80009486 (0x00002f17) auipc   t5, 0x2
core   0: 3 0x80009486 (0x00002f17) x30 0x8000b486
core   0: 0x8000948a (0xb63f2d23) sw      gp, -1158(t5)
core   0: 3 0x8000948a (0xb63f2d23) mem 0x8000b000 0x00000001
core   0: 0x8000948e (0x0000bfe5) c.j     pc - 8
core   0: 3 0x8000948e (0xbfe5)
core   0: 0x80009486 (0x00002f17) auipc   t5, 0x2
core   0: 3 0x80009486 (0x00002f17) x30 0x8000b486
core   0: 0x8000948a (0xb63f2d23) sw      gp, -1158(t5)
core   0: 3 0x8000948a (0xb63f2d23) mem 0x8000b000 0x00000001
core   0: 0x8000948e (0x0000bfe5) c.j     pc - 8
core   0: 3 0x8000948e (0xbfe5)
core   0: 0x80009486 (0x00002f17) auipc   t5, 0x2
core   0: 3 0x80009486 (0x00002f17) x30 0x8000b486
core   0: 0x8000948a (0xb63f2d23) sw      gp, -1158(t5)
core   0: 3 0x8000948a (0xb63f2d23) mem 0x8000b000 0x00000001
core   0: 0x8000948e (0x0000bfe5) c.j     pc - 8
core   0: 3 0x8000948e (0xbfe5)
core   0: 0x80009486 (0x00002f17) auipc   t5, 0x2
core   0: 3 0x80009486 (0x00002f17) x30 0x8000b486
core   0: 0x8000948a (0xb63f2d23) sw      gp, -1158(t5)
core   0: 3 0x8000948a (0xb63f2d23) mem 0x8000b000 0x00000001
core   0: 0x8000948e (0x0000bfe5) c.j     pc - 8
core   0: 3 0x8000948e (0xbfe5)
core   0: 0x80009486 (0x00002f17) auipc   t5, 0x2
core   0: 3 0x80009486 (0x00002f17) x30 0x8000b486
core   0: 0x8000948a (0xb63f2d23) sw      gp, -1158(t5)
core   0: 3 0x8000948a (0xb63f2d23) mem 0x8000b000 0x00000001
core   0: 0x8000948e (0x0000bfe5) c.j     pc - 8
core   0: 3 0x8000948e (0xbfe5)
core   0: 0x80009486 (0x00002f17) auipc   t5, 0x2
core   0: 3 0x80009486 (0x00002f17) x30 0x8000b486
core   0: 0x8000948a (0xb63f2d23) sw      gp, -1158(t5)
core   0: 3 0x8000948a (0xb63f2d23) mem 0x8000b000 0x00000001
core   0: 0x8000948e (0x0000bfe5) c.j     pc - 8
core   0: 3 0x8000948e (0xbfe5)
core   0: 0x80009486 (0x00002f17) auipc   t5, 0x2
core   0: 3 0x80009486 (0x00002f17) x30 0x8000b486
core   0: 0x8000948a (0xb63f2d23) sw      gp, -1158(t5)
core   0: 3 0x8000948a (0xb63f2d23) mem 0x8000b000 0x00000001
core   0: 0x8000948e (0x0000bfe5) c.j     pc - 8
core   0: 3 0x8000948e (0xbfe5)
core   0: 0x80009486 (0x00002f17) auipc   t5, 0x2
core   0: 3 0x80009486 (0x00002f17) x30 0x8000b486
core   0: 0x8000948a (0xb63f2d23) sw      gp, -1158(t5)
core   0: 3 0x8000948a (0xb63f2d23) mem 0x8000b000 0x00000001
core   0: 0x8000948e (0x0000bfe5) c.j     pc - 8
core   0: 3 0x8000948e (0xbfe5)
core   0: 0x80009486 (0x00002f17) auipc   t5, 0x2
core   0: 3 0x80009486 (0x00002f17) x30 0x8000b486
core   0: 0x8000948a (0xb63f2d23) sw      gp, -1158(t5)
core   0: 3 0x8000948a (0xb63f2d23) mem 0x8000b000 0x00000001
core   0: 0x8000948e (0x0000bfe5) c.j     pc - 8
core   0: 3 0x8000948e (0xbfe5)
core   0: 0x80009486 (0x00002f17) auipc   t5, 0x2
core   0: 3 0x80009486 (0x00002f17) x30 0x8000b486
core   0: 0x8000948a (0xb63f2d23) sw      gp, -1158(t5)
core   0: 3 0x8000948a (0xb63f2d23) mem 0x8000b000 0x00000001
core   0: 0x8000948e (0x0000bfe5) c.j     pc - 8
core   0: 3 0x8000948e (0xbfe5)
core   0: 0x80009486 (0x00002f17) auipc   t5, 0x2
core   0: 3 0x80009486 (0x00002f17) x30 0x8000b486
core   0: 0x8000948a (0xb63f2d23) sw      gp, -1158(t5)
core   0: 3 0x8000948a (0xb63f2d23) mem 0x8000b000 0x00000001
core   0: 0x8000948e (0x0000bfe5) c.j     pc - 8
core   0: 3 0x8000948e (0xbfe5)
core   0: 0x80009486 (0x00002f17) auipc   t5, 0x2
core   0: 3 0x80009486 (0x00002f17) x30 0x8000b486
core   0: 0x8000948a (0xb63f2d23) sw      gp, -1158(t5)
core   0: 3 0x8000948a (0xb63f2d23) mem 0x8000b000 0x00000001
core   0: 0x8000948e (0x0000bfe5) c.j     pc - 8
core   0: 3 0x8000948e (0xbfe5)
core   0: 0x80009486 (0x00002f17) auipc   t5, 0x2
core   0: 3 0x80009486 (0x00002f17) x30 0x8000b486
core   0: 0x8000948a (0xb63f2d23) sw      gp, -1158(t5)
core   0: 3 0x8000948a (0xb63f2d23) mem 0x8000b000 0x00000001
core   0: 0x8000948e (0x0000bfe5) c.j     pc - 8
core   0: 3 0x8000948e (0xbfe5)
core   0: 0x80009486 (0x00002f17) auipc   t5, 0x2
core   0: 3 0x80009486 (0x00002f17) x30 0x8000b486
core   0: 0x8000948a (0xb63f2d23) sw      gp, -1158(t5)
core   0: 3 0x8000948a (0xb63f2d23) mem 0x8000b000 0x00000001
core   0: 0x8000948e (0x0000bfe5) c.j     pc - 8
core   0: 3 0x8000948e (0xbfe5)
core   0: 0x80009486 (0x00002f17) auipc   t5, 0x2
core   0: 3 0x80009486 (0x00002f17) x30 0x8000b486
core   0: 0x8000948a (0xb63f2d23) sw      gp, -1158(t5)
core   0: 3 0x8000948a (0xb63f2d23) mem 0x8000b000 0x00000001
core   0: 0x8000948e (0x0000bfe5) c.j     pc - 8
core   0: 3 0x8000948e (0xbfe5)
core   0: 0x80009486 (0x00002f17) auipc   t5, 0x2
core   0: 3 0x80009486 (0x00002f17) x30 0x8000b486
core   0: 0x8000948a (0xb63f2d23) sw      gp, -1158(t5)
core   0: 3 0x8000948a (0xb63f2d23) mem 0x8000b000 0x00000001
core   0: 0x8000948e (0x0000bfe5) c.j     pc - 8
core   0: 3 0x8000948e (0xbfe5)
core   0: 0x80009486 (0x00002f17) auipc   t5, 0x2
core   0: 3 0x80009486 (0x00002f17) x30 0x8000b486
core   0: 0x8000948a (0xb63f2d23) sw      gp, -1158(t5)
core   0: 3 0x8000948a (0xb63f2d23) mem 0x8000b000 0x00000001
core   0: 0x8000948e (0x0000bfe5) c.j     pc - 8
core   0: 3 0x8000948e (0xbfe5)
core   0: 0x80009486 (0x00002f17) auipc   t5, 0x2
core   0: 3 0x80009486 (0x00002f17) x30 0x8000b486
core   0: 0x8000948a (0xb63f2d23) sw      gp, -1158(t5)
core   0: 3 0x8000948a (0xb63f2d23) mem 0x8000b000 0x00000001
core   0: 0x8000948e (0x0000bfe5) c.j     pc - 8
core   0: 3 0x8000948e (0xbfe5)
core   0: 0x80009486 (0x00002f17) auipc   t5, 0x2
core   0: 3 0x80009486 (0x00002f17) x30 0x8000b486
core   0: 0x8000948a (0xb63f2d23) sw      gp, -1158(t5)
core   0: 3 0x8000948a (0xb63f2d23) mem 0x8000b000 0x00000001
core   0: 0x8000948e (0x0000bfe5) c.j     pc - 8
core   0: 3 0x8000948e (0xbfe5)
core   0: 0x80009486 (0x00002f17) auipc   t5, 0x2
core   0: 3 0x80009486 (0x00002f17) x30 0x8000b486
core   0: 0x8000948a (0xb63f2d23) sw      gp, -1158(t5)
core   0: 3 0x8000948a (0xb63f2d23) mem 0x8000b000 0x00000001
core   0: 0x8000948e (0x0000bfe5) c.j     pc - 8
core   0: 3 0x8000948e (0xbfe5)
core   0: 0x80009486 (0x00002f17) auipc   t5, 0x2
core   0: 3 0x80009486 (0x00002f17) x30 0x8000b486
core   0: 0x8000948a (0xb63f2d23) sw      gp, -1158(t5)
core   0: 3 0x8000948a (0xb63f2d23) mem 0x8000b000 0x00000001
core   0: 0x8000948e (0x0000bfe5) c.j     pc - 8
core   0: 3 0x8000948e (0xbfe5)
core   0: 0x80009486 (0x00002f17) auipc   t5, 0x2
core   0: 3 0x80009486 (0x00002f17) x30 0x8000b486
core   0: 0x8000948a (0xb63f2d23) sw      gp, -1158(t5)
core   0: 3 0x8000948a (0xb63f2d23) mem 0x8000b000 0x00000001
core   0: 0x8000948e (0x0000bfe5) c.j     pc - 8
core   0: 3 0x8000948e (0xbfe5)
core   0: 0x80009486 (0x00002f17) auipc   t5, 0x2
core   0: 3 0x80009486 (0x00002f17) x30 0x8000b486
core   0: 0x8000948a (0xb63f2d23) sw      gp, -1158(t5)
core   0: 3 0x8000948a (0xb63f2d23) mem 0x8000b000 0x00000001
core   0: 0x8000948e (0x0000bfe5) c.j     pc - 8
core   0: 3 0x8000948e (0xbfe5)
core   0: 0x80009486 (0x00002f17) auipc   t5, 0x2
core   0: 3 0x80009486 (0x00002f17) x30 0x8000b486
core   0: 0x8000948a (0xb63f2d23) sw      gp, -1158(t5)
core   0: 3 0x8000948a (0xb63f2d23) mem 0x8000b000 0x00000001
core   0: 0x8000948e (0x0000bfe5) c.j     pc - 8
core   0: 3 0x8000948e (0xbfe5)
core   0: 0x80009486 (0x00002f17) auipc   t5, 0x2
core   0: 3 0x80009486 (0x00002f17) x30 0x8000b486
core   0: 0x8000948a (0xb63f2d23) sw      gp, -1158(t5)
core   0: 3 0x8000948a (0xb63f2d23) mem 0x8000b000 0x00000001
core   0: 0x8000948e (0x0000bfe5) c.j     pc - 8
core   0: 3 0x8000948e (0xbfe5)
core   0: 0x80009486 (0x00002f17) auipc   t5, 0x2
core   0: 3 0x80009486 (0x00002f17) x30 0x8000b486
core   0: 0x8000948a (0xb63f2d23) sw      gp, -1158(t5)
core   0: 3 0x8000948a (0xb63f2d23) mem 0x8000b000 0x00000001
core   0: 0x8000948e (0x0000bfe5) c.j     pc - 8
core   0: 3 0x8000948e (0xbfe5)
core   0: 0x80009486 (0x00002f17) auipc   t5, 0x2
core   0: 3 0x80009486 (0x00002f17) x30 0x8000b486
core   0: 0x8000948a (0xb63f2d23) sw      gp, -1158(t5)
core   0: 3 0x8000948a (0xb63f2d23) mem 0x8000b000 0x00000001
core   0: 0x8000948e (0x0000bfe5) c.j     pc - 8
core   0: 3 0x8000948e (0xbfe5)
core   0: 0x80009486 (0x00002f17) auipc   t5, 0x2
core   0: 3 0x80009486 (0x00002f17) x30 0x8000b486
core   0: 0x8000948a (0xb63f2d23) sw      gp, -1158(t5)
core   0: 3 0x8000948a (0xb63f2d23) mem 0x8000b000 0x00000001
core   0: 0x8000948e (0x0000bfe5) c.j     pc - 8
core   0: 3 0x8000948e (0xbfe5)
core   0: 0x80009486 (0x00002f17) auipc   t5, 0x2
core   0: 3 0x80009486 (0x00002f17) x30 0x8000b486
core   0: 0x8000948a (0xb63f2d23) sw      gp, -1158(t5)
core   0: 3 0x8000948a (0xb63f2d23) mem 0x8000b000 0x00000001
core   0: 0x8000948e (0x0000bfe5) c.j     pc - 8
core   0: 3 0x8000948e (0xbfe5)
core   0: 0x80009486 (0x00002f17) auipc   t5, 0x2
core   0: 3 0x80009486 (0x00002f17) x30 0x8000b486
core   0: 0x8000948a (0xb63f2d23) sw      gp, -1158(t5)
core   0: 3 0x8000948a (0xb63f2d23) mem 0x8000b000 0x00000001
core   0: 0x8000948e (0x0000bfe5) c.j     pc - 8
core   0: 3 0x8000948e (0xbfe5)
core   0: 0x80009486 (0x00002f17) auipc   t5, 0x2
core   0: 3 0x80009486 (0x00002f17) x30 0x8000b486
core   0: 0x8000948a (0xb63f2d23) sw      gp, -1158(t5)
core   0: 3 0x8000948a (0xb63f2d23) mem 0x8000b000 0x00000001
core   0: 0x8000948e (0x0000bfe5) c.j     pc - 8
core   0: 3 0x8000948e (0xbfe5)
core   0: 0x80009486 (0x00002f17) auipc   t5, 0x2
core   0: 3 0x80009486 (0x00002f17) x30 0x8000b486
core   0: 0x8000948a (0xb63f2d23) sw      gp, -1158(t5)
core   0: 3 0x8000948a (0xb63f2d23) mem 0x8000b000 0x00000001
core   0: 0x8000948e (0x0000bfe5) c.j     pc - 8
core   0: 3 0x8000948e (0xbfe5)
core   0: 0x80009486 (0x00002f17) auipc   t5, 0x2
core   0: 3 0x80009486 (0x00002f17) x30 0x8000b486
core   0: 0x8000948a (0xb63f2d23) sw      gp, -1158(t5)
core   0: 3 0x8000948a (0xb63f2d23) mem 0x8000b000 0x00000001
core   0: 0x8000948e (0x0000bfe5) c.j     pc - 8
core   0: 3 0x8000948e (0xbfe5)
core   0: 0x80009486 (0x00002f17) auipc   t5, 0x2
core   0: 3 0x80009486 (0x00002f17) x30 0x8000b486
core   0: 0x8000948a (0xb63f2d23) sw      gp, -1158(t5)
core   0: 3 0x8000948a (0xb63f2d23) mem 0x8000b000 0x00000001
core   0: 0x8000948e (0x0000bfe5) c.j     pc - 8
core   0: 3 0x8000948e (0xbfe5)
core   0: 0x80009486 (0x00002f17) auipc   t5, 0x2
core   0: 3 0x80009486 (0x00002f17) x30 0x8000b486
core   0: 0x8000948a (0xb63f2d23) sw      gp, -1158(t5)
core   0: 3 0x8000948a (0xb63f2d23) mem 0x8000b000 0x00000001
core   0: 0x8000948e (0x0000bfe5) c.j     pc - 8
core   0: 3 0x8000948e (0xbfe5)
core   0: 0x80009486 (0x00002f17) auipc   t5, 0x2
core   0: 3 0x80009486 (0x00002f17) x30 0x8000b486
core   0: 0x8000948a (0xb63f2d23) sw      gp, -1158(t5)
core   0: 3 0x8000948a (0xb63f2d23) mem 0x8000b000 0x00000001
core   0: 0x8000948e (0x0000bfe5) c.j     pc - 8
core   0: 3 0x8000948e (0xbfe5)
core   0: 0x80009486 (0x00002f17) auipc   t5, 0x2
core   0: 3 0x80009486 (0x00002f17) x30 0x8000b486
core   0: 0x8000948a (0xb63f2d23) sw      gp, -1158(t5)
core   0: 3 0x8000948a (0xb63f2d23) mem 0x8000b000 0x00000001
core   0: 0x8000948e (0x0000bfe5) c.j     pc - 8
core   0: 3 0x8000948e (0xbfe5)
core   0: 0x80009486 (0x00002f17) auipc   t5, 0x2
core   0: 3 0x80009486 (0x00002f17) x30 0x8000b486
core   0: 0x8000948a (0xb63f2d23) sw      gp, -1158(t5)
core   0: 3 0x8000948a (0xb63f2d23) mem 0x8000b000 0x00000001
core   0: 0x8000948e (0x0000bfe5) c.j     pc - 8
core   0: 3 0x8000948e (0xbfe5)
core   0: 0x80009486 (0x00002f17) auipc   t5, 0x2
core   0: 3 0x80009486 (0x00002f17) x30 0x8000b486
core   0: 0x8000948a (0xb63f2d23) sw      gp, -1158(t5)
core   0: 3 0x8000948a (0xb63f2d23) mem 0x8000b000 0x00000001
core   0: 0x8000948e (0x0000bfe5) c.j     pc - 8
core   0: 3 0x8000948e (0xbfe5)
core   0: 0x80009486 (0x00002f17) auipc   t5, 0x2
core   0: 3 0x80009486 (0x00002f17) x30 0x8000b486
core   0: 0x8000948a (0xb63f2d23) sw      gp, -1158(t5)
core   0: 3 0x8000948a (0xb63f2d23) mem 0x8000b000 0x00000001
core   0: 0x8000948e (0x0000bfe5) c.j     pc - 8
core   0: 3 0x8000948e (0xbfe5)
core   0: 0x80009486 (0x00002f17) auipc   t5, 0x2
core   0: 3 0x80009486 (0x00002f17) x30 0x8000b486
core   0: 0x8000948a (0xb63f2d23) sw      gp, -1158(t5)
core   0: 3 0x8000948a (0xb63f2d23) mem 0x8000b000 0x00000001
core   0: 0x8000948e (0x0000bfe5) c.j     pc - 8
core   0: 3 0x8000948e (0xbfe5)
core   0: 0x80009486 (0x00002f17) auipc   t5, 0x2
core   0: 3 0x80009486 (0x00002f17) x30 0x8000b486
core   0: 0x8000948a (0xb63f2d23) sw      gp, -1158(t5)
core   0: 3 0x8000948a (0xb63f2d23) mem 0x8000b000 0x00000001
core   0: 0x8000948e (0x0000bfe5) c.j     pc - 8
core   0: 3 0x8000948e (0xbfe5)
core   0: 0x80009486 (0x00002f17) auipc   t5, 0x2
core   0: 3 0x80009486 (0x00002f17) x30 0x8000b486
core   0: 0x8000948a (0xb63f2d23) sw      gp, -1158(t5)
core   0: 3 0x8000948a (0xb63f2d23) mem 0x8000b000 0x00000001
core   0: 0x8000948e (0x0000bfe5) c.j     pc - 8
core   0: 3 0x8000948e (0xbfe5)
core   0: 0x80009486 (0x00002f17) auipc   t5, 0x2
core   0: 3 0x80009486 (0x00002f17) x30 0x8000b486
core   0: 0x8000948a (0xb63f2d23) sw      gp, -1158(t5)
core   0: 3 0x8000948a (0xb63f2d23) mem 0x8000b000 0x00000001
core   0: 0x8000948e (0x0000bfe5) c.j     pc - 8
core   0: 3 0x8000948e (0xbfe5)
core   0: 0x80009486 (0x00002f17) auipc   t5, 0x2
core   0: 3 0x80009486 (0x00002f17) x30 0x8000b486
core   0: 0x8000948a (0xb63f2d23) sw      gp, -1158(t5)
core   0: 3 0x8000948a (0xb63f2d23) mem 0x8000b000 0x00000001
core   0: 0x8000948e (0x0000bfe5) c.j     pc - 8
core   0: 3 0x8000948e (0xbfe5)
core   0: 0x80009486 (0x00002f17) auipc   t5, 0x2
core   0: 3 0x80009486 (0x00002f17) x30 0x8000b486
core   0: 0x8000948a (0xb63f2d23) sw      gp, -1158(t5)
core   0: 3 0x8000948a (0xb63f2d23) mem 0x8000b000 0x00000001
core   0: 0x8000948e (0x0000bfe5) c.j     pc - 8
core   0: 3 0x8000948e (0xbfe5)
core   0: 0x80009486 (0x00002f17) auipc   t5, 0x2
core   0: 3 0x80009486 (0x00002f17) x30 0x8000b486
core   0: 0x8000948a (0xb63f2d23) sw      gp, -1158(t5)
core   0: 3 0x8000948a (0xb63f2d23) mem 0x8000b000 0x00000001
core   0: 0x8000948e (0x0000bfe5) c.j     pc - 8
core   0: 3 0x8000948e (0xbfe5)
core   0: 0x80009486 (0x00002f17) auipc   t5, 0x2
core   0: 3 0x80009486 (0x00002f17) x30 0x8000b486
core   0: 0x8000948a (0xb63f2d23) sw      gp, -1158(t5)
core   0: 3 0x8000948a (0xb63f2d23) mem 0x8000b000 0x00000001
core   0: 0x8000948e (0x0000bfe5) c.j     pc - 8
core   0: 3 0x8000948e (0xbfe5)
core   0: 0x80009486 (0x00002f17) auipc   t5, 0x2
core   0: 3 0x80009486 (0x00002f17) x30 0x8000b486
core   0: 0x8000948a (0xb63f2d23) sw      gp, -1158(t5)
core   0: 3 0x8000948a (0xb63f2d23) mem 0x8000b000 0x00000001
core   0: 0x8000948e (0x0000bfe5) c.j     pc - 8
core   0: 3 0x8000948e (0xbfe5)
core   0: 0x80009486 (0x00002f17) auipc   t5, 0x2
core   0: 3 0x80009486 (0x00002f17) x30 0x8000b486
core   0: 0x8000948a (0xb63f2d23) sw      gp, -1158(t5)
core   0: 3 0x8000948a (0xb63f2d23) mem 0x8000b000 0x00000001
core   0: 0x8000948e (0x0000bfe5) c.j     pc - 8
core   0: 3 0x8000948e (0xbfe5)
core   0: 0x80009486 (0x00002f17) auipc   t5, 0x2
core   0: 3 0x80009486 (0x00002f17) x30 0x8000b486
core   0: 0x8000948a (0xb63f2d23) sw      gp, -1158(t5)
core   0: 3 0x8000948a (0xb63f2d23) mem 0x8000b000 0x00000001
core   0: 0x8000948e (0x0000bfe5) c.j     pc - 8
core   0: 3 0x8000948e (0xbfe5)
core   0: 0x80009486 (0x00002f17) auipc   t5, 0x2
core   0: 3 0x80009486 (0x00002f17) x30 0x8000b486
core   0: 0x8000948a (0xb63f2d23) sw      gp, -1158(t5)
core   0: 3 0x8000948a (0xb63f2d23) mem 0x8000b000 0x00000001
core   0: 0x8000948e (0x0000bfe5) c.j     pc - 8
core   0: 3 0x8000948e (0xbfe5)
core   0: 0x80009486 (0x00002f17) auipc   t5, 0x2
core   0: 3 0x80009486 (0x00002f17) x30 0x8000b486
core   0: 0x8000948a (0xb63f2d23) sw      gp, -1158(t5)
core   0: 3 0x8000948a (0xb63f2d23) mem 0x8000b000 0x00000001
core   0: 0x8000948e (0x0000bfe5) c.j     pc - 8
core   0: 3 0x8000948e (0xbfe5)
core   0: 0x80009486 (0x00002f17) auipc   t5, 0x2
core   0: 3 0x80009486 (0x00002f17) x30 0x8000b486
core   0: 0x8000948a (0xb63f2d23) sw      gp, -1158(t5)
core   0: 3 0x8000948a (0xb63f2d23) mem 0x8000b000 0x00000001
core   0: 0x8000948e (0x0000bfe5) c.j     pc - 8
core   0: 3 0x8000948e (0xbfe5)
core   0: 0x80009486 (0x00002f17) auipc   t5, 0x2
core   0: 3 0x80009486 (0x00002f17) x30 0x8000b486
core   0: 0x8000948a (0xb63f2d23) sw      gp, -1158(t5)
core   0: 3 0x8000948a (0xb63f2d23) mem 0x8000b000 0x00000001
core   0: 0x8000948e (0x0000bfe5) c.j     pc - 8
core   0: 3 0x8000948e (0xbfe5)
core   0: 0x80009486 (0x00002f17) auipc   t5, 0x2
core   0: 3 0x80009486 (0x00002f17) x30 0x8000b486
core   0: 0x8000948a (0xb63f2d23) sw      gp, -1158(t5)
core   0: 3 0x8000948a (0xb63f2d23) mem 0x8000b000 0x00000001
core   0: 0x8000948e (0x0000bfe5) c.j     pc - 8
core   0: 3 0x8000948e (0xbfe5)
core   0: 0x80009486 (0x00002f17) auipc   t5, 0x2
core   0: 3 0x80009486 (0x00002f17) x30 0x8000b486
core   0: 0x8000948a (0xb63f2d23) sw      gp, -1158(t5)
core   0: 3 0x8000948a (0xb63f2d23) mem 0x8000b000 0x00000001
core   0: 0x8000948e (0x0000bfe5) c.j     pc - 8
core   0: 3 0x8000948e (0xbfe5)
core   0: 0x80009486 (0x00002f17) auipc   t5, 0x2
core   0: 3 0x80009486 (0x00002f17) x30 0x8000b486
core   0: 0x8000948a (0xb63f2d23) sw      gp, -1158(t5)
core   0: 3 0x8000948a (0xb63f2d23) mem 0x8000b000 0x00000001
core   0: 0x8000948e (0x0000bfe5) c.j     pc - 8
core   0: 3 0x8000948e (0xbfe5)
core   0: 0x80009486 (0x00002f17) auipc   t5, 0x2
core   0: 3 0x80009486 (0x00002f17) x30 0x8000b486
core   0: 0x8000948a (0xb63f2d23) sw      gp, -1158(t5)
core   0: 3 0x8000948a (0xb63f2d23) mem 0x8000b000 0x00000001
core   0: 0x8000948e (0x0000bfe5) c.j     pc - 8
core   0: 3 0x8000948e (0xbfe5)
core   0: 0x80009486 (0x00002f17) auipc   t5, 0x2
core   0: 3 0x80009486 (0x00002f17) x30 0x8000b486
core   0: 0x8000948a (0xb63f2d23) sw      gp, -1158(t5)
core   0: 3 0x8000948a (0xb63f2d23) mem 0x8000b000 0x00000001
core   0: 0x8000948e (0x0000bfe5) c.j     pc - 8
core   0: 3 0x8000948e (0xbfe5)
core   0: 0x80009486 (0x00002f17) auipc   t5, 0x2
core   0: 3 0x80009486 (0x00002f17) x30 0x8000b486
core   0: 0x8000948a (0xb63f2d23) sw      gp, -1158(t5)
core   0: 3 0x8000948a (0xb63f2d23) mem 0x8000b000 0x00000001
core   0: 0x8000948e (0x0000bfe5) c.j     pc - 8
core   0: 3 0x8000948e (0xbfe5)
core   0: 0x80009486 (0x00002f17) auipc   t5, 0x2
core   0: 3 0x80009486 (0x00002f17) x30 0x8000b486
core   0: 0x8000948a (0xb63f2d23) sw      gp, -1158(t5)
core   0: 3 0x8000948a (0xb63f2d23) mem 0x8000b000 0x00000001
core   0: 0x8000948e (0x0000bfe5) c.j     pc - 8
core   0: 3 0x8000948e (0xbfe5)
core   0: 0x80009486 (0x00002f17) auipc   t5, 0x2
core   0: 3 0x80009486 (0x00002f17) x30 0x8000b486
core   0: 0x8000948a (0xb63f2d23) sw      gp, -1158(t5)
core   0: 3 0x8000948a (0xb63f2d23) mem 0x8000b000 0x00000001
core   0: 0x8000948e (0x0000bfe5) c.j     pc - 8
core   0: 3 0x8000948e (0xbfe5)
core   0: 0x80009486 (0x00002f17) auipc   t5, 0x2
core   0: 3 0x80009486 (0x00002f17) x30 0x8000b486
core   0: 0x8000948a (0xb63f2d23) sw      gp, -1158(t5)
core   0: 3 0x8000948a (0xb63f2d23) mem 0x8000b000 0x00000001
core   0: 0x8000948e (0x0000bfe5) c.j     pc - 8
core   0: 3 0x8000948e (0xbfe5)
core   0: 0x80009486 (0x00002f17) auipc   t5, 0x2
core   0: 3 0x80009486 (0x00002f17) x30 0x8000b486
core   0: 0x8000948a (0xb63f2d23) sw      gp, -1158(t5)
core   0: 3 0x8000948a (0xb63f2d23) mem 0x8000b000 0x00000001
core   0: 0x8000948e (0x0000bfe5) c.j     pc - 8
core   0: 3 0x8000948e (0xbfe5)
core   0: 0x80009486 (0x00002f17) auipc   t5, 0x2
core   0: 3 0x80009486 (0x00002f17) x30 0x8000b486
core   0: 0x8000948a (0xb63f2d23) sw      gp, -1158(t5)
core   0: 3 0x8000948a (0xb63f2d23) mem 0x8000b000 0x00000001
core   0: 0x8000948e (0x0000bfe5) c.j     pc - 8
core   0: 3 0x8000948e (0xbfe5)
core   0: 0x80009486 (0x00002f17) auipc   t5, 0x2
core   0: 3 0x80009486 (0x00002f17) x30 0x8000b486
core   0: 0x8000948a (0xb63f2d23) sw      gp, -1158(t5)
core   0: 3 0x8000948a (0xb63f2d23) mem 0x8000b000 0x00000001
core   0: 0x8000948e (0x0000bfe5) c.j     pc - 8
core   0: 3 0x8000948e (0xbfe5)
core   0: 0x80009486 (0x00002f17) auipc   t5, 0x2
core   0: 3 0x80009486 (0x00002f17) x30 0x8000b486
core   0: 0x8000948a (0xb63f2d23) sw      gp, -1158(t5)
core   0: 3 0x8000948a (0xb63f2d23) mem 0x8000b000 0x00000001
core   0: 0x8000948e (0x0000bfe5) c.j     pc - 8
core   0: 3 0x8000948e (0xbfe5)
core   0: 0x80009486 (0x00002f17) auipc   t5, 0x2
core   0: 3 0x80009486 (0x00002f17) x30 0x8000b486
core   0: 0x8000948a (0xb63f2d23) sw      gp, -1158(t5)
core   0: 3 0x8000948a (0xb63f2d23) mem 0x8000b000 0x00000001
core   0: 0x8000948e (0x0000bfe5) c.j     pc - 8
core   0: 3 0x8000948e (0xbfe5)
core   0: 0x80009486 (0x00002f17) auipc   t5, 0x2
core   0: 3 0x80009486 (0x00002f17) x30 0x8000b486
core   0: 0x8000948a (0xb63f2d23) sw      gp, -1158(t5)
core   0: 3 0x8000948a (0xb63f2d23) mem 0x8000b000 0x00000001
core   0: 0x8000948e (0x0000bfe5) c.j     pc - 8
core   0: 3 0x8000948e (0xbfe5)
core   0: 0x80009486 (0x00002f17) auipc   t5, 0x2
core   0: 3 0x80009486 (0x00002f17) x30 0x8000b486
core   0: 0x8000948a (0xb63f2d23) sw      gp, -1158(t5)
core   0: 3 0x8000948a (0xb63f2d23) mem 0x8000b000 0x00000001
core   0: 0x8000948e (0x0000bfe5) c.j     pc - 8
core   0: 3 0x8000948e (0xbfe5)
core   0: 0x80009486 (0x00002f17) auipc   t5, 0x2
core   0: 3 0x80009486 (0x00002f17) x30 0x8000b486
core   0: 0x8000948a (0xb63f2d23) sw      gp, -1158(t5)
core   0: 3 0x8000948a (0xb63f2d23) mem 0x8000b000 0x00000001
core   0: 0x8000948e (0x0000bfe5) c.j     pc - 8
core   0: 3 0x8000948e (0xbfe5)
core   0: 0x80009486 (0x00002f17) auipc   t5, 0x2
core   0: 3 0x80009486 (0x00002f17) x30 0x8000b486
core   0: 0x8000948a (0xb63f2d23) sw      gp, -1158(t5)
core   0: 3 0x8000948a (0xb63f2d23) mem 0x8000b000 0x00000001
core   0: 0x8000948e (0x0000bfe5) c.j     pc - 8
core   0: 3 0x8000948e (0xbfe5)
core   0: 0x80009486 (0x00002f17) auipc   t5, 0x2
core   0: 3 0x80009486 (0x00002f17) x30 0x8000b486
core   0: 0x8000948a (0xb63f2d23) sw      gp, -1158(t5)
core   0: 3 0x8000948a (0xb63f2d23) mem 0x8000b000 0x00000001
core   0: 0x8000948e (0x0000bfe5) c.j     pc - 8
core   0: 3 0x8000948e (0xbfe5)
core   0: 0x80009486 (0x00002f17) auipc   t5, 0x2
core   0: 3 0x80009486 (0x00002f17) x30 0x8000b486
core   0: 0x8000948a (0xb63f2d23) sw      gp, -1158(t5)
core   0: 3 0x8000948a (0xb63f2d23) mem 0x8000b000 0x00000001
core   0: 0x8000948e (0x0000bfe5) c.j     pc - 8
core   0: 3 0x8000948e (0xbfe5)
core   0: 0x80009486 (0x00002f17) auipc   t5, 0x2
core   0: 3 0x80009486 (0x00002f17) x30 0x8000b486
core   0: 0x8000948a (0xb63f2d23) sw      gp, -1158(t5)
core   0: 3 0x8000948a (0xb63f2d23) mem 0x8000b000 0x00000001
core   0: 0x8000948e (0x0000bfe5) c.j     pc - 8
core   0: 3 0x8000948e (0xbfe5)
core   0: 0x80009486 (0x00002f17) auipc   t5, 0x2
core   0: 3 0x80009486 (0x00002f17) x30 0x8000b486
core   0: 0x8000948a (0xb63f2d23) sw      gp, -1158(t5)
core   0: 3 0x8000948a (0xb63f2d23) mem 0x8000b000 0x00000001
core   0: 0x8000948e (0x0000bfe5) c.j     pc - 8
core   0: 3 0x8000948e (0xbfe5)
core   0: 0x80009486 (0x00002f17) auipc   t5, 0x2
core   0: 3 0x80009486 (0x00002f17) x30 0x8000b486
core   0: 0x8000948a (0xb63f2d23) sw      gp, -1158(t5)
core   0: 3 0x8000948a (0xb63f2d23) mem 0x8000b000 0x00000001
core   0: 0x8000948e (0x0000bfe5) c.j     pc - 8
core   0: 3 0x8000948e (0xbfe5)
core   0: 0x80009486 (0x00002f17) auipc   t5, 0x2
core   0: 3 0x80009486 (0x00002f17) x30 0x8000b486
core   0: 0x8000948a (0xb63f2d23) sw      gp, -1158(t5)
core   0: 3 0x8000948a (0xb63f2d23) mem 0x8000b000 0x00000001
core   0: 0x8000948e (0x0000bfe5) c.j     pc - 8
core   0: 3 0x8000948e (0xbfe5)
core   0: 0x80009486 (0x00002f17) auipc   t5, 0x2
core   0: 3 0x80009486 (0x00002f17) x30 0x8000b486
core   0: 0x8000948a (0xb63f2d23) sw      gp, -1158(t5)
core   0: 3 0x8000948a (0xb63f2d23) mem 0x8000b000 0x00000001
core   0: 0x8000948e (0x0000bfe5) c.j     pc - 8
core   0: 3 0x8000948e (0xbfe5)
core   0: 0x80009486 (0x00002f17) auipc   t5, 0x2
core   0: 3 0x80009486 (0x00002f17) x30 0x8000b486
core   0: 0x8000948a (0xb63f2d23) sw      gp, -1158(t5)
core   0: 3 0x8000948a (0xb63f2d23) mem 0x8000b000 0x00000001
core   0: 0x8000948e (0x0000bfe5) c.j     pc - 8
core   0: 3 0x8000948e (0xbfe5)
core   0: 0x80009486 (0x00002f17) auipc   t5, 0x2
core   0: 3 0x80009486 (0x00002f17) x30 0x8000b486
core   0: 0x8000948a (0xb63f2d23) sw      gp, -1158(t5)
core   0: 3 0x8000948a (0xb63f2d23) mem 0x8000b000 0x00000001
core   0: 0x8000948e (0x0000bfe5) c.j     pc - 8
core   0: 3 0x8000948e (0xbfe5)
core   0: 0x80009486 (0x00002f17) auipc   t5, 0x2
core   0: 3 0x80009486 (0x00002f17) x30 0x8000b486
core   0: 0x8000948a (0xb63f2d23) sw      gp, -1158(t5)
core   0: 3 0x8000948a (0xb63f2d23) mem 0x8000b000 0x00000001
core   0: 0x8000948e (0x0000bfe5) c.j     pc - 8
core   0: 3 0x8000948e (0xbfe5)
core   0: 0x80009486 (0x00002f17) auipc   t5, 0x2
core   0: 3 0x80009486 (0x00002f17) x30 0x8000b486
core   0: 0x8000948a (0xb63f2d23) sw      gp, -1158(t5)
core   0: 3 0x8000948a (0xb63f2d23) mem 0x8000b000 0x00000001
core   0: 0x8000948e (0x0000bfe5) c.j     pc - 8
core   0: 3 0x8000948e (0xbfe5)
core   0: 0x80009486 (0x00002f17) auipc   t5, 0x2
core   0: 3 0x80009486 (0x00002f17) x30 0x8000b486
core   0: 0x8000948a (0xb63f2d23) sw      gp, -1158(t5)
core   0: 3 0x8000948a (0xb63f2d23) mem 0x8000b000 0x00000001
core   0: 0x8000948e (0x0000bfe5) c.j     pc - 8
core   0: 3 0x8000948e (0xbfe5)
core   0: 0x80009486 (0x00002f17) auipc   t5, 0x2
core   0: 3 0x80009486 (0x00002f17) x30 0x8000b486
core   0: 0x8000948a (0xb63f2d23) sw      gp, -1158(t5)
core   0: 3 0x8000948a (0xb63f2d23) mem 0x8000b000 0x00000001
core   0: 0x8000948e (0x0000bfe5) c.j     pc - 8
core   0: 3 0x8000948e (0xbfe5)
core   0: 0x80009486 (0x00002f17) auipc   t5, 0x2
core   0: 3 0x80009486 (0x00002f17) x30 0x8000b486
core   0: 0x8000948a (0xb63f2d23) sw      gp, -1158(t5)
core   0: 3 0x8000948a (0xb63f2d23) mem 0x8000b000 0x00000001
core   0: 0x8000948e (0x0000bfe5) c.j     pc - 8
core   0: 3 0x8000948e (0xbfe5)
core   0: 0x80009486 (0x00002f17) auipc   t5, 0x2
core   0: 3 0x80009486 (0x00002f17) x30 0x8000b486
core   0: 0x8000948a (0xb63f2d23) sw      gp, -1158(t5)
core   0: 3 0x8000948a (0xb63f2d23) mem 0x8000b000 0x00000001
core   0: 0x8000948e (0x0000bfe5) c.j     pc - 8
core   0: 3 0x8000948e (0xbfe5)
core   0: 0x80009486 (0x00002f17) auipc   t5, 0x2
core   0: 3 0x80009486 (0x00002f17) x30 0x8000b486
core   0: 0x8000948a (0xb63f2d23) sw      gp, -1158(t5)
core   0: 3 0x8000948a (0xb63f2d23) mem 0x8000b000 0x00000001
core   0: 0x8000948e (0x0000bfe5) c.j     pc - 8
core   0: 3 0x8000948e (0xbfe5)
core   0: 0x80009486 (0x00002f17) auipc   t5, 0x2
core   0: 3 0x80009486 (0x00002f17) x30 0x8000b486
core   0: 0x8000948a (0xb63f2d23) sw      gp, -1158(t5)
core   0: 3 0x8000948a (0xb63f2d23) mem 0x8000b000 0x00000001
core   0: 0x8000948e (0x0000bfe5) c.j     pc - 8
core   0: 3 0x8000948e (0xbfe5)
core   0: 0x80009486 (0x00002f17) auipc   t5, 0x2
core   0: 3 0x80009486 (0x00002f17) x30 0x8000b486
core   0: 0x8000948a (0xb63f2d23) sw      gp, -1158(t5)
core   0: 3 0x8000948a (0xb63f2d23) mem 0x8000b000 0x00000001
core   0: 0x8000948e (0x0000bfe5) c.j     pc - 8
core   0: 3 0x8000948e (0xbfe5)
core   0: 0x80009486 (0x00002f17) auipc   t5, 0x2
core   0: 3 0x80009486 (0x00002f17) x30 0x8000b486
core   0: 0x8000948a (0xb63f2d23) sw      gp, -1158(t5)
core   0: 3 0x8000948a (0xb63f2d23) mem 0x8000b000 0x00000001
core   0: 0x8000948e (0x0000bfe5) c.j     pc - 8
core   0: 3 0x8000948e (0xbfe5)
core   0: 0x80009486 (0x00002f17) auipc   t5, 0x2
core   0: 3 0x80009486 (0x00002f17) x30 0x8000b486
core   0: 0x8000948a (0xb63f2d23) sw      gp, -1158(t5)
core   0: 3 0x8000948a (0xb63f2d23) mem 0x8000b000 0x00000001
core   0: 0x8000948e (0x0000bfe5) c.j     pc - 8
core   0: 3 0x8000948e (0xbfe5)
core   0: 0x80009486 (0x00002f17) auipc   t5, 0x2
core   0: 3 0x80009486 (0x00002f17) x30 0x8000b486
core   0: 0x8000948a (0xb63f2d23) sw      gp, -1158(t5)
core   0: 3 0x8000948a (0xb63f2d23) mem 0x8000b000 0x00000001
core   0: 0x8000948e (0x0000bfe5) c.j     pc - 8
core   0: 3 0x8000948e (0xbfe5)
core   0: 0x80009486 (0x00002f17) auipc   t5, 0x2
core   0: 3 0x80009486 (0x00002f17) x30 0x8000b486
core   0: 0x8000948a (0xb63f2d23) sw      gp, -1158(t5)
core   0: 3 0x8000948a (0xb63f2d23) mem 0x8000b000 0x00000001
core   0: 0x8000948e (0x0000bfe5) c.j     pc - 8
core   0: 3 0x8000948e (0xbfe5)
core   0: 0x80009486 (0x00002f17) auipc   t5, 0x2
core   0: 3 0x80009486 (0x00002f17) x30 0x8000b486
core   0: 0x8000948a (0xb63f2d23) sw      gp, -1158(t5)
core   0: 3 0x8000948a (0xb63f2d23) mem 0x8000b000 0x00000001
core   0: 0x8000948e (0x0000bfe5) c.j     pc - 8
core   0: 3 0x8000948e (0xbfe5)
core   0: 0x80009486 (0x00002f17) auipc   t5, 0x2
core   0: 3 0x80009486 (0x00002f17) x30 0x8000b486
core   0: 0x8000948a (0xb63f2d23) sw      gp, -1158(t5)
core   0: 3 0x8000948a (0xb63f2d23) mem 0x8000b000 0x00000001
core   0: 0x8000948e (0x0000bfe5) c.j     pc - 8
core   0: 3 0x8000948e (0xbfe5)
core   0: 0x80009486 (0x00002f17) auipc   t5, 0x2
core   0: 3 0x80009486 (0x00002f17) x30 0x8000b486
core   0: 0x8000948a (0xb63f2d23) sw      gp, -1158(t5)
core   0: 3 0x8000948a (0xb63f2d23) mem 0x8000b000 0x00000001
core   0: 0x8000948e (0x0000bfe5) c.j     pc - 8
core   0: 3 0x8000948e (0xbfe5)
core   0: 0x80009486 (0x00002f17) auipc   t5, 0x2
core   0: 3 0x80009486 (0x00002f17) x30 0x8000b486
core   0: 0x8000948a (0xb63f2d23) sw      gp, -1158(t5)
core   0: 3 0x8000948a (0xb63f2d23) mem 0x8000b000 0x00000001
core   0: 0x8000948e (0x0000bfe5) c.j     pc - 8
core   0: 3 0x8000948e (0xbfe5)
core   0: 0x80009486 (0x00002f17) auipc   t5, 0x2
core   0: 3 0x80009486 (0x00002f17) x30 0x8000b486
core   0: 0x8000948a (0xb63f2d23) sw      gp, -1158(t5)
core   0: 3 0x8000948a (0xb63f2d23) mem 0x8000b000 0x00000001
core   0: 0x8000948e (0x0000bfe5) c.j     pc - 8
core   0: 3 0x8000948e (0xbfe5)
core   0: 0x80009486 (0x00002f17) auipc   t5, 0x2
core   0: 3 0x80009486 (0x00002f17) x30 0x8000b486
core   0: 0x8000948a (0xb63f2d23) sw      gp, -1158(t5)
core   0: 3 0x8000948a (0xb63f2d23) mem 0x8000b000 0x00000001
core   0: 0x8000948e (0x0000bfe5) c.j     pc - 8
core   0: 3 0x8000948e (0xbfe5)
core   0: 0x80009486 (0x00002f17) auipc   t5, 0x2
core   0: 3 0x80009486 (0x00002f17) x30 0x8000b486
core   0: 0x8000948a (0xb63f2d23) sw      gp, -1158(t5)
core   0: 3 0x8000948a (0xb63f2d23) mem 0x8000b000 0x00000001
core   0: 0x8000948e (0x0000bfe5) c.j     pc - 8
core   0: 3 0x8000948e (0xbfe5)
core   0: 0x80009486 (0x00002f17) auipc   t5, 0x2
core   0: 3 0x80009486 (0x00002f17) x30 0x8000b486
core   0: 0x8000948a (0xb63f2d23) sw      gp, -1158(t5)
core   0: 3 0x8000948a (0xb63f2d23) mem 0x8000b000 0x00000001
core   0: 0x8000948e (0x0000bfe5) c.j     pc - 8
core   0: 3 0x8000948e (0xbfe5)
core   0: 0x80009486 (0x00002f17) auipc   t5, 0x2
core   0: 3 0x80009486 (0x00002f17) x30 0x8000b486
core   0: 0x8000948a (0xb63f2d23) sw      gp, -1158(t5)
core   0: 3 0x8000948a (0xb63f2d23) mem 0x8000b000 0x00000001
core   0: 0x8000948e (0x0000bfe5) c.j     pc - 8
core   0: 3 0x8000948e (0xbfe5)
core   0: 0x80009486 (0x00002f17) auipc   t5, 0x2
core   0: 3 0x80009486 (0x00002f17) x30 0x8000b486
core   0: 0x8000948a (0xb63f2d23) sw      gp, -1158(t5)
core   0: 3 0x8000948a (0xb63f2d23) mem 0x8000b000 0x00000001
core   0: 0x8000948e (0x0000bfe5) c.j     pc - 8
core   0: 3 0x8000948e (0xbfe5)
core   0: 0x80009486 (0x00002f17) auipc   t5, 0x2
core   0: 3 0x80009486 (0x00002f17) x30 0x8000b486
core   0: 0x8000948a (0xb63f2d23) sw      gp, -1158(t5)
core   0: 3 0x8000948a (0xb63f2d23) mem 0x8000b000 0x00000001
core   0: 0x8000948e (0x0000bfe5) c.j     pc - 8
core   0: 3 0x8000948e (0xbfe5)
core   0: 0x80009486 (0x00002f17) auipc   t5, 0x2
core   0: 3 0x80009486 (0x00002f17) x30 0x8000b486
core   0: 0x8000948a (0xb63f2d23) sw      gp, -1158(t5)
core   0: 3 0x8000948a (0xb63f2d23) mem 0x8000b000 0x00000001
core   0: 0x8000948e (0x0000bfe5) c.j     pc - 8
core   0: 3 0x8000948e (0xbfe5)
core   0: 0x80009486 (0x00002f17) auipc   t5, 0x2
core   0: 3 0x80009486 (0x00002f17) x30 0x8000b486
core   0: 0x8000948a (0xb63f2d23) sw      gp, -1158(t5)
core   0: 3 0x8000948a (0xb63f2d23) mem 0x8000b000 0x00000001
core   0: 0x8000948e (0x0000bfe5) c.j     pc - 8
core   0: 3 0x8000948e (0xbfe5)
core   0: 0x80009486 (0x00002f17) auipc   t5, 0x2
core   0: 3 0x80009486 (0x00002f17) x30 0x8000b486
core   0: 0x8000948a (0xb63f2d23) sw      gp, -1158(t5)
core   0: 3 0x8000948a (0xb63f2d23) mem 0x8000b000 0x00000001
core   0: 0x8000948e (0x0000bfe5) c.j     pc - 8
core   0: 3 0x8000948e (0xbfe5)
core   0: 0x80009486 (0x00002f17) auipc   t5, 0x2
core   0: 3 0x80009486 (0x00002f17) x30 0x8000b486
core   0: 0x8000948a (0xb63f2d23) sw      gp, -1158(t5)
core   0: 3 0x8000948a (0xb63f2d23) mem 0x8000b000 0x00000001
core   0: 0x8000948e (0x0000bfe5) c.j     pc - 8
core   0: 3 0x8000948e (0xbfe5)
core   0: 0x80009486 (0x00002f17) auipc   t5, 0x2
core   0: 3 0x80009486 (0x00002f17) x30 0x8000b486
core   0: 0x8000948a (0xb63f2d23) sw      gp, -1158(t5)
core   0: 3 0x8000948a (0xb63f2d23) mem 0x8000b000 0x00000001
core   0: 0x8000948e (0x0000bfe5) c.j     pc - 8
core   0: 3 0x8000948e (0xbfe5)
core   0: 0x80009486 (0x00002f17) auipc   t5, 0x2
core   0: 3 0x80009486 (0x00002f17) x30 0x8000b486
core   0: 0x8000948a (0xb63f2d23) sw      gp, -1158(t5)
core   0: 3 0x8000948a (0xb63f2d23) mem 0x8000b000 0x00000001
core   0: 0x8000948e (0x0000bfe5) c.j     pc - 8
core   0: 3 0x8000948e (0xbfe5)
core   0: 0x80009486 (0x00002f17) auipc   t5, 0x2
core   0: 3 0x80009486 (0x00002f17) x30 0x8000b486
core   0: 0x8000948a (0xb63f2d23) sw      gp, -1158(t5)
core   0: 3 0x8000948a (0xb63f2d23) mem 0x8000b000 0x00000001
core   0: 0x8000948e (0x0000bfe5) c.j     pc - 8
core   0: 3 0x8000948e (0xbfe5)
core   0: 0x80009486 (0x00002f17) auipc   t5, 0x2
core   0: 3 0x80009486 (0x00002f17) x30 0x8000b486
core   0: 0x8000948a (0xb63f2d23) sw      gp, -1158(t5)
core   0: 3 0x8000948a (0xb63f2d23) mem 0x8000b000 0x00000001
core   0: 0x8000948e (0x0000bfe5) c.j     pc - 8
core   0: 3 0x8000948e (0xbfe5)
core   0: 0x80009486 (0x00002f17) auipc   t5, 0x2
core   0: 3 0x80009486 (0x00002f17) x30 0x8000b486
core   0: 0x8000948a (0xb63f2d23) sw      gp, -1158(t5)
core   0: 3 0x8000948a (0xb63f2d23) mem 0x8000b000 0x00000001
core   0: 0x8000948e (0x0000bfe5) c.j     pc - 8
core   0: 3 0x8000948e (0xbfe5)
core   0: 0x80009486 (0x00002f17) auipc   t5, 0x2
core   0: 3 0x80009486 (0x00002f17) x30 0x8000b486
core   0: 0x8000948a (0xb63f2d23) sw      gp, -1158(t5)
core   0: 3 0x8000948a (0xb63f2d23) mem 0x8000b000 0x00000001
core   0: 0x8000948e (0x0000bfe5) c.j     pc - 8
core   0: 3 0x8000948e (0xbfe5)
core   0: 0x80009486 (0x00002f17) auipc   t5, 0x2
core   0: 3 0x80009486 (0x00002f17) x30 0x8000b486
core   0: 0x8000948a (0xb63f2d23) sw      gp, -1158(t5)
core   0: 3 0x8000948a (0xb63f2d23) mem 0x8000b000 0x00000001
core   0: 0x8000948e (0x0000bfe5) c.j     pc - 8
core   0: 3 0x8000948e (0xbfe5)
core   0: 0x80009486 (0x00002f17) auipc   t5, 0x2
core   0: 3 0x80009486 (0x00002f17) x30 0x8000b486
core   0: 0x8000948a (0xb63f2d23) sw      gp, -1158(t5)
core   0: 3 0x8000948a (0xb63f2d23) mem 0x8000b000 0x00000001
core   0: 0x8000948e (0x0000bfe5) c.j     pc - 8
core   0: 3 0x8000948e (0xbfe5)
core   0: 0x80009486 (0x00002f17) auipc   t5, 0x2
core   0: 3 0x80009486 (0x00002f17) x30 0x8000b486
core   0: 0x8000948a (0xb63f2d23) sw      gp, -1158(t5)
core   0: 3 0x8000948a (0xb63f2d23) mem 0x8000b000 0x00000001
core   0: 0x8000948e (0x0000bfe5) c.j     pc - 8
core   0: 3 0x8000948e (0xbfe5)
core   0: 0x80009486 (0x00002f17) auipc   t5, 0x2
core   0: 3 0x80009486 (0x00002f17) x30 0x8000b486
core   0: 0x8000948a (0xb63f2d23) sw      gp, -1158(t5)
core   0: 3 0x8000948a (0xb63f2d23) mem 0x8000b000 0x00000001
core   0: 0x8000948e (0x0000bfe5) c.j     pc - 8
core   0: 3 0x8000948e (0xbfe5)
core   0: 0x80009486 (0x00002f17) auipc   t5, 0x2
core   0: 3 0x80009486 (0x00002f17) x30 0x8000b486
core   0: 0x8000948a (0xb63f2d23) sw      gp, -1158(t5)
core   0: 3 0x8000948a (0xb63f2d23) mem 0x8000b000 0x00000001
core   0: 0x8000948e (0x0000bfe5) c.j     pc - 8
core   0: 3 0x8000948e (0xbfe5)
core   0: 0x80009486 (0x00002f17) auipc   t5, 0x2
core   0: 3 0x80009486 (0x00002f17) x30 0x8000b486
core   0: 0x8000948a (0xb63f2d23) sw      gp, -1158(t5)
core   0: 3 0x8000948a (0xb63f2d23) mem 0x8000b000 0x00000001
core   0: 0x8000948e (0x0000bfe5) c.j     pc - 8
core   0: 3 0x8000948e (0xbfe5)
core   0: 0x80009486 (0x00002f17) auipc   t5, 0x2
core   0: 3 0x80009486 (0x00002f17) x30 0x8000b486
core   0: 0x8000948a (0xb63f2d23) sw      gp, -1158(t5)
core   0: 3 0x8000948a (0xb63f2d23) mem 0x8000b000 0x00000001
core   0: 0x8000948e (0x0000bfe5) c.j     pc - 8
core   0: 3 0x8000948e (0xbfe5)
core   0: 0x80009486 (0x00002f17) auipc   t5, 0x2
core   0: 3 0x80009486 (0x00002f17) x30 0x8000b486
core   0: 0x8000948a (0xb63f2d23) sw      gp, -1158(t5)
core   0: 3 0x8000948a (0xb63f2d23) mem 0x8000b000 0x00000001
core   0: 0x8000948e (0x0000bfe5) c.j     pc - 8
core   0: 3 0x8000948e (0xbfe5)
core   0: 0x80009486 (0x00002f17) auipc   t5, 0x2
core   0: 3 0x80009486 (0x00002f17) x30 0x8000b486
core   0: 0x8000948a (0xb63f2d23) sw      gp, -1158(t5)
core   0: 3 0x8000948a (0xb63f2d23) mem 0x8000b000 0x00000001
core   0: 0x8000948e (0x0000bfe5) c.j     pc - 8
core   0: 3 0x8000948e (0xbfe5)
core   0: 0x80009486 (0x00002f17) auipc   t5, 0x2
core   0: 3 0x80009486 (0x00002f17) x30 0x8000b486
core   0: 0x8000948a (0xb63f2d23) sw      gp, -1158(t5)
core   0: 3 0x8000948a (0xb63f2d23) mem 0x8000b000 0x00000001
core   0: 0x8000948e (0x0000bfe5) c.j     pc - 8
core   0: 3 0x8000948e (0xbfe5)
core   0: 0x80009486 (0x00002f17) auipc   t5, 0x2
core   0: 3 0x80009486 (0x00002f17) x30 0x8000b486
core   0: 0x8000948a (0xb63f2d23) sw      gp, -1158(t5)
core   0: 3 0x8000948a (0xb63f2d23) mem 0x8000b000 0x00000001
core   0: 0x8000948e (0x0000bfe5) c.j     pc - 8
core   0: 3 0x8000948e (0xbfe5)
core   0: 0x80009486 (0x00002f17) auipc   t5, 0x2
core   0: 3 0x80009486 (0x00002f17) x30 0x8000b486
core   0: 0x8000948a (0xb63f2d23) sw      gp, -1158(t5)
core   0: 3 0x8000948a (0xb63f2d23) mem 0x8000b000 0x00000001
core   0: 0x8000948e (0x0000bfe5) c.j     pc - 8
core   0: 3 0x8000948e (0xbfe5)
core   0: 0x80009486 (0x00002f17) auipc   t5, 0x2
core   0: 3 0x80009486 (0x00002f17) x30 0x8000b486
core   0: 0x8000948a (0xb63f2d23) sw      gp, -1158(t5)
core   0: 3 0x8000948a (0xb63f2d23) mem 0x8000b000 0x00000001
core   0: 0x8000948e (0x0000bfe5) c.j     pc - 8
core   0: 3 0x8000948e (0xbfe5)
core   0: 0x80009486 (0x00002f17) auipc   t5, 0x2
core   0: 3 0x80009486 (0x00002f17) x30 0x8000b486
core   0: 0x8000948a (0xb63f2d23) sw      gp, -1158(t5)
core   0: 3 0x8000948a (0xb63f2d23) mem 0x8000b000 0x00000001
core   0: 0x8000948e (0x0000bfe5) c.j     pc - 8
core   0: 3 0x8000948e (0xbfe5)
core   0: 0x80009486 (0x00002f17) auipc   t5, 0x2
core   0: 3 0x80009486 (0x00002f17) x30 0x8000b486
core   0: 0x8000948a (0xb63f2d23) sw      gp, -1158(t5)
core   0: 3 0x8000948a (0xb63f2d23) mem 0x8000b000 0x00000001
core   0: 0x8000948e (0x0000bfe5) c.j     pc - 8
core   0: 3 0x8000948e (0xbfe5)
core   0: 0x80009486 (0x00002f17) auipc   t5, 0x2
core   0: 3 0x80009486 (0x00002f17) x30 0x8000b486
core   0: 0x8000948a (0xb63f2d23) sw      gp, -1158(t5)
core   0: 3 0x8000948a (0xb63f2d23) mem 0x8000b000 0x00000001
core   0: 0x8000948e (0x0000bfe5) c.j     pc - 8
core   0: 3 0x8000948e (0xbfe5)
core   0: 0x80009486 (0x00002f17) auipc   t5, 0x2
core   0: 3 0x80009486 (0x00002f17) x30 0x8000b486
core   0: 0x8000948a (0xb63f2d23) sw      gp, -1158(t5)
core   0: 3 0x8000948a (0xb63f2d23) mem 0x8000b000 0x00000001
core   0: 0x8000948e (0x0000bfe5) c.j     pc - 8
core   0: 3 0x8000948e (0xbfe5)
core   0: 0x80009486 (0x00002f17) auipc   t5, 0x2
core   0: 3 0x80009486 (0x00002f17) x30 0x8000b486
core   0: 0x8000948a (0xb63f2d23) sw      gp, -1158(t5)
core   0: 3 0x8000948a (0xb63f2d23) mem 0x8000b000 0x00000001
core   0: 0x8000948e (0x0000bfe5) c.j     pc - 8
core   0: 3 0x8000948e (0xbfe5)
core   0: 0x80009486 (0x00002f17) auipc   t5, 0x2
core   0: 3 0x80009486 (0x00002f17) x30 0x8000b486
core   0: 0x8000948a (0xb63f2d23) sw      gp, -1158(t5)
core   0: 3 0x8000948a (0xb63f2d23) mem 0x8000b000 0x00000001
core   0: 0x8000948e (0x0000bfe5) c.j     pc - 8
core   0: 3 0x8000948e (0xbfe5)
core   0: 0x80009486 (0x00002f17) auipc   t5, 0x2
core   0: 3 0x80009486 (0x00002f17) x30 0x8000b486
core   0: 0x8000948a (0xb63f2d23) sw      gp, -1158(t5)
core   0: 3 0x8000948a (0xb63f2d23) mem 0x8000b000 0x00000001
core   0: 0x8000948e (0x0000bfe5) c.j     pc - 8
core   0: 3 0x8000948e (0xbfe5)
core   0: 0x80009486 (0x00002f17) auipc   t5, 0x2
core   0: 3 0x80009486 (0x00002f17) x30 0x8000b486
core   0: 0x8000948a (0xb63f2d23) sw      gp, -1158(t5)
core   0: 3 0x8000948a (0xb63f2d23) mem 0x8000b000 0x00000001
core   0: 0x8000948e (0x0000bfe5) c.j     pc - 8
core   0: 3 0x8000948e (0xbfe5)
core   0: 0x80009486 (0x00002f17) auipc   t5, 0x2
core   0: 3 0x80009486 (0x00002f17) x30 0x8000b486
core   0: 0x8000948a (0xb63f2d23) sw      gp, -1158(t5)
core   0: 3 0x8000948a (0xb63f2d23) mem 0x8000b000 0x00000001
core   0: 0x8000948e (0x0000bfe5) c.j     pc - 8
core   0: 3 0x8000948e (0xbfe5)
core   0: 0x80009486 (0x00002f17) auipc   t5, 0x2
core   0: 3 0x80009486 (0x00002f17) x30 0x8000b486
core   0: 0x8000948a (0xb63f2d23) sw      gp, -1158(t5)
core   0: 3 0x8000948a (0xb63f2d23) mem 0x8000b000 0x00000001
core   0: 0x8000948e (0x0000bfe5) c.j     pc - 8
core   0: 3 0x8000948e (0xbfe5)
core   0: 0x80009486 (0x00002f17) auipc   t5, 0x2
core   0: 3 0x80009486 (0x00002f17) x30 0x8000b486
core   0: 0x8000948a (0xb63f2d23) sw      gp, -1158(t5)
core   0: 3 0x8000948a (0xb63f2d23) mem 0x8000b000 0x00000001
core   0: 0x8000948e (0x0000bfe5) c.j     pc - 8
core   0: 3 0x8000948e (0xbfe5)
core   0: 0x80009486 (0x00002f17) auipc   t5, 0x2
core   0: 3 0x80009486 (0x00002f17) x30 0x8000b486
core   0: 0x8000948a (0xb63f2d23) sw      gp, -1158(t5)
core   0: 3 0x8000948a (0xb63f2d23) mem 0x8000b000 0x00000001
core   0: 0x8000948e (0x0000bfe5) c.j     pc - 8
core   0: 3 0x8000948e (0xbfe5)
core   0: 0x80009486 (0x00002f17) auipc   t5, 0x2
core   0: 3 0x80009486 (0x00002f17) x30 0x8000b486
core   0: 0x8000948a (0xb63f2d23) sw      gp, -1158(t5)
core   0: 3 0x8000948a (0xb63f2d23) mem 0x8000b000 0x00000001
core   0: 0x8000948e (0x0000bfe5) c.j     pc - 8
core   0: 3 0x8000948e (0xbfe5)
core   0: 0x80009486 (0x00002f17) auipc   t5, 0x2
core   0: 3 0x80009486 (0x00002f17) x30 0x8000b486
core   0: 0x8000948a (0xb63f2d23) sw      gp, -1158(t5)
core   0: 3 0x8000948a (0xb63f2d23) mem 0x8000b000 0x00000001
core   0: 0x8000948e (0x0000bfe5) c.j     pc - 8
core   0: 3 0x8000948e (0xbfe5)
core   0: 0x80009486 (0x00002f17) auipc   t5, 0x2
core   0: 3 0x80009486 (0x00002f17) x30 0x8000b486
core   0: 0x8000948a (0xb63f2d23) sw      gp, -1158(t5)
core   0: 3 0x8000948a (0xb63f2d23) mem 0x8000b000 0x00000001
core   0: 0x8000948e (0x0000bfe5) c.j     pc - 8
core   0: 3 0x8000948e (0xbfe5)
core   0: 0x80009486 (0x00002f17) auipc   t5, 0x2
core   0: 3 0x80009486 (0x00002f17) x30 0x8000b486
core   0: 0x8000948a (0xb63f2d23) sw      gp, -1158(t5)
core   0: 3 0x8000948a (0xb63f2d23) mem 0x8000b000 0x00000001
core   0: 0x8000948e (0x0000bfe5) c.j     pc - 8
core   0: 3 0x8000948e (0xbfe5)
core   0: 0x80009486 (0x00002f17) auipc   t5, 0x2
core   0: 3 0x80009486 (0x00002f17) x30 0x8000b486
core   0: 0x8000948a (0xb63f2d23) sw      gp, -1158(t5)
core   0: 3 0x8000948a (0xb63f2d23) mem 0x8000b000 0x00000001
core   0: 0x8000948e (0x0000bfe5) c.j     pc - 8
core   0: 3 0x8000948e (0xbfe5)
core   0: 0x80009486 (0x00002f17) auipc   t5, 0x2
core   0: 3 0x80009486 (0x00002f17) x30 0x8000b486
core   0: 0x8000948a (0xb63f2d23) sw      gp, -1158(t5)
core   0: 3 0x8000948a (0xb63f2d23) mem 0x8000b000 0x00000001
core   0: 0x8000948e (0x0000bfe5) c.j     pc - 8
core   0: 3 0x8000948e (0xbfe5)
core   0: 0x80009486 (0x00002f17) auipc   t5, 0x2
core   0: 3 0x80009486 (0x00002f17) x30 0x8000b486
core   0: 0x8000948a (0xb63f2d23) sw      gp, -1158(t5)
core   0: 3 0x8000948a (0xb63f2d23) mem 0x8000b000 0x00000001
core   0: 0x8000948e (0x0000bfe5) c.j     pc - 8
core   0: 3 0x8000948e (0xbfe5)
core   0: 0x80009486 (0x00002f17) auipc   t5, 0x2
core   0: 3 0x80009486 (0x00002f17) x30 0x8000b486
core   0: 0x8000948a (0xb63f2d23) sw      gp, -1158(t5)
core   0: 3 0x8000948a (0xb63f2d23) mem 0x8000b000 0x00000001
core   0: 0x8000948e (0x0000bfe5) c.j     pc - 8
core   0: 3 0x8000948e (0xbfe5)
core   0: 0x80009486 (0x00002f17) auipc   t5, 0x2
core   0: 3 0x80009486 (0x00002f17) x30 0x8000b486
core   0: 0x8000948a (0xb63f2d23) sw      gp, -1158(t5)
core   0: 3 0x8000948a (0xb63f2d23) mem 0x8000b000 0x00000001
core   0: 0x8000948e (0x0000bfe5) c.j     pc - 8
core   0: 3 0x8000948e (0xbfe5)
core   0: 0x80009486 (0x00002f17) auipc   t5, 0x2
core   0: 3 0x80009486 (0x00002f17) x30 0x8000b486
core   0: 0x8000948a (0xb63f2d23) sw      gp, -1158(t5)
core   0: 3 0x8000948a (0xb63f2d23) mem 0x8000b000 0x00000001
core   0: 0x8000948e (0x0000bfe5) c.j     pc - 8
core   0: 3 0x8000948e (0xbfe5)
core   0: 0x80009486 (0x00002f17) auipc   t5, 0x2
core   0: 3 0x80009486 (0x00002f17) x30 0x8000b486
core   0: 0x8000948a (0xb63f2d23) sw      gp, -1158(t5)
core   0: 3 0x8000948a (0xb63f2d23) mem 0x8000b000 0x00000001
core   0: 0x8000948e (0x0000bfe5) c.j     pc - 8
core   0: 3 0x8000948e (0xbfe5)
core   0: 0x80009486 (0x00002f17) auipc   t5, 0x2
core   0: 3 0x80009486 (0x00002f17) x30 0x8000b486
core   0: 0x8000948a (0xb63f2d23) sw      gp, -1158(t5)
core   0: 3 0x8000948a (0xb63f2d23) mem 0x8000b000 0x00000001
core   0: 0x8000948e (0x0000bfe5) c.j     pc - 8
core   0: 3 0x8000948e (0xbfe5)
core   0: 0x80009486 (0x00002f17) auipc   t5, 0x2
core   0: 3 0x80009486 (0x00002f17) x30 0x8000b486
core   0: 0x8000948a (0xb63f2d23) sw      gp, -1158(t5)
core   0: 3 0x8000948a (0xb63f2d23) mem 0x8000b000 0x00000001
core   0: 0x8000948e (0x0000bfe5) c.j     pc - 8
core   0: 3 0x8000948e (0xbfe5)
core   0: 0x80009486 (0x00002f17) auipc   t5, 0x2
core   0: 3 0x80009486 (0x00002f17) x30 0x8000b486
core   0: 0x8000948a (0xb63f2d23) sw      gp, -1158(t5)
core   0: 3 0x8000948a (0xb63f2d23) mem 0x8000b000 0x00000001
core   0: 0x8000948e (0x0000bfe5) c.j     pc - 8
core   0: 3 0x8000948e (0xbfe5)
core   0: 0x80009486 (0x00002f17) auipc   t5, 0x2
core   0: 3 0x80009486 (0x00002f17) x30 0x8000b486
core   0: 0x8000948a (0xb63f2d23) sw      gp, -1158(t5)
core   0: 3 0x8000948a (0xb63f2d23) mem 0x8000b000 0x00000001
core   0: 0x8000948e (0x0000bfe5) c.j     pc - 8
core   0: 3 0x8000948e (0xbfe5)
core   0: 0x80009486 (0x00002f17) auipc   t5, 0x2
core   0: 3 0x80009486 (0x00002f17) x30 0x8000b486
core   0: 0x8000948a (0xb63f2d23) sw      gp, -1158(t5)
core   0: 3 0x8000948a (0xb63f2d23) mem 0x8000b000 0x00000001
core   0: 0x8000948e (0x0000bfe5) c.j     pc - 8
core   0: 3 0x8000948e (0xbfe5)
core   0: 0x80009486 (0x00002f17) auipc   t5, 0x2
core   0: 3 0x80009486 (0x00002f17) x30 0x8000b486
core   0: 0x8000948a (0xb63f2d23) sw      gp, -1158(t5)
core   0: 3 0x8000948a (0xb63f2d23) mem 0x8000b000 0x00000001
core   0: 0x8000948e (0x0000bfe5) c.j     pc - 8
core   0: 3 0x8000948e (0xbfe5)
core   0: 0x80009486 (0x00002f17) auipc   t5, 0x2
core   0: 3 0x80009486 (0x00002f17) x30 0x8000b486
core   0: 0x8000948a (0xb63f2d23) sw      gp, -1158(t5)
core   0: 3 0x8000948a (0xb63f2d23) mem 0x8000b000 0x00000001
core   0: 0x8000948e (0x0000bfe5) c.j     pc - 8
core   0: 3 0x8000948e (0xbfe5)
core   0: 0x80009486 (0x00002f17) auipc   t5, 0x2
core   0: 3 0x80009486 (0x00002f17) x30 0x8000b486
core   0: 0x8000948a (0xb63f2d23) sw      gp, -1158(t5)
core   0: 3 0x8000948a (0xb63f2d23) mem 0x8000b000 0x00000001
core   0: 0x8000948e (0x0000bfe5) c.j     pc - 8
core   0: 3 0x8000948e (0xbfe5)
core   0: 0x80009486 (0x00002f17) auipc   t5, 0x2
core   0: 3 0x80009486 (0x00002f17) x30 0x8000b486
core   0: 0x8000948a (0xb63f2d23) sw      gp, -1158(t5)
core   0: 3 0x8000948a (0xb63f2d23) mem 0x8000b000 0x00000001
core   0: 0x8000948e (0x0000bfe5) c.j     pc - 8
core   0: 3 0x8000948e (0xbfe5)
core   0: 0x80009486 (0x00002f17) auipc   t5, 0x2
core   0: 3 0x80009486 (0x00002f17) x30 0x8000b486
core   0: 0x8000948a (0xb63f2d23) sw      gp, -1158(t5)
core   0: 3 0x8000948a (0xb63f2d23) mem 0x8000b000 0x00000001
core   0: 0x8000948e (0x0000bfe5) c.j     pc - 8
core   0: 3 0x8000948e (0xbfe5)
core   0: 0x80009486 (0x00002f17) auipc   t5, 0x2
core   0: 3 0x80009486 (0x00002f17) x30 0x8000b486
core   0: 0x8000948a (0xb63f2d23) sw      gp, -1158(t5)
core   0: 3 0x8000948a (0xb63f2d23) mem 0x8000b000 0x00000001
core   0: 0x8000948e (0x0000bfe5) c.j     pc - 8
core   0: 3 0x8000948e (0xbfe5)
core   0: 0x80009486 (0x00002f17) auipc   t5, 0x2
core   0: 3 0x80009486 (0x00002f17) x30 0x8000b486
core   0: 0x8000948a (0xb63f2d23) sw      gp, -1158(t5)
core   0: 3 0x8000948a (0xb63f2d23) mem 0x8000b000 0x00000001
core   0: 0x8000948e (0x0000bfe5) c.j     pc - 8
core   0: 3 0x8000948e (0xbfe5)
core   0: 0x80009486 (0x00002f17) auipc   t5, 0x2
core   0: 3 0x80009486 (0x00002f17) x30 0x8000b486
core   0: 0x8000948a (0xb63f2d23) sw      gp, -1158(t5)
core   0: 3 0x8000948a (0xb63f2d23) mem 0x8000b000 0x00000001
core   0: 0x8000948e (0x0000bfe5) c.j     pc - 8
core   0: 3 0x8000948e (0xbfe5)
core   0: 0x80009486 (0x00002f17) auipc   t5, 0x2
core   0: 3 0x80009486 (0x00002f17) x30 0x8000b486
core   0: 0x8000948a (0xb63f2d23) sw      gp, -1158(t5)
core   0: 3 0x8000948a (0xb63f2d23) mem 0x8000b000 0x00000001
core   0: 0x8000948e (0x0000bfe5) c.j     pc - 8
core   0: 3 0x8000948e (0xbfe5)
core   0: 0x80009486 (0x00002f17) auipc   t5, 0x2
core   0: 3 0x80009486 (0x00002f17) x30 0x8000b486
core   0: 0x8000948a (0xb63f2d23) sw      gp, -1158(t5)
core   0: 3 0x8000948a (0xb63f2d23) mem 0x8000b000 0x00000001
core   0: 0x8000948e (0x0000bfe5) c.j     pc - 8
core   0: 3 0x8000948e (0xbfe5)
core   0: 0x80009486 (0x00002f17) auipc   t5, 0x2
core   0: 3 0x80009486 (0x00002f17) x30 0x8000b486
core   0: 0x8000948a (0xb63f2d23) sw      gp, -1158(t5)
core   0: 3 0x8000948a (0xb63f2d23) mem 0x8000b000 0x00000001
core   0: 0x8000948e (0x0000bfe5) c.j     pc - 8
core   0: 3 0x8000948e (0xbfe5)
core   0: 0x80009486 (0x00002f17) auipc   t5, 0x2
core   0: 3 0x80009486 (0x00002f17) x30 0x8000b486
core   0: 0x8000948a (0xb63f2d23) sw      gp, -1158(t5)
core   0: 3 0x8000948a (0xb63f2d23) mem 0x8000b000 0x00000001
core   0: 0x8000948e (0x0000bfe5) c.j     pc - 8
core   0: 3 0x8000948e (0xbfe5)
core   0: 0x80009486 (0x00002f17) auipc   t5, 0x2
core   0: 3 0x80009486 (0x00002f17) x30 0x8000b486
core   0: 0x8000948a (0xb63f2d23) sw      gp, -1158(t5)
core   0: 3 0x8000948a (0xb63f2d23) mem 0x8000b000 0x00000001
core   0: 0x8000948e (0x0000bfe5) c.j     pc - 8
core   0: 3 0x8000948e (0xbfe5)
core   0: 0x80009486 (0x00002f17) auipc   t5, 0x2
core   0: 3 0x80009486 (0x00002f17) x30 0x8000b486
core   0: 0x8000948a (0xb63f2d23) sw      gp, -1158(t5)
core   0: 3 0x8000948a (0xb63f2d23) mem 0x8000b000 0x00000001
core   0: 0x8000948e (0x0000bfe5) c.j     pc - 8
core   0: 3 0x8000948e (0xbfe5)
core   0: 0x80009486 (0x00002f17) auipc   t5, 0x2
core   0: 3 0x80009486 (0x00002f17) x30 0x8000b486
core   0: 0x8000948a (0xb63f2d23) sw      gp, -1158(t5)
core   0: 3 0x8000948a (0xb63f2d23) mem 0x8000b000 0x00000001
core   0: 0x8000948e (0x0000bfe5) c.j     pc - 8
core   0: 3 0x8000948e (0xbfe5)
core   0: 0x80009486 (0x00002f17) auipc   t5, 0x2
core   0: 3 0x80009486 (0x00002f17) x30 0x8000b486
core   0: 0x8000948a (0xb63f2d23) sw      gp, -1158(t5)
core   0: 3 0x8000948a (0xb63f2d23) mem 0x8000b000 0x00000001
core   0: 0x8000948e (0x0000bfe5) c.j     pc - 8
core   0: 3 0x8000948e (0xbfe5)
core   0: 0x80009486 (0x00002f17) auipc   t5, 0x2
core   0: 3 0x80009486 (0x00002f17) x30 0x8000b486
core   0: 0x8000948a (0xb63f2d23) sw      gp, -1158(t5)
core   0: 3 0x8000948a (0xb63f2d23) mem 0x8000b000 0x00000001
core   0: 0x8000948e (0x0000bfe5) c.j     pc - 8
core   0: 3 0x8000948e (0xbfe5)
core   0: 0x80009486 (0x00002f17) auipc   t5, 0x2
core   0: 3 0x80009486 (0x00002f17) x30 0x8000b486
core   0: 0x8000948a (0xb63f2d23) sw      gp, -1158(t5)
core   0: 3 0x8000948a (0xb63f2d23) mem 0x8000b000 0x00000001
core   0: 0x8000948e (0x0000bfe5) c.j     pc - 8
core   0: 3 0x8000948e (0xbfe5)
core   0: 0x80009486 (0x00002f17) auipc   t5, 0x2
core   0: 3 0x80009486 (0x00002f17) x30 0x8000b486
core   0: 0x8000948a (0xb63f2d23) sw      gp, -1158(t5)
core   0: 3 0x8000948a (0xb63f2d23) mem 0x8000b000 0x00000001
core   0: 0x8000948e (0x0000bfe5) c.j     pc - 8
core   0: 3 0x8000948e (0xbfe5)
core   0: 0x80009486 (0x00002f17) auipc   t5, 0x2
core   0: 3 0x80009486 (0x00002f17) x30 0x8000b486
core   0: 0x8000948a (0xb63f2d23) sw      gp, -1158(t5)
core   0: 3 0x8000948a (0xb63f2d23) mem 0x8000b000 0x00000001
core   0: 0x8000948e (0x0000bfe5) c.j     pc - 8
core   0: 3 0x8000948e (0xbfe5)
core   0: 0x80009486 (0x00002f17) auipc   t5, 0x2
core   0: 3 0x80009486 (0x00002f17) x30 0x8000b486
core   0: 0x8000948a (0xb63f2d23) sw      gp, -1158(t5)
core   0: 3 0x8000948a (0xb63f2d23) mem 0x8000b000 0x00000001
core   0: 0x8000948e (0x0000bfe5) c.j     pc - 8
core   0: 3 0x8000948e (0xbfe5)
core   0: 0x80009486 (0x00002f17) auipc   t5, 0x2
core   0: 3 0x80009486 (0x00002f17) x30 0x8000b486
core   0: 0x8000948a (0xb63f2d23) sw      gp, -1158(t5)
core   0: 3 0x8000948a (0xb63f2d23) mem 0x8000b000 0x00000001
core   0: 0x8000948e (0x0000bfe5) c.j     pc - 8
core   0: 3 0x8000948e (0xbfe5)
core   0: 0x80009486 (0x00002f17) auipc   t5, 0x2
core   0: 3 0x80009486 (0x00002f17) x30 0x8000b486
core   0: 0x8000948a (0xb63f2d23) sw      gp, -1158(t5)
core   0: 3 0x8000948a (0xb63f2d23) mem 0x8000b000 0x00000001
core   0: 0x8000948e (0x0000bfe5) c.j     pc - 8
core   0: 3 0x8000948e (0xbfe5)
core   0: 0x80009486 (0x00002f17) auipc   t5, 0x2
core   0: 3 0x80009486 (0x00002f17) x30 0x8000b486
core   0: 0x8000948a (0xb63f2d23) sw      gp, -1158(t5)
core   0: 3 0x8000948a (0xb63f2d23) mem 0x8000b000 0x00000001
core   0: 0x8000948e (0x0000bfe5) c.j     pc - 8
core   0: 3 0x8000948e (0xbfe5)
core   0: 0x80009486 (0x00002f17) auipc   t5, 0x2
core   0: 3 0x80009486 (0x00002f17) x30 0x8000b486
core   0: 0x8000948a (0xb63f2d23) sw      gp, -1158(t5)
core   0: 3 0x8000948a (0xb63f2d23) mem 0x8000b000 0x00000001
core   0: 0x8000948e (0x0000bfe5) c.j     pc - 8
core   0: 3 0x8000948e (0xbfe5)
core   0: 0x80009486 (0x00002f17) auipc   t5, 0x2
core   0: 3 0x80009486 (0x00002f17) x30 0x8000b486
core   0: 0x8000948a (0xb63f2d23) sw      gp, -1158(t5)
core   0: 3 0x8000948a (0xb63f2d23) mem 0x8000b000 0x00000001
core   0: 0x8000948e (0x0000bfe5) c.j     pc - 8
core   0: 3 0x8000948e (0xbfe5)
core   0: 0x80009486 (0x00002f17) auipc   t5, 0x2
core   0: 3 0x80009486 (0x00002f17) x30 0x8000b486
core   0: 0x8000948a (0xb63f2d23) sw      gp, -1158(t5)
core   0: 3 0x8000948a (0xb63f2d23) mem 0x8000b000 0x00000001
core   0: 0x8000948e (0x0000bfe5) c.j     pc - 8
core   0: 3 0x8000948e (0xbfe5)
core   0: 0x80009486 (0x00002f17) auipc   t5, 0x2
core   0: 3 0x80009486 (0x00002f17) x30 0x8000b486
core   0: 0x8000948a (0xb63f2d23) sw      gp, -1158(t5)
core   0: 3 0x8000948a (0xb63f2d23) mem 0x8000b000 0x00000001
core   0: 0x8000948e (0x0000bfe5) c.j     pc - 8
core   0: 3 0x8000948e (0xbfe5)
core   0: 0x80009486 (0x00002f17) auipc   t5, 0x2
core   0: 3 0x80009486 (0x00002f17) x30 0x8000b486
core   0: 0x8000948a (0xb63f2d23) sw      gp, -1158(t5)
core   0: 3 0x8000948a (0xb63f2d23) mem 0x8000b000 0x00000001
core   0: 0x8000948e (0x0000bfe5) c.j     pc - 8
core   0: 3 0x8000948e (0xbfe5)
core   0: 0x80009486 (0x00002f17) auipc   t5, 0x2
core   0: 3 0x80009486 (0x00002f17) x30 0x8000b486
core   0: 0x8000948a (0xb63f2d23) sw      gp, -1158(t5)
core   0: 3 0x8000948a (0xb63f2d23) mem 0x8000b000 0x00000001
core   0: 0x8000948e (0x0000bfe5) c.j     pc - 8
core   0: 3 0x8000948e (0xbfe5)
core   0: 0x80009486 (0x00002f17) auipc   t5, 0x2
core   0: 3 0x80009486 (0x00002f17) x30 0x8000b486
core   0: 0x8000948a (0xb63f2d23) sw      gp, -1158(t5)
core   0: 3 0x8000948a (0xb63f2d23) mem 0x8000b000 0x00000001
core   0: 0x8000948e (0x0000bfe5) c.j     pc - 8
core   0: 3 0x8000948e (0xbfe5)
core   0: 0x80009486 (0x00002f17) auipc   t5, 0x2
core   0: 3 0x80009486 (0x00002f17) x30 0x8000b486
core   0: 0x8000948a (0xb63f2d23) sw      gp, -1158(t5)
core   0: 3 0x8000948a (0xb63f2d23) mem 0x8000b000 0x00000001
core   0: 0x8000948e (0x0000bfe5) c.j     pc - 8
core   0: 3 0x8000948e (0xbfe5)
core   0: 0x80009486 (0x00002f17) auipc   t5, 0x2
core   0: 3 0x80009486 (0x00002f17) x30 0x8000b486
core   0: 0x8000948a (0xb63f2d23) sw      gp, -1158(t5)
core   0: 3 0x8000948a (0xb63f2d23) mem 0x8000b000 0x00000001
core   0: 0x8000948e (0x0000bfe5) c.j     pc - 8
core   0: 3 0x8000948e (0xbfe5)
core   0: 0x80009486 (0x00002f17) auipc   t5, 0x2
core   0: 3 0x80009486 (0x00002f17) x30 0x8000b486
core   0: 0x8000948a (0xb63f2d23) sw      gp, -1158(t5)
core   0: 3 0x8000948a (0xb63f2d23) mem 0x8000b000 0x00000001
core   0: 0x8000948e (0x0000bfe5) c.j     pc - 8
core   0: 3 0x8000948e (0xbfe5)
core   0: 0x80009486 (0x00002f17) auipc   t5, 0x2
core   0: 3 0x80009486 (0x00002f17) x30 0x8000b486
core   0: 0x8000948a (0xb63f2d23) sw      gp, -1158(t5)
core   0: 3 0x8000948a (0xb63f2d23) mem 0x8000b000 0x00000001
core   0: 0x8000948e (0x0000bfe5) c.j     pc - 8
core   0: 3 0x8000948e (0xbfe5)
core   0: 0x80009486 (0x00002f17) auipc   t5, 0x2
core   0: 3 0x80009486 (0x00002f17) x30 0x8000b486
core   0: 0x8000948a (0xb63f2d23) sw      gp, -1158(t5)
core   0: 3 0x8000948a (0xb63f2d23) mem 0x8000b000 0x00000001
core   0: 0x8000948e (0x0000bfe5) c.j     pc - 8
core   0: 3 0x8000948e (0xbfe5)
core   0: 0x80009486 (0x00002f17) auipc   t5, 0x2
core   0: 3 0x80009486 (0x00002f17) x30 0x8000b486
core   0: 0x8000948a (0xb63f2d23) sw      gp, -1158(t5)
core   0: 3 0x8000948a (0xb63f2d23) mem 0x8000b000 0x00000001
core   0: 0x8000948e (0x0000bfe5) c.j     pc - 8
core   0: 3 0x8000948e (0xbfe5)
core   0: 0x80009486 (0x00002f17) auipc   t5, 0x2
core   0: 3 0x80009486 (0x00002f17) x30 0x8000b486
core   0: 0x8000948a (0xb63f2d23) sw      gp, -1158(t5)
core   0: 3 0x8000948a (0xb63f2d23) mem 0x8000b000 0x00000001
core   0: 0x8000948e (0x0000bfe5) c.j     pc - 8
core   0: 3 0x8000948e (0xbfe5)
core   0: 0x80009486 (0x00002f17) auipc   t5, 0x2
core   0: 3 0x80009486 (0x00002f17) x30 0x8000b486
core   0: 0x8000948a (0xb63f2d23) sw      gp, -1158(t5)
core   0: 3 0x8000948a (0xb63f2d23) mem 0x8000b000 0x00000001
core   0: 0x8000948e (0x0000bfe5) c.j     pc - 8
core   0: 3 0x8000948e (0xbfe5)
core   0: 0x80009486 (0x00002f17) auipc   t5, 0x2
core   0: 3 0x80009486 (0x00002f17) x30 0x8000b486
core   0: 0x8000948a (0xb63f2d23) sw      gp, -1158(t5)
core   0: 3 0x8000948a (0xb63f2d23) mem 0x8000b000 0x00000001
core   0: 0x8000948e (0x0000bfe5) c.j     pc - 8
core   0: 3 0x8000948e (0xbfe5)
core   0: 0x80009486 (0x00002f17) auipc   t5, 0x2
core   0: 3 0x80009486 (0x00002f17) x30 0x8000b486
core   0: 0x8000948a (0xb63f2d23) sw      gp, -1158(t5)
core   0: 3 0x8000948a (0xb63f2d23) mem 0x8000b000 0x00000001
core   0: 0x8000948e (0x0000bfe5) c.j     pc - 8
core   0: 3 0x8000948e (0xbfe5)
core   0: 0x80009486 (0x00002f17) auipc   t5, 0x2
core   0: 3 0x80009486 (0x00002f17) x30 0x8000b486
core   0: 0x8000948a (0xb63f2d23) sw      gp, -1158(t5)
core   0: 3 0x8000948a (0xb63f2d23) mem 0x8000b000 0x00000001
core   0: 0x8000948e (0x0000bfe5) c.j     pc - 8
core   0: 3 0x8000948e (0xbfe5)
core   0: 0x80009486 (0x00002f17) auipc   t5, 0x2
core   0: 3 0x80009486 (0x00002f17) x30 0x8000b486
core   0: 0x8000948a (0xb63f2d23) sw      gp, -1158(t5)
core   0: 3 0x8000948a (0xb63f2d23) mem 0x8000b000 0x00000001
core   0: 0x8000948e (0x0000bfe5) c.j     pc - 8
core   0: 3 0x8000948e (0xbfe5)
core   0: 0x80009486 (0x00002f17) auipc   t5, 0x2
core   0: 3 0x80009486 (0x00002f17) x30 0x8000b486
core   0: 0x8000948a (0xb63f2d23) sw      gp, -1158(t5)
core   0: 3 0x8000948a (0xb63f2d23) mem 0x8000b000 0x00000001
core   0: 0x8000948e (0x0000bfe5) c.j     pc - 8
core   0: 3 0x8000948e (0xbfe5)
core   0: 0x80009486 (0x00002f17) auipc   t5, 0x2
core   0: 3 0x80009486 (0x00002f17) x30 0x8000b486
core   0: 0x8000948a (0xb63f2d23) sw      gp, -1158(t5)
core   0: 3 0x8000948a (0xb63f2d23) mem 0x8000b000 0x00000001
core   0: 0x8000948e (0x0000bfe5) c.j     pc - 8
core   0: 3 0x8000948e (0xbfe5)
core   0: 0x80009486 (0x00002f17) auipc   t5, 0x2
core   0: 3 0x80009486 (0x00002f17) x30 0x8000b486
core   0: 0x8000948a (0xb63f2d23) sw      gp, -1158(t5)
core   0: 3 0x8000948a (0xb63f2d23) mem 0x8000b000 0x00000001
core   0: 0x8000948e (0x0000bfe5) c.j     pc - 8
core   0: 3 0x8000948e (0xbfe5)
core   0: 0x80009486 (0x00002f17) auipc   t5, 0x2
core   0: 3 0x80009486 (0x00002f17) x30 0x8000b486
core   0: 0x8000948a (0xb63f2d23) sw      gp, -1158(t5)
core   0: 3 0x8000948a (0xb63f2d23) mem 0x8000b000 0x00000001
core   0: 0x8000948e (0x0000bfe5) c.j     pc - 8
core   0: 3 0x8000948e (0xbfe5)
core   0: 0x80009486 (0x00002f17) auipc   t5, 0x2
core   0: 3 0x80009486 (0x00002f17) x30 0x8000b486
core   0: 0x8000948a (0xb63f2d23) sw      gp, -1158(t5)
core   0: 3 0x8000948a (0xb63f2d23) mem 0x8000b000 0x00000001
core   0: 0x8000948e (0x0000bfe5) c.j     pc - 8
core   0: 3 0x8000948e (0xbfe5)
core   0: 0x80009486 (0x00002f17) auipc   t5, 0x2
core   0: 3 0x80009486 (0x00002f17) x30 0x8000b486
core   0: 0x8000948a (0xb63f2d23) sw      gp, -1158(t5)
core   0: 3 0x8000948a (0xb63f2d23) mem 0x8000b000 0x00000001
core   0: 0x8000948e (0x0000bfe5) c.j     pc - 8
core   0: 3 0x8000948e (0xbfe5)
core   0: 0x80009486 (0x00002f17) auipc   t5, 0x2
core   0: 3 0x80009486 (0x00002f17) x30 0x8000b486
core   0: 0x8000948a (0xb63f2d23) sw      gp, -1158(t5)
core   0: 3 0x8000948a (0xb63f2d23) mem 0x8000b000 0x00000001
core   0: 0x8000948e (0x0000bfe5) c.j     pc - 8
core   0: 3 0x8000948e (0xbfe5)
core   0: 0x80009486 (0x00002f17) auipc   t5, 0x2
core   0: 3 0x80009486 (0x00002f17) x30 0x8000b486
core   0: 0x8000948a (0xb63f2d23) sw      gp, -1158(t5)
core   0: 3 0x8000948a (0xb63f2d23) mem 0x8000b000 0x00000001
core   0: 0x8000948e (0x0000bfe5) c.j     pc - 8
core   0: 3 0x8000948e (0xbfe5)
core   0: 0x80009486 (0x00002f17) auipc   t5, 0x2
core   0: 3 0x80009486 (0x00002f17) x30 0x8000b486
core   0: 0x8000948a (0xb63f2d23) sw      gp, -1158(t5)
core   0: 3 0x8000948a (0xb63f2d23) mem 0x8000b000 0x00000001
core   0: 0x8000948e (0x0000bfe5) c.j     pc - 8
core   0: 3 0x8000948e (0xbfe5)
core   0: 0x80009486 (0x00002f17) auipc   t5, 0x2
core   0: 3 0x80009486 (0x00002f17) x30 0x8000b486
core   0: 0x8000948a (0xb63f2d23) sw      gp, -1158(t5)
core   0: 3 0x8000948a (0xb63f2d23) mem 0x8000b000 0x00000001
core   0: 0x8000948e (0x0000bfe5) c.j     pc - 8
core   0: 3 0x8000948e (0xbfe5)
core   0: 0x80009486 (0x00002f17) auipc   t5, 0x2
core   0: 3 0x80009486 (0x00002f17) x30 0x8000b486
core   0: 0x8000948a (0xb63f2d23) sw      gp, -1158(t5)
core   0: 3 0x8000948a (0xb63f2d23) mem 0x8000b000 0x00000001
core   0: 0x8000948e (0x0000bfe5) c.j     pc - 8
core   0: 3 0x8000948e (0xbfe5)
core   0: 0x80009486 (0x00002f17) auipc   t5, 0x2
core   0: 3 0x80009486 (0x00002f17) x30 0x8000b486
core   0: 0x8000948a (0xb63f2d23) sw      gp, -1158(t5)
core   0: 3 0x8000948a (0xb63f2d23) mem 0x8000b000 0x00000001
core   0: 0x8000948e (0x0000bfe5) c.j     pc - 8
core   0: 3 0x8000948e (0xbfe5)
core   0: 0x80009486 (0x00002f17) auipc   t5, 0x2
core   0: 3 0x80009486 (0x00002f17) x30 0x8000b486
core   0: 0x8000948a (0xb63f2d23) sw      gp, -1158(t5)
core   0: 3 0x8000948a (0xb63f2d23) mem 0x8000b000 0x00000001
core   0: 0x8000948e (0x0000bfe5) c.j     pc - 8
core   0: 3 0x8000948e (0xbfe5)
core   0: 0x80009486 (0x00002f17) auipc   t5, 0x2
core   0: 3 0x80009486 (0x00002f17) x30 0x8000b486
core   0: 0x8000948a (0xb63f2d23) sw      gp, -1158(t5)
core   0: 3 0x8000948a (0xb63f2d23) mem 0x8000b000 0x00000001
core   0: 0x8000948e (0x0000bfe5) c.j     pc - 8
core   0: 3 0x8000948e (0xbfe5)
core   0: 0x80009486 (0x00002f17) auipc   t5, 0x2
core   0: 3 0x80009486 (0x00002f17) x30 0x8000b486
core   0: 0x8000948a (0xb63f2d23) sw      gp, -1158(t5)
core   0: 3 0x8000948a (0xb63f2d23) mem 0x8000b000 0x00000001
core   0: 0x8000948e (0x0000bfe5) c.j     pc - 8
core   0: 3 0x8000948e (0xbfe5)
core   0: 0x80009486 (0x00002f17) auipc   t5, 0x2
core   0: 3 0x80009486 (0x00002f17) x30 0x8000b486
core   0: 0x8000948a (0xb63f2d23) sw      gp, -1158(t5)
core   0: 3 0x8000948a (0xb63f2d23) mem 0x8000b000 0x00000001
core   0: 0x8000948e (0x0000bfe5) c.j     pc - 8
core   0: 3 0x8000948e (0xbfe5)
core   0: 0x80009486 (0x00002f17) auipc   t5, 0x2
core   0: 3 0x80009486 (0x00002f17) x30 0x8000b486
core   0: 0x8000948a (0xb63f2d23) sw      gp, -1158(t5)
core   0: 3 0x8000948a (0xb63f2d23) mem 0x8000b000 0x00000001
core   0: 0x8000948e (0x0000bfe5) c.j     pc - 8
core   0: 3 0x8000948e (0xbfe5)
core   0: 0x80009486 (0x00002f17) auipc   t5, 0x2
core   0: 3 0x80009486 (0x00002f17) x30 0x8000b486
core   0: 0x8000948a (0xb63f2d23) sw      gp, -1158(t5)
core   0: 3 0x8000948a (0xb63f2d23) mem 0x8000b000 0x00000001
core   0: 0x8000948e (0x0000bfe5) c.j     pc - 8
core   0: 3 0x8000948e (0xbfe5)
core   0: 0x80009486 (0x00002f17) auipc   t5, 0x2
core   0: 3 0x80009486 (0x00002f17) x30 0x8000b486
core   0: 0x8000948a (0xb63f2d23) sw      gp, -1158(t5)
core   0: 3 0x8000948a (0xb63f2d23) mem 0x8000b000 0x00000001
core   0: 0x8000948e (0x0000bfe5) c.j     pc - 8
core   0: 3 0x8000948e (0xbfe5)
core   0: 0x80009486 (0x00002f17) auipc   t5, 0x2
core   0: 3 0x80009486 (0x00002f17) x30 0x8000b486
core   0: 0x8000948a (0xb63f2d23) sw      gp, -1158(t5)
core   0: 3 0x8000948a (0xb63f2d23) mem 0x8000b000 0x00000001
core   0: 0x8000948e (0x0000bfe5) c.j     pc - 8
core   0: 3 0x8000948e (0xbfe5)
core   0: 0x80009486 (0x00002f17) auipc   t5, 0x2
core   0: 3 0x80009486 (0x00002f17) x30 0x8000b486
core   0: 0x8000948a (0xb63f2d23) sw      gp, -1158(t5)
core   0: 3 0x8000948a (0xb63f2d23) mem 0x8000b000 0x00000001
core   0: 0x8000948e (0x0000bfe5) c.j     pc - 8
core   0: 3 0x8000948e (0xbfe5)
core   0: 0x80009486 (0x00002f17) auipc   t5, 0x2
core   0: 3 0x80009486 (0x00002f17) x30 0x8000b486
core   0: 0x8000948a (0xb63f2d23) sw      gp, -1158(t5)
core   0: 3 0x8000948a (0xb63f2d23) mem 0x8000b000 0x00000001
core   0: 0x8000948e (0x0000bfe5) c.j     pc - 8
core   0: 3 0x8000948e (0xbfe5)
core   0: 0x80009486 (0x00002f17) auipc   t5, 0x2
core   0: 3 0x80009486 (0x00002f17) x30 0x8000b486
core   0: 0x8000948a (0xb63f2d23) sw      gp, -1158(t5)
core   0: 3 0x8000948a (0xb63f2d23) mem 0x8000b000 0x00000001
core   0: 0x8000948e (0x0000bfe5) c.j     pc - 8
core   0: 3 0x8000948e (0xbfe5)
core   0: 0x80009486 (0x00002f17) auipc   t5, 0x2
core   0: 3 0x80009486 (0x00002f17) x30 0x8000b486
core   0: 0x8000948a (0xb63f2d23) sw      gp, -1158(t5)
core   0: 3 0x8000948a (0xb63f2d23) mem 0x8000b000 0x00000001
core   0: 0x8000948e (0x0000bfe5) c.j     pc - 8
core   0: 3 0x8000948e (0xbfe5)
core   0: 0x80009486 (0x00002f17) auipc   t5, 0x2
core   0: 3 0x80009486 (0x00002f17) x30 0x8000b486
core   0: 0x8000948a (0xb63f2d23) sw      gp, -1158(t5)
core   0: 3 0x8000948a (0xb63f2d23) mem 0x8000b000 0x00000001
core   0: 0x8000948e (0x0000bfe5) c.j     pc - 8
core   0: 3 0x8000948e (0xbfe5)
core   0: 0x80009486 (0x00002f17) auipc   t5, 0x2
core   0: 3 0x80009486 (0x00002f17) x30 0x8000b486
core   0: 0x8000948a (0xb63f2d23) sw      gp, -1158(t5)
core   0: 3 0x8000948a (0xb63f2d23) mem 0x8000b000 0x00000001
core   0: 0x8000948e (0x0000bfe5) c.j     pc - 8
core   0: 3 0x8000948e (0xbfe5)
core   0: 0x80009486 (0x00002f17) auipc   t5, 0x2
core   0: 3 0x80009486 (0x00002f17) x30 0x8000b486
core   0: 0x8000948a (0xb63f2d23) sw      gp, -1158(t5)
core   0: 3 0x8000948a (0xb63f2d23) mem 0x8000b000 0x00000001
core   0: 0x8000948e (0x0000bfe5) c.j     pc - 8
core   0: 3 0x8000948e (0xbfe5)
core   0: 0x80009486 (0x00002f17) auipc   t5, 0x2
core   0: 3 0x80009486 (0x00002f17) x30 0x8000b486
core   0: 0x8000948a (0xb63f2d23) sw      gp, -1158(t5)
core   0: 3 0x8000948a (0xb63f2d23) mem 0x8000b000 0x00000001
core   0: 0x8000948e (0x0000bfe5) c.j     pc - 8
core   0: 3 0x8000948e (0xbfe5)
core   0: 0x80009486 (0x00002f17) auipc   t5, 0x2
core   0: 3 0x80009486 (0x00002f17) x30 0x8000b486
core   0: 0x8000948a (0xb63f2d23) sw      gp, -1158(t5)
core   0: 3 0x8000948a (0xb63f2d23) mem 0x8000b000 0x00000001
core   0: 0x8000948e (0x0000bfe5) c.j     pc - 8
core   0: 3 0x8000948e (0xbfe5)
core   0: 0x80009486 (0x00002f17) auipc   t5, 0x2
core   0: 3 0x80009486 (0x00002f17) x30 0x8000b486
core   0: 0x8000948a (0xb63f2d23) sw      gp, -1158(t5)
core   0: 3 0x8000948a (0xb63f2d23) mem 0x8000b000 0x00000001
core   0: 0x8000948e (0x0000bfe5) c.j     pc - 8
core   0: 3 0x8000948e (0xbfe5)
core   0: 0x80009486 (0x00002f17) auipc   t5, 0x2
core   0: 3 0x80009486 (0x00002f17) x30 0x8000b486
core   0: 0x8000948a (0xb63f2d23) sw      gp, -1158(t5)
core   0: 3 0x8000948a (0xb63f2d23) mem 0x8000b000 0x00000001
core   0: 0x8000948e (0x0000bfe5) c.j     pc - 8
core   0: 3 0x8000948e (0xbfe5)
core   0: 0x80009486 (0x00002f17) auipc   t5, 0x2
core   0: 3 0x80009486 (0x00002f17) x30 0x8000b486
core   0: 0x8000948a (0xb63f2d23) sw      gp, -1158(t5)
core   0: 3 0x8000948a (0xb63f2d23) mem 0x8000b000 0x00000001
core   0: 0x8000948e (0x0000bfe5) c.j     pc - 8
core   0: 3 0x8000948e (0xbfe5)
core   0: 0x80009486 (0x00002f17) auipc   t5, 0x2
core   0: 3 0x80009486 (0x00002f17) x30 0x8000b486
core   0: 0x8000948a (0xb63f2d23) sw      gp, -1158(t5)
core   0: 3 0x8000948a (0xb63f2d23) mem 0x8000b000 0x00000001
core   0: 0x8000948e (0x0000bfe5) c.j     pc - 8
core   0: 3 0x8000948e (0xbfe5)
core   0: 0x80009486 (0x00002f17) auipc   t5, 0x2
core   0: 3 0x80009486 (0x00002f17) x30 0x8000b486
core   0: 0x8000948a (0xb63f2d23) sw      gp, -1158(t5)
core   0: 3 0x8000948a (0xb63f2d23) mem 0x8000b000 0x00000001
core   0: 0x8000948e (0x0000bfe5) c.j     pc - 8
core   0: 3 0x8000948e (0xbfe5)
core   0: 0x80009486 (0x00002f17) auipc   t5, 0x2
core   0: 3 0x80009486 (0x00002f17) x30 0x8000b486
core   0: 0x8000948a (0xb63f2d23) sw      gp, -1158(t5)
core   0: 3 0x8000948a (0xb63f2d23) mem 0x8000b000 0x00000001
core   0: 0x8000948e (0x0000bfe5) c.j     pc - 8
core   0: 3 0x8000948e (0xbfe5)
core   0: 0x80009486 (0x00002f17) auipc   t5, 0x2
core   0: 3 0x80009486 (0x00002f17) x30 0x8000b486
core   0: 0x8000948a (0xb63f2d23) sw      gp, -1158(t5)
core   0: 3 0x8000948a (0xb63f2d23) mem 0x8000b000 0x00000001
core   0: 0x8000948e (0x0000bfe5) c.j     pc - 8
core   0: 3 0x8000948e (0xbfe5)
core   0: 0x80009486 (0x00002f17) auipc   t5, 0x2
core   0: 3 0x80009486 (0x00002f17) x30 0x8000b486
core   0: 0x8000948a (0xb63f2d23) sw      gp, -1158(t5)
core   0: 3 0x8000948a (0xb63f2d23) mem 0x8000b000 0x00000001
core   0: 0x8000948e (0x0000bfe5) c.j     pc - 8
core   0: 3 0x8000948e (0xbfe5)
core   0: 0x80009486 (0x00002f17) auipc   t5, 0x2
core   0: 3 0x80009486 (0x00002f17) x30 0x8000b486
core   0: 0x8000948a (0xb63f2d23) sw      gp, -1158(t5)
core   0: 3 0x8000948a (0xb63f2d23) mem 0x8000b000 0x00000001
core   0: 0x8000948e (0x0000bfe5) c.j     pc - 8
core   0: 3 0x8000948e (0xbfe5)
core   0: 0x80009486 (0x00002f17) auipc   t5, 0x2
core   0: 3 0x80009486 (0x00002f17) x30 0x8000b486
core   0: 0x8000948a (0xb63f2d23) sw      gp, -1158(t5)
core   0: 3 0x8000948a (0xb63f2d23) mem 0x8000b000 0x00000001
core   0: 0x8000948e (0x0000bfe5) c.j     pc - 8
core   0: 3 0x8000948e (0xbfe5)
core   0: 0x80009486 (0x00002f17) auipc   t5, 0x2
core   0: 3 0x80009486 (0x00002f17) x30 0x8000b486
core   0: 0x8000948a (0xb63f2d23) sw      gp, -1158(t5)
core   0: 3 0x8000948a (0xb63f2d23) mem 0x8000b000 0x00000001
core   0: 0x8000948e (0x0000bfe5) c.j     pc - 8
core   0: 3 0x8000948e (0xbfe5)
core   0: 0x80009486 (0x00002f17) auipc   t5, 0x2
core   0: 3 0x80009486 (0x00002f17) x30 0x8000b486
core   0: 0x8000948a (0xb63f2d23) sw      gp, -1158(t5)
core   0: 3 0x8000948a (0xb63f2d23) mem 0x8000b000 0x00000001
core   0: 0x8000948e (0x0000bfe5) c.j     pc - 8
core   0: 3 0x8000948e (0xbfe5)
core   0: 0x80009486 (0x00002f17) auipc   t5, 0x2
core   0: 3 0x80009486 (0x00002f17) x30 0x8000b486
core   0: 0x8000948a (0xb63f2d23) sw      gp, -1158(t5)
core   0: 3 0x8000948a (0xb63f2d23) mem 0x8000b000 0x00000001
core   0: 0x8000948e (0x0000bfe5) c.j     pc - 8
core   0: 3 0x8000948e (0xbfe5)
core   0: 0x80009486 (0x00002f17) auipc   t5, 0x2
core   0: 3 0x80009486 (0x00002f17) x30 0x8000b486
core   0: 0x8000948a (0xb63f2d23) sw      gp, -1158(t5)
core   0: 3 0x8000948a (0xb63f2d23) mem 0x8000b000 0x00000001
core   0: 0x8000948e (0x0000bfe5) c.j     pc - 8
core   0: 3 0x8000948e (0xbfe5)
core   0: 0x80009486 (0x00002f17) auipc   t5, 0x2
core   0: 3 0x80009486 (0x00002f17) x30 0x8000b486
core   0: 0x8000948a (0xb63f2d23) sw      gp, -1158(t5)
core   0: 3 0x8000948a (0xb63f2d23) mem 0x8000b000 0x00000001
core   0: 0x8000948e (0x0000bfe5) c.j     pc - 8
core   0: 3 0x8000948e (0xbfe5)
core   0: 0x80009486 (0x00002f17) auipc   t5, 0x2
core   0: 3 0x80009486 (0x00002f17) x30 0x8000b486
core   0: 0x8000948a (0xb63f2d23) sw      gp, -1158(t5)
core   0: 3 0x8000948a (0xb63f2d23) mem 0x8000b000 0x00000001
core   0: 0x8000948e (0x0000bfe5) c.j     pc - 8
core   0: 3 0x8000948e (0xbfe5)
core   0: 0x80009486 (0x00002f17) auipc   t5, 0x2
core   0: 3 0x80009486 (0x00002f17) x30 0x8000b486
core   0: 0x8000948a (0xb63f2d23) sw      gp, -1158(t5)
core   0: 3 0x8000948a (0xb63f2d23) mem 0x8000b000 0x00000001
core   0: 0x8000948e (0x0000bfe5) c.j     pc - 8
core   0: 3 0x8000948e (0xbfe5)
core   0: 0x80009486 (0x00002f17) auipc   t5, 0x2
core   0: 3 0x80009486 (0x00002f17) x30 0x8000b486
core   0: 0x8000948a (0xb63f2d23) sw      gp, -1158(t5)
core   0: 3 0x8000948a (0xb63f2d23) mem 0x8000b000 0x00000001
core   0: 0x8000948e (0x0000bfe5) c.j     pc - 8
core   0: 3 0x8000948e (0xbfe5)
core   0: 0x80009486 (0x00002f17) auipc   t5, 0x2
core   0: 3 0x80009486 (0x00002f17) x30 0x8000b486
core   0: 0x8000948a (0xb63f2d23) sw      gp, -1158(t5)
core   0: 3 0x8000948a (0xb63f2d23) mem 0x8000b000 0x00000001
core   0: 0x8000948e (0x0000bfe5) c.j     pc - 8
core   0: 3 0x8000948e (0xbfe5)
core   0: 0x80009486 (0x00002f17) auipc   t5, 0x2
core   0: 3 0x80009486 (0x00002f17) x30 0x8000b486
core   0: 0x8000948a (0xb63f2d23) sw      gp, -1158(t5)
core   0: 3 0x8000948a (0xb63f2d23) mem 0x8000b000 0x00000001
core   0: 0x8000948e (0x0000bfe5) c.j     pc - 8
core   0: 3 0x8000948e (0xbfe5)
core   0: 0x80009486 (0x00002f17) auipc   t5, 0x2
core   0: 3 0x80009486 (0x00002f17) x30 0x8000b486
core   0: 0x8000948a (0xb63f2d23) sw      gp, -1158(t5)
core   0: 3 0x8000948a (0xb63f2d23) mem 0x8000b000 0x00000001
core   0: 0x8000948e (0x0000bfe5) c.j     pc - 8
core   0: 3 0x8000948e (0xbfe5)
core   0: 0x80009486 (0x00002f17) auipc   t5, 0x2
core   0: 3 0x80009486 (0x00002f17) x30 0x8000b486
core   0: 0x8000948a (0xb63f2d23) sw      gp, -1158(t5)
core   0: 3 0x8000948a (0xb63f2d23) mem 0x8000b000 0x00000001
core   0: 0x8000948e (0x0000bfe5) c.j     pc - 8
core   0: 3 0x8000948e (0xbfe5)
core   0: 0x80009486 (0x00002f17) auipc   t5, 0x2
core   0: 3 0x80009486 (0x00002f17) x30 0x8000b486
core   0: 0x8000948a (0xb63f2d23) sw      gp, -1158(t5)
core   0: 3 0x8000948a (0xb63f2d23) mem 0x8000b000 0x00000001
core   0: 0x8000948e (0x0000bfe5) c.j     pc - 8
core   0: 3 0x8000948e (0xbfe5)
core   0: 0x80009486 (0x00002f17) auipc   t5, 0x2
core   0: 3 0x80009486 (0x00002f17) x30 0x8000b486
core   0: 0x8000948a (0xb63f2d23) sw      gp, -1158(t5)
core   0: 3 0x8000948a (0xb63f2d23) mem 0x8000b000 0x00000001
core   0: 0x8000948e (0x0000bfe5) c.j     pc - 8
core   0: 3 0x8000948e (0xbfe5)
core   0: 0x80009486 (0x00002f17) auipc   t5, 0x2
core   0: 3 0x80009486 (0x00002f17) x30 0x8000b486
core   0: 0x8000948a (0xb63f2d23) sw      gp, -1158(t5)
core   0: 3 0x8000948a (0xb63f2d23) mem 0x8000b000 0x00000001
core   0: 0x8000948e (0x0000bfe5) c.j     pc - 8
core   0: 3 0x8000948e (0xbfe5)
core   0: 0x80009486 (0x00002f17) auipc   t5, 0x2
core   0: 3 0x80009486 (0x00002f17) x30 0x8000b486
core   0: 0x8000948a (0xb63f2d23) sw      gp, -1158(t5)
core   0: 3 0x8000948a (0xb63f2d23) mem 0x8000b000 0x00000001
core   0: 0x8000948e (0x0000bfe5) c.j     pc - 8
core   0: 3 0x8000948e (0xbfe5)
core   0: 0x80009486 (0x00002f17) auipc   t5, 0x2
core   0: 3 0x80009486 (0x00002f17) x30 0x8000b486
core   0: 0x8000948a (0xb63f2d23) sw      gp, -1158(t5)
core   0: 3 0x8000948a (0xb63f2d23) mem 0x8000b000 0x00000001
core   0: 0x8000948e (0x0000bfe5) c.j     pc - 8
core   0: 3 0x8000948e (0xbfe5)
core   0: 0x80009486 (0x00002f17) auipc   t5, 0x2
core   0: 3 0x80009486 (0x00002f17) x30 0x8000b486
core   0: 0x8000948a (0xb63f2d23) sw      gp, -1158(t5)
core   0: 3 0x8000948a (0xb63f2d23) mem 0x8000b000 0x00000001
core   0: 0x8000948e (0x0000bfe5) c.j     pc - 8
core   0: 3 0x8000948e (0xbfe5)
core   0: 0x80009486 (0x00002f17) auipc   t5, 0x2
core   0: 3 0x80009486 (0x00002f17) x30 0x8000b486
core   0: 0x8000948a (0xb63f2d23) sw      gp, -1158(t5)
core   0: 3 0x8000948a (0xb63f2d23) mem 0x8000b000 0x00000001
core   0: 0x8000948e (0x0000bfe5) c.j     pc - 8
core   0: 3 0x8000948e (0xbfe5)
core   0: 0x80009486 (0x00002f17) auipc   t5, 0x2
core   0: 3 0x80009486 (0x00002f17) x30 0x8000b486
core   0: 0x8000948a (0xb63f2d23) sw      gp, -1158(t5)
core   0: 3 0x8000948a (0xb63f2d23) mem 0x8000b000 0x00000001
core   0: 0x8000948e (0x0000bfe5) c.j     pc - 8
core   0: 3 0x8000948e (0xbfe5)
core   0: 0x80009486 (0x00002f17) auipc   t5, 0x2
core   0: 3 0x80009486 (0x00002f17) x30 0x8000b486
core   0: 0x8000948a (0xb63f2d23) sw      gp, -1158(t5)
core   0: 3 0x8000948a (0xb63f2d23) mem 0x8000b000 0x00000001
core   0: 0x8000948e (0x0000bfe5) c.j     pc - 8
core   0: 3 0x8000948e (0xbfe5)
core   0: 0x80009486 (0x00002f17) auipc   t5, 0x2
core   0: 3 0x80009486 (0x00002f17) x30 0x8000b486
core   0: 0x8000948a (0xb63f2d23) sw      gp, -1158(t5)
core   0: 3 0x8000948a (0xb63f2d23) mem 0x8000b000 0x00000001
core   0: 0x8000948e (0x0000bfe5) c.j     pc - 8
core   0: 3 0x8000948e (0xbfe5)
core   0: 0x80009486 (0x00002f17) auipc   t5, 0x2
core   0: 3 0x80009486 (0x00002f17) x30 0x8000b486
core   0: 0x8000948a (0xb63f2d23) sw      gp, -1158(t5)
core   0: 3 0x8000948a (0xb63f2d23) mem 0x8000b000 0x00000001
core   0: 0x8000948e (0x0000bfe5) c.j     pc - 8
core   0: 3 0x8000948e (0xbfe5)
core   0: 0x80009486 (0x00002f17) auipc   t5, 0x2
core   0: 3 0x80009486 (0x00002f17) x30 0x8000b486
core   0: 0x8000948a (0xb63f2d23) sw      gp, -1158(t5)
core   0: 3 0x8000948a (0xb63f2d23) mem 0x8000b000 0x00000001
core   0: 0x8000948e (0x0000bfe5) c.j     pc - 8
core   0: 3 0x8000948e (0xbfe5)
core   0: 0x80009486 (0x00002f17) auipc   t5, 0x2
core   0: 3 0x80009486 (0x00002f17) x30 0x8000b486
core   0: 0x8000948a (0xb63f2d23) sw      gp, -1158(t5)
core   0: 3 0x8000948a (0xb63f2d23) mem 0x8000b000 0x00000001
core   0: 0x8000948e (0x0000bfe5) c.j     pc - 8
core   0: 3 0x8000948e (0xbfe5)
core   0: 0x80009486 (0x00002f17) auipc   t5, 0x2
core   0: 3 0x80009486 (0x00002f17) x30 0x8000b486
core   0: 0x8000948a (0xb63f2d23) sw      gp, -1158(t5)
core   0: 3 0x8000948a (0xb63f2d23) mem 0x8000b000 0x00000001
core   0: 0x8000948e (0x0000bfe5) c.j     pc - 8
core   0: 3 0x8000948e (0xbfe5)
core   0: 0x80009486 (0x00002f17) auipc   t5, 0x2
core   0: 3 0x80009486 (0x00002f17) x30 0x8000b486
core   0: 0x8000948a (0xb63f2d23) sw      gp, -1158(t5)
core   0: 3 0x8000948a (0xb63f2d23) mem 0x8000b000 0x00000001
core   0: 0x8000948e (0x0000bfe5) c.j     pc - 8
core   0: 3 0x8000948e (0xbfe5)
core   0: 0x80009486 (0x00002f17) auipc   t5, 0x2
core   0: 3 0x80009486 (0x00002f17) x30 0x8000b486
core   0: 0x8000948a (0xb63f2d23) sw      gp, -1158(t5)
core   0: 3 0x8000948a (0xb63f2d23) mem 0x8000b000 0x00000001
core   0: 0x8000948e (0x0000bfe5) c.j     pc - 8
core   0: 3 0x8000948e (0xbfe5)
core   0: 0x80009486 (0x00002f17) auipc   t5, 0x2
core   0: 3 0x80009486 (0x00002f17) x30 0x8000b486
core   0: 0x8000948a (0xb63f2d23) sw      gp, -1158(t5)
core   0: 3 0x8000948a (0xb63f2d23) mem 0x8000b000 0x00000001
core   0: 0x8000948e (0x0000bfe5) c.j     pc - 8
core   0: 3 0x8000948e (0xbfe5)
core   0: 0x80009486 (0x00002f17) auipc   t5, 0x2
core   0: 3 0x80009486 (0x00002f17) x30 0x8000b486
core   0: 0x8000948a (0xb63f2d23) sw      gp, -1158(t5)
core   0: 3 0x8000948a (0xb63f2d23) mem 0x8000b000 0x00000001
core   0: 0x8000948e (0x0000bfe5) c.j     pc - 8
core   0: 3 0x8000948e (0xbfe5)
core   0: 0x80009486 (0x00002f17) auipc   t5, 0x2
core   0: 3 0x80009486 (0x00002f17) x30 0x8000b486
core   0: 0x8000948a (0xb63f2d23) sw      gp, -1158(t5)
core   0: 3 0x8000948a (0xb63f2d23) mem 0x8000b000 0x00000001
core   0: 0x8000948e (0x0000bfe5) c.j     pc - 8
core   0: 3 0x8000948e (0xbfe5)
core   0: 0x80009486 (0x00002f17) auipc   t5, 0x2
core   0: 3 0x80009486 (0x00002f17) x30 0x8000b486
core   0: 0x8000948a (0xb63f2d23) sw      gp, -1158(t5)
core   0: 3 0x8000948a (0xb63f2d23) mem 0x8000b000 0x00000001
core   0: 0x8000948e (0x0000bfe5) c.j     pc - 8
core   0: 3 0x8000948e (0xbfe5)
core   0: 0x80009486 (0x00002f17) auipc   t5, 0x2
core   0: 3 0x80009486 (0x00002f17) x30 0x8000b486
core   0: 0x8000948a (0xb63f2d23) sw      gp, -1158(t5)
core   0: 3 0x8000948a (0xb63f2d23) mem 0x8000b000 0x00000001
core   0: 0x8000948e (0x0000bfe5) c.j     pc - 8
core   0: 3 0x8000948e (0xbfe5)
core   0: 0x80009486 (0x00002f17) auipc   t5, 0x2
core   0: 3 0x80009486 (0x00002f17) x30 0x8000b486
core   0: 0x8000948a (0xb63f2d23) sw      gp, -1158(t5)
core   0: 3 0x8000948a (0xb63f2d23) mem 0x8000b000 0x00000001
core   0: 0x8000948e (0x0000bfe5) c.j     pc - 8
core   0: 3 0x8000948e (0xbfe5)
core   0: 0x80009486 (0x00002f17) auipc   t5, 0x2
core   0: 3 0x80009486 (0x00002f17) x30 0x8000b486
core   0: 0x8000948a (0xb63f2d23) sw      gp, -1158(t5)
core   0: 3 0x8000948a (0xb63f2d23) mem 0x8000b000 0x00000001
core   0: 0x8000948e (0x0000bfe5) c.j     pc - 8
core   0: 3 0x8000948e (0xbfe5)
core   0: 0x80009486 (0x00002f17) auipc   t5, 0x2
core   0: 3 0x80009486 (0x00002f17) x30 0x8000b486
core   0: 0x8000948a (0xb63f2d23) sw      gp, -1158(t5)
core   0: 3 0x8000948a (0xb63f2d23) mem 0x8000b000 0x00000001
core   0: 0x8000948e (0x0000bfe5) c.j     pc - 8
core   0: 3 0x8000948e (0xbfe5)
core   0: 0x80009486 (0x00002f17) auipc   t5, 0x2
core   0: 3 0x80009486 (0x00002f17) x30 0x8000b486
core   0: 0x8000948a (0xb63f2d23) sw      gp, -1158(t5)
core   0: 3 0x8000948a (0xb63f2d23) mem 0x8000b000 0x00000001
core   0: 0x8000948e (0x0000bfe5) c.j     pc - 8
core   0: 3 0x8000948e (0xbfe5)
core   0: 0x80009486 (0x00002f17) auipc   t5, 0x2
core   0: 3 0x80009486 (0x00002f17) x30 0x8000b486
core   0: 0x8000948a (0xb63f2d23) sw      gp, -1158(t5)
core   0: 3 0x8000948a (0xb63f2d23) mem 0x8000b000 0x00000001
core   0: 0x8000948e (0x0000bfe5) c.j     pc - 8
core   0: 3 0x8000948e (0xbfe5)
core   0: 0x80009486 (0x00002f17) auipc   t5, 0x2
core   0: 3 0x80009486 (0x00002f17) x30 0x8000b486
core   0: 0x8000948a (0xb63f2d23) sw      gp, -1158(t5)
core   0: 3 0x8000948a (0xb63f2d23) mem 0x8000b000 0x00000001
core   0: 0x8000948e (0x0000bfe5) c.j     pc - 8
core   0: 3 0x8000948e (0xbfe5)
core   0: 0x80009486 (0x00002f17) auipc   t5, 0x2
core   0: 3 0x80009486 (0x00002f17) x30 0x8000b486
core   0: 0x8000948a (0xb63f2d23) sw      gp, -1158(t5)
core   0: 3 0x8000948a (0xb63f2d23) mem 0x8000b000 0x00000001
core   0: 0x8000948e (0x0000bfe5) c.j     pc - 8
core   0: 3 0x8000948e (0xbfe5)
core   0: 0x80009486 (0x00002f17) auipc   t5, 0x2
core   0: 3 0x80009486 (0x00002f17) x30 0x8000b486
core   0: 0x8000948a (0xb63f2d23) sw      gp, -1158(t5)
core   0: 3 0x8000948a (0xb63f2d23) mem 0x8000b000 0x00000001
core   0: 0x8000948e (0x0000bfe5) c.j     pc - 8
core   0: 3 0x8000948e (0xbfe5)
core   0: 0x80009486 (0x00002f17) auipc   t5, 0x2
core   0: 3 0x80009486 (0x00002f17) x30 0x8000b486
core   0: 0x8000948a (0xb63f2d23) sw      gp, -1158(t5)
core   0: 3 0x8000948a (0xb63f2d23) mem 0x8000b000 0x00000001
core   0: 0x8000948e (0x0000bfe5) c.j     pc - 8
core   0: 3 0x8000948e (0xbfe5)
core   0: 0x80009486 (0x00002f17) auipc   t5, 0x2
core   0: 3 0x80009486 (0x00002f17) x30 0x8000b486
core   0: 0x8000948a (0xb63f2d23) sw      gp, -1158(t5)
core   0: 3 0x8000948a (0xb63f2d23) mem 0x8000b000 0x00000001
core   0: 0x8000948e (0x0000bfe5) c.j     pc - 8
core   0: 3 0x8000948e (0xbfe5)
core   0: 0x80009486 (0x00002f17) auipc   t5, 0x2
core   0: 3 0x80009486 (0x00002f17) x30 0x8000b486
core   0: 0x8000948a (0xb63f2d23) sw      gp, -1158(t5)
core   0: 3 0x8000948a (0xb63f2d23) mem 0x8000b000 0x00000001
core   0: 0x8000948e (0x0000bfe5) c.j     pc - 8
core   0: 3 0x8000948e (0xbfe5)
core   0: 0x80009486 (0x00002f17) auipc   t5, 0x2
core   0: 3 0x80009486 (0x00002f17) x30 0x8000b486
core   0: 0x8000948a (0xb63f2d23) sw      gp, -1158(t5)
core   0: 3 0x8000948a (0xb63f2d23) mem 0x8000b000 0x00000001
core   0: 0x8000948e (0x0000bfe5) c.j     pc - 8
core   0: 3 0x8000948e (0xbfe5)
core   0: 0x80009486 (0x00002f17) auipc   t5, 0x2
core   0: 3 0x80009486 (0x00002f17) x30 0x8000b486
core   0: 0x8000948a (0xb63f2d23) sw      gp, -1158(t5)
core   0: 3 0x8000948a (0xb63f2d23) mem 0x8000b000 0x00000001
core   0: 0x8000948e (0x0000bfe5) c.j     pc - 8
core   0: 3 0x8000948e (0xbfe5)
core   0: 0x80009486 (0x00002f17) auipc   t5, 0x2
core   0: 3 0x80009486 (0x00002f17) x30 0x8000b486
core   0: 0x8000948a (0xb63f2d23) sw      gp, -1158(t5)
core   0: 3 0x8000948a (0xb63f2d23) mem 0x8000b000 0x00000001
core   0: 0x8000948e (0x0000bfe5) c.j     pc - 8
core   0: 3 0x8000948e (0xbfe5)
core   0: 0x80009486 (0x00002f17) auipc   t5, 0x2
core   0: 3 0x80009486 (0x00002f17) x30 0x8000b486
core   0: 0x8000948a (0xb63f2d23) sw      gp, -1158(t5)
core   0: 3 0x8000948a (0xb63f2d23) mem 0x8000b000 0x00000001
core   0: 0x8000948e (0x0000bfe5) c.j     pc - 8
core   0: 3 0x8000948e (0xbfe5)
core   0: 0x80009486 (0x00002f17) auipc   t5, 0x2
core   0: 3 0x80009486 (0x00002f17) x30 0x8000b486
core   0: 0x8000948a (0xb63f2d23) sw      gp, -1158(t5)
core   0: 3 0x8000948a (0xb63f2d23) mem 0x8000b000 0x00000001
core   0: 0x8000948e (0x0000bfe5) c.j     pc - 8
core   0: 3 0x8000948e (0xbfe5)
core   0: 0x80009486 (0x00002f17) auipc   t5, 0x2
core   0: 3 0x80009486 (0x00002f17) x30 0x8000b486
core   0: 0x8000948a (0xb63f2d23) sw      gp, -1158(t5)
core   0: 3 0x8000948a (0xb63f2d23) mem 0x8000b000 0x00000001
core   0: 0x8000948e (0x0000bfe5) c.j     pc - 8
core   0: 3 0x8000948e (0xbfe5)
core   0: 0x80009486 (0x00002f17) auipc   t5, 0x2
core   0: 3 0x80009486 (0x00002f17) x30 0x8000b486
core   0: 0x8000948a (0xb63f2d23) sw      gp, -1158(t5)
core   0: 3 0x8000948a (0xb63f2d23) mem 0x8000b000 0x00000001
core   0: 0x8000948e (0x0000bfe5) c.j     pc - 8
core   0: 3 0x8000948e (0xbfe5)
core   0: 0x80009486 (0x00002f17) auipc   t5, 0x2
core   0: 3 0x80009486 (0x00002f17) x30 0x8000b486
core   0: 0x8000948a (0xb63f2d23) sw      gp, -1158(t5)
core   0: 3 0x8000948a (0xb63f2d23) mem 0x8000b000 0x00000001
core   0: 0x8000948e (0x0000bfe5) c.j     pc - 8
core   0: 3 0x8000948e (0xbfe5)
core   0: 0x80009486 (0x00002f17) auipc   t5, 0x2
core   0: 3 0x80009486 (0x00002f17) x30 0x8000b486
core   0: 0x8000948a (0xb63f2d23) sw      gp, -1158(t5)
core   0: 3 0x8000948a (0xb63f2d23) mem 0x8000b000 0x00000001
core   0: 0x8000948e (0x0000bfe5) c.j     pc - 8
core   0: 3 0x8000948e (0xbfe5)
core   0: 0x80009486 (0x00002f17) auipc   t5, 0x2
core   0: 3 0x80009486 (0x00002f17) x30 0x8000b486
core   0: 0x8000948a (0xb63f2d23) sw      gp, -1158(t5)
core   0: 3 0x8000948a (0xb63f2d23) mem 0x8000b000 0x00000001
core   0: 0x8000948e (0x0000bfe5) c.j     pc - 8
core   0: 3 0x8000948e (0xbfe5)
core   0: 0x80009486 (0x00002f17) auipc   t5, 0x2
core   0: 3 0x80009486 (0x00002f17) x30 0x8000b486
core   0: 0x8000948a (0xb63f2d23) sw      gp, -1158(t5)
core   0: 3 0x8000948a (0xb63f2d23) mem 0x8000b000 0x00000001
core   0: 0x8000948e (0x0000bfe5) c.j     pc - 8
core   0: 3 0x8000948e (0xbfe5)
core   0: 0x80009486 (0x00002f17) auipc   t5, 0x2
core   0: 3 0x80009486 (0x00002f17) x30 0x8000b486
core   0: 0x8000948a (0xb63f2d23) sw      gp, -1158(t5)
core   0: 3 0x8000948a (0xb63f2d23) mem 0x8000b000 0x00000001
core   0: 0x8000948e (0x0000bfe5) c.j     pc - 8
core   0: 3 0x8000948e (0xbfe5)
core   0: 0x80009486 (0x00002f17) auipc   t5, 0x2
core   0: 3 0x80009486 (0x00002f17) x30 0x8000b486
core   0: 0x8000948a (0xb63f2d23) sw      gp, -1158(t5)
core   0: 3 0x8000948a (0xb63f2d23) mem 0x8000b000 0x00000001
core   0: 0x8000948e (0x0000bfe5) c.j     pc - 8
core   0: 3 0x8000948e (0xbfe5)
core   0: 0x80009486 (0x00002f17) auipc   t5, 0x2
core   0: 3 0x80009486 (0x00002f17) x30 0x8000b486
core   0: 0x8000948a (0xb63f2d23) sw      gp, -1158(t5)
core   0: 3 0x8000948a (0xb63f2d23) mem 0x8000b000 0x00000001
core   0: 0x8000948e (0x0000bfe5) c.j     pc - 8
core   0: 3 0x8000948e (0xbfe5)
core   0: 0x80009486 (0x00002f17) auipc   t5, 0x2
core   0: 3 0x80009486 (0x00002f17) x30 0x8000b486
core   0: 0x8000948a (0xb63f2d23) sw      gp, -1158(t5)
core   0: 3 0x8000948a (0xb63f2d23) mem 0x8000b000 0x00000001
core   0: 0x8000948e (0x0000bfe5) c.j     pc - 8
core   0: 3 0x8000948e (0xbfe5)
core   0: 0x80009486 (0x00002f17) auipc   t5, 0x2
core   0: 3 0x80009486 (0x00002f17) x30 0x8000b486
core   0: 0x8000948a (0xb63f2d23) sw      gp, -1158(t5)
core   0: 3 0x8000948a (0xb63f2d23) mem 0x8000b000 0x00000001
core   0: 0x8000948e (0x0000bfe5) c.j     pc - 8
core   0: 3 0x8000948e (0xbfe5)
core   0: 0x80009486 (0x00002f17) auipc   t5, 0x2
core   0: 3 0x80009486 (0x00002f17) x30 0x8000b486
core   0: 0x8000948a (0xb63f2d23) sw      gp, -1158(t5)
core   0: 3 0x8000948a (0xb63f2d23) mem 0x8000b000 0x00000001
core   0: 0x8000948e (0x0000bfe5) c.j     pc - 8
core   0: 3 0x8000948e (0xbfe5)
core   0: 0x80009486 (0x00002f17) auipc   t5, 0x2
core   0: 3 0x80009486 (0x00002f17) x30 0x8000b486
core   0: 0x8000948a (0xb63f2d23) sw      gp, -1158(t5)
core   0: 3 0x8000948a (0xb63f2d23) mem 0x8000b000 0x00000001
core   0: 0x8000948e (0x0000bfe5) c.j     pc - 8
core   0: 3 0x8000948e (0xbfe5)
core   0: 0x80009486 (0x00002f17) auipc   t5, 0x2
core   0: 3 0x80009486 (0x00002f17) x30 0x8000b486
core   0: 0x8000948a (0xb63f2d23) sw      gp, -1158(t5)
core   0: 3 0x8000948a (0xb63f2d23) mem 0x8000b000 0x00000001
core   0: 0x8000948e (0x0000bfe5) c.j     pc - 8
core   0: 3 0x8000948e (0xbfe5)
core   0: 0x80009486 (0x00002f17) auipc   t5, 0x2
core   0: 3 0x80009486 (0x00002f17) x30 0x8000b486
core   0: 0x8000948a (0xb63f2d23) sw      gp, -1158(t5)
core   0: 3 0x8000948a (0xb63f2d23) mem 0x8000b000 0x00000001
core   0: 0x8000948e (0x0000bfe5) c.j     pc - 8
core   0: 3 0x8000948e (0xbfe5)
core   0: 0x80009486 (0x00002f17) auipc   t5, 0x2
core   0: 3 0x80009486 (0x00002f17) x30 0x8000b486
core   0: 0x8000948a (0xb63f2d23) sw      gp, -1158(t5)
core   0: 3 0x8000948a (0xb63f2d23) mem 0x8000b000 0x00000001
core   0: 0x8000948e (0x0000bfe5) c.j     pc - 8
core   0: 3 0x8000948e (0xbfe5)
core   0: 0x80009486 (0x00002f17) auipc   t5, 0x2
core   0: 3 0x80009486 (0x00002f17) x30 0x8000b486
core   0: 0x8000948a (0xb63f2d23) sw      gp, -1158(t5)
core   0: 3 0x8000948a (0xb63f2d23) mem 0x8000b000 0x00000001
core   0: 0x8000948e (0x0000bfe5) c.j     pc - 8
core   0: 3 0x8000948e (0xbfe5)
core   0: 0x80009486 (0x00002f17) auipc   t5, 0x2
core   0: 3 0x80009486 (0x00002f17) x30 0x8000b486
core   0: 0x8000948a (0xb63f2d23) sw      gp, -1158(t5)
core   0: 3 0x8000948a (0xb63f2d23) mem 0x8000b000 0x00000001
core   0: 0x8000948e (0x0000bfe5) c.j     pc - 8
core   0: 3 0x8000948e (0xbfe5)
core   0: 0x80009486 (0x00002f17) auipc   t5, 0x2
core   0: 3 0x80009486 (0x00002f17) x30 0x8000b486
core   0: 0x8000948a (0xb63f2d23) sw      gp, -1158(t5)
core   0: 3 0x8000948a (0xb63f2d23) mem 0x8000b000 0x00000001
core   0: 0x8000948e (0x0000bfe5) c.j     pc - 8
core   0: 3 0x8000948e (0xbfe5)
core   0: 0x80009486 (0x00002f17) auipc   t5, 0x2
core   0: 3 0x80009486 (0x00002f17) x30 0x8000b486
core   0: 0x8000948a (0xb63f2d23) sw      gp, -1158(t5)
core   0: 3 0x8000948a (0xb63f2d23) mem 0x8000b000 0x00000001
core   0: 0x8000948e (0x0000bfe5) c.j     pc - 8
core   0: 3 0x8000948e (0xbfe5)
core   0: 0x80009486 (0x00002f17) auipc   t5, 0x2
core   0: 3 0x80009486 (0x00002f17) x30 0x8000b486
core   0: 0x8000948a (0xb63f2d23) sw      gp, -1158(t5)
core   0: 3 0x8000948a (0xb63f2d23) mem 0x8000b000 0x00000001
core   0: 0x8000948e (0x0000bfe5) c.j     pc - 8
core   0: 3 0x8000948e (0xbfe5)
core   0: 0x80009486 (0x00002f17) auipc   t5, 0x2
core   0: 3 0x80009486 (0x00002f17) x30 0x8000b486
core   0: 0x8000948a (0xb63f2d23) sw      gp, -1158(t5)
core   0: 3 0x8000948a (0xb63f2d23) mem 0x8000b000 0x00000001
core   0: 0x8000948e (0x0000bfe5) c.j     pc - 8
core   0: 3 0x8000948e (0xbfe5)
core   0: 0x80009486 (0x00002f17) auipc   t5, 0x2
core   0: 3 0x80009486 (0x00002f17) x30 0x8000b486
core   0: 0x8000948a (0xb63f2d23) sw      gp, -1158(t5)
core   0: 3 0x8000948a (0xb63f2d23) mem 0x8000b000 0x00000001
core   0: 0x8000948e (0x0000bfe5) c.j     pc - 8
core   0: 3 0x8000948e (0xbfe5)
core   0: 0x80009486 (0x00002f17) auipc   t5, 0x2
core   0: 3 0x80009486 (0x00002f17) x30 0x8000b486
core   0: 0x8000948a (0xb63f2d23) sw      gp, -1158(t5)
core   0: 3 0x8000948a (0xb63f2d23) mem 0x8000b000 0x00000001
core   0: 0x8000948e (0x0000bfe5) c.j     pc - 8
core   0: 3 0x8000948e (0xbfe5)
core   0: 0x80009486 (0x00002f17) auipc   t5, 0x2
core   0: 3 0x80009486 (0x00002f17) x30 0x8000b486
core   0: 0x8000948a (0xb63f2d23) sw      gp, -1158(t5)
core   0: 3 0x8000948a (0xb63f2d23) mem 0x8000b000 0x00000001
core   0: 0x8000948e (0x0000bfe5) c.j     pc - 8
core   0: 3 0x8000948e (0xbfe5)
core   0: 0x80009486 (0x00002f17) auipc   t5, 0x2
core   0: 3 0x80009486 (0x00002f17) x30 0x8000b486
core   0: 0x8000948a (0xb63f2d23) sw      gp, -1158(t5)
core   0: 3 0x8000948a (0xb63f2d23) mem 0x8000b000 0x00000001
core   0: 0x8000948e (0x0000bfe5) c.j     pc - 8
core   0: 3 0x8000948e (0xbfe5)
core   0: 0x80009486 (0x00002f17) auipc   t5, 0x2
core   0: 3 0x80009486 (0x00002f17) x30 0x8000b486
core   0: 0x8000948a (0xb63f2d23) sw      gp, -1158(t5)
core   0: 3 0x8000948a (0xb63f2d23) mem 0x8000b000 0x00000001
core   0: 0x8000948e (0x0000bfe5) c.j     pc - 8
core   0: 3 0x8000948e (0xbfe5)
core   0: 0x80009486 (0x00002f17) auipc   t5, 0x2
core   0: 3 0x80009486 (0x00002f17) x30 0x8000b486
core   0: 0x8000948a (0xb63f2d23) sw      gp, -1158(t5)
core   0: 3 0x8000948a (0xb63f2d23) mem 0x8000b000 0x00000001
core   0: 0x8000948e (0x0000bfe5) c.j     pc - 8
core   0: 3 0x8000948e (0xbfe5)
core   0: 0x80009486 (0x00002f17) auipc   t5, 0x2
core   0: 3 0x80009486 (0x00002f17) x30 0x8000b486
core   0: 0x8000948a (0xb63f2d23) sw      gp, -1158(t5)
core   0: 3 0x8000948a (0xb63f2d23) mem 0x8000b000 0x00000001
core   0: 0x8000948e (0x0000bfe5) c.j     pc - 8
core   0: 3 0x8000948e (0xbfe5)
core   0: 0x80009486 (0x00002f17) auipc   t5, 0x2
core   0: 3 0x80009486 (0x00002f17) x30 0x8000b486
core   0: 0x8000948a (0xb63f2d23) sw      gp, -1158(t5)
core   0: 3 0x8000948a (0xb63f2d23) mem 0x8000b000 0x00000001
core   0: 0x8000948e (0x0000bfe5) c.j     pc - 8
core   0: 3 0x8000948e (0xbfe5)
core   0: 0x80009486 (0x00002f17) auipc   t5, 0x2
core   0: 3 0x80009486 (0x00002f17) x30 0x8000b486
core   0: 0x8000948a (0xb63f2d23) sw      gp, -1158(t5)
core   0: 3 0x8000948a (0xb63f2d23) mem 0x8000b000 0x00000001
core   0: 0x8000948e (0x0000bfe5) c.j     pc - 8
core   0: 3 0x8000948e (0xbfe5)
core   0: 0x80009486 (0x00002f17) auipc   t5, 0x2
core   0: 3 0x80009486 (0x00002f17) x30 0x8000b486
core   0: 0x8000948a (0xb63f2d23) sw      gp, -1158(t5)
core   0: 3 0x8000948a (0xb63f2d23) mem 0x8000b000 0x00000001
core   0: 0x8000948e (0x0000bfe5) c.j     pc - 8
core   0: 3 0x8000948e (0xbfe5)
core   0: 0x80009486 (0x00002f17) auipc   t5, 0x2
core   0: 3 0x80009486 (0x00002f17) x30 0x8000b486
core   0: 0x8000948a (0xb63f2d23) sw      gp, -1158(t5)
core   0: 3 0x8000948a (0xb63f2d23) mem 0x8000b000 0x00000001
core   0: 0x8000948e (0x0000bfe5) c.j     pc - 8
core   0: 3 0x8000948e (0xbfe5)
core   0: 0x80009486 (0x00002f17) auipc   t5, 0x2
core   0: 3 0x80009486 (0x00002f17) x30 0x8000b486
core   0: 0x8000948a (0xb63f2d23) sw      gp, -1158(t5)
core   0: 3 0x8000948a (0xb63f2d23) mem 0x8000b000 0x00000001
core   0: 0x8000948e (0x0000bfe5) c.j     pc - 8
core   0: 3 0x8000948e (0xbfe5)
core   0: 0x80009486 (0x00002f17) auipc   t5, 0x2
core   0: 3 0x80009486 (0x00002f17) x30 0x8000b486
core   0: 0x8000948a (0xb63f2d23) sw      gp, -1158(t5)
core   0: 3 0x8000948a (0xb63f2d23) mem 0x8000b000 0x00000001
core   0: 0x8000948e (0x0000bfe5) c.j     pc - 8
core   0: 3 0x8000948e (0xbfe5)
core   0: 0x80009486 (0x00002f17) auipc   t5, 0x2
core   0: 3 0x80009486 (0x00002f17) x30 0x8000b486
core   0: 0x8000948a (0xb63f2d23) sw      gp, -1158(t5)
core   0: 3 0x8000948a (0xb63f2d23) mem 0x8000b000 0x00000001
core   0: 0x8000948e (0x0000bfe5) c.j     pc - 8
core   0: 3 0x8000948e (0xbfe5)
core   0: 0x80009486 (0x00002f17) auipc   t5, 0x2
core   0: 3 0x80009486 (0x00002f17) x30 0x8000b486
core   0: 0x8000948a (0xb63f2d23) sw      gp, -1158(t5)
core   0: 3 0x8000948a (0xb63f2d23) mem 0x8000b000 0x00000001
core   0: 0x8000948e (0x0000bfe5) c.j     pc - 8
core   0: 3 0x8000948e (0xbfe5)
core   0: 0x80009486 (0x00002f17) auipc   t5, 0x2
core   0: 3 0x80009486 (0x00002f17) x30 0x8000b486
core   0: 0x8000948a (0xb63f2d23) sw      gp, -1158(t5)
core   0: 3 0x8000948a (0xb63f2d23) mem 0x8000b000 0x00000001
core   0: 0x8000948e (0x0000bfe5) c.j     pc - 8
core   0: 3 0x8000948e (0xbfe5)
core   0: 0x80009486 (0x00002f17) auipc   t5, 0x2
core   0: 3 0x80009486 (0x00002f17) x30 0x8000b486
core   0: 0x8000948a (0xb63f2d23) sw      gp, -1158(t5)
core   0: 3 0x8000948a (0xb63f2d23) mem 0x8000b000 0x00000001
core   0: 0x8000948e (0x0000bfe5) c.j     pc - 8
core   0: 3 0x8000948e (0xbfe5)
core   0: 0x80009486 (0x00002f17) auipc   t5, 0x2
core   0: 3 0x80009486 (0x00002f17) x30 0x8000b486
core   0: 0x8000948a (0xb63f2d23) sw      gp, -1158(t5)
core   0: 3 0x8000948a (0xb63f2d23) mem 0x8000b000 0x00000001
core   0: 0x8000948e (0x0000bfe5) c.j     pc - 8
core   0: 3 0x8000948e (0xbfe5)
core   0: 0x80009486 (0x00002f17) auipc   t5, 0x2
core   0: 3 0x80009486 (0x00002f17) x30 0x8000b486
core   0: 0x8000948a (0xb63f2d23) sw      gp, -1158(t5)
core   0: 3 0x8000948a (0xb63f2d23) mem 0x8000b000 0x00000001
core   0: 0x8000948e (0x0000bfe5) c.j     pc - 8
core   0: 3 0x8000948e (0xbfe5)
core   0: 0x80009486 (0x00002f17) auipc   t5, 0x2
core   0: 3 0x80009486 (0x00002f17) x30 0x8000b486
core   0: 0x8000948a (0xb63f2d23) sw      gp, -1158(t5)
core   0: 3 0x8000948a (0xb63f2d23) mem 0x8000b000 0x00000001
core   0: 0x8000948e (0x0000bfe5) c.j     pc - 8
core   0: 3 0x8000948e (0xbfe5)
core   0: 0x80009486 (0x00002f17) auipc   t5, 0x2
core   0: 3 0x80009486 (0x00002f17) x30 0x8000b486
core   0: 0x8000948a (0xb63f2d23) sw      gp, -1158(t5)
core   0: 3 0x8000948a (0xb63f2d23) mem 0x8000b000 0x00000001
core   0: 0x8000948e (0x0000bfe5) c.j     pc - 8
core   0: 3 0x8000948e (0xbfe5)
core   0: 0x80009486 (0x00002f17) auipc   t5, 0x2
core   0: 3 0x80009486 (0x00002f17) x30 0x8000b486
core   0: 0x8000948a (0xb63f2d23) sw      gp, -1158(t5)
core   0: 3 0x8000948a (0xb63f2d23) mem 0x8000b000 0x00000001
core   0: 0x8000948e (0x0000bfe5) c.j     pc - 8
core   0: 3 0x8000948e (0xbfe5)
core   0: 0x80009486 (0x00002f17) auipc   t5, 0x2
core   0: 3 0x80009486 (0x00002f17) x30 0x8000b486
core   0: 0x8000948a (0xb63f2d23) sw      gp, -1158(t5)
core   0: 3 0x8000948a (0xb63f2d23) mem 0x8000b000 0x00000001
core   0: 0x8000948e (0x0000bfe5) c.j     pc - 8
core   0: 3 0x8000948e (0xbfe5)
core   0: 0x80009486 (0x00002f17) auipc   t5, 0x2
core   0: 3 0x80009486 (0x00002f17) x30 0x8000b486
core   0: 0x8000948a (0xb63f2d23) sw      gp, -1158(t5)
core   0: 3 0x8000948a (0xb63f2d23) mem 0x8000b000 0x00000001
core   0: 0x8000948e (0x0000bfe5) c.j     pc - 8
core   0: 3 0x8000948e (0xbfe5)
core   0: 0x80009486 (0x00002f17) auipc   t5, 0x2
core   0: 3 0x80009486 (0x00002f17) x30 0x8000b486
core   0: 0x8000948a (0xb63f2d23) sw      gp, -1158(t5)
core   0: 3 0x8000948a (0xb63f2d23) mem 0x8000b000 0x00000001
core   0: 0x8000948e (0x0000bfe5) c.j     pc - 8
core   0: 3 0x8000948e (0xbfe5)
core   0: 0x80009486 (0x00002f17) auipc   t5, 0x2
core   0: 3 0x80009486 (0x00002f17) x30 0x8000b486
core   0: 0x8000948a (0xb63f2d23) sw      gp, -1158(t5)
core   0: 3 0x8000948a (0xb63f2d23) mem 0x8000b000 0x00000001
core   0: 0x8000948e (0x0000bfe5) c.j     pc - 8
core   0: 3 0x8000948e (0xbfe5)
core   0: 0x80009486 (0x00002f17) auipc   t5, 0x2
core   0: 3 0x80009486 (0x00002f17) x30 0x8000b486
core   0: 0x8000948a (0xb63f2d23) sw      gp, -1158(t5)
core   0: 3 0x8000948a (0xb63f2d23) mem 0x8000b000 0x00000001
core   0: 0x8000948e (0x0000bfe5) c.j     pc - 8
core   0: 3 0x8000948e (0xbfe5)
core   0: 0x80009486 (0x00002f17) auipc   t5, 0x2
core   0: 3 0x80009486 (0x00002f17) x30 0x8000b486
core   0: 0x8000948a (0xb63f2d23) sw      gp, -1158(t5)
core   0: 3 0x8000948a (0xb63f2d23) mem 0x8000b000 0x00000001
core   0: 0x8000948e (0x0000bfe5) c.j     pc - 8
core   0: 3 0x8000948e (0xbfe5)
core   0: 0x80009486 (0x00002f17) auipc   t5, 0x2
core   0: 3 0x80009486 (0x00002f17) x30 0x8000b486
core   0: 0x8000948a (0xb63f2d23) sw      gp, -1158(t5)
core   0: 3 0x8000948a (0xb63f2d23) mem 0x8000b000 0x00000001
core   0: 0x8000948e (0x0000bfe5) c.j     pc - 8
core   0: 3 0x8000948e (0xbfe5)
core   0: 0x80009486 (0x00002f17) auipc   t5, 0x2
core   0: 3 0x80009486 (0x00002f17) x30 0x8000b486
core   0: 0x8000948a (0xb63f2d23) sw      gp, -1158(t5)
core   0: 3 0x8000948a (0xb63f2d23) mem 0x8000b000 0x00000001
core   0: 0x8000948e (0x0000bfe5) c.j     pc - 8
core   0: 3 0x8000948e (0xbfe5)
core   0: 0x80009486 (0x00002f17) auipc   t5, 0x2
core   0: 3 0x80009486 (0x00002f17) x30 0x8000b486
core   0: 0x8000948a (0xb63f2d23) sw      gp, -1158(t5)
core   0: 3 0x8000948a (0xb63f2d23) mem 0x8000b000 0x00000001
core   0: 0x8000948e (0x0000bfe5) c.j     pc - 8
core   0: 3 0x8000948e (0xbfe5)
core   0: 0x80009486 (0x00002f17) auipc   t5, 0x2
core   0: 3 0x80009486 (0x00002f17) x30 0x8000b486
core   0: 0x8000948a (0xb63f2d23) sw      gp, -1158(t5)
core   0: 3 0x8000948a (0xb63f2d23) mem 0x8000b000 0x00000001
core   0: 0x8000948e (0x0000bfe5) c.j     pc - 8
core   0: 3 0x8000948e (0xbfe5)
core   0: 0x80009486 (0x00002f17) auipc   t5, 0x2
core   0: 3 0x80009486 (0x00002f17) x30 0x8000b486
core   0: 0x8000948a (0xb63f2d23) sw      gp, -1158(t5)
core   0: 3 0x8000948a (0xb63f2d23) mem 0x8000b000 0x00000001
core   0: 0x8000948e (0x0000bfe5) c.j     pc - 8
core   0: 3 0x8000948e (0xbfe5)
core   0: 0x80009486 (0x00002f17) auipc   t5, 0x2
core   0: 3 0x80009486 (0x00002f17) x30 0x8000b486
core   0: 0x8000948a (0xb63f2d23) sw      gp, -1158(t5)
core   0: 3 0x8000948a (0xb63f2d23) mem 0x8000b000 0x00000001
core   0: 0x8000948e (0x0000bfe5) c.j     pc - 8
core   0: 3 0x8000948e (0xbfe5)
core   0: 0x80009486 (0x00002f17) auipc   t5, 0x2
core   0: 3 0x80009486 (0x00002f17) x30 0x8000b486
core   0: 0x8000948a (0xb63f2d23) sw      gp, -1158(t5)
core   0: 3 0x8000948a (0xb63f2d23) mem 0x8000b000 0x00000001
core   0: 0x8000948e (0x0000bfe5) c.j     pc - 8
core   0: 3 0x8000948e (0xbfe5)
core   0: 0x80009486 (0x00002f17) auipc   t5, 0x2
core   0: 3 0x80009486 (0x00002f17) x30 0x8000b486
core   0: 0x8000948a (0xb63f2d23) sw      gp, -1158(t5)
core   0: 3 0x8000948a (0xb63f2d23) mem 0x8000b000 0x00000001
core   0: 0x8000948e (0x0000bfe5) c.j     pc - 8
core   0: 3 0x8000948e (0xbfe5)
core   0: 0x80009486 (0x00002f17) auipc   t5, 0x2
core   0: 3 0x80009486 (0x00002f17) x30 0x8000b486
core   0: 0x8000948a (0xb63f2d23) sw      gp, -1158(t5)
core   0: 3 0x8000948a (0xb63f2d23) mem 0x8000b000 0x00000001
core   0: 0x8000948e (0x0000bfe5) c.j     pc - 8
core   0: 3 0x8000948e (0xbfe5)
core   0: 0x80009486 (0x00002f17) auipc   t5, 0x2
core   0: 3 0x80009486 (0x00002f17) x30 0x8000b486
core   0: 0x8000948a (0xb63f2d23) sw      gp, -1158(t5)
core   0: 3 0x8000948a (0xb63f2d23) mem 0x8000b000 0x00000001
core   0: 0x8000948e (0x0000bfe5) c.j     pc - 8
core   0: 3 0x8000948e (0xbfe5)
core   0: 0x80009486 (0x00002f17) auipc   t5, 0x2
core   0: 3 0x80009486 (0x00002f17) x30 0x8000b486
core   0: 0x8000948a (0xb63f2d23) sw      gp, -1158(t5)
core   0: 3 0x8000948a (0xb63f2d23) mem 0x8000b000 0x00000001
core   0: 0x8000948e (0x0000bfe5) c.j     pc - 8
core   0: 3 0x8000948e (0xbfe5)
core   0: 0x80009486 (0x00002f17) auipc   t5, 0x2
core   0: 3 0x80009486 (0x00002f17) x30 0x8000b486
core   0: 0x8000948a (0xb63f2d23) sw      gp, -1158(t5)
core   0: 3 0x8000948a (0xb63f2d23) mem 0x8000b000 0x00000001
core   0: 0x8000948e (0x0000bfe5) c.j     pc - 8
core   0: 3 0x8000948e (0xbfe5)
core   0: 0x80009486 (0x00002f17) auipc   t5, 0x2
core   0: 3 0x80009486 (0x00002f17) x30 0x8000b486
core   0: 0x8000948a (0xb63f2d23) sw      gp, -1158(t5)
core   0: 3 0x8000948a (0xb63f2d23) mem 0x8000b000 0x00000001
core   0: 0x8000948e (0x0000bfe5) c.j     pc - 8
core   0: 3 0x8000948e (0xbfe5)
core   0: 0x80009486 (0x00002f17) auipc   t5, 0x2
core   0: 3 0x80009486 (0x00002f17) x30 0x8000b486
core   0: 0x8000948a (0xb63f2d23) sw      gp, -1158(t5)
core   0: 3 0x8000948a (0xb63f2d23) mem 0x8000b000 0x00000001
core   0: 0x8000948e (0x0000bfe5) c.j     pc - 8
core   0: 3 0x8000948e (0xbfe5)
core   0: 0x80009486 (0x00002f17) auipc   t5, 0x2
core   0: 3 0x80009486 (0x00002f17) x30 0x8000b486
core   0: 0x8000948a (0xb63f2d23) sw      gp, -1158(t5)
core   0: 3 0x8000948a (0xb63f2d23) mem 0x8000b000 0x00000001
core   0: 0x8000948e (0x0000bfe5) c.j     pc - 8
core   0: 3 0x8000948e (0xbfe5)
core   0: 0x80009486 (0x00002f17) auipc   t5, 0x2
core   0: 3 0x80009486 (0x00002f17) x30 0x8000b486
core   0: 0x8000948a (0xb63f2d23) sw      gp, -1158(t5)
core   0: 3 0x8000948a (0xb63f2d23) mem 0x8000b000 0x00000001
core   0: 0x8000948e (0x0000bfe5) c.j     pc - 8
core   0: 3 0x8000948e (0xbfe5)
core   0: 0x80009486 (0x00002f17) auipc   t5, 0x2
core   0: 3 0x80009486 (0x00002f17) x30 0x8000b486
core   0: 0x8000948a (0xb63f2d23) sw      gp, -1158(t5)
core   0: 3 0x8000948a (0xb63f2d23) mem 0x8000b000 0x00000001
core   0: 0x8000948e (0x0000bfe5) c.j     pc - 8
core   0: 3 0x8000948e (0xbfe5)
core   0: 0x80009486 (0x00002f17) auipc   t5, 0x2
core   0: 3 0x80009486 (0x00002f17) x30 0x8000b486
core   0: 0x8000948a (0xb63f2d23) sw      gp, -1158(t5)
core   0: 3 0x8000948a (0xb63f2d23) mem 0x8000b000 0x00000001
core   0: 0x8000948e (0x0000bfe5) c.j     pc - 8
core   0: 3 0x8000948e (0xbfe5)
core   0: 0x80009486 (0x00002f17) auipc   t5, 0x2
core   0: 3 0x80009486 (0x00002f17) x30 0x8000b486
core   0: 0x8000948a (0xb63f2d23) sw      gp, -1158(t5)
core   0: 3 0x8000948a (0xb63f2d23) mem 0x8000b000 0x00000001
core   0: 0x8000948e (0x0000bfe5) c.j     pc - 8
core   0: 3 0x8000948e (0xbfe5)
core   0: 0x80009486 (0x00002f17) auipc   t5, 0x2
core   0: 3 0x80009486 (0x00002f17) x30 0x8000b486
core   0: 0x8000948a (0xb63f2d23) sw      gp, -1158(t5)
core   0: 3 0x8000948a (0xb63f2d23) mem 0x8000b000 0x00000001
core   0: 0x8000948e (0x0000bfe5) c.j     pc - 8
core   0: 3 0x8000948e (0xbfe5)
core   0: 0x80009486 (0x00002f17) auipc   t5, 0x2
core   0: 3 0x80009486 (0x00002f17) x30 0x8000b486
core   0: 0x8000948a (0xb63f2d23) sw      gp, -1158(t5)
core   0: 3 0x8000948a (0xb63f2d23) mem 0x8000b000 0x00000001
core   0: 0x8000948e (0x0000bfe5) c.j     pc - 8
core   0: 3 0x8000948e (0xbfe5)
core   0: 0x80009486 (0x00002f17) auipc   t5, 0x2
core   0: 3 0x80009486 (0x00002f17) x30 0x8000b486
core   0: 0x8000948a (0xb63f2d23) sw      gp, -1158(t5)
core   0: 3 0x8000948a (0xb63f2d23) mem 0x8000b000 0x00000001
core   0: 0x8000948e (0x0000bfe5) c.j     pc - 8
core   0: 3 0x8000948e (0xbfe5)
core   0: 0x80009486 (0x00002f17) auipc   t5, 0x2
core   0: 3 0x80009486 (0x00002f17) x30 0x8000b486
core   0: 0x8000948a (0xb63f2d23) sw      gp, -1158(t5)
core   0: 3 0x8000948a (0xb63f2d23) mem 0x8000b000 0x00000001
core   0: 0x8000948e (0x0000bfe5) c.j     pc - 8
core   0: 3 0x8000948e (0xbfe5)
core   0: 0x80009486 (0x00002f17) auipc   t5, 0x2
core   0: 3 0x80009486 (0x00002f17) x30 0x8000b486
core   0: 0x8000948a (0xb63f2d23) sw      gp, -1158(t5)
core   0: 3 0x8000948a (0xb63f2d23) mem 0x8000b000 0x00000001
core   0: 0x8000948e (0x0000bfe5) c.j     pc - 8
core   0: 3 0x8000948e (0xbfe5)
core   0: 0x80009486 (0x00002f17) auipc   t5, 0x2
core   0: 3 0x80009486 (0x00002f17) x30 0x8000b486
core   0: 0x8000948a (0xb63f2d23) sw      gp, -1158(t5)
core   0: 3 0x8000948a (0xb63f2d23) mem 0x8000b000 0x00000001
core   0: 0x8000948e (0x0000bfe5) c.j     pc - 8
core   0: 3 0x8000948e (0xbfe5)
core   0: 0x80009486 (0x00002f17) auipc   t5, 0x2
core   0: 3 0x80009486 (0x00002f17) x30 0x8000b486
core   0: 0x8000948a (0xb63f2d23) sw      gp, -1158(t5)
core   0: 3 0x8000948a (0xb63f2d23) mem 0x8000b000 0x00000001
core   0: 0x8000948e (0x0000bfe5) c.j     pc - 8
core   0: 3 0x8000948e (0xbfe5)
core   0: 0x80009486 (0x00002f17) auipc   t5, 0x2
core   0: 3 0x80009486 (0x00002f17) x30 0x8000b486
core   0: 0x8000948a (0xb63f2d23) sw      gp, -1158(t5)
core   0: 3 0x8000948a (0xb63f2d23) mem 0x8000b000 0x00000001
core   0: 0x8000948e (0x0000bfe5) c.j     pc - 8
core   0: 3 0x8000948e (0xbfe5)
core   0: 0x80009486 (0x00002f17) auipc   t5, 0x2
core   0: 3 0x80009486 (0x00002f17) x30 0x8000b486
core   0: 0x8000948a (0xb63f2d23) sw      gp, -1158(t5)
core   0: 3 0x8000948a (0xb63f2d23) mem 0x8000b000 0x00000001
core   0: 0x8000948e (0x0000bfe5) c.j     pc - 8
core   0: 3 0x8000948e (0xbfe5)
core   0: 0x80009486 (0x00002f17) auipc   t5, 0x2
core   0: 3 0x80009486 (0x00002f17) x30 0x8000b486
core   0: 0x8000948a (0xb63f2d23) sw      gp, -1158(t5)
core   0: 3 0x8000948a (0xb63f2d23) mem 0x8000b000 0x00000001
core   0: 0x8000948e (0x0000bfe5) c.j     pc - 8
core   0: 3 0x8000948e (0xbfe5)
core   0: 0x80009486 (0x00002f17) auipc   t5, 0x2
core   0: 3 0x80009486 (0x00002f17) x30 0x8000b486
core   0: 0x8000948a (0xb63f2d23) sw      gp, -1158(t5)
core   0: 3 0x8000948a (0xb63f2d23) mem 0x8000b000 0x00000001
core   0: 0x8000948e (0x0000bfe5) c.j     pc - 8
core   0: 3 0x8000948e (0xbfe5)
core   0: 0x80009486 (0x00002f17) auipc   t5, 0x2
core   0: 3 0x80009486 (0x00002f17) x30 0x8000b486
core   0: 0x8000948a (0xb63f2d23) sw      gp, -1158(t5)
core   0: 3 0x8000948a (0xb63f2d23) mem 0x8000b000 0x00000001
core   0: 0x8000948e (0x0000bfe5) c.j     pc - 8
core   0: 3 0x8000948e (0xbfe5)
core   0: 0x80009486 (0x00002f17) auipc   t5, 0x2
core   0: 3 0x80009486 (0x00002f17) x30 0x8000b486
core   0: 0x8000948a (0xb63f2d23) sw      gp, -1158(t5)
core   0: 3 0x8000948a (0xb63f2d23) mem 0x8000b000 0x00000001
core   0: 0x8000948e (0x0000bfe5) c.j     pc - 8
core   0: 3 0x8000948e (0xbfe5)
core   0: 0x80009486 (0x00002f17) auipc   t5, 0x2
core   0: 3 0x80009486 (0x00002f17) x30 0x8000b486
core   0: 0x8000948a (0xb63f2d23) sw      gp, -1158(t5)
core   0: 3 0x8000948a (0xb63f2d23) mem 0x8000b000 0x00000001
core   0: 0x8000948e (0x0000bfe5) c.j     pc - 8
core   0: 3 0x8000948e (0xbfe5)
core   0: 0x80009486 (0x00002f17) auipc   t5, 0x2
core   0: 3 0x80009486 (0x00002f17) x30 0x8000b486
core   0: 0x8000948a (0xb63f2d23) sw      gp, -1158(t5)
core   0: 3 0x8000948a (0xb63f2d23) mem 0x8000b000 0x00000001
core   0: 0x8000948e (0x0000bfe5) c.j     pc - 8
core   0: 3 0x8000948e (0xbfe5)
core   0: 0x80009486 (0x00002f17) auipc   t5, 0x2
core   0: 3 0x80009486 (0x00002f17) x30 0x8000b486
core   0: 0x8000948a (0xb63f2d23) sw      gp, -1158(t5)
core   0: 3 0x8000948a (0xb63f2d23) mem 0x8000b000 0x00000001
core   0: 0x8000948e (0x0000bfe5) c.j     pc - 8
core   0: 3 0x8000948e (0xbfe5)
core   0: 0x80009486 (0x00002f17) auipc   t5, 0x2
core   0: 3 0x80009486 (0x00002f17) x30 0x8000b486
core   0: 0x8000948a (0xb63f2d23) sw      gp, -1158(t5)
core   0: 3 0x8000948a (0xb63f2d23) mem 0x8000b000 0x00000001
core   0: 0x8000948e (0x0000bfe5) c.j     pc - 8
core   0: 3 0x8000948e (0xbfe5)
core   0: 0x80009486 (0x00002f17) auipc   t5, 0x2
core   0: 3 0x80009486 (0x00002f17) x30 0x8000b486
core   0: 0x8000948a (0xb63f2d23) sw      gp, -1158(t5)
core   0: 3 0x8000948a (0xb63f2d23) mem 0x8000b000 0x00000001
core   0: 0x8000948e (0x0000bfe5) c.j     pc - 8
core   0: 3 0x8000948e (0xbfe5)
core   0: 0x80009486 (0x00002f17) auipc   t5, 0x2
core   0: 3 0x80009486 (0x00002f17) x30 0x8000b486
core   0: 0x8000948a (0xb63f2d23) sw      gp, -1158(t5)
core   0: 3 0x8000948a (0xb63f2d23) mem 0x8000b000 0x00000001
core   0: 0x8000948e (0x0000bfe5) c.j     pc - 8
core   0: 3 0x8000948e (0xbfe5)
core   0: 0x80009486 (0x00002f17) auipc   t5, 0x2
core   0: 3 0x80009486 (0x00002f17) x30 0x8000b486
core   0: 0x8000948a (0xb63f2d23) sw      gp, -1158(t5)
core   0: 3 0x8000948a (0xb63f2d23) mem 0x8000b000 0x00000001
core   0: 0x8000948e (0x0000bfe5) c.j     pc - 8
core   0: 3 0x8000948e (0xbfe5)
core   0: 0x80009486 (0x00002f17) auipc   t5, 0x2
core   0: 3 0x80009486 (0x00002f17) x30 0x8000b486
core   0: 0x8000948a (0xb63f2d23) sw      gp, -1158(t5)
core   0: 3 0x8000948a (0xb63f2d23) mem 0x8000b000 0x00000001
core   0: 0x8000948e (0x0000bfe5) c.j     pc - 8
core   0: 3 0x8000948e (0xbfe5)
core   0: 0x80009486 (0x00002f17) auipc   t5, 0x2
core   0: 3 0x80009486 (0x00002f17) x30 0x8000b486
core   0: 0x8000948a (0xb63f2d23) sw      gp, -1158(t5)
core   0: 3 0x8000948a (0xb63f2d23) mem 0x8000b000 0x00000001
core   0: 0x8000948e (0x0000bfe5) c.j     pc - 8
core   0: 3 0x8000948e (0xbfe5)
core   0: 0x80009486 (0x00002f17) auipc   t5, 0x2
core   0: 3 0x80009486 (0x00002f17) x30 0x8000b486
core   0: 0x8000948a (0xb63f2d23) sw      gp, -1158(t5)
core   0: 3 0x8000948a (0xb63f2d23) mem 0x8000b000 0x00000001
core   0: 0x8000948e (0x0000bfe5) c.j     pc - 8
core   0: 3 0x8000948e (0xbfe5)
core   0: 0x80009486 (0x00002f17) auipc   t5, 0x2
core   0: 3 0x80009486 (0x00002f17) x30 0x8000b486
core   0: 0x8000948a (0xb63f2d23) sw      gp, -1158(t5)
core   0: 3 0x8000948a (0xb63f2d23) mem 0x8000b000 0x00000001
core   0: 0x8000948e (0x0000bfe5) c.j     pc - 8
core   0: 3 0x8000948e (0xbfe5)
core   0: 0x80009486 (0x00002f17) auipc   t5, 0x2
core   0: 3 0x80009486 (0x00002f17) x30 0x8000b486
core   0: 0x8000948a (0xb63f2d23) sw      gp, -1158(t5)
core   0: 3 0x8000948a (0xb63f2d23) mem 0x8000b000 0x00000001
core   0: 0x8000948e (0x0000bfe5) c.j     pc - 8
core   0: 3 0x8000948e (0xbfe5)
core   0: 0x80009486 (0x00002f17) auipc   t5, 0x2
core   0: 3 0x80009486 (0x00002f17) x30 0x8000b486
core   0: 0x8000948a (0xb63f2d23) sw      gp, -1158(t5)
core   0: 3 0x8000948a (0xb63f2d23) mem 0x8000b000 0x00000001
core   0: 0x8000948e (0x0000bfe5) c.j     pc - 8
core   0: 3 0x8000948e (0xbfe5)
core   0: 0x80009486 (0x00002f17) auipc   t5, 0x2
core   0: 3 0x80009486 (0x00002f17) x30 0x8000b486
core   0: 0x8000948a (0xb63f2d23) sw      gp, -1158(t5)
core   0: 3 0x8000948a (0xb63f2d23) mem 0x8000b000 0x00000001
core   0: 0x8000948e (0x0000bfe5) c.j     pc - 8
core   0: 3 0x8000948e (0xbfe5)
core   0: 0x80009486 (0x00002f17) auipc   t5, 0x2
core   0: 3 0x80009486 (0x00002f17) x30 0x8000b486
core   0: 0x8000948a (0xb63f2d23) sw      gp, -1158(t5)
core   0: 3 0x8000948a (0xb63f2d23) mem 0x8000b000 0x00000001
core   0: 0x8000948e (0x0000bfe5) c.j     pc - 8
core   0: 3 0x8000948e (0xbfe5)
core   0: 0x80009486 (0x00002f17) auipc   t5, 0x2
core   0: 3 0x80009486 (0x00002f17) x30 0x8000b486
core   0: 0x8000948a (0xb63f2d23) sw      gp, -1158(t5)
core   0: 3 0x8000948a (0xb63f2d23) mem 0x8000b000 0x00000001
core   0: 0x8000948e (0x0000bfe5) c.j     pc - 8
core   0: 3 0x8000948e (0xbfe5)
core   0: 0x80009486 (0x00002f17) auipc   t5, 0x2
core   0: 3 0x80009486 (0x00002f17) x30 0x8000b486
core   0: 0x8000948a (0xb63f2d23) sw      gp, -1158(t5)
core   0: 3 0x8000948a (0xb63f2d23) mem 0x8000b000 0x00000001
core   0: 0x8000948e (0x0000bfe5) c.j     pc - 8
core   0: 3 0x8000948e (0xbfe5)
core   0: 0x80009486 (0x00002f17) auipc   t5, 0x2
core   0: 3 0x80009486 (0x00002f17) x30 0x8000b486
core   0: 0x8000948a (0xb63f2d23) sw      gp, -1158(t5)
core   0: 3 0x8000948a (0xb63f2d23) mem 0x8000b000 0x00000001
core   0: 0x8000948e (0x0000bfe5) c.j     pc - 8
core   0: 3 0x8000948e (0xbfe5)
core   0: 0x80009486 (0x00002f17) auipc   t5, 0x2
core   0: 3 0x80009486 (0x00002f17) x30 0x8000b486
core   0: 0x8000948a (0xb63f2d23) sw      gp, -1158(t5)
core   0: 3 0x8000948a (0xb63f2d23) mem 0x8000b000 0x00000001
core   0: 0x8000948e (0x0000bfe5) c.j     pc - 8
core   0: 3 0x8000948e (0xbfe5)
core   0: 0x80009486 (0x00002f17) auipc   t5, 0x2
core   0: 3 0x80009486 (0x00002f17) x30 0x8000b486
core   0: 0x8000948a (0xb63f2d23) sw      gp, -1158(t5)
core   0: 3 0x8000948a (0xb63f2d23) mem 0x8000b000 0x00000001
core   0: 0x8000948e (0x0000bfe5) c.j     pc - 8
core   0: 3 0x8000948e (0xbfe5)
core   0: 0x80009486 (0x00002f17) auipc   t5, 0x2
core   0: 3 0x80009486 (0x00002f17) x30 0x8000b486
core   0: 0x8000948a (0xb63f2d23) sw      gp, -1158(t5)
core   0: 3 0x8000948a (0xb63f2d23) mem 0x8000b000 0x00000001
core   0: 0x8000948e (0x0000bfe5) c.j     pc - 8
core   0: 3 0x8000948e (0xbfe5)
core   0: 0x80009486 (0x00002f17) auipc   t5, 0x2
core   0: 3 0x80009486 (0x00002f17) x30 0x8000b486
core   0: 0x8000948a (0xb63f2d23) sw      gp, -1158(t5)
core   0: 3 0x8000948a (0xb63f2d23) mem 0x8000b000 0x00000001
core   0: 0x8000948e (0x0000bfe5) c.j     pc - 8
core   0: 3 0x8000948e (0xbfe5)
core   0: 0x80009486 (0x00002f17) auipc   t5, 0x2
core   0: 3 0x80009486 (0x00002f17) x30 0x8000b486
core   0: 0x8000948a (0xb63f2d23) sw      gp, -1158(t5)
core   0: 3 0x8000948a (0xb63f2d23) mem 0x8000b000 0x00000001
core   0: 0x8000948e (0x0000bfe5) c.j     pc - 8
core   0: 3 0x8000948e (0xbfe5)
core   0: 0x80009486 (0x00002f17) auipc   t5, 0x2
core   0: 3 0x80009486 (0x00002f17) x30 0x8000b486
core   0: 0x8000948a (0xb63f2d23) sw      gp, -1158(t5)
core   0: 3 0x8000948a (0xb63f2d23) mem 0x8000b000 0x00000001
core   0: 0x8000948e (0x0000bfe5) c.j     pc - 8
core   0: 3 0x8000948e (0xbfe5)
core   0: 0x80009486 (0x00002f17) auipc   t5, 0x2
core   0: 3 0x80009486 (0x00002f17) x30 0x8000b486
core   0: 0x8000948a (0xb63f2d23) sw      gp, -1158(t5)
core   0: 3 0x8000948a (0xb63f2d23) mem 0x8000b000 0x00000001
core   0: 0x8000948e (0x0000bfe5) c.j     pc - 8
core   0: 3 0x8000948e (0xbfe5)
core   0: 0x80009486 (0x00002f17) auipc   t5, 0x2
core   0: 3 0x80009486 (0x00002f17) x30 0x8000b486
core   0: 0x8000948a (0xb63f2d23) sw      gp, -1158(t5)
core   0: 3 0x8000948a (0xb63f2d23) mem 0x8000b000 0x00000001
core   0: 0x8000948e (0x0000bfe5) c.j     pc - 8
core   0: 3 0x8000948e (0xbfe5)
core   0: 0x80009486 (0x00002f17) auipc   t5, 0x2
core   0: 3 0x80009486 (0x00002f17) x30 0x8000b486
core   0: 0x8000948a (0xb63f2d23) sw      gp, -1158(t5)
core   0: 3 0x8000948a (0xb63f2d23) mem 0x8000b000 0x00000001
core   0: 0x8000948e (0x0000bfe5) c.j     pc - 8
core   0: 3 0x8000948e (0xbfe5)
core   0: 0x80009486 (0x00002f17) auipc   t5, 0x2
core   0: 3 0x80009486 (0x00002f17) x30 0x8000b486
core   0: 0x8000948a (0xb63f2d23) sw      gp, -1158(t5)
core   0: 3 0x8000948a (0xb63f2d23) mem 0x8000b000 0x00000001
core   0: 0x8000948e (0x0000bfe5) c.j     pc - 8
core   0: 3 0x8000948e (0xbfe5)
core   0: 0x80009486 (0x00002f17) auipc   t5, 0x2
core   0: 3 0x80009486 (0x00002f17) x30 0x8000b486
core   0: 0x8000948a (0xb63f2d23) sw      gp, -1158(t5)
core   0: 3 0x8000948a (0xb63f2d23) mem 0x8000b000 0x00000001
core   0: 0x8000948e (0x0000bfe5) c.j     pc - 8
core   0: 3 0x8000948e (0xbfe5)
core   0: 0x80009486 (0x00002f17) auipc   t5, 0x2
core   0: 3 0x80009486 (0x00002f17) x30 0x8000b486
core   0: 0x8000948a (0xb63f2d23) sw      gp, -1158(t5)
core   0: 3 0x8000948a (0xb63f2d23) mem 0x8000b000 0x00000001
core   0: 0x8000948e (0x0000bfe5) c.j     pc - 8
core   0: 3 0x8000948e (0xbfe5)
core   0: 0x80009486 (0x00002f17) auipc   t5, 0x2
core   0: 3 0x80009486 (0x00002f17) x30 0x8000b486
core   0: 0x8000948a (0xb63f2d23) sw      gp, -1158(t5)
core   0: 3 0x8000948a (0xb63f2d23) mem 0x8000b000 0x00000001
core   0: 0x8000948e (0x0000bfe5) c.j     pc - 8
core   0: 3 0x8000948e (0xbfe5)
core   0: 0x80009486 (0x00002f17) auipc   t5, 0x2
core   0: 3 0x80009486 (0x00002f17) x30 0x8000b486
core   0: 0x8000948a (0xb63f2d23) sw      gp, -1158(t5)
core   0: 3 0x8000948a (0xb63f2d23) mem 0x8000b000 0x00000001
core   0: 0x8000948e (0x0000bfe5) c.j     pc - 8
core   0: 3 0x8000948e (0xbfe5)
core   0: 0x80009486 (0x00002f17) auipc   t5, 0x2
core   0: 3 0x80009486 (0x00002f17) x30 0x8000b486
core   0: 0x8000948a (0xb63f2d23) sw      gp, -1158(t5)
core   0: 3 0x8000948a (0xb63f2d23) mem 0x8000b000 0x00000001
core   0: 0x8000948e (0x0000bfe5) c.j     pc - 8
core   0: 3 0x8000948e (0xbfe5)
core   0: 0x80009486 (0x00002f17) auipc   t5, 0x2
core   0: 3 0x80009486 (0x00002f17) x30 0x8000b486
core   0: 0x8000948a (0xb63f2d23) sw      gp, -1158(t5)
core   0: 3 0x8000948a (0xb63f2d23) mem 0x8000b000 0x00000001
core   0: 0x8000948e (0x0000bfe5) c.j     pc - 8
core   0: 3 0x8000948e (0xbfe5)
core   0: 0x80009486 (0x00002f17) auipc   t5, 0x2
core   0: 3 0x80009486 (0x00002f17) x30 0x8000b486
core   0: 0x8000948a (0xb63f2d23) sw      gp, -1158(t5)
core   0: 3 0x8000948a (0xb63f2d23) mem 0x8000b000 0x00000001
core   0: 0x8000948e (0x0000bfe5) c.j     pc - 8
core   0: 3 0x8000948e (0xbfe5)
core   0: 0x80009486 (0x00002f17) auipc   t5, 0x2
core   0: 3 0x80009486 (0x00002f17) x30 0x8000b486
core   0: 0x8000948a (0xb63f2d23) sw      gp, -1158(t5)
core   0: 3 0x8000948a (0xb63f2d23) mem 0x8000b000 0x00000001
core   0: 0x8000948e (0x0000bfe5) c.j     pc - 8
core   0: 3 0x8000948e (0xbfe5)
core   0: 0x80009486 (0x00002f17) auipc   t5, 0x2
core   0: 3 0x80009486 (0x00002f17) x30 0x8000b486
core   0: 0x8000948a (0xb63f2d23) sw      gp, -1158(t5)
core   0: 3 0x8000948a (0xb63f2d23) mem 0x8000b000 0x00000001
core   0: 0x8000948e (0x0000bfe5) c.j     pc - 8
core   0: 3 0x8000948e (0xbfe5)
core   0: 0x80009486 (0x00002f17) auipc   t5, 0x2
core   0: 3 0x80009486 (0x00002f17) x30 0x8000b486
core   0: 0x8000948a (0xb63f2d23) sw      gp, -1158(t5)
core   0: 3 0x8000948a (0xb63f2d23) mem 0x8000b000 0x00000001
core   0: 0x8000948e (0x0000bfe5) c.j     pc - 8
core   0: 3 0x8000948e (0xbfe5)
core   0: 0x80009486 (0x00002f17) auipc   t5, 0x2
core   0: 3 0x80009486 (0x00002f17) x30 0x8000b486
core   0: 0x8000948a (0xb63f2d23) sw      gp, -1158(t5)
core   0: 3 0x8000948a (0xb63f2d23) mem 0x8000b000 0x00000001
core   0: 0x8000948e (0x0000bfe5) c.j     pc - 8
core   0: 3 0x8000948e (0xbfe5)
core   0: 0x80009486 (0x00002f17) auipc   t5, 0x2
core   0: 3 0x80009486 (0x00002f17) x30 0x8000b486
core   0: 0x8000948a (0xb63f2d23) sw      gp, -1158(t5)
core   0: 3 0x8000948a (0xb63f2d23) mem 0x8000b000 0x00000001
core   0: 0x8000948e (0x0000bfe5) c.j     pc - 8
core   0: 3 0x8000948e (0xbfe5)
core   0: 0x80009486 (0x00002f17) auipc   t5, 0x2
core   0: 3 0x80009486 (0x00002f17) x30 0x8000b486
core   0: 0x8000948a (0xb63f2d23) sw      gp, -1158(t5)
core   0: 3 0x8000948a (0xb63f2d23) mem 0x8000b000 0x00000001
core   0: 0x8000948e (0x0000bfe5) c.j     pc - 8
core   0: 3 0x8000948e (0xbfe5)
core   0: 0x80009486 (0x00002f17) auipc   t5, 0x2
core   0: 3 0x80009486 (0x00002f17) x30 0x8000b486
core   0: 0x8000948a (0xb63f2d23) sw      gp, -1158(t5)
core   0: 3 0x8000948a (0xb63f2d23) mem 0x8000b000 0x00000001
core   0: 0x8000948e (0x0000bfe5) c.j     pc - 8
core   0: 3 0x8000948e (0xbfe5)
core   0: 0x80009486 (0x00002f17) auipc   t5, 0x2
core   0: 3 0x80009486 (0x00002f17) x30 0x8000b486
core   0: 0x8000948a (0xb63f2d23) sw      gp, -1158(t5)
core   0: 3 0x8000948a (0xb63f2d23) mem 0x8000b000 0x00000001
core   0: 0x8000948e (0x0000bfe5) c.j     pc - 8
core   0: 3 0x8000948e (0xbfe5)
core   0: 0x80009486 (0x00002f17) auipc   t5, 0x2
core   0: 3 0x80009486 (0x00002f17) x30 0x8000b486
core   0: 0x8000948a (0xb63f2d23) sw      gp, -1158(t5)
core   0: 3 0x8000948a (0xb63f2d23) mem 0x8000b000 0x00000001
core   0: 0x8000948e (0x0000bfe5) c.j     pc - 8
core   0: 3 0x8000948e (0xbfe5)
core   0: 0x80009486 (0x00002f17) auipc   t5, 0x2
core   0: 3 0x80009486 (0x00002f17) x30 0x8000b486
core   0: 0x8000948a (0xb63f2d23) sw      gp, -1158(t5)
core   0: 3 0x8000948a (0xb63f2d23) mem 0x8000b000 0x00000001
core   0: 0x8000948e (0x0000bfe5) c.j     pc - 8
core   0: 3 0x8000948e (0xbfe5)
core   0: 0x80009486 (0x00002f17) auipc   t5, 0x2
core   0: 3 0x80009486 (0x00002f17) x30 0x8000b486
core   0: 0x8000948a (0xb63f2d23) sw      gp, -1158(t5)
core   0: 3 0x8000948a (0xb63f2d23) mem 0x8000b000 0x00000001
core   0: 0x8000948e (0x0000bfe5) c.j     pc - 8
core   0: 3 0x8000948e (0xbfe5)
core   0: 0x80009486 (0x00002f17) auipc   t5, 0x2
core   0: 3 0x80009486 (0x00002f17) x30 0x8000b486
core   0: 0x8000948a (0xb63f2d23) sw      gp, -1158(t5)
core   0: 3 0x8000948a (0xb63f2d23) mem 0x8000b000 0x00000001
core   0: 0x8000948e (0x0000bfe5) c.j     pc - 8
core   0: 3 0x8000948e (0xbfe5)
core   0: 0x80009486 (0x00002f17) auipc   t5, 0x2
core   0: 3 0x80009486 (0x00002f17) x30 0x8000b486
core   0: 0x8000948a (0xb63f2d23) sw      gp, -1158(t5)
core   0: 3 0x8000948a (0xb63f2d23) mem 0x8000b000 0x00000001
core   0: 0x8000948e (0x0000bfe5) c.j     pc - 8
core   0: 3 0x8000948e (0xbfe5)
core   0: 0x80009486 (0x00002f17) auipc   t5, 0x2
core   0: 3 0x80009486 (0x00002f17) x30 0x8000b486
core   0: 0x8000948a (0xb63f2d23) sw      gp, -1158(t5)
core   0: 3 0x8000948a (0xb63f2d23) mem 0x8000b000 0x00000001
core   0: 0x8000948e (0x0000bfe5) c.j     pc - 8
core   0: 3 0x8000948e (0xbfe5)
core   0: 0x80009486 (0x00002f17) auipc   t5, 0x2
core   0: 3 0x80009486 (0x00002f17) x30 0x8000b486
core   0: 0x8000948a (0xb63f2d23) sw      gp, -1158(t5)
core   0: 3 0x8000948a (0xb63f2d23) mem 0x8000b000 0x00000001
core   0: 0x8000948e (0x0000bfe5) c.j     pc - 8
core   0: 3 0x8000948e (0xbfe5)
core   0: 0x80009486 (0x00002f17) auipc   t5, 0x2
core   0: 3 0x80009486 (0x00002f17) x30 0x8000b486
core   0: 0x8000948a (0xb63f2d23) sw      gp, -1158(t5)
core   0: 3 0x8000948a (0xb63f2d23) mem 0x8000b000 0x00000001
core   0: 0x8000948e (0x0000bfe5) c.j     pc - 8
core   0: 3 0x8000948e (0xbfe5)
core   0: 0x80009486 (0x00002f17) auipc   t5, 0x2
core   0: 3 0x80009486 (0x00002f17) x30 0x8000b486
core   0: 0x8000948a (0xb63f2d23) sw      gp, -1158(t5)
core   0: 3 0x8000948a (0xb63f2d23) mem 0x8000b000 0x00000001
core   0: 0x8000948e (0x0000bfe5) c.j     pc - 8
core   0: 3 0x8000948e (0xbfe5)
core   0: 0x80009486 (0x00002f17) auipc   t5, 0x2
core   0: 3 0x80009486 (0x00002f17) x30 0x8000b486
core   0: 0x8000948a (0xb63f2d23) sw      gp, -1158(t5)
core   0: 3 0x8000948a (0xb63f2d23) mem 0x8000b000 0x00000001
core   0: 0x8000948e (0x0000bfe5) c.j     pc - 8
core   0: 3 0x8000948e (0xbfe5)
core   0: 0x80009486 (0x00002f17) auipc   t5, 0x2
core   0: 3 0x80009486 (0x00002f17) x30 0x8000b486
core   0: 0x8000948a (0xb63f2d23) sw      gp, -1158(t5)
core   0: 3 0x8000948a (0xb63f2d23) mem 0x8000b000 0x00000001
core   0: 0x8000948e (0x0000bfe5) c.j     pc - 8
core   0: 3 0x8000948e (0xbfe5)
core   0: 0x80009486 (0x00002f17) auipc   t5, 0x2
core   0: 3 0x80009486 (0x00002f17) x30 0x8000b486
core   0: 0x8000948a (0xb63f2d23) sw      gp, -1158(t5)
core   0: 3 0x8000948a (0xb63f2d23) mem 0x8000b000 0x00000001
core   0: 0x8000948e (0x0000bfe5) c.j     pc - 8
core   0: 3 0x8000948e (0xbfe5)
core   0: 0x80009486 (0x00002f17) auipc   t5, 0x2
core   0: 3 0x80009486 (0x00002f17) x30 0x8000b486
core   0: 0x8000948a (0xb63f2d23) sw      gp, -1158(t5)
core   0: 3 0x8000948a (0xb63f2d23) mem 0x8000b000 0x00000001
core   0: 0x8000948e (0x0000bfe5) c.j     pc - 8
core   0: 3 0x8000948e (0xbfe5)
core   0: 0x80009486 (0x00002f17) auipc   t5, 0x2
core   0: 3 0x80009486 (0x00002f17) x30 0x8000b486
core   0: 0x8000948a (0xb63f2d23) sw      gp, -1158(t5)
core   0: 3 0x8000948a (0xb63f2d23) mem 0x8000b000 0x00000001
core   0: 0x8000948e (0x0000bfe5) c.j     pc - 8
core   0: 3 0x8000948e (0xbfe5)
core   0: 0x80009486 (0x00002f17) auipc   t5, 0x2
core   0: 3 0x80009486 (0x00002f17) x30 0x8000b486
core   0: 0x8000948a (0xb63f2d23) sw      gp, -1158(t5)
core   0: 3 0x8000948a (0xb63f2d23) mem 0x8000b000 0x00000001
core   0: 0x8000948e (0x0000bfe5) c.j     pc - 8
core   0: 3 0x8000948e (0xbfe5)
core   0: 0x80009486 (0x00002f17) auipc   t5, 0x2
core   0: 3 0x80009486 (0x00002f17) x30 0x8000b486
core   0: 0x8000948a (0xb63f2d23) sw      gp, -1158(t5)
core   0: 3 0x8000948a (0xb63f2d23) mem 0x8000b000 0x00000001
core   0: 0x8000948e (0x0000bfe5) c.j     pc - 8
core   0: 3 0x8000948e (0xbfe5)
core   0: 0x80009486 (0x00002f17) auipc   t5, 0x2
core   0: 3 0x80009486 (0x00002f17) x30 0x8000b486
core   0: 0x8000948a (0xb63f2d23) sw      gp, -1158(t5)
core   0: 3 0x8000948a (0xb63f2d23) mem 0x8000b000 0x00000001
core   0: 0x8000948e (0x0000bfe5) c.j     pc - 8
core   0: 3 0x8000948e (0xbfe5)
core   0: 0x80009486 (0x00002f17) auipc   t5, 0x2
core   0: 3 0x80009486 (0x00002f17) x30 0x8000b486
core   0: 0x8000948a (0xb63f2d23) sw      gp, -1158(t5)
core   0: 3 0x8000948a (0xb63f2d23) mem 0x8000b000 0x00000001
core   0: 0x8000948e (0x0000bfe5) c.j     pc - 8
core   0: 3 0x8000948e (0xbfe5)
core   0: 0x80009486 (0x00002f17) auipc   t5, 0x2
core   0: 3 0x80009486 (0x00002f17) x30 0x8000b486
core   0: 0x8000948a (0xb63f2d23) sw      gp, -1158(t5)
core   0: 3 0x8000948a (0xb63f2d23) mem 0x8000b000 0x00000001
core   0: 0x8000948e (0x0000bfe5) c.j     pc - 8
core   0: 3 0x8000948e (0xbfe5)
core   0: 0x80009486 (0x00002f17) auipc   t5, 0x2
core   0: 3 0x80009486 (0x00002f17) x30 0x8000b486
core   0: 0x8000948a (0xb63f2d23) sw      gp, -1158(t5)
core   0: 3 0x8000948a (0xb63f2d23) mem 0x8000b000 0x00000001
core   0: 0x8000948e (0x0000bfe5) c.j     pc - 8
core   0: 3 0x8000948e (0xbfe5)
core   0: 0x80009486 (0x00002f17) auipc   t5, 0x2
core   0: 3 0x80009486 (0x00002f17) x30 0x8000b486
core   0: 0x8000948a (0xb63f2d23) sw      gp, -1158(t5)
core   0: 3 0x8000948a (0xb63f2d23) mem 0x8000b000 0x00000001
core   0: 0x8000948e (0x0000bfe5) c.j     pc - 8
core   0: 3 0x8000948e (0xbfe5)
core   0: 0x80009486 (0x00002f17) auipc   t5, 0x2
core   0: 3 0x80009486 (0x00002f17) x30 0x8000b486
core   0: 0x8000948a (0xb63f2d23) sw      gp, -1158(t5)
core   0: 3 0x8000948a (0xb63f2d23) mem 0x8000b000 0x00000001
core   0: 0x8000948e (0x0000bfe5) c.j     pc - 8
core   0: 3 0x8000948e (0xbfe5)
core   0: 0x80009486 (0x00002f17) auipc   t5, 0x2
core   0: 3 0x80009486 (0x00002f17) x30 0x8000b486
core   0: 0x8000948a (0xb63f2d23) sw      gp, -1158(t5)
core   0: 3 0x8000948a (0xb63f2d23) mem 0x8000b000 0x00000001
core   0: 0x8000948e (0x0000bfe5) c.j     pc - 8
core   0: 3 0x8000948e (0xbfe5)
core   0: 0x80009486 (0x00002f17) auipc   t5, 0x2
core   0: 3 0x80009486 (0x00002f17) x30 0x8000b486
core   0: 0x8000948a (0xb63f2d23) sw      gp, -1158(t5)
core   0: 3 0x8000948a (0xb63f2d23) mem 0x8000b000 0x00000001
core   0: 0x8000948e (0x0000bfe5) c.j     pc - 8
core   0: 3 0x8000948e (0xbfe5)
core   0: 0x80009486 (0x00002f17) auipc   t5, 0x2
core   0: 3 0x80009486 (0x00002f17) x30 0x8000b486
core   0: 0x8000948a (0xb63f2d23) sw      gp, -1158(t5)
core   0: 3 0x8000948a (0xb63f2d23) mem 0x8000b000 0x00000001
core   0: 0x8000948e (0x0000bfe5) c.j     pc - 8
core   0: 3 0x8000948e (0xbfe5)
core   0: 0x80009486 (0x00002f17) auipc   t5, 0x2
core   0: 3 0x80009486 (0x00002f17) x30 0x8000b486
core   0: 0x8000948a (0xb63f2d23) sw      gp, -1158(t5)
core   0: 3 0x8000948a (0xb63f2d23) mem 0x8000b000 0x00000001
core   0: 0x8000948e (0x0000bfe5) c.j     pc - 8
core   0: 3 0x8000948e (0xbfe5)
core   0: 0x80009486 (0x00002f17) auipc   t5, 0x2
core   0: 3 0x80009486 (0x00002f17) x30 0x8000b486
core   0: 0x8000948a (0xb63f2d23) sw      gp, -1158(t5)
core   0: 3 0x8000948a (0xb63f2d23) mem 0x8000b000 0x00000001
core   0: 0x8000948e (0x0000bfe5) c.j     pc - 8
core   0: 3 0x8000948e (0xbfe5)
core   0: 0x80009486 (0x00002f17) auipc   t5, 0x2
core   0: 3 0x80009486 (0x00002f17) x30 0x8000b486
core   0: 0x8000948a (0xb63f2d23) sw      gp, -1158(t5)
core   0: 3 0x8000948a (0xb63f2d23) mem 0x8000b000 0x00000001
core   0: 0x8000948e (0x0000bfe5) c.j     pc - 8
core   0: 3 0x8000948e (0xbfe5)
core   0: 0x80009486 (0x00002f17) auipc   t5, 0x2
core   0: 3 0x80009486 (0x00002f17) x30 0x8000b486
core   0: 0x8000948a (0xb63f2d23) sw      gp, -1158(t5)
core   0: 3 0x8000948a (0xb63f2d23) mem 0x8000b000 0x00000001
core   0: 0x8000948e (0x0000bfe5) c.j     pc - 8
core   0: 3 0x8000948e (0xbfe5)
core   0: 0x80009486 (0x00002f17) auipc   t5, 0x2
core   0: 3 0x80009486 (0x00002f17) x30 0x8000b486
core   0: 0x8000948a (0xb63f2d23) sw      gp, -1158(t5)
core   0: 3 0x8000948a (0xb63f2d23) mem 0x8000b000 0x00000001
core   0: 0x8000948e (0x0000bfe5) c.j     pc - 8
core   0: 3 0x8000948e (0xbfe5)
core   0: 0x80009486 (0x00002f17) auipc   t5, 0x2
core   0: 3 0x80009486 (0x00002f17) x30 0x8000b486
core   0: 0x8000948a (0xb63f2d23) sw      gp, -1158(t5)
core   0: 3 0x8000948a (0xb63f2d23) mem 0x8000b000 0x00000001
core   0: 0x8000948e (0x0000bfe5) c.j     pc - 8
core   0: 3 0x8000948e (0xbfe5)
core   0: 0x80009486 (0x00002f17) auipc   t5, 0x2
core   0: 3 0x80009486 (0x00002f17) x30 0x8000b486
core   0: 0x8000948a (0xb63f2d23) sw      gp, -1158(t5)
core   0: 3 0x8000948a (0xb63f2d23) mem 0x8000b000 0x00000001
core   0: 0x8000948e (0x0000bfe5) c.j     pc - 8
core   0: 3 0x8000948e (0xbfe5)
core   0: 0x80009486 (0x00002f17) auipc   t5, 0x2
core   0: 3 0x80009486 (0x00002f17) x30 0x8000b486
core   0: 0x8000948a (0xb63f2d23) sw      gp, -1158(t5)
core   0: 3 0x8000948a (0xb63f2d23) mem 0x8000b000 0x00000001
core   0: 0x8000948e (0x0000bfe5) c.j     pc - 8
core   0: 3 0x8000948e (0xbfe5)
core   0: 0x80009486 (0x00002f17) auipc   t5, 0x2
core   0: 3 0x80009486 (0x00002f17) x30 0x8000b486
core   0: 0x8000948a (0xb63f2d23) sw      gp, -1158(t5)
core   0: 3 0x8000948a (0xb63f2d23) mem 0x8000b000 0x00000001
core   0: 0x8000948e (0x0000bfe5) c.j     pc - 8
core   0: 3 0x8000948e (0xbfe5)
core   0: 0x80009486 (0x00002f17) auipc   t5, 0x2
core   0: 3 0x80009486 (0x00002f17) x30 0x8000b486
core   0: 0x8000948a (0xb63f2d23) sw      gp, -1158(t5)
core   0: 3 0x8000948a (0xb63f2d23) mem 0x8000b000 0x00000001
core   0: 0x8000948e (0x0000bfe5) c.j     pc - 8
core   0: 3 0x8000948e (0xbfe5)
core   0: 0x80009486 (0x00002f17) auipc   t5, 0x2
core   0: 3 0x80009486 (0x00002f17) x30 0x8000b486
core   0: 0x8000948a (0xb63f2d23) sw      gp, -1158(t5)
core   0: 3 0x8000948a (0xb63f2d23) mem 0x8000b000 0x00000001
core   0: 0x8000948e (0x0000bfe5) c.j     pc - 8
core   0: 3 0x8000948e (0xbfe5)
core   0: 0x80009486 (0x00002f17) auipc   t5, 0x2
core   0: 3 0x80009486 (0x00002f17) x30 0x8000b486
core   0: 0x8000948a (0xb63f2d23) sw      gp, -1158(t5)
core   0: 3 0x8000948a (0xb63f2d23) mem 0x8000b000 0x00000001
core   0: 0x8000948e (0x0000bfe5) c.j     pc - 8
core   0: 3 0x8000948e (0xbfe5)
core   0: 0x80009486 (0x00002f17) auipc   t5, 0x2
core   0: 3 0x80009486 (0x00002f17) x30 0x8000b486
core   0: 0x8000948a (0xb63f2d23) sw      gp, -1158(t5)
core   0: 3 0x8000948a (0xb63f2d23) mem 0x8000b000 0x00000001
core   0: 0x8000948e (0x0000bfe5) c.j     pc - 8
core   0: 3 0x8000948e (0xbfe5)
core   0: 0x80009486 (0x00002f17) auipc   t5, 0x2
core   0: 3 0x80009486 (0x00002f17) x30 0x8000b486
core   0: 0x8000948a (0xb63f2d23) sw      gp, -1158(t5)
core   0: 3 0x8000948a (0xb63f2d23) mem 0x8000b000 0x00000001
core   0: 0x8000948e (0x0000bfe5) c.j     pc - 8
core   0: 3 0x8000948e (0xbfe5)
core   0: 0x80009486 (0x00002f17) auipc   t5, 0x2
core   0: 3 0x80009486 (0x00002f17) x30 0x8000b486
core   0: 0x8000948a (0xb63f2d23) sw      gp, -1158(t5)
core   0: 3 0x8000948a (0xb63f2d23) mem 0x8000b000 0x00000001
core   0: 0x8000948e (0x0000bfe5) c.j     pc - 8
core   0: 3 0x8000948e (0xbfe5)
core   0: 0x80009486 (0x00002f17) auipc   t5, 0x2
core   0: 3 0x80009486 (0x00002f17) x30 0x8000b486
core   0: 0x8000948a (0xb63f2d23) sw      gp, -1158(t5)
core   0: 3 0x8000948a (0xb63f2d23) mem 0x8000b000 0x00000001
core   0: 0x8000948e (0x0000bfe5) c.j     pc - 8
core   0: 3 0x8000948e (0xbfe5)
core   0: 0x80009486 (0x00002f17) auipc   t5, 0x2
core   0: 3 0x80009486 (0x00002f17) x30 0x8000b486
core   0: 0x8000948a (0xb63f2d23) sw      gp, -1158(t5)
core   0: 3 0x8000948a (0xb63f2d23) mem 0x8000b000 0x00000001
core   0: 0x8000948e (0x0000bfe5) c.j     pc - 8
core   0: 3 0x8000948e (0xbfe5)
core   0: 0x80009486 (0x00002f17) auipc   t5, 0x2
core   0: 3 0x80009486 (0x00002f17) x30 0x8000b486
core   0: 0x8000948a (0xb63f2d23) sw      gp, -1158(t5)
core   0: 3 0x8000948a (0xb63f2d23) mem 0x8000b000 0x00000001
core   0: 0x8000948e (0x0000bfe5) c.j     pc - 8
core   0: 3 0x8000948e (0xbfe5)
core   0: 0x80009486 (0x00002f17) auipc   t5, 0x2
core   0: 3 0x80009486 (0x00002f17) x30 0x8000b486
core   0: 0x8000948a (0xb63f2d23) sw      gp, -1158(t5)
core   0: 3 0x8000948a (0xb63f2d23) mem 0x8000b000 0x00000001
core   0: 0x8000948e (0x0000bfe5) c.j     pc - 8
core   0: 3 0x8000948e (0xbfe5)
core   0: 0x80009486 (0x00002f17) auipc   t5, 0x2
core   0: 3 0x80009486 (0x00002f17) x30 0x8000b486
core   0: 0x8000948a (0xb63f2d23) sw      gp, -1158(t5)
core   0: 3 0x8000948a (0xb63f2d23) mem 0x8000b000 0x00000001
core   0: 0x8000948e (0x0000bfe5) c.j     pc - 8
core   0: 3 0x8000948e (0xbfe5)
core   0: 0x80009486 (0x00002f17) auipc   t5, 0x2
core   0: 3 0x80009486 (0x00002f17) x30 0x8000b486
core   0: 0x8000948a (0xb63f2d23) sw      gp, -1158(t5)
core   0: 3 0x8000948a (0xb63f2d23) mem 0x8000b000 0x00000001
core   0: 0x8000948e (0x0000bfe5) c.j     pc - 8
core   0: 3 0x8000948e (0xbfe5)
core   0: 0x80009486 (0x00002f17) auipc   t5, 0x2
core   0: 3 0x80009486 (0x00002f17) x30 0x8000b486
core   0: 0x8000948a (0xb63f2d23) sw      gp, -1158(t5)
core   0: 3 0x8000948a (0xb63f2d23) mem 0x8000b000 0x00000001
core   0: 0x8000948e (0x0000bfe5) c.j     pc - 8
core   0: 3 0x8000948e (0xbfe5)
core   0: 0x80009486 (0x00002f17) auipc   t5, 0x2
core   0: 3 0x80009486 (0x00002f17) x30 0x8000b486
core   0: 0x8000948a (0xb63f2d23) sw      gp, -1158(t5)
core   0: 3 0x8000948a (0xb63f2d23) mem 0x8000b000 0x00000001
core   0: 0x8000948e (0x0000bfe5) c.j     pc - 8
core   0: 3 0x8000948e (0xbfe5)
core   0: 0x80009486 (0x00002f17) auipc   t5, 0x2
core   0: 3 0x80009486 (0x00002f17) x30 0x8000b486
core   0: 0x8000948a (0xb63f2d23) sw      gp, -1158(t5)
core   0: 3 0x8000948a (0xb63f2d23) mem 0x8000b000 0x00000001
core   0: 0x8000948e (0x0000bfe5) c.j     pc - 8
core   0: 3 0x8000948e (0xbfe5)
core   0: 0x80009486 (0x00002f17) auipc   t5, 0x2
core   0: 3 0x80009486 (0x00002f17) x30 0x8000b486
core   0: 0x8000948a (0xb63f2d23) sw      gp, -1158(t5)
core   0: 3 0x8000948a (0xb63f2d23) mem 0x8000b000 0x00000001
core   0: 0x8000948e (0x0000bfe5) c.j     pc - 8
core   0: 3 0x8000948e (0xbfe5)
core   0: 0x80009486 (0x00002f17) auipc   t5, 0x2
core   0: 3 0x80009486 (0x00002f17) x30 0x8000b486
core   0: 0x8000948a (0xb63f2d23) sw      gp, -1158(t5)
core   0: 3 0x8000948a (0xb63f2d23) mem 0x8000b000 0x00000001
core   0: 0x8000948e (0x0000bfe5) c.j     pc - 8
core   0: 3 0x8000948e (0xbfe5)
core   0: 0x80009486 (0x00002f17) auipc   t5, 0x2
core   0: 3 0x80009486 (0x00002f17) x30 0x8000b486
core   0: 0x8000948a (0xb63f2d23) sw      gp, -1158(t5)
core   0: 3 0x8000948a (0xb63f2d23) mem 0x8000b000 0x00000001
core   0: 0x8000948e (0x0000bfe5) c.j     pc - 8
core   0: 3 0x8000948e (0xbfe5)
core   0: 0x80009486 (0x00002f17) auipc   t5, 0x2
core   0: 3 0x80009486 (0x00002f17) x30 0x8000b486
core   0: 0x8000948a (0xb63f2d23) sw      gp, -1158(t5)
core   0: 3 0x8000948a (0xb63f2d23) mem 0x8000b000 0x00000001
core   0: 0x8000948e (0x0000bfe5) c.j     pc - 8
core   0: 3 0x8000948e (0xbfe5)
core   0: 0x80009486 (0x00002f17) auipc   t5, 0x2
core   0: 3 0x80009486 (0x00002f17) x30 0x8000b486
core   0: 0x8000948a (0xb63f2d23) sw      gp, -1158(t5)
core   0: 3 0x8000948a (0xb63f2d23) mem 0x8000b000 0x00000001
core   0: 0x8000948e (0x0000bfe5) c.j     pc - 8
core   0: 3 0x8000948e (0xbfe5)
core   0: 0x80009486 (0x00002f17) auipc   t5, 0x2
core   0: 3 0x80009486 (0x00002f17) x30 0x8000b486
core   0: 0x8000948a (0xb63f2d23) sw      gp, -1158(t5)
core   0: 3 0x8000948a (0xb63f2d23) mem 0x8000b000 0x00000001
core   0: 0x8000948e (0x0000bfe5) c.j     pc - 8
core   0: 3 0x8000948e (0xbfe5)
core   0: 0x80009486 (0x00002f17) auipc   t5, 0x2
core   0: 3 0x80009486 (0x00002f17) x30 0x8000b486
core   0: 0x8000948a (0xb63f2d23) sw      gp, -1158(t5)
core   0: 3 0x8000948a (0xb63f2d23) mem 0x8000b000 0x00000001
core   0: 0x8000948e (0x0000bfe5) c.j     pc - 8
core   0: 3 0x8000948e (0xbfe5)
core   0: 0x80009486 (0x00002f17) auipc   t5, 0x2
core   0: 3 0x80009486 (0x00002f17) x30 0x8000b486
core   0: 0x8000948a (0xb63f2d23) sw      gp, -1158(t5)
core   0: 3 0x8000948a (0xb63f2d23) mem 0x8000b000 0x00000001
core   0: 0x8000948e (0x0000bfe5) c.j     pc - 8
core   0: 3 0x8000948e (0xbfe5)
core   0: 0x80009486 (0x00002f17) auipc   t5, 0x2
core   0: 3 0x80009486 (0x00002f17) x30 0x8000b486
core   0: 0x8000948a (0xb63f2d23) sw      gp, -1158(t5)
core   0: 3 0x8000948a (0xb63f2d23) mem 0x8000b000 0x00000001
core   0: 0x8000948e (0x0000bfe5) c.j     pc - 8
core   0: 3 0x8000948e (0xbfe5)
core   0: 0x80009486 (0x00002f17) auipc   t5, 0x2
core   0: 3 0x80009486 (0x00002f17) x30 0x8000b486
core   0: 0x8000948a (0xb63f2d23) sw      gp, -1158(t5)
core   0: 3 0x8000948a (0xb63f2d23) mem 0x8000b000 0x00000001
core   0: 0x8000948e (0x0000bfe5) c.j     pc - 8
core   0: 3 0x8000948e (0xbfe5)
core   0: 0x80009486 (0x00002f17) auipc   t5, 0x2
core   0: 3 0x80009486 (0x00002f17) x30 0x8000b486
core   0: 0x8000948a (0xb63f2d23) sw      gp, -1158(t5)
core   0: 3 0x8000948a (0xb63f2d23) mem 0x8000b000 0x00000001
core   0: 0x8000948e (0x0000bfe5) c.j     pc - 8
core   0: 3 0x8000948e (0xbfe5)
core   0: 0x80009486 (0x00002f17) auipc   t5, 0x2
core   0: 3 0x80009486 (0x00002f17) x30 0x8000b486
core   0: 0x8000948a (0xb63f2d23) sw      gp, -1158(t5)
core   0: 3 0x8000948a (0xb63f2d23) mem 0x8000b000 0x00000001
core   0: 0x8000948e (0x0000bfe5) c.j     pc - 8
core   0: 3 0x8000948e (0xbfe5)
core   0: 0x80009486 (0x00002f17) auipc   t5, 0x2
core   0: 3 0x80009486 (0x00002f17) x30 0x8000b486
core   0: 0x8000948a (0xb63f2d23) sw      gp, -1158(t5)
core   0: 3 0x8000948a (0xb63f2d23) mem 0x8000b000 0x00000001
core   0: 0x8000948e (0x0000bfe5) c.j     pc - 8
core   0: 3 0x8000948e (0xbfe5)
core   0: 0x80009486 (0x00002f17) auipc   t5, 0x2
core   0: 3 0x80009486 (0x00002f17) x30 0x8000b486
core   0: 0x8000948a (0xb63f2d23) sw      gp, -1158(t5)
core   0: 3 0x8000948a (0xb63f2d23) mem 0x8000b000 0x00000001
core   0: 0x8000948e (0x0000bfe5) c.j     pc - 8
core   0: 3 0x8000948e (0xbfe5)
core   0: 0x80009486 (0x00002f17) auipc   t5, 0x2
core   0: 3 0x80009486 (0x00002f17) x30 0x8000b486
core   0: 0x8000948a (0xb63f2d23) sw      gp, -1158(t5)
core   0: 3 0x8000948a (0xb63f2d23) mem 0x8000b000 0x00000001
core   0: 0x8000948e (0x0000bfe5) c.j     pc - 8
core   0: 3 0x8000948e (0xbfe5)
core   0: 0x80009486 (0x00002f17) auipc   t5, 0x2
core   0: 3 0x80009486 (0x00002f17) x30 0x8000b486
core   0: 0x8000948a (0xb63f2d23) sw      gp, -1158(t5)
core   0: 3 0x8000948a (0xb63f2d23) mem 0x8000b000 0x00000001
core   0: 0x8000948e (0x0000bfe5) c.j     pc - 8
core   0: 3 0x8000948e (0xbfe5)
core   0: 0x80009486 (0x00002f17) auipc   t5, 0x2
core   0: 3 0x80009486 (0x00002f17) x30 0x8000b486
core   0: 0x8000948a (0xb63f2d23) sw      gp, -1158(t5)
core   0: 3 0x8000948a (0xb63f2d23) mem 0x8000b000 0x00000001
core   0: 0x8000948e (0x0000bfe5) c.j     pc - 8
core   0: 3 0x8000948e (0xbfe5)
core   0: 0x80009486 (0x00002f17) auipc   t5, 0x2
core   0: 3 0x80009486 (0x00002f17) x30 0x8000b486
core   0: 0x8000948a (0xb63f2d23) sw      gp, -1158(t5)
core   0: 3 0x8000948a (0xb63f2d23) mem 0x8000b000 0x00000001
core   0: 0x8000948e (0x0000bfe5) c.j     pc - 8
core   0: 3 0x8000948e (0xbfe5)
core   0: 0x80009486 (0x00002f17) auipc   t5, 0x2
core   0: 3 0x80009486 (0x00002f17) x30 0x8000b486
core   0: 0x8000948a (0xb63f2d23) sw      gp, -1158(t5)
core   0: 3 0x8000948a (0xb63f2d23) mem 0x8000b000 0x00000001
core   0: 0x8000948e (0x0000bfe5) c.j     pc - 8
core   0: 3 0x8000948e (0xbfe5)
core   0: 0x80009486 (0x00002f17) auipc   t5, 0x2
core   0: 3 0x80009486 (0x00002f17) x30 0x8000b486
core   0: 0x8000948a (0xb63f2d23) sw      gp, -1158(t5)
core   0: 3 0x8000948a (0xb63f2d23) mem 0x8000b000 0x00000001
core   0: 0x8000948e (0x0000bfe5) c.j     pc - 8
core   0: 3 0x8000948e (0xbfe5)
core   0: 0x80009486 (0x00002f17) auipc   t5, 0x2
core   0: 3 0x80009486 (0x00002f17) x30 0x8000b486
core   0: 0x8000948a (0xb63f2d23) sw      gp, -1158(t5)
core   0: 3 0x8000948a (0xb63f2d23) mem 0x8000b000 0x00000001
core   0: 0x8000948e (0x0000bfe5) c.j     pc - 8
core   0: 3 0x8000948e (0xbfe5)
core   0: 0x80009486 (0x00002f17) auipc   t5, 0x2
core   0: 3 0x80009486 (0x00002f17) x30 0x8000b486
core   0: 0x8000948a (0xb63f2d23) sw      gp, -1158(t5)
core   0: 3 0x8000948a (0xb63f2d23) mem 0x8000b000 0x00000001
core   0: 0x8000948e (0x0000bfe5) c.j     pc - 8
core   0: 3 0x8000948e (0xbfe5)
core   0: 0x80009486 (0x00002f17) auipc   t5, 0x2
core   0: 3 0x80009486 (0x00002f17) x30 0x8000b486
core   0: 0x8000948a (0xb63f2d23) sw      gp, -1158(t5)
core   0: 3 0x8000948a (0xb63f2d23) mem 0x8000b000 0x00000001
core   0: 0x8000948e (0x0000bfe5) c.j     pc - 8
core   0: 3 0x8000948e (0xbfe5)
core   0: 0x80009486 (0x00002f17) auipc   t5, 0x2
core   0: 3 0x80009486 (0x00002f17) x30 0x8000b486
core   0: 0x8000948a (0xb63f2d23) sw      gp, -1158(t5)
core   0: 3 0x8000948a (0xb63f2d23) mem 0x8000b000 0x00000001
core   0: 0x8000948e (0x0000bfe5) c.j     pc - 8
core   0: 3 0x8000948e (0xbfe5)
core   0: 0x80009486 (0x00002f17) auipc   t5, 0x2
core   0: 3 0x80009486 (0x00002f17) x30 0x8000b486
core   0: 0x8000948a (0xb63f2d23) sw      gp, -1158(t5)
core   0: 3 0x8000948a (0xb63f2d23) mem 0x8000b000 0x00000001
core   0: 0x8000948e (0x0000bfe5) c.j     pc - 8
core   0: 3 0x8000948e (0xbfe5)
core   0: 0x80009486 (0x00002f17) auipc   t5, 0x2
core   0: 3 0x80009486 (0x00002f17) x30 0x8000b486
core   0: 0x8000948a (0xb63f2d23) sw      gp, -1158(t5)
core   0: 3 0x8000948a (0xb63f2d23) mem 0x8000b000 0x00000001
core   0: 0x8000948e (0x0000bfe5) c.j     pc - 8
core   0: 3 0x8000948e (0xbfe5)
core   0: 0x80009486 (0x00002f17) auipc   t5, 0x2
core   0: 3 0x80009486 (0x00002f17) x30 0x8000b486
core   0: 0x8000948a (0xb63f2d23) sw      gp, -1158(t5)
core   0: 3 0x8000948a (0xb63f2d23) mem 0x8000b000 0x00000001
core   0: 0x8000948e (0x0000bfe5) c.j     pc - 8
core   0: 3 0x8000948e (0xbfe5)
core   0: 0x80009486 (0x00002f17) auipc   t5, 0x2
core   0: 3 0x80009486 (0x00002f17) x30 0x8000b486
core   0: 0x8000948a (0xb63f2d23) sw      gp, -1158(t5)
core   0: 3 0x8000948a (0xb63f2d23) mem 0x8000b000 0x00000001
core   0: 0x8000948e (0x0000bfe5) c.j     pc - 8
core   0: 3 0x8000948e (0xbfe5)
core   0: 0x80009486 (0x00002f17) auipc   t5, 0x2
core   0: 3 0x80009486 (0x00002f17) x30 0x8000b486
core   0: 0x8000948a (0xb63f2d23) sw      gp, -1158(t5)
core   0: 3 0x8000948a (0xb63f2d23) mem 0x8000b000 0x00000001
core   0: 0x8000948e (0x0000bfe5) c.j     pc - 8
core   0: 3 0x8000948e (0xbfe5)
core   0: 0x80009486 (0x00002f17) auipc   t5, 0x2
core   0: 3 0x80009486 (0x00002f17) x30 0x8000b486
core   0: 0x8000948a (0xb63f2d23) sw      gp, -1158(t5)
core   0: 3 0x8000948a (0xb63f2d23) mem 0x8000b000 0x00000001
core   0: 0x8000948e (0x0000bfe5) c.j     pc - 8
core   0: 3 0x8000948e (0xbfe5)
core   0: 0x80009486 (0x00002f17) auipc   t5, 0x2
core   0: 3 0x80009486 (0x00002f17) x30 0x8000b486
core   0: 0x8000948a (0xb63f2d23) sw      gp, -1158(t5)
core   0: 3 0x8000948a (0xb63f2d23) mem 0x8000b000 0x00000001
core   0: 0x8000948e (0x0000bfe5) c.j     pc - 8
core   0: 3 0x8000948e (0xbfe5)
core   0: 0x80009486 (0x00002f17) auipc   t5, 0x2
core   0: 3 0x80009486 (0x00002f17) x30 0x8000b486
core   0: 0x8000948a (0xb63f2d23) sw      gp, -1158(t5)
core   0: 3 0x8000948a (0xb63f2d23) mem 0x8000b000 0x00000001
core   0: 0x8000948e (0x0000bfe5) c.j     pc - 8
core   0: 3 0x8000948e (0xbfe5)
core   0: 0x80009486 (0x00002f17) auipc   t5, 0x2
core   0: 3 0x80009486 (0x00002f17) x30 0x8000b486
core   0: 0x8000948a (0xb63f2d23) sw      gp, -1158(t5)
core   0: 3 0x8000948a (0xb63f2d23) mem 0x8000b000 0x00000001
core   0: 0x8000948e (0x0000bfe5) c.j     pc - 8
core   0: 3 0x8000948e (0xbfe5)
core   0: 0x80009486 (0x00002f17) auipc   t5, 0x2
core   0: 3 0x80009486 (0x00002f17) x30 0x8000b486
core   0: 0x8000948a (0xb63f2d23) sw      gp, -1158(t5)
core   0: 3 0x8000948a (0xb63f2d23) mem 0x8000b000 0x00000001
core   0: 0x8000948e (0x0000bfe5) c.j     pc - 8
core   0: 3 0x8000948e (0xbfe5)
core   0: 0x80009486 (0x00002f17) auipc   t5, 0x2
core   0: 3 0x80009486 (0x00002f17) x30 0x8000b486
core   0: 0x8000948a (0xb63f2d23) sw      gp, -1158(t5)
core   0: 3 0x8000948a (0xb63f2d23) mem 0x8000b000 0x00000001
core   0: 0x8000948e (0x0000bfe5) c.j     pc - 8
core   0: 3 0x8000948e (0xbfe5)
core   0: 0x80009486 (0x00002f17) auipc   t5, 0x2
core   0: 3 0x80009486 (0x00002f17) x30 0x8000b486
core   0: 0x8000948a (0xb63f2d23) sw      gp, -1158(t5)
core   0: 3 0x8000948a (0xb63f2d23) mem 0x8000b000 0x00000001
core   0: 0x8000948e (0x0000bfe5) c.j     pc - 8
core   0: 3 0x8000948e (0xbfe5)
core   0: 0x80009486 (0x00002f17) auipc   t5, 0x2
core   0: 3 0x80009486 (0x00002f17) x30 0x8000b486
core   0: 0x8000948a (0xb63f2d23) sw      gp, -1158(t5)
core   0: 3 0x8000948a (0xb63f2d23) mem 0x8000b000 0x00000001
core   0: 0x8000948e (0x0000bfe5) c.j     pc - 8
core   0: 3 0x8000948e (0xbfe5)
core   0: 0x80009486 (0x00002f17) auipc   t5, 0x2
core   0: 3 0x80009486 (0x00002f17) x30 0x8000b486
core   0: 0x8000948a (0xb63f2d23) sw      gp, -1158(t5)
core   0: 3 0x8000948a (0xb63f2d23) mem 0x8000b000 0x00000001
core   0: 0x8000948e (0x0000bfe5) c.j     pc - 8
core   0: 3 0x8000948e (0xbfe5)
core   0: 0x80009486 (0x00002f17) auipc   t5, 0x2
core   0: 3 0x80009486 (0x00002f17) x30 0x8000b486
core   0: 0x8000948a (0xb63f2d23) sw      gp, -1158(t5)
core   0: 3 0x8000948a (0xb63f2d23) mem 0x8000b000 0x00000001
core   0: 0x8000948e (0x0000bfe5) c.j     pc - 8
core   0: 3 0x8000948e (0xbfe5)
core   0: 0x80009486 (0x00002f17) auipc   t5, 0x2
core   0: 3 0x80009486 (0x00002f17) x30 0x8000b486
core   0: 0x8000948a (0xb63f2d23) sw      gp, -1158(t5)
core   0: 3 0x8000948a (0xb63f2d23) mem 0x8000b000 0x00000001
core   0: 0x8000948e (0x0000bfe5) c.j     pc - 8
core   0: 3 0x8000948e (0xbfe5)
core   0: 0x80009486 (0x00002f17) auipc   t5, 0x2
core   0: 3 0x80009486 (0x00002f17) x30 0x8000b486
core   0: 0x8000948a (0xb63f2d23) sw      gp, -1158(t5)
core   0: 3 0x8000948a (0xb63f2d23) mem 0x8000b000 0x00000001
core   0: 0x8000948e (0x0000bfe5) c.j     pc - 8
core   0: 3 0x8000948e (0xbfe5)
core   0: 0x80009486 (0x00002f17) auipc   t5, 0x2
core   0: 3 0x80009486 (0x00002f17) x30 0x8000b486
core   0: 0x8000948a (0xb63f2d23) sw      gp, -1158(t5)
core   0: 3 0x8000948a (0xb63f2d23) mem 0x8000b000 0x00000001
core   0: 0x8000948e (0x0000bfe5) c.j     pc - 8
core   0: 3 0x8000948e (0xbfe5)
core   0: 0x80009486 (0x00002f17) auipc   t5, 0x2
core   0: 3 0x80009486 (0x00002f17) x30 0x8000b486
core   0: 0x8000948a (0xb63f2d23) sw      gp, -1158(t5)
core   0: 3 0x8000948a (0xb63f2d23) mem 0x8000b000 0x00000001
core   0: 0x8000948e (0x0000bfe5) c.j     pc - 8
core   0: 3 0x8000948e (0xbfe5)
core   0: 0x80009486 (0x00002f17) auipc   t5, 0x2
core   0: 3 0x80009486 (0x00002f17) x30 0x8000b486
core   0: 0x8000948a (0xb63f2d23) sw      gp, -1158(t5)
core   0: 3 0x8000948a (0xb63f2d23) mem 0x8000b000 0x00000001
core   0: 0x8000948e (0x0000bfe5) c.j     pc - 8
core   0: 3 0x8000948e (0xbfe5)
core   0: 0x80009486 (0x00002f17) auipc   t5, 0x2
core   0: 3 0x80009486 (0x00002f17) x30 0x8000b486
core   0: 0x8000948a (0xb63f2d23) sw      gp, -1158(t5)
core   0: 3 0x8000948a (0xb63f2d23) mem 0x8000b000 0x00000001
core   0: 0x8000948e (0x0000bfe5) c.j     pc - 8
core   0: 3 0x8000948e (0xbfe5)
core   0: 0x80009486 (0x00002f17) auipc   t5, 0x2
core   0: 3 0x80009486 (0x00002f17) x30 0x8000b486
core   0: 0x8000948a (0xb63f2d23) sw      gp, -1158(t5)
core   0: 3 0x8000948a (0xb63f2d23) mem 0x8000b000 0x00000001
core   0: 0x8000948e (0x0000bfe5) c.j     pc - 8
core   0: 3 0x8000948e (0xbfe5)
core   0: 0x80009486 (0x00002f17) auipc   t5, 0x2
core   0: 3 0x80009486 (0x00002f17) x30 0x8000b486
core   0: 0x8000948a (0xb63f2d23) sw      gp, -1158(t5)
core   0: 3 0x8000948a (0xb63f2d23) mem 0x8000b000 0x00000001
core   0: 0x8000948e (0x0000bfe5) c.j     pc - 8
core   0: 3 0x8000948e (0xbfe5)
core   0: 0x80009486 (0x00002f17) auipc   t5, 0x2
core   0: 3 0x80009486 (0x00002f17) x30 0x8000b486
core   0: 0x8000948a (0xb63f2d23) sw      gp, -1158(t5)
core   0: 3 0x8000948a (0xb63f2d23) mem 0x8000b000 0x00000001
core   0: 0x8000948e (0x0000bfe5) c.j     pc - 8
core   0: 3 0x8000948e (0xbfe5)
core   0: 0x80009486 (0x00002f17) auipc   t5, 0x2
core   0: 3 0x80009486 (0x00002f17) x30 0x8000b486
core   0: 0x8000948a (0xb63f2d23) sw      gp, -1158(t5)
core   0: 3 0x8000948a (0xb63f2d23) mem 0x8000b000 0x00000001
core   0: 0x8000948e (0x0000bfe5) c.j     pc - 8
core   0: 3 0x8000948e (0xbfe5)
core   0: 0x80009486 (0x00002f17) auipc   t5, 0x2
core   0: 3 0x80009486 (0x00002f17) x30 0x8000b486
core   0: 0x8000948a (0xb63f2d23) sw      gp, -1158(t5)
core   0: 3 0x8000948a (0xb63f2d23) mem 0x8000b000 0x00000001
core   0: 0x8000948e (0x0000bfe5) c.j     pc - 8
core   0: 3 0x8000948e (0xbfe5)
core   0: 0x80009486 (0x00002f17) auipc   t5, 0x2
core   0: 3 0x80009486 (0x00002f17) x30 0x8000b486
core   0: 0x8000948a (0xb63f2d23) sw      gp, -1158(t5)
core   0: 3 0x8000948a (0xb63f2d23) mem 0x8000b000 0x00000001
core   0: 0x8000948e (0x0000bfe5) c.j     pc - 8
core   0: 3 0x8000948e (0xbfe5)
core   0: 0x80009486 (0x00002f17) auipc   t5, 0x2
core   0: 3 0x80009486 (0x00002f17) x30 0x8000b486
core   0: 0x8000948a (0xb63f2d23) sw      gp, -1158(t5)
core   0: 3 0x8000948a (0xb63f2d23) mem 0x8000b000 0x00000001
core   0: 0x8000948e (0x0000bfe5) c.j     pc - 8
core   0: 3 0x8000948e (0xbfe5)
core   0: 0x80009486 (0x00002f17) auipc   t5, 0x2
core   0: 3 0x80009486 (0x00002f17) x30 0x8000b486
core   0: 0x8000948a (0xb63f2d23) sw      gp, -1158(t5)
core   0: 3 0x8000948a (0xb63f2d23) mem 0x8000b000 0x00000001
core   0: 0x8000948e (0x0000bfe5) c.j     pc - 8
core   0: 3 0x8000948e (0xbfe5)
core   0: 0x80009486 (0x00002f17) auipc   t5, 0x2
core   0: 3 0x80009486 (0x00002f17) x30 0x8000b486
core   0: 0x8000948a (0xb63f2d23) sw      gp, -1158(t5)
core   0: 3 0x8000948a (0xb63f2d23) mem 0x8000b000 0x00000001
core   0: 0x8000948e (0x0000bfe5) c.j     pc - 8
core   0: 3 0x8000948e (0xbfe5)
core   0: 0x80009486 (0x00002f17) auipc   t5, 0x2
core   0: 3 0x80009486 (0x00002f17) x30 0x8000b486
core   0: 0x8000948a (0xb63f2d23) sw      gp, -1158(t5)
core   0: 3 0x8000948a (0xb63f2d23) mem 0x8000b000 0x00000001
core   0: 0x8000948e (0x0000bfe5) c.j     pc - 8
core   0: 3 0x8000948e (0xbfe5)
core   0: 0x80009486 (0x00002f17) auipc   t5, 0x2
core   0: 3 0x80009486 (0x00002f17) x30 0x8000b486
core   0: 0x8000948a (0xb63f2d23) sw      gp, -1158(t5)
core   0: 3 0x8000948a (0xb63f2d23) mem 0x8000b000 0x00000001
core   0: 0x8000948e (0x0000bfe5) c.j     pc - 8
core   0: 3 0x8000948e (0xbfe5)
core   0: 0x80009486 (0x00002f17) auipc   t5, 0x2
core   0: 3 0x80009486 (0x00002f17) x30 0x8000b486
core   0: 0x8000948a (0xb63f2d23) sw      gp, -1158(t5)
core   0: 3 0x8000948a (0xb63f2d23) mem 0x8000b000 0x00000001
core   0: 0x8000948e (0x0000bfe5) c.j     pc - 8
core   0: 3 0x8000948e (0xbfe5)
core   0: 0x80009486 (0x00002f17) auipc   t5, 0x2
core   0: 3 0x80009486 (0x00002f17) x30 0x8000b486
core   0: 0x8000948a (0xb63f2d23) sw      gp, -1158(t5)
core   0: 3 0x8000948a (0xb63f2d23) mem 0x8000b000 0x00000001
core   0: 0x8000948e (0x0000bfe5) c.j     pc - 8
core   0: 3 0x8000948e (0xbfe5)
core   0: 0x80009486 (0x00002f17) auipc   t5, 0x2
core   0: 3 0x80009486 (0x00002f17) x30 0x8000b486
core   0: 0x8000948a (0xb63f2d23) sw      gp, -1158(t5)
core   0: 3 0x8000948a (0xb63f2d23) mem 0x8000b000 0x00000001
core   0: 0x8000948e (0x0000bfe5) c.j     pc - 8
core   0: 3 0x8000948e (0xbfe5)
core   0: 0x80009486 (0x00002f17) auipc   t5, 0x2
core   0: 3 0x80009486 (0x00002f17) x30 0x8000b486
core   0: 0x8000948a (0xb63f2d23) sw      gp, -1158(t5)
core   0: 3 0x8000948a (0xb63f2d23) mem 0x8000b000 0x00000001
core   0: 0x8000948e (0x0000bfe5) c.j     pc - 8
core   0: 3 0x8000948e (0xbfe5)
core   0: 0x80009486 (0x00002f17) auipc   t5, 0x2
core   0: 3 0x80009486 (0x00002f17) x30 0x8000b486
core   0: 0x8000948a (0xb63f2d23) sw      gp, -1158(t5)
core   0: 3 0x8000948a (0xb63f2d23) mem 0x8000b000 0x00000001
core   0: 0x8000948e (0x0000bfe5) c.j     pc - 8
core   0: 3 0x8000948e (0xbfe5)
core   0: 0x80009486 (0x00002f17) auipc   t5, 0x2
core   0: 3 0x80009486 (0x00002f17) x30 0x8000b486
core   0: 0x8000948a (0xb63f2d23) sw      gp, -1158(t5)
core   0: 3 0x8000948a (0xb63f2d23) mem 0x8000b000 0x00000001
core   0: 0x8000948e (0x0000bfe5) c.j     pc - 8
core   0: 3 0x8000948e (0xbfe5)
core   0: 0x80009486 (0x00002f17) auipc   t5, 0x2
core   0: 3 0x80009486 (0x00002f17) x30 0x8000b486
core   0: 0x8000948a (0xb63f2d23) sw      gp, -1158(t5)
core   0: 3 0x8000948a (0xb63f2d23) mem 0x8000b000 0x00000001
core   0: 0x8000948e (0x0000bfe5) c.j     pc - 8
core   0: 3 0x8000948e (0xbfe5)
core   0: 0x80009486 (0x00002f17) auipc   t5, 0x2
core   0: 3 0x80009486 (0x00002f17) x30 0x8000b486
core   0: 0x8000948a (0xb63f2d23) sw      gp, -1158(t5)
core   0: 3 0x8000948a (0xb63f2d23) mem 0x8000b000 0x00000001
core   0: 0x8000948e (0x0000bfe5) c.j     pc - 8
core   0: 3 0x8000948e (0xbfe5)
core   0: 0x80009486 (0x00002f17) auipc   t5, 0x2
core   0: 3 0x80009486 (0x00002f17) x30 0x8000b486
core   0: 0x8000948a (0xb63f2d23) sw      gp, -1158(t5)
core   0: 3 0x8000948a (0xb63f2d23) mem 0x8000b000 0x00000001
core   0: 0x8000948e (0x0000bfe5) c.j     pc - 8
core   0: 3 0x8000948e (0xbfe5)
core   0: 0x80009486 (0x00002f17) auipc   t5, 0x2
core   0: 3 0x80009486 (0x00002f17) x30 0x8000b486
core   0: 0x8000948a (0xb63f2d23) sw      gp, -1158(t5)
core   0: 3 0x8000948a (0xb63f2d23) mem 0x8000b000 0x00000001
core   0: 0x8000948e (0x0000bfe5) c.j     pc - 8
core   0: 3 0x8000948e (0xbfe5)
core   0: 0x80009486 (0x00002f17) auipc   t5, 0x2
core   0: 3 0x80009486 (0x00002f17) x30 0x8000b486
core   0: 0x8000948a (0xb63f2d23) sw      gp, -1158(t5)
core   0: 3 0x8000948a (0xb63f2d23) mem 0x8000b000 0x00000001
core   0: 0x8000948e (0x0000bfe5) c.j     pc - 8
core   0: 3 0x8000948e (0xbfe5)
core   0: 0x80009486 (0x00002f17) auipc   t5, 0x2
core   0: 3 0x80009486 (0x00002f17) x30 0x8000b486
core   0: 0x8000948a (0xb63f2d23) sw      gp, -1158(t5)
core   0: 3 0x8000948a (0xb63f2d23) mem 0x8000b000 0x00000001
core   0: 0x8000948e (0x0000bfe5) c.j     pc - 8
core   0: 3 0x8000948e (0xbfe5)
core   0: 0x80009486 (0x00002f17) auipc   t5, 0x2
core   0: 3 0x80009486 (0x00002f17) x30 0x8000b486
core   0: 0x8000948a (0xb63f2d23) sw      gp, -1158(t5)
core   0: 3 0x8000948a (0xb63f2d23) mem 0x8000b000 0x00000001
core   0: 0x8000948e (0x0000bfe5) c.j     pc - 8
core   0: 3 0x8000948e (0xbfe5)
core   0: 0x80009486 (0x00002f17) auipc   t5, 0x2
core   0: 3 0x80009486 (0x00002f17) x30 0x8000b486
core   0: 0x8000948a (0xb63f2d23) sw      gp, -1158(t5)
core   0: 3 0x8000948a (0xb63f2d23) mem 0x8000b000 0x00000001
core   0: 0x8000948e (0x0000bfe5) c.j     pc - 8
core   0: 3 0x8000948e (0xbfe5)
core   0: 0x80009486 (0x00002f17) auipc   t5, 0x2
core   0: 3 0x80009486 (0x00002f17) x30 0x8000b486
core   0: 0x8000948a (0xb63f2d23) sw      gp, -1158(t5)
core   0: 3 0x8000948a (0xb63f2d23) mem 0x8000b000 0x00000001
core   0: 0x8000948e (0x0000bfe5) c.j     pc - 8
core   0: 3 0x8000948e (0xbfe5)
core   0: 0x80009486 (0x00002f17) auipc   t5, 0x2
core   0: 3 0x80009486 (0x00002f17) x30 0x8000b486
core   0: 0x8000948a (0xb63f2d23) sw      gp, -1158(t5)
core   0: 3 0x8000948a (0xb63f2d23) mem 0x8000b000 0x00000001
core   0: 0x8000948e (0x0000bfe5) c.j     pc - 8
core   0: 3 0x8000948e (0xbfe5)
core   0: 0x80009486 (0x00002f17) auipc   t5, 0x2
core   0: 3 0x80009486 (0x00002f17) x30 0x8000b486
core   0: 0x8000948a (0xb63f2d23) sw      gp, -1158(t5)
core   0: 3 0x8000948a (0xb63f2d23) mem 0x8000b000 0x00000001
core   0: 0x8000948e (0x0000bfe5) c.j     pc - 8
core   0: 3 0x8000948e (0xbfe5)
core   0: 0x80009486 (0x00002f17) auipc   t5, 0x2
core   0: 3 0x80009486 (0x00002f17) x30 0x8000b486
core   0: 0x8000948a (0xb63f2d23) sw      gp, -1158(t5)
core   0: 3 0x8000948a (0xb63f2d23) mem 0x8000b000 0x00000001
core   0: 0x8000948e (0x0000bfe5) c.j     pc - 8
core   0: 3 0x8000948e (0xbfe5)
core   0: 0x80009486 (0x00002f17) auipc   t5, 0x2
core   0: 3 0x80009486 (0x00002f17) x30 0x8000b486
core   0: 0x8000948a (0xb63f2d23) sw      gp, -1158(t5)
core   0: 3 0x8000948a (0xb63f2d23) mem 0x8000b000 0x00000001
core   0: 0x8000948e (0x0000bfe5) c.j     pc - 8
core   0: 3 0x8000948e (0xbfe5)
core   0: 0x80009486 (0x00002f17) auipc   t5, 0x2
core   0: 3 0x80009486 (0x00002f17) x30 0x8000b486
core   0: 0x8000948a (0xb63f2d23) sw      gp, -1158(t5)
core   0: 3 0x8000948a (0xb63f2d23) mem 0x8000b000 0x00000001
core   0: 0x8000948e (0x0000bfe5) c.j     pc - 8
core   0: 3 0x8000948e (0xbfe5)
core   0: 0x80009486 (0x00002f17) auipc   t5, 0x2
core   0: 3 0x80009486 (0x00002f17) x30 0x8000b486
core   0: 0x8000948a (0xb63f2d23) sw      gp, -1158(t5)
core   0: 3 0x8000948a (0xb63f2d23) mem 0x8000b000 0x00000001
core   0: 0x8000948e (0x0000bfe5) c.j     pc - 8
core   0: 3 0x8000948e (0xbfe5)
core   0: 0x80009486 (0x00002f17) auipc   t5, 0x2
core   0: 3 0x80009486 (0x00002f17) x30 0x8000b486
core   0: 0x8000948a (0xb63f2d23) sw      gp, -1158(t5)
core   0: 3 0x8000948a (0xb63f2d23) mem 0x8000b000 0x00000001
core   0: 0x8000948e (0x0000bfe5) c.j     pc - 8
core   0: 3 0x8000948e (0xbfe5)
core   0: 0x80009486 (0x00002f17) auipc   t5, 0x2
core   0: 3 0x80009486 (0x00002f17) x30 0x8000b486
core   0: 0x8000948a (0xb63f2d23) sw      gp, -1158(t5)
core   0: 3 0x8000948a (0xb63f2d23) mem 0x8000b000 0x00000001
core   0: 0x8000948e (0x0000bfe5) c.j     pc - 8
core   0: 3 0x8000948e (0xbfe5)
core   0: 0x80009486 (0x00002f17) auipc   t5, 0x2
core   0: 3 0x80009486 (0x00002f17) x30 0x8000b486
core   0: 0x8000948a (0xb63f2d23) sw      gp, -1158(t5)
core   0: 3 0x8000948a (0xb63f2d23) mem 0x8000b000 0x00000001
core   0: 0x8000948e (0x0000bfe5) c.j     pc - 8
core   0: 3 0x8000948e (0xbfe5)
core   0: 0x80009486 (0x00002f17) auipc   t5, 0x2
core   0: 3 0x80009486 (0x00002f17) x30 0x8000b486
core   0: 0x8000948a (0xb63f2d23) sw      gp, -1158(t5)
core   0: 3 0x8000948a (0xb63f2d23) mem 0x8000b000 0x00000001
core   0: 0x8000948e (0x0000bfe5) c.j     pc - 8
core   0: 3 0x8000948e (0xbfe5)
core   0: 0x80009486 (0x00002f17) auipc   t5, 0x2
core   0: 3 0x80009486 (0x00002f17) x30 0x8000b486
core   0: 0x8000948a (0xb63f2d23) sw      gp, -1158(t5)
core   0: 3 0x8000948a (0xb63f2d23) mem 0x8000b000 0x00000001
core   0: 0x8000948e (0x0000bfe5) c.j     pc - 8
core   0: 3 0x8000948e (0xbfe5)
core   0: 0x80009486 (0x00002f17) auipc   t5, 0x2
core   0: 3 0x80009486 (0x00002f17) x30 0x8000b486
core   0: 0x8000948a (0xb63f2d23) sw      gp, -1158(t5)
core   0: 3 0x8000948a (0xb63f2d23) mem 0x8000b000 0x00000001
core   0: 0x8000948e (0x0000bfe5) c.j     pc - 8
core   0: 3 0x8000948e (0xbfe5)
core   0: 0x80009486 (0x00002f17) auipc   t5, 0x2
core   0: 3 0x80009486 (0x00002f17) x30 0x8000b486
core   0: 0x8000948a (0xb63f2d23) sw      gp, -1158(t5)
core   0: 3 0x8000948a (0xb63f2d23) mem 0x8000b000 0x00000001
core   0: 0x8000948e (0x0000bfe5) c.j     pc - 8
core   0: 3 0x8000948e (0xbfe5)
core   0: 0x80009486 (0x00002f17) auipc   t5, 0x2
core   0: 3 0x80009486 (0x00002f17) x30 0x8000b486
core   0: 0x8000948a (0xb63f2d23) sw      gp, -1158(t5)
core   0: 3 0x8000948a (0xb63f2d23) mem 0x8000b000 0x00000001
core   0: 0x8000948e (0x0000bfe5) c.j     pc - 8
core   0: 3 0x8000948e (0xbfe5)
core   0: 0x80009486 (0x00002f17) auipc   t5, 0x2
core   0: 3 0x80009486 (0x00002f17) x30 0x8000b486
core   0: 0x8000948a (0xb63f2d23) sw      gp, -1158(t5)
core   0: 3 0x8000948a (0xb63f2d23) mem 0x8000b000 0x00000001
core   0: 0x8000948e (0x0000bfe5) c.j     pc - 8
core   0: 3 0x8000948e (0xbfe5)
core   0: 0x80009486 (0x00002f17) auipc   t5, 0x2
core   0: 3 0x80009486 (0x00002f17) x30 0x8000b486
core   0: 0x8000948a (0xb63f2d23) sw      gp, -1158(t5)
core   0: 3 0x8000948a (0xb63f2d23) mem 0x8000b000 0x00000001
core   0: 0x8000948e (0x0000bfe5) c.j     pc - 8
core   0: 3 0x8000948e (0xbfe5)
core   0: 0x80009486 (0x00002f17) auipc   t5, 0x2
core   0: 3 0x80009486 (0x00002f17) x30 0x8000b486
core   0: 0x8000948a (0xb63f2d23) sw      gp, -1158(t5)
core   0: 3 0x8000948a (0xb63f2d23) mem 0x8000b000 0x00000001
core   0: 0x8000948e (0x0000bfe5) c.j     pc - 8
core   0: 3 0x8000948e (0xbfe5)
core   0: 0x80009486 (0x00002f17) auipc   t5, 0x2
core   0: 3 0x80009486 (0x00002f17) x30 0x8000b486
core   0: 0x8000948a (0xb63f2d23) sw      gp, -1158(t5)
core   0: 3 0x8000948a (0xb63f2d23) mem 0x8000b000 0x00000001
core   0: 0x8000948e (0x0000bfe5) c.j     pc - 8
core   0: 3 0x8000948e (0xbfe5)
core   0: 0x80009486 (0x00002f17) auipc   t5, 0x2
core   0: 3 0x80009486 (0x00002f17) x30 0x8000b486
core   0: 0x8000948a (0xb63f2d23) sw      gp, -1158(t5)
core   0: 3 0x8000948a (0xb63f2d23) mem 0x8000b000 0x00000001
core   0: 0x8000948e (0x0000bfe5) c.j     pc - 8
core   0: 3 0x8000948e (0xbfe5)
core   0: 0x80009486 (0x00002f17) auipc   t5, 0x2
core   0: 3 0x80009486 (0x00002f17) x30 0x8000b486
core   0: 0x8000948a (0xb63f2d23) sw      gp, -1158(t5)
core   0: 3 0x8000948a (0xb63f2d23) mem 0x8000b000 0x00000001
core   0: 0x8000948e (0x0000bfe5) c.j     pc - 8
core   0: 3 0x8000948e (0xbfe5)
core   0: 0x80009486 (0x00002f17) auipc   t5, 0x2
core   0: 3 0x80009486 (0x00002f17) x30 0x8000b486
core   0: 0x8000948a (0xb63f2d23) sw      gp, -1158(t5)
core   0: 3 0x8000948a (0xb63f2d23) mem 0x8000b000 0x00000001
core   0: 0x8000948e (0x0000bfe5) c.j     pc - 8
core   0: 3 0x8000948e (0xbfe5)
core   0: 0x80009486 (0x00002f17) auipc   t5, 0x2
core   0: 3 0x80009486 (0x00002f17) x30 0x8000b486
core   0: 0x8000948a (0xb63f2d23) sw      gp, -1158(t5)
core   0: 3 0x8000948a (0xb63f2d23) mem 0x8000b000 0x00000001
core   0: 0x8000948e (0x0000bfe5) c.j     pc - 8
core   0: 3 0x8000948e (0xbfe5)
core   0: 0x80009486 (0x00002f17) auipc   t5, 0x2
core   0: 3 0x80009486 (0x00002f17) x30 0x8000b486
core   0: 0x8000948a (0xb63f2d23) sw      gp, -1158(t5)
core   0: 3 0x8000948a (0xb63f2d23) mem 0x8000b000 0x00000001
core   0: 0x8000948e (0x0000bfe5) c.j     pc - 8
core   0: 3 0x8000948e (0xbfe5)
core   0: 0x80009486 (0x00002f17) auipc   t5, 0x2
core   0: 3 0x80009486 (0x00002f17) x30 0x8000b486
core   0: 0x8000948a (0xb63f2d23) sw      gp, -1158(t5)
core   0: 3 0x8000948a (0xb63f2d23) mem 0x8000b000 0x00000001
core   0: 0x8000948e (0x0000bfe5) c.j     pc - 8
core   0: 3 0x8000948e (0xbfe5)
core   0: 0x80009486 (0x00002f17) auipc   t5, 0x2
core   0: 3 0x80009486 (0x00002f17) x30 0x8000b486
core   0: 0x8000948a (0xb63f2d23) sw      gp, -1158(t5)
core   0: 3 0x8000948a (0xb63f2d23) mem 0x8000b000 0x00000001
core   0: 0x8000948e (0x0000bfe5) c.j     pc - 8
core   0: 3 0x8000948e (0xbfe5)
core   0: 0x80009486 (0x00002f17) auipc   t5, 0x2
core   0: 3 0x80009486 (0x00002f17) x30 0x8000b486
core   0: 0x8000948a (0xb63f2d23) sw      gp, -1158(t5)
core   0: 3 0x8000948a (0xb63f2d23) mem 0x8000b000 0x00000001
core   0: 0x8000948e (0x0000bfe5) c.j     pc - 8
core   0: 3 0x8000948e (0xbfe5)
core   0: 0x80009486 (0x00002f17) auipc   t5, 0x2
core   0: 3 0x80009486 (0x00002f17) x30 0x8000b486
core   0: 0x8000948a (0xb63f2d23) sw      gp, -1158(t5)
core   0: 3 0x8000948a (0xb63f2d23) mem 0x8000b000 0x00000001
core   0: 0x8000948e (0x0000bfe5) c.j     pc - 8
core   0: 3 0x8000948e (0xbfe5)
core   0: 0x80009486 (0x00002f17) auipc   t5, 0x2
core   0: 3 0x80009486 (0x00002f17) x30 0x8000b486
core   0: 0x8000948a (0xb63f2d23) sw      gp, -1158(t5)
core   0: 3 0x8000948a (0xb63f2d23) mem 0x8000b000 0x00000001
core   0: 0x8000948e (0x0000bfe5) c.j     pc - 8
core   0: 3 0x8000948e (0xbfe5)
core   0: 0x80009486 (0x00002f17) auipc   t5, 0x2
core   0: 3 0x80009486 (0x00002f17) x30 0x8000b486
core   0: 0x8000948a (0xb63f2d23) sw      gp, -1158(t5)
core   0: 3 0x8000948a (0xb63f2d23) mem 0x8000b000 0x00000001
core   0: 0x8000948e (0x0000bfe5) c.j     pc - 8
core   0: 3 0x8000948e (0xbfe5)
core   0: 0x80009486 (0x00002f17) auipc   t5, 0x2
core   0: 3 0x80009486 (0x00002f17) x30 0x8000b486
core   0: 0x8000948a (0xb63f2d23) sw      gp, -1158(t5)
core   0: 3 0x8000948a (0xb63f2d23) mem 0x8000b000 0x00000001
core   0: 0x8000948e (0x0000bfe5) c.j     pc - 8
core   0: 3 0x8000948e (0xbfe5)
core   0: 0x80009486 (0x00002f17) auipc   t5, 0x2
core   0: 3 0x80009486 (0x00002f17) x30 0x8000b486
core   0: 0x8000948a (0xb63f2d23) sw      gp, -1158(t5)
core   0: 3 0x8000948a (0xb63f2d23) mem 0x8000b000 0x00000001
core   0: 0x8000948e (0x0000bfe5) c.j     pc - 8
core   0: 3 0x8000948e (0xbfe5)
core   0: 0x80009486 (0x00002f17) auipc   t5, 0x2
core   0: 3 0x80009486 (0x00002f17) x30 0x8000b486
core   0: 0x8000948a (0xb63f2d23) sw      gp, -1158(t5)
core   0: 3 0x8000948a (0xb63f2d23) mem 0x8000b000 0x00000001
core   0: 0x8000948e (0x0000bfe5) c.j     pc - 8
core   0: 3 0x8000948e (0xbfe5)
core   0: 0x80009486 (0x00002f17) auipc   t5, 0x2
core   0: 3 0x80009486 (0x00002f17) x30 0x8000b486
core   0: 0x8000948a (0xb63f2d23) sw      gp, -1158(t5)
core   0: 3 0x8000948a (0xb63f2d23) mem 0x8000b000 0x00000001
core   0: 0x8000948e (0x0000bfe5) c.j     pc - 8
core   0: 3 0x8000948e (0xbfe5)
core   0: 0x80009486 (0x00002f17) auipc   t5, 0x2
core   0: 3 0x80009486 (0x00002f17) x30 0x8000b486
core   0: 0x8000948a (0xb63f2d23) sw      gp, -1158(t5)
core   0: 3 0x8000948a (0xb63f2d23) mem 0x8000b000 0x00000001
core   0: 0x8000948e (0x0000bfe5) c.j     pc - 8
core   0: 3 0x8000948e (0xbfe5)
core   0: 0x80009486 (0x00002f17) auipc   t5, 0x2
core   0: 3 0x80009486 (0x00002f17) x30 0x8000b486
core   0: 0x8000948a (0xb63f2d23) sw      gp, -1158(t5)
core   0: 3 0x8000948a (0xb63f2d23) mem 0x8000b000 0x00000001
core   0: 0x8000948e (0x0000bfe5) c.j     pc - 8
core   0: 3 0x8000948e (0xbfe5)
core   0: 0x80009486 (0x00002f17) auipc   t5, 0x2
core   0: 3 0x80009486 (0x00002f17) x30 0x8000b486
core   0: 0x8000948a (0xb63f2d23) sw      gp, -1158(t5)
core   0: 3 0x8000948a (0xb63f2d23) mem 0x8000b000 0x00000001
core   0: 0x8000948e (0x0000bfe5) c.j     pc - 8
core   0: 3 0x8000948e (0xbfe5)
core   0: 0x80009486 (0x00002f17) auipc   t5, 0x2
core   0: 3 0x80009486 (0x00002f17) x30 0x8000b486
core   0: 0x8000948a (0xb63f2d23) sw      gp, -1158(t5)
core   0: 3 0x8000948a (0xb63f2d23) mem 0x8000b000 0x00000001
core   0: 0x8000948e (0x0000bfe5) c.j     pc - 8
core   0: 3 0x8000948e (0xbfe5)
core   0: 0x80009486 (0x00002f17) auipc   t5, 0x2
core   0: 3 0x80009486 (0x00002f17) x30 0x8000b486
core   0: 0x8000948a (0xb63f2d23) sw      gp, -1158(t5)
core   0: 3 0x8000948a (0xb63f2d23) mem 0x8000b000 0x00000001
core   0: 0x8000948e (0x0000bfe5) c.j     pc - 8
core   0: 3 0x8000948e (0xbfe5)
core   0: 0x80009486 (0x00002f17) auipc   t5, 0x2
core   0: 3 0x80009486 (0x00002f17) x30 0x8000b486
core   0: 0x8000948a (0xb63f2d23) sw      gp, -1158(t5)
core   0: 3 0x8000948a (0xb63f2d23) mem 0x8000b000 0x00000001
core   0: 0x8000948e (0x0000bfe5) c.j     pc - 8
core   0: 3 0x8000948e (0xbfe5)
core   0: 0x80009486 (0x00002f17) auipc   t5, 0x2
core   0: 3 0x80009486 (0x00002f17) x30 0x8000b486
core   0: 0x8000948a (0xb63f2d23) sw      gp, -1158(t5)
core   0: 3 0x8000948a (0xb63f2d23) mem 0x8000b000 0x00000001
core   0: 0x8000948e (0x0000bfe5) c.j     pc - 8
core   0: 3 0x8000948e (0xbfe5)
core   0: 0x80009486 (0x00002f17) auipc   t5, 0x2
core   0: 3 0x80009486 (0x00002f17) x30 0x8000b486
core   0: 0x8000948a (0xb63f2d23) sw      gp, -1158(t5)
core   0: 3 0x8000948a (0xb63f2d23) mem 0x8000b000 0x00000001
core   0: 0x8000948e (0x0000bfe5) c.j     pc - 8
core   0: 3 0x8000948e (0xbfe5)
core   0: 0x80009486 (0x00002f17) auipc   t5, 0x2
core   0: 3 0x80009486 (0x00002f17) x30 0x8000b486
core   0: 0x8000948a (0xb63f2d23) sw      gp, -1158(t5)
core   0: 3 0x8000948a (0xb63f2d23) mem 0x8000b000 0x00000001
core   0: 0x8000948e (0x0000bfe5) c.j     pc - 8
core   0: 3 0x8000948e (0xbfe5)
core   0: 0x80009486 (0x00002f17) auipc   t5, 0x2
core   0: 3 0x80009486 (0x00002f17) x30 0x8000b486
core   0: 0x8000948a (0xb63f2d23) sw      gp, -1158(t5)
core   0: 3 0x8000948a (0xb63f2d23) mem 0x8000b000 0x00000001
core   0: 0x8000948e (0x0000bfe5) c.j     pc - 8
core   0: 3 0x8000948e (0xbfe5)
core   0: 0x80009486 (0x00002f17) auipc   t5, 0x2
core   0: 3 0x80009486 (0x00002f17) x30 0x8000b486
core   0: 0x8000948a (0xb63f2d23) sw      gp, -1158(t5)
core   0: 3 0x8000948a (0xb63f2d23) mem 0x8000b000 0x00000001
core   0: 0x8000948e (0x0000bfe5) c.j     pc - 8
core   0: 3 0x8000948e (0xbfe5)
core   0: 0x80009486 (0x00002f17) auipc   t5, 0x2
core   0: 3 0x80009486 (0x00002f17) x30 0x8000b486
core   0: 0x8000948a (0xb63f2d23) sw      gp, -1158(t5)
core   0: 3 0x8000948a (0xb63f2d23) mem 0x8000b000 0x00000001
core   0: 0x8000948e (0x0000bfe5) c.j     pc - 8
core   0: 3 0x8000948e (0xbfe5)
core   0: 0x80009486 (0x00002f17) auipc   t5, 0x2
core   0: 3 0x80009486 (0x00002f17) x30 0x8000b486
core   0: 0x8000948a (0xb63f2d23) sw      gp, -1158(t5)
core   0: 3 0x8000948a (0xb63f2d23) mem 0x8000b000 0x00000001
core   0: 0x8000948e (0x0000bfe5) c.j     pc - 8
core   0: 3 0x8000948e (0xbfe5)
core   0: 0x80009486 (0x00002f17) auipc   t5, 0x2
core   0: 3 0x80009486 (0x00002f17) x30 0x8000b486
core   0: 0x8000948a (0xb63f2d23) sw      gp, -1158(t5)
core   0: 3 0x8000948a (0xb63f2d23) mem 0x8000b000 0x00000001
core   0: 0x8000948e (0x0000bfe5) c.j     pc - 8
core   0: 3 0x8000948e (0xbfe5)
core   0: 0x80009486 (0x00002f17) auipc   t5, 0x2
core   0: 3 0x80009486 (0x00002f17) x30 0x8000b486
core   0: 0x8000948a (0xb63f2d23) sw      gp, -1158(t5)
core   0: 3 0x8000948a (0xb63f2d23) mem 0x8000b000 0x00000001
core   0: 0x8000948e (0x0000bfe5) c.j     pc - 8
core   0: 3 0x8000948e (0xbfe5)
core   0: 0x80009486 (0x00002f17) auipc   t5, 0x2
core   0: 3 0x80009486 (0x00002f17) x30 0x8000b486
core   0: 0x8000948a (0xb63f2d23) sw      gp, -1158(t5)
core   0: 3 0x8000948a (0xb63f2d23) mem 0x8000b000 0x00000001
core   0: 0x8000948e (0x0000bfe5) c.j     pc - 8
core   0: 3 0x8000948e (0xbfe5)
core   0: 0x80009486 (0x00002f17) auipc   t5, 0x2
core   0: 3 0x80009486 (0x00002f17) x30 0x8000b486
core   0: 0x8000948a (0xb63f2d23) sw      gp, -1158(t5)
core   0: 3 0x8000948a (0xb63f2d23) mem 0x8000b000 0x00000001
core   0: 0x8000948e (0x0000bfe5) c.j     pc - 8
core   0: 3 0x8000948e (0xbfe5)
core   0: 0x80009486 (0x00002f17) auipc   t5, 0x2
core   0: 3 0x80009486 (0x00002f17) x30 0x8000b486
core   0: 0x8000948a (0xb63f2d23) sw      gp, -1158(t5)
core   0: 3 0x8000948a (0xb63f2d23) mem 0x8000b000 0x00000001
core   0: 0x8000948e (0x0000bfe5) c.j     pc - 8
core   0: 3 0x8000948e (0xbfe5)
core   0: 0x80009486 (0x00002f17) auipc   t5, 0x2
core   0: 3 0x80009486 (0x00002f17) x30 0x8000b486
core   0: 0x8000948a (0xb63f2d23) sw      gp, -1158(t5)
core   0: 3 0x8000948a (0xb63f2d23) mem 0x8000b000 0x00000001
core   0: 0x8000948e (0x0000bfe5) c.j     pc - 8
core   0: 3 0x8000948e (0xbfe5)
core   0: 0x80009486 (0x00002f17) auipc   t5, 0x2
core   0: 3 0x80009486 (0x00002f17) x30 0x8000b486
core   0: 0x8000948a (0xb63f2d23) sw      gp, -1158(t5)
core   0: 3 0x8000948a (0xb63f2d23) mem 0x8000b000 0x00000001
core   0: 0x8000948e (0x0000bfe5) c.j     pc - 8
core   0: 3 0x8000948e (0xbfe5)
core   0: 0x80009486 (0x00002f17) auipc   t5, 0x2
core   0: 3 0x80009486 (0x00002f17) x30 0x8000b486
core   0: 0x8000948a (0xb63f2d23) sw      gp, -1158(t5)
core   0: 3 0x8000948a (0xb63f2d23) mem 0x8000b000 0x00000001
core   0: 0x8000948e (0x0000bfe5) c.j     pc - 8
core   0: 3 0x8000948e (0xbfe5)
core   0: 0x80009486 (0x00002f17) auipc   t5, 0x2
core   0: 3 0x80009486 (0x00002f17) x30 0x8000b486
core   0: 0x8000948a (0xb63f2d23) sw      gp, -1158(t5)
core   0: 3 0x8000948a (0xb63f2d23) mem 0x8000b000 0x00000001
core   0: 0x8000948e (0x0000bfe5) c.j     pc - 8
core   0: 3 0x8000948e (0xbfe5)
core   0: 0x80009486 (0x00002f17) auipc   t5, 0x2
core   0: 3 0x80009486 (0x00002f17) x30 0x8000b486
core   0: 0x8000948a (0xb63f2d23) sw      gp, -1158(t5)
core   0: 3 0x8000948a (0xb63f2d23) mem 0x8000b000 0x00000001
core   0: 0x8000948e (0x0000bfe5) c.j     pc - 8
core   0: 3 0x8000948e (0xbfe5)
core   0: 0x80009486 (0x00002f17) auipc   t5, 0x2
core   0: 3 0x80009486 (0x00002f17) x30 0x8000b486
core   0: 0x8000948a (0xb63f2d23) sw      gp, -1158(t5)
core   0: 3 0x8000948a (0xb63f2d23) mem 0x8000b000 0x00000001
core   0: 0x8000948e (0x0000bfe5) c.j     pc - 8
core   0: 3 0x8000948e (0xbfe5)
core   0: 0x80009486 (0x00002f17) auipc   t5, 0x2
core   0: 3 0x80009486 (0x00002f17) x30 0x8000b486
core   0: 0x8000948a (0xb63f2d23) sw      gp, -1158(t5)
core   0: 3 0x8000948a (0xb63f2d23) mem 0x8000b000 0x00000001
core   0: 0x8000948e (0x0000bfe5) c.j     pc - 8
core   0: 3 0x8000948e (0xbfe5)
core   0: 0x80009486 (0x00002f17) auipc   t5, 0x2
core   0: 3 0x80009486 (0x00002f17) x30 0x8000b486
core   0: 0x8000948a (0xb63f2d23) sw      gp, -1158(t5)
core   0: 3 0x8000948a (0xb63f2d23) mem 0x8000b000 0x00000001
core   0: 0x8000948e (0x0000bfe5) c.j     pc - 8
core   0: 3 0x8000948e (0xbfe5)
core   0: 0x80009486 (0x00002f17) auipc   t5, 0x2
core   0: 3 0x80009486 (0x00002f17) x30 0x8000b486
core   0: 0x8000948a (0xb63f2d23) sw      gp, -1158(t5)
core   0: 3 0x8000948a (0xb63f2d23) mem 0x8000b000 0x00000001
core   0: 0x8000948e (0x0000bfe5) c.j     pc - 8
core   0: 3 0x8000948e (0xbfe5)
core   0: 0x80009486 (0x00002f17) auipc   t5, 0x2
core   0: 3 0x80009486 (0x00002f17) x30 0x8000b486
core   0: 0x8000948a (0xb63f2d23) sw      gp, -1158(t5)
core   0: 3 0x8000948a (0xb63f2d23) mem 0x8000b000 0x00000001
core   0: 0x8000948e (0x0000bfe5) c.j     pc - 8
core   0: 3 0x8000948e (0xbfe5)
core   0: 0x80009486 (0x00002f17) auipc   t5, 0x2
core   0: 3 0x80009486 (0x00002f17) x30 0x8000b486
core   0: 0x8000948a (0xb63f2d23) sw      gp, -1158(t5)
core   0: 3 0x8000948a (0xb63f2d23) mem 0x8000b000 0x00000001
core   0: 0x8000948e (0x0000bfe5) c.j     pc - 8
core   0: 3 0x8000948e (0xbfe5)
core   0: 0x80009486 (0x00002f17) auipc   t5, 0x2
core   0: 3 0x80009486 (0x00002f17) x30 0x8000b486
core   0: 0x8000948a (0xb63f2d23) sw      gp, -1158(t5)
core   0: 3 0x8000948a (0xb63f2d23) mem 0x8000b000 0x00000001
core   0: 0x8000948e (0x0000bfe5) c.j     pc - 8
core   0: 3 0x8000948e (0xbfe5)
core   0: 0x80009486 (0x00002f17) auipc   t5, 0x2
core   0: 3 0x80009486 (0x00002f17) x30 0x8000b486
core   0: 0x8000948a (0xb63f2d23) sw      gp, -1158(t5)
core   0: 3 0x8000948a (0xb63f2d23) mem 0x8000b000 0x00000001
core   0: 0x8000948e (0x0000bfe5) c.j     pc - 8
core   0: 3 0x8000948e (0xbfe5)
core   0: 0x80009486 (0x00002f17) auipc   t5, 0x2
core   0: 3 0x80009486 (0x00002f17) x30 0x8000b486
core   0: 0x8000948a (0xb63f2d23) sw      gp, -1158(t5)
core   0: 3 0x8000948a (0xb63f2d23) mem 0x8000b000 0x00000001
core   0: 0x8000948e (0x0000bfe5) c.j     pc - 8
core   0: 3 0x8000948e (0xbfe5)
core   0: 0x80009486 (0x00002f17) auipc   t5, 0x2
core   0: 3 0x80009486 (0x00002f17) x30 0x8000b486
core   0: 0x8000948a (0xb63f2d23) sw      gp, -1158(t5)
core   0: 3 0x8000948a (0xb63f2d23) mem 0x8000b000 0x00000001
core   0: 0x8000948e (0x0000bfe5) c.j     pc - 8
core   0: 3 0x8000948e (0xbfe5)
core   0: 0x80009486 (0x00002f17) auipc   t5, 0x2
core   0: 3 0x80009486 (0x00002f17) x30 0x8000b486
core   0: 0x8000948a (0xb63f2d23) sw      gp, -1158(t5)
core   0: 3 0x8000948a (0xb63f2d23) mem 0x8000b000 0x00000001
core   0: 0x8000948e (0x0000bfe5) c.j     pc - 8
core   0: 3 0x8000948e (0xbfe5)
core   0: 0x80009486 (0x00002f17) auipc   t5, 0x2
core   0: 3 0x80009486 (0x00002f17) x30 0x8000b486
core   0: 0x8000948a (0xb63f2d23) sw      gp, -1158(t5)
core   0: 3 0x8000948a (0xb63f2d23) mem 0x8000b000 0x00000001
core   0: 0x8000948e (0x0000bfe5) c.j     pc - 8
core   0: 3 0x8000948e (0xbfe5)
core   0: 0x80009486 (0x00002f17) auipc   t5, 0x2
core   0: 3 0x80009486 (0x00002f17) x30 0x8000b486
core   0: 0x8000948a (0xb63f2d23) sw      gp, -1158(t5)
core   0: 3 0x8000948a (0xb63f2d23) mem 0x8000b000 0x00000001
core   0: 0x8000948e (0x0000bfe5) c.j     pc - 8
core   0: 3 0x8000948e (0xbfe5)
core   0: 0x80009486 (0x00002f17) auipc   t5, 0x2
core   0: 3 0x80009486 (0x00002f17) x30 0x8000b486
core   0: 0x8000948a (0xb63f2d23) sw      gp, -1158(t5)
core   0: 3 0x8000948a (0xb63f2d23) mem 0x8000b000 0x00000001
core   0: 0x8000948e (0x0000bfe5) c.j     pc - 8
core   0: 3 0x8000948e (0xbfe5)
core   0: 0x80009486 (0x00002f17) auipc   t5, 0x2
core   0: 3 0x80009486 (0x00002f17) x30 0x8000b486
core   0: 0x8000948a (0xb63f2d23) sw      gp, -1158(t5)
core   0: 3 0x8000948a (0xb63f2d23) mem 0x8000b000 0x00000001
core   0: 0x8000948e (0x0000bfe5) c.j     pc - 8
core   0: 3 0x8000948e (0xbfe5)
core   0: 0x80009486 (0x00002f17) auipc   t5, 0x2
core   0: 3 0x80009486 (0x00002f17) x30 0x8000b486
core   0: 0x8000948a (0xb63f2d23) sw      gp, -1158(t5)
core   0: 3 0x8000948a (0xb63f2d23) mem 0x8000b000 0x00000001
core   0: 0x8000948e (0x0000bfe5) c.j     pc - 8
core   0: 3 0x8000948e (0xbfe5)
core   0: 0x80009486 (0x00002f17) auipc   t5, 0x2
core   0: 3 0x80009486 (0x00002f17) x30 0x8000b486
core   0: 0x8000948a (0xb63f2d23) sw      gp, -1158(t5)
core   0: 3 0x8000948a (0xb63f2d23) mem 0x8000b000 0x00000001
core   0: 0x8000948e (0x0000bfe5) c.j     pc - 8
core   0: 3 0x8000948e (0xbfe5)
core   0: 0x80009486 (0x00002f17) auipc   t5, 0x2
core   0: 3 0x80009486 (0x00002f17) x30 0x8000b486
core   0: 0x8000948a (0xb63f2d23) sw      gp, -1158(t5)
core   0: 3 0x8000948a (0xb63f2d23) mem 0x8000b000 0x00000001
core   0: 0x8000948e (0x0000bfe5) c.j     pc - 8
core   0: 3 0x8000948e (0xbfe5)
core   0: 0x80009486 (0x00002f17) auipc   t5, 0x2
core   0: 3 0x80009486 (0x00002f17) x30 0x8000b486
core   0: 0x8000948a (0xb63f2d23) sw      gp, -1158(t5)
core   0: 3 0x8000948a (0xb63f2d23) mem 0x8000b000 0x00000001
core   0: 0x8000948e (0x0000bfe5) c.j     pc - 8
core   0: 3 0x8000948e (0xbfe5)
core   0: 0x80009486 (0x00002f17) auipc   t5, 0x2
core   0: 3 0x80009486 (0x00002f17) x30 0x8000b486
core   0: 0x8000948a (0xb63f2d23) sw      gp, -1158(t5)
core   0: 3 0x8000948a (0xb63f2d23) mem 0x8000b000 0x00000001
core   0: 0x8000948e (0x0000bfe5) c.j     pc - 8
core   0: 3 0x8000948e (0xbfe5)
core   0: 0x80009486 (0x00002f17) auipc   t5, 0x2
core   0: 3 0x80009486 (0x00002f17) x30 0x8000b486
core   0: 0x8000948a (0xb63f2d23) sw      gp, -1158(t5)
core   0: 3 0x8000948a (0xb63f2d23) mem 0x8000b000 0x00000001
core   0: 0x8000948e (0x0000bfe5) c.j     pc - 8
core   0: 3 0x8000948e (0xbfe5)
core   0: 0x80009486 (0x00002f17) auipc   t5, 0x2
core   0: 3 0x80009486 (0x00002f17) x30 0x8000b486
core   0: 0x8000948a (0xb63f2d23) sw      gp, -1158(t5)
core   0: 3 0x8000948a (0xb63f2d23) mem 0x8000b000 0x00000001
core   0: 0x8000948e (0x0000bfe5) c.j     pc - 8
core   0: 3 0x8000948e (0xbfe5)
core   0: 0x80009486 (0x00002f17) auipc   t5, 0x2
core   0: 3 0x80009486 (0x00002f17) x30 0x8000b486
core   0: 0x8000948a (0xb63f2d23) sw      gp, -1158(t5)
core   0: 3 0x8000948a (0xb63f2d23) mem 0x8000b000 0x00000001
core   0: 0x8000948e (0x0000bfe5) c.j     pc - 8
core   0: 3 0x8000948e (0xbfe5)
core   0: 0x80009486 (0x00002f17) auipc   t5, 0x2
core   0: 3 0x80009486 (0x00002f17) x30 0x8000b486
core   0: 0x8000948a (0xb63f2d23) sw      gp, -1158(t5)
core   0: 3 0x8000948a (0xb63f2d23) mem 0x8000b000 0x00000001
core   0: 0x8000948e (0x0000bfe5) c.j     pc - 8
core   0: 3 0x8000948e (0xbfe5)
core   0: 0x80009486 (0x00002f17) auipc   t5, 0x2
core   0: 3 0x80009486 (0x00002f17) x30 0x8000b486
core   0: 0x8000948a (0xb63f2d23) sw      gp, -1158(t5)
core   0: 3 0x8000948a (0xb63f2d23) mem 0x8000b000 0x00000001
core   0: 0x8000948e (0x0000bfe5) c.j     pc - 8
core   0: 3 0x8000948e (0xbfe5)
core   0: 0x80009486 (0x00002f17) auipc   t5, 0x2
core   0: 3 0x80009486 (0x00002f17) x30 0x8000b486
core   0: 0x8000948a (0xb63f2d23) sw      gp, -1158(t5)
core   0: 3 0x8000948a (0xb63f2d23) mem 0x8000b000 0x00000001
core   0: 0x8000948e (0x0000bfe5) c.j     pc - 8
core   0: 3 0x8000948e (0xbfe5)
core   0: 0x80009486 (0x00002f17) auipc   t5, 0x2
core   0: 3 0x80009486 (0x00002f17) x30 0x8000b486
core   0: 0x8000948a (0xb63f2d23) sw      gp, -1158(t5)
core   0: 3 0x8000948a (0xb63f2d23) mem 0x8000b000 0x00000001
core   0: 0x8000948e (0x0000bfe5) c.j     pc - 8
core   0: 3 0x8000948e (0xbfe5)
core   0: 0x80009486 (0x00002f17) auipc   t5, 0x2
core   0: 3 0x80009486 (0x00002f17) x30 0x8000b486
core   0: 0x8000948a (0xb63f2d23) sw      gp, -1158(t5)
core   0: 3 0x8000948a (0xb63f2d23) mem 0x8000b000 0x00000001
core   0: 0x8000948e (0x0000bfe5) c.j     pc - 8
core   0: 3 0x8000948e (0xbfe5)
core   0: 0x80009486 (0x00002f17) auipc   t5, 0x2
core   0: 3 0x80009486 (0x00002f17) x30 0x8000b486
core   0: 0x8000948a (0xb63f2d23) sw      gp, -1158(t5)
core   0: 3 0x8000948a (0xb63f2d23) mem 0x8000b000 0x00000001
core   0: 0x8000948e (0x0000bfe5) c.j     pc - 8
core   0: 3 0x8000948e (0xbfe5)
core   0: 0x80009486 (0x00002f17) auipc   t5, 0x2
core   0: 3 0x80009486 (0x00002f17) x30 0x8000b486
core   0: 0x8000948a (0xb63f2d23) sw      gp, -1158(t5)
core   0: 3 0x8000948a (0xb63f2d23) mem 0x8000b000 0x00000001
core   0: 0x8000948e (0x0000bfe5) c.j     pc - 8
core   0: 3 0x8000948e (0xbfe5)
core   0: 0x80009486 (0x00002f17) auipc   t5, 0x2
core   0: 3 0x80009486 (0x00002f17) x30 0x8000b486
core   0: 0x8000948a (0xb63f2d23) sw      gp, -1158(t5)
core   0: 3 0x8000948a (0xb63f2d23) mem 0x8000b000 0x00000001
core   0: 0x8000948e (0x0000bfe5) c.j     pc - 8
core   0: 3 0x8000948e (0xbfe5)
core   0: 0x80009486 (0x00002f17) auipc   t5, 0x2
core   0: 3 0x80009486 (0x00002f17) x30 0x8000b486
core   0: 0x8000948a (0xb63f2d23) sw      gp, -1158(t5)
core   0: 3 0x8000948a (0xb63f2d23) mem 0x8000b000 0x00000001
core   0: 0x8000948e (0x0000bfe5) c.j     pc - 8
core   0: 3 0x8000948e (0xbfe5)
core   0: 0x80009486 (0x00002f17) auipc   t5, 0x2
core   0: 3 0x80009486 (0x00002f17) x30 0x8000b486
core   0: 0x8000948a (0xb63f2d23) sw      gp, -1158(t5)
core   0: 3 0x8000948a (0xb63f2d23) mem 0x8000b000 0x00000001
core   0: 0x8000948e (0x0000bfe5) c.j     pc - 8
core   0: 3 0x8000948e (0xbfe5)
core   0: 0x80009486 (0x00002f17) auipc   t5, 0x2
core   0: 3 0x80009486 (0x00002f17) x30 0x8000b486
core   0: 0x8000948a (0xb63f2d23) sw      gp, -1158(t5)
core   0: 3 0x8000948a (0xb63f2d23) mem 0x8000b000 0x00000001
core   0: 0x8000948e (0x0000bfe5) c.j     pc - 8
core   0: 3 0x8000948e (0xbfe5)
core   0: 0x80009486 (0x00002f17) auipc   t5, 0x2
core   0: 3 0x80009486 (0x00002f17) x30 0x8000b486
core   0: 0x8000948a (0xb63f2d23) sw      gp, -1158(t5)
core   0: 3 0x8000948a (0xb63f2d23) mem 0x8000b000 0x00000001
core   0: 0x8000948e (0x0000bfe5) c.j     pc - 8
core   0: 3 0x8000948e (0xbfe5)
core   0: 0x80009486 (0x00002f17) auipc   t5, 0x2
core   0: 3 0x80009486 (0x00002f17) x30 0x8000b486
core   0: 0x8000948a (0xb63f2d23) sw      gp, -1158(t5)
core   0: 3 0x8000948a (0xb63f2d23) mem 0x8000b000 0x00000001
core   0: 0x8000948e (0x0000bfe5) c.j     pc - 8
core   0: 3 0x8000948e (0xbfe5)
core   0: 0x80009486 (0x00002f17) auipc   t5, 0x2
core   0: 3 0x80009486 (0x00002f17) x30 0x8000b486
core   0: 0x8000948a (0xb63f2d23) sw      gp, -1158(t5)
core   0: 3 0x8000948a (0xb63f2d23) mem 0x8000b000 0x00000001
core   0: 0x8000948e (0x0000bfe5) c.j     pc - 8
core   0: 3 0x8000948e (0xbfe5)
core   0: 0x80009486 (0x00002f17) auipc   t5, 0x2
core   0: 3 0x80009486 (0x00002f17) x30 0x8000b486
core   0: 0x8000948a (0xb63f2d23) sw      gp, -1158(t5)
core   0: 3 0x8000948a (0xb63f2d23) mem 0x8000b000 0x00000001
core   0: 0x8000948e (0x0000bfe5) c.j     pc - 8
core   0: 3 0x8000948e (0xbfe5)
core   0: 0x80009486 (0x00002f17) auipc   t5, 0x2
core   0: 3 0x80009486 (0x00002f17) x30 0x8000b486
core   0: 0x8000948a (0xb63f2d23) sw      gp, -1158(t5)
core   0: 3 0x8000948a (0xb63f2d23) mem 0x8000b000 0x00000001
core   0: 0x8000948e (0x0000bfe5) c.j     pc - 8
core   0: 3 0x8000948e (0xbfe5)
core   0: 0x80009486 (0x00002f17) auipc   t5, 0x2
core   0: 3 0x80009486 (0x00002f17) x30 0x8000b486
core   0: 0x8000948a (0xb63f2d23) sw      gp, -1158(t5)
core   0: 3 0x8000948a (0xb63f2d23) mem 0x8000b000 0x00000001
core   0: 0x8000948e (0x0000bfe5) c.j     pc - 8
core   0: 3 0x8000948e (0xbfe5)
core   0: 0x80009486 (0x00002f17) auipc   t5, 0x2
core   0: 3 0x80009486 (0x00002f17) x30 0x8000b486
core   0: 0x8000948a (0xb63f2d23) sw      gp, -1158(t5)
core   0: 3 0x8000948a (0xb63f2d23) mem 0x8000b000 0x00000001
core   0: 0x8000948e (0x0000bfe5) c.j     pc - 8
core   0: 3 0x8000948e (0xbfe5)
core   0: 0x80009486 (0x00002f17) auipc   t5, 0x2
core   0: 3 0x80009486 (0x00002f17) x30 0x8000b486
core   0: 0x8000948a (0xb63f2d23) sw      gp, -1158(t5)
core   0: 3 0x8000948a (0xb63f2d23) mem 0x8000b000 0x00000001
core   0: 0x8000948e (0x0000bfe5) c.j     pc - 8
core   0: 3 0x8000948e (0xbfe5)
core   0: 0x80009486 (0x00002f17) auipc   t5, 0x2
core   0: 3 0x80009486 (0x00002f17) x30 0x8000b486
core   0: 0x8000948a (0xb63f2d23) sw      gp, -1158(t5)
core   0: 3 0x8000948a (0xb63f2d23) mem 0x8000b000 0x00000001
core   0: 0x8000948e (0x0000bfe5) c.j     pc - 8
core   0: 3 0x8000948e (0xbfe5)
core   0: 0x80009486 (0x00002f17) auipc   t5, 0x2
core   0: 3 0x80009486 (0x00002f17) x30 0x8000b486
core   0: 0x8000948a (0xb63f2d23) sw      gp, -1158(t5)
core   0: 3 0x8000948a (0xb63f2d23) mem 0x8000b000 0x00000001
core   0: 0x8000948e (0x0000bfe5) c.j     pc - 8
core   0: 3 0x8000948e (0xbfe5)
core   0: 0x80009486 (0x00002f17) auipc   t5, 0x2
core   0: 3 0x80009486 (0x00002f17) x30 0x8000b486
core   0: 0x8000948a (0xb63f2d23) sw      gp, -1158(t5)
core   0: 3 0x8000948a (0xb63f2d23) mem 0x8000b000 0x00000001
core   0: 0x8000948e (0x0000bfe5) c.j     pc - 8
core   0: 3 0x8000948e (0xbfe5)
core   0: 0x80009486 (0x00002f17) auipc   t5, 0x2
core   0: 3 0x80009486 (0x00002f17) x30 0x8000b486
core   0: 0x8000948a (0xb63f2d23) sw      gp, -1158(t5)
core   0: 3 0x8000948a (0xb63f2d23) mem 0x8000b000 0x00000001
core   0: 0x8000948e (0x0000bfe5) c.j     pc - 8
core   0: 3 0x8000948e (0xbfe5)
core   0: 0x80009486 (0x00002f17) auipc   t5, 0x2
core   0: 3 0x80009486 (0x00002f17) x30 0x8000b486
core   0: 0x8000948a (0xb63f2d23) sw      gp, -1158(t5)
core   0: 3 0x8000948a (0xb63f2d23) mem 0x8000b000 0x00000001
core   0: 0x8000948e (0x0000bfe5) c.j     pc - 8
core   0: 3 0x8000948e (0xbfe5)
core   0: 0x80009486 (0x00002f17) auipc   t5, 0x2
core   0: 3 0x80009486 (0x00002f17) x30 0x8000b486
core   0: 0x8000948a (0xb63f2d23) sw      gp, -1158(t5)
core   0: 3 0x8000948a (0xb63f2d23) mem 0x8000b000 0x00000001
core   0: 0x8000948e (0x0000bfe5) c.j     pc - 8
core   0: 3 0x8000948e (0xbfe5)
core   0: 0x80009486 (0x00002f17) auipc   t5, 0x2
core   0: 3 0x80009486 (0x00002f17) x30 0x8000b486
core   0: 0x8000948a (0xb63f2d23) sw      gp, -1158(t5)
core   0: 3 0x8000948a (0xb63f2d23) mem 0x8000b000 0x00000001
core   0: 0x8000948e (0x0000bfe5) c.j     pc - 8
core   0: 3 0x8000948e (0xbfe5)
core   0: 0x80009486 (0x00002f17) auipc   t5, 0x2
core   0: 3 0x80009486 (0x00002f17) x30 0x8000b486
core   0: 0x8000948a (0xb63f2d23) sw      gp, -1158(t5)
core   0: 3 0x8000948a (0xb63f2d23) mem 0x8000b000 0x00000001
core   0: 0x8000948e (0x0000bfe5) c.j     pc - 8
core   0: 3 0x8000948e (0xbfe5)
core   0: 0x80009486 (0x00002f17) auipc   t5, 0x2
core   0: 3 0x80009486 (0x00002f17) x30 0x8000b486
core   0: 0x8000948a (0xb63f2d23) sw      gp, -1158(t5)
core   0: 3 0x8000948a (0xb63f2d23) mem 0x8000b000 0x00000001
core   0: 0x8000948e (0x0000bfe5) c.j     pc - 8
core   0: 3 0x8000948e (0xbfe5)
core   0: 0x80009486 (0x00002f17) auipc   t5, 0x2
core   0: 3 0x80009486 (0x00002f17) x30 0x8000b486
core   0: 0x8000948a (0xb63f2d23) sw      gp, -1158(t5)
core   0: 3 0x8000948a (0xb63f2d23) mem 0x8000b000 0x00000001
core   0: 0x8000948e (0x0000bfe5) c.j     pc - 8
core   0: 3 0x8000948e (0xbfe5)
core   0: 0x80009486 (0x00002f17) auipc   t5, 0x2
core   0: 3 0x80009486 (0x00002f17) x30 0x8000b486
core   0: 0x8000948a (0xb63f2d23) sw      gp, -1158(t5)
core   0: 3 0x8000948a (0xb63f2d23) mem 0x8000b000 0x00000001
core   0: 0x8000948e (0x0000bfe5) c.j     pc - 8
core   0: 3 0x8000948e (0xbfe5)
core   0: 0x80009486 (0x00002f17) auipc   t5, 0x2
core   0: 3 0x80009486 (0x00002f17) x30 0x8000b486
core   0: 0x8000948a (0xb63f2d23) sw      gp, -1158(t5)
core   0: 3 0x8000948a (0xb63f2d23) mem 0x8000b000 0x00000001
core   0: 0x8000948e (0x0000bfe5) c.j     pc - 8
core   0: 3 0x8000948e (0xbfe5)
core   0: 0x80009486 (0x00002f17) auipc   t5, 0x2
core   0: 3 0x80009486 (0x00002f17) x30 0x8000b486
core   0: 0x8000948a (0xb63f2d23) sw      gp, -1158(t5)
core   0: 3 0x8000948a (0xb63f2d23) mem 0x8000b000 0x00000001
core   0: 0x8000948e (0x0000bfe5) c.j     pc - 8
core   0: 3 0x8000948e (0xbfe5)
core   0: 0x80009486 (0x00002f17) auipc   t5, 0x2
core   0: 3 0x80009486 (0x00002f17) x30 0x8000b486
core   0: 0x8000948a (0xb63f2d23) sw      gp, -1158(t5)
core   0: 3 0x8000948a (0xb63f2d23) mem 0x8000b000 0x00000001
core   0: 0x8000948e (0x0000bfe5) c.j     pc - 8
core   0: 3 0x8000948e (0xbfe5)
core   0: 0x80009486 (0x00002f17) auipc   t5, 0x2
core   0: 3 0x80009486 (0x00002f17) x30 0x8000b486
core   0: 0x8000948a (0xb63f2d23) sw      gp, -1158(t5)
core   0: 3 0x8000948a (0xb63f2d23) mem 0x8000b000 0x00000001
core   0: 0x8000948e (0x0000bfe5) c.j     pc - 8
core   0: 3 0x8000948e (0xbfe5)
core   0: 0x80009486 (0x00002f17) auipc   t5, 0x2
core   0: 3 0x80009486 (0x00002f17) x30 0x8000b486
core   0: 0x8000948a (0xb63f2d23) sw      gp, -1158(t5)
core   0: 3 0x8000948a (0xb63f2d23) mem 0x8000b000 0x00000001
core   0: 0x8000948e (0x0000bfe5) c.j     pc - 8
core   0: 3 0x8000948e (0xbfe5)
core   0: 0x80009486 (0x00002f17) auipc   t5, 0x2
core   0: 3 0x80009486 (0x00002f17) x30 0x8000b486
core   0: 0x8000948a (0xb63f2d23) sw      gp, -1158(t5)
core   0: 3 0x8000948a (0xb63f2d23) mem 0x8000b000 0x00000001
core   0: 0x8000948e (0x0000bfe5) c.j     pc - 8
core   0: 3 0x8000948e (0xbfe5)
core   0: 0x80009486 (0x00002f17) auipc   t5, 0x2
core   0: 3 0x80009486 (0x00002f17) x30 0x8000b486
core   0: 0x8000948a (0xb63f2d23) sw      gp, -1158(t5)
core   0: 3 0x8000948a (0xb63f2d23) mem 0x8000b000 0x00000001
core   0: 0x8000948e (0x0000bfe5) c.j     pc - 8
core   0: 3 0x8000948e (0xbfe5)
core   0: 0x80009486 (0x00002f17) auipc   t5, 0x2
core   0: 3 0x80009486 (0x00002f17) x30 0x8000b486
core   0: 0x8000948a (0xb63f2d23) sw      gp, -1158(t5)
core   0: 3 0x8000948a (0xb63f2d23) mem 0x8000b000 0x00000001
core   0: 0x8000948e (0x0000bfe5) c.j     pc - 8
core   0: 3 0x8000948e (0xbfe5)
core   0: 0x80009486 (0x00002f17) auipc   t5, 0x2
core   0: 3 0x80009486 (0x00002f17) x30 0x8000b486
core   0: 0x8000948a (0xb63f2d23) sw      gp, -1158(t5)
core   0: 3 0x8000948a (0xb63f2d23) mem 0x8000b000 0x00000001
core   0: 0x8000948e (0x0000bfe5) c.j     pc - 8
core   0: 3 0x8000948e (0xbfe5)
core   0: 0x80009486 (0x00002f17) auipc   t5, 0x2
core   0: 3 0x80009486 (0x00002f17) x30 0x8000b486
core   0: 0x8000948a (0xb63f2d23) sw      gp, -1158(t5)
core   0: 3 0x8000948a (0xb63f2d23) mem 0x8000b000 0x00000001
core   0: 0x8000948e (0x0000bfe5) c.j     pc - 8
core   0: 3 0x8000948e (0xbfe5)
core   0: 0x80009486 (0x00002f17) auipc   t5, 0x2
core   0: 3 0x80009486 (0x00002f17) x30 0x8000b486
core   0: 0x8000948a (0xb63f2d23) sw      gp, -1158(t5)
core   0: 3 0x8000948a (0xb63f2d23) mem 0x8000b000 0x00000001
core   0: 0x8000948e (0x0000bfe5) c.j     pc - 8
core   0: 3 0x8000948e (0xbfe5)
core   0: 0x80009486 (0x00002f17) auipc   t5, 0x2
core   0: 3 0x80009486 (0x00002f17) x30 0x8000b486
core   0: 0x8000948a (0xb63f2d23) sw      gp, -1158(t5)
core   0: 3 0x8000948a (0xb63f2d23) mem 0x8000b000 0x00000001
core   0: 0x8000948e (0x0000bfe5) c.j     pc - 8
core   0: 3 0x8000948e (0xbfe5)
core   0: 0x80009486 (0x00002f17) auipc   t5, 0x2
core   0: 3 0x80009486 (0x00002f17) x30 0x8000b486
core   0: 0x8000948a (0xb63f2d23) sw      gp, -1158(t5)
core   0: 3 0x8000948a (0xb63f2d23) mem 0x8000b000 0x00000001
core   0: 0x8000948e (0x0000bfe5) c.j     pc - 8
core   0: 3 0x8000948e (0xbfe5)
core   0: 0x80009486 (0x00002f17) auipc   t5, 0x2
core   0: 3 0x80009486 (0x00002f17) x30 0x8000b486
core   0: 0x8000948a (0xb63f2d23) sw      gp, -1158(t5)
core   0: 3 0x8000948a (0xb63f2d23) mem 0x8000b000 0x00000001
core   0: 0x8000948e (0x0000bfe5) c.j     pc - 8
core   0: 3 0x8000948e (0xbfe5)
core   0: 0x80009486 (0x00002f17) auipc   t5, 0x2
core   0: 3 0x80009486 (0x00002f17) x30 0x8000b486
core   0: 0x8000948a (0xb63f2d23) sw      gp, -1158(t5)
core   0: 3 0x8000948a (0xb63f2d23) mem 0x8000b000 0x00000001
core   0: 0x8000948e (0x0000bfe5) c.j     pc - 8
core   0: 3 0x8000948e (0xbfe5)
core   0: 0x80009486 (0x00002f17) auipc   t5, 0x2
core   0: 3 0x80009486 (0x00002f17) x30 0x8000b486
core   0: 0x8000948a (0xb63f2d23) sw      gp, -1158(t5)
core   0: 3 0x8000948a (0xb63f2d23) mem 0x8000b000 0x00000001
core   0: 0x8000948e (0x0000bfe5) c.j     pc - 8
core   0: 3 0x8000948e (0xbfe5)
core   0: 0x80009486 (0x00002f17) auipc   t5, 0x2
core   0: 3 0x80009486 (0x00002f17) x30 0x8000b486
core   0: 0x8000948a (0xb63f2d23) sw      gp, -1158(t5)
core   0: 3 0x8000948a (0xb63f2d23) mem 0x8000b000 0x00000001
core   0: 0x8000948e (0x0000bfe5) c.j     pc - 8
core   0: 3 0x8000948e (0xbfe5)
core   0: 0x80009486 (0x00002f17) auipc   t5, 0x2
core   0: 3 0x80009486 (0x00002f17) x30 0x8000b486
core   0: 0x8000948a (0xb63f2d23) sw      gp, -1158(t5)
core   0: 3 0x8000948a (0xb63f2d23) mem 0x8000b000 0x00000001
core   0: 0x8000948e (0x0000bfe5) c.j     pc - 8
core   0: 3 0x8000948e (0xbfe5)
core   0: 0x80009486 (0x00002f17) auipc   t5, 0x2
core   0: 3 0x80009486 (0x00002f17) x30 0x8000b486
core   0: 0x8000948a (0xb63f2d23) sw      gp, -1158(t5)
core   0: 3 0x8000948a (0xb63f2d23) mem 0x8000b000 0x00000001
core   0: 0x8000948e (0x0000bfe5) c.j     pc - 8
core   0: 3 0x8000948e (0xbfe5)
core   0: 0x80009486 (0x00002f17) auipc   t5, 0x2
core   0: 3 0x80009486 (0x00002f17) x30 0x8000b486
core   0: 0x8000948a (0xb63f2d23) sw      gp, -1158(t5)
core   0: 3 0x8000948a (0xb63f2d23) mem 0x8000b000 0x00000001
core   0: 0x8000948e (0x0000bfe5) c.j     pc - 8
core   0: 3 0x8000948e (0xbfe5)
core   0: 0x80009486 (0x00002f17) auipc   t5, 0x2
core   0: 3 0x80009486 (0x00002f17) x30 0x8000b486
core   0: 0x8000948a (0xb63f2d23) sw      gp, -1158(t5)
core   0: 3 0x8000948a (0xb63f2d23) mem 0x8000b000 0x00000001
core   0: 0x8000948e (0x0000bfe5) c.j     pc - 8
core   0: 3 0x8000948e (0xbfe5)
core   0: 0x80009486 (0x00002f17) auipc   t5, 0x2
core   0: 3 0x80009486 (0x00002f17) x30 0x8000b486
core   0: 0x8000948a (0xb63f2d23) sw      gp, -1158(t5)
core   0: 3 0x8000948a (0xb63f2d23) mem 0x8000b000 0x00000001
core   0: 0x8000948e (0x0000bfe5) c.j     pc - 8
core   0: 3 0x8000948e (0xbfe5)
core   0: 0x80009486 (0x00002f17) auipc   t5, 0x2
core   0: 3 0x80009486 (0x00002f17) x30 0x8000b486
core   0: 0x8000948a (0xb63f2d23) sw      gp, -1158(t5)
core   0: 3 0x8000948a (0xb63f2d23) mem 0x8000b000 0x00000001
core   0: 0x8000948e (0x0000bfe5) c.j     pc - 8
core   0: 3 0x8000948e (0xbfe5)
core   0: 0x80009486 (0x00002f17) auipc   t5, 0x2
core   0: 3 0x80009486 (0x00002f17) x30 0x8000b486
core   0: 0x8000948a (0xb63f2d23) sw      gp, -1158(t5)
core   0: 3 0x8000948a (0xb63f2d23) mem 0x8000b000 0x00000001
core   0: 0x8000948e (0x0000bfe5) c.j     pc - 8
core   0: 3 0x8000948e (0xbfe5)
core   0: 0x80009486 (0x00002f17) auipc   t5, 0x2
core   0: 3 0x80009486 (0x00002f17) x30 0x8000b486
core   0: 0x8000948a (0xb63f2d23) sw      gp, -1158(t5)
core   0: 3 0x8000948a (0xb63f2d23) mem 0x8000b000 0x00000001
core   0: 0x8000948e (0x0000bfe5) c.j     pc - 8
core   0: 3 0x8000948e (0xbfe5)
core   0: 0x80009486 (0x00002f17) auipc   t5, 0x2
core   0: 3 0x80009486 (0x00002f17) x30 0x8000b486
core   0: 0x8000948a (0xb63f2d23) sw      gp, -1158(t5)
core   0: 3 0x8000948a (0xb63f2d23) mem 0x8000b000 0x00000001
core   0: 0x8000948e (0x0000bfe5) c.j     pc - 8
core   0: 3 0x8000948e (0xbfe5)
core   0: 0x80009486 (0x00002f17) auipc   t5, 0x2
core   0: 3 0x80009486 (0x00002f17) x30 0x8000b486
core   0: 0x8000948a (0xb63f2d23) sw      gp, -1158(t5)
core   0: 3 0x8000948a (0xb63f2d23) mem 0x8000b000 0x00000001
core   0: 0x8000948e (0x0000bfe5) c.j     pc - 8
core   0: 3 0x8000948e (0xbfe5)
core   0: 0x80009486 (0x00002f17) auipc   t5, 0x2
core   0: 3 0x80009486 (0x00002f17) x30 0x8000b486
core   0: 0x8000948a (0xb63f2d23) sw      gp, -1158(t5)
core   0: 3 0x8000948a (0xb63f2d23) mem 0x8000b000 0x00000001
core   0: 0x8000948e (0x0000bfe5) c.j     pc - 8
core   0: 3 0x8000948e (0xbfe5)
core   0: 0x80009486 (0x00002f17) auipc   t5, 0x2
core   0: 3 0x80009486 (0x00002f17) x30 0x8000b486
core   0: 0x8000948a (0xb63f2d23) sw      gp, -1158(t5)
core   0: 3 0x8000948a (0xb63f2d23) mem 0x8000b000 0x00000001
core   0: 0x8000948e (0x0000bfe5) c.j     pc - 8
core   0: 3 0x8000948e (0xbfe5)
core   0: 0x80009486 (0x00002f17) auipc   t5, 0x2
core   0: 3 0x80009486 (0x00002f17) x30 0x8000b486
core   0: 0x8000948a (0xb63f2d23) sw      gp, -1158(t5)
core   0: 3 0x8000948a (0xb63f2d23) mem 0x8000b000 0x00000001
core   0: 0x8000948e (0x0000bfe5) c.j     pc - 8
core   0: 3 0x8000948e (0xbfe5)
core   0: 0x80009486 (0x00002f17) auipc   t5, 0x2
core   0: 3 0x80009486 (0x00002f17) x30 0x8000b486
core   0: 0x8000948a (0xb63f2d23) sw      gp, -1158(t5)
core   0: 3 0x8000948a (0xb63f2d23) mem 0x8000b000 0x00000001
core   0: 0x8000948e (0x0000bfe5) c.j     pc - 8
core   0: 3 0x8000948e (0xbfe5)
core   0: 0x80009486 (0x00002f17) auipc   t5, 0x2
core   0: 3 0x80009486 (0x00002f17) x30 0x8000b486
core   0: 0x8000948a (0xb63f2d23) sw      gp, -1158(t5)
core   0: 3 0x8000948a (0xb63f2d23) mem 0x8000b000 0x00000001
core   0: 0x8000948e (0x0000bfe5) c.j     pc - 8
core   0: 3 0x8000948e (0xbfe5)
core   0: 0x80009486 (0x00002f17) auipc   t5, 0x2
core   0: 3 0x80009486 (0x00002f17) x30 0x8000b486
core   0: 0x8000948a (0xb63f2d23) sw      gp, -1158(t5)
core   0: 3 0x8000948a (0xb63f2d23) mem 0x8000b000 0x00000001
core   0: 0x8000948e (0x0000bfe5) c.j     pc - 8
core   0: 3 0x8000948e (0xbfe5)
core   0: 0x80009486 (0x00002f17) auipc   t5, 0x2
core   0: 3 0x80009486 (0x00002f17) x30 0x8000b486
core   0: 0x8000948a (0xb63f2d23) sw      gp, -1158(t5)
core   0: 3 0x8000948a (0xb63f2d23) mem 0x8000b000 0x00000001
core   0: 0x8000948e (0x0000bfe5) c.j     pc - 8
core   0: 3 0x8000948e (0xbfe5)
core   0: 0x80009486 (0x00002f17) auipc   t5, 0x2
core   0: 3 0x80009486 (0x00002f17) x30 0x8000b486
core   0: 0x8000948a (0xb63f2d23) sw      gp, -1158(t5)
core   0: 3 0x8000948a (0xb63f2d23) mem 0x8000b000 0x00000001
core   0: 0x8000948e (0x0000bfe5) c.j     pc - 8
core   0: 3 0x8000948e (0xbfe5)
core   0: 0x80009486 (0x00002f17) auipc   t5, 0x2
core   0: 3 0x80009486 (0x00002f17) x30 0x8000b486
core   0: 0x8000948a (0xb63f2d23) sw      gp, -1158(t5)
core   0: 3 0x8000948a (0xb63f2d23) mem 0x8000b000 0x00000001
core   0: 0x8000948e (0x0000bfe5) c.j     pc - 8
core   0: 3 0x8000948e (0xbfe5)
core   0: 0x80009486 (0x00002f17) auipc   t5, 0x2
core   0: 3 0x80009486 (0x00002f17) x30 0x8000b486
core   0: 0x8000948a (0xb63f2d23) sw      gp, -1158(t5)
core   0: 3 0x8000948a (0xb63f2d23) mem 0x8000b000 0x00000001
core   0: 0x8000948e (0x0000bfe5) c.j     pc - 8
core   0: 3 0x8000948e (0xbfe5)
core   0: 0x80009486 (0x00002f17) auipc   t5, 0x2
core   0: 3 0x80009486 (0x00002f17) x30 0x8000b486
core   0: 0x8000948a (0xb63f2d23) sw      gp, -1158(t5)
core   0: 3 0x8000948a (0xb63f2d23) mem 0x8000b000 0x00000001
core   0: 0x8000948e (0x0000bfe5) c.j     pc - 8
core   0: 3 0x8000948e (0xbfe5)
core   0: 0x80009486 (0x00002f17) auipc   t5, 0x2
core   0: 3 0x80009486 (0x00002f17) x30 0x8000b486
core   0: 0x8000948a (0xb63f2d23) sw      gp, -1158(t5)
core   0: 3 0x8000948a (0xb63f2d23) mem 0x8000b000 0x00000001
core   0: 0x8000948e (0x0000bfe5) c.j     pc - 8
core   0: 3 0x8000948e (0xbfe5)
core   0: 0x80009486 (0x00002f17) auipc   t5, 0x2
core   0: 3 0x80009486 (0x00002f17) x30 0x8000b486
core   0: 0x8000948a (0xb63f2d23) sw      gp, -1158(t5)
core   0: 3 0x8000948a (0xb63f2d23) mem 0x8000b000 0x00000001
core   0: 0x8000948e (0x0000bfe5) c.j     pc - 8
core   0: 3 0x8000948e (0xbfe5)
core   0: 0x80009486 (0x00002f17) auipc   t5, 0x2
core   0: 3 0x80009486 (0x00002f17) x30 0x8000b486
core   0: 0x8000948a (0xb63f2d23) sw      gp, -1158(t5)
core   0: 3 0x8000948a (0xb63f2d23) mem 0x8000b000 0x00000001
core   0: 0x8000948e (0x0000bfe5) c.j     pc - 8
core   0: 3 0x8000948e (0xbfe5)
core   0: 0x80009486 (0x00002f17) auipc   t5, 0x2
core   0: 3 0x80009486 (0x00002f17) x30 0x8000b486
core   0: 0x8000948a (0xb63f2d23) sw      gp, -1158(t5)
core   0: 3 0x8000948a (0xb63f2d23) mem 0x8000b000 0x00000001
core   0: 0x8000948e (0x0000bfe5) c.j     pc - 8
core   0: 3 0x8000948e (0xbfe5)
core   0: 0x80009486 (0x00002f17) auipc   t5, 0x2
core   0: 3 0x80009486 (0x00002f17) x30 0x8000b486
core   0: 0x8000948a (0xb63f2d23) sw      gp, -1158(t5)
core   0: 3 0x8000948a (0xb63f2d23) mem 0x8000b000 0x00000001
core   0: 0x8000948e (0x0000bfe5) c.j     pc - 8
core   0: 3 0x8000948e (0xbfe5)
core   0: 0x80009486 (0x00002f17) auipc   t5, 0x2
core   0: 3 0x80009486 (0x00002f17) x30 0x8000b486
core   0: 0x8000948a (0xb63f2d23) sw      gp, -1158(t5)
core   0: 3 0x8000948a (0xb63f2d23) mem 0x8000b000 0x00000001
core   0: 0x8000948e (0x0000bfe5) c.j     pc - 8
core   0: 3 0x8000948e (0xbfe5)
core   0: 0x80009486 (0x00002f17) auipc   t5, 0x2
core   0: 3 0x80009486 (0x00002f17) x30 0x8000b486
core   0: 0x8000948a (0xb63f2d23) sw      gp, -1158(t5)
core   0: 3 0x8000948a (0xb63f2d23) mem 0x8000b000 0x00000001
core   0: 0x8000948e (0x0000bfe5) c.j     pc - 8
core   0: 3 0x8000948e (0xbfe5)
core   0: 0x80009486 (0x00002f17) auipc   t5, 0x2
core   0: 3 0x80009486 (0x00002f17) x30 0x8000b486
core   0: 0x8000948a (0xb63f2d23) sw      gp, -1158(t5)
core   0: 3 0x8000948a (0xb63f2d23) mem 0x8000b000 0x00000001
core   0: 0x8000948e (0x0000bfe5) c.j     pc - 8
core   0: 3 0x8000948e (0xbfe5)
core   0: 0x80009486 (0x00002f17) auipc   t5, 0x2
core   0: 3 0x80009486 (0x00002f17) x30 0x8000b486
core   0: 0x8000948a (0xb63f2d23) sw      gp, -1158(t5)
core   0: 3 0x8000948a (0xb63f2d23) mem 0x8000b000 0x00000001
core   0: 0x8000948e (0x0000bfe5) c.j     pc - 8
core   0: 3 0x8000948e (0xbfe5)
core   0: 0x80009486 (0x00002f17) auipc   t5, 0x2
core   0: 3 0x80009486 (0x00002f17) x30 0x8000b486
core   0: 0x8000948a (0xb63f2d23) sw      gp, -1158(t5)
core   0: 3 0x8000948a (0xb63f2d23) mem 0x8000b000 0x00000001
core   0: 0x8000948e (0x0000bfe5) c.j     pc - 8
core   0: 3 0x8000948e (0xbfe5)
core   0: 0x80009486 (0x00002f17) auipc   t5, 0x2
core   0: 3 0x80009486 (0x00002f17) x30 0x8000b486
core   0: 0x8000948a (0xb63f2d23) sw      gp, -1158(t5)
core   0: 3 0x8000948a (0xb63f2d23) mem 0x8000b000 0x00000001
core   0: 0x8000948e (0x0000bfe5) c.j     pc - 8
core   0: 3 0x8000948e (0xbfe5)
core   0: 0x80009486 (0x00002f17) auipc   t5, 0x2
core   0: 3 0x80009486 (0x00002f17) x30 0x8000b486
core   0: 0x8000948a (0xb63f2d23) sw      gp, -1158(t5)
core   0: 3 0x8000948a (0xb63f2d23) mem 0x8000b000 0x00000001
core   0: 0x8000948e (0x0000bfe5) c.j     pc - 8
core   0: 3 0x8000948e (0xbfe5)
core   0: 0x80009486 (0x00002f17) auipc   t5, 0x2
core   0: 3 0x80009486 (0x00002f17) x30 0x8000b486
core   0: 0x8000948a (0xb63f2d23) sw      gp, -1158(t5)
core   0: 3 0x8000948a (0xb63f2d23) mem 0x8000b000 0x00000001
core   0: 0x8000948e (0x0000bfe5) c.j     pc - 8
core   0: 3 0x8000948e (0xbfe5)
core   0: 0x80009486 (0x00002f17) auipc   t5, 0x2
core   0: 3 0x80009486 (0x00002f17) x30 0x8000b486
core   0: 0x8000948a (0xb63f2d23) sw      gp, -1158(t5)
core   0: 3 0x8000948a (0xb63f2d23) mem 0x8000b000 0x00000001
core   0: 0x8000948e (0x0000bfe5) c.j     pc - 8
core   0: 3 0x8000948e (0xbfe5)
core   0: 0x80009486 (0x00002f17) auipc   t5, 0x2
core   0: 3 0x80009486 (0x00002f17) x30 0x8000b486
core   0: 0x8000948a (0xb63f2d23) sw      gp, -1158(t5)
core   0: 3 0x8000948a (0xb63f2d23) mem 0x8000b000 0x00000001
core   0: 0x8000948e (0x0000bfe5) c.j     pc - 8
core   0: 3 0x8000948e (0xbfe5)
core   0: 0x80009486 (0x00002f17) auipc   t5, 0x2
core   0: 3 0x80009486 (0x00002f17) x30 0x8000b486
core   0: 0x8000948a (0xb63f2d23) sw      gp, -1158(t5)
core   0: 3 0x8000948a (0xb63f2d23) mem 0x8000b000 0x00000001
core   0: 0x8000948e (0x0000bfe5) c.j     pc - 8
core   0: 3 0x8000948e (0xbfe5)
core   0: 0x80009486 (0x00002f17) auipc   t5, 0x2
core   0: 3 0x80009486 (0x00002f17) x30 0x8000b486
core   0: 0x8000948a (0xb63f2d23) sw      gp, -1158(t5)
core   0: 3 0x8000948a (0xb63f2d23) mem 0x8000b000 0x00000001
core   0: 0x8000948e (0x0000bfe5) c.j     pc - 8
core   0: 3 0x8000948e (0xbfe5)
core   0: 0x80009486 (0x00002f17) auipc   t5, 0x2
core   0: 3 0x80009486 (0x00002f17) x30 0x8000b486
core   0: 0x8000948a (0xb63f2d23) sw      gp, -1158(t5)
core   0: 3 0x8000948a (0xb63f2d23) mem 0x8000b000 0x00000001
core   0: 0x8000948e (0x0000bfe5) c.j     pc - 8
core   0: 3 0x8000948e (0xbfe5)
core   0: 0x80009486 (0x00002f17) auipc   t5, 0x2
core   0: 3 0x80009486 (0x00002f17) x30 0x8000b486
core   0: 0x8000948a (0xb63f2d23) sw      gp, -1158(t5)
core   0: 3 0x8000948a (0xb63f2d23) mem 0x8000b000 0x00000001
core   0: 0x8000948e (0x0000bfe5) c.j     pc - 8
core   0: 3 0x8000948e (0xbfe5)
core   0: 0x80009486 (0x00002f17) auipc   t5, 0x2
core   0: 3 0x80009486 (0x00002f17) x30 0x8000b486
core   0: 0x8000948a (0xb63f2d23) sw      gp, -1158(t5)
core   0: 3 0x8000948a (0xb63f2d23) mem 0x8000b000 0x00000001
core   0: 0x8000948e (0x0000bfe5) c.j     pc - 8
core   0: 3 0x8000948e (0xbfe5)
core   0: 0x80009486 (0x00002f17) auipc   t5, 0x2
core   0: 3 0x80009486 (0x00002f17) x30 0x8000b486
core   0: 0x8000948a (0xb63f2d23) sw      gp, -1158(t5)
core   0: 3 0x8000948a (0xb63f2d23) mem 0x8000b000 0x00000001
core   0: 0x8000948e (0x0000bfe5) c.j     pc - 8
core   0: 3 0x8000948e (0xbfe5)
core   0: 0x80009486 (0x00002f17) auipc   t5, 0x2
core   0: 3 0x80009486 (0x00002f17) x30 0x8000b486
core   0: 0x8000948a (0xb63f2d23) sw      gp, -1158(t5)
core   0: 3 0x8000948a (0xb63f2d23) mem 0x8000b000 0x00000001
core   0: 0x8000948e (0x0000bfe5) c.j     pc - 8
core   0: 3 0x8000948e (0xbfe5)
core   0: 0x80009486 (0x00002f17) auipc   t5, 0x2
core   0: 3 0x80009486 (0x00002f17) x30 0x8000b486
core   0: 0x8000948a (0xb63f2d23) sw      gp, -1158(t5)
core   0: 3 0x8000948a (0xb63f2d23) mem 0x8000b000 0x00000001
core   0: 0x8000948e (0x0000bfe5) c.j     pc - 8
core   0: 3 0x8000948e (0xbfe5)
core   0: 0x80009486 (0x00002f17) auipc   t5, 0x2
core   0: 3 0x80009486 (0x00002f17) x30 0x8000b486
core   0: 0x8000948a (0xb63f2d23) sw      gp, -1158(t5)
core   0: 3 0x8000948a (0xb63f2d23) mem 0x8000b000 0x00000001
core   0: 0x8000948e (0x0000bfe5) c.j     pc - 8
core   0: 3 0x8000948e (0xbfe5)
core   0: 0x80009486 (0x00002f17) auipc   t5, 0x2
core   0: 3 0x80009486 (0x00002f17) x30 0x8000b486
core   0: 0x8000948a (0xb63f2d23) sw      gp, -1158(t5)
core   0: 3 0x8000948a (0xb63f2d23) mem 0x8000b000 0x00000001
core   0: 0x8000948e (0x0000bfe5) c.j     pc - 8
core   0: 3 0x8000948e (0xbfe5)
core   0: 0x80009486 (0x00002f17) auipc   t5, 0x2
core   0: 3 0x80009486 (0x00002f17) x30 0x8000b486
core   0: 0x8000948a (0xb63f2d23) sw      gp, -1158(t5)
core   0: 3 0x8000948a (0xb63f2d23) mem 0x8000b000 0x00000001
core   0: 0x8000948e (0x0000bfe5) c.j     pc - 8
core   0: 3 0x8000948e (0xbfe5)
core   0: 0x80009486 (0x00002f17) auipc   t5, 0x2
core   0: 3 0x80009486 (0x00002f17) x30 0x8000b486
core   0: 0x8000948a (0xb63f2d23) sw      gp, -1158(t5)
core   0: 3 0x8000948a (0xb63f2d23) mem 0x8000b000 0x00000001
core   0: 0x8000948e (0x0000bfe5) c.j     pc - 8
core   0: 3 0x8000948e (0xbfe5)
core   0: 0x80009486 (0x00002f17) auipc   t5, 0x2
core   0: 3 0x80009486 (0x00002f17) x30 0x8000b486
core   0: 0x8000948a (0xb63f2d23) sw      gp, -1158(t5)
core   0: 3 0x8000948a (0xb63f2d23) mem 0x8000b000 0x00000001
core   0: 0x8000948e (0x0000bfe5) c.j     pc - 8
core   0: 3 0x8000948e (0xbfe5)
core   0: 0x80009486 (0x00002f17) auipc   t5, 0x2
core   0: 3 0x80009486 (0x00002f17) x30 0x8000b486
core   0: 0x8000948a (0xb63f2d23) sw      gp, -1158(t5)
core   0: 3 0x8000948a (0xb63f2d23) mem 0x8000b000 0x00000001
core   0: 0x8000948e (0x0000bfe5) c.j     pc - 8
core   0: 3 0x8000948e (0xbfe5)
core   0: 0x80009486 (0x00002f17) auipc   t5, 0x2
core   0: 3 0x80009486 (0x00002f17) x30 0x8000b486
core   0: 0x8000948a (0xb63f2d23) sw      gp, -1158(t5)
core   0: 3 0x8000948a (0xb63f2d23) mem 0x8000b000 0x00000001
core   0: 0x8000948e (0x0000bfe5) c.j     pc - 8
core   0: 3 0x8000948e (0xbfe5)
core   0: 0x80009486 (0x00002f17) auipc   t5, 0x2
core   0: 3 0x80009486 (0x00002f17) x30 0x8000b486
core   0: 0x8000948a (0xb63f2d23) sw      gp, -1158(t5)
core   0: 3 0x8000948a (0xb63f2d23) mem 0x8000b000 0x00000001
core   0: 0x8000948e (0x0000bfe5) c.j     pc - 8
core   0: 3 0x8000948e (0xbfe5)
core   0: 0x80009486 (0x00002f17) auipc   t5, 0x2
core   0: 3 0x80009486 (0x00002f17) x30 0x8000b486
core   0: 0x8000948a (0xb63f2d23) sw      gp, -1158(t5)
core   0: 3 0x8000948a (0xb63f2d23) mem 0x8000b000 0x00000001
core   0: 0x8000948e (0x0000bfe5) c.j     pc - 8
core   0: 3 0x8000948e (0xbfe5)
core   0: 0x80009486 (0x00002f17) auipc   t5, 0x2
core   0: 3 0x80009486 (0x00002f17) x30 0x8000b486
core   0: 0x8000948a (0xb63f2d23) sw      gp, -1158(t5)
core   0: 3 0x8000948a (0xb63f2d23) mem 0x8000b000 0x00000001
core   0: 0x8000948e (0x0000bfe5) c.j     pc - 8
core   0: 3 0x8000948e (0xbfe5)
core   0: 0x80009486 (0x00002f17) auipc   t5, 0x2
core   0: 3 0x80009486 (0x00002f17) x30 0x8000b486
core   0: 0x8000948a (0xb63f2d23) sw      gp, -1158(t5)
core   0: 3 0x8000948a (0xb63f2d23) mem 0x8000b000 0x00000001
core   0: 0x8000948e (0x0000bfe5) c.j     pc - 8
core   0: 3 0x8000948e (0xbfe5)
core   0: 0x80009486 (0x00002f17) auipc   t5, 0x2
core   0: 3 0x80009486 (0x00002f17) x30 0x8000b486
core   0: 0x8000948a (0xb63f2d23) sw      gp, -1158(t5)
core   0: 3 0x8000948a (0xb63f2d23) mem 0x8000b000 0x00000001
core   0: 0x8000948e (0x0000bfe5) c.j     pc - 8
core   0: 3 0x8000948e (0xbfe5)
core   0: 0x80009486 (0x00002f17) auipc   t5, 0x2
core   0: 3 0x80009486 (0x00002f17) x30 0x8000b486
core   0: 0x8000948a (0xb63f2d23) sw      gp, -1158(t5)
core   0: 3 0x8000948a (0xb63f2d23) mem 0x8000b000 0x00000001
core   0: 0x8000948e (0x0000bfe5) c.j     pc - 8
core   0: 3 0x8000948e (0xbfe5)
core   0: 0x80009486 (0x00002f17) auipc   t5, 0x2
core   0: 3 0x80009486 (0x00002f17) x30 0x8000b486
core   0: 0x8000948a (0xb63f2d23) sw      gp, -1158(t5)
core   0: 3 0x8000948a (0xb63f2d23) mem 0x8000b000 0x00000001
core   0: 0x8000948e (0x0000bfe5) c.j     pc - 8
core   0: 3 0x8000948e (0xbfe5)
core   0: 0x80009486 (0x00002f17) auipc   t5, 0x2
core   0: 3 0x80009486 (0x00002f17) x30 0x8000b486
core   0: 0x8000948a (0xb63f2d23) sw      gp, -1158(t5)
core   0: 3 0x8000948a (0xb63f2d23) mem 0x8000b000 0x00000001
core   0: 0x8000948e (0x0000bfe5) c.j     pc - 8
core   0: 3 0x8000948e (0xbfe5)
core   0: 0x80009486 (0x00002f17) auipc   t5, 0x2
core   0: 3 0x80009486 (0x00002f17) x30 0x8000b486
core   0: 0x8000948a (0xb63f2d23) sw      gp, -1158(t5)
core   0: 3 0x8000948a (0xb63f2d23) mem 0x8000b000 0x00000001
core   0: 0x8000948e (0x0000bfe5) c.j     pc - 8
core   0: 3 0x8000948e (0xbfe5)
core   0: 0x80009486 (0x00002f17) auipc   t5, 0x2
core   0: 3 0x80009486 (0x00002f17) x30 0x8000b486
core   0: 0x8000948a (0xb63f2d23) sw      gp, -1158(t5)
core   0: 3 0x8000948a (0xb63f2d23) mem 0x8000b000 0x00000001
core   0: 0x8000948e (0x0000bfe5) c.j     pc - 8
core   0: 3 0x8000948e (0xbfe5)
core   0: 0x80009486 (0x00002f17) auipc   t5, 0x2
core   0: 3 0x80009486 (0x00002f17) x30 0x8000b486
core   0: 0x8000948a (0xb63f2d23) sw      gp, -1158(t5)
core   0: 3 0x8000948a (0xb63f2d23) mem 0x8000b000 0x00000001
core   0: 0x8000948e (0x0000bfe5) c.j     pc - 8
core   0: 3 0x8000948e (0xbfe5)
core   0: 0x80009486 (0x00002f17) auipc   t5, 0x2
core   0: 3 0x80009486 (0x00002f17) x30 0x8000b486
core   0: 0x8000948a (0xb63f2d23) sw      gp, -1158(t5)
core   0: 3 0x8000948a (0xb63f2d23) mem 0x8000b000 0x00000001
core   0: 0x8000948e (0x0000bfe5) c.j     pc - 8
core   0: 3 0x8000948e (0xbfe5)
core   0: 0x80009486 (0x00002f17) auipc   t5, 0x2
core   0: 3 0x80009486 (0x00002f17) x30 0x8000b486
core   0: 0x8000948a (0xb63f2d23) sw      gp, -1158(t5)
core   0: 3 0x8000948a (0xb63f2d23) mem 0x8000b000 0x00000001
core   0: 0x8000948e (0x0000bfe5) c.j     pc - 8
core   0: 3 0x8000948e (0xbfe5)
core   0: 0x80009486 (0x00002f17) auipc   t5, 0x2
core   0: 3 0x80009486 (0x00002f17) x30 0x8000b486
core   0: 0x8000948a (0xb63f2d23) sw      gp, -1158(t5)
core   0: 3 0x8000948a (0xb63f2d23) mem 0x8000b000 0x00000001
core   0: 0x8000948e (0x0000bfe5) c.j     pc - 8
core   0: 3 0x8000948e (0xbfe5)
core   0: 0x80009486 (0x00002f17) auipc   t5, 0x2
core   0: 3 0x80009486 (0x00002f17) x30 0x8000b486
core   0: 0x8000948a (0xb63f2d23) sw      gp, -1158(t5)
core   0: 3 0x8000948a (0xb63f2d23) mem 0x8000b000 0x00000001
core   0: 0x8000948e (0x0000bfe5) c.j     pc - 8
core   0: 3 0x8000948e (0xbfe5)
core   0: 0x80009486 (0x00002f17) auipc   t5, 0x2
core   0: 3 0x80009486 (0x00002f17) x30 0x8000b486
core   0: 0x8000948a (0xb63f2d23) sw      gp, -1158(t5)
core   0: 3 0x8000948a (0xb63f2d23) mem 0x8000b000 0x00000001
core   0: 0x8000948e (0x0000bfe5) c.j     pc - 8
core   0: 3 0x8000948e (0xbfe5)
core   0: 0x80009486 (0x00002f17) auipc   t5, 0x2
core   0: 3 0x80009486 (0x00002f17) x30 0x8000b486
core   0: 0x8000948a (0xb63f2d23) sw      gp, -1158(t5)
core   0: 3 0x8000948a (0xb63f2d23) mem 0x8000b000 0x00000001
core   0: 0x8000948e (0x0000bfe5) c.j     pc - 8
core   0: 3 0x8000948e (0xbfe5)
core   0: 0x80009486 (0x00002f17) auipc   t5, 0x2
core   0: 3 0x80009486 (0x00002f17) x30 0x8000b486
core   0: 0x8000948a (0xb63f2d23) sw      gp, -1158(t5)
core   0: 3 0x8000948a (0xb63f2d23) mem 0x8000b000 0x00000001
core   0: 0x8000948e (0x0000bfe5) c.j     pc - 8
core   0: 3 0x8000948e (0xbfe5)
core   0: 0x80009486 (0x00002f17) auipc   t5, 0x2
core   0: 3 0x80009486 (0x00002f17) x30 0x8000b486
core   0: 0x8000948a (0xb63f2d23) sw      gp, -1158(t5)
core   0: 3 0x8000948a (0xb63f2d23) mem 0x8000b000 0x00000001
core   0: 0x8000948e (0x0000bfe5) c.j     pc - 8
core   0: 3 0x8000948e (0xbfe5)
core   0: 0x80009486 (0x00002f17) auipc   t5, 0x2
core   0: 3 0x80009486 (0x00002f17) x30 0x8000b486
core   0: 0x8000948a (0xb63f2d23) sw      gp, -1158(t5)
core   0: 3 0x8000948a (0xb63f2d23) mem 0x8000b000 0x00000001
core   0: 0x8000948e (0x0000bfe5) c.j     pc - 8
core   0: 3 0x8000948e (0xbfe5)
core   0: 0x80009486 (0x00002f17) auipc   t5, 0x2
core   0: 3 0x80009486 (0x00002f17) x30 0x8000b486
core   0: 0x8000948a (0xb63f2d23) sw      gp, -1158(t5)
core   0: 3 0x8000948a (0xb63f2d23) mem 0x8000b000 0x00000001
core   0: 0x8000948e (0x0000bfe5) c.j     pc - 8
core   0: 3 0x8000948e (0xbfe5)
core   0: 0x80009486 (0x00002f17) auipc   t5, 0x2
core   0: 3 0x80009486 (0x00002f17) x30 0x8000b486
core   0: 0x8000948a (0xb63f2d23) sw      gp, -1158(t5)
core   0: 3 0x8000948a (0xb63f2d23) mem 0x8000b000 0x00000001
core   0: 0x8000948e (0x0000bfe5) c.j     pc - 8
core   0: 3 0x8000948e (0xbfe5)
core   0: 0x80009486 (0x00002f17) auipc   t5, 0x2
core   0: 3 0x80009486 (0x00002f17) x30 0x8000b486
core   0: 0x8000948a (0xb63f2d23) sw      gp, -1158(t5)
core   0: 3 0x8000948a (0xb63f2d23) mem 0x8000b000 0x00000001
core   0: 0x8000948e (0x0000bfe5) c.j     pc - 8
core   0: 3 0x8000948e (0xbfe5)
core   0: 0x80009486 (0x00002f17) auipc   t5, 0x2
core   0: 3 0x80009486 (0x00002f17) x30 0x8000b486
core   0: 0x8000948a (0xb63f2d23) sw      gp, -1158(t5)
core   0: 3 0x8000948a (0xb63f2d23) mem 0x8000b000 0x00000001
core   0: 0x8000948e (0x0000bfe5) c.j     pc - 8
core   0: 3 0x8000948e (0xbfe5)
core   0: 0x80009486 (0x00002f17) auipc   t5, 0x2
core   0: 3 0x80009486 (0x00002f17) x30 0x8000b486
core   0: 0x8000948a (0xb63f2d23) sw      gp, -1158(t5)
core   0: 3 0x8000948a (0xb63f2d23) mem 0x8000b000 0x00000001
core   0: 0x8000948e (0x0000bfe5) c.j     pc - 8
core   0: 3 0x8000948e (0xbfe5)
core   0: 0x80009486 (0x00002f17) auipc   t5, 0x2
core   0: 3 0x80009486 (0x00002f17) x30 0x8000b486
core   0: 0x8000948a (0xb63f2d23) sw      gp, -1158(t5)
core   0: 3 0x8000948a (0xb63f2d23) mem 0x8000b000 0x00000001
core   0: 0x8000948e (0x0000bfe5) c.j     pc - 8
core   0: 3 0x8000948e (0xbfe5)
core   0: 0x80009486 (0x00002f17) auipc   t5, 0x2
core   0: 3 0x80009486 (0x00002f17) x30 0x8000b486
core   0: 0x8000948a (0xb63f2d23) sw      gp, -1158(t5)
core   0: 3 0x8000948a (0xb63f2d23) mem 0x8000b000 0x00000001
core   0: 0x8000948e (0x0000bfe5) c.j     pc - 8
core   0: 3 0x8000948e (0xbfe5)
core   0: 0x80009486 (0x00002f17) auipc   t5, 0x2
core   0: 3 0x80009486 (0x00002f17) x30 0x8000b486
core   0: 0x8000948a (0xb63f2d23) sw      gp, -1158(t5)
core   0: 3 0x8000948a (0xb63f2d23) mem 0x8000b000 0x00000001
core   0: 0x8000948e (0x0000bfe5) c.j     pc - 8
core   0: 3 0x8000948e (0xbfe5)
core   0: 0x80009486 (0x00002f17) auipc   t5, 0x2
core   0: 3 0x80009486 (0x00002f17) x30 0x8000b486
core   0: 0x8000948a (0xb63f2d23) sw      gp, -1158(t5)
core   0: 3 0x8000948a (0xb63f2d23) mem 0x8000b000 0x00000001
core   0: 0x8000948e (0x0000bfe5) c.j     pc - 8
core   0: 3 0x8000948e (0xbfe5)
core   0: 0x80009486 (0x00002f17) auipc   t5, 0x2
core   0: 3 0x80009486 (0x00002f17) x30 0x8000b486
core   0: 0x8000948a (0xb63f2d23) sw      gp, -1158(t5)
core   0: 3 0x8000948a (0xb63f2d23) mem 0x8000b000 0x00000001
core   0: 0x8000948e (0x0000bfe5) c.j     pc - 8
core   0: 3 0x8000948e (0xbfe5)
core   0: 0x80009486 (0x00002f17) auipc   t5, 0x2
core   0: 3 0x80009486 (0x00002f17) x30 0x8000b486
core   0: 0x8000948a (0xb63f2d23) sw      gp, -1158(t5)
core   0: 3 0x8000948a (0xb63f2d23) mem 0x8000b000 0x00000001
core   0: 0x8000948e (0x0000bfe5) c.j     pc - 8
core   0: 3 0x8000948e (0xbfe5)
core   0: 0x80009486 (0x00002f17) auipc   t5, 0x2
core   0: 3 0x80009486 (0x00002f17) x30 0x8000b486
core   0: 0x8000948a (0xb63f2d23) sw      gp, -1158(t5)
core   0: 3 0x8000948a (0xb63f2d23) mem 0x8000b000 0x00000001
core   0: 0x8000948e (0x0000bfe5) c.j     pc - 8
core   0: 3 0x8000948e (0xbfe5)
core   0: 0x80009486 (0x00002f17) auipc   t5, 0x2
core   0: 3 0x80009486 (0x00002f17) x30 0x8000b486
core   0: 0x8000948a (0xb63f2d23) sw      gp, -1158(t5)
core   0: 3 0x8000948a (0xb63f2d23) mem 0x8000b000 0x00000001
core   0: 0x8000948e (0x0000bfe5) c.j     pc - 8
core   0: 3 0x8000948e (0xbfe5)
core   0: 0x80009486 (0x00002f17) auipc   t5, 0x2
core   0: 3 0x80009486 (0x00002f17) x30 0x8000b486
core   0: 0x8000948a (0xb63f2d23) sw      gp, -1158(t5)
core   0: 3 0x8000948a (0xb63f2d23) mem 0x8000b000 0x00000001
core   0: 0x8000948e (0x0000bfe5) c.j     pc - 8
core   0: 3 0x8000948e (0xbfe5)
core   0: 0x80009486 (0x00002f17) auipc   t5, 0x2
core   0: 3 0x80009486 (0x00002f17) x30 0x8000b486
core   0: 0x8000948a (0xb63f2d23) sw      gp, -1158(t5)
core   0: 3 0x8000948a (0xb63f2d23) mem 0x8000b000 0x00000001
core   0: 0x8000948e (0x0000bfe5) c.j     pc - 8
core   0: 3 0x8000948e (0xbfe5)
core   0: 0x80009486 (0x00002f17) auipc   t5, 0x2
core   0: 3 0x80009486 (0x00002f17) x30 0x8000b486
core   0: 0x8000948a (0xb63f2d23) sw      gp, -1158(t5)
core   0: 3 0x8000948a (0xb63f2d23) mem 0x8000b000 0x00000001
core   0: 0x8000948e (0x0000bfe5) c.j     pc - 8
core   0: 3 0x8000948e (0xbfe5)
core   0: 0x80009486 (0x00002f17) auipc   t5, 0x2
core   0: 3 0x80009486 (0x00002f17) x30 0x8000b486
core   0: 0x8000948a (0xb63f2d23) sw      gp, -1158(t5)
core   0: 3 0x8000948a (0xb63f2d23) mem 0x8000b000 0x00000001
core   0: 0x8000948e (0x0000bfe5) c.j     pc - 8
core   0: 3 0x8000948e (0xbfe5)
core   0: 0x80009486 (0x00002f17) auipc   t5, 0x2
core   0: 3 0x80009486 (0x00002f17) x30 0x8000b486
core   0: 0x8000948a (0xb63f2d23) sw      gp, -1158(t5)
core   0: 3 0x8000948a (0xb63f2d23) mem 0x8000b000 0x00000001
core   0: 0x8000948e (0x0000bfe5) c.j     pc - 8
core   0: 3 0x8000948e (0xbfe5)
core   0: 0x80009486 (0x00002f17) auipc   t5, 0x2
core   0: 3 0x80009486 (0x00002f17) x30 0x8000b486
core   0: 0x8000948a (0xb63f2d23) sw      gp, -1158(t5)
core   0: 3 0x8000948a (0xb63f2d23) mem 0x8000b000 0x00000001
core   0: 0x8000948e (0x0000bfe5) c.j     pc - 8
core   0: 3 0x8000948e (0xbfe5)
core   0: 0x80009486 (0x00002f17) auipc   t5, 0x2
core   0: 3 0x80009486 (0x00002f17) x30 0x8000b486
core   0: 0x8000948a (0xb63f2d23) sw      gp, -1158(t5)
core   0: 3 0x8000948a (0xb63f2d23) mem 0x8000b000 0x00000001
core   0: 0x8000948e (0x0000bfe5) c.j     pc - 8
core   0: 3 0x8000948e (0xbfe5)
core   0: 0x80009486 (0x00002f17) auipc   t5, 0x2
core   0: 3 0x80009486 (0x00002f17) x30 0x8000b486
core   0: 0x8000948a (0xb63f2d23) sw      gp, -1158(t5)
core   0: 3 0x8000948a (0xb63f2d23) mem 0x8000b000 0x00000001
